<?xml version="1.0" encoding="UTF-8"?>
<testsuites tests="12" failures="0" errors="0" skipped="0">
  <testsuite timestamp="2025-04-14T17:49:04" time="1158.733" tests="6" failures="0" errors="0" skipped="0">
    <properties>
      <property name="specId" value="0"/>
      <property name="suiteName" value="Standard contract - add contract items by Insert Request US118222"/>
      <property name="capabilities" value="chrome.135_0_7049_42.windows"/>
      <property name="file" value="file:///D:/a/1/s/test/specs/R2C/standard-contract-add-contract-items-by-insert-request.spec.js"/>
    </properties>
    <testcase classname="chrome.135_0_7049_42.windows.Standard_contract_-_add_contract_items_by_Insert_Request_US118222" name="Should create prerequisites yard partner site material and equipment" time="346.001">
      <system-out><![CDATA[
COMMAND: POST /session/ec284260d80df1b286fd1c4360299648/execute/async - {"script":"<script> [1562 bytes]","args":[{"selector":{"controlType":"sap.m.GenericTile","properties":{"header":"Manage Yards"}},"wdio_ui5_key":"sapm.GenericTile{\"header\":\"Manage Yards\"}"}]}
RESULT: {"script":"<script> [1562 bytes]","args":[{"selector":{"controlType":"sap.m.GenericTile","properties":{"header":"Manage Yards"}},"wdio_ui5_key":"sapm.GenericTile{\"header\":\"Manage Yards\"}"}]}
RESULT: undefined
COMMAND: POST /session/ec284260d80df1b286fd1c4360299648/element - {"using":"xpath","value":"//*[@id=\"__tile52\"]"}
RESULT: {"using":"xpath","value":"//*[@id=\"__tile52\"]"}
COMMAND: POST /session/ec284260d80df1b286fd1c4360299648/element/f.B9CB64A859AAC9ED11F02B17526367C4.d.4AC1DF29B211A296127339A5D37A29C7.e.113/click - {}
RESULT: {}
COMMAND: GET /session/ec284260d80df1b286fd1c4360299648/screenshot - {}
RESULT: {}
COMMAND: POST /session/ec284260d80df1b286fd1c4360299648/execute/async - {"script":"<script> [1562 bytes]","args":[{"selector":{"controlType":"sap.ui.core.Icon","viewName":"etm.portal.ui.manageyards.view.Master","viewId":"application-manageyards-display-component---masterYard","properties":{"src":{"regex":{"source":"add"}}}},"wdio_ui5_key":"etmportal.ui.manageyards.view.Mastersap.ui.core.Icon{\"src\":{\"regex\":{\"source\":\"add\"}}}"}]}
RESULT: {"script":"<script> [1562 bytes]","args":[{"selector":{"controlType":"sap.ui.core.Icon","viewName":"etm.portal.ui.manageyards.view.Master","viewId":"application-manageyards-display-component---masterYard","properties":{"src":{"regex":{"source":"add"}}}},"wdio_ui5_key":"etmportal.ui.manageyards.view.Mastersap.ui.core.Icon{\"src\":{\"regex\":{\"source\":\"add\"}}}"}]}
RESULT: undefined
COMMAND: POST /session/ec284260d80df1b286fd1c4360299648/element - {"using":"xpath","value":"//*[@id=\"__button4-img\"]"}
RESULT: {"using":"xpath","value":"//*[@id=\"__button4-img\"]"}
COMMAND: POST /session/ec284260d80df1b286fd1c4360299648/element/f.B9CB64A859AAC9ED11F02B17526367C4.d.4AC1DF29B211A296127339A5D37A29C7.e.161/click - {}
RESULT: {}
COMMAND: GET /session/ec284260d80df1b286fd1c4360299648/screenshot - {}
RESULT: {}
COMMAND: POST /session/ec284260d80df1b286fd1c4360299648/execute/async - {"script":"<script> [1562 bytes]","args":[{"selector":{"id":"application-manageyards-display-component---NewYard--yardId","interaction":{"idSuffix":"inner"}},"wdio_ui5_key":"applicationmanageyards-display-component---NewYard--yardId"}]}
RESULT: {"script":"<script> [1562 bytes]","args":[{"selector":{"id":"application-manageyards-display-component---NewYard--yardId","interaction":{"idSuffix":"inner"}},"wdio_ui5_key":"applicationmanageyards-display-component---NewYard--yardId"}]}
RESULT: undefined
COMMAND: POST /session/ec284260d80df1b286fd1c4360299648/element - {"using":"xpath","value":"//*[@id=\"application-manageyards-display-component---NewYard--addressDetailDetailsName1-inner\"]"}
RESULT: {"using":"xpath","value":"//*[@id=\"application-manageyards-display-component---NewYard--addressDetailDetailsName1-inner\"]"}
COMMAND: POST /session/ec284260d80df1b286fd1c4360299648/element/f.B9CB64A859AAC9ED11F02B17526367C4.d.4AC1DF29B211A296127339A5D37A29C7.e.460/clear - {}
RESULT: {}
COMMAND: POST /session/ec284260d80df1b286fd1c4360299648/element/f.B9CB64A859AAC9ED11F02B17526367C4.d.4AC1DF29B211A296127339A5D37A29C7.e.460/value - {"text":"WebdriverYard6wv8h"}
COMMAND: GET /session/ec284260d80df1b286fd1c4360299648/screenshot - {}
RESULT: {"text":"WebdriverYard6wv8h"}
COMMAND: POST /session/ec284260d80df1b286fd1c4360299648/element - {"using":"xpath","value":"//*[@id=\"application-manageyards-display-component---NewYard--addressDetailDetailsLanguage-inner\"]"}
COMMAND: GET /session/ec284260d80df1b286fd1c4360299648/screenshot - {}
RESULT: {}
RESULT: {"using":"xpath","value":"//*[@id=\"application-manageyards-display-component---NewYard--addressDetailDetailsLanguage-inner\"]"}
COMMAND: POST /session/ec284260d80df1b286fd1c4360299648/element/f.B9CB64A859AAC9ED11F02B17526367C4.d.4AC1DF29B211A296127339A5D37A29C7.e.461/clear - {}
RESULT: {}
RESULT: {}
COMMAND: POST /session/ec284260d80df1b286fd1c4360299648/element/f.B9CB64A859AAC9ED11F02B17526367C4.d.4AC1DF29B211A296127339A5D37A29C7.e.461/value - {"text":"Romanian"}
COMMAND: GET /session/ec284260d80df1b286fd1c4360299648/screenshot - {}
RESULT: {"text":"Romanian"}
COMMAND: POST /session/ec284260d80df1b286fd1c4360299648/element - {"using":"xpath","value":"//input[contains(@id ,\"application-manageyards-display-component---NewYard--addressDetailDetailsName1-inner\")]"}
COMMAND: GET /session/ec284260d80df1b286fd1c4360299648/screenshot - {}
RESULT: {}
RESULT: {"using":"xpath","value":"//input[contains(@id ,\"application-manageyards-display-component---NewYard--addressDetailDetailsName1-inner\")]"}
COMMAND: GET /session/ec284260d80df1b286fd1c4360299648/element/f.B9CB64A859AAC9ED11F02B17526367C4.d.4AC1DF29B211A296127339A5D37A29C7.e.460/property/value - {}
RESULT: {}
RESULT: {}
COMMAND: GET /session/ec284260d80df1b286fd1c4360299648/screenshot - {}
RESULT: {}
COMMAND: POST /session/ec284260d80df1b286fd1c4360299648/element - {"using":"xpath","value":"//*[@id=\"application-manageyards-display-component---NewYard--addressDetailDetailsCity1-inner\"]"}
RESULT: {"using":"xpath","value":"//*[@id=\"application-manageyards-display-component---NewYard--addressDetailDetailsCity1-inner\"]"}
COMMAND: POST /session/ec284260d80df1b286fd1c4360299648/element/f.B9CB64A859AAC9ED11F02B17526367C4.d.4AC1DF29B211A296127339A5D37A29C7.e.463/clear - {}
RESULT: {}
COMMAND: POST /session/ec284260d80df1b286fd1c4360299648/element/f.B9CB64A859AAC9ED11F02B17526367C4.d.4AC1DF29B211A296127339A5D37A29C7.e.463/value - {"text":"Bucuresti"}
COMMAND: GET /session/ec284260d80df1b286fd1c4360299648/screenshot - {}
RESULT: {"text":"Bucuresti"}
COMMAND: GET /session/ec284260d80df1b286fd1c4360299648/screenshot - {}
RESULT: {}
RESULT: {}
COMMAND: POST /session/ec284260d80df1b286fd1c4360299648/element - {"using":"xpath","value":"//*[@id=\"application-manageyards-display-component---NewYard--addressDetailDetailsCountry-inner\"]"}
RESULT: {"using":"xpath","value":"//*[@id=\"application-manageyards-display-component---NewYard--addressDetailDetailsCountry-inner\"]"}
COMMAND: POST /session/ec284260d80df1b286fd1c4360299648/element/f.B9CB64A859AAC9ED11F02B17526367C4.d.4AC1DF29B211A296127339A5D37A29C7.e.467/clear - {}
RESULT: {}
COMMAND: POST /session/ec284260d80df1b286fd1c4360299648/element/f.B9CB64A859AAC9ED11F02B17526367C4.d.4AC1DF29B211A296127339A5D37A29C7.e.467/value - {"text":"Romania"}
COMMAND: GET /session/ec284260d80df1b286fd1c4360299648/screenshot - {}
RESULT: {"text":"Romania"}
COMMAND: GET /session/ec284260d80df1b286fd1c4360299648/screenshot - {}
RESULT: {}
COMMAND: POST /session/ec284260d80df1b286fd1c4360299648/element - {"using":"xpath","value":"//div[contains(text(), \"Commercial\")]"}
RESULT: {}
RESULT: {"using":"xpath","value":"//div[contains(text(), \"Commercial\")]"}
COMMAND: GET /session/ec284260d80df1b286fd1c4360299648/element/f.B9CB64A859AAC9ED11F02B17526367C4.d.4AC1DF29B211A296127339A5D37A29C7.e.654/rect - {}
RESULT: {}
COMMAND: GET /session/ec284260d80df1b286fd1c4360299648/window/rect - {}
RESULT: {}
COMMAND: POST /session/ec284260d80df1b286fd1c4360299648/execute/sync - {"script":"<script> [92 bytes]","args":[]}
RESULT: {"script":"<script> [92 bytes]","args":[]}
COMMAND: POST /session/ec284260d80df1b286fd1c4360299648/actions - {"actions":[{"id":"action1","type":"wheel","parameters":{},"actions":[{"type":"scroll","x":-2325,"y":-44,"deltaX":0,"deltaY":0,"duration":0,"origin":{"element-6066-11e4-a52e-4f735466cecf":"f.B9CB64A859AAC9ED11F02B17526367C4.d.4AC1DF29B211A296127339A5D37A29C7.e.654"}}]}]}
COMMAND: GET /session/ec284260d80df1b286fd1c4360299648/screenshot - {}
RESULT: {}
COMMAND: POST /session/ec284260d80df1b286fd1c4360299648/execute/sync - {"script":"<script> [79 bytes]","args":[{"element-6066-11e4-a52e-4f735466cecf":"f.B9CB64A859AAC9ED11F02B17526367C4.d.4AC1DF29B211A296127339A5D37A29C7.e.654","ELEMENT":"f.B9CB64A859AAC9ED11F02B17526367C4.d.4AC1DF29B211A296127339A5D37A29C7.e.654"},{"block":"start","inline":"nearest"}]}
RESULT: {"script":"<script> [79 bytes]","args":[{"element-6066-11e4-a52e-4f735466cecf":"f.B9CB64A859AAC9ED11F02B17526367C4.d.4AC1DF29B211A296127339A5D37A29C7.e.654","ELEMENT":"f.B9CB64A859AAC9ED11F02B17526367C4.d.4AC1DF29B211A296127339A5D37A29C7.e.654"},{"block":"start","inline":"nearest"}]}
COMMAND: GET /session/ec284260d80df1b286fd1c4360299648/screenshot - {}
RESULT: {}
COMMAND: POST /session/ec284260d80df1b286fd1c4360299648/execute/async - {"script":"<script> [1562 bytes]","args":[{"selector":{"id":"application-manageyards-display-component---NewYard--addressEditDetailsCostObjectCstType-arrow"},"wdio_ui5_key":"applicationmanageyards-display-component---NewYard--addressEditDetailsCostObjectCstType-arrow"}]}
RESULT: {"script":"<script> [1562 bytes]","args":[{"selector":{"id":"application-manageyards-display-component---NewYard--addressEditDetailsCostObjectCstType-arrow"},"wdio_ui5_key":"applicationmanageyards-display-component---NewYard--addressEditDetailsCostObjectCstType-arrow"}]}
RESULT: undefined
COMMAND: POST /session/ec284260d80df1b286fd1c4360299648/element - {"using":"xpath","value":"//*[@id=\"application-manageyards-display-component---NewYard--addressEditDetailsCostObjectCstType-arrow\"]"}
RESULT: {"using":"xpath","value":"//*[@id=\"application-manageyards-display-component---NewYard--addressEditDetailsCostObjectCstType-arrow\"]"}
COMMAND: POST /session/ec284260d80df1b286fd1c4360299648/element/f.B9CB64A859AAC9ED11F02B17526367C4.d.4AC1DF29B211A296127339A5D37A29C7.e.663/click - {}
RESULT: {}
COMMAND: POST /session/ec284260d80df1b286fd1c4360299648/element - {"using":"xpath","value":"//span[contains(text(), \"Cost Center\")]"}
COMMAND: GET /session/ec284260d80df1b286fd1c4360299648/screenshot - {}
RESULT: {"using":"xpath","value":"//span[contains(text(), \"Cost Center\")]"}
COMMAND: POST /session/ec284260d80df1b286fd1c4360299648/element/f.B9CB64A859AAC9ED11F02B17526367C4.d.4AC1DF29B211A296127339A5D37A29C7.e.664/click - {}
RESULT: {}
RESULT: {}
COMMAND: GET /session/ec284260d80df1b286fd1c4360299648/screenshot - {}
RESULT: {}
COMMAND: POST /session/ec284260d80df1b286fd1c4360299648/execute/async - {"script":"<script> [1562 bytes]","args":[{"selector":{"id":"application-manageyards-display-component---NewYard--addressNewCostObjectCstID-vhi"},"wdio_ui5_key":"applicationmanageyards-display-component---NewYard--addressNewCostObjectCstID-vhi"}]}
RESULT: {"script":"<script> [1562 bytes]","args":[{"selector":{"id":"application-manageyards-display-component---NewYard--addressNewCostObjectCstID-vhi"},"wdio_ui5_key":"applicationmanageyards-display-component---NewYard--addressNewCostObjectCstID-vhi"}]}
RESULT: undefined
COMMAND: POST /session/ec284260d80df1b286fd1c4360299648/element - {"using":"xpath","value":"//*[@id=\"application-manageyards-display-component---NewYard--addressNewCostObjectCstID-vhi\"]"}
RESULT: {"using":"xpath","value":"//*[@id=\"application-manageyards-display-component---NewYard--addressNewCostObjectCstID-vhi\"]"}
COMMAND: POST /session/ec284260d80df1b286fd1c4360299648/element/f.B9CB64A859AAC9ED11F02B17526367C4.d.4AC1DF29B211A296127339A5D37A29C7.e.686/click - {}
RESULT: {}
COMMAND: GET /session/ec284260d80df1b286fd1c4360299648/screenshot - {}
RESULT: {}
COMMAND: POST /session/ec284260d80df1b286fd1c4360299648/execute/async - {"script":"<script> [1562 bytes]","args":[{"selector":{"controlType":"sap.m.SearchField","properties":{"placeholder":"Search"},"searchOpenDialogs":true,"interaction":{"idSuffix":"I"}},"wdio_ui5_key":"sapm.SearchField{\"placeholder\":\"Search\"}"}]}
RESULT: {"script":"<script> [1562 bytes]","args":[{"selector":{"controlType":"sap.m.SearchField","properties":{"placeholder":"Search"},"searchOpenDialogs":true,"interaction":{"idSuffix":"I"}},"wdio_ui5_key":"sapm.SearchField{\"placeholder\":\"Search\"}"}]}
RESULT: undefined
COMMAND: POST /session/ec284260d80df1b286fd1c4360299648/execute/async - {"script":"<script> [776 bytes]","args":[{"enterText":"10001013","selector":{"controlType":"sap.m.SearchField","properties":{"placeholder":"Search"},"searchOpenDialogs":true,"interaction":{"idSuffix":"I"}},"clearTextFirst":true,"interactionType":"ENTER_TEXT"}]}
RESULT: {"script":"<script> [776 bytes]","args":[{"enterText":"10001013","selector":{"controlType":"sap.m.SearchField","properties":{"placeholder":"Search"},"searchOpenDialogs":true,"interaction":{"idSuffix":"I"}},"clearTextFirst":true,"interactionType":"ENTER_TEXT"}]}
COMMAND: POST /session/ec284260d80df1b286fd1c4360299648/actions - {"actions":[{"id":"action2","type":"key","parameters":{},"actions":[{"type":"keyDown","value":""},{"type":"pause","duration":10},{"type":"keyUp","value":""}]}]}
RESULT: {"actions":[{"id":"action2","type":"key","parameters":{},"actions":[{"type":"keyDown","value":""},{"type":"pause","duration":10},{"type":"keyUp","value":""}]}]}
COMMAND: GET /session/ec284260d80df1b286fd1c4360299648/screenshot - {}
RESULT: {}
COMMAND: POST /session/ec284260d80df1b286fd1c4360299648/element - {"using":"xpath","value":"//span[contains(text(), \"General Management\")]"}
RESULT: {"using":"xpath","value":"//span[contains(text(), \"General Management\")]"}
COMMAND: POST /session/ec284260d80df1b286fd1c4360299648/element/f.B9CB64A859AAC9ED11F02B17526367C4.d.4AC1DF29B211A296127339A5D37A29C7.e.728/click - {}
RESULT: {}
COMMAND: GET /session/ec284260d80df1b286fd1c4360299648/screenshot - {}
RESULT: {}
COMMAND: POST /session/ec284260d80df1b286fd1c4360299648/element - {"using":"xpath","value":"//bdi[contains(text(), \"OK\")]"}
RESULT: {"using":"xpath","value":"//bdi[contains(text(), \"OK\")]"}
COMMAND: POST /session/ec284260d80df1b286fd1c4360299648/element/f.B9CB64A859AAC9ED11F02B17526367C4.d.4AC1DF29B211A296127339A5D37A29C7.e.729/click - {}
RESULT: {}
COMMAND: GET /session/ec284260d80df1b286fd1c4360299648/screenshot - {}
RESULT: {}
COMMAND: POST /session/ec284260d80df1b286fd1c4360299648/execute/async - {"script":"<script> [1562 bytes]","args":[{"selector":{"controlType":"sap.m.Button","viewName":"etm.portal.ui.manageyards.view.New","viewId":"application-manageyards-display-component---NewYard","i18NText":{"propertyName":"text","key":"save"},"interaction":{"idSuffix":"inner"}},"wdio_ui5_key":"etmportal.ui.manageyards.view.Newsap.m.Button{\"propertyName\":\"text\",\"key\":\"save\"}"}]}
RESULT: {"script":"<script> [1562 bytes]","args":[{"selector":{"controlType":"sap.m.Button","viewName":"etm.portal.ui.manageyards.view.New","viewId":"application-manageyards-display-component---NewYard","i18NText":{"propertyName":"text","key":"save"},"interaction":{"idSuffix":"inner"}},"wdio_ui5_key":"etmportal.ui.manageyards.view.Newsap.m.Button{\"propertyName\":\"text\",\"key\":\"save\"}"}]}
RESULT: undefined
COMMAND: POST /session/ec284260d80df1b286fd1c4360299648/element - {"using":"xpath","value":"//*[@id=\"__button18\"]"}
RESULT: {"using":"xpath","value":"//*[@id=\"__button18\"]"}
COMMAND: POST /session/ec284260d80df1b286fd1c4360299648/element/f.B9CB64A859AAC9ED11F02B17526367C4.d.4AC1DF29B211A296127339A5D37A29C7.e.639/click - {}
RESULT: {}
COMMAND: GET /session/ec284260d80df1b286fd1c4360299648/screenshot - {}
RESULT: {}
COMMAND: POST /session/ec284260d80df1b286fd1c4360299648/element - {"using":"xpath","value":"//header/div/div[2]/div[2]/span"}
RESULT: {"using":"xpath","value":"//header/div/div[2]/div[2]/span"}
COMMAND: GET /session/ec284260d80df1b286fd1c4360299648/element/f.B9CB64A859AAC9ED11F02B17526367C4.d.4AC1DF29B211A296127339A5D37A29C7.e.891/text - {}
RESULT: {}
COMMAND: POST /session/ec284260d80df1b286fd1c4360299648/execute/async - {"script":"<script> [1562 bytes]","args":[{"selector":{"controlType":"sap.m.OverflowToolbarButton","viewName":"etm.portal.ui.manageyards.view.Detail","viewId":"application-manageyards-display-component---detailYard","i18NText":{"propertyName":"tooltip","key":"closeColumn"},"interaction":{"idSuffix":"inner"}},"wdio_ui5_key":"etmportal.ui.manageyards.view.Detailsap.m.OverflowToolbarButton{\"propertyName\":\"tooltip\",\"key\":\"closeColumn\"}"}]}
RESULT: {"script":"<script> [1562 bytes]","args":[{"selector":{"controlType":"sap.m.OverflowToolbarButton","viewName":"etm.portal.ui.manageyards.view.Detail","viewId":"application-manageyards-display-component---detailYard","i18NText":{"propertyName":"tooltip","key":"closeColumn"},"interaction":{"idSuffix":"inner"}},"wdio_ui5_key":"etmportal.ui.manageyards.view.Detailsap.m.OverflowToolbarButton{\"propertyName\":\"tooltip\",\"key\":\"closeColumn\"}"}]}
RESULT: undefined
COMMAND: POST /session/ec284260d80df1b286fd1c4360299648/element - {"using":"xpath","value":"//*[@id=\"__button42\"]"}
RESULT: {"using":"xpath","value":"//*[@id=\"__button42\"]"}
COMMAND: POST /session/ec284260d80df1b286fd1c4360299648/element/f.B9CB64A859AAC9ED11F02B17526367C4.d.4AC1DF29B211A296127339A5D37A29C7.e.893/click - {}
RESULT: {}
COMMAND: GET /session/ec284260d80df1b286fd1c4360299648/screenshot - {}
RESULT: {}
COMMAND: POST /session/ec284260d80df1b286fd1c4360299648/element - {"using":"css selector","value":"#shell-header-logo"}
RESULT: {"using":"css selector","value":"#shell-header-logo"}
COMMAND: POST /session/ec284260d80df1b286fd1c4360299648/element/f.B9CB64A859AAC9ED11F02B17526367C4.d.4AC1DF29B211A296127339A5D37A29C7.e.116/click - {}
RESULT: {}
COMMAND: GET /session/ec284260d80df1b286fd1c4360299648/screenshot - {}
RESULT: {}
COMMAND: POST /session/ec284260d80df1b286fd1c4360299648/refresh - {}
RESULT: {}
COMMAND: GET /session/ec284260d80df1b286fd1c4360299648/screenshot - {}
RESULT: {}
COMMAND: POST /session/ec284260d80df1b286fd1c4360299648/refresh - {}
RESULT: {}
COMMAND: GET /session/ec284260d80df1b286fd1c4360299648/screenshot - {}
RESULT: {}
COMMAND: POST /session/ec284260d80df1b286fd1c4360299648/execute/async - {"script":"<script> [189 bytes]","args":[]}
RESULT: {"script":"<script> [189 bytes]","args":[]}
COMMAND: POST /session/ec284260d80df1b286fd1c4360299648/execute/async - {"script":"<script> [123 bytes]","args":[]}
RESULT: {"script":"<script> [123 bytes]","args":[]}
COMMAND: POST /session/ec284260d80df1b286fd1c4360299648/timeouts - {"script":"<number>"}
RESULT: {"script":"<number>"}
COMMAND: GET /session/ec284260d80df1b286fd1c4360299648/timeouts - {}
RESULT: {}
RESULT: undefined
COMMAND: POST /session/ec284260d80df1b286fd1c4360299648/execute/async - {"script":"<script> [2676 bytes]","args":[]}
RESULT: {"script":"<script> [2676 bytes]","args":[]}
COMMAND: POST /session/ec284260d80df1b286fd1c4360299648/execute/async - {"script":"<script> [2342 bytes]","args":[{"protocol":"http","hostname":"0.0.0.0","path":"/","capabilities":{"browserName":"chrome","goog:chromeOptions":{"binary":"C:\\Program Files\\Google\\Chrome\\Application\\chrome.exe","args":["--force-device-scale-factor=0.8","--start-maximized"]}},"logLevel":"warn","connectionRetryTimeout":120000,"connectionRetryCount":3,"logLevels":{},"enableDirectConnect":true,"strictSSL":true,"_":"65 more keys: [\"cacheDir\",\"port\",\"requestedCapabilities\",\"automationProtocol\",\"baseUrl\",\"waitforInterval\",\"waitforTimeout\",\"onReload\",\"beforeCommand\",\"afterCommand\",\"rootDir\",\"specs\",\"suites\",\"exclude\",\"groupLogsByTestSpec\",\"excludeDriverLogs\",\"bail\",\"framework\",\"reporters\",\"services\",\"maxInstances\",\"maxInstancesPerCapability\",\"injectGlobals\",\"filesToWatch\",\"execArgv\",\"runnerEnv\",\"runner\",\"shard\",\"specFileRetries\",\"specFileRetriesDelay\",\"specFileRetriesDeferred\",\"reporterSyncInterval\",\"reporterSyncTimeout\",\"cucumberFeaturesWithLineNumbers\",\"autoCompileOpts\",\"mochaOpts\",\"jasmineOpts\",\"cucumberOpts\",\"onPrepare\",\"onWorkerStart\",\"onWorkerEnd\",\"before\",\"beforeSession\",\"beforeSuite\",\"beforeHook\",\"beforeTest\",\"afterTest\",\"afterHook\",\"afterSuite\",\"afterSession\",\"after\",\"onComplete\",\"beforeAssertion\",\"afterAssertion\",\"beforeFeature\",\"beforeScenario\",\"beforeStep\",\"afterStep\",\"afterScenario\",\"afterFeature\",\"_\",\"suite\",\"$0\",\"ignoredWorkerServices\",\"wdi5\"]"}]}
RESULT: {"script":"<script> [2342 bytes]","args":[{"protocol":"http","hostname":"0.0.0.0","path":"/","capabilities":{"browserName":"chrome","goog:chromeOptions":{"binary":"C:\\Program Files\\Google\\Chrome\\Application\\chrome.exe","args":["--force-device-scale-factor=0.8","--start-maximized"]}},"logLevel":"warn","connectionRetryTimeout":120000,"connectionRetryCount":3,"logLevels":{},"enableDirectConnect":true,"strictSSL":true,"_":"65 more keys: [\"cacheDir\",\"port\",\"requestedCapabilities\",\"automationProtocol\",\"baseUrl\",\"waitforInterval\",\"waitforTimeout\",\"onReload\",\"beforeCommand\",\"afterCommand\",\"rootDir\",\"specs\",\"suites\",\"exclude\",\"groupLogsByTestSpec\",\"excludeDriverLogs\",\"bail\",\"framework\",\"reporters\",\"services\",\"maxInstances\",\"maxInstancesPerCapability\",\"injectGlobals\",\"filesToWatch\",\"execArgv\",\"runnerEnv\",\"runner\",\"shard\",\"specFileRetries\",\"specFileRetriesDelay\",\"specFileRetriesDeferred\",\"reporterSyncInterval\",\"reporterSyncTimeout\",\"cucumberFeaturesWithLineNumbers\",\"autoCompileOpts\",\"mochaOpts\",\"jasmineOpts\",\"cucumberOpts\",\"onPrepare\",\"onWorkerStart\",\"onWorkerEnd\",\"before\",\"beforeSession\",\"beforeSuite\",\"beforeHook\",\"beforeTest\",\"afterTest\",\"afterHook\",\"afterSuite\",\"afterSession\",\"after\",\"onComplete\",\"beforeAssertion\",\"afterAssertion\",\"beforeFeature\",\"beforeScenario\",\"beforeStep\",\"afterStep\",\"afterScenario\",\"afterFeature\",\"_\",\"suite\",\"$0\",\"ignoredWorkerServices\",\"wdi5\"]"}]}
COMMAND: POST /session/ec284260d80df1b286fd1c4360299648/execute/async - {"script":"<script> [21126 bytes]","args":[35000]}
RESULT: {"script":"<script> [21126 bytes]","args":[35000]}
COMMAND: POST /session/ec284260d80df1b286fd1c4360299648/execute/async - {"script":"<script> [1562 bytes]","args":[{"selector":{"controlType":"sap.m.GenericTile","properties":{"header":"Manage Partners"}},"wdio_ui5_key":"sapm.GenericTile{\"header\":\"Manage Partners\"}"}]}
RESULT: {"script":"<script> [1562 bytes]","args":[{"selector":{"controlType":"sap.m.GenericTile","properties":{"header":"Manage Partners"}},"wdio_ui5_key":"sapm.GenericTile{\"header\":\"Manage Partners\"}"}]}
RESULT: undefined
COMMAND: POST /session/ec284260d80df1b286fd1c4360299648/element - {"using":"xpath","value":"//*[@id=\"__tile49\"]"}
RESULT: {"using":"xpath","value":"//*[@id=\"__tile49\"]"}
COMMAND: POST /session/ec284260d80df1b286fd1c4360299648/element/f.B9CB64A859AAC9ED11F02B17526367C4.d.521A4D111EFA1D3F2CC75FD74CBE1179.e.1318/click - {}
RESULT: {}
COMMAND: GET /session/ec284260d80df1b286fd1c4360299648/screenshot - {}
RESULT: {}
COMMAND: POST /session/ec284260d80df1b286fd1c4360299648/execute/async - {"script":"<script> [1562 bytes]","args":[{"selector":{"controlType":"sap.ui.core.Icon","viewName":"etm.portal.ui.managepartners.view.Master","viewId":"application-managepartners-display-component---masterPtm","properties":{"src":{"regex":{"source":"add"}}}},"wdio_ui5_key":"etmportal.ui.managepartners.view.Mastersap.ui.core.Icon{\"src\":{\"regex\":{\"source\":\"add\"}}}"}]}
RESULT: {"script":"<script> [1562 bytes]","args":[{"selector":{"controlType":"sap.ui.core.Icon","viewName":"etm.portal.ui.managepartners.view.Master","viewId":"application-managepartners-display-component---masterPtm","properties":{"src":{"regex":{"source":"add"}}}},"wdio_ui5_key":"etmportal.ui.managepartners.view.Mastersap.ui.core.Icon{\"src\":{\"regex\":{\"source\":\"add\"}}}"}]}
RESULT: undefined
COMMAND: POST /session/ec284260d80df1b286fd1c4360299648/element - {"using":"xpath","value":"//*[@id=\"__button4-img\"]"}
RESULT: {"using":"xpath","value":"//*[@id=\"__button4-img\"]"}
COMMAND: POST /session/ec284260d80df1b286fd1c4360299648/element/f.B9CB64A859AAC9ED11F02B17526367C4.d.521A4D111EFA1D3F2CC75FD74CBE1179.e.1383/click - {}
RESULT: {}
COMMAND: GET /session/ec284260d80df1b286fd1c4360299648/screenshot - {}
RESULT: {}
COMMAND: POST /session/ec284260d80df1b286fd1c4360299648/execute/async - {"script":"<script> [1562 bytes]","args":[{"selector":{"id":"application-managepartners-display-component---NewPartner--partnerId","interaction":{"idSuffix":"inner"}},"wdio_ui5_key":"applicationmanagepartners-display-component---NewPartner--partnerId"}]}
RESULT: {"script":"<script> [1562 bytes]","args":[{"selector":{"id":"application-managepartners-display-component---NewPartner--partnerId","interaction":{"idSuffix":"inner"}},"wdio_ui5_key":"applicationmanagepartners-display-component---NewPartner--partnerId"}]}
RESULT: undefined
COMMAND: POST /session/ec284260d80df1b286fd1c4360299648/execute/async - {"script":"<script> [1562 bytes]","args":[{"selector":{"id":"application-managepartners-display-component---NewPartner--addressDetailDetailsName1","interaction":{"idSuffix":"inner"}},"wdio_ui5_key":"applicationmanagepartners-display-component---NewPartner--addressDetailDetailsName1"}]}
RESULT: {"script":"<script> [1562 bytes]","args":[{"selector":{"id":"application-managepartners-display-component---NewPartner--addressDetailDetailsName1","interaction":{"idSuffix":"inner"}},"wdio_ui5_key":"applicationmanagepartners-display-component---NewPartner--addressDetailDetailsName1"}]}
RESULT: undefined
COMMAND: POST /session/ec284260d80df1b286fd1c4360299648/execute/async - {"script":"<script> [776 bytes]","args":[{"enterText":"WebdriverPartnerxf268","selector":{"id":"application-managepartners-display-component---NewPartner--addressDetailDetailsName1","interaction":{"idSuffix":"inner"}},"clearTextFirst":true,"interactionType":"ENTER_TEXT"}]}
RESULT: {"script":"<script> [776 bytes]","args":[{"enterText":"WebdriverPartnerxf268","selector":{"id":"application-managepartners-display-component---NewPartner--addressDetailDetailsName1","interaction":{"idSuffix":"inner"}},"clearTextFirst":true,"interactionType":"ENTER_TEXT"}]}
COMMAND: POST /session/ec284260d80df1b286fd1c4360299648/execute/async - {"script":"<script> [1562 bytes]","args":[{"selector":{"id":"application-managepartners-display-component---NewPartner--addressDetailDetailsLanguage","interaction":{"idSuffix":"inner"}},"wdio_ui5_key":"applicationmanagepartners-display-component---NewPartner--addressDetailDetailsLanguage"}]}
RESULT: {"script":"<script> [1562 bytes]","args":[{"selector":{"id":"application-managepartners-display-component---NewPartner--addressDetailDetailsLanguage","interaction":{"idSuffix":"inner"}},"wdio_ui5_key":"applicationmanagepartners-display-component---NewPartner--addressDetailDetailsLanguage"}]}
RESULT: undefined
COMMAND: POST /session/ec284260d80df1b286fd1c4360299648/execute/async - {"script":"<script> [776 bytes]","args":[{"enterText":"Romanian","selector":{"id":"application-managepartners-display-component---NewPartner--addressDetailDetailsLanguage","interaction":{"idSuffix":"inner"}},"clearTextFirst":true,"interactionType":"ENTER_TEXT"}]}
RESULT: {"script":"<script> [776 bytes]","args":[{"enterText":"Romanian","selector":{"id":"application-managepartners-display-component---NewPartner--addressDetailDetailsLanguage","interaction":{"idSuffix":"inner"}},"clearTextFirst":true,"interactionType":"ENTER_TEXT"}]}
COMMAND: POST /session/ec284260d80df1b286fd1c4360299648/element - {"using":"xpath","value":"//input[contains(@id ,\"application-managepartners-display-component---NewPartner--addressDetailDetailsName1-inner\")]"}
RESULT: {"using":"xpath","value":"//input[contains(@id ,\"application-managepartners-display-component---NewPartner--addressDetailDetailsName1-inner\")]"}
COMMAND: GET /session/ec284260d80df1b286fd1c4360299648/element/f.B9CB64A859AAC9ED11F02B17526367C4.d.521A4D111EFA1D3F2CC75FD74CBE1179.e.1660/property/value - {}
RESULT: {}
COMMAND: POST /session/ec284260d80df1b286fd1c4360299648/execute/async - {"script":"<script> [1562 bytes]","args":[{"selector":{"id":"application-managepartners-display-component---NewPartner--addressDetailDetailsCity1","interaction":{"idSuffix":"inner"}},"wdio_ui5_key":"applicationmanagepartners-display-component---NewPartner--addressDetailDetailsCity1"}]}
COMMAND: GET /session/ec284260d80df1b286fd1c4360299648/screenshot - {}
RESULT: {"script":"<script> [1562 bytes]","args":[{"selector":{"id":"application-managepartners-display-component---NewPartner--addressDetailDetailsCity1","interaction":{"idSuffix":"inner"}},"wdio_ui5_key":"applicationmanagepartners-display-component---NewPartner--addressDetailDetailsCity1"}]}
RESULT: undefined
COMMAND: POST /session/ec284260d80df1b286fd1c4360299648/execute/async - {"script":"<script> [776 bytes]","args":[{"enterText":"Bucharest","selector":{"id":"application-managepartners-display-component---NewPartner--addressDetailDetailsCity1","interaction":{"idSuffix":"inner"}},"clearTextFirst":true,"interactionType":"ENTER_TEXT"}]}
RESULT: {}
RESULT: {"script":"<script> [776 bytes]","args":[{"enterText":"Bucharest","selector":{"id":"application-managepartners-display-component---NewPartner--addressDetailDetailsCity1","interaction":{"idSuffix":"inner"}},"clearTextFirst":true,"interactionType":"ENTER_TEXT"}]}
COMMAND: POST /session/ec284260d80df1b286fd1c4360299648/execute/async - {"script":"<script> [1562 bytes]","args":[{"selector":{"id":"application-managepartners-display-component---NewPartner--addressDetailDetailsCountry","interaction":{"idSuffix":"inner"}},"wdio_ui5_key":"applicationmanagepartners-display-component---NewPartner--addressDetailDetailsCountry"}]}
RESULT: {"script":"<script> [1562 bytes]","args":[{"selector":{"id":"application-managepartners-display-component---NewPartner--addressDetailDetailsCountry","interaction":{"idSuffix":"inner"}},"wdio_ui5_key":"applicationmanagepartners-display-component---NewPartner--addressDetailDetailsCountry"}]}
RESULT: undefined
COMMAND: POST /session/ec284260d80df1b286fd1c4360299648/execute/async - {"script":"<script> [6424 bytes]","args":[{"element-6066-11e4-a52e-4f735466cecf":"f.B9CB64A859AAC9ED11F02B17526367C4.d.521A4D111EFA1D3F2CC75FD74CBE1179.e.1667"},"setValue",["Romania"]]}
RESULT: {"script":"<script> [6424 bytes]","args":[{"element-6066-11e4-a52e-4f735466cecf":"f.B9CB64A859AAC9ED11F02B17526367C4.d.521A4D111EFA1D3F2CC75FD74CBE1179.e.1667"},"setValue",["Romania"]]}
COMMAND: POST /session/ec284260d80df1b286fd1c4360299648/execute/async - {"script":"<script> [1562 bytes]","args":[{"selector":{"id":"application-managepartners-display-component---NewPartner--partnerDetailInternal","interaction":{"idSuffix":"inner"}},"wdio_ui5_key":"applicationmanagepartners-display-component---NewPartner--partnerDetailInternal"}]}
RESULT: {"script":"<script> [1562 bytes]","args":[{"selector":{"id":"application-managepartners-display-component---NewPartner--partnerDetailInternal","interaction":{"idSuffix":"inner"}},"wdio_ui5_key":"applicationmanagepartners-display-component---NewPartner--partnerDetailInternal"}]}
RESULT: undefined
COMMAND: POST /session/ec284260d80df1b286fd1c4360299648/execute/async - {"script":"<script> [776 bytes]","args":[{"enterText":"External partner","selector":{"id":"application-managepartners-display-component---NewPartner--partnerDetailInternal","interaction":{"idSuffix":"inner"}},"clearTextFirst":true,"interactionType":"ENTER_TEXT"}]}
RESULT: {"script":"<script> [776 bytes]","args":[{"enterText":"External partner","selector":{"id":"application-managepartners-display-component---NewPartner--partnerDetailInternal","interaction":{"idSuffix":"inner"}},"clearTextFirst":true,"interactionType":"ENTER_TEXT"}]}
COMMAND: POST /session/ec284260d80df1b286fd1c4360299648/execute/async - {"script":"<script> [1562 bytes]","args":[{"selector":{"id":"application-managepartners-display-component---NewPartner--partnerDetailsCurrency","interaction":{"idSuffix":"inner"}},"wdio_ui5_key":"applicationmanagepartners-display-component---NewPartner--partnerDetailsCurrency"}]}
RESULT: {"script":"<script> [1562 bytes]","args":[{"selector":{"id":"application-managepartners-display-component---NewPartner--partnerDetailsCurrency","interaction":{"idSuffix":"inner"}},"wdio_ui5_key":"applicationmanagepartners-display-component---NewPartner--partnerDetailsCurrency"}]}
RESULT: undefined
COMMAND: POST /session/ec284260d80df1b286fd1c4360299648/execute/async - {"script":"<script> [776 bytes]","args":[{"enterText":"Euro","selector":{"id":"application-managepartners-display-component---NewPartner--partnerDetailsCurrency","interaction":{"idSuffix":"inner"}},"clearTextFirst":true,"interactionType":"ENTER_TEXT"}]}
RESULT: {"script":"<script> [776 bytes]","args":[{"enterText":"Euro","selector":{"id":"application-managepartners-display-component---NewPartner--partnerDetailsCurrency","interaction":{"idSuffix":"inner"}},"clearTextFirst":true,"interactionType":"ENTER_TEXT"}]}
COMMAND: POST /session/ec284260d80df1b286fd1c4360299648/execute/async - {"script":"<script> [1562 bytes]","args":[{"selector":{"controlType":"sap.m.Button","viewName":"etm.portal.ui.managepartners.view.NewPartner","viewId":"application-managepartners-display-component---NewPartner","properties":{"text":"Commercial"},"interaction":{"idSuffix":"BDI-content"}},"wdio_ui5_key":"etmportal.ui.managepartners.view.NewPartnersap.m.Button{\"text\":\"Commercial\"}"}]}
RESULT: {"script":"<script> [1562 bytes]","args":[{"selector":{"controlType":"sap.m.Button","viewName":"etm.portal.ui.managepartners.view.NewPartner","viewId":"application-managepartners-display-component---NewPartner","properties":{"text":"Commercial"},"interaction":{"idSuffix":"BDI-content"}},"wdio_ui5_key":"etmportal.ui.managepartners.view.NewPartnersap.m.Button{\"text\":\"Commercial\"}"}]}
RESULT: undefined
COMMAND: POST /session/ec284260d80df1b286fd1c4360299648/element - {"using":"xpath","value":"//*[@id=\"application-managepartners-display-component---NewPartner--ObjectPageLayout-anchBar-__section5-anchor\"]"}
RESULT: {"using":"xpath","value":"//*[@id=\"application-managepartners-display-component---NewPartner--ObjectPageLayout-anchBar-__section5-anchor\"]"}
COMMAND: POST /session/ec284260d80df1b286fd1c4360299648/element/f.B9CB64A859AAC9ED11F02B17526367C4.d.521A4D111EFA1D3F2CC75FD74CBE1179.e.1928/click - {}
RESULT: {}
COMMAND: GET /session/ec284260d80df1b286fd1c4360299648/screenshot - {}
RESULT: {}
COMMAND: POST /session/ec284260d80df1b286fd1c4360299648/execute/async - {"script":"<script> [1562 bytes]","args":[{"selector":{"id":"application-managepartners-display-component---NewPartner--btnAddTableRow-img"},"wdio_ui5_key":"applicationmanagepartners-display-component---NewPartner--btnAddTableRow-img"}]}
RESULT: {"script":"<script> [1562 bytes]","args":[{"selector":{"id":"application-managepartners-display-component---NewPartner--btnAddTableRow-img"},"wdio_ui5_key":"applicationmanagepartners-display-component---NewPartner--btnAddTableRow-img"}]}
RESULT: undefined
COMMAND: POST /session/ec284260d80df1b286fd1c4360299648/element - {"using":"xpath","value":"//*[@id=\"application-managepartners-display-component---NewPartner--btnAddTableRow-img\"]"}
RESULT: {"using":"xpath","value":"//*[@id=\"application-managepartners-display-component---NewPartner--btnAddTableRow-img\"]"}
COMMAND: POST /session/ec284260d80df1b286fd1c4360299648/element/f.B9CB64A859AAC9ED11F02B17526367C4.d.521A4D111EFA1D3F2CC75FD74CBE1179.e.1933/click - {}
RESULT: {}
COMMAND: POST /session/ec284260d80df1b286fd1c4360299648/element - {"using":"xpath","value":"//input[contains(@id ,\"application-managepartners-display-component---NewPartner--assignmentYard-application-managepartners-display-component---NewPartner\")]"}
COMMAND: GET /session/ec284260d80df1b286fd1c4360299648/screenshot - {}
RESULT: {"using":"xpath","value":"//input[contains(@id ,\"application-managepartners-display-component---NewPartner--assignmentYard-application-managepartners-display-component---NewPartner\")]"}
COMMAND: POST /session/ec284260d80df1b286fd1c4360299648/element/f.B9CB64A859AAC9ED11F02B17526367C4.d.521A4D111EFA1D3F2CC75FD74CBE1179.e.1936/clear - {}
RESULT: {}
RESULT: {}
COMMAND: POST /session/ec284260d80df1b286fd1c4360299648/element/f.B9CB64A859AAC9ED11F02B17526367C4.d.521A4D111EFA1D3F2CC75FD74CBE1179.e.1936/value - {"text":"307"}
COMMAND: GET /session/ec284260d80df1b286fd1c4360299648/screenshot - {}
RESULT: {"text":"307"}
COMMAND: POST /session/ec284260d80df1b286fd1c4360299648/execute/async - {"script":"<script> [1562 bytes]","args":[{"selector":{"controlType":"sap.m.Button","viewName":"etm.portal.ui.managepartners.view.NewPartner","viewId":"application-managepartners-display-component---NewPartner","i18NText":{"propertyName":"text","key":"save"},"interaction":{"idSuffix":"BDI-content"}},"wdio_ui5_key":"etmportal.ui.managepartners.view.NewPartnersap.m.Button{\"propertyName\":\"text\",\"key\":\"save\"}"}]}
COMMAND: GET /session/ec284260d80df1b286fd1c4360299648/screenshot - {}
RESULT: {}
RESULT: {"script":"<script> [1562 bytes]","args":[{"selector":{"controlType":"sap.m.Button","viewName":"etm.portal.ui.managepartners.view.NewPartner","viewId":"application-managepartners-display-component---NewPartner","i18NText":{"propertyName":"text","key":"save"},"interaction":{"idSuffix":"BDI-content"}},"wdio_ui5_key":"etmportal.ui.managepartners.view.NewPartnersap.m.Button{\"propertyName\":\"text\",\"key\":\"save\"}"}]}
RESULT: undefined
COMMAND: POST /session/ec284260d80df1b286fd1c4360299648/element - {"using":"xpath","value":"//*[@id=\"__button12\"]"}
RESULT: {}
RESULT: {"using":"xpath","value":"//*[@id=\"__button12\"]"}
COMMAND: POST /session/ec284260d80df1b286fd1c4360299648/element/f.B9CB64A859AAC9ED11F02B17526367C4.d.521A4D111EFA1D3F2CC75FD74CBE1179.e.1910/click - {}
RESULT: {}
COMMAND: GET /session/ec284260d80df1b286fd1c4360299648/screenshot - {}
RESULT: {}
COMMAND: POST /session/ec284260d80df1b286fd1c4360299648/element - {"using":"xpath","value":"//header/div/div[2]/div[2]/span"}
RESULT: {"using":"xpath","value":"//header/div/div[2]/div[2]/span"}
COMMAND: GET /session/ec284260d80df1b286fd1c4360299648/element/f.B9CB64A859AAC9ED11F02B17526367C4.d.521A4D111EFA1D3F2CC75FD74CBE1179.e.2111/text - {}
RESULT: {}
COMMAND: POST /session/ec284260d80df1b286fd1c4360299648/element - {"using":"xpath","value":"//header/div/div/div/div/div/div[2]/div/span"}
RESULT: {"using":"xpath","value":"//header/div/div/div/div/div/div[2]/div/span"}
COMMAND: GET /session/ec284260d80df1b286fd1c4360299648/element/f.B9CB64A859AAC9ED11F02B17526367C4.d.521A4D111EFA1D3F2CC75FD74CBE1179.e.2112/text - {}
RESULT: {}
COMMAND: POST /session/ec284260d80df1b286fd1c4360299648/execute/async - {"script":"<script> [1562 bytes]","args":[{"selector":{"id":"application-managepartners-display-component---detailPtm--partnerType"},"wdio_ui5_key":"applicationmanagepartners-display-component---detailPtm--partnerType"}]}
RESULT: {"script":"<script> [1562 bytes]","args":[{"selector":{"id":"application-managepartners-display-component---detailPtm--partnerType"},"wdio_ui5_key":"applicationmanagepartners-display-component---detailPtm--partnerType"}]}
RESULT: undefined
COMMAND: POST /session/ec284260d80df1b286fd1c4360299648/execute/async - {"script":"<script> [6424 bytes]","args":[{"element-6066-11e4-a52e-4f735466cecf":"f.B9CB64A859AAC9ED11F02B17526367C4.d.521A4D111EFA1D3F2CC75FD74CBE1179.e.2113"},"getText",[]]}
RESULT: {"script":"<script> [6424 bytes]","args":[{"element-6066-11e4-a52e-4f735466cecf":"f.B9CB64A859AAC9ED11F02B17526367C4.d.521A4D111EFA1D3F2CC75FD74CBE1179.e.2113"},"getText",[]]}
COMMAND: POST /session/ec284260d80df1b286fd1c4360299648/element - {"using":"css selector","value":"#shell-header-logo"}
RESULT: {"using":"css selector","value":"#shell-header-logo"}
COMMAND: POST /session/ec284260d80df1b286fd1c4360299648/element/f.B9CB64A859AAC9ED11F02B17526367C4.d.521A4D111EFA1D3F2CC75FD74CBE1179.e.1336/click - {}
RESULT: {}
COMMAND: GET /session/ec284260d80df1b286fd1c4360299648/screenshot - {}
RESULT: {}
COMMAND: POST /session/ec284260d80df1b286fd1c4360299648/execute/async - {"script":"<script> [1562 bytes]","args":[{"selector":{"controlType":"sap.m.GenericTile","properties":{"header":"Manage Sites"}},"wdio_ui5_key":"sapm.GenericTile{\"header\":\"Manage Sites\"}"}]}
RESULT: {"script":"<script> [1562 bytes]","args":[{"selector":{"controlType":"sap.m.GenericTile","properties":{"header":"Manage Sites"}},"wdio_ui5_key":"sapm.GenericTile{\"header\":\"Manage Sites\"}"}]}
RESULT: undefined
COMMAND: POST /session/ec284260d80df1b286fd1c4360299648/element - {"using":"xpath","value":"//*[@id=\"__tile51\"]"}
RESULT: {"using":"xpath","value":"//*[@id=\"__tile51\"]"}
COMMAND: POST /session/ec284260d80df1b286fd1c4360299648/element/f.B9CB64A859AAC9ED11F02B17526367C4.d.521A4D111EFA1D3F2CC75FD74CBE1179.e.2115/click - {}
RESULT: {}
COMMAND: GET /session/ec284260d80df1b286fd1c4360299648/screenshot - {}
RESULT: {}
COMMAND: POST /session/ec284260d80df1b286fd1c4360299648/execute/async - {"script":"<script> [1562 bytes]","args":[{"selector":{"controlType":"sap.ui.core.Icon","viewName":"etm.portal.ui.managesites.view.Master","viewId":"application-managesites-display-component---masterSite","properties":{"src":{"regex":{"source":"add"}}}},"wdio_ui5_key":"etmportal.ui.managesites.view.Mastersap.ui.core.Icon{\"src\":{\"regex\":{\"source\":\"add\"}}}"}]}
RESULT: {"script":"<script> [1562 bytes]","args":[{"selector":{"controlType":"sap.ui.core.Icon","viewName":"etm.portal.ui.managesites.view.Master","viewId":"application-managesites-display-component---masterSite","properties":{"src":{"regex":{"source":"add"}}}},"wdio_ui5_key":"etmportal.ui.managesites.view.Mastersap.ui.core.Icon{\"src\":{\"regex\":{\"source\":\"add\"}}}"}]}
RESULT: undefined
COMMAND: POST /session/ec284260d80df1b286fd1c4360299648/element - {"using":"xpath","value":"//*[@id=\"__button52-img\"]"}
RESULT: {"using":"xpath","value":"//*[@id=\"__button52-img\"]"}
COMMAND: POST /session/ec284260d80df1b286fd1c4360299648/element/f.B9CB64A859AAC9ED11F02B17526367C4.d.521A4D111EFA1D3F2CC75FD74CBE1179.e.2162/click - {}
RESULT: {}
COMMAND: POST /session/ec284260d80df1b286fd1c4360299648/execute/async - {"script":"<script> [1562 bytes]","args":[{"selector":{"id":"application-managesites-display-component---NewSite--siteId","interaction":{"idSuffix":"inner"}},"wdio_ui5_key":"applicationmanagesites-display-component---NewSite--siteId"}]}
COMMAND: GET /session/ec284260d80df1b286fd1c4360299648/screenshot - {}
RESULT: {"script":"<script> [1562 bytes]","args":[{"selector":{"id":"application-managesites-display-component---NewSite--siteId","interaction":{"idSuffix":"inner"}},"wdio_ui5_key":"applicationmanagesites-display-component---NewSite--siteId"}]}
RESULT: undefined
COMMAND: POST /session/ec284260d80df1b286fd1c4360299648/execute/async - {"script":"<script> [1562 bytes]","args":[{"selector":{"id":"application-managesites-display-component---NewSite--addressDetailDetailsName1","interaction":{"idSuffix":"inner"}},"wdio_ui5_key":"applicationmanagesites-display-component---NewSite--addressDetailDetailsName1"}]}
RESULT: {}
RESULT: {"script":"<script> [1562 bytes]","args":[{"selector":{"id":"application-managesites-display-component---NewSite--addressDetailDetailsName1","interaction":{"idSuffix":"inner"}},"wdio_ui5_key":"applicationmanagesites-display-component---NewSite--addressDetailDetailsName1"}]}
RESULT: undefined
COMMAND: POST /session/ec284260d80df1b286fd1c4360299648/execute/async - {"script":"<script> [776 bytes]","args":[{"enterText":"WebdriverSitehmxx8","selector":{"id":"application-managesites-display-component---NewSite--addressDetailDetailsName1","interaction":{"idSuffix":"inner"}},"clearTextFirst":true,"interactionType":"ENTER_TEXT"}]}
RESULT: {"script":"<script> [776 bytes]","args":[{"enterText":"WebdriverSitehmxx8","selector":{"id":"application-managesites-display-component---NewSite--addressDetailDetailsName1","interaction":{"idSuffix":"inner"}},"clearTextFirst":true,"interactionType":"ENTER_TEXT"}]}
COMMAND: POST /session/ec284260d80df1b286fd1c4360299648/execute/async - {"script":"<script> [1562 bytes]","args":[{"selector":{"id":"application-managesites-display-component---NewSite--addressDetailDetailsLanguage","interaction":{"idSuffix":"inner"}},"wdio_ui5_key":"applicationmanagesites-display-component---NewSite--addressDetailDetailsLanguage"}]}
RESULT: {"script":"<script> [1562 bytes]","args":[{"selector":{"id":"application-managesites-display-component---NewSite--addressDetailDetailsLanguage","interaction":{"idSuffix":"inner"}},"wdio_ui5_key":"applicationmanagesites-display-component---NewSite--addressDetailDetailsLanguage"}]}
RESULT: undefined
COMMAND: POST /session/ec284260d80df1b286fd1c4360299648/execute/async - {"script":"<script> [776 bytes]","args":[{"enterText":"Romanian","selector":{"id":"application-managesites-display-component---NewSite--addressDetailDetailsLanguage","interaction":{"idSuffix":"inner"}},"clearTextFirst":true,"interactionType":"ENTER_TEXT"}]}
RESULT: {"script":"<script> [776 bytes]","args":[{"enterText":"Romanian","selector":{"id":"application-managesites-display-component---NewSite--addressDetailDetailsLanguage","interaction":{"idSuffix":"inner"}},"clearTextFirst":true,"interactionType":"ENTER_TEXT"}]}
COMMAND: POST /session/ec284260d80df1b286fd1c4360299648/execute/async - {"script":"<script> [1562 bytes]","args":[{"selector":{"id":"application-managesites-display-component---NewSite--addressDetailDetailsCity1","interaction":{"idSuffix":"inner"}},"wdio_ui5_key":"applicationmanagesites-display-component---NewSite--addressDetailDetailsCity1"}]}
RESULT: {"script":"<script> [1562 bytes]","args":[{"selector":{"id":"application-managesites-display-component---NewSite--addressDetailDetailsCity1","interaction":{"idSuffix":"inner"}},"wdio_ui5_key":"applicationmanagesites-display-component---NewSite--addressDetailDetailsCity1"}]}
RESULT: undefined
COMMAND: POST /session/ec284260d80df1b286fd1c4360299648/execute/async - {"script":"<script> [776 bytes]","args":[{"enterText":"Bucharest","selector":{"id":"application-managesites-display-component---NewSite--addressDetailDetailsCity1","interaction":{"idSuffix":"inner"}},"clearTextFirst":true,"interactionType":"ENTER_TEXT"}]}
RESULT: {"script":"<script> [776 bytes]","args":[{"enterText":"Bucharest","selector":{"id":"application-managesites-display-component---NewSite--addressDetailDetailsCity1","interaction":{"idSuffix":"inner"}},"clearTextFirst":true,"interactionType":"ENTER_TEXT"}]}
COMMAND: POST /session/ec284260d80df1b286fd1c4360299648/execute/async - {"script":"<script> [1562 bytes]","args":[{"selector":{"id":"application-managesites-display-component---NewSite--addressDetailDetailsCountry","interaction":{"idSuffix":"inner"}},"wdio_ui5_key":"applicationmanagesites-display-component---NewSite--addressDetailDetailsCountry"}]}
RESULT: {"script":"<script> [1562 bytes]","args":[{"selector":{"id":"application-managesites-display-component---NewSite--addressDetailDetailsCountry","interaction":{"idSuffix":"inner"}},"wdio_ui5_key":"applicationmanagesites-display-component---NewSite--addressDetailDetailsCountry"}]}
RESULT: undefined
COMMAND: POST /session/ec284260d80df1b286fd1c4360299648/execute/async - {"script":"<script> [776 bytes]","args":[{"enterText":"Romania","selector":{"id":"application-managesites-display-component---NewSite--addressDetailDetailsCountry","interaction":{"idSuffix":"inner"}},"clearTextFirst":true,"interactionType":"ENTER_TEXT"}]}
RESULT: {"script":"<script> [776 bytes]","args":[{"enterText":"Romania","selector":{"id":"application-managesites-display-component---NewSite--addressDetailDetailsCountry","interaction":{"idSuffix":"inner"}},"clearTextFirst":true,"interactionType":"ENTER_TEXT"}]}
COMMAND: POST /session/ec284260d80df1b286fd1c4360299648/element - {"using":"css selector","value":"#application-managesites-display-component---NewSite--addressDetailDetailsCalendar-inner"}
RESULT: {"using":"css selector","value":"#application-managesites-display-component---NewSite--addressDetailDetailsCalendar-inner"}
COMMAND: POST /session/ec284260d80df1b286fd1c4360299648/element/f.B9CB64A859AAC9ED11F02B17526367C4.d.521A4D111EFA1D3F2CC75FD74CBE1179.e.2680/clear - {}
RESULT: {}
COMMAND: POST /session/ec284260d80df1b286fd1c4360299648/element/f.B9CB64A859AAC9ED11F02B17526367C4.d.521A4D111EFA1D3F2CC75FD74CBE1179.e.2680/value - {"text":"Germany"}
COMMAND: GET /session/ec284260d80df1b286fd1c4360299648/screenshot - {}
RESULT: {"text":"Germany"}
COMMAND: POST /session/ec284260d80df1b286fd1c4360299648/execute/async - {"script":"<script> [1562 bytes]","args":[{"selector":{"id":"application-managesites-display-component---NewSite--addressEditDetailsCostObjectCstType-arrow"},"wdio_ui5_key":"applicationmanagesites-display-component---NewSite--addressEditDetailsCostObjectCstType-arrow"}]}
COMMAND: GET /session/ec284260d80df1b286fd1c4360299648/screenshot - {}
RESULT: {}
RESULT: {"script":"<script> [1562 bytes]","args":[{"selector":{"id":"application-managesites-display-component---NewSite--addressEditDetailsCostObjectCstType-arrow"},"wdio_ui5_key":"applicationmanagesites-display-component---NewSite--addressEditDetailsCostObjectCstType-arrow"}]}
RESULT: undefined
COMMAND: POST /session/ec284260d80df1b286fd1c4360299648/element - {"using":"xpath","value":"//*[@id=\"application-managesites-display-component---NewSite--addressEditDetailsCostObjectCstType-arrow\"]"}
RESULT: {}
RESULT: {"using":"xpath","value":"//*[@id=\"application-managesites-display-component---NewSite--addressEditDetailsCostObjectCstType-arrow\"]"}
COMMAND: POST /session/ec284260d80df1b286fd1c4360299648/element/f.B9CB64A859AAC9ED11F02B17526367C4.d.521A4D111EFA1D3F2CC75FD74CBE1179.e.2891/click - {}
RESULT: {}
COMMAND: POST /session/ec284260d80df1b286fd1c4360299648/element - {"using":"xpath","value":"//span[contains(text(), \"Work Breakdown Structure\")]"}
COMMAND: GET /session/ec284260d80df1b286fd1c4360299648/screenshot - {}
RESULT: {"using":"xpath","value":"//span[contains(text(), \"Work Breakdown Structure\")]"}
COMMAND: POST /session/ec284260d80df1b286fd1c4360299648/element/f.B9CB64A859AAC9ED11F02B17526367C4.d.521A4D111EFA1D3F2CC75FD74CBE1179.e.2892/click - {}
RESULT: {}
RESULT: {}
COMMAND: GET /session/ec284260d80df1b286fd1c4360299648/screenshot - {}
RESULT: {}
COMMAND: POST /session/ec284260d80df1b286fd1c4360299648/execute/async - {"script":"<script> [1562 bytes]","args":[{"selector":{"id":"application-managesites-display-component---NewSite--addressNewCostObjectCstID-vhi"},"wdio_ui5_key":"applicationmanagesites-display-component---NewSite--addressNewCostObjectCstID-vhi"}]}
RESULT: {"script":"<script> [1562 bytes]","args":[{"selector":{"id":"application-managesites-display-component---NewSite--addressNewCostObjectCstID-vhi"},"wdio_ui5_key":"applicationmanagesites-display-component---NewSite--addressNewCostObjectCstID-vhi"}]}
RESULT: undefined
COMMAND: POST /session/ec284260d80df1b286fd1c4360299648/element - {"using":"xpath","value":"//*[@id=\"application-managesites-display-component---NewSite--addressNewCostObjectCstID-vhi\"]"}
RESULT: {"using":"xpath","value":"//*[@id=\"application-managesites-display-component---NewSite--addressNewCostObjectCstID-vhi\"]"}
COMMAND: POST /session/ec284260d80df1b286fd1c4360299648/element/f.B9CB64A859AAC9ED11F02B17526367C4.d.521A4D111EFA1D3F2CC75FD74CBE1179.e.2895/click - {}
RESULT: {}
COMMAND: GET /session/ec284260d80df1b286fd1c4360299648/screenshot - {}
RESULT: {}
COMMAND: POST /session/ec284260d80df1b286fd1c4360299648/execute/async - {"script":"<script> [1562 bytes]","args":[{"selector":{"controlType":"sap.m.SearchField","properties":{"placeholder":"Search"},"searchOpenDialogs":true,"interaction":{"idSuffix":"I"}},"wdio_ui5_key":"sapm.SearchField{\"placeholder\":\"Search\"}"}]}
RESULT: {"script":"<script> [1562 bytes]","args":[{"selector":{"controlType":"sap.m.SearchField","properties":{"placeholder":"Search"},"searchOpenDialogs":true,"interaction":{"idSuffix":"I"}},"wdio_ui5_key":"sapm.SearchField{\"placeholder\":\"Search\"}"}]}
RESULT: undefined
COMMAND: POST /session/ec284260d80df1b286fd1c4360299648/execute/async - {"script":"<script> [776 bytes]","args":[{"enterText":"A1-000100-01","selector":{"controlType":"sap.m.SearchField","properties":{"placeholder":"Search"},"searchOpenDialogs":true,"interaction":{"idSuffix":"I"}},"clearTextFirst":true,"interactionType":"ENTER_TEXT"}]}
RESULT: {"script":"<script> [776 bytes]","args":[{"enterText":"A1-000100-01","selector":{"controlType":"sap.m.SearchField","properties":{"placeholder":"Search"},"searchOpenDialogs":true,"interaction":{"idSuffix":"I"}},"clearTextFirst":true,"interactionType":"ENTER_TEXT"}]}
COMMAND: POST /session/ec284260d80df1b286fd1c4360299648/actions - {"actions":[{"id":"action3","type":"key","parameters":{},"actions":[{"type":"keyDown","value":""},{"type":"pause","duration":10},{"type":"keyUp","value":""}]}]}
RESULT: {"actions":[{"id":"action3","type":"key","parameters":{},"actions":[{"type":"keyDown","value":""},{"type":"pause","duration":10},{"type":"keyUp","value":""}]}]}
COMMAND: GET /session/ec284260d80df1b286fd1c4360299648/screenshot - {}
RESULT: {}
COMMAND: POST /session/ec284260d80df1b286fd1c4360299648/element - {"using":"xpath","value":"//span[contains(text(), \"Template for ETO-Process\")]"}
RESULT: {"using":"xpath","value":"//span[contains(text(), \"Template for ETO-Process\")]"}
COMMAND: POST /session/ec284260d80df1b286fd1c4360299648/element/f.B9CB64A859AAC9ED11F02B17526367C4.d.521A4D111EFA1D3F2CC75FD74CBE1179.e.2915/click - {}
RESULT: {}
COMMAND: GET /session/ec284260d80df1b286fd1c4360299648/screenshot - {}
RESULT: {}
COMMAND: POST /session/ec284260d80df1b286fd1c4360299648/element - {"using":"xpath","value":"//bdi[contains(text(), \"OK\")]"}
RESULT: {"using":"xpath","value":"//bdi[contains(text(), \"OK\")]"}
COMMAND: POST /session/ec284260d80df1b286fd1c4360299648/element/f.B9CB64A859AAC9ED11F02B17526367C4.d.521A4D111EFA1D3F2CC75FD74CBE1179.e.2916/click - {}
RESULT: {}
COMMAND: GET /session/ec284260d80df1b286fd1c4360299648/screenshot - {}
RESULT: {}
COMMAND: POST /session/ec284260d80df1b286fd1c4360299648/element - {"using":"xpath","value":"//input[@id=\"application-managesites-display-component---NewSite--addressDetailDetailsYard-inner\"]"}
RESULT: {"using":"xpath","value":"//input[@id=\"application-managesites-display-component---NewSite--addressDetailDetailsYard-inner\"]"}
COMMAND: POST /session/ec284260d80df1b286fd1c4360299648/element/f.B9CB64A859AAC9ED11F02B17526367C4.d.521A4D111EFA1D3F2CC75FD74CBE1179.e.2681/value - {"text":"307"}
RESULT: {"text":"307"}
COMMAND: GET /session/ec284260d80df1b286fd1c4360299648/screenshot - {}
RESULT: {}
COMMAND: POST /session/ec284260d80df1b286fd1c4360299648/actions - {"actions":[{"id":"action4","type":"key","parameters":{},"actions":[{"type":"keyDown","value":""},{"type":"pause","duration":10},{"type":"keyUp","value":""}]}]}
RESULT: {"actions":[{"id":"action4","type":"key","parameters":{},"actions":[{"type":"keyDown","value":""},{"type":"pause","duration":10},{"type":"keyUp","value":""}]}]}
COMMAND: GET /session/ec284260d80df1b286fd1c4360299648/screenshot - {}
RESULT: {}
COMMAND: POST /session/ec284260d80df1b286fd1c4360299648/element - {"using":"xpath","value":"//input[@id=\"application-managesites-display-component---NewSite--addressDetailDetailsPartner-inner\"]"}
RESULT: {"using":"xpath","value":"//input[@id=\"application-managesites-display-component---NewSite--addressDetailDetailsPartner-inner\"]"}
COMMAND: POST /session/ec284260d80df1b286fd1c4360299648/elements - {"using":"xpath","value":"//input[@id=\"application-managesites-display-component---NewSite--addressDetailDetailsPartner-inner\"]"}
RESULT: {"using":"xpath","value":"//input[@id=\"application-managesites-display-component---NewSite--addressDetailDetailsPartner-inner\"]"}
COMMAND: POST /session/ec284260d80df1b286fd1c4360299648/execute/async - {"script":"<script> [1562 bytes]","args":[{"selector":{"controlType":"sap.m.Button","viewName":"etm.portal.ui.managesites.view.NewSmartSite","viewId":"application-managesites-display-component---NewSite","properties":{"text":"Commercial"},"interaction":{"idSuffix":"BDI-content"}},"wdio_ui5_key":"etmportal.ui.managesites.view.NewSmartSitesap.m.Button{\"text\":\"Commercial\"}"}]}
RESULT: {"script":"<script> [1562 bytes]","args":[{"selector":{"controlType":"sap.m.Button","viewName":"etm.portal.ui.managesites.view.NewSmartSite","viewId":"application-managesites-display-component---NewSite","properties":{"text":"Commercial"},"interaction":{"idSuffix":"BDI-content"}},"wdio_ui5_key":"etmportal.ui.managesites.view.NewSmartSitesap.m.Button{\"text\":\"Commercial\"}"}]}
RESULT: undefined
COMMAND: POST /session/ec284260d80df1b286fd1c4360299648/element - {"using":"xpath","value":"//*[@id=\"application-managesites-display-component---NewSite--ObjectPageLayout-anchBar-__section31-anchor\"]"}
RESULT: {"using":"xpath","value":"//*[@id=\"application-managesites-display-component---NewSite--ObjectPageLayout-anchBar-__section31-anchor\"]"}
COMMAND: POST /session/ec284260d80df1b286fd1c4360299648/element/f.B9CB64A859AAC9ED11F02B17526367C4.d.521A4D111EFA1D3F2CC75FD74CBE1179.e.2923/click - {}
RESULT: {}
COMMAND: POST /session/ec284260d80df1b286fd1c4360299648/execute/async - {"script":"<script> [1562 bytes]","args":[{"selector":{"controlType":"sap.m.Button","viewName":"etm.portal.ui.managesites.view.NewSmartSite","viewId":"application-managesites-display-component---NewSite","i18NText":{"propertyName":"text","key":"save"},"interaction":{"idSuffix":"BDI-content"}},"wdio_ui5_key":"etmportal.ui.managesites.view.NewSmartSitesap.m.Button{\"propertyName\":\"text\",\"key\":\"save\"}"}]}
COMMAND: GET /session/ec284260d80df1b286fd1c4360299648/screenshot - {}
RESULT: {"script":"<script> [1562 bytes]","args":[{"selector":{"controlType":"sap.m.Button","viewName":"etm.portal.ui.managesites.view.NewSmartSite","viewId":"application-managesites-display-component---NewSite","i18NText":{"propertyName":"text","key":"save"},"interaction":{"idSuffix":"BDI-content"}},"wdio_ui5_key":"etmportal.ui.managesites.view.NewSmartSitesap.m.Button{\"propertyName\":\"text\",\"key\":\"save\"}"}]}
RESULT: undefined
COMMAND: POST /session/ec284260d80df1b286fd1c4360299648/element - {"using":"xpath","value":"//*[@id=\"__button64\"]"}
RESULT: {}
RESULT: {"using":"xpath","value":"//*[@id=\"__button64\"]"}
COMMAND: POST /session/ec284260d80df1b286fd1c4360299648/element/f.B9CB64A859AAC9ED11F02B17526367C4.d.521A4D111EFA1D3F2CC75FD74CBE1179.e.2863/click - {}
RESULT: {}
COMMAND: GET /session/ec284260d80df1b286fd1c4360299648/screenshot - {}
RESULT: {}
COMMAND: POST /session/ec284260d80df1b286fd1c4360299648/execute/async - {"script":"<script> [1562 bytes]","args":[{"selector":{"id":"application-managesites-display-component---detailSite--addressDetailDetailsYardText"},"wdio_ui5_key":"applicationmanagesites-display-component---detailSite--addressDetailDetailsYardText"}]}
RESULT: {"script":"<script> [1562 bytes]","args":[{"selector":{"id":"application-managesites-display-component---detailSite--addressDetailDetailsYardText"},"wdio_ui5_key":"applicationmanagesites-display-component---detailSite--addressDetailDetailsYardText"}]}
RESULT: undefined
COMMAND: POST /session/ec284260d80df1b286fd1c4360299648/element - {"using":"xpath","value":"//header/div/div[2]/div[2]/span"}
RESULT: {"using":"xpath","value":"//header/div/div[2]/div[2]/span"}
COMMAND: GET /session/ec284260d80df1b286fd1c4360299648/element/f.B9CB64A859AAC9ED11F02B17526367C4.d.521A4D111EFA1D3F2CC75FD74CBE1179.e.3107/text - {}
RESULT: {}
COMMAND: POST /session/ec284260d80df1b286fd1c4360299648/element - {"using":"xpath","value":"//header/div/div/div/div/div/div[2]/div/span"}
RESULT: {"using":"xpath","value":"//header/div/div/div/div/div/div[2]/div/span"}
COMMAND: GET /session/ec284260d80df1b286fd1c4360299648/element/f.B9CB64A859AAC9ED11F02B17526367C4.d.521A4D111EFA1D3F2CC75FD74CBE1179.e.3108/text - {}
RESULT: {}
COMMAND: POST /session/ec284260d80df1b286fd1c4360299648/element - {"using":"css selector","value":"#shell-header-logo"}
RESULT: {"using":"css selector","value":"#shell-header-logo"}
COMMAND: POST /session/ec284260d80df1b286fd1c4360299648/element/f.B9CB64A859AAC9ED11F02B17526367C4.d.521A4D111EFA1D3F2CC75FD74CBE1179.e.2118/click - {}
RESULT: {}
COMMAND: GET /session/ec284260d80df1b286fd1c4360299648/screenshot - {}
RESULT: {}
]]></system-out>
    </testcase>
    <testcase classname="chrome.135_0_7049_42.windows.Standard_contract_-_add_contract_items_by_Insert_Request_US118222" name="Should create 2 new resources and a catalog item" time="417.445">
      <system-out><![CDATA[
COMMAND: POST /session/ec284260d80df1b286fd1c4360299648/execute/async - {"script":"<script> [1562 bytes]","args":[{"selector":{"controlType":"sap.m.GenericTile","properties":{"header":"Manage Resources"}},"wdio_ui5_key":"sapm.GenericTile{\"header\":\"Manage Resources\"}"}]}
RESULT: {"script":"<script> [1562 bytes]","args":[{"selector":{"controlType":"sap.m.GenericTile","properties":{"header":"Manage Resources"}},"wdio_ui5_key":"sapm.GenericTile{\"header\":\"Manage Resources\"}"}]}
RESULT: undefined
COMMAND: POST /session/ec284260d80df1b286fd1c4360299648/element - {"using":"xpath","value":"//*[@id=\"__tile50\"]"}
RESULT: {"using":"xpath","value":"//*[@id=\"__tile50\"]"}
COMMAND: POST /session/ec284260d80df1b286fd1c4360299648/element/f.B9CB64A859AAC9ED11F02B17526367C4.d.521A4D111EFA1D3F2CC75FD74CBE1179.e.3110/click - {}
RESULT: {}
COMMAND: GET /session/ec284260d80df1b286fd1c4360299648/screenshot - {}
RESULT: {}
RESULT: undefined
RESULT: undefined
COMMAND: POST /session/ec284260d80df1b286fd1c4360299648/element - {"using":"xpath","value":"//button[@data-kt=\"addNewRUOverflowToolbarButton\"]"}
RESULT: {"using":"xpath","value":"//button[@data-kt=\"addNewRUOverflowToolbarButton\"]"}
COMMAND: POST /session/ec284260d80df1b286fd1c4360299648/execute/sync - {"script":"<script> [8489 bytes]","args":[{"element-6066-11e4-a52e-4f735466cecf":"f.B9CB64A859AAC9ED11F02B17526367C4.d.521A4D111EFA1D3F2CC75FD74CBE1179.e.3142","ELEMENT":"f.B9CB64A859AAC9ED11F02B17526367C4.d.521A4D111EFA1D3F2CC75FD74CBE1179.e.3142"}]}
RESULT: {"script":"<script> [8489 bytes]","args":[{"element-6066-11e4-a52e-4f735466cecf":"f.B9CB64A859AAC9ED11F02B17526367C4.d.521A4D111EFA1D3F2CC75FD74CBE1179.e.3142","ELEMENT":"f.B9CB64A859AAC9ED11F02B17526367C4.d.521A4D111EFA1D3F2CC75FD74CBE1179.e.3142"}]}
COMMAND: POST /session/ec284260d80df1b286fd1c4360299648/element/f.B9CB64A859AAC9ED11F02B17526367C4.d.521A4D111EFA1D3F2CC75FD74CBE1179.e.3142/click - {}
COMMAND: GET /session/ec284260d80df1b286fd1c4360299648/screenshot - {}
RESULT: {}
COMMAND: POST /session/ec284260d80df1b286fd1c4360299648/execute/async - {"script":"<script> [1562 bytes]","args":[{"selector":{"id":"application-manageresources-display-component---newResourceUnit--TYPE-arrow"},"wdio_ui5_key":"applicationmanageresources-display-component---newResourceUnit--TYPE-arrow"}]}
COMMAND: GET /session/ec284260d80df1b286fd1c4360299648/screenshot - {}
RESULT: {}
RESULT: {"script":"<script> [1562 bytes]","args":[{"selector":{"id":"application-manageresources-display-component---newResourceUnit--TYPE-arrow"},"wdio_ui5_key":"applicationmanageresources-display-component---newResourceUnit--TYPE-arrow"}]}
RESULT: undefined
COMMAND: POST /session/ec284260d80df1b286fd1c4360299648/element - {"using":"xpath","value":"//*[@id=\"application-manageresources-display-component---newResourceUnit--TYPE-arrow\"]"}
RESULT: {}
RESULT: {"using":"xpath","value":"//*[@id=\"application-manageresources-display-component---newResourceUnit--TYPE-arrow\"]"}
COMMAND: POST /session/ec284260d80df1b286fd1c4360299648/element/f.B9CB64A859AAC9ED11F02B17526367C4.d.521A4D111EFA1D3F2CC75FD74CBE1179.e.3582/click - {}
RESULT: {}
COMMAND: POST /session/ec284260d80df1b286fd1c4360299648/execute/async - {"script":"<script> [1562 bytes]","args":[{"selector":{"controlType":"sap.m.StandardListItem","viewName":"reusables.view.manageresources.NewResourceUnit","viewId":"application-manageresources-display-component---newResourceUnit","properties":{"title":"Material"},"searchOpenDialogs":true,"interaction":{"idSuffix":"titleText"}},"wdio_ui5_key":"reusablesview.manageresources.NewResourceUnitsap.m.StandardListItem{\"title\":\"Material\"}"}]}
COMMAND: GET /session/ec284260d80df1b286fd1c4360299648/screenshot - {}
RESULT: {"script":"<script> [1562 bytes]","args":[{"selector":{"controlType":"sap.m.StandardListItem","viewName":"reusables.view.manageresources.NewResourceUnit","viewId":"application-manageresources-display-component---newResourceUnit","properties":{"title":"Material"},"searchOpenDialogs":true,"interaction":{"idSuffix":"titleText"}},"wdio_ui5_key":"reusablesview.manageresources.NewResourceUnitsap.m.StandardListItem{\"title\":\"Material\"}"}]}
RESULT: undefined
COMMAND: POST /session/ec284260d80df1b286fd1c4360299648/element - {"using":"xpath","value":"//*[@id=\"__item956\"]"}
RESULT: {}
RESULT: {"using":"xpath","value":"//*[@id=\"__item956\"]"}
COMMAND: POST /session/ec284260d80df1b286fd1c4360299648/element/f.B9CB64A859AAC9ED11F02B17526367C4.d.521A4D111EFA1D3F2CC75FD74CBE1179.e.3585/click - {}
RESULT: {}
COMMAND: POST /session/ec284260d80df1b286fd1c4360299648/execute/async - {"script":"<script> [1562 bytes]","args":[{"selector":{"id":"application-manageresources-display-component---newResourceUnit--SHORT_TEXT","interaction":{"idSuffix":"inner"}},"wdio_ui5_key":"applicationmanageresources-display-component---newResourceUnit--SHORT_TEXT"}]}
COMMAND: GET /session/ec284260d80df1b286fd1c4360299648/screenshot - {}
RESULT: {"script":"<script> [1562 bytes]","args":[{"selector":{"id":"application-manageresources-display-component---newResourceUnit--SHORT_TEXT","interaction":{"idSuffix":"inner"}},"wdio_ui5_key":"applicationmanageresources-display-component---newResourceUnit--SHORT_TEXT"}]}
RESULT: undefined
COMMAND: POST /session/ec284260d80df1b286fd1c4360299648/execute/async - {"script":"<script> [776 bytes]","args":[{"enterText":"WebdriverRUR2Ch7i1j","selector":{"id":"application-manageresources-display-component---newResourceUnit--SHORT_TEXT","interaction":{"idSuffix":"inner"}},"clearTextFirst":true,"interactionType":"ENTER_TEXT"}]}
RESULT: {}
RESULT: {"script":"<script> [776 bytes]","args":[{"enterText":"WebdriverRUR2Ch7i1j","selector":{"id":"application-manageresources-display-component---newResourceUnit--SHORT_TEXT","interaction":{"idSuffix":"inner"}},"clearTextFirst":true,"interactionType":"ENTER_TEXT"}]}
COMMAND: POST /session/ec284260d80df1b286fd1c4360299648/execute/async - {"script":"<script> [1562 bytes]","args":[{"selector":{"id":"application-manageresources-display-component---newResourceUnit--BASE_UNIT_OF_MEASURE-arrow"},"wdio_ui5_key":"applicationmanageresources-display-component---newResourceUnit--BASE_UNIT_OF_MEASURE-arrow"}]}
RESULT: {"script":"<script> [1562 bytes]","args":[{"selector":{"id":"application-manageresources-display-component---newResourceUnit--BASE_UNIT_OF_MEASURE-arrow"},"wdio_ui5_key":"applicationmanageresources-display-component---newResourceUnit--BASE_UNIT_OF_MEASURE-arrow"}]}
RESULT: undefined
COMMAND: POST /session/ec284260d80df1b286fd1c4360299648/element - {"using":"xpath","value":"//*[@id=\"application-manageresources-display-component---newResourceUnit--BASE_UNIT_OF_MEASURE-arrow\"]"}
RESULT: {"using":"xpath","value":"//*[@id=\"application-manageresources-display-component---newResourceUnit--BASE_UNIT_OF_MEASURE-arrow\"]"}
COMMAND: POST /session/ec284260d80df1b286fd1c4360299648/element/f.B9CB64A859AAC9ED11F02B17526367C4.d.521A4D111EFA1D3F2CC75FD74CBE1179.e.3641/click - {}
RESULT: {}
COMMAND: POST /session/ec284260d80df1b286fd1c4360299648/execute/async - {"script":"<script> [1562 bytes]","args":[{"selector":{"controlType":"sap.m.StandardListItem","viewName":"reusables.view.manageresources.NewResourceUnit","viewId":"application-manageresources-display-component---newResourceUnit","properties":{"title":"Piece"},"searchOpenDialogs":true,"interaction":{"idSuffix":"titleText"}},"wdio_ui5_key":"reusablesview.manageresources.NewResourceUnitsap.m.StandardListItem{\"title\":\"Piece\"}"}]}
COMMAND: GET /session/ec284260d80df1b286fd1c4360299648/screenshot - {}
RESULT: {"script":"<script> [1562 bytes]","args":[{"selector":{"controlType":"sap.m.StandardListItem","viewName":"reusables.view.manageresources.NewResourceUnit","viewId":"application-manageresources-display-component---newResourceUnit","properties":{"title":"Piece"},"searchOpenDialogs":true,"interaction":{"idSuffix":"titleText"}},"wdio_ui5_key":"reusablesview.manageresources.NewResourceUnitsap.m.StandardListItem{\"title\":\"Piece\"}"}]}
RESULT: undefined
COMMAND: POST /session/ec284260d80df1b286fd1c4360299648/element - {"using":"xpath","value":"//*[@id=\"__item1000\"]"}
RESULT: {}
RESULT: {"using":"xpath","value":"//*[@id=\"__item1000\"]"}
COMMAND: POST /session/ec284260d80df1b286fd1c4360299648/element/f.B9CB64A859AAC9ED11F02B17526367C4.d.521A4D111EFA1D3F2CC75FD74CBE1179.e.3643/click - {}
RESULT: {}
COMMAND: POST /session/ec284260d80df1b286fd1c4360299648/element - {"using":"xpath","value":"//input[contains(@id ,\"application-manageresources-display-component---newResourceUnit--SHORT_TEXT-inner\")]"}
COMMAND: GET /session/ec284260d80df1b286fd1c4360299648/screenshot - {}
RESULT: {"using":"xpath","value":"//input[contains(@id ,\"application-manageresources-display-component---newResourceUnit--SHORT_TEXT-inner\")]"}
COMMAND: GET /session/ec284260d80df1b286fd1c4360299648/element/f.B9CB64A859AAC9ED11F02B17526367C4.d.521A4D111EFA1D3F2CC75FD74CBE1179.e.3602/property/value - {}
RESULT: {}
RESULT: {}
COMMAND: POST /session/ec284260d80df1b286fd1c4360299648/execute/async - {"script":"<script> [1562 bytes]","args":[{"selector":{"id":"application-manageresources-display-component---newResourceUnit--WEIGHT_UNIT-arrow"},"wdio_ui5_key":"applicationmanageresources-display-component---newResourceUnit--WEIGHT_UNIT-arrow"}]}
COMMAND: GET /session/ec284260d80df1b286fd1c4360299648/screenshot - {}
RESULT: {"script":"<script> [1562 bytes]","args":[{"selector":{"id":"application-manageresources-display-component---newResourceUnit--WEIGHT_UNIT-arrow"},"wdio_ui5_key":"applicationmanageresources-display-component---newResourceUnit--WEIGHT_UNIT-arrow"}]}
RESULT: undefined
COMMAND: POST /session/ec284260d80df1b286fd1c4360299648/element - {"using":"xpath","value":"//*[@id=\"application-manageresources-display-component---newResourceUnit--WEIGHT_UNIT-arrow\"]"}
RESULT: {}
RESULT: {"using":"xpath","value":"//*[@id=\"application-manageresources-display-component---newResourceUnit--WEIGHT_UNIT-arrow\"]"}
COMMAND: POST /session/ec284260d80df1b286fd1c4360299648/element/f.B9CB64A859AAC9ED11F02B17526367C4.d.521A4D111EFA1D3F2CC75FD74CBE1179.e.3644/click - {}
RESULT: {}
COMMAND: POST /session/ec284260d80df1b286fd1c4360299648/execute/async - {"script":"<script> [1562 bytes]","args":[{"selector":{"controlType":"sap.m.StandardListItem","viewName":"reusables.view.manageresources.NewResourceUnit","viewId":"application-manageresources-display-component---newResourceUnit","properties":{"title":"Gram"},"searchOpenDialogs":true,"interaction":{"idSuffix":"content"}},"wdio_ui5_key":"reusablesview.manageresources.NewResourceUnitsap.m.StandardListItem{\"title\":\"Gram\"}"}]}
COMMAND: GET /session/ec284260d80df1b286fd1c4360299648/screenshot - {}
RESULT: {"script":"<script> [1562 bytes]","args":[{"selector":{"controlType":"sap.m.StandardListItem","viewName":"reusables.view.manageresources.NewResourceUnit","viewId":"application-manageresources-display-component---newResourceUnit","properties":{"title":"Gram"},"searchOpenDialogs":true,"interaction":{"idSuffix":"content"}},"wdio_ui5_key":"reusablesview.manageresources.NewResourceUnitsap.m.StandardListItem{\"title\":\"Gram\"}"}]}
RESULT: undefined
COMMAND: POST /session/ec284260d80df1b286fd1c4360299648/element - {"using":"xpath","value":"//*[@id=\"__item1065\"]"}
RESULT: {}
RESULT: {"using":"xpath","value":"//*[@id=\"__item1065\"]"}
COMMAND: POST /session/ec284260d80df1b286fd1c4360299648/element/f.B9CB64A859AAC9ED11F02B17526367C4.d.521A4D111EFA1D3F2CC75FD74CBE1179.e.3646/click - {}
RESULT: {}
COMMAND: POST /session/ec284260d80df1b286fd1c4360299648/execute/async - {"script":"<script> [1562 bytes]","args":[{"selector":{"id":"application-manageresources-display-component---newResourceUnit--newRRUPage-OPHeaderContent-collapseBtn-img"},"wdio_ui5_key":"applicationmanageresources-display-component---newResourceUnit--newRRUPage-OPHeaderContent-collapseBtn-img"}]}
COMMAND: GET /session/ec284260d80df1b286fd1c4360299648/screenshot - {}
RESULT: {"script":"<script> [1562 bytes]","args":[{"selector":{"id":"application-manageresources-display-component---newResourceUnit--newRRUPage-OPHeaderContent-collapseBtn-img"},"wdio_ui5_key":"applicationmanageresources-display-component---newResourceUnit--newRRUPage-OPHeaderContent-collapseBtn-img"}]}
RESULT: undefined
COMMAND: POST /session/ec284260d80df1b286fd1c4360299648/element - {"using":"xpath","value":"//*[@id=\"application-manageresources-display-component---newResourceUnit--newRRUPage-OPHeaderContent-collapseBtn-img\"]"}
RESULT: {}
RESULT: {"using":"xpath","value":"//*[@id=\"application-manageresources-display-component---newResourceUnit--newRRUPage-OPHeaderContent-collapseBtn-img\"]"}
COMMAND: POST /session/ec284260d80df1b286fd1c4360299648/element/f.B9CB64A859AAC9ED11F02B17526367C4.d.521A4D111EFA1D3F2CC75FD74CBE1179.e.3592/click - {}
RESULT: {}
COMMAND: GET /session/ec284260d80df1b286fd1c4360299648/screenshot - {}
RESULT: {}
COMMAND: POST /session/ec284260d80df1b286fd1c4360299648/element - {"using":"xpath","value":"(//span[contains(@id ,\"application-manageresources-display-component---newResourceUnit--DIMENSION_UNIT-arrow\")])[1]"}
RESULT: {"using":"xpath","value":"(//span[contains(@id ,\"application-manageresources-display-component---newResourceUnit--DIMENSION_UNIT-arrow\")])[1]"}
COMMAND: POST /session/ec284260d80df1b286fd1c4360299648/element/f.B9CB64A859AAC9ED11F02B17526367C4.d.521A4D111EFA1D3F2CC75FD74CBE1179.e.3650/click - {}
RESULT: {}
COMMAND: GET /session/ec284260d80df1b286fd1c4360299648/screenshot - {}
RESULT: {}
COMMAND: POST /session/ec284260d80df1b286fd1c4360299648/execute/async - {"script":"<script> [1562 bytes]","args":[{"selector":{"controlType":"sap.m.StandardListItem","viewName":"reusables.view.manageresources.NewResourceUnit","viewId":"application-manageresources-display-component---newResourceUnit","properties":{"title":"Centimeter"},"searchOpenDialogs":true,"interaction":{"idSuffix":"titleText"}},"wdio_ui5_key":"reusablesview.manageresources.NewResourceUnitsap.m.StandardListItem{\"title\":\"Centimeter\"}"}]}
RESULT: {"script":"<script> [1562 bytes]","args":[{"selector":{"controlType":"sap.m.StandardListItem","viewName":"reusables.view.manageresources.NewResourceUnit","viewId":"application-manageresources-display-component---newResourceUnit","properties":{"title":"Centimeter"},"searchOpenDialogs":true,"interaction":{"idSuffix":"titleText"}},"wdio_ui5_key":"reusablesview.manageresources.NewResourceUnitsap.m.StandardListItem{\"title\":\"Centimeter\"}"}]}
RESULT: undefined
COMMAND: POST /session/ec284260d80df1b286fd1c4360299648/element - {"using":"xpath","value":"//*[@id=\"__item1068\"]"}
RESULT: {"using":"xpath","value":"//*[@id=\"__item1068\"]"}
COMMAND: POST /session/ec284260d80df1b286fd1c4360299648/element/f.B9CB64A859AAC9ED11F02B17526367C4.d.521A4D111EFA1D3F2CC75FD74CBE1179.e.3654/click - {}
RESULT: {}
COMMAND: POST /session/ec284260d80df1b286fd1c4360299648/execute/async - {"script":"<script> [1562 bytes]","args":[{"selector":{"id":"application-manageresources-display-component---newResourceUnit--newRRUPage-anchBar-application-manageresources-display-component---newResourceUnit--reference-anchor","interaction":{"idSuffix":"BDI-content"}},"wdio_ui5_key":"applicationmanageresources-display-component---newResourceUnit--newRRUPage-anchBar-application-manageresources-display-component---newResourceUnit--reference-anchor"}]}
COMMAND: GET /session/ec284260d80df1b286fd1c4360299648/screenshot - {}
RESULT: {"script":"<script> [1562 bytes]","args":[{"selector":{"id":"application-manageresources-display-component---newResourceUnit--newRRUPage-anchBar-application-manageresources-display-component---newResourceUnit--reference-anchor","interaction":{"idSuffix":"BDI-content"}},"wdio_ui5_key":"applicationmanageresources-display-component---newResourceUnit--newRRUPage-anchBar-application-manageresources-display-component---newResourceUnit--reference-anchor"}]}
RESULT: undefined
COMMAND: POST /session/ec284260d80df1b286fd1c4360299648/element - {"using":"xpath","value":"//*[@id=\"application-manageresources-display-component---newResourceUnit--newRRUPage-anchBar-application-manageresources-display-component---newResourceUnit--reference-anchor\"]"}
RESULT: {}
RESULT: {"using":"xpath","value":"//*[@id=\"application-manageresources-display-component---newResourceUnit--newRRUPage-anchBar-application-manageresources-display-component---newResourceUnit--reference-anchor\"]"}
COMMAND: POST /session/ec284260d80df1b286fd1c4360299648/element/f.B9CB64A859AAC9ED11F02B17526367C4.d.521A4D111EFA1D3F2CC75FD74CBE1179.e.3656/click - {}
RESULT: {}
COMMAND: POST /session/ec284260d80df1b286fd1c4360299648/execute/async - {"script":"<script> [1562 bytes]","args":[{"selector":{"id":"application-manageresources-display-component---newResourceUnit--PLANNING_GROUP-arrow"},"wdio_ui5_key":"applicationmanageresources-display-component---newResourceUnit--PLANNING_GROUP-arrow"}]}
COMMAND: GET /session/ec284260d80df1b286fd1c4360299648/screenshot - {}
RESULT: {"script":"<script> [1562 bytes]","args":[{"selector":{"id":"application-manageresources-display-component---newResourceUnit--PLANNING_GROUP-arrow"},"wdio_ui5_key":"applicationmanageresources-display-component---newResourceUnit--PLANNING_GROUP-arrow"}]}
RESULT: undefined
COMMAND: POST /session/ec284260d80df1b286fd1c4360299648/element - {"using":"xpath","value":"//*[@id=\"application-manageresources-display-component---newResourceUnit--PLANNING_GROUP-arrow\"]"}
RESULT: {}
RESULT: {"using":"xpath","value":"//*[@id=\"application-manageresources-display-component---newResourceUnit--PLANNING_GROUP-arrow\"]"}
COMMAND: POST /session/ec284260d80df1b286fd1c4360299648/element/f.B9CB64A859AAC9ED11F02B17526367C4.d.521A4D111EFA1D3F2CC75FD74CBE1179.e.3658/click - {}
RESULT: {}
COMMAND: POST /session/ec284260d80df1b286fd1c4360299648/execute/async - {"script":"<script> [1562 bytes]","args":[{"selector":{"controlType":"sap.m.StandardListItem","viewName":"reusables.view.manageresources.NewResourceUnit","viewId":"application-manageresources-display-component---newResourceUnit","properties":{"title":"Heavy Equi"},"searchOpenDialogs":true,"interaction":{"idSuffix":"content"}},"wdio_ui5_key":"reusablesview.manageresources.NewResourceUnitsap.m.StandardListItem{\"title\":\"Heavy Equi\"}"}]}
COMMAND: GET /session/ec284260d80df1b286fd1c4360299648/screenshot - {}
RESULT: {"script":"<script> [1562 bytes]","args":[{"selector":{"controlType":"sap.m.StandardListItem","viewName":"reusables.view.manageresources.NewResourceUnit","viewId":"application-manageresources-display-component---newResourceUnit","properties":{"title":"Heavy Equi"},"searchOpenDialogs":true,"interaction":{"idSuffix":"content"}},"wdio_ui5_key":"reusablesview.manageresources.NewResourceUnitsap.m.StandardListItem{\"title\":\"Heavy Equi\"}"}]}
RESULT: undefined
COMMAND: POST /session/ec284260d80df1b286fd1c4360299648/element - {"using":"xpath","value":"//*[@id=\"__item1076\"]"}
RESULT: {}
RESULT: {"using":"xpath","value":"//*[@id=\"__item1076\"]"}
COMMAND: POST /session/ec284260d80df1b286fd1c4360299648/element/f.B9CB64A859AAC9ED11F02B17526367C4.d.521A4D111EFA1D3F2CC75FD74CBE1179.e.3662/click - {}
RESULT: {}
COMMAND: GET /session/ec284260d80df1b286fd1c4360299648/screenshot - {}
RESULT: {}
COMMAND: POST /session/ec284260d80df1b286fd1c4360299648/execute/async - {"script":"<script> [1562 bytes]","args":[{"selector":{"id":"application-manageresources-display-component---newResourceUnit--PLANNING_INDICATOR-arrow"},"wdio_ui5_key":"applicationmanageresources-display-component---newResourceUnit--PLANNING_INDICATOR-arrow"}]}
RESULT: {"script":"<script> [1562 bytes]","args":[{"selector":{"id":"application-manageresources-display-component---newResourceUnit--PLANNING_INDICATOR-arrow"},"wdio_ui5_key":"applicationmanageresources-display-component---newResourceUnit--PLANNING_INDICATOR-arrow"}]}
RESULT: undefined
COMMAND: POST /session/ec284260d80df1b286fd1c4360299648/element - {"using":"xpath","value":"//*[@id=\"application-manageresources-display-component---newResourceUnit--PLANNING_INDICATOR-arrow\"]"}
RESULT: {"using":"xpath","value":"//*[@id=\"application-manageresources-display-component---newResourceUnit--PLANNING_INDICATOR-arrow\"]"}
COMMAND: POST /session/ec284260d80df1b286fd1c4360299648/element/f.B9CB64A859AAC9ED11F02B17526367C4.d.521A4D111EFA1D3F2CC75FD74CBE1179.e.3663/click - {}
RESULT: {}
COMMAND: POST /session/ec284260d80df1b286fd1c4360299648/execute/async - {"script":"<script> [1562 bytes]","args":[{"selector":{"controlType":"sap.m.StandardListItem","viewName":"reusables.view.manageresources.NewResourceUnit","viewId":"application-manageresources-display-component---newResourceUnit","properties":{"title":"10 - infinite"},"searchOpenDialogs":true,"interaction":{"idSuffix":"content"}},"wdio_ui5_key":"reusablesview.manageresources.NewResourceUnitsap.m.StandardListItem{\"title\":\"10 - infinite\"}"}]}
COMMAND: GET /session/ec284260d80df1b286fd1c4360299648/screenshot - {}
RESULT: {"script":"<script> [1562 bytes]","args":[{"selector":{"controlType":"sap.m.StandardListItem","viewName":"reusables.view.manageresources.NewResourceUnit","viewId":"application-manageresources-display-component---newResourceUnit","properties":{"title":"10 - infinite"},"searchOpenDialogs":true,"interaction":{"idSuffix":"content"}},"wdio_ui5_key":"reusablesview.manageresources.NewResourceUnitsap.m.StandardListItem{\"title\":\"10 - infinite\"}"}]}
RESULT: undefined
COMMAND: POST /session/ec284260d80df1b286fd1c4360299648/element - {"using":"xpath","value":"//*[@id=\"__item1086\"]"}
RESULT: {}
RESULT: {"using":"xpath","value":"//*[@id=\"__item1086\"]"}
COMMAND: POST /session/ec284260d80df1b286fd1c4360299648/element/f.B9CB64A859AAC9ED11F02B17526367C4.d.521A4D111EFA1D3F2CC75FD74CBE1179.e.3665/click - {}
RESULT: {}
COMMAND: GET /session/ec284260d80df1b286fd1c4360299648/screenshot - {}
RESULT: {}
COMMAND: POST /session/ec284260d80df1b286fd1c4360299648/element - {"using":"xpath","value":"//bdi[contains(text(), \"Time Segment\")]"}
RESULT: {"using":"xpath","value":"//bdi[contains(text(), \"Time Segment\")]"}
COMMAND: GET /session/ec284260d80df1b286fd1c4360299648/element/f.B9CB64A859AAC9ED11F02B17526367C4.d.521A4D111EFA1D3F2CC75FD74CBE1179.e.3666/rect - {}
RESULT: {}
COMMAND: GET /session/ec284260d80df1b286fd1c4360299648/window/rect - {}
RESULT: {}
COMMAND: POST /session/ec284260d80df1b286fd1c4360299648/execute/sync - {"script":"<script> [92 bytes]","args":[]}
RESULT: {"script":"<script> [92 bytes]","args":[]}
COMMAND: POST /session/ec284260d80df1b286fd1c4360299648/actions - {"actions":[{"id":"action5","type":"wheel","parameters":{},"actions":[{"type":"scroll","x":-2304,"y":-20,"deltaX":0,"deltaY":0,"duration":0,"origin":{"element-6066-11e4-a52e-4f735466cecf":"f.B9CB64A859AAC9ED11F02B17526367C4.d.521A4D111EFA1D3F2CC75FD74CBE1179.e.3666"}}]}]}
COMMAND: GET /session/ec284260d80df1b286fd1c4360299648/screenshot - {}
RESULT: {}
COMMAND: POST /session/ec284260d80df1b286fd1c4360299648/execute/sync - {"script":"<script> [79 bytes]","args":[{"element-6066-11e4-a52e-4f735466cecf":"f.B9CB64A859AAC9ED11F02B17526367C4.d.521A4D111EFA1D3F2CC75FD74CBE1179.e.3666","ELEMENT":"f.B9CB64A859AAC9ED11F02B17526367C4.d.521A4D111EFA1D3F2CC75FD74CBE1179.e.3666"},{"block":"start","inline":"nearest"}]}
RESULT: {"script":"<script> [79 bytes]","args":[{"element-6066-11e4-a52e-4f735466cecf":"f.B9CB64A859AAC9ED11F02B17526367C4.d.521A4D111EFA1D3F2CC75FD74CBE1179.e.3666","ELEMENT":"f.B9CB64A859AAC9ED11F02B17526367C4.d.521A4D111EFA1D3F2CC75FD74CBE1179.e.3666"},{"block":"start","inline":"nearest"}]}
COMMAND: GET /session/ec284260d80df1b286fd1c4360299648/screenshot - {}
RESULT: {}
COMMAND: POST /session/ec284260d80df1b286fd1c4360299648/element - {"using":"xpath","value":"//span[@id=\"application-manageresources-display-component---newResourceUnit--btnAddTimeSegment-img\"]"}
RESULT: {"using":"xpath","value":"//span[@id=\"application-manageresources-display-component---newResourceUnit--btnAddTimeSegment-img\"]"}
COMMAND: POST /session/ec284260d80df1b286fd1c4360299648/execute/sync - {"script":"<script> [8489 bytes]","args":[{"element-6066-11e4-a52e-4f735466cecf":"f.B9CB64A859AAC9ED11F02B17526367C4.d.521A4D111EFA1D3F2CC75FD74CBE1179.e.3669","ELEMENT":"f.B9CB64A859AAC9ED11F02B17526367C4.d.521A4D111EFA1D3F2CC75FD74CBE1179.e.3669"}]}
RESULT: {"script":"<script> [8489 bytes]","args":[{"element-6066-11e4-a52e-4f735466cecf":"f.B9CB64A859AAC9ED11F02B17526367C4.d.521A4D111EFA1D3F2CC75FD74CBE1179.e.3669","ELEMENT":"f.B9CB64A859AAC9ED11F02B17526367C4.d.521A4D111EFA1D3F2CC75FD74CBE1179.e.3669"}]}
COMMAND: POST /session/ec284260d80df1b286fd1c4360299648/element/f.B9CB64A859AAC9ED11F02B17526367C4.d.521A4D111EFA1D3F2CC75FD74CBE1179.e.3669/click - {}
COMMAND: GET /session/ec284260d80df1b286fd1c4360299648/screenshot - {}
RESULT: {}
COMMAND: GET /session/ec284260d80df1b286fd1c4360299648/screenshot - {}
COMMAND: POST /session/ec284260d80df1b286fd1c4360299648/element - {"using":"xpath","value":"//input[@id=\"application-manageresources-display-component---newResourceUnit--idRuTSAdmin-application-manageresources-display-component---newResourceUnit--RUTimeSegment-0-inner\"]"}
RESULT: {}
RESULT: {}
RESULT: {"using":"xpath","value":"//input[@id=\"application-manageresources-display-component---newResourceUnit--idRuTSAdmin-application-manageresources-display-component---newResourceUnit--RUTimeSegment-0-inner\"]"}
COMMAND: POST /session/ec284260d80df1b286fd1c4360299648/element/f.B9CB64A859AAC9ED11F02B17526367C4.d.521A4D111EFA1D3F2CC75FD74CBE1179.e.3672/clear - {}
RESULT: {}
COMMAND: POST /session/ec284260d80df1b286fd1c4360299648/element/f.B9CB64A859AAC9ED11F02B17526367C4.d.521A4D111EFA1D3F2CC75FD74CBE1179.e.3672/value - {"text":"WebdriverYard6wv8h"}
COMMAND: GET /session/ec284260d80df1b286fd1c4360299648/screenshot - {}
RESULT: {"text":"WebdriverYard6wv8h"}
COMMAND: GET /session/ec284260d80df1b286fd1c4360299648/screenshot - {}
RESULT: {}
RESULT: {}
COMMAND: POST /session/ec284260d80df1b286fd1c4360299648/actions - {"actions":[{"id":"action6","type":"key","parameters":{},"actions":[{"type":"keyDown","value":""},{"type":"pause","duration":10},{"type":"keyUp","value":""}]}]}
RESULT: {"actions":[{"id":"action6","type":"key","parameters":{},"actions":[{"type":"keyDown","value":""},{"type":"pause","duration":10},{"type":"keyUp","value":""}]}]}
COMMAND: GET /session/ec284260d80df1b286fd1c4360299648/screenshot - {}
RESULT: {}
COMMAND: POST /session/ec284260d80df1b286fd1c4360299648/execute/async - {"script":"<script> [1562 bytes]","args":[{"selector":{"controlType":"sap.m.Button","viewName":"reusables.view.manageresources.NewResourceUnit","viewId":"application-manageresources-display-component---newResourceUnit","i18NText":{"propertyName":"tooltip","key":"save"},"interaction":{"idSuffix":"BDI-content"}},"wdio_ui5_key":"reusablesview.manageresources.NewResourceUnitsap.m.Button{\"propertyName\":\"tooltip\",\"key\":\"save\"}"}]}
RESULT: {"script":"<script> [1562 bytes]","args":[{"selector":{"controlType":"sap.m.Button","viewName":"reusables.view.manageresources.NewResourceUnit","viewId":"application-manageresources-display-component---newResourceUnit","i18NText":{"propertyName":"tooltip","key":"save"},"interaction":{"idSuffix":"BDI-content"}},"wdio_ui5_key":"reusablesview.manageresources.NewResourceUnitsap.m.Button{\"propertyName\":\"tooltip\",\"key\":\"save\"}"}]}
RESULT: undefined
COMMAND: POST /session/ec284260d80df1b286fd1c4360299648/element - {"using":"xpath","value":"//*[@id=\"application-manageresources-display-component---newResourceUnit--createRuButton\"]"}
RESULT: {"using":"xpath","value":"//*[@id=\"application-manageresources-display-component---newResourceUnit--createRuButton\"]"}
COMMAND: POST /session/ec284260d80df1b286fd1c4360299648/element/f.B9CB64A859AAC9ED11F02B17526367C4.d.521A4D111EFA1D3F2CC75FD74CBE1179.e.3598/click - {}
RESULT: {}
COMMAND: GET /session/ec284260d80df1b286fd1c4360299648/screenshot - {}
RESULT: {}
COMMAND: POST /session/ec284260d80df1b286fd1c4360299648/execute/async - {"script":"<script> [1562 bytes]","args":[{"selector":{"controlType":"sap.m.Title","properties":{"text":"Success"},"searchOpenDialogs":true},"wdio_ui5_key":"sapm.Title{\"text\":\"Success\"}"}]}
RESULT: {"script":"<script> [1562 bytes]","args":[{"selector":{"controlType":"sap.m.Title","properties":{"text":"Success"},"searchOpenDialogs":true},"wdio_ui5_key":"sapm.Title{\"text\":\"Success\"}"}]}
RESULT: undefined
COMMAND: POST /session/ec284260d80df1b286fd1c4360299648/execute/async - {"script":"<script> [6424 bytes]","args":[{"element-6066-11e4-a52e-4f735466cecf":"f.B9CB64A859AAC9ED11F02B17526367C4.d.521A4D111EFA1D3F2CC75FD74CBE1179.e.3686"},"getText",[]]}
RESULT: {"script":"<script> [6424 bytes]","args":[{"element-6066-11e4-a52e-4f735466cecf":"f.B9CB64A859AAC9ED11F02B17526367C4.d.521A4D111EFA1D3F2CC75FD74CBE1179.e.3686"},"getText",[]]}
COMMAND: POST /session/ec284260d80df1b286fd1c4360299648/element - {"using":"xpath","value":"//*[contains(@id, '__text') and (contains(text(), 'successfully created') or contains(., 'successfully created'))]"}
RESULT: {"using":"xpath","value":"//*[contains(@id, '__text') and (contains(text(), 'successfully created') or contains(., 'successfully created'))]"}
COMMAND: GET /session/ec284260d80df1b286fd1c4360299648/element/f.B9CB64A859AAC9ED11F02B17526367C4.d.521A4D111EFA1D3F2CC75FD74CBE1179.e.3684/text - {}
RESULT: {}
COMMAND: POST /session/ec284260d80df1b286fd1c4360299648/execute/async - {"script":"<script> [1562 bytes]","args":[{"selector":{"controlType":"sap.m.Button","properties":{"text":"Close"},"searchOpenDialogs":true,"interaction":{"idSuffix":"BDI-content"}},"wdio_ui5_key":"sapm.Button{\"text\":\"Close\"}"}]}
RESULT: {"script":"<script> [1562 bytes]","args":[{"selector":{"controlType":"sap.m.Button","properties":{"text":"Close"},"searchOpenDialogs":true,"interaction":{"idSuffix":"BDI-content"}},"wdio_ui5_key":"sapm.Button{\"text\":\"Close\"}"}]}
RESULT: undefined
COMMAND: POST /session/ec284260d80df1b286fd1c4360299648/element - {"using":"xpath","value":"//*[@id=\"__mbox-btn-0\"]"}
RESULT: {"using":"xpath","value":"//*[@id=\"__mbox-btn-0\"]"}
COMMAND: POST /session/ec284260d80df1b286fd1c4360299648/element/f.B9CB64A859AAC9ED11F02B17526367C4.d.521A4D111EFA1D3F2CC75FD74CBE1179.e.3683/click - {}
RESULT: {}
COMMAND: GET /session/ec284260d80df1b286fd1c4360299648/screenshot - {}
RESULT: {}
COMMAND: POST /session/ec284260d80df1b286fd1c4360299648/execute/async - {"script":"<script> [1562 bytes]","args":[{"selector":{"controlType":"sap.ui.core.Icon","viewName":"etm.portal.ui.manageresources.view.Detail","viewId":"application-manageresources-display-component---detailRU","properties":{"src":{"regex":{"source":"overflow"}}}},"wdio_ui5_key":"etmportal.ui.manageresources.view.Detailsap.ui.core.Icon{\"src\":{\"regex\":{\"source\":\"overflow\"}}}"}]}
RESULT: {"script":"<script> [1562 bytes]","args":[{"selector":{"controlType":"sap.ui.core.Icon","viewName":"etm.portal.ui.manageresources.view.Detail","viewId":"application-manageresources-display-component---detailRU","properties":{"src":{"regex":{"source":"overflow"}}}},"wdio_ui5_key":"etmportal.ui.manageresources.view.Detailsap.ui.core.Icon{\"src\":{\"regex\":{\"source\":\"overflow\"}}}"}]}
RESULT: undefined
COMMAND: POST /session/ec284260d80df1b286fd1c4360299648/element - {"using":"xpath","value":"//*[@id=\"__title36-_actionsToolbar-overflowButton-img\"]"}
RESULT: {"using":"xpath","value":"//*[@id=\"__title36-_actionsToolbar-overflowButton-img\"]"}
COMMAND: POST /session/ec284260d80df1b286fd1c4360299648/element/f.B9CB64A859AAC9ED11F02B17526367C4.d.521A4D111EFA1D3F2CC75FD74CBE1179.e.3716/click - {}
RESULT: {}
COMMAND: POST /session/ec284260d80df1b286fd1c4360299648/execute/async - {"script":"<script> [1562 bytes]","args":[{"selector":{"controlType":"sap.m.Button","viewName":"etm.portal.ui.manageresources.view.Detail","viewId":"application-manageresources-display-component---detailRU","i18NText":{"propertyName":"tooltip","key":"closeColumn"},"searchOpenDialogs":true,"interaction":{"idSuffix":"inner"}},"wdio_ui5_key":"etmportal.ui.manageresources.view.Detailsap.m.Button{\"propertyName\":\"tooltip\",\"key\":\"closeColumn\"}"}]}
COMMAND: GET /session/ec284260d80df1b286fd1c4360299648/screenshot - {}
RESULT: {"script":"<script> [1562 bytes]","args":[{"selector":{"controlType":"sap.m.Button","viewName":"etm.portal.ui.manageresources.view.Detail","viewId":"application-manageresources-display-component---detailRU","i18NText":{"propertyName":"tooltip","key":"closeColumn"},"searchOpenDialogs":true,"interaction":{"idSuffix":"inner"}},"wdio_ui5_key":"etmportal.ui.manageresources.view.Detailsap.m.Button{\"propertyName\":\"tooltip\",\"key\":\"closeColumn\"}"}]}
RESULT: undefined
RESULT: {}
COMMAND: POST /session/ec284260d80df1b286fd1c4360299648/refresh - {}
RESULT: {}
COMMAND: GET /session/ec284260d80df1b286fd1c4360299648/screenshot - {}
RESULT: {}
COMMAND: POST /session/ec284260d80df1b286fd1c4360299648/refresh - {}
RESULT: {}
COMMAND: GET /session/ec284260d80df1b286fd1c4360299648/screenshot - {}
RESULT: {}
RESULT: undefined
COMMAND: POST /session/ec284260d80df1b286fd1c4360299648/execute/async - {"script":"<script> [189 bytes]","args":[]}
RESULT: {"script":"<script> [189 bytes]","args":[]}
COMMAND: POST /session/ec284260d80df1b286fd1c4360299648/execute/async - {"script":"<script> [123 bytes]","args":[]}
RESULT: {"script":"<script> [123 bytes]","args":[]}
COMMAND: POST /session/ec284260d80df1b286fd1c4360299648/timeouts - {"script":"<number>"}
RESULT: {"script":"<number>"}
COMMAND: GET /session/ec284260d80df1b286fd1c4360299648/timeouts - {}
RESULT: {}
RESULT: undefined
COMMAND: POST /session/ec284260d80df1b286fd1c4360299648/execute/async - {"script":"<script> [2676 bytes]","args":[]}
RESULT: {"script":"<script> [2676 bytes]","args":[]}
COMMAND: POST /session/ec284260d80df1b286fd1c4360299648/execute/async - {"script":"<script> [2342 bytes]","args":[{"protocol":"http","hostname":"0.0.0.0","path":"/","capabilities":{"browserName":"chrome","goog:chromeOptions":{"binary":"C:\\Program Files\\Google\\Chrome\\Application\\chrome.exe","args":["--force-device-scale-factor=0.8","--start-maximized"]}},"logLevel":"warn","connectionRetryTimeout":120000,"connectionRetryCount":3,"logLevels":{},"enableDirectConnect":true,"strictSSL":true,"_":"65 more keys: [\"cacheDir\",\"port\",\"requestedCapabilities\",\"automationProtocol\",\"baseUrl\",\"waitforInterval\",\"waitforTimeout\",\"onReload\",\"beforeCommand\",\"afterCommand\",\"rootDir\",\"specs\",\"suites\",\"exclude\",\"groupLogsByTestSpec\",\"excludeDriverLogs\",\"bail\",\"framework\",\"reporters\",\"services\",\"maxInstances\",\"maxInstancesPerCapability\",\"injectGlobals\",\"filesToWatch\",\"execArgv\",\"runnerEnv\",\"runner\",\"shard\",\"specFileRetries\",\"specFileRetriesDelay\",\"specFileRetriesDeferred\",\"reporterSyncInterval\",\"reporterSyncTimeout\",\"cucumberFeaturesWithLineNumbers\",\"autoCompileOpts\",\"mochaOpts\",\"jasmineOpts\",\"cucumberOpts\",\"onPrepare\",\"onWorkerStart\",\"onWorkerEnd\",\"before\",\"beforeSession\",\"beforeSuite\",\"beforeHook\",\"beforeTest\",\"afterTest\",\"afterHook\",\"afterSuite\",\"afterSession\",\"after\",\"onComplete\",\"beforeAssertion\",\"afterAssertion\",\"beforeFeature\",\"beforeScenario\",\"beforeStep\",\"afterStep\",\"afterScenario\",\"afterFeature\",\"_\",\"suite\",\"$0\",\"ignoredWorkerServices\",\"wdi5\"]"}]}
RESULT: {"script":"<script> [2342 bytes]","args":[{"protocol":"http","hostname":"0.0.0.0","path":"/","capabilities":{"browserName":"chrome","goog:chromeOptions":{"binary":"C:\\Program Files\\Google\\Chrome\\Application\\chrome.exe","args":["--force-device-scale-factor=0.8","--start-maximized"]}},"logLevel":"warn","connectionRetryTimeout":120000,"connectionRetryCount":3,"logLevels":{},"enableDirectConnect":true,"strictSSL":true,"_":"65 more keys: [\"cacheDir\",\"port\",\"requestedCapabilities\",\"automationProtocol\",\"baseUrl\",\"waitforInterval\",\"waitforTimeout\",\"onReload\",\"beforeCommand\",\"afterCommand\",\"rootDir\",\"specs\",\"suites\",\"exclude\",\"groupLogsByTestSpec\",\"excludeDriverLogs\",\"bail\",\"framework\",\"reporters\",\"services\",\"maxInstances\",\"maxInstancesPerCapability\",\"injectGlobals\",\"filesToWatch\",\"execArgv\",\"runnerEnv\",\"runner\",\"shard\",\"specFileRetries\",\"specFileRetriesDelay\",\"specFileRetriesDeferred\",\"reporterSyncInterval\",\"reporterSyncTimeout\",\"cucumberFeaturesWithLineNumbers\",\"autoCompileOpts\",\"mochaOpts\",\"jasmineOpts\",\"cucumberOpts\",\"onPrepare\",\"onWorkerStart\",\"onWorkerEnd\",\"before\",\"beforeSession\",\"beforeSuite\",\"beforeHook\",\"beforeTest\",\"afterTest\",\"afterHook\",\"afterSuite\",\"afterSession\",\"after\",\"onComplete\",\"beforeAssertion\",\"afterAssertion\",\"beforeFeature\",\"beforeScenario\",\"beforeStep\",\"afterStep\",\"afterScenario\",\"afterFeature\",\"_\",\"suite\",\"$0\",\"ignoredWorkerServices\",\"wdi5\"]"}]}
COMMAND: POST /session/ec284260d80df1b286fd1c4360299648/execute/async - {"script":"<script> [21126 bytes]","args":[35000]}
RESULT: {"script":"<script> [21126 bytes]","args":[35000]}
COMMAND: POST /session/ec284260d80df1b286fd1c4360299648/element - {"using":"css selector","value":"#shell-header-logo"}
RESULT: {"using":"css selector","value":"#shell-header-logo"}
COMMAND: POST /session/ec284260d80df1b286fd1c4360299648/element/f.B9CB64A859AAC9ED11F02B17526367C4.d.387387313345DE5362DFC575C28D3C0E.e.3730/click - {}
RESULT: {}
COMMAND: GET /session/ec284260d80df1b286fd1c4360299648/screenshot - {}
RESULT: {}
COMMAND: POST /session/ec284260d80df1b286fd1c4360299648/execute/async - {"script":"<script> [1562 bytes]","args":[{"selector":{"controlType":"sap.m.GenericTile","properties":{"header":"Manage Resources"}},"wdio_ui5_key":"sapm.GenericTile{\"header\":\"Manage Resources\"}"}]}
RESULT: {"script":"<script> [1562 bytes]","args":[{"selector":{"controlType":"sap.m.GenericTile","properties":{"header":"Manage Resources"}},"wdio_ui5_key":"sapm.GenericTile{\"header\":\"Manage Resources\"}"}]}
RESULT: undefined
COMMAND: POST /session/ec284260d80df1b286fd1c4360299648/element - {"using":"xpath","value":"//*[@id=\"__tile54\"]"}
RESULT: {"using":"xpath","value":"//*[@id=\"__tile54\"]"}
COMMAND: POST /session/ec284260d80df1b286fd1c4360299648/element/f.B9CB64A859AAC9ED11F02B17526367C4.d.387387313345DE5362DFC575C28D3C0E.e.4176/click - {}
RESULT: {}
COMMAND: GET /session/ec284260d80df1b286fd1c4360299648/screenshot - {}
RESULT: {}
RESULT: undefined
COMMAND: POST /session/ec284260d80df1b286fd1c4360299648/element - {"using":"xpath","value":"//button[@data-kt=\"addNewRUOverflowToolbarButton\"]"}
RESULT: {"using":"xpath","value":"//button[@data-kt=\"addNewRUOverflowToolbarButton\"]"}
COMMAND: POST /session/ec284260d80df1b286fd1c4360299648/execute/sync - {"script":"<script> [8489 bytes]","args":[{"element-6066-11e4-a52e-4f735466cecf":"f.B9CB64A859AAC9ED11F02B17526367C4.d.387387313345DE5362DFC575C28D3C0E.e.4218","ELEMENT":"f.B9CB64A859AAC9ED11F02B17526367C4.d.387387313345DE5362DFC575C28D3C0E.e.4218"}]}
RESULT: {"script":"<script> [8489 bytes]","args":[{"element-6066-11e4-a52e-4f735466cecf":"f.B9CB64A859AAC9ED11F02B17526367C4.d.387387313345DE5362DFC575C28D3C0E.e.4218","ELEMENT":"f.B9CB64A859AAC9ED11F02B17526367C4.d.387387313345DE5362DFC575C28D3C0E.e.4218"}]}
COMMAND: POST /session/ec284260d80df1b286fd1c4360299648/element/f.B9CB64A859AAC9ED11F02B17526367C4.d.387387313345DE5362DFC575C28D3C0E.e.4218/click - {}
COMMAND: GET /session/ec284260d80df1b286fd1c4360299648/screenshot - {}
RESULT: {}
COMMAND: GET /session/ec284260d80df1b286fd1c4360299648/screenshot - {}
RESULT: {}
RESULT: {}
COMMAND: POST /session/ec284260d80df1b286fd1c4360299648/execute/async - {"script":"<script> [1562 bytes]","args":[{"selector":{"id":"application-manageresources-display-component---newResourceUnit--TYPE-arrow"},"wdio_ui5_key":"applicationmanageresources-display-component---newResourceUnit--TYPE-arrow"}]}
RESULT: {"script":"<script> [1562 bytes]","args":[{"selector":{"id":"application-manageresources-display-component---newResourceUnit--TYPE-arrow"},"wdio_ui5_key":"applicationmanageresources-display-component---newResourceUnit--TYPE-arrow"}]}
RESULT: undefined
COMMAND: POST /session/ec284260d80df1b286fd1c4360299648/element - {"using":"xpath","value":"//*[@id=\"application-manageresources-display-component---newResourceUnit--TYPE-arrow\"]"}
RESULT: {"using":"xpath","value":"//*[@id=\"application-manageresources-display-component---newResourceUnit--TYPE-arrow\"]"}
COMMAND: POST /session/ec284260d80df1b286fd1c4360299648/element/f.B9CB64A859AAC9ED11F02B17526367C4.d.387387313345DE5362DFC575C28D3C0E.e.4649/click - {}
RESULT: {}
COMMAND: POST /session/ec284260d80df1b286fd1c4360299648/execute/async - {"script":"<script> [1562 bytes]","args":[{"selector":{"controlType":"sap.m.StandardListItem","viewName":"reusables.view.manageresources.NewResourceUnit","viewId":"application-manageresources-display-component---newResourceUnit","properties":{"title":"Equipment"},"searchOpenDialogs":true,"interaction":{"idSuffix":"content"}},"wdio_ui5_key":"reusablesview.manageresources.NewResourceUnitsap.m.StandardListItem{\"title\":\"Equipment\"}"}]}
COMMAND: GET /session/ec284260d80df1b286fd1c4360299648/screenshot - {}
RESULT: {"script":"<script> [1562 bytes]","args":[{"selector":{"controlType":"sap.m.StandardListItem","viewName":"reusables.view.manageresources.NewResourceUnit","viewId":"application-manageresources-display-component---newResourceUnit","properties":{"title":"Equipment"},"searchOpenDialogs":true,"interaction":{"idSuffix":"content"}},"wdio_ui5_key":"reusablesview.manageresources.NewResourceUnitsap.m.StandardListItem{\"title\":\"Equipment\"}"}]}
RESULT: undefined
COMMAND: POST /session/ec284260d80df1b286fd1c4360299648/element - {"using":"xpath","value":"//*[@id=\"__item204\"]"}
RESULT: {}
RESULT: {"using":"xpath","value":"//*[@id=\"__item204\"]"}
COMMAND: POST /session/ec284260d80df1b286fd1c4360299648/element/f.B9CB64A859AAC9ED11F02B17526367C4.d.387387313345DE5362DFC575C28D3C0E.e.4652/click - {}
RESULT: {}
COMMAND: POST /session/ec284260d80df1b286fd1c4360299648/execute/async - {"script":"<script> [1562 bytes]","args":[{"selector":{"id":"application-manageresources-display-component---newResourceUnit--resourceId","interaction":{"idSuffix":"inner"}},"wdio_ui5_key":"applicationmanageresources-display-component---newResourceUnit--resourceId"}]}
COMMAND: GET /session/ec284260d80df1b286fd1c4360299648/screenshot - {}
RESULT: {"script":"<script> [1562 bytes]","args":[{"selector":{"id":"application-manageresources-display-component---newResourceUnit--resourceId","interaction":{"idSuffix":"inner"}},"wdio_ui5_key":"applicationmanageresources-display-component---newResourceUnit--resourceId"}]}
RESULT: undefined
COMMAND: POST /session/ec284260d80df1b286fd1c4360299648/execute/async - {"script":"<script> [776 bytes]","args":[{"enterText":"WdIOR2cEquip021g7","selector":{"id":"application-manageresources-display-component---newResourceUnit--resourceId","interaction":{"idSuffix":"inner"}},"clearTextFirst":true,"interactionType":"ENTER_TEXT"}]}
RESULT: {}
RESULT: {"script":"<script> [776 bytes]","args":[{"enterText":"WdIOR2cEquip021g7","selector":{"id":"application-manageresources-display-component---newResourceUnit--resourceId","interaction":{"idSuffix":"inner"}},"clearTextFirst":true,"interactionType":"ENTER_TEXT"}]}
COMMAND: POST /session/ec284260d80df1b286fd1c4360299648/execute/async - {"script":"<script> [1562 bytes]","args":[{"selector":{"id":"application-manageresources-display-component---newResourceUnit--SHORT_TEXT","interaction":{"idSuffix":"inner"}},"wdio_ui5_key":"applicationmanageresources-display-component---newResourceUnit--SHORT_TEXT"}]}
RESULT: {"script":"<script> [1562 bytes]","args":[{"selector":{"id":"application-manageresources-display-component---newResourceUnit--SHORT_TEXT","interaction":{"idSuffix":"inner"}},"wdio_ui5_key":"applicationmanageresources-display-component---newResourceUnit--SHORT_TEXT"}]}
RESULT: undefined
COMMAND: POST /session/ec284260d80df1b286fd1c4360299648/execute/async - {"script":"<script> [776 bytes]","args":[{"enterText":"WdIOR2cEquip021g7","selector":{"id":"application-manageresources-display-component---newResourceUnit--SHORT_TEXT","interaction":{"idSuffix":"inner"}},"clearTextFirst":true,"interactionType":"ENTER_TEXT"}]}
RESULT: {"script":"<script> [776 bytes]","args":[{"enterText":"WdIOR2cEquip021g7","selector":{"id":"application-manageresources-display-component---newResourceUnit--SHORT_TEXT","interaction":{"idSuffix":"inner"}},"clearTextFirst":true,"interactionType":"ENTER_TEXT"}]}
COMMAND: POST /session/ec284260d80df1b286fd1c4360299648/execute/async - {"script":"<script> [1562 bytes]","args":[{"selector":{"id":"application-manageresources-display-component---newResourceUnit--BASE_UNIT_OF_MEASURE","interaction":{"idSuffix":"inner"}},"wdio_ui5_key":"applicationmanageresources-display-component---newResourceUnit--BASE_UNIT_OF_MEASURE"}]}
RESULT: {"script":"<script> [1562 bytes]","args":[{"selector":{"id":"application-manageresources-display-component---newResourceUnit--BASE_UNIT_OF_MEASURE","interaction":{"idSuffix":"inner"}},"wdio_ui5_key":"applicationmanageresources-display-component---newResourceUnit--BASE_UNIT_OF_MEASURE"}]}
RESULT: undefined
COMMAND: POST /session/ec284260d80df1b286fd1c4360299648/execute/async - {"script":"<script> [776 bytes]","args":[{"enterText":"Piece","selector":{"id":"application-manageresources-display-component---newResourceUnit--BASE_UNIT_OF_MEASURE","interaction":{"idSuffix":"inner"}},"clearTextFirst":true,"interactionType":"ENTER_TEXT"}]}
RESULT: {"script":"<script> [776 bytes]","args":[{"enterText":"Piece","selector":{"id":"application-manageresources-display-component---newResourceUnit--BASE_UNIT_OF_MEASURE","interaction":{"idSuffix":"inner"}},"clearTextFirst":true,"interactionType":"ENTER_TEXT"}]}
COMMAND: POST /session/ec284260d80df1b286fd1c4360299648/execute/async - {"script":"<script> [1562 bytes]","args":[{"selector":{"id":"application-manageresources-display-component---newResourceUnit--WEIGHT_UNIT","interaction":{"idSuffix":"inner"}},"wdio_ui5_key":"applicationmanageresources-display-component---newResourceUnit--WEIGHT_UNIT"}]}
RESULT: {"script":"<script> [1562 bytes]","args":[{"selector":{"id":"application-manageresources-display-component---newResourceUnit--WEIGHT_UNIT","interaction":{"idSuffix":"inner"}},"wdio_ui5_key":"applicationmanageresources-display-component---newResourceUnit--WEIGHT_UNIT"}]}
RESULT: undefined
COMMAND: POST /session/ec284260d80df1b286fd1c4360299648/execute/async - {"script":"<script> [776 bytes]","args":[{"enterText":"Gram","selector":{"id":"application-manageresources-display-component---newResourceUnit--WEIGHT_UNIT","interaction":{"idSuffix":"inner"}},"clearTextFirst":true,"interactionType":"ENTER_TEXT"}]}
RESULT: {"script":"<script> [776 bytes]","args":[{"enterText":"Gram","selector":{"id":"application-manageresources-display-component---newResourceUnit--WEIGHT_UNIT","interaction":{"idSuffix":"inner"}},"clearTextFirst":true,"interactionType":"ENTER_TEXT"}]}
COMMAND: POST /session/ec284260d80df1b286fd1c4360299648/execute/async - {"script":"<script> [1562 bytes]","args":[{"selector":{"id":"application-manageresources-display-component---newResourceUnit--newRRUPage-OPHeaderContent-collapseBtn-img"},"wdio_ui5_key":"applicationmanageresources-display-component---newResourceUnit--newRRUPage-OPHeaderContent-collapseBtn-img"}]}
RESULT: {"script":"<script> [1562 bytes]","args":[{"selector":{"id":"application-manageresources-display-component---newResourceUnit--newRRUPage-OPHeaderContent-collapseBtn-img"},"wdio_ui5_key":"applicationmanageresources-display-component---newResourceUnit--newRRUPage-OPHeaderContent-collapseBtn-img"}]}
RESULT: undefined
COMMAND: POST /session/ec284260d80df1b286fd1c4360299648/element - {"using":"xpath","value":"//*[@id=\"application-manageresources-display-component---newResourceUnit--newRRUPage-OPHeaderContent-collapseBtn-img\"]"}
RESULT: {"using":"xpath","value":"//*[@id=\"application-manageresources-display-component---newResourceUnit--newRRUPage-OPHeaderContent-collapseBtn-img\"]"}
COMMAND: POST /session/ec284260d80df1b286fd1c4360299648/element/f.B9CB64A859AAC9ED11F02B17526367C4.d.387387313345DE5362DFC575C28D3C0E.e.4661/click - {}
RESULT: {}
COMMAND: GET /session/ec284260d80df1b286fd1c4360299648/screenshot - {}
RESULT: {}
COMMAND: POST /session/ec284260d80df1b286fd1c4360299648/element - {"using":"xpath","value":"(//span[contains(@id ,\"application-manageresources-display-component---newResourceUnit--DIMENSION_UNIT-arrow\")])[1]"}
RESULT: {"using":"xpath","value":"(//span[contains(@id ,\"application-manageresources-display-component---newResourceUnit--DIMENSION_UNIT-arrow\")])[1]"}
COMMAND: POST /session/ec284260d80df1b286fd1c4360299648/element/f.B9CB64A859AAC9ED11F02B17526367C4.d.387387313345DE5362DFC575C28D3C0E.e.4786/click - {}
RESULT: {}
COMMAND: GET /session/ec284260d80df1b286fd1c4360299648/screenshot - {}
RESULT: {}
COMMAND: POST /session/ec284260d80df1b286fd1c4360299648/execute/async - {"script":"<script> [1562 bytes]","args":[{"selector":{"controlType":"sap.m.StandardListItem","viewName":"reusables.view.manageresources.NewResourceUnit","viewId":"application-manageresources-display-component---newResourceUnit","properties":{"title":"Centimeter"},"searchOpenDialogs":true,"interaction":{"idSuffix":"titleText"}},"wdio_ui5_key":"reusablesview.manageresources.NewResourceUnitsap.m.StandardListItem{\"title\":\"Centimeter\"}"}]}
RESULT: {"script":"<script> [1562 bytes]","args":[{"selector":{"controlType":"sap.m.StandardListItem","viewName":"reusables.view.manageresources.NewResourceUnit","viewId":"application-manageresources-display-component---newResourceUnit","properties":{"title":"Centimeter"},"searchOpenDialogs":true,"interaction":{"idSuffix":"titleText"}},"wdio_ui5_key":"reusablesview.manageresources.NewResourceUnitsap.m.StandardListItem{\"title\":\"Centimeter\"}"}]}
RESULT: undefined
COMMAND: POST /session/ec284260d80df1b286fd1c4360299648/element - {"using":"xpath","value":"//*[@id=\"__item247\"]"}
RESULT: {"using":"xpath","value":"//*[@id=\"__item247\"]"}
COMMAND: POST /session/ec284260d80df1b286fd1c4360299648/element/f.B9CB64A859AAC9ED11F02B17526367C4.d.387387313345DE5362DFC575C28D3C0E.e.4788/click - {}
RESULT: {}
COMMAND: GET /session/ec284260d80df1b286fd1c4360299648/screenshot - {}
RESULT: {}
COMMAND: POST /session/ec284260d80df1b286fd1c4360299648/execute/async - {"script":"<script> [1562 bytes]","args":[{"selector":{"id":"application-manageresources-display-component---newResourceUnit--newRRUPage-anchBar-application-manageresources-display-component---newResourceUnit--control-anchor","interaction":{"idSuffix":"BDI-content"}},"wdio_ui5_key":"applicationmanageresources-display-component---newResourceUnit--newRRUPage-anchBar-application-manageresources-display-component---newResourceUnit--control-anchor"}]}
RESULT: {"script":"<script> [1562 bytes]","args":[{"selector":{"id":"application-manageresources-display-component---newResourceUnit--newRRUPage-anchBar-application-manageresources-display-component---newResourceUnit--control-anchor","interaction":{"idSuffix":"BDI-content"}},"wdio_ui5_key":"applicationmanageresources-display-component---newResourceUnit--newRRUPage-anchBar-application-manageresources-display-component---newResourceUnit--control-anchor"}]}
RESULT: undefined
COMMAND: POST /session/ec284260d80df1b286fd1c4360299648/element - {"using":"xpath","value":"//*[@id=\"application-manageresources-display-component---newResourceUnit--newRRUPage-anchBar-application-manageresources-display-component---newResourceUnit--control-anchor\"]"}
RESULT: {"using":"xpath","value":"//*[@id=\"application-manageresources-display-component---newResourceUnit--newRRUPage-anchBar-application-manageresources-display-component---newResourceUnit--control-anchor\"]"}
COMMAND: POST /session/ec284260d80df1b286fd1c4360299648/element/f.B9CB64A859AAC9ED11F02B17526367C4.d.387387313345DE5362DFC575C28D3C0E.e.4790/click - {}
RESULT: {}
COMMAND: POST /session/ec284260d80df1b286fd1c4360299648/execute/async - {"script":"<script> [1562 bytes]","args":[{"selector":{"id":"application-manageresources-display-component---newResourceUnit--PLANNING_GROUP","interaction":{"idSuffix":"inner"}},"wdio_ui5_key":"applicationmanageresources-display-component---newResourceUnit--PLANNING_GROUP"}]}
COMMAND: GET /session/ec284260d80df1b286fd1c4360299648/screenshot - {}
RESULT: {"script":"<script> [1562 bytes]","args":[{"selector":{"id":"application-manageresources-display-component---newResourceUnit--PLANNING_GROUP","interaction":{"idSuffix":"inner"}},"wdio_ui5_key":"applicationmanageresources-display-component---newResourceUnit--PLANNING_GROUP"}]}
RESULT: undefined
COMMAND: POST /session/ec284260d80df1b286fd1c4360299648/execute/async - {"script":"<script> [776 bytes]","args":[{"enterText":"Heavy Equi","selector":{"id":"application-manageresources-display-component---newResourceUnit--PLANNING_GROUP","interaction":{"idSuffix":"inner"}},"clearTextFirst":true,"interactionType":"ENTER_TEXT"}]}
RESULT: {}
RESULT: {"script":"<script> [776 bytes]","args":[{"enterText":"Heavy Equi","selector":{"id":"application-manageresources-display-component---newResourceUnit--PLANNING_GROUP","interaction":{"idSuffix":"inner"}},"clearTextFirst":true,"interactionType":"ENTER_TEXT"}]}
COMMAND: POST /session/ec284260d80df1b286fd1c4360299648/execute/async - {"script":"<script> [1562 bytes]","args":[{"selector":{"id":"application-manageresources-display-component---newResourceUnit--ITEM_TYPE-arrow"},"wdio_ui5_key":"applicationmanageresources-display-component---newResourceUnit--ITEM_TYPE-arrow"}]}
RESULT: {"script":"<script> [1562 bytes]","args":[{"selector":{"id":"application-manageresources-display-component---newResourceUnit--ITEM_TYPE-arrow"},"wdio_ui5_key":"applicationmanageresources-display-component---newResourceUnit--ITEM_TYPE-arrow"}]}
RESULT: undefined
COMMAND: POST /session/ec284260d80df1b286fd1c4360299648/element - {"using":"xpath","value":"//*[@id=\"application-manageresources-display-component---newResourceUnit--ITEM_TYPE-arrow\"]"}
RESULT: {"using":"xpath","value":"//*[@id=\"application-manageresources-display-component---newResourceUnit--ITEM_TYPE-arrow\"]"}
COMMAND: POST /session/ec284260d80df1b286fd1c4360299648/element/f.B9CB64A859AAC9ED11F02B17526367C4.d.387387313345DE5362DFC575C28D3C0E.e.4795/click - {}
RESULT: {}
COMMAND: POST /session/ec284260d80df1b286fd1c4360299648/execute/async - {"script":"<script> [1562 bytes]","args":[{"selector":{"controlType":"sap.m.StandardListItem","viewName":"reusables.view.manageresources.NewResourceUnit","viewId":"application-manageresources-display-component---newResourceUnit","properties":{"title":"Resource Unit"},"searchOpenDialogs":true,"interaction":{"idSuffix":"titleText"}},"wdio_ui5_key":"reusablesview.manageresources.NewResourceUnitsap.m.StandardListItem{\"title\":\"Resource Unit\"}"}]}
COMMAND: GET /session/ec284260d80df1b286fd1c4360299648/screenshot - {}
RESULT: {"script":"<script> [1562 bytes]","args":[{"selector":{"controlType":"sap.m.StandardListItem","viewName":"reusables.view.manageresources.NewResourceUnit","viewId":"application-manageresources-display-component---newResourceUnit","properties":{"title":"Resource Unit"},"searchOpenDialogs":true,"interaction":{"idSuffix":"titleText"}},"wdio_ui5_key":"reusablesview.manageresources.NewResourceUnitsap.m.StandardListItem{\"title\":\"Resource Unit\"}"}]}
RESULT: undefined
COMMAND: POST /session/ec284260d80df1b286fd1c4360299648/element - {"using":"xpath","value":"//*[@id=\"__item269\"]"}
RESULT: {}
RESULT: {"using":"xpath","value":"//*[@id=\"__item269\"]"}
COMMAND: POST /session/ec284260d80df1b286fd1c4360299648/element/f.B9CB64A859AAC9ED11F02B17526367C4.d.387387313345DE5362DFC575C28D3C0E.e.4797/click - {}
RESULT: {}
COMMAND: POST /session/ec284260d80df1b286fd1c4360299648/element - {"using":"xpath","value":"//bdi[contains(text(), \"Time Segment\")]"}
COMMAND: GET /session/ec284260d80df1b286fd1c4360299648/screenshot - {}
RESULT: {"using":"xpath","value":"//bdi[contains(text(), \"Time Segment\")]"}
COMMAND: GET /session/ec284260d80df1b286fd1c4360299648/element/f.B9CB64A859AAC9ED11F02B17526367C4.d.387387313345DE5362DFC575C28D3C0E.e.4798/rect - {}
RESULT: {}
RESULT: {}
COMMAND: GET /session/ec284260d80df1b286fd1c4360299648/window/rect - {}
RESULT: {}
COMMAND: POST /session/ec284260d80df1b286fd1c4360299648/execute/sync - {"script":"<script> [92 bytes]","args":[]}
RESULT: {"script":"<script> [92 bytes]","args":[]}
COMMAND: POST /session/ec284260d80df1b286fd1c4360299648/actions - {"actions":[{"id":"action7","type":"wheel","parameters":{},"actions":[{"type":"scroll","x":-2304,"y":-20,"deltaX":0,"deltaY":0,"duration":0,"origin":{"element-6066-11e4-a52e-4f735466cecf":"f.B9CB64A859AAC9ED11F02B17526367C4.d.387387313345DE5362DFC575C28D3C0E.e.4798"}}]}]}
COMMAND: GET /session/ec284260d80df1b286fd1c4360299648/screenshot - {}
RESULT: {}
COMMAND: POST /session/ec284260d80df1b286fd1c4360299648/execute/sync - {"script":"<script> [79 bytes]","args":[{"element-6066-11e4-a52e-4f735466cecf":"f.B9CB64A859AAC9ED11F02B17526367C4.d.387387313345DE5362DFC575C28D3C0E.e.4798","ELEMENT":"f.B9CB64A859AAC9ED11F02B17526367C4.d.387387313345DE5362DFC575C28D3C0E.e.4798"},{"block":"start","inline":"nearest"}]}
RESULT: {"script":"<script> [79 bytes]","args":[{"element-6066-11e4-a52e-4f735466cecf":"f.B9CB64A859AAC9ED11F02B17526367C4.d.387387313345DE5362DFC575C28D3C0E.e.4798","ELEMENT":"f.B9CB64A859AAC9ED11F02B17526367C4.d.387387313345DE5362DFC575C28D3C0E.e.4798"},{"block":"start","inline":"nearest"}]}
COMMAND: POST /session/ec284260d80df1b286fd1c4360299648/execute/async - {"script":"<script> [1562 bytes]","args":[{"selector":{"id":"application-manageresources-display-component---newResourceUnit--btnAddTimeSegment-img"},"wdio_ui5_key":"applicationmanageresources-display-component---newResourceUnit--btnAddTimeSegment-img"}]}
COMMAND: GET /session/ec284260d80df1b286fd1c4360299648/screenshot - {}
RESULT: {"script":"<script> [1562 bytes]","args":[{"selector":{"id":"application-manageresources-display-component---newResourceUnit--btnAddTimeSegment-img"},"wdio_ui5_key":"applicationmanageresources-display-component---newResourceUnit--btnAddTimeSegment-img"}]}
RESULT: undefined
COMMAND: POST /session/ec284260d80df1b286fd1c4360299648/element - {"using":"xpath","value":"//*[@id=\"application-manageresources-display-component---newResourceUnit--btnAddTimeSegment-img\"]"}
RESULT: {}
RESULT: {"using":"xpath","value":"//*[@id=\"application-manageresources-display-component---newResourceUnit--btnAddTimeSegment-img\"]"}
COMMAND: POST /session/ec284260d80df1b286fd1c4360299648/element/f.B9CB64A859AAC9ED11F02B17526367C4.d.387387313345DE5362DFC575C28D3C0E.e.4799/click - {}
RESULT: {}
COMMAND: GET /session/ec284260d80df1b286fd1c4360299648/screenshot - {}
RESULT: {}
COMMAND: POST /session/ec284260d80df1b286fd1c4360299648/element - {"using":"xpath","value":"//input[@id=\"application-manageresources-display-component---newResourceUnit--idRuTSAdmin-application-manageresources-display-component---newResourceUnit--RUTimeSegment-0-inner\"]"}
RESULT: {"using":"xpath","value":"//input[@id=\"application-manageresources-display-component---newResourceUnit--idRuTSAdmin-application-manageresources-display-component---newResourceUnit--RUTimeSegment-0-inner\"]"}
COMMAND: POST /session/ec284260d80df1b286fd1c4360299648/element/f.B9CB64A859AAC9ED11F02B17526367C4.d.387387313345DE5362DFC575C28D3C0E.e.4805/clear - {}
RESULT: {}
COMMAND: POST /session/ec284260d80df1b286fd1c4360299648/element/f.B9CB64A859AAC9ED11F02B17526367C4.d.387387313345DE5362DFC575C28D3C0E.e.4805/value - {"text":"WebdriverYard6wv8h"}
COMMAND: GET /session/ec284260d80df1b286fd1c4360299648/screenshot - {}
RESULT: {"text":"WebdriverYard6wv8h"}
COMMAND: GET /session/ec284260d80df1b286fd1c4360299648/screenshot - {}
RESULT: {}
RESULT: {}
COMMAND: POST /session/ec284260d80df1b286fd1c4360299648/actions - {"actions":[{"id":"action8","type":"key","parameters":{},"actions":[{"type":"keyDown","value":""},{"type":"pause","duration":10},{"type":"keyUp","value":""}]}]}
RESULT: {"actions":[{"id":"action8","type":"key","parameters":{},"actions":[{"type":"keyDown","value":""},{"type":"pause","duration":10},{"type":"keyUp","value":""}]}]}
COMMAND: POST /session/ec284260d80df1b286fd1c4360299648/execute/async - {"script":"<script> [1562 bytes]","args":[{"selector":{"controlType":"sap.ui.core.Icon","viewName":"reusables.view.manageresources.NewResourceUnit","viewId":"application-manageresources-display-component---newResourceUnit","properties":{"src":{"regex":{"source":"slim\\-arrow\\-down"}}},"ancestor":{"controlType":"sap.m.ComboBox","viewName":"reusables.view.manageresources.NewResourceUnit","viewId":"application-manageresources-display-component---newResourceUnit","bindingPath":{"path":"/RESOURCE_UNIT_TIME_SEQUENCES/0","propertyPath":"COST_OBJECT_ADMIN_CST_TYPE","modelName":"oNewRruModel"}}},"wdio_ui5_key":"reusablesview.manageresources.NewResourceUnitsap.ui.core.Icon{\"src\":{\"regex\":{\"source\":\"slim\\\\-arrow\\\\-down\"}}}{\"controlType\":\"sap.m.ComboBox\",\"viewName\":\"reusables.view.manageresources.NewResourceUnit\",\"viewId\":\"application-manageresources-display-component---newResourceUnit\",\"bindingPath\":{\"path\":\"/RESOURCE_UNIT_TIME_SEQUENCES/0\",\"propertyPath\":\"COST_OBJECT_ADMIN_CST_TYPE\",\"modelName\":\"oNewRruModel\"}}"}]}
COMMAND: GET /session/ec284260d80df1b286fd1c4360299648/screenshot - {}
RESULT: {"script":"<script> [1562 bytes]","args":[{"selector":{"controlType":"sap.ui.core.Icon","viewName":"reusables.view.manageresources.NewResourceUnit","viewId":"application-manageresources-display-component---newResourceUnit","properties":{"src":{"regex":{"source":"slim\\-arrow\\-down"}}},"ancestor":{"controlType":"sap.m.ComboBox","viewName":"reusables.view.manageresources.NewResourceUnit","viewId":"application-manageresources-display-component---newResourceUnit","bindingPath":{"path":"/RESOURCE_UNIT_TIME_SEQUENCES/0","propertyPath":"COST_OBJECT_ADMIN_CST_TYPE","modelName":"oNewRruModel"}}},"wdio_ui5_key":"reusablesview.manageresources.NewResourceUnitsap.ui.core.Icon{\"src\":{\"regex\":{\"source\":\"slim\\\\-arrow\\\\-down\"}}}{\"controlType\":\"sap.m.ComboBox\",\"viewName\":\"reusables.view.manageresources.NewResourceUnit\",\"viewId\":\"application-manageresources-display-component---newResourceUnit\",\"bindingPath\":{\"path\":\"/RESOURCE_UNIT_TIME_SEQUENCES/0\",\"propertyPath\":\"COST_OBJECT_ADMIN_CST_TYPE\",\"modelName\":\"oNewRruModel\"}}"}]}
RESULT: undefined
COMMAND: POST /session/ec284260d80df1b286fd1c4360299648/element - {"using":"xpath","value":"//*[@id=\"__box7-application-manageresources-display-component---newResourceUnit--RUTimeSegment-0-arrow\"]"}
RESULT: {}
RESULT: {"using":"xpath","value":"//*[@id=\"__box7-application-manageresources-display-component---newResourceUnit--RUTimeSegment-0-arrow\"]"}
COMMAND: POST /session/ec284260d80df1b286fd1c4360299648/element/f.B9CB64A859AAC9ED11F02B17526367C4.d.387387313345DE5362DFC575C28D3C0E.e.4818/click - {}
RESULT: {}
COMMAND: POST /session/ec284260d80df1b286fd1c4360299648/execute/async - {"script":"<script> [1562 bytes]","args":[{"selector":{"controlType":"sap.m.StandardListItem","viewName":"reusables.view.manageresources.NewResourceUnit","viewId":"application-manageresources-display-component---newResourceUnit","properties":{"title":"PM Order"},"searchOpenDialogs":true,"interaction":{"idSuffix":"titleText"}},"wdio_ui5_key":"reusablesview.manageresources.NewResourceUnitsap.m.StandardListItem{\"title\":\"PM Order\"}"}]}
COMMAND: GET /session/ec284260d80df1b286fd1c4360299648/screenshot - {}
RESULT: {"script":"<script> [1562 bytes]","args":[{"selector":{"controlType":"sap.m.StandardListItem","viewName":"reusables.view.manageresources.NewResourceUnit","viewId":"application-manageresources-display-component---newResourceUnit","properties":{"title":"PM Order"},"searchOpenDialogs":true,"interaction":{"idSuffix":"titleText"}},"wdio_ui5_key":"reusablesview.manageresources.NewResourceUnitsap.m.StandardListItem{\"title\":\"PM Order\"}"}]}
RESULT: undefined
COMMAND: POST /session/ec284260d80df1b286fd1c4360299648/element - {"using":"xpath","value":"//*[@id=\"__item477\"]"}
RESULT: {}
RESULT: {"using":"xpath","value":"//*[@id=\"__item477\"]"}
COMMAND: POST /session/ec284260d80df1b286fd1c4360299648/element/f.B9CB64A859AAC9ED11F02B17526367C4.d.387387313345DE5362DFC575C28D3C0E.e.4820/click - {}
RESULT: {}
COMMAND: POST /session/ec284260d80df1b286fd1c4360299648/element - {"using":"xpath","value":"(//input[contains(@id ,\"-application-manageresources-display-component---newResourceUnit--RUTimeSegment-0-inner\")])[8]"}
COMMAND: GET /session/ec284260d80df1b286fd1c4360299648/screenshot - {}
RESULT: {"using":"xpath","value":"(//input[contains(@id ,\"-application-manageresources-display-component---newResourceUnit--RUTimeSegment-0-inner\")])[8]"}
COMMAND: POST /session/ec284260d80df1b286fd1c4360299648/element/f.B9CB64A859AAC9ED11F02B17526367C4.d.387387313345DE5362DFC575C28D3C0E.e.4811/clear - {}
RESULT: {}
RESULT: {}
COMMAND: POST /session/ec284260d80df1b286fd1c4360299648/element/f.B9CB64A859AAC9ED11F02B17526367C4.d.387387313345DE5362DFC575C28D3C0E.e.4811/value - {"text":"4000360"}
COMMAND: GET /session/ec284260d80df1b286fd1c4360299648/screenshot - {}
COMMAND: POST /session/ec284260d80df1b286fd1c4360299648/element - {"using":"xpath","value":"(//input[contains(@id ,\"-application-manageresources-display-component---newResourceUnit--RUTimeSegment-0-inner\")])[8]"}
RESULT: {}
RESULT: {"using":"xpath","value":"(//input[contains(@id ,\"-application-manageresources-display-component---newResourceUnit--RUTimeSegment-0-inner\")])[8]"}
COMMAND: POST /session/ec284260d80df1b286fd1c4360299648/element/f.B9CB64A859AAC9ED11F02B17526367C4.d.387387313345DE5362DFC575C28D3C0E.e.4811/value - {"text":"4000360"}
COMMAND: POST /session/ec284260d80df1b286fd1c4360299648/element - {"using":"xpath","value":"(//input[contains(@id ,\"-application-manageresources-display-component---newResourceUnit--RUTimeSegment-0-inner\")])[8]"}
RESULT: {"using":"xpath","value":"(//input[contains(@id ,\"-application-manageresources-display-component---newResourceUnit--RUTimeSegment-0-inner\")])[8]"}
COMMAND: POST /session/ec284260d80df1b286fd1c4360299648/element/f.B9CB64A859AAC9ED11F02B17526367C4.d.387387313345DE5362DFC575C28D3C0E.e.4823/value - {"text":"4000360"}
RESULT: {"text":"4000360"}
COMMAND: GET /session/ec284260d80df1b286fd1c4360299648/screenshot - {}
RESULT: {}
COMMAND: POST /session/ec284260d80df1b286fd1c4360299648/actions - {"actions":[{"id":"action9","type":"key","parameters":{},"actions":[{"type":"keyDown","value":""},{"type":"pause","duration":10},{"type":"keyUp","value":""}]}]}
RESULT: {"actions":[{"id":"action9","type":"key","parameters":{},"actions":[{"type":"keyDown","value":""},{"type":"pause","duration":10},{"type":"keyUp","value":""}]}]}
COMMAND: GET /session/ec284260d80df1b286fd1c4360299648/screenshot - {}
RESULT: {}
COMMAND: POST /session/ec284260d80df1b286fd1c4360299648/element - {"using":"xpath","value":"//input[contains(@id ,\"application-manageresources-display-component---newResourceUnit--newTimeSegmentFromDatePicker-application-manageresources-display-component---newResourceUnit--RUTimeSegment-0-inner\")]"}
RESULT: {"using":"xpath","value":"//input[contains(@id ,\"application-manageresources-display-component---newResourceUnit--newTimeSegmentFromDatePicker-application-manageresources-display-component---newResourceUnit--RUTimeSegment-0-inner\")]"}
COMMAND: POST /session/ec284260d80df1b286fd1c4360299648/element/f.B9CB64A859AAC9ED11F02B17526367C4.d.387387313345DE5362DFC575C28D3C0E.e.4812/clear - {}
RESULT: {}
COMMAND: POST /session/ec284260d80df1b286fd1c4360299648/element/f.B9CB64A859AAC9ED11F02B17526367C4.d.387387313345DE5362DFC575C28D3C0E.e.4812/clear - {}
COMMAND: GET /session/ec284260d80df1b286fd1c4360299648/screenshot - {}
RESULT: {}
COMMAND: POST /session/ec284260d80df1b286fd1c4360299648/element/f.B9CB64A859AAC9ED11F02B17526367C4.d.387387313345DE5362DFC575C28D3C0E.e.4812/value - {"text":"05/14/24"}
COMMAND: GET /session/ec284260d80df1b286fd1c4360299648/screenshot - {}
RESULT: {}
RESULT: {"text":"05/14/24"}
COMMAND: POST /session/ec284260d80df1b286fd1c4360299648/execute/async - {"script":"<script> [1562 bytes]","args":[{"selector":{"id":"application-manageresources-display-component---newResourceUnit--newRRUPage-anchBar-application-manageresources-display-component---newResourceUnit--resource-anchor","interaction":{"idSuffix":"BDI-content"}},"wdio_ui5_key":"applicationmanageresources-display-component---newResourceUnit--newRRUPage-anchBar-application-manageresources-display-component---newResourceUnit--resource-anchor"}]}
COMMAND: GET /session/ec284260d80df1b286fd1c4360299648/screenshot - {}
RESULT: {}
RESULT: {"script":"<script> [1562 bytes]","args":[{"selector":{"id":"application-manageresources-display-component---newResourceUnit--newRRUPage-anchBar-application-manageresources-display-component---newResourceUnit--resource-anchor","interaction":{"idSuffix":"BDI-content"}},"wdio_ui5_key":"applicationmanageresources-display-component---newResourceUnit--newRRUPage-anchBar-application-manageresources-display-component---newResourceUnit--resource-anchor"}]}
RESULT: undefined
COMMAND: POST /session/ec284260d80df1b286fd1c4360299648/element - {"using":"xpath","value":"//*[@id=\"application-manageresources-display-component---newResourceUnit--newRRUPage-anchBar-application-manageresources-display-component---newResourceUnit--resource-anchor\"]"}
RESULT: {}
RESULT: {"using":"xpath","value":"//*[@id=\"application-manageresources-display-component---newResourceUnit--newRRUPage-anchBar-application-manageresources-display-component---newResourceUnit--resource-anchor\"]"}
COMMAND: POST /session/ec284260d80df1b286fd1c4360299648/element/f.B9CB64A859AAC9ED11F02B17526367C4.d.387387313345DE5362DFC575C28D3C0E.e.4830/click - {}
RESULT: {}
COMMAND: POST /session/ec284260d80df1b286fd1c4360299648/execute/async - {"script":"<script> [1562 bytes]","args":[{"selector":{"id":"application-manageresources-display-component---newResourceUnit--PLANNED_DELIVERY_DATE","interaction":{"idSuffix":"inner"}},"wdio_ui5_key":"applicationmanageresources-display-component---newResourceUnit--PLANNED_DELIVERY_DATE"}]}
COMMAND: GET /session/ec284260d80df1b286fd1c4360299648/screenshot - {}
RESULT: {"script":"<script> [1562 bytes]","args":[{"selector":{"id":"application-manageresources-display-component---newResourceUnit--PLANNED_DELIVERY_DATE","interaction":{"idSuffix":"inner"}},"wdio_ui5_key":"applicationmanageresources-display-component---newResourceUnit--PLANNED_DELIVERY_DATE"}]}
RESULT: undefined
COMMAND: POST /session/ec284260d80df1b286fd1c4360299648/execute/async - {"script":"<script> [6424 bytes]","args":[{"element-6066-11e4-a52e-4f735466cecf":"f.B9CB64A859AAC9ED11F02B17526367C4.d.387387313345DE5362DFC575C28D3C0E.e.4706"},"setValue",["05/14/24"]]}
RESULT: {}
RESULT: {"script":"<script> [6424 bytes]","args":[{"element-6066-11e4-a52e-4f735466cecf":"f.B9CB64A859AAC9ED11F02B17526367C4.d.387387313345DE5362DFC575C28D3C0E.e.4706"},"setValue",["05/14/24"]]}
COMMAND: POST /session/ec284260d80df1b286fd1c4360299648/execute/async - {"script":"<script> [1562 bytes]","args":[{"selector":{"id":"application-manageresources-display-component---newResourceUnit--RETIRE_PLANNED_DATE","interaction":{"idSuffix":"inner"}},"wdio_ui5_key":"applicationmanageresources-display-component---newResourceUnit--RETIRE_PLANNED_DATE"}]}
RESULT: {"script":"<script> [1562 bytes]","args":[{"selector":{"id":"application-manageresources-display-component---newResourceUnit--RETIRE_PLANNED_DATE","interaction":{"idSuffix":"inner"}},"wdio_ui5_key":"applicationmanageresources-display-component---newResourceUnit--RETIRE_PLANNED_DATE"}]}
RESULT: undefined
COMMAND: POST /session/ec284260d80df1b286fd1c4360299648/execute/async - {"script":"<script> [776 bytes]","args":[{"enterText":"3/14/29","selector":{"id":"application-manageresources-display-component---newResourceUnit--RETIRE_PLANNED_DATE","interaction":{"idSuffix":"inner"}},"clearTextFirst":true,"interactionType":"ENTER_TEXT"}]}
RESULT: {"script":"<script> [776 bytes]","args":[{"enterText":"3/14/29","selector":{"id":"application-manageresources-display-component---newResourceUnit--RETIRE_PLANNED_DATE","interaction":{"idSuffix":"inner"}},"clearTextFirst":true,"interactionType":"ENTER_TEXT"}]}
COMMAND: POST /session/ec284260d80df1b286fd1c4360299648/execute/async - {"script":"<script> [1562 bytes]","args":[{"selector":{"controlType":"sap.m.Button","viewName":"reusables.view.manageresources.NewResourceUnit","viewId":"application-manageresources-display-component---newResourceUnit","i18NText":{"propertyName":"tooltip","key":"save"},"interaction":{"idSuffix":"BDI-content"}},"wdio_ui5_key":"reusablesview.manageresources.NewResourceUnitsap.m.Button{\"propertyName\":\"tooltip\",\"key\":\"save\"}"}]}
RESULT: {"script":"<script> [1562 bytes]","args":[{"selector":{"controlType":"sap.m.Button","viewName":"reusables.view.manageresources.NewResourceUnit","viewId":"application-manageresources-display-component---newResourceUnit","i18NText":{"propertyName":"tooltip","key":"save"},"interaction":{"idSuffix":"BDI-content"}},"wdio_ui5_key":"reusablesview.manageresources.NewResourceUnitsap.m.Button{\"propertyName\":\"tooltip\",\"key\":\"save\"}"}]}
RESULT: undefined
COMMAND: POST /session/ec284260d80df1b286fd1c4360299648/element - {"using":"xpath","value":"//*[@id=\"application-manageresources-display-component---newResourceUnit--createRuButton\"]"}
RESULT: {"using":"xpath","value":"//*[@id=\"application-manageresources-display-component---newResourceUnit--createRuButton\"]"}
COMMAND: POST /session/ec284260d80df1b286fd1c4360299648/element/f.B9CB64A859AAC9ED11F02B17526367C4.d.387387313345DE5362DFC575C28D3C0E.e.4667/click - {}
RESULT: {}
COMMAND: GET /session/ec284260d80df1b286fd1c4360299648/screenshot - {}
RESULT: {}
COMMAND: POST /session/ec284260d80df1b286fd1c4360299648/execute/async - {"script":"<script> [1562 bytes]","args":[{"selector":{"controlType":"sap.m.Button","properties":{"text":"Close"},"searchOpenDialogs":true,"interaction":{"idSuffix":"inner"}},"wdio_ui5_key":"sapm.Button{\"text\":\"Close\"}"}]}
RESULT: {"script":"<script> [1562 bytes]","args":[{"selector":{"controlType":"sap.m.Button","properties":{"text":"Close"},"searchOpenDialogs":true,"interaction":{"idSuffix":"inner"}},"wdio_ui5_key":"sapm.Button{\"text\":\"Close\"}"}]}
RESULT: undefined
COMMAND: POST /session/ec284260d80df1b286fd1c4360299648/element - {"using":"xpath","value":"//*[@id=\"__mbox-btn-0\"]"}
RESULT: {"using":"xpath","value":"//*[@id=\"__mbox-btn-0\"]"}
COMMAND: POST /session/ec284260d80df1b286fd1c4360299648/element/f.B9CB64A859AAC9ED11F02B17526367C4.d.387387313345DE5362DFC575C28D3C0E.e.4839/click - {}
RESULT: {}
COMMAND: GET /session/ec284260d80df1b286fd1c4360299648/screenshot - {}
RESULT: {}
COMMAND: POST /session/ec284260d80df1b286fd1c4360299648/execute/async - {"script":"<script> [1562 bytes]","args":[{"selector":{"controlType":"sap.m.Text","viewName":"etm.portal.ui.manageresources.view.Detail","viewId":"application-manageresources-display-component---detailRU","bindingPath":{"propertyPath":"ID","modelName":"catalogModel"}},"wdio_ui5_key":"etmportal.ui.manageresources.view.Detailsap.m.Text{\"propertyPath\":\"ID\",\"modelName\":\"catalogModel\"}"}]}
RESULT: {"script":"<script> [1562 bytes]","args":[{"selector":{"controlType":"sap.m.Text","viewName":"etm.portal.ui.manageresources.view.Detail","viewId":"application-manageresources-display-component---detailRU","bindingPath":{"propertyPath":"ID","modelName":"catalogModel"}},"wdio_ui5_key":"etmportal.ui.manageresources.view.Detailsap.m.Text{\"propertyPath\":\"ID\",\"modelName\":\"catalogModel\"}"}]}
RESULT: undefined
COMMAND: POST /session/ec284260d80df1b286fd1c4360299648/execute/async - {"script":"<script> [6424 bytes]","args":[{"element-6066-11e4-a52e-4f735466cecf":"f.B9CB64A859AAC9ED11F02B17526367C4.d.387387313345DE5362DFC575C28D3C0E.e.4899"},"getText",[]]}
RESULT: {"script":"<script> [6424 bytes]","args":[{"element-6066-11e4-a52e-4f735466cecf":"f.B9CB64A859AAC9ED11F02B17526367C4.d.387387313345DE5362DFC575C28D3C0E.e.4899"},"getText",[]]}
COMMAND: POST /session/ec284260d80df1b286fd1c4360299648/element - {"using":"css selector","value":"#shell-header-logo"}
RESULT: {"using":"css selector","value":"#shell-header-logo"}
COMMAND: POST /session/ec284260d80df1b286fd1c4360299648/element/f.B9CB64A859AAC9ED11F02B17526367C4.d.387387313345DE5362DFC575C28D3C0E.e.4179/click - {}
RESULT: {}
COMMAND: GET /session/ec284260d80df1b286fd1c4360299648/screenshot - {}
RESULT: {}
COMMAND: POST /session/ec284260d80df1b286fd1c4360299648/execute/async - {"script":"<script> [1562 bytes]","args":[{"selector":{"controlType":"sap.m.GenericTile","properties":{"header":"Manage Catalogs"}},"wdio_ui5_key":"sapm.GenericTile{\"header\":\"Manage Catalogs\"}"}]}
RESULT: {"script":"<script> [1562 bytes]","args":[{"selector":{"controlType":"sap.m.GenericTile","properties":{"header":"Manage Catalogs"}},"wdio_ui5_key":"sapm.GenericTile{\"header\":\"Manage Catalogs\"}"}]}
RESULT: undefined
COMMAND: POST /session/ec284260d80df1b286fd1c4360299648/element - {"using":"xpath","value":"//*[@id=\"__tile52\"]"}
RESULT: {"using":"xpath","value":"//*[@id=\"__tile52\"]"}
COMMAND: POST /session/ec284260d80df1b286fd1c4360299648/element/f.B9CB64A859AAC9ED11F02B17526367C4.d.387387313345DE5362DFC575C28D3C0E.e.4901/click - {}
RESULT: {}
COMMAND: GET /session/ec284260d80df1b286fd1c4360299648/screenshot - {}
RESULT: {}
COMMAND: POST /session/ec284260d80df1b286fd1c4360299648/execute/async - {"script":"<script> [1562 bytes]","args":[{"selector":{"controlType":"sap.m.Text","viewName":"etm.portal.ui.managecatalogs.view.MasterCatalogs","viewId":"application-managecatalogs-display-component---masterCatalogs","bindingPath":{"path":"/Catalogs('0D7502D073D53A0F1700BE067B89AFF9')","propertyPath":"DESCRIPTION","modelName":"catalogModel"}},"wdio_ui5_key":"etmportal.ui.managecatalogs.view.MasterCatalogssap.m.Text{\"path\":\"/Catalogs('0D7502D073D53A0F1700BE067B89AFF9')\",\"propertyPath\":\"DESCRIPTION\",\"modelName\":\"catalogModel\"}"}]}
RESULT: {"script":"<script> [1562 bytes]","args":[{"selector":{"controlType":"sap.m.Text","viewName":"etm.portal.ui.managecatalogs.view.MasterCatalogs","viewId":"application-managecatalogs-display-component---masterCatalogs","bindingPath":{"path":"/Catalogs('0D7502D073D53A0F1700BE067B89AFF9')","propertyPath":"DESCRIPTION","modelName":"catalogModel"}},"wdio_ui5_key":"etmportal.ui.managecatalogs.view.MasterCatalogssap.m.Text{\"path\":\"/Catalogs('0D7502D073D53A0F1700BE067B89AFF9')\",\"propertyPath\":\"DESCRIPTION\",\"modelName\":\"catalogModel\"}"}]}
RESULT: undefined
COMMAND: POST /session/ec284260d80df1b286fd1c4360299648/element - {"using":"xpath","value":"//*[@id=\"__text1016-application-managecatalogs-display-component---masterCatalogs--CatalogsTable-11\"]"}
RESULT: {"using":"xpath","value":"//*[@id=\"__text1016-application-managecatalogs-display-component---masterCatalogs--CatalogsTable-11\"]"}
COMMAND: POST /session/ec284260d80df1b286fd1c4360299648/element/f.B9CB64A859AAC9ED11F02B17526367C4.d.387387313345DE5362DFC575C28D3C0E.e.4970/click - {}
RESULT: {}
COMMAND: POST /session/ec284260d80df1b286fd1c4360299648/execute/async - {"script":"<script> [1562 bytes]","args":[{"selector":{"controlType":"sap.ui.layout.HorizontalLayout","viewName":"etm.portal.ui.managecatalogs.view.MasterItems","viewId":"application-managecatalogs-display-component---masterCatalogItems","ancestor":{"id":"application-managecatalogs-display-component---masterCatalogItems--idCatalogItemsTree-rows-row0"}},"wdio_ui5_key":"etmportal.ui.managecatalogs.view.MasterItemssap.ui.layout.HorizontalLayout{\"id\":\"application-managecatalogs-display-component---masterCatalogItems--idCatalogItemsTree-rows-row0\"}"}]}
COMMAND: GET /session/ec284260d80df1b286fd1c4360299648/screenshot - {}
RESULT: {"script":"<script> [1562 bytes]","args":[{"selector":{"controlType":"sap.ui.layout.HorizontalLayout","viewName":"etm.portal.ui.managecatalogs.view.MasterItems","viewId":"application-managecatalogs-display-component---masterCatalogItems","ancestor":{"id":"application-managecatalogs-display-component---masterCatalogItems--idCatalogItemsTree-rows-row0"}},"wdio_ui5_key":"etmportal.ui.managecatalogs.view.MasterItemssap.ui.layout.HorizontalLayout{\"id\":\"application-managecatalogs-display-component---masterCatalogItems--idCatalogItemsTree-rows-row0\"}"}]}
RESULT: undefined
COMMAND: POST /session/ec284260d80df1b286fd1c4360299648/element - {"using":"xpath","value":"//*[@id=\"__layout326-__clone1264\"]"}
RESULT: {}
RESULT: {"using":"xpath","value":"//*[@id=\"__layout326-__clone1264\"]"}
COMMAND: POST /session/ec284260d80df1b286fd1c4360299648/element/f.B9CB64A859AAC9ED11F02B17526367C4.d.387387313345DE5362DFC575C28D3C0E.e.5089/click - {}
RESULT: {}
COMMAND: GET /session/ec284260d80df1b286fd1c4360299648/screenshot - {}
RESULT: {}
COMMAND: POST /session/ec284260d80df1b286fd1c4360299648/execute/async - {"script":"<script> [1562 bytes]","args":[{"selector":{"controlType":"sap.m.Button","viewName":"etm.portal.ui.managecatalogs.view.Detail","viewId":"application-managecatalogs-display-component---detailCatalog","i18NText":{"propertyName":"text","key":"edit"},"interaction":{"idSuffix":"BDI-content"}},"wdio_ui5_key":"etmportal.ui.managecatalogs.view.Detailsap.m.Button{\"propertyName\":\"text\",\"key\":\"edit\"}"}]}
RESULT: {"script":"<script> [1562 bytes]","args":[{"selector":{"controlType":"sap.m.Button","viewName":"etm.portal.ui.managecatalogs.view.Detail","viewId":"application-managecatalogs-display-component---detailCatalog","i18NText":{"propertyName":"text","key":"edit"},"interaction":{"idSuffix":"BDI-content"}},"wdio_ui5_key":"etmportal.ui.managecatalogs.view.Detailsap.m.Button{\"propertyName\":\"text\",\"key\":\"edit\"}"}]}
RESULT: undefined
COMMAND: POST /session/ec284260d80df1b286fd1c4360299648/element - {"using":"xpath","value":"//*[@id=\"__button159\"]"}
RESULT: {"using":"xpath","value":"//*[@id=\"__button159\"]"}
COMMAND: POST /session/ec284260d80df1b286fd1c4360299648/element/f.B9CB64A859AAC9ED11F02B17526367C4.d.387387313345DE5362DFC575C28D3C0E.e.5249/click - {}
RESULT: {}
COMMAND: GET /session/ec284260d80df1b286fd1c4360299648/screenshot - {}
RESULT: {}
COMMAND: POST /session/ec284260d80df1b286fd1c4360299648/element - {"using":"xpath","value":"//bdi[contains(text(), \"Unlock\")]"}
RESULT: {"using":"xpath","value":"//bdi[contains(text(), \"Unlock\")]"}
COMMAND: POST /session/ec284260d80df1b286fd1c4360299648/elements - {"using":"xpath","value":"//bdi[contains(text(), \"Unlock\")]"}
RESULT: {"using":"xpath","value":"//bdi[contains(text(), \"Unlock\")]"}
COMMAND: POST /session/ec284260d80df1b286fd1c4360299648/execute/async - {"script":"<script> [1562 bytes]","args":[{"selector":{"controlType":"sap.ui.core.Icon","viewName":"etm.portal.ui.managecatalogs.view.Detail","viewId":"application-managecatalogs-display-component---detailCatalog","properties":{"src":{"regex":{"source":"add\\-folder"}}}},"wdio_ui5_key":"etmportal.ui.managecatalogs.view.Detailsap.ui.core.Icon{\"src\":{\"regex\":{\"source\":\"add\\\\-folder\"}}}"}]}
RESULT: {"script":"<script> [1562 bytes]","args":[{"selector":{"controlType":"sap.ui.core.Icon","viewName":"etm.portal.ui.managecatalogs.view.Detail","viewId":"application-managecatalogs-display-component---detailCatalog","properties":{"src":{"regex":{"source":"add\\-folder"}}}},"wdio_ui5_key":"etmportal.ui.managecatalogs.view.Detailsap.ui.core.Icon{\"src\":{\"regex\":{\"source\":\"add\\\\-folder\"}}}"}]}
RESULT: undefined
COMMAND: POST /session/ec284260d80df1b286fd1c4360299648/element - {"using":"xpath","value":"//*[@id=\"__button167-img\"]"}
RESULT: {"using":"xpath","value":"//*[@id=\"__button167-img\"]"}
COMMAND: POST /session/ec284260d80df1b286fd1c4360299648/element/f.B9CB64A859AAC9ED11F02B17526367C4.d.387387313345DE5362DFC575C28D3C0E.e.5265/click - {}
RESULT: {}
COMMAND: GET /session/ec284260d80df1b286fd1c4360299648/screenshot - {}
RESULT: {}
COMMAND: POST /session/ec284260d80df1b286fd1c4360299648/execute/async - {"script":"<script> [1562 bytes]","args":[{"selector":{"id":"application-managecatalogs-display-component---detailCatalog--numberInput","searchOpenDialogs":true,"interaction":{"idSuffix":"inner"}},"wdio_ui5_key":"applicationmanagecatalogs-display-component---detailCatalog--numberInput"}]}
RESULT: {"script":"<script> [1562 bytes]","args":[{"selector":{"id":"application-managecatalogs-display-component---detailCatalog--numberInput","searchOpenDialogs":true,"interaction":{"idSuffix":"inner"}},"wdio_ui5_key":"applicationmanagecatalogs-display-component---detailCatalog--numberInput"}]}
RESULT: undefined
COMMAND: POST /session/ec284260d80df1b286fd1c4360299648/execute/async - {"script":"<script> [776 bytes]","args":[{"enterText":"Sectionf2akdl","selector":{"id":"application-managecatalogs-display-component---detailCatalog--numberInput","searchOpenDialogs":true,"interaction":{"idSuffix":"inner"}},"clearTextFirst":true,"interactionType":"ENTER_TEXT"}]}
RESULT: {"script":"<script> [776 bytes]","args":[{"enterText":"Sectionf2akdl","selector":{"id":"application-managecatalogs-display-component---detailCatalog--numberInput","searchOpenDialogs":true,"interaction":{"idSuffix":"inner"}},"clearTextFirst":true,"interactionType":"ENTER_TEXT"}]}
COMMAND: POST /session/ec284260d80df1b286fd1c4360299648/element - {"using":"css selector","value":"#application-managecatalogs-display-component---detailCatalog--nameInput-inner"}
RESULT: {"using":"css selector","value":"#application-managecatalogs-display-component---detailCatalog--nameInput-inner"}
COMMAND: POST /session/ec284260d80df1b286fd1c4360299648/elements - {"using":"css selector","value":"#application-managecatalogs-display-component---detailCatalog--nameInput-inner"}
RESULT: {"using":"css selector","value":"#application-managecatalogs-display-component---detailCatalog--nameInput-inner"}
COMMAND: POST /session/ec284260d80df1b286fd1c4360299648/element/f.B9CB64A859AAC9ED11F02B17526367C4.d.387387313345DE5362DFC575C28D3C0E.e.5270/clear - {}
RESULT: {}
COMMAND: POST /session/ec284260d80df1b286fd1c4360299648/element/f.B9CB64A859AAC9ED11F02B17526367C4.d.387387313345DE5362DFC575C28D3C0E.e.5270/value - {"text":"Webdriverhp4lu"}
COMMAND: GET /session/ec284260d80df1b286fd1c4360299648/screenshot - {}
RESULT: {"text":"Webdriverhp4lu"}
COMMAND: POST /session/ec284260d80df1b286fd1c4360299648/execute/async - {"script":"<script> [1562 bytes]","args":[{"selector":{"controlType":"sap.m.Button","viewName":"etm.portal.ui.managecatalogs.view.Detail","viewId":"application-managecatalogs-display-component---detailCatalog","i18NText":{"propertyName":"text","key":"create"},"searchOpenDialogs":true,"interaction":{"idSuffix":"BDI-content"}},"wdio_ui5_key":"etmportal.ui.managecatalogs.view.Detailsap.m.Button{\"propertyName\":\"text\",\"key\":\"create\"}"}]}
COMMAND: GET /session/ec284260d80df1b286fd1c4360299648/screenshot - {}
RESULT: {}
RESULT: {"script":"<script> [1562 bytes]","args":[{"selector":{"controlType":"sap.m.Button","viewName":"etm.portal.ui.managecatalogs.view.Detail","viewId":"application-managecatalogs-display-component---detailCatalog","i18NText":{"propertyName":"text","key":"create"},"searchOpenDialogs":true,"interaction":{"idSuffix":"BDI-content"}},"wdio_ui5_key":"etmportal.ui.managecatalogs.view.Detailsap.m.Button{\"propertyName\":\"text\",\"key\":\"create\"}"}]}
RESULT: undefined
COMMAND: POST /session/ec284260d80df1b286fd1c4360299648/element - {"using":"xpath","value":"//*[@id=\"__button137\"]"}
RESULT: {}
RESULT: {"using":"xpath","value":"//*[@id=\"__button137\"]"}
COMMAND: POST /session/ec284260d80df1b286fd1c4360299648/element/f.B9CB64A859AAC9ED11F02B17526367C4.d.387387313345DE5362DFC575C28D3C0E.e.5275/click - {}
RESULT: {}
COMMAND: GET /session/ec284260d80df1b286fd1c4360299648/screenshot - {}
RESULT: {}
COMMAND: POST /session/ec284260d80df1b286fd1c4360299648/element - {"using":"xpath","value":"//button[@title=\"Save\"]"}
RESULT: {"using":"xpath","value":"//button[@title=\"Save\"]"}
COMMAND: POST /session/ec284260d80df1b286fd1c4360299648/element/f.B9CB64A859AAC9ED11F02B17526367C4.d.387387313345DE5362DFC575C28D3C0E.e.5276/click - {}
RESULT: {}
COMMAND: POST /session/ec284260d80df1b286fd1c4360299648/execute/async - {"script":"<script> [1562 bytes]","args":[{"selector":{"controlType":"sap.ui.core.Icon","viewName":"etm.portal.ui.managecatalogs.view.Detail","viewId":"application-managecatalogs-display-component---detailCatalog","properties":{"src":{"regex":{"source":"decline"}}}},"wdio_ui5_key":"etmportal.ui.managecatalogs.view.Detailsap.ui.core.Icon{\"src\":{\"regex\":{\"source\":\"decline\"}}}"}]}
COMMAND: GET /session/ec284260d80df1b286fd1c4360299648/screenshot - {}
RESULT: {"script":"<script> [1562 bytes]","args":[{"selector":{"controlType":"sap.ui.core.Icon","viewName":"etm.portal.ui.managecatalogs.view.Detail","viewId":"application-managecatalogs-display-component---detailCatalog","properties":{"src":{"regex":{"source":"decline"}}}},"wdio_ui5_key":"etmportal.ui.managecatalogs.view.Detailsap.ui.core.Icon{\"src\":{\"regex\":{\"source\":\"decline\"}}}"}]}
RESULT: undefined
COMMAND: POST /session/ec284260d80df1b286fd1c4360299648/element - {"using":"xpath","value":"//*[@id=\"__button162-img\"]"}
RESULT: {}
RESULT: {"using":"xpath","value":"//*[@id=\"__button162-img\"]"}
COMMAND: POST /session/ec284260d80df1b286fd1c4360299648/element/f.B9CB64A859AAC9ED11F02B17526367C4.d.387387313345DE5362DFC575C28D3C0E.e.5281/click - {}
RESULT: {}
COMMAND: GET /session/ec284260d80df1b286fd1c4360299648/screenshot - {}
RESULT: {}
COMMAND: POST /session/ec284260d80df1b286fd1c4360299648/execute/async - {"script":"<script> [1562 bytes]","args":[{"selector":{"controlType":"sap.ui.core.Icon","viewName":"etm.portal.ui.managecatalogs.view.MasterItems","viewId":"application-managecatalogs-display-component---masterCatalogItems","properties":{"src":{"regex":{"source":"refresh"}}}},"wdio_ui5_key":"etmportal.ui.managecatalogs.view.MasterItemssap.ui.core.Icon{\"src\":{\"regex\":{\"source\":\"refresh\"}}}"}]}
RESULT: {"script":"<script> [1562 bytes]","args":[{"selector":{"controlType":"sap.ui.core.Icon","viewName":"etm.portal.ui.managecatalogs.view.MasterItems","viewId":"application-managecatalogs-display-component---masterCatalogItems","properties":{"src":{"regex":{"source":"refresh"}}}},"wdio_ui5_key":"etmportal.ui.managecatalogs.view.MasterItemssap.ui.core.Icon{\"src\":{\"regex\":{\"source\":\"refresh\"}}}"}]}
RESULT: undefined
COMMAND: POST /session/ec284260d80df1b286fd1c4360299648/element - {"using":"xpath","value":"//*[@id=\"__button135-img\"]"}
RESULT: {"using":"xpath","value":"//*[@id=\"__button135-img\"]"}
COMMAND: POST /session/ec284260d80df1b286fd1c4360299648/element/f.B9CB64A859AAC9ED11F02B17526367C4.d.387387313345DE5362DFC575C28D3C0E.e.5400/click - {}
RESULT: {}
COMMAND: POST /session/ec284260d80df1b286fd1c4360299648/execute/async - {"script":"<script> [1562 bytes]","args":[{"selector":{"id":"application-managecatalogs-display-component---masterCatalogItems--searchItemsField","interaction":{"idSuffix":"I"}},"wdio_ui5_key":"applicationmanagecatalogs-display-component---masterCatalogItems--searchItemsField"}]}
COMMAND: GET /session/ec284260d80df1b286fd1c4360299648/screenshot - {}
RESULT: {"script":"<script> [1562 bytes]","args":[{"selector":{"id":"application-managecatalogs-display-component---masterCatalogItems--searchItemsField","interaction":{"idSuffix":"I"}},"wdio_ui5_key":"applicationmanagecatalogs-display-component---masterCatalogItems--searchItemsField"}]}
RESULT: undefined
COMMAND: POST /session/ec284260d80df1b286fd1c4360299648/execute/async - {"script":"<script> [776 bytes]","args":[{"enterText":"Webdriverhp4lu","selector":{"id":"application-managecatalogs-display-component---masterCatalogItems--searchItemsField","interaction":{"idSuffix":"I"}},"clearTextFirst":true,"interactionType":"ENTER_TEXT"}]}
RESULT: {}
RESULT: {"script":"<script> [776 bytes]","args":[{"enterText":"Webdriverhp4lu","selector":{"id":"application-managecatalogs-display-component---masterCatalogItems--searchItemsField","interaction":{"idSuffix":"I"}},"clearTextFirst":true,"interactionType":"ENTER_TEXT"}]}
COMMAND: POST /session/ec284260d80df1b286fd1c4360299648/actions - {"actions":[{"id":"action10","type":"key","parameters":{},"actions":[{"type":"keyDown","value":""},{"type":"pause","duration":10},{"type":"keyUp","value":""}]}]}
RESULT: {"actions":[{"id":"action10","type":"key","parameters":{},"actions":[{"type":"keyDown","value":""},{"type":"pause","duration":10},{"type":"keyUp","value":""}]}]}
COMMAND: POST /session/ec284260d80df1b286fd1c4360299648/element - {"using":"xpath","value":"(//span[contains(text(), \"Webdriverhp4lu\")])[1]"}
COMMAND: GET /session/ec284260d80df1b286fd1c4360299648/screenshot - {}
RESULT: {}
RESULT: {"using":"xpath","value":"(//span[contains(text(), \"Webdriverhp4lu\")])[1]"}
COMMAND: POST /session/ec284260d80df1b286fd1c4360299648/element/f.B9CB64A859AAC9ED11F02B17526367C4.d.387387313345DE5362DFC575C28D3C0E.e.5403/click - {}
RESULT: {}
COMMAND: GET /session/ec284260d80df1b286fd1c4360299648/screenshot - {}
RESULT: {}
RESULT: undefined
COMMAND: POST /session/ec284260d80df1b286fd1c4360299648/element - {"using":"xpath","value":"//*[@id=\"__button159\"]"}
RESULT: {"using":"xpath","value":"//*[@id=\"__button159\"]"}
COMMAND: POST /session/ec284260d80df1b286fd1c4360299648/element/f.B9CB64A859AAC9ED11F02B17526367C4.d.387387313345DE5362DFC575C28D3C0E.e.5444/click - {}
RESULT: {}
COMMAND: GET /session/ec284260d80df1b286fd1c4360299648/screenshot - {}
RESULT: {}
RESULT: undefined
COMMAND: POST /session/ec284260d80df1b286fd1c4360299648/element - {"using":"xpath","value":"//*[@id=\"__button167-img\"]"}
RESULT: {"using":"xpath","value":"//*[@id=\"__button167-img\"]"}
COMMAND: POST /session/ec284260d80df1b286fd1c4360299648/element/f.B9CB64A859AAC9ED11F02B17526367C4.d.387387313345DE5362DFC575C28D3C0E.e.5502/click - {}
RESULT: {}
COMMAND: GET /session/ec284260d80df1b286fd1c4360299648/screenshot - {}
RESULT: {}
RESULT: undefined
COMMAND: POST /session/ec284260d80df1b286fd1c4360299648/execute/async - {"script":"<script> [776 bytes]","args":[{"enterText":"SecondSection205vqk","selector":{"id":"application-managecatalogs-display-component---detailCatalog--numberInput","searchOpenDialogs":true,"interaction":{"idSuffix":"inner"}},"clearTextFirst":true,"interactionType":"ENTER_TEXT"}]}
RESULT: {"script":"<script> [776 bytes]","args":[{"enterText":"SecondSection205vqk","selector":{"id":"application-managecatalogs-display-component---detailCatalog--numberInput","searchOpenDialogs":true,"interaction":{"idSuffix":"inner"}},"clearTextFirst":true,"interactionType":"ENTER_TEXT"}]}
COMMAND: POST /session/ec284260d80df1b286fd1c4360299648/element - {"using":"xpath","value":"//input[contains(@id ,\"application-managecatalogs-display-component---detailCatalog--nameInput-inner\")]"}
RESULT: {"using":"xpath","value":"//input[contains(@id ,\"application-managecatalogs-display-component---detailCatalog--nameInput-inner\")]"}
COMMAND: POST /session/ec284260d80df1b286fd1c4360299648/elements - {"using":"xpath","value":"//input[contains(@id ,\"application-managecatalogs-display-component---detailCatalog--nameInput-inner\")]"}
RESULT: {"using":"xpath","value":"//input[contains(@id ,\"application-managecatalogs-display-component---detailCatalog--nameInput-inner\")]"}
COMMAND: POST /session/ec284260d80df1b286fd1c4360299648/element/f.B9CB64A859AAC9ED11F02B17526367C4.d.387387313345DE5362DFC575C28D3C0E.e.5507/clear - {}
RESULT: {}
COMMAND: POST /session/ec284260d80df1b286fd1c4360299648/element/f.B9CB64A859AAC9ED11F02B17526367C4.d.387387313345DE5362DFC575C28D3C0E.e.5507/value - {"text":"webdriversecondxbg4p"}
COMMAND: GET /session/ec284260d80df1b286fd1c4360299648/screenshot - {}
RESULT: {"text":"webdriversecondxbg4p"}
RESULT: undefined
COMMAND: POST /session/ec284260d80df1b286fd1c4360299648/element - {"using":"xpath","value":"//*[@id=\"__button137\"]"}
COMMAND: GET /session/ec284260d80df1b286fd1c4360299648/screenshot - {}
RESULT: {}
RESULT: {"using":"xpath","value":"//*[@id=\"__button137\"]"}
COMMAND: POST /session/ec284260d80df1b286fd1c4360299648/element/f.B9CB64A859AAC9ED11F02B17526367C4.d.387387313345DE5362DFC575C28D3C0E.e.5511/click - {}
RESULT: {}
RESULT: {}
COMMAND: GET /session/ec284260d80df1b286fd1c4360299648/screenshot - {}
RESULT: {}
COMMAND: POST /session/ec284260d80df1b286fd1c4360299648/element - {"using":"xpath","value":"//button[@title=\"Save\"]"}
RESULT: {"using":"xpath","value":"//button[@title=\"Save\"]"}
COMMAND: POST /session/ec284260d80df1b286fd1c4360299648/element/f.B9CB64A859AAC9ED11F02B17526367C4.d.387387313345DE5362DFC575C28D3C0E.e.5484/click - {}
RESULT: {}
COMMAND: GET /session/ec284260d80df1b286fd1c4360299648/screenshot - {}
RESULT: {}
RESULT: undefined
COMMAND: POST /session/ec284260d80df1b286fd1c4360299648/element - {"using":"xpath","value":"//*[@id=\"__button162-img\"]"}
RESULT: {"using":"xpath","value":"//*[@id=\"__button162-img\"]"}
COMMAND: POST /session/ec284260d80df1b286fd1c4360299648/element/f.B9CB64A859AAC9ED11F02B17526367C4.d.387387313345DE5362DFC575C28D3C0E.e.5451/click - {}
RESULT: {}
COMMAND: GET /session/ec284260d80df1b286fd1c4360299648/screenshot - {}
RESULT: {}
RESULT: undefined
COMMAND: POST /session/ec284260d80df1b286fd1c4360299648/element - {"using":"xpath","value":"//*[@id=\"__button135-img\"]"}
RESULT: {"using":"xpath","value":"//*[@id=\"__button135-img\"]"}
COMMAND: POST /session/ec284260d80df1b286fd1c4360299648/element/f.B9CB64A859AAC9ED11F02B17526367C4.d.387387313345DE5362DFC575C28D3C0E.e.5633/click - {}
RESULT: {}
COMMAND: GET /session/ec284260d80df1b286fd1c4360299648/screenshot - {}
RESULT: {}
RESULT: undefined
COMMAND: POST /session/ec284260d80df1b286fd1c4360299648/execute/async - {"script":"<script> [776 bytes]","args":[{"enterText":"SecondSection205vqk","selector":{"id":"application-managecatalogs-display-component---masterCatalogItems--searchItemsField","interaction":{"idSuffix":"I"}},"clearTextFirst":true,"interactionType":"ENTER_TEXT"}]}
RESULT: {"script":"<script> [776 bytes]","args":[{"enterText":"SecondSection205vqk","selector":{"id":"application-managecatalogs-display-component---masterCatalogItems--searchItemsField","interaction":{"idSuffix":"I"}},"clearTextFirst":true,"interactionType":"ENTER_TEXT"}]}
COMMAND: POST /session/ec284260d80df1b286fd1c4360299648/actions - {"actions":[{"id":"action11","type":"key","parameters":{},"actions":[{"type":"keyDown","value":""},{"type":"pause","duration":10},{"type":"keyUp","value":""}]}]}
RESULT: {"actions":[{"id":"action11","type":"key","parameters":{},"actions":[{"type":"keyDown","value":""},{"type":"pause","duration":10},{"type":"keyUp","value":""}]}]}
COMMAND: POST /session/ec284260d80df1b286fd1c4360299648/element - {"using":"xpath","value":"(//span[contains(text(), \"SecondSection205vqk\")])[1]"}
COMMAND: GET /session/ec284260d80df1b286fd1c4360299648/screenshot - {}
RESULT: {"using":"xpath","value":"(//span[contains(text(), \"SecondSection205vqk\")])[1]"}
COMMAND: POST /session/ec284260d80df1b286fd1c4360299648/element/f.B9CB64A859AAC9ED11F02B17526367C4.d.387387313345DE5362DFC575C28D3C0E.e.5636/click - {}
RESULT: {}
RESULT: {}
COMMAND: POST /session/ec284260d80df1b286fd1c4360299648/element - {"using":"xpath","value":"(//span[contains(text(), \"SecondSection205vqk\")])[1]"}
COMMAND: GET /session/ec284260d80df1b286fd1c4360299648/screenshot - {}
RESULT: {"using":"xpath","value":"(//span[contains(text(), \"SecondSection205vqk\")])[1]"}
COMMAND: GET /session/ec284260d80df1b286fd1c4360299648/element/f.B9CB64A859AAC9ED11F02B17526367C4.d.387387313345DE5362DFC575C28D3C0E.e.5636/text - {}
RESULT: {}
RESULT: {}
COMMAND: POST /session/ec284260d80df1b286fd1c4360299648/refresh - {}
RESULT: {}
COMMAND: GET /session/ec284260d80df1b286fd1c4360299648/screenshot - {}
RESULT: {}
COMMAND: POST /session/ec284260d80df1b286fd1c4360299648/refresh - {}
RESULT: {}
COMMAND: GET /session/ec284260d80df1b286fd1c4360299648/screenshot - {}
RESULT: {}
COMMAND: POST /session/ec284260d80df1b286fd1c4360299648/execute/async - {"script":"<script> [189 bytes]","args":[]}
RESULT: {"script":"<script> [189 bytes]","args":[]}
COMMAND: POST /session/ec284260d80df1b286fd1c4360299648/execute/async - {"script":"<script> [123 bytes]","args":[]}
RESULT: {"script":"<script> [123 bytes]","args":[]}
COMMAND: POST /session/ec284260d80df1b286fd1c4360299648/timeouts - {"script":"<number>"}
RESULT: {"script":"<number>"}
COMMAND: GET /session/ec284260d80df1b286fd1c4360299648/timeouts - {}
RESULT: {}
RESULT: undefined
COMMAND: POST /session/ec284260d80df1b286fd1c4360299648/execute/async - {"script":"<script> [2676 bytes]","args":[]}
RESULT: {"script":"<script> [2676 bytes]","args":[]}
COMMAND: POST /session/ec284260d80df1b286fd1c4360299648/execute/async - {"script":"<script> [2342 bytes]","args":[{"protocol":"http","hostname":"0.0.0.0","path":"/","capabilities":{"browserName":"chrome","goog:chromeOptions":{"binary":"C:\\Program Files\\Google\\Chrome\\Application\\chrome.exe","args":["--force-device-scale-factor=0.8","--start-maximized"]}},"logLevel":"warn","connectionRetryTimeout":120000,"connectionRetryCount":3,"logLevels":{},"enableDirectConnect":true,"strictSSL":true,"_":"65 more keys: [\"cacheDir\",\"port\",\"requestedCapabilities\",\"automationProtocol\",\"baseUrl\",\"waitforInterval\",\"waitforTimeout\",\"onReload\",\"beforeCommand\",\"afterCommand\",\"rootDir\",\"specs\",\"suites\",\"exclude\",\"groupLogsByTestSpec\",\"excludeDriverLogs\",\"bail\",\"framework\",\"reporters\",\"services\",\"maxInstances\",\"maxInstancesPerCapability\",\"injectGlobals\",\"filesToWatch\",\"execArgv\",\"runnerEnv\",\"runner\",\"shard\",\"specFileRetries\",\"specFileRetriesDelay\",\"specFileRetriesDeferred\",\"reporterSyncInterval\",\"reporterSyncTimeout\",\"cucumberFeaturesWithLineNumbers\",\"autoCompileOpts\",\"mochaOpts\",\"jasmineOpts\",\"cucumberOpts\",\"onPrepare\",\"onWorkerStart\",\"onWorkerEnd\",\"before\",\"beforeSession\",\"beforeSuite\",\"beforeHook\",\"beforeTest\",\"afterTest\",\"afterHook\",\"afterSuite\",\"afterSession\",\"after\",\"onComplete\",\"beforeAssertion\",\"afterAssertion\",\"beforeFeature\",\"beforeScenario\",\"beforeStep\",\"afterStep\",\"afterScenario\",\"afterFeature\",\"_\",\"suite\",\"$0\",\"ignoredWorkerServices\",\"wdi5\"]"}]}
RESULT: {"script":"<script> [2342 bytes]","args":[{"protocol":"http","hostname":"0.0.0.0","path":"/","capabilities":{"browserName":"chrome","goog:chromeOptions":{"binary":"C:\\Program Files\\Google\\Chrome\\Application\\chrome.exe","args":["--force-device-scale-factor=0.8","--start-maximized"]}},"logLevel":"warn","connectionRetryTimeout":120000,"connectionRetryCount":3,"logLevels":{},"enableDirectConnect":true,"strictSSL":true,"_":"65 more keys: [\"cacheDir\",\"port\",\"requestedCapabilities\",\"automationProtocol\",\"baseUrl\",\"waitforInterval\",\"waitforTimeout\",\"onReload\",\"beforeCommand\",\"afterCommand\",\"rootDir\",\"specs\",\"suites\",\"exclude\",\"groupLogsByTestSpec\",\"excludeDriverLogs\",\"bail\",\"framework\",\"reporters\",\"services\",\"maxInstances\",\"maxInstancesPerCapability\",\"injectGlobals\",\"filesToWatch\",\"execArgv\",\"runnerEnv\",\"runner\",\"shard\",\"specFileRetries\",\"specFileRetriesDelay\",\"specFileRetriesDeferred\",\"reporterSyncInterval\",\"reporterSyncTimeout\",\"cucumberFeaturesWithLineNumbers\",\"autoCompileOpts\",\"mochaOpts\",\"jasmineOpts\",\"cucumberOpts\",\"onPrepare\",\"onWorkerStart\",\"onWorkerEnd\",\"before\",\"beforeSession\",\"beforeSuite\",\"beforeHook\",\"beforeTest\",\"afterTest\",\"afterHook\",\"afterSuite\",\"afterSession\",\"after\",\"onComplete\",\"beforeAssertion\",\"afterAssertion\",\"beforeFeature\",\"beforeScenario\",\"beforeStep\",\"afterStep\",\"afterScenario\",\"afterFeature\",\"_\",\"suite\",\"$0\",\"ignoredWorkerServices\",\"wdi5\"]"}]}
COMMAND: POST /session/ec284260d80df1b286fd1c4360299648/execute/async - {"script":"<script> [21126 bytes]","args":[35000]}
RESULT: {"script":"<script> [21126 bytes]","args":[35000]}
COMMAND: POST /session/ec284260d80df1b286fd1c4360299648/execute/async - {"script":"<script> [1562 bytes]","args":[{"selector":{"controlType":"sap.m.Button","viewName":"etm.portal.ui.managecatalogs.view.Detail","viewId":"application-managecatalogs-display-component---detailCatalog","i18NText":{"propertyName":"text","key":"edit"},"interaction":{"idSuffix":"BDI-content"}},"wdio_ui5_key":"etmportal.ui.managecatalogs.view.Detailsap.m.Button{\"propertyName\":\"text\",\"key\":\"edit\"}"}]}
RESULT: {"script":"<script> [1562 bytes]","args":[{"selector":{"controlType":"sap.m.Button","viewName":"etm.portal.ui.managecatalogs.view.Detail","viewId":"application-managecatalogs-display-component---detailCatalog","i18NText":{"propertyName":"text","key":"edit"},"interaction":{"idSuffix":"BDI-content"}},"wdio_ui5_key":"etmportal.ui.managecatalogs.view.Detailsap.m.Button{\"propertyName\":\"text\",\"key\":\"edit\"}"}]}
RESULT: undefined
COMMAND: POST /session/ec284260d80df1b286fd1c4360299648/element - {"using":"xpath","value":"//*[@id=\"__button25\"]"}
RESULT: {"using":"xpath","value":"//*[@id=\"__button25\"]"}
COMMAND: POST /session/ec284260d80df1b286fd1c4360299648/element/f.B9CB64A859AAC9ED11F02B17526367C4.d.CD532CCA0FC90C75DFA2483483CD18BE.e.5889/click - {}
RESULT: {}
COMMAND: GET /session/ec284260d80df1b286fd1c4360299648/screenshot - {}
RESULT: {}
COMMAND: POST /session/ec284260d80df1b286fd1c4360299648/element - {"using":"xpath","value":"//button[contains(@title ,\"Create Catalog Item\")]"}
RESULT: {"using":"xpath","value":"//button[contains(@title ,\"Create Catalog Item\")]"}
COMMAND: POST /session/ec284260d80df1b286fd1c4360299648/element/f.B9CB64A859AAC9ED11F02B17526367C4.d.CD532CCA0FC90C75DFA2483483CD18BE.e.5899/click - {}
RESULT: {}
COMMAND: POST /session/ec284260d80df1b286fd1c4360299648/execute/async - {"script":"<script> [1562 bytes]","args":[{"selector":{"id":"application-managecatalogs-display-component---detailCatalog--newItemNumberInput","searchOpenDialogs":true,"interaction":{"idSuffix":"inner"}},"wdio_ui5_key":"applicationmanagecatalogs-display-component---detailCatalog--newItemNumberInput"}]}
COMMAND: GET /session/ec284260d80df1b286fd1c4360299648/screenshot - {}
RESULT: {"script":"<script> [1562 bytes]","args":[{"selector":{"id":"application-managecatalogs-display-component---detailCatalog--newItemNumberInput","searchOpenDialogs":true,"interaction":{"idSuffix":"inner"}},"wdio_ui5_key":"applicationmanagecatalogs-display-component---detailCatalog--newItemNumberInput"}]}
RESULT: undefined
COMMAND: POST /session/ec284260d80df1b286fd1c4360299648/execute/async - {"script":"<script> [776 bytes]","args":[{"enterText":"catalogItemmskgr","selector":{"id":"application-managecatalogs-display-component---detailCatalog--newItemNumberInput","searchOpenDialogs":true,"interaction":{"idSuffix":"inner"}},"clearTextFirst":true,"interactionType":"ENTER_TEXT"}]}
RESULT: {}
RESULT: {"script":"<script> [776 bytes]","args":[{"enterText":"catalogItemmskgr","selector":{"id":"application-managecatalogs-display-component---detailCatalog--newItemNumberInput","searchOpenDialogs":true,"interaction":{"idSuffix":"inner"}},"clearTextFirst":true,"interactionType":"ENTER_TEXT"}]}
COMMAND: POST /session/ec284260d80df1b286fd1c4360299648/execute/async - {"script":"<script> [1562 bytes]","args":[{"selector":{"controlType":"sap.m.Input","viewName":"etm.portal.ui.managecatalogs.view.Detail","viewId":"application-managecatalogs-display-component---detailCatalog","bindingPath":{"path":"","propertyPath":"/DESCRIPTION"},"searchOpenDialogs":true,"interaction":{"idSuffix":"inner"}},"wdio_ui5_key":"etmportal.ui.managecatalogs.view.Detailsap.m.Input{\"path\":\"\",\"propertyPath\":\"/DESCRIPTION\"}"}]}
RESULT: {"script":"<script> [1562 bytes]","args":[{"selector":{"controlType":"sap.m.Input","viewName":"etm.portal.ui.managecatalogs.view.Detail","viewId":"application-managecatalogs-display-component---detailCatalog","bindingPath":{"path":"","propertyPath":"/DESCRIPTION"},"searchOpenDialogs":true,"interaction":{"idSuffix":"inner"}},"wdio_ui5_key":"etmportal.ui.managecatalogs.view.Detailsap.m.Input{\"path\":\"\",\"propertyPath\":\"/DESCRIPTION\"}"}]}
RESULT: undefined
COMMAND: POST /session/ec284260d80df1b286fd1c4360299648/execute/async - {"script":"<script> [776 bytes]","args":[{"enterText":"catalogItemName5kulrk","selector":{"controlType":"sap.m.Input","viewName":"etm.portal.ui.managecatalogs.view.Detail","viewId":"application-managecatalogs-display-component---detailCatalog","bindingPath":{"path":"","propertyPath":"/DESCRIPTION"},"searchOpenDialogs":true,"interaction":{"idSuffix":"inner"}},"clearTextFirst":true,"interactionType":"ENTER_TEXT"}]}
RESULT: {"script":"<script> [776 bytes]","args":[{"enterText":"catalogItemName5kulrk","selector":{"controlType":"sap.m.Input","viewName":"etm.portal.ui.managecatalogs.view.Detail","viewId":"application-managecatalogs-display-component---detailCatalog","bindingPath":{"path":"","propertyPath":"/DESCRIPTION"},"searchOpenDialogs":true,"interaction":{"idSuffix":"inner"}},"clearTextFirst":true,"interactionType":"ENTER_TEXT"}]}
COMMAND: POST /session/ec284260d80df1b286fd1c4360299648/actions - {"actions":[{"id":"action12","type":"key","parameters":{},"actions":[{"type":"keyDown","value":""},{"type":"pause","duration":10},{"type":"keyUp","value":""}]}]}
RESULT: {"actions":[{"id":"action12","type":"key","parameters":{},"actions":[{"type":"keyDown","value":""},{"type":"pause","duration":10},{"type":"keyUp","value":""}]}]}
COMMAND: GET /session/ec284260d80df1b286fd1c4360299648/screenshot - {}
RESULT: {}
COMMAND: POST /session/ec284260d80df1b286fd1c4360299648/actions - {"actions":[{"id":"action13","type":"key","parameters":{},"actions":[{"type":"keyDown","value":""},{"type":"pause","duration":10},{"type":"keyUp","value":""}]}]}
RESULT: {"actions":[{"id":"action13","type":"key","parameters":{},"actions":[{"type":"keyDown","value":""},{"type":"pause","duration":10},{"type":"keyUp","value":""}]}]}
COMMAND: GET /session/ec284260d80df1b286fd1c4360299648/screenshot - {}
RESULT: {}
COMMAND: POST /session/ec284260d80df1b286fd1c4360299648/element - {"using":"xpath","value":"//button[@title=\"Save\"]"}
RESULT: {"using":"xpath","value":"//button[@title=\"Save\"]"}
COMMAND: POST /session/ec284260d80df1b286fd1c4360299648/element/f.B9CB64A859AAC9ED11F02B17526367C4.d.CD532CCA0FC90C75DFA2483483CD18BE.e.5909/click - {}
RESULT: {}
COMMAND: GET /session/ec284260d80df1b286fd1c4360299648/screenshot - {}
RESULT: {}
COMMAND: POST /session/ec284260d80df1b286fd1c4360299648/execute/async - {"script":"<script> [1562 bytes]","args":[{"selector":{"controlType":"sap.ui.core.Icon","viewName":"etm.portal.ui.managecatalogs.view.Detail","viewId":"application-managecatalogs-display-component---detailCatalog","properties":{"src":{"regex":{"source":"decline"}}}},"wdio_ui5_key":"etmportal.ui.managecatalogs.view.Detailsap.ui.core.Icon{\"src\":{\"regex\":{\"source\":\"decline\"}}}"}]}
RESULT: {"script":"<script> [1562 bytes]","args":[{"selector":{"controlType":"sap.ui.core.Icon","viewName":"etm.portal.ui.managecatalogs.view.Detail","viewId":"application-managecatalogs-display-component---detailCatalog","properties":{"src":{"regex":{"source":"decline"}}}},"wdio_ui5_key":"etmportal.ui.managecatalogs.view.Detailsap.ui.core.Icon{\"src\":{\"regex\":{\"source\":\"decline\"}}}"}]}
RESULT: undefined
COMMAND: POST /session/ec284260d80df1b286fd1c4360299648/element - {"using":"xpath","value":"//*[@id=\"__button28-img\"]"}
RESULT: {"using":"xpath","value":"//*[@id=\"__button28-img\"]"}
COMMAND: POST /session/ec284260d80df1b286fd1c4360299648/element/f.B9CB64A859AAC9ED11F02B17526367C4.d.CD532CCA0FC90C75DFA2483483CD18BE.e.5913/click - {}
RESULT: {}
COMMAND: GET /session/ec284260d80df1b286fd1c4360299648/screenshot - {}
RESULT: {}
COMMAND: POST /session/ec284260d80df1b286fd1c4360299648/execute/async - {"script":"<script> [1562 bytes]","args":[{"selector":{"controlType":"sap.ui.core.Icon","viewName":"etm.portal.ui.managecatalogs.view.MasterItems","viewId":"application-managecatalogs-display-component---masterCatalogItems","properties":{"src":{"regex":{"source":"refresh"}}}},"wdio_ui5_key":"etmportal.ui.managecatalogs.view.MasterItemssap.ui.core.Icon{\"src\":{\"regex\":{\"source\":\"refresh\"}}}"}]}
RESULT: {"script":"<script> [1562 bytes]","args":[{"selector":{"controlType":"sap.ui.core.Icon","viewName":"etm.portal.ui.managecatalogs.view.MasterItems","viewId":"application-managecatalogs-display-component---masterCatalogItems","properties":{"src":{"regex":{"source":"refresh"}}}},"wdio_ui5_key":"etmportal.ui.managecatalogs.view.MasterItemssap.ui.core.Icon{\"src\":{\"regex\":{\"source\":\"refresh\"}}}"}]}
RESULT: undefined
COMMAND: POST /session/ec284260d80df1b286fd1c4360299648/element - {"using":"xpath","value":"//*[@id=\"__button1-img\"]"}
RESULT: {"using":"xpath","value":"//*[@id=\"__button1-img\"]"}
COMMAND: POST /session/ec284260d80df1b286fd1c4360299648/element/f.B9CB64A859AAC9ED11F02B17526367C4.d.CD532CCA0FC90C75DFA2483483CD18BE.e.6031/click - {}
RESULT: {}
COMMAND: GET /session/ec284260d80df1b286fd1c4360299648/screenshot - {}
RESULT: {}
COMMAND: POST /session/ec284260d80df1b286fd1c4360299648/execute/async - {"script":"<script> [1562 bytes]","args":[{"selector":{"id":"application-managecatalogs-display-component---masterCatalogItems--searchItemsField","interaction":{"idSuffix":"I"}},"wdio_ui5_key":"applicationmanagecatalogs-display-component---masterCatalogItems--searchItemsField"}]}
RESULT: {"script":"<script> [1562 bytes]","args":[{"selector":{"id":"application-managecatalogs-display-component---masterCatalogItems--searchItemsField","interaction":{"idSuffix":"I"}},"wdio_ui5_key":"applicationmanagecatalogs-display-component---masterCatalogItems--searchItemsField"}]}
RESULT: undefined
COMMAND: POST /session/ec284260d80df1b286fd1c4360299648/execute/async - {"script":"<script> [776 bytes]","args":[{"enterText":"catalogItemName5kulrk","selector":{"id":"application-managecatalogs-display-component---masterCatalogItems--searchItemsField","interaction":{"idSuffix":"I"}},"clearTextFirst":true,"interactionType":"ENTER_TEXT"}]}
RESULT: {"script":"<script> [776 bytes]","args":[{"enterText":"catalogItemName5kulrk","selector":{"id":"application-managecatalogs-display-component---masterCatalogItems--searchItemsField","interaction":{"idSuffix":"I"}},"clearTextFirst":true,"interactionType":"ENTER_TEXT"}]}
COMMAND: POST /session/ec284260d80df1b286fd1c4360299648/actions - {"actions":[{"id":"action14","type":"key","parameters":{},"actions":[{"type":"keyDown","value":""},{"type":"pause","duration":10},{"type":"keyUp","value":""}]}]}
RESULT: {"actions":[{"id":"action14","type":"key","parameters":{},"actions":[{"type":"keyDown","value":""},{"type":"pause","duration":10},{"type":"keyUp","value":""}]}]}
COMMAND: POST /session/ec284260d80df1b286fd1c4360299648/element - {"using":"xpath","value":"(//span[contains(text(), \"catalogItemName5kulrk\")])[1]"}
COMMAND: GET /session/ec284260d80df1b286fd1c4360299648/screenshot - {}
RESULT: {"using":"xpath","value":"(//span[contains(text(), \"catalogItemName5kulrk\")])[1]"}
COMMAND: POST /session/ec284260d80df1b286fd1c4360299648/element/f.B9CB64A859AAC9ED11F02B17526367C4.d.CD532CCA0FC90C75DFA2483483CD18BE.e.6038/click - {}
RESULT: {}
RESULT: {}
COMMAND: GET /session/ec284260d80df1b286fd1c4360299648/screenshot - {}
RESULT: {}
COMMAND: POST /session/ec284260d80df1b286fd1c4360299648/element - {"using":"xpath","value":"//span[contains(text(), \"catalogItemmskgr\")]"}
RESULT: {"using":"xpath","value":"//span[contains(text(), \"catalogItemmskgr\")]"}
COMMAND: GET /session/ec284260d80df1b286fd1c4360299648/element/f.B9CB64A859AAC9ED11F02B17526367C4.d.CD532CCA0FC90C75DFA2483483CD18BE.e.6100/text - {}
RESULT: {}
]]></system-out>
    </testcase>
    <testcase classname="chrome.135_0_7049_42.windows.Standard_contract_-_add_contract_items_by_Insert_Request_US118222" name="Should assign resources to the catalog item" time="71.997">
      <system-out><![CDATA[
RESULT: undefined
COMMAND: POST /session/ec284260d80df1b286fd1c4360299648/element - {"using":"xpath","value":"//*[@id=\"__button25\"]"}
RESULT: {"using":"xpath","value":"//*[@id=\"__button25\"]"}
COMMAND: POST /session/ec284260d80df1b286fd1c4360299648/element/f.B9CB64A859AAC9ED11F02B17526367C4.d.CD532CCA0FC90C75DFA2483483CD18BE.e.6087/click - {}
COMMAND: POST /session/ec284260d80df1b286fd1c4360299648/element - {"using":"xpath","value":"//*[@id=\"__button25\"]"}
RESULT: {"using":"xpath","value":"//*[@id=\"__button25\"]"}
COMMAND: POST /session/ec284260d80df1b286fd1c4360299648/element/f.B9CB64A859AAC9ED11F02B17526367C4.d.CD532CCA0FC90C75DFA2483483CD18BE.e.6087/click - {}
COMMAND: POST /session/ec284260d80df1b286fd1c4360299648/element - {"using":"xpath","value":"//*[@id=\"__button25\"]"}
RESULT: {"using":"xpath","value":"//*[@id=\"__button25\"]"}
COMMAND: POST /session/ec284260d80df1b286fd1c4360299648/element/f.B9CB64A859AAC9ED11F02B17526367C4.d.CD532CCA0FC90C75DFA2483483CD18BE.e.6115/click - {}
RESULT: {}
COMMAND: GET /session/ec284260d80df1b286fd1c4360299648/screenshot - {}
RESULT: {}
COMMAND: POST /session/ec284260d80df1b286fd1c4360299648/execute/async - {"script":"<script> [1562 bytes]","args":[{"selector":{"id":"application-managecatalogs-display-component---detailCatalog--BASE_UNIT_OF_MEASURE-arrow"},"wdio_ui5_key":"applicationmanagecatalogs-display-component---detailCatalog--BASE_UNIT_OF_MEASURE-arrow"}]}
RESULT: {"script":"<script> [1562 bytes]","args":[{"selector":{"id":"application-managecatalogs-display-component---detailCatalog--BASE_UNIT_OF_MEASURE-arrow"},"wdio_ui5_key":"applicationmanagecatalogs-display-component---detailCatalog--BASE_UNIT_OF_MEASURE-arrow"}]}
RESULT: undefined
COMMAND: POST /session/ec284260d80df1b286fd1c4360299648/element - {"using":"xpath","value":"//*[@id=\"application-managecatalogs-display-component---detailCatalog--BASE_UNIT_OF_MEASURE-arrow\"]"}
RESULT: {"using":"xpath","value":"//*[@id=\"application-managecatalogs-display-component---detailCatalog--BASE_UNIT_OF_MEASURE-arrow\"]"}
COMMAND: POST /session/ec284260d80df1b286fd1c4360299648/element/f.B9CB64A859AAC9ED11F02B17526367C4.d.CD532CCA0FC90C75DFA2483483CD18BE.e.6137/click - {}
RESULT: {}
COMMAND: POST /session/ec284260d80df1b286fd1c4360299648/execute/async - {"script":"<script> [1562 bytes]","args":[{"selector":{"controlType":"sap.m.StandardListItem","viewName":"etm.portal.ui.managecatalogs.view.Detail","viewId":"application-managecatalogs-display-component---detailCatalog","properties":{"title":"Piece"},"searchOpenDialogs":true,"interaction":{"idSuffix":"titleText"}},"wdio_ui5_key":"etmportal.ui.managecatalogs.view.Detailsap.m.StandardListItem{\"title\":\"Piece\"}"}]}
COMMAND: GET /session/ec284260d80df1b286fd1c4360299648/screenshot - {}
RESULT: {"script":"<script> [1562 bytes]","args":[{"selector":{"controlType":"sap.m.StandardListItem","viewName":"etm.portal.ui.managecatalogs.view.Detail","viewId":"application-managecatalogs-display-component---detailCatalog","properties":{"title":"Piece"},"searchOpenDialogs":true,"interaction":{"idSuffix":"titleText"}},"wdio_ui5_key":"etmportal.ui.managecatalogs.view.Detailsap.m.StandardListItem{\"title\":\"Piece\"}"}]}
RESULT: undefined
COMMAND: POST /session/ec284260d80df1b286fd1c4360299648/element - {"using":"xpath","value":"//*[@id=\"__item261\"]"}
RESULT: {}
RESULT: {"using":"xpath","value":"//*[@id=\"__item261\"]"}
COMMAND: POST /session/ec284260d80df1b286fd1c4360299648/element/f.B9CB64A859AAC9ED11F02B17526367C4.d.CD532CCA0FC90C75DFA2483483CD18BE.e.6139/click - {}
RESULT: {}
COMMAND: POST /session/ec284260d80df1b286fd1c4360299648/execute/async - {"script":"<script> [1562 bytes]","args":[{"selector":{"id":"application-managecatalogs-display-component---detailCatalog--ObjectPageLayout-anchBar-application-managecatalogs-display-component---detailCatalog--sectionRUs-anchor","interaction":{"idSuffix":"BDI-content"}},"wdio_ui5_key":"applicationmanagecatalogs-display-component---detailCatalog--ObjectPageLayout-anchBar-application-managecatalogs-display-component---detailCatalog--sectionRUs-anchor"}]}
COMMAND: GET /session/ec284260d80df1b286fd1c4360299648/screenshot - {}
RESULT: {"script":"<script> [1562 bytes]","args":[{"selector":{"id":"application-managecatalogs-display-component---detailCatalog--ObjectPageLayout-anchBar-application-managecatalogs-display-component---detailCatalog--sectionRUs-anchor","interaction":{"idSuffix":"BDI-content"}},"wdio_ui5_key":"applicationmanagecatalogs-display-component---detailCatalog--ObjectPageLayout-anchBar-application-managecatalogs-display-component---detailCatalog--sectionRUs-anchor"}]}
RESULT: undefined
COMMAND: POST /session/ec284260d80df1b286fd1c4360299648/element - {"using":"xpath","value":"//*[@id=\"application-managecatalogs-display-component---detailCatalog--ObjectPageLayout-anchBar-application-managecatalogs-display-component---detailCatalog--sectionRUs-anchor\"]"}
RESULT: {}
RESULT: {"using":"xpath","value":"//*[@id=\"application-managecatalogs-display-component---detailCatalog--ObjectPageLayout-anchBar-application-managecatalogs-display-component---detailCatalog--sectionRUs-anchor\"]"}
COMMAND: POST /session/ec284260d80df1b286fd1c4360299648/element/f.B9CB64A859AAC9ED11F02B17526367C4.d.CD532CCA0FC90C75DFA2483483CD18BE.e.6141/click - {}
RESULT: {}
COMMAND: POST /session/ec284260d80df1b286fd1c4360299648/element - {"using":"xpath","value":"//button[contains(@data-kt ,\"catalogItemAssignRuButton\")]"}
COMMAND: GET /session/ec284260d80df1b286fd1c4360299648/screenshot - {}
RESULT: {"using":"xpath","value":"//button[contains(@data-kt ,\"catalogItemAssignRuButton\")]"}
COMMAND: POST /session/ec284260d80df1b286fd1c4360299648/element/f.B9CB64A859AAC9ED11F02B17526367C4.d.CD532CCA0FC90C75DFA2483483CD18BE.e.6147/click - {}
RESULT: {}
RESULT: {}
COMMAND: GET /session/ec284260d80df1b286fd1c4360299648/screenshot - {}
RESULT: {}
COMMAND: POST /session/ec284260d80df1b286fd1c4360299648/actions - {"actions":[{"id":"action15","type":"key","parameters":{},"actions":[{"type":"keyDown","value":""},{"type":"pause","duration":10},{"type":"keyUp","value":""}]}]}
RESULT: {"actions":[{"id":"action15","type":"key","parameters":{},"actions":[{"type":"keyDown","value":""},{"type":"pause","duration":10},{"type":"keyUp","value":""}]}]}
COMMAND: POST /session/ec284260d80df1b286fd1c4360299648/execute/async - {"script":"<script> [1562 bytes]","args":[{"selector":{"id":"application-managecatalogs-display-component---detailCatalog--assignRUSearchField-vhi","searchOpenDialogs":true},"wdio_ui5_key":"applicationmanagecatalogs-display-component---detailCatalog--assignRUSearchField-vhi"}]}
COMMAND: GET /session/ec284260d80df1b286fd1c4360299648/screenshot - {}
RESULT: {"script":"<script> [1562 bytes]","args":[{"selector":{"id":"application-managecatalogs-display-component---detailCatalog--assignRUSearchField-vhi","searchOpenDialogs":true},"wdio_ui5_key":"applicationmanagecatalogs-display-component---detailCatalog--assignRUSearchField-vhi"}]}
RESULT: undefined
COMMAND: POST /session/ec284260d80df1b286fd1c4360299648/element - {"using":"xpath","value":"//*[@id=\"application-managecatalogs-display-component---detailCatalog--assignRUSearchField-vhi\"]"}
RESULT: {}
RESULT: {"using":"xpath","value":"//*[@id=\"application-managecatalogs-display-component---detailCatalog--assignRUSearchField-vhi\"]"}
COMMAND: POST /session/ec284260d80df1b286fd1c4360299648/element/f.B9CB64A859AAC9ED11F02B17526367C4.d.CD532CCA0FC90C75DFA2483483CD18BE.e.6170/click - {}
RESULT: {}
COMMAND: GET /session/ec284260d80df1b286fd1c4360299648/screenshot - {}
RESULT: {}
COMMAND: POST /session/ec284260d80df1b286fd1c4360299648/element - {"using":"xpath","value":"//input[contains(@id ,\"searchField-I\")]"}
RESULT: {"using":"xpath","value":"//input[contains(@id ,\"searchField-I\")]"}
COMMAND: POST /session/ec284260d80df1b286fd1c4360299648/element/f.B9CB64A859AAC9ED11F02B17526367C4.d.CD532CCA0FC90C75DFA2483483CD18BE.e.6172/clear - {}
RESULT: {}
COMMAND: POST /session/ec284260d80df1b286fd1c4360299648/element/f.B9CB64A859AAC9ED11F02B17526367C4.d.CD532CCA0FC90C75DFA2483483CD18BE.e.6172/value - {"text":"WdIOR2cEquip021g7"}
COMMAND: GET /session/ec284260d80df1b286fd1c4360299648/screenshot - {}
RESULT: {"text":"WdIOR2cEquip021g7"}
COMMAND: GET /session/ec284260d80df1b286fd1c4360299648/screenshot - {}
RESULT: {}
RESULT: {}
COMMAND: POST /session/ec284260d80df1b286fd1c4360299648/actions - {"actions":[{"id":"action16","type":"key","parameters":{},"actions":[{"type":"keyDown","value":""},{"type":"pause","duration":10},{"type":"keyUp","value":""}]}]}
RESULT: {"actions":[{"id":"action16","type":"key","parameters":{},"actions":[{"type":"keyDown","value":""},{"type":"pause","duration":10},{"type":"keyUp","value":""}]}]}
COMMAND: GET /session/ec284260d80df1b286fd1c4360299648/screenshot - {}
RESULT: {}
COMMAND: POST /session/ec284260d80df1b286fd1c4360299648/actions - {"actions":[{"id":"action17","type":"key","parameters":{},"actions":[{"type":"keyDown","value":""},{"type":"pause","duration":10},{"type":"keyUp","value":""}]}]}
RESULT: {"actions":[{"id":"action17","type":"key","parameters":{},"actions":[{"type":"keyDown","value":""},{"type":"pause","duration":10},{"type":"keyUp","value":""}]}]}
COMMAND: GET /session/ec284260d80df1b286fd1c4360299648/screenshot - {}
RESULT: {}
COMMAND: POST /session/ec284260d80df1b286fd1c4360299648/actions - {"actions":[{"id":"action18","type":"key","parameters":{},"actions":[{"type":"keyDown","value":""},{"type":"pause","duration":10},{"type":"keyUp","value":""}]}]}
RESULT: {"actions":[{"id":"action18","type":"key","parameters":{},"actions":[{"type":"keyDown","value":""},{"type":"pause","duration":10},{"type":"keyUp","value":""}]}]}
COMMAND: GET /session/ec284260d80df1b286fd1c4360299648/screenshot - {}
RESULT: {}
COMMAND: POST /session/ec284260d80df1b286fd1c4360299648/element - {"using":"xpath","value":"//bdi[contains(@id ,\"application-managecatalogs-display-component---detailCatalog--RUAssignmentSaveButton-BDI-content\")]"}
RESULT: {"using":"xpath","value":"//bdi[contains(@id ,\"application-managecatalogs-display-component---detailCatalog--RUAssignmentSaveButton-BDI-content\")]"}
COMMAND: POST /session/ec284260d80df1b286fd1c4360299648/element/f.B9CB64A859AAC9ED11F02B17526367C4.d.CD532CCA0FC90C75DFA2483483CD18BE.e.6191/click - {}
RESULT: {}
COMMAND: GET /session/ec284260d80df1b286fd1c4360299648/screenshot - {}
RESULT: {}
RESULT: undefined
COMMAND: POST /session/ec284260d80df1b286fd1c4360299648/element - {"using":"xpath","value":"//*[@id=\"application-managecatalogs-display-component---detailCatalog--ObjectPageLayout-anchBar-application-managecatalogs-display-component---detailCatalog--sectionRUs-anchor\"]"}
RESULT: {"using":"xpath","value":"//*[@id=\"application-managecatalogs-display-component---detailCatalog--ObjectPageLayout-anchBar-application-managecatalogs-display-component---detailCatalog--sectionRUs-anchor\"]"}
COMMAND: POST /session/ec284260d80df1b286fd1c4360299648/elements - {"using":"xpath","value":"//*[@id=\"application-managecatalogs-display-component---detailCatalog--ObjectPageLayout-anchBar-application-managecatalogs-display-component---detailCatalog--sectionRUs-anchor\"]"}
RESULT: {"using":"xpath","value":"//*[@id=\"application-managecatalogs-display-component---detailCatalog--ObjectPageLayout-anchBar-application-managecatalogs-display-component---detailCatalog--sectionRUs-anchor\"]"}
COMMAND: POST /session/ec284260d80df1b286fd1c4360299648/elements - {"using":"xpath","value":"//*[@id=\"application-managecatalogs-display-component---detailCatalog--ObjectPageLayout-anchBar-application-managecatalogs-display-component---detailCatalog--sectionRUs-anchor\"]"}
RESULT: {"using":"xpath","value":"//*[@id=\"application-managecatalogs-display-component---detailCatalog--ObjectPageLayout-anchBar-application-managecatalogs-display-component---detailCatalog--sectionRUs-anchor\"]"}
COMMAND: POST /session/ec284260d80df1b286fd1c4360299648/element - {"using":"xpath","value":"//*[@id=\"application-managecatalogs-display-component---detailCatalog--ObjectPageLayout-anchBar-application-managecatalogs-display-component---detailCatalog--sectionRUs-anchor\"]"}
RESULT: {"using":"xpath","value":"//*[@id=\"application-managecatalogs-display-component---detailCatalog--ObjectPageLayout-anchBar-application-managecatalogs-display-component---detailCatalog--sectionRUs-anchor\"]"}
COMMAND: POST /session/ec284260d80df1b286fd1c4360299648/element/f.B9CB64A859AAC9ED11F02B17526367C4.d.CD532CCA0FC90C75DFA2483483CD18BE.e.6222/click - {}
RESULT: {}
COMMAND: GET /session/ec284260d80df1b286fd1c4360299648/screenshot - {}
RESULT: {}
COMMAND: POST /session/ec284260d80df1b286fd1c4360299648/element - {"using":"xpath","value":"//button[contains(@data-kt ,\"catalogItemAssignRuButton\")]"}
RESULT: {"using":"xpath","value":"//button[contains(@data-kt ,\"catalogItemAssignRuButton\")]"}
COMMAND: POST /session/ec284260d80df1b286fd1c4360299648/element/f.B9CB64A859AAC9ED11F02B17526367C4.d.CD532CCA0FC90C75DFA2483483CD18BE.e.6229/click - {}
RESULT: {}
COMMAND: GET /session/ec284260d80df1b286fd1c4360299648/screenshot - {}
RESULT: {}
COMMAND: POST /session/ec284260d80df1b286fd1c4360299648/actions - {"actions":[{"id":"action19","type":"key","parameters":{},"actions":[{"type":"keyDown","value":""},{"type":"pause","duration":10},{"type":"keyUp","value":""}]}]}
RESULT: {"actions":[{"id":"action19","type":"key","parameters":{},"actions":[{"type":"keyDown","value":""},{"type":"pause","duration":10},{"type":"keyUp","value":""}]}]}
RESULT: undefined
COMMAND: POST /session/ec284260d80df1b286fd1c4360299648/element - {"using":"xpath","value":"//*[@id=\"application-managecatalogs-display-component---detailCatalog--assignRUSearchField-vhi\"]"}
COMMAND: GET /session/ec284260d80df1b286fd1c4360299648/screenshot - {}
RESULT: {"using":"xpath","value":"//*[@id=\"application-managecatalogs-display-component---detailCatalog--assignRUSearchField-vhi\"]"}
COMMAND: POST /session/ec284260d80df1b286fd1c4360299648/elements - {"using":"xpath","value":"//*[@id=\"application-managecatalogs-display-component---detailCatalog--assignRUSearchField-vhi\"]"}
RESULT: {}
RESULT: {"using":"xpath","value":"//*[@id=\"application-managecatalogs-display-component---detailCatalog--assignRUSearchField-vhi\"]"}
COMMAND: POST /session/ec284260d80df1b286fd1c4360299648/element - {"using":"xpath","value":"//*[@id=\"application-managecatalogs-display-component---detailCatalog--assignRUSearchField-vhi\"]"}
RESULT: {"using":"xpath","value":"//*[@id=\"application-managecatalogs-display-component---detailCatalog--assignRUSearchField-vhi\"]"}
COMMAND: POST /session/ec284260d80df1b286fd1c4360299648/element/f.B9CB64A859AAC9ED11F02B17526367C4.d.CD532CCA0FC90C75DFA2483483CD18BE.e.6247/click - {}
RESULT: {}
COMMAND: POST /session/ec284260d80df1b286fd1c4360299648/execute/async - {"script":"<script> [1562 bytes]","args":[{"selector":{"controlType":"sap.m.SearchField","viewName":"etm.portal.ui.managecatalogs.view.Detail","viewId":"application-managecatalogs-display-component---detailCatalog","searchOpenDialogs":true,"interaction":{"idSuffix":"I"}},"wdio_ui5_key":"etmportal.ui.managecatalogs.view.Detailsap.m.SearchField"}]}
COMMAND: GET /session/ec284260d80df1b286fd1c4360299648/screenshot - {}
RESULT: {"script":"<script> [1562 bytes]","args":[{"selector":{"controlType":"sap.m.SearchField","viewName":"etm.portal.ui.managecatalogs.view.Detail","viewId":"application-managecatalogs-display-component---detailCatalog","searchOpenDialogs":true,"interaction":{"idSuffix":"I"}},"wdio_ui5_key":"etmportal.ui.managecatalogs.view.Detailsap.m.SearchField"}]}
RESULT: undefined
COMMAND: POST /session/ec284260d80df1b286fd1c4360299648/execute/async - {"script":"<script> [776 bytes]","args":[{"enterText":"WebdriverRUR2Ch7i1j","selector":{"controlType":"sap.m.SearchField","viewName":"etm.portal.ui.managecatalogs.view.Detail","viewId":"application-managecatalogs-display-component---detailCatalog","searchOpenDialogs":true,"interaction":{"idSuffix":"I"}},"clearTextFirst":true,"interactionType":"ENTER_TEXT"}]}
RESULT: {}
RESULT: {"script":"<script> [776 bytes]","args":[{"enterText":"WebdriverRUR2Ch7i1j","selector":{"controlType":"sap.m.SearchField","viewName":"etm.portal.ui.managecatalogs.view.Detail","viewId":"application-managecatalogs-display-component---detailCatalog","searchOpenDialogs":true,"interaction":{"idSuffix":"I"}},"clearTextFirst":true,"interactionType":"ENTER_TEXT"}]}
COMMAND: POST /session/ec284260d80df1b286fd1c4360299648/actions - {"actions":[{"id":"action20","type":"key","parameters":{},"actions":[{"type":"keyDown","value":""},{"type":"pause","duration":10},{"type":"keyUp","value":""}]}]}
RESULT: {"actions":[{"id":"action20","type":"key","parameters":{},"actions":[{"type":"keyDown","value":""},{"type":"pause","duration":10},{"type":"keyUp","value":""}]}]}
COMMAND: GET /session/ec284260d80df1b286fd1c4360299648/screenshot - {}
RESULT: {}
COMMAND: POST /session/ec284260d80df1b286fd1c4360299648/element - {"using":"xpath","value":"(//span[contains(text(), \"WebdriverRUR2Ch7i1j\")])[1]"}
RESULT: {"using":"xpath","value":"(//span[contains(text(), \"WebdriverRUR2Ch7i1j\")])[1]"}
COMMAND: POST /session/ec284260d80df1b286fd1c4360299648/element/f.B9CB64A859AAC9ED11F02B17526367C4.d.CD532CCA0FC90C75DFA2483483CD18BE.e.6286/click - {}
RESULT: {}
COMMAND: POST /session/ec284260d80df1b286fd1c4360299648/execute/async - {"script":"<script> [1562 bytes]","args":[{"selector":{"id":"application-managecatalogs-display-component---detailCatalog--RUAssignmentSaveButton","searchOpenDialogs":true,"interaction":{"idSuffix":"BDI-content"}},"wdio_ui5_key":"applicationmanagecatalogs-display-component---detailCatalog--RUAssignmentSaveButton"}]}
COMMAND: GET /session/ec284260d80df1b286fd1c4360299648/screenshot - {}
RESULT: {"script":"<script> [1562 bytes]","args":[{"selector":{"id":"application-managecatalogs-display-component---detailCatalog--RUAssignmentSaveButton","searchOpenDialogs":true,"interaction":{"idSuffix":"BDI-content"}},"wdio_ui5_key":"applicationmanagecatalogs-display-component---detailCatalog--RUAssignmentSaveButton"}]}
RESULT: undefined
COMMAND: POST /session/ec284260d80df1b286fd1c4360299648/element - {"using":"xpath","value":"//*[@id=\"application-managecatalogs-display-component---detailCatalog--RUAssignmentSaveButton\"]"}
RESULT: {}
RESULT: {"using":"xpath","value":"//*[@id=\"application-managecatalogs-display-component---detailCatalog--RUAssignmentSaveButton\"]"}
COMMAND: POST /session/ec284260d80df1b286fd1c4360299648/element/f.B9CB64A859AAC9ED11F02B17526367C4.d.CD532CCA0FC90C75DFA2483483CD18BE.e.6289/click - {}
RESULT: {}
COMMAND: GET /session/ec284260d80df1b286fd1c4360299648/screenshot - {}
RESULT: {}
COMMAND: POST /session/ec284260d80df1b286fd1c4360299648/element - {"using":"xpath","value":"//bdi[contains(text(), \"Save\")]"}
RESULT: {"using":"xpath","value":"//bdi[contains(text(), \"Save\")]"}
COMMAND: POST /session/ec284260d80df1b286fd1c4360299648/element/f.B9CB64A859AAC9ED11F02B17526367C4.d.CD532CCA0FC90C75DFA2483483CD18BE.e.6319/click - {}
RESULT: {}
COMMAND: GET /session/ec284260d80df1b286fd1c4360299648/screenshot - {}
RESULT: {}
COMMAND: POST /session/ec284260d80df1b286fd1c4360299648/element - {"using":"css selector","value":"#shell-header-logo"}
RESULT: {"using":"css selector","value":"#shell-header-logo"}
COMMAND: POST /session/ec284260d80df1b286fd1c4360299648/element/f.B9CB64A859AAC9ED11F02B17526367C4.d.CD532CCA0FC90C75DFA2483483CD18BE.e.5727/click - {}
RESULT: {}
COMMAND: GET /session/ec284260d80df1b286fd1c4360299648/screenshot - {}
RESULT: {}
]]></system-out>
    </testcase>
    <testcase classname="chrome.135_0_7049_42.windows.Standard_contract_-_add_contract_items_by_Insert_Request_US118222" name="Should create a new contract" time="73.081">
      <system-out><![CDATA[
COMMAND: POST /session/ec284260d80df1b286fd1c4360299648/execute/async - {"script":"<script> [1562 bytes]","args":[{"selector":{"controlType":"sap.m.Text","viewName":"etm.portal.ui.managecontractstile.view.Master","properties":{"text":"Manage Contracts"},"interaction":{"idSuffix":"inner"}},"wdio_ui5_key":"etmportal.ui.managecontractstile.view.Mastersap.m.Text{\"text\":\"Manage Contracts\"}"}]}
RESULT: {"script":"<script> [1562 bytes]","args":[{"selector":{"controlType":"sap.m.Text","viewName":"etm.portal.ui.managecontractstile.view.Master","properties":{"text":"Manage Contracts"},"interaction":{"idSuffix":"inner"}},"wdio_ui5_key":"etmportal.ui.managecontractstile.view.Mastersap.m.Text{\"text\":\"Manage Contracts\"}"}]}
RESULT: undefined
COMMAND: POST /session/ec284260d80df1b286fd1c4360299648/element - {"using":"xpath","value":"//*[@id=\"__tile130-title\"]"}
RESULT: {"using":"xpath","value":"//*[@id=\"__tile130-title\"]"}
COMMAND: POST /session/ec284260d80df1b286fd1c4360299648/element/f.B9CB64A859AAC9ED11F02B17526367C4.d.CD532CCA0FC90C75DFA2483483CD18BE.e.6370/click - {}
RESULT: {}
COMMAND: GET /session/ec284260d80df1b286fd1c4360299648/screenshot - {}
RESULT: {}
RESULT: undefined
RESULT: undefined
COMMAND: POST /session/ec284260d80df1b286fd1c4360299648/element - {"using":"xpath","value":"//button[@data-kt=\"addButton\"]"}
RESULT: {"using":"xpath","value":"//button[@data-kt=\"addButton\"]"}
COMMAND: POST /session/ec284260d80df1b286fd1c4360299648/element/f.B9CB64A859AAC9ED11F02B17526367C4.d.CD532CCA0FC90C75DFA2483483CD18BE.e.6409/click - {}
RESULT: {}
COMMAND: GET /session/ec284260d80df1b286fd1c4360299648/screenshot - {}
RESULT: {}
COMMAND: POST /session/ec284260d80df1b286fd1c4360299648/execute/async - {"script":"<script> [1562 bytes]","args":[{"selector":{"id":"application-managecontracts-display-component---AddNewContract--projectDescription","interaction":{"idSuffix":"inner"}},"wdio_ui5_key":"applicationmanagecontracts-display-component---AddNewContract--projectDescription"}]}
RESULT: {"script":"<script> [1562 bytes]","args":[{"selector":{"id":"application-managecontracts-display-component---AddNewContract--projectDescription","interaction":{"idSuffix":"inner"}},"wdio_ui5_key":"applicationmanagecontracts-display-component---AddNewContract--projectDescription"}]}
RESULT: undefined
COMMAND: POST /session/ec284260d80df1b286fd1c4360299648/execute/async - {"script":"<script> [776 bytes]","args":[{"enterText":"WdIOR2c2013x","selector":{"id":"application-managecontracts-display-component---AddNewContract--projectDescription","interaction":{"idSuffix":"inner"}},"clearTextFirst":true,"interactionType":"ENTER_TEXT"}]}
RESULT: {"script":"<script> [776 bytes]","args":[{"enterText":"WdIOR2c2013x","selector":{"id":"application-managecontracts-display-component---AddNewContract--projectDescription","interaction":{"idSuffix":"inner"}},"clearTextFirst":true,"interactionType":"ENTER_TEXT"}]}
COMMAND: POST /session/ec284260d80df1b286fd1c4360299648/element - {"using":"xpath","value":"//input[@id=\"application-managecontracts-display-component---AddNewContract--yardId-inner\"]"}
RESULT: {"using":"xpath","value":"//input[@id=\"application-managecontracts-display-component---AddNewContract--yardId-inner\"]"}
COMMAND: POST /session/ec284260d80df1b286fd1c4360299648/element/f.B9CB64A859AAC9ED11F02B17526367C4.d.CD532CCA0FC90C75DFA2483483CD18BE.e.6858/clear - {}
RESULT: {}
COMMAND: POST /session/ec284260d80df1b286fd1c4360299648/element/f.B9CB64A859AAC9ED11F02B17526367C4.d.CD532CCA0FC90C75DFA2483483CD18BE.e.6858/value - {"text":"WebdriverYard6wv8h"}
COMMAND: GET /session/ec284260d80df1b286fd1c4360299648/screenshot - {}
RESULT: {"text":"WebdriverYard6wv8h"}
COMMAND: GET /session/ec284260d80df1b286fd1c4360299648/screenshot - {}
RESULT: {}
RESULT: {}
COMMAND: POST /session/ec284260d80df1b286fd1c4360299648/actions - {"actions":[{"id":"action21","type":"key","parameters":{},"actions":[{"type":"keyDown","value":""},{"type":"pause","duration":10},{"type":"keyUp","value":""}]}]}
RESULT: {"actions":[{"id":"action21","type":"key","parameters":{},"actions":[{"type":"keyDown","value":""},{"type":"pause","duration":10},{"type":"keyUp","value":""}]}]}
COMMAND: GET /session/ec284260d80df1b286fd1c4360299648/screenshot - {}
RESULT: {}
COMMAND: POST /session/ec284260d80df1b286fd1c4360299648/element - {"using":"xpath","value":"//input[@id=\"application-managecontracts-display-component---AddNewContract--customerSelect-inner\"]"}
RESULT: {"using":"xpath","value":"//input[@id=\"application-managecontracts-display-component---AddNewContract--customerSelect-inner\"]"}
COMMAND: POST /session/ec284260d80df1b286fd1c4360299648/element/f.B9CB64A859AAC9ED11F02B17526367C4.d.CD532CCA0FC90C75DFA2483483CD18BE.e.6856/clear - {}
RESULT: {}
COMMAND: POST /session/ec284260d80df1b286fd1c4360299648/element/f.B9CB64A859AAC9ED11F02B17526367C4.d.CD532CCA0FC90C75DFA2483483CD18BE.e.6856/value - {"text":"WebdriverPartnerxf268"}
COMMAND: GET /session/ec284260d80df1b286fd1c4360299648/screenshot - {}
RESULT: {"text":"WebdriverPartnerxf268"}
COMMAND: GET /session/ec284260d80df1b286fd1c4360299648/screenshot - {}
RESULT: {}
RESULT: {}
COMMAND: POST /session/ec284260d80df1b286fd1c4360299648/actions - {"actions":[{"id":"action22","type":"key","parameters":{},"actions":[{"type":"keyDown","value":""},{"type":"pause","duration":10},{"type":"keyUp","value":""}]}]}
RESULT: {"actions":[{"id":"action22","type":"key","parameters":{},"actions":[{"type":"keyDown","value":""},{"type":"pause","duration":10},{"type":"keyUp","value":""}]}]}
COMMAND: GET /session/ec284260d80df1b286fd1c4360299648/screenshot - {}
RESULT: {}
COMMAND: POST /session/ec284260d80df1b286fd1c4360299648/element - {"using":"xpath","value":"//input[@id=\"application-managecontracts-display-component---AddNewContract--site-inner\"]"}
RESULT: {"using":"xpath","value":"//input[@id=\"application-managecontracts-display-component---AddNewContract--site-inner\"]"}
COMMAND: POST /session/ec284260d80df1b286fd1c4360299648/element/f.B9CB64A859AAC9ED11F02B17526367C4.d.CD532CCA0FC90C75DFA2483483CD18BE.e.6857/clear - {}
RESULT: {}
COMMAND: POST /session/ec284260d80df1b286fd1c4360299648/element/f.B9CB64A859AAC9ED11F02B17526367C4.d.CD532CCA0FC90C75DFA2483483CD18BE.e.6857/value - {"text":"WebdriverSitehmxx8"}
COMMAND: GET /session/ec284260d80df1b286fd1c4360299648/screenshot - {}
RESULT: {"text":"WebdriverSitehmxx8"}
COMMAND: GET /session/ec284260d80df1b286fd1c4360299648/screenshot - {}
RESULT: {}
RESULT: {}
COMMAND: POST /session/ec284260d80df1b286fd1c4360299648/actions - {"actions":[{"id":"action23","type":"key","parameters":{},"actions":[{"type":"keyDown","value":""},{"type":"pause","duration":10},{"type":"keyUp","value":""}]}]}
RESULT: {"actions":[{"id":"action23","type":"key","parameters":{},"actions":[{"type":"keyDown","value":""},{"type":"pause","duration":10},{"type":"keyUp","value":""}]}]}
COMMAND: POST /session/ec284260d80df1b286fd1c4360299648/element - {"using":"xpath","value":"//button[@data-kt=\"saveButton\"]"}
COMMAND: GET /session/ec284260d80df1b286fd1c4360299648/screenshot - {}
RESULT: {"using":"xpath","value":"//button[@data-kt=\"saveButton\"]"}
COMMAND: POST /session/ec284260d80df1b286fd1c4360299648/element/f.B9CB64A859AAC9ED11F02B17526367C4.d.CD532CCA0FC90C75DFA2483483CD18BE.e.6875/click - {}
RESULT: {}
RESULT: {}
COMMAND: GET /session/ec284260d80df1b286fd1c4360299648/screenshot - {}
RESULT: {}
COMMAND: POST /session/ec284260d80df1b286fd1c4360299648/execute/async - {"script":"<script> [1562 bytes]","args":[{"selector":{"id":"contractDetailTitleNoExpanded","viewName":"etm.portal.ui.managecontracts.view.Detail"},"wdio_ui5_key":"contractDetailTitleNoExpandedetmportal.ui.managecontracts.view.Detail"}]}
RESULT: {"script":"<script> [1562 bytes]","args":[{"selector":{"id":"contractDetailTitleNoExpanded","viewName":"etm.portal.ui.managecontracts.view.Detail"},"wdio_ui5_key":"contractDetailTitleNoExpandedetmportal.ui.managecontracts.view.Detail"}]}
RESULT: undefined
COMMAND: POST /session/ec284260d80df1b286fd1c4360299648/execute/async - {"script":"<script> [6424 bytes]","args":[{"element-6066-11e4-a52e-4f735466cecf":"f.B9CB64A859AAC9ED11F02B17526367C4.d.CD532CCA0FC90C75DFA2483483CD18BE.e.6952"},"getText",[]]}
RESULT: {"script":"<script> [6424 bytes]","args":[{"element-6066-11e4-a52e-4f735466cecf":"f.B9CB64A859AAC9ED11F02B17526367C4.d.CD532CCA0FC90C75DFA2483483CD18BE.e.6952"},"getText",[]]}
]]></system-out>
    </testcase>
    <testcase classname="chrome.135_0_7049_42.windows.Standard_contract_-_add_contract_items_by_Insert_Request_US118222" name="Should create a new request and plan it" time="161.009">
      <system-out><![CDATA[
COMMAND: POST /session/ec284260d80df1b286fd1c4360299648/element - {"using":"css selector","value":"#shell-header-logo"}
RESULT: {"using":"css selector","value":"#shell-header-logo"}
COMMAND: POST /session/ec284260d80df1b286fd1c4360299648/element/f.B9CB64A859AAC9ED11F02B17526367C4.d.CD532CCA0FC90C75DFA2483483CD18BE.e.6373/click - {}
RESULT: {}
COMMAND: GET /session/ec284260d80df1b286fd1c4360299648/screenshot - {}
RESULT: {}
COMMAND: POST /session/ec284260d80df1b286fd1c4360299648/execute/async - {"script":"<script> [1562 bytes]","args":[{"selector":{"controlType":"sap.m.GenericTile","properties":{"header":"Manage Requests"}},"wdio_ui5_key":"sapm.GenericTile{\"header\":\"Manage Requests\"}"}]}
RESULT: {"script":"<script> [1562 bytes]","args":[{"selector":{"controlType":"sap.m.GenericTile","properties":{"header":"Manage Requests"}},"wdio_ui5_key":"sapm.GenericTile{\"header\":\"Manage Requests\"}"}]}
RESULT: undefined
COMMAND: POST /session/ec284260d80df1b286fd1c4360299648/element - {"using":"xpath","value":"//*[@id=\"__tile62\"]"}
RESULT: {"using":"xpath","value":"//*[@id=\"__tile62\"]"}
COMMAND: POST /session/ec284260d80df1b286fd1c4360299648/element/f.B9CB64A859AAC9ED11F02B17526367C4.d.CD532CCA0FC90C75DFA2483483CD18BE.e.6956/click - {}
RESULT: {}
COMMAND: GET /session/ec284260d80df1b286fd1c4360299648/screenshot - {}
RESULT: {}
COMMAND: POST /session/ec284260d80df1b286fd1c4360299648/element - {"using":"xpath","value":"//button[contains(@data-kt ,\"btnCreateNewOverflowToolbarButton\")]"}
RESULT: {"using":"xpath","value":"//button[contains(@data-kt ,\"btnCreateNewOverflowToolbarButton\")]"}
COMMAND: POST /session/ec284260d80df1b286fd1c4360299648/elements - {"using":"xpath","value":"//button[contains(@data-kt ,\"btnCreateNewOverflowToolbarButton\")]"}
RESULT: {"using":"xpath","value":"//button[contains(@data-kt ,\"btnCreateNewOverflowToolbarButton\")]"}
COMMAND: POST /session/ec284260d80df1b286fd1c4360299648/execute/sync - {"script":"<script> [8489 bytes]","args":[{"element-6066-11e4-a52e-4f735466cecf":"f.B9CB64A859AAC9ED11F02B17526367C4.d.CD532CCA0FC90C75DFA2483483CD18BE.e.7031","ELEMENT":"f.B9CB64A859AAC9ED11F02B17526367C4.d.CD532CCA0FC90C75DFA2483483CD18BE.e.7031"}]}
RESULT: {"script":"<script> [8489 bytes]","args":[{"element-6066-11e4-a52e-4f735466cecf":"f.B9CB64A859AAC9ED11F02B17526367C4.d.CD532CCA0FC90C75DFA2483483CD18BE.e.7031","ELEMENT":"f.B9CB64A859AAC9ED11F02B17526367C4.d.CD532CCA0FC90C75DFA2483483CD18BE.e.7031"}]}
COMMAND: GET /session/ec284260d80df1b286fd1c4360299648/element/f.B9CB64A859AAC9ED11F02B17526367C4.d.CD532CCA0FC90C75DFA2483483CD18BE.e.7031/enabled - {}
COMMAND: GET /session/ec284260d80df1b286fd1c4360299648/screenshot - {}
RESULT: {}
COMMAND: POST /session/ec284260d80df1b286fd1c4360299648/execute/sync - {"script":"<script> [8489 bytes]","args":[{"element-6066-11e4-a52e-4f735466cecf":"f.B9CB64A859AAC9ED11F02B17526367C4.d.CD532CCA0FC90C75DFA2483483CD18BE.e.7031","ELEMENT":"f.B9CB64A859AAC9ED11F02B17526367C4.d.CD532CCA0FC90C75DFA2483483CD18BE.e.7031"}]}
COMMAND: GET /session/ec284260d80df1b286fd1c4360299648/screenshot - {}
RESULT: {}
RESULT: {"script":"<script> [8489 bytes]","args":[{"element-6066-11e4-a52e-4f735466cecf":"f.B9CB64A859AAC9ED11F02B17526367C4.d.CD532CCA0FC90C75DFA2483483CD18BE.e.7031","ELEMENT":"f.B9CB64A859AAC9ED11F02B17526367C4.d.CD532CCA0FC90C75DFA2483483CD18BE.e.7031"}]}
COMMAND: POST /session/ec284260d80df1b286fd1c4360299648/execute/sync - {"script":"<script> [5351 bytes]","args":[{"element-6066-11e4-a52e-4f735466cecf":"f.B9CB64A859AAC9ED11F02B17526367C4.d.CD532CCA0FC90C75DFA2483483CD18BE.e.7031","ELEMENT":"f.B9CB64A859AAC9ED11F02B17526367C4.d.CD532CCA0FC90C75DFA2483483CD18BE.e.7031"}]}
COMMAND: GET /session/ec284260d80df1b286fd1c4360299648/screenshot - {}
RESULT: {}
RESULT: {"script":"<script> [5351 bytes]","args":[{"element-6066-11e4-a52e-4f735466cecf":"f.B9CB64A859AAC9ED11F02B17526367C4.d.CD532CCA0FC90C75DFA2483483CD18BE.e.7031","ELEMENT":"f.B9CB64A859AAC9ED11F02B17526367C4.d.CD532CCA0FC90C75DFA2483483CD18BE.e.7031"}]}
COMMAND: POST /session/ec284260d80df1b286fd1c4360299648/element/f.B9CB64A859AAC9ED11F02B17526367C4.d.CD532CCA0FC90C75DFA2483483CD18BE.e.7031/click - {}
COMMAND: GET /session/ec284260d80df1b286fd1c4360299648/screenshot - {}
RESULT: {}
RESULT: {}
COMMAND: GET /session/ec284260d80df1b286fd1c4360299648/screenshot - {}
RESULT: {}
RESULT: {}
COMMAND: POST /session/ec284260d80df1b286fd1c4360299648/element - {"using":"xpath","value":"//input[contains(@id ,\"yardId-inner\")]"}
RESULT: {"using":"xpath","value":"//input[contains(@id ,\"yardId-inner\")]"}
COMMAND: POST /session/ec284260d80df1b286fd1c4360299648/execute/sync - {"script":"<script> [8489 bytes]","args":[{"element-6066-11e4-a52e-4f735466cecf":"f.B9CB64A859AAC9ED11F02B17526367C4.d.CD532CCA0FC90C75DFA2483483CD18BE.e.7750","ELEMENT":"f.B9CB64A859AAC9ED11F02B17526367C4.d.CD532CCA0FC90C75DFA2483483CD18BE.e.7750"}]}
RESULT: {"script":"<script> [8489 bytes]","args":[{"element-6066-11e4-a52e-4f735466cecf":"f.B9CB64A859AAC9ED11F02B17526367C4.d.CD532CCA0FC90C75DFA2483483CD18BE.e.7750","ELEMENT":"f.B9CB64A859AAC9ED11F02B17526367C4.d.CD532CCA0FC90C75DFA2483483CD18BE.e.7750"}]}
COMMAND: POST /session/ec284260d80df1b286fd1c4360299648/element - {"using":"xpath","value":"//input[contains(@id ,\"requestContractNo-inner\")]"}
COMMAND: GET /session/ec284260d80df1b286fd1c4360299648/screenshot - {}
RESULT: {"using":"xpath","value":"//input[contains(@id ,\"requestContractNo-inner\")]"}
COMMAND: POST /session/ec284260d80df1b286fd1c4360299648/element/f.B9CB64A859AAC9ED11F02B17526367C4.d.CD532CCA0FC90C75DFA2483483CD18BE.e.7745/value - {"text":"10228"}
RESULT: {}
RESULT: {"text":"10228"}
COMMAND: GET /session/ec284260d80df1b286fd1c4360299648/screenshot - {}
RESULT: {}
COMMAND: POST /session/ec284260d80df1b286fd1c4360299648/actions - {"actions":[{"id":"action24","type":"key","parameters":{},"actions":[{"type":"keyDown","value":""},{"type":"pause","duration":10},{"type":"keyUp","value":""}]}]}
RESULT: {"actions":[{"id":"action24","type":"key","parameters":{},"actions":[{"type":"keyDown","value":""},{"type":"pause","duration":10},{"type":"keyUp","value":""}]}]}
COMMAND: GET /session/ec284260d80df1b286fd1c4360299648/screenshot - {}
RESULT: {}
COMMAND: POST /session/ec284260d80df1b286fd1c4360299648/execute/async - {"script":"<script> [1562 bytes]","args":[{"selector":{"controlType":"sap.ui.core.Icon","viewName":"etm.portal.ui.managerequests.view.NewRequest","properties":{"src":{"regex":{"source":"add"}}}},"wdio_ui5_key":"etmportal.ui.managerequests.view.NewRequestsap.ui.core.Icon{\"src\":{\"regex\":{\"source\":\"add\"}}}"}]}
RESULT: {"script":"<script> [1562 bytes]","args":[{"selector":{"controlType":"sap.ui.core.Icon","viewName":"etm.portal.ui.managerequests.view.NewRequest","properties":{"src":{"regex":{"source":"add"}}}},"wdio_ui5_key":"etmportal.ui.managerequests.view.NewRequestsap.ui.core.Icon{\"src\":{\"regex\":{\"source\":\"add\"}}}"}]}
RESULT: undefined
COMMAND: POST /session/ec284260d80df1b286fd1c4360299648/element - {"using":"xpath","value":"//*[@id=\"__xmlview61--btnAddTableRow-img\"]"}
RESULT: {"using":"xpath","value":"//*[@id=\"__xmlview61--btnAddTableRow-img\"]"}
COMMAND: POST /session/ec284260d80df1b286fd1c4360299648/element/f.B9CB64A859AAC9ED11F02B17526367C4.d.CD532CCA0FC90C75DFA2483483CD18BE.e.7667/click - {}
RESULT: {}
COMMAND: GET /session/ec284260d80df1b286fd1c4360299648/screenshot - {}
RESULT: {}
COMMAND: POST /session/ec284260d80df1b286fd1c4360299648/execute/async - {"script":"<script> [1562 bytes]","args":[{"selector":{"controlType":"sap.ui.unified.MenuItem","viewName":"etm.portal.ui.managerequests.view.NewRequest","i18NText":{"propertyName":"text","key":"standardEntry"},"searchOpenDialogs":true,"interaction":{"idSuffix":"txt"}},"wdio_ui5_key":"etmportal.ui.managerequests.view.NewRequestsap.ui.unified.MenuItem{\"propertyName\":\"text\",\"key\":\"standardEntry\"}"}]}
RESULT: {"script":"<script> [1562 bytes]","args":[{"selector":{"controlType":"sap.ui.unified.MenuItem","viewName":"etm.portal.ui.managerequests.view.NewRequest","i18NText":{"propertyName":"text","key":"standardEntry"},"searchOpenDialogs":true,"interaction":{"idSuffix":"txt"}},"wdio_ui5_key":"etmportal.ui.managerequests.view.NewRequestsap.ui.unified.MenuItem{\"propertyName\":\"text\",\"key\":\"standardEntry\"}"}]}
RESULT: undefined
COMMAND: POST /session/ec284260d80df1b286fd1c4360299648/element - {"using":"xpath","value":"//*[@id=\"__item1460\"]"}
RESULT: {"using":"xpath","value":"//*[@id=\"__item1460\"]"}
COMMAND: POST /session/ec284260d80df1b286fd1c4360299648/element/f.B9CB64A859AAC9ED11F02B17526367C4.d.CD532CCA0FC90C75DFA2483483CD18BE.e.7867/click - {}
RESULT: {}
COMMAND: GET /session/ec284260d80df1b286fd1c4360299648/screenshot - {}
RESULT: {}
RESULT: undefined
COMMAND: POST /session/ec284260d80df1b286fd1c4360299648/element - {"using":"xpath","value":"//*[@id=\"__xmlview61--btnAddTableRow-img\"]"}
RESULT: {"using":"xpath","value":"//*[@id=\"__xmlview61--btnAddTableRow-img\"]"}
COMMAND: POST /session/ec284260d80df1b286fd1c4360299648/element/f.B9CB64A859AAC9ED11F02B17526367C4.d.CD532CCA0FC90C75DFA2483483CD18BE.e.7667/click - {}
RESULT: {}
COMMAND: GET /session/ec284260d80df1b286fd1c4360299648/screenshot - {}
RESULT: {}
RESULT: undefined
COMMAND: POST /session/ec284260d80df1b286fd1c4360299648/element - {"using":"xpath","value":"//*[@id=\"__item1460\"]"}
RESULT: {"using":"xpath","value":"//*[@id=\"__item1460\"]"}
COMMAND: POST /session/ec284260d80df1b286fd1c4360299648/element/f.B9CB64A859AAC9ED11F02B17526367C4.d.CD532CCA0FC90C75DFA2483483CD18BE.e.7878/click - {}
RESULT: {}
COMMAND: GET /session/ec284260d80df1b286fd1c4360299648/screenshot - {}
RESULT: {}
COMMAND: POST /session/ec284260d80df1b286fd1c4360299648/element - {"using":"xpath","value":"(//input[contains(@id ,\"requestItemsTable-0-inner\")])[1]"}
RESULT: {"using":"xpath","value":"(//input[contains(@id ,\"requestItemsTable-0-inner\")])[1]"}
COMMAND: POST /session/ec284260d80df1b286fd1c4360299648/element/f.B9CB64A859AAC9ED11F02B17526367C4.d.CD532CCA0FC90C75DFA2483483CD18BE.e.7869/clear - {}
RESULT: {}
COMMAND: POST /session/ec284260d80df1b286fd1c4360299648/element/f.B9CB64A859AAC9ED11F02B17526367C4.d.CD532CCA0FC90C75DFA2483483CD18BE.e.7869/value - {"text":"catalogItemmskgr"}
COMMAND: GET /session/ec284260d80df1b286fd1c4360299648/screenshot - {}
RESULT: {"text":"catalogItemmskgr"}
COMMAND: GET /session/ec284260d80df1b286fd1c4360299648/screenshot - {}
RESULT: {}
RESULT: {}
COMMAND: POST /session/ec284260d80df1b286fd1c4360299648/actions - {"actions":[{"id":"action25","type":"key","parameters":{},"actions":[{"type":"keyDown","value":""},{"type":"pause","duration":10},{"type":"keyUp","value":""}]}]}
RESULT: {"actions":[{"id":"action25","type":"key","parameters":{},"actions":[{"type":"keyDown","value":""},{"type":"pause","duration":10},{"type":"keyUp","value":""}]}]}
COMMAND: POST /session/ec284260d80df1b286fd1c4360299648/element - {"using":"xpath","value":"(//input[contains(@id ,\"requestItemsTable-1-inner\")])[1]"}
COMMAND: GET /session/ec284260d80df1b286fd1c4360299648/screenshot - {}
RESULT: {"using":"xpath","value":"(//input[contains(@id ,\"requestItemsTable-1-inner\")])[1]"}
COMMAND: POST /session/ec284260d80df1b286fd1c4360299648/element/f.B9CB64A859AAC9ED11F02B17526367C4.d.CD532CCA0FC90C75DFA2483483CD18BE.e.7880/clear - {}
RESULT: {}
RESULT: {}
COMMAND: POST /session/ec284260d80df1b286fd1c4360299648/element/f.B9CB64A859AAC9ED11F02B17526367C4.d.CD532CCA0FC90C75DFA2483483CD18BE.e.7880/value - {"text":"catalogItemmskgr"}
COMMAND: GET /session/ec284260d80df1b286fd1c4360299648/screenshot - {}
RESULT: {"text":"catalogItemmskgr"}
COMMAND: GET /session/ec284260d80df1b286fd1c4360299648/screenshot - {}
RESULT: {}
RESULT: {}
COMMAND: POST /session/ec284260d80df1b286fd1c4360299648/actions - {"actions":[{"id":"action26","type":"key","parameters":{},"actions":[{"type":"keyDown","value":""},{"type":"pause","duration":10},{"type":"keyUp","value":""}]}]}
RESULT: {"actions":[{"id":"action26","type":"key","parameters":{},"actions":[{"type":"keyDown","value":""},{"type":"pause","duration":10},{"type":"keyUp","value":""}]}]}
COMMAND: GET /session/ec284260d80df1b286fd1c4360299648/screenshot - {}
RESULT: {}
COMMAND: POST /session/ec284260d80df1b286fd1c4360299648/execute/async - {"script":"<script> [1562 bytes]","args":[{"selector":{"controlType":"sap.ui.core.Icon","viewName":"etm.portal.ui.managerequests.view.NewRequest","properties":{"src":{"regex":{"source":"slim\\-arrow\\-down"}}},"ancestor":{"controlType":"sap.m.Button","viewName":"etm.portal.ui.managerequests.view.NewRequest","properties":{"icon":"sap-icon://slim-arrow-down"}}},"wdio_ui5_key":"etmportal.ui.managerequests.view.NewRequestsap.ui.core.Icon{\"src\":{\"regex\":{\"source\":\"slim\\\\-arrow\\\\-down\"}}}{\"controlType\":\"sap.m.Button\",\"viewName\":\"etm.portal.ui.managerequests.view.NewRequest\",\"properties\":{\"icon\":\"sap-icon://slim-arrow-down\"}}"}]}
RESULT: {"script":"<script> [1562 bytes]","args":[{"selector":{"controlType":"sap.ui.core.Icon","viewName":"etm.portal.ui.managerequests.view.NewRequest","properties":{"src":{"regex":{"source":"slim\\-arrow\\-down"}}},"ancestor":{"controlType":"sap.m.Button","viewName":"etm.portal.ui.managerequests.view.NewRequest","properties":{"icon":"sap-icon://slim-arrow-down"}}},"wdio_ui5_key":"etmportal.ui.managerequests.view.NewRequestsap.ui.core.Icon{\"src\":{\"regex\":{\"source\":\"slim\\\\-arrow\\\\-down\"}}}{\"controlType\":\"sap.m.Button\",\"viewName\":\"etm.portal.ui.managerequests.view.NewRequest\",\"properties\":{\"icon\":\"sap-icon://slim-arrow-down\"}}"}]}
RESULT: undefined
COMMAND: POST /session/ec284260d80df1b286fd1c4360299648/element - {"using":"xpath","value":"//div[contains(@data-kt ,\"splitAllocationObjectStatus\")]"}
RESULT: {"using":"xpath","value":"//div[contains(@data-kt ,\"splitAllocationObjectStatus\")]"}
COMMAND: POST /session/ec284260d80df1b286fd1c4360299648/elements - {"using":"xpath","value":"//div[contains(@data-kt ,\"splitAllocationObjectStatus\")]"}
RESULT: {"using":"xpath","value":"//div[contains(@data-kt ,\"splitAllocationObjectStatus\")]"}
COMMAND: POST /session/ec284260d80df1b286fd1c4360299648/execute/async - {"script":"<script> [1562 bytes]","args":[{"selector":{"controlType":"sap.ui.core.Icon","viewName":"etm.portal.ui.managerequests.view.NewRequest","properties":{"src":{"regex":{"source":"message\\-error"}}},"ancestor":{"controlType":"sap.m.ColumnListItem","viewName":"etm.portal.ui.managerequests.view.NewRequest","bindingPath":{"modelName":"newRequestItems","path":"/RequestItems/0"},"ancestor":{"id":"requestItemsTable","viewName":"etm.portal.ui.managerequests.view.NewRequest"}}},"wdio_ui5_key":"etmportal.ui.managerequests.view.NewRequestsap.ui.core.Icon{\"src\":{\"regex\":{\"source\":\"message\\\\-error\"}}}{\"controlType\":\"sap.m.ColumnListItem\",\"viewName\":\"etm.portal.ui.managerequests.view.NewRequest\",\"bindingPath\":{\"modelName\":\"newRequestItems\",\"path\":\"/RequestItems/0\"},\"ancestor\":{\"id\":\"requestItemsTable\",\"viewName\":\"etm.portal.ui.managerequests.view.NewRequest\"}}"}]}
RESULT: {"script":"<script> [1562 bytes]","args":[{"selector":{"controlType":"sap.ui.core.Icon","viewName":"etm.portal.ui.managerequests.view.NewRequest","properties":{"src":{"regex":{"source":"message\\-error"}}},"ancestor":{"controlType":"sap.m.ColumnListItem","viewName":"etm.portal.ui.managerequests.view.NewRequest","bindingPath":{"modelName":"newRequestItems","path":"/RequestItems/0"},"ancestor":{"id":"requestItemsTable","viewName":"etm.portal.ui.managerequests.view.NewRequest"}}},"wdio_ui5_key":"etmportal.ui.managerequests.view.NewRequestsap.ui.core.Icon{\"src\":{\"regex\":{\"source\":\"message\\\\-error\"}}}{\"controlType\":\"sap.m.ColumnListItem\",\"viewName\":\"etm.portal.ui.managerequests.view.NewRequest\",\"bindingPath\":{\"modelName\":\"newRequestItems\",\"path\":\"/RequestItems/0\"},\"ancestor\":{\"id\":\"requestItemsTable\",\"viewName\":\"etm.portal.ui.managerequests.view.NewRequest\"}}"}]}
RESULT: undefined
COMMAND: POST /session/ec284260d80df1b286fd1c4360299648/element - {"using":"xpath","value":"//*[@id=\"__status15-__xmlview61--requestItemsTable-0-icon\"]"}
RESULT: {"using":"xpath","value":"//*[@id=\"__status15-__xmlview61--requestItemsTable-0-icon\"]"}
COMMAND: POST /session/ec284260d80df1b286fd1c4360299648/element/f.B9CB64A859AAC9ED11F02B17526367C4.d.CD532CCA0FC90C75DFA2483483CD18BE.e.7896/click - {}
RESULT: {}
COMMAND: GET /session/ec284260d80df1b286fd1c4360299648/screenshot - {}
RESULT: {}
COMMAND: POST /session/ec284260d80df1b286fd1c4360299648/execute/async - {"script":"<script> [1562 bytes]","args":[{"selector":{"id":"costObjectAdminTypeComboBox","viewName":"etm.portal.ui.managerequests.view.NewRequest","searchOpenDialogs":true,"interaction":{"idSuffix":"inner"}},"wdio_ui5_key":"costObjectAdminTypeComboBoxetmportal.ui.managerequests.view.NewRequest"}]}
RESULT: {"script":"<script> [1562 bytes]","args":[{"selector":{"id":"costObjectAdminTypeComboBox","viewName":"etm.portal.ui.managerequests.view.NewRequest","searchOpenDialogs":true,"interaction":{"idSuffix":"inner"}},"wdio_ui5_key":"costObjectAdminTypeComboBoxetmportal.ui.managerequests.view.NewRequest"}]}
RESULT: undefined
COMMAND: POST /session/ec284260d80df1b286fd1c4360299648/execute/async - {"script":"<script> [776 bytes]","args":[{"enterText":"Cost Center","selector":{"id":"costObjectAdminTypeComboBox","viewName":"etm.portal.ui.managerequests.view.NewRequest","searchOpenDialogs":true,"interaction":{"idSuffix":"inner"}},"clearTextFirst":true,"interactionType":"ENTER_TEXT"}]}
RESULT: {"script":"<script> [776 bytes]","args":[{"enterText":"Cost Center","selector":{"id":"costObjectAdminTypeComboBox","viewName":"etm.portal.ui.managerequests.view.NewRequest","searchOpenDialogs":true,"interaction":{"idSuffix":"inner"}},"clearTextFirst":true,"interactionType":"ENTER_TEXT"}]}
COMMAND: POST /session/ec284260d80df1b286fd1c4360299648/actions - {"actions":[{"id":"action27","type":"key","parameters":{},"actions":[{"type":"keyDown","value":""},{"type":"pause","duration":10},{"type":"keyUp","value":""}]}]}
RESULT: {"actions":[{"id":"action27","type":"key","parameters":{},"actions":[{"type":"keyDown","value":""},{"type":"pause","duration":10},{"type":"keyUp","value":""}]}]}
COMMAND: GET /session/ec284260d80df1b286fd1c4360299648/screenshot - {}
RESULT: {}
COMMAND: POST /session/ec284260d80df1b286fd1c4360299648/execute/async - {"script":"<script> [1562 bytes]","args":[{"selector":{"controlType":"sap.ui.core.Icon","viewName":"etm.portal.ui.managerequests.view.NewRequest","properties":{"src":{"regex":{"source":"value\\-help"}}},"searchOpenDialogs":true},"wdio_ui5_key":"etmportal.ui.managerequests.view.NewRequestsap.ui.core.Icon{\"src\":{\"regex\":{\"source\":\"value\\\\-help\"}}}"}]}
RESULT: {"script":"<script> [1562 bytes]","args":[{"selector":{"controlType":"sap.ui.core.Icon","viewName":"etm.portal.ui.managerequests.view.NewRequest","properties":{"src":{"regex":{"source":"value\\-help"}}},"searchOpenDialogs":true},"wdio_ui5_key":"etmportal.ui.managerequests.view.NewRequestsap.ui.core.Icon{\"src\":{\"regex\":{\"source\":\"value\\\\-help\"}}}"}]}
RESULT: undefined
COMMAND: POST /session/ec284260d80df1b286fd1c4360299648/element - {"using":"xpath","value":"//*[@id=\"__xmlview61--costObjectIdComboBox-vhi\"]"}
RESULT: {"using":"xpath","value":"//*[@id=\"__xmlview61--costObjectIdComboBox-vhi\"]"}
COMMAND: POST /session/ec284260d80df1b286fd1c4360299648/element/f.B9CB64A859AAC9ED11F02B17526367C4.d.CD532CCA0FC90C75DFA2483483CD18BE.e.7906/click - {}
RESULT: {}
COMMAND: POST /session/ec284260d80df1b286fd1c4360299648/execute/async - {"script":"<script> [1562 bytes]","args":[{"selector":{"controlType":"sap.m.SearchField","properties":{"placeholder":"Search"},"searchOpenDialogs":true,"interaction":{"idSuffix":"I"}},"wdio_ui5_key":"sapm.SearchField{\"placeholder\":\"Search\"}"}]}
COMMAND: GET /session/ec284260d80df1b286fd1c4360299648/screenshot - {}
RESULT: {"script":"<script> [1562 bytes]","args":[{"selector":{"controlType":"sap.m.SearchField","properties":{"placeholder":"Search"},"searchOpenDialogs":true,"interaction":{"idSuffix":"I"}},"wdio_ui5_key":"sapm.SearchField{\"placeholder\":\"Search\"}"}]}
RESULT: undefined
COMMAND: POST /session/ec284260d80df1b286fd1c4360299648/execute/async - {"script":"<script> [776 bytes]","args":[{"enterText":"10001013","selector":{"controlType":"sap.m.SearchField","properties":{"placeholder":"Search"},"searchOpenDialogs":true,"interaction":{"idSuffix":"I"}},"clearTextFirst":true,"interactionType":"ENTER_TEXT"}]}
RESULT: {}
RESULT: {"script":"<script> [776 bytes]","args":[{"enterText":"10001013","selector":{"controlType":"sap.m.SearchField","properties":{"placeholder":"Search"},"searchOpenDialogs":true,"interaction":{"idSuffix":"I"}},"clearTextFirst":true,"interactionType":"ENTER_TEXT"}]}
COMMAND: POST /session/ec284260d80df1b286fd1c4360299648/actions - {"actions":[{"id":"action28","type":"key","parameters":{},"actions":[{"type":"keyDown","value":""},{"type":"pause","duration":10},{"type":"keyUp","value":""}]}]}
RESULT: {"actions":[{"id":"action28","type":"key","parameters":{},"actions":[{"type":"keyDown","value":""},{"type":"pause","duration":10},{"type":"keyUp","value":""}]}]}
COMMAND: GET /session/ec284260d80df1b286fd1c4360299648/screenshot - {}
RESULT: {}
COMMAND: POST /session/ec284260d80df1b286fd1c4360299648/element - {"using":"xpath","value":"//span[contains(text(), \"General Management\")]"}
RESULT: {"using":"xpath","value":"//span[contains(text(), \"General Management\")]"}
COMMAND: POST /session/ec284260d80df1b286fd1c4360299648/element/f.B9CB64A859AAC9ED11F02B17526367C4.d.CD532CCA0FC90C75DFA2483483CD18BE.e.7946/click - {}
RESULT: {}
COMMAND: GET /session/ec284260d80df1b286fd1c4360299648/screenshot - {}
RESULT: {}
COMMAND: POST /session/ec284260d80df1b286fd1c4360299648/element - {"using":"xpath","value":"//bdi[contains(text(), \"OK\")]"}
RESULT: {"using":"xpath","value":"//bdi[contains(text(), \"OK\")]"}
COMMAND: POST /session/ec284260d80df1b286fd1c4360299648/element/f.B9CB64A859AAC9ED11F02B17526367C4.d.CD532CCA0FC90C75DFA2483483CD18BE.e.7947/click - {}
RESULT: {}
COMMAND: GET /session/ec284260d80df1b286fd1c4360299648/screenshot - {}
RESULT: {}
COMMAND: POST /session/ec284260d80df1b286fd1c4360299648/element - {"using":"xpath","value":"(//bdi[contains(@id ,\"BDI-content\")][contains(text(), \"Save\")])[1]"}
RESULT: {"using":"xpath","value":"(//bdi[contains(@id ,\"BDI-content\")][contains(text(), \"Save\")])[1]"}
COMMAND: POST /session/ec284260d80df1b286fd1c4360299648/element/f.B9CB64A859AAC9ED11F02B17526367C4.d.CD532CCA0FC90C75DFA2483483CD18BE.e.7951/click - {}
RESULT: {}
COMMAND: GET /session/ec284260d80df1b286fd1c4360299648/screenshot - {}
RESULT: {}
COMMAND: POST /session/ec284260d80df1b286fd1c4360299648/execute/async - {"script":"<script> [1562 bytes]","args":[{"selector":{"controlType":"sap.ui.core.Icon","viewName":"etm.portal.ui.managerequests.view.NewRequest","properties":{"src":{"regex":{"source":"message\\-error"}}},"ancestor":{"controlType":"sap.m.ColumnListItem","viewName":"etm.portal.ui.managerequests.view.NewRequest","bindingPath":{"modelName":"newRequestItems","path":"/RequestItems/1"},"ancestor":{"id":"requestItemsTable","viewName":"etm.portal.ui.managerequests.view.NewRequest"}}},"wdio_ui5_key":"etmportal.ui.managerequests.view.NewRequestsap.ui.core.Icon{\"src\":{\"regex\":{\"source\":\"message\\\\-error\"}}}{\"controlType\":\"sap.m.ColumnListItem\",\"viewName\":\"etm.portal.ui.managerequests.view.NewRequest\",\"bindingPath\":{\"modelName\":\"newRequestItems\",\"path\":\"/RequestItems/1\"},\"ancestor\":{\"id\":\"requestItemsTable\",\"viewName\":\"etm.portal.ui.managerequests.view.NewRequest\"}}"}]}
RESULT: {"script":"<script> [1562 bytes]","args":[{"selector":{"controlType":"sap.ui.core.Icon","viewName":"etm.portal.ui.managerequests.view.NewRequest","properties":{"src":{"regex":{"source":"message\\-error"}}},"ancestor":{"controlType":"sap.m.ColumnListItem","viewName":"etm.portal.ui.managerequests.view.NewRequest","bindingPath":{"modelName":"newRequestItems","path":"/RequestItems/1"},"ancestor":{"id":"requestItemsTable","viewName":"etm.portal.ui.managerequests.view.NewRequest"}}},"wdio_ui5_key":"etmportal.ui.managerequests.view.NewRequestsap.ui.core.Icon{\"src\":{\"regex\":{\"source\":\"message\\\\-error\"}}}{\"controlType\":\"sap.m.ColumnListItem\",\"viewName\":\"etm.portal.ui.managerequests.view.NewRequest\",\"bindingPath\":{\"modelName\":\"newRequestItems\",\"path\":\"/RequestItems/1\"},\"ancestor\":{\"id\":\"requestItemsTable\",\"viewName\":\"etm.portal.ui.managerequests.view.NewRequest\"}}"}]}
RESULT: undefined
COMMAND: POST /session/ec284260d80df1b286fd1c4360299648/element - {"using":"xpath","value":"//*[@id=\"__status15-__xmlview61--requestItemsTable-1-icon\"]"}
RESULT: {"using":"xpath","value":"//*[@id=\"__status15-__xmlview61--requestItemsTable-1-icon\"]"}
COMMAND: POST /session/ec284260d80df1b286fd1c4360299648/element/f.B9CB64A859AAC9ED11F02B17526367C4.d.CD532CCA0FC90C75DFA2483483CD18BE.e.7954/click - {}
RESULT: {}
COMMAND: GET /session/ec284260d80df1b286fd1c4360299648/screenshot - {}
RESULT: {}
RESULT: undefined
COMMAND: POST /session/ec284260d80df1b286fd1c4360299648/execute/async - {"script":"<script> [776 bytes]","args":[{"enterText":"Cost Center","selector":{"id":"costObjectAdminTypeComboBox","viewName":"etm.portal.ui.managerequests.view.NewRequest","searchOpenDialogs":true,"interaction":{"idSuffix":"inner"}},"clearTextFirst":true,"interactionType":"ENTER_TEXT"}]}
RESULT: {"script":"<script> [776 bytes]","args":[{"enterText":"Cost Center","selector":{"id":"costObjectAdminTypeComboBox","viewName":"etm.portal.ui.managerequests.view.NewRequest","searchOpenDialogs":true,"interaction":{"idSuffix":"inner"}},"clearTextFirst":true,"interactionType":"ENTER_TEXT"}]}
COMMAND: POST /session/ec284260d80df1b286fd1c4360299648/actions - {"actions":[{"id":"action29","type":"key","parameters":{},"actions":[{"type":"keyDown","value":""},{"type":"pause","duration":10},{"type":"keyUp","value":""}]}]}
RESULT: {"actions":[{"id":"action29","type":"key","parameters":{},"actions":[{"type":"keyDown","value":""},{"type":"pause","duration":10},{"type":"keyUp","value":""}]}]}
COMMAND: GET /session/ec284260d80df1b286fd1c4360299648/screenshot - {}
RESULT: {}
RESULT: undefined
COMMAND: POST /session/ec284260d80df1b286fd1c4360299648/element - {"using":"xpath","value":"//*[@id=\"__xmlview61--costObjectIdComboBox-vhi\"]"}
RESULT: {"using":"xpath","value":"//*[@id=\"__xmlview61--costObjectIdComboBox-vhi\"]"}
COMMAND: POST /session/ec284260d80df1b286fd1c4360299648/element/f.B9CB64A859AAC9ED11F02B17526367C4.d.CD532CCA0FC90C75DFA2483483CD18BE.e.7963/click - {}
RESULT: {}
RESULT: undefined
COMMAND: POST /session/ec284260d80df1b286fd1c4360299648/execute/async - {"script":"<script> [776 bytes]","args":[{"enterText":"10001013","selector":{"controlType":"sap.m.SearchField","properties":{"placeholder":"Search"},"searchOpenDialogs":true,"interaction":{"idSuffix":"I"}},"clearTextFirst":true,"interactionType":"ENTER_TEXT"}]}
COMMAND: GET /session/ec284260d80df1b286fd1c4360299648/screenshot - {}
RESULT: {"script":"<script> [776 bytes]","args":[{"enterText":"10001013","selector":{"controlType":"sap.m.SearchField","properties":{"placeholder":"Search"},"searchOpenDialogs":true,"interaction":{"idSuffix":"I"}},"clearTextFirst":true,"interactionType":"ENTER_TEXT"}]}
COMMAND: POST /session/ec284260d80df1b286fd1c4360299648/actions - {"actions":[{"id":"action30","type":"key","parameters":{},"actions":[{"type":"keyDown","value":""},{"type":"pause","duration":10},{"type":"keyUp","value":""}]}]}
RESULT: {}
RESULT: {"actions":[{"id":"action30","type":"key","parameters":{},"actions":[{"type":"keyDown","value":""},{"type":"pause","duration":10},{"type":"keyUp","value":""}]}]}
COMMAND: GET /session/ec284260d80df1b286fd1c4360299648/screenshot - {}
RESULT: {}
COMMAND: POST /session/ec284260d80df1b286fd1c4360299648/element - {"using":"xpath","value":"//span[contains(text(), \"General Management\")]"}
RESULT: {"using":"xpath","value":"//span[contains(text(), \"General Management\")]"}
COMMAND: POST /session/ec284260d80df1b286fd1c4360299648/element/f.B9CB64A859AAC9ED11F02B17526367C4.d.CD532CCA0FC90C75DFA2483483CD18BE.e.8002/click - {}
RESULT: {}
COMMAND: GET /session/ec284260d80df1b286fd1c4360299648/screenshot - {}
RESULT: {}
COMMAND: POST /session/ec284260d80df1b286fd1c4360299648/element - {"using":"xpath","value":"//bdi[contains(text(), \"OK\")]"}
RESULT: {"using":"xpath","value":"//bdi[contains(text(), \"OK\")]"}
COMMAND: POST /session/ec284260d80df1b286fd1c4360299648/element/f.B9CB64A859AAC9ED11F02B17526367C4.d.CD532CCA0FC90C75DFA2483483CD18BE.e.8003/click - {}
RESULT: {}
COMMAND: GET /session/ec284260d80df1b286fd1c4360299648/screenshot - {}
RESULT: {}
COMMAND: POST /session/ec284260d80df1b286fd1c4360299648/element - {"using":"xpath","value":"(//bdi[contains(@id ,\"BDI-content\")][contains(text(), \"Save\")])[1]"}
RESULT: {"using":"xpath","value":"(//bdi[contains(@id ,\"BDI-content\")][contains(text(), \"Save\")])[1]"}
COMMAND: POST /session/ec284260d80df1b286fd1c4360299648/element/f.B9CB64A859AAC9ED11F02B17526367C4.d.CD532CCA0FC90C75DFA2483483CD18BE.e.8007/click - {}
RESULT: {}
COMMAND: GET /session/ec284260d80df1b286fd1c4360299648/screenshot - {}
RESULT: {}
COMMAND: POST /session/ec284260d80df1b286fd1c4360299648/execute/async - {"script":"<script> [1562 bytes]","args":[{"selector":{"controlType":"sap.m.Button","viewName":"etm.portal.ui.managerequests.view.NewRequest","i18NText":{"propertyName":"tooltip","key":"save"},"interaction":{"idSuffix":"content"}},"wdio_ui5_key":"etmportal.ui.managerequests.view.NewRequestsap.m.Button{\"propertyName\":\"tooltip\",\"key\":\"save\"}"}]}
RESULT: {"script":"<script> [1562 bytes]","args":[{"selector":{"controlType":"sap.m.Button","viewName":"etm.portal.ui.managerequests.view.NewRequest","i18NText":{"propertyName":"tooltip","key":"save"},"interaction":{"idSuffix":"content"}},"wdio_ui5_key":"etmportal.ui.managerequests.view.NewRequestsap.m.Button{\"propertyName\":\"tooltip\",\"key\":\"save\"}"}]}
RESULT: undefined
COMMAND: POST /session/ec284260d80df1b286fd1c4360299648/element - {"using":"xpath","value":"//*[@id=\"__button105\"]"}
RESULT: {"using":"xpath","value":"//*[@id=\"__button105\"]"}
COMMAND: POST /session/ec284260d80df1b286fd1c4360299648/element/f.B9CB64A859AAC9ED11F02B17526367C4.d.CD532CCA0FC90C75DFA2483483CD18BE.e.7814/click - {}
RESULT: {}
COMMAND: GET /session/ec284260d80df1b286fd1c4360299648/screenshot - {}
RESULT: {}
COMMAND: POST /session/ec284260d80df1b286fd1c4360299648/execute/async - {"script":"<script> [1562 bytes]","args":[{"selector":{"controlType":"sap.m.Title","properties":{"text":"Success"},"searchOpenDialogs":true},"wdio_ui5_key":"sapm.Title{\"text\":\"Success\"}"}]}
RESULT: {"script":"<script> [1562 bytes]","args":[{"selector":{"controlType":"sap.m.Title","properties":{"text":"Success"},"searchOpenDialogs":true},"wdio_ui5_key":"sapm.Title{\"text\":\"Success\"}"}]}
RESULT: undefined
COMMAND: POST /session/ec284260d80df1b286fd1c4360299648/execute/async - {"script":"<script> [6424 bytes]","args":[{"element-6066-11e4-a52e-4f735466cecf":"f.B9CB64A859AAC9ED11F02B17526367C4.d.CD532CCA0FC90C75DFA2483483CD18BE.e.8013"},"getText",[]]}
RESULT: {"script":"<script> [6424 bytes]","args":[{"element-6066-11e4-a52e-4f735466cecf":"f.B9CB64A859AAC9ED11F02B17526367C4.d.CD532CCA0FC90C75DFA2483483CD18BE.e.8013"},"getText",[]]}
COMMAND: POST /session/ec284260d80df1b286fd1c4360299648/execute/async - {"script":"<script> [1562 bytes]","args":[{"selector":{"controlType":"sap.m.Button","properties":{"text":"Close"},"searchOpenDialogs":true,"interaction":{"idSuffix":"BDI-content"}},"wdio_ui5_key":"sapm.Button{\"text\":\"Close\"}"}]}
RESULT: {"script":"<script> [1562 bytes]","args":[{"selector":{"controlType":"sap.m.Button","properties":{"text":"Close"},"searchOpenDialogs":true,"interaction":{"idSuffix":"BDI-content"}},"wdio_ui5_key":"sapm.Button{\"text\":\"Close\"}"}]}
RESULT: undefined
COMMAND: POST /session/ec284260d80df1b286fd1c4360299648/element - {"using":"xpath","value":"//*[@id=\"__mbox-btn-4\"]"}
RESULT: {"using":"xpath","value":"//*[@id=\"__mbox-btn-4\"]"}
COMMAND: POST /session/ec284260d80df1b286fd1c4360299648/element/f.B9CB64A859AAC9ED11F02B17526367C4.d.CD532CCA0FC90C75DFA2483483CD18BE.e.8012/click - {}
RESULT: {}
COMMAND: GET /session/ec284260d80df1b286fd1c4360299648/screenshot - {}
RESULT: {}
COMMAND: POST /session/ec284260d80df1b286fd1c4360299648/execute/async - {"script":"<script> [1562 bytes]","args":[{"selector":{"controlType":"sap.m.Text","viewName":"etm.portal.ui.managerequests.view.Detail","bindingPath":{"propertyPath":"NO","modelName":"catalogModel"}},"wdio_ui5_key":"etmportal.ui.managerequests.view.Detailsap.m.Text{\"propertyPath\":\"NO\",\"modelName\":\"catalogModel\"}"}]}
RESULT: {"script":"<script> [1562 bytes]","args":[{"selector":{"controlType":"sap.m.Text","viewName":"etm.portal.ui.managerequests.view.Detail","bindingPath":{"propertyPath":"NO","modelName":"catalogModel"}},"wdio_ui5_key":"etmportal.ui.managerequests.view.Detailsap.m.Text{\"propertyPath\":\"NO\",\"modelName\":\"catalogModel\"}"}]}
RESULT: undefined
COMMAND: POST /session/ec284260d80df1b286fd1c4360299648/execute/async - {"script":"<script> [6424 bytes]","args":[{"element-6066-11e4-a52e-4f735466cecf":"f.B9CB64A859AAC9ED11F02B17526367C4.d.CD532CCA0FC90C75DFA2483483CD18BE.e.8243"},"getText",[]]}
RESULT: {"script":"<script> [6424 bytes]","args":[{"element-6066-11e4-a52e-4f735466cecf":"f.B9CB64A859AAC9ED11F02B17526367C4.d.CD532CCA0FC90C75DFA2483483CD18BE.e.8243"},"getText",[]]}
COMMAND: POST /session/ec284260d80df1b286fd1c4360299648/execute/async - {"script":"<script> [1562 bytes]","args":[{"selector":{"controlType":"sap.ui.core.Icon","viewName":"etm.portal.ui.managerequests.view.Detail","properties":{"src":{"regex":{"source":"date\\-time"}}},"ancestor":{"controlType":"sap.m.ColumnListItem","viewName":"etm.portal.ui.managerequests.view.Detail","bindingPath":{"path":"/SmartRequestItemsPlanningBoard(ITEM=10m,REQUEST='20104')"},"ancestor":{"id":"requestItemsTable","viewName":"etm.portal.ui.managerequests.view.Detail"}}},"wdio_ui5_key":"etmportal.ui.managerequests.view.Detailsap.ui.core.Icon{\"src\":{\"regex\":{\"source\":\"date\\\\-time\"}}}{\"controlType\":\"sap.m.ColumnListItem\",\"viewName\":\"etm.portal.ui.managerequests.view.Detail\",\"bindingPath\":{\"path\":\"/SmartRequestItemsPlanningBoard(ITEM=10m,REQUEST='20104')\"},\"ancestor\":{\"id\":\"requestItemsTable\",\"viewName\":\"etm.portal.ui.managerequests.view.Detail\"}}"}]}
RESULT: {"script":"<script> [1562 bytes]","args":[{"selector":{"controlType":"sap.ui.core.Icon","viewName":"etm.portal.ui.managerequests.view.Detail","properties":{"src":{"regex":{"source":"date\\-time"}}},"ancestor":{"controlType":"sap.m.ColumnListItem","viewName":"etm.portal.ui.managerequests.view.Detail","bindingPath":{"path":"/SmartRequestItemsPlanningBoard(ITEM=10m,REQUEST='20104')"},"ancestor":{"id":"requestItemsTable","viewName":"etm.portal.ui.managerequests.view.Detail"}}},"wdio_ui5_key":"etmportal.ui.managerequests.view.Detailsap.ui.core.Icon{\"src\":{\"regex\":{\"source\":\"date\\\\-time\"}}}{\"controlType\":\"sap.m.ColumnListItem\",\"viewName\":\"etm.portal.ui.managerequests.view.Detail\",\"bindingPath\":{\"path\":\"/SmartRequestItemsPlanningBoard(ITEM=10m,REQUEST='20104')\"},\"ancestor\":{\"id\":\"requestItemsTable\",\"viewName\":\"etm.portal.ui.managerequests.view.Detail\"}}"}]}
RESULT: undefined
COMMAND: POST /session/ec284260d80df1b286fd1c4360299648/element - {"using":"xpath","value":"//*[@id=\"__button135-__clone5186-img\"]"}
RESULT: {"using":"xpath","value":"//*[@id=\"__button135-__clone5186-img\"]"}
COMMAND: POST /session/ec284260d80df1b286fd1c4360299648/element/f.B9CB64A859AAC9ED11F02B17526367C4.d.CD532CCA0FC90C75DFA2483483CD18BE.e.8244/click - {}
RESULT: {}
COMMAND: POST /session/ec284260d80df1b286fd1c4360299648/execute/async - {"script":"<script> [1562 bytes]","args":[{"selector":{"controlType":"sap.m.Button","viewName":"etm.portal.ui.managerequests.view.Detail","properties":{"text":"Close"},"searchOpenDialogs":true,"interaction":{"idSuffix":"BDI-content"}},"wdio_ui5_key":"etmportal.ui.managerequests.view.Detailsap.m.Button{\"text\":\"Close\"}"}]}
COMMAND: GET /session/ec284260d80df1b286fd1c4360299648/screenshot - {}
RESULT: {"script":"<script> [1562 bytes]","args":[{"selector":{"controlType":"sap.m.Button","viewName":"etm.portal.ui.managerequests.view.Detail","properties":{"text":"Close"},"searchOpenDialogs":true,"interaction":{"idSuffix":"BDI-content"}},"wdio_ui5_key":"etmportal.ui.managerequests.view.Detailsap.m.Button{\"text\":\"Close\"}"}]}
RESULT: undefined
COMMAND: POST /session/ec284260d80df1b286fd1c4360299648/element - {"using":"xpath","value":"//*[@id=\"__button145\"]"}
RESULT: {}
RESULT: {"using":"xpath","value":"//*[@id=\"__button145\"]"}
COMMAND: POST /session/ec284260d80df1b286fd1c4360299648/element/f.B9CB64A859AAC9ED11F02B17526367C4.d.CD532CCA0FC90C75DFA2483483CD18BE.e.8247/click - {}
RESULT: {}
COMMAND: POST /session/ec284260d80df1b286fd1c4360299648/execute/async - {"script":"<script> [1562 bytes]","args":[{"selector":{"controlType":"sap.ui.core.Icon","viewName":"etm.portal.ui.managerequests.view.Detail","properties":{"src":{"regex":{"source":"date\\-time"}}},"ancestor":{"controlType":"sap.m.ColumnListItem","viewName":"etm.portal.ui.managerequests.view.Detail","bindingPath":{"path":"/SmartRequestItemsPlanningBoard(ITEM=20m,REQUEST='20104')"},"ancestor":{"id":"requestItemsTable","viewName":"etm.portal.ui.managerequests.view.Detail"}}},"wdio_ui5_key":"etmportal.ui.managerequests.view.Detailsap.ui.core.Icon{\"src\":{\"regex\":{\"source\":\"date\\\\-time\"}}}{\"controlType\":\"sap.m.ColumnListItem\",\"viewName\":\"etm.portal.ui.managerequests.view.Detail\",\"bindingPath\":{\"path\":\"/SmartRequestItemsPlanningBoard(ITEM=20m,REQUEST='20104')\"},\"ancestor\":{\"id\":\"requestItemsTable\",\"viewName\":\"etm.portal.ui.managerequests.view.Detail\"}}"}]}
COMMAND: GET /session/ec284260d80df1b286fd1c4360299648/screenshot - {}
RESULT: {"script":"<script> [1562 bytes]","args":[{"selector":{"controlType":"sap.ui.core.Icon","viewName":"etm.portal.ui.managerequests.view.Detail","properties":{"src":{"regex":{"source":"date\\-time"}}},"ancestor":{"controlType":"sap.m.ColumnListItem","viewName":"etm.portal.ui.managerequests.view.Detail","bindingPath":{"path":"/SmartRequestItemsPlanningBoard(ITEM=20m,REQUEST='20104')"},"ancestor":{"id":"requestItemsTable","viewName":"etm.portal.ui.managerequests.view.Detail"}}},"wdio_ui5_key":"etmportal.ui.managerequests.view.Detailsap.ui.core.Icon{\"src\":{\"regex\":{\"source\":\"date\\\\-time\"}}}{\"controlType\":\"sap.m.ColumnListItem\",\"viewName\":\"etm.portal.ui.managerequests.view.Detail\",\"bindingPath\":{\"path\":\"/SmartRequestItemsPlanningBoard(ITEM=20m,REQUEST='20104')\"},\"ancestor\":{\"id\":\"requestItemsTable\",\"viewName\":\"etm.portal.ui.managerequests.view.Detail\"}}"}]}
RESULT: undefined
COMMAND: POST /session/ec284260d80df1b286fd1c4360299648/element - {"using":"xpath","value":"//*[@id=\"__button135-__clone5187-img\"]"}
RESULT: {}
RESULT: {"using":"xpath","value":"//*[@id=\"__button135-__clone5187-img\"]"}
COMMAND: POST /session/ec284260d80df1b286fd1c4360299648/element/f.B9CB64A859AAC9ED11F02B17526367C4.d.CD532CCA0FC90C75DFA2483483CD18BE.e.8254/click - {}
RESULT: {}
RESULT: undefined
COMMAND: POST /session/ec284260d80df1b286fd1c4360299648/element - {"using":"xpath","value":"//*[@id=\"__button145\"]"}
COMMAND: GET /session/ec284260d80df1b286fd1c4360299648/screenshot - {}
RESULT: {"using":"xpath","value":"//*[@id=\"__button145\"]"}
COMMAND: POST /session/ec284260d80df1b286fd1c4360299648/elements - {"using":"xpath","value":"//*[@id=\"__button145\"]"}
RESULT: {}
RESULT: {"using":"xpath","value":"//*[@id=\"__button145\"]"}
COMMAND: POST /session/ec284260d80df1b286fd1c4360299648/element - {"using":"xpath","value":"//*[@id=\"__button145\"]"}
RESULT: {"using":"xpath","value":"//*[@id=\"__button145\"]"}
COMMAND: POST /session/ec284260d80df1b286fd1c4360299648/element/f.B9CB64A859AAC9ED11F02B17526367C4.d.CD532CCA0FC90C75DFA2483483CD18BE.e.8258/click - {}
RESULT: {}
COMMAND: POST /session/ec284260d80df1b286fd1c4360299648/element - {"using":"css selector","value":"#shell-header-logo"}
COMMAND: GET /session/ec284260d80df1b286fd1c4360299648/screenshot - {}
RESULT: {"using":"css selector","value":"#shell-header-logo"}
COMMAND: POST /session/ec284260d80df1b286fd1c4360299648/element/f.B9CB64A859AAC9ED11F02B17526367C4.d.CD532CCA0FC90C75DFA2483483CD18BE.e.6960/click - {}
RESULT: {}
RESULT: {}
COMMAND: GET /session/ec284260d80df1b286fd1c4360299648/screenshot - {}
RESULT: {}
]]></system-out>
    </testcase>
    <testcase classname="chrome.135_0_7049_42.windows.Standard_contract_-_add_contract_items_by_Insert_Request_US118222" name="Should insert the request into the contract" time="55.709">
      <system-out><![CDATA[
COMMAND: POST /session/ec284260d80df1b286fd1c4360299648/execute/async - {"script":"<script> [1562 bytes]","args":[{"selector":{"controlType":"sap.m.GenericTile","properties":{"header":"Manage Contracts"}},"wdio_ui5_key":"sapm.GenericTile{\"header\":\"Manage Contracts\"}"}]}
RESULT: {"script":"<script> [1562 bytes]","args":[{"selector":{"controlType":"sap.m.GenericTile","properties":{"header":"Manage Contracts"}},"wdio_ui5_key":"sapm.GenericTile{\"header\":\"Manage Contracts\"}"}]}
RESULT: undefined
COMMAND: POST /session/ec284260d80df1b286fd1c4360299648/element - {"using":"xpath","value":"//*[@id=\"__tile130\"]"}
RESULT: {"using":"xpath","value":"//*[@id=\"__tile130\"]"}
COMMAND: POST /session/ec284260d80df1b286fd1c4360299648/element/f.B9CB64A859AAC9ED11F02B17526367C4.d.CD532CCA0FC90C75DFA2483483CD18BE.e.8264/click - {}
RESULT: {}
COMMAND: GET /session/ec284260d80df1b286fd1c4360299648/screenshot - {}
RESULT: undefined
RESULT: undefined
RESULT: {}
COMMAND: POST /session/ec284260d80df1b286fd1c4360299648/execute/async - {"script":"<script> [1562 bytes]","args":[{"selector":{"controlType":"sap.m.SearchField","viewName":"etm.portal.ui.managecontracts.view.Master","bindingPath":{"path":"","propertyPath":"/_BASIC_SEARCH_FIELD","modelName":"fi1t3rM0d31"},"interaction":{"idSuffix":"I"}},"wdio_ui5_key":"etmportal.ui.managecontracts.view.Mastersap.m.SearchField{\"path\":\"\",\"propertyPath\":\"/_BASIC_SEARCH_FIELD\",\"modelName\":\"fi1t3rM0d31\"}"}]}
RESULT: {"script":"<script> [1562 bytes]","args":[{"selector":{"controlType":"sap.m.SearchField","viewName":"etm.portal.ui.managecontracts.view.Master","bindingPath":{"path":"","propertyPath":"/_BASIC_SEARCH_FIELD","modelName":"fi1t3rM0d31"},"interaction":{"idSuffix":"I"}},"wdio_ui5_key":"etmportal.ui.managecontracts.view.Mastersap.m.SearchField{\"path\":\"\",\"propertyPath\":\"/_BASIC_SEARCH_FIELD\",\"modelName\":\"fi1t3rM0d31\"}"}]}
RESULT: undefined
COMMAND: POST /session/ec284260d80df1b286fd1c4360299648/execute/async - {"script":"<script> [776 bytes]","args":[{"enterText":"10228","selector":{"controlType":"sap.m.SearchField","viewName":"etm.portal.ui.managecontracts.view.Master","bindingPath":{"path":"","propertyPath":"/_BASIC_SEARCH_FIELD","modelName":"fi1t3rM0d31"},"interaction":{"idSuffix":"I"}},"clearTextFirst":true,"interactionType":"ENTER_TEXT"}]}
RESULT: {"script":"<script> [776 bytes]","args":[{"enterText":"10228","selector":{"controlType":"sap.m.SearchField","viewName":"etm.portal.ui.managecontracts.view.Master","bindingPath":{"path":"","propertyPath":"/_BASIC_SEARCH_FIELD","modelName":"fi1t3rM0d31"},"interaction":{"idSuffix":"I"}},"clearTextFirst":true,"interactionType":"ENTER_TEXT"}]}
COMMAND: POST /session/ec284260d80df1b286fd1c4360299648/actions - {"actions":[{"id":"action31","type":"key","parameters":{},"actions":[{"type":"keyDown","value":""},{"type":"pause","duration":10},{"type":"keyUp","value":""}]}]}
RESULT: {"actions":[{"id":"action31","type":"key","parameters":{},"actions":[{"type":"keyDown","value":""},{"type":"pause","duration":10},{"type":"keyUp","value":""}]}]}
COMMAND: GET /session/ec284260d80df1b286fd1c4360299648/screenshot - {}
RESULT: {}
COMMAND: POST /session/ec284260d80df1b286fd1c4360299648/execute/async - {"script":"<script> [1562 bytes]","args":[{"selector":{"controlType":"sap.ui.core.Icon","viewName":"etm.portal.ui.managecontracts.view.Master","properties":{"src":{"regex":{"source":"slim\\-arrow\\-right"}}}},"wdio_ui5_key":"etmportal.ui.managecontracts.view.Mastersap.ui.core.Icon{\"src\":{\"regex\":{\"source\":\"slim\\\\-arrow\\\\-right\"}}}"}]}
RESULT: {"script":"<script> [1562 bytes]","args":[{"selector":{"controlType":"sap.ui.core.Icon","viewName":"etm.portal.ui.managecontracts.view.Master","properties":{"src":{"regex":{"source":"slim\\-arrow\\-right"}}}},"wdio_ui5_key":"etmportal.ui.managecontracts.view.Mastersap.ui.core.Icon{\"src\":{\"regex\":{\"source\":\"slim\\\\-arrow\\\\-right\"}}}"}]}
RESULT: undefined
COMMAND: POST /session/ec284260d80df1b286fd1c4360299648/element - {"using":"xpath","value":"//*[@id=\"__item1739-__clone5280-imgNav\"]"}
RESULT: {"using":"xpath","value":"//*[@id=\"__item1739-__clone5280-imgNav\"]"}
COMMAND: POST /session/ec284260d80df1b286fd1c4360299648/element/f.B9CB64A859AAC9ED11F02B17526367C4.d.CD532CCA0FC90C75DFA2483483CD18BE.e.8546/click - {}
RESULT: {}
COMMAND: POST /session/ec284260d80df1b286fd1c4360299648/execute/async - {"script":"<script> [1562 bytes]","args":[{"selector":{"id":"addRequestItemBtn","viewName":"etm.portal.ui.managecontracts.view.Detail","interaction":{"idSuffix":"BDI-content"}},"wdio_ui5_key":"addRequestItemBtnetmportal.ui.managecontracts.view.Detail"}]}
COMMAND: GET /session/ec284260d80df1b286fd1c4360299648/screenshot - {}
RESULT: {"script":"<script> [1562 bytes]","args":[{"selector":{"id":"addRequestItemBtn","viewName":"etm.portal.ui.managecontracts.view.Detail","interaction":{"idSuffix":"BDI-content"}},"wdio_ui5_key":"addRequestItemBtnetmportal.ui.managecontracts.view.Detail"}]}
RESULT: undefined
COMMAND: POST /session/ec284260d80df1b286fd1c4360299648/element - {"using":"xpath","value":"//*[@id=\"__xmlview64--addRequestItemBtn\"]"}
RESULT: {}
RESULT: {"using":"xpath","value":"//*[@id=\"__xmlview64--addRequestItemBtn\"]"}
COMMAND: POST /session/ec284260d80df1b286fd1c4360299648/element/f.B9CB64A859AAC9ED11F02B17526367C4.d.CD532CCA0FC90C75DFA2483483CD18BE.e.8659/click - {}
RESULT: {}
COMMAND: GET /session/ec284260d80df1b286fd1c4360299648/screenshot - {}
RESULT: {}
COMMAND: POST /session/ec284260d80df1b286fd1c4360299648/element - {"using":"xpath","value":"//div[contains(@id ,\"popupRequestTable-sa-CbBg\")]"}
RESULT: {"using":"xpath","value":"//div[contains(@id ,\"popupRequestTable-sa-CbBg\")]"}
COMMAND: POST /session/ec284260d80df1b286fd1c4360299648/element/f.B9CB64A859AAC9ED11F02B17526367C4.d.CD532CCA0FC90C75DFA2483483CD18BE.e.8781/click - {}
RESULT: {}
COMMAND: GET /session/ec284260d80df1b286fd1c4360299648/screenshot - {}
RESULT: {}
COMMAND: POST /session/ec284260d80df1b286fd1c4360299648/execute/async - {"script":"<script> [1562 bytes]","args":[{"selector":{"controlType":"sap.m.Button","viewName":"etm.portal.ui.managecontracts.view.Detail","i18NText":{"propertyName":"text","key":"selectionDone"},"searchOpenDialogs":true,"interaction":{"idSuffix":"BDI-content"}},"wdio_ui5_key":"etmportal.ui.managecontracts.view.Detailsap.m.Button{\"propertyName\":\"text\",\"key\":\"selectionDone\"}"}]}
RESULT: {"script":"<script> [1562 bytes]","args":[{"selector":{"controlType":"sap.m.Button","viewName":"etm.portal.ui.managecontracts.view.Detail","i18NText":{"propertyName":"text","key":"selectionDone"},"searchOpenDialogs":true,"interaction":{"idSuffix":"BDI-content"}},"wdio_ui5_key":"etmportal.ui.managecontracts.view.Detailsap.m.Button{\"propertyName\":\"text\",\"key\":\"selectionDone\"}"}]}
RESULT: undefined
COMMAND: POST /session/ec284260d80df1b286fd1c4360299648/element - {"using":"xpath","value":"//*[@id=\"__button157\"]"}
RESULT: {"using":"xpath","value":"//*[@id=\"__button157\"]"}
COMMAND: POST /session/ec284260d80df1b286fd1c4360299648/element/f.B9CB64A859AAC9ED11F02B17526367C4.d.CD532CCA0FC90C75DFA2483483CD18BE.e.8784/click - {}
RESULT: {}
COMMAND: POST /session/ec284260d80df1b286fd1c4360299648/execute/async - {"script":"<script> [1562 bytes]","args":[{"selector":{"controlType":"sap.m.Text","properties":{"text":"Started processing request items into the contract."},"searchOpenDialogs":true},"wdio_ui5_key":"sapm.Text{\"text\":\"Started processing request items into the contract.\"}"}]}
COMMAND: GET /session/ec284260d80df1b286fd1c4360299648/screenshot - {}
RESULT: {"script":"<script> [1562 bytes]","args":[{"selector":{"controlType":"sap.m.Text","properties":{"text":"Started processing request items into the contract."},"searchOpenDialogs":true},"wdio_ui5_key":"sapm.Text{\"text\":\"Started processing request items into the contract.\"}"}]}
RESULT: undefined
COMMAND: POST /session/ec284260d80df1b286fd1c4360299648/execute/async - {"script":"<script> [6424 bytes]","args":[{"element-6066-11e4-a52e-4f735466cecf":"f.B9CB64A859AAC9ED11F02B17526367C4.d.CD532CCA0FC90C75DFA2483483CD18BE.e.8786"},"getText",[]]}
RESULT: {}
RESULT: {"script":"<script> [6424 bytes]","args":[{"element-6066-11e4-a52e-4f735466cecf":"f.B9CB64A859AAC9ED11F02B17526367C4.d.CD532CCA0FC90C75DFA2483483CD18BE.e.8786"},"getText",[]]}
COMMAND: POST /session/ec284260d80df1b286fd1c4360299648/execute/async - {"script":"<script> [1562 bytes]","args":[{"selector":{"controlType":"sap.m.Button","properties":{"text":"OK"},"searchOpenDialogs":true,"interaction":{"idSuffix":"inner"}},"wdio_ui5_key":"sapm.Button{\"text\":\"OK\"}"}]}
RESULT: {"script":"<script> [1562 bytes]","args":[{"selector":{"controlType":"sap.m.Button","properties":{"text":"OK"},"searchOpenDialogs":true,"interaction":{"idSuffix":"inner"}},"wdio_ui5_key":"sapm.Button{\"text\":\"OK\"}"}]}
RESULT: undefined
COMMAND: POST /session/ec284260d80df1b286fd1c4360299648/element - {"using":"xpath","value":"//*[@id=\"__mbox-btn-5\"]"}
RESULT: {"using":"xpath","value":"//*[@id=\"__mbox-btn-5\"]"}
COMMAND: POST /session/ec284260d80df1b286fd1c4360299648/element/f.B9CB64A859AAC9ED11F02B17526367C4.d.CD532CCA0FC90C75DFA2483483CD18BE.e.8785/click - {}
RESULT: {}
COMMAND: POST /session/ec284260d80df1b286fd1c4360299648/execute/async - {"script":"<script> [1562 bytes]","args":[{"selector":{"id":"headerBillingItemsTabFilter","viewName":"etm.portal.ui.managecontracts.view.Detail","interaction":{"idSuffix":"text"}},"wdio_ui5_key":"headerBillingItemsTabFilteretmportal.ui.managecontracts.view.Detail"}]}
COMMAND: GET /session/ec284260d80df1b286fd1c4360299648/screenshot - {}
RESULT: {"script":"<script> [1562 bytes]","args":[{"selector":{"id":"headerBillingItemsTabFilter","viewName":"etm.portal.ui.managecontracts.view.Detail","interaction":{"idSuffix":"text"}},"wdio_ui5_key":"headerBillingItemsTabFilteretmportal.ui.managecontracts.view.Detail"}]}
RESULT: undefined
COMMAND: POST /session/ec284260d80df1b286fd1c4360299648/element - {"using":"xpath","value":"//*[@id=\"__xmlview64--headerBillingItemsTabFilter\"]"}
RESULT: {}
RESULT: {"using":"xpath","value":"//*[@id=\"__xmlview64--headerBillingItemsTabFilter\"]"}
COMMAND: POST /session/ec284260d80df1b286fd1c4360299648/element/f.B9CB64A859AAC9ED11F02B17526367C4.d.CD532CCA0FC90C75DFA2483483CD18BE.e.8796/click - {}
RESULT: {}
COMMAND: GET /session/ec284260d80df1b286fd1c4360299648/screenshot - {}
RESULT: {}
COMMAND: POST /session/ec284260d80df1b286fd1c4360299648/execute/async - {"script":"<script> [1562 bytes]","args":[{"selector":{"controlType":"sap.ui.core.Icon","viewName":"etm.portal.ui.managecontracts.view.Detail","properties":{"src":{"regex":{"source":"synchronize"}}}},"wdio_ui5_key":"etmportal.ui.managecontracts.view.Detailsap.ui.core.Icon{\"src\":{\"regex\":{\"source\":\"synchronize\"}}}"}]}
RESULT: {"script":"<script> [1562 bytes]","args":[{"selector":{"controlType":"sap.ui.core.Icon","viewName":"etm.portal.ui.managecontracts.view.Detail","properties":{"src":{"regex":{"source":"synchronize"}}}},"wdio_ui5_key":"etmportal.ui.managecontracts.view.Detailsap.ui.core.Icon{\"src\":{\"regex\":{\"source\":\"synchronize\"}}}"}]}
RESULT: undefined
COMMAND: POST /session/ec284260d80df1b286fd1c4360299648/element - {"using":"xpath","value":"//*[@id=\"__xmlview64--btnToggleUpdate-img\"]"}
RESULT: {"using":"xpath","value":"//*[@id=\"__xmlview64--btnToggleUpdate-img\"]"}
COMMAND: POST /session/ec284260d80df1b286fd1c4360299648/element/f.B9CB64A859AAC9ED11F02B17526367C4.d.CD532CCA0FC90C75DFA2483483CD18BE.e.8658/click - {}
RESULT: {}
COMMAND: GET /session/ec284260d80df1b286fd1c4360299648/screenshot - {}
RESULT: {}
RESULT: undefined
COMMAND: POST /session/ec284260d80df1b286fd1c4360299648/element - {"using":"xpath","value":"//*[@id=\"__xmlview64--headerBillingItemsTabFilter\"]"}
RESULT: {"using":"xpath","value":"//*[@id=\"__xmlview64--headerBillingItemsTabFilter\"]"}
COMMAND: POST /session/ec284260d80df1b286fd1c4360299648/element/f.B9CB64A859AAC9ED11F02B17526367C4.d.CD532CCA0FC90C75DFA2483483CD18BE.e.8796/click - {}
RESULT: {}
COMMAND: POST /session/ec284260d80df1b286fd1c4360299648/execute/async - {"script":"<script> [1562 bytes]","args":[{"selector":{"controlType":"sap.m.Title","viewName":"etm.portal.ui.managecontracts.view.Detail","properties":{"text":"Contract Items (2)"}},"wdio_ui5_key":"etmportal.ui.managecontracts.view.Detailsap.m.Title{\"text\":\"Contract Items (2)\"}"}]}
COMMAND: GET /session/ec284260d80df1b286fd1c4360299648/screenshot - {}
RESULT: {"script":"<script> [1562 bytes]","args":[{"selector":{"controlType":"sap.m.Title","viewName":"etm.portal.ui.managecontracts.view.Detail","properties":{"text":"Contract Items (2)"}},"wdio_ui5_key":"etmportal.ui.managecontracts.view.Detailsap.m.Title{\"text\":\"Contract Items (2)\"}"}]}
RESULT: undefined
COMMAND: POST /session/ec284260d80df1b286fd1c4360299648/execute/async - {"script":"<script> [6424 bytes]","args":[{"element-6066-11e4-a52e-4f735466cecf":"f.B9CB64A859AAC9ED11F02B17526367C4.d.CD532CCA0FC90C75DFA2483483CD18BE.e.8805"},"getText",[]]}
RESULT: {}
RESULT: {"script":"<script> [6424 bytes]","args":[{"element-6066-11e4-a52e-4f735466cecf":"f.B9CB64A859AAC9ED11F02B17526367C4.d.CD532CCA0FC90C75DFA2483483CD18BE.e.8805"},"getText",[]]}
COMMAND: POST /session/ec284260d80df1b286fd1c4360299648/execute/async - {"script":"<script> [1562 bytes]","args":[{"selector":{"controlType":"sap.m.ObjectStatus","viewName":"etm.portal.ui.managecontracts.view.Detail","bindingPath":{"path":"/SmartContractItems(CONTRACT='10228',ITEM=10m,SUB_ITEM=0m)","propertyPath":"STATUS"}},"wdio_ui5_key":"etmportal.ui.managecontracts.view.Detailsap.m.ObjectStatus{\"path\":\"/SmartContractItems(CONTRACT='10228',ITEM=10m,SUB_ITEM=0m)\",\"propertyPath\":\"STATUS\"}"}]}
RESULT: {"script":"<script> [1562 bytes]","args":[{"selector":{"controlType":"sap.m.ObjectStatus","viewName":"etm.portal.ui.managecontracts.view.Detail","bindingPath":{"path":"/SmartContractItems(CONTRACT='10228',ITEM=10m,SUB_ITEM=0m)","propertyPath":"STATUS"}},"wdio_ui5_key":"etmportal.ui.managecontracts.view.Detailsap.m.ObjectStatus{\"path\":\"/SmartContractItems(CONTRACT='10228',ITEM=10m,SUB_ITEM=0m)\",\"propertyPath\":\"STATUS\"}"}]}
RESULT: undefined
COMMAND: POST /session/ec284260d80df1b286fd1c4360299648/execute/async - {"script":"<script> [6424 bytes]","args":[{"element-6066-11e4-a52e-4f735466cecf":"f.B9CB64A859AAC9ED11F02B17526367C4.d.CD532CCA0FC90C75DFA2483483CD18BE.e.8806"},"getText",[]]}
RESULT: {"script":"<script> [6424 bytes]","args":[{"element-6066-11e4-a52e-4f735466cecf":"f.B9CB64A859AAC9ED11F02B17526367C4.d.CD532CCA0FC90C75DFA2483483CD18BE.e.8806"},"getText",[]]}
COMMAND: POST /session/ec284260d80df1b286fd1c4360299648/execute/async - {"script":"<script> [1562 bytes]","args":[{"selector":{"controlType":"sap.m.ObjectStatus","viewName":"etm.portal.ui.managecontracts.view.Detail","bindingPath":{"path":"/SmartContractItems(CONTRACT='10228',ITEM=20m,SUB_ITEM=0m)","propertyPath":"STATUS"}},"wdio_ui5_key":"etmportal.ui.managecontracts.view.Detailsap.m.ObjectStatus{\"path\":\"/SmartContractItems(CONTRACT='10228',ITEM=20m,SUB_ITEM=0m)\",\"propertyPath\":\"STATUS\"}"}]}
RESULT: {"script":"<script> [1562 bytes]","args":[{"selector":{"controlType":"sap.m.ObjectStatus","viewName":"etm.portal.ui.managecontracts.view.Detail","bindingPath":{"path":"/SmartContractItems(CONTRACT='10228',ITEM=20m,SUB_ITEM=0m)","propertyPath":"STATUS"}},"wdio_ui5_key":"etmportal.ui.managecontracts.view.Detailsap.m.ObjectStatus{\"path\":\"/SmartContractItems(CONTRACT='10228',ITEM=20m,SUB_ITEM=0m)\",\"propertyPath\":\"STATUS\"}"}]}
RESULT: undefined
COMMAND: POST /session/ec284260d80df1b286fd1c4360299648/execute/async - {"script":"<script> [6424 bytes]","args":[{"element-6066-11e4-a52e-4f735466cecf":"f.B9CB64A859AAC9ED11F02B17526367C4.d.CD532CCA0FC90C75DFA2483483CD18BE.e.8807"},"getText",[]]}
RESULT: {"script":"<script> [6424 bytes]","args":[{"element-6066-11e4-a52e-4f735466cecf":"f.B9CB64A859AAC9ED11F02B17526367C4.d.CD532CCA0FC90C75DFA2483483CD18BE.e.8807"},"getText",[]]}
]]></system-out>
    </testcase>
  </testsuite>
  <testsuite timestamp="2025-04-14T18:08:23" time="122.411" tests="1" failures="0" errors="0" skipped="0">
    <properties>
      <property name="specId" value="0"/>
      <property name="suiteName" value="Manage contracts - revert request US152962"/>
      <property name="capabilities" value="chrome.135_0_7049_42.windows"/>
      <property name="file" value="file:///D:/a/1/s/test/specs/R2C/manage-contracts-revert-request.spec.js"/>
    </properties>
    <testcase classname="chrome.135_0_7049_42.windows.Manage_contracts_-_revert_request_US152962" name="Should revert the request" time="122.409">
      <system-out><![CDATA[
COMMAND: POST /session/ec284260d80df1b286fd1c4360299648/execute/async - {"script":"<script> [1562 bytes]","args":[{"selector":{"id":"revertPlanningBtn","viewName":"etm.portal.ui.managecontracts.view.Detail","interaction":{"idSuffix":"BDI-content"}},"wdio_ui5_key":"revertPlanningBtnetmportal.ui.managecontracts.view.Detail"}]}
RESULT: {"script":"<script> [1562 bytes]","args":[{"selector":{"id":"revertPlanningBtn","viewName":"etm.portal.ui.managecontracts.view.Detail","interaction":{"idSuffix":"BDI-content"}},"wdio_ui5_key":"revertPlanningBtnetmportal.ui.managecontracts.view.Detail"}]}
RESULT: undefined
COMMAND: POST /session/ec284260d80df1b286fd1c4360299648/element - {"using":"xpath","value":"//*[@id=\"__xmlview64--revertPlanningBtn\"]"}
RESULT: {"using":"xpath","value":"//*[@id=\"__xmlview64--revertPlanningBtn\"]"}
COMMAND: POST /session/ec284260d80df1b286fd1c4360299648/element/f.B9CB64A859AAC9ED11F02B17526367C4.d.CD532CCA0FC90C75DFA2483483CD18BE.e.8662/click - {}
RESULT: {}
COMMAND: POST /session/ec284260d80df1b286fd1c4360299648/element - {"using":"xpath","value":"(//div[contains(@id ,\"selectMulti-CbBg\")])[2]"}
COMMAND: GET /session/ec284260d80df1b286fd1c4360299648/screenshot - {}
RESULT: {"using":"xpath","value":"(//div[contains(@id ,\"selectMulti-CbBg\")])[2]"}
COMMAND: POST /session/ec284260d80df1b286fd1c4360299648/element/f.B9CB64A859AAC9ED11F02B17526367C4.d.CD532CCA0FC90C75DFA2483483CD18BE.e.8852/click - {}
RESULT: {}
RESULT: {}
COMMAND: GET /session/ec284260d80df1b286fd1c4360299648/screenshot - {}
RESULT: {}
COMMAND: POST /session/ec284260d80df1b286fd1c4360299648/element - {"using":"xpath","value":"//span[contains(@id ,\"executeRevertPlanningBtn-content\")]"}
RESULT: {"using":"xpath","value":"//span[contains(@id ,\"executeRevertPlanningBtn-content\")]"}
COMMAND: POST /session/ec284260d80df1b286fd1c4360299648/element/f.B9CB64A859AAC9ED11F02B17526367C4.d.CD532CCA0FC90C75DFA2483483CD18BE.e.8853/click - {}
RESULT: {}
COMMAND: GET /session/ec284260d80df1b286fd1c4360299648/screenshot - {}
RESULT: {}
COMMAND: POST /session/ec284260d80df1b286fd1c4360299648/actions - {"actions":[{"id":"action32","type":"key","parameters":{},"actions":[{"type":"keyDown","value":""},{"type":"pause","duration":10},{"type":"keyUp","value":""}]}]}
RESULT: {"actions":[{"id":"action32","type":"key","parameters":{},"actions":[{"type":"keyDown","value":""},{"type":"pause","duration":10},{"type":"keyUp","value":""}]}]}
COMMAND: GET /session/ec284260d80df1b286fd1c4360299648/screenshot - {}
RESULT: {}
COMMAND: POST /session/ec284260d80df1b286fd1c4360299648/refresh - {}
RESULT: {}
COMMAND: GET /session/ec284260d80df1b286fd1c4360299648/screenshot - {}
RESULT: {}
RESULT: undefined
COMMAND: POST /session/ec284260d80df1b286fd1c4360299648/refresh - {}
RESULT: {}
COMMAND: GET /session/ec284260d80df1b286fd1c4360299648/screenshot - {}
RESULT: {}
RESULT: undefined
RESULT: undefined
COMMAND: POST /session/ec284260d80df1b286fd1c4360299648/execute/async - {"script":"<script> [189 bytes]","args":[]}
RESULT: {"script":"<script> [189 bytes]","args":[]}
COMMAND: POST /session/ec284260d80df1b286fd1c4360299648/execute/async - {"script":"<script> [123 bytes]","args":[]}
RESULT: {"script":"<script> [123 bytes]","args":[]}
COMMAND: POST /session/ec284260d80df1b286fd1c4360299648/timeouts - {"script":"<number>"}
RESULT: {"script":"<number>"}
COMMAND: GET /session/ec284260d80df1b286fd1c4360299648/timeouts - {}
RESULT: {}
RESULT: undefined
COMMAND: POST /session/ec284260d80df1b286fd1c4360299648/execute/async - {"script":"<script> [2676 bytes]","args":[]}
RESULT: {"script":"<script> [2676 bytes]","args":[]}
COMMAND: POST /session/ec284260d80df1b286fd1c4360299648/execute/async - {"script":"<script> [2342 bytes]","args":[{"protocol":"http","hostname":"0.0.0.0","path":"/","capabilities":{"browserName":"chrome","goog:chromeOptions":{"binary":"C:\\Program Files\\Google\\Chrome\\Application\\chrome.exe","args":["--force-device-scale-factor=0.8","--start-maximized"]}},"logLevel":"warn","connectionRetryTimeout":120000,"connectionRetryCount":3,"logLevels":{},"enableDirectConnect":true,"strictSSL":true,"_":"65 more keys: [\"cacheDir\",\"port\",\"requestedCapabilities\",\"automationProtocol\",\"baseUrl\",\"waitforInterval\",\"waitforTimeout\",\"onReload\",\"beforeCommand\",\"afterCommand\",\"rootDir\",\"specs\",\"suites\",\"exclude\",\"groupLogsByTestSpec\",\"excludeDriverLogs\",\"bail\",\"framework\",\"reporters\",\"services\",\"maxInstances\",\"maxInstancesPerCapability\",\"injectGlobals\",\"filesToWatch\",\"execArgv\",\"runnerEnv\",\"runner\",\"shard\",\"specFileRetries\",\"specFileRetriesDelay\",\"specFileRetriesDeferred\",\"reporterSyncInterval\",\"reporterSyncTimeout\",\"cucumberFeaturesWithLineNumbers\",\"autoCompileOpts\",\"mochaOpts\",\"jasmineOpts\",\"cucumberOpts\",\"onPrepare\",\"onWorkerStart\",\"onWorkerEnd\",\"before\",\"beforeSession\",\"beforeSuite\",\"beforeHook\",\"beforeTest\",\"afterTest\",\"afterHook\",\"afterSuite\",\"afterSession\",\"after\",\"onComplete\",\"beforeAssertion\",\"afterAssertion\",\"beforeFeature\",\"beforeScenario\",\"beforeStep\",\"afterStep\",\"afterScenario\",\"afterFeature\",\"_\",\"suite\",\"$0\",\"ignoredWorkerServices\",\"wdi5\"]"}]}
RESULT: {"script":"<script> [2342 bytes]","args":[{"protocol":"http","hostname":"0.0.0.0","path":"/","capabilities":{"browserName":"chrome","goog:chromeOptions":{"binary":"C:\\Program Files\\Google\\Chrome\\Application\\chrome.exe","args":["--force-device-scale-factor=0.8","--start-maximized"]}},"logLevel":"warn","connectionRetryTimeout":120000,"connectionRetryCount":3,"logLevels":{},"enableDirectConnect":true,"strictSSL":true,"_":"65 more keys: [\"cacheDir\",\"port\",\"requestedCapabilities\",\"automationProtocol\",\"baseUrl\",\"waitforInterval\",\"waitforTimeout\",\"onReload\",\"beforeCommand\",\"afterCommand\",\"rootDir\",\"specs\",\"suites\",\"exclude\",\"groupLogsByTestSpec\",\"excludeDriverLogs\",\"bail\",\"framework\",\"reporters\",\"services\",\"maxInstances\",\"maxInstancesPerCapability\",\"injectGlobals\",\"filesToWatch\",\"execArgv\",\"runnerEnv\",\"runner\",\"shard\",\"specFileRetries\",\"specFileRetriesDelay\",\"specFileRetriesDeferred\",\"reporterSyncInterval\",\"reporterSyncTimeout\",\"cucumberFeaturesWithLineNumbers\",\"autoCompileOpts\",\"mochaOpts\",\"jasmineOpts\",\"cucumberOpts\",\"onPrepare\",\"onWorkerStart\",\"onWorkerEnd\",\"before\",\"beforeSession\",\"beforeSuite\",\"beforeHook\",\"beforeTest\",\"afterTest\",\"afterHook\",\"afterSuite\",\"afterSession\",\"after\",\"onComplete\",\"beforeAssertion\",\"afterAssertion\",\"beforeFeature\",\"beforeScenario\",\"beforeStep\",\"afterStep\",\"afterScenario\",\"afterFeature\",\"_\",\"suite\",\"$0\",\"ignoredWorkerServices\",\"wdi5\"]"}]}
COMMAND: POST /session/ec284260d80df1b286fd1c4360299648/execute/async - {"script":"<script> [21126 bytes]","args":[35000]}
RESULT: {"script":"<script> [21126 bytes]","args":[35000]}
COMMAND: POST /session/ec284260d80df1b286fd1c4360299648/execute/async - {"script":"<script> [1562 bytes]","args":[{"selector":{"controlType":"sap.m.Title","viewName":"etm.portal.ui.managecontracts.view.Detail","properties":{"text":"Contract Items (1)"}},"wdio_ui5_key":"etmportal.ui.managecontracts.view.Detailsap.m.Title{\"text\":\"Contract Items (1)\"}"}]}
RESULT: {"script":"<script> [1562 bytes]","args":[{"selector":{"controlType":"sap.m.Title","viewName":"etm.portal.ui.managecontracts.view.Detail","properties":{"text":"Contract Items (1)"}},"wdio_ui5_key":"etmportal.ui.managecontracts.view.Detailsap.m.Title{\"text\":\"Contract Items (1)\"}"}]}
RESULT: undefined
COMMAND: POST /session/ec284260d80df1b286fd1c4360299648/execute/async - {"script":"<script> [6424 bytes]","args":[{"element-6066-11e4-a52e-4f735466cecf":"f.B9CB64A859AAC9ED11F02B17526367C4.d.690B156F44E80F1DD62523A75773CA14.e.9093"},"getText",[]]}
RESULT: {"script":"<script> [6424 bytes]","args":[{"element-6066-11e4-a52e-4f735466cecf":"f.B9CB64A859AAC9ED11F02B17526367C4.d.690B156F44E80F1DD62523A75773CA14.e.9093"},"getText",[]]}
COMMAND: POST /session/ec284260d80df1b286fd1c4360299648/execute/async - {"script":"<script> [1562 bytes]","args":[{"selector":{"id":"contractDetailEditBtn","viewName":"etm.portal.ui.managecontracts.view.Detail","interaction":{"idSuffix":"inner"}},"wdio_ui5_key":"contractDetailEditBtnetmportal.ui.managecontracts.view.Detail"}]}
RESULT: {"script":"<script> [1562 bytes]","args":[{"selector":{"id":"contractDetailEditBtn","viewName":"etm.portal.ui.managecontracts.view.Detail","interaction":{"idSuffix":"inner"}},"wdio_ui5_key":"contractDetailEditBtnetmportal.ui.managecontracts.view.Detail"}]}
RESULT: undefined
COMMAND: POST /session/ec284260d80df1b286fd1c4360299648/element - {"using":"xpath","value":"//*[@id=\"__xmlview1--contractDetailEditBtn\"]"}
RESULT: {"using":"xpath","value":"//*[@id=\"__xmlview1--contractDetailEditBtn\"]"}
COMMAND: POST /session/ec284260d80df1b286fd1c4360299648/element/f.B9CB64A859AAC9ED11F02B17526367C4.d.690B156F44E80F1DD62523A75773CA14.e.9095/click - {}
RESULT: {}
COMMAND: GET /session/ec284260d80df1b286fd1c4360299648/screenshot - {}
RESULT: {}
COMMAND: POST /session/ec284260d80df1b286fd1c4360299648/element - {"using":"xpath","value":"(//span[contains(text(), \"Header Billing Items\")])[2]"}
RESULT: {"using":"xpath","value":"(//span[contains(text(), \"Header Billing Items\")])[2]"}
COMMAND: POST /session/ec284260d80df1b286fd1c4360299648/element/f.B9CB64A859AAC9ED11F02B17526367C4.d.690B156F44E80F1DD62523A75773CA14.e.9153/click - {}
RESULT: {}
COMMAND: GET /session/ec284260d80df1b286fd1c4360299648/screenshot - {}
RESULT: {}
COMMAND: POST /session/ec284260d80df1b286fd1c4360299648/element - {"using":"xpath","value":"//div[contains(@id ,\"ProductsTable-sa-CbBg\")]"}
RESULT: {"using":"xpath","value":"//div[contains(@id ,\"ProductsTable-sa-CbBg\")]"}
COMMAND: POST /session/ec284260d80df1b286fd1c4360299648/element/f.B9CB64A859AAC9ED11F02B17526367C4.d.690B156F44E80F1DD62523A75773CA14.e.9166/click - {}
RESULT: {}
COMMAND: GET /session/ec284260d80df1b286fd1c4360299648/screenshot - {}
RESULT: {}
COMMAND: POST /session/ec284260d80df1b286fd1c4360299648/execute/async - {"script":"<script> [1562 bytes]","args":[{"selector":{"id":"deleteBtn","viewName":"etm.portal.ui.managecontracts.view.EditContract","interaction":{"idSuffix":"BDI-content"}},"wdio_ui5_key":"deleteBtnetmportal.ui.managecontracts.view.EditContract"}]}
RESULT: {"script":"<script> [1562 bytes]","args":[{"selector":{"id":"deleteBtn","viewName":"etm.portal.ui.managecontracts.view.EditContract","interaction":{"idSuffix":"BDI-content"}},"wdio_ui5_key":"deleteBtnetmportal.ui.managecontracts.view.EditContract"}]}
RESULT: undefined
COMMAND: POST /session/ec284260d80df1b286fd1c4360299648/element - {"using":"xpath","value":"//*[@id=\"__xmlview2--deleteBtn\"]"}
RESULT: {"using":"xpath","value":"//*[@id=\"__xmlview2--deleteBtn\"]"}
COMMAND: POST /session/ec284260d80df1b286fd1c4360299648/element/f.B9CB64A859AAC9ED11F02B17526367C4.d.690B156F44E80F1DD62523A75773CA14.e.9168/click - {}
RESULT: {}
COMMAND: POST /session/ec284260d80df1b286fd1c4360299648/element - {"using":"xpath","value":"//bdi[contains(@id ,\"BDI-content\")][contains(text(), \"OK\")]"}
COMMAND: GET /session/ec284260d80df1b286fd1c4360299648/screenshot - {}
RESULT: {"using":"xpath","value":"//bdi[contains(@id ,\"BDI-content\")][contains(text(), \"OK\")]"}
COMMAND: POST /session/ec284260d80df1b286fd1c4360299648/element/f.B9CB64A859AAC9ED11F02B17526367C4.d.690B156F44E80F1DD62523A75773CA14.e.9170/click - {}
RESULT: {}
RESULT: {}
COMMAND: GET /session/ec284260d80df1b286fd1c4360299648/screenshot - {}
RESULT: {}
COMMAND: POST /session/ec284260d80df1b286fd1c4360299648/element - {"using":"xpath","value":"//bdi[contains(@id ,\"BDI-content\")][contains(text(), \"Save\")]"}
RESULT: {"using":"xpath","value":"//bdi[contains(@id ,\"BDI-content\")][contains(text(), \"Save\")]"}
COMMAND: POST /session/ec284260d80df1b286fd1c4360299648/element/f.B9CB64A859AAC9ED11F02B17526367C4.d.690B156F44E80F1DD62523A75773CA14.e.9172/click - {}
RESULT: {}
COMMAND: GET /session/ec284260d80df1b286fd1c4360299648/screenshot - {}
RESULT: {}
COMMAND: POST /session/ec284260d80df1b286fd1c4360299648/element - {"using":"xpath","value":"(//span[contains(text(), \"Header Billing Items\")])[1]"}
RESULT: {"using":"xpath","value":"(//span[contains(text(), \"Header Billing Items\")])[1]"}
COMMAND: POST /session/ec284260d80df1b286fd1c4360299648/element/f.B9CB64A859AAC9ED11F02B17526367C4.d.690B156F44E80F1DD62523A75773CA14.e.9175/click - {}
RESULT: {}
COMMAND: GET /session/ec284260d80df1b286fd1c4360299648/screenshot - {}
RESULT: {}
COMMAND: POST /session/ec284260d80df1b286fd1c4360299648/execute/async - {"script":"<script> [1562 bytes]","args":[{"selector":{"controlType":"sap.m.ObjectStatus","viewName":"etm.portal.ui.managecontracts.view.Detail","bindingPath":{"path":"/SmartContractItems(CONTRACT='10228',ITEM=10m,SUB_ITEM=0m)","propertyPath":"STATUS"}},"wdio_ui5_key":"etmportal.ui.managecontracts.view.Detailsap.m.ObjectStatus{\"path\":\"/SmartContractItems(CONTRACT='10228',ITEM=10m,SUB_ITEM=0m)\",\"propertyPath\":\"STATUS\"}"}]}
RESULT: {"script":"<script> [1562 bytes]","args":[{"selector":{"controlType":"sap.m.ObjectStatus","viewName":"etm.portal.ui.managecontracts.view.Detail","bindingPath":{"path":"/SmartContractItems(CONTRACT='10228',ITEM=10m,SUB_ITEM=0m)","propertyPath":"STATUS"}},"wdio_ui5_key":"etmportal.ui.managecontracts.view.Detailsap.m.ObjectStatus{\"path\":\"/SmartContractItems(CONTRACT='10228',ITEM=10m,SUB_ITEM=0m)\",\"propertyPath\":\"STATUS\"}"}]}
RESULT: undefined
COMMAND: POST /session/ec284260d80df1b286fd1c4360299648/execute/async - {"script":"<script> [6424 bytes]","args":[{"element-6066-11e4-a52e-4f735466cecf":"f.B9CB64A859AAC9ED11F02B17526367C4.d.690B156F44E80F1DD62523A75773CA14.e.9179"},"getText",[]]}
RESULT: {"script":"<script> [6424 bytes]","args":[{"element-6066-11e4-a52e-4f735466cecf":"f.B9CB64A859AAC9ED11F02B17526367C4.d.690B156F44E80F1DD62523A75773CA14.e.9179"},"getText",[]]}
COMMAND: POST /session/ec284260d80df1b286fd1c4360299648/element - {"using":"css selector","value":"#shell-header-logo"}
RESULT: {"using":"css selector","value":"#shell-header-logo"}
COMMAND: POST /session/ec284260d80df1b286fd1c4360299648/element/f.B9CB64A859AAC9ED11F02B17526367C4.d.690B156F44E80F1DD62523A75773CA14.e.9054/click - {}
RESULT: {}
COMMAND: GET /session/ec284260d80df1b286fd1c4360299648/screenshot - {}
RESULT: {}
COMMAND: POST /session/ec284260d80df1b286fd1c4360299648/execute/async - {"script":"<script> [1562 bytes]","args":[{"selector":{"controlType":"sap.m.GenericTile","properties":{"header":"Manage Requests"}},"wdio_ui5_key":"sapm.GenericTile{\"header\":\"Manage Requests\"}"}]}
RESULT: {"script":"<script> [1562 bytes]","args":[{"selector":{"controlType":"sap.m.GenericTile","properties":{"header":"Manage Requests"}},"wdio_ui5_key":"sapm.GenericTile{\"header\":\"Manage Requests\"}"}]}
RESULT: undefined
COMMAND: POST /session/ec284260d80df1b286fd1c4360299648/element - {"using":"xpath","value":"//*[@id=\"__tile62\"]"}
RESULT: {"using":"xpath","value":"//*[@id=\"__tile62\"]"}
COMMAND: POST /session/ec284260d80df1b286fd1c4360299648/element/f.B9CB64A859AAC9ED11F02B17526367C4.d.690B156F44E80F1DD62523A75773CA14.e.9200/click - {}
RESULT: {}
COMMAND: GET /session/ec284260d80df1b286fd1c4360299648/screenshot - {}
RESULT: {}
COMMAND: POST /session/ec284260d80df1b286fd1c4360299648/execute/async - {"script":"<script> [1562 bytes]","args":[{"selector":{"controlType":"sap.m.SearchField","viewName":"etm.portal.ui.managerequests.view.Master","bindingPath":{"path":"","propertyPath":"/_BASIC_SEARCH_FIELD","modelName":"fi1t3rM0d31"},"interaction":{"idSuffix":"I"}},"wdio_ui5_key":"etmportal.ui.managerequests.view.Mastersap.m.SearchField{\"path\":\"\",\"propertyPath\":\"/_BASIC_SEARCH_FIELD\",\"modelName\":\"fi1t3rM0d31\"}"}]}
RESULT: {"script":"<script> [1562 bytes]","args":[{"selector":{"controlType":"sap.m.SearchField","viewName":"etm.portal.ui.managerequests.view.Master","bindingPath":{"path":"","propertyPath":"/_BASIC_SEARCH_FIELD","modelName":"fi1t3rM0d31"},"interaction":{"idSuffix":"I"}},"wdio_ui5_key":"etmportal.ui.managerequests.view.Mastersap.m.SearchField{\"path\":\"\",\"propertyPath\":\"/_BASIC_SEARCH_FIELD\",\"modelName\":\"fi1t3rM0d31\"}"}]}
RESULT: undefined
COMMAND: POST /session/ec284260d80df1b286fd1c4360299648/execute/async - {"script":"<script> [776 bytes]","args":[{"enterText":"20104","selector":{"controlType":"sap.m.SearchField","viewName":"etm.portal.ui.managerequests.view.Master","bindingPath":{"path":"","propertyPath":"/_BASIC_SEARCH_FIELD","modelName":"fi1t3rM0d31"},"interaction":{"idSuffix":"I"}},"clearTextFirst":true,"interactionType":"ENTER_TEXT"}]}
RESULT: {"script":"<script> [776 bytes]","args":[{"enterText":"20104","selector":{"controlType":"sap.m.SearchField","viewName":"etm.portal.ui.managerequests.view.Master","bindingPath":{"path":"","propertyPath":"/_BASIC_SEARCH_FIELD","modelName":"fi1t3rM0d31"},"interaction":{"idSuffix":"I"}},"clearTextFirst":true,"interactionType":"ENTER_TEXT"}]}
COMMAND: POST /session/ec284260d80df1b286fd1c4360299648/actions - {"actions":[{"id":"action33","type":"key","parameters":{},"actions":[{"type":"keyDown","value":""},{"type":"pause","duration":10},{"type":"keyUp","value":""}]}]}
RESULT: {"actions":[{"id":"action33","type":"key","parameters":{},"actions":[{"type":"keyDown","value":""},{"type":"pause","duration":10},{"type":"keyUp","value":""}]}]}
COMMAND: GET /session/ec284260d80df1b286fd1c4360299648/screenshot - {}
RESULT: {}
COMMAND: POST /session/ec284260d80df1b286fd1c4360299648/execute/async - {"script":"<script> [1562 bytes]","args":[{"selector":{"controlType":"sap.m.Text","viewName":"etm.portal.ui.managerequests.view.Master","bindingPath":{"path":"/SmartManageRequests('20104')","propertyPath":"NO"}},"wdio_ui5_key":"etmportal.ui.managerequests.view.Mastersap.m.Text{\"path\":\"/SmartManageRequests('20104')\",\"propertyPath\":\"NO\"}"}]}
RESULT: {"script":"<script> [1562 bytes]","args":[{"selector":{"controlType":"sap.m.Text","viewName":"etm.portal.ui.managerequests.view.Master","bindingPath":{"path":"/SmartManageRequests('20104')","propertyPath":"NO"}},"wdio_ui5_key":"etmportal.ui.managerequests.view.Mastersap.m.Text{\"path\":\"/SmartManageRequests('20104')\",\"propertyPath\":\"NO\"}"}]}
RESULT: undefined
COMMAND: POST /session/ec284260d80df1b286fd1c4360299648/element - {"using":"xpath","value":"//*[@id=\"__text464-__clone245\"]"}
RESULT: {"using":"xpath","value":"//*[@id=\"__text464-__clone245\"]"}
COMMAND: POST /session/ec284260d80df1b286fd1c4360299648/element/f.B9CB64A859AAC9ED11F02B17526367C4.d.690B156F44E80F1DD62523A75773CA14.e.9667/click - {}
RESULT: {}
COMMAND: GET /session/ec284260d80df1b286fd1c4360299648/screenshot - {}
RESULT: {}
COMMAND: POST /session/ec284260d80df1b286fd1c4360299648/execute/async - {"script":"<script> [1562 bytes]","args":[{"selector":{"controlType":"sap.ui.core.Icon","viewName":"etm.portal.ui.managerequests.view.Detail","properties":{"src":{"regex":{"source":"slim\\-arrow\\-up"}}}},"wdio_ui5_key":"etmportal.ui.managerequests.view.Detailsap.ui.core.Icon{\"src\":{\"regex\":{\"source\":\"slim\\\\-arrow\\\\-up\"}}}"}]}
RESULT: {"script":"<script> [1562 bytes]","args":[{"selector":{"controlType":"sap.ui.core.Icon","viewName":"etm.portal.ui.managerequests.view.Detail","properties":{"src":{"regex":{"source":"slim\\-arrow\\-up"}}}},"wdio_ui5_key":"etmportal.ui.managerequests.view.Detailsap.ui.core.Icon{\"src\":{\"regex\":{\"source\":\"slim\\\\-arrow\\\\-up\"}}}"}]}
RESULT: undefined
COMMAND: POST /session/ec284260d80df1b286fd1c4360299648/element - {"using":"xpath","value":"//*[@id=\"__xmlview62--detailRequestPage-OPHeaderContent-collapseBtn-img\"]"}
RESULT: {"using":"xpath","value":"//*[@id=\"__xmlview62--detailRequestPage-OPHeaderContent-collapseBtn-img\"]"}
COMMAND: POST /session/ec284260d80df1b286fd1c4360299648/element/f.B9CB64A859AAC9ED11F02B17526367C4.d.690B156F44E80F1DD62523A75773CA14.e.9772/click - {}
RESULT: {}
COMMAND: GET /session/ec284260d80df1b286fd1c4360299648/screenshot - {}
RESULT: {}
COMMAND: POST /session/ec284260d80df1b286fd1c4360299648/execute/async - {"script":"<script> [1562 bytes]","args":[{"selector":{"controlType":"sap.m.Text","viewName":"etm.portal.ui.managerequests.view.Detail","bindingPath":{"path":"/SmartRequestItemsPlanningBoard(ITEM=20m,REQUEST='20104')","propertyPath":"STATUS_DESC"}},"wdio_ui5_key":"etmportal.ui.managerequests.view.Detailsap.m.Text{\"path\":\"/SmartRequestItemsPlanningBoard(ITEM=20m,REQUEST='20104')\",\"propertyPath\":\"STATUS_DESC\"}"}]}
RESULT: {"script":"<script> [1562 bytes]","args":[{"selector":{"controlType":"sap.m.Text","viewName":"etm.portal.ui.managerequests.view.Detail","bindingPath":{"path":"/SmartRequestItemsPlanningBoard(ITEM=20m,REQUEST='20104')","propertyPath":"STATUS_DESC"}},"wdio_ui5_key":"etmportal.ui.managerequests.view.Detailsap.m.Text{\"path\":\"/SmartRequestItemsPlanningBoard(ITEM=20m,REQUEST='20104')\",\"propertyPath\":\"STATUS_DESC\"}"}]}
RESULT: undefined
COMMAND: POST /session/ec284260d80df1b286fd1c4360299648/execute/async - {"script":"<script> [6424 bytes]","args":[{"element-6066-11e4-a52e-4f735466cecf":"f.B9CB64A859AAC9ED11F02B17526367C4.d.690B156F44E80F1DD62523A75773CA14.e.9903"},"getText",[]]}
RESULT: {"script":"<script> [6424 bytes]","args":[{"element-6066-11e4-a52e-4f735466cecf":"f.B9CB64A859AAC9ED11F02B17526367C4.d.690B156F44E80F1DD62523A75773CA14.e.9903"},"getText",[]]}
COMMAND: POST /session/ec284260d80df1b286fd1c4360299648/element - {"using":"css selector","value":"#shell-header-logo"}
RESULT: {"using":"css selector","value":"#shell-header-logo"}
COMMAND: POST /session/ec284260d80df1b286fd1c4360299648/element/f.B9CB64A859AAC9ED11F02B17526367C4.d.690B156F44E80F1DD62523A75773CA14.e.9205/click - {}
RESULT: {}
COMMAND: GET /session/ec284260d80df1b286fd1c4360299648/screenshot - {}
RESULT: {}
]]></system-out>
    </testcase>
  </testsuite>
  <testsuite timestamp="2025-04-14T18:10:25" time="260.544" tests="4" failures="0" errors="0" skipped="0">
    <properties>
      <property name="specId" value="0"/>
      <property name="suiteName" value="Standard contract close-reopen US111278"/>
      <property name="capabilities" value="chrome.135_0_7049_42.windows"/>
      <property name="file" value="file:///D:/a/1/s/test/specs/R2C/standard-contract-close-reopen.spec.js"/>
    </properties>
    <testcase classname="chrome.135_0_7049_42.windows.Standard_contract_close-reopen_US111278" name="Should create a new contract and add an item" time="119.49">
      <system-out><![CDATA[
COMMAND: POST /session/ec284260d80df1b286fd1c4360299648/execute/async - {"script":"<script> [1562 bytes]","args":[{"selector":{"controlType":"sap.m.Text","viewName":"etm.portal.ui.managecontractstile.view.Master","properties":{"text":"Manage Contracts"},"interaction":{"idSuffix":"inner"}},"wdio_ui5_key":"etmportal.ui.managecontractstile.view.Mastersap.m.Text{\"text\":\"Manage Contracts\"}"}]}
RESULT: {"script":"<script> [1562 bytes]","args":[{"selector":{"controlType":"sap.m.Text","viewName":"etm.portal.ui.managecontractstile.view.Master","properties":{"text":"Manage Contracts"},"interaction":{"idSuffix":"inner"}},"wdio_ui5_key":"etmportal.ui.managecontractstile.view.Mastersap.m.Text{\"text\":\"Manage Contracts\"}"}]}
RESULT: undefined
COMMAND: POST /session/ec284260d80df1b286fd1c4360299648/element - {"using":"xpath","value":"//*[@id=\"__tile130-title\"]"}
RESULT: {"using":"xpath","value":"//*[@id=\"__tile130-title\"]"}
COMMAND: POST /session/ec284260d80df1b286fd1c4360299648/element/f.B9CB64A859AAC9ED11F02B17526367C4.d.690B156F44E80F1DD62523A75773CA14.e.9908/click - {}
RESULT: {}
COMMAND: GET /session/ec284260d80df1b286fd1c4360299648/screenshot - {}
RESULT: {}
RESULT: undefined
RESULT: undefined
COMMAND: POST /session/ec284260d80df1b286fd1c4360299648/element - {"using":"xpath","value":"//button[@data-kt=\"addButton\"]"}
RESULT: {"using":"xpath","value":"//button[@data-kt=\"addButton\"]"}
COMMAND: POST /session/ec284260d80df1b286fd1c4360299648/element/f.B9CB64A859AAC9ED11F02B17526367C4.d.690B156F44E80F1DD62523A75773CA14.e.9941/click - {}
RESULT: {}
COMMAND: GET /session/ec284260d80df1b286fd1c4360299648/screenshot - {}
RESULT: {}
COMMAND: POST /session/ec284260d80df1b286fd1c4360299648/execute/async - {"script":"<script> [1562 bytes]","args":[{"selector":{"id":"application-managecontracts-display-component---AddNewContract--projectDescription","interaction":{"idSuffix":"inner"}},"wdio_ui5_key":"applicationmanagecontracts-display-component---AddNewContract--projectDescription"}]}
RESULT: {"script":"<script> [1562 bytes]","args":[{"selector":{"id":"application-managecontracts-display-component---AddNewContract--projectDescription","interaction":{"idSuffix":"inner"}},"wdio_ui5_key":"applicationmanagecontracts-display-component---AddNewContract--projectDescription"}]}
RESULT: undefined
COMMAND: POST /session/ec284260d80df1b286fd1c4360299648/execute/async - {"script":"<script> [776 bytes]","args":[{"enterText":"WdIOR2ccn5la","selector":{"id":"application-managecontracts-display-component---AddNewContract--projectDescription","interaction":{"idSuffix":"inner"}},"clearTextFirst":true,"interactionType":"ENTER_TEXT"}]}
RESULT: {"script":"<script> [776 bytes]","args":[{"enterText":"WdIOR2ccn5la","selector":{"id":"application-managecontracts-display-component---AddNewContract--projectDescription","interaction":{"idSuffix":"inner"}},"clearTextFirst":true,"interactionType":"ENTER_TEXT"}]}
COMMAND: POST /session/ec284260d80df1b286fd1c4360299648/element - {"using":"xpath","value":"//input[@id=\"application-managecontracts-display-component---AddNewContract--yardId-inner\"]"}
RESULT: {"using":"xpath","value":"//input[@id=\"application-managecontracts-display-component---AddNewContract--yardId-inner\"]"}
COMMAND: POST /session/ec284260d80df1b286fd1c4360299648/element/f.B9CB64A859AAC9ED11F02B17526367C4.d.690B156F44E80F1DD62523A75773CA14.e.10397/clear - {}
RESULT: {}
COMMAND: POST /session/ec284260d80df1b286fd1c4360299648/element/f.B9CB64A859AAC9ED11F02B17526367C4.d.690B156F44E80F1DD62523A75773CA14.e.10397/value - {"text":"WebdriverYard6wv8h"}
COMMAND: GET /session/ec284260d80df1b286fd1c4360299648/screenshot - {}
RESULT: {"text":"WebdriverYard6wv8h"}
COMMAND: GET /session/ec284260d80df1b286fd1c4360299648/screenshot - {}
RESULT: {}
RESULT: {}
COMMAND: POST /session/ec284260d80df1b286fd1c4360299648/actions - {"actions":[{"id":"action34","type":"key","parameters":{},"actions":[{"type":"keyDown","value":""},{"type":"pause","duration":10},{"type":"keyUp","value":""}]}]}
RESULT: {"actions":[{"id":"action34","type":"key","parameters":{},"actions":[{"type":"keyDown","value":""},{"type":"pause","duration":10},{"type":"keyUp","value":""}]}]}
COMMAND: GET /session/ec284260d80df1b286fd1c4360299648/screenshot - {}
RESULT: {}
COMMAND: POST /session/ec284260d80df1b286fd1c4360299648/element - {"using":"xpath","value":"//input[@id=\"application-managecontracts-display-component---AddNewContract--customerSelect-inner\"]"}
RESULT: {"using":"xpath","value":"//input[@id=\"application-managecontracts-display-component---AddNewContract--customerSelect-inner\"]"}
COMMAND: POST /session/ec284260d80df1b286fd1c4360299648/element/f.B9CB64A859AAC9ED11F02B17526367C4.d.690B156F44E80F1DD62523A75773CA14.e.10395/clear - {}
RESULT: {}
COMMAND: POST /session/ec284260d80df1b286fd1c4360299648/element/f.B9CB64A859AAC9ED11F02B17526367C4.d.690B156F44E80F1DD62523A75773CA14.e.10395/value - {"text":"WebdriverPartnerxf268"}
COMMAND: GET /session/ec284260d80df1b286fd1c4360299648/screenshot - {}
RESULT: {"text":"WebdriverPartnerxf268"}
COMMAND: GET /session/ec284260d80df1b286fd1c4360299648/screenshot - {}
RESULT: {}
RESULT: {}
COMMAND: POST /session/ec284260d80df1b286fd1c4360299648/actions - {"actions":[{"id":"action35","type":"key","parameters":{},"actions":[{"type":"keyDown","value":""},{"type":"pause","duration":10},{"type":"keyUp","value":""}]}]}
RESULT: {"actions":[{"id":"action35","type":"key","parameters":{},"actions":[{"type":"keyDown","value":""},{"type":"pause","duration":10},{"type":"keyUp","value":""}]}]}
COMMAND: GET /session/ec284260d80df1b286fd1c4360299648/screenshot - {}
RESULT: {}
COMMAND: POST /session/ec284260d80df1b286fd1c4360299648/element - {"using":"xpath","value":"//input[@id=\"application-managecontracts-display-component---AddNewContract--site-inner\"]"}
RESULT: {"using":"xpath","value":"//input[@id=\"application-managecontracts-display-component---AddNewContract--site-inner\"]"}
COMMAND: POST /session/ec284260d80df1b286fd1c4360299648/element/f.B9CB64A859AAC9ED11F02B17526367C4.d.690B156F44E80F1DD62523A75773CA14.e.10396/clear - {}
RESULT: {}
COMMAND: POST /session/ec284260d80df1b286fd1c4360299648/element/f.B9CB64A859AAC9ED11F02B17526367C4.d.690B156F44E80F1DD62523A75773CA14.e.10396/value - {"text":"WebdriverSitehmxx8"}
COMMAND: GET /session/ec284260d80df1b286fd1c4360299648/screenshot - {}
RESULT: {"text":"WebdriverSitehmxx8"}
COMMAND: GET /session/ec284260d80df1b286fd1c4360299648/screenshot - {}
RESULT: {}
RESULT: {}
COMMAND: POST /session/ec284260d80df1b286fd1c4360299648/actions - {"actions":[{"id":"action36","type":"key","parameters":{},"actions":[{"type":"keyDown","value":""},{"type":"pause","duration":10},{"type":"keyUp","value":""}]}]}
RESULT: {"actions":[{"id":"action36","type":"key","parameters":{},"actions":[{"type":"keyDown","value":""},{"type":"pause","duration":10},{"type":"keyUp","value":""}]}]}
COMMAND: POST /session/ec284260d80df1b286fd1c4360299648/element - {"using":"xpath","value":"//button[@data-kt=\"saveButton\"]"}
COMMAND: GET /session/ec284260d80df1b286fd1c4360299648/screenshot - {}
RESULT: {"using":"xpath","value":"//button[@data-kt=\"saveButton\"]"}
COMMAND: POST /session/ec284260d80df1b286fd1c4360299648/element/f.B9CB64A859AAC9ED11F02B17526367C4.d.690B156F44E80F1DD62523A75773CA14.e.10412/click - {}
RESULT: {}
RESULT: {}
COMMAND: GET /session/ec284260d80df1b286fd1c4360299648/screenshot - {}
RESULT: {}
COMMAND: POST /session/ec284260d80df1b286fd1c4360299648/execute/async - {"script":"<script> [1562 bytes]","args":[{"selector":{"id":"contractDetailTitleNoExpanded","viewName":"etm.portal.ui.managecontracts.view.Detail"},"wdio_ui5_key":"contractDetailTitleNoExpandedetmportal.ui.managecontracts.view.Detail"}]}
RESULT: {"script":"<script> [1562 bytes]","args":[{"selector":{"id":"contractDetailTitleNoExpanded","viewName":"etm.portal.ui.managecontracts.view.Detail"},"wdio_ui5_key":"contractDetailTitleNoExpandedetmportal.ui.managecontracts.view.Detail"}]}
RESULT: undefined
COMMAND: POST /session/ec284260d80df1b286fd1c4360299648/execute/async - {"script":"<script> [6424 bytes]","args":[{"element-6066-11e4-a52e-4f735466cecf":"f.B9CB64A859AAC9ED11F02B17526367C4.d.690B156F44E80F1DD62523A75773CA14.e.10433"},"getText",[]]}
RESULT: {"script":"<script> [6424 bytes]","args":[{"element-6066-11e4-a52e-4f735466cecf":"f.B9CB64A859AAC9ED11F02B17526367C4.d.690B156F44E80F1DD62523A75773CA14.e.10433"},"getText",[]]}
COMMAND: POST /session/ec284260d80df1b286fd1c4360299648/execute/async - {"script":"<script> [1562 bytes]","args":[{"selector":{"id":"closeContractBtn","viewName":"etm.portal.ui.managecontracts.view.Detail"},"wdio_ui5_key":"closeContractBtnetmportal.ui.managecontracts.view.Detail"}]}
RESULT: {"script":"<script> [1562 bytes]","args":[{"selector":{"id":"closeContractBtn","viewName":"etm.portal.ui.managecontracts.view.Detail"},"wdio_ui5_key":"closeContractBtnetmportal.ui.managecontracts.view.Detail"}]}
RESULT: undefined
COMMAND: POST /session/ec284260d80df1b286fd1c4360299648/execute/async - {"script":"<script> [6424 bytes]","args":[{"element-6066-11e4-a52e-4f735466cecf":"f.B9CB64A859AAC9ED11F02B17526367C4.d.690B156F44E80F1DD62523A75773CA14.e.10434"},"getEnabled",[]]}
RESULT: {"script":"<script> [6424 bytes]","args":[{"element-6066-11e4-a52e-4f735466cecf":"f.B9CB64A859AAC9ED11F02B17526367C4.d.690B156F44E80F1DD62523A75773CA14.e.10434"},"getEnabled",[]]}
COMMAND: POST /session/ec284260d80df1b286fd1c4360299648/element - {"using":"xpath","value":"//button[@data-kt=\"contractDetailEditBtnButton\"]"}
RESULT: {"using":"xpath","value":"//button[@data-kt=\"contractDetailEditBtnButton\"]"}
COMMAND: POST /session/ec284260d80df1b286fd1c4360299648/element/f.B9CB64A859AAC9ED11F02B17526367C4.d.690B156F44E80F1DD62523A75773CA14.e.10435/click - {}
RESULT: {}
COMMAND: GET /session/ec284260d80df1b286fd1c4360299648/screenshot - {}
RESULT: {}
COMMAND: POST /session/ec284260d80df1b286fd1c4360299648/element - {"using":"xpath","value":"(//span[contains(text(), \"Additional Addresses\")])[2]"}
RESULT: {"using":"xpath","value":"(//span[contains(text(), \"Additional Addresses\")])[2]"}
COMMAND: POST /session/ec284260d80df1b286fd1c4360299648/element/f.B9CB64A859AAC9ED11F02B17526367C4.d.690B156F44E80F1DD62523A75773CA14.e.10493/click - {}
RESULT: {}
COMMAND: GET /session/ec284260d80df1b286fd1c4360299648/screenshot - {}
RESULT: {}
COMMAND: POST /session/ec284260d80df1b286fd1c4360299648/element - {"using":"xpath","value":"//button[@data-kt=\"btnAddTableRowOverflowToolbarButton\"]"}
RESULT: {"using":"xpath","value":"//button[@data-kt=\"btnAddTableRowOverflowToolbarButton\"]"}
COMMAND: POST /session/ec284260d80df1b286fd1c4360299648/element/f.B9CB64A859AAC9ED11F02B17526367C4.d.690B156F44E80F1DD62523A75773CA14.e.10496/click - {}
RESULT: {}
COMMAND: GET /session/ec284260d80df1b286fd1c4360299648/screenshot - {}
RESULT: {}
COMMAND: POST /session/ec284260d80df1b286fd1c4360299648/element - {"using":"xpath","value":"//div[(text() = 'Standard Entry' or . = 'Standard Entry')]"}
RESULT: {"using":"xpath","value":"//div[(text() = 'Standard Entry' or . = 'Standard Entry')]"}
COMMAND: POST /session/ec284260d80df1b286fd1c4360299648/element/f.B9CB64A859AAC9ED11F02B17526367C4.d.690B156F44E80F1DD62523A75773CA14.e.10498/click - {}
RESULT: {}
COMMAND: POST /session/ec284260d80df1b286fd1c4360299648/element - {"using":"xpath","value":"//td[6]/div/div/input[1]"}
COMMAND: GET /session/ec284260d80df1b286fd1c4360299648/screenshot - {}
RESULT: {"using":"xpath","value":"//td[6]/div/div/input[1]"}
COMMAND: POST /session/ec284260d80df1b286fd1c4360299648/element/f.B9CB64A859AAC9ED11F02B17526367C4.d.690B156F44E80F1DD62523A75773CA14.e.10500/click - {}
RESULT: {}
RESULT: {}
COMMAND: POST /session/ec284260d80df1b286fd1c4360299648/actions - {"actions":[{"id":"action37","type":"key","parameters":{},"actions":[{"type":"keyDown","value":""},{"type":"pause","duration":10},{"type":"keyUp","value":""}]}]}
COMMAND: GET /session/ec284260d80df1b286fd1c4360299648/screenshot - {}
RESULT: {"actions":[{"id":"action37","type":"key","parameters":{},"actions":[{"type":"keyDown","value":""},{"type":"pause","duration":10},{"type":"keyUp","value":""}]}]}
COMMAND: POST /session/ec284260d80df1b286fd1c4360299648/element - {"using":"xpath","value":"//td[6]/div/div/input[1]"}
COMMAND: GET /session/ec284260d80df1b286fd1c4360299648/screenshot - {}
RESULT: {}
RESULT: {"using":"xpath","value":"//td[6]/div/div/input[1]"}
COMMAND: POST /session/ec284260d80df1b286fd1c4360299648/element/f.B9CB64A859AAC9ED11F02B17526367C4.d.690B156F44E80F1DD62523A75773CA14.e.10500/clear - {}
RESULT: {}
RESULT: {}
COMMAND: POST /session/ec284260d80df1b286fd1c4360299648/element/f.B9CB64A859AAC9ED11F02B17526367C4.d.690B156F44E80F1DD62523A75773CA14.e.10500/value - {"text":"Material"}
COMMAND: GET /session/ec284260d80df1b286fd1c4360299648/screenshot - {}
RESULT: {"text":"Material"}
COMMAND: GET /session/ec284260d80df1b286fd1c4360299648/screenshot - {}
RESULT: {}
RESULT: {}
COMMAND: POST /session/ec284260d80df1b286fd1c4360299648/actions - {"actions":[{"id":"action38","type":"key","parameters":{},"actions":[{"type":"keyDown","value":""},{"type":"pause","duration":10},{"type":"keyUp","value":""}]}]}
RESULT: {"actions":[{"id":"action38","type":"key","parameters":{},"actions":[{"type":"keyDown","value":""},{"type":"pause","duration":10},{"type":"keyUp","value":""}]}]}
COMMAND: GET /session/ec284260d80df1b286fd1c4360299648/screenshot - {}
COMMAND: POST /session/ec284260d80df1b286fd1c4360299648/actions - {"actions":[{"id":"action39","type":"key","parameters":{},"actions":[{"type":"keyDown","value":""},{"type":"pause","duration":10},{"type":"keyUp","value":""}]}]}
RESULT: {}
RESULT: {"actions":[{"id":"action39","type":"key","parameters":{},"actions":[{"type":"keyDown","value":""},{"type":"pause","duration":10},{"type":"keyUp","value":""}]}]}
COMMAND: POST /session/ec284260d80df1b286fd1c4360299648/element - {"using":"xpath","value":"//td[7]/div/div/input"}
COMMAND: GET /session/ec284260d80df1b286fd1c4360299648/screenshot - {}
RESULT: {"using":"xpath","value":"//td[7]/div/div/input"}
COMMAND: POST /session/ec284260d80df1b286fd1c4360299648/element/f.B9CB64A859AAC9ED11F02B17526367C4.d.690B156F44E80F1DD62523A75773CA14.e.10513/clear - {}
RESULT: {}
RESULT: {}
COMMAND: POST /session/ec284260d80df1b286fd1c4360299648/element/f.B9CB64A859AAC9ED11F02B17526367C4.d.690B156F44E80F1DD62523A75773CA14.e.10513/value - {"text":"WebdriverRUR2Ch7i1j"}
COMMAND: GET /session/ec284260d80df1b286fd1c4360299648/screenshot - {}
RESULT: {"text":"WebdriverRUR2Ch7i1j"}
COMMAND: GET /session/ec284260d80df1b286fd1c4360299648/screenshot - {}
RESULT: {}
RESULT: {}
COMMAND: POST /session/ec284260d80df1b286fd1c4360299648/actions - {"actions":[{"id":"action40","type":"key","parameters":{},"actions":[{"type":"keyDown","value":""},{"type":"pause","duration":10},{"type":"keyUp","value":""}]}]}
RESULT: {"actions":[{"id":"action40","type":"key","parameters":{},"actions":[{"type":"keyDown","value":""},{"type":"pause","duration":10},{"type":"keyUp","value":""}]}]}
COMMAND: GET /session/ec284260d80df1b286fd1c4360299648/screenshot - {}
RESULT: {}
COMMAND: POST /session/ec284260d80df1b286fd1c4360299648/actions - {"actions":[{"id":"action41","type":"key","parameters":{},"actions":[{"type":"keyDown","value":""},{"type":"pause","duration":10},{"type":"keyUp","value":""}]}]}
RESULT: {"actions":[{"id":"action41","type":"key","parameters":{},"actions":[{"type":"keyDown","value":""},{"type":"pause","duration":10},{"type":"keyUp","value":""}]}]}
COMMAND: GET /session/ec284260d80df1b286fd1c4360299648/screenshot - {}
RESULT: {}
COMMAND: POST /session/ec284260d80df1b286fd1c4360299648/element - {"using":"xpath","value":"(//button[@data-kt=\"saveButton\"])[2]"}
RESULT: {"using":"xpath","value":"(//button[@data-kt=\"saveButton\"])[2]"}
COMMAND: POST /session/ec284260d80df1b286fd1c4360299648/element/f.B9CB64A859AAC9ED11F02B17526367C4.d.690B156F44E80F1DD62523A75773CA14.e.10539/click - {}
RESULT: {}
COMMAND: GET /session/ec284260d80df1b286fd1c4360299648/screenshot - {}
RESULT: {}
]]></system-out>
    </testcase>
    <testcase classname="chrome.135_0_7049_42.windows.Standard_contract_close-reopen_US111278" name="It should close the contract" time="21.125">
      <system-out><![CDATA[
RESULT: undefined
COMMAND: POST /session/ec284260d80df1b286fd1c4360299648/element - {"using":"xpath","value":"//*[@id=\"__xmlview64--closeContractBtn\"]"}
RESULT: {"using":"xpath","value":"//*[@id=\"__xmlview64--closeContractBtn\"]"}
COMMAND: POST /session/ec284260d80df1b286fd1c4360299648/element/f.B9CB64A859AAC9ED11F02B17526367C4.d.690B156F44E80F1DD62523A75773CA14.e.10434/click - {}
RESULT: {}
COMMAND: GET /session/ec284260d80df1b286fd1c4360299648/screenshot - {}
RESULT: {}
COMMAND: POST /session/ec284260d80df1b286fd1c4360299648/element - {"using":"xpath","value":"//span[contains(text(), \"Do you want to close the whole contract?\")]"}
RESULT: {"using":"xpath","value":"//span[contains(text(), \"Do you want to close the whole contract?\")]"}
COMMAND: POST /session/ec284260d80df1b286fd1c4360299648/execute/sync - {"script":"<script> [8489 bytes]","args":[{"element-6066-11e4-a52e-4f735466cecf":"f.B9CB64A859AAC9ED11F02B17526367C4.d.690B156F44E80F1DD62523A75773CA14.e.10545","ELEMENT":"f.B9CB64A859AAC9ED11F02B17526367C4.d.690B156F44E80F1DD62523A75773CA14.e.10545"}]}
RESULT: {"script":"<script> [8489 bytes]","args":[{"element-6066-11e4-a52e-4f735466cecf":"f.B9CB64A859AAC9ED11F02B17526367C4.d.690B156F44E80F1DD62523A75773CA14.e.10545","ELEMENT":"f.B9CB64A859AAC9ED11F02B17526367C4.d.690B156F44E80F1DD62523A75773CA14.e.10545"}]}
COMMAND: POST /session/ec284260d80df1b286fd1c4360299648/element - {"using":"xpath","value":"//bdi[contains(text(), \"OK\")]"}
COMMAND: GET /session/ec284260d80df1b286fd1c4360299648/screenshot - {}
RESULT: {}
RESULT: {"using":"xpath","value":"//bdi[contains(text(), \"OK\")]"}
COMMAND: POST /session/ec284260d80df1b286fd1c4360299648/element/f.B9CB64A859AAC9ED11F02B17526367C4.d.690B156F44E80F1DD62523A75773CA14.e.10546/click - {}
RESULT: {}
COMMAND: GET /session/ec284260d80df1b286fd1c4360299648/screenshot - {}
RESULT: {}
COMMAND: POST /session/ec284260d80df1b286fd1c4360299648/element - {"using":"xpath","value":"//input[contains(@id ,\"smartContractFilterBar-btnBasicSearch-I\")]"}
RESULT: {"using":"xpath","value":"//input[contains(@id ,\"smartContractFilterBar-btnBasicSearch-I\")]"}
COMMAND: POST /session/ec284260d80df1b286fd1c4360299648/element/f.B9CB64A859AAC9ED11F02B17526367C4.d.690B156F44E80F1DD62523A75773CA14.e.9919/clear - {}
RESULT: {}
COMMAND: POST /session/ec284260d80df1b286fd1c4360299648/element/f.B9CB64A859AAC9ED11F02B17526367C4.d.690B156F44E80F1DD62523A75773CA14.e.9919/value - {"text":"10230"}
COMMAND: GET /session/ec284260d80df1b286fd1c4360299648/screenshot - {}
RESULT: {"text":"10230"}
COMMAND: POST /session/ec284260d80df1b286fd1c4360299648/actions - {"actions":[{"id":"action42","type":"key","parameters":{},"actions":[{"type":"keyDown","value":""},{"type":"pause","duration":10},{"type":"keyUp","value":""}]}]}
COMMAND: GET /session/ec284260d80df1b286fd1c4360299648/screenshot - {}
RESULT: {}
RESULT: {"actions":[{"id":"action42","type":"key","parameters":{},"actions":[{"type":"keyDown","value":""},{"type":"pause","duration":10},{"type":"keyUp","value":""}]}]}
COMMAND: GET /session/ec284260d80df1b286fd1c4360299648/screenshot - {}
RESULT: {}
RESULT: {}
COMMAND: POST /session/ec284260d80df1b286fd1c4360299648/execute/async - {"script":"<script> [1562 bytes]","args":[{"selector":{"controlType":"sap.ui.core.Icon","viewName":"etm.portal.ui.managecontracts.view.Master","properties":{"src":{"regex":{"source":"slim\\-arrow\\-right"}}}},"wdio_ui5_key":"etmportal.ui.managecontracts.view.Mastersap.ui.core.Icon{\"src\":{\"regex\":{\"source\":\"slim\\\\-arrow\\\\-right\"}}}"}]}
RESULT: {"script":"<script> [1562 bytes]","args":[{"selector":{"controlType":"sap.ui.core.Icon","viewName":"etm.portal.ui.managecontracts.view.Master","properties":{"src":{"regex":{"source":"slim\\-arrow\\-right"}}}},"wdio_ui5_key":"etmportal.ui.managecontracts.view.Mastersap.ui.core.Icon{\"src\":{\"regex\":{\"source\":\"slim\\\\-arrow\\\\-right\"}}}"}]}
RESULT: undefined
COMMAND: POST /session/ec284260d80df1b286fd1c4360299648/element - {"using":"xpath","value":"//*[@id=\"__item130-__clone2796-imgNav\"]"}
RESULT: {"using":"xpath","value":"//*[@id=\"__item130-__clone2796-imgNav\"]"}
COMMAND: POST /session/ec284260d80df1b286fd1c4360299648/element/f.B9CB64A859AAC9ED11F02B17526367C4.d.690B156F44E80F1DD62523A75773CA14.e.10580/click - {}
RESULT: {}
COMMAND: POST /session/ec284260d80df1b286fd1c4360299648/execute/async - {"script":"<script> [1562 bytes]","args":[{"selector":{"controlType":"sap.m.ObjectStatus","viewName":"etm.portal.ui.managecontracts.view.Detail","bindingPath":{"propertyPath":"LINK_TO_LOGISTICAL_STATUS/DESCRIPTION","modelName":"catalogModel"}},"wdio_ui5_key":"etmportal.ui.managecontracts.view.Detailsap.m.ObjectStatus{\"propertyPath\":\"LINK_TO_LOGISTICAL_STATUS/DESCRIPTION\",\"modelName\":\"catalogModel\"}"}]}
COMMAND: GET /session/ec284260d80df1b286fd1c4360299648/screenshot - {}
RESULT: {"script":"<script> [1562 bytes]","args":[{"selector":{"controlType":"sap.m.ObjectStatus","viewName":"etm.portal.ui.managecontracts.view.Detail","bindingPath":{"propertyPath":"LINK_TO_LOGISTICAL_STATUS/DESCRIPTION","modelName":"catalogModel"}},"wdio_ui5_key":"etmportal.ui.managecontracts.view.Detailsap.m.ObjectStatus{\"propertyPath\":\"LINK_TO_LOGISTICAL_STATUS/DESCRIPTION\",\"modelName\":\"catalogModel\"}"}]}
RESULT: undefined
COMMAND: POST /session/ec284260d80df1b286fd1c4360299648/execute/async - {"script":"<script> [6424 bytes]","args":[{"element-6066-11e4-a52e-4f735466cecf":"f.B9CB64A859AAC9ED11F02B17526367C4.d.690B156F44E80F1DD62523A75773CA14.e.10694"},"getText",[]]}
RESULT: {}
RESULT: {"script":"<script> [6424 bytes]","args":[{"element-6066-11e4-a52e-4f735466cecf":"f.B9CB64A859AAC9ED11F02B17526367C4.d.690B156F44E80F1DD62523A75773CA14.e.10694"},"getText",[]]}
]]></system-out>
    </testcase>
    <testcase classname="chrome.135_0_7049_42.windows.Standard_contract_close-reopen_US111278" name="Should reopen the contract" time="10.363">
      <system-out><![CDATA[
COMMAND: POST /session/ec284260d80df1b286fd1c4360299648/execute/async - {"script":"<script> [1562 bytes]","args":[{"selector":{"id":"openContractBtn","viewName":"etm.portal.ui.managecontracts.view.Detail"},"wdio_ui5_key":"openContractBtnetmportal.ui.managecontracts.view.Detail"}]}
RESULT: {"script":"<script> [1562 bytes]","args":[{"selector":{"id":"openContractBtn","viewName":"etm.portal.ui.managecontracts.view.Detail"},"wdio_ui5_key":"openContractBtnetmportal.ui.managecontracts.view.Detail"}]}
RESULT: undefined
COMMAND: POST /session/ec284260d80df1b286fd1c4360299648/execute/async - {"script":"<script> [6424 bytes]","args":[{"element-6066-11e4-a52e-4f735466cecf":"f.B9CB64A859AAC9ED11F02B17526367C4.d.690B156F44E80F1DD62523A75773CA14.e.10673"},"getEnabled",[]]}
RESULT: {"script":"<script> [6424 bytes]","args":[{"element-6066-11e4-a52e-4f735466cecf":"f.B9CB64A859AAC9ED11F02B17526367C4.d.690B156F44E80F1DD62523A75773CA14.e.10673"},"getEnabled",[]]}
COMMAND: POST /session/ec284260d80df1b286fd1c4360299648/element - {"using":"xpath","value":"//bdi[contains(text(), \"Edit\")]"}
RESULT: {"using":"xpath","value":"//bdi[contains(text(), \"Edit\")]"}
COMMAND: POST /session/ec284260d80df1b286fd1c4360299648/element - {"using":"xpath","value":"//bdi[contains(text(), \"Edit\")]"}
RESULT: undefined
COMMAND: POST /session/ec284260d80df1b286fd1c4360299648/element - {"using":"xpath","value":"//*[@id=\"__xmlview64--openContractBtn\"]"}
RESULT: {"using":"xpath","value":"//bdi[contains(text(), \"Edit\")]"}
RESULT: {"using":"xpath","value":"//*[@id=\"__xmlview64--openContractBtn\"]"}
COMMAND: POST /session/ec284260d80df1b286fd1c4360299648/element/f.B9CB64A859AAC9ED11F02B17526367C4.d.690B156F44E80F1DD62523A75773CA14.e.10673/click - {}
RESULT: {}
COMMAND: POST /session/ec284260d80df1b286fd1c4360299648/execute/async - {"script":"<script> [1562 bytes]","args":[{"selector":{"controlType":"sap.m.Text","properties":{"text":"Contract has been reopened successfully"},"searchOpenDialogs":true},"wdio_ui5_key":"sapm.Text{\"text\":\"Contract has been reopened successfully\"}"}]}
COMMAND: GET /session/ec284260d80df1b286fd1c4360299648/screenshot - {}
RESULT: {"script":"<script> [1562 bytes]","args":[{"selector":{"controlType":"sap.m.Text","properties":{"text":"Contract has been reopened successfully"},"searchOpenDialogs":true},"wdio_ui5_key":"sapm.Text{\"text\":\"Contract has been reopened successfully\"}"}]}
RESULT: undefined
COMMAND: POST /session/ec284260d80df1b286fd1c4360299648/execute/async - {"script":"<script> [6424 bytes]","args":[{"element-6066-11e4-a52e-4f735466cecf":"f.B9CB64A859AAC9ED11F02B17526367C4.d.690B156F44E80F1DD62523A75773CA14.e.10697"},"getText",[]]}
RESULT: {}
RESULT: {"script":"<script> [6424 bytes]","args":[{"element-6066-11e4-a52e-4f735466cecf":"f.B9CB64A859AAC9ED11F02B17526367C4.d.690B156F44E80F1DD62523A75773CA14.e.10697"},"getText",[]]}
COMMAND: POST /session/ec284260d80df1b286fd1c4360299648/element - {"using":"xpath","value":"//bdi[contains(text(), \"OK\")]"}
RESULT: {"using":"xpath","value":"//bdi[contains(text(), \"OK\")]"}
COMMAND: POST /session/ec284260d80df1b286fd1c4360299648/element/f.B9CB64A859AAC9ED11F02B17526367C4.d.690B156F44E80F1DD62523A75773CA14.e.10698/click - {}
RESULT: {}
COMMAND: GET /session/ec284260d80df1b286fd1c4360299648/screenshot - {}
RESULT: {}
COMMAND: POST /session/ec284260d80df1b286fd1c4360299648/element - {"using":"xpath","value":"//bdi[contains(text(), \"Edit\")]"}
RESULT: undefined
COMMAND: POST /session/ec284260d80df1b286fd1c4360299648/execute/async - {"script":"<script> [6424 bytes]","args":[{"element-6066-11e4-a52e-4f735466cecf":"f.B9CB64A859AAC9ED11F02B17526367C4.d.690B156F44E80F1DD62523A75773CA14.e.10434"},"getEnabled",[]]}
RESULT: {"using":"xpath","value":"//bdi[contains(text(), \"Edit\")]"}
COMMAND: POST /session/ec284260d80df1b286fd1c4360299648/execute/sync - {"script":"<script> [8489 bytes]","args":[{"element-6066-11e4-a52e-4f735466cecf":"f.B9CB64A859AAC9ED11F02B17526367C4.d.690B156F44E80F1DD62523A75773CA14.e.10699","ELEMENT":"f.B9CB64A859AAC9ED11F02B17526367C4.d.690B156F44E80F1DD62523A75773CA14.e.10699"}]}
COMMAND: POST /session/ec284260d80df1b286fd1c4360299648/execute/async - {"script":"<script> [1562 bytes]","args":[{"selector":{"id":"closeContractBtn","viewName":"etm.portal.ui.managecontracts.view.Detail"},"wdio_ui5_key":"closeContractBtnetmportal.ui.managecontracts.view.Detail"}]}
RESULT: {"script":"<script> [8489 bytes]","args":[{"element-6066-11e4-a52e-4f735466cecf":"f.B9CB64A859AAC9ED11F02B17526367C4.d.690B156F44E80F1DD62523A75773CA14.e.10699","ELEMENT":"f.B9CB64A859AAC9ED11F02B17526367C4.d.690B156F44E80F1DD62523A75773CA14.e.10699"}]}
COMMAND: GET /session/ec284260d80df1b286fd1c4360299648/screenshot - {}
RESULT: {"script":"<script> [1562 bytes]","args":[{"selector":{"id":"closeContractBtn","viewName":"etm.portal.ui.managecontracts.view.Detail"},"wdio_ui5_key":"closeContractBtnetmportal.ui.managecontracts.view.Detail"}]}
COMMAND: POST /session/ec284260d80df1b286fd1c4360299648/execute/async - {"script":"<script> [6424 bytes]","args":[{"element-6066-11e4-a52e-4f735466cecf":"f.B9CB64A859AAC9ED11F02B17526367C4.d.690B156F44E80F1DD62523A75773CA14.e.10700"},"getEnabled",[]]}
RESULT: {}
RESULT: {"script":"<script> [6424 bytes]","args":[{"element-6066-11e4-a52e-4f735466cecf":"f.B9CB64A859AAC9ED11F02B17526367C4.d.690B156F44E80F1DD62523A75773CA14.e.10700"},"getEnabled",[]]}
]]></system-out>
    </testcase>
    <testcase classname="chrome.135_0_7049_42.windows.Standard_contract_close-reopen_US111278" name="Should verify for multiple statuses that open button is not visible" time="105.485">
      <system-out><![CDATA[
COMMAND: POST /session/ec284260d80df1b286fd1c4360299648/execute/async - {"script":"<script> [1562 bytes]","args":[{"selector":{"controlType":"sap.ui.core.Icon","viewName":"etm.portal.ui.managecontracts.view.Detail","properties":{"src":{"regex":{"source":"decline"}}}},"wdio_ui5_key":"etmportal.ui.managecontracts.view.Detailsap.ui.core.Icon{\"src\":{\"regex\":{\"source\":\"decline\"}}}"}]}
RESULT: {"script":"<script> [1562 bytes]","args":[{"selector":{"controlType":"sap.ui.core.Icon","viewName":"etm.portal.ui.managecontracts.view.Detail","properties":{"src":{"regex":{"source":"decline"}}}},"wdio_ui5_key":"etmportal.ui.managecontracts.view.Detailsap.ui.core.Icon{\"src\":{\"regex\":{\"source\":\"decline\"}}}"}]}
RESULT: undefined
COMMAND: POST /session/ec284260d80df1b286fd1c4360299648/element - {"using":"xpath","value":"//*[@id=\"__xmlview64--closeColumnBtn-img\"]"}
RESULT: {"using":"xpath","value":"//*[@id=\"__xmlview64--closeColumnBtn-img\"]"}
COMMAND: POST /session/ec284260d80df1b286fd1c4360299648/element/f.B9CB64A859AAC9ED11F02B17526367C4.d.690B156F44E80F1DD62523A75773CA14.e.10670/click - {}
RESULT: {}
COMMAND: GET /session/ec284260d80df1b286fd1c4360299648/screenshot - {}
COMMAND: POST /session/ec284260d80df1b286fd1c4360299648/element - {"using":"xpath","value":"//div[contains(@id ,\"smartContractFilterBar-btnBasicSearch-reset\")]"}
RESULT: {}
RESULT: {"using":"xpath","value":"//div[contains(@id ,\"smartContractFilterBar-btnBasicSearch-reset\")]"}
COMMAND: POST /session/ec284260d80df1b286fd1c4360299648/element/f.B9CB64A859AAC9ED11F02B17526367C4.d.690B156F44E80F1DD62523A75773CA14.e.10710/click - {}
RESULT: {}
COMMAND: GET /session/ec284260d80df1b286fd1c4360299648/screenshot - {}
COMMAND: POST /session/ec284260d80df1b286fd1c4360299648/execute/async - {"script":"<script> [1562 bytes]","args":[{"selector":{"controlType":"sap.ui.core.Icon","viewName":"etm.portal.ui.managecontracts.view.Master","properties":{"src":{"regex":{"source":"slim\\-arrow\\-down"}}},"ancestor":{"id":"smartContractStatusFilter","viewName":"etm.portal.ui.managecontracts.view.Master"}},"wdio_ui5_key":"etmportal.ui.managecontracts.view.Mastersap.ui.core.Icon{\"src\":{\"regex\":{\"source\":\"slim\\\\-arrow\\\\-down\"}}}{\"id\":\"smartContractStatusFilter\",\"viewName\":\"etm.portal.ui.managecontracts.view.Master\"}"}]}
RESULT: {}
RESULT: {"script":"<script> [1562 bytes]","args":[{"selector":{"controlType":"sap.ui.core.Icon","viewName":"etm.portal.ui.managecontracts.view.Master","properties":{"src":{"regex":{"source":"slim\\-arrow\\-down"}}},"ancestor":{"id":"smartContractStatusFilter","viewName":"etm.portal.ui.managecontracts.view.Master"}},"wdio_ui5_key":"etmportal.ui.managecontracts.view.Mastersap.ui.core.Icon{\"src\":{\"regex\":{\"source\":\"slim\\\\-arrow\\\\-down\"}}}{\"id\":\"smartContractStatusFilter\",\"viewName\":\"etm.portal.ui.managecontracts.view.Master\"}"}]}
RESULT: undefined
COMMAND: POST /session/ec284260d80df1b286fd1c4360299648/element - {"using":"xpath","value":"//*[@id=\"__xmlview63--smartContractStatusFilter-arrow\"]"}
RESULT: {"using":"xpath","value":"//*[@id=\"__xmlview63--smartContractStatusFilter-arrow\"]"}
COMMAND: POST /session/ec284260d80df1b286fd1c4360299648/element/f.B9CB64A859AAC9ED11F02B17526367C4.d.690B156F44E80F1DD62523A75773CA14.e.10745/click - {}
RESULT: {}
COMMAND: POST /session/ec284260d80df1b286fd1c4360299648/execute/async - {"script":"<script> [1562 bytes]","args":[{"selector":{"controlType":"sap.m.CheckBox","viewName":"etm.portal.ui.managecontracts.view.Master","properties":{"editable":true},"searchOpenDialogs":true,"ancestor":{"controlType":"sap.m.StandardListItem","viewName":"etm.portal.ui.managecontracts.view.Master","properties":{"title":"partial provided"},"searchOpenDialogs":true},"interaction":{"idSuffix":"CbBg"}},"wdio_ui5_key":"etmportal.ui.managecontracts.view.Mastersap.m.CheckBox{\"editable\":true}{\"controlType\":\"sap.m.StandardListItem\",\"viewName\":\"etm.portal.ui.managecontracts.view.Master\",\"properties\":{\"title\":\"partial provided\"},\"searchOpenDialogs\":true}"}]}
COMMAND: GET /session/ec284260d80df1b286fd1c4360299648/screenshot - {}
RESULT: {"script":"<script> [1562 bytes]","args":[{"selector":{"controlType":"sap.m.CheckBox","viewName":"etm.portal.ui.managecontracts.view.Master","properties":{"editable":true},"searchOpenDialogs":true,"ancestor":{"controlType":"sap.m.StandardListItem","viewName":"etm.portal.ui.managecontracts.view.Master","properties":{"title":"partial provided"},"searchOpenDialogs":true},"interaction":{"idSuffix":"CbBg"}},"wdio_ui5_key":"etmportal.ui.managecontracts.view.Mastersap.m.CheckBox{\"editable\":true}{\"controlType\":\"sap.m.StandardListItem\",\"viewName\":\"etm.portal.ui.managecontracts.view.Master\",\"properties\":{\"title\":\"partial provided\"},\"searchOpenDialogs\":true}"}]}
RESULT: undefined
COMMAND: POST /session/ec284260d80df1b286fd1c4360299648/element - {"using":"xpath","value":"//*[@id=\"__item1091-selectMulti\"]"}
RESULT: {}
RESULT: {"using":"xpath","value":"//*[@id=\"__item1091-selectMulti\"]"}
COMMAND: POST /session/ec284260d80df1b286fd1c4360299648/element/f.B9CB64A859AAC9ED11F02B17526367C4.d.690B156F44E80F1DD62523A75773CA14.e.10756/click - {}
RESULT: {}
COMMAND: GET /session/ec284260d80df1b286fd1c4360299648/screenshot - {}
RESULT: {}
COMMAND: POST /session/ec284260d80df1b286fd1c4360299648/element - {"using":"xpath","value":"(//span[contains(@title ,\"Navigation\")])[2]"}
RESULT: {"using":"xpath","value":"(//span[contains(@title ,\"Navigation\")])[2]"}
COMMAND: POST /session/ec284260d80df1b286fd1c4360299648/element/f.B9CB64A859AAC9ED11F02B17526367C4.d.690B156F44E80F1DD62523A75773CA14.e.10790/click - {}
RESULT: {}
COMMAND: GET /session/ec284260d80df1b286fd1c4360299648/screenshot - {}
RESULT: {}
COMMAND: POST /session/ec284260d80df1b286fd1c4360299648/element - {"using":"xpath","value":"//bdi[contains(@id ,\"closeContractBtn-BDI-content\")]"}
RESULT: {"using":"xpath","value":"//bdi[contains(@id ,\"closeContractBtn-BDI-content\")]"}
COMMAND: POST /session/ec284260d80df1b286fd1c4360299648/element - {"using":"xpath","value":"//bdi[contains(@id ,\"closeContractBtn-BDI-content\")]"}
RESULT: undefined
COMMAND: POST /session/ec284260d80df1b286fd1c4360299648/element - {"using":"xpath","value":"//*[@id=\"__xmlview64--closeColumnBtn-img\"]"}
RESULT: {"using":"xpath","value":"//*[@id=\"__xmlview64--closeColumnBtn-img\"]"}
COMMAND: POST /session/ec284260d80df1b286fd1c4360299648/element/f.B9CB64A859AAC9ED11F02B17526367C4.d.690B156F44E80F1DD62523A75773CA14.e.10670/click - {}
RESULT: {"using":"xpath","value":"//bdi[contains(@id ,\"closeContractBtn-BDI-content\")]"}
RESULT: {}
COMMAND: GET /session/ec284260d80df1b286fd1c4360299648/screenshot - {}
COMMAND: POST /session/ec284260d80df1b286fd1c4360299648/refresh - {}
RESULT: {}
RESULT: {}
COMMAND: GET /session/ec284260d80df1b286fd1c4360299648/screenshot - {}
RESULT: {}
RESULT: undefined
RESULT: undefined
COMMAND: POST /session/ec284260d80df1b286fd1c4360299648/refresh - {}
RESULT: {}
COMMAND: GET /session/ec284260d80df1b286fd1c4360299648/screenshot - {}
RESULT: {}
COMMAND: POST /session/ec284260d80df1b286fd1c4360299648/execute/async - {"script":"<script> [189 bytes]","args":[]}
RESULT: {"script":"<script> [189 bytes]","args":[]}
COMMAND: POST /session/ec284260d80df1b286fd1c4360299648/execute/async - {"script":"<script> [123 bytes]","args":[]}
RESULT: {"script":"<script> [123 bytes]","args":[]}
COMMAND: POST /session/ec284260d80df1b286fd1c4360299648/timeouts - {"script":"<number>"}
RESULT: {"script":"<number>"}
COMMAND: GET /session/ec284260d80df1b286fd1c4360299648/timeouts - {}
RESULT: {}
RESULT: undefined
COMMAND: POST /session/ec284260d80df1b286fd1c4360299648/execute/async - {"script":"<script> [2676 bytes]","args":[]}
RESULT: {"script":"<script> [2676 bytes]","args":[]}
COMMAND: POST /session/ec284260d80df1b286fd1c4360299648/execute/async - {"script":"<script> [2342 bytes]","args":[{"protocol":"http","hostname":"0.0.0.0","path":"/","capabilities":{"browserName":"chrome","goog:chromeOptions":{"binary":"C:\\Program Files\\Google\\Chrome\\Application\\chrome.exe","args":["--force-device-scale-factor=0.8","--start-maximized"]}},"logLevel":"warn","connectionRetryTimeout":120000,"connectionRetryCount":3,"logLevels":{},"enableDirectConnect":true,"strictSSL":true,"_":"65 more keys: [\"cacheDir\",\"port\",\"requestedCapabilities\",\"automationProtocol\",\"baseUrl\",\"waitforInterval\",\"waitforTimeout\",\"onReload\",\"beforeCommand\",\"afterCommand\",\"rootDir\",\"specs\",\"suites\",\"exclude\",\"groupLogsByTestSpec\",\"excludeDriverLogs\",\"bail\",\"framework\",\"reporters\",\"services\",\"maxInstances\",\"maxInstancesPerCapability\",\"injectGlobals\",\"filesToWatch\",\"execArgv\",\"runnerEnv\",\"runner\",\"shard\",\"specFileRetries\",\"specFileRetriesDelay\",\"specFileRetriesDeferred\",\"reporterSyncInterval\",\"reporterSyncTimeout\",\"cucumberFeaturesWithLineNumbers\",\"autoCompileOpts\",\"mochaOpts\",\"jasmineOpts\",\"cucumberOpts\",\"onPrepare\",\"onWorkerStart\",\"onWorkerEnd\",\"before\",\"beforeSession\",\"beforeSuite\",\"beforeHook\",\"beforeTest\",\"afterTest\",\"afterHook\",\"afterSuite\",\"afterSession\",\"after\",\"onComplete\",\"beforeAssertion\",\"afterAssertion\",\"beforeFeature\",\"beforeScenario\",\"beforeStep\",\"afterStep\",\"afterScenario\",\"afterFeature\",\"_\",\"suite\",\"$0\",\"ignoredWorkerServices\",\"wdi5\"]"}]}
RESULT: undefined
RESULT: undefined
RESULT: {"script":"<script> [2342 bytes]","args":[{"protocol":"http","hostname":"0.0.0.0","path":"/","capabilities":{"browserName":"chrome","goog:chromeOptions":{"binary":"C:\\Program Files\\Google\\Chrome\\Application\\chrome.exe","args":["--force-device-scale-factor=0.8","--start-maximized"]}},"logLevel":"warn","connectionRetryTimeout":120000,"connectionRetryCount":3,"logLevels":{},"enableDirectConnect":true,"strictSSL":true,"_":"65 more keys: [\"cacheDir\",\"port\",\"requestedCapabilities\",\"automationProtocol\",\"baseUrl\",\"waitforInterval\",\"waitforTimeout\",\"onReload\",\"beforeCommand\",\"afterCommand\",\"rootDir\",\"specs\",\"suites\",\"exclude\",\"groupLogsByTestSpec\",\"excludeDriverLogs\",\"bail\",\"framework\",\"reporters\",\"services\",\"maxInstances\",\"maxInstancesPerCapability\",\"injectGlobals\",\"filesToWatch\",\"execArgv\",\"runnerEnv\",\"runner\",\"shard\",\"specFileRetries\",\"specFileRetriesDelay\",\"specFileRetriesDeferred\",\"reporterSyncInterval\",\"reporterSyncTimeout\",\"cucumberFeaturesWithLineNumbers\",\"autoCompileOpts\",\"mochaOpts\",\"jasmineOpts\",\"cucumberOpts\",\"onPrepare\",\"onWorkerStart\",\"onWorkerEnd\",\"before\",\"beforeSession\",\"beforeSuite\",\"beforeHook\",\"beforeTest\",\"afterTest\",\"afterHook\",\"afterSuite\",\"afterSession\",\"after\",\"onComplete\",\"beforeAssertion\",\"afterAssertion\",\"beforeFeature\",\"beforeScenario\",\"beforeStep\",\"afterStep\",\"afterScenario\",\"afterFeature\",\"_\",\"suite\",\"$0\",\"ignoredWorkerServices\",\"wdi5\"]"}]}
COMMAND: POST /session/ec284260d80df1b286fd1c4360299648/execute/async - {"script":"<script> [21126 bytes]","args":[35000]}
RESULT: {"script":"<script> [21126 bytes]","args":[35000]}
COMMAND: POST /session/ec284260d80df1b286fd1c4360299648/execute/async - {"script":"<script> [1562 bytes]","args":[{"selector":{"controlType":"sap.ui.core.Icon","viewName":"etm.portal.ui.managecontracts.view.Master","properties":{"src":{"regex":{"source":"slim\\-arrow\\-down"}}},"ancestor":{"id":"smartContractStatusFilter","viewName":"etm.portal.ui.managecontracts.view.Master"}},"wdio_ui5_key":"etmportal.ui.managecontracts.view.Mastersap.ui.core.Icon{\"src\":{\"regex\":{\"source\":\"slim\\\\-arrow\\\\-down\"}}}{\"id\":\"smartContractStatusFilter\",\"viewName\":\"etm.portal.ui.managecontracts.view.Master\"}"}]}
RESULT: {"script":"<script> [1562 bytes]","args":[{"selector":{"controlType":"sap.ui.core.Icon","viewName":"etm.portal.ui.managecontracts.view.Master","properties":{"src":{"regex":{"source":"slim\\-arrow\\-down"}}},"ancestor":{"id":"smartContractStatusFilter","viewName":"etm.portal.ui.managecontracts.view.Master"}},"wdio_ui5_key":"etmportal.ui.managecontracts.view.Mastersap.ui.core.Icon{\"src\":{\"regex\":{\"source\":\"slim\\\\-arrow\\\\-down\"}}}{\"id\":\"smartContractStatusFilter\",\"viewName\":\"etm.portal.ui.managecontracts.view.Master\"}"}]}
RESULT: undefined
COMMAND: POST /session/ec284260d80df1b286fd1c4360299648/element - {"using":"xpath","value":"//*[@id=\"__xmlview0--smartContractStatusFilter-arrow\"]"}
RESULT: {"using":"xpath","value":"//*[@id=\"__xmlview0--smartContractStatusFilter-arrow\"]"}
COMMAND: POST /session/ec284260d80df1b286fd1c4360299648/element/f.B9CB64A859AAC9ED11F02B17526367C4.d.2A31A11D09F78440DDE38B77E10914F6.e.11281/click - {}
RESULT: {}
COMMAND: GET /session/ec284260d80df1b286fd1c4360299648/screenshot - {}
RESULT: {}
COMMAND: POST /session/ec284260d80df1b286fd1c4360299648/execute/async - {"script":"<script> [1562 bytes]","args":[{"selector":{"controlType":"sap.m.CheckBox","viewName":"etm.portal.ui.managecontracts.view.Master","properties":{"editable":true},"searchOpenDialogs":true,"ancestor":{"controlType":"sap.m.StandardListItem","viewName":"etm.portal.ui.managecontracts.view.Master","properties":{"title":"partial billed"},"searchOpenDialogs":true},"interaction":{"idSuffix":"CbBg"}},"wdio_ui5_key":"etmportal.ui.managecontracts.view.Mastersap.m.CheckBox{\"editable\":true}{\"controlType\":\"sap.m.StandardListItem\",\"viewName\":\"etm.portal.ui.managecontracts.view.Master\",\"properties\":{\"title\":\"partial billed\"},\"searchOpenDialogs\":true}"}]}
RESULT: {"script":"<script> [1562 bytes]","args":[{"selector":{"controlType":"sap.m.CheckBox","viewName":"etm.portal.ui.managecontracts.view.Master","properties":{"editable":true},"searchOpenDialogs":true,"ancestor":{"controlType":"sap.m.StandardListItem","viewName":"etm.portal.ui.managecontracts.view.Master","properties":{"title":"partial billed"},"searchOpenDialogs":true},"interaction":{"idSuffix":"CbBg"}},"wdio_ui5_key":"etmportal.ui.managecontracts.view.Mastersap.m.CheckBox{\"editable\":true}{\"controlType\":\"sap.m.StandardListItem\",\"viewName\":\"etm.portal.ui.managecontracts.view.Master\",\"properties\":{\"title\":\"partial billed\"},\"searchOpenDialogs\":true}"}]}
RESULT: undefined
COMMAND: POST /session/ec284260d80df1b286fd1c4360299648/element - {"using":"xpath","value":"//*[@id=\"__item41-selectMulti\"]"}
RESULT: {"using":"xpath","value":"//*[@id=\"__item41-selectMulti\"]"}
COMMAND: POST /session/ec284260d80df1b286fd1c4360299648/element/f.B9CB64A859AAC9ED11F02B17526367C4.d.2A31A11D09F78440DDE38B77E10914F6.e.11291/click - {}
RESULT: {}
COMMAND: GET /session/ec284260d80df1b286fd1c4360299648/screenshot - {}
RESULT: {}
COMMAND: POST /session/ec284260d80df1b286fd1c4360299648/element - {"using":"xpath","value":"(//span[contains(@title ,\"Navigation\")])[2]"}
RESULT: {"using":"xpath","value":"(//span[contains(@title ,\"Navigation\")])[2]"}
COMMAND: POST /session/ec284260d80df1b286fd1c4360299648/element/f.B9CB64A859AAC9ED11F02B17526367C4.d.2A31A11D09F78440DDE38B77E10914F6.e.11353/click - {}
RESULT: {}
COMMAND: GET /session/ec284260d80df1b286fd1c4360299648/screenshot - {}
RESULT: {}
COMMAND: POST /session/ec284260d80df1b286fd1c4360299648/element - {"using":"xpath","value":"//bdi[contains(@id ,\"closeContractBtn-BDI-content\")]"}
RESULT: {"using":"xpath","value":"//bdi[contains(@id ,\"closeContractBtn-BDI-content\")]"}
COMMAND: POST /session/ec284260d80df1b286fd1c4360299648/element - {"using":"css selector","value":"#shell-header-logo"}
RESULT: {"using":"css selector","value":"#shell-header-logo"}
COMMAND: POST /session/ec284260d80df1b286fd1c4360299648/element/f.B9CB64A859AAC9ED11F02B17526367C4.d.2A31A11D09F78440DDE38B77E10914F6.e.11188/click - {}
RESULT: {}
COMMAND: GET /session/ec284260d80df1b286fd1c4360299648/screenshot - {}
RESULT: {}
]]></system-out>
    </testcase>
  </testsuite>
  <testsuite timestamp="2025-04-14T18:14:46" time="50.981" tests="1" failures="0" errors="0" skipped="0">
    <properties>
      <property name="specId" value="0"/>
      <property name="suiteName" value="Standard contract decline US151279"/>
      <property name="capabilities" value="chrome.135_0_7049_42.windows"/>
      <property name="file" value="file:///D:/a/1/s/test/specs/R2C/standard-contract-decline.spec.js"/>
    </properties>
    <testcase classname="chrome.135_0_7049_42.windows.Standard_contract_decline_US151279" name="Should decline a contract" time="47.672">
      <system-out><![CDATA[
COMMAND: POST /session/ec284260d80df1b286fd1c4360299648/execute/async - {"script":"<script> [1562 bytes]","args":[{"selector":{"controlType":"sap.m.GenericTile","properties":{"header":"Manage Contracts"}},"wdio_ui5_key":"sapm.GenericTile{\"header\":\"Manage Contracts\"}"}]}
RESULT: {"script":"<script> [1562 bytes]","args":[{"selector":{"controlType":"sap.m.GenericTile","properties":{"header":"Manage Contracts"}},"wdio_ui5_key":"sapm.GenericTile{\"header\":\"Manage Contracts\"}"}]}
RESULT: undefined
COMMAND: POST /session/ec284260d80df1b286fd1c4360299648/element - {"using":"xpath","value":"//*[@id=\"__tile130\"]"}
RESULT: {"using":"xpath","value":"//*[@id=\"__tile130\"]"}
COMMAND: POST /session/ec284260d80df1b286fd1c4360299648/element/f.B9CB64A859AAC9ED11F02B17526367C4.d.2A31A11D09F78440DDE38B77E10914F6.e.11866/click - {}
RESULT: {}
COMMAND: GET /session/ec284260d80df1b286fd1c4360299648/screenshot - {}
RESULT: {}
RESULT: undefined
COMMAND: POST /session/ec284260d80df1b286fd1c4360299648/element - {"using":"xpath","value":"//input[contains(@id ,\"smartContractFilterBar-btnBasicSearch-I\")]"}
RESULT: {"using":"xpath","value":"//input[contains(@id ,\"smartContractFilterBar-btnBasicSearch-I\")]"}
COMMAND: POST /session/ec284260d80df1b286fd1c4360299648/element/f.B9CB64A859AAC9ED11F02B17526367C4.d.2A31A11D09F78440DDE38B77E10914F6.e.11877/clear - {}
RESULT: {}
COMMAND: POST /session/ec284260d80df1b286fd1c4360299648/element/f.B9CB64A859AAC9ED11F02B17526367C4.d.2A31A11D09F78440DDE38B77E10914F6.e.11877/value - {"text":"10230"}
COMMAND: GET /session/ec284260d80df1b286fd1c4360299648/screenshot - {}
RESULT: {"text":"10230"}
COMMAND: POST /session/ec284260d80df1b286fd1c4360299648/actions - {"actions":[{"id":"action43","type":"key","parameters":{},"actions":[{"type":"keyDown","value":""},{"type":"pause","duration":10},{"type":"keyUp","value":""}]}]}
COMMAND: GET /session/ec284260d80df1b286fd1c4360299648/screenshot - {}
RESULT: {}
RESULT: {"actions":[{"id":"action43","type":"key","parameters":{},"actions":[{"type":"keyDown","value":""},{"type":"pause","duration":10},{"type":"keyUp","value":""}]}]}
COMMAND: GET /session/ec284260d80df1b286fd1c4360299648/screenshot - {}
RESULT: {}
RESULT: {}
COMMAND: POST /session/ec284260d80df1b286fd1c4360299648/execute/async - {"script":"<script> [1562 bytes]","args":[{"selector":{"controlType":"sap.ui.core.Icon","viewName":"etm.portal.ui.managecontracts.view.Master","properties":{"src":{"regex":{"source":"slim\\-arrow\\-right"}}}},"wdio_ui5_key":"etmportal.ui.managecontracts.view.Mastersap.ui.core.Icon{\"src\":{\"regex\":{\"source\":\"slim\\\\-arrow\\\\-right\"}}}"}]}
RESULT: {"script":"<script> [1562 bytes]","args":[{"selector":{"controlType":"sap.ui.core.Icon","viewName":"etm.portal.ui.managecontracts.view.Master","properties":{"src":{"regex":{"source":"slim\\-arrow\\-right"}}}},"wdio_ui5_key":"etmportal.ui.managecontracts.view.Mastersap.ui.core.Icon{\"src\":{\"regex\":{\"source\":\"slim\\\\-arrow\\\\-right\"}}}"}]}
RESULT: undefined
COMMAND: POST /session/ec284260d80df1b286fd1c4360299648/element - {"using":"xpath","value":"//*[@id=\"__item80-__clone184-imgNav\"]"}
RESULT: {"using":"xpath","value":"//*[@id=\"__item80-__clone184-imgNav\"]"}
COMMAND: POST /session/ec284260d80df1b286fd1c4360299648/element/f.B9CB64A859AAC9ED11F02B17526367C4.d.2A31A11D09F78440DDE38B77E10914F6.e.11909/click - {}
RESULT: {}
COMMAND: GET /session/ec284260d80df1b286fd1c4360299648/screenshot - {}
RESULT: {}
COMMAND: POST /session/ec284260d80df1b286fd1c4360299648/execute/async - {"script":"<script> [1562 bytes]","args":[{"selector":{"id":"cancelContractBtn","viewName":"etm.portal.ui.managecontracts.view.Detail","interaction":{"idSuffix":"BDI-content"}},"wdio_ui5_key":"cancelContractBtnetmportal.ui.managecontracts.view.Detail"}]}
RESULT: {"script":"<script> [1562 bytes]","args":[{"selector":{"id":"cancelContractBtn","viewName":"etm.portal.ui.managecontracts.view.Detail","interaction":{"idSuffix":"BDI-content"}},"wdio_ui5_key":"cancelContractBtnetmportal.ui.managecontracts.view.Detail"}]}
RESULT: undefined
COMMAND: POST /session/ec284260d80df1b286fd1c4360299648/element - {"using":"xpath","value":"//*[@id=\"__xmlview61--cancelContractBtn\"]"}
RESULT: {"using":"xpath","value":"//*[@id=\"__xmlview61--cancelContractBtn\"]"}
COMMAND: POST /session/ec284260d80df1b286fd1c4360299648/element/f.B9CB64A859AAC9ED11F02B17526367C4.d.2A31A11D09F78440DDE38B77E10914F6.e.12080/click - {}
RESULT: {}
COMMAND: GET /session/ec284260d80df1b286fd1c4360299648/screenshot - {}
RESULT: {}
COMMAND: POST /session/ec284260d80df1b286fd1c4360299648/execute/async - {"script":"<script> [1562 bytes]","args":[{"selector":{"controlType":"sap.m.Text","properties":{"text":"Do you want to cancel the whole contract?"},"searchOpenDialogs":true},"wdio_ui5_key":"sapm.Text{\"text\":\"Do you want to cancel the whole contract?\"}"}]}
RESULT: {"script":"<script> [1562 bytes]","args":[{"selector":{"controlType":"sap.m.Text","properties":{"text":"Do you want to cancel the whole contract?"},"searchOpenDialogs":true},"wdio_ui5_key":"sapm.Text{\"text\":\"Do you want to cancel the whole contract?\"}"}]}
RESULT: undefined
COMMAND: POST /session/ec284260d80df1b286fd1c4360299648/execute/async - {"script":"<script> [6424 bytes]","args":[{"element-6066-11e4-a52e-4f735466cecf":"f.B9CB64A859AAC9ED11F02B17526367C4.d.2A31A11D09F78440DDE38B77E10914F6.e.12124"},"getText",[]]}
RESULT: {"script":"<script> [6424 bytes]","args":[{"element-6066-11e4-a52e-4f735466cecf":"f.B9CB64A859AAC9ED11F02B17526367C4.d.2A31A11D09F78440DDE38B77E10914F6.e.12124"},"getText",[]]}
COMMAND: POST /session/ec284260d80df1b286fd1c4360299648/element - {"using":"xpath","value":"//bdi[contains(text(), \"OK\")]"}
RESULT: {"using":"xpath","value":"//bdi[contains(text(), \"OK\")]"}
COMMAND: POST /session/ec284260d80df1b286fd1c4360299648/element/f.B9CB64A859AAC9ED11F02B17526367C4.d.2A31A11D09F78440DDE38B77E10914F6.e.12125/click - {}
RESULT: {}
COMMAND: GET /session/ec284260d80df1b286fd1c4360299648/screenshot - {}
RESULT: {}
COMMAND: POST /session/ec284260d80df1b286fd1c4360299648/element - {"using":"xpath","value":"//input[contains(@id ,\"smartContractFilterBar-btnBasicSearch-I\")]"}
RESULT: {"using":"xpath","value":"//input[contains(@id ,\"smartContractFilterBar-btnBasicSearch-I\")]"}
COMMAND: POST /session/ec284260d80df1b286fd1c4360299648/element/f.B9CB64A859AAC9ED11F02B17526367C4.d.2A31A11D09F78440DDE38B77E10914F6.e.11877/clear - {}
RESULT: {}
COMMAND: POST /session/ec284260d80df1b286fd1c4360299648/element/f.B9CB64A859AAC9ED11F02B17526367C4.d.2A31A11D09F78440DDE38B77E10914F6.e.11877/value - {"text":"10230"}
COMMAND: GET /session/ec284260d80df1b286fd1c4360299648/screenshot - {}
RESULT: {"text":"10230"}
COMMAND: POST /session/ec284260d80df1b286fd1c4360299648/actions - {"actions":[{"id":"action44","type":"key","parameters":{},"actions":[{"type":"keyDown","value":""},{"type":"pause","duration":10},{"type":"keyUp","value":""}]}]}
COMMAND: GET /session/ec284260d80df1b286fd1c4360299648/screenshot - {}
RESULT: {}
RESULT: {"actions":[{"id":"action44","type":"key","parameters":{},"actions":[{"type":"keyDown","value":""},{"type":"pause","duration":10},{"type":"keyUp","value":""}]}]}
COMMAND: GET /session/ec284260d80df1b286fd1c4360299648/screenshot - {}
RESULT: {}
RESULT: {}
COMMAND: POST /session/ec284260d80df1b286fd1c4360299648/execute/async - {"script":"<script> [1562 bytes]","args":[{"selector":{"controlType":"sap.m.ObjectStatus","viewName":"etm.portal.ui.managecontracts.view.Master","bindingPath":{"path":"/SmartContractHeaders('10230')","propertyPath":"STATUS_DESCRIPTION"}},"wdio_ui5_key":"etmportal.ui.managecontracts.view.Mastersap.m.ObjectStatus{\"path\":\"/SmartContractHeaders('10230')\",\"propertyPath\":\"STATUS_DESCRIPTION\"}"}]}
RESULT: {"script":"<script> [1562 bytes]","args":[{"selector":{"controlType":"sap.m.ObjectStatus","viewName":"etm.portal.ui.managecontracts.view.Master","bindingPath":{"path":"/SmartContractHeaders('10230')","propertyPath":"STATUS_DESCRIPTION"}},"wdio_ui5_key":"etmportal.ui.managecontracts.view.Mastersap.m.ObjectStatus{\"path\":\"/SmartContractHeaders('10230')\",\"propertyPath\":\"STATUS_DESCRIPTION\"}"}]}
RESULT: undefined
COMMAND: POST /session/ec284260d80df1b286fd1c4360299648/execute/async - {"script":"<script> [6424 bytes]","args":[{"element-6066-11e4-a52e-4f735466cecf":"f.B9CB64A859AAC9ED11F02B17526367C4.d.2A31A11D09F78440DDE38B77E10914F6.e.12184"},"getText",[]]}
RESULT: {"script":"<script> [6424 bytes]","args":[{"element-6066-11e4-a52e-4f735466cecf":"f.B9CB64A859AAC9ED11F02B17526367C4.d.2A31A11D09F78440DDE38B77E10914F6.e.12184"},"getText",[]]}
RESULT: undefined
COMMAND: POST /session/ec284260d80df1b286fd1c4360299648/element - {"using":"xpath","value":"//*[@id=\"__item80-__clone184-imgNav\"]"}
RESULT: {"using":"xpath","value":"//*[@id=\"__item80-__clone184-imgNav\"]"}
COMMAND: POST /session/ec284260d80df1b286fd1c4360299648/element/f.B9CB64A859AAC9ED11F02B17526367C4.d.2A31A11D09F78440DDE38B77E10914F6.e.11909/click - {}
RESULT: {}
COMMAND: GET /session/ec284260d80df1b286fd1c4360299648/screenshot - {}
RESULT: {}
COMMAND: POST /session/ec284260d80df1b286fd1c4360299648/execute/async - {"script":"<script> [1562 bytes]","args":[{"selector":{"controlType":"sap.m.ObjectStatus","viewName":"etm.portal.ui.managecontracts.view.Detail","bindingPath":{"path":"/SmartContractItems(CONTRACT='10230',ITEM=10m,SUB_ITEM=0m)","propertyPath":"STATUS"}},"wdio_ui5_key":"etmportal.ui.managecontracts.view.Detailsap.m.ObjectStatus{\"path\":\"/SmartContractItems(CONTRACT='10230',ITEM=10m,SUB_ITEM=0m)\",\"propertyPath\":\"STATUS\"}"}]}
RESULT: {"script":"<script> [1562 bytes]","args":[{"selector":{"controlType":"sap.m.ObjectStatus","viewName":"etm.portal.ui.managecontracts.view.Detail","bindingPath":{"path":"/SmartContractItems(CONTRACT='10230',ITEM=10m,SUB_ITEM=0m)","propertyPath":"STATUS"}},"wdio_ui5_key":"etmportal.ui.managecontracts.view.Detailsap.m.ObjectStatus{\"path\":\"/SmartContractItems(CONTRACT='10230',ITEM=10m,SUB_ITEM=0m)\",\"propertyPath\":\"STATUS\"}"}]}
RESULT: undefined
COMMAND: POST /session/ec284260d80df1b286fd1c4360299648/execute/async - {"script":"<script> [6424 bytes]","args":[{"element-6066-11e4-a52e-4f735466cecf":"f.B9CB64A859AAC9ED11F02B17526367C4.d.2A31A11D09F78440DDE38B77E10914F6.e.12200"},"getText",[]]}
RESULT: {"script":"<script> [6424 bytes]","args":[{"element-6066-11e4-a52e-4f735466cecf":"f.B9CB64A859AAC9ED11F02B17526367C4.d.2A31A11D09F78440DDE38B77E10914F6.e.12200"},"getText",[]]}
COMMAND: DELETE /session/ec284260d80df1b286fd1c4360299648 - {}
RESULT: {}
]]></system-out>
    </testcase>
  </testsuite>
</testsuites>