<?xml version="1.0" encoding="UTF-8"?>
<testsuites tests="48" failures="0" errors="0" skipped="0">
  <testsuite timestamp="2025-05-06T05:54:11" time="918.27" tests="12" failures="0" errors="0" skipped="0">
    <properties>
      <property name="specId" value="0" />
      <property name="suiteName" value="Billing Transfer - Master data &amp; Intercompany US127250" />
      <property name="capabilities" value="chrome.135_0_7049_96.windows" />
      <property name="file" value="file:///D:/a/1/s/test/specs/BTS/billing-transfer-intercompany.spec.js" />
    </properties>
    <testcase classname="chrome.135_0_7049_96.windows.Billing_Transfer_-_Master_data_&amp;_Intercompany_US127250" name="Should create a new yard" time="94.562">
      <system-out><![CDATA[
COMMAND: POST /session/999fc64afd1230ec64a2dd58c909e126/window/fullscreen - {}
RESULT: {}
COMMAND: POST /session/999fc64afd1230ec64a2dd58c909e126/execute/async - {"script":"<script> [1562 bytes]","args":[{"selector":{"controlType":"sap.m.GenericTile","properties":{"header":"Manage Yards"}},"wdio_ui5_key":"sapm.GenericTile{\"header\":\"Manage Yards\"}"}]}
RESULT: {"script":"<script> [1562 bytes]","args":[{"selector":{"controlType":"sap.m.GenericTile","properties":{"header":"Manage Yards"}},"wdio_ui5_key":"sapm.GenericTile{\"header\":\"Manage Yards\"}"}]}
RESULT: undefined
COMMAND: POST /session/999fc64afd1230ec64a2dd58c909e126/element - {"using":"xpath","value":"//*[@id=\"__tile41\"]"}
RESULT: {"using":"xpath","value":"//*[@id=\"__tile41\"]"}
COMMAND: POST /session/999fc64afd1230ec64a2dd58c909e126/element/f.8D00E63E7445179AA59B17F8E6C27F98.d.1A486FDE4BA29721121857AAA53702E4.e.159/click - {}
RESULT: {}
COMMAND: POST /session/999fc64afd1230ec64a2dd58c909e126/element - {"using":"xpath","value":"//button[@data-kt=\"addNewYardOverflowToolbarButton\"]"}
COMMAND: GET /session/999fc64afd1230ec64a2dd58c909e126/screenshot - {}
RESULT: {"using":"xpath","value":"//button[@data-kt=\"addNewYardOverflowToolbarButton\"]"}
COMMAND: POST /session/999fc64afd1230ec64a2dd58c909e126/elements - {"using":"xpath","value":"//button[@data-kt=\"addNewYardOverflowToolbarButton\"]"}
RESULT: {}
RESULT: {"using":"xpath","value":"//button[@data-kt=\"addNewYardOverflowToolbarButton\"]"}
COMMAND: POST /session/999fc64afd1230ec64a2dd58c909e126/elements - {"using":"xpath","value":"//button[@data-kt=\"addNewYardOverflowToolbarButton\"]"}
RESULT: {"using":"xpath","value":"//button[@data-kt=\"addNewYardOverflowToolbarButton\"]"}
COMMAND: POST /session/999fc64afd1230ec64a2dd58c909e126/elements - {"using":"xpath","value":"//button[@data-kt=\"addNewYardOverflowToolbarButton\"]"}
RESULT: {"using":"xpath","value":"//button[@data-kt=\"addNewYardOverflowToolbarButton\"]"}
COMMAND: POST /session/999fc64afd1230ec64a2dd58c909e126/elements - {"using":"xpath","value":"//button[@data-kt=\"addNewYardOverflowToolbarButton\"]"}
RESULT: {"using":"xpath","value":"//button[@data-kt=\"addNewYardOverflowToolbarButton\"]"}
COMMAND: POST /session/999fc64afd1230ec64a2dd58c909e126/elements - {"using":"xpath","value":"//button[@data-kt=\"addNewYardOverflowToolbarButton\"]"}
RESULT: {"using":"xpath","value":"//button[@data-kt=\"addNewYardOverflowToolbarButton\"]"}
COMMAND: POST /session/999fc64afd1230ec64a2dd58c909e126/elements - {"using":"xpath","value":"//button[@data-kt=\"addNewYardOverflowToolbarButton\"]"}
RESULT: {"using":"xpath","value":"//button[@data-kt=\"addNewYardOverflowToolbarButton\"]"}
COMMAND: POST /session/999fc64afd1230ec64a2dd58c909e126/elements - {"using":"xpath","value":"//button[@data-kt=\"addNewYardOverflowToolbarButton\"]"}
RESULT: {"using":"xpath","value":"//button[@data-kt=\"addNewYardOverflowToolbarButton\"]"}
COMMAND: POST /session/999fc64afd1230ec64a2dd58c909e126/elements - {"using":"xpath","value":"//button[@data-kt=\"addNewYardOverflowToolbarButton\"]"}
RESULT: {"using":"xpath","value":"//button[@data-kt=\"addNewYardOverflowToolbarButton\"]"}
COMMAND: POST /session/999fc64afd1230ec64a2dd58c909e126/elements - {"using":"xpath","value":"//button[@data-kt=\"addNewYardOverflowToolbarButton\"]"}
RESULT: {"using":"xpath","value":"//button[@data-kt=\"addNewYardOverflowToolbarButton\"]"}
COMMAND: POST /session/999fc64afd1230ec64a2dd58c909e126/elements - {"using":"xpath","value":"//button[@data-kt=\"addNewYardOverflowToolbarButton\"]"}
RESULT: {"using":"xpath","value":"//button[@data-kt=\"addNewYardOverflowToolbarButton\"]"}
COMMAND: POST /session/999fc64afd1230ec64a2dd58c909e126/elements - {"using":"xpath","value":"//button[@data-kt=\"addNewYardOverflowToolbarButton\"]"}
RESULT: {"using":"xpath","value":"//button[@data-kt=\"addNewYardOverflowToolbarButton\"]"}
COMMAND: POST /session/999fc64afd1230ec64a2dd58c909e126/elements - {"using":"xpath","value":"//button[@data-kt=\"addNewYardOverflowToolbarButton\"]"}
RESULT: {"using":"xpath","value":"//button[@data-kt=\"addNewYardOverflowToolbarButton\"]"}
COMMAND: POST /session/999fc64afd1230ec64a2dd58c909e126/elements - {"using":"xpath","value":"//button[@data-kt=\"addNewYardOverflowToolbarButton\"]"}
RESULT: {"using":"xpath","value":"//button[@data-kt=\"addNewYardOverflowToolbarButton\"]"}
COMMAND: POST /session/999fc64afd1230ec64a2dd58c909e126/elements - {"using":"xpath","value":"//button[@data-kt=\"addNewYardOverflowToolbarButton\"]"}
RESULT: {"using":"xpath","value":"//button[@data-kt=\"addNewYardOverflowToolbarButton\"]"}
COMMAND: POST /session/999fc64afd1230ec64a2dd58c909e126/elements - {"using":"xpath","value":"//button[@data-kt=\"addNewYardOverflowToolbarButton\"]"}
RESULT: {"using":"xpath","value":"//button[@data-kt=\"addNewYardOverflowToolbarButton\"]"}
COMMAND: POST /session/999fc64afd1230ec64a2dd58c909e126/elements - {"using":"xpath","value":"//button[@data-kt=\"addNewYardOverflowToolbarButton\"]"}
RESULT: {"using":"xpath","value":"//button[@data-kt=\"addNewYardOverflowToolbarButton\"]"}
COMMAND: POST /session/999fc64afd1230ec64a2dd58c909e126/elements - {"using":"xpath","value":"//button[@data-kt=\"addNewYardOverflowToolbarButton\"]"}
RESULT: {"using":"xpath","value":"//button[@data-kt=\"addNewYardOverflowToolbarButton\"]"}
COMMAND: POST /session/999fc64afd1230ec64a2dd58c909e126/elements - {"using":"xpath","value":"//button[@data-kt=\"addNewYardOverflowToolbarButton\"]"}
RESULT: {"using":"xpath","value":"//button[@data-kt=\"addNewYardOverflowToolbarButton\"]"}
COMMAND: POST /session/999fc64afd1230ec64a2dd58c909e126/elements - {"using":"xpath","value":"//button[@data-kt=\"addNewYardOverflowToolbarButton\"]"}
RESULT: {"using":"xpath","value":"//button[@data-kt=\"addNewYardOverflowToolbarButton\"]"}
COMMAND: POST /session/999fc64afd1230ec64a2dd58c909e126/element - {"using":"xpath","value":"//button[@data-kt=\"addNewYardOverflowToolbarButton\"]"}
RESULT: {"using":"xpath","value":"//button[@data-kt=\"addNewYardOverflowToolbarButton\"]"}
COMMAND: POST /session/999fc64afd1230ec64a2dd58c909e126/execute/sync - {"script":"<script> [8489 bytes]","args":[{"element-6066-11e4-a52e-4f735466cecf":"f.8D00E63E7445179AA59B17F8E6C27F98.d.1A486FDE4BA29721121857AAA53702E4.e.294","ELEMENT":"f.8D00E63E7445179AA59B17F8E6C27F98.d.1A486FDE4BA29721121857AAA53702E4.e.294"}]}
RESULT: {"script":"<script> [8489 bytes]","args":[{"element-6066-11e4-a52e-4f735466cecf":"f.8D00E63E7445179AA59B17F8E6C27F98.d.1A486FDE4BA29721121857AAA53702E4.e.294","ELEMENT":"f.8D00E63E7445179AA59B17F8E6C27F98.d.1A486FDE4BA29721121857AAA53702E4.e.294"}]}
COMMAND: GET /session/999fc64afd1230ec64a2dd58c909e126/element/f.8D00E63E7445179AA59B17F8E6C27F98.d.1A486FDE4BA29721121857AAA53702E4.e.294/enabled - {}
COMMAND: GET /session/999fc64afd1230ec64a2dd58c909e126/screenshot - {}
RESULT: {}
COMMAND: POST /session/999fc64afd1230ec64a2dd58c909e126/execute/sync - {"script":"<script> [8489 bytes]","args":[{"element-6066-11e4-a52e-4f735466cecf":"f.8D00E63E7445179AA59B17F8E6C27F98.d.1A486FDE4BA29721121857AAA53702E4.e.294","ELEMENT":"f.8D00E63E7445179AA59B17F8E6C27F98.d.1A486FDE4BA29721121857AAA53702E4.e.294"}]}
COMMAND: GET /session/999fc64afd1230ec64a2dd58c909e126/screenshot - {}
RESULT: {}
RESULT: {"script":"<script> [8489 bytes]","args":[{"element-6066-11e4-a52e-4f735466cecf":"f.8D00E63E7445179AA59B17F8E6C27F98.d.1A486FDE4BA29721121857AAA53702E4.e.294","ELEMENT":"f.8D00E63E7445179AA59B17F8E6C27F98.d.1A486FDE4BA29721121857AAA53702E4.e.294"}]}
COMMAND: POST /session/999fc64afd1230ec64a2dd58c909e126/execute/sync - {"script":"<script> [5351 bytes]","args":[{"element-6066-11e4-a52e-4f735466cecf":"f.8D00E63E7445179AA59B17F8E6C27F98.d.1A486FDE4BA29721121857AAA53702E4.e.294","ELEMENT":"f.8D00E63E7445179AA59B17F8E6C27F98.d.1A486FDE4BA29721121857AAA53702E4.e.294"}]}
COMMAND: GET /session/999fc64afd1230ec64a2dd58c909e126/screenshot - {}
RESULT: {}
RESULT: {"script":"<script> [5351 bytes]","args":[{"element-6066-11e4-a52e-4f735466cecf":"f.8D00E63E7445179AA59B17F8E6C27F98.d.1A486FDE4BA29721121857AAA53702E4.e.294","ELEMENT":"f.8D00E63E7445179AA59B17F8E6C27F98.d.1A486FDE4BA29721121857AAA53702E4.e.294"}]}
COMMAND: POST /session/999fc64afd1230ec64a2dd58c909e126/element/f.8D00E63E7445179AA59B17F8E6C27F98.d.1A486FDE4BA29721121857AAA53702E4.e.294/click - {}
COMMAND: GET /session/999fc64afd1230ec64a2dd58c909e126/screenshot - {}
RESULT: {}
RESULT: {}
COMMAND: GET /session/999fc64afd1230ec64a2dd58c909e126/screenshot - {}
RESULT: {}
COMMAND: POST /session/999fc64afd1230ec64a2dd58c909e126/element - {"using":"xpath","value":"//input[@id=\"application-manageyards-display-component---NewYard--yardId-inner\"]"}
RESULT: {}
RESULT: {"using":"xpath","value":"//input[@id=\"application-manageyards-display-component---NewYard--yardId-inner\"]"}
COMMAND: POST /session/999fc64afd1230ec64a2dd58c909e126/element - {"using":"xpath","value":"//input[@id=\"application-manageyards-display-component---NewYard--yardId-inner\"]"}
RESULT: {"using":"xpath","value":"//input[@id=\"application-manageyards-display-component---NewYard--yardId-inner\"]"}
COMMAND: POST /session/999fc64afd1230ec64a2dd58c909e126/execute/async - {"script":"<script> [1562 bytes]","args":[{"selector":{"id":"application-manageyards-display-component---NewYard--addressDetailDetailsName1","interaction":{"idSuffix":"inner"}},"wdio_ui5_key":"applicationmanageyards-display-component---NewYard--addressDetailDetailsName1"}]}
RESULT: {"script":"<script> [1562 bytes]","args":[{"selector":{"id":"application-manageyards-display-component---NewYard--addressDetailDetailsName1","interaction":{"idSuffix":"inner"}},"wdio_ui5_key":"applicationmanageyards-display-component---NewYard--addressDetailDetailsName1"}]}
RESULT: undefined
COMMAND: POST /session/999fc64afd1230ec64a2dd58c909e126/execute/async - {"script":"<script> [776 bytes]","args":[{"enterText":"Intercompany Yard wdIO","selector":{"id":"application-manageyards-display-component---NewYard--addressDetailDetailsName1","interaction":{"idSuffix":"inner"}},"clearTextFirst":true,"interactionType":"ENTER_TEXT"}]}
RESULT: {"script":"<script> [776 bytes]","args":[{"enterText":"Intercompany Yard wdIO","selector":{"id":"application-manageyards-display-component---NewYard--addressDetailDetailsName1","interaction":{"idSuffix":"inner"}},"clearTextFirst":true,"interactionType":"ENTER_TEXT"}]}
COMMAND: POST /session/999fc64afd1230ec64a2dd58c909e126/execute/async - {"script":"<script> [1562 bytes]","args":[{"selector":{"id":"application-manageyards-display-component---NewYard--addressDetailDetailsLanguage-arrow"},"wdio_ui5_key":"applicationmanageyards-display-component---NewYard--addressDetailDetailsLanguage-arrow"}]}
RESULT: {"script":"<script> [1562 bytes]","args":[{"selector":{"id":"application-manageyards-display-component---NewYard--addressDetailDetailsLanguage-arrow"},"wdio_ui5_key":"applicationmanageyards-display-component---NewYard--addressDetailDetailsLanguage-arrow"}]}
RESULT: undefined
COMMAND: POST /session/999fc64afd1230ec64a2dd58c909e126/element - {"using":"xpath","value":"//*[@id=\"application-manageyards-display-component---NewYard--addressDetailDetailsLanguage-arrow\"]"}
RESULT: {"using":"xpath","value":"//*[@id=\"application-manageyards-display-component---NewYard--addressDetailDetailsLanguage-arrow\"]"}
COMMAND: POST /session/999fc64afd1230ec64a2dd58c909e126/element/f.8D00E63E7445179AA59B17F8E6C27F98.d.1A486FDE4BA29721121857AAA53702E4.e.735/click - {}
RESULT: {}
COMMAND: POST /session/999fc64afd1230ec64a2dd58c909e126/element - {"using":"xpath","value":"//span[contains(text(), \"English\")]"}
COMMAND: GET /session/999fc64afd1230ec64a2dd58c909e126/screenshot - {}
RESULT: {"using":"xpath","value":"//span[contains(text(), \"English\")]"}
COMMAND: POST /session/999fc64afd1230ec64a2dd58c909e126/element/f.8D00E63E7445179AA59B17F8E6C27F98.d.1A486FDE4BA29721121857AAA53702E4.e.736/click - {}
RESULT: {}
RESULT: {}
COMMAND: POST /session/999fc64afd1230ec64a2dd58c909e126/execute/async - {"script":"<script> [1562 bytes]","args":[{"selector":{"id":"application-manageyards-display-component---NewYard--addressDetailDetailsCity1","interaction":{"idSuffix":"inner"}},"wdio_ui5_key":"applicationmanageyards-display-component---NewYard--addressDetailDetailsCity1"}]}
COMMAND: GET /session/999fc64afd1230ec64a2dd58c909e126/screenshot - {}
RESULT: {"script":"<script> [1562 bytes]","args":[{"selector":{"id":"application-manageyards-display-component---NewYard--addressDetailDetailsCity1","interaction":{"idSuffix":"inner"}},"wdio_ui5_key":"applicationmanageyards-display-component---NewYard--addressDetailDetailsCity1"}]}
RESULT: undefined
COMMAND: POST /session/999fc64afd1230ec64a2dd58c909e126/execute/async - {"script":"<script> [776 bytes]","args":[{"enterText":"Rosario","selector":{"id":"application-manageyards-display-component---NewYard--addressDetailDetailsCity1","interaction":{"idSuffix":"inner"}},"clearTextFirst":true,"interactionType":"ENTER_TEXT"}]}
RESULT: {}
RESULT: {"script":"<script> [776 bytes]","args":[{"enterText":"Rosario","selector":{"id":"application-manageyards-display-component---NewYard--addressDetailDetailsCity1","interaction":{"idSuffix":"inner"}},"clearTextFirst":true,"interactionType":"ENTER_TEXT"}]}
COMMAND: POST /session/999fc64afd1230ec64a2dd58c909e126/execute/async - {"script":"<script> [1562 bytes]","args":[{"selector":{"id":"application-manageyards-display-component---NewYard--addressDetailDetailsCountry-arrow"},"wdio_ui5_key":"applicationmanageyards-display-component---NewYard--addressDetailDetailsCountry-arrow"}]}
RESULT: {"script":"<script> [1562 bytes]","args":[{"selector":{"id":"application-manageyards-display-component---NewYard--addressDetailDetailsCountry-arrow"},"wdio_ui5_key":"applicationmanageyards-display-component---NewYard--addressDetailDetailsCountry-arrow"}]}
RESULT: undefined
COMMAND: POST /session/999fc64afd1230ec64a2dd58c909e126/element - {"using":"xpath","value":"//*[@id=\"application-manageyards-display-component---NewYard--addressDetailDetailsCountry-arrow\"]"}
RESULT: {"using":"xpath","value":"//*[@id=\"application-manageyards-display-component---NewYard--addressDetailDetailsCountry-arrow\"]"}
COMMAND: POST /session/999fc64afd1230ec64a2dd58c909e126/element/f.8D00E63E7445179AA59B17F8E6C27F98.d.1A486FDE4BA29721121857AAA53702E4.e.738/click - {}
RESULT: {}
COMMAND: POST /session/999fc64afd1230ec64a2dd58c909e126/element - {"using":"xpath","value":"//span[contains(text(), \"Argentina\")]"}
COMMAND: GET /session/999fc64afd1230ec64a2dd58c909e126/screenshot - {}
RESULT: {"using":"xpath","value":"//span[contains(text(), \"Argentina\")]"}
COMMAND: POST /session/999fc64afd1230ec64a2dd58c909e126/element/f.8D00E63E7445179AA59B17F8E6C27F98.d.1A486FDE4BA29721121857AAA53702E4.e.739/click - {}
RESULT: {}
RESULT: {}
COMMAND: POST /session/999fc64afd1230ec64a2dd58c909e126/execute/async - {"script":"<script> [1562 bytes]","args":[{"selector":{"id":"application-manageyards-display-component---NewYard--addressEditDetailsCostObjectCstType-arrow"},"wdio_ui5_key":"applicationmanageyards-display-component---NewYard--addressEditDetailsCostObjectCstType-arrow"}]}
COMMAND: GET /session/999fc64afd1230ec64a2dd58c909e126/screenshot - {}
RESULT: {"script":"<script> [1562 bytes]","args":[{"selector":{"id":"application-manageyards-display-component---NewYard--addressEditDetailsCostObjectCstType-arrow"},"wdio_ui5_key":"applicationmanageyards-display-component---NewYard--addressEditDetailsCostObjectCstType-arrow"}]}
RESULT: undefined
COMMAND: POST /session/999fc64afd1230ec64a2dd58c909e126/element - {"using":"xpath","value":"//*[@id=\"application-manageyards-display-component---NewYard--addressEditDetailsCostObjectCstType-arrow\"]"}
RESULT: {}
RESULT: {"using":"xpath","value":"//*[@id=\"application-manageyards-display-component---NewYard--addressEditDetailsCostObjectCstType-arrow\"]"}
COMMAND: POST /session/999fc64afd1230ec64a2dd58c909e126/element/f.8D00E63E7445179AA59B17F8E6C27F98.d.1A486FDE4BA29721121857AAA53702E4.e.741/click - {}
RESULT: {}
COMMAND: POST /session/999fc64afd1230ec64a2dd58c909e126/element - {"using":"xpath","value":"//span[contains(text(), \"Cost Center\")]"}
COMMAND: GET /session/999fc64afd1230ec64a2dd58c909e126/screenshot - {}
RESULT: {"using":"xpath","value":"//span[contains(text(), \"Cost Center\")]"}
COMMAND: POST /session/999fc64afd1230ec64a2dd58c909e126/element/f.8D00E63E7445179AA59B17F8E6C27F98.d.1A486FDE4BA29721121857AAA53702E4.e.742/click - {}
RESULT: {}
RESULT: {}
COMMAND: GET /session/999fc64afd1230ec64a2dd58c909e126/screenshot - {}
RESULT: {}
COMMAND: POST /session/999fc64afd1230ec64a2dd58c909e126/element - {"using":"xpath","value":"//span[@id=\"application-manageyards-display-component---NewYard--addressNewCostObjectCstID-vhi\"]"}
RESULT: {"using":"xpath","value":"//span[@id=\"application-manageyards-display-component---NewYard--addressNewCostObjectCstID-vhi\"]"}
COMMAND: POST /session/999fc64afd1230ec64a2dd58c909e126/execute/sync - {"script":"<script> [8489 bytes]","args":[{"element-6066-11e4-a52e-4f735466cecf":"f.8D00E63E7445179AA59B17F8E6C27F98.d.1A486FDE4BA29721121857AAA53702E4.e.746","ELEMENT":"f.8D00E63E7445179AA59B17F8E6C27F98.d.1A486FDE4BA29721121857AAA53702E4.e.746"}]}
RESULT: {"script":"<script> [8489 bytes]","args":[{"element-6066-11e4-a52e-4f735466cecf":"f.8D00E63E7445179AA59B17F8E6C27F98.d.1A486FDE4BA29721121857AAA53702E4.e.746","ELEMENT":"f.8D00E63E7445179AA59B17F8E6C27F98.d.1A486FDE4BA29721121857AAA53702E4.e.746"}]}
COMMAND: POST /session/999fc64afd1230ec64a2dd58c909e126/execute/async - {"script":"<script> [1562 bytes]","args":[{"selector":{"id":"application-manageyards-display-component---NewYard--addressNewCostObjectCstID-vhi"},"wdio_ui5_key":"applicationmanageyards-display-component---NewYard--addressNewCostObjectCstID-vhi"}]}
COMMAND: GET /session/999fc64afd1230ec64a2dd58c909e126/screenshot - {}
RESULT: {"script":"<script> [1562 bytes]","args":[{"selector":{"id":"application-manageyards-display-component---NewYard--addressNewCostObjectCstID-vhi"},"wdio_ui5_key":"applicationmanageyards-display-component---NewYard--addressNewCostObjectCstID-vhi"}]}
RESULT: undefined
COMMAND: POST /session/999fc64afd1230ec64a2dd58c909e126/element - {"using":"xpath","value":"//*[@id=\"application-manageyards-display-component---NewYard--addressNewCostObjectCstID-vhi\"]"}
RESULT: {}
RESULT: {"using":"xpath","value":"//*[@id=\"application-manageyards-display-component---NewYard--addressNewCostObjectCstID-vhi\"]"}
COMMAND: POST /session/999fc64afd1230ec64a2dd58c909e126/element/f.8D00E63E7445179AA59B17F8E6C27F98.d.1A486FDE4BA29721121857AAA53702E4.e.746/click - {}
RESULT: {}
COMMAND: GET /session/999fc64afd1230ec64a2dd58c909e126/screenshot - {}
RESULT: {}
COMMAND: POST /session/999fc64afd1230ec64a2dd58c909e126/execute/async - {"script":"<script> [1562 bytes]","args":[{"selector":{"controlType":"sap.m.SearchField","properties":{"placeholder":"Search"},"searchOpenDialogs":true,"interaction":{"idSuffix":"I"}},"wdio_ui5_key":"sapm.SearchField{\"placeholder\":\"Search\"}"}]}
RESULT: {"script":"<script> [1562 bytes]","args":[{"selector":{"controlType":"sap.m.SearchField","properties":{"placeholder":"Search"},"searchOpenDialogs":true,"interaction":{"idSuffix":"I"}},"wdio_ui5_key":"sapm.SearchField{\"placeholder\":\"Search\"}"}]}
RESULT: undefined
COMMAND: POST /session/999fc64afd1230ec64a2dd58c909e126/execute/async - {"script":"<script> [776 bytes]","args":[{"enterText":"10001013","selector":{"controlType":"sap.m.SearchField","properties":{"placeholder":"Search"},"searchOpenDialogs":true,"interaction":{"idSuffix":"I"}},"clearTextFirst":true,"interactionType":"ENTER_TEXT"}]}
RESULT: {"script":"<script> [776 bytes]","args":[{"enterText":"10001013","selector":{"controlType":"sap.m.SearchField","properties":{"placeholder":"Search"},"searchOpenDialogs":true,"interaction":{"idSuffix":"I"}},"clearTextFirst":true,"interactionType":"ENTER_TEXT"}]}
COMMAND: POST /session/999fc64afd1230ec64a2dd58c909e126/actions - {"actions":[{"id":"action1","type":"key","parameters":{},"actions":[{"type":"keyDown","value":"î€‡"},{"type":"pause","duration":10},{"type":"keyUp","value":"î€‡"}]}]}
RESULT: {"actions":[{"id":"action1","type":"key","parameters":{},"actions":[{"type":"keyDown","value":"î€‡"},{"type":"pause","duration":10},{"type":"keyUp","value":"î€‡"}]}]}
COMMAND: GET /session/999fc64afd1230ec64a2dd58c909e126/screenshot - {}
RESULT: {}
COMMAND: POST /session/999fc64afd1230ec64a2dd58c909e126/element - {"using":"xpath","value":"//span[contains(text(), \"General Management\")]"}
RESULT: {"using":"xpath","value":"//span[contains(text(), \"General Management\")]"}
COMMAND: POST /session/999fc64afd1230ec64a2dd58c909e126/element/f.8D00E63E7445179AA59B17F8E6C27F98.d.1A486FDE4BA29721121857AAA53702E4.e.787/click - {}
RESULT: {}
COMMAND: GET /session/999fc64afd1230ec64a2dd58c909e126/screenshot - {}
RESULT: {}
COMMAND: POST /session/999fc64afd1230ec64a2dd58c909e126/element - {"using":"xpath","value":"//bdi[contains(text(), \"OK\")]"}
RESULT: {"using":"xpath","value":"//bdi[contains(text(), \"OK\")]"}
COMMAND: POST /session/999fc64afd1230ec64a2dd58c909e126/element/f.8D00E63E7445179AA59B17F8E6C27F98.d.1A486FDE4BA29721121857AAA53702E4.e.788/click - {}
RESULT: {}
COMMAND: GET /session/999fc64afd1230ec64a2dd58c909e126/screenshot - {}
RESULT: {}
COMMAND: POST /session/999fc64afd1230ec64a2dd58c909e126/execute/async - {"script":"<script> [1562 bytes]","args":[{"selector":{"id":"application-manageyards-display-component---NewYard--addressEditDetailsCurrency-arrow"},"wdio_ui5_key":"applicationmanageyards-display-component---NewYard--addressEditDetailsCurrency-arrow"}]}
RESULT: {"script":"<script> [1562 bytes]","args":[{"selector":{"id":"application-manageyards-display-component---NewYard--addressEditDetailsCurrency-arrow"},"wdio_ui5_key":"applicationmanageyards-display-component---NewYard--addressEditDetailsCurrency-arrow"}]}
RESULT: undefined
COMMAND: POST /session/999fc64afd1230ec64a2dd58c909e126/element - {"using":"xpath","value":"//*[@id=\"application-manageyards-display-component---NewYard--addressEditDetailsCurrency-arrow\"]"}
RESULT: {"using":"xpath","value":"//*[@id=\"application-manageyards-display-component---NewYard--addressEditDetailsCurrency-arrow\"]"}
COMMAND: POST /session/999fc64afd1230ec64a2dd58c909e126/element/f.8D00E63E7445179AA59B17F8E6C27F98.d.1A486FDE4BA29721121857AAA53702E4.e.791/click - {}
RESULT: {}
COMMAND: POST /session/999fc64afd1230ec64a2dd58c909e126/element - {"using":"xpath","value":"//span[contains(text(), \"Euro\")]"}
COMMAND: GET /session/999fc64afd1230ec64a2dd58c909e126/screenshot - {}
RESULT: {"using":"xpath","value":"//span[contains(text(), \"Euro\")]"}
COMMAND: POST /session/999fc64afd1230ec64a2dd58c909e126/element/f.8D00E63E7445179AA59B17F8E6C27F98.d.1A486FDE4BA29721121857AAA53702E4.e.792/click - {}
RESULT: {}
RESULT: {}
COMMAND: POST /session/999fc64afd1230ec64a2dd58c909e126/execute/async - {"script":"<script> [1562 bytes]","args":[{"selector":{"controlType":"sap.m.Input","viewName":"etm.portal.ui.manageyards.view.New","viewId":"application-manageyards-display-component---NewYard","bindingPath":{"path":"","propertyPath":"/CONTROLLING_AREA","modelName":"NewYardModel"},"interaction":{"idSuffix":"inner"}},"wdio_ui5_key":"etmportal.ui.manageyards.view.Newsap.m.Input{\"path\":\"\",\"propertyPath\":\"/CONTROLLING_AREA\",\"modelName\":\"NewYardModel\"}"}]}
COMMAND: GET /session/999fc64afd1230ec64a2dd58c909e126/screenshot - {}
RESULT: {"script":"<script> [1562 bytes]","args":[{"selector":{"controlType":"sap.m.Input","viewName":"etm.portal.ui.manageyards.view.New","viewId":"application-manageyards-display-component---NewYard","bindingPath":{"path":"","propertyPath":"/CONTROLLING_AREA","modelName":"NewYardModel"},"interaction":{"idSuffix":"inner"}},"wdio_ui5_key":"etmportal.ui.manageyards.view.Newsap.m.Input{\"path\":\"\",\"propertyPath\":\"/CONTROLLING_AREA\",\"modelName\":\"NewYardModel\"}"}]}
RESULT: undefined
COMMAND: POST /session/999fc64afd1230ec64a2dd58c909e126/execute/async - {"script":"<script> [776 bytes]","args":[{"enterText":"Z001","selector":{"controlType":"sap.m.Input","viewName":"etm.portal.ui.manageyards.view.New","viewId":"application-manageyards-display-component---NewYard","bindingPath":{"path":"","propertyPath":"/CONTROLLING_AREA","modelName":"NewYardModel"},"interaction":{"idSuffix":"inner"}},"clearTextFirst":true,"interactionType":"ENTER_TEXT"}]}
RESULT: {}
RESULT: {"script":"<script> [776 bytes]","args":[{"enterText":"Z001","selector":{"controlType":"sap.m.Input","viewName":"etm.portal.ui.manageyards.view.New","viewId":"application-manageyards-display-component---NewYard","bindingPath":{"path":"","propertyPath":"/CONTROLLING_AREA","modelName":"NewYardModel"},"interaction":{"idSuffix":"inner"}},"clearTextFirst":true,"interactionType":"ENTER_TEXT"}]}
COMMAND: POST /session/999fc64afd1230ec64a2dd58c909e126/execute/async - {"script":"<script> [1562 bytes]","args":[{"selector":{"id":"application-manageyards-display-component---NewYard--companyCodeComboBox","interaction":{"idSuffix":"inner"}},"wdio_ui5_key":"applicationmanageyards-display-component---NewYard--companyCodeComboBox"}]}
RESULT: {"script":"<script> [1562 bytes]","args":[{"selector":{"id":"application-manageyards-display-component---NewYard--companyCodeComboBox","interaction":{"idSuffix":"inner"}},"wdio_ui5_key":"applicationmanageyards-display-component---NewYard--companyCodeComboBox"}]}
RESULT: undefined
COMMAND: POST /session/999fc64afd1230ec64a2dd58c909e126/execute/async - {"script":"<script> [776 bytes]","args":[{"enterText":"1000","selector":{"id":"application-manageyards-display-component---NewYard--companyCodeComboBox","interaction":{"idSuffix":"inner"}},"clearTextFirst":true,"interactionType":"ENTER_TEXT"}]}
RESULT: {"script":"<script> [776 bytes]","args":[{"enterText":"1000","selector":{"id":"application-manageyards-display-component---NewYard--companyCodeComboBox","interaction":{"idSuffix":"inner"}},"clearTextFirst":true,"interactionType":"ENTER_TEXT"}]}
COMMAND: POST /session/999fc64afd1230ec64a2dd58c909e126/execute/async - {"script":"<script> [1562 bytes]","args":[{"selector":{"controlType":"sap.m.Input","viewName":"etm.portal.ui.manageyards.view.New","viewId":"application-manageyards-display-component---NewYard","bindingPath":{"path":"","propertyPath":"/PLANT","modelName":"NewYardModel"},"interaction":{"idSuffix":"inner"}},"wdio_ui5_key":"etmportal.ui.manageyards.view.Newsap.m.Input{\"path\":\"\",\"propertyPath\":\"/PLANT\",\"modelName\":\"NewYardModel\"}"}]}
RESULT: {"script":"<script> [1562 bytes]","args":[{"selector":{"controlType":"sap.m.Input","viewName":"etm.portal.ui.manageyards.view.New","viewId":"application-manageyards-display-component---NewYard","bindingPath":{"path":"","propertyPath":"/PLANT","modelName":"NewYardModel"},"interaction":{"idSuffix":"inner"}},"wdio_ui5_key":"etmportal.ui.manageyards.view.Newsap.m.Input{\"path\":\"\",\"propertyPath\":\"/PLANT\",\"modelName\":\"NewYardModel\"}"}]}
RESULT: undefined
COMMAND: POST /session/999fc64afd1230ec64a2dd58c909e126/execute/async - {"script":"<script> [776 bytes]","args":[{"enterText":"1001","selector":{"controlType":"sap.m.Input","viewName":"etm.portal.ui.manageyards.view.New","viewId":"application-manageyards-display-component---NewYard","bindingPath":{"path":"","propertyPath":"/PLANT","modelName":"NewYardModel"},"interaction":{"idSuffix":"inner"}},"clearTextFirst":true,"interactionType":"ENTER_TEXT"}]}
RESULT: {"script":"<script> [776 bytes]","args":[{"enterText":"1001","selector":{"controlType":"sap.m.Input","viewName":"etm.portal.ui.manageyards.view.New","viewId":"application-manageyards-display-component---NewYard","bindingPath":{"path":"","propertyPath":"/PLANT","modelName":"NewYardModel"},"interaction":{"idSuffix":"inner"}},"clearTextFirst":true,"interactionType":"ENTER_TEXT"}]}
COMMAND: POST /session/999fc64afd1230ec64a2dd58c909e126/execute/async - {"script":"<script> [1562 bytes]","args":[{"selector":{"controlType":"sap.m.Input","viewName":"etm.portal.ui.manageyards.view.New","viewId":"application-manageyards-display-component---NewYard","bindingPath":{"path":"","propertyPath":"/SALES_AREA_VKORG","modelName":"NewYardModel"},"interaction":{"idSuffix":"inner"}},"wdio_ui5_key":"etmportal.ui.manageyards.view.Newsap.m.Input{\"path\":\"\",\"propertyPath\":\"/SALES_AREA_VKORG\",\"modelName\":\"NewYardModel\"}"}]}
RESULT: {"script":"<script> [1562 bytes]","args":[{"selector":{"controlType":"sap.m.Input","viewName":"etm.portal.ui.manageyards.view.New","viewId":"application-manageyards-display-component---NewYard","bindingPath":{"path":"","propertyPath":"/SALES_AREA_VKORG","modelName":"NewYardModel"},"interaction":{"idSuffix":"inner"}},"wdio_ui5_key":"etmportal.ui.manageyards.view.Newsap.m.Input{\"path\":\"\",\"propertyPath\":\"/SALES_AREA_VKORG\",\"modelName\":\"NewYardModel\"}"}]}
RESULT: undefined
COMMAND: POST /session/999fc64afd1230ec64a2dd58c909e126/execute/async - {"script":"<script> [776 bytes]","args":[{"enterText":"C002","selector":{"controlType":"sap.m.Input","viewName":"etm.portal.ui.manageyards.view.New","viewId":"application-manageyards-display-component---NewYard","bindingPath":{"path":"","propertyPath":"/SALES_AREA_VKORG","modelName":"NewYardModel"},"interaction":{"idSuffix":"inner"}},"clearTextFirst":true,"interactionType":"ENTER_TEXT"}]}
RESULT: {"script":"<script> [776 bytes]","args":[{"enterText":"C002","selector":{"controlType":"sap.m.Input","viewName":"etm.portal.ui.manageyards.view.New","viewId":"application-manageyards-display-component---NewYard","bindingPath":{"path":"","propertyPath":"/SALES_AREA_VKORG","modelName":"NewYardModel"},"interaction":{"idSuffix":"inner"}},"clearTextFirst":true,"interactionType":"ENTER_TEXT"}]}
COMMAND: POST /session/999fc64afd1230ec64a2dd58c909e126/execute/async - {"script":"<script> [1562 bytes]","args":[{"selector":{"controlType":"sap.m.Input","viewName":"etm.portal.ui.manageyards.view.New","viewId":"application-manageyards-display-component---NewYard","bindingPath":{"path":"","propertyPath":"/SALES_AREA_VTWEG","modelName":"NewYardModel"},"interaction":{"idSuffix":"inner"}},"wdio_ui5_key":"etmportal.ui.manageyards.view.Newsap.m.Input{\"path\":\"\",\"propertyPath\":\"/SALES_AREA_VTWEG\",\"modelName\":\"NewYardModel\"}"}]}
RESULT: {"script":"<script> [1562 bytes]","args":[{"selector":{"controlType":"sap.m.Input","viewName":"etm.portal.ui.manageyards.view.New","viewId":"application-manageyards-display-component---NewYard","bindingPath":{"path":"","propertyPath":"/SALES_AREA_VTWEG","modelName":"NewYardModel"},"interaction":{"idSuffix":"inner"}},"wdio_ui5_key":"etmportal.ui.manageyards.view.Newsap.m.Input{\"path\":\"\",\"propertyPath\":\"/SALES_AREA_VTWEG\",\"modelName\":\"NewYardModel\"}"}]}
RESULT: undefined
COMMAND: POST /session/999fc64afd1230ec64a2dd58c909e126/execute/async - {"script":"<script> [776 bytes]","args":[{"enterText":"C2","selector":{"controlType":"sap.m.Input","viewName":"etm.portal.ui.manageyards.view.New","viewId":"application-manageyards-display-component---NewYard","bindingPath":{"path":"","propertyPath":"/SALES_AREA_VTWEG","modelName":"NewYardModel"},"interaction":{"idSuffix":"inner"}},"clearTextFirst":true,"interactionType":"ENTER_TEXT"}]}
RESULT: {"script":"<script> [776 bytes]","args":[{"enterText":"C2","selector":{"controlType":"sap.m.Input","viewName":"etm.portal.ui.manageyards.view.New","viewId":"application-manageyards-display-component---NewYard","bindingPath":{"path":"","propertyPath":"/SALES_AREA_VTWEG","modelName":"NewYardModel"},"interaction":{"idSuffix":"inner"}},"clearTextFirst":true,"interactionType":"ENTER_TEXT"}]}
COMMAND: POST /session/999fc64afd1230ec64a2dd58c909e126/execute/async - {"script":"<script> [1562 bytes]","args":[{"selector":{"controlType":"sap.m.Input","viewName":"etm.portal.ui.manageyards.view.New","viewId":"application-manageyards-display-component---NewYard","bindingPath":{"path":"","propertyPath":"/SALES_AREA_SPART","modelName":"NewYardModel"},"interaction":{"idSuffix":"inner"}},"wdio_ui5_key":"etmportal.ui.manageyards.view.Newsap.m.Input{\"path\":\"\",\"propertyPath\":\"/SALES_AREA_SPART\",\"modelName\":\"NewYardModel\"}"}]}
RESULT: {"script":"<script> [1562 bytes]","args":[{"selector":{"controlType":"sap.m.Input","viewName":"etm.portal.ui.manageyards.view.New","viewId":"application-manageyards-display-component---NewYard","bindingPath":{"path":"","propertyPath":"/SALES_AREA_SPART","modelName":"NewYardModel"},"interaction":{"idSuffix":"inner"}},"wdio_ui5_key":"etmportal.ui.manageyards.view.Newsap.m.Input{\"path\":\"\",\"propertyPath\":\"/SALES_AREA_SPART\",\"modelName\":\"NewYardModel\"}"}]}
RESULT: undefined
COMMAND: POST /session/999fc64afd1230ec64a2dd58c909e126/execute/async - {"script":"<script> [776 bytes]","args":[{"enterText":"C2","selector":{"controlType":"sap.m.Input","viewName":"etm.portal.ui.manageyards.view.New","viewId":"application-manageyards-display-component---NewYard","bindingPath":{"path":"","propertyPath":"/SALES_AREA_SPART","modelName":"NewYardModel"},"interaction":{"idSuffix":"inner"}},"clearTextFirst":true,"interactionType":"ENTER_TEXT"}]}
RESULT: {"script":"<script> [776 bytes]","args":[{"enterText":"C2","selector":{"controlType":"sap.m.Input","viewName":"etm.portal.ui.manageyards.view.New","viewId":"application-manageyards-display-component---NewYard","bindingPath":{"path":"","propertyPath":"/SALES_AREA_SPART","modelName":"NewYardModel"},"interaction":{"idSuffix":"inner"}},"clearTextFirst":true,"interactionType":"ENTER_TEXT"}]}
COMMAND: POST /session/999fc64afd1230ec64a2dd58c909e126/execute/async - {"script":"<script> [1562 bytes]","args":[{"selector":{"controlType":"sap.m.Input","viewName":"etm.portal.ui.manageyards.view.New","viewId":"application-manageyards-display-component---NewYard","bindingPath":{"path":"","propertyPath":"/SHIP_POINT","modelName":"NewYardModel"},"interaction":{"idSuffix":"inner"}},"wdio_ui5_key":"etmportal.ui.manageyards.view.Newsap.m.Input{\"path\":\"\",\"propertyPath\":\"/SHIP_POINT\",\"modelName\":\"NewYardModel\"}"}]}
RESULT: {"script":"<script> [1562 bytes]","args":[{"selector":{"controlType":"sap.m.Input","viewName":"etm.portal.ui.manageyards.view.New","viewId":"application-manageyards-display-component---NewYard","bindingPath":{"path":"","propertyPath":"/SHIP_POINT","modelName":"NewYardModel"},"interaction":{"idSuffix":"inner"}},"wdio_ui5_key":"etmportal.ui.manageyards.view.Newsap.m.Input{\"path\":\"\",\"propertyPath\":\"/SHIP_POINT\",\"modelName\":\"NewYardModel\"}"}]}
RESULT: undefined
COMMAND: POST /session/999fc64afd1230ec64a2dd58c909e126/execute/async - {"script":"<script> [776 bytes]","args":[{"enterText":"1710","selector":{"controlType":"sap.m.Input","viewName":"etm.portal.ui.manageyards.view.New","viewId":"application-manageyards-display-component---NewYard","bindingPath":{"path":"","propertyPath":"/SHIP_POINT","modelName":"NewYardModel"},"interaction":{"idSuffix":"inner"}},"clearTextFirst":true,"interactionType":"ENTER_TEXT"}]}
RESULT: {"script":"<script> [776 bytes]","args":[{"enterText":"1710","selector":{"controlType":"sap.m.Input","viewName":"etm.portal.ui.manageyards.view.New","viewId":"application-manageyards-display-component---NewYard","bindingPath":{"path":"","propertyPath":"/SHIP_POINT","modelName":"NewYardModel"},"interaction":{"idSuffix":"inner"}},"clearTextFirst":true,"interactionType":"ENTER_TEXT"}]}
COMMAND: POST /session/999fc64afd1230ec64a2dd58c909e126/execute/async - {"script":"<script> [1562 bytes]","args":[{"selector":{"controlType":"sap.m.Input","viewName":"etm.portal.ui.manageyards.view.New","viewId":"application-manageyards-display-component---NewYard","bindingPath":{"path":"","propertyPath":"/DELIVERY_TYPE","modelName":"NewYardModel"},"interaction":{"idSuffix":"inner"}},"wdio_ui5_key":"etmportal.ui.manageyards.view.Newsap.m.Input{\"path\":\"\",\"propertyPath\":\"/DELIVERY_TYPE\",\"modelName\":\"NewYardModel\"}"}]}
RESULT: {"script":"<script> [1562 bytes]","args":[{"selector":{"controlType":"sap.m.Input","viewName":"etm.portal.ui.manageyards.view.New","viewId":"application-manageyards-display-component---NewYard","bindingPath":{"path":"","propertyPath":"/DELIVERY_TYPE","modelName":"NewYardModel"},"interaction":{"idSuffix":"inner"}},"wdio_ui5_key":"etmportal.ui.manageyards.view.Newsap.m.Input{\"path\":\"\",\"propertyPath\":\"/DELIVERY_TYPE\",\"modelName\":\"NewYardModel\"}"}]}
RESULT: undefined
COMMAND: POST /session/999fc64afd1230ec64a2dd58c909e126/execute/async - {"script":"<script> [776 bytes]","args":[{"enterText":"ZL01","selector":{"controlType":"sap.m.Input","viewName":"etm.portal.ui.manageyards.view.New","viewId":"application-manageyards-display-component---NewYard","bindingPath":{"path":"","propertyPath":"/DELIVERY_TYPE","modelName":"NewYardModel"},"interaction":{"idSuffix":"inner"}},"clearTextFirst":true,"interactionType":"ENTER_TEXT"}]}
RESULT: {"script":"<script> [776 bytes]","args":[{"enterText":"ZL01","selector":{"controlType":"sap.m.Input","viewName":"etm.portal.ui.manageyards.view.New","viewId":"application-manageyards-display-component---NewYard","bindingPath":{"path":"","propertyPath":"/DELIVERY_TYPE","modelName":"NewYardModel"},"interaction":{"idSuffix":"inner"}},"clearTextFirst":true,"interactionType":"ENTER_TEXT"}]}
COMMAND: POST /session/999fc64afd1230ec64a2dd58c909e126/execute/async - {"script":"<script> [1562 bytes]","args":[{"selector":{"controlType":"sap.m.Input","viewName":"etm.portal.ui.manageyards.view.New","viewId":"application-manageyards-display-component---NewYard","bindingPath":{"path":"","propertyPath":"/AUART","modelName":"NewYardModel"},"interaction":{"idSuffix":"inner"}},"wdio_ui5_key":"etmportal.ui.manageyards.view.Newsap.m.Input{\"path\":\"\",\"propertyPath\":\"/AUART\",\"modelName\":\"NewYardModel\"}"}]}
RESULT: {"script":"<script> [1562 bytes]","args":[{"selector":{"controlType":"sap.m.Input","viewName":"etm.portal.ui.manageyards.view.New","viewId":"application-manageyards-display-component---NewYard","bindingPath":{"path":"","propertyPath":"/AUART","modelName":"NewYardModel"},"interaction":{"idSuffix":"inner"}},"wdio_ui5_key":"etmportal.ui.manageyards.view.Newsap.m.Input{\"path\":\"\",\"propertyPath\":\"/AUART\",\"modelName\":\"NewYardModel\"}"}]}
RESULT: undefined
COMMAND: POST /session/999fc64afd1230ec64a2dd58c909e126/execute/async - {"script":"<script> [776 bytes]","args":[{"enterText":"TA","selector":{"controlType":"sap.m.Input","viewName":"etm.portal.ui.manageyards.view.New","viewId":"application-manageyards-display-component---NewYard","bindingPath":{"path":"","propertyPath":"/AUART","modelName":"NewYardModel"},"interaction":{"idSuffix":"inner"}},"clearTextFirst":true,"interactionType":"ENTER_TEXT"}]}
RESULT: {"script":"<script> [776 bytes]","args":[{"enterText":"TA","selector":{"controlType":"sap.m.Input","viewName":"etm.portal.ui.manageyards.view.New","viewId":"application-manageyards-display-component---NewYard","bindingPath":{"path":"","propertyPath":"/AUART","modelName":"NewYardModel"},"interaction":{"idSuffix":"inner"}},"clearTextFirst":true,"interactionType":"ENTER_TEXT"}]}
COMMAND: POST /session/999fc64afd1230ec64a2dd58c909e126/element - {"using":"xpath","value":"//button[@data-kt=\"newYardSaveButton\"]"}
RESULT: {"using":"xpath","value":"//button[@data-kt=\"newYardSaveButton\"]"}
COMMAND: POST /session/999fc64afd1230ec64a2dd58c909e126/element/f.8D00E63E7445179AA59B17F8E6C27F98.d.1A486FDE4BA29721121857AAA53702E4.e.701/click - {}
RESULT: {}
COMMAND: GET /session/999fc64afd1230ec64a2dd58c909e126/screenshot - {}
RESULT: {}
COMMAND: POST /session/999fc64afd1230ec64a2dd58c909e126/element - {"using":"xpath","value":"//header[contains(@id, 'ObjectPageLayout-headerTitle')]/div[1]/div[2]/div[1]/span[1]"}
RESULT: {"using":"xpath","value":"//header[contains(@id, 'ObjectPageLayout-headerTitle')]/div[1]/div[2]/div[1]/span[1]"}
COMMAND: POST /session/999fc64afd1230ec64a2dd58c909e126/elements - {"using":"xpath","value":"//header[contains(@id, 'ObjectPageLayout-headerTitle')]/div[1]/div[2]/div[1]/span[1]"}
RESULT: {"using":"xpath","value":"//header[contains(@id, 'ObjectPageLayout-headerTitle')]/div[1]/div[2]/div[1]/span[1]"}
COMMAND: POST /session/999fc64afd1230ec64a2dd58c909e126/execute/sync - {"script":"<script> [56 bytes]","args":[{"element-6066-11e4-a52e-4f735466cecf":"f.8D00E63E7445179AA59B17F8E6C27F98.d.1A486FDE4BA29721121857AAA53702E4.e.1017","ELEMENT":"f.8D00E63E7445179AA59B17F8E6C27F98.d.1A486FDE4BA29721121857AAA53702E4.e.1017"}]}
RESULT: {"script":"<script> [56 bytes]","args":[{"element-6066-11e4-a52e-4f735466cecf":"f.8D00E63E7445179AA59B17F8E6C27F98.d.1A486FDE4BA29721121857AAA53702E4.e.1017","ELEMENT":"f.8D00E63E7445179AA59B17F8E6C27F98.d.1A486FDE4BA29721121857AAA53702E4.e.1017"}]}
COMMAND: GET /session/999fc64afd1230ec64a2dd58c909e126/screenshot - {}
RESULT: {}
COMMAND: POST /session/999fc64afd1230ec64a2dd58c909e126/element - {"using":"css selector","value":"#shell-header-logo"}
RESULT: {"using":"css selector","value":"#shell-header-logo"}
COMMAND: POST /session/999fc64afd1230ec64a2dd58c909e126/element/f.8D00E63E7445179AA59B17F8E6C27F98.d.1A486FDE4BA29721121857AAA53702E4.e.262/click - {}
RESULT: {}
COMMAND: GET /session/999fc64afd1230ec64a2dd58c909e126/screenshot - {}
RESULT: {}
COMMAND: POST /session/999fc64afd1230ec64a2dd58c909e126/execute/sync - {"script":"<script> [299 bytes]","args":[["getModel","getResource"]]}
RESULT: {"script":"<script> [299 bytes]","args":[["getModel","getResource"]]}
COMMAND: GET /session/999fc64afd1230ec64a2dd58c909e126/screenshot - {}
]]></system-out>
    </testcase>
    <testcase classname="chrome.135_0_7049_96.windows.Billing_Transfer_-_Master_data_&amp;_Intercompany_US127250" name="Should create a new partner" time="113.564">
      <system-out><![CDATA[
COMMAND: POST /session/999fc64afd1230ec64a2dd58c909e126/window/fullscreen - {}
RESULT: {}
RESULT: {}
COMMAND: POST /session/999fc64afd1230ec64a2dd58c909e126/execute/async - {"script":"<script> [1562 bytes]","args":[{"selector":{"controlType":"sap.m.GenericTile","properties":{"header":"Manage Partners"}},"wdio_ui5_key":"sapm.GenericTile{\"header\":\"Manage Partners\"}"}]}
RESULT: {"script":"<script> [1562 bytes]","args":[{"selector":{"controlType":"sap.m.GenericTile","properties":{"header":"Manage Partners"}},"wdio_ui5_key":"sapm.GenericTile{\"header\":\"Manage Partners\"}"}]}
RESULT: undefined
COMMAND: POST /session/999fc64afd1230ec64a2dd58c909e126/element - {"using":"xpath","value":"//*[@id=\"__tile38\"]"}
RESULT: {"using":"xpath","value":"//*[@id=\"__tile38\"]"}
COMMAND: POST /session/999fc64afd1230ec64a2dd58c909e126/element/f.8D00E63E7445179AA59B17F8E6C27F98.d.1A486FDE4BA29721121857AAA53702E4.e.150/click - {}
RESULT: {}
COMMAND: POST /session/999fc64afd1230ec64a2dd58c909e126/element - {"using":"xpath","value":"//button[@data-kt=\"addButton\"]"}
COMMAND: GET /session/999fc64afd1230ec64a2dd58c909e126/screenshot - {}
RESULT: {"using":"xpath","value":"//button[@data-kt=\"addButton\"]"}
COMMAND: POST /session/999fc64afd1230ec64a2dd58c909e126/elements - {"using":"xpath","value":"//button[@data-kt=\"addButton\"]"}
RESULT: {}
RESULT: {"using":"xpath","value":"//button[@data-kt=\"addButton\"]"}
COMMAND: POST /session/999fc64afd1230ec64a2dd58c909e126/elements - {"using":"xpath","value":"//button[@data-kt=\"addButton\"]"}
RESULT: {"using":"xpath","value":"//button[@data-kt=\"addButton\"]"}
COMMAND: POST /session/999fc64afd1230ec64a2dd58c909e126/elements - {"using":"xpath","value":"//button[@data-kt=\"addButton\"]"}
RESULT: {"using":"xpath","value":"//button[@data-kt=\"addButton\"]"}
COMMAND: POST /session/999fc64afd1230ec64a2dd58c909e126/elements - {"using":"xpath","value":"//button[@data-kt=\"addButton\"]"}
RESULT: {"using":"xpath","value":"//button[@data-kt=\"addButton\"]"}
COMMAND: POST /session/999fc64afd1230ec64a2dd58c909e126/elements - {"using":"xpath","value":"//button[@data-kt=\"addButton\"]"}
RESULT: {"using":"xpath","value":"//button[@data-kt=\"addButton\"]"}
COMMAND: POST /session/999fc64afd1230ec64a2dd58c909e126/elements - {"using":"xpath","value":"//button[@data-kt=\"addButton\"]"}
RESULT: {"using":"xpath","value":"//button[@data-kt=\"addButton\"]"}
COMMAND: POST /session/999fc64afd1230ec64a2dd58c909e126/elements - {"using":"xpath","value":"//button[@data-kt=\"addButton\"]"}
RESULT: {"using":"xpath","value":"//button[@data-kt=\"addButton\"]"}
COMMAND: POST /session/999fc64afd1230ec64a2dd58c909e126/elements - {"using":"xpath","value":"//button[@data-kt=\"addButton\"]"}
RESULT: {"using":"xpath","value":"//button[@data-kt=\"addButton\"]"}
COMMAND: POST /session/999fc64afd1230ec64a2dd58c909e126/elements - {"using":"xpath","value":"//button[@data-kt=\"addButton\"]"}
RESULT: {"using":"xpath","value":"//button[@data-kt=\"addButton\"]"}
COMMAND: POST /session/999fc64afd1230ec64a2dd58c909e126/elements - {"using":"xpath","value":"//button[@data-kt=\"addButton\"]"}
RESULT: {"using":"xpath","value":"//button[@data-kt=\"addButton\"]"}
COMMAND: POST /session/999fc64afd1230ec64a2dd58c909e126/elements - {"using":"xpath","value":"//button[@data-kt=\"addButton\"]"}
RESULT: {"using":"xpath","value":"//button[@data-kt=\"addButton\"]"}
COMMAND: POST /session/999fc64afd1230ec64a2dd58c909e126/elements - {"using":"xpath","value":"//button[@data-kt=\"addButton\"]"}
RESULT: {"using":"xpath","value":"//button[@data-kt=\"addButton\"]"}
COMMAND: POST /session/999fc64afd1230ec64a2dd58c909e126/elements - {"using":"xpath","value":"//button[@data-kt=\"addButton\"]"}
RESULT: {"using":"xpath","value":"//button[@data-kt=\"addButton\"]"}
COMMAND: POST /session/999fc64afd1230ec64a2dd58c909e126/elements - {"using":"xpath","value":"//button[@data-kt=\"addButton\"]"}
RESULT: {"using":"xpath","value":"//button[@data-kt=\"addButton\"]"}
COMMAND: POST /session/999fc64afd1230ec64a2dd58c909e126/elements - {"using":"xpath","value":"//button[@data-kt=\"addButton\"]"}
RESULT: {"using":"xpath","value":"//button[@data-kt=\"addButton\"]"}
COMMAND: POST /session/999fc64afd1230ec64a2dd58c909e126/elements - {"using":"xpath","value":"//button[@data-kt=\"addButton\"]"}
RESULT: {"using":"xpath","value":"//button[@data-kt=\"addButton\"]"}
COMMAND: POST /session/999fc64afd1230ec64a2dd58c909e126/elements - {"using":"xpath","value":"//button[@data-kt=\"addButton\"]"}
RESULT: {"using":"xpath","value":"//button[@data-kt=\"addButton\"]"}
COMMAND: POST /session/999fc64afd1230ec64a2dd58c909e126/element - {"using":"xpath","value":"//button[@data-kt=\"addButton\"]"}
RESULT: {"using":"xpath","value":"//button[@data-kt=\"addButton\"]"}
COMMAND: POST /session/999fc64afd1230ec64a2dd58c909e126/execute/sync - {"script":"<script> [8489 bytes]","args":[{"element-6066-11e4-a52e-4f735466cecf":"f.8D00E63E7445179AA59B17F8E6C27F98.d.1A486FDE4BA29721121857AAA53702E4.e.1055","ELEMENT":"f.8D00E63E7445179AA59B17F8E6C27F98.d.1A486FDE4BA29721121857AAA53702E4.e.1055"}]}
RESULT: {"script":"<script> [8489 bytes]","args":[{"element-6066-11e4-a52e-4f735466cecf":"f.8D00E63E7445179AA59B17F8E6C27F98.d.1A486FDE4BA29721121857AAA53702E4.e.1055","ELEMENT":"f.8D00E63E7445179AA59B17F8E6C27F98.d.1A486FDE4BA29721121857AAA53702E4.e.1055"}]}
COMMAND: GET /session/999fc64afd1230ec64a2dd58c909e126/element/f.8D00E63E7445179AA59B17F8E6C27F98.d.1A486FDE4BA29721121857AAA53702E4.e.1055/enabled - {}
COMMAND: GET /session/999fc64afd1230ec64a2dd58c909e126/screenshot - {}
RESULT: {}
COMMAND: POST /session/999fc64afd1230ec64a2dd58c909e126/execute/sync - {"script":"<script> [8489 bytes]","args":[{"element-6066-11e4-a52e-4f735466cecf":"f.8D00E63E7445179AA59B17F8E6C27F98.d.1A486FDE4BA29721121857AAA53702E4.e.1055","ELEMENT":"f.8D00E63E7445179AA59B17F8E6C27F98.d.1A486FDE4BA29721121857AAA53702E4.e.1055"}]}
COMMAND: GET /session/999fc64afd1230ec64a2dd58c909e126/screenshot - {}
RESULT: {}
RESULT: {"script":"<script> [8489 bytes]","args":[{"element-6066-11e4-a52e-4f735466cecf":"f.8D00E63E7445179AA59B17F8E6C27F98.d.1A486FDE4BA29721121857AAA53702E4.e.1055","ELEMENT":"f.8D00E63E7445179AA59B17F8E6C27F98.d.1A486FDE4BA29721121857AAA53702E4.e.1055"}]}
COMMAND: POST /session/999fc64afd1230ec64a2dd58c909e126/execute/sync - {"script":"<script> [5351 bytes]","args":[{"element-6066-11e4-a52e-4f735466cecf":"f.8D00E63E7445179AA59B17F8E6C27F98.d.1A486FDE4BA29721121857AAA53702E4.e.1055","ELEMENT":"f.8D00E63E7445179AA59B17F8E6C27F98.d.1A486FDE4BA29721121857AAA53702E4.e.1055"}]}
COMMAND: GET /session/999fc64afd1230ec64a2dd58c909e126/screenshot - {}
RESULT: {}
RESULT: {"script":"<script> [5351 bytes]","args":[{"element-6066-11e4-a52e-4f735466cecf":"f.8D00E63E7445179AA59B17F8E6C27F98.d.1A486FDE4BA29721121857AAA53702E4.e.1055","ELEMENT":"f.8D00E63E7445179AA59B17F8E6C27F98.d.1A486FDE4BA29721121857AAA53702E4.e.1055"}]}
COMMAND: POST /session/999fc64afd1230ec64a2dd58c909e126/element/f.8D00E63E7445179AA59B17F8E6C27F98.d.1A486FDE4BA29721121857AAA53702E4.e.1055/click - {}
COMMAND: GET /session/999fc64afd1230ec64a2dd58c909e126/screenshot - {}
RESULT: {}
RESULT: {}
COMMAND: GET /session/999fc64afd1230ec64a2dd58c909e126/screenshot - {}
COMMAND: POST /session/999fc64afd1230ec64a2dd58c909e126/execute/async - {"script":"<script> [1562 bytes]","args":[{"selector":{"id":"application-managepartners-display-component---NewPartner--addressDetailDetailsName1","interaction":{"idSuffix":"inner"}},"wdio_ui5_key":"applicationmanagepartners-display-component---NewPartner--addressDetailDetailsName1"}]}
RESULT: {}
RESULT: {}
RESULT: {"script":"<script> [1562 bytes]","args":[{"selector":{"id":"application-managepartners-display-component---NewPartner--addressDetailDetailsName1","interaction":{"idSuffix":"inner"}},"wdio_ui5_key":"applicationmanagepartners-display-component---NewPartner--addressDetailDetailsName1"}]}
RESULT: undefined
COMMAND: POST /session/999fc64afd1230ec64a2dd58c909e126/execute/async - {"script":"<script> [776 bytes]","args":[{"enterText":"Intercompany Partner WDIO","selector":{"id":"application-managepartners-display-component---NewPartner--addressDetailDetailsName1","interaction":{"idSuffix":"inner"}},"clearTextFirst":true,"interactionType":"ENTER_TEXT"}]}
RESULT: {"script":"<script> [776 bytes]","args":[{"enterText":"Intercompany Partner WDIO","selector":{"id":"application-managepartners-display-component---NewPartner--addressDetailDetailsName1","interaction":{"idSuffix":"inner"}},"clearTextFirst":true,"interactionType":"ENTER_TEXT"}]}
COMMAND: POST /session/999fc64afd1230ec64a2dd58c909e126/execute/async - {"script":"<script> [1562 bytes]","args":[{"selector":{"id":"application-managepartners-display-component---NewPartner--addressDetailDetailsLanguage-arrow"},"wdio_ui5_key":"applicationmanagepartners-display-component---NewPartner--addressDetailDetailsLanguage-arrow"}]}
RESULT: {"script":"<script> [1562 bytes]","args":[{"selector":{"id":"application-managepartners-display-component---NewPartner--addressDetailDetailsLanguage-arrow"},"wdio_ui5_key":"applicationmanagepartners-display-component---NewPartner--addressDetailDetailsLanguage-arrow"}]}
RESULT: undefined
COMMAND: POST /session/999fc64afd1230ec64a2dd58c909e126/element - {"using":"xpath","value":"//*[@id=\"application-managepartners-display-component---NewPartner--addressDetailDetailsLanguage-arrow\"]"}
RESULT: {"using":"xpath","value":"//*[@id=\"application-managepartners-display-component---NewPartner--addressDetailDetailsLanguage-arrow\"]"}
COMMAND: POST /session/999fc64afd1230ec64a2dd58c909e126/element/f.8D00E63E7445179AA59B17F8E6C27F98.d.1A486FDE4BA29721121857AAA53702E4.e.1510/click - {}
RESULT: {}
COMMAND: POST /session/999fc64afd1230ec64a2dd58c909e126/element - {"using":"xpath","value":"//span[contains(text(), \"English\")]"}
COMMAND: GET /session/999fc64afd1230ec64a2dd58c909e126/screenshot - {}
RESULT: {"using":"xpath","value":"//span[contains(text(), \"English\")]"}
COMMAND: POST /session/999fc64afd1230ec64a2dd58c909e126/element/f.8D00E63E7445179AA59B17F8E6C27F98.d.1A486FDE4BA29721121857AAA53702E4.e.1511/click - {}
RESULT: {}
RESULT: {}
COMMAND: GET /session/999fc64afd1230ec64a2dd58c909e126/screenshot - {}
RESULT: {}
COMMAND: POST /session/999fc64afd1230ec64a2dd58c909e126/execute/async - {"script":"<script> [1562 bytes]","args":[{"selector":{"id":"application-managepartners-display-component---NewPartner--addressDetailDetailsCity1","interaction":{"idSuffix":"inner"}},"wdio_ui5_key":"applicationmanagepartners-display-component---NewPartner--addressDetailDetailsCity1"}]}
RESULT: {"script":"<script> [1562 bytes]","args":[{"selector":{"id":"application-managepartners-display-component---NewPartner--addressDetailDetailsCity1","interaction":{"idSuffix":"inner"}},"wdio_ui5_key":"applicationmanagepartners-display-component---NewPartner--addressDetailDetailsCity1"}]}
RESULT: undefined
COMMAND: POST /session/999fc64afd1230ec64a2dd58c909e126/execute/async - {"script":"<script> [776 bytes]","args":[{"enterText":"Rosario","selector":{"id":"application-managepartners-display-component---NewPartner--addressDetailDetailsCity1","interaction":{"idSuffix":"inner"}},"clearTextFirst":true,"interactionType":"ENTER_TEXT"}]}
RESULT: {"script":"<script> [776 bytes]","args":[{"enterText":"Rosario","selector":{"id":"application-managepartners-display-component---NewPartner--addressDetailDetailsCity1","interaction":{"idSuffix":"inner"}},"clearTextFirst":true,"interactionType":"ENTER_TEXT"}]}
COMMAND: POST /session/999fc64afd1230ec64a2dd58c909e126/execute/async - {"script":"<script> [1562 bytes]","args":[{"selector":{"id":"application-managepartners-display-component---NewPartner--addressDetailDetailsCountry-arrow"},"wdio_ui5_key":"applicationmanagepartners-display-component---NewPartner--addressDetailDetailsCountry-arrow"}]}
RESULT: {"script":"<script> [1562 bytes]","args":[{"selector":{"id":"application-managepartners-display-component---NewPartner--addressDetailDetailsCountry-arrow"},"wdio_ui5_key":"applicationmanagepartners-display-component---NewPartner--addressDetailDetailsCountry-arrow"}]}
RESULT: undefined
COMMAND: POST /session/999fc64afd1230ec64a2dd58c909e126/element - {"using":"xpath","value":"//*[@id=\"application-managepartners-display-component---NewPartner--addressDetailDetailsCountry-arrow\"]"}
RESULT: {"using":"xpath","value":"//*[@id=\"application-managepartners-display-component---NewPartner--addressDetailDetailsCountry-arrow\"]"}
COMMAND: POST /session/999fc64afd1230ec64a2dd58c909e126/element/f.8D00E63E7445179AA59B17F8E6C27F98.d.1A486FDE4BA29721121857AAA53702E4.e.1497/click - {}
RESULT: {}
COMMAND: POST /session/999fc64afd1230ec64a2dd58c909e126/element - {"using":"xpath","value":"//span[contains(text(), \"Argentina\")]"}
COMMAND: GET /session/999fc64afd1230ec64a2dd58c909e126/screenshot - {}
RESULT: {"using":"xpath","value":"//span[contains(text(), \"Argentina\")]"}
COMMAND: POST /session/999fc64afd1230ec64a2dd58c909e126/element/f.8D00E63E7445179AA59B17F8E6C27F98.d.1A486FDE4BA29721121857AAA53702E4.e.1513/click - {}
RESULT: {}
RESULT: {}
COMMAND: GET /session/999fc64afd1230ec64a2dd58c909e126/screenshot - {}
RESULT: {}
COMMAND: POST /session/999fc64afd1230ec64a2dd58c909e126/element - {"using":"xpath","value":"//bdi[contains(text(), \"Commercial\")]"}
RESULT: {"using":"xpath","value":"//bdi[contains(text(), \"Commercial\")]"}
COMMAND: POST /session/999fc64afd1230ec64a2dd58c909e126/element/f.8D00E63E7445179AA59B17F8E6C27F98.d.1A486FDE4BA29721121857AAA53702E4.e.1514/click - {}
RESULT: {}
COMMAND: GET /session/999fc64afd1230ec64a2dd58c909e126/screenshot - {}
RESULT: {}
COMMAND: POST /session/999fc64afd1230ec64a2dd58c909e126/execute/async - {"script":"<script> [1562 bytes]","args":[{"selector":{"id":"application-managepartners-display-component---NewPartner--partnerDetailInternal-arrow"},"wdio_ui5_key":"applicationmanagepartners-display-component---NewPartner--partnerDetailInternal-arrow"}]}
RESULT: {"script":"<script> [1562 bytes]","args":[{"selector":{"id":"application-managepartners-display-component---NewPartner--partnerDetailInternal-arrow"},"wdio_ui5_key":"applicationmanagepartners-display-component---NewPartner--partnerDetailInternal-arrow"}]}
RESULT: undefined
COMMAND: POST /session/999fc64afd1230ec64a2dd58c909e126/element - {"using":"xpath","value":"//*[@id=\"application-managepartners-display-component---NewPartner--partnerDetailInternal-arrow\"]"}
RESULT: {"using":"xpath","value":"//*[@id=\"application-managepartners-display-component---NewPartner--partnerDetailInternal-arrow\"]"}
COMMAND: POST /session/999fc64afd1230ec64a2dd58c909e126/element/f.8D00E63E7445179AA59B17F8E6C27F98.d.1A486FDE4BA29721121857AAA53702E4.e.1520/click - {}
RESULT: {}
COMMAND: POST /session/999fc64afd1230ec64a2dd58c909e126/element - {"using":"xpath","value":"//span[contains(text(), \"Affiliated company\")]"}
COMMAND: GET /session/999fc64afd1230ec64a2dd58c909e126/screenshot - {}
RESULT: {"using":"xpath","value":"//span[contains(text(), \"Affiliated company\")]"}
COMMAND: POST /session/999fc64afd1230ec64a2dd58c909e126/element/f.8D00E63E7445179AA59B17F8E6C27F98.d.1A486FDE4BA29721121857AAA53702E4.e.1521/click - {}
RESULT: {}
RESULT: {}
COMMAND: POST /session/999fc64afd1230ec64a2dd58c909e126/execute/async - {"script":"<script> [1562 bytes]","args":[{"selector":{"id":"application-managepartners-display-component---NewPartner--partnerDetailsCurrency-arrow"},"wdio_ui5_key":"applicationmanagepartners-display-component---NewPartner--partnerDetailsCurrency-arrow"}]}
COMMAND: GET /session/999fc64afd1230ec64a2dd58c909e126/screenshot - {}
RESULT: {"script":"<script> [1562 bytes]","args":[{"selector":{"id":"application-managepartners-display-component---NewPartner--partnerDetailsCurrency-arrow"},"wdio_ui5_key":"applicationmanagepartners-display-component---NewPartner--partnerDetailsCurrency-arrow"}]}
RESULT: undefined
COMMAND: POST /session/999fc64afd1230ec64a2dd58c909e126/element - {"using":"xpath","value":"//*[@id=\"application-managepartners-display-component---NewPartner--partnerDetailsCurrency-arrow\"]"}
RESULT: {}
RESULT: {"using":"xpath","value":"//*[@id=\"application-managepartners-display-component---NewPartner--partnerDetailsCurrency-arrow\"]"}
COMMAND: POST /session/999fc64afd1230ec64a2dd58c909e126/element/f.8D00E63E7445179AA59B17F8E6C27F98.d.1A486FDE4BA29721121857AAA53702E4.e.1528/click - {}
RESULT: {}
COMMAND: POST /session/999fc64afd1230ec64a2dd58c909e126/element - {"using":"xpath","value":"//span[contains(text(), \"Euro\")]"}
COMMAND: GET /session/999fc64afd1230ec64a2dd58c909e126/screenshot - {}
RESULT: {"using":"xpath","value":"//span[contains(text(), \"Euro\")]"}
COMMAND: POST /session/999fc64afd1230ec64a2dd58c909e126/element/f.8D00E63E7445179AA59B17F8E6C27F98.d.1A486FDE4BA29721121857AAA53702E4.e.1529/click - {}
RESULT: {}
RESULT: {}
COMMAND: POST /session/999fc64afd1230ec64a2dd58c909e126/execute/async - {"script":"<script> [1562 bytes]","args":[{"selector":{"id":"application-managepartners-display-component---NewPartner--addressEditDetailsCostObjectCstType-arrow"},"wdio_ui5_key":"applicationmanagepartners-display-component---NewPartner--addressEditDetailsCostObjectCstType-arrow"}]}
COMMAND: GET /session/999fc64afd1230ec64a2dd58c909e126/screenshot - {}
RESULT: {"script":"<script> [1562 bytes]","args":[{"selector":{"id":"application-managepartners-display-component---NewPartner--addressEditDetailsCostObjectCstType-arrow"},"wdio_ui5_key":"applicationmanagepartners-display-component---NewPartner--addressEditDetailsCostObjectCstType-arrow"}]}
RESULT: undefined
COMMAND: POST /session/999fc64afd1230ec64a2dd58c909e126/element - {"using":"xpath","value":"//*[@id=\"application-managepartners-display-component---NewPartner--addressEditDetailsCostObjectCstType-arrow\"]"}
RESULT: {}
RESULT: {"using":"xpath","value":"//*[@id=\"application-managepartners-display-component---NewPartner--addressEditDetailsCostObjectCstType-arrow\"]"}
COMMAND: POST /session/999fc64afd1230ec64a2dd58c909e126/element/f.8D00E63E7445179AA59B17F8E6C27F98.d.1A486FDE4BA29721121857AAA53702E4.e.1530/click - {}
RESULT: {}
COMMAND: POST /session/999fc64afd1230ec64a2dd58c909e126/element - {"using":"xpath","value":"//span[contains(text(), \"Cost Center\")]"}
COMMAND: GET /session/999fc64afd1230ec64a2dd58c909e126/screenshot - {}
RESULT: {"using":"xpath","value":"//span[contains(text(), \"Cost Center\")]"}
COMMAND: POST /session/999fc64afd1230ec64a2dd58c909e126/element/f.8D00E63E7445179AA59B17F8E6C27F98.d.1A486FDE4BA29721121857AAA53702E4.e.1531/click - {}
RESULT: {}
RESULT: {}
COMMAND: GET /session/999fc64afd1230ec64a2dd58c909e126/screenshot - {}
RESULT: {}
COMMAND: POST /session/999fc64afd1230ec64a2dd58c909e126/element - {"using":"xpath","value":"//span[@id=\"application-managepartners-display-component---NewPartner--addressNewCostObjectCstID-vhi\"]"}
RESULT: {"using":"xpath","value":"//span[@id=\"application-managepartners-display-component---NewPartner--addressNewCostObjectCstID-vhi\"]"}
COMMAND: POST /session/999fc64afd1230ec64a2dd58c909e126/execute/sync - {"script":"<script> [8489 bytes]","args":[{"element-6066-11e4-a52e-4f735466cecf":"f.8D00E63E7445179AA59B17F8E6C27F98.d.1A486FDE4BA29721121857AAA53702E4.e.1535","ELEMENT":"f.8D00E63E7445179AA59B17F8E6C27F98.d.1A486FDE4BA29721121857AAA53702E4.e.1535"}]}
RESULT: {"script":"<script> [8489 bytes]","args":[{"element-6066-11e4-a52e-4f735466cecf":"f.8D00E63E7445179AA59B17F8E6C27F98.d.1A486FDE4BA29721121857AAA53702E4.e.1535","ELEMENT":"f.8D00E63E7445179AA59B17F8E6C27F98.d.1A486FDE4BA29721121857AAA53702E4.e.1535"}]}
COMMAND: POST /session/999fc64afd1230ec64a2dd58c909e126/execute/async - {"script":"<script> [1562 bytes]","args":[{"selector":{"id":"application-managepartners-display-component---NewPartner--addressNewCostObjectCstID-vhi"},"wdio_ui5_key":"applicationmanagepartners-display-component---NewPartner--addressNewCostObjectCstID-vhi"}]}
COMMAND: GET /session/999fc64afd1230ec64a2dd58c909e126/screenshot - {}
RESULT: {"script":"<script> [1562 bytes]","args":[{"selector":{"id":"application-managepartners-display-component---NewPartner--addressNewCostObjectCstID-vhi"},"wdio_ui5_key":"applicationmanagepartners-display-component---NewPartner--addressNewCostObjectCstID-vhi"}]}
RESULT: undefined
COMMAND: POST /session/999fc64afd1230ec64a2dd58c909e126/element - {"using":"xpath","value":"//*[@id=\"application-managepartners-display-component---NewPartner--addressNewCostObjectCstID-vhi\"]"}
RESULT: {}
RESULT: {"using":"xpath","value":"//*[@id=\"application-managepartners-display-component---NewPartner--addressNewCostObjectCstID-vhi\"]"}
COMMAND: POST /session/999fc64afd1230ec64a2dd58c909e126/element/f.8D00E63E7445179AA59B17F8E6C27F98.d.1A486FDE4BA29721121857AAA53702E4.e.1535/click - {}
RESULT: {}
COMMAND: GET /session/999fc64afd1230ec64a2dd58c909e126/screenshot - {}
RESULT: {}
RESULT: undefined
COMMAND: POST /session/999fc64afd1230ec64a2dd58c909e126/execute/async - {"script":"<script> [776 bytes]","args":[{"enterText":"10001013","selector":{"controlType":"sap.m.SearchField","properties":{"placeholder":"Search"},"searchOpenDialogs":true,"interaction":{"idSuffix":"I"}},"clearTextFirst":true,"interactionType":"ENTER_TEXT"}]}
RESULT: {"script":"<script> [776 bytes]","args":[{"enterText":"10001013","selector":{"controlType":"sap.m.SearchField","properties":{"placeholder":"Search"},"searchOpenDialogs":true,"interaction":{"idSuffix":"I"}},"clearTextFirst":true,"interactionType":"ENTER_TEXT"}]}
COMMAND: POST /session/999fc64afd1230ec64a2dd58c909e126/actions - {"actions":[{"id":"action2","type":"key","parameters":{},"actions":[{"type":"keyDown","value":"î€‡"},{"type":"pause","duration":10},{"type":"keyUp","value":"î€‡"}]}]}
RESULT: {"actions":[{"id":"action2","type":"key","parameters":{},"actions":[{"type":"keyDown","value":"î€‡"},{"type":"pause","duration":10},{"type":"keyUp","value":"î€‡"}]}]}
COMMAND: GET /session/999fc64afd1230ec64a2dd58c909e126/screenshot - {}
RESULT: {}
COMMAND: POST /session/999fc64afd1230ec64a2dd58c909e126/element - {"using":"xpath","value":"//span[contains(text(), \"General Management\")]"}
RESULT: {"using":"xpath","value":"//span[contains(text(), \"General Management\")]"}
COMMAND: POST /session/999fc64afd1230ec64a2dd58c909e126/element/f.8D00E63E7445179AA59B17F8E6C27F98.d.1A486FDE4BA29721121857AAA53702E4.e.1542/click - {}
RESULT: {}
COMMAND: GET /session/999fc64afd1230ec64a2dd58c909e126/screenshot - {}
RESULT: {}
COMMAND: POST /session/999fc64afd1230ec64a2dd58c909e126/element - {"using":"xpath","value":"//bdi[contains(text(), \"OK\")]"}
RESULT: {"using":"xpath","value":"//bdi[contains(text(), \"OK\")]"}
COMMAND: POST /session/999fc64afd1230ec64a2dd58c909e126/element/f.8D00E63E7445179AA59B17F8E6C27F98.d.1A486FDE4BA29721121857AAA53702E4.e.1544/click - {}
RESULT: {}
COMMAND: GET /session/999fc64afd1230ec64a2dd58c909e126/screenshot - {}
RESULT: {}
COMMAND: POST /session/999fc64afd1230ec64a2dd58c909e126/element - {"using":"xpath","value":"//input[@id=\"application-managepartners-display-component---NewPartner--companyCodeComboBox-inner\"]"}
RESULT: {"using":"xpath","value":"//input[@id=\"application-managepartners-display-component---NewPartner--companyCodeComboBox-inner\"]"}
COMMAND: POST /session/999fc64afd1230ec64a2dd58c909e126/element/f.8D00E63E7445179AA59B17F8E6C27F98.d.1A486FDE4BA29721121857AAA53702E4.e.1369/clear - {}
RESULT: {}
COMMAND: POST /session/999fc64afd1230ec64a2dd58c909e126/element/f.8D00E63E7445179AA59B17F8E6C27F98.d.1A486FDE4BA29721121857AAA53702E4.e.1369/value - {"text":"C002"}
COMMAND: GET /session/999fc64afd1230ec64a2dd58c909e126/screenshot - {}
RESULT: {"text":"C002"}
COMMAND: GET /session/999fc64afd1230ec64a2dd58c909e126/screenshot - {}
RESULT: {}
RESULT: {}
COMMAND: POST /session/999fc64afd1230ec64a2dd58c909e126/element - {"using":"xpath","value":"//span[contains(text(), \"C002\")]"}
RESULT: {"using":"xpath","value":"//span[contains(text(), \"C002\")]"}
COMMAND: POST /session/999fc64afd1230ec64a2dd58c909e126/element/f.8D00E63E7445179AA59B17F8E6C27F98.d.1A486FDE4BA29721121857AAA53702E4.e.1550/click - {}
RESULT: {}
COMMAND: GET /session/999fc64afd1230ec64a2dd58c909e126/screenshot - {}
RESULT: {}
COMMAND: POST /session/999fc64afd1230ec64a2dd58c909e126/execute/async - {"script":"<script> [1562 bytes]","args":[{"selector":{"id":"application-managepartners-display-component---NewPartner--btnAddTableRow-img"},"wdio_ui5_key":"applicationmanagepartners-display-component---NewPartner--btnAddTableRow-img"}]}
RESULT: {"script":"<script> [1562 bytes]","args":[{"selector":{"id":"application-managepartners-display-component---NewPartner--btnAddTableRow-img"},"wdio_ui5_key":"applicationmanagepartners-display-component---NewPartner--btnAddTableRow-img"}]}
RESULT: undefined
COMMAND: POST /session/999fc64afd1230ec64a2dd58c909e126/element - {"using":"xpath","value":"//*[@id=\"application-managepartners-display-component---NewPartner--btnAddTableRow-img\"]"}
RESULT: {"using":"xpath","value":"//*[@id=\"application-managepartners-display-component---NewPartner--btnAddTableRow-img\"]"}
COMMAND: POST /session/999fc64afd1230ec64a2dd58c909e126/element/f.8D00E63E7445179AA59B17F8E6C27F98.d.1A486FDE4BA29721121857AAA53702E4.e.1551/click - {}
RESULT: {}
COMMAND: GET /session/999fc64afd1230ec64a2dd58c909e126/screenshot - {}
RESULT: {}
COMMAND: POST /session/999fc64afd1230ec64a2dd58c909e126/element - {"using":"xpath","value":"//input[@id=\"application-managepartners-display-component---NewPartner--assignmentYard-application-managepartners-display-component---NewPartner--assignmentsTable-0-inner\"]"}
RESULT: {"using":"xpath","value":"//input[@id=\"application-managepartners-display-component---NewPartner--assignmentYard-application-managepartners-display-component---NewPartner--assignmentsTable-0-inner\"]"}
COMMAND: POST /session/999fc64afd1230ec64a2dd58c909e126/element/f.8D00E63E7445179AA59B17F8E6C27F98.d.1A486FDE4BA29721121857AAA53702E4.e.1554/clear - {}
RESULT: {}
COMMAND: POST /session/999fc64afd1230ec64a2dd58c909e126/element/f.8D00E63E7445179AA59B17F8E6C27F98.d.1A486FDE4BA29721121857AAA53702E4.e.1554/value - {"text":"615"}
COMMAND: GET /session/999fc64afd1230ec64a2dd58c909e126/screenshot - {}
RESULT: {"text":"615"}
COMMAND: GET /session/999fc64afd1230ec64a2dd58c909e126/screenshot - {}
RESULT: {}
RESULT: {}
COMMAND: POST /session/999fc64afd1230ec64a2dd58c909e126/element - {"using":"xpath","value":"//li[.//span[text()='615']]"}
RESULT: {"using":"xpath","value":"//li[.//span[text()='615']]"}
COMMAND: POST /session/999fc64afd1230ec64a2dd58c909e126/element/f.8D00E63E7445179AA59B17F8E6C27F98.d.1A486FDE4BA29721121857AAA53702E4.e.1563/click - {}
RESULT: {}
COMMAND: GET /session/999fc64afd1230ec64a2dd58c909e126/screenshot - {}
RESULT: {}
COMMAND: POST /session/999fc64afd1230ec64a2dd58c909e126/actions - {"actions":[{"id":"action3","type":"key","parameters":{},"actions":[{"type":"keyDown","value":"î€‡"},{"type":"pause","duration":10},{"type":"keyUp","value":"î€‡"}]}]}
RESULT: {"actions":[{"id":"action3","type":"key","parameters":{},"actions":[{"type":"keyDown","value":"î€‡"},{"type":"pause","duration":10},{"type":"keyUp","value":"î€‡"}]}]}
COMMAND: POST /session/999fc64afd1230ec64a2dd58c909e126/execute/async - {"script":"<script> [1562 bytes]","args":[{"selector":{"id":"application-managepartners-display-component---NewPartner--externalCustomerComboBox-application-managepartners-display-component---NewPartner--assignmentsTable-0-vhi"},"wdio_ui5_key":"applicationmanagepartners-display-component---NewPartner--externalCustomerComboBox-application-managepartners-display-component---NewPartner--assignmentsTable-0-vhi"}]}
COMMAND: GET /session/999fc64afd1230ec64a2dd58c909e126/screenshot - {}
RESULT: {"script":"<script> [1562 bytes]","args":[{"selector":{"id":"application-managepartners-display-component---NewPartner--externalCustomerComboBox-application-managepartners-display-component---NewPartner--assignmentsTable-0-vhi"},"wdio_ui5_key":"applicationmanagepartners-display-component---NewPartner--externalCustomerComboBox-application-managepartners-display-component---NewPartner--assignmentsTable-0-vhi"}]}
RESULT: undefined
COMMAND: POST /session/999fc64afd1230ec64a2dd58c909e126/element - {"using":"xpath","value":"//*[@id=\"application-managepartners-display-component---NewPartner--externalCustomerComboBox-application-managepartners-display-component---NewPartner--assignmentsTable-0-vhi\"]"}
RESULT: {}
RESULT: {"using":"xpath","value":"//*[@id=\"application-managepartners-display-component---NewPartner--externalCustomerComboBox-application-managepartners-display-component---NewPartner--assignmentsTable-0-vhi\"]"}
COMMAND: POST /session/999fc64afd1230ec64a2dd58c909e126/element/f.8D00E63E7445179AA59B17F8E6C27F98.d.1A486FDE4BA29721121857AAA53702E4.e.1567/click - {}
RESULT: {}
RESULT: undefined
COMMAND: POST /session/999fc64afd1230ec64a2dd58c909e126/execute/async - {"script":"<script> [776 bytes]","args":[{"enterText":"300003","selector":{"controlType":"sap.m.SearchField","properties":{"placeholder":"Search"},"searchOpenDialogs":true,"interaction":{"idSuffix":"I"}},"clearTextFirst":true,"interactionType":"ENTER_TEXT"}]}
COMMAND: GET /session/999fc64afd1230ec64a2dd58c909e126/screenshot - {}
RESULT: {"script":"<script> [776 bytes]","args":[{"enterText":"300003","selector":{"controlType":"sap.m.SearchField","properties":{"placeholder":"Search"},"searchOpenDialogs":true,"interaction":{"idSuffix":"I"}},"clearTextFirst":true,"interactionType":"ENTER_TEXT"}]}
COMMAND: POST /session/999fc64afd1230ec64a2dd58c909e126/actions - {"actions":[{"id":"action4","type":"key","parameters":{},"actions":[{"type":"keyDown","value":"î€‡"},{"type":"pause","duration":10},{"type":"keyUp","value":"î€‡"}]}]}
RESULT: {}
RESULT: {"actions":[{"id":"action4","type":"key","parameters":{},"actions":[{"type":"keyDown","value":"î€‡"},{"type":"pause","duration":10},{"type":"keyUp","value":"î€‡"}]}]}
COMMAND: GET /session/999fc64afd1230ec64a2dd58c909e126/screenshot - {}
RESULT: {}
COMMAND: POST /session/999fc64afd1230ec64a2dd58c909e126/element - {"using":"xpath","value":"//span[contains(text(), \"300003\")]"}
RESULT: {"using":"xpath","value":"//span[contains(text(), \"300003\")]"}
COMMAND: POST /session/999fc64afd1230ec64a2dd58c909e126/element/f.8D00E63E7445179AA59B17F8E6C27F98.d.1A486FDE4BA29721121857AAA53702E4.e.1585/click - {}
RESULT: {}
COMMAND: GET /session/999fc64afd1230ec64a2dd58c909e126/screenshot - {}
RESULT: {}
COMMAND: POST /session/999fc64afd1230ec64a2dd58c909e126/element - {"using":"xpath","value":"//bdi[contains(text(), \"OK\")]"}
RESULT: {"using":"xpath","value":"//bdi[contains(text(), \"OK\")]"}
COMMAND: POST /session/999fc64afd1230ec64a2dd58c909e126/element/f.8D00E63E7445179AA59B17F8E6C27F98.d.1A486FDE4BA29721121857AAA53702E4.e.1587/click - {}
RESULT: {}
COMMAND: GET /session/999fc64afd1230ec64a2dd58c909e126/screenshot - {}
RESULT: {}
COMMAND: POST /session/999fc64afd1230ec64a2dd58c909e126/execute/async - {"script":"<script> [1562 bytes]","args":[{"selector":{"id":"application-managepartners-display-component---NewPartner--intercompVendorComboBox-application-managepartners-display-component---NewPartner--assignmentsTable-0-vhi"},"wdio_ui5_key":"applicationmanagepartners-display-component---NewPartner--intercompVendorComboBox-application-managepartners-display-component---NewPartner--assignmentsTable-0-vhi"}]}
RESULT: {"script":"<script> [1562 bytes]","args":[{"selector":{"id":"application-managepartners-display-component---NewPartner--intercompVendorComboBox-application-managepartners-display-component---NewPartner--assignmentsTable-0-vhi"},"wdio_ui5_key":"applicationmanagepartners-display-component---NewPartner--intercompVendorComboBox-application-managepartners-display-component---NewPartner--assignmentsTable-0-vhi"}]}
RESULT: undefined
COMMAND: POST /session/999fc64afd1230ec64a2dd58c909e126/element - {"using":"xpath","value":"//*[@id=\"application-managepartners-display-component---NewPartner--intercompVendorComboBox-application-managepartners-display-component---NewPartner--assignmentsTable-0-vhi\"]"}
RESULT: {"using":"xpath","value":"//*[@id=\"application-managepartners-display-component---NewPartner--intercompVendorComboBox-application-managepartners-display-component---NewPartner--assignmentsTable-0-vhi\"]"}
COMMAND: POST /session/999fc64afd1230ec64a2dd58c909e126/element/f.8D00E63E7445179AA59B17F8E6C27F98.d.1A486FDE4BA29721121857AAA53702E4.e.1590/click - {}
RESULT: {}
RESULT: undefined
COMMAND: POST /session/999fc64afd1230ec64a2dd58c909e126/execute/async - {"script":"<script> [776 bytes]","args":[{"enterText":"100005","selector":{"controlType":"sap.m.SearchField","properties":{"placeholder":"Search"},"searchOpenDialogs":true,"interaction":{"idSuffix":"I"}},"clearTextFirst":true,"interactionType":"ENTER_TEXT"}]}
COMMAND: GET /session/999fc64afd1230ec64a2dd58c909e126/screenshot - {}
RESULT: {"script":"<script> [776 bytes]","args":[{"enterText":"100005","selector":{"controlType":"sap.m.SearchField","properties":{"placeholder":"Search"},"searchOpenDialogs":true,"interaction":{"idSuffix":"I"}},"clearTextFirst":true,"interactionType":"ENTER_TEXT"}]}
COMMAND: POST /session/999fc64afd1230ec64a2dd58c909e126/actions - {"actions":[{"id":"action5","type":"key","parameters":{},"actions":[{"type":"keyDown","value":"î€‡"},{"type":"pause","duration":10},{"type":"keyUp","value":"î€‡"}]}]}
RESULT: {}
RESULT: {"actions":[{"id":"action5","type":"key","parameters":{},"actions":[{"type":"keyDown","value":"î€‡"},{"type":"pause","duration":10},{"type":"keyUp","value":"î€‡"}]}]}
COMMAND: GET /session/999fc64afd1230ec64a2dd58c909e126/screenshot - {}
RESULT: {}
COMMAND: POST /session/999fc64afd1230ec64a2dd58c909e126/element - {"using":"xpath","value":"//span[contains(text(), \"Penguins - Field/12345 Berlin\")]"}
RESULT: {"using":"xpath","value":"//span[contains(text(), \"Penguins - Field/12345 Berlin\")]"}
COMMAND: POST /session/999fc64afd1230ec64a2dd58c909e126/element/f.8D00E63E7445179AA59B17F8E6C27F98.d.1A486FDE4BA29721121857AAA53702E4.e.1607/click - {}
RESULT: {}
COMMAND: GET /session/999fc64afd1230ec64a2dd58c909e126/screenshot - {}
RESULT: {}
COMMAND: POST /session/999fc64afd1230ec64a2dd58c909e126/element - {"using":"xpath","value":"//bdi[contains(text(), \"OK\")]"}
RESULT: {"using":"xpath","value":"//bdi[contains(text(), \"OK\")]"}
COMMAND: POST /session/999fc64afd1230ec64a2dd58c909e126/element/f.8D00E63E7445179AA59B17F8E6C27F98.d.1A486FDE4BA29721121857AAA53702E4.e.1608/click - {}
RESULT: {}
COMMAND: GET /session/999fc64afd1230ec64a2dd58c909e126/screenshot - {}
RESULT: {}
COMMAND: POST /session/999fc64afd1230ec64a2dd58c909e126/element - {"using":"xpath","value":"//button[@data-kt=\"saveButton\"]"}
RESULT: {"using":"xpath","value":"//button[@data-kt=\"saveButton\"]"}
COMMAND: POST /session/999fc64afd1230ec64a2dd58c909e126/element/f.8D00E63E7445179AA59B17F8E6C27F98.d.1A486FDE4BA29721121857AAA53702E4.e.1447/click - {}
RESULT: {}
COMMAND: GET /session/999fc64afd1230ec64a2dd58c909e126/screenshot - {}
RESULT: {}
COMMAND: POST /session/999fc64afd1230ec64a2dd58c909e126/element - {"using":"xpath","value":"//header[contains(@id, 'ObjectPageLayout-headerTitle')]/div[1]/div[2]/div[2]/span[1]"}
RESULT: {"using":"xpath","value":"//header[contains(@id, 'ObjectPageLayout-headerTitle')]/div[1]/div[2]/div[2]/span[1]"}
COMMAND: POST /session/999fc64afd1230ec64a2dd58c909e126/elements - {"using":"xpath","value":"//header[contains(@id, 'ObjectPageLayout-headerTitle')]/div[1]/div[2]/div[2]/span[1]"}
RESULT: {"using":"xpath","value":"//header[contains(@id, 'ObjectPageLayout-headerTitle')]/div[1]/div[2]/div[2]/span[1]"}
COMMAND: POST /session/999fc64afd1230ec64a2dd58c909e126/execute/sync - {"script":"<script> [56 bytes]","args":[{"element-6066-11e4-a52e-4f735466cecf":"f.8D00E63E7445179AA59B17F8E6C27F98.d.1A486FDE4BA29721121857AAA53702E4.e.1773","ELEMENT":"f.8D00E63E7445179AA59B17F8E6C27F98.d.1A486FDE4BA29721121857AAA53702E4.e.1773"}]}
RESULT: {"script":"<script> [56 bytes]","args":[{"element-6066-11e4-a52e-4f735466cecf":"f.8D00E63E7445179AA59B17F8E6C27F98.d.1A486FDE4BA29721121857AAA53702E4.e.1773","ELEMENT":"f.8D00E63E7445179AA59B17F8E6C27F98.d.1A486FDE4BA29721121857AAA53702E4.e.1773"}]}
COMMAND: POST /session/999fc64afd1230ec64a2dd58c909e126/element - {"using":"css selector","value":"#shell-header-logo"}
COMMAND: GET /session/999fc64afd1230ec64a2dd58c909e126/screenshot - {}
RESULT: {"using":"css selector","value":"#shell-header-logo"}
COMMAND: POST /session/999fc64afd1230ec64a2dd58c909e126/element/f.8D00E63E7445179AA59B17F8E6C27F98.d.1A486FDE4BA29721121857AAA53702E4.e.1022/click - {}
RESULT: {}
RESULT: {}
COMMAND: GET /session/999fc64afd1230ec64a2dd58c909e126/screenshot - {}
RESULT: {}
COMMAND: POST /session/999fc64afd1230ec64a2dd58c909e126/execute/sync - {"script":"<script> [299 bytes]","args":[["getModel","getResource"]]}
RESULT: {"script":"<script> [299 bytes]","args":[["getModel","getResource"]]}
COMMAND: GET /session/999fc64afd1230ec64a2dd58c909e126/screenshot - {}
]]></system-out>
    </testcase>
    <testcase classname="chrome.135_0_7049_96.windows.Billing_Transfer_-_Master_data_&amp;_Intercompany_US127250" name="Should create a new site" time="82.887">
      <system-out><![CDATA[
COMMAND: POST /session/999fc64afd1230ec64a2dd58c909e126/execute/async - {"script":"<script> [1562 bytes]","args":[{"selector":{"controlType":"sap.m.TileContent","bindingPath":{"path":"","propertyPath":"/properties/info"},"ancestor":{"controlType":"sap.m.GenericTile","properties":{"header":"Manage Sites"}}},"wdio_ui5_key":"sapm.TileContent{\"path\":\"\",\"propertyPath\":\"/properties/info\"}{\"controlType\":\"sap.m.GenericTile\",\"properties\":{\"header\":\"Manage Sites\"}}"}]}
RESULT: {}
RESULT: {"script":"<script> [1562 bytes]","args":[{"selector":{"controlType":"sap.m.TileContent","bindingPath":{"path":"","propertyPath":"/properties/info"},"ancestor":{"controlType":"sap.m.GenericTile","properties":{"header":"Manage Sites"}}},"wdio_ui5_key":"sapm.TileContent{\"path\":\"\",\"propertyPath\":\"/properties/info\"}{\"controlType\":\"sap.m.GenericTile\",\"properties\":{\"header\":\"Manage Sites\"}}"}]}
RESULT: undefined
COMMAND: POST /session/999fc64afd1230ec64a2dd58c909e126/element - {"using":"xpath","value":"//*[@id=\"__xmlview7--numericTileContent\"]"}
RESULT: {"using":"xpath","value":"//*[@id=\"__xmlview7--numericTileContent\"]"}
COMMAND: POST /session/999fc64afd1230ec64a2dd58c909e126/element/f.8D00E63E7445179AA59B17F8E6C27F98.d.1A486FDE4BA29721121857AAA53702E4.e.1775/click - {}
RESULT: {}
COMMAND: POST /session/999fc64afd1230ec64a2dd58c909e126/element - {"using":"xpath","value":"//button[@data-kt=\"addOverflowToolbarButton\"]"}
COMMAND: GET /session/999fc64afd1230ec64a2dd58c909e126/screenshot - {}
RESULT: {"using":"xpath","value":"//button[@data-kt=\"addOverflowToolbarButton\"]"}
COMMAND: POST /session/999fc64afd1230ec64a2dd58c909e126/elements - {"using":"xpath","value":"//button[@data-kt=\"addOverflowToolbarButton\"]"}
RESULT: {}
RESULT: {"using":"xpath","value":"//button[@data-kt=\"addOverflowToolbarButton\"]"}
COMMAND: POST /session/999fc64afd1230ec64a2dd58c909e126/elements - {"using":"xpath","value":"//button[@data-kt=\"addOverflowToolbarButton\"]"}
RESULT: {"using":"xpath","value":"//button[@data-kt=\"addOverflowToolbarButton\"]"}
COMMAND: POST /session/999fc64afd1230ec64a2dd58c909e126/elements - {"using":"xpath","value":"//button[@data-kt=\"addOverflowToolbarButton\"]"}
RESULT: {"using":"xpath","value":"//button[@data-kt=\"addOverflowToolbarButton\"]"}
COMMAND: POST /session/999fc64afd1230ec64a2dd58c909e126/elements - {"using":"xpath","value":"//button[@data-kt=\"addOverflowToolbarButton\"]"}
RESULT: {"using":"xpath","value":"//button[@data-kt=\"addOverflowToolbarButton\"]"}
COMMAND: POST /session/999fc64afd1230ec64a2dd58c909e126/element - {"using":"xpath","value":"//button[@data-kt=\"addOverflowToolbarButton\"]"}
RESULT: {"using":"xpath","value":"//button[@data-kt=\"addOverflowToolbarButton\"]"}
COMMAND: POST /session/999fc64afd1230ec64a2dd58c909e126/execute/sync - {"script":"<script> [8489 bytes]","args":[{"element-6066-11e4-a52e-4f735466cecf":"f.8D00E63E7445179AA59B17F8E6C27F98.d.1A486FDE4BA29721121857AAA53702E4.e.1821","ELEMENT":"f.8D00E63E7445179AA59B17F8E6C27F98.d.1A486FDE4BA29721121857AAA53702E4.e.1821"}]}
RESULT: {"script":"<script> [8489 bytes]","args":[{"element-6066-11e4-a52e-4f735466cecf":"f.8D00E63E7445179AA59B17F8E6C27F98.d.1A486FDE4BA29721121857AAA53702E4.e.1821","ELEMENT":"f.8D00E63E7445179AA59B17F8E6C27F98.d.1A486FDE4BA29721121857AAA53702E4.e.1821"}]}
COMMAND: GET /session/999fc64afd1230ec64a2dd58c909e126/element/f.8D00E63E7445179AA59B17F8E6C27F98.d.1A486FDE4BA29721121857AAA53702E4.e.1821/enabled - {}
COMMAND: GET /session/999fc64afd1230ec64a2dd58c909e126/screenshot - {}
RESULT: {}
COMMAND: POST /session/999fc64afd1230ec64a2dd58c909e126/execute/sync - {"script":"<script> [8489 bytes]","args":[{"element-6066-11e4-a52e-4f735466cecf":"f.8D00E63E7445179AA59B17F8E6C27F98.d.1A486FDE4BA29721121857AAA53702E4.e.1821","ELEMENT":"f.8D00E63E7445179AA59B17F8E6C27F98.d.1A486FDE4BA29721121857AAA53702E4.e.1821"}]}
COMMAND: GET /session/999fc64afd1230ec64a2dd58c909e126/screenshot - {}
RESULT: {}
RESULT: {"script":"<script> [8489 bytes]","args":[{"element-6066-11e4-a52e-4f735466cecf":"f.8D00E63E7445179AA59B17F8E6C27F98.d.1A486FDE4BA29721121857AAA53702E4.e.1821","ELEMENT":"f.8D00E63E7445179AA59B17F8E6C27F98.d.1A486FDE4BA29721121857AAA53702E4.e.1821"}]}
COMMAND: POST /session/999fc64afd1230ec64a2dd58c909e126/execute/sync - {"script":"<script> [5351 bytes]","args":[{"element-6066-11e4-a52e-4f735466cecf":"f.8D00E63E7445179AA59B17F8E6C27F98.d.1A486FDE4BA29721121857AAA53702E4.e.1821","ELEMENT":"f.8D00E63E7445179AA59B17F8E6C27F98.d.1A486FDE4BA29721121857AAA53702E4.e.1821"}]}
COMMAND: GET /session/999fc64afd1230ec64a2dd58c909e126/screenshot - {}
RESULT: {}
RESULT: {"script":"<script> [5351 bytes]","args":[{"element-6066-11e4-a52e-4f735466cecf":"f.8D00E63E7445179AA59B17F8E6C27F98.d.1A486FDE4BA29721121857AAA53702E4.e.1821","ELEMENT":"f.8D00E63E7445179AA59B17F8E6C27F98.d.1A486FDE4BA29721121857AAA53702E4.e.1821"}]}
COMMAND: POST /session/999fc64afd1230ec64a2dd58c909e126/element/f.8D00E63E7445179AA59B17F8E6C27F98.d.1A486FDE4BA29721121857AAA53702E4.e.1821/click - {}
COMMAND: GET /session/999fc64afd1230ec64a2dd58c909e126/screenshot - {}
RESULT: {}
RESULT: {}
COMMAND: GET /session/999fc64afd1230ec64a2dd58c909e126/screenshot - {}
RESULT: {}
RESULT: {}
COMMAND: POST /session/999fc64afd1230ec64a2dd58c909e126/execute/async - {"script":"<script> [1562 bytes]","args":[{"selector":{"id":"application-managesites-display-component---NewSite--addressDetailDetailsName1","interaction":{"idSuffix":"inner"}},"wdio_ui5_key":"applicationmanagesites-display-component---NewSite--addressDetailDetailsName1"}]}
RESULT: {"script":"<script> [1562 bytes]","args":[{"selector":{"id":"application-managesites-display-component---NewSite--addressDetailDetailsName1","interaction":{"idSuffix":"inner"}},"wdio_ui5_key":"applicationmanagesites-display-component---NewSite--addressDetailDetailsName1"}]}
RESULT: undefined
COMMAND: POST /session/999fc64afd1230ec64a2dd58c909e126/execute/async - {"script":"<script> [776 bytes]","args":[{"enterText":"Intercompany Site wdIO","selector":{"id":"application-managesites-display-component---NewSite--addressDetailDetailsName1","interaction":{"idSuffix":"inner"}},"clearTextFirst":true,"interactionType":"ENTER_TEXT"}]}
RESULT: {"script":"<script> [776 bytes]","args":[{"enterText":"Intercompany Site wdIO","selector":{"id":"application-managesites-display-component---NewSite--addressDetailDetailsName1","interaction":{"idSuffix":"inner"}},"clearTextFirst":true,"interactionType":"ENTER_TEXT"}]}
COMMAND: POST /session/999fc64afd1230ec64a2dd58c909e126/execute/async - {"script":"<script> [1562 bytes]","args":[{"selector":{"id":"application-managesites-display-component---NewSite--addressDetailDetailsLanguage-arrow"},"wdio_ui5_key":"applicationmanagesites-display-component---NewSite--addressDetailDetailsLanguage-arrow"}]}
RESULT: {"script":"<script> [1562 bytes]","args":[{"selector":{"id":"application-managesites-display-component---NewSite--addressDetailDetailsLanguage-arrow"},"wdio_ui5_key":"applicationmanagesites-display-component---NewSite--addressDetailDetailsLanguage-arrow"}]}
RESULT: undefined
COMMAND: POST /session/999fc64afd1230ec64a2dd58c909e126/element - {"using":"xpath","value":"//*[@id=\"application-managesites-display-component---NewSite--addressDetailDetailsLanguage-arrow\"]"}
RESULT: {"using":"xpath","value":"//*[@id=\"application-managesites-display-component---NewSite--addressDetailDetailsLanguage-arrow\"]"}
COMMAND: POST /session/999fc64afd1230ec64a2dd58c909e126/element/f.8D00E63E7445179AA59B17F8E6C27F98.d.1A486FDE4BA29721121857AAA53702E4.e.2236/click - {}
RESULT: {}
COMMAND: POST /session/999fc64afd1230ec64a2dd58c909e126/element - {"using":"xpath","value":"//span[contains(text(), \"English\")]"}
COMMAND: GET /session/999fc64afd1230ec64a2dd58c909e126/screenshot - {}
RESULT: {"using":"xpath","value":"//span[contains(text(), \"English\")]"}
COMMAND: POST /session/999fc64afd1230ec64a2dd58c909e126/element/f.8D00E63E7445179AA59B17F8E6C27F98.d.1A486FDE4BA29721121857AAA53702E4.e.2237/click - {}
RESULT: {}
RESULT: {}
COMMAND: POST /session/999fc64afd1230ec64a2dd58c909e126/execute/async - {"script":"<script> [1562 bytes]","args":[{"selector":{"id":"application-managesites-display-component---NewSite--addressDetailDetailsCity1","interaction":{"idSuffix":"inner"}},"wdio_ui5_key":"applicationmanagesites-display-component---NewSite--addressDetailDetailsCity1"}]}
COMMAND: GET /session/999fc64afd1230ec64a2dd58c909e126/screenshot - {}
RESULT: {"script":"<script> [1562 bytes]","args":[{"selector":{"id":"application-managesites-display-component---NewSite--addressDetailDetailsCity1","interaction":{"idSuffix":"inner"}},"wdio_ui5_key":"applicationmanagesites-display-component---NewSite--addressDetailDetailsCity1"}]}
RESULT: undefined
COMMAND: POST /session/999fc64afd1230ec64a2dd58c909e126/execute/async - {"script":"<script> [776 bytes]","args":[{"enterText":"Rosario","selector":{"id":"application-managesites-display-component---NewSite--addressDetailDetailsCity1","interaction":{"idSuffix":"inner"}},"clearTextFirst":true,"interactionType":"ENTER_TEXT"}]}
RESULT: {}
RESULT: {"script":"<script> [776 bytes]","args":[{"enterText":"Rosario","selector":{"id":"application-managesites-display-component---NewSite--addressDetailDetailsCity1","interaction":{"idSuffix":"inner"}},"clearTextFirst":true,"interactionType":"ENTER_TEXT"}]}
COMMAND: POST /session/999fc64afd1230ec64a2dd58c909e126/execute/async - {"script":"<script> [1562 bytes]","args":[{"selector":{"id":"application-managesites-display-component---NewSite--addressDetailDetailsCountry-arrow"},"wdio_ui5_key":"applicationmanagesites-display-component---NewSite--addressDetailDetailsCountry-arrow"}]}
RESULT: {"script":"<script> [1562 bytes]","args":[{"selector":{"id":"application-managesites-display-component---NewSite--addressDetailDetailsCountry-arrow"},"wdio_ui5_key":"applicationmanagesites-display-component---NewSite--addressDetailDetailsCountry-arrow"}]}
RESULT: undefined
COMMAND: POST /session/999fc64afd1230ec64a2dd58c909e126/element - {"using":"xpath","value":"//*[@id=\"application-managesites-display-component---NewSite--addressDetailDetailsCountry-arrow\"]"}
RESULT: {"using":"xpath","value":"//*[@id=\"application-managesites-display-component---NewSite--addressDetailDetailsCountry-arrow\"]"}
COMMAND: POST /session/999fc64afd1230ec64a2dd58c909e126/element/f.8D00E63E7445179AA59B17F8E6C27F98.d.1A486FDE4BA29721121857AAA53702E4.e.2239/click - {}
RESULT: {}
COMMAND: POST /session/999fc64afd1230ec64a2dd58c909e126/element - {"using":"xpath","value":"//span[contains(text(), \"Argentina\")]"}
COMMAND: GET /session/999fc64afd1230ec64a2dd58c909e126/screenshot - {}
RESULT: {"using":"xpath","value":"//span[contains(text(), \"Argentina\")]"}
COMMAND: POST /session/999fc64afd1230ec64a2dd58c909e126/element/f.8D00E63E7445179AA59B17F8E6C27F98.d.1A486FDE4BA29721121857AAA53702E4.e.2241/click - {}
RESULT: {}
RESULT: {}
COMMAND: GET /session/999fc64afd1230ec64a2dd58c909e126/screenshot - {}
RESULT: {}
COMMAND: POST /session/999fc64afd1230ec64a2dd58c909e126/execute/async - {"script":"<script> [1562 bytes]","args":[{"selector":{"id":"application-managesites-display-component---NewSite--addressEditDetailsCostObjectCstType-arrow"},"wdio_ui5_key":"applicationmanagesites-display-component---NewSite--addressEditDetailsCostObjectCstType-arrow"}]}
RESULT: {"script":"<script> [1562 bytes]","args":[{"selector":{"id":"application-managesites-display-component---NewSite--addressEditDetailsCostObjectCstType-arrow"},"wdio_ui5_key":"applicationmanagesites-display-component---NewSite--addressEditDetailsCostObjectCstType-arrow"}]}
RESULT: undefined
COMMAND: POST /session/999fc64afd1230ec64a2dd58c909e126/element - {"using":"xpath","value":"//*[@id=\"application-managesites-display-component---NewSite--addressEditDetailsCostObjectCstType-arrow\"]"}
RESULT: {"using":"xpath","value":"//*[@id=\"application-managesites-display-component---NewSite--addressEditDetailsCostObjectCstType-arrow\"]"}
COMMAND: POST /session/999fc64afd1230ec64a2dd58c909e126/element/f.8D00E63E7445179AA59B17F8E6C27F98.d.1A486FDE4BA29721121857AAA53702E4.e.2242/click - {}
RESULT: {}
COMMAND: POST /session/999fc64afd1230ec64a2dd58c909e126/element - {"using":"xpath","value":"//span[contains(text(), \"Cost Center\")]"}
COMMAND: GET /session/999fc64afd1230ec64a2dd58c909e126/screenshot - {}
RESULT: {"using":"xpath","value":"//span[contains(text(), \"Cost Center\")]"}
COMMAND: POST /session/999fc64afd1230ec64a2dd58c909e126/element/f.8D00E63E7445179AA59B17F8E6C27F98.d.1A486FDE4BA29721121857AAA53702E4.e.2243/click - {}
RESULT: {}
RESULT: {}
COMMAND: GET /session/999fc64afd1230ec64a2dd58c909e126/screenshot - {}
RESULT: {}
COMMAND: POST /session/999fc64afd1230ec64a2dd58c909e126/element - {"using":"xpath","value":"//span[@id=\"application-managesites-display-component---NewSite--addressNewCostObjectCstID-vhi\"]"}
RESULT: {"using":"xpath","value":"//span[@id=\"application-managesites-display-component---NewSite--addressNewCostObjectCstID-vhi\"]"}
COMMAND: POST /session/999fc64afd1230ec64a2dd58c909e126/execute/sync - {"script":"<script> [8489 bytes]","args":[{"element-6066-11e4-a52e-4f735466cecf":"f.8D00E63E7445179AA59B17F8E6C27F98.d.1A486FDE4BA29721121857AAA53702E4.e.2248","ELEMENT":"f.8D00E63E7445179AA59B17F8E6C27F98.d.1A486FDE4BA29721121857AAA53702E4.e.2248"}]}
RESULT: {"script":"<script> [8489 bytes]","args":[{"element-6066-11e4-a52e-4f735466cecf":"f.8D00E63E7445179AA59B17F8E6C27F98.d.1A486FDE4BA29721121857AAA53702E4.e.2248","ELEMENT":"f.8D00E63E7445179AA59B17F8E6C27F98.d.1A486FDE4BA29721121857AAA53702E4.e.2248"}]}
COMMAND: POST /session/999fc64afd1230ec64a2dd58c909e126/execute/async - {"script":"<script> [1562 bytes]","args":[{"selector":{"id":"application-managesites-display-component---NewSite--addressNewCostObjectCstID-vhi"},"wdio_ui5_key":"applicationmanagesites-display-component---NewSite--addressNewCostObjectCstID-vhi"}]}
COMMAND: GET /session/999fc64afd1230ec64a2dd58c909e126/screenshot - {}
RESULT: {"script":"<script> [1562 bytes]","args":[{"selector":{"id":"application-managesites-display-component---NewSite--addressNewCostObjectCstID-vhi"},"wdio_ui5_key":"applicationmanagesites-display-component---NewSite--addressNewCostObjectCstID-vhi"}]}
RESULT: undefined
COMMAND: POST /session/999fc64afd1230ec64a2dd58c909e126/element - {"using":"xpath","value":"//*[@id=\"application-managesites-display-component---NewSite--addressNewCostObjectCstID-vhi\"]"}
RESULT: {}
RESULT: {"using":"xpath","value":"//*[@id=\"application-managesites-display-component---NewSite--addressNewCostObjectCstID-vhi\"]"}
COMMAND: POST /session/999fc64afd1230ec64a2dd58c909e126/element/f.8D00E63E7445179AA59B17F8E6C27F98.d.1A486FDE4BA29721121857AAA53702E4.e.2248/click - {}
RESULT: {}
COMMAND: GET /session/999fc64afd1230ec64a2dd58c909e126/screenshot - {}
RESULT: {}
RESULT: undefined
COMMAND: POST /session/999fc64afd1230ec64a2dd58c909e126/execute/async - {"script":"<script> [776 bytes]","args":[{"enterText":"10001013","selector":{"controlType":"sap.m.SearchField","properties":{"placeholder":"Search"},"searchOpenDialogs":true,"interaction":{"idSuffix":"I"}},"clearTextFirst":true,"interactionType":"ENTER_TEXT"}]}
RESULT: {"script":"<script> [776 bytes]","args":[{"enterText":"10001013","selector":{"controlType":"sap.m.SearchField","properties":{"placeholder":"Search"},"searchOpenDialogs":true,"interaction":{"idSuffix":"I"}},"clearTextFirst":true,"interactionType":"ENTER_TEXT"}]}
COMMAND: POST /session/999fc64afd1230ec64a2dd58c909e126/actions - {"actions":[{"id":"action6","type":"key","parameters":{},"actions":[{"type":"keyDown","value":"î€‡"},{"type":"pause","duration":10},{"type":"keyUp","value":"î€‡"}]}]}
RESULT: {"actions":[{"id":"action6","type":"key","parameters":{},"actions":[{"type":"keyDown","value":"î€‡"},{"type":"pause","duration":10},{"type":"keyUp","value":"î€‡"}]}]}
COMMAND: GET /session/999fc64afd1230ec64a2dd58c909e126/screenshot - {}
RESULT: {}
COMMAND: POST /session/999fc64afd1230ec64a2dd58c909e126/element - {"using":"xpath","value":"//span[contains(text(), \"General Management\")]"}
RESULT: {"using":"xpath","value":"//span[contains(text(), \"General Management\")]"}
COMMAND: POST /session/999fc64afd1230ec64a2dd58c909e126/element/f.8D00E63E7445179AA59B17F8E6C27F98.d.1A486FDE4BA29721121857AAA53702E4.e.2288/click - {}
RESULT: {}
COMMAND: GET /session/999fc64afd1230ec64a2dd58c909e126/screenshot - {}
RESULT: {}
COMMAND: POST /session/999fc64afd1230ec64a2dd58c909e126/element - {"using":"xpath","value":"//bdi[contains(text(), \"OK\")]"}
RESULT: {"using":"xpath","value":"//bdi[contains(text(), \"OK\")]"}
COMMAND: POST /session/999fc64afd1230ec64a2dd58c909e126/element/f.8D00E63E7445179AA59B17F8E6C27F98.d.1A486FDE4BA29721121857AAA53702E4.e.2289/click - {}
RESULT: {}
COMMAND: GET /session/999fc64afd1230ec64a2dd58c909e126/screenshot - {}
RESULT: {}
COMMAND: POST /session/999fc64afd1230ec64a2dd58c909e126/element - {"using":"xpath","value":"//input[@id=\"application-managesites-display-component---NewSite--addressDetailDetailsCalendar-inner\"]"}
RESULT: {"using":"xpath","value":"//input[@id=\"application-managesites-display-component---NewSite--addressDetailDetailsCalendar-inner\"]"}
COMMAND: POST /session/999fc64afd1230ec64a2dd58c909e126/element/f.8D00E63E7445179AA59B17F8E6C27F98.d.1A486FDE4BA29721121857AAA53702E4.e.2027/clear - {}
RESULT: {}
COMMAND: POST /session/999fc64afd1230ec64a2dd58c909e126/element/f.8D00E63E7445179AA59B17F8E6C27F98.d.1A486FDE4BA29721121857AAA53702E4.e.2027/value - {"text":"Unit"}
COMMAND: GET /session/999fc64afd1230ec64a2dd58c909e126/screenshot - {}
RESULT: {"text":"Unit"}
COMMAND: GET /session/999fc64afd1230ec64a2dd58c909e126/screenshot - {}
RESULT: {}
RESULT: {}
COMMAND: POST /session/999fc64afd1230ec64a2dd58c909e126/actions - {"actions":[{"id":"action7","type":"key","parameters":{},"actions":[{"type":"keyDown","value":"î€‡"},{"type":"pause","duration":10},{"type":"keyUp","value":"î€‡"}]}]}
RESULT: {"actions":[{"id":"action7","type":"key","parameters":{},"actions":[{"type":"keyDown","value":"î€‡"},{"type":"pause","duration":10},{"type":"keyUp","value":"î€‡"}]}]}
COMMAND: POST /session/999fc64afd1230ec64a2dd58c909e126/element - {"using":"xpath","value":"//input[@id=\"application-managesites-display-component---NewSite--addressDetailDetailsYard-inner\"]"}
COMMAND: GET /session/999fc64afd1230ec64a2dd58c909e126/screenshot - {}
RESULT: {"using":"xpath","value":"//input[@id=\"application-managesites-display-component---NewSite--addressDetailDetailsYard-inner\"]"}
COMMAND: POST /session/999fc64afd1230ec64a2dd58c909e126/element/f.8D00E63E7445179AA59B17F8E6C27F98.d.1A486FDE4BA29721121857AAA53702E4.e.2028/clear - {}
RESULT: {}
RESULT: {}
COMMAND: POST /session/999fc64afd1230ec64a2dd58c909e126/element/f.8D00E63E7445179AA59B17F8E6C27F98.d.1A486FDE4BA29721121857AAA53702E4.e.2028/value - {"text":"615"}
COMMAND: GET /session/999fc64afd1230ec64a2dd58c909e126/screenshot - {}
RESULT: {"text":"615"}
COMMAND: GET /session/999fc64afd1230ec64a2dd58c909e126/screenshot - {}
RESULT: {}
RESULT: {}
COMMAND: POST /session/999fc64afd1230ec64a2dd58c909e126/element - {"using":"xpath","value":"//li[.//span[text()='615']]"}
RESULT: {"using":"xpath","value":"//li[.//span[text()='615']]"}
COMMAND: POST /session/999fc64afd1230ec64a2dd58c909e126/element/f.8D00E63E7445179AA59B17F8E6C27F98.d.1A486FDE4BA29721121857AAA53702E4.e.2315/click - {}
RESULT: {}
COMMAND: GET /session/999fc64afd1230ec64a2dd58c909e126/screenshot - {}
RESULT: {}
COMMAND: POST /session/999fc64afd1230ec64a2dd58c909e126/element - {"using":"xpath","value":"//input[@id=\"application-managesites-display-component---NewSite--addressDetailDetailsPartner-inner\"]"}
RESULT: {"using":"xpath","value":"//input[@id=\"application-managesites-display-component---NewSite--addressDetailDetailsPartner-inner\"]"}
COMMAND: POST /session/999fc64afd1230ec64a2dd58c909e126/element - {"using":"xpath","value":"//input[@id=\"application-managesites-display-component---NewSite--addressDetailDetailsPartner-inner\"]"}
RESULT: {"using":"xpath","value":"//input[@id=\"application-managesites-display-component---NewSite--addressDetailDetailsPartner-inner\"]"}
COMMAND: POST /session/999fc64afd1230ec64a2dd58c909e126/element - {"using":"xpath","value":"//button[@data-kt=\"saveButton\"]"}
RESULT: {"using":"xpath","value":"//button[@data-kt=\"saveButton\"]"}
COMMAND: POST /session/999fc64afd1230ec64a2dd58c909e126/element/f.8D00E63E7445179AA59B17F8E6C27F98.d.1A486FDE4BA29721121857AAA53702E4.e.2191/click - {}
RESULT: {}
COMMAND: GET /session/999fc64afd1230ec64a2dd58c909e126/screenshot - {}
RESULT: {}
COMMAND: POST /session/999fc64afd1230ec64a2dd58c909e126/element - {"using":"xpath","value":"//header[contains(@id, 'ObjectPageLayout-headerTitle')]/div[1]/div[2]/div[2]/span[1]"}
RESULT: {"using":"xpath","value":"//header[contains(@id, 'ObjectPageLayout-headerTitle')]/div[1]/div[2]/div[2]/span[1]"}
COMMAND: POST /session/999fc64afd1230ec64a2dd58c909e126/elements - {"using":"xpath","value":"//header[contains(@id, 'ObjectPageLayout-headerTitle')]/div[1]/div[2]/div[2]/span[1]"}
RESULT: {"using":"xpath","value":"//header[contains(@id, 'ObjectPageLayout-headerTitle')]/div[1]/div[2]/div[2]/span[1]"}
COMMAND: POST /session/999fc64afd1230ec64a2dd58c909e126/execute/sync - {"script":"<script> [56 bytes]","args":[{"element-6066-11e4-a52e-4f735466cecf":"f.8D00E63E7445179AA59B17F8E6C27F98.d.1A486FDE4BA29721121857AAA53702E4.e.2518","ELEMENT":"f.8D00E63E7445179AA59B17F8E6C27F98.d.1A486FDE4BA29721121857AAA53702E4.e.2518"}]}
RESULT: {"script":"<script> [56 bytes]","args":[{"element-6066-11e4-a52e-4f735466cecf":"f.8D00E63E7445179AA59B17F8E6C27F98.d.1A486FDE4BA29721121857AAA53702E4.e.2518","ELEMENT":"f.8D00E63E7445179AA59B17F8E6C27F98.d.1A486FDE4BA29721121857AAA53702E4.e.2518"}]}
COMMAND: POST /session/999fc64afd1230ec64a2dd58c909e126/element - {"using":"css selector","value":"#shell-header-logo"}
COMMAND: GET /session/999fc64afd1230ec64a2dd58c909e126/screenshot - {}
RESULT: {"using":"css selector","value":"#shell-header-logo"}
COMMAND: POST /session/999fc64afd1230ec64a2dd58c909e126/element/f.8D00E63E7445179AA59B17F8E6C27F98.d.1A486FDE4BA29721121857AAA53702E4.e.1779/click - {}
RESULT: {}
RESULT: {}
COMMAND: GET /session/999fc64afd1230ec64a2dd58c909e126/screenshot - {}
RESULT: {}
COMMAND: POST /session/999fc64afd1230ec64a2dd58c909e126/execute/sync - {"script":"<script> [299 bytes]","args":[["getModel","getResource"]]}
RESULT: {"script":"<script> [299 bytes]","args":[["getModel","getResource"]]}
]]></system-out>
    </testcase>
    <testcase classname="chrome.135_0_7049_96.windows.Billing_Transfer_-_Master_data_&amp;_Intercompany_US127250" name="Should create a new equipment" time="112.116">
      <system-out><![CDATA[
COMMAND: GET /session/999fc64afd1230ec64a2dd58c909e126/screenshot - {}
COMMAND: POST /session/999fc64afd1230ec64a2dd58c909e126/execute/async - {"script":"<script> [1562 bytes]","args":[{"selector":{"controlType":"sap.m.GenericTile","properties":{"header":"Manage Resources"}},"wdio_ui5_key":"sapm.GenericTile{\"header\":\"Manage Resources\"}"}]}
RESULT: {}
RESULT: {"script":"<script> [1562 bytes]","args":[{"selector":{"controlType":"sap.m.GenericTile","properties":{"header":"Manage Resources"}},"wdio_ui5_key":"sapm.GenericTile{\"header\":\"Manage Resources\"}"}]}
RESULT: undefined
COMMAND: POST /session/999fc64afd1230ec64a2dd58c909e126/element - {"using":"xpath","value":"//*[@id=\"__tile39\"]"}
RESULT: {"using":"xpath","value":"//*[@id=\"__tile39\"]"}
COMMAND: POST /session/999fc64afd1230ec64a2dd58c909e126/element/f.8D00E63E7445179AA59B17F8E6C27F98.d.1A486FDE4BA29721121857AAA53702E4.e.153/click - {}
RESULT: {}
COMMAND: POST /session/999fc64afd1230ec64a2dd58c909e126/element - {"using":"xpath","value":"//button[@data-kt=\"addNewRUOverflowToolbarButton\"]"}
COMMAND: GET /session/999fc64afd1230ec64a2dd58c909e126/screenshot - {}
RESULT: {"using":"xpath","value":"//button[@data-kt=\"addNewRUOverflowToolbarButton\"]"}
COMMAND: POST /session/999fc64afd1230ec64a2dd58c909e126/elements - {"using":"xpath","value":"//button[@data-kt=\"addNewRUOverflowToolbarButton\"]"}
RESULT: {}
RESULT: {"using":"xpath","value":"//button[@data-kt=\"addNewRUOverflowToolbarButton\"]"}
COMMAND: POST /session/999fc64afd1230ec64a2dd58c909e126/elements - {"using":"xpath","value":"//button[@data-kt=\"addNewRUOverflowToolbarButton\"]"}
RESULT: {"using":"xpath","value":"//button[@data-kt=\"addNewRUOverflowToolbarButton\"]"}
COMMAND: POST /session/999fc64afd1230ec64a2dd58c909e126/elements - {"using":"xpath","value":"//button[@data-kt=\"addNewRUOverflowToolbarButton\"]"}
RESULT: {"using":"xpath","value":"//button[@data-kt=\"addNewRUOverflowToolbarButton\"]"}
COMMAND: POST /session/999fc64afd1230ec64a2dd58c909e126/elements - {"using":"xpath","value":"//button[@data-kt=\"addNewRUOverflowToolbarButton\"]"}
RESULT: {"using":"xpath","value":"//button[@data-kt=\"addNewRUOverflowToolbarButton\"]"}
COMMAND: POST /session/999fc64afd1230ec64a2dd58c909e126/elements - {"using":"xpath","value":"//button[@data-kt=\"addNewRUOverflowToolbarButton\"]"}
RESULT: {"using":"xpath","value":"//button[@data-kt=\"addNewRUOverflowToolbarButton\"]"}
COMMAND: POST /session/999fc64afd1230ec64a2dd58c909e126/elements - {"using":"xpath","value":"//button[@data-kt=\"addNewRUOverflowToolbarButton\"]"}
RESULT: {"using":"xpath","value":"//button[@data-kt=\"addNewRUOverflowToolbarButton\"]"}
COMMAND: POST /session/999fc64afd1230ec64a2dd58c909e126/elements - {"using":"xpath","value":"//button[@data-kt=\"addNewRUOverflowToolbarButton\"]"}
RESULT: {"using":"xpath","value":"//button[@data-kt=\"addNewRUOverflowToolbarButton\"]"}
COMMAND: POST /session/999fc64afd1230ec64a2dd58c909e126/elements - {"using":"xpath","value":"//button[@data-kt=\"addNewRUOverflowToolbarButton\"]"}
RESULT: {"using":"xpath","value":"//button[@data-kt=\"addNewRUOverflowToolbarButton\"]"}
COMMAND: POST /session/999fc64afd1230ec64a2dd58c909e126/elements - {"using":"xpath","value":"//button[@data-kt=\"addNewRUOverflowToolbarButton\"]"}
RESULT: {"using":"xpath","value":"//button[@data-kt=\"addNewRUOverflowToolbarButton\"]"}
COMMAND: POST /session/999fc64afd1230ec64a2dd58c909e126/elements - {"using":"xpath","value":"//button[@data-kt=\"addNewRUOverflowToolbarButton\"]"}
RESULT: {"using":"xpath","value":"//button[@data-kt=\"addNewRUOverflowToolbarButton\"]"}
COMMAND: POST /session/999fc64afd1230ec64a2dd58c909e126/elements - {"using":"xpath","value":"//button[@data-kt=\"addNewRUOverflowToolbarButton\"]"}
RESULT: {"using":"xpath","value":"//button[@data-kt=\"addNewRUOverflowToolbarButton\"]"}
COMMAND: POST /session/999fc64afd1230ec64a2dd58c909e126/element - {"using":"xpath","value":"//button[@data-kt=\"addNewRUOverflowToolbarButton\"]"}
RESULT: {"using":"xpath","value":"//button[@data-kt=\"addNewRUOverflowToolbarButton\"]"}
COMMAND: POST /session/999fc64afd1230ec64a2dd58c909e126/execute/sync - {"script":"<script> [8489 bytes]","args":[{"element-6066-11e4-a52e-4f735466cecf":"f.8D00E63E7445179AA59B17F8E6C27F98.d.1A486FDE4BA29721121857AAA53702E4.e.2550","ELEMENT":"f.8D00E63E7445179AA59B17F8E6C27F98.d.1A486FDE4BA29721121857AAA53702E4.e.2550"}]}
RESULT: {"script":"<script> [8489 bytes]","args":[{"element-6066-11e4-a52e-4f735466cecf":"f.8D00E63E7445179AA59B17F8E6C27F98.d.1A486FDE4BA29721121857AAA53702E4.e.2550","ELEMENT":"f.8D00E63E7445179AA59B17F8E6C27F98.d.1A486FDE4BA29721121857AAA53702E4.e.2550"}]}
COMMAND: GET /session/999fc64afd1230ec64a2dd58c909e126/element/f.8D00E63E7445179AA59B17F8E6C27F98.d.1A486FDE4BA29721121857AAA53702E4.e.2550/enabled - {}
COMMAND: GET /session/999fc64afd1230ec64a2dd58c909e126/screenshot - {}
RESULT: {}
COMMAND: POST /session/999fc64afd1230ec64a2dd58c909e126/execute/sync - {"script":"<script> [8489 bytes]","args":[{"element-6066-11e4-a52e-4f735466cecf":"f.8D00E63E7445179AA59B17F8E6C27F98.d.1A486FDE4BA29721121857AAA53702E4.e.2550","ELEMENT":"f.8D00E63E7445179AA59B17F8E6C27F98.d.1A486FDE4BA29721121857AAA53702E4.e.2550"}]}
COMMAND: GET /session/999fc64afd1230ec64a2dd58c909e126/screenshot - {}
RESULT: {}
RESULT: {"script":"<script> [8489 bytes]","args":[{"element-6066-11e4-a52e-4f735466cecf":"f.8D00E63E7445179AA59B17F8E6C27F98.d.1A486FDE4BA29721121857AAA53702E4.e.2550","ELEMENT":"f.8D00E63E7445179AA59B17F8E6C27F98.d.1A486FDE4BA29721121857AAA53702E4.e.2550"}]}
COMMAND: POST /session/999fc64afd1230ec64a2dd58c909e126/execute/sync - {"script":"<script> [5351 bytes]","args":[{"element-6066-11e4-a52e-4f735466cecf":"f.8D00E63E7445179AA59B17F8E6C27F98.d.1A486FDE4BA29721121857AAA53702E4.e.2550","ELEMENT":"f.8D00E63E7445179AA59B17F8E6C27F98.d.1A486FDE4BA29721121857AAA53702E4.e.2550"}]}
COMMAND: GET /session/999fc64afd1230ec64a2dd58c909e126/screenshot - {}
RESULT: {}
RESULT: {"script":"<script> [5351 bytes]","args":[{"element-6066-11e4-a52e-4f735466cecf":"f.8D00E63E7445179AA59B17F8E6C27F98.d.1A486FDE4BA29721121857AAA53702E4.e.2550","ELEMENT":"f.8D00E63E7445179AA59B17F8E6C27F98.d.1A486FDE4BA29721121857AAA53702E4.e.2550"}]}
COMMAND: POST /session/999fc64afd1230ec64a2dd58c909e126/element/f.8D00E63E7445179AA59B17F8E6C27F98.d.1A486FDE4BA29721121857AAA53702E4.e.2550/click - {}
COMMAND: GET /session/999fc64afd1230ec64a2dd58c909e126/screenshot - {}
RESULT: {}
RESULT: {}
COMMAND: GET /session/999fc64afd1230ec64a2dd58c909e126/screenshot - {}
COMMAND: POST /session/999fc64afd1230ec64a2dd58c909e126/execute/async - {"script":"<script> [1562 bytes]","args":[{"selector":{"id":"application-manageresources-display-component---newResourceUnit--TYPE-arrow"},"wdio_ui5_key":"applicationmanageresources-display-component---newResourceUnit--TYPE-arrow"}]}
RESULT: {}
RESULT: {}
RESULT: {"script":"<script> [1562 bytes]","args":[{"selector":{"id":"application-manageresources-display-component---newResourceUnit--TYPE-arrow"},"wdio_ui5_key":"applicationmanageresources-display-component---newResourceUnit--TYPE-arrow"}]}
RESULT: undefined
COMMAND: POST /session/999fc64afd1230ec64a2dd58c909e126/element - {"using":"xpath","value":"//*[@id=\"application-manageresources-display-component---newResourceUnit--TYPE-arrow\"]"}
RESULT: {"using":"xpath","value":"//*[@id=\"application-manageresources-display-component---newResourceUnit--TYPE-arrow\"]"}
COMMAND: POST /session/999fc64afd1230ec64a2dd58c909e126/element/f.8D00E63E7445179AA59B17F8E6C27F98.d.1A486FDE4BA29721121857AAA53702E4.e.2927/click - {}
RESULT: {}
COMMAND: POST /session/999fc64afd1230ec64a2dd58c909e126/element - {"using":"xpath","value":"//input[@id=\"application-manageresources-display-component---newResourceUnit--TYPE-inner\"]"}
COMMAND: GET /session/999fc64afd1230ec64a2dd58c909e126/screenshot - {}
RESULT: {"using":"xpath","value":"//input[@id=\"application-manageresources-display-component---newResourceUnit--TYPE-inner\"]"}
COMMAND: POST /session/999fc64afd1230ec64a2dd58c909e126/element/f.8D00E63E7445179AA59B17F8E6C27F98.d.1A486FDE4BA29721121857AAA53702E4.e.2909/clear - {}
RESULT: {}
RESULT: {}
COMMAND: POST /session/999fc64afd1230ec64a2dd58c909e126/element/f.8D00E63E7445179AA59B17F8E6C27F98.d.1A486FDE4BA29721121857AAA53702E4.e.2909/value - {"text":"Equipment"}
COMMAND: GET /session/999fc64afd1230ec64a2dd58c909e126/screenshot - {}
RESULT: {"text":"Equipment"}
COMMAND: GET /session/999fc64afd1230ec64a2dd58c909e126/screenshot - {}
RESULT: {}
RESULT: {}
COMMAND: POST /session/999fc64afd1230ec64a2dd58c909e126/actions - {"actions":[{"id":"action8","type":"key","parameters":{},"actions":[{"type":"keyDown","value":"î€‡"},{"type":"pause","duration":10},{"type":"keyUp","value":"î€‡"}]}]}
RESULT: {"actions":[{"id":"action8","type":"key","parameters":{},"actions":[{"type":"keyDown","value":"î€‡"},{"type":"pause","duration":10},{"type":"keyUp","value":"î€‡"}]}]}
COMMAND: POST /session/999fc64afd1230ec64a2dd58c909e126/execute/async - {"script":"<script> [1562 bytes]","args":[{"selector":{"id":"application-manageresources-display-component---newResourceUnit--resourceId","interaction":{"idSuffix":"inner"}},"wdio_ui5_key":"applicationmanageresources-display-component---newResourceUnit--resourceId"}]}
COMMAND: GET /session/999fc64afd1230ec64a2dd58c909e126/screenshot - {}
RESULT: {"script":"<script> [1562 bytes]","args":[{"selector":{"id":"application-manageresources-display-component---newResourceUnit--resourceId","interaction":{"idSuffix":"inner"}},"wdio_ui5_key":"applicationmanageresources-display-component---newResourceUnit--resourceId"}]}
RESULT: undefined
COMMAND: POST /session/999fc64afd1230ec64a2dd58c909e126/execute/async - {"script":"<script> [776 bytes]","args":[{"enterText":"MYRVQX3ccR","selector":{"id":"application-manageresources-display-component---newResourceUnit--resourceId","interaction":{"idSuffix":"inner"}},"clearTextFirst":true,"interactionType":"ENTER_TEXT"}]}
RESULT: {}
RESULT: {"script":"<script> [776 bytes]","args":[{"enterText":"MYRVQX3ccR","selector":{"id":"application-manageresources-display-component---newResourceUnit--resourceId","interaction":{"idSuffix":"inner"}},"clearTextFirst":true,"interactionType":"ENTER_TEXT"}]}
COMMAND: POST /session/999fc64afd1230ec64a2dd58c909e126/execute/async - {"script":"<script> [1562 bytes]","args":[{"selector":{"id":"application-manageresources-display-component---newResourceUnit--SHORT_TEXT","interaction":{"idSuffix":"inner"}},"wdio_ui5_key":"applicationmanageresources-display-component---newResourceUnit--SHORT_TEXT"}]}
RESULT: {"script":"<script> [1562 bytes]","args":[{"selector":{"id":"application-manageresources-display-component---newResourceUnit--SHORT_TEXT","interaction":{"idSuffix":"inner"}},"wdio_ui5_key":"applicationmanageresources-display-component---newResourceUnit--SHORT_TEXT"}]}
RESULT: undefined
COMMAND: POST /session/999fc64afd1230ec64a2dd58c909e126/execute/async - {"script":"<script> [776 bytes]","args":[{"enterText":"Intercompany Equipment WDIO","selector":{"id":"application-manageresources-display-component---newResourceUnit--SHORT_TEXT","interaction":{"idSuffix":"inner"}},"clearTextFirst":true,"interactionType":"ENTER_TEXT"}]}
RESULT: {"script":"<script> [776 bytes]","args":[{"enterText":"Intercompany Equipment WDIO","selector":{"id":"application-manageresources-display-component---newResourceUnit--SHORT_TEXT","interaction":{"idSuffix":"inner"}},"clearTextFirst":true,"interactionType":"ENTER_TEXT"}]}
COMMAND: POST /session/999fc64afd1230ec64a2dd58c909e126/execute/async - {"script":"<script> [1562 bytes]","args":[{"selector":{"id":"application-manageresources-display-component---newResourceUnit--BASE_UNIT_OF_MEASURE","interaction":{"idSuffix":"inner"}},"wdio_ui5_key":"applicationmanageresources-display-component---newResourceUnit--BASE_UNIT_OF_MEASURE"}]}
RESULT: {"script":"<script> [1562 bytes]","args":[{"selector":{"id":"application-manageresources-display-component---newResourceUnit--BASE_UNIT_OF_MEASURE","interaction":{"idSuffix":"inner"}},"wdio_ui5_key":"applicationmanageresources-display-component---newResourceUnit--BASE_UNIT_OF_MEASURE"}]}
RESULT: undefined
COMMAND: POST /session/999fc64afd1230ec64a2dd58c909e126/execute/async - {"script":"<script> [776 bytes]","args":[{"enterText":"Piece","selector":{"id":"application-manageresources-display-component---newResourceUnit--BASE_UNIT_OF_MEASURE","interaction":{"idSuffix":"inner"}},"clearTextFirst":true,"interactionType":"ENTER_TEXT"}]}
RESULT: {"script":"<script> [776 bytes]","args":[{"enterText":"Piece","selector":{"id":"application-manageresources-display-component---newResourceUnit--BASE_UNIT_OF_MEASURE","interaction":{"idSuffix":"inner"}},"clearTextFirst":true,"interactionType":"ENTER_TEXT"}]}
COMMAND: POST /session/999fc64afd1230ec64a2dd58c909e126/execute/async - {"script":"<script> [1562 bytes]","args":[{"selector":{"id":"application-manageresources-display-component---newResourceUnit--WEIGHT_UNIT","interaction":{"idSuffix":"inner"}},"wdio_ui5_key":"applicationmanageresources-display-component---newResourceUnit--WEIGHT_UNIT"}]}
RESULT: {"script":"<script> [1562 bytes]","args":[{"selector":{"id":"application-manageresources-display-component---newResourceUnit--WEIGHT_UNIT","interaction":{"idSuffix":"inner"}},"wdio_ui5_key":"applicationmanageresources-display-component---newResourceUnit--WEIGHT_UNIT"}]}
RESULT: undefined
COMMAND: POST /session/999fc64afd1230ec64a2dd58c909e126/execute/async - {"script":"<script> [776 bytes]","args":[{"enterText":"Gram","selector":{"id":"application-manageresources-display-component---newResourceUnit--WEIGHT_UNIT","interaction":{"idSuffix":"inner"}},"clearTextFirst":true,"interactionType":"ENTER_TEXT"}]}
RESULT: {"script":"<script> [776 bytes]","args":[{"enterText":"Gram","selector":{"id":"application-manageresources-display-component---newResourceUnit--WEIGHT_UNIT","interaction":{"idSuffix":"inner"}},"clearTextFirst":true,"interactionType":"ENTER_TEXT"}]}
COMMAND: POST /session/999fc64afd1230ec64a2dd58c909e126/execute/async - {"script":"<script> [1562 bytes]","args":[{"selector":{"id":"application-manageresources-display-component---newResourceUnit--DIMENSION_UNIT","interaction":{"idSuffix":"inner"}},"wdio_ui5_key":"applicationmanageresources-display-component---newResourceUnit--DIMENSION_UNIT"}]}
RESULT: {"script":"<script> [1562 bytes]","args":[{"selector":{"id":"application-manageresources-display-component---newResourceUnit--DIMENSION_UNIT","interaction":{"idSuffix":"inner"}},"wdio_ui5_key":"applicationmanageresources-display-component---newResourceUnit--DIMENSION_UNIT"}]}
RESULT: undefined
COMMAND: POST /session/999fc64afd1230ec64a2dd58c909e126/execute/async - {"script":"<script> [776 bytes]","args":[{"enterText":"Meter","selector":{"id":"application-manageresources-display-component---newResourceUnit--DIMENSION_UNIT","interaction":{"idSuffix":"inner"}},"clearTextFirst":true,"interactionType":"ENTER_TEXT"}]}
RESULT: {"script":"<script> [776 bytes]","args":[{"enterText":"Meter","selector":{"id":"application-manageresources-display-component---newResourceUnit--DIMENSION_UNIT","interaction":{"idSuffix":"inner"}},"clearTextFirst":true,"interactionType":"ENTER_TEXT"}]}
COMMAND: POST /session/999fc64afd1230ec64a2dd58c909e126/execute/async - {"script":"<script> [1562 bytes]","args":[{"selector":{"id":"application-manageresources-display-component---newResourceUnit--newRRUPage-anchBar-application-manageresources-display-component---newResourceUnit--control-anchor","interaction":{"idSuffix":"BDI-content"}},"wdio_ui5_key":"applicationmanageresources-display-component---newResourceUnit--newRRUPage-anchBar-application-manageresources-display-component---newResourceUnit--control-anchor"}]}
RESULT: {"script":"<script> [1562 bytes]","args":[{"selector":{"id":"application-manageresources-display-component---newResourceUnit--newRRUPage-anchBar-application-manageresources-display-component---newResourceUnit--control-anchor","interaction":{"idSuffix":"BDI-content"}},"wdio_ui5_key":"applicationmanageresources-display-component---newResourceUnit--newRRUPage-anchBar-application-manageresources-display-component---newResourceUnit--control-anchor"}]}
RESULT: undefined
COMMAND: POST /session/999fc64afd1230ec64a2dd58c909e126/element - {"using":"xpath","value":"//*[@id=\"application-manageresources-display-component---newResourceUnit--newRRUPage-anchBar-application-manageresources-display-component---newResourceUnit--control-anchor\"]"}
RESULT: {"using":"xpath","value":"//*[@id=\"application-manageresources-display-component---newResourceUnit--newRRUPage-anchBar-application-manageresources-display-component---newResourceUnit--control-anchor\"]"}
COMMAND: POST /session/999fc64afd1230ec64a2dd58c909e126/element/f.8D00E63E7445179AA59B17F8E6C27F98.d.1A486FDE4BA29721121857AAA53702E4.e.3059/click - {}
RESULT: {}
COMMAND: POST /session/999fc64afd1230ec64a2dd58c909e126/execute/async - {"script":"<script> [1562 bytes]","args":[{"selector":{"id":"application-manageresources-display-component---newResourceUnit--PLANNING_GROUP","interaction":{"idSuffix":"inner"}},"wdio_ui5_key":"applicationmanageresources-display-component---newResourceUnit--PLANNING_GROUP"}]}
COMMAND: GET /session/999fc64afd1230ec64a2dd58c909e126/screenshot - {}
RESULT: {"script":"<script> [1562 bytes]","args":[{"selector":{"id":"application-manageresources-display-component---newResourceUnit--PLANNING_GROUP","interaction":{"idSuffix":"inner"}},"wdio_ui5_key":"applicationmanageresources-display-component---newResourceUnit--PLANNING_GROUP"}]}
RESULT: undefined
COMMAND: POST /session/999fc64afd1230ec64a2dd58c909e126/execute/async - {"script":"<script> [776 bytes]","args":[{"enterText":"Heavy Equi","selector":{"id":"application-manageresources-display-component---newResourceUnit--PLANNING_GROUP","interaction":{"idSuffix":"inner"}},"clearTextFirst":true,"interactionType":"ENTER_TEXT"}]}
RESULT: {}
RESULT: {"script":"<script> [776 bytes]","args":[{"enterText":"Heavy Equi","selector":{"id":"application-manageresources-display-component---newResourceUnit--PLANNING_GROUP","interaction":{"idSuffix":"inner"}},"clearTextFirst":true,"interactionType":"ENTER_TEXT"}]}
COMMAND: POST /session/999fc64afd1230ec64a2dd58c909e126/execute/async - {"script":"<script> [1562 bytes]","args":[{"selector":{"id":"application-manageresources-display-component---newResourceUnit--ITEM_TYPE-arrow"},"wdio_ui5_key":"applicationmanageresources-display-component---newResourceUnit--ITEM_TYPE-arrow"}]}
RESULT: {"script":"<script> [1562 bytes]","args":[{"selector":{"id":"application-manageresources-display-component---newResourceUnit--ITEM_TYPE-arrow"},"wdio_ui5_key":"applicationmanageresources-display-component---newResourceUnit--ITEM_TYPE-arrow"}]}
RESULT: undefined
COMMAND: POST /session/999fc64afd1230ec64a2dd58c909e126/element - {"using":"xpath","value":"//*[@id=\"application-manageresources-display-component---newResourceUnit--ITEM_TYPE-arrow\"]"}
RESULT: {"using":"xpath","value":"//*[@id=\"application-manageresources-display-component---newResourceUnit--ITEM_TYPE-arrow\"]"}
COMMAND: POST /session/999fc64afd1230ec64a2dd58c909e126/element/f.8D00E63E7445179AA59B17F8E6C27F98.d.1A486FDE4BA29721121857AAA53702E4.e.3068/click - {}
RESULT: {}
COMMAND: POST /session/999fc64afd1230ec64a2dd58c909e126/element - {"using":"xpath","value":"(//span[contains(text(), \"Resource Unit\")])[2]"}
COMMAND: GET /session/999fc64afd1230ec64a2dd58c909e126/screenshot - {}
RESULT: {"using":"xpath","value":"(//span[contains(text(), \"Resource Unit\")])[2]"}
COMMAND: POST /session/999fc64afd1230ec64a2dd58c909e126/element/f.8D00E63E7445179AA59B17F8E6C27F98.d.1A486FDE4BA29721121857AAA53702E4.e.3069/click - {}
RESULT: {}
RESULT: {}
COMMAND: GET /session/999fc64afd1230ec64a2dd58c909e126/screenshot - {}
RESULT: {}
COMMAND: POST /session/999fc64afd1230ec64a2dd58c909e126/element - {"using":"css selector","value":"#application-manageresources-display-component---newResourceUnit--btnAddTimeSegment"}
RESULT: {"using":"css selector","value":"#application-manageresources-display-component---newResourceUnit--btnAddTimeSegment"}
COMMAND: GET /session/999fc64afd1230ec64a2dd58c909e126/element/f.8D00E63E7445179AA59B17F8E6C27F98.d.1A486FDE4BA29721121857AAA53702E4.e.3070/rect - {}
RESULT: {}
COMMAND: GET /session/999fc64afd1230ec64a2dd58c909e126/window/rect - {}
RESULT: {}
COMMAND: POST /session/999fc64afd1230ec64a2dd58c909e126/execute/sync - {"script":"<script> [92 bytes]","args":[]}
RESULT: {"script":"<script> [92 bytes]","args":[]}
COMMAND: POST /session/999fc64afd1230ec64a2dd58c909e126/actions - {"actions":[{"id":"action9","type":"wheel","parameters":{},"actions":[{"type":"scroll","x":-1888,"y":-32,"deltaX":0,"deltaY":0,"duration":0,"origin":{"element-6066-11e4-a52e-4f735466cecf":"f.8D00E63E7445179AA59B17F8E6C27F98.d.1A486FDE4BA29721121857AAA53702E4.e.3070"}}]}]}
COMMAND: GET /session/999fc64afd1230ec64a2dd58c909e126/screenshot - {}
RESULT: {}
COMMAND: POST /session/999fc64afd1230ec64a2dd58c909e126/execute/sync - {"script":"<script> [79 bytes]","args":[{"element-6066-11e4-a52e-4f735466cecf":"f.8D00E63E7445179AA59B17F8E6C27F98.d.1A486FDE4BA29721121857AAA53702E4.e.3070","ELEMENT":"f.8D00E63E7445179AA59B17F8E6C27F98.d.1A486FDE4BA29721121857AAA53702E4.e.3070"},{"block":"start","inline":"nearest"}]}
RESULT: {"script":"<script> [79 bytes]","args":[{"element-6066-11e4-a52e-4f735466cecf":"f.8D00E63E7445179AA59B17F8E6C27F98.d.1A486FDE4BA29721121857AAA53702E4.e.3070","ELEMENT":"f.8D00E63E7445179AA59B17F8E6C27F98.d.1A486FDE4BA29721121857AAA53702E4.e.3070"},{"block":"start","inline":"nearest"}]}
COMMAND: POST /session/999fc64afd1230ec64a2dd58c909e126/execute/async - {"script":"<script> [1562 bytes]","args":[{"selector":{"id":"application-manageresources-display-component---newResourceUnit--btnAddTimeSegment","interaction":{"idSuffix":"inner"}},"wdio_ui5_key":"applicationmanageresources-display-component---newResourceUnit--btnAddTimeSegment"}]}
COMMAND: GET /session/999fc64afd1230ec64a2dd58c909e126/screenshot - {}
RESULT: {"script":"<script> [1562 bytes]","args":[{"selector":{"id":"application-manageresources-display-component---newResourceUnit--btnAddTimeSegment","interaction":{"idSuffix":"inner"}},"wdio_ui5_key":"applicationmanageresources-display-component---newResourceUnit--btnAddTimeSegment"}]}
RESULT: undefined
COMMAND: POST /session/999fc64afd1230ec64a2dd58c909e126/element - {"using":"xpath","value":"//*[@id=\"application-manageresources-display-component---newResourceUnit--btnAddTimeSegment\"]"}
RESULT: {}
RESULT: {"using":"xpath","value":"//*[@id=\"application-manageresources-display-component---newResourceUnit--btnAddTimeSegment\"]"}
COMMAND: POST /session/999fc64afd1230ec64a2dd58c909e126/element/f.8D00E63E7445179AA59B17F8E6C27F98.d.1A486FDE4BA29721121857AAA53702E4.e.3070/click - {}
RESULT: {}
COMMAND: GET /session/999fc64afd1230ec64a2dd58c909e126/screenshot - {}
RESULT: {}
COMMAND: POST /session/999fc64afd1230ec64a2dd58c909e126/element - {"using":"xpath","value":"//input[@id=\"application-manageresources-display-component---newResourceUnit--idRuTSAdmin-application-manageresources-display-component---newResourceUnit--RUTimeSegment-0-inner\"]"}
RESULT: {"using":"xpath","value":"//input[@id=\"application-manageresources-display-component---newResourceUnit--idRuTSAdmin-application-manageresources-display-component---newResourceUnit--RUTimeSegment-0-inner\"]"}
COMMAND: POST /session/999fc64afd1230ec64a2dd58c909e126/element/f.8D00E63E7445179AA59B17F8E6C27F98.d.1A486FDE4BA29721121857AAA53702E4.e.3076/clear - {}
RESULT: {}
COMMAND: POST /session/999fc64afd1230ec64a2dd58c909e126/element/f.8D00E63E7445179AA59B17F8E6C27F98.d.1A486FDE4BA29721121857AAA53702E4.e.3076/value - {"text":"615"}
COMMAND: GET /session/999fc64afd1230ec64a2dd58c909e126/screenshot - {}
RESULT: {"text":"615"}
COMMAND: GET /session/999fc64afd1230ec64a2dd58c909e126/screenshot - {}
RESULT: {}
RESULT: {}
COMMAND: POST /session/999fc64afd1230ec64a2dd58c909e126/element - {"using":"xpath","value":"//li[.//span[text()='615']]"}
RESULT: {"using":"xpath","value":"//li[.//span[text()='615']]"}
COMMAND: POST /session/999fc64afd1230ec64a2dd58c909e126/element/f.8D00E63E7445179AA59B17F8E6C27F98.d.1A486FDE4BA29721121857AAA53702E4.e.3088/click - {}
RESULT: {}
COMMAND: GET /session/999fc64afd1230ec64a2dd58c909e126/screenshot - {}
RESULT: {}
COMMAND: POST /session/999fc64afd1230ec64a2dd58c909e126/element - {"using":"xpath","value":"(//span[contains(@id, \"-application-manageresources-display-component---newResourceUnit--RUTimeSegment-0-arrow\")])[6]"}
RESULT: {"using":"xpath","value":"(//span[contains(@id, \"-application-manageresources-display-component---newResourceUnit--RUTimeSegment-0-arrow\")])[6]"}
COMMAND: POST /session/999fc64afd1230ec64a2dd58c909e126/element/f.8D00E63E7445179AA59B17F8E6C27F98.d.1A486FDE4BA29721121857AAA53702E4.e.3089/click - {}
RESULT: {}
COMMAND: GET /session/999fc64afd1230ec64a2dd58c909e126/screenshot - {}
RESULT: {}
COMMAND: POST /session/999fc64afd1230ec64a2dd58c909e126/element - {"using":"xpath","value":"//span[contains(text(), \"PM Order\")]"}
RESULT: {"using":"xpath","value":"//span[contains(text(), \"PM Order\")]"}
COMMAND: POST /session/999fc64afd1230ec64a2dd58c909e126/element/f.8D00E63E7445179AA59B17F8E6C27F98.d.1A486FDE4BA29721121857AAA53702E4.e.3092/click - {}
RESULT: {}
COMMAND: GET /session/999fc64afd1230ec64a2dd58c909e126/screenshot - {}
RESULT: {}
COMMAND: POST /session/999fc64afd1230ec64a2dd58c909e126/element - {"using":"xpath","value":"(//span[contains(@id ,\"manageresources-display-component---newResourceUnit--RUTimeSegment-0-vhi\")])[1]"}
RESULT: {"using":"xpath","value":"(//span[contains(@id ,\"manageresources-display-component---newResourceUnit--RUTimeSegment-0-vhi\")])[1]"}
COMMAND: GET /session/999fc64afd1230ec64a2dd58c909e126/element/f.8D00E63E7445179AA59B17F8E6C27F98.d.1A486FDE4BA29721121857AAA53702E4.e.3096/rect - {}
RESULT: {}
COMMAND: GET /session/999fc64afd1230ec64a2dd58c909e126/window/rect - {}
RESULT: {}
COMMAND: POST /session/999fc64afd1230ec64a2dd58c909e126/execute/sync - {"script":"<script> [92 bytes]","args":[]}
RESULT: {"script":"<script> [92 bytes]","args":[]}
COMMAND: POST /session/999fc64afd1230ec64a2dd58c909e126/actions - {"actions":[{"id":"action10","type":"wheel","parameters":{},"actions":[{"type":"scroll","x":-869,"y":-24,"deltaX":0,"deltaY":0,"duration":0,"origin":{"element-6066-11e4-a52e-4f735466cecf":"f.8D00E63E7445179AA59B17F8E6C27F98.d.1A486FDE4BA29721121857AAA53702E4.e.3096"}}]}]}
COMMAND: GET /session/999fc64afd1230ec64a2dd58c909e126/screenshot - {}
RESULT: {"actions":[{"id":"action10","type":"wheel","parameters":{},"actions":[{"type":"scroll","x":-869,"y":-24,"deltaX":0,"deltaY":0,"duration":0,"origin":{"element-6066-11e4-a52e-4f735466cecf":"f.8D00E63E7445179AA59B17F8E6C27F98.d.1A486FDE4BA29721121857AAA53702E4.e.3096"}}]}]}
COMMAND: DELETE /session/999fc64afd1230ec64a2dd58c909e126/actions - {}
COMMAND: GET /session/999fc64afd1230ec64a2dd58c909e126/screenshot - {}
RESULT: {}
RESULT: {}
COMMAND: GET /session/999fc64afd1230ec64a2dd58c909e126/screenshot - {}
RESULT: {}
RESULT: {}
COMMAND: POST /session/999fc64afd1230ec64a2dd58c909e126/element/f.8D00E63E7445179AA59B17F8E6C27F98.d.1A486FDE4BA29721121857AAA53702E4.e.3096/click - {}
RESULT: {}
COMMAND: GET /session/999fc64afd1230ec64a2dd58c909e126/screenshot - {}
RESULT: {}
RESULT: undefined
COMMAND: POST /session/999fc64afd1230ec64a2dd58c909e126/execute/async - {"script":"<script> [776 bytes]","args":[{"enterText":"4000360","selector":{"controlType":"sap.m.SearchField","properties":{"placeholder":"Search"},"searchOpenDialogs":true,"interaction":{"idSuffix":"I"}},"clearTextFirst":true,"interactionType":"ENTER_TEXT"}]}
RESULT: {"script":"<script> [776 bytes]","args":[{"enterText":"4000360","selector":{"controlType":"sap.m.SearchField","properties":{"placeholder":"Search"},"searchOpenDialogs":true,"interaction":{"idSuffix":"I"}},"clearTextFirst":true,"interactionType":"ENTER_TEXT"}]}
COMMAND: POST /session/999fc64afd1230ec64a2dd58c909e126/actions - {"actions":[{"id":"action11","type":"key","parameters":{},"actions":[{"type":"keyDown","value":"î€‡"},{"type":"pause","duration":10},{"type":"keyUp","value":"î€‡"}]}]}
RESULT: {"actions":[{"id":"action11","type":"key","parameters":{},"actions":[{"type":"keyDown","value":"î€‡"},{"type":"pause","duration":10},{"type":"keyUp","value":"î€‡"}]}]}
COMMAND: GET /session/999fc64afd1230ec64a2dd58c909e126/screenshot - {}
RESULT: {}
COMMAND: POST /session/999fc64afd1230ec64a2dd58c909e126/element - {"using":"xpath","value":"//td/div/span[contains(text(), \"BGL Vehicles\")]"}
RESULT: {"using":"xpath","value":"//td/div/span[contains(text(), \"BGL Vehicles\")]"}
COMMAND: POST /session/999fc64afd1230ec64a2dd58c909e126/element/f.8D00E63E7445179AA59B17F8E6C27F98.d.1A486FDE4BA29721121857AAA53702E4.e.3116/click - {}
RESULT: {}
COMMAND: GET /session/999fc64afd1230ec64a2dd58c909e126/screenshot - {}
RESULT: {}
COMMAND: POST /session/999fc64afd1230ec64a2dd58c909e126/element - {"using":"xpath","value":"//bdi[contains(text(), \"OK\")]"}
RESULT: {"using":"xpath","value":"//bdi[contains(text(), \"OK\")]"}
COMMAND: POST /session/999fc64afd1230ec64a2dd58c909e126/element/f.8D00E63E7445179AA59B17F8E6C27F98.d.1A486FDE4BA29721121857AAA53702E4.e.3117/click - {}
RESULT: {}
COMMAND: GET /session/999fc64afd1230ec64a2dd58c909e126/screenshot - {}
RESULT: {}
COMMAND: POST /session/999fc64afd1230ec64a2dd58c909e126/execute/async - {"script":"<script> [1562 bytes]","args":[{"selector":{"id":"application-manageresources-display-component---newResourceUnit--newRRUPage-anchBar-application-manageresources-display-component---newResourceUnit--resource-anchor","interaction":{"idSuffix":"BDI-content"}},"wdio_ui5_key":"applicationmanageresources-display-component---newResourceUnit--newRRUPage-anchBar-application-manageresources-display-component---newResourceUnit--resource-anchor"}]}
RESULT: {"script":"<script> [1562 bytes]","args":[{"selector":{"id":"application-manageresources-display-component---newResourceUnit--newRRUPage-anchBar-application-manageresources-display-component---newResourceUnit--resource-anchor","interaction":{"idSuffix":"BDI-content"}},"wdio_ui5_key":"applicationmanageresources-display-component---newResourceUnit--newRRUPage-anchBar-application-manageresources-display-component---newResourceUnit--resource-anchor"}]}
RESULT: undefined
COMMAND: POST /session/999fc64afd1230ec64a2dd58c909e126/element - {"using":"xpath","value":"//*[@id=\"application-manageresources-display-component---newResourceUnit--newRRUPage-anchBar-application-manageresources-display-component---newResourceUnit--resource-anchor\"]"}
RESULT: {"using":"xpath","value":"//*[@id=\"application-manageresources-display-component---newResourceUnit--newRRUPage-anchBar-application-manageresources-display-component---newResourceUnit--resource-anchor\"]"}
COMMAND: POST /session/999fc64afd1230ec64a2dd58c909e126/element/f.8D00E63E7445179AA59B17F8E6C27F98.d.1A486FDE4BA29721121857AAA53702E4.e.3121/click - {}
RESULT: {}
COMMAND: POST /session/999fc64afd1230ec64a2dd58c909e126/execute/async - {"script":"<script> [1562 bytes]","args":[{"selector":{"id":"application-manageresources-display-component---newResourceUnit--PLANNED_DELIVERY_DATE","interaction":{"idSuffix":"inner"}},"wdio_ui5_key":"applicationmanageresources-display-component---newResourceUnit--PLANNED_DELIVERY_DATE"}]}
COMMAND: GET /session/999fc64afd1230ec64a2dd58c909e126/screenshot - {}
RESULT: {"script":"<script> [1562 bytes]","args":[{"selector":{"id":"application-manageresources-display-component---newResourceUnit--PLANNED_DELIVERY_DATE","interaction":{"idSuffix":"inner"}},"wdio_ui5_key":"applicationmanageresources-display-component---newResourceUnit--PLANNED_DELIVERY_DATE"}]}
RESULT: undefined
COMMAND: POST /session/999fc64afd1230ec64a2dd58c909e126/execute/async - {"script":"<script> [6424 bytes]","args":[{"element-6066-11e4-a52e-4f735466cecf":"f.8D00E63E7445179AA59B17F8E6C27F98.d.1A486FDE4BA29721121857AAA53702E4.e.2982"},"setValue",["5/6/25"]]}
RESULT: {}
RESULT: {"script":"<script> [6424 bytes]","args":[{"element-6066-11e4-a52e-4f735466cecf":"f.8D00E63E7445179AA59B17F8E6C27F98.d.1A486FDE4BA29721121857AAA53702E4.e.2982"},"setValue",["5/6/25"]]}
COMMAND: POST /session/999fc64afd1230ec64a2dd58c909e126/element - {"using":"xpath","value":"//button[@data-kt=\"resourceUnitSaveButton\"]"}
RESULT: {"using":"xpath","value":"//button[@data-kt=\"resourceUnitSaveButton\"]"}
COMMAND: POST /session/999fc64afd1230ec64a2dd58c909e126/element/f.8D00E63E7445179AA59B17F8E6C27F98.d.1A486FDE4BA29721121857AAA53702E4.e.2943/click - {}
RESULT: {}
COMMAND: GET /session/999fc64afd1230ec64a2dd58c909e126/screenshot - {}
RESULT: {}
COMMAND: POST /session/999fc64afd1230ec64a2dd58c909e126/element - {"using":"xpath","value":"//bdi[contains(text(), \"Close\")]"}
RESULT: {"using":"xpath","value":"//bdi[contains(text(), \"Close\")]"}
COMMAND: POST /session/999fc64afd1230ec64a2dd58c909e126/element/f.8D00E63E7445179AA59B17F8E6C27F98.d.1A486FDE4BA29721121857AAA53702E4.e.3132/click - {}
RESULT: {}
COMMAND: GET /session/999fc64afd1230ec64a2dd58c909e126/screenshot - {}
RESULT: {}
COMMAND: POST /session/999fc64afd1230ec64a2dd58c909e126/element - {"using":"xpath","value":"(//button[contains(@id ,\"actionsToolbar-overflowButton\")])[1]"}
RESULT: {"using":"xpath","value":"(//button[contains(@id ,\"actionsToolbar-overflowButton\")])[1]"}
COMMAND: POST /session/999fc64afd1230ec64a2dd58c909e126/element/f.8D00E63E7445179AA59B17F8E6C27F98.d.1A486FDE4BA29721121857AAA53702E4.e.3164/click - {}
RESULT: {}
COMMAND: GET /session/999fc64afd1230ec64a2dd58c909e126/screenshot - {}
RESULT: {}
COMMAND: POST /session/999fc64afd1230ec64a2dd58c909e126/element - {"using":"xpath","value":"//button[@data-kt=\"priceInfoButton\"]"}
RESULT: {"using":"xpath","value":"//button[@data-kt=\"priceInfoButton\"]"}
COMMAND: POST /session/999fc64afd1230ec64a2dd58c909e126/element/f.8D00E63E7445179AA59B17F8E6C27F98.d.1A486FDE4BA29721121857AAA53702E4.e.3166/click - {}
RESULT: {}
COMMAND: GET /session/999fc64afd1230ec64a2dd58c909e126/screenshot - {}
RESULT: {}
]]></system-out>
    </testcase>
    <testcase classname="chrome.135_0_7049_96.windows.Billing_Transfer_-_Master_data_&amp;_Intercompany_US127250" name="Should create new pricing rule TB on the equipment TB" time="47.282">
      <system-out><![CDATA[
COMMAND: POST /session/999fc64afd1230ec64a2dd58c909e126/element - {"using":"xpath","value":"//button[@data-kt=\"addButton\"]"}
RESULT: {"using":"xpath","value":"//button[@data-kt=\"addButton\"]"}
COMMAND: POST /session/999fc64afd1230ec64a2dd58c909e126/elements - {"using":"xpath","value":"//button[@data-kt=\"addButton\"]"}
RESULT: {"using":"xpath","value":"//button[@data-kt=\"addButton\"]"}
COMMAND: POST /session/999fc64afd1230ec64a2dd58c909e126/elements - {"using":"xpath","value":"//button[@data-kt=\"addButton\"]"}
RESULT: {"using":"xpath","value":"//button[@data-kt=\"addButton\"]"}
COMMAND: POST /session/999fc64afd1230ec64a2dd58c909e126/element - {"using":"xpath","value":"//button[@data-kt=\"addButton\"]"}
RESULT: {"using":"xpath","value":"//button[@data-kt=\"addButton\"]"}
COMMAND: POST /session/999fc64afd1230ec64a2dd58c909e126/execute/sync - {"script":"<script> [8489 bytes]","args":[{"element-6066-11e4-a52e-4f735466cecf":"f.8D00E63E7445179AA59B17F8E6C27F98.d.1A486FDE4BA29721121857AAA53702E4.e.3203","ELEMENT":"f.8D00E63E7445179AA59B17F8E6C27F98.d.1A486FDE4BA29721121857AAA53702E4.e.3203"}]}
RESULT: {"script":"<script> [8489 bytes]","args":[{"element-6066-11e4-a52e-4f735466cecf":"f.8D00E63E7445179AA59B17F8E6C27F98.d.1A486FDE4BA29721121857AAA53702E4.e.3203","ELEMENT":"f.8D00E63E7445179AA59B17F8E6C27F98.d.1A486FDE4BA29721121857AAA53702E4.e.3203"}]}
COMMAND: GET /session/999fc64afd1230ec64a2dd58c909e126/element/f.8D00E63E7445179AA59B17F8E6C27F98.d.1A486FDE4BA29721121857AAA53702E4.e.3203/enabled - {}
COMMAND: GET /session/999fc64afd1230ec64a2dd58c909e126/screenshot - {}
RESULT: {}
COMMAND: POST /session/999fc64afd1230ec64a2dd58c909e126/execute/sync - {"script":"<script> [8489 bytes]","args":[{"element-6066-11e4-a52e-4f735466cecf":"f.8D00E63E7445179AA59B17F8E6C27F98.d.1A486FDE4BA29721121857AAA53702E4.e.3203","ELEMENT":"f.8D00E63E7445179AA59B17F8E6C27F98.d.1A486FDE4BA29721121857AAA53702E4.e.3203"}]}
COMMAND: GET /session/999fc64afd1230ec64a2dd58c909e126/screenshot - {}
RESULT: {}
RESULT: {"script":"<script> [8489 bytes]","args":[{"element-6066-11e4-a52e-4f735466cecf":"f.8D00E63E7445179AA59B17F8E6C27F98.d.1A486FDE4BA29721121857AAA53702E4.e.3203","ELEMENT":"f.8D00E63E7445179AA59B17F8E6C27F98.d.1A486FDE4BA29721121857AAA53702E4.e.3203"}]}
COMMAND: POST /session/999fc64afd1230ec64a2dd58c909e126/execute/sync - {"script":"<script> [5351 bytes]","args":[{"element-6066-11e4-a52e-4f735466cecf":"f.8D00E63E7445179AA59B17F8E6C27F98.d.1A486FDE4BA29721121857AAA53702E4.e.3203","ELEMENT":"f.8D00E63E7445179AA59B17F8E6C27F98.d.1A486FDE4BA29721121857AAA53702E4.e.3203"}]}
COMMAND: GET /session/999fc64afd1230ec64a2dd58c909e126/screenshot - {}
RESULT: {}
RESULT: {"script":"<script> [5351 bytes]","args":[{"element-6066-11e4-a52e-4f735466cecf":"f.8D00E63E7445179AA59B17F8E6C27F98.d.1A486FDE4BA29721121857AAA53702E4.e.3203","ELEMENT":"f.8D00E63E7445179AA59B17F8E6C27F98.d.1A486FDE4BA29721121857AAA53702E4.e.3203"}]}
COMMAND: POST /session/999fc64afd1230ec64a2dd58c909e126/element/f.8D00E63E7445179AA59B17F8E6C27F98.d.1A486FDE4BA29721121857AAA53702E4.e.3203/click - {}
COMMAND: GET /session/999fc64afd1230ec64a2dd58c909e126/screenshot - {}
RESULT: {}
RESULT: {}
COMMAND: GET /session/999fc64afd1230ec64a2dd58c909e126/screenshot - {}
RESULT: {}
RESULT: {}
COMMAND: POST /session/999fc64afd1230ec64a2dd58c909e126/execute/async - {"script":"<script> [1562 bytes]","args":[{"selector":{"controlType":"sap.m.Title","viewName":"etm.portal.ui.managepricingrules.view.NewItem","viewId":"application-managepricingrules-display-component---newInfoPriceItem","properties":{"text":"New Pricing Rules - Item Level"}},"wdio_ui5_key":"etmportal.ui.managepricingrules.view.NewItemsap.m.Title{\"text\":\"New Pricing Rules - Item Level\"}"}]}
RESULT: {"script":"<script> [1562 bytes]","args":[{"selector":{"controlType":"sap.m.Title","viewName":"etm.portal.ui.managepricingrules.view.NewItem","viewId":"application-managepricingrules-display-component---newInfoPriceItem","properties":{"text":"New Pricing Rules - Item Level"}},"wdio_ui5_key":"etmportal.ui.managepricingrules.view.NewItemsap.m.Title{\"text\":\"New Pricing Rules - Item Level\"}"}]}
RESULT: undefined
COMMAND: POST /session/999fc64afd1230ec64a2dd58c909e126/execute/async - {"script":"<script> [6424 bytes]","args":[{"element-6066-11e4-a52e-4f735466cecf":"f.8D00E63E7445179AA59B17F8E6C27F98.d.1A486FDE4BA29721121857AAA53702E4.e.3368"},"getText",[]]}
RESULT: {"script":"<script> [6424 bytes]","args":[{"element-6066-11e4-a52e-4f735466cecf":"f.8D00E63E7445179AA59B17F8E6C27F98.d.1A486FDE4BA29721121857AAA53702E4.e.3368"},"getText",[]]}
COMMAND: POST /session/999fc64afd1230ec64a2dd58c909e126/execute/async - {"script":"<script> [1562 bytes]","args":[{"selector":{"id":"application-managepricingrules-display-component---newInfoPriceItem--condValidTo","interaction":{"idSuffix":"inner"}},"wdio_ui5_key":"applicationmanagepricingrules-display-component---newInfoPriceItem--condValidTo"}]}
RESULT: {"script":"<script> [1562 bytes]","args":[{"selector":{"id":"application-managepricingrules-display-component---newInfoPriceItem--condValidTo","interaction":{"idSuffix":"inner"}},"wdio_ui5_key":"applicationmanagepricingrules-display-component---newInfoPriceItem--condValidTo"}]}
RESULT: undefined
COMMAND: POST /session/999fc64afd1230ec64a2dd58c909e126/execute/async - {"script":"<script> [776 bytes]","args":[{"enterText":"01/06/26","selector":{"id":"application-managepricingrules-display-component---newInfoPriceItem--condValidTo","interaction":{"idSuffix":"inner"}},"clearTextFirst":true,"interactionType":"ENTER_TEXT"}]}
RESULT: {"script":"<script> [776 bytes]","args":[{"enterText":"01/06/26","selector":{"id":"application-managepricingrules-display-component---newInfoPriceItem--condValidTo","interaction":{"idSuffix":"inner"}},"clearTextFirst":true,"interactionType":"ENTER_TEXT"}]}
COMMAND: POST /session/999fc64afd1230ec64a2dd58c909e126/execute/async - {"script":"<script> [1562 bytes]","args":[{"selector":{"id":"application-managepricingrules-display-component---newInfoPriceItem--billType-arrow"},"wdio_ui5_key":"applicationmanagepricingrules-display-component---newInfoPriceItem--billType-arrow"}]}
RESULT: {"script":"<script> [1562 bytes]","args":[{"selector":{"id":"application-managepricingrules-display-component---newInfoPriceItem--billType-arrow"},"wdio_ui5_key":"applicationmanagepricingrules-display-component---newInfoPriceItem--billType-arrow"}]}
RESULT: undefined
COMMAND: POST /session/999fc64afd1230ec64a2dd58c909e126/element - {"using":"xpath","value":"//*[@id=\"application-managepricingrules-display-component---newInfoPriceItem--billType-arrow\"]"}
RESULT: {"using":"xpath","value":"//*[@id=\"application-managepricingrules-display-component---newInfoPriceItem--billType-arrow\"]"}
COMMAND: POST /session/999fc64afd1230ec64a2dd58c909e126/element/f.8D00E63E7445179AA59B17F8E6C27F98.d.1A486FDE4BA29721121857AAA53702E4.e.3370/click - {}
RESULT: {}
COMMAND: POST /session/999fc64afd1230ec64a2dd58c909e126/element - {"using":"xpath","value":"//span[contains(text(), \"TB - Time based\")]"}
COMMAND: GET /session/999fc64afd1230ec64a2dd58c909e126/screenshot - {}
RESULT: {"using":"xpath","value":"//span[contains(text(), \"TB - Time based\")]"}
COMMAND: POST /session/999fc64afd1230ec64a2dd58c909e126/element/f.8D00E63E7445179AA59B17F8E6C27F98.d.1A486FDE4BA29721121857AAA53702E4.e.3371/click - {}
RESULT: {}
RESULT: {}
COMMAND: POST /session/999fc64afd1230ec64a2dd58c909e126/execute/async - {"script":"<script> [1562 bytes]","args":[{"selector":{"id":"application-managepricingrules-display-component---newInfoPriceItem--priceProc-arrow"},"wdio_ui5_key":"applicationmanagepricingrules-display-component---newInfoPriceItem--priceProc-arrow"}]}
COMMAND: GET /session/999fc64afd1230ec64a2dd58c909e126/screenshot - {}
RESULT: {"script":"<script> [1562 bytes]","args":[{"selector":{"id":"application-managepricingrules-display-component---newInfoPriceItem--priceProc-arrow"},"wdio_ui5_key":"applicationmanagepricingrules-display-component---newInfoPriceItem--priceProc-arrow"}]}
RESULT: undefined
COMMAND: POST /session/999fc64afd1230ec64a2dd58c909e126/element - {"using":"xpath","value":"//*[@id=\"application-managepricingrules-display-component---newInfoPriceItem--priceProc-arrow\"]"}
RESULT: {}
RESULT: {"using":"xpath","value":"//*[@id=\"application-managepricingrules-display-component---newInfoPriceItem--priceProc-arrow\"]"}
COMMAND: POST /session/999fc64afd1230ec64a2dd58c909e126/element/f.8D00E63E7445179AA59B17F8E6C27F98.d.1A486FDE4BA29721121857AAA53702E4.e.3336/click - {}
RESULT: {}
COMMAND: POST /session/999fc64afd1230ec64a2dd58c909e126/element - {"using":"xpath","value":"//span[contains(text(), \"TBS - Time based standard\")]"}
COMMAND: GET /session/999fc64afd1230ec64a2dd58c909e126/screenshot - {}
RESULT: {"using":"xpath","value":"//span[contains(text(), \"TBS - Time based standard\")]"}
COMMAND: POST /session/999fc64afd1230ec64a2dd58c909e126/element/f.8D00E63E7445179AA59B17F8E6C27F98.d.1A486FDE4BA29721121857AAA53702E4.e.3372/click - {}
RESULT: {}
RESULT: {}
COMMAND: POST /session/999fc64afd1230ec64a2dd58c909e126/execute/async - {"script":"<script> [1562 bytes]","args":[{"selector":{"id":"application-managepricingrules-display-component---newInfoPriceItem--calcBase-arrow"},"wdio_ui5_key":"applicationmanagepricingrules-display-component---newInfoPriceItem--calcBase-arrow"}]}
COMMAND: GET /session/999fc64afd1230ec64a2dd58c909e126/screenshot - {}
RESULT: {"script":"<script> [1562 bytes]","args":[{"selector":{"id":"application-managepricingrules-display-component---newInfoPriceItem--calcBase-arrow"},"wdio_ui5_key":"applicationmanagepricingrules-display-component---newInfoPriceItem--calcBase-arrow"}]}
RESULT: undefined
COMMAND: POST /session/999fc64afd1230ec64a2dd58c909e126/element - {"using":"xpath","value":"//*[@id=\"application-managepricingrules-display-component---newInfoPriceItem--calcBase-arrow\"]"}
RESULT: {}
RESULT: {"using":"xpath","value":"//*[@id=\"application-managepricingrules-display-component---newInfoPriceItem--calcBase-arrow\"]"}
COMMAND: POST /session/999fc64afd1230ec64a2dd58c909e126/element/f.8D00E63E7445179AA59B17F8E6C27F98.d.1A486FDE4BA29721121857AAA53702E4.e.3343/click - {}
RESULT: {}
COMMAND: GET /session/999fc64afd1230ec64a2dd58c909e126/screenshot - {}
RESULT: {}
COMMAND: POST /session/999fc64afd1230ec64a2dd58c909e126/element - {"using":"xpath","value":"//span[contains(text(), \"0006 - TB(calendar days)\")]"}
RESULT: {"using":"xpath","value":"//span[contains(text(), \"0006 - TB(calendar days)\")]"}
COMMAND: POST /session/999fc64afd1230ec64a2dd58c909e126/element/f.8D00E63E7445179AA59B17F8E6C27F98.d.1A486FDE4BA29721121857AAA53702E4.e.3373/click - {}
RESULT: {}
COMMAND: GET /session/999fc64afd1230ec64a2dd58c909e126/screenshot - {}
RESULT: {}
COMMAND: POST /session/999fc64afd1230ec64a2dd58c909e126/execute/async - {"script":"<script> [1562 bytes]","args":[{"selector":{"id":"application-managepricingrules-display-component---newInfoPriceItem--daysMonth","interaction":{"idSuffix":"inner"}},"wdio_ui5_key":"applicationmanagepricingrules-display-component---newInfoPriceItem--daysMonth"}]}
RESULT: {"script":"<script> [1562 bytes]","args":[{"selector":{"id":"application-managepricingrules-display-component---newInfoPriceItem--daysMonth","interaction":{"idSuffix":"inner"}},"wdio_ui5_key":"applicationmanagepricingrules-display-component---newInfoPriceItem--daysMonth"}]}
RESULT: undefined
COMMAND: POST /session/999fc64afd1230ec64a2dd58c909e126/execute/async - {"script":"<script> [776 bytes]","args":[{"enterText":"30","selector":{"id":"application-managepricingrules-display-component---newInfoPriceItem--daysMonth","interaction":{"idSuffix":"inner"}},"clearTextFirst":true,"interactionType":"ENTER_TEXT"}]}
RESULT: {"script":"<script> [776 bytes]","args":[{"enterText":"30","selector":{"id":"application-managepricingrules-display-component---newInfoPriceItem--daysMonth","interaction":{"idSuffix":"inner"}},"clearTextFirst":true,"interactionType":"ENTER_TEXT"}]}
COMMAND: POST /session/999fc64afd1230ec64a2dd58c909e126/element - {"using":"xpath","value":"//button[@data-kt=\"saveNewRuleButton\"]"}
RESULT: {"using":"xpath","value":"//button[@data-kt=\"saveNewRuleButton\"]"}
COMMAND: POST /session/999fc64afd1230ec64a2dd58c909e126/element/f.8D00E63E7445179AA59B17F8E6C27F98.d.1A486FDE4BA29721121857AAA53702E4.e.3359/click - {}
RESULT: {}
COMMAND: GET /session/999fc64afd1230ec64a2dd58c909e126/screenshot - {}
RESULT: {}
COMMAND: POST /session/999fc64afd1230ec64a2dd58c909e126/execute/async - {"script":"<script> [1562 bytes]","args":[{"selector":{"id":"application-managepricingrules-display-component---priceInfoItem--smartFilterBar-btnBasicSearch","interaction":{"idSuffix":"I"}},"wdio_ui5_key":"applicationmanagepricingrules-display-component---priceInfoItem--smartFilterBar-btnBasicSearch"}]}
RESULT: {"script":"<script> [1562 bytes]","args":[{"selector":{"id":"application-managepricingrules-display-component---priceInfoItem--smartFilterBar-btnBasicSearch","interaction":{"idSuffix":"I"}},"wdio_ui5_key":"applicationmanagepricingrules-display-component---priceInfoItem--smartFilterBar-btnBasicSearch"}]}
RESULT: undefined
COMMAND: POST /session/999fc64afd1230ec64a2dd58c909e126/execute/async - {"script":"<script> [776 bytes]","args":[{"enterText":"MYRVQX3ccR","selector":{"id":"application-managepricingrules-display-component---priceInfoItem--smartFilterBar-btnBasicSearch","interaction":{"idSuffix":"I"}},"clearTextFirst":true,"interactionType":"ENTER_TEXT"}]}
RESULT: {"script":"<script> [776 bytes]","args":[{"enterText":"MYRVQX3ccR","selector":{"id":"application-managepricingrules-display-component---priceInfoItem--smartFilterBar-btnBasicSearch","interaction":{"idSuffix":"I"}},"clearTextFirst":true,"interactionType":"ENTER_TEXT"}]}
COMMAND: POST /session/999fc64afd1230ec64a2dd58c909e126/actions - {"actions":[{"id":"action12","type":"key","parameters":{},"actions":[{"type":"keyDown","value":"î€‡"},{"type":"pause","duration":10},{"type":"keyUp","value":"î€‡"}]}]}
RESULT: {"actions":[{"id":"action12","type":"key","parameters":{},"actions":[{"type":"keyDown","value":"î€‡"},{"type":"pause","duration":10},{"type":"keyUp","value":"î€‡"}]}]}
COMMAND: GET /session/999fc64afd1230ec64a2dd58c909e126/screenshot - {}
RESULT: {}
COMMAND: POST /session/999fc64afd1230ec64a2dd58c909e126/element - {"using":"xpath","value":"//span[@id=\"application-managepricingrules-display-component---priceInfoItem--smartTable-header-inner\"]"}
RESULT: {"using":"xpath","value":"//span[@id=\"application-managepricingrules-display-component---priceInfoItem--smartTable-header-inner\"]"}
COMMAND: POST /session/999fc64afd1230ec64a2dd58c909e126/elements - {"using":"xpath","value":"//span[@id=\"application-managepricingrules-display-component---priceInfoItem--smartTable-header-inner\"]"}
RESULT: {"using":"xpath","value":"//span[@id=\"application-managepricingrules-display-component---priceInfoItem--smartTable-header-inner\"]"}
COMMAND: POST /session/999fc64afd1230ec64a2dd58c909e126/execute/sync - {"script":"<script> [56 bytes]","args":[{"element-6066-11e4-a52e-4f735466cecf":"f.8D00E63E7445179AA59B17F8E6C27F98.d.1A486FDE4BA29721121857AAA53702E4.e.3397","ELEMENT":"f.8D00E63E7445179AA59B17F8E6C27F98.d.1A486FDE4BA29721121857AAA53702E4.e.3397"}]}
RESULT: {"script":"<script> [56 bytes]","args":[{"element-6066-11e4-a52e-4f735466cecf":"f.8D00E63E7445179AA59B17F8E6C27F98.d.1A486FDE4BA29721121857AAA53702E4.e.3397","ELEMENT":"f.8D00E63E7445179AA59B17F8E6C27F98.d.1A486FDE4BA29721121857AAA53702E4.e.3397"}]}
COMMAND: POST /session/999fc64afd1230ec64a2dd58c909e126/element - {"using":"css selector","value":"#shell-header-logo"}
COMMAND: GET /session/999fc64afd1230ec64a2dd58c909e126/screenshot - {}
RESULT: {"using":"css selector","value":"#shell-header-logo"}
COMMAND: POST /session/999fc64afd1230ec64a2dd58c909e126/element/f.8D00E63E7445179AA59B17F8E6C27F98.d.1A486FDE4BA29721121857AAA53702E4.e.2522/click - {}
RESULT: {}
RESULT: {}
COMMAND: GET /session/999fc64afd1230ec64a2dd58c909e126/screenshot - {}
RESULT: {}
]]></system-out>
    </testcase>
    <testcase classname="chrome.135_0_7049_96.windows.Billing_Transfer_-_Master_data_&amp;_Intercompany_US127250" name="Should create new condition for equipment TB" time="59.409">
      <system-out><![CDATA[
COMMAND: POST /session/999fc64afd1230ec64a2dd58c909e126/execute/async - {"script":"<script> [1562 bytes]","args":[{"selector":{"controlType":"sap.m.Text","properties":{"text":"Manage Conditions & Prices"},"interaction":{"idSuffix":"inner"}},"wdio_ui5_key":"sapm.Text{\"text\":\"Manage Conditions & Prices\"}"}]}
RESULT: {"script":"<script> [1562 bytes]","args":[{"selector":{"controlType":"sap.m.Text","properties":{"text":"Manage Conditions & Prices"},"interaction":{"idSuffix":"inner"}},"wdio_ui5_key":"sapm.Text{\"text\":\"Manage Conditions & Prices\"}"}]}
RESULT: undefined
COMMAND: POST /session/999fc64afd1230ec64a2dd58c909e126/element - {"using":"xpath","value":"//*[@id=\"__tile53-title\"]"}
RESULT: {"using":"xpath","value":"//*[@id=\"__tile53-title\"]"}
COMMAND: POST /session/999fc64afd1230ec64a2dd58c909e126/element/f.8D00E63E7445179AA59B17F8E6C27F98.d.1A486FDE4BA29721121857AAA53702E4.e.3400/click - {}
RESULT: {}
COMMAND: POST /session/999fc64afd1230ec64a2dd58c909e126/element - {"using":"xpath","value":"//button[@aria-label=\"Create\"]"}
COMMAND: GET /session/999fc64afd1230ec64a2dd58c909e126/screenshot - {}
RESULT: {"using":"xpath","value":"//button[@aria-label=\"Create\"]"}
COMMAND: POST /session/999fc64afd1230ec64a2dd58c909e126/elements - {"using":"xpath","value":"//button[@aria-label=\"Create\"]"}
RESULT: {}
RESULT: {"using":"xpath","value":"//button[@aria-label=\"Create\"]"}
COMMAND: POST /session/999fc64afd1230ec64a2dd58c909e126/elements - {"using":"xpath","value":"//button[@aria-label=\"Create\"]"}
RESULT: {"using":"xpath","value":"//button[@aria-label=\"Create\"]"}
COMMAND: POST /session/999fc64afd1230ec64a2dd58c909e126/elements - {"using":"xpath","value":"//button[@aria-label=\"Create\"]"}
RESULT: {"using":"xpath","value":"//button[@aria-label=\"Create\"]"}
COMMAND: POST /session/999fc64afd1230ec64a2dd58c909e126/elements - {"using":"xpath","value":"//button[@aria-label=\"Create\"]"}
RESULT: {"using":"xpath","value":"//button[@aria-label=\"Create\"]"}
COMMAND: POST /session/999fc64afd1230ec64a2dd58c909e126/elements - {"using":"xpath","value":"//button[@aria-label=\"Create\"]"}
RESULT: {"using":"xpath","value":"//button[@aria-label=\"Create\"]"}
COMMAND: POST /session/999fc64afd1230ec64a2dd58c909e126/element - {"using":"xpath","value":"//button[@aria-label=\"Create\"]"}
RESULT: {"using":"xpath","value":"//button[@aria-label=\"Create\"]"}
COMMAND: POST /session/999fc64afd1230ec64a2dd58c909e126/execute/sync - {"script":"<script> [8489 bytes]","args":[{"element-6066-11e4-a52e-4f735466cecf":"f.8D00E63E7445179AA59B17F8E6C27F98.d.1A486FDE4BA29721121857AAA53702E4.e.3459","ELEMENT":"f.8D00E63E7445179AA59B17F8E6C27F98.d.1A486FDE4BA29721121857AAA53702E4.e.3459"}]}
RESULT: {"script":"<script> [8489 bytes]","args":[{"element-6066-11e4-a52e-4f735466cecf":"f.8D00E63E7445179AA59B17F8E6C27F98.d.1A486FDE4BA29721121857AAA53702E4.e.3459","ELEMENT":"f.8D00E63E7445179AA59B17F8E6C27F98.d.1A486FDE4BA29721121857AAA53702E4.e.3459"}]}
COMMAND: GET /session/999fc64afd1230ec64a2dd58c909e126/element/f.8D00E63E7445179AA59B17F8E6C27F98.d.1A486FDE4BA29721121857AAA53702E4.e.3459/enabled - {}
COMMAND: GET /session/999fc64afd1230ec64a2dd58c909e126/screenshot - {}
RESULT: {}
COMMAND: POST /session/999fc64afd1230ec64a2dd58c909e126/execute/sync - {"script":"<script> [8489 bytes]","args":[{"element-6066-11e4-a52e-4f735466cecf":"f.8D00E63E7445179AA59B17F8E6C27F98.d.1A486FDE4BA29721121857AAA53702E4.e.3459","ELEMENT":"f.8D00E63E7445179AA59B17F8E6C27F98.d.1A486FDE4BA29721121857AAA53702E4.e.3459"}]}
COMMAND: GET /session/999fc64afd1230ec64a2dd58c909e126/screenshot - {}
RESULT: {}
RESULT: {"script":"<script> [8489 bytes]","args":[{"element-6066-11e4-a52e-4f735466cecf":"f.8D00E63E7445179AA59B17F8E6C27F98.d.1A486FDE4BA29721121857AAA53702E4.e.3459","ELEMENT":"f.8D00E63E7445179AA59B17F8E6C27F98.d.1A486FDE4BA29721121857AAA53702E4.e.3459"}]}
COMMAND: POST /session/999fc64afd1230ec64a2dd58c909e126/execute/sync - {"script":"<script> [5351 bytes]","args":[{"element-6066-11e4-a52e-4f735466cecf":"f.8D00E63E7445179AA59B17F8E6C27F98.d.1A486FDE4BA29721121857AAA53702E4.e.3459","ELEMENT":"f.8D00E63E7445179AA59B17F8E6C27F98.d.1A486FDE4BA29721121857AAA53702E4.e.3459"}]}
COMMAND: GET /session/999fc64afd1230ec64a2dd58c909e126/screenshot - {}
RESULT: {}
RESULT: {"script":"<script> [5351 bytes]","args":[{"element-6066-11e4-a52e-4f735466cecf":"f.8D00E63E7445179AA59B17F8E6C27F98.d.1A486FDE4BA29721121857AAA53702E4.e.3459","ELEMENT":"f.8D00E63E7445179AA59B17F8E6C27F98.d.1A486FDE4BA29721121857AAA53702E4.e.3459"}]}
COMMAND: POST /session/999fc64afd1230ec64a2dd58c909e126/element/f.8D00E63E7445179AA59B17F8E6C27F98.d.1A486FDE4BA29721121857AAA53702E4.e.3459/click - {}
COMMAND: GET /session/999fc64afd1230ec64a2dd58c909e126/screenshot - {}
RESULT: {}
RESULT: {}
COMMAND: GET /session/999fc64afd1230ec64a2dd58c909e126/screenshot - {}
RESULT: {}
RESULT: {}
COMMAND: POST /session/999fc64afd1230ec64a2dd58c909e126/actions - {"actions":[{"id":"action13","type":"key","parameters":{},"actions":[{"type":"keyDown","value":"î€‡"},{"type":"pause","duration":10},{"type":"keyUp","value":"î€‡"}]}]}
RESULT: {"actions":[{"id":"action13","type":"key","parameters":{},"actions":[{"type":"keyDown","value":"î€‡"},{"type":"pause","duration":10},{"type":"keyUp","value":"î€‡"}]}]}
COMMAND: GET /session/999fc64afd1230ec64a2dd58c909e126/screenshot - {}
RESULT: {}
COMMAND: POST /session/999fc64afd1230ec64a2dd58c909e126/execute/async - {"script":"<script> [1562 bytes]","args":[{"selector":{"id":"application-manageconditionprice-display-component---newCondition--condBillCond-arrow"},"wdio_ui5_key":"applicationmanageconditionprice-display-component---newCondition--condBillCond-arrow"}]}
RESULT: {"script":"<script> [1562 bytes]","args":[{"selector":{"id":"application-manageconditionprice-display-component---newCondition--condBillCond-arrow"},"wdio_ui5_key":"applicationmanageconditionprice-display-component---newCondition--condBillCond-arrow"}]}
RESULT: undefined
COMMAND: POST /session/999fc64afd1230ec64a2dd58c909e126/element - {"using":"xpath","value":"//*[@id=\"application-manageconditionprice-display-component---newCondition--condBillCond-arrow\"]"}
RESULT: {"using":"xpath","value":"//*[@id=\"application-manageconditionprice-display-component---newCondition--condBillCond-arrow\"]"}
COMMAND: POST /session/999fc64afd1230ec64a2dd58c909e126/element/f.8D00E63E7445179AA59B17F8E6C27F98.d.1A486FDE4BA29721121857AAA53702E4.e.3667/click - {}
RESULT: {}
COMMAND: GET /session/999fc64afd1230ec64a2dd58c909e126/screenshot - {}
RESULT: {}
COMMAND: POST /session/999fc64afd1230ec64a2dd58c909e126/element - {"using":"xpath","value":"//li[.//span[contains(text(), \"DISP - D&I special price\")]]"}
RESULT: {"using":"xpath","value":"//li[.//span[contains(text(), \"DISP - D&I special price\")]]"}
COMMAND: POST /session/999fc64afd1230ec64a2dd58c909e126/element/f.8D00E63E7445179AA59B17F8E6C27F98.d.1A486FDE4BA29721121857AAA53702E4.e.3671/click - {}
RESULT: {}
COMMAND: GET /session/999fc64afd1230ec64a2dd58c909e126/screenshot - {}
RESULT: {}
COMMAND: POST /session/999fc64afd1230ec64a2dd58c909e126/execute/async - {"script":"<script> [1562 bytes]","args":[{"selector":{"id":"application-manageconditionprice-display-component---newCondition--condValidTo","interaction":{"idSuffix":"inner"}},"wdio_ui5_key":"applicationmanageconditionprice-display-component---newCondition--condValidTo"}]}
RESULT: {"script":"<script> [1562 bytes]","args":[{"selector":{"id":"application-manageconditionprice-display-component---newCondition--condValidTo","interaction":{"idSuffix":"inner"}},"wdio_ui5_key":"applicationmanageconditionprice-display-component---newCondition--condValidTo"}]}
RESULT: undefined
COMMAND: POST /session/999fc64afd1230ec64a2dd58c909e126/execute/async - {"script":"<script> [776 bytes]","args":[{"enterText":"01/06/26","selector":{"id":"application-manageconditionprice-display-component---newCondition--condValidTo","interaction":{"idSuffix":"inner"}},"clearTextFirst":true,"interactionType":"ENTER_TEXT"}]}
RESULT: {"script":"<script> [776 bytes]","args":[{"enterText":"01/06/26","selector":{"id":"application-manageconditionprice-display-component---newCondition--condValidTo","interaction":{"idSuffix":"inner"}},"clearTextFirst":true,"interactionType":"ENTER_TEXT"}]}
COMMAND: POST /session/999fc64afd1230ec64a2dd58c909e126/element - {"using":"xpath","value":"//input[@id=\"application-manageconditionprice-display-component---newCondition--condRU-inner\"]"}
RESULT: {"using":"xpath","value":"//input[@id=\"application-manageconditionprice-display-component---newCondition--condRU-inner\"]"}
COMMAND: POST /session/999fc64afd1230ec64a2dd58c909e126/element/f.8D00E63E7445179AA59B17F8E6C27F98.d.1A486FDE4BA29721121857AAA53702E4.e.3505/clear - {}
RESULT: {}
COMMAND: POST /session/999fc64afd1230ec64a2dd58c909e126/element/f.8D00E63E7445179AA59B17F8E6C27F98.d.1A486FDE4BA29721121857AAA53702E4.e.3505/value - {"text":"MYRVQX3ccR"}
COMMAND: GET /session/999fc64afd1230ec64a2dd58c909e126/screenshot - {}
RESULT: {"text":"MYRVQX3ccR"}
COMMAND: GET /session/999fc64afd1230ec64a2dd58c909e126/screenshot - {}
RESULT: {}
RESULT: {}
COMMAND: POST /session/999fc64afd1230ec64a2dd58c909e126/actions - {"actions":[{"id":"action14","type":"key","parameters":{},"actions":[{"type":"keyDown","value":"î€‡"},{"type":"pause","duration":10},{"type":"keyUp","value":"î€‡"}]}]}
RESULT: {"actions":[{"id":"action14","type":"key","parameters":{},"actions":[{"type":"keyDown","value":"î€‡"},{"type":"pause","duration":10},{"type":"keyUp","value":"î€‡"}]}]}
COMMAND: POST /session/999fc64afd1230ec64a2dd58c909e126/execute/async - {"script":"<script> [1562 bytes]","args":[{"selector":{"id":"application-manageconditionprice-display-component---newCondition--condBaseQty","interaction":{"idSuffix":"inner"}},"wdio_ui5_key":"applicationmanageconditionprice-display-component---newCondition--condBaseQty"}]}
COMMAND: GET /session/999fc64afd1230ec64a2dd58c909e126/screenshot - {}
RESULT: {"script":"<script> [1562 bytes]","args":[{"selector":{"id":"application-manageconditionprice-display-component---newCondition--condBaseQty","interaction":{"idSuffix":"inner"}},"wdio_ui5_key":"applicationmanageconditionprice-display-component---newCondition--condBaseQty"}]}
RESULT: undefined
COMMAND: POST /session/999fc64afd1230ec64a2dd58c909e126/execute/async - {"script":"<script> [776 bytes]","args":[{"enterText":"1","selector":{"id":"application-manageconditionprice-display-component---newCondition--condBaseQty","interaction":{"idSuffix":"inner"}},"clearTextFirst":true,"interactionType":"ENTER_TEXT"}]}
RESULT: {}
RESULT: {"script":"<script> [776 bytes]","args":[{"enterText":"1","selector":{"id":"application-manageconditionprice-display-component---newCondition--condBaseQty","interaction":{"idSuffix":"inner"}},"clearTextFirst":true,"interactionType":"ENTER_TEXT"}]}
COMMAND: POST /session/999fc64afd1230ec64a2dd58c909e126/execute/async - {"script":"<script> [1562 bytes]","args":[{"selector":{"id":"application-manageconditionprice-display-component---newCondition--condValue","interaction":{"idSuffix":"inner"}},"wdio_ui5_key":"applicationmanageconditionprice-display-component---newCondition--condValue"}]}
RESULT: {"script":"<script> [1562 bytes]","args":[{"selector":{"id":"application-manageconditionprice-display-component---newCondition--condValue","interaction":{"idSuffix":"inner"}},"wdio_ui5_key":"applicationmanageconditionprice-display-component---newCondition--condValue"}]}
RESULT: undefined
COMMAND: POST /session/999fc64afd1230ec64a2dd58c909e126/execute/async - {"script":"<script> [776 bytes]","args":[{"enterText":"100","selector":{"id":"application-manageconditionprice-display-component---newCondition--condValue","interaction":{"idSuffix":"inner"}},"clearTextFirst":true,"interactionType":"ENTER_TEXT"}]}
RESULT: {"script":"<script> [776 bytes]","args":[{"enterText":"100","selector":{"id":"application-manageconditionprice-display-component---newCondition--condValue","interaction":{"idSuffix":"inner"}},"clearTextFirst":true,"interactionType":"ENTER_TEXT"}]}
COMMAND: POST /session/999fc64afd1230ec64a2dd58c909e126/execute/async - {"script":"<script> [1562 bytes]","args":[{"selector":{"id":"application-manageconditionprice-display-component---newCondition--condCurr-arrow"},"wdio_ui5_key":"applicationmanageconditionprice-display-component---newCondition--condCurr-arrow"}]}
RESULT: {"script":"<script> [1562 bytes]","args":[{"selector":{"id":"application-manageconditionprice-display-component---newCondition--condCurr-arrow"},"wdio_ui5_key":"applicationmanageconditionprice-display-component---newCondition--condCurr-arrow"}]}
RESULT: undefined
COMMAND: POST /session/999fc64afd1230ec64a2dd58c909e126/element - {"using":"xpath","value":"//*[@id=\"application-manageconditionprice-display-component---newCondition--condCurr-arrow\"]"}
RESULT: {"using":"xpath","value":"//*[@id=\"application-manageconditionprice-display-component---newCondition--condCurr-arrow\"]"}
COMMAND: POST /session/999fc64afd1230ec64a2dd58c909e126/element/f.8D00E63E7445179AA59B17F8E6C27F98.d.1A486FDE4BA29721121857AAA53702E4.e.3651/click - {}
RESULT: {}
COMMAND: POST /session/999fc64afd1230ec64a2dd58c909e126/element - {"using":"xpath","value":"//span[contains(text(), \"Euro\")]"}
COMMAND: GET /session/999fc64afd1230ec64a2dd58c909e126/screenshot - {}
RESULT: {"using":"xpath","value":"//span[contains(text(), \"Euro\")]"}
COMMAND: POST /session/999fc64afd1230ec64a2dd58c909e126/element/f.8D00E63E7445179AA59B17F8E6C27F98.d.1A486FDE4BA29721121857AAA53702E4.e.3707/click - {}
RESULT: {}
RESULT: {}
COMMAND: POST /session/999fc64afd1230ec64a2dd58c909e126/element - {"using":"xpath","value":"//button[@data-kt=\"saveButton\"]"}
COMMAND: GET /session/999fc64afd1230ec64a2dd58c909e126/screenshot - {}
RESULT: {"using":"xpath","value":"//button[@data-kt=\"saveButton\"]"}
COMMAND: POST /session/999fc64afd1230ec64a2dd58c909e126/element/f.8D00E63E7445179AA59B17F8E6C27F98.d.1A486FDE4BA29721121857AAA53702E4.e.3652/click - {}
RESULT: {}
RESULT: {}
COMMAND: GET /session/999fc64afd1230ec64a2dd58c909e126/screenshot - {}
RESULT: {}
COMMAND: POST /session/999fc64afd1230ec64a2dd58c909e126/execute/async - {"script":"<script> [1562 bytes]","args":[{"selector":{"id":"application-manageconditionprice-display-component---conditions--smartFilterBar-btnBasicSearch","interaction":{"idSuffix":"I"}},"wdio_ui5_key":"applicationmanageconditionprice-display-component---conditions--smartFilterBar-btnBasicSearch"}]}
RESULT: {"script":"<script> [1562 bytes]","args":[{"selector":{"id":"application-manageconditionprice-display-component---conditions--smartFilterBar-btnBasicSearch","interaction":{"idSuffix":"I"}},"wdio_ui5_key":"applicationmanageconditionprice-display-component---conditions--smartFilterBar-btnBasicSearch"}]}
RESULT: undefined
COMMAND: POST /session/999fc64afd1230ec64a2dd58c909e126/execute/async - {"script":"<script> [776 bytes]","args":[{"enterText":"MYRVQX3ccR","selector":{"id":"application-manageconditionprice-display-component---conditions--smartFilterBar-btnBasicSearch","interaction":{"idSuffix":"I"}},"clearTextFirst":true,"interactionType":"ENTER_TEXT"}]}
RESULT: {"script":"<script> [776 bytes]","args":[{"enterText":"MYRVQX3ccR","selector":{"id":"application-manageconditionprice-display-component---conditions--smartFilterBar-btnBasicSearch","interaction":{"idSuffix":"I"}},"clearTextFirst":true,"interactionType":"ENTER_TEXT"}]}
COMMAND: POST /session/999fc64afd1230ec64a2dd58c909e126/actions - {"actions":[{"id":"action15","type":"key","parameters":{},"actions":[{"type":"keyDown","value":"î€‡"},{"type":"pause","duration":10},{"type":"keyUp","value":"î€‡"}]}]}
RESULT: {"actions":[{"id":"action15","type":"key","parameters":{},"actions":[{"type":"keyDown","value":"î€‡"},{"type":"pause","duration":10},{"type":"keyUp","value":"î€‡"}]}]}
COMMAND: GET /session/999fc64afd1230ec64a2dd58c909e126/screenshot - {}
RESULT: {}
COMMAND: POST /session/999fc64afd1230ec64a2dd58c909e126/execute/async - {"script":"<script> [1562 bytes]","args":[{"selector":{"id":"application-manageconditionprice-display-component---conditions--smartFilterBar-filterItemControl_BASIC-BILL_TYPES-vhi"},"wdio_ui5_key":"applicationmanageconditionprice-display-component---conditions--smartFilterBar-filterItemControl_BASIC-BILL_TYPES-vhi"}]}
RESULT: {"script":"<script> [1562 bytes]","args":[{"selector":{"id":"application-manageconditionprice-display-component---conditions--smartFilterBar-filterItemControl_BASIC-BILL_TYPES-vhi"},"wdio_ui5_key":"applicationmanageconditionprice-display-component---conditions--smartFilterBar-filterItemControl_BASIC-BILL_TYPES-vhi"}]}
RESULT: undefined
COMMAND: POST /session/999fc64afd1230ec64a2dd58c909e126/element - {"using":"xpath","value":"//*[@id=\"application-manageconditionprice-display-component---conditions--smartFilterBar-filterItemControl_BASIC-BILL_TYPES-vhi\"]"}
RESULT: {"using":"xpath","value":"//*[@id=\"application-manageconditionprice-display-component---conditions--smartFilterBar-filterItemControl_BASIC-BILL_TYPES-vhi\"]"}
COMMAND: POST /session/999fc64afd1230ec64a2dd58c909e126/element/f.8D00E63E7445179AA59B17F8E6C27F98.d.1A486FDE4BA29721121857AAA53702E4.e.3724/click - {}
RESULT: {}
COMMAND: POST /session/999fc64afd1230ec64a2dd58c909e126/execute/async - {"script":"<script> [1562 bytes]","args":[{"selector":{"id":"application-manageconditionprice-display-component---conditions--smartFilterBar-filterItemControl_BASIC-BILL_TYPES-valueHelpDialog-smartFilterBar-btnBasicSearch","searchOpenDialogs":true,"interaction":{"idSuffix":"I"}},"wdio_ui5_key":"applicationmanageconditionprice-display-component---conditions--smartFilterBar-filterItemControl_BASIC-BILL_TYPES-valueHelpDialog-smartFilterBar-btnBasicSearch"}]}
COMMAND: GET /session/999fc64afd1230ec64a2dd58c909e126/screenshot - {}
RESULT: {"script":"<script> [1562 bytes]","args":[{"selector":{"id":"application-manageconditionprice-display-component---conditions--smartFilterBar-filterItemControl_BASIC-BILL_TYPES-valueHelpDialog-smartFilterBar-btnBasicSearch","searchOpenDialogs":true,"interaction":{"idSuffix":"I"}},"wdio_ui5_key":"applicationmanageconditionprice-display-component---conditions--smartFilterBar-filterItemControl_BASIC-BILL_TYPES-valueHelpDialog-smartFilterBar-btnBasicSearch"}]}
RESULT: undefined
COMMAND: POST /session/999fc64afd1230ec64a2dd58c909e126/execute/async - {"script":"<script> [776 bytes]","args":[{"enterText":"TB","selector":{"id":"application-manageconditionprice-display-component---conditions--smartFilterBar-filterItemControl_BASIC-BILL_TYPES-valueHelpDialog-smartFilterBar-btnBasicSearch","searchOpenDialogs":true,"interaction":{"idSuffix":"I"}},"clearTextFirst":true,"interactionType":"ENTER_TEXT"}]}
RESULT: {}
RESULT: {"script":"<script> [776 bytes]","args":[{"enterText":"TB","selector":{"id":"application-manageconditionprice-display-component---conditions--smartFilterBar-filterItemControl_BASIC-BILL_TYPES-valueHelpDialog-smartFilterBar-btnBasicSearch","searchOpenDialogs":true,"interaction":{"idSuffix":"I"}},"clearTextFirst":true,"interactionType":"ENTER_TEXT"}]}
COMMAND: POST /session/999fc64afd1230ec64a2dd58c909e126/actions - {"actions":[{"id":"action16","type":"key","parameters":{},"actions":[{"type":"keyDown","value":"î€‡"},{"type":"pause","duration":10},{"type":"keyUp","value":"î€‡"}]}]}
RESULT: {"actions":[{"id":"action16","type":"key","parameters":{},"actions":[{"type":"keyDown","value":"î€‡"},{"type":"pause","duration":10},{"type":"keyUp","value":"î€‡"}]}]}
COMMAND: GET /session/999fc64afd1230ec64a2dd58c909e126/screenshot - {}
RESULT: {}
COMMAND: POST /session/999fc64afd1230ec64a2dd58c909e126/element - {"using":"xpath","value":"//div[contains(@id, 'application-manageconditionprice-display-component---conditions--smartFilterBar-filterItemControl_BASIC-BILL_TYPES-valueHelpDialog-table-rowsel0')]"}
RESULT: {"using":"xpath","value":"//div[contains(@id, 'application-manageconditionprice-display-component---conditions--smartFilterBar-filterItemControl_BASIC-BILL_TYPES-valueHelpDialog-table-rowsel0')]"}
COMMAND: POST /session/999fc64afd1230ec64a2dd58c909e126/element/f.8D00E63E7445179AA59B17F8E6C27F98.d.1A486FDE4BA29721121857AAA53702E4.e.3733/click - {}
RESULT: {}
COMMAND: GET /session/999fc64afd1230ec64a2dd58c909e126/screenshot - {}
RESULT: {}
COMMAND: POST /session/999fc64afd1230ec64a2dd58c909e126/element - {"using":"xpath","value":"//bdi[contains(text(), \"OK\")]"}
RESULT: {"using":"xpath","value":"//bdi[contains(text(), \"OK\")]"}
COMMAND: POST /session/999fc64afd1230ec64a2dd58c909e126/element/f.8D00E63E7445179AA59B17F8E6C27F98.d.1A486FDE4BA29721121857AAA53702E4.e.3735/click - {}
RESULT: {}
COMMAND: GET /session/999fc64afd1230ec64a2dd58c909e126/screenshot - {}
RESULT: {}
COMMAND: POST /session/999fc64afd1230ec64a2dd58c909e126/element - {"using":"xpath","value":"//span[@id=\"application-manageconditionprice-display-component---conditions--smartTable-header-inner\"]"}
RESULT: {"using":"xpath","value":"//span[@id=\"application-manageconditionprice-display-component---conditions--smartTable-header-inner\"]"}
COMMAND: POST /session/999fc64afd1230ec64a2dd58c909e126/elements - {"using":"xpath","value":"//span[@id=\"application-manageconditionprice-display-component---conditions--smartTable-header-inner\"]"}
RESULT: {"using":"xpath","value":"//span[@id=\"application-manageconditionprice-display-component---conditions--smartTable-header-inner\"]"}
COMMAND: POST /session/999fc64afd1230ec64a2dd58c909e126/execute/sync - {"script":"<script> [56 bytes]","args":[{"element-6066-11e4-a52e-4f735466cecf":"f.8D00E63E7445179AA59B17F8E6C27F98.d.1A486FDE4BA29721121857AAA53702E4.e.3738","ELEMENT":"f.8D00E63E7445179AA59B17F8E6C27F98.d.1A486FDE4BA29721121857AAA53702E4.e.3738"}]}
RESULT: {"script":"<script> [56 bytes]","args":[{"element-6066-11e4-a52e-4f735466cecf":"f.8D00E63E7445179AA59B17F8E6C27F98.d.1A486FDE4BA29721121857AAA53702E4.e.3738","ELEMENT":"f.8D00E63E7445179AA59B17F8E6C27F98.d.1A486FDE4BA29721121857AAA53702E4.e.3738"}]}
COMMAND: POST /session/999fc64afd1230ec64a2dd58c909e126/element - {"using":"css selector","value":"#shell-header-logo"}
COMMAND: GET /session/999fc64afd1230ec64a2dd58c909e126/screenshot - {}
RESULT: {"using":"css selector","value":"#shell-header-logo"}
COMMAND: POST /session/999fc64afd1230ec64a2dd58c909e126/element/f.8D00E63E7445179AA59B17F8E6C27F98.d.1A486FDE4BA29721121857AAA53702E4.e.3402/click - {}
RESULT: {}
RESULT: {}
COMMAND: GET /session/999fc64afd1230ec64a2dd58c909e126/screenshot - {}
RESULT: {}
]]></system-out>
    </testcase>
    <testcase classname="chrome.135_0_7049_96.windows.Billing_Transfer_-_Master_data_&amp;_Intercompany_US127250" name="Should do a stock increase" time="76.265">
      <system-out><![CDATA[
COMMAND: POST /session/999fc64afd1230ec64a2dd58c909e126/execute/async - {"script":"<script> [1562 bytes]","args":[{"selector":{"controlType":"sap.m.Text","viewName":"etm.portal.ui.managehandoverstile.view.Master","properties":{"text":"Manage Handovers"},"interaction":{"idSuffix":"inner"}},"wdio_ui5_key":"etmportal.ui.managehandoverstile.view.Mastersap.m.Text{\"text\":\"Manage Handovers\"}"}]}
RESULT: {"script":"<script> [1562 bytes]","args":[{"selector":{"controlType":"sap.m.Text","viewName":"etm.portal.ui.managehandoverstile.view.Master","properties":{"text":"Manage Handovers"},"interaction":{"idSuffix":"inner"}},"wdio_ui5_key":"etmportal.ui.managehandoverstile.view.Mastersap.m.Text{\"text\":\"Manage Handovers\"}"}]}
RESULT: undefined
COMMAND: POST /session/999fc64afd1230ec64a2dd58c909e126/element - {"using":"xpath","value":"//*[@id=\"__tile132-title\"]"}
RESULT: {"using":"xpath","value":"//*[@id=\"__tile132-title\"]"}
COMMAND: POST /session/999fc64afd1230ec64a2dd58c909e126/element/f.8D00E63E7445179AA59B17F8E6C27F98.d.1A486FDE4BA29721121857AAA53702E4.e.3743/click - {}
RESULT: {}
COMMAND: POST /session/999fc64afd1230ec64a2dd58c909e126/element - {"using":"xpath","value":"//button[@data-kt=\"masterHOAddButton\"]"}
COMMAND: GET /session/999fc64afd1230ec64a2dd58c909e126/screenshot - {}
RESULT: {"using":"xpath","value":"//button[@data-kt=\"masterHOAddButton\"]"}
COMMAND: POST /session/999fc64afd1230ec64a2dd58c909e126/elements - {"using":"xpath","value":"//button[@data-kt=\"masterHOAddButton\"]"}
RESULT: {}
RESULT: {"using":"xpath","value":"//button[@data-kt=\"masterHOAddButton\"]"}
COMMAND: POST /session/999fc64afd1230ec64a2dd58c909e126/elements - {"using":"xpath","value":"//button[@data-kt=\"masterHOAddButton\"]"}
RESULT: {"using":"xpath","value":"//button[@data-kt=\"masterHOAddButton\"]"}
COMMAND: POST /session/999fc64afd1230ec64a2dd58c909e126/elements - {"using":"xpath","value":"//button[@data-kt=\"masterHOAddButton\"]"}
RESULT: {"using":"xpath","value":"//button[@data-kt=\"masterHOAddButton\"]"}
COMMAND: POST /session/999fc64afd1230ec64a2dd58c909e126/elements - {"using":"xpath","value":"//button[@data-kt=\"masterHOAddButton\"]"}
RESULT: {"using":"xpath","value":"//button[@data-kt=\"masterHOAddButton\"]"}
COMMAND: POST /session/999fc64afd1230ec64a2dd58c909e126/elements - {"using":"xpath","value":"//button[@data-kt=\"masterHOAddButton\"]"}
RESULT: {"using":"xpath","value":"//button[@data-kt=\"masterHOAddButton\"]"}
COMMAND: POST /session/999fc64afd1230ec64a2dd58c909e126/elements - {"using":"xpath","value":"//button[@data-kt=\"masterHOAddButton\"]"}
RESULT: {"using":"xpath","value":"//button[@data-kt=\"masterHOAddButton\"]"}
COMMAND: POST /session/999fc64afd1230ec64a2dd58c909e126/elements - {"using":"xpath","value":"//button[@data-kt=\"masterHOAddButton\"]"}
RESULT: {"using":"xpath","value":"//button[@data-kt=\"masterHOAddButton\"]"}
COMMAND: POST /session/999fc64afd1230ec64a2dd58c909e126/elements - {"using":"xpath","value":"//button[@data-kt=\"masterHOAddButton\"]"}
RESULT: {"using":"xpath","value":"//button[@data-kt=\"masterHOAddButton\"]"}
COMMAND: POST /session/999fc64afd1230ec64a2dd58c909e126/elements - {"using":"xpath","value":"//button[@data-kt=\"masterHOAddButton\"]"}
RESULT: {"using":"xpath","value":"//button[@data-kt=\"masterHOAddButton\"]"}
COMMAND: POST /session/999fc64afd1230ec64a2dd58c909e126/elements - {"using":"xpath","value":"//button[@data-kt=\"masterHOAddButton\"]"}
RESULT: {"using":"xpath","value":"//button[@data-kt=\"masterHOAddButton\"]"}
COMMAND: POST /session/999fc64afd1230ec64a2dd58c909e126/elements - {"using":"xpath","value":"//button[@data-kt=\"masterHOAddButton\"]"}
RESULT: {"using":"xpath","value":"//button[@data-kt=\"masterHOAddButton\"]"}
COMMAND: POST /session/999fc64afd1230ec64a2dd58c909e126/elements - {"using":"xpath","value":"//button[@data-kt=\"masterHOAddButton\"]"}
RESULT: {"using":"xpath","value":"//button[@data-kt=\"masterHOAddButton\"]"}
COMMAND: POST /session/999fc64afd1230ec64a2dd58c909e126/elements - {"using":"xpath","value":"//button[@data-kt=\"masterHOAddButton\"]"}
RESULT: {"using":"xpath","value":"//button[@data-kt=\"masterHOAddButton\"]"}
COMMAND: POST /session/999fc64afd1230ec64a2dd58c909e126/elements - {"using":"xpath","value":"//button[@data-kt=\"masterHOAddButton\"]"}
RESULT: {"using":"xpath","value":"//button[@data-kt=\"masterHOAddButton\"]"}
COMMAND: POST /session/999fc64afd1230ec64a2dd58c909e126/elements - {"using":"xpath","value":"//button[@data-kt=\"masterHOAddButton\"]"}
RESULT: {"using":"xpath","value":"//button[@data-kt=\"masterHOAddButton\"]"}
COMMAND: POST /session/999fc64afd1230ec64a2dd58c909e126/elements - {"using":"xpath","value":"//button[@data-kt=\"masterHOAddButton\"]"}
RESULT: {"using":"xpath","value":"//button[@data-kt=\"masterHOAddButton\"]"}
COMMAND: POST /session/999fc64afd1230ec64a2dd58c909e126/element - {"using":"xpath","value":"//button[@data-kt=\"masterHOAddButton\"]"}
RESULT: {"using":"xpath","value":"//button[@data-kt=\"masterHOAddButton\"]"}
COMMAND: POST /session/999fc64afd1230ec64a2dd58c909e126/execute/sync - {"script":"<script> [8489 bytes]","args":[{"element-6066-11e4-a52e-4f735466cecf":"f.8D00E63E7445179AA59B17F8E6C27F98.d.1A486FDE4BA29721121857AAA53702E4.e.3779","ELEMENT":"f.8D00E63E7445179AA59B17F8E6C27F98.d.1A486FDE4BA29721121857AAA53702E4.e.3779"}]}
RESULT: {"script":"<script> [8489 bytes]","args":[{"element-6066-11e4-a52e-4f735466cecf":"f.8D00E63E7445179AA59B17F8E6C27F98.d.1A486FDE4BA29721121857AAA53702E4.e.3779","ELEMENT":"f.8D00E63E7445179AA59B17F8E6C27F98.d.1A486FDE4BA29721121857AAA53702E4.e.3779"}]}
COMMAND: GET /session/999fc64afd1230ec64a2dd58c909e126/element/f.8D00E63E7445179AA59B17F8E6C27F98.d.1A486FDE4BA29721121857AAA53702E4.e.3779/enabled - {}
COMMAND: GET /session/999fc64afd1230ec64a2dd58c909e126/screenshot - {}
RESULT: {}
COMMAND: POST /session/999fc64afd1230ec64a2dd58c909e126/execute/sync - {"script":"<script> [8489 bytes]","args":[{"element-6066-11e4-a52e-4f735466cecf":"f.8D00E63E7445179AA59B17F8E6C27F98.d.1A486FDE4BA29721121857AAA53702E4.e.3779","ELEMENT":"f.8D00E63E7445179AA59B17F8E6C27F98.d.1A486FDE4BA29721121857AAA53702E4.e.3779"}]}
COMMAND: GET /session/999fc64afd1230ec64a2dd58c909e126/screenshot - {}
RESULT: {}
RESULT: {"script":"<script> [8489 bytes]","args":[{"element-6066-11e4-a52e-4f735466cecf":"f.8D00E63E7445179AA59B17F8E6C27F98.d.1A486FDE4BA29721121857AAA53702E4.e.3779","ELEMENT":"f.8D00E63E7445179AA59B17F8E6C27F98.d.1A486FDE4BA29721121857AAA53702E4.e.3779"}]}
COMMAND: POST /session/999fc64afd1230ec64a2dd58c909e126/execute/sync - {"script":"<script> [5351 bytes]","args":[{"element-6066-11e4-a52e-4f735466cecf":"f.8D00E63E7445179AA59B17F8E6C27F98.d.1A486FDE4BA29721121857AAA53702E4.e.3779","ELEMENT":"f.8D00E63E7445179AA59B17F8E6C27F98.d.1A486FDE4BA29721121857AAA53702E4.e.3779"}]}
COMMAND: GET /session/999fc64afd1230ec64a2dd58c909e126/screenshot - {}
RESULT: {}
RESULT: {"script":"<script> [5351 bytes]","args":[{"element-6066-11e4-a52e-4f735466cecf":"f.8D00E63E7445179AA59B17F8E6C27F98.d.1A486FDE4BA29721121857AAA53702E4.e.3779","ELEMENT":"f.8D00E63E7445179AA59B17F8E6C27F98.d.1A486FDE4BA29721121857AAA53702E4.e.3779"}]}
COMMAND: POST /session/999fc64afd1230ec64a2dd58c909e126/element/f.8D00E63E7445179AA59B17F8E6C27F98.d.1A486FDE4BA29721121857AAA53702E4.e.3779/click - {}
COMMAND: GET /session/999fc64afd1230ec64a2dd58c909e126/screenshot - {}
RESULT: {}
RESULT: {}
COMMAND: GET /session/999fc64afd1230ec64a2dd58c909e126/screenshot - {}
RESULT: {}
RESULT: {}
COMMAND: POST /session/999fc64afd1230ec64a2dd58c909e126/element - {"using":"xpath","value":"//span[contains(@id ,\"AddNewHO--typeSelect-arrow\")]"}
RESULT: {"using":"xpath","value":"//span[contains(@id ,\"AddNewHO--typeSelect-arrow\")]"}
COMMAND: POST /session/999fc64afd1230ec64a2dd58c909e126/element/f.8D00E63E7445179AA59B17F8E6C27F98.d.1A486FDE4BA29721121857AAA53702E4.e.4119/click - {}
RESULT: {}
COMMAND: GET /session/999fc64afd1230ec64a2dd58c909e126/screenshot - {}
RESULT: {}
COMMAND: POST /session/999fc64afd1230ec64a2dd58c909e126/element - {"using":"xpath","value":"(//li[contains(text(), \"stock increase yard\")])[1]"}
RESULT: {"using":"xpath","value":"(//li[contains(text(), \"stock increase yard\")])[1]"}
COMMAND: POST /session/999fc64afd1230ec64a2dd58c909e126/element/f.8D00E63E7445179AA59B17F8E6C27F98.d.1A486FDE4BA29721121857AAA53702E4.e.4120/click - {}
RESULT: {}
COMMAND: GET /session/999fc64afd1230ec64a2dd58c909e126/screenshot - {}
RESULT: {}
COMMAND: POST /session/999fc64afd1230ec64a2dd58c909e126/execute/async - {"script":"<script> [1562 bytes]","args":[{"selector":{"id":"application-managehandovers-display-component---AddNewHO--dueDate","interaction":{"idSuffix":"inner"}},"wdio_ui5_key":"applicationmanagehandovers-display-component---AddNewHO--dueDate"}]}
RESULT: {"script":"<script> [1562 bytes]","args":[{"selector":{"id":"application-managehandovers-display-component---AddNewHO--dueDate","interaction":{"idSuffix":"inner"}},"wdio_ui5_key":"applicationmanagehandovers-display-component---AddNewHO--dueDate"}]}
RESULT: undefined
COMMAND: POST /session/999fc64afd1230ec64a2dd58c909e126/execute/async - {"script":"<script> [6424 bytes]","args":[{"element-6066-11e4-a52e-4f735466cecf":"f.8D00E63E7445179AA59B17F8E6C27F98.d.1A486FDE4BA29721121857AAA53702E4.e.4122"},"setValue",["05/06/2025"]]}
RESULT: {"script":"<script> [6424 bytes]","args":[{"element-6066-11e4-a52e-4f735466cecf":"f.8D00E63E7445179AA59B17F8E6C27F98.d.1A486FDE4BA29721121857AAA53702E4.e.4122"},"setValue",["05/06/2025"]]}
COMMAND: POST /session/999fc64afd1230ec64a2dd58c909e126/element - {"using":"xpath","value":"//input[@id=\"generalSectionFrg--receiveYard-inner\"]"}
RESULT: {"using":"xpath","value":"//input[@id=\"generalSectionFrg--receiveYard-inner\"]"}
COMMAND: POST /session/999fc64afd1230ec64a2dd58c909e126/element/f.8D00E63E7445179AA59B17F8E6C27F98.d.1A486FDE4BA29721121857AAA53702E4.e.4128/clear - {}
RESULT: {}
COMMAND: POST /session/999fc64afd1230ec64a2dd58c909e126/element/f.8D00E63E7445179AA59B17F8E6C27F98.d.1A486FDE4BA29721121857AAA53702E4.e.4128/value - {"text":"615"}
COMMAND: GET /session/999fc64afd1230ec64a2dd58c909e126/screenshot - {}
RESULT: {"text":"615"}
COMMAND: GET /session/999fc64afd1230ec64a2dd58c909e126/screenshot - {}
RESULT: {}
RESULT: {}
COMMAND: POST /session/999fc64afd1230ec64a2dd58c909e126/element - {"using":"xpath","value":"//li[.//span[text()='615']]"}
RESULT: {"using":"xpath","value":"//li[.//span[text()='615']]"}
COMMAND: POST /session/999fc64afd1230ec64a2dd58c909e126/element/f.8D00E63E7445179AA59B17F8E6C27F98.d.1A486FDE4BA29721121857AAA53702E4.e.4146/click - {}
RESULT: {}
COMMAND: GET /session/999fc64afd1230ec64a2dd58c909e126/screenshot - {}
RESULT: {}
COMMAND: POST /session/999fc64afd1230ec64a2dd58c909e126/execute/async - {"script":"<script> [1562 bytes]","args":[{"selector":{"id":"application-managehandovers-display-component---AddNewHO--ObjectPageLayout-anchBar-application-managehandovers-display-component---AddNewHO--section4-anchor","interaction":{"idSuffix":"BDI-content"}},"wdio_ui5_key":"applicationmanagehandovers-display-component---AddNewHO--ObjectPageLayout-anchBar-application-managehandovers-display-component---AddNewHO--section4-anchor"}]}
RESULT: {"script":"<script> [1562 bytes]","args":[{"selector":{"id":"application-managehandovers-display-component---AddNewHO--ObjectPageLayout-anchBar-application-managehandovers-display-component---AddNewHO--section4-anchor","interaction":{"idSuffix":"BDI-content"}},"wdio_ui5_key":"applicationmanagehandovers-display-component---AddNewHO--ObjectPageLayout-anchBar-application-managehandovers-display-component---AddNewHO--section4-anchor"}]}
RESULT: undefined
COMMAND: POST /session/999fc64afd1230ec64a2dd58c909e126/element - {"using":"xpath","value":"//*[@id=\"application-managehandovers-display-component---AddNewHO--ObjectPageLayout-anchBar-application-managehandovers-display-component---AddNewHO--section4-anchor\"]"}
RESULT: {"using":"xpath","value":"//*[@id=\"application-managehandovers-display-component---AddNewHO--ObjectPageLayout-anchBar-application-managehandovers-display-component---AddNewHO--section4-anchor\"]"}
COMMAND: POST /session/999fc64afd1230ec64a2dd58c909e126/element/f.8D00E63E7445179AA59B17F8E6C27F98.d.1A486FDE4BA29721121857AAA53702E4.e.4148/click - {}
RESULT: {}
COMMAND: POST /session/999fc64afd1230ec64a2dd58c909e126/element - {"using":"xpath","value":"//button[@aria-label=\"Add\"]"}
COMMAND: GET /session/999fc64afd1230ec64a2dd58c909e126/screenshot - {}
RESULT: {"using":"xpath","value":"//button[@aria-label=\"Add\"]"}
COMMAND: POST /session/999fc64afd1230ec64a2dd58c909e126/element/f.8D00E63E7445179AA59B17F8E6C27F98.d.1A486FDE4BA29721121857AAA53702E4.e.4150/click - {}
RESULT: {}
RESULT: {}
COMMAND: GET /session/999fc64afd1230ec64a2dd58c909e126/screenshot - {}
RESULT: {}
COMMAND: POST /session/999fc64afd1230ec64a2dd58c909e126/execute/async - {"script":"<script> [1562 bytes]","args":[{"selector":{"id":"application-managehandovers-display-component---AddNewHO--smartFilterBar-btnBasicSearch","searchOpenDialogs":true,"interaction":{"idSuffix":"I"}},"wdio_ui5_key":"applicationmanagehandovers-display-component---AddNewHO--smartFilterBar-btnBasicSearch"}]}
RESULT: {"script":"<script> [1562 bytes]","args":[{"selector":{"id":"application-managehandovers-display-component---AddNewHO--smartFilterBar-btnBasicSearch","searchOpenDialogs":true,"interaction":{"idSuffix":"I"}},"wdio_ui5_key":"applicationmanagehandovers-display-component---AddNewHO--smartFilterBar-btnBasicSearch"}]}
RESULT: undefined
COMMAND: POST /session/999fc64afd1230ec64a2dd58c909e126/execute/async - {"script":"<script> [776 bytes]","args":[{"enterText":"MYRVQX3ccR","selector":{"id":"application-managehandovers-display-component---AddNewHO--smartFilterBar-btnBasicSearch","searchOpenDialogs":true,"interaction":{"idSuffix":"I"}},"clearTextFirst":true,"interactionType":"ENTER_TEXT"}]}
RESULT: {"script":"<script> [776 bytes]","args":[{"enterText":"MYRVQX3ccR","selector":{"id":"application-managehandovers-display-component---AddNewHO--smartFilterBar-btnBasicSearch","searchOpenDialogs":true,"interaction":{"idSuffix":"I"}},"clearTextFirst":true,"interactionType":"ENTER_TEXT"}]}
COMMAND: POST /session/999fc64afd1230ec64a2dd58c909e126/actions - {"actions":[{"id":"action17","type":"key","parameters":{},"actions":[{"type":"keyDown","value":"î€‡"},{"type":"pause","duration":10},{"type":"keyUp","value":"î€‡"}]}]}
RESULT: {"actions":[{"id":"action17","type":"key","parameters":{},"actions":[{"type":"keyDown","value":"î€‡"},{"type":"pause","duration":10},{"type":"keyUp","value":"î€‡"}]}]}
COMMAND: GET /session/999fc64afd1230ec64a2dd58c909e126/screenshot - {}
RESULT: {}
COMMAND: POST /session/999fc64afd1230ec64a2dd58c909e126/execute/async - {"script":"<script> [1562 bytes]","args":[{"selector":{"id":"application-managehandovers-display-component---AddNewHO--popup-sa","searchOpenDialogs":true,"interaction":{"idSuffix":"CbBg"}},"wdio_ui5_key":"applicationmanagehandovers-display-component---AddNewHO--popup-sa"}]}
RESULT: {"script":"<script> [1562 bytes]","args":[{"selector":{"id":"application-managehandovers-display-component---AddNewHO--popup-sa","searchOpenDialogs":true,"interaction":{"idSuffix":"CbBg"}},"wdio_ui5_key":"applicationmanagehandovers-display-component---AddNewHO--popup-sa"}]}
RESULT: undefined
COMMAND: POST /session/999fc64afd1230ec64a2dd58c909e126/element - {"using":"xpath","value":"//*[@id=\"application-managehandovers-display-component---AddNewHO--popup-sa\"]"}
RESULT: {"using":"xpath","value":"//*[@id=\"application-managehandovers-display-component---AddNewHO--popup-sa\"]"}
COMMAND: POST /session/999fc64afd1230ec64a2dd58c909e126/element/f.8D00E63E7445179AA59B17F8E6C27F98.d.1A486FDE4BA29721121857AAA53702E4.e.4303/click - {}
RESULT: {}
COMMAND: GET /session/999fc64afd1230ec64a2dd58c909e126/screenshot - {}
RESULT: {}
COMMAND: POST /session/999fc64afd1230ec64a2dd58c909e126/element - {"using":"xpath","value":"//bdi[contains(text(), \"Select\")]"}
RESULT: {"using":"xpath","value":"//bdi[contains(text(), \"Select\")]"}
COMMAND: POST /session/999fc64afd1230ec64a2dd58c909e126/element/f.8D00E63E7445179AA59B17F8E6C27F98.d.1A486FDE4BA29721121857AAA53702E4.e.4304/click - {}
RESULT: {}
COMMAND: GET /session/999fc64afd1230ec64a2dd58c909e126/screenshot - {}
RESULT: {}
COMMAND: POST /session/999fc64afd1230ec64a2dd58c909e126/element - {"using":"xpath","value":"//button[@data-kt=\"AddNewHOSaveButton\"]"}
RESULT: {"using":"xpath","value":"//button[@data-kt=\"AddNewHOSaveButton\"]"}
COMMAND: POST /session/999fc64afd1230ec64a2dd58c909e126/element/f.8D00E63E7445179AA59B17F8E6C27F98.d.1A486FDE4BA29721121857AAA53702E4.e.4308/click - {}
RESULT: {}
COMMAND: GET /session/999fc64afd1230ec64a2dd58c909e126/screenshot - {}
RESULT: {}
COMMAND: POST /session/999fc64afd1230ec64a2dd58c909e126/execute/async - {"script":"<script> [1562 bytes]","args":[{"selector":{"id":"receiptDatePicker","viewName":"etm.portal.ui.managehandovers.view.DetailExecuteHO","interaction":{"idSuffix":"inner"}},"wdio_ui5_key":"receiptDatePickeretmportal.ui.managehandovers.view.DetailExecuteHO"}]}
RESULT: {"script":"<script> [1562 bytes]","args":[{"selector":{"id":"receiptDatePicker","viewName":"etm.portal.ui.managehandovers.view.DetailExecuteHO","interaction":{"idSuffix":"inner"}},"wdio_ui5_key":"receiptDatePickeretmportal.ui.managehandovers.view.DetailExecuteHO"}]}
RESULT: undefined
COMMAND: POST /session/999fc64afd1230ec64a2dd58c909e126/execute/async - {"script":"<script> [6424 bytes]","args":[{"element-6066-11e4-a52e-4f735466cecf":"f.8D00E63E7445179AA59B17F8E6C27F98.d.1A486FDE4BA29721121857AAA53702E4.e.4340"},"setValue",["05/06/2025"]]}
RESULT: {"script":"<script> [6424 bytes]","args":[{"element-6066-11e4-a52e-4f735466cecf":"f.8D00E63E7445179AA59B17F8E6C27F98.d.1A486FDE4BA29721121857AAA53702E4.e.4340"},"setValue",["05/06/2025"]]}
COMMAND: POST /session/999fc64afd1230ec64a2dd58c909e126/element - {"using":"xpath","value":"//button[@data-kt=\"PickingTableConfirmAllButton\"]"}
RESULT: {"using":"xpath","value":"//button[@data-kt=\"PickingTableConfirmAllButton\"]"}
COMMAND: POST /session/999fc64afd1230ec64a2dd58c909e126/element/f.8D00E63E7445179AA59B17F8E6C27F98.d.1A486FDE4BA29721121857AAA53702E4.e.4355/click - {}
RESULT: {}
COMMAND: GET /session/999fc64afd1230ec64a2dd58c909e126/screenshot - {}
RESULT: {}
COMMAND: POST /session/999fc64afd1230ec64a2dd58c909e126/element - {"using":"xpath","value":"//bdi[contains(text(), \"OK\")]"}
RESULT: {"using":"xpath","value":"//bdi[contains(text(), \"OK\")]"}
COMMAND: POST /session/999fc64afd1230ec64a2dd58c909e126/element/f.8D00E63E7445179AA59B17F8E6C27F98.d.1A486FDE4BA29721121857AAA53702E4.e.4357/click - {}
RESULT: {}
COMMAND: GET /session/999fc64afd1230ec64a2dd58c909e126/screenshot - {}
RESULT: {}
COMMAND: POST /session/999fc64afd1230ec64a2dd58c909e126/element - {"using":"xpath","value":"(//bdi[contains(text(), \"Receive\")])[2]"}
RESULT: {"using":"xpath","value":"(//bdi[contains(text(), \"Receive\")])[2]"}
COMMAND: POST /session/999fc64afd1230ec64a2dd58c909e126/element/f.8D00E63E7445179AA59B17F8E6C27F98.d.1A486FDE4BA29721121857AAA53702E4.e.4359/click - {}
RESULT: {}
COMMAND: GET /session/999fc64afd1230ec64a2dd58c909e126/screenshot - {}
RESULT: {}
COMMAND: POST /session/999fc64afd1230ec64a2dd58c909e126/element - {"using":"css selector","value":"#shell-header-logo"}
RESULT: {"using":"css selector","value":"#shell-header-logo"}
COMMAND: POST /session/999fc64afd1230ec64a2dd58c909e126/element/f.8D00E63E7445179AA59B17F8E6C27F98.d.1A486FDE4BA29721121857AAA53702E4.e.3746/click - {}
RESULT: {}
COMMAND: GET /session/999fc64afd1230ec64a2dd58c909e126/screenshot - {}
RESULT: {}
]]></system-out>
    </testcase>
    <testcase classname="chrome.135_0_7049_96.windows.Billing_Transfer_-_Master_data_&amp;_Intercompany_US127250" name="Should create a new contract" time="57.897">
      <system-out><![CDATA[
COMMAND: POST /session/999fc64afd1230ec64a2dd58c909e126/execute/async - {"script":"<script> [1562 bytes]","args":[{"selector":{"controlType":"sap.m.Text","viewName":"etm.portal.ui.managecontractstile.view.Master","properties":{"text":"Manage Contracts"},"interaction":{"idSuffix":"inner"}},"wdio_ui5_key":"etmportal.ui.managecontractstile.view.Mastersap.m.Text{\"text\":\"Manage Contracts\"}"}]}
RESULT: {"script":"<script> [1562 bytes]","args":[{"selector":{"controlType":"sap.m.Text","viewName":"etm.portal.ui.managecontractstile.view.Master","properties":{"text":"Manage Contracts"},"interaction":{"idSuffix":"inner"}},"wdio_ui5_key":"etmportal.ui.managecontractstile.view.Mastersap.m.Text{\"text\":\"Manage Contracts\"}"}]}
RESULT: undefined
COMMAND: POST /session/999fc64afd1230ec64a2dd58c909e126/element - {"using":"xpath","value":"//*[@id=\"__tile130-title\"]"}
RESULT: {"using":"xpath","value":"//*[@id=\"__tile130-title\"]"}
COMMAND: POST /session/999fc64afd1230ec64a2dd58c909e126/element/f.8D00E63E7445179AA59B17F8E6C27F98.d.1A486FDE4BA29721121857AAA53702E4.e.4530/click - {}
RESULT: {}
COMMAND: GET /session/999fc64afd1230ec64a2dd58c909e126/screenshot - {}
RESULT: {}
COMMAND: POST /session/999fc64afd1230ec64a2dd58c909e126/element - {"using":"xpath","value":"//button[@data-kt=\"addButton\"]"}
RESULT: {"using":"xpath","value":"//button[@data-kt=\"addButton\"]"}
COMMAND: POST /session/999fc64afd1230ec64a2dd58c909e126/elements - {"using":"xpath","value":"//button[@data-kt=\"addButton\"]"}
RESULT: {"using":"xpath","value":"//button[@data-kt=\"addButton\"]"}
COMMAND: POST /session/999fc64afd1230ec64a2dd58c909e126/elements - {"using":"xpath","value":"//button[@data-kt=\"addButton\"]"}
RESULT: {"using":"xpath","value":"//button[@data-kt=\"addButton\"]"}
COMMAND: POST /session/999fc64afd1230ec64a2dd58c909e126/elements - {"using":"xpath","value":"//button[@data-kt=\"addButton\"]"}
RESULT: {"using":"xpath","value":"//button[@data-kt=\"addButton\"]"}
COMMAND: POST /session/999fc64afd1230ec64a2dd58c909e126/elements - {"using":"xpath","value":"//button[@data-kt=\"addButton\"]"}
RESULT: {"using":"xpath","value":"//button[@data-kt=\"addButton\"]"}
COMMAND: POST /session/999fc64afd1230ec64a2dd58c909e126/elements - {"using":"xpath","value":"//button[@data-kt=\"addButton\"]"}
RESULT: {"using":"xpath","value":"//button[@data-kt=\"addButton\"]"}
COMMAND: POST /session/999fc64afd1230ec64a2dd58c909e126/elements - {"using":"xpath","value":"//button[@data-kt=\"addButton\"]"}
RESULT: {"using":"xpath","value":"//button[@data-kt=\"addButton\"]"}
COMMAND: POST /session/999fc64afd1230ec64a2dd58c909e126/elements - {"using":"xpath","value":"//button[@data-kt=\"addButton\"]"}
RESULT: {"using":"xpath","value":"//button[@data-kt=\"addButton\"]"}
COMMAND: POST /session/999fc64afd1230ec64a2dd58c909e126/elements - {"using":"xpath","value":"//button[@data-kt=\"addButton\"]"}
RESULT: {"using":"xpath","value":"//button[@data-kt=\"addButton\"]"}
COMMAND: POST /session/999fc64afd1230ec64a2dd58c909e126/elements - {"using":"xpath","value":"//button[@data-kt=\"addButton\"]"}
RESULT: {"using":"xpath","value":"//button[@data-kt=\"addButton\"]"}
COMMAND: POST /session/999fc64afd1230ec64a2dd58c909e126/elements - {"using":"xpath","value":"//button[@data-kt=\"addButton\"]"}
RESULT: {"using":"xpath","value":"//button[@data-kt=\"addButton\"]"}
COMMAND: POST /session/999fc64afd1230ec64a2dd58c909e126/elements - {"using":"xpath","value":"//button[@data-kt=\"addButton\"]"}
RESULT: {"using":"xpath","value":"//button[@data-kt=\"addButton\"]"}
COMMAND: POST /session/999fc64afd1230ec64a2dd58c909e126/elements - {"using":"xpath","value":"//button[@data-kt=\"addButton\"]"}
RESULT: {"using":"xpath","value":"//button[@data-kt=\"addButton\"]"}
COMMAND: POST /session/999fc64afd1230ec64a2dd58c909e126/element - {"using":"xpath","value":"//button[@data-kt=\"addButton\"]"}
RESULT: {"using":"xpath","value":"//button[@data-kt=\"addButton\"]"}
COMMAND: POST /session/999fc64afd1230ec64a2dd58c909e126/execute/sync - {"script":"<script> [8489 bytes]","args":[{"element-6066-11e4-a52e-4f735466cecf":"f.8D00E63E7445179AA59B17F8E6C27F98.d.1A486FDE4BA29721121857AAA53702E4.e.4605","ELEMENT":"f.8D00E63E7445179AA59B17F8E6C27F98.d.1A486FDE4BA29721121857AAA53702E4.e.4605"}]}
RESULT: {"script":"<script> [8489 bytes]","args":[{"element-6066-11e4-a52e-4f735466cecf":"f.8D00E63E7445179AA59B17F8E6C27F98.d.1A486FDE4BA29721121857AAA53702E4.e.4605","ELEMENT":"f.8D00E63E7445179AA59B17F8E6C27F98.d.1A486FDE4BA29721121857AAA53702E4.e.4605"}]}
COMMAND: GET /session/999fc64afd1230ec64a2dd58c909e126/element/f.8D00E63E7445179AA59B17F8E6C27F98.d.1A486FDE4BA29721121857AAA53702E4.e.4605/enabled - {}
COMMAND: GET /session/999fc64afd1230ec64a2dd58c909e126/screenshot - {}
RESULT: {}
COMMAND: POST /session/999fc64afd1230ec64a2dd58c909e126/execute/sync - {"script":"<script> [8489 bytes]","args":[{"element-6066-11e4-a52e-4f735466cecf":"f.8D00E63E7445179AA59B17F8E6C27F98.d.1A486FDE4BA29721121857AAA53702E4.e.4605","ELEMENT":"f.8D00E63E7445179AA59B17F8E6C27F98.d.1A486FDE4BA29721121857AAA53702E4.e.4605"}]}
COMMAND: GET /session/999fc64afd1230ec64a2dd58c909e126/screenshot - {}
RESULT: {}
RESULT: {"script":"<script> [8489 bytes]","args":[{"element-6066-11e4-a52e-4f735466cecf":"f.8D00E63E7445179AA59B17F8E6C27F98.d.1A486FDE4BA29721121857AAA53702E4.e.4605","ELEMENT":"f.8D00E63E7445179AA59B17F8E6C27F98.d.1A486FDE4BA29721121857AAA53702E4.e.4605"}]}
COMMAND: POST /session/999fc64afd1230ec64a2dd58c909e126/execute/sync - {"script":"<script> [5351 bytes]","args":[{"element-6066-11e4-a52e-4f735466cecf":"f.8D00E63E7445179AA59B17F8E6C27F98.d.1A486FDE4BA29721121857AAA53702E4.e.4605","ELEMENT":"f.8D00E63E7445179AA59B17F8E6C27F98.d.1A486FDE4BA29721121857AAA53702E4.e.4605"}]}
COMMAND: GET /session/999fc64afd1230ec64a2dd58c909e126/screenshot - {}
RESULT: {}
RESULT: {"script":"<script> [5351 bytes]","args":[{"element-6066-11e4-a52e-4f735466cecf":"f.8D00E63E7445179AA59B17F8E6C27F98.d.1A486FDE4BA29721121857AAA53702E4.e.4605","ELEMENT":"f.8D00E63E7445179AA59B17F8E6C27F98.d.1A486FDE4BA29721121857AAA53702E4.e.4605"}]}
COMMAND: GET /session/999fc64afd1230ec64a2dd58c909e126/screenshot - {}
RESULT: {}
RESULT: {}
COMMAND: POST /session/999fc64afd1230ec64a2dd58c909e126/element/f.8D00E63E7445179AA59B17F8E6C27F98.d.1A486FDE4BA29721121857AAA53702E4.e.4605/click - {}
RESULT: {}
COMMAND: GET /session/999fc64afd1230ec64a2dd58c909e126/screenshot - {}
COMMAND: POST /session/999fc64afd1230ec64a2dd58c909e126/execute/async - {"script":"<script> [1562 bytes]","args":[{"selector":{"id":"application-managecontracts-display-component---AddNewContract--projectDescription","interaction":{"idSuffix":"inner"}},"wdio_ui5_key":"applicationmanagecontracts-display-component---AddNewContract--projectDescription"}]}
RESULT: {}
RESULT: {"script":"<script> [1562 bytes]","args":[{"selector":{"id":"application-managecontracts-display-component---AddNewContract--projectDescription","interaction":{"idSuffix":"inner"}},"wdio_ui5_key":"applicationmanagecontracts-display-component---AddNewContract--projectDescription"}]}
RESULT: undefined
COMMAND: POST /session/999fc64afd1230ec64a2dd58c909e126/execute/async - {"script":"<script> [776 bytes]","args":[{"enterText":"Intercompany Contract WDIO","selector":{"id":"application-managecontracts-display-component---AddNewContract--projectDescription","interaction":{"idSuffix":"inner"}},"clearTextFirst":true,"interactionType":"ENTER_TEXT"}]}
RESULT: {"script":"<script> [776 bytes]","args":[{"enterText":"Intercompany Contract WDIO","selector":{"id":"application-managecontracts-display-component---AddNewContract--projectDescription","interaction":{"idSuffix":"inner"}},"clearTextFirst":true,"interactionType":"ENTER_TEXT"}]}
COMMAND: POST /session/999fc64afd1230ec64a2dd58c909e126/element - {"using":"xpath","value":"//input[@id=\"application-managecontracts-display-component---AddNewContract--site-inner\"]"}
RESULT: {"using":"xpath","value":"//input[@id=\"application-managecontracts-display-component---AddNewContract--site-inner\"]"}
COMMAND: POST /session/999fc64afd1230ec64a2dd58c909e126/element/f.8D00E63E7445179AA59B17F8E6C27F98.d.1A486FDE4BA29721121857AAA53702E4.e.4981/clear - {}
RESULT: {}
COMMAND: POST /session/999fc64afd1230ec64a2dd58c909e126/element/f.8D00E63E7445179AA59B17F8E6C27F98.d.1A486FDE4BA29721121857AAA53702E4.e.4981/value - {"text":"2449"}
COMMAND: GET /session/999fc64afd1230ec64a2dd58c909e126/screenshot - {}
RESULT: {"text":"2449"}
COMMAND: GET /session/999fc64afd1230ec64a2dd58c909e126/screenshot - {}
RESULT: {}
RESULT: {}
COMMAND: POST /session/999fc64afd1230ec64a2dd58c909e126/element - {"using":"xpath","value":"//li[.//span[text()='2449']]"}
RESULT: {"using":"xpath","value":"//li[.//span[text()='2449']]"}
COMMAND: POST /session/999fc64afd1230ec64a2dd58c909e126/element/f.8D00E63E7445179AA59B17F8E6C27F98.d.1A486FDE4BA29721121857AAA53702E4.e.5003/click - {}
RESULT: {}
COMMAND: GET /session/999fc64afd1230ec64a2dd58c909e126/screenshot - {}
RESULT: {}
COMMAND: POST /session/999fc64afd1230ec64a2dd58c909e126/element - {"using":"xpath","value":"//input[@id=\"application-managecontracts-display-component---AddNewContract--yardId-inner\"]"}
RESULT: {"using":"xpath","value":"//input[@id=\"application-managecontracts-display-component---AddNewContract--yardId-inner\"]"}
COMMAND: GET /session/999fc64afd1230ec64a2dd58c909e126/element/f.8D00E63E7445179AA59B17F8E6C27F98.d.1A486FDE4BA29721121857AAA53702E4.e.4982/property/value - {}
RESULT: {}
COMMAND: POST /session/999fc64afd1230ec64a2dd58c909e126/element - {"using":"xpath","value":"//input[@id=\"application-managecontracts-display-component---AddNewContract--customerSelect-inner\"]"}
COMMAND: GET /session/999fc64afd1230ec64a2dd58c909e126/screenshot - {}
RESULT: {"using":"xpath","value":"//input[@id=\"application-managecontracts-display-component---AddNewContract--customerSelect-inner\"]"}
COMMAND: POST /session/999fc64afd1230ec64a2dd58c909e126/element/f.8D00E63E7445179AA59B17F8E6C27F98.d.1A486FDE4BA29721121857AAA53702E4.e.4980/clear - {}
RESULT: {}
RESULT: {}
COMMAND: POST /session/999fc64afd1230ec64a2dd58c909e126/element/f.8D00E63E7445179AA59B17F8E6C27F98.d.1A486FDE4BA29721121857AAA53702E4.e.4980/value - {"text":"1492"}
COMMAND: GET /session/999fc64afd1230ec64a2dd58c909e126/screenshot - {}
RESULT: {"text":"1492"}
COMMAND: GET /session/999fc64afd1230ec64a2dd58c909e126/screenshot - {}
RESULT: {}
RESULT: {}
COMMAND: POST /session/999fc64afd1230ec64a2dd58c909e126/element - {"using":"xpath","value":"//li[.//span[text()='1492']]"}
RESULT: {"using":"xpath","value":"//li[.//span[text()='1492']]"}
COMMAND: POST /session/999fc64afd1230ec64a2dd58c909e126/element/f.8D00E63E7445179AA59B17F8E6C27F98.d.1A486FDE4BA29721121857AAA53702E4.e.5006/click - {}
RESULT: {}
COMMAND: GET /session/999fc64afd1230ec64a2dd58c909e126/screenshot - {}
RESULT: {}
COMMAND: POST /session/999fc64afd1230ec64a2dd58c909e126/element - {"using":"xpath","value":"//button[@data-kt=\"saveButton\"]"}
RESULT: {"using":"xpath","value":"//button[@data-kt=\"saveButton\"]"}
COMMAND: POST /session/999fc64afd1230ec64a2dd58c909e126/element/f.8D00E63E7445179AA59B17F8E6C27F98.d.1A486FDE4BA29721121857AAA53702E4.e.4996/click - {}
RESULT: {}
COMMAND: GET /session/999fc64afd1230ec64a2dd58c909e126/screenshot - {}
RESULT: {}
COMMAND: POST /session/999fc64afd1230ec64a2dd58c909e126/element - {"using":"xpath","value":"//span[contains(@id ,\"contractDetailTitleNoExpanded\")]"}
RESULT: {"using":"xpath","value":"//span[contains(@id ,\"contractDetailTitleNoExpanded\")]"}
COMMAND: POST /session/999fc64afd1230ec64a2dd58c909e126/elements - {"using":"xpath","value":"//span[contains(@id ,\"contractDetailTitleNoExpanded\")]"}
RESULT: {"using":"xpath","value":"//span[contains(@id ,\"contractDetailTitleNoExpanded\")]"}
COMMAND: POST /session/999fc64afd1230ec64a2dd58c909e126/execute/sync - {"script":"<script> [56 bytes]","args":[{"element-6066-11e4-a52e-4f735466cecf":"f.8D00E63E7445179AA59B17F8E6C27F98.d.1A486FDE4BA29721121857AAA53702E4.e.5075","ELEMENT":"f.8D00E63E7445179AA59B17F8E6C27F98.d.1A486FDE4BA29721121857AAA53702E4.e.5075"}]}
RESULT: {"script":"<script> [56 bytes]","args":[{"element-6066-11e4-a52e-4f735466cecf":"f.8D00E63E7445179AA59B17F8E6C27F98.d.1A486FDE4BA29721121857AAA53702E4.e.5075","ELEMENT":"f.8D00E63E7445179AA59B17F8E6C27F98.d.1A486FDE4BA29721121857AAA53702E4.e.5075"}]}
COMMAND: GET /session/999fc64afd1230ec64a2dd58c909e126/screenshot - {}
RESULT: {}
]]></system-out>
    </testcase>
    <testcase classname="chrome.135_0_7049_96.windows.Billing_Transfer_-_Master_data_&amp;_Intercompany_US127250" name="Should add equipment to the contract" time="45.962">
      <system-out><![CDATA[
COMMAND: POST /session/999fc64afd1230ec64a2dd58c909e126/element - {"using":"xpath","value":"//button[@data-kt=\"contractDetailEditBtnButton\"]"}
RESULT: {"using":"xpath","value":"//button[@data-kt=\"contractDetailEditBtnButton\"]"}
COMMAND: POST /session/999fc64afd1230ec64a2dd58c909e126/element/f.8D00E63E7445179AA59B17F8E6C27F98.d.1A486FDE4BA29721121857AAA53702E4.e.5078/click - {}
RESULT: {}
COMMAND: GET /session/999fc64afd1230ec64a2dd58c909e126/screenshot - {}
RESULT: {}
COMMAND: POST /session/999fc64afd1230ec64a2dd58c909e126/element - {"using":"xpath","value":"(//span[contains(text(), \"Additional Addresses\")])[2]"}
RESULT: {"using":"xpath","value":"(//span[contains(text(), \"Additional Addresses\")])[2]"}
COMMAND: POST /session/999fc64afd1230ec64a2dd58c909e126/element/f.8D00E63E7445179AA59B17F8E6C27F98.d.1A486FDE4BA29721121857AAA53702E4.e.5138/click - {}
RESULT: {}
COMMAND: GET /session/999fc64afd1230ec64a2dd58c909e126/screenshot - {}
RESULT: {}
COMMAND: POST /session/999fc64afd1230ec64a2dd58c909e126/element - {"using":"xpath","value":"//button[@data-kt=\"btnAddTableRowOverflowToolbarButton\"]"}
RESULT: {"using":"xpath","value":"//button[@data-kt=\"btnAddTableRowOverflowToolbarButton\"]"}
COMMAND: POST /session/999fc64afd1230ec64a2dd58c909e126/element/f.8D00E63E7445179AA59B17F8E6C27F98.d.1A486FDE4BA29721121857AAA53702E4.e.5142/click - {}
RESULT: {}
COMMAND: GET /session/999fc64afd1230ec64a2dd58c909e126/screenshot - {}
RESULT: {}
COMMAND: POST /session/999fc64afd1230ec64a2dd58c909e126/element - {"using":"xpath","value":"//div[(text() = 'Standard Entry' or . = 'Standard Entry')]"}
RESULT: {"using":"xpath","value":"//div[(text() = 'Standard Entry' or . = 'Standard Entry')]"}
COMMAND: POST /session/999fc64afd1230ec64a2dd58c909e126/element/f.8D00E63E7445179AA59B17F8E6C27F98.d.1A486FDE4BA29721121857AAA53702E4.e.5144/click - {}
RESULT: {}
COMMAND: GET /session/999fc64afd1230ec64a2dd58c909e126/screenshot - {}
RESULT: {}
COMMAND: POST /session/999fc64afd1230ec64a2dd58c909e126/element - {"using":"xpath","value":"//td[7]/div/div/input"}
RESULT: {"using":"xpath","value":"//td[7]/div/div/input"}
COMMAND: POST /session/999fc64afd1230ec64a2dd58c909e126/element/f.8D00E63E7445179AA59B17F8E6C27F98.d.1A486FDE4BA29721121857AAA53702E4.e.5153/clear - {}
RESULT: {}
COMMAND: POST /session/999fc64afd1230ec64a2dd58c909e126/element/f.8D00E63E7445179AA59B17F8E6C27F98.d.1A486FDE4BA29721121857AAA53702E4.e.5153/value - {"text":"MYRVQX3ccR"}
COMMAND: GET /session/999fc64afd1230ec64a2dd58c909e126/screenshot - {}
RESULT: {"text":"MYRVQX3ccR"}
COMMAND: GET /session/999fc64afd1230ec64a2dd58c909e126/screenshot - {}
RESULT: {}
RESULT: {}
COMMAND: POST /session/999fc64afd1230ec64a2dd58c909e126/actions - {"actions":[{"id":"action18","type":"key","parameters":{},"actions":[{"type":"keyDown","value":"î€‡"},{"type":"pause","duration":10},{"type":"keyUp","value":"î€‡"}]}]}
RESULT: {"actions":[{"id":"action18","type":"key","parameters":{},"actions":[{"type":"keyDown","value":"î€‡"},{"type":"pause","duration":10},{"type":"keyUp","value":"î€‡"}]}]}
COMMAND: GET /session/999fc64afd1230ec64a2dd58c909e126/screenshot - {}
RESULT: {}
COMMAND: POST /session/999fc64afd1230ec64a2dd58c909e126/execute/sync - {"script":"<script> [276 bytes]","args":["No pricing information was found"]}
RESULT: {"script":"<script> [276 bytes]","args":["No pricing information was found"]}
COMMAND: POST /session/999fc64afd1230ec64a2dd58c909e126/element - {"using":"xpath","value":"(//button[@data-kt=\"saveButton\"])[2]"}
COMMAND: GET /session/999fc64afd1230ec64a2dd58c909e126/screenshot - {}
RESULT: {"using":"xpath","value":"(//button[@data-kt=\"saveButton\"])[2]"}
COMMAND: POST /session/999fc64afd1230ec64a2dd58c909e126/element/f.8D00E63E7445179AA59B17F8E6C27F98.d.1A486FDE4BA29721121857AAA53702E4.e.5168/click - {}
RESULT: {}
RESULT: {}
COMMAND: GET /session/999fc64afd1230ec64a2dd58c909e126/screenshot - {}
RESULT: {}
COMMAND: POST /session/999fc64afd1230ec64a2dd58c909e126/execute/sync - {"script":"<script> [276 bytes]","args":["Some contract items are having rental validity exceeding header rental validity"]}
RESULT: {"script":"<script> [276 bytes]","args":["Some contract items are having rental validity exceeding header rental validity"]}
COMMAND: GET /session/999fc64afd1230ec64a2dd58c909e126/screenshot - {}
RESULT: {}
COMMAND: POST /session/999fc64afd1230ec64a2dd58c909e126/element - {"using":"xpath","value":"//span[contains(@id ,\"contractItemsSmartTable-header-inner\")]"}
RESULT: {"using":"xpath","value":"//span[contains(@id ,\"contractItemsSmartTable-header-inner\")]"}
COMMAND: POST /session/999fc64afd1230ec64a2dd58c909e126/elements - {"using":"xpath","value":"//span[contains(@id ,\"contractItemsSmartTable-header-inner\")]"}
RESULT: {"using":"xpath","value":"//span[contains(@id ,\"contractItemsSmartTable-header-inner\")]"}
COMMAND: POST /session/999fc64afd1230ec64a2dd58c909e126/execute/sync - {"script":"<script> [56 bytes]","args":[{"element-6066-11e4-a52e-4f735466cecf":"f.8D00E63E7445179AA59B17F8E6C27F98.d.1A486FDE4BA29721121857AAA53702E4.e.5174","ELEMENT":"f.8D00E63E7445179AA59B17F8E6C27F98.d.1A486FDE4BA29721121857AAA53702E4.e.5174"}]}
RESULT: {"script":"<script> [56 bytes]","args":[{"element-6066-11e4-a52e-4f735466cecf":"f.8D00E63E7445179AA59B17F8E6C27F98.d.1A486FDE4BA29721121857AAA53702E4.e.5174","ELEMENT":"f.8D00E63E7445179AA59B17F8E6C27F98.d.1A486FDE4BA29721121857AAA53702E4.e.5174"}]}
]]></system-out>
    </testcase>
    <testcase classname="chrome.135_0_7049_96.windows.Billing_Transfer_-_Master_data_&amp;_Intercompany_US127250" name="Should do a provide to site handover" time="45.73">
      <system-out><![CDATA[
COMMAND: GET /session/999fc64afd1230ec64a2dd58c909e126/screenshot - {}
COMMAND: POST /session/999fc64afd1230ec64a2dd58c909e126/element - {"using":"xpath","value":"//button[@data-kt=\"provideButton\"]"}
RESULT: {}
RESULT: {"using":"xpath","value":"//button[@data-kt=\"provideButton\"]"}
COMMAND: POST /session/999fc64afd1230ec64a2dd58c909e126/element/f.8D00E63E7445179AA59B17F8E6C27F98.d.1A486FDE4BA29721121857AAA53702E4.e.5175/click - {}
RESULT: {}
COMMAND: GET /session/999fc64afd1230ec64a2dd58c909e126/screenshot - {}
RESULT: undefined
COMMAND: POST /session/999fc64afd1230ec64a2dd58c909e126/execute/async - {"script":"<script> [6424 bytes]","args":[{"element-6066-11e4-a52e-4f735466cecf":"f.8D00E63E7445179AA59B17F8E6C27F98.d.1A486FDE4BA29721121857AAA53702E4.e.4122"},"setValue",["05/06/2025"]]}
RESULT: {}
COMMAND: POST /session/999fc64afd1230ec64a2dd58c909e126/execute/async - {"script":"<script> [1562 bytes]","args":[{"selector":{"id":"application-managehandovers-display-component---AddNewHO--dueDate","interaction":{"idSuffix":"inner"}},"wdio_ui5_key":"applicationmanagehandovers-display-component---AddNewHO--dueDate"}]}
RESULT: {"script":"<script> [1562 bytes]","args":[{"selector":{"id":"application-managehandovers-display-component---AddNewHO--dueDate","interaction":{"idSuffix":"inner"}},"wdio_ui5_key":"applicationmanagehandovers-display-component---AddNewHO--dueDate"}]}
COMMAND: POST /session/999fc64afd1230ec64a2dd58c909e126/execute/async - {"script":"<script> [6424 bytes]","args":[{"element-6066-11e4-a52e-4f735466cecf":"f.8D00E63E7445179AA59B17F8E6C27F98.d.1A486FDE4BA29721121857AAA53702E4.e.5232"},"setValue",["05/06/2025"]]}
RESULT: {"script":"<script> [6424 bytes]","args":[{"element-6066-11e4-a52e-4f735466cecf":"f.8D00E63E7445179AA59B17F8E6C27F98.d.1A486FDE4BA29721121857AAA53702E4.e.5232"},"setValue",["05/06/2025"]]}
COMMAND: POST /session/999fc64afd1230ec64a2dd58c909e126/element - {"using":"xpath","value":"//bdi[contains(text(), \"Instructions\")]"}
RESULT: {"using":"xpath","value":"//bdi[contains(text(), \"Instructions\")]"}
COMMAND: POST /session/999fc64afd1230ec64a2dd58c909e126/element/f.8D00E63E7445179AA59B17F8E6C27F98.d.1A486FDE4BA29721121857AAA53702E4.e.5351/click - {}
RESULT: {}
COMMAND: GET /session/999fc64afd1230ec64a2dd58c909e126/screenshot - {}
RESULT: {}
COMMAND: POST /session/999fc64afd1230ec64a2dd58c909e126/element - {"using":"xpath","value":"//button[@data-kt=\"AddNewHOProvideAddItemsButton\"]"}
RESULT: {"using":"xpath","value":"//button[@data-kt=\"AddNewHOProvideAddItemsButton\"]"}
COMMAND: POST /session/999fc64afd1230ec64a2dd58c909e126/element/f.8D00E63E7445179AA59B17F8E6C27F98.d.1A486FDE4BA29721121857AAA53702E4.e.5355/click - {}
RESULT: {}
COMMAND: GET /session/999fc64afd1230ec64a2dd58c909e126/screenshot - {}
RESULT: {}
RESULT: undefined
COMMAND: POST /session/999fc64afd1230ec64a2dd58c909e126/element - {"using":"xpath","value":"//*[@id=\"application-managehandovers-display-component---AddNewHO--popup-sa\"]"}
RESULT: {"using":"xpath","value":"//*[@id=\"application-managehandovers-display-component---AddNewHO--popup-sa\"]"}
COMMAND: POST /session/999fc64afd1230ec64a2dd58c909e126/element/f.8D00E63E7445179AA59B17F8E6C27F98.d.1A486FDE4BA29721121857AAA53702E4.e.5364/click - {}
RESULT: {}
COMMAND: GET /session/999fc64afd1230ec64a2dd58c909e126/screenshot - {}
RESULT: {}
COMMAND: POST /session/999fc64afd1230ec64a2dd58c909e126/element - {"using":"xpath","value":"//*[contains(@id ,\"BDI-content\")][contains(text(), \"Select\")]"}
RESULT: {"using":"xpath","value":"//*[contains(@id ,\"BDI-content\")][contains(text(), \"Select\")]"}
COMMAND: POST /session/999fc64afd1230ec64a2dd58c909e126/element/f.8D00E63E7445179AA59B17F8E6C27F98.d.1A486FDE4BA29721121857AAA53702E4.e.5366/click - {}
RESULT: {}
COMMAND: GET /session/999fc64afd1230ec64a2dd58c909e126/screenshot - {}
RESULT: {}
COMMAND: POST /session/999fc64afd1230ec64a2dd58c909e126/execute/async - {"script":"<script> [1562 bytes]","args":[{"selector":{"id":"application-managehandovers-display-component---AddNewHO--confirmCreationButton","interaction":{"idSuffix":"BDI-content"}},"wdio_ui5_key":"applicationmanagehandovers-display-component---AddNewHO--confirmCreationButton"}]}
RESULT: {"script":"<script> [1562 bytes]","args":[{"selector":{"id":"application-managehandovers-display-component---AddNewHO--confirmCreationButton","interaction":{"idSuffix":"BDI-content"}},"wdio_ui5_key":"applicationmanagehandovers-display-component---AddNewHO--confirmCreationButton"}]}
RESULT: undefined
COMMAND: POST /session/999fc64afd1230ec64a2dd58c909e126/element - {"using":"xpath","value":"//*[@id=\"application-managehandovers-display-component---AddNewHO--confirmCreationButton\"]"}
RESULT: {"using":"xpath","value":"//*[@id=\"application-managehandovers-display-component---AddNewHO--confirmCreationButton\"]"}
COMMAND: POST /session/999fc64afd1230ec64a2dd58c909e126/element/f.8D00E63E7445179AA59B17F8E6C27F98.d.1A486FDE4BA29721121857AAA53702E4.e.5312/click - {}
RESULT: {}
COMMAND: GET /session/999fc64afd1230ec64a2dd58c909e126/screenshot - {}
RESULT: {}
COMMAND: POST /session/999fc64afd1230ec64a2dd58c909e126/element - {"using":"xpath","value":"//button[@data-kt=\"PickingTableConfirmAllButton\"]"}
RESULT: {"using":"xpath","value":"//button[@data-kt=\"PickingTableConfirmAllButton\"]"}
COMMAND: POST /session/999fc64afd1230ec64a2dd58c909e126/element/f.8D00E63E7445179AA59B17F8E6C27F98.d.1A486FDE4BA29721121857AAA53702E4.e.5405/click - {}
COMMAND: POST /session/999fc64afd1230ec64a2dd58c909e126/element - {"using":"xpath","value":"//button[@data-kt=\"PickingTableConfirmAllButton\"]"}
RESULT: {"using":"xpath","value":"//button[@data-kt=\"PickingTableConfirmAllButton\"]"}
COMMAND: POST /session/999fc64afd1230ec64a2dd58c909e126/element/f.8D00E63E7445179AA59B17F8E6C27F98.d.1A486FDE4BA29721121857AAA53702E4.e.5405/click - {}
COMMAND: POST /session/999fc64afd1230ec64a2dd58c909e126/element - {"using":"xpath","value":"//button[@data-kt=\"PickingTableConfirmAllButton\"]"}
RESULT: {"using":"xpath","value":"//button[@data-kt=\"PickingTableConfirmAllButton\"]"}
COMMAND: POST /session/999fc64afd1230ec64a2dd58c909e126/element/f.8D00E63E7445179AA59B17F8E6C27F98.d.1A486FDE4BA29721121857AAA53702E4.e.5426/click - {}
RESULT: {}
COMMAND: GET /session/999fc64afd1230ec64a2dd58c909e126/screenshot - {}
RESULT: {}
COMMAND: POST /session/999fc64afd1230ec64a2dd58c909e126/element - {"using":"xpath","value":"//bdi[contains(text(), \"OK\")]"}
RESULT: {"using":"xpath","value":"//bdi[contains(text(), \"OK\")]"}
COMMAND: POST /session/999fc64afd1230ec64a2dd58c909e126/element/f.8D00E63E7445179AA59B17F8E6C27F98.d.1A486FDE4BA29721121857AAA53702E4.e.5429/click - {}
RESULT: {}
COMMAND: GET /session/999fc64afd1230ec64a2dd58c909e126/screenshot - {}
RESULT: {}
COMMAND: POST /session/999fc64afd1230ec64a2dd58c909e126/element - {"using":"xpath","value":"//bdi[contains(text(), \"Issue\")]"}
RESULT: {"using":"xpath","value":"//bdi[contains(text(), \"Issue\")]"}
COMMAND: POST /session/999fc64afd1230ec64a2dd58c909e126/element/f.8D00E63E7445179AA59B17F8E6C27F98.d.1A486FDE4BA29721121857AAA53702E4.e.5431/click - {}
RESULT: {}
COMMAND: GET /session/999fc64afd1230ec64a2dd58c909e126/screenshot - {}
RESULT: {}
COMMAND: POST /session/999fc64afd1230ec64a2dd58c909e126/element - {"using":"css selector","value":"#shell-header-logo"}
RESULT: {"using":"css selector","value":"#shell-header-logo"}
COMMAND: POST /session/999fc64afd1230ec64a2dd58c909e126/element/f.8D00E63E7445179AA59B17F8E6C27F98.d.1A486FDE4BA29721121857AAA53702E4.e.4547/click - {}
RESULT: {}
COMMAND: GET /session/999fc64afd1230ec64a2dd58c909e126/screenshot - {}
RESULT: {}
]]></system-out>
    </testcase>
    <testcase classname="chrome.135_0_7049_96.windows.Billing_Transfer_-_Master_data_&amp;_Intercompany_US127250" name="Should go navigate to Manage Billings and trigger contract calculation check result" time="51.665">
      <system-out><![CDATA[
COMMAND: POST /session/999fc64afd1230ec64a2dd58c909e126/execute/async - {"script":"<script> [1562 bytes]","args":[{"selector":{"controlType":"sap.m.GenericTile","properties":{"header":"Manage Billings"}},"wdio_ui5_key":"sapm.GenericTile{\"header\":\"Manage Billings\"}"}]}
RESULT: {"script":"<script> [1562 bytes]","args":[{"selector":{"controlType":"sap.m.GenericTile","properties":{"header":"Manage Billings"}},"wdio_ui5_key":"sapm.GenericTile{\"header\":\"Manage Billings\"}"}]}
RESULT: undefined
COMMAND: POST /session/999fc64afd1230ec64a2dd58c909e126/element - {"using":"xpath","value":"//*[@id=\"__tile51\"]"}
RESULT: {"using":"xpath","value":"//*[@id=\"__tile51\"]"}
COMMAND: POST /session/999fc64afd1230ec64a2dd58c909e126/element/f.8D00E63E7445179AA59B17F8E6C27F98.d.1A486FDE4BA29721121857AAA53702E4.e.196/click - {}
RESULT: {}
COMMAND: GET /session/999fc64afd1230ec64a2dd58c909e126/screenshot - {}
RESULT: {}
COMMAND: POST /session/999fc64afd1230ec64a2dd58c909e126/execute/async - {"script":"<script> [1562 bytes]","args":[{"selector":{"id":"application-managebillings-display-component---billRunCalcResult--smartFilterBar-btnBasicSearch","interaction":{"idSuffix":"I"}},"wdio_ui5_key":"applicationmanagebillings-display-component---billRunCalcResult--smartFilterBar-btnBasicSearch"}]}
RESULT: {"script":"<script> [1562 bytes]","args":[{"selector":{"id":"application-managebillings-display-component---billRunCalcResult--smartFilterBar-btnBasicSearch","interaction":{"idSuffix":"I"}},"wdio_ui5_key":"applicationmanagebillings-display-component---billRunCalcResult--smartFilterBar-btnBasicSearch"}]}
RESULT: undefined
COMMAND: POST /session/999fc64afd1230ec64a2dd58c909e126/execute/async - {"script":"<script> [776 bytes]","args":[{"enterText":"10566","selector":{"id":"application-managebillings-display-component---billRunCalcResult--smartFilterBar-btnBasicSearch","interaction":{"idSuffix":"I"}},"clearTextFirst":true,"interactionType":"ENTER_TEXT"}]}
RESULT: {"script":"<script> [776 bytes]","args":[{"enterText":"10566","selector":{"id":"application-managebillings-display-component---billRunCalcResult--smartFilterBar-btnBasicSearch","interaction":{"idSuffix":"I"}},"clearTextFirst":true,"interactionType":"ENTER_TEXT"}]}
COMMAND: POST /session/999fc64afd1230ec64a2dd58c909e126/actions - {"actions":[{"id":"action19","type":"key","parameters":{},"actions":[{"type":"keyDown","value":"î€‡"},{"type":"pause","duration":10},{"type":"keyUp","value":"î€‡"}]}]}
RESULT: {"actions":[{"id":"action19","type":"key","parameters":{},"actions":[{"type":"keyDown","value":"î€‡"},{"type":"pause","duration":10},{"type":"keyUp","value":"î€‡"}]}]}
COMMAND: GET /session/999fc64afd1230ec64a2dd58c909e126/screenshot - {}
RESULT: {}
COMMAND: POST /session/999fc64afd1230ec64a2dd58c909e126/element - {"using":"xpath","value":"//td[@aria-colindex=\"1\"]/div/div[contains(@class, \"sapMCbBg\")]"}
RESULT: {"using":"xpath","value":"//td[@aria-colindex=\"1\"]/div/div[contains(@class, \"sapMCbBg\")]"}
COMMAND: POST /session/999fc64afd1230ec64a2dd58c909e126/element/f.8D00E63E7445179AA59B17F8E6C27F98.d.1A486FDE4BA29721121857AAA53702E4.e.6024/click - {}
RESULT: {}
COMMAND: GET /session/999fc64afd1230ec64a2dd58c909e126/screenshot - {}
RESULT: {}
COMMAND: POST /session/999fc64afd1230ec64a2dd58c909e126/execute/async - {"script":"<script> [1562 bytes]","args":[{"selector":{"id":"application-managebillings-display-component---billRunCalcResult--contractBillRunDate","interaction":{"idSuffix":"inner"}},"wdio_ui5_key":"applicationmanagebillings-display-component---billRunCalcResult--contractBillRunDate"}]}
RESULT: {"script":"<script> [1562 bytes]","args":[{"selector":{"id":"application-managebillings-display-component---billRunCalcResult--contractBillRunDate","interaction":{"idSuffix":"inner"}},"wdio_ui5_key":"applicationmanagebillings-display-component---billRunCalcResult--contractBillRunDate"}]}
RESULT: undefined
COMMAND: POST /session/999fc64afd1230ec64a2dd58c909e126/execute/async - {"script":"<script> [776 bytes]","args":[{"enterText":"06/06/25","selector":{"id":"application-managebillings-display-component---billRunCalcResult--contractBillRunDate","interaction":{"idSuffix":"inner"}},"clearTextFirst":true,"interactionType":"ENTER_TEXT"}]}
RESULT: {"script":"<script> [776 bytes]","args":[{"enterText":"06/06/25","selector":{"id":"application-managebillings-display-component---billRunCalcResult--contractBillRunDate","interaction":{"idSuffix":"inner"}},"clearTextFirst":true,"interactionType":"ENTER_TEXT"}]}
COMMAND: POST /session/999fc64afd1230ec64a2dd58c909e126/element - {"using":"xpath","value":"//bdi[contains(text(), \"Trigger Calculation\")]"}
RESULT: {"using":"xpath","value":"//bdi[contains(text(), \"Trigger Calculation\")]"}
COMMAND: POST /session/999fc64afd1230ec64a2dd58c909e126/element/f.8D00E63E7445179AA59B17F8E6C27F98.d.1A486FDE4BA29721121857AAA53702E4.e.6075/click - {}
RESULT: {}
COMMAND: GET /session/999fc64afd1230ec64a2dd58c909e126/screenshot - {}
RESULT: {}
COMMAND: POST /session/999fc64afd1230ec64a2dd58c909e126/element - {"using":"xpath","value":"(//span[contains(@id, \"imgNav\")])[1]"}
RESULT: {"using":"xpath","value":"(//span[contains(@id, \"imgNav\")])[1]"}
COMMAND: POST /session/999fc64afd1230ec64a2dd58c909e126/element/f.8D00E63E7445179AA59B17F8E6C27F98.d.1A486FDE4BA29721121857AAA53702E4.e.6025/click - {}
RESULT: {}
COMMAND: GET /session/999fc64afd1230ec64a2dd58c909e126/screenshot - {}
RESULT: {}
COMMAND: POST /session/999fc64afd1230ec64a2dd58c909e126/element - {"using":"xpath","value":"//tr/td[6]/div[1]/span[1]/span[1]"}
RESULT: {"using":"xpath","value":"//tr/td[6]/div[1]/span[1]/span[1]"}
COMMAND: GET /session/999fc64afd1230ec64a2dd58c909e126/element/f.8D00E63E7445179AA59B17F8E6C27F98.d.1A486FDE4BA29721121857AAA53702E4.e.6079/text - {}
RESULT: {}
COMMAND: POST /session/999fc64afd1230ec64a2dd58c909e126/element - {"using":"xpath","value":"(//span[contains(@id, \"imgNav\")])[2]"}
RESULT: {"using":"xpath","value":"(//span[contains(@id, \"imgNav\")])[2]"}
COMMAND: POST /session/999fc64afd1230ec64a2dd58c909e126/element/f.8D00E63E7445179AA59B17F8E6C27F98.d.1A486FDE4BA29721121857AAA53702E4.e.6080/click - {}
RESULT: {}
COMMAND: POST /session/999fc64afd1230ec64a2dd58c909e126/element - {"using":"xpath","value":"//bdi[contains(text(), \"Business Confirm\")]"}
COMMAND: GET /session/999fc64afd1230ec64a2dd58c909e126/screenshot - {}
RESULT: {"using":"xpath","value":"//bdi[contains(text(), \"Business Confirm\")]"}
COMMAND: POST /session/999fc64afd1230ec64a2dd58c909e126/elements - {"using":"xpath","value":"//bdi[contains(text(), \"Business Confirm\")]"}
RESULT: {}
RESULT: {"using":"xpath","value":"//bdi[contains(text(), \"Business Confirm\")]"}
COMMAND: POST /session/999fc64afd1230ec64a2dd58c909e126/element - {"using":"xpath","value":"//bdi[contains(text(), \"Business Confirm\")]"}
RESULT: {"using":"xpath","value":"//bdi[contains(text(), \"Business Confirm\")]"}
COMMAND: POST /session/999fc64afd1230ec64a2dd58c909e126/element/f.8D00E63E7445179AA59B17F8E6C27F98.d.1A486FDE4BA29721121857AAA53702E4.e.6129/click - {}
RESULT: {}
COMMAND: POST /session/999fc64afd1230ec64a2dd58c909e126/element - {"using":"css selector","value":"#shell-header-logo"}
COMMAND: GET /session/999fc64afd1230ec64a2dd58c909e126/screenshot - {}
RESULT: {"using":"css selector","value":"#shell-header-logo"}
COMMAND: POST /session/999fc64afd1230ec64a2dd58c909e126/element/f.8D00E63E7445179AA59B17F8E6C27F98.d.1A486FDE4BA29721121857AAA53702E4.e.5809/click - {}
RESULT: {}
RESULT: {}
COMMAND: GET /session/999fc64afd1230ec64a2dd58c909e126/screenshot - {}
RESULT: {}
]]></system-out>
    </testcase>
    <testcase classname="chrome.135_0_7049_96.windows.Billing_Transfer_-_Master_data_&amp;_Intercompany_US127250" name="Should do Billing Transfer all the way into invoice open for intercompany case" time="83.494">
      <system-out><![CDATA[
COMMAND: POST /session/999fc64afd1230ec64a2dd58c909e126/execute/async - {"script":"<script> [1562 bytes]","args":[{"selector":{"controlType":"sap.m.GenericTile","properties":{"header":"Billing Transfer"}},"wdio_ui5_key":"sapm.GenericTile{\"header\":\"Billing Transfer\"}"}]}
RESULT: {"script":"<script> [1562 bytes]","args":[{"selector":{"controlType":"sap.m.GenericTile","properties":{"header":"Billing Transfer"}},"wdio_ui5_key":"sapm.GenericTile{\"header\":\"Billing Transfer\"}"}]}
RESULT: undefined
COMMAND: POST /session/999fc64afd1230ec64a2dd58c909e126/element - {"using":"xpath","value":"//*[@id=\"__tile50\"]"}
RESULT: {"using":"xpath","value":"//*[@id=\"__tile50\"]"}
COMMAND: POST /session/999fc64afd1230ec64a2dd58c909e126/element/f.8D00E63E7445179AA59B17F8E6C27F98.d.1A486FDE4BA29721121857AAA53702E4.e.194/click - {}
RESULT: {}
COMMAND: POST /session/999fc64afd1230ec64a2dd58c909e126/element - {"using":"xpath","value":"//input[contains(@id ,\"application-billingtransfer-display-component---billingWorkbench--smartFilterBar-btnBasicSearch\")]"}
COMMAND: GET /session/999fc64afd1230ec64a2dd58c909e126/screenshot - {}
RESULT: {"using":"xpath","value":"//input[contains(@id ,\"application-billingtransfer-display-component---billingWorkbench--smartFilterBar-btnBasicSearch\")]"}
COMMAND: POST /session/999fc64afd1230ec64a2dd58c909e126/elements - {"using":"xpath","value":"//input[contains(@id ,\"application-billingtransfer-display-component---billingWorkbench--smartFilterBar-btnBasicSearch\")]"}
RESULT: {}
RESULT: {"using":"xpath","value":"//input[contains(@id ,\"application-billingtransfer-display-component---billingWorkbench--smartFilterBar-btnBasicSearch\")]"}
COMMAND: POST /session/999fc64afd1230ec64a2dd58c909e126/elements - {"using":"xpath","value":"//input[contains(@id ,\"application-billingtransfer-display-component---billingWorkbench--smartFilterBar-btnBasicSearch\")]"}
RESULT: {"using":"xpath","value":"//input[contains(@id ,\"application-billingtransfer-display-component---billingWorkbench--smartFilterBar-btnBasicSearch\")]"}
COMMAND: POST /session/999fc64afd1230ec64a2dd58c909e126/elements - {"using":"xpath","value":"//input[contains(@id ,\"application-billingtransfer-display-component---billingWorkbench--smartFilterBar-btnBasicSearch\")]"}
RESULT: {"using":"xpath","value":"//input[contains(@id ,\"application-billingtransfer-display-component---billingWorkbench--smartFilterBar-btnBasicSearch\")]"}
COMMAND: POST /session/999fc64afd1230ec64a2dd58c909e126/elements - {"using":"xpath","value":"//input[contains(@id ,\"application-billingtransfer-display-component---billingWorkbench--smartFilterBar-btnBasicSearch\")]"}
RESULT: {"using":"xpath","value":"//input[contains(@id ,\"application-billingtransfer-display-component---billingWorkbench--smartFilterBar-btnBasicSearch\")]"}
COMMAND: POST /session/999fc64afd1230ec64a2dd58c909e126/element - {"using":"xpath","value":"//input[contains(@id ,\"application-billingtransfer-display-component---billingWorkbench--smartFilterBar-btnBasicSearch\")]"}
RESULT: {"using":"xpath","value":"//input[contains(@id ,\"application-billingtransfer-display-component---billingWorkbench--smartFilterBar-btnBasicSearch\")]"}
COMMAND: POST /session/999fc64afd1230ec64a2dd58c909e126/execute/sync - {"script":"<script> [8489 bytes]","args":[{"element-6066-11e4-a52e-4f735466cecf":"f.8D00E63E7445179AA59B17F8E6C27F98.d.1A486FDE4BA29721121857AAA53702E4.e.6159","ELEMENT":"f.8D00E63E7445179AA59B17F8E6C27F98.d.1A486FDE4BA29721121857AAA53702E4.e.6159"}]}
RESULT: {"script":"<script> [8489 bytes]","args":[{"element-6066-11e4-a52e-4f735466cecf":"f.8D00E63E7445179AA59B17F8E6C27F98.d.1A486FDE4BA29721121857AAA53702E4.e.6159","ELEMENT":"f.8D00E63E7445179AA59B17F8E6C27F98.d.1A486FDE4BA29721121857AAA53702E4.e.6159"}]}
COMMAND: GET /session/999fc64afd1230ec64a2dd58c909e126/element/f.8D00E63E7445179AA59B17F8E6C27F98.d.1A486FDE4BA29721121857AAA53702E4.e.6159/enabled - {}
COMMAND: GET /session/999fc64afd1230ec64a2dd58c909e126/screenshot - {}
RESULT: {}
COMMAND: POST /session/999fc64afd1230ec64a2dd58c909e126/element/f.8D00E63E7445179AA59B17F8E6C27F98.d.1A486FDE4BA29721121857AAA53702E4.e.6159/click - {}
COMMAND: GET /session/999fc64afd1230ec64a2dd58c909e126/screenshot - {}
RESULT: {}
RESULT: {}
COMMAND: GET /session/999fc64afd1230ec64a2dd58c909e126/screenshot - {}
RESULT: {}
RESULT: {}
COMMAND: POST /session/999fc64afd1230ec64a2dd58c909e126/element/f.8D00E63E7445179AA59B17F8E6C27F98.d.1A486FDE4BA29721121857AAA53702E4.e.6159/clear - {}
RESULT: {}
COMMAND: POST /session/999fc64afd1230ec64a2dd58c909e126/element/f.8D00E63E7445179AA59B17F8E6C27F98.d.1A486FDE4BA29721121857AAA53702E4.e.6159/value - {"text":"10566"}
COMMAND: GET /session/999fc64afd1230ec64a2dd58c909e126/screenshot - {}
RESULT: {"text":"10566"}
COMMAND: POST /session/999fc64afd1230ec64a2dd58c909e126/actions - {"actions":[{"id":"action20","type":"key","parameters":{},"actions":[{"type":"keyDown","value":"î€‡"},{"type":"pause","duration":10},{"type":"keyUp","value":"î€‡"}]}]}
COMMAND: GET /session/999fc64afd1230ec64a2dd58c909e126/screenshot - {}
RESULT: {}
RESULT: {"actions":[{"id":"action20","type":"key","parameters":{},"actions":[{"type":"keyDown","value":"î€‡"},{"type":"pause","duration":10},{"type":"keyUp","value":"î€‡"}]}]}
COMMAND: GET /session/999fc64afd1230ec64a2dd58c909e126/screenshot - {}
RESULT: {}
RESULT: {}
COMMAND: POST /session/999fc64afd1230ec64a2dd58c909e126/element - {"using":"xpath","value":"//span[contains(@id ,\"application-billingtransfer-display-component---billingWorkbench--smartTableBillingRuns-header-inner\")]"}
RESULT: {"using":"xpath","value":"//span[contains(@id ,\"application-billingtransfer-display-component---billingWorkbench--smartTableBillingRuns-header-inner\")]"}
COMMAND: POST /session/999fc64afd1230ec64a2dd58c909e126/elements - {"using":"xpath","value":"//span[contains(@id ,\"application-billingtransfer-display-component---billingWorkbench--smartTableBillingRuns-header-inner\")]"}
RESULT: {"using":"xpath","value":"//span[contains(@id ,\"application-billingtransfer-display-component---billingWorkbench--smartTableBillingRuns-header-inner\")]"}
COMMAND: POST /session/999fc64afd1230ec64a2dd58c909e126/execute/sync - {"script":"<script> [56 bytes]","args":[{"element-6066-11e4-a52e-4f735466cecf":"f.8D00E63E7445179AA59B17F8E6C27F98.d.1A486FDE4BA29721121857AAA53702E4.e.6387","ELEMENT":"f.8D00E63E7445179AA59B17F8E6C27F98.d.1A486FDE4BA29721121857AAA53702E4.e.6387"}]}
RESULT: {"script":"<script> [56 bytes]","args":[{"element-6066-11e4-a52e-4f735466cecf":"f.8D00E63E7445179AA59B17F8E6C27F98.d.1A486FDE4BA29721121857AAA53702E4.e.6387","ELEMENT":"f.8D00E63E7445179AA59B17F8E6C27F98.d.1A486FDE4BA29721121857AAA53702E4.e.6387"}]}
COMMAND: POST /session/999fc64afd1230ec64a2dd58c909e126/element - {"using":"xpath","value":"//td[@aria-colindex=\"1\"]/div/div[contains(@class, \"sapMCbBg\")]"}
COMMAND: GET /session/999fc64afd1230ec64a2dd58c909e126/screenshot - {}
RESULT: {"using":"xpath","value":"//td[@aria-colindex=\"1\"]/div/div[contains(@class, \"sapMCbBg\")]"}
COMMAND: POST /session/999fc64afd1230ec64a2dd58c909e126/element/f.8D00E63E7445179AA59B17F8E6C27F98.d.1A486FDE4BA29721121857AAA53702E4.e.6378/click - {}
RESULT: {}
RESULT: {}
COMMAND: GET /session/999fc64afd1230ec64a2dd58c909e126/screenshot - {}
RESULT: {}
COMMAND: POST /session/999fc64afd1230ec64a2dd58c909e126/element - {"using":"xpath","value":"//bdi[contains(text(), \"Check\")]"}
RESULT: {"using":"xpath","value":"//bdi[contains(text(), \"Check\")]"}
COMMAND: POST /session/999fc64afd1230ec64a2dd58c909e126/element/f.8D00E63E7445179AA59B17F8E6C27F98.d.1A486FDE4BA29721121857AAA53702E4.e.6388/click - {}
RESULT: {}
COMMAND: GET /session/999fc64afd1230ec64a2dd58c909e126/screenshot - {}
RESULT: {}
COMMAND: POST /session/999fc64afd1230ec64a2dd58c909e126/element - {"using":"xpath","value":"//bdi[contains(text(), \"OK\")]"}
RESULT: {"using":"xpath","value":"//bdi[contains(text(), \"OK\")]"}
COMMAND: POST /session/999fc64afd1230ec64a2dd58c909e126/element/f.8D00E63E7445179AA59B17F8E6C27F98.d.1A486FDE4BA29721121857AAA53702E4.e.6391/click - {}
RESULT: {}
COMMAND: GET /session/999fc64afd1230ec64a2dd58c909e126/screenshot - {}
RESULT: {}
COMMAND: POST /session/999fc64afd1230ec64a2dd58c909e126/element - {"using":"xpath","value":"(//span[contains(text(), \"CO/SD checked\")]/parent::div/preceding-sibling::div/span)[1]"}
RESULT: {"using":"xpath","value":"(//span[contains(text(), \"CO/SD checked\")]/parent::div/preceding-sibling::div/span)[1]"}
COMMAND: POST /session/999fc64afd1230ec64a2dd58c909e126/element/f.8D00E63E7445179AA59B17F8E6C27F98.d.1A486FDE4BA29721121857AAA53702E4.e.6392/click - {}
RESULT: {}
COMMAND: GET /session/999fc64afd1230ec64a2dd58c909e126/screenshot - {}
RESULT: {}
COMMAND: POST /session/999fc64afd1230ec64a2dd58c909e126/element - {"using":"xpath","value":"//input[contains(@id ,\"application-billingtransfer-display-component---billingWorkbench--smartFilterBar-btnBasicSearch\")]"}
RESULT: {"using":"xpath","value":"//input[contains(@id ,\"application-billingtransfer-display-component---billingWorkbench--smartFilterBar-btnBasicSearch\")]"}
COMMAND: POST /session/999fc64afd1230ec64a2dd58c909e126/elements - {"using":"xpath","value":"//input[contains(@id ,\"application-billingtransfer-display-component---billingWorkbench--smartFilterBar-btnBasicSearch\")]"}
RESULT: {"using":"xpath","value":"//input[contains(@id ,\"application-billingtransfer-display-component---billingWorkbench--smartFilterBar-btnBasicSearch\")]"}
COMMAND: POST /session/999fc64afd1230ec64a2dd58c909e126/execute/sync - {"script":"<script> [8489 bytes]","args":[{"element-6066-11e4-a52e-4f735466cecf":"f.8D00E63E7445179AA59B17F8E6C27F98.d.1A486FDE4BA29721121857AAA53702E4.e.6159","ELEMENT":"f.8D00E63E7445179AA59B17F8E6C27F98.d.1A486FDE4BA29721121857AAA53702E4.e.6159"}]}
RESULT: {"script":"<script> [8489 bytes]","args":[{"element-6066-11e4-a52e-4f735466cecf":"f.8D00E63E7445179AA59B17F8E6C27F98.d.1A486FDE4BA29721121857AAA53702E4.e.6159","ELEMENT":"f.8D00E63E7445179AA59B17F8E6C27F98.d.1A486FDE4BA29721121857AAA53702E4.e.6159"}]}
COMMAND: GET /session/999fc64afd1230ec64a2dd58c909e126/element/f.8D00E63E7445179AA59B17F8E6C27F98.d.1A486FDE4BA29721121857AAA53702E4.e.6159/enabled - {}
COMMAND: GET /session/999fc64afd1230ec64a2dd58c909e126/screenshot - {}
RESULT: {}
COMMAND: POST /session/999fc64afd1230ec64a2dd58c909e126/element/f.8D00E63E7445179AA59B17F8E6C27F98.d.1A486FDE4BA29721121857AAA53702E4.e.6159/click - {}
COMMAND: GET /session/999fc64afd1230ec64a2dd58c909e126/screenshot - {}
RESULT: {}
RESULT: {}
COMMAND: GET /session/999fc64afd1230ec64a2dd58c909e126/screenshot - {}
RESULT: {}
RESULT: {}
COMMAND: POST /session/999fc64afd1230ec64a2dd58c909e126/element/f.8D00E63E7445179AA59B17F8E6C27F98.d.1A486FDE4BA29721121857AAA53702E4.e.6159/clear - {}
RESULT: {}
COMMAND: POST /session/999fc64afd1230ec64a2dd58c909e126/element/f.8D00E63E7445179AA59B17F8E6C27F98.d.1A486FDE4BA29721121857AAA53702E4.e.6159/value - {"text":"10566"}
COMMAND: GET /session/999fc64afd1230ec64a2dd58c909e126/screenshot - {}
RESULT: {"text":"10566"}
COMMAND: POST /session/999fc64afd1230ec64a2dd58c909e126/actions - {"actions":[{"id":"action21","type":"key","parameters":{},"actions":[{"type":"keyDown","value":"î€‡"},{"type":"pause","duration":10},{"type":"keyUp","value":"î€‡"}]}]}
COMMAND: GET /session/999fc64afd1230ec64a2dd58c909e126/screenshot - {}
RESULT: {}
RESULT: {"actions":[{"id":"action21","type":"key","parameters":{},"actions":[{"type":"keyDown","value":"î€‡"},{"type":"pause","duration":10},{"type":"keyUp","value":"î€‡"}]}]}
COMMAND: GET /session/999fc64afd1230ec64a2dd58c909e126/screenshot - {}
RESULT: {}
RESULT: {}
COMMAND: POST /session/999fc64afd1230ec64a2dd58c909e126/element - {"using":"xpath","value":"//span[contains(@id ,\"application-billingtransfer-display-component---billingWorkbench--smartTableBillingRuns-header-inner\")]"}
RESULT: {"using":"xpath","value":"//span[contains(@id ,\"application-billingtransfer-display-component---billingWorkbench--smartTableBillingRuns-header-inner\")]"}
COMMAND: POST /session/999fc64afd1230ec64a2dd58c909e126/elements - {"using":"xpath","value":"//span[contains(@id ,\"application-billingtransfer-display-component---billingWorkbench--smartTableBillingRuns-header-inner\")]"}
RESULT: {"using":"xpath","value":"//span[contains(@id ,\"application-billingtransfer-display-component---billingWorkbench--smartTableBillingRuns-header-inner\")]"}
COMMAND: POST /session/999fc64afd1230ec64a2dd58c909e126/execute/sync - {"script":"<script> [56 bytes]","args":[{"element-6066-11e4-a52e-4f735466cecf":"f.8D00E63E7445179AA59B17F8E6C27F98.d.1A486FDE4BA29721121857AAA53702E4.e.6387","ELEMENT":"f.8D00E63E7445179AA59B17F8E6C27F98.d.1A486FDE4BA29721121857AAA53702E4.e.6387"}]}
RESULT: {"script":"<script> [56 bytes]","args":[{"element-6066-11e4-a52e-4f735466cecf":"f.8D00E63E7445179AA59B17F8E6C27F98.d.1A486FDE4BA29721121857AAA53702E4.e.6387","ELEMENT":"f.8D00E63E7445179AA59B17F8E6C27F98.d.1A486FDE4BA29721121857AAA53702E4.e.6387"}]}
COMMAND: GET /session/999fc64afd1230ec64a2dd58c909e126/screenshot - {}
RESULT: {}
COMMAND: POST /session/999fc64afd1230ec64a2dd58c909e126/execute/sync - {"script":"<script> [56 bytes]","args":[{"element-6066-11e4-a52e-4f735466cecf":"f.8D00E63E7445179AA59B17F8E6C27F98.d.1A486FDE4BA29721121857AAA53702E4.e.6387","ELEMENT":"f.8D00E63E7445179AA59B17F8E6C27F98.d.1A486FDE4BA29721121857AAA53702E4.e.6387"}]}
RESULT: {"script":"<script> [56 bytes]","args":[{"element-6066-11e4-a52e-4f735466cecf":"f.8D00E63E7445179AA59B17F8E6C27F98.d.1A486FDE4BA29721121857AAA53702E4.e.6387","ELEMENT":"f.8D00E63E7445179AA59B17F8E6C27F98.d.1A486FDE4BA29721121857AAA53702E4.e.6387"}]}
COMMAND: GET /session/999fc64afd1230ec64a2dd58c909e126/screenshot - {}
RESULT: {}
COMMAND: POST /session/999fc64afd1230ec64a2dd58c909e126/execute/sync - {"script":"<script> [56 bytes]","args":[{"element-6066-11e4-a52e-4f735466cecf":"f.8D00E63E7445179AA59B17F8E6C27F98.d.1A486FDE4BA29721121857AAA53702E4.e.6387","ELEMENT":"f.8D00E63E7445179AA59B17F8E6C27F98.d.1A486FDE4BA29721121857AAA53702E4.e.6387"}]}
RESULT: {"script":"<script> [56 bytes]","args":[{"element-6066-11e4-a52e-4f735466cecf":"f.8D00E63E7445179AA59B17F8E6C27F98.d.1A486FDE4BA29721121857AAA53702E4.e.6387","ELEMENT":"f.8D00E63E7445179AA59B17F8E6C27F98.d.1A486FDE4BA29721121857AAA53702E4.e.6387"}]}
COMMAND: GET /session/999fc64afd1230ec64a2dd58c909e126/screenshot - {}
RESULT: {}
COMMAND: POST /session/999fc64afd1230ec64a2dd58c909e126/execute/sync - {"script":"<script> [56 bytes]","args":[{"element-6066-11e4-a52e-4f735466cecf":"f.8D00E63E7445179AA59B17F8E6C27F98.d.1A486FDE4BA29721121857AAA53702E4.e.6387","ELEMENT":"f.8D00E63E7445179AA59B17F8E6C27F98.d.1A486FDE4BA29721121857AAA53702E4.e.6387"}]}
RESULT: {"script":"<script> [56 bytes]","args":[{"element-6066-11e4-a52e-4f735466cecf":"f.8D00E63E7445179AA59B17F8E6C27F98.d.1A486FDE4BA29721121857AAA53702E4.e.6387","ELEMENT":"f.8D00E63E7445179AA59B17F8E6C27F98.d.1A486FDE4BA29721121857AAA53702E4.e.6387"}]}
COMMAND: GET /session/999fc64afd1230ec64a2dd58c909e126/screenshot - {}
RESULT: {}
COMMAND: POST /session/999fc64afd1230ec64a2dd58c909e126/execute/sync - {"script":"<script> [56 bytes]","args":[{"element-6066-11e4-a52e-4f735466cecf":"f.8D00E63E7445179AA59B17F8E6C27F98.d.1A486FDE4BA29721121857AAA53702E4.e.6387","ELEMENT":"f.8D00E63E7445179AA59B17F8E6C27F98.d.1A486FDE4BA29721121857AAA53702E4.e.6387"}]}
RESULT: {"script":"<script> [56 bytes]","args":[{"element-6066-11e4-a52e-4f735466cecf":"f.8D00E63E7445179AA59B17F8E6C27F98.d.1A486FDE4BA29721121857AAA53702E4.e.6387","ELEMENT":"f.8D00E63E7445179AA59B17F8E6C27F98.d.1A486FDE4BA29721121857AAA53702E4.e.6387"}]}
COMMAND: GET /session/999fc64afd1230ec64a2dd58c909e126/screenshot - {}
RESULT: {}
COMMAND: POST /session/999fc64afd1230ec64a2dd58c909e126/execute/sync - {"script":"<script> [56 bytes]","args":[{"element-6066-11e4-a52e-4f735466cecf":"f.8D00E63E7445179AA59B17F8E6C27F98.d.1A486FDE4BA29721121857AAA53702E4.e.6387","ELEMENT":"f.8D00E63E7445179AA59B17F8E6C27F98.d.1A486FDE4BA29721121857AAA53702E4.e.6387"}]}
RESULT: {"script":"<script> [56 bytes]","args":[{"element-6066-11e4-a52e-4f735466cecf":"f.8D00E63E7445179AA59B17F8E6C27F98.d.1A486FDE4BA29721121857AAA53702E4.e.6387","ELEMENT":"f.8D00E63E7445179AA59B17F8E6C27F98.d.1A486FDE4BA29721121857AAA53702E4.e.6387"}]}
COMMAND: GET /session/999fc64afd1230ec64a2dd58c909e126/screenshot - {}
RESULT: {}
COMMAND: POST /session/999fc64afd1230ec64a2dd58c909e126/execute/sync - {"script":"<script> [56 bytes]","args":[{"element-6066-11e4-a52e-4f735466cecf":"f.8D00E63E7445179AA59B17F8E6C27F98.d.1A486FDE4BA29721121857AAA53702E4.e.6387","ELEMENT":"f.8D00E63E7445179AA59B17F8E6C27F98.d.1A486FDE4BA29721121857AAA53702E4.e.6387"}]}
RESULT: {"script":"<script> [56 bytes]","args":[{"element-6066-11e4-a52e-4f735466cecf":"f.8D00E63E7445179AA59B17F8E6C27F98.d.1A486FDE4BA29721121857AAA53702E4.e.6387","ELEMENT":"f.8D00E63E7445179AA59B17F8E6C27F98.d.1A486FDE4BA29721121857AAA53702E4.e.6387"}]}
COMMAND: GET /session/999fc64afd1230ec64a2dd58c909e126/screenshot - {}
RESULT: {}
COMMAND: POST /session/999fc64afd1230ec64a2dd58c909e126/execute/sync - {"script":"<script> [56 bytes]","args":[{"element-6066-11e4-a52e-4f735466cecf":"f.8D00E63E7445179AA59B17F8E6C27F98.d.1A486FDE4BA29721121857AAA53702E4.e.6387","ELEMENT":"f.8D00E63E7445179AA59B17F8E6C27F98.d.1A486FDE4BA29721121857AAA53702E4.e.6387"}]}
RESULT: {"script":"<script> [56 bytes]","args":[{"element-6066-11e4-a52e-4f735466cecf":"f.8D00E63E7445179AA59B17F8E6C27F98.d.1A486FDE4BA29721121857AAA53702E4.e.6387","ELEMENT":"f.8D00E63E7445179AA59B17F8E6C27F98.d.1A486FDE4BA29721121857AAA53702E4.e.6387"}]}
COMMAND: GET /session/999fc64afd1230ec64a2dd58c909e126/screenshot - {}
RESULT: {}
COMMAND: POST /session/999fc64afd1230ec64a2dd58c909e126/execute/sync - {"script":"<script> [56 bytes]","args":[{"element-6066-11e4-a52e-4f735466cecf":"f.8D00E63E7445179AA59B17F8E6C27F98.d.1A486FDE4BA29721121857AAA53702E4.e.6387","ELEMENT":"f.8D00E63E7445179AA59B17F8E6C27F98.d.1A486FDE4BA29721121857AAA53702E4.e.6387"}]}
RESULT: {"script":"<script> [56 bytes]","args":[{"element-6066-11e4-a52e-4f735466cecf":"f.8D00E63E7445179AA59B17F8E6C27F98.d.1A486FDE4BA29721121857AAA53702E4.e.6387","ELEMENT":"f.8D00E63E7445179AA59B17F8E6C27F98.d.1A486FDE4BA29721121857AAA53702E4.e.6387"}]}
COMMAND: GET /session/999fc64afd1230ec64a2dd58c909e126/screenshot - {}
RESULT: {}
COMMAND: POST /session/999fc64afd1230ec64a2dd58c909e126/execute/sync - {"script":"<script> [56 bytes]","args":[{"element-6066-11e4-a52e-4f735466cecf":"f.8D00E63E7445179AA59B17F8E6C27F98.d.1A486FDE4BA29721121857AAA53702E4.e.6387","ELEMENT":"f.8D00E63E7445179AA59B17F8E6C27F98.d.1A486FDE4BA29721121857AAA53702E4.e.6387"}]}
RESULT: {"script":"<script> [56 bytes]","args":[{"element-6066-11e4-a52e-4f735466cecf":"f.8D00E63E7445179AA59B17F8E6C27F98.d.1A486FDE4BA29721121857AAA53702E4.e.6387","ELEMENT":"f.8D00E63E7445179AA59B17F8E6C27F98.d.1A486FDE4BA29721121857AAA53702E4.e.6387"}]}
COMMAND: GET /session/999fc64afd1230ec64a2dd58c909e126/screenshot - {}
RESULT: {}
COMMAND: POST /session/999fc64afd1230ec64a2dd58c909e126/execute/sync - {"script":"<script> [56 bytes]","args":[{"element-6066-11e4-a52e-4f735466cecf":"f.8D00E63E7445179AA59B17F8E6C27F98.d.1A486FDE4BA29721121857AAA53702E4.e.6387","ELEMENT":"f.8D00E63E7445179AA59B17F8E6C27F98.d.1A486FDE4BA29721121857AAA53702E4.e.6387"}]}
RESULT: {"script":"<script> [56 bytes]","args":[{"element-6066-11e4-a52e-4f735466cecf":"f.8D00E63E7445179AA59B17F8E6C27F98.d.1A486FDE4BA29721121857AAA53702E4.e.6387","ELEMENT":"f.8D00E63E7445179AA59B17F8E6C27F98.d.1A486FDE4BA29721121857AAA53702E4.e.6387"}]}
COMMAND: GET /session/999fc64afd1230ec64a2dd58c909e126/screenshot - {}
RESULT: {}
COMMAND: POST /session/999fc64afd1230ec64a2dd58c909e126/execute/sync - {"script":"<script> [56 bytes]","args":[{"element-6066-11e4-a52e-4f735466cecf":"f.8D00E63E7445179AA59B17F8E6C27F98.d.1A486FDE4BA29721121857AAA53702E4.e.6387","ELEMENT":"f.8D00E63E7445179AA59B17F8E6C27F98.d.1A486FDE4BA29721121857AAA53702E4.e.6387"}]}
RESULT: {"script":"<script> [56 bytes]","args":[{"element-6066-11e4-a52e-4f735466cecf":"f.8D00E63E7445179AA59B17F8E6C27F98.d.1A486FDE4BA29721121857AAA53702E4.e.6387","ELEMENT":"f.8D00E63E7445179AA59B17F8E6C27F98.d.1A486FDE4BA29721121857AAA53702E4.e.6387"}]}
COMMAND: GET /session/999fc64afd1230ec64a2dd58c909e126/screenshot - {}
RESULT: {}
COMMAND: POST /session/999fc64afd1230ec64a2dd58c909e126/execute/sync - {"script":"<script> [56 bytes]","args":[{"element-6066-11e4-a52e-4f735466cecf":"f.8D00E63E7445179AA59B17F8E6C27F98.d.1A486FDE4BA29721121857AAA53702E4.e.6387","ELEMENT":"f.8D00E63E7445179AA59B17F8E6C27F98.d.1A486FDE4BA29721121857AAA53702E4.e.6387"}]}
RESULT: {"script":"<script> [56 bytes]","args":[{"element-6066-11e4-a52e-4f735466cecf":"f.8D00E63E7445179AA59B17F8E6C27F98.d.1A486FDE4BA29721121857AAA53702E4.e.6387","ELEMENT":"f.8D00E63E7445179AA59B17F8E6C27F98.d.1A486FDE4BA29721121857AAA53702E4.e.6387"}]}
COMMAND: GET /session/999fc64afd1230ec64a2dd58c909e126/screenshot - {}
RESULT: {}
COMMAND: POST /session/999fc64afd1230ec64a2dd58c909e126/execute/sync - {"script":"<script> [56 bytes]","args":[{"element-6066-11e4-a52e-4f735466cecf":"f.8D00E63E7445179AA59B17F8E6C27F98.d.1A486FDE4BA29721121857AAA53702E4.e.6387","ELEMENT":"f.8D00E63E7445179AA59B17F8E6C27F98.d.1A486FDE4BA29721121857AAA53702E4.e.6387"}]}
RESULT: {"script":"<script> [56 bytes]","args":[{"element-6066-11e4-a52e-4f735466cecf":"f.8D00E63E7445179AA59B17F8E6C27F98.d.1A486FDE4BA29721121857AAA53702E4.e.6387","ELEMENT":"f.8D00E63E7445179AA59B17F8E6C27F98.d.1A486FDE4BA29721121857AAA53702E4.e.6387"}]}
COMMAND: GET /session/999fc64afd1230ec64a2dd58c909e126/screenshot - {}
RESULT: {}
COMMAND: POST /session/999fc64afd1230ec64a2dd58c909e126/execute/sync - {"script":"<script> [56 bytes]","args":[{"element-6066-11e4-a52e-4f735466cecf":"f.8D00E63E7445179AA59B17F8E6C27F98.d.1A486FDE4BA29721121857AAA53702E4.e.6387","ELEMENT":"f.8D00E63E7445179AA59B17F8E6C27F98.d.1A486FDE4BA29721121857AAA53702E4.e.6387"}]}
RESULT: {"script":"<script> [56 bytes]","args":[{"element-6066-11e4-a52e-4f735466cecf":"f.8D00E63E7445179AA59B17F8E6C27F98.d.1A486FDE4BA29721121857AAA53702E4.e.6387","ELEMENT":"f.8D00E63E7445179AA59B17F8E6C27F98.d.1A486FDE4BA29721121857AAA53702E4.e.6387"}]}
COMMAND: POST /session/999fc64afd1230ec64a2dd58c909e126/element - {"using":"xpath","value":"//td[@aria-colindex=\"1\"]/div/div[contains(@class, \"sapMCbBg\")]"}
COMMAND: GET /session/999fc64afd1230ec64a2dd58c909e126/screenshot - {}
RESULT: {"using":"xpath","value":"//td[@aria-colindex=\"1\"]/div/div[contains(@class, \"sapMCbBg\")]"}
COMMAND: POST /session/999fc64afd1230ec64a2dd58c909e126/element/f.8D00E63E7445179AA59B17F8E6C27F98.d.1A486FDE4BA29721121857AAA53702E4.e.6397/click - {}
RESULT: {}
RESULT: {}
COMMAND: GET /session/999fc64afd1230ec64a2dd58c909e126/screenshot - {}
RESULT: {}
COMMAND: POST /session/999fc64afd1230ec64a2dd58c909e126/element - {"using":"xpath","value":"//bdi[text()=\"Transfer\"]"}
RESULT: {"using":"xpath","value":"//bdi[text()=\"Transfer\"]"}
COMMAND: POST /session/999fc64afd1230ec64a2dd58c909e126/element/f.8D00E63E7445179AA59B17F8E6C27F98.d.1A486FDE4BA29721121857AAA53702E4.e.6398/click - {}
RESULT: {}
COMMAND: GET /session/999fc64afd1230ec64a2dd58c909e126/screenshot - {}
RESULT: {}
COMMAND: POST /session/999fc64afd1230ec64a2dd58c909e126/element - {"using":"xpath","value":"//bdi[contains(text(), \"OK\")]"}
RESULT: {"using":"xpath","value":"//bdi[contains(text(), \"OK\")]"}
COMMAND: POST /session/999fc64afd1230ec64a2dd58c909e126/element/f.8D00E63E7445179AA59B17F8E6C27F98.d.1A486FDE4BA29721121857AAA53702E4.e.6401/click - {}
RESULT: {}
COMMAND: GET /session/999fc64afd1230ec64a2dd58c909e126/screenshot - {}
RESULT: {}
COMMAND: POST /session/999fc64afd1230ec64a2dd58c909e126/element - {"using":"xpath","value":"(//span[contains(text(), \"Invoice open\")]/parent::div/preceding-sibling::div/span)[1]"}
RESULT: {"using":"xpath","value":"(//span[contains(text(), \"Invoice open\")]/parent::div/preceding-sibling::div/span)[1]"}
COMMAND: POST /session/999fc64afd1230ec64a2dd58c909e126/element/f.8D00E63E7445179AA59B17F8E6C27F98.d.1A486FDE4BA29721121857AAA53702E4.e.6409/click - {}
RESULT: {}
COMMAND: GET /session/999fc64afd1230ec64a2dd58c909e126/screenshot - {}
RESULT: {}
COMMAND: POST /session/999fc64afd1230ec64a2dd58c909e126/element - {"using":"xpath","value":"//input[contains(@id ,\"application-billingtransfer-display-component---billingWorkbench--smartFilterBar-btnBasicSearch\")]"}
RESULT: {"using":"xpath","value":"//input[contains(@id ,\"application-billingtransfer-display-component---billingWorkbench--smartFilterBar-btnBasicSearch\")]"}
COMMAND: POST /session/999fc64afd1230ec64a2dd58c909e126/elements - {"using":"xpath","value":"//input[contains(@id ,\"application-billingtransfer-display-component---billingWorkbench--smartFilterBar-btnBasicSearch\")]"}
RESULT: {"using":"xpath","value":"//input[contains(@id ,\"application-billingtransfer-display-component---billingWorkbench--smartFilterBar-btnBasicSearch\")]"}
COMMAND: POST /session/999fc64afd1230ec64a2dd58c909e126/execute/sync - {"script":"<script> [8489 bytes]","args":[{"element-6066-11e4-a52e-4f735466cecf":"f.8D00E63E7445179AA59B17F8E6C27F98.d.1A486FDE4BA29721121857AAA53702E4.e.6159","ELEMENT":"f.8D00E63E7445179AA59B17F8E6C27F98.d.1A486FDE4BA29721121857AAA53702E4.e.6159"}]}
RESULT: {"script":"<script> [8489 bytes]","args":[{"element-6066-11e4-a52e-4f735466cecf":"f.8D00E63E7445179AA59B17F8E6C27F98.d.1A486FDE4BA29721121857AAA53702E4.e.6159","ELEMENT":"f.8D00E63E7445179AA59B17F8E6C27F98.d.1A486FDE4BA29721121857AAA53702E4.e.6159"}]}
COMMAND: GET /session/999fc64afd1230ec64a2dd58c909e126/element/f.8D00E63E7445179AA59B17F8E6C27F98.d.1A486FDE4BA29721121857AAA53702E4.e.6159/enabled - {}
COMMAND: GET /session/999fc64afd1230ec64a2dd58c909e126/screenshot - {}
RESULT: {}
COMMAND: POST /session/999fc64afd1230ec64a2dd58c909e126/element/f.8D00E63E7445179AA59B17F8E6C27F98.d.1A486FDE4BA29721121857AAA53702E4.e.6159/click - {}
COMMAND: GET /session/999fc64afd1230ec64a2dd58c909e126/screenshot - {}
RESULT: {}
RESULT: {}
COMMAND: GET /session/999fc64afd1230ec64a2dd58c909e126/screenshot - {}
RESULT: {}
RESULT: {}
COMMAND: POST /session/999fc64afd1230ec64a2dd58c909e126/element/f.8D00E63E7445179AA59B17F8E6C27F98.d.1A486FDE4BA29721121857AAA53702E4.e.6159/clear - {}
RESULT: {}
COMMAND: POST /session/999fc64afd1230ec64a2dd58c909e126/element/f.8D00E63E7445179AA59B17F8E6C27F98.d.1A486FDE4BA29721121857AAA53702E4.e.6159/value - {"text":"10566"}
COMMAND: GET /session/999fc64afd1230ec64a2dd58c909e126/screenshot - {}
RESULT: {"text":"10566"}
COMMAND: POST /session/999fc64afd1230ec64a2dd58c909e126/actions - {"actions":[{"id":"action22","type":"key","parameters":{},"actions":[{"type":"keyDown","value":"î€‡"},{"type":"pause","duration":10},{"type":"keyUp","value":"î€‡"}]}]}
COMMAND: GET /session/999fc64afd1230ec64a2dd58c909e126/screenshot - {}
RESULT: {}
RESULT: {"actions":[{"id":"action22","type":"key","parameters":{},"actions":[{"type":"keyDown","value":"î€‡"},{"type":"pause","duration":10},{"type":"keyUp","value":"î€‡"}]}]}
COMMAND: GET /session/999fc64afd1230ec64a2dd58c909e126/screenshot - {}
RESULT: {}
RESULT: {}
COMMAND: POST /session/999fc64afd1230ec64a2dd58c909e126/element - {"using":"xpath","value":"//span[contains(@id ,\"application-billingtransfer-display-component---billingWorkbench--smartTableBillingRuns-header-inner\")]"}
RESULT: {"using":"xpath","value":"//span[contains(@id ,\"application-billingtransfer-display-component---billingWorkbench--smartTableBillingRuns-header-inner\")]"}
COMMAND: POST /session/999fc64afd1230ec64a2dd58c909e126/elements - {"using":"xpath","value":"//span[contains(@id ,\"application-billingtransfer-display-component---billingWorkbench--smartTableBillingRuns-header-inner\")]"}
RESULT: {"using":"xpath","value":"//span[contains(@id ,\"application-billingtransfer-display-component---billingWorkbench--smartTableBillingRuns-header-inner\")]"}
COMMAND: POST /session/999fc64afd1230ec64a2dd58c909e126/execute/sync - {"script":"<script> [56 bytes]","args":[{"element-6066-11e4-a52e-4f735466cecf":"f.8D00E63E7445179AA59B17F8E6C27F98.d.1A486FDE4BA29721121857AAA53702E4.e.6387","ELEMENT":"f.8D00E63E7445179AA59B17F8E6C27F98.d.1A486FDE4BA29721121857AAA53702E4.e.6387"}]}
RESULT: {"script":"<script> [56 bytes]","args":[{"element-6066-11e4-a52e-4f735466cecf":"f.8D00E63E7445179AA59B17F8E6C27F98.d.1A486FDE4BA29721121857AAA53702E4.e.6387","ELEMENT":"f.8D00E63E7445179AA59B17F8E6C27F98.d.1A486FDE4BA29721121857AAA53702E4.e.6387"}]}
COMMAND: GET /session/999fc64afd1230ec64a2dd58c909e126/screenshot - {}
RESULT: {}
COMMAND: POST /session/999fc64afd1230ec64a2dd58c909e126/execute/sync - {"script":"<script> [56 bytes]","args":[{"element-6066-11e4-a52e-4f735466cecf":"f.8D00E63E7445179AA59B17F8E6C27F98.d.1A486FDE4BA29721121857AAA53702E4.e.6387","ELEMENT":"f.8D00E63E7445179AA59B17F8E6C27F98.d.1A486FDE4BA29721121857AAA53702E4.e.6387"}]}
RESULT: {"script":"<script> [56 bytes]","args":[{"element-6066-11e4-a52e-4f735466cecf":"f.8D00E63E7445179AA59B17F8E6C27F98.d.1A486FDE4BA29721121857AAA53702E4.e.6387","ELEMENT":"f.8D00E63E7445179AA59B17F8E6C27F98.d.1A486FDE4BA29721121857AAA53702E4.e.6387"}]}
COMMAND: GET /session/999fc64afd1230ec64a2dd58c909e126/screenshot - {}
RESULT: {}
COMMAND: POST /session/999fc64afd1230ec64a2dd58c909e126/execute/sync - {"script":"<script> [56 bytes]","args":[{"element-6066-11e4-a52e-4f735466cecf":"f.8D00E63E7445179AA59B17F8E6C27F98.d.1A486FDE4BA29721121857AAA53702E4.e.6387","ELEMENT":"f.8D00E63E7445179AA59B17F8E6C27F98.d.1A486FDE4BA29721121857AAA53702E4.e.6387"}]}
RESULT: {"script":"<script> [56 bytes]","args":[{"element-6066-11e4-a52e-4f735466cecf":"f.8D00E63E7445179AA59B17F8E6C27F98.d.1A486FDE4BA29721121857AAA53702E4.e.6387","ELEMENT":"f.8D00E63E7445179AA59B17F8E6C27F98.d.1A486FDE4BA29721121857AAA53702E4.e.6387"}]}
COMMAND: GET /session/999fc64afd1230ec64a2dd58c909e126/screenshot - {}
RESULT: {}
COMMAND: POST /session/999fc64afd1230ec64a2dd58c909e126/execute/sync - {"script":"<script> [56 bytes]","args":[{"element-6066-11e4-a52e-4f735466cecf":"f.8D00E63E7445179AA59B17F8E6C27F98.d.1A486FDE4BA29721121857AAA53702E4.e.6387","ELEMENT":"f.8D00E63E7445179AA59B17F8E6C27F98.d.1A486FDE4BA29721121857AAA53702E4.e.6387"}]}
RESULT: {"script":"<script> [56 bytes]","args":[{"element-6066-11e4-a52e-4f735466cecf":"f.8D00E63E7445179AA59B17F8E6C27F98.d.1A486FDE4BA29721121857AAA53702E4.e.6387","ELEMENT":"f.8D00E63E7445179AA59B17F8E6C27F98.d.1A486FDE4BA29721121857AAA53702E4.e.6387"}]}
COMMAND: GET /session/999fc64afd1230ec64a2dd58c909e126/screenshot - {}
RESULT: {}
COMMAND: POST /session/999fc64afd1230ec64a2dd58c909e126/execute/sync - {"script":"<script> [56 bytes]","args":[{"element-6066-11e4-a52e-4f735466cecf":"f.8D00E63E7445179AA59B17F8E6C27F98.d.1A486FDE4BA29721121857AAA53702E4.e.6387","ELEMENT":"f.8D00E63E7445179AA59B17F8E6C27F98.d.1A486FDE4BA29721121857AAA53702E4.e.6387"}]}
RESULT: {"script":"<script> [56 bytes]","args":[{"element-6066-11e4-a52e-4f735466cecf":"f.8D00E63E7445179AA59B17F8E6C27F98.d.1A486FDE4BA29721121857AAA53702E4.e.6387","ELEMENT":"f.8D00E63E7445179AA59B17F8E6C27F98.d.1A486FDE4BA29721121857AAA53702E4.e.6387"}]}
COMMAND: GET /session/999fc64afd1230ec64a2dd58c909e126/screenshot - {}
RESULT: {}
COMMAND: POST /session/999fc64afd1230ec64a2dd58c909e126/execute/sync - {"script":"<script> [56 bytes]","args":[{"element-6066-11e4-a52e-4f735466cecf":"f.8D00E63E7445179AA59B17F8E6C27F98.d.1A486FDE4BA29721121857AAA53702E4.e.6387","ELEMENT":"f.8D00E63E7445179AA59B17F8E6C27F98.d.1A486FDE4BA29721121857AAA53702E4.e.6387"}]}
RESULT: {"script":"<script> [56 bytes]","args":[{"element-6066-11e4-a52e-4f735466cecf":"f.8D00E63E7445179AA59B17F8E6C27F98.d.1A486FDE4BA29721121857AAA53702E4.e.6387","ELEMENT":"f.8D00E63E7445179AA59B17F8E6C27F98.d.1A486FDE4BA29721121857AAA53702E4.e.6387"}]}
COMMAND: GET /session/999fc64afd1230ec64a2dd58c909e126/screenshot - {}
RESULT: {}
COMMAND: POST /session/999fc64afd1230ec64a2dd58c909e126/execute/sync - {"script":"<script> [56 bytes]","args":[{"element-6066-11e4-a52e-4f735466cecf":"f.8D00E63E7445179AA59B17F8E6C27F98.d.1A486FDE4BA29721121857AAA53702E4.e.6387","ELEMENT":"f.8D00E63E7445179AA59B17F8E6C27F98.d.1A486FDE4BA29721121857AAA53702E4.e.6387"}]}
RESULT: {"script":"<script> [56 bytes]","args":[{"element-6066-11e4-a52e-4f735466cecf":"f.8D00E63E7445179AA59B17F8E6C27F98.d.1A486FDE4BA29721121857AAA53702E4.e.6387","ELEMENT":"f.8D00E63E7445179AA59B17F8E6C27F98.d.1A486FDE4BA29721121857AAA53702E4.e.6387"}]}
COMMAND: GET /session/999fc64afd1230ec64a2dd58c909e126/screenshot - {}
RESULT: {}
COMMAND: POST /session/999fc64afd1230ec64a2dd58c909e126/execute/sync - {"script":"<script> [56 bytes]","args":[{"element-6066-11e4-a52e-4f735466cecf":"f.8D00E63E7445179AA59B17F8E6C27F98.d.1A486FDE4BA29721121857AAA53702E4.e.6387","ELEMENT":"f.8D00E63E7445179AA59B17F8E6C27F98.d.1A486FDE4BA29721121857AAA53702E4.e.6387"}]}
RESULT: {"script":"<script> [56 bytes]","args":[{"element-6066-11e4-a52e-4f735466cecf":"f.8D00E63E7445179AA59B17F8E6C27F98.d.1A486FDE4BA29721121857AAA53702E4.e.6387","ELEMENT":"f.8D00E63E7445179AA59B17F8E6C27F98.d.1A486FDE4BA29721121857AAA53702E4.e.6387"}]}
COMMAND: GET /session/999fc64afd1230ec64a2dd58c909e126/screenshot - {}
RESULT: {}
COMMAND: POST /session/999fc64afd1230ec64a2dd58c909e126/execute/sync - {"script":"<script> [56 bytes]","args":[{"element-6066-11e4-a52e-4f735466cecf":"f.8D00E63E7445179AA59B17F8E6C27F98.d.1A486FDE4BA29721121857AAA53702E4.e.6387","ELEMENT":"f.8D00E63E7445179AA59B17F8E6C27F98.d.1A486FDE4BA29721121857AAA53702E4.e.6387"}]}
RESULT: {"script":"<script> [56 bytes]","args":[{"element-6066-11e4-a52e-4f735466cecf":"f.8D00E63E7445179AA59B17F8E6C27F98.d.1A486FDE4BA29721121857AAA53702E4.e.6387","ELEMENT":"f.8D00E63E7445179AA59B17F8E6C27F98.d.1A486FDE4BA29721121857AAA53702E4.e.6387"}]}
COMMAND: GET /session/999fc64afd1230ec64a2dd58c909e126/screenshot - {}
RESULT: {}
COMMAND: POST /session/999fc64afd1230ec64a2dd58c909e126/execute/sync - {"script":"<script> [56 bytes]","args":[{"element-6066-11e4-a52e-4f735466cecf":"f.8D00E63E7445179AA59B17F8E6C27F98.d.1A486FDE4BA29721121857AAA53702E4.e.6387","ELEMENT":"f.8D00E63E7445179AA59B17F8E6C27F98.d.1A486FDE4BA29721121857AAA53702E4.e.6387"}]}
RESULT: {"script":"<script> [56 bytes]","args":[{"element-6066-11e4-a52e-4f735466cecf":"f.8D00E63E7445179AA59B17F8E6C27F98.d.1A486FDE4BA29721121857AAA53702E4.e.6387","ELEMENT":"f.8D00E63E7445179AA59B17F8E6C27F98.d.1A486FDE4BA29721121857AAA53702E4.e.6387"}]}
COMMAND: GET /session/999fc64afd1230ec64a2dd58c909e126/screenshot - {}
RESULT: {}
COMMAND: POST /session/999fc64afd1230ec64a2dd58c909e126/execute/sync - {"script":"<script> [56 bytes]","args":[{"element-6066-11e4-a52e-4f735466cecf":"f.8D00E63E7445179AA59B17F8E6C27F98.d.1A486FDE4BA29721121857AAA53702E4.e.6387","ELEMENT":"f.8D00E63E7445179AA59B17F8E6C27F98.d.1A486FDE4BA29721121857AAA53702E4.e.6387"}]}
RESULT: {"script":"<script> [56 bytes]","args":[{"element-6066-11e4-a52e-4f735466cecf":"f.8D00E63E7445179AA59B17F8E6C27F98.d.1A486FDE4BA29721121857AAA53702E4.e.6387","ELEMENT":"f.8D00E63E7445179AA59B17F8E6C27F98.d.1A486FDE4BA29721121857AAA53702E4.e.6387"}]}
COMMAND: GET /session/999fc64afd1230ec64a2dd58c909e126/screenshot - {}
RESULT: {}
COMMAND: POST /session/999fc64afd1230ec64a2dd58c909e126/execute/sync - {"script":"<script> [56 bytes]","args":[{"element-6066-11e4-a52e-4f735466cecf":"f.8D00E63E7445179AA59B17F8E6C27F98.d.1A486FDE4BA29721121857AAA53702E4.e.6387","ELEMENT":"f.8D00E63E7445179AA59B17F8E6C27F98.d.1A486FDE4BA29721121857AAA53702E4.e.6387"}]}
RESULT: {"script":"<script> [56 bytes]","args":[{"element-6066-11e4-a52e-4f735466cecf":"f.8D00E63E7445179AA59B17F8E6C27F98.d.1A486FDE4BA29721121857AAA53702E4.e.6387","ELEMENT":"f.8D00E63E7445179AA59B17F8E6C27F98.d.1A486FDE4BA29721121857AAA53702E4.e.6387"}]}
COMMAND: GET /session/999fc64afd1230ec64a2dd58c909e126/screenshot - {}
RESULT: {}
COMMAND: POST /session/999fc64afd1230ec64a2dd58c909e126/execute/sync - {"script":"<script> [56 bytes]","args":[{"element-6066-11e4-a52e-4f735466cecf":"f.8D00E63E7445179AA59B17F8E6C27F98.d.1A486FDE4BA29721121857AAA53702E4.e.6387","ELEMENT":"f.8D00E63E7445179AA59B17F8E6C27F98.d.1A486FDE4BA29721121857AAA53702E4.e.6387"}]}
RESULT: {"script":"<script> [56 bytes]","args":[{"element-6066-11e4-a52e-4f735466cecf":"f.8D00E63E7445179AA59B17F8E6C27F98.d.1A486FDE4BA29721121857AAA53702E4.e.6387","ELEMENT":"f.8D00E63E7445179AA59B17F8E6C27F98.d.1A486FDE4BA29721121857AAA53702E4.e.6387"}]}
COMMAND: GET /session/999fc64afd1230ec64a2dd58c909e126/screenshot - {}
RESULT: {}
COMMAND: POST /session/999fc64afd1230ec64a2dd58c909e126/execute/sync - {"script":"<script> [56 bytes]","args":[{"element-6066-11e4-a52e-4f735466cecf":"f.8D00E63E7445179AA59B17F8E6C27F98.d.1A486FDE4BA29721121857AAA53702E4.e.6387","ELEMENT":"f.8D00E63E7445179AA59B17F8E6C27F98.d.1A486FDE4BA29721121857AAA53702E4.e.6387"}]}
RESULT: {"script":"<script> [56 bytes]","args":[{"element-6066-11e4-a52e-4f735466cecf":"f.8D00E63E7445179AA59B17F8E6C27F98.d.1A486FDE4BA29721121857AAA53702E4.e.6387","ELEMENT":"f.8D00E63E7445179AA59B17F8E6C27F98.d.1A486FDE4BA29721121857AAA53702E4.e.6387"}]}
COMMAND: GET /session/999fc64afd1230ec64a2dd58c909e126/screenshot - {}
RESULT: {}
COMMAND: POST /session/999fc64afd1230ec64a2dd58c909e126/execute/sync - {"script":"<script> [56 bytes]","args":[{"element-6066-11e4-a52e-4f735466cecf":"f.8D00E63E7445179AA59B17F8E6C27F98.d.1A486FDE4BA29721121857AAA53702E4.e.6387","ELEMENT":"f.8D00E63E7445179AA59B17F8E6C27F98.d.1A486FDE4BA29721121857AAA53702E4.e.6387"}]}
RESULT: {"script":"<script> [56 bytes]","args":[{"element-6066-11e4-a52e-4f735466cecf":"f.8D00E63E7445179AA59B17F8E6C27F98.d.1A486FDE4BA29721121857AAA53702E4.e.6387","ELEMENT":"f.8D00E63E7445179AA59B17F8E6C27F98.d.1A486FDE4BA29721121857AAA53702E4.e.6387"}]}
COMMAND: POST /session/999fc64afd1230ec64a2dd58c909e126/element - {"using":"css selector","value":"#shell-header-logo"}
COMMAND: GET /session/999fc64afd1230ec64a2dd58c909e126/screenshot - {}
RESULT: {"using":"css selector","value":"#shell-header-logo"}
COMMAND: POST /session/999fc64afd1230ec64a2dd58c909e126/element/f.8D00E63E7445179AA59B17F8E6C27F98.d.1A486FDE4BA29721121857AAA53702E4.e.6157/click - {}
RESULT: {}
RESULT: {}
COMMAND: GET /session/999fc64afd1230ec64a2dd58c909e126/screenshot - {}
RESULT: {}
COMMAND: POST /session/999fc64afd1230ec64a2dd58c909e126/element - {"using":"css selector","value":"#j_username"}
COMMAND: POST /session/999fc64afd1230ec64a2dd58c909e126/url - {"url":"https://qa-testing-00-live-etm-ui.cfapps.eu10-004.hana.ondemand.com/"}
RESULT: {"using":"css selector","value":"#j_username"}
COMMAND: POST /session/999fc64afd1230ec64a2dd58c909e126/element - {"using":"css selector","value":"#j_username"}
RESULT: {"url":"https://qa-testing-00-live-etm-ui.cfapps.eu10-004.hana.ondemand.com/"}
RESULT: undefined
COMMAND: GET /session/999fc64afd1230ec64a2dd58c909e126/screenshot - {}
RESULT: {"using":"css selector","value":"#j_username"}
COMMAND: POST /session/999fc64afd1230ec64a2dd58c909e126/element - {"using":"css selector","value":"#shell-header-logo"}
RESULT: {}
RESULT: {"using":"css selector","value":"#shell-header-logo"}
COMMAND: POST /session/999fc64afd1230ec64a2dd58c909e126/execute/sync - {"script":"<script> [8489 bytes]","args":[{"element-6066-11e4-a52e-4f735466cecf":"f.8D00E63E7445179AA59B17F8E6C27F98.d.99E5EBC2F8B18E3B743AA332DC69C9B2.e.6426","ELEMENT":"f.8D00E63E7445179AA59B17F8E6C27F98.d.99E5EBC2F8B18E3B743AA332DC69C9B2.e.6426"}]}
RESULT: {"script":"<script> [8489 bytes]","args":[{"element-6066-11e4-a52e-4f735466cecf":"f.8D00E63E7445179AA59B17F8E6C27F98.d.99E5EBC2F8B18E3B743AA332DC69C9B2.e.6426","ELEMENT":"f.8D00E63E7445179AA59B17F8E6C27F98.d.99E5EBC2F8B18E3B743AA332DC69C9B2.e.6426"}]}
COMMAND: POST /session/999fc64afd1230ec64a2dd58c909e126/element - {"using":"css selector","value":"#shell-header-logo"}
COMMAND: GET /session/999fc64afd1230ec64a2dd58c909e126/screenshot - {}
RESULT: {"using":"css selector","value":"#shell-header-logo"}
COMMAND: POST /session/999fc64afd1230ec64a2dd58c909e126/execute/sync - {"script":"<script> [8489 bytes]","args":[{"element-6066-11e4-a52e-4f735466cecf":"f.8D00E63E7445179AA59B17F8E6C27F98.d.99E5EBC2F8B18E3B743AA332DC69C9B2.e.6426","ELEMENT":"f.8D00E63E7445179AA59B17F8E6C27F98.d.99E5EBC2F8B18E3B743AA332DC69C9B2.e.6426"}]}
RESULT: {}
RESULT: {"script":"<script> [8489 bytes]","args":[{"element-6066-11e4-a52e-4f735466cecf":"f.8D00E63E7445179AA59B17F8E6C27F98.d.99E5EBC2F8B18E3B743AA332DC69C9B2.e.6426","ELEMENT":"f.8D00E63E7445179AA59B17F8E6C27F98.d.99E5EBC2F8B18E3B743AA332DC69C9B2.e.6426"}]}
COMMAND: POST /session/999fc64afd1230ec64a2dd58c909e126/execute/sync - {"script":"<script> [5351 bytes]","args":[{"element-6066-11e4-a52e-4f735466cecf":"f.8D00E63E7445179AA59B17F8E6C27F98.d.99E5EBC2F8B18E3B743AA332DC69C9B2.e.6426","ELEMENT":"f.8D00E63E7445179AA59B17F8E6C27F98.d.99E5EBC2F8B18E3B743AA332DC69C9B2.e.6426"}]}
COMMAND: GET /session/999fc64afd1230ec64a2dd58c909e126/screenshot - {}
RESULT: {"script":"<script> [5351 bytes]","args":[{"element-6066-11e4-a52e-4f735466cecf":"f.8D00E63E7445179AA59B17F8E6C27F98.d.99E5EBC2F8B18E3B743AA332DC69C9B2.e.6426","ELEMENT":"f.8D00E63E7445179AA59B17F8E6C27F98.d.99E5EBC2F8B18E3B743AA332DC69C9B2.e.6426"}]}
COMMAND: POST /session/999fc64afd1230ec64a2dd58c909e126/element - {"using":"css selector","value":"#shell-header-logo"}
COMMAND: GET /session/999fc64afd1230ec64a2dd58c909e126/screenshot - {}
RESULT: {}
RESULT: {"using":"css selector","value":"#shell-header-logo"}
COMMAND: POST /session/999fc64afd1230ec64a2dd58c909e126/element/f.8D00E63E7445179AA59B17F8E6C27F98.d.99E5EBC2F8B18E3B743AA332DC69C9B2.e.6426/click - {}
RESULT: {}
RESULT: {}
COMMAND: GET /session/999fc64afd1230ec64a2dd58c909e126/screenshot - {}
RESULT: {}
COMMAND: POST /session/999fc64afd1230ec64a2dd58c909e126/execute/async - {"script":"<script> [189 bytes]","args":[]}
RESULT: {"script":"<script> [189 bytes]","args":[]}
COMMAND: POST /session/999fc64afd1230ec64a2dd58c909e126/execute/async - {"script":"<script> [123 bytes]","args":[]}
RESULT: {"script":"<script> [123 bytes]","args":[]}
COMMAND: POST /session/999fc64afd1230ec64a2dd58c909e126/timeouts - {"script":"<number>"}
RESULT: {"script":"<number>"}
COMMAND: GET /session/999fc64afd1230ec64a2dd58c909e126/timeouts - {}
RESULT: {}
RESULT: undefined
COMMAND: POST /session/999fc64afd1230ec64a2dd58c909e126/execute/async - {"script":"<script> [2676 bytes]","args":[]}
RESULT: {"script":"<script> [2676 bytes]","args":[]}
COMMAND: POST /session/999fc64afd1230ec64a2dd58c909e126/execute/async - {"script":"<script> [2342 bytes]","args":[{"protocol":"http","hostname":"0.0.0.0","path":"/","capabilities":{"browserName":"chrome","goog:chromeOptions":{"binary":"C:\\Program Files\\Google\\Chrome\\Application\\chrome.exe","args":["--start-maximized"]}},"logLevel":"warn","connectionRetryTimeout":120000,"connectionRetryCount":3,"logLevels":{},"enableDirectConnect":true,"strictSSL":true,"_":"65 more keys: [\"cacheDir\",\"port\",\"requestedCapabilities\",\"automationProtocol\",\"baseUrl\",\"waitforInterval\",\"waitforTimeout\",\"onReload\",\"beforeCommand\",\"afterCommand\",\"rootDir\",\"specs\",\"suites\",\"exclude\",\"groupLogsByTestSpec\",\"excludeDriverLogs\",\"bail\",\"framework\",\"reporters\",\"services\",\"maxInstances\",\"maxInstancesPerCapability\",\"injectGlobals\",\"filesToWatch\",\"execArgv\",\"runnerEnv\",\"runner\",\"shard\",\"specFileRetries\",\"specFileRetriesDelay\",\"specFileRetriesDeferred\",\"reporterSyncInterval\",\"reporterSyncTimeout\",\"cucumberFeaturesWithLineNumbers\",\"autoCompileOpts\",\"mochaOpts\",\"jasmineOpts\",\"cucumberOpts\",\"onPrepare\",\"onWorkerStart\",\"onWorkerEnd\",\"before\",\"beforeSession\",\"beforeSuite\",\"beforeHook\",\"beforeTest\",\"afterTest\",\"afterHook\",\"afterSuite\",\"afterSession\",\"after\",\"onComplete\",\"beforeAssertion\",\"afterAssertion\",\"beforeFeature\",\"beforeScenario\",\"beforeStep\",\"afterStep\",\"afterScenario\",\"afterFeature\",\"_\",\"suite\",\"$0\",\"ignoredWorkerServices\",\"wdi5\"]"}]}
RESULT: {"script":"<script> [2342 bytes]","args":[{"protocol":"http","hostname":"0.0.0.0","path":"/","capabilities":{"browserName":"chrome","goog:chromeOptions":{"binary":"C:\\Program Files\\Google\\Chrome\\Application\\chrome.exe","args":["--start-maximized"]}},"logLevel":"warn","connectionRetryTimeout":120000,"connectionRetryCount":3,"logLevels":{},"enableDirectConnect":true,"strictSSL":true,"_":"65 more keys: [\"cacheDir\",\"port\",\"requestedCapabilities\",\"automationProtocol\",\"baseUrl\",\"waitforInterval\",\"waitforTimeout\",\"onReload\",\"beforeCommand\",\"afterCommand\",\"rootDir\",\"specs\",\"suites\",\"exclude\",\"groupLogsByTestSpec\",\"excludeDriverLogs\",\"bail\",\"framework\",\"reporters\",\"services\",\"maxInstances\",\"maxInstancesPerCapability\",\"injectGlobals\",\"filesToWatch\",\"execArgv\",\"runnerEnv\",\"runner\",\"shard\",\"specFileRetries\",\"specFileRetriesDelay\",\"specFileRetriesDeferred\",\"reporterSyncInterval\",\"reporterSyncTimeout\",\"cucumberFeaturesWithLineNumbers\",\"autoCompileOpts\",\"mochaOpts\",\"jasmineOpts\",\"cucumberOpts\",\"onPrepare\",\"onWorkerStart\",\"onWorkerEnd\",\"before\",\"beforeSession\",\"beforeSuite\",\"beforeHook\",\"beforeTest\",\"afterTest\",\"afterHook\",\"afterSuite\",\"afterSession\",\"after\",\"onComplete\",\"beforeAssertion\",\"afterAssertion\",\"beforeFeature\",\"beforeScenario\",\"beforeStep\",\"afterStep\",\"afterScenario\",\"afterFeature\",\"_\",\"suite\",\"$0\",\"ignoredWorkerServices\",\"wdi5\"]"}]}
COMMAND: POST /session/999fc64afd1230ec64a2dd58c909e126/execute/async - {"script":"<script> [21126 bytes]","args":[35000]}
RESULT: {"script":"<script> [21126 bytes]","args":[35000]}
COMMAND: POST /session/999fc64afd1230ec64a2dd58c909e126/window/maximize - {}
RESULT: {}
COMMAND: POST /session/999fc64afd1230ec64a2dd58c909e126/execute/async - {"script":"<script> [1562 bytes]","args":[{"selector":{"id":"shell-header","interaction":{"idSuffix":"icon"}},"wdio_ui5_key":"shellheader"}]}
COMMAND: GET /session/999fc64afd1230ec64a2dd58c909e126/screenshot - {}
RESULT: {"script":"<script> [1562 bytes]","args":[{"selector":{"id":"shell-header","interaction":{"idSuffix":"icon"}},"wdio_ui5_key":"shellheader"}]}
RESULT: undefined
COMMAND: POST /session/999fc64afd1230ec64a2dd58c909e126/refresh - {}
RESULT: {}
RESULT: {}
COMMAND: GET /session/999fc64afd1230ec64a2dd58c909e126/screenshot - {}
RESULT: {}
COMMAND: POST /session/999fc64afd1230ec64a2dd58c909e126/refresh - {}
RESULT: {}
COMMAND: GET /session/999fc64afd1230ec64a2dd58c909e126/screenshot - {}
RESULT: {}
COMMAND: POST /session/999fc64afd1230ec64a2dd58c909e126/window/fullscreen - {}
RESULT: {}
COMMAND: POST /session/999fc64afd1230ec64a2dd58c909e126/execute/async - {"script":"<script> [189 bytes]","args":[]}
RESULT: {"script":"<script> [189 bytes]","args":[]}
COMMAND: POST /session/999fc64afd1230ec64a2dd58c909e126/execute/async - {"script":"<script> [123 bytes]","args":[]}
RESULT: {"script":"<script> [123 bytes]","args":[]}
COMMAND: POST /session/999fc64afd1230ec64a2dd58c909e126/timeouts - {"script":"<number>"}
RESULT: {"script":"<number>"}
COMMAND: GET /session/999fc64afd1230ec64a2dd58c909e126/timeouts - {}
RESULT: {}
RESULT: undefined
COMMAND: POST /session/999fc64afd1230ec64a2dd58c909e126/execute/async - {"script":"<script> [2676 bytes]","args":[]}
RESULT: {"script":"<script> [2676 bytes]","args":[]}
COMMAND: POST /session/999fc64afd1230ec64a2dd58c909e126/execute/async - {"script":"<script> [2342 bytes]","args":[{"protocol":"http","hostname":"0.0.0.0","path":"/","capabilities":{"browserName":"chrome","goog:chromeOptions":{"binary":"C:\\Program Files\\Google\\Chrome\\Application\\chrome.exe","args":["--start-maximized"]}},"logLevel":"warn","connectionRetryTimeout":120000,"connectionRetryCount":3,"logLevels":{},"enableDirectConnect":true,"strictSSL":true,"_":"65 more keys: [\"cacheDir\",\"port\",\"requestedCapabilities\",\"automationProtocol\",\"baseUrl\",\"waitforInterval\",\"waitforTimeout\",\"onReload\",\"beforeCommand\",\"afterCommand\",\"rootDir\",\"specs\",\"suites\",\"exclude\",\"groupLogsByTestSpec\",\"excludeDriverLogs\",\"bail\",\"framework\",\"reporters\",\"services\",\"maxInstances\",\"maxInstancesPerCapability\",\"injectGlobals\",\"filesToWatch\",\"execArgv\",\"runnerEnv\",\"runner\",\"shard\",\"specFileRetries\",\"specFileRetriesDelay\",\"specFileRetriesDeferred\",\"reporterSyncInterval\",\"reporterSyncTimeout\",\"cucumberFeaturesWithLineNumbers\",\"autoCompileOpts\",\"mochaOpts\",\"jasmineOpts\",\"cucumberOpts\",\"onPrepare\",\"onWorkerStart\",\"onWorkerEnd\",\"before\",\"beforeSession\",\"beforeSuite\",\"beforeHook\",\"beforeTest\",\"afterTest\",\"afterHook\",\"afterSuite\",\"afterSession\",\"after\",\"onComplete\",\"beforeAssertion\",\"afterAssertion\",\"beforeFeature\",\"beforeScenario\",\"beforeStep\",\"afterStep\",\"afterScenario\",\"afterFeature\",\"_\",\"suite\",\"$0\",\"ignoredWorkerServices\",\"wdi5\"]"}]}
RESULT: {"script":"<script> [2342 bytes]","args":[{"protocol":"http","hostname":"0.0.0.0","path":"/","capabilities":{"browserName":"chrome","goog:chromeOptions":{"binary":"C:\\Program Files\\Google\\Chrome\\Application\\chrome.exe","args":["--start-maximized"]}},"logLevel":"warn","connectionRetryTimeout":120000,"connectionRetryCount":3,"logLevels":{},"enableDirectConnect":true,"strictSSL":true,"_":"65 more keys: [\"cacheDir\",\"port\",\"requestedCapabilities\",\"automationProtocol\",\"baseUrl\",\"waitforInterval\",\"waitforTimeout\",\"onReload\",\"beforeCommand\",\"afterCommand\",\"rootDir\",\"specs\",\"suites\",\"exclude\",\"groupLogsByTestSpec\",\"excludeDriverLogs\",\"bail\",\"framework\",\"reporters\",\"services\",\"maxInstances\",\"maxInstancesPerCapability\",\"injectGlobals\",\"filesToWatch\",\"execArgv\",\"runnerEnv\",\"runner\",\"shard\",\"specFileRetries\",\"specFileRetriesDelay\",\"specFileRetriesDeferred\",\"reporterSyncInterval\",\"reporterSyncTimeout\",\"cucumberFeaturesWithLineNumbers\",\"autoCompileOpts\",\"mochaOpts\",\"jasmineOpts\",\"cucumberOpts\",\"onPrepare\",\"onWorkerStart\",\"onWorkerEnd\",\"before\",\"beforeSession\",\"beforeSuite\",\"beforeHook\",\"beforeTest\",\"afterTest\",\"afterHook\",\"afterSuite\",\"afterSession\",\"after\",\"onComplete\",\"beforeAssertion\",\"afterAssertion\",\"beforeFeature\",\"beforeScenario\",\"beforeStep\",\"afterStep\",\"afterScenario\",\"afterFeature\",\"_\",\"suite\",\"$0\",\"ignoredWorkerServices\",\"wdi5\"]"}]}
COMMAND: POST /session/999fc64afd1230ec64a2dd58c909e126/execute/async - {"script":"<script> [21126 bytes]","args":[35000]}
RESULT: {"script":"<script> [21126 bytes]","args":[35000]}
]]></system-out>
    </testcase>
  </testsuite>
  <testsuite timestamp="2025-05-06T06:09:29" time="898.705" tests="12" failures="0" errors="0" skipped="0">
    <properties>
      <property name="specId" value="0" />
      <property name="suiteName" value="Billing Transfer - Intracompany US127249" />
      <property name="capabilities" value="chrome.135_0_7049_96.windows" />
      <property name="file" value="file:///D:/a/1/s/test/specs/BTS/billing-transfer-intracompany.spec.js" />
    </properties>
    <testcase classname="chrome.135_0_7049_96.windows.Billing_Transfer_-_Intracompany_US127249" name="Should create a new yard" time="93.656">
      <system-out><![CDATA[
COMMAND: POST /session/999fc64afd1230ec64a2dd58c909e126/window/fullscreen - {}
RESULT: {}
COMMAND: POST /session/999fc64afd1230ec64a2dd58c909e126/execute/async - {"script":"<script> [1562 bytes]","args":[{"selector":{"controlType":"sap.m.GenericTile","properties":{"header":"Manage Yards"}},"wdio_ui5_key":"sapm.GenericTile{\"header\":\"Manage Yards\"}"}]}
RESULT: {"script":"<script> [1562 bytes]","args":[{"selector":{"controlType":"sap.m.GenericTile","properties":{"header":"Manage Yards"}},"wdio_ui5_key":"sapm.GenericTile{\"header\":\"Manage Yards\"}"}]}
RESULT: undefined
COMMAND: POST /session/999fc64afd1230ec64a2dd58c909e126/element - {"using":"xpath","value":"//*[@id=\"__tile41\"]"}
RESULT: {"using":"xpath","value":"//*[@id=\"__tile41\"]"}
COMMAND: POST /session/999fc64afd1230ec64a2dd58c909e126/element/f.8D00E63E7445179AA59B17F8E6C27F98.d.3D495EBAC500E6D685D27AE803A521D6.e.6586/click - {}
RESULT: {}
COMMAND: POST /session/999fc64afd1230ec64a2dd58c909e126/element - {"using":"xpath","value":"//button[@data-kt=\"addNewYardOverflowToolbarButton\"]"}
COMMAND: GET /session/999fc64afd1230ec64a2dd58c909e126/screenshot - {}
RESULT: {"using":"xpath","value":"//button[@data-kt=\"addNewYardOverflowToolbarButton\"]"}
COMMAND: POST /session/999fc64afd1230ec64a2dd58c909e126/elements - {"using":"xpath","value":"//button[@data-kt=\"addNewYardOverflowToolbarButton\"]"}
RESULT: {}
RESULT: {"using":"xpath","value":"//button[@data-kt=\"addNewYardOverflowToolbarButton\"]"}
COMMAND: POST /session/999fc64afd1230ec64a2dd58c909e126/elements - {"using":"xpath","value":"//button[@data-kt=\"addNewYardOverflowToolbarButton\"]"}
RESULT: {"using":"xpath","value":"//button[@data-kt=\"addNewYardOverflowToolbarButton\"]"}
COMMAND: POST /session/999fc64afd1230ec64a2dd58c909e126/elements - {"using":"xpath","value":"//button[@data-kt=\"addNewYardOverflowToolbarButton\"]"}
RESULT: {"using":"xpath","value":"//button[@data-kt=\"addNewYardOverflowToolbarButton\"]"}
COMMAND: POST /session/999fc64afd1230ec64a2dd58c909e126/elements - {"using":"xpath","value":"//button[@data-kt=\"addNewYardOverflowToolbarButton\"]"}
RESULT: {"using":"xpath","value":"//button[@data-kt=\"addNewYardOverflowToolbarButton\"]"}
COMMAND: POST /session/999fc64afd1230ec64a2dd58c909e126/elements - {"using":"xpath","value":"//button[@data-kt=\"addNewYardOverflowToolbarButton\"]"}
RESULT: {"using":"xpath","value":"//button[@data-kt=\"addNewYardOverflowToolbarButton\"]"}
COMMAND: POST /session/999fc64afd1230ec64a2dd58c909e126/elements - {"using":"xpath","value":"//button[@data-kt=\"addNewYardOverflowToolbarButton\"]"}
RESULT: {"using":"xpath","value":"//button[@data-kt=\"addNewYardOverflowToolbarButton\"]"}
COMMAND: POST /session/999fc64afd1230ec64a2dd58c909e126/elements - {"using":"xpath","value":"//button[@data-kt=\"addNewYardOverflowToolbarButton\"]"}
RESULT: {"using":"xpath","value":"//button[@data-kt=\"addNewYardOverflowToolbarButton\"]"}
COMMAND: POST /session/999fc64afd1230ec64a2dd58c909e126/elements - {"using":"xpath","value":"//button[@data-kt=\"addNewYardOverflowToolbarButton\"]"}
RESULT: {"using":"xpath","value":"//button[@data-kt=\"addNewYardOverflowToolbarButton\"]"}
COMMAND: POST /session/999fc64afd1230ec64a2dd58c909e126/elements - {"using":"xpath","value":"//button[@data-kt=\"addNewYardOverflowToolbarButton\"]"}
RESULT: {"using":"xpath","value":"//button[@data-kt=\"addNewYardOverflowToolbarButton\"]"}
COMMAND: POST /session/999fc64afd1230ec64a2dd58c909e126/elements - {"using":"xpath","value":"//button[@data-kt=\"addNewYardOverflowToolbarButton\"]"}
RESULT: {"using":"xpath","value":"//button[@data-kt=\"addNewYardOverflowToolbarButton\"]"}
COMMAND: POST /session/999fc64afd1230ec64a2dd58c909e126/elements - {"using":"xpath","value":"//button[@data-kt=\"addNewYardOverflowToolbarButton\"]"}
RESULT: {"using":"xpath","value":"//button[@data-kt=\"addNewYardOverflowToolbarButton\"]"}
COMMAND: POST /session/999fc64afd1230ec64a2dd58c909e126/elements - {"using":"xpath","value":"//button[@data-kt=\"addNewYardOverflowToolbarButton\"]"}
RESULT: {"using":"xpath","value":"//button[@data-kt=\"addNewYardOverflowToolbarButton\"]"}
COMMAND: POST /session/999fc64afd1230ec64a2dd58c909e126/elements - {"using":"xpath","value":"//button[@data-kt=\"addNewYardOverflowToolbarButton\"]"}
RESULT: {"using":"xpath","value":"//button[@data-kt=\"addNewYardOverflowToolbarButton\"]"}
COMMAND: POST /session/999fc64afd1230ec64a2dd58c909e126/element - {"using":"xpath","value":"//button[@data-kt=\"addNewYardOverflowToolbarButton\"]"}
RESULT: {"using":"xpath","value":"//button[@data-kt=\"addNewYardOverflowToolbarButton\"]"}
COMMAND: POST /session/999fc64afd1230ec64a2dd58c909e126/execute/sync - {"script":"<script> [8489 bytes]","args":[{"element-6066-11e4-a52e-4f735466cecf":"f.8D00E63E7445179AA59B17F8E6C27F98.d.3D495EBAC500E6D685D27AE803A521D6.e.6734","ELEMENT":"f.8D00E63E7445179AA59B17F8E6C27F98.d.3D495EBAC500E6D685D27AE803A521D6.e.6734"}]}
RESULT: {"script":"<script> [8489 bytes]","args":[{"element-6066-11e4-a52e-4f735466cecf":"f.8D00E63E7445179AA59B17F8E6C27F98.d.3D495EBAC500E6D685D27AE803A521D6.e.6734","ELEMENT":"f.8D00E63E7445179AA59B17F8E6C27F98.d.3D495EBAC500E6D685D27AE803A521D6.e.6734"}]}
COMMAND: GET /session/999fc64afd1230ec64a2dd58c909e126/element/f.8D00E63E7445179AA59B17F8E6C27F98.d.3D495EBAC500E6D685D27AE803A521D6.e.6734/enabled - {}
COMMAND: GET /session/999fc64afd1230ec64a2dd58c909e126/screenshot - {}
RESULT: {}
COMMAND: POST /session/999fc64afd1230ec64a2dd58c909e126/execute/sync - {"script":"<script> [8489 bytes]","args":[{"element-6066-11e4-a52e-4f735466cecf":"f.8D00E63E7445179AA59B17F8E6C27F98.d.3D495EBAC500E6D685D27AE803A521D6.e.6734","ELEMENT":"f.8D00E63E7445179AA59B17F8E6C27F98.d.3D495EBAC500E6D685D27AE803A521D6.e.6734"}]}
COMMAND: GET /session/999fc64afd1230ec64a2dd58c909e126/screenshot - {}
RESULT: {}
RESULT: {"script":"<script> [8489 bytes]","args":[{"element-6066-11e4-a52e-4f735466cecf":"f.8D00E63E7445179AA59B17F8E6C27F98.d.3D495EBAC500E6D685D27AE803A521D6.e.6734","ELEMENT":"f.8D00E63E7445179AA59B17F8E6C27F98.d.3D495EBAC500E6D685D27AE803A521D6.e.6734"}]}
COMMAND: POST /session/999fc64afd1230ec64a2dd58c909e126/execute/sync - {"script":"<script> [5351 bytes]","args":[{"element-6066-11e4-a52e-4f735466cecf":"f.8D00E63E7445179AA59B17F8E6C27F98.d.3D495EBAC500E6D685D27AE803A521D6.e.6734","ELEMENT":"f.8D00E63E7445179AA59B17F8E6C27F98.d.3D495EBAC500E6D685D27AE803A521D6.e.6734"}]}
COMMAND: GET /session/999fc64afd1230ec64a2dd58c909e126/screenshot - {}
RESULT: {}
RESULT: {"script":"<script> [5351 bytes]","args":[{"element-6066-11e4-a52e-4f735466cecf":"f.8D00E63E7445179AA59B17F8E6C27F98.d.3D495EBAC500E6D685D27AE803A521D6.e.6734","ELEMENT":"f.8D00E63E7445179AA59B17F8E6C27F98.d.3D495EBAC500E6D685D27AE803A521D6.e.6734"}]}
COMMAND: POST /session/999fc64afd1230ec64a2dd58c909e126/element/f.8D00E63E7445179AA59B17F8E6C27F98.d.3D495EBAC500E6D685D27AE803A521D6.e.6734/click - {}
COMMAND: GET /session/999fc64afd1230ec64a2dd58c909e126/screenshot - {}
RESULT: {}
RESULT: {}
COMMAND: GET /session/999fc64afd1230ec64a2dd58c909e126/screenshot - {}
RESULT: {}
RESULT: {}
COMMAND: POST /session/999fc64afd1230ec64a2dd58c909e126/element - {"using":"xpath","value":"//input[@id=\"application-manageyards-display-component---NewYard--yardId-inner\"]"}
RESULT: {"using":"xpath","value":"//input[@id=\"application-manageyards-display-component---NewYard--yardId-inner\"]"}
COMMAND: POST /session/999fc64afd1230ec64a2dd58c909e126/element - {"using":"xpath","value":"//input[@id=\"application-manageyards-display-component---NewYard--yardId-inner\"]"}
RESULT: {"using":"xpath","value":"//input[@id=\"application-manageyards-display-component---NewYard--yardId-inner\"]"}
COMMAND: POST /session/999fc64afd1230ec64a2dd58c909e126/execute/async - {"script":"<script> [1562 bytes]","args":[{"selector":{"id":"application-manageyards-display-component---NewYard--addressDetailDetailsName1","interaction":{"idSuffix":"inner"}},"wdio_ui5_key":"applicationmanageyards-display-component---NewYard--addressDetailDetailsName1"}]}
RESULT: {"script":"<script> [1562 bytes]","args":[{"selector":{"id":"application-manageyards-display-component---NewYard--addressDetailDetailsName1","interaction":{"idSuffix":"inner"}},"wdio_ui5_key":"applicationmanageyards-display-component---NewYard--addressDetailDetailsName1"}]}
RESULT: undefined
COMMAND: POST /session/999fc64afd1230ec64a2dd58c909e126/execute/async - {"script":"<script> [776 bytes]","args":[{"enterText":"Intracompany Yard wdIO","selector":{"id":"application-manageyards-display-component---NewYard--addressDetailDetailsName1","interaction":{"idSuffix":"inner"}},"clearTextFirst":true,"interactionType":"ENTER_TEXT"}]}
RESULT: {"script":"<script> [776 bytes]","args":[{"enterText":"Intracompany Yard wdIO","selector":{"id":"application-manageyards-display-component---NewYard--addressDetailDetailsName1","interaction":{"idSuffix":"inner"}},"clearTextFirst":true,"interactionType":"ENTER_TEXT"}]}
COMMAND: POST /session/999fc64afd1230ec64a2dd58c909e126/execute/async - {"script":"<script> [1562 bytes]","args":[{"selector":{"id":"application-manageyards-display-component---NewYard--addressDetailDetailsLanguage-arrow"},"wdio_ui5_key":"applicationmanageyards-display-component---NewYard--addressDetailDetailsLanguage-arrow"}]}
RESULT: {"script":"<script> [1562 bytes]","args":[{"selector":{"id":"application-manageyards-display-component---NewYard--addressDetailDetailsLanguage-arrow"},"wdio_ui5_key":"applicationmanageyards-display-component---NewYard--addressDetailDetailsLanguage-arrow"}]}
RESULT: undefined
COMMAND: POST /session/999fc64afd1230ec64a2dd58c909e126/element - {"using":"xpath","value":"//*[@id=\"application-manageyards-display-component---NewYard--addressDetailDetailsLanguage-arrow\"]"}
RESULT: {"using":"xpath","value":"//*[@id=\"application-manageyards-display-component---NewYard--addressDetailDetailsLanguage-arrow\"]"}
COMMAND: POST /session/999fc64afd1230ec64a2dd58c909e126/element/f.8D00E63E7445179AA59B17F8E6C27F98.d.3D495EBAC500E6D685D27AE803A521D6.e.7160/click - {}
RESULT: {}
COMMAND: POST /session/999fc64afd1230ec64a2dd58c909e126/element - {"using":"xpath","value":"//span[contains(text(), \"English\")]"}
COMMAND: GET /session/999fc64afd1230ec64a2dd58c909e126/screenshot - {}
RESULT: {"using":"xpath","value":"//span[contains(text(), \"English\")]"}
COMMAND: POST /session/999fc64afd1230ec64a2dd58c909e126/element/f.8D00E63E7445179AA59B17F8E6C27F98.d.3D495EBAC500E6D685D27AE803A521D6.e.7161/click - {}
RESULT: {}
RESULT: {}
COMMAND: POST /session/999fc64afd1230ec64a2dd58c909e126/execute/async - {"script":"<script> [1562 bytes]","args":[{"selector":{"id":"application-manageyards-display-component---NewYard--addressDetailDetailsCity1","interaction":{"idSuffix":"inner"}},"wdio_ui5_key":"applicationmanageyards-display-component---NewYard--addressDetailDetailsCity1"}]}
COMMAND: GET /session/999fc64afd1230ec64a2dd58c909e126/screenshot - {}
RESULT: {"script":"<script> [1562 bytes]","args":[{"selector":{"id":"application-manageyards-display-component---NewYard--addressDetailDetailsCity1","interaction":{"idSuffix":"inner"}},"wdio_ui5_key":"applicationmanageyards-display-component---NewYard--addressDetailDetailsCity1"}]}
RESULT: undefined
COMMAND: POST /session/999fc64afd1230ec64a2dd58c909e126/execute/async - {"script":"<script> [776 bytes]","args":[{"enterText":"Rosario","selector":{"id":"application-manageyards-display-component---NewYard--addressDetailDetailsCity1","interaction":{"idSuffix":"inner"}},"clearTextFirst":true,"interactionType":"ENTER_TEXT"}]}
RESULT: {}
RESULT: {"script":"<script> [776 bytes]","args":[{"enterText":"Rosario","selector":{"id":"application-manageyards-display-component---NewYard--addressDetailDetailsCity1","interaction":{"idSuffix":"inner"}},"clearTextFirst":true,"interactionType":"ENTER_TEXT"}]}
COMMAND: POST /session/999fc64afd1230ec64a2dd58c909e126/execute/async - {"script":"<script> [1562 bytes]","args":[{"selector":{"id":"application-manageyards-display-component---NewYard--addressDetailDetailsCountry-arrow"},"wdio_ui5_key":"applicationmanageyards-display-component---NewYard--addressDetailDetailsCountry-arrow"}]}
RESULT: {"script":"<script> [1562 bytes]","args":[{"selector":{"id":"application-manageyards-display-component---NewYard--addressDetailDetailsCountry-arrow"},"wdio_ui5_key":"applicationmanageyards-display-component---NewYard--addressDetailDetailsCountry-arrow"}]}
RESULT: undefined
COMMAND: POST /session/999fc64afd1230ec64a2dd58c909e126/element - {"using":"xpath","value":"//*[@id=\"application-manageyards-display-component---NewYard--addressDetailDetailsCountry-arrow\"]"}
RESULT: {"using":"xpath","value":"//*[@id=\"application-manageyards-display-component---NewYard--addressDetailDetailsCountry-arrow\"]"}
COMMAND: POST /session/999fc64afd1230ec64a2dd58c909e126/element/f.8D00E63E7445179AA59B17F8E6C27F98.d.3D495EBAC500E6D685D27AE803A521D6.e.7163/click - {}
RESULT: {}
COMMAND: POST /session/999fc64afd1230ec64a2dd58c909e126/element - {"using":"xpath","value":"//span[contains(text(), \"Argentina\")]"}
COMMAND: GET /session/999fc64afd1230ec64a2dd58c909e126/screenshot - {}
RESULT: {}
RESULT: {"using":"xpath","value":"//span[contains(text(), \"Argentina\")]"}
COMMAND: POST /session/999fc64afd1230ec64a2dd58c909e126/element/f.8D00E63E7445179AA59B17F8E6C27F98.d.3D495EBAC500E6D685D27AE803A521D6.e.7165/click - {}
RESULT: {}
COMMAND: POST /session/999fc64afd1230ec64a2dd58c909e126/execute/async - {"script":"<script> [1562 bytes]","args":[{"selector":{"id":"application-manageyards-display-component---NewYard--addressEditDetailsCostObjectCstType-arrow"},"wdio_ui5_key":"applicationmanageyards-display-component---NewYard--addressEditDetailsCostObjectCstType-arrow"}]}
COMMAND: GET /session/999fc64afd1230ec64a2dd58c909e126/screenshot - {}
RESULT: {"script":"<script> [1562 bytes]","args":[{"selector":{"id":"application-manageyards-display-component---NewYard--addressEditDetailsCostObjectCstType-arrow"},"wdio_ui5_key":"applicationmanageyards-display-component---NewYard--addressEditDetailsCostObjectCstType-arrow"}]}
RESULT: undefined
COMMAND: POST /session/999fc64afd1230ec64a2dd58c909e126/element - {"using":"xpath","value":"//*[@id=\"application-manageyards-display-component---NewYard--addressEditDetailsCostObjectCstType-arrow\"]"}
RESULT: {}
RESULT: {"using":"xpath","value":"//*[@id=\"application-manageyards-display-component---NewYard--addressEditDetailsCostObjectCstType-arrow\"]"}
COMMAND: POST /session/999fc64afd1230ec64a2dd58c909e126/element/f.8D00E63E7445179AA59B17F8E6C27F98.d.3D495EBAC500E6D685D27AE803A521D6.e.7166/click - {}
RESULT: {}
COMMAND: POST /session/999fc64afd1230ec64a2dd58c909e126/element - {"using":"xpath","value":"//span[contains(text(), \"Cost Center\")]"}
COMMAND: GET /session/999fc64afd1230ec64a2dd58c909e126/screenshot - {}
RESULT: {"using":"xpath","value":"//span[contains(text(), \"Cost Center\")]"}
COMMAND: POST /session/999fc64afd1230ec64a2dd58c909e126/element/f.8D00E63E7445179AA59B17F8E6C27F98.d.3D495EBAC500E6D685D27AE803A521D6.e.7167/click - {}
RESULT: {}
RESULT: {}
COMMAND: GET /session/999fc64afd1230ec64a2dd58c909e126/screenshot - {}
RESULT: {}
COMMAND: POST /session/999fc64afd1230ec64a2dd58c909e126/element - {"using":"xpath","value":"//span[@id=\"application-manageyards-display-component---NewYard--addressNewCostObjectCstID-vhi\"]"}
RESULT: {"using":"xpath","value":"//span[@id=\"application-manageyards-display-component---NewYard--addressNewCostObjectCstID-vhi\"]"}
COMMAND: POST /session/999fc64afd1230ec64a2dd58c909e126/execute/sync - {"script":"<script> [8489 bytes]","args":[{"element-6066-11e4-a52e-4f735466cecf":"f.8D00E63E7445179AA59B17F8E6C27F98.d.3D495EBAC500E6D685D27AE803A521D6.e.7171","ELEMENT":"f.8D00E63E7445179AA59B17F8E6C27F98.d.3D495EBAC500E6D685D27AE803A521D6.e.7171"}]}
RESULT: {"script":"<script> [8489 bytes]","args":[{"element-6066-11e4-a52e-4f735466cecf":"f.8D00E63E7445179AA59B17F8E6C27F98.d.3D495EBAC500E6D685D27AE803A521D6.e.7171","ELEMENT":"f.8D00E63E7445179AA59B17F8E6C27F98.d.3D495EBAC500E6D685D27AE803A521D6.e.7171"}]}
COMMAND: POST /session/999fc64afd1230ec64a2dd58c909e126/execute/async - {"script":"<script> [1562 bytes]","args":[{"selector":{"id":"application-manageyards-display-component---NewYard--addressNewCostObjectCstID-vhi"},"wdio_ui5_key":"applicationmanageyards-display-component---NewYard--addressNewCostObjectCstID-vhi"}]}
COMMAND: GET /session/999fc64afd1230ec64a2dd58c909e126/screenshot - {}
RESULT: {"script":"<script> [1562 bytes]","args":[{"selector":{"id":"application-manageyards-display-component---NewYard--addressNewCostObjectCstID-vhi"},"wdio_ui5_key":"applicationmanageyards-display-component---NewYard--addressNewCostObjectCstID-vhi"}]}
RESULT: undefined
COMMAND: POST /session/999fc64afd1230ec64a2dd58c909e126/element - {"using":"xpath","value":"//*[@id=\"application-manageyards-display-component---NewYard--addressNewCostObjectCstID-vhi\"]"}
RESULT: {}
RESULT: {"using":"xpath","value":"//*[@id=\"application-manageyards-display-component---NewYard--addressNewCostObjectCstID-vhi\"]"}
COMMAND: POST /session/999fc64afd1230ec64a2dd58c909e126/element/f.8D00E63E7445179AA59B17F8E6C27F98.d.3D495EBAC500E6D685D27AE803A521D6.e.7171/click - {}
RESULT: {}
COMMAND: GET /session/999fc64afd1230ec64a2dd58c909e126/screenshot - {}
RESULT: {}
COMMAND: POST /session/999fc64afd1230ec64a2dd58c909e126/execute/async - {"script":"<script> [1562 bytes]","args":[{"selector":{"controlType":"sap.m.SearchField","properties":{"placeholder":"Search"},"searchOpenDialogs":true,"interaction":{"idSuffix":"I"}},"wdio_ui5_key":"sapm.SearchField{\"placeholder\":\"Search\"}"}]}
RESULT: {"script":"<script> [1562 bytes]","args":[{"selector":{"controlType":"sap.m.SearchField","properties":{"placeholder":"Search"},"searchOpenDialogs":true,"interaction":{"idSuffix":"I"}},"wdio_ui5_key":"sapm.SearchField{\"placeholder\":\"Search\"}"}]}
RESULT: undefined
COMMAND: POST /session/999fc64afd1230ec64a2dd58c909e126/execute/async - {"script":"<script> [776 bytes]","args":[{"enterText":"10001013","selector":{"controlType":"sap.m.SearchField","properties":{"placeholder":"Search"},"searchOpenDialogs":true,"interaction":{"idSuffix":"I"}},"clearTextFirst":true,"interactionType":"ENTER_TEXT"}]}
RESULT: {"script":"<script> [776 bytes]","args":[{"enterText":"10001013","selector":{"controlType":"sap.m.SearchField","properties":{"placeholder":"Search"},"searchOpenDialogs":true,"interaction":{"idSuffix":"I"}},"clearTextFirst":true,"interactionType":"ENTER_TEXT"}]}
COMMAND: POST /session/999fc64afd1230ec64a2dd58c909e126/actions - {"actions":[{"id":"action23","type":"key","parameters":{},"actions":[{"type":"keyDown","value":"î€‡"},{"type":"pause","duration":10},{"type":"keyUp","value":"î€‡"}]}]}
RESULT: {"actions":[{"id":"action23","type":"key","parameters":{},"actions":[{"type":"keyDown","value":"î€‡"},{"type":"pause","duration":10},{"type":"keyUp","value":"î€‡"}]}]}
COMMAND: GET /session/999fc64afd1230ec64a2dd58c909e126/screenshot - {}
RESULT: {}
COMMAND: POST /session/999fc64afd1230ec64a2dd58c909e126/element - {"using":"xpath","value":"//span[contains(text(), \"General Management\")]"}
RESULT: {"using":"xpath","value":"//span[contains(text(), \"General Management\")]"}
COMMAND: POST /session/999fc64afd1230ec64a2dd58c909e126/element/f.8D00E63E7445179AA59B17F8E6C27F98.d.3D495EBAC500E6D685D27AE803A521D6.e.7212/click - {}
RESULT: {}
COMMAND: GET /session/999fc64afd1230ec64a2dd58c909e126/screenshot - {}
RESULT: {}
COMMAND: POST /session/999fc64afd1230ec64a2dd58c909e126/element - {"using":"xpath","value":"//bdi[contains(text(), \"OK\")]"}
RESULT: {"using":"xpath","value":"//bdi[contains(text(), \"OK\")]"}
COMMAND: POST /session/999fc64afd1230ec64a2dd58c909e126/element/f.8D00E63E7445179AA59B17F8E6C27F98.d.3D495EBAC500E6D685D27AE803A521D6.e.7213/click - {}
RESULT: {}
COMMAND: GET /session/999fc64afd1230ec64a2dd58c909e126/screenshot - {}
RESULT: {}
COMMAND: POST /session/999fc64afd1230ec64a2dd58c909e126/execute/async - {"script":"<script> [1562 bytes]","args":[{"selector":{"id":"application-manageyards-display-component---NewYard--addressEditDetailsCurrency-arrow"},"wdio_ui5_key":"applicationmanageyards-display-component---NewYard--addressEditDetailsCurrency-arrow"}]}
RESULT: {"script":"<script> [1562 bytes]","args":[{"selector":{"id":"application-manageyards-display-component---NewYard--addressEditDetailsCurrency-arrow"},"wdio_ui5_key":"applicationmanageyards-display-component---NewYard--addressEditDetailsCurrency-arrow"}]}
RESULT: undefined
COMMAND: POST /session/999fc64afd1230ec64a2dd58c909e126/element - {"using":"xpath","value":"//*[@id=\"application-manageyards-display-component---NewYard--addressEditDetailsCurrency-arrow\"]"}
RESULT: {"using":"xpath","value":"//*[@id=\"application-manageyards-display-component---NewYard--addressEditDetailsCurrency-arrow\"]"}
COMMAND: POST /session/999fc64afd1230ec64a2dd58c909e126/element/f.8D00E63E7445179AA59B17F8E6C27F98.d.3D495EBAC500E6D685D27AE803A521D6.e.7216/click - {}
RESULT: {}
COMMAND: POST /session/999fc64afd1230ec64a2dd58c909e126/element - {"using":"xpath","value":"//span[contains(text(), \"Euro\")]"}
COMMAND: GET /session/999fc64afd1230ec64a2dd58c909e126/screenshot - {}
RESULT: {"using":"xpath","value":"//span[contains(text(), \"Euro\")]"}
COMMAND: POST /session/999fc64afd1230ec64a2dd58c909e126/element/f.8D00E63E7445179AA59B17F8E6C27F98.d.3D495EBAC500E6D685D27AE803A521D6.e.7217/click - {}
RESULT: {}
RESULT: {}
COMMAND: POST /session/999fc64afd1230ec64a2dd58c909e126/execute/async - {"script":"<script> [1562 bytes]","args":[{"selector":{"controlType":"sap.m.Input","viewName":"etm.portal.ui.manageyards.view.New","viewId":"application-manageyards-display-component---NewYard","bindingPath":{"path":"","propertyPath":"/CONTROLLING_AREA","modelName":"NewYardModel"},"interaction":{"idSuffix":"inner"}},"wdio_ui5_key":"etmportal.ui.manageyards.view.Newsap.m.Input{\"path\":\"\",\"propertyPath\":\"/CONTROLLING_AREA\",\"modelName\":\"NewYardModel\"}"}]}
COMMAND: GET /session/999fc64afd1230ec64a2dd58c909e126/screenshot - {}
RESULT: {"script":"<script> [1562 bytes]","args":[{"selector":{"controlType":"sap.m.Input","viewName":"etm.portal.ui.manageyards.view.New","viewId":"application-manageyards-display-component---NewYard","bindingPath":{"path":"","propertyPath":"/CONTROLLING_AREA","modelName":"NewYardModel"},"interaction":{"idSuffix":"inner"}},"wdio_ui5_key":"etmportal.ui.manageyards.view.Newsap.m.Input{\"path\":\"\",\"propertyPath\":\"/CONTROLLING_AREA\",\"modelName\":\"NewYardModel\"}"}]}
RESULT: undefined
COMMAND: POST /session/999fc64afd1230ec64a2dd58c909e126/execute/async - {"script":"<script> [776 bytes]","args":[{"enterText":"Z001","selector":{"controlType":"sap.m.Input","viewName":"etm.portal.ui.manageyards.view.New","viewId":"application-manageyards-display-component---NewYard","bindingPath":{"path":"","propertyPath":"/CONTROLLING_AREA","modelName":"NewYardModel"},"interaction":{"idSuffix":"inner"}},"clearTextFirst":true,"interactionType":"ENTER_TEXT"}]}
RESULT: {}
RESULT: {"script":"<script> [776 bytes]","args":[{"enterText":"Z001","selector":{"controlType":"sap.m.Input","viewName":"etm.portal.ui.manageyards.view.New","viewId":"application-manageyards-display-component---NewYard","bindingPath":{"path":"","propertyPath":"/CONTROLLING_AREA","modelName":"NewYardModel"},"interaction":{"idSuffix":"inner"}},"clearTextFirst":true,"interactionType":"ENTER_TEXT"}]}
COMMAND: POST /session/999fc64afd1230ec64a2dd58c909e126/execute/async - {"script":"<script> [1562 bytes]","args":[{"selector":{"id":"application-manageyards-display-component---NewYard--companyCodeComboBox","interaction":{"idSuffix":"inner"}},"wdio_ui5_key":"applicationmanageyards-display-component---NewYard--companyCodeComboBox"}]}
RESULT: {"script":"<script> [1562 bytes]","args":[{"selector":{"id":"application-manageyards-display-component---NewYard--companyCodeComboBox","interaction":{"idSuffix":"inner"}},"wdio_ui5_key":"applicationmanageyards-display-component---NewYard--companyCodeComboBox"}]}
RESULT: undefined
COMMAND: POST /session/999fc64afd1230ec64a2dd58c909e126/execute/async - {"script":"<script> [776 bytes]","args":[{"enterText":"1000","selector":{"id":"application-manageyards-display-component---NewYard--companyCodeComboBox","interaction":{"idSuffix":"inner"}},"clearTextFirst":true,"interactionType":"ENTER_TEXT"}]}
RESULT: {"script":"<script> [776 bytes]","args":[{"enterText":"1000","selector":{"id":"application-manageyards-display-component---NewYard--companyCodeComboBox","interaction":{"idSuffix":"inner"}},"clearTextFirst":true,"interactionType":"ENTER_TEXT"}]}
COMMAND: POST /session/999fc64afd1230ec64a2dd58c909e126/execute/async - {"script":"<script> [1562 bytes]","args":[{"selector":{"controlType":"sap.m.Input","viewName":"etm.portal.ui.manageyards.view.New","viewId":"application-manageyards-display-component---NewYard","bindingPath":{"path":"","propertyPath":"/PLANT","modelName":"NewYardModel"},"interaction":{"idSuffix":"inner"}},"wdio_ui5_key":"etmportal.ui.manageyards.view.Newsap.m.Input{\"path\":\"\",\"propertyPath\":\"/PLANT\",\"modelName\":\"NewYardModel\"}"}]}
RESULT: {"script":"<script> [1562 bytes]","args":[{"selector":{"controlType":"sap.m.Input","viewName":"etm.portal.ui.manageyards.view.New","viewId":"application-manageyards-display-component---NewYard","bindingPath":{"path":"","propertyPath":"/PLANT","modelName":"NewYardModel"},"interaction":{"idSuffix":"inner"}},"wdio_ui5_key":"etmportal.ui.manageyards.view.Newsap.m.Input{\"path\":\"\",\"propertyPath\":\"/PLANT\",\"modelName\":\"NewYardModel\"}"}]}
RESULT: undefined
COMMAND: POST /session/999fc64afd1230ec64a2dd58c909e126/execute/async - {"script":"<script> [776 bytes]","args":[{"enterText":"1001","selector":{"controlType":"sap.m.Input","viewName":"etm.portal.ui.manageyards.view.New","viewId":"application-manageyards-display-component---NewYard","bindingPath":{"path":"","propertyPath":"/PLANT","modelName":"NewYardModel"},"interaction":{"idSuffix":"inner"}},"clearTextFirst":true,"interactionType":"ENTER_TEXT"}]}
RESULT: {"script":"<script> [776 bytes]","args":[{"enterText":"1001","selector":{"controlType":"sap.m.Input","viewName":"etm.portal.ui.manageyards.view.New","viewId":"application-manageyards-display-component---NewYard","bindingPath":{"path":"","propertyPath":"/PLANT","modelName":"NewYardModel"},"interaction":{"idSuffix":"inner"}},"clearTextFirst":true,"interactionType":"ENTER_TEXT"}]}
COMMAND: POST /session/999fc64afd1230ec64a2dd58c909e126/execute/async - {"script":"<script> [1562 bytes]","args":[{"selector":{"controlType":"sap.m.Input","viewName":"etm.portal.ui.manageyards.view.New","viewId":"application-manageyards-display-component---NewYard","bindingPath":{"path":"","propertyPath":"/SALES_AREA_VKORG","modelName":"NewYardModel"},"interaction":{"idSuffix":"inner"}},"wdio_ui5_key":"etmportal.ui.manageyards.view.Newsap.m.Input{\"path\":\"\",\"propertyPath\":\"/SALES_AREA_VKORG\",\"modelName\":\"NewYardModel\"}"}]}
RESULT: {"script":"<script> [1562 bytes]","args":[{"selector":{"controlType":"sap.m.Input","viewName":"etm.portal.ui.manageyards.view.New","viewId":"application-manageyards-display-component---NewYard","bindingPath":{"path":"","propertyPath":"/SALES_AREA_VKORG","modelName":"NewYardModel"},"interaction":{"idSuffix":"inner"}},"wdio_ui5_key":"etmportal.ui.manageyards.view.Newsap.m.Input{\"path\":\"\",\"propertyPath\":\"/SALES_AREA_VKORG\",\"modelName\":\"NewYardModel\"}"}]}
RESULT: undefined
COMMAND: POST /session/999fc64afd1230ec64a2dd58c909e126/execute/async - {"script":"<script> [776 bytes]","args":[{"enterText":"C002","selector":{"controlType":"sap.m.Input","viewName":"etm.portal.ui.manageyards.view.New","viewId":"application-manageyards-display-component---NewYard","bindingPath":{"path":"","propertyPath":"/SALES_AREA_VKORG","modelName":"NewYardModel"},"interaction":{"idSuffix":"inner"}},"clearTextFirst":true,"interactionType":"ENTER_TEXT"}]}
RESULT: {"script":"<script> [776 bytes]","args":[{"enterText":"C002","selector":{"controlType":"sap.m.Input","viewName":"etm.portal.ui.manageyards.view.New","viewId":"application-manageyards-display-component---NewYard","bindingPath":{"path":"","propertyPath":"/SALES_AREA_VKORG","modelName":"NewYardModel"},"interaction":{"idSuffix":"inner"}},"clearTextFirst":true,"interactionType":"ENTER_TEXT"}]}
COMMAND: POST /session/999fc64afd1230ec64a2dd58c909e126/execute/async - {"script":"<script> [1562 bytes]","args":[{"selector":{"controlType":"sap.m.Input","viewName":"etm.portal.ui.manageyards.view.New","viewId":"application-manageyards-display-component---NewYard","bindingPath":{"path":"","propertyPath":"/SALES_AREA_VTWEG","modelName":"NewYardModel"},"interaction":{"idSuffix":"inner"}},"wdio_ui5_key":"etmportal.ui.manageyards.view.Newsap.m.Input{\"path\":\"\",\"propertyPath\":\"/SALES_AREA_VTWEG\",\"modelName\":\"NewYardModel\"}"}]}
RESULT: {"script":"<script> [1562 bytes]","args":[{"selector":{"controlType":"sap.m.Input","viewName":"etm.portal.ui.manageyards.view.New","viewId":"application-manageyards-display-component---NewYard","bindingPath":{"path":"","propertyPath":"/SALES_AREA_VTWEG","modelName":"NewYardModel"},"interaction":{"idSuffix":"inner"}},"wdio_ui5_key":"etmportal.ui.manageyards.view.Newsap.m.Input{\"path\":\"\",\"propertyPath\":\"/SALES_AREA_VTWEG\",\"modelName\":\"NewYardModel\"}"}]}
RESULT: undefined
COMMAND: POST /session/999fc64afd1230ec64a2dd58c909e126/execute/async - {"script":"<script> [776 bytes]","args":[{"enterText":"C2","selector":{"controlType":"sap.m.Input","viewName":"etm.portal.ui.manageyards.view.New","viewId":"application-manageyards-display-component---NewYard","bindingPath":{"path":"","propertyPath":"/SALES_AREA_VTWEG","modelName":"NewYardModel"},"interaction":{"idSuffix":"inner"}},"clearTextFirst":true,"interactionType":"ENTER_TEXT"}]}
RESULT: {"script":"<script> [776 bytes]","args":[{"enterText":"C2","selector":{"controlType":"sap.m.Input","viewName":"etm.portal.ui.manageyards.view.New","viewId":"application-manageyards-display-component---NewYard","bindingPath":{"path":"","propertyPath":"/SALES_AREA_VTWEG","modelName":"NewYardModel"},"interaction":{"idSuffix":"inner"}},"clearTextFirst":true,"interactionType":"ENTER_TEXT"}]}
COMMAND: POST /session/999fc64afd1230ec64a2dd58c909e126/execute/async - {"script":"<script> [1562 bytes]","args":[{"selector":{"controlType":"sap.m.Input","viewName":"etm.portal.ui.manageyards.view.New","viewId":"application-manageyards-display-component---NewYard","bindingPath":{"path":"","propertyPath":"/SALES_AREA_SPART","modelName":"NewYardModel"},"interaction":{"idSuffix":"inner"}},"wdio_ui5_key":"etmportal.ui.manageyards.view.Newsap.m.Input{\"path\":\"\",\"propertyPath\":\"/SALES_AREA_SPART\",\"modelName\":\"NewYardModel\"}"}]}
RESULT: {"script":"<script> [1562 bytes]","args":[{"selector":{"controlType":"sap.m.Input","viewName":"etm.portal.ui.manageyards.view.New","viewId":"application-manageyards-display-component---NewYard","bindingPath":{"path":"","propertyPath":"/SALES_AREA_SPART","modelName":"NewYardModel"},"interaction":{"idSuffix":"inner"}},"wdio_ui5_key":"etmportal.ui.manageyards.view.Newsap.m.Input{\"path\":\"\",\"propertyPath\":\"/SALES_AREA_SPART\",\"modelName\":\"NewYardModel\"}"}]}
RESULT: undefined
COMMAND: POST /session/999fc64afd1230ec64a2dd58c909e126/execute/async - {"script":"<script> [776 bytes]","args":[{"enterText":"C2","selector":{"controlType":"sap.m.Input","viewName":"etm.portal.ui.manageyards.view.New","viewId":"application-manageyards-display-component---NewYard","bindingPath":{"path":"","propertyPath":"/SALES_AREA_SPART","modelName":"NewYardModel"},"interaction":{"idSuffix":"inner"}},"clearTextFirst":true,"interactionType":"ENTER_TEXT"}]}
RESULT: {"script":"<script> [776 bytes]","args":[{"enterText":"C2","selector":{"controlType":"sap.m.Input","viewName":"etm.portal.ui.manageyards.view.New","viewId":"application-manageyards-display-component---NewYard","bindingPath":{"path":"","propertyPath":"/SALES_AREA_SPART","modelName":"NewYardModel"},"interaction":{"idSuffix":"inner"}},"clearTextFirst":true,"interactionType":"ENTER_TEXT"}]}
COMMAND: POST /session/999fc64afd1230ec64a2dd58c909e126/execute/async - {"script":"<script> [1562 bytes]","args":[{"selector":{"controlType":"sap.m.Input","viewName":"etm.portal.ui.manageyards.view.New","viewId":"application-manageyards-display-component---NewYard","bindingPath":{"path":"","propertyPath":"/SHIP_POINT","modelName":"NewYardModel"},"interaction":{"idSuffix":"inner"}},"wdio_ui5_key":"etmportal.ui.manageyards.view.Newsap.m.Input{\"path\":\"\",\"propertyPath\":\"/SHIP_POINT\",\"modelName\":\"NewYardModel\"}"}]}
RESULT: {"script":"<script> [1562 bytes]","args":[{"selector":{"controlType":"sap.m.Input","viewName":"etm.portal.ui.manageyards.view.New","viewId":"application-manageyards-display-component---NewYard","bindingPath":{"path":"","propertyPath":"/SHIP_POINT","modelName":"NewYardModel"},"interaction":{"idSuffix":"inner"}},"wdio_ui5_key":"etmportal.ui.manageyards.view.Newsap.m.Input{\"path\":\"\",\"propertyPath\":\"/SHIP_POINT\",\"modelName\":\"NewYardModel\"}"}]}
RESULT: undefined
COMMAND: POST /session/999fc64afd1230ec64a2dd58c909e126/execute/async - {"script":"<script> [776 bytes]","args":[{"enterText":"1710","selector":{"controlType":"sap.m.Input","viewName":"etm.portal.ui.manageyards.view.New","viewId":"application-manageyards-display-component---NewYard","bindingPath":{"path":"","propertyPath":"/SHIP_POINT","modelName":"NewYardModel"},"interaction":{"idSuffix":"inner"}},"clearTextFirst":true,"interactionType":"ENTER_TEXT"}]}
RESULT: {"script":"<script> [776 bytes]","args":[{"enterText":"1710","selector":{"controlType":"sap.m.Input","viewName":"etm.portal.ui.manageyards.view.New","viewId":"application-manageyards-display-component---NewYard","bindingPath":{"path":"","propertyPath":"/SHIP_POINT","modelName":"NewYardModel"},"interaction":{"idSuffix":"inner"}},"clearTextFirst":true,"interactionType":"ENTER_TEXT"}]}
COMMAND: POST /session/999fc64afd1230ec64a2dd58c909e126/execute/async - {"script":"<script> [1562 bytes]","args":[{"selector":{"controlType":"sap.m.Input","viewName":"etm.portal.ui.manageyards.view.New","viewId":"application-manageyards-display-component---NewYard","bindingPath":{"path":"","propertyPath":"/DELIVERY_TYPE","modelName":"NewYardModel"},"interaction":{"idSuffix":"inner"}},"wdio_ui5_key":"etmportal.ui.manageyards.view.Newsap.m.Input{\"path\":\"\",\"propertyPath\":\"/DELIVERY_TYPE\",\"modelName\":\"NewYardModel\"}"}]}
RESULT: {"script":"<script> [1562 bytes]","args":[{"selector":{"controlType":"sap.m.Input","viewName":"etm.portal.ui.manageyards.view.New","viewId":"application-manageyards-display-component---NewYard","bindingPath":{"path":"","propertyPath":"/DELIVERY_TYPE","modelName":"NewYardModel"},"interaction":{"idSuffix":"inner"}},"wdio_ui5_key":"etmportal.ui.manageyards.view.Newsap.m.Input{\"path\":\"\",\"propertyPath\":\"/DELIVERY_TYPE\",\"modelName\":\"NewYardModel\"}"}]}
RESULT: undefined
COMMAND: POST /session/999fc64afd1230ec64a2dd58c909e126/execute/async - {"script":"<script> [776 bytes]","args":[{"enterText":"ZL01","selector":{"controlType":"sap.m.Input","viewName":"etm.portal.ui.manageyards.view.New","viewId":"application-manageyards-display-component---NewYard","bindingPath":{"path":"","propertyPath":"/DELIVERY_TYPE","modelName":"NewYardModel"},"interaction":{"idSuffix":"inner"}},"clearTextFirst":true,"interactionType":"ENTER_TEXT"}]}
RESULT: {"script":"<script> [776 bytes]","args":[{"enterText":"ZL01","selector":{"controlType":"sap.m.Input","viewName":"etm.portal.ui.manageyards.view.New","viewId":"application-manageyards-display-component---NewYard","bindingPath":{"path":"","propertyPath":"/DELIVERY_TYPE","modelName":"NewYardModel"},"interaction":{"idSuffix":"inner"}},"clearTextFirst":true,"interactionType":"ENTER_TEXT"}]}
COMMAND: POST /session/999fc64afd1230ec64a2dd58c909e126/execute/async - {"script":"<script> [1562 bytes]","args":[{"selector":{"controlType":"sap.m.Input","viewName":"etm.portal.ui.manageyards.view.New","viewId":"application-manageyards-display-component---NewYard","bindingPath":{"path":"","propertyPath":"/AUART","modelName":"NewYardModel"},"interaction":{"idSuffix":"inner"}},"wdio_ui5_key":"etmportal.ui.manageyards.view.Newsap.m.Input{\"path\":\"\",\"propertyPath\":\"/AUART\",\"modelName\":\"NewYardModel\"}"}]}
RESULT: {"script":"<script> [1562 bytes]","args":[{"selector":{"controlType":"sap.m.Input","viewName":"etm.portal.ui.manageyards.view.New","viewId":"application-manageyards-display-component---NewYard","bindingPath":{"path":"","propertyPath":"/AUART","modelName":"NewYardModel"},"interaction":{"idSuffix":"inner"}},"wdio_ui5_key":"etmportal.ui.manageyards.view.Newsap.m.Input{\"path\":\"\",\"propertyPath\":\"/AUART\",\"modelName\":\"NewYardModel\"}"}]}
RESULT: undefined
COMMAND: POST /session/999fc64afd1230ec64a2dd58c909e126/execute/async - {"script":"<script> [776 bytes]","args":[{"enterText":"TA","selector":{"controlType":"sap.m.Input","viewName":"etm.portal.ui.manageyards.view.New","viewId":"application-manageyards-display-component---NewYard","bindingPath":{"path":"","propertyPath":"/AUART","modelName":"NewYardModel"},"interaction":{"idSuffix":"inner"}},"clearTextFirst":true,"interactionType":"ENTER_TEXT"}]}
RESULT: {"script":"<script> [776 bytes]","args":[{"enterText":"TA","selector":{"controlType":"sap.m.Input","viewName":"etm.portal.ui.manageyards.view.New","viewId":"application-manageyards-display-component---NewYard","bindingPath":{"path":"","propertyPath":"/AUART","modelName":"NewYardModel"},"interaction":{"idSuffix":"inner"}},"clearTextFirst":true,"interactionType":"ENTER_TEXT"}]}
COMMAND: POST /session/999fc64afd1230ec64a2dd58c909e126/element - {"using":"xpath","value":"//button[@data-kt=\"newYardSaveButton\"]"}
RESULT: {"using":"xpath","value":"//button[@data-kt=\"newYardSaveButton\"]"}
COMMAND: POST /session/999fc64afd1230ec64a2dd58c909e126/element/f.8D00E63E7445179AA59B17F8E6C27F98.d.3D495EBAC500E6D685D27AE803A521D6.e.7143/click - {}
RESULT: {}
COMMAND: GET /session/999fc64afd1230ec64a2dd58c909e126/screenshot - {}
RESULT: {}
COMMAND: POST /session/999fc64afd1230ec64a2dd58c909e126/element - {"using":"xpath","value":"//header[contains(@id, 'ObjectPageLayout-headerTitle')]/div[1]/div[2]/div[1]/span[1]"}
RESULT: {"using":"xpath","value":"//header[contains(@id, 'ObjectPageLayout-headerTitle')]/div[1]/div[2]/div[1]/span[1]"}
COMMAND: POST /session/999fc64afd1230ec64a2dd58c909e126/elements - {"using":"xpath","value":"//header[contains(@id, 'ObjectPageLayout-headerTitle')]/div[1]/div[2]/div[1]/span[1]"}
RESULT: {"using":"xpath","value":"//header[contains(@id, 'ObjectPageLayout-headerTitle')]/div[1]/div[2]/div[1]/span[1]"}
COMMAND: POST /session/999fc64afd1230ec64a2dd58c909e126/execute/sync - {"script":"<script> [56 bytes]","args":[{"element-6066-11e4-a52e-4f735466cecf":"f.8D00E63E7445179AA59B17F8E6C27F98.d.3D495EBAC500E6D685D27AE803A521D6.e.7441","ELEMENT":"f.8D00E63E7445179AA59B17F8E6C27F98.d.3D495EBAC500E6D685D27AE803A521D6.e.7441"}]}
RESULT: {"script":"<script> [56 bytes]","args":[{"element-6066-11e4-a52e-4f735466cecf":"f.8D00E63E7445179AA59B17F8E6C27F98.d.3D495EBAC500E6D685D27AE803A521D6.e.7441","ELEMENT":"f.8D00E63E7445179AA59B17F8E6C27F98.d.3D495EBAC500E6D685D27AE803A521D6.e.7441"}]}
COMMAND: GET /session/999fc64afd1230ec64a2dd58c909e126/screenshot - {}
RESULT: {}
COMMAND: POST /session/999fc64afd1230ec64a2dd58c909e126/element - {"using":"css selector","value":"#shell-header-logo"}
RESULT: {"using":"css selector","value":"#shell-header-logo"}
COMMAND: POST /session/999fc64afd1230ec64a2dd58c909e126/element/f.8D00E63E7445179AA59B17F8E6C27F98.d.3D495EBAC500E6D685D27AE803A521D6.e.6689/click - {}
RESULT: {}
COMMAND: GET /session/999fc64afd1230ec64a2dd58c909e126/screenshot - {}
RESULT: {}
COMMAND: POST /session/999fc64afd1230ec64a2dd58c909e126/execute/sync - {"script":"<script> [299 bytes]","args":[["getModel","getResource"]]}
RESULT: {"script":"<script> [299 bytes]","args":[["getModel","getResource"]]}
]]></system-out>
    </testcase>
    <testcase classname="chrome.135_0_7049_96.windows.Billing_Transfer_-_Intracompany_US127249" name="Should create a new partner" time="112.26">
      <system-out><![CDATA[
COMMAND: GET /session/999fc64afd1230ec64a2dd58c909e126/screenshot - {}
COMMAND: POST /session/999fc64afd1230ec64a2dd58c909e126/window/fullscreen - {}
RESULT: {}
COMMAND: POST /session/999fc64afd1230ec64a2dd58c909e126/execute/async - {"script":"<script> [1562 bytes]","args":[{"selector":{"controlType":"sap.m.GenericTile","properties":{"header":"Manage Partners"}},"wdio_ui5_key":"sapm.GenericTile{\"header\":\"Manage Partners\"}"}]}
RESULT: {}
RESULT: {"script":"<script> [1562 bytes]","args":[{"selector":{"controlType":"sap.m.GenericTile","properties":{"header":"Manage Partners"}},"wdio_ui5_key":"sapm.GenericTile{\"header\":\"Manage Partners\"}"}]}
RESULT: undefined
COMMAND: POST /session/999fc64afd1230ec64a2dd58c909e126/element - {"using":"xpath","value":"//*[@id=\"__tile38\"]"}
RESULT: {"using":"xpath","value":"//*[@id=\"__tile38\"]"}
COMMAND: POST /session/999fc64afd1230ec64a2dd58c909e126/element/f.8D00E63E7445179AA59B17F8E6C27F98.d.3D495EBAC500E6D685D27AE803A521D6.e.6577/click - {}
RESULT: {}
COMMAND: POST /session/999fc64afd1230ec64a2dd58c909e126/element - {"using":"xpath","value":"//button[@data-kt=\"addButton\"]"}
COMMAND: GET /session/999fc64afd1230ec64a2dd58c909e126/screenshot - {}
RESULT: {}
RESULT: {"using":"xpath","value":"//button[@data-kt=\"addButton\"]"}
COMMAND: POST /session/999fc64afd1230ec64a2dd58c909e126/elements - {"using":"xpath","value":"//button[@data-kt=\"addButton\"]"}
RESULT: {"using":"xpath","value":"//button[@data-kt=\"addButton\"]"}
COMMAND: POST /session/999fc64afd1230ec64a2dd58c909e126/elements - {"using":"xpath","value":"//button[@data-kt=\"addButton\"]"}
RESULT: {"using":"xpath","value":"//button[@data-kt=\"addButton\"]"}
COMMAND: POST /session/999fc64afd1230ec64a2dd58c909e126/elements - {"using":"xpath","value":"//button[@data-kt=\"addButton\"]"}
RESULT: {"using":"xpath","value":"//button[@data-kt=\"addButton\"]"}
COMMAND: POST /session/999fc64afd1230ec64a2dd58c909e126/elements - {"using":"xpath","value":"//button[@data-kt=\"addButton\"]"}
RESULT: {"using":"xpath","value":"//button[@data-kt=\"addButton\"]"}
COMMAND: POST /session/999fc64afd1230ec64a2dd58c909e126/elements - {"using":"xpath","value":"//button[@data-kt=\"addButton\"]"}
RESULT: {"using":"xpath","value":"//button[@data-kt=\"addButton\"]"}
COMMAND: POST /session/999fc64afd1230ec64a2dd58c909e126/elements - {"using":"xpath","value":"//button[@data-kt=\"addButton\"]"}
RESULT: {"using":"xpath","value":"//button[@data-kt=\"addButton\"]"}
COMMAND: POST /session/999fc64afd1230ec64a2dd58c909e126/elements - {"using":"xpath","value":"//button[@data-kt=\"addButton\"]"}
RESULT: {"using":"xpath","value":"//button[@data-kt=\"addButton\"]"}
COMMAND: POST /session/999fc64afd1230ec64a2dd58c909e126/elements - {"using":"xpath","value":"//button[@data-kt=\"addButton\"]"}
RESULT: {"using":"xpath","value":"//button[@data-kt=\"addButton\"]"}
COMMAND: POST /session/999fc64afd1230ec64a2dd58c909e126/elements - {"using":"xpath","value":"//button[@data-kt=\"addButton\"]"}
RESULT: {"using":"xpath","value":"//button[@data-kt=\"addButton\"]"}
COMMAND: POST /session/999fc64afd1230ec64a2dd58c909e126/elements - {"using":"xpath","value":"//button[@data-kt=\"addButton\"]"}
RESULT: {"using":"xpath","value":"//button[@data-kt=\"addButton\"]"}
COMMAND: POST /session/999fc64afd1230ec64a2dd58c909e126/elements - {"using":"xpath","value":"//button[@data-kt=\"addButton\"]"}
RESULT: {"using":"xpath","value":"//button[@data-kt=\"addButton\"]"}
COMMAND: POST /session/999fc64afd1230ec64a2dd58c909e126/elements - {"using":"xpath","value":"//button[@data-kt=\"addButton\"]"}
RESULT: {"using":"xpath","value":"//button[@data-kt=\"addButton\"]"}
COMMAND: POST /session/999fc64afd1230ec64a2dd58c909e126/elements - {"using":"xpath","value":"//button[@data-kt=\"addButton\"]"}
RESULT: {"using":"xpath","value":"//button[@data-kt=\"addButton\"]"}
COMMAND: POST /session/999fc64afd1230ec64a2dd58c909e126/elements - {"using":"xpath","value":"//button[@data-kt=\"addButton\"]"}
RESULT: {"using":"xpath","value":"//button[@data-kt=\"addButton\"]"}
COMMAND: POST /session/999fc64afd1230ec64a2dd58c909e126/elements - {"using":"xpath","value":"//button[@data-kt=\"addButton\"]"}
RESULT: {"using":"xpath","value":"//button[@data-kt=\"addButton\"]"}
COMMAND: POST /session/999fc64afd1230ec64a2dd58c909e126/element - {"using":"xpath","value":"//button[@data-kt=\"addButton\"]"}
RESULT: {"using":"xpath","value":"//button[@data-kt=\"addButton\"]"}
COMMAND: POST /session/999fc64afd1230ec64a2dd58c909e126/execute/sync - {"script":"<script> [8489 bytes]","args":[{"element-6066-11e4-a52e-4f735466cecf":"f.8D00E63E7445179AA59B17F8E6C27F98.d.3D495EBAC500E6D685D27AE803A521D6.e.7478","ELEMENT":"f.8D00E63E7445179AA59B17F8E6C27F98.d.3D495EBAC500E6D685D27AE803A521D6.e.7478"}]}
RESULT: {"script":"<script> [8489 bytes]","args":[{"element-6066-11e4-a52e-4f735466cecf":"f.8D00E63E7445179AA59B17F8E6C27F98.d.3D495EBAC500E6D685D27AE803A521D6.e.7478","ELEMENT":"f.8D00E63E7445179AA59B17F8E6C27F98.d.3D495EBAC500E6D685D27AE803A521D6.e.7478"}]}
COMMAND: GET /session/999fc64afd1230ec64a2dd58c909e126/element/f.8D00E63E7445179AA59B17F8E6C27F98.d.3D495EBAC500E6D685D27AE803A521D6.e.7478/enabled - {}
COMMAND: GET /session/999fc64afd1230ec64a2dd58c909e126/screenshot - {}
RESULT: {}
COMMAND: POST /session/999fc64afd1230ec64a2dd58c909e126/execute/sync - {"script":"<script> [8489 bytes]","args":[{"element-6066-11e4-a52e-4f735466cecf":"f.8D00E63E7445179AA59B17F8E6C27F98.d.3D495EBAC500E6D685D27AE803A521D6.e.7478","ELEMENT":"f.8D00E63E7445179AA59B17F8E6C27F98.d.3D495EBAC500E6D685D27AE803A521D6.e.7478"}]}
COMMAND: GET /session/999fc64afd1230ec64a2dd58c909e126/screenshot - {}
RESULT: {}
RESULT: {"script":"<script> [8489 bytes]","args":[{"element-6066-11e4-a52e-4f735466cecf":"f.8D00E63E7445179AA59B17F8E6C27F98.d.3D495EBAC500E6D685D27AE803A521D6.e.7478","ELEMENT":"f.8D00E63E7445179AA59B17F8E6C27F98.d.3D495EBAC500E6D685D27AE803A521D6.e.7478"}]}
COMMAND: POST /session/999fc64afd1230ec64a2dd58c909e126/execute/sync - {"script":"<script> [5351 bytes]","args":[{"element-6066-11e4-a52e-4f735466cecf":"f.8D00E63E7445179AA59B17F8E6C27F98.d.3D495EBAC500E6D685D27AE803A521D6.e.7478","ELEMENT":"f.8D00E63E7445179AA59B17F8E6C27F98.d.3D495EBAC500E6D685D27AE803A521D6.e.7478"}]}
COMMAND: GET /session/999fc64afd1230ec64a2dd58c909e126/screenshot - {}
RESULT: {}
RESULT: {"script":"<script> [5351 bytes]","args":[{"element-6066-11e4-a52e-4f735466cecf":"f.8D00E63E7445179AA59B17F8E6C27F98.d.3D495EBAC500E6D685D27AE803A521D6.e.7478","ELEMENT":"f.8D00E63E7445179AA59B17F8E6C27F98.d.3D495EBAC500E6D685D27AE803A521D6.e.7478"}]}
COMMAND: POST /session/999fc64afd1230ec64a2dd58c909e126/element/f.8D00E63E7445179AA59B17F8E6C27F98.d.3D495EBAC500E6D685D27AE803A521D6.e.7478/click - {}
COMMAND: GET /session/999fc64afd1230ec64a2dd58c909e126/screenshot - {}
RESULT: {}
RESULT: {}
COMMAND: GET /session/999fc64afd1230ec64a2dd58c909e126/screenshot - {}
COMMAND: POST /session/999fc64afd1230ec64a2dd58c909e126/execute/async - {"script":"<script> [1562 bytes]","args":[{"selector":{"id":"application-managepartners-display-component---NewPartner--addressDetailDetailsName1","interaction":{"idSuffix":"inner"}},"wdio_ui5_key":"applicationmanagepartners-display-component---NewPartner--addressDetailDetailsName1"}]}
RESULT: {}
RESULT: {}
RESULT: {"script":"<script> [1562 bytes]","args":[{"selector":{"id":"application-managepartners-display-component---NewPartner--addressDetailDetailsName1","interaction":{"idSuffix":"inner"}},"wdio_ui5_key":"applicationmanagepartners-display-component---NewPartner--addressDetailDetailsName1"}]}
RESULT: undefined
COMMAND: POST /session/999fc64afd1230ec64a2dd58c909e126/execute/async - {"script":"<script> [776 bytes]","args":[{"enterText":"Intracompany Partner WDIO","selector":{"id":"application-managepartners-display-component---NewPartner--addressDetailDetailsName1","interaction":{"idSuffix":"inner"}},"clearTextFirst":true,"interactionType":"ENTER_TEXT"}]}
RESULT: {"script":"<script> [776 bytes]","args":[{"enterText":"Intracompany Partner WDIO","selector":{"id":"application-managepartners-display-component---NewPartner--addressDetailDetailsName1","interaction":{"idSuffix":"inner"}},"clearTextFirst":true,"interactionType":"ENTER_TEXT"}]}
COMMAND: POST /session/999fc64afd1230ec64a2dd58c909e126/execute/async - {"script":"<script> [1562 bytes]","args":[{"selector":{"id":"application-managepartners-display-component---NewPartner--addressDetailDetailsLanguage-arrow"},"wdio_ui5_key":"applicationmanagepartners-display-component---NewPartner--addressDetailDetailsLanguage-arrow"}]}
RESULT: {"script":"<script> [1562 bytes]","args":[{"selector":{"id":"application-managepartners-display-component---NewPartner--addressDetailDetailsLanguage-arrow"},"wdio_ui5_key":"applicationmanagepartners-display-component---NewPartner--addressDetailDetailsLanguage-arrow"}]}
RESULT: undefined
COMMAND: POST /session/999fc64afd1230ec64a2dd58c909e126/element - {"using":"xpath","value":"//*[@id=\"application-managepartners-display-component---NewPartner--addressDetailDetailsLanguage-arrow\"]"}
RESULT: {"using":"xpath","value":"//*[@id=\"application-managepartners-display-component---NewPartner--addressDetailDetailsLanguage-arrow\"]"}
COMMAND: POST /session/999fc64afd1230ec64a2dd58c909e126/element/f.8D00E63E7445179AA59B17F8E6C27F98.d.3D495EBAC500E6D685D27AE803A521D6.e.7934/click - {}
RESULT: {}
COMMAND: POST /session/999fc64afd1230ec64a2dd58c909e126/element - {"using":"xpath","value":"//span[contains(text(), \"English\")]"}
COMMAND: GET /session/999fc64afd1230ec64a2dd58c909e126/screenshot - {}
RESULT: {"using":"xpath","value":"//span[contains(text(), \"English\")]"}
COMMAND: POST /session/999fc64afd1230ec64a2dd58c909e126/element/f.8D00E63E7445179AA59B17F8E6C27F98.d.3D495EBAC500E6D685D27AE803A521D6.e.7935/click - {}
RESULT: {}
RESULT: {}
COMMAND: GET /session/999fc64afd1230ec64a2dd58c909e126/screenshot - {}
RESULT: {}
COMMAND: POST /session/999fc64afd1230ec64a2dd58c909e126/execute/async - {"script":"<script> [1562 bytes]","args":[{"selector":{"id":"application-managepartners-display-component---NewPartner--addressDetailDetailsCity1","interaction":{"idSuffix":"inner"}},"wdio_ui5_key":"applicationmanagepartners-display-component---NewPartner--addressDetailDetailsCity1"}]}
RESULT: {"script":"<script> [1562 bytes]","args":[{"selector":{"id":"application-managepartners-display-component---NewPartner--addressDetailDetailsCity1","interaction":{"idSuffix":"inner"}},"wdio_ui5_key":"applicationmanagepartners-display-component---NewPartner--addressDetailDetailsCity1"}]}
RESULT: undefined
COMMAND: POST /session/999fc64afd1230ec64a2dd58c909e126/execute/async - {"script":"<script> [776 bytes]","args":[{"enterText":"Rosario","selector":{"id":"application-managepartners-display-component---NewPartner--addressDetailDetailsCity1","interaction":{"idSuffix":"inner"}},"clearTextFirst":true,"interactionType":"ENTER_TEXT"}]}
RESULT: {"script":"<script> [776 bytes]","args":[{"enterText":"Rosario","selector":{"id":"application-managepartners-display-component---NewPartner--addressDetailDetailsCity1","interaction":{"idSuffix":"inner"}},"clearTextFirst":true,"interactionType":"ENTER_TEXT"}]}
COMMAND: POST /session/999fc64afd1230ec64a2dd58c909e126/execute/async - {"script":"<script> [1562 bytes]","args":[{"selector":{"id":"application-managepartners-display-component---NewPartner--addressDetailDetailsCountry-arrow"},"wdio_ui5_key":"applicationmanagepartners-display-component---NewPartner--addressDetailDetailsCountry-arrow"}]}
RESULT: {"script":"<script> [1562 bytes]","args":[{"selector":{"id":"application-managepartners-display-component---NewPartner--addressDetailDetailsCountry-arrow"},"wdio_ui5_key":"applicationmanagepartners-display-component---NewPartner--addressDetailDetailsCountry-arrow"}]}
RESULT: undefined
COMMAND: POST /session/999fc64afd1230ec64a2dd58c909e126/element - {"using":"xpath","value":"//*[@id=\"application-managepartners-display-component---NewPartner--addressDetailDetailsCountry-arrow\"]"}
RESULT: {"using":"xpath","value":"//*[@id=\"application-managepartners-display-component---NewPartner--addressDetailDetailsCountry-arrow\"]"}
COMMAND: POST /session/999fc64afd1230ec64a2dd58c909e126/element/f.8D00E63E7445179AA59B17F8E6C27F98.d.3D495EBAC500E6D685D27AE803A521D6.e.7921/click - {}
RESULT: {}
COMMAND: POST /session/999fc64afd1230ec64a2dd58c909e126/element - {"using":"xpath","value":"//span[contains(text(), \"Argentina\")]"}
COMMAND: GET /session/999fc64afd1230ec64a2dd58c909e126/screenshot - {}
RESULT: {"using":"xpath","value":"//span[contains(text(), \"Argentina\")]"}
COMMAND: POST /session/999fc64afd1230ec64a2dd58c909e126/element/f.8D00E63E7445179AA59B17F8E6C27F98.d.3D495EBAC500E6D685D27AE803A521D6.e.7937/click - {}
RESULT: {}
RESULT: {}
COMMAND: GET /session/999fc64afd1230ec64a2dd58c909e126/screenshot - {}
RESULT: {}
COMMAND: POST /session/999fc64afd1230ec64a2dd58c909e126/element - {"using":"xpath","value":"//bdi[contains(text(), \"Commercial\")]"}
RESULT: {"using":"xpath","value":"//bdi[contains(text(), \"Commercial\")]"}
COMMAND: POST /session/999fc64afd1230ec64a2dd58c909e126/element/f.8D00E63E7445179AA59B17F8E6C27F98.d.3D495EBAC500E6D685D27AE803A521D6.e.7938/click - {}
RESULT: {}
COMMAND: GET /session/999fc64afd1230ec64a2dd58c909e126/screenshot - {}
RESULT: {}
COMMAND: POST /session/999fc64afd1230ec64a2dd58c909e126/execute/async - {"script":"<script> [1562 bytes]","args":[{"selector":{"id":"application-managepartners-display-component---NewPartner--partnerDetailInternal-arrow"},"wdio_ui5_key":"applicationmanagepartners-display-component---NewPartner--partnerDetailInternal-arrow"}]}
RESULT: {"script":"<script> [1562 bytes]","args":[{"selector":{"id":"application-managepartners-display-component---NewPartner--partnerDetailInternal-arrow"},"wdio_ui5_key":"applicationmanagepartners-display-component---NewPartner--partnerDetailInternal-arrow"}]}
RESULT: undefined
COMMAND: POST /session/999fc64afd1230ec64a2dd58c909e126/element - {"using":"xpath","value":"//*[@id=\"application-managepartners-display-component---NewPartner--partnerDetailInternal-arrow\"]"}
RESULT: {"using":"xpath","value":"//*[@id=\"application-managepartners-display-component---NewPartner--partnerDetailInternal-arrow\"]"}
COMMAND: POST /session/999fc64afd1230ec64a2dd58c909e126/element/f.8D00E63E7445179AA59B17F8E6C27F98.d.3D495EBAC500E6D685D27AE803A521D6.e.7944/click - {}
RESULT: {}
COMMAND: POST /session/999fc64afd1230ec64a2dd58c909e126/element - {"using":"xpath","value":"//span[contains(text(), \"Affiliated company\")]"}
COMMAND: GET /session/999fc64afd1230ec64a2dd58c909e126/screenshot - {}
RESULT: {"using":"xpath","value":"//span[contains(text(), \"Affiliated company\")]"}
COMMAND: POST /session/999fc64afd1230ec64a2dd58c909e126/element/f.8D00E63E7445179AA59B17F8E6C27F98.d.3D495EBAC500E6D685D27AE803A521D6.e.7945/click - {}
RESULT: {}
RESULT: {}
COMMAND: POST /session/999fc64afd1230ec64a2dd58c909e126/execute/async - {"script":"<script> [1562 bytes]","args":[{"selector":{"id":"application-managepartners-display-component---NewPartner--partnerDetailsCurrency-arrow"},"wdio_ui5_key":"applicationmanagepartners-display-component---NewPartner--partnerDetailsCurrency-arrow"}]}
COMMAND: GET /session/999fc64afd1230ec64a2dd58c909e126/screenshot - {}
RESULT: {"script":"<script> [1562 bytes]","args":[{"selector":{"id":"application-managepartners-display-component---NewPartner--partnerDetailsCurrency-arrow"},"wdio_ui5_key":"applicationmanagepartners-display-component---NewPartner--partnerDetailsCurrency-arrow"}]}
RESULT: undefined
COMMAND: POST /session/999fc64afd1230ec64a2dd58c909e126/element - {"using":"xpath","value":"//*[@id=\"application-managepartners-display-component---NewPartner--partnerDetailsCurrency-arrow\"]"}
RESULT: {}
RESULT: {"using":"xpath","value":"//*[@id=\"application-managepartners-display-component---NewPartner--partnerDetailsCurrency-arrow\"]"}
COMMAND: POST /session/999fc64afd1230ec64a2dd58c909e126/element/f.8D00E63E7445179AA59B17F8E6C27F98.d.3D495EBAC500E6D685D27AE803A521D6.e.7952/click - {}
RESULT: {}
COMMAND: POST /session/999fc64afd1230ec64a2dd58c909e126/element - {"using":"xpath","value":"//span[contains(text(), \"Euro\")]"}
COMMAND: GET /session/999fc64afd1230ec64a2dd58c909e126/screenshot - {}
RESULT: {"using":"xpath","value":"//span[contains(text(), \"Euro\")]"}
COMMAND: POST /session/999fc64afd1230ec64a2dd58c909e126/element/f.8D00E63E7445179AA59B17F8E6C27F98.d.3D495EBAC500E6D685D27AE803A521D6.e.7953/click - {}
RESULT: {}
RESULT: {}
COMMAND: POST /session/999fc64afd1230ec64a2dd58c909e126/execute/async - {"script":"<script> [1562 bytes]","args":[{"selector":{"id":"application-managepartners-display-component---NewPartner--addressEditDetailsCostObjectCstType-arrow"},"wdio_ui5_key":"applicationmanagepartners-display-component---NewPartner--addressEditDetailsCostObjectCstType-arrow"}]}
COMMAND: GET /session/999fc64afd1230ec64a2dd58c909e126/screenshot - {}
RESULT: {"script":"<script> [1562 bytes]","args":[{"selector":{"id":"application-managepartners-display-component---NewPartner--addressEditDetailsCostObjectCstType-arrow"},"wdio_ui5_key":"applicationmanagepartners-display-component---NewPartner--addressEditDetailsCostObjectCstType-arrow"}]}
RESULT: undefined
COMMAND: POST /session/999fc64afd1230ec64a2dd58c909e126/element - {"using":"xpath","value":"//*[@id=\"application-managepartners-display-component---NewPartner--addressEditDetailsCostObjectCstType-arrow\"]"}
RESULT: {}
RESULT: {"using":"xpath","value":"//*[@id=\"application-managepartners-display-component---NewPartner--addressEditDetailsCostObjectCstType-arrow\"]"}
COMMAND: POST /session/999fc64afd1230ec64a2dd58c909e126/element/f.8D00E63E7445179AA59B17F8E6C27F98.d.3D495EBAC500E6D685D27AE803A521D6.e.7954/click - {}
RESULT: {}
COMMAND: POST /session/999fc64afd1230ec64a2dd58c909e126/element - {"using":"xpath","value":"//span[contains(text(), \"Cost Center\")]"}
COMMAND: GET /session/999fc64afd1230ec64a2dd58c909e126/screenshot - {}
RESULT: {"using":"xpath","value":"//span[contains(text(), \"Cost Center\")]"}
COMMAND: POST /session/999fc64afd1230ec64a2dd58c909e126/element/f.8D00E63E7445179AA59B17F8E6C27F98.d.3D495EBAC500E6D685D27AE803A521D6.e.7955/click - {}
RESULT: {}
RESULT: {}
COMMAND: GET /session/999fc64afd1230ec64a2dd58c909e126/screenshot - {}
RESULT: {}
COMMAND: POST /session/999fc64afd1230ec64a2dd58c909e126/element - {"using":"xpath","value":"//span[@id=\"application-managepartners-display-component---NewPartner--addressNewCostObjectCstID-vhi\"]"}
RESULT: {"using":"xpath","value":"//span[@id=\"application-managepartners-display-component---NewPartner--addressNewCostObjectCstID-vhi\"]"}
COMMAND: POST /session/999fc64afd1230ec64a2dd58c909e126/execute/sync - {"script":"<script> [8489 bytes]","args":[{"element-6066-11e4-a52e-4f735466cecf":"f.8D00E63E7445179AA59B17F8E6C27F98.d.3D495EBAC500E6D685D27AE803A521D6.e.7959","ELEMENT":"f.8D00E63E7445179AA59B17F8E6C27F98.d.3D495EBAC500E6D685D27AE803A521D6.e.7959"}]}
RESULT: {"script":"<script> [8489 bytes]","args":[{"element-6066-11e4-a52e-4f735466cecf":"f.8D00E63E7445179AA59B17F8E6C27F98.d.3D495EBAC500E6D685D27AE803A521D6.e.7959","ELEMENT":"f.8D00E63E7445179AA59B17F8E6C27F98.d.3D495EBAC500E6D685D27AE803A521D6.e.7959"}]}
COMMAND: POST /session/999fc64afd1230ec64a2dd58c909e126/execute/async - {"script":"<script> [1562 bytes]","args":[{"selector":{"id":"application-managepartners-display-component---NewPartner--addressNewCostObjectCstID-vhi"},"wdio_ui5_key":"applicationmanagepartners-display-component---NewPartner--addressNewCostObjectCstID-vhi"}]}
COMMAND: GET /session/999fc64afd1230ec64a2dd58c909e126/screenshot - {}
RESULT: {"script":"<script> [1562 bytes]","args":[{"selector":{"id":"application-managepartners-display-component---NewPartner--addressNewCostObjectCstID-vhi"},"wdio_ui5_key":"applicationmanagepartners-display-component---NewPartner--addressNewCostObjectCstID-vhi"}]}
RESULT: undefined
COMMAND: POST /session/999fc64afd1230ec64a2dd58c909e126/element - {"using":"xpath","value":"//*[@id=\"application-managepartners-display-component---NewPartner--addressNewCostObjectCstID-vhi\"]"}
RESULT: {}
RESULT: {"using":"xpath","value":"//*[@id=\"application-managepartners-display-component---NewPartner--addressNewCostObjectCstID-vhi\"]"}
COMMAND: POST /session/999fc64afd1230ec64a2dd58c909e126/element/f.8D00E63E7445179AA59B17F8E6C27F98.d.3D495EBAC500E6D685D27AE803A521D6.e.7959/click - {}
RESULT: {}
COMMAND: GET /session/999fc64afd1230ec64a2dd58c909e126/screenshot - {}
RESULT: {}
RESULT: undefined
COMMAND: POST /session/999fc64afd1230ec64a2dd58c909e126/execute/async - {"script":"<script> [776 bytes]","args":[{"enterText":"10001013","selector":{"controlType":"sap.m.SearchField","properties":{"placeholder":"Search"},"searchOpenDialogs":true,"interaction":{"idSuffix":"I"}},"clearTextFirst":true,"interactionType":"ENTER_TEXT"}]}
RESULT: {"script":"<script> [776 bytes]","args":[{"enterText":"10001013","selector":{"controlType":"sap.m.SearchField","properties":{"placeholder":"Search"},"searchOpenDialogs":true,"interaction":{"idSuffix":"I"}},"clearTextFirst":true,"interactionType":"ENTER_TEXT"}]}
COMMAND: POST /session/999fc64afd1230ec64a2dd58c909e126/actions - {"actions":[{"id":"action24","type":"key","parameters":{},"actions":[{"type":"keyDown","value":"î€‡"},{"type":"pause","duration":10},{"type":"keyUp","value":"î€‡"}]}]}
RESULT: {"actions":[{"id":"action24","type":"key","parameters":{},"actions":[{"type":"keyDown","value":"î€‡"},{"type":"pause","duration":10},{"type":"keyUp","value":"î€‡"}]}]}
COMMAND: GET /session/999fc64afd1230ec64a2dd58c909e126/screenshot - {}
RESULT: {}
COMMAND: POST /session/999fc64afd1230ec64a2dd58c909e126/element - {"using":"xpath","value":"//span[contains(text(), \"General Management\")]"}
RESULT: {"using":"xpath","value":"//span[contains(text(), \"General Management\")]"}
COMMAND: POST /session/999fc64afd1230ec64a2dd58c909e126/element/f.8D00E63E7445179AA59B17F8E6C27F98.d.3D495EBAC500E6D685D27AE803A521D6.e.7997/click - {}
RESULT: {}
COMMAND: GET /session/999fc64afd1230ec64a2dd58c909e126/screenshot - {}
RESULT: {}
COMMAND: POST /session/999fc64afd1230ec64a2dd58c909e126/element - {"using":"xpath","value":"//bdi[contains(text(), \"OK\")]"}
RESULT: {"using":"xpath","value":"//bdi[contains(text(), \"OK\")]"}
COMMAND: POST /session/999fc64afd1230ec64a2dd58c909e126/element/f.8D00E63E7445179AA59B17F8E6C27F98.d.3D495EBAC500E6D685D27AE803A521D6.e.7998/click - {}
RESULT: {}
COMMAND: GET /session/999fc64afd1230ec64a2dd58c909e126/screenshot - {}
RESULT: {}
COMMAND: POST /session/999fc64afd1230ec64a2dd58c909e126/element - {"using":"xpath","value":"//input[@id=\"application-managepartners-display-component---NewPartner--companyCodeComboBox-inner\"]"}
RESULT: {"using":"xpath","value":"//input[@id=\"application-managepartners-display-component---NewPartner--companyCodeComboBox-inner\"]"}
COMMAND: POST /session/999fc64afd1230ec64a2dd58c909e126/element/f.8D00E63E7445179AA59B17F8E6C27F98.d.3D495EBAC500E6D685D27AE803A521D6.e.7791/clear - {}
RESULT: {}
COMMAND: POST /session/999fc64afd1230ec64a2dd58c909e126/element/f.8D00E63E7445179AA59B17F8E6C27F98.d.3D495EBAC500E6D685D27AE803A521D6.e.7791/value - {"text":"1000"}
COMMAND: GET /session/999fc64afd1230ec64a2dd58c909e126/screenshot - {}
RESULT: {"text":"1000"}
COMMAND: GET /session/999fc64afd1230ec64a2dd58c909e126/screenshot - {}
RESULT: {}
RESULT: {}
COMMAND: POST /session/999fc64afd1230ec64a2dd58c909e126/element - {"using":"xpath","value":"//span[contains(text(), \"1000\")]"}
RESULT: {"using":"xpath","value":"//span[contains(text(), \"1000\")]"}
COMMAND: POST /session/999fc64afd1230ec64a2dd58c909e126/element/f.8D00E63E7445179AA59B17F8E6C27F98.d.3D495EBAC500E6D685D27AE803A521D6.e.8004/click - {}
RESULT: {}
COMMAND: GET /session/999fc64afd1230ec64a2dd58c909e126/screenshot - {}
RESULT: {}
COMMAND: POST /session/999fc64afd1230ec64a2dd58c909e126/execute/async - {"script":"<script> [1562 bytes]","args":[{"selector":{"id":"application-managepartners-display-component---NewPartner--btnAddTableRow-img"},"wdio_ui5_key":"applicationmanagepartners-display-component---NewPartner--btnAddTableRow-img"}]}
RESULT: {"script":"<script> [1562 bytes]","args":[{"selector":{"id":"application-managepartners-display-component---NewPartner--btnAddTableRow-img"},"wdio_ui5_key":"applicationmanagepartners-display-component---NewPartner--btnAddTableRow-img"}]}
RESULT: undefined
COMMAND: POST /session/999fc64afd1230ec64a2dd58c909e126/element - {"using":"xpath","value":"//*[@id=\"application-managepartners-display-component---NewPartner--btnAddTableRow-img\"]"}
RESULT: {"using":"xpath","value":"//*[@id=\"application-managepartners-display-component---NewPartner--btnAddTableRow-img\"]"}
COMMAND: POST /session/999fc64afd1230ec64a2dd58c909e126/element/f.8D00E63E7445179AA59B17F8E6C27F98.d.3D495EBAC500E6D685D27AE803A521D6.e.8005/click - {}
RESULT: {}
COMMAND: GET /session/999fc64afd1230ec64a2dd58c909e126/screenshot - {}
RESULT: {}
COMMAND: POST /session/999fc64afd1230ec64a2dd58c909e126/element - {"using":"xpath","value":"//input[@id=\"application-managepartners-display-component---NewPartner--assignmentYard-application-managepartners-display-component---NewPartner--assignmentsTable-0-inner\"]"}
RESULT: {"using":"xpath","value":"//input[@id=\"application-managepartners-display-component---NewPartner--assignmentYard-application-managepartners-display-component---NewPartner--assignmentsTable-0-inner\"]"}
COMMAND: POST /session/999fc64afd1230ec64a2dd58c909e126/element/f.8D00E63E7445179AA59B17F8E6C27F98.d.3D495EBAC500E6D685D27AE803A521D6.e.8008/clear - {}
RESULT: {}
COMMAND: POST /session/999fc64afd1230ec64a2dd58c909e126/element/f.8D00E63E7445179AA59B17F8E6C27F98.d.3D495EBAC500E6D685D27AE803A521D6.e.8008/value - {"text":"619"}
COMMAND: GET /session/999fc64afd1230ec64a2dd58c909e126/screenshot - {}
RESULT: {"text":"619"}
COMMAND: GET /session/999fc64afd1230ec64a2dd58c909e126/screenshot - {}
RESULT: {}
RESULT: {}
COMMAND: POST /session/999fc64afd1230ec64a2dd58c909e126/element - {"using":"xpath","value":"//li[.//span[text()='619']]"}
RESULT: {"using":"xpath","value":"//li[.//span[text()='619']]"}
COMMAND: POST /session/999fc64afd1230ec64a2dd58c909e126/element/f.8D00E63E7445179AA59B17F8E6C27F98.d.3D495EBAC500E6D685D27AE803A521D6.e.8017/click - {}
RESULT: {}
COMMAND: GET /session/999fc64afd1230ec64a2dd58c909e126/screenshot - {}
RESULT: {}
COMMAND: POST /session/999fc64afd1230ec64a2dd58c909e126/actions - {"actions":[{"id":"action25","type":"key","parameters":{},"actions":[{"type":"keyDown","value":"î€‡"},{"type":"pause","duration":10},{"type":"keyUp","value":"î€‡"}]}]}
RESULT: {"actions":[{"id":"action25","type":"key","parameters":{},"actions":[{"type":"keyDown","value":"î€‡"},{"type":"pause","duration":10},{"type":"keyUp","value":"î€‡"}]}]}
COMMAND: POST /session/999fc64afd1230ec64a2dd58c909e126/execute/async - {"script":"<script> [1562 bytes]","args":[{"selector":{"id":"application-managepartners-display-component---NewPartner--externalCustomerComboBox-application-managepartners-display-component---NewPartner--assignmentsTable-0-vhi"},"wdio_ui5_key":"applicationmanagepartners-display-component---NewPartner--externalCustomerComboBox-application-managepartners-display-component---NewPartner--assignmentsTable-0-vhi"}]}
COMMAND: GET /session/999fc64afd1230ec64a2dd58c909e126/screenshot - {}
RESULT: {"script":"<script> [1562 bytes]","args":[{"selector":{"id":"application-managepartners-display-component---NewPartner--externalCustomerComboBox-application-managepartners-display-component---NewPartner--assignmentsTable-0-vhi"},"wdio_ui5_key":"applicationmanagepartners-display-component---NewPartner--externalCustomerComboBox-application-managepartners-display-component---NewPartner--assignmentsTable-0-vhi"}]}
RESULT: undefined
COMMAND: POST /session/999fc64afd1230ec64a2dd58c909e126/element - {"using":"xpath","value":"//*[@id=\"application-managepartners-display-component---NewPartner--externalCustomerComboBox-application-managepartners-display-component---NewPartner--assignmentsTable-0-vhi\"]"}
RESULT: {}
RESULT: {"using":"xpath","value":"//*[@id=\"application-managepartners-display-component---NewPartner--externalCustomerComboBox-application-managepartners-display-component---NewPartner--assignmentsTable-0-vhi\"]"}
COMMAND: POST /session/999fc64afd1230ec64a2dd58c909e126/element/f.8D00E63E7445179AA59B17F8E6C27F98.d.3D495EBAC500E6D685D27AE803A521D6.e.8021/click - {}
RESULT: {}
RESULT: undefined
COMMAND: POST /session/999fc64afd1230ec64a2dd58c909e126/execute/async - {"script":"<script> [776 bytes]","args":[{"enterText":"300003","selector":{"controlType":"sap.m.SearchField","properties":{"placeholder":"Search"},"searchOpenDialogs":true,"interaction":{"idSuffix":"I"}},"clearTextFirst":true,"interactionType":"ENTER_TEXT"}]}
COMMAND: GET /session/999fc64afd1230ec64a2dd58c909e126/screenshot - {}
RESULT: {"script":"<script> [776 bytes]","args":[{"enterText":"300003","selector":{"controlType":"sap.m.SearchField","properties":{"placeholder":"Search"},"searchOpenDialogs":true,"interaction":{"idSuffix":"I"}},"clearTextFirst":true,"interactionType":"ENTER_TEXT"}]}
COMMAND: POST /session/999fc64afd1230ec64a2dd58c909e126/actions - {"actions":[{"id":"action26","type":"key","parameters":{},"actions":[{"type":"keyDown","value":"î€‡"},{"type":"pause","duration":10},{"type":"keyUp","value":"î€‡"}]}]}
RESULT: {}
RESULT: {"actions":[{"id":"action26","type":"key","parameters":{},"actions":[{"type":"keyDown","value":"î€‡"},{"type":"pause","duration":10},{"type":"keyUp","value":"î€‡"}]}]}
COMMAND: GET /session/999fc64afd1230ec64a2dd58c909e126/screenshot - {}
RESULT: {}
COMMAND: POST /session/999fc64afd1230ec64a2dd58c909e126/element - {"using":"xpath","value":"//span[contains(text(), \"300003\")]"}
RESULT: {"using":"xpath","value":"//span[contains(text(), \"300003\")]"}
COMMAND: POST /session/999fc64afd1230ec64a2dd58c909e126/element/f.8D00E63E7445179AA59B17F8E6C27F98.d.3D495EBAC500E6D685D27AE803A521D6.e.8039/click - {}
RESULT: {}
COMMAND: GET /session/999fc64afd1230ec64a2dd58c909e126/screenshot - {}
RESULT: {}
COMMAND: POST /session/999fc64afd1230ec64a2dd58c909e126/element - {"using":"xpath","value":"//bdi[contains(text(), \"OK\")]"}
RESULT: {"using":"xpath","value":"//bdi[contains(text(), \"OK\")]"}
COMMAND: POST /session/999fc64afd1230ec64a2dd58c909e126/element/f.8D00E63E7445179AA59B17F8E6C27F98.d.3D495EBAC500E6D685D27AE803A521D6.e.8041/click - {}
RESULT: {}
COMMAND: GET /session/999fc64afd1230ec64a2dd58c909e126/screenshot - {}
RESULT: {}
COMMAND: POST /session/999fc64afd1230ec64a2dd58c909e126/execute/async - {"script":"<script> [1562 bytes]","args":[{"selector":{"id":"application-managepartners-display-component---NewPartner--intercompVendorComboBox-application-managepartners-display-component---NewPartner--assignmentsTable-0-vhi"},"wdio_ui5_key":"applicationmanagepartners-display-component---NewPartner--intercompVendorComboBox-application-managepartners-display-component---NewPartner--assignmentsTable-0-vhi"}]}
RESULT: {"script":"<script> [1562 bytes]","args":[{"selector":{"id":"application-managepartners-display-component---NewPartner--intercompVendorComboBox-application-managepartners-display-component---NewPartner--assignmentsTable-0-vhi"},"wdio_ui5_key":"applicationmanagepartners-display-component---NewPartner--intercompVendorComboBox-application-managepartners-display-component---NewPartner--assignmentsTable-0-vhi"}]}
RESULT: undefined
COMMAND: POST /session/999fc64afd1230ec64a2dd58c909e126/element - {"using":"xpath","value":"//*[@id=\"application-managepartners-display-component---NewPartner--intercompVendorComboBox-application-managepartners-display-component---NewPartner--assignmentsTable-0-vhi\"]"}
RESULT: {"using":"xpath","value":"//*[@id=\"application-managepartners-display-component---NewPartner--intercompVendorComboBox-application-managepartners-display-component---NewPartner--assignmentsTable-0-vhi\"]"}
COMMAND: POST /session/999fc64afd1230ec64a2dd58c909e126/element/f.8D00E63E7445179AA59B17F8E6C27F98.d.3D495EBAC500E6D685D27AE803A521D6.e.8044/click - {}
RESULT: {}
RESULT: undefined
COMMAND: POST /session/999fc64afd1230ec64a2dd58c909e126/execute/async - {"script":"<script> [776 bytes]","args":[{"enterText":"100005","selector":{"controlType":"sap.m.SearchField","properties":{"placeholder":"Search"},"searchOpenDialogs":true,"interaction":{"idSuffix":"I"}},"clearTextFirst":true,"interactionType":"ENTER_TEXT"}]}
COMMAND: GET /session/999fc64afd1230ec64a2dd58c909e126/screenshot - {}
RESULT: {"script":"<script> [776 bytes]","args":[{"enterText":"100005","selector":{"controlType":"sap.m.SearchField","properties":{"placeholder":"Search"},"searchOpenDialogs":true,"interaction":{"idSuffix":"I"}},"clearTextFirst":true,"interactionType":"ENTER_TEXT"}]}
COMMAND: POST /session/999fc64afd1230ec64a2dd58c909e126/actions - {"actions":[{"id":"action27","type":"key","parameters":{},"actions":[{"type":"keyDown","value":"î€‡"},{"type":"pause","duration":10},{"type":"keyUp","value":"î€‡"}]}]}
RESULT: {}
RESULT: {"actions":[{"id":"action27","type":"key","parameters":{},"actions":[{"type":"keyDown","value":"î€‡"},{"type":"pause","duration":10},{"type":"keyUp","value":"î€‡"}]}]}
COMMAND: GET /session/999fc64afd1230ec64a2dd58c909e126/screenshot - {}
RESULT: {}
COMMAND: POST /session/999fc64afd1230ec64a2dd58c909e126/element - {"using":"xpath","value":"//span[contains(text(), \"Penguins - Field/12345 Berlin\")]"}
RESULT: {"using":"xpath","value":"//span[contains(text(), \"Penguins - Field/12345 Berlin\")]"}
COMMAND: POST /session/999fc64afd1230ec64a2dd58c909e126/element/f.8D00E63E7445179AA59B17F8E6C27F98.d.3D495EBAC500E6D685D27AE803A521D6.e.8061/click - {}
RESULT: {}
COMMAND: GET /session/999fc64afd1230ec64a2dd58c909e126/screenshot - {}
RESULT: {}
COMMAND: POST /session/999fc64afd1230ec64a2dd58c909e126/element - {"using":"xpath","value":"//bdi[contains(text(), \"OK\")]"}
RESULT: {"using":"xpath","value":"//bdi[contains(text(), \"OK\")]"}
COMMAND: POST /session/999fc64afd1230ec64a2dd58c909e126/element/f.8D00E63E7445179AA59B17F8E6C27F98.d.3D495EBAC500E6D685D27AE803A521D6.e.8062/click - {}
RESULT: {}
COMMAND: GET /session/999fc64afd1230ec64a2dd58c909e126/screenshot - {}
RESULT: {}
COMMAND: POST /session/999fc64afd1230ec64a2dd58c909e126/element - {"using":"xpath","value":"//button[@data-kt=\"saveButton\"]"}
RESULT: {"using":"xpath","value":"//button[@data-kt=\"saveButton\"]"}
COMMAND: POST /session/999fc64afd1230ec64a2dd58c909e126/element/f.8D00E63E7445179AA59B17F8E6C27F98.d.3D495EBAC500E6D685D27AE803A521D6.e.7859/click - {}
RESULT: {}
COMMAND: GET /session/999fc64afd1230ec64a2dd58c909e126/screenshot - {}
RESULT: {}
COMMAND: POST /session/999fc64afd1230ec64a2dd58c909e126/element - {"using":"xpath","value":"//header[contains(@id, 'ObjectPageLayout-headerTitle')]/div[1]/div[2]/div[2]/span[1]"}
RESULT: {"using":"xpath","value":"//header[contains(@id, 'ObjectPageLayout-headerTitle')]/div[1]/div[2]/div[2]/span[1]"}
COMMAND: POST /session/999fc64afd1230ec64a2dd58c909e126/elements - {"using":"xpath","value":"//header[contains(@id, 'ObjectPageLayout-headerTitle')]/div[1]/div[2]/div[2]/span[1]"}
RESULT: {"using":"xpath","value":"//header[contains(@id, 'ObjectPageLayout-headerTitle')]/div[1]/div[2]/div[2]/span[1]"}
COMMAND: POST /session/999fc64afd1230ec64a2dd58c909e126/execute/sync - {"script":"<script> [56 bytes]","args":[{"element-6066-11e4-a52e-4f735466cecf":"f.8D00E63E7445179AA59B17F8E6C27F98.d.3D495EBAC500E6D685D27AE803A521D6.e.8228","ELEMENT":"f.8D00E63E7445179AA59B17F8E6C27F98.d.3D495EBAC500E6D685D27AE803A521D6.e.8228"}]}
RESULT: {"script":"<script> [56 bytes]","args":[{"element-6066-11e4-a52e-4f735466cecf":"f.8D00E63E7445179AA59B17F8E6C27F98.d.3D495EBAC500E6D685D27AE803A521D6.e.8228","ELEMENT":"f.8D00E63E7445179AA59B17F8E6C27F98.d.3D495EBAC500E6D685D27AE803A521D6.e.8228"}]}
COMMAND: POST /session/999fc64afd1230ec64a2dd58c909e126/element - {"using":"css selector","value":"#shell-header-logo"}
COMMAND: GET /session/999fc64afd1230ec64a2dd58c909e126/screenshot - {}
RESULT: {"using":"css selector","value":"#shell-header-logo"}
COMMAND: POST /session/999fc64afd1230ec64a2dd58c909e126/element/f.8D00E63E7445179AA59B17F8E6C27F98.d.3D495EBAC500E6D685D27AE803A521D6.e.7445/click - {}
RESULT: {}
RESULT: {}
COMMAND: GET /session/999fc64afd1230ec64a2dd58c909e126/screenshot - {}
RESULT: {}
COMMAND: POST /session/999fc64afd1230ec64a2dd58c909e126/execute/sync - {"script":"<script> [299 bytes]","args":[["getModel","getResource"]]}
RESULT: {"script":"<script> [299 bytes]","args":[["getModel","getResource"]]}
]]></system-out>
    </testcase>
    <testcase classname="chrome.135_0_7049_96.windows.Billing_Transfer_-_Intracompany_US127249" name="Should create a new site" time="79.976">
      <system-out><![CDATA[
COMMAND: GET /session/999fc64afd1230ec64a2dd58c909e126/screenshot - {}
COMMAND: POST /session/999fc64afd1230ec64a2dd58c909e126/execute/async - {"script":"<script> [1562 bytes]","args":[{"selector":{"controlType":"sap.m.TileContent","bindingPath":{"path":"","propertyPath":"/properties/info"},"ancestor":{"controlType":"sap.m.GenericTile","properties":{"header":"Manage Sites"}}},"wdio_ui5_key":"sapm.TileContent{\"path\":\"\",\"propertyPath\":\"/properties/info\"}{\"controlType\":\"sap.m.GenericTile\",\"properties\":{\"header\":\"Manage Sites\"}}"}]}
RESULT: {}
RESULT: {"script":"<script> [1562 bytes]","args":[{"selector":{"controlType":"sap.m.TileContent","bindingPath":{"path":"","propertyPath":"/properties/info"},"ancestor":{"controlType":"sap.m.GenericTile","properties":{"header":"Manage Sites"}}},"wdio_ui5_key":"sapm.TileContent{\"path\":\"\",\"propertyPath\":\"/properties/info\"}{\"controlType\":\"sap.m.GenericTile\",\"properties\":{\"header\":\"Manage Sites\"}}"}]}
RESULT: undefined
COMMAND: POST /session/999fc64afd1230ec64a2dd58c909e126/element - {"using":"xpath","value":"//*[@id=\"__xmlview7--numericTileContent\"]"}
RESULT: {"using":"xpath","value":"//*[@id=\"__xmlview7--numericTileContent\"]"}
COMMAND: POST /session/999fc64afd1230ec64a2dd58c909e126/element/f.8D00E63E7445179AA59B17F8E6C27F98.d.3D495EBAC500E6D685D27AE803A521D6.e.8230/click - {}
RESULT: {}
COMMAND: POST /session/999fc64afd1230ec64a2dd58c909e126/element - {"using":"xpath","value":"//button[@data-kt=\"addOverflowToolbarButton\"]"}
COMMAND: GET /session/999fc64afd1230ec64a2dd58c909e126/screenshot - {}
RESULT: {"using":"xpath","value":"//button[@data-kt=\"addOverflowToolbarButton\"]"}
COMMAND: POST /session/999fc64afd1230ec64a2dd58c909e126/elements - {"using":"xpath","value":"//button[@data-kt=\"addOverflowToolbarButton\"]"}
RESULT: {}
RESULT: {"using":"xpath","value":"//button[@data-kt=\"addOverflowToolbarButton\"]"}
COMMAND: POST /session/999fc64afd1230ec64a2dd58c909e126/elements - {"using":"xpath","value":"//button[@data-kt=\"addOverflowToolbarButton\"]"}
RESULT: {"using":"xpath","value":"//button[@data-kt=\"addOverflowToolbarButton\"]"}
COMMAND: POST /session/999fc64afd1230ec64a2dd58c909e126/element - {"using":"xpath","value":"//button[@data-kt=\"addOverflowToolbarButton\"]"}
RESULT: {"using":"xpath","value":"//button[@data-kt=\"addOverflowToolbarButton\"]"}
COMMAND: POST /session/999fc64afd1230ec64a2dd58c909e126/execute/sync - {"script":"<script> [8489 bytes]","args":[{"element-6066-11e4-a52e-4f735466cecf":"f.8D00E63E7445179AA59B17F8E6C27F98.d.3D495EBAC500E6D685D27AE803A521D6.e.8275","ELEMENT":"f.8D00E63E7445179AA59B17F8E6C27F98.d.3D495EBAC500E6D685D27AE803A521D6.e.8275"}]}
RESULT: {"script":"<script> [8489 bytes]","args":[{"element-6066-11e4-a52e-4f735466cecf":"f.8D00E63E7445179AA59B17F8E6C27F98.d.3D495EBAC500E6D685D27AE803A521D6.e.8275","ELEMENT":"f.8D00E63E7445179AA59B17F8E6C27F98.d.3D495EBAC500E6D685D27AE803A521D6.e.8275"}]}
COMMAND: GET /session/999fc64afd1230ec64a2dd58c909e126/element/f.8D00E63E7445179AA59B17F8E6C27F98.d.3D495EBAC500E6D685D27AE803A521D6.e.8275/enabled - {}
COMMAND: GET /session/999fc64afd1230ec64a2dd58c909e126/screenshot - {}
RESULT: {}
COMMAND: POST /session/999fc64afd1230ec64a2dd58c909e126/execute/sync - {"script":"<script> [8489 bytes]","args":[{"element-6066-11e4-a52e-4f735466cecf":"f.8D00E63E7445179AA59B17F8E6C27F98.d.3D495EBAC500E6D685D27AE803A521D6.e.8275","ELEMENT":"f.8D00E63E7445179AA59B17F8E6C27F98.d.3D495EBAC500E6D685D27AE803A521D6.e.8275"}]}
COMMAND: GET /session/999fc64afd1230ec64a2dd58c909e126/screenshot - {}
RESULT: {}
RESULT: {"script":"<script> [8489 bytes]","args":[{"element-6066-11e4-a52e-4f735466cecf":"f.8D00E63E7445179AA59B17F8E6C27F98.d.3D495EBAC500E6D685D27AE803A521D6.e.8275","ELEMENT":"f.8D00E63E7445179AA59B17F8E6C27F98.d.3D495EBAC500E6D685D27AE803A521D6.e.8275"}]}
COMMAND: POST /session/999fc64afd1230ec64a2dd58c909e126/execute/sync - {"script":"<script> [5351 bytes]","args":[{"element-6066-11e4-a52e-4f735466cecf":"f.8D00E63E7445179AA59B17F8E6C27F98.d.3D495EBAC500E6D685D27AE803A521D6.e.8275","ELEMENT":"f.8D00E63E7445179AA59B17F8E6C27F98.d.3D495EBAC500E6D685D27AE803A521D6.e.8275"}]}
COMMAND: GET /session/999fc64afd1230ec64a2dd58c909e126/screenshot - {}
RESULT: {}
RESULT: {"script":"<script> [5351 bytes]","args":[{"element-6066-11e4-a52e-4f735466cecf":"f.8D00E63E7445179AA59B17F8E6C27F98.d.3D495EBAC500E6D685D27AE803A521D6.e.8275","ELEMENT":"f.8D00E63E7445179AA59B17F8E6C27F98.d.3D495EBAC500E6D685D27AE803A521D6.e.8275"}]}
COMMAND: POST /session/999fc64afd1230ec64a2dd58c909e126/element/f.8D00E63E7445179AA59B17F8E6C27F98.d.3D495EBAC500E6D685D27AE803A521D6.e.8275/click - {}
COMMAND: GET /session/999fc64afd1230ec64a2dd58c909e126/screenshot - {}
RESULT: {}
RESULT: {}
COMMAND: GET /session/999fc64afd1230ec64a2dd58c909e126/screenshot - {}
RESULT: {}
RESULT: {}
COMMAND: POST /session/999fc64afd1230ec64a2dd58c909e126/execute/async - {"script":"<script> [1562 bytes]","args":[{"selector":{"id":"application-managesites-display-component---NewSite--addressDetailDetailsName1","interaction":{"idSuffix":"inner"}},"wdio_ui5_key":"applicationmanagesites-display-component---NewSite--addressDetailDetailsName1"}]}
RESULT: {"script":"<script> [1562 bytes]","args":[{"selector":{"id":"application-managesites-display-component---NewSite--addressDetailDetailsName1","interaction":{"idSuffix":"inner"}},"wdio_ui5_key":"applicationmanagesites-display-component---NewSite--addressDetailDetailsName1"}]}
RESULT: undefined
COMMAND: POST /session/999fc64afd1230ec64a2dd58c909e126/execute/async - {"script":"<script> [776 bytes]","args":[{"enterText":"Intracompany Site wdIO","selector":{"id":"application-managesites-display-component---NewSite--addressDetailDetailsName1","interaction":{"idSuffix":"inner"}},"clearTextFirst":true,"interactionType":"ENTER_TEXT"}]}
RESULT: {"script":"<script> [776 bytes]","args":[{"enterText":"Intracompany Site wdIO","selector":{"id":"application-managesites-display-component---NewSite--addressDetailDetailsName1","interaction":{"idSuffix":"inner"}},"clearTextFirst":true,"interactionType":"ENTER_TEXT"}]}
COMMAND: POST /session/999fc64afd1230ec64a2dd58c909e126/execute/async - {"script":"<script> [1562 bytes]","args":[{"selector":{"id":"application-managesites-display-component---NewSite--addressDetailDetailsLanguage-arrow"},"wdio_ui5_key":"applicationmanagesites-display-component---NewSite--addressDetailDetailsLanguage-arrow"}]}
RESULT: {"script":"<script> [1562 bytes]","args":[{"selector":{"id":"application-managesites-display-component---NewSite--addressDetailDetailsLanguage-arrow"},"wdio_ui5_key":"applicationmanagesites-display-component---NewSite--addressDetailDetailsLanguage-arrow"}]}
RESULT: undefined
COMMAND: POST /session/999fc64afd1230ec64a2dd58c909e126/element - {"using":"xpath","value":"//*[@id=\"application-managesites-display-component---NewSite--addressDetailDetailsLanguage-arrow\"]"}
RESULT: {"using":"xpath","value":"//*[@id=\"application-managesites-display-component---NewSite--addressDetailDetailsLanguage-arrow\"]"}
COMMAND: POST /session/999fc64afd1230ec64a2dd58c909e126/element/f.8D00E63E7445179AA59B17F8E6C27F98.d.3D495EBAC500E6D685D27AE803A521D6.e.8742/click - {}
RESULT: {}
COMMAND: POST /session/999fc64afd1230ec64a2dd58c909e126/element - {"using":"xpath","value":"//span[contains(text(), \"English\")]"}
COMMAND: GET /session/999fc64afd1230ec64a2dd58c909e126/screenshot - {}
RESULT: {"using":"xpath","value":"//span[contains(text(), \"English\")]"}
COMMAND: POST /session/999fc64afd1230ec64a2dd58c909e126/element/f.8D00E63E7445179AA59B17F8E6C27F98.d.3D495EBAC500E6D685D27AE803A521D6.e.8743/click - {}
RESULT: {}
RESULT: {}
COMMAND: POST /session/999fc64afd1230ec64a2dd58c909e126/execute/async - {"script":"<script> [1562 bytes]","args":[{"selector":{"id":"application-managesites-display-component---NewSite--addressDetailDetailsCity1","interaction":{"idSuffix":"inner"}},"wdio_ui5_key":"applicationmanagesites-display-component---NewSite--addressDetailDetailsCity1"}]}
COMMAND: GET /session/999fc64afd1230ec64a2dd58c909e126/screenshot - {}
RESULT: {"script":"<script> [1562 bytes]","args":[{"selector":{"id":"application-managesites-display-component---NewSite--addressDetailDetailsCity1","interaction":{"idSuffix":"inner"}},"wdio_ui5_key":"applicationmanagesites-display-component---NewSite--addressDetailDetailsCity1"}]}
RESULT: undefined
COMMAND: POST /session/999fc64afd1230ec64a2dd58c909e126/execute/async - {"script":"<script> [776 bytes]","args":[{"enterText":"Rosario","selector":{"id":"application-managesites-display-component---NewSite--addressDetailDetailsCity1","interaction":{"idSuffix":"inner"}},"clearTextFirst":true,"interactionType":"ENTER_TEXT"}]}
RESULT: {}
RESULT: {"script":"<script> [776 bytes]","args":[{"enterText":"Rosario","selector":{"id":"application-managesites-display-component---NewSite--addressDetailDetailsCity1","interaction":{"idSuffix":"inner"}},"clearTextFirst":true,"interactionType":"ENTER_TEXT"}]}
COMMAND: POST /session/999fc64afd1230ec64a2dd58c909e126/execute/async - {"script":"<script> [1562 bytes]","args":[{"selector":{"id":"application-managesites-display-component---NewSite--addressDetailDetailsCountry-arrow"},"wdio_ui5_key":"applicationmanagesites-display-component---NewSite--addressDetailDetailsCountry-arrow"}]}
RESULT: {"script":"<script> [1562 bytes]","args":[{"selector":{"id":"application-managesites-display-component---NewSite--addressDetailDetailsCountry-arrow"},"wdio_ui5_key":"applicationmanagesites-display-component---NewSite--addressDetailDetailsCountry-arrow"}]}
RESULT: undefined
COMMAND: POST /session/999fc64afd1230ec64a2dd58c909e126/element - {"using":"xpath","value":"//*[@id=\"application-managesites-display-component---NewSite--addressDetailDetailsCountry-arrow\"]"}
RESULT: {"using":"xpath","value":"//*[@id=\"application-managesites-display-component---NewSite--addressDetailDetailsCountry-arrow\"]"}
COMMAND: POST /session/999fc64afd1230ec64a2dd58c909e126/element/f.8D00E63E7445179AA59B17F8E6C27F98.d.3D495EBAC500E6D685D27AE803A521D6.e.8745/click - {}
RESULT: {}
COMMAND: POST /session/999fc64afd1230ec64a2dd58c909e126/element - {"using":"xpath","value":"//span[contains(text(), \"Argentina\")]"}
COMMAND: GET /session/999fc64afd1230ec64a2dd58c909e126/screenshot - {}
RESULT: {"using":"xpath","value":"//span[contains(text(), \"Argentina\")]"}
COMMAND: POST /session/999fc64afd1230ec64a2dd58c909e126/element/f.8D00E63E7445179AA59B17F8E6C27F98.d.3D495EBAC500E6D685D27AE803A521D6.e.8747/click - {}
RESULT: {}
RESULT: {}
COMMAND: GET /session/999fc64afd1230ec64a2dd58c909e126/screenshot - {}
RESULT: {}
COMMAND: POST /session/999fc64afd1230ec64a2dd58c909e126/execute/async - {"script":"<script> [1562 bytes]","args":[{"selector":{"id":"application-managesites-display-component---NewSite--addressEditDetailsCostObjectCstType-arrow"},"wdio_ui5_key":"applicationmanagesites-display-component---NewSite--addressEditDetailsCostObjectCstType-arrow"}]}
RESULT: {"script":"<script> [1562 bytes]","args":[{"selector":{"id":"application-managesites-display-component---NewSite--addressEditDetailsCostObjectCstType-arrow"},"wdio_ui5_key":"applicationmanagesites-display-component---NewSite--addressEditDetailsCostObjectCstType-arrow"}]}
RESULT: undefined
COMMAND: POST /session/999fc64afd1230ec64a2dd58c909e126/element - {"using":"xpath","value":"//*[@id=\"application-managesites-display-component---NewSite--addressEditDetailsCostObjectCstType-arrow\"]"}
RESULT: {"using":"xpath","value":"//*[@id=\"application-managesites-display-component---NewSite--addressEditDetailsCostObjectCstType-arrow\"]"}
COMMAND: POST /session/999fc64afd1230ec64a2dd58c909e126/element/f.8D00E63E7445179AA59B17F8E6C27F98.d.3D495EBAC500E6D685D27AE803A521D6.e.8748/click - {}
RESULT: {}
COMMAND: POST /session/999fc64afd1230ec64a2dd58c909e126/element - {"using":"xpath","value":"//span[contains(text(), \"Cost Center\")]"}
COMMAND: GET /session/999fc64afd1230ec64a2dd58c909e126/screenshot - {}
RESULT: {"using":"xpath","value":"//span[contains(text(), \"Cost Center\")]"}
COMMAND: POST /session/999fc64afd1230ec64a2dd58c909e126/element/f.8D00E63E7445179AA59B17F8E6C27F98.d.3D495EBAC500E6D685D27AE803A521D6.e.8749/click - {}
RESULT: {}
RESULT: {}
COMMAND: GET /session/999fc64afd1230ec64a2dd58c909e126/screenshot - {}
RESULT: {}
COMMAND: POST /session/999fc64afd1230ec64a2dd58c909e126/element - {"using":"xpath","value":"//span[@id=\"application-managesites-display-component---NewSite--addressNewCostObjectCstID-vhi\"]"}
RESULT: {"using":"xpath","value":"//span[@id=\"application-managesites-display-component---NewSite--addressNewCostObjectCstID-vhi\"]"}
COMMAND: POST /session/999fc64afd1230ec64a2dd58c909e126/execute/sync - {"script":"<script> [8489 bytes]","args":[{"element-6066-11e4-a52e-4f735466cecf":"f.8D00E63E7445179AA59B17F8E6C27F98.d.3D495EBAC500E6D685D27AE803A521D6.e.8753","ELEMENT":"f.8D00E63E7445179AA59B17F8E6C27F98.d.3D495EBAC500E6D685D27AE803A521D6.e.8753"}]}
RESULT: {"script":"<script> [8489 bytes]","args":[{"element-6066-11e4-a52e-4f735466cecf":"f.8D00E63E7445179AA59B17F8E6C27F98.d.3D495EBAC500E6D685D27AE803A521D6.e.8753","ELEMENT":"f.8D00E63E7445179AA59B17F8E6C27F98.d.3D495EBAC500E6D685D27AE803A521D6.e.8753"}]}
COMMAND: POST /session/999fc64afd1230ec64a2dd58c909e126/execute/async - {"script":"<script> [1562 bytes]","args":[{"selector":{"id":"application-managesites-display-component---NewSite--addressNewCostObjectCstID-vhi"},"wdio_ui5_key":"applicationmanagesites-display-component---NewSite--addressNewCostObjectCstID-vhi"}]}
COMMAND: GET /session/999fc64afd1230ec64a2dd58c909e126/screenshot - {}
RESULT: {"script":"<script> [1562 bytes]","args":[{"selector":{"id":"application-managesites-display-component---NewSite--addressNewCostObjectCstID-vhi"},"wdio_ui5_key":"applicationmanagesites-display-component---NewSite--addressNewCostObjectCstID-vhi"}]}
RESULT: undefined
COMMAND: POST /session/999fc64afd1230ec64a2dd58c909e126/element - {"using":"xpath","value":"//*[@id=\"application-managesites-display-component---NewSite--addressNewCostObjectCstID-vhi\"]"}
RESULT: {}
RESULT: {"using":"xpath","value":"//*[@id=\"application-managesites-display-component---NewSite--addressNewCostObjectCstID-vhi\"]"}
COMMAND: POST /session/999fc64afd1230ec64a2dd58c909e126/element/f.8D00E63E7445179AA59B17F8E6C27F98.d.3D495EBAC500E6D685D27AE803A521D6.e.8753/click - {}
RESULT: {}
COMMAND: GET /session/999fc64afd1230ec64a2dd58c909e126/screenshot - {}
RESULT: {}
RESULT: undefined
COMMAND: POST /session/999fc64afd1230ec64a2dd58c909e126/execute/async - {"script":"<script> [776 bytes]","args":[{"enterText":"10001013","selector":{"controlType":"sap.m.SearchField","properties":{"placeholder":"Search"},"searchOpenDialogs":true,"interaction":{"idSuffix":"I"}},"clearTextFirst":true,"interactionType":"ENTER_TEXT"}]}
RESULT: {"script":"<script> [776 bytes]","args":[{"enterText":"10001013","selector":{"controlType":"sap.m.SearchField","properties":{"placeholder":"Search"},"searchOpenDialogs":true,"interaction":{"idSuffix":"I"}},"clearTextFirst":true,"interactionType":"ENTER_TEXT"}]}
COMMAND: POST /session/999fc64afd1230ec64a2dd58c909e126/actions - {"actions":[{"id":"action28","type":"key","parameters":{},"actions":[{"type":"keyDown","value":"î€‡"},{"type":"pause","duration":10},{"type":"keyUp","value":"î€‡"}]}]}
RESULT: {"actions":[{"id":"action28","type":"key","parameters":{},"actions":[{"type":"keyDown","value":"î€‡"},{"type":"pause","duration":10},{"type":"keyUp","value":"î€‡"}]}]}
COMMAND: GET /session/999fc64afd1230ec64a2dd58c909e126/screenshot - {}
RESULT: {}
COMMAND: POST /session/999fc64afd1230ec64a2dd58c909e126/element - {"using":"xpath","value":"//span[contains(text(), \"General Management\")]"}
RESULT: {"using":"xpath","value":"//span[contains(text(), \"General Management\")]"}
COMMAND: POST /session/999fc64afd1230ec64a2dd58c909e126/element/f.8D00E63E7445179AA59B17F8E6C27F98.d.3D495EBAC500E6D685D27AE803A521D6.e.8793/click - {}
RESULT: {}
COMMAND: GET /session/999fc64afd1230ec64a2dd58c909e126/screenshot - {}
RESULT: {}
COMMAND: POST /session/999fc64afd1230ec64a2dd58c909e126/element - {"using":"xpath","value":"//bdi[contains(text(), \"OK\")]"}
RESULT: {"using":"xpath","value":"//bdi[contains(text(), \"OK\")]"}
COMMAND: POST /session/999fc64afd1230ec64a2dd58c909e126/element/f.8D00E63E7445179AA59B17F8E6C27F98.d.3D495EBAC500E6D685D27AE803A521D6.e.8794/click - {}
RESULT: {}
COMMAND: GET /session/999fc64afd1230ec64a2dd58c909e126/screenshot - {}
RESULT: {}
COMMAND: POST /session/999fc64afd1230ec64a2dd58c909e126/element - {"using":"xpath","value":"//input[@id=\"application-managesites-display-component---NewSite--addressDetailDetailsCalendar-inner\"]"}
RESULT: {"using":"xpath","value":"//input[@id=\"application-managesites-display-component---NewSite--addressDetailDetailsCalendar-inner\"]"}
COMMAND: POST /session/999fc64afd1230ec64a2dd58c909e126/element/f.8D00E63E7445179AA59B17F8E6C27F98.d.3D495EBAC500E6D685D27AE803A521D6.e.8535/clear - {}
RESULT: {}
COMMAND: POST /session/999fc64afd1230ec64a2dd58c909e126/element/f.8D00E63E7445179AA59B17F8E6C27F98.d.3D495EBAC500E6D685D27AE803A521D6.e.8535/value - {"text":"Unit"}
COMMAND: GET /session/999fc64afd1230ec64a2dd58c909e126/screenshot - {}
RESULT: {"text":"Unit"}
COMMAND: GET /session/999fc64afd1230ec64a2dd58c909e126/screenshot - {}
RESULT: {}
RESULT: {}
COMMAND: POST /session/999fc64afd1230ec64a2dd58c909e126/actions - {"actions":[{"id":"action29","type":"key","parameters":{},"actions":[{"type":"keyDown","value":"î€‡"},{"type":"pause","duration":10},{"type":"keyUp","value":"î€‡"}]}]}
RESULT: {"actions":[{"id":"action29","type":"key","parameters":{},"actions":[{"type":"keyDown","value":"î€‡"},{"type":"pause","duration":10},{"type":"keyUp","value":"î€‡"}]}]}
COMMAND: POST /session/999fc64afd1230ec64a2dd58c909e126/element - {"using":"xpath","value":"//input[@id=\"application-managesites-display-component---NewSite--addressDetailDetailsYard-inner\"]"}
COMMAND: GET /session/999fc64afd1230ec64a2dd58c909e126/screenshot - {}
RESULT: {"using":"xpath","value":"//input[@id=\"application-managesites-display-component---NewSite--addressDetailDetailsYard-inner\"]"}
COMMAND: POST /session/999fc64afd1230ec64a2dd58c909e126/element/f.8D00E63E7445179AA59B17F8E6C27F98.d.3D495EBAC500E6D685D27AE803A521D6.e.8536/clear - {}
RESULT: {}
RESULT: {}
COMMAND: POST /session/999fc64afd1230ec64a2dd58c909e126/element/f.8D00E63E7445179AA59B17F8E6C27F98.d.3D495EBAC500E6D685D27AE803A521D6.e.8536/value - {"text":"619"}
COMMAND: GET /session/999fc64afd1230ec64a2dd58c909e126/screenshot - {}
RESULT: {"text":"619"}
COMMAND: GET /session/999fc64afd1230ec64a2dd58c909e126/screenshot - {}
RESULT: {}
RESULT: {}
COMMAND: POST /session/999fc64afd1230ec64a2dd58c909e126/element - {"using":"xpath","value":"//li[.//span[text()='619']]"}
RESULT: {"using":"xpath","value":"//li[.//span[text()='619']]"}
COMMAND: POST /session/999fc64afd1230ec64a2dd58c909e126/element/f.8D00E63E7445179AA59B17F8E6C27F98.d.3D495EBAC500E6D685D27AE803A521D6.e.8802/click - {}
RESULT: {}
COMMAND: GET /session/999fc64afd1230ec64a2dd58c909e126/screenshot - {}
RESULT: {}
COMMAND: POST /session/999fc64afd1230ec64a2dd58c909e126/element - {"using":"xpath","value":"//input[@id=\"application-managesites-display-component---NewSite--addressDetailDetailsPartner-inner\"]"}
RESULT: {"using":"xpath","value":"//input[@id=\"application-managesites-display-component---NewSite--addressDetailDetailsPartner-inner\"]"}
COMMAND: POST /session/999fc64afd1230ec64a2dd58c909e126/element - {"using":"xpath","value":"//input[@id=\"application-managesites-display-component---NewSite--addressDetailDetailsPartner-inner\"]"}
RESULT: {"using":"xpath","value":"//input[@id=\"application-managesites-display-component---NewSite--addressDetailDetailsPartner-inner\"]"}
COMMAND: POST /session/999fc64afd1230ec64a2dd58c909e126/element - {"using":"xpath","value":"//button[@data-kt=\"saveButton\"]"}
RESULT: {"using":"xpath","value":"//button[@data-kt=\"saveButton\"]"}
COMMAND: POST /session/999fc64afd1230ec64a2dd58c909e126/element/f.8D00E63E7445179AA59B17F8E6C27F98.d.3D495EBAC500E6D685D27AE803A521D6.e.8696/click - {}
RESULT: {}
COMMAND: GET /session/999fc64afd1230ec64a2dd58c909e126/screenshot - {}
RESULT: {}
COMMAND: POST /session/999fc64afd1230ec64a2dd58c909e126/element - {"using":"xpath","value":"//header[contains(@id, 'ObjectPageLayout-headerTitle')]/div[1]/div[2]/div[2]/span[1]"}
RESULT: {"using":"xpath","value":"//header[contains(@id, 'ObjectPageLayout-headerTitle')]/div[1]/div[2]/div[2]/span[1]"}
COMMAND: POST /session/999fc64afd1230ec64a2dd58c909e126/elements - {"using":"xpath","value":"//header[contains(@id, 'ObjectPageLayout-headerTitle')]/div[1]/div[2]/div[2]/span[1]"}
RESULT: {"using":"xpath","value":"//header[contains(@id, 'ObjectPageLayout-headerTitle')]/div[1]/div[2]/div[2]/span[1]"}
COMMAND: POST /session/999fc64afd1230ec64a2dd58c909e126/execute/sync - {"script":"<script> [56 bytes]","args":[{"element-6066-11e4-a52e-4f735466cecf":"f.8D00E63E7445179AA59B17F8E6C27F98.d.3D495EBAC500E6D685D27AE803A521D6.e.9007","ELEMENT":"f.8D00E63E7445179AA59B17F8E6C27F98.d.3D495EBAC500E6D685D27AE803A521D6.e.9007"}]}
RESULT: {"script":"<script> [56 bytes]","args":[{"element-6066-11e4-a52e-4f735466cecf":"f.8D00E63E7445179AA59B17F8E6C27F98.d.3D495EBAC500E6D685D27AE803A521D6.e.9007","ELEMENT":"f.8D00E63E7445179AA59B17F8E6C27F98.d.3D495EBAC500E6D685D27AE803A521D6.e.9007"}]}
COMMAND: POST /session/999fc64afd1230ec64a2dd58c909e126/element - {"using":"css selector","value":"#shell-header-logo"}
COMMAND: GET /session/999fc64afd1230ec64a2dd58c909e126/screenshot - {}
RESULT: {"using":"css selector","value":"#shell-header-logo"}
COMMAND: POST /session/999fc64afd1230ec64a2dd58c909e126/element/f.8D00E63E7445179AA59B17F8E6C27F98.d.3D495EBAC500E6D685D27AE803A521D6.e.8242/click - {}
RESULT: {}
RESULT: {}
COMMAND: GET /session/999fc64afd1230ec64a2dd58c909e126/screenshot - {}
RESULT: {}
COMMAND: POST /session/999fc64afd1230ec64a2dd58c909e126/execute/sync - {"script":"<script> [299 bytes]","args":[["getModel","getResource"]]}
RESULT: {"script":"<script> [299 bytes]","args":[["getModel","getResource"]]}
COMMAND: GET /session/999fc64afd1230ec64a2dd58c909e126/screenshot - {}
]]></system-out>
    </testcase>
    <testcase classname="chrome.135_0_7049_96.windows.Billing_Transfer_-_Intracompany_US127249" name="Should create a new equipment" time="111.753">
      <system-out><![CDATA[
COMMAND: POST /session/999fc64afd1230ec64a2dd58c909e126/execute/async - {"script":"<script> [1562 bytes]","args":[{"selector":{"controlType":"sap.m.GenericTile","properties":{"header":"Manage Resources"}},"wdio_ui5_key":"sapm.GenericTile{\"header\":\"Manage Resources\"}"}]}
RESULT: {}
RESULT: {"script":"<script> [1562 bytes]","args":[{"selector":{"controlType":"sap.m.GenericTile","properties":{"header":"Manage Resources"}},"wdio_ui5_key":"sapm.GenericTile{\"header\":\"Manage Resources\"}"}]}
RESULT: undefined
COMMAND: POST /session/999fc64afd1230ec64a2dd58c909e126/element - {"using":"xpath","value":"//*[@id=\"__tile39\"]"}
RESULT: {"using":"xpath","value":"//*[@id=\"__tile39\"]"}
COMMAND: POST /session/999fc64afd1230ec64a2dd58c909e126/element/f.8D00E63E7445179AA59B17F8E6C27F98.d.3D495EBAC500E6D685D27AE803A521D6.e.6580/click - {}
RESULT: {}
COMMAND: POST /session/999fc64afd1230ec64a2dd58c909e126/element - {"using":"xpath","value":"//button[@data-kt=\"addNewRUOverflowToolbarButton\"]"}
COMMAND: GET /session/999fc64afd1230ec64a2dd58c909e126/screenshot - {}
RESULT: {"using":"xpath","value":"//button[@data-kt=\"addNewRUOverflowToolbarButton\"]"}
COMMAND: POST /session/999fc64afd1230ec64a2dd58c909e126/elements - {"using":"xpath","value":"//button[@data-kt=\"addNewRUOverflowToolbarButton\"]"}
RESULT: {}
RESULT: {"using":"xpath","value":"//button[@data-kt=\"addNewRUOverflowToolbarButton\"]"}
COMMAND: POST /session/999fc64afd1230ec64a2dd58c909e126/elements - {"using":"xpath","value":"//button[@data-kt=\"addNewRUOverflowToolbarButton\"]"}
RESULT: {"using":"xpath","value":"//button[@data-kt=\"addNewRUOverflowToolbarButton\"]"}
COMMAND: POST /session/999fc64afd1230ec64a2dd58c909e126/elements - {"using":"xpath","value":"//button[@data-kt=\"addNewRUOverflowToolbarButton\"]"}
RESULT: {"using":"xpath","value":"//button[@data-kt=\"addNewRUOverflowToolbarButton\"]"}
COMMAND: POST /session/999fc64afd1230ec64a2dd58c909e126/elements - {"using":"xpath","value":"//button[@data-kt=\"addNewRUOverflowToolbarButton\"]"}
RESULT: {"using":"xpath","value":"//button[@data-kt=\"addNewRUOverflowToolbarButton\"]"}
COMMAND: POST /session/999fc64afd1230ec64a2dd58c909e126/elements - {"using":"xpath","value":"//button[@data-kt=\"addNewRUOverflowToolbarButton\"]"}
RESULT: {"using":"xpath","value":"//button[@data-kt=\"addNewRUOverflowToolbarButton\"]"}
COMMAND: POST /session/999fc64afd1230ec64a2dd58c909e126/elements - {"using":"xpath","value":"//button[@data-kt=\"addNewRUOverflowToolbarButton\"]"}
RESULT: {"using":"xpath","value":"//button[@data-kt=\"addNewRUOverflowToolbarButton\"]"}
COMMAND: POST /session/999fc64afd1230ec64a2dd58c909e126/elements - {"using":"xpath","value":"//button[@data-kt=\"addNewRUOverflowToolbarButton\"]"}
RESULT: {"using":"xpath","value":"//button[@data-kt=\"addNewRUOverflowToolbarButton\"]"}
COMMAND: POST /session/999fc64afd1230ec64a2dd58c909e126/elements - {"using":"xpath","value":"//button[@data-kt=\"addNewRUOverflowToolbarButton\"]"}
RESULT: {"using":"xpath","value":"//button[@data-kt=\"addNewRUOverflowToolbarButton\"]"}
COMMAND: POST /session/999fc64afd1230ec64a2dd58c909e126/elements - {"using":"xpath","value":"//button[@data-kt=\"addNewRUOverflowToolbarButton\"]"}
RESULT: {"using":"xpath","value":"//button[@data-kt=\"addNewRUOverflowToolbarButton\"]"}
COMMAND: POST /session/999fc64afd1230ec64a2dd58c909e126/elements - {"using":"xpath","value":"//button[@data-kt=\"addNewRUOverflowToolbarButton\"]"}
RESULT: {"using":"xpath","value":"//button[@data-kt=\"addNewRUOverflowToolbarButton\"]"}
COMMAND: POST /session/999fc64afd1230ec64a2dd58c909e126/element - {"using":"xpath","value":"//button[@data-kt=\"addNewRUOverflowToolbarButton\"]"}
RESULT: {"using":"xpath","value":"//button[@data-kt=\"addNewRUOverflowToolbarButton\"]"}
COMMAND: POST /session/999fc64afd1230ec64a2dd58c909e126/execute/sync - {"script":"<script> [8489 bytes]","args":[{"element-6066-11e4-a52e-4f735466cecf":"f.8D00E63E7445179AA59B17F8E6C27F98.d.3D495EBAC500E6D685D27AE803A521D6.e.9052","ELEMENT":"f.8D00E63E7445179AA59B17F8E6C27F98.d.3D495EBAC500E6D685D27AE803A521D6.e.9052"}]}
RESULT: {"script":"<script> [8489 bytes]","args":[{"element-6066-11e4-a52e-4f735466cecf":"f.8D00E63E7445179AA59B17F8E6C27F98.d.3D495EBAC500E6D685D27AE803A521D6.e.9052","ELEMENT":"f.8D00E63E7445179AA59B17F8E6C27F98.d.3D495EBAC500E6D685D27AE803A521D6.e.9052"}]}
COMMAND: GET /session/999fc64afd1230ec64a2dd58c909e126/element/f.8D00E63E7445179AA59B17F8E6C27F98.d.3D495EBAC500E6D685D27AE803A521D6.e.9052/enabled - {}
COMMAND: GET /session/999fc64afd1230ec64a2dd58c909e126/screenshot - {}
RESULT: {}
COMMAND: POST /session/999fc64afd1230ec64a2dd58c909e126/execute/sync - {"script":"<script> [8489 bytes]","args":[{"element-6066-11e4-a52e-4f735466cecf":"f.8D00E63E7445179AA59B17F8E6C27F98.d.3D495EBAC500E6D685D27AE803A521D6.e.9052","ELEMENT":"f.8D00E63E7445179AA59B17F8E6C27F98.d.3D495EBAC500E6D685D27AE803A521D6.e.9052"}]}
COMMAND: GET /session/999fc64afd1230ec64a2dd58c909e126/screenshot - {}
RESULT: {}
RESULT: {"script":"<script> [8489 bytes]","args":[{"element-6066-11e4-a52e-4f735466cecf":"f.8D00E63E7445179AA59B17F8E6C27F98.d.3D495EBAC500E6D685D27AE803A521D6.e.9052","ELEMENT":"f.8D00E63E7445179AA59B17F8E6C27F98.d.3D495EBAC500E6D685D27AE803A521D6.e.9052"}]}
COMMAND: POST /session/999fc64afd1230ec64a2dd58c909e126/execute/sync - {"script":"<script> [5351 bytes]","args":[{"element-6066-11e4-a52e-4f735466cecf":"f.8D00E63E7445179AA59B17F8E6C27F98.d.3D495EBAC500E6D685D27AE803A521D6.e.9052","ELEMENT":"f.8D00E63E7445179AA59B17F8E6C27F98.d.3D495EBAC500E6D685D27AE803A521D6.e.9052"}]}
COMMAND: GET /session/999fc64afd1230ec64a2dd58c909e126/screenshot - {}
RESULT: {}
RESULT: {"script":"<script> [5351 bytes]","args":[{"element-6066-11e4-a52e-4f735466cecf":"f.8D00E63E7445179AA59B17F8E6C27F98.d.3D495EBAC500E6D685D27AE803A521D6.e.9052","ELEMENT":"f.8D00E63E7445179AA59B17F8E6C27F98.d.3D495EBAC500E6D685D27AE803A521D6.e.9052"}]}
COMMAND: POST /session/999fc64afd1230ec64a2dd58c909e126/element/f.8D00E63E7445179AA59B17F8E6C27F98.d.3D495EBAC500E6D685D27AE803A521D6.e.9052/click - {}
COMMAND: GET /session/999fc64afd1230ec64a2dd58c909e126/screenshot - {}
RESULT: {}
RESULT: {}
COMMAND: GET /session/999fc64afd1230ec64a2dd58c909e126/screenshot - {}
RESULT: {}
RESULT: {}
COMMAND: POST /session/999fc64afd1230ec64a2dd58c909e126/execute/async - {"script":"<script> [1562 bytes]","args":[{"selector":{"id":"application-manageresources-display-component---newResourceUnit--TYPE-arrow"},"wdio_ui5_key":"applicationmanageresources-display-component---newResourceUnit--TYPE-arrow"}]}
RESULT: {"script":"<script> [1562 bytes]","args":[{"selector":{"id":"application-manageresources-display-component---newResourceUnit--TYPE-arrow"},"wdio_ui5_key":"applicationmanageresources-display-component---newResourceUnit--TYPE-arrow"}]}
RESULT: undefined
COMMAND: POST /session/999fc64afd1230ec64a2dd58c909e126/element - {"using":"xpath","value":"//*[@id=\"application-manageresources-display-component---newResourceUnit--TYPE-arrow\"]"}
RESULT: {"using":"xpath","value":"//*[@id=\"application-manageresources-display-component---newResourceUnit--TYPE-arrow\"]"}
COMMAND: POST /session/999fc64afd1230ec64a2dd58c909e126/element/f.8D00E63E7445179AA59B17F8E6C27F98.d.3D495EBAC500E6D685D27AE803A521D6.e.9417/click - {}
RESULT: {}
COMMAND: POST /session/999fc64afd1230ec64a2dd58c909e126/element - {"using":"xpath","value":"//input[@id=\"application-manageresources-display-component---newResourceUnit--TYPE-inner\"]"}
COMMAND: GET /session/999fc64afd1230ec64a2dd58c909e126/screenshot - {}
RESULT: {"using":"xpath","value":"//input[@id=\"application-manageresources-display-component---newResourceUnit--TYPE-inner\"]"}
COMMAND: POST /session/999fc64afd1230ec64a2dd58c909e126/element/f.8D00E63E7445179AA59B17F8E6C27F98.d.3D495EBAC500E6D685D27AE803A521D6.e.9390/clear - {}
RESULT: {}
RESULT: {}
COMMAND: POST /session/999fc64afd1230ec64a2dd58c909e126/element/f.8D00E63E7445179AA59B17F8E6C27F98.d.3D495EBAC500E6D685D27AE803A521D6.e.9390/value - {"text":"Equipment"}
COMMAND: GET /session/999fc64afd1230ec64a2dd58c909e126/screenshot - {}
RESULT: {"text":"Equipment"}
COMMAND: GET /session/999fc64afd1230ec64a2dd58c909e126/screenshot - {}
RESULT: {}
RESULT: {}
COMMAND: POST /session/999fc64afd1230ec64a2dd58c909e126/actions - {"actions":[{"id":"action30","type":"key","parameters":{},"actions":[{"type":"keyDown","value":"î€‡"},{"type":"pause","duration":10},{"type":"keyUp","value":"î€‡"}]}]}
RESULT: {"actions":[{"id":"action30","type":"key","parameters":{},"actions":[{"type":"keyDown","value":"î€‡"},{"type":"pause","duration":10},{"type":"keyUp","value":"î€‡"}]}]}
COMMAND: POST /session/999fc64afd1230ec64a2dd58c909e126/execute/async - {"script":"<script> [1562 bytes]","args":[{"selector":{"id":"application-manageresources-display-component---newResourceUnit--resourceId","interaction":{"idSuffix":"inner"}},"wdio_ui5_key":"applicationmanageresources-display-component---newResourceUnit--resourceId"}]}
COMMAND: GET /session/999fc64afd1230ec64a2dd58c909e126/screenshot - {}
RESULT: {"script":"<script> [1562 bytes]","args":[{"selector":{"id":"application-manageresources-display-component---newResourceUnit--resourceId","interaction":{"idSuffix":"inner"}},"wdio_ui5_key":"applicationmanageresources-display-component---newResourceUnit--resourceId"}]}
RESULT: undefined
COMMAND: POST /session/999fc64afd1230ec64a2dd58c909e126/execute/async - {"script":"<script> [776 bytes]","args":[{"enterText":"8JsqujYAiN","selector":{"id":"application-manageresources-display-component---newResourceUnit--resourceId","interaction":{"idSuffix":"inner"}},"clearTextFirst":true,"interactionType":"ENTER_TEXT"}]}
RESULT: {}
RESULT: {"script":"<script> [776 bytes]","args":[{"enterText":"8JsqujYAiN","selector":{"id":"application-manageresources-display-component---newResourceUnit--resourceId","interaction":{"idSuffix":"inner"}},"clearTextFirst":true,"interactionType":"ENTER_TEXT"}]}
COMMAND: POST /session/999fc64afd1230ec64a2dd58c909e126/execute/async - {"script":"<script> [1562 bytes]","args":[{"selector":{"id":"application-manageresources-display-component---newResourceUnit--SHORT_TEXT","interaction":{"idSuffix":"inner"}},"wdio_ui5_key":"applicationmanageresources-display-component---newResourceUnit--SHORT_TEXT"}]}
RESULT: {"script":"<script> [1562 bytes]","args":[{"selector":{"id":"application-manageresources-display-component---newResourceUnit--SHORT_TEXT","interaction":{"idSuffix":"inner"}},"wdio_ui5_key":"applicationmanageresources-display-component---newResourceUnit--SHORT_TEXT"}]}
RESULT: undefined
COMMAND: POST /session/999fc64afd1230ec64a2dd58c909e126/execute/async - {"script":"<script> [776 bytes]","args":[{"enterText":"Intercompany Equipment WDIO","selector":{"id":"application-manageresources-display-component---newResourceUnit--SHORT_TEXT","interaction":{"idSuffix":"inner"}},"clearTextFirst":true,"interactionType":"ENTER_TEXT"}]}
RESULT: {"script":"<script> [776 bytes]","args":[{"enterText":"Intercompany Equipment WDIO","selector":{"id":"application-manageresources-display-component---newResourceUnit--SHORT_TEXT","interaction":{"idSuffix":"inner"}},"clearTextFirst":true,"interactionType":"ENTER_TEXT"}]}
COMMAND: POST /session/999fc64afd1230ec64a2dd58c909e126/execute/async - {"script":"<script> [1562 bytes]","args":[{"selector":{"id":"application-manageresources-display-component---newResourceUnit--BASE_UNIT_OF_MEASURE","interaction":{"idSuffix":"inner"}},"wdio_ui5_key":"applicationmanageresources-display-component---newResourceUnit--BASE_UNIT_OF_MEASURE"}]}
RESULT: {"script":"<script> [1562 bytes]","args":[{"selector":{"id":"application-manageresources-display-component---newResourceUnit--BASE_UNIT_OF_MEASURE","interaction":{"idSuffix":"inner"}},"wdio_ui5_key":"applicationmanageresources-display-component---newResourceUnit--BASE_UNIT_OF_MEASURE"}]}
RESULT: undefined
COMMAND: POST /session/999fc64afd1230ec64a2dd58c909e126/execute/async - {"script":"<script> [776 bytes]","args":[{"enterText":"Piece","selector":{"id":"application-manageresources-display-component---newResourceUnit--BASE_UNIT_OF_MEASURE","interaction":{"idSuffix":"inner"}},"clearTextFirst":true,"interactionType":"ENTER_TEXT"}]}
RESULT: {"script":"<script> [776 bytes]","args":[{"enterText":"Piece","selector":{"id":"application-manageresources-display-component---newResourceUnit--BASE_UNIT_OF_MEASURE","interaction":{"idSuffix":"inner"}},"clearTextFirst":true,"interactionType":"ENTER_TEXT"}]}
COMMAND: POST /session/999fc64afd1230ec64a2dd58c909e126/execute/async - {"script":"<script> [1562 bytes]","args":[{"selector":{"id":"application-manageresources-display-component---newResourceUnit--WEIGHT_UNIT","interaction":{"idSuffix":"inner"}},"wdio_ui5_key":"applicationmanageresources-display-component---newResourceUnit--WEIGHT_UNIT"}]}
RESULT: {"script":"<script> [1562 bytes]","args":[{"selector":{"id":"application-manageresources-display-component---newResourceUnit--WEIGHT_UNIT","interaction":{"idSuffix":"inner"}},"wdio_ui5_key":"applicationmanageresources-display-component---newResourceUnit--WEIGHT_UNIT"}]}
RESULT: undefined
COMMAND: POST /session/999fc64afd1230ec64a2dd58c909e126/execute/async - {"script":"<script> [776 bytes]","args":[{"enterText":"Gram","selector":{"id":"application-manageresources-display-component---newResourceUnit--WEIGHT_UNIT","interaction":{"idSuffix":"inner"}},"clearTextFirst":true,"interactionType":"ENTER_TEXT"}]}
RESULT: {"script":"<script> [776 bytes]","args":[{"enterText":"Gram","selector":{"id":"application-manageresources-display-component---newResourceUnit--WEIGHT_UNIT","interaction":{"idSuffix":"inner"}},"clearTextFirst":true,"interactionType":"ENTER_TEXT"}]}
COMMAND: POST /session/999fc64afd1230ec64a2dd58c909e126/execute/async - {"script":"<script> [1562 bytes]","args":[{"selector":{"id":"application-manageresources-display-component---newResourceUnit--DIMENSION_UNIT","interaction":{"idSuffix":"inner"}},"wdio_ui5_key":"applicationmanageresources-display-component---newResourceUnit--DIMENSION_UNIT"}]}
RESULT: {"script":"<script> [1562 bytes]","args":[{"selector":{"id":"application-manageresources-display-component---newResourceUnit--DIMENSION_UNIT","interaction":{"idSuffix":"inner"}},"wdio_ui5_key":"applicationmanageresources-display-component---newResourceUnit--DIMENSION_UNIT"}]}
RESULT: undefined
COMMAND: POST /session/999fc64afd1230ec64a2dd58c909e126/execute/async - {"script":"<script> [776 bytes]","args":[{"enterText":"Meter","selector":{"id":"application-manageresources-display-component---newResourceUnit--DIMENSION_UNIT","interaction":{"idSuffix":"inner"}},"clearTextFirst":true,"interactionType":"ENTER_TEXT"}]}
RESULT: {"script":"<script> [776 bytes]","args":[{"enterText":"Meter","selector":{"id":"application-manageresources-display-component---newResourceUnit--DIMENSION_UNIT","interaction":{"idSuffix":"inner"}},"clearTextFirst":true,"interactionType":"ENTER_TEXT"}]}
COMMAND: POST /session/999fc64afd1230ec64a2dd58c909e126/execute/async - {"script":"<script> [1562 bytes]","args":[{"selector":{"id":"application-manageresources-display-component---newResourceUnit--newRRUPage-anchBar-application-manageresources-display-component---newResourceUnit--control-anchor","interaction":{"idSuffix":"BDI-content"}},"wdio_ui5_key":"applicationmanageresources-display-component---newResourceUnit--newRRUPage-anchBar-application-manageresources-display-component---newResourceUnit--control-anchor"}]}
RESULT: {"script":"<script> [1562 bytes]","args":[{"selector":{"id":"application-manageresources-display-component---newResourceUnit--newRRUPage-anchBar-application-manageresources-display-component---newResourceUnit--control-anchor","interaction":{"idSuffix":"BDI-content"}},"wdio_ui5_key":"applicationmanageresources-display-component---newResourceUnit--newRRUPage-anchBar-application-manageresources-display-component---newResourceUnit--control-anchor"}]}
RESULT: undefined
COMMAND: POST /session/999fc64afd1230ec64a2dd58c909e126/element - {"using":"xpath","value":"//*[@id=\"application-manageresources-display-component---newResourceUnit--newRRUPage-anchBar-application-manageresources-display-component---newResourceUnit--control-anchor\"]"}
RESULT: {"using":"xpath","value":"//*[@id=\"application-manageresources-display-component---newResourceUnit--newRRUPage-anchBar-application-manageresources-display-component---newResourceUnit--control-anchor\"]"}
COMMAND: POST /session/999fc64afd1230ec64a2dd58c909e126/element/f.8D00E63E7445179AA59B17F8E6C27F98.d.3D495EBAC500E6D685D27AE803A521D6.e.9549/click - {}
RESULT: {}
COMMAND: POST /session/999fc64afd1230ec64a2dd58c909e126/execute/async - {"script":"<script> [1562 bytes]","args":[{"selector":{"id":"application-manageresources-display-component---newResourceUnit--PLANNING_GROUP","interaction":{"idSuffix":"inner"}},"wdio_ui5_key":"applicationmanageresources-display-component---newResourceUnit--PLANNING_GROUP"}]}
COMMAND: GET /session/999fc64afd1230ec64a2dd58c909e126/screenshot - {}
RESULT: {"script":"<script> [1562 bytes]","args":[{"selector":{"id":"application-manageresources-display-component---newResourceUnit--PLANNING_GROUP","interaction":{"idSuffix":"inner"}},"wdio_ui5_key":"applicationmanageresources-display-component---newResourceUnit--PLANNING_GROUP"}]}
RESULT: undefined
COMMAND: POST /session/999fc64afd1230ec64a2dd58c909e126/execute/async - {"script":"<script> [776 bytes]","args":[{"enterText":"Heavy Equi","selector":{"id":"application-manageresources-display-component---newResourceUnit--PLANNING_GROUP","interaction":{"idSuffix":"inner"}},"clearTextFirst":true,"interactionType":"ENTER_TEXT"}]}
RESULT: {}
RESULT: {"script":"<script> [776 bytes]","args":[{"enterText":"Heavy Equi","selector":{"id":"application-manageresources-display-component---newResourceUnit--PLANNING_GROUP","interaction":{"idSuffix":"inner"}},"clearTextFirst":true,"interactionType":"ENTER_TEXT"}]}
COMMAND: POST /session/999fc64afd1230ec64a2dd58c909e126/execute/async - {"script":"<script> [1562 bytes]","args":[{"selector":{"id":"application-manageresources-display-component---newResourceUnit--ITEM_TYPE-arrow"},"wdio_ui5_key":"applicationmanageresources-display-component---newResourceUnit--ITEM_TYPE-arrow"}]}
RESULT: {"script":"<script> [1562 bytes]","args":[{"selector":{"id":"application-manageresources-display-component---newResourceUnit--ITEM_TYPE-arrow"},"wdio_ui5_key":"applicationmanageresources-display-component---newResourceUnit--ITEM_TYPE-arrow"}]}
RESULT: undefined
COMMAND: POST /session/999fc64afd1230ec64a2dd58c909e126/element - {"using":"xpath","value":"//*[@id=\"application-manageresources-display-component---newResourceUnit--ITEM_TYPE-arrow\"]"}
RESULT: {"using":"xpath","value":"//*[@id=\"application-manageresources-display-component---newResourceUnit--ITEM_TYPE-arrow\"]"}
COMMAND: POST /session/999fc64afd1230ec64a2dd58c909e126/element/f.8D00E63E7445179AA59B17F8E6C27F98.d.3D495EBAC500E6D685D27AE803A521D6.e.9558/click - {}
RESULT: {}
COMMAND: POST /session/999fc64afd1230ec64a2dd58c909e126/element - {"using":"xpath","value":"(//span[contains(text(), \"Resource Unit\")])[2]"}
COMMAND: GET /session/999fc64afd1230ec64a2dd58c909e126/screenshot - {}
RESULT: {"using":"xpath","value":"(//span[contains(text(), \"Resource Unit\")])[2]"}
COMMAND: POST /session/999fc64afd1230ec64a2dd58c909e126/element/f.8D00E63E7445179AA59B17F8E6C27F98.d.3D495EBAC500E6D685D27AE803A521D6.e.9559/click - {}
RESULT: {}
RESULT: {}
COMMAND: GET /session/999fc64afd1230ec64a2dd58c909e126/screenshot - {}
RESULT: {}
COMMAND: POST /session/999fc64afd1230ec64a2dd58c909e126/element - {"using":"css selector","value":"#application-manageresources-display-component---newResourceUnit--btnAddTimeSegment"}
RESULT: {"using":"css selector","value":"#application-manageresources-display-component---newResourceUnit--btnAddTimeSegment"}
COMMAND: GET /session/999fc64afd1230ec64a2dd58c909e126/element/f.8D00E63E7445179AA59B17F8E6C27F98.d.3D495EBAC500E6D685D27AE803A521D6.e.9560/rect - {}
RESULT: {}
COMMAND: GET /session/999fc64afd1230ec64a2dd58c909e126/window/rect - {}
RESULT: {}
COMMAND: POST /session/999fc64afd1230ec64a2dd58c909e126/execute/sync - {"script":"<script> [92 bytes]","args":[]}
RESULT: {"script":"<script> [92 bytes]","args":[]}
COMMAND: POST /session/999fc64afd1230ec64a2dd58c909e126/actions - {"actions":[{"id":"action31","type":"wheel","parameters":{},"actions":[{"type":"scroll","x":-1888,"y":-32,"deltaX":0,"deltaY":0,"duration":0,"origin":{"element-6066-11e4-a52e-4f735466cecf":"f.8D00E63E7445179AA59B17F8E6C27F98.d.3D495EBAC500E6D685D27AE803A521D6.e.9560"}}]}]}
COMMAND: GET /session/999fc64afd1230ec64a2dd58c909e126/screenshot - {}
RESULT: {}
COMMAND: POST /session/999fc64afd1230ec64a2dd58c909e126/execute/sync - {"script":"<script> [79 bytes]","args":[{"element-6066-11e4-a52e-4f735466cecf":"f.8D00E63E7445179AA59B17F8E6C27F98.d.3D495EBAC500E6D685D27AE803A521D6.e.9560","ELEMENT":"f.8D00E63E7445179AA59B17F8E6C27F98.d.3D495EBAC500E6D685D27AE803A521D6.e.9560"},{"block":"start","inline":"nearest"}]}
RESULT: {"script":"<script> [79 bytes]","args":[{"element-6066-11e4-a52e-4f735466cecf":"f.8D00E63E7445179AA59B17F8E6C27F98.d.3D495EBAC500E6D685D27AE803A521D6.e.9560","ELEMENT":"f.8D00E63E7445179AA59B17F8E6C27F98.d.3D495EBAC500E6D685D27AE803A521D6.e.9560"},{"block":"start","inline":"nearest"}]}
COMMAND: POST /session/999fc64afd1230ec64a2dd58c909e126/execute/async - {"script":"<script> [1562 bytes]","args":[{"selector":{"id":"application-manageresources-display-component---newResourceUnit--btnAddTimeSegment","interaction":{"idSuffix":"inner"}},"wdio_ui5_key":"applicationmanageresources-display-component---newResourceUnit--btnAddTimeSegment"}]}
COMMAND: GET /session/999fc64afd1230ec64a2dd58c909e126/screenshot - {}
RESULT: {"script":"<script> [1562 bytes]","args":[{"selector":{"id":"application-manageresources-display-component---newResourceUnit--btnAddTimeSegment","interaction":{"idSuffix":"inner"}},"wdio_ui5_key":"applicationmanageresources-display-component---newResourceUnit--btnAddTimeSegment"}]}
RESULT: undefined
COMMAND: POST /session/999fc64afd1230ec64a2dd58c909e126/element - {"using":"xpath","value":"//*[@id=\"application-manageresources-display-component---newResourceUnit--btnAddTimeSegment\"]"}
RESULT: {}
RESULT: {"using":"xpath","value":"//*[@id=\"application-manageresources-display-component---newResourceUnit--btnAddTimeSegment\"]"}
COMMAND: POST /session/999fc64afd1230ec64a2dd58c909e126/element/f.8D00E63E7445179AA59B17F8E6C27F98.d.3D495EBAC500E6D685D27AE803A521D6.e.9560/click - {}
RESULT: {}
COMMAND: GET /session/999fc64afd1230ec64a2dd58c909e126/screenshot - {}
RESULT: {}
COMMAND: POST /session/999fc64afd1230ec64a2dd58c909e126/element - {"using":"xpath","value":"//input[@id=\"application-manageresources-display-component---newResourceUnit--idRuTSAdmin-application-manageresources-display-component---newResourceUnit--RUTimeSegment-0-inner\"]"}
RESULT: {"using":"xpath","value":"//input[@id=\"application-manageresources-display-component---newResourceUnit--idRuTSAdmin-application-manageresources-display-component---newResourceUnit--RUTimeSegment-0-inner\"]"}
COMMAND: POST /session/999fc64afd1230ec64a2dd58c909e126/element/f.8D00E63E7445179AA59B17F8E6C27F98.d.3D495EBAC500E6D685D27AE803A521D6.e.9566/clear - {}
RESULT: {}
COMMAND: POST /session/999fc64afd1230ec64a2dd58c909e126/element/f.8D00E63E7445179AA59B17F8E6C27F98.d.3D495EBAC500E6D685D27AE803A521D6.e.9566/value - {"text":"619"}
COMMAND: GET /session/999fc64afd1230ec64a2dd58c909e126/screenshot - {}
RESULT: {"text":"619"}
COMMAND: GET /session/999fc64afd1230ec64a2dd58c909e126/screenshot - {}
RESULT: {}
RESULT: {}
COMMAND: POST /session/999fc64afd1230ec64a2dd58c909e126/element - {"using":"xpath","value":"//li[.//span[text()='619']]"}
RESULT: {"using":"xpath","value":"//li[.//span[text()='619']]"}
COMMAND: POST /session/999fc64afd1230ec64a2dd58c909e126/element/f.8D00E63E7445179AA59B17F8E6C27F98.d.3D495EBAC500E6D685D27AE803A521D6.e.9578/click - {}
RESULT: {}
COMMAND: GET /session/999fc64afd1230ec64a2dd58c909e126/screenshot - {}
RESULT: {}
COMMAND: POST /session/999fc64afd1230ec64a2dd58c909e126/element - {"using":"xpath","value":"(//span[contains(@id, \"-application-manageresources-display-component---newResourceUnit--RUTimeSegment-0-arrow\")])[6]"}
RESULT: {"using":"xpath","value":"(//span[contains(@id, \"-application-manageresources-display-component---newResourceUnit--RUTimeSegment-0-arrow\")])[6]"}
COMMAND: POST /session/999fc64afd1230ec64a2dd58c909e126/element/f.8D00E63E7445179AA59B17F8E6C27F98.d.3D495EBAC500E6D685D27AE803A521D6.e.9579/click - {}
RESULT: {}
COMMAND: GET /session/999fc64afd1230ec64a2dd58c909e126/screenshot - {}
RESULT: {}
COMMAND: POST /session/999fc64afd1230ec64a2dd58c909e126/element - {"using":"xpath","value":"//span[contains(text(), \"PM Order\")]"}
RESULT: {"using":"xpath","value":"//span[contains(text(), \"PM Order\")]"}
COMMAND: POST /session/999fc64afd1230ec64a2dd58c909e126/element/f.8D00E63E7445179AA59B17F8E6C27F98.d.3D495EBAC500E6D685D27AE803A521D6.e.9582/click - {}
RESULT: {}
COMMAND: GET /session/999fc64afd1230ec64a2dd58c909e126/screenshot - {}
RESULT: {}
COMMAND: POST /session/999fc64afd1230ec64a2dd58c909e126/element - {"using":"xpath","value":"(//span[contains(@id ,\"manageresources-display-component---newResourceUnit--RUTimeSegment-0-vhi\")])[1]"}
RESULT: {"using":"xpath","value":"(//span[contains(@id ,\"manageresources-display-component---newResourceUnit--RUTimeSegment-0-vhi\")])[1]"}
COMMAND: GET /session/999fc64afd1230ec64a2dd58c909e126/element/f.8D00E63E7445179AA59B17F8E6C27F98.d.3D495EBAC500E6D685D27AE803A521D6.e.9586/rect - {}
RESULT: {}
COMMAND: GET /session/999fc64afd1230ec64a2dd58c909e126/window/rect - {}
RESULT: {}
COMMAND: POST /session/999fc64afd1230ec64a2dd58c909e126/execute/sync - {"script":"<script> [92 bytes]","args":[]}
RESULT: {"script":"<script> [92 bytes]","args":[]}
COMMAND: POST /session/999fc64afd1230ec64a2dd58c909e126/actions - {"actions":[{"id":"action32","type":"wheel","parameters":{},"actions":[{"type":"scroll","x":-869,"y":-24,"deltaX":0,"deltaY":0,"duration":0,"origin":{"element-6066-11e4-a52e-4f735466cecf":"f.8D00E63E7445179AA59B17F8E6C27F98.d.3D495EBAC500E6D685D27AE803A521D6.e.9586"}}]}]}
COMMAND: GET /session/999fc64afd1230ec64a2dd58c909e126/screenshot - {}
RESULT: {"actions":[{"id":"action32","type":"wheel","parameters":{},"actions":[{"type":"scroll","x":-869,"y":-24,"deltaX":0,"deltaY":0,"duration":0,"origin":{"element-6066-11e4-a52e-4f735466cecf":"f.8D00E63E7445179AA59B17F8E6C27F98.d.3D495EBAC500E6D685D27AE803A521D6.e.9586"}}]}]}
COMMAND: DELETE /session/999fc64afd1230ec64a2dd58c909e126/actions - {}
COMMAND: GET /session/999fc64afd1230ec64a2dd58c909e126/screenshot - {}
RESULT: {}
RESULT: {}
COMMAND: GET /session/999fc64afd1230ec64a2dd58c909e126/screenshot - {}
RESULT: {}
RESULT: {}
COMMAND: POST /session/999fc64afd1230ec64a2dd58c909e126/element/f.8D00E63E7445179AA59B17F8E6C27F98.d.3D495EBAC500E6D685D27AE803A521D6.e.9586/click - {}
RESULT: {}
COMMAND: GET /session/999fc64afd1230ec64a2dd58c909e126/screenshot - {}
RESULT: {}
RESULT: undefined
COMMAND: POST /session/999fc64afd1230ec64a2dd58c909e126/execute/async - {"script":"<script> [776 bytes]","args":[{"enterText":"4000360","selector":{"controlType":"sap.m.SearchField","properties":{"placeholder":"Search"},"searchOpenDialogs":true,"interaction":{"idSuffix":"I"}},"clearTextFirst":true,"interactionType":"ENTER_TEXT"}]}
RESULT: {"script":"<script> [776 bytes]","args":[{"enterText":"4000360","selector":{"controlType":"sap.m.SearchField","properties":{"placeholder":"Search"},"searchOpenDialogs":true,"interaction":{"idSuffix":"I"}},"clearTextFirst":true,"interactionType":"ENTER_TEXT"}]}
COMMAND: POST /session/999fc64afd1230ec64a2dd58c909e126/actions - {"actions":[{"id":"action33","type":"key","parameters":{},"actions":[{"type":"keyDown","value":"î€‡"},{"type":"pause","duration":10},{"type":"keyUp","value":"î€‡"}]}]}
RESULT: {"actions":[{"id":"action33","type":"key","parameters":{},"actions":[{"type":"keyDown","value":"î€‡"},{"type":"pause","duration":10},{"type":"keyUp","value":"î€‡"}]}]}
COMMAND: GET /session/999fc64afd1230ec64a2dd58c909e126/screenshot - {}
RESULT: {}
COMMAND: POST /session/999fc64afd1230ec64a2dd58c909e126/element - {"using":"xpath","value":"//td/div/span[contains(text(), \"BGL Vehicles\")]"}
RESULT: {"using":"xpath","value":"//td/div/span[contains(text(), \"BGL Vehicles\")]"}
COMMAND: POST /session/999fc64afd1230ec64a2dd58c909e126/element/f.8D00E63E7445179AA59B17F8E6C27F98.d.3D495EBAC500E6D685D27AE803A521D6.e.9605/click - {}
RESULT: {}
COMMAND: GET /session/999fc64afd1230ec64a2dd58c909e126/screenshot - {}
RESULT: {}
COMMAND: POST /session/999fc64afd1230ec64a2dd58c909e126/element - {"using":"xpath","value":"//bdi[contains(text(), \"OK\")]"}
RESULT: {"using":"xpath","value":"//bdi[contains(text(), \"OK\")]"}
COMMAND: POST /session/999fc64afd1230ec64a2dd58c909e126/element/f.8D00E63E7445179AA59B17F8E6C27F98.d.3D495EBAC500E6D685D27AE803A521D6.e.9606/click - {}
RESULT: {}
COMMAND: GET /session/999fc64afd1230ec64a2dd58c909e126/screenshot - {}
RESULT: {}
COMMAND: POST /session/999fc64afd1230ec64a2dd58c909e126/execute/async - {"script":"<script> [1562 bytes]","args":[{"selector":{"id":"application-manageresources-display-component---newResourceUnit--newRRUPage-anchBar-application-manageresources-display-component---newResourceUnit--resource-anchor","interaction":{"idSuffix":"BDI-content"}},"wdio_ui5_key":"applicationmanageresources-display-component---newResourceUnit--newRRUPage-anchBar-application-manageresources-display-component---newResourceUnit--resource-anchor"}]}
RESULT: {"script":"<script> [1562 bytes]","args":[{"selector":{"id":"application-manageresources-display-component---newResourceUnit--newRRUPage-anchBar-application-manageresources-display-component---newResourceUnit--resource-anchor","interaction":{"idSuffix":"BDI-content"}},"wdio_ui5_key":"applicationmanageresources-display-component---newResourceUnit--newRRUPage-anchBar-application-manageresources-display-component---newResourceUnit--resource-anchor"}]}
RESULT: undefined
COMMAND: POST /session/999fc64afd1230ec64a2dd58c909e126/element - {"using":"xpath","value":"//*[@id=\"application-manageresources-display-component---newResourceUnit--newRRUPage-anchBar-application-manageresources-display-component---newResourceUnit--resource-anchor\"]"}
RESULT: {"using":"xpath","value":"//*[@id=\"application-manageresources-display-component---newResourceUnit--newRRUPage-anchBar-application-manageresources-display-component---newResourceUnit--resource-anchor\"]"}
COMMAND: POST /session/999fc64afd1230ec64a2dd58c909e126/element/f.8D00E63E7445179AA59B17F8E6C27F98.d.3D495EBAC500E6D685D27AE803A521D6.e.9610/click - {}
RESULT: {}
COMMAND: POST /session/999fc64afd1230ec64a2dd58c909e126/execute/async - {"script":"<script> [1562 bytes]","args":[{"selector":{"id":"application-manageresources-display-component---newResourceUnit--PLANNED_DELIVERY_DATE","interaction":{"idSuffix":"inner"}},"wdio_ui5_key":"applicationmanageresources-display-component---newResourceUnit--PLANNED_DELIVERY_DATE"}]}
COMMAND: GET /session/999fc64afd1230ec64a2dd58c909e126/screenshot - {}
RESULT: {"script":"<script> [1562 bytes]","args":[{"selector":{"id":"application-manageresources-display-component---newResourceUnit--PLANNED_DELIVERY_DATE","interaction":{"idSuffix":"inner"}},"wdio_ui5_key":"applicationmanageresources-display-component---newResourceUnit--PLANNED_DELIVERY_DATE"}]}
RESULT: undefined
COMMAND: POST /session/999fc64afd1230ec64a2dd58c909e126/execute/async - {"script":"<script> [6424 bytes]","args":[{"element-6066-11e4-a52e-4f735466cecf":"f.8D00E63E7445179AA59B17F8E6C27F98.d.3D495EBAC500E6D685D27AE803A521D6.e.9472"},"setValue",["5/6/25"]]}
RESULT: {}
RESULT: {"script":"<script> [6424 bytes]","args":[{"element-6066-11e4-a52e-4f735466cecf":"f.8D00E63E7445179AA59B17F8E6C27F98.d.3D495EBAC500E6D685D27AE803A521D6.e.9472"},"setValue",["5/6/25"]]}
COMMAND: POST /session/999fc64afd1230ec64a2dd58c909e126/element - {"using":"xpath","value":"//button[@data-kt=\"resourceUnitSaveButton\"]"}
RESULT: {"using":"xpath","value":"//button[@data-kt=\"resourceUnitSaveButton\"]"}
COMMAND: POST /session/999fc64afd1230ec64a2dd58c909e126/element/f.8D00E63E7445179AA59B17F8E6C27F98.d.3D495EBAC500E6D685D27AE803A521D6.e.9433/click - {}
RESULT: {}
COMMAND: GET /session/999fc64afd1230ec64a2dd58c909e126/screenshot - {}
RESULT: {}
COMMAND: POST /session/999fc64afd1230ec64a2dd58c909e126/element - {"using":"xpath","value":"//bdi[contains(text(), \"Close\")]"}
RESULT: {"using":"xpath","value":"//bdi[contains(text(), \"Close\")]"}
COMMAND: POST /session/999fc64afd1230ec64a2dd58c909e126/element/f.8D00E63E7445179AA59B17F8E6C27F98.d.3D495EBAC500E6D685D27AE803A521D6.e.9620/click - {}
RESULT: {}
COMMAND: GET /session/999fc64afd1230ec64a2dd58c909e126/screenshot - {}
RESULT: {}
COMMAND: POST /session/999fc64afd1230ec64a2dd58c909e126/element - {"using":"xpath","value":"(//button[contains(@id ,\"actionsToolbar-overflowButton\")])[1]"}
RESULT: {"using":"xpath","value":"(//button[contains(@id ,\"actionsToolbar-overflowButton\")])[1]"}
COMMAND: POST /session/999fc64afd1230ec64a2dd58c909e126/element/f.8D00E63E7445179AA59B17F8E6C27F98.d.3D495EBAC500E6D685D27AE803A521D6.e.9672/click - {}
RESULT: {}
COMMAND: GET /session/999fc64afd1230ec64a2dd58c909e126/screenshot - {}
RESULT: {}
COMMAND: POST /session/999fc64afd1230ec64a2dd58c909e126/element - {"using":"xpath","value":"//button[@data-kt=\"priceInfoButton\"]"}
RESULT: {"using":"xpath","value":"//button[@data-kt=\"priceInfoButton\"]"}
COMMAND: POST /session/999fc64afd1230ec64a2dd58c909e126/element/f.8D00E63E7445179AA59B17F8E6C27F98.d.3D495EBAC500E6D685D27AE803A521D6.e.9674/click - {}
RESULT: {}
COMMAND: GET /session/999fc64afd1230ec64a2dd58c909e126/screenshot - {}
]]></system-out>
    </testcase>
    <testcase classname="chrome.135_0_7049_96.windows.Billing_Transfer_-_Intracompany_US127249" name="Should create a pricing procedure" time="46.297">
      <system-out><![CDATA[
COMMAND: POST /session/999fc64afd1230ec64a2dd58c909e126/element - {"using":"xpath","value":"//button[@data-kt=\"addButton\"]"}
RESULT: {}
RESULT: {"using":"xpath","value":"//button[@data-kt=\"addButton\"]"}
COMMAND: POST /session/999fc64afd1230ec64a2dd58c909e126/elements - {"using":"xpath","value":"//button[@data-kt=\"addButton\"]"}
RESULT: {"using":"xpath","value":"//button[@data-kt=\"addButton\"]"}
COMMAND: POST /session/999fc64afd1230ec64a2dd58c909e126/elements - {"using":"xpath","value":"//button[@data-kt=\"addButton\"]"}
RESULT: {"using":"xpath","value":"//button[@data-kt=\"addButton\"]"}
COMMAND: POST /session/999fc64afd1230ec64a2dd58c909e126/element - {"using":"xpath","value":"//button[@data-kt=\"addButton\"]"}
RESULT: {"using":"xpath","value":"//button[@data-kt=\"addButton\"]"}
COMMAND: POST /session/999fc64afd1230ec64a2dd58c909e126/execute/sync - {"script":"<script> [8489 bytes]","args":[{"element-6066-11e4-a52e-4f735466cecf":"f.8D00E63E7445179AA59B17F8E6C27F98.d.3D495EBAC500E6D685D27AE803A521D6.e.9710","ELEMENT":"f.8D00E63E7445179AA59B17F8E6C27F98.d.3D495EBAC500E6D685D27AE803A521D6.e.9710"}]}
RESULT: {"script":"<script> [8489 bytes]","args":[{"element-6066-11e4-a52e-4f735466cecf":"f.8D00E63E7445179AA59B17F8E6C27F98.d.3D495EBAC500E6D685D27AE803A521D6.e.9710","ELEMENT":"f.8D00E63E7445179AA59B17F8E6C27F98.d.3D495EBAC500E6D685D27AE803A521D6.e.9710"}]}
COMMAND: GET /session/999fc64afd1230ec64a2dd58c909e126/element/f.8D00E63E7445179AA59B17F8E6C27F98.d.3D495EBAC500E6D685D27AE803A521D6.e.9710/enabled - {}
COMMAND: GET /session/999fc64afd1230ec64a2dd58c909e126/screenshot - {}
RESULT: {}
COMMAND: POST /session/999fc64afd1230ec64a2dd58c909e126/execute/sync - {"script":"<script> [8489 bytes]","args":[{"element-6066-11e4-a52e-4f735466cecf":"f.8D00E63E7445179AA59B17F8E6C27F98.d.3D495EBAC500E6D685D27AE803A521D6.e.9710","ELEMENT":"f.8D00E63E7445179AA59B17F8E6C27F98.d.3D495EBAC500E6D685D27AE803A521D6.e.9710"}]}
COMMAND: GET /session/999fc64afd1230ec64a2dd58c909e126/screenshot - {}
RESULT: {}
RESULT: {"script":"<script> [8489 bytes]","args":[{"element-6066-11e4-a52e-4f735466cecf":"f.8D00E63E7445179AA59B17F8E6C27F98.d.3D495EBAC500E6D685D27AE803A521D6.e.9710","ELEMENT":"f.8D00E63E7445179AA59B17F8E6C27F98.d.3D495EBAC500E6D685D27AE803A521D6.e.9710"}]}
COMMAND: POST /session/999fc64afd1230ec64a2dd58c909e126/execute/sync - {"script":"<script> [5351 bytes]","args":[{"element-6066-11e4-a52e-4f735466cecf":"f.8D00E63E7445179AA59B17F8E6C27F98.d.3D495EBAC500E6D685D27AE803A521D6.e.9710","ELEMENT":"f.8D00E63E7445179AA59B17F8E6C27F98.d.3D495EBAC500E6D685D27AE803A521D6.e.9710"}]}
COMMAND: GET /session/999fc64afd1230ec64a2dd58c909e126/screenshot - {}
RESULT: {}
RESULT: {"script":"<script> [5351 bytes]","args":[{"element-6066-11e4-a52e-4f735466cecf":"f.8D00E63E7445179AA59B17F8E6C27F98.d.3D495EBAC500E6D685D27AE803A521D6.e.9710","ELEMENT":"f.8D00E63E7445179AA59B17F8E6C27F98.d.3D495EBAC500E6D685D27AE803A521D6.e.9710"}]}
COMMAND: POST /session/999fc64afd1230ec64a2dd58c909e126/element/f.8D00E63E7445179AA59B17F8E6C27F98.d.3D495EBAC500E6D685D27AE803A521D6.e.9710/click - {}
COMMAND: GET /session/999fc64afd1230ec64a2dd58c909e126/screenshot - {}
RESULT: {}
RESULT: {}
COMMAND: GET /session/999fc64afd1230ec64a2dd58c909e126/screenshot - {}
RESULT: {}
RESULT: {}
COMMAND: POST /session/999fc64afd1230ec64a2dd58c909e126/execute/async - {"script":"<script> [1562 bytes]","args":[{"selector":{"controlType":"sap.m.Title","viewName":"etm.portal.ui.managepricingrules.view.NewItem","viewId":"application-managepricingrules-display-component---newInfoPriceItem","properties":{"text":"New Pricing Rules - Item Level"}},"wdio_ui5_key":"etmportal.ui.managepricingrules.view.NewItemsap.m.Title{\"text\":\"New Pricing Rules - Item Level\"}"}]}
RESULT: {"script":"<script> [1562 bytes]","args":[{"selector":{"controlType":"sap.m.Title","viewName":"etm.portal.ui.managepricingrules.view.NewItem","viewId":"application-managepricingrules-display-component---newInfoPriceItem","properties":{"text":"New Pricing Rules - Item Level"}},"wdio_ui5_key":"etmportal.ui.managepricingrules.view.NewItemsap.m.Title{\"text\":\"New Pricing Rules - Item Level\"}"}]}
RESULT: undefined
COMMAND: POST /session/999fc64afd1230ec64a2dd58c909e126/execute/async - {"script":"<script> [6424 bytes]","args":[{"element-6066-11e4-a52e-4f735466cecf":"f.8D00E63E7445179AA59B17F8E6C27F98.d.3D495EBAC500E6D685D27AE803A521D6.e.9879"},"getText",[]]}
RESULT: {"script":"<script> [6424 bytes]","args":[{"element-6066-11e4-a52e-4f735466cecf":"f.8D00E63E7445179AA59B17F8E6C27F98.d.3D495EBAC500E6D685D27AE803A521D6.e.9879"},"getText",[]]}
COMMAND: POST /session/999fc64afd1230ec64a2dd58c909e126/execute/async - {"script":"<script> [1562 bytes]","args":[{"selector":{"id":"application-managepricingrules-display-component---newInfoPriceItem--condValidTo","interaction":{"idSuffix":"inner"}},"wdio_ui5_key":"applicationmanagepricingrules-display-component---newInfoPriceItem--condValidTo"}]}
RESULT: {"script":"<script> [1562 bytes]","args":[{"selector":{"id":"application-managepricingrules-display-component---newInfoPriceItem--condValidTo","interaction":{"idSuffix":"inner"}},"wdio_ui5_key":"applicationmanagepricingrules-display-component---newInfoPriceItem--condValidTo"}]}
RESULT: undefined
COMMAND: POST /session/999fc64afd1230ec64a2dd58c909e126/execute/async - {"script":"<script> [776 bytes]","args":[{"enterText":"01/06/26","selector":{"id":"application-managepricingrules-display-component---newInfoPriceItem--condValidTo","interaction":{"idSuffix":"inner"}},"clearTextFirst":true,"interactionType":"ENTER_TEXT"}]}
RESULT: {"script":"<script> [776 bytes]","args":[{"enterText":"01/06/26","selector":{"id":"application-managepricingrules-display-component---newInfoPriceItem--condValidTo","interaction":{"idSuffix":"inner"}},"clearTextFirst":true,"interactionType":"ENTER_TEXT"}]}
COMMAND: POST /session/999fc64afd1230ec64a2dd58c909e126/execute/async - {"script":"<script> [1562 bytes]","args":[{"selector":{"id":"application-managepricingrules-display-component---newInfoPriceItem--billType-arrow"},"wdio_ui5_key":"applicationmanagepricingrules-display-component---newInfoPriceItem--billType-arrow"}]}
RESULT: {"script":"<script> [1562 bytes]","args":[{"selector":{"id":"application-managepricingrules-display-component---newInfoPriceItem--billType-arrow"},"wdio_ui5_key":"applicationmanagepricingrules-display-component---newInfoPriceItem--billType-arrow"}]}
RESULT: undefined
COMMAND: POST /session/999fc64afd1230ec64a2dd58c909e126/element - {"using":"xpath","value":"//*[@id=\"application-managepricingrules-display-component---newInfoPriceItem--billType-arrow\"]"}
RESULT: {"using":"xpath","value":"//*[@id=\"application-managepricingrules-display-component---newInfoPriceItem--billType-arrow\"]"}
COMMAND: POST /session/999fc64afd1230ec64a2dd58c909e126/element/f.8D00E63E7445179AA59B17F8E6C27F98.d.3D495EBAC500E6D685D27AE803A521D6.e.9841/click - {}
RESULT: {}
COMMAND: POST /session/999fc64afd1230ec64a2dd58c909e126/element - {"using":"xpath","value":"//span[contains(text(), \"TB - Time based\")]"}
COMMAND: GET /session/999fc64afd1230ec64a2dd58c909e126/screenshot - {}
RESULT: {"using":"xpath","value":"//span[contains(text(), \"TB - Time based\")]"}
COMMAND: POST /session/999fc64afd1230ec64a2dd58c909e126/element/f.8D00E63E7445179AA59B17F8E6C27F98.d.3D495EBAC500E6D685D27AE803A521D6.e.9882/click - {}
RESULT: {}
RESULT: {}
COMMAND: POST /session/999fc64afd1230ec64a2dd58c909e126/execute/async - {"script":"<script> [1562 bytes]","args":[{"selector":{"id":"application-managepricingrules-display-component---newInfoPriceItem--priceProc-arrow"},"wdio_ui5_key":"applicationmanagepricingrules-display-component---newInfoPriceItem--priceProc-arrow"}]}
COMMAND: GET /session/999fc64afd1230ec64a2dd58c909e126/screenshot - {}
RESULT: {"script":"<script> [1562 bytes]","args":[{"selector":{"id":"application-managepricingrules-display-component---newInfoPriceItem--priceProc-arrow"},"wdio_ui5_key":"applicationmanagepricingrules-display-component---newInfoPriceItem--priceProc-arrow"}]}
RESULT: undefined
COMMAND: POST /session/999fc64afd1230ec64a2dd58c909e126/element - {"using":"xpath","value":"//*[@id=\"application-managepricingrules-display-component---newInfoPriceItem--priceProc-arrow\"]"}
RESULT: {}
RESULT: {"using":"xpath","value":"//*[@id=\"application-managepricingrules-display-component---newInfoPriceItem--priceProc-arrow\"]"}
COMMAND: POST /session/999fc64afd1230ec64a2dd58c909e126/element/f.8D00E63E7445179AA59B17F8E6C27F98.d.3D495EBAC500E6D685D27AE803A521D6.e.9848/click - {}
RESULT: {}
COMMAND: POST /session/999fc64afd1230ec64a2dd58c909e126/element - {"using":"xpath","value":"//span[contains(text(), \"TBS - Time based standard\")]"}
COMMAND: GET /session/999fc64afd1230ec64a2dd58c909e126/screenshot - {}
RESULT: {"using":"xpath","value":"//span[contains(text(), \"TBS - Time based standard\")]"}
COMMAND: POST /session/999fc64afd1230ec64a2dd58c909e126/element/f.8D00E63E7445179AA59B17F8E6C27F98.d.3D495EBAC500E6D685D27AE803A521D6.e.9883/click - {}
RESULT: {}
RESULT: {}
COMMAND: POST /session/999fc64afd1230ec64a2dd58c909e126/execute/async - {"script":"<script> [1562 bytes]","args":[{"selector":{"id":"application-managepricingrules-display-component---newInfoPriceItem--calcBase-arrow"},"wdio_ui5_key":"applicationmanagepricingrules-display-component---newInfoPriceItem--calcBase-arrow"}]}
COMMAND: GET /session/999fc64afd1230ec64a2dd58c909e126/screenshot - {}
RESULT: {"script":"<script> [1562 bytes]","args":[{"selector":{"id":"application-managepricingrules-display-component---newInfoPriceItem--calcBase-arrow"},"wdio_ui5_key":"applicationmanagepricingrules-display-component---newInfoPriceItem--calcBase-arrow"}]}
RESULT: undefined
COMMAND: POST /session/999fc64afd1230ec64a2dd58c909e126/element - {"using":"xpath","value":"//*[@id=\"application-managepricingrules-display-component---newInfoPriceItem--calcBase-arrow\"]"}
RESULT: {}
RESULT: {"using":"xpath","value":"//*[@id=\"application-managepricingrules-display-component---newInfoPriceItem--calcBase-arrow\"]"}
COMMAND: POST /session/999fc64afd1230ec64a2dd58c909e126/element/f.8D00E63E7445179AA59B17F8E6C27F98.d.3D495EBAC500E6D685D27AE803A521D6.e.9855/click - {}
RESULT: {}
COMMAND: GET /session/999fc64afd1230ec64a2dd58c909e126/screenshot - {}
RESULT: {}
COMMAND: POST /session/999fc64afd1230ec64a2dd58c909e126/element - {"using":"xpath","value":"//span[contains(text(), \"0006 - TB(calendar days)\")]"}
RESULT: {"using":"xpath","value":"//span[contains(text(), \"0006 - TB(calendar days)\")]"}
COMMAND: POST /session/999fc64afd1230ec64a2dd58c909e126/element/f.8D00E63E7445179AA59B17F8E6C27F98.d.3D495EBAC500E6D685D27AE803A521D6.e.9884/click - {}
RESULT: {}
COMMAND: GET /session/999fc64afd1230ec64a2dd58c909e126/screenshot - {}
RESULT: {}
COMMAND: POST /session/999fc64afd1230ec64a2dd58c909e126/execute/async - {"script":"<script> [1562 bytes]","args":[{"selector":{"id":"application-managepricingrules-display-component---newInfoPriceItem--daysMonth","interaction":{"idSuffix":"inner"}},"wdio_ui5_key":"applicationmanagepricingrules-display-component---newInfoPriceItem--daysMonth"}]}
RESULT: {"script":"<script> [1562 bytes]","args":[{"selector":{"id":"application-managepricingrules-display-component---newInfoPriceItem--daysMonth","interaction":{"idSuffix":"inner"}},"wdio_ui5_key":"applicationmanagepricingrules-display-component---newInfoPriceItem--daysMonth"}]}
RESULT: undefined
COMMAND: POST /session/999fc64afd1230ec64a2dd58c909e126/execute/async - {"script":"<script> [776 bytes]","args":[{"enterText":"30","selector":{"id":"application-managepricingrules-display-component---newInfoPriceItem--daysMonth","interaction":{"idSuffix":"inner"}},"clearTextFirst":true,"interactionType":"ENTER_TEXT"}]}
RESULT: {"script":"<script> [776 bytes]","args":[{"enterText":"30","selector":{"id":"application-managepricingrules-display-component---newInfoPriceItem--daysMonth","interaction":{"idSuffix":"inner"}},"clearTextFirst":true,"interactionType":"ENTER_TEXT"}]}
COMMAND: POST /session/999fc64afd1230ec64a2dd58c909e126/element - {"using":"xpath","value":"//button[@data-kt=\"saveNewRuleButton\"]"}
RESULT: {"using":"xpath","value":"//button[@data-kt=\"saveNewRuleButton\"]"}
COMMAND: POST /session/999fc64afd1230ec64a2dd58c909e126/element/f.8D00E63E7445179AA59B17F8E6C27F98.d.3D495EBAC500E6D685D27AE803A521D6.e.9875/click - {}
RESULT: {}
COMMAND: GET /session/999fc64afd1230ec64a2dd58c909e126/screenshot - {}
RESULT: {}
COMMAND: POST /session/999fc64afd1230ec64a2dd58c909e126/execute/async - {"script":"<script> [1562 bytes]","args":[{"selector":{"id":"application-managepricingrules-display-component---priceInfoItem--smartFilterBar-btnBasicSearch","interaction":{"idSuffix":"I"}},"wdio_ui5_key":"applicationmanagepricingrules-display-component---priceInfoItem--smartFilterBar-btnBasicSearch"}]}
RESULT: {"script":"<script> [1562 bytes]","args":[{"selector":{"id":"application-managepricingrules-display-component---priceInfoItem--smartFilterBar-btnBasicSearch","interaction":{"idSuffix":"I"}},"wdio_ui5_key":"applicationmanagepricingrules-display-component---priceInfoItem--smartFilterBar-btnBasicSearch"}]}
RESULT: undefined
COMMAND: POST /session/999fc64afd1230ec64a2dd58c909e126/execute/async - {"script":"<script> [776 bytes]","args":[{"enterText":"8JsqujYAiN","selector":{"id":"application-managepricingrules-display-component---priceInfoItem--smartFilterBar-btnBasicSearch","interaction":{"idSuffix":"I"}},"clearTextFirst":true,"interactionType":"ENTER_TEXT"}]}
RESULT: {"script":"<script> [776 bytes]","args":[{"enterText":"8JsqujYAiN","selector":{"id":"application-managepricingrules-display-component---priceInfoItem--smartFilterBar-btnBasicSearch","interaction":{"idSuffix":"I"}},"clearTextFirst":true,"interactionType":"ENTER_TEXT"}]}
COMMAND: POST /session/999fc64afd1230ec64a2dd58c909e126/actions - {"actions":[{"id":"action34","type":"key","parameters":{},"actions":[{"type":"keyDown","value":"î€‡"},{"type":"pause","duration":10},{"type":"keyUp","value":"î€‡"}]}]}
RESULT: {"actions":[{"id":"action34","type":"key","parameters":{},"actions":[{"type":"keyDown","value":"î€‡"},{"type":"pause","duration":10},{"type":"keyUp","value":"î€‡"}]}]}
COMMAND: GET /session/999fc64afd1230ec64a2dd58c909e126/screenshot - {}
RESULT: {}
COMMAND: POST /session/999fc64afd1230ec64a2dd58c909e126/element - {"using":"xpath","value":"//span[@id=\"application-managepricingrules-display-component---priceInfoItem--smartTable-header-inner\"]"}
RESULT: {"using":"xpath","value":"//span[@id=\"application-managepricingrules-display-component---priceInfoItem--smartTable-header-inner\"]"}
COMMAND: POST /session/999fc64afd1230ec64a2dd58c909e126/elements - {"using":"xpath","value":"//span[@id=\"application-managepricingrules-display-component---priceInfoItem--smartTable-header-inner\"]"}
RESULT: {"using":"xpath","value":"//span[@id=\"application-managepricingrules-display-component---priceInfoItem--smartTable-header-inner\"]"}
COMMAND: POST /session/999fc64afd1230ec64a2dd58c909e126/execute/sync - {"script":"<script> [56 bytes]","args":[{"element-6066-11e4-a52e-4f735466cecf":"f.8D00E63E7445179AA59B17F8E6C27F98.d.3D495EBAC500E6D685D27AE803A521D6.e.9898","ELEMENT":"f.8D00E63E7445179AA59B17F8E6C27F98.d.3D495EBAC500E6D685D27AE803A521D6.e.9898"}]}
RESULT: {"script":"<script> [56 bytes]","args":[{"element-6066-11e4-a52e-4f735466cecf":"f.8D00E63E7445179AA59B17F8E6C27F98.d.3D495EBAC500E6D685D27AE803A521D6.e.9898","ELEMENT":"f.8D00E63E7445179AA59B17F8E6C27F98.d.3D495EBAC500E6D685D27AE803A521D6.e.9898"}]}
COMMAND: POST /session/999fc64afd1230ec64a2dd58c909e126/element - {"using":"css selector","value":"#shell-header-logo"}
COMMAND: GET /session/999fc64afd1230ec64a2dd58c909e126/screenshot - {}
RESULT: {"using":"css selector","value":"#shell-header-logo"}
COMMAND: POST /session/999fc64afd1230ec64a2dd58c909e126/element/f.8D00E63E7445179AA59B17F8E6C27F98.d.3D495EBAC500E6D685D27AE803A521D6.e.9011/click - {}
RESULT: {}
RESULT: {}
COMMAND: GET /session/999fc64afd1230ec64a2dd58c909e126/screenshot - {}
RESULT: {}
]]></system-out>
    </testcase>
    <testcase classname="chrome.135_0_7049_96.windows.Billing_Transfer_-_Intracompany_US127249" name="Should manage conditions" time="60.872">
      <system-out><![CDATA[
COMMAND: POST /session/999fc64afd1230ec64a2dd58c909e126/execute/async - {"script":"<script> [1562 bytes]","args":[{"selector":{"controlType":"sap.m.Text","properties":{"text":"Manage Conditions & Prices"},"interaction":{"idSuffix":"inner"}},"wdio_ui5_key":"sapm.Text{\"text\":\"Manage Conditions & Prices\"}"}]}
RESULT: {"script":"<script> [1562 bytes]","args":[{"selector":{"controlType":"sap.m.Text","properties":{"text":"Manage Conditions & Prices"},"interaction":{"idSuffix":"inner"}},"wdio_ui5_key":"sapm.Text{\"text\":\"Manage Conditions & Prices\"}"}]}
RESULT: undefined
COMMAND: POST /session/999fc64afd1230ec64a2dd58c909e126/element - {"using":"xpath","value":"//*[@id=\"__tile53-title\"]"}
RESULT: {"using":"xpath","value":"//*[@id=\"__tile53-title\"]"}
COMMAND: POST /session/999fc64afd1230ec64a2dd58c909e126/element/f.8D00E63E7445179AA59B17F8E6C27F98.d.3D495EBAC500E6D685D27AE803A521D6.e.9901/click - {}
RESULT: {}
COMMAND: POST /session/999fc64afd1230ec64a2dd58c909e126/element - {"using":"xpath","value":"//button[@aria-label=\"Create\"]"}
COMMAND: GET /session/999fc64afd1230ec64a2dd58c909e126/screenshot - {}
RESULT: {"using":"xpath","value":"//button[@aria-label=\"Create\"]"}
COMMAND: POST /session/999fc64afd1230ec64a2dd58c909e126/elements - {"using":"xpath","value":"//button[@aria-label=\"Create\"]"}
RESULT: {}
RESULT: {"using":"xpath","value":"//button[@aria-label=\"Create\"]"}
COMMAND: POST /session/999fc64afd1230ec64a2dd58c909e126/elements - {"using":"xpath","value":"//button[@aria-label=\"Create\"]"}
RESULT: {"using":"xpath","value":"//button[@aria-label=\"Create\"]"}
COMMAND: POST /session/999fc64afd1230ec64a2dd58c909e126/elements - {"using":"xpath","value":"//button[@aria-label=\"Create\"]"}
RESULT: {"using":"xpath","value":"//button[@aria-label=\"Create\"]"}
COMMAND: POST /session/999fc64afd1230ec64a2dd58c909e126/element - {"using":"xpath","value":"//button[@aria-label=\"Create\"]"}
RESULT: {"using":"xpath","value":"//button[@aria-label=\"Create\"]"}
COMMAND: POST /session/999fc64afd1230ec64a2dd58c909e126/execute/sync - {"script":"<script> [8489 bytes]","args":[{"element-6066-11e4-a52e-4f735466cecf":"f.8D00E63E7445179AA59B17F8E6C27F98.d.3D495EBAC500E6D685D27AE803A521D6.e.9935","ELEMENT":"f.8D00E63E7445179AA59B17F8E6C27F98.d.3D495EBAC500E6D685D27AE803A521D6.e.9935"}]}
RESULT: {"script":"<script> [8489 bytes]","args":[{"element-6066-11e4-a52e-4f735466cecf":"f.8D00E63E7445179AA59B17F8E6C27F98.d.3D495EBAC500E6D685D27AE803A521D6.e.9935","ELEMENT":"f.8D00E63E7445179AA59B17F8E6C27F98.d.3D495EBAC500E6D685D27AE803A521D6.e.9935"}]}
COMMAND: GET /session/999fc64afd1230ec64a2dd58c909e126/element/f.8D00E63E7445179AA59B17F8E6C27F98.d.3D495EBAC500E6D685D27AE803A521D6.e.9935/enabled - {}
COMMAND: GET /session/999fc64afd1230ec64a2dd58c909e126/screenshot - {}
RESULT: {}
COMMAND: POST /session/999fc64afd1230ec64a2dd58c909e126/execute/sync - {"script":"<script> [8489 bytes]","args":[{"element-6066-11e4-a52e-4f735466cecf":"f.8D00E63E7445179AA59B17F8E6C27F98.d.3D495EBAC500E6D685D27AE803A521D6.e.9935","ELEMENT":"f.8D00E63E7445179AA59B17F8E6C27F98.d.3D495EBAC500E6D685D27AE803A521D6.e.9935"}]}
COMMAND: GET /session/999fc64afd1230ec64a2dd58c909e126/screenshot - {}
RESULT: {}
RESULT: {"script":"<script> [8489 bytes]","args":[{"element-6066-11e4-a52e-4f735466cecf":"f.8D00E63E7445179AA59B17F8E6C27F98.d.3D495EBAC500E6D685D27AE803A521D6.e.9935","ELEMENT":"f.8D00E63E7445179AA59B17F8E6C27F98.d.3D495EBAC500E6D685D27AE803A521D6.e.9935"}]}
COMMAND: POST /session/999fc64afd1230ec64a2dd58c909e126/execute/sync - {"script":"<script> [5351 bytes]","args":[{"element-6066-11e4-a52e-4f735466cecf":"f.8D00E63E7445179AA59B17F8E6C27F98.d.3D495EBAC500E6D685D27AE803A521D6.e.9935","ELEMENT":"f.8D00E63E7445179AA59B17F8E6C27F98.d.3D495EBAC500E6D685D27AE803A521D6.e.9935"}]}
COMMAND: GET /session/999fc64afd1230ec64a2dd58c909e126/screenshot - {}
RESULT: {}
RESULT: {"script":"<script> [5351 bytes]","args":[{"element-6066-11e4-a52e-4f735466cecf":"f.8D00E63E7445179AA59B17F8E6C27F98.d.3D495EBAC500E6D685D27AE803A521D6.e.9935","ELEMENT":"f.8D00E63E7445179AA59B17F8E6C27F98.d.3D495EBAC500E6D685D27AE803A521D6.e.9935"}]}
COMMAND: POST /session/999fc64afd1230ec64a2dd58c909e126/element/f.8D00E63E7445179AA59B17F8E6C27F98.d.3D495EBAC500E6D685D27AE803A521D6.e.9935/click - {}
COMMAND: GET /session/999fc64afd1230ec64a2dd58c909e126/screenshot - {}
RESULT: {}
RESULT: {}
COMMAND: GET /session/999fc64afd1230ec64a2dd58c909e126/screenshot - {}
RESULT: {}
RESULT: {}
COMMAND: POST /session/999fc64afd1230ec64a2dd58c909e126/actions - {"actions":[{"id":"action35","type":"key","parameters":{},"actions":[{"type":"keyDown","value":"î€‡"},{"type":"pause","duration":10},{"type":"keyUp","value":"î€‡"}]}]}
RESULT: {"actions":[{"id":"action35","type":"key","parameters":{},"actions":[{"type":"keyDown","value":"î€‡"},{"type":"pause","duration":10},{"type":"keyUp","value":"î€‡"}]}]}
COMMAND: GET /session/999fc64afd1230ec64a2dd58c909e126/screenshot - {}
RESULT: {}
COMMAND: POST /session/999fc64afd1230ec64a2dd58c909e126/execute/async - {"script":"<script> [1562 bytes]","args":[{"selector":{"id":"application-manageconditionprice-display-component---newCondition--condBillCond-arrow"},"wdio_ui5_key":"applicationmanageconditionprice-display-component---newCondition--condBillCond-arrow"}]}
RESULT: {"script":"<script> [1562 bytes]","args":[{"selector":{"id":"application-manageconditionprice-display-component---newCondition--condBillCond-arrow"},"wdio_ui5_key":"applicationmanageconditionprice-display-component---newCondition--condBillCond-arrow"}]}
RESULT: undefined
COMMAND: POST /session/999fc64afd1230ec64a2dd58c909e126/element - {"using":"xpath","value":"//*[@id=\"application-manageconditionprice-display-component---newCondition--condBillCond-arrow\"]"}
RESULT: {"using":"xpath","value":"//*[@id=\"application-manageconditionprice-display-component---newCondition--condBillCond-arrow\"]"}
COMMAND: POST /session/999fc64afd1230ec64a2dd58c909e126/element/f.8D00E63E7445179AA59B17F8E6C27F98.d.3D495EBAC500E6D685D27AE803A521D6.e.10113/click - {}
RESULT: {}
COMMAND: GET /session/999fc64afd1230ec64a2dd58c909e126/screenshot - {}
RESULT: {}
COMMAND: POST /session/999fc64afd1230ec64a2dd58c909e126/element - {"using":"xpath","value":"//li[.//span[contains(text(), \"DISP - D&I special price\")]]"}
RESULT: {"using":"xpath","value":"//li[.//span[contains(text(), \"DISP - D&I special price\")]]"}
COMMAND: POST /session/999fc64afd1230ec64a2dd58c909e126/element/f.8D00E63E7445179AA59B17F8E6C27F98.d.3D495EBAC500E6D685D27AE803A521D6.e.10117/click - {}
RESULT: {}
COMMAND: GET /session/999fc64afd1230ec64a2dd58c909e126/screenshot - {}
RESULT: {}
COMMAND: POST /session/999fc64afd1230ec64a2dd58c909e126/execute/async - {"script":"<script> [1562 bytes]","args":[{"selector":{"id":"application-manageconditionprice-display-component---newCondition--condValidTo","interaction":{"idSuffix":"inner"}},"wdio_ui5_key":"applicationmanageconditionprice-display-component---newCondition--condValidTo"}]}
RESULT: {"script":"<script> [1562 bytes]","args":[{"selector":{"id":"application-manageconditionprice-display-component---newCondition--condValidTo","interaction":{"idSuffix":"inner"}},"wdio_ui5_key":"applicationmanageconditionprice-display-component---newCondition--condValidTo"}]}
RESULT: undefined
COMMAND: POST /session/999fc64afd1230ec64a2dd58c909e126/execute/async - {"script":"<script> [776 bytes]","args":[{"enterText":"01/06/26","selector":{"id":"application-manageconditionprice-display-component---newCondition--condValidTo","interaction":{"idSuffix":"inner"}},"clearTextFirst":true,"interactionType":"ENTER_TEXT"}]}
RESULT: {"script":"<script> [776 bytes]","args":[{"enterText":"01/06/26","selector":{"id":"application-manageconditionprice-display-component---newCondition--condValidTo","interaction":{"idSuffix":"inner"}},"clearTextFirst":true,"interactionType":"ENTER_TEXT"}]}
COMMAND: POST /session/999fc64afd1230ec64a2dd58c909e126/element - {"using":"xpath","value":"//input[@id=\"application-manageconditionprice-display-component---newCondition--condRU-inner\"]"}
RESULT: {"using":"xpath","value":"//input[@id=\"application-manageconditionprice-display-component---newCondition--condRU-inner\"]"}
COMMAND: POST /session/999fc64afd1230ec64a2dd58c909e126/element/f.8D00E63E7445179AA59B17F8E6C27F98.d.3D495EBAC500E6D685D27AE803A521D6.e.9951/clear - {}
RESULT: {}
COMMAND: POST /session/999fc64afd1230ec64a2dd58c909e126/element/f.8D00E63E7445179AA59B17F8E6C27F98.d.3D495EBAC500E6D685D27AE803A521D6.e.9951/value - {"text":"8JsqujYAiN"}
COMMAND: GET /session/999fc64afd1230ec64a2dd58c909e126/screenshot - {}
RESULT: {"text":"8JsqujYAiN"}
COMMAND: GET /session/999fc64afd1230ec64a2dd58c909e126/screenshot - {}
RESULT: {}
RESULT: {}
COMMAND: POST /session/999fc64afd1230ec64a2dd58c909e126/actions - {"actions":[{"id":"action36","type":"key","parameters":{},"actions":[{"type":"keyDown","value":"î€‡"},{"type":"pause","duration":10},{"type":"keyUp","value":"î€‡"}]}]}
RESULT: {"actions":[{"id":"action36","type":"key","parameters":{},"actions":[{"type":"keyDown","value":"î€‡"},{"type":"pause","duration":10},{"type":"keyUp","value":"î€‡"}]}]}
COMMAND: POST /session/999fc64afd1230ec64a2dd58c909e126/execute/async - {"script":"<script> [1562 bytes]","args":[{"selector":{"id":"application-manageconditionprice-display-component---newCondition--condBaseQty","interaction":{"idSuffix":"inner"}},"wdio_ui5_key":"applicationmanageconditionprice-display-component---newCondition--condBaseQty"}]}
COMMAND: GET /session/999fc64afd1230ec64a2dd58c909e126/screenshot - {}
RESULT: {"script":"<script> [1562 bytes]","args":[{"selector":{"id":"application-manageconditionprice-display-component---newCondition--condBaseQty","interaction":{"idSuffix":"inner"}},"wdio_ui5_key":"applicationmanageconditionprice-display-component---newCondition--condBaseQty"}]}
RESULT: undefined
COMMAND: POST /session/999fc64afd1230ec64a2dd58c909e126/execute/async - {"script":"<script> [776 bytes]","args":[{"enterText":"1","selector":{"id":"application-manageconditionprice-display-component---newCondition--condBaseQty","interaction":{"idSuffix":"inner"}},"clearTextFirst":true,"interactionType":"ENTER_TEXT"}]}
RESULT: {}
RESULT: {"script":"<script> [776 bytes]","args":[{"enterText":"1","selector":{"id":"application-manageconditionprice-display-component---newCondition--condBaseQty","interaction":{"idSuffix":"inner"}},"clearTextFirst":true,"interactionType":"ENTER_TEXT"}]}
COMMAND: POST /session/999fc64afd1230ec64a2dd58c909e126/execute/async - {"script":"<script> [1562 bytes]","args":[{"selector":{"id":"application-manageconditionprice-display-component---newCondition--condValue","interaction":{"idSuffix":"inner"}},"wdio_ui5_key":"applicationmanageconditionprice-display-component---newCondition--condValue"}]}
RESULT: {"script":"<script> [1562 bytes]","args":[{"selector":{"id":"application-manageconditionprice-display-component---newCondition--condValue","interaction":{"idSuffix":"inner"}},"wdio_ui5_key":"applicationmanageconditionprice-display-component---newCondition--condValue"}]}
RESULT: undefined
COMMAND: POST /session/999fc64afd1230ec64a2dd58c909e126/execute/async - {"script":"<script> [776 bytes]","args":[{"enterText":"200","selector":{"id":"application-manageconditionprice-display-component---newCondition--condValue","interaction":{"idSuffix":"inner"}},"clearTextFirst":true,"interactionType":"ENTER_TEXT"}]}
RESULT: {"script":"<script> [776 bytes]","args":[{"enterText":"200","selector":{"id":"application-manageconditionprice-display-component---newCondition--condValue","interaction":{"idSuffix":"inner"}},"clearTextFirst":true,"interactionType":"ENTER_TEXT"}]}
COMMAND: POST /session/999fc64afd1230ec64a2dd58c909e126/execute/async - {"script":"<script> [1562 bytes]","args":[{"selector":{"id":"application-manageconditionprice-display-component---newCondition--condCurr-arrow"},"wdio_ui5_key":"applicationmanageconditionprice-display-component---newCondition--condCurr-arrow"}]}
RESULT: {"script":"<script> [1562 bytes]","args":[{"selector":{"id":"application-manageconditionprice-display-component---newCondition--condCurr-arrow"},"wdio_ui5_key":"applicationmanageconditionprice-display-component---newCondition--condCurr-arrow"}]}
RESULT: undefined
COMMAND: POST /session/999fc64afd1230ec64a2dd58c909e126/element - {"using":"xpath","value":"//*[@id=\"application-manageconditionprice-display-component---newCondition--condCurr-arrow\"]"}
RESULT: {"using":"xpath","value":"//*[@id=\"application-manageconditionprice-display-component---newCondition--condCurr-arrow\"]"}
COMMAND: POST /session/999fc64afd1230ec64a2dd58c909e126/element/f.8D00E63E7445179AA59B17F8E6C27F98.d.3D495EBAC500E6D685D27AE803A521D6.e.10097/click - {}
RESULT: {}
COMMAND: POST /session/999fc64afd1230ec64a2dd58c909e126/element - {"using":"xpath","value":"//span[contains(text(), \"Euro\")]"}
COMMAND: GET /session/999fc64afd1230ec64a2dd58c909e126/screenshot - {}
RESULT: {"using":"xpath","value":"//span[contains(text(), \"Euro\")]"}
COMMAND: POST /session/999fc64afd1230ec64a2dd58c909e126/element/f.8D00E63E7445179AA59B17F8E6C27F98.d.3D495EBAC500E6D685D27AE803A521D6.e.10154/click - {}
RESULT: {}
RESULT: {}
COMMAND: POST /session/999fc64afd1230ec64a2dd58c909e126/element - {"using":"xpath","value":"//button[@data-kt=\"saveButton\"]"}
COMMAND: GET /session/999fc64afd1230ec64a2dd58c909e126/screenshot - {}
RESULT: {"using":"xpath","value":"//button[@data-kt=\"saveButton\"]"}
COMMAND: POST /session/999fc64afd1230ec64a2dd58c909e126/element/f.8D00E63E7445179AA59B17F8E6C27F98.d.3D495EBAC500E6D685D27AE803A521D6.e.10098/click - {}
RESULT: {}
RESULT: {}
COMMAND: GET /session/999fc64afd1230ec64a2dd58c909e126/screenshot - {}
RESULT: {}
COMMAND: POST /session/999fc64afd1230ec64a2dd58c909e126/execute/async - {"script":"<script> [1562 bytes]","args":[{"selector":{"id":"application-manageconditionprice-display-component---conditions--smartFilterBar-btnBasicSearch","interaction":{"idSuffix":"I"}},"wdio_ui5_key":"applicationmanageconditionprice-display-component---conditions--smartFilterBar-btnBasicSearch"}]}
RESULT: {"script":"<script> [1562 bytes]","args":[{"selector":{"id":"application-manageconditionprice-display-component---conditions--smartFilterBar-btnBasicSearch","interaction":{"idSuffix":"I"}},"wdio_ui5_key":"applicationmanageconditionprice-display-component---conditions--smartFilterBar-btnBasicSearch"}]}
RESULT: undefined
COMMAND: POST /session/999fc64afd1230ec64a2dd58c909e126/execute/async - {"script":"<script> [776 bytes]","args":[{"enterText":"8JsqujYAiN","selector":{"id":"application-manageconditionprice-display-component---conditions--smartFilterBar-btnBasicSearch","interaction":{"idSuffix":"I"}},"clearTextFirst":true,"interactionType":"ENTER_TEXT"}]}
RESULT: {"script":"<script> [776 bytes]","args":[{"enterText":"8JsqujYAiN","selector":{"id":"application-manageconditionprice-display-component---conditions--smartFilterBar-btnBasicSearch","interaction":{"idSuffix":"I"}},"clearTextFirst":true,"interactionType":"ENTER_TEXT"}]}
COMMAND: POST /session/999fc64afd1230ec64a2dd58c909e126/actions - {"actions":[{"id":"action37","type":"key","parameters":{},"actions":[{"type":"keyDown","value":"î€‡"},{"type":"pause","duration":10},{"type":"keyUp","value":"î€‡"}]}]}
RESULT: {"actions":[{"id":"action37","type":"key","parameters":{},"actions":[{"type":"keyDown","value":"î€‡"},{"type":"pause","duration":10},{"type":"keyUp","value":"î€‡"}]}]}
COMMAND: GET /session/999fc64afd1230ec64a2dd58c909e126/screenshot - {}
RESULT: {}
COMMAND: POST /session/999fc64afd1230ec64a2dd58c909e126/execute/async - {"script":"<script> [1562 bytes]","args":[{"selector":{"id":"application-manageconditionprice-display-component---conditions--smartFilterBar-filterItemControl_BASIC-BILL_TYPES-vhi"},"wdio_ui5_key":"applicationmanageconditionprice-display-component---conditions--smartFilterBar-filterItemControl_BASIC-BILL_TYPES-vhi"}]}
RESULT: {"script":"<script> [1562 bytes]","args":[{"selector":{"id":"application-manageconditionprice-display-component---conditions--smartFilterBar-filterItemControl_BASIC-BILL_TYPES-vhi"},"wdio_ui5_key":"applicationmanageconditionprice-display-component---conditions--smartFilterBar-filterItemControl_BASIC-BILL_TYPES-vhi"}]}
RESULT: undefined
COMMAND: POST /session/999fc64afd1230ec64a2dd58c909e126/element - {"using":"xpath","value":"//*[@id=\"application-manageconditionprice-display-component---conditions--smartFilterBar-filterItemControl_BASIC-BILL_TYPES-vhi\"]"}
RESULT: {"using":"xpath","value":"//*[@id=\"application-manageconditionprice-display-component---conditions--smartFilterBar-filterItemControl_BASIC-BILL_TYPES-vhi\"]"}
COMMAND: POST /session/999fc64afd1230ec64a2dd58c909e126/element/f.8D00E63E7445179AA59B17F8E6C27F98.d.3D495EBAC500E6D685D27AE803A521D6.e.10171/click - {}
RESULT: {}
COMMAND: POST /session/999fc64afd1230ec64a2dd58c909e126/execute/async - {"script":"<script> [1562 bytes]","args":[{"selector":{"id":"application-manageconditionprice-display-component---conditions--smartFilterBar-filterItemControl_BASIC-BILL_TYPES-valueHelpDialog-smartFilterBar-btnBasicSearch","searchOpenDialogs":true,"interaction":{"idSuffix":"I"}},"wdio_ui5_key":"applicationmanageconditionprice-display-component---conditions--smartFilterBar-filterItemControl_BASIC-BILL_TYPES-valueHelpDialog-smartFilterBar-btnBasicSearch"}]}
COMMAND: GET /session/999fc64afd1230ec64a2dd58c909e126/screenshot - {}
RESULT: {"script":"<script> [1562 bytes]","args":[{"selector":{"id":"application-manageconditionprice-display-component---conditions--smartFilterBar-filterItemControl_BASIC-BILL_TYPES-valueHelpDialog-smartFilterBar-btnBasicSearch","searchOpenDialogs":true,"interaction":{"idSuffix":"I"}},"wdio_ui5_key":"applicationmanageconditionprice-display-component---conditions--smartFilterBar-filterItemControl_BASIC-BILL_TYPES-valueHelpDialog-smartFilterBar-btnBasicSearch"}]}
RESULT: undefined
COMMAND: POST /session/999fc64afd1230ec64a2dd58c909e126/execute/async - {"script":"<script> [776 bytes]","args":[{"enterText":"TB","selector":{"id":"application-manageconditionprice-display-component---conditions--smartFilterBar-filterItemControl_BASIC-BILL_TYPES-valueHelpDialog-smartFilterBar-btnBasicSearch","searchOpenDialogs":true,"interaction":{"idSuffix":"I"}},"clearTextFirst":true,"interactionType":"ENTER_TEXT"}]}
RESULT: {}
RESULT: {"script":"<script> [776 bytes]","args":[{"enterText":"TB","selector":{"id":"application-manageconditionprice-display-component---conditions--smartFilterBar-filterItemControl_BASIC-BILL_TYPES-valueHelpDialog-smartFilterBar-btnBasicSearch","searchOpenDialogs":true,"interaction":{"idSuffix":"I"}},"clearTextFirst":true,"interactionType":"ENTER_TEXT"}]}
COMMAND: POST /session/999fc64afd1230ec64a2dd58c909e126/actions - {"actions":[{"id":"action38","type":"key","parameters":{},"actions":[{"type":"keyDown","value":"î€‡"},{"type":"pause","duration":10},{"type":"keyUp","value":"î€‡"}]}]}
RESULT: {"actions":[{"id":"action38","type":"key","parameters":{},"actions":[{"type":"keyDown","value":"î€‡"},{"type":"pause","duration":10},{"type":"keyUp","value":"î€‡"}]}]}
COMMAND: GET /session/999fc64afd1230ec64a2dd58c909e126/screenshot - {}
RESULT: {}
COMMAND: POST /session/999fc64afd1230ec64a2dd58c909e126/element - {"using":"xpath","value":"//div[contains(@id, 'application-manageconditionprice-display-component---conditions--smartFilterBar-filterItemControl_BASIC-BILL_TYPES-valueHelpDialog-table-rowsel0')]"}
RESULT: {"using":"xpath","value":"//div[contains(@id, 'application-manageconditionprice-display-component---conditions--smartFilterBar-filterItemControl_BASIC-BILL_TYPES-valueHelpDialog-table-rowsel0')]"}
COMMAND: POST /session/999fc64afd1230ec64a2dd58c909e126/element/f.8D00E63E7445179AA59B17F8E6C27F98.d.3D495EBAC500E6D685D27AE803A521D6.e.10180/click - {}
RESULT: {}
COMMAND: GET /session/999fc64afd1230ec64a2dd58c909e126/screenshot - {}
RESULT: {}
COMMAND: POST /session/999fc64afd1230ec64a2dd58c909e126/element - {"using":"xpath","value":"//bdi[contains(text(), \"OK\")]"}
RESULT: {"using":"xpath","value":"//bdi[contains(text(), \"OK\")]"}
COMMAND: POST /session/999fc64afd1230ec64a2dd58c909e126/element/f.8D00E63E7445179AA59B17F8E6C27F98.d.3D495EBAC500E6D685D27AE803A521D6.e.10182/click - {}
RESULT: {}
COMMAND: GET /session/999fc64afd1230ec64a2dd58c909e126/screenshot - {}
RESULT: {}
COMMAND: POST /session/999fc64afd1230ec64a2dd58c909e126/element - {"using":"xpath","value":"//span[@id=\"application-manageconditionprice-display-component---conditions--smartTable-header-inner\"]"}
RESULT: {"using":"xpath","value":"//span[@id=\"application-manageconditionprice-display-component---conditions--smartTable-header-inner\"]"}
COMMAND: POST /session/999fc64afd1230ec64a2dd58c909e126/elements - {"using":"xpath","value":"//span[@id=\"application-manageconditionprice-display-component---conditions--smartTable-header-inner\"]"}
RESULT: {"using":"xpath","value":"//span[@id=\"application-manageconditionprice-display-component---conditions--smartTable-header-inner\"]"}
COMMAND: POST /session/999fc64afd1230ec64a2dd58c909e126/execute/sync - {"script":"<script> [56 bytes]","args":[{"element-6066-11e4-a52e-4f735466cecf":"f.8D00E63E7445179AA59B17F8E6C27F98.d.3D495EBAC500E6D685D27AE803A521D6.e.10185","ELEMENT":"f.8D00E63E7445179AA59B17F8E6C27F98.d.3D495EBAC500E6D685D27AE803A521D6.e.10185"}]}
RESULT: {"script":"<script> [56 bytes]","args":[{"element-6066-11e4-a52e-4f735466cecf":"f.8D00E63E7445179AA59B17F8E6C27F98.d.3D495EBAC500E6D685D27AE803A521D6.e.10185","ELEMENT":"f.8D00E63E7445179AA59B17F8E6C27F98.d.3D495EBAC500E6D685D27AE803A521D6.e.10185"}]}
COMMAND: POST /session/999fc64afd1230ec64a2dd58c909e126/element - {"using":"css selector","value":"#shell-header-logo"}
COMMAND: GET /session/999fc64afd1230ec64a2dd58c909e126/screenshot - {}
RESULT: {"using":"css selector","value":"#shell-header-logo"}
COMMAND: POST /session/999fc64afd1230ec64a2dd58c909e126/element/f.8D00E63E7445179AA59B17F8E6C27F98.d.3D495EBAC500E6D685D27AE803A521D6.e.9903/click - {}
RESULT: {}
RESULT: {}
COMMAND: GET /session/999fc64afd1230ec64a2dd58c909e126/screenshot - {}
RESULT: {}
]]></system-out>
    </testcase>
    <testcase classname="chrome.135_0_7049_96.windows.Billing_Transfer_-_Intracompany_US127249" name="Should do a stock increase handover" time="74.242">
      <system-out><![CDATA[
COMMAND: POST /session/999fc64afd1230ec64a2dd58c909e126/execute/async - {"script":"<script> [1562 bytes]","args":[{"selector":{"controlType":"sap.m.Text","viewName":"etm.portal.ui.managehandoverstile.view.Master","properties":{"text":"Manage Handovers"},"interaction":{"idSuffix":"inner"}},"wdio_ui5_key":"etmportal.ui.managehandoverstile.view.Mastersap.m.Text{\"text\":\"Manage Handovers\"}"}]}
RESULT: {"script":"<script> [1562 bytes]","args":[{"selector":{"controlType":"sap.m.Text","viewName":"etm.portal.ui.managehandoverstile.view.Master","properties":{"text":"Manage Handovers"},"interaction":{"idSuffix":"inner"}},"wdio_ui5_key":"etmportal.ui.managehandoverstile.view.Mastersap.m.Text{\"text\":\"Manage Handovers\"}"}]}
RESULT: undefined
COMMAND: POST /session/999fc64afd1230ec64a2dd58c909e126/element - {"using":"xpath","value":"//*[@id=\"__tile133-title\"]"}
RESULT: {"using":"xpath","value":"//*[@id=\"__tile133-title\"]"}
COMMAND: POST /session/999fc64afd1230ec64a2dd58c909e126/element/f.8D00E63E7445179AA59B17F8E6C27F98.d.3D495EBAC500E6D685D27AE803A521D6.e.10190/click - {}
RESULT: {}
COMMAND: POST /session/999fc64afd1230ec64a2dd58c909e126/element - {"using":"xpath","value":"//button[@data-kt=\"masterHOAddButton\"]"}
COMMAND: GET /session/999fc64afd1230ec64a2dd58c909e126/screenshot - {}
RESULT: {"using":"xpath","value":"//button[@data-kt=\"masterHOAddButton\"]"}
COMMAND: POST /session/999fc64afd1230ec64a2dd58c909e126/elements - {"using":"xpath","value":"//button[@data-kt=\"masterHOAddButton\"]"}
RESULT: {}
RESULT: {"using":"xpath","value":"//button[@data-kt=\"masterHOAddButton\"]"}
COMMAND: POST /session/999fc64afd1230ec64a2dd58c909e126/elements - {"using":"xpath","value":"//button[@data-kt=\"masterHOAddButton\"]"}
RESULT: {"using":"xpath","value":"//button[@data-kt=\"masterHOAddButton\"]"}
COMMAND: POST /session/999fc64afd1230ec64a2dd58c909e126/elements - {"using":"xpath","value":"//button[@data-kt=\"masterHOAddButton\"]"}
RESULT: {"using":"xpath","value":"//button[@data-kt=\"masterHOAddButton\"]"}
COMMAND: POST /session/999fc64afd1230ec64a2dd58c909e126/elements - {"using":"xpath","value":"//button[@data-kt=\"masterHOAddButton\"]"}
RESULT: {"using":"xpath","value":"//button[@data-kt=\"masterHOAddButton\"]"}
COMMAND: POST /session/999fc64afd1230ec64a2dd58c909e126/elements - {"using":"xpath","value":"//button[@data-kt=\"masterHOAddButton\"]"}
RESULT: {"using":"xpath","value":"//button[@data-kt=\"masterHOAddButton\"]"}
COMMAND: POST /session/999fc64afd1230ec64a2dd58c909e126/elements - {"using":"xpath","value":"//button[@data-kt=\"masterHOAddButton\"]"}
RESULT: {"using":"xpath","value":"//button[@data-kt=\"masterHOAddButton\"]"}
COMMAND: POST /session/999fc64afd1230ec64a2dd58c909e126/elements - {"using":"xpath","value":"//button[@data-kt=\"masterHOAddButton\"]"}
RESULT: {"using":"xpath","value":"//button[@data-kt=\"masterHOAddButton\"]"}
COMMAND: POST /session/999fc64afd1230ec64a2dd58c909e126/elements - {"using":"xpath","value":"//button[@data-kt=\"masterHOAddButton\"]"}
RESULT: {"using":"xpath","value":"//button[@data-kt=\"masterHOAddButton\"]"}
COMMAND: POST /session/999fc64afd1230ec64a2dd58c909e126/elements - {"using":"xpath","value":"//button[@data-kt=\"masterHOAddButton\"]"}
RESULT: {"using":"xpath","value":"//button[@data-kt=\"masterHOAddButton\"]"}
COMMAND: POST /session/999fc64afd1230ec64a2dd58c909e126/elements - {"using":"xpath","value":"//button[@data-kt=\"masterHOAddButton\"]"}
RESULT: {"using":"xpath","value":"//button[@data-kt=\"masterHOAddButton\"]"}
COMMAND: POST /session/999fc64afd1230ec64a2dd58c909e126/elements - {"using":"xpath","value":"//button[@data-kt=\"masterHOAddButton\"]"}
RESULT: {"using":"xpath","value":"//button[@data-kt=\"masterHOAddButton\"]"}
COMMAND: POST /session/999fc64afd1230ec64a2dd58c909e126/elements - {"using":"xpath","value":"//button[@data-kt=\"masterHOAddButton\"]"}
RESULT: {"using":"xpath","value":"//button[@data-kt=\"masterHOAddButton\"]"}
COMMAND: POST /session/999fc64afd1230ec64a2dd58c909e126/elements - {"using":"xpath","value":"//button[@data-kt=\"masterHOAddButton\"]"}
RESULT: {"using":"xpath","value":"//button[@data-kt=\"masterHOAddButton\"]"}
COMMAND: POST /session/999fc64afd1230ec64a2dd58c909e126/elements - {"using":"xpath","value":"//button[@data-kt=\"masterHOAddButton\"]"}
RESULT: {"using":"xpath","value":"//button[@data-kt=\"masterHOAddButton\"]"}
COMMAND: POST /session/999fc64afd1230ec64a2dd58c909e126/element - {"using":"xpath","value":"//button[@data-kt=\"masterHOAddButton\"]"}
RESULT: {"using":"xpath","value":"//button[@data-kt=\"masterHOAddButton\"]"}
COMMAND: POST /session/999fc64afd1230ec64a2dd58c909e126/execute/sync - {"script":"<script> [8489 bytes]","args":[{"element-6066-11e4-a52e-4f735466cecf":"f.8D00E63E7445179AA59B17F8E6C27F98.d.3D495EBAC500E6D685D27AE803A521D6.e.10224","ELEMENT":"f.8D00E63E7445179AA59B17F8E6C27F98.d.3D495EBAC500E6D685D27AE803A521D6.e.10224"}]}
RESULT: {"script":"<script> [8489 bytes]","args":[{"element-6066-11e4-a52e-4f735466cecf":"f.8D00E63E7445179AA59B17F8E6C27F98.d.3D495EBAC500E6D685D27AE803A521D6.e.10224","ELEMENT":"f.8D00E63E7445179AA59B17F8E6C27F98.d.3D495EBAC500E6D685D27AE803A521D6.e.10224"}]}
COMMAND: GET /session/999fc64afd1230ec64a2dd58c909e126/element/f.8D00E63E7445179AA59B17F8E6C27F98.d.3D495EBAC500E6D685D27AE803A521D6.e.10224/enabled - {}
COMMAND: GET /session/999fc64afd1230ec64a2dd58c909e126/screenshot - {}
RESULT: {}
COMMAND: POST /session/999fc64afd1230ec64a2dd58c909e126/execute/sync - {"script":"<script> [8489 bytes]","args":[{"element-6066-11e4-a52e-4f735466cecf":"f.8D00E63E7445179AA59B17F8E6C27F98.d.3D495EBAC500E6D685D27AE803A521D6.e.10224","ELEMENT":"f.8D00E63E7445179AA59B17F8E6C27F98.d.3D495EBAC500E6D685D27AE803A521D6.e.10224"}]}
COMMAND: GET /session/999fc64afd1230ec64a2dd58c909e126/screenshot - {}
RESULT: {}
RESULT: {"script":"<script> [8489 bytes]","args":[{"element-6066-11e4-a52e-4f735466cecf":"f.8D00E63E7445179AA59B17F8E6C27F98.d.3D495EBAC500E6D685D27AE803A521D6.e.10224","ELEMENT":"f.8D00E63E7445179AA59B17F8E6C27F98.d.3D495EBAC500E6D685D27AE803A521D6.e.10224"}]}
COMMAND: POST /session/999fc64afd1230ec64a2dd58c909e126/execute/sync - {"script":"<script> [5351 bytes]","args":[{"element-6066-11e4-a52e-4f735466cecf":"f.8D00E63E7445179AA59B17F8E6C27F98.d.3D495EBAC500E6D685D27AE803A521D6.e.10224","ELEMENT":"f.8D00E63E7445179AA59B17F8E6C27F98.d.3D495EBAC500E6D685D27AE803A521D6.e.10224"}]}
COMMAND: GET /session/999fc64afd1230ec64a2dd58c909e126/screenshot - {}
RESULT: {}
RESULT: {"script":"<script> [5351 bytes]","args":[{"element-6066-11e4-a52e-4f735466cecf":"f.8D00E63E7445179AA59B17F8E6C27F98.d.3D495EBAC500E6D685D27AE803A521D6.e.10224","ELEMENT":"f.8D00E63E7445179AA59B17F8E6C27F98.d.3D495EBAC500E6D685D27AE803A521D6.e.10224"}]}
COMMAND: POST /session/999fc64afd1230ec64a2dd58c909e126/element/f.8D00E63E7445179AA59B17F8E6C27F98.d.3D495EBAC500E6D685D27AE803A521D6.e.10224/click - {}
COMMAND: GET /session/999fc64afd1230ec64a2dd58c909e126/screenshot - {}
RESULT: {}
RESULT: {}
COMMAND: GET /session/999fc64afd1230ec64a2dd58c909e126/screenshot - {}
RESULT: {}
RESULT: {}
COMMAND: POST /session/999fc64afd1230ec64a2dd58c909e126/element - {"using":"xpath","value":"//span[contains(@id ,\"AddNewHO--typeSelect-arrow\")]"}
RESULT: {"using":"xpath","value":"//span[contains(@id ,\"AddNewHO--typeSelect-arrow\")]"}
COMMAND: POST /session/999fc64afd1230ec64a2dd58c909e126/element/f.8D00E63E7445179AA59B17F8E6C27F98.d.3D495EBAC500E6D685D27AE803A521D6.e.10588/click - {}
RESULT: {}
COMMAND: GET /session/999fc64afd1230ec64a2dd58c909e126/screenshot - {}
RESULT: {}
COMMAND: POST /session/999fc64afd1230ec64a2dd58c909e126/element - {"using":"xpath","value":"(//li[contains(text(), \"stock increase yard\")])[1]"}
RESULT: {"using":"xpath","value":"(//li[contains(text(), \"stock increase yard\")])[1]"}
COMMAND: POST /session/999fc64afd1230ec64a2dd58c909e126/element/f.8D00E63E7445179AA59B17F8E6C27F98.d.3D495EBAC500E6D685D27AE803A521D6.e.10589/click - {}
RESULT: {}
COMMAND: GET /session/999fc64afd1230ec64a2dd58c909e126/screenshot - {}
RESULT: {}
COMMAND: POST /session/999fc64afd1230ec64a2dd58c909e126/execute/async - {"script":"<script> [1562 bytes]","args":[{"selector":{"id":"application-managehandovers-display-component---AddNewHO--dueDate","interaction":{"idSuffix":"inner"}},"wdio_ui5_key":"applicationmanagehandovers-display-component---AddNewHO--dueDate"}]}
RESULT: {"script":"<script> [1562 bytes]","args":[{"selector":{"id":"application-managehandovers-display-component---AddNewHO--dueDate","interaction":{"idSuffix":"inner"}},"wdio_ui5_key":"applicationmanagehandovers-display-component---AddNewHO--dueDate"}]}
RESULT: undefined
COMMAND: POST /session/999fc64afd1230ec64a2dd58c909e126/execute/async - {"script":"<script> [6424 bytes]","args":[{"element-6066-11e4-a52e-4f735466cecf":"f.8D00E63E7445179AA59B17F8E6C27F98.d.3D495EBAC500E6D685D27AE803A521D6.e.10591"},"setValue",["05/06/2025"]]}
RESULT: {"script":"<script> [6424 bytes]","args":[{"element-6066-11e4-a52e-4f735466cecf":"f.8D00E63E7445179AA59B17F8E6C27F98.d.3D495EBAC500E6D685D27AE803A521D6.e.10591"},"setValue",["05/06/2025"]]}
COMMAND: POST /session/999fc64afd1230ec64a2dd58c909e126/element - {"using":"xpath","value":"//input[@id=\"generalSectionFrg--receiveYard-inner\"]"}
RESULT: {"using":"xpath","value":"//input[@id=\"generalSectionFrg--receiveYard-inner\"]"}
COMMAND: POST /session/999fc64afd1230ec64a2dd58c909e126/element/f.8D00E63E7445179AA59B17F8E6C27F98.d.3D495EBAC500E6D685D27AE803A521D6.e.10597/clear - {}
RESULT: {}
COMMAND: POST /session/999fc64afd1230ec64a2dd58c909e126/element/f.8D00E63E7445179AA59B17F8E6C27F98.d.3D495EBAC500E6D685D27AE803A521D6.e.10597/value - {"text":"619"}
COMMAND: GET /session/999fc64afd1230ec64a2dd58c909e126/screenshot - {}
RESULT: {"text":"619"}
COMMAND: GET /session/999fc64afd1230ec64a2dd58c909e126/screenshot - {}
RESULT: {}
RESULT: {}
COMMAND: POST /session/999fc64afd1230ec64a2dd58c909e126/element - {"using":"xpath","value":"//li[.//span[text()='619']]"}
RESULT: {"using":"xpath","value":"//li[.//span[text()='619']]"}
COMMAND: POST /session/999fc64afd1230ec64a2dd58c909e126/element/f.8D00E63E7445179AA59B17F8E6C27F98.d.3D495EBAC500E6D685D27AE803A521D6.e.10613/click - {}
RESULT: {}
COMMAND: GET /session/999fc64afd1230ec64a2dd58c909e126/screenshot - {}
RESULT: {}
COMMAND: POST /session/999fc64afd1230ec64a2dd58c909e126/execute/async - {"script":"<script> [1562 bytes]","args":[{"selector":{"id":"application-managehandovers-display-component---AddNewHO--ObjectPageLayout-anchBar-application-managehandovers-display-component---AddNewHO--section4-anchor","interaction":{"idSuffix":"BDI-content"}},"wdio_ui5_key":"applicationmanagehandovers-display-component---AddNewHO--ObjectPageLayout-anchBar-application-managehandovers-display-component---AddNewHO--section4-anchor"}]}
RESULT: {"script":"<script> [1562 bytes]","args":[{"selector":{"id":"application-managehandovers-display-component---AddNewHO--ObjectPageLayout-anchBar-application-managehandovers-display-component---AddNewHO--section4-anchor","interaction":{"idSuffix":"BDI-content"}},"wdio_ui5_key":"applicationmanagehandovers-display-component---AddNewHO--ObjectPageLayout-anchBar-application-managehandovers-display-component---AddNewHO--section4-anchor"}]}
RESULT: undefined
COMMAND: POST /session/999fc64afd1230ec64a2dd58c909e126/element - {"using":"xpath","value":"//*[@id=\"application-managehandovers-display-component---AddNewHO--ObjectPageLayout-anchBar-application-managehandovers-display-component---AddNewHO--section4-anchor\"]"}
RESULT: {"using":"xpath","value":"//*[@id=\"application-managehandovers-display-component---AddNewHO--ObjectPageLayout-anchBar-application-managehandovers-display-component---AddNewHO--section4-anchor\"]"}
COMMAND: POST /session/999fc64afd1230ec64a2dd58c909e126/element/f.8D00E63E7445179AA59B17F8E6C27F98.d.3D495EBAC500E6D685D27AE803A521D6.e.10615/click - {}
RESULT: {}
COMMAND: POST /session/999fc64afd1230ec64a2dd58c909e126/element - {"using":"xpath","value":"//button[@aria-label=\"Add\"]"}
COMMAND: GET /session/999fc64afd1230ec64a2dd58c909e126/screenshot - {}
RESULT: {"using":"xpath","value":"//button[@aria-label=\"Add\"]"}
COMMAND: POST /session/999fc64afd1230ec64a2dd58c909e126/element/f.8D00E63E7445179AA59B17F8E6C27F98.d.3D495EBAC500E6D685D27AE803A521D6.e.10617/click - {}
RESULT: {}
RESULT: {}
COMMAND: GET /session/999fc64afd1230ec64a2dd58c909e126/screenshot - {}
RESULT: {}
COMMAND: POST /session/999fc64afd1230ec64a2dd58c909e126/execute/async - {"script":"<script> [1562 bytes]","args":[{"selector":{"id":"application-managehandovers-display-component---AddNewHO--smartFilterBar-btnBasicSearch","searchOpenDialogs":true,"interaction":{"idSuffix":"I"}},"wdio_ui5_key":"applicationmanagehandovers-display-component---AddNewHO--smartFilterBar-btnBasicSearch"}]}
RESULT: {"script":"<script> [1562 bytes]","args":[{"selector":{"id":"application-managehandovers-display-component---AddNewHO--smartFilterBar-btnBasicSearch","searchOpenDialogs":true,"interaction":{"idSuffix":"I"}},"wdio_ui5_key":"applicationmanagehandovers-display-component---AddNewHO--smartFilterBar-btnBasicSearch"}]}
RESULT: undefined
COMMAND: POST /session/999fc64afd1230ec64a2dd58c909e126/execute/async - {"script":"<script> [776 bytes]","args":[{"enterText":"8JsqujYAiN","selector":{"id":"application-managehandovers-display-component---AddNewHO--smartFilterBar-btnBasicSearch","searchOpenDialogs":true,"interaction":{"idSuffix":"I"}},"clearTextFirst":true,"interactionType":"ENTER_TEXT"}]}
RESULT: {"script":"<script> [776 bytes]","args":[{"enterText":"8JsqujYAiN","selector":{"id":"application-managehandovers-display-component---AddNewHO--smartFilterBar-btnBasicSearch","searchOpenDialogs":true,"interaction":{"idSuffix":"I"}},"clearTextFirst":true,"interactionType":"ENTER_TEXT"}]}
COMMAND: POST /session/999fc64afd1230ec64a2dd58c909e126/actions - {"actions":[{"id":"action39","type":"key","parameters":{},"actions":[{"type":"keyDown","value":"î€‡"},{"type":"pause","duration":10},{"type":"keyUp","value":"î€‡"}]}]}
RESULT: {"actions":[{"id":"action39","type":"key","parameters":{},"actions":[{"type":"keyDown","value":"î€‡"},{"type":"pause","duration":10},{"type":"keyUp","value":"î€‡"}]}]}
COMMAND: GET /session/999fc64afd1230ec64a2dd58c909e126/screenshot - {}
RESULT: {}
COMMAND: POST /session/999fc64afd1230ec64a2dd58c909e126/execute/async - {"script":"<script> [1562 bytes]","args":[{"selector":{"id":"application-managehandovers-display-component---AddNewHO--popup-sa","searchOpenDialogs":true,"interaction":{"idSuffix":"CbBg"}},"wdio_ui5_key":"applicationmanagehandovers-display-component---AddNewHO--popup-sa"}]}
RESULT: {"script":"<script> [1562 bytes]","args":[{"selector":{"id":"application-managehandovers-display-component---AddNewHO--popup-sa","searchOpenDialogs":true,"interaction":{"idSuffix":"CbBg"}},"wdio_ui5_key":"applicationmanagehandovers-display-component---AddNewHO--popup-sa"}]}
RESULT: undefined
COMMAND: POST /session/999fc64afd1230ec64a2dd58c909e126/element - {"using":"xpath","value":"//*[@id=\"application-managehandovers-display-component---AddNewHO--popup-sa\"]"}
RESULT: {"using":"xpath","value":"//*[@id=\"application-managehandovers-display-component---AddNewHO--popup-sa\"]"}
COMMAND: POST /session/999fc64afd1230ec64a2dd58c909e126/element/f.8D00E63E7445179AA59B17F8E6C27F98.d.3D495EBAC500E6D685D27AE803A521D6.e.10771/click - {}
RESULT: {}
COMMAND: GET /session/999fc64afd1230ec64a2dd58c909e126/screenshot - {}
RESULT: {}
COMMAND: POST /session/999fc64afd1230ec64a2dd58c909e126/element - {"using":"xpath","value":"//bdi[contains(text(), \"Select\")]"}
RESULT: {"using":"xpath","value":"//bdi[contains(text(), \"Select\")]"}
COMMAND: POST /session/999fc64afd1230ec64a2dd58c909e126/element/f.8D00E63E7445179AA59B17F8E6C27F98.d.3D495EBAC500E6D685D27AE803A521D6.e.10772/click - {}
RESULT: {}
COMMAND: GET /session/999fc64afd1230ec64a2dd58c909e126/screenshot - {}
RESULT: {}
COMMAND: POST /session/999fc64afd1230ec64a2dd58c909e126/element - {"using":"xpath","value":"//button[@data-kt=\"AddNewHOSaveButton\"]"}
RESULT: {"using":"xpath","value":"//button[@data-kt=\"AddNewHOSaveButton\"]"}
COMMAND: POST /session/999fc64afd1230ec64a2dd58c909e126/element/f.8D00E63E7445179AA59B17F8E6C27F98.d.3D495EBAC500E6D685D27AE803A521D6.e.10776/click - {}
RESULT: {}
COMMAND: GET /session/999fc64afd1230ec64a2dd58c909e126/screenshot - {}
RESULT: {}
COMMAND: POST /session/999fc64afd1230ec64a2dd58c909e126/execute/async - {"script":"<script> [1562 bytes]","args":[{"selector":{"id":"receiptDatePicker","viewName":"etm.portal.ui.managehandovers.view.DetailExecuteHO","interaction":{"idSuffix":"inner"}},"wdio_ui5_key":"receiptDatePickeretmportal.ui.managehandovers.view.DetailExecuteHO"}]}
RESULT: {"script":"<script> [1562 bytes]","args":[{"selector":{"id":"receiptDatePicker","viewName":"etm.portal.ui.managehandovers.view.DetailExecuteHO","interaction":{"idSuffix":"inner"}},"wdio_ui5_key":"receiptDatePickeretmportal.ui.managehandovers.view.DetailExecuteHO"}]}
RESULT: undefined
COMMAND: POST /session/999fc64afd1230ec64a2dd58c909e126/execute/async - {"script":"<script> [6424 bytes]","args":[{"element-6066-11e4-a52e-4f735466cecf":"f.8D00E63E7445179AA59B17F8E6C27F98.d.3D495EBAC500E6D685D27AE803A521D6.e.10802"},"setValue",["05/06/2025"]]}
RESULT: {"script":"<script> [6424 bytes]","args":[{"element-6066-11e4-a52e-4f735466cecf":"f.8D00E63E7445179AA59B17F8E6C27F98.d.3D495EBAC500E6D685D27AE803A521D6.e.10802"},"setValue",["05/06/2025"]]}
COMMAND: POST /session/999fc64afd1230ec64a2dd58c909e126/element - {"using":"xpath","value":"//button[@data-kt=\"PickingTableConfirmAllButton\"]"}
RESULT: {"using":"xpath","value":"//button[@data-kt=\"PickingTableConfirmAllButton\"]"}
COMMAND: POST /session/999fc64afd1230ec64a2dd58c909e126/element/f.8D00E63E7445179AA59B17F8E6C27F98.d.3D495EBAC500E6D685D27AE803A521D6.e.10818/click - {}
RESULT: {}
COMMAND: GET /session/999fc64afd1230ec64a2dd58c909e126/screenshot - {}
RESULT: {}
COMMAND: POST /session/999fc64afd1230ec64a2dd58c909e126/element - {"using":"xpath","value":"//bdi[contains(text(), \"OK\")]"}
RESULT: {"using":"xpath","value":"//bdi[contains(text(), \"OK\")]"}
COMMAND: POST /session/999fc64afd1230ec64a2dd58c909e126/element/f.8D00E63E7445179AA59B17F8E6C27F98.d.3D495EBAC500E6D685D27AE803A521D6.e.10820/click - {}
RESULT: {}
COMMAND: GET /session/999fc64afd1230ec64a2dd58c909e126/screenshot - {}
RESULT: {}
COMMAND: POST /session/999fc64afd1230ec64a2dd58c909e126/element - {"using":"xpath","value":"(//bdi[contains(text(), \"Receive\")])[2]"}
RESULT: {"using":"xpath","value":"(//bdi[contains(text(), \"Receive\")])[2]"}
COMMAND: POST /session/999fc64afd1230ec64a2dd58c909e126/element/f.8D00E63E7445179AA59B17F8E6C27F98.d.3D495EBAC500E6D685D27AE803A521D6.e.10822/click - {}
RESULT: {}
COMMAND: GET /session/999fc64afd1230ec64a2dd58c909e126/screenshot - {}
RESULT: {}
COMMAND: POST /session/999fc64afd1230ec64a2dd58c909e126/element - {"using":"css selector","value":"#shell-header-logo"}
RESULT: {"using":"css selector","value":"#shell-header-logo"}
COMMAND: POST /session/999fc64afd1230ec64a2dd58c909e126/element/f.8D00E63E7445179AA59B17F8E6C27F98.d.3D495EBAC500E6D685D27AE803A521D6.e.10192/click - {}
RESULT: {}
COMMAND: GET /session/999fc64afd1230ec64a2dd58c909e126/screenshot - {}
RESULT: {}
]]></system-out>
    </testcase>
    <testcase classname="chrome.135_0_7049_96.windows.Billing_Transfer_-_Intracompany_US127249" name="Should create a new contract" time="51.798">
      <system-out><![CDATA[
COMMAND: POST /session/999fc64afd1230ec64a2dd58c909e126/execute/async - {"script":"<script> [1562 bytes]","args":[{"selector":{"controlType":"sap.m.Text","viewName":"etm.portal.ui.managecontractstile.view.Master","properties":{"text":"Manage Contracts"},"interaction":{"idSuffix":"inner"}},"wdio_ui5_key":"etmportal.ui.managecontractstile.view.Mastersap.m.Text{\"text\":\"Manage Contracts\"}"}]}
RESULT: {"script":"<script> [1562 bytes]","args":[{"selector":{"controlType":"sap.m.Text","viewName":"etm.portal.ui.managecontractstile.view.Master","properties":{"text":"Manage Contracts"},"interaction":{"idSuffix":"inner"}},"wdio_ui5_key":"etmportal.ui.managecontractstile.view.Mastersap.m.Text{\"text\":\"Manage Contracts\"}"}]}
RESULT: undefined
COMMAND: POST /session/999fc64afd1230ec64a2dd58c909e126/element - {"using":"xpath","value":"//*[@id=\"__tile130-title\"]"}
RESULT: {"using":"xpath","value":"//*[@id=\"__tile130-title\"]"}
COMMAND: POST /session/999fc64afd1230ec64a2dd58c909e126/element/f.8D00E63E7445179AA59B17F8E6C27F98.d.3D495EBAC500E6D685D27AE803A521D6.e.10997/click - {}
RESULT: {}
COMMAND: GET /session/999fc64afd1230ec64a2dd58c909e126/screenshot - {}
COMMAND: POST /session/999fc64afd1230ec64a2dd58c909e126/element - {"using":"xpath","value":"//button[@data-kt=\"addButton\"]"}
RESULT: {}
RESULT: {"using":"xpath","value":"//button[@data-kt=\"addButton\"]"}
COMMAND: POST /session/999fc64afd1230ec64a2dd58c909e126/elements - {"using":"xpath","value":"//button[@data-kt=\"addButton\"]"}
RESULT: {"using":"xpath","value":"//button[@data-kt=\"addButton\"]"}
COMMAND: POST /session/999fc64afd1230ec64a2dd58c909e126/execute/sync - {"script":"<script> [8489 bytes]","args":[{"element-6066-11e4-a52e-4f735466cecf":"f.8D00E63E7445179AA59B17F8E6C27F98.d.3D495EBAC500E6D685D27AE803A521D6.e.11062","ELEMENT":"f.8D00E63E7445179AA59B17F8E6C27F98.d.3D495EBAC500E6D685D27AE803A521D6.e.11062"}]}
RESULT: {"script":"<script> [8489 bytes]","args":[{"element-6066-11e4-a52e-4f735466cecf":"f.8D00E63E7445179AA59B17F8E6C27F98.d.3D495EBAC500E6D685D27AE803A521D6.e.11062","ELEMENT":"f.8D00E63E7445179AA59B17F8E6C27F98.d.3D495EBAC500E6D685D27AE803A521D6.e.11062"}]}
COMMAND: GET /session/999fc64afd1230ec64a2dd58c909e126/element/f.8D00E63E7445179AA59B17F8E6C27F98.d.3D495EBAC500E6D685D27AE803A521D6.e.11062/enabled - {}
COMMAND: GET /session/999fc64afd1230ec64a2dd58c909e126/screenshot - {}
RESULT: {}
COMMAND: POST /session/999fc64afd1230ec64a2dd58c909e126/execute/sync - {"script":"<script> [8489 bytes]","args":[{"element-6066-11e4-a52e-4f735466cecf":"f.8D00E63E7445179AA59B17F8E6C27F98.d.3D495EBAC500E6D685D27AE803A521D6.e.11062","ELEMENT":"f.8D00E63E7445179AA59B17F8E6C27F98.d.3D495EBAC500E6D685D27AE803A521D6.e.11062"}]}
COMMAND: GET /session/999fc64afd1230ec64a2dd58c909e126/screenshot - {}
RESULT: {}
RESULT: {"script":"<script> [8489 bytes]","args":[{"element-6066-11e4-a52e-4f735466cecf":"f.8D00E63E7445179AA59B17F8E6C27F98.d.3D495EBAC500E6D685D27AE803A521D6.e.11062","ELEMENT":"f.8D00E63E7445179AA59B17F8E6C27F98.d.3D495EBAC500E6D685D27AE803A521D6.e.11062"}]}
COMMAND: POST /session/999fc64afd1230ec64a2dd58c909e126/execute/sync - {"script":"<script> [5351 bytes]","args":[{"element-6066-11e4-a52e-4f735466cecf":"f.8D00E63E7445179AA59B17F8E6C27F98.d.3D495EBAC500E6D685D27AE803A521D6.e.11062","ELEMENT":"f.8D00E63E7445179AA59B17F8E6C27F98.d.3D495EBAC500E6D685D27AE803A521D6.e.11062"}]}
COMMAND: GET /session/999fc64afd1230ec64a2dd58c909e126/screenshot - {}
RESULT: {}
RESULT: {"script":"<script> [5351 bytes]","args":[{"element-6066-11e4-a52e-4f735466cecf":"f.8D00E63E7445179AA59B17F8E6C27F98.d.3D495EBAC500E6D685D27AE803A521D6.e.11062","ELEMENT":"f.8D00E63E7445179AA59B17F8E6C27F98.d.3D495EBAC500E6D685D27AE803A521D6.e.11062"}]}
COMMAND: GET /session/999fc64afd1230ec64a2dd58c909e126/screenshot - {}
RESULT: {}
RESULT: {}
COMMAND: POST /session/999fc64afd1230ec64a2dd58c909e126/element/f.8D00E63E7445179AA59B17F8E6C27F98.d.3D495EBAC500E6D685D27AE803A521D6.e.11062/click - {}
RESULT: {}
COMMAND: GET /session/999fc64afd1230ec64a2dd58c909e126/screenshot - {}
COMMAND: POST /session/999fc64afd1230ec64a2dd58c909e126/execute/async - {"script":"<script> [1562 bytes]","args":[{"selector":{"id":"application-managecontracts-display-component---AddNewContract--projectDescription","interaction":{"idSuffix":"inner"}},"wdio_ui5_key":"applicationmanagecontracts-display-component---AddNewContract--projectDescription"}]}
RESULT: {}
RESULT: {"script":"<script> [1562 bytes]","args":[{"selector":{"id":"application-managecontracts-display-component---AddNewContract--projectDescription","interaction":{"idSuffix":"inner"}},"wdio_ui5_key":"applicationmanagecontracts-display-component---AddNewContract--projectDescription"}]}
RESULT: undefined
COMMAND: POST /session/999fc64afd1230ec64a2dd58c909e126/execute/async - {"script":"<script> [776 bytes]","args":[{"enterText":"Contract WDIO","selector":{"id":"application-managecontracts-display-component---AddNewContract--projectDescription","interaction":{"idSuffix":"inner"}},"clearTextFirst":true,"interactionType":"ENTER_TEXT"}]}
RESULT: {"script":"<script> [776 bytes]","args":[{"enterText":"Contract WDIO","selector":{"id":"application-managecontracts-display-component---AddNewContract--projectDescription","interaction":{"idSuffix":"inner"}},"clearTextFirst":true,"interactionType":"ENTER_TEXT"}]}
COMMAND: POST /session/999fc64afd1230ec64a2dd58c909e126/element - {"using":"xpath","value":"//input[@id=\"application-managecontracts-display-component---AddNewContract--site-inner\"]"}
RESULT: {"using":"xpath","value":"//input[@id=\"application-managecontracts-display-component---AddNewContract--site-inner\"]"}
COMMAND: POST /session/999fc64afd1230ec64a2dd58c909e126/element/f.8D00E63E7445179AA59B17F8E6C27F98.d.3D495EBAC500E6D685D27AE803A521D6.e.11529/clear - {}
RESULT: {}
COMMAND: POST /session/999fc64afd1230ec64a2dd58c909e126/element/f.8D00E63E7445179AA59B17F8E6C27F98.d.3D495EBAC500E6D685D27AE803A521D6.e.11529/value - {"text":"2453"}
COMMAND: GET /session/999fc64afd1230ec64a2dd58c909e126/screenshot - {}
RESULT: {"text":"2453"}
COMMAND: GET /session/999fc64afd1230ec64a2dd58c909e126/screenshot - {}
RESULT: {}
RESULT: {}
COMMAND: POST /session/999fc64afd1230ec64a2dd58c909e126/element - {"using":"xpath","value":"//li[.//span[text()='2453']]"}
RESULT: {"using":"xpath","value":"//li[.//span[text()='2453']]"}
COMMAND: POST /session/999fc64afd1230ec64a2dd58c909e126/element/f.8D00E63E7445179AA59B17F8E6C27F98.d.3D495EBAC500E6D685D27AE803A521D6.e.11554/click - {}
RESULT: {}
COMMAND: GET /session/999fc64afd1230ec64a2dd58c909e126/screenshot - {}
RESULT: {}
COMMAND: POST /session/999fc64afd1230ec64a2dd58c909e126/element - {"using":"xpath","value":"//input[@id=\"application-managecontracts-display-component---AddNewContract--yardId-inner\"]"}
RESULT: {"using":"xpath","value":"//input[@id=\"application-managecontracts-display-component---AddNewContract--yardId-inner\"]"}
COMMAND: GET /session/999fc64afd1230ec64a2dd58c909e126/element/f.8D00E63E7445179AA59B17F8E6C27F98.d.3D495EBAC500E6D685D27AE803A521D6.e.11530/property/value - {}
RESULT: {}
COMMAND: POST /session/999fc64afd1230ec64a2dd58c909e126/element - {"using":"xpath","value":"//input[@id=\"application-managecontracts-display-component---AddNewContract--customerSelect-inner\"]"}
COMMAND: GET /session/999fc64afd1230ec64a2dd58c909e126/screenshot - {}
RESULT: {"using":"xpath","value":"//input[@id=\"application-managecontracts-display-component---AddNewContract--customerSelect-inner\"]"}
COMMAND: POST /session/999fc64afd1230ec64a2dd58c909e126/element/f.8D00E63E7445179AA59B17F8E6C27F98.d.3D495EBAC500E6D685D27AE803A521D6.e.11528/clear - {}
RESULT: {}
RESULT: {}
COMMAND: POST /session/999fc64afd1230ec64a2dd58c909e126/element/f.8D00E63E7445179AA59B17F8E6C27F98.d.3D495EBAC500E6D685D27AE803A521D6.e.11528/value - {"text":"1496"}
COMMAND: GET /session/999fc64afd1230ec64a2dd58c909e126/screenshot - {}
RESULT: {"text":"1496"}
COMMAND: GET /session/999fc64afd1230ec64a2dd58c909e126/screenshot - {}
RESULT: {}
RESULT: {}
COMMAND: POST /session/999fc64afd1230ec64a2dd58c909e126/element - {"using":"xpath","value":"//li[.//span[text()='1496']]"}
RESULT: {"using":"xpath","value":"//li[.//span[text()='1496']]"}
COMMAND: POST /session/999fc64afd1230ec64a2dd58c909e126/element/f.8D00E63E7445179AA59B17F8E6C27F98.d.3D495EBAC500E6D685D27AE803A521D6.e.11557/click - {}
RESULT: {}
COMMAND: GET /session/999fc64afd1230ec64a2dd58c909e126/screenshot - {}
RESULT: {}
COMMAND: POST /session/999fc64afd1230ec64a2dd58c909e126/element - {"using":"xpath","value":"//button[@data-kt=\"saveButton\"]"}
RESULT: {"using":"xpath","value":"//button[@data-kt=\"saveButton\"]"}
COMMAND: POST /session/999fc64afd1230ec64a2dd58c909e126/element/f.8D00E63E7445179AA59B17F8E6C27F98.d.3D495EBAC500E6D685D27AE803A521D6.e.11547/click - {}
RESULT: {}
COMMAND: GET /session/999fc64afd1230ec64a2dd58c909e126/screenshot - {}
RESULT: {}
COMMAND: POST /session/999fc64afd1230ec64a2dd58c909e126/element - {"using":"xpath","value":"//span[contains(@id ,\"contractDetailTitleNoExpanded\")]"}
RESULT: {"using":"xpath","value":"//span[contains(@id ,\"contractDetailTitleNoExpanded\")]"}
COMMAND: POST /session/999fc64afd1230ec64a2dd58c909e126/elements - {"using":"xpath","value":"//span[contains(@id ,\"contractDetailTitleNoExpanded\")]"}
RESULT: {"using":"xpath","value":"//span[contains(@id ,\"contractDetailTitleNoExpanded\")]"}
COMMAND: POST /session/999fc64afd1230ec64a2dd58c909e126/execute/sync - {"script":"<script> [56 bytes]","args":[{"element-6066-11e4-a52e-4f735466cecf":"f.8D00E63E7445179AA59B17F8E6C27F98.d.3D495EBAC500E6D685D27AE803A521D6.e.11569","ELEMENT":"f.8D00E63E7445179AA59B17F8E6C27F98.d.3D495EBAC500E6D685D27AE803A521D6.e.11569"}]}
RESULT: {"script":"<script> [56 bytes]","args":[{"element-6066-11e4-a52e-4f735466cecf":"f.8D00E63E7445179AA59B17F8E6C27F98.d.3D495EBAC500E6D685D27AE803A521D6.e.11569","ELEMENT":"f.8D00E63E7445179AA59B17F8E6C27F98.d.3D495EBAC500E6D685D27AE803A521D6.e.11569"}]}
COMMAND: GET /session/999fc64afd1230ec64a2dd58c909e126/screenshot - {}
RESULT: {}
]]></system-out>
    </testcase>
    <testcase classname="chrome.135_0_7049_96.windows.Billing_Transfer_-_Intracompany_US127249" name="Should add equipment to the contract" time="46.054">
      <system-out><![CDATA[
COMMAND: POST /session/999fc64afd1230ec64a2dd58c909e126/element - {"using":"xpath","value":"//button[@data-kt=\"contractDetailEditBtnButton\"]"}
RESULT: {"using":"xpath","value":"//button[@data-kt=\"contractDetailEditBtnButton\"]"}
COMMAND: POST /session/999fc64afd1230ec64a2dd58c909e126/element/f.8D00E63E7445179AA59B17F8E6C27F98.d.3D495EBAC500E6D685D27AE803A521D6.e.11570/click - {}
RESULT: {}
COMMAND: GET /session/999fc64afd1230ec64a2dd58c909e126/screenshot - {}
RESULT: {}
COMMAND: POST /session/999fc64afd1230ec64a2dd58c909e126/element - {"using":"xpath","value":"(//span[contains(text(), \"Additional Addresses\")])[2]"}
RESULT: {"using":"xpath","value":"(//span[contains(text(), \"Additional Addresses\")])[2]"}
COMMAND: POST /session/999fc64afd1230ec64a2dd58c909e126/element/f.8D00E63E7445179AA59B17F8E6C27F98.d.3D495EBAC500E6D685D27AE803A521D6.e.11626/click - {}
RESULT: {}
COMMAND: GET /session/999fc64afd1230ec64a2dd58c909e126/screenshot - {}
RESULT: {}
COMMAND: POST /session/999fc64afd1230ec64a2dd58c909e126/element - {"using":"xpath","value":"//button[@data-kt=\"btnAddTableRowOverflowToolbarButton\"]"}
RESULT: {"using":"xpath","value":"//button[@data-kt=\"btnAddTableRowOverflowToolbarButton\"]"}
COMMAND: POST /session/999fc64afd1230ec64a2dd58c909e126/element/f.8D00E63E7445179AA59B17F8E6C27F98.d.3D495EBAC500E6D685D27AE803A521D6.e.11628/click - {}
RESULT: {}
COMMAND: GET /session/999fc64afd1230ec64a2dd58c909e126/screenshot - {}
RESULT: {}
COMMAND: POST /session/999fc64afd1230ec64a2dd58c909e126/element - {"using":"xpath","value":"//div[(text() = 'Standard Entry' or . = 'Standard Entry')]"}
RESULT: {"using":"xpath","value":"//div[(text() = 'Standard Entry' or . = 'Standard Entry')]"}
COMMAND: POST /session/999fc64afd1230ec64a2dd58c909e126/element/f.8D00E63E7445179AA59B17F8E6C27F98.d.3D495EBAC500E6D685D27AE803A521D6.e.11630/click - {}
RESULT: {}
COMMAND: GET /session/999fc64afd1230ec64a2dd58c909e126/screenshot - {}
RESULT: {}
COMMAND: POST /session/999fc64afd1230ec64a2dd58c909e126/element - {"using":"xpath","value":"//td[7]/div/div/input"}
RESULT: {"using":"xpath","value":"//td[7]/div/div/input"}
COMMAND: POST /session/999fc64afd1230ec64a2dd58c909e126/element/f.8D00E63E7445179AA59B17F8E6C27F98.d.3D495EBAC500E6D685D27AE803A521D6.e.11639/clear - {}
RESULT: {}
COMMAND: POST /session/999fc64afd1230ec64a2dd58c909e126/element/f.8D00E63E7445179AA59B17F8E6C27F98.d.3D495EBAC500E6D685D27AE803A521D6.e.11639/value - {"text":"8JsqujYAiN"}
COMMAND: GET /session/999fc64afd1230ec64a2dd58c909e126/screenshot - {}
RESULT: {"text":"8JsqujYAiN"}
COMMAND: GET /session/999fc64afd1230ec64a2dd58c909e126/screenshot - {}
RESULT: {}
RESULT: {}
COMMAND: POST /session/999fc64afd1230ec64a2dd58c909e126/actions - {"actions":[{"id":"action40","type":"key","parameters":{},"actions":[{"type":"keyDown","value":"î€‡"},{"type":"pause","duration":10},{"type":"keyUp","value":"î€‡"}]}]}
RESULT: {"actions":[{"id":"action40","type":"key","parameters":{},"actions":[{"type":"keyDown","value":"î€‡"},{"type":"pause","duration":10},{"type":"keyUp","value":"î€‡"}]}]}
COMMAND: GET /session/999fc64afd1230ec64a2dd58c909e126/screenshot - {}
RESULT: {}
COMMAND: POST /session/999fc64afd1230ec64a2dd58c909e126/execute/sync - {"script":"<script> [276 bytes]","args":["No pricing information was found"]}
RESULT: {"script":"<script> [276 bytes]","args":["No pricing information was found"]}
COMMAND: POST /session/999fc64afd1230ec64a2dd58c909e126/element - {"using":"xpath","value":"(//button[@data-kt=\"saveButton\"])[2]"}
COMMAND: GET /session/999fc64afd1230ec64a2dd58c909e126/screenshot - {}
RESULT: {"using":"xpath","value":"(//button[@data-kt=\"saveButton\"])[2]"}
COMMAND: POST /session/999fc64afd1230ec64a2dd58c909e126/element/f.8D00E63E7445179AA59B17F8E6C27F98.d.3D495EBAC500E6D685D27AE803A521D6.e.11654/click - {}
RESULT: {}
RESULT: {}
COMMAND: GET /session/999fc64afd1230ec64a2dd58c909e126/screenshot - {}
RESULT: {}
COMMAND: POST /session/999fc64afd1230ec64a2dd58c909e126/execute/sync - {"script":"<script> [276 bytes]","args":["Some contract items are having rental validity exceeding header rental validity"]}
RESULT: {"script":"<script> [276 bytes]","args":["Some contract items are having rental validity exceeding header rental validity"]}
COMMAND: GET /session/999fc64afd1230ec64a2dd58c909e126/screenshot - {}
RESULT: {}
COMMAND: POST /session/999fc64afd1230ec64a2dd58c909e126/element - {"using":"xpath","value":"//span[contains(@id ,\"contractItemsSmartTable-header-inner\")]"}
RESULT: {"using":"xpath","value":"//span[contains(@id ,\"contractItemsSmartTable-header-inner\")]"}
COMMAND: POST /session/999fc64afd1230ec64a2dd58c909e126/elements - {"using":"xpath","value":"//span[contains(@id ,\"contractItemsSmartTable-header-inner\")]"}
RESULT: {"using":"xpath","value":"//span[contains(@id ,\"contractItemsSmartTable-header-inner\")]"}
COMMAND: POST /session/999fc64afd1230ec64a2dd58c909e126/execute/sync - {"script":"<script> [56 bytes]","args":[{"element-6066-11e4-a52e-4f735466cecf":"f.8D00E63E7445179AA59B17F8E6C27F98.d.3D495EBAC500E6D685D27AE803A521D6.e.11661","ELEMENT":"f.8D00E63E7445179AA59B17F8E6C27F98.d.3D495EBAC500E6D685D27AE803A521D6.e.11661"}]}
RESULT: {"script":"<script> [56 bytes]","args":[{"element-6066-11e4-a52e-4f735466cecf":"f.8D00E63E7445179AA59B17F8E6C27F98.d.3D495EBAC500E6D685D27AE803A521D6.e.11661","ELEMENT":"f.8D00E63E7445179AA59B17F8E6C27F98.d.3D495EBAC500E6D685D27AE803A521D6.e.11661"}]}
]]></system-out>
    </testcase>
    <testcase classname="chrome.135_0_7049_96.windows.Billing_Transfer_-_Intracompany_US127249" name="Should do a provide to site handover" time="44.978">
      <system-out><![CDATA[
COMMAND: GET /session/999fc64afd1230ec64a2dd58c909e126/screenshot - {}
COMMAND: POST /session/999fc64afd1230ec64a2dd58c909e126/element - {"using":"xpath","value":"//button[@data-kt=\"provideButton\"]"}
RESULT: {"using":"xpath","value":"//button[@data-kt=\"provideButton\"]"}
COMMAND: POST /session/999fc64afd1230ec64a2dd58c909e126/element/f.8D00E63E7445179AA59B17F8E6C27F98.d.3D495EBAC500E6D685D27AE803A521D6.e.11662/click - {}
RESULT: {}
RESULT: {}
COMMAND: GET /session/999fc64afd1230ec64a2dd58c909e126/screenshot - {}
RESULT: undefined
COMMAND: POST /session/999fc64afd1230ec64a2dd58c909e126/execute/async - {"script":"<script> [6424 bytes]","args":[{"element-6066-11e4-a52e-4f735466cecf":"f.8D00E63E7445179AA59B17F8E6C27F98.d.3D495EBAC500E6D685D27AE803A521D6.e.10591"},"setValue",["05/06/2025"]]}
RESULT: {}
COMMAND: POST /session/999fc64afd1230ec64a2dd58c909e126/execute/async - {"script":"<script> [1562 bytes]","args":[{"selector":{"id":"application-managehandovers-display-component---AddNewHO--dueDate","interaction":{"idSuffix":"inner"}},"wdio_ui5_key":"applicationmanagehandovers-display-component---AddNewHO--dueDate"}]}
RESULT: {"script":"<script> [1562 bytes]","args":[{"selector":{"id":"application-managehandovers-display-component---AddNewHO--dueDate","interaction":{"idSuffix":"inner"}},"wdio_ui5_key":"applicationmanagehandovers-display-component---AddNewHO--dueDate"}]}
COMMAND: POST /session/999fc64afd1230ec64a2dd58c909e126/execute/async - {"script":"<script> [6424 bytes]","args":[{"element-6066-11e4-a52e-4f735466cecf":"f.8D00E63E7445179AA59B17F8E6C27F98.d.3D495EBAC500E6D685D27AE803A521D6.e.11719"},"setValue",["05/06/2025"]]}
RESULT: {"script":"<script> [6424 bytes]","args":[{"element-6066-11e4-a52e-4f735466cecf":"f.8D00E63E7445179AA59B17F8E6C27F98.d.3D495EBAC500E6D685D27AE803A521D6.e.11719"},"setValue",["05/06/2025"]]}
COMMAND: POST /session/999fc64afd1230ec64a2dd58c909e126/element - {"using":"xpath","value":"//bdi[contains(text(), \"Instructions\")]"}
RESULT: {"using":"xpath","value":"//bdi[contains(text(), \"Instructions\")]"}
COMMAND: POST /session/999fc64afd1230ec64a2dd58c909e126/element/f.8D00E63E7445179AA59B17F8E6C27F98.d.3D495EBAC500E6D685D27AE803A521D6.e.11969/click - {}
RESULT: {}
COMMAND: GET /session/999fc64afd1230ec64a2dd58c909e126/screenshot - {}
RESULT: {}
COMMAND: POST /session/999fc64afd1230ec64a2dd58c909e126/element - {"using":"xpath","value":"//button[@data-kt=\"AddNewHOProvideAddItemsButton\"]"}
RESULT: {"using":"xpath","value":"//button[@data-kt=\"AddNewHOProvideAddItemsButton\"]"}
COMMAND: POST /session/999fc64afd1230ec64a2dd58c909e126/element/f.8D00E63E7445179AA59B17F8E6C27F98.d.3D495EBAC500E6D685D27AE803A521D6.e.11973/click - {}
RESULT: {}
COMMAND: GET /session/999fc64afd1230ec64a2dd58c909e126/screenshot - {}
RESULT: {}
RESULT: undefined
COMMAND: POST /session/999fc64afd1230ec64a2dd58c909e126/element - {"using":"xpath","value":"//*[@id=\"application-managehandovers-display-component---AddNewHO--popup-sa\"]"}
RESULT: {"using":"xpath","value":"//*[@id=\"application-managehandovers-display-component---AddNewHO--popup-sa\"]"}
COMMAND: POST /session/999fc64afd1230ec64a2dd58c909e126/element/f.8D00E63E7445179AA59B17F8E6C27F98.d.3D495EBAC500E6D685D27AE803A521D6.e.11988/click - {}
RESULT: {}
COMMAND: GET /session/999fc64afd1230ec64a2dd58c909e126/screenshot - {}
RESULT: {}
COMMAND: POST /session/999fc64afd1230ec64a2dd58c909e126/element - {"using":"xpath","value":"//*[contains(@id ,\"BDI-content\")][contains(text(), \"Select\")]"}
RESULT: {"using":"xpath","value":"//*[contains(@id ,\"BDI-content\")][contains(text(), \"Select\")]"}
COMMAND: POST /session/999fc64afd1230ec64a2dd58c909e126/element/f.8D00E63E7445179AA59B17F8E6C27F98.d.3D495EBAC500E6D685D27AE803A521D6.e.11989/click - {}
RESULT: {}
COMMAND: GET /session/999fc64afd1230ec64a2dd58c909e126/screenshot - {}
RESULT: {}
COMMAND: POST /session/999fc64afd1230ec64a2dd58c909e126/execute/async - {"script":"<script> [1562 bytes]","args":[{"selector":{"id":"application-managehandovers-display-component---AddNewHO--confirmCreationButton","interaction":{"idSuffix":"BDI-content"}},"wdio_ui5_key":"applicationmanagehandovers-display-component---AddNewHO--confirmCreationButton"}]}
RESULT: {"script":"<script> [1562 bytes]","args":[{"selector":{"id":"application-managehandovers-display-component---AddNewHO--confirmCreationButton","interaction":{"idSuffix":"BDI-content"}},"wdio_ui5_key":"applicationmanagehandovers-display-component---AddNewHO--confirmCreationButton"}]}
RESULT: undefined
COMMAND: POST /session/999fc64afd1230ec64a2dd58c909e126/element - {"using":"xpath","value":"//*[@id=\"application-managehandovers-display-component---AddNewHO--confirmCreationButton\"]"}
RESULT: {"using":"xpath","value":"//*[@id=\"application-managehandovers-display-component---AddNewHO--confirmCreationButton\"]"}
COMMAND: POST /session/999fc64afd1230ec64a2dd58c909e126/element/f.8D00E63E7445179AA59B17F8E6C27F98.d.3D495EBAC500E6D685D27AE803A521D6.e.11799/click - {}
RESULT: {}
COMMAND: GET /session/999fc64afd1230ec64a2dd58c909e126/screenshot - {}
RESULT: {}
COMMAND: POST /session/999fc64afd1230ec64a2dd58c909e126/element - {"using":"xpath","value":"//button[@data-kt=\"PickingTableConfirmAllButton\"]"}
RESULT: {"using":"xpath","value":"//button[@data-kt=\"PickingTableConfirmAllButton\"]"}
COMMAND: POST /session/999fc64afd1230ec64a2dd58c909e126/element/f.8D00E63E7445179AA59B17F8E6C27F98.d.3D495EBAC500E6D685D27AE803A521D6.e.12024/click - {}
COMMAND: POST /session/999fc64afd1230ec64a2dd58c909e126/element - {"using":"xpath","value":"//button[@data-kt=\"PickingTableConfirmAllButton\"]"}
RESULT: {"using":"xpath","value":"//button[@data-kt=\"PickingTableConfirmAllButton\"]"}
COMMAND: POST /session/999fc64afd1230ec64a2dd58c909e126/element/f.8D00E63E7445179AA59B17F8E6C27F98.d.3D495EBAC500E6D685D27AE803A521D6.e.12024/click - {}
COMMAND: POST /session/999fc64afd1230ec64a2dd58c909e126/element - {"using":"xpath","value":"//button[@data-kt=\"PickingTableConfirmAllButton\"]"}
RESULT: {"using":"xpath","value":"//button[@data-kt=\"PickingTableConfirmAllButton\"]"}
COMMAND: POST /session/999fc64afd1230ec64a2dd58c909e126/element/f.8D00E63E7445179AA59B17F8E6C27F98.d.3D495EBAC500E6D685D27AE803A521D6.e.12037/click - {}
RESULT: {}
COMMAND: GET /session/999fc64afd1230ec64a2dd58c909e126/screenshot - {}
RESULT: {}
COMMAND: POST /session/999fc64afd1230ec64a2dd58c909e126/element - {"using":"xpath","value":"//bdi[contains(text(), \"OK\")]"}
RESULT: {"using":"xpath","value":"//bdi[contains(text(), \"OK\")]"}
COMMAND: POST /session/999fc64afd1230ec64a2dd58c909e126/element/f.8D00E63E7445179AA59B17F8E6C27F98.d.3D495EBAC500E6D685D27AE803A521D6.e.12048/click - {}
RESULT: {}
COMMAND: GET /session/999fc64afd1230ec64a2dd58c909e126/screenshot - {}
RESULT: {}
COMMAND: POST /session/999fc64afd1230ec64a2dd58c909e126/element - {"using":"xpath","value":"//bdi[contains(text(), \"Issue\")]"}
RESULT: {"using":"xpath","value":"//bdi[contains(text(), \"Issue\")]"}
COMMAND: POST /session/999fc64afd1230ec64a2dd58c909e126/element/f.8D00E63E7445179AA59B17F8E6C27F98.d.3D495EBAC500E6D685D27AE803A521D6.e.12050/click - {}
RESULT: {}
COMMAND: GET /session/999fc64afd1230ec64a2dd58c909e126/screenshot - {}
RESULT: {}
COMMAND: POST /session/999fc64afd1230ec64a2dd58c909e126/element - {"using":"css selector","value":"#shell-header-logo"}
RESULT: {"using":"css selector","value":"#shell-header-logo"}
COMMAND: POST /session/999fc64afd1230ec64a2dd58c909e126/element/f.8D00E63E7445179AA59B17F8E6C27F98.d.3D495EBAC500E6D685D27AE803A521D6.e.11000/click - {}
RESULT: {}
COMMAND: GET /session/999fc64afd1230ec64a2dd58c909e126/screenshot - {}
RESULT: {}
]]></system-out>
    </testcase>
    <testcase classname="chrome.135_0_7049_96.windows.Billing_Transfer_-_Intracompany_US127249" name="Should go navigate to Manage Billings and trigger contract calculation check result" time="51.849">
      <system-out><![CDATA[
COMMAND: POST /session/999fc64afd1230ec64a2dd58c909e126/execute/async - {"script":"<script> [1562 bytes]","args":[{"selector":{"controlType":"sap.m.GenericTile","properties":{"header":"Manage Billings"}},"wdio_ui5_key":"sapm.GenericTile{\"header\":\"Manage Billings\"}"}]}
RESULT: {"script":"<script> [1562 bytes]","args":[{"selector":{"controlType":"sap.m.GenericTile","properties":{"header":"Manage Billings"}},"wdio_ui5_key":"sapm.GenericTile{\"header\":\"Manage Billings\"}"}]}
RESULT: undefined
COMMAND: POST /session/999fc64afd1230ec64a2dd58c909e126/element - {"using":"xpath","value":"//*[@id=\"__tile51\"]"}
RESULT: {"using":"xpath","value":"//*[@id=\"__tile51\"]"}
COMMAND: POST /session/999fc64afd1230ec64a2dd58c909e126/element/f.8D00E63E7445179AA59B17F8E6C27F98.d.3D495EBAC500E6D685D27AE803A521D6.e.6623/click - {}
RESULT: {}
COMMAND: GET /session/999fc64afd1230ec64a2dd58c909e126/screenshot - {}
RESULT: {}
COMMAND: POST /session/999fc64afd1230ec64a2dd58c909e126/execute/async - {"script":"<script> [1562 bytes]","args":[{"selector":{"id":"application-managebillings-display-component---billRunCalcResult--smartFilterBar-btnBasicSearch","interaction":{"idSuffix":"I"}},"wdio_ui5_key":"applicationmanagebillings-display-component---billRunCalcResult--smartFilterBar-btnBasicSearch"}]}
RESULT: {"script":"<script> [1562 bytes]","args":[{"selector":{"id":"application-managebillings-display-component---billRunCalcResult--smartFilterBar-btnBasicSearch","interaction":{"idSuffix":"I"}},"wdio_ui5_key":"applicationmanagebillings-display-component---billRunCalcResult--smartFilterBar-btnBasicSearch"}]}
RESULT: undefined
COMMAND: POST /session/999fc64afd1230ec64a2dd58c909e126/execute/async - {"script":"<script> [776 bytes]","args":[{"enterText":"10570","selector":{"id":"application-managebillings-display-component---billRunCalcResult--smartFilterBar-btnBasicSearch","interaction":{"idSuffix":"I"}},"clearTextFirst":true,"interactionType":"ENTER_TEXT"}]}
RESULT: {"script":"<script> [776 bytes]","args":[{"enterText":"10570","selector":{"id":"application-managebillings-display-component---billRunCalcResult--smartFilterBar-btnBasicSearch","interaction":{"idSuffix":"I"}},"clearTextFirst":true,"interactionType":"ENTER_TEXT"}]}
COMMAND: POST /session/999fc64afd1230ec64a2dd58c909e126/actions - {"actions":[{"id":"action41","type":"key","parameters":{},"actions":[{"type":"keyDown","value":"î€‡"},{"type":"pause","duration":10},{"type":"keyUp","value":"î€‡"}]}]}
RESULT: {"actions":[{"id":"action41","type":"key","parameters":{},"actions":[{"type":"keyDown","value":"î€‡"},{"type":"pause","duration":10},{"type":"keyUp","value":"î€‡"}]}]}
COMMAND: GET /session/999fc64afd1230ec64a2dd58c909e126/screenshot - {}
RESULT: {}
COMMAND: POST /session/999fc64afd1230ec64a2dd58c909e126/element - {"using":"xpath","value":"//td[@aria-colindex=\"1\"]/div/div[contains(@class, \"sapMCbBg\")]"}
RESULT: {"using":"xpath","value":"//td[@aria-colindex=\"1\"]/div/div[contains(@class, \"sapMCbBg\")]"}
COMMAND: POST /session/999fc64afd1230ec64a2dd58c909e126/element/f.8D00E63E7445179AA59B17F8E6C27F98.d.3D495EBAC500E6D685D27AE803A521D6.e.12345/click - {}
RESULT: {}
COMMAND: GET /session/999fc64afd1230ec64a2dd58c909e126/screenshot - {}
RESULT: {}
COMMAND: POST /session/999fc64afd1230ec64a2dd58c909e126/execute/async - {"script":"<script> [1562 bytes]","args":[{"selector":{"id":"application-managebillings-display-component---billRunCalcResult--contractBillRunDate","interaction":{"idSuffix":"inner"}},"wdio_ui5_key":"applicationmanagebillings-display-component---billRunCalcResult--contractBillRunDate"}]}
RESULT: {"script":"<script> [1562 bytes]","args":[{"selector":{"id":"application-managebillings-display-component---billRunCalcResult--contractBillRunDate","interaction":{"idSuffix":"inner"}},"wdio_ui5_key":"applicationmanagebillings-display-component---billRunCalcResult--contractBillRunDate"}]}
RESULT: undefined
COMMAND: POST /session/999fc64afd1230ec64a2dd58c909e126/execute/async - {"script":"<script> [776 bytes]","args":[{"enterText":"05/06/25","selector":{"id":"application-managebillings-display-component---billRunCalcResult--contractBillRunDate","interaction":{"idSuffix":"inner"}},"clearTextFirst":true,"interactionType":"ENTER_TEXT"}]}
RESULT: {"script":"<script> [776 bytes]","args":[{"enterText":"05/06/25","selector":{"id":"application-managebillings-display-component---billRunCalcResult--contractBillRunDate","interaction":{"idSuffix":"inner"}},"clearTextFirst":true,"interactionType":"ENTER_TEXT"}]}
COMMAND: POST /session/999fc64afd1230ec64a2dd58c909e126/element - {"using":"xpath","value":"//bdi[contains(text(), \"Trigger Calculation\")]"}
RESULT: {"using":"xpath","value":"//bdi[contains(text(), \"Trigger Calculation\")]"}
COMMAND: POST /session/999fc64afd1230ec64a2dd58c909e126/element/f.8D00E63E7445179AA59B17F8E6C27F98.d.3D495EBAC500E6D685D27AE803A521D6.e.12573/click - {}
RESULT: {}
COMMAND: GET /session/999fc64afd1230ec64a2dd58c909e126/screenshot - {}
RESULT: {}
COMMAND: POST /session/999fc64afd1230ec64a2dd58c909e126/element - {"using":"xpath","value":"(//span[contains(@id, \"imgNav\")])[1]"}
RESULT: {"using":"xpath","value":"(//span[contains(@id, \"imgNav\")])[1]"}
COMMAND: POST /session/999fc64afd1230ec64a2dd58c909e126/element/f.8D00E63E7445179AA59B17F8E6C27F98.d.3D495EBAC500E6D685D27AE803A521D6.e.12357/click - {}
RESULT: {}
COMMAND: GET /session/999fc64afd1230ec64a2dd58c909e126/screenshot - {}
RESULT: {}
COMMAND: POST /session/999fc64afd1230ec64a2dd58c909e126/element - {"using":"xpath","value":"//tr/td[6]/div[1]/span[1]/span[1]"}
RESULT: {"using":"xpath","value":"//tr/td[6]/div[1]/span[1]/span[1]"}
COMMAND: GET /session/999fc64afd1230ec64a2dd58c909e126/element/f.8D00E63E7445179AA59B17F8E6C27F98.d.3D495EBAC500E6D685D27AE803A521D6.e.12577/text - {}
RESULT: {}
COMMAND: POST /session/999fc64afd1230ec64a2dd58c909e126/element - {"using":"xpath","value":"(//span[contains(@id, \"imgNav\")])[2]"}
RESULT: {"using":"xpath","value":"(//span[contains(@id, \"imgNav\")])[2]"}
COMMAND: POST /session/999fc64afd1230ec64a2dd58c909e126/element/f.8D00E63E7445179AA59B17F8E6C27F98.d.3D495EBAC500E6D685D27AE803A521D6.e.12578/click - {}
RESULT: {}
COMMAND: POST /session/999fc64afd1230ec64a2dd58c909e126/element - {"using":"xpath","value":"//bdi[contains(text(), \"Business Confirm\")]"}
COMMAND: GET /session/999fc64afd1230ec64a2dd58c909e126/screenshot - {}
RESULT: {"using":"xpath","value":"//bdi[contains(text(), \"Business Confirm\")]"}
COMMAND: POST /session/999fc64afd1230ec64a2dd58c909e126/elements - {"using":"xpath","value":"//bdi[contains(text(), \"Business Confirm\")]"}
RESULT: {}
RESULT: {"using":"xpath","value":"//bdi[contains(text(), \"Business Confirm\")]"}
COMMAND: POST /session/999fc64afd1230ec64a2dd58c909e126/elements - {"using":"xpath","value":"//bdi[contains(text(), \"Business Confirm\")]"}
RESULT: {"using":"xpath","value":"//bdi[contains(text(), \"Business Confirm\")]"}
COMMAND: POST /session/999fc64afd1230ec64a2dd58c909e126/element - {"using":"xpath","value":"//bdi[contains(text(), \"Business Confirm\")]"}
RESULT: {"using":"xpath","value":"//bdi[contains(text(), \"Business Confirm\")]"}
COMMAND: POST /session/999fc64afd1230ec64a2dd58c909e126/element/f.8D00E63E7445179AA59B17F8E6C27F98.d.3D495EBAC500E6D685D27AE803A521D6.e.12581/click - {}
COMMAND: POST /session/999fc64afd1230ec64a2dd58c909e126/element - {"using":"xpath","value":"//bdi[contains(text(), \"Business Confirm\")]"}
RESULT: {"using":"xpath","value":"//bdi[contains(text(), \"Business Confirm\")]"}
COMMAND: POST /session/999fc64afd1230ec64a2dd58c909e126/element/f.8D00E63E7445179AA59B17F8E6C27F98.d.3D495EBAC500E6D685D27AE803A521D6.e.12581/click - {}
COMMAND: POST /session/999fc64afd1230ec64a2dd58c909e126/element - {"using":"xpath","value":"//bdi[contains(text(), \"Business Confirm\")]"}
RESULT: {"using":"xpath","value":"//bdi[contains(text(), \"Business Confirm\")]"}
COMMAND: POST /session/999fc64afd1230ec64a2dd58c909e126/element/f.8D00E63E7445179AA59B17F8E6C27F98.d.3D495EBAC500E6D685D27AE803A521D6.e.12621/click - {}
RESULT: {}
COMMAND: POST /session/999fc64afd1230ec64a2dd58c909e126/element - {"using":"css selector","value":"#shell-header-logo"}
COMMAND: GET /session/999fc64afd1230ec64a2dd58c909e126/screenshot - {}
RESULT: {"using":"css selector","value":"#shell-header-logo"}
COMMAND: POST /session/999fc64afd1230ec64a2dd58c909e126/element/f.8D00E63E7445179AA59B17F8E6C27F98.d.3D495EBAC500E6D685D27AE803A521D6.e.12229/click - {}
RESULT: {}
RESULT: {}
COMMAND: GET /session/999fc64afd1230ec64a2dd58c909e126/screenshot - {}
RESULT: {}
]]></system-out>
    </testcase>
    <testcase classname="chrome.135_0_7049_96.windows.Billing_Transfer_-_Intracompany_US127249" name="Should navigate to billing transfer and invoice the contract" time="74.989">
      <system-out><![CDATA[
COMMAND: POST /session/999fc64afd1230ec64a2dd58c909e126/execute/async - {"script":"<script> [1562 bytes]","args":[{"selector":{"controlType":"sap.m.GenericTile","properties":{"header":"Billing Transfer"}},"wdio_ui5_key":"sapm.GenericTile{\"header\":\"Billing Transfer\"}"}]}
RESULT: {"script":"<script> [1562 bytes]","args":[{"selector":{"controlType":"sap.m.GenericTile","properties":{"header":"Billing Transfer"}},"wdio_ui5_key":"sapm.GenericTile{\"header\":\"Billing Transfer\"}"}]}
RESULT: undefined
COMMAND: POST /session/999fc64afd1230ec64a2dd58c909e126/element - {"using":"xpath","value":"//*[@id=\"__tile50\"]"}
RESULT: {"using":"xpath","value":"//*[@id=\"__tile50\"]"}
COMMAND: POST /session/999fc64afd1230ec64a2dd58c909e126/element/f.8D00E63E7445179AA59B17F8E6C27F98.d.3D495EBAC500E6D685D27AE803A521D6.e.6621/click - {}
RESULT: {}
COMMAND: POST /session/999fc64afd1230ec64a2dd58c909e126/element - {"using":"xpath","value":"//input[contains(@id ,\"application-billingtransfer-display-component---billingWorkbench--smartFilterBar-btnBasicSearch\")]"}
COMMAND: GET /session/999fc64afd1230ec64a2dd58c909e126/screenshot - {}
RESULT: {"using":"xpath","value":"//input[contains(@id ,\"application-billingtransfer-display-component---billingWorkbench--smartFilterBar-btnBasicSearch\")]"}
COMMAND: POST /session/999fc64afd1230ec64a2dd58c909e126/elements - {"using":"xpath","value":"//input[contains(@id ,\"application-billingtransfer-display-component---billingWorkbench--smartFilterBar-btnBasicSearch\")]"}
RESULT: {}
RESULT: {"using":"xpath","value":"//input[contains(@id ,\"application-billingtransfer-display-component---billingWorkbench--smartFilterBar-btnBasicSearch\")]"}
COMMAND: POST /session/999fc64afd1230ec64a2dd58c909e126/element - {"using":"xpath","value":"//input[contains(@id ,\"application-billingtransfer-display-component---billingWorkbench--smartFilterBar-btnBasicSearch\")]"}
RESULT: {"using":"xpath","value":"//input[contains(@id ,\"application-billingtransfer-display-component---billingWorkbench--smartFilterBar-btnBasicSearch\")]"}
COMMAND: POST /session/999fc64afd1230ec64a2dd58c909e126/execute/sync - {"script":"<script> [8489 bytes]","args":[{"element-6066-11e4-a52e-4f735466cecf":"f.8D00E63E7445179AA59B17F8E6C27F98.d.3D495EBAC500E6D685D27AE803A521D6.e.12647","ELEMENT":"f.8D00E63E7445179AA59B17F8E6C27F98.d.3D495EBAC500E6D685D27AE803A521D6.e.12647"}]}
RESULT: {"script":"<script> [8489 bytes]","args":[{"element-6066-11e4-a52e-4f735466cecf":"f.8D00E63E7445179AA59B17F8E6C27F98.d.3D495EBAC500E6D685D27AE803A521D6.e.12647","ELEMENT":"f.8D00E63E7445179AA59B17F8E6C27F98.d.3D495EBAC500E6D685D27AE803A521D6.e.12647"}]}
COMMAND: GET /session/999fc64afd1230ec64a2dd58c909e126/element/f.8D00E63E7445179AA59B17F8E6C27F98.d.3D495EBAC500E6D685D27AE803A521D6.e.12647/enabled - {}
COMMAND: GET /session/999fc64afd1230ec64a2dd58c909e126/screenshot - {}
RESULT: {}
COMMAND: POST /session/999fc64afd1230ec64a2dd58c909e126/element/f.8D00E63E7445179AA59B17F8E6C27F98.d.3D495EBAC500E6D685D27AE803A521D6.e.12647/click - {}
COMMAND: GET /session/999fc64afd1230ec64a2dd58c909e126/screenshot - {}
RESULT: {}
RESULT: {}
COMMAND: GET /session/999fc64afd1230ec64a2dd58c909e126/screenshot - {}
RESULT: {}
RESULT: {}
COMMAND: POST /session/999fc64afd1230ec64a2dd58c909e126/element/f.8D00E63E7445179AA59B17F8E6C27F98.d.3D495EBAC500E6D685D27AE803A521D6.e.12647/clear - {}
RESULT: {}
COMMAND: POST /session/999fc64afd1230ec64a2dd58c909e126/element/f.8D00E63E7445179AA59B17F8E6C27F98.d.3D495EBAC500E6D685D27AE803A521D6.e.12647/value - {"text":"10570"}
COMMAND: GET /session/999fc64afd1230ec64a2dd58c909e126/screenshot - {}
RESULT: {"text":"10570"}
COMMAND: POST /session/999fc64afd1230ec64a2dd58c909e126/actions - {"actions":[{"id":"action42","type":"key","parameters":{},"actions":[{"type":"keyDown","value":"î€‡"},{"type":"pause","duration":10},{"type":"keyUp","value":"î€‡"}]}]}
COMMAND: GET /session/999fc64afd1230ec64a2dd58c909e126/screenshot - {}
RESULT: {}
RESULT: {"actions":[{"id":"action42","type":"key","parameters":{},"actions":[{"type":"keyDown","value":"î€‡"},{"type":"pause","duration":10},{"type":"keyUp","value":"î€‡"}]}]}
COMMAND: GET /session/999fc64afd1230ec64a2dd58c909e126/screenshot - {}
RESULT: {}
RESULT: {}
COMMAND: POST /session/999fc64afd1230ec64a2dd58c909e126/element - {"using":"xpath","value":"//span[contains(@id ,\"application-billingtransfer-display-component---billingWorkbench--smartTableBillingRuns-header-inner\")]"}
RESULT: {"using":"xpath","value":"//span[contains(@id ,\"application-billingtransfer-display-component---billingWorkbench--smartTableBillingRuns-header-inner\")]"}
COMMAND: POST /session/999fc64afd1230ec64a2dd58c909e126/elements - {"using":"xpath","value":"//span[contains(@id ,\"application-billingtransfer-display-component---billingWorkbench--smartTableBillingRuns-header-inner\")]"}
RESULT: {"using":"xpath","value":"//span[contains(@id ,\"application-billingtransfer-display-component---billingWorkbench--smartTableBillingRuns-header-inner\")]"}
COMMAND: POST /session/999fc64afd1230ec64a2dd58c909e126/execute/sync - {"script":"<script> [56 bytes]","args":[{"element-6066-11e4-a52e-4f735466cecf":"f.8D00E63E7445179AA59B17F8E6C27F98.d.3D495EBAC500E6D685D27AE803A521D6.e.12890","ELEMENT":"f.8D00E63E7445179AA59B17F8E6C27F98.d.3D495EBAC500E6D685D27AE803A521D6.e.12890"}]}
RESULT: {"script":"<script> [56 bytes]","args":[{"element-6066-11e4-a52e-4f735466cecf":"f.8D00E63E7445179AA59B17F8E6C27F98.d.3D495EBAC500E6D685D27AE803A521D6.e.12890","ELEMENT":"f.8D00E63E7445179AA59B17F8E6C27F98.d.3D495EBAC500E6D685D27AE803A521D6.e.12890"}]}
COMMAND: POST /session/999fc64afd1230ec64a2dd58c909e126/element - {"using":"xpath","value":"//td[@aria-colindex=\"1\"]/div/div[contains(@class, \"sapMCbBg\")]"}
COMMAND: GET /session/999fc64afd1230ec64a2dd58c909e126/screenshot - {}
RESULT: {}
RESULT: {"using":"xpath","value":"//td[@aria-colindex=\"1\"]/div/div[contains(@class, \"sapMCbBg\")]"}
COMMAND: POST /session/999fc64afd1230ec64a2dd58c909e126/element/f.8D00E63E7445179AA59B17F8E6C27F98.d.3D495EBAC500E6D685D27AE803A521D6.e.12880/click - {}
RESULT: {}
COMMAND: GET /session/999fc64afd1230ec64a2dd58c909e126/screenshot - {}
RESULT: {}
COMMAND: POST /session/999fc64afd1230ec64a2dd58c909e126/element - {"using":"xpath","value":"//bdi[contains(text(), \"Check\")]"}
RESULT: {"using":"xpath","value":"//bdi[contains(text(), \"Check\")]"}
COMMAND: POST /session/999fc64afd1230ec64a2dd58c909e126/element/f.8D00E63E7445179AA59B17F8E6C27F98.d.3D495EBAC500E6D685D27AE803A521D6.e.12891/click - {}
RESULT: {}
COMMAND: GET /session/999fc64afd1230ec64a2dd58c909e126/screenshot - {}
RESULT: {}
COMMAND: POST /session/999fc64afd1230ec64a2dd58c909e126/element - {"using":"xpath","value":"//bdi[contains(text(), \"OK\")]"}
RESULT: {"using":"xpath","value":"//bdi[contains(text(), \"OK\")]"}
COMMAND: POST /session/999fc64afd1230ec64a2dd58c909e126/element/f.8D00E63E7445179AA59B17F8E6C27F98.d.3D495EBAC500E6D685D27AE803A521D6.e.12894/click - {}
RESULT: {}
COMMAND: GET /session/999fc64afd1230ec64a2dd58c909e126/screenshot - {}
RESULT: {}
COMMAND: POST /session/999fc64afd1230ec64a2dd58c909e126/element - {"using":"xpath","value":"(//span[contains(text(), \"CO/SD checked\")]/parent::div/preceding-sibling::div/span)[1]"}
RESULT: {"using":"xpath","value":"(//span[contains(text(), \"CO/SD checked\")]/parent::div/preceding-sibling::div/span)[1]"}
COMMAND: POST /session/999fc64afd1230ec64a2dd58c909e126/element/f.8D00E63E7445179AA59B17F8E6C27F98.d.3D495EBAC500E6D685D27AE803A521D6.e.12895/click - {}
RESULT: {}
COMMAND: GET /session/999fc64afd1230ec64a2dd58c909e126/screenshot - {}
RESULT: {}
COMMAND: POST /session/999fc64afd1230ec64a2dd58c909e126/element - {"using":"xpath","value":"//input[contains(@id ,\"application-billingtransfer-display-component---billingWorkbench--smartFilterBar-btnBasicSearch\")]"}
RESULT: {"using":"xpath","value":"//input[contains(@id ,\"application-billingtransfer-display-component---billingWorkbench--smartFilterBar-btnBasicSearch\")]"}
COMMAND: POST /session/999fc64afd1230ec64a2dd58c909e126/elements - {"using":"xpath","value":"//input[contains(@id ,\"application-billingtransfer-display-component---billingWorkbench--smartFilterBar-btnBasicSearch\")]"}
RESULT: {"using":"xpath","value":"//input[contains(@id ,\"application-billingtransfer-display-component---billingWorkbench--smartFilterBar-btnBasicSearch\")]"}
COMMAND: POST /session/999fc64afd1230ec64a2dd58c909e126/execute/sync - {"script":"<script> [8489 bytes]","args":[{"element-6066-11e4-a52e-4f735466cecf":"f.8D00E63E7445179AA59B17F8E6C27F98.d.3D495EBAC500E6D685D27AE803A521D6.e.12647","ELEMENT":"f.8D00E63E7445179AA59B17F8E6C27F98.d.3D495EBAC500E6D685D27AE803A521D6.e.12647"}]}
RESULT: {"script":"<script> [8489 bytes]","args":[{"element-6066-11e4-a52e-4f735466cecf":"f.8D00E63E7445179AA59B17F8E6C27F98.d.3D495EBAC500E6D685D27AE803A521D6.e.12647","ELEMENT":"f.8D00E63E7445179AA59B17F8E6C27F98.d.3D495EBAC500E6D685D27AE803A521D6.e.12647"}]}
COMMAND: GET /session/999fc64afd1230ec64a2dd58c909e126/element/f.8D00E63E7445179AA59B17F8E6C27F98.d.3D495EBAC500E6D685D27AE803A521D6.e.12647/enabled - {}
COMMAND: GET /session/999fc64afd1230ec64a2dd58c909e126/screenshot - {}
RESULT: {}
COMMAND: POST /session/999fc64afd1230ec64a2dd58c909e126/element/f.8D00E63E7445179AA59B17F8E6C27F98.d.3D495EBAC500E6D685D27AE803A521D6.e.12647/click - {}
COMMAND: GET /session/999fc64afd1230ec64a2dd58c909e126/screenshot - {}
RESULT: {}
RESULT: {}
COMMAND: GET /session/999fc64afd1230ec64a2dd58c909e126/screenshot - {}
RESULT: {}
RESULT: {}
COMMAND: POST /session/999fc64afd1230ec64a2dd58c909e126/element/f.8D00E63E7445179AA59B17F8E6C27F98.d.3D495EBAC500E6D685D27AE803A521D6.e.12647/clear - {}
RESULT: {}
COMMAND: POST /session/999fc64afd1230ec64a2dd58c909e126/element/f.8D00E63E7445179AA59B17F8E6C27F98.d.3D495EBAC500E6D685D27AE803A521D6.e.12647/value - {"text":"10570"}
COMMAND: GET /session/999fc64afd1230ec64a2dd58c909e126/screenshot - {}
RESULT: {"text":"10570"}
COMMAND: POST /session/999fc64afd1230ec64a2dd58c909e126/actions - {"actions":[{"id":"action43","type":"key","parameters":{},"actions":[{"type":"keyDown","value":"î€‡"},{"type":"pause","duration":10},{"type":"keyUp","value":"î€‡"}]}]}
COMMAND: GET /session/999fc64afd1230ec64a2dd58c909e126/screenshot - {}
RESULT: {}
RESULT: {"actions":[{"id":"action43","type":"key","parameters":{},"actions":[{"type":"keyDown","value":"î€‡"},{"type":"pause","duration":10},{"type":"keyUp","value":"î€‡"}]}]}
COMMAND: GET /session/999fc64afd1230ec64a2dd58c909e126/screenshot - {}
RESULT: {}
RESULT: {}
COMMAND: POST /session/999fc64afd1230ec64a2dd58c909e126/element - {"using":"xpath","value":"//span[contains(@id ,\"application-billingtransfer-display-component---billingWorkbench--smartTableBillingRuns-header-inner\")]"}
RESULT: {"using":"xpath","value":"//span[contains(@id ,\"application-billingtransfer-display-component---billingWorkbench--smartTableBillingRuns-header-inner\")]"}
COMMAND: POST /session/999fc64afd1230ec64a2dd58c909e126/elements - {"using":"xpath","value":"//span[contains(@id ,\"application-billingtransfer-display-component---billingWorkbench--smartTableBillingRuns-header-inner\")]"}
RESULT: {"using":"xpath","value":"//span[contains(@id ,\"application-billingtransfer-display-component---billingWorkbench--smartTableBillingRuns-header-inner\")]"}
COMMAND: POST /session/999fc64afd1230ec64a2dd58c909e126/execute/sync - {"script":"<script> [56 bytes]","args":[{"element-6066-11e4-a52e-4f735466cecf":"f.8D00E63E7445179AA59B17F8E6C27F98.d.3D495EBAC500E6D685D27AE803A521D6.e.12890","ELEMENT":"f.8D00E63E7445179AA59B17F8E6C27F98.d.3D495EBAC500E6D685D27AE803A521D6.e.12890"}]}
RESULT: {"script":"<script> [56 bytes]","args":[{"element-6066-11e4-a52e-4f735466cecf":"f.8D00E63E7445179AA59B17F8E6C27F98.d.3D495EBAC500E6D685D27AE803A521D6.e.12890","ELEMENT":"f.8D00E63E7445179AA59B17F8E6C27F98.d.3D495EBAC500E6D685D27AE803A521D6.e.12890"}]}
COMMAND: POST /session/999fc64afd1230ec64a2dd58c909e126/element - {"using":"xpath","value":"//td[@aria-colindex=\"1\"]/div/div[contains(@class, \"sapMCbBg\")]"}
COMMAND: GET /session/999fc64afd1230ec64a2dd58c909e126/screenshot - {}
RESULT: {"using":"xpath","value":"//td[@aria-colindex=\"1\"]/div/div[contains(@class, \"sapMCbBg\")]"}
COMMAND: POST /session/999fc64afd1230ec64a2dd58c909e126/element/f.8D00E63E7445179AA59B17F8E6C27F98.d.3D495EBAC500E6D685D27AE803A521D6.e.12900/click - {}
RESULT: {}
RESULT: {}
COMMAND: GET /session/999fc64afd1230ec64a2dd58c909e126/screenshot - {}
RESULT: {}
COMMAND: POST /session/999fc64afd1230ec64a2dd58c909e126/element - {"using":"xpath","value":"//bdi[text()=\"Transfer\"]"}
RESULT: {"using":"xpath","value":"//bdi[text()=\"Transfer\"]"}
COMMAND: POST /session/999fc64afd1230ec64a2dd58c909e126/element/f.8D00E63E7445179AA59B17F8E6C27F98.d.3D495EBAC500E6D685D27AE803A521D6.e.12901/click - {}
RESULT: {}
COMMAND: GET /session/999fc64afd1230ec64a2dd58c909e126/screenshot - {}
RESULT: {}
COMMAND: POST /session/999fc64afd1230ec64a2dd58c909e126/element - {"using":"xpath","value":"//bdi[contains(text(), \"OK\")]"}
RESULT: {"using":"xpath","value":"//bdi[contains(text(), \"OK\")]"}
COMMAND: POST /session/999fc64afd1230ec64a2dd58c909e126/element/f.8D00E63E7445179AA59B17F8E6C27F98.d.3D495EBAC500E6D685D27AE803A521D6.e.12904/click - {}
RESULT: {}
COMMAND: GET /session/999fc64afd1230ec64a2dd58c909e126/screenshot - {}
RESULT: {}
COMMAND: POST /session/999fc64afd1230ec64a2dd58c909e126/element - {"using":"xpath","value":"(//span[contains(text(), \"Completed\")]/parent::div/preceding-sibling::div/span)[1]"}
RESULT: {"using":"xpath","value":"(//span[contains(text(), \"Completed\")]/parent::div/preceding-sibling::div/span)[1]"}
COMMAND: POST /session/999fc64afd1230ec64a2dd58c909e126/element/f.8D00E63E7445179AA59B17F8E6C27F98.d.3D495EBAC500E6D685D27AE803A521D6.e.12912/click - {}
RESULT: {}
COMMAND: POST /session/999fc64afd1230ec64a2dd58c909e126/element - {"using":"xpath","value":"//input[contains(@id ,\"application-billingtransfer-display-component---billingWorkbench--smartFilterBar-btnBasicSearch\")]"}
COMMAND: GET /session/999fc64afd1230ec64a2dd58c909e126/screenshot - {}
RESULT: {"using":"xpath","value":"//input[contains(@id ,\"application-billingtransfer-display-component---billingWorkbench--smartFilterBar-btnBasicSearch\")]"}
COMMAND: POST /session/999fc64afd1230ec64a2dd58c909e126/elements - {"using":"xpath","value":"//input[contains(@id ,\"application-billingtransfer-display-component---billingWorkbench--smartFilterBar-btnBasicSearch\")]"}
RESULT: {}
RESULT: {"using":"xpath","value":"//input[contains(@id ,\"application-billingtransfer-display-component---billingWorkbench--smartFilterBar-btnBasicSearch\")]"}
COMMAND: POST /session/999fc64afd1230ec64a2dd58c909e126/execute/sync - {"script":"<script> [8489 bytes]","args":[{"element-6066-11e4-a52e-4f735466cecf":"f.8D00E63E7445179AA59B17F8E6C27F98.d.3D495EBAC500E6D685D27AE803A521D6.e.12647","ELEMENT":"f.8D00E63E7445179AA59B17F8E6C27F98.d.3D495EBAC500E6D685D27AE803A521D6.e.12647"}]}
RESULT: {"script":"<script> [8489 bytes]","args":[{"element-6066-11e4-a52e-4f735466cecf":"f.8D00E63E7445179AA59B17F8E6C27F98.d.3D495EBAC500E6D685D27AE803A521D6.e.12647","ELEMENT":"f.8D00E63E7445179AA59B17F8E6C27F98.d.3D495EBAC500E6D685D27AE803A521D6.e.12647"}]}
COMMAND: GET /session/999fc64afd1230ec64a2dd58c909e126/element/f.8D00E63E7445179AA59B17F8E6C27F98.d.3D495EBAC500E6D685D27AE803A521D6.e.12647/enabled - {}
COMMAND: GET /session/999fc64afd1230ec64a2dd58c909e126/screenshot - {}
RESULT: {}
COMMAND: POST /session/999fc64afd1230ec64a2dd58c909e126/element/f.8D00E63E7445179AA59B17F8E6C27F98.d.3D495EBAC500E6D685D27AE803A521D6.e.12647/click - {}
COMMAND: GET /session/999fc64afd1230ec64a2dd58c909e126/screenshot - {}
RESULT: {}
RESULT: {}
COMMAND: GET /session/999fc64afd1230ec64a2dd58c909e126/screenshot - {}
RESULT: {}
RESULT: {}
COMMAND: POST /session/999fc64afd1230ec64a2dd58c909e126/element/f.8D00E63E7445179AA59B17F8E6C27F98.d.3D495EBAC500E6D685D27AE803A521D6.e.12647/clear - {}
RESULT: {}
COMMAND: POST /session/999fc64afd1230ec64a2dd58c909e126/element/f.8D00E63E7445179AA59B17F8E6C27F98.d.3D495EBAC500E6D685D27AE803A521D6.e.12647/value - {"text":"10570"}
COMMAND: GET /session/999fc64afd1230ec64a2dd58c909e126/screenshot - {}
RESULT: {"text":"10570"}
COMMAND: POST /session/999fc64afd1230ec64a2dd58c909e126/actions - {"actions":[{"id":"action44","type":"key","parameters":{},"actions":[{"type":"keyDown","value":"î€‡"},{"type":"pause","duration":10},{"type":"keyUp","value":"î€‡"}]}]}
COMMAND: GET /session/999fc64afd1230ec64a2dd58c909e126/screenshot - {}
RESULT: {}
RESULT: {}
RESULT: {"actions":[{"id":"action44","type":"key","parameters":{},"actions":[{"type":"keyDown","value":"î€‡"},{"type":"pause","duration":10},{"type":"keyUp","value":"î€‡"}]}]}
COMMAND: GET /session/999fc64afd1230ec64a2dd58c909e126/screenshot - {}
RESULT: {}
COMMAND: POST /session/999fc64afd1230ec64a2dd58c909e126/element - {"using":"xpath","value":"//span[contains(@id ,\"application-billingtransfer-display-component---billingWorkbench--smartTableBillingRuns-header-inner\")]"}
RESULT: {"using":"xpath","value":"//span[contains(@id ,\"application-billingtransfer-display-component---billingWorkbench--smartTableBillingRuns-header-inner\")]"}
COMMAND: POST /session/999fc64afd1230ec64a2dd58c909e126/elements - {"using":"xpath","value":"//span[contains(@id ,\"application-billingtransfer-display-component---billingWorkbench--smartTableBillingRuns-header-inner\")]"}
RESULT: {"using":"xpath","value":"//span[contains(@id ,\"application-billingtransfer-display-component---billingWorkbench--smartTableBillingRuns-header-inner\")]"}
COMMAND: POST /session/999fc64afd1230ec64a2dd58c909e126/execute/sync - {"script":"<script> [56 bytes]","args":[{"element-6066-11e4-a52e-4f735466cecf":"f.8D00E63E7445179AA59B17F8E6C27F98.d.3D495EBAC500E6D685D27AE803A521D6.e.12890","ELEMENT":"f.8D00E63E7445179AA59B17F8E6C27F98.d.3D495EBAC500E6D685D27AE803A521D6.e.12890"}]}
RESULT: {"script":"<script> [56 bytes]","args":[{"element-6066-11e4-a52e-4f735466cecf":"f.8D00E63E7445179AA59B17F8E6C27F98.d.3D495EBAC500E6D685D27AE803A521D6.e.12890","ELEMENT":"f.8D00E63E7445179AA59B17F8E6C27F98.d.3D495EBAC500E6D685D27AE803A521D6.e.12890"}]}
COMMAND: GET /session/999fc64afd1230ec64a2dd58c909e126/screenshot - {}
RESULT: {}
COMMAND: POST /session/999fc64afd1230ec64a2dd58c909e126/execute/sync - {"script":"<script> [56 bytes]","args":[{"element-6066-11e4-a52e-4f735466cecf":"f.8D00E63E7445179AA59B17F8E6C27F98.d.3D495EBAC500E6D685D27AE803A521D6.e.12890","ELEMENT":"f.8D00E63E7445179AA59B17F8E6C27F98.d.3D495EBAC500E6D685D27AE803A521D6.e.12890"}]}
RESULT: {"script":"<script> [56 bytes]","args":[{"element-6066-11e4-a52e-4f735466cecf":"f.8D00E63E7445179AA59B17F8E6C27F98.d.3D495EBAC500E6D685D27AE803A521D6.e.12890","ELEMENT":"f.8D00E63E7445179AA59B17F8E6C27F98.d.3D495EBAC500E6D685D27AE803A521D6.e.12890"}]}
COMMAND: GET /session/999fc64afd1230ec64a2dd58c909e126/screenshot - {}
RESULT: {}
COMMAND: POST /session/999fc64afd1230ec64a2dd58c909e126/execute/sync - {"script":"<script> [56 bytes]","args":[{"element-6066-11e4-a52e-4f735466cecf":"f.8D00E63E7445179AA59B17F8E6C27F98.d.3D495EBAC500E6D685D27AE803A521D6.e.12890","ELEMENT":"f.8D00E63E7445179AA59B17F8E6C27F98.d.3D495EBAC500E6D685D27AE803A521D6.e.12890"}]}
RESULT: {"script":"<script> [56 bytes]","args":[{"element-6066-11e4-a52e-4f735466cecf":"f.8D00E63E7445179AA59B17F8E6C27F98.d.3D495EBAC500E6D685D27AE803A521D6.e.12890","ELEMENT":"f.8D00E63E7445179AA59B17F8E6C27F98.d.3D495EBAC500E6D685D27AE803A521D6.e.12890"}]}
COMMAND: GET /session/999fc64afd1230ec64a2dd58c909e126/screenshot - {}
RESULT: {}
COMMAND: POST /session/999fc64afd1230ec64a2dd58c909e126/execute/sync - {"script":"<script> [56 bytes]","args":[{"element-6066-11e4-a52e-4f735466cecf":"f.8D00E63E7445179AA59B17F8E6C27F98.d.3D495EBAC500E6D685D27AE803A521D6.e.12890","ELEMENT":"f.8D00E63E7445179AA59B17F8E6C27F98.d.3D495EBAC500E6D685D27AE803A521D6.e.12890"}]}
RESULT: {"script":"<script> [56 bytes]","args":[{"element-6066-11e4-a52e-4f735466cecf":"f.8D00E63E7445179AA59B17F8E6C27F98.d.3D495EBAC500E6D685D27AE803A521D6.e.12890","ELEMENT":"f.8D00E63E7445179AA59B17F8E6C27F98.d.3D495EBAC500E6D685D27AE803A521D6.e.12890"}]}
COMMAND: GET /session/999fc64afd1230ec64a2dd58c909e126/screenshot - {}
RESULT: {}
COMMAND: POST /session/999fc64afd1230ec64a2dd58c909e126/execute/sync - {"script":"<script> [56 bytes]","args":[{"element-6066-11e4-a52e-4f735466cecf":"f.8D00E63E7445179AA59B17F8E6C27F98.d.3D495EBAC500E6D685D27AE803A521D6.e.12890","ELEMENT":"f.8D00E63E7445179AA59B17F8E6C27F98.d.3D495EBAC500E6D685D27AE803A521D6.e.12890"}]}
RESULT: {"script":"<script> [56 bytes]","args":[{"element-6066-11e4-a52e-4f735466cecf":"f.8D00E63E7445179AA59B17F8E6C27F98.d.3D495EBAC500E6D685D27AE803A521D6.e.12890","ELEMENT":"f.8D00E63E7445179AA59B17F8E6C27F98.d.3D495EBAC500E6D685D27AE803A521D6.e.12890"}]}
COMMAND: GET /session/999fc64afd1230ec64a2dd58c909e126/screenshot - {}
RESULT: {}
COMMAND: POST /session/999fc64afd1230ec64a2dd58c909e126/execute/sync - {"script":"<script> [56 bytes]","args":[{"element-6066-11e4-a52e-4f735466cecf":"f.8D00E63E7445179AA59B17F8E6C27F98.d.3D495EBAC500E6D685D27AE803A521D6.e.12890","ELEMENT":"f.8D00E63E7445179AA59B17F8E6C27F98.d.3D495EBAC500E6D685D27AE803A521D6.e.12890"}]}
RESULT: {"script":"<script> [56 bytes]","args":[{"element-6066-11e4-a52e-4f735466cecf":"f.8D00E63E7445179AA59B17F8E6C27F98.d.3D495EBAC500E6D685D27AE803A521D6.e.12890","ELEMENT":"f.8D00E63E7445179AA59B17F8E6C27F98.d.3D495EBAC500E6D685D27AE803A521D6.e.12890"}]}
COMMAND: GET /session/999fc64afd1230ec64a2dd58c909e126/screenshot - {}
RESULT: {}
COMMAND: POST /session/999fc64afd1230ec64a2dd58c909e126/execute/sync - {"script":"<script> [56 bytes]","args":[{"element-6066-11e4-a52e-4f735466cecf":"f.8D00E63E7445179AA59B17F8E6C27F98.d.3D495EBAC500E6D685D27AE803A521D6.e.12890","ELEMENT":"f.8D00E63E7445179AA59B17F8E6C27F98.d.3D495EBAC500E6D685D27AE803A521D6.e.12890"}]}
RESULT: {"script":"<script> [56 bytes]","args":[{"element-6066-11e4-a52e-4f735466cecf":"f.8D00E63E7445179AA59B17F8E6C27F98.d.3D495EBAC500E6D685D27AE803A521D6.e.12890","ELEMENT":"f.8D00E63E7445179AA59B17F8E6C27F98.d.3D495EBAC500E6D685D27AE803A521D6.e.12890"}]}
COMMAND: GET /session/999fc64afd1230ec64a2dd58c909e126/screenshot - {}
RESULT: {}
COMMAND: POST /session/999fc64afd1230ec64a2dd58c909e126/execute/sync - {"script":"<script> [56 bytes]","args":[{"element-6066-11e4-a52e-4f735466cecf":"f.8D00E63E7445179AA59B17F8E6C27F98.d.3D495EBAC500E6D685D27AE803A521D6.e.12890","ELEMENT":"f.8D00E63E7445179AA59B17F8E6C27F98.d.3D495EBAC500E6D685D27AE803A521D6.e.12890"}]}
RESULT: {"script":"<script> [56 bytes]","args":[{"element-6066-11e4-a52e-4f735466cecf":"f.8D00E63E7445179AA59B17F8E6C27F98.d.3D495EBAC500E6D685D27AE803A521D6.e.12890","ELEMENT":"f.8D00E63E7445179AA59B17F8E6C27F98.d.3D495EBAC500E6D685D27AE803A521D6.e.12890"}]}
COMMAND: GET /session/999fc64afd1230ec64a2dd58c909e126/screenshot - {}
RESULT: {}
COMMAND: POST /session/999fc64afd1230ec64a2dd58c909e126/execute/sync - {"script":"<script> [56 bytes]","args":[{"element-6066-11e4-a52e-4f735466cecf":"f.8D00E63E7445179AA59B17F8E6C27F98.d.3D495EBAC500E6D685D27AE803A521D6.e.12890","ELEMENT":"f.8D00E63E7445179AA59B17F8E6C27F98.d.3D495EBAC500E6D685D27AE803A521D6.e.12890"}]}
RESULT: {"script":"<script> [56 bytes]","args":[{"element-6066-11e4-a52e-4f735466cecf":"f.8D00E63E7445179AA59B17F8E6C27F98.d.3D495EBAC500E6D685D27AE803A521D6.e.12890","ELEMENT":"f.8D00E63E7445179AA59B17F8E6C27F98.d.3D495EBAC500E6D685D27AE803A521D6.e.12890"}]}
COMMAND: GET /session/999fc64afd1230ec64a2dd58c909e126/screenshot - {}
RESULT: {}
COMMAND: POST /session/999fc64afd1230ec64a2dd58c909e126/execute/sync - {"script":"<script> [56 bytes]","args":[{"element-6066-11e4-a52e-4f735466cecf":"f.8D00E63E7445179AA59B17F8E6C27F98.d.3D495EBAC500E6D685D27AE803A521D6.e.12890","ELEMENT":"f.8D00E63E7445179AA59B17F8E6C27F98.d.3D495EBAC500E6D685D27AE803A521D6.e.12890"}]}
RESULT: {"script":"<script> [56 bytes]","args":[{"element-6066-11e4-a52e-4f735466cecf":"f.8D00E63E7445179AA59B17F8E6C27F98.d.3D495EBAC500E6D685D27AE803A521D6.e.12890","ELEMENT":"f.8D00E63E7445179AA59B17F8E6C27F98.d.3D495EBAC500E6D685D27AE803A521D6.e.12890"}]}
COMMAND: GET /session/999fc64afd1230ec64a2dd58c909e126/screenshot - {}
RESULT: {}
COMMAND: POST /session/999fc64afd1230ec64a2dd58c909e126/execute/sync - {"script":"<script> [56 bytes]","args":[{"element-6066-11e4-a52e-4f735466cecf":"f.8D00E63E7445179AA59B17F8E6C27F98.d.3D495EBAC500E6D685D27AE803A521D6.e.12890","ELEMENT":"f.8D00E63E7445179AA59B17F8E6C27F98.d.3D495EBAC500E6D685D27AE803A521D6.e.12890"}]}
RESULT: {"script":"<script> [56 bytes]","args":[{"element-6066-11e4-a52e-4f735466cecf":"f.8D00E63E7445179AA59B17F8E6C27F98.d.3D495EBAC500E6D685D27AE803A521D6.e.12890","ELEMENT":"f.8D00E63E7445179AA59B17F8E6C27F98.d.3D495EBAC500E6D685D27AE803A521D6.e.12890"}]}
COMMAND: GET /session/999fc64afd1230ec64a2dd58c909e126/screenshot - {}
RESULT: {}
COMMAND: POST /session/999fc64afd1230ec64a2dd58c909e126/execute/sync - {"script":"<script> [56 bytes]","args":[{"element-6066-11e4-a52e-4f735466cecf":"f.8D00E63E7445179AA59B17F8E6C27F98.d.3D495EBAC500E6D685D27AE803A521D6.e.12890","ELEMENT":"f.8D00E63E7445179AA59B17F8E6C27F98.d.3D495EBAC500E6D685D27AE803A521D6.e.12890"}]}
RESULT: {"script":"<script> [56 bytes]","args":[{"element-6066-11e4-a52e-4f735466cecf":"f.8D00E63E7445179AA59B17F8E6C27F98.d.3D495EBAC500E6D685D27AE803A521D6.e.12890","ELEMENT":"f.8D00E63E7445179AA59B17F8E6C27F98.d.3D495EBAC500E6D685D27AE803A521D6.e.12890"}]}
COMMAND: GET /session/999fc64afd1230ec64a2dd58c909e126/screenshot - {}
RESULT: {}
COMMAND: POST /session/999fc64afd1230ec64a2dd58c909e126/execute/sync - {"script":"<script> [56 bytes]","args":[{"element-6066-11e4-a52e-4f735466cecf":"f.8D00E63E7445179AA59B17F8E6C27F98.d.3D495EBAC500E6D685D27AE803A521D6.e.12890","ELEMENT":"f.8D00E63E7445179AA59B17F8E6C27F98.d.3D495EBAC500E6D685D27AE803A521D6.e.12890"}]}
RESULT: {"script":"<script> [56 bytes]","args":[{"element-6066-11e4-a52e-4f735466cecf":"f.8D00E63E7445179AA59B17F8E6C27F98.d.3D495EBAC500E6D685D27AE803A521D6.e.12890","ELEMENT":"f.8D00E63E7445179AA59B17F8E6C27F98.d.3D495EBAC500E6D685D27AE803A521D6.e.12890"}]}
COMMAND: GET /session/999fc64afd1230ec64a2dd58c909e126/screenshot - {}
RESULT: {}
COMMAND: POST /session/999fc64afd1230ec64a2dd58c909e126/execute/sync - {"script":"<script> [56 bytes]","args":[{"element-6066-11e4-a52e-4f735466cecf":"f.8D00E63E7445179AA59B17F8E6C27F98.d.3D495EBAC500E6D685D27AE803A521D6.e.12890","ELEMENT":"f.8D00E63E7445179AA59B17F8E6C27F98.d.3D495EBAC500E6D685D27AE803A521D6.e.12890"}]}
RESULT: {"script":"<script> [56 bytes]","args":[{"element-6066-11e4-a52e-4f735466cecf":"f.8D00E63E7445179AA59B17F8E6C27F98.d.3D495EBAC500E6D685D27AE803A521D6.e.12890","ELEMENT":"f.8D00E63E7445179AA59B17F8E6C27F98.d.3D495EBAC500E6D685D27AE803A521D6.e.12890"}]}
COMMAND: GET /session/999fc64afd1230ec64a2dd58c909e126/screenshot - {}
RESULT: {}
COMMAND: POST /session/999fc64afd1230ec64a2dd58c909e126/execute/sync - {"script":"<script> [56 bytes]","args":[{"element-6066-11e4-a52e-4f735466cecf":"f.8D00E63E7445179AA59B17F8E6C27F98.d.3D495EBAC500E6D685D27AE803A521D6.e.12890","ELEMENT":"f.8D00E63E7445179AA59B17F8E6C27F98.d.3D495EBAC500E6D685D27AE803A521D6.e.12890"}]}
RESULT: {"script":"<script> [56 bytes]","args":[{"element-6066-11e4-a52e-4f735466cecf":"f.8D00E63E7445179AA59B17F8E6C27F98.d.3D495EBAC500E6D685D27AE803A521D6.e.12890","ELEMENT":"f.8D00E63E7445179AA59B17F8E6C27F98.d.3D495EBAC500E6D685D27AE803A521D6.e.12890"}]}
COMMAND: GET /session/999fc64afd1230ec64a2dd58c909e126/screenshot - {}
RESULT: {}
COMMAND: POST /session/999fc64afd1230ec64a2dd58c909e126/execute/sync - {"script":"<script> [56 bytes]","args":[{"element-6066-11e4-a52e-4f735466cecf":"f.8D00E63E7445179AA59B17F8E6C27F98.d.3D495EBAC500E6D685D27AE803A521D6.e.12890","ELEMENT":"f.8D00E63E7445179AA59B17F8E6C27F98.d.3D495EBAC500E6D685D27AE803A521D6.e.12890"}]}
RESULT: {"script":"<script> [56 bytes]","args":[{"element-6066-11e4-a52e-4f735466cecf":"f.8D00E63E7445179AA59B17F8E6C27F98.d.3D495EBAC500E6D685D27AE803A521D6.e.12890","ELEMENT":"f.8D00E63E7445179AA59B17F8E6C27F98.d.3D495EBAC500E6D685D27AE803A521D6.e.12890"}]}
COMMAND: GET /session/999fc64afd1230ec64a2dd58c909e126/screenshot - {}
RESULT: {}
COMMAND: POST /session/999fc64afd1230ec64a2dd58c909e126/execute/sync - {"script":"<script> [56 bytes]","args":[{"element-6066-11e4-a52e-4f735466cecf":"f.8D00E63E7445179AA59B17F8E6C27F98.d.3D495EBAC500E6D685D27AE803A521D6.e.12890","ELEMENT":"f.8D00E63E7445179AA59B17F8E6C27F98.d.3D495EBAC500E6D685D27AE803A521D6.e.12890"}]}
RESULT: {"script":"<script> [56 bytes]","args":[{"element-6066-11e4-a52e-4f735466cecf":"f.8D00E63E7445179AA59B17F8E6C27F98.d.3D495EBAC500E6D685D27AE803A521D6.e.12890","ELEMENT":"f.8D00E63E7445179AA59B17F8E6C27F98.d.3D495EBAC500E6D685D27AE803A521D6.e.12890"}]}
COMMAND: GET /session/999fc64afd1230ec64a2dd58c909e126/screenshot - {}
RESULT: {}
COMMAND: POST /session/999fc64afd1230ec64a2dd58c909e126/execute/sync - {"script":"<script> [56 bytes]","args":[{"element-6066-11e4-a52e-4f735466cecf":"f.8D00E63E7445179AA59B17F8E6C27F98.d.3D495EBAC500E6D685D27AE803A521D6.e.12890","ELEMENT":"f.8D00E63E7445179AA59B17F8E6C27F98.d.3D495EBAC500E6D685D27AE803A521D6.e.12890"}]}
RESULT: {"script":"<script> [56 bytes]","args":[{"element-6066-11e4-a52e-4f735466cecf":"f.8D00E63E7445179AA59B17F8E6C27F98.d.3D495EBAC500E6D685D27AE803A521D6.e.12890","ELEMENT":"f.8D00E63E7445179AA59B17F8E6C27F98.d.3D495EBAC500E6D685D27AE803A521D6.e.12890"}]}
COMMAND: GET /session/999fc64afd1230ec64a2dd58c909e126/screenshot - {}
RESULT: {}
COMMAND: POST /session/999fc64afd1230ec64a2dd58c909e126/execute/sync - {"script":"<script> [56 bytes]","args":[{"element-6066-11e4-a52e-4f735466cecf":"f.8D00E63E7445179AA59B17F8E6C27F98.d.3D495EBAC500E6D685D27AE803A521D6.e.12890","ELEMENT":"f.8D00E63E7445179AA59B17F8E6C27F98.d.3D495EBAC500E6D685D27AE803A521D6.e.12890"}]}
RESULT: {"script":"<script> [56 bytes]","args":[{"element-6066-11e4-a52e-4f735466cecf":"f.8D00E63E7445179AA59B17F8E6C27F98.d.3D495EBAC500E6D685D27AE803A521D6.e.12890","ELEMENT":"f.8D00E63E7445179AA59B17F8E6C27F98.d.3D495EBAC500E6D685D27AE803A521D6.e.12890"}]}
COMMAND: GET /session/999fc64afd1230ec64a2dd58c909e126/screenshot - {}
RESULT: {}
COMMAND: POST /session/999fc64afd1230ec64a2dd58c909e126/execute/sync - {"script":"<script> [56 bytes]","args":[{"element-6066-11e4-a52e-4f735466cecf":"f.8D00E63E7445179AA59B17F8E6C27F98.d.3D495EBAC500E6D685D27AE803A521D6.e.12890","ELEMENT":"f.8D00E63E7445179AA59B17F8E6C27F98.d.3D495EBAC500E6D685D27AE803A521D6.e.12890"}]}
RESULT: {"script":"<script> [56 bytes]","args":[{"element-6066-11e4-a52e-4f735466cecf":"f.8D00E63E7445179AA59B17F8E6C27F98.d.3D495EBAC500E6D685D27AE803A521D6.e.12890","ELEMENT":"f.8D00E63E7445179AA59B17F8E6C27F98.d.3D495EBAC500E6D685D27AE803A521D6.e.12890"}]}
COMMAND: GET /session/999fc64afd1230ec64a2dd58c909e126/screenshot - {}
RESULT: {}
COMMAND: POST /session/999fc64afd1230ec64a2dd58c909e126/execute/sync - {"script":"<script> [56 bytes]","args":[{"element-6066-11e4-a52e-4f735466cecf":"f.8D00E63E7445179AA59B17F8E6C27F98.d.3D495EBAC500E6D685D27AE803A521D6.e.12890","ELEMENT":"f.8D00E63E7445179AA59B17F8E6C27F98.d.3D495EBAC500E6D685D27AE803A521D6.e.12890"}]}
RESULT: {"script":"<script> [56 bytes]","args":[{"element-6066-11e4-a52e-4f735466cecf":"f.8D00E63E7445179AA59B17F8E6C27F98.d.3D495EBAC500E6D685D27AE803A521D6.e.12890","ELEMENT":"f.8D00E63E7445179AA59B17F8E6C27F98.d.3D495EBAC500E6D685D27AE803A521D6.e.12890"}]}
COMMAND: GET /session/999fc64afd1230ec64a2dd58c909e126/screenshot - {}
RESULT: {}
COMMAND: POST /session/999fc64afd1230ec64a2dd58c909e126/execute/sync - {"script":"<script> [56 bytes]","args":[{"element-6066-11e4-a52e-4f735466cecf":"f.8D00E63E7445179AA59B17F8E6C27F98.d.3D495EBAC500E6D685D27AE803A521D6.e.12890","ELEMENT":"f.8D00E63E7445179AA59B17F8E6C27F98.d.3D495EBAC500E6D685D27AE803A521D6.e.12890"}]}
RESULT: {"script":"<script> [56 bytes]","args":[{"element-6066-11e4-a52e-4f735466cecf":"f.8D00E63E7445179AA59B17F8E6C27F98.d.3D495EBAC500E6D685D27AE803A521D6.e.12890","ELEMENT":"f.8D00E63E7445179AA59B17F8E6C27F98.d.3D495EBAC500E6D685D27AE803A521D6.e.12890"}]}
COMMAND: POST /session/999fc64afd1230ec64a2dd58c909e126/element - {"using":"css selector","value":"#shell-header-logo"}
COMMAND: GET /session/999fc64afd1230ec64a2dd58c909e126/screenshot - {}
RESULT: {"using":"css selector","value":"#shell-header-logo"}
COMMAND: POST /session/999fc64afd1230ec64a2dd58c909e126/element/f.8D00E63E7445179AA59B17F8E6C27F98.d.3D495EBAC500E6D685D27AE803A521D6.e.12645/click - {}
RESULT: {}
RESULT: {}
COMMAND: GET /session/999fc64afd1230ec64a2dd58c909e126/screenshot - {}
RESULT: {}
COMMAND: POST /session/999fc64afd1230ec64a2dd58c909e126/element - {"using":"css selector","value":"#j_username"}
COMMAND: POST /session/999fc64afd1230ec64a2dd58c909e126/url - {"url":"https://qa-testing-00-live-etm-ui.cfapps.eu10-004.hana.ondemand.com/"}
RESULT: {"using":"css selector","value":"#j_username"}
COMMAND: POST /session/999fc64afd1230ec64a2dd58c909e126/element - {"using":"css selector","value":"#j_username"}
RESULT: {"url":"https://qa-testing-00-live-etm-ui.cfapps.eu10-004.hana.ondemand.com/"}
RESULT: undefined
COMMAND: GET /session/999fc64afd1230ec64a2dd58c909e126/screenshot - {}
RESULT: {"using":"css selector","value":"#j_username"}
COMMAND: POST /session/999fc64afd1230ec64a2dd58c909e126/element - {"using":"css selector","value":"#shell-header-logo"}
RESULT: {}
RESULT: {"using":"css selector","value":"#shell-header-logo"}
COMMAND: POST /session/999fc64afd1230ec64a2dd58c909e126/execute/sync - {"script":"<script> [8489 bytes]","args":[{"element-6066-11e4-a52e-4f735466cecf":"f.8D00E63E7445179AA59B17F8E6C27F98.d.18EB1A3DCFEA72A472BD92AFF690A96D.e.12928","ELEMENT":"f.8D00E63E7445179AA59B17F8E6C27F98.d.18EB1A3DCFEA72A472BD92AFF690A96D.e.12928"}]}
RESULT: {"script":"<script> [8489 bytes]","args":[{"element-6066-11e4-a52e-4f735466cecf":"f.8D00E63E7445179AA59B17F8E6C27F98.d.18EB1A3DCFEA72A472BD92AFF690A96D.e.12928","ELEMENT":"f.8D00E63E7445179AA59B17F8E6C27F98.d.18EB1A3DCFEA72A472BD92AFF690A96D.e.12928"}]}
COMMAND: POST /session/999fc64afd1230ec64a2dd58c909e126/element - {"using":"css selector","value":"#shell-header-logo"}
COMMAND: GET /session/999fc64afd1230ec64a2dd58c909e126/screenshot - {}
RESULT: {"using":"css selector","value":"#shell-header-logo"}
COMMAND: POST /session/999fc64afd1230ec64a2dd58c909e126/execute/sync - {"script":"<script> [8489 bytes]","args":[{"element-6066-11e4-a52e-4f735466cecf":"f.8D00E63E7445179AA59B17F8E6C27F98.d.18EB1A3DCFEA72A472BD92AFF690A96D.e.12928","ELEMENT":"f.8D00E63E7445179AA59B17F8E6C27F98.d.18EB1A3DCFEA72A472BD92AFF690A96D.e.12928"}]}
RESULT: {}
RESULT: {"script":"<script> [8489 bytes]","args":[{"element-6066-11e4-a52e-4f735466cecf":"f.8D00E63E7445179AA59B17F8E6C27F98.d.18EB1A3DCFEA72A472BD92AFF690A96D.e.12928","ELEMENT":"f.8D00E63E7445179AA59B17F8E6C27F98.d.18EB1A3DCFEA72A472BD92AFF690A96D.e.12928"}]}
COMMAND: POST /session/999fc64afd1230ec64a2dd58c909e126/execute/sync - {"script":"<script> [5351 bytes]","args":[{"element-6066-11e4-a52e-4f735466cecf":"f.8D00E63E7445179AA59B17F8E6C27F98.d.18EB1A3DCFEA72A472BD92AFF690A96D.e.12928","ELEMENT":"f.8D00E63E7445179AA59B17F8E6C27F98.d.18EB1A3DCFEA72A472BD92AFF690A96D.e.12928"}]}
COMMAND: GET /session/999fc64afd1230ec64a2dd58c909e126/screenshot - {}
RESULT: {"script":"<script> [5351 bytes]","args":[{"element-6066-11e4-a52e-4f735466cecf":"f.8D00E63E7445179AA59B17F8E6C27F98.d.18EB1A3DCFEA72A472BD92AFF690A96D.e.12928","ELEMENT":"f.8D00E63E7445179AA59B17F8E6C27F98.d.18EB1A3DCFEA72A472BD92AFF690A96D.e.12928"}]}
COMMAND: POST /session/999fc64afd1230ec64a2dd58c909e126/element - {"using":"css selector","value":"#shell-header-logo"}
COMMAND: GET /session/999fc64afd1230ec64a2dd58c909e126/screenshot - {}
RESULT: {}
RESULT: {"using":"css selector","value":"#shell-header-logo"}
COMMAND: POST /session/999fc64afd1230ec64a2dd58c909e126/element/f.8D00E63E7445179AA59B17F8E6C27F98.d.18EB1A3DCFEA72A472BD92AFF690A96D.e.12928/click - {}
RESULT: {}
RESULT: {}
COMMAND: GET /session/999fc64afd1230ec64a2dd58c909e126/screenshot - {}
RESULT: {}
COMMAND: POST /session/999fc64afd1230ec64a2dd58c909e126/execute/async - {"script":"<script> [189 bytes]","args":[]}
RESULT: {"script":"<script> [189 bytes]","args":[]}
COMMAND: POST /session/999fc64afd1230ec64a2dd58c909e126/execute/async - {"script":"<script> [123 bytes]","args":[]}
RESULT: {"script":"<script> [123 bytes]","args":[]}
COMMAND: POST /session/999fc64afd1230ec64a2dd58c909e126/timeouts - {"script":"<number>"}
RESULT: {"script":"<number>"}
COMMAND: GET /session/999fc64afd1230ec64a2dd58c909e126/timeouts - {}
RESULT: {}
RESULT: undefined
COMMAND: POST /session/999fc64afd1230ec64a2dd58c909e126/execute/async - {"script":"<script> [2676 bytes]","args":[]}
RESULT: {"script":"<script> [2676 bytes]","args":[]}
COMMAND: POST /session/999fc64afd1230ec64a2dd58c909e126/execute/async - {"script":"<script> [2342 bytes]","args":[{"protocol":"http","hostname":"0.0.0.0","path":"/","capabilities":{"browserName":"chrome","goog:chromeOptions":{"binary":"C:\\Program Files\\Google\\Chrome\\Application\\chrome.exe","args":["--start-maximized"]}},"logLevel":"warn","connectionRetryTimeout":120000,"connectionRetryCount":3,"logLevels":{},"enableDirectConnect":true,"strictSSL":true,"_":"65 more keys: [\"cacheDir\",\"port\",\"requestedCapabilities\",\"automationProtocol\",\"baseUrl\",\"waitforInterval\",\"waitforTimeout\",\"onReload\",\"beforeCommand\",\"afterCommand\",\"rootDir\",\"specs\",\"suites\",\"exclude\",\"groupLogsByTestSpec\",\"excludeDriverLogs\",\"bail\",\"framework\",\"reporters\",\"services\",\"maxInstances\",\"maxInstancesPerCapability\",\"injectGlobals\",\"filesToWatch\",\"execArgv\",\"runnerEnv\",\"runner\",\"shard\",\"specFileRetries\",\"specFileRetriesDelay\",\"specFileRetriesDeferred\",\"reporterSyncInterval\",\"reporterSyncTimeout\",\"cucumberFeaturesWithLineNumbers\",\"autoCompileOpts\",\"mochaOpts\",\"jasmineOpts\",\"cucumberOpts\",\"onPrepare\",\"onWorkerStart\",\"onWorkerEnd\",\"before\",\"beforeSession\",\"beforeSuite\",\"beforeHook\",\"beforeTest\",\"afterTest\",\"afterHook\",\"afterSuite\",\"afterSession\",\"after\",\"onComplete\",\"beforeAssertion\",\"afterAssertion\",\"beforeFeature\",\"beforeScenario\",\"beforeStep\",\"afterStep\",\"afterScenario\",\"afterFeature\",\"_\",\"suite\",\"$0\",\"ignoredWorkerServices\",\"wdi5\"]"}]}
RESULT: {"script":"<script> [2342 bytes]","args":[{"protocol":"http","hostname":"0.0.0.0","path":"/","capabilities":{"browserName":"chrome","goog:chromeOptions":{"binary":"C:\\Program Files\\Google\\Chrome\\Application\\chrome.exe","args":["--start-maximized"]}},"logLevel":"warn","connectionRetryTimeout":120000,"connectionRetryCount":3,"logLevels":{},"enableDirectConnect":true,"strictSSL":true,"_":"65 more keys: [\"cacheDir\",\"port\",\"requestedCapabilities\",\"automationProtocol\",\"baseUrl\",\"waitforInterval\",\"waitforTimeout\",\"onReload\",\"beforeCommand\",\"afterCommand\",\"rootDir\",\"specs\",\"suites\",\"exclude\",\"groupLogsByTestSpec\",\"excludeDriverLogs\",\"bail\",\"framework\",\"reporters\",\"services\",\"maxInstances\",\"maxInstancesPerCapability\",\"injectGlobals\",\"filesToWatch\",\"execArgv\",\"runnerEnv\",\"runner\",\"shard\",\"specFileRetries\",\"specFileRetriesDelay\",\"specFileRetriesDeferred\",\"reporterSyncInterval\",\"reporterSyncTimeout\",\"cucumberFeaturesWithLineNumbers\",\"autoCompileOpts\",\"mochaOpts\",\"jasmineOpts\",\"cucumberOpts\",\"onPrepare\",\"onWorkerStart\",\"onWorkerEnd\",\"before\",\"beforeSession\",\"beforeSuite\",\"beforeHook\",\"beforeTest\",\"afterTest\",\"afterHook\",\"afterSuite\",\"afterSession\",\"after\",\"onComplete\",\"beforeAssertion\",\"afterAssertion\",\"beforeFeature\",\"beforeScenario\",\"beforeStep\",\"afterStep\",\"afterScenario\",\"afterFeature\",\"_\",\"suite\",\"$0\",\"ignoredWorkerServices\",\"wdi5\"]"}]}
COMMAND: POST /session/999fc64afd1230ec64a2dd58c909e126/execute/async - {"script":"<script> [21126 bytes]","args":[35000]}
RESULT: {"script":"<script> [21126 bytes]","args":[35000]}
COMMAND: POST /session/999fc64afd1230ec64a2dd58c909e126/window/maximize - {}
RESULT: {}
COMMAND: POST /session/999fc64afd1230ec64a2dd58c909e126/execute/async - {"script":"<script> [1562 bytes]","args":[{"selector":{"id":"shell-header","interaction":{"idSuffix":"icon"}},"wdio_ui5_key":"shellheader"}]}
COMMAND: GET /session/999fc64afd1230ec64a2dd58c909e126/screenshot - {}
RESULT: {"script":"<script> [1562 bytes]","args":[{"selector":{"id":"shell-header","interaction":{"idSuffix":"icon"}},"wdio_ui5_key":"shellheader"}]}
RESULT: undefined
COMMAND: POST /session/999fc64afd1230ec64a2dd58c909e126/refresh - {}
RESULT: {}
RESULT: {}
COMMAND: GET /session/999fc64afd1230ec64a2dd58c909e126/screenshot - {}
RESULT: {}
COMMAND: POST /session/999fc64afd1230ec64a2dd58c909e126/refresh - {}
RESULT: {}
COMMAND: GET /session/999fc64afd1230ec64a2dd58c909e126/screenshot - {}
RESULT: {}
COMMAND: POST /session/999fc64afd1230ec64a2dd58c909e126/window/fullscreen - {}
RESULT: {}
COMMAND: POST /session/999fc64afd1230ec64a2dd58c909e126/execute/async - {"script":"<script> [189 bytes]","args":[]}
RESULT: {"script":"<script> [189 bytes]","args":[]}
COMMAND: POST /session/999fc64afd1230ec64a2dd58c909e126/execute/async - {"script":"<script> [123 bytes]","args":[]}
RESULT: {"script":"<script> [123 bytes]","args":[]}
COMMAND: POST /session/999fc64afd1230ec64a2dd58c909e126/timeouts - {"script":"<number>"}
RESULT: {"script":"<number>"}
COMMAND: GET /session/999fc64afd1230ec64a2dd58c909e126/timeouts - {}
RESULT: {}
RESULT: undefined
COMMAND: POST /session/999fc64afd1230ec64a2dd58c909e126/execute/async - {"script":"<script> [2676 bytes]","args":[]}
RESULT: {"script":"<script> [2676 bytes]","args":[]}
COMMAND: POST /session/999fc64afd1230ec64a2dd58c909e126/execute/async - {"script":"<script> [2342 bytes]","args":[{"protocol":"http","hostname":"0.0.0.0","path":"/","capabilities":{"browserName":"chrome","goog:chromeOptions":{"binary":"C:\\Program Files\\Google\\Chrome\\Application\\chrome.exe","args":["--start-maximized"]}},"logLevel":"warn","connectionRetryTimeout":120000,"connectionRetryCount":3,"logLevels":{},"enableDirectConnect":true,"strictSSL":true,"_":"65 more keys: [\"cacheDir\",\"port\",\"requestedCapabilities\",\"automationProtocol\",\"baseUrl\",\"waitforInterval\",\"waitforTimeout\",\"onReload\",\"beforeCommand\",\"afterCommand\",\"rootDir\",\"specs\",\"suites\",\"exclude\",\"groupLogsByTestSpec\",\"excludeDriverLogs\",\"bail\",\"framework\",\"reporters\",\"services\",\"maxInstances\",\"maxInstancesPerCapability\",\"injectGlobals\",\"filesToWatch\",\"execArgv\",\"runnerEnv\",\"runner\",\"shard\",\"specFileRetries\",\"specFileRetriesDelay\",\"specFileRetriesDeferred\",\"reporterSyncInterval\",\"reporterSyncTimeout\",\"cucumberFeaturesWithLineNumbers\",\"autoCompileOpts\",\"mochaOpts\",\"jasmineOpts\",\"cucumberOpts\",\"onPrepare\",\"onWorkerStart\",\"onWorkerEnd\",\"before\",\"beforeSession\",\"beforeSuite\",\"beforeHook\",\"beforeTest\",\"afterTest\",\"afterHook\",\"afterSuite\",\"afterSession\",\"after\",\"onComplete\",\"beforeAssertion\",\"afterAssertion\",\"beforeFeature\",\"beforeScenario\",\"beforeStep\",\"afterStep\",\"afterScenario\",\"afterFeature\",\"_\",\"suite\",\"$0\",\"ignoredWorkerServices\",\"wdi5\"]"}]}
RESULT: {"script":"<script> [2342 bytes]","args":[{"protocol":"http","hostname":"0.0.0.0","path":"/","capabilities":{"browserName":"chrome","goog:chromeOptions":{"binary":"C:\\Program Files\\Google\\Chrome\\Application\\chrome.exe","args":["--start-maximized"]}},"logLevel":"warn","connectionRetryTimeout":120000,"connectionRetryCount":3,"logLevels":{},"enableDirectConnect":true,"strictSSL":true,"_":"65 more keys: [\"cacheDir\",\"port\",\"requestedCapabilities\",\"automationProtocol\",\"baseUrl\",\"waitforInterval\",\"waitforTimeout\",\"onReload\",\"beforeCommand\",\"afterCommand\",\"rootDir\",\"specs\",\"suites\",\"exclude\",\"groupLogsByTestSpec\",\"excludeDriverLogs\",\"bail\",\"framework\",\"reporters\",\"services\",\"maxInstances\",\"maxInstancesPerCapability\",\"injectGlobals\",\"filesToWatch\",\"execArgv\",\"runnerEnv\",\"runner\",\"shard\",\"specFileRetries\",\"specFileRetriesDelay\",\"specFileRetriesDeferred\",\"reporterSyncInterval\",\"reporterSyncTimeout\",\"cucumberFeaturesWithLineNumbers\",\"autoCompileOpts\",\"mochaOpts\",\"jasmineOpts\",\"cucumberOpts\",\"onPrepare\",\"onWorkerStart\",\"onWorkerEnd\",\"before\",\"beforeSession\",\"beforeSuite\",\"beforeHook\",\"beforeTest\",\"afterTest\",\"afterHook\",\"afterSuite\",\"afterSession\",\"after\",\"onComplete\",\"beforeAssertion\",\"afterAssertion\",\"beforeFeature\",\"beforeScenario\",\"beforeStep\",\"afterStep\",\"afterScenario\",\"afterFeature\",\"_\",\"suite\",\"$0\",\"ignoredWorkerServices\",\"wdi5\"]"}]}
COMMAND: POST /session/999fc64afd1230ec64a2dd58c909e126/execute/async - {"script":"<script> [21126 bytes]","args":[35000]}
RESULT: {"script":"<script> [21126 bytes]","args":[35000]}
]]></system-out>
    </testcase>
  </testsuite>
  <testsuite timestamp="2025-05-06T06:24:28" time="599.608" tests="12" failures="0" errors="0" skipped="0">
    <properties>
      <property name="specId" value="0" />
      <property name="suiteName" value="Billing transfer US117289" />
      <property name="capabilities" value="chrome.135_0_7049_96.windows" />
      <property name="file" value="file:///D:/a/1/s/test/specs/BTS/billing-transfer.spec.js" />
    </properties>
    <testcase classname="chrome.135_0_7049_96.windows.Billing_transfer_US117289" name="Should create a new yard" time="0.009">
      <system-out><![CDATA[
COMMAND: POST /session/999fc64afd1230ec64a2dd58c909e126/window/fullscreen - {}
RESULT: {}
]]></system-out>
    </testcase>
    <testcase classname="chrome.135_0_7049_96.windows.Billing_transfer_US117289" name="Should create a new partner" time="0.002" />
    <testcase classname="chrome.135_0_7049_96.windows.Billing_transfer_US117289" name="Should create a new site" time="0.003" />
    <testcase classname="chrome.135_0_7049_96.windows.Billing_transfer_US117289" name="Should create a new equipment" time="116.325">
      <system-out><![CDATA[
COMMAND: POST /session/999fc64afd1230ec64a2dd58c909e126/execute/async - {"script":"<script> [1562 bytes]","args":[{"selector":{"controlType":"sap.m.GenericTile","properties":{"header":"Manage Resources"}},"wdio_ui5_key":"sapm.GenericTile{\"header\":\"Manage Resources\"}"}]}
RESULT: {"script":"<script> [1562 bytes]","args":[{"selector":{"controlType":"sap.m.GenericTile","properties":{"header":"Manage Resources"}},"wdio_ui5_key":"sapm.GenericTile{\"header\":\"Manage Resources\"}"}]}
RESULT: undefined
COMMAND: POST /session/999fc64afd1230ec64a2dd58c909e126/element - {"using":"xpath","value":"//*[@id=\"__tile39\"]"}
RESULT: {"using":"xpath","value":"//*[@id=\"__tile39\"]"}
COMMAND: POST /session/999fc64afd1230ec64a2dd58c909e126/element/f.8D00E63E7445179AA59B17F8E6C27F98.d.193B4C1633642817A4F0DEEDF79F1790.e.13075/click - {}
RESULT: {}
COMMAND: POST /session/999fc64afd1230ec64a2dd58c909e126/element - {"using":"xpath","value":"//button[@data-kt=\"addNewRUOverflowToolbarButton\"]"}
COMMAND: GET /session/999fc64afd1230ec64a2dd58c909e126/screenshot - {}
RESULT: {"using":"xpath","value":"//button[@data-kt=\"addNewRUOverflowToolbarButton\"]"}
COMMAND: POST /session/999fc64afd1230ec64a2dd58c909e126/elements - {"using":"xpath","value":"//button[@data-kt=\"addNewRUOverflowToolbarButton\"]"}
RESULT: {}
RESULT: {"using":"xpath","value":"//button[@data-kt=\"addNewRUOverflowToolbarButton\"]"}
COMMAND: POST /session/999fc64afd1230ec64a2dd58c909e126/elements - {"using":"xpath","value":"//button[@data-kt=\"addNewRUOverflowToolbarButton\"]"}
RESULT: {"using":"xpath","value":"//button[@data-kt=\"addNewRUOverflowToolbarButton\"]"}
COMMAND: POST /session/999fc64afd1230ec64a2dd58c909e126/elements - {"using":"xpath","value":"//button[@data-kt=\"addNewRUOverflowToolbarButton\"]"}
RESULT: {"using":"xpath","value":"//button[@data-kt=\"addNewRUOverflowToolbarButton\"]"}
COMMAND: POST /session/999fc64afd1230ec64a2dd58c909e126/elements - {"using":"xpath","value":"//button[@data-kt=\"addNewRUOverflowToolbarButton\"]"}
RESULT: {"using":"xpath","value":"//button[@data-kt=\"addNewRUOverflowToolbarButton\"]"}
COMMAND: POST /session/999fc64afd1230ec64a2dd58c909e126/elements - {"using":"xpath","value":"//button[@data-kt=\"addNewRUOverflowToolbarButton\"]"}
RESULT: {"using":"xpath","value":"//button[@data-kt=\"addNewRUOverflowToolbarButton\"]"}
COMMAND: POST /session/999fc64afd1230ec64a2dd58c909e126/elements - {"using":"xpath","value":"//button[@data-kt=\"addNewRUOverflowToolbarButton\"]"}
RESULT: {"using":"xpath","value":"//button[@data-kt=\"addNewRUOverflowToolbarButton\"]"}
COMMAND: POST /session/999fc64afd1230ec64a2dd58c909e126/elements - {"using":"xpath","value":"//button[@data-kt=\"addNewRUOverflowToolbarButton\"]"}
RESULT: {"using":"xpath","value":"//button[@data-kt=\"addNewRUOverflowToolbarButton\"]"}
COMMAND: POST /session/999fc64afd1230ec64a2dd58c909e126/elements - {"using":"xpath","value":"//button[@data-kt=\"addNewRUOverflowToolbarButton\"]"}
RESULT: {"using":"xpath","value":"//button[@data-kt=\"addNewRUOverflowToolbarButton\"]"}
COMMAND: POST /session/999fc64afd1230ec64a2dd58c909e126/elements - {"using":"xpath","value":"//button[@data-kt=\"addNewRUOverflowToolbarButton\"]"}
RESULT: {"using":"xpath","value":"//button[@data-kt=\"addNewRUOverflowToolbarButton\"]"}
COMMAND: POST /session/999fc64afd1230ec64a2dd58c909e126/elements - {"using":"xpath","value":"//button[@data-kt=\"addNewRUOverflowToolbarButton\"]"}
RESULT: {"using":"xpath","value":"//button[@data-kt=\"addNewRUOverflowToolbarButton\"]"}
COMMAND: POST /session/999fc64afd1230ec64a2dd58c909e126/elements - {"using":"xpath","value":"//button[@data-kt=\"addNewRUOverflowToolbarButton\"]"}
RESULT: {"using":"xpath","value":"//button[@data-kt=\"addNewRUOverflowToolbarButton\"]"}
COMMAND: POST /session/999fc64afd1230ec64a2dd58c909e126/elements - {"using":"xpath","value":"//button[@data-kt=\"addNewRUOverflowToolbarButton\"]"}
RESULT: {"using":"xpath","value":"//button[@data-kt=\"addNewRUOverflowToolbarButton\"]"}
COMMAND: POST /session/999fc64afd1230ec64a2dd58c909e126/elements - {"using":"xpath","value":"//button[@data-kt=\"addNewRUOverflowToolbarButton\"]"}
RESULT: {"using":"xpath","value":"//button[@data-kt=\"addNewRUOverflowToolbarButton\"]"}
COMMAND: POST /session/999fc64afd1230ec64a2dd58c909e126/elements - {"using":"xpath","value":"//button[@data-kt=\"addNewRUOverflowToolbarButton\"]"}
RESULT: {"using":"xpath","value":"//button[@data-kt=\"addNewRUOverflowToolbarButton\"]"}
COMMAND: POST /session/999fc64afd1230ec64a2dd58c909e126/elements - {"using":"xpath","value":"//button[@data-kt=\"addNewRUOverflowToolbarButton\"]"}
RESULT: {"using":"xpath","value":"//button[@data-kt=\"addNewRUOverflowToolbarButton\"]"}
COMMAND: POST /session/999fc64afd1230ec64a2dd58c909e126/elements - {"using":"xpath","value":"//button[@data-kt=\"addNewRUOverflowToolbarButton\"]"}
RESULT: {"using":"xpath","value":"//button[@data-kt=\"addNewRUOverflowToolbarButton\"]"}
COMMAND: POST /session/999fc64afd1230ec64a2dd58c909e126/element - {"using":"xpath","value":"//button[@data-kt=\"addNewRUOverflowToolbarButton\"]"}
RESULT: {"using":"xpath","value":"//button[@data-kt=\"addNewRUOverflowToolbarButton\"]"}
COMMAND: POST /session/999fc64afd1230ec64a2dd58c909e126/execute/sync - {"script":"<script> [8489 bytes]","args":[{"element-6066-11e4-a52e-4f735466cecf":"f.8D00E63E7445179AA59B17F8E6C27F98.d.193B4C1633642817A4F0DEEDF79F1790.e.13226","ELEMENT":"f.8D00E63E7445179AA59B17F8E6C27F98.d.193B4C1633642817A4F0DEEDF79F1790.e.13226"}]}
RESULT: {"script":"<script> [8489 bytes]","args":[{"element-6066-11e4-a52e-4f735466cecf":"f.8D00E63E7445179AA59B17F8E6C27F98.d.193B4C1633642817A4F0DEEDF79F1790.e.13226","ELEMENT":"f.8D00E63E7445179AA59B17F8E6C27F98.d.193B4C1633642817A4F0DEEDF79F1790.e.13226"}]}
COMMAND: GET /session/999fc64afd1230ec64a2dd58c909e126/element/f.8D00E63E7445179AA59B17F8E6C27F98.d.193B4C1633642817A4F0DEEDF79F1790.e.13226/enabled - {}
COMMAND: GET /session/999fc64afd1230ec64a2dd58c909e126/screenshot - {}
RESULT: {}
COMMAND: POST /session/999fc64afd1230ec64a2dd58c909e126/execute/sync - {"script":"<script> [8489 bytes]","args":[{"element-6066-11e4-a52e-4f735466cecf":"f.8D00E63E7445179AA59B17F8E6C27F98.d.193B4C1633642817A4F0DEEDF79F1790.e.13226","ELEMENT":"f.8D00E63E7445179AA59B17F8E6C27F98.d.193B4C1633642817A4F0DEEDF79F1790.e.13226"}]}
COMMAND: GET /session/999fc64afd1230ec64a2dd58c909e126/screenshot - {}
RESULT: {}
RESULT: {"script":"<script> [8489 bytes]","args":[{"element-6066-11e4-a52e-4f735466cecf":"f.8D00E63E7445179AA59B17F8E6C27F98.d.193B4C1633642817A4F0DEEDF79F1790.e.13226","ELEMENT":"f.8D00E63E7445179AA59B17F8E6C27F98.d.193B4C1633642817A4F0DEEDF79F1790.e.13226"}]}
COMMAND: POST /session/999fc64afd1230ec64a2dd58c909e126/execute/sync - {"script":"<script> [5351 bytes]","args":[{"element-6066-11e4-a52e-4f735466cecf":"f.8D00E63E7445179AA59B17F8E6C27F98.d.193B4C1633642817A4F0DEEDF79F1790.e.13226","ELEMENT":"f.8D00E63E7445179AA59B17F8E6C27F98.d.193B4C1633642817A4F0DEEDF79F1790.e.13226"}]}
COMMAND: GET /session/999fc64afd1230ec64a2dd58c909e126/screenshot - {}
RESULT: {}
RESULT: {"script":"<script> [5351 bytes]","args":[{"element-6066-11e4-a52e-4f735466cecf":"f.8D00E63E7445179AA59B17F8E6C27F98.d.193B4C1633642817A4F0DEEDF79F1790.e.13226","ELEMENT":"f.8D00E63E7445179AA59B17F8E6C27F98.d.193B4C1633642817A4F0DEEDF79F1790.e.13226"}]}
COMMAND: POST /session/999fc64afd1230ec64a2dd58c909e126/element/f.8D00E63E7445179AA59B17F8E6C27F98.d.193B4C1633642817A4F0DEEDF79F1790.e.13226/click - {}
COMMAND: GET /session/999fc64afd1230ec64a2dd58c909e126/screenshot - {}
RESULT: {}
RESULT: {}
COMMAND: GET /session/999fc64afd1230ec64a2dd58c909e126/screenshot - {}
RESULT: {}
RESULT: {}
COMMAND: POST /session/999fc64afd1230ec64a2dd58c909e126/execute/async - {"script":"<script> [1562 bytes]","args":[{"selector":{"id":"application-manageresources-display-component---newResourceUnit--TYPE-arrow"},"wdio_ui5_key":"applicationmanageresources-display-component---newResourceUnit--TYPE-arrow"}]}
RESULT: {"script":"<script> [1562 bytes]","args":[{"selector":{"id":"application-manageresources-display-component---newResourceUnit--TYPE-arrow"},"wdio_ui5_key":"applicationmanageresources-display-component---newResourceUnit--TYPE-arrow"}]}
RESULT: undefined
COMMAND: POST /session/999fc64afd1230ec64a2dd58c909e126/element - {"using":"xpath","value":"//*[@id=\"application-manageresources-display-component---newResourceUnit--TYPE-arrow\"]"}
RESULT: {"using":"xpath","value":"//*[@id=\"application-manageresources-display-component---newResourceUnit--TYPE-arrow\"]"}
COMMAND: POST /session/999fc64afd1230ec64a2dd58c909e126/element/f.8D00E63E7445179AA59B17F8E6C27F98.d.193B4C1633642817A4F0DEEDF79F1790.e.13593/click - {}
RESULT: {}
COMMAND: POST /session/999fc64afd1230ec64a2dd58c909e126/element - {"using":"xpath","value":"//input[@id=\"application-manageresources-display-component---newResourceUnit--TYPE-inner\"]"}
COMMAND: GET /session/999fc64afd1230ec64a2dd58c909e126/screenshot - {}
RESULT: {"using":"xpath","value":"//input[@id=\"application-manageresources-display-component---newResourceUnit--TYPE-inner\"]"}
COMMAND: POST /session/999fc64afd1230ec64a2dd58c909e126/element/f.8D00E63E7445179AA59B17F8E6C27F98.d.193B4C1633642817A4F0DEEDF79F1790.e.13565/clear - {}
RESULT: {}
RESULT: {}
COMMAND: POST /session/999fc64afd1230ec64a2dd58c909e126/element/f.8D00E63E7445179AA59B17F8E6C27F98.d.193B4C1633642817A4F0DEEDF79F1790.e.13565/value - {"text":"Equipment"}
COMMAND: GET /session/999fc64afd1230ec64a2dd58c909e126/screenshot - {}
RESULT: {"text":"Equipment"}
COMMAND: GET /session/999fc64afd1230ec64a2dd58c909e126/screenshot - {}
RESULT: {}
RESULT: {}
COMMAND: POST /session/999fc64afd1230ec64a2dd58c909e126/actions - {"actions":[{"id":"action45","type":"key","parameters":{},"actions":[{"type":"keyDown","value":"î€‡"},{"type":"pause","duration":10},{"type":"keyUp","value":"î€‡"}]}]}
RESULT: {"actions":[{"id":"action45","type":"key","parameters":{},"actions":[{"type":"keyDown","value":"î€‡"},{"type":"pause","duration":10},{"type":"keyUp","value":"î€‡"}]}]}
COMMAND: POST /session/999fc64afd1230ec64a2dd58c909e126/execute/async - {"script":"<script> [1562 bytes]","args":[{"selector":{"id":"application-manageresources-display-component---newResourceUnit--resourceId","interaction":{"idSuffix":"inner"}},"wdio_ui5_key":"applicationmanageresources-display-component---newResourceUnit--resourceId"}]}
COMMAND: GET /session/999fc64afd1230ec64a2dd58c909e126/screenshot - {}
RESULT: {"script":"<script> [1562 bytes]","args":[{"selector":{"id":"application-manageresources-display-component---newResourceUnit--resourceId","interaction":{"idSuffix":"inner"}},"wdio_ui5_key":"applicationmanageresources-display-component---newResourceUnit--resourceId"}]}
RESULT: undefined
COMMAND: POST /session/999fc64afd1230ec64a2dd58c909e126/execute/async - {"script":"<script> [776 bytes]","args":[{"enterText":"NB6J9qg9fr","selector":{"id":"application-manageresources-display-component---newResourceUnit--resourceId","interaction":{"idSuffix":"inner"}},"clearTextFirst":true,"interactionType":"ENTER_TEXT"}]}
RESULT: {}
RESULT: {"script":"<script> [776 bytes]","args":[{"enterText":"NB6J9qg9fr","selector":{"id":"application-manageresources-display-component---newResourceUnit--resourceId","interaction":{"idSuffix":"inner"}},"clearTextFirst":true,"interactionType":"ENTER_TEXT"}]}
COMMAND: POST /session/999fc64afd1230ec64a2dd58c909e126/execute/async - {"script":"<script> [1562 bytes]","args":[{"selector":{"id":"application-manageresources-display-component---newResourceUnit--SHORT_TEXT","interaction":{"idSuffix":"inner"}},"wdio_ui5_key":"applicationmanageresources-display-component---newResourceUnit--SHORT_TEXT"}]}
RESULT: {"script":"<script> [1562 bytes]","args":[{"selector":{"id":"application-manageresources-display-component---newResourceUnit--SHORT_TEXT","interaction":{"idSuffix":"inner"}},"wdio_ui5_key":"applicationmanageresources-display-component---newResourceUnit--SHORT_TEXT"}]}
RESULT: undefined
COMMAND: POST /session/999fc64afd1230ec64a2dd58c909e126/execute/async - {"script":"<script> [776 bytes]","args":[{"enterText":"Intercompany Equipment WDIO","selector":{"id":"application-manageresources-display-component---newResourceUnit--SHORT_TEXT","interaction":{"idSuffix":"inner"}},"clearTextFirst":true,"interactionType":"ENTER_TEXT"}]}
RESULT: {"script":"<script> [776 bytes]","args":[{"enterText":"Intercompany Equipment WDIO","selector":{"id":"application-manageresources-display-component---newResourceUnit--SHORT_TEXT","interaction":{"idSuffix":"inner"}},"clearTextFirst":true,"interactionType":"ENTER_TEXT"}]}
COMMAND: POST /session/999fc64afd1230ec64a2dd58c909e126/execute/async - {"script":"<script> [1562 bytes]","args":[{"selector":{"id":"application-manageresources-display-component---newResourceUnit--BASE_UNIT_OF_MEASURE","interaction":{"idSuffix":"inner"}},"wdio_ui5_key":"applicationmanageresources-display-component---newResourceUnit--BASE_UNIT_OF_MEASURE"}]}
RESULT: {"script":"<script> [1562 bytes]","args":[{"selector":{"id":"application-manageresources-display-component---newResourceUnit--BASE_UNIT_OF_MEASURE","interaction":{"idSuffix":"inner"}},"wdio_ui5_key":"applicationmanageresources-display-component---newResourceUnit--BASE_UNIT_OF_MEASURE"}]}
RESULT: undefined
COMMAND: POST /session/999fc64afd1230ec64a2dd58c909e126/execute/async - {"script":"<script> [776 bytes]","args":[{"enterText":"Piece","selector":{"id":"application-manageresources-display-component---newResourceUnit--BASE_UNIT_OF_MEASURE","interaction":{"idSuffix":"inner"}},"clearTextFirst":true,"interactionType":"ENTER_TEXT"}]}
RESULT: {"script":"<script> [776 bytes]","args":[{"enterText":"Piece","selector":{"id":"application-manageresources-display-component---newResourceUnit--BASE_UNIT_OF_MEASURE","interaction":{"idSuffix":"inner"}},"clearTextFirst":true,"interactionType":"ENTER_TEXT"}]}
COMMAND: POST /session/999fc64afd1230ec64a2dd58c909e126/execute/async - {"script":"<script> [1562 bytes]","args":[{"selector":{"id":"application-manageresources-display-component---newResourceUnit--WEIGHT_UNIT","interaction":{"idSuffix":"inner"}},"wdio_ui5_key":"applicationmanageresources-display-component---newResourceUnit--WEIGHT_UNIT"}]}
RESULT: {"script":"<script> [1562 bytes]","args":[{"selector":{"id":"application-manageresources-display-component---newResourceUnit--WEIGHT_UNIT","interaction":{"idSuffix":"inner"}},"wdio_ui5_key":"applicationmanageresources-display-component---newResourceUnit--WEIGHT_UNIT"}]}
RESULT: undefined
COMMAND: POST /session/999fc64afd1230ec64a2dd58c909e126/execute/async - {"script":"<script> [776 bytes]","args":[{"enterText":"Gram","selector":{"id":"application-manageresources-display-component---newResourceUnit--WEIGHT_UNIT","interaction":{"idSuffix":"inner"}},"clearTextFirst":true,"interactionType":"ENTER_TEXT"}]}
RESULT: {"script":"<script> [776 bytes]","args":[{"enterText":"Gram","selector":{"id":"application-manageresources-display-component---newResourceUnit--WEIGHT_UNIT","interaction":{"idSuffix":"inner"}},"clearTextFirst":true,"interactionType":"ENTER_TEXT"}]}
COMMAND: POST /session/999fc64afd1230ec64a2dd58c909e126/execute/async - {"script":"<script> [1562 bytes]","args":[{"selector":{"id":"application-manageresources-display-component---newResourceUnit--DIMENSION_UNIT","interaction":{"idSuffix":"inner"}},"wdio_ui5_key":"applicationmanageresources-display-component---newResourceUnit--DIMENSION_UNIT"}]}
RESULT: {"script":"<script> [1562 bytes]","args":[{"selector":{"id":"application-manageresources-display-component---newResourceUnit--DIMENSION_UNIT","interaction":{"idSuffix":"inner"}},"wdio_ui5_key":"applicationmanageresources-display-component---newResourceUnit--DIMENSION_UNIT"}]}
RESULT: undefined
COMMAND: POST /session/999fc64afd1230ec64a2dd58c909e126/execute/async - {"script":"<script> [776 bytes]","args":[{"enterText":"Meter","selector":{"id":"application-manageresources-display-component---newResourceUnit--DIMENSION_UNIT","interaction":{"idSuffix":"inner"}},"clearTextFirst":true,"interactionType":"ENTER_TEXT"}]}
RESULT: {"script":"<script> [776 bytes]","args":[{"enterText":"Meter","selector":{"id":"application-manageresources-display-component---newResourceUnit--DIMENSION_UNIT","interaction":{"idSuffix":"inner"}},"clearTextFirst":true,"interactionType":"ENTER_TEXT"}]}
COMMAND: POST /session/999fc64afd1230ec64a2dd58c909e126/execute/async - {"script":"<script> [1562 bytes]","args":[{"selector":{"id":"application-manageresources-display-component---newResourceUnit--newRRUPage-anchBar-application-manageresources-display-component---newResourceUnit--control-anchor","interaction":{"idSuffix":"BDI-content"}},"wdio_ui5_key":"applicationmanageresources-display-component---newResourceUnit--newRRUPage-anchBar-application-manageresources-display-component---newResourceUnit--control-anchor"}]}
RESULT: {"script":"<script> [1562 bytes]","args":[{"selector":{"id":"application-manageresources-display-component---newResourceUnit--newRRUPage-anchBar-application-manageresources-display-component---newResourceUnit--control-anchor","interaction":{"idSuffix":"BDI-content"}},"wdio_ui5_key":"applicationmanageresources-display-component---newResourceUnit--newRRUPage-anchBar-application-manageresources-display-component---newResourceUnit--control-anchor"}]}
RESULT: undefined
COMMAND: POST /session/999fc64afd1230ec64a2dd58c909e126/element - {"using":"xpath","value":"//*[@id=\"application-manageresources-display-component---newResourceUnit--newRRUPage-anchBar-application-manageresources-display-component---newResourceUnit--control-anchor\"]"}
RESULT: {"using":"xpath","value":"//*[@id=\"application-manageresources-display-component---newResourceUnit--newRRUPage-anchBar-application-manageresources-display-component---newResourceUnit--control-anchor\"]"}
COMMAND: POST /session/999fc64afd1230ec64a2dd58c909e126/element/f.8D00E63E7445179AA59B17F8E6C27F98.d.193B4C1633642817A4F0DEEDF79F1790.e.13727/click - {}
RESULT: {}
COMMAND: POST /session/999fc64afd1230ec64a2dd58c909e126/execute/async - {"script":"<script> [1562 bytes]","args":[{"selector":{"id":"application-manageresources-display-component---newResourceUnit--PLANNING_GROUP","interaction":{"idSuffix":"inner"}},"wdio_ui5_key":"applicationmanageresources-display-component---newResourceUnit--PLANNING_GROUP"}]}
COMMAND: GET /session/999fc64afd1230ec64a2dd58c909e126/screenshot - {}
RESULT: {"script":"<script> [1562 bytes]","args":[{"selector":{"id":"application-manageresources-display-component---newResourceUnit--PLANNING_GROUP","interaction":{"idSuffix":"inner"}},"wdio_ui5_key":"applicationmanageresources-display-component---newResourceUnit--PLANNING_GROUP"}]}
RESULT: undefined
COMMAND: POST /session/999fc64afd1230ec64a2dd58c909e126/execute/async - {"script":"<script> [776 bytes]","args":[{"enterText":"Heavy Equi","selector":{"id":"application-manageresources-display-component---newResourceUnit--PLANNING_GROUP","interaction":{"idSuffix":"inner"}},"clearTextFirst":true,"interactionType":"ENTER_TEXT"}]}
RESULT: {}
RESULT: {"script":"<script> [776 bytes]","args":[{"enterText":"Heavy Equi","selector":{"id":"application-manageresources-display-component---newResourceUnit--PLANNING_GROUP","interaction":{"idSuffix":"inner"}},"clearTextFirst":true,"interactionType":"ENTER_TEXT"}]}
COMMAND: POST /session/999fc64afd1230ec64a2dd58c909e126/execute/async - {"script":"<script> [1562 bytes]","args":[{"selector":{"id":"application-manageresources-display-component---newResourceUnit--ITEM_TYPE-arrow"},"wdio_ui5_key":"applicationmanageresources-display-component---newResourceUnit--ITEM_TYPE-arrow"}]}
RESULT: {"script":"<script> [1562 bytes]","args":[{"selector":{"id":"application-manageresources-display-component---newResourceUnit--ITEM_TYPE-arrow"},"wdio_ui5_key":"applicationmanageresources-display-component---newResourceUnit--ITEM_TYPE-arrow"}]}
RESULT: undefined
COMMAND: POST /session/999fc64afd1230ec64a2dd58c909e126/element - {"using":"xpath","value":"//*[@id=\"application-manageresources-display-component---newResourceUnit--ITEM_TYPE-arrow\"]"}
RESULT: {"using":"xpath","value":"//*[@id=\"application-manageresources-display-component---newResourceUnit--ITEM_TYPE-arrow\"]"}
COMMAND: POST /session/999fc64afd1230ec64a2dd58c909e126/element/f.8D00E63E7445179AA59B17F8E6C27F98.d.193B4C1633642817A4F0DEEDF79F1790.e.13734/click - {}
RESULT: {}
COMMAND: POST /session/999fc64afd1230ec64a2dd58c909e126/element - {"using":"xpath","value":"(//span[contains(text(), \"Resource Unit\")])[2]"}
COMMAND: GET /session/999fc64afd1230ec64a2dd58c909e126/screenshot - {}
RESULT: {"using":"xpath","value":"(//span[contains(text(), \"Resource Unit\")])[2]"}
COMMAND: POST /session/999fc64afd1230ec64a2dd58c909e126/element/f.8D00E63E7445179AA59B17F8E6C27F98.d.193B4C1633642817A4F0DEEDF79F1790.e.13735/click - {}
RESULT: {}
RESULT: {}
COMMAND: GET /session/999fc64afd1230ec64a2dd58c909e126/screenshot - {}
RESULT: {}
COMMAND: POST /session/999fc64afd1230ec64a2dd58c909e126/element - {"using":"css selector","value":"#application-manageresources-display-component---newResourceUnit--btnAddTimeSegment"}
RESULT: {"using":"css selector","value":"#application-manageresources-display-component---newResourceUnit--btnAddTimeSegment"}
COMMAND: GET /session/999fc64afd1230ec64a2dd58c909e126/element/f.8D00E63E7445179AA59B17F8E6C27F98.d.193B4C1633642817A4F0DEEDF79F1790.e.13736/rect - {}
RESULT: {}
COMMAND: GET /session/999fc64afd1230ec64a2dd58c909e126/window/rect - {}
RESULT: {}
COMMAND: POST /session/999fc64afd1230ec64a2dd58c909e126/execute/sync - {"script":"<script> [92 bytes]","args":[]}
RESULT: {"script":"<script> [92 bytes]","args":[]}
COMMAND: POST /session/999fc64afd1230ec64a2dd58c909e126/actions - {"actions":[{"id":"action46","type":"wheel","parameters":{},"actions":[{"type":"scroll","x":-1888,"y":-32,"deltaX":0,"deltaY":0,"duration":0,"origin":{"element-6066-11e4-a52e-4f735466cecf":"f.8D00E63E7445179AA59B17F8E6C27F98.d.193B4C1633642817A4F0DEEDF79F1790.e.13736"}}]}]}
COMMAND: GET /session/999fc64afd1230ec64a2dd58c909e126/screenshot - {}
RESULT: {}
COMMAND: POST /session/999fc64afd1230ec64a2dd58c909e126/execute/sync - {"script":"<script> [79 bytes]","args":[{"element-6066-11e4-a52e-4f735466cecf":"f.8D00E63E7445179AA59B17F8E6C27F98.d.193B4C1633642817A4F0DEEDF79F1790.e.13736","ELEMENT":"f.8D00E63E7445179AA59B17F8E6C27F98.d.193B4C1633642817A4F0DEEDF79F1790.e.13736"},{"block":"start","inline":"nearest"}]}
RESULT: {"script":"<script> [79 bytes]","args":[{"element-6066-11e4-a52e-4f735466cecf":"f.8D00E63E7445179AA59B17F8E6C27F98.d.193B4C1633642817A4F0DEEDF79F1790.e.13736","ELEMENT":"f.8D00E63E7445179AA59B17F8E6C27F98.d.193B4C1633642817A4F0DEEDF79F1790.e.13736"},{"block":"start","inline":"nearest"}]}
COMMAND: POST /session/999fc64afd1230ec64a2dd58c909e126/execute/async - {"script":"<script> [1562 bytes]","args":[{"selector":{"id":"application-manageresources-display-component---newResourceUnit--btnAddTimeSegment","interaction":{"idSuffix":"inner"}},"wdio_ui5_key":"applicationmanageresources-display-component---newResourceUnit--btnAddTimeSegment"}]}
COMMAND: GET /session/999fc64afd1230ec64a2dd58c909e126/screenshot - {}
RESULT: {"script":"<script> [1562 bytes]","args":[{"selector":{"id":"application-manageresources-display-component---newResourceUnit--btnAddTimeSegment","interaction":{"idSuffix":"inner"}},"wdio_ui5_key":"applicationmanageresources-display-component---newResourceUnit--btnAddTimeSegment"}]}
RESULT: undefined
COMMAND: POST /session/999fc64afd1230ec64a2dd58c909e126/element - {"using":"xpath","value":"//*[@id=\"application-manageresources-display-component---newResourceUnit--btnAddTimeSegment\"]"}
RESULT: {}
RESULT: {"using":"xpath","value":"//*[@id=\"application-manageresources-display-component---newResourceUnit--btnAddTimeSegment\"]"}
COMMAND: POST /session/999fc64afd1230ec64a2dd58c909e126/element/f.8D00E63E7445179AA59B17F8E6C27F98.d.193B4C1633642817A4F0DEEDF79F1790.e.13736/click - {}
RESULT: {}
COMMAND: GET /session/999fc64afd1230ec64a2dd58c909e126/screenshot - {}
RESULT: {}
COMMAND: POST /session/999fc64afd1230ec64a2dd58c909e126/element - {"using":"xpath","value":"//input[@id=\"application-manageresources-display-component---newResourceUnit--idRuTSAdmin-application-manageresources-display-component---newResourceUnit--RUTimeSegment-0-inner\"]"}
RESULT: {"using":"xpath","value":"//input[@id=\"application-manageresources-display-component---newResourceUnit--idRuTSAdmin-application-manageresources-display-component---newResourceUnit--RUTimeSegment-0-inner\"]"}
COMMAND: POST /session/999fc64afd1230ec64a2dd58c909e126/element/f.8D00E63E7445179AA59B17F8E6C27F98.d.193B4C1633642817A4F0DEEDF79F1790.e.13742/clear - {}
RESULT: {}
COMMAND: POST /session/999fc64afd1230ec64a2dd58c909e126/element/f.8D00E63E7445179AA59B17F8E6C27F98.d.193B4C1633642817A4F0DEEDF79F1790.e.13742/value - {"text":"619"}
COMMAND: GET /session/999fc64afd1230ec64a2dd58c909e126/screenshot - {}
RESULT: {"text":"619"}
COMMAND: GET /session/999fc64afd1230ec64a2dd58c909e126/screenshot - {}
RESULT: {}
RESULT: {}
COMMAND: POST /session/999fc64afd1230ec64a2dd58c909e126/element - {"using":"xpath","value":"//li[.//span[text()='619']]"}
RESULT: {"using":"xpath","value":"//li[.//span[text()='619']]"}
COMMAND: POST /session/999fc64afd1230ec64a2dd58c909e126/element/f.8D00E63E7445179AA59B17F8E6C27F98.d.193B4C1633642817A4F0DEEDF79F1790.e.13754/click - {}
RESULT: {}
COMMAND: GET /session/999fc64afd1230ec64a2dd58c909e126/screenshot - {}
RESULT: {}
COMMAND: POST /session/999fc64afd1230ec64a2dd58c909e126/element - {"using":"xpath","value":"(//span[contains(@id, \"-application-manageresources-display-component---newResourceUnit--RUTimeSegment-0-arrow\")])[6]"}
RESULT: {"using":"xpath","value":"(//span[contains(@id, \"-application-manageresources-display-component---newResourceUnit--RUTimeSegment-0-arrow\")])[6]"}
COMMAND: POST /session/999fc64afd1230ec64a2dd58c909e126/element/f.8D00E63E7445179AA59B17F8E6C27F98.d.193B4C1633642817A4F0DEEDF79F1790.e.13755/click - {}
RESULT: {}
COMMAND: GET /session/999fc64afd1230ec64a2dd58c909e126/screenshot - {}
RESULT: {}
COMMAND: POST /session/999fc64afd1230ec64a2dd58c909e126/element - {"using":"xpath","value":"//span[contains(text(), \"PM Order\")]"}
RESULT: {"using":"xpath","value":"//span[contains(text(), \"PM Order\")]"}
COMMAND: POST /session/999fc64afd1230ec64a2dd58c909e126/element/f.8D00E63E7445179AA59B17F8E6C27F98.d.193B4C1633642817A4F0DEEDF79F1790.e.13758/click - {}
RESULT: {}
COMMAND: GET /session/999fc64afd1230ec64a2dd58c909e126/screenshot - {}
RESULT: {}
COMMAND: POST /session/999fc64afd1230ec64a2dd58c909e126/element - {"using":"xpath","value":"(//span[contains(@id ,\"manageresources-display-component---newResourceUnit--RUTimeSegment-0-vhi\")])[1]"}
RESULT: {"using":"xpath","value":"(//span[contains(@id ,\"manageresources-display-component---newResourceUnit--RUTimeSegment-0-vhi\")])[1]"}
COMMAND: GET /session/999fc64afd1230ec64a2dd58c909e126/element/f.8D00E63E7445179AA59B17F8E6C27F98.d.193B4C1633642817A4F0DEEDF79F1790.e.13762/rect - {}
RESULT: {}
COMMAND: GET /session/999fc64afd1230ec64a2dd58c909e126/window/rect - {}
RESULT: {}
COMMAND: POST /session/999fc64afd1230ec64a2dd58c909e126/execute/sync - {"script":"<script> [92 bytes]","args":[]}
RESULT: {"script":"<script> [92 bytes]","args":[]}
COMMAND: POST /session/999fc64afd1230ec64a2dd58c909e126/actions - {"actions":[{"id":"action47","type":"wheel","parameters":{},"actions":[{"type":"scroll","x":-869,"y":-24,"deltaX":0,"deltaY":0,"duration":0,"origin":{"element-6066-11e4-a52e-4f735466cecf":"f.8D00E63E7445179AA59B17F8E6C27F98.d.193B4C1633642817A4F0DEEDF79F1790.e.13762"}}]}]}
COMMAND: GET /session/999fc64afd1230ec64a2dd58c909e126/screenshot - {}
RESULT: {"actions":[{"id":"action47","type":"wheel","parameters":{},"actions":[{"type":"scroll","x":-869,"y":-24,"deltaX":0,"deltaY":0,"duration":0,"origin":{"element-6066-11e4-a52e-4f735466cecf":"f.8D00E63E7445179AA59B17F8E6C27F98.d.193B4C1633642817A4F0DEEDF79F1790.e.13762"}}]}]}
COMMAND: DELETE /session/999fc64afd1230ec64a2dd58c909e126/actions - {}
COMMAND: GET /session/999fc64afd1230ec64a2dd58c909e126/screenshot - {}
RESULT: {}
RESULT: {}
COMMAND: GET /session/999fc64afd1230ec64a2dd58c909e126/screenshot - {}
RESULT: {}
RESULT: {}
COMMAND: POST /session/999fc64afd1230ec64a2dd58c909e126/element/f.8D00E63E7445179AA59B17F8E6C27F98.d.193B4C1633642817A4F0DEEDF79F1790.e.13762/click - {}
RESULT: {}
COMMAND: GET /session/999fc64afd1230ec64a2dd58c909e126/screenshot - {}
RESULT: {}
COMMAND: POST /session/999fc64afd1230ec64a2dd58c909e126/execute/async - {"script":"<script> [1562 bytes]","args":[{"selector":{"controlType":"sap.m.SearchField","properties":{"placeholder":"Search"},"searchOpenDialogs":true,"interaction":{"idSuffix":"I"}},"wdio_ui5_key":"sapm.SearchField{\"placeholder\":\"Search\"}"}]}
RESULT: {"script":"<script> [1562 bytes]","args":[{"selector":{"controlType":"sap.m.SearchField","properties":{"placeholder":"Search"},"searchOpenDialogs":true,"interaction":{"idSuffix":"I"}},"wdio_ui5_key":"sapm.SearchField{\"placeholder\":\"Search\"}"}]}
RESULT: undefined
COMMAND: POST /session/999fc64afd1230ec64a2dd58c909e126/execute/async - {"script":"<script> [776 bytes]","args":[{"enterText":"4000360","selector":{"controlType":"sap.m.SearchField","properties":{"placeholder":"Search"},"searchOpenDialogs":true,"interaction":{"idSuffix":"I"}},"clearTextFirst":true,"interactionType":"ENTER_TEXT"}]}
RESULT: {"script":"<script> [776 bytes]","args":[{"enterText":"4000360","selector":{"controlType":"sap.m.SearchField","properties":{"placeholder":"Search"},"searchOpenDialogs":true,"interaction":{"idSuffix":"I"}},"clearTextFirst":true,"interactionType":"ENTER_TEXT"}]}
COMMAND: POST /session/999fc64afd1230ec64a2dd58c909e126/actions - {"actions":[{"id":"action48","type":"key","parameters":{},"actions":[{"type":"keyDown","value":"î€‡"},{"type":"pause","duration":10},{"type":"keyUp","value":"î€‡"}]}]}
RESULT: {"actions":[{"id":"action48","type":"key","parameters":{},"actions":[{"type":"keyDown","value":"î€‡"},{"type":"pause","duration":10},{"type":"keyUp","value":"î€‡"}]}]}
COMMAND: GET /session/999fc64afd1230ec64a2dd58c909e126/screenshot - {}
RESULT: {}
COMMAND: POST /session/999fc64afd1230ec64a2dd58c909e126/element - {"using":"xpath","value":"//td/div/span[contains(text(), \"BGL Vehicles\")]"}
RESULT: {"using":"xpath","value":"//td/div/span[contains(text(), \"BGL Vehicles\")]"}
COMMAND: POST /session/999fc64afd1230ec64a2dd58c909e126/element/f.8D00E63E7445179AA59B17F8E6C27F98.d.193B4C1633642817A4F0DEEDF79F1790.e.13784/click - {}
RESULT: {}
COMMAND: GET /session/999fc64afd1230ec64a2dd58c909e126/screenshot - {}
RESULT: {}
COMMAND: POST /session/999fc64afd1230ec64a2dd58c909e126/element - {"using":"xpath","value":"//bdi[contains(text(), \"OK\")]"}
RESULT: {"using":"xpath","value":"//bdi[contains(text(), \"OK\")]"}
COMMAND: POST /session/999fc64afd1230ec64a2dd58c909e126/element/f.8D00E63E7445179AA59B17F8E6C27F98.d.193B4C1633642817A4F0DEEDF79F1790.e.13785/click - {}
RESULT: {}
COMMAND: GET /session/999fc64afd1230ec64a2dd58c909e126/screenshot - {}
RESULT: {}
COMMAND: POST /session/999fc64afd1230ec64a2dd58c909e126/execute/async - {"script":"<script> [1562 bytes]","args":[{"selector":{"id":"application-manageresources-display-component---newResourceUnit--newRRUPage-anchBar-application-manageresources-display-component---newResourceUnit--resource-anchor","interaction":{"idSuffix":"BDI-content"}},"wdio_ui5_key":"applicationmanageresources-display-component---newResourceUnit--newRRUPage-anchBar-application-manageresources-display-component---newResourceUnit--resource-anchor"}]}
RESULT: {"script":"<script> [1562 bytes]","args":[{"selector":{"id":"application-manageresources-display-component---newResourceUnit--newRRUPage-anchBar-application-manageresources-display-component---newResourceUnit--resource-anchor","interaction":{"idSuffix":"BDI-content"}},"wdio_ui5_key":"applicationmanageresources-display-component---newResourceUnit--newRRUPage-anchBar-application-manageresources-display-component---newResourceUnit--resource-anchor"}]}
RESULT: undefined
COMMAND: POST /session/999fc64afd1230ec64a2dd58c909e126/element - {"using":"xpath","value":"//*[@id=\"application-manageresources-display-component---newResourceUnit--newRRUPage-anchBar-application-manageresources-display-component---newResourceUnit--resource-anchor\"]"}
RESULT: {"using":"xpath","value":"//*[@id=\"application-manageresources-display-component---newResourceUnit--newRRUPage-anchBar-application-manageresources-display-component---newResourceUnit--resource-anchor\"]"}
COMMAND: POST /session/999fc64afd1230ec64a2dd58c909e126/element/f.8D00E63E7445179AA59B17F8E6C27F98.d.193B4C1633642817A4F0DEEDF79F1790.e.13789/click - {}
RESULT: {}
COMMAND: POST /session/999fc64afd1230ec64a2dd58c909e126/execute/async - {"script":"<script> [1562 bytes]","args":[{"selector":{"id":"application-manageresources-display-component---newResourceUnit--PLANNED_DELIVERY_DATE","interaction":{"idSuffix":"inner"}},"wdio_ui5_key":"applicationmanageresources-display-component---newResourceUnit--PLANNED_DELIVERY_DATE"}]}
COMMAND: GET /session/999fc64afd1230ec64a2dd58c909e126/screenshot - {}
RESULT: {"script":"<script> [1562 bytes]","args":[{"selector":{"id":"application-manageresources-display-component---newResourceUnit--PLANNED_DELIVERY_DATE","interaction":{"idSuffix":"inner"}},"wdio_ui5_key":"applicationmanageresources-display-component---newResourceUnit--PLANNED_DELIVERY_DATE"}]}
RESULT: undefined
COMMAND: POST /session/999fc64afd1230ec64a2dd58c909e126/execute/async - {"script":"<script> [6424 bytes]","args":[{"element-6066-11e4-a52e-4f735466cecf":"f.8D00E63E7445179AA59B17F8E6C27F98.d.193B4C1633642817A4F0DEEDF79F1790.e.13650"},"setValue",["5/6/25"]]}
RESULT: {}
RESULT: {"script":"<script> [6424 bytes]","args":[{"element-6066-11e4-a52e-4f735466cecf":"f.8D00E63E7445179AA59B17F8E6C27F98.d.193B4C1633642817A4F0DEEDF79F1790.e.13650"},"setValue",["5/6/25"]]}
COMMAND: POST /session/999fc64afd1230ec64a2dd58c909e126/element - {"using":"xpath","value":"//button[@data-kt=\"resourceUnitSaveButton\"]"}
RESULT: {"using":"xpath","value":"//button[@data-kt=\"resourceUnitSaveButton\"]"}
COMMAND: POST /session/999fc64afd1230ec64a2dd58c909e126/element/f.8D00E63E7445179AA59B17F8E6C27F98.d.193B4C1633642817A4F0DEEDF79F1790.e.13610/click - {}
RESULT: {}
COMMAND: GET /session/999fc64afd1230ec64a2dd58c909e126/screenshot - {}
RESULT: {}
COMMAND: POST /session/999fc64afd1230ec64a2dd58c909e126/element - {"using":"xpath","value":"//bdi[contains(text(), \"Close\")]"}
RESULT: {"using":"xpath","value":"//bdi[contains(text(), \"Close\")]"}
COMMAND: POST /session/999fc64afd1230ec64a2dd58c909e126/element/f.8D00E63E7445179AA59B17F8E6C27F98.d.193B4C1633642817A4F0DEEDF79F1790.e.13799/click - {}
RESULT: {}
COMMAND: GET /session/999fc64afd1230ec64a2dd58c909e126/screenshot - {}
RESULT: {}
COMMAND: POST /session/999fc64afd1230ec64a2dd58c909e126/element - {"using":"xpath","value":"(//button[contains(@id ,\"actionsToolbar-overflowButton\")])[1]"}
RESULT: {"using":"xpath","value":"(//button[contains(@id ,\"actionsToolbar-overflowButton\")])[1]"}
COMMAND: POST /session/999fc64afd1230ec64a2dd58c909e126/element/f.8D00E63E7445179AA59B17F8E6C27F98.d.193B4C1633642817A4F0DEEDF79F1790.e.13852/click - {}
RESULT: {}
COMMAND: GET /session/999fc64afd1230ec64a2dd58c909e126/screenshot - {}
RESULT: {}
COMMAND: POST /session/999fc64afd1230ec64a2dd58c909e126/element - {"using":"xpath","value":"//button[@data-kt=\"priceInfoButton\"]"}
RESULT: {"using":"xpath","value":"//button[@data-kt=\"priceInfoButton\"]"}
COMMAND: POST /session/999fc64afd1230ec64a2dd58c909e126/element/f.8D00E63E7445179AA59B17F8E6C27F98.d.193B4C1633642817A4F0DEEDF79F1790.e.13854/click - {}
RESULT: {}
COMMAND: GET /session/999fc64afd1230ec64a2dd58c909e126/screenshot - {}
RESULT: {}
]]></system-out>
    </testcase>
    <testcase classname="chrome.135_0_7049_96.windows.Billing_transfer_US117289" name="Should create new pricing rule" time="46.676">
      <system-out><![CDATA[
COMMAND: POST /session/999fc64afd1230ec64a2dd58c909e126/element - {"using":"xpath","value":"//button[@data-kt=\"addButton\"]"}
RESULT: {"using":"xpath","value":"//button[@data-kt=\"addButton\"]"}
COMMAND: POST /session/999fc64afd1230ec64a2dd58c909e126/elements - {"using":"xpath","value":"//button[@data-kt=\"addButton\"]"}
RESULT: {"using":"xpath","value":"//button[@data-kt=\"addButton\"]"}
COMMAND: POST /session/999fc64afd1230ec64a2dd58c909e126/elements - {"using":"xpath","value":"//button[@data-kt=\"addButton\"]"}
RESULT: {"using":"xpath","value":"//button[@data-kt=\"addButton\"]"}
COMMAND: POST /session/999fc64afd1230ec64a2dd58c909e126/element - {"using":"xpath","value":"//button[@data-kt=\"addButton\"]"}
RESULT: {"using":"xpath","value":"//button[@data-kt=\"addButton\"]"}
COMMAND: POST /session/999fc64afd1230ec64a2dd58c909e126/execute/sync - {"script":"<script> [8489 bytes]","args":[{"element-6066-11e4-a52e-4f735466cecf":"f.8D00E63E7445179AA59B17F8E6C27F98.d.193B4C1633642817A4F0DEEDF79F1790.e.13890","ELEMENT":"f.8D00E63E7445179AA59B17F8E6C27F98.d.193B4C1633642817A4F0DEEDF79F1790.e.13890"}]}
RESULT: {"script":"<script> [8489 bytes]","args":[{"element-6066-11e4-a52e-4f735466cecf":"f.8D00E63E7445179AA59B17F8E6C27F98.d.193B4C1633642817A4F0DEEDF79F1790.e.13890","ELEMENT":"f.8D00E63E7445179AA59B17F8E6C27F98.d.193B4C1633642817A4F0DEEDF79F1790.e.13890"}]}
COMMAND: GET /session/999fc64afd1230ec64a2dd58c909e126/element/f.8D00E63E7445179AA59B17F8E6C27F98.d.193B4C1633642817A4F0DEEDF79F1790.e.13890/enabled - {}
COMMAND: GET /session/999fc64afd1230ec64a2dd58c909e126/screenshot - {}
RESULT: {}
COMMAND: POST /session/999fc64afd1230ec64a2dd58c909e126/execute/sync - {"script":"<script> [8489 bytes]","args":[{"element-6066-11e4-a52e-4f735466cecf":"f.8D00E63E7445179AA59B17F8E6C27F98.d.193B4C1633642817A4F0DEEDF79F1790.e.13890","ELEMENT":"f.8D00E63E7445179AA59B17F8E6C27F98.d.193B4C1633642817A4F0DEEDF79F1790.e.13890"}]}
COMMAND: GET /session/999fc64afd1230ec64a2dd58c909e126/screenshot - {}
RESULT: {}
RESULT: {"script":"<script> [8489 bytes]","args":[{"element-6066-11e4-a52e-4f735466cecf":"f.8D00E63E7445179AA59B17F8E6C27F98.d.193B4C1633642817A4F0DEEDF79F1790.e.13890","ELEMENT":"f.8D00E63E7445179AA59B17F8E6C27F98.d.193B4C1633642817A4F0DEEDF79F1790.e.13890"}]}
COMMAND: POST /session/999fc64afd1230ec64a2dd58c909e126/execute/sync - {"script":"<script> [5351 bytes]","args":[{"element-6066-11e4-a52e-4f735466cecf":"f.8D00E63E7445179AA59B17F8E6C27F98.d.193B4C1633642817A4F0DEEDF79F1790.e.13890","ELEMENT":"f.8D00E63E7445179AA59B17F8E6C27F98.d.193B4C1633642817A4F0DEEDF79F1790.e.13890"}]}
COMMAND: GET /session/999fc64afd1230ec64a2dd58c909e126/screenshot - {}
RESULT: {}
RESULT: {"script":"<script> [5351 bytes]","args":[{"element-6066-11e4-a52e-4f735466cecf":"f.8D00E63E7445179AA59B17F8E6C27F98.d.193B4C1633642817A4F0DEEDF79F1790.e.13890","ELEMENT":"f.8D00E63E7445179AA59B17F8E6C27F98.d.193B4C1633642817A4F0DEEDF79F1790.e.13890"}]}
COMMAND: POST /session/999fc64afd1230ec64a2dd58c909e126/element/f.8D00E63E7445179AA59B17F8E6C27F98.d.193B4C1633642817A4F0DEEDF79F1790.e.13890/click - {}
COMMAND: GET /session/999fc64afd1230ec64a2dd58c909e126/screenshot - {}
RESULT: {}
RESULT: {}
COMMAND: GET /session/999fc64afd1230ec64a2dd58c909e126/screenshot - {}
RESULT: {}
RESULT: {}
COMMAND: POST /session/999fc64afd1230ec64a2dd58c909e126/execute/async - {"script":"<script> [1562 bytes]","args":[{"selector":{"controlType":"sap.m.Title","viewName":"etm.portal.ui.managepricingrules.view.NewItem","viewId":"application-managepricingrules-display-component---newInfoPriceItem","properties":{"text":"New Pricing Rules - Item Level"}},"wdio_ui5_key":"etmportal.ui.managepricingrules.view.NewItemsap.m.Title{\"text\":\"New Pricing Rules - Item Level\"}"}]}
RESULT: {"script":"<script> [1562 bytes]","args":[{"selector":{"controlType":"sap.m.Title","viewName":"etm.portal.ui.managepricingrules.view.NewItem","viewId":"application-managepricingrules-display-component---newInfoPriceItem","properties":{"text":"New Pricing Rules - Item Level"}},"wdio_ui5_key":"etmportal.ui.managepricingrules.view.NewItemsap.m.Title{\"text\":\"New Pricing Rules - Item Level\"}"}]}
RESULT: undefined
COMMAND: POST /session/999fc64afd1230ec64a2dd58c909e126/execute/async - {"script":"<script> [6424 bytes]","args":[{"element-6066-11e4-a52e-4f735466cecf":"f.8D00E63E7445179AA59B17F8E6C27F98.d.193B4C1633642817A4F0DEEDF79F1790.e.14060"},"getText",[]]}
RESULT: {"script":"<script> [6424 bytes]","args":[{"element-6066-11e4-a52e-4f735466cecf":"f.8D00E63E7445179AA59B17F8E6C27F98.d.193B4C1633642817A4F0DEEDF79F1790.e.14060"},"getText",[]]}
COMMAND: POST /session/999fc64afd1230ec64a2dd58c909e126/execute/async - {"script":"<script> [1562 bytes]","args":[{"selector":{"id":"application-managepricingrules-display-component---newInfoPriceItem--condValidTo","interaction":{"idSuffix":"inner"}},"wdio_ui5_key":"applicationmanagepricingrules-display-component---newInfoPriceItem--condValidTo"}]}
RESULT: {"script":"<script> [1562 bytes]","args":[{"selector":{"id":"application-managepricingrules-display-component---newInfoPriceItem--condValidTo","interaction":{"idSuffix":"inner"}},"wdio_ui5_key":"applicationmanagepricingrules-display-component---newInfoPriceItem--condValidTo"}]}
RESULT: undefined
COMMAND: POST /session/999fc64afd1230ec64a2dd58c909e126/execute/async - {"script":"<script> [776 bytes]","args":[{"enterText":"01/06/26","selector":{"id":"application-managepricingrules-display-component---newInfoPriceItem--condValidTo","interaction":{"idSuffix":"inner"}},"clearTextFirst":true,"interactionType":"ENTER_TEXT"}]}
RESULT: {"script":"<script> [776 bytes]","args":[{"enterText":"01/06/26","selector":{"id":"application-managepricingrules-display-component---newInfoPriceItem--condValidTo","interaction":{"idSuffix":"inner"}},"clearTextFirst":true,"interactionType":"ENTER_TEXT"}]}
COMMAND: POST /session/999fc64afd1230ec64a2dd58c909e126/execute/async - {"script":"<script> [1562 bytes]","args":[{"selector":{"id":"application-managepricingrules-display-component---newInfoPriceItem--billType-arrow"},"wdio_ui5_key":"applicationmanagepricingrules-display-component---newInfoPriceItem--billType-arrow"}]}
RESULT: {"script":"<script> [1562 bytes]","args":[{"selector":{"id":"application-managepricingrules-display-component---newInfoPriceItem--billType-arrow"},"wdio_ui5_key":"applicationmanagepricingrules-display-component---newInfoPriceItem--billType-arrow"}]}
RESULT: undefined
COMMAND: POST /session/999fc64afd1230ec64a2dd58c909e126/element - {"using":"xpath","value":"//*[@id=\"application-managepricingrules-display-component---newInfoPriceItem--billType-arrow\"]"}
RESULT: {"using":"xpath","value":"//*[@id=\"application-managepricingrules-display-component---newInfoPriceItem--billType-arrow\"]"}
COMMAND: POST /session/999fc64afd1230ec64a2dd58c909e126/element/f.8D00E63E7445179AA59B17F8E6C27F98.d.193B4C1633642817A4F0DEEDF79F1790.e.14018/click - {}
RESULT: {}
COMMAND: POST /session/999fc64afd1230ec64a2dd58c909e126/element - {"using":"xpath","value":"//span[contains(text(), \"TB - Time based\")]"}
COMMAND: GET /session/999fc64afd1230ec64a2dd58c909e126/screenshot - {}
RESULT: {"using":"xpath","value":"//span[contains(text(), \"TB - Time based\")]"}
COMMAND: POST /session/999fc64afd1230ec64a2dd58c909e126/element/f.8D00E63E7445179AA59B17F8E6C27F98.d.193B4C1633642817A4F0DEEDF79F1790.e.14062/click - {}
RESULT: {}
RESULT: {}
COMMAND: POST /session/999fc64afd1230ec64a2dd58c909e126/execute/async - {"script":"<script> [1562 bytes]","args":[{"selector":{"id":"application-managepricingrules-display-component---newInfoPriceItem--priceProc-arrow"},"wdio_ui5_key":"applicationmanagepricingrules-display-component---newInfoPriceItem--priceProc-arrow"}]}
COMMAND: GET /session/999fc64afd1230ec64a2dd58c909e126/screenshot - {}
RESULT: {"script":"<script> [1562 bytes]","args":[{"selector":{"id":"application-managepricingrules-display-component---newInfoPriceItem--priceProc-arrow"},"wdio_ui5_key":"applicationmanagepricingrules-display-component---newInfoPriceItem--priceProc-arrow"}]}
RESULT: undefined
COMMAND: POST /session/999fc64afd1230ec64a2dd58c909e126/element - {"using":"xpath","value":"//*[@id=\"application-managepricingrules-display-component---newInfoPriceItem--priceProc-arrow\"]"}
RESULT: {}
RESULT: {"using":"xpath","value":"//*[@id=\"application-managepricingrules-display-component---newInfoPriceItem--priceProc-arrow\"]"}
COMMAND: POST /session/999fc64afd1230ec64a2dd58c909e126/element/f.8D00E63E7445179AA59B17F8E6C27F98.d.193B4C1633642817A4F0DEEDF79F1790.e.14025/click - {}
RESULT: {}
COMMAND: POST /session/999fc64afd1230ec64a2dd58c909e126/element - {"using":"xpath","value":"//span[contains(text(), \"TBS - Time based standard\")]"}
COMMAND: GET /session/999fc64afd1230ec64a2dd58c909e126/screenshot - {}
RESULT: {"using":"xpath","value":"//span[contains(text(), \"TBS - Time based standard\")]"}
COMMAND: POST /session/999fc64afd1230ec64a2dd58c909e126/element/f.8D00E63E7445179AA59B17F8E6C27F98.d.193B4C1633642817A4F0DEEDF79F1790.e.14063/click - {}
RESULT: {}
RESULT: {}
COMMAND: POST /session/999fc64afd1230ec64a2dd58c909e126/execute/async - {"script":"<script> [1562 bytes]","args":[{"selector":{"id":"application-managepricingrules-display-component---newInfoPriceItem--calcBase-arrow"},"wdio_ui5_key":"applicationmanagepricingrules-display-component---newInfoPriceItem--calcBase-arrow"}]}
COMMAND: GET /session/999fc64afd1230ec64a2dd58c909e126/screenshot - {}
RESULT: {}
RESULT: {"script":"<script> [1562 bytes]","args":[{"selector":{"id":"application-managepricingrules-display-component---newInfoPriceItem--calcBase-arrow"},"wdio_ui5_key":"applicationmanagepricingrules-display-component---newInfoPriceItem--calcBase-arrow"}]}
RESULT: undefined
COMMAND: POST /session/999fc64afd1230ec64a2dd58c909e126/element - {"using":"xpath","value":"//*[@id=\"application-managepricingrules-display-component---newInfoPriceItem--calcBase-arrow\"]"}
RESULT: {"using":"xpath","value":"//*[@id=\"application-managepricingrules-display-component---newInfoPriceItem--calcBase-arrow\"]"}
COMMAND: POST /session/999fc64afd1230ec64a2dd58c909e126/element/f.8D00E63E7445179AA59B17F8E6C27F98.d.193B4C1633642817A4F0DEEDF79F1790.e.14032/click - {}
RESULT: {}
COMMAND: GET /session/999fc64afd1230ec64a2dd58c909e126/screenshot - {}
RESULT: {}
COMMAND: POST /session/999fc64afd1230ec64a2dd58c909e126/element - {"using":"xpath","value":"//span[contains(text(), \"0006 - TB(calendar days)\")]"}
RESULT: {"using":"xpath","value":"//span[contains(text(), \"0006 - TB(calendar days)\")]"}
COMMAND: POST /session/999fc64afd1230ec64a2dd58c909e126/element/f.8D00E63E7445179AA59B17F8E6C27F98.d.193B4C1633642817A4F0DEEDF79F1790.e.14064/click - {}
RESULT: {}
COMMAND: GET /session/999fc64afd1230ec64a2dd58c909e126/screenshot - {}
RESULT: {}
COMMAND: POST /session/999fc64afd1230ec64a2dd58c909e126/execute/async - {"script":"<script> [1562 bytes]","args":[{"selector":{"id":"application-managepricingrules-display-component---newInfoPriceItem--daysMonth","interaction":{"idSuffix":"inner"}},"wdio_ui5_key":"applicationmanagepricingrules-display-component---newInfoPriceItem--daysMonth"}]}
RESULT: {"script":"<script> [1562 bytes]","args":[{"selector":{"id":"application-managepricingrules-display-component---newInfoPriceItem--daysMonth","interaction":{"idSuffix":"inner"}},"wdio_ui5_key":"applicationmanagepricingrules-display-component---newInfoPriceItem--daysMonth"}]}
RESULT: undefined
COMMAND: POST /session/999fc64afd1230ec64a2dd58c909e126/execute/async - {"script":"<script> [776 bytes]","args":[{"enterText":"30","selector":{"id":"application-managepricingrules-display-component---newInfoPriceItem--daysMonth","interaction":{"idSuffix":"inner"}},"clearTextFirst":true,"interactionType":"ENTER_TEXT"}]}
RESULT: {"script":"<script> [776 bytes]","args":[{"enterText":"30","selector":{"id":"application-managepricingrules-display-component---newInfoPriceItem--daysMonth","interaction":{"idSuffix":"inner"}},"clearTextFirst":true,"interactionType":"ENTER_TEXT"}]}
COMMAND: POST /session/999fc64afd1230ec64a2dd58c909e126/element - {"using":"xpath","value":"//button[@data-kt=\"saveNewRuleButton\"]"}
RESULT: {"using":"xpath","value":"//button[@data-kt=\"saveNewRuleButton\"]"}
COMMAND: POST /session/999fc64afd1230ec64a2dd58c909e126/element/f.8D00E63E7445179AA59B17F8E6C27F98.d.193B4C1633642817A4F0DEEDF79F1790.e.14052/click - {}
RESULT: {}
COMMAND: GET /session/999fc64afd1230ec64a2dd58c909e126/screenshot - {}
RESULT: {}
COMMAND: POST /session/999fc64afd1230ec64a2dd58c909e126/execute/async - {"script":"<script> [1562 bytes]","args":[{"selector":{"id":"application-managepricingrules-display-component---priceInfoItem--smartFilterBar-btnBasicSearch","interaction":{"idSuffix":"I"}},"wdio_ui5_key":"applicationmanagepricingrules-display-component---priceInfoItem--smartFilterBar-btnBasicSearch"}]}
RESULT: {"script":"<script> [1562 bytes]","args":[{"selector":{"id":"application-managepricingrules-display-component---priceInfoItem--smartFilterBar-btnBasicSearch","interaction":{"idSuffix":"I"}},"wdio_ui5_key":"applicationmanagepricingrules-display-component---priceInfoItem--smartFilterBar-btnBasicSearch"}]}
RESULT: undefined
COMMAND: POST /session/999fc64afd1230ec64a2dd58c909e126/execute/async - {"script":"<script> [776 bytes]","args":[{"enterText":"NB6J9qg9fr","selector":{"id":"application-managepricingrules-display-component---priceInfoItem--smartFilterBar-btnBasicSearch","interaction":{"idSuffix":"I"}},"clearTextFirst":true,"interactionType":"ENTER_TEXT"}]}
RESULT: {"script":"<script> [776 bytes]","args":[{"enterText":"NB6J9qg9fr","selector":{"id":"application-managepricingrules-display-component---priceInfoItem--smartFilterBar-btnBasicSearch","interaction":{"idSuffix":"I"}},"clearTextFirst":true,"interactionType":"ENTER_TEXT"}]}
COMMAND: POST /session/999fc64afd1230ec64a2dd58c909e126/actions - {"actions":[{"id":"action49","type":"key","parameters":{},"actions":[{"type":"keyDown","value":"î€‡"},{"type":"pause","duration":10},{"type":"keyUp","value":"î€‡"}]}]}
RESULT: {"actions":[{"id":"action49","type":"key","parameters":{},"actions":[{"type":"keyDown","value":"î€‡"},{"type":"pause","duration":10},{"type":"keyUp","value":"î€‡"}]}]}
COMMAND: GET /session/999fc64afd1230ec64a2dd58c909e126/screenshot - {}
RESULT: {}
COMMAND: POST /session/999fc64afd1230ec64a2dd58c909e126/element - {"using":"xpath","value":"//span[@id=\"application-managepricingrules-display-component---priceInfoItem--smartTable-header-inner\"]"}
RESULT: {"using":"xpath","value":"//span[@id=\"application-managepricingrules-display-component---priceInfoItem--smartTable-header-inner\"]"}
COMMAND: POST /session/999fc64afd1230ec64a2dd58c909e126/elements - {"using":"xpath","value":"//span[@id=\"application-managepricingrules-display-component---priceInfoItem--smartTable-header-inner\"]"}
RESULT: {"using":"xpath","value":"//span[@id=\"application-managepricingrules-display-component---priceInfoItem--smartTable-header-inner\"]"}
COMMAND: POST /session/999fc64afd1230ec64a2dd58c909e126/execute/sync - {"script":"<script> [56 bytes]","args":[{"element-6066-11e4-a52e-4f735466cecf":"f.8D00E63E7445179AA59B17F8E6C27F98.d.193B4C1633642817A4F0DEEDF79F1790.e.14077","ELEMENT":"f.8D00E63E7445179AA59B17F8E6C27F98.d.193B4C1633642817A4F0DEEDF79F1790.e.14077"}]}
RESULT: {"script":"<script> [56 bytes]","args":[{"element-6066-11e4-a52e-4f735466cecf":"f.8D00E63E7445179AA59B17F8E6C27F98.d.193B4C1633642817A4F0DEEDF79F1790.e.14077","ELEMENT":"f.8D00E63E7445179AA59B17F8E6C27F98.d.193B4C1633642817A4F0DEEDF79F1790.e.14077"}]}
COMMAND: POST /session/999fc64afd1230ec64a2dd58c909e126/element - {"using":"css selector","value":"#shell-header-logo"}
COMMAND: GET /session/999fc64afd1230ec64a2dd58c909e126/screenshot - {}
RESULT: {"using":"css selector","value":"#shell-header-logo"}
COMMAND: POST /session/999fc64afd1230ec64a2dd58c909e126/element/f.8D00E63E7445179AA59B17F8E6C27F98.d.193B4C1633642817A4F0DEEDF79F1790.e.13184/click - {}
RESULT: {}
RESULT: {}
COMMAND: GET /session/999fc64afd1230ec64a2dd58c909e126/screenshot - {}
RESULT: {}
]]></system-out>
    </testcase>
    <testcase classname="chrome.135_0_7049_96.windows.Billing_transfer_US117289" name="Should create new condition for equipment" time="59.595">
      <system-out><![CDATA[
COMMAND: POST /session/999fc64afd1230ec64a2dd58c909e126/execute/async - {"script":"<script> [1562 bytes]","args":[{"selector":{"controlType":"sap.m.Text","properties":{"text":"Manage Conditions & Prices"},"interaction":{"idSuffix":"inner"}},"wdio_ui5_key":"sapm.Text{\"text\":\"Manage Conditions & Prices\"}"}]}
RESULT: {"script":"<script> [1562 bytes]","args":[{"selector":{"controlType":"sap.m.Text","properties":{"text":"Manage Conditions & Prices"},"interaction":{"idSuffix":"inner"}},"wdio_ui5_key":"sapm.Text{\"text\":\"Manage Conditions & Prices\"}"}]}
RESULT: undefined
COMMAND: POST /session/999fc64afd1230ec64a2dd58c909e126/element - {"using":"xpath","value":"//*[@id=\"__tile53-title\"]"}
RESULT: {"using":"xpath","value":"//*[@id=\"__tile53-title\"]"}
COMMAND: POST /session/999fc64afd1230ec64a2dd58c909e126/element/f.8D00E63E7445179AA59B17F8E6C27F98.d.193B4C1633642817A4F0DEEDF79F1790.e.14080/click - {}
RESULT: {}
COMMAND: POST /session/999fc64afd1230ec64a2dd58c909e126/element - {"using":"xpath","value":"//button[@aria-label=\"Create\"]"}
COMMAND: GET /session/999fc64afd1230ec64a2dd58c909e126/screenshot - {}
RESULT: {"using":"xpath","value":"//button[@aria-label=\"Create\"]"}
COMMAND: POST /session/999fc64afd1230ec64a2dd58c909e126/elements - {"using":"xpath","value":"//button[@aria-label=\"Create\"]"}
RESULT: {}
RESULT: {"using":"xpath","value":"//button[@aria-label=\"Create\"]"}
COMMAND: POST /session/999fc64afd1230ec64a2dd58c909e126/elements - {"using":"xpath","value":"//button[@aria-label=\"Create\"]"}
RESULT: {"using":"xpath","value":"//button[@aria-label=\"Create\"]"}
COMMAND: POST /session/999fc64afd1230ec64a2dd58c909e126/elements - {"using":"xpath","value":"//button[@aria-label=\"Create\"]"}
RESULT: {"using":"xpath","value":"//button[@aria-label=\"Create\"]"}
COMMAND: POST /session/999fc64afd1230ec64a2dd58c909e126/elements - {"using":"xpath","value":"//button[@aria-label=\"Create\"]"}
RESULT: {"using":"xpath","value":"//button[@aria-label=\"Create\"]"}
COMMAND: POST /session/999fc64afd1230ec64a2dd58c909e126/elements - {"using":"xpath","value":"//button[@aria-label=\"Create\"]"}
RESULT: {"using":"xpath","value":"//button[@aria-label=\"Create\"]"}
COMMAND: POST /session/999fc64afd1230ec64a2dd58c909e126/elements - {"using":"xpath","value":"//button[@aria-label=\"Create\"]"}
RESULT: {"using":"xpath","value":"//button[@aria-label=\"Create\"]"}
COMMAND: POST /session/999fc64afd1230ec64a2dd58c909e126/elements - {"using":"xpath","value":"//button[@aria-label=\"Create\"]"}
RESULT: {"using":"xpath","value":"//button[@aria-label=\"Create\"]"}
COMMAND: POST /session/999fc64afd1230ec64a2dd58c909e126/elements - {"using":"xpath","value":"//button[@aria-label=\"Create\"]"}
RESULT: {"using":"xpath","value":"//button[@aria-label=\"Create\"]"}
COMMAND: POST /session/999fc64afd1230ec64a2dd58c909e126/elements - {"using":"xpath","value":"//button[@aria-label=\"Create\"]"}
RESULT: {"using":"xpath","value":"//button[@aria-label=\"Create\"]"}
COMMAND: POST /session/999fc64afd1230ec64a2dd58c909e126/elements - {"using":"xpath","value":"//button[@aria-label=\"Create\"]"}
RESULT: {"using":"xpath","value":"//button[@aria-label=\"Create\"]"}
COMMAND: POST /session/999fc64afd1230ec64a2dd58c909e126/elements - {"using":"xpath","value":"//button[@aria-label=\"Create\"]"}
RESULT: {"using":"xpath","value":"//button[@aria-label=\"Create\"]"}
COMMAND: POST /session/999fc64afd1230ec64a2dd58c909e126/elements - {"using":"xpath","value":"//button[@aria-label=\"Create\"]"}
RESULT: {"using":"xpath","value":"//button[@aria-label=\"Create\"]"}
COMMAND: POST /session/999fc64afd1230ec64a2dd58c909e126/element - {"using":"xpath","value":"//button[@aria-label=\"Create\"]"}
RESULT: {"using":"xpath","value":"//button[@aria-label=\"Create\"]"}
COMMAND: POST /session/999fc64afd1230ec64a2dd58c909e126/execute/sync - {"script":"<script> [8489 bytes]","args":[{"element-6066-11e4-a52e-4f735466cecf":"f.8D00E63E7445179AA59B17F8E6C27F98.d.193B4C1633642817A4F0DEEDF79F1790.e.14114","ELEMENT":"f.8D00E63E7445179AA59B17F8E6C27F98.d.193B4C1633642817A4F0DEEDF79F1790.e.14114"}]}
RESULT: {"script":"<script> [8489 bytes]","args":[{"element-6066-11e4-a52e-4f735466cecf":"f.8D00E63E7445179AA59B17F8E6C27F98.d.193B4C1633642817A4F0DEEDF79F1790.e.14114","ELEMENT":"f.8D00E63E7445179AA59B17F8E6C27F98.d.193B4C1633642817A4F0DEEDF79F1790.e.14114"}]}
COMMAND: GET /session/999fc64afd1230ec64a2dd58c909e126/element/f.8D00E63E7445179AA59B17F8E6C27F98.d.193B4C1633642817A4F0DEEDF79F1790.e.14114/enabled - {}
COMMAND: GET /session/999fc64afd1230ec64a2dd58c909e126/screenshot - {}
RESULT: {}
COMMAND: POST /session/999fc64afd1230ec64a2dd58c909e126/execute/sync - {"script":"<script> [8489 bytes]","args":[{"element-6066-11e4-a52e-4f735466cecf":"f.8D00E63E7445179AA59B17F8E6C27F98.d.193B4C1633642817A4F0DEEDF79F1790.e.14114","ELEMENT":"f.8D00E63E7445179AA59B17F8E6C27F98.d.193B4C1633642817A4F0DEEDF79F1790.e.14114"}]}
COMMAND: GET /session/999fc64afd1230ec64a2dd58c909e126/screenshot - {}
RESULT: {}
RESULT: {"script":"<script> [8489 bytes]","args":[{"element-6066-11e4-a52e-4f735466cecf":"f.8D00E63E7445179AA59B17F8E6C27F98.d.193B4C1633642817A4F0DEEDF79F1790.e.14114","ELEMENT":"f.8D00E63E7445179AA59B17F8E6C27F98.d.193B4C1633642817A4F0DEEDF79F1790.e.14114"}]}
COMMAND: POST /session/999fc64afd1230ec64a2dd58c909e126/execute/sync - {"script":"<script> [5351 bytes]","args":[{"element-6066-11e4-a52e-4f735466cecf":"f.8D00E63E7445179AA59B17F8E6C27F98.d.193B4C1633642817A4F0DEEDF79F1790.e.14114","ELEMENT":"f.8D00E63E7445179AA59B17F8E6C27F98.d.193B4C1633642817A4F0DEEDF79F1790.e.14114"}]}
COMMAND: GET /session/999fc64afd1230ec64a2dd58c909e126/screenshot - {}
RESULT: {}
RESULT: {"script":"<script> [5351 bytes]","args":[{"element-6066-11e4-a52e-4f735466cecf":"f.8D00E63E7445179AA59B17F8E6C27F98.d.193B4C1633642817A4F0DEEDF79F1790.e.14114","ELEMENT":"f.8D00E63E7445179AA59B17F8E6C27F98.d.193B4C1633642817A4F0DEEDF79F1790.e.14114"}]}
COMMAND: POST /session/999fc64afd1230ec64a2dd58c909e126/element/f.8D00E63E7445179AA59B17F8E6C27F98.d.193B4C1633642817A4F0DEEDF79F1790.e.14114/click - {}
COMMAND: GET /session/999fc64afd1230ec64a2dd58c909e126/screenshot - {}
RESULT: {}
RESULT: {}
COMMAND: GET /session/999fc64afd1230ec64a2dd58c909e126/screenshot - {}
RESULT: {}
RESULT: {}
COMMAND: POST /session/999fc64afd1230ec64a2dd58c909e126/actions - {"actions":[{"id":"action50","type":"key","parameters":{},"actions":[{"type":"keyDown","value":"î€‡"},{"type":"pause","duration":10},{"type":"keyUp","value":"î€‡"}]}]}
RESULT: {"actions":[{"id":"action50","type":"key","parameters":{},"actions":[{"type":"keyDown","value":"î€‡"},{"type":"pause","duration":10},{"type":"keyUp","value":"î€‡"}]}]}
COMMAND: GET /session/999fc64afd1230ec64a2dd58c909e126/screenshot - {}
RESULT: {}
COMMAND: POST /session/999fc64afd1230ec64a2dd58c909e126/execute/async - {"script":"<script> [1562 bytes]","args":[{"selector":{"id":"application-manageconditionprice-display-component---newCondition--condBillCond-arrow"},"wdio_ui5_key":"applicationmanageconditionprice-display-component---newCondition--condBillCond-arrow"}]}
RESULT: {"script":"<script> [1562 bytes]","args":[{"selector":{"id":"application-manageconditionprice-display-component---newCondition--condBillCond-arrow"},"wdio_ui5_key":"applicationmanageconditionprice-display-component---newCondition--condBillCond-arrow"}]}
RESULT: undefined
COMMAND: POST /session/999fc64afd1230ec64a2dd58c909e126/element - {"using":"xpath","value":"//*[@id=\"application-manageconditionprice-display-component---newCondition--condBillCond-arrow\"]"}
RESULT: {"using":"xpath","value":"//*[@id=\"application-manageconditionprice-display-component---newCondition--condBillCond-arrow\"]"}
COMMAND: POST /session/999fc64afd1230ec64a2dd58c909e126/element/f.8D00E63E7445179AA59B17F8E6C27F98.d.193B4C1633642817A4F0DEEDF79F1790.e.14287/click - {}
RESULT: {}
COMMAND: GET /session/999fc64afd1230ec64a2dd58c909e126/screenshot - {}
RESULT: {}
COMMAND: POST /session/999fc64afd1230ec64a2dd58c909e126/element - {"using":"xpath","value":"//li[.//span[contains(text(), \"DISP - D&I special price\")]]"}
RESULT: {"using":"xpath","value":"//li[.//span[contains(text(), \"DISP - D&I special price\")]]"}
COMMAND: POST /session/999fc64afd1230ec64a2dd58c909e126/element/f.8D00E63E7445179AA59B17F8E6C27F98.d.193B4C1633642817A4F0DEEDF79F1790.e.14291/click - {}
RESULT: {}
COMMAND: GET /session/999fc64afd1230ec64a2dd58c909e126/screenshot - {}
RESULT: {}
COMMAND: POST /session/999fc64afd1230ec64a2dd58c909e126/execute/async - {"script":"<script> [1562 bytes]","args":[{"selector":{"id":"application-manageconditionprice-display-component---newCondition--condValidTo","interaction":{"idSuffix":"inner"}},"wdio_ui5_key":"applicationmanageconditionprice-display-component---newCondition--condValidTo"}]}
RESULT: {"script":"<script> [1562 bytes]","args":[{"selector":{"id":"application-manageconditionprice-display-component---newCondition--condValidTo","interaction":{"idSuffix":"inner"}},"wdio_ui5_key":"applicationmanageconditionprice-display-component---newCondition--condValidTo"}]}
RESULT: undefined
COMMAND: POST /session/999fc64afd1230ec64a2dd58c909e126/execute/async - {"script":"<script> [776 bytes]","args":[{"enterText":"01/06/26","selector":{"id":"application-manageconditionprice-display-component---newCondition--condValidTo","interaction":{"idSuffix":"inner"}},"clearTextFirst":true,"interactionType":"ENTER_TEXT"}]}
RESULT: {"script":"<script> [776 bytes]","args":[{"enterText":"01/06/26","selector":{"id":"application-manageconditionprice-display-component---newCondition--condValidTo","interaction":{"idSuffix":"inner"}},"clearTextFirst":true,"interactionType":"ENTER_TEXT"}]}
COMMAND: POST /session/999fc64afd1230ec64a2dd58c909e126/element - {"using":"xpath","value":"//input[@id=\"application-manageconditionprice-display-component---newCondition--condRU-inner\"]"}
RESULT: {"using":"xpath","value":"//input[@id=\"application-manageconditionprice-display-component---newCondition--condRU-inner\"]"}
COMMAND: POST /session/999fc64afd1230ec64a2dd58c909e126/element/f.8D00E63E7445179AA59B17F8E6C27F98.d.193B4C1633642817A4F0DEEDF79F1790.e.14155/clear - {}
RESULT: {}
COMMAND: POST /session/999fc64afd1230ec64a2dd58c909e126/element/f.8D00E63E7445179AA59B17F8E6C27F98.d.193B4C1633642817A4F0DEEDF79F1790.e.14155/value - {"text":"NB6J9qg9fr"}
COMMAND: GET /session/999fc64afd1230ec64a2dd58c909e126/screenshot - {}
RESULT: {"text":"NB6J9qg9fr"}
COMMAND: GET /session/999fc64afd1230ec64a2dd58c909e126/screenshot - {}
RESULT: {}
RESULT: {}
COMMAND: POST /session/999fc64afd1230ec64a2dd58c909e126/actions - {"actions":[{"id":"action51","type":"key","parameters":{},"actions":[{"type":"keyDown","value":"î€‡"},{"type":"pause","duration":10},{"type":"keyUp","value":"î€‡"}]}]}
RESULT: {"actions":[{"id":"action51","type":"key","parameters":{},"actions":[{"type":"keyDown","value":"î€‡"},{"type":"pause","duration":10},{"type":"keyUp","value":"î€‡"}]}]}
COMMAND: POST /session/999fc64afd1230ec64a2dd58c909e126/execute/async - {"script":"<script> [1562 bytes]","args":[{"selector":{"id":"application-manageconditionprice-display-component---newCondition--condBaseQty","interaction":{"idSuffix":"inner"}},"wdio_ui5_key":"applicationmanageconditionprice-display-component---newCondition--condBaseQty"}]}
COMMAND: GET /session/999fc64afd1230ec64a2dd58c909e126/screenshot - {}
RESULT: {"script":"<script> [1562 bytes]","args":[{"selector":{"id":"application-manageconditionprice-display-component---newCondition--condBaseQty","interaction":{"idSuffix":"inner"}},"wdio_ui5_key":"applicationmanageconditionprice-display-component---newCondition--condBaseQty"}]}
RESULT: undefined
COMMAND: POST /session/999fc64afd1230ec64a2dd58c909e126/execute/async - {"script":"<script> [776 bytes]","args":[{"enterText":"1","selector":{"id":"application-manageconditionprice-display-component---newCondition--condBaseQty","interaction":{"idSuffix":"inner"}},"clearTextFirst":true,"interactionType":"ENTER_TEXT"}]}
RESULT: {}
RESULT: {"script":"<script> [776 bytes]","args":[{"enterText":"1","selector":{"id":"application-manageconditionprice-display-component---newCondition--condBaseQty","interaction":{"idSuffix":"inner"}},"clearTextFirst":true,"interactionType":"ENTER_TEXT"}]}
COMMAND: POST /session/999fc64afd1230ec64a2dd58c909e126/execute/async - {"script":"<script> [1562 bytes]","args":[{"selector":{"id":"application-manageconditionprice-display-component---newCondition--condValue","interaction":{"idSuffix":"inner"}},"wdio_ui5_key":"applicationmanageconditionprice-display-component---newCondition--condValue"}]}
RESULT: {"script":"<script> [1562 bytes]","args":[{"selector":{"id":"application-manageconditionprice-display-component---newCondition--condValue","interaction":{"idSuffix":"inner"}},"wdio_ui5_key":"applicationmanageconditionprice-display-component---newCondition--condValue"}]}
RESULT: undefined
COMMAND: POST /session/999fc64afd1230ec64a2dd58c909e126/execute/async - {"script":"<script> [776 bytes]","args":[{"enterText":"100","selector":{"id":"application-manageconditionprice-display-component---newCondition--condValue","interaction":{"idSuffix":"inner"}},"clearTextFirst":true,"interactionType":"ENTER_TEXT"}]}
RESULT: {"script":"<script> [776 bytes]","args":[{"enterText":"100","selector":{"id":"application-manageconditionprice-display-component---newCondition--condValue","interaction":{"idSuffix":"inner"}},"clearTextFirst":true,"interactionType":"ENTER_TEXT"}]}
COMMAND: POST /session/999fc64afd1230ec64a2dd58c909e126/execute/async - {"script":"<script> [1562 bytes]","args":[{"selector":{"id":"application-manageconditionprice-display-component---newCondition--condCurr-arrow"},"wdio_ui5_key":"applicationmanageconditionprice-display-component---newCondition--condCurr-arrow"}]}
RESULT: {"script":"<script> [1562 bytes]","args":[{"selector":{"id":"application-manageconditionprice-display-component---newCondition--condCurr-arrow"},"wdio_ui5_key":"applicationmanageconditionprice-display-component---newCondition--condCurr-arrow"}]}
RESULT: undefined
COMMAND: POST /session/999fc64afd1230ec64a2dd58c909e126/element - {"using":"xpath","value":"//*[@id=\"application-manageconditionprice-display-component---newCondition--condCurr-arrow\"]"}
RESULT: {"using":"xpath","value":"//*[@id=\"application-manageconditionprice-display-component---newCondition--condCurr-arrow\"]"}
COMMAND: POST /session/999fc64afd1230ec64a2dd58c909e126/element/f.8D00E63E7445179AA59B17F8E6C27F98.d.193B4C1633642817A4F0DEEDF79F1790.e.14265/click - {}
RESULT: {}
COMMAND: POST /session/999fc64afd1230ec64a2dd58c909e126/element - {"using":"xpath","value":"//span[contains(text(), \"Euro\")]"}
COMMAND: GET /session/999fc64afd1230ec64a2dd58c909e126/screenshot - {}
RESULT: {"using":"xpath","value":"//span[contains(text(), \"Euro\")]"}
COMMAND: POST /session/999fc64afd1230ec64a2dd58c909e126/element/f.8D00E63E7445179AA59B17F8E6C27F98.d.193B4C1633642817A4F0DEEDF79F1790.e.14329/click - {}
RESULT: {}
RESULT: {}
COMMAND: POST /session/999fc64afd1230ec64a2dd58c909e126/element - {"using":"xpath","value":"//button[@data-kt=\"saveButton\"]"}
COMMAND: GET /session/999fc64afd1230ec64a2dd58c909e126/screenshot - {}
RESULT: {"using":"xpath","value":"//button[@data-kt=\"saveButton\"]"}
COMMAND: POST /session/999fc64afd1230ec64a2dd58c909e126/element/f.8D00E63E7445179AA59B17F8E6C27F98.d.193B4C1633642817A4F0DEEDF79F1790.e.14266/click - {}
RESULT: {}
RESULT: {}
COMMAND: GET /session/999fc64afd1230ec64a2dd58c909e126/screenshot - {}
RESULT: {}
COMMAND: POST /session/999fc64afd1230ec64a2dd58c909e126/execute/async - {"script":"<script> [1562 bytes]","args":[{"selector":{"id":"application-manageconditionprice-display-component---conditions--smartFilterBar-btnBasicSearch","interaction":{"idSuffix":"I"}},"wdio_ui5_key":"applicationmanageconditionprice-display-component---conditions--smartFilterBar-btnBasicSearch"}]}
RESULT: {"script":"<script> [1562 bytes]","args":[{"selector":{"id":"application-manageconditionprice-display-component---conditions--smartFilterBar-btnBasicSearch","interaction":{"idSuffix":"I"}},"wdio_ui5_key":"applicationmanageconditionprice-display-component---conditions--smartFilterBar-btnBasicSearch"}]}
RESULT: undefined
COMMAND: POST /session/999fc64afd1230ec64a2dd58c909e126/execute/async - {"script":"<script> [776 bytes]","args":[{"enterText":"NB6J9qg9fr","selector":{"id":"application-manageconditionprice-display-component---conditions--smartFilterBar-btnBasicSearch","interaction":{"idSuffix":"I"}},"clearTextFirst":true,"interactionType":"ENTER_TEXT"}]}
RESULT: {"script":"<script> [776 bytes]","args":[{"enterText":"NB6J9qg9fr","selector":{"id":"application-manageconditionprice-display-component---conditions--smartFilterBar-btnBasicSearch","interaction":{"idSuffix":"I"}},"clearTextFirst":true,"interactionType":"ENTER_TEXT"}]}
COMMAND: POST /session/999fc64afd1230ec64a2dd58c909e126/actions - {"actions":[{"id":"action52","type":"key","parameters":{},"actions":[{"type":"keyDown","value":"î€‡"},{"type":"pause","duration":10},{"type":"keyUp","value":"î€‡"}]}]}
RESULT: {"actions":[{"id":"action52","type":"key","parameters":{},"actions":[{"type":"keyDown","value":"î€‡"},{"type":"pause","duration":10},{"type":"keyUp","value":"î€‡"}]}]}
COMMAND: GET /session/999fc64afd1230ec64a2dd58c909e126/screenshot - {}
RESULT: {}
COMMAND: POST /session/999fc64afd1230ec64a2dd58c909e126/execute/async - {"script":"<script> [1562 bytes]","args":[{"selector":{"id":"application-manageconditionprice-display-component---conditions--smartFilterBar-filterItemControl_BASIC-BILL_TYPES-vhi"},"wdio_ui5_key":"applicationmanageconditionprice-display-component---conditions--smartFilterBar-filterItemControl_BASIC-BILL_TYPES-vhi"}]}
RESULT: {"script":"<script> [1562 bytes]","args":[{"selector":{"id":"application-manageconditionprice-display-component---conditions--smartFilterBar-filterItemControl_BASIC-BILL_TYPES-vhi"},"wdio_ui5_key":"applicationmanageconditionprice-display-component---conditions--smartFilterBar-filterItemControl_BASIC-BILL_TYPES-vhi"}]}
RESULT: undefined
COMMAND: POST /session/999fc64afd1230ec64a2dd58c909e126/element - {"using":"xpath","value":"//*[@id=\"application-manageconditionprice-display-component---conditions--smartFilterBar-filterItemControl_BASIC-BILL_TYPES-vhi\"]"}
RESULT: {"using":"xpath","value":"//*[@id=\"application-manageconditionprice-display-component---conditions--smartFilterBar-filterItemControl_BASIC-BILL_TYPES-vhi\"]"}
COMMAND: POST /session/999fc64afd1230ec64a2dd58c909e126/element/f.8D00E63E7445179AA59B17F8E6C27F98.d.193B4C1633642817A4F0DEEDF79F1790.e.14346/click - {}
RESULT: {}
COMMAND: POST /session/999fc64afd1230ec64a2dd58c909e126/execute/async - {"script":"<script> [1562 bytes]","args":[{"selector":{"id":"application-manageconditionprice-display-component---conditions--smartFilterBar-filterItemControl_BASIC-BILL_TYPES-valueHelpDialog-smartFilterBar-btnBasicSearch","searchOpenDialogs":true,"interaction":{"idSuffix":"I"}},"wdio_ui5_key":"applicationmanageconditionprice-display-component---conditions--smartFilterBar-filterItemControl_BASIC-BILL_TYPES-valueHelpDialog-smartFilterBar-btnBasicSearch"}]}
COMMAND: GET /session/999fc64afd1230ec64a2dd58c909e126/screenshot - {}
RESULT: {"script":"<script> [1562 bytes]","args":[{"selector":{"id":"application-manageconditionprice-display-component---conditions--smartFilterBar-filterItemControl_BASIC-BILL_TYPES-valueHelpDialog-smartFilterBar-btnBasicSearch","searchOpenDialogs":true,"interaction":{"idSuffix":"I"}},"wdio_ui5_key":"applicationmanageconditionprice-display-component---conditions--smartFilterBar-filterItemControl_BASIC-BILL_TYPES-valueHelpDialog-smartFilterBar-btnBasicSearch"}]}
RESULT: undefined
COMMAND: POST /session/999fc64afd1230ec64a2dd58c909e126/execute/async - {"script":"<script> [776 bytes]","args":[{"enterText":"TB","selector":{"id":"application-manageconditionprice-display-component---conditions--smartFilterBar-filterItemControl_BASIC-BILL_TYPES-valueHelpDialog-smartFilterBar-btnBasicSearch","searchOpenDialogs":true,"interaction":{"idSuffix":"I"}},"clearTextFirst":true,"interactionType":"ENTER_TEXT"}]}
RESULT: {}
RESULT: {"script":"<script> [776 bytes]","args":[{"enterText":"TB","selector":{"id":"application-manageconditionprice-display-component---conditions--smartFilterBar-filterItemControl_BASIC-BILL_TYPES-valueHelpDialog-smartFilterBar-btnBasicSearch","searchOpenDialogs":true,"interaction":{"idSuffix":"I"}},"clearTextFirst":true,"interactionType":"ENTER_TEXT"}]}
COMMAND: POST /session/999fc64afd1230ec64a2dd58c909e126/actions - {"actions":[{"id":"action53","type":"key","parameters":{},"actions":[{"type":"keyDown","value":"î€‡"},{"type":"pause","duration":10},{"type":"keyUp","value":"î€‡"}]}]}
RESULT: {"actions":[{"id":"action53","type":"key","parameters":{},"actions":[{"type":"keyDown","value":"î€‡"},{"type":"pause","duration":10},{"type":"keyUp","value":"î€‡"}]}]}
COMMAND: GET /session/999fc64afd1230ec64a2dd58c909e126/screenshot - {}
RESULT: {}
COMMAND: POST /session/999fc64afd1230ec64a2dd58c909e126/element - {"using":"xpath","value":"//div[contains(@id, 'application-manageconditionprice-display-component---conditions--smartFilterBar-filterItemControl_BASIC-BILL_TYPES-valueHelpDialog-table-rowsel0')]"}
RESULT: {"using":"xpath","value":"//div[contains(@id, 'application-manageconditionprice-display-component---conditions--smartFilterBar-filterItemControl_BASIC-BILL_TYPES-valueHelpDialog-table-rowsel0')]"}
COMMAND: POST /session/999fc64afd1230ec64a2dd58c909e126/element/f.8D00E63E7445179AA59B17F8E6C27F98.d.193B4C1633642817A4F0DEEDF79F1790.e.14355/click - {}
RESULT: {}
COMMAND: GET /session/999fc64afd1230ec64a2dd58c909e126/screenshot - {}
RESULT: {}
COMMAND: POST /session/999fc64afd1230ec64a2dd58c909e126/element - {"using":"xpath","value":"//bdi[contains(text(), \"OK\")]"}
RESULT: {"using":"xpath","value":"//bdi[contains(text(), \"OK\")]"}
COMMAND: POST /session/999fc64afd1230ec64a2dd58c909e126/element/f.8D00E63E7445179AA59B17F8E6C27F98.d.193B4C1633642817A4F0DEEDF79F1790.e.14357/click - {}
RESULT: {}
COMMAND: GET /session/999fc64afd1230ec64a2dd58c909e126/screenshot - {}
RESULT: {}
COMMAND: POST /session/999fc64afd1230ec64a2dd58c909e126/element - {"using":"xpath","value":"//span[@id=\"application-manageconditionprice-display-component---conditions--smartTable-header-inner\"]"}
RESULT: {"using":"xpath","value":"//span[@id=\"application-manageconditionprice-display-component---conditions--smartTable-header-inner\"]"}
COMMAND: POST /session/999fc64afd1230ec64a2dd58c909e126/elements - {"using":"xpath","value":"//span[@id=\"application-manageconditionprice-display-component---conditions--smartTable-header-inner\"]"}
RESULT: {"using":"xpath","value":"//span[@id=\"application-manageconditionprice-display-component---conditions--smartTable-header-inner\"]"}
COMMAND: POST /session/999fc64afd1230ec64a2dd58c909e126/execute/sync - {"script":"<script> [56 bytes]","args":[{"element-6066-11e4-a52e-4f735466cecf":"f.8D00E63E7445179AA59B17F8E6C27F98.d.193B4C1633642817A4F0DEEDF79F1790.e.14360","ELEMENT":"f.8D00E63E7445179AA59B17F8E6C27F98.d.193B4C1633642817A4F0DEEDF79F1790.e.14360"}]}
RESULT: {"script":"<script> [56 bytes]","args":[{"element-6066-11e4-a52e-4f735466cecf":"f.8D00E63E7445179AA59B17F8E6C27F98.d.193B4C1633642817A4F0DEEDF79F1790.e.14360","ELEMENT":"f.8D00E63E7445179AA59B17F8E6C27F98.d.193B4C1633642817A4F0DEEDF79F1790.e.14360"}]}
COMMAND: POST /session/999fc64afd1230ec64a2dd58c909e126/element - {"using":"css selector","value":"#shell-header-logo"}
COMMAND: GET /session/999fc64afd1230ec64a2dd58c909e126/screenshot - {}
RESULT: {"using":"css selector","value":"#shell-header-logo"}
COMMAND: POST /session/999fc64afd1230ec64a2dd58c909e126/element/f.8D00E63E7445179AA59B17F8E6C27F98.d.193B4C1633642817A4F0DEEDF79F1790.e.14082/click - {}
RESULT: {}
RESULT: {}
COMMAND: GET /session/999fc64afd1230ec64a2dd58c909e126/screenshot - {}
RESULT: {}
]]></system-out>
    </testcase>
    <testcase classname="chrome.135_0_7049_96.windows.Billing_transfer_US117289" name="Should do a stock increase" time="73.984">
      <system-out><![CDATA[
COMMAND: POST /session/999fc64afd1230ec64a2dd58c909e126/execute/async - {"script":"<script> [1562 bytes]","args":[{"selector":{"controlType":"sap.m.Text","viewName":"etm.portal.ui.managehandoverstile.view.Master","properties":{"text":"Manage Handovers"},"interaction":{"idSuffix":"inner"}},"wdio_ui5_key":"etmportal.ui.managehandoverstile.view.Mastersap.m.Text{\"text\":\"Manage Handovers\"}"}]}
RESULT: {"script":"<script> [1562 bytes]","args":[{"selector":{"controlType":"sap.m.Text","viewName":"etm.portal.ui.managehandoverstile.view.Master","properties":{"text":"Manage Handovers"},"interaction":{"idSuffix":"inner"}},"wdio_ui5_key":"etmportal.ui.managehandoverstile.view.Mastersap.m.Text{\"text\":\"Manage Handovers\"}"}]}
RESULT: undefined
COMMAND: POST /session/999fc64afd1230ec64a2dd58c909e126/element - {"using":"xpath","value":"//*[@id=\"__tile133-title\"]"}
RESULT: {"using":"xpath","value":"//*[@id=\"__tile133-title\"]"}
COMMAND: POST /session/999fc64afd1230ec64a2dd58c909e126/element/f.8D00E63E7445179AA59B17F8E6C27F98.d.193B4C1633642817A4F0DEEDF79F1790.e.14365/click - {}
RESULT: {}
COMMAND: POST /session/999fc64afd1230ec64a2dd58c909e126/element - {"using":"xpath","value":"//button[@data-kt=\"masterHOAddButton\"]"}
COMMAND: GET /session/999fc64afd1230ec64a2dd58c909e126/screenshot - {}
RESULT: {"using":"xpath","value":"//button[@data-kt=\"masterHOAddButton\"]"}
COMMAND: POST /session/999fc64afd1230ec64a2dd58c909e126/elements - {"using":"xpath","value":"//button[@data-kt=\"masterHOAddButton\"]"}
RESULT: {}
RESULT: {"using":"xpath","value":"//button[@data-kt=\"masterHOAddButton\"]"}
COMMAND: POST /session/999fc64afd1230ec64a2dd58c909e126/elements - {"using":"xpath","value":"//button[@data-kt=\"masterHOAddButton\"]"}
RESULT: {"using":"xpath","value":"//button[@data-kt=\"masterHOAddButton\"]"}
COMMAND: POST /session/999fc64afd1230ec64a2dd58c909e126/elements - {"using":"xpath","value":"//button[@data-kt=\"masterHOAddButton\"]"}
RESULT: {"using":"xpath","value":"//button[@data-kt=\"masterHOAddButton\"]"}
COMMAND: POST /session/999fc64afd1230ec64a2dd58c909e126/elements - {"using":"xpath","value":"//button[@data-kt=\"masterHOAddButton\"]"}
RESULT: {"using":"xpath","value":"//button[@data-kt=\"masterHOAddButton\"]"}
COMMAND: POST /session/999fc64afd1230ec64a2dd58c909e126/elements - {"using":"xpath","value":"//button[@data-kt=\"masterHOAddButton\"]"}
RESULT: {"using":"xpath","value":"//button[@data-kt=\"masterHOAddButton\"]"}
COMMAND: POST /session/999fc64afd1230ec64a2dd58c909e126/elements - {"using":"xpath","value":"//button[@data-kt=\"masterHOAddButton\"]"}
RESULT: {"using":"xpath","value":"//button[@data-kt=\"masterHOAddButton\"]"}
COMMAND: POST /session/999fc64afd1230ec64a2dd58c909e126/elements - {"using":"xpath","value":"//button[@data-kt=\"masterHOAddButton\"]"}
RESULT: {"using":"xpath","value":"//button[@data-kt=\"masterHOAddButton\"]"}
COMMAND: POST /session/999fc64afd1230ec64a2dd58c909e126/elements - {"using":"xpath","value":"//button[@data-kt=\"masterHOAddButton\"]"}
RESULT: {"using":"xpath","value":"//button[@data-kt=\"masterHOAddButton\"]"}
COMMAND: POST /session/999fc64afd1230ec64a2dd58c909e126/elements - {"using":"xpath","value":"//button[@data-kt=\"masterHOAddButton\"]"}
RESULT: {"using":"xpath","value":"//button[@data-kt=\"masterHOAddButton\"]"}
COMMAND: POST /session/999fc64afd1230ec64a2dd58c909e126/elements - {"using":"xpath","value":"//button[@data-kt=\"masterHOAddButton\"]"}
RESULT: {"using":"xpath","value":"//button[@data-kt=\"masterHOAddButton\"]"}
COMMAND: POST /session/999fc64afd1230ec64a2dd58c909e126/elements - {"using":"xpath","value":"//button[@data-kt=\"masterHOAddButton\"]"}
RESULT: {"using":"xpath","value":"//button[@data-kt=\"masterHOAddButton\"]"}
COMMAND: POST /session/999fc64afd1230ec64a2dd58c909e126/elements - {"using":"xpath","value":"//button[@data-kt=\"masterHOAddButton\"]"}
RESULT: {"using":"xpath","value":"//button[@data-kt=\"masterHOAddButton\"]"}
COMMAND: POST /session/999fc64afd1230ec64a2dd58c909e126/element - {"using":"xpath","value":"//button[@data-kt=\"masterHOAddButton\"]"}
RESULT: {"using":"xpath","value":"//button[@data-kt=\"masterHOAddButton\"]"}
COMMAND: POST /session/999fc64afd1230ec64a2dd58c909e126/execute/sync - {"script":"<script> [8489 bytes]","args":[{"element-6066-11e4-a52e-4f735466cecf":"f.8D00E63E7445179AA59B17F8E6C27F98.d.193B4C1633642817A4F0DEEDF79F1790.e.14400","ELEMENT":"f.8D00E63E7445179AA59B17F8E6C27F98.d.193B4C1633642817A4F0DEEDF79F1790.e.14400"}]}
RESULT: {"script":"<script> [8489 bytes]","args":[{"element-6066-11e4-a52e-4f735466cecf":"f.8D00E63E7445179AA59B17F8E6C27F98.d.193B4C1633642817A4F0DEEDF79F1790.e.14400","ELEMENT":"f.8D00E63E7445179AA59B17F8E6C27F98.d.193B4C1633642817A4F0DEEDF79F1790.e.14400"}]}
COMMAND: GET /session/999fc64afd1230ec64a2dd58c909e126/element/f.8D00E63E7445179AA59B17F8E6C27F98.d.193B4C1633642817A4F0DEEDF79F1790.e.14400/enabled - {}
COMMAND: GET /session/999fc64afd1230ec64a2dd58c909e126/screenshot - {}
RESULT: {}
COMMAND: POST /session/999fc64afd1230ec64a2dd58c909e126/execute/sync - {"script":"<script> [8489 bytes]","args":[{"element-6066-11e4-a52e-4f735466cecf":"f.8D00E63E7445179AA59B17F8E6C27F98.d.193B4C1633642817A4F0DEEDF79F1790.e.14400","ELEMENT":"f.8D00E63E7445179AA59B17F8E6C27F98.d.193B4C1633642817A4F0DEEDF79F1790.e.14400"}]}
COMMAND: GET /session/999fc64afd1230ec64a2dd58c909e126/screenshot - {}
RESULT: {}
RESULT: {"script":"<script> [8489 bytes]","args":[{"element-6066-11e4-a52e-4f735466cecf":"f.8D00E63E7445179AA59B17F8E6C27F98.d.193B4C1633642817A4F0DEEDF79F1790.e.14400","ELEMENT":"f.8D00E63E7445179AA59B17F8E6C27F98.d.193B4C1633642817A4F0DEEDF79F1790.e.14400"}]}
COMMAND: POST /session/999fc64afd1230ec64a2dd58c909e126/execute/sync - {"script":"<script> [5351 bytes]","args":[{"element-6066-11e4-a52e-4f735466cecf":"f.8D00E63E7445179AA59B17F8E6C27F98.d.193B4C1633642817A4F0DEEDF79F1790.e.14400","ELEMENT":"f.8D00E63E7445179AA59B17F8E6C27F98.d.193B4C1633642817A4F0DEEDF79F1790.e.14400"}]}
COMMAND: GET /session/999fc64afd1230ec64a2dd58c909e126/screenshot - {}
RESULT: {}
RESULT: {"script":"<script> [5351 bytes]","args":[{"element-6066-11e4-a52e-4f735466cecf":"f.8D00E63E7445179AA59B17F8E6C27F98.d.193B4C1633642817A4F0DEEDF79F1790.e.14400","ELEMENT":"f.8D00E63E7445179AA59B17F8E6C27F98.d.193B4C1633642817A4F0DEEDF79F1790.e.14400"}]}
COMMAND: POST /session/999fc64afd1230ec64a2dd58c909e126/element/f.8D00E63E7445179AA59B17F8E6C27F98.d.193B4C1633642817A4F0DEEDF79F1790.e.14400/click - {}
COMMAND: GET /session/999fc64afd1230ec64a2dd58c909e126/screenshot - {}
RESULT: {}
RESULT: {}
COMMAND: GET /session/999fc64afd1230ec64a2dd58c909e126/screenshot - {}
RESULT: {}
RESULT: {}
COMMAND: POST /session/999fc64afd1230ec64a2dd58c909e126/element - {"using":"xpath","value":"//span[contains(@id ,\"AddNewHO--typeSelect-arrow\")]"}
RESULT: {"using":"xpath","value":"//span[contains(@id ,\"AddNewHO--typeSelect-arrow\")]"}
COMMAND: POST /session/999fc64afd1230ec64a2dd58c909e126/element/f.8D00E63E7445179AA59B17F8E6C27F98.d.193B4C1633642817A4F0DEEDF79F1790.e.14763/click - {}
RESULT: {}
COMMAND: GET /session/999fc64afd1230ec64a2dd58c909e126/screenshot - {}
RESULT: {}
COMMAND: POST /session/999fc64afd1230ec64a2dd58c909e126/element - {"using":"xpath","value":"(//li[contains(text(), \"stock increase yard\")])[1]"}
RESULT: {"using":"xpath","value":"(//li[contains(text(), \"stock increase yard\")])[1]"}
COMMAND: POST /session/999fc64afd1230ec64a2dd58c909e126/element/f.8D00E63E7445179AA59B17F8E6C27F98.d.193B4C1633642817A4F0DEEDF79F1790.e.14764/click - {}
RESULT: {}
COMMAND: GET /session/999fc64afd1230ec64a2dd58c909e126/screenshot - {}
RESULT: {}
COMMAND: POST /session/999fc64afd1230ec64a2dd58c909e126/execute/async - {"script":"<script> [1562 bytes]","args":[{"selector":{"id":"application-managehandovers-display-component---AddNewHO--dueDate","interaction":{"idSuffix":"inner"}},"wdio_ui5_key":"applicationmanagehandovers-display-component---AddNewHO--dueDate"}]}
RESULT: {"script":"<script> [1562 bytes]","args":[{"selector":{"id":"application-managehandovers-display-component---AddNewHO--dueDate","interaction":{"idSuffix":"inner"}},"wdio_ui5_key":"applicationmanagehandovers-display-component---AddNewHO--dueDate"}]}
RESULT: undefined
COMMAND: POST /session/999fc64afd1230ec64a2dd58c909e126/execute/async - {"script":"<script> [6424 bytes]","args":[{"element-6066-11e4-a52e-4f735466cecf":"f.8D00E63E7445179AA59B17F8E6C27F98.d.193B4C1633642817A4F0DEEDF79F1790.e.14766"},"setValue",["05/06/2025"]]}
RESULT: {"script":"<script> [6424 bytes]","args":[{"element-6066-11e4-a52e-4f735466cecf":"f.8D00E63E7445179AA59B17F8E6C27F98.d.193B4C1633642817A4F0DEEDF79F1790.e.14766"},"setValue",["05/06/2025"]]}
COMMAND: POST /session/999fc64afd1230ec64a2dd58c909e126/element - {"using":"xpath","value":"//input[@id=\"generalSectionFrg--receiveYard-inner\"]"}
RESULT: {"using":"xpath","value":"//input[@id=\"generalSectionFrg--receiveYard-inner\"]"}
COMMAND: POST /session/999fc64afd1230ec64a2dd58c909e126/element/f.8D00E63E7445179AA59B17F8E6C27F98.d.193B4C1633642817A4F0DEEDF79F1790.e.14772/clear - {}
RESULT: {}
COMMAND: POST /session/999fc64afd1230ec64a2dd58c909e126/element/f.8D00E63E7445179AA59B17F8E6C27F98.d.193B4C1633642817A4F0DEEDF79F1790.e.14772/value - {"text":"619"}
COMMAND: GET /session/999fc64afd1230ec64a2dd58c909e126/screenshot - {}
RESULT: {"text":"619"}
COMMAND: GET /session/999fc64afd1230ec64a2dd58c909e126/screenshot - {}
RESULT: {}
RESULT: {}
COMMAND: POST /session/999fc64afd1230ec64a2dd58c909e126/element - {"using":"xpath","value":"//li[.//span[text()='619']]"}
RESULT: {"using":"xpath","value":"//li[.//span[text()='619']]"}
COMMAND: POST /session/999fc64afd1230ec64a2dd58c909e126/element/f.8D00E63E7445179AA59B17F8E6C27F98.d.193B4C1633642817A4F0DEEDF79F1790.e.14790/click - {}
RESULT: {}
COMMAND: GET /session/999fc64afd1230ec64a2dd58c909e126/screenshot - {}
RESULT: {}
COMMAND: POST /session/999fc64afd1230ec64a2dd58c909e126/execute/async - {"script":"<script> [1562 bytes]","args":[{"selector":{"id":"application-managehandovers-display-component---AddNewHO--ObjectPageLayout-anchBar-application-managehandovers-display-component---AddNewHO--section4-anchor","interaction":{"idSuffix":"BDI-content"}},"wdio_ui5_key":"applicationmanagehandovers-display-component---AddNewHO--ObjectPageLayout-anchBar-application-managehandovers-display-component---AddNewHO--section4-anchor"}]}
RESULT: {"script":"<script> [1562 bytes]","args":[{"selector":{"id":"application-managehandovers-display-component---AddNewHO--ObjectPageLayout-anchBar-application-managehandovers-display-component---AddNewHO--section4-anchor","interaction":{"idSuffix":"BDI-content"}},"wdio_ui5_key":"applicationmanagehandovers-display-component---AddNewHO--ObjectPageLayout-anchBar-application-managehandovers-display-component---AddNewHO--section4-anchor"}]}
RESULT: undefined
COMMAND: POST /session/999fc64afd1230ec64a2dd58c909e126/element - {"using":"xpath","value":"//*[@id=\"application-managehandovers-display-component---AddNewHO--ObjectPageLayout-anchBar-application-managehandovers-display-component---AddNewHO--section4-anchor\"]"}
RESULT: {"using":"xpath","value":"//*[@id=\"application-managehandovers-display-component---AddNewHO--ObjectPageLayout-anchBar-application-managehandovers-display-component---AddNewHO--section4-anchor\"]"}
COMMAND: POST /session/999fc64afd1230ec64a2dd58c909e126/element/f.8D00E63E7445179AA59B17F8E6C27F98.d.193B4C1633642817A4F0DEEDF79F1790.e.14792/click - {}
RESULT: {}
COMMAND: POST /session/999fc64afd1230ec64a2dd58c909e126/element - {"using":"xpath","value":"//button[@aria-label=\"Add\"]"}
COMMAND: GET /session/999fc64afd1230ec64a2dd58c909e126/screenshot - {}
RESULT: {"using":"xpath","value":"//button[@aria-label=\"Add\"]"}
COMMAND: POST /session/999fc64afd1230ec64a2dd58c909e126/element/f.8D00E63E7445179AA59B17F8E6C27F98.d.193B4C1633642817A4F0DEEDF79F1790.e.14794/click - {}
RESULT: {}
RESULT: {}
COMMAND: GET /session/999fc64afd1230ec64a2dd58c909e126/screenshot - {}
RESULT: {}
COMMAND: POST /session/999fc64afd1230ec64a2dd58c909e126/execute/async - {"script":"<script> [1562 bytes]","args":[{"selector":{"id":"application-managehandovers-display-component---AddNewHO--smartFilterBar-btnBasicSearch","searchOpenDialogs":true,"interaction":{"idSuffix":"I"}},"wdio_ui5_key":"applicationmanagehandovers-display-component---AddNewHO--smartFilterBar-btnBasicSearch"}]}
RESULT: {"script":"<script> [1562 bytes]","args":[{"selector":{"id":"application-managehandovers-display-component---AddNewHO--smartFilterBar-btnBasicSearch","searchOpenDialogs":true,"interaction":{"idSuffix":"I"}},"wdio_ui5_key":"applicationmanagehandovers-display-component---AddNewHO--smartFilterBar-btnBasicSearch"}]}
RESULT: undefined
COMMAND: POST /session/999fc64afd1230ec64a2dd58c909e126/execute/async - {"script":"<script> [776 bytes]","args":[{"enterText":"NB6J9qg9fr","selector":{"id":"application-managehandovers-display-component---AddNewHO--smartFilterBar-btnBasicSearch","searchOpenDialogs":true,"interaction":{"idSuffix":"I"}},"clearTextFirst":true,"interactionType":"ENTER_TEXT"}]}
RESULT: {"script":"<script> [776 bytes]","args":[{"enterText":"NB6J9qg9fr","selector":{"id":"application-managehandovers-display-component---AddNewHO--smartFilterBar-btnBasicSearch","searchOpenDialogs":true,"interaction":{"idSuffix":"I"}},"clearTextFirst":true,"interactionType":"ENTER_TEXT"}]}
COMMAND: POST /session/999fc64afd1230ec64a2dd58c909e126/actions - {"actions":[{"id":"action54","type":"key","parameters":{},"actions":[{"type":"keyDown","value":"î€‡"},{"type":"pause","duration":10},{"type":"keyUp","value":"î€‡"}]}]}
RESULT: {"actions":[{"id":"action54","type":"key","parameters":{},"actions":[{"type":"keyDown","value":"î€‡"},{"type":"pause","duration":10},{"type":"keyUp","value":"î€‡"}]}]}
COMMAND: GET /session/999fc64afd1230ec64a2dd58c909e126/screenshot - {}
RESULT: {}
COMMAND: POST /session/999fc64afd1230ec64a2dd58c909e126/execute/async - {"script":"<script> [1562 bytes]","args":[{"selector":{"id":"application-managehandovers-display-component---AddNewHO--popup-sa","searchOpenDialogs":true,"interaction":{"idSuffix":"CbBg"}},"wdio_ui5_key":"applicationmanagehandovers-display-component---AddNewHO--popup-sa"}]}
RESULT: {"script":"<script> [1562 bytes]","args":[{"selector":{"id":"application-managehandovers-display-component---AddNewHO--popup-sa","searchOpenDialogs":true,"interaction":{"idSuffix":"CbBg"}},"wdio_ui5_key":"applicationmanagehandovers-display-component---AddNewHO--popup-sa"}]}
RESULT: undefined
COMMAND: POST /session/999fc64afd1230ec64a2dd58c909e126/element - {"using":"xpath","value":"//*[@id=\"application-managehandovers-display-component---AddNewHO--popup-sa\"]"}
RESULT: {"using":"xpath","value":"//*[@id=\"application-managehandovers-display-component---AddNewHO--popup-sa\"]"}
COMMAND: POST /session/999fc64afd1230ec64a2dd58c909e126/element/f.8D00E63E7445179AA59B17F8E6C27F98.d.193B4C1633642817A4F0DEEDF79F1790.e.14945/click - {}
RESULT: {}
COMMAND: GET /session/999fc64afd1230ec64a2dd58c909e126/screenshot - {}
RESULT: {}
COMMAND: POST /session/999fc64afd1230ec64a2dd58c909e126/element - {"using":"xpath","value":"//bdi[contains(text(), \"Select\")]"}
RESULT: {"using":"xpath","value":"//bdi[contains(text(), \"Select\")]"}
COMMAND: POST /session/999fc64afd1230ec64a2dd58c909e126/element/f.8D00E63E7445179AA59B17F8E6C27F98.d.193B4C1633642817A4F0DEEDF79F1790.e.14946/click - {}
RESULT: {}
COMMAND: GET /session/999fc64afd1230ec64a2dd58c909e126/screenshot - {}
RESULT: {}
COMMAND: POST /session/999fc64afd1230ec64a2dd58c909e126/element - {"using":"xpath","value":"//button[@data-kt=\"AddNewHOSaveButton\"]"}
RESULT: {"using":"xpath","value":"//button[@data-kt=\"AddNewHOSaveButton\"]"}
COMMAND: POST /session/999fc64afd1230ec64a2dd58c909e126/element/f.8D00E63E7445179AA59B17F8E6C27F98.d.193B4C1633642817A4F0DEEDF79F1790.e.14950/click - {}
RESULT: {}
COMMAND: GET /session/999fc64afd1230ec64a2dd58c909e126/screenshot - {}
RESULT: {}
COMMAND: POST /session/999fc64afd1230ec64a2dd58c909e126/execute/async - {"script":"<script> [1562 bytes]","args":[{"selector":{"id":"receiptDatePicker","viewName":"etm.portal.ui.managehandovers.view.DetailExecuteHO","interaction":{"idSuffix":"inner"}},"wdio_ui5_key":"receiptDatePickeretmportal.ui.managehandovers.view.DetailExecuteHO"}]}
RESULT: {"script":"<script> [1562 bytes]","args":[{"selector":{"id":"receiptDatePicker","viewName":"etm.portal.ui.managehandovers.view.DetailExecuteHO","interaction":{"idSuffix":"inner"}},"wdio_ui5_key":"receiptDatePickeretmportal.ui.managehandovers.view.DetailExecuteHO"}]}
RESULT: undefined
COMMAND: POST /session/999fc64afd1230ec64a2dd58c909e126/execute/async - {"script":"<script> [6424 bytes]","args":[{"element-6066-11e4-a52e-4f735466cecf":"f.8D00E63E7445179AA59B17F8E6C27F98.d.193B4C1633642817A4F0DEEDF79F1790.e.14965"},"setValue",["05/06/2025"]]}
RESULT: {"script":"<script> [6424 bytes]","args":[{"element-6066-11e4-a52e-4f735466cecf":"f.8D00E63E7445179AA59B17F8E6C27F98.d.193B4C1633642817A4F0DEEDF79F1790.e.14965"},"setValue",["05/06/2025"]]}
COMMAND: POST /session/999fc64afd1230ec64a2dd58c909e126/element - {"using":"xpath","value":"//button[@data-kt=\"PickingTableConfirmAllButton\"]"}
RESULT: {"using":"xpath","value":"//button[@data-kt=\"PickingTableConfirmAllButton\"]"}
COMMAND: POST /session/999fc64afd1230ec64a2dd58c909e126/element/f.8D00E63E7445179AA59B17F8E6C27F98.d.193B4C1633642817A4F0DEEDF79F1790.e.14994/click - {}
RESULT: {}
COMMAND: GET /session/999fc64afd1230ec64a2dd58c909e126/screenshot - {}
RESULT: {}
COMMAND: POST /session/999fc64afd1230ec64a2dd58c909e126/element - {"using":"xpath","value":"//bdi[contains(text(), \"OK\")]"}
RESULT: {"using":"xpath","value":"//bdi[contains(text(), \"OK\")]"}
COMMAND: POST /session/999fc64afd1230ec64a2dd58c909e126/element/f.8D00E63E7445179AA59B17F8E6C27F98.d.193B4C1633642817A4F0DEEDF79F1790.e.14996/click - {}
RESULT: {}
COMMAND: GET /session/999fc64afd1230ec64a2dd58c909e126/screenshot - {}
RESULT: {}
COMMAND: POST /session/999fc64afd1230ec64a2dd58c909e126/element - {"using":"xpath","value":"(//bdi[contains(text(), \"Receive\")])[2]"}
RESULT: {"using":"xpath","value":"(//bdi[contains(text(), \"Receive\")])[2]"}
COMMAND: POST /session/999fc64afd1230ec64a2dd58c909e126/element/f.8D00E63E7445179AA59B17F8E6C27F98.d.193B4C1633642817A4F0DEEDF79F1790.e.14998/click - {}
RESULT: {}
COMMAND: GET /session/999fc64afd1230ec64a2dd58c909e126/screenshot - {}
RESULT: {}
COMMAND: POST /session/999fc64afd1230ec64a2dd58c909e126/element - {"using":"css selector","value":"#shell-header-logo"}
RESULT: {"using":"css selector","value":"#shell-header-logo"}
COMMAND: POST /session/999fc64afd1230ec64a2dd58c909e126/element/f.8D00E63E7445179AA59B17F8E6C27F98.d.193B4C1633642817A4F0DEEDF79F1790.e.14367/click - {}
RESULT: {}
COMMAND: GET /session/999fc64afd1230ec64a2dd58c909e126/screenshot - {}
RESULT: {}
]]></system-out>
    </testcase>
    <testcase classname="chrome.135_0_7049_96.windows.Billing_transfer_US117289" name="Should create a new contract" time="52.077">
      <system-out><![CDATA[
COMMAND: POST /session/999fc64afd1230ec64a2dd58c909e126/execute/async - {"script":"<script> [1562 bytes]","args":[{"selector":{"controlType":"sap.m.Text","viewName":"etm.portal.ui.managecontractstile.view.Master","properties":{"text":"Manage Contracts"},"interaction":{"idSuffix":"inner"}},"wdio_ui5_key":"etmportal.ui.managecontractstile.view.Mastersap.m.Text{\"text\":\"Manage Contracts\"}"}]}
RESULT: {"script":"<script> [1562 bytes]","args":[{"selector":{"controlType":"sap.m.Text","viewName":"etm.portal.ui.managecontractstile.view.Master","properties":{"text":"Manage Contracts"},"interaction":{"idSuffix":"inner"}},"wdio_ui5_key":"etmportal.ui.managecontractstile.view.Mastersap.m.Text{\"text\":\"Manage Contracts\"}"}]}
RESULT: undefined
COMMAND: POST /session/999fc64afd1230ec64a2dd58c909e126/element - {"using":"xpath","value":"//*[@id=\"__tile130-title\"]"}
RESULT: {"using":"xpath","value":"//*[@id=\"__tile130-title\"]"}
COMMAND: POST /session/999fc64afd1230ec64a2dd58c909e126/element/f.8D00E63E7445179AA59B17F8E6C27F98.d.193B4C1633642817A4F0DEEDF79F1790.e.15325/click - {}
RESULT: {}
COMMAND: GET /session/999fc64afd1230ec64a2dd58c909e126/screenshot - {}
RESULT: {}
COMMAND: POST /session/999fc64afd1230ec64a2dd58c909e126/element - {"using":"xpath","value":"//button[@data-kt=\"addButton\"]"}
RESULT: {"using":"xpath","value":"//button[@data-kt=\"addButton\"]"}
COMMAND: POST /session/999fc64afd1230ec64a2dd58c909e126/elements - {"using":"xpath","value":"//button[@data-kt=\"addButton\"]"}
RESULT: {"using":"xpath","value":"//button[@data-kt=\"addButton\"]"}
COMMAND: POST /session/999fc64afd1230ec64a2dd58c909e126/execute/sync - {"script":"<script> [8489 bytes]","args":[{"element-6066-11e4-a52e-4f735466cecf":"f.8D00E63E7445179AA59B17F8E6C27F98.d.193B4C1633642817A4F0DEEDF79F1790.e.15394","ELEMENT":"f.8D00E63E7445179AA59B17F8E6C27F98.d.193B4C1633642817A4F0DEEDF79F1790.e.15394"}]}
RESULT: {"script":"<script> [8489 bytes]","args":[{"element-6066-11e4-a52e-4f735466cecf":"f.8D00E63E7445179AA59B17F8E6C27F98.d.193B4C1633642817A4F0DEEDF79F1790.e.15394","ELEMENT":"f.8D00E63E7445179AA59B17F8E6C27F98.d.193B4C1633642817A4F0DEEDF79F1790.e.15394"}]}
COMMAND: GET /session/999fc64afd1230ec64a2dd58c909e126/element/f.8D00E63E7445179AA59B17F8E6C27F98.d.193B4C1633642817A4F0DEEDF79F1790.e.15394/enabled - {}
COMMAND: GET /session/999fc64afd1230ec64a2dd58c909e126/screenshot - {}
RESULT: {}
RESULT: {}
COMMAND: POST /session/999fc64afd1230ec64a2dd58c909e126/execute/sync - {"script":"<script> [8489 bytes]","args":[{"element-6066-11e4-a52e-4f735466cecf":"f.8D00E63E7445179AA59B17F8E6C27F98.d.193B4C1633642817A4F0DEEDF79F1790.e.15394","ELEMENT":"f.8D00E63E7445179AA59B17F8E6C27F98.d.193B4C1633642817A4F0DEEDF79F1790.e.15394"}]}
COMMAND: GET /session/999fc64afd1230ec64a2dd58c909e126/screenshot - {}
RESULT: {"script":"<script> [8489 bytes]","args":[{"element-6066-11e4-a52e-4f735466cecf":"f.8D00E63E7445179AA59B17F8E6C27F98.d.193B4C1633642817A4F0DEEDF79F1790.e.15394","ELEMENT":"f.8D00E63E7445179AA59B17F8E6C27F98.d.193B4C1633642817A4F0DEEDF79F1790.e.15394"}]}
COMMAND: POST /session/999fc64afd1230ec64a2dd58c909e126/execute/sync - {"script":"<script> [5351 bytes]","args":[{"element-6066-11e4-a52e-4f735466cecf":"f.8D00E63E7445179AA59B17F8E6C27F98.d.193B4C1633642817A4F0DEEDF79F1790.e.15394","ELEMENT":"f.8D00E63E7445179AA59B17F8E6C27F98.d.193B4C1633642817A4F0DEEDF79F1790.e.15394"}]}
COMMAND: GET /session/999fc64afd1230ec64a2dd58c909e126/screenshot - {}
RESULT: {}
RESULT: {"script":"<script> [5351 bytes]","args":[{"element-6066-11e4-a52e-4f735466cecf":"f.8D00E63E7445179AA59B17F8E6C27F98.d.193B4C1633642817A4F0DEEDF79F1790.e.15394","ELEMENT":"f.8D00E63E7445179AA59B17F8E6C27F98.d.193B4C1633642817A4F0DEEDF79F1790.e.15394"}]}
COMMAND: GET /session/999fc64afd1230ec64a2dd58c909e126/screenshot - {}
RESULT: {}
RESULT: {}
COMMAND: POST /session/999fc64afd1230ec64a2dd58c909e126/element/f.8D00E63E7445179AA59B17F8E6C27F98.d.193B4C1633642817A4F0DEEDF79F1790.e.15394/click - {}
RESULT: {}
COMMAND: GET /session/999fc64afd1230ec64a2dd58c909e126/screenshot - {}
COMMAND: POST /session/999fc64afd1230ec64a2dd58c909e126/execute/async - {"script":"<script> [1562 bytes]","args":[{"selector":{"id":"application-managecontracts-display-component---AddNewContract--projectDescription","interaction":{"idSuffix":"inner"}},"wdio_ui5_key":"applicationmanagecontracts-display-component---AddNewContract--projectDescription"}]}
RESULT: {}
RESULT: {"script":"<script> [1562 bytes]","args":[{"selector":{"id":"application-managecontracts-display-component---AddNewContract--projectDescription","interaction":{"idSuffix":"inner"}},"wdio_ui5_key":"applicationmanagecontracts-display-component---AddNewContract--projectDescription"}]}
RESULT: undefined
COMMAND: POST /session/999fc64afd1230ec64a2dd58c909e126/execute/async - {"script":"<script> [776 bytes]","args":[{"enterText":"Contract WDIO","selector":{"id":"application-managecontracts-display-component---AddNewContract--projectDescription","interaction":{"idSuffix":"inner"}},"clearTextFirst":true,"interactionType":"ENTER_TEXT"}]}
RESULT: {"script":"<script> [776 bytes]","args":[{"enterText":"Contract WDIO","selector":{"id":"application-managecontracts-display-component---AddNewContract--projectDescription","interaction":{"idSuffix":"inner"}},"clearTextFirst":true,"interactionType":"ENTER_TEXT"}]}
COMMAND: POST /session/999fc64afd1230ec64a2dd58c909e126/element - {"using":"xpath","value":"//input[@id=\"application-managecontracts-display-component---AddNewContract--site-inner\"]"}
RESULT: {"using":"xpath","value":"//input[@id=\"application-managecontracts-display-component---AddNewContract--site-inner\"]"}
COMMAND: POST /session/999fc64afd1230ec64a2dd58c909e126/element/f.8D00E63E7445179AA59B17F8E6C27F98.d.193B4C1633642817A4F0DEEDF79F1790.e.15725/clear - {}
RESULT: {}
COMMAND: POST /session/999fc64afd1230ec64a2dd58c909e126/element/f.8D00E63E7445179AA59B17F8E6C27F98.d.193B4C1633642817A4F0DEEDF79F1790.e.15725/value - {"text":"2453"}
COMMAND: GET /session/999fc64afd1230ec64a2dd58c909e126/screenshot - {}
RESULT: {"text":"2453"}
COMMAND: GET /session/999fc64afd1230ec64a2dd58c909e126/screenshot - {}
RESULT: {}
RESULT: {}
COMMAND: POST /session/999fc64afd1230ec64a2dd58c909e126/element - {"using":"xpath","value":"//li[.//span[text()='2453']]"}
RESULT: {"using":"xpath","value":"//li[.//span[text()='2453']]"}
COMMAND: POST /session/999fc64afd1230ec64a2dd58c909e126/element/f.8D00E63E7445179AA59B17F8E6C27F98.d.193B4C1633642817A4F0DEEDF79F1790.e.15750/click - {}
RESULT: {}
COMMAND: GET /session/999fc64afd1230ec64a2dd58c909e126/screenshot - {}
RESULT: {}
COMMAND: POST /session/999fc64afd1230ec64a2dd58c909e126/element - {"using":"xpath","value":"//input[@id=\"application-managecontracts-display-component---AddNewContract--yardId-inner\"]"}
RESULT: {"using":"xpath","value":"//input[@id=\"application-managecontracts-display-component---AddNewContract--yardId-inner\"]"}
COMMAND: GET /session/999fc64afd1230ec64a2dd58c909e126/element/f.8D00E63E7445179AA59B17F8E6C27F98.d.193B4C1633642817A4F0DEEDF79F1790.e.15726/property/value - {}
RESULT: {}
COMMAND: POST /session/999fc64afd1230ec64a2dd58c909e126/element - {"using":"xpath","value":"//input[@id=\"application-managecontracts-display-component---AddNewContract--customerSelect-inner\"]"}
COMMAND: GET /session/999fc64afd1230ec64a2dd58c909e126/screenshot - {}
RESULT: {"using":"xpath","value":"//input[@id=\"application-managecontracts-display-component---AddNewContract--customerSelect-inner\"]"}
COMMAND: POST /session/999fc64afd1230ec64a2dd58c909e126/element/f.8D00E63E7445179AA59B17F8E6C27F98.d.193B4C1633642817A4F0DEEDF79F1790.e.15724/clear - {}
RESULT: {}
RESULT: {}
COMMAND: POST /session/999fc64afd1230ec64a2dd58c909e126/element/f.8D00E63E7445179AA59B17F8E6C27F98.d.193B4C1633642817A4F0DEEDF79F1790.e.15724/value - {"text":"1496"}
COMMAND: GET /session/999fc64afd1230ec64a2dd58c909e126/screenshot - {}
RESULT: {"text":"1496"}
COMMAND: GET /session/999fc64afd1230ec64a2dd58c909e126/screenshot - {}
RESULT: {}
RESULT: {}
COMMAND: POST /session/999fc64afd1230ec64a2dd58c909e126/element - {"using":"xpath","value":"//li[.//span[text()='1496']]"}
RESULT: {"using":"xpath","value":"//li[.//span[text()='1496']]"}
COMMAND: POST /session/999fc64afd1230ec64a2dd58c909e126/element/f.8D00E63E7445179AA59B17F8E6C27F98.d.193B4C1633642817A4F0DEEDF79F1790.e.15753/click - {}
RESULT: {}
COMMAND: GET /session/999fc64afd1230ec64a2dd58c909e126/screenshot - {}
RESULT: {}
COMMAND: POST /session/999fc64afd1230ec64a2dd58c909e126/element - {"using":"xpath","value":"//button[@data-kt=\"saveButton\"]"}
RESULT: {"using":"xpath","value":"//button[@data-kt=\"saveButton\"]"}
COMMAND: POST /session/999fc64afd1230ec64a2dd58c909e126/element/f.8D00E63E7445179AA59B17F8E6C27F98.d.193B4C1633642817A4F0DEEDF79F1790.e.15743/click - {}
RESULT: {}
COMMAND: GET /session/999fc64afd1230ec64a2dd58c909e126/screenshot - {}
RESULT: {}
COMMAND: POST /session/999fc64afd1230ec64a2dd58c909e126/element - {"using":"xpath","value":"//span[contains(@id ,\"contractDetailTitleNoExpanded\")]"}
RESULT: {"using":"xpath","value":"//span[contains(@id ,\"contractDetailTitleNoExpanded\")]"}
COMMAND: POST /session/999fc64afd1230ec64a2dd58c909e126/elements - {"using":"xpath","value":"//span[contains(@id ,\"contractDetailTitleNoExpanded\")]"}
RESULT: {"using":"xpath","value":"//span[contains(@id ,\"contractDetailTitleNoExpanded\")]"}
COMMAND: POST /session/999fc64afd1230ec64a2dd58c909e126/execute/sync - {"script":"<script> [56 bytes]","args":[{"element-6066-11e4-a52e-4f735466cecf":"f.8D00E63E7445179AA59B17F8E6C27F98.d.193B4C1633642817A4F0DEEDF79F1790.e.15825","ELEMENT":"f.8D00E63E7445179AA59B17F8E6C27F98.d.193B4C1633642817A4F0DEEDF79F1790.e.15825"}]}
RESULT: {"script":"<script> [56 bytes]","args":[{"element-6066-11e4-a52e-4f735466cecf":"f.8D00E63E7445179AA59B17F8E6C27F98.d.193B4C1633642817A4F0DEEDF79F1790.e.15825","ELEMENT":"f.8D00E63E7445179AA59B17F8E6C27F98.d.193B4C1633642817A4F0DEEDF79F1790.e.15825"}]}
COMMAND: GET /session/999fc64afd1230ec64a2dd58c909e126/screenshot - {}
RESULT: {}
]]></system-out>
    </testcase>
    <testcase classname="chrome.135_0_7049_96.windows.Billing_transfer_US117289" name="Should add created equipment to contract" time="46.132">
      <system-out><![CDATA[
COMMAND: POST /session/999fc64afd1230ec64a2dd58c909e126/element - {"using":"xpath","value":"//button[@data-kt=\"contractDetailEditBtnButton\"]"}
RESULT: {"using":"xpath","value":"//button[@data-kt=\"contractDetailEditBtnButton\"]"}
COMMAND: POST /session/999fc64afd1230ec64a2dd58c909e126/element/f.8D00E63E7445179AA59B17F8E6C27F98.d.193B4C1633642817A4F0DEEDF79F1790.e.15826/click - {}
RESULT: {}
COMMAND: GET /session/999fc64afd1230ec64a2dd58c909e126/screenshot - {}
RESULT: {}
COMMAND: POST /session/999fc64afd1230ec64a2dd58c909e126/element - {"using":"xpath","value":"(//span[contains(text(), \"Additional Addresses\")])[2]"}
RESULT: {"using":"xpath","value":"(//span[contains(text(), \"Additional Addresses\")])[2]"}
COMMAND: POST /session/999fc64afd1230ec64a2dd58c909e126/element/f.8D00E63E7445179AA59B17F8E6C27F98.d.193B4C1633642817A4F0DEEDF79F1790.e.15886/click - {}
RESULT: {}
COMMAND: GET /session/999fc64afd1230ec64a2dd58c909e126/screenshot - {}
RESULT: {}
COMMAND: POST /session/999fc64afd1230ec64a2dd58c909e126/element - {"using":"xpath","value":"//button[@data-kt=\"btnAddTableRowOverflowToolbarButton\"]"}
RESULT: {"using":"xpath","value":"//button[@data-kt=\"btnAddTableRowOverflowToolbarButton\"]"}
COMMAND: POST /session/999fc64afd1230ec64a2dd58c909e126/element/f.8D00E63E7445179AA59B17F8E6C27F98.d.193B4C1633642817A4F0DEEDF79F1790.e.15890/click - {}
RESULT: {}
COMMAND: GET /session/999fc64afd1230ec64a2dd58c909e126/screenshot - {}
RESULT: {}
COMMAND: POST /session/999fc64afd1230ec64a2dd58c909e126/element - {"using":"xpath","value":"//div[(text() = 'Standard Entry' or . = 'Standard Entry')]"}
RESULT: {"using":"xpath","value":"//div[(text() = 'Standard Entry' or . = 'Standard Entry')]"}
COMMAND: POST /session/999fc64afd1230ec64a2dd58c909e126/element/f.8D00E63E7445179AA59B17F8E6C27F98.d.193B4C1633642817A4F0DEEDF79F1790.e.15892/click - {}
RESULT: {}
COMMAND: GET /session/999fc64afd1230ec64a2dd58c909e126/screenshot - {}
RESULT: {}
COMMAND: POST /session/999fc64afd1230ec64a2dd58c909e126/element - {"using":"xpath","value":"//td[7]/div/div/input"}
RESULT: {"using":"xpath","value":"//td[7]/div/div/input"}
COMMAND: POST /session/999fc64afd1230ec64a2dd58c909e126/element/f.8D00E63E7445179AA59B17F8E6C27F98.d.193B4C1633642817A4F0DEEDF79F1790.e.15901/clear - {}
RESULT: {}
COMMAND: POST /session/999fc64afd1230ec64a2dd58c909e126/element/f.8D00E63E7445179AA59B17F8E6C27F98.d.193B4C1633642817A4F0DEEDF79F1790.e.15901/value - {"text":"NB6J9qg9fr"}
COMMAND: GET /session/999fc64afd1230ec64a2dd58c909e126/screenshot - {}
RESULT: {"text":"NB6J9qg9fr"}
COMMAND: GET /session/999fc64afd1230ec64a2dd58c909e126/screenshot - {}
RESULT: {}
RESULT: {}
COMMAND: POST /session/999fc64afd1230ec64a2dd58c909e126/actions - {"actions":[{"id":"action55","type":"key","parameters":{},"actions":[{"type":"keyDown","value":"î€‡"},{"type":"pause","duration":10},{"type":"keyUp","value":"î€‡"}]}]}
RESULT: {"actions":[{"id":"action55","type":"key","parameters":{},"actions":[{"type":"keyDown","value":"î€‡"},{"type":"pause","duration":10},{"type":"keyUp","value":"î€‡"}]}]}
COMMAND: GET /session/999fc64afd1230ec64a2dd58c909e126/screenshot - {}
RESULT: {}
COMMAND: POST /session/999fc64afd1230ec64a2dd58c909e126/execute/sync - {"script":"<script> [276 bytes]","args":["No pricing information was found"]}
RESULT: {"script":"<script> [276 bytes]","args":["No pricing information was found"]}
COMMAND: POST /session/999fc64afd1230ec64a2dd58c909e126/element - {"using":"xpath","value":"(//button[@data-kt=\"saveButton\"])[2]"}
COMMAND: GET /session/999fc64afd1230ec64a2dd58c909e126/screenshot - {}
RESULT: {"using":"xpath","value":"(//button[@data-kt=\"saveButton\"])[2]"}
COMMAND: POST /session/999fc64afd1230ec64a2dd58c909e126/element/f.8D00E63E7445179AA59B17F8E6C27F98.d.193B4C1633642817A4F0DEEDF79F1790.e.15916/click - {}
RESULT: {}
RESULT: {}
COMMAND: GET /session/999fc64afd1230ec64a2dd58c909e126/screenshot - {}
RESULT: {}
COMMAND: POST /session/999fc64afd1230ec64a2dd58c909e126/execute/sync - {"script":"<script> [276 bytes]","args":["Some contract items are having rental validity exceeding header rental validity"]}
RESULT: {"script":"<script> [276 bytes]","args":["Some contract items are having rental validity exceeding header rental validity"]}
COMMAND: GET /session/999fc64afd1230ec64a2dd58c909e126/screenshot - {}
RESULT: {}
COMMAND: POST /session/999fc64afd1230ec64a2dd58c909e126/element - {"using":"xpath","value":"//span[contains(@id ,\"contractItemsSmartTable-header-inner\")]"}
RESULT: {"using":"xpath","value":"//span[contains(@id ,\"contractItemsSmartTable-header-inner\")]"}
COMMAND: POST /session/999fc64afd1230ec64a2dd58c909e126/elements - {"using":"xpath","value":"//span[contains(@id ,\"contractItemsSmartTable-header-inner\")]"}
RESULT: {"using":"xpath","value":"//span[contains(@id ,\"contractItemsSmartTable-header-inner\")]"}
COMMAND: POST /session/999fc64afd1230ec64a2dd58c909e126/execute/sync - {"script":"<script> [56 bytes]","args":[{"element-6066-11e4-a52e-4f735466cecf":"f.8D00E63E7445179AA59B17F8E6C27F98.d.193B4C1633642817A4F0DEEDF79F1790.e.15922","ELEMENT":"f.8D00E63E7445179AA59B17F8E6C27F98.d.193B4C1633642817A4F0DEEDF79F1790.e.15922"}]}
RESULT: {"script":"<script> [56 bytes]","args":[{"element-6066-11e4-a52e-4f735466cecf":"f.8D00E63E7445179AA59B17F8E6C27F98.d.193B4C1633642817A4F0DEEDF79F1790.e.15922","ELEMENT":"f.8D00E63E7445179AA59B17F8E6C27F98.d.193B4C1633642817A4F0DEEDF79F1790.e.15922"}]}
COMMAND: GET /session/999fc64afd1230ec64a2dd58c909e126/screenshot - {}
]]></system-out>
    </testcase>
    <testcase classname="chrome.135_0_7049_96.windows.Billing_transfer_US117289" name="Should do a provide to site handover" time="46.278">
      <system-out><![CDATA[
COMMAND: POST /session/999fc64afd1230ec64a2dd58c909e126/element - {"using":"xpath","value":"//button[@data-kt=\"provideButton\"]"}
RESULT: {}
RESULT: {"using":"xpath","value":"//button[@data-kt=\"provideButton\"]"}
COMMAND: POST /session/999fc64afd1230ec64a2dd58c909e126/element/f.8D00E63E7445179AA59B17F8E6C27F98.d.193B4C1633642817A4F0DEEDF79F1790.e.15923/click - {}
RESULT: {}
COMMAND: GET /session/999fc64afd1230ec64a2dd58c909e126/screenshot - {}
RESULT: undefined
COMMAND: POST /session/999fc64afd1230ec64a2dd58c909e126/execute/async - {"script":"<script> [6424 bytes]","args":[{"element-6066-11e4-a52e-4f735466cecf":"f.8D00E63E7445179AA59B17F8E6C27F98.d.193B4C1633642817A4F0DEEDF79F1790.e.14766"},"setValue",["05/06/2025"]]}
RESULT: {}
COMMAND: POST /session/999fc64afd1230ec64a2dd58c909e126/execute/async - {"script":"<script> [1562 bytes]","args":[{"selector":{"id":"application-managehandovers-display-component---AddNewHO--dueDate","interaction":{"idSuffix":"inner"}},"wdio_ui5_key":"applicationmanagehandovers-display-component---AddNewHO--dueDate"}]}
RESULT: {"script":"<script> [1562 bytes]","args":[{"selector":{"id":"application-managehandovers-display-component---AddNewHO--dueDate","interaction":{"idSuffix":"inner"}},"wdio_ui5_key":"applicationmanagehandovers-display-component---AddNewHO--dueDate"}]}
COMMAND: POST /session/999fc64afd1230ec64a2dd58c909e126/execute/async - {"script":"<script> [6424 bytes]","args":[{"element-6066-11e4-a52e-4f735466cecf":"f.8D00E63E7445179AA59B17F8E6C27F98.d.193B4C1633642817A4F0DEEDF79F1790.e.15980"},"setValue",["05/06/2025"]]}
RESULT: {"script":"<script> [6424 bytes]","args":[{"element-6066-11e4-a52e-4f735466cecf":"f.8D00E63E7445179AA59B17F8E6C27F98.d.193B4C1633642817A4F0DEEDF79F1790.e.15980"},"setValue",["05/06/2025"]]}
COMMAND: POST /session/999fc64afd1230ec64a2dd58c909e126/element - {"using":"xpath","value":"//bdi[contains(text(), \"Instructions\")]"}
RESULT: {"using":"xpath","value":"//bdi[contains(text(), \"Instructions\")]"}
COMMAND: POST /session/999fc64afd1230ec64a2dd58c909e126/element/f.8D00E63E7445179AA59B17F8E6C27F98.d.193B4C1633642817A4F0DEEDF79F1790.e.16235/click - {}
RESULT: {}
COMMAND: GET /session/999fc64afd1230ec64a2dd58c909e126/screenshot - {}
RESULT: {}
COMMAND: POST /session/999fc64afd1230ec64a2dd58c909e126/element - {"using":"xpath","value":"//button[@data-kt=\"AddNewHOProvideAddItemsButton\"]"}
RESULT: {"using":"xpath","value":"//button[@data-kt=\"AddNewHOProvideAddItemsButton\"]"}
COMMAND: POST /session/999fc64afd1230ec64a2dd58c909e126/element/f.8D00E63E7445179AA59B17F8E6C27F98.d.193B4C1633642817A4F0DEEDF79F1790.e.16239/click - {}
RESULT: {}
COMMAND: GET /session/999fc64afd1230ec64a2dd58c909e126/screenshot - {}
RESULT: {}
RESULT: undefined
COMMAND: POST /session/999fc64afd1230ec64a2dd58c909e126/element - {"using":"xpath","value":"//*[@id=\"application-managehandovers-display-component---AddNewHO--popup-sa\"]"}
RESULT: {"using":"xpath","value":"//*[@id=\"application-managehandovers-display-component---AddNewHO--popup-sa\"]"}
COMMAND: POST /session/999fc64afd1230ec64a2dd58c909e126/element/f.8D00E63E7445179AA59B17F8E6C27F98.d.193B4C1633642817A4F0DEEDF79F1790.e.16253/click - {}
RESULT: {}
COMMAND: GET /session/999fc64afd1230ec64a2dd58c909e126/screenshot - {}
RESULT: {}
COMMAND: POST /session/999fc64afd1230ec64a2dd58c909e126/element - {"using":"xpath","value":"//*[contains(@id ,\"BDI-content\")][contains(text(), \"Select\")]"}
RESULT: {"using":"xpath","value":"//*[contains(@id ,\"BDI-content\")][contains(text(), \"Select\")]"}
COMMAND: POST /session/999fc64afd1230ec64a2dd58c909e126/element/f.8D00E63E7445179AA59B17F8E6C27F98.d.193B4C1633642817A4F0DEEDF79F1790.e.16255/click - {}
RESULT: {}
COMMAND: GET /session/999fc64afd1230ec64a2dd58c909e126/screenshot - {}
RESULT: {}
COMMAND: POST /session/999fc64afd1230ec64a2dd58c909e126/execute/async - {"script":"<script> [1562 bytes]","args":[{"selector":{"id":"application-managehandovers-display-component---AddNewHO--confirmCreationButton","interaction":{"idSuffix":"BDI-content"}},"wdio_ui5_key":"applicationmanagehandovers-display-component---AddNewHO--confirmCreationButton"}]}
RESULT: {"script":"<script> [1562 bytes]","args":[{"selector":{"id":"application-managehandovers-display-component---AddNewHO--confirmCreationButton","interaction":{"idSuffix":"BDI-content"}},"wdio_ui5_key":"applicationmanagehandovers-display-component---AddNewHO--confirmCreationButton"}]}
RESULT: undefined
COMMAND: POST /session/999fc64afd1230ec64a2dd58c909e126/element - {"using":"xpath","value":"//*[@id=\"application-managehandovers-display-component---AddNewHO--confirmCreationButton\"]"}
RESULT: {"using":"xpath","value":"//*[@id=\"application-managehandovers-display-component---AddNewHO--confirmCreationButton\"]"}
COMMAND: POST /session/999fc64afd1230ec64a2dd58c909e126/element/f.8D00E63E7445179AA59B17F8E6C27F98.d.193B4C1633642817A4F0DEEDF79F1790.e.16060/click - {}
RESULT: {}
COMMAND: GET /session/999fc64afd1230ec64a2dd58c909e126/screenshot - {}
RESULT: {}
COMMAND: POST /session/999fc64afd1230ec64a2dd58c909e126/element - {"using":"xpath","value":"//button[@data-kt=\"PickingTableConfirmAllButton\"]"}
RESULT: {"using":"xpath","value":"//button[@data-kt=\"PickingTableConfirmAllButton\"]"}
COMMAND: POST /session/999fc64afd1230ec64a2dd58c909e126/element/f.8D00E63E7445179AA59B17F8E6C27F98.d.193B4C1633642817A4F0DEEDF79F1790.e.16293/click - {}
COMMAND: POST /session/999fc64afd1230ec64a2dd58c909e126/element - {"using":"xpath","value":"//button[@data-kt=\"PickingTableConfirmAllButton\"]"}
RESULT: {"using":"xpath","value":"//button[@data-kt=\"PickingTableConfirmAllButton\"]"}
COMMAND: POST /session/999fc64afd1230ec64a2dd58c909e126/element/f.8D00E63E7445179AA59B17F8E6C27F98.d.193B4C1633642817A4F0DEEDF79F1790.e.16293/click - {}
COMMAND: POST /session/999fc64afd1230ec64a2dd58c909e126/element - {"using":"xpath","value":"//button[@data-kt=\"PickingTableConfirmAllButton\"]"}
RESULT: {"using":"xpath","value":"//button[@data-kt=\"PickingTableConfirmAllButton\"]"}
COMMAND: POST /session/999fc64afd1230ec64a2dd58c909e126/element/f.8D00E63E7445179AA59B17F8E6C27F98.d.193B4C1633642817A4F0DEEDF79F1790.e.16314/click - {}
RESULT: {}
COMMAND: GET /session/999fc64afd1230ec64a2dd58c909e126/screenshot - {}
RESULT: {}
COMMAND: POST /session/999fc64afd1230ec64a2dd58c909e126/element - {"using":"xpath","value":"//bdi[contains(text(), \"OK\")]"}
RESULT: {"using":"xpath","value":"//bdi[contains(text(), \"OK\")]"}
COMMAND: POST /session/999fc64afd1230ec64a2dd58c909e126/element/f.8D00E63E7445179AA59B17F8E6C27F98.d.193B4C1633642817A4F0DEEDF79F1790.e.16317/click - {}
RESULT: {}
COMMAND: GET /session/999fc64afd1230ec64a2dd58c909e126/screenshot - {}
RESULT: {}
COMMAND: POST /session/999fc64afd1230ec64a2dd58c909e126/element - {"using":"xpath","value":"//bdi[contains(text(), \"Issue\")]"}
RESULT: {"using":"xpath","value":"//bdi[contains(text(), \"Issue\")]"}
COMMAND: POST /session/999fc64afd1230ec64a2dd58c909e126/element/f.8D00E63E7445179AA59B17F8E6C27F98.d.193B4C1633642817A4F0DEEDF79F1790.e.16318/click - {}
RESULT: {}
COMMAND: GET /session/999fc64afd1230ec64a2dd58c909e126/screenshot - {}
RESULT: {}
COMMAND: POST /session/999fc64afd1230ec64a2dd58c909e126/element - {"using":"css selector","value":"#shell-header-logo"}
RESULT: {"using":"css selector","value":"#shell-header-logo"}
COMMAND: POST /session/999fc64afd1230ec64a2dd58c909e126/element/f.8D00E63E7445179AA59B17F8E6C27F98.d.193B4C1633642817A4F0DEEDF79F1790.e.15328/click - {}
RESULT: {}
COMMAND: GET /session/999fc64afd1230ec64a2dd58c909e126/screenshot - {}
RESULT: {}
]]></system-out>
    </testcase>
    <testcase classname="chrome.135_0_7049_96.windows.Billing_transfer_US117289" name="Should navigate to Manage Billings and trigger contract calculation business confirm it" time="47.438">
      <system-out><![CDATA[
COMMAND: POST /session/999fc64afd1230ec64a2dd58c909e126/execute/async - {"script":"<script> [1562 bytes]","args":[{"selector":{"controlType":"sap.m.GenericTile","properties":{"header":"Manage Billings"}},"wdio_ui5_key":"sapm.GenericTile{\"header\":\"Manage Billings\"}"}]}
RESULT: {"script":"<script> [1562 bytes]","args":[{"selector":{"controlType":"sap.m.GenericTile","properties":{"header":"Manage Billings"}},"wdio_ui5_key":"sapm.GenericTile{\"header\":\"Manage Billings\"}"}]}
RESULT: undefined
COMMAND: POST /session/999fc64afd1230ec64a2dd58c909e126/element - {"using":"xpath","value":"//*[@id=\"__tile51\"]"}
RESULT: {"using":"xpath","value":"//*[@id=\"__tile51\"]"}
COMMAND: POST /session/999fc64afd1230ec64a2dd58c909e126/element/f.8D00E63E7445179AA59B17F8E6C27F98.d.193B4C1633642817A4F0DEEDF79F1790.e.13118/click - {}
RESULT: {}
COMMAND: GET /session/999fc64afd1230ec64a2dd58c909e126/screenshot - {}
RESULT: {}
COMMAND: POST /session/999fc64afd1230ec64a2dd58c909e126/execute/async - {"script":"<script> [1562 bytes]","args":[{"selector":{"id":"application-managebillings-display-component---billRunCalcResult--smartFilterBar-btnBasicSearch","interaction":{"idSuffix":"I"}},"wdio_ui5_key":"applicationmanagebillings-display-component---billRunCalcResult--smartFilterBar-btnBasicSearch"}]}
RESULT: {"script":"<script> [1562 bytes]","args":[{"selector":{"id":"application-managebillings-display-component---billRunCalcResult--smartFilterBar-btnBasicSearch","interaction":{"idSuffix":"I"}},"wdio_ui5_key":"applicationmanagebillings-display-component---billRunCalcResult--smartFilterBar-btnBasicSearch"}]}
RESULT: undefined
COMMAND: POST /session/999fc64afd1230ec64a2dd58c909e126/execute/async - {"script":"<script> [776 bytes]","args":[{"enterText":"10572","selector":{"id":"application-managebillings-display-component---billRunCalcResult--smartFilterBar-btnBasicSearch","interaction":{"idSuffix":"I"}},"clearTextFirst":true,"interactionType":"ENTER_TEXT"}]}
RESULT: {"script":"<script> [776 bytes]","args":[{"enterText":"10572","selector":{"id":"application-managebillings-display-component---billRunCalcResult--smartFilterBar-btnBasicSearch","interaction":{"idSuffix":"I"}},"clearTextFirst":true,"interactionType":"ENTER_TEXT"}]}
COMMAND: POST /session/999fc64afd1230ec64a2dd58c909e126/actions - {"actions":[{"id":"action56","type":"key","parameters":{},"actions":[{"type":"keyDown","value":"î€‡"},{"type":"pause","duration":10},{"type":"keyUp","value":"î€‡"}]}]}
RESULT: {"actions":[{"id":"action56","type":"key","parameters":{},"actions":[{"type":"keyDown","value":"î€‡"},{"type":"pause","duration":10},{"type":"keyUp","value":"î€‡"}]}]}
COMMAND: GET /session/999fc64afd1230ec64a2dd58c909e126/screenshot - {}
RESULT: {}
COMMAND: POST /session/999fc64afd1230ec64a2dd58c909e126/element - {"using":"xpath","value":"//td[@aria-colindex=\"1\"]/div/div[contains(@class, \"sapMCbBg\")]"}
RESULT: {"using":"xpath","value":"//td[@aria-colindex=\"1\"]/div/div[contains(@class, \"sapMCbBg\")]"}
COMMAND: POST /session/999fc64afd1230ec64a2dd58c909e126/element/f.8D00E63E7445179AA59B17F8E6C27F98.d.193B4C1633642817A4F0DEEDF79F1790.e.16819/click - {}
RESULT: {}
COMMAND: GET /session/999fc64afd1230ec64a2dd58c909e126/screenshot - {}
RESULT: {}
COMMAND: POST /session/999fc64afd1230ec64a2dd58c909e126/execute/async - {"script":"<script> [1562 bytes]","args":[{"selector":{"id":"application-managebillings-display-component---billRunCalcResult--contractBillRunDate","interaction":{"idSuffix":"inner"}},"wdio_ui5_key":"applicationmanagebillings-display-component---billRunCalcResult--contractBillRunDate"}]}
RESULT: {"script":"<script> [1562 bytes]","args":[{"selector":{"id":"application-managebillings-display-component---billRunCalcResult--contractBillRunDate","interaction":{"idSuffix":"inner"}},"wdio_ui5_key":"applicationmanagebillings-display-component---billRunCalcResult--contractBillRunDate"}]}
RESULT: undefined
COMMAND: POST /session/999fc64afd1230ec64a2dd58c909e126/execute/async - {"script":"<script> [776 bytes]","args":[{"enterText":"06/06/25","selector":{"id":"application-managebillings-display-component---billRunCalcResult--contractBillRunDate","interaction":{"idSuffix":"inner"}},"clearTextFirst":true,"interactionType":"ENTER_TEXT"}]}
RESULT: {"script":"<script> [776 bytes]","args":[{"enterText":"06/06/25","selector":{"id":"application-managebillings-display-component---billRunCalcResult--contractBillRunDate","interaction":{"idSuffix":"inner"}},"clearTextFirst":true,"interactionType":"ENTER_TEXT"}]}
COMMAND: POST /session/999fc64afd1230ec64a2dd58c909e126/element - {"using":"xpath","value":"//bdi[contains(text(), \"Trigger Calculation\")]"}
RESULT: {"using":"xpath","value":"//bdi[contains(text(), \"Trigger Calculation\")]"}
COMMAND: POST /session/999fc64afd1230ec64a2dd58c909e126/element/f.8D00E63E7445179AA59B17F8E6C27F98.d.193B4C1633642817A4F0DEEDF79F1790.e.16870/click - {}
RESULT: {}
COMMAND: GET /session/999fc64afd1230ec64a2dd58c909e126/screenshot - {}
RESULT: {}
COMMAND: POST /session/999fc64afd1230ec64a2dd58c909e126/element - {"using":"xpath","value":"(//span[contains(@id, \"imgNav\")])[1]"}
RESULT: {"using":"xpath","value":"(//span[contains(@id, \"imgNav\")])[1]"}
COMMAND: POST /session/999fc64afd1230ec64a2dd58c909e126/element/f.8D00E63E7445179AA59B17F8E6C27F98.d.193B4C1633642817A4F0DEEDF79F1790.e.16820/click - {}
RESULT: {}
COMMAND: GET /session/999fc64afd1230ec64a2dd58c909e126/screenshot - {}
RESULT: {}
COMMAND: POST /session/999fc64afd1230ec64a2dd58c909e126/execute/async - {"script":"<script> [1562 bytes]","args":[{"selector":{"controlType":"sap.ui.core.Icon","viewName":"etm.portal.ui.managebillings.view.Master","viewId":"application-managebillings-display-component---billRunCalcResult","properties":{"src":{"regex":{"source":"slim\\-arrow\\-right"}}}},"wdio_ui5_key":"etmportal.ui.managebillings.view.Mastersap.ui.core.Icon{\"src\":{\"regex\":{\"source\":\"slim\\\\-arrow\\\\-right\"}}}"}]}
RESULT: {"script":"<script> [1562 bytes]","args":[{"selector":{"controlType":"sap.ui.core.Icon","viewName":"etm.portal.ui.managebillings.view.Master","viewId":"application-managebillings-display-component---billRunCalcResult","properties":{"src":{"regex":{"source":"slim\\-arrow\\-right"}}}},"wdio_ui5_key":"etmportal.ui.managebillings.view.Mastersap.ui.core.Icon{\"src\":{\"regex\":{\"source\":\"slim\\\\-arrow\\\\-right\"}}}"}]}
RESULT: undefined
COMMAND: POST /session/999fc64afd1230ec64a2dd58c909e126/element - {"using":"xpath","value":"//*[@id=\"__item2446-application-managebillings-display-component---billRunCalcResult--billingRunsTable-0-imgNav\"]"}
RESULT: {"using":"xpath","value":"//*[@id=\"__item2446-application-managebillings-display-component---billRunCalcResult--billingRunsTable-0-imgNav\"]"}
COMMAND: POST /session/999fc64afd1230ec64a2dd58c909e126/element/f.8D00E63E7445179AA59B17F8E6C27F98.d.193B4C1633642817A4F0DEEDF79F1790.e.16874/click - {}
RESULT: {}
COMMAND: POST /session/999fc64afd1230ec64a2dd58c909e126/execute/async - {"script":"<script> [1562 bytes]","args":[{"selector":{"id":"application-managebillings-display-component---billRunCalcResult--btnConf","interaction":{"idSuffix":"BDI-content"}},"wdio_ui5_key":"applicationmanagebillings-display-component---billRunCalcResult--btnConf"}]}
COMMAND: GET /session/999fc64afd1230ec64a2dd58c909e126/screenshot - {}
RESULT: {"script":"<script> [1562 bytes]","args":[{"selector":{"id":"application-managebillings-display-component---billRunCalcResult--btnConf","interaction":{"idSuffix":"BDI-content"}},"wdio_ui5_key":"applicationmanagebillings-display-component---billRunCalcResult--btnConf"}]}
RESULT: undefined
COMMAND: POST /session/999fc64afd1230ec64a2dd58c909e126/element - {"using":"xpath","value":"//*[@id=\"application-managebillings-display-component---billRunCalcResult--btnConf\"]"}
RESULT: {}
RESULT: {"using":"xpath","value":"//*[@id=\"application-managebillings-display-component---billRunCalcResult--btnConf\"]"}
COMMAND: POST /session/999fc64afd1230ec64a2dd58c909e126/element/f.8D00E63E7445179AA59B17F8E6C27F98.d.193B4C1633642817A4F0DEEDF79F1790.e.16916/click - {}
RESULT: {}
COMMAND: POST /session/999fc64afd1230ec64a2dd58c909e126/element - {"using":"css selector","value":"#shell-header-logo"}
COMMAND: GET /session/999fc64afd1230ec64a2dd58c909e126/screenshot - {}
RESULT: {"using":"css selector","value":"#shell-header-logo"}
COMMAND: POST /session/999fc64afd1230ec64a2dd58c909e126/element/f.8D00E63E7445179AA59B17F8E6C27F98.d.193B4C1633642817A4F0DEEDF79F1790.e.16608/click - {}
RESULT: {}
RESULT: {}
COMMAND: GET /session/999fc64afd1230ec64a2dd58c909e126/screenshot - {}
RESULT: {}
]]></system-out>
    </testcase>
    <testcase classname="chrome.135_0_7049_96.windows.Billing_transfer_US117289" name="Should trigger Billing Transfer process all the way to completion" time="63.422">
      <system-out><![CDATA[
COMMAND: POST /session/999fc64afd1230ec64a2dd58c909e126/execute/async - {"script":"<script> [1562 bytes]","args":[{"selector":{"controlType":"sap.m.GenericTile","properties":{"header":"Billing Transfer"}},"wdio_ui5_key":"sapm.GenericTile{\"header\":\"Billing Transfer\"}"}]}
RESULT: {"script":"<script> [1562 bytes]","args":[{"selector":{"controlType":"sap.m.GenericTile","properties":{"header":"Billing Transfer"}},"wdio_ui5_key":"sapm.GenericTile{\"header\":\"Billing Transfer\"}"}]}
RESULT: undefined
COMMAND: POST /session/999fc64afd1230ec64a2dd58c909e126/element - {"using":"xpath","value":"//*[@id=\"__tile50\"]"}
RESULT: {"using":"xpath","value":"//*[@id=\"__tile50\"]"}
COMMAND: POST /session/999fc64afd1230ec64a2dd58c909e126/element/f.8D00E63E7445179AA59B17F8E6C27F98.d.193B4C1633642817A4F0DEEDF79F1790.e.13116/click - {}
RESULT: {}
COMMAND: POST /session/999fc64afd1230ec64a2dd58c909e126/element - {"using":"xpath","value":"//input[contains(@id ,\"application-billingtransfer-display-component---billingWorkbench--smartFilterBar-btnBasicSearch\")]"}
COMMAND: GET /session/999fc64afd1230ec64a2dd58c909e126/screenshot - {}
RESULT: {"using":"xpath","value":"//input[contains(@id ,\"application-billingtransfer-display-component---billingWorkbench--smartFilterBar-btnBasicSearch\")]"}
COMMAND: POST /session/999fc64afd1230ec64a2dd58c909e126/elements - {"using":"xpath","value":"//input[contains(@id ,\"application-billingtransfer-display-component---billingWorkbench--smartFilterBar-btnBasicSearch\")]"}
RESULT: {}
RESULT: {"using":"xpath","value":"//input[contains(@id ,\"application-billingtransfer-display-component---billingWorkbench--smartFilterBar-btnBasicSearch\")]"}
COMMAND: POST /session/999fc64afd1230ec64a2dd58c909e126/elements - {"using":"xpath","value":"//input[contains(@id ,\"application-billingtransfer-display-component---billingWorkbench--smartFilterBar-btnBasicSearch\")]"}
RESULT: {"using":"xpath","value":"//input[contains(@id ,\"application-billingtransfer-display-component---billingWorkbench--smartFilterBar-btnBasicSearch\")]"}
COMMAND: POST /session/999fc64afd1230ec64a2dd58c909e126/elements - {"using":"xpath","value":"//input[contains(@id ,\"application-billingtransfer-display-component---billingWorkbench--smartFilterBar-btnBasicSearch\")]"}
RESULT: {"using":"xpath","value":"//input[contains(@id ,\"application-billingtransfer-display-component---billingWorkbench--smartFilterBar-btnBasicSearch\")]"}
COMMAND: POST /session/999fc64afd1230ec64a2dd58c909e126/element - {"using":"xpath","value":"//input[contains(@id ,\"application-billingtransfer-display-component---billingWorkbench--smartFilterBar-btnBasicSearch\")]"}
RESULT: {"using":"xpath","value":"//input[contains(@id ,\"application-billingtransfer-display-component---billingWorkbench--smartFilterBar-btnBasicSearch\")]"}
COMMAND: POST /session/999fc64afd1230ec64a2dd58c909e126/execute/sync - {"script":"<script> [8489 bytes]","args":[{"element-6066-11e4-a52e-4f735466cecf":"f.8D00E63E7445179AA59B17F8E6C27F98.d.193B4C1633642817A4F0DEEDF79F1790.e.16953","ELEMENT":"f.8D00E63E7445179AA59B17F8E6C27F98.d.193B4C1633642817A4F0DEEDF79F1790.e.16953"}]}
RESULT: {"script":"<script> [8489 bytes]","args":[{"element-6066-11e4-a52e-4f735466cecf":"f.8D00E63E7445179AA59B17F8E6C27F98.d.193B4C1633642817A4F0DEEDF79F1790.e.16953","ELEMENT":"f.8D00E63E7445179AA59B17F8E6C27F98.d.193B4C1633642817A4F0DEEDF79F1790.e.16953"}]}
COMMAND: GET /session/999fc64afd1230ec64a2dd58c909e126/element/f.8D00E63E7445179AA59B17F8E6C27F98.d.193B4C1633642817A4F0DEEDF79F1790.e.16953/enabled - {}
COMMAND: GET /session/999fc64afd1230ec64a2dd58c909e126/screenshot - {}
RESULT: {}
COMMAND: POST /session/999fc64afd1230ec64a2dd58c909e126/element/f.8D00E63E7445179AA59B17F8E6C27F98.d.193B4C1633642817A4F0DEEDF79F1790.e.16953/click - {}
COMMAND: GET /session/999fc64afd1230ec64a2dd58c909e126/screenshot - {}
RESULT: {}
RESULT: {}
COMMAND: GET /session/999fc64afd1230ec64a2dd58c909e126/screenshot - {}
RESULT: {}
RESULT: {}
COMMAND: POST /session/999fc64afd1230ec64a2dd58c909e126/element/f.8D00E63E7445179AA59B17F8E6C27F98.d.193B4C1633642817A4F0DEEDF79F1790.e.16953/clear - {}
RESULT: {}
COMMAND: POST /session/999fc64afd1230ec64a2dd58c909e126/element/f.8D00E63E7445179AA59B17F8E6C27F98.d.193B4C1633642817A4F0DEEDF79F1790.e.16953/value - {"text":"10572"}
COMMAND: GET /session/999fc64afd1230ec64a2dd58c909e126/screenshot - {}
RESULT: {"text":"10572"}
COMMAND: POST /session/999fc64afd1230ec64a2dd58c909e126/actions - {"actions":[{"id":"action57","type":"key","parameters":{},"actions":[{"type":"keyDown","value":"î€‡"},{"type":"pause","duration":10},{"type":"keyUp","value":"î€‡"}]}]}
COMMAND: GET /session/999fc64afd1230ec64a2dd58c909e126/screenshot - {}
RESULT: {}
RESULT: {"actions":[{"id":"action57","type":"key","parameters":{},"actions":[{"type":"keyDown","value":"î€‡"},{"type":"pause","duration":10},{"type":"keyUp","value":"î€‡"}]}]}
COMMAND: GET /session/999fc64afd1230ec64a2dd58c909e126/screenshot - {}
RESULT: {}
RESULT: {}
COMMAND: POST /session/999fc64afd1230ec64a2dd58c909e126/element - {"using":"xpath","value":"//span[contains(@id ,\"application-billingtransfer-display-component---billingWorkbench--smartTableBillingRuns-header-inner\")]"}
RESULT: {"using":"xpath","value":"//span[contains(@id ,\"application-billingtransfer-display-component---billingWorkbench--smartTableBillingRuns-header-inner\")]"}
COMMAND: POST /session/999fc64afd1230ec64a2dd58c909e126/elements - {"using":"xpath","value":"//span[contains(@id ,\"application-billingtransfer-display-component---billingWorkbench--smartTableBillingRuns-header-inner\")]"}
RESULT: {"using":"xpath","value":"//span[contains(@id ,\"application-billingtransfer-display-component---billingWorkbench--smartTableBillingRuns-header-inner\")]"}
COMMAND: POST /session/999fc64afd1230ec64a2dd58c909e126/execute/sync - {"script":"<script> [56 bytes]","args":[{"element-6066-11e4-a52e-4f735466cecf":"f.8D00E63E7445179AA59B17F8E6C27F98.d.193B4C1633642817A4F0DEEDF79F1790.e.17174","ELEMENT":"f.8D00E63E7445179AA59B17F8E6C27F98.d.193B4C1633642817A4F0DEEDF79F1790.e.17174"}]}
RESULT: {"script":"<script> [56 bytes]","args":[{"element-6066-11e4-a52e-4f735466cecf":"f.8D00E63E7445179AA59B17F8E6C27F98.d.193B4C1633642817A4F0DEEDF79F1790.e.17174","ELEMENT":"f.8D00E63E7445179AA59B17F8E6C27F98.d.193B4C1633642817A4F0DEEDF79F1790.e.17174"}]}
COMMAND: POST /session/999fc64afd1230ec64a2dd58c909e126/element - {"using":"xpath","value":"//td[@aria-colindex=\"1\"]/div/div[contains(@class, \"sapMCbBg\")]"}
COMMAND: GET /session/999fc64afd1230ec64a2dd58c909e126/screenshot - {}
RESULT: {"using":"xpath","value":"//td[@aria-colindex=\"1\"]/div/div[contains(@class, \"sapMCbBg\")]"}
COMMAND: POST /session/999fc64afd1230ec64a2dd58c909e126/element/f.8D00E63E7445179AA59B17F8E6C27F98.d.193B4C1633642817A4F0DEEDF79F1790.e.17124/click - {}
RESULT: {}
RESULT: {}
COMMAND: GET /session/999fc64afd1230ec64a2dd58c909e126/screenshot - {}
RESULT: {}
COMMAND: POST /session/999fc64afd1230ec64a2dd58c909e126/element - {"using":"xpath","value":"//bdi[contains(text(), \"Check\")]"}
RESULT: {"using":"xpath","value":"//bdi[contains(text(), \"Check\")]"}
COMMAND: POST /session/999fc64afd1230ec64a2dd58c909e126/element/f.8D00E63E7445179AA59B17F8E6C27F98.d.193B4C1633642817A4F0DEEDF79F1790.e.17175/click - {}
RESULT: {}
COMMAND: GET /session/999fc64afd1230ec64a2dd58c909e126/screenshot - {}
RESULT: {}
COMMAND: POST /session/999fc64afd1230ec64a2dd58c909e126/element - {"using":"xpath","value":"//bdi[contains(text(), \"OK\")]"}
RESULT: {"using":"xpath","value":"//bdi[contains(text(), \"OK\")]"}
COMMAND: POST /session/999fc64afd1230ec64a2dd58c909e126/element/f.8D00E63E7445179AA59B17F8E6C27F98.d.193B4C1633642817A4F0DEEDF79F1790.e.17178/click - {}
RESULT: {}
COMMAND: GET /session/999fc64afd1230ec64a2dd58c909e126/screenshot - {}
RESULT: {}
COMMAND: POST /session/999fc64afd1230ec64a2dd58c909e126/element - {"using":"xpath","value":"(//span[contains(text(), \"CO/SD checked\")]/parent::div/preceding-sibling::div/span)[1]"}
RESULT: {"using":"xpath","value":"(//span[contains(text(), \"CO/SD checked\")]/parent::div/preceding-sibling::div/span)[1]"}
COMMAND: POST /session/999fc64afd1230ec64a2dd58c909e126/element/f.8D00E63E7445179AA59B17F8E6C27F98.d.193B4C1633642817A4F0DEEDF79F1790.e.17179/click - {}
RESULT: {}
COMMAND: GET /session/999fc64afd1230ec64a2dd58c909e126/screenshot - {}
RESULT: {}
COMMAND: POST /session/999fc64afd1230ec64a2dd58c909e126/element - {"using":"xpath","value":"//input[contains(@id ,\"application-billingtransfer-display-component---billingWorkbench--smartFilterBar-btnBasicSearch\")]"}
RESULT: {"using":"xpath","value":"//input[contains(@id ,\"application-billingtransfer-display-component---billingWorkbench--smartFilterBar-btnBasicSearch\")]"}
COMMAND: POST /session/999fc64afd1230ec64a2dd58c909e126/elements - {"using":"xpath","value":"//input[contains(@id ,\"application-billingtransfer-display-component---billingWorkbench--smartFilterBar-btnBasicSearch\")]"}
RESULT: {"using":"xpath","value":"//input[contains(@id ,\"application-billingtransfer-display-component---billingWorkbench--smartFilterBar-btnBasicSearch\")]"}
COMMAND: POST /session/999fc64afd1230ec64a2dd58c909e126/execute/sync - {"script":"<script> [8489 bytes]","args":[{"element-6066-11e4-a52e-4f735466cecf":"f.8D00E63E7445179AA59B17F8E6C27F98.d.193B4C1633642817A4F0DEEDF79F1790.e.16953","ELEMENT":"f.8D00E63E7445179AA59B17F8E6C27F98.d.193B4C1633642817A4F0DEEDF79F1790.e.16953"}]}
RESULT: {"script":"<script> [8489 bytes]","args":[{"element-6066-11e4-a52e-4f735466cecf":"f.8D00E63E7445179AA59B17F8E6C27F98.d.193B4C1633642817A4F0DEEDF79F1790.e.16953","ELEMENT":"f.8D00E63E7445179AA59B17F8E6C27F98.d.193B4C1633642817A4F0DEEDF79F1790.e.16953"}]}
COMMAND: GET /session/999fc64afd1230ec64a2dd58c909e126/element/f.8D00E63E7445179AA59B17F8E6C27F98.d.193B4C1633642817A4F0DEEDF79F1790.e.16953/enabled - {}
COMMAND: GET /session/999fc64afd1230ec64a2dd58c909e126/screenshot - {}
RESULT: {}
COMMAND: POST /session/999fc64afd1230ec64a2dd58c909e126/element/f.8D00E63E7445179AA59B17F8E6C27F98.d.193B4C1633642817A4F0DEEDF79F1790.e.16953/click - {}
COMMAND: GET /session/999fc64afd1230ec64a2dd58c909e126/screenshot - {}
RESULT: {}
RESULT: {}
COMMAND: GET /session/999fc64afd1230ec64a2dd58c909e126/screenshot - {}
RESULT: {}
RESULT: {}
COMMAND: POST /session/999fc64afd1230ec64a2dd58c909e126/element/f.8D00E63E7445179AA59B17F8E6C27F98.d.193B4C1633642817A4F0DEEDF79F1790.e.16953/clear - {}
RESULT: {}
COMMAND: POST /session/999fc64afd1230ec64a2dd58c909e126/element/f.8D00E63E7445179AA59B17F8E6C27F98.d.193B4C1633642817A4F0DEEDF79F1790.e.16953/value - {"text":"10572"}
COMMAND: GET /session/999fc64afd1230ec64a2dd58c909e126/screenshot - {}
RESULT: {"text":"10572"}
COMMAND: POST /session/999fc64afd1230ec64a2dd58c909e126/actions - {"actions":[{"id":"action58","type":"key","parameters":{},"actions":[{"type":"keyDown","value":"î€‡"},{"type":"pause","duration":10},{"type":"keyUp","value":"î€‡"}]}]}
COMMAND: GET /session/999fc64afd1230ec64a2dd58c909e126/screenshot - {}
RESULT: {}
RESULT: {"actions":[{"id":"action58","type":"key","parameters":{},"actions":[{"type":"keyDown","value":"î€‡"},{"type":"pause","duration":10},{"type":"keyUp","value":"î€‡"}]}]}
COMMAND: GET /session/999fc64afd1230ec64a2dd58c909e126/screenshot - {}
RESULT: {}
RESULT: {}
COMMAND: POST /session/999fc64afd1230ec64a2dd58c909e126/element - {"using":"xpath","value":"//span[contains(@id ,\"application-billingtransfer-display-component---billingWorkbench--smartTableBillingRuns-header-inner\")]"}
RESULT: {"using":"xpath","value":"//span[contains(@id ,\"application-billingtransfer-display-component---billingWorkbench--smartTableBillingRuns-header-inner\")]"}
COMMAND: POST /session/999fc64afd1230ec64a2dd58c909e126/elements - {"using":"xpath","value":"//span[contains(@id ,\"application-billingtransfer-display-component---billingWorkbench--smartTableBillingRuns-header-inner\")]"}
RESULT: {"using":"xpath","value":"//span[contains(@id ,\"application-billingtransfer-display-component---billingWorkbench--smartTableBillingRuns-header-inner\")]"}
COMMAND: POST /session/999fc64afd1230ec64a2dd58c909e126/execute/sync - {"script":"<script> [56 bytes]","args":[{"element-6066-11e4-a52e-4f735466cecf":"f.8D00E63E7445179AA59B17F8E6C27F98.d.193B4C1633642817A4F0DEEDF79F1790.e.17174","ELEMENT":"f.8D00E63E7445179AA59B17F8E6C27F98.d.193B4C1633642817A4F0DEEDF79F1790.e.17174"}]}
RESULT: {"script":"<script> [56 bytes]","args":[{"element-6066-11e4-a52e-4f735466cecf":"f.8D00E63E7445179AA59B17F8E6C27F98.d.193B4C1633642817A4F0DEEDF79F1790.e.17174","ELEMENT":"f.8D00E63E7445179AA59B17F8E6C27F98.d.193B4C1633642817A4F0DEEDF79F1790.e.17174"}]}
COMMAND: POST /session/999fc64afd1230ec64a2dd58c909e126/element - {"using":"xpath","value":"//td[@aria-colindex=\"1\"]/div/div[contains(@class, \"sapMCbBg\")]"}
COMMAND: GET /session/999fc64afd1230ec64a2dd58c909e126/screenshot - {}
RESULT: {"using":"xpath","value":"//td[@aria-colindex=\"1\"]/div/div[contains(@class, \"sapMCbBg\")]"}
COMMAND: POST /session/999fc64afd1230ec64a2dd58c909e126/element/f.8D00E63E7445179AA59B17F8E6C27F98.d.193B4C1633642817A4F0DEEDF79F1790.e.17183/click - {}
RESULT: {}
RESULT: {}
COMMAND: GET /session/999fc64afd1230ec64a2dd58c909e126/screenshot - {}
RESULT: {}
COMMAND: POST /session/999fc64afd1230ec64a2dd58c909e126/element - {"using":"xpath","value":"//bdi[text()=\"Transfer\"]"}
RESULT: {"using":"xpath","value":"//bdi[text()=\"Transfer\"]"}
COMMAND: POST /session/999fc64afd1230ec64a2dd58c909e126/element/f.8D00E63E7445179AA59B17F8E6C27F98.d.193B4C1633642817A4F0DEEDF79F1790.e.17184/click - {}
RESULT: {}
COMMAND: GET /session/999fc64afd1230ec64a2dd58c909e126/screenshot - {}
RESULT: {}
COMMAND: POST /session/999fc64afd1230ec64a2dd58c909e126/element - {"using":"xpath","value":"//bdi[contains(text(), \"OK\")]"}
RESULT: {"using":"xpath","value":"//bdi[contains(text(), \"OK\")]"}
COMMAND: POST /session/999fc64afd1230ec64a2dd58c909e126/element/f.8D00E63E7445179AA59B17F8E6C27F98.d.193B4C1633642817A4F0DEEDF79F1790.e.17187/click - {}
RESULT: {}
COMMAND: GET /session/999fc64afd1230ec64a2dd58c909e126/screenshot - {}
RESULT: {}
COMMAND: POST /session/999fc64afd1230ec64a2dd58c909e126/element - {"using":"xpath","value":"(//span[contains(text(), \"Completed\")]/parent::div/preceding-sibling::div/span)[1]"}
RESULT: {"using":"xpath","value":"(//span[contains(text(), \"Completed\")]/parent::div/preceding-sibling::div/span)[1]"}
COMMAND: POST /session/999fc64afd1230ec64a2dd58c909e126/element/f.8D00E63E7445179AA59B17F8E6C27F98.d.193B4C1633642817A4F0DEEDF79F1790.e.17195/click - {}
RESULT: {}
COMMAND: POST /session/999fc64afd1230ec64a2dd58c909e126/element - {"using":"xpath","value":"//input[contains(@id ,\"application-billingtransfer-display-component---billingWorkbench--smartFilterBar-btnBasicSearch\")]"}
COMMAND: GET /session/999fc64afd1230ec64a2dd58c909e126/screenshot - {}
RESULT: {"using":"xpath","value":"//input[contains(@id ,\"application-billingtransfer-display-component---billingWorkbench--smartFilterBar-btnBasicSearch\")]"}
COMMAND: POST /session/999fc64afd1230ec64a2dd58c909e126/elements - {"using":"xpath","value":"//input[contains(@id ,\"application-billingtransfer-display-component---billingWorkbench--smartFilterBar-btnBasicSearch\")]"}
RESULT: {}
RESULT: {"using":"xpath","value":"//input[contains(@id ,\"application-billingtransfer-display-component---billingWorkbench--smartFilterBar-btnBasicSearch\")]"}
COMMAND: POST /session/999fc64afd1230ec64a2dd58c909e126/execute/sync - {"script":"<script> [8489 bytes]","args":[{"element-6066-11e4-a52e-4f735466cecf":"f.8D00E63E7445179AA59B17F8E6C27F98.d.193B4C1633642817A4F0DEEDF79F1790.e.16953","ELEMENT":"f.8D00E63E7445179AA59B17F8E6C27F98.d.193B4C1633642817A4F0DEEDF79F1790.e.16953"}]}
RESULT: {"script":"<script> [8489 bytes]","args":[{"element-6066-11e4-a52e-4f735466cecf":"f.8D00E63E7445179AA59B17F8E6C27F98.d.193B4C1633642817A4F0DEEDF79F1790.e.16953","ELEMENT":"f.8D00E63E7445179AA59B17F8E6C27F98.d.193B4C1633642817A4F0DEEDF79F1790.e.16953"}]}
COMMAND: GET /session/999fc64afd1230ec64a2dd58c909e126/element/f.8D00E63E7445179AA59B17F8E6C27F98.d.193B4C1633642817A4F0DEEDF79F1790.e.16953/enabled - {}
COMMAND: GET /session/999fc64afd1230ec64a2dd58c909e126/screenshot - {}
RESULT: {}
COMMAND: POST /session/999fc64afd1230ec64a2dd58c909e126/element/f.8D00E63E7445179AA59B17F8E6C27F98.d.193B4C1633642817A4F0DEEDF79F1790.e.16953/click - {}
COMMAND: GET /session/999fc64afd1230ec64a2dd58c909e126/screenshot - {}
RESULT: {}
RESULT: {}
COMMAND: GET /session/999fc64afd1230ec64a2dd58c909e126/screenshot - {}
RESULT: {}
RESULT: {}
COMMAND: POST /session/999fc64afd1230ec64a2dd58c909e126/element/f.8D00E63E7445179AA59B17F8E6C27F98.d.193B4C1633642817A4F0DEEDF79F1790.e.16953/clear - {}
RESULT: {}
COMMAND: POST /session/999fc64afd1230ec64a2dd58c909e126/element/f.8D00E63E7445179AA59B17F8E6C27F98.d.193B4C1633642817A4F0DEEDF79F1790.e.16953/value - {"text":"10572"}
COMMAND: GET /session/999fc64afd1230ec64a2dd58c909e126/screenshot - {}
RESULT: {"text":"10572"}
COMMAND: POST /session/999fc64afd1230ec64a2dd58c909e126/actions - {"actions":[{"id":"action59","type":"key","parameters":{},"actions":[{"type":"keyDown","value":"î€‡"},{"type":"pause","duration":10},{"type":"keyUp","value":"î€‡"}]}]}
COMMAND: GET /session/999fc64afd1230ec64a2dd58c909e126/screenshot - {}
RESULT: {}
RESULT: {"actions":[{"id":"action59","type":"key","parameters":{},"actions":[{"type":"keyDown","value":"î€‡"},{"type":"pause","duration":10},{"type":"keyUp","value":"î€‡"}]}]}
COMMAND: GET /session/999fc64afd1230ec64a2dd58c909e126/screenshot - {}
RESULT: {}
RESULT: {}
COMMAND: POST /session/999fc64afd1230ec64a2dd58c909e126/element - {"using":"xpath","value":"//span[contains(@id ,\"application-billingtransfer-display-component---billingWorkbench--smartTableBillingRuns-header-inner\")]"}
RESULT: {"using":"xpath","value":"//span[contains(@id ,\"application-billingtransfer-display-component---billingWorkbench--smartTableBillingRuns-header-inner\")]"}
COMMAND: POST /session/999fc64afd1230ec64a2dd58c909e126/elements - {"using":"xpath","value":"//span[contains(@id ,\"application-billingtransfer-display-component---billingWorkbench--smartTableBillingRuns-header-inner\")]"}
RESULT: {"using":"xpath","value":"//span[contains(@id ,\"application-billingtransfer-display-component---billingWorkbench--smartTableBillingRuns-header-inner\")]"}
COMMAND: POST /session/999fc64afd1230ec64a2dd58c909e126/execute/sync - {"script":"<script> [56 bytes]","args":[{"element-6066-11e4-a52e-4f735466cecf":"f.8D00E63E7445179AA59B17F8E6C27F98.d.193B4C1633642817A4F0DEEDF79F1790.e.17174","ELEMENT":"f.8D00E63E7445179AA59B17F8E6C27F98.d.193B4C1633642817A4F0DEEDF79F1790.e.17174"}]}
RESULT: {"script":"<script> [56 bytes]","args":[{"element-6066-11e4-a52e-4f735466cecf":"f.8D00E63E7445179AA59B17F8E6C27F98.d.193B4C1633642817A4F0DEEDF79F1790.e.17174","ELEMENT":"f.8D00E63E7445179AA59B17F8E6C27F98.d.193B4C1633642817A4F0DEEDF79F1790.e.17174"}]}
COMMAND: POST /session/999fc64afd1230ec64a2dd58c909e126/element - {"using":"css selector","value":"#shell-header-logo"}
COMMAND: GET /session/999fc64afd1230ec64a2dd58c909e126/screenshot - {}
RESULT: {"using":"css selector","value":"#shell-header-logo"}
COMMAND: POST /session/999fc64afd1230ec64a2dd58c909e126/element/f.8D00E63E7445179AA59B17F8E6C27F98.d.193B4C1633642817A4F0DEEDF79F1790.e.16951/click - {}
RESULT: {}
RESULT: {}
COMMAND: GET /session/999fc64afd1230ec64a2dd58c909e126/screenshot - {}
RESULT: {}
COMMAND: POST /session/999fc64afd1230ec64a2dd58c909e126/element - {"using":"css selector","value":"#j_username"}
COMMAND: POST /session/999fc64afd1230ec64a2dd58c909e126/url - {"url":"https://qa-testing-00-live-etm-ui.cfapps.eu10-004.hana.ondemand.com/"}
RESULT: {"using":"css selector","value":"#j_username"}
COMMAND: POST /session/999fc64afd1230ec64a2dd58c909e126/element - {"using":"css selector","value":"#j_username"}
RESULT: {"url":"https://qa-testing-00-live-etm-ui.cfapps.eu10-004.hana.ondemand.com/"}
RESULT: undefined
COMMAND: GET /session/999fc64afd1230ec64a2dd58c909e126/screenshot - {}
RESULT: {"using":"css selector","value":"#j_username"}
COMMAND: POST /session/999fc64afd1230ec64a2dd58c909e126/element - {"using":"css selector","value":"#shell-header-logo"}
RESULT: {}
RESULT: {"using":"css selector","value":"#shell-header-logo"}
COMMAND: POST /session/999fc64afd1230ec64a2dd58c909e126/execute/sync - {"script":"<script> [8489 bytes]","args":[{"element-6066-11e4-a52e-4f735466cecf":"f.8D00E63E7445179AA59B17F8E6C27F98.d.1E83D2187A7156731060DC0C05EE0036.e.17204","ELEMENT":"f.8D00E63E7445179AA59B17F8E6C27F98.d.1E83D2187A7156731060DC0C05EE0036.e.17204"}]}
RESULT: {"script":"<script> [8489 bytes]","args":[{"element-6066-11e4-a52e-4f735466cecf":"f.8D00E63E7445179AA59B17F8E6C27F98.d.1E83D2187A7156731060DC0C05EE0036.e.17204","ELEMENT":"f.8D00E63E7445179AA59B17F8E6C27F98.d.1E83D2187A7156731060DC0C05EE0036.e.17204"}]}
COMMAND: POST /session/999fc64afd1230ec64a2dd58c909e126/element - {"using":"css selector","value":"#shell-header-logo"}
COMMAND: GET /session/999fc64afd1230ec64a2dd58c909e126/screenshot - {}
RESULT: {"using":"css selector","value":"#shell-header-logo"}
COMMAND: POST /session/999fc64afd1230ec64a2dd58c909e126/execute/sync - {"script":"<script> [8489 bytes]","args":[{"element-6066-11e4-a52e-4f735466cecf":"f.8D00E63E7445179AA59B17F8E6C27F98.d.1E83D2187A7156731060DC0C05EE0036.e.17204","ELEMENT":"f.8D00E63E7445179AA59B17F8E6C27F98.d.1E83D2187A7156731060DC0C05EE0036.e.17204"}]}
RESULT: {}
RESULT: {"script":"<script> [8489 bytes]","args":[{"element-6066-11e4-a52e-4f735466cecf":"f.8D00E63E7445179AA59B17F8E6C27F98.d.1E83D2187A7156731060DC0C05EE0036.e.17204","ELEMENT":"f.8D00E63E7445179AA59B17F8E6C27F98.d.1E83D2187A7156731060DC0C05EE0036.e.17204"}]}
COMMAND: POST /session/999fc64afd1230ec64a2dd58c909e126/execute/sync - {"script":"<script> [5351 bytes]","args":[{"element-6066-11e4-a52e-4f735466cecf":"f.8D00E63E7445179AA59B17F8E6C27F98.d.1E83D2187A7156731060DC0C05EE0036.e.17204","ELEMENT":"f.8D00E63E7445179AA59B17F8E6C27F98.d.1E83D2187A7156731060DC0C05EE0036.e.17204"}]}
COMMAND: GET /session/999fc64afd1230ec64a2dd58c909e126/screenshot - {}
RESULT: {"script":"<script> [5351 bytes]","args":[{"element-6066-11e4-a52e-4f735466cecf":"f.8D00E63E7445179AA59B17F8E6C27F98.d.1E83D2187A7156731060DC0C05EE0036.e.17204","ELEMENT":"f.8D00E63E7445179AA59B17F8E6C27F98.d.1E83D2187A7156731060DC0C05EE0036.e.17204"}]}
COMMAND: POST /session/999fc64afd1230ec64a2dd58c909e126/element - {"using":"css selector","value":"#shell-header-logo"}
COMMAND: GET /session/999fc64afd1230ec64a2dd58c909e126/screenshot - {}
RESULT: {}
RESULT: {"using":"css selector","value":"#shell-header-logo"}
COMMAND: POST /session/999fc64afd1230ec64a2dd58c909e126/element/f.8D00E63E7445179AA59B17F8E6C27F98.d.1E83D2187A7156731060DC0C05EE0036.e.17204/click - {}
RESULT: {}
RESULT: {}
COMMAND: GET /session/999fc64afd1230ec64a2dd58c909e126/screenshot - {}
RESULT: {}
COMMAND: POST /session/999fc64afd1230ec64a2dd58c909e126/execute/async - {"script":"<script> [189 bytes]","args":[]}
RESULT: {"script":"<script> [189 bytes]","args":[]}
COMMAND: POST /session/999fc64afd1230ec64a2dd58c909e126/execute/async - {"script":"<script> [123 bytes]","args":[]}
RESULT: {"script":"<script> [123 bytes]","args":[]}
COMMAND: POST /session/999fc64afd1230ec64a2dd58c909e126/timeouts - {"script":"<number>"}
RESULT: {"script":"<number>"}
COMMAND: GET /session/999fc64afd1230ec64a2dd58c909e126/timeouts - {}
RESULT: {}
RESULT: undefined
COMMAND: POST /session/999fc64afd1230ec64a2dd58c909e126/execute/async - {"script":"<script> [2676 bytes]","args":[]}
RESULT: {"script":"<script> [2676 bytes]","args":[]}
COMMAND: POST /session/999fc64afd1230ec64a2dd58c909e126/execute/async - {"script":"<script> [2342 bytes]","args":[{"protocol":"http","hostname":"0.0.0.0","path":"/","capabilities":{"browserName":"chrome","goog:chromeOptions":{"binary":"C:\\Program Files\\Google\\Chrome\\Application\\chrome.exe","args":["--start-maximized"]}},"logLevel":"warn","connectionRetryTimeout":120000,"connectionRetryCount":3,"logLevels":{},"enableDirectConnect":true,"strictSSL":true,"_":"65 more keys: [\"cacheDir\",\"port\",\"requestedCapabilities\",\"automationProtocol\",\"baseUrl\",\"waitforInterval\",\"waitforTimeout\",\"onReload\",\"beforeCommand\",\"afterCommand\",\"rootDir\",\"specs\",\"suites\",\"exclude\",\"groupLogsByTestSpec\",\"excludeDriverLogs\",\"bail\",\"framework\",\"reporters\",\"services\",\"maxInstances\",\"maxInstancesPerCapability\",\"injectGlobals\",\"filesToWatch\",\"execArgv\",\"runnerEnv\",\"runner\",\"shard\",\"specFileRetries\",\"specFileRetriesDelay\",\"specFileRetriesDeferred\",\"reporterSyncInterval\",\"reporterSyncTimeout\",\"cucumberFeaturesWithLineNumbers\",\"autoCompileOpts\",\"mochaOpts\",\"jasmineOpts\",\"cucumberOpts\",\"onPrepare\",\"onWorkerStart\",\"onWorkerEnd\",\"before\",\"beforeSession\",\"beforeSuite\",\"beforeHook\",\"beforeTest\",\"afterTest\",\"afterHook\",\"afterSuite\",\"afterSession\",\"after\",\"onComplete\",\"beforeAssertion\",\"afterAssertion\",\"beforeFeature\",\"beforeScenario\",\"beforeStep\",\"afterStep\",\"afterScenario\",\"afterFeature\",\"_\",\"suite\",\"$0\",\"ignoredWorkerServices\",\"wdi5\"]"}]}
RESULT: {"script":"<script> [2342 bytes]","args":[{"protocol":"http","hostname":"0.0.0.0","path":"/","capabilities":{"browserName":"chrome","goog:chromeOptions":{"binary":"C:\\Program Files\\Google\\Chrome\\Application\\chrome.exe","args":["--start-maximized"]}},"logLevel":"warn","connectionRetryTimeout":120000,"connectionRetryCount":3,"logLevels":{},"enableDirectConnect":true,"strictSSL":true,"_":"65 more keys: [\"cacheDir\",\"port\",\"requestedCapabilities\",\"automationProtocol\",\"baseUrl\",\"waitforInterval\",\"waitforTimeout\",\"onReload\",\"beforeCommand\",\"afterCommand\",\"rootDir\",\"specs\",\"suites\",\"exclude\",\"groupLogsByTestSpec\",\"excludeDriverLogs\",\"bail\",\"framework\",\"reporters\",\"services\",\"maxInstances\",\"maxInstancesPerCapability\",\"injectGlobals\",\"filesToWatch\",\"execArgv\",\"runnerEnv\",\"runner\",\"shard\",\"specFileRetries\",\"specFileRetriesDelay\",\"specFileRetriesDeferred\",\"reporterSyncInterval\",\"reporterSyncTimeout\",\"cucumberFeaturesWithLineNumbers\",\"autoCompileOpts\",\"mochaOpts\",\"jasmineOpts\",\"cucumberOpts\",\"onPrepare\",\"onWorkerStart\",\"onWorkerEnd\",\"before\",\"beforeSession\",\"beforeSuite\",\"beforeHook\",\"beforeTest\",\"afterTest\",\"afterHook\",\"afterSuite\",\"afterSession\",\"after\",\"onComplete\",\"beforeAssertion\",\"afterAssertion\",\"beforeFeature\",\"beforeScenario\",\"beforeStep\",\"afterStep\",\"afterScenario\",\"afterFeature\",\"_\",\"suite\",\"$0\",\"ignoredWorkerServices\",\"wdi5\"]"}]}
COMMAND: POST /session/999fc64afd1230ec64a2dd58c909e126/execute/async - {"script":"<script> [21126 bytes]","args":[35000]}
RESULT: {"script":"<script> [21126 bytes]","args":[35000]}
COMMAND: POST /session/999fc64afd1230ec64a2dd58c909e126/window/maximize - {}
RESULT: {}
COMMAND: POST /session/999fc64afd1230ec64a2dd58c909e126/execute/async - {"script":"<script> [1562 bytes]","args":[{"selector":{"id":"shell-header","interaction":{"idSuffix":"icon"}},"wdio_ui5_key":"shellheader"}]}
COMMAND: GET /session/999fc64afd1230ec64a2dd58c909e126/screenshot - {}
RESULT: {"script":"<script> [1562 bytes]","args":[{"selector":{"id":"shell-header","interaction":{"idSuffix":"icon"}},"wdio_ui5_key":"shellheader"}]}
RESULT: undefined
COMMAND: POST /session/999fc64afd1230ec64a2dd58c909e126/refresh - {}
RESULT: {}
RESULT: {}
COMMAND: GET /session/999fc64afd1230ec64a2dd58c909e126/screenshot - {}
RESULT: {}
COMMAND: POST /session/999fc64afd1230ec64a2dd58c909e126/refresh - {}
RESULT: {}
COMMAND: GET /session/999fc64afd1230ec64a2dd58c909e126/screenshot - {}
RESULT: {}
COMMAND: POST /session/999fc64afd1230ec64a2dd58c909e126/window/fullscreen - {}
RESULT: {}
COMMAND: POST /session/999fc64afd1230ec64a2dd58c909e126/execute/async - {"script":"<script> [189 bytes]","args":[]}
RESULT: {"script":"<script> [189 bytes]","args":[]}
COMMAND: POST /session/999fc64afd1230ec64a2dd58c909e126/execute/async - {"script":"<script> [123 bytes]","args":[]}
RESULT: {"script":"<script> [123 bytes]","args":[]}
COMMAND: POST /session/999fc64afd1230ec64a2dd58c909e126/timeouts - {"script":"<number>"}
RESULT: {"script":"<number>"}
COMMAND: GET /session/999fc64afd1230ec64a2dd58c909e126/timeouts - {}
RESULT: {}
RESULT: undefined
COMMAND: POST /session/999fc64afd1230ec64a2dd58c909e126/execute/async - {"script":"<script> [2676 bytes]","args":[]}
RESULT: {"script":"<script> [2676 bytes]","args":[]}
COMMAND: POST /session/999fc64afd1230ec64a2dd58c909e126/execute/async - {"script":"<script> [2342 bytes]","args":[{"protocol":"http","hostname":"0.0.0.0","path":"/","capabilities":{"browserName":"chrome","goog:chromeOptions":{"binary":"C:\\Program Files\\Google\\Chrome\\Application\\chrome.exe","args":["--start-maximized"]}},"logLevel":"warn","connectionRetryTimeout":120000,"connectionRetryCount":3,"logLevels":{},"enableDirectConnect":true,"strictSSL":true,"_":"65 more keys: [\"cacheDir\",\"port\",\"requestedCapabilities\",\"automationProtocol\",\"baseUrl\",\"waitforInterval\",\"waitforTimeout\",\"onReload\",\"beforeCommand\",\"afterCommand\",\"rootDir\",\"specs\",\"suites\",\"exclude\",\"groupLogsByTestSpec\",\"excludeDriverLogs\",\"bail\",\"framework\",\"reporters\",\"services\",\"maxInstances\",\"maxInstancesPerCapability\",\"injectGlobals\",\"filesToWatch\",\"execArgv\",\"runnerEnv\",\"runner\",\"shard\",\"specFileRetries\",\"specFileRetriesDelay\",\"specFileRetriesDeferred\",\"reporterSyncInterval\",\"reporterSyncTimeout\",\"cucumberFeaturesWithLineNumbers\",\"autoCompileOpts\",\"mochaOpts\",\"jasmineOpts\",\"cucumberOpts\",\"onPrepare\",\"onWorkerStart\",\"onWorkerEnd\",\"before\",\"beforeSession\",\"beforeSuite\",\"beforeHook\",\"beforeTest\",\"afterTest\",\"afterHook\",\"afterSuite\",\"afterSession\",\"after\",\"onComplete\",\"beforeAssertion\",\"afterAssertion\",\"beforeFeature\",\"beforeScenario\",\"beforeStep\",\"afterStep\",\"afterScenario\",\"afterFeature\",\"_\",\"suite\",\"$0\",\"ignoredWorkerServices\",\"wdi5\"]"}]}
RESULT: {"script":"<script> [2342 bytes]","args":[{"protocol":"http","hostname":"0.0.0.0","path":"/","capabilities":{"browserName":"chrome","goog:chromeOptions":{"binary":"C:\\Program Files\\Google\\Chrome\\Application\\chrome.exe","args":["--start-maximized"]}},"logLevel":"warn","connectionRetryTimeout":120000,"connectionRetryCount":3,"logLevels":{},"enableDirectConnect":true,"strictSSL":true,"_":"65 more keys: [\"cacheDir\",\"port\",\"requestedCapabilities\",\"automationProtocol\",\"baseUrl\",\"waitforInterval\",\"waitforTimeout\",\"onReload\",\"beforeCommand\",\"afterCommand\",\"rootDir\",\"specs\",\"suites\",\"exclude\",\"groupLogsByTestSpec\",\"excludeDriverLogs\",\"bail\",\"framework\",\"reporters\",\"services\",\"maxInstances\",\"maxInstancesPerCapability\",\"injectGlobals\",\"filesToWatch\",\"execArgv\",\"runnerEnv\",\"runner\",\"shard\",\"specFileRetries\",\"specFileRetriesDelay\",\"specFileRetriesDeferred\",\"reporterSyncInterval\",\"reporterSyncTimeout\",\"cucumberFeaturesWithLineNumbers\",\"autoCompileOpts\",\"mochaOpts\",\"jasmineOpts\",\"cucumberOpts\",\"onPrepare\",\"onWorkerStart\",\"onWorkerEnd\",\"before\",\"beforeSession\",\"beforeSuite\",\"beforeHook\",\"beforeTest\",\"afterTest\",\"afterHook\",\"afterSuite\",\"afterSession\",\"after\",\"onComplete\",\"beforeAssertion\",\"afterAssertion\",\"beforeFeature\",\"beforeScenario\",\"beforeStep\",\"afterStep\",\"afterScenario\",\"afterFeature\",\"_\",\"suite\",\"$0\",\"ignoredWorkerServices\",\"wdi5\"]"}]}
COMMAND: POST /session/999fc64afd1230ec64a2dd58c909e126/execute/async - {"script":"<script> [21126 bytes]","args":[35000]}
RESULT: {"script":"<script> [21126 bytes]","args":[35000]}
]]></system-out>
    </testcase>
  </testsuite>
  <testsuite timestamp="2025-05-06T06:34:27" time="559.209" tests="12" failures="0" errors="0" skipped="0">
    <properties>
      <property name="specId" value="0" />
      <property name="suiteName" value="Create Reverse Billing US127248" />
      <property name="capabilities" value="chrome.135_0_7049_96.windows" />
      <property name="file" value="file:///D:/a/1/s/test/specs/BTS/reverse-billing.spec.js" />
    </properties>
    <testcase classname="chrome.135_0_7049_96.windows.Create_Reverse_Billing_US127248" name="Should create a new yard" time="0.012">
      <system-out><![CDATA[
COMMAND: POST /session/999fc64afd1230ec64a2dd58c909e126/window/fullscreen - {}
RESULT: {}
]]></system-out>
    </testcase>
    <testcase classname="chrome.135_0_7049_96.windows.Create_Reverse_Billing_US127248" name="Should create a new partner" time="0.004" />
    <testcase classname="chrome.135_0_7049_96.windows.Create_Reverse_Billing_US127248" name="Should create a new site" time="0.002" />
    <testcase classname="chrome.135_0_7049_96.windows.Create_Reverse_Billing_US127248" name="Should create a resource" time="112.759">
      <system-out><![CDATA[
COMMAND: POST /session/999fc64afd1230ec64a2dd58c909e126/execute/async - {"script":"<script> [1562 bytes]","args":[{"selector":{"controlType":"sap.m.GenericTile","properties":{"header":"Manage Resources"}},"wdio_ui5_key":"sapm.GenericTile{\"header\":\"Manage Resources\"}"}]}
RESULT: {"script":"<script> [1562 bytes]","args":[{"selector":{"controlType":"sap.m.GenericTile","properties":{"header":"Manage Resources"}},"wdio_ui5_key":"sapm.GenericTile{\"header\":\"Manage Resources\"}"}]}
RESULT: undefined
COMMAND: POST /session/999fc64afd1230ec64a2dd58c909e126/element - {"using":"xpath","value":"//*[@id=\"__tile39\"]"}
RESULT: {"using":"xpath","value":"//*[@id=\"__tile39\"]"}
COMMAND: POST /session/999fc64afd1230ec64a2dd58c909e126/element/f.8D00E63E7445179AA59B17F8E6C27F98.d.4F730416685309242E39E8FB65BFF6E9.e.17354/click - {}
RESULT: {}
COMMAND: POST /session/999fc64afd1230ec64a2dd58c909e126/element - {"using":"xpath","value":"//button[@data-kt=\"addNewRUOverflowToolbarButton\"]"}
COMMAND: GET /session/999fc64afd1230ec64a2dd58c909e126/screenshot - {}
RESULT: {"using":"xpath","value":"//button[@data-kt=\"addNewRUOverflowToolbarButton\"]"}
COMMAND: POST /session/999fc64afd1230ec64a2dd58c909e126/elements - {"using":"xpath","value":"//button[@data-kt=\"addNewRUOverflowToolbarButton\"]"}
RESULT: {}
RESULT: {"using":"xpath","value":"//button[@data-kt=\"addNewRUOverflowToolbarButton\"]"}
COMMAND: POST /session/999fc64afd1230ec64a2dd58c909e126/elements - {"using":"xpath","value":"//button[@data-kt=\"addNewRUOverflowToolbarButton\"]"}
RESULT: {"using":"xpath","value":"//button[@data-kt=\"addNewRUOverflowToolbarButton\"]"}
COMMAND: POST /session/999fc64afd1230ec64a2dd58c909e126/elements - {"using":"xpath","value":"//button[@data-kt=\"addNewRUOverflowToolbarButton\"]"}
RESULT: {"using":"xpath","value":"//button[@data-kt=\"addNewRUOverflowToolbarButton\"]"}
COMMAND: POST /session/999fc64afd1230ec64a2dd58c909e126/elements - {"using":"xpath","value":"//button[@data-kt=\"addNewRUOverflowToolbarButton\"]"}
RESULT: {"using":"xpath","value":"//button[@data-kt=\"addNewRUOverflowToolbarButton\"]"}
COMMAND: POST /session/999fc64afd1230ec64a2dd58c909e126/elements - {"using":"xpath","value":"//button[@data-kt=\"addNewRUOverflowToolbarButton\"]"}
RESULT: {"using":"xpath","value":"//button[@data-kt=\"addNewRUOverflowToolbarButton\"]"}
COMMAND: POST /session/999fc64afd1230ec64a2dd58c909e126/elements - {"using":"xpath","value":"//button[@data-kt=\"addNewRUOverflowToolbarButton\"]"}
RESULT: {"using":"xpath","value":"//button[@data-kt=\"addNewRUOverflowToolbarButton\"]"}
COMMAND: POST /session/999fc64afd1230ec64a2dd58c909e126/elements - {"using":"xpath","value":"//button[@data-kt=\"addNewRUOverflowToolbarButton\"]"}
RESULT: {"using":"xpath","value":"//button[@data-kt=\"addNewRUOverflowToolbarButton\"]"}
COMMAND: POST /session/999fc64afd1230ec64a2dd58c909e126/elements - {"using":"xpath","value":"//button[@data-kt=\"addNewRUOverflowToolbarButton\"]"}
RESULT: {"using":"xpath","value":"//button[@data-kt=\"addNewRUOverflowToolbarButton\"]"}
COMMAND: POST /session/999fc64afd1230ec64a2dd58c909e126/elements - {"using":"xpath","value":"//button[@data-kt=\"addNewRUOverflowToolbarButton\"]"}
RESULT: {"using":"xpath","value":"//button[@data-kt=\"addNewRUOverflowToolbarButton\"]"}
COMMAND: POST /session/999fc64afd1230ec64a2dd58c909e126/elements - {"using":"xpath","value":"//button[@data-kt=\"addNewRUOverflowToolbarButton\"]"}
RESULT: {"using":"xpath","value":"//button[@data-kt=\"addNewRUOverflowToolbarButton\"]"}
COMMAND: POST /session/999fc64afd1230ec64a2dd58c909e126/elements - {"using":"xpath","value":"//button[@data-kt=\"addNewRUOverflowToolbarButton\"]"}
RESULT: {"using":"xpath","value":"//button[@data-kt=\"addNewRUOverflowToolbarButton\"]"}
COMMAND: POST /session/999fc64afd1230ec64a2dd58c909e126/elements - {"using":"xpath","value":"//button[@data-kt=\"addNewRUOverflowToolbarButton\"]"}
RESULT: {"using":"xpath","value":"//button[@data-kt=\"addNewRUOverflowToolbarButton\"]"}
COMMAND: POST /session/999fc64afd1230ec64a2dd58c909e126/elements - {"using":"xpath","value":"//button[@data-kt=\"addNewRUOverflowToolbarButton\"]"}
RESULT: {"using":"xpath","value":"//button[@data-kt=\"addNewRUOverflowToolbarButton\"]"}
COMMAND: POST /session/999fc64afd1230ec64a2dd58c909e126/elements - {"using":"xpath","value":"//button[@data-kt=\"addNewRUOverflowToolbarButton\"]"}
RESULT: {"using":"xpath","value":"//button[@data-kt=\"addNewRUOverflowToolbarButton\"]"}
COMMAND: POST /session/999fc64afd1230ec64a2dd58c909e126/element - {"using":"xpath","value":"//button[@data-kt=\"addNewRUOverflowToolbarButton\"]"}
RESULT: {"using":"xpath","value":"//button[@data-kt=\"addNewRUOverflowToolbarButton\"]"}
COMMAND: POST /session/999fc64afd1230ec64a2dd58c909e126/execute/sync - {"script":"<script> [8489 bytes]","args":[{"element-6066-11e4-a52e-4f735466cecf":"f.8D00E63E7445179AA59B17F8E6C27F98.d.4F730416685309242E39E8FB65BFF6E9.e.17491","ELEMENT":"f.8D00E63E7445179AA59B17F8E6C27F98.d.4F730416685309242E39E8FB65BFF6E9.e.17491"}]}
RESULT: {"script":"<script> [8489 bytes]","args":[{"element-6066-11e4-a52e-4f735466cecf":"f.8D00E63E7445179AA59B17F8E6C27F98.d.4F730416685309242E39E8FB65BFF6E9.e.17491","ELEMENT":"f.8D00E63E7445179AA59B17F8E6C27F98.d.4F730416685309242E39E8FB65BFF6E9.e.17491"}]}
COMMAND: GET /session/999fc64afd1230ec64a2dd58c909e126/element/f.8D00E63E7445179AA59B17F8E6C27F98.d.4F730416685309242E39E8FB65BFF6E9.e.17491/enabled - {}
COMMAND: GET /session/999fc64afd1230ec64a2dd58c909e126/screenshot - {}
RESULT: {}
COMMAND: POST /session/999fc64afd1230ec64a2dd58c909e126/execute/sync - {"script":"<script> [8489 bytes]","args":[{"element-6066-11e4-a52e-4f735466cecf":"f.8D00E63E7445179AA59B17F8E6C27F98.d.4F730416685309242E39E8FB65BFF6E9.e.17491","ELEMENT":"f.8D00E63E7445179AA59B17F8E6C27F98.d.4F730416685309242E39E8FB65BFF6E9.e.17491"}]}
COMMAND: GET /session/999fc64afd1230ec64a2dd58c909e126/screenshot - {}
RESULT: {}
RESULT: {"script":"<script> [8489 bytes]","args":[{"element-6066-11e4-a52e-4f735466cecf":"f.8D00E63E7445179AA59B17F8E6C27F98.d.4F730416685309242E39E8FB65BFF6E9.e.17491","ELEMENT":"f.8D00E63E7445179AA59B17F8E6C27F98.d.4F730416685309242E39E8FB65BFF6E9.e.17491"}]}
COMMAND: POST /session/999fc64afd1230ec64a2dd58c909e126/execute/sync - {"script":"<script> [5351 bytes]","args":[{"element-6066-11e4-a52e-4f735466cecf":"f.8D00E63E7445179AA59B17F8E6C27F98.d.4F730416685309242E39E8FB65BFF6E9.e.17491","ELEMENT":"f.8D00E63E7445179AA59B17F8E6C27F98.d.4F730416685309242E39E8FB65BFF6E9.e.17491"}]}
COMMAND: GET /session/999fc64afd1230ec64a2dd58c909e126/screenshot - {}
RESULT: {}
RESULT: {"script":"<script> [5351 bytes]","args":[{"element-6066-11e4-a52e-4f735466cecf":"f.8D00E63E7445179AA59B17F8E6C27F98.d.4F730416685309242E39E8FB65BFF6E9.e.17491","ELEMENT":"f.8D00E63E7445179AA59B17F8E6C27F98.d.4F730416685309242E39E8FB65BFF6E9.e.17491"}]}
COMMAND: POST /session/999fc64afd1230ec64a2dd58c909e126/element/f.8D00E63E7445179AA59B17F8E6C27F98.d.4F730416685309242E39E8FB65BFF6E9.e.17491/click - {}
COMMAND: GET /session/999fc64afd1230ec64a2dd58c909e126/screenshot - {}
RESULT: {}
RESULT: {}
COMMAND: GET /session/999fc64afd1230ec64a2dd58c909e126/screenshot - {}
RESULT: {}
RESULT: {}
COMMAND: POST /session/999fc64afd1230ec64a2dd58c909e126/execute/async - {"script":"<script> [1562 bytes]","args":[{"selector":{"id":"application-manageresources-display-component---newResourceUnit--TYPE-arrow"},"wdio_ui5_key":"applicationmanageresources-display-component---newResourceUnit--TYPE-arrow"}]}
RESULT: {"script":"<script> [1562 bytes]","args":[{"selector":{"id":"application-manageresources-display-component---newResourceUnit--TYPE-arrow"},"wdio_ui5_key":"applicationmanageresources-display-component---newResourceUnit--TYPE-arrow"}]}
RESULT: undefined
COMMAND: POST /session/999fc64afd1230ec64a2dd58c909e126/element - {"using":"xpath","value":"//*[@id=\"application-manageresources-display-component---newResourceUnit--TYPE-arrow\"]"}
RESULT: {"using":"xpath","value":"//*[@id=\"application-manageresources-display-component---newResourceUnit--TYPE-arrow\"]"}
COMMAND: POST /session/999fc64afd1230ec64a2dd58c909e126/element/f.8D00E63E7445179AA59B17F8E6C27F98.d.4F730416685309242E39E8FB65BFF6E9.e.17869/click - {}
RESULT: {}
COMMAND: POST /session/999fc64afd1230ec64a2dd58c909e126/element - {"using":"xpath","value":"//input[@id=\"application-manageresources-display-component---newResourceUnit--TYPE-inner\"]"}
COMMAND: GET /session/999fc64afd1230ec64a2dd58c909e126/screenshot - {}
RESULT: {"using":"xpath","value":"//input[@id=\"application-manageresources-display-component---newResourceUnit--TYPE-inner\"]"}
COMMAND: POST /session/999fc64afd1230ec64a2dd58c909e126/element/f.8D00E63E7445179AA59B17F8E6C27F98.d.4F730416685309242E39E8FB65BFF6E9.e.17843/clear - {}
RESULT: {}
RESULT: {}
COMMAND: POST /session/999fc64afd1230ec64a2dd58c909e126/element/f.8D00E63E7445179AA59B17F8E6C27F98.d.4F730416685309242E39E8FB65BFF6E9.e.17843/value - {"text":"Equipment"}
COMMAND: GET /session/999fc64afd1230ec64a2dd58c909e126/screenshot - {}
RESULT: {"text":"Equipment"}
COMMAND: GET /session/999fc64afd1230ec64a2dd58c909e126/screenshot - {}
RESULT: {}
RESULT: {}
COMMAND: POST /session/999fc64afd1230ec64a2dd58c909e126/actions - {"actions":[{"id":"action60","type":"key","parameters":{},"actions":[{"type":"keyDown","value":"î€‡"},{"type":"pause","duration":10},{"type":"keyUp","value":"î€‡"}]}]}
RESULT: {"actions":[{"id":"action60","type":"key","parameters":{},"actions":[{"type":"keyDown","value":"î€‡"},{"type":"pause","duration":10},{"type":"keyUp","value":"î€‡"}]}]}
COMMAND: POST /session/999fc64afd1230ec64a2dd58c909e126/execute/async - {"script":"<script> [1562 bytes]","args":[{"selector":{"id":"application-manageresources-display-component---newResourceUnit--resourceId","interaction":{"idSuffix":"inner"}},"wdio_ui5_key":"applicationmanageresources-display-component---newResourceUnit--resourceId"}]}
COMMAND: GET /session/999fc64afd1230ec64a2dd58c909e126/screenshot - {}
RESULT: {"script":"<script> [1562 bytes]","args":[{"selector":{"id":"application-manageresources-display-component---newResourceUnit--resourceId","interaction":{"idSuffix":"inner"}},"wdio_ui5_key":"applicationmanageresources-display-component---newResourceUnit--resourceId"}]}
RESULT: undefined
COMMAND: POST /session/999fc64afd1230ec64a2dd58c909e126/execute/async - {"script":"<script> [776 bytes]","args":[{"enterText":"lD2k2FJ6j1","selector":{"id":"application-manageresources-display-component---newResourceUnit--resourceId","interaction":{"idSuffix":"inner"}},"clearTextFirst":true,"interactionType":"ENTER_TEXT"}]}
RESULT: {}
RESULT: {"script":"<script> [776 bytes]","args":[{"enterText":"lD2k2FJ6j1","selector":{"id":"application-manageresources-display-component---newResourceUnit--resourceId","interaction":{"idSuffix":"inner"}},"clearTextFirst":true,"interactionType":"ENTER_TEXT"}]}
COMMAND: POST /session/999fc64afd1230ec64a2dd58c909e126/execute/async - {"script":"<script> [1562 bytes]","args":[{"selector":{"id":"application-manageresources-display-component---newResourceUnit--SHORT_TEXT","interaction":{"idSuffix":"inner"}},"wdio_ui5_key":"applicationmanageresources-display-component---newResourceUnit--SHORT_TEXT"}]}
RESULT: {"script":"<script> [1562 bytes]","args":[{"selector":{"id":"application-manageresources-display-component---newResourceUnit--SHORT_TEXT","interaction":{"idSuffix":"inner"}},"wdio_ui5_key":"applicationmanageresources-display-component---newResourceUnit--SHORT_TEXT"}]}
RESULT: undefined
COMMAND: POST /session/999fc64afd1230ec64a2dd58c909e126/execute/async - {"script":"<script> [776 bytes]","args":[{"enterText":"Intercompany Equipment WDIO","selector":{"id":"application-manageresources-display-component---newResourceUnit--SHORT_TEXT","interaction":{"idSuffix":"inner"}},"clearTextFirst":true,"interactionType":"ENTER_TEXT"}]}
RESULT: {"script":"<script> [776 bytes]","args":[{"enterText":"Intercompany Equipment WDIO","selector":{"id":"application-manageresources-display-component---newResourceUnit--SHORT_TEXT","interaction":{"idSuffix":"inner"}},"clearTextFirst":true,"interactionType":"ENTER_TEXT"}]}
COMMAND: POST /session/999fc64afd1230ec64a2dd58c909e126/execute/async - {"script":"<script> [1562 bytes]","args":[{"selector":{"id":"application-manageresources-display-component---newResourceUnit--BASE_UNIT_OF_MEASURE","interaction":{"idSuffix":"inner"}},"wdio_ui5_key":"applicationmanageresources-display-component---newResourceUnit--BASE_UNIT_OF_MEASURE"}]}
RESULT: {"script":"<script> [1562 bytes]","args":[{"selector":{"id":"application-manageresources-display-component---newResourceUnit--BASE_UNIT_OF_MEASURE","interaction":{"idSuffix":"inner"}},"wdio_ui5_key":"applicationmanageresources-display-component---newResourceUnit--BASE_UNIT_OF_MEASURE"}]}
RESULT: undefined
COMMAND: POST /session/999fc64afd1230ec64a2dd58c909e126/execute/async - {"script":"<script> [776 bytes]","args":[{"enterText":"Piece","selector":{"id":"application-manageresources-display-component---newResourceUnit--BASE_UNIT_OF_MEASURE","interaction":{"idSuffix":"inner"}},"clearTextFirst":true,"interactionType":"ENTER_TEXT"}]}
RESULT: {"script":"<script> [776 bytes]","args":[{"enterText":"Piece","selector":{"id":"application-manageresources-display-component---newResourceUnit--BASE_UNIT_OF_MEASURE","interaction":{"idSuffix":"inner"}},"clearTextFirst":true,"interactionType":"ENTER_TEXT"}]}
COMMAND: POST /session/999fc64afd1230ec64a2dd58c909e126/execute/async - {"script":"<script> [1562 bytes]","args":[{"selector":{"id":"application-manageresources-display-component---newResourceUnit--WEIGHT_UNIT","interaction":{"idSuffix":"inner"}},"wdio_ui5_key":"applicationmanageresources-display-component---newResourceUnit--WEIGHT_UNIT"}]}
RESULT: {"script":"<script> [1562 bytes]","args":[{"selector":{"id":"application-manageresources-display-component---newResourceUnit--WEIGHT_UNIT","interaction":{"idSuffix":"inner"}},"wdio_ui5_key":"applicationmanageresources-display-component---newResourceUnit--WEIGHT_UNIT"}]}
RESULT: undefined
COMMAND: POST /session/999fc64afd1230ec64a2dd58c909e126/execute/async - {"script":"<script> [776 bytes]","args":[{"enterText":"Gram","selector":{"id":"application-manageresources-display-component---newResourceUnit--WEIGHT_UNIT","interaction":{"idSuffix":"inner"}},"clearTextFirst":true,"interactionType":"ENTER_TEXT"}]}
RESULT: {"script":"<script> [776 bytes]","args":[{"enterText":"Gram","selector":{"id":"application-manageresources-display-component---newResourceUnit--WEIGHT_UNIT","interaction":{"idSuffix":"inner"}},"clearTextFirst":true,"interactionType":"ENTER_TEXT"}]}
COMMAND: POST /session/999fc64afd1230ec64a2dd58c909e126/execute/async - {"script":"<script> [1562 bytes]","args":[{"selector":{"id":"application-manageresources-display-component---newResourceUnit--DIMENSION_UNIT","interaction":{"idSuffix":"inner"}},"wdio_ui5_key":"applicationmanageresources-display-component---newResourceUnit--DIMENSION_UNIT"}]}
RESULT: {"script":"<script> [1562 bytes]","args":[{"selector":{"id":"application-manageresources-display-component---newResourceUnit--DIMENSION_UNIT","interaction":{"idSuffix":"inner"}},"wdio_ui5_key":"applicationmanageresources-display-component---newResourceUnit--DIMENSION_UNIT"}]}
RESULT: undefined
COMMAND: POST /session/999fc64afd1230ec64a2dd58c909e126/execute/async - {"script":"<script> [776 bytes]","args":[{"enterText":"Meter","selector":{"id":"application-manageresources-display-component---newResourceUnit--DIMENSION_UNIT","interaction":{"idSuffix":"inner"}},"clearTextFirst":true,"interactionType":"ENTER_TEXT"}]}
RESULT: {"script":"<script> [776 bytes]","args":[{"enterText":"Meter","selector":{"id":"application-manageresources-display-component---newResourceUnit--DIMENSION_UNIT","interaction":{"idSuffix":"inner"}},"clearTextFirst":true,"interactionType":"ENTER_TEXT"}]}
COMMAND: POST /session/999fc64afd1230ec64a2dd58c909e126/execute/async - {"script":"<script> [1562 bytes]","args":[{"selector":{"id":"application-manageresources-display-component---newResourceUnit--newRRUPage-anchBar-application-manageresources-display-component---newResourceUnit--control-anchor","interaction":{"idSuffix":"BDI-content"}},"wdio_ui5_key":"applicationmanageresources-display-component---newResourceUnit--newRRUPage-anchBar-application-manageresources-display-component---newResourceUnit--control-anchor"}]}
RESULT: {"script":"<script> [1562 bytes]","args":[{"selector":{"id":"application-manageresources-display-component---newResourceUnit--newRRUPage-anchBar-application-manageresources-display-component---newResourceUnit--control-anchor","interaction":{"idSuffix":"BDI-content"}},"wdio_ui5_key":"applicationmanageresources-display-component---newResourceUnit--newRRUPage-anchBar-application-manageresources-display-component---newResourceUnit--control-anchor"}]}
RESULT: undefined
COMMAND: POST /session/999fc64afd1230ec64a2dd58c909e126/element - {"using":"xpath","value":"//*[@id=\"application-manageresources-display-component---newResourceUnit--newRRUPage-anchBar-application-manageresources-display-component---newResourceUnit--control-anchor\"]"}
RESULT: {"using":"xpath","value":"//*[@id=\"application-manageresources-display-component---newResourceUnit--newRRUPage-anchBar-application-manageresources-display-component---newResourceUnit--control-anchor\"]"}
COMMAND: POST /session/999fc64afd1230ec64a2dd58c909e126/element/f.8D00E63E7445179AA59B17F8E6C27F98.d.4F730416685309242E39E8FB65BFF6E9.e.18004/click - {}
RESULT: {}
COMMAND: POST /session/999fc64afd1230ec64a2dd58c909e126/execute/async - {"script":"<script> [1562 bytes]","args":[{"selector":{"id":"application-manageresources-display-component---newResourceUnit--PLANNING_GROUP","interaction":{"idSuffix":"inner"}},"wdio_ui5_key":"applicationmanageresources-display-component---newResourceUnit--PLANNING_GROUP"}]}
COMMAND: GET /session/999fc64afd1230ec64a2dd58c909e126/screenshot - {}
RESULT: {"script":"<script> [1562 bytes]","args":[{"selector":{"id":"application-manageresources-display-component---newResourceUnit--PLANNING_GROUP","interaction":{"idSuffix":"inner"}},"wdio_ui5_key":"applicationmanageresources-display-component---newResourceUnit--PLANNING_GROUP"}]}
RESULT: undefined
COMMAND: POST /session/999fc64afd1230ec64a2dd58c909e126/execute/async - {"script":"<script> [776 bytes]","args":[{"enterText":"Heavy Equi","selector":{"id":"application-manageresources-display-component---newResourceUnit--PLANNING_GROUP","interaction":{"idSuffix":"inner"}},"clearTextFirst":true,"interactionType":"ENTER_TEXT"}]}
RESULT: {}
RESULT: {"script":"<script> [776 bytes]","args":[{"enterText":"Heavy Equi","selector":{"id":"application-manageresources-display-component---newResourceUnit--PLANNING_GROUP","interaction":{"idSuffix":"inner"}},"clearTextFirst":true,"interactionType":"ENTER_TEXT"}]}
COMMAND: POST /session/999fc64afd1230ec64a2dd58c909e126/execute/async - {"script":"<script> [1562 bytes]","args":[{"selector":{"id":"application-manageresources-display-component---newResourceUnit--ITEM_TYPE-arrow"},"wdio_ui5_key":"applicationmanageresources-display-component---newResourceUnit--ITEM_TYPE-arrow"}]}
RESULT: {"script":"<script> [1562 bytes]","args":[{"selector":{"id":"application-manageresources-display-component---newResourceUnit--ITEM_TYPE-arrow"},"wdio_ui5_key":"applicationmanageresources-display-component---newResourceUnit--ITEM_TYPE-arrow"}]}
RESULT: undefined
COMMAND: POST /session/999fc64afd1230ec64a2dd58c909e126/element - {"using":"xpath","value":"//*[@id=\"application-manageresources-display-component---newResourceUnit--ITEM_TYPE-arrow\"]"}
RESULT: {"using":"xpath","value":"//*[@id=\"application-manageresources-display-component---newResourceUnit--ITEM_TYPE-arrow\"]"}
COMMAND: POST /session/999fc64afd1230ec64a2dd58c909e126/element/f.8D00E63E7445179AA59B17F8E6C27F98.d.4F730416685309242E39E8FB65BFF6E9.e.18011/click - {}
RESULT: {}
COMMAND: POST /session/999fc64afd1230ec64a2dd58c909e126/element - {"using":"xpath","value":"(//span[contains(text(), \"Resource Unit\")])[2]"}
COMMAND: GET /session/999fc64afd1230ec64a2dd58c909e126/screenshot - {}
RESULT: {"using":"xpath","value":"(//span[contains(text(), \"Resource Unit\")])[2]"}
COMMAND: POST /session/999fc64afd1230ec64a2dd58c909e126/element/f.8D00E63E7445179AA59B17F8E6C27F98.d.4F730416685309242E39E8FB65BFF6E9.e.18012/click - {}
RESULT: {}
RESULT: {}
COMMAND: GET /session/999fc64afd1230ec64a2dd58c909e126/screenshot - {}
RESULT: {}
COMMAND: POST /session/999fc64afd1230ec64a2dd58c909e126/element - {"using":"css selector","value":"#application-manageresources-display-component---newResourceUnit--btnAddTimeSegment"}
RESULT: {"using":"css selector","value":"#application-manageresources-display-component---newResourceUnit--btnAddTimeSegment"}
COMMAND: GET /session/999fc64afd1230ec64a2dd58c909e126/element/f.8D00E63E7445179AA59B17F8E6C27F98.d.4F730416685309242E39E8FB65BFF6E9.e.18013/rect - {}
RESULT: {}
COMMAND: GET /session/999fc64afd1230ec64a2dd58c909e126/window/rect - {}
RESULT: {}
COMMAND: POST /session/999fc64afd1230ec64a2dd58c909e126/execute/sync - {"script":"<script> [92 bytes]","args":[]}
RESULT: {"script":"<script> [92 bytes]","args":[]}
COMMAND: POST /session/999fc64afd1230ec64a2dd58c909e126/actions - {"actions":[{"id":"action61","type":"wheel","parameters":{},"actions":[{"type":"scroll","x":-1888,"y":-32,"deltaX":0,"deltaY":0,"duration":0,"origin":{"element-6066-11e4-a52e-4f735466cecf":"f.8D00E63E7445179AA59B17F8E6C27F98.d.4F730416685309242E39E8FB65BFF6E9.e.18013"}}]}]}
COMMAND: GET /session/999fc64afd1230ec64a2dd58c909e126/screenshot - {}
RESULT: {}
COMMAND: POST /session/999fc64afd1230ec64a2dd58c909e126/execute/sync - {"script":"<script> [79 bytes]","args":[{"element-6066-11e4-a52e-4f735466cecf":"f.8D00E63E7445179AA59B17F8E6C27F98.d.4F730416685309242E39E8FB65BFF6E9.e.18013","ELEMENT":"f.8D00E63E7445179AA59B17F8E6C27F98.d.4F730416685309242E39E8FB65BFF6E9.e.18013"},{"block":"start","inline":"nearest"}]}
RESULT: {"script":"<script> [79 bytes]","args":[{"element-6066-11e4-a52e-4f735466cecf":"f.8D00E63E7445179AA59B17F8E6C27F98.d.4F730416685309242E39E8FB65BFF6E9.e.18013","ELEMENT":"f.8D00E63E7445179AA59B17F8E6C27F98.d.4F730416685309242E39E8FB65BFF6E9.e.18013"},{"block":"start","inline":"nearest"}]}
COMMAND: POST /session/999fc64afd1230ec64a2dd58c909e126/execute/async - {"script":"<script> [1562 bytes]","args":[{"selector":{"id":"application-manageresources-display-component---newResourceUnit--btnAddTimeSegment","interaction":{"idSuffix":"inner"}},"wdio_ui5_key":"applicationmanageresources-display-component---newResourceUnit--btnAddTimeSegment"}]}
COMMAND: GET /session/999fc64afd1230ec64a2dd58c909e126/screenshot - {}
RESULT: {"script":"<script> [1562 bytes]","args":[{"selector":{"id":"application-manageresources-display-component---newResourceUnit--btnAddTimeSegment","interaction":{"idSuffix":"inner"}},"wdio_ui5_key":"applicationmanageresources-display-component---newResourceUnit--btnAddTimeSegment"}]}
RESULT: undefined
COMMAND: POST /session/999fc64afd1230ec64a2dd58c909e126/element - {"using":"xpath","value":"//*[@id=\"application-manageresources-display-component---newResourceUnit--btnAddTimeSegment\"]"}
RESULT: {}
RESULT: {"using":"xpath","value":"//*[@id=\"application-manageresources-display-component---newResourceUnit--btnAddTimeSegment\"]"}
COMMAND: POST /session/999fc64afd1230ec64a2dd58c909e126/element/f.8D00E63E7445179AA59B17F8E6C27F98.d.4F730416685309242E39E8FB65BFF6E9.e.18013/click - {}
RESULT: {}
COMMAND: GET /session/999fc64afd1230ec64a2dd58c909e126/screenshot - {}
RESULT: {}
COMMAND: POST /session/999fc64afd1230ec64a2dd58c909e126/element - {"using":"xpath","value":"//input[@id=\"application-manageresources-display-component---newResourceUnit--idRuTSAdmin-application-manageresources-display-component---newResourceUnit--RUTimeSegment-0-inner\"]"}
RESULT: {"using":"xpath","value":"//input[@id=\"application-manageresources-display-component---newResourceUnit--idRuTSAdmin-application-manageresources-display-component---newResourceUnit--RUTimeSegment-0-inner\"]"}
COMMAND: POST /session/999fc64afd1230ec64a2dd58c909e126/element/f.8D00E63E7445179AA59B17F8E6C27F98.d.4F730416685309242E39E8FB65BFF6E9.e.18019/clear - {}
RESULT: {}
COMMAND: POST /session/999fc64afd1230ec64a2dd58c909e126/element/f.8D00E63E7445179AA59B17F8E6C27F98.d.4F730416685309242E39E8FB65BFF6E9.e.18019/value - {"text":"619"}
COMMAND: GET /session/999fc64afd1230ec64a2dd58c909e126/screenshot - {}
RESULT: {"text":"619"}
COMMAND: GET /session/999fc64afd1230ec64a2dd58c909e126/screenshot - {}
RESULT: {}
RESULT: {}
COMMAND: POST /session/999fc64afd1230ec64a2dd58c909e126/element - {"using":"xpath","value":"//li[.//span[text()='619']]"}
RESULT: {"using":"xpath","value":"//li[.//span[text()='619']]"}
COMMAND: POST /session/999fc64afd1230ec64a2dd58c909e126/element/f.8D00E63E7445179AA59B17F8E6C27F98.d.4F730416685309242E39E8FB65BFF6E9.e.18031/click - {}
RESULT: {}
COMMAND: GET /session/999fc64afd1230ec64a2dd58c909e126/screenshot - {}
RESULT: {}
COMMAND: POST /session/999fc64afd1230ec64a2dd58c909e126/element - {"using":"xpath","value":"(//span[contains(@id, \"-application-manageresources-display-component---newResourceUnit--RUTimeSegment-0-arrow\")])[6]"}
RESULT: {"using":"xpath","value":"(//span[contains(@id, \"-application-manageresources-display-component---newResourceUnit--RUTimeSegment-0-arrow\")])[6]"}
COMMAND: POST /session/999fc64afd1230ec64a2dd58c909e126/element/f.8D00E63E7445179AA59B17F8E6C27F98.d.4F730416685309242E39E8FB65BFF6E9.e.18032/click - {}
RESULT: {}
COMMAND: GET /session/999fc64afd1230ec64a2dd58c909e126/screenshot - {}
RESULT: {}
COMMAND: POST /session/999fc64afd1230ec64a2dd58c909e126/element - {"using":"xpath","value":"//span[contains(text(), \"PM Order\")]"}
RESULT: {"using":"xpath","value":"//span[contains(text(), \"PM Order\")]"}
COMMAND: POST /session/999fc64afd1230ec64a2dd58c909e126/element/f.8D00E63E7445179AA59B17F8E6C27F98.d.4F730416685309242E39E8FB65BFF6E9.e.18035/click - {}
RESULT: {}
COMMAND: GET /session/999fc64afd1230ec64a2dd58c909e126/screenshot - {}
RESULT: {}
COMMAND: POST /session/999fc64afd1230ec64a2dd58c909e126/element - {"using":"xpath","value":"(//span[contains(@id ,\"manageresources-display-component---newResourceUnit--RUTimeSegment-0-vhi\")])[1]"}
RESULT: {"using":"xpath","value":"(//span[contains(@id ,\"manageresources-display-component---newResourceUnit--RUTimeSegment-0-vhi\")])[1]"}
COMMAND: GET /session/999fc64afd1230ec64a2dd58c909e126/element/f.8D00E63E7445179AA59B17F8E6C27F98.d.4F730416685309242E39E8FB65BFF6E9.e.18039/rect - {}
RESULT: {}
COMMAND: GET /session/999fc64afd1230ec64a2dd58c909e126/window/rect - {}
RESULT: {}
COMMAND: POST /session/999fc64afd1230ec64a2dd58c909e126/execute/sync - {"script":"<script> [92 bytes]","args":[]}
RESULT: {"script":"<script> [92 bytes]","args":[]}
COMMAND: POST /session/999fc64afd1230ec64a2dd58c909e126/actions - {"actions":[{"id":"action62","type":"wheel","parameters":{},"actions":[{"type":"scroll","x":-869,"y":-24,"deltaX":0,"deltaY":0,"duration":0,"origin":{"element-6066-11e4-a52e-4f735466cecf":"f.8D00E63E7445179AA59B17F8E6C27F98.d.4F730416685309242E39E8FB65BFF6E9.e.18039"}}]}]}
COMMAND: GET /session/999fc64afd1230ec64a2dd58c909e126/screenshot - {}
RESULT: {"actions":[{"id":"action62","type":"wheel","parameters":{},"actions":[{"type":"scroll","x":-869,"y":-24,"deltaX":0,"deltaY":0,"duration":0,"origin":{"element-6066-11e4-a52e-4f735466cecf":"f.8D00E63E7445179AA59B17F8E6C27F98.d.4F730416685309242E39E8FB65BFF6E9.e.18039"}}]}]}
COMMAND: DELETE /session/999fc64afd1230ec64a2dd58c909e126/actions - {}
COMMAND: GET /session/999fc64afd1230ec64a2dd58c909e126/screenshot - {}
RESULT: {}
RESULT: {}
COMMAND: GET /session/999fc64afd1230ec64a2dd58c909e126/screenshot - {}
RESULT: {}
RESULT: {}
COMMAND: POST /session/999fc64afd1230ec64a2dd58c909e126/element/f.8D00E63E7445179AA59B17F8E6C27F98.d.4F730416685309242E39E8FB65BFF6E9.e.18039/click - {}
RESULT: {}
COMMAND: GET /session/999fc64afd1230ec64a2dd58c909e126/screenshot - {}
RESULT: {}
COMMAND: POST /session/999fc64afd1230ec64a2dd58c909e126/execute/async - {"script":"<script> [1562 bytes]","args":[{"selector":{"controlType":"sap.m.SearchField","properties":{"placeholder":"Search"},"searchOpenDialogs":true,"interaction":{"idSuffix":"I"}},"wdio_ui5_key":"sapm.SearchField{\"placeholder\":\"Search\"}"}]}
RESULT: {"script":"<script> [1562 bytes]","args":[{"selector":{"controlType":"sap.m.SearchField","properties":{"placeholder":"Search"},"searchOpenDialogs":true,"interaction":{"idSuffix":"I"}},"wdio_ui5_key":"sapm.SearchField{\"placeholder\":\"Search\"}"}]}
RESULT: undefined
COMMAND: POST /session/999fc64afd1230ec64a2dd58c909e126/execute/async - {"script":"<script> [776 bytes]","args":[{"enterText":"4000360","selector":{"controlType":"sap.m.SearchField","properties":{"placeholder":"Search"},"searchOpenDialogs":true,"interaction":{"idSuffix":"I"}},"clearTextFirst":true,"interactionType":"ENTER_TEXT"}]}
RESULT: {"script":"<script> [776 bytes]","args":[{"enterText":"4000360","selector":{"controlType":"sap.m.SearchField","properties":{"placeholder":"Search"},"searchOpenDialogs":true,"interaction":{"idSuffix":"I"}},"clearTextFirst":true,"interactionType":"ENTER_TEXT"}]}
COMMAND: POST /session/999fc64afd1230ec64a2dd58c909e126/actions - {"actions":[{"id":"action63","type":"key","parameters":{},"actions":[{"type":"keyDown","value":"î€‡"},{"type":"pause","duration":10},{"type":"keyUp","value":"î€‡"}]}]}
RESULT: {"actions":[{"id":"action63","type":"key","parameters":{},"actions":[{"type":"keyDown","value":"î€‡"},{"type":"pause","duration":10},{"type":"keyUp","value":"î€‡"}]}]}
COMMAND: GET /session/999fc64afd1230ec64a2dd58c909e126/screenshot - {}
RESULT: {}
COMMAND: POST /session/999fc64afd1230ec64a2dd58c909e126/element - {"using":"xpath","value":"//td/div/span[contains(text(), \"BGL Vehicles\")]"}
RESULT: {"using":"xpath","value":"//td/div/span[contains(text(), \"BGL Vehicles\")]"}
COMMAND: POST /session/999fc64afd1230ec64a2dd58c909e126/element/f.8D00E63E7445179AA59B17F8E6C27F98.d.4F730416685309242E39E8FB65BFF6E9.e.18060/click - {}
RESULT: {}
COMMAND: GET /session/999fc64afd1230ec64a2dd58c909e126/screenshot - {}
RESULT: {}
COMMAND: POST /session/999fc64afd1230ec64a2dd58c909e126/element - {"using":"xpath","value":"//bdi[contains(text(), \"OK\")]"}
RESULT: {"using":"xpath","value":"//bdi[contains(text(), \"OK\")]"}
COMMAND: POST /session/999fc64afd1230ec64a2dd58c909e126/element/f.8D00E63E7445179AA59B17F8E6C27F98.d.4F730416685309242E39E8FB65BFF6E9.e.18061/click - {}
RESULT: {}
COMMAND: GET /session/999fc64afd1230ec64a2dd58c909e126/screenshot - {}
RESULT: {}
COMMAND: POST /session/999fc64afd1230ec64a2dd58c909e126/execute/async - {"script":"<script> [1562 bytes]","args":[{"selector":{"id":"application-manageresources-display-component---newResourceUnit--newRRUPage-anchBar-application-manageresources-display-component---newResourceUnit--resource-anchor","interaction":{"idSuffix":"BDI-content"}},"wdio_ui5_key":"applicationmanageresources-display-component---newResourceUnit--newRRUPage-anchBar-application-manageresources-display-component---newResourceUnit--resource-anchor"}]}
RESULT: {"script":"<script> [1562 bytes]","args":[{"selector":{"id":"application-manageresources-display-component---newResourceUnit--newRRUPage-anchBar-application-manageresources-display-component---newResourceUnit--resource-anchor","interaction":{"idSuffix":"BDI-content"}},"wdio_ui5_key":"applicationmanageresources-display-component---newResourceUnit--newRRUPage-anchBar-application-manageresources-display-component---newResourceUnit--resource-anchor"}]}
RESULT: undefined
COMMAND: POST /session/999fc64afd1230ec64a2dd58c909e126/element - {"using":"xpath","value":"//*[@id=\"application-manageresources-display-component---newResourceUnit--newRRUPage-anchBar-application-manageresources-display-component---newResourceUnit--resource-anchor\"]"}
RESULT: {"using":"xpath","value":"//*[@id=\"application-manageresources-display-component---newResourceUnit--newRRUPage-anchBar-application-manageresources-display-component---newResourceUnit--resource-anchor\"]"}
COMMAND: POST /session/999fc64afd1230ec64a2dd58c909e126/element/f.8D00E63E7445179AA59B17F8E6C27F98.d.4F730416685309242E39E8FB65BFF6E9.e.18065/click - {}
RESULT: {}
COMMAND: POST /session/999fc64afd1230ec64a2dd58c909e126/execute/async - {"script":"<script> [1562 bytes]","args":[{"selector":{"id":"application-manageresources-display-component---newResourceUnit--PLANNED_DELIVERY_DATE","interaction":{"idSuffix":"inner"}},"wdio_ui5_key":"applicationmanageresources-display-component---newResourceUnit--PLANNED_DELIVERY_DATE"}]}
COMMAND: GET /session/999fc64afd1230ec64a2dd58c909e126/screenshot - {}
RESULT: {"script":"<script> [1562 bytes]","args":[{"selector":{"id":"application-manageresources-display-component---newResourceUnit--PLANNED_DELIVERY_DATE","interaction":{"idSuffix":"inner"}},"wdio_ui5_key":"applicationmanageresources-display-component---newResourceUnit--PLANNED_DELIVERY_DATE"}]}
RESULT: undefined
COMMAND: POST /session/999fc64afd1230ec64a2dd58c909e126/execute/async - {"script":"<script> [6424 bytes]","args":[{"element-6066-11e4-a52e-4f735466cecf":"f.8D00E63E7445179AA59B17F8E6C27F98.d.4F730416685309242E39E8FB65BFF6E9.e.17927"},"setValue",["5/6/25"]]}
RESULT: {}
RESULT: {"script":"<script> [6424 bytes]","args":[{"element-6066-11e4-a52e-4f735466cecf":"f.8D00E63E7445179AA59B17F8E6C27F98.d.4F730416685309242E39E8FB65BFF6E9.e.17927"},"setValue",["5/6/25"]]}
COMMAND: POST /session/999fc64afd1230ec64a2dd58c909e126/element - {"using":"xpath","value":"//button[@data-kt=\"resourceUnitSaveButton\"]"}
RESULT: {"using":"xpath","value":"//button[@data-kt=\"resourceUnitSaveButton\"]"}
COMMAND: POST /session/999fc64afd1230ec64a2dd58c909e126/element/f.8D00E63E7445179AA59B17F8E6C27F98.d.4F730416685309242E39E8FB65BFF6E9.e.17888/click - {}
RESULT: {}
COMMAND: GET /session/999fc64afd1230ec64a2dd58c909e126/screenshot - {}
RESULT: {}
COMMAND: POST /session/999fc64afd1230ec64a2dd58c909e126/element - {"using":"xpath","value":"//bdi[contains(text(), \"Close\")]"}
RESULT: {"using":"xpath","value":"//bdi[contains(text(), \"Close\")]"}
COMMAND: POST /session/999fc64afd1230ec64a2dd58c909e126/element/f.8D00E63E7445179AA59B17F8E6C27F98.d.4F730416685309242E39E8FB65BFF6E9.e.18075/click - {}
RESULT: {}
COMMAND: GET /session/999fc64afd1230ec64a2dd58c909e126/screenshot - {}
RESULT: {}
COMMAND: POST /session/999fc64afd1230ec64a2dd58c909e126/element - {"using":"xpath","value":"(//button[contains(@id ,\"actionsToolbar-overflowButton\")])[1]"}
RESULT: {"using":"xpath","value":"(//button[contains(@id ,\"actionsToolbar-overflowButton\")])[1]"}
COMMAND: POST /session/999fc64afd1230ec64a2dd58c909e126/element/f.8D00E63E7445179AA59B17F8E6C27F98.d.4F730416685309242E39E8FB65BFF6E9.e.18108/click - {}
RESULT: {}
COMMAND: GET /session/999fc64afd1230ec64a2dd58c909e126/screenshot - {}
RESULT: {}
COMMAND: POST /session/999fc64afd1230ec64a2dd58c909e126/element - {"using":"xpath","value":"//button[@data-kt=\"priceInfoButton\"]"}
RESULT: {"using":"xpath","value":"//button[@data-kt=\"priceInfoButton\"]"}
COMMAND: POST /session/999fc64afd1230ec64a2dd58c909e126/element/f.8D00E63E7445179AA59B17F8E6C27F98.d.4F730416685309242E39E8FB65BFF6E9.e.18110/click - {}
RESULT: {}
COMMAND: GET /session/999fc64afd1230ec64a2dd58c909e126/screenshot - {}
RESULT: {}
]]></system-out>
    </testcase>
    <testcase classname="chrome.135_0_7049_96.windows.Create_Reverse_Billing_US127248" name="Should create a pricing procedure" time="46.677">
      <system-out><![CDATA[
COMMAND: POST /session/999fc64afd1230ec64a2dd58c909e126/element - {"using":"xpath","value":"//button[@data-kt=\"addButton\"]"}
RESULT: {"using":"xpath","value":"//button[@data-kt=\"addButton\"]"}
COMMAND: POST /session/999fc64afd1230ec64a2dd58c909e126/elements - {"using":"xpath","value":"//button[@data-kt=\"addButton\"]"}
RESULT: {"using":"xpath","value":"//button[@data-kt=\"addButton\"]"}
COMMAND: POST /session/999fc64afd1230ec64a2dd58c909e126/elements - {"using":"xpath","value":"//button[@data-kt=\"addButton\"]"}
RESULT: {"using":"xpath","value":"//button[@data-kt=\"addButton\"]"}
COMMAND: POST /session/999fc64afd1230ec64a2dd58c909e126/element - {"using":"xpath","value":"//button[@data-kt=\"addButton\"]"}
RESULT: {"using":"xpath","value":"//button[@data-kt=\"addButton\"]"}
COMMAND: POST /session/999fc64afd1230ec64a2dd58c909e126/execute/sync - {"script":"<script> [8489 bytes]","args":[{"element-6066-11e4-a52e-4f735466cecf":"f.8D00E63E7445179AA59B17F8E6C27F98.d.4F730416685309242E39E8FB65BFF6E9.e.18146","ELEMENT":"f.8D00E63E7445179AA59B17F8E6C27F98.d.4F730416685309242E39E8FB65BFF6E9.e.18146"}]}
RESULT: {"script":"<script> [8489 bytes]","args":[{"element-6066-11e4-a52e-4f735466cecf":"f.8D00E63E7445179AA59B17F8E6C27F98.d.4F730416685309242E39E8FB65BFF6E9.e.18146","ELEMENT":"f.8D00E63E7445179AA59B17F8E6C27F98.d.4F730416685309242E39E8FB65BFF6E9.e.18146"}]}
COMMAND: GET /session/999fc64afd1230ec64a2dd58c909e126/element/f.8D00E63E7445179AA59B17F8E6C27F98.d.4F730416685309242E39E8FB65BFF6E9.e.18146/enabled - {}
COMMAND: GET /session/999fc64afd1230ec64a2dd58c909e126/screenshot - {}
RESULT: {}
COMMAND: POST /session/999fc64afd1230ec64a2dd58c909e126/execute/sync - {"script":"<script> [8489 bytes]","args":[{"element-6066-11e4-a52e-4f735466cecf":"f.8D00E63E7445179AA59B17F8E6C27F98.d.4F730416685309242E39E8FB65BFF6E9.e.18146","ELEMENT":"f.8D00E63E7445179AA59B17F8E6C27F98.d.4F730416685309242E39E8FB65BFF6E9.e.18146"}]}
COMMAND: GET /session/999fc64afd1230ec64a2dd58c909e126/screenshot - {}
RESULT: {}
RESULT: {"script":"<script> [8489 bytes]","args":[{"element-6066-11e4-a52e-4f735466cecf":"f.8D00E63E7445179AA59B17F8E6C27F98.d.4F730416685309242E39E8FB65BFF6E9.e.18146","ELEMENT":"f.8D00E63E7445179AA59B17F8E6C27F98.d.4F730416685309242E39E8FB65BFF6E9.e.18146"}]}
COMMAND: POST /session/999fc64afd1230ec64a2dd58c909e126/execute/sync - {"script":"<script> [5351 bytes]","args":[{"element-6066-11e4-a52e-4f735466cecf":"f.8D00E63E7445179AA59B17F8E6C27F98.d.4F730416685309242E39E8FB65BFF6E9.e.18146","ELEMENT":"f.8D00E63E7445179AA59B17F8E6C27F98.d.4F730416685309242E39E8FB65BFF6E9.e.18146"}]}
COMMAND: GET /session/999fc64afd1230ec64a2dd58c909e126/screenshot - {}
RESULT: {}
RESULT: {"script":"<script> [5351 bytes]","args":[{"element-6066-11e4-a52e-4f735466cecf":"f.8D00E63E7445179AA59B17F8E6C27F98.d.4F730416685309242E39E8FB65BFF6E9.e.18146","ELEMENT":"f.8D00E63E7445179AA59B17F8E6C27F98.d.4F730416685309242E39E8FB65BFF6E9.e.18146"}]}
COMMAND: POST /session/999fc64afd1230ec64a2dd58c909e126/element/f.8D00E63E7445179AA59B17F8E6C27F98.d.4F730416685309242E39E8FB65BFF6E9.e.18146/click - {}
COMMAND: GET /session/999fc64afd1230ec64a2dd58c909e126/screenshot - {}
RESULT: {}
RESULT: {}
COMMAND: GET /session/999fc64afd1230ec64a2dd58c909e126/screenshot - {}
RESULT: {}
RESULT: {}
COMMAND: POST /session/999fc64afd1230ec64a2dd58c909e126/execute/async - {"script":"<script> [1562 bytes]","args":[{"selector":{"controlType":"sap.m.Title","viewName":"etm.portal.ui.managepricingrules.view.NewItem","viewId":"application-managepricingrules-display-component---newInfoPriceItem","properties":{"text":"New Pricing Rules - Item Level"}},"wdio_ui5_key":"etmportal.ui.managepricingrules.view.NewItemsap.m.Title{\"text\":\"New Pricing Rules - Item Level\"}"}]}
RESULT: {"script":"<script> [1562 bytes]","args":[{"selector":{"controlType":"sap.m.Title","viewName":"etm.portal.ui.managepricingrules.view.NewItem","viewId":"application-managepricingrules-display-component---newInfoPriceItem","properties":{"text":"New Pricing Rules - Item Level"}},"wdio_ui5_key":"etmportal.ui.managepricingrules.view.NewItemsap.m.Title{\"text\":\"New Pricing Rules - Item Level\"}"}]}
RESULT: undefined
COMMAND: POST /session/999fc64afd1230ec64a2dd58c909e126/execute/async - {"script":"<script> [6424 bytes]","args":[{"element-6066-11e4-a52e-4f735466cecf":"f.8D00E63E7445179AA59B17F8E6C27F98.d.4F730416685309242E39E8FB65BFF6E9.e.18315"},"getText",[]]}
RESULT: {"script":"<script> [6424 bytes]","args":[{"element-6066-11e4-a52e-4f735466cecf":"f.8D00E63E7445179AA59B17F8E6C27F98.d.4F730416685309242E39E8FB65BFF6E9.e.18315"},"getText",[]]}
COMMAND: POST /session/999fc64afd1230ec64a2dd58c909e126/execute/async - {"script":"<script> [1562 bytes]","args":[{"selector":{"id":"application-managepricingrules-display-component---newInfoPriceItem--condValidTo","interaction":{"idSuffix":"inner"}},"wdio_ui5_key":"applicationmanagepricingrules-display-component---newInfoPriceItem--condValidTo"}]}
RESULT: {"script":"<script> [1562 bytes]","args":[{"selector":{"id":"application-managepricingrules-display-component---newInfoPriceItem--condValidTo","interaction":{"idSuffix":"inner"}},"wdio_ui5_key":"applicationmanagepricingrules-display-component---newInfoPriceItem--condValidTo"}]}
RESULT: undefined
COMMAND: POST /session/999fc64afd1230ec64a2dd58c909e126/execute/async - {"script":"<script> [776 bytes]","args":[{"enterText":"01/06/26","selector":{"id":"application-managepricingrules-display-component---newInfoPriceItem--condValidTo","interaction":{"idSuffix":"inner"}},"clearTextFirst":true,"interactionType":"ENTER_TEXT"}]}
RESULT: {"script":"<script> [776 bytes]","args":[{"enterText":"01/06/26","selector":{"id":"application-managepricingrules-display-component---newInfoPriceItem--condValidTo","interaction":{"idSuffix":"inner"}},"clearTextFirst":true,"interactionType":"ENTER_TEXT"}]}
COMMAND: POST /session/999fc64afd1230ec64a2dd58c909e126/execute/async - {"script":"<script> [1562 bytes]","args":[{"selector":{"id":"application-managepricingrules-display-component---newInfoPriceItem--billType-arrow"},"wdio_ui5_key":"applicationmanagepricingrules-display-component---newInfoPriceItem--billType-arrow"}]}
RESULT: {"script":"<script> [1562 bytes]","args":[{"selector":{"id":"application-managepricingrules-display-component---newInfoPriceItem--billType-arrow"},"wdio_ui5_key":"applicationmanagepricingrules-display-component---newInfoPriceItem--billType-arrow"}]}
RESULT: undefined
COMMAND: POST /session/999fc64afd1230ec64a2dd58c909e126/element - {"using":"xpath","value":"//*[@id=\"application-managepricingrules-display-component---newInfoPriceItem--billType-arrow\"]"}
RESULT: {"using":"xpath","value":"//*[@id=\"application-managepricingrules-display-component---newInfoPriceItem--billType-arrow\"]"}
COMMAND: POST /session/999fc64afd1230ec64a2dd58c909e126/element/f.8D00E63E7445179AA59B17F8E6C27F98.d.4F730416685309242E39E8FB65BFF6E9.e.18277/click - {}
RESULT: {}
COMMAND: POST /session/999fc64afd1230ec64a2dd58c909e126/element - {"using":"xpath","value":"//span[contains(text(), \"TB - Time based\")]"}
COMMAND: GET /session/999fc64afd1230ec64a2dd58c909e126/screenshot - {}
RESULT: {"using":"xpath","value":"//span[contains(text(), \"TB - Time based\")]"}
COMMAND: POST /session/999fc64afd1230ec64a2dd58c909e126/element/f.8D00E63E7445179AA59B17F8E6C27F98.d.4F730416685309242E39E8FB65BFF6E9.e.18318/click - {}
RESULT: {}
RESULT: {}
COMMAND: POST /session/999fc64afd1230ec64a2dd58c909e126/execute/async - {"script":"<script> [1562 bytes]","args":[{"selector":{"id":"application-managepricingrules-display-component---newInfoPriceItem--priceProc-arrow"},"wdio_ui5_key":"applicationmanagepricingrules-display-component---newInfoPriceItem--priceProc-arrow"}]}
COMMAND: GET /session/999fc64afd1230ec64a2dd58c909e126/screenshot - {}
RESULT: {"script":"<script> [1562 bytes]","args":[{"selector":{"id":"application-managepricingrules-display-component---newInfoPriceItem--priceProc-arrow"},"wdio_ui5_key":"applicationmanagepricingrules-display-component---newInfoPriceItem--priceProc-arrow"}]}
RESULT: undefined
COMMAND: POST /session/999fc64afd1230ec64a2dd58c909e126/element - {"using":"xpath","value":"//*[@id=\"application-managepricingrules-display-component---newInfoPriceItem--priceProc-arrow\"]"}
RESULT: {}
RESULT: {"using":"xpath","value":"//*[@id=\"application-managepricingrules-display-component---newInfoPriceItem--priceProc-arrow\"]"}
COMMAND: POST /session/999fc64afd1230ec64a2dd58c909e126/element/f.8D00E63E7445179AA59B17F8E6C27F98.d.4F730416685309242E39E8FB65BFF6E9.e.18284/click - {}
RESULT: {}
COMMAND: POST /session/999fc64afd1230ec64a2dd58c909e126/element - {"using":"xpath","value":"//span[contains(text(), \"TBS - Time based standard\")]"}
COMMAND: GET /session/999fc64afd1230ec64a2dd58c909e126/screenshot - {}
RESULT: {"using":"xpath","value":"//span[contains(text(), \"TBS - Time based standard\")]"}
COMMAND: POST /session/999fc64afd1230ec64a2dd58c909e126/element/f.8D00E63E7445179AA59B17F8E6C27F98.d.4F730416685309242E39E8FB65BFF6E9.e.18319/click - {}
RESULT: {}
RESULT: {}
COMMAND: POST /session/999fc64afd1230ec64a2dd58c909e126/execute/async - {"script":"<script> [1562 bytes]","args":[{"selector":{"id":"application-managepricingrules-display-component---newInfoPriceItem--calcBase-arrow"},"wdio_ui5_key":"applicationmanagepricingrules-display-component---newInfoPriceItem--calcBase-arrow"}]}
COMMAND: GET /session/999fc64afd1230ec64a2dd58c909e126/screenshot - {}
RESULT: {"script":"<script> [1562 bytes]","args":[{"selector":{"id":"application-managepricingrules-display-component---newInfoPriceItem--calcBase-arrow"},"wdio_ui5_key":"applicationmanagepricingrules-display-component---newInfoPriceItem--calcBase-arrow"}]}
RESULT: undefined
COMMAND: POST /session/999fc64afd1230ec64a2dd58c909e126/element - {"using":"xpath","value":"//*[@id=\"application-managepricingrules-display-component---newInfoPriceItem--calcBase-arrow\"]"}
RESULT: {}
RESULT: {"using":"xpath","value":"//*[@id=\"application-managepricingrules-display-component---newInfoPriceItem--calcBase-arrow\"]"}
COMMAND: POST /session/999fc64afd1230ec64a2dd58c909e126/element/f.8D00E63E7445179AA59B17F8E6C27F98.d.4F730416685309242E39E8FB65BFF6E9.e.18291/click - {}
RESULT: {}
COMMAND: GET /session/999fc64afd1230ec64a2dd58c909e126/screenshot - {}
RESULT: {}
COMMAND: POST /session/999fc64afd1230ec64a2dd58c909e126/element - {"using":"xpath","value":"//span[contains(text(), \"0006 - TB(calendar days)\")]"}
RESULT: {"using":"xpath","value":"//span[contains(text(), \"0006 - TB(calendar days)\")]"}
COMMAND: POST /session/999fc64afd1230ec64a2dd58c909e126/element/f.8D00E63E7445179AA59B17F8E6C27F98.d.4F730416685309242E39E8FB65BFF6E9.e.18320/click - {}
RESULT: {}
COMMAND: GET /session/999fc64afd1230ec64a2dd58c909e126/screenshot - {}
RESULT: {}
COMMAND: POST /session/999fc64afd1230ec64a2dd58c909e126/execute/async - {"script":"<script> [1562 bytes]","args":[{"selector":{"id":"application-managepricingrules-display-component---newInfoPriceItem--daysMonth","interaction":{"idSuffix":"inner"}},"wdio_ui5_key":"applicationmanagepricingrules-display-component---newInfoPriceItem--daysMonth"}]}
RESULT: {"script":"<script> [1562 bytes]","args":[{"selector":{"id":"application-managepricingrules-display-component---newInfoPriceItem--daysMonth","interaction":{"idSuffix":"inner"}},"wdio_ui5_key":"applicationmanagepricingrules-display-component---newInfoPriceItem--daysMonth"}]}
RESULT: undefined
COMMAND: POST /session/999fc64afd1230ec64a2dd58c909e126/execute/async - {"script":"<script> [776 bytes]","args":[{"enterText":"30","selector":{"id":"application-managepricingrules-display-component---newInfoPriceItem--daysMonth","interaction":{"idSuffix":"inner"}},"clearTextFirst":true,"interactionType":"ENTER_TEXT"}]}
RESULT: {"script":"<script> [776 bytes]","args":[{"enterText":"30","selector":{"id":"application-managepricingrules-display-component---newInfoPriceItem--daysMonth","interaction":{"idSuffix":"inner"}},"clearTextFirst":true,"interactionType":"ENTER_TEXT"}]}
COMMAND: POST /session/999fc64afd1230ec64a2dd58c909e126/element - {"using":"xpath","value":"//button[@data-kt=\"saveNewRuleButton\"]"}
RESULT: {"using":"xpath","value":"//button[@data-kt=\"saveNewRuleButton\"]"}
COMMAND: POST /session/999fc64afd1230ec64a2dd58c909e126/element/f.8D00E63E7445179AA59B17F8E6C27F98.d.4F730416685309242E39E8FB65BFF6E9.e.18311/click - {}
RESULT: {}
COMMAND: GET /session/999fc64afd1230ec64a2dd58c909e126/screenshot - {}
RESULT: {}
COMMAND: POST /session/999fc64afd1230ec64a2dd58c909e126/execute/async - {"script":"<script> [1562 bytes]","args":[{"selector":{"id":"application-managepricingrules-display-component---priceInfoItem--smartFilterBar-btnBasicSearch","interaction":{"idSuffix":"I"}},"wdio_ui5_key":"applicationmanagepricingrules-display-component---priceInfoItem--smartFilterBar-btnBasicSearch"}]}
RESULT: {"script":"<script> [1562 bytes]","args":[{"selector":{"id":"application-managepricingrules-display-component---priceInfoItem--smartFilterBar-btnBasicSearch","interaction":{"idSuffix":"I"}},"wdio_ui5_key":"applicationmanagepricingrules-display-component---priceInfoItem--smartFilterBar-btnBasicSearch"}]}
RESULT: undefined
COMMAND: POST /session/999fc64afd1230ec64a2dd58c909e126/execute/async - {"script":"<script> [776 bytes]","args":[{"enterText":"lD2k2FJ6j1","selector":{"id":"application-managepricingrules-display-component---priceInfoItem--smartFilterBar-btnBasicSearch","interaction":{"idSuffix":"I"}},"clearTextFirst":true,"interactionType":"ENTER_TEXT"}]}
RESULT: {"script":"<script> [776 bytes]","args":[{"enterText":"lD2k2FJ6j1","selector":{"id":"application-managepricingrules-display-component---priceInfoItem--smartFilterBar-btnBasicSearch","interaction":{"idSuffix":"I"}},"clearTextFirst":true,"interactionType":"ENTER_TEXT"}]}
COMMAND: POST /session/999fc64afd1230ec64a2dd58c909e126/actions - {"actions":[{"id":"action64","type":"key","parameters":{},"actions":[{"type":"keyDown","value":"î€‡"},{"type":"pause","duration":10},{"type":"keyUp","value":"î€‡"}]}]}
RESULT: {"actions":[{"id":"action64","type":"key","parameters":{},"actions":[{"type":"keyDown","value":"î€‡"},{"type":"pause","duration":10},{"type":"keyUp","value":"î€‡"}]}]}
COMMAND: GET /session/999fc64afd1230ec64a2dd58c909e126/screenshot - {}
RESULT: {}
COMMAND: POST /session/999fc64afd1230ec64a2dd58c909e126/element - {"using":"xpath","value":"//span[@id=\"application-managepricingrules-display-component---priceInfoItem--smartTable-header-inner\"]"}
RESULT: {"using":"xpath","value":"//span[@id=\"application-managepricingrules-display-component---priceInfoItem--smartTable-header-inner\"]"}
COMMAND: POST /session/999fc64afd1230ec64a2dd58c909e126/elements - {"using":"xpath","value":"//span[@id=\"application-managepricingrules-display-component---priceInfoItem--smartTable-header-inner\"]"}
RESULT: {"using":"xpath","value":"//span[@id=\"application-managepricingrules-display-component---priceInfoItem--smartTable-header-inner\"]"}
COMMAND: POST /session/999fc64afd1230ec64a2dd58c909e126/execute/sync - {"script":"<script> [56 bytes]","args":[{"element-6066-11e4-a52e-4f735466cecf":"f.8D00E63E7445179AA59B17F8E6C27F98.d.4F730416685309242E39E8FB65BFF6E9.e.18345","ELEMENT":"f.8D00E63E7445179AA59B17F8E6C27F98.d.4F730416685309242E39E8FB65BFF6E9.e.18345"}]}
RESULT: {"script":"<script> [56 bytes]","args":[{"element-6066-11e4-a52e-4f735466cecf":"f.8D00E63E7445179AA59B17F8E6C27F98.d.4F730416685309242E39E8FB65BFF6E9.e.18345","ELEMENT":"f.8D00E63E7445179AA59B17F8E6C27F98.d.4F730416685309242E39E8FB65BFF6E9.e.18345"}]}
COMMAND: POST /session/999fc64afd1230ec64a2dd58c909e126/element - {"using":"css selector","value":"#shell-header-logo"}
COMMAND: GET /session/999fc64afd1230ec64a2dd58c909e126/screenshot - {}
RESULT: {"using":"css selector","value":"#shell-header-logo"}
COMMAND: POST /session/999fc64afd1230ec64a2dd58c909e126/element/f.8D00E63E7445179AA59B17F8E6C27F98.d.4F730416685309242E39E8FB65BFF6E9.e.17461/click - {}
RESULT: {}
RESULT: {}
COMMAND: GET /session/999fc64afd1230ec64a2dd58c909e126/screenshot - {}
RESULT: {}
]]></system-out>
    </testcase>
    <testcase classname="chrome.135_0_7049_96.windows.Create_Reverse_Billing_US127248" name="Should manage conditions" time="58.926">
      <system-out><![CDATA[
COMMAND: POST /session/999fc64afd1230ec64a2dd58c909e126/execute/async - {"script":"<script> [1562 bytes]","args":[{"selector":{"controlType":"sap.m.Text","properties":{"text":"Manage Conditions & Prices"},"interaction":{"idSuffix":"inner"}},"wdio_ui5_key":"sapm.Text{\"text\":\"Manage Conditions & Prices\"}"}]}
RESULT: {"script":"<script> [1562 bytes]","args":[{"selector":{"controlType":"sap.m.Text","properties":{"text":"Manage Conditions & Prices"},"interaction":{"idSuffix":"inner"}},"wdio_ui5_key":"sapm.Text{\"text\":\"Manage Conditions & Prices\"}"}]}
RESULT: undefined
COMMAND: POST /session/999fc64afd1230ec64a2dd58c909e126/element - {"using":"xpath","value":"//*[@id=\"__tile53-title\"]"}
RESULT: {"using":"xpath","value":"//*[@id=\"__tile53-title\"]"}
COMMAND: POST /session/999fc64afd1230ec64a2dd58c909e126/element/f.8D00E63E7445179AA59B17F8E6C27F98.d.4F730416685309242E39E8FB65BFF6E9.e.18348/click - {}
RESULT: {}
COMMAND: POST /session/999fc64afd1230ec64a2dd58c909e126/element - {"using":"xpath","value":"//button[@aria-label=\"Create\"]"}
COMMAND: GET /session/999fc64afd1230ec64a2dd58c909e126/screenshot - {}
RESULT: {"using":"xpath","value":"//button[@aria-label=\"Create\"]"}
COMMAND: POST /session/999fc64afd1230ec64a2dd58c909e126/elements - {"using":"xpath","value":"//button[@aria-label=\"Create\"]"}
RESULT: {}
RESULT: {"using":"xpath","value":"//button[@aria-label=\"Create\"]"}
COMMAND: POST /session/999fc64afd1230ec64a2dd58c909e126/elements - {"using":"xpath","value":"//button[@aria-label=\"Create\"]"}
RESULT: {"using":"xpath","value":"//button[@aria-label=\"Create\"]"}
COMMAND: POST /session/999fc64afd1230ec64a2dd58c909e126/elements - {"using":"xpath","value":"//button[@aria-label=\"Create\"]"}
RESULT: {"using":"xpath","value":"//button[@aria-label=\"Create\"]"}
COMMAND: POST /session/999fc64afd1230ec64a2dd58c909e126/elements - {"using":"xpath","value":"//button[@aria-label=\"Create\"]"}
RESULT: {"using":"xpath","value":"//button[@aria-label=\"Create\"]"}
COMMAND: POST /session/999fc64afd1230ec64a2dd58c909e126/elements - {"using":"xpath","value":"//button[@aria-label=\"Create\"]"}
RESULT: {"using":"xpath","value":"//button[@aria-label=\"Create\"]"}
COMMAND: POST /session/999fc64afd1230ec64a2dd58c909e126/element - {"using":"xpath","value":"//button[@aria-label=\"Create\"]"}
RESULT: {"using":"xpath","value":"//button[@aria-label=\"Create\"]"}
COMMAND: POST /session/999fc64afd1230ec64a2dd58c909e126/execute/sync - {"script":"<script> [8489 bytes]","args":[{"element-6066-11e4-a52e-4f735466cecf":"f.8D00E63E7445179AA59B17F8E6C27F98.d.4F730416685309242E39E8FB65BFF6E9.e.18382","ELEMENT":"f.8D00E63E7445179AA59B17F8E6C27F98.d.4F730416685309242E39E8FB65BFF6E9.e.18382"}]}
RESULT: {"script":"<script> [8489 bytes]","args":[{"element-6066-11e4-a52e-4f735466cecf":"f.8D00E63E7445179AA59B17F8E6C27F98.d.4F730416685309242E39E8FB65BFF6E9.e.18382","ELEMENT":"f.8D00E63E7445179AA59B17F8E6C27F98.d.4F730416685309242E39E8FB65BFF6E9.e.18382"}]}
COMMAND: GET /session/999fc64afd1230ec64a2dd58c909e126/element/f.8D00E63E7445179AA59B17F8E6C27F98.d.4F730416685309242E39E8FB65BFF6E9.e.18382/enabled - {}
COMMAND: GET /session/999fc64afd1230ec64a2dd58c909e126/screenshot - {}
RESULT: {}
COMMAND: POST /session/999fc64afd1230ec64a2dd58c909e126/execute/sync - {"script":"<script> [8489 bytes]","args":[{"element-6066-11e4-a52e-4f735466cecf":"f.8D00E63E7445179AA59B17F8E6C27F98.d.4F730416685309242E39E8FB65BFF6E9.e.18382","ELEMENT":"f.8D00E63E7445179AA59B17F8E6C27F98.d.4F730416685309242E39E8FB65BFF6E9.e.18382"}]}
COMMAND: GET /session/999fc64afd1230ec64a2dd58c909e126/screenshot - {}
RESULT: {}
RESULT: {"script":"<script> [8489 bytes]","args":[{"element-6066-11e4-a52e-4f735466cecf":"f.8D00E63E7445179AA59B17F8E6C27F98.d.4F730416685309242E39E8FB65BFF6E9.e.18382","ELEMENT":"f.8D00E63E7445179AA59B17F8E6C27F98.d.4F730416685309242E39E8FB65BFF6E9.e.18382"}]}
COMMAND: POST /session/999fc64afd1230ec64a2dd58c909e126/execute/sync - {"script":"<script> [5351 bytes]","args":[{"element-6066-11e4-a52e-4f735466cecf":"f.8D00E63E7445179AA59B17F8E6C27F98.d.4F730416685309242E39E8FB65BFF6E9.e.18382","ELEMENT":"f.8D00E63E7445179AA59B17F8E6C27F98.d.4F730416685309242E39E8FB65BFF6E9.e.18382"}]}
COMMAND: GET /session/999fc64afd1230ec64a2dd58c909e126/screenshot - {}
RESULT: {}
RESULT: {"script":"<script> [5351 bytes]","args":[{"element-6066-11e4-a52e-4f735466cecf":"f.8D00E63E7445179AA59B17F8E6C27F98.d.4F730416685309242E39E8FB65BFF6E9.e.18382","ELEMENT":"f.8D00E63E7445179AA59B17F8E6C27F98.d.4F730416685309242E39E8FB65BFF6E9.e.18382"}]}
COMMAND: POST /session/999fc64afd1230ec64a2dd58c909e126/element/f.8D00E63E7445179AA59B17F8E6C27F98.d.4F730416685309242E39E8FB65BFF6E9.e.18382/click - {}
COMMAND: GET /session/999fc64afd1230ec64a2dd58c909e126/screenshot - {}
RESULT: {}
RESULT: {}
COMMAND: GET /session/999fc64afd1230ec64a2dd58c909e126/screenshot - {}
RESULT: {}
RESULT: {}
COMMAND: POST /session/999fc64afd1230ec64a2dd58c909e126/actions - {"actions":[{"id":"action65","type":"key","parameters":{},"actions":[{"type":"keyDown","value":"î€‡"},{"type":"pause","duration":10},{"type":"keyUp","value":"î€‡"}]}]}
RESULT: {"actions":[{"id":"action65","type":"key","parameters":{},"actions":[{"type":"keyDown","value":"î€‡"},{"type":"pause","duration":10},{"type":"keyUp","value":"î€‡"}]}]}
COMMAND: GET /session/999fc64afd1230ec64a2dd58c909e126/screenshot - {}
RESULT: {}
COMMAND: POST /session/999fc64afd1230ec64a2dd58c909e126/execute/async - {"script":"<script> [1562 bytes]","args":[{"selector":{"id":"application-manageconditionprice-display-component---newCondition--condBillCond-arrow"},"wdio_ui5_key":"applicationmanageconditionprice-display-component---newCondition--condBillCond-arrow"}]}
RESULT: {"script":"<script> [1562 bytes]","args":[{"selector":{"id":"application-manageconditionprice-display-component---newCondition--condBillCond-arrow"},"wdio_ui5_key":"applicationmanageconditionprice-display-component---newCondition--condBillCond-arrow"}]}
RESULT: undefined
COMMAND: POST /session/999fc64afd1230ec64a2dd58c909e126/element - {"using":"xpath","value":"//*[@id=\"application-manageconditionprice-display-component---newCondition--condBillCond-arrow\"]"}
RESULT: {"using":"xpath","value":"//*[@id=\"application-manageconditionprice-display-component---newCondition--condBillCond-arrow\"]"}
COMMAND: POST /session/999fc64afd1230ec64a2dd58c909e126/element/f.8D00E63E7445179AA59B17F8E6C27F98.d.4F730416685309242E39E8FB65BFF6E9.e.18559/click - {}
RESULT: {}
COMMAND: GET /session/999fc64afd1230ec64a2dd58c909e126/screenshot - {}
RESULT: {}
COMMAND: POST /session/999fc64afd1230ec64a2dd58c909e126/element - {"using":"xpath","value":"//li[.//span[contains(text(), \"DISP - D&I special price\")]]"}
RESULT: {"using":"xpath","value":"//li[.//span[contains(text(), \"DISP - D&I special price\")]]"}
COMMAND: POST /session/999fc64afd1230ec64a2dd58c909e126/element/f.8D00E63E7445179AA59B17F8E6C27F98.d.4F730416685309242E39E8FB65BFF6E9.e.18562/click - {}
RESULT: {}
COMMAND: GET /session/999fc64afd1230ec64a2dd58c909e126/screenshot - {}
RESULT: {}
COMMAND: POST /session/999fc64afd1230ec64a2dd58c909e126/execute/async - {"script":"<script> [1562 bytes]","args":[{"selector":{"id":"application-manageconditionprice-display-component---newCondition--condValidTo","interaction":{"idSuffix":"inner"}},"wdio_ui5_key":"applicationmanageconditionprice-display-component---newCondition--condValidTo"}]}
RESULT: {"script":"<script> [1562 bytes]","args":[{"selector":{"id":"application-manageconditionprice-display-component---newCondition--condValidTo","interaction":{"idSuffix":"inner"}},"wdio_ui5_key":"applicationmanageconditionprice-display-component---newCondition--condValidTo"}]}
RESULT: undefined
COMMAND: POST /session/999fc64afd1230ec64a2dd58c909e126/execute/async - {"script":"<script> [776 bytes]","args":[{"enterText":"01/06/26","selector":{"id":"application-manageconditionprice-display-component---newCondition--condValidTo","interaction":{"idSuffix":"inner"}},"clearTextFirst":true,"interactionType":"ENTER_TEXT"}]}
RESULT: {"script":"<script> [776 bytes]","args":[{"enterText":"01/06/26","selector":{"id":"application-manageconditionprice-display-component---newCondition--condValidTo","interaction":{"idSuffix":"inner"}},"clearTextFirst":true,"interactionType":"ENTER_TEXT"}]}
COMMAND: POST /session/999fc64afd1230ec64a2dd58c909e126/element - {"using":"xpath","value":"//input[@id=\"application-manageconditionprice-display-component---newCondition--condRU-inner\"]"}
RESULT: {"using":"xpath","value":"//input[@id=\"application-manageconditionprice-display-component---newCondition--condRU-inner\"]"}
COMMAND: POST /session/999fc64afd1230ec64a2dd58c909e126/element/f.8D00E63E7445179AA59B17F8E6C27F98.d.4F730416685309242E39E8FB65BFF6E9.e.18423/clear - {}
RESULT: {}
COMMAND: POST /session/999fc64afd1230ec64a2dd58c909e126/element/f.8D00E63E7445179AA59B17F8E6C27F98.d.4F730416685309242E39E8FB65BFF6E9.e.18423/value - {"text":"lD2k2FJ6j1"}
COMMAND: GET /session/999fc64afd1230ec64a2dd58c909e126/screenshot - {}
RESULT: {"text":"lD2k2FJ6j1"}
COMMAND: GET /session/999fc64afd1230ec64a2dd58c909e126/screenshot - {}
RESULT: {}
RESULT: {}
COMMAND: POST /session/999fc64afd1230ec64a2dd58c909e126/actions - {"actions":[{"id":"action66","type":"key","parameters":{},"actions":[{"type":"keyDown","value":"î€‡"},{"type":"pause","duration":10},{"type":"keyUp","value":"î€‡"}]}]}
RESULT: {"actions":[{"id":"action66","type":"key","parameters":{},"actions":[{"type":"keyDown","value":"î€‡"},{"type":"pause","duration":10},{"type":"keyUp","value":"î€‡"}]}]}
COMMAND: POST /session/999fc64afd1230ec64a2dd58c909e126/execute/async - {"script":"<script> [1562 bytes]","args":[{"selector":{"id":"application-manageconditionprice-display-component---newCondition--condBaseQty","interaction":{"idSuffix":"inner"}},"wdio_ui5_key":"applicationmanageconditionprice-display-component---newCondition--condBaseQty"}]}
COMMAND: GET /session/999fc64afd1230ec64a2dd58c909e126/screenshot - {}
RESULT: {"script":"<script> [1562 bytes]","args":[{"selector":{"id":"application-manageconditionprice-display-component---newCondition--condBaseQty","interaction":{"idSuffix":"inner"}},"wdio_ui5_key":"applicationmanageconditionprice-display-component---newCondition--condBaseQty"}]}
RESULT: undefined
COMMAND: POST /session/999fc64afd1230ec64a2dd58c909e126/execute/async - {"script":"<script> [776 bytes]","args":[{"enterText":"1","selector":{"id":"application-manageconditionprice-display-component---newCondition--condBaseQty","interaction":{"idSuffix":"inner"}},"clearTextFirst":true,"interactionType":"ENTER_TEXT"}]}
RESULT: {}
RESULT: {"script":"<script> [776 bytes]","args":[{"enterText":"1","selector":{"id":"application-manageconditionprice-display-component---newCondition--condBaseQty","interaction":{"idSuffix":"inner"}},"clearTextFirst":true,"interactionType":"ENTER_TEXT"}]}
COMMAND: POST /session/999fc64afd1230ec64a2dd58c909e126/execute/async - {"script":"<script> [1562 bytes]","args":[{"selector":{"id":"application-manageconditionprice-display-component---newCondition--condValue","interaction":{"idSuffix":"inner"}},"wdio_ui5_key":"applicationmanageconditionprice-display-component---newCondition--condValue"}]}
RESULT: {"script":"<script> [1562 bytes]","args":[{"selector":{"id":"application-manageconditionprice-display-component---newCondition--condValue","interaction":{"idSuffix":"inner"}},"wdio_ui5_key":"applicationmanageconditionprice-display-component---newCondition--condValue"}]}
RESULT: undefined
COMMAND: POST /session/999fc64afd1230ec64a2dd58c909e126/execute/async - {"script":"<script> [776 bytes]","args":[{"enterText":"200","selector":{"id":"application-manageconditionprice-display-component---newCondition--condValue","interaction":{"idSuffix":"inner"}},"clearTextFirst":true,"interactionType":"ENTER_TEXT"}]}
RESULT: {"script":"<script> [776 bytes]","args":[{"enterText":"200","selector":{"id":"application-manageconditionprice-display-component---newCondition--condValue","interaction":{"idSuffix":"inner"}},"clearTextFirst":true,"interactionType":"ENTER_TEXT"}]}
COMMAND: POST /session/999fc64afd1230ec64a2dd58c909e126/execute/async - {"script":"<script> [1562 bytes]","args":[{"selector":{"id":"application-manageconditionprice-display-component---newCondition--condCurr-arrow"},"wdio_ui5_key":"applicationmanageconditionprice-display-component---newCondition--condCurr-arrow"}]}
RESULT: {"script":"<script> [1562 bytes]","args":[{"selector":{"id":"application-manageconditionprice-display-component---newCondition--condCurr-arrow"},"wdio_ui5_key":"applicationmanageconditionprice-display-component---newCondition--condCurr-arrow"}]}
RESULT: undefined
COMMAND: POST /session/999fc64afd1230ec64a2dd58c909e126/element - {"using":"xpath","value":"//*[@id=\"application-manageconditionprice-display-component---newCondition--condCurr-arrow\"]"}
RESULT: {"using":"xpath","value":"//*[@id=\"application-manageconditionprice-display-component---newCondition--condCurr-arrow\"]"}
COMMAND: POST /session/999fc64afd1230ec64a2dd58c909e126/element/f.8D00E63E7445179AA59B17F8E6C27F98.d.4F730416685309242E39E8FB65BFF6E9.e.18538/click - {}
RESULT: {}
COMMAND: POST /session/999fc64afd1230ec64a2dd58c909e126/element - {"using":"xpath","value":"//span[contains(text(), \"Euro\")]"}
COMMAND: GET /session/999fc64afd1230ec64a2dd58c909e126/screenshot - {}
RESULT: {"using":"xpath","value":"//span[contains(text(), \"Euro\")]"}
COMMAND: POST /session/999fc64afd1230ec64a2dd58c909e126/element/f.8D00E63E7445179AA59B17F8E6C27F98.d.4F730416685309242E39E8FB65BFF6E9.e.18599/click - {}
RESULT: {}
RESULT: {}
COMMAND: POST /session/999fc64afd1230ec64a2dd58c909e126/element - {"using":"xpath","value":"//button[@data-kt=\"saveButton\"]"}
COMMAND: GET /session/999fc64afd1230ec64a2dd58c909e126/screenshot - {}
RESULT: {"using":"xpath","value":"//button[@data-kt=\"saveButton\"]"}
COMMAND: POST /session/999fc64afd1230ec64a2dd58c909e126/element/f.8D00E63E7445179AA59B17F8E6C27F98.d.4F730416685309242E39E8FB65BFF6E9.e.18539/click - {}
RESULT: {}
RESULT: {}
COMMAND: GET /session/999fc64afd1230ec64a2dd58c909e126/screenshot - {}
RESULT: {}
COMMAND: POST /session/999fc64afd1230ec64a2dd58c909e126/execute/async - {"script":"<script> [1562 bytes]","args":[{"selector":{"id":"application-manageconditionprice-display-component---conditions--smartFilterBar-btnBasicSearch","interaction":{"idSuffix":"I"}},"wdio_ui5_key":"applicationmanageconditionprice-display-component---conditions--smartFilterBar-btnBasicSearch"}]}
RESULT: {"script":"<script> [1562 bytes]","args":[{"selector":{"id":"application-manageconditionprice-display-component---conditions--smartFilterBar-btnBasicSearch","interaction":{"idSuffix":"I"}},"wdio_ui5_key":"applicationmanageconditionprice-display-component---conditions--smartFilterBar-btnBasicSearch"}]}
RESULT: undefined
COMMAND: POST /session/999fc64afd1230ec64a2dd58c909e126/execute/async - {"script":"<script> [776 bytes]","args":[{"enterText":"lD2k2FJ6j1","selector":{"id":"application-manageconditionprice-display-component---conditions--smartFilterBar-btnBasicSearch","interaction":{"idSuffix":"I"}},"clearTextFirst":true,"interactionType":"ENTER_TEXT"}]}
RESULT: {"script":"<script> [776 bytes]","args":[{"enterText":"lD2k2FJ6j1","selector":{"id":"application-manageconditionprice-display-component---conditions--smartFilterBar-btnBasicSearch","interaction":{"idSuffix":"I"}},"clearTextFirst":true,"interactionType":"ENTER_TEXT"}]}
COMMAND: POST /session/999fc64afd1230ec64a2dd58c909e126/actions - {"actions":[{"id":"action67","type":"key","parameters":{},"actions":[{"type":"keyDown","value":"î€‡"},{"type":"pause","duration":10},{"type":"keyUp","value":"î€‡"}]}]}
RESULT: {"actions":[{"id":"action67","type":"key","parameters":{},"actions":[{"type":"keyDown","value":"î€‡"},{"type":"pause","duration":10},{"type":"keyUp","value":"î€‡"}]}]}
COMMAND: GET /session/999fc64afd1230ec64a2dd58c909e126/screenshot - {}
RESULT: {}
COMMAND: POST /session/999fc64afd1230ec64a2dd58c909e126/execute/async - {"script":"<script> [1562 bytes]","args":[{"selector":{"id":"application-manageconditionprice-display-component---conditions--smartFilterBar-filterItemControl_BASIC-BILL_TYPES-vhi"},"wdio_ui5_key":"applicationmanageconditionprice-display-component---conditions--smartFilterBar-filterItemControl_BASIC-BILL_TYPES-vhi"}]}
RESULT: {"script":"<script> [1562 bytes]","args":[{"selector":{"id":"application-manageconditionprice-display-component---conditions--smartFilterBar-filterItemControl_BASIC-BILL_TYPES-vhi"},"wdio_ui5_key":"applicationmanageconditionprice-display-component---conditions--smartFilterBar-filterItemControl_BASIC-BILL_TYPES-vhi"}]}
RESULT: undefined
COMMAND: POST /session/999fc64afd1230ec64a2dd58c909e126/element - {"using":"xpath","value":"//*[@id=\"application-manageconditionprice-display-component---conditions--smartFilterBar-filterItemControl_BASIC-BILL_TYPES-vhi\"]"}
RESULT: {"using":"xpath","value":"//*[@id=\"application-manageconditionprice-display-component---conditions--smartFilterBar-filterItemControl_BASIC-BILL_TYPES-vhi\"]"}
COMMAND: POST /session/999fc64afd1230ec64a2dd58c909e126/element/f.8D00E63E7445179AA59B17F8E6C27F98.d.4F730416685309242E39E8FB65BFF6E9.e.18615/click - {}
RESULT: {}
COMMAND: POST /session/999fc64afd1230ec64a2dd58c909e126/execute/async - {"script":"<script> [1562 bytes]","args":[{"selector":{"id":"application-manageconditionprice-display-component---conditions--smartFilterBar-filterItemControl_BASIC-BILL_TYPES-valueHelpDialog-smartFilterBar-btnBasicSearch","searchOpenDialogs":true,"interaction":{"idSuffix":"I"}},"wdio_ui5_key":"applicationmanageconditionprice-display-component---conditions--smartFilterBar-filterItemControl_BASIC-BILL_TYPES-valueHelpDialog-smartFilterBar-btnBasicSearch"}]}
COMMAND: GET /session/999fc64afd1230ec64a2dd58c909e126/screenshot - {}
RESULT: {"script":"<script> [1562 bytes]","args":[{"selector":{"id":"application-manageconditionprice-display-component---conditions--smartFilterBar-filterItemControl_BASIC-BILL_TYPES-valueHelpDialog-smartFilterBar-btnBasicSearch","searchOpenDialogs":true,"interaction":{"idSuffix":"I"}},"wdio_ui5_key":"applicationmanageconditionprice-display-component---conditions--smartFilterBar-filterItemControl_BASIC-BILL_TYPES-valueHelpDialog-smartFilterBar-btnBasicSearch"}]}
RESULT: undefined
COMMAND: POST /session/999fc64afd1230ec64a2dd58c909e126/execute/async - {"script":"<script> [776 bytes]","args":[{"enterText":"TB","selector":{"id":"application-manageconditionprice-display-component---conditions--smartFilterBar-filterItemControl_BASIC-BILL_TYPES-valueHelpDialog-smartFilterBar-btnBasicSearch","searchOpenDialogs":true,"interaction":{"idSuffix":"I"}},"clearTextFirst":true,"interactionType":"ENTER_TEXT"}]}
RESULT: {}
RESULT: {"script":"<script> [776 bytes]","args":[{"enterText":"TB","selector":{"id":"application-manageconditionprice-display-component---conditions--smartFilterBar-filterItemControl_BASIC-BILL_TYPES-valueHelpDialog-smartFilterBar-btnBasicSearch","searchOpenDialogs":true,"interaction":{"idSuffix":"I"}},"clearTextFirst":true,"interactionType":"ENTER_TEXT"}]}
COMMAND: POST /session/999fc64afd1230ec64a2dd58c909e126/actions - {"actions":[{"id":"action68","type":"key","parameters":{},"actions":[{"type":"keyDown","value":"î€‡"},{"type":"pause","duration":10},{"type":"keyUp","value":"î€‡"}]}]}
RESULT: {"actions":[{"id":"action68","type":"key","parameters":{},"actions":[{"type":"keyDown","value":"î€‡"},{"type":"pause","duration":10},{"type":"keyUp","value":"î€‡"}]}]}
COMMAND: GET /session/999fc64afd1230ec64a2dd58c909e126/screenshot - {}
RESULT: {}
COMMAND: POST /session/999fc64afd1230ec64a2dd58c909e126/element - {"using":"xpath","value":"//div[contains(@id, 'application-manageconditionprice-display-component---conditions--smartFilterBar-filterItemControl_BASIC-BILL_TYPES-valueHelpDialog-table-rowsel0')]"}
RESULT: {"using":"xpath","value":"//div[contains(@id, 'application-manageconditionprice-display-component---conditions--smartFilterBar-filterItemControl_BASIC-BILL_TYPES-valueHelpDialog-table-rowsel0')]"}
COMMAND: POST /session/999fc64afd1230ec64a2dd58c909e126/element/f.8D00E63E7445179AA59B17F8E6C27F98.d.4F730416685309242E39E8FB65BFF6E9.e.18623/click - {}
RESULT: {}
COMMAND: GET /session/999fc64afd1230ec64a2dd58c909e126/screenshot - {}
RESULT: {}
COMMAND: POST /session/999fc64afd1230ec64a2dd58c909e126/element - {"using":"xpath","value":"//bdi[contains(text(), \"OK\")]"}
RESULT: {"using":"xpath","value":"//bdi[contains(text(), \"OK\")]"}
COMMAND: POST /session/999fc64afd1230ec64a2dd58c909e126/element/f.8D00E63E7445179AA59B17F8E6C27F98.d.4F730416685309242E39E8FB65BFF6E9.e.18625/click - {}
RESULT: {}
COMMAND: GET /session/999fc64afd1230ec64a2dd58c909e126/screenshot - {}
RESULT: {}
COMMAND: POST /session/999fc64afd1230ec64a2dd58c909e126/element - {"using":"xpath","value":"//span[@id=\"application-manageconditionprice-display-component---conditions--smartTable-header-inner\"]"}
RESULT: {"using":"xpath","value":"//span[@id=\"application-manageconditionprice-display-component---conditions--smartTable-header-inner\"]"}
COMMAND: POST /session/999fc64afd1230ec64a2dd58c909e126/elements - {"using":"xpath","value":"//span[@id=\"application-manageconditionprice-display-component---conditions--smartTable-header-inner\"]"}
RESULT: {"using":"xpath","value":"//span[@id=\"application-manageconditionprice-display-component---conditions--smartTable-header-inner\"]"}
COMMAND: POST /session/999fc64afd1230ec64a2dd58c909e126/execute/sync - {"script":"<script> [56 bytes]","args":[{"element-6066-11e4-a52e-4f735466cecf":"f.8D00E63E7445179AA59B17F8E6C27F98.d.4F730416685309242E39E8FB65BFF6E9.e.18628","ELEMENT":"f.8D00E63E7445179AA59B17F8E6C27F98.d.4F730416685309242E39E8FB65BFF6E9.e.18628"}]}
RESULT: {"script":"<script> [56 bytes]","args":[{"element-6066-11e4-a52e-4f735466cecf":"f.8D00E63E7445179AA59B17F8E6C27F98.d.4F730416685309242E39E8FB65BFF6E9.e.18628","ELEMENT":"f.8D00E63E7445179AA59B17F8E6C27F98.d.4F730416685309242E39E8FB65BFF6E9.e.18628"}]}
COMMAND: POST /session/999fc64afd1230ec64a2dd58c909e126/element - {"using":"css selector","value":"#shell-header-logo"}
COMMAND: GET /session/999fc64afd1230ec64a2dd58c909e126/screenshot - {}
RESULT: {"using":"css selector","value":"#shell-header-logo"}
COMMAND: POST /session/999fc64afd1230ec64a2dd58c909e126/element/f.8D00E63E7445179AA59B17F8E6C27F98.d.4F730416685309242E39E8FB65BFF6E9.e.18350/click - {}
RESULT: {}
RESULT: {}
COMMAND: GET /session/999fc64afd1230ec64a2dd58c909e126/screenshot - {}
RESULT: {}
]]></system-out>
    </testcase>
    <testcase classname="chrome.135_0_7049_96.windows.Create_Reverse_Billing_US127248" name="Should do a stock increase handover" time="72.447">
      <system-out><![CDATA[
COMMAND: POST /session/999fc64afd1230ec64a2dd58c909e126/execute/async - {"script":"<script> [1562 bytes]","args":[{"selector":{"controlType":"sap.m.Text","viewName":"etm.portal.ui.managehandoverstile.view.Master","properties":{"text":"Manage Handovers"},"interaction":{"idSuffix":"inner"}},"wdio_ui5_key":"etmportal.ui.managehandoverstile.view.Mastersap.m.Text{\"text\":\"Manage Handovers\"}"}]}
RESULT: {"script":"<script> [1562 bytes]","args":[{"selector":{"controlType":"sap.m.Text","viewName":"etm.portal.ui.managehandoverstile.view.Master","properties":{"text":"Manage Handovers"},"interaction":{"idSuffix":"inner"}},"wdio_ui5_key":"etmportal.ui.managehandoverstile.view.Mastersap.m.Text{\"text\":\"Manage Handovers\"}"}]}
RESULT: undefined
COMMAND: POST /session/999fc64afd1230ec64a2dd58c909e126/element - {"using":"xpath","value":"//*[@id=\"__tile132-title\"]"}
RESULT: {"using":"xpath","value":"//*[@id=\"__tile132-title\"]"}
COMMAND: POST /session/999fc64afd1230ec64a2dd58c909e126/element/f.8D00E63E7445179AA59B17F8E6C27F98.d.4F730416685309242E39E8FB65BFF6E9.e.18633/click - {}
RESULT: {}
COMMAND: POST /session/999fc64afd1230ec64a2dd58c909e126/element - {"using":"xpath","value":"//button[@data-kt=\"masterHOAddButton\"]"}
COMMAND: GET /session/999fc64afd1230ec64a2dd58c909e126/screenshot - {}
RESULT: {"using":"xpath","value":"//button[@data-kt=\"masterHOAddButton\"]"}
COMMAND: POST /session/999fc64afd1230ec64a2dd58c909e126/elements - {"using":"xpath","value":"//button[@data-kt=\"masterHOAddButton\"]"}
RESULT: {}
RESULT: {"using":"xpath","value":"//button[@data-kt=\"masterHOAddButton\"]"}
COMMAND: POST /session/999fc64afd1230ec64a2dd58c909e126/elements - {"using":"xpath","value":"//button[@data-kt=\"masterHOAddButton\"]"}
RESULT: {"using":"xpath","value":"//button[@data-kt=\"masterHOAddButton\"]"}
COMMAND: POST /session/999fc64afd1230ec64a2dd58c909e126/elements - {"using":"xpath","value":"//button[@data-kt=\"masterHOAddButton\"]"}
RESULT: {"using":"xpath","value":"//button[@data-kt=\"masterHOAddButton\"]"}
COMMAND: POST /session/999fc64afd1230ec64a2dd58c909e126/elements - {"using":"xpath","value":"//button[@data-kt=\"masterHOAddButton\"]"}
RESULT: {"using":"xpath","value":"//button[@data-kt=\"masterHOAddButton\"]"}
COMMAND: POST /session/999fc64afd1230ec64a2dd58c909e126/elements - {"using":"xpath","value":"//button[@data-kt=\"masterHOAddButton\"]"}
RESULT: {"using":"xpath","value":"//button[@data-kt=\"masterHOAddButton\"]"}
COMMAND: POST /session/999fc64afd1230ec64a2dd58c909e126/elements - {"using":"xpath","value":"//button[@data-kt=\"masterHOAddButton\"]"}
RESULT: {"using":"xpath","value":"//button[@data-kt=\"masterHOAddButton\"]"}
COMMAND: POST /session/999fc64afd1230ec64a2dd58c909e126/elements - {"using":"xpath","value":"//button[@data-kt=\"masterHOAddButton\"]"}
RESULT: {"using":"xpath","value":"//button[@data-kt=\"masterHOAddButton\"]"}
COMMAND: POST /session/999fc64afd1230ec64a2dd58c909e126/elements - {"using":"xpath","value":"//button[@data-kt=\"masterHOAddButton\"]"}
RESULT: {"using":"xpath","value":"//button[@data-kt=\"masterHOAddButton\"]"}
COMMAND: POST /session/999fc64afd1230ec64a2dd58c909e126/elements - {"using":"xpath","value":"//button[@data-kt=\"masterHOAddButton\"]"}
RESULT: {"using":"xpath","value":"//button[@data-kt=\"masterHOAddButton\"]"}
COMMAND: POST /session/999fc64afd1230ec64a2dd58c909e126/elements - {"using":"xpath","value":"//button[@data-kt=\"masterHOAddButton\"]"}
RESULT: {"using":"xpath","value":"//button[@data-kt=\"masterHOAddButton\"]"}
COMMAND: POST /session/999fc64afd1230ec64a2dd58c909e126/elements - {"using":"xpath","value":"//button[@data-kt=\"masterHOAddButton\"]"}
RESULT: {"using":"xpath","value":"//button[@data-kt=\"masterHOAddButton\"]"}
COMMAND: POST /session/999fc64afd1230ec64a2dd58c909e126/elements - {"using":"xpath","value":"//button[@data-kt=\"masterHOAddButton\"]"}
RESULT: {"using":"xpath","value":"//button[@data-kt=\"masterHOAddButton\"]"}
COMMAND: POST /session/999fc64afd1230ec64a2dd58c909e126/element - {"using":"xpath","value":"//button[@data-kt=\"masterHOAddButton\"]"}
RESULT: {"using":"xpath","value":"//button[@data-kt=\"masterHOAddButton\"]"}
COMMAND: POST /session/999fc64afd1230ec64a2dd58c909e126/execute/sync - {"script":"<script> [8489 bytes]","args":[{"element-6066-11e4-a52e-4f735466cecf":"f.8D00E63E7445179AA59B17F8E6C27F98.d.4F730416685309242E39E8FB65BFF6E9.e.18663","ELEMENT":"f.8D00E63E7445179AA59B17F8E6C27F98.d.4F730416685309242E39E8FB65BFF6E9.e.18663"}]}
RESULT: {"script":"<script> [8489 bytes]","args":[{"element-6066-11e4-a52e-4f735466cecf":"f.8D00E63E7445179AA59B17F8E6C27F98.d.4F730416685309242E39E8FB65BFF6E9.e.18663","ELEMENT":"f.8D00E63E7445179AA59B17F8E6C27F98.d.4F730416685309242E39E8FB65BFF6E9.e.18663"}]}
COMMAND: GET /session/999fc64afd1230ec64a2dd58c909e126/element/f.8D00E63E7445179AA59B17F8E6C27F98.d.4F730416685309242E39E8FB65BFF6E9.e.18663/enabled - {}
COMMAND: GET /session/999fc64afd1230ec64a2dd58c909e126/screenshot - {}
RESULT: {}
COMMAND: POST /session/999fc64afd1230ec64a2dd58c909e126/execute/sync - {"script":"<script> [8489 bytes]","args":[{"element-6066-11e4-a52e-4f735466cecf":"f.8D00E63E7445179AA59B17F8E6C27F98.d.4F730416685309242E39E8FB65BFF6E9.e.18663","ELEMENT":"f.8D00E63E7445179AA59B17F8E6C27F98.d.4F730416685309242E39E8FB65BFF6E9.e.18663"}]}
COMMAND: GET /session/999fc64afd1230ec64a2dd58c909e126/screenshot - {}
RESULT: {}
RESULT: {"script":"<script> [8489 bytes]","args":[{"element-6066-11e4-a52e-4f735466cecf":"f.8D00E63E7445179AA59B17F8E6C27F98.d.4F730416685309242E39E8FB65BFF6E9.e.18663","ELEMENT":"f.8D00E63E7445179AA59B17F8E6C27F98.d.4F730416685309242E39E8FB65BFF6E9.e.18663"}]}
COMMAND: POST /session/999fc64afd1230ec64a2dd58c909e126/execute/sync - {"script":"<script> [5351 bytes]","args":[{"element-6066-11e4-a52e-4f735466cecf":"f.8D00E63E7445179AA59B17F8E6C27F98.d.4F730416685309242E39E8FB65BFF6E9.e.18663","ELEMENT":"f.8D00E63E7445179AA59B17F8E6C27F98.d.4F730416685309242E39E8FB65BFF6E9.e.18663"}]}
COMMAND: GET /session/999fc64afd1230ec64a2dd58c909e126/screenshot - {}
RESULT: {}
RESULT: {"script":"<script> [5351 bytes]","args":[{"element-6066-11e4-a52e-4f735466cecf":"f.8D00E63E7445179AA59B17F8E6C27F98.d.4F730416685309242E39E8FB65BFF6E9.e.18663","ELEMENT":"f.8D00E63E7445179AA59B17F8E6C27F98.d.4F730416685309242E39E8FB65BFF6E9.e.18663"}]}
COMMAND: POST /session/999fc64afd1230ec64a2dd58c909e126/element/f.8D00E63E7445179AA59B17F8E6C27F98.d.4F730416685309242E39E8FB65BFF6E9.e.18663/click - {}
COMMAND: GET /session/999fc64afd1230ec64a2dd58c909e126/screenshot - {}
RESULT: {}
RESULT: {}
COMMAND: GET /session/999fc64afd1230ec64a2dd58c909e126/screenshot - {}
RESULT: {}
RESULT: {}
COMMAND: POST /session/999fc64afd1230ec64a2dd58c909e126/element - {"using":"xpath","value":"//span[contains(@id ,\"AddNewHO--typeSelect-arrow\")]"}
RESULT: {"using":"xpath","value":"//span[contains(@id ,\"AddNewHO--typeSelect-arrow\")]"}
COMMAND: POST /session/999fc64afd1230ec64a2dd58c909e126/element/f.8D00E63E7445179AA59B17F8E6C27F98.d.4F730416685309242E39E8FB65BFF6E9.e.19029/click - {}
RESULT: {}
COMMAND: GET /session/999fc64afd1230ec64a2dd58c909e126/screenshot - {}
RESULT: {}
COMMAND: POST /session/999fc64afd1230ec64a2dd58c909e126/element - {"using":"xpath","value":"(//li[contains(text(), \"stock increase yard\")])[1]"}
RESULT: {"using":"xpath","value":"(//li[contains(text(), \"stock increase yard\")])[1]"}
COMMAND: POST /session/999fc64afd1230ec64a2dd58c909e126/element/f.8D00E63E7445179AA59B17F8E6C27F98.d.4F730416685309242E39E8FB65BFF6E9.e.19030/click - {}
RESULT: {}
COMMAND: GET /session/999fc64afd1230ec64a2dd58c909e126/screenshot - {}
RESULT: {}
COMMAND: POST /session/999fc64afd1230ec64a2dd58c909e126/execute/async - {"script":"<script> [1562 bytes]","args":[{"selector":{"id":"application-managehandovers-display-component---AddNewHO--dueDate","interaction":{"idSuffix":"inner"}},"wdio_ui5_key":"applicationmanagehandovers-display-component---AddNewHO--dueDate"}]}
RESULT: {"script":"<script> [1562 bytes]","args":[{"selector":{"id":"application-managehandovers-display-component---AddNewHO--dueDate","interaction":{"idSuffix":"inner"}},"wdio_ui5_key":"applicationmanagehandovers-display-component---AddNewHO--dueDate"}]}
RESULT: undefined
COMMAND: POST /session/999fc64afd1230ec64a2dd58c909e126/execute/async - {"script":"<script> [6424 bytes]","args":[{"element-6066-11e4-a52e-4f735466cecf":"f.8D00E63E7445179AA59B17F8E6C27F98.d.4F730416685309242E39E8FB65BFF6E9.e.19032"},"setValue",["05/06/2025"]]}
RESULT: {"script":"<script> [6424 bytes]","args":[{"element-6066-11e4-a52e-4f735466cecf":"f.8D00E63E7445179AA59B17F8E6C27F98.d.4F730416685309242E39E8FB65BFF6E9.e.19032"},"setValue",["05/06/2025"]]}
COMMAND: POST /session/999fc64afd1230ec64a2dd58c909e126/element - {"using":"xpath","value":"//input[@id=\"generalSectionFrg--receiveYard-inner\"]"}
RESULT: {"using":"xpath","value":"//input[@id=\"generalSectionFrg--receiveYard-inner\"]"}
COMMAND: POST /session/999fc64afd1230ec64a2dd58c909e126/element/f.8D00E63E7445179AA59B17F8E6C27F98.d.4F730416685309242E39E8FB65BFF6E9.e.19038/clear - {}
RESULT: {}
COMMAND: POST /session/999fc64afd1230ec64a2dd58c909e126/element/f.8D00E63E7445179AA59B17F8E6C27F98.d.4F730416685309242E39E8FB65BFF6E9.e.19038/value - {"text":"619"}
COMMAND: GET /session/999fc64afd1230ec64a2dd58c909e126/screenshot - {}
RESULT: {"text":"619"}
COMMAND: GET /session/999fc64afd1230ec64a2dd58c909e126/screenshot - {}
RESULT: {}
RESULT: {}
COMMAND: POST /session/999fc64afd1230ec64a2dd58c909e126/element - {"using":"xpath","value":"//li[.//span[text()='619']]"}
RESULT: {"using":"xpath","value":"//li[.//span[text()='619']]"}
COMMAND: POST /session/999fc64afd1230ec64a2dd58c909e126/element/f.8D00E63E7445179AA59B17F8E6C27F98.d.4F730416685309242E39E8FB65BFF6E9.e.19055/click - {}
RESULT: {}
COMMAND: GET /session/999fc64afd1230ec64a2dd58c909e126/screenshot - {}
RESULT: {}
COMMAND: POST /session/999fc64afd1230ec64a2dd58c909e126/execute/async - {"script":"<script> [1562 bytes]","args":[{"selector":{"id":"application-managehandovers-display-component---AddNewHO--ObjectPageLayout-anchBar-application-managehandovers-display-component---AddNewHO--section4-anchor","interaction":{"idSuffix":"BDI-content"}},"wdio_ui5_key":"applicationmanagehandovers-display-component---AddNewHO--ObjectPageLayout-anchBar-application-managehandovers-display-component---AddNewHO--section4-anchor"}]}
RESULT: {"script":"<script> [1562 bytes]","args":[{"selector":{"id":"application-managehandovers-display-component---AddNewHO--ObjectPageLayout-anchBar-application-managehandovers-display-component---AddNewHO--section4-anchor","interaction":{"idSuffix":"BDI-content"}},"wdio_ui5_key":"applicationmanagehandovers-display-component---AddNewHO--ObjectPageLayout-anchBar-application-managehandovers-display-component---AddNewHO--section4-anchor"}]}
RESULT: undefined
COMMAND: POST /session/999fc64afd1230ec64a2dd58c909e126/element - {"using":"xpath","value":"//*[@id=\"application-managehandovers-display-component---AddNewHO--ObjectPageLayout-anchBar-application-managehandovers-display-component---AddNewHO--section4-anchor\"]"}
RESULT: {"using":"xpath","value":"//*[@id=\"application-managehandovers-display-component---AddNewHO--ObjectPageLayout-anchBar-application-managehandovers-display-component---AddNewHO--section4-anchor\"]"}
COMMAND: POST /session/999fc64afd1230ec64a2dd58c909e126/element/f.8D00E63E7445179AA59B17F8E6C27F98.d.4F730416685309242E39E8FB65BFF6E9.e.19057/click - {}
RESULT: {}
COMMAND: POST /session/999fc64afd1230ec64a2dd58c909e126/element - {"using":"xpath","value":"//button[@aria-label=\"Add\"]"}
COMMAND: GET /session/999fc64afd1230ec64a2dd58c909e126/screenshot - {}
RESULT: {"using":"xpath","value":"//button[@aria-label=\"Add\"]"}
COMMAND: POST /session/999fc64afd1230ec64a2dd58c909e126/element/f.8D00E63E7445179AA59B17F8E6C27F98.d.4F730416685309242E39E8FB65BFF6E9.e.19059/click - {}
RESULT: {}
RESULT: {}
COMMAND: GET /session/999fc64afd1230ec64a2dd58c909e126/screenshot - {}
RESULT: {}
COMMAND: POST /session/999fc64afd1230ec64a2dd58c909e126/execute/async - {"script":"<script> [1562 bytes]","args":[{"selector":{"id":"application-managehandovers-display-component---AddNewHO--smartFilterBar-btnBasicSearch","searchOpenDialogs":true,"interaction":{"idSuffix":"I"}},"wdio_ui5_key":"applicationmanagehandovers-display-component---AddNewHO--smartFilterBar-btnBasicSearch"}]}
RESULT: {"script":"<script> [1562 bytes]","args":[{"selector":{"id":"application-managehandovers-display-component---AddNewHO--smartFilterBar-btnBasicSearch","searchOpenDialogs":true,"interaction":{"idSuffix":"I"}},"wdio_ui5_key":"applicationmanagehandovers-display-component---AddNewHO--smartFilterBar-btnBasicSearch"}]}
RESULT: undefined
COMMAND: POST /session/999fc64afd1230ec64a2dd58c909e126/execute/async - {"script":"<script> [776 bytes]","args":[{"enterText":"lD2k2FJ6j1","selector":{"id":"application-managehandovers-display-component---AddNewHO--smartFilterBar-btnBasicSearch","searchOpenDialogs":true,"interaction":{"idSuffix":"I"}},"clearTextFirst":true,"interactionType":"ENTER_TEXT"}]}
RESULT: {"script":"<script> [776 bytes]","args":[{"enterText":"lD2k2FJ6j1","selector":{"id":"application-managehandovers-display-component---AddNewHO--smartFilterBar-btnBasicSearch","searchOpenDialogs":true,"interaction":{"idSuffix":"I"}},"clearTextFirst":true,"interactionType":"ENTER_TEXT"}]}
COMMAND: POST /session/999fc64afd1230ec64a2dd58c909e126/actions - {"actions":[{"id":"action69","type":"key","parameters":{},"actions":[{"type":"keyDown","value":"î€‡"},{"type":"pause","duration":10},{"type":"keyUp","value":"î€‡"}]}]}
RESULT: {"actions":[{"id":"action69","type":"key","parameters":{},"actions":[{"type":"keyDown","value":"î€‡"},{"type":"pause","duration":10},{"type":"keyUp","value":"î€‡"}]}]}
COMMAND: GET /session/999fc64afd1230ec64a2dd58c909e126/screenshot - {}
RESULT: {}
COMMAND: POST /session/999fc64afd1230ec64a2dd58c909e126/execute/async - {"script":"<script> [1562 bytes]","args":[{"selector":{"id":"application-managehandovers-display-component---AddNewHO--popup-sa","searchOpenDialogs":true,"interaction":{"idSuffix":"CbBg"}},"wdio_ui5_key":"applicationmanagehandovers-display-component---AddNewHO--popup-sa"}]}
RESULT: {"script":"<script> [1562 bytes]","args":[{"selector":{"id":"application-managehandovers-display-component---AddNewHO--popup-sa","searchOpenDialogs":true,"interaction":{"idSuffix":"CbBg"}},"wdio_ui5_key":"applicationmanagehandovers-display-component---AddNewHO--popup-sa"}]}
RESULT: undefined
COMMAND: POST /session/999fc64afd1230ec64a2dd58c909e126/element - {"using":"xpath","value":"//*[@id=\"application-managehandovers-display-component---AddNewHO--popup-sa\"]"}
RESULT: {"using":"xpath","value":"//*[@id=\"application-managehandovers-display-component---AddNewHO--popup-sa\"]"}
COMMAND: POST /session/999fc64afd1230ec64a2dd58c909e126/element/f.8D00E63E7445179AA59B17F8E6C27F98.d.4F730416685309242E39E8FB65BFF6E9.e.19213/click - {}
RESULT: {}
COMMAND: GET /session/999fc64afd1230ec64a2dd58c909e126/screenshot - {}
RESULT: {}
COMMAND: POST /session/999fc64afd1230ec64a2dd58c909e126/element - {"using":"xpath","value":"//bdi[contains(text(), \"Select\")]"}
RESULT: {"using":"xpath","value":"//bdi[contains(text(), \"Select\")]"}
COMMAND: POST /session/999fc64afd1230ec64a2dd58c909e126/element/f.8D00E63E7445179AA59B17F8E6C27F98.d.4F730416685309242E39E8FB65BFF6E9.e.19214/click - {}
RESULT: {}
COMMAND: GET /session/999fc64afd1230ec64a2dd58c909e126/screenshot - {}
RESULT: {}
COMMAND: POST /session/999fc64afd1230ec64a2dd58c909e126/element - {"using":"xpath","value":"//button[@data-kt=\"AddNewHOSaveButton\"]"}
RESULT: {"using":"xpath","value":"//button[@data-kt=\"AddNewHOSaveButton\"]"}
COMMAND: POST /session/999fc64afd1230ec64a2dd58c909e126/element/f.8D00E63E7445179AA59B17F8E6C27F98.d.4F730416685309242E39E8FB65BFF6E9.e.19218/click - {}
RESULT: {}
COMMAND: GET /session/999fc64afd1230ec64a2dd58c909e126/screenshot - {}
RESULT: {}
COMMAND: POST /session/999fc64afd1230ec64a2dd58c909e126/execute/async - {"script":"<script> [1562 bytes]","args":[{"selector":{"id":"receiptDatePicker","viewName":"etm.portal.ui.managehandovers.view.DetailExecuteHO","interaction":{"idSuffix":"inner"}},"wdio_ui5_key":"receiptDatePickeretmportal.ui.managehandovers.view.DetailExecuteHO"}]}
RESULT: {"script":"<script> [1562 bytes]","args":[{"selector":{"id":"receiptDatePicker","viewName":"etm.portal.ui.managehandovers.view.DetailExecuteHO","interaction":{"idSuffix":"inner"}},"wdio_ui5_key":"receiptDatePickeretmportal.ui.managehandovers.view.DetailExecuteHO"}]}
RESULT: undefined
COMMAND: POST /session/999fc64afd1230ec64a2dd58c909e126/execute/async - {"script":"<script> [6424 bytes]","args":[{"element-6066-11e4-a52e-4f735466cecf":"f.8D00E63E7445179AA59B17F8E6C27F98.d.4F730416685309242E39E8FB65BFF6E9.e.19244"},"setValue",["05/06/2025"]]}
RESULT: {"script":"<script> [6424 bytes]","args":[{"element-6066-11e4-a52e-4f735466cecf":"f.8D00E63E7445179AA59B17F8E6C27F98.d.4F730416685309242E39E8FB65BFF6E9.e.19244"},"setValue",["05/06/2025"]]}
COMMAND: POST /session/999fc64afd1230ec64a2dd58c909e126/element - {"using":"xpath","value":"//button[@data-kt=\"PickingTableConfirmAllButton\"]"}
RESULT: {"using":"xpath","value":"//button[@data-kt=\"PickingTableConfirmAllButton\"]"}
COMMAND: POST /session/999fc64afd1230ec64a2dd58c909e126/element/f.8D00E63E7445179AA59B17F8E6C27F98.d.4F730416685309242E39E8FB65BFF6E9.e.19259/click - {}
RESULT: {}
COMMAND: GET /session/999fc64afd1230ec64a2dd58c909e126/screenshot - {}
RESULT: {}
COMMAND: POST /session/999fc64afd1230ec64a2dd58c909e126/element - {"using":"xpath","value":"//bdi[contains(text(), \"OK\")]"}
RESULT: {"using":"xpath","value":"//bdi[contains(text(), \"OK\")]"}
COMMAND: POST /session/999fc64afd1230ec64a2dd58c909e126/element/f.8D00E63E7445179AA59B17F8E6C27F98.d.4F730416685309242E39E8FB65BFF6E9.e.19261/click - {}
RESULT: {}
COMMAND: GET /session/999fc64afd1230ec64a2dd58c909e126/screenshot - {}
RESULT: {}
COMMAND: POST /session/999fc64afd1230ec64a2dd58c909e126/element - {"using":"xpath","value":"(//bdi[contains(text(), \"Receive\")])[2]"}
RESULT: {"using":"xpath","value":"(//bdi[contains(text(), \"Receive\")])[2]"}
COMMAND: POST /session/999fc64afd1230ec64a2dd58c909e126/element/f.8D00E63E7445179AA59B17F8E6C27F98.d.4F730416685309242E39E8FB65BFF6E9.e.19263/click - {}
RESULT: {}
COMMAND: GET /session/999fc64afd1230ec64a2dd58c909e126/screenshot - {}
RESULT: {}
COMMAND: POST /session/999fc64afd1230ec64a2dd58c909e126/element - {"using":"css selector","value":"#shell-header-logo"}
RESULT: {"using":"css selector","value":"#shell-header-logo"}
COMMAND: POST /session/999fc64afd1230ec64a2dd58c909e126/element/f.8D00E63E7445179AA59B17F8E6C27F98.d.4F730416685309242E39E8FB65BFF6E9.e.18635/click - {}
RESULT: {}
COMMAND: GET /session/999fc64afd1230ec64a2dd58c909e126/screenshot - {}
RESULT: {}
]]></system-out>
    </testcase>
    <testcase classname="chrome.135_0_7049_96.windows.Create_Reverse_Billing_US127248" name="Should create a new contract" time="50.713">
      <system-out><![CDATA[
COMMAND: POST /session/999fc64afd1230ec64a2dd58c909e126/execute/async - {"script":"<script> [1562 bytes]","args":[{"selector":{"controlType":"sap.m.Text","viewName":"etm.portal.ui.managecontractstile.view.Master","properties":{"text":"Manage Contracts"},"interaction":{"idSuffix":"inner"}},"wdio_ui5_key":"etmportal.ui.managecontractstile.view.Mastersap.m.Text{\"text\":\"Manage Contracts\"}"}]}
RESULT: {"script":"<script> [1562 bytes]","args":[{"selector":{"controlType":"sap.m.Text","viewName":"etm.portal.ui.managecontractstile.view.Master","properties":{"text":"Manage Contracts"},"interaction":{"idSuffix":"inner"}},"wdio_ui5_key":"etmportal.ui.managecontractstile.view.Mastersap.m.Text{\"text\":\"Manage Contracts\"}"}]}
RESULT: undefined
COMMAND: POST /session/999fc64afd1230ec64a2dd58c909e126/element - {"using":"xpath","value":"//*[@id=\"__tile130-title\"]"}
RESULT: {"using":"xpath","value":"//*[@id=\"__tile130-title\"]"}
COMMAND: POST /session/999fc64afd1230ec64a2dd58c909e126/element/f.8D00E63E7445179AA59B17F8E6C27F98.d.4F730416685309242E39E8FB65BFF6E9.e.19434/click - {}
RESULT: {}
COMMAND: GET /session/999fc64afd1230ec64a2dd58c909e126/screenshot - {}
RESULT: {}
COMMAND: POST /session/999fc64afd1230ec64a2dd58c909e126/element - {"using":"xpath","value":"//button[@data-kt=\"addButton\"]"}
RESULT: {"using":"xpath","value":"//button[@data-kt=\"addButton\"]"}
COMMAND: POST /session/999fc64afd1230ec64a2dd58c909e126/elements - {"using":"xpath","value":"//button[@data-kt=\"addButton\"]"}
RESULT: {"using":"xpath","value":"//button[@data-kt=\"addButton\"]"}
COMMAND: POST /session/999fc64afd1230ec64a2dd58c909e126/execute/sync - {"script":"<script> [8489 bytes]","args":[{"element-6066-11e4-a52e-4f735466cecf":"f.8D00E63E7445179AA59B17F8E6C27F98.d.4F730416685309242E39E8FB65BFF6E9.e.19510","ELEMENT":"f.8D00E63E7445179AA59B17F8E6C27F98.d.4F730416685309242E39E8FB65BFF6E9.e.19510"}]}
RESULT: {"script":"<script> [8489 bytes]","args":[{"element-6066-11e4-a52e-4f735466cecf":"f.8D00E63E7445179AA59B17F8E6C27F98.d.4F730416685309242E39E8FB65BFF6E9.e.19510","ELEMENT":"f.8D00E63E7445179AA59B17F8E6C27F98.d.4F730416685309242E39E8FB65BFF6E9.e.19510"}]}
COMMAND: GET /session/999fc64afd1230ec64a2dd58c909e126/element/f.8D00E63E7445179AA59B17F8E6C27F98.d.4F730416685309242E39E8FB65BFF6E9.e.19510/enabled - {}
COMMAND: GET /session/999fc64afd1230ec64a2dd58c909e126/screenshot - {}
RESULT: {}
COMMAND: POST /session/999fc64afd1230ec64a2dd58c909e126/execute/sync - {"script":"<script> [8489 bytes]","args":[{"element-6066-11e4-a52e-4f735466cecf":"f.8D00E63E7445179AA59B17F8E6C27F98.d.4F730416685309242E39E8FB65BFF6E9.e.19510","ELEMENT":"f.8D00E63E7445179AA59B17F8E6C27F98.d.4F730416685309242E39E8FB65BFF6E9.e.19510"}]}
COMMAND: GET /session/999fc64afd1230ec64a2dd58c909e126/screenshot - {}
RESULT: {}
RESULT: {"script":"<script> [8489 bytes]","args":[{"element-6066-11e4-a52e-4f735466cecf":"f.8D00E63E7445179AA59B17F8E6C27F98.d.4F730416685309242E39E8FB65BFF6E9.e.19510","ELEMENT":"f.8D00E63E7445179AA59B17F8E6C27F98.d.4F730416685309242E39E8FB65BFF6E9.e.19510"}]}
COMMAND: POST /session/999fc64afd1230ec64a2dd58c909e126/execute/sync - {"script":"<script> [5351 bytes]","args":[{"element-6066-11e4-a52e-4f735466cecf":"f.8D00E63E7445179AA59B17F8E6C27F98.d.4F730416685309242E39E8FB65BFF6E9.e.19510","ELEMENT":"f.8D00E63E7445179AA59B17F8E6C27F98.d.4F730416685309242E39E8FB65BFF6E9.e.19510"}]}
COMMAND: GET /session/999fc64afd1230ec64a2dd58c909e126/screenshot - {}
RESULT: {}
RESULT: {"script":"<script> [5351 bytes]","args":[{"element-6066-11e4-a52e-4f735466cecf":"f.8D00E63E7445179AA59B17F8E6C27F98.d.4F730416685309242E39E8FB65BFF6E9.e.19510","ELEMENT":"f.8D00E63E7445179AA59B17F8E6C27F98.d.4F730416685309242E39E8FB65BFF6E9.e.19510"}]}
COMMAND: GET /session/999fc64afd1230ec64a2dd58c909e126/screenshot - {}
RESULT: {}
RESULT: {}
COMMAND: POST /session/999fc64afd1230ec64a2dd58c909e126/element/f.8D00E63E7445179AA59B17F8E6C27F98.d.4F730416685309242E39E8FB65BFF6E9.e.19510/click - {}
RESULT: {}
COMMAND: GET /session/999fc64afd1230ec64a2dd58c909e126/screenshot - {}
RESULT: {}
COMMAND: POST /session/999fc64afd1230ec64a2dd58c909e126/execute/async - {"script":"<script> [1562 bytes]","args":[{"selector":{"id":"application-managecontracts-display-component---AddNewContract--projectDescription","interaction":{"idSuffix":"inner"}},"wdio_ui5_key":"applicationmanagecontracts-display-component---AddNewContract--projectDescription"}]}
RESULT: {"script":"<script> [1562 bytes]","args":[{"selector":{"id":"application-managecontracts-display-component---AddNewContract--projectDescription","interaction":{"idSuffix":"inner"}},"wdio_ui5_key":"applicationmanagecontracts-display-component---AddNewContract--projectDescription"}]}
RESULT: undefined
COMMAND: POST /session/999fc64afd1230ec64a2dd58c909e126/execute/async - {"script":"<script> [776 bytes]","args":[{"enterText":"Contract WDIO","selector":{"id":"application-managecontracts-display-component---AddNewContract--projectDescription","interaction":{"idSuffix":"inner"}},"clearTextFirst":true,"interactionType":"ENTER_TEXT"}]}
RESULT: {"script":"<script> [776 bytes]","args":[{"enterText":"Contract WDIO","selector":{"id":"application-managecontracts-display-component---AddNewContract--projectDescription","interaction":{"idSuffix":"inner"}},"clearTextFirst":true,"interactionType":"ENTER_TEXT"}]}
COMMAND: POST /session/999fc64afd1230ec64a2dd58c909e126/element - {"using":"xpath","value":"//input[@id=\"application-managecontracts-display-component---AddNewContract--site-inner\"]"}
RESULT: {"using":"xpath","value":"//input[@id=\"application-managecontracts-display-component---AddNewContract--site-inner\"]"}
COMMAND: POST /session/999fc64afd1230ec64a2dd58c909e126/element/f.8D00E63E7445179AA59B17F8E6C27F98.d.4F730416685309242E39E8FB65BFF6E9.e.19972/clear - {}
RESULT: {}
COMMAND: POST /session/999fc64afd1230ec64a2dd58c909e126/element/f.8D00E63E7445179AA59B17F8E6C27F98.d.4F730416685309242E39E8FB65BFF6E9.e.19972/value - {"text":"2453"}
COMMAND: GET /session/999fc64afd1230ec64a2dd58c909e126/screenshot - {}
RESULT: {"text":"2453"}
COMMAND: GET /session/999fc64afd1230ec64a2dd58c909e126/screenshot - {}
RESULT: {}
RESULT: {}
COMMAND: POST /session/999fc64afd1230ec64a2dd58c909e126/element - {"using":"xpath","value":"//li[.//span[text()='2453']]"}
RESULT: {"using":"xpath","value":"//li[.//span[text()='2453']]"}
COMMAND: POST /session/999fc64afd1230ec64a2dd58c909e126/element/f.8D00E63E7445179AA59B17F8E6C27F98.d.4F730416685309242E39E8FB65BFF6E9.e.19997/click - {}
RESULT: {}
COMMAND: GET /session/999fc64afd1230ec64a2dd58c909e126/screenshot - {}
RESULT: {}
COMMAND: POST /session/999fc64afd1230ec64a2dd58c909e126/element - {"using":"xpath","value":"//input[@id=\"application-managecontracts-display-component---AddNewContract--yardId-inner\"]"}
RESULT: {"using":"xpath","value":"//input[@id=\"application-managecontracts-display-component---AddNewContract--yardId-inner\"]"}
COMMAND: GET /session/999fc64afd1230ec64a2dd58c909e126/element/f.8D00E63E7445179AA59B17F8E6C27F98.d.4F730416685309242E39E8FB65BFF6E9.e.19973/property/value - {}
RESULT: {}
COMMAND: POST /session/999fc64afd1230ec64a2dd58c909e126/element - {"using":"xpath","value":"//input[@id=\"application-managecontracts-display-component---AddNewContract--customerSelect-inner\"]"}
COMMAND: GET /session/999fc64afd1230ec64a2dd58c909e126/screenshot - {}
RESULT: {"using":"xpath","value":"//input[@id=\"application-managecontracts-display-component---AddNewContract--customerSelect-inner\"]"}
COMMAND: POST /session/999fc64afd1230ec64a2dd58c909e126/element/f.8D00E63E7445179AA59B17F8E6C27F98.d.4F730416685309242E39E8FB65BFF6E9.e.19971/clear - {}
RESULT: {}
RESULT: {}
COMMAND: POST /session/999fc64afd1230ec64a2dd58c909e126/element/f.8D00E63E7445179AA59B17F8E6C27F98.d.4F730416685309242E39E8FB65BFF6E9.e.19971/value - {"text":"1496"}
COMMAND: GET /session/999fc64afd1230ec64a2dd58c909e126/screenshot - {}
RESULT: {"text":"1496"}
COMMAND: GET /session/999fc64afd1230ec64a2dd58c909e126/screenshot - {}
RESULT: {}
RESULT: {}
COMMAND: POST /session/999fc64afd1230ec64a2dd58c909e126/element - {"using":"xpath","value":"//li[.//span[text()='1496']]"}
RESULT: {"using":"xpath","value":"//li[.//span[text()='1496']]"}
COMMAND: POST /session/999fc64afd1230ec64a2dd58c909e126/element/f.8D00E63E7445179AA59B17F8E6C27F98.d.4F730416685309242E39E8FB65BFF6E9.e.20000/click - {}
RESULT: {}
COMMAND: GET /session/999fc64afd1230ec64a2dd58c909e126/screenshot - {}
RESULT: {}
COMMAND: POST /session/999fc64afd1230ec64a2dd58c909e126/element - {"using":"xpath","value":"//button[@data-kt=\"saveButton\"]"}
RESULT: {"using":"xpath","value":"//button[@data-kt=\"saveButton\"]"}
COMMAND: POST /session/999fc64afd1230ec64a2dd58c909e126/element/f.8D00E63E7445179AA59B17F8E6C27F98.d.4F730416685309242E39E8FB65BFF6E9.e.19988/click - {}
RESULT: {}
COMMAND: GET /session/999fc64afd1230ec64a2dd58c909e126/screenshot - {}
RESULT: {}
COMMAND: POST /session/999fc64afd1230ec64a2dd58c909e126/element - {"using":"xpath","value":"//span[contains(@id ,\"contractDetailTitleNoExpanded\")]"}
RESULT: {"using":"xpath","value":"//span[contains(@id ,\"contractDetailTitleNoExpanded\")]"}
COMMAND: POST /session/999fc64afd1230ec64a2dd58c909e126/elements - {"using":"xpath","value":"//span[contains(@id ,\"contractDetailTitleNoExpanded\")]"}
RESULT: {"using":"xpath","value":"//span[contains(@id ,\"contractDetailTitleNoExpanded\")]"}
COMMAND: POST /session/999fc64afd1230ec64a2dd58c909e126/execute/sync - {"script":"<script> [56 bytes]","args":[{"element-6066-11e4-a52e-4f735466cecf":"f.8D00E63E7445179AA59B17F8E6C27F98.d.4F730416685309242E39E8FB65BFF6E9.e.20073","ELEMENT":"f.8D00E63E7445179AA59B17F8E6C27F98.d.4F730416685309242E39E8FB65BFF6E9.e.20073"}]}
RESULT: {"script":"<script> [56 bytes]","args":[{"element-6066-11e4-a52e-4f735466cecf":"f.8D00E63E7445179AA59B17F8E6C27F98.d.4F730416685309242E39E8FB65BFF6E9.e.20073","ELEMENT":"f.8D00E63E7445179AA59B17F8E6C27F98.d.4F730416685309242E39E8FB65BFF6E9.e.20073"}]}
COMMAND: GET /session/999fc64afd1230ec64a2dd58c909e126/screenshot - {}
RESULT: {}
]]></system-out>
    </testcase>
    <testcase classname="chrome.135_0_7049_96.windows.Create_Reverse_Billing_US127248" name="Should add equipment to the contract" time="45.981">
      <system-out><![CDATA[
COMMAND: POST /session/999fc64afd1230ec64a2dd58c909e126/element - {"using":"xpath","value":"//button[@data-kt=\"contractDetailEditBtnButton\"]"}
RESULT: {"using":"xpath","value":"//button[@data-kt=\"contractDetailEditBtnButton\"]"}
COMMAND: POST /session/999fc64afd1230ec64a2dd58c909e126/element/f.8D00E63E7445179AA59B17F8E6C27F98.d.4F730416685309242E39E8FB65BFF6E9.e.20074/click - {}
RESULT: {}
COMMAND: GET /session/999fc64afd1230ec64a2dd58c909e126/screenshot - {}
RESULT: {}
COMMAND: POST /session/999fc64afd1230ec64a2dd58c909e126/element - {"using":"xpath","value":"(//span[contains(text(), \"Additional Addresses\")])[2]"}
RESULT: {"using":"xpath","value":"(//span[contains(text(), \"Additional Addresses\")])[2]"}
COMMAND: POST /session/999fc64afd1230ec64a2dd58c909e126/element/f.8D00E63E7445179AA59B17F8E6C27F98.d.4F730416685309242E39E8FB65BFF6E9.e.20134/click - {}
RESULT: {}
COMMAND: GET /session/999fc64afd1230ec64a2dd58c909e126/screenshot - {}
RESULT: {}
COMMAND: POST /session/999fc64afd1230ec64a2dd58c909e126/element - {"using":"xpath","value":"//button[@data-kt=\"btnAddTableRowOverflowToolbarButton\"]"}
RESULT: {"using":"xpath","value":"//button[@data-kt=\"btnAddTableRowOverflowToolbarButton\"]"}
COMMAND: POST /session/999fc64afd1230ec64a2dd58c909e126/element/f.8D00E63E7445179AA59B17F8E6C27F98.d.4F730416685309242E39E8FB65BFF6E9.e.20138/click - {}
RESULT: {}
COMMAND: GET /session/999fc64afd1230ec64a2dd58c909e126/screenshot - {}
RESULT: {}
COMMAND: POST /session/999fc64afd1230ec64a2dd58c909e126/element - {"using":"xpath","value":"//div[(text() = 'Standard Entry' or . = 'Standard Entry')]"}
RESULT: {"using":"xpath","value":"//div[(text() = 'Standard Entry' or . = 'Standard Entry')]"}
COMMAND: POST /session/999fc64afd1230ec64a2dd58c909e126/element/f.8D00E63E7445179AA59B17F8E6C27F98.d.4F730416685309242E39E8FB65BFF6E9.e.20140/click - {}
RESULT: {}
COMMAND: GET /session/999fc64afd1230ec64a2dd58c909e126/screenshot - {}
RESULT: {}
COMMAND: POST /session/999fc64afd1230ec64a2dd58c909e126/element - {"using":"xpath","value":"//td[7]/div/div/input"}
RESULT: {"using":"xpath","value":"//td[7]/div/div/input"}
COMMAND: POST /session/999fc64afd1230ec64a2dd58c909e126/element/f.8D00E63E7445179AA59B17F8E6C27F98.d.4F730416685309242E39E8FB65BFF6E9.e.20149/clear - {}
RESULT: {}
COMMAND: POST /session/999fc64afd1230ec64a2dd58c909e126/element/f.8D00E63E7445179AA59B17F8E6C27F98.d.4F730416685309242E39E8FB65BFF6E9.e.20149/value - {"text":"lD2k2FJ6j1"}
COMMAND: GET /session/999fc64afd1230ec64a2dd58c909e126/screenshot - {}
RESULT: {"text":"lD2k2FJ6j1"}
COMMAND: GET /session/999fc64afd1230ec64a2dd58c909e126/screenshot - {}
RESULT: {}
RESULT: {}
COMMAND: POST /session/999fc64afd1230ec64a2dd58c909e126/actions - {"actions":[{"id":"action70","type":"key","parameters":{},"actions":[{"type":"keyDown","value":"î€‡"},{"type":"pause","duration":10},{"type":"keyUp","value":"î€‡"}]}]}
RESULT: {"actions":[{"id":"action70","type":"key","parameters":{},"actions":[{"type":"keyDown","value":"î€‡"},{"type":"pause","duration":10},{"type":"keyUp","value":"î€‡"}]}]}
COMMAND: GET /session/999fc64afd1230ec64a2dd58c909e126/screenshot - {}
RESULT: {}
COMMAND: POST /session/999fc64afd1230ec64a2dd58c909e126/execute/sync - {"script":"<script> [276 bytes]","args":["No pricing information was found"]}
RESULT: {"script":"<script> [276 bytes]","args":["No pricing information was found"]}
COMMAND: POST /session/999fc64afd1230ec64a2dd58c909e126/element - {"using":"xpath","value":"(//button[@data-kt=\"saveButton\"])[2]"}
COMMAND: GET /session/999fc64afd1230ec64a2dd58c909e126/screenshot - {}
RESULT: {"using":"xpath","value":"(//button[@data-kt=\"saveButton\"])[2]"}
COMMAND: POST /session/999fc64afd1230ec64a2dd58c909e126/element/f.8D00E63E7445179AA59B17F8E6C27F98.d.4F730416685309242E39E8FB65BFF6E9.e.20164/click - {}
RESULT: {}
RESULT: {}
COMMAND: GET /session/999fc64afd1230ec64a2dd58c909e126/screenshot - {}
RESULT: {}
COMMAND: POST /session/999fc64afd1230ec64a2dd58c909e126/execute/sync - {"script":"<script> [276 bytes]","args":["Some contract items are having rental validity exceeding header rental validity"]}
RESULT: {"script":"<script> [276 bytes]","args":["Some contract items are having rental validity exceeding header rental validity"]}
COMMAND: GET /session/999fc64afd1230ec64a2dd58c909e126/screenshot - {}
RESULT: {}
COMMAND: POST /session/999fc64afd1230ec64a2dd58c909e126/element - {"using":"xpath","value":"//span[contains(@id ,\"contractItemsSmartTable-header-inner\")]"}
RESULT: {"using":"xpath","value":"//span[contains(@id ,\"contractItemsSmartTable-header-inner\")]"}
COMMAND: POST /session/999fc64afd1230ec64a2dd58c909e126/elements - {"using":"xpath","value":"//span[contains(@id ,\"contractItemsSmartTable-header-inner\")]"}
RESULT: {"using":"xpath","value":"//span[contains(@id ,\"contractItemsSmartTable-header-inner\")]"}
COMMAND: POST /session/999fc64afd1230ec64a2dd58c909e126/execute/sync - {"script":"<script> [56 bytes]","args":[{"element-6066-11e4-a52e-4f735466cecf":"f.8D00E63E7445179AA59B17F8E6C27F98.d.4F730416685309242E39E8FB65BFF6E9.e.20170","ELEMENT":"f.8D00E63E7445179AA59B17F8E6C27F98.d.4F730416685309242E39E8FB65BFF6E9.e.20170"}]}
RESULT: {"script":"<script> [56 bytes]","args":[{"element-6066-11e4-a52e-4f735466cecf":"f.8D00E63E7445179AA59B17F8E6C27F98.d.4F730416685309242E39E8FB65BFF6E9.e.20170","ELEMENT":"f.8D00E63E7445179AA59B17F8E6C27F98.d.4F730416685309242E39E8FB65BFF6E9.e.20170"}]}
COMMAND: GET /session/999fc64afd1230ec64a2dd58c909e126/screenshot - {}
]]></system-out>
    </testcase>
    <testcase classname="chrome.135_0_7049_96.windows.Create_Reverse_Billing_US127248" name="Should do a provide to site handover" time="43.518">
      <system-out><![CDATA[
COMMAND: POST /session/999fc64afd1230ec64a2dd58c909e126/element - {"using":"xpath","value":"//button[@data-kt=\"provideButton\"]"}
RESULT: {}
RESULT: {"using":"xpath","value":"//button[@data-kt=\"provideButton\"]"}
COMMAND: POST /session/999fc64afd1230ec64a2dd58c909e126/element/f.8D00E63E7445179AA59B17F8E6C27F98.d.4F730416685309242E39E8FB65BFF6E9.e.20171/click - {}
RESULT: {}
COMMAND: GET /session/999fc64afd1230ec64a2dd58c909e126/screenshot - {}
RESULT: undefined
COMMAND: POST /session/999fc64afd1230ec64a2dd58c909e126/execute/async - {"script":"<script> [6424 bytes]","args":[{"element-6066-11e4-a52e-4f735466cecf":"f.8D00E63E7445179AA59B17F8E6C27F98.d.4F730416685309242E39E8FB65BFF6E9.e.19032"},"setValue",["05/06/2025"]]}
RESULT: {}
COMMAND: POST /session/999fc64afd1230ec64a2dd58c909e126/execute/async - {"script":"<script> [1562 bytes]","args":[{"selector":{"id":"application-managehandovers-display-component---AddNewHO--dueDate","interaction":{"idSuffix":"inner"}},"wdio_ui5_key":"applicationmanagehandovers-display-component---AddNewHO--dueDate"}]}
RESULT: {"script":"<script> [1562 bytes]","args":[{"selector":{"id":"application-managehandovers-display-component---AddNewHO--dueDate","interaction":{"idSuffix":"inner"}},"wdio_ui5_key":"applicationmanagehandovers-display-component---AddNewHO--dueDate"}]}
COMMAND: POST /session/999fc64afd1230ec64a2dd58c909e126/execute/async - {"script":"<script> [6424 bytes]","args":[{"element-6066-11e4-a52e-4f735466cecf":"f.8D00E63E7445179AA59B17F8E6C27F98.d.4F730416685309242E39E8FB65BFF6E9.e.20228"},"setValue",["05/06/2025"]]}
RESULT: {"script":"<script> [6424 bytes]","args":[{"element-6066-11e4-a52e-4f735466cecf":"f.8D00E63E7445179AA59B17F8E6C27F98.d.4F730416685309242E39E8FB65BFF6E9.e.20228"},"setValue",["05/06/2025"]]}
COMMAND: POST /session/999fc64afd1230ec64a2dd58c909e126/element - {"using":"xpath","value":"//bdi[contains(text(), \"Instructions\")]"}
RESULT: {"using":"xpath","value":"//bdi[contains(text(), \"Instructions\")]"}
COMMAND: POST /session/999fc64afd1230ec64a2dd58c909e126/element/f.8D00E63E7445179AA59B17F8E6C27F98.d.4F730416685309242E39E8FB65BFF6E9.e.20480/click - {}
RESULT: {}
COMMAND: GET /session/999fc64afd1230ec64a2dd58c909e126/screenshot - {}
RESULT: {}
COMMAND: POST /session/999fc64afd1230ec64a2dd58c909e126/element - {"using":"xpath","value":"//button[@data-kt=\"AddNewHOProvideAddItemsButton\"]"}
RESULT: {"using":"xpath","value":"//button[@data-kt=\"AddNewHOProvideAddItemsButton\"]"}
COMMAND: POST /session/999fc64afd1230ec64a2dd58c909e126/element/f.8D00E63E7445179AA59B17F8E6C27F98.d.4F730416685309242E39E8FB65BFF6E9.e.20484/click - {}
RESULT: {}
COMMAND: GET /session/999fc64afd1230ec64a2dd58c909e126/screenshot - {}
RESULT: {}
RESULT: undefined
COMMAND: POST /session/999fc64afd1230ec64a2dd58c909e126/element - {"using":"xpath","value":"//*[@id=\"application-managehandovers-display-component---AddNewHO--popup-sa\"]"}
RESULT: {"using":"xpath","value":"//*[@id=\"application-managehandovers-display-component---AddNewHO--popup-sa\"]"}
COMMAND: POST /session/999fc64afd1230ec64a2dd58c909e126/element/f.8D00E63E7445179AA59B17F8E6C27F98.d.4F730416685309242E39E8FB65BFF6E9.e.20493/click - {}
RESULT: {}
COMMAND: GET /session/999fc64afd1230ec64a2dd58c909e126/screenshot - {}
RESULT: {}
COMMAND: POST /session/999fc64afd1230ec64a2dd58c909e126/element - {"using":"xpath","value":"//*[contains(@id ,\"BDI-content\")][contains(text(), \"Select\")]"}
RESULT: {"using":"xpath","value":"//*[contains(@id ,\"BDI-content\")][contains(text(), \"Select\")]"}
COMMAND: POST /session/999fc64afd1230ec64a2dd58c909e126/element/f.8D00E63E7445179AA59B17F8E6C27F98.d.4F730416685309242E39E8FB65BFF6E9.e.20495/click - {}
RESULT: {}
COMMAND: GET /session/999fc64afd1230ec64a2dd58c909e126/screenshot - {}
RESULT: {}
COMMAND: POST /session/999fc64afd1230ec64a2dd58c909e126/execute/async - {"script":"<script> [1562 bytes]","args":[{"selector":{"id":"application-managehandovers-display-component---AddNewHO--confirmCreationButton","interaction":{"idSuffix":"BDI-content"}},"wdio_ui5_key":"applicationmanagehandovers-display-component---AddNewHO--confirmCreationButton"}]}
RESULT: {"script":"<script> [1562 bytes]","args":[{"selector":{"id":"application-managehandovers-display-component---AddNewHO--confirmCreationButton","interaction":{"idSuffix":"BDI-content"}},"wdio_ui5_key":"applicationmanagehandovers-display-component---AddNewHO--confirmCreationButton"}]}
RESULT: undefined
COMMAND: POST /session/999fc64afd1230ec64a2dd58c909e126/element - {"using":"xpath","value":"//*[@id=\"application-managehandovers-display-component---AddNewHO--confirmCreationButton\"]"}
RESULT: {"using":"xpath","value":"//*[@id=\"application-managehandovers-display-component---AddNewHO--confirmCreationButton\"]"}
COMMAND: POST /session/999fc64afd1230ec64a2dd58c909e126/element/f.8D00E63E7445179AA59B17F8E6C27F98.d.4F730416685309242E39E8FB65BFF6E9.e.20308/click - {}
RESULT: {}
COMMAND: GET /session/999fc64afd1230ec64a2dd58c909e126/screenshot - {}
RESULT: {}
COMMAND: POST /session/999fc64afd1230ec64a2dd58c909e126/element - {"using":"xpath","value":"//button[@data-kt=\"PickingTableConfirmAllButton\"]"}
RESULT: {"using":"xpath","value":"//button[@data-kt=\"PickingTableConfirmAllButton\"]"}
COMMAND: POST /session/999fc64afd1230ec64a2dd58c909e126/element/f.8D00E63E7445179AA59B17F8E6C27F98.d.4F730416685309242E39E8FB65BFF6E9.e.20540/click - {}
COMMAND: POST /session/999fc64afd1230ec64a2dd58c909e126/element - {"using":"xpath","value":"//button[@data-kt=\"PickingTableConfirmAllButton\"]"}
RESULT: {"using":"xpath","value":"//button[@data-kt=\"PickingTableConfirmAllButton\"]"}
COMMAND: POST /session/999fc64afd1230ec64a2dd58c909e126/element/f.8D00E63E7445179AA59B17F8E6C27F98.d.4F730416685309242E39E8FB65BFF6E9.e.20540/click - {}
COMMAND: POST /session/999fc64afd1230ec64a2dd58c909e126/element - {"using":"xpath","value":"//button[@data-kt=\"PickingTableConfirmAllButton\"]"}
RESULT: {"using":"xpath","value":"//button[@data-kt=\"PickingTableConfirmAllButton\"]"}
COMMAND: POST /session/999fc64afd1230ec64a2dd58c909e126/element/f.8D00E63E7445179AA59B17F8E6C27F98.d.4F730416685309242E39E8FB65BFF6E9.e.20543/click - {}
RESULT: {}
COMMAND: GET /session/999fc64afd1230ec64a2dd58c909e126/screenshot - {}
RESULT: {}
COMMAND: POST /session/999fc64afd1230ec64a2dd58c909e126/element - {"using":"xpath","value":"//bdi[contains(text(), \"OK\")]"}
RESULT: {"using":"xpath","value":"//bdi[contains(text(), \"OK\")]"}
COMMAND: POST /session/999fc64afd1230ec64a2dd58c909e126/element/f.8D00E63E7445179AA59B17F8E6C27F98.d.4F730416685309242E39E8FB65BFF6E9.e.20556/click - {}
RESULT: {}
COMMAND: GET /session/999fc64afd1230ec64a2dd58c909e126/screenshot - {}
RESULT: {}
COMMAND: POST /session/999fc64afd1230ec64a2dd58c909e126/element - {"using":"xpath","value":"//bdi[contains(text(), \"Issue\")]"}
RESULT: {"using":"xpath","value":"//bdi[contains(text(), \"Issue\")]"}
COMMAND: POST /session/999fc64afd1230ec64a2dd58c909e126/element/f.8D00E63E7445179AA59B17F8E6C27F98.d.4F730416685309242E39E8FB65BFF6E9.e.20558/click - {}
RESULT: {}
COMMAND: GET /session/999fc64afd1230ec64a2dd58c909e126/screenshot - {}
RESULT: {}
COMMAND: POST /session/999fc64afd1230ec64a2dd58c909e126/element - {"using":"css selector","value":"#shell-header-logo"}
RESULT: {"using":"css selector","value":"#shell-header-logo"}
COMMAND: POST /session/999fc64afd1230ec64a2dd58c909e126/element/f.8D00E63E7445179AA59B17F8E6C27F98.d.4F730416685309242E39E8FB65BFF6E9.e.19437/click - {}
RESULT: {}
COMMAND: GET /session/999fc64afd1230ec64a2dd58c909e126/screenshot - {}
RESULT: {}
]]></system-out>
    </testcase>
    <testcase classname="chrome.135_0_7049_96.windows.Create_Reverse_Billing_US127248" name="Should go navigate to Manage Billings and trigger contract calculation check result" time="51.497">
      <system-out><![CDATA[
COMMAND: POST /session/999fc64afd1230ec64a2dd58c909e126/execute/async - {"script":"<script> [1562 bytes]","args":[{"selector":{"controlType":"sap.m.GenericTile","properties":{"header":"Manage Billings"}},"wdio_ui5_key":"sapm.GenericTile{\"header\":\"Manage Billings\"}"}]}
RESULT: {"script":"<script> [1562 bytes]","args":[{"selector":{"controlType":"sap.m.GenericTile","properties":{"header":"Manage Billings"}},"wdio_ui5_key":"sapm.GenericTile{\"header\":\"Manage Billings\"}"}]}
RESULT: undefined
COMMAND: POST /session/999fc64afd1230ec64a2dd58c909e126/element - {"using":"xpath","value":"//*[@id=\"__tile51\"]"}
RESULT: {"using":"xpath","value":"//*[@id=\"__tile51\"]"}
COMMAND: POST /session/999fc64afd1230ec64a2dd58c909e126/element/f.8D00E63E7445179AA59B17F8E6C27F98.d.4F730416685309242E39E8FB65BFF6E9.e.17397/click - {}
RESULT: {}
COMMAND: GET /session/999fc64afd1230ec64a2dd58c909e126/screenshot - {}
RESULT: {}
COMMAND: POST /session/999fc64afd1230ec64a2dd58c909e126/execute/async - {"script":"<script> [1562 bytes]","args":[{"selector":{"id":"application-managebillings-display-component---billRunCalcResult--smartFilterBar-btnBasicSearch","interaction":{"idSuffix":"I"}},"wdio_ui5_key":"applicationmanagebillings-display-component---billRunCalcResult--smartFilterBar-btnBasicSearch"}]}
RESULT: {"script":"<script> [1562 bytes]","args":[{"selector":{"id":"application-managebillings-display-component---billRunCalcResult--smartFilterBar-btnBasicSearch","interaction":{"idSuffix":"I"}},"wdio_ui5_key":"applicationmanagebillings-display-component---billRunCalcResult--smartFilterBar-btnBasicSearch"}]}
RESULT: undefined
COMMAND: POST /session/999fc64afd1230ec64a2dd58c909e126/execute/async - {"script":"<script> [776 bytes]","args":[{"enterText":"10573","selector":{"id":"application-managebillings-display-component---billRunCalcResult--smartFilterBar-btnBasicSearch","interaction":{"idSuffix":"I"}},"clearTextFirst":true,"interactionType":"ENTER_TEXT"}]}
RESULT: {"script":"<script> [776 bytes]","args":[{"enterText":"10573","selector":{"id":"application-managebillings-display-component---billRunCalcResult--smartFilterBar-btnBasicSearch","interaction":{"idSuffix":"I"}},"clearTextFirst":true,"interactionType":"ENTER_TEXT"}]}
COMMAND: POST /session/999fc64afd1230ec64a2dd58c909e126/actions - {"actions":[{"id":"action71","type":"key","parameters":{},"actions":[{"type":"keyDown","value":"î€‡"},{"type":"pause","duration":10},{"type":"keyUp","value":"î€‡"}]}]}
RESULT: {"actions":[{"id":"action71","type":"key","parameters":{},"actions":[{"type":"keyDown","value":"î€‡"},{"type":"pause","duration":10},{"type":"keyUp","value":"î€‡"}]}]}
COMMAND: GET /session/999fc64afd1230ec64a2dd58c909e126/screenshot - {}
RESULT: {}
COMMAND: POST /session/999fc64afd1230ec64a2dd58c909e126/element - {"using":"xpath","value":"//td[@aria-colindex=\"1\"]/div/div[contains(@class, \"sapMCbBg\")]"}
RESULT: {"using":"xpath","value":"//td[@aria-colindex=\"1\"]/div/div[contains(@class, \"sapMCbBg\")]"}
COMMAND: POST /session/999fc64afd1230ec64a2dd58c909e126/element/f.8D00E63E7445179AA59B17F8E6C27F98.d.4F730416685309242E39E8FB65BFF6E9.e.20946/click - {}
RESULT: {}
COMMAND: GET /session/999fc64afd1230ec64a2dd58c909e126/screenshot - {}
RESULT: {}
COMMAND: POST /session/999fc64afd1230ec64a2dd58c909e126/execute/async - {"script":"<script> [1562 bytes]","args":[{"selector":{"id":"application-managebillings-display-component---billRunCalcResult--contractBillRunDate","interaction":{"idSuffix":"inner"}},"wdio_ui5_key":"applicationmanagebillings-display-component---billRunCalcResult--contractBillRunDate"}]}
RESULT: {"script":"<script> [1562 bytes]","args":[{"selector":{"id":"application-managebillings-display-component---billRunCalcResult--contractBillRunDate","interaction":{"idSuffix":"inner"}},"wdio_ui5_key":"applicationmanagebillings-display-component---billRunCalcResult--contractBillRunDate"}]}
RESULT: undefined
COMMAND: POST /session/999fc64afd1230ec64a2dd58c909e126/execute/async - {"script":"<script> [776 bytes]","args":[{"enterText":"06/06/25","selector":{"id":"application-managebillings-display-component---billRunCalcResult--contractBillRunDate","interaction":{"idSuffix":"inner"}},"clearTextFirst":true,"interactionType":"ENTER_TEXT"}]}
RESULT: {"script":"<script> [776 bytes]","args":[{"enterText":"06/06/25","selector":{"id":"application-managebillings-display-component---billRunCalcResult--contractBillRunDate","interaction":{"idSuffix":"inner"}},"clearTextFirst":true,"interactionType":"ENTER_TEXT"}]}
COMMAND: POST /session/999fc64afd1230ec64a2dd58c909e126/element - {"using":"xpath","value":"//bdi[contains(text(), \"Trigger Calculation\")]"}
RESULT: {"using":"xpath","value":"//bdi[contains(text(), \"Trigger Calculation\")]"}
COMMAND: POST /session/999fc64afd1230ec64a2dd58c909e126/element/f.8D00E63E7445179AA59B17F8E6C27F98.d.4F730416685309242E39E8FB65BFF6E9.e.20999/click - {}
RESULT: {}
COMMAND: GET /session/999fc64afd1230ec64a2dd58c909e126/screenshot - {}
RESULT: {}
COMMAND: POST /session/999fc64afd1230ec64a2dd58c909e126/element - {"using":"xpath","value":"(//span[contains(@id, \"imgNav\")])[1]"}
RESULT: {"using":"xpath","value":"(//span[contains(@id, \"imgNav\")])[1]"}
COMMAND: POST /session/999fc64afd1230ec64a2dd58c909e126/element/f.8D00E63E7445179AA59B17F8E6C27F98.d.4F730416685309242E39E8FB65BFF6E9.e.20947/click - {}
RESULT: {}
COMMAND: GET /session/999fc64afd1230ec64a2dd58c909e126/screenshot - {}
RESULT: {}
COMMAND: POST /session/999fc64afd1230ec64a2dd58c909e126/element - {"using":"xpath","value":"//tr/td[6]/div[1]/span[1]/span[1]"}
RESULT: {"using":"xpath","value":"//tr/td[6]/div[1]/span[1]/span[1]"}
COMMAND: GET /session/999fc64afd1230ec64a2dd58c909e126/element/f.8D00E63E7445179AA59B17F8E6C27F98.d.4F730416685309242E39E8FB65BFF6E9.e.21003/text - {}
RESULT: {}
COMMAND: POST /session/999fc64afd1230ec64a2dd58c909e126/element - {"using":"xpath","value":"(//span[contains(@id, \"imgNav\")])[2]"}
RESULT: {"using":"xpath","value":"(//span[contains(@id, \"imgNav\")])[2]"}
COMMAND: POST /session/999fc64afd1230ec64a2dd58c909e126/element/f.8D00E63E7445179AA59B17F8E6C27F98.d.4F730416685309242E39E8FB65BFF6E9.e.21004/click - {}
RESULT: {}
COMMAND: POST /session/999fc64afd1230ec64a2dd58c909e126/element - {"using":"xpath","value":"//bdi[contains(text(), \"Business Confirm\")]"}
COMMAND: GET /session/999fc64afd1230ec64a2dd58c909e126/screenshot - {}
RESULT: {"using":"xpath","value":"//bdi[contains(text(), \"Business Confirm\")]"}
COMMAND: POST /session/999fc64afd1230ec64a2dd58c909e126/elements - {"using":"xpath","value":"//bdi[contains(text(), \"Business Confirm\")]"}
RESULT: {}
RESULT: {"using":"xpath","value":"//bdi[contains(text(), \"Business Confirm\")]"}
COMMAND: POST /session/999fc64afd1230ec64a2dd58c909e126/element - {"using":"xpath","value":"//bdi[contains(text(), \"Business Confirm\")]"}
RESULT: {"using":"xpath","value":"//bdi[contains(text(), \"Business Confirm\")]"}
COMMAND: POST /session/999fc64afd1230ec64a2dd58c909e126/element/f.8D00E63E7445179AA59B17F8E6C27F98.d.4F730416685309242E39E8FB65BFF6E9.e.21046/click - {}
RESULT: {}
COMMAND: POST /session/999fc64afd1230ec64a2dd58c909e126/element - {"using":"css selector","value":"#shell-header-logo"}
COMMAND: GET /session/999fc64afd1230ec64a2dd58c909e126/screenshot - {}
RESULT: {"using":"css selector","value":"#shell-header-logo"}
COMMAND: POST /session/999fc64afd1230ec64a2dd58c909e126/element/f.8D00E63E7445179AA59B17F8E6C27F98.d.4F730416685309242E39E8FB65BFF6E9.e.20736/click - {}
RESULT: {}
RESULT: {}
COMMAND: GET /session/999fc64afd1230ec64a2dd58c909e126/screenshot - {}
RESULT: {}
]]></system-out>
    </testcase>
    <testcase classname="chrome.135_0_7049_96.windows.Create_Reverse_Billing_US127248" name="Should go into Billing Transfer and reverse the billing" time="33.137">
      <system-out><![CDATA[
COMMAND: POST /session/999fc64afd1230ec64a2dd58c909e126/execute/async - {"script":"<script> [1562 bytes]","args":[{"selector":{"controlType":"sap.m.GenericTile","properties":{"header":"Billing Transfer"}},"wdio_ui5_key":"sapm.GenericTile{\"header\":\"Billing Transfer\"}"}]}
RESULT: {"script":"<script> [1562 bytes]","args":[{"selector":{"controlType":"sap.m.GenericTile","properties":{"header":"Billing Transfer"}},"wdio_ui5_key":"sapm.GenericTile{\"header\":\"Billing Transfer\"}"}]}
RESULT: undefined
COMMAND: POST /session/999fc64afd1230ec64a2dd58c909e126/element - {"using":"xpath","value":"//*[@id=\"__tile50\"]"}
RESULT: {"using":"xpath","value":"//*[@id=\"__tile50\"]"}
COMMAND: POST /session/999fc64afd1230ec64a2dd58c909e126/element/f.8D00E63E7445179AA59B17F8E6C27F98.d.4F730416685309242E39E8FB65BFF6E9.e.17395/click - {}
RESULT: {}
COMMAND: POST /session/999fc64afd1230ec64a2dd58c909e126/element - {"using":"xpath","value":"//input[contains(@id ,\"application-billingtransfer-display-component---billingWorkbench--smartFilterBar-btnBasicSearch\")]"}
COMMAND: GET /session/999fc64afd1230ec64a2dd58c909e126/screenshot - {}
RESULT: {"using":"xpath","value":"//input[contains(@id ,\"application-billingtransfer-display-component---billingWorkbench--smartFilterBar-btnBasicSearch\")]"}
COMMAND: POST /session/999fc64afd1230ec64a2dd58c909e126/elements - {"using":"xpath","value":"//input[contains(@id ,\"application-billingtransfer-display-component---billingWorkbench--smartFilterBar-btnBasicSearch\")]"}
RESULT: {}
RESULT: {"using":"xpath","value":"//input[contains(@id ,\"application-billingtransfer-display-component---billingWorkbench--smartFilterBar-btnBasicSearch\")]"}
COMMAND: POST /session/999fc64afd1230ec64a2dd58c909e126/elements - {"using":"xpath","value":"//input[contains(@id ,\"application-billingtransfer-display-component---billingWorkbench--smartFilterBar-btnBasicSearch\")]"}
RESULT: {"using":"xpath","value":"//input[contains(@id ,\"application-billingtransfer-display-component---billingWorkbench--smartFilterBar-btnBasicSearch\")]"}
COMMAND: POST /session/999fc64afd1230ec64a2dd58c909e126/element - {"using":"xpath","value":"//input[contains(@id ,\"application-billingtransfer-display-component---billingWorkbench--smartFilterBar-btnBasicSearch\")]"}
RESULT: {"using":"xpath","value":"//input[contains(@id ,\"application-billingtransfer-display-component---billingWorkbench--smartFilterBar-btnBasicSearch\")]"}
COMMAND: POST /session/999fc64afd1230ec64a2dd58c909e126/execute/sync - {"script":"<script> [8489 bytes]","args":[{"element-6066-11e4-a52e-4f735466cecf":"f.8D00E63E7445179AA59B17F8E6C27F98.d.4F730416685309242E39E8FB65BFF6E9.e.21074","ELEMENT":"f.8D00E63E7445179AA59B17F8E6C27F98.d.4F730416685309242E39E8FB65BFF6E9.e.21074"}]}
RESULT: {"script":"<script> [8489 bytes]","args":[{"element-6066-11e4-a52e-4f735466cecf":"f.8D00E63E7445179AA59B17F8E6C27F98.d.4F730416685309242E39E8FB65BFF6E9.e.21074","ELEMENT":"f.8D00E63E7445179AA59B17F8E6C27F98.d.4F730416685309242E39E8FB65BFF6E9.e.21074"}]}
COMMAND: GET /session/999fc64afd1230ec64a2dd58c909e126/element/f.8D00E63E7445179AA59B17F8E6C27F98.d.4F730416685309242E39E8FB65BFF6E9.e.21074/enabled - {}
COMMAND: GET /session/999fc64afd1230ec64a2dd58c909e126/screenshot - {}
RESULT: {}
COMMAND: POST /session/999fc64afd1230ec64a2dd58c909e126/element/f.8D00E63E7445179AA59B17F8E6C27F98.d.4F730416685309242E39E8FB65BFF6E9.e.21074/click - {}
COMMAND: GET /session/999fc64afd1230ec64a2dd58c909e126/screenshot - {}
RESULT: {}
RESULT: {}
COMMAND: GET /session/999fc64afd1230ec64a2dd58c909e126/screenshot - {}
RESULT: {}
RESULT: {}
COMMAND: POST /session/999fc64afd1230ec64a2dd58c909e126/element/f.8D00E63E7445179AA59B17F8E6C27F98.d.4F730416685309242E39E8FB65BFF6E9.e.21074/clear - {}
RESULT: {}
COMMAND: POST /session/999fc64afd1230ec64a2dd58c909e126/element/f.8D00E63E7445179AA59B17F8E6C27F98.d.4F730416685309242E39E8FB65BFF6E9.e.21074/value - {"text":"10573"}
COMMAND: GET /session/999fc64afd1230ec64a2dd58c909e126/screenshot - {}
RESULT: {"text":"10573"}
COMMAND: POST /session/999fc64afd1230ec64a2dd58c909e126/actions - {"actions":[{"id":"action72","type":"key","parameters":{},"actions":[{"type":"keyDown","value":"î€‡"},{"type":"pause","duration":10},{"type":"keyUp","value":"î€‡"}]}]}
COMMAND: GET /session/999fc64afd1230ec64a2dd58c909e126/screenshot - {}
RESULT: {}
RESULT: {"actions":[{"id":"action72","type":"key","parameters":{},"actions":[{"type":"keyDown","value":"î€‡"},{"type":"pause","duration":10},{"type":"keyUp","value":"î€‡"}]}]}
COMMAND: GET /session/999fc64afd1230ec64a2dd58c909e126/screenshot - {}
RESULT: {}
RESULT: {}
COMMAND: POST /session/999fc64afd1230ec64a2dd58c909e126/element - {"using":"xpath","value":"//span[contains(@id ,\"application-billingtransfer-display-component---billingWorkbench--smartTableBillingRuns-header-inner\")]"}
RESULT: {"using":"xpath","value":"//span[contains(@id ,\"application-billingtransfer-display-component---billingWorkbench--smartTableBillingRuns-header-inner\")]"}
COMMAND: POST /session/999fc64afd1230ec64a2dd58c909e126/elements - {"using":"xpath","value":"//span[contains(@id ,\"application-billingtransfer-display-component---billingWorkbench--smartTableBillingRuns-header-inner\")]"}
RESULT: {"using":"xpath","value":"//span[contains(@id ,\"application-billingtransfer-display-component---billingWorkbench--smartTableBillingRuns-header-inner\")]"}
COMMAND: POST /session/999fc64afd1230ec64a2dd58c909e126/execute/sync - {"script":"<script> [56 bytes]","args":[{"element-6066-11e4-a52e-4f735466cecf":"f.8D00E63E7445179AA59B17F8E6C27F98.d.4F730416685309242E39E8FB65BFF6E9.e.21317","ELEMENT":"f.8D00E63E7445179AA59B17F8E6C27F98.d.4F730416685309242E39E8FB65BFF6E9.e.21317"}]}
RESULT: {"script":"<script> [56 bytes]","args":[{"element-6066-11e4-a52e-4f735466cecf":"f.8D00E63E7445179AA59B17F8E6C27F98.d.4F730416685309242E39E8FB65BFF6E9.e.21317","ELEMENT":"f.8D00E63E7445179AA59B17F8E6C27F98.d.4F730416685309242E39E8FB65BFF6E9.e.21317"}]}
COMMAND: POST /session/999fc64afd1230ec64a2dd58c909e126/element - {"using":"xpath","value":"//td[@aria-colindex=\"1\"]/div/div[contains(@class, \"sapMCbBg\")]"}
COMMAND: GET /session/999fc64afd1230ec64a2dd58c909e126/screenshot - {}
RESULT: {"using":"xpath","value":"//td[@aria-colindex=\"1\"]/div/div[contains(@class, \"sapMCbBg\")]"}
COMMAND: POST /session/999fc64afd1230ec64a2dd58c909e126/element/f.8D00E63E7445179AA59B17F8E6C27F98.d.4F730416685309242E39E8FB65BFF6E9.e.21308/click - {}
RESULT: {}
RESULT: {}
COMMAND: GET /session/999fc64afd1230ec64a2dd58c909e126/screenshot - {}
RESULT: {}
COMMAND: POST /session/999fc64afd1230ec64a2dd58c909e126/element - {"using":"xpath","value":"//bdi[contains(text(), \"Reverse\")]"}
RESULT: {"using":"xpath","value":"//bdi[contains(text(), \"Reverse\")]"}
COMMAND: POST /session/999fc64afd1230ec64a2dd58c909e126/element/f.8D00E63E7445179AA59B17F8E6C27F98.d.4F730416685309242E39E8FB65BFF6E9.e.21318/click - {}
RESULT: {}
COMMAND: GET /session/999fc64afd1230ec64a2dd58c909e126/screenshot - {}
RESULT: {}
COMMAND: POST /session/999fc64afd1230ec64a2dd58c909e126/element - {"using":"xpath","value":"//input[contains(@id ,\"application-billingtransfer-display-component---billingWorkbench--smartFilterBar-btnBasicSearch\")]"}
RESULT: {"using":"xpath","value":"//input[contains(@id ,\"application-billingtransfer-display-component---billingWorkbench--smartFilterBar-btnBasicSearch\")]"}
COMMAND: POST /session/999fc64afd1230ec64a2dd58c909e126/elements - {"using":"xpath","value":"//input[contains(@id ,\"application-billingtransfer-display-component---billingWorkbench--smartFilterBar-btnBasicSearch\")]"}
RESULT: {"using":"xpath","value":"//input[contains(@id ,\"application-billingtransfer-display-component---billingWorkbench--smartFilterBar-btnBasicSearch\")]"}
COMMAND: POST /session/999fc64afd1230ec64a2dd58c909e126/execute/sync - {"script":"<script> [8489 bytes]","args":[{"element-6066-11e4-a52e-4f735466cecf":"f.8D00E63E7445179AA59B17F8E6C27F98.d.4F730416685309242E39E8FB65BFF6E9.e.21074","ELEMENT":"f.8D00E63E7445179AA59B17F8E6C27F98.d.4F730416685309242E39E8FB65BFF6E9.e.21074"}]}
RESULT: {"script":"<script> [8489 bytes]","args":[{"element-6066-11e4-a52e-4f735466cecf":"f.8D00E63E7445179AA59B17F8E6C27F98.d.4F730416685309242E39E8FB65BFF6E9.e.21074","ELEMENT":"f.8D00E63E7445179AA59B17F8E6C27F98.d.4F730416685309242E39E8FB65BFF6E9.e.21074"}]}
COMMAND: GET /session/999fc64afd1230ec64a2dd58c909e126/element/f.8D00E63E7445179AA59B17F8E6C27F98.d.4F730416685309242E39E8FB65BFF6E9.e.21074/enabled - {}
COMMAND: GET /session/999fc64afd1230ec64a2dd58c909e126/screenshot - {}
RESULT: {}
COMMAND: POST /session/999fc64afd1230ec64a2dd58c909e126/element/f.8D00E63E7445179AA59B17F8E6C27F98.d.4F730416685309242E39E8FB65BFF6E9.e.21074/click - {}
COMMAND: GET /session/999fc64afd1230ec64a2dd58c909e126/screenshot - {}
RESULT: {}
RESULT: {}
COMMAND: GET /session/999fc64afd1230ec64a2dd58c909e126/screenshot - {}
RESULT: {}
RESULT: {}
COMMAND: POST /session/999fc64afd1230ec64a2dd58c909e126/element/f.8D00E63E7445179AA59B17F8E6C27F98.d.4F730416685309242E39E8FB65BFF6E9.e.21074/clear - {}
RESULT: {}
COMMAND: POST /session/999fc64afd1230ec64a2dd58c909e126/element/f.8D00E63E7445179AA59B17F8E6C27F98.d.4F730416685309242E39E8FB65BFF6E9.e.21074/value - {"text":"10573"}
COMMAND: GET /session/999fc64afd1230ec64a2dd58c909e126/screenshot - {}
RESULT: {"text":"10573"}
COMMAND: POST /session/999fc64afd1230ec64a2dd58c909e126/actions - {"actions":[{"id":"action73","type":"key","parameters":{},"actions":[{"type":"keyDown","value":"î€‡"},{"type":"pause","duration":10},{"type":"keyUp","value":"î€‡"}]}]}
COMMAND: GET /session/999fc64afd1230ec64a2dd58c909e126/screenshot - {}
RESULT: {}
RESULT: {"actions":[{"id":"action73","type":"key","parameters":{},"actions":[{"type":"keyDown","value":"î€‡"},{"type":"pause","duration":10},{"type":"keyUp","value":"î€‡"}]}]}
COMMAND: GET /session/999fc64afd1230ec64a2dd58c909e126/screenshot - {}
RESULT: {}
RESULT: {}
COMMAND: POST /session/999fc64afd1230ec64a2dd58c909e126/element - {"using":"xpath","value":"//span[contains(@id ,\"application-billingtransfer-display-component---billingWorkbench--smartTableBillingRuns-header-inner\")]"}
RESULT: {"using":"xpath","value":"//span[contains(@id ,\"application-billingtransfer-display-component---billingWorkbench--smartTableBillingRuns-header-inner\")]"}
COMMAND: POST /session/999fc64afd1230ec64a2dd58c909e126/elements - {"using":"xpath","value":"//span[contains(@id ,\"application-billingtransfer-display-component---billingWorkbench--smartTableBillingRuns-header-inner\")]"}
RESULT: {"using":"xpath","value":"//span[contains(@id ,\"application-billingtransfer-display-component---billingWorkbench--smartTableBillingRuns-header-inner\")]"}
COMMAND: POST /session/999fc64afd1230ec64a2dd58c909e126/execute/sync - {"script":"<script> [56 bytes]","args":[{"element-6066-11e4-a52e-4f735466cecf":"f.8D00E63E7445179AA59B17F8E6C27F98.d.4F730416685309242E39E8FB65BFF6E9.e.21317","ELEMENT":"f.8D00E63E7445179AA59B17F8E6C27F98.d.4F730416685309242E39E8FB65BFF6E9.e.21317"}]}
RESULT: {"script":"<script> [56 bytes]","args":[{"element-6066-11e4-a52e-4f735466cecf":"f.8D00E63E7445179AA59B17F8E6C27F98.d.4F730416685309242E39E8FB65BFF6E9.e.21317","ELEMENT":"f.8D00E63E7445179AA59B17F8E6C27F98.d.4F730416685309242E39E8FB65BFF6E9.e.21317"}]}
COMMAND: POST /session/999fc64afd1230ec64a2dd58c909e126/element - {"using":"css selector","value":"#shell-header-logo"}
COMMAND: GET /session/999fc64afd1230ec64a2dd58c909e126/screenshot - {}
RESULT: {"using":"css selector","value":"#shell-header-logo"}
COMMAND: POST /session/999fc64afd1230ec64a2dd58c909e126/element/f.8D00E63E7445179AA59B17F8E6C27F98.d.4F730416685309242E39E8FB65BFF6E9.e.21072/click - {}
RESULT: {}
RESULT: {}
COMMAND: GET /session/999fc64afd1230ec64a2dd58c909e126/screenshot - {}
RESULT: {}
COMMAND: DELETE /session/999fc64afd1230ec64a2dd58c909e126 - {}
RESULT: {}
]]></system-out>
    </testcase>
  </testsuite>
</testsuites>