<?xml version="1.0" encoding="UTF-8"?>
<testsuites tests="58" failures="8" errors="8" skipped="0">
  <testsuite timestamp="2025-05-06T05:54:23" time="1074.08" tests="11" failures="0" errors="0" skipped="0">
    <properties>
      <property name="specId" value="0" />
      <property name="suiteName" value="Billing confirm US117289" />
      <property name="capabilities" value="chrome.135_0_7049_96.windows" />
      <property name="file" value="file:///D:/a/1/s/test/specs/BTS/billing-confirm.spec.js" />
    </properties>
    <testcase classname="chrome.135_0_7049_96.windows.Billing_confirm_US117289" name="Should create a new yard" time="129.009">
      <system-out><![CDATA[
COMMAND: POST /session/0b442ebc8f096c4bfeb5c66a52851a3f/window/fullscreen - {}
RESULT: {}
COMMAND: POST /session/0b442ebc8f096c4bfeb5c66a52851a3f/execute/async - {"script":"<script> [1562 bytes]","args":[{"selector":{"controlType":"sap.m.GenericTile","properties":{"header":"Manage Yards"}},"wdio_ui5_key":"sapm.GenericTile{\"header\":\"Manage Yards\"}"}]}
RESULT: {"script":"<script> [1562 bytes]","args":[{"selector":{"controlType":"sap.m.GenericTile","properties":{"header":"Manage Yards"}},"wdio_ui5_key":"sapm.GenericTile{\"header\":\"Manage Yards\"}"}]}
RESULT: undefined
COMMAND: POST /session/0b442ebc8f096c4bfeb5c66a52851a3f/element - {"using":"xpath","value":"//*[@id=\"__tile41\"]"}
RESULT: {"using":"xpath","value":"//*[@id=\"__tile41\"]"}
COMMAND: POST /session/0b442ebc8f096c4bfeb5c66a52851a3f/element/f.9CA8B20795E6D08D18CCAFF067F35E12.d.CEF7113822893368CDC310F060AD7EDC.e.165/click - {}
RESULT: {}
COMMAND: POST /session/0b442ebc8f096c4bfeb5c66a52851a3f/element - {"using":"xpath","value":"//button[@data-kt=\"addNewYardOverflowToolbarButton\"]"}
COMMAND: GET /session/0b442ebc8f096c4bfeb5c66a52851a3f/screenshot - {}
RESULT: {"using":"xpath","value":"//button[@data-kt=\"addNewYardOverflowToolbarButton\"]"}
COMMAND: POST /session/0b442ebc8f096c4bfeb5c66a52851a3f/elements - {"using":"xpath","value":"//button[@data-kt=\"addNewYardOverflowToolbarButton\"]"}
RESULT: {}
RESULT: {"using":"xpath","value":"//button[@data-kt=\"addNewYardOverflowToolbarButton\"]"}
COMMAND: POST /session/0b442ebc8f096c4bfeb5c66a52851a3f/elements - {"using":"xpath","value":"//button[@data-kt=\"addNewYardOverflowToolbarButton\"]"}
RESULT: {"using":"xpath","value":"//button[@data-kt=\"addNewYardOverflowToolbarButton\"]"}
COMMAND: POST /session/0b442ebc8f096c4bfeb5c66a52851a3f/elements - {"using":"xpath","value":"//button[@data-kt=\"addNewYardOverflowToolbarButton\"]"}
RESULT: {"using":"xpath","value":"//button[@data-kt=\"addNewYardOverflowToolbarButton\"]"}
COMMAND: POST /session/0b442ebc8f096c4bfeb5c66a52851a3f/elements - {"using":"xpath","value":"//button[@data-kt=\"addNewYardOverflowToolbarButton\"]"}
RESULT: {"using":"xpath","value":"//button[@data-kt=\"addNewYardOverflowToolbarButton\"]"}
COMMAND: POST /session/0b442ebc8f096c4bfeb5c66a52851a3f/elements - {"using":"xpath","value":"//button[@data-kt=\"addNewYardOverflowToolbarButton\"]"}
RESULT: {"using":"xpath","value":"//button[@data-kt=\"addNewYardOverflowToolbarButton\"]"}
COMMAND: POST /session/0b442ebc8f096c4bfeb5c66a52851a3f/elements - {"using":"xpath","value":"//button[@data-kt=\"addNewYardOverflowToolbarButton\"]"}
RESULT: {"using":"xpath","value":"//button[@data-kt=\"addNewYardOverflowToolbarButton\"]"}
COMMAND: POST /session/0b442ebc8f096c4bfeb5c66a52851a3f/elements - {"using":"xpath","value":"//button[@data-kt=\"addNewYardOverflowToolbarButton\"]"}
RESULT: {"using":"xpath","value":"//button[@data-kt=\"addNewYardOverflowToolbarButton\"]"}
COMMAND: POST /session/0b442ebc8f096c4bfeb5c66a52851a3f/elements - {"using":"xpath","value":"//button[@data-kt=\"addNewYardOverflowToolbarButton\"]"}
RESULT: {"using":"xpath","value":"//button[@data-kt=\"addNewYardOverflowToolbarButton\"]"}
COMMAND: POST /session/0b442ebc8f096c4bfeb5c66a52851a3f/elements - {"using":"xpath","value":"//button[@data-kt=\"addNewYardOverflowToolbarButton\"]"}
RESULT: {"using":"xpath","value":"//button[@data-kt=\"addNewYardOverflowToolbarButton\"]"}
COMMAND: POST /session/0b442ebc8f096c4bfeb5c66a52851a3f/elements - {"using":"xpath","value":"//button[@data-kt=\"addNewYardOverflowToolbarButton\"]"}
RESULT: {"using":"xpath","value":"//button[@data-kt=\"addNewYardOverflowToolbarButton\"]"}
COMMAND: POST /session/0b442ebc8f096c4bfeb5c66a52851a3f/elements - {"using":"xpath","value":"//button[@data-kt=\"addNewYardOverflowToolbarButton\"]"}
RESULT: {"using":"xpath","value":"//button[@data-kt=\"addNewYardOverflowToolbarButton\"]"}
COMMAND: POST /session/0b442ebc8f096c4bfeb5c66a52851a3f/elements - {"using":"xpath","value":"//button[@data-kt=\"addNewYardOverflowToolbarButton\"]"}
RESULT: {"using":"xpath","value":"//button[@data-kt=\"addNewYardOverflowToolbarButton\"]"}
COMMAND: POST /session/0b442ebc8f096c4bfeb5c66a52851a3f/elements - {"using":"xpath","value":"//button[@data-kt=\"addNewYardOverflowToolbarButton\"]"}
RESULT: {"using":"xpath","value":"//button[@data-kt=\"addNewYardOverflowToolbarButton\"]"}
COMMAND: POST /session/0b442ebc8f096c4bfeb5c66a52851a3f/elements - {"using":"xpath","value":"//button[@data-kt=\"addNewYardOverflowToolbarButton\"]"}
RESULT: {"using":"xpath","value":"//button[@data-kt=\"addNewYardOverflowToolbarButton\"]"}
COMMAND: POST /session/0b442ebc8f096c4bfeb5c66a52851a3f/elements - {"using":"xpath","value":"//button[@data-kt=\"addNewYardOverflowToolbarButton\"]"}
RESULT: {"using":"xpath","value":"//button[@data-kt=\"addNewYardOverflowToolbarButton\"]"}
COMMAND: POST /session/0b442ebc8f096c4bfeb5c66a52851a3f/elements - {"using":"xpath","value":"//button[@data-kt=\"addNewYardOverflowToolbarButton\"]"}
RESULT: {"using":"xpath","value":"//button[@data-kt=\"addNewYardOverflowToolbarButton\"]"}
COMMAND: POST /session/0b442ebc8f096c4bfeb5c66a52851a3f/elements - {"using":"xpath","value":"//button[@data-kt=\"addNewYardOverflowToolbarButton\"]"}
RESULT: {"using":"xpath","value":"//button[@data-kt=\"addNewYardOverflowToolbarButton\"]"}
COMMAND: POST /session/0b442ebc8f096c4bfeb5c66a52851a3f/elements - {"using":"xpath","value":"//button[@data-kt=\"addNewYardOverflowToolbarButton\"]"}
RESULT: {"using":"xpath","value":"//button[@data-kt=\"addNewYardOverflowToolbarButton\"]"}
COMMAND: POST /session/0b442ebc8f096c4bfeb5c66a52851a3f/elements - {"using":"xpath","value":"//button[@data-kt=\"addNewYardOverflowToolbarButton\"]"}
RESULT: {"using":"xpath","value":"//button[@data-kt=\"addNewYardOverflowToolbarButton\"]"}
COMMAND: POST /session/0b442ebc8f096c4bfeb5c66a52851a3f/elements - {"using":"xpath","value":"//button[@data-kt=\"addNewYardOverflowToolbarButton\"]"}
RESULT: {"using":"xpath","value":"//button[@data-kt=\"addNewYardOverflowToolbarButton\"]"}
COMMAND: POST /session/0b442ebc8f096c4bfeb5c66a52851a3f/elements - {"using":"xpath","value":"//button[@data-kt=\"addNewYardOverflowToolbarButton\"]"}
RESULT: {"using":"xpath","value":"//button[@data-kt=\"addNewYardOverflowToolbarButton\"]"}
COMMAND: POST /session/0b442ebc8f096c4bfeb5c66a52851a3f/elements - {"using":"xpath","value":"//button[@data-kt=\"addNewYardOverflowToolbarButton\"]"}
RESULT: {"using":"xpath","value":"//button[@data-kt=\"addNewYardOverflowToolbarButton\"]"}
COMMAND: POST /session/0b442ebc8f096c4bfeb5c66a52851a3f/elements - {"using":"xpath","value":"//button[@data-kt=\"addNewYardOverflowToolbarButton\"]"}
RESULT: {"using":"xpath","value":"//button[@data-kt=\"addNewYardOverflowToolbarButton\"]"}
COMMAND: POST /session/0b442ebc8f096c4bfeb5c66a52851a3f/elements - {"using":"xpath","value":"//button[@data-kt=\"addNewYardOverflowToolbarButton\"]"}
RESULT: {"using":"xpath","value":"//button[@data-kt=\"addNewYardOverflowToolbarButton\"]"}
COMMAND: POST /session/0b442ebc8f096c4bfeb5c66a52851a3f/elements - {"using":"xpath","value":"//button[@data-kt=\"addNewYardOverflowToolbarButton\"]"}
RESULT: {"using":"xpath","value":"//button[@data-kt=\"addNewYardOverflowToolbarButton\"]"}
COMMAND: POST /session/0b442ebc8f096c4bfeb5c66a52851a3f/elements - {"using":"xpath","value":"//button[@data-kt=\"addNewYardOverflowToolbarButton\"]"}
RESULT: {"using":"xpath","value":"//button[@data-kt=\"addNewYardOverflowToolbarButton\"]"}
COMMAND: POST /session/0b442ebc8f096c4bfeb5c66a52851a3f/elements - {"using":"xpath","value":"//button[@data-kt=\"addNewYardOverflowToolbarButton\"]"}
RESULT: {"using":"xpath","value":"//button[@data-kt=\"addNewYardOverflowToolbarButton\"]"}
COMMAND: POST /session/0b442ebc8f096c4bfeb5c66a52851a3f/elements - {"using":"xpath","value":"//button[@data-kt=\"addNewYardOverflowToolbarButton\"]"}
RESULT: {"using":"xpath","value":"//button[@data-kt=\"addNewYardOverflowToolbarButton\"]"}
COMMAND: POST /session/0b442ebc8f096c4bfeb5c66a52851a3f/elements - {"using":"xpath","value":"//button[@data-kt=\"addNewYardOverflowToolbarButton\"]"}
RESULT: {"using":"xpath","value":"//button[@data-kt=\"addNewYardOverflowToolbarButton\"]"}
COMMAND: POST /session/0b442ebc8f096c4bfeb5c66a52851a3f/elements - {"using":"xpath","value":"//button[@data-kt=\"addNewYardOverflowToolbarButton\"]"}
RESULT: {"using":"xpath","value":"//button[@data-kt=\"addNewYardOverflowToolbarButton\"]"}
COMMAND: POST /session/0b442ebc8f096c4bfeb5c66a52851a3f/elements - {"using":"xpath","value":"//button[@data-kt=\"addNewYardOverflowToolbarButton\"]"}
RESULT: {"using":"xpath","value":"//button[@data-kt=\"addNewYardOverflowToolbarButton\"]"}
COMMAND: POST /session/0b442ebc8f096c4bfeb5c66a52851a3f/elements - {"using":"xpath","value":"//button[@data-kt=\"addNewYardOverflowToolbarButton\"]"}
RESULT: {"using":"xpath","value":"//button[@data-kt=\"addNewYardOverflowToolbarButton\"]"}
COMMAND: POST /session/0b442ebc8f096c4bfeb5c66a52851a3f/element - {"using":"xpath","value":"//button[@data-kt=\"addNewYardOverflowToolbarButton\"]"}
RESULT: {"using":"xpath","value":"//button[@data-kt=\"addNewYardOverflowToolbarButton\"]"}
COMMAND: POST /session/0b442ebc8f096c4bfeb5c66a52851a3f/execute/sync - {"script":"<script> [8489 bytes]","args":[{"element-6066-11e4-a52e-4f735466cecf":"f.9CA8B20795E6D08D18CCAFF067F35E12.d.CEF7113822893368CDC310F060AD7EDC.e.301","ELEMENT":"f.9CA8B20795E6D08D18CCAFF067F35E12.d.CEF7113822893368CDC310F060AD7EDC.e.301"}]}
RESULT: {"script":"<script> [8489 bytes]","args":[{"element-6066-11e4-a52e-4f735466cecf":"f.9CA8B20795E6D08D18CCAFF067F35E12.d.CEF7113822893368CDC310F060AD7EDC.e.301","ELEMENT":"f.9CA8B20795E6D08D18CCAFF067F35E12.d.CEF7113822893368CDC310F060AD7EDC.e.301"}]}
COMMAND: GET /session/0b442ebc8f096c4bfeb5c66a52851a3f/element/f.9CA8B20795E6D08D18CCAFF067F35E12.d.CEF7113822893368CDC310F060AD7EDC.e.301/enabled - {}
COMMAND: GET /session/0b442ebc8f096c4bfeb5c66a52851a3f/screenshot - {}
RESULT: {}
COMMAND: POST /session/0b442ebc8f096c4bfeb5c66a52851a3f/execute/sync - {"script":"<script> [8489 bytes]","args":[{"element-6066-11e4-a52e-4f735466cecf":"f.9CA8B20795E6D08D18CCAFF067F35E12.d.CEF7113822893368CDC310F060AD7EDC.e.301","ELEMENT":"f.9CA8B20795E6D08D18CCAFF067F35E12.d.CEF7113822893368CDC310F060AD7EDC.e.301"}]}
COMMAND: GET /session/0b442ebc8f096c4bfeb5c66a52851a3f/screenshot - {}
RESULT: {}
RESULT: {"script":"<script> [8489 bytes]","args":[{"element-6066-11e4-a52e-4f735466cecf":"f.9CA8B20795E6D08D18CCAFF067F35E12.d.CEF7113822893368CDC310F060AD7EDC.e.301","ELEMENT":"f.9CA8B20795E6D08D18CCAFF067F35E12.d.CEF7113822893368CDC310F060AD7EDC.e.301"}]}
COMMAND: POST /session/0b442ebc8f096c4bfeb5c66a52851a3f/execute/sync - {"script":"<script> [5351 bytes]","args":[{"element-6066-11e4-a52e-4f735466cecf":"f.9CA8B20795E6D08D18CCAFF067F35E12.d.CEF7113822893368CDC310F060AD7EDC.e.301","ELEMENT":"f.9CA8B20795E6D08D18CCAFF067F35E12.d.CEF7113822893368CDC310F060AD7EDC.e.301"}]}
COMMAND: GET /session/0b442ebc8f096c4bfeb5c66a52851a3f/screenshot - {}
RESULT: {}
RESULT: {"script":"<script> [5351 bytes]","args":[{"element-6066-11e4-a52e-4f735466cecf":"f.9CA8B20795E6D08D18CCAFF067F35E12.d.CEF7113822893368CDC310F060AD7EDC.e.301","ELEMENT":"f.9CA8B20795E6D08D18CCAFF067F35E12.d.CEF7113822893368CDC310F060AD7EDC.e.301"}]}
COMMAND: POST /session/0b442ebc8f096c4bfeb5c66a52851a3f/element/f.9CA8B20795E6D08D18CCAFF067F35E12.d.CEF7113822893368CDC310F060AD7EDC.e.301/click - {}
COMMAND: GET /session/0b442ebc8f096c4bfeb5c66a52851a3f/screenshot - {}
RESULT: {}
RESULT: {}
COMMAND: GET /session/0b442ebc8f096c4bfeb5c66a52851a3f/screenshot - {}
COMMAND: POST /session/0b442ebc8f096c4bfeb5c66a52851a3f/element - {"using":"xpath","value":"//input[@id=\"application-manageyards-display-component---NewYard--yardId-inner\"]"}
RESULT: {}
RESULT: {}
RESULT: {"using":"xpath","value":"//input[@id=\"application-manageyards-display-component---NewYard--yardId-inner\"]"}
COMMAND: POST /session/0b442ebc8f096c4bfeb5c66a52851a3f/element - {"using":"xpath","value":"//input[@id=\"application-manageyards-display-component---NewYard--yardId-inner\"]"}
RESULT: {"using":"xpath","value":"//input[@id=\"application-manageyards-display-component---NewYard--yardId-inner\"]"}
COMMAND: POST /session/0b442ebc8f096c4bfeb5c66a52851a3f/execute/async - {"script":"<script> [1562 bytes]","args":[{"selector":{"id":"application-manageyards-display-component---NewYard--addressDetailDetailsName1","interaction":{"idSuffix":"inner"}},"wdio_ui5_key":"applicationmanageyards-display-component---NewYard--addressDetailDetailsName1"}]}
RESULT: {"script":"<script> [1562 bytes]","args":[{"selector":{"id":"application-manageyards-display-component---NewYard--addressDetailDetailsName1","interaction":{"idSuffix":"inner"}},"wdio_ui5_key":"applicationmanageyards-display-component---NewYard--addressDetailDetailsName1"}]}
RESULT: undefined
COMMAND: POST /session/0b442ebc8f096c4bfeb5c66a52851a3f/execute/async - {"script":"<script> [776 bytes]","args":[{"enterText":"Intracompany Yard wdIO","selector":{"id":"application-manageyards-display-component---NewYard--addressDetailDetailsName1","interaction":{"idSuffix":"inner"}},"clearTextFirst":true,"interactionType":"ENTER_TEXT"}]}
RESULT: {"script":"<script> [776 bytes]","args":[{"enterText":"Intracompany Yard wdIO","selector":{"id":"application-manageyards-display-component---NewYard--addressDetailDetailsName1","interaction":{"idSuffix":"inner"}},"clearTextFirst":true,"interactionType":"ENTER_TEXT"}]}
COMMAND: POST /session/0b442ebc8f096c4bfeb5c66a52851a3f/execute/async - {"script":"<script> [1562 bytes]","args":[{"selector":{"id":"application-manageyards-display-component---NewYard--addressDetailDetailsLanguage-arrow"},"wdio_ui5_key":"applicationmanageyards-display-component---NewYard--addressDetailDetailsLanguage-arrow"}]}
RESULT: {"script":"<script> [1562 bytes]","args":[{"selector":{"id":"application-manageyards-display-component---NewYard--addressDetailDetailsLanguage-arrow"},"wdio_ui5_key":"applicationmanageyards-display-component---NewYard--addressDetailDetailsLanguage-arrow"}]}
RESULT: undefined
COMMAND: POST /session/0b442ebc8f096c4bfeb5c66a52851a3f/element - {"using":"xpath","value":"//*[@id=\"application-manageyards-display-component---NewYard--addressDetailDetailsLanguage-arrow\"]"}
RESULT: {"using":"xpath","value":"//*[@id=\"application-manageyards-display-component---NewYard--addressDetailDetailsLanguage-arrow\"]"}
COMMAND: POST /session/0b442ebc8f096c4bfeb5c66a52851a3f/element/f.9CA8B20795E6D08D18CCAFF067F35E12.d.CEF7113822893368CDC310F060AD7EDC.e.737/click - {}
RESULT: {}
COMMAND: POST /session/0b442ebc8f096c4bfeb5c66a52851a3f/element - {"using":"xpath","value":"//span[contains(text(), \"English\")]"}
COMMAND: GET /session/0b442ebc8f096c4bfeb5c66a52851a3f/screenshot - {}
RESULT: {"using":"xpath","value":"//span[contains(text(), \"English\")]"}
COMMAND: POST /session/0b442ebc8f096c4bfeb5c66a52851a3f/element/f.9CA8B20795E6D08D18CCAFF067F35E12.d.CEF7113822893368CDC310F060AD7EDC.e.738/click - {}
RESULT: {}
RESULT: {}
COMMAND: POST /session/0b442ebc8f096c4bfeb5c66a52851a3f/execute/async - {"script":"<script> [1562 bytes]","args":[{"selector":{"id":"application-manageyards-display-component---NewYard--addressDetailDetailsCity1","interaction":{"idSuffix":"inner"}},"wdio_ui5_key":"applicationmanageyards-display-component---NewYard--addressDetailDetailsCity1"}]}
COMMAND: GET /session/0b442ebc8f096c4bfeb5c66a52851a3f/screenshot - {}
RESULT: {"script":"<script> [1562 bytes]","args":[{"selector":{"id":"application-manageyards-display-component---NewYard--addressDetailDetailsCity1","interaction":{"idSuffix":"inner"}},"wdio_ui5_key":"applicationmanageyards-display-component---NewYard--addressDetailDetailsCity1"}]}
RESULT: undefined
COMMAND: POST /session/0b442ebc8f096c4bfeb5c66a52851a3f/execute/async - {"script":"<script> [776 bytes]","args":[{"enterText":"Rosario","selector":{"id":"application-manageyards-display-component---NewYard--addressDetailDetailsCity1","interaction":{"idSuffix":"inner"}},"clearTextFirst":true,"interactionType":"ENTER_TEXT"}]}
RESULT: {}
RESULT: {"script":"<script> [776 bytes]","args":[{"enterText":"Rosario","selector":{"id":"application-manageyards-display-component---NewYard--addressDetailDetailsCity1","interaction":{"idSuffix":"inner"}},"clearTextFirst":true,"interactionType":"ENTER_TEXT"}]}
COMMAND: POST /session/0b442ebc8f096c4bfeb5c66a52851a3f/execute/async - {"script":"<script> [1562 bytes]","args":[{"selector":{"id":"application-manageyards-display-component---NewYard--addressDetailDetailsCountry-arrow"},"wdio_ui5_key":"applicationmanageyards-display-component---NewYard--addressDetailDetailsCountry-arrow"}]}
RESULT: {"script":"<script> [1562 bytes]","args":[{"selector":{"id":"application-manageyards-display-component---NewYard--addressDetailDetailsCountry-arrow"},"wdio_ui5_key":"applicationmanageyards-display-component---NewYard--addressDetailDetailsCountry-arrow"}]}
RESULT: undefined
COMMAND: POST /session/0b442ebc8f096c4bfeb5c66a52851a3f/element - {"using":"xpath","value":"//*[@id=\"application-manageyards-display-component---NewYard--addressDetailDetailsCountry-arrow\"]"}
RESULT: {"using":"xpath","value":"//*[@id=\"application-manageyards-display-component---NewYard--addressDetailDetailsCountry-arrow\"]"}
COMMAND: POST /session/0b442ebc8f096c4bfeb5c66a52851a3f/element/f.9CA8B20795E6D08D18CCAFF067F35E12.d.CEF7113822893368CDC310F060AD7EDC.e.740/click - {}
RESULT: {}
COMMAND: POST /session/0b442ebc8f096c4bfeb5c66a52851a3f/element - {"using":"xpath","value":"//span[contains(text(), \"Argentina\")]"}
COMMAND: GET /session/0b442ebc8f096c4bfeb5c66a52851a3f/screenshot - {}
RESULT: {"using":"xpath","value":"//span[contains(text(), \"Argentina\")]"}
COMMAND: POST /session/0b442ebc8f096c4bfeb5c66a52851a3f/element/f.9CA8B20795E6D08D18CCAFF067F35E12.d.CEF7113822893368CDC310F060AD7EDC.e.741/click - {}
RESULT: {}
RESULT: {}
COMMAND: POST /session/0b442ebc8f096c4bfeb5c66a52851a3f/execute/async - {"script":"<script> [1562 bytes]","args":[{"selector":{"id":"application-manageyards-display-component---NewYard--addressEditDetailsCostObjectCstType-arrow"},"wdio_ui5_key":"applicationmanageyards-display-component---NewYard--addressEditDetailsCostObjectCstType-arrow"}]}
COMMAND: GET /session/0b442ebc8f096c4bfeb5c66a52851a3f/screenshot - {}
RESULT: {"script":"<script> [1562 bytes]","args":[{"selector":{"id":"application-manageyards-display-component---NewYard--addressEditDetailsCostObjectCstType-arrow"},"wdio_ui5_key":"applicationmanageyards-display-component---NewYard--addressEditDetailsCostObjectCstType-arrow"}]}
RESULT: undefined
COMMAND: POST /session/0b442ebc8f096c4bfeb5c66a52851a3f/element - {"using":"xpath","value":"//*[@id=\"application-manageyards-display-component---NewYard--addressEditDetailsCostObjectCstType-arrow\"]"}
RESULT: {}
RESULT: {"using":"xpath","value":"//*[@id=\"application-manageyards-display-component---NewYard--addressEditDetailsCostObjectCstType-arrow\"]"}
COMMAND: POST /session/0b442ebc8f096c4bfeb5c66a52851a3f/element/f.9CA8B20795E6D08D18CCAFF067F35E12.d.CEF7113822893368CDC310F060AD7EDC.e.743/click - {}
RESULT: {}
COMMAND: POST /session/0b442ebc8f096c4bfeb5c66a52851a3f/element - {"using":"xpath","value":"//span[contains(text(), \"Cost Center\")]"}
COMMAND: GET /session/0b442ebc8f096c4bfeb5c66a52851a3f/screenshot - {}
RESULT: {"using":"xpath","value":"//span[contains(text(), \"Cost Center\")]"}
COMMAND: POST /session/0b442ebc8f096c4bfeb5c66a52851a3f/element/f.9CA8B20795E6D08D18CCAFF067F35E12.d.CEF7113822893368CDC310F060AD7EDC.e.744/click - {}
RESULT: {}
RESULT: {}
COMMAND: GET /session/0b442ebc8f096c4bfeb5c66a52851a3f/screenshot - {}
RESULT: {}
COMMAND: POST /session/0b442ebc8f096c4bfeb5c66a52851a3f/element - {"using":"xpath","value":"//span[@id=\"application-manageyards-display-component---NewYard--addressNewCostObjectCstID-vhi\"]"}
RESULT: {"using":"xpath","value":"//span[@id=\"application-manageyards-display-component---NewYard--addressNewCostObjectCstID-vhi\"]"}
COMMAND: POST /session/0b442ebc8f096c4bfeb5c66a52851a3f/execute/sync - {"script":"<script> [8489 bytes]","args":[{"element-6066-11e4-a52e-4f735466cecf":"f.9CA8B20795E6D08D18CCAFF067F35E12.d.CEF7113822893368CDC310F060AD7EDC.e.748","ELEMENT":"f.9CA8B20795E6D08D18CCAFF067F35E12.d.CEF7113822893368CDC310F060AD7EDC.e.748"}]}
RESULT: {"script":"<script> [8489 bytes]","args":[{"element-6066-11e4-a52e-4f735466cecf":"f.9CA8B20795E6D08D18CCAFF067F35E12.d.CEF7113822893368CDC310F060AD7EDC.e.748","ELEMENT":"f.9CA8B20795E6D08D18CCAFF067F35E12.d.CEF7113822893368CDC310F060AD7EDC.e.748"}]}
COMMAND: POST /session/0b442ebc8f096c4bfeb5c66a52851a3f/execute/async - {"script":"<script> [1562 bytes]","args":[{"selector":{"id":"application-manageyards-display-component---NewYard--addressNewCostObjectCstID-vhi"},"wdio_ui5_key":"applicationmanageyards-display-component---NewYard--addressNewCostObjectCstID-vhi"}]}
COMMAND: GET /session/0b442ebc8f096c4bfeb5c66a52851a3f/screenshot - {}
RESULT: {"script":"<script> [1562 bytes]","args":[{"selector":{"id":"application-manageyards-display-component---NewYard--addressNewCostObjectCstID-vhi"},"wdio_ui5_key":"applicationmanageyards-display-component---NewYard--addressNewCostObjectCstID-vhi"}]}
RESULT: undefined
COMMAND: POST /session/0b442ebc8f096c4bfeb5c66a52851a3f/element - {"using":"xpath","value":"//*[@id=\"application-manageyards-display-component---NewYard--addressNewCostObjectCstID-vhi\"]"}
RESULT: {}
RESULT: {"using":"xpath","value":"//*[@id=\"application-manageyards-display-component---NewYard--addressNewCostObjectCstID-vhi\"]"}
COMMAND: POST /session/0b442ebc8f096c4bfeb5c66a52851a3f/element/f.9CA8B20795E6D08D18CCAFF067F35E12.d.CEF7113822893368CDC310F060AD7EDC.e.748/click - {}
RESULT: {}
COMMAND: GET /session/0b442ebc8f096c4bfeb5c66a52851a3f/screenshot - {}
RESULT: {}
COMMAND: POST /session/0b442ebc8f096c4bfeb5c66a52851a3f/execute/async - {"script":"<script> [1562 bytes]","args":[{"selector":{"controlType":"sap.m.SearchField","properties":{"placeholder":"Search"},"searchOpenDialogs":true,"interaction":{"idSuffix":"I"}},"wdio_ui5_key":"sapm.SearchField{\"placeholder\":\"Search\"}"}]}
RESULT: {"script":"<script> [1562 bytes]","args":[{"selector":{"controlType":"sap.m.SearchField","properties":{"placeholder":"Search"},"searchOpenDialogs":true,"interaction":{"idSuffix":"I"}},"wdio_ui5_key":"sapm.SearchField{\"placeholder\":\"Search\"}"}]}
RESULT: undefined
COMMAND: POST /session/0b442ebc8f096c4bfeb5c66a52851a3f/execute/async - {"script":"<script> [776 bytes]","args":[{"enterText":"10001013","selector":{"controlType":"sap.m.SearchField","properties":{"placeholder":"Search"},"searchOpenDialogs":true,"interaction":{"idSuffix":"I"}},"clearTextFirst":true,"interactionType":"ENTER_TEXT"}]}
RESULT: {"script":"<script> [776 bytes]","args":[{"enterText":"10001013","selector":{"controlType":"sap.m.SearchField","properties":{"placeholder":"Search"},"searchOpenDialogs":true,"interaction":{"idSuffix":"I"}},"clearTextFirst":true,"interactionType":"ENTER_TEXT"}]}
COMMAND: POST /session/0b442ebc8f096c4bfeb5c66a52851a3f/actions - {"actions":[{"id":"action1","type":"key","parameters":{},"actions":[{"type":"keyDown","value":"î€‡"},{"type":"pause","duration":10},{"type":"keyUp","value":"î€‡"}]}]}
RESULT: {"actions":[{"id":"action1","type":"key","parameters":{},"actions":[{"type":"keyDown","value":"î€‡"},{"type":"pause","duration":10},{"type":"keyUp","value":"î€‡"}]}]}
COMMAND: GET /session/0b442ebc8f096c4bfeb5c66a52851a3f/screenshot - {}
RESULT: {}
COMMAND: POST /session/0b442ebc8f096c4bfeb5c66a52851a3f/element - {"using":"xpath","value":"//span[contains(text(), \"General Management\")]"}
RESULT: {"using":"xpath","value":"//span[contains(text(), \"General Management\")]"}
COMMAND: POST /session/0b442ebc8f096c4bfeb5c66a52851a3f/element/f.9CA8B20795E6D08D18CCAFF067F35E12.d.CEF7113822893368CDC310F060AD7EDC.e.790/click - {}
RESULT: {}
COMMAND: GET /session/0b442ebc8f096c4bfeb5c66a52851a3f/screenshot - {}
RESULT: {}
COMMAND: POST /session/0b442ebc8f096c4bfeb5c66a52851a3f/element - {"using":"xpath","value":"//bdi[contains(text(), \"OK\")]"}
RESULT: {"using":"xpath","value":"//bdi[contains(text(), \"OK\")]"}
COMMAND: POST /session/0b442ebc8f096c4bfeb5c66a52851a3f/element/f.9CA8B20795E6D08D18CCAFF067F35E12.d.CEF7113822893368CDC310F060AD7EDC.e.791/click - {}
RESULT: {}
COMMAND: GET /session/0b442ebc8f096c4bfeb5c66a52851a3f/screenshot - {}
RESULT: {}
COMMAND: POST /session/0b442ebc8f096c4bfeb5c66a52851a3f/execute/async - {"script":"<script> [1562 bytes]","args":[{"selector":{"id":"application-manageyards-display-component---NewYard--addressEditDetailsCurrency-arrow"},"wdio_ui5_key":"applicationmanageyards-display-component---NewYard--addressEditDetailsCurrency-arrow"}]}
RESULT: {"script":"<script> [1562 bytes]","args":[{"selector":{"id":"application-manageyards-display-component---NewYard--addressEditDetailsCurrency-arrow"},"wdio_ui5_key":"applicationmanageyards-display-component---NewYard--addressEditDetailsCurrency-arrow"}]}
RESULT: undefined
COMMAND: POST /session/0b442ebc8f096c4bfeb5c66a52851a3f/element - {"using":"xpath","value":"//*[@id=\"application-manageyards-display-component---NewYard--addressEditDetailsCurrency-arrow\"]"}
RESULT: {"using":"xpath","value":"//*[@id=\"application-manageyards-display-component---NewYard--addressEditDetailsCurrency-arrow\"]"}
COMMAND: POST /session/0b442ebc8f096c4bfeb5c66a52851a3f/element/f.9CA8B20795E6D08D18CCAFF067F35E12.d.CEF7113822893368CDC310F060AD7EDC.e.794/click - {}
RESULT: {}
COMMAND: POST /session/0b442ebc8f096c4bfeb5c66a52851a3f/element - {"using":"xpath","value":"//span[contains(text(), \"Euro\")]"}
COMMAND: GET /session/0b442ebc8f096c4bfeb5c66a52851a3f/screenshot - {}
RESULT: {"using":"xpath","value":"//span[contains(text(), \"Euro\")]"}
COMMAND: POST /session/0b442ebc8f096c4bfeb5c66a52851a3f/element/f.9CA8B20795E6D08D18CCAFF067F35E12.d.CEF7113822893368CDC310F060AD7EDC.e.795/click - {}
RESULT: {}
RESULT: {}
COMMAND: POST /session/0b442ebc8f096c4bfeb5c66a52851a3f/execute/async - {"script":"<script> [1562 bytes]","args":[{"selector":{"controlType":"sap.m.Input","viewName":"etm.portal.ui.manageyards.view.New","viewId":"application-manageyards-display-component---NewYard","bindingPath":{"path":"","propertyPath":"/CONTROLLING_AREA","modelName":"NewYardModel"},"interaction":{"idSuffix":"inner"}},"wdio_ui5_key":"etmportal.ui.manageyards.view.Newsap.m.Input{\"path\":\"\",\"propertyPath\":\"/CONTROLLING_AREA\",\"modelName\":\"NewYardModel\"}"}]}
COMMAND: GET /session/0b442ebc8f096c4bfeb5c66a52851a3f/screenshot - {}
RESULT: {"script":"<script> [1562 bytes]","args":[{"selector":{"controlType":"sap.m.Input","viewName":"etm.portal.ui.manageyards.view.New","viewId":"application-manageyards-display-component---NewYard","bindingPath":{"path":"","propertyPath":"/CONTROLLING_AREA","modelName":"NewYardModel"},"interaction":{"idSuffix":"inner"}},"wdio_ui5_key":"etmportal.ui.manageyards.view.Newsap.m.Input{\"path\":\"\",\"propertyPath\":\"/CONTROLLING_AREA\",\"modelName\":\"NewYardModel\"}"}]}
RESULT: undefined
COMMAND: POST /session/0b442ebc8f096c4bfeb5c66a52851a3f/execute/async - {"script":"<script> [776 bytes]","args":[{"enterText":"Z001","selector":{"controlType":"sap.m.Input","viewName":"etm.portal.ui.manageyards.view.New","viewId":"application-manageyards-display-component---NewYard","bindingPath":{"path":"","propertyPath":"/CONTROLLING_AREA","modelName":"NewYardModel"},"interaction":{"idSuffix":"inner"}},"clearTextFirst":true,"interactionType":"ENTER_TEXT"}]}
RESULT: {}
RESULT: {"script":"<script> [776 bytes]","args":[{"enterText":"Z001","selector":{"controlType":"sap.m.Input","viewName":"etm.portal.ui.manageyards.view.New","viewId":"application-manageyards-display-component---NewYard","bindingPath":{"path":"","propertyPath":"/CONTROLLING_AREA","modelName":"NewYardModel"},"interaction":{"idSuffix":"inner"}},"clearTextFirst":true,"interactionType":"ENTER_TEXT"}]}
COMMAND: POST /session/0b442ebc8f096c4bfeb5c66a52851a3f/execute/async - {"script":"<script> [1562 bytes]","args":[{"selector":{"id":"application-manageyards-display-component---NewYard--companyCodeComboBox","interaction":{"idSuffix":"inner"}},"wdio_ui5_key":"applicationmanageyards-display-component---NewYard--companyCodeComboBox"}]}
RESULT: {"script":"<script> [1562 bytes]","args":[{"selector":{"id":"application-manageyards-display-component---NewYard--companyCodeComboBox","interaction":{"idSuffix":"inner"}},"wdio_ui5_key":"applicationmanageyards-display-component---NewYard--companyCodeComboBox"}]}
RESULT: undefined
COMMAND: POST /session/0b442ebc8f096c4bfeb5c66a52851a3f/execute/async - {"script":"<script> [776 bytes]","args":[{"enterText":"1000","selector":{"id":"application-manageyards-display-component---NewYard--companyCodeComboBox","interaction":{"idSuffix":"inner"}},"clearTextFirst":true,"interactionType":"ENTER_TEXT"}]}
RESULT: {"script":"<script> [776 bytes]","args":[{"enterText":"1000","selector":{"id":"application-manageyards-display-component---NewYard--companyCodeComboBox","interaction":{"idSuffix":"inner"}},"clearTextFirst":true,"interactionType":"ENTER_TEXT"}]}
COMMAND: POST /session/0b442ebc8f096c4bfeb5c66a52851a3f/execute/async - {"script":"<script> [1562 bytes]","args":[{"selector":{"controlType":"sap.m.Input","viewName":"etm.portal.ui.manageyards.view.New","viewId":"application-manageyards-display-component---NewYard","bindingPath":{"path":"","propertyPath":"/PLANT","modelName":"NewYardModel"},"interaction":{"idSuffix":"inner"}},"wdio_ui5_key":"etmportal.ui.manageyards.view.Newsap.m.Input{\"path\":\"\",\"propertyPath\":\"/PLANT\",\"modelName\":\"NewYardModel\"}"}]}
RESULT: {"script":"<script> [1562 bytes]","args":[{"selector":{"controlType":"sap.m.Input","viewName":"etm.portal.ui.manageyards.view.New","viewId":"application-manageyards-display-component---NewYard","bindingPath":{"path":"","propertyPath":"/PLANT","modelName":"NewYardModel"},"interaction":{"idSuffix":"inner"}},"wdio_ui5_key":"etmportal.ui.manageyards.view.Newsap.m.Input{\"path\":\"\",\"propertyPath\":\"/PLANT\",\"modelName\":\"NewYardModel\"}"}]}
RESULT: undefined
COMMAND: POST /session/0b442ebc8f096c4bfeb5c66a52851a3f/execute/async - {"script":"<script> [776 bytes]","args":[{"enterText":"1001","selector":{"controlType":"sap.m.Input","viewName":"etm.portal.ui.manageyards.view.New","viewId":"application-manageyards-display-component---NewYard","bindingPath":{"path":"","propertyPath":"/PLANT","modelName":"NewYardModel"},"interaction":{"idSuffix":"inner"}},"clearTextFirst":true,"interactionType":"ENTER_TEXT"}]}
RESULT: {"script":"<script> [776 bytes]","args":[{"enterText":"1001","selector":{"controlType":"sap.m.Input","viewName":"etm.portal.ui.manageyards.view.New","viewId":"application-manageyards-display-component---NewYard","bindingPath":{"path":"","propertyPath":"/PLANT","modelName":"NewYardModel"},"interaction":{"idSuffix":"inner"}},"clearTextFirst":true,"interactionType":"ENTER_TEXT"}]}
COMMAND: POST /session/0b442ebc8f096c4bfeb5c66a52851a3f/execute/async - {"script":"<script> [1562 bytes]","args":[{"selector":{"controlType":"sap.m.Input","viewName":"etm.portal.ui.manageyards.view.New","viewId":"application-manageyards-display-component---NewYard","bindingPath":{"path":"","propertyPath":"/SALES_AREA_VKORG","modelName":"NewYardModel"},"interaction":{"idSuffix":"inner"}},"wdio_ui5_key":"etmportal.ui.manageyards.view.Newsap.m.Input{\"path\":\"\",\"propertyPath\":\"/SALES_AREA_VKORG\",\"modelName\":\"NewYardModel\"}"}]}
RESULT: {"script":"<script> [1562 bytes]","args":[{"selector":{"controlType":"sap.m.Input","viewName":"etm.portal.ui.manageyards.view.New","viewId":"application-manageyards-display-component---NewYard","bindingPath":{"path":"","propertyPath":"/SALES_AREA_VKORG","modelName":"NewYardModel"},"interaction":{"idSuffix":"inner"}},"wdio_ui5_key":"etmportal.ui.manageyards.view.Newsap.m.Input{\"path\":\"\",\"propertyPath\":\"/SALES_AREA_VKORG\",\"modelName\":\"NewYardModel\"}"}]}
RESULT: undefined
COMMAND: POST /session/0b442ebc8f096c4bfeb5c66a52851a3f/execute/async - {"script":"<script> [776 bytes]","args":[{"enterText":"C002","selector":{"controlType":"sap.m.Input","viewName":"etm.portal.ui.manageyards.view.New","viewId":"application-manageyards-display-component---NewYard","bindingPath":{"path":"","propertyPath":"/SALES_AREA_VKORG","modelName":"NewYardModel"},"interaction":{"idSuffix":"inner"}},"clearTextFirst":true,"interactionType":"ENTER_TEXT"}]}
RESULT: {"script":"<script> [776 bytes]","args":[{"enterText":"C002","selector":{"controlType":"sap.m.Input","viewName":"etm.portal.ui.manageyards.view.New","viewId":"application-manageyards-display-component---NewYard","bindingPath":{"path":"","propertyPath":"/SALES_AREA_VKORG","modelName":"NewYardModel"},"interaction":{"idSuffix":"inner"}},"clearTextFirst":true,"interactionType":"ENTER_TEXT"}]}
COMMAND: POST /session/0b442ebc8f096c4bfeb5c66a52851a3f/execute/async - {"script":"<script> [1562 bytes]","args":[{"selector":{"controlType":"sap.m.Input","viewName":"etm.portal.ui.manageyards.view.New","viewId":"application-manageyards-display-component---NewYard","bindingPath":{"path":"","propertyPath":"/SALES_AREA_VTWEG","modelName":"NewYardModel"},"interaction":{"idSuffix":"inner"}},"wdio_ui5_key":"etmportal.ui.manageyards.view.Newsap.m.Input{\"path\":\"\",\"propertyPath\":\"/SALES_AREA_VTWEG\",\"modelName\":\"NewYardModel\"}"}]}
RESULT: {"script":"<script> [1562 bytes]","args":[{"selector":{"controlType":"sap.m.Input","viewName":"etm.portal.ui.manageyards.view.New","viewId":"application-manageyards-display-component---NewYard","bindingPath":{"path":"","propertyPath":"/SALES_AREA_VTWEG","modelName":"NewYardModel"},"interaction":{"idSuffix":"inner"}},"wdio_ui5_key":"etmportal.ui.manageyards.view.Newsap.m.Input{\"path\":\"\",\"propertyPath\":\"/SALES_AREA_VTWEG\",\"modelName\":\"NewYardModel\"}"}]}
RESULT: undefined
COMMAND: POST /session/0b442ebc8f096c4bfeb5c66a52851a3f/execute/async - {"script":"<script> [776 bytes]","args":[{"enterText":"C2","selector":{"controlType":"sap.m.Input","viewName":"etm.portal.ui.manageyards.view.New","viewId":"application-manageyards-display-component---NewYard","bindingPath":{"path":"","propertyPath":"/SALES_AREA_VTWEG","modelName":"NewYardModel"},"interaction":{"idSuffix":"inner"}},"clearTextFirst":true,"interactionType":"ENTER_TEXT"}]}
RESULT: {"script":"<script> [776 bytes]","args":[{"enterText":"C2","selector":{"controlType":"sap.m.Input","viewName":"etm.portal.ui.manageyards.view.New","viewId":"application-manageyards-display-component---NewYard","bindingPath":{"path":"","propertyPath":"/SALES_AREA_VTWEG","modelName":"NewYardModel"},"interaction":{"idSuffix":"inner"}},"clearTextFirst":true,"interactionType":"ENTER_TEXT"}]}
COMMAND: POST /session/0b442ebc8f096c4bfeb5c66a52851a3f/execute/async - {"script":"<script> [1562 bytes]","args":[{"selector":{"controlType":"sap.m.Input","viewName":"etm.portal.ui.manageyards.view.New","viewId":"application-manageyards-display-component---NewYard","bindingPath":{"path":"","propertyPath":"/SALES_AREA_SPART","modelName":"NewYardModel"},"interaction":{"idSuffix":"inner"}},"wdio_ui5_key":"etmportal.ui.manageyards.view.Newsap.m.Input{\"path\":\"\",\"propertyPath\":\"/SALES_AREA_SPART\",\"modelName\":\"NewYardModel\"}"}]}
RESULT: {"script":"<script> [1562 bytes]","args":[{"selector":{"controlType":"sap.m.Input","viewName":"etm.portal.ui.manageyards.view.New","viewId":"application-manageyards-display-component---NewYard","bindingPath":{"path":"","propertyPath":"/SALES_AREA_SPART","modelName":"NewYardModel"},"interaction":{"idSuffix":"inner"}},"wdio_ui5_key":"etmportal.ui.manageyards.view.Newsap.m.Input{\"path\":\"\",\"propertyPath\":\"/SALES_AREA_SPART\",\"modelName\":\"NewYardModel\"}"}]}
RESULT: undefined
COMMAND: POST /session/0b442ebc8f096c4bfeb5c66a52851a3f/execute/async - {"script":"<script> [776 bytes]","args":[{"enterText":"C2","selector":{"controlType":"sap.m.Input","viewName":"etm.portal.ui.manageyards.view.New","viewId":"application-manageyards-display-component---NewYard","bindingPath":{"path":"","propertyPath":"/SALES_AREA_SPART","modelName":"NewYardModel"},"interaction":{"idSuffix":"inner"}},"clearTextFirst":true,"interactionType":"ENTER_TEXT"}]}
RESULT: {"script":"<script> [776 bytes]","args":[{"enterText":"C2","selector":{"controlType":"sap.m.Input","viewName":"etm.portal.ui.manageyards.view.New","viewId":"application-manageyards-display-component---NewYard","bindingPath":{"path":"","propertyPath":"/SALES_AREA_SPART","modelName":"NewYardModel"},"interaction":{"idSuffix":"inner"}},"clearTextFirst":true,"interactionType":"ENTER_TEXT"}]}
COMMAND: POST /session/0b442ebc8f096c4bfeb5c66a52851a3f/execute/async - {"script":"<script> [1562 bytes]","args":[{"selector":{"controlType":"sap.m.Input","viewName":"etm.portal.ui.manageyards.view.New","viewId":"application-manageyards-display-component---NewYard","bindingPath":{"path":"","propertyPath":"/SHIP_POINT","modelName":"NewYardModel"},"interaction":{"idSuffix":"inner"}},"wdio_ui5_key":"etmportal.ui.manageyards.view.Newsap.m.Input{\"path\":\"\",\"propertyPath\":\"/SHIP_POINT\",\"modelName\":\"NewYardModel\"}"}]}
RESULT: {"script":"<script> [1562 bytes]","args":[{"selector":{"controlType":"sap.m.Input","viewName":"etm.portal.ui.manageyards.view.New","viewId":"application-manageyards-display-component---NewYard","bindingPath":{"path":"","propertyPath":"/SHIP_POINT","modelName":"NewYardModel"},"interaction":{"idSuffix":"inner"}},"wdio_ui5_key":"etmportal.ui.manageyards.view.Newsap.m.Input{\"path\":\"\",\"propertyPath\":\"/SHIP_POINT\",\"modelName\":\"NewYardModel\"}"}]}
RESULT: undefined
COMMAND: POST /session/0b442ebc8f096c4bfeb5c66a52851a3f/execute/async - {"script":"<script> [776 bytes]","args":[{"enterText":"1710","selector":{"controlType":"sap.m.Input","viewName":"etm.portal.ui.manageyards.view.New","viewId":"application-manageyards-display-component---NewYard","bindingPath":{"path":"","propertyPath":"/SHIP_POINT","modelName":"NewYardModel"},"interaction":{"idSuffix":"inner"}},"clearTextFirst":true,"interactionType":"ENTER_TEXT"}]}
RESULT: {"script":"<script> [776 bytes]","args":[{"enterText":"1710","selector":{"controlType":"sap.m.Input","viewName":"etm.portal.ui.manageyards.view.New","viewId":"application-manageyards-display-component---NewYard","bindingPath":{"path":"","propertyPath":"/SHIP_POINT","modelName":"NewYardModel"},"interaction":{"idSuffix":"inner"}},"clearTextFirst":true,"interactionType":"ENTER_TEXT"}]}
COMMAND: POST /session/0b442ebc8f096c4bfeb5c66a52851a3f/execute/async - {"script":"<script> [1562 bytes]","args":[{"selector":{"controlType":"sap.m.Input","viewName":"etm.portal.ui.manageyards.view.New","viewId":"application-manageyards-display-component---NewYard","bindingPath":{"path":"","propertyPath":"/DELIVERY_TYPE","modelName":"NewYardModel"},"interaction":{"idSuffix":"inner"}},"wdio_ui5_key":"etmportal.ui.manageyards.view.Newsap.m.Input{\"path\":\"\",\"propertyPath\":\"/DELIVERY_TYPE\",\"modelName\":\"NewYardModel\"}"}]}
RESULT: {"script":"<script> [1562 bytes]","args":[{"selector":{"controlType":"sap.m.Input","viewName":"etm.portal.ui.manageyards.view.New","viewId":"application-manageyards-display-component---NewYard","bindingPath":{"path":"","propertyPath":"/DELIVERY_TYPE","modelName":"NewYardModel"},"interaction":{"idSuffix":"inner"}},"wdio_ui5_key":"etmportal.ui.manageyards.view.Newsap.m.Input{\"path\":\"\",\"propertyPath\":\"/DELIVERY_TYPE\",\"modelName\":\"NewYardModel\"}"}]}
RESULT: undefined
COMMAND: POST /session/0b442ebc8f096c4bfeb5c66a52851a3f/execute/async - {"script":"<script> [776 bytes]","args":[{"enterText":"ZL01","selector":{"controlType":"sap.m.Input","viewName":"etm.portal.ui.manageyards.view.New","viewId":"application-manageyards-display-component---NewYard","bindingPath":{"path":"","propertyPath":"/DELIVERY_TYPE","modelName":"NewYardModel"},"interaction":{"idSuffix":"inner"}},"clearTextFirst":true,"interactionType":"ENTER_TEXT"}]}
RESULT: {"script":"<script> [776 bytes]","args":[{"enterText":"ZL01","selector":{"controlType":"sap.m.Input","viewName":"etm.portal.ui.manageyards.view.New","viewId":"application-manageyards-display-component---NewYard","bindingPath":{"path":"","propertyPath":"/DELIVERY_TYPE","modelName":"NewYardModel"},"interaction":{"idSuffix":"inner"}},"clearTextFirst":true,"interactionType":"ENTER_TEXT"}]}
COMMAND: POST /session/0b442ebc8f096c4bfeb5c66a52851a3f/execute/async - {"script":"<script> [1562 bytes]","args":[{"selector":{"controlType":"sap.m.Input","viewName":"etm.portal.ui.manageyards.view.New","viewId":"application-manageyards-display-component---NewYard","bindingPath":{"path":"","propertyPath":"/AUART","modelName":"NewYardModel"},"interaction":{"idSuffix":"inner"}},"wdio_ui5_key":"etmportal.ui.manageyards.view.Newsap.m.Input{\"path\":\"\",\"propertyPath\":\"/AUART\",\"modelName\":\"NewYardModel\"}"}]}
RESULT: {"script":"<script> [1562 bytes]","args":[{"selector":{"controlType":"sap.m.Input","viewName":"etm.portal.ui.manageyards.view.New","viewId":"application-manageyards-display-component---NewYard","bindingPath":{"path":"","propertyPath":"/AUART","modelName":"NewYardModel"},"interaction":{"idSuffix":"inner"}},"wdio_ui5_key":"etmportal.ui.manageyards.view.Newsap.m.Input{\"path\":\"\",\"propertyPath\":\"/AUART\",\"modelName\":\"NewYardModel\"}"}]}
RESULT: undefined
COMMAND: POST /session/0b442ebc8f096c4bfeb5c66a52851a3f/execute/async - {"script":"<script> [776 bytes]","args":[{"enterText":"TA","selector":{"controlType":"sap.m.Input","viewName":"etm.portal.ui.manageyards.view.New","viewId":"application-manageyards-display-component---NewYard","bindingPath":{"path":"","propertyPath":"/AUART","modelName":"NewYardModel"},"interaction":{"idSuffix":"inner"}},"clearTextFirst":true,"interactionType":"ENTER_TEXT"}]}
RESULT: {"script":"<script> [776 bytes]","args":[{"enterText":"TA","selector":{"controlType":"sap.m.Input","viewName":"etm.portal.ui.manageyards.view.New","viewId":"application-manageyards-display-component---NewYard","bindingPath":{"path":"","propertyPath":"/AUART","modelName":"NewYardModel"},"interaction":{"idSuffix":"inner"}},"clearTextFirst":true,"interactionType":"ENTER_TEXT"}]}
COMMAND: POST /session/0b442ebc8f096c4bfeb5c66a52851a3f/element - {"using":"xpath","value":"//button[@data-kt=\"newYardSaveButton\"]"}
RESULT: {"using":"xpath","value":"//button[@data-kt=\"newYardSaveButton\"]"}
COMMAND: POST /session/0b442ebc8f096c4bfeb5c66a52851a3f/element/f.9CA8B20795E6D08D18CCAFF067F35E12.d.CEF7113822893368CDC310F060AD7EDC.e.722/click - {}
RESULT: {}
COMMAND: GET /session/0b442ebc8f096c4bfeb5c66a52851a3f/screenshot - {}
RESULT: {}
COMMAND: POST /session/0b442ebc8f096c4bfeb5c66a52851a3f/element - {"using":"xpath","value":"//header[contains(@id, 'ObjectPageLayout-headerTitle')]/div[1]/div[2]/div[1]/span[1]"}
RESULT: {"using":"xpath","value":"//header[contains(@id, 'ObjectPageLayout-headerTitle')]/div[1]/div[2]/div[1]/span[1]"}
COMMAND: POST /session/0b442ebc8f096c4bfeb5c66a52851a3f/elements - {"using":"xpath","value":"//header[contains(@id, 'ObjectPageLayout-headerTitle')]/div[1]/div[2]/div[1]/span[1]"}
RESULT: {"using":"xpath","value":"//header[contains(@id, 'ObjectPageLayout-headerTitle')]/div[1]/div[2]/div[1]/span[1]"}
COMMAND: POST /session/0b442ebc8f096c4bfeb5c66a52851a3f/execute/sync - {"script":"<script> [56 bytes]","args":[{"element-6066-11e4-a52e-4f735466cecf":"f.9CA8B20795E6D08D18CCAFF067F35E12.d.CEF7113822893368CDC310F060AD7EDC.e.1021","ELEMENT":"f.9CA8B20795E6D08D18CCAFF067F35E12.d.CEF7113822893368CDC310F060AD7EDC.e.1021"}]}
RESULT: {"script":"<script> [56 bytes]","args":[{"element-6066-11e4-a52e-4f735466cecf":"f.9CA8B20795E6D08D18CCAFF067F35E12.d.CEF7113822893368CDC310F060AD7EDC.e.1021","ELEMENT":"f.9CA8B20795E6D08D18CCAFF067F35E12.d.CEF7113822893368CDC310F060AD7EDC.e.1021"}]}
COMMAND: GET /session/0b442ebc8f096c4bfeb5c66a52851a3f/screenshot - {}
RESULT: {}
COMMAND: POST /session/0b442ebc8f096c4bfeb5c66a52851a3f/element - {"using":"css selector","value":"#shell-header-logo"}
RESULT: {"using":"css selector","value":"#shell-header-logo"}
COMMAND: POST /session/0b442ebc8f096c4bfeb5c66a52851a3f/element/f.9CA8B20795E6D08D18CCAFF067F35E12.d.CEF7113822893368CDC310F060AD7EDC.e.270/click - {}
RESULT: {}
COMMAND: GET /session/0b442ebc8f096c4bfeb5c66a52851a3f/screenshot - {}
RESULT: {}
COMMAND: POST /session/0b442ebc8f096c4bfeb5c66a52851a3f/execute/sync - {"script":"<script> [299 bytes]","args":[["getModel","getResource"]]}
RESULT: {"script":"<script> [299 bytes]","args":[["getModel","getResource"]]}
COMMAND: GET /session/0b442ebc8f096c4bfeb5c66a52851a3f/screenshot - {}
]]></system-out>
    </testcase>
    <testcase classname="chrome.135_0_7049_96.windows.Billing_confirm_US117289" name="Should create a new partner" time="139.272">
      <system-out><![CDATA[
COMMAND: POST /session/0b442ebc8f096c4bfeb5c66a52851a3f/window/fullscreen - {}
RESULT: {}
RESULT: {}
COMMAND: POST /session/0b442ebc8f096c4bfeb5c66a52851a3f/execute/async - {"script":"<script> [1562 bytes]","args":[{"selector":{"controlType":"sap.m.GenericTile","properties":{"header":"Manage Partners"}},"wdio_ui5_key":"sapm.GenericTile{\"header\":\"Manage Partners\"}"}]}
RESULT: {"script":"<script> [1562 bytes]","args":[{"selector":{"controlType":"sap.m.GenericTile","properties":{"header":"Manage Partners"}},"wdio_ui5_key":"sapm.GenericTile{\"header\":\"Manage Partners\"}"}]}
RESULT: undefined
COMMAND: POST /session/0b442ebc8f096c4bfeb5c66a52851a3f/element - {"using":"xpath","value":"//*[@id=\"__tile38\"]"}
RESULT: {"using":"xpath","value":"//*[@id=\"__tile38\"]"}
COMMAND: POST /session/0b442ebc8f096c4bfeb5c66a52851a3f/element/f.9CA8B20795E6D08D18CCAFF067F35E12.d.CEF7113822893368CDC310F060AD7EDC.e.156/click - {}
RESULT: {}
COMMAND: POST /session/0b442ebc8f096c4bfeb5c66a52851a3f/element - {"using":"xpath","value":"//button[@data-kt=\"addButton\"]"}
COMMAND: GET /session/0b442ebc8f096c4bfeb5c66a52851a3f/screenshot - {}
RESULT: {"using":"xpath","value":"//button[@data-kt=\"addButton\"]"}
COMMAND: POST /session/0b442ebc8f096c4bfeb5c66a52851a3f/elements - {"using":"xpath","value":"//button[@data-kt=\"addButton\"]"}
RESULT: {}
RESULT: {"using":"xpath","value":"//button[@data-kt=\"addButton\"]"}
COMMAND: POST /session/0b442ebc8f096c4bfeb5c66a52851a3f/elements - {"using":"xpath","value":"//button[@data-kt=\"addButton\"]"}
RESULT: {"using":"xpath","value":"//button[@data-kt=\"addButton\"]"}
COMMAND: POST /session/0b442ebc8f096c4bfeb5c66a52851a3f/elements - {"using":"xpath","value":"//button[@data-kt=\"addButton\"]"}
RESULT: {"using":"xpath","value":"//button[@data-kt=\"addButton\"]"}
COMMAND: POST /session/0b442ebc8f096c4bfeb5c66a52851a3f/elements - {"using":"xpath","value":"//button[@data-kt=\"addButton\"]"}
RESULT: {"using":"xpath","value":"//button[@data-kt=\"addButton\"]"}
COMMAND: POST /session/0b442ebc8f096c4bfeb5c66a52851a3f/elements - {"using":"xpath","value":"//button[@data-kt=\"addButton\"]"}
RESULT: {"using":"xpath","value":"//button[@data-kt=\"addButton\"]"}
COMMAND: POST /session/0b442ebc8f096c4bfeb5c66a52851a3f/elements - {"using":"xpath","value":"//button[@data-kt=\"addButton\"]"}
RESULT: {"using":"xpath","value":"//button[@data-kt=\"addButton\"]"}
COMMAND: POST /session/0b442ebc8f096c4bfeb5c66a52851a3f/elements - {"using":"xpath","value":"//button[@data-kt=\"addButton\"]"}
RESULT: {"using":"xpath","value":"//button[@data-kt=\"addButton\"]"}
COMMAND: POST /session/0b442ebc8f096c4bfeb5c66a52851a3f/elements - {"using":"xpath","value":"//button[@data-kt=\"addButton\"]"}
RESULT: {"using":"xpath","value":"//button[@data-kt=\"addButton\"]"}
COMMAND: POST /session/0b442ebc8f096c4bfeb5c66a52851a3f/elements - {"using":"xpath","value":"//button[@data-kt=\"addButton\"]"}
RESULT: {"using":"xpath","value":"//button[@data-kt=\"addButton\"]"}
COMMAND: POST /session/0b442ebc8f096c4bfeb5c66a52851a3f/elements - {"using":"xpath","value":"//button[@data-kt=\"addButton\"]"}
RESULT: {"using":"xpath","value":"//button[@data-kt=\"addButton\"]"}
COMMAND: POST /session/0b442ebc8f096c4bfeb5c66a52851a3f/elements - {"using":"xpath","value":"//button[@data-kt=\"addButton\"]"}
RESULT: {"using":"xpath","value":"//button[@data-kt=\"addButton\"]"}
COMMAND: POST /session/0b442ebc8f096c4bfeb5c66a52851a3f/elements - {"using":"xpath","value":"//button[@data-kt=\"addButton\"]"}
RESULT: {"using":"xpath","value":"//button[@data-kt=\"addButton\"]"}
COMMAND: POST /session/0b442ebc8f096c4bfeb5c66a52851a3f/elements - {"using":"xpath","value":"//button[@data-kt=\"addButton\"]"}
RESULT: {"using":"xpath","value":"//button[@data-kt=\"addButton\"]"}
COMMAND: POST /session/0b442ebc8f096c4bfeb5c66a52851a3f/elements - {"using":"xpath","value":"//button[@data-kt=\"addButton\"]"}
RESULT: {"using":"xpath","value":"//button[@data-kt=\"addButton\"]"}
COMMAND: POST /session/0b442ebc8f096c4bfeb5c66a52851a3f/elements - {"using":"xpath","value":"//button[@data-kt=\"addButton\"]"}
RESULT: {"using":"xpath","value":"//button[@data-kt=\"addButton\"]"}
COMMAND: POST /session/0b442ebc8f096c4bfeb5c66a52851a3f/elements - {"using":"xpath","value":"//button[@data-kt=\"addButton\"]"}
RESULT: {"using":"xpath","value":"//button[@data-kt=\"addButton\"]"}
COMMAND: POST /session/0b442ebc8f096c4bfeb5c66a52851a3f/elements - {"using":"xpath","value":"//button[@data-kt=\"addButton\"]"}
RESULT: {"using":"xpath","value":"//button[@data-kt=\"addButton\"]"}
COMMAND: POST /session/0b442ebc8f096c4bfeb5c66a52851a3f/elements - {"using":"xpath","value":"//button[@data-kt=\"addButton\"]"}
RESULT: {"using":"xpath","value":"//button[@data-kt=\"addButton\"]"}
COMMAND: POST /session/0b442ebc8f096c4bfeb5c66a52851a3f/elements - {"using":"xpath","value":"//button[@data-kt=\"addButton\"]"}
RESULT: {"using":"xpath","value":"//button[@data-kt=\"addButton\"]"}
COMMAND: POST /session/0b442ebc8f096c4bfeb5c66a52851a3f/elements - {"using":"xpath","value":"//button[@data-kt=\"addButton\"]"}
RESULT: {"using":"xpath","value":"//button[@data-kt=\"addButton\"]"}
COMMAND: POST /session/0b442ebc8f096c4bfeb5c66a52851a3f/elements - {"using":"xpath","value":"//button[@data-kt=\"addButton\"]"}
RESULT: {"using":"xpath","value":"//button[@data-kt=\"addButton\"]"}
COMMAND: POST /session/0b442ebc8f096c4bfeb5c66a52851a3f/elements - {"using":"xpath","value":"//button[@data-kt=\"addButton\"]"}
RESULT: {"using":"xpath","value":"//button[@data-kt=\"addButton\"]"}
COMMAND: POST /session/0b442ebc8f096c4bfeb5c66a52851a3f/elements - {"using":"xpath","value":"//button[@data-kt=\"addButton\"]"}
RESULT: {"using":"xpath","value":"//button[@data-kt=\"addButton\"]"}
COMMAND: POST /session/0b442ebc8f096c4bfeb5c66a52851a3f/elements - {"using":"xpath","value":"//button[@data-kt=\"addButton\"]"}
RESULT: {"using":"xpath","value":"//button[@data-kt=\"addButton\"]"}
COMMAND: POST /session/0b442ebc8f096c4bfeb5c66a52851a3f/elements - {"using":"xpath","value":"//button[@data-kt=\"addButton\"]"}
RESULT: {"using":"xpath","value":"//button[@data-kt=\"addButton\"]"}
COMMAND: POST /session/0b442ebc8f096c4bfeb5c66a52851a3f/elements - {"using":"xpath","value":"//button[@data-kt=\"addButton\"]"}
RESULT: {"using":"xpath","value":"//button[@data-kt=\"addButton\"]"}
COMMAND: POST /session/0b442ebc8f096c4bfeb5c66a52851a3f/elements - {"using":"xpath","value":"//button[@data-kt=\"addButton\"]"}
RESULT: {"using":"xpath","value":"//button[@data-kt=\"addButton\"]"}
COMMAND: POST /session/0b442ebc8f096c4bfeb5c66a52851a3f/elements - {"using":"xpath","value":"//button[@data-kt=\"addButton\"]"}
RESULT: {"using":"xpath","value":"//button[@data-kt=\"addButton\"]"}
COMMAND: POST /session/0b442ebc8f096c4bfeb5c66a52851a3f/elements - {"using":"xpath","value":"//button[@data-kt=\"addButton\"]"}
RESULT: {"using":"xpath","value":"//button[@data-kt=\"addButton\"]"}
COMMAND: POST /session/0b442ebc8f096c4bfeb5c66a52851a3f/element - {"using":"xpath","value":"//button[@data-kt=\"addButton\"]"}
RESULT: {"using":"xpath","value":"//button[@data-kt=\"addButton\"]"}
COMMAND: POST /session/0b442ebc8f096c4bfeb5c66a52851a3f/execute/sync - {"script":"<script> [8489 bytes]","args":[{"element-6066-11e4-a52e-4f735466cecf":"f.9CA8B20795E6D08D18CCAFF067F35E12.d.CEF7113822893368CDC310F060AD7EDC.e.1071","ELEMENT":"f.9CA8B20795E6D08D18CCAFF067F35E12.d.CEF7113822893368CDC310F060AD7EDC.e.1071"}]}
RESULT: {"script":"<script> [8489 bytes]","args":[{"element-6066-11e4-a52e-4f735466cecf":"f.9CA8B20795E6D08D18CCAFF067F35E12.d.CEF7113822893368CDC310F060AD7EDC.e.1071","ELEMENT":"f.9CA8B20795E6D08D18CCAFF067F35E12.d.CEF7113822893368CDC310F060AD7EDC.e.1071"}]}
COMMAND: GET /session/0b442ebc8f096c4bfeb5c66a52851a3f/element/f.9CA8B20795E6D08D18CCAFF067F35E12.d.CEF7113822893368CDC310F060AD7EDC.e.1071/enabled - {}
COMMAND: GET /session/0b442ebc8f096c4bfeb5c66a52851a3f/screenshot - {}
RESULT: {}
COMMAND: POST /session/0b442ebc8f096c4bfeb5c66a52851a3f/execute/sync - {"script":"<script> [8489 bytes]","args":[{"element-6066-11e4-a52e-4f735466cecf":"f.9CA8B20795E6D08D18CCAFF067F35E12.d.CEF7113822893368CDC310F060AD7EDC.e.1071","ELEMENT":"f.9CA8B20795E6D08D18CCAFF067F35E12.d.CEF7113822893368CDC310F060AD7EDC.e.1071"}]}
COMMAND: GET /session/0b442ebc8f096c4bfeb5c66a52851a3f/screenshot - {}
RESULT: {}
RESULT: {"script":"<script> [8489 bytes]","args":[{"element-6066-11e4-a52e-4f735466cecf":"f.9CA8B20795E6D08D18CCAFF067F35E12.d.CEF7113822893368CDC310F060AD7EDC.e.1071","ELEMENT":"f.9CA8B20795E6D08D18CCAFF067F35E12.d.CEF7113822893368CDC310F060AD7EDC.e.1071"}]}
COMMAND: POST /session/0b442ebc8f096c4bfeb5c66a52851a3f/execute/sync - {"script":"<script> [5351 bytes]","args":[{"element-6066-11e4-a52e-4f735466cecf":"f.9CA8B20795E6D08D18CCAFF067F35E12.d.CEF7113822893368CDC310F060AD7EDC.e.1071","ELEMENT":"f.9CA8B20795E6D08D18CCAFF067F35E12.d.CEF7113822893368CDC310F060AD7EDC.e.1071"}]}
COMMAND: GET /session/0b442ebc8f096c4bfeb5c66a52851a3f/screenshot - {}
RESULT: {}
RESULT: {"script":"<script> [5351 bytes]","args":[{"element-6066-11e4-a52e-4f735466cecf":"f.9CA8B20795E6D08D18CCAFF067F35E12.d.CEF7113822893368CDC310F060AD7EDC.e.1071","ELEMENT":"f.9CA8B20795E6D08D18CCAFF067F35E12.d.CEF7113822893368CDC310F060AD7EDC.e.1071"}]}
COMMAND: POST /session/0b442ebc8f096c4bfeb5c66a52851a3f/element/f.9CA8B20795E6D08D18CCAFF067F35E12.d.CEF7113822893368CDC310F060AD7EDC.e.1071/click - {}
COMMAND: GET /session/0b442ebc8f096c4bfeb5c66a52851a3f/screenshot - {}
RESULT: {}
RESULT: {}
COMMAND: GET /session/0b442ebc8f096c4bfeb5c66a52851a3f/screenshot - {}
COMMAND: POST /session/0b442ebc8f096c4bfeb5c66a52851a3f/execute/async - {"script":"<script> [1562 bytes]","args":[{"selector":{"id":"application-managepartners-display-component---NewPartner--addressDetailDetailsName1","interaction":{"idSuffix":"inner"}},"wdio_ui5_key":"applicationmanagepartners-display-component---NewPartner--addressDetailDetailsName1"}]}
RESULT: {}
RESULT: {}
RESULT: {"script":"<script> [1562 bytes]","args":[{"selector":{"id":"application-managepartners-display-component---NewPartner--addressDetailDetailsName1","interaction":{"idSuffix":"inner"}},"wdio_ui5_key":"applicationmanagepartners-display-component---NewPartner--addressDetailDetailsName1"}]}
RESULT: undefined
COMMAND: POST /session/0b442ebc8f096c4bfeb5c66a52851a3f/execute/async - {"script":"<script> [776 bytes]","args":[{"enterText":"Intracompany Partner WDIO","selector":{"id":"application-managepartners-display-component---NewPartner--addressDetailDetailsName1","interaction":{"idSuffix":"inner"}},"clearTextFirst":true,"interactionType":"ENTER_TEXT"}]}
RESULT: {"script":"<script> [776 bytes]","args":[{"enterText":"Intracompany Partner WDIO","selector":{"id":"application-managepartners-display-component---NewPartner--addressDetailDetailsName1","interaction":{"idSuffix":"inner"}},"clearTextFirst":true,"interactionType":"ENTER_TEXT"}]}
COMMAND: POST /session/0b442ebc8f096c4bfeb5c66a52851a3f/execute/async - {"script":"<script> [1562 bytes]","args":[{"selector":{"id":"application-managepartners-display-component---NewPartner--addressDetailDetailsLanguage-arrow"},"wdio_ui5_key":"applicationmanagepartners-display-component---NewPartner--addressDetailDetailsLanguage-arrow"}]}
RESULT: {"script":"<script> [1562 bytes]","args":[{"selector":{"id":"application-managepartners-display-component---NewPartner--addressDetailDetailsLanguage-arrow"},"wdio_ui5_key":"applicationmanagepartners-display-component---NewPartner--addressDetailDetailsLanguage-arrow"}]}
RESULT: undefined
COMMAND: POST /session/0b442ebc8f096c4bfeb5c66a52851a3f/element - {"using":"xpath","value":"//*[@id=\"application-managepartners-display-component---NewPartner--addressDetailDetailsLanguage-arrow\"]"}
RESULT: {"using":"xpath","value":"//*[@id=\"application-managepartners-display-component---NewPartner--addressDetailDetailsLanguage-arrow\"]"}
COMMAND: POST /session/0b442ebc8f096c4bfeb5c66a52851a3f/element/f.9CA8B20795E6D08D18CCAFF067F35E12.d.CEF7113822893368CDC310F060AD7EDC.e.1515/click - {}
RESULT: {}
COMMAND: POST /session/0b442ebc8f096c4bfeb5c66a52851a3f/element - {"using":"xpath","value":"//span[contains(text(), \"English\")]"}
COMMAND: GET /session/0b442ebc8f096c4bfeb5c66a52851a3f/screenshot - {}
RESULT: {"using":"xpath","value":"//span[contains(text(), \"English\")]"}
COMMAND: POST /session/0b442ebc8f096c4bfeb5c66a52851a3f/element/f.9CA8B20795E6D08D18CCAFF067F35E12.d.CEF7113822893368CDC310F060AD7EDC.e.1516/click - {}
RESULT: {}
RESULT: {}
COMMAND: GET /session/0b442ebc8f096c4bfeb5c66a52851a3f/screenshot - {}
RESULT: {}
COMMAND: POST /session/0b442ebc8f096c4bfeb5c66a52851a3f/execute/async - {"script":"<script> [1562 bytes]","args":[{"selector":{"id":"application-managepartners-display-component---NewPartner--addressDetailDetailsCity1","interaction":{"idSuffix":"inner"}},"wdio_ui5_key":"applicationmanagepartners-display-component---NewPartner--addressDetailDetailsCity1"}]}
RESULT: {"script":"<script> [1562 bytes]","args":[{"selector":{"id":"application-managepartners-display-component---NewPartner--addressDetailDetailsCity1","interaction":{"idSuffix":"inner"}},"wdio_ui5_key":"applicationmanagepartners-display-component---NewPartner--addressDetailDetailsCity1"}]}
RESULT: undefined
COMMAND: POST /session/0b442ebc8f096c4bfeb5c66a52851a3f/execute/async - {"script":"<script> [776 bytes]","args":[{"enterText":"Rosario","selector":{"id":"application-managepartners-display-component---NewPartner--addressDetailDetailsCity1","interaction":{"idSuffix":"inner"}},"clearTextFirst":true,"interactionType":"ENTER_TEXT"}]}
RESULT: {"script":"<script> [776 bytes]","args":[{"enterText":"Rosario","selector":{"id":"application-managepartners-display-component---NewPartner--addressDetailDetailsCity1","interaction":{"idSuffix":"inner"}},"clearTextFirst":true,"interactionType":"ENTER_TEXT"}]}
COMMAND: POST /session/0b442ebc8f096c4bfeb5c66a52851a3f/execute/async - {"script":"<script> [1562 bytes]","args":[{"selector":{"id":"application-managepartners-display-component---NewPartner--addressDetailDetailsCountry-arrow"},"wdio_ui5_key":"applicationmanagepartners-display-component---NewPartner--addressDetailDetailsCountry-arrow"}]}
RESULT: {"script":"<script> [1562 bytes]","args":[{"selector":{"id":"application-managepartners-display-component---NewPartner--addressDetailDetailsCountry-arrow"},"wdio_ui5_key":"applicationmanagepartners-display-component---NewPartner--addressDetailDetailsCountry-arrow"}]}
RESULT: undefined
COMMAND: POST /session/0b442ebc8f096c4bfeb5c66a52851a3f/element - {"using":"xpath","value":"//*[@id=\"application-managepartners-display-component---NewPartner--addressDetailDetailsCountry-arrow\"]"}
RESULT: {"using":"xpath","value":"//*[@id=\"application-managepartners-display-component---NewPartner--addressDetailDetailsCountry-arrow\"]"}
COMMAND: POST /session/0b442ebc8f096c4bfeb5c66a52851a3f/element/f.9CA8B20795E6D08D18CCAFF067F35E12.d.CEF7113822893368CDC310F060AD7EDC.e.1479/click - {}
RESULT: {}
COMMAND: POST /session/0b442ebc8f096c4bfeb5c66a52851a3f/element - {"using":"xpath","value":"//span[contains(text(), \"Argentina\")]"}
COMMAND: GET /session/0b442ebc8f096c4bfeb5c66a52851a3f/screenshot - {}
RESULT: {"using":"xpath","value":"//span[contains(text(), \"Argentina\")]"}
COMMAND: POST /session/0b442ebc8f096c4bfeb5c66a52851a3f/element/f.9CA8B20795E6D08D18CCAFF067F35E12.d.CEF7113822893368CDC310F060AD7EDC.e.1518/click - {}
RESULT: {}
RESULT: {}
COMMAND: GET /session/0b442ebc8f096c4bfeb5c66a52851a3f/screenshot - {}
RESULT: {}
COMMAND: POST /session/0b442ebc8f096c4bfeb5c66a52851a3f/element - {"using":"xpath","value":"//bdi[contains(text(), \"Commercial\")]"}
RESULT: {"using":"xpath","value":"//bdi[contains(text(), \"Commercial\")]"}
COMMAND: POST /session/0b442ebc8f096c4bfeb5c66a52851a3f/element/f.9CA8B20795E6D08D18CCAFF067F35E12.d.CEF7113822893368CDC310F060AD7EDC.e.1519/click - {}
RESULT: {}
COMMAND: GET /session/0b442ebc8f096c4bfeb5c66a52851a3f/screenshot - {}
RESULT: {}
COMMAND: POST /session/0b442ebc8f096c4bfeb5c66a52851a3f/execute/async - {"script":"<script> [1562 bytes]","args":[{"selector":{"id":"application-managepartners-display-component---NewPartner--partnerDetailInternal-arrow"},"wdio_ui5_key":"applicationmanagepartners-display-component---NewPartner--partnerDetailInternal-arrow"}]}
RESULT: {"script":"<script> [1562 bytes]","args":[{"selector":{"id":"application-managepartners-display-component---NewPartner--partnerDetailInternal-arrow"},"wdio_ui5_key":"applicationmanagepartners-display-component---NewPartner--partnerDetailInternal-arrow"}]}
RESULT: undefined
COMMAND: POST /session/0b442ebc8f096c4bfeb5c66a52851a3f/element - {"using":"xpath","value":"//*[@id=\"application-managepartners-display-component---NewPartner--partnerDetailInternal-arrow\"]"}
RESULT: {"using":"xpath","value":"//*[@id=\"application-managepartners-display-component---NewPartner--partnerDetailInternal-arrow\"]"}
COMMAND: POST /session/0b442ebc8f096c4bfeb5c66a52851a3f/element/f.9CA8B20795E6D08D18CCAFF067F35E12.d.CEF7113822893368CDC310F060AD7EDC.e.1525/click - {}
RESULT: {}
COMMAND: POST /session/0b442ebc8f096c4bfeb5c66a52851a3f/element - {"using":"xpath","value":"//span[contains(text(), \"Affiliated company\")]"}
COMMAND: GET /session/0b442ebc8f096c4bfeb5c66a52851a3f/screenshot - {}
RESULT: {"using":"xpath","value":"//span[contains(text(), \"Affiliated company\")]"}
COMMAND: POST /session/0b442ebc8f096c4bfeb5c66a52851a3f/element/f.9CA8B20795E6D08D18CCAFF067F35E12.d.CEF7113822893368CDC310F060AD7EDC.e.1527/click - {}
RESULT: {}
RESULT: {}
COMMAND: POST /session/0b442ebc8f096c4bfeb5c66a52851a3f/execute/async - {"script":"<script> [1562 bytes]","args":[{"selector":{"id":"application-managepartners-display-component---NewPartner--partnerDetailsCurrency-arrow"},"wdio_ui5_key":"applicationmanagepartners-display-component---NewPartner--partnerDetailsCurrency-arrow"}]}
COMMAND: GET /session/0b442ebc8f096c4bfeb5c66a52851a3f/screenshot - {}
RESULT: {"script":"<script> [1562 bytes]","args":[{"selector":{"id":"application-managepartners-display-component---NewPartner--partnerDetailsCurrency-arrow"},"wdio_ui5_key":"applicationmanagepartners-display-component---NewPartner--partnerDetailsCurrency-arrow"}]}
RESULT: undefined
COMMAND: POST /session/0b442ebc8f096c4bfeb5c66a52851a3f/element - {"using":"xpath","value":"//*[@id=\"application-managepartners-display-component---NewPartner--partnerDetailsCurrency-arrow\"]"}
RESULT: {}
RESULT: {"using":"xpath","value":"//*[@id=\"application-managepartners-display-component---NewPartner--partnerDetailsCurrency-arrow\"]"}
COMMAND: POST /session/0b442ebc8f096c4bfeb5c66a52851a3f/element/f.9CA8B20795E6D08D18CCAFF067F35E12.d.CEF7113822893368CDC310F060AD7EDC.e.1534/click - {}
RESULT: {}
COMMAND: POST /session/0b442ebc8f096c4bfeb5c66a52851a3f/element - {"using":"xpath","value":"//span[contains(text(), \"Euro\")]"}
COMMAND: GET /session/0b442ebc8f096c4bfeb5c66a52851a3f/screenshot - {}
RESULT: {"using":"xpath","value":"//span[contains(text(), \"Euro\")]"}
COMMAND: POST /session/0b442ebc8f096c4bfeb5c66a52851a3f/element/f.9CA8B20795E6D08D18CCAFF067F35E12.d.CEF7113822893368CDC310F060AD7EDC.e.1535/click - {}
RESULT: {}
RESULT: {}
COMMAND: POST /session/0b442ebc8f096c4bfeb5c66a52851a3f/execute/async - {"script":"<script> [1562 bytes]","args":[{"selector":{"id":"application-managepartners-display-component---NewPartner--addressEditDetailsCostObjectCstType-arrow"},"wdio_ui5_key":"applicationmanagepartners-display-component---NewPartner--addressEditDetailsCostObjectCstType-arrow"}]}
COMMAND: GET /session/0b442ebc8f096c4bfeb5c66a52851a3f/screenshot - {}
RESULT: {"script":"<script> [1562 bytes]","args":[{"selector":{"id":"application-managepartners-display-component---NewPartner--addressEditDetailsCostObjectCstType-arrow"},"wdio_ui5_key":"applicationmanagepartners-display-component---NewPartner--addressEditDetailsCostObjectCstType-arrow"}]}
RESULT: undefined
COMMAND: POST /session/0b442ebc8f096c4bfeb5c66a52851a3f/element - {"using":"xpath","value":"//*[@id=\"application-managepartners-display-component---NewPartner--addressEditDetailsCostObjectCstType-arrow\"]"}
RESULT: {}
RESULT: {"using":"xpath","value":"//*[@id=\"application-managepartners-display-component---NewPartner--addressEditDetailsCostObjectCstType-arrow\"]"}
COMMAND: POST /session/0b442ebc8f096c4bfeb5c66a52851a3f/element/f.9CA8B20795E6D08D18CCAFF067F35E12.d.CEF7113822893368CDC310F060AD7EDC.e.1536/click - {}
RESULT: {}
COMMAND: POST /session/0b442ebc8f096c4bfeb5c66a52851a3f/element - {"using":"xpath","value":"//span[contains(text(), \"Cost Center\")]"}
COMMAND: GET /session/0b442ebc8f096c4bfeb5c66a52851a3f/screenshot - {}
RESULT: {"using":"xpath","value":"//span[contains(text(), \"Cost Center\")]"}
COMMAND: POST /session/0b442ebc8f096c4bfeb5c66a52851a3f/element/f.9CA8B20795E6D08D18CCAFF067F35E12.d.CEF7113822893368CDC310F060AD7EDC.e.1537/click - {}
RESULT: {}
RESULT: {}
COMMAND: GET /session/0b442ebc8f096c4bfeb5c66a52851a3f/screenshot - {}
RESULT: {}
COMMAND: POST /session/0b442ebc8f096c4bfeb5c66a52851a3f/element - {"using":"xpath","value":"//span[@id=\"application-managepartners-display-component---NewPartner--addressNewCostObjectCstID-vhi\"]"}
RESULT: {"using":"xpath","value":"//span[@id=\"application-managepartners-display-component---NewPartner--addressNewCostObjectCstID-vhi\"]"}
COMMAND: POST /session/0b442ebc8f096c4bfeb5c66a52851a3f/execute/sync - {"script":"<script> [8489 bytes]","args":[{"element-6066-11e4-a52e-4f735466cecf":"f.9CA8B20795E6D08D18CCAFF067F35E12.d.CEF7113822893368CDC310F060AD7EDC.e.1541","ELEMENT":"f.9CA8B20795E6D08D18CCAFF067F35E12.d.CEF7113822893368CDC310F060AD7EDC.e.1541"}]}
RESULT: {"script":"<script> [8489 bytes]","args":[{"element-6066-11e4-a52e-4f735466cecf":"f.9CA8B20795E6D08D18CCAFF067F35E12.d.CEF7113822893368CDC310F060AD7EDC.e.1541","ELEMENT":"f.9CA8B20795E6D08D18CCAFF067F35E12.d.CEF7113822893368CDC310F060AD7EDC.e.1541"}]}
COMMAND: POST /session/0b442ebc8f096c4bfeb5c66a52851a3f/execute/async - {"script":"<script> [1562 bytes]","args":[{"selector":{"id":"application-managepartners-display-component---NewPartner--addressNewCostObjectCstID-vhi"},"wdio_ui5_key":"applicationmanagepartners-display-component---NewPartner--addressNewCostObjectCstID-vhi"}]}
COMMAND: GET /session/0b442ebc8f096c4bfeb5c66a52851a3f/screenshot - {}
RESULT: {"script":"<script> [1562 bytes]","args":[{"selector":{"id":"application-managepartners-display-component---NewPartner--addressNewCostObjectCstID-vhi"},"wdio_ui5_key":"applicationmanagepartners-display-component---NewPartner--addressNewCostObjectCstID-vhi"}]}
RESULT: undefined
COMMAND: POST /session/0b442ebc8f096c4bfeb5c66a52851a3f/element - {"using":"xpath","value":"//*[@id=\"application-managepartners-display-component---NewPartner--addressNewCostObjectCstID-vhi\"]"}
RESULT: {}
RESULT: {"using":"xpath","value":"//*[@id=\"application-managepartners-display-component---NewPartner--addressNewCostObjectCstID-vhi\"]"}
COMMAND: POST /session/0b442ebc8f096c4bfeb5c66a52851a3f/element/f.9CA8B20795E6D08D18CCAFF067F35E12.d.CEF7113822893368CDC310F060AD7EDC.e.1541/click - {}
RESULT: {}
COMMAND: GET /session/0b442ebc8f096c4bfeb5c66a52851a3f/screenshot - {}
RESULT: {}
RESULT: undefined
COMMAND: POST /session/0b442ebc8f096c4bfeb5c66a52851a3f/execute/async - {"script":"<script> [776 bytes]","args":[{"enterText":"10001013","selector":{"controlType":"sap.m.SearchField","properties":{"placeholder":"Search"},"searchOpenDialogs":true,"interaction":{"idSuffix":"I"}},"clearTextFirst":true,"interactionType":"ENTER_TEXT"}]}
RESULT: {"script":"<script> [776 bytes]","args":[{"enterText":"10001013","selector":{"controlType":"sap.m.SearchField","properties":{"placeholder":"Search"},"searchOpenDialogs":true,"interaction":{"idSuffix":"I"}},"clearTextFirst":true,"interactionType":"ENTER_TEXT"}]}
COMMAND: POST /session/0b442ebc8f096c4bfeb5c66a52851a3f/actions - {"actions":[{"id":"action2","type":"key","parameters":{},"actions":[{"type":"keyDown","value":"î€‡"},{"type":"pause","duration":10},{"type":"keyUp","value":"î€‡"}]}]}
RESULT: {"actions":[{"id":"action2","type":"key","parameters":{},"actions":[{"type":"keyDown","value":"î€‡"},{"type":"pause","duration":10},{"type":"keyUp","value":"î€‡"}]}]}
COMMAND: GET /session/0b442ebc8f096c4bfeb5c66a52851a3f/screenshot - {}
RESULT: {}
COMMAND: POST /session/0b442ebc8f096c4bfeb5c66a52851a3f/element - {"using":"xpath","value":"//span[contains(text(), \"General Management\")]"}
RESULT: {"using":"xpath","value":"//span[contains(text(), \"General Management\")]"}
COMMAND: POST /session/0b442ebc8f096c4bfeb5c66a52851a3f/element/f.9CA8B20795E6D08D18CCAFF067F35E12.d.CEF7113822893368CDC310F060AD7EDC.e.1549/click - {}
RESULT: {}
COMMAND: GET /session/0b442ebc8f096c4bfeb5c66a52851a3f/screenshot - {}
RESULT: {}
COMMAND: POST /session/0b442ebc8f096c4bfeb5c66a52851a3f/element - {"using":"xpath","value":"//bdi[contains(text(), \"OK\")]"}
RESULT: {"using":"xpath","value":"//bdi[contains(text(), \"OK\")]"}
COMMAND: POST /session/0b442ebc8f096c4bfeb5c66a52851a3f/element/f.9CA8B20795E6D08D18CCAFF067F35E12.d.CEF7113822893368CDC310F060AD7EDC.e.1551/click - {}
RESULT: {}
COMMAND: GET /session/0b442ebc8f096c4bfeb5c66a52851a3f/screenshot - {}
RESULT: {}
COMMAND: POST /session/0b442ebc8f096c4bfeb5c66a52851a3f/element - {"using":"xpath","value":"//input[@id=\"application-managepartners-display-component---NewPartner--companyCodeComboBox-inner\"]"}
RESULT: {"using":"xpath","value":"//input[@id=\"application-managepartners-display-component---NewPartner--companyCodeComboBox-inner\"]"}
COMMAND: POST /session/0b442ebc8f096c4bfeb5c66a52851a3f/element/f.9CA8B20795E6D08D18CCAFF067F35E12.d.CEF7113822893368CDC310F060AD7EDC.e.1374/clear - {}
RESULT: {}
COMMAND: POST /session/0b442ebc8f096c4bfeb5c66a52851a3f/element/f.9CA8B20795E6D08D18CCAFF067F35E12.d.CEF7113822893368CDC310F060AD7EDC.e.1374/value - {"text":"1000"}
COMMAND: GET /session/0b442ebc8f096c4bfeb5c66a52851a3f/screenshot - {}
RESULT: {"text":"1000"}
COMMAND: GET /session/0b442ebc8f096c4bfeb5c66a52851a3f/screenshot - {}
RESULT: {}
RESULT: {}
COMMAND: POST /session/0b442ebc8f096c4bfeb5c66a52851a3f/element - {"using":"xpath","value":"//span[contains(text(), \"1000\")]"}
RESULT: {"using":"xpath","value":"//span[contains(text(), \"1000\")]"}
COMMAND: POST /session/0b442ebc8f096c4bfeb5c66a52851a3f/element/f.9CA8B20795E6D08D18CCAFF067F35E12.d.CEF7113822893368CDC310F060AD7EDC.e.1557/click - {}
RESULT: {}
COMMAND: GET /session/0b442ebc8f096c4bfeb5c66a52851a3f/screenshot - {}
RESULT: {}
COMMAND: POST /session/0b442ebc8f096c4bfeb5c66a52851a3f/execute/async - {"script":"<script> [1562 bytes]","args":[{"selector":{"id":"application-managepartners-display-component---NewPartner--btnAddTableRow-img"},"wdio_ui5_key":"applicationmanagepartners-display-component---NewPartner--btnAddTableRow-img"}]}
RESULT: {"script":"<script> [1562 bytes]","args":[{"selector":{"id":"application-managepartners-display-component---NewPartner--btnAddTableRow-img"},"wdio_ui5_key":"applicationmanagepartners-display-component---NewPartner--btnAddTableRow-img"}]}
RESULT: undefined
COMMAND: POST /session/0b442ebc8f096c4bfeb5c66a52851a3f/element - {"using":"xpath","value":"//*[@id=\"application-managepartners-display-component---NewPartner--btnAddTableRow-img\"]"}
RESULT: {"using":"xpath","value":"//*[@id=\"application-managepartners-display-component---NewPartner--btnAddTableRow-img\"]"}
COMMAND: POST /session/0b442ebc8f096c4bfeb5c66a52851a3f/element/f.9CA8B20795E6D08D18CCAFF067F35E12.d.CEF7113822893368CDC310F060AD7EDC.e.1558/click - {}
RESULT: {}
COMMAND: GET /session/0b442ebc8f096c4bfeb5c66a52851a3f/screenshot - {}
RESULT: {}
COMMAND: POST /session/0b442ebc8f096c4bfeb5c66a52851a3f/element - {"using":"xpath","value":"//input[@id=\"application-managepartners-display-component---NewPartner--assignmentYard-application-managepartners-display-component---NewPartner--assignmentsTable-0-inner\"]"}
RESULT: {"using":"xpath","value":"//input[@id=\"application-managepartners-display-component---NewPartner--assignmentYard-application-managepartners-display-component---NewPartner--assignmentsTable-0-inner\"]"}
COMMAND: POST /session/0b442ebc8f096c4bfeb5c66a52851a3f/element/f.9CA8B20795E6D08D18CCAFF067F35E12.d.CEF7113822893368CDC310F060AD7EDC.e.1561/clear - {}
RESULT: {}
COMMAND: POST /session/0b442ebc8f096c4bfeb5c66a52851a3f/element/f.9CA8B20795E6D08D18CCAFF067F35E12.d.CEF7113822893368CDC310F060AD7EDC.e.1561/value - {"text":"617"}
COMMAND: GET /session/0b442ebc8f096c4bfeb5c66a52851a3f/screenshot - {}
RESULT: {"text":"617"}
COMMAND: GET /session/0b442ebc8f096c4bfeb5c66a52851a3f/screenshot - {}
RESULT: {}
RESULT: {}
COMMAND: POST /session/0b442ebc8f096c4bfeb5c66a52851a3f/element - {"using":"xpath","value":"//li[.//span[text()='617']]"}
RESULT: {"using":"xpath","value":"//li[.//span[text()='617']]"}
COMMAND: POST /session/0b442ebc8f096c4bfeb5c66a52851a3f/element/f.9CA8B20795E6D08D18CCAFF067F35E12.d.CEF7113822893368CDC310F060AD7EDC.e.1570/click - {}
RESULT: {}
COMMAND: GET /session/0b442ebc8f096c4bfeb5c66a52851a3f/screenshot - {}
RESULT: {}
COMMAND: POST /session/0b442ebc8f096c4bfeb5c66a52851a3f/actions - {"actions":[{"id":"action3","type":"key","parameters":{},"actions":[{"type":"keyDown","value":"î€‡"},{"type":"pause","duration":10},{"type":"keyUp","value":"î€‡"}]}]}
RESULT: {"actions":[{"id":"action3","type":"key","parameters":{},"actions":[{"type":"keyDown","value":"î€‡"},{"type":"pause","duration":10},{"type":"keyUp","value":"î€‡"}]}]}
COMMAND: POST /session/0b442ebc8f096c4bfeb5c66a52851a3f/execute/async - {"script":"<script> [1562 bytes]","args":[{"selector":{"id":"application-managepartners-display-component---NewPartner--externalCustomerComboBox-application-managepartners-display-component---NewPartner--assignmentsTable-0-vhi"},"wdio_ui5_key":"applicationmanagepartners-display-component---NewPartner--externalCustomerComboBox-application-managepartners-display-component---NewPartner--assignmentsTable-0-vhi"}]}
COMMAND: GET /session/0b442ebc8f096c4bfeb5c66a52851a3f/screenshot - {}
RESULT: {"script":"<script> [1562 bytes]","args":[{"selector":{"id":"application-managepartners-display-component---NewPartner--externalCustomerComboBox-application-managepartners-display-component---NewPartner--assignmentsTable-0-vhi"},"wdio_ui5_key":"applicationmanagepartners-display-component---NewPartner--externalCustomerComboBox-application-managepartners-display-component---NewPartner--assignmentsTable-0-vhi"}]}
RESULT: undefined
COMMAND: POST /session/0b442ebc8f096c4bfeb5c66a52851a3f/element - {"using":"xpath","value":"//*[@id=\"application-managepartners-display-component---NewPartner--externalCustomerComboBox-application-managepartners-display-component---NewPartner--assignmentsTable-0-vhi\"]"}
RESULT: {}
RESULT: {"using":"xpath","value":"//*[@id=\"application-managepartners-display-component---NewPartner--externalCustomerComboBox-application-managepartners-display-component---NewPartner--assignmentsTable-0-vhi\"]"}
COMMAND: POST /session/0b442ebc8f096c4bfeb5c66a52851a3f/element/f.9CA8B20795E6D08D18CCAFF067F35E12.d.CEF7113822893368CDC310F060AD7EDC.e.1574/click - {}
RESULT: {}
RESULT: undefined
COMMAND: POST /session/0b442ebc8f096c4bfeb5c66a52851a3f/execute/async - {"script":"<script> [776 bytes]","args":[{"enterText":"300003","selector":{"controlType":"sap.m.SearchField","properties":{"placeholder":"Search"},"searchOpenDialogs":true,"interaction":{"idSuffix":"I"}},"clearTextFirst":true,"interactionType":"ENTER_TEXT"}]}
COMMAND: GET /session/0b442ebc8f096c4bfeb5c66a52851a3f/screenshot - {}
RESULT: {"script":"<script> [776 bytes]","args":[{"enterText":"300003","selector":{"controlType":"sap.m.SearchField","properties":{"placeholder":"Search"},"searchOpenDialogs":true,"interaction":{"idSuffix":"I"}},"clearTextFirst":true,"interactionType":"ENTER_TEXT"}]}
COMMAND: POST /session/0b442ebc8f096c4bfeb5c66a52851a3f/actions - {"actions":[{"id":"action4","type":"key","parameters":{},"actions":[{"type":"keyDown","value":"î€‡"},{"type":"pause","duration":10},{"type":"keyUp","value":"î€‡"}]}]}
RESULT: {}
RESULT: {"actions":[{"id":"action4","type":"key","parameters":{},"actions":[{"type":"keyDown","value":"î€‡"},{"type":"pause","duration":10},{"type":"keyUp","value":"î€‡"}]}]}
COMMAND: GET /session/0b442ebc8f096c4bfeb5c66a52851a3f/screenshot - {}
RESULT: {}
COMMAND: POST /session/0b442ebc8f096c4bfeb5c66a52851a3f/element - {"using":"xpath","value":"//span[contains(text(), \"300003\")]"}
RESULT: {"using":"xpath","value":"//span[contains(text(), \"300003\")]"}
COMMAND: POST /session/0b442ebc8f096c4bfeb5c66a52851a3f/element/f.9CA8B20795E6D08D18CCAFF067F35E12.d.CEF7113822893368CDC310F060AD7EDC.e.1592/click - {}
RESULT: {}
COMMAND: GET /session/0b442ebc8f096c4bfeb5c66a52851a3f/screenshot - {}
RESULT: {}
COMMAND: POST /session/0b442ebc8f096c4bfeb5c66a52851a3f/element - {"using":"xpath","value":"//bdi[contains(text(), \"OK\")]"}
RESULT: {"using":"xpath","value":"//bdi[contains(text(), \"OK\")]"}
COMMAND: POST /session/0b442ebc8f096c4bfeb5c66a52851a3f/element/f.9CA8B20795E6D08D18CCAFF067F35E12.d.CEF7113822893368CDC310F060AD7EDC.e.1594/click - {}
RESULT: {}
COMMAND: GET /session/0b442ebc8f096c4bfeb5c66a52851a3f/screenshot - {}
RESULT: {}
COMMAND: POST /session/0b442ebc8f096c4bfeb5c66a52851a3f/execute/async - {"script":"<script> [1562 bytes]","args":[{"selector":{"id":"application-managepartners-display-component---NewPartner--intercompVendorComboBox-application-managepartners-display-component---NewPartner--assignmentsTable-0-vhi"},"wdio_ui5_key":"applicationmanagepartners-display-component---NewPartner--intercompVendorComboBox-application-managepartners-display-component---NewPartner--assignmentsTable-0-vhi"}]}
RESULT: {"script":"<script> [1562 bytes]","args":[{"selector":{"id":"application-managepartners-display-component---NewPartner--intercompVendorComboBox-application-managepartners-display-component---NewPartner--assignmentsTable-0-vhi"},"wdio_ui5_key":"applicationmanagepartners-display-component---NewPartner--intercompVendorComboBox-application-managepartners-display-component---NewPartner--assignmentsTable-0-vhi"}]}
RESULT: undefined
COMMAND: POST /session/0b442ebc8f096c4bfeb5c66a52851a3f/element - {"using":"xpath","value":"//*[@id=\"application-managepartners-display-component---NewPartner--intercompVendorComboBox-application-managepartners-display-component---NewPartner--assignmentsTable-0-vhi\"]"}
RESULT: {"using":"xpath","value":"//*[@id=\"application-managepartners-display-component---NewPartner--intercompVendorComboBox-application-managepartners-display-component---NewPartner--assignmentsTable-0-vhi\"]"}
COMMAND: POST /session/0b442ebc8f096c4bfeb5c66a52851a3f/element/f.9CA8B20795E6D08D18CCAFF067F35E12.d.CEF7113822893368CDC310F060AD7EDC.e.1598/click - {}
RESULT: {}
RESULT: undefined
COMMAND: POST /session/0b442ebc8f096c4bfeb5c66a52851a3f/execute/async - {"script":"<script> [776 bytes]","args":[{"enterText":"100005","selector":{"controlType":"sap.m.SearchField","properties":{"placeholder":"Search"},"searchOpenDialogs":true,"interaction":{"idSuffix":"I"}},"clearTextFirst":true,"interactionType":"ENTER_TEXT"}]}
COMMAND: GET /session/0b442ebc8f096c4bfeb5c66a52851a3f/screenshot - {}
RESULT: {}
RESULT: {"script":"<script> [776 bytes]","args":[{"enterText":"100005","selector":{"controlType":"sap.m.SearchField","properties":{"placeholder":"Search"},"searchOpenDialogs":true,"interaction":{"idSuffix":"I"}},"clearTextFirst":true,"interactionType":"ENTER_TEXT"}]}
COMMAND: POST /session/0b442ebc8f096c4bfeb5c66a52851a3f/actions - {"actions":[{"id":"action5","type":"key","parameters":{},"actions":[{"type":"keyDown","value":"î€‡"},{"type":"pause","duration":10},{"type":"keyUp","value":"î€‡"}]}]}
RESULT: {"actions":[{"id":"action5","type":"key","parameters":{},"actions":[{"type":"keyDown","value":"î€‡"},{"type":"pause","duration":10},{"type":"keyUp","value":"î€‡"}]}]}
COMMAND: GET /session/0b442ebc8f096c4bfeb5c66a52851a3f/screenshot - {}
RESULT: {}
COMMAND: POST /session/0b442ebc8f096c4bfeb5c66a52851a3f/element - {"using":"xpath","value":"//span[contains(text(), \"Penguins - Field/12345 Berlin\")]"}
RESULT: {"using":"xpath","value":"//span[contains(text(), \"Penguins - Field/12345 Berlin\")]"}
COMMAND: POST /session/0b442ebc8f096c4bfeb5c66a52851a3f/element/f.9CA8B20795E6D08D18CCAFF067F35E12.d.CEF7113822893368CDC310F060AD7EDC.e.1617/click - {}
RESULT: {}
COMMAND: GET /session/0b442ebc8f096c4bfeb5c66a52851a3f/screenshot - {}
RESULT: {}
COMMAND: POST /session/0b442ebc8f096c4bfeb5c66a52851a3f/element - {"using":"xpath","value":"//bdi[contains(text(), \"OK\")]"}
RESULT: {"using":"xpath","value":"//bdi[contains(text(), \"OK\")]"}
COMMAND: POST /session/0b442ebc8f096c4bfeb5c66a52851a3f/element/f.9CA8B20795E6D08D18CCAFF067F35E12.d.CEF7113822893368CDC310F060AD7EDC.e.1618/click - {}
RESULT: {}
COMMAND: GET /session/0b442ebc8f096c4bfeb5c66a52851a3f/screenshot - {}
RESULT: {}
COMMAND: POST /session/0b442ebc8f096c4bfeb5c66a52851a3f/element - {"using":"xpath","value":"//button[@data-kt=\"saveButton\"]"}
RESULT: {"using":"xpath","value":"//button[@data-kt=\"saveButton\"]"}
COMMAND: POST /session/0b442ebc8f096c4bfeb5c66a52851a3f/element/f.9CA8B20795E6D08D18CCAFF067F35E12.d.CEF7113822893368CDC310F060AD7EDC.e.1500/click - {}
RESULT: {}
COMMAND: GET /session/0b442ebc8f096c4bfeb5c66a52851a3f/screenshot - {}
RESULT: {}
COMMAND: POST /session/0b442ebc8f096c4bfeb5c66a52851a3f/element - {"using":"xpath","value":"//header[contains(@id, 'ObjectPageLayout-headerTitle')]/div[1]/div[2]/div[2]/span[1]"}
RESULT: {"using":"xpath","value":"//header[contains(@id, 'ObjectPageLayout-headerTitle')]/div[1]/div[2]/div[2]/span[1]"}
COMMAND: POST /session/0b442ebc8f096c4bfeb5c66a52851a3f/elements - {"using":"xpath","value":"//header[contains(@id, 'ObjectPageLayout-headerTitle')]/div[1]/div[2]/div[2]/span[1]"}
RESULT: {"using":"xpath","value":"//header[contains(@id, 'ObjectPageLayout-headerTitle')]/div[1]/div[2]/div[2]/span[1]"}
COMMAND: POST /session/0b442ebc8f096c4bfeb5c66a52851a3f/execute/sync - {"script":"<script> [56 bytes]","args":[{"element-6066-11e4-a52e-4f735466cecf":"f.9CA8B20795E6D08D18CCAFF067F35E12.d.CEF7113822893368CDC310F060AD7EDC.e.1781","ELEMENT":"f.9CA8B20795E6D08D18CCAFF067F35E12.d.CEF7113822893368CDC310F060AD7EDC.e.1781"}]}
RESULT: {"script":"<script> [56 bytes]","args":[{"element-6066-11e4-a52e-4f735466cecf":"f.9CA8B20795E6D08D18CCAFF067F35E12.d.CEF7113822893368CDC310F060AD7EDC.e.1781","ELEMENT":"f.9CA8B20795E6D08D18CCAFF067F35E12.d.CEF7113822893368CDC310F060AD7EDC.e.1781"}]}
COMMAND: POST /session/0b442ebc8f096c4bfeb5c66a52851a3f/element - {"using":"css selector","value":"#shell-header-logo"}
COMMAND: GET /session/0b442ebc8f096c4bfeb5c66a52851a3f/screenshot - {}
RESULT: {"using":"css selector","value":"#shell-header-logo"}
COMMAND: POST /session/0b442ebc8f096c4bfeb5c66a52851a3f/element/f.9CA8B20795E6D08D18CCAFF067F35E12.d.CEF7113822893368CDC310F060AD7EDC.e.1026/click - {}
RESULT: {}
RESULT: {}
COMMAND: GET /session/0b442ebc8f096c4bfeb5c66a52851a3f/screenshot - {}
RESULT: {}
COMMAND: POST /session/0b442ebc8f096c4bfeb5c66a52851a3f/execute/sync - {"script":"<script> [299 bytes]","args":[["getModel","getResource"]]}
RESULT: {"script":"<script> [299 bytes]","args":[["getModel","getResource"]]}
]]></system-out>
    </testcase>
    <testcase classname="chrome.135_0_7049_96.windows.Billing_confirm_US117289" name="Should create a new site" time="115.351">
      <system-out><![CDATA[
COMMAND: POST /session/0b442ebc8f096c4bfeb5c66a52851a3f/execute/async - {"script":"<script> [1562 bytes]","args":[{"selector":{"controlType":"sap.m.TileContent","bindingPath":{"path":"","propertyPath":"/properties/info"},"ancestor":{"controlType":"sap.m.GenericTile","properties":{"header":"Manage Sites"}}},"wdio_ui5_key":"sapm.TileContent{\"path\":\"\",\"propertyPath\":\"/properties/info\"}{\"controlType\":\"sap.m.GenericTile\",\"properties\":{\"header\":\"Manage Sites\"}}"}]}
COMMAND: GET /session/0b442ebc8f096c4bfeb5c66a52851a3f/screenshot - {}
RESULT: {"script":"<script> [1562 bytes]","args":[{"selector":{"controlType":"sap.m.TileContent","bindingPath":{"path":"","propertyPath":"/properties/info"},"ancestor":{"controlType":"sap.m.GenericTile","properties":{"header":"Manage Sites"}}},"wdio_ui5_key":"sapm.TileContent{\"path\":\"\",\"propertyPath\":\"/properties/info\"}{\"controlType\":\"sap.m.GenericTile\",\"properties\":{\"header\":\"Manage Sites\"}}"}]}
RESULT: undefined
COMMAND: POST /session/0b442ebc8f096c4bfeb5c66a52851a3f/element - {"using":"xpath","value":"//*[@id=\"__xmlview7--numericTileContent\"]"}
RESULT: {}
RESULT: {"using":"xpath","value":"//*[@id=\"__xmlview7--numericTileContent\"]"}
COMMAND: POST /session/0b442ebc8f096c4bfeb5c66a52851a3f/element/f.9CA8B20795E6D08D18CCAFF067F35E12.d.CEF7113822893368CDC310F060AD7EDC.e.1783/click - {}
RESULT: {}
COMMAND: POST /session/0b442ebc8f096c4bfeb5c66a52851a3f/element - {"using":"xpath","value":"//button[@data-kt=\"addOverflowToolbarButton\"]"}
COMMAND: GET /session/0b442ebc8f096c4bfeb5c66a52851a3f/screenshot - {}
RESULT: {"using":"xpath","value":"//button[@data-kt=\"addOverflowToolbarButton\"]"}
COMMAND: POST /session/0b442ebc8f096c4bfeb5c66a52851a3f/elements - {"using":"xpath","value":"//button[@data-kt=\"addOverflowToolbarButton\"]"}
RESULT: {}
RESULT: {"using":"xpath","value":"//button[@data-kt=\"addOverflowToolbarButton\"]"}
COMMAND: POST /session/0b442ebc8f096c4bfeb5c66a52851a3f/elements - {"using":"xpath","value":"//button[@data-kt=\"addOverflowToolbarButton\"]"}
RESULT: {"using":"xpath","value":"//button[@data-kt=\"addOverflowToolbarButton\"]"}
COMMAND: POST /session/0b442ebc8f096c4bfeb5c66a52851a3f/elements - {"using":"xpath","value":"//button[@data-kt=\"addOverflowToolbarButton\"]"}
RESULT: {"using":"xpath","value":"//button[@data-kt=\"addOverflowToolbarButton\"]"}
COMMAND: POST /session/0b442ebc8f096c4bfeb5c66a52851a3f/element - {"using":"xpath","value":"//button[@data-kt=\"addOverflowToolbarButton\"]"}
RESULT: {"using":"xpath","value":"//button[@data-kt=\"addOverflowToolbarButton\"]"}
COMMAND: POST /session/0b442ebc8f096c4bfeb5c66a52851a3f/execute/sync - {"script":"<script> [8489 bytes]","args":[{"element-6066-11e4-a52e-4f735466cecf":"f.9CA8B20795E6D08D18CCAFF067F35E12.d.CEF7113822893368CDC310F060AD7EDC.e.1829","ELEMENT":"f.9CA8B20795E6D08D18CCAFF067F35E12.d.CEF7113822893368CDC310F060AD7EDC.e.1829"}]}
RESULT: {"script":"<script> [8489 bytes]","args":[{"element-6066-11e4-a52e-4f735466cecf":"f.9CA8B20795E6D08D18CCAFF067F35E12.d.CEF7113822893368CDC310F060AD7EDC.e.1829","ELEMENT":"f.9CA8B20795E6D08D18CCAFF067F35E12.d.CEF7113822893368CDC310F060AD7EDC.e.1829"}]}
COMMAND: GET /session/0b442ebc8f096c4bfeb5c66a52851a3f/element/f.9CA8B20795E6D08D18CCAFF067F35E12.d.CEF7113822893368CDC310F060AD7EDC.e.1829/enabled - {}
COMMAND: GET /session/0b442ebc8f096c4bfeb5c66a52851a3f/screenshot - {}
RESULT: {}
COMMAND: POST /session/0b442ebc8f096c4bfeb5c66a52851a3f/execute/sync - {"script":"<script> [8489 bytes]","args":[{"element-6066-11e4-a52e-4f735466cecf":"f.9CA8B20795E6D08D18CCAFF067F35E12.d.CEF7113822893368CDC310F060AD7EDC.e.1829","ELEMENT":"f.9CA8B20795E6D08D18CCAFF067F35E12.d.CEF7113822893368CDC310F060AD7EDC.e.1829"}]}
COMMAND: GET /session/0b442ebc8f096c4bfeb5c66a52851a3f/screenshot - {}
RESULT: {}
RESULT: {"script":"<script> [8489 bytes]","args":[{"element-6066-11e4-a52e-4f735466cecf":"f.9CA8B20795E6D08D18CCAFF067F35E12.d.CEF7113822893368CDC310F060AD7EDC.e.1829","ELEMENT":"f.9CA8B20795E6D08D18CCAFF067F35E12.d.CEF7113822893368CDC310F060AD7EDC.e.1829"}]}
COMMAND: POST /session/0b442ebc8f096c4bfeb5c66a52851a3f/execute/sync - {"script":"<script> [5351 bytes]","args":[{"element-6066-11e4-a52e-4f735466cecf":"f.9CA8B20795E6D08D18CCAFF067F35E12.d.CEF7113822893368CDC310F060AD7EDC.e.1829","ELEMENT":"f.9CA8B20795E6D08D18CCAFF067F35E12.d.CEF7113822893368CDC310F060AD7EDC.e.1829"}]}
COMMAND: GET /session/0b442ebc8f096c4bfeb5c66a52851a3f/screenshot - {}
RESULT: {}
RESULT: {"script":"<script> [5351 bytes]","args":[{"element-6066-11e4-a52e-4f735466cecf":"f.9CA8B20795E6D08D18CCAFF067F35E12.d.CEF7113822893368CDC310F060AD7EDC.e.1829","ELEMENT":"f.9CA8B20795E6D08D18CCAFF067F35E12.d.CEF7113822893368CDC310F060AD7EDC.e.1829"}]}
COMMAND: POST /session/0b442ebc8f096c4bfeb5c66a52851a3f/element/f.9CA8B20795E6D08D18CCAFF067F35E12.d.CEF7113822893368CDC310F060AD7EDC.e.1829/click - {}
COMMAND: GET /session/0b442ebc8f096c4bfeb5c66a52851a3f/screenshot - {}
RESULT: {}
RESULT: {}
COMMAND: GET /session/0b442ebc8f096c4bfeb5c66a52851a3f/screenshot - {}
COMMAND: POST /session/0b442ebc8f096c4bfeb5c66a52851a3f/execute/async - {"script":"<script> [1562 bytes]","args":[{"selector":{"id":"application-managesites-display-component---NewSite--addressDetailDetailsName1","interaction":{"idSuffix":"inner"}},"wdio_ui5_key":"applicationmanagesites-display-component---NewSite--addressDetailDetailsName1"}]}
RESULT: {}
RESULT: {}
RESULT: {"script":"<script> [1562 bytes]","args":[{"selector":{"id":"application-managesites-display-component---NewSite--addressDetailDetailsName1","interaction":{"idSuffix":"inner"}},"wdio_ui5_key":"applicationmanagesites-display-component---NewSite--addressDetailDetailsName1"}]}
RESULT: undefined
COMMAND: POST /session/0b442ebc8f096c4bfeb5c66a52851a3f/execute/async - {"script":"<script> [776 bytes]","args":[{"enterText":"Intracompany Site wdIO","selector":{"id":"application-managesites-display-component---NewSite--addressDetailDetailsName1","interaction":{"idSuffix":"inner"}},"clearTextFirst":true,"interactionType":"ENTER_TEXT"}]}
RESULT: {"script":"<script> [776 bytes]","args":[{"enterText":"Intracompany Site wdIO","selector":{"id":"application-managesites-display-component---NewSite--addressDetailDetailsName1","interaction":{"idSuffix":"inner"}},"clearTextFirst":true,"interactionType":"ENTER_TEXT"}]}
COMMAND: POST /session/0b442ebc8f096c4bfeb5c66a52851a3f/execute/async - {"script":"<script> [1562 bytes]","args":[{"selector":{"id":"application-managesites-display-component---NewSite--addressDetailDetailsLanguage-arrow"},"wdio_ui5_key":"applicationmanagesites-display-component---NewSite--addressDetailDetailsLanguage-arrow"}]}
RESULT: {"script":"<script> [1562 bytes]","args":[{"selector":{"id":"application-managesites-display-component---NewSite--addressDetailDetailsLanguage-arrow"},"wdio_ui5_key":"applicationmanagesites-display-component---NewSite--addressDetailDetailsLanguage-arrow"}]}
RESULT: undefined
COMMAND: POST /session/0b442ebc8f096c4bfeb5c66a52851a3f/element - {"using":"xpath","value":"//*[@id=\"application-managesites-display-component---NewSite--addressDetailDetailsLanguage-arrow\"]"}
RESULT: {"using":"xpath","value":"//*[@id=\"application-managesites-display-component---NewSite--addressDetailDetailsLanguage-arrow\"]"}
COMMAND: POST /session/0b442ebc8f096c4bfeb5c66a52851a3f/element/f.9CA8B20795E6D08D18CCAFF067F35E12.d.CEF7113822893368CDC310F060AD7EDC.e.2229/click - {}
RESULT: {}
COMMAND: POST /session/0b442ebc8f096c4bfeb5c66a52851a3f/element - {"using":"xpath","value":"//span[contains(text(), \"English\")]"}
COMMAND: GET /session/0b442ebc8f096c4bfeb5c66a52851a3f/screenshot - {}
RESULT: {"using":"xpath","value":"//span[contains(text(), \"English\")]"}
COMMAND: POST /session/0b442ebc8f096c4bfeb5c66a52851a3f/element/f.9CA8B20795E6D08D18CCAFF067F35E12.d.CEF7113822893368CDC310F060AD7EDC.e.2230/click - {}
RESULT: {}
RESULT: {}
COMMAND: POST /session/0b442ebc8f096c4bfeb5c66a52851a3f/execute/async - {"script":"<script> [1562 bytes]","args":[{"selector":{"id":"application-managesites-display-component---NewSite--addressDetailDetailsCity1","interaction":{"idSuffix":"inner"}},"wdio_ui5_key":"applicationmanagesites-display-component---NewSite--addressDetailDetailsCity1"}]}
COMMAND: GET /session/0b442ebc8f096c4bfeb5c66a52851a3f/screenshot - {}
RESULT: {"script":"<script> [1562 bytes]","args":[{"selector":{"id":"application-managesites-display-component---NewSite--addressDetailDetailsCity1","interaction":{"idSuffix":"inner"}},"wdio_ui5_key":"applicationmanagesites-display-component---NewSite--addressDetailDetailsCity1"}]}
RESULT: undefined
COMMAND: POST /session/0b442ebc8f096c4bfeb5c66a52851a3f/execute/async - {"script":"<script> [776 bytes]","args":[{"enterText":"Rosario","selector":{"id":"application-managesites-display-component---NewSite--addressDetailDetailsCity1","interaction":{"idSuffix":"inner"}},"clearTextFirst":true,"interactionType":"ENTER_TEXT"}]}
RESULT: {}
RESULT: {"script":"<script> [776 bytes]","args":[{"enterText":"Rosario","selector":{"id":"application-managesites-display-component---NewSite--addressDetailDetailsCity1","interaction":{"idSuffix":"inner"}},"clearTextFirst":true,"interactionType":"ENTER_TEXT"}]}
COMMAND: POST /session/0b442ebc8f096c4bfeb5c66a52851a3f/execute/async - {"script":"<script> [1562 bytes]","args":[{"selector":{"id":"application-managesites-display-component---NewSite--addressDetailDetailsCountry-arrow"},"wdio_ui5_key":"applicationmanagesites-display-component---NewSite--addressDetailDetailsCountry-arrow"}]}
RESULT: {"script":"<script> [1562 bytes]","args":[{"selector":{"id":"application-managesites-display-component---NewSite--addressDetailDetailsCountry-arrow"},"wdio_ui5_key":"applicationmanagesites-display-component---NewSite--addressDetailDetailsCountry-arrow"}]}
RESULT: undefined
COMMAND: POST /session/0b442ebc8f096c4bfeb5c66a52851a3f/element - {"using":"xpath","value":"//*[@id=\"application-managesites-display-component---NewSite--addressDetailDetailsCountry-arrow\"]"}
RESULT: {"using":"xpath","value":"//*[@id=\"application-managesites-display-component---NewSite--addressDetailDetailsCountry-arrow\"]"}
COMMAND: POST /session/0b442ebc8f096c4bfeb5c66a52851a3f/element/f.9CA8B20795E6D08D18CCAFF067F35E12.d.CEF7113822893368CDC310F060AD7EDC.e.2232/click - {}
RESULT: {}
COMMAND: POST /session/0b442ebc8f096c4bfeb5c66a52851a3f/element - {"using":"xpath","value":"//span[contains(text(), \"Argentina\")]"}
COMMAND: GET /session/0b442ebc8f096c4bfeb5c66a52851a3f/screenshot - {}
RESULT: {"using":"xpath","value":"//span[contains(text(), \"Argentina\")]"}
COMMAND: POST /session/0b442ebc8f096c4bfeb5c66a52851a3f/element/f.9CA8B20795E6D08D18CCAFF067F35E12.d.CEF7113822893368CDC310F060AD7EDC.e.2234/click - {}
RESULT: {}
RESULT: {}
COMMAND: GET /session/0b442ebc8f096c4bfeb5c66a52851a3f/screenshot - {}
RESULT: {}
COMMAND: POST /session/0b442ebc8f096c4bfeb5c66a52851a3f/execute/async - {"script":"<script> [1562 bytes]","args":[{"selector":{"id":"application-managesites-display-component---NewSite--addressEditDetailsCostObjectCstType-arrow"},"wdio_ui5_key":"applicationmanagesites-display-component---NewSite--addressEditDetailsCostObjectCstType-arrow"}]}
RESULT: {"script":"<script> [1562 bytes]","args":[{"selector":{"id":"application-managesites-display-component---NewSite--addressEditDetailsCostObjectCstType-arrow"},"wdio_ui5_key":"applicationmanagesites-display-component---NewSite--addressEditDetailsCostObjectCstType-arrow"}]}
RESULT: undefined
COMMAND: POST /session/0b442ebc8f096c4bfeb5c66a52851a3f/element - {"using":"xpath","value":"//*[@id=\"application-managesites-display-component---NewSite--addressEditDetailsCostObjectCstType-arrow\"]"}
RESULT: {"using":"xpath","value":"//*[@id=\"application-managesites-display-component---NewSite--addressEditDetailsCostObjectCstType-arrow\"]"}
COMMAND: POST /session/0b442ebc8f096c4bfeb5c66a52851a3f/element/f.9CA8B20795E6D08D18CCAFF067F35E12.d.CEF7113822893368CDC310F060AD7EDC.e.2235/click - {}
RESULT: {}
COMMAND: POST /session/0b442ebc8f096c4bfeb5c66a52851a3f/element - {"using":"xpath","value":"//span[contains(text(), \"Cost Center\")]"}
COMMAND: GET /session/0b442ebc8f096c4bfeb5c66a52851a3f/screenshot - {}
RESULT: {"using":"xpath","value":"//span[contains(text(), \"Cost Center\")]"}
COMMAND: POST /session/0b442ebc8f096c4bfeb5c66a52851a3f/element/f.9CA8B20795E6D08D18CCAFF067F35E12.d.CEF7113822893368CDC310F060AD7EDC.e.2236/click - {}
RESULT: {}
RESULT: {}
COMMAND: GET /session/0b442ebc8f096c4bfeb5c66a52851a3f/screenshot - {}
RESULT: {}
COMMAND: POST /session/0b442ebc8f096c4bfeb5c66a52851a3f/element - {"using":"xpath","value":"//span[@id=\"application-managesites-display-component---NewSite--addressNewCostObjectCstID-vhi\"]"}
RESULT: {"using":"xpath","value":"//span[@id=\"application-managesites-display-component---NewSite--addressNewCostObjectCstID-vhi\"]"}
COMMAND: POST /session/0b442ebc8f096c4bfeb5c66a52851a3f/execute/sync - {"script":"<script> [8489 bytes]","args":[{"element-6066-11e4-a52e-4f735466cecf":"f.9CA8B20795E6D08D18CCAFF067F35E12.d.CEF7113822893368CDC310F060AD7EDC.e.2241","ELEMENT":"f.9CA8B20795E6D08D18CCAFF067F35E12.d.CEF7113822893368CDC310F060AD7EDC.e.2241"}]}
RESULT: {"script":"<script> [8489 bytes]","args":[{"element-6066-11e4-a52e-4f735466cecf":"f.9CA8B20795E6D08D18CCAFF067F35E12.d.CEF7113822893368CDC310F060AD7EDC.e.2241","ELEMENT":"f.9CA8B20795E6D08D18CCAFF067F35E12.d.CEF7113822893368CDC310F060AD7EDC.e.2241"}]}
COMMAND: POST /session/0b442ebc8f096c4bfeb5c66a52851a3f/execute/async - {"script":"<script> [1562 bytes]","args":[{"selector":{"id":"application-managesites-display-component---NewSite--addressNewCostObjectCstID-vhi"},"wdio_ui5_key":"applicationmanagesites-display-component---NewSite--addressNewCostObjectCstID-vhi"}]}
COMMAND: GET /session/0b442ebc8f096c4bfeb5c66a52851a3f/screenshot - {}
RESULT: {"script":"<script> [1562 bytes]","args":[{"selector":{"id":"application-managesites-display-component---NewSite--addressNewCostObjectCstID-vhi"},"wdio_ui5_key":"applicationmanagesites-display-component---NewSite--addressNewCostObjectCstID-vhi"}]}
RESULT: undefined
COMMAND: POST /session/0b442ebc8f096c4bfeb5c66a52851a3f/element - {"using":"xpath","value":"//*[@id=\"application-managesites-display-component---NewSite--addressNewCostObjectCstID-vhi\"]"}
RESULT: {}
RESULT: {"using":"xpath","value":"//*[@id=\"application-managesites-display-component---NewSite--addressNewCostObjectCstID-vhi\"]"}
COMMAND: POST /session/0b442ebc8f096c4bfeb5c66a52851a3f/element/f.9CA8B20795E6D08D18CCAFF067F35E12.d.CEF7113822893368CDC310F060AD7EDC.e.2241/click - {}
RESULT: {}
COMMAND: GET /session/0b442ebc8f096c4bfeb5c66a52851a3f/screenshot - {}
RESULT: {}
RESULT: undefined
COMMAND: POST /session/0b442ebc8f096c4bfeb5c66a52851a3f/execute/async - {"script":"<script> [776 bytes]","args":[{"enterText":"10001013","selector":{"controlType":"sap.m.SearchField","properties":{"placeholder":"Search"},"searchOpenDialogs":true,"interaction":{"idSuffix":"I"}},"clearTextFirst":true,"interactionType":"ENTER_TEXT"}]}
RESULT: {"script":"<script> [776 bytes]","args":[{"enterText":"10001013","selector":{"controlType":"sap.m.SearchField","properties":{"placeholder":"Search"},"searchOpenDialogs":true,"interaction":{"idSuffix":"I"}},"clearTextFirst":true,"interactionType":"ENTER_TEXT"}]}
COMMAND: POST /session/0b442ebc8f096c4bfeb5c66a52851a3f/actions - {"actions":[{"id":"action6","type":"key","parameters":{},"actions":[{"type":"keyDown","value":"î€‡"},{"type":"pause","duration":10},{"type":"keyUp","value":"î€‡"}]}]}
RESULT: {"actions":[{"id":"action6","type":"key","parameters":{},"actions":[{"type":"keyDown","value":"î€‡"},{"type":"pause","duration":10},{"type":"keyUp","value":"î€‡"}]}]}
COMMAND: GET /session/0b442ebc8f096c4bfeb5c66a52851a3f/screenshot - {}
RESULT: {}
COMMAND: POST /session/0b442ebc8f096c4bfeb5c66a52851a3f/element - {"using":"xpath","value":"//span[contains(text(), \"General Management\")]"}
RESULT: {"using":"xpath","value":"//span[contains(text(), \"General Management\")]"}
COMMAND: POST /session/0b442ebc8f096c4bfeb5c66a52851a3f/element/f.9CA8B20795E6D08D18CCAFF067F35E12.d.CEF7113822893368CDC310F060AD7EDC.e.2276/click - {}
RESULT: {}
COMMAND: GET /session/0b442ebc8f096c4bfeb5c66a52851a3f/screenshot - {}
RESULT: {}
COMMAND: POST /session/0b442ebc8f096c4bfeb5c66a52851a3f/element - {"using":"xpath","value":"//bdi[contains(text(), \"OK\")]"}
RESULT: {"using":"xpath","value":"//bdi[contains(text(), \"OK\")]"}
COMMAND: POST /session/0b442ebc8f096c4bfeb5c66a52851a3f/element/f.9CA8B20795E6D08D18CCAFF067F35E12.d.CEF7113822893368CDC310F060AD7EDC.e.2277/click - {}
RESULT: {}
COMMAND: GET /session/0b442ebc8f096c4bfeb5c66a52851a3f/screenshot - {}
RESULT: {}
COMMAND: POST /session/0b442ebc8f096c4bfeb5c66a52851a3f/element - {"using":"xpath","value":"//input[@id=\"application-managesites-display-component---NewSite--addressDetailDetailsCalendar-inner\"]"}
RESULT: {"using":"xpath","value":"//input[@id=\"application-managesites-display-component---NewSite--addressDetailDetailsCalendar-inner\"]"}
COMMAND: POST /session/0b442ebc8f096c4bfeb5c66a52851a3f/element/f.9CA8B20795E6D08D18CCAFF067F35E12.d.CEF7113822893368CDC310F060AD7EDC.e.2028/clear - {}
RESULT: {}
COMMAND: POST /session/0b442ebc8f096c4bfeb5c66a52851a3f/element/f.9CA8B20795E6D08D18CCAFF067F35E12.d.CEF7113822893368CDC310F060AD7EDC.e.2028/value - {"text":"Unit"}
COMMAND: GET /session/0b442ebc8f096c4bfeb5c66a52851a3f/screenshot - {}
RESULT: {"text":"Unit"}
COMMAND: GET /session/0b442ebc8f096c4bfeb5c66a52851a3f/screenshot - {}
RESULT: {}
RESULT: {}
COMMAND: POST /session/0b442ebc8f096c4bfeb5c66a52851a3f/actions - {"actions":[{"id":"action7","type":"key","parameters":{},"actions":[{"type":"keyDown","value":"î€‡"},{"type":"pause","duration":10},{"type":"keyUp","value":"î€‡"}]}]}
RESULT: {"actions":[{"id":"action7","type":"key","parameters":{},"actions":[{"type":"keyDown","value":"î€‡"},{"type":"pause","duration":10},{"type":"keyUp","value":"î€‡"}]}]}
COMMAND: POST /session/0b442ebc8f096c4bfeb5c66a52851a3f/element - {"using":"xpath","value":"//input[@id=\"application-managesites-display-component---NewSite--addressDetailDetailsYard-inner\"]"}
COMMAND: GET /session/0b442ebc8f096c4bfeb5c66a52851a3f/screenshot - {}
RESULT: {"using":"xpath","value":"//input[@id=\"application-managesites-display-component---NewSite--addressDetailDetailsYard-inner\"]"}
COMMAND: POST /session/0b442ebc8f096c4bfeb5c66a52851a3f/element/f.9CA8B20795E6D08D18CCAFF067F35E12.d.CEF7113822893368CDC310F060AD7EDC.e.2029/clear - {}
RESULT: {}
RESULT: {}
COMMAND: POST /session/0b442ebc8f096c4bfeb5c66a52851a3f/element/f.9CA8B20795E6D08D18CCAFF067F35E12.d.CEF7113822893368CDC310F060AD7EDC.e.2029/value - {"text":"617"}
COMMAND: GET /session/0b442ebc8f096c4bfeb5c66a52851a3f/screenshot - {}
RESULT: {"text":"617"}
COMMAND: GET /session/0b442ebc8f096c4bfeb5c66a52851a3f/screenshot - {}
RESULT: {}
RESULT: {}
COMMAND: POST /session/0b442ebc8f096c4bfeb5c66a52851a3f/element - {"using":"xpath","value":"//li[.//span[text()='617']]"}
RESULT: {"using":"xpath","value":"//li[.//span[text()='617']]"}
COMMAND: POST /session/0b442ebc8f096c4bfeb5c66a52851a3f/element/f.9CA8B20795E6D08D18CCAFF067F35E12.d.CEF7113822893368CDC310F060AD7EDC.e.2303/click - {}
RESULT: {}
COMMAND: GET /session/0b442ebc8f096c4bfeb5c66a52851a3f/screenshot - {}
RESULT: {}
COMMAND: POST /session/0b442ebc8f096c4bfeb5c66a52851a3f/element - {"using":"xpath","value":"//input[@id=\"application-managesites-display-component---NewSite--addressDetailDetailsPartner-inner\"]"}
RESULT: {"using":"xpath","value":"//input[@id=\"application-managesites-display-component---NewSite--addressDetailDetailsPartner-inner\"]"}
COMMAND: POST /session/0b442ebc8f096c4bfeb5c66a52851a3f/element - {"using":"xpath","value":"//input[@id=\"application-managesites-display-component---NewSite--addressDetailDetailsPartner-inner\"]"}
RESULT: {"using":"xpath","value":"//input[@id=\"application-managesites-display-component---NewSite--addressDetailDetailsPartner-inner\"]"}
COMMAND: POST /session/0b442ebc8f096c4bfeb5c66a52851a3f/element - {"using":"xpath","value":"//button[@data-kt=\"saveButton\"]"}
RESULT: {"using":"xpath","value":"//button[@data-kt=\"saveButton\"]"}
COMMAND: POST /session/0b442ebc8f096c4bfeb5c66a52851a3f/element/f.9CA8B20795E6D08D18CCAFF067F35E12.d.CEF7113822893368CDC310F060AD7EDC.e.2214/click - {}
RESULT: {}
COMMAND: GET /session/0b442ebc8f096c4bfeb5c66a52851a3f/screenshot - {}
RESULT: {}
COMMAND: POST /session/0b442ebc8f096c4bfeb5c66a52851a3f/element - {"using":"xpath","value":"//header[contains(@id, 'ObjectPageLayout-headerTitle')]/div[1]/div[2]/div[2]/span[1]"}
RESULT: {"using":"xpath","value":"//header[contains(@id, 'ObjectPageLayout-headerTitle')]/div[1]/div[2]/div[2]/span[1]"}
COMMAND: POST /session/0b442ebc8f096c4bfeb5c66a52851a3f/elements - {"using":"xpath","value":"//header[contains(@id, 'ObjectPageLayout-headerTitle')]/div[1]/div[2]/div[2]/span[1]"}
RESULT: {"using":"xpath","value":"//header[contains(@id, 'ObjectPageLayout-headerTitle')]/div[1]/div[2]/div[2]/span[1]"}
COMMAND: POST /session/0b442ebc8f096c4bfeb5c66a52851a3f/execute/sync - {"script":"<script> [56 bytes]","args":[{"element-6066-11e4-a52e-4f735466cecf":"f.9CA8B20795E6D08D18CCAFF067F35E12.d.CEF7113822893368CDC310F060AD7EDC.e.2504","ELEMENT":"f.9CA8B20795E6D08D18CCAFF067F35E12.d.CEF7113822893368CDC310F060AD7EDC.e.2504"}]}
RESULT: {"script":"<script> [56 bytes]","args":[{"element-6066-11e4-a52e-4f735466cecf":"f.9CA8B20795E6D08D18CCAFF067F35E12.d.CEF7113822893368CDC310F060AD7EDC.e.2504","ELEMENT":"f.9CA8B20795E6D08D18CCAFF067F35E12.d.CEF7113822893368CDC310F060AD7EDC.e.2504"}]}
COMMAND: POST /session/0b442ebc8f096c4bfeb5c66a52851a3f/element - {"using":"css selector","value":"#shell-header-logo"}
COMMAND: GET /session/0b442ebc8f096c4bfeb5c66a52851a3f/screenshot - {}
RESULT: {"using":"css selector","value":"#shell-header-logo"}
COMMAND: POST /session/0b442ebc8f096c4bfeb5c66a52851a3f/element/f.9CA8B20795E6D08D18CCAFF067F35E12.d.CEF7113822893368CDC310F060AD7EDC.e.1787/click - {}
RESULT: {}
RESULT: {}
COMMAND: GET /session/0b442ebc8f096c4bfeb5c66a52851a3f/screenshot - {}
RESULT: {}
COMMAND: POST /session/0b442ebc8f096c4bfeb5c66a52851a3f/execute/sync - {"script":"<script> [299 bytes]","args":[["getModel","getResource"]]}
RESULT: {"script":"<script> [299 bytes]","args":[["getModel","getResource"]]}
]]></system-out>
    </testcase>
    <testcase classname="chrome.135_0_7049_96.windows.Billing_confirm_US117289" name="Should create a new equipment" time="135.429">
      <system-out><![CDATA[
COMMAND: POST /session/0b442ebc8f096c4bfeb5c66a52851a3f/execute/async - {"script":"<script> [1562 bytes]","args":[{"selector":{"controlType":"sap.m.GenericTile","properties":{"header":"Manage Resources"}},"wdio_ui5_key":"sapm.GenericTile{\"header\":\"Manage Resources\"}"}]}
COMMAND: GET /session/0b442ebc8f096c4bfeb5c66a52851a3f/screenshot - {}
RESULT: {"script":"<script> [1562 bytes]","args":[{"selector":{"controlType":"sap.m.GenericTile","properties":{"header":"Manage Resources"}},"wdio_ui5_key":"sapm.GenericTile{\"header\":\"Manage Resources\"}"}]}
RESULT: undefined
COMMAND: POST /session/0b442ebc8f096c4bfeb5c66a52851a3f/element - {"using":"xpath","value":"//*[@id=\"__tile39\"]"}
RESULT: {}
RESULT: {"using":"xpath","value":"//*[@id=\"__tile39\"]"}
COMMAND: POST /session/0b442ebc8f096c4bfeb5c66a52851a3f/element/f.9CA8B20795E6D08D18CCAFF067F35E12.d.CEF7113822893368CDC310F060AD7EDC.e.159/click - {}
RESULT: {}
COMMAND: POST /session/0b442ebc8f096c4bfeb5c66a52851a3f/element - {"using":"xpath","value":"//button[@data-kt=\"addNewRUOverflowToolbarButton\"]"}
COMMAND: GET /session/0b442ebc8f096c4bfeb5c66a52851a3f/screenshot - {}
RESULT: {"using":"xpath","value":"//button[@data-kt=\"addNewRUOverflowToolbarButton\"]"}
COMMAND: POST /session/0b442ebc8f096c4bfeb5c66a52851a3f/elements - {"using":"xpath","value":"//button[@data-kt=\"addNewRUOverflowToolbarButton\"]"}
RESULT: {}
RESULT: {"using":"xpath","value":"//button[@data-kt=\"addNewRUOverflowToolbarButton\"]"}
COMMAND: POST /session/0b442ebc8f096c4bfeb5c66a52851a3f/elements - {"using":"xpath","value":"//button[@data-kt=\"addNewRUOverflowToolbarButton\"]"}
RESULT: {"using":"xpath","value":"//button[@data-kt=\"addNewRUOverflowToolbarButton\"]"}
COMMAND: POST /session/0b442ebc8f096c4bfeb5c66a52851a3f/elements - {"using":"xpath","value":"//button[@data-kt=\"addNewRUOverflowToolbarButton\"]"}
RESULT: {"using":"xpath","value":"//button[@data-kt=\"addNewRUOverflowToolbarButton\"]"}
COMMAND: POST /session/0b442ebc8f096c4bfeb5c66a52851a3f/elements - {"using":"xpath","value":"//button[@data-kt=\"addNewRUOverflowToolbarButton\"]"}
RESULT: {"using":"xpath","value":"//button[@data-kt=\"addNewRUOverflowToolbarButton\"]"}
COMMAND: POST /session/0b442ebc8f096c4bfeb5c66a52851a3f/elements - {"using":"xpath","value":"//button[@data-kt=\"addNewRUOverflowToolbarButton\"]"}
RESULT: {"using":"xpath","value":"//button[@data-kt=\"addNewRUOverflowToolbarButton\"]"}
COMMAND: POST /session/0b442ebc8f096c4bfeb5c66a52851a3f/element - {"using":"xpath","value":"//button[@data-kt=\"addNewRUOverflowToolbarButton\"]"}
RESULT: {"using":"xpath","value":"//button[@data-kt=\"addNewRUOverflowToolbarButton\"]"}
COMMAND: POST /session/0b442ebc8f096c4bfeb5c66a52851a3f/execute/sync - {"script":"<script> [8489 bytes]","args":[{"element-6066-11e4-a52e-4f735466cecf":"f.9CA8B20795E6D08D18CCAFF067F35E12.d.CEF7113822893368CDC310F060AD7EDC.e.2535","ELEMENT":"f.9CA8B20795E6D08D18CCAFF067F35E12.d.CEF7113822893368CDC310F060AD7EDC.e.2535"}]}
RESULT: {"script":"<script> [8489 bytes]","args":[{"element-6066-11e4-a52e-4f735466cecf":"f.9CA8B20795E6D08D18CCAFF067F35E12.d.CEF7113822893368CDC310F060AD7EDC.e.2535","ELEMENT":"f.9CA8B20795E6D08D18CCAFF067F35E12.d.CEF7113822893368CDC310F060AD7EDC.e.2535"}]}
COMMAND: GET /session/0b442ebc8f096c4bfeb5c66a52851a3f/element/f.9CA8B20795E6D08D18CCAFF067F35E12.d.CEF7113822893368CDC310F060AD7EDC.e.2535/enabled - {}
COMMAND: GET /session/0b442ebc8f096c4bfeb5c66a52851a3f/screenshot - {}
RESULT: {}
COMMAND: POST /session/0b442ebc8f096c4bfeb5c66a52851a3f/execute/sync - {"script":"<script> [8489 bytes]","args":[{"element-6066-11e4-a52e-4f735466cecf":"f.9CA8B20795E6D08D18CCAFF067F35E12.d.CEF7113822893368CDC310F060AD7EDC.e.2535","ELEMENT":"f.9CA8B20795E6D08D18CCAFF067F35E12.d.CEF7113822893368CDC310F060AD7EDC.e.2535"}]}
COMMAND: GET /session/0b442ebc8f096c4bfeb5c66a52851a3f/screenshot - {}
RESULT: {}
RESULT: {"script":"<script> [8489 bytes]","args":[{"element-6066-11e4-a52e-4f735466cecf":"f.9CA8B20795E6D08D18CCAFF067F35E12.d.CEF7113822893368CDC310F060AD7EDC.e.2535","ELEMENT":"f.9CA8B20795E6D08D18CCAFF067F35E12.d.CEF7113822893368CDC310F060AD7EDC.e.2535"}]}
COMMAND: POST /session/0b442ebc8f096c4bfeb5c66a52851a3f/execute/sync - {"script":"<script> [5351 bytes]","args":[{"element-6066-11e4-a52e-4f735466cecf":"f.9CA8B20795E6D08D18CCAFF067F35E12.d.CEF7113822893368CDC310F060AD7EDC.e.2535","ELEMENT":"f.9CA8B20795E6D08D18CCAFF067F35E12.d.CEF7113822893368CDC310F060AD7EDC.e.2535"}]}
COMMAND: GET /session/0b442ebc8f096c4bfeb5c66a52851a3f/screenshot - {}
RESULT: {}
RESULT: {"script":"<script> [5351 bytes]","args":[{"element-6066-11e4-a52e-4f735466cecf":"f.9CA8B20795E6D08D18CCAFF067F35E12.d.CEF7113822893368CDC310F060AD7EDC.e.2535","ELEMENT":"f.9CA8B20795E6D08D18CCAFF067F35E12.d.CEF7113822893368CDC310F060AD7EDC.e.2535"}]}
COMMAND: POST /session/0b442ebc8f096c4bfeb5c66a52851a3f/element/f.9CA8B20795E6D08D18CCAFF067F35E12.d.CEF7113822893368CDC310F060AD7EDC.e.2535/click - {}
COMMAND: GET /session/0b442ebc8f096c4bfeb5c66a52851a3f/screenshot - {}
RESULT: {}
RESULT: {}
COMMAND: GET /session/0b442ebc8f096c4bfeb5c66a52851a3f/screenshot - {}
COMMAND: POST /session/0b442ebc8f096c4bfeb5c66a52851a3f/execute/async - {"script":"<script> [1562 bytes]","args":[{"selector":{"id":"application-manageresources-display-component---newResourceUnit--TYPE-arrow"},"wdio_ui5_key":"applicationmanageresources-display-component---newResourceUnit--TYPE-arrow"}]}
RESULT: {}
RESULT: {}
RESULT: {"script":"<script> [1562 bytes]","args":[{"selector":{"id":"application-manageresources-display-component---newResourceUnit--TYPE-arrow"},"wdio_ui5_key":"applicationmanageresources-display-component---newResourceUnit--TYPE-arrow"}]}
RESULT: undefined
COMMAND: POST /session/0b442ebc8f096c4bfeb5c66a52851a3f/element - {"using":"xpath","value":"//*[@id=\"application-manageresources-display-component---newResourceUnit--TYPE-arrow\"]"}
RESULT: {"using":"xpath","value":"//*[@id=\"application-manageresources-display-component---newResourceUnit--TYPE-arrow\"]"}
COMMAND: POST /session/0b442ebc8f096c4bfeb5c66a52851a3f/element/f.9CA8B20795E6D08D18CCAFF067F35E12.d.CEF7113822893368CDC310F060AD7EDC.e.2890/click - {}
RESULT: {}
COMMAND: POST /session/0b442ebc8f096c4bfeb5c66a52851a3f/element - {"using":"xpath","value":"//input[@id=\"application-manageresources-display-component---newResourceUnit--TYPE-inner\"]"}
COMMAND: GET /session/0b442ebc8f096c4bfeb5c66a52851a3f/screenshot - {}
RESULT: {"using":"xpath","value":"//input[@id=\"application-manageresources-display-component---newResourceUnit--TYPE-inner\"]"}
COMMAND: POST /session/0b442ebc8f096c4bfeb5c66a52851a3f/element/f.9CA8B20795E6D08D18CCAFF067F35E12.d.CEF7113822893368CDC310F060AD7EDC.e.2885/clear - {}
RESULT: {}
RESULT: {}
COMMAND: POST /session/0b442ebc8f096c4bfeb5c66a52851a3f/element/f.9CA8B20795E6D08D18CCAFF067F35E12.d.CEF7113822893368CDC310F060AD7EDC.e.2885/value - {"text":"Equipment"}
COMMAND: GET /session/0b442ebc8f096c4bfeb5c66a52851a3f/screenshot - {}
RESULT: {"text":"Equipment"}
COMMAND: GET /session/0b442ebc8f096c4bfeb5c66a52851a3f/screenshot - {}
RESULT: {}
RESULT: {}
COMMAND: POST /session/0b442ebc8f096c4bfeb5c66a52851a3f/actions - {"actions":[{"id":"action8","type":"key","parameters":{},"actions":[{"type":"keyDown","value":"î€‡"},{"type":"pause","duration":10},{"type":"keyUp","value":"î€‡"}]}]}
RESULT: {"actions":[{"id":"action8","type":"key","parameters":{},"actions":[{"type":"keyDown","value":"î€‡"},{"type":"pause","duration":10},{"type":"keyUp","value":"î€‡"}]}]}
COMMAND: POST /session/0b442ebc8f096c4bfeb5c66a52851a3f/execute/async - {"script":"<script> [1562 bytes]","args":[{"selector":{"id":"application-manageresources-display-component---newResourceUnit--resourceId","interaction":{"idSuffix":"inner"}},"wdio_ui5_key":"applicationmanageresources-display-component---newResourceUnit--resourceId"}]}
COMMAND: GET /session/0b442ebc8f096c4bfeb5c66a52851a3f/screenshot - {}
RESULT: {"script":"<script> [1562 bytes]","args":[{"selector":{"id":"application-manageresources-display-component---newResourceUnit--resourceId","interaction":{"idSuffix":"inner"}},"wdio_ui5_key":"applicationmanageresources-display-component---newResourceUnit--resourceId"}]}
RESULT: undefined
COMMAND: POST /session/0b442ebc8f096c4bfeb5c66a52851a3f/execute/async - {"script":"<script> [776 bytes]","args":[{"enterText":"fCpZ5npBEA","selector":{"id":"application-manageresources-display-component---newResourceUnit--resourceId","interaction":{"idSuffix":"inner"}},"clearTextFirst":true,"interactionType":"ENTER_TEXT"}]}
RESULT: {}
RESULT: {"script":"<script> [776 bytes]","args":[{"enterText":"fCpZ5npBEA","selector":{"id":"application-manageresources-display-component---newResourceUnit--resourceId","interaction":{"idSuffix":"inner"}},"clearTextFirst":true,"interactionType":"ENTER_TEXT"}]}
COMMAND: POST /session/0b442ebc8f096c4bfeb5c66a52851a3f/execute/async - {"script":"<script> [1562 bytes]","args":[{"selector":{"id":"application-manageresources-display-component---newResourceUnit--SHORT_TEXT","interaction":{"idSuffix":"inner"}},"wdio_ui5_key":"applicationmanageresources-display-component---newResourceUnit--SHORT_TEXT"}]}
RESULT: {"script":"<script> [1562 bytes]","args":[{"selector":{"id":"application-manageresources-display-component---newResourceUnit--SHORT_TEXT","interaction":{"idSuffix":"inner"}},"wdio_ui5_key":"applicationmanageresources-display-component---newResourceUnit--SHORT_TEXT"}]}
RESULT: undefined
COMMAND: POST /session/0b442ebc8f096c4bfeb5c66a52851a3f/execute/async - {"script":"<script> [776 bytes]","args":[{"enterText":"Intercompany Equipment WDIO","selector":{"id":"application-manageresources-display-component---newResourceUnit--SHORT_TEXT","interaction":{"idSuffix":"inner"}},"clearTextFirst":true,"interactionType":"ENTER_TEXT"}]}
RESULT: {"script":"<script> [776 bytes]","args":[{"enterText":"Intercompany Equipment WDIO","selector":{"id":"application-manageresources-display-component---newResourceUnit--SHORT_TEXT","interaction":{"idSuffix":"inner"}},"clearTextFirst":true,"interactionType":"ENTER_TEXT"}]}
COMMAND: POST /session/0b442ebc8f096c4bfeb5c66a52851a3f/execute/async - {"script":"<script> [1562 bytes]","args":[{"selector":{"id":"application-manageresources-display-component---newResourceUnit--BASE_UNIT_OF_MEASURE","interaction":{"idSuffix":"inner"}},"wdio_ui5_key":"applicationmanageresources-display-component---newResourceUnit--BASE_UNIT_OF_MEASURE"}]}
RESULT: {"script":"<script> [1562 bytes]","args":[{"selector":{"id":"application-manageresources-display-component---newResourceUnit--BASE_UNIT_OF_MEASURE","interaction":{"idSuffix":"inner"}},"wdio_ui5_key":"applicationmanageresources-display-component---newResourceUnit--BASE_UNIT_OF_MEASURE"}]}
RESULT: undefined
COMMAND: POST /session/0b442ebc8f096c4bfeb5c66a52851a3f/execute/async - {"script":"<script> [776 bytes]","args":[{"enterText":"Piece","selector":{"id":"application-manageresources-display-component---newResourceUnit--BASE_UNIT_OF_MEASURE","interaction":{"idSuffix":"inner"}},"clearTextFirst":true,"interactionType":"ENTER_TEXT"}]}
RESULT: {"script":"<script> [776 bytes]","args":[{"enterText":"Piece","selector":{"id":"application-manageresources-display-component---newResourceUnit--BASE_UNIT_OF_MEASURE","interaction":{"idSuffix":"inner"}},"clearTextFirst":true,"interactionType":"ENTER_TEXT"}]}
COMMAND: POST /session/0b442ebc8f096c4bfeb5c66a52851a3f/execute/async - {"script":"<script> [1562 bytes]","args":[{"selector":{"id":"application-manageresources-display-component---newResourceUnit--WEIGHT_UNIT","interaction":{"idSuffix":"inner"}},"wdio_ui5_key":"applicationmanageresources-display-component---newResourceUnit--WEIGHT_UNIT"}]}
RESULT: {"script":"<script> [1562 bytes]","args":[{"selector":{"id":"application-manageresources-display-component---newResourceUnit--WEIGHT_UNIT","interaction":{"idSuffix":"inner"}},"wdio_ui5_key":"applicationmanageresources-display-component---newResourceUnit--WEIGHT_UNIT"}]}
RESULT: undefined
COMMAND: POST /session/0b442ebc8f096c4bfeb5c66a52851a3f/execute/async - {"script":"<script> [776 bytes]","args":[{"enterText":"Gram","selector":{"id":"application-manageresources-display-component---newResourceUnit--WEIGHT_UNIT","interaction":{"idSuffix":"inner"}},"clearTextFirst":true,"interactionType":"ENTER_TEXT"}]}
RESULT: {"script":"<script> [776 bytes]","args":[{"enterText":"Gram","selector":{"id":"application-manageresources-display-component---newResourceUnit--WEIGHT_UNIT","interaction":{"idSuffix":"inner"}},"clearTextFirst":true,"interactionType":"ENTER_TEXT"}]}
COMMAND: POST /session/0b442ebc8f096c4bfeb5c66a52851a3f/execute/async - {"script":"<script> [1562 bytes]","args":[{"selector":{"id":"application-manageresources-display-component---newResourceUnit--DIMENSION_UNIT","interaction":{"idSuffix":"inner"}},"wdio_ui5_key":"applicationmanageresources-display-component---newResourceUnit--DIMENSION_UNIT"}]}
RESULT: {"script":"<script> [1562 bytes]","args":[{"selector":{"id":"application-manageresources-display-component---newResourceUnit--DIMENSION_UNIT","interaction":{"idSuffix":"inner"}},"wdio_ui5_key":"applicationmanageresources-display-component---newResourceUnit--DIMENSION_UNIT"}]}
RESULT: undefined
COMMAND: POST /session/0b442ebc8f096c4bfeb5c66a52851a3f/execute/async - {"script":"<script> [776 bytes]","args":[{"enterText":"Meter","selector":{"id":"application-manageresources-display-component---newResourceUnit--DIMENSION_UNIT","interaction":{"idSuffix":"inner"}},"clearTextFirst":true,"interactionType":"ENTER_TEXT"}]}
RESULT: {"script":"<script> [776 bytes]","args":[{"enterText":"Meter","selector":{"id":"application-manageresources-display-component---newResourceUnit--DIMENSION_UNIT","interaction":{"idSuffix":"inner"}},"clearTextFirst":true,"interactionType":"ENTER_TEXT"}]}
COMMAND: POST /session/0b442ebc8f096c4bfeb5c66a52851a3f/execute/async - {"script":"<script> [1562 bytes]","args":[{"selector":{"id":"application-manageresources-display-component---newResourceUnit--newRRUPage-anchBar-application-manageresources-display-component---newResourceUnit--control-anchor","interaction":{"idSuffix":"BDI-content"}},"wdio_ui5_key":"applicationmanageresources-display-component---newResourceUnit--newRRUPage-anchBar-application-manageresources-display-component---newResourceUnit--control-anchor"}]}
RESULT: {"script":"<script> [1562 bytes]","args":[{"selector":{"id":"application-manageresources-display-component---newResourceUnit--newRRUPage-anchBar-application-manageresources-display-component---newResourceUnit--control-anchor","interaction":{"idSuffix":"BDI-content"}},"wdio_ui5_key":"applicationmanageresources-display-component---newResourceUnit--newRRUPage-anchBar-application-manageresources-display-component---newResourceUnit--control-anchor"}]}
RESULT: undefined
COMMAND: POST /session/0b442ebc8f096c4bfeb5c66a52851a3f/element - {"using":"xpath","value":"//*[@id=\"application-manageresources-display-component---newResourceUnit--newRRUPage-anchBar-application-manageresources-display-component---newResourceUnit--control-anchor\"]"}
RESULT: {"using":"xpath","value":"//*[@id=\"application-manageresources-display-component---newResourceUnit--newRRUPage-anchBar-application-manageresources-display-component---newResourceUnit--control-anchor\"]"}
COMMAND: POST /session/0b442ebc8f096c4bfeb5c66a52851a3f/element/f.9CA8B20795E6D08D18CCAFF067F35E12.d.CEF7113822893368CDC310F060AD7EDC.e.3024/click - {}
RESULT: {}
COMMAND: POST /session/0b442ebc8f096c4bfeb5c66a52851a3f/execute/async - {"script":"<script> [1562 bytes]","args":[{"selector":{"id":"application-manageresources-display-component---newResourceUnit--PLANNING_GROUP","interaction":{"idSuffix":"inner"}},"wdio_ui5_key":"applicationmanageresources-display-component---newResourceUnit--PLANNING_GROUP"}]}
COMMAND: GET /session/0b442ebc8f096c4bfeb5c66a52851a3f/screenshot - {}
RESULT: {"script":"<script> [1562 bytes]","args":[{"selector":{"id":"application-manageresources-display-component---newResourceUnit--PLANNING_GROUP","interaction":{"idSuffix":"inner"}},"wdio_ui5_key":"applicationmanageresources-display-component---newResourceUnit--PLANNING_GROUP"}]}
RESULT: undefined
COMMAND: POST /session/0b442ebc8f096c4bfeb5c66a52851a3f/execute/async - {"script":"<script> [776 bytes]","args":[{"enterText":"Heavy Equi","selector":{"id":"application-manageresources-display-component---newResourceUnit--PLANNING_GROUP","interaction":{"idSuffix":"inner"}},"clearTextFirst":true,"interactionType":"ENTER_TEXT"}]}
RESULT: {}
RESULT: {"script":"<script> [776 bytes]","args":[{"enterText":"Heavy Equi","selector":{"id":"application-manageresources-display-component---newResourceUnit--PLANNING_GROUP","interaction":{"idSuffix":"inner"}},"clearTextFirst":true,"interactionType":"ENTER_TEXT"}]}
COMMAND: POST /session/0b442ebc8f096c4bfeb5c66a52851a3f/execute/async - {"script":"<script> [1562 bytes]","args":[{"selector":{"id":"application-manageresources-display-component---newResourceUnit--ITEM_TYPE-arrow"},"wdio_ui5_key":"applicationmanageresources-display-component---newResourceUnit--ITEM_TYPE-arrow"}]}
RESULT: {"script":"<script> [1562 bytes]","args":[{"selector":{"id":"application-manageresources-display-component---newResourceUnit--ITEM_TYPE-arrow"},"wdio_ui5_key":"applicationmanageresources-display-component---newResourceUnit--ITEM_TYPE-arrow"}]}
RESULT: undefined
COMMAND: POST /session/0b442ebc8f096c4bfeb5c66a52851a3f/element - {"using":"xpath","value":"//*[@id=\"application-manageresources-display-component---newResourceUnit--ITEM_TYPE-arrow\"]"}
RESULT: {"using":"xpath","value":"//*[@id=\"application-manageresources-display-component---newResourceUnit--ITEM_TYPE-arrow\"]"}
COMMAND: POST /session/0b442ebc8f096c4bfeb5c66a52851a3f/element/f.9CA8B20795E6D08D18CCAFF067F35E12.d.CEF7113822893368CDC310F060AD7EDC.e.3031/click - {}
RESULT: {}
COMMAND: POST /session/0b442ebc8f096c4bfeb5c66a52851a3f/element - {"using":"xpath","value":"(//span[contains(text(), \"Resource Unit\")])[2]"}
COMMAND: GET /session/0b442ebc8f096c4bfeb5c66a52851a3f/screenshot - {}
RESULT: {"using":"xpath","value":"(//span[contains(text(), \"Resource Unit\")])[2]"}
COMMAND: POST /session/0b442ebc8f096c4bfeb5c66a52851a3f/element/f.9CA8B20795E6D08D18CCAFF067F35E12.d.CEF7113822893368CDC310F060AD7EDC.e.3032/click - {}
RESULT: {}
RESULT: {}
COMMAND: GET /session/0b442ebc8f096c4bfeb5c66a52851a3f/screenshot - {}
RESULT: {}
COMMAND: POST /session/0b442ebc8f096c4bfeb5c66a52851a3f/element - {"using":"css selector","value":"#application-manageresources-display-component---newResourceUnit--btnAddTimeSegment"}
RESULT: {"using":"css selector","value":"#application-manageresources-display-component---newResourceUnit--btnAddTimeSegment"}
COMMAND: GET /session/0b442ebc8f096c4bfeb5c66a52851a3f/element/f.9CA8B20795E6D08D18CCAFF067F35E12.d.CEF7113822893368CDC310F060AD7EDC.e.3033/rect - {}
RESULT: {}
COMMAND: GET /session/0b442ebc8f096c4bfeb5c66a52851a3f/window/rect - {}
RESULT: {}
COMMAND: POST /session/0b442ebc8f096c4bfeb5c66a52851a3f/execute/sync - {"script":"<script> [92 bytes]","args":[]}
RESULT: {"script":"<script> [92 bytes]","args":[]}
COMMAND: POST /session/0b442ebc8f096c4bfeb5c66a52851a3f/actions - {"actions":[{"id":"action9","type":"wheel","parameters":{},"actions":[{"type":"scroll","x":-1888,"y":-32,"deltaX":0,"deltaY":0,"duration":0,"origin":{"element-6066-11e4-a52e-4f735466cecf":"f.9CA8B20795E6D08D18CCAFF067F35E12.d.CEF7113822893368CDC310F060AD7EDC.e.3033"}}]}]}
COMMAND: GET /session/0b442ebc8f096c4bfeb5c66a52851a3f/screenshot - {}
RESULT: {}
COMMAND: POST /session/0b442ebc8f096c4bfeb5c66a52851a3f/execute/sync - {"script":"<script> [79 bytes]","args":[{"element-6066-11e4-a52e-4f735466cecf":"f.9CA8B20795E6D08D18CCAFF067F35E12.d.CEF7113822893368CDC310F060AD7EDC.e.3033","ELEMENT":"f.9CA8B20795E6D08D18CCAFF067F35E12.d.CEF7113822893368CDC310F060AD7EDC.e.3033"},{"block":"start","inline":"nearest"}]}
RESULT: {"script":"<script> [79 bytes]","args":[{"element-6066-11e4-a52e-4f735466cecf":"f.9CA8B20795E6D08D18CCAFF067F35E12.d.CEF7113822893368CDC310F060AD7EDC.e.3033","ELEMENT":"f.9CA8B20795E6D08D18CCAFF067F35E12.d.CEF7113822893368CDC310F060AD7EDC.e.3033"},{"block":"start","inline":"nearest"}]}
COMMAND: POST /session/0b442ebc8f096c4bfeb5c66a52851a3f/execute/async - {"script":"<script> [1562 bytes]","args":[{"selector":{"id":"application-manageresources-display-component---newResourceUnit--btnAddTimeSegment","interaction":{"idSuffix":"inner"}},"wdio_ui5_key":"applicationmanageresources-display-component---newResourceUnit--btnAddTimeSegment"}]}
COMMAND: GET /session/0b442ebc8f096c4bfeb5c66a52851a3f/screenshot - {}
RESULT: {"script":"<script> [1562 bytes]","args":[{"selector":{"id":"application-manageresources-display-component---newResourceUnit--btnAddTimeSegment","interaction":{"idSuffix":"inner"}},"wdio_ui5_key":"applicationmanageresources-display-component---newResourceUnit--btnAddTimeSegment"}]}
RESULT: undefined
COMMAND: POST /session/0b442ebc8f096c4bfeb5c66a52851a3f/element - {"using":"xpath","value":"//*[@id=\"application-manageresources-display-component---newResourceUnit--btnAddTimeSegment\"]"}
RESULT: {}
RESULT: {"using":"xpath","value":"//*[@id=\"application-manageresources-display-component---newResourceUnit--btnAddTimeSegment\"]"}
COMMAND: POST /session/0b442ebc8f096c4bfeb5c66a52851a3f/element/f.9CA8B20795E6D08D18CCAFF067F35E12.d.CEF7113822893368CDC310F060AD7EDC.e.3033/click - {}
RESULT: {}
COMMAND: GET /session/0b442ebc8f096c4bfeb5c66a52851a3f/screenshot - {}
RESULT: {}
COMMAND: POST /session/0b442ebc8f096c4bfeb5c66a52851a3f/element - {"using":"xpath","value":"//input[@id=\"application-manageresources-display-component---newResourceUnit--idRuTSAdmin-application-manageresources-display-component---newResourceUnit--RUTimeSegment-0-inner\"]"}
RESULT: {"using":"xpath","value":"//input[@id=\"application-manageresources-display-component---newResourceUnit--idRuTSAdmin-application-manageresources-display-component---newResourceUnit--RUTimeSegment-0-inner\"]"}
COMMAND: POST /session/0b442ebc8f096c4bfeb5c66a52851a3f/element/f.9CA8B20795E6D08D18CCAFF067F35E12.d.CEF7113822893368CDC310F060AD7EDC.e.3039/clear - {}
RESULT: {}
COMMAND: POST /session/0b442ebc8f096c4bfeb5c66a52851a3f/element/f.9CA8B20795E6D08D18CCAFF067F35E12.d.CEF7113822893368CDC310F060AD7EDC.e.3039/value - {"text":"617"}
COMMAND: GET /session/0b442ebc8f096c4bfeb5c66a52851a3f/screenshot - {}
RESULT: {"text":"617"}
COMMAND: GET /session/0b442ebc8f096c4bfeb5c66a52851a3f/screenshot - {}
RESULT: {}
RESULT: {}
COMMAND: POST /session/0b442ebc8f096c4bfeb5c66a52851a3f/element - {"using":"xpath","value":"//li[.//span[text()='617']]"}
RESULT: {"using":"xpath","value":"//li[.//span[text()='617']]"}
COMMAND: POST /session/0b442ebc8f096c4bfeb5c66a52851a3f/element/f.9CA8B20795E6D08D18CCAFF067F35E12.d.CEF7113822893368CDC310F060AD7EDC.e.3052/click - {}
RESULT: {}
COMMAND: GET /session/0b442ebc8f096c4bfeb5c66a52851a3f/screenshot - {}
RESULT: {}
COMMAND: POST /session/0b442ebc8f096c4bfeb5c66a52851a3f/element - {"using":"xpath","value":"(//span[contains(@id, \"-application-manageresources-display-component---newResourceUnit--RUTimeSegment-0-arrow\")])[6]"}
RESULT: {"using":"xpath","value":"(//span[contains(@id, \"-application-manageresources-display-component---newResourceUnit--RUTimeSegment-0-arrow\")])[6]"}
COMMAND: POST /session/0b442ebc8f096c4bfeb5c66a52851a3f/element/f.9CA8B20795E6D08D18CCAFF067F35E12.d.CEF7113822893368CDC310F060AD7EDC.e.3053/click - {}
RESULT: {}
COMMAND: GET /session/0b442ebc8f096c4bfeb5c66a52851a3f/screenshot - {}
RESULT: {}
COMMAND: POST /session/0b442ebc8f096c4bfeb5c66a52851a3f/element - {"using":"xpath","value":"//span[contains(text(), \"PM Order\")]"}
RESULT: {"using":"xpath","value":"//span[contains(text(), \"PM Order\")]"}
COMMAND: POST /session/0b442ebc8f096c4bfeb5c66a52851a3f/element/f.9CA8B20795E6D08D18CCAFF067F35E12.d.CEF7113822893368CDC310F060AD7EDC.e.3056/click - {}
RESULT: {}
COMMAND: GET /session/0b442ebc8f096c4bfeb5c66a52851a3f/screenshot - {}
RESULT: {}
COMMAND: POST /session/0b442ebc8f096c4bfeb5c66a52851a3f/element - {"using":"xpath","value":"(//span[contains(@id ,\"manageresources-display-component---newResourceUnit--RUTimeSegment-0-vhi\")])[1]"}
RESULT: {"using":"xpath","value":"(//span[contains(@id ,\"manageresources-display-component---newResourceUnit--RUTimeSegment-0-vhi\")])[1]"}
COMMAND: GET /session/0b442ebc8f096c4bfeb5c66a52851a3f/element/f.9CA8B20795E6D08D18CCAFF067F35E12.d.CEF7113822893368CDC310F060AD7EDC.e.3060/rect - {}
RESULT: {}
COMMAND: GET /session/0b442ebc8f096c4bfeb5c66a52851a3f/window/rect - {}
RESULT: {}
COMMAND: POST /session/0b442ebc8f096c4bfeb5c66a52851a3f/execute/sync - {"script":"<script> [92 bytes]","args":[]}
RESULT: {"script":"<script> [92 bytes]","args":[]}
COMMAND: POST /session/0b442ebc8f096c4bfeb5c66a52851a3f/actions - {"actions":[{"id":"action10","type":"wheel","parameters":{},"actions":[{"type":"scroll","x":-869,"y":-24,"deltaX":0,"deltaY":0,"duration":0,"origin":{"element-6066-11e4-a52e-4f735466cecf":"f.9CA8B20795E6D08D18CCAFF067F35E12.d.CEF7113822893368CDC310F060AD7EDC.e.3060"}}]}]}
COMMAND: GET /session/0b442ebc8f096c4bfeb5c66a52851a3f/screenshot - {}
RESULT: {"actions":[{"id":"action10","type":"wheel","parameters":{},"actions":[{"type":"scroll","x":-869,"y":-24,"deltaX":0,"deltaY":0,"duration":0,"origin":{"element-6066-11e4-a52e-4f735466cecf":"f.9CA8B20795E6D08D18CCAFF067F35E12.d.CEF7113822893368CDC310F060AD7EDC.e.3060"}}]}]}
COMMAND: DELETE /session/0b442ebc8f096c4bfeb5c66a52851a3f/actions - {}
COMMAND: GET /session/0b442ebc8f096c4bfeb5c66a52851a3f/screenshot - {}
RESULT: {}
RESULT: {}
COMMAND: GET /session/0b442ebc8f096c4bfeb5c66a52851a3f/screenshot - {}
RESULT: {}
RESULT: {}
COMMAND: POST /session/0b442ebc8f096c4bfeb5c66a52851a3f/element/f.9CA8B20795E6D08D18CCAFF067F35E12.d.CEF7113822893368CDC310F060AD7EDC.e.3060/click - {}
RESULT: {}
COMMAND: GET /session/0b442ebc8f096c4bfeb5c66a52851a3f/screenshot - {}
RESULT: {}
RESULT: undefined
COMMAND: POST /session/0b442ebc8f096c4bfeb5c66a52851a3f/execute/async - {"script":"<script> [776 bytes]","args":[{"enterText":"4000360","selector":{"controlType":"sap.m.SearchField","properties":{"placeholder":"Search"},"searchOpenDialogs":true,"interaction":{"idSuffix":"I"}},"clearTextFirst":true,"interactionType":"ENTER_TEXT"}]}
RESULT: {"script":"<script> [776 bytes]","args":[{"enterText":"4000360","selector":{"controlType":"sap.m.SearchField","properties":{"placeholder":"Search"},"searchOpenDialogs":true,"interaction":{"idSuffix":"I"}},"clearTextFirst":true,"interactionType":"ENTER_TEXT"}]}
COMMAND: POST /session/0b442ebc8f096c4bfeb5c66a52851a3f/actions - {"actions":[{"id":"action11","type":"key","parameters":{},"actions":[{"type":"keyDown","value":"î€‡"},{"type":"pause","duration":10},{"type":"keyUp","value":"î€‡"}]}]}
RESULT: {"actions":[{"id":"action11","type":"key","parameters":{},"actions":[{"type":"keyDown","value":"î€‡"},{"type":"pause","duration":10},{"type":"keyUp","value":"î€‡"}]}]}
COMMAND: GET /session/0b442ebc8f096c4bfeb5c66a52851a3f/screenshot - {}
RESULT: {}
COMMAND: POST /session/0b442ebc8f096c4bfeb5c66a52851a3f/element - {"using":"xpath","value":"//td/div/span[contains(text(), \"BGL Vehicles\")]"}
RESULT: {"using":"xpath","value":"//td/div/span[contains(text(), \"BGL Vehicles\")]"}
COMMAND: POST /session/0b442ebc8f096c4bfeb5c66a52851a3f/element/f.9CA8B20795E6D08D18CCAFF067F35E12.d.CEF7113822893368CDC310F060AD7EDC.e.3080/click - {}
RESULT: {}
COMMAND: GET /session/0b442ebc8f096c4bfeb5c66a52851a3f/screenshot - {}
RESULT: {}
COMMAND: POST /session/0b442ebc8f096c4bfeb5c66a52851a3f/element - {"using":"xpath","value":"//bdi[contains(text(), \"OK\")]"}
RESULT: {"using":"xpath","value":"//bdi[contains(text(), \"OK\")]"}
COMMAND: POST /session/0b442ebc8f096c4bfeb5c66a52851a3f/element/f.9CA8B20795E6D08D18CCAFF067F35E12.d.CEF7113822893368CDC310F060AD7EDC.e.3081/click - {}
RESULT: {}
COMMAND: GET /session/0b442ebc8f096c4bfeb5c66a52851a3f/screenshot - {}
RESULT: {}
COMMAND: POST /session/0b442ebc8f096c4bfeb5c66a52851a3f/execute/async - {"script":"<script> [1562 bytes]","args":[{"selector":{"id":"application-manageresources-display-component---newResourceUnit--newRRUPage-anchBar-application-manageresources-display-component---newResourceUnit--resource-anchor","interaction":{"idSuffix":"BDI-content"}},"wdio_ui5_key":"applicationmanageresources-display-component---newResourceUnit--newRRUPage-anchBar-application-manageresources-display-component---newResourceUnit--resource-anchor"}]}
RESULT: {"script":"<script> [1562 bytes]","args":[{"selector":{"id":"application-manageresources-display-component---newResourceUnit--newRRUPage-anchBar-application-manageresources-display-component---newResourceUnit--resource-anchor","interaction":{"idSuffix":"BDI-content"}},"wdio_ui5_key":"applicationmanageresources-display-component---newResourceUnit--newRRUPage-anchBar-application-manageresources-display-component---newResourceUnit--resource-anchor"}]}
RESULT: undefined
COMMAND: POST /session/0b442ebc8f096c4bfeb5c66a52851a3f/element - {"using":"xpath","value":"//*[@id=\"application-manageresources-display-component---newResourceUnit--newRRUPage-anchBar-application-manageresources-display-component---newResourceUnit--resource-anchor\"]"}
RESULT: {"using":"xpath","value":"//*[@id=\"application-manageresources-display-component---newResourceUnit--newRRUPage-anchBar-application-manageresources-display-component---newResourceUnit--resource-anchor\"]"}
COMMAND: POST /session/0b442ebc8f096c4bfeb5c66a52851a3f/element/f.9CA8B20795E6D08D18CCAFF067F35E12.d.CEF7113822893368CDC310F060AD7EDC.e.3085/click - {}
RESULT: {}
COMMAND: POST /session/0b442ebc8f096c4bfeb5c66a52851a3f/execute/async - {"script":"<script> [1562 bytes]","args":[{"selector":{"id":"application-manageresources-display-component---newResourceUnit--PLANNED_DELIVERY_DATE","interaction":{"idSuffix":"inner"}},"wdio_ui5_key":"applicationmanageresources-display-component---newResourceUnit--PLANNED_DELIVERY_DATE"}]}
COMMAND: GET /session/0b442ebc8f096c4bfeb5c66a52851a3f/screenshot - {}
RESULT: {"script":"<script> [1562 bytes]","args":[{"selector":{"id":"application-manageresources-display-component---newResourceUnit--PLANNED_DELIVERY_DATE","interaction":{"idSuffix":"inner"}},"wdio_ui5_key":"applicationmanageresources-display-component---newResourceUnit--PLANNED_DELIVERY_DATE"}]}
RESULT: undefined
COMMAND: POST /session/0b442ebc8f096c4bfeb5c66a52851a3f/execute/async - {"script":"<script> [6424 bytes]","args":[{"element-6066-11e4-a52e-4f735466cecf":"f.9CA8B20795E6D08D18CCAFF067F35E12.d.CEF7113822893368CDC310F060AD7EDC.e.2946"},"setValue",["5/6/25"]]}
RESULT: {}
RESULT: {"script":"<script> [6424 bytes]","args":[{"element-6066-11e4-a52e-4f735466cecf":"f.9CA8B20795E6D08D18CCAFF067F35E12.d.CEF7113822893368CDC310F060AD7EDC.e.2946"},"setValue",["5/6/25"]]}
COMMAND: POST /session/0b442ebc8f096c4bfeb5c66a52851a3f/element - {"using":"xpath","value":"//button[@data-kt=\"resourceUnitSaveButton\"]"}
RESULT: {"using":"xpath","value":"//button[@data-kt=\"resourceUnitSaveButton\"]"}
COMMAND: POST /session/0b442ebc8f096c4bfeb5c66a52851a3f/element/f.9CA8B20795E6D08D18CCAFF067F35E12.d.CEF7113822893368CDC310F060AD7EDC.e.2907/click - {}
RESULT: {}
COMMAND: GET /session/0b442ebc8f096c4bfeb5c66a52851a3f/screenshot - {}
RESULT: {}
COMMAND: POST /session/0b442ebc8f096c4bfeb5c66a52851a3f/element - {"using":"xpath","value":"//bdi[contains(text(), \"Close\")]"}
RESULT: {"using":"xpath","value":"//bdi[contains(text(), \"Close\")]"}
COMMAND: POST /session/0b442ebc8f096c4bfeb5c66a52851a3f/element/f.9CA8B20795E6D08D18CCAFF067F35E12.d.CEF7113822893368CDC310F060AD7EDC.e.3093/click - {}
RESULT: {}
COMMAND: GET /session/0b442ebc8f096c4bfeb5c66a52851a3f/screenshot - {}
COMMAND: POST /session/0b442ebc8f096c4bfeb5c66a52851a3f/element - {"using":"xpath","value":"(//button[contains(@id ,\"actionsToolbar-overflowButton\")])[1]"}
RESULT: {}
RESULT: {"using":"xpath","value":"(//button[contains(@id ,\"actionsToolbar-overflowButton\")])[1]"}
COMMAND: POST /session/0b442ebc8f096c4bfeb5c66a52851a3f/element/f.9CA8B20795E6D08D18CCAFF067F35E12.d.CEF7113822893368CDC310F060AD7EDC.e.3149/click - {}
RESULT: {}
COMMAND: GET /session/0b442ebc8f096c4bfeb5c66a52851a3f/screenshot - {}
RESULT: {}
COMMAND: POST /session/0b442ebc8f096c4bfeb5c66a52851a3f/element - {"using":"xpath","value":"//button[@data-kt=\"priceInfoButton\"]"}
RESULT: {"using":"xpath","value":"//button[@data-kt=\"priceInfoButton\"]"}
COMMAND: POST /session/0b442ebc8f096c4bfeb5c66a52851a3f/element/f.9CA8B20795E6D08D18CCAFF067F35E12.d.CEF7113822893368CDC310F060AD7EDC.e.3151/click - {}
RESULT: {}
COMMAND: GET /session/0b442ebc8f096c4bfeb5c66a52851a3f/screenshot - {}
RESULT: {}
]]></system-out>
    </testcase>
    <testcase classname="chrome.135_0_7049_96.windows.Billing_confirm_US117289" name="Should create new pricing rule" time="58.902">
      <system-out><![CDATA[
COMMAND: POST /session/0b442ebc8f096c4bfeb5c66a52851a3f/element - {"using":"xpath","value":"//button[@data-kt=\"addButton\"]"}
RESULT: {"using":"xpath","value":"//button[@data-kt=\"addButton\"]"}
COMMAND: POST /session/0b442ebc8f096c4bfeb5c66a52851a3f/elements - {"using":"xpath","value":"//button[@data-kt=\"addButton\"]"}
RESULT: {"using":"xpath","value":"//button[@data-kt=\"addButton\"]"}
COMMAND: POST /session/0b442ebc8f096c4bfeb5c66a52851a3f/execute/sync - {"script":"<script> [8489 bytes]","args":[{"element-6066-11e4-a52e-4f735466cecf":"f.9CA8B20795E6D08D18CCAFF067F35E12.d.CEF7113822893368CDC310F060AD7EDC.e.3189","ELEMENT":"f.9CA8B20795E6D08D18CCAFF067F35E12.d.CEF7113822893368CDC310F060AD7EDC.e.3189"}]}
RESULT: {"script":"<script> [8489 bytes]","args":[{"element-6066-11e4-a52e-4f735466cecf":"f.9CA8B20795E6D08D18CCAFF067F35E12.d.CEF7113822893368CDC310F060AD7EDC.e.3189","ELEMENT":"f.9CA8B20795E6D08D18CCAFF067F35E12.d.CEF7113822893368CDC310F060AD7EDC.e.3189"}]}
COMMAND: GET /session/0b442ebc8f096c4bfeb5c66a52851a3f/element/f.9CA8B20795E6D08D18CCAFF067F35E12.d.CEF7113822893368CDC310F060AD7EDC.e.3189/enabled - {}
COMMAND: GET /session/0b442ebc8f096c4bfeb5c66a52851a3f/screenshot - {}
RESULT: {}
COMMAND: POST /session/0b442ebc8f096c4bfeb5c66a52851a3f/execute/sync - {"script":"<script> [8489 bytes]","args":[{"element-6066-11e4-a52e-4f735466cecf":"f.9CA8B20795E6D08D18CCAFF067F35E12.d.CEF7113822893368CDC310F060AD7EDC.e.3189","ELEMENT":"f.9CA8B20795E6D08D18CCAFF067F35E12.d.CEF7113822893368CDC310F060AD7EDC.e.3189"}]}
COMMAND: GET /session/0b442ebc8f096c4bfeb5c66a52851a3f/screenshot - {}
RESULT: {}
RESULT: {"script":"<script> [8489 bytes]","args":[{"element-6066-11e4-a52e-4f735466cecf":"f.9CA8B20795E6D08D18CCAFF067F35E12.d.CEF7113822893368CDC310F060AD7EDC.e.3189","ELEMENT":"f.9CA8B20795E6D08D18CCAFF067F35E12.d.CEF7113822893368CDC310F060AD7EDC.e.3189"}]}
COMMAND: POST /session/0b442ebc8f096c4bfeb5c66a52851a3f/execute/sync - {"script":"<script> [5351 bytes]","args":[{"element-6066-11e4-a52e-4f735466cecf":"f.9CA8B20795E6D08D18CCAFF067F35E12.d.CEF7113822893368CDC310F060AD7EDC.e.3189","ELEMENT":"f.9CA8B20795E6D08D18CCAFF067F35E12.d.CEF7113822893368CDC310F060AD7EDC.e.3189"}]}
COMMAND: GET /session/0b442ebc8f096c4bfeb5c66a52851a3f/screenshot - {}
RESULT: {}
RESULT: {"script":"<script> [5351 bytes]","args":[{"element-6066-11e4-a52e-4f735466cecf":"f.9CA8B20795E6D08D18CCAFF067F35E12.d.CEF7113822893368CDC310F060AD7EDC.e.3189","ELEMENT":"f.9CA8B20795E6D08D18CCAFF067F35E12.d.CEF7113822893368CDC310F060AD7EDC.e.3189"}]}
COMMAND: POST /session/0b442ebc8f096c4bfeb5c66a52851a3f/element/f.9CA8B20795E6D08D18CCAFF067F35E12.d.CEF7113822893368CDC310F060AD7EDC.e.3189/click - {}
COMMAND: GET /session/0b442ebc8f096c4bfeb5c66a52851a3f/screenshot - {}
RESULT: {}
RESULT: {}
COMMAND: GET /session/0b442ebc8f096c4bfeb5c66a52851a3f/screenshot - {}
RESULT: {}
RESULT: {}
COMMAND: POST /session/0b442ebc8f096c4bfeb5c66a52851a3f/execute/async - {"script":"<script> [1562 bytes]","args":[{"selector":{"controlType":"sap.m.Title","viewName":"etm.portal.ui.managepricingrules.view.NewItem","viewId":"application-managepricingrules-display-component---newInfoPriceItem","properties":{"text":"New Pricing Rules - Item Level"}},"wdio_ui5_key":"etmportal.ui.managepricingrules.view.NewItemsap.m.Title{\"text\":\"New Pricing Rules - Item Level\"}"}]}
RESULT: {"script":"<script> [1562 bytes]","args":[{"selector":{"controlType":"sap.m.Title","viewName":"etm.portal.ui.managepricingrules.view.NewItem","viewId":"application-managepricingrules-display-component---newInfoPriceItem","properties":{"text":"New Pricing Rules - Item Level"}},"wdio_ui5_key":"etmportal.ui.managepricingrules.view.NewItemsap.m.Title{\"text\":\"New Pricing Rules - Item Level\"}"}]}
RESULT: undefined
COMMAND: POST /session/0b442ebc8f096c4bfeb5c66a52851a3f/execute/async - {"script":"<script> [6424 bytes]","args":[{"element-6066-11e4-a52e-4f735466cecf":"f.9CA8B20795E6D08D18CCAFF067F35E12.d.CEF7113822893368CDC310F060AD7EDC.e.3349"},"getText",[]]}
RESULT: {"script":"<script> [6424 bytes]","args":[{"element-6066-11e4-a52e-4f735466cecf":"f.9CA8B20795E6D08D18CCAFF067F35E12.d.CEF7113822893368CDC310F060AD7EDC.e.3349"},"getText",[]]}
COMMAND: POST /session/0b442ebc8f096c4bfeb5c66a52851a3f/execute/async - {"script":"<script> [1562 bytes]","args":[{"selector":{"id":"application-managepricingrules-display-component---newInfoPriceItem--condValidTo","interaction":{"idSuffix":"inner"}},"wdio_ui5_key":"applicationmanagepricingrules-display-component---newInfoPriceItem--condValidTo"}]}
RESULT: {"script":"<script> [1562 bytes]","args":[{"selector":{"id":"application-managepricingrules-display-component---newInfoPriceItem--condValidTo","interaction":{"idSuffix":"inner"}},"wdio_ui5_key":"applicationmanagepricingrules-display-component---newInfoPriceItem--condValidTo"}]}
RESULT: undefined
COMMAND: POST /session/0b442ebc8f096c4bfeb5c66a52851a3f/execute/async - {"script":"<script> [776 bytes]","args":[{"enterText":"01/06/26","selector":{"id":"application-managepricingrules-display-component---newInfoPriceItem--condValidTo","interaction":{"idSuffix":"inner"}},"clearTextFirst":true,"interactionType":"ENTER_TEXT"}]}
RESULT: {"script":"<script> [776 bytes]","args":[{"enterText":"01/06/26","selector":{"id":"application-managepricingrules-display-component---newInfoPriceItem--condValidTo","interaction":{"idSuffix":"inner"}},"clearTextFirst":true,"interactionType":"ENTER_TEXT"}]}
COMMAND: POST /session/0b442ebc8f096c4bfeb5c66a52851a3f/execute/async - {"script":"<script> [1562 bytes]","args":[{"selector":{"id":"application-managepricingrules-display-component---newInfoPriceItem--billType-arrow"},"wdio_ui5_key":"applicationmanagepricingrules-display-component---newInfoPriceItem--billType-arrow"}]}
RESULT: {"script":"<script> [1562 bytes]","args":[{"selector":{"id":"application-managepricingrules-display-component---newInfoPriceItem--billType-arrow"},"wdio_ui5_key":"applicationmanagepricingrules-display-component---newInfoPriceItem--billType-arrow"}]}
RESULT: undefined
COMMAND: POST /session/0b442ebc8f096c4bfeb5c66a52851a3f/element - {"using":"xpath","value":"//*[@id=\"application-managepricingrules-display-component---newInfoPriceItem--billType-arrow\"]"}
RESULT: {"using":"xpath","value":"//*[@id=\"application-managepricingrules-display-component---newInfoPriceItem--billType-arrow\"]"}
COMMAND: POST /session/0b442ebc8f096c4bfeb5c66a52851a3f/element/f.9CA8B20795E6D08D18CCAFF067F35E12.d.CEF7113822893368CDC310F060AD7EDC.e.3351/click - {}
RESULT: {}
COMMAND: POST /session/0b442ebc8f096c4bfeb5c66a52851a3f/element - {"using":"xpath","value":"//span[contains(text(), \"TB - Time based\")]"}
COMMAND: GET /session/0b442ebc8f096c4bfeb5c66a52851a3f/screenshot - {}
RESULT: {"using":"xpath","value":"//span[contains(text(), \"TB - Time based\")]"}
COMMAND: POST /session/0b442ebc8f096c4bfeb5c66a52851a3f/element/f.9CA8B20795E6D08D18CCAFF067F35E12.d.CEF7113822893368CDC310F060AD7EDC.e.3352/click - {}
RESULT: {}
RESULT: {}
COMMAND: POST /session/0b442ebc8f096c4bfeb5c66a52851a3f/execute/async - {"script":"<script> [1562 bytes]","args":[{"selector":{"id":"application-managepricingrules-display-component---newInfoPriceItem--priceProc-arrow"},"wdio_ui5_key":"applicationmanagepricingrules-display-component---newInfoPriceItem--priceProc-arrow"}]}
COMMAND: GET /session/0b442ebc8f096c4bfeb5c66a52851a3f/screenshot - {}
RESULT: {"script":"<script> [1562 bytes]","args":[{"selector":{"id":"application-managepricingrules-display-component---newInfoPriceItem--priceProc-arrow"},"wdio_ui5_key":"applicationmanagepricingrules-display-component---newInfoPriceItem--priceProc-arrow"}]}
RESULT: undefined
COMMAND: POST /session/0b442ebc8f096c4bfeb5c66a52851a3f/element - {"using":"xpath","value":"//*[@id=\"application-managepricingrules-display-component---newInfoPriceItem--priceProc-arrow\"]"}
RESULT: {}
RESULT: {"using":"xpath","value":"//*[@id=\"application-managepricingrules-display-component---newInfoPriceItem--priceProc-arrow\"]"}
COMMAND: POST /session/0b442ebc8f096c4bfeb5c66a52851a3f/element/f.9CA8B20795E6D08D18CCAFF067F35E12.d.CEF7113822893368CDC310F060AD7EDC.e.3315/click - {}
RESULT: {}
COMMAND: POST /session/0b442ebc8f096c4bfeb5c66a52851a3f/element - {"using":"xpath","value":"//span[contains(text(), \"TBS - Time based standard\")]"}
COMMAND: GET /session/0b442ebc8f096c4bfeb5c66a52851a3f/screenshot - {}
RESULT: {"using":"xpath","value":"//span[contains(text(), \"TBS - Time based standard\")]"}
COMMAND: POST /session/0b442ebc8f096c4bfeb5c66a52851a3f/element/f.9CA8B20795E6D08D18CCAFF067F35E12.d.CEF7113822893368CDC310F060AD7EDC.e.3353/click - {}
RESULT: {}
RESULT: {}
COMMAND: POST /session/0b442ebc8f096c4bfeb5c66a52851a3f/execute/async - {"script":"<script> [1562 bytes]","args":[{"selector":{"id":"application-managepricingrules-display-component---newInfoPriceItem--calcBase-arrow"},"wdio_ui5_key":"applicationmanagepricingrules-display-component---newInfoPriceItem--calcBase-arrow"}]}
COMMAND: GET /session/0b442ebc8f096c4bfeb5c66a52851a3f/screenshot - {}
RESULT: {"script":"<script> [1562 bytes]","args":[{"selector":{"id":"application-managepricingrules-display-component---newInfoPriceItem--calcBase-arrow"},"wdio_ui5_key":"applicationmanagepricingrules-display-component---newInfoPriceItem--calcBase-arrow"}]}
RESULT: undefined
COMMAND: POST /session/0b442ebc8f096c4bfeb5c66a52851a3f/element - {"using":"xpath","value":"//*[@id=\"application-managepricingrules-display-component---newInfoPriceItem--calcBase-arrow\"]"}
RESULT: {}
RESULT: {"using":"xpath","value":"//*[@id=\"application-managepricingrules-display-component---newInfoPriceItem--calcBase-arrow\"]"}
COMMAND: POST /session/0b442ebc8f096c4bfeb5c66a52851a3f/element/f.9CA8B20795E6D08D18CCAFF067F35E12.d.CEF7113822893368CDC310F060AD7EDC.e.3322/click - {}
RESULT: {}
COMMAND: GET /session/0b442ebc8f096c4bfeb5c66a52851a3f/screenshot - {}
RESULT: {}
COMMAND: POST /session/0b442ebc8f096c4bfeb5c66a52851a3f/element - {"using":"xpath","value":"//span[contains(text(), \"0006 - TB(calendar days)\")]"}
RESULT: {"using":"xpath","value":"//span[contains(text(), \"0006 - TB(calendar days)\")]"}
COMMAND: POST /session/0b442ebc8f096c4bfeb5c66a52851a3f/element/f.9CA8B20795E6D08D18CCAFF067F35E12.d.CEF7113822893368CDC310F060AD7EDC.e.3354/click - {}
RESULT: {}
COMMAND: GET /session/0b442ebc8f096c4bfeb5c66a52851a3f/screenshot - {}
RESULT: {}
COMMAND: POST /session/0b442ebc8f096c4bfeb5c66a52851a3f/execute/async - {"script":"<script> [1562 bytes]","args":[{"selector":{"id":"application-managepricingrules-display-component---newInfoPriceItem--daysMonth","interaction":{"idSuffix":"inner"}},"wdio_ui5_key":"applicationmanagepricingrules-display-component---newInfoPriceItem--daysMonth"}]}
RESULT: {"script":"<script> [1562 bytes]","args":[{"selector":{"id":"application-managepricingrules-display-component---newInfoPriceItem--daysMonth","interaction":{"idSuffix":"inner"}},"wdio_ui5_key":"applicationmanagepricingrules-display-component---newInfoPriceItem--daysMonth"}]}
RESULT: undefined
COMMAND: POST /session/0b442ebc8f096c4bfeb5c66a52851a3f/execute/async - {"script":"<script> [776 bytes]","args":[{"enterText":"30","selector":{"id":"application-managepricingrules-display-component---newInfoPriceItem--daysMonth","interaction":{"idSuffix":"inner"}},"clearTextFirst":true,"interactionType":"ENTER_TEXT"}]}
RESULT: {"script":"<script> [776 bytes]","args":[{"enterText":"30","selector":{"id":"application-managepricingrules-display-component---newInfoPriceItem--daysMonth","interaction":{"idSuffix":"inner"}},"clearTextFirst":true,"interactionType":"ENTER_TEXT"}]}
COMMAND: POST /session/0b442ebc8f096c4bfeb5c66a52851a3f/element - {"using":"xpath","value":"//button[@data-kt=\"saveNewRuleButton\"]"}
RESULT: {"using":"xpath","value":"//button[@data-kt=\"saveNewRuleButton\"]"}
COMMAND: POST /session/0b442ebc8f096c4bfeb5c66a52851a3f/element/f.9CA8B20795E6D08D18CCAFF067F35E12.d.CEF7113822893368CDC310F060AD7EDC.e.3339/click - {}
RESULT: {}
COMMAND: GET /session/0b442ebc8f096c4bfeb5c66a52851a3f/screenshot - {}
RESULT: {}
COMMAND: POST /session/0b442ebc8f096c4bfeb5c66a52851a3f/execute/async - {"script":"<script> [1562 bytes]","args":[{"selector":{"id":"application-managepricingrules-display-component---priceInfoItem--smartFilterBar-btnBasicSearch","interaction":{"idSuffix":"I"}},"wdio_ui5_key":"applicationmanagepricingrules-display-component---priceInfoItem--smartFilterBar-btnBasicSearch"}]}
RESULT: {"script":"<script> [1562 bytes]","args":[{"selector":{"id":"application-managepricingrules-display-component---priceInfoItem--smartFilterBar-btnBasicSearch","interaction":{"idSuffix":"I"}},"wdio_ui5_key":"applicationmanagepricingrules-display-component---priceInfoItem--smartFilterBar-btnBasicSearch"}]}
RESULT: undefined
COMMAND: POST /session/0b442ebc8f096c4bfeb5c66a52851a3f/execute/async - {"script":"<script> [776 bytes]","args":[{"enterText":"fCpZ5npBEA","selector":{"id":"application-managepricingrules-display-component---priceInfoItem--smartFilterBar-btnBasicSearch","interaction":{"idSuffix":"I"}},"clearTextFirst":true,"interactionType":"ENTER_TEXT"}]}
RESULT: {"script":"<script> [776 bytes]","args":[{"enterText":"fCpZ5npBEA","selector":{"id":"application-managepricingrules-display-component---priceInfoItem--smartFilterBar-btnBasicSearch","interaction":{"idSuffix":"I"}},"clearTextFirst":true,"interactionType":"ENTER_TEXT"}]}
COMMAND: POST /session/0b442ebc8f096c4bfeb5c66a52851a3f/actions - {"actions":[{"id":"action12","type":"key","parameters":{},"actions":[{"type":"keyDown","value":"î€‡"},{"type":"pause","duration":10},{"type":"keyUp","value":"î€‡"}]}]}
RESULT: {"actions":[{"id":"action12","type":"key","parameters":{},"actions":[{"type":"keyDown","value":"î€‡"},{"type":"pause","duration":10},{"type":"keyUp","value":"î€‡"}]}]}
COMMAND: GET /session/0b442ebc8f096c4bfeb5c66a52851a3f/screenshot - {}
RESULT: {}
COMMAND: POST /session/0b442ebc8f096c4bfeb5c66a52851a3f/element - {"using":"xpath","value":"//span[@id=\"application-managepricingrules-display-component---priceInfoItem--smartTable-header-inner\"]"}
RESULT: {"using":"xpath","value":"//span[@id=\"application-managepricingrules-display-component---priceInfoItem--smartTable-header-inner\"]"}
COMMAND: POST /session/0b442ebc8f096c4bfeb5c66a52851a3f/elements - {"using":"xpath","value":"//span[@id=\"application-managepricingrules-display-component---priceInfoItem--smartTable-header-inner\"]"}
RESULT: {"using":"xpath","value":"//span[@id=\"application-managepricingrules-display-component---priceInfoItem--smartTable-header-inner\"]"}
COMMAND: POST /session/0b442ebc8f096c4bfeb5c66a52851a3f/execute/sync - {"script":"<script> [56 bytes]","args":[{"element-6066-11e4-a52e-4f735466cecf":"f.9CA8B20795E6D08D18CCAFF067F35E12.d.CEF7113822893368CDC310F060AD7EDC.e.3379","ELEMENT":"f.9CA8B20795E6D08D18CCAFF067F35E12.d.CEF7113822893368CDC310F060AD7EDC.e.3379"}]}
RESULT: {"script":"<script> [56 bytes]","args":[{"element-6066-11e4-a52e-4f735466cecf":"f.9CA8B20795E6D08D18CCAFF067F35E12.d.CEF7113822893368CDC310F060AD7EDC.e.3379","ELEMENT":"f.9CA8B20795E6D08D18CCAFF067F35E12.d.CEF7113822893368CDC310F060AD7EDC.e.3379"}]}
COMMAND: POST /session/0b442ebc8f096c4bfeb5c66a52851a3f/element - {"using":"css selector","value":"#shell-header-logo"}
COMMAND: GET /session/0b442ebc8f096c4bfeb5c66a52851a3f/screenshot - {}
RESULT: {"using":"css selector","value":"#shell-header-logo"}
COMMAND: POST /session/0b442ebc8f096c4bfeb5c66a52851a3f/element/f.9CA8B20795E6D08D18CCAFF067F35E12.d.CEF7113822893368CDC310F060AD7EDC.e.2507/click - {}
RESULT: {}
RESULT: {}
COMMAND: GET /session/0b442ebc8f096c4bfeb5c66a52851a3f/screenshot - {}
RESULT: {}
]]></system-out>
    </testcase>
    <testcase classname="chrome.135_0_7049_96.windows.Billing_confirm_US117289" name="Should create new condition for equipment" time="74.762">
      <system-out><![CDATA[
COMMAND: POST /session/0b442ebc8f096c4bfeb5c66a52851a3f/execute/async - {"script":"<script> [1562 bytes]","args":[{"selector":{"controlType":"sap.m.Text","properties":{"text":"Manage Conditions & Prices"},"interaction":{"idSuffix":"inner"}},"wdio_ui5_key":"sapm.Text{\"text\":\"Manage Conditions & Prices\"}"}]}
RESULT: {"script":"<script> [1562 bytes]","args":[{"selector":{"controlType":"sap.m.Text","properties":{"text":"Manage Conditions & Prices"},"interaction":{"idSuffix":"inner"}},"wdio_ui5_key":"sapm.Text{\"text\":\"Manage Conditions & Prices\"}"}]}
RESULT: undefined
COMMAND: POST /session/0b442ebc8f096c4bfeb5c66a52851a3f/element - {"using":"xpath","value":"//*[@id=\"__tile53-title\"]"}
RESULT: {"using":"xpath","value":"//*[@id=\"__tile53-title\"]"}
COMMAND: POST /session/0b442ebc8f096c4bfeb5c66a52851a3f/element/f.9CA8B20795E6D08D18CCAFF067F35E12.d.CEF7113822893368CDC310F060AD7EDC.e.3382/click - {}
RESULT: {}
COMMAND: POST /session/0b442ebc8f096c4bfeb5c66a52851a3f/element - {"using":"xpath","value":"//button[@aria-label=\"Create\"]"}
COMMAND: GET /session/0b442ebc8f096c4bfeb5c66a52851a3f/screenshot - {}
RESULT: {"using":"xpath","value":"//button[@aria-label=\"Create\"]"}
COMMAND: POST /session/0b442ebc8f096c4bfeb5c66a52851a3f/elements - {"using":"xpath","value":"//button[@aria-label=\"Create\"]"}
RESULT: {}
RESULT: {"using":"xpath","value":"//button[@aria-label=\"Create\"]"}
COMMAND: POST /session/0b442ebc8f096c4bfeb5c66a52851a3f/elements - {"using":"xpath","value":"//button[@aria-label=\"Create\"]"}
RESULT: {"using":"xpath","value":"//button[@aria-label=\"Create\"]"}
COMMAND: POST /session/0b442ebc8f096c4bfeb5c66a52851a3f/elements - {"using":"xpath","value":"//button[@aria-label=\"Create\"]"}
RESULT: {"using":"xpath","value":"//button[@aria-label=\"Create\"]"}
COMMAND: POST /session/0b442ebc8f096c4bfeb5c66a52851a3f/elements - {"using":"xpath","value":"//button[@aria-label=\"Create\"]"}
RESULT: {"using":"xpath","value":"//button[@aria-label=\"Create\"]"}
COMMAND: POST /session/0b442ebc8f096c4bfeb5c66a52851a3f/elements - {"using":"xpath","value":"//button[@aria-label=\"Create\"]"}
RESULT: {"using":"xpath","value":"//button[@aria-label=\"Create\"]"}
COMMAND: POST /session/0b442ebc8f096c4bfeb5c66a52851a3f/elements - {"using":"xpath","value":"//button[@aria-label=\"Create\"]"}
RESULT: {"using":"xpath","value":"//button[@aria-label=\"Create\"]"}
COMMAND: POST /session/0b442ebc8f096c4bfeb5c66a52851a3f/element - {"using":"xpath","value":"//button[@aria-label=\"Create\"]"}
RESULT: {"using":"xpath","value":"//button[@aria-label=\"Create\"]"}
COMMAND: POST /session/0b442ebc8f096c4bfeb5c66a52851a3f/execute/sync - {"script":"<script> [8489 bytes]","args":[{"element-6066-11e4-a52e-4f735466cecf":"f.9CA8B20795E6D08D18CCAFF067F35E12.d.CEF7113822893368CDC310F060AD7EDC.e.3398","ELEMENT":"f.9CA8B20795E6D08D18CCAFF067F35E12.d.CEF7113822893368CDC310F060AD7EDC.e.3398"}]}
RESULT: {"script":"<script> [8489 bytes]","args":[{"element-6066-11e4-a52e-4f735466cecf":"f.9CA8B20795E6D08D18CCAFF067F35E12.d.CEF7113822893368CDC310F060AD7EDC.e.3398","ELEMENT":"f.9CA8B20795E6D08D18CCAFF067F35E12.d.CEF7113822893368CDC310F060AD7EDC.e.3398"}]}
COMMAND: GET /session/0b442ebc8f096c4bfeb5c66a52851a3f/element/f.9CA8B20795E6D08D18CCAFF067F35E12.d.CEF7113822893368CDC310F060AD7EDC.e.3398/enabled - {}
COMMAND: GET /session/0b442ebc8f096c4bfeb5c66a52851a3f/screenshot - {}
RESULT: {}
COMMAND: POST /session/0b442ebc8f096c4bfeb5c66a52851a3f/execute/sync - {"script":"<script> [8489 bytes]","args":[{"element-6066-11e4-a52e-4f735466cecf":"f.9CA8B20795E6D08D18CCAFF067F35E12.d.CEF7113822893368CDC310F060AD7EDC.e.3398","ELEMENT":"f.9CA8B20795E6D08D18CCAFF067F35E12.d.CEF7113822893368CDC310F060AD7EDC.e.3398"}]}
COMMAND: GET /session/0b442ebc8f096c4bfeb5c66a52851a3f/screenshot - {}
RESULT: {}
RESULT: {"script":"<script> [8489 bytes]","args":[{"element-6066-11e4-a52e-4f735466cecf":"f.9CA8B20795E6D08D18CCAFF067F35E12.d.CEF7113822893368CDC310F060AD7EDC.e.3398","ELEMENT":"f.9CA8B20795E6D08D18CCAFF067F35E12.d.CEF7113822893368CDC310F060AD7EDC.e.3398"}]}
COMMAND: POST /session/0b442ebc8f096c4bfeb5c66a52851a3f/execute/sync - {"script":"<script> [5351 bytes]","args":[{"element-6066-11e4-a52e-4f735466cecf":"f.9CA8B20795E6D08D18CCAFF067F35E12.d.CEF7113822893368CDC310F060AD7EDC.e.3398","ELEMENT":"f.9CA8B20795E6D08D18CCAFF067F35E12.d.CEF7113822893368CDC310F060AD7EDC.e.3398"}]}
COMMAND: GET /session/0b442ebc8f096c4bfeb5c66a52851a3f/screenshot - {}
RESULT: {}
RESULT: {"script":"<script> [5351 bytes]","args":[{"element-6066-11e4-a52e-4f735466cecf":"f.9CA8B20795E6D08D18CCAFF067F35E12.d.CEF7113822893368CDC310F060AD7EDC.e.3398","ELEMENT":"f.9CA8B20795E6D08D18CCAFF067F35E12.d.CEF7113822893368CDC310F060AD7EDC.e.3398"}]}
COMMAND: POST /session/0b442ebc8f096c4bfeb5c66a52851a3f/element/f.9CA8B20795E6D08D18CCAFF067F35E12.d.CEF7113822893368CDC310F060AD7EDC.e.3398/click - {}
COMMAND: GET /session/0b442ebc8f096c4bfeb5c66a52851a3f/screenshot - {}
RESULT: {}
RESULT: {}
COMMAND: GET /session/0b442ebc8f096c4bfeb5c66a52851a3f/screenshot - {}
RESULT: {}
RESULT: {}
COMMAND: POST /session/0b442ebc8f096c4bfeb5c66a52851a3f/actions - {"actions":[{"id":"action13","type":"key","parameters":{},"actions":[{"type":"keyDown","value":"î€‡"},{"type":"pause","duration":10},{"type":"keyUp","value":"î€‡"}]}]}
RESULT: {"actions":[{"id":"action13","type":"key","parameters":{},"actions":[{"type":"keyDown","value":"î€‡"},{"type":"pause","duration":10},{"type":"keyUp","value":"î€‡"}]}]}
COMMAND: GET /session/0b442ebc8f096c4bfeb5c66a52851a3f/screenshot - {}
RESULT: {}
COMMAND: POST /session/0b442ebc8f096c4bfeb5c66a52851a3f/execute/async - {"script":"<script> [1562 bytes]","args":[{"selector":{"id":"application-manageconditionprice-display-component---newCondition--condBillCond-arrow"},"wdio_ui5_key":"applicationmanageconditionprice-display-component---newCondition--condBillCond-arrow"}]}
RESULT: {"script":"<script> [1562 bytes]","args":[{"selector":{"id":"application-manageconditionprice-display-component---newCondition--condBillCond-arrow"},"wdio_ui5_key":"applicationmanageconditionprice-display-component---newCondition--condBillCond-arrow"}]}
RESULT: undefined
COMMAND: POST /session/0b442ebc8f096c4bfeb5c66a52851a3f/element - {"using":"xpath","value":"//*[@id=\"application-manageconditionprice-display-component---newCondition--condBillCond-arrow\"]"}
RESULT: {"using":"xpath","value":"//*[@id=\"application-manageconditionprice-display-component---newCondition--condBillCond-arrow\"]"}
COMMAND: POST /session/0b442ebc8f096c4bfeb5c66a52851a3f/element/f.9CA8B20795E6D08D18CCAFF067F35E12.d.CEF7113822893368CDC310F060AD7EDC.e.3579/click - {}
RESULT: {}
COMMAND: GET /session/0b442ebc8f096c4bfeb5c66a52851a3f/screenshot - {}
RESULT: {}
COMMAND: POST /session/0b442ebc8f096c4bfeb5c66a52851a3f/element - {"using":"xpath","value":"//li[.//span[contains(text(), \"DISP - D&I special price\")]]"}
RESULT: {"using":"xpath","value":"//li[.//span[contains(text(), \"DISP - D&I special price\")]]"}
COMMAND: POST /session/0b442ebc8f096c4bfeb5c66a52851a3f/element/f.9CA8B20795E6D08D18CCAFF067F35E12.d.CEF7113822893368CDC310F060AD7EDC.e.3582/click - {}
RESULT: {}
COMMAND: GET /session/0b442ebc8f096c4bfeb5c66a52851a3f/screenshot - {}
RESULT: {}
COMMAND: POST /session/0b442ebc8f096c4bfeb5c66a52851a3f/execute/async - {"script":"<script> [1562 bytes]","args":[{"selector":{"id":"application-manageconditionprice-display-component---newCondition--condValidTo","interaction":{"idSuffix":"inner"}},"wdio_ui5_key":"applicationmanageconditionprice-display-component---newCondition--condValidTo"}]}
RESULT: {"script":"<script> [1562 bytes]","args":[{"selector":{"id":"application-manageconditionprice-display-component---newCondition--condValidTo","interaction":{"idSuffix":"inner"}},"wdio_ui5_key":"applicationmanageconditionprice-display-component---newCondition--condValidTo"}]}
RESULT: undefined
COMMAND: POST /session/0b442ebc8f096c4bfeb5c66a52851a3f/execute/async - {"script":"<script> [776 bytes]","args":[{"enterText":"01/06/26","selector":{"id":"application-manageconditionprice-display-component---newCondition--condValidTo","interaction":{"idSuffix":"inner"}},"clearTextFirst":true,"interactionType":"ENTER_TEXT"}]}
RESULT: {"script":"<script> [776 bytes]","args":[{"enterText":"01/06/26","selector":{"id":"application-manageconditionprice-display-component---newCondition--condValidTo","interaction":{"idSuffix":"inner"}},"clearTextFirst":true,"interactionType":"ENTER_TEXT"}]}
COMMAND: POST /session/0b442ebc8f096c4bfeb5c66a52851a3f/element - {"using":"xpath","value":"//input[@id=\"application-manageconditionprice-display-component---newCondition--condRU-inner\"]"}
RESULT: {"using":"xpath","value":"//input[@id=\"application-manageconditionprice-display-component---newCondition--condRU-inner\"]"}
COMMAND: POST /session/0b442ebc8f096c4bfeb5c66a52851a3f/element/f.9CA8B20795E6D08D18CCAFF067F35E12.d.CEF7113822893368CDC310F060AD7EDC.e.3444/clear - {}
RESULT: {}
COMMAND: POST /session/0b442ebc8f096c4bfeb5c66a52851a3f/element/f.9CA8B20795E6D08D18CCAFF067F35E12.d.CEF7113822893368CDC310F060AD7EDC.e.3444/value - {"text":"fCpZ5npBEA"}
COMMAND: GET /session/0b442ebc8f096c4bfeb5c66a52851a3f/screenshot - {}
RESULT: {"text":"fCpZ5npBEA"}
COMMAND: GET /session/0b442ebc8f096c4bfeb5c66a52851a3f/screenshot - {}
RESULT: {}
RESULT: {}
COMMAND: POST /session/0b442ebc8f096c4bfeb5c66a52851a3f/actions - {"actions":[{"id":"action14","type":"key","parameters":{},"actions":[{"type":"keyDown","value":"î€‡"},{"type":"pause","duration":10},{"type":"keyUp","value":"î€‡"}]}]}
RESULT: {"actions":[{"id":"action14","type":"key","parameters":{},"actions":[{"type":"keyDown","value":"î€‡"},{"type":"pause","duration":10},{"type":"keyUp","value":"î€‡"}]}]}
COMMAND: POST /session/0b442ebc8f096c4bfeb5c66a52851a3f/execute/async - {"script":"<script> [1562 bytes]","args":[{"selector":{"id":"application-manageconditionprice-display-component---newCondition--condBaseQty","interaction":{"idSuffix":"inner"}},"wdio_ui5_key":"applicationmanageconditionprice-display-component---newCondition--condBaseQty"}]}
COMMAND: GET /session/0b442ebc8f096c4bfeb5c66a52851a3f/screenshot - {}
RESULT: {"script":"<script> [1562 bytes]","args":[{"selector":{"id":"application-manageconditionprice-display-component---newCondition--condBaseQty","interaction":{"idSuffix":"inner"}},"wdio_ui5_key":"applicationmanageconditionprice-display-component---newCondition--condBaseQty"}]}
RESULT: undefined
COMMAND: POST /session/0b442ebc8f096c4bfeb5c66a52851a3f/execute/async - {"script":"<script> [776 bytes]","args":[{"enterText":"1","selector":{"id":"application-manageconditionprice-display-component---newCondition--condBaseQty","interaction":{"idSuffix":"inner"}},"clearTextFirst":true,"interactionType":"ENTER_TEXT"}]}
RESULT: {}
RESULT: {"script":"<script> [776 bytes]","args":[{"enterText":"1","selector":{"id":"application-manageconditionprice-display-component---newCondition--condBaseQty","interaction":{"idSuffix":"inner"}},"clearTextFirst":true,"interactionType":"ENTER_TEXT"}]}
COMMAND: POST /session/0b442ebc8f096c4bfeb5c66a52851a3f/execute/async - {"script":"<script> [1562 bytes]","args":[{"selector":{"id":"application-manageconditionprice-display-component---newCondition--condValue","interaction":{"idSuffix":"inner"}},"wdio_ui5_key":"applicationmanageconditionprice-display-component---newCondition--condValue"}]}
RESULT: {"script":"<script> [1562 bytes]","args":[{"selector":{"id":"application-manageconditionprice-display-component---newCondition--condValue","interaction":{"idSuffix":"inner"}},"wdio_ui5_key":"applicationmanageconditionprice-display-component---newCondition--condValue"}]}
RESULT: undefined
COMMAND: POST /session/0b442ebc8f096c4bfeb5c66a52851a3f/execute/async - {"script":"<script> [776 bytes]","args":[{"enterText":"100","selector":{"id":"application-manageconditionprice-display-component---newCondition--condValue","interaction":{"idSuffix":"inner"}},"clearTextFirst":true,"interactionType":"ENTER_TEXT"}]}
RESULT: {"script":"<script> [776 bytes]","args":[{"enterText":"100","selector":{"id":"application-manageconditionprice-display-component---newCondition--condValue","interaction":{"idSuffix":"inner"}},"clearTextFirst":true,"interactionType":"ENTER_TEXT"}]}
COMMAND: POST /session/0b442ebc8f096c4bfeb5c66a52851a3f/execute/async - {"script":"<script> [1562 bytes]","args":[{"selector":{"id":"application-manageconditionprice-display-component---newCondition--condCurr-arrow"},"wdio_ui5_key":"applicationmanageconditionprice-display-component---newCondition--condCurr-arrow"}]}
RESULT: {"script":"<script> [1562 bytes]","args":[{"selector":{"id":"application-manageconditionprice-display-component---newCondition--condCurr-arrow"},"wdio_ui5_key":"applicationmanageconditionprice-display-component---newCondition--condCurr-arrow"}]}
RESULT: undefined
COMMAND: POST /session/0b442ebc8f096c4bfeb5c66a52851a3f/element - {"using":"xpath","value":"//*[@id=\"application-manageconditionprice-display-component---newCondition--condCurr-arrow\"]"}
RESULT: {"using":"xpath","value":"//*[@id=\"application-manageconditionprice-display-component---newCondition--condCurr-arrow\"]"}
COMMAND: POST /session/0b442ebc8f096c4bfeb5c66a52851a3f/element/f.9CA8B20795E6D08D18CCAFF067F35E12.d.CEF7113822893368CDC310F060AD7EDC.e.3535/click - {}
RESULT: {}
COMMAND: POST /session/0b442ebc8f096c4bfeb5c66a52851a3f/element - {"using":"xpath","value":"//span[contains(text(), \"Euro\")]"}
COMMAND: GET /session/0b442ebc8f096c4bfeb5c66a52851a3f/screenshot - {}
RESULT: {"using":"xpath","value":"//span[contains(text(), \"Euro\")]"}
COMMAND: POST /session/0b442ebc8f096c4bfeb5c66a52851a3f/element/f.9CA8B20795E6D08D18CCAFF067F35E12.d.CEF7113822893368CDC310F060AD7EDC.e.3619/click - {}
RESULT: {}
RESULT: {}
COMMAND: POST /session/0b442ebc8f096c4bfeb5c66a52851a3f/element - {"using":"xpath","value":"//button[@data-kt=\"saveButton\"]"}
COMMAND: GET /session/0b442ebc8f096c4bfeb5c66a52851a3f/screenshot - {}
RESULT: {"using":"xpath","value":"//button[@data-kt=\"saveButton\"]"}
COMMAND: POST /session/0b442ebc8f096c4bfeb5c66a52851a3f/element/f.9CA8B20795E6D08D18CCAFF067F35E12.d.CEF7113822893368CDC310F060AD7EDC.e.3536/click - {}
RESULT: {}
RESULT: {}
COMMAND: GET /session/0b442ebc8f096c4bfeb5c66a52851a3f/screenshot - {}
RESULT: {}
COMMAND: POST /session/0b442ebc8f096c4bfeb5c66a52851a3f/execute/async - {"script":"<script> [1562 bytes]","args":[{"selector":{"id":"application-manageconditionprice-display-component---conditions--smartFilterBar-btnBasicSearch","interaction":{"idSuffix":"I"}},"wdio_ui5_key":"applicationmanageconditionprice-display-component---conditions--smartFilterBar-btnBasicSearch"}]}
RESULT: {"script":"<script> [1562 bytes]","args":[{"selector":{"id":"application-manageconditionprice-display-component---conditions--smartFilterBar-btnBasicSearch","interaction":{"idSuffix":"I"}},"wdio_ui5_key":"applicationmanageconditionprice-display-component---conditions--smartFilterBar-btnBasicSearch"}]}
RESULT: undefined
COMMAND: POST /session/0b442ebc8f096c4bfeb5c66a52851a3f/execute/async - {"script":"<script> [776 bytes]","args":[{"enterText":"fCpZ5npBEA","selector":{"id":"application-manageconditionprice-display-component---conditions--smartFilterBar-btnBasicSearch","interaction":{"idSuffix":"I"}},"clearTextFirst":true,"interactionType":"ENTER_TEXT"}]}
RESULT: {"script":"<script> [776 bytes]","args":[{"enterText":"fCpZ5npBEA","selector":{"id":"application-manageconditionprice-display-component---conditions--smartFilterBar-btnBasicSearch","interaction":{"idSuffix":"I"}},"clearTextFirst":true,"interactionType":"ENTER_TEXT"}]}
COMMAND: POST /session/0b442ebc8f096c4bfeb5c66a52851a3f/actions - {"actions":[{"id":"action15","type":"key","parameters":{},"actions":[{"type":"keyDown","value":"î€‡"},{"type":"pause","duration":10},{"type":"keyUp","value":"î€‡"}]}]}
RESULT: {"actions":[{"id":"action15","type":"key","parameters":{},"actions":[{"type":"keyDown","value":"î€‡"},{"type":"pause","duration":10},{"type":"keyUp","value":"î€‡"}]}]}
COMMAND: GET /session/0b442ebc8f096c4bfeb5c66a52851a3f/screenshot - {}
RESULT: {}
COMMAND: POST /session/0b442ebc8f096c4bfeb5c66a52851a3f/execute/async - {"script":"<script> [1562 bytes]","args":[{"selector":{"id":"application-manageconditionprice-display-component---conditions--smartFilterBar-filterItemControl_BASIC-BILL_TYPES-vhi"},"wdio_ui5_key":"applicationmanageconditionprice-display-component---conditions--smartFilterBar-filterItemControl_BASIC-BILL_TYPES-vhi"}]}
RESULT: {"script":"<script> [1562 bytes]","args":[{"selector":{"id":"application-manageconditionprice-display-component---conditions--smartFilterBar-filterItemControl_BASIC-BILL_TYPES-vhi"},"wdio_ui5_key":"applicationmanageconditionprice-display-component---conditions--smartFilterBar-filterItemControl_BASIC-BILL_TYPES-vhi"}]}
RESULT: undefined
COMMAND: POST /session/0b442ebc8f096c4bfeb5c66a52851a3f/element - {"using":"xpath","value":"//*[@id=\"application-manageconditionprice-display-component---conditions--smartFilterBar-filterItemControl_BASIC-BILL_TYPES-vhi\"]"}
RESULT: {"using":"xpath","value":"//*[@id=\"application-manageconditionprice-display-component---conditions--smartFilterBar-filterItemControl_BASIC-BILL_TYPES-vhi\"]"}
COMMAND: POST /session/0b442ebc8f096c4bfeb5c66a52851a3f/element/f.9CA8B20795E6D08D18CCAFF067F35E12.d.CEF7113822893368CDC310F060AD7EDC.e.3725/click - {}
RESULT: {}
COMMAND: POST /session/0b442ebc8f096c4bfeb5c66a52851a3f/execute/async - {"script":"<script> [1562 bytes]","args":[{"selector":{"id":"application-manageconditionprice-display-component---conditions--smartFilterBar-filterItemControl_BASIC-BILL_TYPES-valueHelpDialog-smartFilterBar-btnBasicSearch","searchOpenDialogs":true,"interaction":{"idSuffix":"I"}},"wdio_ui5_key":"applicationmanageconditionprice-display-component---conditions--smartFilterBar-filterItemControl_BASIC-BILL_TYPES-valueHelpDialog-smartFilterBar-btnBasicSearch"}]}
COMMAND: GET /session/0b442ebc8f096c4bfeb5c66a52851a3f/screenshot - {}
RESULT: {"script":"<script> [1562 bytes]","args":[{"selector":{"id":"application-manageconditionprice-display-component---conditions--smartFilterBar-filterItemControl_BASIC-BILL_TYPES-valueHelpDialog-smartFilterBar-btnBasicSearch","searchOpenDialogs":true,"interaction":{"idSuffix":"I"}},"wdio_ui5_key":"applicationmanageconditionprice-display-component---conditions--smartFilterBar-filterItemControl_BASIC-BILL_TYPES-valueHelpDialog-smartFilterBar-btnBasicSearch"}]}
RESULT: undefined
COMMAND: POST /session/0b442ebc8f096c4bfeb5c66a52851a3f/execute/async - {"script":"<script> [776 bytes]","args":[{"enterText":"TB","selector":{"id":"application-manageconditionprice-display-component---conditions--smartFilterBar-filterItemControl_BASIC-BILL_TYPES-valueHelpDialog-smartFilterBar-btnBasicSearch","searchOpenDialogs":true,"interaction":{"idSuffix":"I"}},"clearTextFirst":true,"interactionType":"ENTER_TEXT"}]}
RESULT: {}
RESULT: {"script":"<script> [776 bytes]","args":[{"enterText":"TB","selector":{"id":"application-manageconditionprice-display-component---conditions--smartFilterBar-filterItemControl_BASIC-BILL_TYPES-valueHelpDialog-smartFilterBar-btnBasicSearch","searchOpenDialogs":true,"interaction":{"idSuffix":"I"}},"clearTextFirst":true,"interactionType":"ENTER_TEXT"}]}
COMMAND: POST /session/0b442ebc8f096c4bfeb5c66a52851a3f/actions - {"actions":[{"id":"action16","type":"key","parameters":{},"actions":[{"type":"keyDown","value":"î€‡"},{"type":"pause","duration":10},{"type":"keyUp","value":"î€‡"}]}]}
RESULT: {"actions":[{"id":"action16","type":"key","parameters":{},"actions":[{"type":"keyDown","value":"î€‡"},{"type":"pause","duration":10},{"type":"keyUp","value":"î€‡"}]}]}
COMMAND: GET /session/0b442ebc8f096c4bfeb5c66a52851a3f/screenshot - {}
RESULT: {}
COMMAND: POST /session/0b442ebc8f096c4bfeb5c66a52851a3f/element - {"using":"xpath","value":"//div[contains(@id, 'application-manageconditionprice-display-component---conditions--smartFilterBar-filterItemControl_BASIC-BILL_TYPES-valueHelpDialog-table-rowsel0')]"}
RESULT: {"using":"xpath","value":"//div[contains(@id, 'application-manageconditionprice-display-component---conditions--smartFilterBar-filterItemControl_BASIC-BILL_TYPES-valueHelpDialog-table-rowsel0')]"}
COMMAND: POST /session/0b442ebc8f096c4bfeb5c66a52851a3f/element/f.9CA8B20795E6D08D18CCAFF067F35E12.d.CEF7113822893368CDC310F060AD7EDC.e.3734/click - {}
RESULT: {}
COMMAND: GET /session/0b442ebc8f096c4bfeb5c66a52851a3f/screenshot - {}
RESULT: {}
COMMAND: POST /session/0b442ebc8f096c4bfeb5c66a52851a3f/element - {"using":"xpath","value":"//bdi[contains(text(), \"OK\")]"}
RESULT: {"using":"xpath","value":"//bdi[contains(text(), \"OK\")]"}
COMMAND: POST /session/0b442ebc8f096c4bfeb5c66a52851a3f/element/f.9CA8B20795E6D08D18CCAFF067F35E12.d.CEF7113822893368CDC310F060AD7EDC.e.3736/click - {}
RESULT: {}
COMMAND: GET /session/0b442ebc8f096c4bfeb5c66a52851a3f/screenshot - {}
RESULT: {}
COMMAND: POST /session/0b442ebc8f096c4bfeb5c66a52851a3f/element - {"using":"xpath","value":"//span[@id=\"application-manageconditionprice-display-component---conditions--smartTable-header-inner\"]"}
RESULT: {"using":"xpath","value":"//span[@id=\"application-manageconditionprice-display-component---conditions--smartTable-header-inner\"]"}
COMMAND: POST /session/0b442ebc8f096c4bfeb5c66a52851a3f/elements - {"using":"xpath","value":"//span[@id=\"application-manageconditionprice-display-component---conditions--smartTable-header-inner\"]"}
RESULT: {"using":"xpath","value":"//span[@id=\"application-manageconditionprice-display-component---conditions--smartTable-header-inner\"]"}
COMMAND: POST /session/0b442ebc8f096c4bfeb5c66a52851a3f/execute/sync - {"script":"<script> [56 bytes]","args":[{"element-6066-11e4-a52e-4f735466cecf":"f.9CA8B20795E6D08D18CCAFF067F35E12.d.CEF7113822893368CDC310F060AD7EDC.e.3739","ELEMENT":"f.9CA8B20795E6D08D18CCAFF067F35E12.d.CEF7113822893368CDC310F060AD7EDC.e.3739"}]}
RESULT: {"script":"<script> [56 bytes]","args":[{"element-6066-11e4-a52e-4f735466cecf":"f.9CA8B20795E6D08D18CCAFF067F35E12.d.CEF7113822893368CDC310F060AD7EDC.e.3739","ELEMENT":"f.9CA8B20795E6D08D18CCAFF067F35E12.d.CEF7113822893368CDC310F060AD7EDC.e.3739"}]}
COMMAND: POST /session/0b442ebc8f096c4bfeb5c66a52851a3f/element - {"using":"css selector","value":"#shell-header-logo"}
COMMAND: GET /session/0b442ebc8f096c4bfeb5c66a52851a3f/screenshot - {}
RESULT: {"using":"css selector","value":"#shell-header-logo"}
COMMAND: POST /session/0b442ebc8f096c4bfeb5c66a52851a3f/element/f.9CA8B20795E6D08D18CCAFF067F35E12.d.CEF7113822893368CDC310F060AD7EDC.e.3384/click - {}
RESULT: {}
RESULT: {}
COMMAND: GET /session/0b442ebc8f096c4bfeb5c66a52851a3f/screenshot - {}
RESULT: {}
]]></system-out>
    </testcase>
    <testcase classname="chrome.135_0_7049_96.windows.Billing_confirm_US117289" name="Should do a stock increase" time="92.159">
      <system-out><![CDATA[
COMMAND: POST /session/0b442ebc8f096c4bfeb5c66a52851a3f/execute/async - {"script":"<script> [1562 bytes]","args":[{"selector":{"controlType":"sap.m.Text","viewName":"etm.portal.ui.managehandoverstile.view.Master","properties":{"text":"Manage Handovers"},"interaction":{"idSuffix":"inner"}},"wdio_ui5_key":"etmportal.ui.managehandoverstile.view.Mastersap.m.Text{\"text\":\"Manage Handovers\"}"}]}
RESULT: {"script":"<script> [1562 bytes]","args":[{"selector":{"controlType":"sap.m.Text","viewName":"etm.portal.ui.managehandoverstile.view.Master","properties":{"text":"Manage Handovers"},"interaction":{"idSuffix":"inner"}},"wdio_ui5_key":"etmportal.ui.managehandoverstile.view.Mastersap.m.Text{\"text\":\"Manage Handovers\"}"}]}
RESULT: undefined
COMMAND: POST /session/0b442ebc8f096c4bfeb5c66a52851a3f/element - {"using":"xpath","value":"//*[@id=\"__tile130-title\"]"}
RESULT: {"using":"xpath","value":"//*[@id=\"__tile130-title\"]"}
COMMAND: POST /session/0b442ebc8f096c4bfeb5c66a52851a3f/element/f.9CA8B20795E6D08D18CCAFF067F35E12.d.CEF7113822893368CDC310F060AD7EDC.e.3744/click - {}
RESULT: {}
COMMAND: POST /session/0b442ebc8f096c4bfeb5c66a52851a3f/element - {"using":"xpath","value":"//button[@data-kt=\"masterHOAddButton\"]"}
COMMAND: GET /session/0b442ebc8f096c4bfeb5c66a52851a3f/screenshot - {}
RESULT: {"using":"xpath","value":"//button[@data-kt=\"masterHOAddButton\"]"}
COMMAND: POST /session/0b442ebc8f096c4bfeb5c66a52851a3f/elements - {"using":"xpath","value":"//button[@data-kt=\"masterHOAddButton\"]"}
RESULT: {}
RESULT: {"using":"xpath","value":"//button[@data-kt=\"masterHOAddButton\"]"}
COMMAND: POST /session/0b442ebc8f096c4bfeb5c66a52851a3f/elements - {"using":"xpath","value":"//button[@data-kt=\"masterHOAddButton\"]"}
RESULT: {"using":"xpath","value":"//button[@data-kt=\"masterHOAddButton\"]"}
COMMAND: POST /session/0b442ebc8f096c4bfeb5c66a52851a3f/elements - {"using":"xpath","value":"//button[@data-kt=\"masterHOAddButton\"]"}
RESULT: {"using":"xpath","value":"//button[@data-kt=\"masterHOAddButton\"]"}
COMMAND: POST /session/0b442ebc8f096c4bfeb5c66a52851a3f/elements - {"using":"xpath","value":"//button[@data-kt=\"masterHOAddButton\"]"}
RESULT: {"using":"xpath","value":"//button[@data-kt=\"masterHOAddButton\"]"}
COMMAND: POST /session/0b442ebc8f096c4bfeb5c66a52851a3f/elements - {"using":"xpath","value":"//button[@data-kt=\"masterHOAddButton\"]"}
RESULT: {"using":"xpath","value":"//button[@data-kt=\"masterHOAddButton\"]"}
COMMAND: POST /session/0b442ebc8f096c4bfeb5c66a52851a3f/elements - {"using":"xpath","value":"//button[@data-kt=\"masterHOAddButton\"]"}
RESULT: {"using":"xpath","value":"//button[@data-kt=\"masterHOAddButton\"]"}
COMMAND: POST /session/0b442ebc8f096c4bfeb5c66a52851a3f/elements - {"using":"xpath","value":"//button[@data-kt=\"masterHOAddButton\"]"}
RESULT: {"using":"xpath","value":"//button[@data-kt=\"masterHOAddButton\"]"}
COMMAND: POST /session/0b442ebc8f096c4bfeb5c66a52851a3f/elements - {"using":"xpath","value":"//button[@data-kt=\"masterHOAddButton\"]"}
RESULT: {"using":"xpath","value":"//button[@data-kt=\"masterHOAddButton\"]"}
COMMAND: POST /session/0b442ebc8f096c4bfeb5c66a52851a3f/elements - {"using":"xpath","value":"//button[@data-kt=\"masterHOAddButton\"]"}
RESULT: {"using":"xpath","value":"//button[@data-kt=\"masterHOAddButton\"]"}
COMMAND: POST /session/0b442ebc8f096c4bfeb5c66a52851a3f/elements - {"using":"xpath","value":"//button[@data-kt=\"masterHOAddButton\"]"}
RESULT: {"using":"xpath","value":"//button[@data-kt=\"masterHOAddButton\"]"}
COMMAND: POST /session/0b442ebc8f096c4bfeb5c66a52851a3f/elements - {"using":"xpath","value":"//button[@data-kt=\"masterHOAddButton\"]"}
RESULT: {"using":"xpath","value":"//button[@data-kt=\"masterHOAddButton\"]"}
COMMAND: POST /session/0b442ebc8f096c4bfeb5c66a52851a3f/elements - {"using":"xpath","value":"//button[@data-kt=\"masterHOAddButton\"]"}
RESULT: {"using":"xpath","value":"//button[@data-kt=\"masterHOAddButton\"]"}
COMMAND: POST /session/0b442ebc8f096c4bfeb5c66a52851a3f/elements - {"using":"xpath","value":"//button[@data-kt=\"masterHOAddButton\"]"}
RESULT: {"using":"xpath","value":"//button[@data-kt=\"masterHOAddButton\"]"}
COMMAND: POST /session/0b442ebc8f096c4bfeb5c66a52851a3f/elements - {"using":"xpath","value":"//button[@data-kt=\"masterHOAddButton\"]"}
RESULT: {"using":"xpath","value":"//button[@data-kt=\"masterHOAddButton\"]"}
COMMAND: POST /session/0b442ebc8f096c4bfeb5c66a52851a3f/elements - {"using":"xpath","value":"//button[@data-kt=\"masterHOAddButton\"]"}
RESULT: {"using":"xpath","value":"//button[@data-kt=\"masterHOAddButton\"]"}
COMMAND: POST /session/0b442ebc8f096c4bfeb5c66a52851a3f/elements - {"using":"xpath","value":"//button[@data-kt=\"masterHOAddButton\"]"}
RESULT: {"using":"xpath","value":"//button[@data-kt=\"masterHOAddButton\"]"}
COMMAND: POST /session/0b442ebc8f096c4bfeb5c66a52851a3f/elements - {"using":"xpath","value":"//button[@data-kt=\"masterHOAddButton\"]"}
RESULT: {"using":"xpath","value":"//button[@data-kt=\"masterHOAddButton\"]"}
COMMAND: POST /session/0b442ebc8f096c4bfeb5c66a52851a3f/elements - {"using":"xpath","value":"//button[@data-kt=\"masterHOAddButton\"]"}
RESULT: {"using":"xpath","value":"//button[@data-kt=\"masterHOAddButton\"]"}
COMMAND: POST /session/0b442ebc8f096c4bfeb5c66a52851a3f/element - {"using":"xpath","value":"//button[@data-kt=\"masterHOAddButton\"]"}
RESULT: {"using":"xpath","value":"//button[@data-kt=\"masterHOAddButton\"]"}
COMMAND: POST /session/0b442ebc8f096c4bfeb5c66a52851a3f/execute/sync - {"script":"<script> [8489 bytes]","args":[{"element-6066-11e4-a52e-4f735466cecf":"f.9CA8B20795E6D08D18CCAFF067F35E12.d.CEF7113822893368CDC310F060AD7EDC.e.3775","ELEMENT":"f.9CA8B20795E6D08D18CCAFF067F35E12.d.CEF7113822893368CDC310F060AD7EDC.e.3775"}]}
RESULT: {"script":"<script> [8489 bytes]","args":[{"element-6066-11e4-a52e-4f735466cecf":"f.9CA8B20795E6D08D18CCAFF067F35E12.d.CEF7113822893368CDC310F060AD7EDC.e.3775","ELEMENT":"f.9CA8B20795E6D08D18CCAFF067F35E12.d.CEF7113822893368CDC310F060AD7EDC.e.3775"}]}
COMMAND: GET /session/0b442ebc8f096c4bfeb5c66a52851a3f/element/f.9CA8B20795E6D08D18CCAFF067F35E12.d.CEF7113822893368CDC310F060AD7EDC.e.3775/enabled - {}
COMMAND: GET /session/0b442ebc8f096c4bfeb5c66a52851a3f/screenshot - {}
RESULT: {}
COMMAND: POST /session/0b442ebc8f096c4bfeb5c66a52851a3f/execute/sync - {"script":"<script> [8489 bytes]","args":[{"element-6066-11e4-a52e-4f735466cecf":"f.9CA8B20795E6D08D18CCAFF067F35E12.d.CEF7113822893368CDC310F060AD7EDC.e.3775","ELEMENT":"f.9CA8B20795E6D08D18CCAFF067F35E12.d.CEF7113822893368CDC310F060AD7EDC.e.3775"}]}
COMMAND: GET /session/0b442ebc8f096c4bfeb5c66a52851a3f/screenshot - {}
RESULT: {}
RESULT: {"script":"<script> [8489 bytes]","args":[{"element-6066-11e4-a52e-4f735466cecf":"f.9CA8B20795E6D08D18CCAFF067F35E12.d.CEF7113822893368CDC310F060AD7EDC.e.3775","ELEMENT":"f.9CA8B20795E6D08D18CCAFF067F35E12.d.CEF7113822893368CDC310F060AD7EDC.e.3775"}]}
COMMAND: POST /session/0b442ebc8f096c4bfeb5c66a52851a3f/execute/sync - {"script":"<script> [5351 bytes]","args":[{"element-6066-11e4-a52e-4f735466cecf":"f.9CA8B20795E6D08D18CCAFF067F35E12.d.CEF7113822893368CDC310F060AD7EDC.e.3775","ELEMENT":"f.9CA8B20795E6D08D18CCAFF067F35E12.d.CEF7113822893368CDC310F060AD7EDC.e.3775"}]}
RESULT: {}
COMMAND: GET /session/0b442ebc8f096c4bfeb5c66a52851a3f/screenshot - {}
RESULT: {"script":"<script> [5351 bytes]","args":[{"element-6066-11e4-a52e-4f735466cecf":"f.9CA8B20795E6D08D18CCAFF067F35E12.d.CEF7113822893368CDC310F060AD7EDC.e.3775","ELEMENT":"f.9CA8B20795E6D08D18CCAFF067F35E12.d.CEF7113822893368CDC310F060AD7EDC.e.3775"}]}
COMMAND: POST /session/0b442ebc8f096c4bfeb5c66a52851a3f/element/f.9CA8B20795E6D08D18CCAFF067F35E12.d.CEF7113822893368CDC310F060AD7EDC.e.3775/click - {}
RESULT: {}
COMMAND: GET /session/0b442ebc8f096c4bfeb5c66a52851a3f/screenshot - {}
COMMAND: GET /session/0b442ebc8f096c4bfeb5c66a52851a3f/screenshot - {}
RESULT: {}
RESULT: {}
RESULT: {}
COMMAND: POST /session/0b442ebc8f096c4bfeb5c66a52851a3f/element - {"using":"xpath","value":"//span[contains(@id ,\"AddNewHO--typeSelect-arrow\")]"}
RESULT: {"using":"xpath","value":"//span[contains(@id ,\"AddNewHO--typeSelect-arrow\")]"}
COMMAND: POST /session/0b442ebc8f096c4bfeb5c66a52851a3f/element/f.9CA8B20795E6D08D18CCAFF067F35E12.d.CEF7113822893368CDC310F060AD7EDC.e.4122/click - {}
RESULT: {}
COMMAND: GET /session/0b442ebc8f096c4bfeb5c66a52851a3f/screenshot - {}
RESULT: {}
COMMAND: POST /session/0b442ebc8f096c4bfeb5c66a52851a3f/element - {"using":"xpath","value":"(//li[contains(text(), \"stock increase yard\")])[1]"}
RESULT: {"using":"xpath","value":"(//li[contains(text(), \"stock increase yard\")])[1]"}
COMMAND: POST /session/0b442ebc8f096c4bfeb5c66a52851a3f/element/f.9CA8B20795E6D08D18CCAFF067F35E12.d.CEF7113822893368CDC310F060AD7EDC.e.4123/click - {}
RESULT: {}
COMMAND: GET /session/0b442ebc8f096c4bfeb5c66a52851a3f/screenshot - {}
RESULT: {}
COMMAND: POST /session/0b442ebc8f096c4bfeb5c66a52851a3f/execute/async - {"script":"<script> [1562 bytes]","args":[{"selector":{"id":"application-managehandovers-display-component---AddNewHO--dueDate","interaction":{"idSuffix":"inner"}},"wdio_ui5_key":"applicationmanagehandovers-display-component---AddNewHO--dueDate"}]}
RESULT: {"script":"<script> [1562 bytes]","args":[{"selector":{"id":"application-managehandovers-display-component---AddNewHO--dueDate","interaction":{"idSuffix":"inner"}},"wdio_ui5_key":"applicationmanagehandovers-display-component---AddNewHO--dueDate"}]}
RESULT: undefined
COMMAND: POST /session/0b442ebc8f096c4bfeb5c66a52851a3f/execute/async - {"script":"<script> [6424 bytes]","args":[{"element-6066-11e4-a52e-4f735466cecf":"f.9CA8B20795E6D08D18CCAFF067F35E12.d.CEF7113822893368CDC310F060AD7EDC.e.4125"},"setValue",["05/06/2025"]]}
RESULT: {"script":"<script> [6424 bytes]","args":[{"element-6066-11e4-a52e-4f735466cecf":"f.9CA8B20795E6D08D18CCAFF067F35E12.d.CEF7113822893368CDC310F060AD7EDC.e.4125"},"setValue",["05/06/2025"]]}
COMMAND: POST /session/0b442ebc8f096c4bfeb5c66a52851a3f/element - {"using":"xpath","value":"//input[@id=\"generalSectionFrg--receiveYard-inner\"]"}
RESULT: {"using":"xpath","value":"//input[@id=\"generalSectionFrg--receiveYard-inner\"]"}
COMMAND: POST /session/0b442ebc8f096c4bfeb5c66a52851a3f/element/f.9CA8B20795E6D08D18CCAFF067F35E12.d.CEF7113822893368CDC310F060AD7EDC.e.4131/clear - {}
RESULT: {}
COMMAND: POST /session/0b442ebc8f096c4bfeb5c66a52851a3f/element/f.9CA8B20795E6D08D18CCAFF067F35E12.d.CEF7113822893368CDC310F060AD7EDC.e.4131/value - {"text":"617"}
COMMAND: GET /session/0b442ebc8f096c4bfeb5c66a52851a3f/screenshot - {}
RESULT: {"text":"617"}
COMMAND: GET /session/0b442ebc8f096c4bfeb5c66a52851a3f/screenshot - {}
RESULT: {}
RESULT: {}
COMMAND: POST /session/0b442ebc8f096c4bfeb5c66a52851a3f/element - {"using":"xpath","value":"//li[.//span[text()='617']]"}
RESULT: {"using":"xpath","value":"//li[.//span[text()='617']]"}
COMMAND: POST /session/0b442ebc8f096c4bfeb5c66a52851a3f/element/f.9CA8B20795E6D08D18CCAFF067F35E12.d.CEF7113822893368CDC310F060AD7EDC.e.4147/click - {}
RESULT: {}
COMMAND: GET /session/0b442ebc8f096c4bfeb5c66a52851a3f/screenshot - {}
RESULT: {}
COMMAND: POST /session/0b442ebc8f096c4bfeb5c66a52851a3f/execute/async - {"script":"<script> [1562 bytes]","args":[{"selector":{"id":"application-managehandovers-display-component---AddNewHO--ObjectPageLayout-anchBar-application-managehandovers-display-component---AddNewHO--section4-anchor","interaction":{"idSuffix":"BDI-content"}},"wdio_ui5_key":"applicationmanagehandovers-display-component---AddNewHO--ObjectPageLayout-anchBar-application-managehandovers-display-component---AddNewHO--section4-anchor"}]}
RESULT: {"script":"<script> [1562 bytes]","args":[{"selector":{"id":"application-managehandovers-display-component---AddNewHO--ObjectPageLayout-anchBar-application-managehandovers-display-component---AddNewHO--section4-anchor","interaction":{"idSuffix":"BDI-content"}},"wdio_ui5_key":"applicationmanagehandovers-display-component---AddNewHO--ObjectPageLayout-anchBar-application-managehandovers-display-component---AddNewHO--section4-anchor"}]}
RESULT: undefined
COMMAND: POST /session/0b442ebc8f096c4bfeb5c66a52851a3f/element - {"using":"xpath","value":"//*[@id=\"application-managehandovers-display-component---AddNewHO--ObjectPageLayout-anchBar-application-managehandovers-display-component---AddNewHO--section4-anchor\"]"}
RESULT: {"using":"xpath","value":"//*[@id=\"application-managehandovers-display-component---AddNewHO--ObjectPageLayout-anchBar-application-managehandovers-display-component---AddNewHO--section4-anchor\"]"}
COMMAND: POST /session/0b442ebc8f096c4bfeb5c66a52851a3f/element/f.9CA8B20795E6D08D18CCAFF067F35E12.d.CEF7113822893368CDC310F060AD7EDC.e.4149/click - {}
RESULT: {}
COMMAND: POST /session/0b442ebc8f096c4bfeb5c66a52851a3f/element - {"using":"xpath","value":"//button[@aria-label=\"Add\"]"}
COMMAND: GET /session/0b442ebc8f096c4bfeb5c66a52851a3f/screenshot - {}
RESULT: {"using":"xpath","value":"//button[@aria-label=\"Add\"]"}
COMMAND: POST /session/0b442ebc8f096c4bfeb5c66a52851a3f/element/f.9CA8B20795E6D08D18CCAFF067F35E12.d.CEF7113822893368CDC310F060AD7EDC.e.4151/click - {}
RESULT: {}
RESULT: {}
COMMAND: GET /session/0b442ebc8f096c4bfeb5c66a52851a3f/screenshot - {}
RESULT: {}
COMMAND: POST /session/0b442ebc8f096c4bfeb5c66a52851a3f/execute/async - {"script":"<script> [1562 bytes]","args":[{"selector":{"id":"application-managehandovers-display-component---AddNewHO--smartFilterBar-btnBasicSearch","searchOpenDialogs":true,"interaction":{"idSuffix":"I"}},"wdio_ui5_key":"applicationmanagehandovers-display-component---AddNewHO--smartFilterBar-btnBasicSearch"}]}
RESULT: {"script":"<script> [1562 bytes]","args":[{"selector":{"id":"application-managehandovers-display-component---AddNewHO--smartFilterBar-btnBasicSearch","searchOpenDialogs":true,"interaction":{"idSuffix":"I"}},"wdio_ui5_key":"applicationmanagehandovers-display-component---AddNewHO--smartFilterBar-btnBasicSearch"}]}
RESULT: undefined
COMMAND: POST /session/0b442ebc8f096c4bfeb5c66a52851a3f/execute/async - {"script":"<script> [776 bytes]","args":[{"enterText":"fCpZ5npBEA","selector":{"id":"application-managehandovers-display-component---AddNewHO--smartFilterBar-btnBasicSearch","searchOpenDialogs":true,"interaction":{"idSuffix":"I"}},"clearTextFirst":true,"interactionType":"ENTER_TEXT"}]}
RESULT: {"script":"<script> [776 bytes]","args":[{"enterText":"fCpZ5npBEA","selector":{"id":"application-managehandovers-display-component---AddNewHO--smartFilterBar-btnBasicSearch","searchOpenDialogs":true,"interaction":{"idSuffix":"I"}},"clearTextFirst":true,"interactionType":"ENTER_TEXT"}]}
COMMAND: POST /session/0b442ebc8f096c4bfeb5c66a52851a3f/actions - {"actions":[{"id":"action17","type":"key","parameters":{},"actions":[{"type":"keyDown","value":"î€‡"},{"type":"pause","duration":10},{"type":"keyUp","value":"î€‡"}]}]}
RESULT: {"actions":[{"id":"action17","type":"key","parameters":{},"actions":[{"type":"keyDown","value":"î€‡"},{"type":"pause","duration":10},{"type":"keyUp","value":"î€‡"}]}]}
COMMAND: GET /session/0b442ebc8f096c4bfeb5c66a52851a3f/screenshot - {}
RESULT: {}
COMMAND: POST /session/0b442ebc8f096c4bfeb5c66a52851a3f/execute/async - {"script":"<script> [1562 bytes]","args":[{"selector":{"id":"application-managehandovers-display-component---AddNewHO--popup-sa","searchOpenDialogs":true,"interaction":{"idSuffix":"CbBg"}},"wdio_ui5_key":"applicationmanagehandovers-display-component---AddNewHO--popup-sa"}]}
RESULT: {"script":"<script> [1562 bytes]","args":[{"selector":{"id":"application-managehandovers-display-component---AddNewHO--popup-sa","searchOpenDialogs":true,"interaction":{"idSuffix":"CbBg"}},"wdio_ui5_key":"applicationmanagehandovers-display-component---AddNewHO--popup-sa"}]}
RESULT: undefined
COMMAND: POST /session/0b442ebc8f096c4bfeb5c66a52851a3f/element - {"using":"xpath","value":"//*[@id=\"application-managehandovers-display-component---AddNewHO--popup-sa\"]"}
RESULT: {"using":"xpath","value":"//*[@id=\"application-managehandovers-display-component---AddNewHO--popup-sa\"]"}
COMMAND: POST /session/0b442ebc8f096c4bfeb5c66a52851a3f/element/f.9CA8B20795E6D08D18CCAFF067F35E12.d.CEF7113822893368CDC310F060AD7EDC.e.4307/click - {}
RESULT: {}
COMMAND: GET /session/0b442ebc8f096c4bfeb5c66a52851a3f/screenshot - {}
RESULT: {}
COMMAND: POST /session/0b442ebc8f096c4bfeb5c66a52851a3f/element - {"using":"xpath","value":"//bdi[contains(text(), \"Select\")]"}
RESULT: {"using":"xpath","value":"//bdi[contains(text(), \"Select\")]"}
COMMAND: POST /session/0b442ebc8f096c4bfeb5c66a52851a3f/element/f.9CA8B20795E6D08D18CCAFF067F35E12.d.CEF7113822893368CDC310F060AD7EDC.e.4308/click - {}
RESULT: {}
COMMAND: GET /session/0b442ebc8f096c4bfeb5c66a52851a3f/screenshot - {}
RESULT: {}
COMMAND: POST /session/0b442ebc8f096c4bfeb5c66a52851a3f/element - {"using":"xpath","value":"//button[@data-kt=\"AddNewHOSaveButton\"]"}
RESULT: {"using":"xpath","value":"//button[@data-kt=\"AddNewHOSaveButton\"]"}
COMMAND: POST /session/0b442ebc8f096c4bfeb5c66a52851a3f/element/f.9CA8B20795E6D08D18CCAFF067F35E12.d.CEF7113822893368CDC310F060AD7EDC.e.4312/click - {}
RESULT: {}
COMMAND: GET /session/0b442ebc8f096c4bfeb5c66a52851a3f/screenshot - {}
RESULT: {}
COMMAND: POST /session/0b442ebc8f096c4bfeb5c66a52851a3f/execute/async - {"script":"<script> [1562 bytes]","args":[{"selector":{"id":"receiptDatePicker","viewName":"etm.portal.ui.managehandovers.view.DetailExecuteHO","interaction":{"idSuffix":"inner"}},"wdio_ui5_key":"receiptDatePickeretmportal.ui.managehandovers.view.DetailExecuteHO"}]}
RESULT: {"script":"<script> [1562 bytes]","args":[{"selector":{"id":"receiptDatePicker","viewName":"etm.portal.ui.managehandovers.view.DetailExecuteHO","interaction":{"idSuffix":"inner"}},"wdio_ui5_key":"receiptDatePickeretmportal.ui.managehandovers.view.DetailExecuteHO"}]}
RESULT: undefined
COMMAND: POST /session/0b442ebc8f096c4bfeb5c66a52851a3f/execute/async - {"script":"<script> [6424 bytes]","args":[{"element-6066-11e4-a52e-4f735466cecf":"f.9CA8B20795E6D08D18CCAFF067F35E12.d.CEF7113822893368CDC310F060AD7EDC.e.4343"},"setValue",["05/06/2025"]]}
RESULT: {"script":"<script> [6424 bytes]","args":[{"element-6066-11e4-a52e-4f735466cecf":"f.9CA8B20795E6D08D18CCAFF067F35E12.d.CEF7113822893368CDC310F060AD7EDC.e.4343"},"setValue",["05/06/2025"]]}
COMMAND: POST /session/0b442ebc8f096c4bfeb5c66a52851a3f/element - {"using":"xpath","value":"//button[@data-kt=\"PickingTableConfirmAllButton\"]"}
RESULT: {"using":"xpath","value":"//button[@data-kt=\"PickingTableConfirmAllButton\"]"}
COMMAND: POST /session/0b442ebc8f096c4bfeb5c66a52851a3f/element/f.9CA8B20795E6D08D18CCAFF067F35E12.d.CEF7113822893368CDC310F060AD7EDC.e.4358/click - {}
RESULT: {}
COMMAND: GET /session/0b442ebc8f096c4bfeb5c66a52851a3f/screenshot - {}
RESULT: {}
COMMAND: POST /session/0b442ebc8f096c4bfeb5c66a52851a3f/element - {"using":"xpath","value":"//bdi[contains(text(), \"OK\")]"}
RESULT: {"using":"xpath","value":"//bdi[contains(text(), \"OK\")]"}
COMMAND: POST /session/0b442ebc8f096c4bfeb5c66a52851a3f/element/f.9CA8B20795E6D08D18CCAFF067F35E12.d.CEF7113822893368CDC310F060AD7EDC.e.4360/click - {}
RESULT: {}
COMMAND: GET /session/0b442ebc8f096c4bfeb5c66a52851a3f/screenshot - {}
RESULT: {}
COMMAND: POST /session/0b442ebc8f096c4bfeb5c66a52851a3f/element - {"using":"xpath","value":"(//bdi[contains(text(), \"Receive\")])[2]"}
RESULT: {"using":"xpath","value":"(//bdi[contains(text(), \"Receive\")])[2]"}
COMMAND: POST /session/0b442ebc8f096c4bfeb5c66a52851a3f/element/f.9CA8B20795E6D08D18CCAFF067F35E12.d.CEF7113822893368CDC310F060AD7EDC.e.4362/click - {}
RESULT: {}
COMMAND: GET /session/0b442ebc8f096c4bfeb5c66a52851a3f/screenshot - {}
RESULT: {}
COMMAND: POST /session/0b442ebc8f096c4bfeb5c66a52851a3f/element - {"using":"css selector","value":"#shell-header-logo"}
RESULT: {"using":"css selector","value":"#shell-header-logo"}
COMMAND: POST /session/0b442ebc8f096c4bfeb5c66a52851a3f/element/f.9CA8B20795E6D08D18CCAFF067F35E12.d.CEF7113822893368CDC310F060AD7EDC.e.3747/click - {}
RESULT: {}
COMMAND: GET /session/0b442ebc8f096c4bfeb5c66a52851a3f/screenshot - {}
RESULT: {}
]]></system-out>
    </testcase>
    <testcase classname="chrome.135_0_7049_96.windows.Billing_confirm_US117289" name="Should create a new contract" time="71.734">
      <system-out><![CDATA[
COMMAND: POST /session/0b442ebc8f096c4bfeb5c66a52851a3f/execute/async - {"script":"<script> [1562 bytes]","args":[{"selector":{"controlType":"sap.m.Text","viewName":"etm.portal.ui.managecontractstile.view.Master","properties":{"text":"Manage Contracts"},"interaction":{"idSuffix":"inner"}},"wdio_ui5_key":"etmportal.ui.managecontractstile.view.Mastersap.m.Text{\"text\":\"Manage Contracts\"}"}]}
RESULT: {"script":"<script> [1562 bytes]","args":[{"selector":{"controlType":"sap.m.Text","viewName":"etm.portal.ui.managecontractstile.view.Master","properties":{"text":"Manage Contracts"},"interaction":{"idSuffix":"inner"}},"wdio_ui5_key":"etmportal.ui.managecontractstile.view.Mastersap.m.Text{\"text\":\"Manage Contracts\"}"}]}
RESULT: undefined
COMMAND: POST /session/0b442ebc8f096c4bfeb5c66a52851a3f/element - {"using":"xpath","value":"//*[@id=\"__tile131-title\"]"}
RESULT: {"using":"xpath","value":"//*[@id=\"__tile131-title\"]"}
COMMAND: POST /session/0b442ebc8f096c4bfeb5c66a52851a3f/element/f.9CA8B20795E6D08D18CCAFF067F35E12.d.CEF7113822893368CDC310F060AD7EDC.e.4646/click - {}
RESULT: {}
COMMAND: GET /session/0b442ebc8f096c4bfeb5c66a52851a3f/screenshot - {}
RESULT: {}
COMMAND: POST /session/0b442ebc8f096c4bfeb5c66a52851a3f/element - {"using":"xpath","value":"//button[@data-kt=\"addButton\"]"}
RESULT: {"using":"xpath","value":"//button[@data-kt=\"addButton\"]"}
COMMAND: POST /session/0b442ebc8f096c4bfeb5c66a52851a3f/elements - {"using":"xpath","value":"//button[@data-kt=\"addButton\"]"}
RESULT: {"using":"xpath","value":"//button[@data-kt=\"addButton\"]"}
COMMAND: POST /session/0b442ebc8f096c4bfeb5c66a52851a3f/execute/sync - {"script":"<script> [8489 bytes]","args":[{"element-6066-11e4-a52e-4f735466cecf":"f.9CA8B20795E6D08D18CCAFF067F35E12.d.CEF7113822893368CDC310F060AD7EDC.e.4718","ELEMENT":"f.9CA8B20795E6D08D18CCAFF067F35E12.d.CEF7113822893368CDC310F060AD7EDC.e.4718"}]}
RESULT: {"script":"<script> [8489 bytes]","args":[{"element-6066-11e4-a52e-4f735466cecf":"f.9CA8B20795E6D08D18CCAFF067F35E12.d.CEF7113822893368CDC310F060AD7EDC.e.4718","ELEMENT":"f.9CA8B20795E6D08D18CCAFF067F35E12.d.CEF7113822893368CDC310F060AD7EDC.e.4718"}]}
COMMAND: GET /session/0b442ebc8f096c4bfeb5c66a52851a3f/element/f.9CA8B20795E6D08D18CCAFF067F35E12.d.CEF7113822893368CDC310F060AD7EDC.e.4718/enabled - {}
COMMAND: GET /session/0b442ebc8f096c4bfeb5c66a52851a3f/screenshot - {}
RESULT: {}
COMMAND: POST /session/0b442ebc8f096c4bfeb5c66a52851a3f/execute/sync - {"script":"<script> [8489 bytes]","args":[{"element-6066-11e4-a52e-4f735466cecf":"f.9CA8B20795E6D08D18CCAFF067F35E12.d.CEF7113822893368CDC310F060AD7EDC.e.4718","ELEMENT":"f.9CA8B20795E6D08D18CCAFF067F35E12.d.CEF7113822893368CDC310F060AD7EDC.e.4718"}]}
COMMAND: GET /session/0b442ebc8f096c4bfeb5c66a52851a3f/screenshot - {}
RESULT: {}
RESULT: {"script":"<script> [8489 bytes]","args":[{"element-6066-11e4-a52e-4f735466cecf":"f.9CA8B20795E6D08D18CCAFF067F35E12.d.CEF7113822893368CDC310F060AD7EDC.e.4718","ELEMENT":"f.9CA8B20795E6D08D18CCAFF067F35E12.d.CEF7113822893368CDC310F060AD7EDC.e.4718"}]}
COMMAND: POST /session/0b442ebc8f096c4bfeb5c66a52851a3f/execute/sync - {"script":"<script> [5351 bytes]","args":[{"element-6066-11e4-a52e-4f735466cecf":"f.9CA8B20795E6D08D18CCAFF067F35E12.d.CEF7113822893368CDC310F060AD7EDC.e.4718","ELEMENT":"f.9CA8B20795E6D08D18CCAFF067F35E12.d.CEF7113822893368CDC310F060AD7EDC.e.4718"}]}
COMMAND: GET /session/0b442ebc8f096c4bfeb5c66a52851a3f/screenshot - {}
RESULT: {}
RESULT: {"script":"<script> [5351 bytes]","args":[{"element-6066-11e4-a52e-4f735466cecf":"f.9CA8B20795E6D08D18CCAFF067F35E12.d.CEF7113822893368CDC310F060AD7EDC.e.4718","ELEMENT":"f.9CA8B20795E6D08D18CCAFF067F35E12.d.CEF7113822893368CDC310F060AD7EDC.e.4718"}]}
COMMAND: GET /session/0b442ebc8f096c4bfeb5c66a52851a3f/screenshot - {}
RESULT: {}
RESULT: {}
COMMAND: POST /session/0b442ebc8f096c4bfeb5c66a52851a3f/element/f.9CA8B20795E6D08D18CCAFF067F35E12.d.CEF7113822893368CDC310F060AD7EDC.e.4718/click - {}
RESULT: {}
COMMAND: GET /session/0b442ebc8f096c4bfeb5c66a52851a3f/screenshot - {}
COMMAND: POST /session/0b442ebc8f096c4bfeb5c66a52851a3f/execute/async - {"script":"<script> [1562 bytes]","args":[{"selector":{"id":"application-managecontracts-display-component---AddNewContract--projectDescription","interaction":{"idSuffix":"inner"}},"wdio_ui5_key":"applicationmanagecontracts-display-component---AddNewContract--projectDescription"}]}
RESULT: {}
RESULT: {"script":"<script> [1562 bytes]","args":[{"selector":{"id":"application-managecontracts-display-component---AddNewContract--projectDescription","interaction":{"idSuffix":"inner"}},"wdio_ui5_key":"applicationmanagecontracts-display-component---AddNewContract--projectDescription"}]}
RESULT: undefined
COMMAND: POST /session/0b442ebc8f096c4bfeb5c66a52851a3f/execute/async - {"script":"<script> [776 bytes]","args":[{"enterText":"Contract WDIO","selector":{"id":"application-managecontracts-display-component---AddNewContract--projectDescription","interaction":{"idSuffix":"inner"}},"clearTextFirst":true,"interactionType":"ENTER_TEXT"}]}
RESULT: {"script":"<script> [776 bytes]","args":[{"enterText":"Contract WDIO","selector":{"id":"application-managecontracts-display-component---AddNewContract--projectDescription","interaction":{"idSuffix":"inner"}},"clearTextFirst":true,"interactionType":"ENTER_TEXT"}]}
COMMAND: POST /session/0b442ebc8f096c4bfeb5c66a52851a3f/element - {"using":"xpath","value":"//input[@id=\"application-managecontracts-display-component---AddNewContract--site-inner\"]"}
RESULT: {"using":"xpath","value":"//input[@id=\"application-managecontracts-display-component---AddNewContract--site-inner\"]"}
COMMAND: POST /session/0b442ebc8f096c4bfeb5c66a52851a3f/element/f.9CA8B20795E6D08D18CCAFF067F35E12.d.CEF7113822893368CDC310F060AD7EDC.e.5018/clear - {}
RESULT: {}
COMMAND: POST /session/0b442ebc8f096c4bfeb5c66a52851a3f/element/f.9CA8B20795E6D08D18CCAFF067F35E12.d.CEF7113822893368CDC310F060AD7EDC.e.5018/value - {"text":"2450"}
COMMAND: GET /session/0b442ebc8f096c4bfeb5c66a52851a3f/screenshot - {}
RESULT: {"text":"2450"}
COMMAND: GET /session/0b442ebc8f096c4bfeb5c66a52851a3f/screenshot - {}
RESULT: {}
RESULT: {}
COMMAND: POST /session/0b442ebc8f096c4bfeb5c66a52851a3f/element - {"using":"xpath","value":"//li[.//span[text()='2450']]"}
RESULT: {"using":"xpath","value":"//li[.//span[text()='2450']]"}
COMMAND: POST /session/0b442ebc8f096c4bfeb5c66a52851a3f/element/f.9CA8B20795E6D08D18CCAFF067F35E12.d.CEF7113822893368CDC310F060AD7EDC.e.5041/click - {}
RESULT: {}
COMMAND: GET /session/0b442ebc8f096c4bfeb5c66a52851a3f/screenshot - {}
RESULT: {}
COMMAND: POST /session/0b442ebc8f096c4bfeb5c66a52851a3f/element - {"using":"xpath","value":"//input[@id=\"application-managecontracts-display-component---AddNewContract--yardId-inner\"]"}
RESULT: {"using":"xpath","value":"//input[@id=\"application-managecontracts-display-component---AddNewContract--yardId-inner\"]"}
COMMAND: GET /session/0b442ebc8f096c4bfeb5c66a52851a3f/element/f.9CA8B20795E6D08D18CCAFF067F35E12.d.CEF7113822893368CDC310F060AD7EDC.e.5019/property/value - {}
RESULT: {}
COMMAND: POST /session/0b442ebc8f096c4bfeb5c66a52851a3f/element - {"using":"xpath","value":"//input[@id=\"application-managecontracts-display-component---AddNewContract--customerSelect-inner\"]"}
COMMAND: GET /session/0b442ebc8f096c4bfeb5c66a52851a3f/screenshot - {}
RESULT: {"using":"xpath","value":"//input[@id=\"application-managecontracts-display-component---AddNewContract--customerSelect-inner\"]"}
COMMAND: POST /session/0b442ebc8f096c4bfeb5c66a52851a3f/element/f.9CA8B20795E6D08D18CCAFF067F35E12.d.CEF7113822893368CDC310F060AD7EDC.e.5017/clear - {}
RESULT: {}
RESULT: {}
COMMAND: POST /session/0b442ebc8f096c4bfeb5c66a52851a3f/element/f.9CA8B20795E6D08D18CCAFF067F35E12.d.CEF7113822893368CDC310F060AD7EDC.e.5017/value - {"text":"1493"}
COMMAND: GET /session/0b442ebc8f096c4bfeb5c66a52851a3f/screenshot - {}
RESULT: {"text":"1493"}
COMMAND: GET /session/0b442ebc8f096c4bfeb5c66a52851a3f/screenshot - {}
RESULT: {}
RESULT: {}
COMMAND: POST /session/0b442ebc8f096c4bfeb5c66a52851a3f/element - {"using":"xpath","value":"//li[.//span[text()='1493']]"}
RESULT: {"using":"xpath","value":"//li[.//span[text()='1493']]"}
COMMAND: POST /session/0b442ebc8f096c4bfeb5c66a52851a3f/element/f.9CA8B20795E6D08D18CCAFF067F35E12.d.CEF7113822893368CDC310F060AD7EDC.e.5044/click - {}
RESULT: {}
COMMAND: GET /session/0b442ebc8f096c4bfeb5c66a52851a3f/screenshot - {}
RESULT: {}
COMMAND: POST /session/0b442ebc8f096c4bfeb5c66a52851a3f/element - {"using":"xpath","value":"//button[@data-kt=\"saveButton\"]"}
RESULT: {"using":"xpath","value":"//button[@data-kt=\"saveButton\"]"}
COMMAND: POST /session/0b442ebc8f096c4bfeb5c66a52851a3f/element/f.9CA8B20795E6D08D18CCAFF067F35E12.d.CEF7113822893368CDC310F060AD7EDC.e.5032/click - {}
RESULT: {}
COMMAND: GET /session/0b442ebc8f096c4bfeb5c66a52851a3f/screenshot - {}
RESULT: {}
COMMAND: POST /session/0b442ebc8f096c4bfeb5c66a52851a3f/element - {"using":"xpath","value":"//span[contains(@id ,\"contractDetailTitleNoExpanded\")]"}
RESULT: {"using":"xpath","value":"//span[contains(@id ,\"contractDetailTitleNoExpanded\")]"}
COMMAND: POST /session/0b442ebc8f096c4bfeb5c66a52851a3f/elements - {"using":"xpath","value":"//span[contains(@id ,\"contractDetailTitleNoExpanded\")]"}
RESULT: {"using":"xpath","value":"//span[contains(@id ,\"contractDetailTitleNoExpanded\")]"}
COMMAND: POST /session/0b442ebc8f096c4bfeb5c66a52851a3f/execute/sync - {"script":"<script> [56 bytes]","args":[{"element-6066-11e4-a52e-4f735466cecf":"f.9CA8B20795E6D08D18CCAFF067F35E12.d.CEF7113822893368CDC310F060AD7EDC.e.5054","ELEMENT":"f.9CA8B20795E6D08D18CCAFF067F35E12.d.CEF7113822893368CDC310F060AD7EDC.e.5054"}]}
RESULT: {"script":"<script> [56 bytes]","args":[{"element-6066-11e4-a52e-4f735466cecf":"f.9CA8B20795E6D08D18CCAFF067F35E12.d.CEF7113822893368CDC310F060AD7EDC.e.5054","ELEMENT":"f.9CA8B20795E6D08D18CCAFF067F35E12.d.CEF7113822893368CDC310F060AD7EDC.e.5054"}]}
COMMAND: GET /session/0b442ebc8f096c4bfeb5c66a52851a3f/screenshot - {}
RESULT: {}
]]></system-out>
    </testcase>
    <testcase classname="chrome.135_0_7049_96.windows.Billing_confirm_US117289" name="Should add created equipment to contract" time="49.439">
      <system-out><![CDATA[
COMMAND: POST /session/0b442ebc8f096c4bfeb5c66a52851a3f/element - {"using":"xpath","value":"//button[@data-kt=\"contractDetailEditBtnButton\"]"}
RESULT: {"using":"xpath","value":"//button[@data-kt=\"contractDetailEditBtnButton\"]"}
COMMAND: POST /session/0b442ebc8f096c4bfeb5c66a52851a3f/element/f.9CA8B20795E6D08D18CCAFF067F35E12.d.CEF7113822893368CDC310F060AD7EDC.e.5056/click - {}
RESULT: {}
COMMAND: GET /session/0b442ebc8f096c4bfeb5c66a52851a3f/screenshot - {}
RESULT: {}
COMMAND: POST /session/0b442ebc8f096c4bfeb5c66a52851a3f/element - {"using":"xpath","value":"(//span[contains(text(), \"Additional Addresses\")])[2]"}
RESULT: {"using":"xpath","value":"(//span[contains(text(), \"Additional Addresses\")])[2]"}
COMMAND: POST /session/0b442ebc8f096c4bfeb5c66a52851a3f/element/f.9CA8B20795E6D08D18CCAFF067F35E12.d.CEF7113822893368CDC310F060AD7EDC.e.5112/click - {}
RESULT: {}
COMMAND: GET /session/0b442ebc8f096c4bfeb5c66a52851a3f/screenshot - {}
RESULT: {}
COMMAND: POST /session/0b442ebc8f096c4bfeb5c66a52851a3f/element - {"using":"xpath","value":"//button[@data-kt=\"btnAddTableRowOverflowToolbarButton\"]"}
RESULT: {"using":"xpath","value":"//button[@data-kt=\"btnAddTableRowOverflowToolbarButton\"]"}
COMMAND: POST /session/0b442ebc8f096c4bfeb5c66a52851a3f/element/f.9CA8B20795E6D08D18CCAFF067F35E12.d.CEF7113822893368CDC310F060AD7EDC.e.5115/click - {}
RESULT: {}
COMMAND: GET /session/0b442ebc8f096c4bfeb5c66a52851a3f/screenshot - {}
RESULT: {}
COMMAND: POST /session/0b442ebc8f096c4bfeb5c66a52851a3f/element - {"using":"xpath","value":"//div[(text() = 'Standard Entry' or . = 'Standard Entry')]"}
RESULT: {"using":"xpath","value":"//div[(text() = 'Standard Entry' or . = 'Standard Entry')]"}
COMMAND: POST /session/0b442ebc8f096c4bfeb5c66a52851a3f/element/f.9CA8B20795E6D08D18CCAFF067F35E12.d.CEF7113822893368CDC310F060AD7EDC.e.5117/click - {}
RESULT: {}
COMMAND: GET /session/0b442ebc8f096c4bfeb5c66a52851a3f/screenshot - {}
RESULT: {}
COMMAND: POST /session/0b442ebc8f096c4bfeb5c66a52851a3f/element - {"using":"xpath","value":"//td[7]/div/div/input"}
RESULT: {"using":"xpath","value":"//td[7]/div/div/input"}
COMMAND: POST /session/0b442ebc8f096c4bfeb5c66a52851a3f/element/f.9CA8B20795E6D08D18CCAFF067F35E12.d.CEF7113822893368CDC310F060AD7EDC.e.5126/clear - {}
RESULT: {}
COMMAND: POST /session/0b442ebc8f096c4bfeb5c66a52851a3f/element/f.9CA8B20795E6D08D18CCAFF067F35E12.d.CEF7113822893368CDC310F060AD7EDC.e.5126/value - {"text":"fCpZ5npBEA"}
COMMAND: GET /session/0b442ebc8f096c4bfeb5c66a52851a3f/screenshot - {}
RESULT: {"text":"fCpZ5npBEA"}
COMMAND: GET /session/0b442ebc8f096c4bfeb5c66a52851a3f/screenshot - {}
RESULT: {}
RESULT: {}
COMMAND: POST /session/0b442ebc8f096c4bfeb5c66a52851a3f/actions - {"actions":[{"id":"action18","type":"key","parameters":{},"actions":[{"type":"keyDown","value":"î€‡"},{"type":"pause","duration":10},{"type":"keyUp","value":"î€‡"}]}]}
RESULT: {"actions":[{"id":"action18","type":"key","parameters":{},"actions":[{"type":"keyDown","value":"î€‡"},{"type":"pause","duration":10},{"type":"keyUp","value":"î€‡"}]}]}
COMMAND: GET /session/0b442ebc8f096c4bfeb5c66a52851a3f/screenshot - {}
COMMAND: POST /session/0b442ebc8f096c4bfeb5c66a52851a3f/execute/sync - {"script":"<script> [276 bytes]","args":["No pricing information was found"]}
RESULT: {}
RESULT: {"script":"<script> [276 bytes]","args":["No pricing information was found"]}
COMMAND: POST /session/0b442ebc8f096c4bfeb5c66a52851a3f/element - {"using":"xpath","value":"(//button[@data-kt=\"saveButton\"])[2]"}
RESULT: {"using":"xpath","value":"(//button[@data-kt=\"saveButton\"])[2]"}
COMMAND: POST /session/0b442ebc8f096c4bfeb5c66a52851a3f/element/f.9CA8B20795E6D08D18CCAFF067F35E12.d.CEF7113822893368CDC310F060AD7EDC.e.5140/click - {}
COMMAND: GET /session/0b442ebc8f096c4bfeb5c66a52851a3f/screenshot - {}
RESULT: {}
COMMAND: GET /session/0b442ebc8f096c4bfeb5c66a52851a3f/screenshot - {}
RESULT: {}
RESULT: {}
COMMAND: POST /session/0b442ebc8f096c4bfeb5c66a52851a3f/execute/sync - {"script":"<script> [276 bytes]","args":["Some contract items are having rental validity exceeding header rental validity"]}
RESULT: {"script":"<script> [276 bytes]","args":["Some contract items are having rental validity exceeding header rental validity"]}
COMMAND: GET /session/0b442ebc8f096c4bfeb5c66a52851a3f/screenshot - {}
RESULT: {}
COMMAND: POST /session/0b442ebc8f096c4bfeb5c66a52851a3f/element - {"using":"xpath","value":"//span[contains(@id ,\"contractItemsSmartTable-header-inner\")]"}
RESULT: {"using":"xpath","value":"//span[contains(@id ,\"contractItemsSmartTable-header-inner\")]"}
COMMAND: POST /session/0b442ebc8f096c4bfeb5c66a52851a3f/elements - {"using":"xpath","value":"//span[contains(@id ,\"contractItemsSmartTable-header-inner\")]"}
RESULT: {"using":"xpath","value":"//span[contains(@id ,\"contractItemsSmartTable-header-inner\")]"}
COMMAND: POST /session/0b442ebc8f096c4bfeb5c66a52851a3f/execute/sync - {"script":"<script> [56 bytes]","args":[{"element-6066-11e4-a52e-4f735466cecf":"f.9CA8B20795E6D08D18CCAFF067F35E12.d.CEF7113822893368CDC310F060AD7EDC.e.5145","ELEMENT":"f.9CA8B20795E6D08D18CCAFF067F35E12.d.CEF7113822893368CDC310F060AD7EDC.e.5145"}]}
RESULT: {"script":"<script> [56 bytes]","args":[{"element-6066-11e4-a52e-4f735466cecf":"f.9CA8B20795E6D08D18CCAFF067F35E12.d.CEF7113822893368CDC310F060AD7EDC.e.5145","ELEMENT":"f.9CA8B20795E6D08D18CCAFF067F35E12.d.CEF7113822893368CDC310F060AD7EDC.e.5145"}]}
COMMAND: GET /session/0b442ebc8f096c4bfeb5c66a52851a3f/screenshot - {}
]]></system-out>
    </testcase>
    <testcase classname="chrome.135_0_7049_96.windows.Billing_confirm_US117289" name="Should do a provide to site handover" time="63.202">
      <system-out><![CDATA[
COMMAND: POST /session/0b442ebc8f096c4bfeb5c66a52851a3f/element - {"using":"xpath","value":"//button[@data-kt=\"provideButton\"]"}
RESULT: {}
RESULT: {"using":"xpath","value":"//button[@data-kt=\"provideButton\"]"}
COMMAND: POST /session/0b442ebc8f096c4bfeb5c66a52851a3f/element/f.9CA8B20795E6D08D18CCAFF067F35E12.d.CEF7113822893368CDC310F060AD7EDC.e.5146/click - {}
RESULT: {}
COMMAND: GET /session/0b442ebc8f096c4bfeb5c66a52851a3f/screenshot - {}
RESULT: {}
RESULT: undefined
COMMAND: POST /session/0b442ebc8f096c4bfeb5c66a52851a3f/execute/async - {"script":"<script> [6424 bytes]","args":[{"element-6066-11e4-a52e-4f735466cecf":"f.9CA8B20795E6D08D18CCAFF067F35E12.d.CEF7113822893368CDC310F060AD7EDC.e.4125"},"setValue",["05/06/2025"]]}
COMMAND: POST /session/0b442ebc8f096c4bfeb5c66a52851a3f/execute/async - {"script":"<script> [1562 bytes]","args":[{"selector":{"id":"application-managehandovers-display-component---AddNewHO--dueDate","interaction":{"idSuffix":"inner"}},"wdio_ui5_key":"applicationmanagehandovers-display-component---AddNewHO--dueDate"}]}
RESULT: {"script":"<script> [1562 bytes]","args":[{"selector":{"id":"application-managehandovers-display-component---AddNewHO--dueDate","interaction":{"idSuffix":"inner"}},"wdio_ui5_key":"applicationmanagehandovers-display-component---AddNewHO--dueDate"}]}
COMMAND: POST /session/0b442ebc8f096c4bfeb5c66a52851a3f/execute/async - {"script":"<script> [6424 bytes]","args":[{"element-6066-11e4-a52e-4f735466cecf":"f.9CA8B20795E6D08D18CCAFF067F35E12.d.CEF7113822893368CDC310F060AD7EDC.e.5209"},"setValue",["05/06/2025"]]}
RESULT: {"script":"<script> [6424 bytes]","args":[{"element-6066-11e4-a52e-4f735466cecf":"f.9CA8B20795E6D08D18CCAFF067F35E12.d.CEF7113822893368CDC310F060AD7EDC.e.5209"},"setValue",["05/06/2025"]]}
COMMAND: POST /session/0b442ebc8f096c4bfeb5c66a52851a3f/element - {"using":"xpath","value":"//bdi[contains(text(), \"Instructions\")]"}
RESULT: {"using":"xpath","value":"//bdi[contains(text(), \"Instructions\")]"}
COMMAND: POST /session/0b442ebc8f096c4bfeb5c66a52851a3f/element/f.9CA8B20795E6D08D18CCAFF067F35E12.d.CEF7113822893368CDC310F060AD7EDC.e.5427/click - {}
RESULT: {}
COMMAND: GET /session/0b442ebc8f096c4bfeb5c66a52851a3f/screenshot - {}
RESULT: {}
COMMAND: POST /session/0b442ebc8f096c4bfeb5c66a52851a3f/element - {"using":"xpath","value":"//button[@data-kt=\"AddNewHOProvideAddItemsButton\"]"}
RESULT: {"using":"xpath","value":"//button[@data-kt=\"AddNewHOProvideAddItemsButton\"]"}
COMMAND: POST /session/0b442ebc8f096c4bfeb5c66a52851a3f/element/f.9CA8B20795E6D08D18CCAFF067F35E12.d.CEF7113822893368CDC310F060AD7EDC.e.5431/click - {}
RESULT: {}
COMMAND: GET /session/0b442ebc8f096c4bfeb5c66a52851a3f/screenshot - {}
RESULT: {}
RESULT: undefined
COMMAND: POST /session/0b442ebc8f096c4bfeb5c66a52851a3f/element - {"using":"xpath","value":"//*[@id=\"application-managehandovers-display-component---AddNewHO--popup-sa\"]"}
RESULT: {"using":"xpath","value":"//*[@id=\"application-managehandovers-display-component---AddNewHO--popup-sa\"]"}
COMMAND: POST /session/0b442ebc8f096c4bfeb5c66a52851a3f/element/f.9CA8B20795E6D08D18CCAFF067F35E12.d.CEF7113822893368CDC310F060AD7EDC.e.5447/click - {}
RESULT: {}
COMMAND: GET /session/0b442ebc8f096c4bfeb5c66a52851a3f/screenshot - {}
RESULT: {}
COMMAND: POST /session/0b442ebc8f096c4bfeb5c66a52851a3f/element - {"using":"xpath","value":"//*[contains(@id ,\"BDI-content\")][contains(text(), \"Select\")]"}
RESULT: {"using":"xpath","value":"//*[contains(@id ,\"BDI-content\")][contains(text(), \"Select\")]"}
COMMAND: POST /session/0b442ebc8f096c4bfeb5c66a52851a3f/element/f.9CA8B20795E6D08D18CCAFF067F35E12.d.CEF7113822893368CDC310F060AD7EDC.e.5448/click - {}
RESULT: {}
COMMAND: GET /session/0b442ebc8f096c4bfeb5c66a52851a3f/screenshot - {}
RESULT: {}
COMMAND: POST /session/0b442ebc8f096c4bfeb5c66a52851a3f/execute/async - {"script":"<script> [1562 bytes]","args":[{"selector":{"id":"application-managehandovers-display-component---AddNewHO--confirmCreationButton","interaction":{"idSuffix":"BDI-content"}},"wdio_ui5_key":"applicationmanagehandovers-display-component---AddNewHO--confirmCreationButton"}]}
RESULT: {"script":"<script> [1562 bytes]","args":[{"selector":{"id":"application-managehandovers-display-component---AddNewHO--confirmCreationButton","interaction":{"idSuffix":"BDI-content"}},"wdio_ui5_key":"applicationmanagehandovers-display-component---AddNewHO--confirmCreationButton"}]}
RESULT: undefined
COMMAND: POST /session/0b442ebc8f096c4bfeb5c66a52851a3f/element - {"using":"xpath","value":"//*[@id=\"application-managehandovers-display-component---AddNewHO--confirmCreationButton\"]"}
RESULT: {"using":"xpath","value":"//*[@id=\"application-managehandovers-display-component---AddNewHO--confirmCreationButton\"]"}
COMMAND: POST /session/0b442ebc8f096c4bfeb5c66a52851a3f/element/f.9CA8B20795E6D08D18CCAFF067F35E12.d.CEF7113822893368CDC310F060AD7EDC.e.5233/click - {}
RESULT: {}
COMMAND: GET /session/0b442ebc8f096c4bfeb5c66a52851a3f/screenshot - {}
RESULT: {}
COMMAND: POST /session/0b442ebc8f096c4bfeb5c66a52851a3f/element - {"using":"xpath","value":"//button[@data-kt=\"PickingTableConfirmAllButton\"]"}
RESULT: {"using":"xpath","value":"//button[@data-kt=\"PickingTableConfirmAllButton\"]"}
COMMAND: POST /session/0b442ebc8f096c4bfeb5c66a52851a3f/elements - {"using":"xpath","value":"//button[@data-kt=\"PickingTableConfirmAllButton\"]"}
RESULT: {"using":"xpath","value":"//button[@data-kt=\"PickingTableConfirmAllButton\"]"}
COMMAND: POST /session/0b442ebc8f096c4bfeb5c66a52851a3f/elements - {"using":"xpath","value":"//button[@data-kt=\"PickingTableConfirmAllButton\"]"}
RESULT: {"using":"xpath","value":"//button[@data-kt=\"PickingTableConfirmAllButton\"]"}
COMMAND: POST /session/0b442ebc8f096c4bfeb5c66a52851a3f/element - {"using":"xpath","value":"//button[@data-kt=\"PickingTableConfirmAllButton\"]"}
RESULT: {"using":"xpath","value":"//button[@data-kt=\"PickingTableConfirmAllButton\"]"}
COMMAND: POST /session/0b442ebc8f096c4bfeb5c66a52851a3f/element/f.9CA8B20795E6D08D18CCAFF067F35E12.d.CEF7113822893368CDC310F060AD7EDC.e.5485/click - {}
COMMAND: POST /session/0b442ebc8f096c4bfeb5c66a52851a3f/element - {"using":"xpath","value":"//button[@data-kt=\"PickingTableConfirmAllButton\"]"}
RESULT: {"using":"xpath","value":"//button[@data-kt=\"PickingTableConfirmAllButton\"]"}
COMMAND: POST /session/0b442ebc8f096c4bfeb5c66a52851a3f/element/f.9CA8B20795E6D08D18CCAFF067F35E12.d.CEF7113822893368CDC310F060AD7EDC.e.5485/click - {}
COMMAND: POST /session/0b442ebc8f096c4bfeb5c66a52851a3f/element - {"using":"xpath","value":"//button[@data-kt=\"PickingTableConfirmAllButton\"]"}
RESULT: {"using":"xpath","value":"//button[@data-kt=\"PickingTableConfirmAllButton\"]"}
COMMAND: POST /session/0b442ebc8f096c4bfeb5c66a52851a3f/element/f.9CA8B20795E6D08D18CCAFF067F35E12.d.CEF7113822893368CDC310F060AD7EDC.e.5509/click - {}
RESULT: {}
COMMAND: GET /session/0b442ebc8f096c4bfeb5c66a52851a3f/screenshot - {}
RESULT: {}
COMMAND: POST /session/0b442ebc8f096c4bfeb5c66a52851a3f/element - {"using":"xpath","value":"//bdi[contains(text(), \"OK\")]"}
RESULT: {"using":"xpath","value":"//bdi[contains(text(), \"OK\")]"}
COMMAND: POST /session/0b442ebc8f096c4bfeb5c66a52851a3f/element/f.9CA8B20795E6D08D18CCAFF067F35E12.d.CEF7113822893368CDC310F060AD7EDC.e.5511/click - {}
RESULT: {}
COMMAND: GET /session/0b442ebc8f096c4bfeb5c66a52851a3f/screenshot - {}
RESULT: {}
COMMAND: POST /session/0b442ebc8f096c4bfeb5c66a52851a3f/element - {"using":"xpath","value":"//bdi[contains(text(), \"Issue\")]"}
RESULT: {"using":"xpath","value":"//bdi[contains(text(), \"Issue\")]"}
COMMAND: POST /session/0b442ebc8f096c4bfeb5c66a52851a3f/element/f.9CA8B20795E6D08D18CCAFF067F35E12.d.CEF7113822893368CDC310F060AD7EDC.e.5513/click - {}
RESULT: {}
COMMAND: GET /session/0b442ebc8f096c4bfeb5c66a52851a3f/screenshot - {}
RESULT: {}
COMMAND: POST /session/0b442ebc8f096c4bfeb5c66a52851a3f/element - {"using":"css selector","value":"#shell-header-logo"}
RESULT: {"using":"css selector","value":"#shell-header-logo"}
COMMAND: POST /session/0b442ebc8f096c4bfeb5c66a52851a3f/element/f.9CA8B20795E6D08D18CCAFF067F35E12.d.CEF7113822893368CDC310F060AD7EDC.e.4650/click - {}
RESULT: {}
COMMAND: GET /session/0b442ebc8f096c4bfeb5c66a52851a3f/screenshot - {}
RESULT: {}
]]></system-out>
    </testcase>
    <testcase classname="chrome.135_0_7049_96.windows.Billing_confirm_US117289" name="Should trigger calculation" time="80.088">
      <system-out><![CDATA[
COMMAND: POST /session/0b442ebc8f096c4bfeb5c66a52851a3f/execute/async - {"script":"<script> [1562 bytes]","args":[{"selector":{"controlType":"sap.m.GenericTile","properties":{"header":"Manage Billings"}},"wdio_ui5_key":"sapm.GenericTile{\"header\":\"Manage Billings\"}"}]}
RESULT: {"script":"<script> [1562 bytes]","args":[{"selector":{"controlType":"sap.m.GenericTile","properties":{"header":"Manage Billings"}},"wdio_ui5_key":"sapm.GenericTile{\"header\":\"Manage Billings\"}"}]}
RESULT: undefined
COMMAND: POST /session/0b442ebc8f096c4bfeb5c66a52851a3f/element - {"using":"xpath","value":"//*[@id=\"__tile51\"]"}
RESULT: {"using":"xpath","value":"//*[@id=\"__tile51\"]"}
COMMAND: POST /session/0b442ebc8f096c4bfeb5c66a52851a3f/element/f.9CA8B20795E6D08D18CCAFF067F35E12.d.CEF7113822893368CDC310F060AD7EDC.e.202/click - {}
RESULT: {}
COMMAND: GET /session/0b442ebc8f096c4bfeb5c66a52851a3f/screenshot - {}
RESULT: {}
COMMAND: POST /session/0b442ebc8f096c4bfeb5c66a52851a3f/execute/async - {"script":"<script> [1562 bytes]","args":[{"selector":{"id":"application-managebillings-display-component---billRunCalcResult--smartFilterBar-btnBasicSearch","interaction":{"idSuffix":"I"}},"wdio_ui5_key":"applicationmanagebillings-display-component---billRunCalcResult--smartFilterBar-btnBasicSearch"}]}
RESULT: {"script":"<script> [1562 bytes]","args":[{"selector":{"id":"application-managebillings-display-component---billRunCalcResult--smartFilterBar-btnBasicSearch","interaction":{"idSuffix":"I"}},"wdio_ui5_key":"applicationmanagebillings-display-component---billRunCalcResult--smartFilterBar-btnBasicSearch"}]}
RESULT: undefined
COMMAND: POST /session/0b442ebc8f096c4bfeb5c66a52851a3f/execute/async - {"script":"<script> [776 bytes]","args":[{"enterText":"10568","selector":{"id":"application-managebillings-display-component---billRunCalcResult--smartFilterBar-btnBasicSearch","interaction":{"idSuffix":"I"}},"clearTextFirst":true,"interactionType":"ENTER_TEXT"}]}
RESULT: {"script":"<script> [776 bytes]","args":[{"enterText":"10568","selector":{"id":"application-managebillings-display-component---billRunCalcResult--smartFilterBar-btnBasicSearch","interaction":{"idSuffix":"I"}},"clearTextFirst":true,"interactionType":"ENTER_TEXT"}]}
COMMAND: POST /session/0b442ebc8f096c4bfeb5c66a52851a3f/actions - {"actions":[{"id":"action19","type":"key","parameters":{},"actions":[{"type":"keyDown","value":"î€‡"},{"type":"pause","duration":10},{"type":"keyUp","value":"î€‡"}]}]}
RESULT: {"actions":[{"id":"action19","type":"key","parameters":{},"actions":[{"type":"keyDown","value":"î€‡"},{"type":"pause","duration":10},{"type":"keyUp","value":"î€‡"}]}]}
COMMAND: GET /session/0b442ebc8f096c4bfeb5c66a52851a3f/screenshot - {}
RESULT: {}
COMMAND: POST /session/0b442ebc8f096c4bfeb5c66a52851a3f/element - {"using":"xpath","value":"//td[@aria-colindex=\"1\"]/div/div[contains(@class, \"sapMCbBg\")]"}
RESULT: {"using":"xpath","value":"//td[@aria-colindex=\"1\"]/div/div[contains(@class, \"sapMCbBg\")]"}
COMMAND: POST /session/0b442ebc8f096c4bfeb5c66a52851a3f/element/f.9CA8B20795E6D08D18CCAFF067F35E12.d.CEF7113822893368CDC310F060AD7EDC.e.5905/click - {}
RESULT: {}
COMMAND: GET /session/0b442ebc8f096c4bfeb5c66a52851a3f/screenshot - {}
RESULT: {}
COMMAND: POST /session/0b442ebc8f096c4bfeb5c66a52851a3f/execute/async - {"script":"<script> [1562 bytes]","args":[{"selector":{"id":"application-managebillings-display-component---billRunCalcResult--contractBillRunDate","interaction":{"idSuffix":"inner"}},"wdio_ui5_key":"applicationmanagebillings-display-component---billRunCalcResult--contractBillRunDate"}]}
RESULT: {"script":"<script> [1562 bytes]","args":[{"selector":{"id":"application-managebillings-display-component---billRunCalcResult--contractBillRunDate","interaction":{"idSuffix":"inner"}},"wdio_ui5_key":"applicationmanagebillings-display-component---billRunCalcResult--contractBillRunDate"}]}
RESULT: undefined
COMMAND: POST /session/0b442ebc8f096c4bfeb5c66a52851a3f/execute/async - {"script":"<script> [776 bytes]","args":[{"enterText":"06/06/25","selector":{"id":"application-managebillings-display-component---billRunCalcResult--contractBillRunDate","interaction":{"idSuffix":"inner"}},"clearTextFirst":true,"interactionType":"ENTER_TEXT"}]}
RESULT: {"script":"<script> [776 bytes]","args":[{"enterText":"06/06/25","selector":{"id":"application-managebillings-display-component---billRunCalcResult--contractBillRunDate","interaction":{"idSuffix":"inner"}},"clearTextFirst":true,"interactionType":"ENTER_TEXT"}]}
COMMAND: POST /session/0b442ebc8f096c4bfeb5c66a52851a3f/element - {"using":"xpath","value":"//bdi[contains(text(), \"Trigger Calculation\")]"}
RESULT: {"using":"xpath","value":"//bdi[contains(text(), \"Trigger Calculation\")]"}
COMMAND: POST /session/0b442ebc8f096c4bfeb5c66a52851a3f/element/f.9CA8B20795E6D08D18CCAFF067F35E12.d.CEF7113822893368CDC310F060AD7EDC.e.5957/click - {}
RESULT: {}
COMMAND: GET /session/0b442ebc8f096c4bfeb5c66a52851a3f/screenshot - {}
RESULT: {}
COMMAND: POST /session/0b442ebc8f096c4bfeb5c66a52851a3f/element - {"using":"xpath","value":"(//span[contains(@id, \"imgNav\")])[1]"}
RESULT: {"using":"xpath","value":"(//span[contains(@id, \"imgNav\")])[1]"}
COMMAND: POST /session/0b442ebc8f096c4bfeb5c66a52851a3f/element/f.9CA8B20795E6D08D18CCAFF067F35E12.d.CEF7113822893368CDC310F060AD7EDC.e.5906/click - {}
RESULT: {}
COMMAND: GET /session/0b442ebc8f096c4bfeb5c66a52851a3f/screenshot - {}
RESULT: {}
COMMAND: POST /session/0b442ebc8f096c4bfeb5c66a52851a3f/element - {"using":"xpath","value":"//tr/td[6]/div[1]/span[1]/span[1]"}
RESULT: {"using":"xpath","value":"//tr/td[6]/div[1]/span[1]/span[1]"}
COMMAND: GET /session/0b442ebc8f096c4bfeb5c66a52851a3f/element/f.9CA8B20795E6D08D18CCAFF067F35E12.d.CEF7113822893368CDC310F060AD7EDC.e.5963/text - {}
RESULT: {}
COMMAND: POST /session/0b442ebc8f096c4bfeb5c66a52851a3f/element - {"using":"xpath","value":"(//span[contains(@id, \"imgNav\")])[2]"}
RESULT: {"using":"xpath","value":"(//span[contains(@id, \"imgNav\")])[2]"}
COMMAND: POST /session/0b442ebc8f096c4bfeb5c66a52851a3f/element/f.9CA8B20795E6D08D18CCAFF067F35E12.d.CEF7113822893368CDC310F060AD7EDC.e.5964/click - {}
RESULT: {}
COMMAND: GET /session/0b442ebc8f096c4bfeb5c66a52851a3f/screenshot - {}
RESULT: {}
COMMAND: POST /session/0b442ebc8f096c4bfeb5c66a52851a3f/element - {"using":"xpath","value":"//bdi[contains(text(), \"Business Confirm\")]"}
RESULT: {"using":"xpath","value":"//bdi[contains(text(), \"Business Confirm\")]"}
COMMAND: POST /session/0b442ebc8f096c4bfeb5c66a52851a3f/element/f.9CA8B20795E6D08D18CCAFF067F35E12.d.CEF7113822893368CDC310F060AD7EDC.e.6038/click - {}
RESULT: {}
COMMAND: GET /session/0b442ebc8f096c4bfeb5c66a52851a3f/screenshot - {}
RESULT: {}
COMMAND: POST /session/0b442ebc8f096c4bfeb5c66a52851a3f/element - {"using":"xpath","value":"//bdi[contains(text(), \"Business Confirmed\")]"}
RESULT: {"using":"xpath","value":"//bdi[contains(text(), \"Business Confirmed\")]"}
COMMAND: POST /session/0b442ebc8f096c4bfeb5c66a52851a3f/execute/sync - {"script":"<script> [56 bytes]","args":[{"element-6066-11e4-a52e-4f735466cecf":"f.9CA8B20795E6D08D18CCAFF067F35E12.d.CEF7113822893368CDC310F060AD7EDC.e.6038","ELEMENT":"f.9CA8B20795E6D08D18CCAFF067F35E12.d.CEF7113822893368CDC310F060AD7EDC.e.6038"}]}
RESULT: {"script":"<script> [56 bytes]","args":[{"element-6066-11e4-a52e-4f735466cecf":"f.9CA8B20795E6D08D18CCAFF067F35E12.d.CEF7113822893368CDC310F060AD7EDC.e.6038","ELEMENT":"f.9CA8B20795E6D08D18CCAFF067F35E12.d.CEF7113822893368CDC310F060AD7EDC.e.6038"}]}
COMMAND: POST /session/0b442ebc8f096c4bfeb5c66a52851a3f/element - {"using":"css selector","value":"#shell-header-logo"}
COMMAND: GET /session/0b442ebc8f096c4bfeb5c66a52851a3f/screenshot - {}
RESULT: {"using":"css selector","value":"#shell-header-logo"}
COMMAND: POST /session/0b442ebc8f096c4bfeb5c66a52851a3f/element/f.9CA8B20795E6D08D18CCAFF067F35E12.d.CEF7113822893368CDC310F060AD7EDC.e.5690/click - {}
RESULT: {}
RESULT: {}
COMMAND: GET /session/0b442ebc8f096c4bfeb5c66a52851a3f/screenshot - {}
RESULT: {}
COMMAND: POST /session/0b442ebc8f096c4bfeb5c66a52851a3f/element - {"using":"css selector","value":"#j_username"}
COMMAND: POST /session/0b442ebc8f096c4bfeb5c66a52851a3f/url - {"url":"https://qa-testing-00-live-etm-ui.cfapps.eu10-004.hana.ondemand.com/"}
RESULT: {"using":"css selector","value":"#j_username"}
COMMAND: POST /session/0b442ebc8f096c4bfeb5c66a52851a3f/element - {"using":"css selector","value":"#j_username"}
RESULT: {"url":"https://qa-testing-00-live-etm-ui.cfapps.eu10-004.hana.ondemand.com/"}
RESULT: undefined
COMMAND: GET /session/0b442ebc8f096c4bfeb5c66a52851a3f/screenshot - {}
RESULT: {"using":"css selector","value":"#j_username"}
COMMAND: POST /session/0b442ebc8f096c4bfeb5c66a52851a3f/element - {"using":"css selector","value":"#shell-header-logo"}
RESULT: {}
RESULT: {"using":"css selector","value":"#shell-header-logo"}
COMMAND: POST /session/0b442ebc8f096c4bfeb5c66a52851a3f/execute/sync - {"script":"<script> [8489 bytes]","args":[{"element-6066-11e4-a52e-4f735466cecf":"f.9CA8B20795E6D08D18CCAFF067F35E12.d.5C968A33520BF69B9D730677E1D6341F.e.6057","ELEMENT":"f.9CA8B20795E6D08D18CCAFF067F35E12.d.5C968A33520BF69B9D730677E1D6341F.e.6057"}]}
RESULT: {"script":"<script> [8489 bytes]","args":[{"element-6066-11e4-a52e-4f735466cecf":"f.9CA8B20795E6D08D18CCAFF067F35E12.d.5C968A33520BF69B9D730677E1D6341F.e.6057","ELEMENT":"f.9CA8B20795E6D08D18CCAFF067F35E12.d.5C968A33520BF69B9D730677E1D6341F.e.6057"}]}
COMMAND: POST /session/0b442ebc8f096c4bfeb5c66a52851a3f/element - {"using":"css selector","value":"#shell-header-logo"}
COMMAND: GET /session/0b442ebc8f096c4bfeb5c66a52851a3f/screenshot - {}
RESULT: {"using":"css selector","value":"#shell-header-logo"}
COMMAND: POST /session/0b442ebc8f096c4bfeb5c66a52851a3f/execute/sync - {"script":"<script> [8489 bytes]","args":[{"element-6066-11e4-a52e-4f735466cecf":"f.9CA8B20795E6D08D18CCAFF067F35E12.d.5C968A33520BF69B9D730677E1D6341F.e.6057","ELEMENT":"f.9CA8B20795E6D08D18CCAFF067F35E12.d.5C968A33520BF69B9D730677E1D6341F.e.6057"}]}
RESULT: {}
RESULT: {"script":"<script> [8489 bytes]","args":[{"element-6066-11e4-a52e-4f735466cecf":"f.9CA8B20795E6D08D18CCAFF067F35E12.d.5C968A33520BF69B9D730677E1D6341F.e.6057","ELEMENT":"f.9CA8B20795E6D08D18CCAFF067F35E12.d.5C968A33520BF69B9D730677E1D6341F.e.6057"}]}
COMMAND: POST /session/0b442ebc8f096c4bfeb5c66a52851a3f/execute/sync - {"script":"<script> [5351 bytes]","args":[{"element-6066-11e4-a52e-4f735466cecf":"f.9CA8B20795E6D08D18CCAFF067F35E12.d.5C968A33520BF69B9D730677E1D6341F.e.6057","ELEMENT":"f.9CA8B20795E6D08D18CCAFF067F35E12.d.5C968A33520BF69B9D730677E1D6341F.e.6057"}]}
COMMAND: GET /session/0b442ebc8f096c4bfeb5c66a52851a3f/screenshot - {}
RESULT: {"script":"<script> [5351 bytes]","args":[{"element-6066-11e4-a52e-4f735466cecf":"f.9CA8B20795E6D08D18CCAFF067F35E12.d.5C968A33520BF69B9D730677E1D6341F.e.6057","ELEMENT":"f.9CA8B20795E6D08D18CCAFF067F35E12.d.5C968A33520BF69B9D730677E1D6341F.e.6057"}]}
COMMAND: POST /session/0b442ebc8f096c4bfeb5c66a52851a3f/element - {"using":"css selector","value":"#shell-header-logo"}
COMMAND: GET /session/0b442ebc8f096c4bfeb5c66a52851a3f/screenshot - {}
RESULT: {}
RESULT: {}
RESULT: {"using":"css selector","value":"#shell-header-logo"}
COMMAND: POST /session/0b442ebc8f096c4bfeb5c66a52851a3f/element/f.9CA8B20795E6D08D18CCAFF067F35E12.d.5C968A33520BF69B9D730677E1D6341F.e.6057/click - {}
RESULT: {}
COMMAND: GET /session/0b442ebc8f096c4bfeb5c66a52851a3f/screenshot - {}
RESULT: {}
COMMAND: POST /session/0b442ebc8f096c4bfeb5c66a52851a3f/execute/async - {"script":"<script> [189 bytes]","args":[]}
RESULT: {"script":"<script> [189 bytes]","args":[]}
COMMAND: POST /session/0b442ebc8f096c4bfeb5c66a52851a3f/execute/async - {"script":"<script> [123 bytes]","args":[]}
RESULT: {"script":"<script> [123 bytes]","args":[]}
COMMAND: POST /session/0b442ebc8f096c4bfeb5c66a52851a3f/timeouts - {"script":"<number>"}
RESULT: {"script":"<number>"}
COMMAND: GET /session/0b442ebc8f096c4bfeb5c66a52851a3f/timeouts - {}
RESULT: {}
RESULT: undefined
COMMAND: POST /session/0b442ebc8f096c4bfeb5c66a52851a3f/execute/async - {"script":"<script> [2676 bytes]","args":[]}
RESULT: {"script":"<script> [2676 bytes]","args":[]}
COMMAND: POST /session/0b442ebc8f096c4bfeb5c66a52851a3f/execute/async - {"script":"<script> [2342 bytes]","args":[{"protocol":"http","hostname":"0.0.0.0","path":"/","capabilities":{"browserName":"chrome","goog:chromeOptions":{"binary":"C:\\Program Files\\Google\\Chrome\\Application\\chrome.exe","args":["--start-maximized"]}},"logLevel":"warn","connectionRetryTimeout":120000,"connectionRetryCount":3,"logLevels":{},"enableDirectConnect":true,"strictSSL":true,"_":"65 more keys: [\"cacheDir\",\"port\",\"requestedCapabilities\",\"automationProtocol\",\"baseUrl\",\"waitforInterval\",\"waitforTimeout\",\"onReload\",\"beforeCommand\",\"afterCommand\",\"rootDir\",\"specs\",\"suites\",\"exclude\",\"groupLogsByTestSpec\",\"excludeDriverLogs\",\"bail\",\"framework\",\"reporters\",\"services\",\"maxInstances\",\"maxInstancesPerCapability\",\"injectGlobals\",\"filesToWatch\",\"execArgv\",\"runnerEnv\",\"runner\",\"shard\",\"specFileRetries\",\"specFileRetriesDelay\",\"specFileRetriesDeferred\",\"reporterSyncInterval\",\"reporterSyncTimeout\",\"cucumberFeaturesWithLineNumbers\",\"autoCompileOpts\",\"mochaOpts\",\"jasmineOpts\",\"cucumberOpts\",\"onPrepare\",\"onWorkerStart\",\"onWorkerEnd\",\"before\",\"beforeSession\",\"beforeSuite\",\"beforeHook\",\"beforeTest\",\"afterTest\",\"afterHook\",\"afterSuite\",\"afterSession\",\"after\",\"onComplete\",\"beforeAssertion\",\"afterAssertion\",\"beforeFeature\",\"beforeScenario\",\"beforeStep\",\"afterStep\",\"afterScenario\",\"afterFeature\",\"_\",\"suite\",\"$0\",\"ignoredWorkerServices\",\"wdi5\"]"}]}
RESULT: {"script":"<script> [2342 bytes]","args":[{"protocol":"http","hostname":"0.0.0.0","path":"/","capabilities":{"browserName":"chrome","goog:chromeOptions":{"binary":"C:\\Program Files\\Google\\Chrome\\Application\\chrome.exe","args":["--start-maximized"]}},"logLevel":"warn","connectionRetryTimeout":120000,"connectionRetryCount":3,"logLevels":{},"enableDirectConnect":true,"strictSSL":true,"_":"65 more keys: [\"cacheDir\",\"port\",\"requestedCapabilities\",\"automationProtocol\",\"baseUrl\",\"waitforInterval\",\"waitforTimeout\",\"onReload\",\"beforeCommand\",\"afterCommand\",\"rootDir\",\"specs\",\"suites\",\"exclude\",\"groupLogsByTestSpec\",\"excludeDriverLogs\",\"bail\",\"framework\",\"reporters\",\"services\",\"maxInstances\",\"maxInstancesPerCapability\",\"injectGlobals\",\"filesToWatch\",\"execArgv\",\"runnerEnv\",\"runner\",\"shard\",\"specFileRetries\",\"specFileRetriesDelay\",\"specFileRetriesDeferred\",\"reporterSyncInterval\",\"reporterSyncTimeout\",\"cucumberFeaturesWithLineNumbers\",\"autoCompileOpts\",\"mochaOpts\",\"jasmineOpts\",\"cucumberOpts\",\"onPrepare\",\"onWorkerStart\",\"onWorkerEnd\",\"before\",\"beforeSession\",\"beforeSuite\",\"beforeHook\",\"beforeTest\",\"afterTest\",\"afterHook\",\"afterSuite\",\"afterSession\",\"after\",\"onComplete\",\"beforeAssertion\",\"afterAssertion\",\"beforeFeature\",\"beforeScenario\",\"beforeStep\",\"afterStep\",\"afterScenario\",\"afterFeature\",\"_\",\"suite\",\"$0\",\"ignoredWorkerServices\",\"wdi5\"]"}]}
COMMAND: POST /session/0b442ebc8f096c4bfeb5c66a52851a3f/execute/async - {"script":"<script> [21126 bytes]","args":[35000]}
RESULT: {"script":"<script> [21126 bytes]","args":[35000]}
COMMAND: POST /session/0b442ebc8f096c4bfeb5c66a52851a3f/window/maximize - {}
RESULT: {}
COMMAND: POST /session/0b442ebc8f096c4bfeb5c66a52851a3f/execute/async - {"script":"<script> [1562 bytes]","args":[{"selector":{"id":"shell-header","interaction":{"idSuffix":"icon"}},"wdio_ui5_key":"shellheader"}]}
COMMAND: GET /session/0b442ebc8f096c4bfeb5c66a52851a3f/screenshot - {}
RESULT: {"script":"<script> [1562 bytes]","args":[{"selector":{"id":"shell-header","interaction":{"idSuffix":"icon"}},"wdio_ui5_key":"shellheader"}]}
RESULT: undefined
COMMAND: POST /session/0b442ebc8f096c4bfeb5c66a52851a3f/refresh - {}
RESULT: {}
RESULT: {}
COMMAND: GET /session/0b442ebc8f096c4bfeb5c66a52851a3f/screenshot - {}
RESULT: {}
COMMAND: POST /session/0b442ebc8f096c4bfeb5c66a52851a3f/refresh - {}
RESULT: {}
COMMAND: GET /session/0b442ebc8f096c4bfeb5c66a52851a3f/screenshot - {}
RESULT: {}
COMMAND: POST /session/0b442ebc8f096c4bfeb5c66a52851a3f/window/fullscreen - {}
RESULT: {}
COMMAND: POST /session/0b442ebc8f096c4bfeb5c66a52851a3f/execute/async - {"script":"<script> [189 bytes]","args":[]}
RESULT: {"script":"<script> [189 bytes]","args":[]}
COMMAND: POST /session/0b442ebc8f096c4bfeb5c66a52851a3f/execute/async - {"script":"<script> [123 bytes]","args":[]}
RESULT: {"script":"<script> [123 bytes]","args":[]}
COMMAND: POST /session/0b442ebc8f096c4bfeb5c66a52851a3f/timeouts - {"script":"<number>"}
RESULT: {"script":"<number>"}
COMMAND: GET /session/0b442ebc8f096c4bfeb5c66a52851a3f/timeouts - {}
RESULT: {}
RESULT: undefined
COMMAND: POST /session/0b442ebc8f096c4bfeb5c66a52851a3f/execute/async - {"script":"<script> [2676 bytes]","args":[]}
RESULT: {"script":"<script> [2676 bytes]","args":[]}
COMMAND: POST /session/0b442ebc8f096c4bfeb5c66a52851a3f/execute/async - {"script":"<script> [2342 bytes]","args":[{"protocol":"http","hostname":"0.0.0.0","path":"/","capabilities":{"browserName":"chrome","goog:chromeOptions":{"binary":"C:\\Program Files\\Google\\Chrome\\Application\\chrome.exe","args":["--start-maximized"]}},"logLevel":"warn","connectionRetryTimeout":120000,"connectionRetryCount":3,"logLevels":{},"enableDirectConnect":true,"strictSSL":true,"_":"65 more keys: [\"cacheDir\",\"port\",\"requestedCapabilities\",\"automationProtocol\",\"baseUrl\",\"waitforInterval\",\"waitforTimeout\",\"onReload\",\"beforeCommand\",\"afterCommand\",\"rootDir\",\"specs\",\"suites\",\"exclude\",\"groupLogsByTestSpec\",\"excludeDriverLogs\",\"bail\",\"framework\",\"reporters\",\"services\",\"maxInstances\",\"maxInstancesPerCapability\",\"injectGlobals\",\"filesToWatch\",\"execArgv\",\"runnerEnv\",\"runner\",\"shard\",\"specFileRetries\",\"specFileRetriesDelay\",\"specFileRetriesDeferred\",\"reporterSyncInterval\",\"reporterSyncTimeout\",\"cucumberFeaturesWithLineNumbers\",\"autoCompileOpts\",\"mochaOpts\",\"jasmineOpts\",\"cucumberOpts\",\"onPrepare\",\"onWorkerStart\",\"onWorkerEnd\",\"before\",\"beforeSession\",\"beforeSuite\",\"beforeHook\",\"beforeTest\",\"afterTest\",\"afterHook\",\"afterSuite\",\"afterSession\",\"after\",\"onComplete\",\"beforeAssertion\",\"afterAssertion\",\"beforeFeature\",\"beforeScenario\",\"beforeStep\",\"afterStep\",\"afterScenario\",\"afterFeature\",\"_\",\"suite\",\"$0\",\"ignoredWorkerServices\",\"wdi5\"]"}]}
RESULT: {"script":"<script> [2342 bytes]","args":[{"protocol":"http","hostname":"0.0.0.0","path":"/","capabilities":{"browserName":"chrome","goog:chromeOptions":{"binary":"C:\\Program Files\\Google\\Chrome\\Application\\chrome.exe","args":["--start-maximized"]}},"logLevel":"warn","connectionRetryTimeout":120000,"connectionRetryCount":3,"logLevels":{},"enableDirectConnect":true,"strictSSL":true,"_":"65 more keys: [\"cacheDir\",\"port\",\"requestedCapabilities\",\"automationProtocol\",\"baseUrl\",\"waitforInterval\",\"waitforTimeout\",\"onReload\",\"beforeCommand\",\"afterCommand\",\"rootDir\",\"specs\",\"suites\",\"exclude\",\"groupLogsByTestSpec\",\"excludeDriverLogs\",\"bail\",\"framework\",\"reporters\",\"services\",\"maxInstances\",\"maxInstancesPerCapability\",\"injectGlobals\",\"filesToWatch\",\"execArgv\",\"runnerEnv\",\"runner\",\"shard\",\"specFileRetries\",\"specFileRetriesDelay\",\"specFileRetriesDeferred\",\"reporterSyncInterval\",\"reporterSyncTimeout\",\"cucumberFeaturesWithLineNumbers\",\"autoCompileOpts\",\"mochaOpts\",\"jasmineOpts\",\"cucumberOpts\",\"onPrepare\",\"onWorkerStart\",\"onWorkerEnd\",\"before\",\"beforeSession\",\"beforeSuite\",\"beforeHook\",\"beforeTest\",\"afterTest\",\"afterHook\",\"afterSuite\",\"afterSession\",\"after\",\"onComplete\",\"beforeAssertion\",\"afterAssertion\",\"beforeFeature\",\"beforeScenario\",\"beforeStep\",\"afterStep\",\"afterScenario\",\"afterFeature\",\"_\",\"suite\",\"$0\",\"ignoredWorkerServices\",\"wdi5\"]"}]}
COMMAND: POST /session/0b442ebc8f096c4bfeb5c66a52851a3f/execute/async - {"script":"<script> [21126 bytes]","args":[35000]}
RESULT: {"script":"<script> [21126 bytes]","args":[35000]}
]]></system-out>
    </testcase>
  </testsuite>
  <testsuite timestamp="2025-05-06T06:12:17" time="1341.945" tests="14" failures="0" errors="0" skipped="0">
    <properties>
      <property name="specId" value="0" />
      <property name="suiteName" value="Create master data for mixed billing &amp; do billing calculation US151661" />
      <property name="capabilities" value="chrome.135_0_7049_96.windows" />
      <property name="file" value="file:///D:/a/1/s/test/specs/BTS/billing-calculation-mixed.spec.js" />
    </properties>
    <testcase classname="chrome.135_0_7049_96.windows.Create_master_data_for_mixed_billing_&amp;_do_billing_calculation_US151661" name="Should create a new yard" time="126.034">
      <system-out><![CDATA[
COMMAND: POST /session/0b442ebc8f096c4bfeb5c66a52851a3f/window/fullscreen - {}
RESULT: {}
COMMAND: POST /session/0b442ebc8f096c4bfeb5c66a52851a3f/execute/async - {"script":"<script> [1562 bytes]","args":[{"selector":{"controlType":"sap.m.GenericTile","properties":{"header":"Manage Yards"}},"wdio_ui5_key":"sapm.GenericTile{\"header\":\"Manage Yards\"}"}]}
RESULT: {"script":"<script> [1562 bytes]","args":[{"selector":{"controlType":"sap.m.GenericTile","properties":{"header":"Manage Yards"}},"wdio_ui5_key":"sapm.GenericTile{\"header\":\"Manage Yards\"}"}]}
RESULT: undefined
COMMAND: POST /session/0b442ebc8f096c4bfeb5c66a52851a3f/element - {"using":"xpath","value":"//*[@id=\"__tile41\"]"}
RESULT: {"using":"xpath","value":"//*[@id=\"__tile41\"]"}
COMMAND: POST /session/0b442ebc8f096c4bfeb5c66a52851a3f/element/f.9CA8B20795E6D08D18CCAFF067F35E12.d.B16C125153AB1C1D77951059206C36F8.e.6209/click - {}
RESULT: {}
COMMAND: POST /session/0b442ebc8f096c4bfeb5c66a52851a3f/element - {"using":"xpath","value":"//button[@data-kt=\"addNewYardOverflowToolbarButton\"]"}
COMMAND: GET /session/0b442ebc8f096c4bfeb5c66a52851a3f/screenshot - {}
RESULT: {}
RESULT: {"using":"xpath","value":"//button[@data-kt=\"addNewYardOverflowToolbarButton\"]"}
COMMAND: POST /session/0b442ebc8f096c4bfeb5c66a52851a3f/elements - {"using":"xpath","value":"//button[@data-kt=\"addNewYardOverflowToolbarButton\"]"}
RESULT: {"using":"xpath","value":"//button[@data-kt=\"addNewYardOverflowToolbarButton\"]"}
COMMAND: POST /session/0b442ebc8f096c4bfeb5c66a52851a3f/elements - {"using":"xpath","value":"//button[@data-kt=\"addNewYardOverflowToolbarButton\"]"}
RESULT: {"using":"xpath","value":"//button[@data-kt=\"addNewYardOverflowToolbarButton\"]"}
COMMAND: POST /session/0b442ebc8f096c4bfeb5c66a52851a3f/elements - {"using":"xpath","value":"//button[@data-kt=\"addNewYardOverflowToolbarButton\"]"}
RESULT: {"using":"xpath","value":"//button[@data-kt=\"addNewYardOverflowToolbarButton\"]"}
COMMAND: POST /session/0b442ebc8f096c4bfeb5c66a52851a3f/elements - {"using":"xpath","value":"//button[@data-kt=\"addNewYardOverflowToolbarButton\"]"}
RESULT: {"using":"xpath","value":"//button[@data-kt=\"addNewYardOverflowToolbarButton\"]"}
COMMAND: POST /session/0b442ebc8f096c4bfeb5c66a52851a3f/elements - {"using":"xpath","value":"//button[@data-kt=\"addNewYardOverflowToolbarButton\"]"}
RESULT: {"using":"xpath","value":"//button[@data-kt=\"addNewYardOverflowToolbarButton\"]"}
COMMAND: POST /session/0b442ebc8f096c4bfeb5c66a52851a3f/elements - {"using":"xpath","value":"//button[@data-kt=\"addNewYardOverflowToolbarButton\"]"}
RESULT: {"using":"xpath","value":"//button[@data-kt=\"addNewYardOverflowToolbarButton\"]"}
COMMAND: POST /session/0b442ebc8f096c4bfeb5c66a52851a3f/elements - {"using":"xpath","value":"//button[@data-kt=\"addNewYardOverflowToolbarButton\"]"}
RESULT: {"using":"xpath","value":"//button[@data-kt=\"addNewYardOverflowToolbarButton\"]"}
COMMAND: POST /session/0b442ebc8f096c4bfeb5c66a52851a3f/elements - {"using":"xpath","value":"//button[@data-kt=\"addNewYardOverflowToolbarButton\"]"}
RESULT: {"using":"xpath","value":"//button[@data-kt=\"addNewYardOverflowToolbarButton\"]"}
COMMAND: POST /session/0b442ebc8f096c4bfeb5c66a52851a3f/elements - {"using":"xpath","value":"//button[@data-kt=\"addNewYardOverflowToolbarButton\"]"}
RESULT: {"using":"xpath","value":"//button[@data-kt=\"addNewYardOverflowToolbarButton\"]"}
COMMAND: POST /session/0b442ebc8f096c4bfeb5c66a52851a3f/elements - {"using":"xpath","value":"//button[@data-kt=\"addNewYardOverflowToolbarButton\"]"}
RESULT: {"using":"xpath","value":"//button[@data-kt=\"addNewYardOverflowToolbarButton\"]"}
COMMAND: POST /session/0b442ebc8f096c4bfeb5c66a52851a3f/elements - {"using":"xpath","value":"//button[@data-kt=\"addNewYardOverflowToolbarButton\"]"}
RESULT: {"using":"xpath","value":"//button[@data-kt=\"addNewYardOverflowToolbarButton\"]"}
COMMAND: POST /session/0b442ebc8f096c4bfeb5c66a52851a3f/elements - {"using":"xpath","value":"//button[@data-kt=\"addNewYardOverflowToolbarButton\"]"}
RESULT: {"using":"xpath","value":"//button[@data-kt=\"addNewYardOverflowToolbarButton\"]"}
COMMAND: POST /session/0b442ebc8f096c4bfeb5c66a52851a3f/elements - {"using":"xpath","value":"//button[@data-kt=\"addNewYardOverflowToolbarButton\"]"}
RESULT: {"using":"xpath","value":"//button[@data-kt=\"addNewYardOverflowToolbarButton\"]"}
COMMAND: POST /session/0b442ebc8f096c4bfeb5c66a52851a3f/elements - {"using":"xpath","value":"//button[@data-kt=\"addNewYardOverflowToolbarButton\"]"}
RESULT: {"using":"xpath","value":"//button[@data-kt=\"addNewYardOverflowToolbarButton\"]"}
COMMAND: POST /session/0b442ebc8f096c4bfeb5c66a52851a3f/elements - {"using":"xpath","value":"//button[@data-kt=\"addNewYardOverflowToolbarButton\"]"}
RESULT: {"using":"xpath","value":"//button[@data-kt=\"addNewYardOverflowToolbarButton\"]"}
COMMAND: POST /session/0b442ebc8f096c4bfeb5c66a52851a3f/elements - {"using":"xpath","value":"//button[@data-kt=\"addNewYardOverflowToolbarButton\"]"}
RESULT: {"using":"xpath","value":"//button[@data-kt=\"addNewYardOverflowToolbarButton\"]"}
COMMAND: POST /session/0b442ebc8f096c4bfeb5c66a52851a3f/elements - {"using":"xpath","value":"//button[@data-kt=\"addNewYardOverflowToolbarButton\"]"}
RESULT: {"using":"xpath","value":"//button[@data-kt=\"addNewYardOverflowToolbarButton\"]"}
COMMAND: POST /session/0b442ebc8f096c4bfeb5c66a52851a3f/elements - {"using":"xpath","value":"//button[@data-kt=\"addNewYardOverflowToolbarButton\"]"}
RESULT: {"using":"xpath","value":"//button[@data-kt=\"addNewYardOverflowToolbarButton\"]"}
COMMAND: POST /session/0b442ebc8f096c4bfeb5c66a52851a3f/elements - {"using":"xpath","value":"//button[@data-kt=\"addNewYardOverflowToolbarButton\"]"}
RESULT: {"using":"xpath","value":"//button[@data-kt=\"addNewYardOverflowToolbarButton\"]"}
COMMAND: POST /session/0b442ebc8f096c4bfeb5c66a52851a3f/elements - {"using":"xpath","value":"//button[@data-kt=\"addNewYardOverflowToolbarButton\"]"}
RESULT: {"using":"xpath","value":"//button[@data-kt=\"addNewYardOverflowToolbarButton\"]"}
COMMAND: POST /session/0b442ebc8f096c4bfeb5c66a52851a3f/elements - {"using":"xpath","value":"//button[@data-kt=\"addNewYardOverflowToolbarButton\"]"}
RESULT: {"using":"xpath","value":"//button[@data-kt=\"addNewYardOverflowToolbarButton\"]"}
COMMAND: POST /session/0b442ebc8f096c4bfeb5c66a52851a3f/elements - {"using":"xpath","value":"//button[@data-kt=\"addNewYardOverflowToolbarButton\"]"}
RESULT: {"using":"xpath","value":"//button[@data-kt=\"addNewYardOverflowToolbarButton\"]"}
COMMAND: POST /session/0b442ebc8f096c4bfeb5c66a52851a3f/elements - {"using":"xpath","value":"//button[@data-kt=\"addNewYardOverflowToolbarButton\"]"}
RESULT: {"using":"xpath","value":"//button[@data-kt=\"addNewYardOverflowToolbarButton\"]"}
COMMAND: POST /session/0b442ebc8f096c4bfeb5c66a52851a3f/elements - {"using":"xpath","value":"//button[@data-kt=\"addNewYardOverflowToolbarButton\"]"}
RESULT: {"using":"xpath","value":"//button[@data-kt=\"addNewYardOverflowToolbarButton\"]"}
COMMAND: POST /session/0b442ebc8f096c4bfeb5c66a52851a3f/elements - {"using":"xpath","value":"//button[@data-kt=\"addNewYardOverflowToolbarButton\"]"}
RESULT: {"using":"xpath","value":"//button[@data-kt=\"addNewYardOverflowToolbarButton\"]"}
COMMAND: POST /session/0b442ebc8f096c4bfeb5c66a52851a3f/elements - {"using":"xpath","value":"//button[@data-kt=\"addNewYardOverflowToolbarButton\"]"}
RESULT: {"using":"xpath","value":"//button[@data-kt=\"addNewYardOverflowToolbarButton\"]"}
COMMAND: POST /session/0b442ebc8f096c4bfeb5c66a52851a3f/elements - {"using":"xpath","value":"//button[@data-kt=\"addNewYardOverflowToolbarButton\"]"}
RESULT: {"using":"xpath","value":"//button[@data-kt=\"addNewYardOverflowToolbarButton\"]"}
COMMAND: POST /session/0b442ebc8f096c4bfeb5c66a52851a3f/elements - {"using":"xpath","value":"//button[@data-kt=\"addNewYardOverflowToolbarButton\"]"}
RESULT: {"using":"xpath","value":"//button[@data-kt=\"addNewYardOverflowToolbarButton\"]"}
COMMAND: POST /session/0b442ebc8f096c4bfeb5c66a52851a3f/elements - {"using":"xpath","value":"//button[@data-kt=\"addNewYardOverflowToolbarButton\"]"}
RESULT: {"using":"xpath","value":"//button[@data-kt=\"addNewYardOverflowToolbarButton\"]"}
COMMAND: POST /session/0b442ebc8f096c4bfeb5c66a52851a3f/elements - {"using":"xpath","value":"//button[@data-kt=\"addNewYardOverflowToolbarButton\"]"}
RESULT: {"using":"xpath","value":"//button[@data-kt=\"addNewYardOverflowToolbarButton\"]"}
COMMAND: POST /session/0b442ebc8f096c4bfeb5c66a52851a3f/elements - {"using":"xpath","value":"//button[@data-kt=\"addNewYardOverflowToolbarButton\"]"}
RESULT: {"using":"xpath","value":"//button[@data-kt=\"addNewYardOverflowToolbarButton\"]"}
COMMAND: POST /session/0b442ebc8f096c4bfeb5c66a52851a3f/elements - {"using":"xpath","value":"//button[@data-kt=\"addNewYardOverflowToolbarButton\"]"}
RESULT: {"using":"xpath","value":"//button[@data-kt=\"addNewYardOverflowToolbarButton\"]"}
COMMAND: POST /session/0b442ebc8f096c4bfeb5c66a52851a3f/elements - {"using":"xpath","value":"//button[@data-kt=\"addNewYardOverflowToolbarButton\"]"}
RESULT: {"using":"xpath","value":"//button[@data-kt=\"addNewYardOverflowToolbarButton\"]"}
COMMAND: POST /session/0b442ebc8f096c4bfeb5c66a52851a3f/elements - {"using":"xpath","value":"//button[@data-kt=\"addNewYardOverflowToolbarButton\"]"}
RESULT: {"using":"xpath","value":"//button[@data-kt=\"addNewYardOverflowToolbarButton\"]"}
COMMAND: POST /session/0b442ebc8f096c4bfeb5c66a52851a3f/elements - {"using":"xpath","value":"//button[@data-kt=\"addNewYardOverflowToolbarButton\"]"}
RESULT: {"using":"xpath","value":"//button[@data-kt=\"addNewYardOverflowToolbarButton\"]"}
COMMAND: POST /session/0b442ebc8f096c4bfeb5c66a52851a3f/elements - {"using":"xpath","value":"//button[@data-kt=\"addNewYardOverflowToolbarButton\"]"}
RESULT: {"using":"xpath","value":"//button[@data-kt=\"addNewYardOverflowToolbarButton\"]"}
COMMAND: POST /session/0b442ebc8f096c4bfeb5c66a52851a3f/elements - {"using":"xpath","value":"//button[@data-kt=\"addNewYardOverflowToolbarButton\"]"}
RESULT: {"using":"xpath","value":"//button[@data-kt=\"addNewYardOverflowToolbarButton\"]"}
COMMAND: POST /session/0b442ebc8f096c4bfeb5c66a52851a3f/elements - {"using":"xpath","value":"//button[@data-kt=\"addNewYardOverflowToolbarButton\"]"}
RESULT: {"using":"xpath","value":"//button[@data-kt=\"addNewYardOverflowToolbarButton\"]"}
COMMAND: POST /session/0b442ebc8f096c4bfeb5c66a52851a3f/elements - {"using":"xpath","value":"//button[@data-kt=\"addNewYardOverflowToolbarButton\"]"}
RESULT: {"using":"xpath","value":"//button[@data-kt=\"addNewYardOverflowToolbarButton\"]"}
COMMAND: POST /session/0b442ebc8f096c4bfeb5c66a52851a3f/elements - {"using":"xpath","value":"//button[@data-kt=\"addNewYardOverflowToolbarButton\"]"}
RESULT: {"using":"xpath","value":"//button[@data-kt=\"addNewYardOverflowToolbarButton\"]"}
COMMAND: POST /session/0b442ebc8f096c4bfeb5c66a52851a3f/elements - {"using":"xpath","value":"//button[@data-kt=\"addNewYardOverflowToolbarButton\"]"}
RESULT: {"using":"xpath","value":"//button[@data-kt=\"addNewYardOverflowToolbarButton\"]"}
COMMAND: POST /session/0b442ebc8f096c4bfeb5c66a52851a3f/elements - {"using":"xpath","value":"//button[@data-kt=\"addNewYardOverflowToolbarButton\"]"}
RESULT: {"using":"xpath","value":"//button[@data-kt=\"addNewYardOverflowToolbarButton\"]"}
COMMAND: POST /session/0b442ebc8f096c4bfeb5c66a52851a3f/elements - {"using":"xpath","value":"//button[@data-kt=\"addNewYardOverflowToolbarButton\"]"}
RESULT: {"using":"xpath","value":"//button[@data-kt=\"addNewYardOverflowToolbarButton\"]"}
COMMAND: POST /session/0b442ebc8f096c4bfeb5c66a52851a3f/elements - {"using":"xpath","value":"//button[@data-kt=\"addNewYardOverflowToolbarButton\"]"}
RESULT: {"using":"xpath","value":"//button[@data-kt=\"addNewYardOverflowToolbarButton\"]"}
COMMAND: POST /session/0b442ebc8f096c4bfeb5c66a52851a3f/elements - {"using":"xpath","value":"//button[@data-kt=\"addNewYardOverflowToolbarButton\"]"}
RESULT: {"using":"xpath","value":"//button[@data-kt=\"addNewYardOverflowToolbarButton\"]"}
COMMAND: POST /session/0b442ebc8f096c4bfeb5c66a52851a3f/elements - {"using":"xpath","value":"//button[@data-kt=\"addNewYardOverflowToolbarButton\"]"}
RESULT: {"using":"xpath","value":"//button[@data-kt=\"addNewYardOverflowToolbarButton\"]"}
COMMAND: POST /session/0b442ebc8f096c4bfeb5c66a52851a3f/elements - {"using":"xpath","value":"//button[@data-kt=\"addNewYardOverflowToolbarButton\"]"}
RESULT: {"using":"xpath","value":"//button[@data-kt=\"addNewYardOverflowToolbarButton\"]"}
COMMAND: POST /session/0b442ebc8f096c4bfeb5c66a52851a3f/elements - {"using":"xpath","value":"//button[@data-kt=\"addNewYardOverflowToolbarButton\"]"}
RESULT: {"using":"xpath","value":"//button[@data-kt=\"addNewYardOverflowToolbarButton\"]"}
COMMAND: POST /session/0b442ebc8f096c4bfeb5c66a52851a3f/elements - {"using":"xpath","value":"//button[@data-kt=\"addNewYardOverflowToolbarButton\"]"}
RESULT: {"using":"xpath","value":"//button[@data-kt=\"addNewYardOverflowToolbarButton\"]"}
COMMAND: POST /session/0b442ebc8f096c4bfeb5c66a52851a3f/elements - {"using":"xpath","value":"//button[@data-kt=\"addNewYardOverflowToolbarButton\"]"}
RESULT: {"using":"xpath","value":"//button[@data-kt=\"addNewYardOverflowToolbarButton\"]"}
COMMAND: POST /session/0b442ebc8f096c4bfeb5c66a52851a3f/elements - {"using":"xpath","value":"//button[@data-kt=\"addNewYardOverflowToolbarButton\"]"}
RESULT: {"using":"xpath","value":"//button[@data-kt=\"addNewYardOverflowToolbarButton\"]"}
COMMAND: POST /session/0b442ebc8f096c4bfeb5c66a52851a3f/elements - {"using":"xpath","value":"//button[@data-kt=\"addNewYardOverflowToolbarButton\"]"}
RESULT: {"using":"xpath","value":"//button[@data-kt=\"addNewYardOverflowToolbarButton\"]"}
COMMAND: POST /session/0b442ebc8f096c4bfeb5c66a52851a3f/elements - {"using":"xpath","value":"//button[@data-kt=\"addNewYardOverflowToolbarButton\"]"}
RESULT: {"using":"xpath","value":"//button[@data-kt=\"addNewYardOverflowToolbarButton\"]"}
COMMAND: POST /session/0b442ebc8f096c4bfeb5c66a52851a3f/element - {"using":"xpath","value":"//button[@data-kt=\"addNewYardOverflowToolbarButton\"]"}
RESULT: {"using":"xpath","value":"//button[@data-kt=\"addNewYardOverflowToolbarButton\"]"}
COMMAND: POST /session/0b442ebc8f096c4bfeb5c66a52851a3f/execute/sync - {"script":"<script> [8489 bytes]","args":[{"element-6066-11e4-a52e-4f735466cecf":"f.9CA8B20795E6D08D18CCAFF067F35E12.d.B16C125153AB1C1D77951059206C36F8.e.6345","ELEMENT":"f.9CA8B20795E6D08D18CCAFF067F35E12.d.B16C125153AB1C1D77951059206C36F8.e.6345"}]}
RESULT: {"script":"<script> [8489 bytes]","args":[{"element-6066-11e4-a52e-4f735466cecf":"f.9CA8B20795E6D08D18CCAFF067F35E12.d.B16C125153AB1C1D77951059206C36F8.e.6345","ELEMENT":"f.9CA8B20795E6D08D18CCAFF067F35E12.d.B16C125153AB1C1D77951059206C36F8.e.6345"}]}
COMMAND: GET /session/0b442ebc8f096c4bfeb5c66a52851a3f/element/f.9CA8B20795E6D08D18CCAFF067F35E12.d.B16C125153AB1C1D77951059206C36F8.e.6345/enabled - {}
COMMAND: GET /session/0b442ebc8f096c4bfeb5c66a52851a3f/screenshot - {}
RESULT: {}
COMMAND: POST /session/0b442ebc8f096c4bfeb5c66a52851a3f/execute/sync - {"script":"<script> [8489 bytes]","args":[{"element-6066-11e4-a52e-4f735466cecf":"f.9CA8B20795E6D08D18CCAFF067F35E12.d.B16C125153AB1C1D77951059206C36F8.e.6345","ELEMENT":"f.9CA8B20795E6D08D18CCAFF067F35E12.d.B16C125153AB1C1D77951059206C36F8.e.6345"}]}
COMMAND: GET /session/0b442ebc8f096c4bfeb5c66a52851a3f/screenshot - {}
RESULT: {}
RESULT: {"script":"<script> [8489 bytes]","args":[{"element-6066-11e4-a52e-4f735466cecf":"f.9CA8B20795E6D08D18CCAFF067F35E12.d.B16C125153AB1C1D77951059206C36F8.e.6345","ELEMENT":"f.9CA8B20795E6D08D18CCAFF067F35E12.d.B16C125153AB1C1D77951059206C36F8.e.6345"}]}
COMMAND: POST /session/0b442ebc8f096c4bfeb5c66a52851a3f/execute/sync - {"script":"<script> [5351 bytes]","args":[{"element-6066-11e4-a52e-4f735466cecf":"f.9CA8B20795E6D08D18CCAFF067F35E12.d.B16C125153AB1C1D77951059206C36F8.e.6345","ELEMENT":"f.9CA8B20795E6D08D18CCAFF067F35E12.d.B16C125153AB1C1D77951059206C36F8.e.6345"}]}
COMMAND: GET /session/0b442ebc8f096c4bfeb5c66a52851a3f/screenshot - {}
RESULT: {}
RESULT: {"script":"<script> [5351 bytes]","args":[{"element-6066-11e4-a52e-4f735466cecf":"f.9CA8B20795E6D08D18CCAFF067F35E12.d.B16C125153AB1C1D77951059206C36F8.e.6345","ELEMENT":"f.9CA8B20795E6D08D18CCAFF067F35E12.d.B16C125153AB1C1D77951059206C36F8.e.6345"}]}
COMMAND: POST /session/0b442ebc8f096c4bfeb5c66a52851a3f/element/f.9CA8B20795E6D08D18CCAFF067F35E12.d.B16C125153AB1C1D77951059206C36F8.e.6345/click - {}
COMMAND: GET /session/0b442ebc8f096c4bfeb5c66a52851a3f/screenshot - {}
RESULT: {}
RESULT: {}
COMMAND: GET /session/0b442ebc8f096c4bfeb5c66a52851a3f/screenshot - {}
RESULT: {}
COMMAND: POST /session/0b442ebc8f096c4bfeb5c66a52851a3f/element - {"using":"xpath","value":"//input[@id=\"application-manageyards-display-component---NewYard--yardId-inner\"]"}
RESULT: {}
RESULT: {"using":"xpath","value":"//input[@id=\"application-manageyards-display-component---NewYard--yardId-inner\"]"}
COMMAND: POST /session/0b442ebc8f096c4bfeb5c66a52851a3f/element - {"using":"xpath","value":"//input[@id=\"application-manageyards-display-component---NewYard--yardId-inner\"]"}
RESULT: {"using":"xpath","value":"//input[@id=\"application-manageyards-display-component---NewYard--yardId-inner\"]"}
COMMAND: POST /session/0b442ebc8f096c4bfeb5c66a52851a3f/execute/async - {"script":"<script> [1562 bytes]","args":[{"selector":{"id":"application-manageyards-display-component---NewYard--addressDetailDetailsName1","interaction":{"idSuffix":"inner"}},"wdio_ui5_key":"applicationmanageyards-display-component---NewYard--addressDetailDetailsName1"}]}
RESULT: {"script":"<script> [1562 bytes]","args":[{"selector":{"id":"application-manageyards-display-component---NewYard--addressDetailDetailsName1","interaction":{"idSuffix":"inner"}},"wdio_ui5_key":"applicationmanageyards-display-component---NewYard--addressDetailDetailsName1"}]}
RESULT: undefined
COMMAND: POST /session/0b442ebc8f096c4bfeb5c66a52851a3f/execute/async - {"script":"<script> [776 bytes]","args":[{"enterText":"Intercompany Yard wdIO","selector":{"id":"application-manageyards-display-component---NewYard--addressDetailDetailsName1","interaction":{"idSuffix":"inner"}},"clearTextFirst":true,"interactionType":"ENTER_TEXT"}]}
RESULT: {"script":"<script> [776 bytes]","args":[{"enterText":"Intercompany Yard wdIO","selector":{"id":"application-manageyards-display-component---NewYard--addressDetailDetailsName1","interaction":{"idSuffix":"inner"}},"clearTextFirst":true,"interactionType":"ENTER_TEXT"}]}
COMMAND: POST /session/0b442ebc8f096c4bfeb5c66a52851a3f/execute/async - {"script":"<script> [1562 bytes]","args":[{"selector":{"id":"application-manageyards-display-component---NewYard--addressDetailDetailsLanguage-arrow"},"wdio_ui5_key":"applicationmanageyards-display-component---NewYard--addressDetailDetailsLanguage-arrow"}]}
RESULT: {"script":"<script> [1562 bytes]","args":[{"selector":{"id":"application-manageyards-display-component---NewYard--addressDetailDetailsLanguage-arrow"},"wdio_ui5_key":"applicationmanageyards-display-component---NewYard--addressDetailDetailsLanguage-arrow"}]}
RESULT: undefined
COMMAND: POST /session/0b442ebc8f096c4bfeb5c66a52851a3f/element - {"using":"xpath","value":"//*[@id=\"application-manageyards-display-component---NewYard--addressDetailDetailsLanguage-arrow\"]"}
RESULT: {"using":"xpath","value":"//*[@id=\"application-manageyards-display-component---NewYard--addressDetailDetailsLanguage-arrow\"]"}
COMMAND: POST /session/0b442ebc8f096c4bfeb5c66a52851a3f/element/f.9CA8B20795E6D08D18CCAFF067F35E12.d.B16C125153AB1C1D77951059206C36F8.e.6771/click - {}
RESULT: {}
COMMAND: POST /session/0b442ebc8f096c4bfeb5c66a52851a3f/element - {"using":"xpath","value":"//span[contains(text(), \"English\")]"}
COMMAND: GET /session/0b442ebc8f096c4bfeb5c66a52851a3f/screenshot - {}
RESULT: {"using":"xpath","value":"//span[contains(text(), \"English\")]"}
COMMAND: POST /session/0b442ebc8f096c4bfeb5c66a52851a3f/element/f.9CA8B20795E6D08D18CCAFF067F35E12.d.B16C125153AB1C1D77951059206C36F8.e.6772/click - {}
RESULT: {}
RESULT: {}
COMMAND: POST /session/0b442ebc8f096c4bfeb5c66a52851a3f/execute/async - {"script":"<script> [1562 bytes]","args":[{"selector":{"id":"application-manageyards-display-component---NewYard--addressDetailDetailsCity1","interaction":{"idSuffix":"inner"}},"wdio_ui5_key":"applicationmanageyards-display-component---NewYard--addressDetailDetailsCity1"}]}
COMMAND: GET /session/0b442ebc8f096c4bfeb5c66a52851a3f/screenshot - {}
RESULT: {"script":"<script> [1562 bytes]","args":[{"selector":{"id":"application-manageyards-display-component---NewYard--addressDetailDetailsCity1","interaction":{"idSuffix":"inner"}},"wdio_ui5_key":"applicationmanageyards-display-component---NewYard--addressDetailDetailsCity1"}]}
RESULT: undefined
COMMAND: POST /session/0b442ebc8f096c4bfeb5c66a52851a3f/execute/async - {"script":"<script> [776 bytes]","args":[{"enterText":"Rosario","selector":{"id":"application-manageyards-display-component---NewYard--addressDetailDetailsCity1","interaction":{"idSuffix":"inner"}},"clearTextFirst":true,"interactionType":"ENTER_TEXT"}]}
RESULT: {}
RESULT: {"script":"<script> [776 bytes]","args":[{"enterText":"Rosario","selector":{"id":"application-manageyards-display-component---NewYard--addressDetailDetailsCity1","interaction":{"idSuffix":"inner"}},"clearTextFirst":true,"interactionType":"ENTER_TEXT"}]}
COMMAND: POST /session/0b442ebc8f096c4bfeb5c66a52851a3f/execute/async - {"script":"<script> [1562 bytes]","args":[{"selector":{"id":"application-manageyards-display-component---NewYard--addressDetailDetailsCountry-arrow"},"wdio_ui5_key":"applicationmanageyards-display-component---NewYard--addressDetailDetailsCountry-arrow"}]}
RESULT: {"script":"<script> [1562 bytes]","args":[{"selector":{"id":"application-manageyards-display-component---NewYard--addressDetailDetailsCountry-arrow"},"wdio_ui5_key":"applicationmanageyards-display-component---NewYard--addressDetailDetailsCountry-arrow"}]}
RESULT: undefined
COMMAND: POST /session/0b442ebc8f096c4bfeb5c66a52851a3f/element - {"using":"xpath","value":"//*[@id=\"application-manageyards-display-component---NewYard--addressDetailDetailsCountry-arrow\"]"}
RESULT: {"using":"xpath","value":"//*[@id=\"application-manageyards-display-component---NewYard--addressDetailDetailsCountry-arrow\"]"}
COMMAND: POST /session/0b442ebc8f096c4bfeb5c66a52851a3f/element/f.9CA8B20795E6D08D18CCAFF067F35E12.d.B16C125153AB1C1D77951059206C36F8.e.6774/click - {}
RESULT: {}
COMMAND: POST /session/0b442ebc8f096c4bfeb5c66a52851a3f/element - {"using":"xpath","value":"//span[contains(text(), \"Argentina\")]"}
COMMAND: GET /session/0b442ebc8f096c4bfeb5c66a52851a3f/screenshot - {}
RESULT: {"using":"xpath","value":"//span[contains(text(), \"Argentina\")]"}
COMMAND: POST /session/0b442ebc8f096c4bfeb5c66a52851a3f/element/f.9CA8B20795E6D08D18CCAFF067F35E12.d.B16C125153AB1C1D77951059206C36F8.e.6776/click - {}
RESULT: {}
RESULT: {}
COMMAND: POST /session/0b442ebc8f096c4bfeb5c66a52851a3f/execute/async - {"script":"<script> [1562 bytes]","args":[{"selector":{"id":"application-manageyards-display-component---NewYard--addressEditDetailsCostObjectCstType-arrow"},"wdio_ui5_key":"applicationmanageyards-display-component---NewYard--addressEditDetailsCostObjectCstType-arrow"}]}
COMMAND: GET /session/0b442ebc8f096c4bfeb5c66a52851a3f/screenshot - {}
RESULT: {"script":"<script> [1562 bytes]","args":[{"selector":{"id":"application-manageyards-display-component---NewYard--addressEditDetailsCostObjectCstType-arrow"},"wdio_ui5_key":"applicationmanageyards-display-component---NewYard--addressEditDetailsCostObjectCstType-arrow"}]}
RESULT: undefined
COMMAND: POST /session/0b442ebc8f096c4bfeb5c66a52851a3f/element - {"using":"xpath","value":"//*[@id=\"application-manageyards-display-component---NewYard--addressEditDetailsCostObjectCstType-arrow\"]"}
RESULT: {}
RESULT: {"using":"xpath","value":"//*[@id=\"application-manageyards-display-component---NewYard--addressEditDetailsCostObjectCstType-arrow\"]"}
COMMAND: POST /session/0b442ebc8f096c4bfeb5c66a52851a3f/element/f.9CA8B20795E6D08D18CCAFF067F35E12.d.B16C125153AB1C1D77951059206C36F8.e.6777/click - {}
RESULT: {}
COMMAND: POST /session/0b442ebc8f096c4bfeb5c66a52851a3f/element - {"using":"xpath","value":"//span[contains(text(), \"Cost Center\")]"}
COMMAND: GET /session/0b442ebc8f096c4bfeb5c66a52851a3f/screenshot - {}
RESULT: {"using":"xpath","value":"//span[contains(text(), \"Cost Center\")]"}
COMMAND: POST /session/0b442ebc8f096c4bfeb5c66a52851a3f/element/f.9CA8B20795E6D08D18CCAFF067F35E12.d.B16C125153AB1C1D77951059206C36F8.e.6778/click - {}
RESULT: {}
RESULT: {}
COMMAND: GET /session/0b442ebc8f096c4bfeb5c66a52851a3f/screenshot - {}
RESULT: {}
COMMAND: POST /session/0b442ebc8f096c4bfeb5c66a52851a3f/element - {"using":"xpath","value":"//span[@id=\"application-manageyards-display-component---NewYard--addressNewCostObjectCstID-vhi\"]"}
RESULT: {"using":"xpath","value":"//span[@id=\"application-manageyards-display-component---NewYard--addressNewCostObjectCstID-vhi\"]"}
COMMAND: POST /session/0b442ebc8f096c4bfeb5c66a52851a3f/execute/sync - {"script":"<script> [8489 bytes]","args":[{"element-6066-11e4-a52e-4f735466cecf":"f.9CA8B20795E6D08D18CCAFF067F35E12.d.B16C125153AB1C1D77951059206C36F8.e.6782","ELEMENT":"f.9CA8B20795E6D08D18CCAFF067F35E12.d.B16C125153AB1C1D77951059206C36F8.e.6782"}]}
RESULT: {"script":"<script> [8489 bytes]","args":[{"element-6066-11e4-a52e-4f735466cecf":"f.9CA8B20795E6D08D18CCAFF067F35E12.d.B16C125153AB1C1D77951059206C36F8.e.6782","ELEMENT":"f.9CA8B20795E6D08D18CCAFF067F35E12.d.B16C125153AB1C1D77951059206C36F8.e.6782"}]}
COMMAND: POST /session/0b442ebc8f096c4bfeb5c66a52851a3f/execute/async - {"script":"<script> [1562 bytes]","args":[{"selector":{"id":"application-manageyards-display-component---NewYard--addressNewCostObjectCstID-vhi"},"wdio_ui5_key":"applicationmanageyards-display-component---NewYard--addressNewCostObjectCstID-vhi"}]}
COMMAND: GET /session/0b442ebc8f096c4bfeb5c66a52851a3f/screenshot - {}
RESULT: {"script":"<script> [1562 bytes]","args":[{"selector":{"id":"application-manageyards-display-component---NewYard--addressNewCostObjectCstID-vhi"},"wdio_ui5_key":"applicationmanageyards-display-component---NewYard--addressNewCostObjectCstID-vhi"}]}
RESULT: undefined
COMMAND: POST /session/0b442ebc8f096c4bfeb5c66a52851a3f/element - {"using":"xpath","value":"//*[@id=\"application-manageyards-display-component---NewYard--addressNewCostObjectCstID-vhi\"]"}
RESULT: {}
RESULT: {"using":"xpath","value":"//*[@id=\"application-manageyards-display-component---NewYard--addressNewCostObjectCstID-vhi\"]"}
COMMAND: POST /session/0b442ebc8f096c4bfeb5c66a52851a3f/element/f.9CA8B20795E6D08D18CCAFF067F35E12.d.B16C125153AB1C1D77951059206C36F8.e.6782/click - {}
RESULT: {}
COMMAND: GET /session/0b442ebc8f096c4bfeb5c66a52851a3f/screenshot - {}
RESULT: {}
COMMAND: POST /session/0b442ebc8f096c4bfeb5c66a52851a3f/execute/async - {"script":"<script> [1562 bytes]","args":[{"selector":{"controlType":"sap.m.SearchField","properties":{"placeholder":"Search"},"searchOpenDialogs":true,"interaction":{"idSuffix":"I"}},"wdio_ui5_key":"sapm.SearchField{\"placeholder\":\"Search\"}"}]}
RESULT: {"script":"<script> [1562 bytes]","args":[{"selector":{"controlType":"sap.m.SearchField","properties":{"placeholder":"Search"},"searchOpenDialogs":true,"interaction":{"idSuffix":"I"}},"wdio_ui5_key":"sapm.SearchField{\"placeholder\":\"Search\"}"}]}
RESULT: undefined
COMMAND: POST /session/0b442ebc8f096c4bfeb5c66a52851a3f/execute/async - {"script":"<script> [776 bytes]","args":[{"enterText":"10001013","selector":{"controlType":"sap.m.SearchField","properties":{"placeholder":"Search"},"searchOpenDialogs":true,"interaction":{"idSuffix":"I"}},"clearTextFirst":true,"interactionType":"ENTER_TEXT"}]}
RESULT: {"script":"<script> [776 bytes]","args":[{"enterText":"10001013","selector":{"controlType":"sap.m.SearchField","properties":{"placeholder":"Search"},"searchOpenDialogs":true,"interaction":{"idSuffix":"I"}},"clearTextFirst":true,"interactionType":"ENTER_TEXT"}]}
COMMAND: POST /session/0b442ebc8f096c4bfeb5c66a52851a3f/actions - {"actions":[{"id":"action20","type":"key","parameters":{},"actions":[{"type":"keyDown","value":"î€‡"},{"type":"pause","duration":10},{"type":"keyUp","value":"î€‡"}]}]}
RESULT: {"actions":[{"id":"action20","type":"key","parameters":{},"actions":[{"type":"keyDown","value":"î€‡"},{"type":"pause","duration":10},{"type":"keyUp","value":"î€‡"}]}]}
COMMAND: GET /session/0b442ebc8f096c4bfeb5c66a52851a3f/screenshot - {}
RESULT: {}
COMMAND: POST /session/0b442ebc8f096c4bfeb5c66a52851a3f/element - {"using":"xpath","value":"//span[contains(text(), \"General Management\")]"}
RESULT: {"using":"xpath","value":"//span[contains(text(), \"General Management\")]"}
COMMAND: POST /session/0b442ebc8f096c4bfeb5c66a52851a3f/element/f.9CA8B20795E6D08D18CCAFF067F35E12.d.B16C125153AB1C1D77951059206C36F8.e.6823/click - {}
RESULT: {}
COMMAND: GET /session/0b442ebc8f096c4bfeb5c66a52851a3f/screenshot - {}
RESULT: {}
COMMAND: POST /session/0b442ebc8f096c4bfeb5c66a52851a3f/element - {"using":"xpath","value":"//bdi[contains(text(), \"OK\")]"}
RESULT: {"using":"xpath","value":"//bdi[contains(text(), \"OK\")]"}
COMMAND: POST /session/0b442ebc8f096c4bfeb5c66a52851a3f/element/f.9CA8B20795E6D08D18CCAFF067F35E12.d.B16C125153AB1C1D77951059206C36F8.e.6824/click - {}
RESULT: {}
COMMAND: GET /session/0b442ebc8f096c4bfeb5c66a52851a3f/screenshot - {}
RESULT: {}
COMMAND: POST /session/0b442ebc8f096c4bfeb5c66a52851a3f/execute/async - {"script":"<script> [1562 bytes]","args":[{"selector":{"id":"application-manageyards-display-component---NewYard--addressEditDetailsCurrency-arrow"},"wdio_ui5_key":"applicationmanageyards-display-component---NewYard--addressEditDetailsCurrency-arrow"}]}
RESULT: {"script":"<script> [1562 bytes]","args":[{"selector":{"id":"application-manageyards-display-component---NewYard--addressEditDetailsCurrency-arrow"},"wdio_ui5_key":"applicationmanageyards-display-component---NewYard--addressEditDetailsCurrency-arrow"}]}
RESULT: undefined
COMMAND: POST /session/0b442ebc8f096c4bfeb5c66a52851a3f/element - {"using":"xpath","value":"//*[@id=\"application-manageyards-display-component---NewYard--addressEditDetailsCurrency-arrow\"]"}
RESULT: {"using":"xpath","value":"//*[@id=\"application-manageyards-display-component---NewYard--addressEditDetailsCurrency-arrow\"]"}
COMMAND: POST /session/0b442ebc8f096c4bfeb5c66a52851a3f/element/f.9CA8B20795E6D08D18CCAFF067F35E12.d.B16C125153AB1C1D77951059206C36F8.e.6827/click - {}
RESULT: {}
COMMAND: POST /session/0b442ebc8f096c4bfeb5c66a52851a3f/element - {"using":"xpath","value":"//span[contains(text(), \"Euro\")]"}
COMMAND: GET /session/0b442ebc8f096c4bfeb5c66a52851a3f/screenshot - {}
RESULT: {"using":"xpath","value":"//span[contains(text(), \"Euro\")]"}
COMMAND: POST /session/0b442ebc8f096c4bfeb5c66a52851a3f/element/f.9CA8B20795E6D08D18CCAFF067F35E12.d.B16C125153AB1C1D77951059206C36F8.e.6828/click - {}
RESULT: {}
RESULT: {}
COMMAND: POST /session/0b442ebc8f096c4bfeb5c66a52851a3f/execute/async - {"script":"<script> [1562 bytes]","args":[{"selector":{"controlType":"sap.m.Input","viewName":"etm.portal.ui.manageyards.view.New","viewId":"application-manageyards-display-component---NewYard","bindingPath":{"path":"","propertyPath":"/CONTROLLING_AREA","modelName":"NewYardModel"},"interaction":{"idSuffix":"inner"}},"wdio_ui5_key":"etmportal.ui.manageyards.view.Newsap.m.Input{\"path\":\"\",\"propertyPath\":\"/CONTROLLING_AREA\",\"modelName\":\"NewYardModel\"}"}]}
COMMAND: GET /session/0b442ebc8f096c4bfeb5c66a52851a3f/screenshot - {}
RESULT: {"script":"<script> [1562 bytes]","args":[{"selector":{"controlType":"sap.m.Input","viewName":"etm.portal.ui.manageyards.view.New","viewId":"application-manageyards-display-component---NewYard","bindingPath":{"path":"","propertyPath":"/CONTROLLING_AREA","modelName":"NewYardModel"},"interaction":{"idSuffix":"inner"}},"wdio_ui5_key":"etmportal.ui.manageyards.view.Newsap.m.Input{\"path\":\"\",\"propertyPath\":\"/CONTROLLING_AREA\",\"modelName\":\"NewYardModel\"}"}]}
RESULT: undefined
COMMAND: POST /session/0b442ebc8f096c4bfeb5c66a52851a3f/execute/async - {"script":"<script> [776 bytes]","args":[{"enterText":"Z001","selector":{"controlType":"sap.m.Input","viewName":"etm.portal.ui.manageyards.view.New","viewId":"application-manageyards-display-component---NewYard","bindingPath":{"path":"","propertyPath":"/CONTROLLING_AREA","modelName":"NewYardModel"},"interaction":{"idSuffix":"inner"}},"clearTextFirst":true,"interactionType":"ENTER_TEXT"}]}
RESULT: {}
RESULT: {"script":"<script> [776 bytes]","args":[{"enterText":"Z001","selector":{"controlType":"sap.m.Input","viewName":"etm.portal.ui.manageyards.view.New","viewId":"application-manageyards-display-component---NewYard","bindingPath":{"path":"","propertyPath":"/CONTROLLING_AREA","modelName":"NewYardModel"},"interaction":{"idSuffix":"inner"}},"clearTextFirst":true,"interactionType":"ENTER_TEXT"}]}
COMMAND: POST /session/0b442ebc8f096c4bfeb5c66a52851a3f/execute/async - {"script":"<script> [1562 bytes]","args":[{"selector":{"id":"application-manageyards-display-component---NewYard--companyCodeComboBox","interaction":{"idSuffix":"inner"}},"wdio_ui5_key":"applicationmanageyards-display-component---NewYard--companyCodeComboBox"}]}
RESULT: {"script":"<script> [1562 bytes]","args":[{"selector":{"id":"application-manageyards-display-component---NewYard--companyCodeComboBox","interaction":{"idSuffix":"inner"}},"wdio_ui5_key":"applicationmanageyards-display-component---NewYard--companyCodeComboBox"}]}
RESULT: undefined
COMMAND: POST /session/0b442ebc8f096c4bfeb5c66a52851a3f/execute/async - {"script":"<script> [776 bytes]","args":[{"enterText":"1000","selector":{"id":"application-manageyards-display-component---NewYard--companyCodeComboBox","interaction":{"idSuffix":"inner"}},"clearTextFirst":true,"interactionType":"ENTER_TEXT"}]}
RESULT: {"script":"<script> [776 bytes]","args":[{"enterText":"1000","selector":{"id":"application-manageyards-display-component---NewYard--companyCodeComboBox","interaction":{"idSuffix":"inner"}},"clearTextFirst":true,"interactionType":"ENTER_TEXT"}]}
COMMAND: POST /session/0b442ebc8f096c4bfeb5c66a52851a3f/execute/async - {"script":"<script> [1562 bytes]","args":[{"selector":{"controlType":"sap.m.Input","viewName":"etm.portal.ui.manageyards.view.New","viewId":"application-manageyards-display-component---NewYard","bindingPath":{"path":"","propertyPath":"/PLANT","modelName":"NewYardModel"},"interaction":{"idSuffix":"inner"}},"wdio_ui5_key":"etmportal.ui.manageyards.view.Newsap.m.Input{\"path\":\"\",\"propertyPath\":\"/PLANT\",\"modelName\":\"NewYardModel\"}"}]}
RESULT: {"script":"<script> [1562 bytes]","args":[{"selector":{"controlType":"sap.m.Input","viewName":"etm.portal.ui.manageyards.view.New","viewId":"application-manageyards-display-component---NewYard","bindingPath":{"path":"","propertyPath":"/PLANT","modelName":"NewYardModel"},"interaction":{"idSuffix":"inner"}},"wdio_ui5_key":"etmportal.ui.manageyards.view.Newsap.m.Input{\"path\":\"\",\"propertyPath\":\"/PLANT\",\"modelName\":\"NewYardModel\"}"}]}
RESULT: undefined
COMMAND: POST /session/0b442ebc8f096c4bfeb5c66a52851a3f/execute/async - {"script":"<script> [776 bytes]","args":[{"enterText":"1001","selector":{"controlType":"sap.m.Input","viewName":"etm.portal.ui.manageyards.view.New","viewId":"application-manageyards-display-component---NewYard","bindingPath":{"path":"","propertyPath":"/PLANT","modelName":"NewYardModel"},"interaction":{"idSuffix":"inner"}},"clearTextFirst":true,"interactionType":"ENTER_TEXT"}]}
RESULT: {"script":"<script> [776 bytes]","args":[{"enterText":"1001","selector":{"controlType":"sap.m.Input","viewName":"etm.portal.ui.manageyards.view.New","viewId":"application-manageyards-display-component---NewYard","bindingPath":{"path":"","propertyPath":"/PLANT","modelName":"NewYardModel"},"interaction":{"idSuffix":"inner"}},"clearTextFirst":true,"interactionType":"ENTER_TEXT"}]}
COMMAND: POST /session/0b442ebc8f096c4bfeb5c66a52851a3f/execute/async - {"script":"<script> [1562 bytes]","args":[{"selector":{"controlType":"sap.m.Input","viewName":"etm.portal.ui.manageyards.view.New","viewId":"application-manageyards-display-component---NewYard","bindingPath":{"path":"","propertyPath":"/SALES_AREA_VKORG","modelName":"NewYardModel"},"interaction":{"idSuffix":"inner"}},"wdio_ui5_key":"etmportal.ui.manageyards.view.Newsap.m.Input{\"path\":\"\",\"propertyPath\":\"/SALES_AREA_VKORG\",\"modelName\":\"NewYardModel\"}"}]}
RESULT: {"script":"<script> [1562 bytes]","args":[{"selector":{"controlType":"sap.m.Input","viewName":"etm.portal.ui.manageyards.view.New","viewId":"application-manageyards-display-component---NewYard","bindingPath":{"path":"","propertyPath":"/SALES_AREA_VKORG","modelName":"NewYardModel"},"interaction":{"idSuffix":"inner"}},"wdio_ui5_key":"etmportal.ui.manageyards.view.Newsap.m.Input{\"path\":\"\",\"propertyPath\":\"/SALES_AREA_VKORG\",\"modelName\":\"NewYardModel\"}"}]}
RESULT: undefined
COMMAND: POST /session/0b442ebc8f096c4bfeb5c66a52851a3f/execute/async - {"script":"<script> [776 bytes]","args":[{"enterText":"C002","selector":{"controlType":"sap.m.Input","viewName":"etm.portal.ui.manageyards.view.New","viewId":"application-manageyards-display-component---NewYard","bindingPath":{"path":"","propertyPath":"/SALES_AREA_VKORG","modelName":"NewYardModel"},"interaction":{"idSuffix":"inner"}},"clearTextFirst":true,"interactionType":"ENTER_TEXT"}]}
RESULT: {"script":"<script> [776 bytes]","args":[{"enterText":"C002","selector":{"controlType":"sap.m.Input","viewName":"etm.portal.ui.manageyards.view.New","viewId":"application-manageyards-display-component---NewYard","bindingPath":{"path":"","propertyPath":"/SALES_AREA_VKORG","modelName":"NewYardModel"},"interaction":{"idSuffix":"inner"}},"clearTextFirst":true,"interactionType":"ENTER_TEXT"}]}
COMMAND: POST /session/0b442ebc8f096c4bfeb5c66a52851a3f/execute/async - {"script":"<script> [1562 bytes]","args":[{"selector":{"controlType":"sap.m.Input","viewName":"etm.portal.ui.manageyards.view.New","viewId":"application-manageyards-display-component---NewYard","bindingPath":{"path":"","propertyPath":"/SALES_AREA_VTWEG","modelName":"NewYardModel"},"interaction":{"idSuffix":"inner"}},"wdio_ui5_key":"etmportal.ui.manageyards.view.Newsap.m.Input{\"path\":\"\",\"propertyPath\":\"/SALES_AREA_VTWEG\",\"modelName\":\"NewYardModel\"}"}]}
RESULT: {"script":"<script> [1562 bytes]","args":[{"selector":{"controlType":"sap.m.Input","viewName":"etm.portal.ui.manageyards.view.New","viewId":"application-manageyards-display-component---NewYard","bindingPath":{"path":"","propertyPath":"/SALES_AREA_VTWEG","modelName":"NewYardModel"},"interaction":{"idSuffix":"inner"}},"wdio_ui5_key":"etmportal.ui.manageyards.view.Newsap.m.Input{\"path\":\"\",\"propertyPath\":\"/SALES_AREA_VTWEG\",\"modelName\":\"NewYardModel\"}"}]}
RESULT: undefined
COMMAND: POST /session/0b442ebc8f096c4bfeb5c66a52851a3f/execute/async - {"script":"<script> [776 bytes]","args":[{"enterText":"C2","selector":{"controlType":"sap.m.Input","viewName":"etm.portal.ui.manageyards.view.New","viewId":"application-manageyards-display-component---NewYard","bindingPath":{"path":"","propertyPath":"/SALES_AREA_VTWEG","modelName":"NewYardModel"},"interaction":{"idSuffix":"inner"}},"clearTextFirst":true,"interactionType":"ENTER_TEXT"}]}
RESULT: {"script":"<script> [776 bytes]","args":[{"enterText":"C2","selector":{"controlType":"sap.m.Input","viewName":"etm.portal.ui.manageyards.view.New","viewId":"application-manageyards-display-component---NewYard","bindingPath":{"path":"","propertyPath":"/SALES_AREA_VTWEG","modelName":"NewYardModel"},"interaction":{"idSuffix":"inner"}},"clearTextFirst":true,"interactionType":"ENTER_TEXT"}]}
COMMAND: POST /session/0b442ebc8f096c4bfeb5c66a52851a3f/execute/async - {"script":"<script> [1562 bytes]","args":[{"selector":{"controlType":"sap.m.Input","viewName":"etm.portal.ui.manageyards.view.New","viewId":"application-manageyards-display-component---NewYard","bindingPath":{"path":"","propertyPath":"/SALES_AREA_SPART","modelName":"NewYardModel"},"interaction":{"idSuffix":"inner"}},"wdio_ui5_key":"etmportal.ui.manageyards.view.Newsap.m.Input{\"path\":\"\",\"propertyPath\":\"/SALES_AREA_SPART\",\"modelName\":\"NewYardModel\"}"}]}
RESULT: {"script":"<script> [1562 bytes]","args":[{"selector":{"controlType":"sap.m.Input","viewName":"etm.portal.ui.manageyards.view.New","viewId":"application-manageyards-display-component---NewYard","bindingPath":{"path":"","propertyPath":"/SALES_AREA_SPART","modelName":"NewYardModel"},"interaction":{"idSuffix":"inner"}},"wdio_ui5_key":"etmportal.ui.manageyards.view.Newsap.m.Input{\"path\":\"\",\"propertyPath\":\"/SALES_AREA_SPART\",\"modelName\":\"NewYardModel\"}"}]}
RESULT: undefined
COMMAND: POST /session/0b442ebc8f096c4bfeb5c66a52851a3f/execute/async - {"script":"<script> [776 bytes]","args":[{"enterText":"C2","selector":{"controlType":"sap.m.Input","viewName":"etm.portal.ui.manageyards.view.New","viewId":"application-manageyards-display-component---NewYard","bindingPath":{"path":"","propertyPath":"/SALES_AREA_SPART","modelName":"NewYardModel"},"interaction":{"idSuffix":"inner"}},"clearTextFirst":true,"interactionType":"ENTER_TEXT"}]}
RESULT: {"script":"<script> [776 bytes]","args":[{"enterText":"C2","selector":{"controlType":"sap.m.Input","viewName":"etm.portal.ui.manageyards.view.New","viewId":"application-manageyards-display-component---NewYard","bindingPath":{"path":"","propertyPath":"/SALES_AREA_SPART","modelName":"NewYardModel"},"interaction":{"idSuffix":"inner"}},"clearTextFirst":true,"interactionType":"ENTER_TEXT"}]}
COMMAND: POST /session/0b442ebc8f096c4bfeb5c66a52851a3f/execute/async - {"script":"<script> [1562 bytes]","args":[{"selector":{"controlType":"sap.m.Input","viewName":"etm.portal.ui.manageyards.view.New","viewId":"application-manageyards-display-component---NewYard","bindingPath":{"path":"","propertyPath":"/SHIP_POINT","modelName":"NewYardModel"},"interaction":{"idSuffix":"inner"}},"wdio_ui5_key":"etmportal.ui.manageyards.view.Newsap.m.Input{\"path\":\"\",\"propertyPath\":\"/SHIP_POINT\",\"modelName\":\"NewYardModel\"}"}]}
RESULT: {"script":"<script> [1562 bytes]","args":[{"selector":{"controlType":"sap.m.Input","viewName":"etm.portal.ui.manageyards.view.New","viewId":"application-manageyards-display-component---NewYard","bindingPath":{"path":"","propertyPath":"/SHIP_POINT","modelName":"NewYardModel"},"interaction":{"idSuffix":"inner"}},"wdio_ui5_key":"etmportal.ui.manageyards.view.Newsap.m.Input{\"path\":\"\",\"propertyPath\":\"/SHIP_POINT\",\"modelName\":\"NewYardModel\"}"}]}
RESULT: undefined
COMMAND: POST /session/0b442ebc8f096c4bfeb5c66a52851a3f/execute/async - {"script":"<script> [776 bytes]","args":[{"enterText":"1710","selector":{"controlType":"sap.m.Input","viewName":"etm.portal.ui.manageyards.view.New","viewId":"application-manageyards-display-component---NewYard","bindingPath":{"path":"","propertyPath":"/SHIP_POINT","modelName":"NewYardModel"},"interaction":{"idSuffix":"inner"}},"clearTextFirst":true,"interactionType":"ENTER_TEXT"}]}
RESULT: {"script":"<script> [776 bytes]","args":[{"enterText":"1710","selector":{"controlType":"sap.m.Input","viewName":"etm.portal.ui.manageyards.view.New","viewId":"application-manageyards-display-component---NewYard","bindingPath":{"path":"","propertyPath":"/SHIP_POINT","modelName":"NewYardModel"},"interaction":{"idSuffix":"inner"}},"clearTextFirst":true,"interactionType":"ENTER_TEXT"}]}
COMMAND: POST /session/0b442ebc8f096c4bfeb5c66a52851a3f/execute/async - {"script":"<script> [1562 bytes]","args":[{"selector":{"controlType":"sap.m.Input","viewName":"etm.portal.ui.manageyards.view.New","viewId":"application-manageyards-display-component---NewYard","bindingPath":{"path":"","propertyPath":"/DELIVERY_TYPE","modelName":"NewYardModel"},"interaction":{"idSuffix":"inner"}},"wdio_ui5_key":"etmportal.ui.manageyards.view.Newsap.m.Input{\"path\":\"\",\"propertyPath\":\"/DELIVERY_TYPE\",\"modelName\":\"NewYardModel\"}"}]}
RESULT: {"script":"<script> [1562 bytes]","args":[{"selector":{"controlType":"sap.m.Input","viewName":"etm.portal.ui.manageyards.view.New","viewId":"application-manageyards-display-component---NewYard","bindingPath":{"path":"","propertyPath":"/DELIVERY_TYPE","modelName":"NewYardModel"},"interaction":{"idSuffix":"inner"}},"wdio_ui5_key":"etmportal.ui.manageyards.view.Newsap.m.Input{\"path\":\"\",\"propertyPath\":\"/DELIVERY_TYPE\",\"modelName\":\"NewYardModel\"}"}]}
RESULT: undefined
COMMAND: POST /session/0b442ebc8f096c4bfeb5c66a52851a3f/execute/async - {"script":"<script> [776 bytes]","args":[{"enterText":"ZL01","selector":{"controlType":"sap.m.Input","viewName":"etm.portal.ui.manageyards.view.New","viewId":"application-manageyards-display-component---NewYard","bindingPath":{"path":"","propertyPath":"/DELIVERY_TYPE","modelName":"NewYardModel"},"interaction":{"idSuffix":"inner"}},"clearTextFirst":true,"interactionType":"ENTER_TEXT"}]}
RESULT: {"script":"<script> [776 bytes]","args":[{"enterText":"ZL01","selector":{"controlType":"sap.m.Input","viewName":"etm.portal.ui.manageyards.view.New","viewId":"application-manageyards-display-component---NewYard","bindingPath":{"path":"","propertyPath":"/DELIVERY_TYPE","modelName":"NewYardModel"},"interaction":{"idSuffix":"inner"}},"clearTextFirst":true,"interactionType":"ENTER_TEXT"}]}
COMMAND: POST /session/0b442ebc8f096c4bfeb5c66a52851a3f/execute/async - {"script":"<script> [1562 bytes]","args":[{"selector":{"controlType":"sap.m.Input","viewName":"etm.portal.ui.manageyards.view.New","viewId":"application-manageyards-display-component---NewYard","bindingPath":{"path":"","propertyPath":"/AUART","modelName":"NewYardModel"},"interaction":{"idSuffix":"inner"}},"wdio_ui5_key":"etmportal.ui.manageyards.view.Newsap.m.Input{\"path\":\"\",\"propertyPath\":\"/AUART\",\"modelName\":\"NewYardModel\"}"}]}
RESULT: {"script":"<script> [1562 bytes]","args":[{"selector":{"controlType":"sap.m.Input","viewName":"etm.portal.ui.manageyards.view.New","viewId":"application-manageyards-display-component---NewYard","bindingPath":{"path":"","propertyPath":"/AUART","modelName":"NewYardModel"},"interaction":{"idSuffix":"inner"}},"wdio_ui5_key":"etmportal.ui.manageyards.view.Newsap.m.Input{\"path\":\"\",\"propertyPath\":\"/AUART\",\"modelName\":\"NewYardModel\"}"}]}
RESULT: undefined
COMMAND: POST /session/0b442ebc8f096c4bfeb5c66a52851a3f/execute/async - {"script":"<script> [776 bytes]","args":[{"enterText":"TA","selector":{"controlType":"sap.m.Input","viewName":"etm.portal.ui.manageyards.view.New","viewId":"application-manageyards-display-component---NewYard","bindingPath":{"path":"","propertyPath":"/AUART","modelName":"NewYardModel"},"interaction":{"idSuffix":"inner"}},"clearTextFirst":true,"interactionType":"ENTER_TEXT"}]}
RESULT: {"script":"<script> [776 bytes]","args":[{"enterText":"TA","selector":{"controlType":"sap.m.Input","viewName":"etm.portal.ui.manageyards.view.New","viewId":"application-manageyards-display-component---NewYard","bindingPath":{"path":"","propertyPath":"/AUART","modelName":"NewYardModel"},"interaction":{"idSuffix":"inner"}},"clearTextFirst":true,"interactionType":"ENTER_TEXT"}]}
COMMAND: POST /session/0b442ebc8f096c4bfeb5c66a52851a3f/element - {"using":"xpath","value":"//button[@data-kt=\"newYardSaveButton\"]"}
RESULT: {"using":"xpath","value":"//button[@data-kt=\"newYardSaveButton\"]"}
COMMAND: POST /session/0b442ebc8f096c4bfeb5c66a52851a3f/element/f.9CA8B20795E6D08D18CCAFF067F35E12.d.B16C125153AB1C1D77951059206C36F8.e.6764/click - {}
RESULT: {}
COMMAND: GET /session/0b442ebc8f096c4bfeb5c66a52851a3f/screenshot - {}
COMMAND: POST /session/0b442ebc8f096c4bfeb5c66a52851a3f/element - {"using":"xpath","value":"//header[contains(@id, 'ObjectPageLayout-headerTitle')]/div[1]/div[2]/div[1]/span[1]"}
RESULT: {}
RESULT: {"using":"xpath","value":"//header[contains(@id, 'ObjectPageLayout-headerTitle')]/div[1]/div[2]/div[1]/span[1]"}
COMMAND: POST /session/0b442ebc8f096c4bfeb5c66a52851a3f/elements - {"using":"xpath","value":"//header[contains(@id, 'ObjectPageLayout-headerTitle')]/div[1]/div[2]/div[1]/span[1]"}
RESULT: {"using":"xpath","value":"//header[contains(@id, 'ObjectPageLayout-headerTitle')]/div[1]/div[2]/div[1]/span[1]"}
COMMAND: POST /session/0b442ebc8f096c4bfeb5c66a52851a3f/execute/sync - {"script":"<script> [56 bytes]","args":[{"element-6066-11e4-a52e-4f735466cecf":"f.9CA8B20795E6D08D18CCAFF067F35E12.d.B16C125153AB1C1D77951059206C36F8.e.7057","ELEMENT":"f.9CA8B20795E6D08D18CCAFF067F35E12.d.B16C125153AB1C1D77951059206C36F8.e.7057"}]}
RESULT: {"script":"<script> [56 bytes]","args":[{"element-6066-11e4-a52e-4f735466cecf":"f.9CA8B20795E6D08D18CCAFF067F35E12.d.B16C125153AB1C1D77951059206C36F8.e.7057","ELEMENT":"f.9CA8B20795E6D08D18CCAFF067F35E12.d.B16C125153AB1C1D77951059206C36F8.e.7057"}]}
COMMAND: GET /session/0b442ebc8f096c4bfeb5c66a52851a3f/screenshot - {}
RESULT: {}
COMMAND: POST /session/0b442ebc8f096c4bfeb5c66a52851a3f/element - {"using":"css selector","value":"#shell-header-logo"}
RESULT: {"using":"css selector","value":"#shell-header-logo"}
COMMAND: POST /session/0b442ebc8f096c4bfeb5c66a52851a3f/element/f.9CA8B20795E6D08D18CCAFF067F35E12.d.B16C125153AB1C1D77951059206C36F8.e.6317/click - {}
RESULT: {}
COMMAND: GET /session/0b442ebc8f096c4bfeb5c66a52851a3f/screenshot - {}
RESULT: {}
COMMAND: POST /session/0b442ebc8f096c4bfeb5c66a52851a3f/execute/sync - {"script":"<script> [299 bytes]","args":[["getModel","getResource"]]}
RESULT: {"script":"<script> [299 bytes]","args":[["getModel","getResource"]]}
]]></system-out>
    </testcase>
    <testcase classname="chrome.135_0_7049_96.windows.Create_master_data_for_mixed_billing_&amp;_do_billing_calculation_US151661" name="Should create a new partner" time="125.095">
      <system-out><![CDATA[
COMMAND: GET /session/0b442ebc8f096c4bfeb5c66a52851a3f/screenshot - {}
COMMAND: POST /session/0b442ebc8f096c4bfeb5c66a52851a3f/window/fullscreen - {}
RESULT: {}
RESULT: {}
COMMAND: POST /session/0b442ebc8f096c4bfeb5c66a52851a3f/execute/async - {"script":"<script> [1562 bytes]","args":[{"selector":{"controlType":"sap.m.GenericTile","properties":{"header":"Manage Partners"}},"wdio_ui5_key":"sapm.GenericTile{\"header\":\"Manage Partners\"}"}]}
RESULT: {"script":"<script> [1562 bytes]","args":[{"selector":{"controlType":"sap.m.GenericTile","properties":{"header":"Manage Partners"}},"wdio_ui5_key":"sapm.GenericTile{\"header\":\"Manage Partners\"}"}]}
RESULT: undefined
COMMAND: POST /session/0b442ebc8f096c4bfeb5c66a52851a3f/element - {"using":"xpath","value":"//*[@id=\"__tile38\"]"}
RESULT: {"using":"xpath","value":"//*[@id=\"__tile38\"]"}
COMMAND: POST /session/0b442ebc8f096c4bfeb5c66a52851a3f/element/f.9CA8B20795E6D08D18CCAFF067F35E12.d.B16C125153AB1C1D77951059206C36F8.e.6200/click - {}
RESULT: {}
COMMAND: POST /session/0b442ebc8f096c4bfeb5c66a52851a3f/element - {"using":"xpath","value":"//button[@data-kt=\"addButton\"]"}
COMMAND: GET /session/0b442ebc8f096c4bfeb5c66a52851a3f/screenshot - {}
RESULT: {"using":"xpath","value":"//button[@data-kt=\"addButton\"]"}
COMMAND: POST /session/0b442ebc8f096c4bfeb5c66a52851a3f/elements - {"using":"xpath","value":"//button[@data-kt=\"addButton\"]"}
RESULT: {}
RESULT: {"using":"xpath","value":"//button[@data-kt=\"addButton\"]"}
COMMAND: POST /session/0b442ebc8f096c4bfeb5c66a52851a3f/elements - {"using":"xpath","value":"//button[@data-kt=\"addButton\"]"}
RESULT: {"using":"xpath","value":"//button[@data-kt=\"addButton\"]"}
COMMAND: POST /session/0b442ebc8f096c4bfeb5c66a52851a3f/elements - {"using":"xpath","value":"//button[@data-kt=\"addButton\"]"}
RESULT: {"using":"xpath","value":"//button[@data-kt=\"addButton\"]"}
COMMAND: POST /session/0b442ebc8f096c4bfeb5c66a52851a3f/elements - {"using":"xpath","value":"//button[@data-kt=\"addButton\"]"}
RESULT: {"using":"xpath","value":"//button[@data-kt=\"addButton\"]"}
COMMAND: POST /session/0b442ebc8f096c4bfeb5c66a52851a3f/elements - {"using":"xpath","value":"//button[@data-kt=\"addButton\"]"}
RESULT: {"using":"xpath","value":"//button[@data-kt=\"addButton\"]"}
COMMAND: POST /session/0b442ebc8f096c4bfeb5c66a52851a3f/elements - {"using":"xpath","value":"//button[@data-kt=\"addButton\"]"}
RESULT: {"using":"xpath","value":"//button[@data-kt=\"addButton\"]"}
COMMAND: POST /session/0b442ebc8f096c4bfeb5c66a52851a3f/elements - {"using":"xpath","value":"//button[@data-kt=\"addButton\"]"}
RESULT: {"using":"xpath","value":"//button[@data-kt=\"addButton\"]"}
COMMAND: POST /session/0b442ebc8f096c4bfeb5c66a52851a3f/elements - {"using":"xpath","value":"//button[@data-kt=\"addButton\"]"}
RESULT: {"using":"xpath","value":"//button[@data-kt=\"addButton\"]"}
COMMAND: POST /session/0b442ebc8f096c4bfeb5c66a52851a3f/elements - {"using":"xpath","value":"//button[@data-kt=\"addButton\"]"}
RESULT: {"using":"xpath","value":"//button[@data-kt=\"addButton\"]"}
COMMAND: POST /session/0b442ebc8f096c4bfeb5c66a52851a3f/elements - {"using":"xpath","value":"//button[@data-kt=\"addButton\"]"}
RESULT: {"using":"xpath","value":"//button[@data-kt=\"addButton\"]"}
COMMAND: POST /session/0b442ebc8f096c4bfeb5c66a52851a3f/elements - {"using":"xpath","value":"//button[@data-kt=\"addButton\"]"}
RESULT: {"using":"xpath","value":"//button[@data-kt=\"addButton\"]"}
COMMAND: POST /session/0b442ebc8f096c4bfeb5c66a52851a3f/elements - {"using":"xpath","value":"//button[@data-kt=\"addButton\"]"}
RESULT: {"using":"xpath","value":"//button[@data-kt=\"addButton\"]"}
COMMAND: POST /session/0b442ebc8f096c4bfeb5c66a52851a3f/elements - {"using":"xpath","value":"//button[@data-kt=\"addButton\"]"}
RESULT: {"using":"xpath","value":"//button[@data-kt=\"addButton\"]"}
COMMAND: POST /session/0b442ebc8f096c4bfeb5c66a52851a3f/elements - {"using":"xpath","value":"//button[@data-kt=\"addButton\"]"}
RESULT: {"using":"xpath","value":"//button[@data-kt=\"addButton\"]"}
COMMAND: POST /session/0b442ebc8f096c4bfeb5c66a52851a3f/elements - {"using":"xpath","value":"//button[@data-kt=\"addButton\"]"}
RESULT: {"using":"xpath","value":"//button[@data-kt=\"addButton\"]"}
COMMAND: POST /session/0b442ebc8f096c4bfeb5c66a52851a3f/elements - {"using":"xpath","value":"//button[@data-kt=\"addButton\"]"}
RESULT: {"using":"xpath","value":"//button[@data-kt=\"addButton\"]"}
COMMAND: POST /session/0b442ebc8f096c4bfeb5c66a52851a3f/elements - {"using":"xpath","value":"//button[@data-kt=\"addButton\"]"}
RESULT: {"using":"xpath","value":"//button[@data-kt=\"addButton\"]"}
COMMAND: POST /session/0b442ebc8f096c4bfeb5c66a52851a3f/elements - {"using":"xpath","value":"//button[@data-kt=\"addButton\"]"}
RESULT: {"using":"xpath","value":"//button[@data-kt=\"addButton\"]"}
COMMAND: POST /session/0b442ebc8f096c4bfeb5c66a52851a3f/elements - {"using":"xpath","value":"//button[@data-kt=\"addButton\"]"}
RESULT: {"using":"xpath","value":"//button[@data-kt=\"addButton\"]"}
COMMAND: POST /session/0b442ebc8f096c4bfeb5c66a52851a3f/elements - {"using":"xpath","value":"//button[@data-kt=\"addButton\"]"}
RESULT: {"using":"xpath","value":"//button[@data-kt=\"addButton\"]"}
COMMAND: POST /session/0b442ebc8f096c4bfeb5c66a52851a3f/elements - {"using":"xpath","value":"//button[@data-kt=\"addButton\"]"}
RESULT: {"using":"xpath","value":"//button[@data-kt=\"addButton\"]"}
COMMAND: POST /session/0b442ebc8f096c4bfeb5c66a52851a3f/elements - {"using":"xpath","value":"//button[@data-kt=\"addButton\"]"}
RESULT: {"using":"xpath","value":"//button[@data-kt=\"addButton\"]"}
COMMAND: POST /session/0b442ebc8f096c4bfeb5c66a52851a3f/elements - {"using":"xpath","value":"//button[@data-kt=\"addButton\"]"}
RESULT: {"using":"xpath","value":"//button[@data-kt=\"addButton\"]"}
COMMAND: POST /session/0b442ebc8f096c4bfeb5c66a52851a3f/element - {"using":"xpath","value":"//button[@data-kt=\"addButton\"]"}
RESULT: {"using":"xpath","value":"//button[@data-kt=\"addButton\"]"}
COMMAND: POST /session/0b442ebc8f096c4bfeb5c66a52851a3f/execute/sync - {"script":"<script> [8489 bytes]","args":[{"element-6066-11e4-a52e-4f735466cecf":"f.9CA8B20795E6D08D18CCAFF067F35E12.d.B16C125153AB1C1D77951059206C36F8.e.7093","ELEMENT":"f.9CA8B20795E6D08D18CCAFF067F35E12.d.B16C125153AB1C1D77951059206C36F8.e.7093"}]}
RESULT: {"script":"<script> [8489 bytes]","args":[{"element-6066-11e4-a52e-4f735466cecf":"f.9CA8B20795E6D08D18CCAFF067F35E12.d.B16C125153AB1C1D77951059206C36F8.e.7093","ELEMENT":"f.9CA8B20795E6D08D18CCAFF067F35E12.d.B16C125153AB1C1D77951059206C36F8.e.7093"}]}
COMMAND: GET /session/0b442ebc8f096c4bfeb5c66a52851a3f/element/f.9CA8B20795E6D08D18CCAFF067F35E12.d.B16C125153AB1C1D77951059206C36F8.e.7093/enabled - {}
COMMAND: GET /session/0b442ebc8f096c4bfeb5c66a52851a3f/screenshot - {}
RESULT: {}
COMMAND: POST /session/0b442ebc8f096c4bfeb5c66a52851a3f/execute/sync - {"script":"<script> [8489 bytes]","args":[{"element-6066-11e4-a52e-4f735466cecf":"f.9CA8B20795E6D08D18CCAFF067F35E12.d.B16C125153AB1C1D77951059206C36F8.e.7093","ELEMENT":"f.9CA8B20795E6D08D18CCAFF067F35E12.d.B16C125153AB1C1D77951059206C36F8.e.7093"}]}
COMMAND: GET /session/0b442ebc8f096c4bfeb5c66a52851a3f/screenshot - {}
RESULT: {}
RESULT: {"script":"<script> [8489 bytes]","args":[{"element-6066-11e4-a52e-4f735466cecf":"f.9CA8B20795E6D08D18CCAFF067F35E12.d.B16C125153AB1C1D77951059206C36F8.e.7093","ELEMENT":"f.9CA8B20795E6D08D18CCAFF067F35E12.d.B16C125153AB1C1D77951059206C36F8.e.7093"}]}
COMMAND: POST /session/0b442ebc8f096c4bfeb5c66a52851a3f/execute/sync - {"script":"<script> [5351 bytes]","args":[{"element-6066-11e4-a52e-4f735466cecf":"f.9CA8B20795E6D08D18CCAFF067F35E12.d.B16C125153AB1C1D77951059206C36F8.e.7093","ELEMENT":"f.9CA8B20795E6D08D18CCAFF067F35E12.d.B16C125153AB1C1D77951059206C36F8.e.7093"}]}
COMMAND: GET /session/0b442ebc8f096c4bfeb5c66a52851a3f/screenshot - {}
RESULT: {}
RESULT: {"script":"<script> [5351 bytes]","args":[{"element-6066-11e4-a52e-4f735466cecf":"f.9CA8B20795E6D08D18CCAFF067F35E12.d.B16C125153AB1C1D77951059206C36F8.e.7093","ELEMENT":"f.9CA8B20795E6D08D18CCAFF067F35E12.d.B16C125153AB1C1D77951059206C36F8.e.7093"}]}
COMMAND: POST /session/0b442ebc8f096c4bfeb5c66a52851a3f/element/f.9CA8B20795E6D08D18CCAFF067F35E12.d.B16C125153AB1C1D77951059206C36F8.e.7093/click - {}
COMMAND: GET /session/0b442ebc8f096c4bfeb5c66a52851a3f/screenshot - {}
RESULT: {}
RESULT: {}
COMMAND: GET /session/0b442ebc8f096c4bfeb5c66a52851a3f/screenshot - {}
COMMAND: POST /session/0b442ebc8f096c4bfeb5c66a52851a3f/execute/async - {"script":"<script> [1562 bytes]","args":[{"selector":{"id":"application-managepartners-display-component---NewPartner--addressDetailDetailsName1","interaction":{"idSuffix":"inner"}},"wdio_ui5_key":"applicationmanagepartners-display-component---NewPartner--addressDetailDetailsName1"}]}
RESULT: {}
RESULT: {}
RESULT: {"script":"<script> [1562 bytes]","args":[{"selector":{"id":"application-managepartners-display-component---NewPartner--addressDetailDetailsName1","interaction":{"idSuffix":"inner"}},"wdio_ui5_key":"applicationmanagepartners-display-component---NewPartner--addressDetailDetailsName1"}]}
RESULT: undefined
COMMAND: POST /session/0b442ebc8f096c4bfeb5c66a52851a3f/execute/async - {"script":"<script> [776 bytes]","args":[{"enterText":"Intercompany Partner WDIO","selector":{"id":"application-managepartners-display-component---NewPartner--addressDetailDetailsName1","interaction":{"idSuffix":"inner"}},"clearTextFirst":true,"interactionType":"ENTER_TEXT"}]}
RESULT: {"script":"<script> [776 bytes]","args":[{"enterText":"Intercompany Partner WDIO","selector":{"id":"application-managepartners-display-component---NewPartner--addressDetailDetailsName1","interaction":{"idSuffix":"inner"}},"clearTextFirst":true,"interactionType":"ENTER_TEXT"}]}
COMMAND: POST /session/0b442ebc8f096c4bfeb5c66a52851a3f/execute/async - {"script":"<script> [1562 bytes]","args":[{"selector":{"id":"application-managepartners-display-component---NewPartner--addressDetailDetailsLanguage-arrow"},"wdio_ui5_key":"applicationmanagepartners-display-component---NewPartner--addressDetailDetailsLanguage-arrow"}]}
RESULT: {"script":"<script> [1562 bytes]","args":[{"selector":{"id":"application-managepartners-display-component---NewPartner--addressDetailDetailsLanguage-arrow"},"wdio_ui5_key":"applicationmanagepartners-display-component---NewPartner--addressDetailDetailsLanguage-arrow"}]}
RESULT: undefined
COMMAND: POST /session/0b442ebc8f096c4bfeb5c66a52851a3f/element - {"using":"xpath","value":"//*[@id=\"application-managepartners-display-component---NewPartner--addressDetailDetailsLanguage-arrow\"]"}
RESULT: {"using":"xpath","value":"//*[@id=\"application-managepartners-display-component---NewPartner--addressDetailDetailsLanguage-arrow\"]"}
COMMAND: POST /session/0b442ebc8f096c4bfeb5c66a52851a3f/element/f.9CA8B20795E6D08D18CCAFF067F35E12.d.B16C125153AB1C1D77951059206C36F8.e.7536/click - {}
RESULT: {}
COMMAND: POST /session/0b442ebc8f096c4bfeb5c66a52851a3f/element - {"using":"xpath","value":"//span[contains(text(), \"English\")]"}
COMMAND: GET /session/0b442ebc8f096c4bfeb5c66a52851a3f/screenshot - {}
RESULT: {"using":"xpath","value":"//span[contains(text(), \"English\")]"}
COMMAND: POST /session/0b442ebc8f096c4bfeb5c66a52851a3f/element/f.9CA8B20795E6D08D18CCAFF067F35E12.d.B16C125153AB1C1D77951059206C36F8.e.7537/click - {}
RESULT: {}
RESULT: {}
COMMAND: GET /session/0b442ebc8f096c4bfeb5c66a52851a3f/screenshot - {}
RESULT: {}
COMMAND: POST /session/0b442ebc8f096c4bfeb5c66a52851a3f/execute/async - {"script":"<script> [1562 bytes]","args":[{"selector":{"id":"application-managepartners-display-component---NewPartner--addressDetailDetailsCity1","interaction":{"idSuffix":"inner"}},"wdio_ui5_key":"applicationmanagepartners-display-component---NewPartner--addressDetailDetailsCity1"}]}
RESULT: {"script":"<script> [1562 bytes]","args":[{"selector":{"id":"application-managepartners-display-component---NewPartner--addressDetailDetailsCity1","interaction":{"idSuffix":"inner"}},"wdio_ui5_key":"applicationmanagepartners-display-component---NewPartner--addressDetailDetailsCity1"}]}
RESULT: undefined
COMMAND: POST /session/0b442ebc8f096c4bfeb5c66a52851a3f/execute/async - {"script":"<script> [776 bytes]","args":[{"enterText":"Rosario","selector":{"id":"application-managepartners-display-component---NewPartner--addressDetailDetailsCity1","interaction":{"idSuffix":"inner"}},"clearTextFirst":true,"interactionType":"ENTER_TEXT"}]}
RESULT: {"script":"<script> [776 bytes]","args":[{"enterText":"Rosario","selector":{"id":"application-managepartners-display-component---NewPartner--addressDetailDetailsCity1","interaction":{"idSuffix":"inner"}},"clearTextFirst":true,"interactionType":"ENTER_TEXT"}]}
COMMAND: POST /session/0b442ebc8f096c4bfeb5c66a52851a3f/execute/async - {"script":"<script> [1562 bytes]","args":[{"selector":{"id":"application-managepartners-display-component---NewPartner--addressDetailDetailsCountry-arrow"},"wdio_ui5_key":"applicationmanagepartners-display-component---NewPartner--addressDetailDetailsCountry-arrow"}]}
RESULT: {"script":"<script> [1562 bytes]","args":[{"selector":{"id":"application-managepartners-display-component---NewPartner--addressDetailDetailsCountry-arrow"},"wdio_ui5_key":"applicationmanagepartners-display-component---NewPartner--addressDetailDetailsCountry-arrow"}]}
RESULT: undefined
COMMAND: POST /session/0b442ebc8f096c4bfeb5c66a52851a3f/element - {"using":"xpath","value":"//*[@id=\"application-managepartners-display-component---NewPartner--addressDetailDetailsCountry-arrow\"]"}
RESULT: {"using":"xpath","value":"//*[@id=\"application-managepartners-display-component---NewPartner--addressDetailDetailsCountry-arrow\"]"}
COMMAND: POST /session/0b442ebc8f096c4bfeb5c66a52851a3f/element/f.9CA8B20795E6D08D18CCAFF067F35E12.d.B16C125153AB1C1D77951059206C36F8.e.7493/click - {}
RESULT: {}
COMMAND: POST /session/0b442ebc8f096c4bfeb5c66a52851a3f/element - {"using":"xpath","value":"//span[contains(text(), \"Argentina\")]"}
COMMAND: GET /session/0b442ebc8f096c4bfeb5c66a52851a3f/screenshot - {}
RESULT: {"using":"xpath","value":"//span[contains(text(), \"Argentina\")]"}
COMMAND: POST /session/0b442ebc8f096c4bfeb5c66a52851a3f/element/f.9CA8B20795E6D08D18CCAFF067F35E12.d.B16C125153AB1C1D77951059206C36F8.e.7539/click - {}
RESULT: {}
RESULT: {}
COMMAND: GET /session/0b442ebc8f096c4bfeb5c66a52851a3f/screenshot - {}
RESULT: {}
COMMAND: POST /session/0b442ebc8f096c4bfeb5c66a52851a3f/element - {"using":"xpath","value":"//bdi[contains(text(), \"Commercial\")]"}
RESULT: {"using":"xpath","value":"//bdi[contains(text(), \"Commercial\")]"}
COMMAND: POST /session/0b442ebc8f096c4bfeb5c66a52851a3f/element/f.9CA8B20795E6D08D18CCAFF067F35E12.d.B16C125153AB1C1D77951059206C36F8.e.7540/click - {}
RESULT: {}
COMMAND: GET /session/0b442ebc8f096c4bfeb5c66a52851a3f/screenshot - {}
RESULT: {}
COMMAND: POST /session/0b442ebc8f096c4bfeb5c66a52851a3f/execute/async - {"script":"<script> [1562 bytes]","args":[{"selector":{"id":"application-managepartners-display-component---NewPartner--partnerDetailInternal-arrow"},"wdio_ui5_key":"applicationmanagepartners-display-component---NewPartner--partnerDetailInternal-arrow"}]}
RESULT: {"script":"<script> [1562 bytes]","args":[{"selector":{"id":"application-managepartners-display-component---NewPartner--partnerDetailInternal-arrow"},"wdio_ui5_key":"applicationmanagepartners-display-component---NewPartner--partnerDetailInternal-arrow"}]}
RESULT: undefined
COMMAND: POST /session/0b442ebc8f096c4bfeb5c66a52851a3f/element - {"using":"xpath","value":"//*[@id=\"application-managepartners-display-component---NewPartner--partnerDetailInternal-arrow\"]"}
RESULT: {"using":"xpath","value":"//*[@id=\"application-managepartners-display-component---NewPartner--partnerDetailInternal-arrow\"]"}
COMMAND: POST /session/0b442ebc8f096c4bfeb5c66a52851a3f/element/f.9CA8B20795E6D08D18CCAFF067F35E12.d.B16C125153AB1C1D77951059206C36F8.e.7546/click - {}
RESULT: {}
COMMAND: POST /session/0b442ebc8f096c4bfeb5c66a52851a3f/element - {"using":"xpath","value":"//span[contains(text(), \"Affiliated company\")]"}
COMMAND: GET /session/0b442ebc8f096c4bfeb5c66a52851a3f/screenshot - {}
RESULT: {"using":"xpath","value":"//span[contains(text(), \"Affiliated company\")]"}
COMMAND: POST /session/0b442ebc8f096c4bfeb5c66a52851a3f/element/f.9CA8B20795E6D08D18CCAFF067F35E12.d.B16C125153AB1C1D77951059206C36F8.e.7547/click - {}
RESULT: {}
RESULT: {}
COMMAND: POST /session/0b442ebc8f096c4bfeb5c66a52851a3f/execute/async - {"script":"<script> [1562 bytes]","args":[{"selector":{"id":"application-managepartners-display-component---NewPartner--partnerDetailsCurrency-arrow"},"wdio_ui5_key":"applicationmanagepartners-display-component---NewPartner--partnerDetailsCurrency-arrow"}]}
COMMAND: GET /session/0b442ebc8f096c4bfeb5c66a52851a3f/screenshot - {}
RESULT: {"script":"<script> [1562 bytes]","args":[{"selector":{"id":"application-managepartners-display-component---NewPartner--partnerDetailsCurrency-arrow"},"wdio_ui5_key":"applicationmanagepartners-display-component---NewPartner--partnerDetailsCurrency-arrow"}]}
RESULT: undefined
COMMAND: POST /session/0b442ebc8f096c4bfeb5c66a52851a3f/element - {"using":"xpath","value":"//*[@id=\"application-managepartners-display-component---NewPartner--partnerDetailsCurrency-arrow\"]"}
RESULT: {}
RESULT: {"using":"xpath","value":"//*[@id=\"application-managepartners-display-component---NewPartner--partnerDetailsCurrency-arrow\"]"}
COMMAND: POST /session/0b442ebc8f096c4bfeb5c66a52851a3f/element/f.9CA8B20795E6D08D18CCAFF067F35E12.d.B16C125153AB1C1D77951059206C36F8.e.7554/click - {}
RESULT: {}
COMMAND: POST /session/0b442ebc8f096c4bfeb5c66a52851a3f/element - {"using":"xpath","value":"//span[contains(text(), \"Euro\")]"}
COMMAND: GET /session/0b442ebc8f096c4bfeb5c66a52851a3f/screenshot - {}
RESULT: {"using":"xpath","value":"//span[contains(text(), \"Euro\")]"}
COMMAND: POST /session/0b442ebc8f096c4bfeb5c66a52851a3f/element/f.9CA8B20795E6D08D18CCAFF067F35E12.d.B16C125153AB1C1D77951059206C36F8.e.7555/click - {}
RESULT: {}
RESULT: {}
COMMAND: POST /session/0b442ebc8f096c4bfeb5c66a52851a3f/execute/async - {"script":"<script> [1562 bytes]","args":[{"selector":{"id":"application-managepartners-display-component---NewPartner--addressEditDetailsCostObjectCstType-arrow"},"wdio_ui5_key":"applicationmanagepartners-display-component---NewPartner--addressEditDetailsCostObjectCstType-arrow"}]}
COMMAND: GET /session/0b442ebc8f096c4bfeb5c66a52851a3f/screenshot - {}
RESULT: {"script":"<script> [1562 bytes]","args":[{"selector":{"id":"application-managepartners-display-component---NewPartner--addressEditDetailsCostObjectCstType-arrow"},"wdio_ui5_key":"applicationmanagepartners-display-component---NewPartner--addressEditDetailsCostObjectCstType-arrow"}]}
RESULT: undefined
COMMAND: POST /session/0b442ebc8f096c4bfeb5c66a52851a3f/element - {"using":"xpath","value":"//*[@id=\"application-managepartners-display-component---NewPartner--addressEditDetailsCostObjectCstType-arrow\"]"}
RESULT: {}
RESULT: {"using":"xpath","value":"//*[@id=\"application-managepartners-display-component---NewPartner--addressEditDetailsCostObjectCstType-arrow\"]"}
COMMAND: POST /session/0b442ebc8f096c4bfeb5c66a52851a3f/element/f.9CA8B20795E6D08D18CCAFF067F35E12.d.B16C125153AB1C1D77951059206C36F8.e.7556/click - {}
RESULT: {}
COMMAND: POST /session/0b442ebc8f096c4bfeb5c66a52851a3f/element - {"using":"xpath","value":"//span[contains(text(), \"Cost Center\")]"}
COMMAND: GET /session/0b442ebc8f096c4bfeb5c66a52851a3f/screenshot - {}
RESULT: {"using":"xpath","value":"//span[contains(text(), \"Cost Center\")]"}
COMMAND: POST /session/0b442ebc8f096c4bfeb5c66a52851a3f/element/f.9CA8B20795E6D08D18CCAFF067F35E12.d.B16C125153AB1C1D77951059206C36F8.e.7557/click - {}
RESULT: {}
RESULT: {}
COMMAND: GET /session/0b442ebc8f096c4bfeb5c66a52851a3f/screenshot - {}
RESULT: {}
COMMAND: POST /session/0b442ebc8f096c4bfeb5c66a52851a3f/element - {"using":"xpath","value":"//span[@id=\"application-managepartners-display-component---NewPartner--addressNewCostObjectCstID-vhi\"]"}
RESULT: {"using":"xpath","value":"//span[@id=\"application-managepartners-display-component---NewPartner--addressNewCostObjectCstID-vhi\"]"}
COMMAND: POST /session/0b442ebc8f096c4bfeb5c66a52851a3f/element - {"using":"xpath","value":"//span[@id=\"application-managepartners-display-component---NewPartner--addressNewCostObjectCstID-vhi\"]"}
RESULT: {"using":"xpath","value":"//span[@id=\"application-managepartners-display-component---NewPartner--addressNewCostObjectCstID-vhi\"]"}
COMMAND: POST /session/0b442ebc8f096c4bfeb5c66a52851a3f/element - {"using":"xpath","value":"//input[@id=\"application-managepartners-display-component---NewPartner--addressNewCostObjectCstID-inner\"]"}
RESULT: {"using":"xpath","value":"//input[@id=\"application-managepartners-display-component---NewPartner--addressNewCostObjectCstID-inner\"]"}
COMMAND: POST /session/0b442ebc8f096c4bfeb5c66a52851a3f/execute/sync - {"script":"<script> [8489 bytes]","args":[{"element-6066-11e4-a52e-4f735466cecf":"f.9CA8B20795E6D08D18CCAFF067F35E12.d.B16C125153AB1C1D77951059206C36F8.e.7558","ELEMENT":"f.9CA8B20795E6D08D18CCAFF067F35E12.d.B16C125153AB1C1D77951059206C36F8.e.7558"}]}
RESULT: {"script":"<script> [8489 bytes]","args":[{"element-6066-11e4-a52e-4f735466cecf":"f.9CA8B20795E6D08D18CCAFF067F35E12.d.B16C125153AB1C1D77951059206C36F8.e.7558","ELEMENT":"f.9CA8B20795E6D08D18CCAFF067F35E12.d.B16C125153AB1C1D77951059206C36F8.e.7558"}]}
COMMAND: POST /session/0b442ebc8f096c4bfeb5c66a52851a3f/element/f.9CA8B20795E6D08D18CCAFF067F35E12.d.B16C125153AB1C1D77951059206C36F8.e.7558/clear - {}
COMMAND: GET /session/0b442ebc8f096c4bfeb5c66a52851a3f/screenshot - {}
RESULT: {}
COMMAND: POST /session/0b442ebc8f096c4bfeb5c66a52851a3f/element - {"using":"xpath","value":"//input[@id=\"application-managepartners-display-component---NewPartner--addressNewCostObjectCstID-inner\"]"}
RESULT: {"using":"xpath","value":"//input[@id=\"application-managepartners-display-component---NewPartner--addressNewCostObjectCstID-inner\"]"}
COMMAND: POST /session/0b442ebc8f096c4bfeb5c66a52851a3f/element/f.9CA8B20795E6D08D18CCAFF067F35E12.d.B16C125153AB1C1D77951059206C36F8.e.7558/clear - {}
COMMAND: POST /session/0b442ebc8f096c4bfeb5c66a52851a3f/element - {"using":"xpath","value":"//input[@id=\"application-managepartners-display-component---NewPartner--addressNewCostObjectCstID-inner\"]"}
RESULT: {"using":"xpath","value":"//input[@id=\"application-managepartners-display-component---NewPartner--addressNewCostObjectCstID-inner\"]"}
COMMAND: POST /session/0b442ebc8f096c4bfeb5c66a52851a3f/element/f.9CA8B20795E6D08D18CCAFF067F35E12.d.B16C125153AB1C1D77951059206C36F8.e.7560/clear - {}
COMMAND: POST /session/0b442ebc8f096c4bfeb5c66a52851a3f/element - {"using":"xpath","value":"//input[@id=\"application-managepartners-display-component---NewPartner--addressNewCostObjectCstID-inner\"]"}
RESULT: {"using":"xpath","value":"//input[@id=\"application-managepartners-display-component---NewPartner--addressNewCostObjectCstID-inner\"]"}
COMMAND: POST /session/0b442ebc8f096c4bfeb5c66a52851a3f/element/f.9CA8B20795E6D08D18CCAFF067F35E12.d.B16C125153AB1C1D77951059206C36F8.e.7560/clear - {}
COMMAND: POST /session/0b442ebc8f096c4bfeb5c66a52851a3f/element - {"using":"xpath","value":"//input[@id=\"application-managepartners-display-component---NewPartner--addressNewCostObjectCstID-inner\"]"}
RESULT: {"using":"xpath","value":"//input[@id=\"application-managepartners-display-component---NewPartner--addressNewCostObjectCstID-inner\"]"}
COMMAND: POST /session/0b442ebc8f096c4bfeb5c66a52851a3f/element/f.9CA8B20795E6D08D18CCAFF067F35E12.d.B16C125153AB1C1D77951059206C36F8.e.7562/clear - {}
RESULT: {}
COMMAND: POST /session/0b442ebc8f096c4bfeb5c66a52851a3f/element/f.9CA8B20795E6D08D18CCAFF067F35E12.d.B16C125153AB1C1D77951059206C36F8.e.7562/value - {"text":"10001013"}
COMMAND: GET /session/0b442ebc8f096c4bfeb5c66a52851a3f/screenshot - {}
RESULT: {"text":"10001013"}
COMMAND: GET /session/0b442ebc8f096c4bfeb5c66a52851a3f/screenshot - {}
RESULT: {}
RESULT: {}
COMMAND: POST /session/0b442ebc8f096c4bfeb5c66a52851a3f/element - {"using":"xpath","value":"//input[@id=\"application-managepartners-display-component---NewPartner--companyCodeComboBox-inner\"]"}
RESULT: {"using":"xpath","value":"//input[@id=\"application-managepartners-display-component---NewPartner--companyCodeComboBox-inner\"]"}
COMMAND: POST /session/0b442ebc8f096c4bfeb5c66a52851a3f/element/f.9CA8B20795E6D08D18CCAFF067F35E12.d.B16C125153AB1C1D77951059206C36F8.e.7450/clear - {}
RESULT: {}
COMMAND: POST /session/0b442ebc8f096c4bfeb5c66a52851a3f/element/f.9CA8B20795E6D08D18CCAFF067F35E12.d.B16C125153AB1C1D77951059206C36F8.e.7450/value - {"text":"C002"}
COMMAND: GET /session/0b442ebc8f096c4bfeb5c66a52851a3f/screenshot - {}
RESULT: {}
RESULT: {"text":"C002"}
COMMAND: GET /session/0b442ebc8f096c4bfeb5c66a52851a3f/screenshot - {}
RESULT: {}
COMMAND: POST /session/0b442ebc8f096c4bfeb5c66a52851a3f/element - {"using":"xpath","value":"//span[contains(text(), \"C002\")]"}
RESULT: {"using":"xpath","value":"//span[contains(text(), \"C002\")]"}
COMMAND: POST /session/0b442ebc8f096c4bfeb5c66a52851a3f/element/f.9CA8B20795E6D08D18CCAFF067F35E12.d.B16C125153AB1C1D77951059206C36F8.e.7569/click - {}
RESULT: {}
COMMAND: GET /session/0b442ebc8f096c4bfeb5c66a52851a3f/screenshot - {}
RESULT: {}
COMMAND: POST /session/0b442ebc8f096c4bfeb5c66a52851a3f/execute/async - {"script":"<script> [1562 bytes]","args":[{"selector":{"id":"application-managepartners-display-component---NewPartner--btnAddTableRow-img"},"wdio_ui5_key":"applicationmanagepartners-display-component---NewPartner--btnAddTableRow-img"}]}
RESULT: {"script":"<script> [1562 bytes]","args":[{"selector":{"id":"application-managepartners-display-component---NewPartner--btnAddTableRow-img"},"wdio_ui5_key":"applicationmanagepartners-display-component---NewPartner--btnAddTableRow-img"}]}
RESULT: undefined
COMMAND: POST /session/0b442ebc8f096c4bfeb5c66a52851a3f/element - {"using":"xpath","value":"//*[@id=\"application-managepartners-display-component---NewPartner--btnAddTableRow-img\"]"}
RESULT: {"using":"xpath","value":"//*[@id=\"application-managepartners-display-component---NewPartner--btnAddTableRow-img\"]"}
COMMAND: POST /session/0b442ebc8f096c4bfeb5c66a52851a3f/element/f.9CA8B20795E6D08D18CCAFF067F35E12.d.B16C125153AB1C1D77951059206C36F8.e.7570/click - {}
RESULT: {}
COMMAND: GET /session/0b442ebc8f096c4bfeb5c66a52851a3f/screenshot - {}
RESULT: {}
COMMAND: POST /session/0b442ebc8f096c4bfeb5c66a52851a3f/element - {"using":"xpath","value":"//input[@id=\"application-managepartners-display-component---NewPartner--assignmentYard-application-managepartners-display-component---NewPartner--assignmentsTable-0-inner\"]"}
RESULT: {"using":"xpath","value":"//input[@id=\"application-managepartners-display-component---NewPartner--assignmentYard-application-managepartners-display-component---NewPartner--assignmentsTable-0-inner\"]"}
COMMAND: POST /session/0b442ebc8f096c4bfeb5c66a52851a3f/element/f.9CA8B20795E6D08D18CCAFF067F35E12.d.B16C125153AB1C1D77951059206C36F8.e.7573/clear - {}
RESULT: {}
COMMAND: POST /session/0b442ebc8f096c4bfeb5c66a52851a3f/element/f.9CA8B20795E6D08D18CCAFF067F35E12.d.B16C125153AB1C1D77951059206C36F8.e.7573/value - {"text":"620"}
COMMAND: GET /session/0b442ebc8f096c4bfeb5c66a52851a3f/screenshot - {}
RESULT: {"text":"620"}
COMMAND: GET /session/0b442ebc8f096c4bfeb5c66a52851a3f/screenshot - {}
RESULT: {}
RESULT: {}
COMMAND: POST /session/0b442ebc8f096c4bfeb5c66a52851a3f/element - {"using":"xpath","value":"//li[.//span[text()='620']]"}
RESULT: {"using":"xpath","value":"//li[.//span[text()='620']]"}
COMMAND: POST /session/0b442ebc8f096c4bfeb5c66a52851a3f/element/f.9CA8B20795E6D08D18CCAFF067F35E12.d.B16C125153AB1C1D77951059206C36F8.e.7582/click - {}
RESULT: {}
COMMAND: GET /session/0b442ebc8f096c4bfeb5c66a52851a3f/screenshot - {}
RESULT: {}
COMMAND: POST /session/0b442ebc8f096c4bfeb5c66a52851a3f/actions - {"actions":[{"id":"action21","type":"key","parameters":{},"actions":[{"type":"keyDown","value":"î€‡"},{"type":"pause","duration":10},{"type":"keyUp","value":"î€‡"}]}]}
RESULT: {"actions":[{"id":"action21","type":"key","parameters":{},"actions":[{"type":"keyDown","value":"î€‡"},{"type":"pause","duration":10},{"type":"keyUp","value":"î€‡"}]}]}
COMMAND: POST /session/0b442ebc8f096c4bfeb5c66a52851a3f/execute/async - {"script":"<script> [1562 bytes]","args":[{"selector":{"id":"application-managepartners-display-component---NewPartner--externalCustomerComboBox-application-managepartners-display-component---NewPartner--assignmentsTable-0-vhi"},"wdio_ui5_key":"applicationmanagepartners-display-component---NewPartner--externalCustomerComboBox-application-managepartners-display-component---NewPartner--assignmentsTable-0-vhi"}]}
COMMAND: GET /session/0b442ebc8f096c4bfeb5c66a52851a3f/screenshot - {}
RESULT: {"script":"<script> [1562 bytes]","args":[{"selector":{"id":"application-managepartners-display-component---NewPartner--externalCustomerComboBox-application-managepartners-display-component---NewPartner--assignmentsTable-0-vhi"},"wdio_ui5_key":"applicationmanagepartners-display-component---NewPartner--externalCustomerComboBox-application-managepartners-display-component---NewPartner--assignmentsTable-0-vhi"}]}
RESULT: undefined
COMMAND: POST /session/0b442ebc8f096c4bfeb5c66a52851a3f/element - {"using":"xpath","value":"//*[@id=\"application-managepartners-display-component---NewPartner--externalCustomerComboBox-application-managepartners-display-component---NewPartner--assignmentsTable-0-vhi\"]"}
RESULT: {}
RESULT: {"using":"xpath","value":"//*[@id=\"application-managepartners-display-component---NewPartner--externalCustomerComboBox-application-managepartners-display-component---NewPartner--assignmentsTable-0-vhi\"]"}
COMMAND: POST /session/0b442ebc8f096c4bfeb5c66a52851a3f/element/f.9CA8B20795E6D08D18CCAFF067F35E12.d.B16C125153AB1C1D77951059206C36F8.e.7586/click - {}
RESULT: {}
RESULT: undefined
COMMAND: POST /session/0b442ebc8f096c4bfeb5c66a52851a3f/execute/async - {"script":"<script> [776 bytes]","args":[{"enterText":"300003","selector":{"controlType":"sap.m.SearchField","properties":{"placeholder":"Search"},"searchOpenDialogs":true,"interaction":{"idSuffix":"I"}},"clearTextFirst":true,"interactionType":"ENTER_TEXT"}]}
COMMAND: GET /session/0b442ebc8f096c4bfeb5c66a52851a3f/screenshot - {}
RESULT: {"script":"<script> [776 bytes]","args":[{"enterText":"300003","selector":{"controlType":"sap.m.SearchField","properties":{"placeholder":"Search"},"searchOpenDialogs":true,"interaction":{"idSuffix":"I"}},"clearTextFirst":true,"interactionType":"ENTER_TEXT"}]}
COMMAND: POST /session/0b442ebc8f096c4bfeb5c66a52851a3f/actions - {"actions":[{"id":"action22","type":"key","parameters":{},"actions":[{"type":"keyDown","value":"î€‡"},{"type":"pause","duration":10},{"type":"keyUp","value":"î€‡"}]}]}
RESULT: {}
RESULT: {"actions":[{"id":"action22","type":"key","parameters":{},"actions":[{"type":"keyDown","value":"î€‡"},{"type":"pause","duration":10},{"type":"keyUp","value":"î€‡"}]}]}
COMMAND: GET /session/0b442ebc8f096c4bfeb5c66a52851a3f/screenshot - {}
RESULT: {}
COMMAND: POST /session/0b442ebc8f096c4bfeb5c66a52851a3f/element - {"using":"xpath","value":"//span[contains(text(), \"300003\")]"}
RESULT: {"using":"xpath","value":"//span[contains(text(), \"300003\")]"}
COMMAND: POST /session/0b442ebc8f096c4bfeb5c66a52851a3f/element/f.9CA8B20795E6D08D18CCAFF067F35E12.d.B16C125153AB1C1D77951059206C36F8.e.7606/click - {}
RESULT: {}
COMMAND: GET /session/0b442ebc8f096c4bfeb5c66a52851a3f/screenshot - {}
RESULT: {}
COMMAND: POST /session/0b442ebc8f096c4bfeb5c66a52851a3f/element - {"using":"xpath","value":"//bdi[contains(text(), \"OK\")]"}
RESULT: {"using":"xpath","value":"//bdi[contains(text(), \"OK\")]"}
COMMAND: POST /session/0b442ebc8f096c4bfeb5c66a52851a3f/element/f.9CA8B20795E6D08D18CCAFF067F35E12.d.B16C125153AB1C1D77951059206C36F8.e.7608/click - {}
RESULT: {}
COMMAND: GET /session/0b442ebc8f096c4bfeb5c66a52851a3f/screenshot - {}
RESULT: {}
COMMAND: POST /session/0b442ebc8f096c4bfeb5c66a52851a3f/execute/async - {"script":"<script> [1562 bytes]","args":[{"selector":{"id":"application-managepartners-display-component---NewPartner--intercompVendorComboBox-application-managepartners-display-component---NewPartner--assignmentsTable-0-vhi"},"wdio_ui5_key":"applicationmanagepartners-display-component---NewPartner--intercompVendorComboBox-application-managepartners-display-component---NewPartner--assignmentsTable-0-vhi"}]}
RESULT: {"script":"<script> [1562 bytes]","args":[{"selector":{"id":"application-managepartners-display-component---NewPartner--intercompVendorComboBox-application-managepartners-display-component---NewPartner--assignmentsTable-0-vhi"},"wdio_ui5_key":"applicationmanagepartners-display-component---NewPartner--intercompVendorComboBox-application-managepartners-display-component---NewPartner--assignmentsTable-0-vhi"}]}
RESULT: undefined
COMMAND: POST /session/0b442ebc8f096c4bfeb5c66a52851a3f/element - {"using":"xpath","value":"//*[@id=\"application-managepartners-display-component---NewPartner--intercompVendorComboBox-application-managepartners-display-component---NewPartner--assignmentsTable-0-vhi\"]"}
RESULT: {"using":"xpath","value":"//*[@id=\"application-managepartners-display-component---NewPartner--intercompVendorComboBox-application-managepartners-display-component---NewPartner--assignmentsTable-0-vhi\"]"}
COMMAND: POST /session/0b442ebc8f096c4bfeb5c66a52851a3f/element/f.9CA8B20795E6D08D18CCAFF067F35E12.d.B16C125153AB1C1D77951059206C36F8.e.7612/click - {}
RESULT: {}
RESULT: undefined
COMMAND: POST /session/0b442ebc8f096c4bfeb5c66a52851a3f/execute/async - {"script":"<script> [776 bytes]","args":[{"enterText":"100005","selector":{"controlType":"sap.m.SearchField","properties":{"placeholder":"Search"},"searchOpenDialogs":true,"interaction":{"idSuffix":"I"}},"clearTextFirst":true,"interactionType":"ENTER_TEXT"}]}
COMMAND: GET /session/0b442ebc8f096c4bfeb5c66a52851a3f/screenshot - {}
RESULT: {"script":"<script> [776 bytes]","args":[{"enterText":"100005","selector":{"controlType":"sap.m.SearchField","properties":{"placeholder":"Search"},"searchOpenDialogs":true,"interaction":{"idSuffix":"I"}},"clearTextFirst":true,"interactionType":"ENTER_TEXT"}]}
COMMAND: POST /session/0b442ebc8f096c4bfeb5c66a52851a3f/actions - {"actions":[{"id":"action23","type":"key","parameters":{},"actions":[{"type":"keyDown","value":"î€‡"},{"type":"pause","duration":10},{"type":"keyUp","value":"î€‡"}]}]}
RESULT: {}
RESULT: {"actions":[{"id":"action23","type":"key","parameters":{},"actions":[{"type":"keyDown","value":"î€‡"},{"type":"pause","duration":10},{"type":"keyUp","value":"î€‡"}]}]}
COMMAND: GET /session/0b442ebc8f096c4bfeb5c66a52851a3f/screenshot - {}
RESULT: {}
COMMAND: POST /session/0b442ebc8f096c4bfeb5c66a52851a3f/element - {"using":"xpath","value":"//span[contains(text(), \"Penguins - Field/12345 Berlin\")]"}
RESULT: {"using":"xpath","value":"//span[contains(text(), \"Penguins - Field/12345 Berlin\")]"}
COMMAND: POST /session/0b442ebc8f096c4bfeb5c66a52851a3f/element/f.9CA8B20795E6D08D18CCAFF067F35E12.d.B16C125153AB1C1D77951059206C36F8.e.7631/click - {}
RESULT: {}
COMMAND: GET /session/0b442ebc8f096c4bfeb5c66a52851a3f/screenshot - {}
RESULT: {}
COMMAND: POST /session/0b442ebc8f096c4bfeb5c66a52851a3f/element - {"using":"xpath","value":"//bdi[contains(text(), \"OK\")]"}
RESULT: {"using":"xpath","value":"//bdi[contains(text(), \"OK\")]"}
COMMAND: POST /session/0b442ebc8f096c4bfeb5c66a52851a3f/element/f.9CA8B20795E6D08D18CCAFF067F35E12.d.B16C125153AB1C1D77951059206C36F8.e.7632/click - {}
RESULT: {}
COMMAND: GET /session/0b442ebc8f096c4bfeb5c66a52851a3f/screenshot - {}
RESULT: {}
COMMAND: POST /session/0b442ebc8f096c4bfeb5c66a52851a3f/element - {"using":"xpath","value":"//button[@data-kt=\"saveButton\"]"}
RESULT: {"using":"xpath","value":"//button[@data-kt=\"saveButton\"]"}
COMMAND: POST /session/0b442ebc8f096c4bfeb5c66a52851a3f/element/f.9CA8B20795E6D08D18CCAFF067F35E12.d.B16C125153AB1C1D77951059206C36F8.e.7514/click - {}
RESULT: {}
COMMAND: GET /session/0b442ebc8f096c4bfeb5c66a52851a3f/screenshot - {}
RESULT: {}
COMMAND: POST /session/0b442ebc8f096c4bfeb5c66a52851a3f/element - {"using":"xpath","value":"//header[contains(@id, 'ObjectPageLayout-headerTitle')]/div[1]/div[2]/div[2]/span[1]"}
RESULT: {"using":"xpath","value":"//header[contains(@id, 'ObjectPageLayout-headerTitle')]/div[1]/div[2]/div[2]/span[1]"}
COMMAND: POST /session/0b442ebc8f096c4bfeb5c66a52851a3f/elements - {"using":"xpath","value":"//header[contains(@id, 'ObjectPageLayout-headerTitle')]/div[1]/div[2]/div[2]/span[1]"}
RESULT: {"using":"xpath","value":"//header[contains(@id, 'ObjectPageLayout-headerTitle')]/div[1]/div[2]/div[2]/span[1]"}
COMMAND: POST /session/0b442ebc8f096c4bfeb5c66a52851a3f/execute/sync - {"script":"<script> [56 bytes]","args":[{"element-6066-11e4-a52e-4f735466cecf":"f.9CA8B20795E6D08D18CCAFF067F35E12.d.B16C125153AB1C1D77951059206C36F8.e.7798","ELEMENT":"f.9CA8B20795E6D08D18CCAFF067F35E12.d.B16C125153AB1C1D77951059206C36F8.e.7798"}]}
RESULT: {"script":"<script> [56 bytes]","args":[{"element-6066-11e4-a52e-4f735466cecf":"f.9CA8B20795E6D08D18CCAFF067F35E12.d.B16C125153AB1C1D77951059206C36F8.e.7798","ELEMENT":"f.9CA8B20795E6D08D18CCAFF067F35E12.d.B16C125153AB1C1D77951059206C36F8.e.7798"}]}
COMMAND: POST /session/0b442ebc8f096c4bfeb5c66a52851a3f/element - {"using":"css selector","value":"#shell-header-logo"}
COMMAND: GET /session/0b442ebc8f096c4bfeb5c66a52851a3f/screenshot - {}
RESULT: {"using":"css selector","value":"#shell-header-logo"}
COMMAND: POST /session/0b442ebc8f096c4bfeb5c66a52851a3f/element/f.9CA8B20795E6D08D18CCAFF067F35E12.d.B16C125153AB1C1D77951059206C36F8.e.7060/click - {}
RESULT: {}
RESULT: {}
COMMAND: GET /session/0b442ebc8f096c4bfeb5c66a52851a3f/screenshot - {}
RESULT: {}
COMMAND: POST /session/0b442ebc8f096c4bfeb5c66a52851a3f/execute/sync - {"script":"<script> [299 bytes]","args":[["getModel","getResource"]]}
RESULT: {"script":"<script> [299 bytes]","args":[["getModel","getResource"]]}
]]></system-out>
    </testcase>
    <testcase classname="chrome.135_0_7049_96.windows.Create_master_data_for_mixed_billing_&amp;_do_billing_calculation_US151661" name="Should create a new site" time="104.317">
      <system-out><![CDATA[
COMMAND: POST /session/0b442ebc8f096c4bfeb5c66a52851a3f/execute/async - {"script":"<script> [1562 bytes]","args":[{"selector":{"controlType":"sap.m.TileContent","bindingPath":{"path":"","propertyPath":"/properties/info"},"ancestor":{"controlType":"sap.m.GenericTile","properties":{"header":"Manage Sites"}}},"wdio_ui5_key":"sapm.TileContent{\"path\":\"\",\"propertyPath\":\"/properties/info\"}{\"controlType\":\"sap.m.GenericTile\",\"properties\":{\"header\":\"Manage Sites\"}}"}]}
COMMAND: GET /session/0b442ebc8f096c4bfeb5c66a52851a3f/screenshot - {}
RESULT: {"script":"<script> [1562 bytes]","args":[{"selector":{"controlType":"sap.m.TileContent","bindingPath":{"path":"","propertyPath":"/properties/info"},"ancestor":{"controlType":"sap.m.GenericTile","properties":{"header":"Manage Sites"}}},"wdio_ui5_key":"sapm.TileContent{\"path\":\"\",\"propertyPath\":\"/properties/info\"}{\"controlType\":\"sap.m.GenericTile\",\"properties\":{\"header\":\"Manage Sites\"}}"}]}
RESULT: undefined
COMMAND: POST /session/0b442ebc8f096c4bfeb5c66a52851a3f/element - {"using":"xpath","value":"//*[@id=\"__xmlview7--numericTileContent\"]"}
RESULT: {}
RESULT: {"using":"xpath","value":"//*[@id=\"__xmlview7--numericTileContent\"]"}
COMMAND: POST /session/0b442ebc8f096c4bfeb5c66a52851a3f/element/f.9CA8B20795E6D08D18CCAFF067F35E12.d.B16C125153AB1C1D77951059206C36F8.e.7800/click - {}
RESULT: {}
COMMAND: POST /session/0b442ebc8f096c4bfeb5c66a52851a3f/element - {"using":"xpath","value":"//button[@data-kt=\"addOverflowToolbarButton\"]"}
COMMAND: GET /session/0b442ebc8f096c4bfeb5c66a52851a3f/screenshot - {}
RESULT: {"using":"xpath","value":"//button[@data-kt=\"addOverflowToolbarButton\"]"}
COMMAND: POST /session/0b442ebc8f096c4bfeb5c66a52851a3f/elements - {"using":"xpath","value":"//button[@data-kt=\"addOverflowToolbarButton\"]"}
RESULT: {}
RESULT: {"using":"xpath","value":"//button[@data-kt=\"addOverflowToolbarButton\"]"}
COMMAND: POST /session/0b442ebc8f096c4bfeb5c66a52851a3f/elements - {"using":"xpath","value":"//button[@data-kt=\"addOverflowToolbarButton\"]"}
RESULT: {"using":"xpath","value":"//button[@data-kt=\"addOverflowToolbarButton\"]"}
COMMAND: POST /session/0b442ebc8f096c4bfeb5c66a52851a3f/elements - {"using":"xpath","value":"//button[@data-kt=\"addOverflowToolbarButton\"]"}
RESULT: {"using":"xpath","value":"//button[@data-kt=\"addOverflowToolbarButton\"]"}
COMMAND: POST /session/0b442ebc8f096c4bfeb5c66a52851a3f/elements - {"using":"xpath","value":"//button[@data-kt=\"addOverflowToolbarButton\"]"}
RESULT: {"using":"xpath","value":"//button[@data-kt=\"addOverflowToolbarButton\"]"}
COMMAND: POST /session/0b442ebc8f096c4bfeb5c66a52851a3f/element - {"using":"xpath","value":"//button[@data-kt=\"addOverflowToolbarButton\"]"}
RESULT: {"using":"xpath","value":"//button[@data-kt=\"addOverflowToolbarButton\"]"}
COMMAND: POST /session/0b442ebc8f096c4bfeb5c66a52851a3f/execute/sync - {"script":"<script> [8489 bytes]","args":[{"element-6066-11e4-a52e-4f735466cecf":"f.9CA8B20795E6D08D18CCAFF067F35E12.d.B16C125153AB1C1D77951059206C36F8.e.7847","ELEMENT":"f.9CA8B20795E6D08D18CCAFF067F35E12.d.B16C125153AB1C1D77951059206C36F8.e.7847"}]}
RESULT: {"script":"<script> [8489 bytes]","args":[{"element-6066-11e4-a52e-4f735466cecf":"f.9CA8B20795E6D08D18CCAFF067F35E12.d.B16C125153AB1C1D77951059206C36F8.e.7847","ELEMENT":"f.9CA8B20795E6D08D18CCAFF067F35E12.d.B16C125153AB1C1D77951059206C36F8.e.7847"}]}
COMMAND: GET /session/0b442ebc8f096c4bfeb5c66a52851a3f/element/f.9CA8B20795E6D08D18CCAFF067F35E12.d.B16C125153AB1C1D77951059206C36F8.e.7847/enabled - {}
COMMAND: GET /session/0b442ebc8f096c4bfeb5c66a52851a3f/screenshot - {}
RESULT: {}
COMMAND: POST /session/0b442ebc8f096c4bfeb5c66a52851a3f/execute/sync - {"script":"<script> [8489 bytes]","args":[{"element-6066-11e4-a52e-4f735466cecf":"f.9CA8B20795E6D08D18CCAFF067F35E12.d.B16C125153AB1C1D77951059206C36F8.e.7847","ELEMENT":"f.9CA8B20795E6D08D18CCAFF067F35E12.d.B16C125153AB1C1D77951059206C36F8.e.7847"}]}
COMMAND: GET /session/0b442ebc8f096c4bfeb5c66a52851a3f/screenshot - {}
RESULT: {}
RESULT: {"script":"<script> [8489 bytes]","args":[{"element-6066-11e4-a52e-4f735466cecf":"f.9CA8B20795E6D08D18CCAFF067F35E12.d.B16C125153AB1C1D77951059206C36F8.e.7847","ELEMENT":"f.9CA8B20795E6D08D18CCAFF067F35E12.d.B16C125153AB1C1D77951059206C36F8.e.7847"}]}
COMMAND: POST /session/0b442ebc8f096c4bfeb5c66a52851a3f/execute/sync - {"script":"<script> [5351 bytes]","args":[{"element-6066-11e4-a52e-4f735466cecf":"f.9CA8B20795E6D08D18CCAFF067F35E12.d.B16C125153AB1C1D77951059206C36F8.e.7847","ELEMENT":"f.9CA8B20795E6D08D18CCAFF067F35E12.d.B16C125153AB1C1D77951059206C36F8.e.7847"}]}
COMMAND: GET /session/0b442ebc8f096c4bfeb5c66a52851a3f/screenshot - {}
RESULT: {}
RESULT: {"script":"<script> [5351 bytes]","args":[{"element-6066-11e4-a52e-4f735466cecf":"f.9CA8B20795E6D08D18CCAFF067F35E12.d.B16C125153AB1C1D77951059206C36F8.e.7847","ELEMENT":"f.9CA8B20795E6D08D18CCAFF067F35E12.d.B16C125153AB1C1D77951059206C36F8.e.7847"}]}
COMMAND: POST /session/0b442ebc8f096c4bfeb5c66a52851a3f/element/f.9CA8B20795E6D08D18CCAFF067F35E12.d.B16C125153AB1C1D77951059206C36F8.e.7847/click - {}
COMMAND: GET /session/0b442ebc8f096c4bfeb5c66a52851a3f/screenshot - {}
RESULT: {}
RESULT: {}
COMMAND: GET /session/0b442ebc8f096c4bfeb5c66a52851a3f/screenshot - {}
COMMAND: POST /session/0b442ebc8f096c4bfeb5c66a52851a3f/execute/async - {"script":"<script> [1562 bytes]","args":[{"selector":{"id":"application-managesites-display-component---NewSite--addressDetailDetailsName1","interaction":{"idSuffix":"inner"}},"wdio_ui5_key":"applicationmanagesites-display-component---NewSite--addressDetailDetailsName1"}]}
RESULT: {}
RESULT: {}
RESULT: {"script":"<script> [1562 bytes]","args":[{"selector":{"id":"application-managesites-display-component---NewSite--addressDetailDetailsName1","interaction":{"idSuffix":"inner"}},"wdio_ui5_key":"applicationmanagesites-display-component---NewSite--addressDetailDetailsName1"}]}
RESULT: undefined
COMMAND: POST /session/0b442ebc8f096c4bfeb5c66a52851a3f/execute/async - {"script":"<script> [776 bytes]","args":[{"enterText":"Intercompany Site wdIO","selector":{"id":"application-managesites-display-component---NewSite--addressDetailDetailsName1","interaction":{"idSuffix":"inner"}},"clearTextFirst":true,"interactionType":"ENTER_TEXT"}]}
RESULT: {"script":"<script> [776 bytes]","args":[{"enterText":"Intercompany Site wdIO","selector":{"id":"application-managesites-display-component---NewSite--addressDetailDetailsName1","interaction":{"idSuffix":"inner"}},"clearTextFirst":true,"interactionType":"ENTER_TEXT"}]}
COMMAND: POST /session/0b442ebc8f096c4bfeb5c66a52851a3f/execute/async - {"script":"<script> [1562 bytes]","args":[{"selector":{"id":"application-managesites-display-component---NewSite--addressDetailDetailsLanguage-arrow"},"wdio_ui5_key":"applicationmanagesites-display-component---NewSite--addressDetailDetailsLanguage-arrow"}]}
RESULT: {"script":"<script> [1562 bytes]","args":[{"selector":{"id":"application-managesites-display-component---NewSite--addressDetailDetailsLanguage-arrow"},"wdio_ui5_key":"applicationmanagesites-display-component---NewSite--addressDetailDetailsLanguage-arrow"}]}
RESULT: undefined
COMMAND: POST /session/0b442ebc8f096c4bfeb5c66a52851a3f/element - {"using":"xpath","value":"//*[@id=\"application-managesites-display-component---NewSite--addressDetailDetailsLanguage-arrow\"]"}
RESULT: {"using":"xpath","value":"//*[@id=\"application-managesites-display-component---NewSite--addressDetailDetailsLanguage-arrow\"]"}
COMMAND: POST /session/0b442ebc8f096c4bfeb5c66a52851a3f/element/f.9CA8B20795E6D08D18CCAFF067F35E12.d.B16C125153AB1C1D77951059206C36F8.e.8309/click - {}
RESULT: {}
COMMAND: POST /session/0b442ebc8f096c4bfeb5c66a52851a3f/element - {"using":"xpath","value":"//span[contains(text(), \"English\")]"}
COMMAND: GET /session/0b442ebc8f096c4bfeb5c66a52851a3f/screenshot - {}
RESULT: {"using":"xpath","value":"//span[contains(text(), \"English\")]"}
COMMAND: POST /session/0b442ebc8f096c4bfeb5c66a52851a3f/element/f.9CA8B20795E6D08D18CCAFF067F35E12.d.B16C125153AB1C1D77951059206C36F8.e.8310/click - {}
RESULT: {}
RESULT: {}
COMMAND: POST /session/0b442ebc8f096c4bfeb5c66a52851a3f/execute/async - {"script":"<script> [1562 bytes]","args":[{"selector":{"id":"application-managesites-display-component---NewSite--addressDetailDetailsCity1","interaction":{"idSuffix":"inner"}},"wdio_ui5_key":"applicationmanagesites-display-component---NewSite--addressDetailDetailsCity1"}]}
COMMAND: GET /session/0b442ebc8f096c4bfeb5c66a52851a3f/screenshot - {}
RESULT: {"script":"<script> [1562 bytes]","args":[{"selector":{"id":"application-managesites-display-component---NewSite--addressDetailDetailsCity1","interaction":{"idSuffix":"inner"}},"wdio_ui5_key":"applicationmanagesites-display-component---NewSite--addressDetailDetailsCity1"}]}
RESULT: undefined
COMMAND: POST /session/0b442ebc8f096c4bfeb5c66a52851a3f/execute/async - {"script":"<script> [776 bytes]","args":[{"enterText":"Rosario","selector":{"id":"application-managesites-display-component---NewSite--addressDetailDetailsCity1","interaction":{"idSuffix":"inner"}},"clearTextFirst":true,"interactionType":"ENTER_TEXT"}]}
RESULT: {}
RESULT: {"script":"<script> [776 bytes]","args":[{"enterText":"Rosario","selector":{"id":"application-managesites-display-component---NewSite--addressDetailDetailsCity1","interaction":{"idSuffix":"inner"}},"clearTextFirst":true,"interactionType":"ENTER_TEXT"}]}
COMMAND: POST /session/0b442ebc8f096c4bfeb5c66a52851a3f/execute/async - {"script":"<script> [1562 bytes]","args":[{"selector":{"id":"application-managesites-display-component---NewSite--addressDetailDetailsCountry-arrow"},"wdio_ui5_key":"applicationmanagesites-display-component---NewSite--addressDetailDetailsCountry-arrow"}]}
RESULT: {"script":"<script> [1562 bytes]","args":[{"selector":{"id":"application-managesites-display-component---NewSite--addressDetailDetailsCountry-arrow"},"wdio_ui5_key":"applicationmanagesites-display-component---NewSite--addressDetailDetailsCountry-arrow"}]}
RESULT: undefined
COMMAND: POST /session/0b442ebc8f096c4bfeb5c66a52851a3f/element - {"using":"xpath","value":"//*[@id=\"application-managesites-display-component---NewSite--addressDetailDetailsCountry-arrow\"]"}
RESULT: {"using":"xpath","value":"//*[@id=\"application-managesites-display-component---NewSite--addressDetailDetailsCountry-arrow\"]"}
COMMAND: POST /session/0b442ebc8f096c4bfeb5c66a52851a3f/element/f.9CA8B20795E6D08D18CCAFF067F35E12.d.B16C125153AB1C1D77951059206C36F8.e.8312/click - {}
RESULT: {}
COMMAND: POST /session/0b442ebc8f096c4bfeb5c66a52851a3f/element - {"using":"xpath","value":"//span[contains(text(), \"Argentina\")]"}
COMMAND: GET /session/0b442ebc8f096c4bfeb5c66a52851a3f/screenshot - {}
RESULT: {"using":"xpath","value":"//span[contains(text(), \"Argentina\")]"}
COMMAND: POST /session/0b442ebc8f096c4bfeb5c66a52851a3f/element/f.9CA8B20795E6D08D18CCAFF067F35E12.d.B16C125153AB1C1D77951059206C36F8.e.8313/click - {}
RESULT: {}
RESULT: {}
COMMAND: GET /session/0b442ebc8f096c4bfeb5c66a52851a3f/screenshot - {}
RESULT: {}
COMMAND: POST /session/0b442ebc8f096c4bfeb5c66a52851a3f/execute/async - {"script":"<script> [1562 bytes]","args":[{"selector":{"id":"application-managesites-display-component---NewSite--addressEditDetailsCostObjectCstType-arrow"},"wdio_ui5_key":"applicationmanagesites-display-component---NewSite--addressEditDetailsCostObjectCstType-arrow"}]}
RESULT: {"script":"<script> [1562 bytes]","args":[{"selector":{"id":"application-managesites-display-component---NewSite--addressEditDetailsCostObjectCstType-arrow"},"wdio_ui5_key":"applicationmanagesites-display-component---NewSite--addressEditDetailsCostObjectCstType-arrow"}]}
RESULT: undefined
COMMAND: POST /session/0b442ebc8f096c4bfeb5c66a52851a3f/element - {"using":"xpath","value":"//*[@id=\"application-managesites-display-component---NewSite--addressEditDetailsCostObjectCstType-arrow\"]"}
RESULT: {"using":"xpath","value":"//*[@id=\"application-managesites-display-component---NewSite--addressEditDetailsCostObjectCstType-arrow\"]"}
COMMAND: POST /session/0b442ebc8f096c4bfeb5c66a52851a3f/element/f.9CA8B20795E6D08D18CCAFF067F35E12.d.B16C125153AB1C1D77951059206C36F8.e.8315/click - {}
RESULT: {}
COMMAND: POST /session/0b442ebc8f096c4bfeb5c66a52851a3f/element - {"using":"xpath","value":"//span[contains(text(), \"Cost Center\")]"}
COMMAND: GET /session/0b442ebc8f096c4bfeb5c66a52851a3f/screenshot - {}
RESULT: {"using":"xpath","value":"//span[contains(text(), \"Cost Center\")]"}
COMMAND: POST /session/0b442ebc8f096c4bfeb5c66a52851a3f/element/f.9CA8B20795E6D08D18CCAFF067F35E12.d.B16C125153AB1C1D77951059206C36F8.e.8316/click - {}
RESULT: {}
RESULT: {}
COMMAND: GET /session/0b442ebc8f096c4bfeb5c66a52851a3f/screenshot - {}
RESULT: {}
COMMAND: POST /session/0b442ebc8f096c4bfeb5c66a52851a3f/element - {"using":"xpath","value":"//span[@id=\"application-managesites-display-component---NewSite--addressNewCostObjectCstID-vhi\"]"}
RESULT: {"using":"xpath","value":"//span[@id=\"application-managesites-display-component---NewSite--addressNewCostObjectCstID-vhi\"]"}
COMMAND: POST /session/0b442ebc8f096c4bfeb5c66a52851a3f/execute/sync - {"script":"<script> [8489 bytes]","args":[{"element-6066-11e4-a52e-4f735466cecf":"f.9CA8B20795E6D08D18CCAFF067F35E12.d.B16C125153AB1C1D77951059206C36F8.e.8321","ELEMENT":"f.9CA8B20795E6D08D18CCAFF067F35E12.d.B16C125153AB1C1D77951059206C36F8.e.8321"}]}
RESULT: {"script":"<script> [8489 bytes]","args":[{"element-6066-11e4-a52e-4f735466cecf":"f.9CA8B20795E6D08D18CCAFF067F35E12.d.B16C125153AB1C1D77951059206C36F8.e.8321","ELEMENT":"f.9CA8B20795E6D08D18CCAFF067F35E12.d.B16C125153AB1C1D77951059206C36F8.e.8321"}]}
COMMAND: POST /session/0b442ebc8f096c4bfeb5c66a52851a3f/execute/async - {"script":"<script> [1562 bytes]","args":[{"selector":{"id":"application-managesites-display-component---NewSite--addressNewCostObjectCstID-vhi"},"wdio_ui5_key":"applicationmanagesites-display-component---NewSite--addressNewCostObjectCstID-vhi"}]}
COMMAND: GET /session/0b442ebc8f096c4bfeb5c66a52851a3f/screenshot - {}
RESULT: {"script":"<script> [1562 bytes]","args":[{"selector":{"id":"application-managesites-display-component---NewSite--addressNewCostObjectCstID-vhi"},"wdio_ui5_key":"applicationmanagesites-display-component---NewSite--addressNewCostObjectCstID-vhi"}]}
RESULT: undefined
COMMAND: POST /session/0b442ebc8f096c4bfeb5c66a52851a3f/element - {"using":"xpath","value":"//*[@id=\"application-managesites-display-component---NewSite--addressNewCostObjectCstID-vhi\"]"}
RESULT: {}
RESULT: {"using":"xpath","value":"//*[@id=\"application-managesites-display-component---NewSite--addressNewCostObjectCstID-vhi\"]"}
COMMAND: POST /session/0b442ebc8f096c4bfeb5c66a52851a3f/element/f.9CA8B20795E6D08D18CCAFF067F35E12.d.B16C125153AB1C1D77951059206C36F8.e.8321/click - {}
RESULT: {}
COMMAND: GET /session/0b442ebc8f096c4bfeb5c66a52851a3f/screenshot - {}
RESULT: {}
RESULT: undefined
COMMAND: POST /session/0b442ebc8f096c4bfeb5c66a52851a3f/execute/async - {"script":"<script> [776 bytes]","args":[{"enterText":"10001013","selector":{"controlType":"sap.m.SearchField","properties":{"placeholder":"Search"},"searchOpenDialogs":true,"interaction":{"idSuffix":"I"}},"clearTextFirst":true,"interactionType":"ENTER_TEXT"}]}
RESULT: {"script":"<script> [776 bytes]","args":[{"enterText":"10001013","selector":{"controlType":"sap.m.SearchField","properties":{"placeholder":"Search"},"searchOpenDialogs":true,"interaction":{"idSuffix":"I"}},"clearTextFirst":true,"interactionType":"ENTER_TEXT"}]}
COMMAND: POST /session/0b442ebc8f096c4bfeb5c66a52851a3f/actions - {"actions":[{"id":"action24","type":"key","parameters":{},"actions":[{"type":"keyDown","value":"î€‡"},{"type":"pause","duration":10},{"type":"keyUp","value":"î€‡"}]}]}
RESULT: {"actions":[{"id":"action24","type":"key","parameters":{},"actions":[{"type":"keyDown","value":"î€‡"},{"type":"pause","duration":10},{"type":"keyUp","value":"î€‡"}]}]}
COMMAND: GET /session/0b442ebc8f096c4bfeb5c66a52851a3f/screenshot - {}
RESULT: {}
COMMAND: POST /session/0b442ebc8f096c4bfeb5c66a52851a3f/element - {"using":"xpath","value":"//span[contains(text(), \"General Management\")]"}
RESULT: {"using":"xpath","value":"//span[contains(text(), \"General Management\")]"}
COMMAND: POST /session/0b442ebc8f096c4bfeb5c66a52851a3f/element/f.9CA8B20795E6D08D18CCAFF067F35E12.d.B16C125153AB1C1D77951059206C36F8.e.8359/click - {}
RESULT: {}
COMMAND: GET /session/0b442ebc8f096c4bfeb5c66a52851a3f/screenshot - {}
RESULT: {}
COMMAND: POST /session/0b442ebc8f096c4bfeb5c66a52851a3f/element - {"using":"xpath","value":"//bdi[contains(text(), \"OK\")]"}
RESULT: {"using":"xpath","value":"//bdi[contains(text(), \"OK\")]"}
COMMAND: POST /session/0b442ebc8f096c4bfeb5c66a52851a3f/element/f.9CA8B20795E6D08D18CCAFF067F35E12.d.B16C125153AB1C1D77951059206C36F8.e.8360/click - {}
RESULT: {}
COMMAND: GET /session/0b442ebc8f096c4bfeb5c66a52851a3f/screenshot - {}
RESULT: {}
COMMAND: POST /session/0b442ebc8f096c4bfeb5c66a52851a3f/element - {"using":"xpath","value":"//input[@id=\"application-managesites-display-component---NewSite--addressDetailDetailsCalendar-inner\"]"}
RESULT: {"using":"xpath","value":"//input[@id=\"application-managesites-display-component---NewSite--addressDetailDetailsCalendar-inner\"]"}
COMMAND: POST /session/0b442ebc8f096c4bfeb5c66a52851a3f/element/f.9CA8B20795E6D08D18CCAFF067F35E12.d.B16C125153AB1C1D77951059206C36F8.e.8108/clear - {}
RESULT: {}
COMMAND: POST /session/0b442ebc8f096c4bfeb5c66a52851a3f/element/f.9CA8B20795E6D08D18CCAFF067F35E12.d.B16C125153AB1C1D77951059206C36F8.e.8108/value - {"text":"Unit"}
COMMAND: GET /session/0b442ebc8f096c4bfeb5c66a52851a3f/screenshot - {}
RESULT: {"text":"Unit"}
COMMAND: GET /session/0b442ebc8f096c4bfeb5c66a52851a3f/screenshot - {}
RESULT: {}
RESULT: {}
COMMAND: POST /session/0b442ebc8f096c4bfeb5c66a52851a3f/actions - {"actions":[{"id":"action25","type":"key","parameters":{},"actions":[{"type":"keyDown","value":"î€‡"},{"type":"pause","duration":10},{"type":"keyUp","value":"î€‡"}]}]}
RESULT: {"actions":[{"id":"action25","type":"key","parameters":{},"actions":[{"type":"keyDown","value":"î€‡"},{"type":"pause","duration":10},{"type":"keyUp","value":"î€‡"}]}]}
COMMAND: POST /session/0b442ebc8f096c4bfeb5c66a52851a3f/element - {"using":"xpath","value":"//input[@id=\"application-managesites-display-component---NewSite--addressDetailDetailsYard-inner\"]"}
COMMAND: GET /session/0b442ebc8f096c4bfeb5c66a52851a3f/screenshot - {}
RESULT: {"using":"xpath","value":"//input[@id=\"application-managesites-display-component---NewSite--addressDetailDetailsYard-inner\"]"}
COMMAND: POST /session/0b442ebc8f096c4bfeb5c66a52851a3f/element/f.9CA8B20795E6D08D18CCAFF067F35E12.d.B16C125153AB1C1D77951059206C36F8.e.8109/clear - {}
RESULT: {}
RESULT: {}
COMMAND: POST /session/0b442ebc8f096c4bfeb5c66a52851a3f/element/f.9CA8B20795E6D08D18CCAFF067F35E12.d.B16C125153AB1C1D77951059206C36F8.e.8109/value - {"text":"620"}
COMMAND: GET /session/0b442ebc8f096c4bfeb5c66a52851a3f/screenshot - {}
RESULT: {"text":"620"}
COMMAND: GET /session/0b442ebc8f096c4bfeb5c66a52851a3f/screenshot - {}
RESULT: {}
RESULT: {}
COMMAND: POST /session/0b442ebc8f096c4bfeb5c66a52851a3f/element - {"using":"xpath","value":"//li[.//span[text()='620']]"}
RESULT: {"using":"xpath","value":"//li[.//span[text()='620']]"}
COMMAND: POST /session/0b442ebc8f096c4bfeb5c66a52851a3f/element/f.9CA8B20795E6D08D18CCAFF067F35E12.d.B16C125153AB1C1D77951059206C36F8.e.8368/click - {}
RESULT: {}
COMMAND: GET /session/0b442ebc8f096c4bfeb5c66a52851a3f/screenshot - {}
RESULT: {}
COMMAND: POST /session/0b442ebc8f096c4bfeb5c66a52851a3f/element - {"using":"xpath","value":"//input[@id=\"application-managesites-display-component---NewSite--addressDetailDetailsPartner-inner\"]"}
RESULT: {"using":"xpath","value":"//input[@id=\"application-managesites-display-component---NewSite--addressDetailDetailsPartner-inner\"]"}
COMMAND: POST /session/0b442ebc8f096c4bfeb5c66a52851a3f/element - {"using":"xpath","value":"//input[@id=\"application-managesites-display-component---NewSite--addressDetailDetailsPartner-inner\"]"}
RESULT: {"using":"xpath","value":"//input[@id=\"application-managesites-display-component---NewSite--addressDetailDetailsPartner-inner\"]"}
COMMAND: POST /session/0b442ebc8f096c4bfeb5c66a52851a3f/element - {"using":"xpath","value":"//button[@data-kt=\"saveButton\"]"}
RESULT: {"using":"xpath","value":"//button[@data-kt=\"saveButton\"]"}
COMMAND: POST /session/0b442ebc8f096c4bfeb5c66a52851a3f/element/f.9CA8B20795E6D08D18CCAFF067F35E12.d.B16C125153AB1C1D77951059206C36F8.e.8302/click - {}
RESULT: {}
COMMAND: GET /session/0b442ebc8f096c4bfeb5c66a52851a3f/screenshot - {}
COMMAND: POST /session/0b442ebc8f096c4bfeb5c66a52851a3f/element - {"using":"xpath","value":"//header[contains(@id, 'ObjectPageLayout-headerTitle')]/div[1]/div[2]/div[2]/span[1]"}
RESULT: {}
RESULT: {"using":"xpath","value":"//header[contains(@id, 'ObjectPageLayout-headerTitle')]/div[1]/div[2]/div[2]/span[1]"}
COMMAND: POST /session/0b442ebc8f096c4bfeb5c66a52851a3f/elements - {"using":"xpath","value":"//header[contains(@id, 'ObjectPageLayout-headerTitle')]/div[1]/div[2]/div[2]/span[1]"}
RESULT: {"using":"xpath","value":"//header[contains(@id, 'ObjectPageLayout-headerTitle')]/div[1]/div[2]/div[2]/span[1]"}
COMMAND: POST /session/0b442ebc8f096c4bfeb5c66a52851a3f/execute/sync - {"script":"<script> [56 bytes]","args":[{"element-6066-11e4-a52e-4f735466cecf":"f.9CA8B20795E6D08D18CCAFF067F35E12.d.B16C125153AB1C1D77951059206C36F8.e.8577","ELEMENT":"f.9CA8B20795E6D08D18CCAFF067F35E12.d.B16C125153AB1C1D77951059206C36F8.e.8577"}]}
RESULT: {"script":"<script> [56 bytes]","args":[{"element-6066-11e4-a52e-4f735466cecf":"f.9CA8B20795E6D08D18CCAFF067F35E12.d.B16C125153AB1C1D77951059206C36F8.e.8577","ELEMENT":"f.9CA8B20795E6D08D18CCAFF067F35E12.d.B16C125153AB1C1D77951059206C36F8.e.8577"}]}
COMMAND: POST /session/0b442ebc8f096c4bfeb5c66a52851a3f/element - {"using":"css selector","value":"#shell-header-logo"}
COMMAND: GET /session/0b442ebc8f096c4bfeb5c66a52851a3f/screenshot - {}
RESULT: {"using":"css selector","value":"#shell-header-logo"}
COMMAND: POST /session/0b442ebc8f096c4bfeb5c66a52851a3f/element/f.9CA8B20795E6D08D18CCAFF067F35E12.d.B16C125153AB1C1D77951059206C36F8.e.7804/click - {}
RESULT: {}
RESULT: {}
COMMAND: GET /session/0b442ebc8f096c4bfeb5c66a52851a3f/screenshot - {}
RESULT: {}
COMMAND: POST /session/0b442ebc8f096c4bfeb5c66a52851a3f/execute/sync - {"script":"<script> [299 bytes]","args":[["getModel","getResource"]]}
RESULT: {"script":"<script> [299 bytes]","args":[["getModel","getResource"]]}
COMMAND: GET /session/0b442ebc8f096c4bfeb5c66a52851a3f/screenshot - {}
]]></system-out>
    </testcase>
    <testcase classname="chrome.135_0_7049_96.windows.Create_master_data_for_mixed_billing_&amp;_do_billing_calculation_US151661" name="Should create a new equipment and add a counter to it" time="176.296">
      <system-out><![CDATA[
COMMAND: POST /session/0b442ebc8f096c4bfeb5c66a52851a3f/execute/async - {"script":"<script> [1562 bytes]","args":[{"selector":{"controlType":"sap.m.GenericTile","properties":{"header":"Manage Resources"}},"wdio_ui5_key":"sapm.GenericTile{\"header\":\"Manage Resources\"}"}]}
RESULT: {}
RESULT: {"script":"<script> [1562 bytes]","args":[{"selector":{"controlType":"sap.m.GenericTile","properties":{"header":"Manage Resources"}},"wdio_ui5_key":"sapm.GenericTile{\"header\":\"Manage Resources\"}"}]}
RESULT: undefined
COMMAND: POST /session/0b442ebc8f096c4bfeb5c66a52851a3f/element - {"using":"xpath","value":"//*[@id=\"__tile39\"]"}
RESULT: {"using":"xpath","value":"//*[@id=\"__tile39\"]"}
COMMAND: POST /session/0b442ebc8f096c4bfeb5c66a52851a3f/element/f.9CA8B20795E6D08D18CCAFF067F35E12.d.B16C125153AB1C1D77951059206C36F8.e.6203/click - {}
RESULT: {}
COMMAND: POST /session/0b442ebc8f096c4bfeb5c66a52851a3f/element - {"using":"xpath","value":"//button[@data-kt=\"addNewRUOverflowToolbarButton\"]"}
COMMAND: GET /session/0b442ebc8f096c4bfeb5c66a52851a3f/screenshot - {}
RESULT: {"using":"xpath","value":"//button[@data-kt=\"addNewRUOverflowToolbarButton\"]"}
COMMAND: POST /session/0b442ebc8f096c4bfeb5c66a52851a3f/elements - {"using":"xpath","value":"//button[@data-kt=\"addNewRUOverflowToolbarButton\"]"}
RESULT: {}
RESULT: {"using":"xpath","value":"//button[@data-kt=\"addNewRUOverflowToolbarButton\"]"}
COMMAND: POST /session/0b442ebc8f096c4bfeb5c66a52851a3f/element - {"using":"xpath","value":"//button[@data-kt=\"addNewRUOverflowToolbarButton\"]"}
RESULT: {"using":"xpath","value":"//button[@data-kt=\"addNewRUOverflowToolbarButton\"]"}
COMMAND: POST /session/0b442ebc8f096c4bfeb5c66a52851a3f/execute/sync - {"script":"<script> [8489 bytes]","args":[{"element-6066-11e4-a52e-4f735466cecf":"f.9CA8B20795E6D08D18CCAFF067F35E12.d.B16C125153AB1C1D77951059206C36F8.e.8620","ELEMENT":"f.9CA8B20795E6D08D18CCAFF067F35E12.d.B16C125153AB1C1D77951059206C36F8.e.8620"}]}
RESULT: {"script":"<script> [8489 bytes]","args":[{"element-6066-11e4-a52e-4f735466cecf":"f.9CA8B20795E6D08D18CCAFF067F35E12.d.B16C125153AB1C1D77951059206C36F8.e.8620","ELEMENT":"f.9CA8B20795E6D08D18CCAFF067F35E12.d.B16C125153AB1C1D77951059206C36F8.e.8620"}]}
COMMAND: GET /session/0b442ebc8f096c4bfeb5c66a52851a3f/element/f.9CA8B20795E6D08D18CCAFF067F35E12.d.B16C125153AB1C1D77951059206C36F8.e.8620/enabled - {}
COMMAND: GET /session/0b442ebc8f096c4bfeb5c66a52851a3f/screenshot - {}
RESULT: {}
COMMAND: POST /session/0b442ebc8f096c4bfeb5c66a52851a3f/execute/sync - {"script":"<script> [8489 bytes]","args":[{"element-6066-11e4-a52e-4f735466cecf":"f.9CA8B20795E6D08D18CCAFF067F35E12.d.B16C125153AB1C1D77951059206C36F8.e.8620","ELEMENT":"f.9CA8B20795E6D08D18CCAFF067F35E12.d.B16C125153AB1C1D77951059206C36F8.e.8620"}]}
COMMAND: GET /session/0b442ebc8f096c4bfeb5c66a52851a3f/screenshot - {}
RESULT: {}
RESULT: {"script":"<script> [8489 bytes]","args":[{"element-6066-11e4-a52e-4f735466cecf":"f.9CA8B20795E6D08D18CCAFF067F35E12.d.B16C125153AB1C1D77951059206C36F8.e.8620","ELEMENT":"f.9CA8B20795E6D08D18CCAFF067F35E12.d.B16C125153AB1C1D77951059206C36F8.e.8620"}]}
COMMAND: POST /session/0b442ebc8f096c4bfeb5c66a52851a3f/execute/sync - {"script":"<script> [5351 bytes]","args":[{"element-6066-11e4-a52e-4f735466cecf":"f.9CA8B20795E6D08D18CCAFF067F35E12.d.B16C125153AB1C1D77951059206C36F8.e.8620","ELEMENT":"f.9CA8B20795E6D08D18CCAFF067F35E12.d.B16C125153AB1C1D77951059206C36F8.e.8620"}]}
COMMAND: GET /session/0b442ebc8f096c4bfeb5c66a52851a3f/screenshot - {}
RESULT: {}
RESULT: {"script":"<script> [5351 bytes]","args":[{"element-6066-11e4-a52e-4f735466cecf":"f.9CA8B20795E6D08D18CCAFF067F35E12.d.B16C125153AB1C1D77951059206C36F8.e.8620","ELEMENT":"f.9CA8B20795E6D08D18CCAFF067F35E12.d.B16C125153AB1C1D77951059206C36F8.e.8620"}]}
COMMAND: POST /session/0b442ebc8f096c4bfeb5c66a52851a3f/element/f.9CA8B20795E6D08D18CCAFF067F35E12.d.B16C125153AB1C1D77951059206C36F8.e.8620/click - {}
COMMAND: GET /session/0b442ebc8f096c4bfeb5c66a52851a3f/screenshot - {}
RESULT: {}
RESULT: {}
COMMAND: GET /session/0b442ebc8f096c4bfeb5c66a52851a3f/screenshot - {}
COMMAND: POST /session/0b442ebc8f096c4bfeb5c66a52851a3f/execute/async - {"script":"<script> [1562 bytes]","args":[{"selector":{"id":"application-manageresources-display-component---newResourceUnit--TYPE-arrow"},"wdio_ui5_key":"applicationmanageresources-display-component---newResourceUnit--TYPE-arrow"}]}
RESULT: {}
RESULT: {}
RESULT: {"script":"<script> [1562 bytes]","args":[{"selector":{"id":"application-manageresources-display-component---newResourceUnit--TYPE-arrow"},"wdio_ui5_key":"applicationmanageresources-display-component---newResourceUnit--TYPE-arrow"}]}
RESULT: undefined
COMMAND: POST /session/0b442ebc8f096c4bfeb5c66a52851a3f/element - {"using":"xpath","value":"//*[@id=\"application-manageresources-display-component---newResourceUnit--TYPE-arrow\"]"}
RESULT: {"using":"xpath","value":"//*[@id=\"application-manageresources-display-component---newResourceUnit--TYPE-arrow\"]"}
COMMAND: POST /session/0b442ebc8f096c4bfeb5c66a52851a3f/element/f.9CA8B20795E6D08D18CCAFF067F35E12.d.B16C125153AB1C1D77951059206C36F8.e.8967/click - {}
RESULT: {}
COMMAND: POST /session/0b442ebc8f096c4bfeb5c66a52851a3f/element - {"using":"xpath","value":"//input[@id=\"application-manageresources-display-component---newResourceUnit--TYPE-inner\"]"}
COMMAND: GET /session/0b442ebc8f096c4bfeb5c66a52851a3f/screenshot - {}
RESULT: {"using":"xpath","value":"//input[@id=\"application-manageresources-display-component---newResourceUnit--TYPE-inner\"]"}
COMMAND: POST /session/0b442ebc8f096c4bfeb5c66a52851a3f/element/f.9CA8B20795E6D08D18CCAFF067F35E12.d.B16C125153AB1C1D77951059206C36F8.e.8962/clear - {}
RESULT: {}
RESULT: {}
COMMAND: POST /session/0b442ebc8f096c4bfeb5c66a52851a3f/element/f.9CA8B20795E6D08D18CCAFF067F35E12.d.B16C125153AB1C1D77951059206C36F8.e.8962/value - {"text":"Equipment"}
COMMAND: GET /session/0b442ebc8f096c4bfeb5c66a52851a3f/screenshot - {}
RESULT: {"text":"Equipment"}
COMMAND: GET /session/0b442ebc8f096c4bfeb5c66a52851a3f/screenshot - {}
RESULT: {}
RESULT: {}
COMMAND: POST /session/0b442ebc8f096c4bfeb5c66a52851a3f/actions - {"actions":[{"id":"action26","type":"key","parameters":{},"actions":[{"type":"keyDown","value":"î€‡"},{"type":"pause","duration":10},{"type":"keyUp","value":"î€‡"}]}]}
RESULT: {"actions":[{"id":"action26","type":"key","parameters":{},"actions":[{"type":"keyDown","value":"î€‡"},{"type":"pause","duration":10},{"type":"keyUp","value":"î€‡"}]}]}
COMMAND: POST /session/0b442ebc8f096c4bfeb5c66a52851a3f/execute/async - {"script":"<script> [1562 bytes]","args":[{"selector":{"id":"application-manageresources-display-component---newResourceUnit--resourceId","interaction":{"idSuffix":"inner"}},"wdio_ui5_key":"applicationmanageresources-display-component---newResourceUnit--resourceId"}]}
COMMAND: GET /session/0b442ebc8f096c4bfeb5c66a52851a3f/screenshot - {}
RESULT: {"script":"<script> [1562 bytes]","args":[{"selector":{"id":"application-manageresources-display-component---newResourceUnit--resourceId","interaction":{"idSuffix":"inner"}},"wdio_ui5_key":"applicationmanageresources-display-component---newResourceUnit--resourceId"}]}
RESULT: undefined
COMMAND: POST /session/0b442ebc8f096c4bfeb5c66a52851a3f/execute/async - {"script":"<script> [776 bytes]","args":[{"enterText":"qPdgBM9Gt9","selector":{"id":"application-manageresources-display-component---newResourceUnit--resourceId","interaction":{"idSuffix":"inner"}},"clearTextFirst":true,"interactionType":"ENTER_TEXT"}]}
RESULT: {}
RESULT: {"script":"<script> [776 bytes]","args":[{"enterText":"qPdgBM9Gt9","selector":{"id":"application-manageresources-display-component---newResourceUnit--resourceId","interaction":{"idSuffix":"inner"}},"clearTextFirst":true,"interactionType":"ENTER_TEXT"}]}
COMMAND: POST /session/0b442ebc8f096c4bfeb5c66a52851a3f/execute/async - {"script":"<script> [1562 bytes]","args":[{"selector":{"id":"application-manageresources-display-component---newResourceUnit--SHORT_TEXT","interaction":{"idSuffix":"inner"}},"wdio_ui5_key":"applicationmanageresources-display-component---newResourceUnit--SHORT_TEXT"}]}
RESULT: {"script":"<script> [1562 bytes]","args":[{"selector":{"id":"application-manageresources-display-component---newResourceUnit--SHORT_TEXT","interaction":{"idSuffix":"inner"}},"wdio_ui5_key":"applicationmanageresources-display-component---newResourceUnit--SHORT_TEXT"}]}
RESULT: undefined
COMMAND: POST /session/0b442ebc8f096c4bfeb5c66a52851a3f/execute/async - {"script":"<script> [776 bytes]","args":[{"enterText":"Intercompany Equipment WDIO","selector":{"id":"application-manageresources-display-component---newResourceUnit--SHORT_TEXT","interaction":{"idSuffix":"inner"}},"clearTextFirst":true,"interactionType":"ENTER_TEXT"}]}
RESULT: {"script":"<script> [776 bytes]","args":[{"enterText":"Intercompany Equipment WDIO","selector":{"id":"application-manageresources-display-component---newResourceUnit--SHORT_TEXT","interaction":{"idSuffix":"inner"}},"clearTextFirst":true,"interactionType":"ENTER_TEXT"}]}
COMMAND: POST /session/0b442ebc8f096c4bfeb5c66a52851a3f/execute/async - {"script":"<script> [1562 bytes]","args":[{"selector":{"id":"application-manageresources-display-component---newResourceUnit--BASE_UNIT_OF_MEASURE","interaction":{"idSuffix":"inner"}},"wdio_ui5_key":"applicationmanageresources-display-component---newResourceUnit--BASE_UNIT_OF_MEASURE"}]}
RESULT: {"script":"<script> [1562 bytes]","args":[{"selector":{"id":"application-manageresources-display-component---newResourceUnit--BASE_UNIT_OF_MEASURE","interaction":{"idSuffix":"inner"}},"wdio_ui5_key":"applicationmanageresources-display-component---newResourceUnit--BASE_UNIT_OF_MEASURE"}]}
RESULT: undefined
COMMAND: POST /session/0b442ebc8f096c4bfeb5c66a52851a3f/execute/async - {"script":"<script> [776 bytes]","args":[{"enterText":"Piece","selector":{"id":"application-manageresources-display-component---newResourceUnit--BASE_UNIT_OF_MEASURE","interaction":{"idSuffix":"inner"}},"clearTextFirst":true,"interactionType":"ENTER_TEXT"}]}
RESULT: {"script":"<script> [776 bytes]","args":[{"enterText":"Piece","selector":{"id":"application-manageresources-display-component---newResourceUnit--BASE_UNIT_OF_MEASURE","interaction":{"idSuffix":"inner"}},"clearTextFirst":true,"interactionType":"ENTER_TEXT"}]}
COMMAND: POST /session/0b442ebc8f096c4bfeb5c66a52851a3f/execute/async - {"script":"<script> [1562 bytes]","args":[{"selector":{"id":"application-manageresources-display-component---newResourceUnit--WEIGHT_UNIT","interaction":{"idSuffix":"inner"}},"wdio_ui5_key":"applicationmanageresources-display-component---newResourceUnit--WEIGHT_UNIT"}]}
RESULT: {"script":"<script> [1562 bytes]","args":[{"selector":{"id":"application-manageresources-display-component---newResourceUnit--WEIGHT_UNIT","interaction":{"idSuffix":"inner"}},"wdio_ui5_key":"applicationmanageresources-display-component---newResourceUnit--WEIGHT_UNIT"}]}
RESULT: undefined
COMMAND: POST /session/0b442ebc8f096c4bfeb5c66a52851a3f/execute/async - {"script":"<script> [776 bytes]","args":[{"enterText":"Gram","selector":{"id":"application-manageresources-display-component---newResourceUnit--WEIGHT_UNIT","interaction":{"idSuffix":"inner"}},"clearTextFirst":true,"interactionType":"ENTER_TEXT"}]}
RESULT: {"script":"<script> [776 bytes]","args":[{"enterText":"Gram","selector":{"id":"application-manageresources-display-component---newResourceUnit--WEIGHT_UNIT","interaction":{"idSuffix":"inner"}},"clearTextFirst":true,"interactionType":"ENTER_TEXT"}]}
COMMAND: POST /session/0b442ebc8f096c4bfeb5c66a52851a3f/execute/async - {"script":"<script> [1562 bytes]","args":[{"selector":{"id":"application-manageresources-display-component---newResourceUnit--DIMENSION_UNIT","interaction":{"idSuffix":"inner"}},"wdio_ui5_key":"applicationmanageresources-display-component---newResourceUnit--DIMENSION_UNIT"}]}
RESULT: {"script":"<script> [1562 bytes]","args":[{"selector":{"id":"application-manageresources-display-component---newResourceUnit--DIMENSION_UNIT","interaction":{"idSuffix":"inner"}},"wdio_ui5_key":"applicationmanageresources-display-component---newResourceUnit--DIMENSION_UNIT"}]}
RESULT: undefined
COMMAND: POST /session/0b442ebc8f096c4bfeb5c66a52851a3f/execute/async - {"script":"<script> [776 bytes]","args":[{"enterText":"Meter","selector":{"id":"application-manageresources-display-component---newResourceUnit--DIMENSION_UNIT","interaction":{"idSuffix":"inner"}},"clearTextFirst":true,"interactionType":"ENTER_TEXT"}]}
RESULT: {"script":"<script> [776 bytes]","args":[{"enterText":"Meter","selector":{"id":"application-manageresources-display-component---newResourceUnit--DIMENSION_UNIT","interaction":{"idSuffix":"inner"}},"clearTextFirst":true,"interactionType":"ENTER_TEXT"}]}
COMMAND: POST /session/0b442ebc8f096c4bfeb5c66a52851a3f/execute/async - {"script":"<script> [1562 bytes]","args":[{"selector":{"id":"application-manageresources-display-component---newResourceUnit--newRRUPage-anchBar-application-manageresources-display-component---newResourceUnit--control-anchor","interaction":{"idSuffix":"BDI-content"}},"wdio_ui5_key":"applicationmanageresources-display-component---newResourceUnit--newRRUPage-anchBar-application-manageresources-display-component---newResourceUnit--control-anchor"}]}
RESULT: {"script":"<script> [1562 bytes]","args":[{"selector":{"id":"application-manageresources-display-component---newResourceUnit--newRRUPage-anchBar-application-manageresources-display-component---newResourceUnit--control-anchor","interaction":{"idSuffix":"BDI-content"}},"wdio_ui5_key":"applicationmanageresources-display-component---newResourceUnit--newRRUPage-anchBar-application-manageresources-display-component---newResourceUnit--control-anchor"}]}
RESULT: undefined
COMMAND: POST /session/0b442ebc8f096c4bfeb5c66a52851a3f/element - {"using":"xpath","value":"//*[@id=\"application-manageresources-display-component---newResourceUnit--newRRUPage-anchBar-application-manageresources-display-component---newResourceUnit--control-anchor\"]"}
RESULT: {"using":"xpath","value":"//*[@id=\"application-manageresources-display-component---newResourceUnit--newRRUPage-anchBar-application-manageresources-display-component---newResourceUnit--control-anchor\"]"}
COMMAND: POST /session/0b442ebc8f096c4bfeb5c66a52851a3f/element/f.9CA8B20795E6D08D18CCAFF067F35E12.d.B16C125153AB1C1D77951059206C36F8.e.9099/click - {}
RESULT: {}
COMMAND: POST /session/0b442ebc8f096c4bfeb5c66a52851a3f/execute/async - {"script":"<script> [1562 bytes]","args":[{"selector":{"id":"application-manageresources-display-component---newResourceUnit--PLANNING_GROUP","interaction":{"idSuffix":"inner"}},"wdio_ui5_key":"applicationmanageresources-display-component---newResourceUnit--PLANNING_GROUP"}]}
COMMAND: GET /session/0b442ebc8f096c4bfeb5c66a52851a3f/screenshot - {}
RESULT: {"script":"<script> [1562 bytes]","args":[{"selector":{"id":"application-manageresources-display-component---newResourceUnit--PLANNING_GROUP","interaction":{"idSuffix":"inner"}},"wdio_ui5_key":"applicationmanageresources-display-component---newResourceUnit--PLANNING_GROUP"}]}
RESULT: undefined
COMMAND: POST /session/0b442ebc8f096c4bfeb5c66a52851a3f/execute/async - {"script":"<script> [776 bytes]","args":[{"enterText":"Heavy Equi","selector":{"id":"application-manageresources-display-component---newResourceUnit--PLANNING_GROUP","interaction":{"idSuffix":"inner"}},"clearTextFirst":true,"interactionType":"ENTER_TEXT"}]}
RESULT: {}
RESULT: {"script":"<script> [776 bytes]","args":[{"enterText":"Heavy Equi","selector":{"id":"application-manageresources-display-component---newResourceUnit--PLANNING_GROUP","interaction":{"idSuffix":"inner"}},"clearTextFirst":true,"interactionType":"ENTER_TEXT"}]}
COMMAND: POST /session/0b442ebc8f096c4bfeb5c66a52851a3f/execute/async - {"script":"<script> [1562 bytes]","args":[{"selector":{"id":"application-manageresources-display-component---newResourceUnit--ITEM_TYPE-arrow"},"wdio_ui5_key":"applicationmanageresources-display-component---newResourceUnit--ITEM_TYPE-arrow"}]}
RESULT: {"script":"<script> [1562 bytes]","args":[{"selector":{"id":"application-manageresources-display-component---newResourceUnit--ITEM_TYPE-arrow"},"wdio_ui5_key":"applicationmanageresources-display-component---newResourceUnit--ITEM_TYPE-arrow"}]}
RESULT: undefined
COMMAND: POST /session/0b442ebc8f096c4bfeb5c66a52851a3f/element - {"using":"xpath","value":"//*[@id=\"application-manageresources-display-component---newResourceUnit--ITEM_TYPE-arrow\"]"}
RESULT: {"using":"xpath","value":"//*[@id=\"application-manageresources-display-component---newResourceUnit--ITEM_TYPE-arrow\"]"}
COMMAND: POST /session/0b442ebc8f096c4bfeb5c66a52851a3f/element/f.9CA8B20795E6D08D18CCAFF067F35E12.d.B16C125153AB1C1D77951059206C36F8.e.9106/click - {}
RESULT: {}
COMMAND: POST /session/0b442ebc8f096c4bfeb5c66a52851a3f/element - {"using":"xpath","value":"(//span[contains(text(), \"Resource Unit\")])[2]"}
COMMAND: GET /session/0b442ebc8f096c4bfeb5c66a52851a3f/screenshot - {}
RESULT: {"using":"xpath","value":"(//span[contains(text(), \"Resource Unit\")])[2]"}
COMMAND: POST /session/0b442ebc8f096c4bfeb5c66a52851a3f/element/f.9CA8B20795E6D08D18CCAFF067F35E12.d.B16C125153AB1C1D77951059206C36F8.e.9107/click - {}
RESULT: {}
RESULT: {}
COMMAND: GET /session/0b442ebc8f096c4bfeb5c66a52851a3f/screenshot - {}
RESULT: {}
COMMAND: POST /session/0b442ebc8f096c4bfeb5c66a52851a3f/element - {"using":"css selector","value":"#application-manageresources-display-component---newResourceUnit--btnAddTimeSegment"}
RESULT: {"using":"css selector","value":"#application-manageresources-display-component---newResourceUnit--btnAddTimeSegment"}
COMMAND: GET /session/0b442ebc8f096c4bfeb5c66a52851a3f/element/f.9CA8B20795E6D08D18CCAFF067F35E12.d.B16C125153AB1C1D77951059206C36F8.e.9108/rect - {}
RESULT: {}
COMMAND: GET /session/0b442ebc8f096c4bfeb5c66a52851a3f/window/rect - {}
RESULT: {}
COMMAND: POST /session/0b442ebc8f096c4bfeb5c66a52851a3f/execute/sync - {"script":"<script> [92 bytes]","args":[]}
RESULT: {"script":"<script> [92 bytes]","args":[]}
COMMAND: POST /session/0b442ebc8f096c4bfeb5c66a52851a3f/actions - {"actions":[{"id":"action27","type":"wheel","parameters":{},"actions":[{"type":"scroll","x":-1888,"y":-32,"deltaX":0,"deltaY":0,"duration":0,"origin":{"element-6066-11e4-a52e-4f735466cecf":"f.9CA8B20795E6D08D18CCAFF067F35E12.d.B16C125153AB1C1D77951059206C36F8.e.9108"}}]}]}
COMMAND: GET /session/0b442ebc8f096c4bfeb5c66a52851a3f/screenshot - {}
RESULT: {}
COMMAND: POST /session/0b442ebc8f096c4bfeb5c66a52851a3f/execute/sync - {"script":"<script> [79 bytes]","args":[{"element-6066-11e4-a52e-4f735466cecf":"f.9CA8B20795E6D08D18CCAFF067F35E12.d.B16C125153AB1C1D77951059206C36F8.e.9108","ELEMENT":"f.9CA8B20795E6D08D18CCAFF067F35E12.d.B16C125153AB1C1D77951059206C36F8.e.9108"},{"block":"start","inline":"nearest"}]}
RESULT: {"script":"<script> [79 bytes]","args":[{"element-6066-11e4-a52e-4f735466cecf":"f.9CA8B20795E6D08D18CCAFF067F35E12.d.B16C125153AB1C1D77951059206C36F8.e.9108","ELEMENT":"f.9CA8B20795E6D08D18CCAFF067F35E12.d.B16C125153AB1C1D77951059206C36F8.e.9108"},{"block":"start","inline":"nearest"}]}
COMMAND: POST /session/0b442ebc8f096c4bfeb5c66a52851a3f/execute/async - {"script":"<script> [1562 bytes]","args":[{"selector":{"id":"application-manageresources-display-component---newResourceUnit--btnAddTimeSegment","interaction":{"idSuffix":"inner"}},"wdio_ui5_key":"applicationmanageresources-display-component---newResourceUnit--btnAddTimeSegment"}]}
COMMAND: GET /session/0b442ebc8f096c4bfeb5c66a52851a3f/screenshot - {}
RESULT: {"script":"<script> [1562 bytes]","args":[{"selector":{"id":"application-manageresources-display-component---newResourceUnit--btnAddTimeSegment","interaction":{"idSuffix":"inner"}},"wdio_ui5_key":"applicationmanageresources-display-component---newResourceUnit--btnAddTimeSegment"}]}
RESULT: undefined
COMMAND: POST /session/0b442ebc8f096c4bfeb5c66a52851a3f/element - {"using":"xpath","value":"//*[@id=\"application-manageresources-display-component---newResourceUnit--btnAddTimeSegment\"]"}
RESULT: {}
RESULT: {"using":"xpath","value":"//*[@id=\"application-manageresources-display-component---newResourceUnit--btnAddTimeSegment\"]"}
COMMAND: POST /session/0b442ebc8f096c4bfeb5c66a52851a3f/element/f.9CA8B20795E6D08D18CCAFF067F35E12.d.B16C125153AB1C1D77951059206C36F8.e.9108/click - {}
RESULT: {}
COMMAND: GET /session/0b442ebc8f096c4bfeb5c66a52851a3f/screenshot - {}
RESULT: {}
COMMAND: POST /session/0b442ebc8f096c4bfeb5c66a52851a3f/element - {"using":"xpath","value":"//input[@id=\"application-manageresources-display-component---newResourceUnit--idRuTSAdmin-application-manageresources-display-component---newResourceUnit--RUTimeSegment-0-inner\"]"}
RESULT: {"using":"xpath","value":"//input[@id=\"application-manageresources-display-component---newResourceUnit--idRuTSAdmin-application-manageresources-display-component---newResourceUnit--RUTimeSegment-0-inner\"]"}
COMMAND: POST /session/0b442ebc8f096c4bfeb5c66a52851a3f/element/f.9CA8B20795E6D08D18CCAFF067F35E12.d.B16C125153AB1C1D77951059206C36F8.e.9114/clear - {}
RESULT: {}
COMMAND: POST /session/0b442ebc8f096c4bfeb5c66a52851a3f/element/f.9CA8B20795E6D08D18CCAFF067F35E12.d.B16C125153AB1C1D77951059206C36F8.e.9114/value - {"text":"620"}
COMMAND: GET /session/0b442ebc8f096c4bfeb5c66a52851a3f/screenshot - {}
RESULT: {"text":"620"}
COMMAND: GET /session/0b442ebc8f096c4bfeb5c66a52851a3f/screenshot - {}
RESULT: {}
RESULT: {}
COMMAND: POST /session/0b442ebc8f096c4bfeb5c66a52851a3f/element - {"using":"xpath","value":"//li[.//span[text()='620']]"}
RESULT: {"using":"xpath","value":"//li[.//span[text()='620']]"}
COMMAND: POST /session/0b442ebc8f096c4bfeb5c66a52851a3f/element/f.9CA8B20795E6D08D18CCAFF067F35E12.d.B16C125153AB1C1D77951059206C36F8.e.9128/click - {}
RESULT: {}
COMMAND: GET /session/0b442ebc8f096c4bfeb5c66a52851a3f/screenshot - {}
RESULT: {}
COMMAND: POST /session/0b442ebc8f096c4bfeb5c66a52851a3f/element - {"using":"xpath","value":"(//span[contains(@id, \"-application-manageresources-display-component---newResourceUnit--RUTimeSegment-0-arrow\")])[6]"}
RESULT: {"using":"xpath","value":"(//span[contains(@id, \"-application-manageresources-display-component---newResourceUnit--RUTimeSegment-0-arrow\")])[6]"}
COMMAND: POST /session/0b442ebc8f096c4bfeb5c66a52851a3f/element/f.9CA8B20795E6D08D18CCAFF067F35E12.d.B16C125153AB1C1D77951059206C36F8.e.9129/click - {}
RESULT: {}
COMMAND: GET /session/0b442ebc8f096c4bfeb5c66a52851a3f/screenshot - {}
RESULT: {}
COMMAND: POST /session/0b442ebc8f096c4bfeb5c66a52851a3f/element - {"using":"xpath","value":"//span[contains(text(), \"PM Order\")]"}
RESULT: {"using":"xpath","value":"//span[contains(text(), \"PM Order\")]"}
COMMAND: POST /session/0b442ebc8f096c4bfeb5c66a52851a3f/element/f.9CA8B20795E6D08D18CCAFF067F35E12.d.B16C125153AB1C1D77951059206C36F8.e.9132/click - {}
RESULT: {}
COMMAND: GET /session/0b442ebc8f096c4bfeb5c66a52851a3f/screenshot - {}
RESULT: {}
COMMAND: POST /session/0b442ebc8f096c4bfeb5c66a52851a3f/element - {"using":"xpath","value":"(//span[contains(@id ,\"manageresources-display-component---newResourceUnit--RUTimeSegment-0-vhi\")])[1]"}
RESULT: {"using":"xpath","value":"(//span[contains(@id ,\"manageresources-display-component---newResourceUnit--RUTimeSegment-0-vhi\")])[1]"}
COMMAND: GET /session/0b442ebc8f096c4bfeb5c66a52851a3f/element/f.9CA8B20795E6D08D18CCAFF067F35E12.d.B16C125153AB1C1D77951059206C36F8.e.9136/rect - {}
RESULT: {}
COMMAND: GET /session/0b442ebc8f096c4bfeb5c66a52851a3f/window/rect - {}
RESULT: {}
COMMAND: POST /session/0b442ebc8f096c4bfeb5c66a52851a3f/execute/sync - {"script":"<script> [92 bytes]","args":[]}
RESULT: {"script":"<script> [92 bytes]","args":[]}
COMMAND: POST /session/0b442ebc8f096c4bfeb5c66a52851a3f/actions - {"actions":[{"id":"action28","type":"wheel","parameters":{},"actions":[{"type":"scroll","x":-869,"y":-24,"deltaX":0,"deltaY":0,"duration":0,"origin":{"element-6066-11e4-a52e-4f735466cecf":"f.9CA8B20795E6D08D18CCAFF067F35E12.d.B16C125153AB1C1D77951059206C36F8.e.9136"}}]}]}
COMMAND: GET /session/0b442ebc8f096c4bfeb5c66a52851a3f/screenshot - {}
RESULT: {"actions":[{"id":"action28","type":"wheel","parameters":{},"actions":[{"type":"scroll","x":-869,"y":-24,"deltaX":0,"deltaY":0,"duration":0,"origin":{"element-6066-11e4-a52e-4f735466cecf":"f.9CA8B20795E6D08D18CCAFF067F35E12.d.B16C125153AB1C1D77951059206C36F8.e.9136"}}]}]}
COMMAND: DELETE /session/0b442ebc8f096c4bfeb5c66a52851a3f/actions - {}
COMMAND: GET /session/0b442ebc8f096c4bfeb5c66a52851a3f/screenshot - {}
RESULT: {}
RESULT: {}
COMMAND: GET /session/0b442ebc8f096c4bfeb5c66a52851a3f/screenshot - {}
RESULT: {}
RESULT: {}
COMMAND: POST /session/0b442ebc8f096c4bfeb5c66a52851a3f/element/f.9CA8B20795E6D08D18CCAFF067F35E12.d.B16C125153AB1C1D77951059206C36F8.e.9136/click - {}
RESULT: {}
COMMAND: GET /session/0b442ebc8f096c4bfeb5c66a52851a3f/screenshot - {}
RESULT: {}
RESULT: undefined
COMMAND: POST /session/0b442ebc8f096c4bfeb5c66a52851a3f/execute/async - {"script":"<script> [776 bytes]","args":[{"enterText":"4000360","selector":{"controlType":"sap.m.SearchField","properties":{"placeholder":"Search"},"searchOpenDialogs":true,"interaction":{"idSuffix":"I"}},"clearTextFirst":true,"interactionType":"ENTER_TEXT"}]}
RESULT: {"script":"<script> [776 bytes]","args":[{"enterText":"4000360","selector":{"controlType":"sap.m.SearchField","properties":{"placeholder":"Search"},"searchOpenDialogs":true,"interaction":{"idSuffix":"I"}},"clearTextFirst":true,"interactionType":"ENTER_TEXT"}]}
COMMAND: POST /session/0b442ebc8f096c4bfeb5c66a52851a3f/actions - {"actions":[{"id":"action29","type":"key","parameters":{},"actions":[{"type":"keyDown","value":"î€‡"},{"type":"pause","duration":10},{"type":"keyUp","value":"î€‡"}]}]}
RESULT: {"actions":[{"id":"action29","type":"key","parameters":{},"actions":[{"type":"keyDown","value":"î€‡"},{"type":"pause","duration":10},{"type":"keyUp","value":"î€‡"}]}]}
COMMAND: GET /session/0b442ebc8f096c4bfeb5c66a52851a3f/screenshot - {}
RESULT: {}
COMMAND: POST /session/0b442ebc8f096c4bfeb5c66a52851a3f/element - {"using":"xpath","value":"//td/div/span[contains(text(), \"BGL Vehicles\")]"}
RESULT: {"using":"xpath","value":"//td/div/span[contains(text(), \"BGL Vehicles\")]"}
COMMAND: POST /session/0b442ebc8f096c4bfeb5c66a52851a3f/element/f.9CA8B20795E6D08D18CCAFF067F35E12.d.B16C125153AB1C1D77951059206C36F8.e.9155/click - {}
RESULT: {}
COMMAND: GET /session/0b442ebc8f096c4bfeb5c66a52851a3f/screenshot - {}
RESULT: {}
COMMAND: POST /session/0b442ebc8f096c4bfeb5c66a52851a3f/element - {"using":"xpath","value":"//bdi[contains(text(), \"OK\")]"}
RESULT: {"using":"xpath","value":"//bdi[contains(text(), \"OK\")]"}
COMMAND: POST /session/0b442ebc8f096c4bfeb5c66a52851a3f/element/f.9CA8B20795E6D08D18CCAFF067F35E12.d.B16C125153AB1C1D77951059206C36F8.e.9156/click - {}
RESULT: {}
COMMAND: GET /session/0b442ebc8f096c4bfeb5c66a52851a3f/screenshot - {}
RESULT: {}
COMMAND: POST /session/0b442ebc8f096c4bfeb5c66a52851a3f/execute/async - {"script":"<script> [1562 bytes]","args":[{"selector":{"id":"application-manageresources-display-component---newResourceUnit--newRRUPage-anchBar-application-manageresources-display-component---newResourceUnit--resource-anchor","interaction":{"idSuffix":"BDI-content"}},"wdio_ui5_key":"applicationmanageresources-display-component---newResourceUnit--newRRUPage-anchBar-application-manageresources-display-component---newResourceUnit--resource-anchor"}]}
RESULT: {"script":"<script> [1562 bytes]","args":[{"selector":{"id":"application-manageresources-display-component---newResourceUnit--newRRUPage-anchBar-application-manageresources-display-component---newResourceUnit--resource-anchor","interaction":{"idSuffix":"BDI-content"}},"wdio_ui5_key":"applicationmanageresources-display-component---newResourceUnit--newRRUPage-anchBar-application-manageresources-display-component---newResourceUnit--resource-anchor"}]}
RESULT: undefined
COMMAND: POST /session/0b442ebc8f096c4bfeb5c66a52851a3f/element - {"using":"xpath","value":"//*[@id=\"application-manageresources-display-component---newResourceUnit--newRRUPage-anchBar-application-manageresources-display-component---newResourceUnit--resource-anchor\"]"}
RESULT: {"using":"xpath","value":"//*[@id=\"application-manageresources-display-component---newResourceUnit--newRRUPage-anchBar-application-manageresources-display-component---newResourceUnit--resource-anchor\"]"}
COMMAND: POST /session/0b442ebc8f096c4bfeb5c66a52851a3f/element/f.9CA8B20795E6D08D18CCAFF067F35E12.d.B16C125153AB1C1D77951059206C36F8.e.9160/click - {}
RESULT: {}
COMMAND: POST /session/0b442ebc8f096c4bfeb5c66a52851a3f/execute/async - {"script":"<script> [1562 bytes]","args":[{"selector":{"id":"application-manageresources-display-component---newResourceUnit--PLANNED_DELIVERY_DATE","interaction":{"idSuffix":"inner"}},"wdio_ui5_key":"applicationmanageresources-display-component---newResourceUnit--PLANNED_DELIVERY_DATE"}]}
COMMAND: GET /session/0b442ebc8f096c4bfeb5c66a52851a3f/screenshot - {}
RESULT: {"script":"<script> [1562 bytes]","args":[{"selector":{"id":"application-manageresources-display-component---newResourceUnit--PLANNED_DELIVERY_DATE","interaction":{"idSuffix":"inner"}},"wdio_ui5_key":"applicationmanageresources-display-component---newResourceUnit--PLANNED_DELIVERY_DATE"}]}
RESULT: undefined
COMMAND: POST /session/0b442ebc8f096c4bfeb5c66a52851a3f/execute/async - {"script":"<script> [6424 bytes]","args":[{"element-6066-11e4-a52e-4f735466cecf":"f.9CA8B20795E6D08D18CCAFF067F35E12.d.B16C125153AB1C1D77951059206C36F8.e.9022"},"setValue",["5/6/25"]]}
RESULT: {}
RESULT: {"script":"<script> [6424 bytes]","args":[{"element-6066-11e4-a52e-4f735466cecf":"f.9CA8B20795E6D08D18CCAFF067F35E12.d.B16C125153AB1C1D77951059206C36F8.e.9022"},"setValue",["5/6/25"]]}
COMMAND: POST /session/0b442ebc8f096c4bfeb5c66a52851a3f/element - {"using":"xpath","value":"//button[@data-kt=\"resourceUnitSaveButton\"]"}
RESULT: {"using":"xpath","value":"//button[@data-kt=\"resourceUnitSaveButton\"]"}
COMMAND: POST /session/0b442ebc8f096c4bfeb5c66a52851a3f/element/f.9CA8B20795E6D08D18CCAFF067F35E12.d.B16C125153AB1C1D77951059206C36F8.e.8983/click - {}
RESULT: {}
COMMAND: GET /session/0b442ebc8f096c4bfeb5c66a52851a3f/screenshot - {}
RESULT: {}
COMMAND: POST /session/0b442ebc8f096c4bfeb5c66a52851a3f/element - {"using":"xpath","value":"//bdi[contains(text(), \"Close\")]"}
RESULT: {"using":"xpath","value":"//bdi[contains(text(), \"Close\")]"}
COMMAND: POST /session/0b442ebc8f096c4bfeb5c66a52851a3f/element/f.9CA8B20795E6D08D18CCAFF067F35E12.d.B16C125153AB1C1D77951059206C36F8.e.9170/click - {}
RESULT: {}
COMMAND: GET /session/0b442ebc8f096c4bfeb5c66a52851a3f/screenshot - {}
COMMAND: POST /session/0b442ebc8f096c4bfeb5c66a52851a3f/element - {"using":"xpath","value":"//bdi[contains(text(), \"Edit\")]"}
RESULT: {}
RESULT: {"using":"xpath","value":"//bdi[contains(text(), \"Edit\")]"}
COMMAND: POST /session/0b442ebc8f096c4bfeb5c66a52851a3f/execute/sync - {"script":"<script> [8489 bytes]","args":[{"element-6066-11e4-a52e-4f735466cecf":"f.9CA8B20795E6D08D18CCAFF067F35E12.d.B16C125153AB1C1D77951059206C36F8.e.9199","ELEMENT":"f.9CA8B20795E6D08D18CCAFF067F35E12.d.B16C125153AB1C1D77951059206C36F8.e.9199"}]}
RESULT: {"script":"<script> [8489 bytes]","args":[{"element-6066-11e4-a52e-4f735466cecf":"f.9CA8B20795E6D08D18CCAFF067F35E12.d.B16C125153AB1C1D77951059206C36F8.e.9199","ELEMENT":"f.9CA8B20795E6D08D18CCAFF067F35E12.d.B16C125153AB1C1D77951059206C36F8.e.9199"}]}
COMMAND: POST /session/0b442ebc8f096c4bfeb5c66a52851a3f/element/f.9CA8B20795E6D08D18CCAFF067F35E12.d.B16C125153AB1C1D77951059206C36F8.e.9199/click - {}
COMMAND: GET /session/0b442ebc8f096c4bfeb5c66a52851a3f/screenshot - {}
RESULT: {}
COMMAND: GET /session/0b442ebc8f096c4bfeb5c66a52851a3f/screenshot - {}
RESULT: {}
COMMAND: POST /session/0b442ebc8f096c4bfeb5c66a52851a3f/execute/async - {"script":"<script> [1562 bytes]","args":[{"selector":{"id":"application-manageresources-display-component---editResource--editRruPage-anchBar-application-manageresources-display-component---editResource--counters-anchor","interaction":{"idSuffix":"BDI-content"}},"wdio_ui5_key":"applicationmanageresources-display-component---editResource--editRruPage-anchBar-application-manageresources-display-component---editResource--counters-anchor"}]}
RESULT: {}
RESULT: {"script":"<script> [1562 bytes]","args":[{"selector":{"id":"application-manageresources-display-component---editResource--editRruPage-anchBar-application-manageresources-display-component---editResource--counters-anchor","interaction":{"idSuffix":"BDI-content"}},"wdio_ui5_key":"applicationmanageresources-display-component---editResource--editRruPage-anchBar-application-manageresources-display-component---editResource--counters-anchor"}]}
RESULT: undefined
COMMAND: POST /session/0b442ebc8f096c4bfeb5c66a52851a3f/element - {"using":"xpath","value":"//*[@id=\"application-manageresources-display-component---editResource--editRruPage-anchBar-application-manageresources-display-component---editResource--counters-anchor\"]"}
RESULT: {"using":"xpath","value":"//*[@id=\"application-manageresources-display-component---editResource--editRruPage-anchBar-application-manageresources-display-component---editResource--counters-anchor\"]"}
COMMAND: POST /session/0b442ebc8f096c4bfeb5c66a52851a3f/element/f.9CA8B20795E6D08D18CCAFF067F35E12.d.B16C125153AB1C1D77951059206C36F8.e.9303/click - {}
RESULT: {}
COMMAND: GET /session/0b442ebc8f096c4bfeb5c66a52851a3f/screenshot - {}
RESULT: {}
COMMAND: POST /session/0b442ebc8f096c4bfeb5c66a52851a3f/execute/async - {"script":"<script> [1562 bytes]","args":[{"selector":{"id":"application-manageresources-display-component---editResource--btnAddCounter-img"},"wdio_ui5_key":"applicationmanageresources-display-component---editResource--btnAddCounter-img"}]}
RESULT: {"script":"<script> [1562 bytes]","args":[{"selector":{"id":"application-manageresources-display-component---editResource--btnAddCounter-img"},"wdio_ui5_key":"applicationmanageresources-display-component---editResource--btnAddCounter-img"}]}
RESULT: undefined
COMMAND: POST /session/0b442ebc8f096c4bfeb5c66a52851a3f/element - {"using":"xpath","value":"//*[@id=\"application-manageresources-display-component---editResource--btnAddCounter-img\"]"}
RESULT: {"using":"xpath","value":"//*[@id=\"application-manageresources-display-component---editResource--btnAddCounter-img\"]"}
COMMAND: POST /session/0b442ebc8f096c4bfeb5c66a52851a3f/element/f.9CA8B20795E6D08D18CCAFF067F35E12.d.B16C125153AB1C1D77951059206C36F8.e.9337/click - {}
RESULT: {}
COMMAND: POST /session/0b442ebc8f096c4bfeb5c66a52851a3f/execute/async - {"script":"<script> [1562 bytes]","args":[{"selector":{"id":"application-manageresources-display-component---editResource--COUNTER_ID-application-manageresources-display-component---editResource--RUCounters-0-arrow"},"wdio_ui5_key":"applicationmanageresources-display-component---editResource--COUNTER_ID-application-manageresources-display-component---editResource--RUCounters-0-arrow"}]}
COMMAND: GET /session/0b442ebc8f096c4bfeb5c66a52851a3f/screenshot - {}
RESULT: {"script":"<script> [1562 bytes]","args":[{"selector":{"id":"application-manageresources-display-component---editResource--COUNTER_ID-application-manageresources-display-component---editResource--RUCounters-0-arrow"},"wdio_ui5_key":"applicationmanageresources-display-component---editResource--COUNTER_ID-application-manageresources-display-component---editResource--RUCounters-0-arrow"}]}
RESULT: undefined
COMMAND: POST /session/0b442ebc8f096c4bfeb5c66a52851a3f/element - {"using":"xpath","value":"//*[@id=\"application-manageresources-display-component---editResource--COUNTER_ID-application-manageresources-display-component---editResource--RUCounters-0-arrow\"]"}
RESULT: {}
RESULT: {"using":"xpath","value":"//*[@id=\"application-manageresources-display-component---editResource--COUNTER_ID-application-manageresources-display-component---editResource--RUCounters-0-arrow\"]"}
COMMAND: POST /session/0b442ebc8f096c4bfeb5c66a52851a3f/element/f.9CA8B20795E6D08D18CCAFF067F35E12.d.B16C125153AB1C1D77951059206C36F8.e.9341/click - {}
RESULT: {}
COMMAND: POST /session/0b442ebc8f096c4bfeb5c66a52851a3f/execute/async - {"script":"<script> [1562 bytes]","args":[{"selector":{"controlType":"sap.m.StandardListItem","viewName":"etm.portal.ui.manageresources.view.EditResource","viewId":"application-manageresources-display-component---editResource","properties":{"title":"fuel"},"searchOpenDialogs":true,"interaction":{"idSuffix":"content"}},"wdio_ui5_key":"etmportal.ui.manageresources.view.EditResourcesap.m.StandardListItem{\"title\":\"fuel\"}"}]}
COMMAND: GET /session/0b442ebc8f096c4bfeb5c66a52851a3f/screenshot - {}
RESULT: {"script":"<script> [1562 bytes]","args":[{"selector":{"controlType":"sap.m.StandardListItem","viewName":"etm.portal.ui.manageresources.view.EditResource","viewId":"application-manageresources-display-component---editResource","properties":{"title":"fuel"},"searchOpenDialogs":true,"interaction":{"idSuffix":"content"}},"wdio_ui5_key":"etmportal.ui.manageresources.view.EditResourcesap.m.StandardListItem{\"title\":\"fuel\"}"}]}
RESULT: undefined
COMMAND: POST /session/0b442ebc8f096c4bfeb5c66a52851a3f/element - {"using":"xpath","value":"//*[@id=\"__item2913\"]"}
RESULT: {}
RESULT: {"using":"xpath","value":"//*[@id=\"__item2913\"]"}
COMMAND: POST /session/0b442ebc8f096c4bfeb5c66a52851a3f/element/f.9CA8B20795E6D08D18CCAFF067F35E12.d.B16C125153AB1C1D77951059206C36F8.e.9343/click - {}
RESULT: {}
COMMAND: GET /session/0b442ebc8f096c4bfeb5c66a52851a3f/screenshot - {}
RESULT: {}
COMMAND: POST /session/0b442ebc8f096c4bfeb5c66a52851a3f/element - {"using":"xpath","value":"//button[@data-kt=\"saveButton\"]"}
RESULT: {"using":"xpath","value":"//button[@data-kt=\"saveButton\"]"}
COMMAND: POST /session/0b442ebc8f096c4bfeb5c66a52851a3f/element/f.9CA8B20795E6D08D18CCAFF067F35E12.d.B16C125153AB1C1D77951059206C36F8.e.9290/click - {}
RESULT: {}
COMMAND: GET /session/0b442ebc8f096c4bfeb5c66a52851a3f/screenshot - {}
RESULT: {}
COMMAND: POST /session/0b442ebc8f096c4bfeb5c66a52851a3f/element - {"using":"xpath","value":"(//button[contains(@id ,\"actionsToolbar-overflowButton\")])[1]"}
RESULT: {"using":"xpath","value":"(//button[contains(@id ,\"actionsToolbar-overflowButton\")])[1]"}
COMMAND: POST /session/0b442ebc8f096c4bfeb5c66a52851a3f/element/f.9CA8B20795E6D08D18CCAFF067F35E12.d.B16C125153AB1C1D77951059206C36F8.e.9353/click - {}
RESULT: {}
COMMAND: GET /session/0b442ebc8f096c4bfeb5c66a52851a3f/screenshot - {}
RESULT: {}
COMMAND: POST /session/0b442ebc8f096c4bfeb5c66a52851a3f/element - {"using":"xpath","value":"//button[@data-kt=\"priceInfoButton\"]"}
RESULT: {"using":"xpath","value":"//button[@data-kt=\"priceInfoButton\"]"}
COMMAND: POST /session/0b442ebc8f096c4bfeb5c66a52851a3f/element/f.9CA8B20795E6D08D18CCAFF067F35E12.d.B16C125153AB1C1D77951059206C36F8.e.9355/click - {}
RESULT: {}
COMMAND: GET /session/0b442ebc8f096c4bfeb5c66a52851a3f/screenshot - {}
RESULT: {}
]]></system-out>
    </testcase>
    <testcase classname="chrome.135_0_7049_96.windows.Create_master_data_for_mixed_billing_&amp;_do_billing_calculation_US151661" name="Should create a TB pricing procedure" time="57.814">
      <system-out><![CDATA[
COMMAND: POST /session/0b442ebc8f096c4bfeb5c66a52851a3f/element - {"using":"xpath","value":"//button[@data-kt=\"addButton\"]"}
RESULT: {"using":"xpath","value":"//button[@data-kt=\"addButton\"]"}
COMMAND: POST /session/0b442ebc8f096c4bfeb5c66a52851a3f/elements - {"using":"xpath","value":"//button[@data-kt=\"addButton\"]"}
RESULT: {"using":"xpath","value":"//button[@data-kt=\"addButton\"]"}
COMMAND: POST /session/0b442ebc8f096c4bfeb5c66a52851a3f/execute/sync - {"script":"<script> [8489 bytes]","args":[{"element-6066-11e4-a52e-4f735466cecf":"f.9CA8B20795E6D08D18CCAFF067F35E12.d.B16C125153AB1C1D77951059206C36F8.e.9391","ELEMENT":"f.9CA8B20795E6D08D18CCAFF067F35E12.d.B16C125153AB1C1D77951059206C36F8.e.9391"}]}
RESULT: {"script":"<script> [8489 bytes]","args":[{"element-6066-11e4-a52e-4f735466cecf":"f.9CA8B20795E6D08D18CCAFF067F35E12.d.B16C125153AB1C1D77951059206C36F8.e.9391","ELEMENT":"f.9CA8B20795E6D08D18CCAFF067F35E12.d.B16C125153AB1C1D77951059206C36F8.e.9391"}]}
COMMAND: GET /session/0b442ebc8f096c4bfeb5c66a52851a3f/element/f.9CA8B20795E6D08D18CCAFF067F35E12.d.B16C125153AB1C1D77951059206C36F8.e.9391/enabled - {}
COMMAND: GET /session/0b442ebc8f096c4bfeb5c66a52851a3f/screenshot - {}
RESULT: {}
COMMAND: POST /session/0b442ebc8f096c4bfeb5c66a52851a3f/execute/sync - {"script":"<script> [8489 bytes]","args":[{"element-6066-11e4-a52e-4f735466cecf":"f.9CA8B20795E6D08D18CCAFF067F35E12.d.B16C125153AB1C1D77951059206C36F8.e.9391","ELEMENT":"f.9CA8B20795E6D08D18CCAFF067F35E12.d.B16C125153AB1C1D77951059206C36F8.e.9391"}]}
COMMAND: GET /session/0b442ebc8f096c4bfeb5c66a52851a3f/screenshot - {}
RESULT: {}
RESULT: {"script":"<script> [8489 bytes]","args":[{"element-6066-11e4-a52e-4f735466cecf":"f.9CA8B20795E6D08D18CCAFF067F35E12.d.B16C125153AB1C1D77951059206C36F8.e.9391","ELEMENT":"f.9CA8B20795E6D08D18CCAFF067F35E12.d.B16C125153AB1C1D77951059206C36F8.e.9391"}]}
COMMAND: POST /session/0b442ebc8f096c4bfeb5c66a52851a3f/execute/sync - {"script":"<script> [5351 bytes]","args":[{"element-6066-11e4-a52e-4f735466cecf":"f.9CA8B20795E6D08D18CCAFF067F35E12.d.B16C125153AB1C1D77951059206C36F8.e.9391","ELEMENT":"f.9CA8B20795E6D08D18CCAFF067F35E12.d.B16C125153AB1C1D77951059206C36F8.e.9391"}]}
COMMAND: GET /session/0b442ebc8f096c4bfeb5c66a52851a3f/screenshot - {}
RESULT: {}
RESULT: {"script":"<script> [5351 bytes]","args":[{"element-6066-11e4-a52e-4f735466cecf":"f.9CA8B20795E6D08D18CCAFF067F35E12.d.B16C125153AB1C1D77951059206C36F8.e.9391","ELEMENT":"f.9CA8B20795E6D08D18CCAFF067F35E12.d.B16C125153AB1C1D77951059206C36F8.e.9391"}]}
COMMAND: POST /session/0b442ebc8f096c4bfeb5c66a52851a3f/element/f.9CA8B20795E6D08D18CCAFF067F35E12.d.B16C125153AB1C1D77951059206C36F8.e.9391/click - {}
COMMAND: GET /session/0b442ebc8f096c4bfeb5c66a52851a3f/screenshot - {}
RESULT: {}
RESULT: {}
COMMAND: GET /session/0b442ebc8f096c4bfeb5c66a52851a3f/screenshot - {}
RESULT: {}
RESULT: {}
COMMAND: POST /session/0b442ebc8f096c4bfeb5c66a52851a3f/execute/async - {"script":"<script> [1562 bytes]","args":[{"selector":{"controlType":"sap.m.Title","viewName":"etm.portal.ui.managepricingrules.view.NewItem","viewId":"application-managepricingrules-display-component---newInfoPriceItem","properties":{"text":"New Pricing Rules - Item Level"}},"wdio_ui5_key":"etmportal.ui.managepricingrules.view.NewItemsap.m.Title{\"text\":\"New Pricing Rules - Item Level\"}"}]}
RESULT: {"script":"<script> [1562 bytes]","args":[{"selector":{"controlType":"sap.m.Title","viewName":"etm.portal.ui.managepricingrules.view.NewItem","viewId":"application-managepricingrules-display-component---newInfoPriceItem","properties":{"text":"New Pricing Rules - Item Level"}},"wdio_ui5_key":"etmportal.ui.managepricingrules.view.NewItemsap.m.Title{\"text\":\"New Pricing Rules - Item Level\"}"}]}
RESULT: undefined
COMMAND: POST /session/0b442ebc8f096c4bfeb5c66a52851a3f/execute/async - {"script":"<script> [6424 bytes]","args":[{"element-6066-11e4-a52e-4f735466cecf":"f.9CA8B20795E6D08D18CCAFF067F35E12.d.B16C125153AB1C1D77951059206C36F8.e.9520"},"getText",[]]}
RESULT: {"script":"<script> [6424 bytes]","args":[{"element-6066-11e4-a52e-4f735466cecf":"f.9CA8B20795E6D08D18CCAFF067F35E12.d.B16C125153AB1C1D77951059206C36F8.e.9520"},"getText",[]]}
COMMAND: POST /session/0b442ebc8f096c4bfeb5c66a52851a3f/execute/async - {"script":"<script> [1562 bytes]","args":[{"selector":{"id":"application-managepricingrules-display-component---newInfoPriceItem--condValidTo","interaction":{"idSuffix":"inner"}},"wdio_ui5_key":"applicationmanagepricingrules-display-component---newInfoPriceItem--condValidTo"}]}
RESULT: {"script":"<script> [1562 bytes]","args":[{"selector":{"id":"application-managepricingrules-display-component---newInfoPriceItem--condValidTo","interaction":{"idSuffix":"inner"}},"wdio_ui5_key":"applicationmanagepricingrules-display-component---newInfoPriceItem--condValidTo"}]}
RESULT: undefined
COMMAND: POST /session/0b442ebc8f096c4bfeb5c66a52851a3f/execute/async - {"script":"<script> [776 bytes]","args":[{"enterText":"01/06/26","selector":{"id":"application-managepricingrules-display-component---newInfoPriceItem--condValidTo","interaction":{"idSuffix":"inner"}},"clearTextFirst":true,"interactionType":"ENTER_TEXT"}]}
RESULT: {"script":"<script> [776 bytes]","args":[{"enterText":"01/06/26","selector":{"id":"application-managepricingrules-display-component---newInfoPriceItem--condValidTo","interaction":{"idSuffix":"inner"}},"clearTextFirst":true,"interactionType":"ENTER_TEXT"}]}
COMMAND: POST /session/0b442ebc8f096c4bfeb5c66a52851a3f/execute/async - {"script":"<script> [1562 bytes]","args":[{"selector":{"id":"application-managepricingrules-display-component---newInfoPriceItem--billType-arrow"},"wdio_ui5_key":"applicationmanagepricingrules-display-component---newInfoPriceItem--billType-arrow"}]}
RESULT: {"script":"<script> [1562 bytes]","args":[{"selector":{"id":"application-managepricingrules-display-component---newInfoPriceItem--billType-arrow"},"wdio_ui5_key":"applicationmanagepricingrules-display-component---newInfoPriceItem--billType-arrow"}]}
RESULT: undefined
COMMAND: POST /session/0b442ebc8f096c4bfeb5c66a52851a3f/element - {"using":"xpath","value":"//*[@id=\"application-managepricingrules-display-component---newInfoPriceItem--billType-arrow\"]"}
RESULT: {"using":"xpath","value":"//*[@id=\"application-managepricingrules-display-component---newInfoPriceItem--billType-arrow\"]"}
COMMAND: POST /session/0b442ebc8f096c4bfeb5c66a52851a3f/element/f.9CA8B20795E6D08D18CCAFF067F35E12.d.B16C125153AB1C1D77951059206C36F8.e.9522/click - {}
RESULT: {}
COMMAND: POST /session/0b442ebc8f096c4bfeb5c66a52851a3f/element - {"using":"xpath","value":"//span[contains(text(), \"TB - Time based\")]"}
COMMAND: GET /session/0b442ebc8f096c4bfeb5c66a52851a3f/screenshot - {}
RESULT: {"using":"xpath","value":"//span[contains(text(), \"TB - Time based\")]"}
COMMAND: POST /session/0b442ebc8f096c4bfeb5c66a52851a3f/element/f.9CA8B20795E6D08D18CCAFF067F35E12.d.B16C125153AB1C1D77951059206C36F8.e.9523/click - {}
RESULT: {}
RESULT: {}
COMMAND: POST /session/0b442ebc8f096c4bfeb5c66a52851a3f/execute/async - {"script":"<script> [1562 bytes]","args":[{"selector":{"id":"application-managepricingrules-display-component---newInfoPriceItem--priceProc-arrow"},"wdio_ui5_key":"applicationmanagepricingrules-display-component---newInfoPriceItem--priceProc-arrow"}]}
COMMAND: GET /session/0b442ebc8f096c4bfeb5c66a52851a3f/screenshot - {}
RESULT: {"script":"<script> [1562 bytes]","args":[{"selector":{"id":"application-managepricingrules-display-component---newInfoPriceItem--priceProc-arrow"},"wdio_ui5_key":"applicationmanagepricingrules-display-component---newInfoPriceItem--priceProc-arrow"}]}
RESULT: undefined
COMMAND: POST /session/0b442ebc8f096c4bfeb5c66a52851a3f/element - {"using":"xpath","value":"//*[@id=\"application-managepricingrules-display-component---newInfoPriceItem--priceProc-arrow\"]"}
RESULT: {}
RESULT: {"using":"xpath","value":"//*[@id=\"application-managepricingrules-display-component---newInfoPriceItem--priceProc-arrow\"]"}
COMMAND: POST /session/0b442ebc8f096c4bfeb5c66a52851a3f/element/f.9CA8B20795E6D08D18CCAFF067F35E12.d.B16C125153AB1C1D77951059206C36F8.e.9524/click - {}
RESULT: {}
COMMAND: POST /session/0b442ebc8f096c4bfeb5c66a52851a3f/element - {"using":"xpath","value":"//span[contains(text(), \"TB - Time based BGL\")]"}
COMMAND: GET /session/0b442ebc8f096c4bfeb5c66a52851a3f/screenshot - {}
RESULT: {"using":"xpath","value":"//span[contains(text(), \"TB - Time based BGL\")]"}
COMMAND: POST /session/0b442ebc8f096c4bfeb5c66a52851a3f/element/f.9CA8B20795E6D08D18CCAFF067F35E12.d.B16C125153AB1C1D77951059206C36F8.e.9525/click - {}
RESULT: {}
RESULT: {}
COMMAND: POST /session/0b442ebc8f096c4bfeb5c66a52851a3f/execute/async - {"script":"<script> [1562 bytes]","args":[{"selector":{"id":"application-managepricingrules-display-component---newInfoPriceItem--calcBase-arrow"},"wdio_ui5_key":"applicationmanagepricingrules-display-component---newInfoPriceItem--calcBase-arrow"}]}
COMMAND: GET /session/0b442ebc8f096c4bfeb5c66a52851a3f/screenshot - {}
RESULT: {"script":"<script> [1562 bytes]","args":[{"selector":{"id":"application-managepricingrules-display-component---newInfoPriceItem--calcBase-arrow"},"wdio_ui5_key":"applicationmanagepricingrules-display-component---newInfoPriceItem--calcBase-arrow"}]}
RESULT: undefined
COMMAND: POST /session/0b442ebc8f096c4bfeb5c66a52851a3f/element - {"using":"xpath","value":"//*[@id=\"application-managepricingrules-display-component---newInfoPriceItem--calcBase-arrow\"]"}
RESULT: {}
RESULT: {"using":"xpath","value":"//*[@id=\"application-managepricingrules-display-component---newInfoPriceItem--calcBase-arrow\"]"}
COMMAND: POST /session/0b442ebc8f096c4bfeb5c66a52851a3f/element/f.9CA8B20795E6D08D18CCAFF067F35E12.d.B16C125153AB1C1D77951059206C36F8.e.9496/click - {}
RESULT: {}
COMMAND: GET /session/0b442ebc8f096c4bfeb5c66a52851a3f/screenshot - {}
RESULT: {}
COMMAND: POST /session/0b442ebc8f096c4bfeb5c66a52851a3f/element - {"using":"xpath","value":"//span[contains(text(), \"0006 - TB(calendar days)\")]"}
RESULT: {"using":"xpath","value":"//span[contains(text(), \"0006 - TB(calendar days)\")]"}
COMMAND: POST /session/0b442ebc8f096c4bfeb5c66a52851a3f/element/f.9CA8B20795E6D08D18CCAFF067F35E12.d.B16C125153AB1C1D77951059206C36F8.e.9526/click - {}
RESULT: {}
COMMAND: GET /session/0b442ebc8f096c4bfeb5c66a52851a3f/screenshot - {}
RESULT: {}
COMMAND: POST /session/0b442ebc8f096c4bfeb5c66a52851a3f/execute/async - {"script":"<script> [1562 bytes]","args":[{"selector":{"id":"application-managepricingrules-display-component---newInfoPriceItem--hoursMonth","interaction":{"idSuffix":"inner"}},"wdio_ui5_key":"applicationmanagepricingrules-display-component---newInfoPriceItem--hoursMonth"}]}
RESULT: {"script":"<script> [1562 bytes]","args":[{"selector":{"id":"application-managepricingrules-display-component---newInfoPriceItem--hoursMonth","interaction":{"idSuffix":"inner"}},"wdio_ui5_key":"applicationmanagepricingrules-display-component---newInfoPriceItem--hoursMonth"}]}
RESULT: undefined
COMMAND: POST /session/0b442ebc8f096c4bfeb5c66a52851a3f/execute/async - {"script":"<script> [776 bytes]","args":[{"enterText":"160","selector":{"id":"application-managepricingrules-display-component---newInfoPriceItem--hoursMonth","interaction":{"idSuffix":"inner"}},"clearTextFirst":true,"interactionType":"ENTER_TEXT"}]}
RESULT: {"script":"<script> [776 bytes]","args":[{"enterText":"160","selector":{"id":"application-managepricingrules-display-component---newInfoPriceItem--hoursMonth","interaction":{"idSuffix":"inner"}},"clearTextFirst":true,"interactionType":"ENTER_TEXT"}]}
COMMAND: POST /session/0b442ebc8f096c4bfeb5c66a52851a3f/execute/async - {"script":"<script> [1562 bytes]","args":[{"selector":{"id":"application-managepricingrules-display-component---newInfoPriceItem--daysMonth","interaction":{"idSuffix":"inner"}},"wdio_ui5_key":"applicationmanagepricingrules-display-component---newInfoPriceItem--daysMonth"}]}
RESULT: {"script":"<script> [1562 bytes]","args":[{"selector":{"id":"application-managepricingrules-display-component---newInfoPriceItem--daysMonth","interaction":{"idSuffix":"inner"}},"wdio_ui5_key":"applicationmanagepricingrules-display-component---newInfoPriceItem--daysMonth"}]}
RESULT: undefined
COMMAND: POST /session/0b442ebc8f096c4bfeb5c66a52851a3f/execute/async - {"script":"<script> [776 bytes]","args":[{"enterText":"30","selector":{"id":"application-managepricingrules-display-component---newInfoPriceItem--daysMonth","interaction":{"idSuffix":"inner"}},"clearTextFirst":true,"interactionType":"ENTER_TEXT"}]}
RESULT: {"script":"<script> [776 bytes]","args":[{"enterText":"30","selector":{"id":"application-managepricingrules-display-component---newInfoPriceItem--daysMonth","interaction":{"idSuffix":"inner"}},"clearTextFirst":true,"interactionType":"ENTER_TEXT"}]}
COMMAND: POST /session/0b442ebc8f096c4bfeb5c66a52851a3f/element - {"using":"xpath","value":"//button[@data-kt=\"saveNewRuleButton\"]"}
RESULT: {"using":"xpath","value":"//button[@data-kt=\"saveNewRuleButton\"]"}
COMMAND: POST /session/0b442ebc8f096c4bfeb5c66a52851a3f/element/f.9CA8B20795E6D08D18CCAFF067F35E12.d.B16C125153AB1C1D77951059206C36F8.e.9508/click - {}
RESULT: {}
COMMAND: GET /session/0b442ebc8f096c4bfeb5c66a52851a3f/screenshot - {}
RESULT: {}
COMMAND: POST /session/0b442ebc8f096c4bfeb5c66a52851a3f/execute/async - {"script":"<script> [1562 bytes]","args":[{"selector":{"id":"application-managepricingrules-display-component---priceInfoItem--smartFilterBar-btnBasicSearch","interaction":{"idSuffix":"I"}},"wdio_ui5_key":"applicationmanagepricingrules-display-component---priceInfoItem--smartFilterBar-btnBasicSearch"}]}
RESULT: {"script":"<script> [1562 bytes]","args":[{"selector":{"id":"application-managepricingrules-display-component---priceInfoItem--smartFilterBar-btnBasicSearch","interaction":{"idSuffix":"I"}},"wdio_ui5_key":"applicationmanagepricingrules-display-component---priceInfoItem--smartFilterBar-btnBasicSearch"}]}
RESULT: undefined
COMMAND: POST /session/0b442ebc8f096c4bfeb5c66a52851a3f/execute/async - {"script":"<script> [776 bytes]","args":[{"enterText":"qPdgBM9Gt9","selector":{"id":"application-managepricingrules-display-component---priceInfoItem--smartFilterBar-btnBasicSearch","interaction":{"idSuffix":"I"}},"clearTextFirst":true,"interactionType":"ENTER_TEXT"}]}
RESULT: {"script":"<script> [776 bytes]","args":[{"enterText":"qPdgBM9Gt9","selector":{"id":"application-managepricingrules-display-component---priceInfoItem--smartFilterBar-btnBasicSearch","interaction":{"idSuffix":"I"}},"clearTextFirst":true,"interactionType":"ENTER_TEXT"}]}
COMMAND: POST /session/0b442ebc8f096c4bfeb5c66a52851a3f/actions - {"actions":[{"id":"action30","type":"key","parameters":{},"actions":[{"type":"keyDown","value":"î€‡"},{"type":"pause","duration":10},{"type":"keyUp","value":"î€‡"}]}]}
RESULT: {"actions":[{"id":"action30","type":"key","parameters":{},"actions":[{"type":"keyDown","value":"î€‡"},{"type":"pause","duration":10},{"type":"keyUp","value":"î€‡"}]}]}
COMMAND: GET /session/0b442ebc8f096c4bfeb5c66a52851a3f/screenshot - {}
RESULT: {}
COMMAND: POST /session/0b442ebc8f096c4bfeb5c66a52851a3f/element - {"using":"xpath","value":"//span[@id=\"application-managepricingrules-display-component---priceInfoItem--smartTable-header-inner\"]"}
RESULT: {"using":"xpath","value":"//span[@id=\"application-managepricingrules-display-component---priceInfoItem--smartTable-header-inner\"]"}
COMMAND: POST /session/0b442ebc8f096c4bfeb5c66a52851a3f/elements - {"using":"xpath","value":"//span[@id=\"application-managepricingrules-display-component---priceInfoItem--smartTable-header-inner\"]"}
RESULT: {"using":"xpath","value":"//span[@id=\"application-managepricingrules-display-component---priceInfoItem--smartTable-header-inner\"]"}
COMMAND: POST /session/0b442ebc8f096c4bfeb5c66a52851a3f/execute/sync - {"script":"<script> [56 bytes]","args":[{"element-6066-11e4-a52e-4f735466cecf":"f.9CA8B20795E6D08D18CCAFF067F35E12.d.B16C125153AB1C1D77951059206C36F8.e.9552","ELEMENT":"f.9CA8B20795E6D08D18CCAFF067F35E12.d.B16C125153AB1C1D77951059206C36F8.e.9552"}]}
RESULT: {"script":"<script> [56 bytes]","args":[{"element-6066-11e4-a52e-4f735466cecf":"f.9CA8B20795E6D08D18CCAFF067F35E12.d.B16C125153AB1C1D77951059206C36F8.e.9552","ELEMENT":"f.9CA8B20795E6D08D18CCAFF067F35E12.d.B16C125153AB1C1D77951059206C36F8.e.9552"}]}
COMMAND: POST /session/0b442ebc8f096c4bfeb5c66a52851a3f/element - {"using":"css selector","value":"#shell-header-logo"}
COMMAND: GET /session/0b442ebc8f096c4bfeb5c66a52851a3f/screenshot - {}
RESULT: {"using":"css selector","value":"#shell-header-logo"}
COMMAND: POST /session/0b442ebc8f096c4bfeb5c66a52851a3f/element/f.9CA8B20795E6D08D18CCAFF067F35E12.d.B16C125153AB1C1D77951059206C36F8.e.8581/click - {}
RESULT: {}
RESULT: {}
COMMAND: GET /session/0b442ebc8f096c4bfeb5c66a52851a3f/screenshot - {}
RESULT: {}
]]></system-out>
    </testcase>
    <testcase classname="chrome.135_0_7049_96.windows.Create_master_data_for_mixed_billing_&amp;_do_billing_calculation_US151661" name="Should add one time condition" time="68.655">
      <system-out><![CDATA[
COMMAND: POST /session/0b442ebc8f096c4bfeb5c66a52851a3f/execute/async - {"script":"<script> [1562 bytes]","args":[{"selector":{"controlType":"sap.m.Text","properties":{"text":"Manage Conditions & Prices"},"interaction":{"idSuffix":"inner"}},"wdio_ui5_key":"sapm.Text{\"text\":\"Manage Conditions & Prices\"}"}]}
RESULT: {"script":"<script> [1562 bytes]","args":[{"selector":{"controlType":"sap.m.Text","properties":{"text":"Manage Conditions & Prices"},"interaction":{"idSuffix":"inner"}},"wdio_ui5_key":"sapm.Text{\"text\":\"Manage Conditions & Prices\"}"}]}
RESULT: undefined
COMMAND: POST /session/0b442ebc8f096c4bfeb5c66a52851a3f/element - {"using":"xpath","value":"//*[@id=\"__tile53-title\"]"}
RESULT: {"using":"xpath","value":"//*[@id=\"__tile53-title\"]"}
COMMAND: POST /session/0b442ebc8f096c4bfeb5c66a52851a3f/element/f.9CA8B20795E6D08D18CCAFF067F35E12.d.B16C125153AB1C1D77951059206C36F8.e.9555/click - {}
RESULT: {}
COMMAND: POST /session/0b442ebc8f096c4bfeb5c66a52851a3f/element - {"using":"xpath","value":"//button[@aria-label=\"Create\"]"}
COMMAND: GET /session/0b442ebc8f096c4bfeb5c66a52851a3f/screenshot - {}
RESULT: {"using":"xpath","value":"//button[@aria-label=\"Create\"]"}
COMMAND: POST /session/0b442ebc8f096c4bfeb5c66a52851a3f/elements - {"using":"xpath","value":"//button[@aria-label=\"Create\"]"}
RESULT: {}
RESULT: {"using":"xpath","value":"//button[@aria-label=\"Create\"]"}
COMMAND: POST /session/0b442ebc8f096c4bfeb5c66a52851a3f/elements - {"using":"xpath","value":"//button[@aria-label=\"Create\"]"}
RESULT: {"using":"xpath","value":"//button[@aria-label=\"Create\"]"}
COMMAND: POST /session/0b442ebc8f096c4bfeb5c66a52851a3f/element - {"using":"xpath","value":"//button[@aria-label=\"Create\"]"}
RESULT: {"using":"xpath","value":"//button[@aria-label=\"Create\"]"}
COMMAND: POST /session/0b442ebc8f096c4bfeb5c66a52851a3f/execute/sync - {"script":"<script> [8489 bytes]","args":[{"element-6066-11e4-a52e-4f735466cecf":"f.9CA8B20795E6D08D18CCAFF067F35E12.d.B16C125153AB1C1D77951059206C36F8.e.9590","ELEMENT":"f.9CA8B20795E6D08D18CCAFF067F35E12.d.B16C125153AB1C1D77951059206C36F8.e.9590"}]}
RESULT: {"script":"<script> [8489 bytes]","args":[{"element-6066-11e4-a52e-4f735466cecf":"f.9CA8B20795E6D08D18CCAFF067F35E12.d.B16C125153AB1C1D77951059206C36F8.e.9590","ELEMENT":"f.9CA8B20795E6D08D18CCAFF067F35E12.d.B16C125153AB1C1D77951059206C36F8.e.9590"}]}
COMMAND: GET /session/0b442ebc8f096c4bfeb5c66a52851a3f/element/f.9CA8B20795E6D08D18CCAFF067F35E12.d.B16C125153AB1C1D77951059206C36F8.e.9590/enabled - {}
COMMAND: GET /session/0b442ebc8f096c4bfeb5c66a52851a3f/screenshot - {}
RESULT: {}
COMMAND: POST /session/0b442ebc8f096c4bfeb5c66a52851a3f/execute/sync - {"script":"<script> [8489 bytes]","args":[{"element-6066-11e4-a52e-4f735466cecf":"f.9CA8B20795E6D08D18CCAFF067F35E12.d.B16C125153AB1C1D77951059206C36F8.e.9590","ELEMENT":"f.9CA8B20795E6D08D18CCAFF067F35E12.d.B16C125153AB1C1D77951059206C36F8.e.9590"}]}
COMMAND: GET /session/0b442ebc8f096c4bfeb5c66a52851a3f/screenshot - {}
RESULT: {}
RESULT: {"script":"<script> [8489 bytes]","args":[{"element-6066-11e4-a52e-4f735466cecf":"f.9CA8B20795E6D08D18CCAFF067F35E12.d.B16C125153AB1C1D77951059206C36F8.e.9590","ELEMENT":"f.9CA8B20795E6D08D18CCAFF067F35E12.d.B16C125153AB1C1D77951059206C36F8.e.9590"}]}
COMMAND: POST /session/0b442ebc8f096c4bfeb5c66a52851a3f/execute/sync - {"script":"<script> [5351 bytes]","args":[{"element-6066-11e4-a52e-4f735466cecf":"f.9CA8B20795E6D08D18CCAFF067F35E12.d.B16C125153AB1C1D77951059206C36F8.e.9590","ELEMENT":"f.9CA8B20795E6D08D18CCAFF067F35E12.d.B16C125153AB1C1D77951059206C36F8.e.9590"}]}
COMMAND: GET /session/0b442ebc8f096c4bfeb5c66a52851a3f/screenshot - {}
RESULT: {}
RESULT: {"script":"<script> [5351 bytes]","args":[{"element-6066-11e4-a52e-4f735466cecf":"f.9CA8B20795E6D08D18CCAFF067F35E12.d.B16C125153AB1C1D77951059206C36F8.e.9590","ELEMENT":"f.9CA8B20795E6D08D18CCAFF067F35E12.d.B16C125153AB1C1D77951059206C36F8.e.9590"}]}
COMMAND: POST /session/0b442ebc8f096c4bfeb5c66a52851a3f/element/f.9CA8B20795E6D08D18CCAFF067F35E12.d.B16C125153AB1C1D77951059206C36F8.e.9590/click - {}
COMMAND: GET /session/0b442ebc8f096c4bfeb5c66a52851a3f/screenshot - {}
RESULT: {}
RESULT: {}
COMMAND: GET /session/0b442ebc8f096c4bfeb5c66a52851a3f/screenshot - {}
RESULT: {}
RESULT: {}
COMMAND: POST /session/0b442ebc8f096c4bfeb5c66a52851a3f/actions - {"actions":[{"id":"action31","type":"key","parameters":{},"actions":[{"type":"keyDown","value":"î€‡"},{"type":"pause","duration":10},{"type":"keyUp","value":"î€‡"}]}]}
RESULT: {"actions":[{"id":"action31","type":"key","parameters":{},"actions":[{"type":"keyDown","value":"î€‡"},{"type":"pause","duration":10},{"type":"keyUp","value":"î€‡"}]}]}
COMMAND: GET /session/0b442ebc8f096c4bfeb5c66a52851a3f/screenshot - {}
RESULT: {}
COMMAND: POST /session/0b442ebc8f096c4bfeb5c66a52851a3f/execute/async - {"script":"<script> [1562 bytes]","args":[{"selector":{"id":"application-manageconditionprice-display-component---newCondition--condBillCond-arrow"},"wdio_ui5_key":"applicationmanageconditionprice-display-component---newCondition--condBillCond-arrow"}]}
RESULT: {"script":"<script> [1562 bytes]","args":[{"selector":{"id":"application-manageconditionprice-display-component---newCondition--condBillCond-arrow"},"wdio_ui5_key":"applicationmanageconditionprice-display-component---newCondition--condBillCond-arrow"}]}
RESULT: undefined
COMMAND: POST /session/0b442ebc8f096c4bfeb5c66a52851a3f/element - {"using":"xpath","value":"//*[@id=\"application-manageconditionprice-display-component---newCondition--condBillCond-arrow\"]"}
RESULT: {"using":"xpath","value":"//*[@id=\"application-manageconditionprice-display-component---newCondition--condBillCond-arrow\"]"}
COMMAND: POST /session/0b442ebc8f096c4bfeb5c66a52851a3f/element/f.9CA8B20795E6D08D18CCAFF067F35E12.d.B16C125153AB1C1D77951059206C36F8.e.9772/click - {}
RESULT: {}
COMMAND: GET /session/0b442ebc8f096c4bfeb5c66a52851a3f/screenshot - {}
RESULT: {}
COMMAND: POST /session/0b442ebc8f096c4bfeb5c66a52851a3f/element - {"using":"xpath","value":"//li[.//span[contains(text(), \"SAPR - Sales price\")]]"}
RESULT: {"using":"xpath","value":"//li[.//span[contains(text(), \"SAPR - Sales price\")]]"}
COMMAND: POST /session/0b442ebc8f096c4bfeb5c66a52851a3f/element/f.9CA8B20795E6D08D18CCAFF067F35E12.d.B16C125153AB1C1D77951059206C36F8.e.9776/click - {}
RESULT: {}
COMMAND: GET /session/0b442ebc8f096c4bfeb5c66a52851a3f/screenshot - {}
RESULT: {}
COMMAND: POST /session/0b442ebc8f096c4bfeb5c66a52851a3f/execute/async - {"script":"<script> [1562 bytes]","args":[{"selector":{"id":"application-manageconditionprice-display-component---newCondition--condValidTo","interaction":{"idSuffix":"inner"}},"wdio_ui5_key":"applicationmanageconditionprice-display-component---newCondition--condValidTo"}]}
RESULT: {"script":"<script> [1562 bytes]","args":[{"selector":{"id":"application-manageconditionprice-display-component---newCondition--condValidTo","interaction":{"idSuffix":"inner"}},"wdio_ui5_key":"applicationmanageconditionprice-display-component---newCondition--condValidTo"}]}
RESULT: undefined
COMMAND: POST /session/0b442ebc8f096c4bfeb5c66a52851a3f/execute/async - {"script":"<script> [776 bytes]","args":[{"enterText":"01/06/26","selector":{"id":"application-manageconditionprice-display-component---newCondition--condValidTo","interaction":{"idSuffix":"inner"}},"clearTextFirst":true,"interactionType":"ENTER_TEXT"}]}
RESULT: {"script":"<script> [776 bytes]","args":[{"enterText":"01/06/26","selector":{"id":"application-manageconditionprice-display-component---newCondition--condValidTo","interaction":{"idSuffix":"inner"}},"clearTextFirst":true,"interactionType":"ENTER_TEXT"}]}
COMMAND: POST /session/0b442ebc8f096c4bfeb5c66a52851a3f/element - {"using":"xpath","value":"//input[@id=\"application-manageconditionprice-display-component---newCondition--condRU-inner\"]"}
RESULT: {"using":"xpath","value":"//input[@id=\"application-manageconditionprice-display-component---newCondition--condRU-inner\"]"}
COMMAND: POST /session/0b442ebc8f096c4bfeb5c66a52851a3f/element/f.9CA8B20795E6D08D18CCAFF067F35E12.d.B16C125153AB1C1D77951059206C36F8.e.9606/clear - {}
RESULT: {}
COMMAND: POST /session/0b442ebc8f096c4bfeb5c66a52851a3f/element/f.9CA8B20795E6D08D18CCAFF067F35E12.d.B16C125153AB1C1D77951059206C36F8.e.9606/value - {"text":"qPdgBM9Gt9"}
COMMAND: GET /session/0b442ebc8f096c4bfeb5c66a52851a3f/screenshot - {}
RESULT: {"text":"qPdgBM9Gt9"}
COMMAND: GET /session/0b442ebc8f096c4bfeb5c66a52851a3f/screenshot - {}
RESULT: {}
RESULT: {}
COMMAND: POST /session/0b442ebc8f096c4bfeb5c66a52851a3f/actions - {"actions":[{"id":"action32","type":"key","parameters":{},"actions":[{"type":"keyDown","value":"î€‡"},{"type":"pause","duration":10},{"type":"keyUp","value":"î€‡"}]}]}
RESULT: {"actions":[{"id":"action32","type":"key","parameters":{},"actions":[{"type":"keyDown","value":"î€‡"},{"type":"pause","duration":10},{"type":"keyUp","value":"î€‡"}]}]}
COMMAND: POST /session/0b442ebc8f096c4bfeb5c66a52851a3f/execute/async - {"script":"<script> [1562 bytes]","args":[{"selector":{"id":"application-manageconditionprice-display-component---newCondition--condBaseQty","interaction":{"idSuffix":"inner"}},"wdio_ui5_key":"applicationmanageconditionprice-display-component---newCondition--condBaseQty"}]}
COMMAND: GET /session/0b442ebc8f096c4bfeb5c66a52851a3f/screenshot - {}
RESULT: {"script":"<script> [1562 bytes]","args":[{"selector":{"id":"application-manageconditionprice-display-component---newCondition--condBaseQty","interaction":{"idSuffix":"inner"}},"wdio_ui5_key":"applicationmanageconditionprice-display-component---newCondition--condBaseQty"}]}
RESULT: undefined
COMMAND: POST /session/0b442ebc8f096c4bfeb5c66a52851a3f/execute/async - {"script":"<script> [776 bytes]","args":[{"enterText":"1","selector":{"id":"application-manageconditionprice-display-component---newCondition--condBaseQty","interaction":{"idSuffix":"inner"}},"clearTextFirst":true,"interactionType":"ENTER_TEXT"}]}
RESULT: {}
RESULT: {"script":"<script> [776 bytes]","args":[{"enterText":"1","selector":{"id":"application-manageconditionprice-display-component---newCondition--condBaseQty","interaction":{"idSuffix":"inner"}},"clearTextFirst":true,"interactionType":"ENTER_TEXT"}]}
COMMAND: POST /session/0b442ebc8f096c4bfeb5c66a52851a3f/execute/async - {"script":"<script> [1562 bytes]","args":[{"selector":{"id":"application-manageconditionprice-display-component---newCondition--condValue","interaction":{"idSuffix":"inner"}},"wdio_ui5_key":"applicationmanageconditionprice-display-component---newCondition--condValue"}]}
RESULT: {"script":"<script> [1562 bytes]","args":[{"selector":{"id":"application-manageconditionprice-display-component---newCondition--condValue","interaction":{"idSuffix":"inner"}},"wdio_ui5_key":"applicationmanageconditionprice-display-component---newCondition--condValue"}]}
RESULT: undefined
COMMAND: POST /session/0b442ebc8f096c4bfeb5c66a52851a3f/execute/async - {"script":"<script> [776 bytes]","args":[{"enterText":"200","selector":{"id":"application-manageconditionprice-display-component---newCondition--condValue","interaction":{"idSuffix":"inner"}},"clearTextFirst":true,"interactionType":"ENTER_TEXT"}]}
RESULT: {"script":"<script> [776 bytes]","args":[{"enterText":"200","selector":{"id":"application-manageconditionprice-display-component---newCondition--condValue","interaction":{"idSuffix":"inner"}},"clearTextFirst":true,"interactionType":"ENTER_TEXT"}]}
COMMAND: POST /session/0b442ebc8f096c4bfeb5c66a52851a3f/execute/async - {"script":"<script> [1562 bytes]","args":[{"selector":{"id":"application-manageconditionprice-display-component---newCondition--condCurr-arrow"},"wdio_ui5_key":"applicationmanageconditionprice-display-component---newCondition--condCurr-arrow"}]}
RESULT: {"script":"<script> [1562 bytes]","args":[{"selector":{"id":"application-manageconditionprice-display-component---newCondition--condCurr-arrow"},"wdio_ui5_key":"applicationmanageconditionprice-display-component---newCondition--condCurr-arrow"}]}
RESULT: undefined
COMMAND: POST /session/0b442ebc8f096c4bfeb5c66a52851a3f/element - {"using":"xpath","value":"//*[@id=\"application-manageconditionprice-display-component---newCondition--condCurr-arrow\"]"}
RESULT: {"using":"xpath","value":"//*[@id=\"application-manageconditionprice-display-component---newCondition--condCurr-arrow\"]"}
COMMAND: POST /session/0b442ebc8f096c4bfeb5c66a52851a3f/element/f.9CA8B20795E6D08D18CCAFF067F35E12.d.B16C125153AB1C1D77951059206C36F8.e.9750/click - {}
RESULT: {}
COMMAND: POST /session/0b442ebc8f096c4bfeb5c66a52851a3f/element - {"using":"xpath","value":"//span[contains(text(), \"Euro\")]"}
COMMAND: GET /session/0b442ebc8f096c4bfeb5c66a52851a3f/screenshot - {}
RESULT: {"using":"xpath","value":"//span[contains(text(), \"Euro\")]"}
COMMAND: POST /session/0b442ebc8f096c4bfeb5c66a52851a3f/element/f.9CA8B20795E6D08D18CCAFF067F35E12.d.B16C125153AB1C1D77951059206C36F8.e.9814/click - {}
RESULT: {}
RESULT: {}
COMMAND: POST /session/0b442ebc8f096c4bfeb5c66a52851a3f/element - {"using":"xpath","value":"//button[@data-kt=\"saveButton\"]"}
COMMAND: GET /session/0b442ebc8f096c4bfeb5c66a52851a3f/screenshot - {}
RESULT: {"using":"xpath","value":"//button[@data-kt=\"saveButton\"]"}
COMMAND: POST /session/0b442ebc8f096c4bfeb5c66a52851a3f/element/f.9CA8B20795E6D08D18CCAFF067F35E12.d.B16C125153AB1C1D77951059206C36F8.e.9751/click - {}
RESULT: {}
RESULT: {}
COMMAND: GET /session/0b442ebc8f096c4bfeb5c66a52851a3f/screenshot - {}
RESULT: {}
COMMAND: POST /session/0b442ebc8f096c4bfeb5c66a52851a3f/execute/async - {"script":"<script> [1562 bytes]","args":[{"selector":{"id":"application-manageconditionprice-display-component---conditions--smartFilterBar-btnBasicSearch","interaction":{"idSuffix":"I"}},"wdio_ui5_key":"applicationmanageconditionprice-display-component---conditions--smartFilterBar-btnBasicSearch"}]}
RESULT: {"script":"<script> [1562 bytes]","args":[{"selector":{"id":"application-manageconditionprice-display-component---conditions--smartFilterBar-btnBasicSearch","interaction":{"idSuffix":"I"}},"wdio_ui5_key":"applicationmanageconditionprice-display-component---conditions--smartFilterBar-btnBasicSearch"}]}
RESULT: undefined
COMMAND: POST /session/0b442ebc8f096c4bfeb5c66a52851a3f/execute/async - {"script":"<script> [776 bytes]","args":[{"enterText":"qPdgBM9Gt9","selector":{"id":"application-manageconditionprice-display-component---conditions--smartFilterBar-btnBasicSearch","interaction":{"idSuffix":"I"}},"clearTextFirst":true,"interactionType":"ENTER_TEXT"}]}
RESULT: {"script":"<script> [776 bytes]","args":[{"enterText":"qPdgBM9Gt9","selector":{"id":"application-manageconditionprice-display-component---conditions--smartFilterBar-btnBasicSearch","interaction":{"idSuffix":"I"}},"clearTextFirst":true,"interactionType":"ENTER_TEXT"}]}
COMMAND: POST /session/0b442ebc8f096c4bfeb5c66a52851a3f/actions - {"actions":[{"id":"action33","type":"key","parameters":{},"actions":[{"type":"keyDown","value":"î€‡"},{"type":"pause","duration":10},{"type":"keyUp","value":"î€‡"}]}]}
RESULT: {"actions":[{"id":"action33","type":"key","parameters":{},"actions":[{"type":"keyDown","value":"î€‡"},{"type":"pause","duration":10},{"type":"keyUp","value":"î€‡"}]}]}
COMMAND: GET /session/0b442ebc8f096c4bfeb5c66a52851a3f/screenshot - {}
RESULT: {}
COMMAND: POST /session/0b442ebc8f096c4bfeb5c66a52851a3f/execute/async - {"script":"<script> [1562 bytes]","args":[{"selector":{"id":"application-manageconditionprice-display-component---conditions--smartFilterBar-filterItemControl_BASIC-BILL_TYPES-vhi"},"wdio_ui5_key":"applicationmanageconditionprice-display-component---conditions--smartFilterBar-filterItemControl_BASIC-BILL_TYPES-vhi"}]}
RESULT: {"script":"<script> [1562 bytes]","args":[{"selector":{"id":"application-manageconditionprice-display-component---conditions--smartFilterBar-filterItemControl_BASIC-BILL_TYPES-vhi"},"wdio_ui5_key":"applicationmanageconditionprice-display-component---conditions--smartFilterBar-filterItemControl_BASIC-BILL_TYPES-vhi"}]}
RESULT: undefined
COMMAND: POST /session/0b442ebc8f096c4bfeb5c66a52851a3f/element - {"using":"xpath","value":"//*[@id=\"application-manageconditionprice-display-component---conditions--smartFilterBar-filterItemControl_BASIC-BILL_TYPES-vhi\"]"}
RESULT: {"using":"xpath","value":"//*[@id=\"application-manageconditionprice-display-component---conditions--smartFilterBar-filterItemControl_BASIC-BILL_TYPES-vhi\"]"}
COMMAND: POST /session/0b442ebc8f096c4bfeb5c66a52851a3f/element/f.9CA8B20795E6D08D18CCAFF067F35E12.d.B16C125153AB1C1D77951059206C36F8.e.9914/click - {}
RESULT: {}
COMMAND: POST /session/0b442ebc8f096c4bfeb5c66a52851a3f/execute/async - {"script":"<script> [1562 bytes]","args":[{"selector":{"id":"application-manageconditionprice-display-component---conditions--smartFilterBar-filterItemControl_BASIC-BILL_TYPES-valueHelpDialog-smartFilterBar-btnBasicSearch","searchOpenDialogs":true,"interaction":{"idSuffix":"I"}},"wdio_ui5_key":"applicationmanageconditionprice-display-component---conditions--smartFilterBar-filterItemControl_BASIC-BILL_TYPES-valueHelpDialog-smartFilterBar-btnBasicSearch"}]}
COMMAND: GET /session/0b442ebc8f096c4bfeb5c66a52851a3f/screenshot - {}
RESULT: {"script":"<script> [1562 bytes]","args":[{"selector":{"id":"application-manageconditionprice-display-component---conditions--smartFilterBar-filterItemControl_BASIC-BILL_TYPES-valueHelpDialog-smartFilterBar-btnBasicSearch","searchOpenDialogs":true,"interaction":{"idSuffix":"I"}},"wdio_ui5_key":"applicationmanageconditionprice-display-component---conditions--smartFilterBar-filterItemControl_BASIC-BILL_TYPES-valueHelpDialog-smartFilterBar-btnBasicSearch"}]}
RESULT: undefined
COMMAND: POST /session/0b442ebc8f096c4bfeb5c66a52851a3f/execute/async - {"script":"<script> [776 bytes]","args":[{"enterText":"one","selector":{"id":"application-manageconditionprice-display-component---conditions--smartFilterBar-filterItemControl_BASIC-BILL_TYPES-valueHelpDialog-smartFilterBar-btnBasicSearch","searchOpenDialogs":true,"interaction":{"idSuffix":"I"}},"clearTextFirst":true,"interactionType":"ENTER_TEXT"}]}
RESULT: {}
RESULT: {"script":"<script> [776 bytes]","args":[{"enterText":"one","selector":{"id":"application-manageconditionprice-display-component---conditions--smartFilterBar-filterItemControl_BASIC-BILL_TYPES-valueHelpDialog-smartFilterBar-btnBasicSearch","searchOpenDialogs":true,"interaction":{"idSuffix":"I"}},"clearTextFirst":true,"interactionType":"ENTER_TEXT"}]}
COMMAND: POST /session/0b442ebc8f096c4bfeb5c66a52851a3f/actions - {"actions":[{"id":"action34","type":"key","parameters":{},"actions":[{"type":"keyDown","value":"î€‡"},{"type":"pause","duration":10},{"type":"keyUp","value":"î€‡"}]}]}
RESULT: {"actions":[{"id":"action34","type":"key","parameters":{},"actions":[{"type":"keyDown","value":"î€‡"},{"type":"pause","duration":10},{"type":"keyUp","value":"î€‡"}]}]}
COMMAND: GET /session/0b442ebc8f096c4bfeb5c66a52851a3f/screenshot - {}
RESULT: {}
COMMAND: POST /session/0b442ebc8f096c4bfeb5c66a52851a3f/element - {"using":"xpath","value":"//div[contains(@id, 'application-manageconditionprice-display-component---conditions--smartFilterBar-filterItemControl_BASIC-BILL_TYPES-valueHelpDialog-table-rowsel0')]"}
RESULT: {"using":"xpath","value":"//div[contains(@id, 'application-manageconditionprice-display-component---conditions--smartFilterBar-filterItemControl_BASIC-BILL_TYPES-valueHelpDialog-table-rowsel0')]"}
COMMAND: POST /session/0b442ebc8f096c4bfeb5c66a52851a3f/element/f.9CA8B20795E6D08D18CCAFF067F35E12.d.B16C125153AB1C1D77951059206C36F8.e.9924/click - {}
RESULT: {}
COMMAND: GET /session/0b442ebc8f096c4bfeb5c66a52851a3f/screenshot - {}
RESULT: {}
COMMAND: POST /session/0b442ebc8f096c4bfeb5c66a52851a3f/element - {"using":"xpath","value":"//bdi[contains(text(), \"OK\")]"}
RESULT: {"using":"xpath","value":"//bdi[contains(text(), \"OK\")]"}
COMMAND: POST /session/0b442ebc8f096c4bfeb5c66a52851a3f/element/f.9CA8B20795E6D08D18CCAFF067F35E12.d.B16C125153AB1C1D77951059206C36F8.e.9926/click - {}
RESULT: {}
COMMAND: GET /session/0b442ebc8f096c4bfeb5c66a52851a3f/screenshot - {}
RESULT: {}
COMMAND: POST /session/0b442ebc8f096c4bfeb5c66a52851a3f/element - {"using":"xpath","value":"//span[@id=\"application-manageconditionprice-display-component---conditions--smartTable-header-inner\"]"}
RESULT: {"using":"xpath","value":"//span[@id=\"application-manageconditionprice-display-component---conditions--smartTable-header-inner\"]"}
COMMAND: POST /session/0b442ebc8f096c4bfeb5c66a52851a3f/elements - {"using":"xpath","value":"//span[@id=\"application-manageconditionprice-display-component---conditions--smartTable-header-inner\"]"}
RESULT: {"using":"xpath","value":"//span[@id=\"application-manageconditionprice-display-component---conditions--smartTable-header-inner\"]"}
COMMAND: POST /session/0b442ebc8f096c4bfeb5c66a52851a3f/execute/sync - {"script":"<script> [56 bytes]","args":[{"element-6066-11e4-a52e-4f735466cecf":"f.9CA8B20795E6D08D18CCAFF067F35E12.d.B16C125153AB1C1D77951059206C36F8.e.9929","ELEMENT":"f.9CA8B20795E6D08D18CCAFF067F35E12.d.B16C125153AB1C1D77951059206C36F8.e.9929"}]}
RESULT: {"script":"<script> [56 bytes]","args":[{"element-6066-11e4-a52e-4f735466cecf":"f.9CA8B20795E6D08D18CCAFF067F35E12.d.B16C125153AB1C1D77951059206C36F8.e.9929","ELEMENT":"f.9CA8B20795E6D08D18CCAFF067F35E12.d.B16C125153AB1C1D77951059206C36F8.e.9929"}]}
COMMAND: POST /session/0b442ebc8f096c4bfeb5c66a52851a3f/element - {"using":"css selector","value":"#shell-header-logo"}
COMMAND: GET /session/0b442ebc8f096c4bfeb5c66a52851a3f/screenshot - {}
RESULT: {"using":"css selector","value":"#shell-header-logo"}
COMMAND: POST /session/0b442ebc8f096c4bfeb5c66a52851a3f/element/f.9CA8B20795E6D08D18CCAFF067F35E12.d.B16C125153AB1C1D77951059206C36F8.e.9557/click - {}
RESULT: {}
RESULT: {}
COMMAND: GET /session/0b442ebc8f096c4bfeb5c66a52851a3f/screenshot - {}
RESULT: {}
]]></system-out>
    </testcase>
    <testcase classname="chrome.135_0_7049_96.windows.Create_master_data_for_mixed_billing_&amp;_do_billing_calculation_US151661" name="Should add performance based condition" time="78.607">
      <system-out><![CDATA[
RESULT: undefined
COMMAND: POST /session/0b442ebc8f096c4bfeb5c66a52851a3f/element - {"using":"xpath","value":"//*[@id=\"__tile53-title\"]"}
RESULT: {"using":"xpath","value":"//*[@id=\"__tile53-title\"]"}
COMMAND: POST /session/0b442ebc8f096c4bfeb5c66a52851a3f/element/f.9CA8B20795E6D08D18CCAFF067F35E12.d.B16C125153AB1C1D77951059206C36F8.e.9555/click - {}
RESULT: {}
COMMAND: POST /session/0b442ebc8f096c4bfeb5c66a52851a3f/element - {"using":"xpath","value":"//button[@aria-label=\"Create\"]"}
COMMAND: GET /session/0b442ebc8f096c4bfeb5c66a52851a3f/screenshot - {}
RESULT: {"using":"xpath","value":"//button[@aria-label=\"Create\"]"}
COMMAND: POST /session/0b442ebc8f096c4bfeb5c66a52851a3f/elements - {"using":"xpath","value":"//button[@aria-label=\"Create\"]"}
RESULT: {}
RESULT: {"using":"xpath","value":"//button[@aria-label=\"Create\"]"}
COMMAND: POST /session/0b442ebc8f096c4bfeb5c66a52851a3f/execute/sync - {"script":"<script> [8489 bytes]","args":[{"element-6066-11e4-a52e-4f735466cecf":"f.9CA8B20795E6D08D18CCAFF067F35E12.d.B16C125153AB1C1D77951059206C36F8.e.9970","ELEMENT":"f.9CA8B20795E6D08D18CCAFF067F35E12.d.B16C125153AB1C1D77951059206C36F8.e.9970"}]}
RESULT: {"script":"<script> [8489 bytes]","args":[{"element-6066-11e4-a52e-4f735466cecf":"f.9CA8B20795E6D08D18CCAFF067F35E12.d.B16C125153AB1C1D77951059206C36F8.e.9970","ELEMENT":"f.9CA8B20795E6D08D18CCAFF067F35E12.d.B16C125153AB1C1D77951059206C36F8.e.9970"}]}
COMMAND: GET /session/0b442ebc8f096c4bfeb5c66a52851a3f/element/f.9CA8B20795E6D08D18CCAFF067F35E12.d.B16C125153AB1C1D77951059206C36F8.e.9970/enabled - {}
COMMAND: GET /session/0b442ebc8f096c4bfeb5c66a52851a3f/screenshot - {}
RESULT: {}
COMMAND: POST /session/0b442ebc8f096c4bfeb5c66a52851a3f/execute/sync - {"script":"<script> [8489 bytes]","args":[{"element-6066-11e4-a52e-4f735466cecf":"f.9CA8B20795E6D08D18CCAFF067F35E12.d.B16C125153AB1C1D77951059206C36F8.e.9970","ELEMENT":"f.9CA8B20795E6D08D18CCAFF067F35E12.d.B16C125153AB1C1D77951059206C36F8.e.9970"}]}
COMMAND: GET /session/0b442ebc8f096c4bfeb5c66a52851a3f/screenshot - {}
RESULT: {}
RESULT: {"script":"<script> [8489 bytes]","args":[{"element-6066-11e4-a52e-4f735466cecf":"f.9CA8B20795E6D08D18CCAFF067F35E12.d.B16C125153AB1C1D77951059206C36F8.e.9970","ELEMENT":"f.9CA8B20795E6D08D18CCAFF067F35E12.d.B16C125153AB1C1D77951059206C36F8.e.9970"}]}
COMMAND: POST /session/0b442ebc8f096c4bfeb5c66a52851a3f/execute/sync - {"script":"<script> [5351 bytes]","args":[{"element-6066-11e4-a52e-4f735466cecf":"f.9CA8B20795E6D08D18CCAFF067F35E12.d.B16C125153AB1C1D77951059206C36F8.e.9970","ELEMENT":"f.9CA8B20795E6D08D18CCAFF067F35E12.d.B16C125153AB1C1D77951059206C36F8.e.9970"}]}
COMMAND: GET /session/0b442ebc8f096c4bfeb5c66a52851a3f/screenshot - {}
RESULT: {}
RESULT: {"script":"<script> [5351 bytes]","args":[{"element-6066-11e4-a52e-4f735466cecf":"f.9CA8B20795E6D08D18CCAFF067F35E12.d.B16C125153AB1C1D77951059206C36F8.e.9970","ELEMENT":"f.9CA8B20795E6D08D18CCAFF067F35E12.d.B16C125153AB1C1D77951059206C36F8.e.9970"}]}
COMMAND: POST /session/0b442ebc8f096c4bfeb5c66a52851a3f/element/f.9CA8B20795E6D08D18CCAFF067F35E12.d.B16C125153AB1C1D77951059206C36F8.e.9970/click - {}
COMMAND: GET /session/0b442ebc8f096c4bfeb5c66a52851a3f/screenshot - {}
RESULT: {}
RESULT: {}
COMMAND: GET /session/0b442ebc8f096c4bfeb5c66a52851a3f/screenshot - {}
RESULT: {}
RESULT: {}
COMMAND: POST /session/0b442ebc8f096c4bfeb5c66a52851a3f/actions - {"actions":[{"id":"action35","type":"key","parameters":{},"actions":[{"type":"keyDown","value":"î€‡"},{"type":"pause","duration":10},{"type":"keyUp","value":"î€‡"}]}]}
RESULT: {"actions":[{"id":"action35","type":"key","parameters":{},"actions":[{"type":"keyDown","value":"î€‡"},{"type":"pause","duration":10},{"type":"keyUp","value":"î€‡"}]}]}
COMMAND: GET /session/0b442ebc8f096c4bfeb5c66a52851a3f/screenshot - {}
RESULT: undefined
COMMAND: POST /session/0b442ebc8f096c4bfeb5c66a52851a3f/element - {"using":"xpath","value":"//*[@id=\"application-manageconditionprice-display-component---newCondition--condBillCond-arrow\"]"}
RESULT: {}
RESULT: {"using":"xpath","value":"//*[@id=\"application-manageconditionprice-display-component---newCondition--condBillCond-arrow\"]"}
COMMAND: POST /session/0b442ebc8f096c4bfeb5c66a52851a3f/element/f.9CA8B20795E6D08D18CCAFF067F35E12.d.B16C125153AB1C1D77951059206C36F8.e.10455/click - {}
RESULT: {}
COMMAND: GET /session/0b442ebc8f096c4bfeb5c66a52851a3f/screenshot - {}
RESULT: {}
COMMAND: POST /session/0b442ebc8f096c4bfeb5c66a52851a3f/element - {"using":"xpath","value":"//li[.//span[contains(text(), \"PC06 - Performance Price - fuel\")]]"}
RESULT: {"using":"xpath","value":"//li[.//span[contains(text(), \"PC06 - Performance Price - fuel\")]]"}
COMMAND: POST /session/0b442ebc8f096c4bfeb5c66a52851a3f/element/f.9CA8B20795E6D08D18CCAFF067F35E12.d.B16C125153AB1C1D77951059206C36F8.e.10458/click - {}
RESULT: {}
COMMAND: GET /session/0b442ebc8f096c4bfeb5c66a52851a3f/screenshot - {}
RESULT: {}
RESULT: undefined
COMMAND: POST /session/0b442ebc8f096c4bfeb5c66a52851a3f/execute/async - {"script":"<script> [776 bytes]","args":[{"enterText":"01/06/26","selector":{"id":"application-manageconditionprice-display-component---newCondition--condValidTo","interaction":{"idSuffix":"inner"}},"clearTextFirst":true,"interactionType":"ENTER_TEXT"}]}
RESULT: {"script":"<script> [776 bytes]","args":[{"enterText":"01/06/26","selector":{"id":"application-manageconditionprice-display-component---newCondition--condValidTo","interaction":{"idSuffix":"inner"}},"clearTextFirst":true,"interactionType":"ENTER_TEXT"}]}
COMMAND: POST /session/0b442ebc8f096c4bfeb5c66a52851a3f/element - {"using":"xpath","value":"//input[@id=\"application-manageconditionprice-display-component---newCondition--condRU-inner\"]"}
RESULT: {"using":"xpath","value":"//input[@id=\"application-manageconditionprice-display-component---newCondition--condRU-inner\"]"}
COMMAND: POST /session/0b442ebc8f096c4bfeb5c66a52851a3f/element/f.9CA8B20795E6D08D18CCAFF067F35E12.d.B16C125153AB1C1D77951059206C36F8.e.10176/clear - {}
RESULT: {}
COMMAND: POST /session/0b442ebc8f096c4bfeb5c66a52851a3f/element/f.9CA8B20795E6D08D18CCAFF067F35E12.d.B16C125153AB1C1D77951059206C36F8.e.10176/value - {"text":"qPdgBM9Gt9"}
COMMAND: GET /session/0b442ebc8f096c4bfeb5c66a52851a3f/screenshot - {}
RESULT: {"text":"qPdgBM9Gt9"}
COMMAND: GET /session/0b442ebc8f096c4bfeb5c66a52851a3f/screenshot - {}
RESULT: {}
RESULT: {}
COMMAND: POST /session/0b442ebc8f096c4bfeb5c66a52851a3f/actions - {"actions":[{"id":"action36","type":"key","parameters":{},"actions":[{"type":"keyDown","value":"î€‡"},{"type":"pause","duration":10},{"type":"keyUp","value":"î€‡"}]}]}
RESULT: {"actions":[{"id":"action36","type":"key","parameters":{},"actions":[{"type":"keyDown","value":"î€‡"},{"type":"pause","duration":10},{"type":"keyUp","value":"î€‡"}]}]}
RESULT: undefined
COMMAND: POST /session/0b442ebc8f096c4bfeb5c66a52851a3f/execute/async - {"script":"<script> [776 bytes]","args":[{"enterText":"1","selector":{"id":"application-manageconditionprice-display-component---newCondition--condBaseQty","interaction":{"idSuffix":"inner"}},"clearTextFirst":true,"interactionType":"ENTER_TEXT"}]}
COMMAND: GET /session/0b442ebc8f096c4bfeb5c66a52851a3f/screenshot - {}
RESULT: {"script":"<script> [776 bytes]","args":[{"enterText":"1","selector":{"id":"application-manageconditionprice-display-component---newCondition--condBaseQty","interaction":{"idSuffix":"inner"}},"clearTextFirst":true,"interactionType":"ENTER_TEXT"}]}
RESULT: undefined
COMMAND: POST /session/0b442ebc8f096c4bfeb5c66a52851a3f/execute/async - {"script":"<script> [776 bytes]","args":[{"enterText":"10","selector":{"id":"application-manageconditionprice-display-component---newCondition--condValue","interaction":{"idSuffix":"inner"}},"clearTextFirst":true,"interactionType":"ENTER_TEXT"}]}
RESULT: {}
RESULT: {"script":"<script> [776 bytes]","args":[{"enterText":"10","selector":{"id":"application-manageconditionprice-display-component---newCondition--condValue","interaction":{"idSuffix":"inner"}},"clearTextFirst":true,"interactionType":"ENTER_TEXT"}]}
RESULT: undefined
COMMAND: POST /session/0b442ebc8f096c4bfeb5c66a52851a3f/element - {"using":"xpath","value":"//*[@id=\"application-manageconditionprice-display-component---newCondition--condCurr-arrow\"]"}
RESULT: {"using":"xpath","value":"//*[@id=\"application-manageconditionprice-display-component---newCondition--condCurr-arrow\"]"}
COMMAND: POST /session/0b442ebc8f096c4bfeb5c66a52851a3f/element/f.9CA8B20795E6D08D18CCAFF067F35E12.d.B16C125153AB1C1D77951059206C36F8.e.10397/click - {}
RESULT: {}
COMMAND: POST /session/0b442ebc8f096c4bfeb5c66a52851a3f/element - {"using":"xpath","value":"//span[contains(text(), \"Euro\")]"}
COMMAND: GET /session/0b442ebc8f096c4bfeb5c66a52851a3f/screenshot - {}
RESULT: {"using":"xpath","value":"//span[contains(text(), \"Euro\")]"}
COMMAND: POST /session/0b442ebc8f096c4bfeb5c66a52851a3f/element/f.9CA8B20795E6D08D18CCAFF067F35E12.d.B16C125153AB1C1D77951059206C36F8.e.10491/click - {}
RESULT: {}
RESULT: {}
COMMAND: POST /session/0b442ebc8f096c4bfeb5c66a52851a3f/element - {"using":"xpath","value":"//button[@data-kt=\"saveButton\"]"}
COMMAND: GET /session/0b442ebc8f096c4bfeb5c66a52851a3f/screenshot - {}
RESULT: {"using":"xpath","value":"//button[@data-kt=\"saveButton\"]"}
COMMAND: POST /session/0b442ebc8f096c4bfeb5c66a52851a3f/element/f.9CA8B20795E6D08D18CCAFF067F35E12.d.B16C125153AB1C1D77951059206C36F8.e.10398/click - {}
RESULT: {}
RESULT: {}
COMMAND: GET /session/0b442ebc8f096c4bfeb5c66a52851a3f/screenshot - {}
RESULT: {}
RESULT: undefined
COMMAND: POST /session/0b442ebc8f096c4bfeb5c66a52851a3f/execute/async - {"script":"<script> [776 bytes]","args":[{"enterText":"qPdgBM9Gt9","selector":{"id":"application-manageconditionprice-display-component---conditions--smartFilterBar-btnBasicSearch","interaction":{"idSuffix":"I"}},"clearTextFirst":true,"interactionType":"ENTER_TEXT"}]}
RESULT: {"script":"<script> [776 bytes]","args":[{"enterText":"qPdgBM9Gt9","selector":{"id":"application-manageconditionprice-display-component---conditions--smartFilterBar-btnBasicSearch","interaction":{"idSuffix":"I"}},"clearTextFirst":true,"interactionType":"ENTER_TEXT"}]}
COMMAND: POST /session/0b442ebc8f096c4bfeb5c66a52851a3f/actions - {"actions":[{"id":"action37","type":"key","parameters":{},"actions":[{"type":"keyDown","value":"î€‡"},{"type":"pause","duration":10},{"type":"keyUp","value":"î€‡"}]}]}
RESULT: {"actions":[{"id":"action37","type":"key","parameters":{},"actions":[{"type":"keyDown","value":"î€‡"},{"type":"pause","duration":10},{"type":"keyUp","value":"î€‡"}]}]}
COMMAND: GET /session/0b442ebc8f096c4bfeb5c66a52851a3f/screenshot - {}
RESULT: {}
RESULT: undefined
COMMAND: POST /session/0b442ebc8f096c4bfeb5c66a52851a3f/element - {"using":"xpath","value":"//*[@id=\"application-manageconditionprice-display-component---conditions--smartFilterBar-filterItemControl_BASIC-BILL_TYPES-vhi\"]"}
RESULT: {"using":"xpath","value":"//*[@id=\"application-manageconditionprice-display-component---conditions--smartFilterBar-filterItemControl_BASIC-BILL_TYPES-vhi\"]"}
COMMAND: POST /session/0b442ebc8f096c4bfeb5c66a52851a3f/element/f.9CA8B20795E6D08D18CCAFF067F35E12.d.B16C125153AB1C1D77951059206C36F8.e.10527/click - {}
RESULT: {}
RESULT: undefined
COMMAND: POST /session/0b442ebc8f096c4bfeb5c66a52851a3f/execute/async - {"script":"<script> [776 bytes]","args":[{"enterText":"PB","selector":{"id":"application-manageconditionprice-display-component---conditions--smartFilterBar-filterItemControl_BASIC-BILL_TYPES-valueHelpDialog-smartFilterBar-btnBasicSearch","searchOpenDialogs":true,"interaction":{"idSuffix":"I"}},"clearTextFirst":true,"interactionType":"ENTER_TEXT"}]}
COMMAND: GET /session/0b442ebc8f096c4bfeb5c66a52851a3f/screenshot - {}
RESULT: {"script":"<script> [776 bytes]","args":[{"enterText":"PB","selector":{"id":"application-manageconditionprice-display-component---conditions--smartFilterBar-filterItemControl_BASIC-BILL_TYPES-valueHelpDialog-smartFilterBar-btnBasicSearch","searchOpenDialogs":true,"interaction":{"idSuffix":"I"}},"clearTextFirst":true,"interactionType":"ENTER_TEXT"}]}
COMMAND: POST /session/0b442ebc8f096c4bfeb5c66a52851a3f/actions - {"actions":[{"id":"action38","type":"key","parameters":{},"actions":[{"type":"keyDown","value":"î€‡"},{"type":"pause","duration":10},{"type":"keyUp","value":"î€‡"}]}]}
RESULT: {}
RESULT: {"actions":[{"id":"action38","type":"key","parameters":{},"actions":[{"type":"keyDown","value":"î€‡"},{"type":"pause","duration":10},{"type":"keyUp","value":"î€‡"}]}]}
COMMAND: GET /session/0b442ebc8f096c4bfeb5c66a52851a3f/screenshot - {}
RESULT: {}
COMMAND: POST /session/0b442ebc8f096c4bfeb5c66a52851a3f/element - {"using":"xpath","value":"//div[contains(@id, 'application-manageconditionprice-display-component---conditions--smartFilterBar-filterItemControl_BASIC-BILL_TYPES-valueHelpDialog-table-rowsel0')]"}
RESULT: {"using":"xpath","value":"//div[contains(@id, 'application-manageconditionprice-display-component---conditions--smartFilterBar-filterItemControl_BASIC-BILL_TYPES-valueHelpDialog-table-rowsel0')]"}
COMMAND: POST /session/0b442ebc8f096c4bfeb5c66a52851a3f/element/f.9CA8B20795E6D08D18CCAFF067F35E12.d.B16C125153AB1C1D77951059206C36F8.e.10534/click - {}
RESULT: {}
COMMAND: GET /session/0b442ebc8f096c4bfeb5c66a52851a3f/screenshot - {}
COMMAND: POST /session/0b442ebc8f096c4bfeb5c66a52851a3f/element - {"using":"xpath","value":"//bdi[contains(text(), \"OK\")]"}
RESULT: {}
RESULT: {"using":"xpath","value":"//bdi[contains(text(), \"OK\")]"}
COMMAND: POST /session/0b442ebc8f096c4bfeb5c66a52851a3f/element/f.9CA8B20795E6D08D18CCAFF067F35E12.d.B16C125153AB1C1D77951059206C36F8.e.10536/click - {}
RESULT: {}
COMMAND: GET /session/0b442ebc8f096c4bfeb5c66a52851a3f/screenshot - {}
RESULT: {}
COMMAND: POST /session/0b442ebc8f096c4bfeb5c66a52851a3f/element - {"using":"xpath","value":"//span[@id=\"application-manageconditionprice-display-component---conditions--smartTable-header-inner\"]"}
RESULT: {"using":"xpath","value":"//span[@id=\"application-manageconditionprice-display-component---conditions--smartTable-header-inner\"]"}
COMMAND: POST /session/0b442ebc8f096c4bfeb5c66a52851a3f/elements - {"using":"xpath","value":"//span[@id=\"application-manageconditionprice-display-component---conditions--smartTable-header-inner\"]"}
RESULT: {"using":"xpath","value":"//span[@id=\"application-manageconditionprice-display-component---conditions--smartTable-header-inner\"]"}
COMMAND: POST /session/0b442ebc8f096c4bfeb5c66a52851a3f/execute/sync - {"script":"<script> [56 bytes]","args":[{"element-6066-11e4-a52e-4f735466cecf":"f.9CA8B20795E6D08D18CCAFF067F35E12.d.B16C125153AB1C1D77951059206C36F8.e.10539","ELEMENT":"f.9CA8B20795E6D08D18CCAFF067F35E12.d.B16C125153AB1C1D77951059206C36F8.e.10539"}]}
RESULT: {"script":"<script> [56 bytes]","args":[{"element-6066-11e4-a52e-4f735466cecf":"f.9CA8B20795E6D08D18CCAFF067F35E12.d.B16C125153AB1C1D77951059206C36F8.e.10539","ELEMENT":"f.9CA8B20795E6D08D18CCAFF067F35E12.d.B16C125153AB1C1D77951059206C36F8.e.10539"}]}
COMMAND: POST /session/0b442ebc8f096c4bfeb5c66a52851a3f/element - {"using":"css selector","value":"#shell-header-logo"}
COMMAND: GET /session/0b442ebc8f096c4bfeb5c66a52851a3f/screenshot - {}
RESULT: {"using":"css selector","value":"#shell-header-logo"}
COMMAND: POST /session/0b442ebc8f096c4bfeb5c66a52851a3f/element/f.9CA8B20795E6D08D18CCAFF067F35E12.d.B16C125153AB1C1D77951059206C36F8.e.9936/click - {}
RESULT: {}
RESULT: {}
COMMAND: GET /session/0b442ebc8f096c4bfeb5c66a52851a3f/screenshot - {}
RESULT: {}
]]></system-out>
    </testcase>
    <testcase classname="chrome.135_0_7049_96.windows.Create_master_data_for_mixed_billing_&amp;_do_billing_calculation_US151661" name="Should add time based condition" time="72.355">
      <system-out><![CDATA[
RESULT: undefined
COMMAND: POST /session/0b442ebc8f096c4bfeb5c66a52851a3f/element - {"using":"xpath","value":"//*[@id=\"__tile53-title\"]"}
RESULT: {"using":"xpath","value":"//*[@id=\"__tile53-title\"]"}
COMMAND: POST /session/0b442ebc8f096c4bfeb5c66a52851a3f/element/f.9CA8B20795E6D08D18CCAFF067F35E12.d.B16C125153AB1C1D77951059206C36F8.e.9555/click - {}
RESULT: {}
COMMAND: POST /session/0b442ebc8f096c4bfeb5c66a52851a3f/element - {"using":"xpath","value":"//button[@aria-label=\"Create\"]"}
COMMAND: GET /session/0b442ebc8f096c4bfeb5c66a52851a3f/screenshot - {}
RESULT: {"using":"xpath","value":"//button[@aria-label=\"Create\"]"}
COMMAND: POST /session/0b442ebc8f096c4bfeb5c66a52851a3f/elements - {"using":"xpath","value":"//button[@aria-label=\"Create\"]"}
RESULT: {}
RESULT: {"using":"xpath","value":"//button[@aria-label=\"Create\"]"}
COMMAND: POST /session/0b442ebc8f096c4bfeb5c66a52851a3f/execute/sync - {"script":"<script> [8489 bytes]","args":[{"element-6066-11e4-a52e-4f735466cecf":"f.9CA8B20795E6D08D18CCAFF067F35E12.d.B16C125153AB1C1D77951059206C36F8.e.10579","ELEMENT":"f.9CA8B20795E6D08D18CCAFF067F35E12.d.B16C125153AB1C1D77951059206C36F8.e.10579"}]}
RESULT: {"script":"<script> [8489 bytes]","args":[{"element-6066-11e4-a52e-4f735466cecf":"f.9CA8B20795E6D08D18CCAFF067F35E12.d.B16C125153AB1C1D77951059206C36F8.e.10579","ELEMENT":"f.9CA8B20795E6D08D18CCAFF067F35E12.d.B16C125153AB1C1D77951059206C36F8.e.10579"}]}
COMMAND: GET /session/0b442ebc8f096c4bfeb5c66a52851a3f/element/f.9CA8B20795E6D08D18CCAFF067F35E12.d.B16C125153AB1C1D77951059206C36F8.e.10579/enabled - {}
COMMAND: GET /session/0b442ebc8f096c4bfeb5c66a52851a3f/screenshot - {}
RESULT: {}
COMMAND: POST /session/0b442ebc8f096c4bfeb5c66a52851a3f/execute/sync - {"script":"<script> [8489 bytes]","args":[{"element-6066-11e4-a52e-4f735466cecf":"f.9CA8B20795E6D08D18CCAFF067F35E12.d.B16C125153AB1C1D77951059206C36F8.e.10579","ELEMENT":"f.9CA8B20795E6D08D18CCAFF067F35E12.d.B16C125153AB1C1D77951059206C36F8.e.10579"}]}
COMMAND: GET /session/0b442ebc8f096c4bfeb5c66a52851a3f/screenshot - {}
RESULT: {}
RESULT: {"script":"<script> [8489 bytes]","args":[{"element-6066-11e4-a52e-4f735466cecf":"f.9CA8B20795E6D08D18CCAFF067F35E12.d.B16C125153AB1C1D77951059206C36F8.e.10579","ELEMENT":"f.9CA8B20795E6D08D18CCAFF067F35E12.d.B16C125153AB1C1D77951059206C36F8.e.10579"}]}
COMMAND: POST /session/0b442ebc8f096c4bfeb5c66a52851a3f/execute/sync - {"script":"<script> [5351 bytes]","args":[{"element-6066-11e4-a52e-4f735466cecf":"f.9CA8B20795E6D08D18CCAFF067F35E12.d.B16C125153AB1C1D77951059206C36F8.e.10579","ELEMENT":"f.9CA8B20795E6D08D18CCAFF067F35E12.d.B16C125153AB1C1D77951059206C36F8.e.10579"}]}
COMMAND: GET /session/0b442ebc8f096c4bfeb5c66a52851a3f/screenshot - {}
RESULT: {}
RESULT: {"script":"<script> [5351 bytes]","args":[{"element-6066-11e4-a52e-4f735466cecf":"f.9CA8B20795E6D08D18CCAFF067F35E12.d.B16C125153AB1C1D77951059206C36F8.e.10579","ELEMENT":"f.9CA8B20795E6D08D18CCAFF067F35E12.d.B16C125153AB1C1D77951059206C36F8.e.10579"}]}
COMMAND: POST /session/0b442ebc8f096c4bfeb5c66a52851a3f/element/f.9CA8B20795E6D08D18CCAFF067F35E12.d.B16C125153AB1C1D77951059206C36F8.e.10579/click - {}
COMMAND: GET /session/0b442ebc8f096c4bfeb5c66a52851a3f/screenshot - {}
RESULT: {}
RESULT: {}
COMMAND: GET /session/0b442ebc8f096c4bfeb5c66a52851a3f/screenshot - {}
RESULT: {}
RESULT: {}
COMMAND: POST /session/0b442ebc8f096c4bfeb5c66a52851a3f/actions - {"actions":[{"id":"action39","type":"key","parameters":{},"actions":[{"type":"keyDown","value":"î€‡"},{"type":"pause","duration":10},{"type":"keyUp","value":"î€‡"}]}]}
RESULT: {"actions":[{"id":"action39","type":"key","parameters":{},"actions":[{"type":"keyDown","value":"î€‡"},{"type":"pause","duration":10},{"type":"keyUp","value":"î€‡"}]}]}
COMMAND: GET /session/0b442ebc8f096c4bfeb5c66a52851a3f/screenshot - {}
RESULT: undefined
COMMAND: POST /session/0b442ebc8f096c4bfeb5c66a52851a3f/element - {"using":"xpath","value":"//*[@id=\"application-manageconditionprice-display-component---newCondition--condBillCond-arrow\"]"}
RESULT: {}
RESULT: {"using":"xpath","value":"//*[@id=\"application-manageconditionprice-display-component---newCondition--condBillCond-arrow\"]"}
COMMAND: POST /session/0b442ebc8f096c4bfeb5c66a52851a3f/element/f.9CA8B20795E6D08D18CCAFF067F35E12.d.B16C125153AB1C1D77951059206C36F8.e.11059/click - {}
RESULT: {}
COMMAND: GET /session/0b442ebc8f096c4bfeb5c66a52851a3f/screenshot - {}
RESULT: {}
COMMAND: POST /session/0b442ebc8f096c4bfeb5c66a52851a3f/element - {"using":"xpath","value":"//li[.//span[contains(text(), \"DISP - D&I special price\")]]"}
RESULT: {"using":"xpath","value":"//li[.//span[contains(text(), \"DISP - D&I special price\")]]"}
COMMAND: POST /session/0b442ebc8f096c4bfeb5c66a52851a3f/element/f.9CA8B20795E6D08D18CCAFF067F35E12.d.B16C125153AB1C1D77951059206C36F8.e.11062/click - {}
RESULT: {}
COMMAND: GET /session/0b442ebc8f096c4bfeb5c66a52851a3f/screenshot - {}
RESULT: {}
RESULT: undefined
COMMAND: POST /session/0b442ebc8f096c4bfeb5c66a52851a3f/execute/async - {"script":"<script> [776 bytes]","args":[{"enterText":"01/06/26","selector":{"id":"application-manageconditionprice-display-component---newCondition--condValidTo","interaction":{"idSuffix":"inner"}},"clearTextFirst":true,"interactionType":"ENTER_TEXT"}]}
RESULT: {"script":"<script> [776 bytes]","args":[{"enterText":"01/06/26","selector":{"id":"application-manageconditionprice-display-component---newCondition--condValidTo","interaction":{"idSuffix":"inner"}},"clearTextFirst":true,"interactionType":"ENTER_TEXT"}]}
COMMAND: POST /session/0b442ebc8f096c4bfeb5c66a52851a3f/element - {"using":"xpath","value":"//input[@id=\"application-manageconditionprice-display-component---newCondition--condRU-inner\"]"}
RESULT: {"using":"xpath","value":"//input[@id=\"application-manageconditionprice-display-component---newCondition--condRU-inner\"]"}
COMMAND: POST /session/0b442ebc8f096c4bfeb5c66a52851a3f/element/f.9CA8B20795E6D08D18CCAFF067F35E12.d.B16C125153AB1C1D77951059206C36F8.e.10742/clear - {}
RESULT: {}
COMMAND: POST /session/0b442ebc8f096c4bfeb5c66a52851a3f/element/f.9CA8B20795E6D08D18CCAFF067F35E12.d.B16C125153AB1C1D77951059206C36F8.e.10742/value - {"text":"qPdgBM9Gt9"}
COMMAND: GET /session/0b442ebc8f096c4bfeb5c66a52851a3f/screenshot - {}
RESULT: {"text":"qPdgBM9Gt9"}
COMMAND: GET /session/0b442ebc8f096c4bfeb5c66a52851a3f/screenshot - {}
RESULT: {}
RESULT: {}
COMMAND: POST /session/0b442ebc8f096c4bfeb5c66a52851a3f/actions - {"actions":[{"id":"action40","type":"key","parameters":{},"actions":[{"type":"keyDown","value":"î€‡"},{"type":"pause","duration":10},{"type":"keyUp","value":"î€‡"}]}]}
RESULT: {"actions":[{"id":"action40","type":"key","parameters":{},"actions":[{"type":"keyDown","value":"î€‡"},{"type":"pause","duration":10},{"type":"keyUp","value":"î€‡"}]}]}
RESULT: undefined
COMMAND: POST /session/0b442ebc8f096c4bfeb5c66a52851a3f/execute/async - {"script":"<script> [776 bytes]","args":[{"enterText":"1","selector":{"id":"application-manageconditionprice-display-component---newCondition--condBaseQty","interaction":{"idSuffix":"inner"}},"clearTextFirst":true,"interactionType":"ENTER_TEXT"}]}
COMMAND: GET /session/0b442ebc8f096c4bfeb5c66a52851a3f/screenshot - {}
RESULT: {"script":"<script> [776 bytes]","args":[{"enterText":"1","selector":{"id":"application-manageconditionprice-display-component---newCondition--condBaseQty","interaction":{"idSuffix":"inner"}},"clearTextFirst":true,"interactionType":"ENTER_TEXT"}]}
RESULT: undefined
COMMAND: POST /session/0b442ebc8f096c4bfeb5c66a52851a3f/execute/async - {"script":"<script> [776 bytes]","args":[{"enterText":"100","selector":{"id":"application-manageconditionprice-display-component---newCondition--condValue","interaction":{"idSuffix":"inner"}},"clearTextFirst":true,"interactionType":"ENTER_TEXT"}]}
RESULT: {}
RESULT: {"script":"<script> [776 bytes]","args":[{"enterText":"100","selector":{"id":"application-manageconditionprice-display-component---newCondition--condValue","interaction":{"idSuffix":"inner"}},"clearTextFirst":true,"interactionType":"ENTER_TEXT"}]}
RESULT: undefined
COMMAND: POST /session/0b442ebc8f096c4bfeb5c66a52851a3f/element - {"using":"xpath","value":"//*[@id=\"application-manageconditionprice-display-component---newCondition--condCurr-arrow\"]"}
RESULT: {"using":"xpath","value":"//*[@id=\"application-manageconditionprice-display-component---newCondition--condCurr-arrow\"]"}
COMMAND: POST /session/0b442ebc8f096c4bfeb5c66a52851a3f/element/f.9CA8B20795E6D08D18CCAFF067F35E12.d.B16C125153AB1C1D77951059206C36F8.e.11002/click - {}
RESULT: {}
COMMAND: POST /session/0b442ebc8f096c4bfeb5c66a52851a3f/element - {"using":"xpath","value":"//span[contains(text(), \"Euro\")]"}
COMMAND: GET /session/0b442ebc8f096c4bfeb5c66a52851a3f/screenshot - {}
RESULT: {"using":"xpath","value":"//span[contains(text(), \"Euro\")]"}
COMMAND: POST /session/0b442ebc8f096c4bfeb5c66a52851a3f/element/f.9CA8B20795E6D08D18CCAFF067F35E12.d.B16C125153AB1C1D77951059206C36F8.e.11097/click - {}
RESULT: {}
RESULT: {}
COMMAND: POST /session/0b442ebc8f096c4bfeb5c66a52851a3f/element - {"using":"xpath","value":"//button[@data-kt=\"saveButton\"]"}
COMMAND: GET /session/0b442ebc8f096c4bfeb5c66a52851a3f/screenshot - {}
RESULT: {"using":"xpath","value":"//button[@data-kt=\"saveButton\"]"}
COMMAND: POST /session/0b442ebc8f096c4bfeb5c66a52851a3f/element/f.9CA8B20795E6D08D18CCAFF067F35E12.d.B16C125153AB1C1D77951059206C36F8.e.11003/click - {}
RESULT: {}
RESULT: {}
COMMAND: GET /session/0b442ebc8f096c4bfeb5c66a52851a3f/screenshot - {}
RESULT: {}
RESULT: undefined
COMMAND: POST /session/0b442ebc8f096c4bfeb5c66a52851a3f/execute/async - {"script":"<script> [776 bytes]","args":[{"enterText":"qPdgBM9Gt9","selector":{"id":"application-manageconditionprice-display-component---conditions--smartFilterBar-btnBasicSearch","interaction":{"idSuffix":"I"}},"clearTextFirst":true,"interactionType":"ENTER_TEXT"}]}
RESULT: {"script":"<script> [776 bytes]","args":[{"enterText":"qPdgBM9Gt9","selector":{"id":"application-manageconditionprice-display-component---conditions--smartFilterBar-btnBasicSearch","interaction":{"idSuffix":"I"}},"clearTextFirst":true,"interactionType":"ENTER_TEXT"}]}
COMMAND: POST /session/0b442ebc8f096c4bfeb5c66a52851a3f/actions - {"actions":[{"id":"action41","type":"key","parameters":{},"actions":[{"type":"keyDown","value":"î€‡"},{"type":"pause","duration":10},{"type":"keyUp","value":"î€‡"}]}]}
RESULT: {"actions":[{"id":"action41","type":"key","parameters":{},"actions":[{"type":"keyDown","value":"î€‡"},{"type":"pause","duration":10},{"type":"keyUp","value":"î€‡"}]}]}
COMMAND: GET /session/0b442ebc8f096c4bfeb5c66a52851a3f/screenshot - {}
RESULT: {}
RESULT: undefined
COMMAND: POST /session/0b442ebc8f096c4bfeb5c66a52851a3f/element - {"using":"xpath","value":"//*[@id=\"application-manageconditionprice-display-component---conditions--smartFilterBar-filterItemControl_BASIC-BILL_TYPES-vhi\"]"}
RESULT: {"using":"xpath","value":"//*[@id=\"application-manageconditionprice-display-component---conditions--smartFilterBar-filterItemControl_BASIC-BILL_TYPES-vhi\"]"}
COMMAND: POST /session/0b442ebc8f096c4bfeb5c66a52851a3f/element/f.9CA8B20795E6D08D18CCAFF067F35E12.d.B16C125153AB1C1D77951059206C36F8.e.11326/click - {}
RESULT: {}
RESULT: undefined
COMMAND: POST /session/0b442ebc8f096c4bfeb5c66a52851a3f/execute/async - {"script":"<script> [776 bytes]","args":[{"enterText":"TB","selector":{"id":"application-manageconditionprice-display-component---conditions--smartFilterBar-filterItemControl_BASIC-BILL_TYPES-valueHelpDialog-smartFilterBar-btnBasicSearch","searchOpenDialogs":true,"interaction":{"idSuffix":"I"}},"clearTextFirst":true,"interactionType":"ENTER_TEXT"}]}
COMMAND: GET /session/0b442ebc8f096c4bfeb5c66a52851a3f/screenshot - {}
RESULT: {"script":"<script> [776 bytes]","args":[{"enterText":"TB","selector":{"id":"application-manageconditionprice-display-component---conditions--smartFilterBar-filterItemControl_BASIC-BILL_TYPES-valueHelpDialog-smartFilterBar-btnBasicSearch","searchOpenDialogs":true,"interaction":{"idSuffix":"I"}},"clearTextFirst":true,"interactionType":"ENTER_TEXT"}]}
COMMAND: POST /session/0b442ebc8f096c4bfeb5c66a52851a3f/actions - {"actions":[{"id":"action42","type":"key","parameters":{},"actions":[{"type":"keyDown","value":"î€‡"},{"type":"pause","duration":10},{"type":"keyUp","value":"î€‡"}]}]}
RESULT: {}
RESULT: {"actions":[{"id":"action42","type":"key","parameters":{},"actions":[{"type":"keyDown","value":"î€‡"},{"type":"pause","duration":10},{"type":"keyUp","value":"î€‡"}]}]}
COMMAND: GET /session/0b442ebc8f096c4bfeb5c66a52851a3f/screenshot - {}
RESULT: {}
COMMAND: POST /session/0b442ebc8f096c4bfeb5c66a52851a3f/element - {"using":"xpath","value":"//div[contains(@id, 'application-manageconditionprice-display-component---conditions--smartFilterBar-filterItemControl_BASIC-BILL_TYPES-valueHelpDialog-table-rowsel0')]"}
RESULT: {"using":"xpath","value":"//div[contains(@id, 'application-manageconditionprice-display-component---conditions--smartFilterBar-filterItemControl_BASIC-BILL_TYPES-valueHelpDialog-table-rowsel0')]"}
COMMAND: POST /session/0b442ebc8f096c4bfeb5c66a52851a3f/element/f.9CA8B20795E6D08D18CCAFF067F35E12.d.B16C125153AB1C1D77951059206C36F8.e.11333/click - {}
RESULT: {}
COMMAND: GET /session/0b442ebc8f096c4bfeb5c66a52851a3f/screenshot - {}
RESULT: {}
COMMAND: POST /session/0b442ebc8f096c4bfeb5c66a52851a3f/element - {"using":"xpath","value":"//bdi[contains(text(), \"OK\")]"}
RESULT: {"using":"xpath","value":"//bdi[contains(text(), \"OK\")]"}
COMMAND: POST /session/0b442ebc8f096c4bfeb5c66a52851a3f/element/f.9CA8B20795E6D08D18CCAFF067F35E12.d.B16C125153AB1C1D77951059206C36F8.e.11335/click - {}
RESULT: {}
COMMAND: GET /session/0b442ebc8f096c4bfeb5c66a52851a3f/screenshot - {}
RESULT: {}
COMMAND: POST /session/0b442ebc8f096c4bfeb5c66a52851a3f/element - {"using":"xpath","value":"//span[@id=\"application-manageconditionprice-display-component---conditions--smartTable-header-inner\"]"}
RESULT: {"using":"xpath","value":"//span[@id=\"application-manageconditionprice-display-component---conditions--smartTable-header-inner\"]"}
COMMAND: POST /session/0b442ebc8f096c4bfeb5c66a52851a3f/elements - {"using":"xpath","value":"//span[@id=\"application-manageconditionprice-display-component---conditions--smartTable-header-inner\"]"}
RESULT: {"using":"xpath","value":"//span[@id=\"application-manageconditionprice-display-component---conditions--smartTable-header-inner\"]"}
COMMAND: POST /session/0b442ebc8f096c4bfeb5c66a52851a3f/execute/sync - {"script":"<script> [56 bytes]","args":[{"element-6066-11e4-a52e-4f735466cecf":"f.9CA8B20795E6D08D18CCAFF067F35E12.d.B16C125153AB1C1D77951059206C36F8.e.11373","ELEMENT":"f.9CA8B20795E6D08D18CCAFF067F35E12.d.B16C125153AB1C1D77951059206C36F8.e.11373"}]}
RESULT: {"script":"<script> [56 bytes]","args":[{"element-6066-11e4-a52e-4f735466cecf":"f.9CA8B20795E6D08D18CCAFF067F35E12.d.B16C125153AB1C1D77951059206C36F8.e.11373","ELEMENT":"f.9CA8B20795E6D08D18CCAFF067F35E12.d.B16C125153AB1C1D77951059206C36F8.e.11373"}]}
COMMAND: POST /session/0b442ebc8f096c4bfeb5c66a52851a3f/element - {"using":"css selector","value":"#shell-header-logo"}
COMMAND: GET /session/0b442ebc8f096c4bfeb5c66a52851a3f/screenshot - {}
RESULT: {"using":"css selector","value":"#shell-header-logo"}
COMMAND: POST /session/0b442ebc8f096c4bfeb5c66a52851a3f/element/f.9CA8B20795E6D08D18CCAFF067F35E12.d.B16C125153AB1C1D77951059206C36F8.e.10544/click - {}
RESULT: {}
RESULT: {}
COMMAND: GET /session/0b442ebc8f096c4bfeb5c66a52851a3f/screenshot - {}
RESULT: {}
]]></system-out>
    </testcase>
    <testcase classname="chrome.135_0_7049_96.windows.Create_master_data_for_mixed_billing_&amp;_do_billing_calculation_US151661" name="Should do a stock increase handover" time="85.848">
      <system-out><![CDATA[
COMMAND: POST /session/0b442ebc8f096c4bfeb5c66a52851a3f/execute/async - {"script":"<script> [1562 bytes]","args":[{"selector":{"controlType":"sap.m.Text","viewName":"etm.portal.ui.managehandoverstile.view.Master","properties":{"text":"Manage Handovers"},"interaction":{"idSuffix":"inner"}},"wdio_ui5_key":"etmportal.ui.managehandoverstile.view.Mastersap.m.Text{\"text\":\"Manage Handovers\"}"}]}
RESULT: {"script":"<script> [1562 bytes]","args":[{"selector":{"controlType":"sap.m.Text","viewName":"etm.portal.ui.managehandoverstile.view.Master","properties":{"text":"Manage Handovers"},"interaction":{"idSuffix":"inner"}},"wdio_ui5_key":"etmportal.ui.managehandoverstile.view.Mastersap.m.Text{\"text\":\"Manage Handovers\"}"}]}
RESULT: undefined
COMMAND: POST /session/0b442ebc8f096c4bfeb5c66a52851a3f/element - {"using":"xpath","value":"//*[@id=\"__tile132-title\"]"}
RESULT: {"using":"xpath","value":"//*[@id=\"__tile132-title\"]"}
COMMAND: POST /session/0b442ebc8f096c4bfeb5c66a52851a3f/element/f.9CA8B20795E6D08D18CCAFF067F35E12.d.B16C125153AB1C1D77951059206C36F8.e.11376/click - {}
RESULT: {}
COMMAND: POST /session/0b442ebc8f096c4bfeb5c66a52851a3f/element - {"using":"xpath","value":"//button[@data-kt=\"masterHOAddButton\"]"}
COMMAND: GET /session/0b442ebc8f096c4bfeb5c66a52851a3f/screenshot - {}
RESULT: {"using":"xpath","value":"//button[@data-kt=\"masterHOAddButton\"]"}
COMMAND: POST /session/0b442ebc8f096c4bfeb5c66a52851a3f/elements - {"using":"xpath","value":"//button[@data-kt=\"masterHOAddButton\"]"}
RESULT: {}
RESULT: {"using":"xpath","value":"//button[@data-kt=\"masterHOAddButton\"]"}
COMMAND: POST /session/0b442ebc8f096c4bfeb5c66a52851a3f/elements - {"using":"xpath","value":"//button[@data-kt=\"masterHOAddButton\"]"}
RESULT: {"using":"xpath","value":"//button[@data-kt=\"masterHOAddButton\"]"}
COMMAND: POST /session/0b442ebc8f096c4bfeb5c66a52851a3f/elements - {"using":"xpath","value":"//button[@data-kt=\"masterHOAddButton\"]"}
RESULT: {"using":"xpath","value":"//button[@data-kt=\"masterHOAddButton\"]"}
COMMAND: POST /session/0b442ebc8f096c4bfeb5c66a52851a3f/elements - {"using":"xpath","value":"//button[@data-kt=\"masterHOAddButton\"]"}
RESULT: {"using":"xpath","value":"//button[@data-kt=\"masterHOAddButton\"]"}
COMMAND: POST /session/0b442ebc8f096c4bfeb5c66a52851a3f/elements - {"using":"xpath","value":"//button[@data-kt=\"masterHOAddButton\"]"}
RESULT: {"using":"xpath","value":"//button[@data-kt=\"masterHOAddButton\"]"}
COMMAND: POST /session/0b442ebc8f096c4bfeb5c66a52851a3f/elements - {"using":"xpath","value":"//button[@data-kt=\"masterHOAddButton\"]"}
RESULT: {"using":"xpath","value":"//button[@data-kt=\"masterHOAddButton\"]"}
COMMAND: POST /session/0b442ebc8f096c4bfeb5c66a52851a3f/elements - {"using":"xpath","value":"//button[@data-kt=\"masterHOAddButton\"]"}
RESULT: {"using":"xpath","value":"//button[@data-kt=\"masterHOAddButton\"]"}
COMMAND: POST /session/0b442ebc8f096c4bfeb5c66a52851a3f/elements - {"using":"xpath","value":"//button[@data-kt=\"masterHOAddButton\"]"}
RESULT: {"using":"xpath","value":"//button[@data-kt=\"masterHOAddButton\"]"}
COMMAND: POST /session/0b442ebc8f096c4bfeb5c66a52851a3f/elements - {"using":"xpath","value":"//button[@data-kt=\"masterHOAddButton\"]"}
RESULT: {"using":"xpath","value":"//button[@data-kt=\"masterHOAddButton\"]"}
COMMAND: POST /session/0b442ebc8f096c4bfeb5c66a52851a3f/elements - {"using":"xpath","value":"//button[@data-kt=\"masterHOAddButton\"]"}
RESULT: {"using":"xpath","value":"//button[@data-kt=\"masterHOAddButton\"]"}
COMMAND: POST /session/0b442ebc8f096c4bfeb5c66a52851a3f/elements - {"using":"xpath","value":"//button[@data-kt=\"masterHOAddButton\"]"}
RESULT: {"using":"xpath","value":"//button[@data-kt=\"masterHOAddButton\"]"}
COMMAND: POST /session/0b442ebc8f096c4bfeb5c66a52851a3f/elements - {"using":"xpath","value":"//button[@data-kt=\"masterHOAddButton\"]"}
RESULT: {"using":"xpath","value":"//button[@data-kt=\"masterHOAddButton\"]"}
COMMAND: POST /session/0b442ebc8f096c4bfeb5c66a52851a3f/elements - {"using":"xpath","value":"//button[@data-kt=\"masterHOAddButton\"]"}
RESULT: {"using":"xpath","value":"//button[@data-kt=\"masterHOAddButton\"]"}
COMMAND: POST /session/0b442ebc8f096c4bfeb5c66a52851a3f/elements - {"using":"xpath","value":"//button[@data-kt=\"masterHOAddButton\"]"}
RESULT: {"using":"xpath","value":"//button[@data-kt=\"masterHOAddButton\"]"}
COMMAND: POST /session/0b442ebc8f096c4bfeb5c66a52851a3f/elements - {"using":"xpath","value":"//button[@data-kt=\"masterHOAddButton\"]"}
RESULT: {"using":"xpath","value":"//button[@data-kt=\"masterHOAddButton\"]"}
COMMAND: POST /session/0b442ebc8f096c4bfeb5c66a52851a3f/element - {"using":"xpath","value":"//button[@data-kt=\"masterHOAddButton\"]"}
RESULT: {"using":"xpath","value":"//button[@data-kt=\"masterHOAddButton\"]"}
COMMAND: POST /session/0b442ebc8f096c4bfeb5c66a52851a3f/execute/sync - {"script":"<script> [8489 bytes]","args":[{"element-6066-11e4-a52e-4f735466cecf":"f.9CA8B20795E6D08D18CCAFF067F35E12.d.B16C125153AB1C1D77951059206C36F8.e.11406","ELEMENT":"f.9CA8B20795E6D08D18CCAFF067F35E12.d.B16C125153AB1C1D77951059206C36F8.e.11406"}]}
RESULT: {"script":"<script> [8489 bytes]","args":[{"element-6066-11e4-a52e-4f735466cecf":"f.9CA8B20795E6D08D18CCAFF067F35E12.d.B16C125153AB1C1D77951059206C36F8.e.11406","ELEMENT":"f.9CA8B20795E6D08D18CCAFF067F35E12.d.B16C125153AB1C1D77951059206C36F8.e.11406"}]}
COMMAND: GET /session/0b442ebc8f096c4bfeb5c66a52851a3f/element/f.9CA8B20795E6D08D18CCAFF067F35E12.d.B16C125153AB1C1D77951059206C36F8.e.11406/enabled - {}
COMMAND: GET /session/0b442ebc8f096c4bfeb5c66a52851a3f/screenshot - {}
RESULT: {}
COMMAND: POST /session/0b442ebc8f096c4bfeb5c66a52851a3f/execute/sync - {"script":"<script> [8489 bytes]","args":[{"element-6066-11e4-a52e-4f735466cecf":"f.9CA8B20795E6D08D18CCAFF067F35E12.d.B16C125153AB1C1D77951059206C36F8.e.11406","ELEMENT":"f.9CA8B20795E6D08D18CCAFF067F35E12.d.B16C125153AB1C1D77951059206C36F8.e.11406"}]}
COMMAND: GET /session/0b442ebc8f096c4bfeb5c66a52851a3f/screenshot - {}
RESULT: {}
RESULT: {"script":"<script> [8489 bytes]","args":[{"element-6066-11e4-a52e-4f735466cecf":"f.9CA8B20795E6D08D18CCAFF067F35E12.d.B16C125153AB1C1D77951059206C36F8.e.11406","ELEMENT":"f.9CA8B20795E6D08D18CCAFF067F35E12.d.B16C125153AB1C1D77951059206C36F8.e.11406"}]}
COMMAND: POST /session/0b442ebc8f096c4bfeb5c66a52851a3f/execute/sync - {"script":"<script> [5351 bytes]","args":[{"element-6066-11e4-a52e-4f735466cecf":"f.9CA8B20795E6D08D18CCAFF067F35E12.d.B16C125153AB1C1D77951059206C36F8.e.11406","ELEMENT":"f.9CA8B20795E6D08D18CCAFF067F35E12.d.B16C125153AB1C1D77951059206C36F8.e.11406"}]}
COMMAND: GET /session/0b442ebc8f096c4bfeb5c66a52851a3f/screenshot - {}
RESULT: {}
RESULT: {"script":"<script> [5351 bytes]","args":[{"element-6066-11e4-a52e-4f735466cecf":"f.9CA8B20795E6D08D18CCAFF067F35E12.d.B16C125153AB1C1D77951059206C36F8.e.11406","ELEMENT":"f.9CA8B20795E6D08D18CCAFF067F35E12.d.B16C125153AB1C1D77951059206C36F8.e.11406"}]}
COMMAND: POST /session/0b442ebc8f096c4bfeb5c66a52851a3f/element/f.9CA8B20795E6D08D18CCAFF067F35E12.d.B16C125153AB1C1D77951059206C36F8.e.11406/click - {}
COMMAND: GET /session/0b442ebc8f096c4bfeb5c66a52851a3f/screenshot - {}
RESULT: {}
RESULT: {}
COMMAND: GET /session/0b442ebc8f096c4bfeb5c66a52851a3f/screenshot - {}
COMMAND: POST /session/0b442ebc8f096c4bfeb5c66a52851a3f/element - {"using":"xpath","value":"//span[contains(@id ,\"AddNewHO--typeSelect-arrow\")]"}
RESULT: {}
RESULT: {}
RESULT: {"using":"xpath","value":"//span[contains(@id ,\"AddNewHO--typeSelect-arrow\")]"}
COMMAND: POST /session/0b442ebc8f096c4bfeb5c66a52851a3f/element/f.9CA8B20795E6D08D18CCAFF067F35E12.d.B16C125153AB1C1D77951059206C36F8.e.11755/click - {}
RESULT: {}
COMMAND: GET /session/0b442ebc8f096c4bfeb5c66a52851a3f/screenshot - {}
RESULT: {}
COMMAND: POST /session/0b442ebc8f096c4bfeb5c66a52851a3f/element - {"using":"xpath","value":"(//li[contains(text(), \"stock increase yard\")])[1]"}
RESULT: {"using":"xpath","value":"(//li[contains(text(), \"stock increase yard\")])[1]"}
COMMAND: POST /session/0b442ebc8f096c4bfeb5c66a52851a3f/element/f.9CA8B20795E6D08D18CCAFF067F35E12.d.B16C125153AB1C1D77951059206C36F8.e.11756/click - {}
RESULT: {}
COMMAND: GET /session/0b442ebc8f096c4bfeb5c66a52851a3f/screenshot - {}
RESULT: {}
COMMAND: POST /session/0b442ebc8f096c4bfeb5c66a52851a3f/execute/async - {"script":"<script> [1562 bytes]","args":[{"selector":{"id":"application-managehandovers-display-component---AddNewHO--dueDate","interaction":{"idSuffix":"inner"}},"wdio_ui5_key":"applicationmanagehandovers-display-component---AddNewHO--dueDate"}]}
RESULT: {"script":"<script> [1562 bytes]","args":[{"selector":{"id":"application-managehandovers-display-component---AddNewHO--dueDate","interaction":{"idSuffix":"inner"}},"wdio_ui5_key":"applicationmanagehandovers-display-component---AddNewHO--dueDate"}]}
RESULT: undefined
COMMAND: POST /session/0b442ebc8f096c4bfeb5c66a52851a3f/execute/async - {"script":"<script> [6424 bytes]","args":[{"element-6066-11e4-a52e-4f735466cecf":"f.9CA8B20795E6D08D18CCAFF067F35E12.d.B16C125153AB1C1D77951059206C36F8.e.11760"},"setValue",["05/06/2025"]]}
RESULT: {"script":"<script> [6424 bytes]","args":[{"element-6066-11e4-a52e-4f735466cecf":"f.9CA8B20795E6D08D18CCAFF067F35E12.d.B16C125153AB1C1D77951059206C36F8.e.11760"},"setValue",["05/06/2025"]]}
COMMAND: POST /session/0b442ebc8f096c4bfeb5c66a52851a3f/element - {"using":"xpath","value":"//input[@id=\"generalSectionFrg--receiveYard-inner\"]"}
RESULT: {"using":"xpath","value":"//input[@id=\"generalSectionFrg--receiveYard-inner\"]"}
COMMAND: POST /session/0b442ebc8f096c4bfeb5c66a52851a3f/element/f.9CA8B20795E6D08D18CCAFF067F35E12.d.B16C125153AB1C1D77951059206C36F8.e.11766/clear - {}
RESULT: {}
COMMAND: POST /session/0b442ebc8f096c4bfeb5c66a52851a3f/element/f.9CA8B20795E6D08D18CCAFF067F35E12.d.B16C125153AB1C1D77951059206C36F8.e.11766/value - {"text":"620"}
COMMAND: GET /session/0b442ebc8f096c4bfeb5c66a52851a3f/screenshot - {}
RESULT: {"text":"620"}
COMMAND: GET /session/0b442ebc8f096c4bfeb5c66a52851a3f/screenshot - {}
RESULT: {}
RESULT: {}
COMMAND: POST /session/0b442ebc8f096c4bfeb5c66a52851a3f/element - {"using":"xpath","value":"//li[.//span[text()='620']]"}
RESULT: {"using":"xpath","value":"//li[.//span[text()='620']]"}
COMMAND: POST /session/0b442ebc8f096c4bfeb5c66a52851a3f/element/f.9CA8B20795E6D08D18CCAFF067F35E12.d.B16C125153AB1C1D77951059206C36F8.e.11780/click - {}
RESULT: {}
COMMAND: GET /session/0b442ebc8f096c4bfeb5c66a52851a3f/screenshot - {}
RESULT: {}
COMMAND: POST /session/0b442ebc8f096c4bfeb5c66a52851a3f/execute/async - {"script":"<script> [1562 bytes]","args":[{"selector":{"id":"application-managehandovers-display-component---AddNewHO--ObjectPageLayout-anchBar-application-managehandovers-display-component---AddNewHO--section4-anchor","interaction":{"idSuffix":"BDI-content"}},"wdio_ui5_key":"applicationmanagehandovers-display-component---AddNewHO--ObjectPageLayout-anchBar-application-managehandovers-display-component---AddNewHO--section4-anchor"}]}
RESULT: {"script":"<script> [1562 bytes]","args":[{"selector":{"id":"application-managehandovers-display-component---AddNewHO--ObjectPageLayout-anchBar-application-managehandovers-display-component---AddNewHO--section4-anchor","interaction":{"idSuffix":"BDI-content"}},"wdio_ui5_key":"applicationmanagehandovers-display-component---AddNewHO--ObjectPageLayout-anchBar-application-managehandovers-display-component---AddNewHO--section4-anchor"}]}
RESULT: undefined
COMMAND: POST /session/0b442ebc8f096c4bfeb5c66a52851a3f/element - {"using":"xpath","value":"//*[@id=\"application-managehandovers-display-component---AddNewHO--ObjectPageLayout-anchBar-application-managehandovers-display-component---AddNewHO--section4-anchor\"]"}
RESULT: {"using":"xpath","value":"//*[@id=\"application-managehandovers-display-component---AddNewHO--ObjectPageLayout-anchBar-application-managehandovers-display-component---AddNewHO--section4-anchor\"]"}
COMMAND: POST /session/0b442ebc8f096c4bfeb5c66a52851a3f/element/f.9CA8B20795E6D08D18CCAFF067F35E12.d.B16C125153AB1C1D77951059206C36F8.e.11782/click - {}
RESULT: {}
COMMAND: POST /session/0b442ebc8f096c4bfeb5c66a52851a3f/element - {"using":"xpath","value":"//button[@aria-label=\"Add\"]"}
COMMAND: GET /session/0b442ebc8f096c4bfeb5c66a52851a3f/screenshot - {}
RESULT: {"using":"xpath","value":"//button[@aria-label=\"Add\"]"}
COMMAND: POST /session/0b442ebc8f096c4bfeb5c66a52851a3f/element/f.9CA8B20795E6D08D18CCAFF067F35E12.d.B16C125153AB1C1D77951059206C36F8.e.11784/click - {}
RESULT: {}
RESULT: {}
COMMAND: GET /session/0b442ebc8f096c4bfeb5c66a52851a3f/screenshot - {}
RESULT: {}
COMMAND: POST /session/0b442ebc8f096c4bfeb5c66a52851a3f/execute/async - {"script":"<script> [1562 bytes]","args":[{"selector":{"id":"application-managehandovers-display-component---AddNewHO--smartFilterBar-btnBasicSearch","searchOpenDialogs":true,"interaction":{"idSuffix":"I"}},"wdio_ui5_key":"applicationmanagehandovers-display-component---AddNewHO--smartFilterBar-btnBasicSearch"}]}
RESULT: {"script":"<script> [1562 bytes]","args":[{"selector":{"id":"application-managehandovers-display-component---AddNewHO--smartFilterBar-btnBasicSearch","searchOpenDialogs":true,"interaction":{"idSuffix":"I"}},"wdio_ui5_key":"applicationmanagehandovers-display-component---AddNewHO--smartFilterBar-btnBasicSearch"}]}
RESULT: undefined
COMMAND: POST /session/0b442ebc8f096c4bfeb5c66a52851a3f/execute/async - {"script":"<script> [776 bytes]","args":[{"enterText":"qPdgBM9Gt9","selector":{"id":"application-managehandovers-display-component---AddNewHO--smartFilterBar-btnBasicSearch","searchOpenDialogs":true,"interaction":{"idSuffix":"I"}},"clearTextFirst":true,"interactionType":"ENTER_TEXT"}]}
RESULT: {"script":"<script> [776 bytes]","args":[{"enterText":"qPdgBM9Gt9","selector":{"id":"application-managehandovers-display-component---AddNewHO--smartFilterBar-btnBasicSearch","searchOpenDialogs":true,"interaction":{"idSuffix":"I"}},"clearTextFirst":true,"interactionType":"ENTER_TEXT"}]}
COMMAND: POST /session/0b442ebc8f096c4bfeb5c66a52851a3f/actions - {"actions":[{"id":"action43","type":"key","parameters":{},"actions":[{"type":"keyDown","value":"î€‡"},{"type":"pause","duration":10},{"type":"keyUp","value":"î€‡"}]}]}
RESULT: {"actions":[{"id":"action43","type":"key","parameters":{},"actions":[{"type":"keyDown","value":"î€‡"},{"type":"pause","duration":10},{"type":"keyUp","value":"î€‡"}]}]}
COMMAND: GET /session/0b442ebc8f096c4bfeb5c66a52851a3f/screenshot - {}
RESULT: {}
COMMAND: POST /session/0b442ebc8f096c4bfeb5c66a52851a3f/execute/async - {"script":"<script> [1562 bytes]","args":[{"selector":{"id":"application-managehandovers-display-component---AddNewHO--popup-sa","searchOpenDialogs":true,"interaction":{"idSuffix":"CbBg"}},"wdio_ui5_key":"applicationmanagehandovers-display-component---AddNewHO--popup-sa"}]}
RESULT: {"script":"<script> [1562 bytes]","args":[{"selector":{"id":"application-managehandovers-display-component---AddNewHO--popup-sa","searchOpenDialogs":true,"interaction":{"idSuffix":"CbBg"}},"wdio_ui5_key":"applicationmanagehandovers-display-component---AddNewHO--popup-sa"}]}
RESULT: undefined
COMMAND: POST /session/0b442ebc8f096c4bfeb5c66a52851a3f/element - {"using":"xpath","value":"//*[@id=\"application-managehandovers-display-component---AddNewHO--popup-sa\"]"}
RESULT: {"using":"xpath","value":"//*[@id=\"application-managehandovers-display-component---AddNewHO--popup-sa\"]"}
COMMAND: POST /session/0b442ebc8f096c4bfeb5c66a52851a3f/element/f.9CA8B20795E6D08D18CCAFF067F35E12.d.B16C125153AB1C1D77951059206C36F8.e.11941/click - {}
RESULT: {}
COMMAND: GET /session/0b442ebc8f096c4bfeb5c66a52851a3f/screenshot - {}
RESULT: {}
COMMAND: POST /session/0b442ebc8f096c4bfeb5c66a52851a3f/element - {"using":"xpath","value":"//bdi[contains(text(), \"Select\")]"}
RESULT: {"using":"xpath","value":"//bdi[contains(text(), \"Select\")]"}
COMMAND: POST /session/0b442ebc8f096c4bfeb5c66a52851a3f/element/f.9CA8B20795E6D08D18CCAFF067F35E12.d.B16C125153AB1C1D77951059206C36F8.e.11942/click - {}
RESULT: {}
COMMAND: GET /session/0b442ebc8f096c4bfeb5c66a52851a3f/screenshot - {}
RESULT: {}
COMMAND: POST /session/0b442ebc8f096c4bfeb5c66a52851a3f/element - {"using":"xpath","value":"//button[@data-kt=\"AddNewHOSaveButton\"]"}
RESULT: {"using":"xpath","value":"//button[@data-kt=\"AddNewHOSaveButton\"]"}
COMMAND: POST /session/0b442ebc8f096c4bfeb5c66a52851a3f/element/f.9CA8B20795E6D08D18CCAFF067F35E12.d.B16C125153AB1C1D77951059206C36F8.e.11946/click - {}
RESULT: {}
COMMAND: GET /session/0b442ebc8f096c4bfeb5c66a52851a3f/screenshot - {}
RESULT: {}
COMMAND: POST /session/0b442ebc8f096c4bfeb5c66a52851a3f/execute/async - {"script":"<script> [1562 bytes]","args":[{"selector":{"id":"receiptDatePicker","viewName":"etm.portal.ui.managehandovers.view.DetailExecuteHO","interaction":{"idSuffix":"inner"}},"wdio_ui5_key":"receiptDatePickeretmportal.ui.managehandovers.view.DetailExecuteHO"}]}
RESULT: {"script":"<script> [1562 bytes]","args":[{"selector":{"id":"receiptDatePicker","viewName":"etm.portal.ui.managehandovers.view.DetailExecuteHO","interaction":{"idSuffix":"inner"}},"wdio_ui5_key":"receiptDatePickeretmportal.ui.managehandovers.view.DetailExecuteHO"}]}
RESULT: undefined
COMMAND: POST /session/0b442ebc8f096c4bfeb5c66a52851a3f/execute/async - {"script":"<script> [6424 bytes]","args":[{"element-6066-11e4-a52e-4f735466cecf":"f.9CA8B20795E6D08D18CCAFF067F35E12.d.B16C125153AB1C1D77951059206C36F8.e.11977"},"setValue",["05/06/2025"]]}
RESULT: {"script":"<script> [6424 bytes]","args":[{"element-6066-11e4-a52e-4f735466cecf":"f.9CA8B20795E6D08D18CCAFF067F35E12.d.B16C125153AB1C1D77951059206C36F8.e.11977"},"setValue",["05/06/2025"]]}
COMMAND: POST /session/0b442ebc8f096c4bfeb5c66a52851a3f/element - {"using":"xpath","value":"//button[@data-kt=\"PickingTableConfirmAllButton\"]"}
RESULT: {"using":"xpath","value":"//button[@data-kt=\"PickingTableConfirmAllButton\"]"}
COMMAND: POST /session/0b442ebc8f096c4bfeb5c66a52851a3f/element/f.9CA8B20795E6D08D18CCAFF067F35E12.d.B16C125153AB1C1D77951059206C36F8.e.11993/click - {}
RESULT: {}
COMMAND: GET /session/0b442ebc8f096c4bfeb5c66a52851a3f/screenshot - {}
RESULT: {}
COMMAND: POST /session/0b442ebc8f096c4bfeb5c66a52851a3f/element - {"using":"xpath","value":"//bdi[contains(text(), \"OK\")]"}
RESULT: {"using":"xpath","value":"//bdi[contains(text(), \"OK\")]"}
COMMAND: POST /session/0b442ebc8f096c4bfeb5c66a52851a3f/element/f.9CA8B20795E6D08D18CCAFF067F35E12.d.B16C125153AB1C1D77951059206C36F8.e.11995/click - {}
RESULT: {}
COMMAND: GET /session/0b442ebc8f096c4bfeb5c66a52851a3f/screenshot - {}
RESULT: {}
COMMAND: POST /session/0b442ebc8f096c4bfeb5c66a52851a3f/element - {"using":"xpath","value":"(//bdi[contains(text(), \"Receive\")])[2]"}
RESULT: {"using":"xpath","value":"(//bdi[contains(text(), \"Receive\")])[2]"}
COMMAND: POST /session/0b442ebc8f096c4bfeb5c66a52851a3f/element/f.9CA8B20795E6D08D18CCAFF067F35E12.d.B16C125153AB1C1D77951059206C36F8.e.11997/click - {}
RESULT: {}
COMMAND: GET /session/0b442ebc8f096c4bfeb5c66a52851a3f/screenshot - {}
RESULT: {}
COMMAND: POST /session/0b442ebc8f096c4bfeb5c66a52851a3f/element - {"using":"css selector","value":"#shell-header-logo"}
RESULT: {"using":"css selector","value":"#shell-header-logo"}
COMMAND: POST /session/0b442ebc8f096c4bfeb5c66a52851a3f/element/f.9CA8B20795E6D08D18CCAFF067F35E12.d.B16C125153AB1C1D77951059206C36F8.e.11378/click - {}
RESULT: {}
COMMAND: GET /session/0b442ebc8f096c4bfeb5c66a52851a3f/screenshot - {}
RESULT: {}
]]></system-out>
    </testcase>
    <testcase classname="chrome.135_0_7049_96.windows.Create_master_data_for_mixed_billing_&amp;_do_billing_calculation_US151661" name="Should create a new contract" time="72.247">
      <system-out><![CDATA[
COMMAND: POST /session/0b442ebc8f096c4bfeb5c66a52851a3f/execute/async - {"script":"<script> [1562 bytes]","args":[{"selector":{"controlType":"sap.m.Text","viewName":"etm.portal.ui.managecontractstile.view.Master","properties":{"text":"Manage Contracts"},"interaction":{"idSuffix":"inner"}},"wdio_ui5_key":"etmportal.ui.managecontractstile.view.Mastersap.m.Text{\"text\":\"Manage Contracts\"}"}]}
RESULT: {"script":"<script> [1562 bytes]","args":[{"selector":{"controlType":"sap.m.Text","viewName":"etm.portal.ui.managecontractstile.view.Master","properties":{"text":"Manage Contracts"},"interaction":{"idSuffix":"inner"}},"wdio_ui5_key":"etmportal.ui.managecontractstile.view.Mastersap.m.Text{\"text\":\"Manage Contracts\"}"}]}
RESULT: undefined
COMMAND: POST /session/0b442ebc8f096c4bfeb5c66a52851a3f/element - {"using":"xpath","value":"//*[@id=\"__tile130-title\"]"}
RESULT: {"using":"xpath","value":"//*[@id=\"__tile130-title\"]"}
COMMAND: POST /session/0b442ebc8f096c4bfeb5c66a52851a3f/element/f.9CA8B20795E6D08D18CCAFF067F35E12.d.B16C125153AB1C1D77951059206C36F8.e.12284/click - {}
RESULT: {}
COMMAND: GET /session/0b442ebc8f096c4bfeb5c66a52851a3f/screenshot - {}
RESULT: {}
COMMAND: POST /session/0b442ebc8f096c4bfeb5c66a52851a3f/element - {"using":"xpath","value":"//button[@data-kt=\"addButton\"]"}
RESULT: {"using":"xpath","value":"//button[@data-kt=\"addButton\"]"}
COMMAND: POST /session/0b442ebc8f096c4bfeb5c66a52851a3f/elements - {"using":"xpath","value":"//button[@data-kt=\"addButton\"]"}
RESULT: {"using":"xpath","value":"//button[@data-kt=\"addButton\"]"}
COMMAND: POST /session/0b442ebc8f096c4bfeb5c66a52851a3f/execute/sync - {"script":"<script> [8489 bytes]","args":[{"element-6066-11e4-a52e-4f735466cecf":"f.9CA8B20795E6D08D18CCAFF067F35E12.d.B16C125153AB1C1D77951059206C36F8.e.12354","ELEMENT":"f.9CA8B20795E6D08D18CCAFF067F35E12.d.B16C125153AB1C1D77951059206C36F8.e.12354"}]}
RESULT: {"script":"<script> [8489 bytes]","args":[{"element-6066-11e4-a52e-4f735466cecf":"f.9CA8B20795E6D08D18CCAFF067F35E12.d.B16C125153AB1C1D77951059206C36F8.e.12354","ELEMENT":"f.9CA8B20795E6D08D18CCAFF067F35E12.d.B16C125153AB1C1D77951059206C36F8.e.12354"}]}
COMMAND: GET /session/0b442ebc8f096c4bfeb5c66a52851a3f/element/f.9CA8B20795E6D08D18CCAFF067F35E12.d.B16C125153AB1C1D77951059206C36F8.e.12354/enabled - {}
COMMAND: GET /session/0b442ebc8f096c4bfeb5c66a52851a3f/screenshot - {}
RESULT: {}
COMMAND: POST /session/0b442ebc8f096c4bfeb5c66a52851a3f/execute/sync - {"script":"<script> [8489 bytes]","args":[{"element-6066-11e4-a52e-4f735466cecf":"f.9CA8B20795E6D08D18CCAFF067F35E12.d.B16C125153AB1C1D77951059206C36F8.e.12354","ELEMENT":"f.9CA8B20795E6D08D18CCAFF067F35E12.d.B16C125153AB1C1D77951059206C36F8.e.12354"}]}
COMMAND: GET /session/0b442ebc8f096c4bfeb5c66a52851a3f/screenshot - {}
RESULT: {}
RESULT: {"script":"<script> [8489 bytes]","args":[{"element-6066-11e4-a52e-4f735466cecf":"f.9CA8B20795E6D08D18CCAFF067F35E12.d.B16C125153AB1C1D77951059206C36F8.e.12354","ELEMENT":"f.9CA8B20795E6D08D18CCAFF067F35E12.d.B16C125153AB1C1D77951059206C36F8.e.12354"}]}
COMMAND: POST /session/0b442ebc8f096c4bfeb5c66a52851a3f/execute/sync - {"script":"<script> [5351 bytes]","args":[{"element-6066-11e4-a52e-4f735466cecf":"f.9CA8B20795E6D08D18CCAFF067F35E12.d.B16C125153AB1C1D77951059206C36F8.e.12354","ELEMENT":"f.9CA8B20795E6D08D18CCAFF067F35E12.d.B16C125153AB1C1D77951059206C36F8.e.12354"}]}
COMMAND: GET /session/0b442ebc8f096c4bfeb5c66a52851a3f/screenshot - {}
RESULT: {}
RESULT: {"script":"<script> [5351 bytes]","args":[{"element-6066-11e4-a52e-4f735466cecf":"f.9CA8B20795E6D08D18CCAFF067F35E12.d.B16C125153AB1C1D77951059206C36F8.e.12354","ELEMENT":"f.9CA8B20795E6D08D18CCAFF067F35E12.d.B16C125153AB1C1D77951059206C36F8.e.12354"}]}
COMMAND: GET /session/0b442ebc8f096c4bfeb5c66a52851a3f/screenshot - {}
RESULT: {}
RESULT: {}
COMMAND: POST /session/0b442ebc8f096c4bfeb5c66a52851a3f/element/f.9CA8B20795E6D08D18CCAFF067F35E12.d.B16C125153AB1C1D77951059206C36F8.e.12354/click - {}
RESULT: {}
COMMAND: GET /session/0b442ebc8f096c4bfeb5c66a52851a3f/screenshot - {}
RESULT: {}
COMMAND: POST /session/0b442ebc8f096c4bfeb5c66a52851a3f/execute/async - {"script":"<script> [1562 bytes]","args":[{"selector":{"id":"application-managecontracts-display-component---AddNewContract--projectDescription","interaction":{"idSuffix":"inner"}},"wdio_ui5_key":"applicationmanagecontracts-display-component---AddNewContract--projectDescription"}]}
RESULT: {"script":"<script> [1562 bytes]","args":[{"selector":{"id":"application-managecontracts-display-component---AddNewContract--projectDescription","interaction":{"idSuffix":"inner"}},"wdio_ui5_key":"applicationmanagecontracts-display-component---AddNewContract--projectDescription"}]}
RESULT: undefined
COMMAND: POST /session/0b442ebc8f096c4bfeb5c66a52851a3f/execute/async - {"script":"<script> [776 bytes]","args":[{"enterText":"Mixed Contract WDIO","selector":{"id":"application-managecontracts-display-component---AddNewContract--projectDescription","interaction":{"idSuffix":"inner"}},"clearTextFirst":true,"interactionType":"ENTER_TEXT"}]}
RESULT: {"script":"<script> [776 bytes]","args":[{"enterText":"Mixed Contract WDIO","selector":{"id":"application-managecontracts-display-component---AddNewContract--projectDescription","interaction":{"idSuffix":"inner"}},"clearTextFirst":true,"interactionType":"ENTER_TEXT"}]}
COMMAND: POST /session/0b442ebc8f096c4bfeb5c66a52851a3f/element - {"using":"xpath","value":"//input[@id=\"application-managecontracts-display-component---AddNewContract--site-inner\"]"}
RESULT: {"using":"xpath","value":"//input[@id=\"application-managecontracts-display-component---AddNewContract--site-inner\"]"}
COMMAND: POST /session/0b442ebc8f096c4bfeb5c66a52851a3f/element/f.9CA8B20795E6D08D18CCAFF067F35E12.d.B16C125153AB1C1D77951059206C36F8.e.12648/clear - {}
RESULT: {}
COMMAND: POST /session/0b442ebc8f096c4bfeb5c66a52851a3f/element/f.9CA8B20795E6D08D18CCAFF067F35E12.d.B16C125153AB1C1D77951059206C36F8.e.12648/value - {"text":"2454"}
COMMAND: GET /session/0b442ebc8f096c4bfeb5c66a52851a3f/screenshot - {}
RESULT: {"text":"2454"}
COMMAND: GET /session/0b442ebc8f096c4bfeb5c66a52851a3f/screenshot - {}
RESULT: {}
RESULT: {}
COMMAND: POST /session/0b442ebc8f096c4bfeb5c66a52851a3f/element - {"using":"xpath","value":"//li[.//span[text()='2454']]"}
RESULT: {"using":"xpath","value":"//li[.//span[text()='2454']]"}
COMMAND: POST /session/0b442ebc8f096c4bfeb5c66a52851a3f/element/f.9CA8B20795E6D08D18CCAFF067F35E12.d.B16C125153AB1C1D77951059206C36F8.e.12671/click - {}
RESULT: {}
COMMAND: GET /session/0b442ebc8f096c4bfeb5c66a52851a3f/screenshot - {}
RESULT: {}
COMMAND: POST /session/0b442ebc8f096c4bfeb5c66a52851a3f/element - {"using":"xpath","value":"//input[@id=\"application-managecontracts-display-component---AddNewContract--yardId-inner\"]"}
RESULT: {"using":"xpath","value":"//input[@id=\"application-managecontracts-display-component---AddNewContract--yardId-inner\"]"}
COMMAND: GET /session/0b442ebc8f096c4bfeb5c66a52851a3f/element/f.9CA8B20795E6D08D18CCAFF067F35E12.d.B16C125153AB1C1D77951059206C36F8.e.12649/property/value - {}
RESULT: {}
COMMAND: POST /session/0b442ebc8f096c4bfeb5c66a52851a3f/element - {"using":"xpath","value":"//input[@id=\"application-managecontracts-display-component---AddNewContract--customerSelect-inner\"]"}
COMMAND: GET /session/0b442ebc8f096c4bfeb5c66a52851a3f/screenshot - {}
RESULT: {"using":"xpath","value":"//input[@id=\"application-managecontracts-display-component---AddNewContract--customerSelect-inner\"]"}
COMMAND: POST /session/0b442ebc8f096c4bfeb5c66a52851a3f/element/f.9CA8B20795E6D08D18CCAFF067F35E12.d.B16C125153AB1C1D77951059206C36F8.e.12647/clear - {}
RESULT: {}
RESULT: {}
COMMAND: POST /session/0b442ebc8f096c4bfeb5c66a52851a3f/element/f.9CA8B20795E6D08D18CCAFF067F35E12.d.B16C125153AB1C1D77951059206C36F8.e.12647/value - {"text":"1497"}
COMMAND: GET /session/0b442ebc8f096c4bfeb5c66a52851a3f/screenshot - {}
RESULT: {"text":"1497"}
COMMAND: GET /session/0b442ebc8f096c4bfeb5c66a52851a3f/screenshot - {}
RESULT: {}
RESULT: {}
COMMAND: POST /session/0b442ebc8f096c4bfeb5c66a52851a3f/element - {"using":"xpath","value":"//li[.//span[text()='1497']]"}
RESULT: {"using":"xpath","value":"//li[.//span[text()='1497']]"}
COMMAND: POST /session/0b442ebc8f096c4bfeb5c66a52851a3f/element/f.9CA8B20795E6D08D18CCAFF067F35E12.d.B16C125153AB1C1D77951059206C36F8.e.12674/click - {}
RESULT: {}
COMMAND: GET /session/0b442ebc8f096c4bfeb5c66a52851a3f/screenshot - {}
RESULT: {}
COMMAND: POST /session/0b442ebc8f096c4bfeb5c66a52851a3f/element - {"using":"xpath","value":"//button[@data-kt=\"saveButton\"]"}
RESULT: {"using":"xpath","value":"//button[@data-kt=\"saveButton\"]"}
COMMAND: POST /session/0b442ebc8f096c4bfeb5c66a52851a3f/element/f.9CA8B20795E6D08D18CCAFF067F35E12.d.B16C125153AB1C1D77951059206C36F8.e.12662/click - {}
RESULT: {}
COMMAND: GET /session/0b442ebc8f096c4bfeb5c66a52851a3f/screenshot - {}
RESULT: {}
COMMAND: POST /session/0b442ebc8f096c4bfeb5c66a52851a3f/element - {"using":"xpath","value":"//span[contains(@id ,\"contractDetailTitleNoExpanded\")]"}
RESULT: {"using":"xpath","value":"//span[contains(@id ,\"contractDetailTitleNoExpanded\")]"}
COMMAND: POST /session/0b442ebc8f096c4bfeb5c66a52851a3f/elements - {"using":"xpath","value":"//span[contains(@id ,\"contractDetailTitleNoExpanded\")]"}
RESULT: {"using":"xpath","value":"//span[contains(@id ,\"contractDetailTitleNoExpanded\")]"}
COMMAND: POST /session/0b442ebc8f096c4bfeb5c66a52851a3f/execute/sync - {"script":"<script> [56 bytes]","args":[{"element-6066-11e4-a52e-4f735466cecf":"f.9CA8B20795E6D08D18CCAFF067F35E12.d.B16C125153AB1C1D77951059206C36F8.e.12746","ELEMENT":"f.9CA8B20795E6D08D18CCAFF067F35E12.d.B16C125153AB1C1D77951059206C36F8.e.12746"}]}
RESULT: {"script":"<script> [56 bytes]","args":[{"element-6066-11e4-a52e-4f735466cecf":"f.9CA8B20795E6D08D18CCAFF067F35E12.d.B16C125153AB1C1D77951059206C36F8.e.12746","ELEMENT":"f.9CA8B20795E6D08D18CCAFF067F35E12.d.B16C125153AB1C1D77951059206C36F8.e.12746"}]}
COMMAND: GET /session/0b442ebc8f096c4bfeb5c66a52851a3f/screenshot - {}
RESULT: {}
]]></system-out>
    </testcase>
    <testcase classname="chrome.135_0_7049_96.windows.Create_master_data_for_mixed_billing_&amp;_do_billing_calculation_US151661" name="Should add equipment to the contract" time="60.116">
      <system-out><![CDATA[
COMMAND: POST /session/0b442ebc8f096c4bfeb5c66a52851a3f/element - {"using":"xpath","value":"//button[@data-kt=\"contractDetailEditBtnButton\"]"}
RESULT: {"using":"xpath","value":"//button[@data-kt=\"contractDetailEditBtnButton\"]"}
COMMAND: POST /session/0b442ebc8f096c4bfeb5c66a52851a3f/element/f.9CA8B20795E6D08D18CCAFF067F35E12.d.B16C125153AB1C1D77951059206C36F8.e.12748/click - {}
RESULT: {}
COMMAND: GET /session/0b442ebc8f096c4bfeb5c66a52851a3f/screenshot - {}
RESULT: {}
COMMAND: POST /session/0b442ebc8f096c4bfeb5c66a52851a3f/element - {"using":"xpath","value":"(//span[contains(text(), \"Additional Addresses\")])[2]"}
RESULT: {"using":"xpath","value":"(//span[contains(text(), \"Additional Addresses\")])[2]"}
COMMAND: POST /session/0b442ebc8f096c4bfeb5c66a52851a3f/element/f.9CA8B20795E6D08D18CCAFF067F35E12.d.B16C125153AB1C1D77951059206C36F8.e.12806/click - {}
RESULT: {}
COMMAND: GET /session/0b442ebc8f096c4bfeb5c66a52851a3f/screenshot - {}
RESULT: {}
COMMAND: POST /session/0b442ebc8f096c4bfeb5c66a52851a3f/element - {"using":"xpath","value":"//button[@data-kt=\"btnAddTableRowOverflowToolbarButton\"]"}
RESULT: {"using":"xpath","value":"//button[@data-kt=\"btnAddTableRowOverflowToolbarButton\"]"}
COMMAND: POST /session/0b442ebc8f096c4bfeb5c66a52851a3f/element/f.9CA8B20795E6D08D18CCAFF067F35E12.d.B16C125153AB1C1D77951059206C36F8.e.12809/click - {}
RESULT: {}
COMMAND: GET /session/0b442ebc8f096c4bfeb5c66a52851a3f/screenshot - {}
RESULT: {}
COMMAND: POST /session/0b442ebc8f096c4bfeb5c66a52851a3f/element - {"using":"xpath","value":"//div[(text() = 'Standard Entry' or . = 'Standard Entry')]"}
RESULT: {"using":"xpath","value":"//div[(text() = 'Standard Entry' or . = 'Standard Entry')]"}
COMMAND: POST /session/0b442ebc8f096c4bfeb5c66a52851a3f/element/f.9CA8B20795E6D08D18CCAFF067F35E12.d.B16C125153AB1C1D77951059206C36F8.e.12810/click - {}
RESULT: {}
COMMAND: GET /session/0b442ebc8f096c4bfeb5c66a52851a3f/screenshot - {}
RESULT: {}
COMMAND: POST /session/0b442ebc8f096c4bfeb5c66a52851a3f/element - {"using":"xpath","value":"//td[7]/div/div/input"}
RESULT: {"using":"xpath","value":"//td[7]/div/div/input"}
COMMAND: POST /session/0b442ebc8f096c4bfeb5c66a52851a3f/element/f.9CA8B20795E6D08D18CCAFF067F35E12.d.B16C125153AB1C1D77951059206C36F8.e.12819/clear - {}
RESULT: {}
COMMAND: POST /session/0b442ebc8f096c4bfeb5c66a52851a3f/element/f.9CA8B20795E6D08D18CCAFF067F35E12.d.B16C125153AB1C1D77951059206C36F8.e.12819/value - {"text":"qPdgBM9Gt9"}
COMMAND: GET /session/0b442ebc8f096c4bfeb5c66a52851a3f/screenshot - {}
RESULT: {}
RESULT: {"text":"qPdgBM9Gt9"}
COMMAND: GET /session/0b442ebc8f096c4bfeb5c66a52851a3f/screenshot - {}
RESULT: {}
COMMAND: POST /session/0b442ebc8f096c4bfeb5c66a52851a3f/actions - {"actions":[{"id":"action44","type":"key","parameters":{},"actions":[{"type":"keyDown","value":"î€‡"},{"type":"pause","duration":10},{"type":"keyUp","value":"î€‡"}]}]}
RESULT: {"actions":[{"id":"action44","type":"key","parameters":{},"actions":[{"type":"keyDown","value":"î€‡"},{"type":"pause","duration":10},{"type":"keyUp","value":"î€‡"}]}]}
COMMAND: GET /session/0b442ebc8f096c4bfeb5c66a52851a3f/screenshot - {}
RESULT: {}
COMMAND: POST /session/0b442ebc8f096c4bfeb5c66a52851a3f/execute/sync - {"script":"<script> [276 bytes]","args":["No pricing information was found"]}
RESULT: {"script":"<script> [276 bytes]","args":["No pricing information was found"]}
COMMAND: POST /session/0b442ebc8f096c4bfeb5c66a52851a3f/element - {"using":"xpath","value":"(//button[@data-kt=\"saveButton\"])[2]"}
COMMAND: GET /session/0b442ebc8f096c4bfeb5c66a52851a3f/screenshot - {}
RESULT: {"using":"xpath","value":"(//button[@data-kt=\"saveButton\"])[2]"}
COMMAND: POST /session/0b442ebc8f096c4bfeb5c66a52851a3f/element/f.9CA8B20795E6D08D18CCAFF067F35E12.d.B16C125153AB1C1D77951059206C36F8.e.12834/click - {}
RESULT: {}
RESULT: {}
COMMAND: GET /session/0b442ebc8f096c4bfeb5c66a52851a3f/screenshot - {}
RESULT: {}
COMMAND: POST /session/0b442ebc8f096c4bfeb5c66a52851a3f/execute/sync - {"script":"<script> [276 bytes]","args":["Some contract items are having rental validity exceeding header rental validity"]}
RESULT: {"script":"<script> [276 bytes]","args":["Some contract items are having rental validity exceeding header rental validity"]}
COMMAND: GET /session/0b442ebc8f096c4bfeb5c66a52851a3f/screenshot - {}
RESULT: {}
COMMAND: POST /session/0b442ebc8f096c4bfeb5c66a52851a3f/element - {"using":"xpath","value":"//span[contains(@id ,\"contractItemsSmartTable-header-inner\")]"}
RESULT: {"using":"xpath","value":"//span[contains(@id ,\"contractItemsSmartTable-header-inner\")]"}
COMMAND: POST /session/0b442ebc8f096c4bfeb5c66a52851a3f/elements - {"using":"xpath","value":"//span[contains(@id ,\"contractItemsSmartTable-header-inner\")]"}
RESULT: {"using":"xpath","value":"//span[contains(@id ,\"contractItemsSmartTable-header-inner\")]"}
COMMAND: POST /session/0b442ebc8f096c4bfeb5c66a52851a3f/execute/sync - {"script":"<script> [56 bytes]","args":[{"element-6066-11e4-a52e-4f735466cecf":"f.9CA8B20795E6D08D18CCAFF067F35E12.d.B16C125153AB1C1D77951059206C36F8.e.12840","ELEMENT":"f.9CA8B20795E6D08D18CCAFF067F35E12.d.B16C125153AB1C1D77951059206C36F8.e.12840"}]}
RESULT: {"script":"<script> [56 bytes]","args":[{"element-6066-11e4-a52e-4f735466cecf":"f.9CA8B20795E6D08D18CCAFF067F35E12.d.B16C125153AB1C1D77951059206C36F8.e.12840","ELEMENT":"f.9CA8B20795E6D08D18CCAFF067F35E12.d.B16C125153AB1C1D77951059206C36F8.e.12840"}]}
COMMAND: GET /session/0b442ebc8f096c4bfeb5c66a52851a3f/screenshot - {}
]]></system-out>
    </testcase>
    <testcase classname="chrome.135_0_7049_96.windows.Create_master_data_for_mixed_billing_&amp;_do_billing_calculation_US151661" name="Should do a provide to site handover" time="69.709">
      <system-out><![CDATA[
COMMAND: POST /session/0b442ebc8f096c4bfeb5c66a52851a3f/element - {"using":"xpath","value":"//button[@data-kt=\"provideButton\"]"}
RESULT: {}
RESULT: {"using":"xpath","value":"//button[@data-kt=\"provideButton\"]"}
COMMAND: POST /session/0b442ebc8f096c4bfeb5c66a52851a3f/element/f.9CA8B20795E6D08D18CCAFF067F35E12.d.B16C125153AB1C1D77951059206C36F8.e.12842/click - {}
RESULT: {}
COMMAND: GET /session/0b442ebc8f096c4bfeb5c66a52851a3f/screenshot - {}
RESULT: {}
RESULT: undefined
COMMAND: POST /session/0b442ebc8f096c4bfeb5c66a52851a3f/execute/async - {"script":"<script> [6424 bytes]","args":[{"element-6066-11e4-a52e-4f735466cecf":"f.9CA8B20795E6D08D18CCAFF067F35E12.d.B16C125153AB1C1D77951059206C36F8.e.11760"},"setValue",["05/06/2025"]]}
COMMAND: POST /session/0b442ebc8f096c4bfeb5c66a52851a3f/execute/async - {"script":"<script> [1562 bytes]","args":[{"selector":{"id":"application-managehandovers-display-component---AddNewHO--dueDate","interaction":{"idSuffix":"inner"}},"wdio_ui5_key":"applicationmanagehandovers-display-component---AddNewHO--dueDate"}]}
RESULT: {"script":"<script> [1562 bytes]","args":[{"selector":{"id":"application-managehandovers-display-component---AddNewHO--dueDate","interaction":{"idSuffix":"inner"}},"wdio_ui5_key":"applicationmanagehandovers-display-component---AddNewHO--dueDate"}]}
COMMAND: POST /session/0b442ebc8f096c4bfeb5c66a52851a3f/execute/async - {"script":"<script> [6424 bytes]","args":[{"element-6066-11e4-a52e-4f735466cecf":"f.9CA8B20795E6D08D18CCAFF067F35E12.d.B16C125153AB1C1D77951059206C36F8.e.12916"},"setValue",["05/06/2025"]]}
RESULT: {"script":"<script> [6424 bytes]","args":[{"element-6066-11e4-a52e-4f735466cecf":"f.9CA8B20795E6D08D18CCAFF067F35E12.d.B16C125153AB1C1D77951059206C36F8.e.12916"},"setValue",["05/06/2025"]]}
COMMAND: POST /session/0b442ebc8f096c4bfeb5c66a52851a3f/element - {"using":"xpath","value":"//bdi[contains(text(), \"Instructions\")]"}
RESULT: {"using":"xpath","value":"//bdi[contains(text(), \"Instructions\")]"}
COMMAND: POST /session/0b442ebc8f096c4bfeb5c66a52851a3f/element/f.9CA8B20795E6D08D18CCAFF067F35E12.d.B16C125153AB1C1D77951059206C36F8.e.13157/click - {}
RESULT: {}
COMMAND: GET /session/0b442ebc8f096c4bfeb5c66a52851a3f/screenshot - {}
RESULT: {}
COMMAND: POST /session/0b442ebc8f096c4bfeb5c66a52851a3f/element - {"using":"xpath","value":"//button[@data-kt=\"AddNewHOProvideAddItemsButton\"]"}
RESULT: {"using":"xpath","value":"//button[@data-kt=\"AddNewHOProvideAddItemsButton\"]"}
COMMAND: POST /session/0b442ebc8f096c4bfeb5c66a52851a3f/element/f.9CA8B20795E6D08D18CCAFF067F35E12.d.B16C125153AB1C1D77951059206C36F8.e.13161/click - {}
RESULT: {}
COMMAND: GET /session/0b442ebc8f096c4bfeb5c66a52851a3f/screenshot - {}
RESULT: {}
RESULT: undefined
COMMAND: POST /session/0b442ebc8f096c4bfeb5c66a52851a3f/element - {"using":"xpath","value":"//*[@id=\"application-managehandovers-display-component---AddNewHO--popup-sa\"]"}
RESULT: {"using":"xpath","value":"//*[@id=\"application-managehandovers-display-component---AddNewHO--popup-sa\"]"}
COMMAND: POST /session/0b442ebc8f096c4bfeb5c66a52851a3f/element/f.9CA8B20795E6D08D18CCAFF067F35E12.d.B16C125153AB1C1D77951059206C36F8.e.13171/click - {}
RESULT: {}
COMMAND: GET /session/0b442ebc8f096c4bfeb5c66a52851a3f/screenshot - {}
RESULT: {}
COMMAND: POST /session/0b442ebc8f096c4bfeb5c66a52851a3f/element - {"using":"xpath","value":"//*[contains(@id ,\"BDI-content\")][contains(text(), \"Select\")]"}
RESULT: {"using":"xpath","value":"//*[contains(@id ,\"BDI-content\")][contains(text(), \"Select\")]"}
COMMAND: POST /session/0b442ebc8f096c4bfeb5c66a52851a3f/element/f.9CA8B20795E6D08D18CCAFF067F35E12.d.B16C125153AB1C1D77951059206C36F8.e.13172/click - {}
RESULT: {}
COMMAND: GET /session/0b442ebc8f096c4bfeb5c66a52851a3f/screenshot - {}
RESULT: {}
COMMAND: POST /session/0b442ebc8f096c4bfeb5c66a52851a3f/execute/async - {"script":"<script> [1562 bytes]","args":[{"selector":{"id":"application-managehandovers-display-component---AddNewHO--confirmCreationButton","interaction":{"idSuffix":"BDI-content"}},"wdio_ui5_key":"applicationmanagehandovers-display-component---AddNewHO--confirmCreationButton"}]}
RESULT: {"script":"<script> [1562 bytes]","args":[{"selector":{"id":"application-managehandovers-display-component---AddNewHO--confirmCreationButton","interaction":{"idSuffix":"BDI-content"}},"wdio_ui5_key":"applicationmanagehandovers-display-component---AddNewHO--confirmCreationButton"}]}
RESULT: undefined
COMMAND: POST /session/0b442ebc8f096c4bfeb5c66a52851a3f/element - {"using":"xpath","value":"//*[@id=\"application-managehandovers-display-component---AddNewHO--confirmCreationButton\"]"}
RESULT: {"using":"xpath","value":"//*[@id=\"application-managehandovers-display-component---AddNewHO--confirmCreationButton\"]"}
COMMAND: POST /session/0b442ebc8f096c4bfeb5c66a52851a3f/element/f.9CA8B20795E6D08D18CCAFF067F35E12.d.B16C125153AB1C1D77951059206C36F8.e.12966/click - {}
RESULT: {}
COMMAND: GET /session/0b442ebc8f096c4bfeb5c66a52851a3f/screenshot - {}
COMMAND: POST /session/0b442ebc8f096c4bfeb5c66a52851a3f/element - {"using":"xpath","value":"//button[@data-kt=\"PickingTableConfirmAllButton\"]"}
RESULT: {}
RESULT: {"using":"xpath","value":"//button[@data-kt=\"PickingTableConfirmAllButton\"]"}
COMMAND: POST /session/0b442ebc8f096c4bfeb5c66a52851a3f/element/f.9CA8B20795E6D08D18CCAFF067F35E12.d.B16C125153AB1C1D77951059206C36F8.e.13228/click - {}
RESULT: {}
COMMAND: GET /session/0b442ebc8f096c4bfeb5c66a52851a3f/screenshot - {}
RESULT: {}
COMMAND: POST /session/0b442ebc8f096c4bfeb5c66a52851a3f/element - {"using":"xpath","value":"//bdi[contains(text(), \"OK\")]"}
RESULT: {"using":"xpath","value":"//bdi[contains(text(), \"OK\")]"}
COMMAND: POST /session/0b442ebc8f096c4bfeb5c66a52851a3f/element/f.9CA8B20795E6D08D18CCAFF067F35E12.d.B16C125153AB1C1D77951059206C36F8.e.13232/click - {}
RESULT: {}
COMMAND: GET /session/0b442ebc8f096c4bfeb5c66a52851a3f/screenshot - {}
RESULT: {}
COMMAND: POST /session/0b442ebc8f096c4bfeb5c66a52851a3f/element - {"using":"xpath","value":"//bdi[contains(text(), \"Ok\")]"}
RESULT: {"using":"xpath","value":"//bdi[contains(text(), \"Ok\")]"}
COMMAND: POST /session/0b442ebc8f096c4bfeb5c66a52851a3f/element/f.9CA8B20795E6D08D18CCAFF067F35E12.d.B16C125153AB1C1D77951059206C36F8.e.13241/click - {}
RESULT: {}
COMMAND: GET /session/0b442ebc8f096c4bfeb5c66a52851a3f/screenshot - {}
RESULT: {}
COMMAND: POST /session/0b442ebc8f096c4bfeb5c66a52851a3f/element - {"using":"xpath","value":"//bdi[contains(text(), \"Issue\")]"}
RESULT: {"using":"xpath","value":"//bdi[contains(text(), \"Issue\")]"}
COMMAND: POST /session/0b442ebc8f096c4bfeb5c66a52851a3f/element/f.9CA8B20795E6D08D18CCAFF067F35E12.d.B16C125153AB1C1D77951059206C36F8.e.13243/click - {}
RESULT: {}
COMMAND: GET /session/0b442ebc8f096c4bfeb5c66a52851a3f/screenshot - {}
RESULT: {}
COMMAND: POST /session/0b442ebc8f096c4bfeb5c66a52851a3f/element - {"using":"css selector","value":"#shell-header-logo"}
RESULT: {"using":"css selector","value":"#shell-header-logo"}
COMMAND: POST /session/0b442ebc8f096c4bfeb5c66a52851a3f/element/f.9CA8B20795E6D08D18CCAFF067F35E12.d.B16C125153AB1C1D77951059206C36F8.e.12287/click - {}
RESULT: {}
COMMAND: GET /session/0b442ebc8f096c4bfeb5c66a52851a3f/screenshot - {}
RESULT: {}
]]></system-out>
    </testcase>
    <testcase classname="chrome.135_0_7049_96.windows.Create_master_data_for_mixed_billing_&amp;_do_billing_calculation_US151661" name="Should create a few performance documents" time="112.188">
      <system-out><![CDATA[
COMMAND: POST /session/0b442ebc8f096c4bfeb5c66a52851a3f/window/fullscreen - {}
RESULT: {}
COMMAND: POST /session/0b442ebc8f096c4bfeb5c66a52851a3f/execute/async - {"script":"<script> [1562 bytes]","args":[{"selector":{"controlType":"sap.m.GenericTile","properties":{"header":"Manage States & Performance"}},"wdio_ui5_key":"sapm.GenericTile{\"header\":\"Manage States & Performance\"}"}]}
RESULT: {"script":"<script> [1562 bytes]","args":[{"selector":{"controlType":"sap.m.GenericTile","properties":{"header":"Manage States & Performance"}},"wdio_ui5_key":"sapm.GenericTile{\"header\":\"Manage States & Performance\"}"}]}
RESULT: undefined
COMMAND: POST /session/0b442ebc8f096c4bfeb5c66a52851a3f/element - {"using":"xpath","value":"//*[@id=\"__tile56\"]"}
RESULT: {"using":"xpath","value":"//*[@id=\"__tile56\"]"}
COMMAND: POST /session/0b442ebc8f096c4bfeb5c66a52851a3f/element/f.9CA8B20795E6D08D18CCAFF067F35E12.d.B16C125153AB1C1D77951059206C36F8.e.6308/click - {}
RESULT: {}
COMMAND: POST /session/0b442ebc8f096c4bfeb5c66a52851a3f/execute/async - {"script":"<script> [1562 bytes]","args":[{"selector":{"id":"application-managestatesandperformance-display-component---stateAndPerform--smartFilterBarResources-btnBasicSearch","interaction":{"idSuffix":"I"}},"wdio_ui5_key":"applicationmanagestatesandperformance-display-component---stateAndPerform--smartFilterBarResources-btnBasicSearch"}]}
COMMAND: GET /session/0b442ebc8f096c4bfeb5c66a52851a3f/screenshot - {}
RESULT: {"script":"<script> [1562 bytes]","args":[{"selector":{"id":"application-managestatesandperformance-display-component---stateAndPerform--smartFilterBarResources-btnBasicSearch","interaction":{"idSuffix":"I"}},"wdio_ui5_key":"applicationmanagestatesandperformance-display-component---stateAndPerform--smartFilterBarResources-btnBasicSearch"}]}
RESULT: undefined
COMMAND: POST /session/0b442ebc8f096c4bfeb5c66a52851a3f/execute/async - {"script":"<script> [776 bytes]","args":[{"enterText":"qPdgBM9Gt9","selector":{"id":"application-managestatesandperformance-display-component---stateAndPerform--smartFilterBarResources-btnBasicSearch","interaction":{"idSuffix":"I"}},"clearTextFirst":true,"interactionType":"ENTER_TEXT"}]}
RESULT: {}
RESULT: {"script":"<script> [776 bytes]","args":[{"enterText":"qPdgBM9Gt9","selector":{"id":"application-managestatesandperformance-display-component---stateAndPerform--smartFilterBarResources-btnBasicSearch","interaction":{"idSuffix":"I"}},"clearTextFirst":true,"interactionType":"ENTER_TEXT"}]}
COMMAND: POST /session/0b442ebc8f096c4bfeb5c66a52851a3f/actions - {"actions":[{"id":"action45","type":"key","parameters":{},"actions":[{"type":"keyDown","value":"î€‡"},{"type":"pause","duration":10},{"type":"keyUp","value":"î€‡"}]}]}
RESULT: {"actions":[{"id":"action45","type":"key","parameters":{},"actions":[{"type":"keyDown","value":"î€‡"},{"type":"pause","duration":10},{"type":"keyUp","value":"î€‡"}]}]}
COMMAND: GET /session/0b442ebc8f096c4bfeb5c66a52851a3f/screenshot - {}
RESULT: {}
COMMAND: POST /session/0b442ebc8f096c4bfeb5c66a52851a3f/execute/async - {"script":"<script> [1562 bytes]","args":[{"selector":{"id":"application-managestatesandperformance-display-component---stateAndPerform--stateAndPerformResourcesSmartTable-header"},"wdio_ui5_key":"applicationmanagestatesandperformance-display-component---stateAndPerform--stateAndPerformResourcesSmartTable-header"}]}
RESULT: {"script":"<script> [1562 bytes]","args":[{"selector":{"id":"application-managestatesandperformance-display-component---stateAndPerform--stateAndPerformResourcesSmartTable-header"},"wdio_ui5_key":"applicationmanagestatesandperformance-display-component---stateAndPerform--stateAndPerformResourcesSmartTable-header"}]}
RESULT: undefined
COMMAND: POST /session/0b442ebc8f096c4bfeb5c66a52851a3f/execute/async - {"script":"<script> [6424 bytes]","args":[{"element-6066-11e4-a52e-4f735466cecf":"f.9CA8B20795E6D08D18CCAFF067F35E12.d.B16C125153AB1C1D77951059206C36F8.e.13649"},"getText",[]]}
RESULT: {"script":"<script> [6424 bytes]","args":[{"element-6066-11e4-a52e-4f735466cecf":"f.9CA8B20795E6D08D18CCAFF067F35E12.d.B16C125153AB1C1D77951059206C36F8.e.13649"},"getText",[]]}
COMMAND: POST /session/0b442ebc8f096c4bfeb5c66a52851a3f/execute/async - {"script":"<script> [1562 bytes]","args":[{"selector":{"controlType":"sap.ui.core.Icon","viewName":"etm.portal.ui.managestatesandperformance.view.Master","viewId":"application-managestatesandperformance-display-component---stateAndPerform","properties":{"src":{"regex":{"source":"slim\\-arrow\\-right"}}}},"wdio_ui5_key":"etmportal.ui.managestatesandperformance.view.Mastersap.ui.core.Icon{\"src\":{\"regex\":{\"source\":\"slim\\\\-arrow\\\\-right\"}}}"}]}
RESULT: {"script":"<script> [1562 bytes]","args":[{"selector":{"controlType":"sap.ui.core.Icon","viewName":"etm.portal.ui.managestatesandperformance.view.Master","viewId":"application-managestatesandperformance-display-component---stateAndPerform","properties":{"src":{"regex":{"source":"slim\\-arrow\\-right"}}}},"wdio_ui5_key":"etmportal.ui.managestatesandperformance.view.Mastersap.ui.core.Icon{\"src\":{\"regex\":{\"source\":\"slim\\\\-arrow\\\\-right\"}}}"}]}
RESULT: undefined
COMMAND: POST /session/0b442ebc8f096c4bfeb5c66a52851a3f/element - {"using":"xpath","value":"//*[@id=\"__item5000-__clone17635-imgNav\"]"}
RESULT: {"using":"xpath","value":"//*[@id=\"__item5000-__clone17635-imgNav\"]"}
COMMAND: POST /session/0b442ebc8f096c4bfeb5c66a52851a3f/element/f.9CA8B20795E6D08D18CCAFF067F35E12.d.B16C125153AB1C1D77951059206C36F8.e.13648/click - {}
RESULT: {}
COMMAND: GET /session/0b442ebc8f096c4bfeb5c66a52851a3f/screenshot - {}
RESULT: {}
COMMAND: POST /session/0b442ebc8f096c4bfeb5c66a52851a3f/execute/async - {"script":"<script> [1562 bytes]","args":[{"selector":{"controlType":"sap.m.Button","viewName":"etm.portal.ui.managestatesandperformance.view.Detail","viewId":"application-managestatesandperformance-display-component---detailStateAndPerform","properties":{"text":"Performance Documents"}},"wdio_ui5_key":"etmportal.ui.managestatesandperformance.view.Detailsap.m.Button{\"text\":\"Performance Documents\"}"}]}
RESULT: {"script":"<script> [1562 bytes]","args":[{"selector":{"controlType":"sap.m.Button","viewName":"etm.portal.ui.managestatesandperformance.view.Detail","viewId":"application-managestatesandperformance-display-component---detailStateAndPerform","properties":{"text":"Performance Documents"}},"wdio_ui5_key":"etmportal.ui.managestatesandperformance.view.Detailsap.m.Button{\"text\":\"Performance Documents\"}"}]}
RESULT: undefined
COMMAND: POST /session/0b442ebc8f096c4bfeb5c66a52851a3f/element - {"using":"xpath","value":"//*[@id=\"__item5023-button\"]"}
RESULT: {"using":"xpath","value":"//*[@id=\"__item5023-button\"]"}
COMMAND: POST /session/0b442ebc8f096c4bfeb5c66a52851a3f/element/f.9CA8B20795E6D08D18CCAFF067F35E12.d.B16C125153AB1C1D77951059206C36F8.e.13693/click - {}
RESULT: {}
COMMAND: POST /session/0b442ebc8f096c4bfeb5c66a52851a3f/execute/async - {"script":"<script> [1562 bytes]","args":[{"selector":{"controlType":"sap.m.Button","viewName":"etm.portal.ui.managestatesandperformance.view.Detail","viewId":"application-managestatesandperformance-display-component---detailStateAndPerform","i18NText":{"propertyName":"text","key":"createPerformanceDoc"},"interaction":{"idSuffix":"BDI-content"}},"wdio_ui5_key":"etmportal.ui.managestatesandperformance.view.Detailsap.m.Button{\"propertyName\":\"text\",\"key\":\"createPerformanceDoc\"}"}]}
COMMAND: GET /session/0b442ebc8f096c4bfeb5c66a52851a3f/screenshot - {}
RESULT: {"script":"<script> [1562 bytes]","args":[{"selector":{"controlType":"sap.m.Button","viewName":"etm.portal.ui.managestatesandperformance.view.Detail","viewId":"application-managestatesandperformance-display-component---detailStateAndPerform","i18NText":{"propertyName":"text","key":"createPerformanceDoc"},"interaction":{"idSuffix":"BDI-content"}},"wdio_ui5_key":"etmportal.ui.managestatesandperformance.view.Detailsap.m.Button{\"propertyName\":\"text\",\"key\":\"createPerformanceDoc\"}"}]}
RESULT: undefined
COMMAND: POST /session/0b442ebc8f096c4bfeb5c66a52851a3f/element - {"using":"xpath","value":"//*[@id=\"__button545\"]"}
RESULT: {}
RESULT: {"using":"xpath","value":"//*[@id=\"__button545\"]"}
COMMAND: POST /session/0b442ebc8f096c4bfeb5c66a52851a3f/element/f.9CA8B20795E6D08D18CCAFF067F35E12.d.B16C125153AB1C1D77951059206C36F8.e.13697/click - {}
RESULT: {}
COMMAND: POST /session/0b442ebc8f096c4bfeb5c66a52851a3f/execute/async - {"script":"<script> [1562 bytes]","args":[{"selector":{"id":"application-managestatesandperformance-display-component---detailStateAndPerform--perfDocDatePicker","searchOpenDialogs":true,"interaction":{"idSuffix":"inner"}},"wdio_ui5_key":"applicationmanagestatesandperformance-display-component---detailStateAndPerform--perfDocDatePicker"}]}
COMMAND: GET /session/0b442ebc8f096c4bfeb5c66a52851a3f/screenshot - {}
RESULT: {"script":"<script> [1562 bytes]","args":[{"selector":{"id":"application-managestatesandperformance-display-component---detailStateAndPerform--perfDocDatePicker","searchOpenDialogs":true,"interaction":{"idSuffix":"inner"}},"wdio_ui5_key":"applicationmanagestatesandperformance-display-component---detailStateAndPerform--perfDocDatePicker"}]}
RESULT: undefined
COMMAND: POST /session/0b442ebc8f096c4bfeb5c66a52851a3f/execute/async - {"script":"<script> [776 bytes]","args":[{"enterText":"05/08/25","selector":{"id":"application-managestatesandperformance-display-component---detailStateAndPerform--perfDocDatePicker","searchOpenDialogs":true,"interaction":{"idSuffix":"inner"}},"clearTextFirst":true,"interactionType":"ENTER_TEXT"}]}
RESULT: {}
RESULT: {"script":"<script> [776 bytes]","args":[{"enterText":"05/08/25","selector":{"id":"application-managestatesandperformance-display-component---detailStateAndPerform--perfDocDatePicker","searchOpenDialogs":true,"interaction":{"idSuffix":"inner"}},"clearTextFirst":true,"interactionType":"ENTER_TEXT"}]}
COMMAND: POST /session/0b442ebc8f096c4bfeb5c66a52851a3f/execute/async - {"script":"<script> [1562 bytes]","args":[{"selector":{"id":"application-managestatesandperformance-display-component---detailStateAndPerform--counterValue-input","searchOpenDialogs":true,"interaction":{"idSuffix":"inner"}},"wdio_ui5_key":"applicationmanagestatesandperformance-display-component---detailStateAndPerform--counterValue-input"}]}
RESULT: {"script":"<script> [1562 bytes]","args":[{"selector":{"id":"application-managestatesandperformance-display-component---detailStateAndPerform--counterValue-input","searchOpenDialogs":true,"interaction":{"idSuffix":"inner"}},"wdio_ui5_key":"applicationmanagestatesandperformance-display-component---detailStateAndPerform--counterValue-input"}]}
RESULT: undefined
COMMAND: POST /session/0b442ebc8f096c4bfeb5c66a52851a3f/execute/async - {"script":"<script> [776 bytes]","args":[{"enterText":"15.00","selector":{"id":"application-managestatesandperformance-display-component---detailStateAndPerform--counterValue-input","searchOpenDialogs":true,"interaction":{"idSuffix":"inner"}},"clearTextFirst":true,"interactionType":"ENTER_TEXT"}]}
RESULT: {"script":"<script> [776 bytes]","args":[{"enterText":"15.00","selector":{"id":"application-managestatesandperformance-display-component---detailStateAndPerform--counterValue-input","searchOpenDialogs":true,"interaction":{"idSuffix":"inner"}},"clearTextFirst":true,"interactionType":"ENTER_TEXT"}]}
COMMAND: POST /session/0b442ebc8f096c4bfeb5c66a52851a3f/execute/async - {"script":"<script> [1562 bytes]","args":[{"selector":{"controlType":"sap.m.Button","viewName":"etm.portal.ui.managestatesandperformance.view.Detail","viewId":"application-managestatesandperformance-display-component---detailStateAndPerform","bindingPath":{"path":"","propertyPath":"/allowAddEdit","modelName":"oScreenModel"},"searchOpenDialogs":true,"interaction":{"idSuffix":"BDI-content"}},"wdio_ui5_key":"etmportal.ui.managestatesandperformance.view.Detailsap.m.Button{\"path\":\"\",\"propertyPath\":\"/allowAddEdit\",\"modelName\":\"oScreenModel\"}"}]}
RESULT: {"script":"<script> [1562 bytes]","args":[{"selector":{"controlType":"sap.m.Button","viewName":"etm.portal.ui.managestatesandperformance.view.Detail","viewId":"application-managestatesandperformance-display-component---detailStateAndPerform","bindingPath":{"path":"","propertyPath":"/allowAddEdit","modelName":"oScreenModel"},"searchOpenDialogs":true,"interaction":{"idSuffix":"BDI-content"}},"wdio_ui5_key":"etmportal.ui.managestatesandperformance.view.Detailsap.m.Button{\"path\":\"\",\"propertyPath\":\"/allowAddEdit\",\"modelName\":\"oScreenModel\"}"}]}
RESULT: undefined
COMMAND: POST /session/0b442ebc8f096c4bfeb5c66a52851a3f/element - {"using":"xpath","value":"//*[@id=\"__button552\"]"}
RESULT: {"using":"xpath","value":"//*[@id=\"__button552\"]"}
COMMAND: POST /session/0b442ebc8f096c4bfeb5c66a52851a3f/element/f.9CA8B20795E6D08D18CCAFF067F35E12.d.B16C125153AB1C1D77951059206C36F8.e.13712/click - {}
RESULT: {}
RESULT: undefined
COMMAND: POST /session/0b442ebc8f096c4bfeb5c66a52851a3f/element - {"using":"xpath","value":"//*[@id=\"__button545\"]"}
COMMAND: GET /session/0b442ebc8f096c4bfeb5c66a52851a3f/screenshot - {}
RESULT: {"using":"xpath","value":"//*[@id=\"__button545\"]"}
COMMAND: POST /session/0b442ebc8f096c4bfeb5c66a52851a3f/element/f.9CA8B20795E6D08D18CCAFF067F35E12.d.B16C125153AB1C1D77951059206C36F8.e.13697/click - {}
RESULT: {}
RESULT: {}
RESULT: undefined
COMMAND: POST /session/0b442ebc8f096c4bfeb5c66a52851a3f/execute/async - {"script":"<script> [776 bytes]","args":[{"enterText":"05/12/25","selector":{"id":"application-managestatesandperformance-display-component---detailStateAndPerform--perfDocDatePicker","searchOpenDialogs":true,"interaction":{"idSuffix":"inner"}},"clearTextFirst":true,"interactionType":"ENTER_TEXT"}]}
COMMAND: GET /session/0b442ebc8f096c4bfeb5c66a52851a3f/screenshot - {}
RESULT: {"script":"<script> [776 bytes]","args":[{"enterText":"05/12/25","selector":{"id":"application-managestatesandperformance-display-component---detailStateAndPerform--perfDocDatePicker","searchOpenDialogs":true,"interaction":{"idSuffix":"inner"}},"clearTextFirst":true,"interactionType":"ENTER_TEXT"}]}
RESULT: undefined
COMMAND: POST /session/0b442ebc8f096c4bfeb5c66a52851a3f/execute/async - {"script":"<script> [776 bytes]","args":[{"enterText":"20.00","selector":{"id":"application-managestatesandperformance-display-component---detailStateAndPerform--counterValue-input","searchOpenDialogs":true,"interaction":{"idSuffix":"inner"}},"clearTextFirst":true,"interactionType":"ENTER_TEXT"}]}
RESULT: {}
RESULT: {"script":"<script> [776 bytes]","args":[{"enterText":"20.00","selector":{"id":"application-managestatesandperformance-display-component---detailStateAndPerform--counterValue-input","searchOpenDialogs":true,"interaction":{"idSuffix":"inner"}},"clearTextFirst":true,"interactionType":"ENTER_TEXT"}]}
COMMAND: POST /session/0b442ebc8f096c4bfeb5c66a52851a3f/actions - {"actions":[{"id":"action46","type":"key","parameters":{},"actions":[{"type":"keyDown","value":"î€„"},{"type":"keyDown","value":"î€„"},{"type":"pause","duration":10},{"type":"keyUp","value":"î€„"},{"type":"keyUp","value":"î€„"}]}]}
RESULT: {"actions":[{"id":"action46","type":"key","parameters":{},"actions":[{"type":"keyDown","value":"î€„"},{"type":"keyDown","value":"î€„"},{"type":"pause","duration":10},{"type":"keyUp","value":"î€„"},{"type":"keyUp","value":"î€„"}]}]}
COMMAND: POST /session/0b442ebc8f096c4bfeb5c66a52851a3f/actions - {"actions":[{"id":"action47","type":"key","parameters":{},"actions":[{"type":"keyDown","value":"î€‡"},{"type":"pause","duration":10},{"type":"keyUp","value":"î€‡"}]}]}
COMMAND: GET /session/0b442ebc8f096c4bfeb5c66a52851a3f/screenshot - {}
RESULT: {"actions":[{"id":"action47","type":"key","parameters":{},"actions":[{"type":"keyDown","value":"î€‡"},{"type":"pause","duration":10},{"type":"keyUp","value":"î€‡"}]}]}
RESULT: undefined
COMMAND: POST /session/0b442ebc8f096c4bfeb5c66a52851a3f/element - {"using":"xpath","value":"//*[@id=\"__button552\"]"}
COMMAND: GET /session/0b442ebc8f096c4bfeb5c66a52851a3f/screenshot - {}
RESULT: {}
RESULT: {"using":"xpath","value":"//*[@id=\"__button552\"]"}
COMMAND: POST /session/0b442ebc8f096c4bfeb5c66a52851a3f/elements - {"using":"xpath","value":"//*[@id=\"__button552\"]"}
RESULT: {}
RESULT: {"using":"xpath","value":"//*[@id=\"__button552\"]"}
COMMAND: POST /session/0b442ebc8f096c4bfeb5c66a52851a3f/elements - {"using":"xpath","value":"//*[@id=\"__button552\"]"}
RESULT: {"using":"xpath","value":"//*[@id=\"__button552\"]"}
COMMAND: POST /session/0b442ebc8f096c4bfeb5c66a52851a3f/elements - {"using":"xpath","value":"//*[@id=\"__button552\"]"}
RESULT: {"using":"xpath","value":"//*[@id=\"__button552\"]"}
COMMAND: POST /session/0b442ebc8f096c4bfeb5c66a52851a3f/elements - {"using":"xpath","value":"//*[@id=\"__button552\"]"}
RESULT: {"using":"xpath","value":"//*[@id=\"__button552\"]"}
COMMAND: POST /session/0b442ebc8f096c4bfeb5c66a52851a3f/elements - {"using":"xpath","value":"//*[@id=\"__button552\"]"}
RESULT: {"using":"xpath","value":"//*[@id=\"__button552\"]"}
COMMAND: POST /session/0b442ebc8f096c4bfeb5c66a52851a3f/elements - {"using":"xpath","value":"//*[@id=\"__button552\"]"}
RESULT: {"using":"xpath","value":"//*[@id=\"__button552\"]"}
COMMAND: POST /session/0b442ebc8f096c4bfeb5c66a52851a3f/elements - {"using":"xpath","value":"//*[@id=\"__button552\"]"}
RESULT: {"using":"xpath","value":"//*[@id=\"__button552\"]"}
COMMAND: POST /session/0b442ebc8f096c4bfeb5c66a52851a3f/elements - {"using":"xpath","value":"//*[@id=\"__button552\"]"}
RESULT: {"using":"xpath","value":"//*[@id=\"__button552\"]"}
COMMAND: POST /session/0b442ebc8f096c4bfeb5c66a52851a3f/elements - {"using":"xpath","value":"//*[@id=\"__button552\"]"}
RESULT: {"using":"xpath","value":"//*[@id=\"__button552\"]"}
COMMAND: POST /session/0b442ebc8f096c4bfeb5c66a52851a3f/elements - {"using":"xpath","value":"//*[@id=\"__button552\"]"}
RESULT: {"using":"xpath","value":"//*[@id=\"__button552\"]"}
COMMAND: POST /session/0b442ebc8f096c4bfeb5c66a52851a3f/elements - {"using":"xpath","value":"//*[@id=\"__button552\"]"}
RESULT: {"using":"xpath","value":"//*[@id=\"__button552\"]"}
COMMAND: POST /session/0b442ebc8f096c4bfeb5c66a52851a3f/elements - {"using":"xpath","value":"//*[@id=\"__button552\"]"}
RESULT: {"using":"xpath","value":"//*[@id=\"__button552\"]"}
COMMAND: POST /session/0b442ebc8f096c4bfeb5c66a52851a3f/elements - {"using":"xpath","value":"//*[@id=\"__button552\"]"}
RESULT: {"using":"xpath","value":"//*[@id=\"__button552\"]"}
COMMAND: POST /session/0b442ebc8f096c4bfeb5c66a52851a3f/elements - {"using":"xpath","value":"//*[@id=\"__button552\"]"}
RESULT: {"using":"xpath","value":"//*[@id=\"__button552\"]"}
COMMAND: POST /session/0b442ebc8f096c4bfeb5c66a52851a3f/elements - {"using":"xpath","value":"//*[@id=\"__button552\"]"}
RESULT: {"using":"xpath","value":"//*[@id=\"__button552\"]"}
COMMAND: POST /session/0b442ebc8f096c4bfeb5c66a52851a3f/elements - {"using":"xpath","value":"//*[@id=\"__button552\"]"}
RESULT: {"using":"xpath","value":"//*[@id=\"__button552\"]"}
COMMAND: POST /session/0b442ebc8f096c4bfeb5c66a52851a3f/elements - {"using":"xpath","value":"//*[@id=\"__button552\"]"}
RESULT: {"using":"xpath","value":"//*[@id=\"__button552\"]"}
COMMAND: POST /session/0b442ebc8f096c4bfeb5c66a52851a3f/elements - {"using":"xpath","value":"//*[@id=\"__button552\"]"}
RESULT: {"using":"xpath","value":"//*[@id=\"__button552\"]"}
COMMAND: POST /session/0b442ebc8f096c4bfeb5c66a52851a3f/elements - {"using":"xpath","value":"//*[@id=\"__button552\"]"}
RESULT: {"using":"xpath","value":"//*[@id=\"__button552\"]"}
COMMAND: POST /session/0b442ebc8f096c4bfeb5c66a52851a3f/elements - {"using":"xpath","value":"//*[@id=\"__button552\"]"}
RESULT: {"using":"xpath","value":"//*[@id=\"__button552\"]"}
COMMAND: POST /session/0b442ebc8f096c4bfeb5c66a52851a3f/elements - {"using":"xpath","value":"//*[@id=\"__button552\"]"}
RESULT: {"using":"xpath","value":"//*[@id=\"__button552\"]"}
COMMAND: POST /session/0b442ebc8f096c4bfeb5c66a52851a3f/elements - {"using":"xpath","value":"//*[@id=\"__button552\"]"}
RESULT: {"using":"xpath","value":"//*[@id=\"__button552\"]"}
COMMAND: POST /session/0b442ebc8f096c4bfeb5c66a52851a3f/elements - {"using":"xpath","value":"//*[@id=\"__button552\"]"}
RESULT: {"using":"xpath","value":"//*[@id=\"__button552\"]"}
COMMAND: POST /session/0b442ebc8f096c4bfeb5c66a52851a3f/elements - {"using":"xpath","value":"//*[@id=\"__button552\"]"}
RESULT: {"using":"xpath","value":"//*[@id=\"__button552\"]"}
COMMAND: POST /session/0b442ebc8f096c4bfeb5c66a52851a3f/elements - {"using":"xpath","value":"//*[@id=\"__button552\"]"}
RESULT: {"using":"xpath","value":"//*[@id=\"__button552\"]"}
COMMAND: POST /session/0b442ebc8f096c4bfeb5c66a52851a3f/elements - {"using":"xpath","value":"//*[@id=\"__button552\"]"}
RESULT: {"using":"xpath","value":"//*[@id=\"__button552\"]"}
COMMAND: POST /session/0b442ebc8f096c4bfeb5c66a52851a3f/elements - {"using":"xpath","value":"//*[@id=\"__button552\"]"}
RESULT: {"using":"xpath","value":"//*[@id=\"__button552\"]"}
COMMAND: POST /session/0b442ebc8f096c4bfeb5c66a52851a3f/elements - {"using":"xpath","value":"//*[@id=\"__button552\"]"}
RESULT: {"using":"xpath","value":"//*[@id=\"__button552\"]"}
COMMAND: POST /session/0b442ebc8f096c4bfeb5c66a52851a3f/elements - {"using":"xpath","value":"//*[@id=\"__button552\"]"}
RESULT: {"using":"xpath","value":"//*[@id=\"__button552\"]"}
COMMAND: POST /session/0b442ebc8f096c4bfeb5c66a52851a3f/elements - {"using":"xpath","value":"//*[@id=\"__button552\"]"}
RESULT: {"using":"xpath","value":"//*[@id=\"__button552\"]"}
COMMAND: POST /session/0b442ebc8f096c4bfeb5c66a52851a3f/elements - {"using":"xpath","value":"//*[@id=\"__button552\"]"}
RESULT: {"using":"xpath","value":"//*[@id=\"__button552\"]"}
COMMAND: POST /session/0b442ebc8f096c4bfeb5c66a52851a3f/elements - {"using":"xpath","value":"//*[@id=\"__button552\"]"}
RESULT: {"using":"xpath","value":"//*[@id=\"__button552\"]"}
COMMAND: POST /session/0b442ebc8f096c4bfeb5c66a52851a3f/elements - {"using":"xpath","value":"//*[@id=\"__button552\"]"}
RESULT: {"using":"xpath","value":"//*[@id=\"__button552\"]"}
COMMAND: POST /session/0b442ebc8f096c4bfeb5c66a52851a3f/elements - {"using":"xpath","value":"//*[@id=\"__button552\"]"}
RESULT: {"using":"xpath","value":"//*[@id=\"__button552\"]"}
COMMAND: POST /session/0b442ebc8f096c4bfeb5c66a52851a3f/elements - {"using":"xpath","value":"//*[@id=\"__button552\"]"}
RESULT: {"using":"xpath","value":"//*[@id=\"__button552\"]"}
COMMAND: POST /session/0b442ebc8f096c4bfeb5c66a52851a3f/elements - {"using":"xpath","value":"//*[@id=\"__button552\"]"}
RESULT: {"using":"xpath","value":"//*[@id=\"__button552\"]"}
COMMAND: POST /session/0b442ebc8f096c4bfeb5c66a52851a3f/elements - {"using":"xpath","value":"//*[@id=\"__button552\"]"}
RESULT: {"using":"xpath","value":"//*[@id=\"__button552\"]"}
COMMAND: POST /session/0b442ebc8f096c4bfeb5c66a52851a3f/elements - {"using":"xpath","value":"//*[@id=\"__button552\"]"}
RESULT: {"using":"xpath","value":"//*[@id=\"__button552\"]"}
COMMAND: POST /session/0b442ebc8f096c4bfeb5c66a52851a3f/elements - {"using":"xpath","value":"//*[@id=\"__button552\"]"}
RESULT: {"using":"xpath","value":"//*[@id=\"__button552\"]"}
COMMAND: POST /session/0b442ebc8f096c4bfeb5c66a52851a3f/elements - {"using":"xpath","value":"//*[@id=\"__button552\"]"}
RESULT: {"using":"xpath","value":"//*[@id=\"__button552\"]"}
COMMAND: POST /session/0b442ebc8f096c4bfeb5c66a52851a3f/elements - {"using":"xpath","value":"//*[@id=\"__button552\"]"}
RESULT: {"using":"xpath","value":"//*[@id=\"__button552\"]"}
COMMAND: POST /session/0b442ebc8f096c4bfeb5c66a52851a3f/elements - {"using":"xpath","value":"//*[@id=\"__button552\"]"}
RESULT: {"using":"xpath","value":"//*[@id=\"__button552\"]"}
COMMAND: POST /session/0b442ebc8f096c4bfeb5c66a52851a3f/elements - {"using":"xpath","value":"//*[@id=\"__button552\"]"}
RESULT: {"using":"xpath","value":"//*[@id=\"__button552\"]"}
COMMAND: POST /session/0b442ebc8f096c4bfeb5c66a52851a3f/elements - {"using":"xpath","value":"//*[@id=\"__button552\"]"}
RESULT: {"using":"xpath","value":"//*[@id=\"__button552\"]"}
COMMAND: POST /session/0b442ebc8f096c4bfeb5c66a52851a3f/elements - {"using":"xpath","value":"//*[@id=\"__button552\"]"}
RESULT: {"using":"xpath","value":"//*[@id=\"__button552\"]"}
COMMAND: POST /session/0b442ebc8f096c4bfeb5c66a52851a3f/elements - {"using":"xpath","value":"//*[@id=\"__button552\"]"}
RESULT: {"using":"xpath","value":"//*[@id=\"__button552\"]"}
COMMAND: POST /session/0b442ebc8f096c4bfeb5c66a52851a3f/elements - {"using":"xpath","value":"//*[@id=\"__button552\"]"}
RESULT: {"using":"xpath","value":"//*[@id=\"__button552\"]"}
COMMAND: POST /session/0b442ebc8f096c4bfeb5c66a52851a3f/elements - {"using":"xpath","value":"//*[@id=\"__button552\"]"}
RESULT: {"using":"xpath","value":"//*[@id=\"__button552\"]"}
COMMAND: POST /session/0b442ebc8f096c4bfeb5c66a52851a3f/elements - {"using":"xpath","value":"//*[@id=\"__button552\"]"}
RESULT: {"using":"xpath","value":"//*[@id=\"__button552\"]"}
COMMAND: POST /session/0b442ebc8f096c4bfeb5c66a52851a3f/elements - {"using":"xpath","value":"//*[@id=\"__button552\"]"}
RESULT: {"using":"xpath","value":"//*[@id=\"__button552\"]"}
COMMAND: POST /session/0b442ebc8f096c4bfeb5c66a52851a3f/elements - {"using":"xpath","value":"//*[@id=\"__button552\"]"}
RESULT: {"using":"xpath","value":"//*[@id=\"__button552\"]"}
COMMAND: POST /session/0b442ebc8f096c4bfeb5c66a52851a3f/elements - {"using":"xpath","value":"//*[@id=\"__button552\"]"}
RESULT: {"using":"xpath","value":"//*[@id=\"__button552\"]"}
COMMAND: POST /session/0b442ebc8f096c4bfeb5c66a52851a3f/elements - {"using":"xpath","value":"//*[@id=\"__button552\"]"}
RESULT: {"using":"xpath","value":"//*[@id=\"__button552\"]"}
COMMAND: POST /session/0b442ebc8f096c4bfeb5c66a52851a3f/elements - {"using":"xpath","value":"//*[@id=\"__button552\"]"}
RESULT: {"using":"xpath","value":"//*[@id=\"__button552\"]"}
COMMAND: POST /session/0b442ebc8f096c4bfeb5c66a52851a3f/elements - {"using":"xpath","value":"//*[@id=\"__button552\"]"}
RESULT: {"using":"xpath","value":"//*[@id=\"__button552\"]"}
COMMAND: POST /session/0b442ebc8f096c4bfeb5c66a52851a3f/elements - {"using":"xpath","value":"//*[@id=\"__button552\"]"}
RESULT: {"using":"xpath","value":"//*[@id=\"__button552\"]"}
COMMAND: POST /session/0b442ebc8f096c4bfeb5c66a52851a3f/elements - {"using":"xpath","value":"//*[@id=\"__button552\"]"}
RESULT: {"using":"xpath","value":"//*[@id=\"__button552\"]"}
COMMAND: POST /session/0b442ebc8f096c4bfeb5c66a52851a3f/elements - {"using":"xpath","value":"//*[@id=\"__button552\"]"}
RESULT: {"using":"xpath","value":"//*[@id=\"__button552\"]"}
COMMAND: POST /session/0b442ebc8f096c4bfeb5c66a52851a3f/elements - {"using":"xpath","value":"//*[@id=\"__button552\"]"}
RESULT: {"using":"xpath","value":"//*[@id=\"__button552\"]"}
COMMAND: POST /session/0b442ebc8f096c4bfeb5c66a52851a3f/elements - {"using":"xpath","value":"//*[@id=\"__button552\"]"}
RESULT: {"using":"xpath","value":"//*[@id=\"__button552\"]"}
COMMAND: POST /session/0b442ebc8f096c4bfeb5c66a52851a3f/elements - {"using":"xpath","value":"//*[@id=\"__button552\"]"}
RESULT: {"using":"xpath","value":"//*[@id=\"__button552\"]"}
COMMAND: POST /session/0b442ebc8f096c4bfeb5c66a52851a3f/elements - {"using":"xpath","value":"//*[@id=\"__button552\"]"}
RESULT: {"using":"xpath","value":"//*[@id=\"__button552\"]"}
COMMAND: POST /session/0b442ebc8f096c4bfeb5c66a52851a3f/elements - {"using":"xpath","value":"//*[@id=\"__button552\"]"}
RESULT: {"using":"xpath","value":"//*[@id=\"__button552\"]"}
COMMAND: POST /session/0b442ebc8f096c4bfeb5c66a52851a3f/elements - {"using":"xpath","value":"//*[@id=\"__button552\"]"}
RESULT: {"using":"xpath","value":"//*[@id=\"__button552\"]"}
COMMAND: POST /session/0b442ebc8f096c4bfeb5c66a52851a3f/elements - {"using":"xpath","value":"//*[@id=\"__button552\"]"}
RESULT: {"using":"xpath","value":"//*[@id=\"__button552\"]"}
COMMAND: POST /session/0b442ebc8f096c4bfeb5c66a52851a3f/elements - {"using":"xpath","value":"//*[@id=\"__button552\"]"}
RESULT: {"using":"xpath","value":"//*[@id=\"__button552\"]"}
COMMAND: POST /session/0b442ebc8f096c4bfeb5c66a52851a3f/elements - {"using":"xpath","value":"//*[@id=\"__button552\"]"}
RESULT: {"using":"xpath","value":"//*[@id=\"__button552\"]"}
COMMAND: POST /session/0b442ebc8f096c4bfeb5c66a52851a3f/elements - {"using":"xpath","value":"//*[@id=\"__button552\"]"}
RESULT: {"using":"xpath","value":"//*[@id=\"__button552\"]"}
COMMAND: POST /session/0b442ebc8f096c4bfeb5c66a52851a3f/elements - {"using":"xpath","value":"//*[@id=\"__button552\"]"}
RESULT: {"using":"xpath","value":"//*[@id=\"__button552\"]"}
COMMAND: POST /session/0b442ebc8f096c4bfeb5c66a52851a3f/elements - {"using":"xpath","value":"//*[@id=\"__button552\"]"}
RESULT: {"using":"xpath","value":"//*[@id=\"__button552\"]"}
COMMAND: POST /session/0b442ebc8f096c4bfeb5c66a52851a3f/elements - {"using":"xpath","value":"//*[@id=\"__button552\"]"}
RESULT: {"using":"xpath","value":"//*[@id=\"__button552\"]"}
COMMAND: POST /session/0b442ebc8f096c4bfeb5c66a52851a3f/elements - {"using":"xpath","value":"//*[@id=\"__button552\"]"}
RESULT: {"using":"xpath","value":"//*[@id=\"__button552\"]"}
COMMAND: POST /session/0b442ebc8f096c4bfeb5c66a52851a3f/elements - {"using":"xpath","value":"//*[@id=\"__button552\"]"}
RESULT: {"using":"xpath","value":"//*[@id=\"__button552\"]"}
COMMAND: POST /session/0b442ebc8f096c4bfeb5c66a52851a3f/elements - {"using":"xpath","value":"//*[@id=\"__button552\"]"}
RESULT: {"using":"xpath","value":"//*[@id=\"__button552\"]"}
COMMAND: POST /session/0b442ebc8f096c4bfeb5c66a52851a3f/elements - {"using":"xpath","value":"//*[@id=\"__button552\"]"}
RESULT: {"using":"xpath","value":"//*[@id=\"__button552\"]"}
COMMAND: POST /session/0b442ebc8f096c4bfeb5c66a52851a3f/elements - {"using":"xpath","value":"//*[@id=\"__button552\"]"}
RESULT: {"using":"xpath","value":"//*[@id=\"__button552\"]"}
COMMAND: POST /session/0b442ebc8f096c4bfeb5c66a52851a3f/elements - {"using":"xpath","value":"//*[@id=\"__button552\"]"}
RESULT: {"using":"xpath","value":"//*[@id=\"__button552\"]"}
COMMAND: POST /session/0b442ebc8f096c4bfeb5c66a52851a3f/elements - {"using":"xpath","value":"//*[@id=\"__button552\"]"}
RESULT: {"using":"xpath","value":"//*[@id=\"__button552\"]"}
COMMAND: POST /session/0b442ebc8f096c4bfeb5c66a52851a3f/elements - {"using":"xpath","value":"//*[@id=\"__button552\"]"}
RESULT: {"using":"xpath","value":"//*[@id=\"__button552\"]"}
COMMAND: POST /session/0b442ebc8f096c4bfeb5c66a52851a3f/elements - {"using":"xpath","value":"//*[@id=\"__button552\"]"}
RESULT: {"using":"xpath","value":"//*[@id=\"__button552\"]"}
COMMAND: POST /session/0b442ebc8f096c4bfeb5c66a52851a3f/elements - {"using":"xpath","value":"//*[@id=\"__button552\"]"}
RESULT: {"using":"xpath","value":"//*[@id=\"__button552\"]"}
COMMAND: POST /session/0b442ebc8f096c4bfeb5c66a52851a3f/elements - {"using":"xpath","value":"//*[@id=\"__button552\"]"}
RESULT: {"using":"xpath","value":"//*[@id=\"__button552\"]"}
COMMAND: POST /session/0b442ebc8f096c4bfeb5c66a52851a3f/elements - {"using":"xpath","value":"//*[@id=\"__button552\"]"}
RESULT: {"using":"xpath","value":"//*[@id=\"__button552\"]"}
COMMAND: POST /session/0b442ebc8f096c4bfeb5c66a52851a3f/elements - {"using":"xpath","value":"//*[@id=\"__button552\"]"}
RESULT: {"using":"xpath","value":"//*[@id=\"__button552\"]"}
COMMAND: POST /session/0b442ebc8f096c4bfeb5c66a52851a3f/elements - {"using":"xpath","value":"//*[@id=\"__button552\"]"}
RESULT: {"using":"xpath","value":"//*[@id=\"__button552\"]"}
COMMAND: POST /session/0b442ebc8f096c4bfeb5c66a52851a3f/elements - {"using":"xpath","value":"//*[@id=\"__button552\"]"}
RESULT: {"using":"xpath","value":"//*[@id=\"__button552\"]"}
COMMAND: POST /session/0b442ebc8f096c4bfeb5c66a52851a3f/elements - {"using":"xpath","value":"//*[@id=\"__button552\"]"}
RESULT: {"using":"xpath","value":"//*[@id=\"__button552\"]"}
COMMAND: POST /session/0b442ebc8f096c4bfeb5c66a52851a3f/elements - {"using":"xpath","value":"//*[@id=\"__button552\"]"}
RESULT: {"using":"xpath","value":"//*[@id=\"__button552\"]"}
COMMAND: POST /session/0b442ebc8f096c4bfeb5c66a52851a3f/elements - {"using":"xpath","value":"//*[@id=\"__button552\"]"}
RESULT: {"using":"xpath","value":"//*[@id=\"__button552\"]"}
COMMAND: POST /session/0b442ebc8f096c4bfeb5c66a52851a3f/elements - {"using":"xpath","value":"//*[@id=\"__button552\"]"}
RESULT: {"using":"xpath","value":"//*[@id=\"__button552\"]"}
COMMAND: POST /session/0b442ebc8f096c4bfeb5c66a52851a3f/elements - {"using":"xpath","value":"//*[@id=\"__button552\"]"}
RESULT: {"using":"xpath","value":"//*[@id=\"__button552\"]"}
COMMAND: POST /session/0b442ebc8f096c4bfeb5c66a52851a3f/elements - {"using":"xpath","value":"//*[@id=\"__button552\"]"}
RESULT: {"using":"xpath","value":"//*[@id=\"__button552\"]"}
COMMAND: POST /session/0b442ebc8f096c4bfeb5c66a52851a3f/elements - {"using":"xpath","value":"//*[@id=\"__button552\"]"}
RESULT: {"using":"xpath","value":"//*[@id=\"__button552\"]"}
COMMAND: POST /session/0b442ebc8f096c4bfeb5c66a52851a3f/elements - {"using":"xpath","value":"//*[@id=\"__button552\"]"}
RESULT: {"using":"xpath","value":"//*[@id=\"__button552\"]"}
COMMAND: POST /session/0b442ebc8f096c4bfeb5c66a52851a3f/elements - {"using":"xpath","value":"//*[@id=\"__button552\"]"}
RESULT: {"using":"xpath","value":"//*[@id=\"__button552\"]"}
COMMAND: POST /session/0b442ebc8f096c4bfeb5c66a52851a3f/elements - {"using":"xpath","value":"//*[@id=\"__button552\"]"}
RESULT: {"using":"xpath","value":"//*[@id=\"__button552\"]"}
COMMAND: POST /session/0b442ebc8f096c4bfeb5c66a52851a3f/elements - {"using":"xpath","value":"//*[@id=\"__button552\"]"}
RESULT: {"using":"xpath","value":"//*[@id=\"__button552\"]"}
COMMAND: POST /session/0b442ebc8f096c4bfeb5c66a52851a3f/elements - {"using":"xpath","value":"//*[@id=\"__button552\"]"}
RESULT: {"using":"xpath","value":"//*[@id=\"__button552\"]"}
COMMAND: POST /session/0b442ebc8f096c4bfeb5c66a52851a3f/elements - {"using":"xpath","value":"//*[@id=\"__button552\"]"}
RESULT: {"using":"xpath","value":"//*[@id=\"__button552\"]"}
COMMAND: POST /session/0b442ebc8f096c4bfeb5c66a52851a3f/elements - {"using":"xpath","value":"//*[@id=\"__button552\"]"}
RESULT: {"using":"xpath","value":"//*[@id=\"__button552\"]"}
COMMAND: POST /session/0b442ebc8f096c4bfeb5c66a52851a3f/elements - {"using":"xpath","value":"//*[@id=\"__button552\"]"}
RESULT: {"using":"xpath","value":"//*[@id=\"__button552\"]"}
COMMAND: POST /session/0b442ebc8f096c4bfeb5c66a52851a3f/elements - {"using":"xpath","value":"//*[@id=\"__button552\"]"}
RESULT: {"using":"xpath","value":"//*[@id=\"__button552\"]"}
COMMAND: POST /session/0b442ebc8f096c4bfeb5c66a52851a3f/elements - {"using":"xpath","value":"//*[@id=\"__button552\"]"}
RESULT: {"using":"xpath","value":"//*[@id=\"__button552\"]"}
COMMAND: POST /session/0b442ebc8f096c4bfeb5c66a52851a3f/elements - {"using":"xpath","value":"//*[@id=\"__button552\"]"}
RESULT: {"using":"xpath","value":"//*[@id=\"__button552\"]"}
COMMAND: POST /session/0b442ebc8f096c4bfeb5c66a52851a3f/elements - {"using":"xpath","value":"//*[@id=\"__button552\"]"}
RESULT: {"using":"xpath","value":"//*[@id=\"__button552\"]"}
COMMAND: POST /session/0b442ebc8f096c4bfeb5c66a52851a3f/elements - {"using":"xpath","value":"//*[@id=\"__button552\"]"}
RESULT: {"using":"xpath","value":"//*[@id=\"__button552\"]"}
COMMAND: POST /session/0b442ebc8f096c4bfeb5c66a52851a3f/elements - {"using":"xpath","value":"//*[@id=\"__button552\"]"}
RESULT: {"using":"xpath","value":"//*[@id=\"__button552\"]"}
COMMAND: POST /session/0b442ebc8f096c4bfeb5c66a52851a3f/elements - {"using":"xpath","value":"//*[@id=\"__button552\"]"}
RESULT: {"using":"xpath","value":"//*[@id=\"__button552\"]"}
COMMAND: POST /session/0b442ebc8f096c4bfeb5c66a52851a3f/elements - {"using":"xpath","value":"//*[@id=\"__button552\"]"}
RESULT: {"using":"xpath","value":"//*[@id=\"__button552\"]"}
COMMAND: POST /session/0b442ebc8f096c4bfeb5c66a52851a3f/elements - {"using":"xpath","value":"//*[@id=\"__button552\"]"}
RESULT: {"using":"xpath","value":"//*[@id=\"__button552\"]"}
COMMAND: POST /session/0b442ebc8f096c4bfeb5c66a52851a3f/elements - {"using":"xpath","value":"//*[@id=\"__button552\"]"}
RESULT: {"using":"xpath","value":"//*[@id=\"__button552\"]"}
COMMAND: POST /session/0b442ebc8f096c4bfeb5c66a52851a3f/elements - {"using":"xpath","value":"//*[@id=\"__button552\"]"}
RESULT: {"using":"xpath","value":"//*[@id=\"__button552\"]"}
COMMAND: POST /session/0b442ebc8f096c4bfeb5c66a52851a3f/elements - {"using":"xpath","value":"//*[@id=\"__button552\"]"}
RESULT: {"using":"xpath","value":"//*[@id=\"__button552\"]"}
COMMAND: POST /session/0b442ebc8f096c4bfeb5c66a52851a3f/elements - {"using":"xpath","value":"//*[@id=\"__button552\"]"}
RESULT: {"using":"xpath","value":"//*[@id=\"__button552\"]"}
COMMAND: POST /session/0b442ebc8f096c4bfeb5c66a52851a3f/elements - {"using":"xpath","value":"//*[@id=\"__button552\"]"}
RESULT: {"using":"xpath","value":"//*[@id=\"__button552\"]"}
COMMAND: POST /session/0b442ebc8f096c4bfeb5c66a52851a3f/elements - {"using":"xpath","value":"//*[@id=\"__button552\"]"}
RESULT: {"using":"xpath","value":"//*[@id=\"__button552\"]"}
COMMAND: POST /session/0b442ebc8f096c4bfeb5c66a52851a3f/elements - {"using":"xpath","value":"//*[@id=\"__button552\"]"}
RESULT: {"using":"xpath","value":"//*[@id=\"__button552\"]"}
COMMAND: POST /session/0b442ebc8f096c4bfeb5c66a52851a3f/elements - {"using":"xpath","value":"//*[@id=\"__button552\"]"}
RESULT: {"using":"xpath","value":"//*[@id=\"__button552\"]"}
COMMAND: POST /session/0b442ebc8f096c4bfeb5c66a52851a3f/elements - {"using":"xpath","value":"//*[@id=\"__button552\"]"}
RESULT: {"using":"xpath","value":"//*[@id=\"__button552\"]"}
COMMAND: POST /session/0b442ebc8f096c4bfeb5c66a52851a3f/elements - {"using":"xpath","value":"//*[@id=\"__button552\"]"}
RESULT: {"using":"xpath","value":"//*[@id=\"__button552\"]"}
COMMAND: POST /session/0b442ebc8f096c4bfeb5c66a52851a3f/elements - {"using":"xpath","value":"//*[@id=\"__button552\"]"}
COMMAND: POST /session/0b442ebc8f096c4bfeb5c66a52851a3f/element - {"using":"css selector","value":"#shell-header-logo"}
RESULT: {"using":"xpath","value":"//*[@id=\"__button552\"]"}
RESULT: {"using":"css selector","value":"#shell-header-logo"}
COMMAND: POST /session/0b442ebc8f096c4bfeb5c66a52851a3f/execute/sync - {"script":"<script> [8489 bytes]","args":[{"element-6066-11e4-a52e-4f735466cecf":"f.9CA8B20795E6D08D18CCAFF067F35E12.d.B16C125153AB1C1D77951059206C36F8.e.13541","ELEMENT":"f.9CA8B20795E6D08D18CCAFF067F35E12.d.B16C125153AB1C1D77951059206C36F8.e.13541"}]}
RESULT: {"script":"<script> [8489 bytes]","args":[{"element-6066-11e4-a52e-4f735466cecf":"f.9CA8B20795E6D08D18CCAFF067F35E12.d.B16C125153AB1C1D77951059206C36F8.e.13541","ELEMENT":"f.9CA8B20795E6D08D18CCAFF067F35E12.d.B16C125153AB1C1D77951059206C36F8.e.13541"}]}
COMMAND: POST /session/0b442ebc8f096c4bfeb5c66a52851a3f/execute/sync - {"script":"<script> [5351 bytes]","args":[{"element-6066-11e4-a52e-4f735466cecf":"f.9CA8B20795E6D08D18CCAFF067F35E12.d.B16C125153AB1C1D77951059206C36F8.e.13541","ELEMENT":"f.9CA8B20795E6D08D18CCAFF067F35E12.d.B16C125153AB1C1D77951059206C36F8.e.13541"}]}
COMMAND: GET /session/0b442ebc8f096c4bfeb5c66a52851a3f/screenshot - {}
RESULT: {"script":"<script> [5351 bytes]","args":[{"element-6066-11e4-a52e-4f735466cecf":"f.9CA8B20795E6D08D18CCAFF067F35E12.d.B16C125153AB1C1D77951059206C36F8.e.13541","ELEMENT":"f.9CA8B20795E6D08D18CCAFF067F35E12.d.B16C125153AB1C1D77951059206C36F8.e.13541"}]}
COMMAND: POST /session/0b442ebc8f096c4bfeb5c66a52851a3f/element/f.9CA8B20795E6D08D18CCAFF067F35E12.d.B16C125153AB1C1D77951059206C36F8.e.13541/click - {}
COMMAND: GET /session/0b442ebc8f096c4bfeb5c66a52851a3f/screenshot - {}
RESULT: {}
RESULT: {}
]]></system-out>
    </testcase>
    <testcase classname="chrome.135_0_7049_96.windows.Create_master_data_for_mixed_billing_&amp;_do_billing_calculation_US151661" name="Should go to Manage Billings and trigger calculation check the conditions applied" time="73.247">
      <system-out><![CDATA[
COMMAND: POST /session/0b442ebc8f096c4bfeb5c66a52851a3f/execute/async - {"script":"<script> [1562 bytes]","args":[{"selector":{"controlType":"sap.m.GenericTile","properties":{"header":"Manage Billings"}},"wdio_ui5_key":"sapm.GenericTile{\"header\":\"Manage Billings\"}"}]}
COMMAND: GET /session/0b442ebc8f096c4bfeb5c66a52851a3f/screenshot - {}
RESULT: {}
RESULT: {"script":"<script> [1562 bytes]","args":[{"selector":{"controlType":"sap.m.GenericTile","properties":{"header":"Manage Billings"}},"wdio_ui5_key":"sapm.GenericTile{\"header\":\"Manage Billings\"}"}]}
RESULT: undefined
COMMAND: POST /session/0b442ebc8f096c4bfeb5c66a52851a3f/element - {"using":"xpath","value":"//*[@id=\"__tile51\"]"}
RESULT: {}
RESULT: {"using":"xpath","value":"//*[@id=\"__tile51\"]"}
COMMAND: POST /session/0b442ebc8f096c4bfeb5c66a52851a3f/element/f.9CA8B20795E6D08D18CCAFF067F35E12.d.B16C125153AB1C1D77951059206C36F8.e.6237/click - {}
RESULT: {}
COMMAND: GET /session/0b442ebc8f096c4bfeb5c66a52851a3f/screenshot - {}
RESULT: {}
COMMAND: POST /session/0b442ebc8f096c4bfeb5c66a52851a3f/execute/async - {"script":"<script> [1562 bytes]","args":[{"selector":{"id":"application-managebillings-display-component---billRunCalcResult--smartFilterBar-btnBasicSearch","interaction":{"idSuffix":"I"}},"wdio_ui5_key":"applicationmanagebillings-display-component---billRunCalcResult--smartFilterBar-btnBasicSearch"}]}
RESULT: {"script":"<script> [1562 bytes]","args":[{"selector":{"id":"application-managebillings-display-component---billRunCalcResult--smartFilterBar-btnBasicSearch","interaction":{"idSuffix":"I"}},"wdio_ui5_key":"applicationmanagebillings-display-component---billRunCalcResult--smartFilterBar-btnBasicSearch"}]}
RESULT: undefined
COMMAND: POST /session/0b442ebc8f096c4bfeb5c66a52851a3f/execute/async - {"script":"<script> [776 bytes]","args":[{"enterText":"10571","selector":{"id":"application-managebillings-display-component---billRunCalcResult--smartFilterBar-btnBasicSearch","interaction":{"idSuffix":"I"}},"clearTextFirst":true,"interactionType":"ENTER_TEXT"}]}
RESULT: {"script":"<script> [776 bytes]","args":[{"enterText":"10571","selector":{"id":"application-managebillings-display-component---billRunCalcResult--smartFilterBar-btnBasicSearch","interaction":{"idSuffix":"I"}},"clearTextFirst":true,"interactionType":"ENTER_TEXT"}]}
COMMAND: POST /session/0b442ebc8f096c4bfeb5c66a52851a3f/actions - {"actions":[{"id":"action48","type":"key","parameters":{},"actions":[{"type":"keyDown","value":"î€‡"},{"type":"pause","duration":10},{"type":"keyUp","value":"î€‡"}]}]}
RESULT: {"actions":[{"id":"action48","type":"key","parameters":{},"actions":[{"type":"keyDown","value":"î€‡"},{"type":"pause","duration":10},{"type":"keyUp","value":"î€‡"}]}]}
COMMAND: GET /session/0b442ebc8f096c4bfeb5c66a52851a3f/screenshot - {}
RESULT: {}
COMMAND: POST /session/0b442ebc8f096c4bfeb5c66a52851a3f/element - {"using":"xpath","value":"//td[@aria-colindex=\"1\"]/div/div[contains(@class, \"sapMCbBg\")]"}
RESULT: {"using":"xpath","value":"//td[@aria-colindex=\"1\"]/div/div[contains(@class, \"sapMCbBg\")]"}
COMMAND: POST /session/0b442ebc8f096c4bfeb5c66a52851a3f/element/f.9CA8B20795E6D08D18CCAFF067F35E12.d.B16C125153AB1C1D77951059206C36F8.e.13943/click - {}
RESULT: {}
COMMAND: GET /session/0b442ebc8f096c4bfeb5c66a52851a3f/screenshot - {}
RESULT: {}
COMMAND: POST /session/0b442ebc8f096c4bfeb5c66a52851a3f/execute/async - {"script":"<script> [1562 bytes]","args":[{"selector":{"id":"application-managebillings-display-component---billRunCalcResult--contractBillRunDate","interaction":{"idSuffix":"inner"}},"wdio_ui5_key":"applicationmanagebillings-display-component---billRunCalcResult--contractBillRunDate"}]}
RESULT: {"script":"<script> [1562 bytes]","args":[{"selector":{"id":"application-managebillings-display-component---billRunCalcResult--contractBillRunDate","interaction":{"idSuffix":"inner"}},"wdio_ui5_key":"applicationmanagebillings-display-component---billRunCalcResult--contractBillRunDate"}]}
RESULT: undefined
COMMAND: POST /session/0b442ebc8f096c4bfeb5c66a52851a3f/execute/async - {"script":"<script> [776 bytes]","args":[{"enterText":"06/06/25","selector":{"id":"application-managebillings-display-component---billRunCalcResult--contractBillRunDate","interaction":{"idSuffix":"inner"}},"clearTextFirst":true,"interactionType":"ENTER_TEXT"}]}
RESULT: {"script":"<script> [776 bytes]","args":[{"enterText":"06/06/25","selector":{"id":"application-managebillings-display-component---billRunCalcResult--contractBillRunDate","interaction":{"idSuffix":"inner"}},"clearTextFirst":true,"interactionType":"ENTER_TEXT"}]}
COMMAND: POST /session/0b442ebc8f096c4bfeb5c66a52851a3f/element - {"using":"xpath","value":"//bdi[contains(text(), \"Trigger Calculation\")]"}
RESULT: {"using":"xpath","value":"//bdi[contains(text(), \"Trigger Calculation\")]"}
COMMAND: POST /session/0b442ebc8f096c4bfeb5c66a52851a3f/element/f.9CA8B20795E6D08D18CCAFF067F35E12.d.B16C125153AB1C1D77951059206C36F8.e.13993/click - {}
RESULT: {}
COMMAND: GET /session/0b442ebc8f096c4bfeb5c66a52851a3f/screenshot - {}
RESULT: {}
COMMAND: POST /session/0b442ebc8f096c4bfeb5c66a52851a3f/element - {"using":"xpath","value":"(//span[contains(@id, \"imgNav\")])[1]"}
RESULT: {"using":"xpath","value":"(//span[contains(@id, \"imgNav\")])[1]"}
COMMAND: POST /session/0b442ebc8f096c4bfeb5c66a52851a3f/element/f.9CA8B20795E6D08D18CCAFF067F35E12.d.B16C125153AB1C1D77951059206C36F8.e.13944/click - {}
RESULT: {}
COMMAND: GET /session/0b442ebc8f096c4bfeb5c66a52851a3f/screenshot - {}
RESULT: {}
COMMAND: POST /session/0b442ebc8f096c4bfeb5c66a52851a3f/element - {"using":"xpath","value":"//tr/td[6]/div[1]/span[1]/span[1]"}
RESULT: {"using":"xpath","value":"//tr/td[6]/div[1]/span[1]/span[1]"}
COMMAND: GET /session/0b442ebc8f096c4bfeb5c66a52851a3f/element/f.9CA8B20795E6D08D18CCAFF067F35E12.d.B16C125153AB1C1D77951059206C36F8.e.13999/text - {}
RESULT: {}
COMMAND: POST /session/0b442ebc8f096c4bfeb5c66a52851a3f/element - {"using":"xpath","value":"(//span[contains(@id, \"imgNav\")])[2]"}
RESULT: {"using":"xpath","value":"(//span[contains(@id, \"imgNav\")])[2]"}
COMMAND: POST /session/0b442ebc8f096c4bfeb5c66a52851a3f/element/f.9CA8B20795E6D08D18CCAFF067F35E12.d.B16C125153AB1C1D77951059206C36F8.e.14000/click - {}
RESULT: {}
COMMAND: POST /session/0b442ebc8f096c4bfeb5c66a52851a3f/element - {"using":"xpath","value":"//bdi[contains(text(), \"Business Confirm\")]"}
COMMAND: GET /session/0b442ebc8f096c4bfeb5c66a52851a3f/screenshot - {}
RESULT: {"using":"xpath","value":"//bdi[contains(text(), \"Business Confirm\")]"}
COMMAND: POST /session/0b442ebc8f096c4bfeb5c66a52851a3f/elements - {"using":"xpath","value":"//bdi[contains(text(), \"Business Confirm\")]"}
RESULT: {}
RESULT: {"using":"xpath","value":"//bdi[contains(text(), \"Business Confirm\")]"}
COMMAND: POST /session/0b442ebc8f096c4bfeb5c66a52851a3f/element - {"using":"xpath","value":"//bdi[contains(text(), \"Business Confirm\")]"}
RESULT: {"using":"xpath","value":"//bdi[contains(text(), \"Business Confirm\")]"}
COMMAND: POST /session/0b442ebc8f096c4bfeb5c66a52851a3f/element/f.9CA8B20795E6D08D18CCAFF067F35E12.d.B16C125153AB1C1D77951059206C36F8.e.14003/click - {}
RESULT: {}
COMMAND: POST /session/0b442ebc8f096c4bfeb5c66a52851a3f/element - {"using":"css selector","value":"#shell-header-logo"}
COMMAND: GET /session/0b442ebc8f096c4bfeb5c66a52851a3f/screenshot - {}
RESULT: {"using":"css selector","value":"#shell-header-logo"}
COMMAND: POST /session/0b442ebc8f096c4bfeb5c66a52851a3f/element/f.9CA8B20795E6D08D18CCAFF067F35E12.d.B16C125153AB1C1D77951059206C36F8.e.13728/click - {}
RESULT: {}
RESULT: {}
COMMAND: GET /session/0b442ebc8f096c4bfeb5c66a52851a3f/screenshot - {}
RESULT: {}
COMMAND: POST /session/0b442ebc8f096c4bfeb5c66a52851a3f/element - {"using":"css selector","value":"#j_username"}
COMMAND: POST /session/0b442ebc8f096c4bfeb5c66a52851a3f/url - {"url":"https://qa-testing-00-live-etm-ui.cfapps.eu10-004.hana.ondemand.com/"}
RESULT: {"using":"css selector","value":"#j_username"}
COMMAND: POST /session/0b442ebc8f096c4bfeb5c66a52851a3f/element - {"using":"css selector","value":"#j_username"}
RESULT: {"url":"https://qa-testing-00-live-etm-ui.cfapps.eu10-004.hana.ondemand.com/"}
RESULT: undefined
COMMAND: GET /session/0b442ebc8f096c4bfeb5c66a52851a3f/screenshot - {}
RESULT: {"using":"css selector","value":"#j_username"}
COMMAND: POST /session/0b442ebc8f096c4bfeb5c66a52851a3f/element - {"using":"css selector","value":"#shell-header-logo"}
RESULT: {}
RESULT: {"using":"css selector","value":"#shell-header-logo"}
COMMAND: POST /session/0b442ebc8f096c4bfeb5c66a52851a3f/execute/sync - {"script":"<script> [8489 bytes]","args":[{"element-6066-11e4-a52e-4f735466cecf":"f.9CA8B20795E6D08D18CCAFF067F35E12.d.AE41CCF14130EBF498231631A0F69B36.e.14092","ELEMENT":"f.9CA8B20795E6D08D18CCAFF067F35E12.d.AE41CCF14130EBF498231631A0F69B36.e.14092"}]}
RESULT: {"script":"<script> [8489 bytes]","args":[{"element-6066-11e4-a52e-4f735466cecf":"f.9CA8B20795E6D08D18CCAFF067F35E12.d.AE41CCF14130EBF498231631A0F69B36.e.14092","ELEMENT":"f.9CA8B20795E6D08D18CCAFF067F35E12.d.AE41CCF14130EBF498231631A0F69B36.e.14092"}]}
COMMAND: POST /session/0b442ebc8f096c4bfeb5c66a52851a3f/element - {"using":"css selector","value":"#shell-header-logo"}
COMMAND: GET /session/0b442ebc8f096c4bfeb5c66a52851a3f/screenshot - {}
RESULT: {"using":"css selector","value":"#shell-header-logo"}
COMMAND: POST /session/0b442ebc8f096c4bfeb5c66a52851a3f/execute/sync - {"script":"<script> [8489 bytes]","args":[{"element-6066-11e4-a52e-4f735466cecf":"f.9CA8B20795E6D08D18CCAFF067F35E12.d.AE41CCF14130EBF498231631A0F69B36.e.14092","ELEMENT":"f.9CA8B20795E6D08D18CCAFF067F35E12.d.AE41CCF14130EBF498231631A0F69B36.e.14092"}]}
RESULT: {}
RESULT: {"script":"<script> [8489 bytes]","args":[{"element-6066-11e4-a52e-4f735466cecf":"f.9CA8B20795E6D08D18CCAFF067F35E12.d.AE41CCF14130EBF498231631A0F69B36.e.14092","ELEMENT":"f.9CA8B20795E6D08D18CCAFF067F35E12.d.AE41CCF14130EBF498231631A0F69B36.e.14092"}]}
COMMAND: POST /session/0b442ebc8f096c4bfeb5c66a52851a3f/execute/sync - {"script":"<script> [5351 bytes]","args":[{"element-6066-11e4-a52e-4f735466cecf":"f.9CA8B20795E6D08D18CCAFF067F35E12.d.AE41CCF14130EBF498231631A0F69B36.e.14092","ELEMENT":"f.9CA8B20795E6D08D18CCAFF067F35E12.d.AE41CCF14130EBF498231631A0F69B36.e.14092"}]}
COMMAND: GET /session/0b442ebc8f096c4bfeb5c66a52851a3f/screenshot - {}
RESULT: {"script":"<script> [5351 bytes]","args":[{"element-6066-11e4-a52e-4f735466cecf":"f.9CA8B20795E6D08D18CCAFF067F35E12.d.AE41CCF14130EBF498231631A0F69B36.e.14092","ELEMENT":"f.9CA8B20795E6D08D18CCAFF067F35E12.d.AE41CCF14130EBF498231631A0F69B36.e.14092"}]}
COMMAND: POST /session/0b442ebc8f096c4bfeb5c66a52851a3f/element - {"using":"css selector","value":"#shell-header-logo"}
COMMAND: GET /session/0b442ebc8f096c4bfeb5c66a52851a3f/screenshot - {}
RESULT: {}
RESULT: {"using":"css selector","value":"#shell-header-logo"}
COMMAND: POST /session/0b442ebc8f096c4bfeb5c66a52851a3f/element/f.9CA8B20795E6D08D18CCAFF067F35E12.d.AE41CCF14130EBF498231631A0F69B36.e.14092/click - {}
RESULT: {}
RESULT: {}
COMMAND: GET /session/0b442ebc8f096c4bfeb5c66a52851a3f/screenshot - {}
RESULT: {}
COMMAND: POST /session/0b442ebc8f096c4bfeb5c66a52851a3f/execute/async - {"script":"<script> [189 bytes]","args":[]}
RESULT: {"script":"<script> [189 bytes]","args":[]}
COMMAND: POST /session/0b442ebc8f096c4bfeb5c66a52851a3f/execute/async - {"script":"<script> [123 bytes]","args":[]}
RESULT: {"script":"<script> [123 bytes]","args":[]}
COMMAND: POST /session/0b442ebc8f096c4bfeb5c66a52851a3f/timeouts - {"script":"<number>"}
RESULT: {"script":"<number>"}
COMMAND: GET /session/0b442ebc8f096c4bfeb5c66a52851a3f/timeouts - {}
RESULT: {}
RESULT: undefined
COMMAND: POST /session/0b442ebc8f096c4bfeb5c66a52851a3f/execute/async - {"script":"<script> [2676 bytes]","args":[]}
RESULT: {"script":"<script> [2676 bytes]","args":[]}
COMMAND: POST /session/0b442ebc8f096c4bfeb5c66a52851a3f/execute/async - {"script":"<script> [2342 bytes]","args":[{"protocol":"http","hostname":"0.0.0.0","path":"/","capabilities":{"browserName":"chrome","goog:chromeOptions":{"binary":"C:\\Program Files\\Google\\Chrome\\Application\\chrome.exe","args":["--start-maximized"]}},"logLevel":"warn","connectionRetryTimeout":120000,"connectionRetryCount":3,"logLevels":{},"enableDirectConnect":true,"strictSSL":true,"_":"65 more keys: [\"cacheDir\",\"port\",\"requestedCapabilities\",\"automationProtocol\",\"baseUrl\",\"waitforInterval\",\"waitforTimeout\",\"onReload\",\"beforeCommand\",\"afterCommand\",\"rootDir\",\"specs\",\"suites\",\"exclude\",\"groupLogsByTestSpec\",\"excludeDriverLogs\",\"bail\",\"framework\",\"reporters\",\"services\",\"maxInstances\",\"maxInstancesPerCapability\",\"injectGlobals\",\"filesToWatch\",\"execArgv\",\"runnerEnv\",\"runner\",\"shard\",\"specFileRetries\",\"specFileRetriesDelay\",\"specFileRetriesDeferred\",\"reporterSyncInterval\",\"reporterSyncTimeout\",\"cucumberFeaturesWithLineNumbers\",\"autoCompileOpts\",\"mochaOpts\",\"jasmineOpts\",\"cucumberOpts\",\"onPrepare\",\"onWorkerStart\",\"onWorkerEnd\",\"before\",\"beforeSession\",\"beforeSuite\",\"beforeHook\",\"beforeTest\",\"afterTest\",\"afterHook\",\"afterSuite\",\"afterSession\",\"after\",\"onComplete\",\"beforeAssertion\",\"afterAssertion\",\"beforeFeature\",\"beforeScenario\",\"beforeStep\",\"afterStep\",\"afterScenario\",\"afterFeature\",\"_\",\"suite\",\"$0\",\"ignoredWorkerServices\",\"wdi5\"]"}]}
RESULT: {"script":"<script> [2342 bytes]","args":[{"protocol":"http","hostname":"0.0.0.0","path":"/","capabilities":{"browserName":"chrome","goog:chromeOptions":{"binary":"C:\\Program Files\\Google\\Chrome\\Application\\chrome.exe","args":["--start-maximized"]}},"logLevel":"warn","connectionRetryTimeout":120000,"connectionRetryCount":3,"logLevels":{},"enableDirectConnect":true,"strictSSL":true,"_":"65 more keys: [\"cacheDir\",\"port\",\"requestedCapabilities\",\"automationProtocol\",\"baseUrl\",\"waitforInterval\",\"waitforTimeout\",\"onReload\",\"beforeCommand\",\"afterCommand\",\"rootDir\",\"specs\",\"suites\",\"exclude\",\"groupLogsByTestSpec\",\"excludeDriverLogs\",\"bail\",\"framework\",\"reporters\",\"services\",\"maxInstances\",\"maxInstancesPerCapability\",\"injectGlobals\",\"filesToWatch\",\"execArgv\",\"runnerEnv\",\"runner\",\"shard\",\"specFileRetries\",\"specFileRetriesDelay\",\"specFileRetriesDeferred\",\"reporterSyncInterval\",\"reporterSyncTimeout\",\"cucumberFeaturesWithLineNumbers\",\"autoCompileOpts\",\"mochaOpts\",\"jasmineOpts\",\"cucumberOpts\",\"onPrepare\",\"onWorkerStart\",\"onWorkerEnd\",\"before\",\"beforeSession\",\"beforeSuite\",\"beforeHook\",\"beforeTest\",\"afterTest\",\"afterHook\",\"afterSuite\",\"afterSession\",\"after\",\"onComplete\",\"beforeAssertion\",\"afterAssertion\",\"beforeFeature\",\"beforeScenario\",\"beforeStep\",\"afterStep\",\"afterScenario\",\"afterFeature\",\"_\",\"suite\",\"$0\",\"ignoredWorkerServices\",\"wdi5\"]"}]}
COMMAND: POST /session/0b442ebc8f096c4bfeb5c66a52851a3f/execute/async - {"script":"<script> [21126 bytes]","args":[35000]}
RESULT: {"script":"<script> [21126 bytes]","args":[35000]}
COMMAND: POST /session/0b442ebc8f096c4bfeb5c66a52851a3f/window/maximize - {}
RESULT: {}
COMMAND: POST /session/0b442ebc8f096c4bfeb5c66a52851a3f/execute/async - {"script":"<script> [1562 bytes]","args":[{"selector":{"id":"shell-header","interaction":{"idSuffix":"icon"}},"wdio_ui5_key":"shellheader"}]}
COMMAND: GET /session/0b442ebc8f096c4bfeb5c66a52851a3f/screenshot - {}
RESULT: {"script":"<script> [1562 bytes]","args":[{"selector":{"id":"shell-header","interaction":{"idSuffix":"icon"}},"wdio_ui5_key":"shellheader"}]}
RESULT: undefined
COMMAND: POST /session/0b442ebc8f096c4bfeb5c66a52851a3f/refresh - {}
RESULT: {}
RESULT: {}
COMMAND: GET /session/0b442ebc8f096c4bfeb5c66a52851a3f/screenshot - {}
RESULT: {}
COMMAND: POST /session/0b442ebc8f096c4bfeb5c66a52851a3f/refresh - {}
RESULT: {}
COMMAND: GET /session/0b442ebc8f096c4bfeb5c66a52851a3f/screenshot - {}
RESULT: {}
COMMAND: POST /session/0b442ebc8f096c4bfeb5c66a52851a3f/window/fullscreen - {}
RESULT: {}
COMMAND: POST /session/0b442ebc8f096c4bfeb5c66a52851a3f/execute/async - {"script":"<script> [189 bytes]","args":[]}
RESULT: {"script":"<script> [189 bytes]","args":[]}
COMMAND: POST /session/0b442ebc8f096c4bfeb5c66a52851a3f/execute/async - {"script":"<script> [123 bytes]","args":[]}
RESULT: {"script":"<script> [123 bytes]","args":[]}
COMMAND: POST /session/0b442ebc8f096c4bfeb5c66a52851a3f/timeouts - {"script":"<number>"}
RESULT: {"script":"<number>"}
COMMAND: GET /session/0b442ebc8f096c4bfeb5c66a52851a3f/timeouts - {}
RESULT: {}
RESULT: undefined
COMMAND: POST /session/0b442ebc8f096c4bfeb5c66a52851a3f/execute/async - {"script":"<script> [2676 bytes]","args":[]}
RESULT: {"script":"<script> [2676 bytes]","args":[]}
COMMAND: POST /session/0b442ebc8f096c4bfeb5c66a52851a3f/execute/async - {"script":"<script> [2342 bytes]","args":[{"protocol":"http","hostname":"0.0.0.0","path":"/","capabilities":{"browserName":"chrome","goog:chromeOptions":{"binary":"C:\\Program Files\\Google\\Chrome\\Application\\chrome.exe","args":["--start-maximized"]}},"logLevel":"warn","connectionRetryTimeout":120000,"connectionRetryCount":3,"logLevels":{},"enableDirectConnect":true,"strictSSL":true,"_":"65 more keys: [\"cacheDir\",\"port\",\"requestedCapabilities\",\"automationProtocol\",\"baseUrl\",\"waitforInterval\",\"waitforTimeout\",\"onReload\",\"beforeCommand\",\"afterCommand\",\"rootDir\",\"specs\",\"suites\",\"exclude\",\"groupLogsByTestSpec\",\"excludeDriverLogs\",\"bail\",\"framework\",\"reporters\",\"services\",\"maxInstances\",\"maxInstancesPerCapability\",\"injectGlobals\",\"filesToWatch\",\"execArgv\",\"runnerEnv\",\"runner\",\"shard\",\"specFileRetries\",\"specFileRetriesDelay\",\"specFileRetriesDeferred\",\"reporterSyncInterval\",\"reporterSyncTimeout\",\"cucumberFeaturesWithLineNumbers\",\"autoCompileOpts\",\"mochaOpts\",\"jasmineOpts\",\"cucumberOpts\",\"onPrepare\",\"onWorkerStart\",\"onWorkerEnd\",\"before\",\"beforeSession\",\"beforeSuite\",\"beforeHook\",\"beforeTest\",\"afterTest\",\"afterHook\",\"afterSuite\",\"afterSession\",\"after\",\"onComplete\",\"beforeAssertion\",\"afterAssertion\",\"beforeFeature\",\"beforeScenario\",\"beforeStep\",\"afterStep\",\"afterScenario\",\"afterFeature\",\"_\",\"suite\",\"$0\",\"ignoredWorkerServices\",\"wdi5\"]"}]}
RESULT: {"script":"<script> [2342 bytes]","args":[{"protocol":"http","hostname":"0.0.0.0","path":"/","capabilities":{"browserName":"chrome","goog:chromeOptions":{"binary":"C:\\Program Files\\Google\\Chrome\\Application\\chrome.exe","args":["--start-maximized"]}},"logLevel":"warn","connectionRetryTimeout":120000,"connectionRetryCount":3,"logLevels":{},"enableDirectConnect":true,"strictSSL":true,"_":"65 more keys: [\"cacheDir\",\"port\",\"requestedCapabilities\",\"automationProtocol\",\"baseUrl\",\"waitforInterval\",\"waitforTimeout\",\"onReload\",\"beforeCommand\",\"afterCommand\",\"rootDir\",\"specs\",\"suites\",\"exclude\",\"groupLogsByTestSpec\",\"excludeDriverLogs\",\"bail\",\"framework\",\"reporters\",\"services\",\"maxInstances\",\"maxInstancesPerCapability\",\"injectGlobals\",\"filesToWatch\",\"execArgv\",\"runnerEnv\",\"runner\",\"shard\",\"specFileRetries\",\"specFileRetriesDelay\",\"specFileRetriesDeferred\",\"reporterSyncInterval\",\"reporterSyncTimeout\",\"cucumberFeaturesWithLineNumbers\",\"autoCompileOpts\",\"mochaOpts\",\"jasmineOpts\",\"cucumberOpts\",\"onPrepare\",\"onWorkerStart\",\"onWorkerEnd\",\"before\",\"beforeSession\",\"beforeSuite\",\"beforeHook\",\"beforeTest\",\"afterTest\",\"afterHook\",\"afterSuite\",\"afterSession\",\"after\",\"onComplete\",\"beforeAssertion\",\"afterAssertion\",\"beforeFeature\",\"beforeScenario\",\"beforeStep\",\"afterStep\",\"afterScenario\",\"afterFeature\",\"_\",\"suite\",\"$0\",\"ignoredWorkerServices\",\"wdi5\"]"}]}
COMMAND: POST /session/0b442ebc8f096c4bfeb5c66a52851a3f/execute/async - {"script":"<script> [21126 bytes]","args":[35000]}
RESULT: {"script":"<script> [21126 bytes]","args":[35000]}
]]></system-out>
    </testcase>
  </testsuite>
  <testsuite timestamp="2025-05-06T06:34:39" time="845.265" tests="13" failures="0" errors="0" skipped="0">
    <properties>
      <property name="specId" value="0" />
      <property name="suiteName" value="Performance based billing (work days) US139742" />
      <property name="capabilities" value="chrome.135_0_7049_96.windows" />
      <property name="file" value="file:///D:/a/1/s/test/specs/BTS/billing-performance-workdays.spec.js" />
    </properties>
    <testcase classname="chrome.135_0_7049_96.windows.Performance_based_billing_(work_days)_US139742" name="Should create a new yard" time="0.014">
      <system-out><![CDATA[
COMMAND: POST /session/0b442ebc8f096c4bfeb5c66a52851a3f/window/fullscreen - {}
RESULT: {}
]]></system-out>
    </testcase>
    <testcase classname="chrome.135_0_7049_96.windows.Performance_based_billing_(work_days)_US139742" name="Should create a new partner" time="0.02" />
    <testcase classname="chrome.135_0_7049_96.windows.Performance_based_billing_(work_days)_US139742" name="Should create a new site" time="0.005" />
    <testcase classname="chrome.135_0_7049_96.windows.Performance_based_billing_(work_days)_US139742" name="Should do prerequisite steps add equipment" time="142.913">
      <system-out><![CDATA[
COMMAND: POST /session/0b442ebc8f096c4bfeb5c66a52851a3f/execute/async - {"script":"<script> [1562 bytes]","args":[{"selector":{"controlType":"sap.m.GenericTile","properties":{"header":"Manage Resources"}},"wdio_ui5_key":"sapm.GenericTile{\"header\":\"Manage Resources\"}"}]}
RESULT: {"script":"<script> [1562 bytes]","args":[{"selector":{"controlType":"sap.m.GenericTile","properties":{"header":"Manage Resources"}},"wdio_ui5_key":"sapm.GenericTile{\"header\":\"Manage Resources\"}"}]}
RESULT: undefined
COMMAND: POST /session/0b442ebc8f096c4bfeb5c66a52851a3f/element - {"using":"xpath","value":"//*[@id=\"__tile39\"]"}
RESULT: {"using":"xpath","value":"//*[@id=\"__tile39\"]"}
COMMAND: POST /session/0b442ebc8f096c4bfeb5c66a52851a3f/element/f.9CA8B20795E6D08D18CCAFF067F35E12.d.AA17488BE5A2C017E2D411ABF7963BEA.e.14241/click - {}
RESULT: {}
COMMAND: POST /session/0b442ebc8f096c4bfeb5c66a52851a3f/element - {"using":"xpath","value":"//button[@data-kt=\"addNewRUOverflowToolbarButton\"]"}
COMMAND: GET /session/0b442ebc8f096c4bfeb5c66a52851a3f/screenshot - {}
RESULT: {"using":"xpath","value":"//button[@data-kt=\"addNewRUOverflowToolbarButton\"]"}
COMMAND: POST /session/0b442ebc8f096c4bfeb5c66a52851a3f/elements - {"using":"xpath","value":"//button[@data-kt=\"addNewRUOverflowToolbarButton\"]"}
RESULT: {}
RESULT: {"using":"xpath","value":"//button[@data-kt=\"addNewRUOverflowToolbarButton\"]"}
COMMAND: POST /session/0b442ebc8f096c4bfeb5c66a52851a3f/elements - {"using":"xpath","value":"//button[@data-kt=\"addNewRUOverflowToolbarButton\"]"}
RESULT: {"using":"xpath","value":"//button[@data-kt=\"addNewRUOverflowToolbarButton\"]"}
COMMAND: POST /session/0b442ebc8f096c4bfeb5c66a52851a3f/elements - {"using":"xpath","value":"//button[@data-kt=\"addNewRUOverflowToolbarButton\"]"}
RESULT: {"using":"xpath","value":"//button[@data-kt=\"addNewRUOverflowToolbarButton\"]"}
COMMAND: POST /session/0b442ebc8f096c4bfeb5c66a52851a3f/elements - {"using":"xpath","value":"//button[@data-kt=\"addNewRUOverflowToolbarButton\"]"}
RESULT: {"using":"xpath","value":"//button[@data-kt=\"addNewRUOverflowToolbarButton\"]"}
COMMAND: POST /session/0b442ebc8f096c4bfeb5c66a52851a3f/elements - {"using":"xpath","value":"//button[@data-kt=\"addNewRUOverflowToolbarButton\"]"}
RESULT: {"using":"xpath","value":"//button[@data-kt=\"addNewRUOverflowToolbarButton\"]"}
COMMAND: POST /session/0b442ebc8f096c4bfeb5c66a52851a3f/elements - {"using":"xpath","value":"//button[@data-kt=\"addNewRUOverflowToolbarButton\"]"}
RESULT: {"using":"xpath","value":"//button[@data-kt=\"addNewRUOverflowToolbarButton\"]"}
COMMAND: POST /session/0b442ebc8f096c4bfeb5c66a52851a3f/elements - {"using":"xpath","value":"//button[@data-kt=\"addNewRUOverflowToolbarButton\"]"}
RESULT: {"using":"xpath","value":"//button[@data-kt=\"addNewRUOverflowToolbarButton\"]"}
COMMAND: POST /session/0b442ebc8f096c4bfeb5c66a52851a3f/elements - {"using":"xpath","value":"//button[@data-kt=\"addNewRUOverflowToolbarButton\"]"}
RESULT: {"using":"xpath","value":"//button[@data-kt=\"addNewRUOverflowToolbarButton\"]"}
COMMAND: POST /session/0b442ebc8f096c4bfeb5c66a52851a3f/elements - {"using":"xpath","value":"//button[@data-kt=\"addNewRUOverflowToolbarButton\"]"}
RESULT: {"using":"xpath","value":"//button[@data-kt=\"addNewRUOverflowToolbarButton\"]"}
COMMAND: POST /session/0b442ebc8f096c4bfeb5c66a52851a3f/elements - {"using":"xpath","value":"//button[@data-kt=\"addNewRUOverflowToolbarButton\"]"}
RESULT: {"using":"xpath","value":"//button[@data-kt=\"addNewRUOverflowToolbarButton\"]"}
COMMAND: POST /session/0b442ebc8f096c4bfeb5c66a52851a3f/elements - {"using":"xpath","value":"//button[@data-kt=\"addNewRUOverflowToolbarButton\"]"}
RESULT: {"using":"xpath","value":"//button[@data-kt=\"addNewRUOverflowToolbarButton\"]"}
COMMAND: POST /session/0b442ebc8f096c4bfeb5c66a52851a3f/elements - {"using":"xpath","value":"//button[@data-kt=\"addNewRUOverflowToolbarButton\"]"}
RESULT: {"using":"xpath","value":"//button[@data-kt=\"addNewRUOverflowToolbarButton\"]"}
COMMAND: POST /session/0b442ebc8f096c4bfeb5c66a52851a3f/elements - {"using":"xpath","value":"//button[@data-kt=\"addNewRUOverflowToolbarButton\"]"}
RESULT: {"using":"xpath","value":"//button[@data-kt=\"addNewRUOverflowToolbarButton\"]"}
COMMAND: POST /session/0b442ebc8f096c4bfeb5c66a52851a3f/elements - {"using":"xpath","value":"//button[@data-kt=\"addNewRUOverflowToolbarButton\"]"}
RESULT: {"using":"xpath","value":"//button[@data-kt=\"addNewRUOverflowToolbarButton\"]"}
COMMAND: POST /session/0b442ebc8f096c4bfeb5c66a52851a3f/elements - {"using":"xpath","value":"//button[@data-kt=\"addNewRUOverflowToolbarButton\"]"}
RESULT: {"using":"xpath","value":"//button[@data-kt=\"addNewRUOverflowToolbarButton\"]"}
COMMAND: POST /session/0b442ebc8f096c4bfeb5c66a52851a3f/elements - {"using":"xpath","value":"//button[@data-kt=\"addNewRUOverflowToolbarButton\"]"}
RESULT: {"using":"xpath","value":"//button[@data-kt=\"addNewRUOverflowToolbarButton\"]"}
COMMAND: POST /session/0b442ebc8f096c4bfeb5c66a52851a3f/elements - {"using":"xpath","value":"//button[@data-kt=\"addNewRUOverflowToolbarButton\"]"}
RESULT: {"using":"xpath","value":"//button[@data-kt=\"addNewRUOverflowToolbarButton\"]"}
COMMAND: POST /session/0b442ebc8f096c4bfeb5c66a52851a3f/elements - {"using":"xpath","value":"//button[@data-kt=\"addNewRUOverflowToolbarButton\"]"}
RESULT: {"using":"xpath","value":"//button[@data-kt=\"addNewRUOverflowToolbarButton\"]"}
COMMAND: POST /session/0b442ebc8f096c4bfeb5c66a52851a3f/elements - {"using":"xpath","value":"//button[@data-kt=\"addNewRUOverflowToolbarButton\"]"}
RESULT: {"using":"xpath","value":"//button[@data-kt=\"addNewRUOverflowToolbarButton\"]"}
COMMAND: POST /session/0b442ebc8f096c4bfeb5c66a52851a3f/elements - {"using":"xpath","value":"//button[@data-kt=\"addNewRUOverflowToolbarButton\"]"}
RESULT: {"using":"xpath","value":"//button[@data-kt=\"addNewRUOverflowToolbarButton\"]"}
COMMAND: POST /session/0b442ebc8f096c4bfeb5c66a52851a3f/elements - {"using":"xpath","value":"//button[@data-kt=\"addNewRUOverflowToolbarButton\"]"}
RESULT: {"using":"xpath","value":"//button[@data-kt=\"addNewRUOverflowToolbarButton\"]"}
COMMAND: POST /session/0b442ebc8f096c4bfeb5c66a52851a3f/elements - {"using":"xpath","value":"//button[@data-kt=\"addNewRUOverflowToolbarButton\"]"}
RESULT: {"using":"xpath","value":"//button[@data-kt=\"addNewRUOverflowToolbarButton\"]"}
COMMAND: POST /session/0b442ebc8f096c4bfeb5c66a52851a3f/elements - {"using":"xpath","value":"//button[@data-kt=\"addNewRUOverflowToolbarButton\"]"}
RESULT: {"using":"xpath","value":"//button[@data-kt=\"addNewRUOverflowToolbarButton\"]"}
COMMAND: POST /session/0b442ebc8f096c4bfeb5c66a52851a3f/elements - {"using":"xpath","value":"//button[@data-kt=\"addNewRUOverflowToolbarButton\"]"}
RESULT: {"using":"xpath","value":"//button[@data-kt=\"addNewRUOverflowToolbarButton\"]"}
COMMAND: POST /session/0b442ebc8f096c4bfeb5c66a52851a3f/elements - {"using":"xpath","value":"//button[@data-kt=\"addNewRUOverflowToolbarButton\"]"}
RESULT: {"using":"xpath","value":"//button[@data-kt=\"addNewRUOverflowToolbarButton\"]"}
COMMAND: POST /session/0b442ebc8f096c4bfeb5c66a52851a3f/elements - {"using":"xpath","value":"//button[@data-kt=\"addNewRUOverflowToolbarButton\"]"}
RESULT: {"using":"xpath","value":"//button[@data-kt=\"addNewRUOverflowToolbarButton\"]"}
COMMAND: POST /session/0b442ebc8f096c4bfeb5c66a52851a3f/elements - {"using":"xpath","value":"//button[@data-kt=\"addNewRUOverflowToolbarButton\"]"}
RESULT: {"using":"xpath","value":"//button[@data-kt=\"addNewRUOverflowToolbarButton\"]"}
COMMAND: POST /session/0b442ebc8f096c4bfeb5c66a52851a3f/elements - {"using":"xpath","value":"//button[@data-kt=\"addNewRUOverflowToolbarButton\"]"}
RESULT: {"using":"xpath","value":"//button[@data-kt=\"addNewRUOverflowToolbarButton\"]"}
COMMAND: POST /session/0b442ebc8f096c4bfeb5c66a52851a3f/elements - {"using":"xpath","value":"//button[@data-kt=\"addNewRUOverflowToolbarButton\"]"}
RESULT: {"using":"xpath","value":"//button[@data-kt=\"addNewRUOverflowToolbarButton\"]"}
COMMAND: POST /session/0b442ebc8f096c4bfeb5c66a52851a3f/elements - {"using":"xpath","value":"//button[@data-kt=\"addNewRUOverflowToolbarButton\"]"}
RESULT: {"using":"xpath","value":"//button[@data-kt=\"addNewRUOverflowToolbarButton\"]"}
COMMAND: POST /session/0b442ebc8f096c4bfeb5c66a52851a3f/elements - {"using":"xpath","value":"//button[@data-kt=\"addNewRUOverflowToolbarButton\"]"}
RESULT: {"using":"xpath","value":"//button[@data-kt=\"addNewRUOverflowToolbarButton\"]"}
COMMAND: POST /session/0b442ebc8f096c4bfeb5c66a52851a3f/elements - {"using":"xpath","value":"//button[@data-kt=\"addNewRUOverflowToolbarButton\"]"}
RESULT: {"using":"xpath","value":"//button[@data-kt=\"addNewRUOverflowToolbarButton\"]"}
COMMAND: POST /session/0b442ebc8f096c4bfeb5c66a52851a3f/elements - {"using":"xpath","value":"//button[@data-kt=\"addNewRUOverflowToolbarButton\"]"}
RESULT: {"using":"xpath","value":"//button[@data-kt=\"addNewRUOverflowToolbarButton\"]"}
COMMAND: POST /session/0b442ebc8f096c4bfeb5c66a52851a3f/elements - {"using":"xpath","value":"//button[@data-kt=\"addNewRUOverflowToolbarButton\"]"}
RESULT: {"using":"xpath","value":"//button[@data-kt=\"addNewRUOverflowToolbarButton\"]"}
COMMAND: POST /session/0b442ebc8f096c4bfeb5c66a52851a3f/elements - {"using":"xpath","value":"//button[@data-kt=\"addNewRUOverflowToolbarButton\"]"}
RESULT: {"using":"xpath","value":"//button[@data-kt=\"addNewRUOverflowToolbarButton\"]"}
COMMAND: POST /session/0b442ebc8f096c4bfeb5c66a52851a3f/element - {"using":"xpath","value":"//button[@data-kt=\"addNewRUOverflowToolbarButton\"]"}
RESULT: {"using":"xpath","value":"//button[@data-kt=\"addNewRUOverflowToolbarButton\"]"}
COMMAND: POST /session/0b442ebc8f096c4bfeb5c66a52851a3f/execute/sync - {"script":"<script> [8489 bytes]","args":[{"element-6066-11e4-a52e-4f735466cecf":"f.9CA8B20795E6D08D18CCAFF067F35E12.d.AA17488BE5A2C017E2D411ABF7963BEA.e.14383","ELEMENT":"f.9CA8B20795E6D08D18CCAFF067F35E12.d.AA17488BE5A2C017E2D411ABF7963BEA.e.14383"}]}
RESULT: {"script":"<script> [8489 bytes]","args":[{"element-6066-11e4-a52e-4f735466cecf":"f.9CA8B20795E6D08D18CCAFF067F35E12.d.AA17488BE5A2C017E2D411ABF7963BEA.e.14383","ELEMENT":"f.9CA8B20795E6D08D18CCAFF067F35E12.d.AA17488BE5A2C017E2D411ABF7963BEA.e.14383"}]}
COMMAND: GET /session/0b442ebc8f096c4bfeb5c66a52851a3f/element/f.9CA8B20795E6D08D18CCAFF067F35E12.d.AA17488BE5A2C017E2D411ABF7963BEA.e.14383/enabled - {}
COMMAND: GET /session/0b442ebc8f096c4bfeb5c66a52851a3f/screenshot - {}
RESULT: {}
COMMAND: POST /session/0b442ebc8f096c4bfeb5c66a52851a3f/execute/sync - {"script":"<script> [8489 bytes]","args":[{"element-6066-11e4-a52e-4f735466cecf":"f.9CA8B20795E6D08D18CCAFF067F35E12.d.AA17488BE5A2C017E2D411ABF7963BEA.e.14383","ELEMENT":"f.9CA8B20795E6D08D18CCAFF067F35E12.d.AA17488BE5A2C017E2D411ABF7963BEA.e.14383"}]}
COMMAND: GET /session/0b442ebc8f096c4bfeb5c66a52851a3f/screenshot - {}
RESULT: {}
RESULT: {"script":"<script> [8489 bytes]","args":[{"element-6066-11e4-a52e-4f735466cecf":"f.9CA8B20795E6D08D18CCAFF067F35E12.d.AA17488BE5A2C017E2D411ABF7963BEA.e.14383","ELEMENT":"f.9CA8B20795E6D08D18CCAFF067F35E12.d.AA17488BE5A2C017E2D411ABF7963BEA.e.14383"}]}
COMMAND: POST /session/0b442ebc8f096c4bfeb5c66a52851a3f/execute/sync - {"script":"<script> [5351 bytes]","args":[{"element-6066-11e4-a52e-4f735466cecf":"f.9CA8B20795E6D08D18CCAFF067F35E12.d.AA17488BE5A2C017E2D411ABF7963BEA.e.14383","ELEMENT":"f.9CA8B20795E6D08D18CCAFF067F35E12.d.AA17488BE5A2C017E2D411ABF7963BEA.e.14383"}]}
COMMAND: GET /session/0b442ebc8f096c4bfeb5c66a52851a3f/screenshot - {}
RESULT: {}
RESULT: {"script":"<script> [5351 bytes]","args":[{"element-6066-11e4-a52e-4f735466cecf":"f.9CA8B20795E6D08D18CCAFF067F35E12.d.AA17488BE5A2C017E2D411ABF7963BEA.e.14383","ELEMENT":"f.9CA8B20795E6D08D18CCAFF067F35E12.d.AA17488BE5A2C017E2D411ABF7963BEA.e.14383"}]}
COMMAND: POST /session/0b442ebc8f096c4bfeb5c66a52851a3f/element/f.9CA8B20795E6D08D18CCAFF067F35E12.d.AA17488BE5A2C017E2D411ABF7963BEA.e.14383/click - {}
COMMAND: GET /session/0b442ebc8f096c4bfeb5c66a52851a3f/screenshot - {}
RESULT: {}
RESULT: {}
COMMAND: GET /session/0b442ebc8f096c4bfeb5c66a52851a3f/screenshot - {}
COMMAND: POST /session/0b442ebc8f096c4bfeb5c66a52851a3f/execute/async - {"script":"<script> [1562 bytes]","args":[{"selector":{"id":"application-manageresources-display-component---newResourceUnit--TYPE-arrow"},"wdio_ui5_key":"applicationmanageresources-display-component---newResourceUnit--TYPE-arrow"}]}
RESULT: {}
RESULT: {}
RESULT: {"script":"<script> [1562 bytes]","args":[{"selector":{"id":"application-manageresources-display-component---newResourceUnit--TYPE-arrow"},"wdio_ui5_key":"applicationmanageresources-display-component---newResourceUnit--TYPE-arrow"}]}
RESULT: undefined
COMMAND: POST /session/0b442ebc8f096c4bfeb5c66a52851a3f/element - {"using":"xpath","value":"//*[@id=\"application-manageresources-display-component---newResourceUnit--TYPE-arrow\"]"}
RESULT: {"using":"xpath","value":"//*[@id=\"application-manageresources-display-component---newResourceUnit--TYPE-arrow\"]"}
COMMAND: POST /session/0b442ebc8f096c4bfeb5c66a52851a3f/element/f.9CA8B20795E6D08D18CCAFF067F35E12.d.AA17488BE5A2C017E2D411ABF7963BEA.e.14740/click - {}
RESULT: {}
COMMAND: POST /session/0b442ebc8f096c4bfeb5c66a52851a3f/element - {"using":"xpath","value":"//input[@id=\"application-manageresources-display-component---newResourceUnit--TYPE-inner\"]"}
COMMAND: GET /session/0b442ebc8f096c4bfeb5c66a52851a3f/screenshot - {}
RESULT: {"using":"xpath","value":"//input[@id=\"application-manageresources-display-component---newResourceUnit--TYPE-inner\"]"}
COMMAND: POST /session/0b442ebc8f096c4bfeb5c66a52851a3f/element/f.9CA8B20795E6D08D18CCAFF067F35E12.d.AA17488BE5A2C017E2D411ABF7963BEA.e.14735/clear - {}
RESULT: {}
RESULT: {}
COMMAND: POST /session/0b442ebc8f096c4bfeb5c66a52851a3f/element/f.9CA8B20795E6D08D18CCAFF067F35E12.d.AA17488BE5A2C017E2D411ABF7963BEA.e.14735/value - {"text":"Equipment"}
COMMAND: GET /session/0b442ebc8f096c4bfeb5c66a52851a3f/screenshot - {}
RESULT: {"text":"Equipment"}
COMMAND: GET /session/0b442ebc8f096c4bfeb5c66a52851a3f/screenshot - {}
RESULT: {}
RESULT: {}
COMMAND: POST /session/0b442ebc8f096c4bfeb5c66a52851a3f/actions - {"actions":[{"id":"action49","type":"key","parameters":{},"actions":[{"type":"keyDown","value":"î€‡"},{"type":"pause","duration":10},{"type":"keyUp","value":"î€‡"}]}]}
RESULT: {"actions":[{"id":"action49","type":"key","parameters":{},"actions":[{"type":"keyDown","value":"î€‡"},{"type":"pause","duration":10},{"type":"keyUp","value":"î€‡"}]}]}
COMMAND: POST /session/0b442ebc8f096c4bfeb5c66a52851a3f/execute/async - {"script":"<script> [1562 bytes]","args":[{"selector":{"id":"application-manageresources-display-component---newResourceUnit--resourceId","interaction":{"idSuffix":"inner"}},"wdio_ui5_key":"applicationmanageresources-display-component---newResourceUnit--resourceId"}]}
COMMAND: GET /session/0b442ebc8f096c4bfeb5c66a52851a3f/screenshot - {}
RESULT: {"script":"<script> [1562 bytes]","args":[{"selector":{"id":"application-manageresources-display-component---newResourceUnit--resourceId","interaction":{"idSuffix":"inner"}},"wdio_ui5_key":"applicationmanageresources-display-component---newResourceUnit--resourceId"}]}
RESULT: undefined
COMMAND: POST /session/0b442ebc8f096c4bfeb5c66a52851a3f/execute/async - {"script":"<script> [776 bytes]","args":[{"enterText":"3ORhPjz09t","selector":{"id":"application-manageresources-display-component---newResourceUnit--resourceId","interaction":{"idSuffix":"inner"}},"clearTextFirst":true,"interactionType":"ENTER_TEXT"}]}
RESULT: {}
RESULT: {"script":"<script> [776 bytes]","args":[{"enterText":"3ORhPjz09t","selector":{"id":"application-manageresources-display-component---newResourceUnit--resourceId","interaction":{"idSuffix":"inner"}},"clearTextFirst":true,"interactionType":"ENTER_TEXT"}]}
COMMAND: POST /session/0b442ebc8f096c4bfeb5c66a52851a3f/execute/async - {"script":"<script> [1562 bytes]","args":[{"selector":{"id":"application-manageresources-display-component---newResourceUnit--SHORT_TEXT","interaction":{"idSuffix":"inner"}},"wdio_ui5_key":"applicationmanageresources-display-component---newResourceUnit--SHORT_TEXT"}]}
RESULT: {"script":"<script> [1562 bytes]","args":[{"selector":{"id":"application-manageresources-display-component---newResourceUnit--SHORT_TEXT","interaction":{"idSuffix":"inner"}},"wdio_ui5_key":"applicationmanageresources-display-component---newResourceUnit--SHORT_TEXT"}]}
RESULT: undefined
COMMAND: POST /session/0b442ebc8f096c4bfeb5c66a52851a3f/execute/async - {"script":"<script> [776 bytes]","args":[{"enterText":"Intercompany Equipment WDIO","selector":{"id":"application-manageresources-display-component---newResourceUnit--SHORT_TEXT","interaction":{"idSuffix":"inner"}},"clearTextFirst":true,"interactionType":"ENTER_TEXT"}]}
RESULT: {"script":"<script> [776 bytes]","args":[{"enterText":"Intercompany Equipment WDIO","selector":{"id":"application-manageresources-display-component---newResourceUnit--SHORT_TEXT","interaction":{"idSuffix":"inner"}},"clearTextFirst":true,"interactionType":"ENTER_TEXT"}]}
COMMAND: POST /session/0b442ebc8f096c4bfeb5c66a52851a3f/execute/async - {"script":"<script> [1562 bytes]","args":[{"selector":{"id":"application-manageresources-display-component---newResourceUnit--BASE_UNIT_OF_MEASURE","interaction":{"idSuffix":"inner"}},"wdio_ui5_key":"applicationmanageresources-display-component---newResourceUnit--BASE_UNIT_OF_MEASURE"}]}
RESULT: {"script":"<script> [1562 bytes]","args":[{"selector":{"id":"application-manageresources-display-component---newResourceUnit--BASE_UNIT_OF_MEASURE","interaction":{"idSuffix":"inner"}},"wdio_ui5_key":"applicationmanageresources-display-component---newResourceUnit--BASE_UNIT_OF_MEASURE"}]}
RESULT: undefined
COMMAND: POST /session/0b442ebc8f096c4bfeb5c66a52851a3f/execute/async - {"script":"<script> [776 bytes]","args":[{"enterText":"Piece","selector":{"id":"application-manageresources-display-component---newResourceUnit--BASE_UNIT_OF_MEASURE","interaction":{"idSuffix":"inner"}},"clearTextFirst":true,"interactionType":"ENTER_TEXT"}]}
RESULT: {"script":"<script> [776 bytes]","args":[{"enterText":"Piece","selector":{"id":"application-manageresources-display-component---newResourceUnit--BASE_UNIT_OF_MEASURE","interaction":{"idSuffix":"inner"}},"clearTextFirst":true,"interactionType":"ENTER_TEXT"}]}
COMMAND: POST /session/0b442ebc8f096c4bfeb5c66a52851a3f/execute/async - {"script":"<script> [1562 bytes]","args":[{"selector":{"id":"application-manageresources-display-component---newResourceUnit--WEIGHT_UNIT","interaction":{"idSuffix":"inner"}},"wdio_ui5_key":"applicationmanageresources-display-component---newResourceUnit--WEIGHT_UNIT"}]}
RESULT: {"script":"<script> [1562 bytes]","args":[{"selector":{"id":"application-manageresources-display-component---newResourceUnit--WEIGHT_UNIT","interaction":{"idSuffix":"inner"}},"wdio_ui5_key":"applicationmanageresources-display-component---newResourceUnit--WEIGHT_UNIT"}]}
RESULT: undefined
COMMAND: POST /session/0b442ebc8f096c4bfeb5c66a52851a3f/execute/async - {"script":"<script> [776 bytes]","args":[{"enterText":"Gram","selector":{"id":"application-manageresources-display-component---newResourceUnit--WEIGHT_UNIT","interaction":{"idSuffix":"inner"}},"clearTextFirst":true,"interactionType":"ENTER_TEXT"}]}
RESULT: {"script":"<script> [776 bytes]","args":[{"enterText":"Gram","selector":{"id":"application-manageresources-display-component---newResourceUnit--WEIGHT_UNIT","interaction":{"idSuffix":"inner"}},"clearTextFirst":true,"interactionType":"ENTER_TEXT"}]}
COMMAND: POST /session/0b442ebc8f096c4bfeb5c66a52851a3f/execute/async - {"script":"<script> [1562 bytes]","args":[{"selector":{"id":"application-manageresources-display-component---newResourceUnit--DIMENSION_UNIT","interaction":{"idSuffix":"inner"}},"wdio_ui5_key":"applicationmanageresources-display-component---newResourceUnit--DIMENSION_UNIT"}]}
RESULT: {"script":"<script> [1562 bytes]","args":[{"selector":{"id":"application-manageresources-display-component---newResourceUnit--DIMENSION_UNIT","interaction":{"idSuffix":"inner"}},"wdio_ui5_key":"applicationmanageresources-display-component---newResourceUnit--DIMENSION_UNIT"}]}
RESULT: undefined
COMMAND: POST /session/0b442ebc8f096c4bfeb5c66a52851a3f/execute/async - {"script":"<script> [776 bytes]","args":[{"enterText":"Meter","selector":{"id":"application-manageresources-display-component---newResourceUnit--DIMENSION_UNIT","interaction":{"idSuffix":"inner"}},"clearTextFirst":true,"interactionType":"ENTER_TEXT"}]}
RESULT: {"script":"<script> [776 bytes]","args":[{"enterText":"Meter","selector":{"id":"application-manageresources-display-component---newResourceUnit--DIMENSION_UNIT","interaction":{"idSuffix":"inner"}},"clearTextFirst":true,"interactionType":"ENTER_TEXT"}]}
COMMAND: POST /session/0b442ebc8f096c4bfeb5c66a52851a3f/execute/async - {"script":"<script> [1562 bytes]","args":[{"selector":{"id":"application-manageresources-display-component---newResourceUnit--newRRUPage-anchBar-application-manageresources-display-component---newResourceUnit--control-anchor","interaction":{"idSuffix":"BDI-content"}},"wdio_ui5_key":"applicationmanageresources-display-component---newResourceUnit--newRRUPage-anchBar-application-manageresources-display-component---newResourceUnit--control-anchor"}]}
RESULT: {"script":"<script> [1562 bytes]","args":[{"selector":{"id":"application-manageresources-display-component---newResourceUnit--newRRUPage-anchBar-application-manageresources-display-component---newResourceUnit--control-anchor","interaction":{"idSuffix":"BDI-content"}},"wdio_ui5_key":"applicationmanageresources-display-component---newResourceUnit--newRRUPage-anchBar-application-manageresources-display-component---newResourceUnit--control-anchor"}]}
RESULT: undefined
COMMAND: POST /session/0b442ebc8f096c4bfeb5c66a52851a3f/element - {"using":"xpath","value":"//*[@id=\"application-manageresources-display-component---newResourceUnit--newRRUPage-anchBar-application-manageresources-display-component---newResourceUnit--control-anchor\"]"}
RESULT: {"using":"xpath","value":"//*[@id=\"application-manageresources-display-component---newResourceUnit--newRRUPage-anchBar-application-manageresources-display-component---newResourceUnit--control-anchor\"]"}
COMMAND: POST /session/0b442ebc8f096c4bfeb5c66a52851a3f/element/f.9CA8B20795E6D08D18CCAFF067F35E12.d.AA17488BE5A2C017E2D411ABF7963BEA.e.14873/click - {}
RESULT: {}
COMMAND: POST /session/0b442ebc8f096c4bfeb5c66a52851a3f/execute/async - {"script":"<script> [1562 bytes]","args":[{"selector":{"id":"application-manageresources-display-component---newResourceUnit--PLANNING_GROUP","interaction":{"idSuffix":"inner"}},"wdio_ui5_key":"applicationmanageresources-display-component---newResourceUnit--PLANNING_GROUP"}]}
COMMAND: GET /session/0b442ebc8f096c4bfeb5c66a52851a3f/screenshot - {}
RESULT: {"script":"<script> [1562 bytes]","args":[{"selector":{"id":"application-manageresources-display-component---newResourceUnit--PLANNING_GROUP","interaction":{"idSuffix":"inner"}},"wdio_ui5_key":"applicationmanageresources-display-component---newResourceUnit--PLANNING_GROUP"}]}
RESULT: undefined
COMMAND: POST /session/0b442ebc8f096c4bfeb5c66a52851a3f/execute/async - {"script":"<script> [776 bytes]","args":[{"enterText":"Heavy Equi","selector":{"id":"application-manageresources-display-component---newResourceUnit--PLANNING_GROUP","interaction":{"idSuffix":"inner"}},"clearTextFirst":true,"interactionType":"ENTER_TEXT"}]}
RESULT: {}
RESULT: {"script":"<script> [776 bytes]","args":[{"enterText":"Heavy Equi","selector":{"id":"application-manageresources-display-component---newResourceUnit--PLANNING_GROUP","interaction":{"idSuffix":"inner"}},"clearTextFirst":true,"interactionType":"ENTER_TEXT"}]}
COMMAND: POST /session/0b442ebc8f096c4bfeb5c66a52851a3f/execute/async - {"script":"<script> [1562 bytes]","args":[{"selector":{"id":"application-manageresources-display-component---newResourceUnit--ITEM_TYPE-arrow"},"wdio_ui5_key":"applicationmanageresources-display-component---newResourceUnit--ITEM_TYPE-arrow"}]}
RESULT: {"script":"<script> [1562 bytes]","args":[{"selector":{"id":"application-manageresources-display-component---newResourceUnit--ITEM_TYPE-arrow"},"wdio_ui5_key":"applicationmanageresources-display-component---newResourceUnit--ITEM_TYPE-arrow"}]}
RESULT: undefined
COMMAND: POST /session/0b442ebc8f096c4bfeb5c66a52851a3f/element - {"using":"xpath","value":"//*[@id=\"application-manageresources-display-component---newResourceUnit--ITEM_TYPE-arrow\"]"}
RESULT: {"using":"xpath","value":"//*[@id=\"application-manageresources-display-component---newResourceUnit--ITEM_TYPE-arrow\"]"}
COMMAND: POST /session/0b442ebc8f096c4bfeb5c66a52851a3f/element/f.9CA8B20795E6D08D18CCAFF067F35E12.d.AA17488BE5A2C017E2D411ABF7963BEA.e.14882/click - {}
RESULT: {}
COMMAND: POST /session/0b442ebc8f096c4bfeb5c66a52851a3f/element - {"using":"xpath","value":"(//span[contains(text(), \"Resource Unit\")])[2]"}
COMMAND: GET /session/0b442ebc8f096c4bfeb5c66a52851a3f/screenshot - {}
RESULT: {"using":"xpath","value":"(//span[contains(text(), \"Resource Unit\")])[2]"}
COMMAND: POST /session/0b442ebc8f096c4bfeb5c66a52851a3f/element/f.9CA8B20795E6D08D18CCAFF067F35E12.d.AA17488BE5A2C017E2D411ABF7963BEA.e.14883/click - {}
RESULT: {}
RESULT: {}
COMMAND: GET /session/0b442ebc8f096c4bfeb5c66a52851a3f/screenshot - {}
RESULT: {}
COMMAND: POST /session/0b442ebc8f096c4bfeb5c66a52851a3f/element - {"using":"css selector","value":"#application-manageresources-display-component---newResourceUnit--btnAddTimeSegment"}
RESULT: {"using":"css selector","value":"#application-manageresources-display-component---newResourceUnit--btnAddTimeSegment"}
COMMAND: GET /session/0b442ebc8f096c4bfeb5c66a52851a3f/element/f.9CA8B20795E6D08D18CCAFF067F35E12.d.AA17488BE5A2C017E2D411ABF7963BEA.e.14884/rect - {}
RESULT: {}
COMMAND: GET /session/0b442ebc8f096c4bfeb5c66a52851a3f/window/rect - {}
RESULT: {}
COMMAND: POST /session/0b442ebc8f096c4bfeb5c66a52851a3f/execute/sync - {"script":"<script> [92 bytes]","args":[]}
RESULT: {"script":"<script> [92 bytes]","args":[]}
COMMAND: POST /session/0b442ebc8f096c4bfeb5c66a52851a3f/actions - {"actions":[{"id":"action50","type":"wheel","parameters":{},"actions":[{"type":"scroll","x":-1888,"y":-32,"deltaX":0,"deltaY":0,"duration":0,"origin":{"element-6066-11e4-a52e-4f735466cecf":"f.9CA8B20795E6D08D18CCAFF067F35E12.d.AA17488BE5A2C017E2D411ABF7963BEA.e.14884"}}]}]}
COMMAND: GET /session/0b442ebc8f096c4bfeb5c66a52851a3f/screenshot - {}
RESULT: {}
COMMAND: POST /session/0b442ebc8f096c4bfeb5c66a52851a3f/execute/sync - {"script":"<script> [79 bytes]","args":[{"element-6066-11e4-a52e-4f735466cecf":"f.9CA8B20795E6D08D18CCAFF067F35E12.d.AA17488BE5A2C017E2D411ABF7963BEA.e.14884","ELEMENT":"f.9CA8B20795E6D08D18CCAFF067F35E12.d.AA17488BE5A2C017E2D411ABF7963BEA.e.14884"},{"block":"start","inline":"nearest"}]}
RESULT: {"script":"<script> [79 bytes]","args":[{"element-6066-11e4-a52e-4f735466cecf":"f.9CA8B20795E6D08D18CCAFF067F35E12.d.AA17488BE5A2C017E2D411ABF7963BEA.e.14884","ELEMENT":"f.9CA8B20795E6D08D18CCAFF067F35E12.d.AA17488BE5A2C017E2D411ABF7963BEA.e.14884"},{"block":"start","inline":"nearest"}]}
COMMAND: POST /session/0b442ebc8f096c4bfeb5c66a52851a3f/execute/async - {"script":"<script> [1562 bytes]","args":[{"selector":{"id":"application-manageresources-display-component---newResourceUnit--btnAddTimeSegment","interaction":{"idSuffix":"inner"}},"wdio_ui5_key":"applicationmanageresources-display-component---newResourceUnit--btnAddTimeSegment"}]}
COMMAND: GET /session/0b442ebc8f096c4bfeb5c66a52851a3f/screenshot - {}
RESULT: {"script":"<script> [1562 bytes]","args":[{"selector":{"id":"application-manageresources-display-component---newResourceUnit--btnAddTimeSegment","interaction":{"idSuffix":"inner"}},"wdio_ui5_key":"applicationmanageresources-display-component---newResourceUnit--btnAddTimeSegment"}]}
RESULT: undefined
COMMAND: POST /session/0b442ebc8f096c4bfeb5c66a52851a3f/element - {"using":"xpath","value":"//*[@id=\"application-manageresources-display-component---newResourceUnit--btnAddTimeSegment\"]"}
RESULT: {}
RESULT: {"using":"xpath","value":"//*[@id=\"application-manageresources-display-component---newResourceUnit--btnAddTimeSegment\"]"}
COMMAND: POST /session/0b442ebc8f096c4bfeb5c66a52851a3f/element/f.9CA8B20795E6D08D18CCAFF067F35E12.d.AA17488BE5A2C017E2D411ABF7963BEA.e.14884/click - {}
RESULT: {}
COMMAND: GET /session/0b442ebc8f096c4bfeb5c66a52851a3f/screenshot - {}
RESULT: {}
COMMAND: POST /session/0b442ebc8f096c4bfeb5c66a52851a3f/element - {"using":"xpath","value":"//input[@id=\"application-manageresources-display-component---newResourceUnit--idRuTSAdmin-application-manageresources-display-component---newResourceUnit--RUTimeSegment-0-inner\"]"}
RESULT: {"using":"xpath","value":"//input[@id=\"application-manageresources-display-component---newResourceUnit--idRuTSAdmin-application-manageresources-display-component---newResourceUnit--RUTimeSegment-0-inner\"]"}
COMMAND: POST /session/0b442ebc8f096c4bfeb5c66a52851a3f/element/f.9CA8B20795E6D08D18CCAFF067F35E12.d.AA17488BE5A2C017E2D411ABF7963BEA.e.14890/clear - {}
RESULT: {}
COMMAND: POST /session/0b442ebc8f096c4bfeb5c66a52851a3f/element/f.9CA8B20795E6D08D18CCAFF067F35E12.d.AA17488BE5A2C017E2D411ABF7963BEA.e.14890/value - {"text":"620"}
COMMAND: GET /session/0b442ebc8f096c4bfeb5c66a52851a3f/screenshot - {}
RESULT: {"text":"620"}
COMMAND: GET /session/0b442ebc8f096c4bfeb5c66a52851a3f/screenshot - {}
RESULT: {}
RESULT: {}
COMMAND: POST /session/0b442ebc8f096c4bfeb5c66a52851a3f/element - {"using":"xpath","value":"//li[.//span[text()='620']]"}
RESULT: {"using":"xpath","value":"//li[.//span[text()='620']]"}
COMMAND: POST /session/0b442ebc8f096c4bfeb5c66a52851a3f/element/f.9CA8B20795E6D08D18CCAFF067F35E12.d.AA17488BE5A2C017E2D411ABF7963BEA.e.14904/click - {}
RESULT: {}
COMMAND: GET /session/0b442ebc8f096c4bfeb5c66a52851a3f/screenshot - {}
RESULT: {}
COMMAND: POST /session/0b442ebc8f096c4bfeb5c66a52851a3f/element - {"using":"xpath","value":"(//span[contains(@id, \"-application-manageresources-display-component---newResourceUnit--RUTimeSegment-0-arrow\")])[6]"}
RESULT: {"using":"xpath","value":"(//span[contains(@id, \"-application-manageresources-display-component---newResourceUnit--RUTimeSegment-0-arrow\")])[6]"}
COMMAND: POST /session/0b442ebc8f096c4bfeb5c66a52851a3f/element/f.9CA8B20795E6D08D18CCAFF067F35E12.d.AA17488BE5A2C017E2D411ABF7963BEA.e.14905/click - {}
RESULT: {}
COMMAND: GET /session/0b442ebc8f096c4bfeb5c66a52851a3f/screenshot - {}
RESULT: {}
COMMAND: POST /session/0b442ebc8f096c4bfeb5c66a52851a3f/element - {"using":"xpath","value":"//span[contains(text(), \"PM Order\")]"}
RESULT: {"using":"xpath","value":"//span[contains(text(), \"PM Order\")]"}
COMMAND: POST /session/0b442ebc8f096c4bfeb5c66a52851a3f/element/f.9CA8B20795E6D08D18CCAFF067F35E12.d.AA17488BE5A2C017E2D411ABF7963BEA.e.14908/click - {}
RESULT: {}
COMMAND: GET /session/0b442ebc8f096c4bfeb5c66a52851a3f/screenshot - {}
RESULT: {}
COMMAND: POST /session/0b442ebc8f096c4bfeb5c66a52851a3f/element - {"using":"xpath","value":"(//span[contains(@id ,\"manageresources-display-component---newResourceUnit--RUTimeSegment-0-vhi\")])[1]"}
RESULT: {"using":"xpath","value":"(//span[contains(@id ,\"manageresources-display-component---newResourceUnit--RUTimeSegment-0-vhi\")])[1]"}
COMMAND: GET /session/0b442ebc8f096c4bfeb5c66a52851a3f/element/f.9CA8B20795E6D08D18CCAFF067F35E12.d.AA17488BE5A2C017E2D411ABF7963BEA.e.14912/rect - {}
RESULT: {}
COMMAND: GET /session/0b442ebc8f096c4bfeb5c66a52851a3f/window/rect - {}
RESULT: {}
COMMAND: POST /session/0b442ebc8f096c4bfeb5c66a52851a3f/execute/sync - {"script":"<script> [92 bytes]","args":[]}
RESULT: {"script":"<script> [92 bytes]","args":[]}
COMMAND: POST /session/0b442ebc8f096c4bfeb5c66a52851a3f/actions - {"actions":[{"id":"action51","type":"wheel","parameters":{},"actions":[{"type":"scroll","x":-869,"y":-24,"deltaX":0,"deltaY":0,"duration":0,"origin":{"element-6066-11e4-a52e-4f735466cecf":"f.9CA8B20795E6D08D18CCAFF067F35E12.d.AA17488BE5A2C017E2D411ABF7963BEA.e.14912"}}]}]}
COMMAND: GET /session/0b442ebc8f096c4bfeb5c66a52851a3f/screenshot - {}
RESULT: {"actions":[{"id":"action51","type":"wheel","parameters":{},"actions":[{"type":"scroll","x":-869,"y":-24,"deltaX":0,"deltaY":0,"duration":0,"origin":{"element-6066-11e4-a52e-4f735466cecf":"f.9CA8B20795E6D08D18CCAFF067F35E12.d.AA17488BE5A2C017E2D411ABF7963BEA.e.14912"}}]}]}
COMMAND: DELETE /session/0b442ebc8f096c4bfeb5c66a52851a3f/actions - {}
COMMAND: GET /session/0b442ebc8f096c4bfeb5c66a52851a3f/screenshot - {}
RESULT: {}
RESULT: {}
COMMAND: GET /session/0b442ebc8f096c4bfeb5c66a52851a3f/screenshot - {}
RESULT: {}
RESULT: {}
COMMAND: POST /session/0b442ebc8f096c4bfeb5c66a52851a3f/element/f.9CA8B20795E6D08D18CCAFF067F35E12.d.AA17488BE5A2C017E2D411ABF7963BEA.e.14912/click - {}
RESULT: {}
COMMAND: GET /session/0b442ebc8f096c4bfeb5c66a52851a3f/screenshot - {}
RESULT: {}
COMMAND: POST /session/0b442ebc8f096c4bfeb5c66a52851a3f/execute/async - {"script":"<script> [1562 bytes]","args":[{"selector":{"controlType":"sap.m.SearchField","properties":{"placeholder":"Search"},"searchOpenDialogs":true,"interaction":{"idSuffix":"I"}},"wdio_ui5_key":"sapm.SearchField{\"placeholder\":\"Search\"}"}]}
RESULT: {"script":"<script> [1562 bytes]","args":[{"selector":{"controlType":"sap.m.SearchField","properties":{"placeholder":"Search"},"searchOpenDialogs":true,"interaction":{"idSuffix":"I"}},"wdio_ui5_key":"sapm.SearchField{\"placeholder\":\"Search\"}"}]}
RESULT: undefined
COMMAND: POST /session/0b442ebc8f096c4bfeb5c66a52851a3f/execute/async - {"script":"<script> [776 bytes]","args":[{"enterText":"4000360","selector":{"controlType":"sap.m.SearchField","properties":{"placeholder":"Search"},"searchOpenDialogs":true,"interaction":{"idSuffix":"I"}},"clearTextFirst":true,"interactionType":"ENTER_TEXT"}]}
RESULT: {"script":"<script> [776 bytes]","args":[{"enterText":"4000360","selector":{"controlType":"sap.m.SearchField","properties":{"placeholder":"Search"},"searchOpenDialogs":true,"interaction":{"idSuffix":"I"}},"clearTextFirst":true,"interactionType":"ENTER_TEXT"}]}
COMMAND: POST /session/0b442ebc8f096c4bfeb5c66a52851a3f/actions - {"actions":[{"id":"action52","type":"key","parameters":{},"actions":[{"type":"keyDown","value":"î€‡"},{"type":"pause","duration":10},{"type":"keyUp","value":"î€‡"}]}]}
RESULT: {"actions":[{"id":"action52","type":"key","parameters":{},"actions":[{"type":"keyDown","value":"î€‡"},{"type":"pause","duration":10},{"type":"keyUp","value":"î€‡"}]}]}
COMMAND: GET /session/0b442ebc8f096c4bfeb5c66a52851a3f/screenshot - {}
RESULT: {}
COMMAND: POST /session/0b442ebc8f096c4bfeb5c66a52851a3f/element - {"using":"xpath","value":"//td/div/span[contains(text(), \"BGL Vehicles\")]"}
RESULT: {"using":"xpath","value":"//td/div/span[contains(text(), \"BGL Vehicles\")]"}
COMMAND: POST /session/0b442ebc8f096c4bfeb5c66a52851a3f/element/f.9CA8B20795E6D08D18CCAFF067F35E12.d.AA17488BE5A2C017E2D411ABF7963BEA.e.14934/click - {}
RESULT: {}
COMMAND: GET /session/0b442ebc8f096c4bfeb5c66a52851a3f/screenshot - {}
RESULT: {}
COMMAND: POST /session/0b442ebc8f096c4bfeb5c66a52851a3f/element - {"using":"xpath","value":"//bdi[contains(text(), \"OK\")]"}
RESULT: {"using":"xpath","value":"//bdi[contains(text(), \"OK\")]"}
COMMAND: POST /session/0b442ebc8f096c4bfeb5c66a52851a3f/element/f.9CA8B20795E6D08D18CCAFF067F35E12.d.AA17488BE5A2C017E2D411ABF7963BEA.e.14935/click - {}
RESULT: {}
COMMAND: GET /session/0b442ebc8f096c4bfeb5c66a52851a3f/screenshot - {}
RESULT: {}
COMMAND: POST /session/0b442ebc8f096c4bfeb5c66a52851a3f/execute/async - {"script":"<script> [1562 bytes]","args":[{"selector":{"id":"application-manageresources-display-component---newResourceUnit--newRRUPage-anchBar-application-manageresources-display-component---newResourceUnit--resource-anchor","interaction":{"idSuffix":"BDI-content"}},"wdio_ui5_key":"applicationmanageresources-display-component---newResourceUnit--newRRUPage-anchBar-application-manageresources-display-component---newResourceUnit--resource-anchor"}]}
RESULT: {"script":"<script> [1562 bytes]","args":[{"selector":{"id":"application-manageresources-display-component---newResourceUnit--newRRUPage-anchBar-application-manageresources-display-component---newResourceUnit--resource-anchor","interaction":{"idSuffix":"BDI-content"}},"wdio_ui5_key":"applicationmanageresources-display-component---newResourceUnit--newRRUPage-anchBar-application-manageresources-display-component---newResourceUnit--resource-anchor"}]}
RESULT: undefined
COMMAND: POST /session/0b442ebc8f096c4bfeb5c66a52851a3f/element - {"using":"xpath","value":"//*[@id=\"application-manageresources-display-component---newResourceUnit--newRRUPage-anchBar-application-manageresources-display-component---newResourceUnit--resource-anchor\"]"}
RESULT: {"using":"xpath","value":"//*[@id=\"application-manageresources-display-component---newResourceUnit--newRRUPage-anchBar-application-manageresources-display-component---newResourceUnit--resource-anchor\"]"}
COMMAND: POST /session/0b442ebc8f096c4bfeb5c66a52851a3f/element/f.9CA8B20795E6D08D18CCAFF067F35E12.d.AA17488BE5A2C017E2D411ABF7963BEA.e.14939/click - {}
RESULT: {}
COMMAND: POST /session/0b442ebc8f096c4bfeb5c66a52851a3f/execute/async - {"script":"<script> [1562 bytes]","args":[{"selector":{"id":"application-manageresources-display-component---newResourceUnit--PLANNED_DELIVERY_DATE","interaction":{"idSuffix":"inner"}},"wdio_ui5_key":"applicationmanageresources-display-component---newResourceUnit--PLANNED_DELIVERY_DATE"}]}
COMMAND: GET /session/0b442ebc8f096c4bfeb5c66a52851a3f/screenshot - {}
RESULT: {"script":"<script> [1562 bytes]","args":[{"selector":{"id":"application-manageresources-display-component---newResourceUnit--PLANNED_DELIVERY_DATE","interaction":{"idSuffix":"inner"}},"wdio_ui5_key":"applicationmanageresources-display-component---newResourceUnit--PLANNED_DELIVERY_DATE"}]}
RESULT: undefined
COMMAND: POST /session/0b442ebc8f096c4bfeb5c66a52851a3f/execute/async - {"script":"<script> [6424 bytes]","args":[{"element-6066-11e4-a52e-4f735466cecf":"f.9CA8B20795E6D08D18CCAFF067F35E12.d.AA17488BE5A2C017E2D411ABF7963BEA.e.14796"},"setValue",["5/6/25"]]}
RESULT: {}
RESULT: {"script":"<script> [6424 bytes]","args":[{"element-6066-11e4-a52e-4f735466cecf":"f.9CA8B20795E6D08D18CCAFF067F35E12.d.AA17488BE5A2C017E2D411ABF7963BEA.e.14796"},"setValue",["5/6/25"]]}
COMMAND: POST /session/0b442ebc8f096c4bfeb5c66a52851a3f/element - {"using":"xpath","value":"//button[@data-kt=\"resourceUnitSaveButton\"]"}
RESULT: {"using":"xpath","value":"//button[@data-kt=\"resourceUnitSaveButton\"]"}
COMMAND: POST /session/0b442ebc8f096c4bfeb5c66a52851a3f/element/f.9CA8B20795E6D08D18CCAFF067F35E12.d.AA17488BE5A2C017E2D411ABF7963BEA.e.14756/click - {}
RESULT: {}
COMMAND: GET /session/0b442ebc8f096c4bfeb5c66a52851a3f/screenshot - {}
RESULT: {}
COMMAND: POST /session/0b442ebc8f096c4bfeb5c66a52851a3f/element - {"using":"xpath","value":"//bdi[contains(text(), \"Close\")]"}
RESULT: {"using":"xpath","value":"//bdi[contains(text(), \"Close\")]"}
COMMAND: POST /session/0b442ebc8f096c4bfeb5c66a52851a3f/element/f.9CA8B20795E6D08D18CCAFF067F35E12.d.AA17488BE5A2C017E2D411ABF7963BEA.e.14947/click - {}
RESULT: {}
COMMAND: GET /session/0b442ebc8f096c4bfeb5c66a52851a3f/screenshot - {}
RESULT: {}
COMMAND: POST /session/0b442ebc8f096c4bfeb5c66a52851a3f/element - {"using":"xpath","value":"(//button[contains(@id ,\"actionsToolbar-overflowButton\")])[1]"}
RESULT: {"using":"xpath","value":"(//button[contains(@id ,\"actionsToolbar-overflowButton\")])[1]"}
COMMAND: POST /session/0b442ebc8f096c4bfeb5c66a52851a3f/element/f.9CA8B20795E6D08D18CCAFF067F35E12.d.AA17488BE5A2C017E2D411ABF7963BEA.e.15002/click - {}
RESULT: {}
COMMAND: GET /session/0b442ebc8f096c4bfeb5c66a52851a3f/screenshot - {}
RESULT: {}
COMMAND: POST /session/0b442ebc8f096c4bfeb5c66a52851a3f/element - {"using":"xpath","value":"//button[@data-kt=\"priceInfoButton\"]"}
RESULT: {"using":"xpath","value":"//button[@data-kt=\"priceInfoButton\"]"}
COMMAND: POST /session/0b442ebc8f096c4bfeb5c66a52851a3f/element/f.9CA8B20795E6D08D18CCAFF067F35E12.d.AA17488BE5A2C017E2D411ABF7963BEA.e.15004/click - {}
RESULT: {}
COMMAND: GET /session/0b442ebc8f096c4bfeb5c66a52851a3f/screenshot - {}
]]></system-out>
    </testcase>
    <testcase classname="chrome.135_0_7049_96.windows.Performance_based_billing_(work_days)_US139742" name="Should create a pricing rule perf based on the equipment" time="55.511">
      <system-out><![CDATA[
COMMAND: POST /session/0b442ebc8f096c4bfeb5c66a52851a3f/element - {"using":"xpath","value":"//button[@data-kt=\"addButton\"]"}
RESULT: {}
RESULT: {"using":"xpath","value":"//button[@data-kt=\"addButton\"]"}
COMMAND: POST /session/0b442ebc8f096c4bfeb5c66a52851a3f/elements - {"using":"xpath","value":"//button[@data-kt=\"addButton\"]"}
RESULT: {"using":"xpath","value":"//button[@data-kt=\"addButton\"]"}
COMMAND: POST /session/0b442ebc8f096c4bfeb5c66a52851a3f/execute/sync - {"script":"<script> [8489 bytes]","args":[{"element-6066-11e4-a52e-4f735466cecf":"f.9CA8B20795E6D08D18CCAFF067F35E12.d.AA17488BE5A2C017E2D411ABF7963BEA.e.15042","ELEMENT":"f.9CA8B20795E6D08D18CCAFF067F35E12.d.AA17488BE5A2C017E2D411ABF7963BEA.e.15042"}]}
RESULT: {"script":"<script> [8489 bytes]","args":[{"element-6066-11e4-a52e-4f735466cecf":"f.9CA8B20795E6D08D18CCAFF067F35E12.d.AA17488BE5A2C017E2D411ABF7963BEA.e.15042","ELEMENT":"f.9CA8B20795E6D08D18CCAFF067F35E12.d.AA17488BE5A2C017E2D411ABF7963BEA.e.15042"}]}
COMMAND: GET /session/0b442ebc8f096c4bfeb5c66a52851a3f/element/f.9CA8B20795E6D08D18CCAFF067F35E12.d.AA17488BE5A2C017E2D411ABF7963BEA.e.15042/enabled - {}
COMMAND: GET /session/0b442ebc8f096c4bfeb5c66a52851a3f/screenshot - {}
RESULT: {}
COMMAND: POST /session/0b442ebc8f096c4bfeb5c66a52851a3f/execute/sync - {"script":"<script> [8489 bytes]","args":[{"element-6066-11e4-a52e-4f735466cecf":"f.9CA8B20795E6D08D18CCAFF067F35E12.d.AA17488BE5A2C017E2D411ABF7963BEA.e.15042","ELEMENT":"f.9CA8B20795E6D08D18CCAFF067F35E12.d.AA17488BE5A2C017E2D411ABF7963BEA.e.15042"}]}
COMMAND: GET /session/0b442ebc8f096c4bfeb5c66a52851a3f/screenshot - {}
RESULT: {}
RESULT: {"script":"<script> [8489 bytes]","args":[{"element-6066-11e4-a52e-4f735466cecf":"f.9CA8B20795E6D08D18CCAFF067F35E12.d.AA17488BE5A2C017E2D411ABF7963BEA.e.15042","ELEMENT":"f.9CA8B20795E6D08D18CCAFF067F35E12.d.AA17488BE5A2C017E2D411ABF7963BEA.e.15042"}]}
COMMAND: POST /session/0b442ebc8f096c4bfeb5c66a52851a3f/execute/sync - {"script":"<script> [5351 bytes]","args":[{"element-6066-11e4-a52e-4f735466cecf":"f.9CA8B20795E6D08D18CCAFF067F35E12.d.AA17488BE5A2C017E2D411ABF7963BEA.e.15042","ELEMENT":"f.9CA8B20795E6D08D18CCAFF067F35E12.d.AA17488BE5A2C017E2D411ABF7963BEA.e.15042"}]}
COMMAND: GET /session/0b442ebc8f096c4bfeb5c66a52851a3f/screenshot - {}
RESULT: {}
RESULT: {"script":"<script> [5351 bytes]","args":[{"element-6066-11e4-a52e-4f735466cecf":"f.9CA8B20795E6D08D18CCAFF067F35E12.d.AA17488BE5A2C017E2D411ABF7963BEA.e.15042","ELEMENT":"f.9CA8B20795E6D08D18CCAFF067F35E12.d.AA17488BE5A2C017E2D411ABF7963BEA.e.15042"}]}
COMMAND: POST /session/0b442ebc8f096c4bfeb5c66a52851a3f/element/f.9CA8B20795E6D08D18CCAFF067F35E12.d.AA17488BE5A2C017E2D411ABF7963BEA.e.15042/click - {}
COMMAND: GET /session/0b442ebc8f096c4bfeb5c66a52851a3f/screenshot - {}
RESULT: {}
RESULT: {}
COMMAND: GET /session/0b442ebc8f096c4bfeb5c66a52851a3f/screenshot - {}
RESULT: {}
RESULT: {}
COMMAND: POST /session/0b442ebc8f096c4bfeb5c66a52851a3f/execute/async - {"script":"<script> [1562 bytes]","args":[{"selector":{"controlType":"sap.m.Title","viewName":"etm.portal.ui.managepricingrules.view.NewItem","viewId":"application-managepricingrules-display-component---newInfoPriceItem","properties":{"text":"New Pricing Rules - Item Level"}},"wdio_ui5_key":"etmportal.ui.managepricingrules.view.NewItemsap.m.Title{\"text\":\"New Pricing Rules - Item Level\"}"}]}
RESULT: {"script":"<script> [1562 bytes]","args":[{"selector":{"controlType":"sap.m.Title","viewName":"etm.portal.ui.managepricingrules.view.NewItem","viewId":"application-managepricingrules-display-component---newInfoPriceItem","properties":{"text":"New Pricing Rules - Item Level"}},"wdio_ui5_key":"etmportal.ui.managepricingrules.view.NewItemsap.m.Title{\"text\":\"New Pricing Rules - Item Level\"}"}]}
RESULT: undefined
COMMAND: POST /session/0b442ebc8f096c4bfeb5c66a52851a3f/execute/async - {"script":"<script> [6424 bytes]","args":[{"element-6066-11e4-a52e-4f735466cecf":"f.9CA8B20795E6D08D18CCAFF067F35E12.d.AA17488BE5A2C017E2D411ABF7963BEA.e.15201"},"getText",[]]}
RESULT: {"script":"<script> [6424 bytes]","args":[{"element-6066-11e4-a52e-4f735466cecf":"f.9CA8B20795E6D08D18CCAFF067F35E12.d.AA17488BE5A2C017E2D411ABF7963BEA.e.15201"},"getText",[]]}
COMMAND: POST /session/0b442ebc8f096c4bfeb5c66a52851a3f/execute/async - {"script":"<script> [1562 bytes]","args":[{"selector":{"id":"application-managepricingrules-display-component---newInfoPriceItem--condValidTo","interaction":{"idSuffix":"inner"}},"wdio_ui5_key":"applicationmanagepricingrules-display-component---newInfoPriceItem--condValidTo"}]}
RESULT: {"script":"<script> [1562 bytes]","args":[{"selector":{"id":"application-managepricingrules-display-component---newInfoPriceItem--condValidTo","interaction":{"idSuffix":"inner"}},"wdio_ui5_key":"applicationmanagepricingrules-display-component---newInfoPriceItem--condValidTo"}]}
RESULT: undefined
COMMAND: POST /session/0b442ebc8f096c4bfeb5c66a52851a3f/execute/async - {"script":"<script> [776 bytes]","args":[{"enterText":"01/06/26","selector":{"id":"application-managepricingrules-display-component---newInfoPriceItem--condValidTo","interaction":{"idSuffix":"inner"}},"clearTextFirst":true,"interactionType":"ENTER_TEXT"}]}
RESULT: {"script":"<script> [776 bytes]","args":[{"enterText":"01/06/26","selector":{"id":"application-managepricingrules-display-component---newInfoPriceItem--condValidTo","interaction":{"idSuffix":"inner"}},"clearTextFirst":true,"interactionType":"ENTER_TEXT"}]}
COMMAND: POST /session/0b442ebc8f096c4bfeb5c66a52851a3f/execute/async - {"script":"<script> [1562 bytes]","args":[{"selector":{"id":"application-managepricingrules-display-component---newInfoPriceItem--billType-arrow"},"wdio_ui5_key":"applicationmanagepricingrules-display-component---newInfoPriceItem--billType-arrow"}]}
RESULT: {"script":"<script> [1562 bytes]","args":[{"selector":{"id":"application-managepricingrules-display-component---newInfoPriceItem--billType-arrow"},"wdio_ui5_key":"applicationmanagepricingrules-display-component---newInfoPriceItem--billType-arrow"}]}
RESULT: undefined
COMMAND: POST /session/0b442ebc8f096c4bfeb5c66a52851a3f/element - {"using":"xpath","value":"//*[@id=\"application-managepricingrules-display-component---newInfoPriceItem--billType-arrow\"]"}
RESULT: {"using":"xpath","value":"//*[@id=\"application-managepricingrules-display-component---newInfoPriceItem--billType-arrow\"]"}
COMMAND: POST /session/0b442ebc8f096c4bfeb5c66a52851a3f/element/f.9CA8B20795E6D08D18CCAFF067F35E12.d.AA17488BE5A2C017E2D411ABF7963BEA.e.15203/click - {}
RESULT: {}
COMMAND: POST /session/0b442ebc8f096c4bfeb5c66a52851a3f/element - {"using":"xpath","value":"//span[contains(text(), \"PB - Performance based\")]"}
COMMAND: GET /session/0b442ebc8f096c4bfeb5c66a52851a3f/screenshot - {}
RESULT: {"using":"xpath","value":"//span[contains(text(), \"PB - Performance based\")]"}
COMMAND: POST /session/0b442ebc8f096c4bfeb5c66a52851a3f/element/f.9CA8B20795E6D08D18CCAFF067F35E12.d.AA17488BE5A2C017E2D411ABF7963BEA.e.15204/click - {}
RESULT: {}
RESULT: {}
COMMAND: POST /session/0b442ebc8f096c4bfeb5c66a52851a3f/execute/async - {"script":"<script> [1562 bytes]","args":[{"selector":{"id":"application-managepricingrules-display-component---newInfoPriceItem--priceProc-arrow"},"wdio_ui5_key":"applicationmanagepricingrules-display-component---newInfoPriceItem--priceProc-arrow"}]}
COMMAND: GET /session/0b442ebc8f096c4bfeb5c66a52851a3f/screenshot - {}
RESULT: {"script":"<script> [1562 bytes]","args":[{"selector":{"id":"application-managepricingrules-display-component---newInfoPriceItem--priceProc-arrow"},"wdio_ui5_key":"applicationmanagepricingrules-display-component---newInfoPriceItem--priceProc-arrow"}]}
RESULT: undefined
COMMAND: POST /session/0b442ebc8f096c4bfeb5c66a52851a3f/element - {"using":"xpath","value":"//*[@id=\"application-managepricingrules-display-component---newInfoPriceItem--priceProc-arrow\"]"}
RESULT: {}
RESULT: {"using":"xpath","value":"//*[@id=\"application-managepricingrules-display-component---newInfoPriceItem--priceProc-arrow\"]"}
COMMAND: POST /session/0b442ebc8f096c4bfeb5c66a52851a3f/element/f.9CA8B20795E6D08D18CCAFF067F35E12.d.AA17488BE5A2C017E2D411ABF7963BEA.e.15167/click - {}
RESULT: {}
COMMAND: POST /session/0b442ebc8f096c4bfeb5c66a52851a3f/element - {"using":"xpath","value":"//span[contains(text(), \"PRF - Performance based\")]"}
COMMAND: GET /session/0b442ebc8f096c4bfeb5c66a52851a3f/screenshot - {}
RESULT: {"using":"xpath","value":"//span[contains(text(), \"PRF - Performance based\")]"}
COMMAND: POST /session/0b442ebc8f096c4bfeb5c66a52851a3f/element/f.9CA8B20795E6D08D18CCAFF067F35E12.d.AA17488BE5A2C017E2D411ABF7963BEA.e.15205/click - {}
RESULT: {}
RESULT: {}
COMMAND: POST /session/0b442ebc8f096c4bfeb5c66a52851a3f/execute/async - {"script":"<script> [1562 bytes]","args":[{"selector":{"id":"application-managepricingrules-display-component---newInfoPriceItem--calcBase-arrow"},"wdio_ui5_key":"applicationmanagepricingrules-display-component---newInfoPriceItem--calcBase-arrow"}]}
COMMAND: GET /session/0b442ebc8f096c4bfeb5c66a52851a3f/screenshot - {}
RESULT: {"script":"<script> [1562 bytes]","args":[{"selector":{"id":"application-managepricingrules-display-component---newInfoPriceItem--calcBase-arrow"},"wdio_ui5_key":"applicationmanagepricingrules-display-component---newInfoPriceItem--calcBase-arrow"}]}
RESULT: undefined
COMMAND: POST /session/0b442ebc8f096c4bfeb5c66a52851a3f/element - {"using":"xpath","value":"//*[@id=\"application-managepricingrules-display-component---newInfoPriceItem--calcBase-arrow\"]"}
RESULT: {}
RESULT: {"using":"xpath","value":"//*[@id=\"application-managepricingrules-display-component---newInfoPriceItem--calcBase-arrow\"]"}
COMMAND: POST /session/0b442ebc8f096c4bfeb5c66a52851a3f/element/f.9CA8B20795E6D08D18CCAFF067F35E12.d.AA17488BE5A2C017E2D411ABF7963BEA.e.15174/click - {}
RESULT: {}
COMMAND: GET /session/0b442ebc8f096c4bfeb5c66a52851a3f/screenshot - {}
RESULT: {}
COMMAND: POST /session/0b442ebc8f096c4bfeb5c66a52851a3f/element - {"using":"xpath","value":"//span[contains(text(), \"0007 - PB(work days)\")]"}
RESULT: {"using":"xpath","value":"//span[contains(text(), \"0007 - PB(work days)\")]"}
COMMAND: POST /session/0b442ebc8f096c4bfeb5c66a52851a3f/element/f.9CA8B20795E6D08D18CCAFF067F35E12.d.AA17488BE5A2C017E2D411ABF7963BEA.e.15206/click - {}
RESULT: {}
COMMAND: GET /session/0b442ebc8f096c4bfeb5c66a52851a3f/screenshot - {}
RESULT: {}
COMMAND: POST /session/0b442ebc8f096c4bfeb5c66a52851a3f/execute/async - {"script":"<script> [1562 bytes]","args":[{"selector":{"id":"application-managepricingrules-display-component---newInfoPriceItem--hoursMonth","interaction":{"idSuffix":"inner"}},"wdio_ui5_key":"applicationmanagepricingrules-display-component---newInfoPriceItem--hoursMonth"}]}
RESULT: {"script":"<script> [1562 bytes]","args":[{"selector":{"id":"application-managepricingrules-display-component---newInfoPriceItem--hoursMonth","interaction":{"idSuffix":"inner"}},"wdio_ui5_key":"applicationmanagepricingrules-display-component---newInfoPriceItem--hoursMonth"}]}
RESULT: undefined
COMMAND: POST /session/0b442ebc8f096c4bfeb5c66a52851a3f/execute/async - {"script":"<script> [776 bytes]","args":[{"enterText":"160","selector":{"id":"application-managepricingrules-display-component---newInfoPriceItem--hoursMonth","interaction":{"idSuffix":"inner"}},"clearTextFirst":true,"interactionType":"ENTER_TEXT"}]}
RESULT: {"script":"<script> [776 bytes]","args":[{"enterText":"160","selector":{"id":"application-managepricingrules-display-component---newInfoPriceItem--hoursMonth","interaction":{"idSuffix":"inner"}},"clearTextFirst":true,"interactionType":"ENTER_TEXT"}]}
COMMAND: POST /session/0b442ebc8f096c4bfeb5c66a52851a3f/element - {"using":"xpath","value":"//button[@data-kt=\"saveNewRuleButton\"]"}
RESULT: {"using":"xpath","value":"//button[@data-kt=\"saveNewRuleButton\"]"}
COMMAND: POST /session/0b442ebc8f096c4bfeb5c66a52851a3f/element/f.9CA8B20795E6D08D18CCAFF067F35E12.d.AA17488BE5A2C017E2D411ABF7963BEA.e.15189/click - {}
RESULT: {}
COMMAND: GET /session/0b442ebc8f096c4bfeb5c66a52851a3f/screenshot - {}
RESULT: {}
COMMAND: POST /session/0b442ebc8f096c4bfeb5c66a52851a3f/execute/async - {"script":"<script> [1562 bytes]","args":[{"selector":{"id":"application-managepricingrules-display-component---priceInfoItem--smartFilterBar-btnBasicSearch","interaction":{"idSuffix":"I"}},"wdio_ui5_key":"applicationmanagepricingrules-display-component---priceInfoItem--smartFilterBar-btnBasicSearch"}]}
RESULT: {"script":"<script> [1562 bytes]","args":[{"selector":{"id":"application-managepricingrules-display-component---priceInfoItem--smartFilterBar-btnBasicSearch","interaction":{"idSuffix":"I"}},"wdio_ui5_key":"applicationmanagepricingrules-display-component---priceInfoItem--smartFilterBar-btnBasicSearch"}]}
RESULT: undefined
COMMAND: POST /session/0b442ebc8f096c4bfeb5c66a52851a3f/execute/async - {"script":"<script> [776 bytes]","args":[{"enterText":"3ORhPjz09t","selector":{"id":"application-managepricingrules-display-component---priceInfoItem--smartFilterBar-btnBasicSearch","interaction":{"idSuffix":"I"}},"clearTextFirst":true,"interactionType":"ENTER_TEXT"}]}
RESULT: {"script":"<script> [776 bytes]","args":[{"enterText":"3ORhPjz09t","selector":{"id":"application-managepricingrules-display-component---priceInfoItem--smartFilterBar-btnBasicSearch","interaction":{"idSuffix":"I"}},"clearTextFirst":true,"interactionType":"ENTER_TEXT"}]}
COMMAND: POST /session/0b442ebc8f096c4bfeb5c66a52851a3f/actions - {"actions":[{"id":"action53","type":"key","parameters":{},"actions":[{"type":"keyDown","value":"î€‡"},{"type":"pause","duration":10},{"type":"keyUp","value":"î€‡"}]}]}
RESULT: {"actions":[{"id":"action53","type":"key","parameters":{},"actions":[{"type":"keyDown","value":"î€‡"},{"type":"pause","duration":10},{"type":"keyUp","value":"î€‡"}]}]}
COMMAND: GET /session/0b442ebc8f096c4bfeb5c66a52851a3f/screenshot - {}
RESULT: {}
COMMAND: POST /session/0b442ebc8f096c4bfeb5c66a52851a3f/element - {"using":"xpath","value":"//span[@id=\"application-managepricingrules-display-component---priceInfoItem--smartTable-header-inner\"]"}
RESULT: {"using":"xpath","value":"//span[@id=\"application-managepricingrules-display-component---priceInfoItem--smartTable-header-inner\"]"}
COMMAND: POST /session/0b442ebc8f096c4bfeb5c66a52851a3f/elements - {"using":"xpath","value":"//span[@id=\"application-managepricingrules-display-component---priceInfoItem--smartTable-header-inner\"]"}
RESULT: {"using":"xpath","value":"//span[@id=\"application-managepricingrules-display-component---priceInfoItem--smartTable-header-inner\"]"}
COMMAND: POST /session/0b442ebc8f096c4bfeb5c66a52851a3f/execute/sync - {"script":"<script> [56 bytes]","args":[{"element-6066-11e4-a52e-4f735466cecf":"f.9CA8B20795E6D08D18CCAFF067F35E12.d.AA17488BE5A2C017E2D411ABF7963BEA.e.15230","ELEMENT":"f.9CA8B20795E6D08D18CCAFF067F35E12.d.AA17488BE5A2C017E2D411ABF7963BEA.e.15230"}]}
RESULT: {"script":"<script> [56 bytes]","args":[{"element-6066-11e4-a52e-4f735466cecf":"f.9CA8B20795E6D08D18CCAFF067F35E12.d.AA17488BE5A2C017E2D411ABF7963BEA.e.15230","ELEMENT":"f.9CA8B20795E6D08D18CCAFF067F35E12.d.AA17488BE5A2C017E2D411ABF7963BEA.e.15230"}]}
COMMAND: POST /session/0b442ebc8f096c4bfeb5c66a52851a3f/element - {"using":"css selector","value":"#shell-header-logo"}
COMMAND: GET /session/0b442ebc8f096c4bfeb5c66a52851a3f/screenshot - {}
RESULT: {"using":"css selector","value":"#shell-header-logo"}
COMMAND: POST /session/0b442ebc8f096c4bfeb5c66a52851a3f/element/f.9CA8B20795E6D08D18CCAFF067F35E12.d.AA17488BE5A2C017E2D411ABF7963BEA.e.14351/click - {}
RESULT: {}
RESULT: {}
COMMAND: GET /session/0b442ebc8f096c4bfeb5c66a52851a3f/screenshot - {}
RESULT: {}
]]></system-out>
    </testcase>
    <testcase classname="chrome.135_0_7049_96.windows.Performance_based_billing_(work_days)_US139742" name="Should create a performance based billing condition on the equipment" time="69.022">
      <system-out><![CDATA[
COMMAND: POST /session/0b442ebc8f096c4bfeb5c66a52851a3f/execute/async - {"script":"<script> [1562 bytes]","args":[{"selector":{"controlType":"sap.m.Text","properties":{"text":"Manage Conditions & Prices"},"interaction":{"idSuffix":"inner"}},"wdio_ui5_key":"sapm.Text{\"text\":\"Manage Conditions & Prices\"}"}]}
RESULT: {"script":"<script> [1562 bytes]","args":[{"selector":{"controlType":"sap.m.Text","properties":{"text":"Manage Conditions & Prices"},"interaction":{"idSuffix":"inner"}},"wdio_ui5_key":"sapm.Text{\"text\":\"Manage Conditions & Prices\"}"}]}
RESULT: undefined
COMMAND: POST /session/0b442ebc8f096c4bfeb5c66a52851a3f/element - {"using":"xpath","value":"//*[@id=\"__tile53-title\"]"}
RESULT: {"using":"xpath","value":"//*[@id=\"__tile53-title\"]"}
COMMAND: POST /session/0b442ebc8f096c4bfeb5c66a52851a3f/element/f.9CA8B20795E6D08D18CCAFF067F35E12.d.AA17488BE5A2C017E2D411ABF7963BEA.e.15233/click - {}
RESULT: {}
COMMAND: POST /session/0b442ebc8f096c4bfeb5c66a52851a3f/element - {"using":"xpath","value":"//button[@aria-label=\"Create\"]"}
COMMAND: GET /session/0b442ebc8f096c4bfeb5c66a52851a3f/screenshot - {}
RESULT: {"using":"xpath","value":"//button[@aria-label=\"Create\"]"}
COMMAND: POST /session/0b442ebc8f096c4bfeb5c66a52851a3f/elements - {"using":"xpath","value":"//button[@aria-label=\"Create\"]"}
RESULT: {}
RESULT: {"using":"xpath","value":"//button[@aria-label=\"Create\"]"}
COMMAND: POST /session/0b442ebc8f096c4bfeb5c66a52851a3f/elements - {"using":"xpath","value":"//button[@aria-label=\"Create\"]"}
RESULT: {"using":"xpath","value":"//button[@aria-label=\"Create\"]"}
COMMAND: POST /session/0b442ebc8f096c4bfeb5c66a52851a3f/element - {"using":"xpath","value":"//button[@aria-label=\"Create\"]"}
RESULT: {"using":"xpath","value":"//button[@aria-label=\"Create\"]"}
COMMAND: POST /session/0b442ebc8f096c4bfeb5c66a52851a3f/execute/sync - {"script":"<script> [8489 bytes]","args":[{"element-6066-11e4-a52e-4f735466cecf":"f.9CA8B20795E6D08D18CCAFF067F35E12.d.AA17488BE5A2C017E2D411ABF7963BEA.e.15268","ELEMENT":"f.9CA8B20795E6D08D18CCAFF067F35E12.d.AA17488BE5A2C017E2D411ABF7963BEA.e.15268"}]}
RESULT: {"script":"<script> [8489 bytes]","args":[{"element-6066-11e4-a52e-4f735466cecf":"f.9CA8B20795E6D08D18CCAFF067F35E12.d.AA17488BE5A2C017E2D411ABF7963BEA.e.15268","ELEMENT":"f.9CA8B20795E6D08D18CCAFF067F35E12.d.AA17488BE5A2C017E2D411ABF7963BEA.e.15268"}]}
COMMAND: GET /session/0b442ebc8f096c4bfeb5c66a52851a3f/element/f.9CA8B20795E6D08D18CCAFF067F35E12.d.AA17488BE5A2C017E2D411ABF7963BEA.e.15268/enabled - {}
COMMAND: GET /session/0b442ebc8f096c4bfeb5c66a52851a3f/screenshot - {}
RESULT: {}
COMMAND: POST /session/0b442ebc8f096c4bfeb5c66a52851a3f/execute/sync - {"script":"<script> [8489 bytes]","args":[{"element-6066-11e4-a52e-4f735466cecf":"f.9CA8B20795E6D08D18CCAFF067F35E12.d.AA17488BE5A2C017E2D411ABF7963BEA.e.15268","ELEMENT":"f.9CA8B20795E6D08D18CCAFF067F35E12.d.AA17488BE5A2C017E2D411ABF7963BEA.e.15268"}]}
COMMAND: GET /session/0b442ebc8f096c4bfeb5c66a52851a3f/screenshot - {}
RESULT: {}
RESULT: {"script":"<script> [8489 bytes]","args":[{"element-6066-11e4-a52e-4f735466cecf":"f.9CA8B20795E6D08D18CCAFF067F35E12.d.AA17488BE5A2C017E2D411ABF7963BEA.e.15268","ELEMENT":"f.9CA8B20795E6D08D18CCAFF067F35E12.d.AA17488BE5A2C017E2D411ABF7963BEA.e.15268"}]}
COMMAND: POST /session/0b442ebc8f096c4bfeb5c66a52851a3f/execute/sync - {"script":"<script> [5351 bytes]","args":[{"element-6066-11e4-a52e-4f735466cecf":"f.9CA8B20795E6D08D18CCAFF067F35E12.d.AA17488BE5A2C017E2D411ABF7963BEA.e.15268","ELEMENT":"f.9CA8B20795E6D08D18CCAFF067F35E12.d.AA17488BE5A2C017E2D411ABF7963BEA.e.15268"}]}
COMMAND: GET /session/0b442ebc8f096c4bfeb5c66a52851a3f/screenshot - {}
RESULT: {}
RESULT: {}
RESULT: {"script":"<script> [5351 bytes]","args":[{"element-6066-11e4-a52e-4f735466cecf":"f.9CA8B20795E6D08D18CCAFF067F35E12.d.AA17488BE5A2C017E2D411ABF7963BEA.e.15268","ELEMENT":"f.9CA8B20795E6D08D18CCAFF067F35E12.d.AA17488BE5A2C017E2D411ABF7963BEA.e.15268"}]}
COMMAND: POST /session/0b442ebc8f096c4bfeb5c66a52851a3f/element/f.9CA8B20795E6D08D18CCAFF067F35E12.d.AA17488BE5A2C017E2D411ABF7963BEA.e.15268/click - {}
COMMAND: GET /session/0b442ebc8f096c4bfeb5c66a52851a3f/screenshot - {}
RESULT: {}
COMMAND: GET /session/0b442ebc8f096c4bfeb5c66a52851a3f/screenshot - {}
RESULT: {}
RESULT: {}
COMMAND: POST /session/0b442ebc8f096c4bfeb5c66a52851a3f/actions - {"actions":[{"id":"action54","type":"key","parameters":{},"actions":[{"type":"keyDown","value":"î€‡"},{"type":"pause","duration":10},{"type":"keyUp","value":"î€‡"}]}]}
RESULT: {"actions":[{"id":"action54","type":"key","parameters":{},"actions":[{"type":"keyDown","value":"î€‡"},{"type":"pause","duration":10},{"type":"keyUp","value":"î€‡"}]}]}
COMMAND: GET /session/0b442ebc8f096c4bfeb5c66a52851a3f/screenshot - {}
COMMAND: POST /session/0b442ebc8f096c4bfeb5c66a52851a3f/execute/async - {"script":"<script> [1562 bytes]","args":[{"selector":{"id":"application-manageconditionprice-display-component---newCondition--condBillCond-arrow"},"wdio_ui5_key":"applicationmanageconditionprice-display-component---newCondition--condBillCond-arrow"}]}
RESULT: {}
RESULT: {"script":"<script> [1562 bytes]","args":[{"selector":{"id":"application-manageconditionprice-display-component---newCondition--condBillCond-arrow"},"wdio_ui5_key":"applicationmanageconditionprice-display-component---newCondition--condBillCond-arrow"}]}
RESULT: undefined
COMMAND: POST /session/0b442ebc8f096c4bfeb5c66a52851a3f/element - {"using":"xpath","value":"//*[@id=\"application-manageconditionprice-display-component---newCondition--condBillCond-arrow\"]"}
RESULT: {"using":"xpath","value":"//*[@id=\"application-manageconditionprice-display-component---newCondition--condBillCond-arrow\"]"}
COMMAND: POST /session/0b442ebc8f096c4bfeb5c66a52851a3f/element/f.9CA8B20795E6D08D18CCAFF067F35E12.d.AA17488BE5A2C017E2D411ABF7963BEA.e.15448/click - {}
RESULT: {}
COMMAND: GET /session/0b442ebc8f096c4bfeb5c66a52851a3f/screenshot - {}
RESULT: {}
COMMAND: POST /session/0b442ebc8f096c4bfeb5c66a52851a3f/element - {"using":"xpath","value":"//li[.//span[contains(text(), \"PC06 - Performance Price - fuel\")]]"}
RESULT: {"using":"xpath","value":"//li[.//span[contains(text(), \"PC06 - Performance Price - fuel\")]]"}
COMMAND: POST /session/0b442ebc8f096c4bfeb5c66a52851a3f/element/f.9CA8B20795E6D08D18CCAFF067F35E12.d.AA17488BE5A2C017E2D411ABF7963BEA.e.15451/click - {}
RESULT: {}
COMMAND: GET /session/0b442ebc8f096c4bfeb5c66a52851a3f/screenshot - {}
RESULT: {}
COMMAND: POST /session/0b442ebc8f096c4bfeb5c66a52851a3f/execute/async - {"script":"<script> [1562 bytes]","args":[{"selector":{"id":"application-manageconditionprice-display-component---newCondition--condValidTo","interaction":{"idSuffix":"inner"}},"wdio_ui5_key":"applicationmanageconditionprice-display-component---newCondition--condValidTo"}]}
RESULT: {"script":"<script> [1562 bytes]","args":[{"selector":{"id":"application-manageconditionprice-display-component---newCondition--condValidTo","interaction":{"idSuffix":"inner"}},"wdio_ui5_key":"applicationmanageconditionprice-display-component---newCondition--condValidTo"}]}
RESULT: undefined
COMMAND: POST /session/0b442ebc8f096c4bfeb5c66a52851a3f/execute/async - {"script":"<script> [776 bytes]","args":[{"enterText":"01/06/26","selector":{"id":"application-manageconditionprice-display-component---newCondition--condValidTo","interaction":{"idSuffix":"inner"}},"clearTextFirst":true,"interactionType":"ENTER_TEXT"}]}
RESULT: {"script":"<script> [776 bytes]","args":[{"enterText":"01/06/26","selector":{"id":"application-manageconditionprice-display-component---newCondition--condValidTo","interaction":{"idSuffix":"inner"}},"clearTextFirst":true,"interactionType":"ENTER_TEXT"}]}
COMMAND: POST /session/0b442ebc8f096c4bfeb5c66a52851a3f/element - {"using":"xpath","value":"//input[@id=\"application-manageconditionprice-display-component---newCondition--condRU-inner\"]"}
RESULT: {"using":"xpath","value":"//input[@id=\"application-manageconditionprice-display-component---newCondition--condRU-inner\"]"}
COMMAND: POST /session/0b442ebc8f096c4bfeb5c66a52851a3f/element/f.9CA8B20795E6D08D18CCAFF067F35E12.d.AA17488BE5A2C017E2D411ABF7963BEA.e.15312/clear - {}
RESULT: {}
COMMAND: POST /session/0b442ebc8f096c4bfeb5c66a52851a3f/element/f.9CA8B20795E6D08D18CCAFF067F35E12.d.AA17488BE5A2C017E2D411ABF7963BEA.e.15312/value - {"text":"3ORhPjz09t"}
COMMAND: GET /session/0b442ebc8f096c4bfeb5c66a52851a3f/screenshot - {}
RESULT: {"text":"3ORhPjz09t"}
COMMAND: GET /session/0b442ebc8f096c4bfeb5c66a52851a3f/screenshot - {}
RESULT: {}
RESULT: {}
COMMAND: POST /session/0b442ebc8f096c4bfeb5c66a52851a3f/actions - {"actions":[{"id":"action55","type":"key","parameters":{},"actions":[{"type":"keyDown","value":"î€‡"},{"type":"pause","duration":10},{"type":"keyUp","value":"î€‡"}]}]}
RESULT: {"actions":[{"id":"action55","type":"key","parameters":{},"actions":[{"type":"keyDown","value":"î€‡"},{"type":"pause","duration":10},{"type":"keyUp","value":"î€‡"}]}]}
COMMAND: POST /session/0b442ebc8f096c4bfeb5c66a52851a3f/execute/async - {"script":"<script> [1562 bytes]","args":[{"selector":{"id":"application-manageconditionprice-display-component---newCondition--condBaseQty","interaction":{"idSuffix":"inner"}},"wdio_ui5_key":"applicationmanageconditionprice-display-component---newCondition--condBaseQty"}]}
COMMAND: GET /session/0b442ebc8f096c4bfeb5c66a52851a3f/screenshot - {}
RESULT: {"script":"<script> [1562 bytes]","args":[{"selector":{"id":"application-manageconditionprice-display-component---newCondition--condBaseQty","interaction":{"idSuffix":"inner"}},"wdio_ui5_key":"applicationmanageconditionprice-display-component---newCondition--condBaseQty"}]}
RESULT: undefined
COMMAND: POST /session/0b442ebc8f096c4bfeb5c66a52851a3f/execute/async - {"script":"<script> [776 bytes]","args":[{"enterText":"1","selector":{"id":"application-manageconditionprice-display-component---newCondition--condBaseQty","interaction":{"idSuffix":"inner"}},"clearTextFirst":true,"interactionType":"ENTER_TEXT"}]}
RESULT: {}
RESULT: {"script":"<script> [776 bytes]","args":[{"enterText":"1","selector":{"id":"application-manageconditionprice-display-component---newCondition--condBaseQty","interaction":{"idSuffix":"inner"}},"clearTextFirst":true,"interactionType":"ENTER_TEXT"}]}
COMMAND: POST /session/0b442ebc8f096c4bfeb5c66a52851a3f/execute/async - {"script":"<script> [1562 bytes]","args":[{"selector":{"id":"application-manageconditionprice-display-component---newCondition--condValue","interaction":{"idSuffix":"inner"}},"wdio_ui5_key":"applicationmanageconditionprice-display-component---newCondition--condValue"}]}
RESULT: {"script":"<script> [1562 bytes]","args":[{"selector":{"id":"application-manageconditionprice-display-component---newCondition--condValue","interaction":{"idSuffix":"inner"}},"wdio_ui5_key":"applicationmanageconditionprice-display-component---newCondition--condValue"}]}
RESULT: undefined
COMMAND: POST /session/0b442ebc8f096c4bfeb5c66a52851a3f/execute/async - {"script":"<script> [776 bytes]","args":[{"enterText":"10","selector":{"id":"application-manageconditionprice-display-component---newCondition--condValue","interaction":{"idSuffix":"inner"}},"clearTextFirst":true,"interactionType":"ENTER_TEXT"}]}
RESULT: {"script":"<script> [776 bytes]","args":[{"enterText":"10","selector":{"id":"application-manageconditionprice-display-component---newCondition--condValue","interaction":{"idSuffix":"inner"}},"clearTextFirst":true,"interactionType":"ENTER_TEXT"}]}
COMMAND: POST /session/0b442ebc8f096c4bfeb5c66a52851a3f/execute/async - {"script":"<script> [1562 bytes]","args":[{"selector":{"id":"application-manageconditionprice-display-component---newCondition--condCurr-arrow"},"wdio_ui5_key":"applicationmanageconditionprice-display-component---newCondition--condCurr-arrow"}]}
RESULT: {"script":"<script> [1562 bytes]","args":[{"selector":{"id":"application-manageconditionprice-display-component---newCondition--condCurr-arrow"},"wdio_ui5_key":"applicationmanageconditionprice-display-component---newCondition--condCurr-arrow"}]}
RESULT: undefined
COMMAND: POST /session/0b442ebc8f096c4bfeb5c66a52851a3f/element - {"using":"xpath","value":"//*[@id=\"application-manageconditionprice-display-component---newCondition--condCurr-arrow\"]"}
RESULT: {"using":"xpath","value":"//*[@id=\"application-manageconditionprice-display-component---newCondition--condCurr-arrow\"]"}
COMMAND: POST /session/0b442ebc8f096c4bfeb5c66a52851a3f/element/f.9CA8B20795E6D08D18CCAFF067F35E12.d.AA17488BE5A2C017E2D411ABF7963BEA.e.15421/click - {}
RESULT: {}
COMMAND: POST /session/0b442ebc8f096c4bfeb5c66a52851a3f/element - {"using":"xpath","value":"//span[contains(text(), \"Euro\")]"}
COMMAND: GET /session/0b442ebc8f096c4bfeb5c66a52851a3f/screenshot - {}
RESULT: {"using":"xpath","value":"//span[contains(text(), \"Euro\")]"}
COMMAND: POST /session/0b442ebc8f096c4bfeb5c66a52851a3f/element/f.9CA8B20795E6D08D18CCAFF067F35E12.d.AA17488BE5A2C017E2D411ABF7963BEA.e.15486/click - {}
RESULT: {}
RESULT: {}
COMMAND: POST /session/0b442ebc8f096c4bfeb5c66a52851a3f/element - {"using":"xpath","value":"//button[@data-kt=\"saveButton\"]"}
COMMAND: GET /session/0b442ebc8f096c4bfeb5c66a52851a3f/screenshot - {}
RESULT: {"using":"xpath","value":"//button[@data-kt=\"saveButton\"]"}
COMMAND: POST /session/0b442ebc8f096c4bfeb5c66a52851a3f/element/f.9CA8B20795E6D08D18CCAFF067F35E12.d.AA17488BE5A2C017E2D411ABF7963BEA.e.15422/click - {}
RESULT: {}
RESULT: {}
COMMAND: GET /session/0b442ebc8f096c4bfeb5c66a52851a3f/screenshot - {}
RESULT: {}
COMMAND: POST /session/0b442ebc8f096c4bfeb5c66a52851a3f/execute/async - {"script":"<script> [1562 bytes]","args":[{"selector":{"id":"application-manageconditionprice-display-component---conditions--smartFilterBar-btnBasicSearch","interaction":{"idSuffix":"I"}},"wdio_ui5_key":"applicationmanageconditionprice-display-component---conditions--smartFilterBar-btnBasicSearch"}]}
RESULT: {"script":"<script> [1562 bytes]","args":[{"selector":{"id":"application-manageconditionprice-display-component---conditions--smartFilterBar-btnBasicSearch","interaction":{"idSuffix":"I"}},"wdio_ui5_key":"applicationmanageconditionprice-display-component---conditions--smartFilterBar-btnBasicSearch"}]}
RESULT: undefined
COMMAND: POST /session/0b442ebc8f096c4bfeb5c66a52851a3f/execute/async - {"script":"<script> [776 bytes]","args":[{"enterText":"3ORhPjz09t","selector":{"id":"application-manageconditionprice-display-component---conditions--smartFilterBar-btnBasicSearch","interaction":{"idSuffix":"I"}},"clearTextFirst":true,"interactionType":"ENTER_TEXT"}]}
RESULT: {"script":"<script> [776 bytes]","args":[{"enterText":"3ORhPjz09t","selector":{"id":"application-manageconditionprice-display-component---conditions--smartFilterBar-btnBasicSearch","interaction":{"idSuffix":"I"}},"clearTextFirst":true,"interactionType":"ENTER_TEXT"}]}
COMMAND: POST /session/0b442ebc8f096c4bfeb5c66a52851a3f/actions - {"actions":[{"id":"action56","type":"key","parameters":{},"actions":[{"type":"keyDown","value":"î€‡"},{"type":"pause","duration":10},{"type":"keyUp","value":"î€‡"}]}]}
RESULT: {"actions":[{"id":"action56","type":"key","parameters":{},"actions":[{"type":"keyDown","value":"î€‡"},{"type":"pause","duration":10},{"type":"keyUp","value":"î€‡"}]}]}
COMMAND: GET /session/0b442ebc8f096c4bfeb5c66a52851a3f/screenshot - {}
RESULT: {}
COMMAND: POST /session/0b442ebc8f096c4bfeb5c66a52851a3f/execute/async - {"script":"<script> [1562 bytes]","args":[{"selector":{"id":"application-manageconditionprice-display-component---conditions--smartFilterBar-filterItemControl_BASIC-BILL_TYPES-vhi"},"wdio_ui5_key":"applicationmanageconditionprice-display-component---conditions--smartFilterBar-filterItemControl_BASIC-BILL_TYPES-vhi"}]}
RESULT: {"script":"<script> [1562 bytes]","args":[{"selector":{"id":"application-manageconditionprice-display-component---conditions--smartFilterBar-filterItemControl_BASIC-BILL_TYPES-vhi"},"wdio_ui5_key":"applicationmanageconditionprice-display-component---conditions--smartFilterBar-filterItemControl_BASIC-BILL_TYPES-vhi"}]}
RESULT: undefined
COMMAND: POST /session/0b442ebc8f096c4bfeb5c66a52851a3f/element - {"using":"xpath","value":"//*[@id=\"application-manageconditionprice-display-component---conditions--smartFilterBar-filterItemControl_BASIC-BILL_TYPES-vhi\"]"}
RESULT: {"using":"xpath","value":"//*[@id=\"application-manageconditionprice-display-component---conditions--smartFilterBar-filterItemControl_BASIC-BILL_TYPES-vhi\"]"}
COMMAND: POST /session/0b442ebc8f096c4bfeb5c66a52851a3f/element/f.9CA8B20795E6D08D18CCAFF067F35E12.d.AA17488BE5A2C017E2D411ABF7963BEA.e.15581/click - {}
RESULT: {}
COMMAND: POST /session/0b442ebc8f096c4bfeb5c66a52851a3f/execute/async - {"script":"<script> [1562 bytes]","args":[{"selector":{"id":"application-manageconditionprice-display-component---conditions--smartFilterBar-filterItemControl_BASIC-BILL_TYPES-valueHelpDialog-smartFilterBar-btnBasicSearch","searchOpenDialogs":true,"interaction":{"idSuffix":"I"}},"wdio_ui5_key":"applicationmanageconditionprice-display-component---conditions--smartFilterBar-filterItemControl_BASIC-BILL_TYPES-valueHelpDialog-smartFilterBar-btnBasicSearch"}]}
COMMAND: GET /session/0b442ebc8f096c4bfeb5c66a52851a3f/screenshot - {}
RESULT: {"script":"<script> [1562 bytes]","args":[{"selector":{"id":"application-manageconditionprice-display-component---conditions--smartFilterBar-filterItemControl_BASIC-BILL_TYPES-valueHelpDialog-smartFilterBar-btnBasicSearch","searchOpenDialogs":true,"interaction":{"idSuffix":"I"}},"wdio_ui5_key":"applicationmanageconditionprice-display-component---conditions--smartFilterBar-filterItemControl_BASIC-BILL_TYPES-valueHelpDialog-smartFilterBar-btnBasicSearch"}]}
RESULT: undefined
COMMAND: POST /session/0b442ebc8f096c4bfeb5c66a52851a3f/execute/async - {"script":"<script> [776 bytes]","args":[{"enterText":"PB","selector":{"id":"application-manageconditionprice-display-component---conditions--smartFilterBar-filterItemControl_BASIC-BILL_TYPES-valueHelpDialog-smartFilterBar-btnBasicSearch","searchOpenDialogs":true,"interaction":{"idSuffix":"I"}},"clearTextFirst":true,"interactionType":"ENTER_TEXT"}]}
RESULT: {}
RESULT: {"script":"<script> [776 bytes]","args":[{"enterText":"PB","selector":{"id":"application-manageconditionprice-display-component---conditions--smartFilterBar-filterItemControl_BASIC-BILL_TYPES-valueHelpDialog-smartFilterBar-btnBasicSearch","searchOpenDialogs":true,"interaction":{"idSuffix":"I"}},"clearTextFirst":true,"interactionType":"ENTER_TEXT"}]}
COMMAND: POST /session/0b442ebc8f096c4bfeb5c66a52851a3f/actions - {"actions":[{"id":"action57","type":"key","parameters":{},"actions":[{"type":"keyDown","value":"î€‡"},{"type":"pause","duration":10},{"type":"keyUp","value":"î€‡"}]}]}
RESULT: {"actions":[{"id":"action57","type":"key","parameters":{},"actions":[{"type":"keyDown","value":"î€‡"},{"type":"pause","duration":10},{"type":"keyUp","value":"î€‡"}]}]}
COMMAND: GET /session/0b442ebc8f096c4bfeb5c66a52851a3f/screenshot - {}
RESULT: {}
COMMAND: POST /session/0b442ebc8f096c4bfeb5c66a52851a3f/element - {"using":"xpath","value":"//div[contains(@id, 'application-manageconditionprice-display-component---conditions--smartFilterBar-filterItemControl_BASIC-BILL_TYPES-valueHelpDialog-table-rowsel0')]"}
RESULT: {"using":"xpath","value":"//div[contains(@id, 'application-manageconditionprice-display-component---conditions--smartFilterBar-filterItemControl_BASIC-BILL_TYPES-valueHelpDialog-table-rowsel0')]"}
COMMAND: POST /session/0b442ebc8f096c4bfeb5c66a52851a3f/element/f.9CA8B20795E6D08D18CCAFF067F35E12.d.AA17488BE5A2C017E2D411ABF7963BEA.e.15590/click - {}
RESULT: {}
COMMAND: GET /session/0b442ebc8f096c4bfeb5c66a52851a3f/screenshot - {}
RESULT: {}
COMMAND: POST /session/0b442ebc8f096c4bfeb5c66a52851a3f/element - {"using":"xpath","value":"//bdi[contains(text(), \"OK\")]"}
RESULT: {"using":"xpath","value":"//bdi[contains(text(), \"OK\")]"}
COMMAND: POST /session/0b442ebc8f096c4bfeb5c66a52851a3f/element/f.9CA8B20795E6D08D18CCAFF067F35E12.d.AA17488BE5A2C017E2D411ABF7963BEA.e.15592/click - {}
RESULT: {}
COMMAND: GET /session/0b442ebc8f096c4bfeb5c66a52851a3f/screenshot - {}
RESULT: {}
COMMAND: POST /session/0b442ebc8f096c4bfeb5c66a52851a3f/element - {"using":"xpath","value":"//span[@id=\"application-manageconditionprice-display-component---conditions--smartTable-header-inner\"]"}
RESULT: {"using":"xpath","value":"//span[@id=\"application-manageconditionprice-display-component---conditions--smartTable-header-inner\"]"}
COMMAND: POST /session/0b442ebc8f096c4bfeb5c66a52851a3f/elements - {"using":"xpath","value":"//span[@id=\"application-manageconditionprice-display-component---conditions--smartTable-header-inner\"]"}
RESULT: {"using":"xpath","value":"//span[@id=\"application-manageconditionprice-display-component---conditions--smartTable-header-inner\"]"}
COMMAND: POST /session/0b442ebc8f096c4bfeb5c66a52851a3f/execute/sync - {"script":"<script> [56 bytes]","args":[{"element-6066-11e4-a52e-4f735466cecf":"f.9CA8B20795E6D08D18CCAFF067F35E12.d.AA17488BE5A2C017E2D411ABF7963BEA.e.15595","ELEMENT":"f.9CA8B20795E6D08D18CCAFF067F35E12.d.AA17488BE5A2C017E2D411ABF7963BEA.e.15595"}]}
RESULT: {"script":"<script> [56 bytes]","args":[{"element-6066-11e4-a52e-4f735466cecf":"f.9CA8B20795E6D08D18CCAFF067F35E12.d.AA17488BE5A2C017E2D411ABF7963BEA.e.15595","ELEMENT":"f.9CA8B20795E6D08D18CCAFF067F35E12.d.AA17488BE5A2C017E2D411ABF7963BEA.e.15595"}]}
COMMAND: POST /session/0b442ebc8f096c4bfeb5c66a52851a3f/element - {"using":"css selector","value":"#shell-header-logo"}
COMMAND: GET /session/0b442ebc8f096c4bfeb5c66a52851a3f/screenshot - {}
RESULT: {"using":"css selector","value":"#shell-header-logo"}
COMMAND: POST /session/0b442ebc8f096c4bfeb5c66a52851a3f/element/f.9CA8B20795E6D08D18CCAFF067F35E12.d.AA17488BE5A2C017E2D411ABF7963BEA.e.15235/click - {}
RESULT: {}
RESULT: {}
COMMAND: GET /session/0b442ebc8f096c4bfeb5c66a52851a3f/screenshot - {}
RESULT: {}
]]></system-out>
    </testcase>
    <testcase classname="chrome.135_0_7049_96.windows.Performance_based_billing_(work_days)_US139742" name="Should add a counter to the equipment" time="67.49">
      <system-out><![CDATA[
RESULT: undefined
COMMAND: POST /session/0b442ebc8f096c4bfeb5c66a52851a3f/element - {"using":"xpath","value":"//*[@id=\"__tile39\"]"}
RESULT: {"using":"xpath","value":"//*[@id=\"__tile39\"]"}
COMMAND: POST /session/0b442ebc8f096c4bfeb5c66a52851a3f/element/f.9CA8B20795E6D08D18CCAFF067F35E12.d.AA17488BE5A2C017E2D411ABF7963BEA.e.14241/click - {}
RESULT: {}
COMMAND: POST /session/0b442ebc8f096c4bfeb5c66a52851a3f/execute/async - {"script":"<script> [1562 bytes]","args":[{"selector":{"id":"application-manageresources-display-component---masterRU--smartFilterBar-btnBasicSearch","interaction":{"idSuffix":"I"}},"wdio_ui5_key":"applicationmanageresources-display-component---masterRU--smartFilterBar-btnBasicSearch"}]}
COMMAND: GET /session/0b442ebc8f096c4bfeb5c66a52851a3f/screenshot - {}
RESULT: {"script":"<script> [1562 bytes]","args":[{"selector":{"id":"application-manageresources-display-component---masterRU--smartFilterBar-btnBasicSearch","interaction":{"idSuffix":"I"}},"wdio_ui5_key":"applicationmanageresources-display-component---masterRU--smartFilterBar-btnBasicSearch"}]}
RESULT: undefined
COMMAND: POST /session/0b442ebc8f096c4bfeb5c66a52851a3f/execute/async - {"script":"<script> [776 bytes]","args":[{"enterText":"3ORhPjz09t","selector":{"id":"application-manageresources-display-component---masterRU--smartFilterBar-btnBasicSearch","interaction":{"idSuffix":"I"}},"clearTextFirst":true,"interactionType":"ENTER_TEXT"}]}
RESULT: {}
RESULT: {"script":"<script> [776 bytes]","args":[{"enterText":"3ORhPjz09t","selector":{"id":"application-manageresources-display-component---masterRU--smartFilterBar-btnBasicSearch","interaction":{"idSuffix":"I"}},"clearTextFirst":true,"interactionType":"ENTER_TEXT"}]}
COMMAND: POST /session/0b442ebc8f096c4bfeb5c66a52851a3f/actions - {"actions":[{"id":"action58","type":"key","parameters":{},"actions":[{"type":"keyDown","value":"î€‡"},{"type":"pause","duration":10},{"type":"keyUp","value":"î€‡"}]}]}
RESULT: {"actions":[{"id":"action58","type":"key","parameters":{},"actions":[{"type":"keyDown","value":"î€‡"},{"type":"pause","duration":10},{"type":"keyUp","value":"î€‡"}]}]}
COMMAND: GET /session/0b442ebc8f096c4bfeb5c66a52851a3f/screenshot - {}
RESULT: {}
COMMAND: POST /session/0b442ebc8f096c4bfeb5c66a52851a3f/execute/async - {"script":"<script> [1562 bytes]","args":[{"selector":{"id":"application-manageresources-display-component---masterRU--smartTable-header"},"wdio_ui5_key":"applicationmanageresources-display-component---masterRU--smartTable-header"}]}
RESULT: {"script":"<script> [1562 bytes]","args":[{"selector":{"id":"application-manageresources-display-component---masterRU--smartTable-header"},"wdio_ui5_key":"applicationmanageresources-display-component---masterRU--smartTable-header"}]}
RESULT: undefined
COMMAND: POST /session/0b442ebc8f096c4bfeb5c66a52851a3f/execute/async - {"script":"<script> [6424 bytes]","args":[{"element-6066-11e4-a52e-4f735466cecf":"f.9CA8B20795E6D08D18CCAFF067F35E12.d.AA17488BE5A2C017E2D411ABF7963BEA.e.15799"},"getText",[]]}
RESULT: {"script":"<script> [6424 bytes]","args":[{"element-6066-11e4-a52e-4f735466cecf":"f.9CA8B20795E6D08D18CCAFF067F35E12.d.AA17488BE5A2C017E2D411ABF7963BEA.e.15799"},"getText",[]]}
COMMAND: POST /session/0b442ebc8f096c4bfeb5c66a52851a3f/execute/async - {"script":"<script> [1562 bytes]","args":[{"selector":{"controlType":"sap.ui.core.Icon","viewName":"etm.portal.ui.manageresources.view.Master","viewId":"application-manageresources-display-component---masterRU","properties":{"src":{"regex":{"source":"slim\\-arrow\\-right"}}}},"wdio_ui5_key":"etmportal.ui.manageresources.view.Mastersap.ui.core.Icon{\"src\":{\"regex\":{\"source\":\"slim\\\\-arrow\\\\-right\"}}}"}]}
RESULT: {"script":"<script> [1562 bytes]","args":[{"selector":{"controlType":"sap.ui.core.Icon","viewName":"etm.portal.ui.manageresources.view.Master","viewId":"application-manageresources-display-component---masterRU","properties":{"src":{"regex":{"source":"slim\\-arrow\\-right"}}}},"wdio_ui5_key":"etmportal.ui.manageresources.view.Mastersap.ui.core.Icon{\"src\":{\"regex\":{\"source\":\"slim\\\\-arrow\\\\-right\"}}}"}]}
RESULT: undefined
COMMAND: POST /session/0b442ebc8f096c4bfeb5c66a52851a3f/element - {"using":"xpath","value":"//*[@id=\"__item1255-__clone3336-imgNav\"]"}
RESULT: {"using":"xpath","value":"//*[@id=\"__item1255-__clone3336-imgNav\"]"}
COMMAND: POST /session/0b442ebc8f096c4bfeb5c66a52851a3f/element/f.9CA8B20795E6D08D18CCAFF067F35E12.d.AA17488BE5A2C017E2D411ABF7963BEA.e.15798/click - {}
RESULT: {}
COMMAND: GET /session/0b442ebc8f096c4bfeb5c66a52851a3f/screenshot - {}
COMMAND: POST /session/0b442ebc8f096c4bfeb5c66a52851a3f/element - {"using":"xpath","value":"//bdi[contains(text(), \"Edit\")]"}
RESULT: {}
RESULT: {"using":"xpath","value":"//bdi[contains(text(), \"Edit\")]"}
COMMAND: POST /session/0b442ebc8f096c4bfeb5c66a52851a3f/execute/sync - {"script":"<script> [8489 bytes]","args":[{"element-6066-11e4-a52e-4f735466cecf":"f.9CA8B20795E6D08D18CCAFF067F35E12.d.AA17488BE5A2C017E2D411ABF7963BEA.e.15911","ELEMENT":"f.9CA8B20795E6D08D18CCAFF067F35E12.d.AA17488BE5A2C017E2D411ABF7963BEA.e.15911"}]}
RESULT: {"script":"<script> [8489 bytes]","args":[{"element-6066-11e4-a52e-4f735466cecf":"f.9CA8B20795E6D08D18CCAFF067F35E12.d.AA17488BE5A2C017E2D411ABF7963BEA.e.15911","ELEMENT":"f.9CA8B20795E6D08D18CCAFF067F35E12.d.AA17488BE5A2C017E2D411ABF7963BEA.e.15911"}]}
COMMAND: POST /session/0b442ebc8f096c4bfeb5c66a52851a3f/element/f.9CA8B20795E6D08D18CCAFF067F35E12.d.AA17488BE5A2C017E2D411ABF7963BEA.e.15911/click - {}
COMMAND: GET /session/0b442ebc8f096c4bfeb5c66a52851a3f/screenshot - {}
RESULT: {}
COMMAND: GET /session/0b442ebc8f096c4bfeb5c66a52851a3f/screenshot - {}
RESULT: {}
COMMAND: POST /session/0b442ebc8f096c4bfeb5c66a52851a3f/execute/async - {"script":"<script> [1562 bytes]","args":[{"selector":{"id":"application-manageresources-display-component---editResource--editRruPage-anchBar-application-manageresources-display-component---editResource--counters-anchor","interaction":{"idSuffix":"BDI-content"}},"wdio_ui5_key":"applicationmanageresources-display-component---editResource--editRruPage-anchBar-application-manageresources-display-component---editResource--counters-anchor"}]}
RESULT: {}
RESULT: {"script":"<script> [1562 bytes]","args":[{"selector":{"id":"application-manageresources-display-component---editResource--editRruPage-anchBar-application-manageresources-display-component---editResource--counters-anchor","interaction":{"idSuffix":"BDI-content"}},"wdio_ui5_key":"applicationmanageresources-display-component---editResource--editRruPage-anchBar-application-manageresources-display-component---editResource--counters-anchor"}]}
RESULT: undefined
COMMAND: POST /session/0b442ebc8f096c4bfeb5c66a52851a3f/element - {"using":"xpath","value":"//*[@id=\"application-manageresources-display-component---editResource--editRruPage-anchBar-application-manageresources-display-component---editResource--counters-anchor\"]"}
RESULT: {"using":"xpath","value":"//*[@id=\"application-manageresources-display-component---editResource--editRruPage-anchBar-application-manageresources-display-component---editResource--counters-anchor\"]"}
COMMAND: POST /session/0b442ebc8f096c4bfeb5c66a52851a3f/element/f.9CA8B20795E6D08D18CCAFF067F35E12.d.AA17488BE5A2C017E2D411ABF7963BEA.e.16055/click - {}
RESULT: {}
COMMAND: GET /session/0b442ebc8f096c4bfeb5c66a52851a3f/screenshot - {}
RESULT: {}
COMMAND: POST /session/0b442ebc8f096c4bfeb5c66a52851a3f/execute/async - {"script":"<script> [1562 bytes]","args":[{"selector":{"id":"application-manageresources-display-component---editResource--btnAddCounter-img"},"wdio_ui5_key":"applicationmanageresources-display-component---editResource--btnAddCounter-img"}]}
RESULT: {"script":"<script> [1562 bytes]","args":[{"selector":{"id":"application-manageresources-display-component---editResource--btnAddCounter-img"},"wdio_ui5_key":"applicationmanageresources-display-component---editResource--btnAddCounter-img"}]}
RESULT: undefined
COMMAND: POST /session/0b442ebc8f096c4bfeb5c66a52851a3f/element - {"using":"xpath","value":"//*[@id=\"application-manageresources-display-component---editResource--btnAddCounter-img\"]"}
RESULT: {"using":"xpath","value":"//*[@id=\"application-manageresources-display-component---editResource--btnAddCounter-img\"]"}
COMMAND: POST /session/0b442ebc8f096c4bfeb5c66a52851a3f/element/f.9CA8B20795E6D08D18CCAFF067F35E12.d.AA17488BE5A2C017E2D411ABF7963BEA.e.16061/click - {}
RESULT: {}
COMMAND: POST /session/0b442ebc8f096c4bfeb5c66a52851a3f/execute/async - {"script":"<script> [1562 bytes]","args":[{"selector":{"id":"application-manageresources-display-component---editResource--COUNTER_ID-application-manageresources-display-component---editResource--RUCounters-0-arrow"},"wdio_ui5_key":"applicationmanageresources-display-component---editResource--COUNTER_ID-application-manageresources-display-component---editResource--RUCounters-0-arrow"}]}
COMMAND: GET /session/0b442ebc8f096c4bfeb5c66a52851a3f/screenshot - {}
RESULT: {"script":"<script> [1562 bytes]","args":[{"selector":{"id":"application-manageresources-display-component---editResource--COUNTER_ID-application-manageresources-display-component---editResource--RUCounters-0-arrow"},"wdio_ui5_key":"applicationmanageresources-display-component---editResource--COUNTER_ID-application-manageresources-display-component---editResource--RUCounters-0-arrow"}]}
RESULT: undefined
COMMAND: POST /session/0b442ebc8f096c4bfeb5c66a52851a3f/element - {"using":"xpath","value":"//*[@id=\"application-manageresources-display-component---editResource--COUNTER_ID-application-manageresources-display-component---editResource--RUCounters-0-arrow\"]"}
RESULT: {}
RESULT: {"using":"xpath","value":"//*[@id=\"application-manageresources-display-component---editResource--COUNTER_ID-application-manageresources-display-component---editResource--RUCounters-0-arrow\"]"}
COMMAND: POST /session/0b442ebc8f096c4bfeb5c66a52851a3f/element/f.9CA8B20795E6D08D18CCAFF067F35E12.d.AA17488BE5A2C017E2D411ABF7963BEA.e.16073/click - {}
RESULT: {}
COMMAND: POST /session/0b442ebc8f096c4bfeb5c66a52851a3f/execute/async - {"script":"<script> [1562 bytes]","args":[{"selector":{"controlType":"sap.m.StandardListItem","viewName":"etm.portal.ui.manageresources.view.EditResource","viewId":"application-manageresources-display-component---editResource","properties":{"title":"fuel"},"searchOpenDialogs":true,"interaction":{"idSuffix":"content"}},"wdio_ui5_key":"etmportal.ui.manageresources.view.EditResourcesap.m.StandardListItem{\"title\":\"fuel\"}"}]}
COMMAND: GET /session/0b442ebc8f096c4bfeb5c66a52851a3f/screenshot - {}
RESULT: {"script":"<script> [1562 bytes]","args":[{"selector":{"controlType":"sap.m.StandardListItem","viewName":"etm.portal.ui.manageresources.view.EditResource","viewId":"application-manageresources-display-component---editResource","properties":{"title":"fuel"},"searchOpenDialogs":true,"interaction":{"idSuffix":"content"}},"wdio_ui5_key":"etmportal.ui.manageresources.view.EditResourcesap.m.StandardListItem{\"title\":\"fuel\"}"}]}
RESULT: undefined
COMMAND: POST /session/0b442ebc8f096c4bfeb5c66a52851a3f/element - {"using":"xpath","value":"//*[@id=\"__item1545\"]"}
RESULT: {}
RESULT: {"using":"xpath","value":"//*[@id=\"__item1545\"]"}
COMMAND: POST /session/0b442ebc8f096c4bfeb5c66a52851a3f/element/f.9CA8B20795E6D08D18CCAFF067F35E12.d.AA17488BE5A2C017E2D411ABF7963BEA.e.16075/click - {}
RESULT: {}
COMMAND: POST /session/0b442ebc8f096c4bfeb5c66a52851a3f/execute/async - {"script":"<script> [1562 bytes]","args":[{"selector":{"controlType":"sap.m.Button","viewName":"etm.portal.ui.manageresources.view.EditResource","viewId":"application-manageresources-display-component---editResource","i18NText":{"propertyName":"text","key":"save"},"interaction":{"idSuffix":"BDI-content"}},"wdio_ui5_key":"etmportal.ui.manageresources.view.EditResourcesap.m.Button{\"propertyName\":\"text\",\"key\":\"save\"}"}]}
COMMAND: GET /session/0b442ebc8f096c4bfeb5c66a52851a3f/screenshot - {}
RESULT: {"script":"<script> [1562 bytes]","args":[{"selector":{"controlType":"sap.m.Button","viewName":"etm.portal.ui.manageresources.view.EditResource","viewId":"application-manageresources-display-component---editResource","i18NText":{"propertyName":"text","key":"save"},"interaction":{"idSuffix":"BDI-content"}},"wdio_ui5_key":"etmportal.ui.manageresources.view.EditResourcesap.m.Button{\"propertyName\":\"text\",\"key\":\"save\"}"}]}
RESULT: undefined
COMMAND: POST /session/0b442ebc8f096c4bfeb5c66a52851a3f/element - {"using":"xpath","value":"//*[@id=\"__button192\"]"}
RESULT: {}
RESULT: {"using":"xpath","value":"//*[@id=\"__button192\"]"}
COMMAND: POST /session/0b442ebc8f096c4bfeb5c66a52851a3f/element/f.9CA8B20795E6D08D18CCAFF067F35E12.d.AA17488BE5A2C017E2D411ABF7963BEA.e.16077/click - {}
RESULT: {}
COMMAND: GET /session/0b442ebc8f096c4bfeb5c66a52851a3f/screenshot - {}
RESULT: {}
COMMAND: POST /session/0b442ebc8f096c4bfeb5c66a52851a3f/element - {"using":"css selector","value":"#shell-header-logo"}
RESULT: {"using":"css selector","value":"#shell-header-logo"}
COMMAND: POST /session/0b442ebc8f096c4bfeb5c66a52851a3f/element/f.9CA8B20795E6D08D18CCAFF067F35E12.d.AA17488BE5A2C017E2D411ABF7963BEA.e.15601/click - {}
RESULT: {}
COMMAND: GET /session/0b442ebc8f096c4bfeb5c66a52851a3f/screenshot - {}
RESULT: {}
]]></system-out>
    </testcase>
    <testcase classname="chrome.135_0_7049_96.windows.Performance_based_billing_(work_days)_US139742" name="Should do a stock increase on the yard for the equipment" time="89.418">
      <system-out><![CDATA[
COMMAND: POST /session/0b442ebc8f096c4bfeb5c66a52851a3f/execute/async - {"script":"<script> [1562 bytes]","args":[{"selector":{"controlType":"sap.m.Text","viewName":"etm.portal.ui.managehandoverstile.view.Master","properties":{"text":"Manage Handovers"},"interaction":{"idSuffix":"inner"}},"wdio_ui5_key":"etmportal.ui.managehandoverstile.view.Mastersap.m.Text{\"text\":\"Manage Handovers\"}"}]}
RESULT: {"script":"<script> [1562 bytes]","args":[{"selector":{"controlType":"sap.m.Text","viewName":"etm.portal.ui.managehandoverstile.view.Master","properties":{"text":"Manage Handovers"},"interaction":{"idSuffix":"inner"}},"wdio_ui5_key":"etmportal.ui.managehandoverstile.view.Mastersap.m.Text{\"text\":\"Manage Handovers\"}"}]}
RESULT: undefined
COMMAND: POST /session/0b442ebc8f096c4bfeb5c66a52851a3f/element - {"using":"xpath","value":"//*[@id=\"__tile131-title\"]"}
RESULT: {"using":"xpath","value":"//*[@id=\"__tile131-title\"]"}
COMMAND: POST /session/0b442ebc8f096c4bfeb5c66a52851a3f/element/f.9CA8B20795E6D08D18CCAFF067F35E12.d.AA17488BE5A2C017E2D411ABF7963BEA.e.16089/click - {}
RESULT: {}
COMMAND: POST /session/0b442ebc8f096c4bfeb5c66a52851a3f/element - {"using":"xpath","value":"//button[@data-kt=\"masterHOAddButton\"]"}
COMMAND: GET /session/0b442ebc8f096c4bfeb5c66a52851a3f/screenshot - {}
RESULT: {"using":"xpath","value":"//button[@data-kt=\"masterHOAddButton\"]"}
COMMAND: POST /session/0b442ebc8f096c4bfeb5c66a52851a3f/elements - {"using":"xpath","value":"//button[@data-kt=\"masterHOAddButton\"]"}
RESULT: {}
RESULT: {"using":"xpath","value":"//button[@data-kt=\"masterHOAddButton\"]"}
COMMAND: POST /session/0b442ebc8f096c4bfeb5c66a52851a3f/elements - {"using":"xpath","value":"//button[@data-kt=\"masterHOAddButton\"]"}
RESULT: {"using":"xpath","value":"//button[@data-kt=\"masterHOAddButton\"]"}
COMMAND: POST /session/0b442ebc8f096c4bfeb5c66a52851a3f/elements - {"using":"xpath","value":"//button[@data-kt=\"masterHOAddButton\"]"}
RESULT: {"using":"xpath","value":"//button[@data-kt=\"masterHOAddButton\"]"}
COMMAND: POST /session/0b442ebc8f096c4bfeb5c66a52851a3f/elements - {"using":"xpath","value":"//button[@data-kt=\"masterHOAddButton\"]"}
RESULT: {"using":"xpath","value":"//button[@data-kt=\"masterHOAddButton\"]"}
COMMAND: POST /session/0b442ebc8f096c4bfeb5c66a52851a3f/elements - {"using":"xpath","value":"//button[@data-kt=\"masterHOAddButton\"]"}
RESULT: {"using":"xpath","value":"//button[@data-kt=\"masterHOAddButton\"]"}
COMMAND: POST /session/0b442ebc8f096c4bfeb5c66a52851a3f/elements - {"using":"xpath","value":"//button[@data-kt=\"masterHOAddButton\"]"}
RESULT: {"using":"xpath","value":"//button[@data-kt=\"masterHOAddButton\"]"}
COMMAND: POST /session/0b442ebc8f096c4bfeb5c66a52851a3f/elements - {"using":"xpath","value":"//button[@data-kt=\"masterHOAddButton\"]"}
RESULT: {"using":"xpath","value":"//button[@data-kt=\"masterHOAddButton\"]"}
COMMAND: POST /session/0b442ebc8f096c4bfeb5c66a52851a3f/elements - {"using":"xpath","value":"//button[@data-kt=\"masterHOAddButton\"]"}
RESULT: {"using":"xpath","value":"//button[@data-kt=\"masterHOAddButton\"]"}
COMMAND: POST /session/0b442ebc8f096c4bfeb5c66a52851a3f/elements - {"using":"xpath","value":"//button[@data-kt=\"masterHOAddButton\"]"}
RESULT: {"using":"xpath","value":"//button[@data-kt=\"masterHOAddButton\"]"}
COMMAND: POST /session/0b442ebc8f096c4bfeb5c66a52851a3f/elements - {"using":"xpath","value":"//button[@data-kt=\"masterHOAddButton\"]"}
RESULT: {"using":"xpath","value":"//button[@data-kt=\"masterHOAddButton\"]"}
COMMAND: POST /session/0b442ebc8f096c4bfeb5c66a52851a3f/elements - {"using":"xpath","value":"//button[@data-kt=\"masterHOAddButton\"]"}
RESULT: {"using":"xpath","value":"//button[@data-kt=\"masterHOAddButton\"]"}
COMMAND: POST /session/0b442ebc8f096c4bfeb5c66a52851a3f/elements - {"using":"xpath","value":"//button[@data-kt=\"masterHOAddButton\"]"}
RESULT: {"using":"xpath","value":"//button[@data-kt=\"masterHOAddButton\"]"}
COMMAND: POST /session/0b442ebc8f096c4bfeb5c66a52851a3f/elements - {"using":"xpath","value":"//button[@data-kt=\"masterHOAddButton\"]"}
RESULT: {"using":"xpath","value":"//button[@data-kt=\"masterHOAddButton\"]"}
COMMAND: POST /session/0b442ebc8f096c4bfeb5c66a52851a3f/elements - {"using":"xpath","value":"//button[@data-kt=\"masterHOAddButton\"]"}
RESULT: {"using":"xpath","value":"//button[@data-kt=\"masterHOAddButton\"]"}
COMMAND: POST /session/0b442ebc8f096c4bfeb5c66a52851a3f/elements - {"using":"xpath","value":"//button[@data-kt=\"masterHOAddButton\"]"}
RESULT: {"using":"xpath","value":"//button[@data-kt=\"masterHOAddButton\"]"}
COMMAND: POST /session/0b442ebc8f096c4bfeb5c66a52851a3f/elements - {"using":"xpath","value":"//button[@data-kt=\"masterHOAddButton\"]"}
RESULT: {"using":"xpath","value":"//button[@data-kt=\"masterHOAddButton\"]"}
COMMAND: POST /session/0b442ebc8f096c4bfeb5c66a52851a3f/elements - {"using":"xpath","value":"//button[@data-kt=\"masterHOAddButton\"]"}
RESULT: {"using":"xpath","value":"//button[@data-kt=\"masterHOAddButton\"]"}
COMMAND: POST /session/0b442ebc8f096c4bfeb5c66a52851a3f/elements - {"using":"xpath","value":"//button[@data-kt=\"masterHOAddButton\"]"}
RESULT: {"using":"xpath","value":"//button[@data-kt=\"masterHOAddButton\"]"}
COMMAND: POST /session/0b442ebc8f096c4bfeb5c66a52851a3f/elements - {"using":"xpath","value":"//button[@data-kt=\"masterHOAddButton\"]"}
RESULT: {"using":"xpath","value":"//button[@data-kt=\"masterHOAddButton\"]"}
COMMAND: POST /session/0b442ebc8f096c4bfeb5c66a52851a3f/elements - {"using":"xpath","value":"//button[@data-kt=\"masterHOAddButton\"]"}
RESULT: {"using":"xpath","value":"//button[@data-kt=\"masterHOAddButton\"]"}
COMMAND: POST /session/0b442ebc8f096c4bfeb5c66a52851a3f/element - {"using":"xpath","value":"//button[@data-kt=\"masterHOAddButton\"]"}
RESULT: {"using":"xpath","value":"//button[@data-kt=\"masterHOAddButton\"]"}
COMMAND: POST /session/0b442ebc8f096c4bfeb5c66a52851a3f/execute/sync - {"script":"<script> [8489 bytes]","args":[{"element-6066-11e4-a52e-4f735466cecf":"f.9CA8B20795E6D08D18CCAFF067F35E12.d.AA17488BE5A2C017E2D411ABF7963BEA.e.16120","ELEMENT":"f.9CA8B20795E6D08D18CCAFF067F35E12.d.AA17488BE5A2C017E2D411ABF7963BEA.e.16120"}]}
RESULT: {"script":"<script> [8489 bytes]","args":[{"element-6066-11e4-a52e-4f735466cecf":"f.9CA8B20795E6D08D18CCAFF067F35E12.d.AA17488BE5A2C017E2D411ABF7963BEA.e.16120","ELEMENT":"f.9CA8B20795E6D08D18CCAFF067F35E12.d.AA17488BE5A2C017E2D411ABF7963BEA.e.16120"}]}
COMMAND: GET /session/0b442ebc8f096c4bfeb5c66a52851a3f/element/f.9CA8B20795E6D08D18CCAFF067F35E12.d.AA17488BE5A2C017E2D411ABF7963BEA.e.16120/enabled - {}
COMMAND: GET /session/0b442ebc8f096c4bfeb5c66a52851a3f/screenshot - {}
RESULT: {}
COMMAND: POST /session/0b442ebc8f096c4bfeb5c66a52851a3f/execute/sync - {"script":"<script> [8489 bytes]","args":[{"element-6066-11e4-a52e-4f735466cecf":"f.9CA8B20795E6D08D18CCAFF067F35E12.d.AA17488BE5A2C017E2D411ABF7963BEA.e.16120","ELEMENT":"f.9CA8B20795E6D08D18CCAFF067F35E12.d.AA17488BE5A2C017E2D411ABF7963BEA.e.16120"}]}
COMMAND: GET /session/0b442ebc8f096c4bfeb5c66a52851a3f/screenshot - {}
RESULT: {}
RESULT: {"script":"<script> [8489 bytes]","args":[{"element-6066-11e4-a52e-4f735466cecf":"f.9CA8B20795E6D08D18CCAFF067F35E12.d.AA17488BE5A2C017E2D411ABF7963BEA.e.16120","ELEMENT":"f.9CA8B20795E6D08D18CCAFF067F35E12.d.AA17488BE5A2C017E2D411ABF7963BEA.e.16120"}]}
COMMAND: POST /session/0b442ebc8f096c4bfeb5c66a52851a3f/execute/sync - {"script":"<script> [5351 bytes]","args":[{"element-6066-11e4-a52e-4f735466cecf":"f.9CA8B20795E6D08D18CCAFF067F35E12.d.AA17488BE5A2C017E2D411ABF7963BEA.e.16120","ELEMENT":"f.9CA8B20795E6D08D18CCAFF067F35E12.d.AA17488BE5A2C017E2D411ABF7963BEA.e.16120"}]}
COMMAND: GET /session/0b442ebc8f096c4bfeb5c66a52851a3f/screenshot - {}
RESULT: {}
RESULT: {"script":"<script> [5351 bytes]","args":[{"element-6066-11e4-a52e-4f735466cecf":"f.9CA8B20795E6D08D18CCAFF067F35E12.d.AA17488BE5A2C017E2D411ABF7963BEA.e.16120","ELEMENT":"f.9CA8B20795E6D08D18CCAFF067F35E12.d.AA17488BE5A2C017E2D411ABF7963BEA.e.16120"}]}
COMMAND: POST /session/0b442ebc8f096c4bfeb5c66a52851a3f/element/f.9CA8B20795E6D08D18CCAFF067F35E12.d.AA17488BE5A2C017E2D411ABF7963BEA.e.16120/click - {}
COMMAND: GET /session/0b442ebc8f096c4bfeb5c66a52851a3f/screenshot - {}
RESULT: {}
RESULT: {}
COMMAND: GET /session/0b442ebc8f096c4bfeb5c66a52851a3f/screenshot - {}
COMMAND: POST /session/0b442ebc8f096c4bfeb5c66a52851a3f/element - {"using":"xpath","value":"//span[contains(@id ,\"AddNewHO--typeSelect-arrow\")]"}
RESULT: {}
RESULT: {}
RESULT: {"using":"xpath","value":"//span[contains(@id ,\"AddNewHO--typeSelect-arrow\")]"}
COMMAND: POST /session/0b442ebc8f096c4bfeb5c66a52851a3f/element/f.9CA8B20795E6D08D18CCAFF067F35E12.d.AA17488BE5A2C017E2D411ABF7963BEA.e.16467/click - {}
RESULT: {}
COMMAND: GET /session/0b442ebc8f096c4bfeb5c66a52851a3f/screenshot - {}
RESULT: {}
COMMAND: POST /session/0b442ebc8f096c4bfeb5c66a52851a3f/element - {"using":"xpath","value":"(//li[contains(text(), \"stock increase yard\")])[1]"}
RESULT: {"using":"xpath","value":"(//li[contains(text(), \"stock increase yard\")])[1]"}
COMMAND: POST /session/0b442ebc8f096c4bfeb5c66a52851a3f/element/f.9CA8B20795E6D08D18CCAFF067F35E12.d.AA17488BE5A2C017E2D411ABF7963BEA.e.16468/click - {}
RESULT: {}
COMMAND: GET /session/0b442ebc8f096c4bfeb5c66a52851a3f/screenshot - {}
RESULT: {}
COMMAND: POST /session/0b442ebc8f096c4bfeb5c66a52851a3f/execute/async - {"script":"<script> [1562 bytes]","args":[{"selector":{"id":"application-managehandovers-display-component---AddNewHO--dueDate","interaction":{"idSuffix":"inner"}},"wdio_ui5_key":"applicationmanagehandovers-display-component---AddNewHO--dueDate"}]}
RESULT: {"script":"<script> [1562 bytes]","args":[{"selector":{"id":"application-managehandovers-display-component---AddNewHO--dueDate","interaction":{"idSuffix":"inner"}},"wdio_ui5_key":"applicationmanagehandovers-display-component---AddNewHO--dueDate"}]}
RESULT: undefined
COMMAND: POST /session/0b442ebc8f096c4bfeb5c66a52851a3f/execute/async - {"script":"<script> [6424 bytes]","args":[{"element-6066-11e4-a52e-4f735466cecf":"f.9CA8B20795E6D08D18CCAFF067F35E12.d.AA17488BE5A2C017E2D411ABF7963BEA.e.16470"},"setValue",["05/06/2025"]]}
RESULT: {"script":"<script> [6424 bytes]","args":[{"element-6066-11e4-a52e-4f735466cecf":"f.9CA8B20795E6D08D18CCAFF067F35E12.d.AA17488BE5A2C017E2D411ABF7963BEA.e.16470"},"setValue",["05/06/2025"]]}
COMMAND: POST /session/0b442ebc8f096c4bfeb5c66a52851a3f/element - {"using":"xpath","value":"//input[@id=\"generalSectionFrg--receiveYard-inner\"]"}
RESULT: {"using":"xpath","value":"//input[@id=\"generalSectionFrg--receiveYard-inner\"]"}
COMMAND: POST /session/0b442ebc8f096c4bfeb5c66a52851a3f/element/f.9CA8B20795E6D08D18CCAFF067F35E12.d.AA17488BE5A2C017E2D411ABF7963BEA.e.16476/clear - {}
RESULT: {}
COMMAND: POST /session/0b442ebc8f096c4bfeb5c66a52851a3f/element/f.9CA8B20795E6D08D18CCAFF067F35E12.d.AA17488BE5A2C017E2D411ABF7963BEA.e.16476/value - {"text":"620"}
COMMAND: GET /session/0b442ebc8f096c4bfeb5c66a52851a3f/screenshot - {}
RESULT: {"text":"620"}
COMMAND: GET /session/0b442ebc8f096c4bfeb5c66a52851a3f/screenshot - {}
RESULT: {}
RESULT: {}
COMMAND: POST /session/0b442ebc8f096c4bfeb5c66a52851a3f/element - {"using":"xpath","value":"//li[.//span[text()='620']]"}
RESULT: {"using":"xpath","value":"//li[.//span[text()='620']]"}
COMMAND: POST /session/0b442ebc8f096c4bfeb5c66a52851a3f/element/f.9CA8B20795E6D08D18CCAFF067F35E12.d.AA17488BE5A2C017E2D411ABF7963BEA.e.16492/click - {}
RESULT: {}
COMMAND: GET /session/0b442ebc8f096c4bfeb5c66a52851a3f/screenshot - {}
RESULT: {}
COMMAND: POST /session/0b442ebc8f096c4bfeb5c66a52851a3f/execute/async - {"script":"<script> [1562 bytes]","args":[{"selector":{"id":"application-managehandovers-display-component---AddNewHO--ObjectPageLayout-anchBar-application-managehandovers-display-component---AddNewHO--section4-anchor","interaction":{"idSuffix":"BDI-content"}},"wdio_ui5_key":"applicationmanagehandovers-display-component---AddNewHO--ObjectPageLayout-anchBar-application-managehandovers-display-component---AddNewHO--section4-anchor"}]}
RESULT: {"script":"<script> [1562 bytes]","args":[{"selector":{"id":"application-managehandovers-display-component---AddNewHO--ObjectPageLayout-anchBar-application-managehandovers-display-component---AddNewHO--section4-anchor","interaction":{"idSuffix":"BDI-content"}},"wdio_ui5_key":"applicationmanagehandovers-display-component---AddNewHO--ObjectPageLayout-anchBar-application-managehandovers-display-component---AddNewHO--section4-anchor"}]}
RESULT: undefined
COMMAND: POST /session/0b442ebc8f096c4bfeb5c66a52851a3f/element - {"using":"xpath","value":"//*[@id=\"application-managehandovers-display-component---AddNewHO--ObjectPageLayout-anchBar-application-managehandovers-display-component---AddNewHO--section4-anchor\"]"}
RESULT: {"using":"xpath","value":"//*[@id=\"application-managehandovers-display-component---AddNewHO--ObjectPageLayout-anchBar-application-managehandovers-display-component---AddNewHO--section4-anchor\"]"}
COMMAND: POST /session/0b442ebc8f096c4bfeb5c66a52851a3f/element/f.9CA8B20795E6D08D18CCAFF067F35E12.d.AA17488BE5A2C017E2D411ABF7963BEA.e.16494/click - {}
RESULT: {}
COMMAND: POST /session/0b442ebc8f096c4bfeb5c66a52851a3f/element - {"using":"xpath","value":"//button[@aria-label=\"Add\"]"}
COMMAND: GET /session/0b442ebc8f096c4bfeb5c66a52851a3f/screenshot - {}
RESULT: {"using":"xpath","value":"//button[@aria-label=\"Add\"]"}
COMMAND: POST /session/0b442ebc8f096c4bfeb5c66a52851a3f/element/f.9CA8B20795E6D08D18CCAFF067F35E12.d.AA17488BE5A2C017E2D411ABF7963BEA.e.16496/click - {}
RESULT: {}
RESULT: {}
COMMAND: GET /session/0b442ebc8f096c4bfeb5c66a52851a3f/screenshot - {}
RESULT: {}
COMMAND: POST /session/0b442ebc8f096c4bfeb5c66a52851a3f/execute/async - {"script":"<script> [1562 bytes]","args":[{"selector":{"id":"application-managehandovers-display-component---AddNewHO--smartFilterBar-btnBasicSearch","searchOpenDialogs":true,"interaction":{"idSuffix":"I"}},"wdio_ui5_key":"applicationmanagehandovers-display-component---AddNewHO--smartFilterBar-btnBasicSearch"}]}
RESULT: {"script":"<script> [1562 bytes]","args":[{"selector":{"id":"application-managehandovers-display-component---AddNewHO--smartFilterBar-btnBasicSearch","searchOpenDialogs":true,"interaction":{"idSuffix":"I"}},"wdio_ui5_key":"applicationmanagehandovers-display-component---AddNewHO--smartFilterBar-btnBasicSearch"}]}
RESULT: undefined
COMMAND: POST /session/0b442ebc8f096c4bfeb5c66a52851a3f/execute/async - {"script":"<script> [776 bytes]","args":[{"enterText":"3ORhPjz09t","selector":{"id":"application-managehandovers-display-component---AddNewHO--smartFilterBar-btnBasicSearch","searchOpenDialogs":true,"interaction":{"idSuffix":"I"}},"clearTextFirst":true,"interactionType":"ENTER_TEXT"}]}
RESULT: {"script":"<script> [776 bytes]","args":[{"enterText":"3ORhPjz09t","selector":{"id":"application-managehandovers-display-component---AddNewHO--smartFilterBar-btnBasicSearch","searchOpenDialogs":true,"interaction":{"idSuffix":"I"}},"clearTextFirst":true,"interactionType":"ENTER_TEXT"}]}
COMMAND: POST /session/0b442ebc8f096c4bfeb5c66a52851a3f/actions - {"actions":[{"id":"action59","type":"key","parameters":{},"actions":[{"type":"keyDown","value":"î€‡"},{"type":"pause","duration":10},{"type":"keyUp","value":"î€‡"}]}]}
RESULT: {"actions":[{"id":"action59","type":"key","parameters":{},"actions":[{"type":"keyDown","value":"î€‡"},{"type":"pause","duration":10},{"type":"keyUp","value":"î€‡"}]}]}
COMMAND: GET /session/0b442ebc8f096c4bfeb5c66a52851a3f/screenshot - {}
RESULT: {}
COMMAND: POST /session/0b442ebc8f096c4bfeb5c66a52851a3f/execute/async - {"script":"<script> [1562 bytes]","args":[{"selector":{"id":"application-managehandovers-display-component---AddNewHO--popup-sa","searchOpenDialogs":true,"interaction":{"idSuffix":"CbBg"}},"wdio_ui5_key":"applicationmanagehandovers-display-component---AddNewHO--popup-sa"}]}
RESULT: {"script":"<script> [1562 bytes]","args":[{"selector":{"id":"application-managehandovers-display-component---AddNewHO--popup-sa","searchOpenDialogs":true,"interaction":{"idSuffix":"CbBg"}},"wdio_ui5_key":"applicationmanagehandovers-display-component---AddNewHO--popup-sa"}]}
RESULT: undefined
COMMAND: POST /session/0b442ebc8f096c4bfeb5c66a52851a3f/element - {"using":"xpath","value":"//*[@id=\"application-managehandovers-display-component---AddNewHO--popup-sa\"]"}
RESULT: {"using":"xpath","value":"//*[@id=\"application-managehandovers-display-component---AddNewHO--popup-sa\"]"}
COMMAND: POST /session/0b442ebc8f096c4bfeb5c66a52851a3f/element/f.9CA8B20795E6D08D18CCAFF067F35E12.d.AA17488BE5A2C017E2D411ABF7963BEA.e.16651/click - {}
RESULT: {}
COMMAND: GET /session/0b442ebc8f096c4bfeb5c66a52851a3f/screenshot - {}
RESULT: {}
COMMAND: POST /session/0b442ebc8f096c4bfeb5c66a52851a3f/element - {"using":"xpath","value":"//bdi[contains(text(), \"Select\")]"}
RESULT: {"using":"xpath","value":"//bdi[contains(text(), \"Select\")]"}
COMMAND: POST /session/0b442ebc8f096c4bfeb5c66a52851a3f/element/f.9CA8B20795E6D08D18CCAFF067F35E12.d.AA17488BE5A2C017E2D411ABF7963BEA.e.16652/click - {}
RESULT: {}
COMMAND: GET /session/0b442ebc8f096c4bfeb5c66a52851a3f/screenshot - {}
RESULT: {}
COMMAND: POST /session/0b442ebc8f096c4bfeb5c66a52851a3f/element - {"using":"xpath","value":"//button[@data-kt=\"AddNewHOSaveButton\"]"}
RESULT: {"using":"xpath","value":"//button[@data-kt=\"AddNewHOSaveButton\"]"}
COMMAND: POST /session/0b442ebc8f096c4bfeb5c66a52851a3f/element/f.9CA8B20795E6D08D18CCAFF067F35E12.d.AA17488BE5A2C017E2D411ABF7963BEA.e.16656/click - {}
RESULT: {}
COMMAND: GET /session/0b442ebc8f096c4bfeb5c66a52851a3f/screenshot - {}
RESULT: {}
COMMAND: POST /session/0b442ebc8f096c4bfeb5c66a52851a3f/execute/async - {"script":"<script> [1562 bytes]","args":[{"selector":{"id":"receiptDatePicker","viewName":"etm.portal.ui.managehandovers.view.DetailExecuteHO","interaction":{"idSuffix":"inner"}},"wdio_ui5_key":"receiptDatePickeretmportal.ui.managehandovers.view.DetailExecuteHO"}]}
RESULT: {"script":"<script> [1562 bytes]","args":[{"selector":{"id":"receiptDatePicker","viewName":"etm.portal.ui.managehandovers.view.DetailExecuteHO","interaction":{"idSuffix":"inner"}},"wdio_ui5_key":"receiptDatePickeretmportal.ui.managehandovers.view.DetailExecuteHO"}]}
RESULT: undefined
COMMAND: POST /session/0b442ebc8f096c4bfeb5c66a52851a3f/execute/async - {"script":"<script> [6424 bytes]","args":[{"element-6066-11e4-a52e-4f735466cecf":"f.9CA8B20795E6D08D18CCAFF067F35E12.d.AA17488BE5A2C017E2D411ABF7963BEA.e.16687"},"setValue",["05/06/2025"]]}
RESULT: {"script":"<script> [6424 bytes]","args":[{"element-6066-11e4-a52e-4f735466cecf":"f.9CA8B20795E6D08D18CCAFF067F35E12.d.AA17488BE5A2C017E2D411ABF7963BEA.e.16687"},"setValue",["05/06/2025"]]}
COMMAND: POST /session/0b442ebc8f096c4bfeb5c66a52851a3f/element - {"using":"xpath","value":"//button[@data-kt=\"PickingTableConfirmAllButton\"]"}
RESULT: {"using":"xpath","value":"//button[@data-kt=\"PickingTableConfirmAllButton\"]"}
COMMAND: POST /session/0b442ebc8f096c4bfeb5c66a52851a3f/element/f.9CA8B20795E6D08D18CCAFF067F35E12.d.AA17488BE5A2C017E2D411ABF7963BEA.e.16702/click - {}
RESULT: {}
COMMAND: GET /session/0b442ebc8f096c4bfeb5c66a52851a3f/screenshot - {}
RESULT: {}
COMMAND: POST /session/0b442ebc8f096c4bfeb5c66a52851a3f/element - {"using":"xpath","value":"//bdi[contains(text(), \"OK\")]"}
RESULT: {"using":"xpath","value":"//bdi[contains(text(), \"OK\")]"}
COMMAND: POST /session/0b442ebc8f096c4bfeb5c66a52851a3f/element/f.9CA8B20795E6D08D18CCAFF067F35E12.d.AA17488BE5A2C017E2D411ABF7963BEA.e.16705/click - {}
RESULT: {}
COMMAND: GET /session/0b442ebc8f096c4bfeb5c66a52851a3f/screenshot - {}
RESULT: {}
COMMAND: POST /session/0b442ebc8f096c4bfeb5c66a52851a3f/element - {"using":"xpath","value":"(//bdi[contains(text(), \"Receive\")])[2]"}
RESULT: {"using":"xpath","value":"(//bdi[contains(text(), \"Receive\")])[2]"}
COMMAND: POST /session/0b442ebc8f096c4bfeb5c66a52851a3f/element/f.9CA8B20795E6D08D18CCAFF067F35E12.d.AA17488BE5A2C017E2D411ABF7963BEA.e.16706/click - {}
RESULT: {}
COMMAND: GET /session/0b442ebc8f096c4bfeb5c66a52851a3f/screenshot - {}
RESULT: {}
COMMAND: POST /session/0b442ebc8f096c4bfeb5c66a52851a3f/element - {"using":"css selector","value":"#shell-header-logo"}
RESULT: {"using":"css selector","value":"#shell-header-logo"}
COMMAND: POST /session/0b442ebc8f096c4bfeb5c66a52851a3f/element/f.9CA8B20795E6D08D18CCAFF067F35E12.d.AA17488BE5A2C017E2D411ABF7963BEA.e.16092/click - {}
RESULT: {}
COMMAND: GET /session/0b442ebc8f096c4bfeb5c66a52851a3f/screenshot - {}
RESULT: {}
]]></system-out>
    </testcase>
    <testcase classname="chrome.135_0_7049_96.windows.Performance_based_billing_(work_days)_US139742" name="Should create a new contract" time="79.677">
      <system-out><![CDATA[
COMMAND: POST /session/0b442ebc8f096c4bfeb5c66a52851a3f/execute/async - {"script":"<script> [1562 bytes]","args":[{"selector":{"controlType":"sap.m.Text","viewName":"etm.portal.ui.managecontractstile.view.Master","properties":{"text":"Manage Contracts"},"interaction":{"idSuffix":"inner"}},"wdio_ui5_key":"etmportal.ui.managecontractstile.view.Mastersap.m.Text{\"text\":\"Manage Contracts\"}"}]}
RESULT: {"script":"<script> [1562 bytes]","args":[{"selector":{"controlType":"sap.m.Text","viewName":"etm.portal.ui.managecontractstile.view.Master","properties":{"text":"Manage Contracts"},"interaction":{"idSuffix":"inner"}},"wdio_ui5_key":"etmportal.ui.managecontractstile.view.Mastersap.m.Text{\"text\":\"Manage Contracts\"}"}]}
RESULT: undefined
COMMAND: POST /session/0b442ebc8f096c4bfeb5c66a52851a3f/element - {"using":"xpath","value":"//*[@id=\"__tile132-title\"]"}
RESULT: {"using":"xpath","value":"//*[@id=\"__tile132-title\"]"}
COMMAND: POST /session/0b442ebc8f096c4bfeb5c66a52851a3f/element/f.9CA8B20795E6D08D18CCAFF067F35E12.d.AA17488BE5A2C017E2D411ABF7963BEA.e.16988/click - {}
RESULT: {}
COMMAND: GET /session/0b442ebc8f096c4bfeb5c66a52851a3f/screenshot - {}
COMMAND: POST /session/0b442ebc8f096c4bfeb5c66a52851a3f/element - {"using":"xpath","value":"//button[@data-kt=\"addButton\"]"}
RESULT: {}
RESULT: {"using":"xpath","value":"//button[@data-kt=\"addButton\"]"}
COMMAND: POST /session/0b442ebc8f096c4bfeb5c66a52851a3f/elements - {"using":"xpath","value":"//button[@data-kt=\"addButton\"]"}
RESULT: {"using":"xpath","value":"//button[@data-kt=\"addButton\"]"}
COMMAND: POST /session/0b442ebc8f096c4bfeb5c66a52851a3f/execute/sync - {"script":"<script> [8489 bytes]","args":[{"element-6066-11e4-a52e-4f735466cecf":"f.9CA8B20795E6D08D18CCAFF067F35E12.d.AA17488BE5A2C017E2D411ABF7963BEA.e.17061","ELEMENT":"f.9CA8B20795E6D08D18CCAFF067F35E12.d.AA17488BE5A2C017E2D411ABF7963BEA.e.17061"}]}
RESULT: {"script":"<script> [8489 bytes]","args":[{"element-6066-11e4-a52e-4f735466cecf":"f.9CA8B20795E6D08D18CCAFF067F35E12.d.AA17488BE5A2C017E2D411ABF7963BEA.e.17061","ELEMENT":"f.9CA8B20795E6D08D18CCAFF067F35E12.d.AA17488BE5A2C017E2D411ABF7963BEA.e.17061"}]}
COMMAND: GET /session/0b442ebc8f096c4bfeb5c66a52851a3f/element/f.9CA8B20795E6D08D18CCAFF067F35E12.d.AA17488BE5A2C017E2D411ABF7963BEA.e.17061/enabled - {}
COMMAND: GET /session/0b442ebc8f096c4bfeb5c66a52851a3f/screenshot - {}
RESULT: {}
COMMAND: POST /session/0b442ebc8f096c4bfeb5c66a52851a3f/execute/sync - {"script":"<script> [8489 bytes]","args":[{"element-6066-11e4-a52e-4f735466cecf":"f.9CA8B20795E6D08D18CCAFF067F35E12.d.AA17488BE5A2C017E2D411ABF7963BEA.e.17061","ELEMENT":"f.9CA8B20795E6D08D18CCAFF067F35E12.d.AA17488BE5A2C017E2D411ABF7963BEA.e.17061"}]}
COMMAND: GET /session/0b442ebc8f096c4bfeb5c66a52851a3f/screenshot - {}
RESULT: {}
RESULT: {"script":"<script> [8489 bytes]","args":[{"element-6066-11e4-a52e-4f735466cecf":"f.9CA8B20795E6D08D18CCAFF067F35E12.d.AA17488BE5A2C017E2D411ABF7963BEA.e.17061","ELEMENT":"f.9CA8B20795E6D08D18CCAFF067F35E12.d.AA17488BE5A2C017E2D411ABF7963BEA.e.17061"}]}
COMMAND: POST /session/0b442ebc8f096c4bfeb5c66a52851a3f/execute/sync - {"script":"<script> [5351 bytes]","args":[{"element-6066-11e4-a52e-4f735466cecf":"f.9CA8B20795E6D08D18CCAFF067F35E12.d.AA17488BE5A2C017E2D411ABF7963BEA.e.17061","ELEMENT":"f.9CA8B20795E6D08D18CCAFF067F35E12.d.AA17488BE5A2C017E2D411ABF7963BEA.e.17061"}]}
COMMAND: GET /session/0b442ebc8f096c4bfeb5c66a52851a3f/screenshot - {}
RESULT: {}
RESULT: {"script":"<script> [5351 bytes]","args":[{"element-6066-11e4-a52e-4f735466cecf":"f.9CA8B20795E6D08D18CCAFF067F35E12.d.AA17488BE5A2C017E2D411ABF7963BEA.e.17061","ELEMENT":"f.9CA8B20795E6D08D18CCAFF067F35E12.d.AA17488BE5A2C017E2D411ABF7963BEA.e.17061"}]}
COMMAND: GET /session/0b442ebc8f096c4bfeb5c66a52851a3f/screenshot - {}
RESULT: {}
RESULT: {}
COMMAND: POST /session/0b442ebc8f096c4bfeb5c66a52851a3f/element/f.9CA8B20795E6D08D18CCAFF067F35E12.d.AA17488BE5A2C017E2D411ABF7963BEA.e.17061/click - {}
RESULT: {}
COMMAND: GET /session/0b442ebc8f096c4bfeb5c66a52851a3f/screenshot - {}
COMMAND: POST /session/0b442ebc8f096c4bfeb5c66a52851a3f/execute/async - {"script":"<script> [1562 bytes]","args":[{"selector":{"id":"application-managecontracts-display-component---AddNewContract--projectDescription","interaction":{"idSuffix":"inner"}},"wdio_ui5_key":"applicationmanagecontracts-display-component---AddNewContract--projectDescription"}]}
RESULT: {}
RESULT: {"script":"<script> [1562 bytes]","args":[{"selector":{"id":"application-managecontracts-display-component---AddNewContract--projectDescription","interaction":{"idSuffix":"inner"}},"wdio_ui5_key":"applicationmanagecontracts-display-component---AddNewContract--projectDescription"}]}
RESULT: undefined
COMMAND: POST /session/0b442ebc8f096c4bfeb5c66a52851a3f/execute/async - {"script":"<script> [776 bytes]","args":[{"enterText":"Performance Contract WDIO","selector":{"id":"application-managecontracts-display-component---AddNewContract--projectDescription","interaction":{"idSuffix":"inner"}},"clearTextFirst":true,"interactionType":"ENTER_TEXT"}]}
RESULT: {"script":"<script> [776 bytes]","args":[{"enterText":"Performance Contract WDIO","selector":{"id":"application-managecontracts-display-component---AddNewContract--projectDescription","interaction":{"idSuffix":"inner"}},"clearTextFirst":true,"interactionType":"ENTER_TEXT"}]}
COMMAND: POST /session/0b442ebc8f096c4bfeb5c66a52851a3f/element - {"using":"xpath","value":"//input[@id=\"application-managecontracts-display-component---AddNewContract--site-inner\"]"}
RESULT: {"using":"xpath","value":"//input[@id=\"application-managecontracts-display-component---AddNewContract--site-inner\"]"}
COMMAND: POST /session/0b442ebc8f096c4bfeb5c66a52851a3f/element/f.9CA8B20795E6D08D18CCAFF067F35E12.d.AA17488BE5A2C017E2D411ABF7963BEA.e.17358/clear - {}
RESULT: {}
COMMAND: POST /session/0b442ebc8f096c4bfeb5c66a52851a3f/element/f.9CA8B20795E6D08D18CCAFF067F35E12.d.AA17488BE5A2C017E2D411ABF7963BEA.e.17358/value - {"text":"2454"}
COMMAND: GET /session/0b442ebc8f096c4bfeb5c66a52851a3f/screenshot - {}
RESULT: {"text":"2454"}
COMMAND: GET /session/0b442ebc8f096c4bfeb5c66a52851a3f/screenshot - {}
RESULT: {}
RESULT: {}
COMMAND: POST /session/0b442ebc8f096c4bfeb5c66a52851a3f/element - {"using":"xpath","value":"//li[.//span[text()='2454']]"}
RESULT: {"using":"xpath","value":"//li[.//span[text()='2454']]"}
COMMAND: POST /session/0b442ebc8f096c4bfeb5c66a52851a3f/element/f.9CA8B20795E6D08D18CCAFF067F35E12.d.AA17488BE5A2C017E2D411ABF7963BEA.e.17381/click - {}
RESULT: {}
COMMAND: GET /session/0b442ebc8f096c4bfeb5c66a52851a3f/screenshot - {}
RESULT: {}
COMMAND: POST /session/0b442ebc8f096c4bfeb5c66a52851a3f/element - {"using":"xpath","value":"//input[@id=\"application-managecontracts-display-component---AddNewContract--yardId-inner\"]"}
RESULT: {"using":"xpath","value":"//input[@id=\"application-managecontracts-display-component---AddNewContract--yardId-inner\"]"}
COMMAND: GET /session/0b442ebc8f096c4bfeb5c66a52851a3f/element/f.9CA8B20795E6D08D18CCAFF067F35E12.d.AA17488BE5A2C017E2D411ABF7963BEA.e.17359/property/value - {}
RESULT: {}
COMMAND: POST /session/0b442ebc8f096c4bfeb5c66a52851a3f/element - {"using":"xpath","value":"//input[@id=\"application-managecontracts-display-component---AddNewContract--customerSelect-inner\"]"}
COMMAND: GET /session/0b442ebc8f096c4bfeb5c66a52851a3f/screenshot - {}
RESULT: {"using":"xpath","value":"//input[@id=\"application-managecontracts-display-component---AddNewContract--customerSelect-inner\"]"}
COMMAND: POST /session/0b442ebc8f096c4bfeb5c66a52851a3f/element/f.9CA8B20795E6D08D18CCAFF067F35E12.d.AA17488BE5A2C017E2D411ABF7963BEA.e.17357/clear - {}
RESULT: {}
RESULT: {}
COMMAND: POST /session/0b442ebc8f096c4bfeb5c66a52851a3f/element/f.9CA8B20795E6D08D18CCAFF067F35E12.d.AA17488BE5A2C017E2D411ABF7963BEA.e.17357/value - {"text":"1497"}
COMMAND: GET /session/0b442ebc8f096c4bfeb5c66a52851a3f/screenshot - {}
RESULT: {"text":"1497"}
COMMAND: GET /session/0b442ebc8f096c4bfeb5c66a52851a3f/screenshot - {}
RESULT: {}
RESULT: {}
COMMAND: POST /session/0b442ebc8f096c4bfeb5c66a52851a3f/element - {"using":"xpath","value":"//li[.//span[text()='1497']]"}
RESULT: {"using":"xpath","value":"//li[.//span[text()='1497']]"}
COMMAND: POST /session/0b442ebc8f096c4bfeb5c66a52851a3f/element/f.9CA8B20795E6D08D18CCAFF067F35E12.d.AA17488BE5A2C017E2D411ABF7963BEA.e.17384/click - {}
RESULT: {}
COMMAND: GET /session/0b442ebc8f096c4bfeb5c66a52851a3f/screenshot - {}
RESULT: {}
COMMAND: POST /session/0b442ebc8f096c4bfeb5c66a52851a3f/element - {"using":"xpath","value":"//button[@data-kt=\"saveButton\"]"}
RESULT: {"using":"xpath","value":"//button[@data-kt=\"saveButton\"]"}
COMMAND: POST /session/0b442ebc8f096c4bfeb5c66a52851a3f/element/f.9CA8B20795E6D08D18CCAFF067F35E12.d.AA17488BE5A2C017E2D411ABF7963BEA.e.17372/click - {}
RESULT: {}
COMMAND: GET /session/0b442ebc8f096c4bfeb5c66a52851a3f/screenshot - {}
RESULT: {}
COMMAND: POST /session/0b442ebc8f096c4bfeb5c66a52851a3f/element - {"using":"xpath","value":"//span[contains(@id ,\"contractDetailTitleNoExpanded\")]"}
RESULT: {"using":"xpath","value":"//span[contains(@id ,\"contractDetailTitleNoExpanded\")]"}
COMMAND: POST /session/0b442ebc8f096c4bfeb5c66a52851a3f/elements - {"using":"xpath","value":"//span[contains(@id ,\"contractDetailTitleNoExpanded\")]"}
RESULT: {"using":"xpath","value":"//span[contains(@id ,\"contractDetailTitleNoExpanded\")]"}
COMMAND: POST /session/0b442ebc8f096c4bfeb5c66a52851a3f/execute/sync - {"script":"<script> [56 bytes]","args":[{"element-6066-11e4-a52e-4f735466cecf":"f.9CA8B20795E6D08D18CCAFF067F35E12.d.AA17488BE5A2C017E2D411ABF7963BEA.e.17397","ELEMENT":"f.9CA8B20795E6D08D18CCAFF067F35E12.d.AA17488BE5A2C017E2D411ABF7963BEA.e.17397"}]}
RESULT: {"script":"<script> [56 bytes]","args":[{"element-6066-11e4-a52e-4f735466cecf":"f.9CA8B20795E6D08D18CCAFF067F35E12.d.AA17488BE5A2C017E2D411ABF7963BEA.e.17397","ELEMENT":"f.9CA8B20795E6D08D18CCAFF067F35E12.d.AA17488BE5A2C017E2D411ABF7963BEA.e.17397"}]}
COMMAND: GET /session/0b442ebc8f096c4bfeb5c66a52851a3f/screenshot - {}
RESULT: {}
]]></system-out>
    </testcase>
    <testcase classname="chrome.135_0_7049_96.windows.Performance_based_billing_(work_days)_US139742" name="Should add equipment to the contract" time="47.238">
      <system-out><![CDATA[
COMMAND: POST /session/0b442ebc8f096c4bfeb5c66a52851a3f/element - {"using":"xpath","value":"//button[@data-kt=\"contractDetailEditBtnButton\"]"}
RESULT: {"using":"xpath","value":"//button[@data-kt=\"contractDetailEditBtnButton\"]"}
COMMAND: POST /session/0b442ebc8f096c4bfeb5c66a52851a3f/element/f.9CA8B20795E6D08D18CCAFF067F35E12.d.AA17488BE5A2C017E2D411ABF7963BEA.e.17400/click - {}
RESULT: {}
COMMAND: GET /session/0b442ebc8f096c4bfeb5c66a52851a3f/screenshot - {}
RESULT: {}
COMMAND: POST /session/0b442ebc8f096c4bfeb5c66a52851a3f/element - {"using":"xpath","value":"(//span[contains(text(), \"Additional Addresses\")])[2]"}
RESULT: {"using":"xpath","value":"(//span[contains(text(), \"Additional Addresses\")])[2]"}
COMMAND: POST /session/0b442ebc8f096c4bfeb5c66a52851a3f/element/f.9CA8B20795E6D08D18CCAFF067F35E12.d.AA17488BE5A2C017E2D411ABF7963BEA.e.17456/click - {}
RESULT: {}
COMMAND: GET /session/0b442ebc8f096c4bfeb5c66a52851a3f/screenshot - {}
RESULT: {}
COMMAND: POST /session/0b442ebc8f096c4bfeb5c66a52851a3f/element - {"using":"xpath","value":"//button[@data-kt=\"btnAddTableRowOverflowToolbarButton\"]"}
RESULT: {"using":"xpath","value":"//button[@data-kt=\"btnAddTableRowOverflowToolbarButton\"]"}
COMMAND: POST /session/0b442ebc8f096c4bfeb5c66a52851a3f/element/f.9CA8B20795E6D08D18CCAFF067F35E12.d.AA17488BE5A2C017E2D411ABF7963BEA.e.17459/click - {}
RESULT: {}
COMMAND: GET /session/0b442ebc8f096c4bfeb5c66a52851a3f/screenshot - {}
RESULT: {}
COMMAND: POST /session/0b442ebc8f096c4bfeb5c66a52851a3f/element - {"using":"xpath","value":"//div[(text() = 'Standard Entry' or . = 'Standard Entry')]"}
RESULT: {"using":"xpath","value":"//div[(text() = 'Standard Entry' or . = 'Standard Entry')]"}
COMMAND: POST /session/0b442ebc8f096c4bfeb5c66a52851a3f/element/f.9CA8B20795E6D08D18CCAFF067F35E12.d.AA17488BE5A2C017E2D411ABF7963BEA.e.17461/click - {}
RESULT: {}
COMMAND: GET /session/0b442ebc8f096c4bfeb5c66a52851a3f/screenshot - {}
RESULT: {}
COMMAND: POST /session/0b442ebc8f096c4bfeb5c66a52851a3f/element - {"using":"xpath","value":"//td[7]/div/div/input"}
RESULT: {"using":"xpath","value":"//td[7]/div/div/input"}
COMMAND: POST /session/0b442ebc8f096c4bfeb5c66a52851a3f/element/f.9CA8B20795E6D08D18CCAFF067F35E12.d.AA17488BE5A2C017E2D411ABF7963BEA.e.17470/clear - {}
RESULT: {}
COMMAND: POST /session/0b442ebc8f096c4bfeb5c66a52851a3f/element/f.9CA8B20795E6D08D18CCAFF067F35E12.d.AA17488BE5A2C017E2D411ABF7963BEA.e.17470/value - {"text":"3ORhPjz09t"}
COMMAND: GET /session/0b442ebc8f096c4bfeb5c66a52851a3f/screenshot - {}
RESULT: {"text":"3ORhPjz09t"}
COMMAND: GET /session/0b442ebc8f096c4bfeb5c66a52851a3f/screenshot - {}
RESULT: {}
RESULT: {}
COMMAND: POST /session/0b442ebc8f096c4bfeb5c66a52851a3f/actions - {"actions":[{"id":"action60","type":"key","parameters":{},"actions":[{"type":"keyDown","value":"î€‡"},{"type":"pause","duration":10},{"type":"keyUp","value":"î€‡"}]}]}
RESULT: {"actions":[{"id":"action60","type":"key","parameters":{},"actions":[{"type":"keyDown","value":"î€‡"},{"type":"pause","duration":10},{"type":"keyUp","value":"î€‡"}]}]}
COMMAND: GET /session/0b442ebc8f096c4bfeb5c66a52851a3f/screenshot - {}
COMMAND: POST /session/0b442ebc8f096c4bfeb5c66a52851a3f/execute/sync - {"script":"<script> [276 bytes]","args":["No pricing information was found"]}
RESULT: {}
RESULT: {"script":"<script> [276 bytes]","args":["No pricing information was found"]}
COMMAND: POST /session/0b442ebc8f096c4bfeb5c66a52851a3f/element - {"using":"xpath","value":"(//button[@data-kt=\"saveButton\"])[2]"}
COMMAND: GET /session/0b442ebc8f096c4bfeb5c66a52851a3f/screenshot - {}
RESULT: {"using":"xpath","value":"(//button[@data-kt=\"saveButton\"])[2]"}
COMMAND: POST /session/0b442ebc8f096c4bfeb5c66a52851a3f/element/f.9CA8B20795E6D08D18CCAFF067F35E12.d.AA17488BE5A2C017E2D411ABF7963BEA.e.17485/click - {}
RESULT: {}
RESULT: {}
COMMAND: GET /session/0b442ebc8f096c4bfeb5c66a52851a3f/screenshot - {}
RESULT: {}
COMMAND: POST /session/0b442ebc8f096c4bfeb5c66a52851a3f/execute/sync - {"script":"<script> [276 bytes]","args":["Some contract items are having rental validity exceeding header rental validity"]}
RESULT: {"script":"<script> [276 bytes]","args":["Some contract items are having rental validity exceeding header rental validity"]}
COMMAND: GET /session/0b442ebc8f096c4bfeb5c66a52851a3f/screenshot - {}
RESULT: {}
COMMAND: POST /session/0b442ebc8f096c4bfeb5c66a52851a3f/element - {"using":"xpath","value":"//span[contains(@id ,\"contractItemsSmartTable-header-inner\")]"}
RESULT: {"using":"xpath","value":"//span[contains(@id ,\"contractItemsSmartTable-header-inner\")]"}
COMMAND: POST /session/0b442ebc8f096c4bfeb5c66a52851a3f/elements - {"using":"xpath","value":"//span[contains(@id ,\"contractItemsSmartTable-header-inner\")]"}
RESULT: {"using":"xpath","value":"//span[contains(@id ,\"contractItemsSmartTable-header-inner\")]"}
COMMAND: POST /session/0b442ebc8f096c4bfeb5c66a52851a3f/execute/sync - {"script":"<script> [56 bytes]","args":[{"element-6066-11e4-a52e-4f735466cecf":"f.9CA8B20795E6D08D18CCAFF067F35E12.d.AA17488BE5A2C017E2D411ABF7963BEA.e.17491","ELEMENT":"f.9CA8B20795E6D08D18CCAFF067F35E12.d.AA17488BE5A2C017E2D411ABF7963BEA.e.17491"}]}
RESULT: {"script":"<script> [56 bytes]","args":[{"element-6066-11e4-a52e-4f735466cecf":"f.9CA8B20795E6D08D18CCAFF067F35E12.d.AA17488BE5A2C017E2D411ABF7963BEA.e.17491","ELEMENT":"f.9CA8B20795E6D08D18CCAFF067F35E12.d.AA17488BE5A2C017E2D411ABF7963BEA.e.17491"}]}
COMMAND: GET /session/0b442ebc8f096c4bfeb5c66a52851a3f/screenshot - {}
]]></system-out>
    </testcase>
    <testcase classname="chrome.135_0_7049_96.windows.Performance_based_billing_(work_days)_US139742" name="Should do a provide to site handover" time="70.257">
      <system-out><![CDATA[
COMMAND: POST /session/0b442ebc8f096c4bfeb5c66a52851a3f/element - {"using":"xpath","value":"//button[@data-kt=\"provideButton\"]"}
RESULT: {}
RESULT: {"using":"xpath","value":"//button[@data-kt=\"provideButton\"]"}
COMMAND: POST /session/0b442ebc8f096c4bfeb5c66a52851a3f/element/f.9CA8B20795E6D08D18CCAFF067F35E12.d.AA17488BE5A2C017E2D411ABF7963BEA.e.17492/click - {}
RESULT: {}
COMMAND: GET /session/0b442ebc8f096c4bfeb5c66a52851a3f/screenshot - {}
RESULT: {}
RESULT: undefined
COMMAND: POST /session/0b442ebc8f096c4bfeb5c66a52851a3f/execute/async - {"script":"<script> [6424 bytes]","args":[{"element-6066-11e4-a52e-4f735466cecf":"f.9CA8B20795E6D08D18CCAFF067F35E12.d.AA17488BE5A2C017E2D411ABF7963BEA.e.16470"},"setValue",["05/06/2025"]]}
COMMAND: POST /session/0b442ebc8f096c4bfeb5c66a52851a3f/execute/async - {"script":"<script> [1562 bytes]","args":[{"selector":{"id":"application-managehandovers-display-component---AddNewHO--dueDate","interaction":{"idSuffix":"inner"}},"wdio_ui5_key":"applicationmanagehandovers-display-component---AddNewHO--dueDate"}]}
RESULT: {"script":"<script> [1562 bytes]","args":[{"selector":{"id":"application-managehandovers-display-component---AddNewHO--dueDate","interaction":{"idSuffix":"inner"}},"wdio_ui5_key":"applicationmanagehandovers-display-component---AddNewHO--dueDate"}]}
COMMAND: POST /session/0b442ebc8f096c4bfeb5c66a52851a3f/execute/async - {"script":"<script> [6424 bytes]","args":[{"element-6066-11e4-a52e-4f735466cecf":"f.9CA8B20795E6D08D18CCAFF067F35E12.d.AA17488BE5A2C017E2D411ABF7963BEA.e.17568"},"setValue",["05/06/2025"]]}
RESULT: {"script":"<script> [6424 bytes]","args":[{"element-6066-11e4-a52e-4f735466cecf":"f.9CA8B20795E6D08D18CCAFF067F35E12.d.AA17488BE5A2C017E2D411ABF7963BEA.e.17568"},"setValue",["05/06/2025"]]}
COMMAND: POST /session/0b442ebc8f096c4bfeb5c66a52851a3f/element - {"using":"xpath","value":"//bdi[contains(text(), \"Instructions\")]"}
RESULT: {"using":"xpath","value":"//bdi[contains(text(), \"Instructions\")]"}
COMMAND: POST /session/0b442ebc8f096c4bfeb5c66a52851a3f/element/f.9CA8B20795E6D08D18CCAFF067F35E12.d.AA17488BE5A2C017E2D411ABF7963BEA.e.17832/click - {}
RESULT: {}
COMMAND: GET /session/0b442ebc8f096c4bfeb5c66a52851a3f/screenshot - {}
RESULT: {}
COMMAND: POST /session/0b442ebc8f096c4bfeb5c66a52851a3f/element - {"using":"xpath","value":"//button[@data-kt=\"AddNewHOProvideAddItemsButton\"]"}
RESULT: {"using":"xpath","value":"//button[@data-kt=\"AddNewHOProvideAddItemsButton\"]"}
COMMAND: POST /session/0b442ebc8f096c4bfeb5c66a52851a3f/element/f.9CA8B20795E6D08D18CCAFF067F35E12.d.AA17488BE5A2C017E2D411ABF7963BEA.e.17836/click - {}
RESULT: {}
COMMAND: GET /session/0b442ebc8f096c4bfeb5c66a52851a3f/screenshot - {}
RESULT: {}
RESULT: undefined
COMMAND: POST /session/0b442ebc8f096c4bfeb5c66a52851a3f/element - {"using":"xpath","value":"//*[@id=\"application-managehandovers-display-component---AddNewHO--popup-sa\"]"}
RESULT: {"using":"xpath","value":"//*[@id=\"application-managehandovers-display-component---AddNewHO--popup-sa\"]"}
COMMAND: POST /session/0b442ebc8f096c4bfeb5c66a52851a3f/element/f.9CA8B20795E6D08D18CCAFF067F35E12.d.AA17488BE5A2C017E2D411ABF7963BEA.e.17851/click - {}
RESULT: {}
COMMAND: GET /session/0b442ebc8f096c4bfeb5c66a52851a3f/screenshot - {}
RESULT: {}
COMMAND: POST /session/0b442ebc8f096c4bfeb5c66a52851a3f/element - {"using":"xpath","value":"//*[contains(@id ,\"BDI-content\")][contains(text(), \"Select\")]"}
RESULT: {"using":"xpath","value":"//*[contains(@id ,\"BDI-content\")][contains(text(), \"Select\")]"}
COMMAND: POST /session/0b442ebc8f096c4bfeb5c66a52851a3f/element/f.9CA8B20795E6D08D18CCAFF067F35E12.d.AA17488BE5A2C017E2D411ABF7963BEA.e.17853/click - {}
RESULT: {}
COMMAND: GET /session/0b442ebc8f096c4bfeb5c66a52851a3f/screenshot - {}
RESULT: {}
COMMAND: POST /session/0b442ebc8f096c4bfeb5c66a52851a3f/execute/async - {"script":"<script> [1562 bytes]","args":[{"selector":{"id":"application-managehandovers-display-component---AddNewHO--confirmCreationButton","interaction":{"idSuffix":"BDI-content"}},"wdio_ui5_key":"applicationmanagehandovers-display-component---AddNewHO--confirmCreationButton"}]}
RESULT: {"script":"<script> [1562 bytes]","args":[{"selector":{"id":"application-managehandovers-display-component---AddNewHO--confirmCreationButton","interaction":{"idSuffix":"BDI-content"}},"wdio_ui5_key":"applicationmanagehandovers-display-component---AddNewHO--confirmCreationButton"}]}
RESULT: undefined
COMMAND: POST /session/0b442ebc8f096c4bfeb5c66a52851a3f/element - {"using":"xpath","value":"//*[@id=\"application-managehandovers-display-component---AddNewHO--confirmCreationButton\"]"}
RESULT: {"using":"xpath","value":"//*[@id=\"application-managehandovers-display-component---AddNewHO--confirmCreationButton\"]"}
COMMAND: POST /session/0b442ebc8f096c4bfeb5c66a52851a3f/element/f.9CA8B20795E6D08D18CCAFF067F35E12.d.AA17488BE5A2C017E2D411ABF7963BEA.e.17615/click - {}
RESULT: {}
COMMAND: GET /session/0b442ebc8f096c4bfeb5c66a52851a3f/screenshot - {}
RESULT: {}
COMMAND: POST /session/0b442ebc8f096c4bfeb5c66a52851a3f/element - {"using":"xpath","value":"//button[@data-kt=\"PickingTableConfirmAllButton\"]"}
RESULT: {"using":"xpath","value":"//button[@data-kt=\"PickingTableConfirmAllButton\"]"}
COMMAND: POST /session/0b442ebc8f096c4bfeb5c66a52851a3f/elements - {"using":"xpath","value":"//button[@data-kt=\"PickingTableConfirmAllButton\"]"}
RESULT: {"using":"xpath","value":"//button[@data-kt=\"PickingTableConfirmAllButton\"]"}
COMMAND: POST /session/0b442ebc8f096c4bfeb5c66a52851a3f/elements - {"using":"xpath","value":"//button[@data-kt=\"PickingTableConfirmAllButton\"]"}
RESULT: {"using":"xpath","value":"//button[@data-kt=\"PickingTableConfirmAllButton\"]"}
COMMAND: POST /session/0b442ebc8f096c4bfeb5c66a52851a3f/elements - {"using":"xpath","value":"//button[@data-kt=\"PickingTableConfirmAllButton\"]"}
RESULT: {"using":"xpath","value":"//button[@data-kt=\"PickingTableConfirmAllButton\"]"}
COMMAND: POST /session/0b442ebc8f096c4bfeb5c66a52851a3f/element - {"using":"xpath","value":"//button[@data-kt=\"PickingTableConfirmAllButton\"]"}
RESULT: {"using":"xpath","value":"//button[@data-kt=\"PickingTableConfirmAllButton\"]"}
COMMAND: POST /session/0b442ebc8f096c4bfeb5c66a52851a3f/element/f.9CA8B20795E6D08D18CCAFF067F35E12.d.AA17488BE5A2C017E2D411ABF7963BEA.e.17891/click - {}
COMMAND: POST /session/0b442ebc8f096c4bfeb5c66a52851a3f/element - {"using":"xpath","value":"//button[@data-kt=\"PickingTableConfirmAllButton\"]"}
RESULT: {"using":"xpath","value":"//button[@data-kt=\"PickingTableConfirmAllButton\"]"}
COMMAND: POST /session/0b442ebc8f096c4bfeb5c66a52851a3f/element/f.9CA8B20795E6D08D18CCAFF067F35E12.d.AA17488BE5A2C017E2D411ABF7963BEA.e.17891/click - {}
COMMAND: POST /session/0b442ebc8f096c4bfeb5c66a52851a3f/element - {"using":"xpath","value":"//button[@data-kt=\"PickingTableConfirmAllButton\"]"}
RESULT: {"using":"xpath","value":"//button[@data-kt=\"PickingTableConfirmAllButton\"]"}
COMMAND: POST /session/0b442ebc8f096c4bfeb5c66a52851a3f/element/f.9CA8B20795E6D08D18CCAFF067F35E12.d.AA17488BE5A2C017E2D411ABF7963BEA.e.17913/click - {}
RESULT: {}
COMMAND: GET /session/0b442ebc8f096c4bfeb5c66a52851a3f/screenshot - {}
RESULT: {}
COMMAND: POST /session/0b442ebc8f096c4bfeb5c66a52851a3f/element - {"using":"xpath","value":"//bdi[contains(text(), \"OK\")]"}
RESULT: {"using":"xpath","value":"//bdi[contains(text(), \"OK\")]"}
COMMAND: POST /session/0b442ebc8f096c4bfeb5c66a52851a3f/element/f.9CA8B20795E6D08D18CCAFF067F35E12.d.AA17488BE5A2C017E2D411ABF7963BEA.e.17916/click - {}
RESULT: {}
COMMAND: GET /session/0b442ebc8f096c4bfeb5c66a52851a3f/screenshot - {}
RESULT: {}
COMMAND: POST /session/0b442ebc8f096c4bfeb5c66a52851a3f/element - {"using":"xpath","value":"//bdi[contains(text(), \"Ok\")]"}
RESULT: {"using":"xpath","value":"//bdi[contains(text(), \"Ok\")]"}
COMMAND: POST /session/0b442ebc8f096c4bfeb5c66a52851a3f/element/f.9CA8B20795E6D08D18CCAFF067F35E12.d.AA17488BE5A2C017E2D411ABF7963BEA.e.17924/click - {}
RESULT: {}
COMMAND: GET /session/0b442ebc8f096c4bfeb5c66a52851a3f/screenshot - {}
RESULT: {}
COMMAND: POST /session/0b442ebc8f096c4bfeb5c66a52851a3f/element - {"using":"xpath","value":"//bdi[contains(text(), \"Issue\")]"}
RESULT: {"using":"xpath","value":"//bdi[contains(text(), \"Issue\")]"}
COMMAND: POST /session/0b442ebc8f096c4bfeb5c66a52851a3f/element/f.9CA8B20795E6D08D18CCAFF067F35E12.d.AA17488BE5A2C017E2D411ABF7963BEA.e.17926/click - {}
RESULT: {}
COMMAND: GET /session/0b442ebc8f096c4bfeb5c66a52851a3f/screenshot - {}
RESULT: {}
COMMAND: POST /session/0b442ebc8f096c4bfeb5c66a52851a3f/element - {"using":"css selector","value":"#shell-header-logo"}
RESULT: {"using":"css selector","value":"#shell-header-logo"}
COMMAND: POST /session/0b442ebc8f096c4bfeb5c66a52851a3f/element/f.9CA8B20795E6D08D18CCAFF067F35E12.d.AA17488BE5A2C017E2D411ABF7963BEA.e.16991/click - {}
RESULT: {}
COMMAND: GET /session/0b442ebc8f096c4bfeb5c66a52851a3f/screenshot - {}
RESULT: {}
]]></system-out>
    </testcase>
    <testcase classname="chrome.135_0_7049_96.windows.Performance_based_billing_(work_days)_US139742" name="Should create a few performance documents" time="102.934">
      <system-out><![CDATA[
COMMAND: POST /session/0b442ebc8f096c4bfeb5c66a52851a3f/window/fullscreen - {}
RESULT: {}
COMMAND: POST /session/0b442ebc8f096c4bfeb5c66a52851a3f/execute/async - {"script":"<script> [1562 bytes]","args":[{"selector":{"controlType":"sap.m.GenericTile","properties":{"header":"Manage States & Performance"}},"wdio_ui5_key":"sapm.GenericTile{\"header\":\"Manage States & Performance\"}"}]}
RESULT: {"script":"<script> [1562 bytes]","args":[{"selector":{"controlType":"sap.m.GenericTile","properties":{"header":"Manage States & Performance"}},"wdio_ui5_key":"sapm.GenericTile{\"header\":\"Manage States & Performance\"}"}]}
RESULT: undefined
COMMAND: POST /session/0b442ebc8f096c4bfeb5c66a52851a3f/element - {"using":"xpath","value":"//*[@id=\"__tile56\"]"}
RESULT: {"using":"xpath","value":"//*[@id=\"__tile56\"]"}
COMMAND: POST /session/0b442ebc8f096c4bfeb5c66a52851a3f/element/f.9CA8B20795E6D08D18CCAFF067F35E12.d.AA17488BE5A2C017E2D411ABF7963BEA.e.14344/click - {}
RESULT: {}
COMMAND: POST /session/0b442ebc8f096c4bfeb5c66a52851a3f/element - {"using":"xpath","value":"//div[@id=\"application-managestatesandperformance-display-component---stateAndPerform--smartFilterBarResources-btnBasicSearch\"]"}
COMMAND: GET /session/0b442ebc8f096c4bfeb5c66a52851a3f/screenshot - {}
RESULT: {"using":"xpath","value":"//div[@id=\"application-managestatesandperformance-display-component---stateAndPerform--smartFilterBarResources-btnBasicSearch\"]"}
COMMAND: POST /session/0b442ebc8f096c4bfeb5c66a52851a3f/elements - {"using":"xpath","value":"//div[@id=\"application-managestatesandperformance-display-component---stateAndPerform--smartFilterBarResources-btnBasicSearch\"]"}
RESULT: {}
RESULT: {"using":"xpath","value":"//div[@id=\"application-managestatesandperformance-display-component---stateAndPerform--smartFilterBarResources-btnBasicSearch\"]"}
COMMAND: POST /session/0b442ebc8f096c4bfeb5c66a52851a3f/elements - {"using":"xpath","value":"//div[@id=\"application-managestatesandperformance-display-component---stateAndPerform--smartFilterBarResources-btnBasicSearch\"]"}
RESULT: {"using":"xpath","value":"//div[@id=\"application-managestatesandperformance-display-component---stateAndPerform--smartFilterBarResources-btnBasicSearch\"]"}
COMMAND: POST /session/0b442ebc8f096c4bfeb5c66a52851a3f/element - {"using":"xpath","value":"//div[@id=\"application-managestatesandperformance-display-component---stateAndPerform--smartFilterBarResources-btnBasicSearch\"]"}
RESULT: {"using":"xpath","value":"//div[@id=\"application-managestatesandperformance-display-component---stateAndPerform--smartFilterBarResources-btnBasicSearch\"]"}
COMMAND: POST /session/0b442ebc8f096c4bfeb5c66a52851a3f/execute/sync - {"script":"<script> [8489 bytes]","args":[{"element-6066-11e4-a52e-4f735466cecf":"f.9CA8B20795E6D08D18CCAFF067F35E12.d.AA17488BE5A2C017E2D411ABF7963BEA.e.18146","ELEMENT":"f.9CA8B20795E6D08D18CCAFF067F35E12.d.AA17488BE5A2C017E2D411ABF7963BEA.e.18146"}]}
RESULT: {"script":"<script> [8489 bytes]","args":[{"element-6066-11e4-a52e-4f735466cecf":"f.9CA8B20795E6D08D18CCAFF067F35E12.d.AA17488BE5A2C017E2D411ABF7963BEA.e.18146","ELEMENT":"f.9CA8B20795E6D08D18CCAFF067F35E12.d.AA17488BE5A2C017E2D411ABF7963BEA.e.18146"}]}
COMMAND: GET /session/0b442ebc8f096c4bfeb5c66a52851a3f/element/f.9CA8B20795E6D08D18CCAFF067F35E12.d.AA17488BE5A2C017E2D411ABF7963BEA.e.18146/enabled - {}
COMMAND: GET /session/0b442ebc8f096c4bfeb5c66a52851a3f/screenshot - {}
RESULT: {}
COMMAND: POST /session/0b442ebc8f096c4bfeb5c66a52851a3f/execute/sync - {"script":"<script> [8489 bytes]","args":[{"element-6066-11e4-a52e-4f735466cecf":"f.9CA8B20795E6D08D18CCAFF067F35E12.d.AA17488BE5A2C017E2D411ABF7963BEA.e.18146","ELEMENT":"f.9CA8B20795E6D08D18CCAFF067F35E12.d.AA17488BE5A2C017E2D411ABF7963BEA.e.18146"}]}
COMMAND: GET /session/0b442ebc8f096c4bfeb5c66a52851a3f/screenshot - {}
RESULT: {}
RESULT: {"script":"<script> [8489 bytes]","args":[{"element-6066-11e4-a52e-4f735466cecf":"f.9CA8B20795E6D08D18CCAFF067F35E12.d.AA17488BE5A2C017E2D411ABF7963BEA.e.18146","ELEMENT":"f.9CA8B20795E6D08D18CCAFF067F35E12.d.AA17488BE5A2C017E2D411ABF7963BEA.e.18146"}]}
COMMAND: POST /session/0b442ebc8f096c4bfeb5c66a52851a3f/execute/sync - {"script":"<script> [5351 bytes]","args":[{"element-6066-11e4-a52e-4f735466cecf":"f.9CA8B20795E6D08D18CCAFF067F35E12.d.AA17488BE5A2C017E2D411ABF7963BEA.e.18146","ELEMENT":"f.9CA8B20795E6D08D18CCAFF067F35E12.d.AA17488BE5A2C017E2D411ABF7963BEA.e.18146"}]}
COMMAND: GET /session/0b442ebc8f096c4bfeb5c66a52851a3f/screenshot - {}
RESULT: {}
RESULT: {"script":"<script> [5351 bytes]","args":[{"element-6066-11e4-a52e-4f735466cecf":"f.9CA8B20795E6D08D18CCAFF067F35E12.d.AA17488BE5A2C017E2D411ABF7963BEA.e.18146","ELEMENT":"f.9CA8B20795E6D08D18CCAFF067F35E12.d.AA17488BE5A2C017E2D411ABF7963BEA.e.18146"}]}
COMMAND: POST /session/0b442ebc8f096c4bfeb5c66a52851a3f/execute/async - {"script":"<script> [1562 bytes]","args":[{"selector":{"id":"application-managestatesandperformance-display-component---stateAndPerform--smartFilterBarResources-btnBasicSearch","interaction":{"idSuffix":"I"}},"wdio_ui5_key":"applicationmanagestatesandperformance-display-component---stateAndPerform--smartFilterBarResources-btnBasicSearch"}]}
COMMAND: GET /session/0b442ebc8f096c4bfeb5c66a52851a3f/screenshot - {}
RESULT: {}
RESULT: {"script":"<script> [1562 bytes]","args":[{"selector":{"id":"application-managestatesandperformance-display-component---stateAndPerform--smartFilterBarResources-btnBasicSearch","interaction":{"idSuffix":"I"}},"wdio_ui5_key":"applicationmanagestatesandperformance-display-component---stateAndPerform--smartFilterBarResources-btnBasicSearch"}]}
RESULT: undefined
COMMAND: POST /session/0b442ebc8f096c4bfeb5c66a52851a3f/execute/async - {"script":"<script> [776 bytes]","args":[{"enterText":"3ORhPjz09t","selector":{"id":"application-managestatesandperformance-display-component---stateAndPerform--smartFilterBarResources-btnBasicSearch","interaction":{"idSuffix":"I"}},"clearTextFirst":true,"interactionType":"ENTER_TEXT"}]}
RESULT: {}
RESULT: {"script":"<script> [776 bytes]","args":[{"enterText":"3ORhPjz09t","selector":{"id":"application-managestatesandperformance-display-component---stateAndPerform--smartFilterBarResources-btnBasicSearch","interaction":{"idSuffix":"I"}},"clearTextFirst":true,"interactionType":"ENTER_TEXT"}]}
COMMAND: POST /session/0b442ebc8f096c4bfeb5c66a52851a3f/actions - {"actions":[{"id":"action61","type":"key","parameters":{},"actions":[{"type":"keyDown","value":"î€‡"},{"type":"pause","duration":10},{"type":"keyUp","value":"î€‡"}]}]}
RESULT: {"actions":[{"id":"action61","type":"key","parameters":{},"actions":[{"type":"keyDown","value":"î€‡"},{"type":"pause","duration":10},{"type":"keyUp","value":"î€‡"}]}]}
COMMAND: GET /session/0b442ebc8f096c4bfeb5c66a52851a3f/screenshot - {}
RESULT: {}
COMMAND: POST /session/0b442ebc8f096c4bfeb5c66a52851a3f/execute/async - {"script":"<script> [1562 bytes]","args":[{"selector":{"id":"application-managestatesandperformance-display-component---stateAndPerform--stateAndPerformResourcesSmartTable-header"},"wdio_ui5_key":"applicationmanagestatesandperformance-display-component---stateAndPerform--stateAndPerformResourcesSmartTable-header"}]}
RESULT: {"script":"<script> [1562 bytes]","args":[{"selector":{"id":"application-managestatesandperformance-display-component---stateAndPerform--stateAndPerformResourcesSmartTable-header"},"wdio_ui5_key":"applicationmanagestatesandperformance-display-component---stateAndPerform--stateAndPerformResourcesSmartTable-header"}]}
RESULT: undefined
COMMAND: POST /session/0b442ebc8f096c4bfeb5c66a52851a3f/execute/async - {"script":"<script> [6424 bytes]","args":[{"element-6066-11e4-a52e-4f735466cecf":"f.9CA8B20795E6D08D18CCAFF067F35E12.d.AA17488BE5A2C017E2D411ABF7963BEA.e.18209"},"getText",[]]}
RESULT: {"script":"<script> [6424 bytes]","args":[{"element-6066-11e4-a52e-4f735466cecf":"f.9CA8B20795E6D08D18CCAFF067F35E12.d.AA17488BE5A2C017E2D411ABF7963BEA.e.18209"},"getText",[]]}
COMMAND: POST /session/0b442ebc8f096c4bfeb5c66a52851a3f/execute/async - {"script":"<script> [1562 bytes]","args":[{"selector":{"controlType":"sap.ui.core.Icon","viewName":"etm.portal.ui.managestatesandperformance.view.Master","viewId":"application-managestatesandperformance-display-component---stateAndPerform","properties":{"src":{"regex":{"source":"slim\\-arrow\\-right"}}}},"wdio_ui5_key":"etmportal.ui.managestatesandperformance.view.Mastersap.ui.core.Icon{\"src\":{\"regex\":{\"source\":\"slim\\\\-arrow\\\\-right\"}}}"}]}
RESULT: {"script":"<script> [1562 bytes]","args":[{"selector":{"controlType":"sap.ui.core.Icon","viewName":"etm.portal.ui.managestatesandperformance.view.Master","viewId":"application-managestatesandperformance-display-component---stateAndPerform","properties":{"src":{"regex":{"source":"slim\\-arrow\\-right"}}}},"wdio_ui5_key":"etmportal.ui.managestatesandperformance.view.Mastersap.ui.core.Icon{\"src\":{\"regex\":{\"source\":\"slim\\\\-arrow\\\\-right\"}}}"}]}
RESULT: undefined
COMMAND: POST /session/0b442ebc8f096c4bfeb5c66a52851a3f/element - {"using":"xpath","value":"//*[@id=\"__item2903-__clone5398-imgNav\"]"}
RESULT: {"using":"xpath","value":"//*[@id=\"__item2903-__clone5398-imgNav\"]"}
COMMAND: POST /session/0b442ebc8f096c4bfeb5c66a52851a3f/element/f.9CA8B20795E6D08D18CCAFF067F35E12.d.AA17488BE5A2C017E2D411ABF7963BEA.e.18208/click - {}
RESULT: {}
COMMAND: GET /session/0b442ebc8f096c4bfeb5c66a52851a3f/screenshot - {}
RESULT: {}
COMMAND: POST /session/0b442ebc8f096c4bfeb5c66a52851a3f/execute/async - {"script":"<script> [1562 bytes]","args":[{"selector":{"controlType":"sap.m.Button","viewName":"etm.portal.ui.managestatesandperformance.view.Detail","viewId":"application-managestatesandperformance-display-component---detailStateAndPerform","properties":{"text":"Performance Documents"}},"wdio_ui5_key":"etmportal.ui.managestatesandperformance.view.Detailsap.m.Button{\"text\":\"Performance Documents\"}"}]}
RESULT: {"script":"<script> [1562 bytes]","args":[{"selector":{"controlType":"sap.m.Button","viewName":"etm.portal.ui.managestatesandperformance.view.Detail","viewId":"application-managestatesandperformance-display-component---detailStateAndPerform","properties":{"text":"Performance Documents"}},"wdio_ui5_key":"etmportal.ui.managestatesandperformance.view.Detailsap.m.Button{\"text\":\"Performance Documents\"}"}]}
RESULT: undefined
COMMAND: POST /session/0b442ebc8f096c4bfeb5c66a52851a3f/element - {"using":"xpath","value":"//*[@id=\"__item2926-button\"]"}
RESULT: {"using":"xpath","value":"//*[@id=\"__item2926-button\"]"}
COMMAND: POST /session/0b442ebc8f096c4bfeb5c66a52851a3f/element/f.9CA8B20795E6D08D18CCAFF067F35E12.d.AA17488BE5A2C017E2D411ABF7963BEA.e.18255/click - {}
RESULT: {}
COMMAND: POST /session/0b442ebc8f096c4bfeb5c66a52851a3f/execute/async - {"script":"<script> [1562 bytes]","args":[{"selector":{"controlType":"sap.m.Button","viewName":"etm.portal.ui.managestatesandperformance.view.Detail","viewId":"application-managestatesandperformance-display-component---detailStateAndPerform","i18NText":{"propertyName":"text","key":"createPerformanceDoc"},"interaction":{"idSuffix":"BDI-content"}},"wdio_ui5_key":"etmportal.ui.managestatesandperformance.view.Detailsap.m.Button{\"propertyName\":\"text\",\"key\":\"createPerformanceDoc\"}"}]}
COMMAND: GET /session/0b442ebc8f096c4bfeb5c66a52851a3f/screenshot - {}
RESULT: {"script":"<script> [1562 bytes]","args":[{"selector":{"controlType":"sap.m.Button","viewName":"etm.portal.ui.managestatesandperformance.view.Detail","viewId":"application-managestatesandperformance-display-component---detailStateAndPerform","i18NText":{"propertyName":"text","key":"createPerformanceDoc"},"interaction":{"idSuffix":"BDI-content"}},"wdio_ui5_key":"etmportal.ui.managestatesandperformance.view.Detailsap.m.Button{\"propertyName\":\"text\",\"key\":\"createPerformanceDoc\"}"}]}
RESULT: undefined
COMMAND: POST /session/0b442ebc8f096c4bfeb5c66a52851a3f/element - {"using":"xpath","value":"//*[@id=\"__button389\"]"}
RESULT: {}
RESULT: {"using":"xpath","value":"//*[@id=\"__button389\"]"}
COMMAND: POST /session/0b442ebc8f096c4bfeb5c66a52851a3f/element/f.9CA8B20795E6D08D18CCAFF067F35E12.d.AA17488BE5A2C017E2D411ABF7963BEA.e.18259/click - {}
RESULT: {}
COMMAND: POST /session/0b442ebc8f096c4bfeb5c66a52851a3f/execute/async - {"script":"<script> [1562 bytes]","args":[{"selector":{"id":"application-managestatesandperformance-display-component---detailStateAndPerform--perfDocDatePicker","searchOpenDialogs":true,"interaction":{"idSuffix":"inner"}},"wdio_ui5_key":"applicationmanagestatesandperformance-display-component---detailStateAndPerform--perfDocDatePicker"}]}
COMMAND: GET /session/0b442ebc8f096c4bfeb5c66a52851a3f/screenshot - {}
RESULT: {"script":"<script> [1562 bytes]","args":[{"selector":{"id":"application-managestatesandperformance-display-component---detailStateAndPerform--perfDocDatePicker","searchOpenDialogs":true,"interaction":{"idSuffix":"inner"}},"wdio_ui5_key":"applicationmanagestatesandperformance-display-component---detailStateAndPerform--perfDocDatePicker"}]}
RESULT: undefined
COMMAND: POST /session/0b442ebc8f096c4bfeb5c66a52851a3f/execute/async - {"script":"<script> [776 bytes]","args":[{"enterText":"05/08/25","selector":{"id":"application-managestatesandperformance-display-component---detailStateAndPerform--perfDocDatePicker","searchOpenDialogs":true,"interaction":{"idSuffix":"inner"}},"clearTextFirst":true,"interactionType":"ENTER_TEXT"}]}
RESULT: {}
RESULT: {"script":"<script> [776 bytes]","args":[{"enterText":"05/08/25","selector":{"id":"application-managestatesandperformance-display-component---detailStateAndPerform--perfDocDatePicker","searchOpenDialogs":true,"interaction":{"idSuffix":"inner"}},"clearTextFirst":true,"interactionType":"ENTER_TEXT"}]}
COMMAND: POST /session/0b442ebc8f096c4bfeb5c66a52851a3f/execute/async - {"script":"<script> [1562 bytes]","args":[{"selector":{"id":"application-managestatesandperformance-display-component---detailStateAndPerform--counterValue-input","searchOpenDialogs":true,"interaction":{"idSuffix":"inner"}},"wdio_ui5_key":"applicationmanagestatesandperformance-display-component---detailStateAndPerform--counterValue-input"}]}
RESULT: {"script":"<script> [1562 bytes]","args":[{"selector":{"id":"application-managestatesandperformance-display-component---detailStateAndPerform--counterValue-input","searchOpenDialogs":true,"interaction":{"idSuffix":"inner"}},"wdio_ui5_key":"applicationmanagestatesandperformance-display-component---detailStateAndPerform--counterValue-input"}]}
RESULT: undefined
COMMAND: POST /session/0b442ebc8f096c4bfeb5c66a52851a3f/execute/async - {"script":"<script> [776 bytes]","args":[{"enterText":"15.00","selector":{"id":"application-managestatesandperformance-display-component---detailStateAndPerform--counterValue-input","searchOpenDialogs":true,"interaction":{"idSuffix":"inner"}},"clearTextFirst":true,"interactionType":"ENTER_TEXT"}]}
RESULT: {"script":"<script> [776 bytes]","args":[{"enterText":"15.00","selector":{"id":"application-managestatesandperformance-display-component---detailStateAndPerform--counterValue-input","searchOpenDialogs":true,"interaction":{"idSuffix":"inner"}},"clearTextFirst":true,"interactionType":"ENTER_TEXT"}]}
COMMAND: POST /session/0b442ebc8f096c4bfeb5c66a52851a3f/execute/async - {"script":"<script> [1562 bytes]","args":[{"selector":{"controlType":"sap.m.Button","viewName":"etm.portal.ui.managestatesandperformance.view.Detail","viewId":"application-managestatesandperformance-display-component---detailStateAndPerform","bindingPath":{"path":"","propertyPath":"/allowAddEdit","modelName":"oScreenModel"},"searchOpenDialogs":true,"interaction":{"idSuffix":"BDI-content"}},"wdio_ui5_key":"etmportal.ui.managestatesandperformance.view.Detailsap.m.Button{\"path\":\"\",\"propertyPath\":\"/allowAddEdit\",\"modelName\":\"oScreenModel\"}"}]}
RESULT: {"script":"<script> [1562 bytes]","args":[{"selector":{"controlType":"sap.m.Button","viewName":"etm.portal.ui.managestatesandperformance.view.Detail","viewId":"application-managestatesandperformance-display-component---detailStateAndPerform","bindingPath":{"path":"","propertyPath":"/allowAddEdit","modelName":"oScreenModel"},"searchOpenDialogs":true,"interaction":{"idSuffix":"BDI-content"}},"wdio_ui5_key":"etmportal.ui.managestatesandperformance.view.Detailsap.m.Button{\"path\":\"\",\"propertyPath\":\"/allowAddEdit\",\"modelName\":\"oScreenModel\"}"}]}
RESULT: undefined
COMMAND: POST /session/0b442ebc8f096c4bfeb5c66a52851a3f/element - {"using":"xpath","value":"//*[@id=\"__button396\"]"}
RESULT: {"using":"xpath","value":"//*[@id=\"__button396\"]"}
COMMAND: POST /session/0b442ebc8f096c4bfeb5c66a52851a3f/element/f.9CA8B20795E6D08D18CCAFF067F35E12.d.AA17488BE5A2C017E2D411ABF7963BEA.e.18275/click - {}
RESULT: {}
RESULT: undefined
COMMAND: POST /session/0b442ebc8f096c4bfeb5c66a52851a3f/element - {"using":"xpath","value":"//*[@id=\"__button389\"]"}
COMMAND: GET /session/0b442ebc8f096c4bfeb5c66a52851a3f/screenshot - {}
RESULT: {"using":"xpath","value":"//*[@id=\"__button389\"]"}
COMMAND: POST /session/0b442ebc8f096c4bfeb5c66a52851a3f/element/f.9CA8B20795E6D08D18CCAFF067F35E12.d.AA17488BE5A2C017E2D411ABF7963BEA.e.18259/click - {}
RESULT: {}
RESULT: {}
RESULT: undefined
COMMAND: POST /session/0b442ebc8f096c4bfeb5c66a52851a3f/execute/async - {"script":"<script> [776 bytes]","args":[{"enterText":"05/12/25","selector":{"id":"application-managestatesandperformance-display-component---detailStateAndPerform--perfDocDatePicker","searchOpenDialogs":true,"interaction":{"idSuffix":"inner"}},"clearTextFirst":true,"interactionType":"ENTER_TEXT"}]}
COMMAND: GET /session/0b442ebc8f096c4bfeb5c66a52851a3f/screenshot - {}
RESULT: {"script":"<script> [776 bytes]","args":[{"enterText":"05/12/25","selector":{"id":"application-managestatesandperformance-display-component---detailStateAndPerform--perfDocDatePicker","searchOpenDialogs":true,"interaction":{"idSuffix":"inner"}},"clearTextFirst":true,"interactionType":"ENTER_TEXT"}]}
RESULT: undefined
COMMAND: POST /session/0b442ebc8f096c4bfeb5c66a52851a3f/execute/async - {"script":"<script> [776 bytes]","args":[{"enterText":"20.00","selector":{"id":"application-managestatesandperformance-display-component---detailStateAndPerform--counterValue-input","searchOpenDialogs":true,"interaction":{"idSuffix":"inner"}},"clearTextFirst":true,"interactionType":"ENTER_TEXT"}]}
RESULT: {}
RESULT: {"script":"<script> [776 bytes]","args":[{"enterText":"20.00","selector":{"id":"application-managestatesandperformance-display-component---detailStateAndPerform--counterValue-input","searchOpenDialogs":true,"interaction":{"idSuffix":"inner"}},"clearTextFirst":true,"interactionType":"ENTER_TEXT"}]}
COMMAND: POST /session/0b442ebc8f096c4bfeb5c66a52851a3f/actions - {"actions":[{"id":"action62","type":"key","parameters":{},"actions":[{"type":"keyDown","value":"î€„"},{"type":"keyDown","value":"î€„"},{"type":"pause","duration":10},{"type":"keyUp","value":"î€„"},{"type":"keyUp","value":"î€„"}]}]}
RESULT: {"actions":[{"id":"action62","type":"key","parameters":{},"actions":[{"type":"keyDown","value":"î€„"},{"type":"keyDown","value":"î€„"},{"type":"pause","duration":10},{"type":"keyUp","value":"î€„"},{"type":"keyUp","value":"î€„"}]}]}
COMMAND: POST /session/0b442ebc8f096c4bfeb5c66a52851a3f/actions - {"actions":[{"id":"action63","type":"key","parameters":{},"actions":[{"type":"keyDown","value":"î€‡"},{"type":"pause","duration":10},{"type":"keyUp","value":"î€‡"}]}]}
COMMAND: GET /session/0b442ebc8f096c4bfeb5c66a52851a3f/screenshot - {}
RESULT: {"actions":[{"id":"action63","type":"key","parameters":{},"actions":[{"type":"keyDown","value":"î€‡"},{"type":"pause","duration":10},{"type":"keyUp","value":"î€‡"}]}]}
RESULT: undefined
COMMAND: POST /session/0b442ebc8f096c4bfeb5c66a52851a3f/element - {"using":"xpath","value":"//*[@id=\"__button396\"]"}
COMMAND: GET /session/0b442ebc8f096c4bfeb5c66a52851a3f/screenshot - {}
RESULT: {}
RESULT: {"using":"xpath","value":"//*[@id=\"__button396\"]"}
COMMAND: POST /session/0b442ebc8f096c4bfeb5c66a52851a3f/elements - {"using":"xpath","value":"//*[@id=\"__button396\"]"}
RESULT: {}
RESULT: {"using":"xpath","value":"//*[@id=\"__button396\"]"}
COMMAND: POST /session/0b442ebc8f096c4bfeb5c66a52851a3f/elements - {"using":"xpath","value":"//*[@id=\"__button396\"]"}
RESULT: {"using":"xpath","value":"//*[@id=\"__button396\"]"}
COMMAND: POST /session/0b442ebc8f096c4bfeb5c66a52851a3f/elements - {"using":"xpath","value":"//*[@id=\"__button396\"]"}
RESULT: {"using":"xpath","value":"//*[@id=\"__button396\"]"}
COMMAND: POST /session/0b442ebc8f096c4bfeb5c66a52851a3f/elements - {"using":"xpath","value":"//*[@id=\"__button396\"]"}
RESULT: {"using":"xpath","value":"//*[@id=\"__button396\"]"}
COMMAND: POST /session/0b442ebc8f096c4bfeb5c66a52851a3f/elements - {"using":"xpath","value":"//*[@id=\"__button396\"]"}
RESULT: {"using":"xpath","value":"//*[@id=\"__button396\"]"}
COMMAND: POST /session/0b442ebc8f096c4bfeb5c66a52851a3f/elements - {"using":"xpath","value":"//*[@id=\"__button396\"]"}
RESULT: {"using":"xpath","value":"//*[@id=\"__button396\"]"}
COMMAND: POST /session/0b442ebc8f096c4bfeb5c66a52851a3f/elements - {"using":"xpath","value":"//*[@id=\"__button396\"]"}
RESULT: {"using":"xpath","value":"//*[@id=\"__button396\"]"}
COMMAND: POST /session/0b442ebc8f096c4bfeb5c66a52851a3f/elements - {"using":"xpath","value":"//*[@id=\"__button396\"]"}
RESULT: {"using":"xpath","value":"//*[@id=\"__button396\"]"}
COMMAND: POST /session/0b442ebc8f096c4bfeb5c66a52851a3f/elements - {"using":"xpath","value":"//*[@id=\"__button396\"]"}
RESULT: {"using":"xpath","value":"//*[@id=\"__button396\"]"}
COMMAND: POST /session/0b442ebc8f096c4bfeb5c66a52851a3f/elements - {"using":"xpath","value":"//*[@id=\"__button396\"]"}
RESULT: {"using":"xpath","value":"//*[@id=\"__button396\"]"}
COMMAND: POST /session/0b442ebc8f096c4bfeb5c66a52851a3f/elements - {"using":"xpath","value":"//*[@id=\"__button396\"]"}
RESULT: {"using":"xpath","value":"//*[@id=\"__button396\"]"}
COMMAND: POST /session/0b442ebc8f096c4bfeb5c66a52851a3f/elements - {"using":"xpath","value":"//*[@id=\"__button396\"]"}
RESULT: {"using":"xpath","value":"//*[@id=\"__button396\"]"}
COMMAND: POST /session/0b442ebc8f096c4bfeb5c66a52851a3f/elements - {"using":"xpath","value":"//*[@id=\"__button396\"]"}
RESULT: {"using":"xpath","value":"//*[@id=\"__button396\"]"}
COMMAND: POST /session/0b442ebc8f096c4bfeb5c66a52851a3f/elements - {"using":"xpath","value":"//*[@id=\"__button396\"]"}
RESULT: {"using":"xpath","value":"//*[@id=\"__button396\"]"}
COMMAND: POST /session/0b442ebc8f096c4bfeb5c66a52851a3f/elements - {"using":"xpath","value":"//*[@id=\"__button396\"]"}
RESULT: {"using":"xpath","value":"//*[@id=\"__button396\"]"}
COMMAND: POST /session/0b442ebc8f096c4bfeb5c66a52851a3f/elements - {"using":"xpath","value":"//*[@id=\"__button396\"]"}
RESULT: {"using":"xpath","value":"//*[@id=\"__button396\"]"}
COMMAND: POST /session/0b442ebc8f096c4bfeb5c66a52851a3f/elements - {"using":"xpath","value":"//*[@id=\"__button396\"]"}
RESULT: {"using":"xpath","value":"//*[@id=\"__button396\"]"}
COMMAND: POST /session/0b442ebc8f096c4bfeb5c66a52851a3f/elements - {"using":"xpath","value":"//*[@id=\"__button396\"]"}
RESULT: {"using":"xpath","value":"//*[@id=\"__button396\"]"}
COMMAND: POST /session/0b442ebc8f096c4bfeb5c66a52851a3f/elements - {"using":"xpath","value":"//*[@id=\"__button396\"]"}
RESULT: {"using":"xpath","value":"//*[@id=\"__button396\"]"}
COMMAND: POST /session/0b442ebc8f096c4bfeb5c66a52851a3f/elements - {"using":"xpath","value":"//*[@id=\"__button396\"]"}
RESULT: {"using":"xpath","value":"//*[@id=\"__button396\"]"}
COMMAND: POST /session/0b442ebc8f096c4bfeb5c66a52851a3f/elements - {"using":"xpath","value":"//*[@id=\"__button396\"]"}
RESULT: {"using":"xpath","value":"//*[@id=\"__button396\"]"}
COMMAND: POST /session/0b442ebc8f096c4bfeb5c66a52851a3f/elements - {"using":"xpath","value":"//*[@id=\"__button396\"]"}
RESULT: {"using":"xpath","value":"//*[@id=\"__button396\"]"}
COMMAND: POST /session/0b442ebc8f096c4bfeb5c66a52851a3f/elements - {"using":"xpath","value":"//*[@id=\"__button396\"]"}
RESULT: {"using":"xpath","value":"//*[@id=\"__button396\"]"}
COMMAND: POST /session/0b442ebc8f096c4bfeb5c66a52851a3f/elements - {"using":"xpath","value":"//*[@id=\"__button396\"]"}
RESULT: {"using":"xpath","value":"//*[@id=\"__button396\"]"}
COMMAND: POST /session/0b442ebc8f096c4bfeb5c66a52851a3f/elements - {"using":"xpath","value":"//*[@id=\"__button396\"]"}
RESULT: {"using":"xpath","value":"//*[@id=\"__button396\"]"}
COMMAND: POST /session/0b442ebc8f096c4bfeb5c66a52851a3f/elements - {"using":"xpath","value":"//*[@id=\"__button396\"]"}
RESULT: {"using":"xpath","value":"//*[@id=\"__button396\"]"}
COMMAND: POST /session/0b442ebc8f096c4bfeb5c66a52851a3f/elements - {"using":"xpath","value":"//*[@id=\"__button396\"]"}
RESULT: {"using":"xpath","value":"//*[@id=\"__button396\"]"}
COMMAND: POST /session/0b442ebc8f096c4bfeb5c66a52851a3f/elements - {"using":"xpath","value":"//*[@id=\"__button396\"]"}
RESULT: {"using":"xpath","value":"//*[@id=\"__button396\"]"}
COMMAND: POST /session/0b442ebc8f096c4bfeb5c66a52851a3f/elements - {"using":"xpath","value":"//*[@id=\"__button396\"]"}
RESULT: {"using":"xpath","value":"//*[@id=\"__button396\"]"}
COMMAND: POST /session/0b442ebc8f096c4bfeb5c66a52851a3f/elements - {"using":"xpath","value":"//*[@id=\"__button396\"]"}
RESULT: {"using":"xpath","value":"//*[@id=\"__button396\"]"}
COMMAND: POST /session/0b442ebc8f096c4bfeb5c66a52851a3f/elements - {"using":"xpath","value":"//*[@id=\"__button396\"]"}
RESULT: {"using":"xpath","value":"//*[@id=\"__button396\"]"}
COMMAND: POST /session/0b442ebc8f096c4bfeb5c66a52851a3f/elements - {"using":"xpath","value":"//*[@id=\"__button396\"]"}
RESULT: {"using":"xpath","value":"//*[@id=\"__button396\"]"}
COMMAND: POST /session/0b442ebc8f096c4bfeb5c66a52851a3f/elements - {"using":"xpath","value":"//*[@id=\"__button396\"]"}
RESULT: {"using":"xpath","value":"//*[@id=\"__button396\"]"}
COMMAND: POST /session/0b442ebc8f096c4bfeb5c66a52851a3f/elements - {"using":"xpath","value":"//*[@id=\"__button396\"]"}
RESULT: {"using":"xpath","value":"//*[@id=\"__button396\"]"}
COMMAND: POST /session/0b442ebc8f096c4bfeb5c66a52851a3f/elements - {"using":"xpath","value":"//*[@id=\"__button396\"]"}
RESULT: {"using":"xpath","value":"//*[@id=\"__button396\"]"}
COMMAND: POST /session/0b442ebc8f096c4bfeb5c66a52851a3f/elements - {"using":"xpath","value":"//*[@id=\"__button396\"]"}
RESULT: {"using":"xpath","value":"//*[@id=\"__button396\"]"}
COMMAND: POST /session/0b442ebc8f096c4bfeb5c66a52851a3f/elements - {"using":"xpath","value":"//*[@id=\"__button396\"]"}
RESULT: {"using":"xpath","value":"//*[@id=\"__button396\"]"}
COMMAND: POST /session/0b442ebc8f096c4bfeb5c66a52851a3f/elements - {"using":"xpath","value":"//*[@id=\"__button396\"]"}
RESULT: {"using":"xpath","value":"//*[@id=\"__button396\"]"}
COMMAND: POST /session/0b442ebc8f096c4bfeb5c66a52851a3f/elements - {"using":"xpath","value":"//*[@id=\"__button396\"]"}
RESULT: {"using":"xpath","value":"//*[@id=\"__button396\"]"}
COMMAND: POST /session/0b442ebc8f096c4bfeb5c66a52851a3f/elements - {"using":"xpath","value":"//*[@id=\"__button396\"]"}
RESULT: {"using":"xpath","value":"//*[@id=\"__button396\"]"}
COMMAND: POST /session/0b442ebc8f096c4bfeb5c66a52851a3f/elements - {"using":"xpath","value":"//*[@id=\"__button396\"]"}
RESULT: {"using":"xpath","value":"//*[@id=\"__button396\"]"}
COMMAND: POST /session/0b442ebc8f096c4bfeb5c66a52851a3f/elements - {"using":"xpath","value":"//*[@id=\"__button396\"]"}
RESULT: {"using":"xpath","value":"//*[@id=\"__button396\"]"}
COMMAND: POST /session/0b442ebc8f096c4bfeb5c66a52851a3f/elements - {"using":"xpath","value":"//*[@id=\"__button396\"]"}
RESULT: {"using":"xpath","value":"//*[@id=\"__button396\"]"}
COMMAND: POST /session/0b442ebc8f096c4bfeb5c66a52851a3f/elements - {"using":"xpath","value":"//*[@id=\"__button396\"]"}
RESULT: {"using":"xpath","value":"//*[@id=\"__button396\"]"}
COMMAND: POST /session/0b442ebc8f096c4bfeb5c66a52851a3f/elements - {"using":"xpath","value":"//*[@id=\"__button396\"]"}
RESULT: {"using":"xpath","value":"//*[@id=\"__button396\"]"}
COMMAND: POST /session/0b442ebc8f096c4bfeb5c66a52851a3f/elements - {"using":"xpath","value":"//*[@id=\"__button396\"]"}
RESULT: {"using":"xpath","value":"//*[@id=\"__button396\"]"}
COMMAND: POST /session/0b442ebc8f096c4bfeb5c66a52851a3f/elements - {"using":"xpath","value":"//*[@id=\"__button396\"]"}
RESULT: {"using":"xpath","value":"//*[@id=\"__button396\"]"}
COMMAND: POST /session/0b442ebc8f096c4bfeb5c66a52851a3f/elements - {"using":"xpath","value":"//*[@id=\"__button396\"]"}
RESULT: {"using":"xpath","value":"//*[@id=\"__button396\"]"}
COMMAND: POST /session/0b442ebc8f096c4bfeb5c66a52851a3f/elements - {"using":"xpath","value":"//*[@id=\"__button396\"]"}
RESULT: {"using":"xpath","value":"//*[@id=\"__button396\"]"}
COMMAND: POST /session/0b442ebc8f096c4bfeb5c66a52851a3f/elements - {"using":"xpath","value":"//*[@id=\"__button396\"]"}
RESULT: {"using":"xpath","value":"//*[@id=\"__button396\"]"}
COMMAND: POST /session/0b442ebc8f096c4bfeb5c66a52851a3f/elements - {"using":"xpath","value":"//*[@id=\"__button396\"]"}
RESULT: {"using":"xpath","value":"//*[@id=\"__button396\"]"}
COMMAND: POST /session/0b442ebc8f096c4bfeb5c66a52851a3f/elements - {"using":"xpath","value":"//*[@id=\"__button396\"]"}
RESULT: {"using":"xpath","value":"//*[@id=\"__button396\"]"}
COMMAND: POST /session/0b442ebc8f096c4bfeb5c66a52851a3f/elements - {"using":"xpath","value":"//*[@id=\"__button396\"]"}
RESULT: {"using":"xpath","value":"//*[@id=\"__button396\"]"}
COMMAND: POST /session/0b442ebc8f096c4bfeb5c66a52851a3f/elements - {"using":"xpath","value":"//*[@id=\"__button396\"]"}
RESULT: {"using":"xpath","value":"//*[@id=\"__button396\"]"}
COMMAND: POST /session/0b442ebc8f096c4bfeb5c66a52851a3f/elements - {"using":"xpath","value":"//*[@id=\"__button396\"]"}
RESULT: {"using":"xpath","value":"//*[@id=\"__button396\"]"}
COMMAND: POST /session/0b442ebc8f096c4bfeb5c66a52851a3f/elements - {"using":"xpath","value":"//*[@id=\"__button396\"]"}
RESULT: {"using":"xpath","value":"//*[@id=\"__button396\"]"}
COMMAND: POST /session/0b442ebc8f096c4bfeb5c66a52851a3f/elements - {"using":"xpath","value":"//*[@id=\"__button396\"]"}
RESULT: {"using":"xpath","value":"//*[@id=\"__button396\"]"}
COMMAND: POST /session/0b442ebc8f096c4bfeb5c66a52851a3f/elements - {"using":"xpath","value":"//*[@id=\"__button396\"]"}
RESULT: {"using":"xpath","value":"//*[@id=\"__button396\"]"}
COMMAND: POST /session/0b442ebc8f096c4bfeb5c66a52851a3f/elements - {"using":"xpath","value":"//*[@id=\"__button396\"]"}
RESULT: {"using":"xpath","value":"//*[@id=\"__button396\"]"}
COMMAND: POST /session/0b442ebc8f096c4bfeb5c66a52851a3f/elements - {"using":"xpath","value":"//*[@id=\"__button396\"]"}
RESULT: {"using":"xpath","value":"//*[@id=\"__button396\"]"}
COMMAND: POST /session/0b442ebc8f096c4bfeb5c66a52851a3f/elements - {"using":"xpath","value":"//*[@id=\"__button396\"]"}
RESULT: {"using":"xpath","value":"//*[@id=\"__button396\"]"}
COMMAND: POST /session/0b442ebc8f096c4bfeb5c66a52851a3f/elements - {"using":"xpath","value":"//*[@id=\"__button396\"]"}
RESULT: {"using":"xpath","value":"//*[@id=\"__button396\"]"}
COMMAND: POST /session/0b442ebc8f096c4bfeb5c66a52851a3f/elements - {"using":"xpath","value":"//*[@id=\"__button396\"]"}
RESULT: {"using":"xpath","value":"//*[@id=\"__button396\"]"}
COMMAND: POST /session/0b442ebc8f096c4bfeb5c66a52851a3f/elements - {"using":"xpath","value":"//*[@id=\"__button396\"]"}
RESULT: {"using":"xpath","value":"//*[@id=\"__button396\"]"}
COMMAND: POST /session/0b442ebc8f096c4bfeb5c66a52851a3f/elements - {"using":"xpath","value":"//*[@id=\"__button396\"]"}
RESULT: {"using":"xpath","value":"//*[@id=\"__button396\"]"}
COMMAND: POST /session/0b442ebc8f096c4bfeb5c66a52851a3f/elements - {"using":"xpath","value":"//*[@id=\"__button396\"]"}
RESULT: {"using":"xpath","value":"//*[@id=\"__button396\"]"}
COMMAND: POST /session/0b442ebc8f096c4bfeb5c66a52851a3f/elements - {"using":"xpath","value":"//*[@id=\"__button396\"]"}
RESULT: {"using":"xpath","value":"//*[@id=\"__button396\"]"}
COMMAND: POST /session/0b442ebc8f096c4bfeb5c66a52851a3f/elements - {"using":"xpath","value":"//*[@id=\"__button396\"]"}
RESULT: {"using":"xpath","value":"//*[@id=\"__button396\"]"}
COMMAND: POST /session/0b442ebc8f096c4bfeb5c66a52851a3f/elements - {"using":"xpath","value":"//*[@id=\"__button396\"]"}
RESULT: {"using":"xpath","value":"//*[@id=\"__button396\"]"}
COMMAND: POST /session/0b442ebc8f096c4bfeb5c66a52851a3f/elements - {"using":"xpath","value":"//*[@id=\"__button396\"]"}
RESULT: {"using":"xpath","value":"//*[@id=\"__button396\"]"}
COMMAND: POST /session/0b442ebc8f096c4bfeb5c66a52851a3f/elements - {"using":"xpath","value":"//*[@id=\"__button396\"]"}
RESULT: {"using":"xpath","value":"//*[@id=\"__button396\"]"}
COMMAND: POST /session/0b442ebc8f096c4bfeb5c66a52851a3f/elements - {"using":"xpath","value":"//*[@id=\"__button396\"]"}
RESULT: {"using":"xpath","value":"//*[@id=\"__button396\"]"}
COMMAND: POST /session/0b442ebc8f096c4bfeb5c66a52851a3f/elements - {"using":"xpath","value":"//*[@id=\"__button396\"]"}
RESULT: {"using":"xpath","value":"//*[@id=\"__button396\"]"}
COMMAND: POST /session/0b442ebc8f096c4bfeb5c66a52851a3f/elements - {"using":"xpath","value":"//*[@id=\"__button396\"]"}
RESULT: {"using":"xpath","value":"//*[@id=\"__button396\"]"}
COMMAND: POST /session/0b442ebc8f096c4bfeb5c66a52851a3f/elements - {"using":"xpath","value":"//*[@id=\"__button396\"]"}
RESULT: {"using":"xpath","value":"//*[@id=\"__button396\"]"}
COMMAND: POST /session/0b442ebc8f096c4bfeb5c66a52851a3f/elements - {"using":"xpath","value":"//*[@id=\"__button396\"]"}
RESULT: {"using":"xpath","value":"//*[@id=\"__button396\"]"}
COMMAND: POST /session/0b442ebc8f096c4bfeb5c66a52851a3f/elements - {"using":"xpath","value":"//*[@id=\"__button396\"]"}
RESULT: {"using":"xpath","value":"//*[@id=\"__button396\"]"}
COMMAND: POST /session/0b442ebc8f096c4bfeb5c66a52851a3f/elements - {"using":"xpath","value":"//*[@id=\"__button396\"]"}
RESULT: {"using":"xpath","value":"//*[@id=\"__button396\"]"}
COMMAND: POST /session/0b442ebc8f096c4bfeb5c66a52851a3f/elements - {"using":"xpath","value":"//*[@id=\"__button396\"]"}
RESULT: {"using":"xpath","value":"//*[@id=\"__button396\"]"}
COMMAND: POST /session/0b442ebc8f096c4bfeb5c66a52851a3f/elements - {"using":"xpath","value":"//*[@id=\"__button396\"]"}
RESULT: {"using":"xpath","value":"//*[@id=\"__button396\"]"}
COMMAND: POST /session/0b442ebc8f096c4bfeb5c66a52851a3f/elements - {"using":"xpath","value":"//*[@id=\"__button396\"]"}
RESULT: {"using":"xpath","value":"//*[@id=\"__button396\"]"}
COMMAND: POST /session/0b442ebc8f096c4bfeb5c66a52851a3f/elements - {"using":"xpath","value":"//*[@id=\"__button396\"]"}
RESULT: {"using":"xpath","value":"//*[@id=\"__button396\"]"}
COMMAND: POST /session/0b442ebc8f096c4bfeb5c66a52851a3f/elements - {"using":"xpath","value":"//*[@id=\"__button396\"]"}
RESULT: {"using":"xpath","value":"//*[@id=\"__button396\"]"}
COMMAND: POST /session/0b442ebc8f096c4bfeb5c66a52851a3f/elements - {"using":"xpath","value":"//*[@id=\"__button396\"]"}
RESULT: {"using":"xpath","value":"//*[@id=\"__button396\"]"}
COMMAND: POST /session/0b442ebc8f096c4bfeb5c66a52851a3f/elements - {"using":"xpath","value":"//*[@id=\"__button396\"]"}
RESULT: {"using":"xpath","value":"//*[@id=\"__button396\"]"}
COMMAND: POST /session/0b442ebc8f096c4bfeb5c66a52851a3f/elements - {"using":"xpath","value":"//*[@id=\"__button396\"]"}
RESULT: {"using":"xpath","value":"//*[@id=\"__button396\"]"}
COMMAND: POST /session/0b442ebc8f096c4bfeb5c66a52851a3f/elements - {"using":"xpath","value":"//*[@id=\"__button396\"]"}
RESULT: {"using":"xpath","value":"//*[@id=\"__button396\"]"}
COMMAND: POST /session/0b442ebc8f096c4bfeb5c66a52851a3f/elements - {"using":"xpath","value":"//*[@id=\"__button396\"]"}
RESULT: {"using":"xpath","value":"//*[@id=\"__button396\"]"}
COMMAND: POST /session/0b442ebc8f096c4bfeb5c66a52851a3f/elements - {"using":"xpath","value":"//*[@id=\"__button396\"]"}
RESULT: {"using":"xpath","value":"//*[@id=\"__button396\"]"}
COMMAND: POST /session/0b442ebc8f096c4bfeb5c66a52851a3f/elements - {"using":"xpath","value":"//*[@id=\"__button396\"]"}
RESULT: {"using":"xpath","value":"//*[@id=\"__button396\"]"}
COMMAND: POST /session/0b442ebc8f096c4bfeb5c66a52851a3f/elements - {"using":"xpath","value":"//*[@id=\"__button396\"]"}
RESULT: {"using":"xpath","value":"//*[@id=\"__button396\"]"}
COMMAND: POST /session/0b442ebc8f096c4bfeb5c66a52851a3f/elements - {"using":"xpath","value":"//*[@id=\"__button396\"]"}
RESULT: {"using":"xpath","value":"//*[@id=\"__button396\"]"}
COMMAND: POST /session/0b442ebc8f096c4bfeb5c66a52851a3f/elements - {"using":"xpath","value":"//*[@id=\"__button396\"]"}
RESULT: {"using":"xpath","value":"//*[@id=\"__button396\"]"}
COMMAND: POST /session/0b442ebc8f096c4bfeb5c66a52851a3f/elements - {"using":"xpath","value":"//*[@id=\"__button396\"]"}
RESULT: {"using":"xpath","value":"//*[@id=\"__button396\"]"}
COMMAND: POST /session/0b442ebc8f096c4bfeb5c66a52851a3f/elements - {"using":"xpath","value":"//*[@id=\"__button396\"]"}
RESULT: {"using":"xpath","value":"//*[@id=\"__button396\"]"}
COMMAND: POST /session/0b442ebc8f096c4bfeb5c66a52851a3f/elements - {"using":"xpath","value":"//*[@id=\"__button396\"]"}
RESULT: {"using":"xpath","value":"//*[@id=\"__button396\"]"}
COMMAND: POST /session/0b442ebc8f096c4bfeb5c66a52851a3f/elements - {"using":"xpath","value":"//*[@id=\"__button396\"]"}
RESULT: {"using":"xpath","value":"//*[@id=\"__button396\"]"}
COMMAND: POST /session/0b442ebc8f096c4bfeb5c66a52851a3f/elements - {"using":"xpath","value":"//*[@id=\"__button396\"]"}
RESULT: {"using":"xpath","value":"//*[@id=\"__button396\"]"}
COMMAND: POST /session/0b442ebc8f096c4bfeb5c66a52851a3f/elements - {"using":"xpath","value":"//*[@id=\"__button396\"]"}
RESULT: {"using":"xpath","value":"//*[@id=\"__button396\"]"}
COMMAND: POST /session/0b442ebc8f096c4bfeb5c66a52851a3f/elements - {"using":"xpath","value":"//*[@id=\"__button396\"]"}
RESULT: {"using":"xpath","value":"//*[@id=\"__button396\"]"}
COMMAND: POST /session/0b442ebc8f096c4bfeb5c66a52851a3f/elements - {"using":"xpath","value":"//*[@id=\"__button396\"]"}
RESULT: {"using":"xpath","value":"//*[@id=\"__button396\"]"}
COMMAND: POST /session/0b442ebc8f096c4bfeb5c66a52851a3f/elements - {"using":"xpath","value":"//*[@id=\"__button396\"]"}
RESULT: {"using":"xpath","value":"//*[@id=\"__button396\"]"}
COMMAND: POST /session/0b442ebc8f096c4bfeb5c66a52851a3f/elements - {"using":"xpath","value":"//*[@id=\"__button396\"]"}
RESULT: {"using":"xpath","value":"//*[@id=\"__button396\"]"}
COMMAND: POST /session/0b442ebc8f096c4bfeb5c66a52851a3f/elements - {"using":"xpath","value":"//*[@id=\"__button396\"]"}
RESULT: {"using":"xpath","value":"//*[@id=\"__button396\"]"}
COMMAND: POST /session/0b442ebc8f096c4bfeb5c66a52851a3f/elements - {"using":"xpath","value":"//*[@id=\"__button396\"]"}
RESULT: {"using":"xpath","value":"//*[@id=\"__button396\"]"}
COMMAND: POST /session/0b442ebc8f096c4bfeb5c66a52851a3f/elements - {"using":"xpath","value":"//*[@id=\"__button396\"]"}
RESULT: {"using":"xpath","value":"//*[@id=\"__button396\"]"}
COMMAND: POST /session/0b442ebc8f096c4bfeb5c66a52851a3f/elements - {"using":"xpath","value":"//*[@id=\"__button396\"]"}
RESULT: {"using":"xpath","value":"//*[@id=\"__button396\"]"}
COMMAND: POST /session/0b442ebc8f096c4bfeb5c66a52851a3f/elements - {"using":"xpath","value":"//*[@id=\"__button396\"]"}
RESULT: {"using":"xpath","value":"//*[@id=\"__button396\"]"}
COMMAND: POST /session/0b442ebc8f096c4bfeb5c66a52851a3f/elements - {"using":"xpath","value":"//*[@id=\"__button396\"]"}
RESULT: {"using":"xpath","value":"//*[@id=\"__button396\"]"}
COMMAND: POST /session/0b442ebc8f096c4bfeb5c66a52851a3f/elements - {"using":"xpath","value":"//*[@id=\"__button396\"]"}
RESULT: {"using":"xpath","value":"//*[@id=\"__button396\"]"}
COMMAND: POST /session/0b442ebc8f096c4bfeb5c66a52851a3f/elements - {"using":"xpath","value":"//*[@id=\"__button396\"]"}
RESULT: {"using":"xpath","value":"//*[@id=\"__button396\"]"}
COMMAND: POST /session/0b442ebc8f096c4bfeb5c66a52851a3f/elements - {"using":"xpath","value":"//*[@id=\"__button396\"]"}
RESULT: {"using":"xpath","value":"//*[@id=\"__button396\"]"}
COMMAND: POST /session/0b442ebc8f096c4bfeb5c66a52851a3f/elements - {"using":"xpath","value":"//*[@id=\"__button396\"]"}
RESULT: {"using":"xpath","value":"//*[@id=\"__button396\"]"}
COMMAND: POST /session/0b442ebc8f096c4bfeb5c66a52851a3f/elements - {"using":"xpath","value":"//*[@id=\"__button396\"]"}
RESULT: {"using":"xpath","value":"//*[@id=\"__button396\"]"}
COMMAND: POST /session/0b442ebc8f096c4bfeb5c66a52851a3f/elements - {"using":"xpath","value":"//*[@id=\"__button396\"]"}
RESULT: {"using":"xpath","value":"//*[@id=\"__button396\"]"}
COMMAND: POST /session/0b442ebc8f096c4bfeb5c66a52851a3f/elements - {"using":"xpath","value":"//*[@id=\"__button396\"]"}
RESULT: {"using":"xpath","value":"//*[@id=\"__button396\"]"}
COMMAND: POST /session/0b442ebc8f096c4bfeb5c66a52851a3f/elements - {"using":"xpath","value":"//*[@id=\"__button396\"]"}
RESULT: {"using":"xpath","value":"//*[@id=\"__button396\"]"}
COMMAND: POST /session/0b442ebc8f096c4bfeb5c66a52851a3f/elements - {"using":"xpath","value":"//*[@id=\"__button396\"]"}
RESULT: {"using":"xpath","value":"//*[@id=\"__button396\"]"}
COMMAND: POST /session/0b442ebc8f096c4bfeb5c66a52851a3f/elements - {"using":"xpath","value":"//*[@id=\"__button396\"]"}
RESULT: {"using":"xpath","value":"//*[@id=\"__button396\"]"}
COMMAND: POST /session/0b442ebc8f096c4bfeb5c66a52851a3f/elements - {"using":"xpath","value":"//*[@id=\"__button396\"]"}
RESULT: {"using":"xpath","value":"//*[@id=\"__button396\"]"}
COMMAND: POST /session/0b442ebc8f096c4bfeb5c66a52851a3f/elements - {"using":"xpath","value":"//*[@id=\"__button396\"]"}
COMMAND: POST /session/0b442ebc8f096c4bfeb5c66a52851a3f/element - {"using":"css selector","value":"#shell-header-logo"}
RESULT: {"using":"xpath","value":"//*[@id=\"__button396\"]"}
RESULT: {"using":"css selector","value":"#shell-header-logo"}
COMMAND: POST /session/0b442ebc8f096c4bfeb5c66a52851a3f/execute/sync - {"script":"<script> [8489 bytes]","args":[{"element-6066-11e4-a52e-4f735466cecf":"f.9CA8B20795E6D08D18CCAFF067F35E12.d.AA17488BE5A2C017E2D411ABF7963BEA.e.18107","ELEMENT":"f.9CA8B20795E6D08D18CCAFF067F35E12.d.AA17488BE5A2C017E2D411ABF7963BEA.e.18107"}]}
RESULT: {"script":"<script> [8489 bytes]","args":[{"element-6066-11e4-a52e-4f735466cecf":"f.9CA8B20795E6D08D18CCAFF067F35E12.d.AA17488BE5A2C017E2D411ABF7963BEA.e.18107","ELEMENT":"f.9CA8B20795E6D08D18CCAFF067F35E12.d.AA17488BE5A2C017E2D411ABF7963BEA.e.18107"}]}
COMMAND: POST /session/0b442ebc8f096c4bfeb5c66a52851a3f/execute/sync - {"script":"<script> [5351 bytes]","args":[{"element-6066-11e4-a52e-4f735466cecf":"f.9CA8B20795E6D08D18CCAFF067F35E12.d.AA17488BE5A2C017E2D411ABF7963BEA.e.18107","ELEMENT":"f.9CA8B20795E6D08D18CCAFF067F35E12.d.AA17488BE5A2C017E2D411ABF7963BEA.e.18107"}]}
COMMAND: GET /session/0b442ebc8f096c4bfeb5c66a52851a3f/screenshot - {}
RESULT: {"script":"<script> [5351 bytes]","args":[{"element-6066-11e4-a52e-4f735466cecf":"f.9CA8B20795E6D08D18CCAFF067F35E12.d.AA17488BE5A2C017E2D411ABF7963BEA.e.18107","ELEMENT":"f.9CA8B20795E6D08D18CCAFF067F35E12.d.AA17488BE5A2C017E2D411ABF7963BEA.e.18107"}]}
COMMAND: POST /session/0b442ebc8f096c4bfeb5c66a52851a3f/element/f.9CA8B20795E6D08D18CCAFF067F35E12.d.AA17488BE5A2C017E2D411ABF7963BEA.e.18107/click - {}
COMMAND: GET /session/0b442ebc8f096c4bfeb5c66a52851a3f/screenshot - {}
RESULT: {}
RESULT: {}
COMMAND: GET /session/0b442ebc8f096c4bfeb5c66a52851a3f/screenshot - {}
]]></system-out>
    </testcase>
    <testcase classname="chrome.135_0_7049_96.windows.Performance_based_billing_(work_days)_US139742" name="Should go to Manage Billings and trigger calculation check the conditions applied" time="65.917">
      <system-out><![CDATA[
COMMAND: POST /session/0b442ebc8f096c4bfeb5c66a52851a3f/execute/async - {"script":"<script> [1562 bytes]","args":[{"selector":{"controlType":"sap.m.GenericTile","properties":{"header":"Manage Billings"}},"wdio_ui5_key":"sapm.GenericTile{\"header\":\"Manage Billings\"}"}]}
RESULT: {}
RESULT: {"script":"<script> [1562 bytes]","args":[{"selector":{"controlType":"sap.m.GenericTile","properties":{"header":"Manage Billings"}},"wdio_ui5_key":"sapm.GenericTile{\"header\":\"Manage Billings\"}"}]}
RESULT: undefined
COMMAND: POST /session/0b442ebc8f096c4bfeb5c66a52851a3f/element - {"using":"xpath","value":"//*[@id=\"__tile51\"]"}
RESULT: {}
RESULT: {"using":"xpath","value":"//*[@id=\"__tile51\"]"}
COMMAND: POST /session/0b442ebc8f096c4bfeb5c66a52851a3f/element/f.9CA8B20795E6D08D18CCAFF067F35E12.d.AA17488BE5A2C017E2D411ABF7963BEA.e.14284/click - {}
RESULT: {}
COMMAND: GET /session/0b442ebc8f096c4bfeb5c66a52851a3f/screenshot - {}
RESULT: {}
COMMAND: POST /session/0b442ebc8f096c4bfeb5c66a52851a3f/execute/async - {"script":"<script> [1562 bytes]","args":[{"selector":{"id":"application-managebillings-display-component---billRunCalcResult--smartFilterBar-btnBasicSearch","interaction":{"idSuffix":"I"}},"wdio_ui5_key":"applicationmanagebillings-display-component---billRunCalcResult--smartFilterBar-btnBasicSearch"}]}
RESULT: {"script":"<script> [1562 bytes]","args":[{"selector":{"id":"application-managebillings-display-component---billRunCalcResult--smartFilterBar-btnBasicSearch","interaction":{"idSuffix":"I"}},"wdio_ui5_key":"applicationmanagebillings-display-component---billRunCalcResult--smartFilterBar-btnBasicSearch"}]}
RESULT: undefined
COMMAND: POST /session/0b442ebc8f096c4bfeb5c66a52851a3f/execute/async - {"script":"<script> [776 bytes]","args":[{"enterText":"10574","selector":{"id":"application-managebillings-display-component---billRunCalcResult--smartFilterBar-btnBasicSearch","interaction":{"idSuffix":"I"}},"clearTextFirst":true,"interactionType":"ENTER_TEXT"}]}
RESULT: {"script":"<script> [776 bytes]","args":[{"enterText":"10574","selector":{"id":"application-managebillings-display-component---billRunCalcResult--smartFilterBar-btnBasicSearch","interaction":{"idSuffix":"I"}},"clearTextFirst":true,"interactionType":"ENTER_TEXT"}]}
COMMAND: POST /session/0b442ebc8f096c4bfeb5c66a52851a3f/actions - {"actions":[{"id":"action64","type":"key","parameters":{},"actions":[{"type":"keyDown","value":"î€‡"},{"type":"pause","duration":10},{"type":"keyUp","value":"î€‡"}]}]}
RESULT: {"actions":[{"id":"action64","type":"key","parameters":{},"actions":[{"type":"keyDown","value":"î€‡"},{"type":"pause","duration":10},{"type":"keyUp","value":"î€‡"}]}]}
COMMAND: GET /session/0b442ebc8f096c4bfeb5c66a52851a3f/screenshot - {}
RESULT: {}
COMMAND: POST /session/0b442ebc8f096c4bfeb5c66a52851a3f/element - {"using":"xpath","value":"//td[@aria-colindex=\"1\"]/div/div[contains(@class, \"sapMCbBg\")]"}
RESULT: {"using":"xpath","value":"//td[@aria-colindex=\"1\"]/div/div[contains(@class, \"sapMCbBg\")]"}
COMMAND: POST /session/0b442ebc8f096c4bfeb5c66a52851a3f/element/f.9CA8B20795E6D08D18CCAFF067F35E12.d.AA17488BE5A2C017E2D411ABF7963BEA.e.18508/click - {}
RESULT: {}
COMMAND: GET /session/0b442ebc8f096c4bfeb5c66a52851a3f/screenshot - {}
RESULT: {}
COMMAND: POST /session/0b442ebc8f096c4bfeb5c66a52851a3f/execute/async - {"script":"<script> [1562 bytes]","args":[{"selector":{"id":"application-managebillings-display-component---billRunCalcResult--contractBillRunDate","interaction":{"idSuffix":"inner"}},"wdio_ui5_key":"applicationmanagebillings-display-component---billRunCalcResult--contractBillRunDate"}]}
RESULT: {"script":"<script> [1562 bytes]","args":[{"selector":{"id":"application-managebillings-display-component---billRunCalcResult--contractBillRunDate","interaction":{"idSuffix":"inner"}},"wdio_ui5_key":"applicationmanagebillings-display-component---billRunCalcResult--contractBillRunDate"}]}
RESULT: undefined
COMMAND: POST /session/0b442ebc8f096c4bfeb5c66a52851a3f/execute/async - {"script":"<script> [776 bytes]","args":[{"enterText":"06/06/25","selector":{"id":"application-managebillings-display-component---billRunCalcResult--contractBillRunDate","interaction":{"idSuffix":"inner"}},"clearTextFirst":true,"interactionType":"ENTER_TEXT"}]}
RESULT: {"script":"<script> [776 bytes]","args":[{"enterText":"06/06/25","selector":{"id":"application-managebillings-display-component---billRunCalcResult--contractBillRunDate","interaction":{"idSuffix":"inner"}},"clearTextFirst":true,"interactionType":"ENTER_TEXT"}]}
COMMAND: POST /session/0b442ebc8f096c4bfeb5c66a52851a3f/element - {"using":"xpath","value":"//bdi[contains(text(), \"Trigger Calculation\")]"}
RESULT: {"using":"xpath","value":"//bdi[contains(text(), \"Trigger Calculation\")]"}
COMMAND: POST /session/0b442ebc8f096c4bfeb5c66a52851a3f/element/f.9CA8B20795E6D08D18CCAFF067F35E12.d.AA17488BE5A2C017E2D411ABF7963BEA.e.18559/click - {}
RESULT: {}
COMMAND: GET /session/0b442ebc8f096c4bfeb5c66a52851a3f/screenshot - {}
RESULT: {}
COMMAND: POST /session/0b442ebc8f096c4bfeb5c66a52851a3f/element - {"using":"xpath","value":"(//span[contains(@id, \"imgNav\")])[1]"}
RESULT: {"using":"xpath","value":"(//span[contains(@id, \"imgNav\")])[1]"}
COMMAND: POST /session/0b442ebc8f096c4bfeb5c66a52851a3f/element/f.9CA8B20795E6D08D18CCAFF067F35E12.d.AA17488BE5A2C017E2D411ABF7963BEA.e.18509/click - {}
RESULT: {}
COMMAND: GET /session/0b442ebc8f096c4bfeb5c66a52851a3f/screenshot - {}
RESULT: {}
COMMAND: POST /session/0b442ebc8f096c4bfeb5c66a52851a3f/element - {"using":"xpath","value":"//tr/td[6]/div[1]/span[1]/span[1]"}
RESULT: {"using":"xpath","value":"//tr/td[6]/div[1]/span[1]/span[1]"}
COMMAND: GET /session/0b442ebc8f096c4bfeb5c66a52851a3f/element/f.9CA8B20795E6D08D18CCAFF067F35E12.d.AA17488BE5A2C017E2D411ABF7963BEA.e.18564/text - {}
RESULT: {}
COMMAND: POST /session/0b442ebc8f096c4bfeb5c66a52851a3f/element - {"using":"xpath","value":"(//span[contains(@id, \"imgNav\")])[2]"}
RESULT: {"using":"xpath","value":"(//span[contains(@id, \"imgNav\")])[2]"}
COMMAND: POST /session/0b442ebc8f096c4bfeb5c66a52851a3f/element/f.9CA8B20795E6D08D18CCAFF067F35E12.d.AA17488BE5A2C017E2D411ABF7963BEA.e.18565/click - {}
RESULT: {}
COMMAND: POST /session/0b442ebc8f096c4bfeb5c66a52851a3f/element - {"using":"xpath","value":"//bdi[contains(text(), \"Business Confirm\")]"}
COMMAND: GET /session/0b442ebc8f096c4bfeb5c66a52851a3f/screenshot - {}
RESULT: {"using":"xpath","value":"//bdi[contains(text(), \"Business Confirm\")]"}
COMMAND: POST /session/0b442ebc8f096c4bfeb5c66a52851a3f/elements - {"using":"xpath","value":"//bdi[contains(text(), \"Business Confirm\")]"}
RESULT: {}
RESULT: {"using":"xpath","value":"//bdi[contains(text(), \"Business Confirm\")]"}
COMMAND: POST /session/0b442ebc8f096c4bfeb5c66a52851a3f/elements - {"using":"xpath","value":"//bdi[contains(text(), \"Business Confirm\")]"}
RESULT: {"using":"xpath","value":"//bdi[contains(text(), \"Business Confirm\")]"}
COMMAND: POST /session/0b442ebc8f096c4bfeb5c66a52851a3f/element - {"using":"xpath","value":"//bdi[contains(text(), \"Business Confirm\")]"}
RESULT: {"using":"xpath","value":"//bdi[contains(text(), \"Business Confirm\")]"}
COMMAND: POST /session/0b442ebc8f096c4bfeb5c66a52851a3f/element/f.9CA8B20795E6D08D18CCAFF067F35E12.d.AA17488BE5A2C017E2D411ABF7963BEA.e.18567/click - {}
RESULT: {}
COMMAND: POST /session/0b442ebc8f096c4bfeb5c66a52851a3f/element - {"using":"css selector","value":"#shell-header-logo"}
COMMAND: GET /session/0b442ebc8f096c4bfeb5c66a52851a3f/screenshot - {}
RESULT: {"using":"css selector","value":"#shell-header-logo"}
COMMAND: POST /session/0b442ebc8f096c4bfeb5c66a52851a3f/element/f.9CA8B20795E6D08D18CCAFF067F35E12.d.AA17488BE5A2C017E2D411ABF7963BEA.e.18297/click - {}
RESULT: {}
RESULT: {}
COMMAND: GET /session/0b442ebc8f096c4bfeb5c66a52851a3f/screenshot - {}
RESULT: {}
COMMAND: POST /session/0b442ebc8f096c4bfeb5c66a52851a3f/element - {"using":"css selector","value":"#j_username"}
COMMAND: POST /session/0b442ebc8f096c4bfeb5c66a52851a3f/url - {"url":"https://qa-testing-00-live-etm-ui.cfapps.eu10-004.hana.ondemand.com/"}
RESULT: {"using":"css selector","value":"#j_username"}
COMMAND: POST /session/0b442ebc8f096c4bfeb5c66a52851a3f/element - {"using":"css selector","value":"#j_username"}
RESULT: {"url":"https://qa-testing-00-live-etm-ui.cfapps.eu10-004.hana.ondemand.com/"}
RESULT: undefined
COMMAND: GET /session/0b442ebc8f096c4bfeb5c66a52851a3f/screenshot - {}
RESULT: {"using":"css selector","value":"#j_username"}
COMMAND: POST /session/0b442ebc8f096c4bfeb5c66a52851a3f/element - {"using":"css selector","value":"#shell-header-logo"}
RESULT: {}
RESULT: {"using":"css selector","value":"#shell-header-logo"}
COMMAND: POST /session/0b442ebc8f096c4bfeb5c66a52851a3f/execute/sync - {"script":"<script> [8489 bytes]","args":[{"element-6066-11e4-a52e-4f735466cecf":"f.9CA8B20795E6D08D18CCAFF067F35E12.d.410EE68725AAC72AF3D71C7B6480F1BA.e.18650","ELEMENT":"f.9CA8B20795E6D08D18CCAFF067F35E12.d.410EE68725AAC72AF3D71C7B6480F1BA.e.18650"}]}
RESULT: {"script":"<script> [8489 bytes]","args":[{"element-6066-11e4-a52e-4f735466cecf":"f.9CA8B20795E6D08D18CCAFF067F35E12.d.410EE68725AAC72AF3D71C7B6480F1BA.e.18650","ELEMENT":"f.9CA8B20795E6D08D18CCAFF067F35E12.d.410EE68725AAC72AF3D71C7B6480F1BA.e.18650"}]}
COMMAND: POST /session/0b442ebc8f096c4bfeb5c66a52851a3f/element - {"using":"css selector","value":"#shell-header-logo"}
COMMAND: GET /session/0b442ebc8f096c4bfeb5c66a52851a3f/screenshot - {}
RESULT: {"using":"css selector","value":"#shell-header-logo"}
COMMAND: POST /session/0b442ebc8f096c4bfeb5c66a52851a3f/execute/sync - {"script":"<script> [8489 bytes]","args":[{"element-6066-11e4-a52e-4f735466cecf":"f.9CA8B20795E6D08D18CCAFF067F35E12.d.410EE68725AAC72AF3D71C7B6480F1BA.e.18650","ELEMENT":"f.9CA8B20795E6D08D18CCAFF067F35E12.d.410EE68725AAC72AF3D71C7B6480F1BA.e.18650"}]}
RESULT: {}
RESULT: {"script":"<script> [8489 bytes]","args":[{"element-6066-11e4-a52e-4f735466cecf":"f.9CA8B20795E6D08D18CCAFF067F35E12.d.410EE68725AAC72AF3D71C7B6480F1BA.e.18650","ELEMENT":"f.9CA8B20795E6D08D18CCAFF067F35E12.d.410EE68725AAC72AF3D71C7B6480F1BA.e.18650"}]}
COMMAND: POST /session/0b442ebc8f096c4bfeb5c66a52851a3f/execute/sync - {"script":"<script> [5351 bytes]","args":[{"element-6066-11e4-a52e-4f735466cecf":"f.9CA8B20795E6D08D18CCAFF067F35E12.d.410EE68725AAC72AF3D71C7B6480F1BA.e.18650","ELEMENT":"f.9CA8B20795E6D08D18CCAFF067F35E12.d.410EE68725AAC72AF3D71C7B6480F1BA.e.18650"}]}
COMMAND: GET /session/0b442ebc8f096c4bfeb5c66a52851a3f/screenshot - {}
RESULT: {"script":"<script> [5351 bytes]","args":[{"element-6066-11e4-a52e-4f735466cecf":"f.9CA8B20795E6D08D18CCAFF067F35E12.d.410EE68725AAC72AF3D71C7B6480F1BA.e.18650","ELEMENT":"f.9CA8B20795E6D08D18CCAFF067F35E12.d.410EE68725AAC72AF3D71C7B6480F1BA.e.18650"}]}
COMMAND: POST /session/0b442ebc8f096c4bfeb5c66a52851a3f/element - {"using":"css selector","value":"#shell-header-logo"}
COMMAND: GET /session/0b442ebc8f096c4bfeb5c66a52851a3f/screenshot - {}
RESULT: {}
RESULT: {"using":"css selector","value":"#shell-header-logo"}
COMMAND: POST /session/0b442ebc8f096c4bfeb5c66a52851a3f/element/f.9CA8B20795E6D08D18CCAFF067F35E12.d.410EE68725AAC72AF3D71C7B6480F1BA.e.18650/click - {}
RESULT: {}
RESULT: {}
COMMAND: GET /session/0b442ebc8f096c4bfeb5c66a52851a3f/screenshot - {}
RESULT: {}
COMMAND: POST /session/0b442ebc8f096c4bfeb5c66a52851a3f/execute/async - {"script":"<script> [189 bytes]","args":[]}
RESULT: {"script":"<script> [189 bytes]","args":[]}
COMMAND: POST /session/0b442ebc8f096c4bfeb5c66a52851a3f/execute/async - {"script":"<script> [123 bytes]","args":[]}
RESULT: {"script":"<script> [123 bytes]","args":[]}
COMMAND: POST /session/0b442ebc8f096c4bfeb5c66a52851a3f/timeouts - {"script":"<number>"}
RESULT: {"script":"<number>"}
COMMAND: GET /session/0b442ebc8f096c4bfeb5c66a52851a3f/timeouts - {}
RESULT: {}
RESULT: undefined
COMMAND: POST /session/0b442ebc8f096c4bfeb5c66a52851a3f/execute/async - {"script":"<script> [2676 bytes]","args":[]}
RESULT: {"script":"<script> [2676 bytes]","args":[]}
COMMAND: POST /session/0b442ebc8f096c4bfeb5c66a52851a3f/execute/async - {"script":"<script> [2342 bytes]","args":[{"protocol":"http","hostname":"0.0.0.0","path":"/","capabilities":{"browserName":"chrome","goog:chromeOptions":{"binary":"C:\\Program Files\\Google\\Chrome\\Application\\chrome.exe","args":["--start-maximized"]}},"logLevel":"warn","connectionRetryTimeout":120000,"connectionRetryCount":3,"logLevels":{},"enableDirectConnect":true,"strictSSL":true,"_":"65 more keys: [\"cacheDir\",\"port\",\"requestedCapabilities\",\"automationProtocol\",\"baseUrl\",\"waitforInterval\",\"waitforTimeout\",\"onReload\",\"beforeCommand\",\"afterCommand\",\"rootDir\",\"specs\",\"suites\",\"exclude\",\"groupLogsByTestSpec\",\"excludeDriverLogs\",\"bail\",\"framework\",\"reporters\",\"services\",\"maxInstances\",\"maxInstancesPerCapability\",\"injectGlobals\",\"filesToWatch\",\"execArgv\",\"runnerEnv\",\"runner\",\"shard\",\"specFileRetries\",\"specFileRetriesDelay\",\"specFileRetriesDeferred\",\"reporterSyncInterval\",\"reporterSyncTimeout\",\"cucumberFeaturesWithLineNumbers\",\"autoCompileOpts\",\"mochaOpts\",\"jasmineOpts\",\"cucumberOpts\",\"onPrepare\",\"onWorkerStart\",\"onWorkerEnd\",\"before\",\"beforeSession\",\"beforeSuite\",\"beforeHook\",\"beforeTest\",\"afterTest\",\"afterHook\",\"afterSuite\",\"afterSession\",\"after\",\"onComplete\",\"beforeAssertion\",\"afterAssertion\",\"beforeFeature\",\"beforeScenario\",\"beforeStep\",\"afterStep\",\"afterScenario\",\"afterFeature\",\"_\",\"suite\",\"$0\",\"ignoredWorkerServices\",\"wdi5\"]"}]}
RESULT: {"script":"<script> [2342 bytes]","args":[{"protocol":"http","hostname":"0.0.0.0","path":"/","capabilities":{"browserName":"chrome","goog:chromeOptions":{"binary":"C:\\Program Files\\Google\\Chrome\\Application\\chrome.exe","args":["--start-maximized"]}},"logLevel":"warn","connectionRetryTimeout":120000,"connectionRetryCount":3,"logLevels":{},"enableDirectConnect":true,"strictSSL":true,"_":"65 more keys: [\"cacheDir\",\"port\",\"requestedCapabilities\",\"automationProtocol\",\"baseUrl\",\"waitforInterval\",\"waitforTimeout\",\"onReload\",\"beforeCommand\",\"afterCommand\",\"rootDir\",\"specs\",\"suites\",\"exclude\",\"groupLogsByTestSpec\",\"excludeDriverLogs\",\"bail\",\"framework\",\"reporters\",\"services\",\"maxInstances\",\"maxInstancesPerCapability\",\"injectGlobals\",\"filesToWatch\",\"execArgv\",\"runnerEnv\",\"runner\",\"shard\",\"specFileRetries\",\"specFileRetriesDelay\",\"specFileRetriesDeferred\",\"reporterSyncInterval\",\"reporterSyncTimeout\",\"cucumberFeaturesWithLineNumbers\",\"autoCompileOpts\",\"mochaOpts\",\"jasmineOpts\",\"cucumberOpts\",\"onPrepare\",\"onWorkerStart\",\"onWorkerEnd\",\"before\",\"beforeSession\",\"beforeSuite\",\"beforeHook\",\"beforeTest\",\"afterTest\",\"afterHook\",\"afterSuite\",\"afterSession\",\"after\",\"onComplete\",\"beforeAssertion\",\"afterAssertion\",\"beforeFeature\",\"beforeScenario\",\"beforeStep\",\"afterStep\",\"afterScenario\",\"afterFeature\",\"_\",\"suite\",\"$0\",\"ignoredWorkerServices\",\"wdi5\"]"}]}
COMMAND: POST /session/0b442ebc8f096c4bfeb5c66a52851a3f/execute/async - {"script":"<script> [21126 bytes]","args":[35000]}
RESULT: {"script":"<script> [21126 bytes]","args":[35000]}
COMMAND: POST /session/0b442ebc8f096c4bfeb5c66a52851a3f/window/maximize - {}
RESULT: {}
COMMAND: POST /session/0b442ebc8f096c4bfeb5c66a52851a3f/execute/async - {"script":"<script> [1562 bytes]","args":[{"selector":{"id":"shell-header","interaction":{"idSuffix":"icon"}},"wdio_ui5_key":"shellheader"}]}
COMMAND: GET /session/0b442ebc8f096c4bfeb5c66a52851a3f/screenshot - {}
RESULT: {"script":"<script> [1562 bytes]","args":[{"selector":{"id":"shell-header","interaction":{"idSuffix":"icon"}},"wdio_ui5_key":"shellheader"}]}
RESULT: undefined
COMMAND: POST /session/0b442ebc8f096c4bfeb5c66a52851a3f/refresh - {}
RESULT: {}
RESULT: {}
COMMAND: GET /session/0b442ebc8f096c4bfeb5c66a52851a3f/screenshot - {}
RESULT: {}
COMMAND: POST /session/0b442ebc8f096c4bfeb5c66a52851a3f/refresh - {}
RESULT: {}
COMMAND: GET /session/0b442ebc8f096c4bfeb5c66a52851a3f/screenshot - {}
RESULT: {}
COMMAND: POST /session/0b442ebc8f096c4bfeb5c66a52851a3f/window/fullscreen - {}
RESULT: {}
COMMAND: POST /session/0b442ebc8f096c4bfeb5c66a52851a3f/execute/async - {"script":"<script> [189 bytes]","args":[]}
RESULT: {"script":"<script> [189 bytes]","args":[]}
COMMAND: POST /session/0b442ebc8f096c4bfeb5c66a52851a3f/execute/async - {"script":"<script> [123 bytes]","args":[]}
RESULT: {"script":"<script> [123 bytes]","args":[]}
COMMAND: POST /session/0b442ebc8f096c4bfeb5c66a52851a3f/timeouts - {"script":"<number>"}
RESULT: {"script":"<number>"}
COMMAND: GET /session/0b442ebc8f096c4bfeb5c66a52851a3f/timeouts - {}
RESULT: {}
RESULT: undefined
COMMAND: POST /session/0b442ebc8f096c4bfeb5c66a52851a3f/execute/async - {"script":"<script> [2676 bytes]","args":[]}
RESULT: {"script":"<script> [2676 bytes]","args":[]}
COMMAND: POST /session/0b442ebc8f096c4bfeb5c66a52851a3f/execute/async - {"script":"<script> [2342 bytes]","args":[{"protocol":"http","hostname":"0.0.0.0","path":"/","capabilities":{"browserName":"chrome","goog:chromeOptions":{"binary":"C:\\Program Files\\Google\\Chrome\\Application\\chrome.exe","args":["--start-maximized"]}},"logLevel":"warn","connectionRetryTimeout":120000,"connectionRetryCount":3,"logLevels":{},"enableDirectConnect":true,"strictSSL":true,"_":"65 more keys: [\"cacheDir\",\"port\",\"requestedCapabilities\",\"automationProtocol\",\"baseUrl\",\"waitforInterval\",\"waitforTimeout\",\"onReload\",\"beforeCommand\",\"afterCommand\",\"rootDir\",\"specs\",\"suites\",\"exclude\",\"groupLogsByTestSpec\",\"excludeDriverLogs\",\"bail\",\"framework\",\"reporters\",\"services\",\"maxInstances\",\"maxInstancesPerCapability\",\"injectGlobals\",\"filesToWatch\",\"execArgv\",\"runnerEnv\",\"runner\",\"shard\",\"specFileRetries\",\"specFileRetriesDelay\",\"specFileRetriesDeferred\",\"reporterSyncInterval\",\"reporterSyncTimeout\",\"cucumberFeaturesWithLineNumbers\",\"autoCompileOpts\",\"mochaOpts\",\"jasmineOpts\",\"cucumberOpts\",\"onPrepare\",\"onWorkerStart\",\"onWorkerEnd\",\"before\",\"beforeSession\",\"beforeSuite\",\"beforeHook\",\"beforeTest\",\"afterTest\",\"afterHook\",\"afterSuite\",\"afterSession\",\"after\",\"onComplete\",\"beforeAssertion\",\"afterAssertion\",\"beforeFeature\",\"beforeScenario\",\"beforeStep\",\"afterStep\",\"afterScenario\",\"afterFeature\",\"_\",\"suite\",\"$0\",\"ignoredWorkerServices\",\"wdi5\"]"}]}
RESULT: {"script":"<script> [2342 bytes]","args":[{"protocol":"http","hostname":"0.0.0.0","path":"/","capabilities":{"browserName":"chrome","goog:chromeOptions":{"binary":"C:\\Program Files\\Google\\Chrome\\Application\\chrome.exe","args":["--start-maximized"]}},"logLevel":"warn","connectionRetryTimeout":120000,"connectionRetryCount":3,"logLevels":{},"enableDirectConnect":true,"strictSSL":true,"_":"65 more keys: [\"cacheDir\",\"port\",\"requestedCapabilities\",\"automationProtocol\",\"baseUrl\",\"waitforInterval\",\"waitforTimeout\",\"onReload\",\"beforeCommand\",\"afterCommand\",\"rootDir\",\"specs\",\"suites\",\"exclude\",\"groupLogsByTestSpec\",\"excludeDriverLogs\",\"bail\",\"framework\",\"reporters\",\"services\",\"maxInstances\",\"maxInstancesPerCapability\",\"injectGlobals\",\"filesToWatch\",\"execArgv\",\"runnerEnv\",\"runner\",\"shard\",\"specFileRetries\",\"specFileRetriesDelay\",\"specFileRetriesDeferred\",\"reporterSyncInterval\",\"reporterSyncTimeout\",\"cucumberFeaturesWithLineNumbers\",\"autoCompileOpts\",\"mochaOpts\",\"jasmineOpts\",\"cucumberOpts\",\"onPrepare\",\"onWorkerStart\",\"onWorkerEnd\",\"before\",\"beforeSession\",\"beforeSuite\",\"beforeHook\",\"beforeTest\",\"afterTest\",\"afterHook\",\"afterSuite\",\"afterSession\",\"after\",\"onComplete\",\"beforeAssertion\",\"afterAssertion\",\"beforeFeature\",\"beforeScenario\",\"beforeStep\",\"afterStep\",\"afterScenario\",\"afterFeature\",\"_\",\"suite\",\"$0\",\"ignoredWorkerServices\",\"wdi5\"]"}]}
COMMAND: POST /session/0b442ebc8f096c4bfeb5c66a52851a3f/execute/async - {"script":"<script> [21126 bytes]","args":[35000]}
RESULT: {"script":"<script> [21126 bytes]","args":[35000]}
]]></system-out>
    </testcase>
  </testsuite>
  <testsuite timestamp="2025-05-06T06:48:45" time="1243.022" tests="20" failures="8" errors="8" skipped="0">
    <properties>
      <property name="specId" value="0" />
      <property name="suiteName" value="Billing Calculation - Time based (considering transport times) US139738" />
      <property name="capabilities" value="chrome.135_0_7049_96.windows" />
      <property name="file" value="file:///D:/a/1/s/test/specs/BTS/billing-calculation-transp-times.spec.js" />
    </properties>
    <testcase classname="chrome.135_0_7049_96.windows.Billing_Calculation_-_Time_based_(considering_transport_times)_US139738" name="Should create a new yard" time="0.039">
      <system-out><![CDATA[
COMMAND: POST /session/0b442ebc8f096c4bfeb5c66a52851a3f/window/fullscreen - {}
RESULT: {}
]]></system-out>
    </testcase>
    <testcase classname="chrome.135_0_7049_96.windows.Billing_Calculation_-_Time_based_(considering_transport_times)_US139738" name="Should create a new partner" time="0.004" />
    <testcase classname="chrome.135_0_7049_96.windows.Billing_Calculation_-_Time_based_(considering_transport_times)_US139738" name="Should create a new site" time="0.004" />
    <testcase classname="chrome.135_0_7049_96.windows.Billing_Calculation_-_Time_based_(considering_transport_times)_US139738" name="Should create the equipment" time="146.84">
      <system-out><![CDATA[
COMMAND: POST /session/0b442ebc8f096c4bfeb5c66a52851a3f/execute/async - {"script":"<script> [1562 bytes]","args":[{"selector":{"controlType":"sap.m.GenericTile","properties":{"header":"Manage Resources"}},"wdio_ui5_key":"sapm.GenericTile{\"header\":\"Manage Resources\"}"}]}
RESULT: {"script":"<script> [1562 bytes]","args":[{"selector":{"controlType":"sap.m.GenericTile","properties":{"header":"Manage Resources"}},"wdio_ui5_key":"sapm.GenericTile{\"header\":\"Manage Resources\"}"}]}
RESULT: undefined
COMMAND: POST /session/0b442ebc8f096c4bfeb5c66a52851a3f/element - {"using":"xpath","value":"//*[@id=\"__tile39\"]"}
RESULT: {"using":"xpath","value":"//*[@id=\"__tile39\"]"}
COMMAND: POST /session/0b442ebc8f096c4bfeb5c66a52851a3f/element/f.9CA8B20795E6D08D18CCAFF067F35E12.d.6DD984C7D7272648BB1EB59DE6490AB2.e.18795/click - {}
RESULT: {}
COMMAND: POST /session/0b442ebc8f096c4bfeb5c66a52851a3f/element - {"using":"xpath","value":"//button[@data-kt=\"addNewRUOverflowToolbarButton\"]"}
COMMAND: GET /session/0b442ebc8f096c4bfeb5c66a52851a3f/screenshot - {}
RESULT: {"using":"xpath","value":"//button[@data-kt=\"addNewRUOverflowToolbarButton\"]"}
COMMAND: POST /session/0b442ebc8f096c4bfeb5c66a52851a3f/elements - {"using":"xpath","value":"//button[@data-kt=\"addNewRUOverflowToolbarButton\"]"}
RESULT: {}
RESULT: {"using":"xpath","value":"//button[@data-kt=\"addNewRUOverflowToolbarButton\"]"}
COMMAND: POST /session/0b442ebc8f096c4bfeb5c66a52851a3f/elements - {"using":"xpath","value":"//button[@data-kt=\"addNewRUOverflowToolbarButton\"]"}
RESULT: {"using":"xpath","value":"//button[@data-kt=\"addNewRUOverflowToolbarButton\"]"}
COMMAND: POST /session/0b442ebc8f096c4bfeb5c66a52851a3f/elements - {"using":"xpath","value":"//button[@data-kt=\"addNewRUOverflowToolbarButton\"]"}
RESULT: {"using":"xpath","value":"//button[@data-kt=\"addNewRUOverflowToolbarButton\"]"}
COMMAND: POST /session/0b442ebc8f096c4bfeb5c66a52851a3f/elements - {"using":"xpath","value":"//button[@data-kt=\"addNewRUOverflowToolbarButton\"]"}
RESULT: {"using":"xpath","value":"//button[@data-kt=\"addNewRUOverflowToolbarButton\"]"}
COMMAND: POST /session/0b442ebc8f096c4bfeb5c66a52851a3f/elements - {"using":"xpath","value":"//button[@data-kt=\"addNewRUOverflowToolbarButton\"]"}
RESULT: {"using":"xpath","value":"//button[@data-kt=\"addNewRUOverflowToolbarButton\"]"}
COMMAND: POST /session/0b442ebc8f096c4bfeb5c66a52851a3f/elements - {"using":"xpath","value":"//button[@data-kt=\"addNewRUOverflowToolbarButton\"]"}
RESULT: {"using":"xpath","value":"//button[@data-kt=\"addNewRUOverflowToolbarButton\"]"}
COMMAND: POST /session/0b442ebc8f096c4bfeb5c66a52851a3f/elements - {"using":"xpath","value":"//button[@data-kt=\"addNewRUOverflowToolbarButton\"]"}
RESULT: {"using":"xpath","value":"//button[@data-kt=\"addNewRUOverflowToolbarButton\"]"}
COMMAND: POST /session/0b442ebc8f096c4bfeb5c66a52851a3f/elements - {"using":"xpath","value":"//button[@data-kt=\"addNewRUOverflowToolbarButton\"]"}
RESULT: {"using":"xpath","value":"//button[@data-kt=\"addNewRUOverflowToolbarButton\"]"}
COMMAND: POST /session/0b442ebc8f096c4bfeb5c66a52851a3f/elements - {"using":"xpath","value":"//button[@data-kt=\"addNewRUOverflowToolbarButton\"]"}
RESULT: {"using":"xpath","value":"//button[@data-kt=\"addNewRUOverflowToolbarButton\"]"}
COMMAND: POST /session/0b442ebc8f096c4bfeb5c66a52851a3f/elements - {"using":"xpath","value":"//button[@data-kt=\"addNewRUOverflowToolbarButton\"]"}
RESULT: {"using":"xpath","value":"//button[@data-kt=\"addNewRUOverflowToolbarButton\"]"}
COMMAND: POST /session/0b442ebc8f096c4bfeb5c66a52851a3f/elements - {"using":"xpath","value":"//button[@data-kt=\"addNewRUOverflowToolbarButton\"]"}
RESULT: {"using":"xpath","value":"//button[@data-kt=\"addNewRUOverflowToolbarButton\"]"}
COMMAND: POST /session/0b442ebc8f096c4bfeb5c66a52851a3f/elements - {"using":"xpath","value":"//button[@data-kt=\"addNewRUOverflowToolbarButton\"]"}
RESULT: {"using":"xpath","value":"//button[@data-kt=\"addNewRUOverflowToolbarButton\"]"}
COMMAND: POST /session/0b442ebc8f096c4bfeb5c66a52851a3f/elements - {"using":"xpath","value":"//button[@data-kt=\"addNewRUOverflowToolbarButton\"]"}
RESULT: {"using":"xpath","value":"//button[@data-kt=\"addNewRUOverflowToolbarButton\"]"}
COMMAND: POST /session/0b442ebc8f096c4bfeb5c66a52851a3f/elements - {"using":"xpath","value":"//button[@data-kt=\"addNewRUOverflowToolbarButton\"]"}
RESULT: {"using":"xpath","value":"//button[@data-kt=\"addNewRUOverflowToolbarButton\"]"}
COMMAND: POST /session/0b442ebc8f096c4bfeb5c66a52851a3f/elements - {"using":"xpath","value":"//button[@data-kt=\"addNewRUOverflowToolbarButton\"]"}
RESULT: {"using":"xpath","value":"//button[@data-kt=\"addNewRUOverflowToolbarButton\"]"}
COMMAND: POST /session/0b442ebc8f096c4bfeb5c66a52851a3f/element - {"using":"xpath","value":"//button[@data-kt=\"addNewRUOverflowToolbarButton\"]"}
RESULT: {"using":"xpath","value":"//button[@data-kt=\"addNewRUOverflowToolbarButton\"]"}
COMMAND: POST /session/0b442ebc8f096c4bfeb5c66a52851a3f/execute/sync - {"script":"<script> [8489 bytes]","args":[{"element-6066-11e4-a52e-4f735466cecf":"f.9CA8B20795E6D08D18CCAFF067F35E12.d.6DD984C7D7272648BB1EB59DE6490AB2.e.18938","ELEMENT":"f.9CA8B20795E6D08D18CCAFF067F35E12.d.6DD984C7D7272648BB1EB59DE6490AB2.e.18938"}]}
RESULT: {"script":"<script> [8489 bytes]","args":[{"element-6066-11e4-a52e-4f735466cecf":"f.9CA8B20795E6D08D18CCAFF067F35E12.d.6DD984C7D7272648BB1EB59DE6490AB2.e.18938","ELEMENT":"f.9CA8B20795E6D08D18CCAFF067F35E12.d.6DD984C7D7272648BB1EB59DE6490AB2.e.18938"}]}
COMMAND: GET /session/0b442ebc8f096c4bfeb5c66a52851a3f/element/f.9CA8B20795E6D08D18CCAFF067F35E12.d.6DD984C7D7272648BB1EB59DE6490AB2.e.18938/enabled - {}
COMMAND: GET /session/0b442ebc8f096c4bfeb5c66a52851a3f/screenshot - {}
RESULT: {}
COMMAND: POST /session/0b442ebc8f096c4bfeb5c66a52851a3f/execute/sync - {"script":"<script> [8489 bytes]","args":[{"element-6066-11e4-a52e-4f735466cecf":"f.9CA8B20795E6D08D18CCAFF067F35E12.d.6DD984C7D7272648BB1EB59DE6490AB2.e.18938","ELEMENT":"f.9CA8B20795E6D08D18CCAFF067F35E12.d.6DD984C7D7272648BB1EB59DE6490AB2.e.18938"}]}
COMMAND: GET /session/0b442ebc8f096c4bfeb5c66a52851a3f/screenshot - {}
RESULT: {}
RESULT: {"script":"<script> [8489 bytes]","args":[{"element-6066-11e4-a52e-4f735466cecf":"f.9CA8B20795E6D08D18CCAFF067F35E12.d.6DD984C7D7272648BB1EB59DE6490AB2.e.18938","ELEMENT":"f.9CA8B20795E6D08D18CCAFF067F35E12.d.6DD984C7D7272648BB1EB59DE6490AB2.e.18938"}]}
COMMAND: POST /session/0b442ebc8f096c4bfeb5c66a52851a3f/execute/sync - {"script":"<script> [5351 bytes]","args":[{"element-6066-11e4-a52e-4f735466cecf":"f.9CA8B20795E6D08D18CCAFF067F35E12.d.6DD984C7D7272648BB1EB59DE6490AB2.e.18938","ELEMENT":"f.9CA8B20795E6D08D18CCAFF067F35E12.d.6DD984C7D7272648BB1EB59DE6490AB2.e.18938"}]}
COMMAND: GET /session/0b442ebc8f096c4bfeb5c66a52851a3f/screenshot - {}
RESULT: {}
RESULT: {"script":"<script> [5351 bytes]","args":[{"element-6066-11e4-a52e-4f735466cecf":"f.9CA8B20795E6D08D18CCAFF067F35E12.d.6DD984C7D7272648BB1EB59DE6490AB2.e.18938","ELEMENT":"f.9CA8B20795E6D08D18CCAFF067F35E12.d.6DD984C7D7272648BB1EB59DE6490AB2.e.18938"}]}
COMMAND: POST /session/0b442ebc8f096c4bfeb5c66a52851a3f/element/f.9CA8B20795E6D08D18CCAFF067F35E12.d.6DD984C7D7272648BB1EB59DE6490AB2.e.18938/click - {}
COMMAND: GET /session/0b442ebc8f096c4bfeb5c66a52851a3f/screenshot - {}
RESULT: {}
RESULT: {}
COMMAND: GET /session/0b442ebc8f096c4bfeb5c66a52851a3f/screenshot - {}
COMMAND: POST /session/0b442ebc8f096c4bfeb5c66a52851a3f/execute/async - {"script":"<script> [1562 bytes]","args":[{"selector":{"id":"application-manageresources-display-component---newResourceUnit--TYPE-arrow"},"wdio_ui5_key":"applicationmanageresources-display-component---newResourceUnit--TYPE-arrow"}]}
RESULT: {}
RESULT: {}
RESULT: {"script":"<script> [1562 bytes]","args":[{"selector":{"id":"application-manageresources-display-component---newResourceUnit--TYPE-arrow"},"wdio_ui5_key":"applicationmanageresources-display-component---newResourceUnit--TYPE-arrow"}]}
RESULT: undefined
COMMAND: POST /session/0b442ebc8f096c4bfeb5c66a52851a3f/element - {"using":"xpath","value":"//*[@id=\"application-manageresources-display-component---newResourceUnit--TYPE-arrow\"]"}
RESULT: {"using":"xpath","value":"//*[@id=\"application-manageresources-display-component---newResourceUnit--TYPE-arrow\"]"}
COMMAND: POST /session/0b442ebc8f096c4bfeb5c66a52851a3f/element/f.9CA8B20795E6D08D18CCAFF067F35E12.d.6DD984C7D7272648BB1EB59DE6490AB2.e.19282/click - {}
RESULT: {}
COMMAND: POST /session/0b442ebc8f096c4bfeb5c66a52851a3f/element - {"using":"xpath","value":"//input[@id=\"application-manageresources-display-component---newResourceUnit--TYPE-inner\"]"}
COMMAND: GET /session/0b442ebc8f096c4bfeb5c66a52851a3f/screenshot - {}
RESULT: {"using":"xpath","value":"//input[@id=\"application-manageresources-display-component---newResourceUnit--TYPE-inner\"]"}
COMMAND: POST /session/0b442ebc8f096c4bfeb5c66a52851a3f/element/f.9CA8B20795E6D08D18CCAFF067F35E12.d.6DD984C7D7272648BB1EB59DE6490AB2.e.19277/clear - {}
RESULT: {}
RESULT: {}
COMMAND: POST /session/0b442ebc8f096c4bfeb5c66a52851a3f/element/f.9CA8B20795E6D08D18CCAFF067F35E12.d.6DD984C7D7272648BB1EB59DE6490AB2.e.19277/value - {"text":"Equipment"}
COMMAND: GET /session/0b442ebc8f096c4bfeb5c66a52851a3f/screenshot - {}
RESULT: {"text":"Equipment"}
COMMAND: GET /session/0b442ebc8f096c4bfeb5c66a52851a3f/screenshot - {}
RESULT: {}
RESULT: {}
COMMAND: POST /session/0b442ebc8f096c4bfeb5c66a52851a3f/actions - {"actions":[{"id":"action65","type":"key","parameters":{},"actions":[{"type":"keyDown","value":"î€‡"},{"type":"pause","duration":10},{"type":"keyUp","value":"î€‡"}]}]}
RESULT: {"actions":[{"id":"action65","type":"key","parameters":{},"actions":[{"type":"keyDown","value":"î€‡"},{"type":"pause","duration":10},{"type":"keyUp","value":"î€‡"}]}]}
COMMAND: POST /session/0b442ebc8f096c4bfeb5c66a52851a3f/execute/async - {"script":"<script> [1562 bytes]","args":[{"selector":{"id":"application-manageresources-display-component---newResourceUnit--resourceId","interaction":{"idSuffix":"inner"}},"wdio_ui5_key":"applicationmanageresources-display-component---newResourceUnit--resourceId"}]}
COMMAND: GET /session/0b442ebc8f096c4bfeb5c66a52851a3f/screenshot - {}
RESULT: {"script":"<script> [1562 bytes]","args":[{"selector":{"id":"application-manageresources-display-component---newResourceUnit--resourceId","interaction":{"idSuffix":"inner"}},"wdio_ui5_key":"applicationmanageresources-display-component---newResourceUnit--resourceId"}]}
RESULT: undefined
COMMAND: POST /session/0b442ebc8f096c4bfeb5c66a52851a3f/execute/async - {"script":"<script> [776 bytes]","args":[{"enterText":"JxbS9cyJMp","selector":{"id":"application-manageresources-display-component---newResourceUnit--resourceId","interaction":{"idSuffix":"inner"}},"clearTextFirst":true,"interactionType":"ENTER_TEXT"}]}
RESULT: {}
RESULT: {"script":"<script> [776 bytes]","args":[{"enterText":"JxbS9cyJMp","selector":{"id":"application-manageresources-display-component---newResourceUnit--resourceId","interaction":{"idSuffix":"inner"}},"clearTextFirst":true,"interactionType":"ENTER_TEXT"}]}
COMMAND: POST /session/0b442ebc8f096c4bfeb5c66a52851a3f/execute/async - {"script":"<script> [1562 bytes]","args":[{"selector":{"id":"application-manageresources-display-component---newResourceUnit--SHORT_TEXT","interaction":{"idSuffix":"inner"}},"wdio_ui5_key":"applicationmanageresources-display-component---newResourceUnit--SHORT_TEXT"}]}
RESULT: {"script":"<script> [1562 bytes]","args":[{"selector":{"id":"application-manageresources-display-component---newResourceUnit--SHORT_TEXT","interaction":{"idSuffix":"inner"}},"wdio_ui5_key":"applicationmanageresources-display-component---newResourceUnit--SHORT_TEXT"}]}
RESULT: undefined
COMMAND: POST /session/0b442ebc8f096c4bfeb5c66a52851a3f/execute/async - {"script":"<script> [776 bytes]","args":[{"enterText":"Intercompany Equipment WDIO","selector":{"id":"application-manageresources-display-component---newResourceUnit--SHORT_TEXT","interaction":{"idSuffix":"inner"}},"clearTextFirst":true,"interactionType":"ENTER_TEXT"}]}
RESULT: {"script":"<script> [776 bytes]","args":[{"enterText":"Intercompany Equipment WDIO","selector":{"id":"application-manageresources-display-component---newResourceUnit--SHORT_TEXT","interaction":{"idSuffix":"inner"}},"clearTextFirst":true,"interactionType":"ENTER_TEXT"}]}
COMMAND: POST /session/0b442ebc8f096c4bfeb5c66a52851a3f/execute/async - {"script":"<script> [1562 bytes]","args":[{"selector":{"id":"application-manageresources-display-component---newResourceUnit--BASE_UNIT_OF_MEASURE","interaction":{"idSuffix":"inner"}},"wdio_ui5_key":"applicationmanageresources-display-component---newResourceUnit--BASE_UNIT_OF_MEASURE"}]}
RESULT: {"script":"<script> [1562 bytes]","args":[{"selector":{"id":"application-manageresources-display-component---newResourceUnit--BASE_UNIT_OF_MEASURE","interaction":{"idSuffix":"inner"}},"wdio_ui5_key":"applicationmanageresources-display-component---newResourceUnit--BASE_UNIT_OF_MEASURE"}]}
RESULT: undefined
COMMAND: POST /session/0b442ebc8f096c4bfeb5c66a52851a3f/execute/async - {"script":"<script> [776 bytes]","args":[{"enterText":"Piece","selector":{"id":"application-manageresources-display-component---newResourceUnit--BASE_UNIT_OF_MEASURE","interaction":{"idSuffix":"inner"}},"clearTextFirst":true,"interactionType":"ENTER_TEXT"}]}
RESULT: {"script":"<script> [776 bytes]","args":[{"enterText":"Piece","selector":{"id":"application-manageresources-display-component---newResourceUnit--BASE_UNIT_OF_MEASURE","interaction":{"idSuffix":"inner"}},"clearTextFirst":true,"interactionType":"ENTER_TEXT"}]}
COMMAND: POST /session/0b442ebc8f096c4bfeb5c66a52851a3f/execute/async - {"script":"<script> [1562 bytes]","args":[{"selector":{"id":"application-manageresources-display-component---newResourceUnit--WEIGHT_UNIT","interaction":{"idSuffix":"inner"}},"wdio_ui5_key":"applicationmanageresources-display-component---newResourceUnit--WEIGHT_UNIT"}]}
RESULT: {"script":"<script> [1562 bytes]","args":[{"selector":{"id":"application-manageresources-display-component---newResourceUnit--WEIGHT_UNIT","interaction":{"idSuffix":"inner"}},"wdio_ui5_key":"applicationmanageresources-display-component---newResourceUnit--WEIGHT_UNIT"}]}
RESULT: undefined
COMMAND: POST /session/0b442ebc8f096c4bfeb5c66a52851a3f/execute/async - {"script":"<script> [776 bytes]","args":[{"enterText":"Gram","selector":{"id":"application-manageresources-display-component---newResourceUnit--WEIGHT_UNIT","interaction":{"idSuffix":"inner"}},"clearTextFirst":true,"interactionType":"ENTER_TEXT"}]}
RESULT: {"script":"<script> [776 bytes]","args":[{"enterText":"Gram","selector":{"id":"application-manageresources-display-component---newResourceUnit--WEIGHT_UNIT","interaction":{"idSuffix":"inner"}},"clearTextFirst":true,"interactionType":"ENTER_TEXT"}]}
COMMAND: POST /session/0b442ebc8f096c4bfeb5c66a52851a3f/execute/async - {"script":"<script> [1562 bytes]","args":[{"selector":{"id":"application-manageresources-display-component---newResourceUnit--DIMENSION_UNIT","interaction":{"idSuffix":"inner"}},"wdio_ui5_key":"applicationmanageresources-display-component---newResourceUnit--DIMENSION_UNIT"}]}
RESULT: {"script":"<script> [1562 bytes]","args":[{"selector":{"id":"application-manageresources-display-component---newResourceUnit--DIMENSION_UNIT","interaction":{"idSuffix":"inner"}},"wdio_ui5_key":"applicationmanageresources-display-component---newResourceUnit--DIMENSION_UNIT"}]}
RESULT: undefined
COMMAND: POST /session/0b442ebc8f096c4bfeb5c66a52851a3f/execute/async - {"script":"<script> [776 bytes]","args":[{"enterText":"Meter","selector":{"id":"application-manageresources-display-component---newResourceUnit--DIMENSION_UNIT","interaction":{"idSuffix":"inner"}},"clearTextFirst":true,"interactionType":"ENTER_TEXT"}]}
RESULT: {"script":"<script> [776 bytes]","args":[{"enterText":"Meter","selector":{"id":"application-manageresources-display-component---newResourceUnit--DIMENSION_UNIT","interaction":{"idSuffix":"inner"}},"clearTextFirst":true,"interactionType":"ENTER_TEXT"}]}
COMMAND: POST /session/0b442ebc8f096c4bfeb5c66a52851a3f/execute/async - {"script":"<script> [1562 bytes]","args":[{"selector":{"id":"application-manageresources-display-component---newResourceUnit--newRRUPage-anchBar-application-manageresources-display-component---newResourceUnit--control-anchor","interaction":{"idSuffix":"BDI-content"}},"wdio_ui5_key":"applicationmanageresources-display-component---newResourceUnit--newRRUPage-anchBar-application-manageresources-display-component---newResourceUnit--control-anchor"}]}
RESULT: {"script":"<script> [1562 bytes]","args":[{"selector":{"id":"application-manageresources-display-component---newResourceUnit--newRRUPage-anchBar-application-manageresources-display-component---newResourceUnit--control-anchor","interaction":{"idSuffix":"BDI-content"}},"wdio_ui5_key":"applicationmanageresources-display-component---newResourceUnit--newRRUPage-anchBar-application-manageresources-display-component---newResourceUnit--control-anchor"}]}
RESULT: undefined
COMMAND: POST /session/0b442ebc8f096c4bfeb5c66a52851a3f/element - {"using":"xpath","value":"//*[@id=\"application-manageresources-display-component---newResourceUnit--newRRUPage-anchBar-application-manageresources-display-component---newResourceUnit--control-anchor\"]"}
RESULT: {"using":"xpath","value":"//*[@id=\"application-manageresources-display-component---newResourceUnit--newRRUPage-anchBar-application-manageresources-display-component---newResourceUnit--control-anchor\"]"}
COMMAND: POST /session/0b442ebc8f096c4bfeb5c66a52851a3f/element/f.9CA8B20795E6D08D18CCAFF067F35E12.d.6DD984C7D7272648BB1EB59DE6490AB2.e.19416/click - {}
RESULT: {}
COMMAND: POST /session/0b442ebc8f096c4bfeb5c66a52851a3f/execute/async - {"script":"<script> [1562 bytes]","args":[{"selector":{"id":"application-manageresources-display-component---newResourceUnit--PLANNING_GROUP","interaction":{"idSuffix":"inner"}},"wdio_ui5_key":"applicationmanageresources-display-component---newResourceUnit--PLANNING_GROUP"}]}
COMMAND: GET /session/0b442ebc8f096c4bfeb5c66a52851a3f/screenshot - {}
RESULT: {"script":"<script> [1562 bytes]","args":[{"selector":{"id":"application-manageresources-display-component---newResourceUnit--PLANNING_GROUP","interaction":{"idSuffix":"inner"}},"wdio_ui5_key":"applicationmanageresources-display-component---newResourceUnit--PLANNING_GROUP"}]}
RESULT: undefined
COMMAND: POST /session/0b442ebc8f096c4bfeb5c66a52851a3f/execute/async - {"script":"<script> [776 bytes]","args":[{"enterText":"Heavy Equi","selector":{"id":"application-manageresources-display-component---newResourceUnit--PLANNING_GROUP","interaction":{"idSuffix":"inner"}},"clearTextFirst":true,"interactionType":"ENTER_TEXT"}]}
RESULT: {}
RESULT: {"script":"<script> [776 bytes]","args":[{"enterText":"Heavy Equi","selector":{"id":"application-manageresources-display-component---newResourceUnit--PLANNING_GROUP","interaction":{"idSuffix":"inner"}},"clearTextFirst":true,"interactionType":"ENTER_TEXT"}]}
COMMAND: POST /session/0b442ebc8f096c4bfeb5c66a52851a3f/execute/async - {"script":"<script> [1562 bytes]","args":[{"selector":{"id":"application-manageresources-display-component---newResourceUnit--ITEM_TYPE-arrow"},"wdio_ui5_key":"applicationmanageresources-display-component---newResourceUnit--ITEM_TYPE-arrow"}]}
RESULT: {"script":"<script> [1562 bytes]","args":[{"selector":{"id":"application-manageresources-display-component---newResourceUnit--ITEM_TYPE-arrow"},"wdio_ui5_key":"applicationmanageresources-display-component---newResourceUnit--ITEM_TYPE-arrow"}]}
RESULT: undefined
COMMAND: POST /session/0b442ebc8f096c4bfeb5c66a52851a3f/element - {"using":"xpath","value":"//*[@id=\"application-manageresources-display-component---newResourceUnit--ITEM_TYPE-arrow\"]"}
RESULT: {"using":"xpath","value":"//*[@id=\"application-manageresources-display-component---newResourceUnit--ITEM_TYPE-arrow\"]"}
COMMAND: POST /session/0b442ebc8f096c4bfeb5c66a52851a3f/element/f.9CA8B20795E6D08D18CCAFF067F35E12.d.6DD984C7D7272648BB1EB59DE6490AB2.e.19423/click - {}
RESULT: {}
COMMAND: POST /session/0b442ebc8f096c4bfeb5c66a52851a3f/element - {"using":"xpath","value":"(//span[contains(text(), \"Resource Unit\")])[2]"}
COMMAND: GET /session/0b442ebc8f096c4bfeb5c66a52851a3f/screenshot - {}
RESULT: {"using":"xpath","value":"(//span[contains(text(), \"Resource Unit\")])[2]"}
COMMAND: POST /session/0b442ebc8f096c4bfeb5c66a52851a3f/element/f.9CA8B20795E6D08D18CCAFF067F35E12.d.6DD984C7D7272648BB1EB59DE6490AB2.e.19424/click - {}
RESULT: {}
RESULT: {}
COMMAND: GET /session/0b442ebc8f096c4bfeb5c66a52851a3f/screenshot - {}
RESULT: {}
COMMAND: POST /session/0b442ebc8f096c4bfeb5c66a52851a3f/element - {"using":"css selector","value":"#application-manageresources-display-component---newResourceUnit--btnAddTimeSegment"}
RESULT: {"using":"css selector","value":"#application-manageresources-display-component---newResourceUnit--btnAddTimeSegment"}
COMMAND: GET /session/0b442ebc8f096c4bfeb5c66a52851a3f/element/f.9CA8B20795E6D08D18CCAFF067F35E12.d.6DD984C7D7272648BB1EB59DE6490AB2.e.19425/rect - {}
RESULT: {}
COMMAND: GET /session/0b442ebc8f096c4bfeb5c66a52851a3f/window/rect - {}
RESULT: {}
COMMAND: POST /session/0b442ebc8f096c4bfeb5c66a52851a3f/execute/sync - {"script":"<script> [92 bytes]","args":[]}
RESULT: {"script":"<script> [92 bytes]","args":[]}
COMMAND: POST /session/0b442ebc8f096c4bfeb5c66a52851a3f/actions - {"actions":[{"id":"action66","type":"wheel","parameters":{},"actions":[{"type":"scroll","x":-1888,"y":-32,"deltaX":0,"deltaY":0,"duration":0,"origin":{"element-6066-11e4-a52e-4f735466cecf":"f.9CA8B20795E6D08D18CCAFF067F35E12.d.6DD984C7D7272648BB1EB59DE6490AB2.e.19425"}}]}]}
COMMAND: GET /session/0b442ebc8f096c4bfeb5c66a52851a3f/screenshot - {}
RESULT: {}
COMMAND: POST /session/0b442ebc8f096c4bfeb5c66a52851a3f/execute/sync - {"script":"<script> [79 bytes]","args":[{"element-6066-11e4-a52e-4f735466cecf":"f.9CA8B20795E6D08D18CCAFF067F35E12.d.6DD984C7D7272648BB1EB59DE6490AB2.e.19425","ELEMENT":"f.9CA8B20795E6D08D18CCAFF067F35E12.d.6DD984C7D7272648BB1EB59DE6490AB2.e.19425"},{"block":"start","inline":"nearest"}]}
RESULT: {"script":"<script> [79 bytes]","args":[{"element-6066-11e4-a52e-4f735466cecf":"f.9CA8B20795E6D08D18CCAFF067F35E12.d.6DD984C7D7272648BB1EB59DE6490AB2.e.19425","ELEMENT":"f.9CA8B20795E6D08D18CCAFF067F35E12.d.6DD984C7D7272648BB1EB59DE6490AB2.e.19425"},{"block":"start","inline":"nearest"}]}
COMMAND: POST /session/0b442ebc8f096c4bfeb5c66a52851a3f/execute/async - {"script":"<script> [1562 bytes]","args":[{"selector":{"id":"application-manageresources-display-component---newResourceUnit--btnAddTimeSegment","interaction":{"idSuffix":"inner"}},"wdio_ui5_key":"applicationmanageresources-display-component---newResourceUnit--btnAddTimeSegment"}]}
COMMAND: GET /session/0b442ebc8f096c4bfeb5c66a52851a3f/screenshot - {}
RESULT: {"script":"<script> [1562 bytes]","args":[{"selector":{"id":"application-manageresources-display-component---newResourceUnit--btnAddTimeSegment","interaction":{"idSuffix":"inner"}},"wdio_ui5_key":"applicationmanageresources-display-component---newResourceUnit--btnAddTimeSegment"}]}
RESULT: undefined
COMMAND: POST /session/0b442ebc8f096c4bfeb5c66a52851a3f/element - {"using":"xpath","value":"//*[@id=\"application-manageresources-display-component---newResourceUnit--btnAddTimeSegment\"]"}
RESULT: {}
RESULT: {"using":"xpath","value":"//*[@id=\"application-manageresources-display-component---newResourceUnit--btnAddTimeSegment\"]"}
COMMAND: POST /session/0b442ebc8f096c4bfeb5c66a52851a3f/element/f.9CA8B20795E6D08D18CCAFF067F35E12.d.6DD984C7D7272648BB1EB59DE6490AB2.e.19425/click - {}
RESULT: {}
COMMAND: GET /session/0b442ebc8f096c4bfeb5c66a52851a3f/screenshot - {}
RESULT: {}
COMMAND: POST /session/0b442ebc8f096c4bfeb5c66a52851a3f/element - {"using":"xpath","value":"//input[@id=\"application-manageresources-display-component---newResourceUnit--idRuTSAdmin-application-manageresources-display-component---newResourceUnit--RUTimeSegment-0-inner\"]"}
RESULT: {"using":"xpath","value":"//input[@id=\"application-manageresources-display-component---newResourceUnit--idRuTSAdmin-application-manageresources-display-component---newResourceUnit--RUTimeSegment-0-inner\"]"}
COMMAND: POST /session/0b442ebc8f096c4bfeb5c66a52851a3f/element/f.9CA8B20795E6D08D18CCAFF067F35E12.d.6DD984C7D7272648BB1EB59DE6490AB2.e.19431/clear - {}
RESULT: {}
COMMAND: POST /session/0b442ebc8f096c4bfeb5c66a52851a3f/element/f.9CA8B20795E6D08D18CCAFF067F35E12.d.6DD984C7D7272648BB1EB59DE6490AB2.e.19431/value - {"text":"617"}
COMMAND: GET /session/0b442ebc8f096c4bfeb5c66a52851a3f/screenshot - {}
RESULT: {"text":"617"}
COMMAND: GET /session/0b442ebc8f096c4bfeb5c66a52851a3f/screenshot - {}
RESULT: {}
RESULT: {}
COMMAND: POST /session/0b442ebc8f096c4bfeb5c66a52851a3f/element - {"using":"xpath","value":"//li[.//span[text()='617']]"}
RESULT: {"using":"xpath","value":"//li[.//span[text()='617']]"}
COMMAND: POST /session/0b442ebc8f096c4bfeb5c66a52851a3f/element/f.9CA8B20795E6D08D18CCAFF067F35E12.d.6DD984C7D7272648BB1EB59DE6490AB2.e.19445/click - {}
RESULT: {}
COMMAND: GET /session/0b442ebc8f096c4bfeb5c66a52851a3f/screenshot - {}
RESULT: {}
COMMAND: POST /session/0b442ebc8f096c4bfeb5c66a52851a3f/element - {"using":"xpath","value":"(//span[contains(@id, \"-application-manageresources-display-component---newResourceUnit--RUTimeSegment-0-arrow\")])[6]"}
RESULT: {"using":"xpath","value":"(//span[contains(@id, \"-application-manageresources-display-component---newResourceUnit--RUTimeSegment-0-arrow\")])[6]"}
COMMAND: POST /session/0b442ebc8f096c4bfeb5c66a52851a3f/element/f.9CA8B20795E6D08D18CCAFF067F35E12.d.6DD984C7D7272648BB1EB59DE6490AB2.e.19446/click - {}
RESULT: {}
COMMAND: GET /session/0b442ebc8f096c4bfeb5c66a52851a3f/screenshot - {}
RESULT: {}
COMMAND: POST /session/0b442ebc8f096c4bfeb5c66a52851a3f/element - {"using":"xpath","value":"//span[contains(text(), \"PM Order\")]"}
RESULT: {"using":"xpath","value":"//span[contains(text(), \"PM Order\")]"}
COMMAND: POST /session/0b442ebc8f096c4bfeb5c66a52851a3f/element/f.9CA8B20795E6D08D18CCAFF067F35E12.d.6DD984C7D7272648BB1EB59DE6490AB2.e.19449/click - {}
RESULT: {}
COMMAND: GET /session/0b442ebc8f096c4bfeb5c66a52851a3f/screenshot - {}
RESULT: {}
COMMAND: POST /session/0b442ebc8f096c4bfeb5c66a52851a3f/element - {"using":"xpath","value":"(//span[contains(@id ,\"manageresources-display-component---newResourceUnit--RUTimeSegment-0-vhi\")])[1]"}
RESULT: {"using":"xpath","value":"(//span[contains(@id ,\"manageresources-display-component---newResourceUnit--RUTimeSegment-0-vhi\")])[1]"}
COMMAND: GET /session/0b442ebc8f096c4bfeb5c66a52851a3f/element/f.9CA8B20795E6D08D18CCAFF067F35E12.d.6DD984C7D7272648BB1EB59DE6490AB2.e.19453/rect - {}
RESULT: {}
COMMAND: GET /session/0b442ebc8f096c4bfeb5c66a52851a3f/window/rect - {}
RESULT: {}
COMMAND: POST /session/0b442ebc8f096c4bfeb5c66a52851a3f/execute/sync - {"script":"<script> [92 bytes]","args":[]}
RESULT: {"script":"<script> [92 bytes]","args":[]}
COMMAND: POST /session/0b442ebc8f096c4bfeb5c66a52851a3f/actions - {"actions":[{"id":"action67","type":"wheel","parameters":{},"actions":[{"type":"scroll","x":-869,"y":-24,"deltaX":0,"deltaY":0,"duration":0,"origin":{"element-6066-11e4-a52e-4f735466cecf":"f.9CA8B20795E6D08D18CCAFF067F35E12.d.6DD984C7D7272648BB1EB59DE6490AB2.e.19453"}}]}]}
COMMAND: GET /session/0b442ebc8f096c4bfeb5c66a52851a3f/screenshot - {}
RESULT: {"actions":[{"id":"action67","type":"wheel","parameters":{},"actions":[{"type":"scroll","x":-869,"y":-24,"deltaX":0,"deltaY":0,"duration":0,"origin":{"element-6066-11e4-a52e-4f735466cecf":"f.9CA8B20795E6D08D18CCAFF067F35E12.d.6DD984C7D7272648BB1EB59DE6490AB2.e.19453"}}]}]}
COMMAND: DELETE /session/0b442ebc8f096c4bfeb5c66a52851a3f/actions - {}
COMMAND: GET /session/0b442ebc8f096c4bfeb5c66a52851a3f/screenshot - {}
RESULT: {}
RESULT: {}
COMMAND: GET /session/0b442ebc8f096c4bfeb5c66a52851a3f/screenshot - {}
RESULT: {}
RESULT: {}
COMMAND: POST /session/0b442ebc8f096c4bfeb5c66a52851a3f/element/f.9CA8B20795E6D08D18CCAFF067F35E12.d.6DD984C7D7272648BB1EB59DE6490AB2.e.19453/click - {}
RESULT: {}
COMMAND: GET /session/0b442ebc8f096c4bfeb5c66a52851a3f/screenshot - {}
RESULT: {}
COMMAND: POST /session/0b442ebc8f096c4bfeb5c66a52851a3f/execute/async - {"script":"<script> [1562 bytes]","args":[{"selector":{"controlType":"sap.m.SearchField","properties":{"placeholder":"Search"},"searchOpenDialogs":true,"interaction":{"idSuffix":"I"}},"wdio_ui5_key":"sapm.SearchField{\"placeholder\":\"Search\"}"}]}
RESULT: {"script":"<script> [1562 bytes]","args":[{"selector":{"controlType":"sap.m.SearchField","properties":{"placeholder":"Search"},"searchOpenDialogs":true,"interaction":{"idSuffix":"I"}},"wdio_ui5_key":"sapm.SearchField{\"placeholder\":\"Search\"}"}]}
RESULT: undefined
COMMAND: POST /session/0b442ebc8f096c4bfeb5c66a52851a3f/execute/async - {"script":"<script> [776 bytes]","args":[{"enterText":"4000360","selector":{"controlType":"sap.m.SearchField","properties":{"placeholder":"Search"},"searchOpenDialogs":true,"interaction":{"idSuffix":"I"}},"clearTextFirst":true,"interactionType":"ENTER_TEXT"}]}
RESULT: {"script":"<script> [776 bytes]","args":[{"enterText":"4000360","selector":{"controlType":"sap.m.SearchField","properties":{"placeholder":"Search"},"searchOpenDialogs":true,"interaction":{"idSuffix":"I"}},"clearTextFirst":true,"interactionType":"ENTER_TEXT"}]}
COMMAND: POST /session/0b442ebc8f096c4bfeb5c66a52851a3f/actions - {"actions":[{"id":"action68","type":"key","parameters":{},"actions":[{"type":"keyDown","value":"î€‡"},{"type":"pause","duration":10},{"type":"keyUp","value":"î€‡"}]}]}
RESULT: {"actions":[{"id":"action68","type":"key","parameters":{},"actions":[{"type":"keyDown","value":"î€‡"},{"type":"pause","duration":10},{"type":"keyUp","value":"î€‡"}]}]}
COMMAND: GET /session/0b442ebc8f096c4bfeb5c66a52851a3f/screenshot - {}
RESULT: {}
COMMAND: POST /session/0b442ebc8f096c4bfeb5c66a52851a3f/element - {"using":"xpath","value":"//td/div/span[contains(text(), \"BGL Vehicles\")]"}
RESULT: {"using":"xpath","value":"//td/div/span[contains(text(), \"BGL Vehicles\")]"}
COMMAND: POST /session/0b442ebc8f096c4bfeb5c66a52851a3f/element/f.9CA8B20795E6D08D18CCAFF067F35E12.d.6DD984C7D7272648BB1EB59DE6490AB2.e.19475/click - {}
RESULT: {}
COMMAND: GET /session/0b442ebc8f096c4bfeb5c66a52851a3f/screenshot - {}
RESULT: {}
COMMAND: POST /session/0b442ebc8f096c4bfeb5c66a52851a3f/element - {"using":"xpath","value":"//bdi[contains(text(), \"OK\")]"}
RESULT: {"using":"xpath","value":"//bdi[contains(text(), \"OK\")]"}
COMMAND: POST /session/0b442ebc8f096c4bfeb5c66a52851a3f/element/f.9CA8B20795E6D08D18CCAFF067F35E12.d.6DD984C7D7272648BB1EB59DE6490AB2.e.19476/click - {}
RESULT: {}
COMMAND: GET /session/0b442ebc8f096c4bfeb5c66a52851a3f/screenshot - {}
RESULT: {}
COMMAND: POST /session/0b442ebc8f096c4bfeb5c66a52851a3f/execute/async - {"script":"<script> [1562 bytes]","args":[{"selector":{"id":"application-manageresources-display-component---newResourceUnit--newRRUPage-anchBar-application-manageresources-display-component---newResourceUnit--resource-anchor","interaction":{"idSuffix":"BDI-content"}},"wdio_ui5_key":"applicationmanageresources-display-component---newResourceUnit--newRRUPage-anchBar-application-manageresources-display-component---newResourceUnit--resource-anchor"}]}
RESULT: {"script":"<script> [1562 bytes]","args":[{"selector":{"id":"application-manageresources-display-component---newResourceUnit--newRRUPage-anchBar-application-manageresources-display-component---newResourceUnit--resource-anchor","interaction":{"idSuffix":"BDI-content"}},"wdio_ui5_key":"applicationmanageresources-display-component---newResourceUnit--newRRUPage-anchBar-application-manageresources-display-component---newResourceUnit--resource-anchor"}]}
RESULT: undefined
COMMAND: POST /session/0b442ebc8f096c4bfeb5c66a52851a3f/element - {"using":"xpath","value":"//*[@id=\"application-manageresources-display-component---newResourceUnit--newRRUPage-anchBar-application-manageresources-display-component---newResourceUnit--resource-anchor\"]"}
RESULT: {"using":"xpath","value":"//*[@id=\"application-manageresources-display-component---newResourceUnit--newRRUPage-anchBar-application-manageresources-display-component---newResourceUnit--resource-anchor\"]"}
COMMAND: POST /session/0b442ebc8f096c4bfeb5c66a52851a3f/element/f.9CA8B20795E6D08D18CCAFF067F35E12.d.6DD984C7D7272648BB1EB59DE6490AB2.e.19480/click - {}
RESULT: {}
COMMAND: POST /session/0b442ebc8f096c4bfeb5c66a52851a3f/execute/async - {"script":"<script> [1562 bytes]","args":[{"selector":{"id":"application-manageresources-display-component---newResourceUnit--PLANNED_DELIVERY_DATE","interaction":{"idSuffix":"inner"}},"wdio_ui5_key":"applicationmanageresources-display-component---newResourceUnit--PLANNED_DELIVERY_DATE"}]}
COMMAND: GET /session/0b442ebc8f096c4bfeb5c66a52851a3f/screenshot - {}
RESULT: {"script":"<script> [1562 bytes]","args":[{"selector":{"id":"application-manageresources-display-component---newResourceUnit--PLANNED_DELIVERY_DATE","interaction":{"idSuffix":"inner"}},"wdio_ui5_key":"applicationmanageresources-display-component---newResourceUnit--PLANNED_DELIVERY_DATE"}]}
RESULT: undefined
COMMAND: POST /session/0b442ebc8f096c4bfeb5c66a52851a3f/execute/async - {"script":"<script> [6424 bytes]","args":[{"element-6066-11e4-a52e-4f735466cecf":"f.9CA8B20795E6D08D18CCAFF067F35E12.d.6DD984C7D7272648BB1EB59DE6490AB2.e.19339"},"setValue",["5/6/25"]]}
RESULT: {}
RESULT: {"script":"<script> [6424 bytes]","args":[{"element-6066-11e4-a52e-4f735466cecf":"f.9CA8B20795E6D08D18CCAFF067F35E12.d.6DD984C7D7272648BB1EB59DE6490AB2.e.19339"},"setValue",["5/6/25"]]}
COMMAND: POST /session/0b442ebc8f096c4bfeb5c66a52851a3f/element - {"using":"xpath","value":"//button[@data-kt=\"resourceUnitSaveButton\"]"}
RESULT: {"using":"xpath","value":"//button[@data-kt=\"resourceUnitSaveButton\"]"}
COMMAND: POST /session/0b442ebc8f096c4bfeb5c66a52851a3f/element/f.9CA8B20795E6D08D18CCAFF067F35E12.d.6DD984C7D7272648BB1EB59DE6490AB2.e.19299/click - {}
RESULT: {}
COMMAND: GET /session/0b442ebc8f096c4bfeb5c66a52851a3f/screenshot - {}
RESULT: {}
COMMAND: POST /session/0b442ebc8f096c4bfeb5c66a52851a3f/element - {"using":"xpath","value":"//bdi[contains(text(), \"Close\")]"}
RESULT: {"using":"xpath","value":"//bdi[contains(text(), \"Close\")]"}
COMMAND: POST /session/0b442ebc8f096c4bfeb5c66a52851a3f/element/f.9CA8B20795E6D08D18CCAFF067F35E12.d.6DD984C7D7272648BB1EB59DE6490AB2.e.19489/click - {}
RESULT: {}
COMMAND: GET /session/0b442ebc8f096c4bfeb5c66a52851a3f/screenshot - {}
RESULT: {}
COMMAND: POST /session/0b442ebc8f096c4bfeb5c66a52851a3f/element - {"using":"xpath","value":"(//button[contains(@id ,\"actionsToolbar-overflowButton\")])[1]"}
RESULT: {"using":"xpath","value":"(//button[contains(@id ,\"actionsToolbar-overflowButton\")])[1]"}
COMMAND: POST /session/0b442ebc8f096c4bfeb5c66a52851a3f/element/f.9CA8B20795E6D08D18CCAFF067F35E12.d.6DD984C7D7272648BB1EB59DE6490AB2.e.19540/click - {}
RESULT: {}
COMMAND: GET /session/0b442ebc8f096c4bfeb5c66a52851a3f/screenshot - {}
RESULT: {}
COMMAND: POST /session/0b442ebc8f096c4bfeb5c66a52851a3f/element - {"using":"xpath","value":"//button[@data-kt=\"priceInfoButton\"]"}
RESULT: {"using":"xpath","value":"//button[@data-kt=\"priceInfoButton\"]"}
COMMAND: POST /session/0b442ebc8f096c4bfeb5c66a52851a3f/element/f.9CA8B20795E6D08D18CCAFF067F35E12.d.6DD984C7D7272648BB1EB59DE6490AB2.e.19548/click - {}
RESULT: {}
COMMAND: GET /session/0b442ebc8f096c4bfeb5c66a52851a3f/screenshot - {}
RESULT: {}
]]></system-out>
    </testcase>
    <testcase classname="chrome.135_0_7049_96.windows.Billing_Calculation_-_Time_based_(considering_transport_times)_US139738" name="Should create new pricing rule for the equipment" time="57.23">
      <system-out><![CDATA[
COMMAND: POST /session/0b442ebc8f096c4bfeb5c66a52851a3f/element - {"using":"xpath","value":"//button[@data-kt=\"addButton\"]"}
RESULT: {"using":"xpath","value":"//button[@data-kt=\"addButton\"]"}
COMMAND: POST /session/0b442ebc8f096c4bfeb5c66a52851a3f/elements - {"using":"xpath","value":"//button[@data-kt=\"addButton\"]"}
RESULT: {"using":"xpath","value":"//button[@data-kt=\"addButton\"]"}
COMMAND: POST /session/0b442ebc8f096c4bfeb5c66a52851a3f/execute/sync - {"script":"<script> [8489 bytes]","args":[{"element-6066-11e4-a52e-4f735466cecf":"f.9CA8B20795E6D08D18CCAFF067F35E12.d.6DD984C7D7272648BB1EB59DE6490AB2.e.19586","ELEMENT":"f.9CA8B20795E6D08D18CCAFF067F35E12.d.6DD984C7D7272648BB1EB59DE6490AB2.e.19586"}]}
RESULT: {"script":"<script> [8489 bytes]","args":[{"element-6066-11e4-a52e-4f735466cecf":"f.9CA8B20795E6D08D18CCAFF067F35E12.d.6DD984C7D7272648BB1EB59DE6490AB2.e.19586","ELEMENT":"f.9CA8B20795E6D08D18CCAFF067F35E12.d.6DD984C7D7272648BB1EB59DE6490AB2.e.19586"}]}
COMMAND: GET /session/0b442ebc8f096c4bfeb5c66a52851a3f/element/f.9CA8B20795E6D08D18CCAFF067F35E12.d.6DD984C7D7272648BB1EB59DE6490AB2.e.19586/enabled - {}
COMMAND: GET /session/0b442ebc8f096c4bfeb5c66a52851a3f/screenshot - {}
RESULT: {}
COMMAND: POST /session/0b442ebc8f096c4bfeb5c66a52851a3f/execute/sync - {"script":"<script> [8489 bytes]","args":[{"element-6066-11e4-a52e-4f735466cecf":"f.9CA8B20795E6D08D18CCAFF067F35E12.d.6DD984C7D7272648BB1EB59DE6490AB2.e.19586","ELEMENT":"f.9CA8B20795E6D08D18CCAFF067F35E12.d.6DD984C7D7272648BB1EB59DE6490AB2.e.19586"}]}
COMMAND: GET /session/0b442ebc8f096c4bfeb5c66a52851a3f/screenshot - {}
RESULT: {}
RESULT: {"script":"<script> [8489 bytes]","args":[{"element-6066-11e4-a52e-4f735466cecf":"f.9CA8B20795E6D08D18CCAFF067F35E12.d.6DD984C7D7272648BB1EB59DE6490AB2.e.19586","ELEMENT":"f.9CA8B20795E6D08D18CCAFF067F35E12.d.6DD984C7D7272648BB1EB59DE6490AB2.e.19586"}]}
COMMAND: POST /session/0b442ebc8f096c4bfeb5c66a52851a3f/execute/sync - {"script":"<script> [5351 bytes]","args":[{"element-6066-11e4-a52e-4f735466cecf":"f.9CA8B20795E6D08D18CCAFF067F35E12.d.6DD984C7D7272648BB1EB59DE6490AB2.e.19586","ELEMENT":"f.9CA8B20795E6D08D18CCAFF067F35E12.d.6DD984C7D7272648BB1EB59DE6490AB2.e.19586"}]}
COMMAND: GET /session/0b442ebc8f096c4bfeb5c66a52851a3f/screenshot - {}
RESULT: {}
RESULT: {"script":"<script> [5351 bytes]","args":[{"element-6066-11e4-a52e-4f735466cecf":"f.9CA8B20795E6D08D18CCAFF067F35E12.d.6DD984C7D7272648BB1EB59DE6490AB2.e.19586","ELEMENT":"f.9CA8B20795E6D08D18CCAFF067F35E12.d.6DD984C7D7272648BB1EB59DE6490AB2.e.19586"}]}
COMMAND: POST /session/0b442ebc8f096c4bfeb5c66a52851a3f/element/f.9CA8B20795E6D08D18CCAFF067F35E12.d.6DD984C7D7272648BB1EB59DE6490AB2.e.19586/click - {}
COMMAND: GET /session/0b442ebc8f096c4bfeb5c66a52851a3f/screenshot - {}
RESULT: {}
RESULT: {}
COMMAND: GET /session/0b442ebc8f096c4bfeb5c66a52851a3f/screenshot - {}
RESULT: {}
RESULT: {}
COMMAND: POST /session/0b442ebc8f096c4bfeb5c66a52851a3f/execute/async - {"script":"<script> [1562 bytes]","args":[{"selector":{"controlType":"sap.m.Title","viewName":"etm.portal.ui.managepricingrules.view.NewItem","viewId":"application-managepricingrules-display-component---newInfoPriceItem","properties":{"text":"New Pricing Rules - Item Level"}},"wdio_ui5_key":"etmportal.ui.managepricingrules.view.NewItemsap.m.Title{\"text\":\"New Pricing Rules - Item Level\"}"}]}
RESULT: {"script":"<script> [1562 bytes]","args":[{"selector":{"controlType":"sap.m.Title","viewName":"etm.portal.ui.managepricingrules.view.NewItem","viewId":"application-managepricingrules-display-component---newInfoPriceItem","properties":{"text":"New Pricing Rules - Item Level"}},"wdio_ui5_key":"etmportal.ui.managepricingrules.view.NewItemsap.m.Title{\"text\":\"New Pricing Rules - Item Level\"}"}]}
RESULT: undefined
COMMAND: POST /session/0b442ebc8f096c4bfeb5c66a52851a3f/execute/async - {"script":"<script> [6424 bytes]","args":[{"element-6066-11e4-a52e-4f735466cecf":"f.9CA8B20795E6D08D18CCAFF067F35E12.d.6DD984C7D7272648BB1EB59DE6490AB2.e.19729"},"getText",[]]}
RESULT: {"script":"<script> [6424 bytes]","args":[{"element-6066-11e4-a52e-4f735466cecf":"f.9CA8B20795E6D08D18CCAFF067F35E12.d.6DD984C7D7272648BB1EB59DE6490AB2.e.19729"},"getText",[]]}
COMMAND: POST /session/0b442ebc8f096c4bfeb5c66a52851a3f/execute/async - {"script":"<script> [1562 bytes]","args":[{"selector":{"id":"application-managepricingrules-display-component---newInfoPriceItem--condValidTo","interaction":{"idSuffix":"inner"}},"wdio_ui5_key":"applicationmanagepricingrules-display-component---newInfoPriceItem--condValidTo"}]}
RESULT: {"script":"<script> [1562 bytes]","args":[{"selector":{"id":"application-managepricingrules-display-component---newInfoPriceItem--condValidTo","interaction":{"idSuffix":"inner"}},"wdio_ui5_key":"applicationmanagepricingrules-display-component---newInfoPriceItem--condValidTo"}]}
RESULT: undefined
COMMAND: POST /session/0b442ebc8f096c4bfeb5c66a52851a3f/execute/async - {"script":"<script> [776 bytes]","args":[{"enterText":"01/06/26","selector":{"id":"application-managepricingrules-display-component---newInfoPriceItem--condValidTo","interaction":{"idSuffix":"inner"}},"clearTextFirst":true,"interactionType":"ENTER_TEXT"}]}
RESULT: {"script":"<script> [776 bytes]","args":[{"enterText":"01/06/26","selector":{"id":"application-managepricingrules-display-component---newInfoPriceItem--condValidTo","interaction":{"idSuffix":"inner"}},"clearTextFirst":true,"interactionType":"ENTER_TEXT"}]}
COMMAND: POST /session/0b442ebc8f096c4bfeb5c66a52851a3f/execute/async - {"script":"<script> [1562 bytes]","args":[{"selector":{"id":"application-managepricingrules-display-component---newInfoPriceItem--billType-arrow"},"wdio_ui5_key":"applicationmanagepricingrules-display-component---newInfoPriceItem--billType-arrow"}]}
RESULT: {"script":"<script> [1562 bytes]","args":[{"selector":{"id":"application-managepricingrules-display-component---newInfoPriceItem--billType-arrow"},"wdio_ui5_key":"applicationmanagepricingrules-display-component---newInfoPriceItem--billType-arrow"}]}
RESULT: undefined
COMMAND: POST /session/0b442ebc8f096c4bfeb5c66a52851a3f/element - {"using":"xpath","value":"//*[@id=\"application-managepricingrules-display-component---newInfoPriceItem--billType-arrow\"]"}
RESULT: {"using":"xpath","value":"//*[@id=\"application-managepricingrules-display-component---newInfoPriceItem--billType-arrow\"]"}
COMMAND: POST /session/0b442ebc8f096c4bfeb5c66a52851a3f/element/f.9CA8B20795E6D08D18CCAFF067F35E12.d.6DD984C7D7272648BB1EB59DE6490AB2.e.19731/click - {}
RESULT: {}
COMMAND: POST /session/0b442ebc8f096c4bfeb5c66a52851a3f/element - {"using":"xpath","value":"//span[contains(text(), \"TB - Time based\")]"}
COMMAND: GET /session/0b442ebc8f096c4bfeb5c66a52851a3f/screenshot - {}
RESULT: {"using":"xpath","value":"//span[contains(text(), \"TB - Time based\")]"}
COMMAND: POST /session/0b442ebc8f096c4bfeb5c66a52851a3f/element/f.9CA8B20795E6D08D18CCAFF067F35E12.d.6DD984C7D7272648BB1EB59DE6490AB2.e.19732/click - {}
RESULT: {}
RESULT: {}
COMMAND: POST /session/0b442ebc8f096c4bfeb5c66a52851a3f/execute/async - {"script":"<script> [1562 bytes]","args":[{"selector":{"id":"application-managepricingrules-display-component---newInfoPriceItem--priceProc-arrow"},"wdio_ui5_key":"applicationmanagepricingrules-display-component---newInfoPriceItem--priceProc-arrow"}]}
COMMAND: GET /session/0b442ebc8f096c4bfeb5c66a52851a3f/screenshot - {}
RESULT: {}
RESULT: {"script":"<script> [1562 bytes]","args":[{"selector":{"id":"application-managepricingrules-display-component---newInfoPriceItem--priceProc-arrow"},"wdio_ui5_key":"applicationmanagepricingrules-display-component---newInfoPriceItem--priceProc-arrow"}]}
RESULT: undefined
COMMAND: POST /session/0b442ebc8f096c4bfeb5c66a52851a3f/element - {"using":"xpath","value":"//*[@id=\"application-managepricingrules-display-component---newInfoPriceItem--priceProc-arrow\"]"}
RESULT: {"using":"xpath","value":"//*[@id=\"application-managepricingrules-display-component---newInfoPriceItem--priceProc-arrow\"]"}
COMMAND: POST /session/0b442ebc8f096c4bfeb5c66a52851a3f/element/f.9CA8B20795E6D08D18CCAFF067F35E12.d.6DD984C7D7272648BB1EB59DE6490AB2.e.19733/click - {}
RESULT: {}
COMMAND: POST /session/0b442ebc8f096c4bfeb5c66a52851a3f/element - {"using":"xpath","value":"//span[contains(text(), \"TBS - Time based standard\")]"}
COMMAND: GET /session/0b442ebc8f096c4bfeb5c66a52851a3f/screenshot - {}
RESULT: {"using":"xpath","value":"//span[contains(text(), \"TBS - Time based standard\")]"}
COMMAND: POST /session/0b442ebc8f096c4bfeb5c66a52851a3f/element/f.9CA8B20795E6D08D18CCAFF067F35E12.d.6DD984C7D7272648BB1EB59DE6490AB2.e.19734/click - {}
RESULT: {}
RESULT: {}
COMMAND: POST /session/0b442ebc8f096c4bfeb5c66a52851a3f/execute/async - {"script":"<script> [1562 bytes]","args":[{"selector":{"id":"application-managepricingrules-display-component---newInfoPriceItem--calcBase-arrow"},"wdio_ui5_key":"applicationmanagepricingrules-display-component---newInfoPriceItem--calcBase-arrow"}]}
COMMAND: GET /session/0b442ebc8f096c4bfeb5c66a52851a3f/screenshot - {}
RESULT: {"script":"<script> [1562 bytes]","args":[{"selector":{"id":"application-managepricingrules-display-component---newInfoPriceItem--calcBase-arrow"},"wdio_ui5_key":"applicationmanagepricingrules-display-component---newInfoPriceItem--calcBase-arrow"}]}
RESULT: undefined
COMMAND: POST /session/0b442ebc8f096c4bfeb5c66a52851a3f/element - {"using":"xpath","value":"//*[@id=\"application-managepricingrules-display-component---newInfoPriceItem--calcBase-arrow\"]"}
RESULT: {}
RESULT: {"using":"xpath","value":"//*[@id=\"application-managepricingrules-display-component---newInfoPriceItem--calcBase-arrow\"]"}
COMMAND: POST /session/0b442ebc8f096c4bfeb5c66a52851a3f/element/f.9CA8B20795E6D08D18CCAFF067F35E12.d.6DD984C7D7272648BB1EB59DE6490AB2.e.19702/click - {}
RESULT: {}
COMMAND: GET /session/0b442ebc8f096c4bfeb5c66a52851a3f/screenshot - {}
RESULT: {}
COMMAND: POST /session/0b442ebc8f096c4bfeb5c66a52851a3f/element - {"using":"xpath","value":"//span[contains(text(), \"0006 - TB(calendar days)\")]"}
RESULT: {"using":"xpath","value":"//span[contains(text(), \"0006 - TB(calendar days)\")]"}
COMMAND: POST /session/0b442ebc8f096c4bfeb5c66a52851a3f/element/f.9CA8B20795E6D08D18CCAFF067F35E12.d.6DD984C7D7272648BB1EB59DE6490AB2.e.19735/click - {}
RESULT: {}
COMMAND: GET /session/0b442ebc8f096c4bfeb5c66a52851a3f/screenshot - {}
RESULT: {}
COMMAND: POST /session/0b442ebc8f096c4bfeb5c66a52851a3f/execute/async - {"script":"<script> [1562 bytes]","args":[{"selector":{"id":"application-managepricingrules-display-component---newInfoPriceItem--daysMonth","interaction":{"idSuffix":"inner"}},"wdio_ui5_key":"applicationmanagepricingrules-display-component---newInfoPriceItem--daysMonth"}]}
RESULT: {"script":"<script> [1562 bytes]","args":[{"selector":{"id":"application-managepricingrules-display-component---newInfoPriceItem--daysMonth","interaction":{"idSuffix":"inner"}},"wdio_ui5_key":"applicationmanagepricingrules-display-component---newInfoPriceItem--daysMonth"}]}
RESULT: undefined
COMMAND: POST /session/0b442ebc8f096c4bfeb5c66a52851a3f/execute/async - {"script":"<script> [776 bytes]","args":[{"enterText":"30","selector":{"id":"application-managepricingrules-display-component---newInfoPriceItem--daysMonth","interaction":{"idSuffix":"inner"}},"clearTextFirst":true,"interactionType":"ENTER_TEXT"}]}
RESULT: {"script":"<script> [776 bytes]","args":[{"enterText":"30","selector":{"id":"application-managepricingrules-display-component---newInfoPriceItem--daysMonth","interaction":{"idSuffix":"inner"}},"clearTextFirst":true,"interactionType":"ENTER_TEXT"}]}
COMMAND: POST /session/0b442ebc8f096c4bfeb5c66a52851a3f/element - {"using":"xpath","value":"//button[@data-kt=\"saveNewRuleButton\"]"}
RESULT: {"using":"xpath","value":"//button[@data-kt=\"saveNewRuleButton\"]"}
COMMAND: POST /session/0b442ebc8f096c4bfeb5c66a52851a3f/element/f.9CA8B20795E6D08D18CCAFF067F35E12.d.6DD984C7D7272648BB1EB59DE6490AB2.e.19717/click - {}
RESULT: {}
COMMAND: GET /session/0b442ebc8f096c4bfeb5c66a52851a3f/screenshot - {}
RESULT: {}
COMMAND: POST /session/0b442ebc8f096c4bfeb5c66a52851a3f/execute/async - {"script":"<script> [1562 bytes]","args":[{"selector":{"id":"application-managepricingrules-display-component---priceInfoItem--smartFilterBar-btnBasicSearch","interaction":{"idSuffix":"I"}},"wdio_ui5_key":"applicationmanagepricingrules-display-component---priceInfoItem--smartFilterBar-btnBasicSearch"}]}
RESULT: {"script":"<script> [1562 bytes]","args":[{"selector":{"id":"application-managepricingrules-display-component---priceInfoItem--smartFilterBar-btnBasicSearch","interaction":{"idSuffix":"I"}},"wdio_ui5_key":"applicationmanagepricingrules-display-component---priceInfoItem--smartFilterBar-btnBasicSearch"}]}
RESULT: undefined
COMMAND: POST /session/0b442ebc8f096c4bfeb5c66a52851a3f/execute/async - {"script":"<script> [776 bytes]","args":[{"enterText":"JxbS9cyJMp","selector":{"id":"application-managepricingrules-display-component---priceInfoItem--smartFilterBar-btnBasicSearch","interaction":{"idSuffix":"I"}},"clearTextFirst":true,"interactionType":"ENTER_TEXT"}]}
RESULT: {"script":"<script> [776 bytes]","args":[{"enterText":"JxbS9cyJMp","selector":{"id":"application-managepricingrules-display-component---priceInfoItem--smartFilterBar-btnBasicSearch","interaction":{"idSuffix":"I"}},"clearTextFirst":true,"interactionType":"ENTER_TEXT"}]}
COMMAND: POST /session/0b442ebc8f096c4bfeb5c66a52851a3f/actions - {"actions":[{"id":"action69","type":"key","parameters":{},"actions":[{"type":"keyDown","value":"î€‡"},{"type":"pause","duration":10},{"type":"keyUp","value":"î€‡"}]}]}
RESULT: {"actions":[{"id":"action69","type":"key","parameters":{},"actions":[{"type":"keyDown","value":"î€‡"},{"type":"pause","duration":10},{"type":"keyUp","value":"î€‡"}]}]}
COMMAND: GET /session/0b442ebc8f096c4bfeb5c66a52851a3f/screenshot - {}
RESULT: {}
COMMAND: POST /session/0b442ebc8f096c4bfeb5c66a52851a3f/element - {"using":"xpath","value":"//span[@id=\"application-managepricingrules-display-component---priceInfoItem--smartTable-header-inner\"]"}
RESULT: {"using":"xpath","value":"//span[@id=\"application-managepricingrules-display-component---priceInfoItem--smartTable-header-inner\"]"}
COMMAND: POST /session/0b442ebc8f096c4bfeb5c66a52851a3f/elements - {"using":"xpath","value":"//span[@id=\"application-managepricingrules-display-component---priceInfoItem--smartTable-header-inner\"]"}
RESULT: {"using":"xpath","value":"//span[@id=\"application-managepricingrules-display-component---priceInfoItem--smartTable-header-inner\"]"}
COMMAND: POST /session/0b442ebc8f096c4bfeb5c66a52851a3f/execute/sync - {"script":"<script> [56 bytes]","args":[{"element-6066-11e4-a52e-4f735466cecf":"f.9CA8B20795E6D08D18CCAFF067F35E12.d.6DD984C7D7272648BB1EB59DE6490AB2.e.19759","ELEMENT":"f.9CA8B20795E6D08D18CCAFF067F35E12.d.6DD984C7D7272648BB1EB59DE6490AB2.e.19759"}]}
RESULT: {"script":"<script> [56 bytes]","args":[{"element-6066-11e4-a52e-4f735466cecf":"f.9CA8B20795E6D08D18CCAFF067F35E12.d.6DD984C7D7272648BB1EB59DE6490AB2.e.19759","ELEMENT":"f.9CA8B20795E6D08D18CCAFF067F35E12.d.6DD984C7D7272648BB1EB59DE6490AB2.e.19759"}]}
COMMAND: POST /session/0b442ebc8f096c4bfeb5c66a52851a3f/element - {"using":"css selector","value":"#shell-header-logo"}
COMMAND: GET /session/0b442ebc8f096c4bfeb5c66a52851a3f/screenshot - {}
RESULT: {"using":"css selector","value":"#shell-header-logo"}
COMMAND: POST /session/0b442ebc8f096c4bfeb5c66a52851a3f/element/f.9CA8B20795E6D08D18CCAFF067F35E12.d.6DD984C7D7272648BB1EB59DE6490AB2.e.18896/click - {}
RESULT: {}
RESULT: {}
COMMAND: GET /session/0b442ebc8f096c4bfeb5c66a52851a3f/screenshot - {}
RESULT: {}
]]></system-out>
    </testcase>
    <testcase classname="chrome.135_0_7049_96.windows.Billing_Calculation_-_Time_based_(considering_transport_times)_US139738" name="Should create new pricing condition for the equipment" time="73.144">
      <system-out><![CDATA[
COMMAND: POST /session/0b442ebc8f096c4bfeb5c66a52851a3f/execute/async - {"script":"<script> [1562 bytes]","args":[{"selector":{"controlType":"sap.m.Text","properties":{"text":"Manage Conditions & Prices"},"interaction":{"idSuffix":"inner"}},"wdio_ui5_key":"sapm.Text{\"text\":\"Manage Conditions & Prices\"}"}]}
RESULT: {"script":"<script> [1562 bytes]","args":[{"selector":{"controlType":"sap.m.Text","properties":{"text":"Manage Conditions & Prices"},"interaction":{"idSuffix":"inner"}},"wdio_ui5_key":"sapm.Text{\"text\":\"Manage Conditions & Prices\"}"}]}
RESULT: undefined
COMMAND: POST /session/0b442ebc8f096c4bfeb5c66a52851a3f/element - {"using":"xpath","value":"//*[@id=\"__tile53-title\"]"}
RESULT: {"using":"xpath","value":"//*[@id=\"__tile53-title\"]"}
COMMAND: POST /session/0b442ebc8f096c4bfeb5c66a52851a3f/element/f.9CA8B20795E6D08D18CCAFF067F35E12.d.6DD984C7D7272648BB1EB59DE6490AB2.e.19762/click - {}
RESULT: {}
COMMAND: POST /session/0b442ebc8f096c4bfeb5c66a52851a3f/element - {"using":"xpath","value":"//button[@aria-label=\"Create\"]"}
COMMAND: GET /session/0b442ebc8f096c4bfeb5c66a52851a3f/screenshot - {}
RESULT: {"using":"xpath","value":"//button[@aria-label=\"Create\"]"}
COMMAND: POST /session/0b442ebc8f096c4bfeb5c66a52851a3f/elements - {"using":"xpath","value":"//button[@aria-label=\"Create\"]"}
RESULT: {}
RESULT: {"using":"xpath","value":"//button[@aria-label=\"Create\"]"}
COMMAND: POST /session/0b442ebc8f096c4bfeb5c66a52851a3f/elements - {"using":"xpath","value":"//button[@aria-label=\"Create\"]"}
RESULT: {"using":"xpath","value":"//button[@aria-label=\"Create\"]"}
COMMAND: POST /session/0b442ebc8f096c4bfeb5c66a52851a3f/element - {"using":"xpath","value":"//button[@aria-label=\"Create\"]"}
RESULT: {"using":"xpath","value":"//button[@aria-label=\"Create\"]"}
COMMAND: POST /session/0b442ebc8f096c4bfeb5c66a52851a3f/execute/sync - {"script":"<script> [8489 bytes]","args":[{"element-6066-11e4-a52e-4f735466cecf":"f.9CA8B20795E6D08D18CCAFF067F35E12.d.6DD984C7D7272648BB1EB59DE6490AB2.e.19796","ELEMENT":"f.9CA8B20795E6D08D18CCAFF067F35E12.d.6DD984C7D7272648BB1EB59DE6490AB2.e.19796"}]}
RESULT: {"script":"<script> [8489 bytes]","args":[{"element-6066-11e4-a52e-4f735466cecf":"f.9CA8B20795E6D08D18CCAFF067F35E12.d.6DD984C7D7272648BB1EB59DE6490AB2.e.19796","ELEMENT":"f.9CA8B20795E6D08D18CCAFF067F35E12.d.6DD984C7D7272648BB1EB59DE6490AB2.e.19796"}]}
COMMAND: GET /session/0b442ebc8f096c4bfeb5c66a52851a3f/element/f.9CA8B20795E6D08D18CCAFF067F35E12.d.6DD984C7D7272648BB1EB59DE6490AB2.e.19796/enabled - {}
COMMAND: GET /session/0b442ebc8f096c4bfeb5c66a52851a3f/screenshot - {}
RESULT: {}
COMMAND: POST /session/0b442ebc8f096c4bfeb5c66a52851a3f/execute/sync - {"script":"<script> [8489 bytes]","args":[{"element-6066-11e4-a52e-4f735466cecf":"f.9CA8B20795E6D08D18CCAFF067F35E12.d.6DD984C7D7272648BB1EB59DE6490AB2.e.19796","ELEMENT":"f.9CA8B20795E6D08D18CCAFF067F35E12.d.6DD984C7D7272648BB1EB59DE6490AB2.e.19796"}]}
COMMAND: GET /session/0b442ebc8f096c4bfeb5c66a52851a3f/screenshot - {}
RESULT: {}
RESULT: {"script":"<script> [8489 bytes]","args":[{"element-6066-11e4-a52e-4f735466cecf":"f.9CA8B20795E6D08D18CCAFF067F35E12.d.6DD984C7D7272648BB1EB59DE6490AB2.e.19796","ELEMENT":"f.9CA8B20795E6D08D18CCAFF067F35E12.d.6DD984C7D7272648BB1EB59DE6490AB2.e.19796"}]}
COMMAND: POST /session/0b442ebc8f096c4bfeb5c66a52851a3f/execute/sync - {"script":"<script> [5351 bytes]","args":[{"element-6066-11e4-a52e-4f735466cecf":"f.9CA8B20795E6D08D18CCAFF067F35E12.d.6DD984C7D7272648BB1EB59DE6490AB2.e.19796","ELEMENT":"f.9CA8B20795E6D08D18CCAFF067F35E12.d.6DD984C7D7272648BB1EB59DE6490AB2.e.19796"}]}
COMMAND: GET /session/0b442ebc8f096c4bfeb5c66a52851a3f/screenshot - {}
RESULT: {}
RESULT: {"script":"<script> [5351 bytes]","args":[{"element-6066-11e4-a52e-4f735466cecf":"f.9CA8B20795E6D08D18CCAFF067F35E12.d.6DD984C7D7272648BB1EB59DE6490AB2.e.19796","ELEMENT":"f.9CA8B20795E6D08D18CCAFF067F35E12.d.6DD984C7D7272648BB1EB59DE6490AB2.e.19796"}]}
COMMAND: POST /session/0b442ebc8f096c4bfeb5c66a52851a3f/element/f.9CA8B20795E6D08D18CCAFF067F35E12.d.6DD984C7D7272648BB1EB59DE6490AB2.e.19796/click - {}
COMMAND: GET /session/0b442ebc8f096c4bfeb5c66a52851a3f/screenshot - {}
RESULT: {}
RESULT: {}
COMMAND: GET /session/0b442ebc8f096c4bfeb5c66a52851a3f/screenshot - {}
RESULT: {}
RESULT: {}
COMMAND: POST /session/0b442ebc8f096c4bfeb5c66a52851a3f/actions - {"actions":[{"id":"action70","type":"key","parameters":{},"actions":[{"type":"keyDown","value":"î€‡"},{"type":"pause","duration":10},{"type":"keyUp","value":"î€‡"}]}]}
RESULT: {"actions":[{"id":"action70","type":"key","parameters":{},"actions":[{"type":"keyDown","value":"î€‡"},{"type":"pause","duration":10},{"type":"keyUp","value":"î€‡"}]}]}
COMMAND: GET /session/0b442ebc8f096c4bfeb5c66a52851a3f/screenshot - {}
RESULT: {}
COMMAND: POST /session/0b442ebc8f096c4bfeb5c66a52851a3f/execute/async - {"script":"<script> [1562 bytes]","args":[{"selector":{"id":"application-manageconditionprice-display-component---newCondition--condBillCond-arrow"},"wdio_ui5_key":"applicationmanageconditionprice-display-component---newCondition--condBillCond-arrow"}]}
RESULT: {"script":"<script> [1562 bytes]","args":[{"selector":{"id":"application-manageconditionprice-display-component---newCondition--condBillCond-arrow"},"wdio_ui5_key":"applicationmanageconditionprice-display-component---newCondition--condBillCond-arrow"}]}
RESULT: undefined
COMMAND: POST /session/0b442ebc8f096c4bfeb5c66a52851a3f/element - {"using":"xpath","value":"//*[@id=\"application-manageconditionprice-display-component---newCondition--condBillCond-arrow\"]"}
RESULT: {"using":"xpath","value":"//*[@id=\"application-manageconditionprice-display-component---newCondition--condBillCond-arrow\"]"}
COMMAND: POST /session/0b442ebc8f096c4bfeb5c66a52851a3f/element/f.9CA8B20795E6D08D18CCAFF067F35E12.d.6DD984C7D7272648BB1EB59DE6490AB2.e.19977/click - {}
RESULT: {}
COMMAND: GET /session/0b442ebc8f096c4bfeb5c66a52851a3f/screenshot - {}
RESULT: {}
COMMAND: POST /session/0b442ebc8f096c4bfeb5c66a52851a3f/element - {"using":"xpath","value":"//li[.//span[contains(text(), \"DISP - D&I special price\")]]"}
RESULT: {"using":"xpath","value":"//li[.//span[contains(text(), \"DISP - D&I special price\")]]"}
COMMAND: POST /session/0b442ebc8f096c4bfeb5c66a52851a3f/element/f.9CA8B20795E6D08D18CCAFF067F35E12.d.6DD984C7D7272648BB1EB59DE6490AB2.e.19980/click - {}
RESULT: {}
COMMAND: GET /session/0b442ebc8f096c4bfeb5c66a52851a3f/screenshot - {}
RESULT: {}
COMMAND: POST /session/0b442ebc8f096c4bfeb5c66a52851a3f/execute/async - {"script":"<script> [1562 bytes]","args":[{"selector":{"id":"application-manageconditionprice-display-component---newCondition--condValidTo","interaction":{"idSuffix":"inner"}},"wdio_ui5_key":"applicationmanageconditionprice-display-component---newCondition--condValidTo"}]}
RESULT: {"script":"<script> [1562 bytes]","args":[{"selector":{"id":"application-manageconditionprice-display-component---newCondition--condValidTo","interaction":{"idSuffix":"inner"}},"wdio_ui5_key":"applicationmanageconditionprice-display-component---newCondition--condValidTo"}]}
RESULT: undefined
COMMAND: POST /session/0b442ebc8f096c4bfeb5c66a52851a3f/execute/async - {"script":"<script> [776 bytes]","args":[{"enterText":"01/06/26","selector":{"id":"application-manageconditionprice-display-component---newCondition--condValidTo","interaction":{"idSuffix":"inner"}},"clearTextFirst":true,"interactionType":"ENTER_TEXT"}]}
RESULT: {"script":"<script> [776 bytes]","args":[{"enterText":"01/06/26","selector":{"id":"application-manageconditionprice-display-component---newCondition--condValidTo","interaction":{"idSuffix":"inner"}},"clearTextFirst":true,"interactionType":"ENTER_TEXT"}]}
COMMAND: POST /session/0b442ebc8f096c4bfeb5c66a52851a3f/element - {"using":"xpath","value":"//input[@id=\"application-manageconditionprice-display-component---newCondition--condRU-inner\"]"}
RESULT: {"using":"xpath","value":"//input[@id=\"application-manageconditionprice-display-component---newCondition--condRU-inner\"]"}
COMMAND: POST /session/0b442ebc8f096c4bfeb5c66a52851a3f/element/f.9CA8B20795E6D08D18CCAFF067F35E12.d.6DD984C7D7272648BB1EB59DE6490AB2.e.19842/clear - {}
RESULT: {}
COMMAND: POST /session/0b442ebc8f096c4bfeb5c66a52851a3f/element/f.9CA8B20795E6D08D18CCAFF067F35E12.d.6DD984C7D7272648BB1EB59DE6490AB2.e.19842/value - {"text":"JxbS9cyJMp"}
COMMAND: GET /session/0b442ebc8f096c4bfeb5c66a52851a3f/screenshot - {}
RESULT: {"text":"JxbS9cyJMp"}
COMMAND: GET /session/0b442ebc8f096c4bfeb5c66a52851a3f/screenshot - {}
RESULT: {}
RESULT: {}
COMMAND: POST /session/0b442ebc8f096c4bfeb5c66a52851a3f/actions - {"actions":[{"id":"action71","type":"key","parameters":{},"actions":[{"type":"keyDown","value":"î€‡"},{"type":"pause","duration":10},{"type":"keyUp","value":"î€‡"}]}]}
RESULT: {"actions":[{"id":"action71","type":"key","parameters":{},"actions":[{"type":"keyDown","value":"î€‡"},{"type":"pause","duration":10},{"type":"keyUp","value":"î€‡"}]}]}
COMMAND: POST /session/0b442ebc8f096c4bfeb5c66a52851a3f/execute/async - {"script":"<script> [1562 bytes]","args":[{"selector":{"id":"application-manageconditionprice-display-component---newCondition--condBaseQty","interaction":{"idSuffix":"inner"}},"wdio_ui5_key":"applicationmanageconditionprice-display-component---newCondition--condBaseQty"}]}
COMMAND: GET /session/0b442ebc8f096c4bfeb5c66a52851a3f/screenshot - {}
RESULT: {"script":"<script> [1562 bytes]","args":[{"selector":{"id":"application-manageconditionprice-display-component---newCondition--condBaseQty","interaction":{"idSuffix":"inner"}},"wdio_ui5_key":"applicationmanageconditionprice-display-component---newCondition--condBaseQty"}]}
RESULT: undefined
COMMAND: POST /session/0b442ebc8f096c4bfeb5c66a52851a3f/execute/async - {"script":"<script> [776 bytes]","args":[{"enterText":"1","selector":{"id":"application-manageconditionprice-display-component---newCondition--condBaseQty","interaction":{"idSuffix":"inner"}},"clearTextFirst":true,"interactionType":"ENTER_TEXT"}]}
RESULT: {}
RESULT: {"script":"<script> [776 bytes]","args":[{"enterText":"1","selector":{"id":"application-manageconditionprice-display-component---newCondition--condBaseQty","interaction":{"idSuffix":"inner"}},"clearTextFirst":true,"interactionType":"ENTER_TEXT"}]}
COMMAND: POST /session/0b442ebc8f096c4bfeb5c66a52851a3f/execute/async - {"script":"<script> [1562 bytes]","args":[{"selector":{"id":"application-manageconditionprice-display-component---newCondition--condValue","interaction":{"idSuffix":"inner"}},"wdio_ui5_key":"applicationmanageconditionprice-display-component---newCondition--condValue"}]}
RESULT: {"script":"<script> [1562 bytes]","args":[{"selector":{"id":"application-manageconditionprice-display-component---newCondition--condValue","interaction":{"idSuffix":"inner"}},"wdio_ui5_key":"applicationmanageconditionprice-display-component---newCondition--condValue"}]}
RESULT: undefined
COMMAND: POST /session/0b442ebc8f096c4bfeb5c66a52851a3f/execute/async - {"script":"<script> [776 bytes]","args":[{"enterText":"100","selector":{"id":"application-manageconditionprice-display-component---newCondition--condValue","interaction":{"idSuffix":"inner"}},"clearTextFirst":true,"interactionType":"ENTER_TEXT"}]}
RESULT: {"script":"<script> [776 bytes]","args":[{"enterText":"100","selector":{"id":"application-manageconditionprice-display-component---newCondition--condValue","interaction":{"idSuffix":"inner"}},"clearTextFirst":true,"interactionType":"ENTER_TEXT"}]}
COMMAND: POST /session/0b442ebc8f096c4bfeb5c66a52851a3f/execute/async - {"script":"<script> [1562 bytes]","args":[{"selector":{"id":"application-manageconditionprice-display-component---newCondition--condCurr-arrow"},"wdio_ui5_key":"applicationmanageconditionprice-display-component---newCondition--condCurr-arrow"}]}
RESULT: {"script":"<script> [1562 bytes]","args":[{"selector":{"id":"application-manageconditionprice-display-component---newCondition--condCurr-arrow"},"wdio_ui5_key":"applicationmanageconditionprice-display-component---newCondition--condCurr-arrow"}]}
RESULT: undefined
COMMAND: POST /session/0b442ebc8f096c4bfeb5c66a52851a3f/element - {"using":"xpath","value":"//*[@id=\"application-manageconditionprice-display-component---newCondition--condCurr-arrow\"]"}
RESULT: {"using":"xpath","value":"//*[@id=\"application-manageconditionprice-display-component---newCondition--condCurr-arrow\"]"}
COMMAND: POST /session/0b442ebc8f096c4bfeb5c66a52851a3f/element/f.9CA8B20795E6D08D18CCAFF067F35E12.d.6DD984C7D7272648BB1EB59DE6490AB2.e.19944/click - {}
RESULT: {}
COMMAND: POST /session/0b442ebc8f096c4bfeb5c66a52851a3f/element - {"using":"xpath","value":"//span[contains(text(), \"Euro\")]"}
COMMAND: GET /session/0b442ebc8f096c4bfeb5c66a52851a3f/screenshot - {}
RESULT: {"using":"xpath","value":"//span[contains(text(), \"Euro\")]"}
COMMAND: POST /session/0b442ebc8f096c4bfeb5c66a52851a3f/element/f.9CA8B20795E6D08D18CCAFF067F35E12.d.6DD984C7D7272648BB1EB59DE6490AB2.e.20017/click - {}
RESULT: {}
RESULT: {}
COMMAND: POST /session/0b442ebc8f096c4bfeb5c66a52851a3f/element - {"using":"xpath","value":"//button[@data-kt=\"saveButton\"]"}
COMMAND: GET /session/0b442ebc8f096c4bfeb5c66a52851a3f/screenshot - {}
RESULT: {"using":"xpath","value":"//button[@data-kt=\"saveButton\"]"}
COMMAND: POST /session/0b442ebc8f096c4bfeb5c66a52851a3f/element/f.9CA8B20795E6D08D18CCAFF067F35E12.d.6DD984C7D7272648BB1EB59DE6490AB2.e.19945/click - {}
RESULT: {}
RESULT: {}
COMMAND: GET /session/0b442ebc8f096c4bfeb5c66a52851a3f/screenshot - {}
RESULT: {}
COMMAND: POST /session/0b442ebc8f096c4bfeb5c66a52851a3f/execute/async - {"script":"<script> [1562 bytes]","args":[{"selector":{"id":"application-manageconditionprice-display-component---conditions--smartFilterBar-btnBasicSearch","interaction":{"idSuffix":"I"}},"wdio_ui5_key":"applicationmanageconditionprice-display-component---conditions--smartFilterBar-btnBasicSearch"}]}
RESULT: {"script":"<script> [1562 bytes]","args":[{"selector":{"id":"application-manageconditionprice-display-component---conditions--smartFilterBar-btnBasicSearch","interaction":{"idSuffix":"I"}},"wdio_ui5_key":"applicationmanageconditionprice-display-component---conditions--smartFilterBar-btnBasicSearch"}]}
RESULT: undefined
COMMAND: POST /session/0b442ebc8f096c4bfeb5c66a52851a3f/execute/async - {"script":"<script> [776 bytes]","args":[{"enterText":"JxbS9cyJMp","selector":{"id":"application-manageconditionprice-display-component---conditions--smartFilterBar-btnBasicSearch","interaction":{"idSuffix":"I"}},"clearTextFirst":true,"interactionType":"ENTER_TEXT"}]}
RESULT: {"script":"<script> [776 bytes]","args":[{"enterText":"JxbS9cyJMp","selector":{"id":"application-manageconditionprice-display-component---conditions--smartFilterBar-btnBasicSearch","interaction":{"idSuffix":"I"}},"clearTextFirst":true,"interactionType":"ENTER_TEXT"}]}
COMMAND: POST /session/0b442ebc8f096c4bfeb5c66a52851a3f/actions - {"actions":[{"id":"action72","type":"key","parameters":{},"actions":[{"type":"keyDown","value":"î€‡"},{"type":"pause","duration":10},{"type":"keyUp","value":"î€‡"}]}]}
RESULT: {"actions":[{"id":"action72","type":"key","parameters":{},"actions":[{"type":"keyDown","value":"î€‡"},{"type":"pause","duration":10},{"type":"keyUp","value":"î€‡"}]}]}
COMMAND: GET /session/0b442ebc8f096c4bfeb5c66a52851a3f/screenshot - {}
RESULT: {}
COMMAND: POST /session/0b442ebc8f096c4bfeb5c66a52851a3f/execute/async - {"script":"<script> [1562 bytes]","args":[{"selector":{"id":"application-manageconditionprice-display-component---conditions--smartFilterBar-filterItemControl_BASIC-BILL_TYPES-vhi"},"wdio_ui5_key":"applicationmanageconditionprice-display-component---conditions--smartFilterBar-filterItemControl_BASIC-BILL_TYPES-vhi"}]}
RESULT: {"script":"<script> [1562 bytes]","args":[{"selector":{"id":"application-manageconditionprice-display-component---conditions--smartFilterBar-filterItemControl_BASIC-BILL_TYPES-vhi"},"wdio_ui5_key":"applicationmanageconditionprice-display-component---conditions--smartFilterBar-filterItemControl_BASIC-BILL_TYPES-vhi"}]}
RESULT: undefined
COMMAND: POST /session/0b442ebc8f096c4bfeb5c66a52851a3f/element - {"using":"xpath","value":"//*[@id=\"application-manageconditionprice-display-component---conditions--smartFilterBar-filterItemControl_BASIC-BILL_TYPES-vhi\"]"}
RESULT: {"using":"xpath","value":"//*[@id=\"application-manageconditionprice-display-component---conditions--smartFilterBar-filterItemControl_BASIC-BILL_TYPES-vhi\"]"}
COMMAND: POST /session/0b442ebc8f096c4bfeb5c66a52851a3f/element/f.9CA8B20795E6D08D18CCAFF067F35E12.d.6DD984C7D7272648BB1EB59DE6490AB2.e.20033/click - {}
RESULT: {}
COMMAND: POST /session/0b442ebc8f096c4bfeb5c66a52851a3f/execute/async - {"script":"<script> [1562 bytes]","args":[{"selector":{"id":"application-manageconditionprice-display-component---conditions--smartFilterBar-filterItemControl_BASIC-BILL_TYPES-valueHelpDialog-smartFilterBar-btnBasicSearch","searchOpenDialogs":true,"interaction":{"idSuffix":"I"}},"wdio_ui5_key":"applicationmanageconditionprice-display-component---conditions--smartFilterBar-filterItemControl_BASIC-BILL_TYPES-valueHelpDialog-smartFilterBar-btnBasicSearch"}]}
COMMAND: GET /session/0b442ebc8f096c4bfeb5c66a52851a3f/screenshot - {}
RESULT: {"script":"<script> [1562 bytes]","args":[{"selector":{"id":"application-manageconditionprice-display-component---conditions--smartFilterBar-filterItemControl_BASIC-BILL_TYPES-valueHelpDialog-smartFilterBar-btnBasicSearch","searchOpenDialogs":true,"interaction":{"idSuffix":"I"}},"wdio_ui5_key":"applicationmanageconditionprice-display-component---conditions--smartFilterBar-filterItemControl_BASIC-BILL_TYPES-valueHelpDialog-smartFilterBar-btnBasicSearch"}]}
RESULT: undefined
COMMAND: POST /session/0b442ebc8f096c4bfeb5c66a52851a3f/execute/async - {"script":"<script> [776 bytes]","args":[{"enterText":"TB","selector":{"id":"application-manageconditionprice-display-component---conditions--smartFilterBar-filterItemControl_BASIC-BILL_TYPES-valueHelpDialog-smartFilterBar-btnBasicSearch","searchOpenDialogs":true,"interaction":{"idSuffix":"I"}},"clearTextFirst":true,"interactionType":"ENTER_TEXT"}]}
RESULT: {}
RESULT: {"script":"<script> [776 bytes]","args":[{"enterText":"TB","selector":{"id":"application-manageconditionprice-display-component---conditions--smartFilterBar-filterItemControl_BASIC-BILL_TYPES-valueHelpDialog-smartFilterBar-btnBasicSearch","searchOpenDialogs":true,"interaction":{"idSuffix":"I"}},"clearTextFirst":true,"interactionType":"ENTER_TEXT"}]}
COMMAND: POST /session/0b442ebc8f096c4bfeb5c66a52851a3f/actions - {"actions":[{"id":"action73","type":"key","parameters":{},"actions":[{"type":"keyDown","value":"î€‡"},{"type":"pause","duration":10},{"type":"keyUp","value":"î€‡"}]}]}
RESULT: {"actions":[{"id":"action73","type":"key","parameters":{},"actions":[{"type":"keyDown","value":"î€‡"},{"type":"pause","duration":10},{"type":"keyUp","value":"î€‡"}]}]}
COMMAND: GET /session/0b442ebc8f096c4bfeb5c66a52851a3f/screenshot - {}
RESULT: {}
COMMAND: POST /session/0b442ebc8f096c4bfeb5c66a52851a3f/element - {"using":"xpath","value":"//div[contains(@id, 'application-manageconditionprice-display-component---conditions--smartFilterBar-filterItemControl_BASIC-BILL_TYPES-valueHelpDialog-table-rowsel0')]"}
RESULT: {"using":"xpath","value":"//div[contains(@id, 'application-manageconditionprice-display-component---conditions--smartFilterBar-filterItemControl_BASIC-BILL_TYPES-valueHelpDialog-table-rowsel0')]"}
COMMAND: POST /session/0b442ebc8f096c4bfeb5c66a52851a3f/element/f.9CA8B20795E6D08D18CCAFF067F35E12.d.6DD984C7D7272648BB1EB59DE6490AB2.e.20042/click - {}
RESULT: {}
COMMAND: GET /session/0b442ebc8f096c4bfeb5c66a52851a3f/screenshot - {}
RESULT: {}
COMMAND: POST /session/0b442ebc8f096c4bfeb5c66a52851a3f/element - {"using":"xpath","value":"//bdi[contains(text(), \"OK\")]"}
RESULT: {"using":"xpath","value":"//bdi[contains(text(), \"OK\")]"}
COMMAND: POST /session/0b442ebc8f096c4bfeb5c66a52851a3f/element/f.9CA8B20795E6D08D18CCAFF067F35E12.d.6DD984C7D7272648BB1EB59DE6490AB2.e.20044/click - {}
RESULT: {}
COMMAND: GET /session/0b442ebc8f096c4bfeb5c66a52851a3f/screenshot - {}
RESULT: {}
COMMAND: POST /session/0b442ebc8f096c4bfeb5c66a52851a3f/element - {"using":"xpath","value":"//span[@id=\"application-manageconditionprice-display-component---conditions--smartTable-header-inner\"]"}
RESULT: {"using":"xpath","value":"//span[@id=\"application-manageconditionprice-display-component---conditions--smartTable-header-inner\"]"}
COMMAND: POST /session/0b442ebc8f096c4bfeb5c66a52851a3f/elements - {"using":"xpath","value":"//span[@id=\"application-manageconditionprice-display-component---conditions--smartTable-header-inner\"]"}
RESULT: {"using":"xpath","value":"//span[@id=\"application-manageconditionprice-display-component---conditions--smartTable-header-inner\"]"}
COMMAND: POST /session/0b442ebc8f096c4bfeb5c66a52851a3f/execute/sync - {"script":"<script> [56 bytes]","args":[{"element-6066-11e4-a52e-4f735466cecf":"f.9CA8B20795E6D08D18CCAFF067F35E12.d.6DD984C7D7272648BB1EB59DE6490AB2.e.20047","ELEMENT":"f.9CA8B20795E6D08D18CCAFF067F35E12.d.6DD984C7D7272648BB1EB59DE6490AB2.e.20047"}]}
RESULT: {"script":"<script> [56 bytes]","args":[{"element-6066-11e4-a52e-4f735466cecf":"f.9CA8B20795E6D08D18CCAFF067F35E12.d.6DD984C7D7272648BB1EB59DE6490AB2.e.20047","ELEMENT":"f.9CA8B20795E6D08D18CCAFF067F35E12.d.6DD984C7D7272648BB1EB59DE6490AB2.e.20047"}]}
COMMAND: POST /session/0b442ebc8f096c4bfeb5c66a52851a3f/element - {"using":"css selector","value":"#shell-header-logo"}
COMMAND: GET /session/0b442ebc8f096c4bfeb5c66a52851a3f/screenshot - {}
RESULT: {"using":"css selector","value":"#shell-header-logo"}
COMMAND: POST /session/0b442ebc8f096c4bfeb5c66a52851a3f/element/f.9CA8B20795E6D08D18CCAFF067F35E12.d.6DD984C7D7272648BB1EB59DE6490AB2.e.19764/click - {}
RESULT: {}
RESULT: {}
COMMAND: GET /session/0b442ebc8f096c4bfeb5c66a52851a3f/screenshot - {}
RESULT: {}
]]></system-out>
    </testcase>
    <testcase classname="chrome.135_0_7049_96.windows.Billing_Calculation_-_Time_based_(considering_transport_times)_US139738" name="Should do a stock increase for the equipment" time="96.324">
      <system-out><![CDATA[
COMMAND: POST /session/0b442ebc8f096c4bfeb5c66a52851a3f/execute/async - {"script":"<script> [1562 bytes]","args":[{"selector":{"controlType":"sap.m.Text","viewName":"etm.portal.ui.managehandoverstile.view.Master","properties":{"text":"Manage Handovers"},"interaction":{"idSuffix":"inner"}},"wdio_ui5_key":"etmportal.ui.managehandoverstile.view.Mastersap.m.Text{\"text\":\"Manage Handovers\"}"}]}
RESULT: {"script":"<script> [1562 bytes]","args":[{"selector":{"controlType":"sap.m.Text","viewName":"etm.portal.ui.managehandoverstile.view.Master","properties":{"text":"Manage Handovers"},"interaction":{"idSuffix":"inner"}},"wdio_ui5_key":"etmportal.ui.managehandoverstile.view.Mastersap.m.Text{\"text\":\"Manage Handovers\"}"}]}
RESULT: undefined
COMMAND: POST /session/0b442ebc8f096c4bfeb5c66a52851a3f/element - {"using":"xpath","value":"//*[@id=\"__tile130-title\"]"}
RESULT: {"using":"xpath","value":"//*[@id=\"__tile130-title\"]"}
COMMAND: POST /session/0b442ebc8f096c4bfeb5c66a52851a3f/element/f.9CA8B20795E6D08D18CCAFF067F35E12.d.6DD984C7D7272648BB1EB59DE6490AB2.e.20052/click - {}
RESULT: {}
COMMAND: POST /session/0b442ebc8f096c4bfeb5c66a52851a3f/element - {"using":"xpath","value":"//button[@data-kt=\"masterHOAddButton\"]"}
COMMAND: GET /session/0b442ebc8f096c4bfeb5c66a52851a3f/screenshot - {}
RESULT: {"using":"xpath","value":"//button[@data-kt=\"masterHOAddButton\"]"}
COMMAND: POST /session/0b442ebc8f096c4bfeb5c66a52851a3f/elements - {"using":"xpath","value":"//button[@data-kt=\"masterHOAddButton\"]"}
RESULT: {}
RESULT: {"using":"xpath","value":"//button[@data-kt=\"masterHOAddButton\"]"}
COMMAND: POST /session/0b442ebc8f096c4bfeb5c66a52851a3f/element - {"using":"xpath","value":"//button[@data-kt=\"masterHOAddButton\"]"}
RESULT: {"using":"xpath","value":"//button[@data-kt=\"masterHOAddButton\"]"}
COMMAND: POST /session/0b442ebc8f096c4bfeb5c66a52851a3f/execute/sync - {"script":"<script> [8489 bytes]","args":[{"element-6066-11e4-a52e-4f735466cecf":"f.9CA8B20795E6D08D18CCAFF067F35E12.d.6DD984C7D7272648BB1EB59DE6490AB2.e.20091","ELEMENT":"f.9CA8B20795E6D08D18CCAFF067F35E12.d.6DD984C7D7272648BB1EB59DE6490AB2.e.20091"}]}
RESULT: {"script":"<script> [8489 bytes]","args":[{"element-6066-11e4-a52e-4f735466cecf":"f.9CA8B20795E6D08D18CCAFF067F35E12.d.6DD984C7D7272648BB1EB59DE6490AB2.e.20091","ELEMENT":"f.9CA8B20795E6D08D18CCAFF067F35E12.d.6DD984C7D7272648BB1EB59DE6490AB2.e.20091"}]}
COMMAND: GET /session/0b442ebc8f096c4bfeb5c66a52851a3f/element/f.9CA8B20795E6D08D18CCAFF067F35E12.d.6DD984C7D7272648BB1EB59DE6490AB2.e.20091/enabled - {}
COMMAND: GET /session/0b442ebc8f096c4bfeb5c66a52851a3f/screenshot - {}
RESULT: {}
COMMAND: POST /session/0b442ebc8f096c4bfeb5c66a52851a3f/execute/sync - {"script":"<script> [8489 bytes]","args":[{"element-6066-11e4-a52e-4f735466cecf":"f.9CA8B20795E6D08D18CCAFF067F35E12.d.6DD984C7D7272648BB1EB59DE6490AB2.e.20091","ELEMENT":"f.9CA8B20795E6D08D18CCAFF067F35E12.d.6DD984C7D7272648BB1EB59DE6490AB2.e.20091"}]}
COMMAND: GET /session/0b442ebc8f096c4bfeb5c66a52851a3f/screenshot - {}
RESULT: {}
RESULT: {"script":"<script> [8489 bytes]","args":[{"element-6066-11e4-a52e-4f735466cecf":"f.9CA8B20795E6D08D18CCAFF067F35E12.d.6DD984C7D7272648BB1EB59DE6490AB2.e.20091","ELEMENT":"f.9CA8B20795E6D08D18CCAFF067F35E12.d.6DD984C7D7272648BB1EB59DE6490AB2.e.20091"}]}
COMMAND: POST /session/0b442ebc8f096c4bfeb5c66a52851a3f/execute/sync - {"script":"<script> [5351 bytes]","args":[{"element-6066-11e4-a52e-4f735466cecf":"f.9CA8B20795E6D08D18CCAFF067F35E12.d.6DD984C7D7272648BB1EB59DE6490AB2.e.20091","ELEMENT":"f.9CA8B20795E6D08D18CCAFF067F35E12.d.6DD984C7D7272648BB1EB59DE6490AB2.e.20091"}]}
COMMAND: GET /session/0b442ebc8f096c4bfeb5c66a52851a3f/screenshot - {}
RESULT: {}
RESULT: {"script":"<script> [5351 bytes]","args":[{"element-6066-11e4-a52e-4f735466cecf":"f.9CA8B20795E6D08D18CCAFF067F35E12.d.6DD984C7D7272648BB1EB59DE6490AB2.e.20091","ELEMENT":"f.9CA8B20795E6D08D18CCAFF067F35E12.d.6DD984C7D7272648BB1EB59DE6490AB2.e.20091"}]}
COMMAND: POST /session/0b442ebc8f096c4bfeb5c66a52851a3f/element/f.9CA8B20795E6D08D18CCAFF067F35E12.d.6DD984C7D7272648BB1EB59DE6490AB2.e.20091/click - {}
COMMAND: GET /session/0b442ebc8f096c4bfeb5c66a52851a3f/screenshot - {}
RESULT: {}
RESULT: {}
COMMAND: GET /session/0b442ebc8f096c4bfeb5c66a52851a3f/screenshot - {}
RESULT: {}
COMMAND: POST /session/0b442ebc8f096c4bfeb5c66a52851a3f/element - {"using":"xpath","value":"//span[contains(@id ,\"AddNewHO--typeSelect-arrow\")]"}
RESULT: {}
RESULT: {"using":"xpath","value":"//span[contains(@id ,\"AddNewHO--typeSelect-arrow\")]"}
COMMAND: POST /session/0b442ebc8f096c4bfeb5c66a52851a3f/element/f.9CA8B20795E6D08D18CCAFF067F35E12.d.6DD984C7D7272648BB1EB59DE6490AB2.e.20443/click - {}
RESULT: {}
COMMAND: GET /session/0b442ebc8f096c4bfeb5c66a52851a3f/screenshot - {}
RESULT: {}
COMMAND: POST /session/0b442ebc8f096c4bfeb5c66a52851a3f/element - {"using":"xpath","value":"(//li[contains(text(), \"stock increase yard\")])[1]"}
RESULT: {"using":"xpath","value":"(//li[contains(text(), \"stock increase yard\")])[1]"}
COMMAND: POST /session/0b442ebc8f096c4bfeb5c66a52851a3f/element/f.9CA8B20795E6D08D18CCAFF067F35E12.d.6DD984C7D7272648BB1EB59DE6490AB2.e.20444/click - {}
RESULT: {}
COMMAND: GET /session/0b442ebc8f096c4bfeb5c66a52851a3f/screenshot - {}
RESULT: {}
COMMAND: POST /session/0b442ebc8f096c4bfeb5c66a52851a3f/execute/async - {"script":"<script> [1562 bytes]","args":[{"selector":{"id":"application-managehandovers-display-component---AddNewHO--dueDate","interaction":{"idSuffix":"inner"}},"wdio_ui5_key":"applicationmanagehandovers-display-component---AddNewHO--dueDate"}]}
RESULT: {"script":"<script> [1562 bytes]","args":[{"selector":{"id":"application-managehandovers-display-component---AddNewHO--dueDate","interaction":{"idSuffix":"inner"}},"wdio_ui5_key":"applicationmanagehandovers-display-component---AddNewHO--dueDate"}]}
RESULT: undefined
COMMAND: POST /session/0b442ebc8f096c4bfeb5c66a52851a3f/execute/async - {"script":"<script> [6424 bytes]","args":[{"element-6066-11e4-a52e-4f735466cecf":"f.9CA8B20795E6D08D18CCAFF067F35E12.d.6DD984C7D7272648BB1EB59DE6490AB2.e.20446"},"setValue",["05/06/2025"]]}
RESULT: {"script":"<script> [6424 bytes]","args":[{"element-6066-11e4-a52e-4f735466cecf":"f.9CA8B20795E6D08D18CCAFF067F35E12.d.6DD984C7D7272648BB1EB59DE6490AB2.e.20446"},"setValue",["05/06/2025"]]}
COMMAND: POST /session/0b442ebc8f096c4bfeb5c66a52851a3f/element - {"using":"xpath","value":"//input[@id=\"generalSectionFrg--receiveYard-inner\"]"}
RESULT: {"using":"xpath","value":"//input[@id=\"generalSectionFrg--receiveYard-inner\"]"}
COMMAND: POST /session/0b442ebc8f096c4bfeb5c66a52851a3f/element/f.9CA8B20795E6D08D18CCAFF067F35E12.d.6DD984C7D7272648BB1EB59DE6490AB2.e.20452/clear - {}
RESULT: {}
COMMAND: POST /session/0b442ebc8f096c4bfeb5c66a52851a3f/element/f.9CA8B20795E6D08D18CCAFF067F35E12.d.6DD984C7D7272648BB1EB59DE6490AB2.e.20452/value - {"text":"617"}
COMMAND: GET /session/0b442ebc8f096c4bfeb5c66a52851a3f/screenshot - {}
RESULT: {"text":"617"}
COMMAND: GET /session/0b442ebc8f096c4bfeb5c66a52851a3f/screenshot - {}
RESULT: {}
RESULT: {}
COMMAND: POST /session/0b442ebc8f096c4bfeb5c66a52851a3f/element - {"using":"xpath","value":"//li[.//span[text()='617']]"}
RESULT: {"using":"xpath","value":"//li[.//span[text()='617']]"}
COMMAND: POST /session/0b442ebc8f096c4bfeb5c66a52851a3f/element/f.9CA8B20795E6D08D18CCAFF067F35E12.d.6DD984C7D7272648BB1EB59DE6490AB2.e.20470/click - {}
RESULT: {}
COMMAND: GET /session/0b442ebc8f096c4bfeb5c66a52851a3f/screenshot - {}
RESULT: {}
COMMAND: POST /session/0b442ebc8f096c4bfeb5c66a52851a3f/execute/async - {"script":"<script> [1562 bytes]","args":[{"selector":{"id":"application-managehandovers-display-component---AddNewHO--ObjectPageLayout-anchBar-application-managehandovers-display-component---AddNewHO--section4-anchor","interaction":{"idSuffix":"BDI-content"}},"wdio_ui5_key":"applicationmanagehandovers-display-component---AddNewHO--ObjectPageLayout-anchBar-application-managehandovers-display-component---AddNewHO--section4-anchor"}]}
RESULT: {"script":"<script> [1562 bytes]","args":[{"selector":{"id":"application-managehandovers-display-component---AddNewHO--ObjectPageLayout-anchBar-application-managehandovers-display-component---AddNewHO--section4-anchor","interaction":{"idSuffix":"BDI-content"}},"wdio_ui5_key":"applicationmanagehandovers-display-component---AddNewHO--ObjectPageLayout-anchBar-application-managehandovers-display-component---AddNewHO--section4-anchor"}]}
RESULT: undefined
COMMAND: POST /session/0b442ebc8f096c4bfeb5c66a52851a3f/element - {"using":"xpath","value":"//*[@id=\"application-managehandovers-display-component---AddNewHO--ObjectPageLayout-anchBar-application-managehandovers-display-component---AddNewHO--section4-anchor\"]"}
RESULT: {"using":"xpath","value":"//*[@id=\"application-managehandovers-display-component---AddNewHO--ObjectPageLayout-anchBar-application-managehandovers-display-component---AddNewHO--section4-anchor\"]"}
COMMAND: POST /session/0b442ebc8f096c4bfeb5c66a52851a3f/element/f.9CA8B20795E6D08D18CCAFF067F35E12.d.6DD984C7D7272648BB1EB59DE6490AB2.e.20472/click - {}
RESULT: {}
COMMAND: POST /session/0b442ebc8f096c4bfeb5c66a52851a3f/element - {"using":"xpath","value":"//button[@aria-label=\"Add\"]"}
COMMAND: GET /session/0b442ebc8f096c4bfeb5c66a52851a3f/screenshot - {}
RESULT: {"using":"xpath","value":"//button[@aria-label=\"Add\"]"}
COMMAND: POST /session/0b442ebc8f096c4bfeb5c66a52851a3f/element/f.9CA8B20795E6D08D18CCAFF067F35E12.d.6DD984C7D7272648BB1EB59DE6490AB2.e.20474/click - {}
RESULT: {}
RESULT: {}
COMMAND: GET /session/0b442ebc8f096c4bfeb5c66a52851a3f/screenshot - {}
RESULT: {}
COMMAND: POST /session/0b442ebc8f096c4bfeb5c66a52851a3f/execute/async - {"script":"<script> [1562 bytes]","args":[{"selector":{"id":"application-managehandovers-display-component---AddNewHO--smartFilterBar-btnBasicSearch","searchOpenDialogs":true,"interaction":{"idSuffix":"I"}},"wdio_ui5_key":"applicationmanagehandovers-display-component---AddNewHO--smartFilterBar-btnBasicSearch"}]}
RESULT: {"script":"<script> [1562 bytes]","args":[{"selector":{"id":"application-managehandovers-display-component---AddNewHO--smartFilterBar-btnBasicSearch","searchOpenDialogs":true,"interaction":{"idSuffix":"I"}},"wdio_ui5_key":"applicationmanagehandovers-display-component---AddNewHO--smartFilterBar-btnBasicSearch"}]}
RESULT: undefined
COMMAND: POST /session/0b442ebc8f096c4bfeb5c66a52851a3f/execute/async - {"script":"<script> [776 bytes]","args":[{"enterText":"JxbS9cyJMp","selector":{"id":"application-managehandovers-display-component---AddNewHO--smartFilterBar-btnBasicSearch","searchOpenDialogs":true,"interaction":{"idSuffix":"I"}},"clearTextFirst":true,"interactionType":"ENTER_TEXT"}]}
RESULT: {"script":"<script> [776 bytes]","args":[{"enterText":"JxbS9cyJMp","selector":{"id":"application-managehandovers-display-component---AddNewHO--smartFilterBar-btnBasicSearch","searchOpenDialogs":true,"interaction":{"idSuffix":"I"}},"clearTextFirst":true,"interactionType":"ENTER_TEXT"}]}
COMMAND: POST /session/0b442ebc8f096c4bfeb5c66a52851a3f/actions - {"actions":[{"id":"action74","type":"key","parameters":{},"actions":[{"type":"keyDown","value":"î€‡"},{"type":"pause","duration":10},{"type":"keyUp","value":"î€‡"}]}]}
RESULT: {"actions":[{"id":"action74","type":"key","parameters":{},"actions":[{"type":"keyDown","value":"î€‡"},{"type":"pause","duration":10},{"type":"keyUp","value":"î€‡"}]}]}
COMMAND: GET /session/0b442ebc8f096c4bfeb5c66a52851a3f/screenshot - {}
RESULT: {}
COMMAND: POST /session/0b442ebc8f096c4bfeb5c66a52851a3f/execute/async - {"script":"<script> [1562 bytes]","args":[{"selector":{"id":"application-managehandovers-display-component---AddNewHO--popup-sa","searchOpenDialogs":true,"interaction":{"idSuffix":"CbBg"}},"wdio_ui5_key":"applicationmanagehandovers-display-component---AddNewHO--popup-sa"}]}
RESULT: {"script":"<script> [1562 bytes]","args":[{"selector":{"id":"application-managehandovers-display-component---AddNewHO--popup-sa","searchOpenDialogs":true,"interaction":{"idSuffix":"CbBg"}},"wdio_ui5_key":"applicationmanagehandovers-display-component---AddNewHO--popup-sa"}]}
RESULT: undefined
COMMAND: POST /session/0b442ebc8f096c4bfeb5c66a52851a3f/element - {"using":"xpath","value":"//*[@id=\"application-managehandovers-display-component---AddNewHO--popup-sa\"]"}
RESULT: {"using":"xpath","value":"//*[@id=\"application-managehandovers-display-component---AddNewHO--popup-sa\"]"}
COMMAND: POST /session/0b442ebc8f096c4bfeb5c66a52851a3f/element/f.9CA8B20795E6D08D18CCAFF067F35E12.d.6DD984C7D7272648BB1EB59DE6490AB2.e.20630/click - {}
RESULT: {}
COMMAND: GET /session/0b442ebc8f096c4bfeb5c66a52851a3f/screenshot - {}
RESULT: {}
COMMAND: POST /session/0b442ebc8f096c4bfeb5c66a52851a3f/element - {"using":"xpath","value":"//bdi[contains(text(), \"Select\")]"}
RESULT: {"using":"xpath","value":"//bdi[contains(text(), \"Select\")]"}
COMMAND: POST /session/0b442ebc8f096c4bfeb5c66a52851a3f/element/f.9CA8B20795E6D08D18CCAFF067F35E12.d.6DD984C7D7272648BB1EB59DE6490AB2.e.20631/click - {}
RESULT: {}
COMMAND: GET /session/0b442ebc8f096c4bfeb5c66a52851a3f/screenshot - {}
RESULT: {}
COMMAND: POST /session/0b442ebc8f096c4bfeb5c66a52851a3f/element - {"using":"xpath","value":"//button[@data-kt=\"AddNewHOSaveButton\"]"}
RESULT: {"using":"xpath","value":"//button[@data-kt=\"AddNewHOSaveButton\"]"}
COMMAND: POST /session/0b442ebc8f096c4bfeb5c66a52851a3f/element/f.9CA8B20795E6D08D18CCAFF067F35E12.d.6DD984C7D7272648BB1EB59DE6490AB2.e.20635/click - {}
RESULT: {}
COMMAND: GET /session/0b442ebc8f096c4bfeb5c66a52851a3f/screenshot - {}
RESULT: {}
COMMAND: POST /session/0b442ebc8f096c4bfeb5c66a52851a3f/execute/async - {"script":"<script> [1562 bytes]","args":[{"selector":{"id":"receiptDatePicker","viewName":"etm.portal.ui.managehandovers.view.DetailExecuteHO","interaction":{"idSuffix":"inner"}},"wdio_ui5_key":"receiptDatePickeretmportal.ui.managehandovers.view.DetailExecuteHO"}]}
RESULT: {"script":"<script> [1562 bytes]","args":[{"selector":{"id":"receiptDatePicker","viewName":"etm.portal.ui.managehandovers.view.DetailExecuteHO","interaction":{"idSuffix":"inner"}},"wdio_ui5_key":"receiptDatePickeretmportal.ui.managehandovers.view.DetailExecuteHO"}]}
RESULT: undefined
COMMAND: POST /session/0b442ebc8f096c4bfeb5c66a52851a3f/execute/async - {"script":"<script> [6424 bytes]","args":[{"element-6066-11e4-a52e-4f735466cecf":"f.9CA8B20795E6D08D18CCAFF067F35E12.d.6DD984C7D7272648BB1EB59DE6490AB2.e.20665"},"setValue",["05/06/2025"]]}
RESULT: {"script":"<script> [6424 bytes]","args":[{"element-6066-11e4-a52e-4f735466cecf":"f.9CA8B20795E6D08D18CCAFF067F35E12.d.6DD984C7D7272648BB1EB59DE6490AB2.e.20665"},"setValue",["05/06/2025"]]}
COMMAND: POST /session/0b442ebc8f096c4bfeb5c66a52851a3f/element - {"using":"xpath","value":"//button[@data-kt=\"PickingTableConfirmAllButton\"]"}
RESULT: {"using":"xpath","value":"//button[@data-kt=\"PickingTableConfirmAllButton\"]"}
COMMAND: POST /session/0b442ebc8f096c4bfeb5c66a52851a3f/element/f.9CA8B20795E6D08D18CCAFF067F35E12.d.6DD984C7D7272648BB1EB59DE6490AB2.e.20680/click - {}
RESULT: {}
COMMAND: GET /session/0b442ebc8f096c4bfeb5c66a52851a3f/screenshot - {}
RESULT: {}
COMMAND: POST /session/0b442ebc8f096c4bfeb5c66a52851a3f/element - {"using":"xpath","value":"//bdi[contains(text(), \"OK\")]"}
RESULT: {"using":"xpath","value":"//bdi[contains(text(), \"OK\")]"}
COMMAND: POST /session/0b442ebc8f096c4bfeb5c66a52851a3f/element/f.9CA8B20795E6D08D18CCAFF067F35E12.d.6DD984C7D7272648BB1EB59DE6490AB2.e.20682/click - {}
RESULT: {}
COMMAND: GET /session/0b442ebc8f096c4bfeb5c66a52851a3f/screenshot - {}
RESULT: {}
COMMAND: POST /session/0b442ebc8f096c4bfeb5c66a52851a3f/element - {"using":"xpath","value":"(//bdi[contains(text(), \"Receive\")])[2]"}
RESULT: {"using":"xpath","value":"(//bdi[contains(text(), \"Receive\")])[2]"}
COMMAND: POST /session/0b442ebc8f096c4bfeb5c66a52851a3f/element/f.9CA8B20795E6D08D18CCAFF067F35E12.d.6DD984C7D7272648BB1EB59DE6490AB2.e.20684/click - {}
RESULT: {}
COMMAND: GET /session/0b442ebc8f096c4bfeb5c66a52851a3f/screenshot - {}
RESULT: {}
COMMAND: POST /session/0b442ebc8f096c4bfeb5c66a52851a3f/element - {"using":"css selector","value":"#shell-header-logo"}
RESULT: {"using":"css selector","value":"#shell-header-logo"}
COMMAND: POST /session/0b442ebc8f096c4bfeb5c66a52851a3f/element/f.9CA8B20795E6D08D18CCAFF067F35E12.d.6DD984C7D7272648BB1EB59DE6490AB2.e.20054/click - {}
RESULT: {}
COMMAND: GET /session/0b442ebc8f096c4bfeb5c66a52851a3f/screenshot - {}
RESULT: {}
]]></system-out>
    </testcase>
    <testcase classname="chrome.135_0_7049_96.windows.Billing_Calculation_-_Time_based_(considering_transport_times)_US139738" name="Should create a new contract" time="71.248">
      <system-out><![CDATA[
COMMAND: POST /session/0b442ebc8f096c4bfeb5c66a52851a3f/execute/async - {"script":"<script> [1562 bytes]","args":[{"selector":{"controlType":"sap.m.Text","viewName":"etm.portal.ui.managecontractstile.view.Master","properties":{"text":"Manage Contracts"},"interaction":{"idSuffix":"inner"}},"wdio_ui5_key":"etmportal.ui.managecontractstile.view.Mastersap.m.Text{\"text\":\"Manage Contracts\"}"}]}
RESULT: {"script":"<script> [1562 bytes]","args":[{"selector":{"controlType":"sap.m.Text","viewName":"etm.portal.ui.managecontractstile.view.Master","properties":{"text":"Manage Contracts"},"interaction":{"idSuffix":"inner"}},"wdio_ui5_key":"etmportal.ui.managecontractstile.view.Mastersap.m.Text{\"text\":\"Manage Contracts\"}"}]}
RESULT: undefined
COMMAND: POST /session/0b442ebc8f096c4bfeb5c66a52851a3f/element - {"using":"xpath","value":"//*[@id=\"__tile133-title\"]"}
RESULT: {"using":"xpath","value":"//*[@id=\"__tile133-title\"]"}
COMMAND: POST /session/0b442ebc8f096c4bfeb5c66a52851a3f/element/f.9CA8B20795E6D08D18CCAFF067F35E12.d.6DD984C7D7272648BB1EB59DE6490AB2.e.20858/click - {}
RESULT: {}
COMMAND: GET /session/0b442ebc8f096c4bfeb5c66a52851a3f/screenshot - {}
COMMAND: POST /session/0b442ebc8f096c4bfeb5c66a52851a3f/element - {"using":"xpath","value":"//button[@data-kt=\"addButton\"]"}
RESULT: {}
RESULT: {"using":"xpath","value":"//button[@data-kt=\"addButton\"]"}
COMMAND: POST /session/0b442ebc8f096c4bfeb5c66a52851a3f/elements - {"using":"xpath","value":"//button[@data-kt=\"addButton\"]"}
RESULT: {"using":"xpath","value":"//button[@data-kt=\"addButton\"]"}
COMMAND: POST /session/0b442ebc8f096c4bfeb5c66a52851a3f/element - {"using":"xpath","value":"//button[@data-kt=\"addButton\"]"}
RESULT: {"using":"xpath","value":"//button[@data-kt=\"addButton\"]"}
COMMAND: POST /session/0b442ebc8f096c4bfeb5c66a52851a3f/execute/sync - {"script":"<script> [8489 bytes]","args":[{"element-6066-11e4-a52e-4f735466cecf":"f.9CA8B20795E6D08D18CCAFF067F35E12.d.6DD984C7D7272648BB1EB59DE6490AB2.e.20929","ELEMENT":"f.9CA8B20795E6D08D18CCAFF067F35E12.d.6DD984C7D7272648BB1EB59DE6490AB2.e.20929"}]}
RESULT: {"script":"<script> [8489 bytes]","args":[{"element-6066-11e4-a52e-4f735466cecf":"f.9CA8B20795E6D08D18CCAFF067F35E12.d.6DD984C7D7272648BB1EB59DE6490AB2.e.20929","ELEMENT":"f.9CA8B20795E6D08D18CCAFF067F35E12.d.6DD984C7D7272648BB1EB59DE6490AB2.e.20929"}]}
COMMAND: GET /session/0b442ebc8f096c4bfeb5c66a52851a3f/element/f.9CA8B20795E6D08D18CCAFF067F35E12.d.6DD984C7D7272648BB1EB59DE6490AB2.e.20929/enabled - {}
COMMAND: GET /session/0b442ebc8f096c4bfeb5c66a52851a3f/screenshot - {}
RESULT: {}
COMMAND: POST /session/0b442ebc8f096c4bfeb5c66a52851a3f/execute/sync - {"script":"<script> [8489 bytes]","args":[{"element-6066-11e4-a52e-4f735466cecf":"f.9CA8B20795E6D08D18CCAFF067F35E12.d.6DD984C7D7272648BB1EB59DE6490AB2.e.20929","ELEMENT":"f.9CA8B20795E6D08D18CCAFF067F35E12.d.6DD984C7D7272648BB1EB59DE6490AB2.e.20929"}]}
COMMAND: GET /session/0b442ebc8f096c4bfeb5c66a52851a3f/screenshot - {}
RESULT: {}
RESULT: {"script":"<script> [8489 bytes]","args":[{"element-6066-11e4-a52e-4f735466cecf":"f.9CA8B20795E6D08D18CCAFF067F35E12.d.6DD984C7D7272648BB1EB59DE6490AB2.e.20929","ELEMENT":"f.9CA8B20795E6D08D18CCAFF067F35E12.d.6DD984C7D7272648BB1EB59DE6490AB2.e.20929"}]}
COMMAND: POST /session/0b442ebc8f096c4bfeb5c66a52851a3f/execute/sync - {"script":"<script> [5351 bytes]","args":[{"element-6066-11e4-a52e-4f735466cecf":"f.9CA8B20795E6D08D18CCAFF067F35E12.d.6DD984C7D7272648BB1EB59DE6490AB2.e.20929","ELEMENT":"f.9CA8B20795E6D08D18CCAFF067F35E12.d.6DD984C7D7272648BB1EB59DE6490AB2.e.20929"}]}
COMMAND: GET /session/0b442ebc8f096c4bfeb5c66a52851a3f/screenshot - {}
RESULT: {}
RESULT: {"script":"<script> [5351 bytes]","args":[{"element-6066-11e4-a52e-4f735466cecf":"f.9CA8B20795E6D08D18CCAFF067F35E12.d.6DD984C7D7272648BB1EB59DE6490AB2.e.20929","ELEMENT":"f.9CA8B20795E6D08D18CCAFF067F35E12.d.6DD984C7D7272648BB1EB59DE6490AB2.e.20929"}]}
COMMAND: GET /session/0b442ebc8f096c4bfeb5c66a52851a3f/screenshot - {}
RESULT: {}
RESULT: {}
COMMAND: POST /session/0b442ebc8f096c4bfeb5c66a52851a3f/element/f.9CA8B20795E6D08D18CCAFF067F35E12.d.6DD984C7D7272648BB1EB59DE6490AB2.e.20929/click - {}
RESULT: {}
COMMAND: GET /session/0b442ebc8f096c4bfeb5c66a52851a3f/screenshot - {}
RESULT: {}
COMMAND: POST /session/0b442ebc8f096c4bfeb5c66a52851a3f/execute/async - {"script":"<script> [1562 bytes]","args":[{"selector":{"id":"application-managecontracts-display-component---AddNewContract--projectDescription","interaction":{"idSuffix":"inner"}},"wdio_ui5_key":"applicationmanagecontracts-display-component---AddNewContract--projectDescription"}]}
RESULT: {"script":"<script> [1562 bytes]","args":[{"selector":{"id":"application-managecontracts-display-component---AddNewContract--projectDescription","interaction":{"idSuffix":"inner"}},"wdio_ui5_key":"applicationmanagecontracts-display-component---AddNewContract--projectDescription"}]}
RESULT: undefined
COMMAND: POST /session/0b442ebc8f096c4bfeb5c66a52851a3f/execute/async - {"script":"<script> [776 bytes]","args":[{"enterText":"Contract WDIO","selector":{"id":"application-managecontracts-display-component---AddNewContract--projectDescription","interaction":{"idSuffix":"inner"}},"clearTextFirst":true,"interactionType":"ENTER_TEXT"}]}
RESULT: {"script":"<script> [776 bytes]","args":[{"enterText":"Contract WDIO","selector":{"id":"application-managecontracts-display-component---AddNewContract--projectDescription","interaction":{"idSuffix":"inner"}},"clearTextFirst":true,"interactionType":"ENTER_TEXT"}]}
COMMAND: POST /session/0b442ebc8f096c4bfeb5c66a52851a3f/element - {"using":"xpath","value":"//input[@id=\"application-managecontracts-display-component---AddNewContract--site-inner\"]"}
RESULT: {"using":"xpath","value":"//input[@id=\"application-managecontracts-display-component---AddNewContract--site-inner\"]"}
COMMAND: POST /session/0b442ebc8f096c4bfeb5c66a52851a3f/element/f.9CA8B20795E6D08D18CCAFF067F35E12.d.6DD984C7D7272648BB1EB59DE6490AB2.e.21415/clear - {}
RESULT: {}
COMMAND: POST /session/0b442ebc8f096c4bfeb5c66a52851a3f/element/f.9CA8B20795E6D08D18CCAFF067F35E12.d.6DD984C7D7272648BB1EB59DE6490AB2.e.21415/value - {"text":"2450"}
RESULT: {"text":"2450"}
COMMAND: GET /session/0b442ebc8f096c4bfeb5c66a52851a3f/screenshot - {}
COMMAND: GET /session/0b442ebc8f096c4bfeb5c66a52851a3f/screenshot - {}
RESULT: {}
RESULT: {}
COMMAND: POST /session/0b442ebc8f096c4bfeb5c66a52851a3f/element - {"using":"xpath","value":"//li[.//span[text()='2450']]"}
RESULT: {"using":"xpath","value":"//li[.//span[text()='2450']]"}
COMMAND: POST /session/0b442ebc8f096c4bfeb5c66a52851a3f/element/f.9CA8B20795E6D08D18CCAFF067F35E12.d.6DD984C7D7272648BB1EB59DE6490AB2.e.21438/click - {}
RESULT: {}
COMMAND: GET /session/0b442ebc8f096c4bfeb5c66a52851a3f/screenshot - {}
RESULT: {}
COMMAND: POST /session/0b442ebc8f096c4bfeb5c66a52851a3f/element - {"using":"xpath","value":"//input[@id=\"application-managecontracts-display-component---AddNewContract--yardId-inner\"]"}
RESULT: {"using":"xpath","value":"//input[@id=\"application-managecontracts-display-component---AddNewContract--yardId-inner\"]"}
COMMAND: GET /session/0b442ebc8f096c4bfeb5c66a52851a3f/element/f.9CA8B20795E6D08D18CCAFF067F35E12.d.6DD984C7D7272648BB1EB59DE6490AB2.e.21416/property/value - {}
RESULT: {}
COMMAND: POST /session/0b442ebc8f096c4bfeb5c66a52851a3f/element - {"using":"xpath","value":"//input[@id=\"application-managecontracts-display-component---AddNewContract--customerSelect-inner\"]"}
COMMAND: GET /session/0b442ebc8f096c4bfeb5c66a52851a3f/screenshot - {}
RESULT: {"using":"xpath","value":"//input[@id=\"application-managecontracts-display-component---AddNewContract--customerSelect-inner\"]"}
COMMAND: POST /session/0b442ebc8f096c4bfeb5c66a52851a3f/element/f.9CA8B20795E6D08D18CCAFF067F35E12.d.6DD984C7D7272648BB1EB59DE6490AB2.e.21414/clear - {}
RESULT: {}
RESULT: {}
COMMAND: POST /session/0b442ebc8f096c4bfeb5c66a52851a3f/element/f.9CA8B20795E6D08D18CCAFF067F35E12.d.6DD984C7D7272648BB1EB59DE6490AB2.e.21414/value - {"text":"1493"}
COMMAND: GET /session/0b442ebc8f096c4bfeb5c66a52851a3f/screenshot - {}
RESULT: {"text":"1493"}
COMMAND: GET /session/0b442ebc8f096c4bfeb5c66a52851a3f/screenshot - {}
RESULT: {}
RESULT: {}
COMMAND: POST /session/0b442ebc8f096c4bfeb5c66a52851a3f/element - {"using":"xpath","value":"//li[.//span[text()='1493']]"}
RESULT: {"using":"xpath","value":"//li[.//span[text()='1493']]"}
COMMAND: POST /session/0b442ebc8f096c4bfeb5c66a52851a3f/element/f.9CA8B20795E6D08D18CCAFF067F35E12.d.6DD984C7D7272648BB1EB59DE6490AB2.e.21441/click - {}
RESULT: {}
COMMAND: GET /session/0b442ebc8f096c4bfeb5c66a52851a3f/screenshot - {}
RESULT: {}
COMMAND: POST /session/0b442ebc8f096c4bfeb5c66a52851a3f/element - {"using":"xpath","value":"//button[@data-kt=\"saveButton\"]"}
RESULT: {"using":"xpath","value":"//button[@data-kt=\"saveButton\"]"}
COMMAND: POST /session/0b442ebc8f096c4bfeb5c66a52851a3f/element/f.9CA8B20795E6D08D18CCAFF067F35E12.d.6DD984C7D7272648BB1EB59DE6490AB2.e.21431/click - {}
RESULT: {}
COMMAND: GET /session/0b442ebc8f096c4bfeb5c66a52851a3f/screenshot - {}
RESULT: {}
COMMAND: POST /session/0b442ebc8f096c4bfeb5c66a52851a3f/element - {"using":"xpath","value":"//span[contains(@id ,\"contractDetailTitleNoExpanded\")]"}
RESULT: {"using":"xpath","value":"//span[contains(@id ,\"contractDetailTitleNoExpanded\")]"}
COMMAND: POST /session/0b442ebc8f096c4bfeb5c66a52851a3f/elements - {"using":"xpath","value":"//span[contains(@id ,\"contractDetailTitleNoExpanded\")]"}
RESULT: {"using":"xpath","value":"//span[contains(@id ,\"contractDetailTitleNoExpanded\")]"}
COMMAND: POST /session/0b442ebc8f096c4bfeb5c66a52851a3f/execute/sync - {"script":"<script> [56 bytes]","args":[{"element-6066-11e4-a52e-4f735466cecf":"f.9CA8B20795E6D08D18CCAFF067F35E12.d.6DD984C7D7272648BB1EB59DE6490AB2.e.21513","ELEMENT":"f.9CA8B20795E6D08D18CCAFF067F35E12.d.6DD984C7D7272648BB1EB59DE6490AB2.e.21513"}]}
RESULT: {"script":"<script> [56 bytes]","args":[{"element-6066-11e4-a52e-4f735466cecf":"f.9CA8B20795E6D08D18CCAFF067F35E12.d.6DD984C7D7272648BB1EB59DE6490AB2.e.21513","ELEMENT":"f.9CA8B20795E6D08D18CCAFF067F35E12.d.6DD984C7D7272648BB1EB59DE6490AB2.e.21513"}]}
COMMAND: GET /session/0b442ebc8f096c4bfeb5c66a52851a3f/screenshot - {}
RESULT: {}
]]></system-out>
    </testcase>
    <testcase classname="chrome.135_0_7049_96.windows.Billing_Calculation_-_Time_based_(considering_transport_times)_US139738" name="Should add transport time checkbox on contract details" time="16.251">
      <system-out><![CDATA[
COMMAND: POST /session/0b442ebc8f096c4bfeb5c66a52851a3f/element - {"using":"xpath","value":"//button[@data-kt=\"contractDetailEditBtnButton\"]"}
RESULT: {"using":"xpath","value":"//button[@data-kt=\"contractDetailEditBtnButton\"]"}
COMMAND: POST /session/0b442ebc8f096c4bfeb5c66a52851a3f/element/f.9CA8B20795E6D08D18CCAFF067F35E12.d.6DD984C7D7272648BB1EB59DE6490AB2.e.21515/click - {}
RESULT: {}
COMMAND: GET /session/0b442ebc8f096c4bfeb5c66a52851a3f/screenshot - {}
RESULT: {}
COMMAND: POST /session/0b442ebc8f096c4bfeb5c66a52851a3f/element - {"using":"xpath","value":"(//span[contains(text(), \"Contract Billing\")])[2]"}
RESULT: {"using":"xpath","value":"(//span[contains(text(), \"Contract Billing\")])[2]"}
COMMAND: POST /session/0b442ebc8f096c4bfeb5c66a52851a3f/element/f.9CA8B20795E6D08D18CCAFF067F35E12.d.6DD984C7D7272648BB1EB59DE6490AB2.e.21572/click - {}
RESULT: {}
COMMAND: GET /session/0b442ebc8f096c4bfeb5c66a52851a3f/screenshot - {}
RESULT: {}
COMMAND: POST /session/0b442ebc8f096c4bfeb5c66a52851a3f/element - {"using":"xpath","value":"(//div[contains(@id, \"transportTimesBilled-CbBg\")])"}
RESULT: {"using":"xpath","value":"(//div[contains(@id, \"transportTimesBilled-CbBg\")])"}
COMMAND: POST /session/0b442ebc8f096c4bfeb5c66a52851a3f/element/f.9CA8B20795E6D08D18CCAFF067F35E12.d.6DD984C7D7272648BB1EB59DE6490AB2.e.21603/click - {}
RESULT: {}
COMMAND: GET /session/0b442ebc8f096c4bfeb5c66a52851a3f/screenshot - {}
RESULT: {}
COMMAND: POST /session/0b442ebc8f096c4bfeb5c66a52851a3f/element - {"using":"xpath","value":"(//button[@data-kt=\"saveButton\"])[2]"}
RESULT: {"using":"xpath","value":"(//button[@data-kt=\"saveButton\"])[2]"}
COMMAND: POST /session/0b442ebc8f096c4bfeb5c66a52851a3f/element/f.9CA8B20795E6D08D18CCAFF067F35E12.d.6DD984C7D7272648BB1EB59DE6490AB2.e.21604/click - {}
RESULT: {}
COMMAND: GET /session/0b442ebc8f096c4bfeb5c66a52851a3f/screenshot - {}
RESULT: {}
]]></system-out>
    </testcase>
    <testcase classname="chrome.135_0_7049_96.windows.Billing_Calculation_-_Time_based_(considering_transport_times)_US139738" name="Should add created equipment to contract" time="50.608">
      <system-out><![CDATA[
COMMAND: POST /session/0b442ebc8f096c4bfeb5c66a52851a3f/element - {"using":"xpath","value":"//button[@data-kt=\"contractDetailEditBtnButton\"]"}
RESULT: {"using":"xpath","value":"//button[@data-kt=\"contractDetailEditBtnButton\"]"}
COMMAND: POST /session/0b442ebc8f096c4bfeb5c66a52851a3f/element/f.9CA8B20795E6D08D18CCAFF067F35E12.d.6DD984C7D7272648BB1EB59DE6490AB2.e.21515/click - {}
RESULT: {}
COMMAND: GET /session/0b442ebc8f096c4bfeb5c66a52851a3f/screenshot - {}
RESULT: {}
COMMAND: POST /session/0b442ebc8f096c4bfeb5c66a52851a3f/element - {"using":"xpath","value":"(//span[contains(text(), \"Additional Addresses\")])[2]"}
RESULT: {"using":"xpath","value":"(//span[contains(text(), \"Additional Addresses\")])[2]"}
COMMAND: POST /session/0b442ebc8f096c4bfeb5c66a52851a3f/element/f.9CA8B20795E6D08D18CCAFF067F35E12.d.6DD984C7D7272648BB1EB59DE6490AB2.e.21625/click - {}
RESULT: {}
COMMAND: GET /session/0b442ebc8f096c4bfeb5c66a52851a3f/screenshot - {}
RESULT: {}
COMMAND: POST /session/0b442ebc8f096c4bfeb5c66a52851a3f/element - {"using":"xpath","value":"//button[@data-kt=\"btnAddTableRowOverflowToolbarButton\"]"}
RESULT: {"using":"xpath","value":"//button[@data-kt=\"btnAddTableRowOverflowToolbarButton\"]"}
COMMAND: POST /session/0b442ebc8f096c4bfeb5c66a52851a3f/element/f.9CA8B20795E6D08D18CCAFF067F35E12.d.6DD984C7D7272648BB1EB59DE6490AB2.e.21627/click - {}
RESULT: {}
COMMAND: GET /session/0b442ebc8f096c4bfeb5c66a52851a3f/screenshot - {}
RESULT: {}
COMMAND: POST /session/0b442ebc8f096c4bfeb5c66a52851a3f/element - {"using":"xpath","value":"//div[(text() = 'Standard Entry' or . = 'Standard Entry')]"}
RESULT: {"using":"xpath","value":"//div[(text() = 'Standard Entry' or . = 'Standard Entry')]"}
COMMAND: POST /session/0b442ebc8f096c4bfeb5c66a52851a3f/element/f.9CA8B20795E6D08D18CCAFF067F35E12.d.6DD984C7D7272648BB1EB59DE6490AB2.e.21629/click - {}
RESULT: {}
COMMAND: GET /session/0b442ebc8f096c4bfeb5c66a52851a3f/screenshot - {}
RESULT: {}
COMMAND: POST /session/0b442ebc8f096c4bfeb5c66a52851a3f/element - {"using":"xpath","value":"//td[7]/div/div/input"}
RESULT: {"using":"xpath","value":"//td[7]/div/div/input"}
COMMAND: POST /session/0b442ebc8f096c4bfeb5c66a52851a3f/element/f.9CA8B20795E6D08D18CCAFF067F35E12.d.6DD984C7D7272648BB1EB59DE6490AB2.e.21638/clear - {}
RESULT: {}
COMMAND: POST /session/0b442ebc8f096c4bfeb5c66a52851a3f/element/f.9CA8B20795E6D08D18CCAFF067F35E12.d.6DD984C7D7272648BB1EB59DE6490AB2.e.21638/value - {"text":"JxbS9cyJMp"}
COMMAND: GET /session/0b442ebc8f096c4bfeb5c66a52851a3f/screenshot - {}
RESULT: {"text":"JxbS9cyJMp"}
COMMAND: GET /session/0b442ebc8f096c4bfeb5c66a52851a3f/screenshot - {}
RESULT: {}
RESULT: {}
COMMAND: POST /session/0b442ebc8f096c4bfeb5c66a52851a3f/actions - {"actions":[{"id":"action75","type":"key","parameters":{},"actions":[{"type":"keyDown","value":"î€‡"},{"type":"pause","duration":10},{"type":"keyUp","value":"î€‡"}]}]}
RESULT: {"actions":[{"id":"action75","type":"key","parameters":{},"actions":[{"type":"keyDown","value":"î€‡"},{"type":"pause","duration":10},{"type":"keyUp","value":"î€‡"}]}]}
COMMAND: GET /session/0b442ebc8f096c4bfeb5c66a52851a3f/screenshot - {}
RESULT: {}
COMMAND: POST /session/0b442ebc8f096c4bfeb5c66a52851a3f/execute/sync - {"script":"<script> [276 bytes]","args":["No pricing information was found"]}
RESULT: {"script":"<script> [276 bytes]","args":["No pricing information was found"]}
COMMAND: POST /session/0b442ebc8f096c4bfeb5c66a52851a3f/element - {"using":"xpath","value":"(//button[@data-kt=\"saveButton\"])[2]"}
COMMAND: GET /session/0b442ebc8f096c4bfeb5c66a52851a3f/screenshot - {}
RESULT: {"using":"xpath","value":"(//button[@data-kt=\"saveButton\"])[2]"}
COMMAND: POST /session/0b442ebc8f096c4bfeb5c66a52851a3f/element/f.9CA8B20795E6D08D18CCAFF067F35E12.d.6DD984C7D7272648BB1EB59DE6490AB2.e.21604/click - {}
RESULT: {}
RESULT: {}
COMMAND: GET /session/0b442ebc8f096c4bfeb5c66a52851a3f/screenshot - {}
RESULT: {}
COMMAND: POST /session/0b442ebc8f096c4bfeb5c66a52851a3f/execute/sync - {"script":"<script> [276 bytes]","args":["Some contract items are having rental validity exceeding header rental validity"]}
RESULT: {"script":"<script> [276 bytes]","args":["Some contract items are having rental validity exceeding header rental validity"]}
COMMAND: GET /session/0b442ebc8f096c4bfeb5c66a52851a3f/screenshot - {}
RESULT: {}
COMMAND: POST /session/0b442ebc8f096c4bfeb5c66a52851a3f/element - {"using":"xpath","value":"//span[contains(@id ,\"contractItemsSmartTable-header-inner\")]"}
RESULT: {"using":"xpath","value":"//span[contains(@id ,\"contractItemsSmartTable-header-inner\")]"}
COMMAND: POST /session/0b442ebc8f096c4bfeb5c66a52851a3f/elements - {"using":"xpath","value":"//span[contains(@id ,\"contractItemsSmartTable-header-inner\")]"}
RESULT: {"using":"xpath","value":"//span[contains(@id ,\"contractItemsSmartTable-header-inner\")]"}
COMMAND: POST /session/0b442ebc8f096c4bfeb5c66a52851a3f/execute/sync - {"script":"<script> [56 bytes]","args":[{"element-6066-11e4-a52e-4f735466cecf":"f.9CA8B20795E6D08D18CCAFF067F35E12.d.6DD984C7D7272648BB1EB59DE6490AB2.e.21657","ELEMENT":"f.9CA8B20795E6D08D18CCAFF067F35E12.d.6DD984C7D7272648BB1EB59DE6490AB2.e.21657"}]}
RESULT: {"script":"<script> [56 bytes]","args":[{"element-6066-11e4-a52e-4f735466cecf":"f.9CA8B20795E6D08D18CCAFF067F35E12.d.6DD984C7D7272648BB1EB59DE6490AB2.e.21657","ELEMENT":"f.9CA8B20795E6D08D18CCAFF067F35E12.d.6DD984C7D7272648BB1EB59DE6490AB2.e.21657"}]}
]]></system-out>
    </testcase>
    <testcase classname="chrome.135_0_7049_96.windows.Billing_Calculation_-_Time_based_(considering_transport_times)_US139738" name="Should do a provide to site 2 step" time="141.095">
      <system-out><![CDATA[
COMMAND: POST /session/0b442ebc8f096c4bfeb5c66a52851a3f/element - {"using":"xpath","value":"//button[@data-kt=\"provideButton\"]"}
COMMAND: GET /session/0b442ebc8f096c4bfeb5c66a52851a3f/screenshot - {}
RESULT: {"using":"xpath","value":"//button[@data-kt=\"provideButton\"]"}
COMMAND: POST /session/0b442ebc8f096c4bfeb5c66a52851a3f/element/f.9CA8B20795E6D08D18CCAFF067F35E12.d.6DD984C7D7272648BB1EB59DE6490AB2.e.21658/click - {}
RESULT: {}
RESULT: {}
COMMAND: GET /session/0b442ebc8f096c4bfeb5c66a52851a3f/screenshot - {}
RESULT: {}
COMMAND: POST /session/0b442ebc8f096c4bfeb5c66a52851a3f/element - {"using":"xpath","value":"(//div[contains(@id, \"application-managehandovers-display-component---AddNewHO--oneStep-CbBg\")])"}
RESULT: {"using":"xpath","value":"(//div[contains(@id, \"application-managehandovers-display-component---AddNewHO--oneStep-CbBg\")])"}
COMMAND: POST /session/0b442ebc8f096c4bfeb5c66a52851a3f/element - {"using":"xpath","value":"(//div[contains(@id, \"application-managehandovers-display-component---AddNewHO--oneStep-CbBg\")])/input"}
RESULT: {"using":"xpath","value":"(//div[contains(@id, \"application-managehandovers-display-component---AddNewHO--oneStep-CbBg\")])/input"}
COMMAND: GET /session/0b442ebc8f096c4bfeb5c66a52851a3f/element/f.9CA8B20795E6D08D18CCAFF067F35E12.d.6DD984C7D7272648BB1EB59DE6490AB2.e.21738/attribute/checked - {}
RESULT: {}
RESULT: undefined
COMMAND: POST /session/0b442ebc8f096c4bfeb5c66a52851a3f/execute/async - {"script":"<script> [6424 bytes]","args":[{"element-6066-11e4-a52e-4f735466cecf":"f.9CA8B20795E6D08D18CCAFF067F35E12.d.6DD984C7D7272648BB1EB59DE6490AB2.e.20446"},"setValue",["05/06/2025"]]}
COMMAND: POST /session/0b442ebc8f096c4bfeb5c66a52851a3f/element/f.9CA8B20795E6D08D18CCAFF067F35E12.d.6DD984C7D7272648BB1EB59DE6490AB2.e.21979/click - {}
COMMAND: POST /session/0b442ebc8f096c4bfeb5c66a52851a3f/execute/async - {"script":"<script> [1562 bytes]","args":[{"selector":{"id":"application-managehandovers-display-component---AddNewHO--dueDate","interaction":{"idSuffix":"inner"}},"wdio_ui5_key":"applicationmanagehandovers-display-component---AddNewHO--dueDate"}]}
RESULT: {}
COMMAND: GET /session/0b442ebc8f096c4bfeb5c66a52851a3f/screenshot - {}
RESULT: {"script":"<script> [1562 bytes]","args":[{"selector":{"id":"application-managehandovers-display-component---AddNewHO--dueDate","interaction":{"idSuffix":"inner"}},"wdio_ui5_key":"applicationmanagehandovers-display-component---AddNewHO--dueDate"}]}
COMMAND: POST /session/0b442ebc8f096c4bfeb5c66a52851a3f/execute/async - {"script":"<script> [6424 bytes]","args":[{"element-6066-11e4-a52e-4f735466cecf":"f.9CA8B20795E6D08D18CCAFF067F35E12.d.6DD984C7D7272648BB1EB59DE6490AB2.e.21734"},"setValue",["05/06/2025"]]}
RESULT: {}
RESULT: {"script":"<script> [6424 bytes]","args":[{"element-6066-11e4-a52e-4f735466cecf":"f.9CA8B20795E6D08D18CCAFF067F35E12.d.6DD984C7D7272648BB1EB59DE6490AB2.e.21734"},"setValue",["05/06/2025"]]}
COMMAND: POST /session/0b442ebc8f096c4bfeb5c66a52851a3f/element - {"using":"xpath","value":"//bdi[contains(text(), \"Instructions\")]"}
RESULT: {"using":"xpath","value":"//bdi[contains(text(), \"Instructions\")]"}
COMMAND: POST /session/0b442ebc8f096c4bfeb5c66a52851a3f/element/f.9CA8B20795E6D08D18CCAFF067F35E12.d.6DD984C7D7272648BB1EB59DE6490AB2.e.21981/click - {}
RESULT: {}
COMMAND: GET /session/0b442ebc8f096c4bfeb5c66a52851a3f/screenshot - {}
RESULT: {}
COMMAND: POST /session/0b442ebc8f096c4bfeb5c66a52851a3f/element - {"using":"xpath","value":"//button[@data-kt=\"AddNewHOProvideAddItemsButton\"]"}
RESULT: {"using":"xpath","value":"//button[@data-kt=\"AddNewHOProvideAddItemsButton\"]"}
COMMAND: POST /session/0b442ebc8f096c4bfeb5c66a52851a3f/element/f.9CA8B20795E6D08D18CCAFF067F35E12.d.6DD984C7D7272648BB1EB59DE6490AB2.e.21985/click - {}
RESULT: {}
COMMAND: GET /session/0b442ebc8f096c4bfeb5c66a52851a3f/screenshot - {}
RESULT: {}
RESULT: undefined
COMMAND: POST /session/0b442ebc8f096c4bfeb5c66a52851a3f/element - {"using":"xpath","value":"//*[@id=\"application-managehandovers-display-component---AddNewHO--popup-sa\"]"}
RESULT: {"using":"xpath","value":"//*[@id=\"application-managehandovers-display-component---AddNewHO--popup-sa\"]"}
COMMAND: POST /session/0b442ebc8f096c4bfeb5c66a52851a3f/element/f.9CA8B20795E6D08D18CCAFF067F35E12.d.6DD984C7D7272648BB1EB59DE6490AB2.e.22001/click - {}
RESULT: {}
COMMAND: GET /session/0b442ebc8f096c4bfeb5c66a52851a3f/screenshot - {}
RESULT: {}
COMMAND: POST /session/0b442ebc8f096c4bfeb5c66a52851a3f/element - {"using":"xpath","value":"//*[contains(@id ,\"BDI-content\")][contains(text(), \"Select\")]"}
RESULT: {"using":"xpath","value":"//*[contains(@id ,\"BDI-content\")][contains(text(), \"Select\")]"}
COMMAND: POST /session/0b442ebc8f096c4bfeb5c66a52851a3f/element/f.9CA8B20795E6D08D18CCAFF067F35E12.d.6DD984C7D7272648BB1EB59DE6490AB2.e.22002/click - {}
RESULT: {}
COMMAND: GET /session/0b442ebc8f096c4bfeb5c66a52851a3f/screenshot - {}
RESULT: {}
COMMAND: POST /session/0b442ebc8f096c4bfeb5c66a52851a3f/execute/async - {"script":"<script> [1562 bytes]","args":[{"selector":{"id":"application-managehandovers-display-component---AddNewHO--confirmCreationButton","interaction":{"idSuffix":"BDI-content"}},"wdio_ui5_key":"applicationmanagehandovers-display-component---AddNewHO--confirmCreationButton"}]}
RESULT: {"script":"<script> [1562 bytes]","args":[{"selector":{"id":"application-managehandovers-display-component---AddNewHO--confirmCreationButton","interaction":{"idSuffix":"BDI-content"}},"wdio_ui5_key":"applicationmanagehandovers-display-component---AddNewHO--confirmCreationButton"}]}
RESULT: undefined
COMMAND: POST /session/0b442ebc8f096c4bfeb5c66a52851a3f/element - {"using":"xpath","value":"//*[@id=\"application-managehandovers-display-component---AddNewHO--confirmCreationButton\"]"}
RESULT: {"using":"xpath","value":"//*[@id=\"application-managehandovers-display-component---AddNewHO--confirmCreationButton\"]"}
COMMAND: POST /session/0b442ebc8f096c4bfeb5c66a52851a3f/element/f.9CA8B20795E6D08D18CCAFF067F35E12.d.6DD984C7D7272648BB1EB59DE6490AB2.e.21782/click - {}
RESULT: {}
COMMAND: GET /session/0b442ebc8f096c4bfeb5c66a52851a3f/screenshot - {}
RESULT: {}
COMMAND: POST /session/0b442ebc8f096c4bfeb5c66a52851a3f/element - {"using":"xpath","value":"//button[@data-kt=\"PickingTableConfirmAllButton\"]"}
RESULT: {"using":"xpath","value":"//button[@data-kt=\"PickingTableConfirmAllButton\"]"}
COMMAND: POST /session/0b442ebc8f096c4bfeb5c66a52851a3f/elements - {"using":"xpath","value":"//button[@data-kt=\"PickingTableConfirmAllButton\"]"}
RESULT: {"using":"xpath","value":"//button[@data-kt=\"PickingTableConfirmAllButton\"]"}
COMMAND: POST /session/0b442ebc8f096c4bfeb5c66a52851a3f/elements - {"using":"xpath","value":"//button[@data-kt=\"PickingTableConfirmAllButton\"]"}
RESULT: {"using":"xpath","value":"//button[@data-kt=\"PickingTableConfirmAllButton\"]"}
COMMAND: POST /session/0b442ebc8f096c4bfeb5c66a52851a3f/element - {"using":"xpath","value":"//button[@data-kt=\"PickingTableConfirmAllButton\"]"}
RESULT: {"using":"xpath","value":"//button[@data-kt=\"PickingTableConfirmAllButton\"]"}
COMMAND: POST /session/0b442ebc8f096c4bfeb5c66a52851a3f/element/f.9CA8B20795E6D08D18CCAFF067F35E12.d.6DD984C7D7272648BB1EB59DE6490AB2.e.22040/click - {}
COMMAND: POST /session/0b442ebc8f096c4bfeb5c66a52851a3f/element - {"using":"xpath","value":"//button[@data-kt=\"PickingTableConfirmAllButton\"]"}
RESULT: {"using":"xpath","value":"//button[@data-kt=\"PickingTableConfirmAllButton\"]"}
COMMAND: POST /session/0b442ebc8f096c4bfeb5c66a52851a3f/element/f.9CA8B20795E6D08D18CCAFF067F35E12.d.6DD984C7D7272648BB1EB59DE6490AB2.e.22040/click - {}
COMMAND: POST /session/0b442ebc8f096c4bfeb5c66a52851a3f/element - {"using":"xpath","value":"//button[@data-kt=\"PickingTableConfirmAllButton\"]"}
RESULT: {"using":"xpath","value":"//button[@data-kt=\"PickingTableConfirmAllButton\"]"}
COMMAND: POST /session/0b442ebc8f096c4bfeb5c66a52851a3f/element/f.9CA8B20795E6D08D18CCAFF067F35E12.d.6DD984C7D7272648BB1EB59DE6490AB2.e.22061/click - {}
RESULT: {}
COMMAND: GET /session/0b442ebc8f096c4bfeb5c66a52851a3f/screenshot - {}
RESULT: {}
COMMAND: POST /session/0b442ebc8f096c4bfeb5c66a52851a3f/element - {"using":"xpath","value":"//bdi[contains(text(), \"OK\")]"}
RESULT: {"using":"xpath","value":"//bdi[contains(text(), \"OK\")]"}
COMMAND: POST /session/0b442ebc8f096c4bfeb5c66a52851a3f/element/f.9CA8B20795E6D08D18CCAFF067F35E12.d.6DD984C7D7272648BB1EB59DE6490AB2.e.22065/click - {}
RESULT: {}
COMMAND: GET /session/0b442ebc8f096c4bfeb5c66a52851a3f/screenshot - {}
RESULT: {}
COMMAND: POST /session/0b442ebc8f096c4bfeb5c66a52851a3f/element - {"using":"xpath","value":"//button[@data-kt=\"execHoPickButton\"]"}
RESULT: {"using":"xpath","value":"//button[@data-kt=\"execHoPickButton\"]"}
COMMAND: POST /session/0b442ebc8f096c4bfeb5c66a52851a3f/element/f.9CA8B20795E6D08D18CCAFF067F35E12.d.6DD984C7D7272648BB1EB59DE6490AB2.e.22067/click - {}
RESULT: {}
COMMAND: GET /session/0b442ebc8f096c4bfeb5c66a52851a3f/screenshot - {}
RESULT: {}
COMMAND: POST /session/0b442ebc8f096c4bfeb5c66a52851a3f/element - {"using":"xpath","value":"//span[contains(@id ,\"filterItemControl_BASIC-RECEIVE_CONTRACT-vhi\")]"}
RESULT: {"using":"xpath","value":"//span[contains(@id ,\"filterItemControl_BASIC-RECEIVE_CONTRACT-vhi\")]"}
COMMAND: POST /session/0b442ebc8f096c4bfeb5c66a52851a3f/element/f.9CA8B20795E6D08D18CCAFF067F35E12.d.6DD984C7D7272648BB1EB59DE6490AB2.e.22242/click - {}
RESULT: {}
COMMAND: GET /session/0b442ebc8f096c4bfeb5c66a52851a3f/screenshot - {}
RESULT: {}
COMMAND: POST /session/0b442ebc8f096c4bfeb5c66a52851a3f/execute/async - {"script":"<script> [1562 bytes]","args":[{"selector":{"controlType":"sap.m.SearchField","viewName":"etm.portal.ui.managehandovers.view.MasterHO","bindingPath":{"path":"","propertyPath":"/_BASIC_SEARCH_FIELD","modelName":"fi1t3rM0d31"},"searchOpenDialogs":true,"interaction":{"idSuffix":"I"}},"wdio_ui5_key":"etmportal.ui.managehandovers.view.MasterHOsap.m.SearchField{\"path\":\"\",\"propertyPath\":\"/_BASIC_SEARCH_FIELD\",\"modelName\":\"fi1t3rM0d31\"}"}]}
RESULT: {"script":"<script> [1562 bytes]","args":[{"selector":{"controlType":"sap.m.SearchField","viewName":"etm.portal.ui.managehandovers.view.MasterHO","bindingPath":{"path":"","propertyPath":"/_BASIC_SEARCH_FIELD","modelName":"fi1t3rM0d31"},"searchOpenDialogs":true,"interaction":{"idSuffix":"I"}},"wdio_ui5_key":"etmportal.ui.managehandovers.view.MasterHOsap.m.SearchField{\"path\":\"\",\"propertyPath\":\"/_BASIC_SEARCH_FIELD\",\"modelName\":\"fi1t3rM0d31\"}"}]}
RESULT: undefined
COMMAND: POST /session/0b442ebc8f096c4bfeb5c66a52851a3f/execute/async - {"script":"<script> [776 bytes]","args":[{"enterText":"10575","selector":{"controlType":"sap.m.SearchField","viewName":"etm.portal.ui.managehandovers.view.MasterHO","bindingPath":{"path":"","propertyPath":"/_BASIC_SEARCH_FIELD","modelName":"fi1t3rM0d31"},"searchOpenDialogs":true,"interaction":{"idSuffix":"I"}},"clearTextFirst":true,"interactionType":"ENTER_TEXT"}]}
RESULT: {"script":"<script> [776 bytes]","args":[{"enterText":"10575","selector":{"controlType":"sap.m.SearchField","viewName":"etm.portal.ui.managehandovers.view.MasterHO","bindingPath":{"path":"","propertyPath":"/_BASIC_SEARCH_FIELD","modelName":"fi1t3rM0d31"},"searchOpenDialogs":true,"interaction":{"idSuffix":"I"}},"clearTextFirst":true,"interactionType":"ENTER_TEXT"}]}
COMMAND: POST /session/0b442ebc8f096c4bfeb5c66a52851a3f/actions - {"actions":[{"id":"action76","type":"key","parameters":{},"actions":[{"type":"keyDown","value":"î€‡"},{"type":"pause","duration":10},{"type":"keyUp","value":"î€‡"}]}]}
RESULT: {"actions":[{"id":"action76","type":"key","parameters":{},"actions":[{"type":"keyDown","value":"î€‡"},{"type":"pause","duration":10},{"type":"keyUp","value":"î€‡"}]}]}
COMMAND: GET /session/0b442ebc8f096c4bfeb5c66a52851a3f/screenshot - {}
RESULT: {}
COMMAND: POST /session/0b442ebc8f096c4bfeb5c66a52851a3f/element - {"using":"xpath","value":"//div[contains(@id, 'filterItemControl_BASIC-RECEIVE_CONTRACT-valueHelpDialog-table-rowsel0')]"}
RESULT: {"using":"xpath","value":"//div[contains(@id, 'filterItemControl_BASIC-RECEIVE_CONTRACT-valueHelpDialog-table-rowsel0')]"}
COMMAND: POST /session/0b442ebc8f096c4bfeb5c66a52851a3f/element/f.9CA8B20795E6D08D18CCAFF067F35E12.d.6DD984C7D7272648BB1EB59DE6490AB2.e.22252/click - {}
RESULT: {}
COMMAND: GET /session/0b442ebc8f096c4bfeb5c66a52851a3f/screenshot - {}
RESULT: {}
COMMAND: POST /session/0b442ebc8f096c4bfeb5c66a52851a3f/element - {"using":"xpath","value":"//bdi[contains(text(), \"OK\")]"}
RESULT: {"using":"xpath","value":"//bdi[contains(text(), \"OK\")]"}
COMMAND: POST /session/0b442ebc8f096c4bfeb5c66a52851a3f/element/f.9CA8B20795E6D08D18CCAFF067F35E12.d.6DD984C7D7272648BB1EB59DE6490AB2.e.22254/click - {}
RESULT: {}
COMMAND: GET /session/0b442ebc8f096c4bfeb5c66a52851a3f/screenshot - {}
RESULT: {}
COMMAND: POST /session/0b442ebc8f096c4bfeb5c66a52851a3f/element - {"using":"xpath","value":"//span[contains(@id, \"smartTable-header-inner\")]"}
RESULT: {"using":"xpath","value":"//span[contains(@id, \"smartTable-header-inner\")]"}
COMMAND: POST /session/0b442ebc8f096c4bfeb5c66a52851a3f/elements - {"using":"xpath","value":"//span[contains(@id, \"smartTable-header-inner\")]"}
RESULT: {"using":"xpath","value":"//span[contains(@id, \"smartTable-header-inner\")]"}
COMMAND: POST /session/0b442ebc8f096c4bfeb5c66a52851a3f/execute/sync - {"script":"<script> [56 bytes]","args":[{"element-6066-11e4-a52e-4f735466cecf":"f.9CA8B20795E6D08D18CCAFF067F35E12.d.6DD984C7D7272648BB1EB59DE6490AB2.e.22282","ELEMENT":"f.9CA8B20795E6D08D18CCAFF067F35E12.d.6DD984C7D7272648BB1EB59DE6490AB2.e.22282"}]}
RESULT: {"script":"<script> [56 bytes]","args":[{"element-6066-11e4-a52e-4f735466cecf":"f.9CA8B20795E6D08D18CCAFF067F35E12.d.6DD984C7D7272648BB1EB59DE6490AB2.e.22282","ELEMENT":"f.9CA8B20795E6D08D18CCAFF067F35E12.d.6DD984C7D7272648BB1EB59DE6490AB2.e.22282"}]}
COMMAND: POST /session/0b442ebc8f096c4bfeb5c66a52851a3f/element - {"using":"xpath","value":"//table[contains(@id, \"customHandovers\")]//tbody/tr[1]/td[2]/span"}
COMMAND: GET /session/0b442ebc8f096c4bfeb5c66a52851a3f/screenshot - {}
RESULT: {"using":"xpath","value":"//table[contains(@id, \"customHandovers\")]//tbody/tr[1]/td[2]/span"}
COMMAND: POST /session/0b442ebc8f096c4bfeb5c66a52851a3f/execute/sync - {"script":"<script> [56 bytes]","args":[{"element-6066-11e4-a52e-4f735466cecf":"f.9CA8B20795E6D08D18CCAFF067F35E12.d.6DD984C7D7272648BB1EB59DE6490AB2.e.22283","ELEMENT":"f.9CA8B20795E6D08D18CCAFF067F35E12.d.6DD984C7D7272648BB1EB59DE6490AB2.e.22283"}]}
RESULT: {}
RESULT: {"script":"<script> [56 bytes]","args":[{"element-6066-11e4-a52e-4f735466cecf":"f.9CA8B20795E6D08D18CCAFF067F35E12.d.6DD984C7D7272648BB1EB59DE6490AB2.e.22283","ELEMENT":"f.9CA8B20795E6D08D18CCAFF067F35E12.d.6DD984C7D7272648BB1EB59DE6490AB2.e.22283"}]}
COMMAND: POST /session/0b442ebc8f096c4bfeb5c66a52851a3f/element - {"using":"xpath","value":"(//span[contains(@id, \"imgNav\")])[1]"}
COMMAND: GET /session/0b442ebc8f096c4bfeb5c66a52851a3f/screenshot - {}
RESULT: {"using":"xpath","value":"(//span[contains(@id, \"imgNav\")])[1]"}
COMMAND: POST /session/0b442ebc8f096c4bfeb5c66a52851a3f/element/f.9CA8B20795E6D08D18CCAFF067F35E12.d.6DD984C7D7272648BB1EB59DE6490AB2.e.22280/click - {}
RESULT: {}
RESULT: {}
COMMAND: GET /session/0b442ebc8f096c4bfeb5c66a52851a3f/screenshot - {}
RESULT: {}
COMMAND: POST /session/0b442ebc8f096c4bfeb5c66a52851a3f/element - {"using":"xpath","value":"//button[@data-kt=\"PickingTableConfirmAllButton\"]"}
RESULT: {"using":"xpath","value":"//button[@data-kt=\"PickingTableConfirmAllButton\"]"}
COMMAND: POST /session/0b442ebc8f096c4bfeb5c66a52851a3f/element/f.9CA8B20795E6D08D18CCAFF067F35E12.d.6DD984C7D7272648BB1EB59DE6490AB2.e.22323/click - {}
RESULT: {}
COMMAND: GET /session/0b442ebc8f096c4bfeb5c66a52851a3f/screenshot - {}
RESULT: {}
COMMAND: POST /session/0b442ebc8f096c4bfeb5c66a52851a3f/element - {"using":"xpath","value":"//bdi[contains(text(), \"OK\")]"}
RESULT: {"using":"xpath","value":"//bdi[contains(text(), \"OK\")]"}
COMMAND: POST /session/0b442ebc8f096c4bfeb5c66a52851a3f/element/f.9CA8B20795E6D08D18CCAFF067F35E12.d.6DD984C7D7272648BB1EB59DE6490AB2.e.22335/click - {}
RESULT: {}
COMMAND: GET /session/0b442ebc8f096c4bfeb5c66a52851a3f/screenshot - {}
RESULT: {}
COMMAND: POST /session/0b442ebc8f096c4bfeb5c66a52851a3f/element - {"using":"xpath","value":"//button[@data-kt=\"execHoIssueButton\"]"}
RESULT: {"using":"xpath","value":"//button[@data-kt=\"execHoIssueButton\"]"}
COMMAND: POST /session/0b442ebc8f096c4bfeb5c66a52851a3f/element/f.9CA8B20795E6D08D18CCAFF067F35E12.d.6DD984C7D7272648BB1EB59DE6490AB2.e.22337/click - {}
RESULT: {}
COMMAND: GET /session/0b442ebc8f096c4bfeb5c66a52851a3f/screenshot - {}
RESULT: {}
COMMAND: POST /session/0b442ebc8f096c4bfeb5c66a52851a3f/element - {"using":"xpath","value":"//input[contains(@id ,\"smartFilterBar-btnBasicSearch-I\")]"}
RESULT: {"using":"xpath","value":"//input[contains(@id ,\"smartFilterBar-btnBasicSearch-I\")]"}
COMMAND: POST /session/0b442ebc8f096c4bfeb5c66a52851a3f/elements - {"using":"xpath","value":"//input[contains(@id ,\"smartFilterBar-btnBasicSearch-I\")]"}
RESULT: {"using":"xpath","value":"//input[contains(@id ,\"smartFilterBar-btnBasicSearch-I\")]"}
COMMAND: POST /session/0b442ebc8f096c4bfeb5c66a52851a3f/execute/sync - {"script":"<script> [8489 bytes]","args":[{"element-6066-11e4-a52e-4f735466cecf":"f.9CA8B20795E6D08D18CCAFF067F35E12.d.6DD984C7D7272648BB1EB59DE6490AB2.e.21733","ELEMENT":"f.9CA8B20795E6D08D18CCAFF067F35E12.d.6DD984C7D7272648BB1EB59DE6490AB2.e.21733"}]}
RESULT: {"script":"<script> [8489 bytes]","args":[{"element-6066-11e4-a52e-4f735466cecf":"f.9CA8B20795E6D08D18CCAFF067F35E12.d.6DD984C7D7272648BB1EB59DE6490AB2.e.21733","ELEMENT":"f.9CA8B20795E6D08D18CCAFF067F35E12.d.6DD984C7D7272648BB1EB59DE6490AB2.e.21733"}]}
COMMAND: GET /session/0b442ebc8f096c4bfeb5c66a52851a3f/element/f.9CA8B20795E6D08D18CCAFF067F35E12.d.6DD984C7D7272648BB1EB59DE6490AB2.e.21733/enabled - {}
COMMAND: GET /session/0b442ebc8f096c4bfeb5c66a52851a3f/screenshot - {}
RESULT: {}
COMMAND: POST /session/0b442ebc8f096c4bfeb5c66a52851a3f/element/f.9CA8B20795E6D08D18CCAFF067F35E12.d.6DD984C7D7272648BB1EB59DE6490AB2.e.21733/clear - {}
COMMAND: GET /session/0b442ebc8f096c4bfeb5c66a52851a3f/screenshot - {}
RESULT: {}
RESULT: {}
COMMAND: POST /session/0b442ebc8f096c4bfeb5c66a52851a3f/element/f.9CA8B20795E6D08D18CCAFF067F35E12.d.6DD984C7D7272648BB1EB59DE6490AB2.e.21733/value - {"text":"30870"}
COMMAND: GET /session/0b442ebc8f096c4bfeb5c66a52851a3f/screenshot - {}
RESULT: {}
RESULT: {"text":"30870"}
COMMAND: GET /session/0b442ebc8f096c4bfeb5c66a52851a3f/screenshot - {}
RESULT: {}
RESULT: {}
COMMAND: POST /session/0b442ebc8f096c4bfeb5c66a52851a3f/actions - {"actions":[{"id":"action77","type":"key","parameters":{},"actions":[{"type":"keyDown","value":"î€‡"},{"type":"pause","duration":10},{"type":"keyUp","value":"î€‡"}]}]}
RESULT: {"actions":[{"id":"action77","type":"key","parameters":{},"actions":[{"type":"keyDown","value":"î€‡"},{"type":"pause","duration":10},{"type":"keyUp","value":"î€‡"}]}]}
COMMAND: GET /session/0b442ebc8f096c4bfeb5c66a52851a3f/screenshot - {}
RESULT: {}
COMMAND: POST /session/0b442ebc8f096c4bfeb5c66a52851a3f/element - {"using":"xpath","value":"//span[contains(@id, \"smartTable-header-inner\")]"}
RESULT: {"using":"xpath","value":"//span[contains(@id, \"smartTable-header-inner\")]"}
COMMAND: POST /session/0b442ebc8f096c4bfeb5c66a52851a3f/elements - {"using":"xpath","value":"//span[contains(@id, \"smartTable-header-inner\")]"}
RESULT: {"using":"xpath","value":"//span[contains(@id, \"smartTable-header-inner\")]"}
COMMAND: POST /session/0b442ebc8f096c4bfeb5c66a52851a3f/execute/sync - {"script":"<script> [56 bytes]","args":[{"element-6066-11e4-a52e-4f735466cecf":"f.9CA8B20795E6D08D18CCAFF067F35E12.d.6DD984C7D7272648BB1EB59DE6490AB2.e.22282","ELEMENT":"f.9CA8B20795E6D08D18CCAFF067F35E12.d.6DD984C7D7272648BB1EB59DE6490AB2.e.22282"}]}
RESULT: {"script":"<script> [56 bytes]","args":[{"element-6066-11e4-a52e-4f735466cecf":"f.9CA8B20795E6D08D18CCAFF067F35E12.d.6DD984C7D7272648BB1EB59DE6490AB2.e.22282","ELEMENT":"f.9CA8B20795E6D08D18CCAFF067F35E12.d.6DD984C7D7272648BB1EB59DE6490AB2.e.22282"}]}
COMMAND: POST /session/0b442ebc8f096c4bfeb5c66a52851a3f/elements - {"using":"xpath","value":"//thead[contains(@class, \"sapMTableTH\")]/tr/th"}
COMMAND: GET /session/0b442ebc8f096c4bfeb5c66a52851a3f/screenshot - {}
RESULT: {"using":"xpath","value":"//thead[contains(@class, \"sapMTableTH\")]/tr/th"}
COMMAND: GET /session/0b442ebc8f096c4bfeb5c66a52851a3f/element/f.9CA8B20795E6D08D18CCAFF067F35E12.d.6DD984C7D7272648BB1EB59DE6490AB2.e.22378/text - {}
RESULT: {}
RESULT: {}
COMMAND: GET /session/0b442ebc8f096c4bfeb5c66a52851a3f/element/f.9CA8B20795E6D08D18CCAFF067F35E12.d.6DD984C7D7272648BB1EB59DE6490AB2.e.22379/text - {}
RESULT: {}
COMMAND: GET /session/0b442ebc8f096c4bfeb5c66a52851a3f/element/f.9CA8B20795E6D08D18CCAFF067F35E12.d.6DD984C7D7272648BB1EB59DE6490AB2.e.21727/text - {}
RESULT: {}
COMMAND: GET /session/0b442ebc8f096c4bfeb5c66a52851a3f/element/f.9CA8B20795E6D08D18CCAFF067F35E12.d.6DD984C7D7272648BB1EB59DE6490AB2.e.21729/text - {}
RESULT: {}
COMMAND: GET /session/0b442ebc8f096c4bfeb5c66a52851a3f/element/f.9CA8B20795E6D08D18CCAFF067F35E12.d.6DD984C7D7272648BB1EB59DE6490AB2.e.22340/text - {}
RESULT: {}
COMMAND: GET /session/0b442ebc8f096c4bfeb5c66a52851a3f/element/f.9CA8B20795E6D08D18CCAFF067F35E12.d.6DD984C7D7272648BB1EB59DE6490AB2.e.22341/text - {}
RESULT: {}
COMMAND: GET /session/0b442ebc8f096c4bfeb5c66a52851a3f/element/f.9CA8B20795E6D08D18CCAFF067F35E12.d.6DD984C7D7272648BB1EB59DE6490AB2.e.22342/text - {}
RESULT: {}
COMMAND: GET /session/0b442ebc8f096c4bfeb5c66a52851a3f/element/f.9CA8B20795E6D08D18CCAFF067F35E12.d.6DD984C7D7272648BB1EB59DE6490AB2.e.22343/text - {}
RESULT: {}
COMMAND: GET /session/0b442ebc8f096c4bfeb5c66a52851a3f/element/f.9CA8B20795E6D08D18CCAFF067F35E12.d.6DD984C7D7272648BB1EB59DE6490AB2.e.22344/text - {}
RESULT: {}
COMMAND: GET /session/0b442ebc8f096c4bfeb5c66a52851a3f/element/f.9CA8B20795E6D08D18CCAFF067F35E12.d.6DD984C7D7272648BB1EB59DE6490AB2.e.22345/text - {}
RESULT: {}
COMMAND: GET /session/0b442ebc8f096c4bfeb5c66a52851a3f/element/f.9CA8B20795E6D08D18CCAFF067F35E12.d.6DD984C7D7272648BB1EB59DE6490AB2.e.22346/text - {}
RESULT: {}
COMMAND: GET /session/0b442ebc8f096c4bfeb5c66a52851a3f/element/f.9CA8B20795E6D08D18CCAFF067F35E12.d.6DD984C7D7272648BB1EB59DE6490AB2.e.22347/text - {}
RESULT: {}
COMMAND: GET /session/0b442ebc8f096c4bfeb5c66a52851a3f/element/f.9CA8B20795E6D08D18CCAFF067F35E12.d.6DD984C7D7272648BB1EB59DE6490AB2.e.22348/text - {}
RESULT: {}
COMMAND: GET /session/0b442ebc8f096c4bfeb5c66a52851a3f/element/f.9CA8B20795E6D08D18CCAFF067F35E12.d.6DD984C7D7272648BB1EB59DE6490AB2.e.21730/text - {}
RESULT: {}
COMMAND: POST /session/0b442ebc8f096c4bfeb5c66a52851a3f/element - {"using":"xpath","value":"//tbody[contains(@id, \"customHandoversTable-tblBody\")]/tr[1]/td[14]/div/span"}
RESULT: {"using":"xpath","value":"//tbody[contains(@id, \"customHandoversTable-tblBody\")]/tr[1]/td[14]/div/span"}
COMMAND: POST /session/0b442ebc8f096c4bfeb5c66a52851a3f/execute/sync - {"script":"<script> [56 bytes]","args":[{"element-6066-11e4-a52e-4f735466cecf":"f.9CA8B20795E6D08D18CCAFF067F35E12.d.6DD984C7D7272648BB1EB59DE6490AB2.e.22431","ELEMENT":"f.9CA8B20795E6D08D18CCAFF067F35E12.d.6DD984C7D7272648BB1EB59DE6490AB2.e.22431"}]}
RESULT: {"script":"<script> [56 bytes]","args":[{"element-6066-11e4-a52e-4f735466cecf":"f.9CA8B20795E6D08D18CCAFF067F35E12.d.6DD984C7D7272648BB1EB59DE6490AB2.e.22431","ELEMENT":"f.9CA8B20795E6D08D18CCAFF067F35E12.d.6DD984C7D7272648BB1EB59DE6490AB2.e.22431"}]}
COMMAND: POST /session/0b442ebc8f096c4bfeb5c66a52851a3f/element - {"using":"xpath","value":"(//span[contains(@id, \"imgNav\")])[1]"}
COMMAND: GET /session/0b442ebc8f096c4bfeb5c66a52851a3f/screenshot - {}
RESULT: {"using":"xpath","value":"(//span[contains(@id, \"imgNav\")])[1]"}
COMMAND: POST /session/0b442ebc8f096c4bfeb5c66a52851a3f/element/f.9CA8B20795E6D08D18CCAFF067F35E12.d.6DD984C7D7272648BB1EB59DE6490AB2.e.22375/click - {}
RESULT: {}
RESULT: {}
COMMAND: GET /session/0b442ebc8f096c4bfeb5c66a52851a3f/screenshot - {}
RESULT: {}
RESULT: undefined
COMMAND: POST /session/0b442ebc8f096c4bfeb5c66a52851a3f/execute/async - {"script":"<script> [776 bytes]","args":[{"enterText":"05/13/25","selector":{"id":"receiptDatePicker","viewName":"etm.portal.ui.managehandovers.view.DetailExecuteHO","interaction":{"idSuffix":"inner"}},"clearTextFirst":true,"interactionType":"ENTER_TEXT"}]}
RESULT: {"script":"<script> [776 bytes]","args":[{"enterText":"05/13/25","selector":{"id":"receiptDatePicker","viewName":"etm.portal.ui.managehandovers.view.DetailExecuteHO","interaction":{"idSuffix":"inner"}},"clearTextFirst":true,"interactionType":"ENTER_TEXT"}]}
COMMAND: POST /session/0b442ebc8f096c4bfeb5c66a52851a3f/element - {"using":"xpath","value":"//button[@data-kt=\"PickingTableConfirmAllButton\"]"}
RESULT: {"using":"xpath","value":"//button[@data-kt=\"PickingTableConfirmAllButton\"]"}
COMMAND: POST /session/0b442ebc8f096c4bfeb5c66a52851a3f/element/f.9CA8B20795E6D08D18CCAFF067F35E12.d.6DD984C7D7272648BB1EB59DE6490AB2.e.22442/click - {}
RESULT: {}
COMMAND: GET /session/0b442ebc8f096c4bfeb5c66a52851a3f/screenshot - {}
RESULT: {}
COMMAND: POST /session/0b442ebc8f096c4bfeb5c66a52851a3f/element - {"using":"xpath","value":"//bdi[contains(text(), \"OK\")]"}
RESULT: {"using":"xpath","value":"//bdi[contains(text(), \"OK\")]"}
COMMAND: POST /session/0b442ebc8f096c4bfeb5c66a52851a3f/element/f.9CA8B20795E6D08D18CCAFF067F35E12.d.6DD984C7D7272648BB1EB59DE6490AB2.e.22461/click - {}
RESULT: {}
COMMAND: GET /session/0b442ebc8f096c4bfeb5c66a52851a3f/screenshot - {}
RESULT: {}
COMMAND: POST /session/0b442ebc8f096c4bfeb5c66a52851a3f/element - {"using":"xpath","value":"//button[@data-kt= \"execHoReceiveButton\"]"}
RESULT: {"using":"xpath","value":"//button[@data-kt= \"execHoReceiveButton\"]"}
COMMAND: POST /session/0b442ebc8f096c4bfeb5c66a52851a3f/element/f.9CA8B20795E6D08D18CCAFF067F35E12.d.6DD984C7D7272648BB1EB59DE6490AB2.e.22462/click - {}
RESULT: {}
COMMAND: GET /session/0b442ebc8f096c4bfeb5c66a52851a3f/screenshot - {}
RESULT: {}
COMMAND: POST /session/0b442ebc8f096c4bfeb5c66a52851a3f/element - {"using":"xpath","value":"//input[contains(@id ,\"smartFilterBar-btnBasicSearch-I\")]"}
RESULT: {"using":"xpath","value":"//input[contains(@id ,\"smartFilterBar-btnBasicSearch-I\")]"}
COMMAND: POST /session/0b442ebc8f096c4bfeb5c66a52851a3f/elements - {"using":"xpath","value":"//input[contains(@id ,\"smartFilterBar-btnBasicSearch-I\")]"}
RESULT: {"using":"xpath","value":"//input[contains(@id ,\"smartFilterBar-btnBasicSearch-I\")]"}
COMMAND: POST /session/0b442ebc8f096c4bfeb5c66a52851a3f/execute/sync - {"script":"<script> [8489 bytes]","args":[{"element-6066-11e4-a52e-4f735466cecf":"f.9CA8B20795E6D08D18CCAFF067F35E12.d.6DD984C7D7272648BB1EB59DE6490AB2.e.21733","ELEMENT":"f.9CA8B20795E6D08D18CCAFF067F35E12.d.6DD984C7D7272648BB1EB59DE6490AB2.e.21733"}]}
RESULT: {"script":"<script> [8489 bytes]","args":[{"element-6066-11e4-a52e-4f735466cecf":"f.9CA8B20795E6D08D18CCAFF067F35E12.d.6DD984C7D7272648BB1EB59DE6490AB2.e.21733","ELEMENT":"f.9CA8B20795E6D08D18CCAFF067F35E12.d.6DD984C7D7272648BB1EB59DE6490AB2.e.21733"}]}
COMMAND: GET /session/0b442ebc8f096c4bfeb5c66a52851a3f/element/f.9CA8B20795E6D08D18CCAFF067F35E12.d.6DD984C7D7272648BB1EB59DE6490AB2.e.21733/enabled - {}
COMMAND: GET /session/0b442ebc8f096c4bfeb5c66a52851a3f/screenshot - {}
RESULT: {}
COMMAND: POST /session/0b442ebc8f096c4bfeb5c66a52851a3f/element/f.9CA8B20795E6D08D18CCAFF067F35E12.d.6DD984C7D7272648BB1EB59DE6490AB2.e.21733/clear - {}
COMMAND: GET /session/0b442ebc8f096c4bfeb5c66a52851a3f/screenshot - {}
RESULT: {}
RESULT: {}
COMMAND: POST /session/0b442ebc8f096c4bfeb5c66a52851a3f/element/f.9CA8B20795E6D08D18CCAFF067F35E12.d.6DD984C7D7272648BB1EB59DE6490AB2.e.21733/value - {"text":"30870"}
COMMAND: GET /session/0b442ebc8f096c4bfeb5c66a52851a3f/screenshot - {}
RESULT: {}
RESULT: {"text":"30870"}
COMMAND: GET /session/0b442ebc8f096c4bfeb5c66a52851a3f/screenshot - {}
RESULT: {}
RESULT: {}
COMMAND: POST /session/0b442ebc8f096c4bfeb5c66a52851a3f/actions - {"actions":[{"id":"action78","type":"key","parameters":{},"actions":[{"type":"keyDown","value":"î€‡"},{"type":"pause","duration":10},{"type":"keyUp","value":"î€‡"}]}]}
RESULT: {"actions":[{"id":"action78","type":"key","parameters":{},"actions":[{"type":"keyDown","value":"î€‡"},{"type":"pause","duration":10},{"type":"keyUp","value":"î€‡"}]}]}
COMMAND: GET /session/0b442ebc8f096c4bfeb5c66a52851a3f/screenshot - {}
RESULT: {}
COMMAND: POST /session/0b442ebc8f096c4bfeb5c66a52851a3f/element - {"using":"xpath","value":"//span[contains(@id, \"smartTable-header-inner\")]"}
RESULT: {"using":"xpath","value":"//span[contains(@id, \"smartTable-header-inner\")]"}
COMMAND: POST /session/0b442ebc8f096c4bfeb5c66a52851a3f/elements - {"using":"xpath","value":"//span[contains(@id, \"smartTable-header-inner\")]"}
RESULT: {"using":"xpath","value":"//span[contains(@id, \"smartTable-header-inner\")]"}
COMMAND: POST /session/0b442ebc8f096c4bfeb5c66a52851a3f/execute/sync - {"script":"<script> [56 bytes]","args":[{"element-6066-11e4-a52e-4f735466cecf":"f.9CA8B20795E6D08D18CCAFF067F35E12.d.6DD984C7D7272648BB1EB59DE6490AB2.e.22282","ELEMENT":"f.9CA8B20795E6D08D18CCAFF067F35E12.d.6DD984C7D7272648BB1EB59DE6490AB2.e.22282"}]}
RESULT: {"script":"<script> [56 bytes]","args":[{"element-6066-11e4-a52e-4f735466cecf":"f.9CA8B20795E6D08D18CCAFF067F35E12.d.6DD984C7D7272648BB1EB59DE6490AB2.e.22282","ELEMENT":"f.9CA8B20795E6D08D18CCAFF067F35E12.d.6DD984C7D7272648BB1EB59DE6490AB2.e.22282"}]}
COMMAND: POST /session/0b442ebc8f096c4bfeb5c66a52851a3f/elements - {"using":"xpath","value":"//thead[contains(@class, \"sapMTableTH\")]/tr/th"}
COMMAND: GET /session/0b442ebc8f096c4bfeb5c66a52851a3f/screenshot - {}
RESULT: {"using":"xpath","value":"//thead[contains(@class, \"sapMTableTH\")]/tr/th"}
COMMAND: GET /session/0b442ebc8f096c4bfeb5c66a52851a3f/element/f.9CA8B20795E6D08D18CCAFF067F35E12.d.6DD984C7D7272648BB1EB59DE6490AB2.e.22378/text - {}
RESULT: {}
RESULT: {}
COMMAND: GET /session/0b442ebc8f096c4bfeb5c66a52851a3f/element/f.9CA8B20795E6D08D18CCAFF067F35E12.d.6DD984C7D7272648BB1EB59DE6490AB2.e.22379/text - {}
RESULT: {}
COMMAND: GET /session/0b442ebc8f096c4bfeb5c66a52851a3f/element/f.9CA8B20795E6D08D18CCAFF067F35E12.d.6DD984C7D7272648BB1EB59DE6490AB2.e.21727/text - {}
RESULT: {}
COMMAND: GET /session/0b442ebc8f096c4bfeb5c66a52851a3f/element/f.9CA8B20795E6D08D18CCAFF067F35E12.d.6DD984C7D7272648BB1EB59DE6490AB2.e.21729/text - {}
RESULT: {}
COMMAND: GET /session/0b442ebc8f096c4bfeb5c66a52851a3f/element/f.9CA8B20795E6D08D18CCAFF067F35E12.d.6DD984C7D7272648BB1EB59DE6490AB2.e.22467/text - {}
RESULT: {}
COMMAND: GET /session/0b442ebc8f096c4bfeb5c66a52851a3f/element/f.9CA8B20795E6D08D18CCAFF067F35E12.d.6DD984C7D7272648BB1EB59DE6490AB2.e.22468/text - {}
RESULT: {}
COMMAND: GET /session/0b442ebc8f096c4bfeb5c66a52851a3f/element/f.9CA8B20795E6D08D18CCAFF067F35E12.d.6DD984C7D7272648BB1EB59DE6490AB2.e.22469/text - {}
RESULT: {}
COMMAND: GET /session/0b442ebc8f096c4bfeb5c66a52851a3f/element/f.9CA8B20795E6D08D18CCAFF067F35E12.d.6DD984C7D7272648BB1EB59DE6490AB2.e.22470/text - {}
RESULT: {}
COMMAND: GET /session/0b442ebc8f096c4bfeb5c66a52851a3f/element/f.9CA8B20795E6D08D18CCAFF067F35E12.d.6DD984C7D7272648BB1EB59DE6490AB2.e.22471/text - {}
RESULT: {}
COMMAND: GET /session/0b442ebc8f096c4bfeb5c66a52851a3f/element/f.9CA8B20795E6D08D18CCAFF067F35E12.d.6DD984C7D7272648BB1EB59DE6490AB2.e.22472/text - {}
RESULT: {}
COMMAND: GET /session/0b442ebc8f096c4bfeb5c66a52851a3f/element/f.9CA8B20795E6D08D18CCAFF067F35E12.d.6DD984C7D7272648BB1EB59DE6490AB2.e.22473/text - {}
RESULT: {}
COMMAND: GET /session/0b442ebc8f096c4bfeb5c66a52851a3f/element/f.9CA8B20795E6D08D18CCAFF067F35E12.d.6DD984C7D7272648BB1EB59DE6490AB2.e.22474/text - {}
RESULT: {}
COMMAND: GET /session/0b442ebc8f096c4bfeb5c66a52851a3f/element/f.9CA8B20795E6D08D18CCAFF067F35E12.d.6DD984C7D7272648BB1EB59DE6490AB2.e.22475/text - {}
RESULT: {}
COMMAND: GET /session/0b442ebc8f096c4bfeb5c66a52851a3f/element/f.9CA8B20795E6D08D18CCAFF067F35E12.d.6DD984C7D7272648BB1EB59DE6490AB2.e.21730/text - {}
RESULT: {}
COMMAND: POST /session/0b442ebc8f096c4bfeb5c66a52851a3f/element - {"using":"xpath","value":"//tbody[contains(@id, \"customHandoversTable-tblBody\")]/tr[1]/td[14]/div/span"}
RESULT: {"using":"xpath","value":"//tbody[contains(@id, \"customHandoversTable-tblBody\")]/tr[1]/td[14]/div/span"}
COMMAND: POST /session/0b442ebc8f096c4bfeb5c66a52851a3f/execute/sync - {"script":"<script> [56 bytes]","args":[{"element-6066-11e4-a52e-4f735466cecf":"f.9CA8B20795E6D08D18CCAFF067F35E12.d.6DD984C7D7272648BB1EB59DE6490AB2.e.22514","ELEMENT":"f.9CA8B20795E6D08D18CCAFF067F35E12.d.6DD984C7D7272648BB1EB59DE6490AB2.e.22514"}]}
RESULT: {"script":"<script> [56 bytes]","args":[{"element-6066-11e4-a52e-4f735466cecf":"f.9CA8B20795E6D08D18CCAFF067F35E12.d.6DD984C7D7272648BB1EB59DE6490AB2.e.22514","ELEMENT":"f.9CA8B20795E6D08D18CCAFF067F35E12.d.6DD984C7D7272648BB1EB59DE6490AB2.e.22514"}]}
COMMAND: POST /session/0b442ebc8f096c4bfeb5c66a52851a3f/element - {"using":"css selector","value":"#shell-header-logo"}
COMMAND: GET /session/0b442ebc8f096c4bfeb5c66a52851a3f/screenshot - {}
RESULT: {}
RESULT: {"using":"css selector","value":"#shell-header-logo"}
COMMAND: POST /session/0b442ebc8f096c4bfeb5c66a52851a3f/element/f.9CA8B20795E6D08D18CCAFF067F35E12.d.6DD984C7D7272648BB1EB59DE6490AB2.e.20861/click - {}
RESULT: {}
COMMAND: GET /session/0b442ebc8f096c4bfeb5c66a52851a3f/screenshot - {}
RESULT: {}
]]></system-out>
    </testcase>
    <testcase classname="chrome.135_0_7049_96.windows.Billing_Calculation_-_Time_based_(considering_transport_times)_US139738" name="Should navigate to Manage Billings and trigger contract calculation business confirm it" time="75.458">
      <system-out><![CDATA[
COMMAND: POST /session/0b442ebc8f096c4bfeb5c66a52851a3f/execute/async - {"script":"<script> [1562 bytes]","args":[{"selector":{"controlType":"sap.m.GenericTile","properties":{"header":"Manage Billings"}},"wdio_ui5_key":"sapm.GenericTile{\"header\":\"Manage Billings\"}"}]}
RESULT: {"script":"<script> [1562 bytes]","args":[{"selector":{"controlType":"sap.m.GenericTile","properties":{"header":"Manage Billings"}},"wdio_ui5_key":"sapm.GenericTile{\"header\":\"Manage Billings\"}"}]}
RESULT: undefined
COMMAND: POST /session/0b442ebc8f096c4bfeb5c66a52851a3f/element - {"using":"xpath","value":"//*[@id=\"__tile51\"]"}
RESULT: {"using":"xpath","value":"//*[@id=\"__tile51\"]"}
COMMAND: POST /session/0b442ebc8f096c4bfeb5c66a52851a3f/element/f.9CA8B20795E6D08D18CCAFF067F35E12.d.6DD984C7D7272648BB1EB59DE6490AB2.e.18838/click - {}
RESULT: {}
COMMAND: GET /session/0b442ebc8f096c4bfeb5c66a52851a3f/screenshot - {}
RESULT: {}
COMMAND: POST /session/0b442ebc8f096c4bfeb5c66a52851a3f/execute/async - {"script":"<script> [1562 bytes]","args":[{"selector":{"id":"application-managebillings-display-component---billRunCalcResult--smartFilterBar-btnBasicSearch","interaction":{"idSuffix":"I"}},"wdio_ui5_key":"applicationmanagebillings-display-component---billRunCalcResult--smartFilterBar-btnBasicSearch"}]}
RESULT: {"script":"<script> [1562 bytes]","args":[{"selector":{"id":"application-managebillings-display-component---billRunCalcResult--smartFilterBar-btnBasicSearch","interaction":{"idSuffix":"I"}},"wdio_ui5_key":"applicationmanagebillings-display-component---billRunCalcResult--smartFilterBar-btnBasicSearch"}]}
RESULT: undefined
COMMAND: POST /session/0b442ebc8f096c4bfeb5c66a52851a3f/execute/async - {"script":"<script> [776 bytes]","args":[{"enterText":"10575","selector":{"id":"application-managebillings-display-component---billRunCalcResult--smartFilterBar-btnBasicSearch","interaction":{"idSuffix":"I"}},"clearTextFirst":true,"interactionType":"ENTER_TEXT"}]}
RESULT: {"script":"<script> [776 bytes]","args":[{"enterText":"10575","selector":{"id":"application-managebillings-display-component---billRunCalcResult--smartFilterBar-btnBasicSearch","interaction":{"idSuffix":"I"}},"clearTextFirst":true,"interactionType":"ENTER_TEXT"}]}
COMMAND: POST /session/0b442ebc8f096c4bfeb5c66a52851a3f/actions - {"actions":[{"id":"action79","type":"key","parameters":{},"actions":[{"type":"keyDown","value":"î€‡"},{"type":"pause","duration":10},{"type":"keyUp","value":"î€‡"}]}]}
RESULT: {"actions":[{"id":"action79","type":"key","parameters":{},"actions":[{"type":"keyDown","value":"î€‡"},{"type":"pause","duration":10},{"type":"keyUp","value":"î€‡"}]}]}
COMMAND: GET /session/0b442ebc8f096c4bfeb5c66a52851a3f/screenshot - {}
RESULT: {}
COMMAND: POST /session/0b442ebc8f096c4bfeb5c66a52851a3f/element - {"using":"xpath","value":"//td[@aria-colindex=\"1\"]/div/div[contains(@class, \"sapMCbBg\")]"}
RESULT: {"using":"xpath","value":"//td[@aria-colindex=\"1\"]/div/div[contains(@class, \"sapMCbBg\")]"}
COMMAND: POST /session/0b442ebc8f096c4bfeb5c66a52851a3f/element/f.9CA8B20795E6D08D18CCAFF067F35E12.d.6DD984C7D7272648BB1EB59DE6490AB2.e.22728/click - {}
RESULT: {}
COMMAND: GET /session/0b442ebc8f096c4bfeb5c66a52851a3f/screenshot - {}
RESULT: {}
COMMAND: POST /session/0b442ebc8f096c4bfeb5c66a52851a3f/execute/async - {"script":"<script> [1562 bytes]","args":[{"selector":{"id":"application-managebillings-display-component---billRunCalcResult--contractBillRunDate","interaction":{"idSuffix":"inner"}},"wdio_ui5_key":"applicationmanagebillings-display-component---billRunCalcResult--contractBillRunDate"}]}
RESULT: {"script":"<script> [1562 bytes]","args":[{"selector":{"id":"application-managebillings-display-component---billRunCalcResult--contractBillRunDate","interaction":{"idSuffix":"inner"}},"wdio_ui5_key":"applicationmanagebillings-display-component---billRunCalcResult--contractBillRunDate"}]}
RESULT: undefined
COMMAND: POST /session/0b442ebc8f096c4bfeb5c66a52851a3f/execute/async - {"script":"<script> [776 bytes]","args":[{"enterText":"05/06/25","selector":{"id":"application-managebillings-display-component---billRunCalcResult--contractBillRunDate","interaction":{"idSuffix":"inner"}},"clearTextFirst":true,"interactionType":"ENTER_TEXT"}]}
RESULT: {"script":"<script> [776 bytes]","args":[{"enterText":"05/06/25","selector":{"id":"application-managebillings-display-component---billRunCalcResult--contractBillRunDate","interaction":{"idSuffix":"inner"}},"clearTextFirst":true,"interactionType":"ENTER_TEXT"}]}
COMMAND: POST /session/0b442ebc8f096c4bfeb5c66a52851a3f/element - {"using":"xpath","value":"//bdi[contains(text(), \"Trigger Calculation\")]"}
RESULT: {"using":"xpath","value":"//bdi[contains(text(), \"Trigger Calculation\")]"}
COMMAND: POST /session/0b442ebc8f096c4bfeb5c66a52851a3f/element/f.9CA8B20795E6D08D18CCAFF067F35E12.d.6DD984C7D7272648BB1EB59DE6490AB2.e.22780/click - {}
RESULT: {}
COMMAND: GET /session/0b442ebc8f096c4bfeb5c66a52851a3f/screenshot - {}
RESULT: {}
COMMAND: POST /session/0b442ebc8f096c4bfeb5c66a52851a3f/element - {"using":"xpath","value":"(//span[contains(@id, \"imgNav\")])[1]"}
RESULT: {"using":"xpath","value":"(//span[contains(@id, \"imgNav\")])[1]"}
COMMAND: POST /session/0b442ebc8f096c4bfeb5c66a52851a3f/element/f.9CA8B20795E6D08D18CCAFF067F35E12.d.6DD984C7D7272648BB1EB59DE6490AB2.e.22729/click - {}
RESULT: {}
COMMAND: GET /session/0b442ebc8f096c4bfeb5c66a52851a3f/screenshot - {}
RESULT: {}
COMMAND: POST /session/0b442ebc8f096c4bfeb5c66a52851a3f/element - {"using":"xpath","value":"//tr/td[6]/div[1]/span[1]/span[1]"}
RESULT: {"using":"xpath","value":"//tr/td[6]/div[1]/span[1]/span[1]"}
COMMAND: GET /session/0b442ebc8f096c4bfeb5c66a52851a3f/element/f.9CA8B20795E6D08D18CCAFF067F35E12.d.6DD984C7D7272648BB1EB59DE6490AB2.e.22785/text - {}
RESULT: {}
COMMAND: POST /session/0b442ebc8f096c4bfeb5c66a52851a3f/element - {"using":"xpath","value":"(//span[contains(@id, \"imgNav\")])[2]"}
RESULT: {"using":"xpath","value":"(//span[contains(@id, \"imgNav\")])[2]"}
COMMAND: POST /session/0b442ebc8f096c4bfeb5c66a52851a3f/element/f.9CA8B20795E6D08D18CCAFF067F35E12.d.6DD984C7D7272648BB1EB59DE6490AB2.e.22786/click - {}
RESULT: {}
COMMAND: POST /session/0b442ebc8f096c4bfeb5c66a52851a3f/element - {"using":"xpath","value":"//bdi[contains(text(), \"Business Confirm\")]"}
COMMAND: GET /session/0b442ebc8f096c4bfeb5c66a52851a3f/screenshot - {}
RESULT: {"using":"xpath","value":"//bdi[contains(text(), \"Business Confirm\")]"}
COMMAND: POST /session/0b442ebc8f096c4bfeb5c66a52851a3f/elements - {"using":"xpath","value":"//bdi[contains(text(), \"Business Confirm\")]"}
RESULT: {}
RESULT: {"using":"xpath","value":"//bdi[contains(text(), \"Business Confirm\")]"}
COMMAND: POST /session/0b442ebc8f096c4bfeb5c66a52851a3f/element - {"using":"xpath","value":"//bdi[contains(text(), \"Business Confirm\")]"}
RESULT: {"using":"xpath","value":"//bdi[contains(text(), \"Business Confirm\")]"}
COMMAND: POST /session/0b442ebc8f096c4bfeb5c66a52851a3f/element/f.9CA8B20795E6D08D18CCAFF067F35E12.d.6DD984C7D7272648BB1EB59DE6490AB2.e.22789/click - {}
RESULT: {}
COMMAND: POST /session/0b442ebc8f096c4bfeb5c66a52851a3f/element - {"using":"css selector","value":"#shell-header-logo"}
COMMAND: GET /session/0b442ebc8f096c4bfeb5c66a52851a3f/screenshot - {}
RESULT: {"using":"css selector","value":"#shell-header-logo"}
COMMAND: POST /session/0b442ebc8f096c4bfeb5c66a52851a3f/element/f.9CA8B20795E6D08D18CCAFF067F35E12.d.6DD984C7D7272648BB1EB59DE6490AB2.e.22518/click - {}
RESULT: {}
RESULT: {}
COMMAND: GET /session/0b442ebc8f096c4bfeb5c66a52851a3f/screenshot - {}
RESULT: {}
]]></system-out>
    </testcase>
  </testsuite>
</testsuites>