<?xml version="1.0" encoding="UTF-8"?>
<testsuites tests="15" failures="0" errors="0" skipped="0">
  <testsuite timestamp="2025-05-16T17:28:03" time="1648.514" tests="11" failures="0" errors="0" skipped="0">
    <properties>
      <property name="specId" value="0" />
      <property name="suiteName" value="Partner specific tests US150819 US151080 US151654 US151176 US103444 US151078 US151079 US151109 US151174 US151175 US151189" />
      <property name="capabilities" value="chrome.136_0_7103_93.windows" />
      <property name="file" value="file:///D:/a/1/s/test/specs/BTS/manage-partners.spec.js" />
    </properties>
    <testcase classname="chrome.136_0_7103_93.windows.Partner_specific_tests_US150819_US151080_US151654_US151176_US103444_US151078_US151079_US151109_US151174_US151175_US151189" name="Should create a new yard prerequisite" time="177.486">
      <system-out><![CDATA[
COMMAND: POST /session/50f16edc6deacc6e46419d57199c3d82/window/fullscreen - {}
RESULT: {}
COMMAND: POST /session/50f16edc6deacc6e46419d57199c3d82/element - {"using":"xpath","value":"//li[.//span[text()=\"Manage Partners\"]]"}
RESULT: {"using":"xpath","value":"//li[.//span[text()=\"Manage Partners\"]]"}
COMMAND: POST /session/50f16edc6deacc6e46419d57199c3d82/element - {"using":"xpath","value":"//li[.//span[text()=\"Manage Partners\"]]"}
RESULT: {"using":"xpath","value":"//li[.//span[text()=\"Manage Partners\"]]"}
COMMAND: POST /session/50f16edc6deacc6e46419d57199c3d82/element - {"using":"css selector","value":"#shell-header-logo"}
RESULT: {"using":"css selector","value":"#shell-header-logo"}
COMMAND: POST /session/50f16edc6deacc6e46419d57199c3d82/element/f.54CFF833D3AC6A681D379AA79D22594A.d.0FC706CC0059677785171F965047487E.e.241/click - {}
COMMAND: POST /session/50f16edc6deacc6e46419d57199c3d82/execute/sync - {"script":"<script> [8489 bytes]","args":[{"element-6066-11e4-a52e-4f735466cecf":"f.54CFF833D3AC6A681D379AA79D22594A.d.0FC706CC0059677785171F965047487E.e.241","ELEMENT":"f.54CFF833D3AC6A681D379AA79D22594A.d.0FC706CC0059677785171F965047487E.e.241"}]}
RESULT: {}
COMMAND: GET /session/50f16edc6deacc6e46419d57199c3d82/screenshot - {}
RESULT: {"script":"<script> [8489 bytes]","args":[{"element-6066-11e4-a52e-4f735466cecf":"f.54CFF833D3AC6A681D379AA79D22594A.d.0FC706CC0059677785171F965047487E.e.241","ELEMENT":"f.54CFF833D3AC6A681D379AA79D22594A.d.0FC706CC0059677785171F965047487E.e.241"}]}
COMMAND: POST /session/50f16edc6deacc6e46419d57199c3d82/execute/sync - {"script":"<script> [5351 bytes]","args":[{"element-6066-11e4-a52e-4f735466cecf":"f.54CFF833D3AC6A681D379AA79D22594A.d.0FC706CC0059677785171F965047487E.e.241","ELEMENT":"f.54CFF833D3AC6A681D379AA79D22594A.d.0FC706CC0059677785171F965047487E.e.241"}]}
COMMAND: GET /session/50f16edc6deacc6e46419d57199c3d82/screenshot - {}
RESULT: {}
RESULT: {"script":"<script> [5351 bytes]","args":[{"element-6066-11e4-a52e-4f735466cecf":"f.54CFF833D3AC6A681D379AA79D22594A.d.0FC706CC0059677785171F965047487E.e.241","ELEMENT":"f.54CFF833D3AC6A681D379AA79D22594A.d.0FC706CC0059677785171F965047487E.e.241"}]}
COMMAND: GET /session/50f16edc6deacc6e46419d57199c3d82/screenshot - {}
RESULT: {}
RESULT: {}
COMMAND: POST /session/50f16edc6deacc6e46419d57199c3d82/execute/async - {"script":"<script> [1562 bytes]","args":[{"selector":{"controlType":"sap.m.GenericTile","properties":{"header":"Manage Yards"}},"wdio_ui5_key":"sapm.GenericTile{\"header\":\"Manage Yards\"}"}]}
RESULT: {"script":"<script> [1562 bytes]","args":[{"selector":{"controlType":"sap.m.GenericTile","properties":{"header":"Manage Yards"}},"wdio_ui5_key":"sapm.GenericTile{\"header\":\"Manage Yards\"}"}]}
RESULT: undefined
COMMAND: POST /session/50f16edc6deacc6e46419d57199c3d82/element - {"using":"xpath","value":"//*[@id=\"__tile41\"]"}
RESULT: {"using":"xpath","value":"//*[@id=\"__tile41\"]"}
COMMAND: POST /session/50f16edc6deacc6e46419d57199c3d82/element/f.54CFF833D3AC6A681D379AA79D22594A.d.0FC706CC0059677785171F965047487E.e.149/click - {}
RESULT: {}
COMMAND: GET /session/50f16edc6deacc6e46419d57199c3d82/screenshot - {}
RESULT: {}
COMMAND: POST /session/50f16edc6deacc6e46419d57199c3d82/elements - {"using":"xpath","value":"//span[text()='Error']"}
RESULT: {"using":"xpath","value":"//span[text()='Error']"}
COMMAND: POST /session/50f16edc6deacc6e46419d57199c3d82/element - {"using":"xpath","value":"//button[@data-kt=\"addNewYardOverflowToolbarButton\"]"}
RESULT: {"using":"xpath","value":"//button[@data-kt=\"addNewYardOverflowToolbarButton\"]"}
COMMAND: POST /session/50f16edc6deacc6e46419d57199c3d82/elements - {"using":"xpath","value":"//button[@data-kt=\"addNewYardOverflowToolbarButton\"]"}
RESULT: {"using":"xpath","value":"//button[@data-kt=\"addNewYardOverflowToolbarButton\"]"}
COMMAND: POST /session/50f16edc6deacc6e46419d57199c3d82/elements - {"using":"xpath","value":"//button[@data-kt=\"addNewYardOverflowToolbarButton\"]"}
RESULT: {"using":"xpath","value":"//button[@data-kt=\"addNewYardOverflowToolbarButton\"]"}
COMMAND: POST /session/50f16edc6deacc6e46419d57199c3d82/elements - {"using":"xpath","value":"//button[@data-kt=\"addNewYardOverflowToolbarButton\"]"}
RESULT: {"using":"xpath","value":"//button[@data-kt=\"addNewYardOverflowToolbarButton\"]"}
COMMAND: POST /session/50f16edc6deacc6e46419d57199c3d82/elements - {"using":"xpath","value":"//button[@data-kt=\"addNewYardOverflowToolbarButton\"]"}
RESULT: {"using":"xpath","value":"//button[@data-kt=\"addNewYardOverflowToolbarButton\"]"}
COMMAND: POST /session/50f16edc6deacc6e46419d57199c3d82/elements - {"using":"xpath","value":"//button[@data-kt=\"addNewYardOverflowToolbarButton\"]"}
RESULT: {"using":"xpath","value":"//button[@data-kt=\"addNewYardOverflowToolbarButton\"]"}
COMMAND: POST /session/50f16edc6deacc6e46419d57199c3d82/elements - {"using":"xpath","value":"//button[@data-kt=\"addNewYardOverflowToolbarButton\"]"}
RESULT: {"using":"xpath","value":"//button[@data-kt=\"addNewYardOverflowToolbarButton\"]"}
COMMAND: POST /session/50f16edc6deacc6e46419d57199c3d82/elements - {"using":"xpath","value":"//button[@data-kt=\"addNewYardOverflowToolbarButton\"]"}
RESULT: {"using":"xpath","value":"//button[@data-kt=\"addNewYardOverflowToolbarButton\"]"}
COMMAND: POST /session/50f16edc6deacc6e46419d57199c3d82/elements - {"using":"xpath","value":"//button[@data-kt=\"addNewYardOverflowToolbarButton\"]"}
RESULT: {"using":"xpath","value":"//button[@data-kt=\"addNewYardOverflowToolbarButton\"]"}
COMMAND: POST /session/50f16edc6deacc6e46419d57199c3d82/elements - {"using":"xpath","value":"//button[@data-kt=\"addNewYardOverflowToolbarButton\"]"}
RESULT: {"using":"xpath","value":"//button[@data-kt=\"addNewYardOverflowToolbarButton\"]"}
COMMAND: POST /session/50f16edc6deacc6e46419d57199c3d82/element - {"using":"xpath","value":"//button[@data-kt=\"addNewYardOverflowToolbarButton\"]"}
RESULT: {"using":"xpath","value":"//button[@data-kt=\"addNewYardOverflowToolbarButton\"]"}
COMMAND: POST /session/50f16edc6deacc6e46419d57199c3d82/execute/sync - {"script":"<script> [8489 bytes]","args":[{"element-6066-11e4-a52e-4f735466cecf":"f.54CFF833D3AC6A681D379AA79D22594A.d.0FC706CC0059677785171F965047487E.e.274","ELEMENT":"f.54CFF833D3AC6A681D379AA79D22594A.d.0FC706CC0059677785171F965047487E.e.274"}]}
RESULT: {"script":"<script> [8489 bytes]","args":[{"element-6066-11e4-a52e-4f735466cecf":"f.54CFF833D3AC6A681D379AA79D22594A.d.0FC706CC0059677785171F965047487E.e.274","ELEMENT":"f.54CFF833D3AC6A681D379AA79D22594A.d.0FC706CC0059677785171F965047487E.e.274"}]}
COMMAND: GET /session/50f16edc6deacc6e46419d57199c3d82/element/f.54CFF833D3AC6A681D379AA79D22594A.d.0FC706CC0059677785171F965047487E.e.274/enabled - {}
COMMAND: GET /session/50f16edc6deacc6e46419d57199c3d82/screenshot - {}
RESULT: {}
COMMAND: POST /session/50f16edc6deacc6e46419d57199c3d82/execute/sync - {"script":"<script> [8489 bytes]","args":[{"element-6066-11e4-a52e-4f735466cecf":"f.54CFF833D3AC6A681D379AA79D22594A.d.0FC706CC0059677785171F965047487E.e.274","ELEMENT":"f.54CFF833D3AC6A681D379AA79D22594A.d.0FC706CC0059677785171F965047487E.e.274"}]}
COMMAND: GET /session/50f16edc6deacc6e46419d57199c3d82/screenshot - {}
RESULT: {}
RESULT: {"script":"<script> [8489 bytes]","args":[{"element-6066-11e4-a52e-4f735466cecf":"f.54CFF833D3AC6A681D379AA79D22594A.d.0FC706CC0059677785171F965047487E.e.274","ELEMENT":"f.54CFF833D3AC6A681D379AA79D22594A.d.0FC706CC0059677785171F965047487E.e.274"}]}
COMMAND: POST /session/50f16edc6deacc6e46419d57199c3d82/execute/sync - {"script":"<script> [5351 bytes]","args":[{"element-6066-11e4-a52e-4f735466cecf":"f.54CFF833D3AC6A681D379AA79D22594A.d.0FC706CC0059677785171F965047487E.e.274","ELEMENT":"f.54CFF833D3AC6A681D379AA79D22594A.d.0FC706CC0059677785171F965047487E.e.274"}]}
COMMAND: GET /session/50f16edc6deacc6e46419d57199c3d82/screenshot - {}
RESULT: {}
RESULT: {"script":"<script> [5351 bytes]","args":[{"element-6066-11e4-a52e-4f735466cecf":"f.54CFF833D3AC6A681D379AA79D22594A.d.0FC706CC0059677785171F965047487E.e.274","ELEMENT":"f.54CFF833D3AC6A681D379AA79D22594A.d.0FC706CC0059677785171F965047487E.e.274"}]}
COMMAND: POST /session/50f16edc6deacc6e46419d57199c3d82/element/f.54CFF833D3AC6A681D379AA79D22594A.d.0FC706CC0059677785171F965047487E.e.274/click - {}
COMMAND: GET /session/50f16edc6deacc6e46419d57199c3d82/screenshot - {}
RESULT: {}
RESULT: {}
COMMAND: GET /session/50f16edc6deacc6e46419d57199c3d82/screenshot - {}
COMMAND: POST /session/50f16edc6deacc6e46419d57199c3d82/element - {"using":"xpath","value":"//input[@id=\"application-manageyards-display-component---NewYard--yardId-inner\"]"}
RESULT: {}
RESULT: {}
RESULT: {"using":"xpath","value":"//input[@id=\"application-manageyards-display-component---NewYard--yardId-inner\"]"}
COMMAND: POST /session/50f16edc6deacc6e46419d57199c3d82/element - {"using":"xpath","value":"//input[@id=\"application-manageyards-display-component---NewYard--yardId-inner\"]"}
RESULT: {"using":"xpath","value":"//input[@id=\"application-manageyards-display-component---NewYard--yardId-inner\"]"}
COMMAND: POST /session/50f16edc6deacc6e46419d57199c3d82/execute/async - {"script":"<script> [1562 bytes]","args":[{"selector":{"id":"application-manageyards-display-component---NewYard--addressDetailDetailsName1","interaction":{"idSuffix":"inner"}},"wdio_ui5_key":"applicationmanageyards-display-component---NewYard--addressDetailDetailsName1"}]}
RESULT: {"script":"<script> [1562 bytes]","args":[{"selector":{"id":"application-manageyards-display-component---NewYard--addressDetailDetailsName1","interaction":{"idSuffix":"inner"}},"wdio_ui5_key":"applicationmanageyards-display-component---NewYard--addressDetailDetailsName1"}]}
RESULT: undefined
COMMAND: POST /session/50f16edc6deacc6e46419d57199c3d82/execute/async - {"script":"<script> [776 bytes]","args":[{"enterText":"Intracompany Yard wdIO","selector":{"id":"application-manageyards-display-component---NewYard--addressDetailDetailsName1","interaction":{"idSuffix":"inner"}},"clearTextFirst":true,"interactionType":"ENTER_TEXT"}]}
RESULT: {"script":"<script> [776 bytes]","args":[{"enterText":"Intracompany Yard wdIO","selector":{"id":"application-manageyards-display-component---NewYard--addressDetailDetailsName1","interaction":{"idSuffix":"inner"}},"clearTextFirst":true,"interactionType":"ENTER_TEXT"}]}
COMMAND: POST /session/50f16edc6deacc6e46419d57199c3d82/execute/async - {"script":"<script> [1562 bytes]","args":[{"selector":{"id":"application-manageyards-display-component---NewYard--addressDetailDetailsLanguage-arrow"},"wdio_ui5_key":"applicationmanageyards-display-component---NewYard--addressDetailDetailsLanguage-arrow"}]}
RESULT: {"script":"<script> [1562 bytes]","args":[{"selector":{"id":"application-manageyards-display-component---NewYard--addressDetailDetailsLanguage-arrow"},"wdio_ui5_key":"applicationmanageyards-display-component---NewYard--addressDetailDetailsLanguage-arrow"}]}
RESULT: undefined
COMMAND: POST /session/50f16edc6deacc6e46419d57199c3d82/element - {"using":"xpath","value":"//*[@id=\"application-manageyards-display-component---NewYard--addressDetailDetailsLanguage-arrow\"]"}
RESULT: {"using":"xpath","value":"//*[@id=\"application-manageyards-display-component---NewYard--addressDetailDetailsLanguage-arrow\"]"}
COMMAND: POST /session/50f16edc6deacc6e46419d57199c3d82/element/f.54CFF833D3AC6A681D379AA79D22594A.d.0FC706CC0059677785171F965047487E.e.708/click - {}
RESULT: {}
COMMAND: POST /session/50f16edc6deacc6e46419d57199c3d82/element - {"using":"xpath","value":"//span[contains(text(), \"English\")]"}
COMMAND: GET /session/50f16edc6deacc6e46419d57199c3d82/screenshot - {}
RESULT: {"using":"xpath","value":"//span[contains(text(), \"English\")]"}
COMMAND: POST /session/50f16edc6deacc6e46419d57199c3d82/element/f.54CFF833D3AC6A681D379AA79D22594A.d.0FC706CC0059677785171F965047487E.e.709/click - {}
RESULT: {}
RESULT: {}
COMMAND: POST /session/50f16edc6deacc6e46419d57199c3d82/execute/async - {"script":"<script> [1562 bytes]","args":[{"selector":{"id":"application-manageyards-display-component---NewYard--addressDetailDetailsCity1","interaction":{"idSuffix":"inner"}},"wdio_ui5_key":"applicationmanageyards-display-component---NewYard--addressDetailDetailsCity1"}]}
COMMAND: GET /session/50f16edc6deacc6e46419d57199c3d82/screenshot - {}
RESULT: {"script":"<script> [1562 bytes]","args":[{"selector":{"id":"application-manageyards-display-component---NewYard--addressDetailDetailsCity1","interaction":{"idSuffix":"inner"}},"wdio_ui5_key":"applicationmanageyards-display-component---NewYard--addressDetailDetailsCity1"}]}
RESULT: undefined
COMMAND: POST /session/50f16edc6deacc6e46419d57199c3d82/execute/async - {"script":"<script> [776 bytes]","args":[{"enterText":"Rosario","selector":{"id":"application-manageyards-display-component---NewYard--addressDetailDetailsCity1","interaction":{"idSuffix":"inner"}},"clearTextFirst":true,"interactionType":"ENTER_TEXT"}]}
RESULT: {}
RESULT: {"script":"<script> [776 bytes]","args":[{"enterText":"Rosario","selector":{"id":"application-manageyards-display-component---NewYard--addressDetailDetailsCity1","interaction":{"idSuffix":"inner"}},"clearTextFirst":true,"interactionType":"ENTER_TEXT"}]}
COMMAND: POST /session/50f16edc6deacc6e46419d57199c3d82/execute/async - {"script":"<script> [1562 bytes]","args":[{"selector":{"id":"application-manageyards-display-component---NewYard--addressDetailDetailsCountry-arrow"},"wdio_ui5_key":"applicationmanageyards-display-component---NewYard--addressDetailDetailsCountry-arrow"}]}
RESULT: {"script":"<script> [1562 bytes]","args":[{"selector":{"id":"application-manageyards-display-component---NewYard--addressDetailDetailsCountry-arrow"},"wdio_ui5_key":"applicationmanageyards-display-component---NewYard--addressDetailDetailsCountry-arrow"}]}
RESULT: undefined
COMMAND: POST /session/50f16edc6deacc6e46419d57199c3d82/element - {"using":"xpath","value":"//*[@id=\"application-manageyards-display-component---NewYard--addressDetailDetailsCountry-arrow\"]"}
RESULT: {"using":"xpath","value":"//*[@id=\"application-manageyards-display-component---NewYard--addressDetailDetailsCountry-arrow\"]"}
COMMAND: POST /session/50f16edc6deacc6e46419d57199c3d82/element/f.54CFF833D3AC6A681D379AA79D22594A.d.0FC706CC0059677785171F965047487E.e.711/click - {}
RESULT: {}
COMMAND: POST /session/50f16edc6deacc6e46419d57199c3d82/element - {"using":"xpath","value":"//span[contains(text(), \"Argentina\")]"}
COMMAND: GET /session/50f16edc6deacc6e46419d57199c3d82/screenshot - {}
RESULT: {"using":"xpath","value":"//span[contains(text(), \"Argentina\")]"}
COMMAND: POST /session/50f16edc6deacc6e46419d57199c3d82/element/f.54CFF833D3AC6A681D379AA79D22594A.d.0FC706CC0059677785171F965047487E.e.713/click - {}
RESULT: {}
RESULT: {}
COMMAND: POST /session/50f16edc6deacc6e46419d57199c3d82/execute/async - {"script":"<script> [1562 bytes]","args":[{"selector":{"id":"application-manageyards-display-component---NewYard--addressEditDetailsCostObjectCstType-arrow"},"wdio_ui5_key":"applicationmanageyards-display-component---NewYard--addressEditDetailsCostObjectCstType-arrow"}]}
COMMAND: GET /session/50f16edc6deacc6e46419d57199c3d82/screenshot - {}
RESULT: {"script":"<script> [1562 bytes]","args":[{"selector":{"id":"application-manageyards-display-component---NewYard--addressEditDetailsCostObjectCstType-arrow"},"wdio_ui5_key":"applicationmanageyards-display-component---NewYard--addressEditDetailsCostObjectCstType-arrow"}]}
RESULT: undefined
COMMAND: POST /session/50f16edc6deacc6e46419d57199c3d82/element - {"using":"xpath","value":"//*[@id=\"application-manageyards-display-component---NewYard--addressEditDetailsCostObjectCstType-arrow\"]"}
RESULT: {}
RESULT: {"using":"xpath","value":"//*[@id=\"application-manageyards-display-component---NewYard--addressEditDetailsCostObjectCstType-arrow\"]"}
COMMAND: POST /session/50f16edc6deacc6e46419d57199c3d82/element/f.54CFF833D3AC6A681D379AA79D22594A.d.0FC706CC0059677785171F965047487E.e.714/click - {}
RESULT: {}
COMMAND: POST /session/50f16edc6deacc6e46419d57199c3d82/element - {"using":"xpath","value":"//span[contains(text(), \"Cost Center\")]"}
COMMAND: GET /session/50f16edc6deacc6e46419d57199c3d82/screenshot - {}
RESULT: {"using":"xpath","value":"//span[contains(text(), \"Cost Center\")]"}
COMMAND: POST /session/50f16edc6deacc6e46419d57199c3d82/element/f.54CFF833D3AC6A681D379AA79D22594A.d.0FC706CC0059677785171F965047487E.e.715/click - {}
RESULT: {}
RESULT: {}
COMMAND: GET /session/50f16edc6deacc6e46419d57199c3d82/screenshot - {}
RESULT: {}
COMMAND: POST /session/50f16edc6deacc6e46419d57199c3d82/element - {"using":"xpath","value":"//span[@id=\"application-manageyards-display-component---NewYard--addressNewCostObjectCstID-vhi\"]"}
RESULT: {"using":"xpath","value":"//span[@id=\"application-manageyards-display-component---NewYard--addressNewCostObjectCstID-vhi\"]"}
COMMAND: POST /session/50f16edc6deacc6e46419d57199c3d82/execute/sync - {"script":"<script> [8489 bytes]","args":[{"element-6066-11e4-a52e-4f735466cecf":"f.54CFF833D3AC6A681D379AA79D22594A.d.0FC706CC0059677785171F965047487E.e.719","ELEMENT":"f.54CFF833D3AC6A681D379AA79D22594A.d.0FC706CC0059677785171F965047487E.e.719"}]}
RESULT: {"script":"<script> [8489 bytes]","args":[{"element-6066-11e4-a52e-4f735466cecf":"f.54CFF833D3AC6A681D379AA79D22594A.d.0FC706CC0059677785171F965047487E.e.719","ELEMENT":"f.54CFF833D3AC6A681D379AA79D22594A.d.0FC706CC0059677785171F965047487E.e.719"}]}
COMMAND: POST /session/50f16edc6deacc6e46419d57199c3d82/execute/async - {"script":"<script> [1562 bytes]","args":[{"selector":{"id":"application-manageyards-display-component---NewYard--addressNewCostObjectCstID-vhi"},"wdio_ui5_key":"applicationmanageyards-display-component---NewYard--addressNewCostObjectCstID-vhi"}]}
COMMAND: GET /session/50f16edc6deacc6e46419d57199c3d82/screenshot - {}
RESULT: {"script":"<script> [1562 bytes]","args":[{"selector":{"id":"application-manageyards-display-component---NewYard--addressNewCostObjectCstID-vhi"},"wdio_ui5_key":"applicationmanageyards-display-component---NewYard--addressNewCostObjectCstID-vhi"}]}
RESULT: undefined
COMMAND: POST /session/50f16edc6deacc6e46419d57199c3d82/element - {"using":"xpath","value":"//*[@id=\"application-manageyards-display-component---NewYard--addressNewCostObjectCstID-vhi\"]"}
RESULT: {}
RESULT: {"using":"xpath","value":"//*[@id=\"application-manageyards-display-component---NewYard--addressNewCostObjectCstID-vhi\"]"}
COMMAND: POST /session/50f16edc6deacc6e46419d57199c3d82/element/f.54CFF833D3AC6A681D379AA79D22594A.d.0FC706CC0059677785171F965047487E.e.719/click - {}
RESULT: {}
COMMAND: GET /session/50f16edc6deacc6e46419d57199c3d82/screenshot - {}
RESULT: {}
COMMAND: POST /session/50f16edc6deacc6e46419d57199c3d82/execute/async - {"script":"<script> [1562 bytes]","args":[{"selector":{"controlType":"sap.m.SearchField","properties":{"placeholder":"Search"},"searchOpenDialogs":true,"interaction":{"idSuffix":"I"}},"wdio_ui5_key":"sapm.SearchField{\"placeholder\":\"Search\"}"}]}
RESULT: {"script":"<script> [1562 bytes]","args":[{"selector":{"controlType":"sap.m.SearchField","properties":{"placeholder":"Search"},"searchOpenDialogs":true,"interaction":{"idSuffix":"I"}},"wdio_ui5_key":"sapm.SearchField{\"placeholder\":\"Search\"}"}]}
RESULT: undefined
COMMAND: POST /session/50f16edc6deacc6e46419d57199c3d82/execute/async - {"script":"<script> [776 bytes]","args":[{"enterText":"bauh_b","selector":{"controlType":"sap.m.SearchField","properties":{"placeholder":"Search"},"searchOpenDialogs":true,"interaction":{"idSuffix":"I"}},"clearTextFirst":true,"interactionType":"ENTER_TEXT"}]}
RESULT: {"script":"<script> [776 bytes]","args":[{"enterText":"bauh_b","selector":{"controlType":"sap.m.SearchField","properties":{"placeholder":"Search"},"searchOpenDialogs":true,"interaction":{"idSuffix":"I"}},"clearTextFirst":true,"interactionType":"ENTER_TEXT"}]}
COMMAND: POST /session/50f16edc6deacc6e46419d57199c3d82/actions - {"actions":[{"id":"action1","type":"key","parameters":{},"actions":[{"type":"keyDown","value":"î€‡"},{"type":"pause","duration":10},{"type":"keyUp","value":"î€‡"}]}]}
RESULT: {"actions":[{"id":"action1","type":"key","parameters":{},"actions":[{"type":"keyDown","value":"î€‡"},{"type":"pause","duration":10},{"type":"keyUp","value":"î€‡"}]}]}
COMMAND: GET /session/50f16edc6deacc6e46419d57199c3d82/screenshot - {}
RESULT: {}
COMMAND: POST /session/50f16edc6deacc6e46419d57199c3d82/element - {"using":"xpath","value":"//span[contains(text(), \"Demo Yard\")]"}
RESULT: {"using":"xpath","value":"//span[contains(text(), \"Demo Yard\")]"}
COMMAND: POST /session/50f16edc6deacc6e46419d57199c3d82/element/f.54CFF833D3AC6A681D379AA79D22594A.d.0FC706CC0059677785171F965047487E.e.761/click - {}
RESULT: {}
COMMAND: GET /session/50f16edc6deacc6e46419d57199c3d82/screenshot - {}
RESULT: {}
COMMAND: POST /session/50f16edc6deacc6e46419d57199c3d82/element - {"using":"xpath","value":"//bdi[contains(text(), \"OK\")]"}
RESULT: {"using":"xpath","value":"//bdi[contains(text(), \"OK\")]"}
COMMAND: POST /session/50f16edc6deacc6e46419d57199c3d82/element/f.54CFF833D3AC6A681D379AA79D22594A.d.0FC706CC0059677785171F965047487E.e.762/click - {}
RESULT: {}
COMMAND: GET /session/50f16edc6deacc6e46419d57199c3d82/screenshot - {}
RESULT: {}
COMMAND: POST /session/50f16edc6deacc6e46419d57199c3d82/execute/async - {"script":"<script> [1562 bytes]","args":[{"selector":{"id":"application-manageyards-display-component---NewYard--addressEditDetailsCurrency-arrow"},"wdio_ui5_key":"applicationmanageyards-display-component---NewYard--addressEditDetailsCurrency-arrow"}]}
RESULT: {"script":"<script> [1562 bytes]","args":[{"selector":{"id":"application-manageyards-display-component---NewYard--addressEditDetailsCurrency-arrow"},"wdio_ui5_key":"applicationmanageyards-display-component---NewYard--addressEditDetailsCurrency-arrow"}]}
RESULT: undefined
COMMAND: POST /session/50f16edc6deacc6e46419d57199c3d82/element - {"using":"xpath","value":"//*[@id=\"application-manageyards-display-component---NewYard--addressEditDetailsCurrency-arrow\"]"}
RESULT: {"using":"xpath","value":"//*[@id=\"application-manageyards-display-component---NewYard--addressEditDetailsCurrency-arrow\"]"}
COMMAND: POST /session/50f16edc6deacc6e46419d57199c3d82/element/f.54CFF833D3AC6A681D379AA79D22594A.d.0FC706CC0059677785171F965047487E.e.765/click - {}
RESULT: {}
COMMAND: POST /session/50f16edc6deacc6e46419d57199c3d82/element - {"using":"xpath","value":"//span[contains(text(), \"Euro\")]"}
COMMAND: GET /session/50f16edc6deacc6e46419d57199c3d82/screenshot - {}
RESULT: {"using":"xpath","value":"//span[contains(text(), \"Euro\")]"}
COMMAND: POST /session/50f16edc6deacc6e46419d57199c3d82/element/f.54CFF833D3AC6A681D379AA79D22594A.d.0FC706CC0059677785171F965047487E.e.766/click - {}
RESULT: {}
RESULT: {}
COMMAND: POST /session/50f16edc6deacc6e46419d57199c3d82/execute/async - {"script":"<script> [1562 bytes]","args":[{"selector":{"controlType":"sap.m.Input","viewName":"etm.portal.ui.manageyards.view.New","viewId":"application-manageyards-display-component---NewYard","bindingPath":{"path":"","propertyPath":"/CONTROLLING_AREA","modelName":"NewYardModel"},"interaction":{"idSuffix":"inner"}},"wdio_ui5_key":"etmportal.ui.manageyards.view.Newsap.m.Input{\"path\":\"\",\"propertyPath\":\"/CONTROLLING_AREA\",\"modelName\":\"NewYardModel\"}"}]}
COMMAND: GET /session/50f16edc6deacc6e46419d57199c3d82/screenshot - {}
RESULT: {"script":"<script> [1562 bytes]","args":[{"selector":{"controlType":"sap.m.Input","viewName":"etm.portal.ui.manageyards.view.New","viewId":"application-manageyards-display-component---NewYard","bindingPath":{"path":"","propertyPath":"/CONTROLLING_AREA","modelName":"NewYardModel"},"interaction":{"idSuffix":"inner"}},"wdio_ui5_key":"etmportal.ui.manageyards.view.Newsap.m.Input{\"path\":\"\",\"propertyPath\":\"/CONTROLLING_AREA\",\"modelName\":\"NewYardModel\"}"}]}
RESULT: undefined
COMMAND: POST /session/50f16edc6deacc6e46419d57199c3d82/execute/async - {"script":"<script> [776 bytes]","args":[{"enterText":"Z001","selector":{"controlType":"sap.m.Input","viewName":"etm.portal.ui.manageyards.view.New","viewId":"application-manageyards-display-component---NewYard","bindingPath":{"path":"","propertyPath":"/CONTROLLING_AREA","modelName":"NewYardModel"},"interaction":{"idSuffix":"inner"}},"clearTextFirst":true,"interactionType":"ENTER_TEXT"}]}
RESULT: {}
RESULT: {"script":"<script> [776 bytes]","args":[{"enterText":"Z001","selector":{"controlType":"sap.m.Input","viewName":"etm.portal.ui.manageyards.view.New","viewId":"application-manageyards-display-component---NewYard","bindingPath":{"path":"","propertyPath":"/CONTROLLING_AREA","modelName":"NewYardModel"},"interaction":{"idSuffix":"inner"}},"clearTextFirst":true,"interactionType":"ENTER_TEXT"}]}
COMMAND: POST /session/50f16edc6deacc6e46419d57199c3d82/execute/async - {"script":"<script> [1562 bytes]","args":[{"selector":{"id":"application-manageyards-display-component---NewYard--companyCodeComboBox","interaction":{"idSuffix":"inner"}},"wdio_ui5_key":"applicationmanageyards-display-component---NewYard--companyCodeComboBox"}]}
RESULT: {"script":"<script> [1562 bytes]","args":[{"selector":{"id":"application-manageyards-display-component---NewYard--companyCodeComboBox","interaction":{"idSuffix":"inner"}},"wdio_ui5_key":"applicationmanageyards-display-component---NewYard--companyCodeComboBox"}]}
RESULT: undefined
COMMAND: POST /session/50f16edc6deacc6e46419d57199c3d82/execute/async - {"script":"<script> [776 bytes]","args":[{"enterText":"1000","selector":{"id":"application-manageyards-display-component---NewYard--companyCodeComboBox","interaction":{"idSuffix":"inner"}},"clearTextFirst":true,"interactionType":"ENTER_TEXT"}]}
RESULT: {"script":"<script> [776 bytes]","args":[{"enterText":"1000","selector":{"id":"application-manageyards-display-component---NewYard--companyCodeComboBox","interaction":{"idSuffix":"inner"}},"clearTextFirst":true,"interactionType":"ENTER_TEXT"}]}
COMMAND: POST /session/50f16edc6deacc6e46419d57199c3d82/execute/async - {"script":"<script> [1562 bytes]","args":[{"selector":{"controlType":"sap.m.Input","viewName":"etm.portal.ui.manageyards.view.New","viewId":"application-manageyards-display-component---NewYard","bindingPath":{"path":"","propertyPath":"/PLANT","modelName":"NewYardModel"},"interaction":{"idSuffix":"inner"}},"wdio_ui5_key":"etmportal.ui.manageyards.view.Newsap.m.Input{\"path\":\"\",\"propertyPath\":\"/PLANT\",\"modelName\":\"NewYardModel\"}"}]}
RESULT: {"script":"<script> [1562 bytes]","args":[{"selector":{"controlType":"sap.m.Input","viewName":"etm.portal.ui.manageyards.view.New","viewId":"application-manageyards-display-component---NewYard","bindingPath":{"path":"","propertyPath":"/PLANT","modelName":"NewYardModel"},"interaction":{"idSuffix":"inner"}},"wdio_ui5_key":"etmportal.ui.manageyards.view.Newsap.m.Input{\"path\":\"\",\"propertyPath\":\"/PLANT\",\"modelName\":\"NewYardModel\"}"}]}
RESULT: undefined
COMMAND: POST /session/50f16edc6deacc6e46419d57199c3d82/execute/async - {"script":"<script> [776 bytes]","args":[{"enterText":"1001","selector":{"controlType":"sap.m.Input","viewName":"etm.portal.ui.manageyards.view.New","viewId":"application-manageyards-display-component---NewYard","bindingPath":{"path":"","propertyPath":"/PLANT","modelName":"NewYardModel"},"interaction":{"idSuffix":"inner"}},"clearTextFirst":true,"interactionType":"ENTER_TEXT"}]}
RESULT: {"script":"<script> [776 bytes]","args":[{"enterText":"1001","selector":{"controlType":"sap.m.Input","viewName":"etm.portal.ui.manageyards.view.New","viewId":"application-manageyards-display-component---NewYard","bindingPath":{"path":"","propertyPath":"/PLANT","modelName":"NewYardModel"},"interaction":{"idSuffix":"inner"}},"clearTextFirst":true,"interactionType":"ENTER_TEXT"}]}
COMMAND: POST /session/50f16edc6deacc6e46419d57199c3d82/execute/async - {"script":"<script> [1562 bytes]","args":[{"selector":{"controlType":"sap.m.Input","viewName":"etm.portal.ui.manageyards.view.New","viewId":"application-manageyards-display-component---NewYard","bindingPath":{"path":"","propertyPath":"/SALES_AREA_VKORG","modelName":"NewYardModel"},"interaction":{"idSuffix":"inner"}},"wdio_ui5_key":"etmportal.ui.manageyards.view.Newsap.m.Input{\"path\":\"\",\"propertyPath\":\"/SALES_AREA_VKORG\",\"modelName\":\"NewYardModel\"}"}]}
RESULT: {"script":"<script> [1562 bytes]","args":[{"selector":{"controlType":"sap.m.Input","viewName":"etm.portal.ui.manageyards.view.New","viewId":"application-manageyards-display-component---NewYard","bindingPath":{"path":"","propertyPath":"/SALES_AREA_VKORG","modelName":"NewYardModel"},"interaction":{"idSuffix":"inner"}},"wdio_ui5_key":"etmportal.ui.manageyards.view.Newsap.m.Input{\"path\":\"\",\"propertyPath\":\"/SALES_AREA_VKORG\",\"modelName\":\"NewYardModel\"}"}]}
RESULT: undefined
COMMAND: POST /session/50f16edc6deacc6e46419d57199c3d82/execute/async - {"script":"<script> [776 bytes]","args":[{"enterText":"C002","selector":{"controlType":"sap.m.Input","viewName":"etm.portal.ui.manageyards.view.New","viewId":"application-manageyards-display-component---NewYard","bindingPath":{"path":"","propertyPath":"/SALES_AREA_VKORG","modelName":"NewYardModel"},"interaction":{"idSuffix":"inner"}},"clearTextFirst":true,"interactionType":"ENTER_TEXT"}]}
RESULT: {"script":"<script> [776 bytes]","args":[{"enterText":"C002","selector":{"controlType":"sap.m.Input","viewName":"etm.portal.ui.manageyards.view.New","viewId":"application-manageyards-display-component---NewYard","bindingPath":{"path":"","propertyPath":"/SALES_AREA_VKORG","modelName":"NewYardModel"},"interaction":{"idSuffix":"inner"}},"clearTextFirst":true,"interactionType":"ENTER_TEXT"}]}
COMMAND: POST /session/50f16edc6deacc6e46419d57199c3d82/execute/async - {"script":"<script> [1562 bytes]","args":[{"selector":{"controlType":"sap.m.Input","viewName":"etm.portal.ui.manageyards.view.New","viewId":"application-manageyards-display-component---NewYard","bindingPath":{"path":"","propertyPath":"/SALES_AREA_VTWEG","modelName":"NewYardModel"},"interaction":{"idSuffix":"inner"}},"wdio_ui5_key":"etmportal.ui.manageyards.view.Newsap.m.Input{\"path\":\"\",\"propertyPath\":\"/SALES_AREA_VTWEG\",\"modelName\":\"NewYardModel\"}"}]}
RESULT: {"script":"<script> [1562 bytes]","args":[{"selector":{"controlType":"sap.m.Input","viewName":"etm.portal.ui.manageyards.view.New","viewId":"application-manageyards-display-component---NewYard","bindingPath":{"path":"","propertyPath":"/SALES_AREA_VTWEG","modelName":"NewYardModel"},"interaction":{"idSuffix":"inner"}},"wdio_ui5_key":"etmportal.ui.manageyards.view.Newsap.m.Input{\"path\":\"\",\"propertyPath\":\"/SALES_AREA_VTWEG\",\"modelName\":\"NewYardModel\"}"}]}
RESULT: undefined
COMMAND: POST /session/50f16edc6deacc6e46419d57199c3d82/execute/async - {"script":"<script> [776 bytes]","args":[{"enterText":"C2","selector":{"controlType":"sap.m.Input","viewName":"etm.portal.ui.manageyards.view.New","viewId":"application-manageyards-display-component---NewYard","bindingPath":{"path":"","propertyPath":"/SALES_AREA_VTWEG","modelName":"NewYardModel"},"interaction":{"idSuffix":"inner"}},"clearTextFirst":true,"interactionType":"ENTER_TEXT"}]}
RESULT: {"script":"<script> [776 bytes]","args":[{"enterText":"C2","selector":{"controlType":"sap.m.Input","viewName":"etm.portal.ui.manageyards.view.New","viewId":"application-manageyards-display-component---NewYard","bindingPath":{"path":"","propertyPath":"/SALES_AREA_VTWEG","modelName":"NewYardModel"},"interaction":{"idSuffix":"inner"}},"clearTextFirst":true,"interactionType":"ENTER_TEXT"}]}
COMMAND: POST /session/50f16edc6deacc6e46419d57199c3d82/execute/async - {"script":"<script> [1562 bytes]","args":[{"selector":{"controlType":"sap.m.Input","viewName":"etm.portal.ui.manageyards.view.New","viewId":"application-manageyards-display-component---NewYard","bindingPath":{"path":"","propertyPath":"/SALES_AREA_SPART","modelName":"NewYardModel"},"interaction":{"idSuffix":"inner"}},"wdio_ui5_key":"etmportal.ui.manageyards.view.Newsap.m.Input{\"path\":\"\",\"propertyPath\":\"/SALES_AREA_SPART\",\"modelName\":\"NewYardModel\"}"}]}
RESULT: {"script":"<script> [1562 bytes]","args":[{"selector":{"controlType":"sap.m.Input","viewName":"etm.portal.ui.manageyards.view.New","viewId":"application-manageyards-display-component---NewYard","bindingPath":{"path":"","propertyPath":"/SALES_AREA_SPART","modelName":"NewYardModel"},"interaction":{"idSuffix":"inner"}},"wdio_ui5_key":"etmportal.ui.manageyards.view.Newsap.m.Input{\"path\":\"\",\"propertyPath\":\"/SALES_AREA_SPART\",\"modelName\":\"NewYardModel\"}"}]}
RESULT: undefined
COMMAND: POST /session/50f16edc6deacc6e46419d57199c3d82/execute/async - {"script":"<script> [776 bytes]","args":[{"enterText":"C2","selector":{"controlType":"sap.m.Input","viewName":"etm.portal.ui.manageyards.view.New","viewId":"application-manageyards-display-component---NewYard","bindingPath":{"path":"","propertyPath":"/SALES_AREA_SPART","modelName":"NewYardModel"},"interaction":{"idSuffix":"inner"}},"clearTextFirst":true,"interactionType":"ENTER_TEXT"}]}
RESULT: {"script":"<script> [776 bytes]","args":[{"enterText":"C2","selector":{"controlType":"sap.m.Input","viewName":"etm.portal.ui.manageyards.view.New","viewId":"application-manageyards-display-component---NewYard","bindingPath":{"path":"","propertyPath":"/SALES_AREA_SPART","modelName":"NewYardModel"},"interaction":{"idSuffix":"inner"}},"clearTextFirst":true,"interactionType":"ENTER_TEXT"}]}
COMMAND: POST /session/50f16edc6deacc6e46419d57199c3d82/execute/async - {"script":"<script> [1562 bytes]","args":[{"selector":{"controlType":"sap.m.Input","viewName":"etm.portal.ui.manageyards.view.New","viewId":"application-manageyards-display-component---NewYard","bindingPath":{"path":"","propertyPath":"/SHIP_POINT","modelName":"NewYardModel"},"interaction":{"idSuffix":"inner"}},"wdio_ui5_key":"etmportal.ui.manageyards.view.Newsap.m.Input{\"path\":\"\",\"propertyPath\":\"/SHIP_POINT\",\"modelName\":\"NewYardModel\"}"}]}
RESULT: {"script":"<script> [1562 bytes]","args":[{"selector":{"controlType":"sap.m.Input","viewName":"etm.portal.ui.manageyards.view.New","viewId":"application-manageyards-display-component---NewYard","bindingPath":{"path":"","propertyPath":"/SHIP_POINT","modelName":"NewYardModel"},"interaction":{"idSuffix":"inner"}},"wdio_ui5_key":"etmportal.ui.manageyards.view.Newsap.m.Input{\"path\":\"\",\"propertyPath\":\"/SHIP_POINT\",\"modelName\":\"NewYardModel\"}"}]}
RESULT: undefined
COMMAND: POST /session/50f16edc6deacc6e46419d57199c3d82/execute/async - {"script":"<script> [776 bytes]","args":[{"enterText":"1710","selector":{"controlType":"sap.m.Input","viewName":"etm.portal.ui.manageyards.view.New","viewId":"application-manageyards-display-component---NewYard","bindingPath":{"path":"","propertyPath":"/SHIP_POINT","modelName":"NewYardModel"},"interaction":{"idSuffix":"inner"}},"clearTextFirst":true,"interactionType":"ENTER_TEXT"}]}
RESULT: {"script":"<script> [776 bytes]","args":[{"enterText":"1710","selector":{"controlType":"sap.m.Input","viewName":"etm.portal.ui.manageyards.view.New","viewId":"application-manageyards-display-component---NewYard","bindingPath":{"path":"","propertyPath":"/SHIP_POINT","modelName":"NewYardModel"},"interaction":{"idSuffix":"inner"}},"clearTextFirst":true,"interactionType":"ENTER_TEXT"}]}
COMMAND: POST /session/50f16edc6deacc6e46419d57199c3d82/execute/async - {"script":"<script> [1562 bytes]","args":[{"selector":{"controlType":"sap.m.Input","viewName":"etm.portal.ui.manageyards.view.New","viewId":"application-manageyards-display-component---NewYard","bindingPath":{"path":"","propertyPath":"/DELIVERY_TYPE","modelName":"NewYardModel"},"interaction":{"idSuffix":"inner"}},"wdio_ui5_key":"etmportal.ui.manageyards.view.Newsap.m.Input{\"path\":\"\",\"propertyPath\":\"/DELIVERY_TYPE\",\"modelName\":\"NewYardModel\"}"}]}
RESULT: {"script":"<script> [1562 bytes]","args":[{"selector":{"controlType":"sap.m.Input","viewName":"etm.portal.ui.manageyards.view.New","viewId":"application-manageyards-display-component---NewYard","bindingPath":{"path":"","propertyPath":"/DELIVERY_TYPE","modelName":"NewYardModel"},"interaction":{"idSuffix":"inner"}},"wdio_ui5_key":"etmportal.ui.manageyards.view.Newsap.m.Input{\"path\":\"\",\"propertyPath\":\"/DELIVERY_TYPE\",\"modelName\":\"NewYardModel\"}"}]}
RESULT: undefined
COMMAND: POST /session/50f16edc6deacc6e46419d57199c3d82/execute/async - {"script":"<script> [776 bytes]","args":[{"enterText":"ZL01","selector":{"controlType":"sap.m.Input","viewName":"etm.portal.ui.manageyards.view.New","viewId":"application-manageyards-display-component---NewYard","bindingPath":{"path":"","propertyPath":"/DELIVERY_TYPE","modelName":"NewYardModel"},"interaction":{"idSuffix":"inner"}},"clearTextFirst":true,"interactionType":"ENTER_TEXT"}]}
RESULT: {"script":"<script> [776 bytes]","args":[{"enterText":"ZL01","selector":{"controlType":"sap.m.Input","viewName":"etm.portal.ui.manageyards.view.New","viewId":"application-manageyards-display-component---NewYard","bindingPath":{"path":"","propertyPath":"/DELIVERY_TYPE","modelName":"NewYardModel"},"interaction":{"idSuffix":"inner"}},"clearTextFirst":true,"interactionType":"ENTER_TEXT"}]}
COMMAND: POST /session/50f16edc6deacc6e46419d57199c3d82/execute/async - {"script":"<script> [1562 bytes]","args":[{"selector":{"controlType":"sap.m.Input","viewName":"etm.portal.ui.manageyards.view.New","viewId":"application-manageyards-display-component---NewYard","bindingPath":{"path":"","propertyPath":"/AUART","modelName":"NewYardModel"},"interaction":{"idSuffix":"inner"}},"wdio_ui5_key":"etmportal.ui.manageyards.view.Newsap.m.Input{\"path\":\"\",\"propertyPath\":\"/AUART\",\"modelName\":\"NewYardModel\"}"}]}
RESULT: {"script":"<script> [1562 bytes]","args":[{"selector":{"controlType":"sap.m.Input","viewName":"etm.portal.ui.manageyards.view.New","viewId":"application-manageyards-display-component---NewYard","bindingPath":{"path":"","propertyPath":"/AUART","modelName":"NewYardModel"},"interaction":{"idSuffix":"inner"}},"wdio_ui5_key":"etmportal.ui.manageyards.view.Newsap.m.Input{\"path\":\"\",\"propertyPath\":\"/AUART\",\"modelName\":\"NewYardModel\"}"}]}
RESULT: undefined
COMMAND: POST /session/50f16edc6deacc6e46419d57199c3d82/execute/async - {"script":"<script> [776 bytes]","args":[{"enterText":"TA","selector":{"controlType":"sap.m.Input","viewName":"etm.portal.ui.manageyards.view.New","viewId":"application-manageyards-display-component---NewYard","bindingPath":{"path":"","propertyPath":"/AUART","modelName":"NewYardModel"},"interaction":{"idSuffix":"inner"}},"clearTextFirst":true,"interactionType":"ENTER_TEXT"}]}
RESULT: {"script":"<script> [776 bytes]","args":[{"enterText":"TA","selector":{"controlType":"sap.m.Input","viewName":"etm.portal.ui.manageyards.view.New","viewId":"application-manageyards-display-component---NewYard","bindingPath":{"path":"","propertyPath":"/AUART","modelName":"NewYardModel"},"interaction":{"idSuffix":"inner"}},"clearTextFirst":true,"interactionType":"ENTER_TEXT"}]}
COMMAND: POST /session/50f16edc6deacc6e46419d57199c3d82/element - {"using":"xpath","value":"//button[@data-kt=\"newYardSaveButton\"]"}
RESULT: {"using":"xpath","value":"//button[@data-kt=\"newYardSaveButton\"]"}
COMMAND: POST /session/50f16edc6deacc6e46419d57199c3d82/element/f.54CFF833D3AC6A681D379AA79D22594A.d.0FC706CC0059677785171F965047487E.e.672/click - {}
RESULT: {}
COMMAND: GET /session/50f16edc6deacc6e46419d57199c3d82/screenshot - {}
RESULT: {}
COMMAND: POST /session/50f16edc6deacc6e46419d57199c3d82/element - {"using":"xpath","value":"//header[contains(@id, 'ObjectPageLayout-headerTitle')]/div[1]/div[2]/div[1]/span[1]"}
RESULT: {"using":"xpath","value":"//header[contains(@id, 'ObjectPageLayout-headerTitle')]/div[1]/div[2]/div[1]/span[1]"}
COMMAND: POST /session/50f16edc6deacc6e46419d57199c3d82/elements - {"using":"xpath","value":"//header[contains(@id, 'ObjectPageLayout-headerTitle')]/div[1]/div[2]/div[1]/span[1]"}
RESULT: {"using":"xpath","value":"//header[contains(@id, 'ObjectPageLayout-headerTitle')]/div[1]/div[2]/div[1]/span[1]"}
COMMAND: POST /session/50f16edc6deacc6e46419d57199c3d82/execute/sync - {"script":"<script> [56 bytes]","args":[{"element-6066-11e4-a52e-4f735466cecf":"f.54CFF833D3AC6A681D379AA79D22594A.d.0FC706CC0059677785171F965047487E.e.989","ELEMENT":"f.54CFF833D3AC6A681D379AA79D22594A.d.0FC706CC0059677785171F965047487E.e.989"}]}
RESULT: {"script":"<script> [56 bytes]","args":[{"element-6066-11e4-a52e-4f735466cecf":"f.54CFF833D3AC6A681D379AA79D22594A.d.0FC706CC0059677785171F965047487E.e.989","ELEMENT":"f.54CFF833D3AC6A681D379AA79D22594A.d.0FC706CC0059677785171F965047487E.e.989"}]}
COMMAND: GET /session/50f16edc6deacc6e46419d57199c3d82/screenshot - {}
RESULT: {}
COMMAND: POST /session/50f16edc6deacc6e46419d57199c3d82/element - {"using":"css selector","value":"#shell-header-logo"}
RESULT: {"using":"css selector","value":"#shell-header-logo"}
COMMAND: POST /session/50f16edc6deacc6e46419d57199c3d82/element/f.54CFF833D3AC6A681D379AA79D22594A.d.0FC706CC0059677785171F965047487E.e.241/click - {}
RESULT: {}
COMMAND: GET /session/50f16edc6deacc6e46419d57199c3d82/screenshot - {}
RESULT: {}
COMMAND: POST /session/50f16edc6deacc6e46419d57199c3d82/execute/sync - {"script":"<script> [299 bytes]","args":[["getModel","getResource"]]}
RESULT: {"script":"<script> [299 bytes]","args":[["getModel","getResource"]]}
COMMAND: GET /session/50f16edc6deacc6e46419d57199c3d82/screenshot - {}
]]></system-out>
    </testcase>
    <testcase classname="chrome.136_0_7103_93.windows.Partner_specific_tests_US150819_US151080_US151654_US151176_US103444_US151078_US151079_US151109_US151174_US151175_US151189" name="Should create new external partner US150819" time="111.944">
      <system-out><![CDATA[
COMMAND: POST /session/50f16edc6deacc6e46419d57199c3d82/element - {"using":"xpath","value":"//li[.//span[text()=\"Manage Partners\"]]"}
RESULT: {}
RESULT: {"using":"xpath","value":"//li[.//span[text()=\"Manage Partners\"]]"}
COMMAND: POST /session/50f16edc6deacc6e46419d57199c3d82/element - {"using":"xpath","value":"//li[.//span[text()=\"Manage Partners\"]]"}
RESULT: {"using":"xpath","value":"//li[.//span[text()=\"Manage Partners\"]]"}
COMMAND: POST /session/50f16edc6deacc6e46419d57199c3d82/element - {"using":"css selector","value":"#shell-header-logo"}
RESULT: {"using":"css selector","value":"#shell-header-logo"}
COMMAND: POST /session/50f16edc6deacc6e46419d57199c3d82/element/f.54CFF833D3AC6A681D379AA79D22594A.d.0FC706CC0059677785171F965047487E.e.992/click - {}
COMMAND: POST /session/50f16edc6deacc6e46419d57199c3d82/execute/sync - {"script":"<script> [8489 bytes]","args":[{"element-6066-11e4-a52e-4f735466cecf":"f.54CFF833D3AC6A681D379AA79D22594A.d.0FC706CC0059677785171F965047487E.e.992","ELEMENT":"f.54CFF833D3AC6A681D379AA79D22594A.d.0FC706CC0059677785171F965047487E.e.992"}]}
RESULT: {}
COMMAND: GET /session/50f16edc6deacc6e46419d57199c3d82/screenshot - {}
RESULT: {"script":"<script> [8489 bytes]","args":[{"element-6066-11e4-a52e-4f735466cecf":"f.54CFF833D3AC6A681D379AA79D22594A.d.0FC706CC0059677785171F965047487E.e.992","ELEMENT":"f.54CFF833D3AC6A681D379AA79D22594A.d.0FC706CC0059677785171F965047487E.e.992"}]}
COMMAND: POST /session/50f16edc6deacc6e46419d57199c3d82/execute/sync - {"script":"<script> [5351 bytes]","args":[{"element-6066-11e4-a52e-4f735466cecf":"f.54CFF833D3AC6A681D379AA79D22594A.d.0FC706CC0059677785171F965047487E.e.992","ELEMENT":"f.54CFF833D3AC6A681D379AA79D22594A.d.0FC706CC0059677785171F965047487E.e.992"}]}
COMMAND: GET /session/50f16edc6deacc6e46419d57199c3d82/screenshot - {}
RESULT: {}
RESULT: {"script":"<script> [5351 bytes]","args":[{"element-6066-11e4-a52e-4f735466cecf":"f.54CFF833D3AC6A681D379AA79D22594A.d.0FC706CC0059677785171F965047487E.e.992","ELEMENT":"f.54CFF833D3AC6A681D379AA79D22594A.d.0FC706CC0059677785171F965047487E.e.992"}]}
COMMAND: GET /session/50f16edc6deacc6e46419d57199c3d82/screenshot - {}
RESULT: {}
RESULT: {}
COMMAND: POST /session/50f16edc6deacc6e46419d57199c3d82/window/fullscreen - {}
RESULT: {}
COMMAND: POST /session/50f16edc6deacc6e46419d57199c3d82/execute/async - {"script":"<script> [1562 bytes]","args":[{"selector":{"controlType":"sap.m.GenericTile","properties":{"header":"Manage Partners"}},"wdio_ui5_key":"sapm.GenericTile{\"header\":\"Manage Partners\"}"}]}
RESULT: {"script":"<script> [1562 bytes]","args":[{"selector":{"controlType":"sap.m.GenericTile","properties":{"header":"Manage Partners"}},"wdio_ui5_key":"sapm.GenericTile{\"header\":\"Manage Partners\"}"}]}
RESULT: undefined
COMMAND: POST /session/50f16edc6deacc6e46419d57199c3d82/element - {"using":"xpath","value":"//*[@id=\"__tile38\"]"}
RESULT: {"using":"xpath","value":"//*[@id=\"__tile38\"]"}
COMMAND: POST /session/50f16edc6deacc6e46419d57199c3d82/element/f.54CFF833D3AC6A681D379AA79D22594A.d.0FC706CC0059677785171F965047487E.e.140/click - {}
RESULT: {}
COMMAND: GET /session/50f16edc6deacc6e46419d57199c3d82/screenshot - {}
RESULT: {}
COMMAND: POST /session/50f16edc6deacc6e46419d57199c3d82/elements - {"using":"xpath","value":"//span[text()='Error']"}
RESULT: {"using":"xpath","value":"//span[text()='Error']"}
COMMAND: POST /session/50f16edc6deacc6e46419d57199c3d82/element - {"using":"xpath","value":"//button[@data-kt=\"addButton\"]"}
RESULT: {"using":"xpath","value":"//button[@data-kt=\"addButton\"]"}
COMMAND: POST /session/50f16edc6deacc6e46419d57199c3d82/elements - {"using":"xpath","value":"//button[@data-kt=\"addButton\"]"}
RESULT: {"using":"xpath","value":"//button[@data-kt=\"addButton\"]"}
COMMAND: POST /session/50f16edc6deacc6e46419d57199c3d82/elements - {"using":"xpath","value":"//button[@data-kt=\"addButton\"]"}
RESULT: {"using":"xpath","value":"//button[@data-kt=\"addButton\"]"}
COMMAND: POST /session/50f16edc6deacc6e46419d57199c3d82/element - {"using":"xpath","value":"//button[@data-kt=\"addButton\"]"}
RESULT: {"using":"xpath","value":"//button[@data-kt=\"addButton\"]"}
COMMAND: POST /session/50f16edc6deacc6e46419d57199c3d82/execute/sync - {"script":"<script> [8489 bytes]","args":[{"element-6066-11e4-a52e-4f735466cecf":"f.54CFF833D3AC6A681D379AA79D22594A.d.0FC706CC0059677785171F965047487E.e.1039","ELEMENT":"f.54CFF833D3AC6A681D379AA79D22594A.d.0FC706CC0059677785171F965047487E.e.1039"}]}
RESULT: {"script":"<script> [8489 bytes]","args":[{"element-6066-11e4-a52e-4f735466cecf":"f.54CFF833D3AC6A681D379AA79D22594A.d.0FC706CC0059677785171F965047487E.e.1039","ELEMENT":"f.54CFF833D3AC6A681D379AA79D22594A.d.0FC706CC0059677785171F965047487E.e.1039"}]}
COMMAND: GET /session/50f16edc6deacc6e46419d57199c3d82/element/f.54CFF833D3AC6A681D379AA79D22594A.d.0FC706CC0059677785171F965047487E.e.1039/enabled - {}
COMMAND: GET /session/50f16edc6deacc6e46419d57199c3d82/screenshot - {}
RESULT: {}
COMMAND: POST /session/50f16edc6deacc6e46419d57199c3d82/execute/sync - {"script":"<script> [8489 bytes]","args":[{"element-6066-11e4-a52e-4f735466cecf":"f.54CFF833D3AC6A681D379AA79D22594A.d.0FC706CC0059677785171F965047487E.e.1039","ELEMENT":"f.54CFF833D3AC6A681D379AA79D22594A.d.0FC706CC0059677785171F965047487E.e.1039"}]}
COMMAND: GET /session/50f16edc6deacc6e46419d57199c3d82/screenshot - {}
RESULT: {}
RESULT: {"script":"<script> [8489 bytes]","args":[{"element-6066-11e4-a52e-4f735466cecf":"f.54CFF833D3AC6A681D379AA79D22594A.d.0FC706CC0059677785171F965047487E.e.1039","ELEMENT":"f.54CFF833D3AC6A681D379AA79D22594A.d.0FC706CC0059677785171F965047487E.e.1039"}]}
COMMAND: POST /session/50f16edc6deacc6e46419d57199c3d82/execute/sync - {"script":"<script> [5351 bytes]","args":[{"element-6066-11e4-a52e-4f735466cecf":"f.54CFF833D3AC6A681D379AA79D22594A.d.0FC706CC0059677785171F965047487E.e.1039","ELEMENT":"f.54CFF833D3AC6A681D379AA79D22594A.d.0FC706CC0059677785171F965047487E.e.1039"}]}
COMMAND: GET /session/50f16edc6deacc6e46419d57199c3d82/screenshot - {}
RESULT: {}
RESULT: {"script":"<script> [5351 bytes]","args":[{"element-6066-11e4-a52e-4f735466cecf":"f.54CFF833D3AC6A681D379AA79D22594A.d.0FC706CC0059677785171F965047487E.e.1039","ELEMENT":"f.54CFF833D3AC6A681D379AA79D22594A.d.0FC706CC0059677785171F965047487E.e.1039"}]}
COMMAND: POST /session/50f16edc6deacc6e46419d57199c3d82/element/f.54CFF833D3AC6A681D379AA79D22594A.d.0FC706CC0059677785171F965047487E.e.1039/click - {}
COMMAND: GET /session/50f16edc6deacc6e46419d57199c3d82/screenshot - {}
RESULT: {}
RESULT: {}
COMMAND: GET /session/50f16edc6deacc6e46419d57199c3d82/screenshot - {}
COMMAND: POST /session/50f16edc6deacc6e46419d57199c3d82/execute/async - {"script":"<script> [1562 bytes]","args":[{"selector":{"id":"application-managepartners-display-component---NewPartner--addressDetailDetailsName1","interaction":{"idSuffix":"inner"}},"wdio_ui5_key":"applicationmanagepartners-display-component---NewPartner--addressDetailDetailsName1"}]}
RESULT: {}
RESULT: {}
RESULT: {"script":"<script> [1562 bytes]","args":[{"selector":{"id":"application-managepartners-display-component---NewPartner--addressDetailDetailsName1","interaction":{"idSuffix":"inner"}},"wdio_ui5_key":"applicationmanagepartners-display-component---NewPartner--addressDetailDetailsName1"}]}
RESULT: undefined
COMMAND: POST /session/50f16edc6deacc6e46419d57199c3d82/execute/async - {"script":"<script> [776 bytes]","args":[{"enterText":"External Partner WDIO","selector":{"id":"application-managepartners-display-component---NewPartner--addressDetailDetailsName1","interaction":{"idSuffix":"inner"}},"clearTextFirst":true,"interactionType":"ENTER_TEXT"}]}
RESULT: {"script":"<script> [776 bytes]","args":[{"enterText":"External Partner WDIO","selector":{"id":"application-managepartners-display-component---NewPartner--addressDetailDetailsName1","interaction":{"idSuffix":"inner"}},"clearTextFirst":true,"interactionType":"ENTER_TEXT"}]}
COMMAND: POST /session/50f16edc6deacc6e46419d57199c3d82/execute/async - {"script":"<script> [1562 bytes]","args":[{"selector":{"id":"application-managepartners-display-component---NewPartner--addressDetailDetailsLanguage-arrow"},"wdio_ui5_key":"applicationmanagepartners-display-component---NewPartner--addressDetailDetailsLanguage-arrow"}]}
RESULT: {"script":"<script> [1562 bytes]","args":[{"selector":{"id":"application-managepartners-display-component---NewPartner--addressDetailDetailsLanguage-arrow"},"wdio_ui5_key":"applicationmanagepartners-display-component---NewPartner--addressDetailDetailsLanguage-arrow"}]}
RESULT: undefined
COMMAND: POST /session/50f16edc6deacc6e46419d57199c3d82/element - {"using":"xpath","value":"//*[@id=\"application-managepartners-display-component---NewPartner--addressDetailDetailsLanguage-arrow\"]"}
RESULT: {"using":"xpath","value":"//*[@id=\"application-managepartners-display-component---NewPartner--addressDetailDetailsLanguage-arrow\"]"}
COMMAND: POST /session/50f16edc6deacc6e46419d57199c3d82/element/f.54CFF833D3AC6A681D379AA79D22594A.d.0FC706CC0059677785171F965047487E.e.1476/click - {}
RESULT: {}
COMMAND: POST /session/50f16edc6deacc6e46419d57199c3d82/element - {"using":"xpath","value":"//span[contains(text(), \"English\")]"}
COMMAND: GET /session/50f16edc6deacc6e46419d57199c3d82/screenshot - {}
RESULT: {"using":"xpath","value":"//span[contains(text(), \"English\")]"}
COMMAND: POST /session/50f16edc6deacc6e46419d57199c3d82/element/f.54CFF833D3AC6A681D379AA79D22594A.d.0FC706CC0059677785171F965047487E.e.1477/click - {}
RESULT: {}
RESULT: {}
COMMAND: GET /session/50f16edc6deacc6e46419d57199c3d82/screenshot - {}
RESULT: {}
COMMAND: POST /session/50f16edc6deacc6e46419d57199c3d82/execute/async - {"script":"<script> [1562 bytes]","args":[{"selector":{"id":"application-managepartners-display-component---NewPartner--addressDetailDetailsCity1","interaction":{"idSuffix":"inner"}},"wdio_ui5_key":"applicationmanagepartners-display-component---NewPartner--addressDetailDetailsCity1"}]}
RESULT: {"script":"<script> [1562 bytes]","args":[{"selector":{"id":"application-managepartners-display-component---NewPartner--addressDetailDetailsCity1","interaction":{"idSuffix":"inner"}},"wdio_ui5_key":"applicationmanagepartners-display-component---NewPartner--addressDetailDetailsCity1"}]}
RESULT: undefined
COMMAND: POST /session/50f16edc6deacc6e46419d57199c3d82/execute/async - {"script":"<script> [776 bytes]","args":[{"enterText":"Rosario","selector":{"id":"application-managepartners-display-component---NewPartner--addressDetailDetailsCity1","interaction":{"idSuffix":"inner"}},"clearTextFirst":true,"interactionType":"ENTER_TEXT"}]}
RESULT: {"script":"<script> [776 bytes]","args":[{"enterText":"Rosario","selector":{"id":"application-managepartners-display-component---NewPartner--addressDetailDetailsCity1","interaction":{"idSuffix":"inner"}},"clearTextFirst":true,"interactionType":"ENTER_TEXT"}]}
COMMAND: POST /session/50f16edc6deacc6e46419d57199c3d82/execute/async - {"script":"<script> [1562 bytes]","args":[{"selector":{"id":"application-managepartners-display-component---NewPartner--addressDetailDetailsCountry-arrow"},"wdio_ui5_key":"applicationmanagepartners-display-component---NewPartner--addressDetailDetailsCountry-arrow"}]}
RESULT: {"script":"<script> [1562 bytes]","args":[{"selector":{"id":"application-managepartners-display-component---NewPartner--addressDetailDetailsCountry-arrow"},"wdio_ui5_key":"applicationmanagepartners-display-component---NewPartner--addressDetailDetailsCountry-arrow"}]}
RESULT: undefined
COMMAND: POST /session/50f16edc6deacc6e46419d57199c3d82/element - {"using":"xpath","value":"//*[@id=\"application-managepartners-display-component---NewPartner--addressDetailDetailsCountry-arrow\"]"}
RESULT: {"using":"xpath","value":"//*[@id=\"application-managepartners-display-component---NewPartner--addressDetailDetailsCountry-arrow\"]"}
COMMAND: POST /session/50f16edc6deacc6e46419d57199c3d82/element/f.54CFF833D3AC6A681D379AA79D22594A.d.0FC706CC0059677785171F965047487E.e.1302/click - {}
RESULT: {}
COMMAND: POST /session/50f16edc6deacc6e46419d57199c3d82/element - {"using":"xpath","value":"//span[contains(text(), \"Argentina\")]"}
COMMAND: GET /session/50f16edc6deacc6e46419d57199c3d82/screenshot - {}
RESULT: {"using":"xpath","value":"//span[contains(text(), \"Argentina\")]"}
COMMAND: POST /session/50f16edc6deacc6e46419d57199c3d82/element/f.54CFF833D3AC6A681D379AA79D22594A.d.0FC706CC0059677785171F965047487E.e.1479/click - {}
RESULT: {}
RESULT: {}
COMMAND: GET /session/50f16edc6deacc6e46419d57199c3d82/screenshot - {}
RESULT: {}
COMMAND: POST /session/50f16edc6deacc6e46419d57199c3d82/element - {"using":"xpath","value":"//bdi[contains(text(), \"Commercial\")]"}
RESULT: {"using":"xpath","value":"//bdi[contains(text(), \"Commercial\")]"}
COMMAND: POST /session/50f16edc6deacc6e46419d57199c3d82/element/f.54CFF833D3AC6A681D379AA79D22594A.d.0FC706CC0059677785171F965047487E.e.1480/click - {}
RESULT: {}
COMMAND: GET /session/50f16edc6deacc6e46419d57199c3d82/screenshot - {}
RESULT: {}
COMMAND: POST /session/50f16edc6deacc6e46419d57199c3d82/execute/async - {"script":"<script> [1562 bytes]","args":[{"selector":{"id":"application-managepartners-display-component---NewPartner--partnerDetailInternal-arrow"},"wdio_ui5_key":"applicationmanagepartners-display-component---NewPartner--partnerDetailInternal-arrow"}]}
RESULT: {"script":"<script> [1562 bytes]","args":[{"selector":{"id":"application-managepartners-display-component---NewPartner--partnerDetailInternal-arrow"},"wdio_ui5_key":"applicationmanagepartners-display-component---NewPartner--partnerDetailInternal-arrow"}]}
RESULT: undefined
COMMAND: POST /session/50f16edc6deacc6e46419d57199c3d82/element - {"using":"xpath","value":"//*[@id=\"application-managepartners-display-component---NewPartner--partnerDetailInternal-arrow\"]"}
RESULT: {"using":"xpath","value":"//*[@id=\"application-managepartners-display-component---NewPartner--partnerDetailInternal-arrow\"]"}
COMMAND: POST /session/50f16edc6deacc6e46419d57199c3d82/element/f.54CFF833D3AC6A681D379AA79D22594A.d.0FC706CC0059677785171F965047487E.e.1486/click - {}
RESULT: {}
COMMAND: POST /session/50f16edc6deacc6e46419d57199c3d82/element - {"using":"xpath","value":"//span[contains(text(), \"External partner\")]"}
COMMAND: GET /session/50f16edc6deacc6e46419d57199c3d82/screenshot - {}
RESULT: {"using":"xpath","value":"//span[contains(text(), \"External partner\")]"}
COMMAND: POST /session/50f16edc6deacc6e46419d57199c3d82/element/f.54CFF833D3AC6A681D379AA79D22594A.d.0FC706CC0059677785171F965047487E.e.1487/click - {}
RESULT: {}
RESULT: {}
COMMAND: POST /session/50f16edc6deacc6e46419d57199c3d82/execute/async - {"script":"<script> [1562 bytes]","args":[{"selector":{"id":"application-managepartners-display-component---NewPartner--partnerDetailsCurrency-arrow"},"wdio_ui5_key":"applicationmanagepartners-display-component---NewPartner--partnerDetailsCurrency-arrow"}]}
COMMAND: GET /session/50f16edc6deacc6e46419d57199c3d82/screenshot - {}
RESULT: {"script":"<script> [1562 bytes]","args":[{"selector":{"id":"application-managepartners-display-component---NewPartner--partnerDetailsCurrency-arrow"},"wdio_ui5_key":"applicationmanagepartners-display-component---NewPartner--partnerDetailsCurrency-arrow"}]}
RESULT: undefined
COMMAND: POST /session/50f16edc6deacc6e46419d57199c3d82/element - {"using":"xpath","value":"//*[@id=\"application-managepartners-display-component---NewPartner--partnerDetailsCurrency-arrow\"]"}
RESULT: {}
RESULT: {"using":"xpath","value":"//*[@id=\"application-managepartners-display-component---NewPartner--partnerDetailsCurrency-arrow\"]"}
COMMAND: POST /session/50f16edc6deacc6e46419d57199c3d82/element/f.54CFF833D3AC6A681D379AA79D22594A.d.0FC706CC0059677785171F965047487E.e.1492/click - {}
RESULT: {}
COMMAND: POST /session/50f16edc6deacc6e46419d57199c3d82/element - {"using":"xpath","value":"//span[contains(text(), \"US Dollar\")]"}
COMMAND: GET /session/50f16edc6deacc6e46419d57199c3d82/screenshot - {}
RESULT: {"using":"xpath","value":"//span[contains(text(), \"US Dollar\")]"}
COMMAND: POST /session/50f16edc6deacc6e46419d57199c3d82/element/f.54CFF833D3AC6A681D379AA79D22594A.d.0FC706CC0059677785171F965047487E.e.1493/click - {}
RESULT: {}
RESULT: {}
COMMAND: GET /session/50f16edc6deacc6e46419d57199c3d82/screenshot - {}
RESULT: {}
COMMAND: POST /session/50f16edc6deacc6e46419d57199c3d82/element - {"using":"xpath","value":"//input[@id=\"application-managepartners-display-component---NewPartner--companyCodeComboBox-inner\"]"}
RESULT: {"using":"xpath","value":"//input[@id=\"application-managepartners-display-component---NewPartner--companyCodeComboBox-inner\"]"}
COMMAND: POST /session/50f16edc6deacc6e46419d57199c3d82/element/f.54CFF833D3AC6A681D379AA79D22594A.d.0FC706CC0059677785171F965047487E.e.1437/clear - {}
RESULT: {}
COMMAND: POST /session/50f16edc6deacc6e46419d57199c3d82/element/f.54CFF833D3AC6A681D379AA79D22594A.d.0FC706CC0059677785171F965047487E.e.1437/value - {"text":"C002"}
COMMAND: GET /session/50f16edc6deacc6e46419d57199c3d82/screenshot - {}
RESULT: {"text":"C002"}
COMMAND: GET /session/50f16edc6deacc6e46419d57199c3d82/screenshot - {}
RESULT: {}
RESULT: {}
COMMAND: POST /session/50f16edc6deacc6e46419d57199c3d82/element - {"using":"xpath","value":"//li[.//span[text()= \"C002\"]]"}
RESULT: {"using":"xpath","value":"//li[.//span[text()= \"C002\"]]"}
COMMAND: POST /session/50f16edc6deacc6e46419d57199c3d82/element/f.54CFF833D3AC6A681D379AA79D22594A.d.0FC706CC0059677785171F965047487E.e.1497/click - {}
RESULT: {}
COMMAND: GET /session/50f16edc6deacc6e46419d57199c3d82/screenshot - {}
RESULT: {}
COMMAND: POST /session/50f16edc6deacc6e46419d57199c3d82/execute/async - {"script":"<script> [1562 bytes]","args":[{"selector":{"id":"application-managepartners-display-component---NewPartner--btnAddTableRow-img"},"wdio_ui5_key":"applicationmanagepartners-display-component---NewPartner--btnAddTableRow-img"}]}
RESULT: {"script":"<script> [1562 bytes]","args":[{"selector":{"id":"application-managepartners-display-component---NewPartner--btnAddTableRow-img"},"wdio_ui5_key":"applicationmanagepartners-display-component---NewPartner--btnAddTableRow-img"}]}
RESULT: undefined
COMMAND: POST /session/50f16edc6deacc6e46419d57199c3d82/element - {"using":"xpath","value":"//*[@id=\"application-managepartners-display-component---NewPartner--btnAddTableRow-img\"]"}
RESULT: {"using":"xpath","value":"//*[@id=\"application-managepartners-display-component---NewPartner--btnAddTableRow-img\"]"}
COMMAND: POST /session/50f16edc6deacc6e46419d57199c3d82/element/f.54CFF833D3AC6A681D379AA79D22594A.d.0FC706CC0059677785171F965047487E.e.1498/click - {}
RESULT: {}
COMMAND: GET /session/50f16edc6deacc6e46419d57199c3d82/screenshot - {}
RESULT: {}
COMMAND: POST /session/50f16edc6deacc6e46419d57199c3d82/element - {"using":"xpath","value":"//input[@id=\"application-managepartners-display-component---NewPartner--assignmentYard-application-managepartners-display-component---NewPartner--assignmentsTable-0-inner\"]"}
RESULT: {"using":"xpath","value":"//input[@id=\"application-managepartners-display-component---NewPartner--assignmentYard-application-managepartners-display-component---NewPartner--assignmentsTable-0-inner\"]"}
COMMAND: POST /session/50f16edc6deacc6e46419d57199c3d82/element/f.54CFF833D3AC6A681D379AA79D22594A.d.0FC706CC0059677785171F965047487E.e.1501/clear - {}
RESULT: {}
COMMAND: POST /session/50f16edc6deacc6e46419d57199c3d82/element/f.54CFF833D3AC6A681D379AA79D22594A.d.0FC706CC0059677785171F965047487E.e.1501/value - {"text":"480"}
COMMAND: GET /session/50f16edc6deacc6e46419d57199c3d82/screenshot - {}
RESULT: {"text":"480"}
COMMAND: GET /session/50f16edc6deacc6e46419d57199c3d82/screenshot - {}
RESULT: {}
RESULT: {}
COMMAND: POST /session/50f16edc6deacc6e46419d57199c3d82/element - {"using":"xpath","value":"//li[.//span[text()='480']]"}
RESULT: {"using":"xpath","value":"//li[.//span[text()='480']]"}
COMMAND: POST /session/50f16edc6deacc6e46419d57199c3d82/element/f.54CFF833D3AC6A681D379AA79D22594A.d.0FC706CC0059677785171F965047487E.e.1510/click - {}
RESULT: {}
COMMAND: GET /session/50f16edc6deacc6e46419d57199c3d82/screenshot - {}
RESULT: {}
COMMAND: POST /session/50f16edc6deacc6e46419d57199c3d82/actions - {"actions":[{"id":"action2","type":"key","parameters":{},"actions":[{"type":"keyDown","value":"î€‡"},{"type":"pause","duration":10},{"type":"keyUp","value":"î€‡"}]}]}
RESULT: {"actions":[{"id":"action2","type":"key","parameters":{},"actions":[{"type":"keyDown","value":"î€‡"},{"type":"pause","duration":10},{"type":"keyUp","value":"î€‡"}]}]}
COMMAND: POST /session/50f16edc6deacc6e46419d57199c3d82/element - {"using":"xpath","value":"//td[contains(@id, \"assignmentsTable-0-cell2\")]/div/div"}
COMMAND: GET /session/50f16edc6deacc6e46419d57199c3d82/screenshot - {}
RESULT: {"using":"xpath","value":"//td[contains(@id, \"assignmentsTable-0-cell2\")]/div/div"}
COMMAND: POST /session/50f16edc6deacc6e46419d57199c3d82/element/f.54CFF833D3AC6A681D379AA79D22594A.d.0FC706CC0059677785171F965047487E.e.1513/click - {}
RESULT: {}
RESULT: {}
COMMAND: GET /session/50f16edc6deacc6e46419d57199c3d82/screenshot - {}
RESULT: {}
COMMAND: POST /session/50f16edc6deacc6e46419d57199c3d82/element - {"using":"xpath","value":"//button[@data-kt=\"saveButton\"]"}
RESULT: {"using":"xpath","value":"//button[@data-kt=\"saveButton\"]"}
COMMAND: POST /session/50f16edc6deacc6e46419d57199c3d82/element/f.54CFF833D3AC6A681D379AA79D22594A.d.0FC706CC0059677785171F965047487E.e.1442/click - {}
RESULT: {}
COMMAND: GET /session/50f16edc6deacc6e46419d57199c3d82/screenshot - {}
RESULT: {}
COMMAND: POST /session/50f16edc6deacc6e46419d57199c3d82/element - {"using":"xpath","value":"//header[contains(@id, 'ObjectPageLayout-headerTitle')]/div[1]/div[2]/div[2]/span[1]"}
RESULT: {"using":"xpath","value":"//header[contains(@id, 'ObjectPageLayout-headerTitle')]/div[1]/div[2]/div[2]/span[1]"}
COMMAND: POST /session/50f16edc6deacc6e46419d57199c3d82/elements - {"using":"xpath","value":"//header[contains(@id, 'ObjectPageLayout-headerTitle')]/div[1]/div[2]/div[2]/span[1]"}
RESULT: {"using":"xpath","value":"//header[contains(@id, 'ObjectPageLayout-headerTitle')]/div[1]/div[2]/div[2]/span[1]"}
COMMAND: POST /session/50f16edc6deacc6e46419d57199c3d82/execute/sync - {"script":"<script> [56 bytes]","args":[{"element-6066-11e4-a52e-4f735466cecf":"f.54CFF833D3AC6A681D379AA79D22594A.d.0FC706CC0059677785171F965047487E.e.1675","ELEMENT":"f.54CFF833D3AC6A681D379AA79D22594A.d.0FC706CC0059677785171F965047487E.e.1675"}]}
RESULT: {"script":"<script> [56 bytes]","args":[{"element-6066-11e4-a52e-4f735466cecf":"f.54CFF833D3AC6A681D379AA79D22594A.d.0FC706CC0059677785171F965047487E.e.1675","ELEMENT":"f.54CFF833D3AC6A681D379AA79D22594A.d.0FC706CC0059677785171F965047487E.e.1675"}]}
COMMAND: POST /session/50f16edc6deacc6e46419d57199c3d82/element - {"using":"css selector","value":"#shell-header-logo"}
COMMAND: GET /session/50f16edc6deacc6e46419d57199c3d82/screenshot - {}
RESULT: {"using":"css selector","value":"#shell-header-logo"}
COMMAND: POST /session/50f16edc6deacc6e46419d57199c3d82/element/f.54CFF833D3AC6A681D379AA79D22594A.d.0FC706CC0059677785171F965047487E.e.992/click - {}
RESULT: {}
RESULT: {}
COMMAND: GET /session/50f16edc6deacc6e46419d57199c3d82/screenshot - {}
RESULT: {}
COMMAND: POST /session/50f16edc6deacc6e46419d57199c3d82/execute/sync - {"script":"<script> [299 bytes]","args":[["getModel","getResource"]]}
RESULT: {"script":"<script> [299 bytes]","args":[["getModel","getResource"]]}
COMMAND: GET /session/50f16edc6deacc6e46419d57199c3d82/screenshot - {}
]]></system-out>
    </testcase>
    <testcase classname="chrome.136_0_7103_93.windows.Partner_specific_tests_US150819_US151080_US151654_US151176_US103444_US151078_US151079_US151109_US151174_US151175_US151189" name="Should filter and search partners US151080" time="115.292">
      <system-out><![CDATA[
COMMAND: POST /session/50f16edc6deacc6e46419d57199c3d82/element - {"using":"xpath","value":"//li[.//span[text()=\"Manage Partners\"]]"}
RESULT: {}
RESULT: {"using":"xpath","value":"//li[.//span[text()=\"Manage Partners\"]]"}
COMMAND: POST /session/50f16edc6deacc6e46419d57199c3d82/element - {"using":"xpath","value":"//li[.//span[text()=\"Manage Partners\"]]"}
RESULT: {"using":"xpath","value":"//li[.//span[text()=\"Manage Partners\"]]"}
COMMAND: POST /session/50f16edc6deacc6e46419d57199c3d82/element - {"using":"css selector","value":"#shell-header-logo"}
RESULT: {"using":"css selector","value":"#shell-header-logo"}
COMMAND: POST /session/50f16edc6deacc6e46419d57199c3d82/element/f.54CFF833D3AC6A681D379AA79D22594A.d.0FC706CC0059677785171F965047487E.e.1677/click - {}
COMMAND: POST /session/50f16edc6deacc6e46419d57199c3d82/execute/sync - {"script":"<script> [8489 bytes]","args":[{"element-6066-11e4-a52e-4f735466cecf":"f.54CFF833D3AC6A681D379AA79D22594A.d.0FC706CC0059677785171F965047487E.e.1677","ELEMENT":"f.54CFF833D3AC6A681D379AA79D22594A.d.0FC706CC0059677785171F965047487E.e.1677"}]}
RESULT: {}
COMMAND: GET /session/50f16edc6deacc6e46419d57199c3d82/screenshot - {}
RESULT: {"script":"<script> [8489 bytes]","args":[{"element-6066-11e4-a52e-4f735466cecf":"f.54CFF833D3AC6A681D379AA79D22594A.d.0FC706CC0059677785171F965047487E.e.1677","ELEMENT":"f.54CFF833D3AC6A681D379AA79D22594A.d.0FC706CC0059677785171F965047487E.e.1677"}]}
COMMAND: POST /session/50f16edc6deacc6e46419d57199c3d82/execute/sync - {"script":"<script> [5351 bytes]","args":[{"element-6066-11e4-a52e-4f735466cecf":"f.54CFF833D3AC6A681D379AA79D22594A.d.0FC706CC0059677785171F965047487E.e.1677","ELEMENT":"f.54CFF833D3AC6A681D379AA79D22594A.d.0FC706CC0059677785171F965047487E.e.1677"}]}
COMMAND: GET /session/50f16edc6deacc6e46419d57199c3d82/screenshot - {}
RESULT: {}
RESULT: {"script":"<script> [5351 bytes]","args":[{"element-6066-11e4-a52e-4f735466cecf":"f.54CFF833D3AC6A681D379AA79D22594A.d.0FC706CC0059677785171F965047487E.e.1677","ELEMENT":"f.54CFF833D3AC6A681D379AA79D22594A.d.0FC706CC0059677785171F965047487E.e.1677"}]}
COMMAND: GET /session/50f16edc6deacc6e46419d57199c3d82/screenshot - {}
RESULT: {}
RESULT: {}
RESULT: undefined
COMMAND: POST /session/50f16edc6deacc6e46419d57199c3d82/element - {"using":"xpath","value":"//*[@id=\"__tile38\"]"}
RESULT: {"using":"xpath","value":"//*[@id=\"__tile38\"]"}
COMMAND: POST /session/50f16edc6deacc6e46419d57199c3d82/element/f.54CFF833D3AC6A681D379AA79D22594A.d.0FC706CC0059677785171F965047487E.e.140/click - {}
RESULT: {}
COMMAND: GET /session/50f16edc6deacc6e46419d57199c3d82/screenshot - {}
COMMAND: POST /session/50f16edc6deacc6e46419d57199c3d82/elements - {"using":"xpath","value":"//span[text()='Error']"}
RESULT: {}
RESULT: {"using":"xpath","value":"//span[text()='Error']"}
COMMAND: POST /session/50f16edc6deacc6e46419d57199c3d82/element - {"using":"xpath","value":"//button[@data-kt=\"addButton\"]"}
RESULT: {"using":"xpath","value":"//button[@data-kt=\"addButton\"]"}
COMMAND: POST /session/50f16edc6deacc6e46419d57199c3d82/elements - {"using":"xpath","value":"//button[@data-kt=\"addButton\"]"}
RESULT: {"using":"xpath","value":"//button[@data-kt=\"addButton\"]"}
COMMAND: POST /session/50f16edc6deacc6e46419d57199c3d82/execute/sync - {"script":"<script> [8489 bytes]","args":[{"element-6066-11e4-a52e-4f735466cecf":"f.54CFF833D3AC6A681D379AA79D22594A.d.0FC706CC0059677785171F965047487E.e.1722","ELEMENT":"f.54CFF833D3AC6A681D379AA79D22594A.d.0FC706CC0059677785171F965047487E.e.1722"}]}
RESULT: {"script":"<script> [8489 bytes]","args":[{"element-6066-11e4-a52e-4f735466cecf":"f.54CFF833D3AC6A681D379AA79D22594A.d.0FC706CC0059677785171F965047487E.e.1722","ELEMENT":"f.54CFF833D3AC6A681D379AA79D22594A.d.0FC706CC0059677785171F965047487E.e.1722"}]}
COMMAND: GET /session/50f16edc6deacc6e46419d57199c3d82/element/f.54CFF833D3AC6A681D379AA79D22594A.d.0FC706CC0059677785171F965047487E.e.1722/enabled - {}
COMMAND: GET /session/50f16edc6deacc6e46419d57199c3d82/screenshot - {}
RESULT: {}
COMMAND: POST /session/50f16edc6deacc6e46419d57199c3d82/execute/sync - {"script":"<script> [8489 bytes]","args":[{"element-6066-11e4-a52e-4f735466cecf":"f.54CFF833D3AC6A681D379AA79D22594A.d.0FC706CC0059677785171F965047487E.e.1722","ELEMENT":"f.54CFF833D3AC6A681D379AA79D22594A.d.0FC706CC0059677785171F965047487E.e.1722"}]}
COMMAND: GET /session/50f16edc6deacc6e46419d57199c3d82/screenshot - {}
RESULT: {}
RESULT: {"script":"<script> [8489 bytes]","args":[{"element-6066-11e4-a52e-4f735466cecf":"f.54CFF833D3AC6A681D379AA79D22594A.d.0FC706CC0059677785171F965047487E.e.1722","ELEMENT":"f.54CFF833D3AC6A681D379AA79D22594A.d.0FC706CC0059677785171F965047487E.e.1722"}]}
COMMAND: POST /session/50f16edc6deacc6e46419d57199c3d82/execute/sync - {"script":"<script> [5351 bytes]","args":[{"element-6066-11e4-a52e-4f735466cecf":"f.54CFF833D3AC6A681D379AA79D22594A.d.0FC706CC0059677785171F965047487E.e.1722","ELEMENT":"f.54CFF833D3AC6A681D379AA79D22594A.d.0FC706CC0059677785171F965047487E.e.1722"}]}
COMMAND: GET /session/50f16edc6deacc6e46419d57199c3d82/screenshot - {}
RESULT: {}
RESULT: {"script":"<script> [5351 bytes]","args":[{"element-6066-11e4-a52e-4f735466cecf":"f.54CFF833D3AC6A681D379AA79D22594A.d.0FC706CC0059677785171F965047487E.e.1722","ELEMENT":"f.54CFF833D3AC6A681D379AA79D22594A.d.0FC706CC0059677785171F965047487E.e.1722"}]}
COMMAND: GET /session/50f16edc6deacc6e46419d57199c3d82/screenshot - {}
RESULT: {}
RESULT: {}
COMMAND: POST /session/50f16edc6deacc6e46419d57199c3d82/execute/async - {"script":"<script> [1562 bytes]","args":[{"selector":{"id":"application-managepartners-display-component---masterPtm--smartTable-btnPersonalisation-img"},"wdio_ui5_key":"applicationmanagepartners-display-component---masterPtm--smartTable-btnPersonalisation-img"}]}
RESULT: {"script":"<script> [1562 bytes]","args":[{"selector":{"id":"application-managepartners-display-component---masterPtm--smartTable-btnPersonalisation-img"},"wdio_ui5_key":"applicationmanagepartners-display-component---masterPtm--smartTable-btnPersonalisation-img"}]}
RESULT: undefined
COMMAND: POST /session/50f16edc6deacc6e46419d57199c3d82/element - {"using":"xpath","value":"//*[@id=\"application-managepartners-display-component---masterPtm--smartTable-btnPersonalisation-img\"]"}
RESULT: {"using":"xpath","value":"//*[@id=\"application-managepartners-display-component---masterPtm--smartTable-btnPersonalisation-img\"]"}
COMMAND: POST /session/50f16edc6deacc6e46419d57199c3d82/element/f.54CFF833D3AC6A681D379AA79D22594A.d.0FC706CC0059677785171F965047487E.e.1727/click - {}
RESULT: {}
COMMAND: GET /session/50f16edc6deacc6e46419d57199c3d82/screenshot - {}
RESULT: {}
COMMAND: POST /session/50f16edc6deacc6e46419d57199c3d82/execute/async - {"script":"<script> [1562 bytes]","args":[{"selector":{"controlType":"sap.m.IconTabFilter","viewName":"etm.portal.ui.managepartners.view.Master","viewId":"application-managepartners-display-component---masterPtm","properties":{"text":"Sort"},"searchOpenDialogs":true,"interaction":{"idSuffix":"text"}},"wdio_ui5_key":"etmportal.ui.managepartners.view.Mastersap.m.IconTabFilter{\"text\":\"Sort\"}"}]}
RESULT: {"script":"<script> [1562 bytes]","args":[{"selector":{"controlType":"sap.m.IconTabFilter","viewName":"etm.portal.ui.managepartners.view.Master","viewId":"application-managepartners-display-component---masterPtm","properties":{"text":"Sort"},"searchOpenDialogs":true,"interaction":{"idSuffix":"text"}},"wdio_ui5_key":"etmportal.ui.managepartners.view.Mastersap.m.IconTabFilter{\"text\":\"Sort\"}"}]}
RESULT: undefined
COMMAND: POST /session/50f16edc6deacc6e46419d57199c3d82/element - {"using":"xpath","value":"//*[@id=\"__filter1\"]"}
RESULT: {"using":"xpath","value":"//*[@id=\"__filter1\"]"}
COMMAND: POST /session/50f16edc6deacc6e46419d57199c3d82/element/f.54CFF833D3AC6A681D379AA79D22594A.d.0FC706CC0059677785171F965047487E.e.1867/click - {}
RESULT: {}
COMMAND: GET /session/50f16edc6deacc6e46419d57199c3d82/screenshot - {}
RESULT: {}
COMMAND: POST /session/50f16edc6deacc6e46419d57199c3d82/element - {"using":"xpath","value":"//input[@placeholder=\"Sort by\"]/following-sibling::div//span"}
RESULT: {"using":"xpath","value":"//input[@placeholder=\"Sort by\"]/following-sibling::div//span"}
COMMAND: POST /session/50f16edc6deacc6e46419d57199c3d82/element/f.54CFF833D3AC6A681D379AA79D22594A.d.0FC706CC0059677785171F965047487E.e.1869/click - {}
RESULT: {}
COMMAND: GET /session/50f16edc6deacc6e46419d57199c3d82/screenshot - {}
RESULT: {}
COMMAND: POST /session/50f16edc6deacc6e46419d57199c3d82/element - {"using":"xpath","value":"//li[.//span[text()=\"Language\"]]"}
RESULT: {"using":"xpath","value":"//li[.//span[text()=\"Language\"]]"}
COMMAND: POST /session/50f16edc6deacc6e46419d57199c3d82/element/f.54CFF833D3AC6A681D379AA79D22594A.d.0FC706CC0059677785171F965047487E.e.1870/click - {}
RESULT: {}
COMMAND: GET /session/50f16edc6deacc6e46419d57199c3d82/screenshot - {}
RESULT: {}
COMMAND: POST /session/50f16edc6deacc6e46419d57199c3d82/element - {"using":"xpath","value":"//bdi[contains(text(), \"OK\")]"}
RESULT: {"using":"xpath","value":"//bdi[contains(text(), \"OK\")]"}
COMMAND: POST /session/50f16edc6deacc6e46419d57199c3d82/element/f.54CFF833D3AC6A681D379AA79D22594A.d.0FC706CC0059677785171F965047487E.e.1874/click - {}
RESULT: {}
COMMAND: GET /session/50f16edc6deacc6e46419d57199c3d82/screenshot - {}
RESULT: {}
COMMAND: POST /session/50f16edc6deacc6e46419d57199c3d82/element - {"using":"xpath","value":"//table[contains(@id, \"customPartnersTable\")]//tbody/tr[1]/td[3]/span"}
RESULT: {"using":"xpath","value":"//table[contains(@id, \"customPartnersTable\")]//tbody/tr[1]/td[3]/span"}
COMMAND: POST /session/50f16edc6deacc6e46419d57199c3d82/execute/sync - {"script":"<script> [56 bytes]","args":[{"element-6066-11e4-a52e-4f735466cecf":"f.54CFF833D3AC6A681D379AA79D22594A.d.0FC706CC0059677785171F965047487E.e.1996","ELEMENT":"f.54CFF833D3AC6A681D379AA79D22594A.d.0FC706CC0059677785171F965047487E.e.1996"}]}
RESULT: {"script":"<script> [56 bytes]","args":[{"element-6066-11e4-a52e-4f735466cecf":"f.54CFF833D3AC6A681D379AA79D22594A.d.0FC706CC0059677785171F965047487E.e.1996","ELEMENT":"f.54CFF833D3AC6A681D379AA79D22594A.d.0FC706CC0059677785171F965047487E.e.1996"}]}
RESULT: undefined
COMMAND: POST /session/50f16edc6deacc6e46419d57199c3d82/element - {"using":"xpath","value":"//*[@id=\"application-managepartners-display-component---masterPtm--smartTable-btnPersonalisation-img\"]"}
COMMAND: GET /session/50f16edc6deacc6e46419d57199c3d82/screenshot - {}
RESULT: {"using":"xpath","value":"//*[@id=\"application-managepartners-display-component---masterPtm--smartTable-btnPersonalisation-img\"]"}
COMMAND: POST /session/50f16edc6deacc6e46419d57199c3d82/element/f.54CFF833D3AC6A681D379AA79D22594A.d.0FC706CC0059677785171F965047487E.e.1727/click - {}
RESULT: {}
RESULT: {}
COMMAND: GET /session/50f16edc6deacc6e46419d57199c3d82/screenshot - {}
RESULT: {}
COMMAND: POST /session/50f16edc6deacc6e46419d57199c3d82/element - {"using":"xpath","value":"//bdi[contains(text(), \"Reset\")]"}
RESULT: {"using":"xpath","value":"//bdi[contains(text(), \"Reset\")]"}
COMMAND: POST /session/50f16edc6deacc6e46419d57199c3d82/element/f.54CFF833D3AC6A681D379AA79D22594A.d.0FC706CC0059677785171F965047487E.e.2002/click - {}
RESULT: {}
COMMAND: GET /session/50f16edc6deacc6e46419d57199c3d82/screenshot - {}
RESULT: {}
COMMAND: POST /session/50f16edc6deacc6e46419d57199c3d82/element - {"using":"xpath","value":"(//bdi[contains(text(), \"OK\")])[2]"}
RESULT: {"using":"xpath","value":"(//bdi[contains(text(), \"OK\")])[2]"}
COMMAND: POST /session/50f16edc6deacc6e46419d57199c3d82/element/f.54CFF833D3AC6A681D379AA79D22594A.d.0FC706CC0059677785171F965047487E.e.2004/click - {}
RESULT: {}
COMMAND: GET /session/50f16edc6deacc6e46419d57199c3d82/screenshot - {}
RESULT: {}
COMMAND: POST /session/50f16edc6deacc6e46419d57199c3d82/element - {"using":"xpath","value":"//bdi[contains(text(), \"OK\")]"}
RESULT: {"using":"xpath","value":"//bdi[contains(text(), \"OK\")]"}
COMMAND: POST /session/50f16edc6deacc6e46419d57199c3d82/element/f.54CFF833D3AC6A681D379AA79D22594A.d.0FC706CC0059677785171F965047487E.e.2050/click - {}
RESULT: {}
COMMAND: GET /session/50f16edc6deacc6e46419d57199c3d82/screenshot - {}
RESULT: {}
COMMAND: POST /session/50f16edc6deacc6e46419d57199c3d82/element - {"using":"xpath","value":"//table[contains(@id, \"customPartnersTable\")]//tbody/tr[1]/td[3]/span"}
RESULT: {"using":"xpath","value":"//table[contains(@id, \"customPartnersTable\")]//tbody/tr[1]/td[3]/span"}
COMMAND: POST /session/50f16edc6deacc6e46419d57199c3d82/execute/sync - {"script":"<script> [56 bytes]","args":[{"element-6066-11e4-a52e-4f735466cecf":"f.54CFF833D3AC6A681D379AA79D22594A.d.0FC706CC0059677785171F965047487E.e.2052","ELEMENT":"f.54CFF833D3AC6A681D379AA79D22594A.d.0FC706CC0059677785171F965047487E.e.2052"}]}
RESULT: {"script":"<script> [56 bytes]","args":[{"element-6066-11e4-a52e-4f735466cecf":"f.54CFF833D3AC6A681D379AA79D22594A.d.0FC706CC0059677785171F965047487E.e.2052","ELEMENT":"f.54CFF833D3AC6A681D379AA79D22594A.d.0FC706CC0059677785171F965047487E.e.2052"}]}
RESULT: undefined
COMMAND: POST /session/50f16edc6deacc6e46419d57199c3d82/element - {"using":"xpath","value":"//*[@id=\"application-managepartners-display-component---masterPtm--smartTable-btnPersonalisation-img\"]"}
COMMAND: GET /session/50f16edc6deacc6e46419d57199c3d82/screenshot - {}
RESULT: {"using":"xpath","value":"//*[@id=\"application-managepartners-display-component---masterPtm--smartTable-btnPersonalisation-img\"]"}
COMMAND: POST /session/50f16edc6deacc6e46419d57199c3d82/element/f.54CFF833D3AC6A681D379AA79D22594A.d.0FC706CC0059677785171F965047487E.e.1727/click - {}
RESULT: {}
RESULT: {}
COMMAND: GET /session/50f16edc6deacc6e46419d57199c3d82/screenshot - {}
RESULT: {}
COMMAND: POST /session/50f16edc6deacc6e46419d57199c3d82/execute/async - {"script":"<script> [1562 bytes]","args":[{"selector":{"controlType":"sap.m.IconTabFilter","viewName":"etm.portal.ui.managepartners.view.Master","viewId":"application-managepartners-display-component---masterPtm","properties":{"text":"Filter"},"searchOpenDialogs":true,"interaction":{"idSuffix":"text"}},"wdio_ui5_key":"etmportal.ui.managepartners.view.Mastersap.m.IconTabFilter{\"text\":\"Filter\"}"}]}
RESULT: {"script":"<script> [1562 bytes]","args":[{"selector":{"controlType":"sap.m.IconTabFilter","viewName":"etm.portal.ui.managepartners.view.Master","viewId":"application-managepartners-display-component---masterPtm","properties":{"text":"Filter"},"searchOpenDialogs":true,"interaction":{"idSuffix":"text"}},"wdio_ui5_key":"etmportal.ui.managepartners.view.Mastersap.m.IconTabFilter{\"text\":\"Filter\"}"}]}
RESULT: undefined
COMMAND: POST /session/50f16edc6deacc6e46419d57199c3d82/element - {"using":"xpath","value":"//*[@id=\"__filter10\"]"}
RESULT: {"using":"xpath","value":"//*[@id=\"__filter10\"]"}
COMMAND: POST /session/50f16edc6deacc6e46419d57199c3d82/element/f.54CFF833D3AC6A681D379AA79D22594A.d.0FC706CC0059677785171F965047487E.e.2057/click - {}
RESULT: {}
COMMAND: GET /session/50f16edc6deacc6e46419d57199c3d82/screenshot - {}
RESULT: {}
COMMAND: POST /session/50f16edc6deacc6e46419d57199c3d82/element - {"using":"xpath","value":"//input[@placeholder=\"Filter by\"]/following-sibling::div//span"}
RESULT: {"using":"xpath","value":"//input[@placeholder=\"Filter by\"]/following-sibling::div//span"}
COMMAND: POST /session/50f16edc6deacc6e46419d57199c3d82/element/f.54CFF833D3AC6A681D379AA79D22594A.d.0FC706CC0059677785171F965047487E.e.2059/click - {}
RESULT: {}
COMMAND: GET /session/50f16edc6deacc6e46419d57199c3d82/screenshot - {}
RESULT: {}
COMMAND: POST /session/50f16edc6deacc6e46419d57199c3d82/element - {"using":"xpath","value":"//li[.//span[text()=\"Preferred Yard\"]]"}
RESULT: {"using":"xpath","value":"//li[.//span[text()=\"Preferred Yard\"]]"}
COMMAND: POST /session/50f16edc6deacc6e46419d57199c3d82/element/f.54CFF833D3AC6A681D379AA79D22594A.d.0FC706CC0059677785171F965047487E.e.2060/click - {}
RESULT: {}
COMMAND: GET /session/50f16edc6deacc6e46419d57199c3d82/screenshot - {}
RESULT: {}
COMMAND: POST /session/50f16edc6deacc6e46419d57199c3d82/execute/async - {"script":"<script> [1562 bytes]","args":[{"selector":{"id":"FilterPanel-filterItemControl_BASIC-application-managepartners-display-component---masterPtm--smartTable-YARDYARD-vhi","searchOpenDialogs":true},"wdio_ui5_key":"FilterPanelfilterItemControl_BASIC-application-managepartners-display-component---masterPtm--smartTable-YARDYARD-vhi"}]}
RESULT: {"script":"<script> [1562 bytes]","args":[{"selector":{"id":"FilterPanel-filterItemControl_BASIC-application-managepartners-display-component---masterPtm--smartTable-YARDYARD-vhi","searchOpenDialogs":true},"wdio_ui5_key":"FilterPanelfilterItemControl_BASIC-application-managepartners-display-component---masterPtm--smartTable-YARDYARD-vhi"}]}
RESULT: undefined
COMMAND: POST /session/50f16edc6deacc6e46419d57199c3d82/element - {"using":"xpath","value":"//*[@id=\"FilterPanel-filterItemControl_BASIC-application-managepartners-display-component---masterPtm--smartTable-YARDYARD-vhi\"]"}
RESULT: {"using":"xpath","value":"//*[@id=\"FilterPanel-filterItemControl_BASIC-application-managepartners-display-component---masterPtm--smartTable-YARDYARD-vhi\"]"}
COMMAND: POST /session/50f16edc6deacc6e46419d57199c3d82/element/f.54CFF833D3AC6A681D379AA79D22594A.d.0FC706CC0059677785171F965047487E.e.2063/click - {}
RESULT: {}
COMMAND: GET /session/50f16edc6deacc6e46419d57199c3d82/screenshot - {}
RESULT: {}
COMMAND: POST /session/50f16edc6deacc6e46419d57199c3d82/execute/async - {"script":"<script> [1562 bytes]","args":[{"selector":{"id":"FilterPanel-filterItemControl_BASIC-application-managepartners-display-component---masterPtm--smartTable-YARDYARD-valueHelpDialog-smartFilterBar-btnBasicSearch","searchOpenDialogs":true,"interaction":{"idSuffix":"I"}},"wdio_ui5_key":"FilterPanelfilterItemControl_BASIC-application-managepartners-display-component---masterPtm--smartTable-YARDYARD-valueHelpDialog-smartFilterBar-btnBasicSearch"}]}
RESULT: {"script":"<script> [1562 bytes]","args":[{"selector":{"id":"FilterPanel-filterItemControl_BASIC-application-managepartners-display-component---masterPtm--smartTable-YARDYARD-valueHelpDialog-smartFilterBar-btnBasicSearch","searchOpenDialogs":true,"interaction":{"idSuffix":"I"}},"wdio_ui5_key":"FilterPanelfilterItemControl_BASIC-application-managepartners-display-component---masterPtm--smartTable-YARDYARD-valueHelpDialog-smartFilterBar-btnBasicSearch"}]}
RESULT: undefined
COMMAND: POST /session/50f16edc6deacc6e46419d57199c3d82/execute/async - {"script":"<script> [776 bytes]","args":[{"enterText":"480","selector":{"id":"FilterPanel-filterItemControl_BASIC-application-managepartners-display-component---masterPtm--smartTable-YARDYARD-valueHelpDialog-smartFilterBar-btnBasicSearch","searchOpenDialogs":true,"interaction":{"idSuffix":"I"}},"clearTextFirst":true,"interactionType":"ENTER_TEXT"}]}
RESULT: {"script":"<script> [776 bytes]","args":[{"enterText":"480","selector":{"id":"FilterPanel-filterItemControl_BASIC-application-managepartners-display-component---masterPtm--smartTable-YARDYARD-valueHelpDialog-smartFilterBar-btnBasicSearch","searchOpenDialogs":true,"interaction":{"idSuffix":"I"}},"clearTextFirst":true,"interactionType":"ENTER_TEXT"}]}
COMMAND: POST /session/50f16edc6deacc6e46419d57199c3d82/actions - {"actions":[{"id":"action3","type":"key","parameters":{},"actions":[{"type":"keyDown","value":"î€‡"},{"type":"pause","duration":10},{"type":"keyUp","value":"î€‡"}]}]}
RESULT: {"actions":[{"id":"action3","type":"key","parameters":{},"actions":[{"type":"keyDown","value":"î€‡"},{"type":"pause","duration":10},{"type":"keyUp","value":"î€‡"}]}]}
COMMAND: GET /session/50f16edc6deacc6e46419d57199c3d82/screenshot - {}
RESULT: {}
COMMAND: POST /session/50f16edc6deacc6e46419d57199c3d82/elements - {"using":"xpath","value":"//table[contains(@id, \"smartTable-YARDYARD-valueHelpDialog-table-table\")]/tbody/tr"}
RESULT: {"using":"xpath","value":"//table[contains(@id, \"smartTable-YARDYARD-valueHelpDialog-table-table\")]/tbody/tr"}
COMMAND: POST /session/50f16edc6deacc6e46419d57199c3d82/element - {"using":"xpath","value":"//table[contains(@id, \"smartTable-YARDYARD-valueHelpDialog-table-table\")]/tbody/tr[1]/td[1]/div/span"}
RESULT: {"using":"xpath","value":"//table[contains(@id, \"smartTable-YARDYARD-valueHelpDialog-table-table\")]/tbody/tr[1]/td[1]/div/span"}
COMMAND: POST /session/50f16edc6deacc6e46419d57199c3d82/elements - {"using":"xpath","value":"//table[contains(@id, \"smartTable-YARDYARD-valueHelpDialog-table-table\")]/tbody/tr[1]/td[1]/div/span"}
RESULT: {"using":"xpath","value":"//table[contains(@id, \"smartTable-YARDYARD-valueHelpDialog-table-table\")]/tbody/tr[1]/td[1]/div/span"}
COMMAND: POST /session/50f16edc6deacc6e46419d57199c3d82/execute/sync - {"script":"<script> [56 bytes]","args":[{"element-6066-11e4-a52e-4f735466cecf":"f.54CFF833D3AC6A681D379AA79D22594A.d.0FC706CC0059677785171F965047487E.e.2082","ELEMENT":"f.54CFF833D3AC6A681D379AA79D22594A.d.0FC706CC0059677785171F965047487E.e.2082"}]}
RESULT: {"script":"<script> [56 bytes]","args":[{"element-6066-11e4-a52e-4f735466cecf":"f.54CFF833D3AC6A681D379AA79D22594A.d.0FC706CC0059677785171F965047487E.e.2082","ELEMENT":"f.54CFF833D3AC6A681D379AA79D22594A.d.0FC706CC0059677785171F965047487E.e.2082"}]}
COMMAND: POST /session/50f16edc6deacc6e46419d57199c3d82/element - {"using":"xpath","value":"//table[contains(@id, \"smartTable-YARDYARD-valueHelpDialog-table-table\")]/tbody/tr[2]/td[1]/div/span"}
COMMAND: GET /session/50f16edc6deacc6e46419d57199c3d82/screenshot - {}
RESULT: {"using":"xpath","value":"//table[contains(@id, \"smartTable-YARDYARD-valueHelpDialog-table-table\")]/tbody/tr[2]/td[1]/div/span"}
COMMAND: POST /session/50f16edc6deacc6e46419d57199c3d82/elements - {"using":"xpath","value":"//table[contains(@id, \"smartTable-YARDYARD-valueHelpDialog-table-table\")]/tbody/tr[2]/td[1]/div/span"}
RESULT: {}
RESULT: {"using":"xpath","value":"//table[contains(@id, \"smartTable-YARDYARD-valueHelpDialog-table-table\")]/tbody/tr[2]/td[1]/div/span"}
COMMAND: POST /session/50f16edc6deacc6e46419d57199c3d82/execute/sync - {"script":"<script> [56 bytes]","args":[{"element-6066-11e4-a52e-4f735466cecf":"f.54CFF833D3AC6A681D379AA79D22594A.d.0FC706CC0059677785171F965047487E.e.2083","ELEMENT":"f.54CFF833D3AC6A681D379AA79D22594A.d.0FC706CC0059677785171F965047487E.e.2083"}]}
RESULT: {"script":"<script> [56 bytes]","args":[{"element-6066-11e4-a52e-4f735466cecf":"f.54CFF833D3AC6A681D379AA79D22594A.d.0FC706CC0059677785171F965047487E.e.2083","ELEMENT":"f.54CFF833D3AC6A681D379AA79D22594A.d.0FC706CC0059677785171F965047487E.e.2083"}]}
COMMAND: POST /session/50f16edc6deacc6e46419d57199c3d82/element - {"using":"xpath","value":"//div[contains(@id, \"YARDYARD-valueHelpDialog-table-rowsel1\")]"}
COMMAND: GET /session/50f16edc6deacc6e46419d57199c3d82/screenshot - {}
RESULT: {}
RESULT: {"using":"xpath","value":"//div[contains(@id, \"YARDYARD-valueHelpDialog-table-rowsel1\")]"}
COMMAND: POST /session/50f16edc6deacc6e46419d57199c3d82/element/f.54CFF833D3AC6A681D379AA79D22594A.d.0FC706CC0059677785171F965047487E.e.2084/click - {}
RESULT: {}
COMMAND: GET /session/50f16edc6deacc6e46419d57199c3d82/screenshot - {}
RESULT: {}
COMMAND: POST /session/50f16edc6deacc6e46419d57199c3d82/element - {"using":"xpath","value":"(//bdi[contains(text(), \"OK\")])[2]"}
RESULT: {"using":"xpath","value":"(//bdi[contains(text(), \"OK\")])[2]"}
COMMAND: POST /session/50f16edc6deacc6e46419d57199c3d82/element/f.54CFF833D3AC6A681D379AA79D22594A.d.0FC706CC0059677785171F965047487E.e.2086/click - {}
RESULT: {}
COMMAND: GET /session/50f16edc6deacc6e46419d57199c3d82/screenshot - {}
RESULT: {}
COMMAND: POST /session/50f16edc6deacc6e46419d57199c3d82/element - {"using":"xpath","value":"//bdi[contains(text(), \"OK\")]"}
RESULT: {"using":"xpath","value":"//bdi[contains(text(), \"OK\")]"}
COMMAND: POST /session/50f16edc6deacc6e46419d57199c3d82/element/f.54CFF833D3AC6A681D379AA79D22594A.d.0FC706CC0059677785171F965047487E.e.2089/click - {}
RESULT: {}
COMMAND: GET /session/50f16edc6deacc6e46419d57199c3d82/screenshot - {}
RESULT: {}
COMMAND: POST /session/50f16edc6deacc6e46419d57199c3d82/element - {"using":"xpath","value":"//table[contains(@id, \"customPartnersTable\")]//tbody/tr[1]/td[3]/span"}
RESULT: {"using":"xpath","value":"//table[contains(@id, \"customPartnersTable\")]//tbody/tr[1]/td[3]/span"}
COMMAND: POST /session/50f16edc6deacc6e46419d57199c3d82/execute/sync - {"script":"<script> [56 bytes]","args":[{"element-6066-11e4-a52e-4f735466cecf":"f.54CFF833D3AC6A681D379AA79D22594A.d.0FC706CC0059677785171F965047487E.e.2052","ELEMENT":"f.54CFF833D3AC6A681D379AA79D22594A.d.0FC706CC0059677785171F965047487E.e.2052"}]}
RESULT: {"script":"<script> [56 bytes]","args":[{"element-6066-11e4-a52e-4f735466cecf":"f.54CFF833D3AC6A681D379AA79D22594A.d.0FC706CC0059677785171F965047487E.e.2052","ELEMENT":"f.54CFF833D3AC6A681D379AA79D22594A.d.0FC706CC0059677785171F965047487E.e.2052"}]}
COMMAND: POST /session/50f16edc6deacc6e46419d57199c3d82/element - {"using":"css selector","value":"#shell-header-logo"}
COMMAND: GET /session/50f16edc6deacc6e46419d57199c3d82/screenshot - {}
RESULT: {"using":"css selector","value":"#shell-header-logo"}
COMMAND: POST /session/50f16edc6deacc6e46419d57199c3d82/element/f.54CFF833D3AC6A681D379AA79D22594A.d.0FC706CC0059677785171F965047487E.e.1677/click - {}
RESULT: {}
RESULT: {}
COMMAND: GET /session/50f16edc6deacc6e46419d57199c3d82/screenshot - {}
RESULT: {}
]]></system-out>
    </testcase>
    <testcase classname="chrome.136_0_7103_93.windows.Partner_specific_tests_US150819_US151080_US151654_US151176_US103444_US151078_US151079_US151109_US151174_US151175_US151189" name="Should deactivate the created partner in earlier step US151654" time="63.89">
      <system-out><![CDATA[
COMMAND: POST /session/50f16edc6deacc6e46419d57199c3d82/element - {"using":"xpath","value":"//li[.//span[text()=\"Manage Partners\"]]"}
RESULT: {"using":"xpath","value":"//li[.//span[text()=\"Manage Partners\"]]"}
COMMAND: POST /session/50f16edc6deacc6e46419d57199c3d82/element - {"using":"xpath","value":"//li[.//span[text()=\"Manage Partners\"]]"}
RESULT: {"using":"xpath","value":"//li[.//span[text()=\"Manage Partners\"]]"}
COMMAND: POST /session/50f16edc6deacc6e46419d57199c3d82/element - {"using":"css selector","value":"#shell-header-logo"}
RESULT: {"using":"css selector","value":"#shell-header-logo"}
COMMAND: POST /session/50f16edc6deacc6e46419d57199c3d82/element/f.54CFF833D3AC6A681D379AA79D22594A.d.0FC706CC0059677785171F965047487E.e.2138/click - {}
COMMAND: POST /session/50f16edc6deacc6e46419d57199c3d82/execute/sync - {"script":"<script> [8489 bytes]","args":[{"element-6066-11e4-a52e-4f735466cecf":"f.54CFF833D3AC6A681D379AA79D22594A.d.0FC706CC0059677785171F965047487E.e.2138","ELEMENT":"f.54CFF833D3AC6A681D379AA79D22594A.d.0FC706CC0059677785171F965047487E.e.2138"}]}
RESULT: {"script":"<script> [8489 bytes]","args":[{"element-6066-11e4-a52e-4f735466cecf":"f.54CFF833D3AC6A681D379AA79D22594A.d.0FC706CC0059677785171F965047487E.e.2138","ELEMENT":"f.54CFF833D3AC6A681D379AA79D22594A.d.0FC706CC0059677785171F965047487E.e.2138"}]}
COMMAND: POST /session/50f16edc6deacc6e46419d57199c3d82/execute/sync - {"script":"<script> [5351 bytes]","args":[{"element-6066-11e4-a52e-4f735466cecf":"f.54CFF833D3AC6A681D379AA79D22594A.d.0FC706CC0059677785171F965047487E.e.2138","ELEMENT":"f.54CFF833D3AC6A681D379AA79D22594A.d.0FC706CC0059677785171F965047487E.e.2138"}]}
COMMAND: GET /session/50f16edc6deacc6e46419d57199c3d82/screenshot - {}
RESULT: {}
COMMAND: GET /session/50f16edc6deacc6e46419d57199c3d82/screenshot - {}
RESULT: {"script":"<script> [5351 bytes]","args":[{"element-6066-11e4-a52e-4f735466cecf":"f.54CFF833D3AC6A681D379AA79D22594A.d.0FC706CC0059677785171F965047487E.e.2138","ELEMENT":"f.54CFF833D3AC6A681D379AA79D22594A.d.0FC706CC0059677785171F965047487E.e.2138"}]}
COMMAND: GET /session/50f16edc6deacc6e46419d57199c3d82/screenshot - {}
RESULT: {}
RESULT: {}
RESULT: {}
RESULT: undefined
COMMAND: POST /session/50f16edc6deacc6e46419d57199c3d82/element - {"using":"xpath","value":"//*[@id=\"__tile38\"]"}
RESULT: {"using":"xpath","value":"//*[@id=\"__tile38\"]"}
COMMAND: POST /session/50f16edc6deacc6e46419d57199c3d82/element/f.54CFF833D3AC6A681D379AA79D22594A.d.0FC706CC0059677785171F965047487E.e.140/click - {}
RESULT: {}
COMMAND: GET /session/50f16edc6deacc6e46419d57199c3d82/screenshot - {}
RESULT: {}
COMMAND: POST /session/50f16edc6deacc6e46419d57199c3d82/elements - {"using":"xpath","value":"//span[text()='Error']"}
RESULT: {"using":"xpath","value":"//span[text()='Error']"}
COMMAND: POST /session/50f16edc6deacc6e46419d57199c3d82/element - {"using":"xpath","value":"//button[@data-kt=\"addButton\"]"}
RESULT: {"using":"xpath","value":"//button[@data-kt=\"addButton\"]"}
COMMAND: POST /session/50f16edc6deacc6e46419d57199c3d82/elements - {"using":"xpath","value":"//button[@data-kt=\"addButton\"]"}
RESULT: {"using":"xpath","value":"//button[@data-kt=\"addButton\"]"}
COMMAND: POST /session/50f16edc6deacc6e46419d57199c3d82/execute/sync - {"script":"<script> [8489 bytes]","args":[{"element-6066-11e4-a52e-4f735466cecf":"f.54CFF833D3AC6A681D379AA79D22594A.d.0FC706CC0059677785171F965047487E.e.2183","ELEMENT":"f.54CFF833D3AC6A681D379AA79D22594A.d.0FC706CC0059677785171F965047487E.e.2183"}]}
RESULT: {"script":"<script> [8489 bytes]","args":[{"element-6066-11e4-a52e-4f735466cecf":"f.54CFF833D3AC6A681D379AA79D22594A.d.0FC706CC0059677785171F965047487E.e.2183","ELEMENT":"f.54CFF833D3AC6A681D379AA79D22594A.d.0FC706CC0059677785171F965047487E.e.2183"}]}
COMMAND: GET /session/50f16edc6deacc6e46419d57199c3d82/element/f.54CFF833D3AC6A681D379AA79D22594A.d.0FC706CC0059677785171F965047487E.e.2183/enabled - {}
COMMAND: GET /session/50f16edc6deacc6e46419d57199c3d82/screenshot - {}
RESULT: {}
COMMAND: POST /session/50f16edc6deacc6e46419d57199c3d82/execute/sync - {"script":"<script> [8489 bytes]","args":[{"element-6066-11e4-a52e-4f735466cecf":"f.54CFF833D3AC6A681D379AA79D22594A.d.0FC706CC0059677785171F965047487E.e.2183","ELEMENT":"f.54CFF833D3AC6A681D379AA79D22594A.d.0FC706CC0059677785171F965047487E.e.2183"}]}
COMMAND: GET /session/50f16edc6deacc6e46419d57199c3d82/screenshot - {}
RESULT: {}
RESULT: {"script":"<script> [8489 bytes]","args":[{"element-6066-11e4-a52e-4f735466cecf":"f.54CFF833D3AC6A681D379AA79D22594A.d.0FC706CC0059677785171F965047487E.e.2183","ELEMENT":"f.54CFF833D3AC6A681D379AA79D22594A.d.0FC706CC0059677785171F965047487E.e.2183"}]}
COMMAND: POST /session/50f16edc6deacc6e46419d57199c3d82/execute/sync - {"script":"<script> [5351 bytes]","args":[{"element-6066-11e4-a52e-4f735466cecf":"f.54CFF833D3AC6A681D379AA79D22594A.d.0FC706CC0059677785171F965047487E.e.2183","ELEMENT":"f.54CFF833D3AC6A681D379AA79D22594A.d.0FC706CC0059677785171F965047487E.e.2183"}]}
COMMAND: GET /session/50f16edc6deacc6e46419d57199c3d82/screenshot - {}
RESULT: {}
RESULT: {"script":"<script> [5351 bytes]","args":[{"element-6066-11e4-a52e-4f735466cecf":"f.54CFF833D3AC6A681D379AA79D22594A.d.0FC706CC0059677785171F965047487E.e.2183","ELEMENT":"f.54CFF833D3AC6A681D379AA79D22594A.d.0FC706CC0059677785171F965047487E.e.2183"}]}
COMMAND: GET /session/50f16edc6deacc6e46419d57199c3d82/screenshot - {}
RESULT: {}
RESULT: {}
COMMAND: POST /session/50f16edc6deacc6e46419d57199c3d82/execute/async - {"script":"<script> [1562 bytes]","args":[{"selector":{"id":"application-managepartners-display-component---masterPtm--smartFilterBar-btnBasicSearch","interaction":{"idSuffix":"I"}},"wdio_ui5_key":"applicationmanagepartners-display-component---masterPtm--smartFilterBar-btnBasicSearch"}]}
RESULT: {"script":"<script> [1562 bytes]","args":[{"selector":{"id":"application-managepartners-display-component---masterPtm--smartFilterBar-btnBasicSearch","interaction":{"idSuffix":"I"}},"wdio_ui5_key":"applicationmanagepartners-display-component---masterPtm--smartFilterBar-btnBasicSearch"}]}
RESULT: undefined
COMMAND: POST /session/50f16edc6deacc6e46419d57199c3d82/execute/async - {"script":"<script> [776 bytes]","args":[{"enterText":"1267","selector":{"id":"application-managepartners-display-component---masterPtm--smartFilterBar-btnBasicSearch","interaction":{"idSuffix":"I"}},"clearTextFirst":true,"interactionType":"ENTER_TEXT"}]}
RESULT: {"script":"<script> [776 bytes]","args":[{"enterText":"1267","selector":{"id":"application-managepartners-display-component---masterPtm--smartFilterBar-btnBasicSearch","interaction":{"idSuffix":"I"}},"clearTextFirst":true,"interactionType":"ENTER_TEXT"}]}
COMMAND: POST /session/50f16edc6deacc6e46419d57199c3d82/actions - {"actions":[{"id":"action4","type":"key","parameters":{},"actions":[{"type":"keyDown","value":"î€‡"},{"type":"pause","duration":10},{"type":"keyUp","value":"î€‡"}]}]}
RESULT: {"actions":[{"id":"action4","type":"key","parameters":{},"actions":[{"type":"keyDown","value":"î€‡"},{"type":"pause","duration":10},{"type":"keyUp","value":"î€‡"}]}]}
COMMAND: GET /session/50f16edc6deacc6e46419d57199c3d82/screenshot - {}
RESULT: {}
COMMAND: POST /session/50f16edc6deacc6e46419d57199c3d82/elements - {"using":"xpath","value":"//table[contains(@id, \"customPartnersTable-listUl\")]/tbody/tr"}
RESULT: {"using":"xpath","value":"//table[contains(@id, \"customPartnersTable-listUl\")]/tbody/tr"}
COMMAND: POST /session/50f16edc6deacc6e46419d57199c3d82/element - {"using":"xpath","value":"//table[contains(@id, \"customPartnersTable-listUl\")]/tbody/tr[1]/td[3]/span"}
RESULT: {"using":"xpath","value":"//table[contains(@id, \"customPartnersTable-listUl\")]/tbody/tr[1]/td[3]/span"}
COMMAND: POST /session/50f16edc6deacc6e46419d57199c3d82/elements - {"using":"xpath","value":"//table[contains(@id, \"customPartnersTable-listUl\")]/tbody/tr[1]/td[3]/span"}
RESULT: {"using":"xpath","value":"//table[contains(@id, \"customPartnersTable-listUl\")]/tbody/tr[1]/td[3]/span"}
COMMAND: POST /session/50f16edc6deacc6e46419d57199c3d82/execute/sync - {"script":"<script> [56 bytes]","args":[{"element-6066-11e4-a52e-4f735466cecf":"f.54CFF833D3AC6A681D379AA79D22594A.d.0FC706CC0059677785171F965047487E.e.2319","ELEMENT":"f.54CFF833D3AC6A681D379AA79D22594A.d.0FC706CC0059677785171F965047487E.e.2319"}]}
RESULT: {"script":"<script> [56 bytes]","args":[{"element-6066-11e4-a52e-4f735466cecf":"f.54CFF833D3AC6A681D379AA79D22594A.d.0FC706CC0059677785171F965047487E.e.2319","ELEMENT":"f.54CFF833D3AC6A681D379AA79D22594A.d.0FC706CC0059677785171F965047487E.e.2319"}]}
COMMAND: POST /session/50f16edc6deacc6e46419d57199c3d82/element - {"using":"xpath","value":"//table[contains(@id, \"customPartnersTable-listUl\")]/tbody/tr[1]/td[7]/div/span"}
COMMAND: GET /session/50f16edc6deacc6e46419d57199c3d82/screenshot - {}
RESULT: {"using":"xpath","value":"//table[contains(@id, \"customPartnersTable-listUl\")]/tbody/tr[1]/td[7]/div/span"}
COMMAND: POST /session/50f16edc6deacc6e46419d57199c3d82/execute/sync - {"script":"<script> [56 bytes]","args":[{"element-6066-11e4-a52e-4f735466cecf":"f.54CFF833D3AC6A681D379AA79D22594A.d.0FC706CC0059677785171F965047487E.e.2320","ELEMENT":"f.54CFF833D3AC6A681D379AA79D22594A.d.0FC706CC0059677785171F965047487E.e.2320"}]}
RESULT: {}
RESULT: {"script":"<script> [56 bytes]","args":[{"element-6066-11e4-a52e-4f735466cecf":"f.54CFF833D3AC6A681D379AA79D22594A.d.0FC706CC0059677785171F965047487E.e.2320","ELEMENT":"f.54CFF833D3AC6A681D379AA79D22594A.d.0FC706CC0059677785171F965047487E.e.2320"}]}
COMMAND: POST /session/50f16edc6deacc6e46419d57199c3d82/element - {"using":"xpath","value":"//table[contains(@id, \"customPartnersTable-listUl\")]/tbody/tr[1]/td[2]/div/div"}
COMMAND: GET /session/50f16edc6deacc6e46419d57199c3d82/screenshot - {}
RESULT: {"using":"xpath","value":"//table[contains(@id, \"customPartnersTable-listUl\")]/tbody/tr[1]/td[2]/div/div"}
COMMAND: POST /session/50f16edc6deacc6e46419d57199c3d82/element/f.54CFF833D3AC6A681D379AA79D22594A.d.0FC706CC0059677785171F965047487E.e.2321/click - {}
RESULT: {}
RESULT: {}
COMMAND: GET /session/50f16edc6deacc6e46419d57199c3d82/screenshot - {}
RESULT: {}
COMMAND: POST /session/50f16edc6deacc6e46419d57199c3d82/element - {"using":"xpath","value":"//bdi[contains(text(), \"Deactivate\")]"}
RESULT: {"using":"xpath","value":"//bdi[contains(text(), \"Deactivate\")]"}
COMMAND: POST /session/50f16edc6deacc6e46419d57199c3d82/element/f.54CFF833D3AC6A681D379AA79D22594A.d.0FC706CC0059677785171F965047487E.e.2322/click - {}
RESULT: {}
COMMAND: GET /session/50f16edc6deacc6e46419d57199c3d82/screenshot - {}
RESULT: {}
COMMAND: POST /session/50f16edc6deacc6e46419d57199c3d82/element - {"using":"xpath","value":"//bdi[contains(text(), \"Yes\")]"}
RESULT: {"using":"xpath","value":"//bdi[contains(text(), \"Yes\")]"}
COMMAND: POST /session/50f16edc6deacc6e46419d57199c3d82/element/f.54CFF833D3AC6A681D379AA79D22594A.d.0FC706CC0059677785171F965047487E.e.2324/click - {}
RESULT: {}
COMMAND: GET /session/50f16edc6deacc6e46419d57199c3d82/screenshot - {}
RESULT: {}
COMMAND: POST /session/50f16edc6deacc6e46419d57199c3d82/element - {"using":"xpath","value":"//table[contains(@id, \"customPartnersTable-listUl\")]/tbody/tr[1]/td[7]/div/span"}
RESULT: {"using":"xpath","value":"//table[contains(@id, \"customPartnersTable-listUl\")]/tbody/tr[1]/td[7]/div/span"}
COMMAND: POST /session/50f16edc6deacc6e46419d57199c3d82/execute/sync - {"script":"<script> [56 bytes]","args":[{"element-6066-11e4-a52e-4f735466cecf":"f.54CFF833D3AC6A681D379AA79D22594A.d.0FC706CC0059677785171F965047487E.e.2320","ELEMENT":"f.54CFF833D3AC6A681D379AA79D22594A.d.0FC706CC0059677785171F965047487E.e.2320"}]}
RESULT: {"script":"<script> [56 bytes]","args":[{"element-6066-11e4-a52e-4f735466cecf":"f.54CFF833D3AC6A681D379AA79D22594A.d.0FC706CC0059677785171F965047487E.e.2320","ELEMENT":"f.54CFF833D3AC6A681D379AA79D22594A.d.0FC706CC0059677785171F965047487E.e.2320"}]}
COMMAND: GET /session/50f16edc6deacc6e46419d57199c3d82/screenshot - {}
RESULT: {}
COMMAND: POST /session/50f16edc6deacc6e46419d57199c3d82/element - {"using":"css selector","value":"#shell-header-logo"}
RESULT: {"using":"css selector","value":"#shell-header-logo"}
COMMAND: POST /session/50f16edc6deacc6e46419d57199c3d82/element/f.54CFF833D3AC6A681D379AA79D22594A.d.0FC706CC0059677785171F965047487E.e.2138/click - {}
RESULT: {}
COMMAND: GET /session/50f16edc6deacc6e46419d57199c3d82/screenshot - {}
RESULT: {}
]]></system-out>
    </testcase>
    <testcase classname="chrome.136_0_7103_93.windows.Partner_specific_tests_US150819_US151080_US151654_US151176_US103444_US151078_US151079_US151109_US151174_US151175_US151189" name="Should activate the created partner again US151176" time="67.574">
      <system-out><![CDATA[
COMMAND: POST /session/50f16edc6deacc6e46419d57199c3d82/element - {"using":"xpath","value":"//li[.//span[text()=\"Manage Partners\"]]"}
RESULT: {"using":"xpath","value":"//li[.//span[text()=\"Manage Partners\"]]"}
COMMAND: POST /session/50f16edc6deacc6e46419d57199c3d82/element - {"using":"xpath","value":"//li[.//span[text()=\"Manage Partners\"]]"}
RESULT: {"using":"xpath","value":"//li[.//span[text()=\"Manage Partners\"]]"}
COMMAND: POST /session/50f16edc6deacc6e46419d57199c3d82/element - {"using":"css selector","value":"#shell-header-logo"}
RESULT: {"using":"css selector","value":"#shell-header-logo"}
COMMAND: POST /session/50f16edc6deacc6e46419d57199c3d82/element/f.54CFF833D3AC6A681D379AA79D22594A.d.0FC706CC0059677785171F965047487E.e.2328/click - {}
COMMAND: POST /session/50f16edc6deacc6e46419d57199c3d82/execute/sync - {"script":"<script> [8489 bytes]","args":[{"element-6066-11e4-a52e-4f735466cecf":"f.54CFF833D3AC6A681D379AA79D22594A.d.0FC706CC0059677785171F965047487E.e.2328","ELEMENT":"f.54CFF833D3AC6A681D379AA79D22594A.d.0FC706CC0059677785171F965047487E.e.2328"}]}
RESULT: {"script":"<script> [8489 bytes]","args":[{"element-6066-11e4-a52e-4f735466cecf":"f.54CFF833D3AC6A681D379AA79D22594A.d.0FC706CC0059677785171F965047487E.e.2328","ELEMENT":"f.54CFF833D3AC6A681D379AA79D22594A.d.0FC706CC0059677785171F965047487E.e.2328"}]}
COMMAND: POST /session/50f16edc6deacc6e46419d57199c3d82/execute/sync - {"script":"<script> [5351 bytes]","args":[{"element-6066-11e4-a52e-4f735466cecf":"f.54CFF833D3AC6A681D379AA79D22594A.d.0FC706CC0059677785171F965047487E.e.2328","ELEMENT":"f.54CFF833D3AC6A681D379AA79D22594A.d.0FC706CC0059677785171F965047487E.e.2328"}]}
COMMAND: GET /session/50f16edc6deacc6e46419d57199c3d82/screenshot - {}
RESULT: {}
COMMAND: GET /session/50f16edc6deacc6e46419d57199c3d82/screenshot - {}
RESULT: {"script":"<script> [5351 bytes]","args":[{"element-6066-11e4-a52e-4f735466cecf":"f.54CFF833D3AC6A681D379AA79D22594A.d.0FC706CC0059677785171F965047487E.e.2328","ELEMENT":"f.54CFF833D3AC6A681D379AA79D22594A.d.0FC706CC0059677785171F965047487E.e.2328"}]}
COMMAND: GET /session/50f16edc6deacc6e46419d57199c3d82/screenshot - {}
RESULT: {}
RESULT: {}
RESULT: {}
RESULT: undefined
COMMAND: POST /session/50f16edc6deacc6e46419d57199c3d82/element - {"using":"xpath","value":"//*[@id=\"__tile38\"]"}
RESULT: {"using":"xpath","value":"//*[@id=\"__tile38\"]"}
COMMAND: POST /session/50f16edc6deacc6e46419d57199c3d82/element/f.54CFF833D3AC6A681D379AA79D22594A.d.0FC706CC0059677785171F965047487E.e.140/click - {}
RESULT: {}
COMMAND: GET /session/50f16edc6deacc6e46419d57199c3d82/screenshot - {}
RESULT: {}
COMMAND: POST /session/50f16edc6deacc6e46419d57199c3d82/elements - {"using":"xpath","value":"//span[text()='Error']"}
RESULT: {"using":"xpath","value":"//span[text()='Error']"}
COMMAND: POST /session/50f16edc6deacc6e46419d57199c3d82/element - {"using":"xpath","value":"//button[@data-kt=\"addButton\"]"}
RESULT: {"using":"xpath","value":"//button[@data-kt=\"addButton\"]"}
COMMAND: POST /session/50f16edc6deacc6e46419d57199c3d82/elements - {"using":"xpath","value":"//button[@data-kt=\"addButton\"]"}
RESULT: {"using":"xpath","value":"//button[@data-kt=\"addButton\"]"}
COMMAND: POST /session/50f16edc6deacc6e46419d57199c3d82/execute/sync - {"script":"<script> [8489 bytes]","args":[{"element-6066-11e4-a52e-4f735466cecf":"f.54CFF833D3AC6A681D379AA79D22594A.d.0FC706CC0059677785171F965047487E.e.2374","ELEMENT":"f.54CFF833D3AC6A681D379AA79D22594A.d.0FC706CC0059677785171F965047487E.e.2374"}]}
RESULT: {"script":"<script> [8489 bytes]","args":[{"element-6066-11e4-a52e-4f735466cecf":"f.54CFF833D3AC6A681D379AA79D22594A.d.0FC706CC0059677785171F965047487E.e.2374","ELEMENT":"f.54CFF833D3AC6A681D379AA79D22594A.d.0FC706CC0059677785171F965047487E.e.2374"}]}
COMMAND: GET /session/50f16edc6deacc6e46419d57199c3d82/element/f.54CFF833D3AC6A681D379AA79D22594A.d.0FC706CC0059677785171F965047487E.e.2374/enabled - {}
COMMAND: GET /session/50f16edc6deacc6e46419d57199c3d82/screenshot - {}
RESULT: {}
COMMAND: POST /session/50f16edc6deacc6e46419d57199c3d82/execute/sync - {"script":"<script> [8489 bytes]","args":[{"element-6066-11e4-a52e-4f735466cecf":"f.54CFF833D3AC6A681D379AA79D22594A.d.0FC706CC0059677785171F965047487E.e.2374","ELEMENT":"f.54CFF833D3AC6A681D379AA79D22594A.d.0FC706CC0059677785171F965047487E.e.2374"}]}
COMMAND: GET /session/50f16edc6deacc6e46419d57199c3d82/screenshot - {}
RESULT: {}
RESULT: {"script":"<script> [8489 bytes]","args":[{"element-6066-11e4-a52e-4f735466cecf":"f.54CFF833D3AC6A681D379AA79D22594A.d.0FC706CC0059677785171F965047487E.e.2374","ELEMENT":"f.54CFF833D3AC6A681D379AA79D22594A.d.0FC706CC0059677785171F965047487E.e.2374"}]}
COMMAND: POST /session/50f16edc6deacc6e46419d57199c3d82/execute/sync - {"script":"<script> [5351 bytes]","args":[{"element-6066-11e4-a52e-4f735466cecf":"f.54CFF833D3AC6A681D379AA79D22594A.d.0FC706CC0059677785171F965047487E.e.2374","ELEMENT":"f.54CFF833D3AC6A681D379AA79D22594A.d.0FC706CC0059677785171F965047487E.e.2374"}]}
COMMAND: GET /session/50f16edc6deacc6e46419d57199c3d82/screenshot - {}
RESULT: {}
RESULT: {"script":"<script> [5351 bytes]","args":[{"element-6066-11e4-a52e-4f735466cecf":"f.54CFF833D3AC6A681D379AA79D22594A.d.0FC706CC0059677785171F965047487E.e.2374","ELEMENT":"f.54CFF833D3AC6A681D379AA79D22594A.d.0FC706CC0059677785171F965047487E.e.2374"}]}
COMMAND: GET /session/50f16edc6deacc6e46419d57199c3d82/screenshot - {}
RESULT: {}
RESULT: {}
RESULT: undefined
COMMAND: POST /session/50f16edc6deacc6e46419d57199c3d82/execute/async - {"script":"<script> [776 bytes]","args":[{"enterText":"1267","selector":{"id":"application-managepartners-display-component---masterPtm--smartFilterBar-btnBasicSearch","interaction":{"idSuffix":"I"}},"clearTextFirst":true,"interactionType":"ENTER_TEXT"}]}
RESULT: {"script":"<script> [776 bytes]","args":[{"enterText":"1267","selector":{"id":"application-managepartners-display-component---masterPtm--smartFilterBar-btnBasicSearch","interaction":{"idSuffix":"I"}},"clearTextFirst":true,"interactionType":"ENTER_TEXT"}]}
COMMAND: POST /session/50f16edc6deacc6e46419d57199c3d82/actions - {"actions":[{"id":"action5","type":"key","parameters":{},"actions":[{"type":"keyDown","value":"î€‡"},{"type":"pause","duration":10},{"type":"keyUp","value":"î€‡"}]}]}
RESULT: {"actions":[{"id":"action5","type":"key","parameters":{},"actions":[{"type":"keyDown","value":"î€‡"},{"type":"pause","duration":10},{"type":"keyUp","value":"î€‡"}]}]}
COMMAND: GET /session/50f16edc6deacc6e46419d57199c3d82/screenshot - {}
RESULT: {}
COMMAND: POST /session/50f16edc6deacc6e46419d57199c3d82/elements - {"using":"xpath","value":"//table[contains(@id, \"customPartnersTable-listUl\")]/tbody/tr"}
RESULT: {"using":"xpath","value":"//table[contains(@id, \"customPartnersTable-listUl\")]/tbody/tr"}
COMMAND: POST /session/50f16edc6deacc6e46419d57199c3d82/element - {"using":"xpath","value":"//table[contains(@id, \"customPartnersTable-listUl\")]/tbody/tr[1]/td[3]/span"}
RESULT: {"using":"xpath","value":"//table[contains(@id, \"customPartnersTable-listUl\")]/tbody/tr[1]/td[3]/span"}
COMMAND: POST /session/50f16edc6deacc6e46419d57199c3d82/elements - {"using":"xpath","value":"//table[contains(@id, \"customPartnersTable-listUl\")]/tbody/tr[1]/td[3]/span"}
RESULT: {"using":"xpath","value":"//table[contains(@id, \"customPartnersTable-listUl\")]/tbody/tr[1]/td[3]/span"}
COMMAND: POST /session/50f16edc6deacc6e46419d57199c3d82/execute/sync - {"script":"<script> [56 bytes]","args":[{"element-6066-11e4-a52e-4f735466cecf":"f.54CFF833D3AC6A681D379AA79D22594A.d.0FC706CC0059677785171F965047487E.e.2508","ELEMENT":"f.54CFF833D3AC6A681D379AA79D22594A.d.0FC706CC0059677785171F965047487E.e.2508"}]}
RESULT: {"script":"<script> [56 bytes]","args":[{"element-6066-11e4-a52e-4f735466cecf":"f.54CFF833D3AC6A681D379AA79D22594A.d.0FC706CC0059677785171F965047487E.e.2508","ELEMENT":"f.54CFF833D3AC6A681D379AA79D22594A.d.0FC706CC0059677785171F965047487E.e.2508"}]}
COMMAND: POST /session/50f16edc6deacc6e46419d57199c3d82/element - {"using":"xpath","value":"//table[contains(@id, \"customPartnersTable-listUl\")]/tbody/tr[1]/td[7]/div/span"}
COMMAND: GET /session/50f16edc6deacc6e46419d57199c3d82/screenshot - {}
RESULT: {"using":"xpath","value":"//table[contains(@id, \"customPartnersTable-listUl\")]/tbody/tr[1]/td[7]/div/span"}
COMMAND: POST /session/50f16edc6deacc6e46419d57199c3d82/execute/sync - {"script":"<script> [56 bytes]","args":[{"element-6066-11e4-a52e-4f735466cecf":"f.54CFF833D3AC6A681D379AA79D22594A.d.0FC706CC0059677785171F965047487E.e.2509","ELEMENT":"f.54CFF833D3AC6A681D379AA79D22594A.d.0FC706CC0059677785171F965047487E.e.2509"}]}
RESULT: {}
RESULT: {"script":"<script> [56 bytes]","args":[{"element-6066-11e4-a52e-4f735466cecf":"f.54CFF833D3AC6A681D379AA79D22594A.d.0FC706CC0059677785171F965047487E.e.2509","ELEMENT":"f.54CFF833D3AC6A681D379AA79D22594A.d.0FC706CC0059677785171F965047487E.e.2509"}]}
COMMAND: POST /session/50f16edc6deacc6e46419d57199c3d82/element - {"using":"xpath","value":"//table[contains(@id, \"customPartnersTable-listUl\")]/tbody/tr[1]/td[2]/div/div"}
COMMAND: GET /session/50f16edc6deacc6e46419d57199c3d82/screenshot - {}
RESULT: {"using":"xpath","value":"//table[contains(@id, \"customPartnersTable-listUl\")]/tbody/tr[1]/td[2]/div/div"}
COMMAND: POST /session/50f16edc6deacc6e46419d57199c3d82/element/f.54CFF833D3AC6A681D379AA79D22594A.d.0FC706CC0059677785171F965047487E.e.2510/click - {}
RESULT: {}
RESULT: {}
COMMAND: GET /session/50f16edc6deacc6e46419d57199c3d82/screenshot - {}
RESULT: {}
COMMAND: POST /session/50f16edc6deacc6e46419d57199c3d82/element - {"using":"xpath","value":"//bdi[contains(text(), \"Activate\")]"}
RESULT: {"using":"xpath","value":"//bdi[contains(text(), \"Activate\")]"}
COMMAND: POST /session/50f16edc6deacc6e46419d57199c3d82/element/f.54CFF833D3AC6A681D379AA79D22594A.d.0FC706CC0059677785171F965047487E.e.2511/click - {}
RESULT: {}
COMMAND: GET /session/50f16edc6deacc6e46419d57199c3d82/screenshot - {}
RESULT: {}
COMMAND: POST /session/50f16edc6deacc6e46419d57199c3d82/element - {"using":"xpath","value":"//bdi[contains(text(), \"Yes\")]"}
RESULT: {"using":"xpath","value":"//bdi[contains(text(), \"Yes\")]"}
COMMAND: POST /session/50f16edc6deacc6e46419d57199c3d82/element/f.54CFF833D3AC6A681D379AA79D22594A.d.0FC706CC0059677785171F965047487E.e.2513/click - {}
RESULT: {}
COMMAND: GET /session/50f16edc6deacc6e46419d57199c3d82/screenshot - {}
RESULT: {}
COMMAND: POST /session/50f16edc6deacc6e46419d57199c3d82/element - {"using":"xpath","value":"//table[contains(@id, \"customPartnersTable-listUl\")]/tbody/tr[1]/td[7]/div/span"}
RESULT: {"using":"xpath","value":"//table[contains(@id, \"customPartnersTable-listUl\")]/tbody/tr[1]/td[7]/div/span"}
COMMAND: POST /session/50f16edc6deacc6e46419d57199c3d82/execute/sync - {"script":"<script> [56 bytes]","args":[{"element-6066-11e4-a52e-4f735466cecf":"f.54CFF833D3AC6A681D379AA79D22594A.d.0FC706CC0059677785171F965047487E.e.2509","ELEMENT":"f.54CFF833D3AC6A681D379AA79D22594A.d.0FC706CC0059677785171F965047487E.e.2509"}]}
RESULT: {"script":"<script> [56 bytes]","args":[{"element-6066-11e4-a52e-4f735466cecf":"f.54CFF833D3AC6A681D379AA79D22594A.d.0FC706CC0059677785171F965047487E.e.2509","ELEMENT":"f.54CFF833D3AC6A681D379AA79D22594A.d.0FC706CC0059677785171F965047487E.e.2509"}]}
COMMAND: GET /session/50f16edc6deacc6e46419d57199c3d82/screenshot - {}
RESULT: {}
COMMAND: POST /session/50f16edc6deacc6e46419d57199c3d82/element - {"using":"css selector","value":"#shell-header-logo"}
RESULT: {"using":"css selector","value":"#shell-header-logo"}
COMMAND: POST /session/50f16edc6deacc6e46419d57199c3d82/element/f.54CFF833D3AC6A681D379AA79D22594A.d.0FC706CC0059677785171F965047487E.e.2328/click - {}
RESULT: {}
COMMAND: GET /session/50f16edc6deacc6e46419d57199c3d82/screenshot - {}
RESULT: {}
]]></system-out>
    </testcase>
    <testcase classname="chrome.136_0_7103_93.windows.Partner_specific_tests_US150819_US151080_US151654_US151176_US103444_US151078_US151079_US151109_US151174_US151175_US151189" name="Should edit the created external partner and save it and check its content US103444" time="73.168">
      <system-out><![CDATA[
COMMAND: POST /session/50f16edc6deacc6e46419d57199c3d82/element - {"using":"xpath","value":"//li[.//span[text()=\"Manage Partners\"]]"}
RESULT: {"using":"xpath","value":"//li[.//span[text()=\"Manage Partners\"]]"}
COMMAND: POST /session/50f16edc6deacc6e46419d57199c3d82/element - {"using":"xpath","value":"//li[.//span[text()=\"Manage Partners\"]]"}
RESULT: {"using":"xpath","value":"//li[.//span[text()=\"Manage Partners\"]]"}
COMMAND: POST /session/50f16edc6deacc6e46419d57199c3d82/element - {"using":"css selector","value":"#shell-header-logo"}
RESULT: {"using":"css selector","value":"#shell-header-logo"}
COMMAND: POST /session/50f16edc6deacc6e46419d57199c3d82/element/f.54CFF833D3AC6A681D379AA79D22594A.d.0FC706CC0059677785171F965047487E.e.2517/click - {}
COMMAND: POST /session/50f16edc6deacc6e46419d57199c3d82/execute/sync - {"script":"<script> [8489 bytes]","args":[{"element-6066-11e4-a52e-4f735466cecf":"f.54CFF833D3AC6A681D379AA79D22594A.d.0FC706CC0059677785171F965047487E.e.2517","ELEMENT":"f.54CFF833D3AC6A681D379AA79D22594A.d.0FC706CC0059677785171F965047487E.e.2517"}]}
RESULT: {"script":"<script> [8489 bytes]","args":[{"element-6066-11e4-a52e-4f735466cecf":"f.54CFF833D3AC6A681D379AA79D22594A.d.0FC706CC0059677785171F965047487E.e.2517","ELEMENT":"f.54CFF833D3AC6A681D379AA79D22594A.d.0FC706CC0059677785171F965047487E.e.2517"}]}
COMMAND: POST /session/50f16edc6deacc6e46419d57199c3d82/execute/sync - {"script":"<script> [5351 bytes]","args":[{"element-6066-11e4-a52e-4f735466cecf":"f.54CFF833D3AC6A681D379AA79D22594A.d.0FC706CC0059677785171F965047487E.e.2517","ELEMENT":"f.54CFF833D3AC6A681D379AA79D22594A.d.0FC706CC0059677785171F965047487E.e.2517"}]}
COMMAND: GET /session/50f16edc6deacc6e46419d57199c3d82/screenshot - {}
RESULT: {}
COMMAND: GET /session/50f16edc6deacc6e46419d57199c3d82/screenshot - {}
RESULT: {"script":"<script> [5351 bytes]","args":[{"element-6066-11e4-a52e-4f735466cecf":"f.54CFF833D3AC6A681D379AA79D22594A.d.0FC706CC0059677785171F965047487E.e.2517","ELEMENT":"f.54CFF833D3AC6A681D379AA79D22594A.d.0FC706CC0059677785171F965047487E.e.2517"}]}
COMMAND: GET /session/50f16edc6deacc6e46419d57199c3d82/screenshot - {}
RESULT: {}
RESULT: {}
RESULT: {}
RESULT: undefined
COMMAND: POST /session/50f16edc6deacc6e46419d57199c3d82/element - {"using":"xpath","value":"//*[@id=\"__tile38\"]"}
RESULT: {"using":"xpath","value":"//*[@id=\"__tile38\"]"}
COMMAND: POST /session/50f16edc6deacc6e46419d57199c3d82/element/f.54CFF833D3AC6A681D379AA79D22594A.d.0FC706CC0059677785171F965047487E.e.140/click - {}
RESULT: {}
COMMAND: GET /session/50f16edc6deacc6e46419d57199c3d82/screenshot - {}
RESULT: {}
COMMAND: POST /session/50f16edc6deacc6e46419d57199c3d82/elements - {"using":"xpath","value":"//span[text()='Error']"}
RESULT: {"using":"xpath","value":"//span[text()='Error']"}
COMMAND: POST /session/50f16edc6deacc6e46419d57199c3d82/element - {"using":"xpath","value":"//button[@data-kt=\"addButton\"]"}
RESULT: {"using":"xpath","value":"//button[@data-kt=\"addButton\"]"}
COMMAND: POST /session/50f16edc6deacc6e46419d57199c3d82/elements - {"using":"xpath","value":"//button[@data-kt=\"addButton\"]"}
RESULT: {"using":"xpath","value":"//button[@data-kt=\"addButton\"]"}
COMMAND: POST /session/50f16edc6deacc6e46419d57199c3d82/execute/sync - {"script":"<script> [8489 bytes]","args":[{"element-6066-11e4-a52e-4f735466cecf":"f.54CFF833D3AC6A681D379AA79D22594A.d.0FC706CC0059677785171F965047487E.e.2563","ELEMENT":"f.54CFF833D3AC6A681D379AA79D22594A.d.0FC706CC0059677785171F965047487E.e.2563"}]}
RESULT: {"script":"<script> [8489 bytes]","args":[{"element-6066-11e4-a52e-4f735466cecf":"f.54CFF833D3AC6A681D379AA79D22594A.d.0FC706CC0059677785171F965047487E.e.2563","ELEMENT":"f.54CFF833D3AC6A681D379AA79D22594A.d.0FC706CC0059677785171F965047487E.e.2563"}]}
COMMAND: GET /session/50f16edc6deacc6e46419d57199c3d82/element/f.54CFF833D3AC6A681D379AA79D22594A.d.0FC706CC0059677785171F965047487E.e.2563/enabled - {}
COMMAND: GET /session/50f16edc6deacc6e46419d57199c3d82/screenshot - {}
RESULT: {}
COMMAND: POST /session/50f16edc6deacc6e46419d57199c3d82/execute/sync - {"script":"<script> [8489 bytes]","args":[{"element-6066-11e4-a52e-4f735466cecf":"f.54CFF833D3AC6A681D379AA79D22594A.d.0FC706CC0059677785171F965047487E.e.2563","ELEMENT":"f.54CFF833D3AC6A681D379AA79D22594A.d.0FC706CC0059677785171F965047487E.e.2563"}]}
COMMAND: GET /session/50f16edc6deacc6e46419d57199c3d82/screenshot - {}
RESULT: {}
RESULT: {}
RESULT: {"script":"<script> [8489 bytes]","args":[{"element-6066-11e4-a52e-4f735466cecf":"f.54CFF833D3AC6A681D379AA79D22594A.d.0FC706CC0059677785171F965047487E.e.2563","ELEMENT":"f.54CFF833D3AC6A681D379AA79D22594A.d.0FC706CC0059677785171F965047487E.e.2563"}]}
COMMAND: POST /session/50f16edc6deacc6e46419d57199c3d82/execute/sync - {"script":"<script> [5351 bytes]","args":[{"element-6066-11e4-a52e-4f735466cecf":"f.54CFF833D3AC6A681D379AA79D22594A.d.0FC706CC0059677785171F965047487E.e.2563","ELEMENT":"f.54CFF833D3AC6A681D379AA79D22594A.d.0FC706CC0059677785171F965047487E.e.2563"}]}
COMMAND: GET /session/50f16edc6deacc6e46419d57199c3d82/screenshot - {}
RESULT: {"script":"<script> [5351 bytes]","args":[{"element-6066-11e4-a52e-4f735466cecf":"f.54CFF833D3AC6A681D379AA79D22594A.d.0FC706CC0059677785171F965047487E.e.2563","ELEMENT":"f.54CFF833D3AC6A681D379AA79D22594A.d.0FC706CC0059677785171F965047487E.e.2563"}]}
COMMAND: GET /session/50f16edc6deacc6e46419d57199c3d82/screenshot - {}
RESULT: {}
RESULT: {}
RESULT: undefined
COMMAND: POST /session/50f16edc6deacc6e46419d57199c3d82/execute/async - {"script":"<script> [776 bytes]","args":[{"enterText":"1267","selector":{"id":"application-managepartners-display-component---masterPtm--smartFilterBar-btnBasicSearch","interaction":{"idSuffix":"I"}},"clearTextFirst":true,"interactionType":"ENTER_TEXT"}]}
RESULT: {"script":"<script> [776 bytes]","args":[{"enterText":"1267","selector":{"id":"application-managepartners-display-component---masterPtm--smartFilterBar-btnBasicSearch","interaction":{"idSuffix":"I"}},"clearTextFirst":true,"interactionType":"ENTER_TEXT"}]}
COMMAND: POST /session/50f16edc6deacc6e46419d57199c3d82/actions - {"actions":[{"id":"action6","type":"key","parameters":{},"actions":[{"type":"keyDown","value":"î€‡"},{"type":"pause","duration":10},{"type":"keyUp","value":"î€‡"}]}]}
RESULT: {"actions":[{"id":"action6","type":"key","parameters":{},"actions":[{"type":"keyDown","value":"î€‡"},{"type":"pause","duration":10},{"type":"keyUp","value":"î€‡"}]}]}
COMMAND: GET /session/50f16edc6deacc6e46419d57199c3d82/screenshot - {}
RESULT: {}
COMMAND: POST /session/50f16edc6deacc6e46419d57199c3d82/elements - {"using":"xpath","value":"//table[contains(@id, \"customPartnersTable-listUl\")]/tbody/tr"}
RESULT: {"using":"xpath","value":"//table[contains(@id, \"customPartnersTable-listUl\")]/tbody/tr"}
COMMAND: POST /session/50f16edc6deacc6e46419d57199c3d82/element - {"using":"xpath","value":"//table[contains(@id, \"customPartnersTable-listUl\")]/tbody/tr[1]/td[3]/span"}
RESULT: {"using":"xpath","value":"//table[contains(@id, \"customPartnersTable-listUl\")]/tbody/tr[1]/td[3]/span"}
COMMAND: POST /session/50f16edc6deacc6e46419d57199c3d82/elements - {"using":"xpath","value":"//table[contains(@id, \"customPartnersTable-listUl\")]/tbody/tr[1]/td[3]/span"}
RESULT: {"using":"xpath","value":"//table[contains(@id, \"customPartnersTable-listUl\")]/tbody/tr[1]/td[3]/span"}
COMMAND: POST /session/50f16edc6deacc6e46419d57199c3d82/execute/sync - {"script":"<script> [56 bytes]","args":[{"element-6066-11e4-a52e-4f735466cecf":"f.54CFF833D3AC6A681D379AA79D22594A.d.0FC706CC0059677785171F965047487E.e.2698","ELEMENT":"f.54CFF833D3AC6A681D379AA79D22594A.d.0FC706CC0059677785171F965047487E.e.2698"}]}
RESULT: {"script":"<script> [56 bytes]","args":[{"element-6066-11e4-a52e-4f735466cecf":"f.54CFF833D3AC6A681D379AA79D22594A.d.0FC706CC0059677785171F965047487E.e.2698","ELEMENT":"f.54CFF833D3AC6A681D379AA79D22594A.d.0FC706CC0059677785171F965047487E.e.2698"}]}
COMMAND: POST /session/50f16edc6deacc6e46419d57199c3d82/element - {"using":"xpath","value":"(//span[contains(@id, \"imgNav\")])[1]"}
COMMAND: GET /session/50f16edc6deacc6e46419d57199c3d82/screenshot - {}
RESULT: {"using":"xpath","value":"(//span[contains(@id, \"imgNav\")])[1]"}
COMMAND: POST /session/50f16edc6deacc6e46419d57199c3d82/element/f.54CFF833D3AC6A681D379AA79D22594A.d.0FC706CC0059677785171F965047487E.e.2696/click - {}
RESULT: {}
RESULT: {}
COMMAND: GET /session/50f16edc6deacc6e46419d57199c3d82/screenshot - {}
RESULT: {}
COMMAND: POST /session/50f16edc6deacc6e46419d57199c3d82/element - {"using":"xpath","value":"//bdi[contains(text(), \"Edit\")]"}
RESULT: {"using":"xpath","value":"//bdi[contains(text(), \"Edit\")]"}
COMMAND: POST /session/50f16edc6deacc6e46419d57199c3d82/element/f.54CFF833D3AC6A681D379AA79D22594A.d.0FC706CC0059677785171F965047487E.e.2838/click - {}
RESULT: {}
COMMAND: GET /session/50f16edc6deacc6e46419d57199c3d82/screenshot - {}
RESULT: {}
COMMAND: POST /session/50f16edc6deacc6e46419d57199c3d82/execute/async - {"script":"<script> [1562 bytes]","args":[{"selector":{"controlType":"sap.m.Input","viewName":"etm.portal.ui.managepartners.view.EditDetail","labelFor":{"text":"Name"},"interaction":{"idSuffix":"inner"}},"wdio_ui5_key":"etmportal.ui.managepartners.view.EditDetailsap.m.Input{\"text\":\"Name\"}"}]}
RESULT: {"script":"<script> [1562 bytes]","args":[{"selector":{"controlType":"sap.m.Input","viewName":"etm.portal.ui.managepartners.view.EditDetail","labelFor":{"text":"Name"},"interaction":{"idSuffix":"inner"}},"wdio_ui5_key":"etmportal.ui.managepartners.view.EditDetailsap.m.Input{\"text\":\"Name\"}"}]}
RESULT: undefined
COMMAND: POST /session/50f16edc6deacc6e46419d57199c3d82/execute/async - {"script":"<script> [776 bytes]","args":[{"enterText":"External EDIT","selector":{"controlType":"sap.m.Input","viewName":"etm.portal.ui.managepartners.view.EditDetail","labelFor":{"text":"Name"},"interaction":{"idSuffix":"inner"}},"clearTextFirst":true,"interactionType":"ENTER_TEXT"}]}
RESULT: {"script":"<script> [776 bytes]","args":[{"enterText":"External EDIT","selector":{"controlType":"sap.m.Input","viewName":"etm.portal.ui.managepartners.view.EditDetail","labelFor":{"text":"Name"},"interaction":{"idSuffix":"inner"}},"clearTextFirst":true,"interactionType":"ENTER_TEXT"}]}
COMMAND: POST /session/50f16edc6deacc6e46419d57199c3d82/element - {"using":"xpath","value":"(//span[contains(@id,\"addressDetailDetailsLanguage-arrow\")])[1]"}
RESULT: {"using":"xpath","value":"(//span[contains(@id,\"addressDetailDetailsLanguage-arrow\")])[1]"}
COMMAND: POST /session/50f16edc6deacc6e46419d57199c3d82/element/f.54CFF833D3AC6A681D379AA79D22594A.d.0FC706CC0059677785171F965047487E.e.2914/click - {}
RESULT: {}
COMMAND: POST /session/50f16edc6deacc6e46419d57199c3d82/element - {"using":"xpath","value":"//span[contains(text(), \"Chinese\")]"}
COMMAND: GET /session/50f16edc6deacc6e46419d57199c3d82/screenshot - {}
RESULT: {"using":"xpath","value":"//span[contains(text(), \"Chinese\")]"}
COMMAND: POST /session/50f16edc6deacc6e46419d57199c3d82/element/f.54CFF833D3AC6A681D379AA79D22594A.d.0FC706CC0059677785171F965047487E.e.2915/click - {}
RESULT: {}
RESULT: {}
COMMAND: GET /session/50f16edc6deacc6e46419d57199c3d82/screenshot - {}
RESULT: {}
COMMAND: POST /session/50f16edc6deacc6e46419d57199c3d82/execute/async - {"script":"<script> [1562 bytes]","args":[{"selector":{"controlType":"sap.m.Input","viewName":"etm.portal.ui.managepartners.view.EditDetail","labelFor":{"text":"City"},"interaction":{"idSuffix":"inner"}},"wdio_ui5_key":"etmportal.ui.managepartners.view.EditDetailsap.m.Input{\"text\":\"City\"}"}]}
RESULT: {"script":"<script> [1562 bytes]","args":[{"selector":{"controlType":"sap.m.Input","viewName":"etm.portal.ui.managepartners.view.EditDetail","labelFor":{"text":"City"},"interaction":{"idSuffix":"inner"}},"wdio_ui5_key":"etmportal.ui.managepartners.view.EditDetailsap.m.Input{\"text\":\"City\"}"}]}
RESULT: undefined
COMMAND: POST /session/50f16edc6deacc6e46419d57199c3d82/execute/async - {"script":"<script> [776 bytes]","args":[{"enterText":"Clooj-Napoca","selector":{"controlType":"sap.m.Input","viewName":"etm.portal.ui.managepartners.view.EditDetail","labelFor":{"text":"City"},"interaction":{"idSuffix":"inner"}},"clearTextFirst":true,"interactionType":"ENTER_TEXT"}]}
RESULT: {"script":"<script> [776 bytes]","args":[{"enterText":"Clooj-Napoca","selector":{"controlType":"sap.m.Input","viewName":"etm.portal.ui.managepartners.view.EditDetail","labelFor":{"text":"City"},"interaction":{"idSuffix":"inner"}},"clearTextFirst":true,"interactionType":"ENTER_TEXT"}]}
COMMAND: POST /session/50f16edc6deacc6e46419d57199c3d82/element - {"using":"xpath","value":"//button[@data-kt=\"saveButton\"]"}
RESULT: {"using":"xpath","value":"//button[@data-kt=\"saveButton\"]"}
COMMAND: POST /session/50f16edc6deacc6e46419d57199c3d82/element/f.54CFF833D3AC6A681D379AA79D22594A.d.0FC706CC0059677785171F965047487E.e.2897/click - {}
RESULT: {}
COMMAND: GET /session/50f16edc6deacc6e46419d57199c3d82/screenshot - {}
RESULT: {}
COMMAND: POST /session/50f16edc6deacc6e46419d57199c3d82/execute/async - {"script":"<script> [1562 bytes]","args":[{"selector":{"id":"application-managepartners-display-component---detailPtm--addressDetailDetailsName1"},"wdio_ui5_key":"applicationmanagepartners-display-component---detailPtm--addressDetailDetailsName1"}]}
RESULT: {"script":"<script> [1562 bytes]","args":[{"selector":{"id":"application-managepartners-display-component---detailPtm--addressDetailDetailsName1"},"wdio_ui5_key":"applicationmanagepartners-display-component---detailPtm--addressDetailDetailsName1"}]}
RESULT: undefined
COMMAND: POST /session/50f16edc6deacc6e46419d57199c3d82/execute/async - {"script":"<script> [6424 bytes]","args":[{"element-6066-11e4-a52e-4f735466cecf":"f.54CFF833D3AC6A681D379AA79D22594A.d.0FC706CC0059677785171F965047487E.e.2946"},"getValue",[]]}
RESULT: {"script":"<script> [6424 bytes]","args":[{"element-6066-11e4-a52e-4f735466cecf":"f.54CFF833D3AC6A681D379AA79D22594A.d.0FC706CC0059677785171F965047487E.e.2946"},"getValue",[]]}
COMMAND: POST /session/50f16edc6deacc6e46419d57199c3d82/element - {"using":"xpath","value":"//input[@id = \"application-managepartners-display-component---detailPtm--addressDetailDetailsLanguage-inner\"]"}
RESULT: {"using":"xpath","value":"//input[@id = \"application-managepartners-display-component---detailPtm--addressDetailDetailsLanguage-inner\"]"}
COMMAND: GET /session/50f16edc6deacc6e46419d57199c3d82/element/f.54CFF833D3AC6A681D379AA79D22594A.d.0FC706CC0059677785171F965047487E.e.2947/property/value - {}
RESULT: {}
COMMAND: POST /session/50f16edc6deacc6e46419d57199c3d82/execute/async - {"script":"<script> [1562 bytes]","args":[{"selector":{"id":"application-managepartners-display-component---detailPtm--addressDetailDetailsCity1"},"wdio_ui5_key":"applicationmanagepartners-display-component---detailPtm--addressDetailDetailsCity1"}]}
COMMAND: GET /session/50f16edc6deacc6e46419d57199c3d82/screenshot - {}
RESULT: {"script":"<script> [1562 bytes]","args":[{"selector":{"id":"application-managepartners-display-component---detailPtm--addressDetailDetailsCity1"},"wdio_ui5_key":"applicationmanagepartners-display-component---detailPtm--addressDetailDetailsCity1"}]}
RESULT: undefined
COMMAND: POST /session/50f16edc6deacc6e46419d57199c3d82/execute/async - {"script":"<script> [6424 bytes]","args":[{"element-6066-11e4-a52e-4f735466cecf":"f.54CFF833D3AC6A681D379AA79D22594A.d.0FC706CC0059677785171F965047487E.e.2948"},"getValue",[]]}
RESULT: {}
RESULT: {"script":"<script> [6424 bytes]","args":[{"element-6066-11e4-a52e-4f735466cecf":"f.54CFF833D3AC6A681D379AA79D22594A.d.0FC706CC0059677785171F965047487E.e.2948"},"getValue",[]]}
COMMAND: POST /session/50f16edc6deacc6e46419d57199c3d82/element - {"using":"css selector","value":"#shell-header-logo"}
RESULT: {"using":"css selector","value":"#shell-header-logo"}
COMMAND: POST /session/50f16edc6deacc6e46419d57199c3d82/element/f.54CFF833D3AC6A681D379AA79D22594A.d.0FC706CC0059677785171F965047487E.e.2517/click - {}
RESULT: {}
COMMAND: GET /session/50f16edc6deacc6e46419d57199c3d82/screenshot - {}
RESULT: {}
]]></system-out>
    </testcase>
    <testcase classname="chrome.136_0_7103_93.windows.Partner_specific_tests_US150819_US151080_US151654_US151176_US103444_US151078_US151079_US151109_US151174_US151175_US151189" name="Should create a new intercompany partner edit some of its fields US151078" time="276.663">
      <system-out><![CDATA[
COMMAND: POST /session/50f16edc6deacc6e46419d57199c3d82/element - {"using":"xpath","value":"//li[.//span[text()=\"Manage Partners\"]]"}
RESULT: {"using":"xpath","value":"//li[.//span[text()=\"Manage Partners\"]]"}
COMMAND: POST /session/50f16edc6deacc6e46419d57199c3d82/element - {"using":"xpath","value":"//li[.//span[text()=\"Manage Partners\"]]"}
RESULT: {"using":"xpath","value":"//li[.//span[text()=\"Manage Partners\"]]"}
COMMAND: POST /session/50f16edc6deacc6e46419d57199c3d82/element - {"using":"css selector","value":"#shell-header-logo"}
RESULT: {"using":"css selector","value":"#shell-header-logo"}
COMMAND: POST /session/50f16edc6deacc6e46419d57199c3d82/element/f.54CFF833D3AC6A681D379AA79D22594A.d.0FC706CC0059677785171F965047487E.e.2979/click - {}
COMMAND: POST /session/50f16edc6deacc6e46419d57199c3d82/execute/sync - {"script":"<script> [8489 bytes]","args":[{"element-6066-11e4-a52e-4f735466cecf":"f.54CFF833D3AC6A681D379AA79D22594A.d.0FC706CC0059677785171F965047487E.e.2979","ELEMENT":"f.54CFF833D3AC6A681D379AA79D22594A.d.0FC706CC0059677785171F965047487E.e.2979"}]}
RESULT: {}
COMMAND: GET /session/50f16edc6deacc6e46419d57199c3d82/screenshot - {}
RESULT: {"script":"<script> [8489 bytes]","args":[{"element-6066-11e4-a52e-4f735466cecf":"f.54CFF833D3AC6A681D379AA79D22594A.d.0FC706CC0059677785171F965047487E.e.2979","ELEMENT":"f.54CFF833D3AC6A681D379AA79D22594A.d.0FC706CC0059677785171F965047487E.e.2979"}]}
COMMAND: POST /session/50f16edc6deacc6e46419d57199c3d82/execute/sync - {"script":"<script> [5351 bytes]","args":[{"element-6066-11e4-a52e-4f735466cecf":"f.54CFF833D3AC6A681D379AA79D22594A.d.0FC706CC0059677785171F965047487E.e.2979","ELEMENT":"f.54CFF833D3AC6A681D379AA79D22594A.d.0FC706CC0059677785171F965047487E.e.2979"}]}
COMMAND: GET /session/50f16edc6deacc6e46419d57199c3d82/screenshot - {}
RESULT: {}
RESULT: {"script":"<script> [5351 bytes]","args":[{"element-6066-11e4-a52e-4f735466cecf":"f.54CFF833D3AC6A681D379AA79D22594A.d.0FC706CC0059677785171F965047487E.e.2979","ELEMENT":"f.54CFF833D3AC6A681D379AA79D22594A.d.0FC706CC0059677785171F965047487E.e.2979"}]}
COMMAND: GET /session/50f16edc6deacc6e46419d57199c3d82/screenshot - {}
RESULT: {}
RESULT: {}
COMMAND: POST /session/50f16edc6deacc6e46419d57199c3d82/refresh - {}
RESULT: {}
COMMAND: GET /session/50f16edc6deacc6e46419d57199c3d82/screenshot - {}
RESULT: {}
COMMAND: POST /session/50f16edc6deacc6e46419d57199c3d82/refresh - {}
RESULT: {}
COMMAND: GET /session/50f16edc6deacc6e46419d57199c3d82/screenshot - {}
RESULT: {}
COMMAND: POST /session/50f16edc6deacc6e46419d57199c3d82/window/fullscreen - {}
RESULT: {}
COMMAND: POST /session/50f16edc6deacc6e46419d57199c3d82/execute/async - {"script":"<script> [189 bytes]","args":[]}
RESULT: {"script":"<script> [189 bytes]","args":[]}
COMMAND: POST /session/50f16edc6deacc6e46419d57199c3d82/execute/async - {"script":"<script> [123 bytes]","args":[]}
RESULT: {"script":"<script> [123 bytes]","args":[]}
COMMAND: POST /session/50f16edc6deacc6e46419d57199c3d82/timeouts - {"script":"<number>"}
RESULT: {"script":"<number>"}
COMMAND: GET /session/50f16edc6deacc6e46419d57199c3d82/timeouts - {}
RESULT: {}
RESULT: undefined
COMMAND: POST /session/50f16edc6deacc6e46419d57199c3d82/execute/async - {"script":"<script> [2676 bytes]","args":[]}
RESULT: {"script":"<script> [2676 bytes]","args":[]}
COMMAND: POST /session/50f16edc6deacc6e46419d57199c3d82/execute/async - {"script":"<script> [2342 bytes]","args":[{"protocol":"http","hostname":"0.0.0.0","path":"/","capabilities":{"browserName":"chrome","goog:chromeOptions":{"binary":"C:\\Program Files\\Google\\Chrome\\Application\\chrome.exe","args":["--start-maximized"]}},"logLevel":"warn","connectionRetryTimeout":120000,"connectionRetryCount":3,"logLevels":{},"enableDirectConnect":true,"strictSSL":true,"_":"65 more keys: [\"cacheDir\",\"port\",\"requestedCapabilities\",\"automationProtocol\",\"baseUrl\",\"waitforInterval\",\"waitforTimeout\",\"onReload\",\"beforeCommand\",\"afterCommand\",\"rootDir\",\"specs\",\"suites\",\"exclude\",\"groupLogsByTestSpec\",\"excludeDriverLogs\",\"bail\",\"framework\",\"reporters\",\"services\",\"maxInstances\",\"maxInstancesPerCapability\",\"injectGlobals\",\"filesToWatch\",\"execArgv\",\"runnerEnv\",\"runner\",\"shard\",\"specFileRetries\",\"specFileRetriesDelay\",\"specFileRetriesDeferred\",\"reporterSyncInterval\",\"reporterSyncTimeout\",\"cucumberFeaturesWithLineNumbers\",\"autoCompileOpts\",\"mochaOpts\",\"jasmineOpts\",\"cucumberOpts\",\"onPrepare\",\"onWorkerStart\",\"onWorkerEnd\",\"before\",\"beforeSession\",\"beforeSuite\",\"beforeHook\",\"beforeTest\",\"afterTest\",\"afterHook\",\"afterSuite\",\"afterSession\",\"after\",\"onComplete\",\"beforeAssertion\",\"afterAssertion\",\"beforeFeature\",\"beforeScenario\",\"beforeStep\",\"afterStep\",\"afterScenario\",\"afterFeature\",\"_\",\"suite\",\"$0\",\"ignoredWorkerServices\",\"wdi5\"]"}]}
RESULT: {"script":"<script> [2342 bytes]","args":[{"protocol":"http","hostname":"0.0.0.0","path":"/","capabilities":{"browserName":"chrome","goog:chromeOptions":{"binary":"C:\\Program Files\\Google\\Chrome\\Application\\chrome.exe","args":["--start-maximized"]}},"logLevel":"warn","connectionRetryTimeout":120000,"connectionRetryCount":3,"logLevels":{},"enableDirectConnect":true,"strictSSL":true,"_":"65 more keys: [\"cacheDir\",\"port\",\"requestedCapabilities\",\"automationProtocol\",\"baseUrl\",\"waitforInterval\",\"waitforTimeout\",\"onReload\",\"beforeCommand\",\"afterCommand\",\"rootDir\",\"specs\",\"suites\",\"exclude\",\"groupLogsByTestSpec\",\"excludeDriverLogs\",\"bail\",\"framework\",\"reporters\",\"services\",\"maxInstances\",\"maxInstancesPerCapability\",\"injectGlobals\",\"filesToWatch\",\"execArgv\",\"runnerEnv\",\"runner\",\"shard\",\"specFileRetries\",\"specFileRetriesDelay\",\"specFileRetriesDeferred\",\"reporterSyncInterval\",\"reporterSyncTimeout\",\"cucumberFeaturesWithLineNumbers\",\"autoCompileOpts\",\"mochaOpts\",\"jasmineOpts\",\"cucumberOpts\",\"onPrepare\",\"onWorkerStart\",\"onWorkerEnd\",\"before\",\"beforeSession\",\"beforeSuite\",\"beforeHook\",\"beforeTest\",\"afterTest\",\"afterHook\",\"afterSuite\",\"afterSession\",\"after\",\"onComplete\",\"beforeAssertion\",\"afterAssertion\",\"beforeFeature\",\"beforeScenario\",\"beforeStep\",\"afterStep\",\"afterScenario\",\"afterFeature\",\"_\",\"suite\",\"$0\",\"ignoredWorkerServices\",\"wdi5\"]"}]}
COMMAND: POST /session/50f16edc6deacc6e46419d57199c3d82/execute/async - {"script":"<script> [21126 bytes]","args":[35000]}
RESULT: {"script":"<script> [21126 bytes]","args":[35000]}
COMMAND: POST /session/50f16edc6deacc6e46419d57199c3d82/window/fullscreen - {}
RESULT: {}
COMMAND: POST /session/50f16edc6deacc6e46419d57199c3d82/window/fullscreen - {}
RESULT: {}
COMMAND: POST /session/50f16edc6deacc6e46419d57199c3d82/execute/async - {"script":"<script> [1562 bytes]","args":[{"selector":{"controlType":"sap.m.GenericTile","properties":{"header":"Manage Partners"}},"wdio_ui5_key":"sapm.GenericTile{\"header\":\"Manage Partners\"}"}]}
RESULT: {"script":"<script> [1562 bytes]","args":[{"selector":{"controlType":"sap.m.GenericTile","properties":{"header":"Manage Partners"}},"wdio_ui5_key":"sapm.GenericTile{\"header\":\"Manage Partners\"}"}]}
RESULT: undefined
COMMAND: POST /session/50f16edc6deacc6e46419d57199c3d82/element - {"using":"xpath","value":"//*[@id=\"__tile30\"]"}
RESULT: {"using":"xpath","value":"//*[@id=\"__tile30\"]"}
COMMAND: POST /session/50f16edc6deacc6e46419d57199c3d82/element/f.54CFF833D3AC6A681D379AA79D22594A.d.C9C8BF4D2CB84E55ED73C5483FE4030C.e.3045/click - {}
RESULT: {}
COMMAND: GET /session/50f16edc6deacc6e46419d57199c3d82/screenshot - {}
RESULT: {}
COMMAND: POST /session/50f16edc6deacc6e46419d57199c3d82/elements - {"using":"xpath","value":"//span[text()='Error']"}
RESULT: {"using":"xpath","value":"//span[text()='Error']"}
COMMAND: POST /session/50f16edc6deacc6e46419d57199c3d82/element - {"using":"xpath","value":"//button[@data-kt=\"addButton\"]"}
RESULT: {"using":"xpath","value":"//button[@data-kt=\"addButton\"]"}
COMMAND: POST /session/50f16edc6deacc6e46419d57199c3d82/elements - {"using":"xpath","value":"//button[@data-kt=\"addButton\"]"}
RESULT: {"using":"xpath","value":"//button[@data-kt=\"addButton\"]"}
COMMAND: POST /session/50f16edc6deacc6e46419d57199c3d82/elements - {"using":"xpath","value":"//button[@data-kt=\"addButton\"]"}
RESULT: {"using":"xpath","value":"//button[@data-kt=\"addButton\"]"}
COMMAND: POST /session/50f16edc6deacc6e46419d57199c3d82/elements - {"using":"xpath","value":"//button[@data-kt=\"addButton\"]"}
RESULT: {"using":"xpath","value":"//button[@data-kt=\"addButton\"]"}
COMMAND: POST /session/50f16edc6deacc6e46419d57199c3d82/elements - {"using":"xpath","value":"//button[@data-kt=\"addButton\"]"}
RESULT: {"using":"xpath","value":"//button[@data-kt=\"addButton\"]"}
COMMAND: POST /session/50f16edc6deacc6e46419d57199c3d82/elements - {"using":"xpath","value":"//button[@data-kt=\"addButton\"]"}
RESULT: {"using":"xpath","value":"//button[@data-kt=\"addButton\"]"}
COMMAND: POST /session/50f16edc6deacc6e46419d57199c3d82/elements - {"using":"xpath","value":"//button[@data-kt=\"addButton\"]"}
RESULT: {"using":"xpath","value":"//button[@data-kt=\"addButton\"]"}
COMMAND: POST /session/50f16edc6deacc6e46419d57199c3d82/element - {"using":"xpath","value":"//button[@data-kt=\"addButton\"]"}
RESULT: {"using":"xpath","value":"//button[@data-kt=\"addButton\"]"}
COMMAND: POST /session/50f16edc6deacc6e46419d57199c3d82/execute/sync - {"script":"<script> [8489 bytes]","args":[{"element-6066-11e4-a52e-4f735466cecf":"f.54CFF833D3AC6A681D379AA79D22594A.d.C9C8BF4D2CB84E55ED73C5483FE4030C.e.3161","ELEMENT":"f.54CFF833D3AC6A681D379AA79D22594A.d.C9C8BF4D2CB84E55ED73C5483FE4030C.e.3161"}]}
RESULT: {"script":"<script> [8489 bytes]","args":[{"element-6066-11e4-a52e-4f735466cecf":"f.54CFF833D3AC6A681D379AA79D22594A.d.C9C8BF4D2CB84E55ED73C5483FE4030C.e.3161","ELEMENT":"f.54CFF833D3AC6A681D379AA79D22594A.d.C9C8BF4D2CB84E55ED73C5483FE4030C.e.3161"}]}
COMMAND: GET /session/50f16edc6deacc6e46419d57199c3d82/element/f.54CFF833D3AC6A681D379AA79D22594A.d.C9C8BF4D2CB84E55ED73C5483FE4030C.e.3161/enabled - {}
COMMAND: GET /session/50f16edc6deacc6e46419d57199c3d82/screenshot - {}
RESULT: {}
COMMAND: POST /session/50f16edc6deacc6e46419d57199c3d82/execute/sync - {"script":"<script> [8489 bytes]","args":[{"element-6066-11e4-a52e-4f735466cecf":"f.54CFF833D3AC6A681D379AA79D22594A.d.C9C8BF4D2CB84E55ED73C5483FE4030C.e.3161","ELEMENT":"f.54CFF833D3AC6A681D379AA79D22594A.d.C9C8BF4D2CB84E55ED73C5483FE4030C.e.3161"}]}
COMMAND: GET /session/50f16edc6deacc6e46419d57199c3d82/screenshot - {}
RESULT: {}
RESULT: {"script":"<script> [8489 bytes]","args":[{"element-6066-11e4-a52e-4f735466cecf":"f.54CFF833D3AC6A681D379AA79D22594A.d.C9C8BF4D2CB84E55ED73C5483FE4030C.e.3161","ELEMENT":"f.54CFF833D3AC6A681D379AA79D22594A.d.C9C8BF4D2CB84E55ED73C5483FE4030C.e.3161"}]}
COMMAND: POST /session/50f16edc6deacc6e46419d57199c3d82/execute/sync - {"script":"<script> [5351 bytes]","args":[{"element-6066-11e4-a52e-4f735466cecf":"f.54CFF833D3AC6A681D379AA79D22594A.d.C9C8BF4D2CB84E55ED73C5483FE4030C.e.3161","ELEMENT":"f.54CFF833D3AC6A681D379AA79D22594A.d.C9C8BF4D2CB84E55ED73C5483FE4030C.e.3161"}]}
COMMAND: GET /session/50f16edc6deacc6e46419d57199c3d82/screenshot - {}
RESULT: {}
RESULT: {"script":"<script> [5351 bytes]","args":[{"element-6066-11e4-a52e-4f735466cecf":"f.54CFF833D3AC6A681D379AA79D22594A.d.C9C8BF4D2CB84E55ED73C5483FE4030C.e.3161","ELEMENT":"f.54CFF833D3AC6A681D379AA79D22594A.d.C9C8BF4D2CB84E55ED73C5483FE4030C.e.3161"}]}
COMMAND: POST /session/50f16edc6deacc6e46419d57199c3d82/element/f.54CFF833D3AC6A681D379AA79D22594A.d.C9C8BF4D2CB84E55ED73C5483FE4030C.e.3161/click - {}
COMMAND: GET /session/50f16edc6deacc6e46419d57199c3d82/screenshot - {}
RESULT: {}
RESULT: {}
COMMAND: GET /session/50f16edc6deacc6e46419d57199c3d82/screenshot - {}
RESULT: {}
RESULT: {}
COMMAND: POST /session/50f16edc6deacc6e46419d57199c3d82/execute/async - {"script":"<script> [1562 bytes]","args":[{"selector":{"id":"application-managepartners-display-component---NewPartner--addressDetailDetailsName1","interaction":{"idSuffix":"inner"}},"wdio_ui5_key":"applicationmanagepartners-display-component---NewPartner--addressDetailDetailsName1"}]}
RESULT: {"script":"<script> [1562 bytes]","args":[{"selector":{"id":"application-managepartners-display-component---NewPartner--addressDetailDetailsName1","interaction":{"idSuffix":"inner"}},"wdio_ui5_key":"applicationmanagepartners-display-component---NewPartner--addressDetailDetailsName1"}]}
RESULT: undefined
COMMAND: POST /session/50f16edc6deacc6e46419d57199c3d82/execute/async - {"script":"<script> [776 bytes]","args":[{"enterText":"Intercompany Partner WDIO","selector":{"id":"application-managepartners-display-component---NewPartner--addressDetailDetailsName1","interaction":{"idSuffix":"inner"}},"clearTextFirst":true,"interactionType":"ENTER_TEXT"}]}
RESULT: {"script":"<script> [776 bytes]","args":[{"enterText":"Intercompany Partner WDIO","selector":{"id":"application-managepartners-display-component---NewPartner--addressDetailDetailsName1","interaction":{"idSuffix":"inner"}},"clearTextFirst":true,"interactionType":"ENTER_TEXT"}]}
COMMAND: POST /session/50f16edc6deacc6e46419d57199c3d82/execute/async - {"script":"<script> [1562 bytes]","args":[{"selector":{"id":"application-managepartners-display-component---NewPartner--addressDetailDetailsLanguage-arrow"},"wdio_ui5_key":"applicationmanagepartners-display-component---NewPartner--addressDetailDetailsLanguage-arrow"}]}
RESULT: {"script":"<script> [1562 bytes]","args":[{"selector":{"id":"application-managepartners-display-component---NewPartner--addressDetailDetailsLanguage-arrow"},"wdio_ui5_key":"applicationmanagepartners-display-component---NewPartner--addressDetailDetailsLanguage-arrow"}]}
RESULT: undefined
COMMAND: POST /session/50f16edc6deacc6e46419d57199c3d82/element - {"using":"xpath","value":"//*[@id=\"application-managepartners-display-component---NewPartner--addressDetailDetailsLanguage-arrow\"]"}
RESULT: {"using":"xpath","value":"//*[@id=\"application-managepartners-display-component---NewPartner--addressDetailDetailsLanguage-arrow\"]"}
COMMAND: POST /session/50f16edc6deacc6e46419d57199c3d82/element/f.54CFF833D3AC6A681D379AA79D22594A.d.C9C8BF4D2CB84E55ED73C5483FE4030C.e.3441/click - {}
RESULT: {}
COMMAND: POST /session/50f16edc6deacc6e46419d57199c3d82/element - {"using":"xpath","value":"//span[contains(text(), \"English\")]"}
COMMAND: GET /session/50f16edc6deacc6e46419d57199c3d82/screenshot - {}
RESULT: {"using":"xpath","value":"//span[contains(text(), \"English\")]"}
COMMAND: POST /session/50f16edc6deacc6e46419d57199c3d82/element/f.54CFF833D3AC6A681D379AA79D22594A.d.C9C8BF4D2CB84E55ED73C5483FE4030C.e.3442/click - {}
RESULT: {}
RESULT: {}
COMMAND: GET /session/50f16edc6deacc6e46419d57199c3d82/screenshot - {}
RESULT: {}
COMMAND: POST /session/50f16edc6deacc6e46419d57199c3d82/execute/async - {"script":"<script> [1562 bytes]","args":[{"selector":{"id":"application-managepartners-display-component---NewPartner--addressDetailDetailsCity1","interaction":{"idSuffix":"inner"}},"wdio_ui5_key":"applicationmanagepartners-display-component---NewPartner--addressDetailDetailsCity1"}]}
RESULT: {"script":"<script> [1562 bytes]","args":[{"selector":{"id":"application-managepartners-display-component---NewPartner--addressDetailDetailsCity1","interaction":{"idSuffix":"inner"}},"wdio_ui5_key":"applicationmanagepartners-display-component---NewPartner--addressDetailDetailsCity1"}]}
RESULT: undefined
COMMAND: POST /session/50f16edc6deacc6e46419d57199c3d82/execute/async - {"script":"<script> [776 bytes]","args":[{"enterText":"Rosario","selector":{"id":"application-managepartners-display-component---NewPartner--addressDetailDetailsCity1","interaction":{"idSuffix":"inner"}},"clearTextFirst":true,"interactionType":"ENTER_TEXT"}]}
RESULT: {"script":"<script> [776 bytes]","args":[{"enterText":"Rosario","selector":{"id":"application-managepartners-display-component---NewPartner--addressDetailDetailsCity1","interaction":{"idSuffix":"inner"}},"clearTextFirst":true,"interactionType":"ENTER_TEXT"}]}
COMMAND: POST /session/50f16edc6deacc6e46419d57199c3d82/execute/async - {"script":"<script> [1562 bytes]","args":[{"selector":{"id":"application-managepartners-display-component---NewPartner--addressDetailDetailsCountry-arrow"},"wdio_ui5_key":"applicationmanagepartners-display-component---NewPartner--addressDetailDetailsCountry-arrow"}]}
RESULT: {"script":"<script> [1562 bytes]","args":[{"selector":{"id":"application-managepartners-display-component---NewPartner--addressDetailDetailsCountry-arrow"},"wdio_ui5_key":"applicationmanagepartners-display-component---NewPartner--addressDetailDetailsCountry-arrow"}]}
RESULT: undefined
COMMAND: POST /session/50f16edc6deacc6e46419d57199c3d82/element - {"using":"xpath","value":"//*[@id=\"application-managepartners-display-component---NewPartner--addressDetailDetailsCountry-arrow\"]"}
RESULT: {"using":"xpath","value":"//*[@id=\"application-managepartners-display-component---NewPartner--addressDetailDetailsCountry-arrow\"]"}
COMMAND: POST /session/50f16edc6deacc6e46419d57199c3d82/element/f.54CFF833D3AC6A681D379AA79D22594A.d.C9C8BF4D2CB84E55ED73C5483FE4030C.e.3282/click - {}
RESULT: {}
COMMAND: POST /session/50f16edc6deacc6e46419d57199c3d82/element - {"using":"xpath","value":"//span[contains(text(), \"Argentina\")]"}
COMMAND: GET /session/50f16edc6deacc6e46419d57199c3d82/screenshot - {}
RESULT: {"using":"xpath","value":"//span[contains(text(), \"Argentina\")]"}
COMMAND: POST /session/50f16edc6deacc6e46419d57199c3d82/element/f.54CFF833D3AC6A681D379AA79D22594A.d.C9C8BF4D2CB84E55ED73C5483FE4030C.e.3444/click - {}
RESULT: {}
RESULT: {}
COMMAND: GET /session/50f16edc6deacc6e46419d57199c3d82/screenshot - {}
RESULT: {}
COMMAND: POST /session/50f16edc6deacc6e46419d57199c3d82/element - {"using":"xpath","value":"//bdi[contains(text(), \"Commercial\")]"}
RESULT: {"using":"xpath","value":"//bdi[contains(text(), \"Commercial\")]"}
COMMAND: POST /session/50f16edc6deacc6e46419d57199c3d82/element/f.54CFF833D3AC6A681D379AA79D22594A.d.C9C8BF4D2CB84E55ED73C5483FE4030C.e.3445/click - {}
RESULT: {}
COMMAND: GET /session/50f16edc6deacc6e46419d57199c3d82/screenshot - {}
RESULT: {}
COMMAND: POST /session/50f16edc6deacc6e46419d57199c3d82/execute/async - {"script":"<script> [1562 bytes]","args":[{"selector":{"id":"application-managepartners-display-component---NewPartner--partnerDetailInternal-arrow"},"wdio_ui5_key":"applicationmanagepartners-display-component---NewPartner--partnerDetailInternal-arrow"}]}
RESULT: {"script":"<script> [1562 bytes]","args":[{"selector":{"id":"application-managepartners-display-component---NewPartner--partnerDetailInternal-arrow"},"wdio_ui5_key":"applicationmanagepartners-display-component---NewPartner--partnerDetailInternal-arrow"}]}
RESULT: undefined
COMMAND: POST /session/50f16edc6deacc6e46419d57199c3d82/element - {"using":"xpath","value":"//*[@id=\"application-managepartners-display-component---NewPartner--partnerDetailInternal-arrow\"]"}
RESULT: {"using":"xpath","value":"//*[@id=\"application-managepartners-display-component---NewPartner--partnerDetailInternal-arrow\"]"}
COMMAND: POST /session/50f16edc6deacc6e46419d57199c3d82/element/f.54CFF833D3AC6A681D379AA79D22594A.d.C9C8BF4D2CB84E55ED73C5483FE4030C.e.3451/click - {}
RESULT: {}
COMMAND: POST /session/50f16edc6deacc6e46419d57199c3d82/element - {"using":"xpath","value":"//span[contains(text(), \"Affiliated company\")]"}
COMMAND: GET /session/50f16edc6deacc6e46419d57199c3d82/screenshot - {}
RESULT: {"using":"xpath","value":"//span[contains(text(), \"Affiliated company\")]"}
COMMAND: POST /session/50f16edc6deacc6e46419d57199c3d82/element/f.54CFF833D3AC6A681D379AA79D22594A.d.C9C8BF4D2CB84E55ED73C5483FE4030C.e.3452/click - {}
RESULT: {}
RESULT: {}
COMMAND: POST /session/50f16edc6deacc6e46419d57199c3d82/execute/async - {"script":"<script> [1562 bytes]","args":[{"selector":{"id":"application-managepartners-display-component---NewPartner--partnerDetailsCurrency-arrow"},"wdio_ui5_key":"applicationmanagepartners-display-component---NewPartner--partnerDetailsCurrency-arrow"}]}
COMMAND: GET /session/50f16edc6deacc6e46419d57199c3d82/screenshot - {}
RESULT: {"script":"<script> [1562 bytes]","args":[{"selector":{"id":"application-managepartners-display-component---NewPartner--partnerDetailsCurrency-arrow"},"wdio_ui5_key":"applicationmanagepartners-display-component---NewPartner--partnerDetailsCurrency-arrow"}]}
RESULT: undefined
COMMAND: POST /session/50f16edc6deacc6e46419d57199c3d82/element - {"using":"xpath","value":"//*[@id=\"application-managepartners-display-component---NewPartner--partnerDetailsCurrency-arrow\"]"}
RESULT: {}
RESULT: {"using":"xpath","value":"//*[@id=\"application-managepartners-display-component---NewPartner--partnerDetailsCurrency-arrow\"]"}
COMMAND: POST /session/50f16edc6deacc6e46419d57199c3d82/element/f.54CFF833D3AC6A681D379AA79D22594A.d.C9C8BF4D2CB84E55ED73C5483FE4030C.e.3459/click - {}
RESULT: {}
COMMAND: POST /session/50f16edc6deacc6e46419d57199c3d82/element - {"using":"xpath","value":"//span[contains(text(), \"Euro\")]"}
COMMAND: GET /session/50f16edc6deacc6e46419d57199c3d82/screenshot - {}
RESULT: {"using":"xpath","value":"//span[contains(text(), \"Euro\")]"}
COMMAND: POST /session/50f16edc6deacc6e46419d57199c3d82/element/f.54CFF833D3AC6A681D379AA79D22594A.d.C9C8BF4D2CB84E55ED73C5483FE4030C.e.3460/click - {}
RESULT: {}
RESULT: {}
COMMAND: POST /session/50f16edc6deacc6e46419d57199c3d82/execute/async - {"script":"<script> [1562 bytes]","args":[{"selector":{"id":"application-managepartners-display-component---NewPartner--addressEditDetailsCostObjectCstType-arrow"},"wdio_ui5_key":"applicationmanagepartners-display-component---NewPartner--addressEditDetailsCostObjectCstType-arrow"}]}
COMMAND: GET /session/50f16edc6deacc6e46419d57199c3d82/screenshot - {}
RESULT: {"script":"<script> [1562 bytes]","args":[{"selector":{"id":"application-managepartners-display-component---NewPartner--addressEditDetailsCostObjectCstType-arrow"},"wdio_ui5_key":"applicationmanagepartners-display-component---NewPartner--addressEditDetailsCostObjectCstType-arrow"}]}
RESULT: undefined
COMMAND: POST /session/50f16edc6deacc6e46419d57199c3d82/element - {"using":"xpath","value":"//*[@id=\"application-managepartners-display-component---NewPartner--addressEditDetailsCostObjectCstType-arrow\"]"}
RESULT: {}
RESULT: {"using":"xpath","value":"//*[@id=\"application-managepartners-display-component---NewPartner--addressEditDetailsCostObjectCstType-arrow\"]"}
COMMAND: POST /session/50f16edc6deacc6e46419d57199c3d82/element/f.54CFF833D3AC6A681D379AA79D22594A.d.C9C8BF4D2CB84E55ED73C5483FE4030C.e.3461/click - {}
RESULT: {}
COMMAND: POST /session/50f16edc6deacc6e46419d57199c3d82/element - {"using":"xpath","value":"//span[contains(text(), \"Cost Center\")]"}
COMMAND: GET /session/50f16edc6deacc6e46419d57199c3d82/screenshot - {}
RESULT: {"using":"xpath","value":"//span[contains(text(), \"Cost Center\")]"}
COMMAND: POST /session/50f16edc6deacc6e46419d57199c3d82/element/f.54CFF833D3AC6A681D379AA79D22594A.d.C9C8BF4D2CB84E55ED73C5483FE4030C.e.3462/click - {}
RESULT: {}
RESULT: {}
COMMAND: GET /session/50f16edc6deacc6e46419d57199c3d82/screenshot - {}
RESULT: {}
COMMAND: POST /session/50f16edc6deacc6e46419d57199c3d82/element - {"using":"xpath","value":"//span[@id=\"application-managepartners-display-component---NewPartner--addressNewCostObjectCstID-vhi\"]"}
RESULT: {"using":"xpath","value":"//span[@id=\"application-managepartners-display-component---NewPartner--addressNewCostObjectCstID-vhi\"]"}
COMMAND: POST /session/50f16edc6deacc6e46419d57199c3d82/execute/sync - {"script":"<script> [8489 bytes]","args":[{"element-6066-11e4-a52e-4f735466cecf":"f.54CFF833D3AC6A681D379AA79D22594A.d.C9C8BF4D2CB84E55ED73C5483FE4030C.e.3466","ELEMENT":"f.54CFF833D3AC6A681D379AA79D22594A.d.C9C8BF4D2CB84E55ED73C5483FE4030C.e.3466"}]}
RESULT: {"script":"<script> [8489 bytes]","args":[{"element-6066-11e4-a52e-4f735466cecf":"f.54CFF833D3AC6A681D379AA79D22594A.d.C9C8BF4D2CB84E55ED73C5483FE4030C.e.3466","ELEMENT":"f.54CFF833D3AC6A681D379AA79D22594A.d.C9C8BF4D2CB84E55ED73C5483FE4030C.e.3466"}]}
COMMAND: POST /session/50f16edc6deacc6e46419d57199c3d82/execute/async - {"script":"<script> [1562 bytes]","args":[{"selector":{"id":"application-managepartners-display-component---NewPartner--addressNewCostObjectCstID-vhi"},"wdio_ui5_key":"applicationmanagepartners-display-component---NewPartner--addressNewCostObjectCstID-vhi"}]}
COMMAND: GET /session/50f16edc6deacc6e46419d57199c3d82/screenshot - {}
RESULT: {"script":"<script> [1562 bytes]","args":[{"selector":{"id":"application-managepartners-display-component---NewPartner--addressNewCostObjectCstID-vhi"},"wdio_ui5_key":"applicationmanagepartners-display-component---NewPartner--addressNewCostObjectCstID-vhi"}]}
RESULT: undefined
COMMAND: POST /session/50f16edc6deacc6e46419d57199c3d82/element - {"using":"xpath","value":"//*[@id=\"application-managepartners-display-component---NewPartner--addressNewCostObjectCstID-vhi\"]"}
RESULT: {}
RESULT: {"using":"xpath","value":"//*[@id=\"application-managepartners-display-component---NewPartner--addressNewCostObjectCstID-vhi\"]"}
COMMAND: POST /session/50f16edc6deacc6e46419d57199c3d82/element/f.54CFF833D3AC6A681D379AA79D22594A.d.C9C8BF4D2CB84E55ED73C5483FE4030C.e.3466/click - {}
RESULT: {}
COMMAND: GET /session/50f16edc6deacc6e46419d57199c3d82/screenshot - {}
RESULT: {}
COMMAND: POST /session/50f16edc6deacc6e46419d57199c3d82/execute/async - {"script":"<script> [1562 bytes]","args":[{"selector":{"controlType":"sap.m.SearchField","properties":{"placeholder":"Search"},"searchOpenDialogs":true,"interaction":{"idSuffix":"I"}},"wdio_ui5_key":"sapm.SearchField{\"placeholder\":\"Search\"}"}]}
RESULT: {"script":"<script> [1562 bytes]","args":[{"selector":{"controlType":"sap.m.SearchField","properties":{"placeholder":"Search"},"searchOpenDialogs":true,"interaction":{"idSuffix":"I"}},"wdio_ui5_key":"sapm.SearchField{\"placeholder\":\"Search\"}"}]}
RESULT: undefined
COMMAND: POST /session/50f16edc6deacc6e46419d57199c3d82/execute/async - {"script":"<script> [776 bytes]","args":[{"enterText":"10001013","selector":{"controlType":"sap.m.SearchField","properties":{"placeholder":"Search"},"searchOpenDialogs":true,"interaction":{"idSuffix":"I"}},"clearTextFirst":true,"interactionType":"ENTER_TEXT"}]}
RESULT: {"script":"<script> [776 bytes]","args":[{"enterText":"10001013","selector":{"controlType":"sap.m.SearchField","properties":{"placeholder":"Search"},"searchOpenDialogs":true,"interaction":{"idSuffix":"I"}},"clearTextFirst":true,"interactionType":"ENTER_TEXT"}]}
COMMAND: POST /session/50f16edc6deacc6e46419d57199c3d82/actions - {"actions":[{"id":"action7","type":"key","parameters":{},"actions":[{"type":"keyDown","value":"î€‡"},{"type":"pause","duration":10},{"type":"keyUp","value":"î€‡"}]}]}
RESULT: {"actions":[{"id":"action7","type":"key","parameters":{},"actions":[{"type":"keyDown","value":"î€‡"},{"type":"pause","duration":10},{"type":"keyUp","value":"î€‡"}]}]}
COMMAND: GET /session/50f16edc6deacc6e46419d57199c3d82/screenshot - {}
RESULT: {}
COMMAND: POST /session/50f16edc6deacc6e46419d57199c3d82/element - {"using":"xpath","value":"//span[contains(text(), \"General Management\")]"}
RESULT: {"using":"xpath","value":"//span[contains(text(), \"General Management\")]"}
COMMAND: POST /session/50f16edc6deacc6e46419d57199c3d82/element/f.54CFF833D3AC6A681D379AA79D22594A.d.C9C8BF4D2CB84E55ED73C5483FE4030C.e.3507/click - {}
RESULT: {}
COMMAND: GET /session/50f16edc6deacc6e46419d57199c3d82/screenshot - {}
RESULT: {}
COMMAND: POST /session/50f16edc6deacc6e46419d57199c3d82/element - {"using":"xpath","value":"//bdi[contains(text(), \"OK\")]"}
RESULT: {"using":"xpath","value":"//bdi[contains(text(), \"OK\")]"}
COMMAND: POST /session/50f16edc6deacc6e46419d57199c3d82/element/f.54CFF833D3AC6A681D379AA79D22594A.d.C9C8BF4D2CB84E55ED73C5483FE4030C.e.3508/click - {}
RESULT: {}
COMMAND: GET /session/50f16edc6deacc6e46419d57199c3d82/screenshot - {}
RESULT: {}
COMMAND: POST /session/50f16edc6deacc6e46419d57199c3d82/element - {"using":"xpath","value":"//input[@id=\"application-managepartners-display-component---NewPartner--companyCodeComboBox-inner\"]"}
RESULT: {"using":"xpath","value":"//input[@id=\"application-managepartners-display-component---NewPartner--companyCodeComboBox-inner\"]"}
COMMAND: POST /session/50f16edc6deacc6e46419d57199c3d82/element/f.54CFF833D3AC6A681D379AA79D22594A.d.C9C8BF4D2CB84E55ED73C5483FE4030C.e.3198/clear - {}
RESULT: {}
COMMAND: POST /session/50f16edc6deacc6e46419d57199c3d82/element/f.54CFF833D3AC6A681D379AA79D22594A.d.C9C8BF4D2CB84E55ED73C5483FE4030C.e.3198/value - {"text":"C002"}
COMMAND: GET /session/50f16edc6deacc6e46419d57199c3d82/screenshot - {}
RESULT: {"text":"C002"}
COMMAND: GET /session/50f16edc6deacc6e46419d57199c3d82/screenshot - {}
RESULT: {}
RESULT: {}
COMMAND: POST /session/50f16edc6deacc6e46419d57199c3d82/element - {"using":"xpath","value":"//li[.//span[text()= \"C002\"]]"}
RESULT: {"using":"xpath","value":"//li[.//span[text()= \"C002\"]]"}
COMMAND: POST /session/50f16edc6deacc6e46419d57199c3d82/element/f.54CFF833D3AC6A681D379AA79D22594A.d.C9C8BF4D2CB84E55ED73C5483FE4030C.e.3514/click - {}
RESULT: {}
COMMAND: GET /session/50f16edc6deacc6e46419d57199c3d82/screenshot - {}
RESULT: {}
COMMAND: POST /session/50f16edc6deacc6e46419d57199c3d82/execute/async - {"script":"<script> [1562 bytes]","args":[{"selector":{"id":"application-managepartners-display-component---NewPartner--btnAddTableRow-img"},"wdio_ui5_key":"applicationmanagepartners-display-component---NewPartner--btnAddTableRow-img"}]}
RESULT: {"script":"<script> [1562 bytes]","args":[{"selector":{"id":"application-managepartners-display-component---NewPartner--btnAddTableRow-img"},"wdio_ui5_key":"applicationmanagepartners-display-component---NewPartner--btnAddTableRow-img"}]}
RESULT: undefined
COMMAND: POST /session/50f16edc6deacc6e46419d57199c3d82/element - {"using":"xpath","value":"//*[@id=\"application-managepartners-display-component---NewPartner--btnAddTableRow-img\"]"}
RESULT: {"using":"xpath","value":"//*[@id=\"application-managepartners-display-component---NewPartner--btnAddTableRow-img\"]"}
COMMAND: POST /session/50f16edc6deacc6e46419d57199c3d82/element/f.54CFF833D3AC6A681D379AA79D22594A.d.C9C8BF4D2CB84E55ED73C5483FE4030C.e.3515/click - {}
RESULT: {}
COMMAND: GET /session/50f16edc6deacc6e46419d57199c3d82/screenshot - {}
RESULT: {}
COMMAND: POST /session/50f16edc6deacc6e46419d57199c3d82/element - {"using":"xpath","value":"//input[@id=\"application-managepartners-display-component---NewPartner--assignmentYard-application-managepartners-display-component---NewPartner--assignmentsTable-0-inner\"]"}
RESULT: {"using":"xpath","value":"//input[@id=\"application-managepartners-display-component---NewPartner--assignmentYard-application-managepartners-display-component---NewPartner--assignmentsTable-0-inner\"]"}
COMMAND: POST /session/50f16edc6deacc6e46419d57199c3d82/element/f.54CFF833D3AC6A681D379AA79D22594A.d.C9C8BF4D2CB84E55ED73C5483FE4030C.e.3518/clear - {}
RESULT: {}
COMMAND: POST /session/50f16edc6deacc6e46419d57199c3d82/element/f.54CFF833D3AC6A681D379AA79D22594A.d.C9C8BF4D2CB84E55ED73C5483FE4030C.e.3518/value - {"text":"480"}
COMMAND: GET /session/50f16edc6deacc6e46419d57199c3d82/screenshot - {}
RESULT: {"text":"480"}
COMMAND: GET /session/50f16edc6deacc6e46419d57199c3d82/screenshot - {}
RESULT: {}
RESULT: {}
COMMAND: POST /session/50f16edc6deacc6e46419d57199c3d82/element - {"using":"xpath","value":"//li[.//span[text()='480']]"}
RESULT: {"using":"xpath","value":"//li[.//span[text()='480']]"}
COMMAND: POST /session/50f16edc6deacc6e46419d57199c3d82/element/f.54CFF833D3AC6A681D379AA79D22594A.d.C9C8BF4D2CB84E55ED73C5483FE4030C.e.3527/click - {}
RESULT: {}
COMMAND: GET /session/50f16edc6deacc6e46419d57199c3d82/screenshot - {}
RESULT: {}
COMMAND: POST /session/50f16edc6deacc6e46419d57199c3d82/actions - {"actions":[{"id":"action8","type":"key","parameters":{},"actions":[{"type":"keyDown","value":"î€‡"},{"type":"pause","duration":10},{"type":"keyUp","value":"î€‡"}]}]}
RESULT: {"actions":[{"id":"action8","type":"key","parameters":{},"actions":[{"type":"keyDown","value":"î€‡"},{"type":"pause","duration":10},{"type":"keyUp","value":"î€‡"}]}]}
COMMAND: POST /session/50f16edc6deacc6e46419d57199c3d82/execute/async - {"script":"<script> [1562 bytes]","args":[{"selector":{"id":"application-managepartners-display-component---NewPartner--externalCustomerComboBox-application-managepartners-display-component---NewPartner--assignmentsTable-0-vhi"},"wdio_ui5_key":"applicationmanagepartners-display-component---NewPartner--externalCustomerComboBox-application-managepartners-display-component---NewPartner--assignmentsTable-0-vhi"}]}
COMMAND: GET /session/50f16edc6deacc6e46419d57199c3d82/screenshot - {}
RESULT: {"script":"<script> [1562 bytes]","args":[{"selector":{"id":"application-managepartners-display-component---NewPartner--externalCustomerComboBox-application-managepartners-display-component---NewPartner--assignmentsTable-0-vhi"},"wdio_ui5_key":"applicationmanagepartners-display-component---NewPartner--externalCustomerComboBox-application-managepartners-display-component---NewPartner--assignmentsTable-0-vhi"}]}
RESULT: undefined
COMMAND: POST /session/50f16edc6deacc6e46419d57199c3d82/element - {"using":"xpath","value":"//*[@id=\"application-managepartners-display-component---NewPartner--externalCustomerComboBox-application-managepartners-display-component---NewPartner--assignmentsTable-0-vhi\"]"}
RESULT: {}
RESULT: {"using":"xpath","value":"//*[@id=\"application-managepartners-display-component---NewPartner--externalCustomerComboBox-application-managepartners-display-component---NewPartner--assignmentsTable-0-vhi\"]"}
COMMAND: POST /session/50f16edc6deacc6e46419d57199c3d82/element/f.54CFF833D3AC6A681D379AA79D22594A.d.C9C8BF4D2CB84E55ED73C5483FE4030C.e.3531/click - {}
RESULT: {}
RESULT: undefined
COMMAND: POST /session/50f16edc6deacc6e46419d57199c3d82/execute/async - {"script":"<script> [776 bytes]","args":[{"enterText":"300003","selector":{"controlType":"sap.m.SearchField","properties":{"placeholder":"Search"},"searchOpenDialogs":true,"interaction":{"idSuffix":"I"}},"clearTextFirst":true,"interactionType":"ENTER_TEXT"}]}
COMMAND: GET /session/50f16edc6deacc6e46419d57199c3d82/screenshot - {}
RESULT: {"script":"<script> [776 bytes]","args":[{"enterText":"300003","selector":{"controlType":"sap.m.SearchField","properties":{"placeholder":"Search"},"searchOpenDialogs":true,"interaction":{"idSuffix":"I"}},"clearTextFirst":true,"interactionType":"ENTER_TEXT"}]}
COMMAND: POST /session/50f16edc6deacc6e46419d57199c3d82/actions - {"actions":[{"id":"action9","type":"key","parameters":{},"actions":[{"type":"keyDown","value":"î€‡"},{"type":"pause","duration":10},{"type":"keyUp","value":"î€‡"}]}]}
RESULT: {}
RESULT: {"actions":[{"id":"action9","type":"key","parameters":{},"actions":[{"type":"keyDown","value":"î€‡"},{"type":"pause","duration":10},{"type":"keyUp","value":"î€‡"}]}]}
COMMAND: GET /session/50f16edc6deacc6e46419d57199c3d82/screenshot - {}
RESULT: {}
COMMAND: POST /session/50f16edc6deacc6e46419d57199c3d82/element - {"using":"xpath","value":"//span[contains(text(), \"300003\")]"}
RESULT: {"using":"xpath","value":"//span[contains(text(), \"300003\")]"}
COMMAND: POST /session/50f16edc6deacc6e46419d57199c3d82/element/f.54CFF833D3AC6A681D379AA79D22594A.d.C9C8BF4D2CB84E55ED73C5483FE4030C.e.3550/click - {}
RESULT: {}
COMMAND: GET /session/50f16edc6deacc6e46419d57199c3d82/screenshot - {}
RESULT: {}
COMMAND: POST /session/50f16edc6deacc6e46419d57199c3d82/element - {"using":"xpath","value":"//bdi[contains(text(), \"OK\")]"}
RESULT: {"using":"xpath","value":"//bdi[contains(text(), \"OK\")]"}
COMMAND: POST /session/50f16edc6deacc6e46419d57199c3d82/element/f.54CFF833D3AC6A681D379AA79D22594A.d.C9C8BF4D2CB84E55ED73C5483FE4030C.e.3552/click - {}
RESULT: {}
COMMAND: GET /session/50f16edc6deacc6e46419d57199c3d82/screenshot - {}
RESULT: {}
COMMAND: POST /session/50f16edc6deacc6e46419d57199c3d82/execute/async - {"script":"<script> [1562 bytes]","args":[{"selector":{"id":"application-managepartners-display-component---NewPartner--intercompVendorComboBox-application-managepartners-display-component---NewPartner--assignmentsTable-0-vhi"},"wdio_ui5_key":"applicationmanagepartners-display-component---NewPartner--intercompVendorComboBox-application-managepartners-display-component---NewPartner--assignmentsTable-0-vhi"}]}
RESULT: {"script":"<script> [1562 bytes]","args":[{"selector":{"id":"application-managepartners-display-component---NewPartner--intercompVendorComboBox-application-managepartners-display-component---NewPartner--assignmentsTable-0-vhi"},"wdio_ui5_key":"applicationmanagepartners-display-component---NewPartner--intercompVendorComboBox-application-managepartners-display-component---NewPartner--assignmentsTable-0-vhi"}]}
RESULT: undefined
COMMAND: POST /session/50f16edc6deacc6e46419d57199c3d82/element - {"using":"xpath","value":"//*[@id=\"application-managepartners-display-component---NewPartner--intercompVendorComboBox-application-managepartners-display-component---NewPartner--assignmentsTable-0-vhi\"]"}
RESULT: {"using":"xpath","value":"//*[@id=\"application-managepartners-display-component---NewPartner--intercompVendorComboBox-application-managepartners-display-component---NewPartner--assignmentsTable-0-vhi\"]"}
COMMAND: POST /session/50f16edc6deacc6e46419d57199c3d82/element/f.54CFF833D3AC6A681D379AA79D22594A.d.C9C8BF4D2CB84E55ED73C5483FE4030C.e.3556/click - {}
RESULT: {}
RESULT: undefined
COMMAND: POST /session/50f16edc6deacc6e46419d57199c3d82/execute/async - {"script":"<script> [776 bytes]","args":[{"enterText":"100005","selector":{"controlType":"sap.m.SearchField","properties":{"placeholder":"Search"},"searchOpenDialogs":true,"interaction":{"idSuffix":"I"}},"clearTextFirst":true,"interactionType":"ENTER_TEXT"}]}
COMMAND: GET /session/50f16edc6deacc6e46419d57199c3d82/screenshot - {}
RESULT: {"script":"<script> [776 bytes]","args":[{"enterText":"100005","selector":{"controlType":"sap.m.SearchField","properties":{"placeholder":"Search"},"searchOpenDialogs":true,"interaction":{"idSuffix":"I"}},"clearTextFirst":true,"interactionType":"ENTER_TEXT"}]}
COMMAND: POST /session/50f16edc6deacc6e46419d57199c3d82/actions - {"actions":[{"id":"action10","type":"key","parameters":{},"actions":[{"type":"keyDown","value":"î€‡"},{"type":"pause","duration":10},{"type":"keyUp","value":"î€‡"}]}]}
RESULT: {}
RESULT: {"actions":[{"id":"action10","type":"key","parameters":{},"actions":[{"type":"keyDown","value":"î€‡"},{"type":"pause","duration":10},{"type":"keyUp","value":"î€‡"}]}]}
COMMAND: GET /session/50f16edc6deacc6e46419d57199c3d82/screenshot - {}
RESULT: {}
COMMAND: POST /session/50f16edc6deacc6e46419d57199c3d82/element - {"using":"xpath","value":"//span[contains(text(), \"Penguins - Field/12345 Berlin\")]"}
RESULT: {"using":"xpath","value":"//span[contains(text(), \"Penguins - Field/12345 Berlin\")]"}
COMMAND: POST /session/50f16edc6deacc6e46419d57199c3d82/element/f.54CFF833D3AC6A681D379AA79D22594A.d.C9C8BF4D2CB84E55ED73C5483FE4030C.e.3576/click - {}
RESULT: {}
COMMAND: GET /session/50f16edc6deacc6e46419d57199c3d82/screenshot - {}
RESULT: {}
COMMAND: POST /session/50f16edc6deacc6e46419d57199c3d82/element - {"using":"xpath","value":"//bdi[contains(text(), \"OK\")]"}
RESULT: {"using":"xpath","value":"//bdi[contains(text(), \"OK\")]"}
COMMAND: POST /session/50f16edc6deacc6e46419d57199c3d82/element/f.54CFF833D3AC6A681D379AA79D22594A.d.C9C8BF4D2CB84E55ED73C5483FE4030C.e.3577/click - {}
RESULT: {}
COMMAND: GET /session/50f16edc6deacc6e46419d57199c3d82/screenshot - {}
RESULT: {}
COMMAND: POST /session/50f16edc6deacc6e46419d57199c3d82/element - {"using":"xpath","value":"//button[@data-kt=\"saveButton\"]"}
RESULT: {"using":"xpath","value":"//button[@data-kt=\"saveButton\"]"}
COMMAND: POST /session/50f16edc6deacc6e46419d57199c3d82/element/f.54CFF833D3AC6A681D379AA79D22594A.d.C9C8BF4D2CB84E55ED73C5483FE4030C.e.3239/click - {}
RESULT: {}
COMMAND: GET /session/50f16edc6deacc6e46419d57199c3d82/screenshot - {}
RESULT: {}
COMMAND: POST /session/50f16edc6deacc6e46419d57199c3d82/element - {"using":"xpath","value":"//header[contains(@id, 'ObjectPageLayout-headerTitle')]/div[1]/div[2]/div[2]/span[1]"}
RESULT: {"using":"xpath","value":"//header[contains(@id, 'ObjectPageLayout-headerTitle')]/div[1]/div[2]/div[2]/span[1]"}
COMMAND: POST /session/50f16edc6deacc6e46419d57199c3d82/elements - {"using":"xpath","value":"//header[contains(@id, 'ObjectPageLayout-headerTitle')]/div[1]/div[2]/div[2]/span[1]"}
RESULT: {"using":"xpath","value":"//header[contains(@id, 'ObjectPageLayout-headerTitle')]/div[1]/div[2]/div[2]/span[1]"}
COMMAND: POST /session/50f16edc6deacc6e46419d57199c3d82/execute/sync - {"script":"<script> [56 bytes]","args":[{"element-6066-11e4-a52e-4f735466cecf":"f.54CFF833D3AC6A681D379AA79D22594A.d.C9C8BF4D2CB84E55ED73C5483FE4030C.e.3742","ELEMENT":"f.54CFF833D3AC6A681D379AA79D22594A.d.C9C8BF4D2CB84E55ED73C5483FE4030C.e.3742"}]}
RESULT: {"script":"<script> [56 bytes]","args":[{"element-6066-11e4-a52e-4f735466cecf":"f.54CFF833D3AC6A681D379AA79D22594A.d.C9C8BF4D2CB84E55ED73C5483FE4030C.e.3742","ELEMENT":"f.54CFF833D3AC6A681D379AA79D22594A.d.C9C8BF4D2CB84E55ED73C5483FE4030C.e.3742"}]}
COMMAND: POST /session/50f16edc6deacc6e46419d57199c3d82/element - {"using":"css selector","value":"#shell-header-logo"}
COMMAND: GET /session/50f16edc6deacc6e46419d57199c3d82/screenshot - {}
RESULT: {}
RESULT: {"using":"css selector","value":"#shell-header-logo"}
COMMAND: POST /session/50f16edc6deacc6e46419d57199c3d82/element/f.54CFF833D3AC6A681D379AA79D22594A.d.C9C8BF4D2CB84E55ED73C5483FE4030C.e.3126/click - {}
RESULT: {}
COMMAND: GET /session/50f16edc6deacc6e46419d57199c3d82/screenshot - {}
RESULT: {}
COMMAND: POST /session/50f16edc6deacc6e46419d57199c3d82/execute/sync - {"script":"<script> [299 bytes]","args":[["getModel","getResource"]]}
RESULT: {"script":"<script> [299 bytes]","args":[["getModel","getResource"]]}
RESULT: undefined
COMMAND: POST /session/50f16edc6deacc6e46419d57199c3d82/element - {"using":"xpath","value":"//*[@id=\"__tile30\"]"}
COMMAND: GET /session/50f16edc6deacc6e46419d57199c3d82/screenshot - {}
RESULT: {"using":"xpath","value":"//*[@id=\"__tile30\"]"}
COMMAND: POST /session/50f16edc6deacc6e46419d57199c3d82/element/f.54CFF833D3AC6A681D379AA79D22594A.d.C9C8BF4D2CB84E55ED73C5483FE4030C.e.3045/click - {}
RESULT: {}
RESULT: {}
COMMAND: GET /session/50f16edc6deacc6e46419d57199c3d82/screenshot - {}
RESULT: {}
COMMAND: POST /session/50f16edc6deacc6e46419d57199c3d82/elements - {"using":"xpath","value":"//span[text()='Error']"}
RESULT: {"using":"xpath","value":"//span[text()='Error']"}
COMMAND: POST /session/50f16edc6deacc6e46419d57199c3d82/element - {"using":"xpath","value":"//button[@data-kt=\"addButton\"]"}
RESULT: {"using":"xpath","value":"//button[@data-kt=\"addButton\"]"}
COMMAND: POST /session/50f16edc6deacc6e46419d57199c3d82/elements - {"using":"xpath","value":"//button[@data-kt=\"addButton\"]"}
RESULT: {"using":"xpath","value":"//button[@data-kt=\"addButton\"]"}
COMMAND: POST /session/50f16edc6deacc6e46419d57199c3d82/execute/sync - {"script":"<script> [8489 bytes]","args":[{"element-6066-11e4-a52e-4f735466cecf":"f.54CFF833D3AC6A681D379AA79D22594A.d.C9C8BF4D2CB84E55ED73C5483FE4030C.e.3789","ELEMENT":"f.54CFF833D3AC6A681D379AA79D22594A.d.C9C8BF4D2CB84E55ED73C5483FE4030C.e.3789"}]}
RESULT: {"script":"<script> [8489 bytes]","args":[{"element-6066-11e4-a52e-4f735466cecf":"f.54CFF833D3AC6A681D379AA79D22594A.d.C9C8BF4D2CB84E55ED73C5483FE4030C.e.3789","ELEMENT":"f.54CFF833D3AC6A681D379AA79D22594A.d.C9C8BF4D2CB84E55ED73C5483FE4030C.e.3789"}]}
COMMAND: GET /session/50f16edc6deacc6e46419d57199c3d82/element/f.54CFF833D3AC6A681D379AA79D22594A.d.C9C8BF4D2CB84E55ED73C5483FE4030C.e.3789/enabled - {}
COMMAND: GET /session/50f16edc6deacc6e46419d57199c3d82/screenshot - {}
RESULT: {}
COMMAND: POST /session/50f16edc6deacc6e46419d57199c3d82/execute/sync - {"script":"<script> [8489 bytes]","args":[{"element-6066-11e4-a52e-4f735466cecf":"f.54CFF833D3AC6A681D379AA79D22594A.d.C9C8BF4D2CB84E55ED73C5483FE4030C.e.3789","ELEMENT":"f.54CFF833D3AC6A681D379AA79D22594A.d.C9C8BF4D2CB84E55ED73C5483FE4030C.e.3789"}]}
COMMAND: GET /session/50f16edc6deacc6e46419d57199c3d82/screenshot - {}
RESULT: {}
RESULT: {"script":"<script> [8489 bytes]","args":[{"element-6066-11e4-a52e-4f735466cecf":"f.54CFF833D3AC6A681D379AA79D22594A.d.C9C8BF4D2CB84E55ED73C5483FE4030C.e.3789","ELEMENT":"f.54CFF833D3AC6A681D379AA79D22594A.d.C9C8BF4D2CB84E55ED73C5483FE4030C.e.3789"}]}
COMMAND: POST /session/50f16edc6deacc6e46419d57199c3d82/execute/sync - {"script":"<script> [5351 bytes]","args":[{"element-6066-11e4-a52e-4f735466cecf":"f.54CFF833D3AC6A681D379AA79D22594A.d.C9C8BF4D2CB84E55ED73C5483FE4030C.e.3789","ELEMENT":"f.54CFF833D3AC6A681D379AA79D22594A.d.C9C8BF4D2CB84E55ED73C5483FE4030C.e.3789"}]}
COMMAND: GET /session/50f16edc6deacc6e46419d57199c3d82/screenshot - {}
RESULT: {}
RESULT: {"script":"<script> [5351 bytes]","args":[{"element-6066-11e4-a52e-4f735466cecf":"f.54CFF833D3AC6A681D379AA79D22594A.d.C9C8BF4D2CB84E55ED73C5483FE4030C.e.3789","ELEMENT":"f.54CFF833D3AC6A681D379AA79D22594A.d.C9C8BF4D2CB84E55ED73C5483FE4030C.e.3789"}]}
COMMAND: GET /session/50f16edc6deacc6e46419d57199c3d82/screenshot - {}
RESULT: {}
RESULT: {}
COMMAND: POST /session/50f16edc6deacc6e46419d57199c3d82/execute/async - {"script":"<script> [1562 bytes]","args":[{"selector":{"id":"application-managepartners-display-component---masterPtm--smartFilterBar-btnBasicSearch","interaction":{"idSuffix":"I"}},"wdio_ui5_key":"applicationmanagepartners-display-component---masterPtm--smartFilterBar-btnBasicSearch"}]}
RESULT: {"script":"<script> [1562 bytes]","args":[{"selector":{"id":"application-managepartners-display-component---masterPtm--smartFilterBar-btnBasicSearch","interaction":{"idSuffix":"I"}},"wdio_ui5_key":"applicationmanagepartners-display-component---masterPtm--smartFilterBar-btnBasicSearch"}]}
RESULT: undefined
COMMAND: POST /session/50f16edc6deacc6e46419d57199c3d82/execute/async - {"script":"<script> [776 bytes]","args":[{"enterText":"1269","selector":{"id":"application-managepartners-display-component---masterPtm--smartFilterBar-btnBasicSearch","interaction":{"idSuffix":"I"}},"clearTextFirst":true,"interactionType":"ENTER_TEXT"}]}
RESULT: {"script":"<script> [776 bytes]","args":[{"enterText":"1269","selector":{"id":"application-managepartners-display-component---masterPtm--smartFilterBar-btnBasicSearch","interaction":{"idSuffix":"I"}},"clearTextFirst":true,"interactionType":"ENTER_TEXT"}]}
COMMAND: POST /session/50f16edc6deacc6e46419d57199c3d82/actions - {"actions":[{"id":"action11","type":"key","parameters":{},"actions":[{"type":"keyDown","value":"î€‡"},{"type":"pause","duration":10},{"type":"keyUp","value":"î€‡"}]}]}
RESULT: {"actions":[{"id":"action11","type":"key","parameters":{},"actions":[{"type":"keyDown","value":"î€‡"},{"type":"pause","duration":10},{"type":"keyUp","value":"î€‡"}]}]}
COMMAND: GET /session/50f16edc6deacc6e46419d57199c3d82/screenshot - {}
RESULT: {}
COMMAND: POST /session/50f16edc6deacc6e46419d57199c3d82/elements - {"using":"xpath","value":"//table[contains(@id, \"customPartnersTable-listUl\")]/tbody/tr"}
RESULT: {"using":"xpath","value":"//table[contains(@id, \"customPartnersTable-listUl\")]/tbody/tr"}
COMMAND: POST /session/50f16edc6deacc6e46419d57199c3d82/element - {"using":"xpath","value":"//table[contains(@id, \"customPartnersTable-listUl\")]/tbody/tr[1]/td[3]/span"}
RESULT: {"using":"xpath","value":"//table[contains(@id, \"customPartnersTable-listUl\")]/tbody/tr[1]/td[3]/span"}
COMMAND: POST /session/50f16edc6deacc6e46419d57199c3d82/elements - {"using":"xpath","value":"//table[contains(@id, \"customPartnersTable-listUl\")]/tbody/tr[1]/td[3]/span"}
RESULT: {"using":"xpath","value":"//table[contains(@id, \"customPartnersTable-listUl\")]/tbody/tr[1]/td[3]/span"}
COMMAND: POST /session/50f16edc6deacc6e46419d57199c3d82/execute/sync - {"script":"<script> [56 bytes]","args":[{"element-6066-11e4-a52e-4f735466cecf":"f.54CFF833D3AC6A681D379AA79D22594A.d.C9C8BF4D2CB84E55ED73C5483FE4030C.e.3924","ELEMENT":"f.54CFF833D3AC6A681D379AA79D22594A.d.C9C8BF4D2CB84E55ED73C5483FE4030C.e.3924"}]}
RESULT: {"script":"<script> [56 bytes]","args":[{"element-6066-11e4-a52e-4f735466cecf":"f.54CFF833D3AC6A681D379AA79D22594A.d.C9C8BF4D2CB84E55ED73C5483FE4030C.e.3924","ELEMENT":"f.54CFF833D3AC6A681D379AA79D22594A.d.C9C8BF4D2CB84E55ED73C5483FE4030C.e.3924"}]}
COMMAND: POST /session/50f16edc6deacc6e46419d57199c3d82/element - {"using":"xpath","value":"(//span[contains(@id, \"imgNav\")])[1]"}
COMMAND: GET /session/50f16edc6deacc6e46419d57199c3d82/screenshot - {}
RESULT: {"using":"xpath","value":"(//span[contains(@id, \"imgNav\")])[1]"}
COMMAND: POST /session/50f16edc6deacc6e46419d57199c3d82/element/f.54CFF833D3AC6A681D379AA79D22594A.d.C9C8BF4D2CB84E55ED73C5483FE4030C.e.3922/click - {}
RESULT: {}
RESULT: {}
COMMAND: GET /session/50f16edc6deacc6e46419d57199c3d82/screenshot - {}
RESULT: {}
COMMAND: POST /session/50f16edc6deacc6e46419d57199c3d82/element - {"using":"xpath","value":"//bdi[contains(text(), \"Edit\")]"}
RESULT: {"using":"xpath","value":"//bdi[contains(text(), \"Edit\")]"}
COMMAND: POST /session/50f16edc6deacc6e46419d57199c3d82/element/f.54CFF833D3AC6A681D379AA79D22594A.d.C9C8BF4D2CB84E55ED73C5483FE4030C.e.4067/click - {}
RESULT: {}
COMMAND: GET /session/50f16edc6deacc6e46419d57199c3d82/screenshot - {}
RESULT: {}
COMMAND: POST /session/50f16edc6deacc6e46419d57199c3d82/execute/async - {"script":"<script> [1562 bytes]","args":[{"selector":{"controlType":"sap.m.Input","viewName":"etm.portal.ui.managepartners.view.EditDetail","labelFor":{"text":"Name"},"interaction":{"idSuffix":"inner"}},"wdio_ui5_key":"etmportal.ui.managepartners.view.EditDetailsap.m.Input{\"text\":\"Name\"}"}]}
RESULT: {"script":"<script> [1562 bytes]","args":[{"selector":{"controlType":"sap.m.Input","viewName":"etm.portal.ui.managepartners.view.EditDetail","labelFor":{"text":"Name"},"interaction":{"idSuffix":"inner"}},"wdio_ui5_key":"etmportal.ui.managepartners.view.EditDetailsap.m.Input{\"text\":\"Name\"}"}]}
RESULT: undefined
COMMAND: POST /session/50f16edc6deacc6e46419d57199c3d82/execute/async - {"script":"<script> [776 bytes]","args":[{"enterText":"Intercompany EDIT","selector":{"controlType":"sap.m.Input","viewName":"etm.portal.ui.managepartners.view.EditDetail","labelFor":{"text":"Name"},"interaction":{"idSuffix":"inner"}},"clearTextFirst":true,"interactionType":"ENTER_TEXT"}]}
RESULT: {"script":"<script> [776 bytes]","args":[{"enterText":"Intercompany EDIT","selector":{"controlType":"sap.m.Input","viewName":"etm.portal.ui.managepartners.view.EditDetail","labelFor":{"text":"Name"},"interaction":{"idSuffix":"inner"}},"clearTextFirst":true,"interactionType":"ENTER_TEXT"}]}
COMMAND: POST /session/50f16edc6deacc6e46419d57199c3d82/element - {"using":"xpath","value":"(//span[contains(@id,\"addressDetailDetailsLanguage-arrow\")])[1]"}
RESULT: {"using":"xpath","value":"(//span[contains(@id,\"addressDetailDetailsLanguage-arrow\")])[1]"}
COMMAND: POST /session/50f16edc6deacc6e46419d57199c3d82/element/f.54CFF833D3AC6A681D379AA79D22594A.d.C9C8BF4D2CB84E55ED73C5483FE4030C.e.4149/click - {}
RESULT: {}
COMMAND: POST /session/50f16edc6deacc6e46419d57199c3d82/element - {"using":"xpath","value":"//span[contains(text(), \"Chinese\")]"}
COMMAND: GET /session/50f16edc6deacc6e46419d57199c3d82/screenshot - {}
RESULT: {"using":"xpath","value":"//span[contains(text(), \"Chinese\")]"}
COMMAND: POST /session/50f16edc6deacc6e46419d57199c3d82/element/f.54CFF833D3AC6A681D379AA79D22594A.d.C9C8BF4D2CB84E55ED73C5483FE4030C.e.4150/click - {}
RESULT: {}
RESULT: {}
COMMAND: GET /session/50f16edc6deacc6e46419d57199c3d82/screenshot - {}
RESULT: {}
COMMAND: POST /session/50f16edc6deacc6e46419d57199c3d82/execute/async - {"script":"<script> [1562 bytes]","args":[{"selector":{"controlType":"sap.m.Input","viewName":"etm.portal.ui.managepartners.view.EditDetail","labelFor":{"text":"City"},"interaction":{"idSuffix":"inner"}},"wdio_ui5_key":"etmportal.ui.managepartners.view.EditDetailsap.m.Input{\"text\":\"City\"}"}]}
RESULT: {"script":"<script> [1562 bytes]","args":[{"selector":{"controlType":"sap.m.Input","viewName":"etm.portal.ui.managepartners.view.EditDetail","labelFor":{"text":"City"},"interaction":{"idSuffix":"inner"}},"wdio_ui5_key":"etmportal.ui.managepartners.view.EditDetailsap.m.Input{\"text\":\"City\"}"}]}
RESULT: undefined
COMMAND: POST /session/50f16edc6deacc6e46419d57199c3d82/execute/async - {"script":"<script> [776 bytes]","args":[{"enterText":"Clooj-Napoca","selector":{"controlType":"sap.m.Input","viewName":"etm.portal.ui.managepartners.view.EditDetail","labelFor":{"text":"City"},"interaction":{"idSuffix":"inner"}},"clearTextFirst":true,"interactionType":"ENTER_TEXT"}]}
RESULT: {"script":"<script> [776 bytes]","args":[{"enterText":"Clooj-Napoca","selector":{"controlType":"sap.m.Input","viewName":"etm.portal.ui.managepartners.view.EditDetail","labelFor":{"text":"City"},"interaction":{"idSuffix":"inner"}},"clearTextFirst":true,"interactionType":"ENTER_TEXT"}]}
COMMAND: POST /session/50f16edc6deacc6e46419d57199c3d82/element - {"using":"xpath","value":"//button[@data-kt=\"saveButton\"]"}
RESULT: {"using":"xpath","value":"//button[@data-kt=\"saveButton\"]"}
COMMAND: POST /session/50f16edc6deacc6e46419d57199c3d82/element/f.54CFF833D3AC6A681D379AA79D22594A.d.C9C8BF4D2CB84E55ED73C5483FE4030C.e.4126/click - {}
RESULT: {}
COMMAND: GET /session/50f16edc6deacc6e46419d57199c3d82/screenshot - {}
RESULT: {}
COMMAND: POST /session/50f16edc6deacc6e46419d57199c3d82/execute/async - {"script":"<script> [1562 bytes]","args":[{"selector":{"id":"application-managepartners-display-component---detailPtm--addressDetailDetailsName1"},"wdio_ui5_key":"applicationmanagepartners-display-component---detailPtm--addressDetailDetailsName1"}]}
RESULT: {"script":"<script> [1562 bytes]","args":[{"selector":{"id":"application-managepartners-display-component---detailPtm--addressDetailDetailsName1"},"wdio_ui5_key":"applicationmanagepartners-display-component---detailPtm--addressDetailDetailsName1"}]}
RESULT: undefined
COMMAND: POST /session/50f16edc6deacc6e46419d57199c3d82/execute/async - {"script":"<script> [6424 bytes]","args":[{"element-6066-11e4-a52e-4f735466cecf":"f.54CFF833D3AC6A681D379AA79D22594A.d.C9C8BF4D2CB84E55ED73C5483FE4030C.e.4181"},"getValue",[]]}
RESULT: {"script":"<script> [6424 bytes]","args":[{"element-6066-11e4-a52e-4f735466cecf":"f.54CFF833D3AC6A681D379AA79D22594A.d.C9C8BF4D2CB84E55ED73C5483FE4030C.e.4181"},"getValue",[]]}
COMMAND: POST /session/50f16edc6deacc6e46419d57199c3d82/element - {"using":"xpath","value":"//input[@id = \"application-managepartners-display-component---detailPtm--addressDetailDetailsLanguage-inner\"]"}
RESULT: {"using":"xpath","value":"//input[@id = \"application-managepartners-display-component---detailPtm--addressDetailDetailsLanguage-inner\"]"}
COMMAND: GET /session/50f16edc6deacc6e46419d57199c3d82/element/f.54CFF833D3AC6A681D379AA79D22594A.d.C9C8BF4D2CB84E55ED73C5483FE4030C.e.4182/property/value - {}
RESULT: {}
COMMAND: POST /session/50f16edc6deacc6e46419d57199c3d82/execute/async - {"script":"<script> [1562 bytes]","args":[{"selector":{"id":"application-managepartners-display-component---detailPtm--addressDetailDetailsCity1"},"wdio_ui5_key":"applicationmanagepartners-display-component---detailPtm--addressDetailDetailsCity1"}]}
COMMAND: GET /session/50f16edc6deacc6e46419d57199c3d82/screenshot - {}
RESULT: {"script":"<script> [1562 bytes]","args":[{"selector":{"id":"application-managepartners-display-component---detailPtm--addressDetailDetailsCity1"},"wdio_ui5_key":"applicationmanagepartners-display-component---detailPtm--addressDetailDetailsCity1"}]}
RESULT: undefined
COMMAND: POST /session/50f16edc6deacc6e46419d57199c3d82/execute/async - {"script":"<script> [6424 bytes]","args":[{"element-6066-11e4-a52e-4f735466cecf":"f.54CFF833D3AC6A681D379AA79D22594A.d.C9C8BF4D2CB84E55ED73C5483FE4030C.e.4183"},"getValue",[]]}
RESULT: {}
RESULT: {"script":"<script> [6424 bytes]","args":[{"element-6066-11e4-a52e-4f735466cecf":"f.54CFF833D3AC6A681D379AA79D22594A.d.C9C8BF4D2CB84E55ED73C5483FE4030C.e.4183"},"getValue",[]]}
COMMAND: POST /session/50f16edc6deacc6e46419d57199c3d82/element - {"using":"css selector","value":"#shell-header-logo"}
RESULT: {"using":"css selector","value":"#shell-header-logo"}
COMMAND: POST /session/50f16edc6deacc6e46419d57199c3d82/element/f.54CFF833D3AC6A681D379AA79D22594A.d.C9C8BF4D2CB84E55ED73C5483FE4030C.e.3745/click - {}
RESULT: {}
COMMAND: GET /session/50f16edc6deacc6e46419d57199c3d82/screenshot - {}
RESULT: {}
]]></system-out>
    </testcase>
    <testcase classname="chrome.136_0_7103_93.windows.Partner_specific_tests_US150819_US151080_US151654_US151176_US103444_US151078_US151079_US151109_US151174_US151175_US151189" name="Should create a new intracompany partner edit some of its fields US151079" time="296.371">
      <system-out><![CDATA[
COMMAND: POST /session/50f16edc6deacc6e46419d57199c3d82/element - {"using":"xpath","value":"//li[.//span[text()=\"Manage Partners\"]]"}
RESULT: {"using":"xpath","value":"//li[.//span[text()=\"Manage Partners\"]]"}
COMMAND: POST /session/50f16edc6deacc6e46419d57199c3d82/element - {"using":"xpath","value":"//li[.//span[text()=\"Manage Partners\"]]"}
RESULT: {"using":"xpath","value":"//li[.//span[text()=\"Manage Partners\"]]"}
COMMAND: POST /session/50f16edc6deacc6e46419d57199c3d82/element - {"using":"css selector","value":"#shell-header-logo"}
RESULT: {"using":"css selector","value":"#shell-header-logo"}
COMMAND: POST /session/50f16edc6deacc6e46419d57199c3d82/element/f.54CFF833D3AC6A681D379AA79D22594A.d.C9C8BF4D2CB84E55ED73C5483FE4030C.e.4214/click - {}
COMMAND: POST /session/50f16edc6deacc6e46419d57199c3d82/execute/sync - {"script":"<script> [8489 bytes]","args":[{"element-6066-11e4-a52e-4f735466cecf":"f.54CFF833D3AC6A681D379AA79D22594A.d.C9C8BF4D2CB84E55ED73C5483FE4030C.e.4214","ELEMENT":"f.54CFF833D3AC6A681D379AA79D22594A.d.C9C8BF4D2CB84E55ED73C5483FE4030C.e.4214"}]}
RESULT: {}
COMMAND: GET /session/50f16edc6deacc6e46419d57199c3d82/screenshot - {}
RESULT: {"script":"<script> [8489 bytes]","args":[{"element-6066-11e4-a52e-4f735466cecf":"f.54CFF833D3AC6A681D379AA79D22594A.d.C9C8BF4D2CB84E55ED73C5483FE4030C.e.4214","ELEMENT":"f.54CFF833D3AC6A681D379AA79D22594A.d.C9C8BF4D2CB84E55ED73C5483FE4030C.e.4214"}]}
COMMAND: POST /session/50f16edc6deacc6e46419d57199c3d82/execute/sync - {"script":"<script> [5351 bytes]","args":[{"element-6066-11e4-a52e-4f735466cecf":"f.54CFF833D3AC6A681D379AA79D22594A.d.C9C8BF4D2CB84E55ED73C5483FE4030C.e.4214","ELEMENT":"f.54CFF833D3AC6A681D379AA79D22594A.d.C9C8BF4D2CB84E55ED73C5483FE4030C.e.4214"}]}
COMMAND: GET /session/50f16edc6deacc6e46419d57199c3d82/screenshot - {}
RESULT: {}
RESULT: {"script":"<script> [5351 bytes]","args":[{"element-6066-11e4-a52e-4f735466cecf":"f.54CFF833D3AC6A681D379AA79D22594A.d.C9C8BF4D2CB84E55ED73C5483FE4030C.e.4214","ELEMENT":"f.54CFF833D3AC6A681D379AA79D22594A.d.C9C8BF4D2CB84E55ED73C5483FE4030C.e.4214"}]}
COMMAND: GET /session/50f16edc6deacc6e46419d57199c3d82/screenshot - {}
RESULT: {}
RESULT: {}
COMMAND: POST /session/50f16edc6deacc6e46419d57199c3d82/refresh - {}
RESULT: {}
COMMAND: GET /session/50f16edc6deacc6e46419d57199c3d82/screenshot - {}
RESULT: {}
COMMAND: POST /session/50f16edc6deacc6e46419d57199c3d82/refresh - {}
RESULT: {}
COMMAND: GET /session/50f16edc6deacc6e46419d57199c3d82/screenshot - {}
RESULT: {}
COMMAND: POST /session/50f16edc6deacc6e46419d57199c3d82/window/fullscreen - {}
RESULT: {}
COMMAND: POST /session/50f16edc6deacc6e46419d57199c3d82/execute/async - {"script":"<script> [189 bytes]","args":[]}
RESULT: {"script":"<script> [189 bytes]","args":[]}
COMMAND: POST /session/50f16edc6deacc6e46419d57199c3d82/execute/async - {"script":"<script> [123 bytes]","args":[]}
RESULT: {"script":"<script> [123 bytes]","args":[]}
COMMAND: POST /session/50f16edc6deacc6e46419d57199c3d82/timeouts - {"script":"<number>"}
RESULT: {"script":"<number>"}
COMMAND: GET /session/50f16edc6deacc6e46419d57199c3d82/timeouts - {}
RESULT: {}
RESULT: undefined
COMMAND: POST /session/50f16edc6deacc6e46419d57199c3d82/execute/async - {"script":"<script> [2676 bytes]","args":[]}
RESULT: {"script":"<script> [2676 bytes]","args":[]}
COMMAND: POST /session/50f16edc6deacc6e46419d57199c3d82/execute/async - {"script":"<script> [2342 bytes]","args":[{"protocol":"http","hostname":"0.0.0.0","path":"/","capabilities":{"browserName":"chrome","goog:chromeOptions":{"binary":"C:\\Program Files\\Google\\Chrome\\Application\\chrome.exe","args":["--start-maximized"]}},"logLevel":"warn","connectionRetryTimeout":120000,"connectionRetryCount":3,"logLevels":{},"enableDirectConnect":true,"strictSSL":true,"_":"65 more keys: [\"cacheDir\",\"port\",\"requestedCapabilities\",\"automationProtocol\",\"baseUrl\",\"waitforInterval\",\"waitforTimeout\",\"onReload\",\"beforeCommand\",\"afterCommand\",\"rootDir\",\"specs\",\"suites\",\"exclude\",\"groupLogsByTestSpec\",\"excludeDriverLogs\",\"bail\",\"framework\",\"reporters\",\"services\",\"maxInstances\",\"maxInstancesPerCapability\",\"injectGlobals\",\"filesToWatch\",\"execArgv\",\"runnerEnv\",\"runner\",\"shard\",\"specFileRetries\",\"specFileRetriesDelay\",\"specFileRetriesDeferred\",\"reporterSyncInterval\",\"reporterSyncTimeout\",\"cucumberFeaturesWithLineNumbers\",\"autoCompileOpts\",\"mochaOpts\",\"jasmineOpts\",\"cucumberOpts\",\"onPrepare\",\"onWorkerStart\",\"onWorkerEnd\",\"before\",\"beforeSession\",\"beforeSuite\",\"beforeHook\",\"beforeTest\",\"afterTest\",\"afterHook\",\"afterSuite\",\"afterSession\",\"after\",\"onComplete\",\"beforeAssertion\",\"afterAssertion\",\"beforeFeature\",\"beforeScenario\",\"beforeStep\",\"afterStep\",\"afterScenario\",\"afterFeature\",\"_\",\"suite\",\"$0\",\"ignoredWorkerServices\",\"wdi5\"]"}]}
RESULT: {"script":"<script> [2342 bytes]","args":[{"protocol":"http","hostname":"0.0.0.0","path":"/","capabilities":{"browserName":"chrome","goog:chromeOptions":{"binary":"C:\\Program Files\\Google\\Chrome\\Application\\chrome.exe","args":["--start-maximized"]}},"logLevel":"warn","connectionRetryTimeout":120000,"connectionRetryCount":3,"logLevels":{},"enableDirectConnect":true,"strictSSL":true,"_":"65 more keys: [\"cacheDir\",\"port\",\"requestedCapabilities\",\"automationProtocol\",\"baseUrl\",\"waitforInterval\",\"waitforTimeout\",\"onReload\",\"beforeCommand\",\"afterCommand\",\"rootDir\",\"specs\",\"suites\",\"exclude\",\"groupLogsByTestSpec\",\"excludeDriverLogs\",\"bail\",\"framework\",\"reporters\",\"services\",\"maxInstances\",\"maxInstancesPerCapability\",\"injectGlobals\",\"filesToWatch\",\"execArgv\",\"runnerEnv\",\"runner\",\"shard\",\"specFileRetries\",\"specFileRetriesDelay\",\"specFileRetriesDeferred\",\"reporterSyncInterval\",\"reporterSyncTimeout\",\"cucumberFeaturesWithLineNumbers\",\"autoCompileOpts\",\"mochaOpts\",\"jasmineOpts\",\"cucumberOpts\",\"onPrepare\",\"onWorkerStart\",\"onWorkerEnd\",\"before\",\"beforeSession\",\"beforeSuite\",\"beforeHook\",\"beforeTest\",\"afterTest\",\"afterHook\",\"afterSuite\",\"afterSession\",\"after\",\"onComplete\",\"beforeAssertion\",\"afterAssertion\",\"beforeFeature\",\"beforeScenario\",\"beforeStep\",\"afterStep\",\"afterScenario\",\"afterFeature\",\"_\",\"suite\",\"$0\",\"ignoredWorkerServices\",\"wdi5\"]"}]}
COMMAND: POST /session/50f16edc6deacc6e46419d57199c3d82/execute/async - {"script":"<script> [21126 bytes]","args":[35000]}
RESULT: {"script":"<script> [21126 bytes]","args":[35000]}
COMMAND: POST /session/50f16edc6deacc6e46419d57199c3d82/window/fullscreen - {}
RESULT: {}
COMMAND: POST /session/50f16edc6deacc6e46419d57199c3d82/window/fullscreen - {}
RESULT: {}
COMMAND: POST /session/50f16edc6deacc6e46419d57199c3d82/execute/async - {"script":"<script> [1562 bytes]","args":[{"selector":{"controlType":"sap.m.GenericTile","properties":{"header":"Manage Partners"}},"wdio_ui5_key":"sapm.GenericTile{\"header\":\"Manage Partners\"}"}]}
RESULT: {"script":"<script> [1562 bytes]","args":[{"selector":{"controlType":"sap.m.GenericTile","properties":{"header":"Manage Partners"}},"wdio_ui5_key":"sapm.GenericTile{\"header\":\"Manage Partners\"}"}]}
RESULT: undefined
COMMAND: POST /session/50f16edc6deacc6e46419d57199c3d82/element - {"using":"xpath","value":"//*[@id=\"__tile30\"]"}
RESULT: {"using":"xpath","value":"//*[@id=\"__tile30\"]"}
COMMAND: POST /session/50f16edc6deacc6e46419d57199c3d82/element/f.54CFF833D3AC6A681D379AA79D22594A.d.B435F36FDF831FE94AC8EA697C93B616.e.4282/click - {}
RESULT: {}
COMMAND: GET /session/50f16edc6deacc6e46419d57199c3d82/screenshot - {}
RESULT: {}
COMMAND: POST /session/50f16edc6deacc6e46419d57199c3d82/elements - {"using":"xpath","value":"//span[text()='Error']"}
RESULT: {"using":"xpath","value":"//span[text()='Error']"}
COMMAND: POST /session/50f16edc6deacc6e46419d57199c3d82/element - {"using":"xpath","value":"//button[@data-kt=\"addButton\"]"}
RESULT: {"using":"xpath","value":"//button[@data-kt=\"addButton\"]"}
COMMAND: POST /session/50f16edc6deacc6e46419d57199c3d82/elements - {"using":"xpath","value":"//button[@data-kt=\"addButton\"]"}
RESULT: {"using":"xpath","value":"//button[@data-kt=\"addButton\"]"}
COMMAND: POST /session/50f16edc6deacc6e46419d57199c3d82/elements - {"using":"xpath","value":"//button[@data-kt=\"addButton\"]"}
RESULT: {"using":"xpath","value":"//button[@data-kt=\"addButton\"]"}
COMMAND: POST /session/50f16edc6deacc6e46419d57199c3d82/elements - {"using":"xpath","value":"//button[@data-kt=\"addButton\"]"}
RESULT: {"using":"xpath","value":"//button[@data-kt=\"addButton\"]"}
COMMAND: POST /session/50f16edc6deacc6e46419d57199c3d82/elements - {"using":"xpath","value":"//button[@data-kt=\"addButton\"]"}
RESULT: {"using":"xpath","value":"//button[@data-kt=\"addButton\"]"}
COMMAND: POST /session/50f16edc6deacc6e46419d57199c3d82/elements - {"using":"xpath","value":"//button[@data-kt=\"addButton\"]"}
RESULT: {"using":"xpath","value":"//button[@data-kt=\"addButton\"]"}
COMMAND: POST /session/50f16edc6deacc6e46419d57199c3d82/elements - {"using":"xpath","value":"//button[@data-kt=\"addButton\"]"}
RESULT: {"using":"xpath","value":"//button[@data-kt=\"addButton\"]"}
COMMAND: POST /session/50f16edc6deacc6e46419d57199c3d82/elements - {"using":"xpath","value":"//button[@data-kt=\"addButton\"]"}
RESULT: {"using":"xpath","value":"//button[@data-kt=\"addButton\"]"}
COMMAND: POST /session/50f16edc6deacc6e46419d57199c3d82/elements - {"using":"xpath","value":"//button[@data-kt=\"addButton\"]"}
RESULT: {"using":"xpath","value":"//button[@data-kt=\"addButton\"]"}
COMMAND: POST /session/50f16edc6deacc6e46419d57199c3d82/elements - {"using":"xpath","value":"//button[@data-kt=\"addButton\"]"}
RESULT: {"using":"xpath","value":"//button[@data-kt=\"addButton\"]"}
COMMAND: POST /session/50f16edc6deacc6e46419d57199c3d82/elements - {"using":"xpath","value":"//button[@data-kt=\"addButton\"]"}
RESULT: {"using":"xpath","value":"//button[@data-kt=\"addButton\"]"}
COMMAND: POST /session/50f16edc6deacc6e46419d57199c3d82/elements - {"using":"xpath","value":"//button[@data-kt=\"addButton\"]"}
RESULT: {"using":"xpath","value":"//button[@data-kt=\"addButton\"]"}
COMMAND: POST /session/50f16edc6deacc6e46419d57199c3d82/elements - {"using":"xpath","value":"//button[@data-kt=\"addButton\"]"}
RESULT: {"using":"xpath","value":"//button[@data-kt=\"addButton\"]"}
COMMAND: POST /session/50f16edc6deacc6e46419d57199c3d82/elements - {"using":"xpath","value":"//button[@data-kt=\"addButton\"]"}
RESULT: {"using":"xpath","value":"//button[@data-kt=\"addButton\"]"}
COMMAND: POST /session/50f16edc6deacc6e46419d57199c3d82/elements - {"using":"xpath","value":"//button[@data-kt=\"addButton\"]"}
RESULT: {"using":"xpath","value":"//button[@data-kt=\"addButton\"]"}
COMMAND: POST /session/50f16edc6deacc6e46419d57199c3d82/elements - {"using":"xpath","value":"//button[@data-kt=\"addButton\"]"}
RESULT: {"using":"xpath","value":"//button[@data-kt=\"addButton\"]"}
COMMAND: POST /session/50f16edc6deacc6e46419d57199c3d82/elements - {"using":"xpath","value":"//button[@data-kt=\"addButton\"]"}
RESULT: {"using":"xpath","value":"//button[@data-kt=\"addButton\"]"}
COMMAND: POST /session/50f16edc6deacc6e46419d57199c3d82/elements - {"using":"xpath","value":"//button[@data-kt=\"addButton\"]"}
RESULT: {"using":"xpath","value":"//button[@data-kt=\"addButton\"]"}
COMMAND: POST /session/50f16edc6deacc6e46419d57199c3d82/elements - {"using":"xpath","value":"//button[@data-kt=\"addButton\"]"}
RESULT: {"using":"xpath","value":"//button[@data-kt=\"addButton\"]"}
COMMAND: POST /session/50f16edc6deacc6e46419d57199c3d82/elements - {"using":"xpath","value":"//button[@data-kt=\"addButton\"]"}
RESULT: {"using":"xpath","value":"//button[@data-kt=\"addButton\"]"}
COMMAND: POST /session/50f16edc6deacc6e46419d57199c3d82/elements - {"using":"xpath","value":"//button[@data-kt=\"addButton\"]"}
RESULT: {"using":"xpath","value":"//button[@data-kt=\"addButton\"]"}
COMMAND: POST /session/50f16edc6deacc6e46419d57199c3d82/elements - {"using":"xpath","value":"//button[@data-kt=\"addButton\"]"}
RESULT: {"using":"xpath","value":"//button[@data-kt=\"addButton\"]"}
COMMAND: POST /session/50f16edc6deacc6e46419d57199c3d82/elements - {"using":"xpath","value":"//button[@data-kt=\"addButton\"]"}
RESULT: {"using":"xpath","value":"//button[@data-kt=\"addButton\"]"}
COMMAND: POST /session/50f16edc6deacc6e46419d57199c3d82/elements - {"using":"xpath","value":"//button[@data-kt=\"addButton\"]"}
RESULT: {"using":"xpath","value":"//button[@data-kt=\"addButton\"]"}
COMMAND: POST /session/50f16edc6deacc6e46419d57199c3d82/elements - {"using":"xpath","value":"//button[@data-kt=\"addButton\"]"}
RESULT: {"using":"xpath","value":"//button[@data-kt=\"addButton\"]"}
COMMAND: POST /session/50f16edc6deacc6e46419d57199c3d82/elements - {"using":"xpath","value":"//button[@data-kt=\"addButton\"]"}
RESULT: {"using":"xpath","value":"//button[@data-kt=\"addButton\"]"}
COMMAND: POST /session/50f16edc6deacc6e46419d57199c3d82/elements - {"using":"xpath","value":"//button[@data-kt=\"addButton\"]"}
RESULT: {"using":"xpath","value":"//button[@data-kt=\"addButton\"]"}
COMMAND: POST /session/50f16edc6deacc6e46419d57199c3d82/elements - {"using":"xpath","value":"//button[@data-kt=\"addButton\"]"}
RESULT: {"using":"xpath","value":"//button[@data-kt=\"addButton\"]"}
COMMAND: POST /session/50f16edc6deacc6e46419d57199c3d82/elements - {"using":"xpath","value":"//button[@data-kt=\"addButton\"]"}
RESULT: {"using":"xpath","value":"//button[@data-kt=\"addButton\"]"}
COMMAND: POST /session/50f16edc6deacc6e46419d57199c3d82/elements - {"using":"xpath","value":"//button[@data-kt=\"addButton\"]"}
RESULT: {"using":"xpath","value":"//button[@data-kt=\"addButton\"]"}
COMMAND: POST /session/50f16edc6deacc6e46419d57199c3d82/element - {"using":"xpath","value":"//button[@data-kt=\"addButton\"]"}
RESULT: {"using":"xpath","value":"//button[@data-kt=\"addButton\"]"}
COMMAND: POST /session/50f16edc6deacc6e46419d57199c3d82/execute/sync - {"script":"<script> [8489 bytes]","args":[{"element-6066-11e4-a52e-4f735466cecf":"f.54CFF833D3AC6A681D379AA79D22594A.d.B435F36FDF831FE94AC8EA697C93B616.e.4398","ELEMENT":"f.54CFF833D3AC6A681D379AA79D22594A.d.B435F36FDF831FE94AC8EA697C93B616.e.4398"}]}
RESULT: {"script":"<script> [8489 bytes]","args":[{"element-6066-11e4-a52e-4f735466cecf":"f.54CFF833D3AC6A681D379AA79D22594A.d.B435F36FDF831FE94AC8EA697C93B616.e.4398","ELEMENT":"f.54CFF833D3AC6A681D379AA79D22594A.d.B435F36FDF831FE94AC8EA697C93B616.e.4398"}]}
COMMAND: GET /session/50f16edc6deacc6e46419d57199c3d82/element/f.54CFF833D3AC6A681D379AA79D22594A.d.B435F36FDF831FE94AC8EA697C93B616.e.4398/enabled - {}
COMMAND: GET /session/50f16edc6deacc6e46419d57199c3d82/screenshot - {}
RESULT: {}
COMMAND: POST /session/50f16edc6deacc6e46419d57199c3d82/execute/sync - {"script":"<script> [8489 bytes]","args":[{"element-6066-11e4-a52e-4f735466cecf":"f.54CFF833D3AC6A681D379AA79D22594A.d.B435F36FDF831FE94AC8EA697C93B616.e.4398","ELEMENT":"f.54CFF833D3AC6A681D379AA79D22594A.d.B435F36FDF831FE94AC8EA697C93B616.e.4398"}]}
COMMAND: GET /session/50f16edc6deacc6e46419d57199c3d82/screenshot - {}
RESULT: {}
RESULT: {"script":"<script> [8489 bytes]","args":[{"element-6066-11e4-a52e-4f735466cecf":"f.54CFF833D3AC6A681D379AA79D22594A.d.B435F36FDF831FE94AC8EA697C93B616.e.4398","ELEMENT":"f.54CFF833D3AC6A681D379AA79D22594A.d.B435F36FDF831FE94AC8EA697C93B616.e.4398"}]}
COMMAND: POST /session/50f16edc6deacc6e46419d57199c3d82/execute/sync - {"script":"<script> [5351 bytes]","args":[{"element-6066-11e4-a52e-4f735466cecf":"f.54CFF833D3AC6A681D379AA79D22594A.d.B435F36FDF831FE94AC8EA697C93B616.e.4398","ELEMENT":"f.54CFF833D3AC6A681D379AA79D22594A.d.B435F36FDF831FE94AC8EA697C93B616.e.4398"}]}
COMMAND: GET /session/50f16edc6deacc6e46419d57199c3d82/screenshot - {}
RESULT: {}
RESULT: {"script":"<script> [5351 bytes]","args":[{"element-6066-11e4-a52e-4f735466cecf":"f.54CFF833D3AC6A681D379AA79D22594A.d.B435F36FDF831FE94AC8EA697C93B616.e.4398","ELEMENT":"f.54CFF833D3AC6A681D379AA79D22594A.d.B435F36FDF831FE94AC8EA697C93B616.e.4398"}]}
COMMAND: POST /session/50f16edc6deacc6e46419d57199c3d82/element/f.54CFF833D3AC6A681D379AA79D22594A.d.B435F36FDF831FE94AC8EA697C93B616.e.4398/click - {}
COMMAND: GET /session/50f16edc6deacc6e46419d57199c3d82/screenshot - {}
RESULT: {}
RESULT: {}
RESULT: {}
COMMAND: GET /session/50f16edc6deacc6e46419d57199c3d82/screenshot - {}
RESULT: {}
COMMAND: POST /session/50f16edc6deacc6e46419d57199c3d82/execute/async - {"script":"<script> [1562 bytes]","args":[{"selector":{"id":"application-managepartners-display-component---NewPartner--addressDetailDetailsName1","interaction":{"idSuffix":"inner"}},"wdio_ui5_key":"applicationmanagepartners-display-component---NewPartner--addressDetailDetailsName1"}]}
RESULT: {"script":"<script> [1562 bytes]","args":[{"selector":{"id":"application-managepartners-display-component---NewPartner--addressDetailDetailsName1","interaction":{"idSuffix":"inner"}},"wdio_ui5_key":"applicationmanagepartners-display-component---NewPartner--addressDetailDetailsName1"}]}
RESULT: undefined
COMMAND: POST /session/50f16edc6deacc6e46419d57199c3d82/execute/async - {"script":"<script> [776 bytes]","args":[{"enterText":"Intracompany Partner WDIO","selector":{"id":"application-managepartners-display-component---NewPartner--addressDetailDetailsName1","interaction":{"idSuffix":"inner"}},"clearTextFirst":true,"interactionType":"ENTER_TEXT"}]}
RESULT: {"script":"<script> [776 bytes]","args":[{"enterText":"Intracompany Partner WDIO","selector":{"id":"application-managepartners-display-component---NewPartner--addressDetailDetailsName1","interaction":{"idSuffix":"inner"}},"clearTextFirst":true,"interactionType":"ENTER_TEXT"}]}
COMMAND: POST /session/50f16edc6deacc6e46419d57199c3d82/execute/async - {"script":"<script> [1562 bytes]","args":[{"selector":{"id":"application-managepartners-display-component---NewPartner--addressDetailDetailsLanguage-arrow"},"wdio_ui5_key":"applicationmanagepartners-display-component---NewPartner--addressDetailDetailsLanguage-arrow"}]}
RESULT: {"script":"<script> [1562 bytes]","args":[{"selector":{"id":"application-managepartners-display-component---NewPartner--addressDetailDetailsLanguage-arrow"},"wdio_ui5_key":"applicationmanagepartners-display-component---NewPartner--addressDetailDetailsLanguage-arrow"}]}
RESULT: undefined
COMMAND: POST /session/50f16edc6deacc6e46419d57199c3d82/element - {"using":"xpath","value":"//*[@id=\"application-managepartners-display-component---NewPartner--addressDetailDetailsLanguage-arrow\"]"}
RESULT: {"using":"xpath","value":"//*[@id=\"application-managepartners-display-component---NewPartner--addressDetailDetailsLanguage-arrow\"]"}
COMMAND: POST /session/50f16edc6deacc6e46419d57199c3d82/element/f.54CFF833D3AC6A681D379AA79D22594A.d.B435F36FDF831FE94AC8EA697C93B616.e.4850/click - {}
RESULT: {}
COMMAND: POST /session/50f16edc6deacc6e46419d57199c3d82/element - {"using":"xpath","value":"//span[contains(text(), \"English\")]"}
COMMAND: GET /session/50f16edc6deacc6e46419d57199c3d82/screenshot - {}
RESULT: {"using":"xpath","value":"//span[contains(text(), \"English\")]"}
COMMAND: POST /session/50f16edc6deacc6e46419d57199c3d82/element/f.54CFF833D3AC6A681D379AA79D22594A.d.B435F36FDF831FE94AC8EA697C93B616.e.4851/click - {}
RESULT: {}
RESULT: {}
COMMAND: GET /session/50f16edc6deacc6e46419d57199c3d82/screenshot - {}
RESULT: {}
COMMAND: POST /session/50f16edc6deacc6e46419d57199c3d82/execute/async - {"script":"<script> [1562 bytes]","args":[{"selector":{"id":"application-managepartners-display-component---NewPartner--addressDetailDetailsCity1","interaction":{"idSuffix":"inner"}},"wdio_ui5_key":"applicationmanagepartners-display-component---NewPartner--addressDetailDetailsCity1"}]}
RESULT: {"script":"<script> [1562 bytes]","args":[{"selector":{"id":"application-managepartners-display-component---NewPartner--addressDetailDetailsCity1","interaction":{"idSuffix":"inner"}},"wdio_ui5_key":"applicationmanagepartners-display-component---NewPartner--addressDetailDetailsCity1"}]}
RESULT: undefined
COMMAND: POST /session/50f16edc6deacc6e46419d57199c3d82/execute/async - {"script":"<script> [776 bytes]","args":[{"enterText":"Rosario","selector":{"id":"application-managepartners-display-component---NewPartner--addressDetailDetailsCity1","interaction":{"idSuffix":"inner"}},"clearTextFirst":true,"interactionType":"ENTER_TEXT"}]}
RESULT: {"script":"<script> [776 bytes]","args":[{"enterText":"Rosario","selector":{"id":"application-managepartners-display-component---NewPartner--addressDetailDetailsCity1","interaction":{"idSuffix":"inner"}},"clearTextFirst":true,"interactionType":"ENTER_TEXT"}]}
COMMAND: POST /session/50f16edc6deacc6e46419d57199c3d82/execute/async - {"script":"<script> [1562 bytes]","args":[{"selector":{"id":"application-managepartners-display-component---NewPartner--addressDetailDetailsCountry-arrow"},"wdio_ui5_key":"applicationmanagepartners-display-component---NewPartner--addressDetailDetailsCountry-arrow"}]}
RESULT: {"script":"<script> [1562 bytes]","args":[{"selector":{"id":"application-managepartners-display-component---NewPartner--addressDetailDetailsCountry-arrow"},"wdio_ui5_key":"applicationmanagepartners-display-component---NewPartner--addressDetailDetailsCountry-arrow"}]}
RESULT: undefined
COMMAND: POST /session/50f16edc6deacc6e46419d57199c3d82/element - {"using":"xpath","value":"//*[@id=\"application-managepartners-display-component---NewPartner--addressDetailDetailsCountry-arrow\"]"}
RESULT: {"using":"xpath","value":"//*[@id=\"application-managepartners-display-component---NewPartner--addressDetailDetailsCountry-arrow\"]"}
COMMAND: POST /session/50f16edc6deacc6e46419d57199c3d82/element/f.54CFF833D3AC6A681D379AA79D22594A.d.B435F36FDF831FE94AC8EA697C93B616.e.4837/click - {}
RESULT: {}
COMMAND: POST /session/50f16edc6deacc6e46419d57199c3d82/element - {"using":"xpath","value":"//span[contains(text(), \"Argentina\")]"}
COMMAND: GET /session/50f16edc6deacc6e46419d57199c3d82/screenshot - {}
RESULT: {"using":"xpath","value":"//span[contains(text(), \"Argentina\")]"}
COMMAND: POST /session/50f16edc6deacc6e46419d57199c3d82/element/f.54CFF833D3AC6A681D379AA79D22594A.d.B435F36FDF831FE94AC8EA697C93B616.e.4853/click - {}
RESULT: {}
RESULT: {}
COMMAND: GET /session/50f16edc6deacc6e46419d57199c3d82/screenshot - {}
RESULT: {}
COMMAND: POST /session/50f16edc6deacc6e46419d57199c3d82/element - {"using":"xpath","value":"//bdi[contains(text(), \"Commercial\")]"}
RESULT: {"using":"xpath","value":"//bdi[contains(text(), \"Commercial\")]"}
COMMAND: POST /session/50f16edc6deacc6e46419d57199c3d82/element/f.54CFF833D3AC6A681D379AA79D22594A.d.B435F36FDF831FE94AC8EA697C93B616.e.4854/click - {}
RESULT: {}
COMMAND: GET /session/50f16edc6deacc6e46419d57199c3d82/screenshot - {}
RESULT: {}
COMMAND: POST /session/50f16edc6deacc6e46419d57199c3d82/execute/async - {"script":"<script> [1562 bytes]","args":[{"selector":{"id":"application-managepartners-display-component---NewPartner--partnerDetailInternal-arrow"},"wdio_ui5_key":"applicationmanagepartners-display-component---NewPartner--partnerDetailInternal-arrow"}]}
RESULT: {"script":"<script> [1562 bytes]","args":[{"selector":{"id":"application-managepartners-display-component---NewPartner--partnerDetailInternal-arrow"},"wdio_ui5_key":"applicationmanagepartners-display-component---NewPartner--partnerDetailInternal-arrow"}]}
RESULT: undefined
COMMAND: POST /session/50f16edc6deacc6e46419d57199c3d82/element - {"using":"xpath","value":"//*[@id=\"application-managepartners-display-component---NewPartner--partnerDetailInternal-arrow\"]"}
RESULT: {"using":"xpath","value":"//*[@id=\"application-managepartners-display-component---NewPartner--partnerDetailInternal-arrow\"]"}
COMMAND: POST /session/50f16edc6deacc6e46419d57199c3d82/element/f.54CFF833D3AC6A681D379AA79D22594A.d.B435F36FDF831FE94AC8EA697C93B616.e.4860/click - {}
RESULT: {}
COMMAND: POST /session/50f16edc6deacc6e46419d57199c3d82/element - {"using":"xpath","value":"//span[contains(text(), \"Affiliated company\")]"}
COMMAND: GET /session/50f16edc6deacc6e46419d57199c3d82/screenshot - {}
RESULT: {"using":"xpath","value":"//span[contains(text(), \"Affiliated company\")]"}
COMMAND: POST /session/50f16edc6deacc6e46419d57199c3d82/element/f.54CFF833D3AC6A681D379AA79D22594A.d.B435F36FDF831FE94AC8EA697C93B616.e.4861/click - {}
RESULT: {}
RESULT: {}
COMMAND: POST /session/50f16edc6deacc6e46419d57199c3d82/execute/async - {"script":"<script> [1562 bytes]","args":[{"selector":{"id":"application-managepartners-display-component---NewPartner--partnerDetailsCurrency-arrow"},"wdio_ui5_key":"applicationmanagepartners-display-component---NewPartner--partnerDetailsCurrency-arrow"}]}
COMMAND: GET /session/50f16edc6deacc6e46419d57199c3d82/screenshot - {}
RESULT: {"script":"<script> [1562 bytes]","args":[{"selector":{"id":"application-managepartners-display-component---NewPartner--partnerDetailsCurrency-arrow"},"wdio_ui5_key":"applicationmanagepartners-display-component---NewPartner--partnerDetailsCurrency-arrow"}]}
RESULT: undefined
COMMAND: POST /session/50f16edc6deacc6e46419d57199c3d82/element - {"using":"xpath","value":"//*[@id=\"application-managepartners-display-component---NewPartner--partnerDetailsCurrency-arrow\"]"}
RESULT: {}
RESULT: {"using":"xpath","value":"//*[@id=\"application-managepartners-display-component---NewPartner--partnerDetailsCurrency-arrow\"]"}
COMMAND: POST /session/50f16edc6deacc6e46419d57199c3d82/element/f.54CFF833D3AC6A681D379AA79D22594A.d.B435F36FDF831FE94AC8EA697C93B616.e.4868/click - {}
RESULT: {}
COMMAND: POST /session/50f16edc6deacc6e46419d57199c3d82/element - {"using":"xpath","value":"//span[contains(text(), \"Euro\")]"}
COMMAND: GET /session/50f16edc6deacc6e46419d57199c3d82/screenshot - {}
RESULT: {"using":"xpath","value":"//span[contains(text(), \"Euro\")]"}
COMMAND: POST /session/50f16edc6deacc6e46419d57199c3d82/element/f.54CFF833D3AC6A681D379AA79D22594A.d.B435F36FDF831FE94AC8EA697C93B616.e.4869/click - {}
RESULT: {}
RESULT: {}
COMMAND: POST /session/50f16edc6deacc6e46419d57199c3d82/execute/async - {"script":"<script> [1562 bytes]","args":[{"selector":{"id":"application-managepartners-display-component---NewPartner--addressEditDetailsCostObjectCstType-arrow"},"wdio_ui5_key":"applicationmanagepartners-display-component---NewPartner--addressEditDetailsCostObjectCstType-arrow"}]}
COMMAND: GET /session/50f16edc6deacc6e46419d57199c3d82/screenshot - {}
RESULT: {"script":"<script> [1562 bytes]","args":[{"selector":{"id":"application-managepartners-display-component---NewPartner--addressEditDetailsCostObjectCstType-arrow"},"wdio_ui5_key":"applicationmanagepartners-display-component---NewPartner--addressEditDetailsCostObjectCstType-arrow"}]}
RESULT: undefined
COMMAND: POST /session/50f16edc6deacc6e46419d57199c3d82/element - {"using":"xpath","value":"//*[@id=\"application-managepartners-display-component---NewPartner--addressEditDetailsCostObjectCstType-arrow\"]"}
RESULT: {}
RESULT: {"using":"xpath","value":"//*[@id=\"application-managepartners-display-component---NewPartner--addressEditDetailsCostObjectCstType-arrow\"]"}
COMMAND: POST /session/50f16edc6deacc6e46419d57199c3d82/element/f.54CFF833D3AC6A681D379AA79D22594A.d.B435F36FDF831FE94AC8EA697C93B616.e.4870/click - {}
RESULT: {}
COMMAND: POST /session/50f16edc6deacc6e46419d57199c3d82/element - {"using":"xpath","value":"//span[contains(text(), \"Cost Center\")]"}
COMMAND: GET /session/50f16edc6deacc6e46419d57199c3d82/screenshot - {}
RESULT: {"using":"xpath","value":"//span[contains(text(), \"Cost Center\")]"}
COMMAND: POST /session/50f16edc6deacc6e46419d57199c3d82/element/f.54CFF833D3AC6A681D379AA79D22594A.d.B435F36FDF831FE94AC8EA697C93B616.e.4871/click - {}
RESULT: {}
RESULT: {}
COMMAND: GET /session/50f16edc6deacc6e46419d57199c3d82/screenshot - {}
RESULT: {}
COMMAND: POST /session/50f16edc6deacc6e46419d57199c3d82/element - {"using":"xpath","value":"//span[@id=\"application-managepartners-display-component---NewPartner--addressNewCostObjectCstID-vhi\"]"}
RESULT: {"using":"xpath","value":"//span[@id=\"application-managepartners-display-component---NewPartner--addressNewCostObjectCstID-vhi\"]"}
COMMAND: POST /session/50f16edc6deacc6e46419d57199c3d82/execute/sync - {"script":"<script> [8489 bytes]","args":[{"element-6066-11e4-a52e-4f735466cecf":"f.54CFF833D3AC6A681D379AA79D22594A.d.B435F36FDF831FE94AC8EA697C93B616.e.4875","ELEMENT":"f.54CFF833D3AC6A681D379AA79D22594A.d.B435F36FDF831FE94AC8EA697C93B616.e.4875"}]}
RESULT: {"script":"<script> [8489 bytes]","args":[{"element-6066-11e4-a52e-4f735466cecf":"f.54CFF833D3AC6A681D379AA79D22594A.d.B435F36FDF831FE94AC8EA697C93B616.e.4875","ELEMENT":"f.54CFF833D3AC6A681D379AA79D22594A.d.B435F36FDF831FE94AC8EA697C93B616.e.4875"}]}
COMMAND: POST /session/50f16edc6deacc6e46419d57199c3d82/execute/async - {"script":"<script> [1562 bytes]","args":[{"selector":{"id":"application-managepartners-display-component---NewPartner--addressNewCostObjectCstID-vhi"},"wdio_ui5_key":"applicationmanagepartners-display-component---NewPartner--addressNewCostObjectCstID-vhi"}]}
COMMAND: GET /session/50f16edc6deacc6e46419d57199c3d82/screenshot - {}
RESULT: {"script":"<script> [1562 bytes]","args":[{"selector":{"id":"application-managepartners-display-component---NewPartner--addressNewCostObjectCstID-vhi"},"wdio_ui5_key":"applicationmanagepartners-display-component---NewPartner--addressNewCostObjectCstID-vhi"}]}
RESULT: undefined
COMMAND: POST /session/50f16edc6deacc6e46419d57199c3d82/element - {"using":"xpath","value":"//*[@id=\"application-managepartners-display-component---NewPartner--addressNewCostObjectCstID-vhi\"]"}
RESULT: {}
RESULT: {"using":"xpath","value":"//*[@id=\"application-managepartners-display-component---NewPartner--addressNewCostObjectCstID-vhi\"]"}
COMMAND: POST /session/50f16edc6deacc6e46419d57199c3d82/element/f.54CFF833D3AC6A681D379AA79D22594A.d.B435F36FDF831FE94AC8EA697C93B616.e.4875/click - {}
RESULT: {}
COMMAND: GET /session/50f16edc6deacc6e46419d57199c3d82/screenshot - {}
RESULT: {}
COMMAND: POST /session/50f16edc6deacc6e46419d57199c3d82/execute/async - {"script":"<script> [1562 bytes]","args":[{"selector":{"controlType":"sap.m.SearchField","properties":{"placeholder":"Search"},"searchOpenDialogs":true,"interaction":{"idSuffix":"I"}},"wdio_ui5_key":"sapm.SearchField{\"placeholder\":\"Search\"}"}]}
RESULT: {"script":"<script> [1562 bytes]","args":[{"selector":{"controlType":"sap.m.SearchField","properties":{"placeholder":"Search"},"searchOpenDialogs":true,"interaction":{"idSuffix":"I"}},"wdio_ui5_key":"sapm.SearchField{\"placeholder\":\"Search\"}"}]}
RESULT: undefined
COMMAND: POST /session/50f16edc6deacc6e46419d57199c3d82/execute/async - {"script":"<script> [776 bytes]","args":[{"enterText":"10001013","selector":{"controlType":"sap.m.SearchField","properties":{"placeholder":"Search"},"searchOpenDialogs":true,"interaction":{"idSuffix":"I"}},"clearTextFirst":true,"interactionType":"ENTER_TEXT"}]}
RESULT: {"script":"<script> [776 bytes]","args":[{"enterText":"10001013","selector":{"controlType":"sap.m.SearchField","properties":{"placeholder":"Search"},"searchOpenDialogs":true,"interaction":{"idSuffix":"I"}},"clearTextFirst":true,"interactionType":"ENTER_TEXT"}]}
COMMAND: POST /session/50f16edc6deacc6e46419d57199c3d82/actions - {"actions":[{"id":"action12","type":"key","parameters":{},"actions":[{"type":"keyDown","value":"î€‡"},{"type":"pause","duration":10},{"type":"keyUp","value":"î€‡"}]}]}
RESULT: {"actions":[{"id":"action12","type":"key","parameters":{},"actions":[{"type":"keyDown","value":"î€‡"},{"type":"pause","duration":10},{"type":"keyUp","value":"î€‡"}]}]}
COMMAND: GET /session/50f16edc6deacc6e46419d57199c3d82/screenshot - {}
RESULT: {}
COMMAND: POST /session/50f16edc6deacc6e46419d57199c3d82/element - {"using":"xpath","value":"//span[contains(text(), \"General Management\")]"}
RESULT: {"using":"xpath","value":"//span[contains(text(), \"General Management\")]"}
COMMAND: POST /session/50f16edc6deacc6e46419d57199c3d82/element/f.54CFF833D3AC6A681D379AA79D22594A.d.B435F36FDF831FE94AC8EA697C93B616.e.4917/click - {}
RESULT: {}
COMMAND: GET /session/50f16edc6deacc6e46419d57199c3d82/screenshot - {}
RESULT: {}
COMMAND: POST /session/50f16edc6deacc6e46419d57199c3d82/element - {"using":"xpath","value":"//bdi[contains(text(), \"OK\")]"}
RESULT: {"using":"xpath","value":"//bdi[contains(text(), \"OK\")]"}
COMMAND: POST /session/50f16edc6deacc6e46419d57199c3d82/element/f.54CFF833D3AC6A681D379AA79D22594A.d.B435F36FDF831FE94AC8EA697C93B616.e.4918/click - {}
RESULT: {}
COMMAND: GET /session/50f16edc6deacc6e46419d57199c3d82/screenshot - {}
RESULT: {}
COMMAND: POST /session/50f16edc6deacc6e46419d57199c3d82/element - {"using":"xpath","value":"//input[@id=\"application-managepartners-display-component---NewPartner--companyCodeComboBox-inner\"]"}
RESULT: {"using":"xpath","value":"//input[@id=\"application-managepartners-display-component---NewPartner--companyCodeComboBox-inner\"]"}
COMMAND: POST /session/50f16edc6deacc6e46419d57199c3d82/element/f.54CFF833D3AC6A681D379AA79D22594A.d.B435F36FDF831FE94AC8EA697C93B616.e.4756/clear - {}
RESULT: {}
COMMAND: POST /session/50f16edc6deacc6e46419d57199c3d82/element/f.54CFF833D3AC6A681D379AA79D22594A.d.B435F36FDF831FE94AC8EA697C93B616.e.4756/value - {"text":"1000"}
COMMAND: GET /session/50f16edc6deacc6e46419d57199c3d82/screenshot - {}
RESULT: {"text":"1000"}
COMMAND: GET /session/50f16edc6deacc6e46419d57199c3d82/screenshot - {}
RESULT: {}
RESULT: {}
COMMAND: POST /session/50f16edc6deacc6e46419d57199c3d82/element - {"using":"xpath","value":"//li[.//span[text()= \"1000\"]]"}
RESULT: {"using":"xpath","value":"//li[.//span[text()= \"1000\"]]"}
COMMAND: POST /session/50f16edc6deacc6e46419d57199c3d82/element/f.54CFF833D3AC6A681D379AA79D22594A.d.B435F36FDF831FE94AC8EA697C93B616.e.4924/click - {}
RESULT: {}
COMMAND: GET /session/50f16edc6deacc6e46419d57199c3d82/screenshot - {}
RESULT: {}
COMMAND: POST /session/50f16edc6deacc6e46419d57199c3d82/execute/async - {"script":"<script> [1562 bytes]","args":[{"selector":{"id":"application-managepartners-display-component---NewPartner--btnAddTableRow-img"},"wdio_ui5_key":"applicationmanagepartners-display-component---NewPartner--btnAddTableRow-img"}]}
RESULT: {"script":"<script> [1562 bytes]","args":[{"selector":{"id":"application-managepartners-display-component---NewPartner--btnAddTableRow-img"},"wdio_ui5_key":"applicationmanagepartners-display-component---NewPartner--btnAddTableRow-img"}]}
RESULT: undefined
COMMAND: POST /session/50f16edc6deacc6e46419d57199c3d82/element - {"using":"xpath","value":"//*[@id=\"application-managepartners-display-component---NewPartner--btnAddTableRow-img\"]"}
RESULT: {"using":"xpath","value":"//*[@id=\"application-managepartners-display-component---NewPartner--btnAddTableRow-img\"]"}
COMMAND: POST /session/50f16edc6deacc6e46419d57199c3d82/element/f.54CFF833D3AC6A681D379AA79D22594A.d.B435F36FDF831FE94AC8EA697C93B616.e.4925/click - {}
RESULT: {}
COMMAND: GET /session/50f16edc6deacc6e46419d57199c3d82/screenshot - {}
RESULT: {}
COMMAND: POST /session/50f16edc6deacc6e46419d57199c3d82/element - {"using":"xpath","value":"//input[@id=\"application-managepartners-display-component---NewPartner--assignmentYard-application-managepartners-display-component---NewPartner--assignmentsTable-0-inner\"]"}
RESULT: {"using":"xpath","value":"//input[@id=\"application-managepartners-display-component---NewPartner--assignmentYard-application-managepartners-display-component---NewPartner--assignmentsTable-0-inner\"]"}
COMMAND: POST /session/50f16edc6deacc6e46419d57199c3d82/element/f.54CFF833D3AC6A681D379AA79D22594A.d.B435F36FDF831FE94AC8EA697C93B616.e.4928/clear - {}
RESULT: {}
COMMAND: POST /session/50f16edc6deacc6e46419d57199c3d82/element/f.54CFF833D3AC6A681D379AA79D22594A.d.B435F36FDF831FE94AC8EA697C93B616.e.4928/value - {"text":"480"}
COMMAND: GET /session/50f16edc6deacc6e46419d57199c3d82/screenshot - {}
RESULT: {"text":"480"}
COMMAND: GET /session/50f16edc6deacc6e46419d57199c3d82/screenshot - {}
RESULT: {}
RESULT: {}
COMMAND: POST /session/50f16edc6deacc6e46419d57199c3d82/element - {"using":"xpath","value":"//li[.//span[text()='480']]"}
RESULT: {"using":"xpath","value":"//li[.//span[text()='480']]"}
COMMAND: POST /session/50f16edc6deacc6e46419d57199c3d82/element/f.54CFF833D3AC6A681D379AA79D22594A.d.B435F36FDF831FE94AC8EA697C93B616.e.4938/click - {}
RESULT: {}
COMMAND: GET /session/50f16edc6deacc6e46419d57199c3d82/screenshot - {}
RESULT: {}
COMMAND: POST /session/50f16edc6deacc6e46419d57199c3d82/actions - {"actions":[{"id":"action13","type":"key","parameters":{},"actions":[{"type":"keyDown","value":"î€‡"},{"type":"pause","duration":10},{"type":"keyUp","value":"î€‡"}]}]}
RESULT: {"actions":[{"id":"action13","type":"key","parameters":{},"actions":[{"type":"keyDown","value":"î€‡"},{"type":"pause","duration":10},{"type":"keyUp","value":"î€‡"}]}]}
COMMAND: POST /session/50f16edc6deacc6e46419d57199c3d82/execute/async - {"script":"<script> [1562 bytes]","args":[{"selector":{"id":"application-managepartners-display-component---NewPartner--externalCustomerComboBox-application-managepartners-display-component---NewPartner--assignmentsTable-0-vhi"},"wdio_ui5_key":"applicationmanagepartners-display-component---NewPartner--externalCustomerComboBox-application-managepartners-display-component---NewPartner--assignmentsTable-0-vhi"}]}
COMMAND: GET /session/50f16edc6deacc6e46419d57199c3d82/screenshot - {}
RESULT: {"script":"<script> [1562 bytes]","args":[{"selector":{"id":"application-managepartners-display-component---NewPartner--externalCustomerComboBox-application-managepartners-display-component---NewPartner--assignmentsTable-0-vhi"},"wdio_ui5_key":"applicationmanagepartners-display-component---NewPartner--externalCustomerComboBox-application-managepartners-display-component---NewPartner--assignmentsTable-0-vhi"}]}
RESULT: undefined
COMMAND: POST /session/50f16edc6deacc6e46419d57199c3d82/element - {"using":"xpath","value":"//*[@id=\"application-managepartners-display-component---NewPartner--externalCustomerComboBox-application-managepartners-display-component---NewPartner--assignmentsTable-0-vhi\"]"}
RESULT: {}
RESULT: {"using":"xpath","value":"//*[@id=\"application-managepartners-display-component---NewPartner--externalCustomerComboBox-application-managepartners-display-component---NewPartner--assignmentsTable-0-vhi\"]"}
COMMAND: POST /session/50f16edc6deacc6e46419d57199c3d82/element/f.54CFF833D3AC6A681D379AA79D22594A.d.B435F36FDF831FE94AC8EA697C93B616.e.4942/click - {}
RESULT: {}
RESULT: undefined
COMMAND: POST /session/50f16edc6deacc6e46419d57199c3d82/execute/async - {"script":"<script> [776 bytes]","args":[{"enterText":"300003","selector":{"controlType":"sap.m.SearchField","properties":{"placeholder":"Search"},"searchOpenDialogs":true,"interaction":{"idSuffix":"I"}},"clearTextFirst":true,"interactionType":"ENTER_TEXT"}]}
COMMAND: GET /session/50f16edc6deacc6e46419d57199c3d82/screenshot - {}
RESULT: {"script":"<script> [776 bytes]","args":[{"enterText":"300003","selector":{"controlType":"sap.m.SearchField","properties":{"placeholder":"Search"},"searchOpenDialogs":true,"interaction":{"idSuffix":"I"}},"clearTextFirst":true,"interactionType":"ENTER_TEXT"}]}
COMMAND: POST /session/50f16edc6deacc6e46419d57199c3d82/actions - {"actions":[{"id":"action14","type":"key","parameters":{},"actions":[{"type":"keyDown","value":"î€‡"},{"type":"pause","duration":10},{"type":"keyUp","value":"î€‡"}]}]}
RESULT: {}
RESULT: {"actions":[{"id":"action14","type":"key","parameters":{},"actions":[{"type":"keyDown","value":"î€‡"},{"type":"pause","duration":10},{"type":"keyUp","value":"î€‡"}]}]}
COMMAND: GET /session/50f16edc6deacc6e46419d57199c3d82/screenshot - {}
RESULT: {}
COMMAND: POST /session/50f16edc6deacc6e46419d57199c3d82/element - {"using":"xpath","value":"//span[contains(text(), \"300003\")]"}
RESULT: {"using":"xpath","value":"//span[contains(text(), \"300003\")]"}
COMMAND: POST /session/50f16edc6deacc6e46419d57199c3d82/element/f.54CFF833D3AC6A681D379AA79D22594A.d.B435F36FDF831FE94AC8EA697C93B616.e.4963/click - {}
RESULT: {}
COMMAND: GET /session/50f16edc6deacc6e46419d57199c3d82/screenshot - {}
RESULT: {}
COMMAND: POST /session/50f16edc6deacc6e46419d57199c3d82/element - {"using":"xpath","value":"//bdi[contains(text(), \"OK\")]"}
RESULT: {"using":"xpath","value":"//bdi[contains(text(), \"OK\")]"}
COMMAND: POST /session/50f16edc6deacc6e46419d57199c3d82/element/f.54CFF833D3AC6A681D379AA79D22594A.d.B435F36FDF831FE94AC8EA697C93B616.e.4965/click - {}
RESULT: {}
COMMAND: GET /session/50f16edc6deacc6e46419d57199c3d82/screenshot - {}
COMMAND: POST /session/50f16edc6deacc6e46419d57199c3d82/execute/async - {"script":"<script> [1562 bytes]","args":[{"selector":{"id":"application-managepartners-display-component---NewPartner--intercompVendorComboBox-application-managepartners-display-component---NewPartner--assignmentsTable-0-vhi"},"wdio_ui5_key":"applicationmanagepartners-display-component---NewPartner--intercompVendorComboBox-application-managepartners-display-component---NewPartner--assignmentsTable-0-vhi"}]}
RESULT: {}
RESULT: {"script":"<script> [1562 bytes]","args":[{"selector":{"id":"application-managepartners-display-component---NewPartner--intercompVendorComboBox-application-managepartners-display-component---NewPartner--assignmentsTable-0-vhi"},"wdio_ui5_key":"applicationmanagepartners-display-component---NewPartner--intercompVendorComboBox-application-managepartners-display-component---NewPartner--assignmentsTable-0-vhi"}]}
RESULT: undefined
COMMAND: POST /session/50f16edc6deacc6e46419d57199c3d82/element - {"using":"xpath","value":"//*[@id=\"application-managepartners-display-component---NewPartner--intercompVendorComboBox-application-managepartners-display-component---NewPartner--assignmentsTable-0-vhi\"]"}
RESULT: {"using":"xpath","value":"//*[@id=\"application-managepartners-display-component---NewPartner--intercompVendorComboBox-application-managepartners-display-component---NewPartner--assignmentsTable-0-vhi\"]"}
COMMAND: POST /session/50f16edc6deacc6e46419d57199c3d82/element/f.54CFF833D3AC6A681D379AA79D22594A.d.B435F36FDF831FE94AC8EA697C93B616.e.4969/click - {}
RESULT: {}
RESULT: undefined
COMMAND: POST /session/50f16edc6deacc6e46419d57199c3d82/execute/async - {"script":"<script> [776 bytes]","args":[{"enterText":"100005","selector":{"controlType":"sap.m.SearchField","properties":{"placeholder":"Search"},"searchOpenDialogs":true,"interaction":{"idSuffix":"I"}},"clearTextFirst":true,"interactionType":"ENTER_TEXT"}]}
COMMAND: GET /session/50f16edc6deacc6e46419d57199c3d82/screenshot - {}
RESULT: {"script":"<script> [776 bytes]","args":[{"enterText":"100005","selector":{"controlType":"sap.m.SearchField","properties":{"placeholder":"Search"},"searchOpenDialogs":true,"interaction":{"idSuffix":"I"}},"clearTextFirst":true,"interactionType":"ENTER_TEXT"}]}
COMMAND: POST /session/50f16edc6deacc6e46419d57199c3d82/actions - {"actions":[{"id":"action15","type":"key","parameters":{},"actions":[{"type":"keyDown","value":"î€‡"},{"type":"pause","duration":10},{"type":"keyUp","value":"î€‡"}]}]}
RESULT: {}
RESULT: {"actions":[{"id":"action15","type":"key","parameters":{},"actions":[{"type":"keyDown","value":"î€‡"},{"type":"pause","duration":10},{"type":"keyUp","value":"î€‡"}]}]}
COMMAND: GET /session/50f16edc6deacc6e46419d57199c3d82/screenshot - {}
RESULT: {}
COMMAND: POST /session/50f16edc6deacc6e46419d57199c3d82/element - {"using":"xpath","value":"//span[contains(text(), \"Penguins - Field/12345 Berlin\")]"}
RESULT: {"using":"xpath","value":"//span[contains(text(), \"Penguins - Field/12345 Berlin\")]"}
COMMAND: POST /session/50f16edc6deacc6e46419d57199c3d82/element/f.54CFF833D3AC6A681D379AA79D22594A.d.B435F36FDF831FE94AC8EA697C93B616.e.4987/click - {}
RESULT: {}
COMMAND: GET /session/50f16edc6deacc6e46419d57199c3d82/screenshot - {}
RESULT: {}
COMMAND: POST /session/50f16edc6deacc6e46419d57199c3d82/element - {"using":"xpath","value":"//bdi[contains(text(), \"OK\")]"}
RESULT: {"using":"xpath","value":"//bdi[contains(text(), \"OK\")]"}
COMMAND: POST /session/50f16edc6deacc6e46419d57199c3d82/element/f.54CFF833D3AC6A681D379AA79D22594A.d.B435F36FDF831FE94AC8EA697C93B616.e.4988/click - {}
RESULT: {}
COMMAND: GET /session/50f16edc6deacc6e46419d57199c3d82/screenshot - {}
RESULT: {}
COMMAND: POST /session/50f16edc6deacc6e46419d57199c3d82/element - {"using":"xpath","value":"//button[@data-kt=\"saveButton\"]"}
RESULT: {"using":"xpath","value":"//button[@data-kt=\"saveButton\"]"}
COMMAND: POST /session/50f16edc6deacc6e46419d57199c3d82/element/f.54CFF833D3AC6A681D379AA79D22594A.d.B435F36FDF831FE94AC8EA697C93B616.e.4787/click - {}
RESULT: {}
COMMAND: GET /session/50f16edc6deacc6e46419d57199c3d82/screenshot - {}
RESULT: {}
COMMAND: POST /session/50f16edc6deacc6e46419d57199c3d82/element - {"using":"xpath","value":"//header[contains(@id, 'ObjectPageLayout-headerTitle')]/div[1]/div[2]/div[2]/span[1]"}
RESULT: {"using":"xpath","value":"//header[contains(@id, 'ObjectPageLayout-headerTitle')]/div[1]/div[2]/div[2]/span[1]"}
COMMAND: POST /session/50f16edc6deacc6e46419d57199c3d82/elements - {"using":"xpath","value":"//header[contains(@id, 'ObjectPageLayout-headerTitle')]/div[1]/div[2]/div[2]/span[1]"}
RESULT: {"using":"xpath","value":"//header[contains(@id, 'ObjectPageLayout-headerTitle')]/div[1]/div[2]/div[2]/span[1]"}
COMMAND: POST /session/50f16edc6deacc6e46419d57199c3d82/execute/sync - {"script":"<script> [56 bytes]","args":[{"element-6066-11e4-a52e-4f735466cecf":"f.54CFF833D3AC6A681D379AA79D22594A.d.B435F36FDF831FE94AC8EA697C93B616.e.5152","ELEMENT":"f.54CFF833D3AC6A681D379AA79D22594A.d.B435F36FDF831FE94AC8EA697C93B616.e.5152"}]}
RESULT: {"script":"<script> [56 bytes]","args":[{"element-6066-11e4-a52e-4f735466cecf":"f.54CFF833D3AC6A681D379AA79D22594A.d.B435F36FDF831FE94AC8EA697C93B616.e.5152","ELEMENT":"f.54CFF833D3AC6A681D379AA79D22594A.d.B435F36FDF831FE94AC8EA697C93B616.e.5152"}]}
COMMAND: POST /session/50f16edc6deacc6e46419d57199c3d82/element - {"using":"css selector","value":"#shell-header-logo"}
COMMAND: GET /session/50f16edc6deacc6e46419d57199c3d82/screenshot - {}
RESULT: {"using":"css selector","value":"#shell-header-logo"}
COMMAND: POST /session/50f16edc6deacc6e46419d57199c3d82/element/f.54CFF833D3AC6A681D379AA79D22594A.d.B435F36FDF831FE94AC8EA697C93B616.e.4363/click - {}
RESULT: {}
RESULT: {}
COMMAND: GET /session/50f16edc6deacc6e46419d57199c3d82/screenshot - {}
RESULT: {}
COMMAND: POST /session/50f16edc6deacc6e46419d57199c3d82/execute/sync - {"script":"<script> [299 bytes]","args":[["getModel","getResource"]]}
RESULT: {"script":"<script> [299 bytes]","args":[["getModel","getResource"]]}
RESULT: undefined
COMMAND: POST /session/50f16edc6deacc6e46419d57199c3d82/element - {"using":"xpath","value":"//*[@id=\"__tile30\"]"}
COMMAND: GET /session/50f16edc6deacc6e46419d57199c3d82/screenshot - {}
RESULT: {"using":"xpath","value":"//*[@id=\"__tile30\"]"}
COMMAND: POST /session/50f16edc6deacc6e46419d57199c3d82/element/f.54CFF833D3AC6A681D379AA79D22594A.d.B435F36FDF831FE94AC8EA697C93B616.e.4282/click - {}
RESULT: {}
RESULT: {}
COMMAND: GET /session/50f16edc6deacc6e46419d57199c3d82/screenshot - {}
RESULT: {}
COMMAND: POST /session/50f16edc6deacc6e46419d57199c3d82/elements - {"using":"xpath","value":"//span[text()='Error']"}
RESULT: {"using":"xpath","value":"//span[text()='Error']"}
COMMAND: POST /session/50f16edc6deacc6e46419d57199c3d82/element - {"using":"xpath","value":"//button[@data-kt=\"addButton\"]"}
RESULT: {"using":"xpath","value":"//button[@data-kt=\"addButton\"]"}
COMMAND: POST /session/50f16edc6deacc6e46419d57199c3d82/elements - {"using":"xpath","value":"//button[@data-kt=\"addButton\"]"}
RESULT: {"using":"xpath","value":"//button[@data-kt=\"addButton\"]"}
COMMAND: POST /session/50f16edc6deacc6e46419d57199c3d82/execute/sync - {"script":"<script> [8489 bytes]","args":[{"element-6066-11e4-a52e-4f735466cecf":"f.54CFF833D3AC6A681D379AA79D22594A.d.B435F36FDF831FE94AC8EA697C93B616.e.5200","ELEMENT":"f.54CFF833D3AC6A681D379AA79D22594A.d.B435F36FDF831FE94AC8EA697C93B616.e.5200"}]}
RESULT: {"script":"<script> [8489 bytes]","args":[{"element-6066-11e4-a52e-4f735466cecf":"f.54CFF833D3AC6A681D379AA79D22594A.d.B435F36FDF831FE94AC8EA697C93B616.e.5200","ELEMENT":"f.54CFF833D3AC6A681D379AA79D22594A.d.B435F36FDF831FE94AC8EA697C93B616.e.5200"}]}
COMMAND: GET /session/50f16edc6deacc6e46419d57199c3d82/element/f.54CFF833D3AC6A681D379AA79D22594A.d.B435F36FDF831FE94AC8EA697C93B616.e.5200/enabled - {}
COMMAND: GET /session/50f16edc6deacc6e46419d57199c3d82/screenshot - {}
RESULT: {}
COMMAND: POST /session/50f16edc6deacc6e46419d57199c3d82/execute/sync - {"script":"<script> [8489 bytes]","args":[{"element-6066-11e4-a52e-4f735466cecf":"f.54CFF833D3AC6A681D379AA79D22594A.d.B435F36FDF831FE94AC8EA697C93B616.e.5200","ELEMENT":"f.54CFF833D3AC6A681D379AA79D22594A.d.B435F36FDF831FE94AC8EA697C93B616.e.5200"}]}
COMMAND: GET /session/50f16edc6deacc6e46419d57199c3d82/screenshot - {}
RESULT: {}
RESULT: {"script":"<script> [8489 bytes]","args":[{"element-6066-11e4-a52e-4f735466cecf":"f.54CFF833D3AC6A681D379AA79D22594A.d.B435F36FDF831FE94AC8EA697C93B616.e.5200","ELEMENT":"f.54CFF833D3AC6A681D379AA79D22594A.d.B435F36FDF831FE94AC8EA697C93B616.e.5200"}]}
COMMAND: POST /session/50f16edc6deacc6e46419d57199c3d82/execute/sync - {"script":"<script> [5351 bytes]","args":[{"element-6066-11e4-a52e-4f735466cecf":"f.54CFF833D3AC6A681D379AA79D22594A.d.B435F36FDF831FE94AC8EA697C93B616.e.5200","ELEMENT":"f.54CFF833D3AC6A681D379AA79D22594A.d.B435F36FDF831FE94AC8EA697C93B616.e.5200"}]}
COMMAND: GET /session/50f16edc6deacc6e46419d57199c3d82/screenshot - {}
RESULT: {}
RESULT: {"script":"<script> [5351 bytes]","args":[{"element-6066-11e4-a52e-4f735466cecf":"f.54CFF833D3AC6A681D379AA79D22594A.d.B435F36FDF831FE94AC8EA697C93B616.e.5200","ELEMENT":"f.54CFF833D3AC6A681D379AA79D22594A.d.B435F36FDF831FE94AC8EA697C93B616.e.5200"}]}
COMMAND: GET /session/50f16edc6deacc6e46419d57199c3d82/screenshot - {}
RESULT: {}
RESULT: {}
COMMAND: POST /session/50f16edc6deacc6e46419d57199c3d82/execute/async - {"script":"<script> [1562 bytes]","args":[{"selector":{"id":"application-managepartners-display-component---masterPtm--smartFilterBar-btnBasicSearch","interaction":{"idSuffix":"I"}},"wdio_ui5_key":"applicationmanagepartners-display-component---masterPtm--smartFilterBar-btnBasicSearch"}]}
RESULT: {"script":"<script> [1562 bytes]","args":[{"selector":{"id":"application-managepartners-display-component---masterPtm--smartFilterBar-btnBasicSearch","interaction":{"idSuffix":"I"}},"wdio_ui5_key":"applicationmanagepartners-display-component---masterPtm--smartFilterBar-btnBasicSearch"}]}
RESULT: undefined
COMMAND: POST /session/50f16edc6deacc6e46419d57199c3d82/execute/async - {"script":"<script> [776 bytes]","args":[{"enterText":"1270","selector":{"id":"application-managepartners-display-component---masterPtm--smartFilterBar-btnBasicSearch","interaction":{"idSuffix":"I"}},"clearTextFirst":true,"interactionType":"ENTER_TEXT"}]}
RESULT: {"script":"<script> [776 bytes]","args":[{"enterText":"1270","selector":{"id":"application-managepartners-display-component---masterPtm--smartFilterBar-btnBasicSearch","interaction":{"idSuffix":"I"}},"clearTextFirst":true,"interactionType":"ENTER_TEXT"}]}
COMMAND: POST /session/50f16edc6deacc6e46419d57199c3d82/actions - {"actions":[{"id":"action16","type":"key","parameters":{},"actions":[{"type":"keyDown","value":"î€‡"},{"type":"pause","duration":10},{"type":"keyUp","value":"î€‡"}]}]}
RESULT: {"actions":[{"id":"action16","type":"key","parameters":{},"actions":[{"type":"keyDown","value":"î€‡"},{"type":"pause","duration":10},{"type":"keyUp","value":"î€‡"}]}]}
COMMAND: GET /session/50f16edc6deacc6e46419d57199c3d82/screenshot - {}
RESULT: {}
COMMAND: POST /session/50f16edc6deacc6e46419d57199c3d82/elements - {"using":"xpath","value":"//table[contains(@id, \"customPartnersTable-listUl\")]/tbody/tr"}
RESULT: {"using":"xpath","value":"//table[contains(@id, \"customPartnersTable-listUl\")]/tbody/tr"}
COMMAND: POST /session/50f16edc6deacc6e46419d57199c3d82/element - {"using":"xpath","value":"//table[contains(@id, \"customPartnersTable-listUl\")]/tbody/tr[1]/td[3]/span"}
RESULT: {"using":"xpath","value":"//table[contains(@id, \"customPartnersTable-listUl\")]/tbody/tr[1]/td[3]/span"}
COMMAND: POST /session/50f16edc6deacc6e46419d57199c3d82/elements - {"using":"xpath","value":"//table[contains(@id, \"customPartnersTable-listUl\")]/tbody/tr[1]/td[3]/span"}
RESULT: {"using":"xpath","value":"//table[contains(@id, \"customPartnersTable-listUl\")]/tbody/tr[1]/td[3]/span"}
COMMAND: POST /session/50f16edc6deacc6e46419d57199c3d82/execute/sync - {"script":"<script> [56 bytes]","args":[{"element-6066-11e4-a52e-4f735466cecf":"f.54CFF833D3AC6A681D379AA79D22594A.d.B435F36FDF831FE94AC8EA697C93B616.e.5334","ELEMENT":"f.54CFF833D3AC6A681D379AA79D22594A.d.B435F36FDF831FE94AC8EA697C93B616.e.5334"}]}
RESULT: {"script":"<script> [56 bytes]","args":[{"element-6066-11e4-a52e-4f735466cecf":"f.54CFF833D3AC6A681D379AA79D22594A.d.B435F36FDF831FE94AC8EA697C93B616.e.5334","ELEMENT":"f.54CFF833D3AC6A681D379AA79D22594A.d.B435F36FDF831FE94AC8EA697C93B616.e.5334"}]}
COMMAND: POST /session/50f16edc6deacc6e46419d57199c3d82/element - {"using":"xpath","value":"(//span[contains(@id, \"imgNav\")])[1]"}
COMMAND: GET /session/50f16edc6deacc6e46419d57199c3d82/screenshot - {}
RESULT: {"using":"xpath","value":"(//span[contains(@id, \"imgNav\")])[1]"}
COMMAND: POST /session/50f16edc6deacc6e46419d57199c3d82/element/f.54CFF833D3AC6A681D379AA79D22594A.d.B435F36FDF831FE94AC8EA697C93B616.e.5332/click - {}
RESULT: {}
RESULT: {}
COMMAND: GET /session/50f16edc6deacc6e46419d57199c3d82/screenshot - {}
RESULT: {}
COMMAND: POST /session/50f16edc6deacc6e46419d57199c3d82/element - {"using":"xpath","value":"//bdi[contains(text(), \"Edit\")]"}
RESULT: {"using":"xpath","value":"//bdi[contains(text(), \"Edit\")]"}
COMMAND: POST /session/50f16edc6deacc6e46419d57199c3d82/element/f.54CFF833D3AC6A681D379AA79D22594A.d.B435F36FDF831FE94AC8EA697C93B616.e.5483/click - {}
RESULT: {}
COMMAND: GET /session/50f16edc6deacc6e46419d57199c3d82/screenshot - {}
RESULT: {}
COMMAND: POST /session/50f16edc6deacc6e46419d57199c3d82/execute/async - {"script":"<script> [1562 bytes]","args":[{"selector":{"controlType":"sap.m.Input","viewName":"etm.portal.ui.managepartners.view.EditDetail","labelFor":{"text":"Name"},"interaction":{"idSuffix":"inner"}},"wdio_ui5_key":"etmportal.ui.managepartners.view.EditDetailsap.m.Input{\"text\":\"Name\"}"}]}
RESULT: {"script":"<script> [1562 bytes]","args":[{"selector":{"controlType":"sap.m.Input","viewName":"etm.portal.ui.managepartners.view.EditDetail","labelFor":{"text":"Name"},"interaction":{"idSuffix":"inner"}},"wdio_ui5_key":"etmportal.ui.managepartners.view.EditDetailsap.m.Input{\"text\":\"Name\"}"}]}
RESULT: undefined
COMMAND: POST /session/50f16edc6deacc6e46419d57199c3d82/execute/async - {"script":"<script> [776 bytes]","args":[{"enterText":"Intracompany EDIT","selector":{"controlType":"sap.m.Input","viewName":"etm.portal.ui.managepartners.view.EditDetail","labelFor":{"text":"Name"},"interaction":{"idSuffix":"inner"}},"clearTextFirst":true,"interactionType":"ENTER_TEXT"}]}
RESULT: {"script":"<script> [776 bytes]","args":[{"enterText":"Intracompany EDIT","selector":{"controlType":"sap.m.Input","viewName":"etm.portal.ui.managepartners.view.EditDetail","labelFor":{"text":"Name"},"interaction":{"idSuffix":"inner"}},"clearTextFirst":true,"interactionType":"ENTER_TEXT"}]}
COMMAND: POST /session/50f16edc6deacc6e46419d57199c3d82/element - {"using":"xpath","value":"(//span[contains(@id,\"addressDetailDetailsLanguage-arrow\")])[1]"}
RESULT: {"using":"xpath","value":"(//span[contains(@id,\"addressDetailDetailsLanguage-arrow\")])[1]"}
COMMAND: POST /session/50f16edc6deacc6e46419d57199c3d82/element/f.54CFF833D3AC6A681D379AA79D22594A.d.B435F36FDF831FE94AC8EA697C93B616.e.5573/click - {}
RESULT: {}
COMMAND: POST /session/50f16edc6deacc6e46419d57199c3d82/element - {"using":"xpath","value":"//span[contains(text(), \"Chinese\")]"}
COMMAND: GET /session/50f16edc6deacc6e46419d57199c3d82/screenshot - {}
RESULT: {"using":"xpath","value":"//span[contains(text(), \"Chinese\")]"}
COMMAND: POST /session/50f16edc6deacc6e46419d57199c3d82/element/f.54CFF833D3AC6A681D379AA79D22594A.d.B435F36FDF831FE94AC8EA697C93B616.e.5574/click - {}
RESULT: {}
RESULT: {}
COMMAND: GET /session/50f16edc6deacc6e46419d57199c3d82/screenshot - {}
RESULT: {}
COMMAND: POST /session/50f16edc6deacc6e46419d57199c3d82/execute/async - {"script":"<script> [1562 bytes]","args":[{"selector":{"controlType":"sap.m.Input","viewName":"etm.portal.ui.managepartners.view.EditDetail","labelFor":{"text":"City"},"interaction":{"idSuffix":"inner"}},"wdio_ui5_key":"etmportal.ui.managepartners.view.EditDetailsap.m.Input{\"text\":\"City\"}"}]}
RESULT: {"script":"<script> [1562 bytes]","args":[{"selector":{"controlType":"sap.m.Input","viewName":"etm.portal.ui.managepartners.view.EditDetail","labelFor":{"text":"City"},"interaction":{"idSuffix":"inner"}},"wdio_ui5_key":"etmportal.ui.managepartners.view.EditDetailsap.m.Input{\"text\":\"City\"}"}]}
RESULT: undefined
COMMAND: POST /session/50f16edc6deacc6e46419d57199c3d82/execute/async - {"script":"<script> [776 bytes]","args":[{"enterText":"Clooj-Napoca","selector":{"controlType":"sap.m.Input","viewName":"etm.portal.ui.managepartners.view.EditDetail","labelFor":{"text":"City"},"interaction":{"idSuffix":"inner"}},"clearTextFirst":true,"interactionType":"ENTER_TEXT"}]}
RESULT: {"script":"<script> [776 bytes]","args":[{"enterText":"Clooj-Napoca","selector":{"controlType":"sap.m.Input","viewName":"etm.portal.ui.managepartners.view.EditDetail","labelFor":{"text":"City"},"interaction":{"idSuffix":"inner"}},"clearTextFirst":true,"interactionType":"ENTER_TEXT"}]}
COMMAND: POST /session/50f16edc6deacc6e46419d57199c3d82/element - {"using":"xpath","value":"//button[@data-kt=\"saveButton\"]"}
RESULT: {"using":"xpath","value":"//button[@data-kt=\"saveButton\"]"}
COMMAND: POST /session/50f16edc6deacc6e46419d57199c3d82/element/f.54CFF833D3AC6A681D379AA79D22594A.d.B435F36FDF831FE94AC8EA697C93B616.e.5542/click - {}
RESULT: {}
COMMAND: GET /session/50f16edc6deacc6e46419d57199c3d82/screenshot - {}
RESULT: {}
COMMAND: POST /session/50f16edc6deacc6e46419d57199c3d82/execute/async - {"script":"<script> [1562 bytes]","args":[{"selector":{"id":"application-managepartners-display-component---detailPtm--addressDetailDetailsName1"},"wdio_ui5_key":"applicationmanagepartners-display-component---detailPtm--addressDetailDetailsName1"}]}
RESULT: {"script":"<script> [1562 bytes]","args":[{"selector":{"id":"application-managepartners-display-component---detailPtm--addressDetailDetailsName1"},"wdio_ui5_key":"applicationmanagepartners-display-component---detailPtm--addressDetailDetailsName1"}]}
RESULT: undefined
COMMAND: POST /session/50f16edc6deacc6e46419d57199c3d82/execute/async - {"script":"<script> [6424 bytes]","args":[{"element-6066-11e4-a52e-4f735466cecf":"f.54CFF833D3AC6A681D379AA79D22594A.d.B435F36FDF831FE94AC8EA697C93B616.e.5605"},"getValue",[]]}
RESULT: {"script":"<script> [6424 bytes]","args":[{"element-6066-11e4-a52e-4f735466cecf":"f.54CFF833D3AC6A681D379AA79D22594A.d.B435F36FDF831FE94AC8EA697C93B616.e.5605"},"getValue",[]]}
COMMAND: POST /session/50f16edc6deacc6e46419d57199c3d82/element - {"using":"xpath","value":"//input[@id = \"application-managepartners-display-component---detailPtm--addressDetailDetailsLanguage-inner\"]"}
RESULT: {"using":"xpath","value":"//input[@id = \"application-managepartners-display-component---detailPtm--addressDetailDetailsLanguage-inner\"]"}
COMMAND: GET /session/50f16edc6deacc6e46419d57199c3d82/element/f.54CFF833D3AC6A681D379AA79D22594A.d.B435F36FDF831FE94AC8EA697C93B616.e.5606/property/value - {}
RESULT: {}
COMMAND: POST /session/50f16edc6deacc6e46419d57199c3d82/execute/async - {"script":"<script> [1562 bytes]","args":[{"selector":{"id":"application-managepartners-display-component---detailPtm--addressDetailDetailsCity1"},"wdio_ui5_key":"applicationmanagepartners-display-component---detailPtm--addressDetailDetailsCity1"}]}
COMMAND: GET /session/50f16edc6deacc6e46419d57199c3d82/screenshot - {}
RESULT: {"script":"<script> [1562 bytes]","args":[{"selector":{"id":"application-managepartners-display-component---detailPtm--addressDetailDetailsCity1"},"wdio_ui5_key":"applicationmanagepartners-display-component---detailPtm--addressDetailDetailsCity1"}]}
RESULT: undefined
COMMAND: POST /session/50f16edc6deacc6e46419d57199c3d82/execute/async - {"script":"<script> [6424 bytes]","args":[{"element-6066-11e4-a52e-4f735466cecf":"f.54CFF833D3AC6A681D379AA79D22594A.d.B435F36FDF831FE94AC8EA697C93B616.e.5607"},"getValue",[]]}
RESULT: {}
RESULT: {"script":"<script> [6424 bytes]","args":[{"element-6066-11e4-a52e-4f735466cecf":"f.54CFF833D3AC6A681D379AA79D22594A.d.B435F36FDF831FE94AC8EA697C93B616.e.5607"},"getValue",[]]}
COMMAND: POST /session/50f16edc6deacc6e46419d57199c3d82/element - {"using":"css selector","value":"#shell-header-logo"}
RESULT: {"using":"css selector","value":"#shell-header-logo"}
COMMAND: POST /session/50f16edc6deacc6e46419d57199c3d82/element/f.54CFF833D3AC6A681D379AA79D22594A.d.B435F36FDF831FE94AC8EA697C93B616.e.5155/click - {}
RESULT: {}
COMMAND: GET /session/50f16edc6deacc6e46419d57199c3d82/screenshot - {}
RESULT: {}
]]></system-out>
    </testcase>
    <testcase classname="chrome.136_0_7103_93.windows.Partner_specific_tests_US150819_US151080_US151654_US151176_US103444_US151078_US151079_US151109_US151174_US151175_US151189" name="Should do filtering and navigation tests US151109" time="180.335">
      <system-out><![CDATA[
COMMAND: POST /session/50f16edc6deacc6e46419d57199c3d82/element - {"using":"xpath","value":"//li[.//span[text()=\"Manage Partners\"]]"}
RESULT: {"using":"xpath","value":"//li[.//span[text()=\"Manage Partners\"]]"}
COMMAND: POST /session/50f16edc6deacc6e46419d57199c3d82/element - {"using":"xpath","value":"//li[.//span[text()=\"Manage Partners\"]]"}
RESULT: {"using":"xpath","value":"//li[.//span[text()=\"Manage Partners\"]]"}
COMMAND: POST /session/50f16edc6deacc6e46419d57199c3d82/element - {"using":"css selector","value":"#shell-header-logo"}
RESULT: {"using":"css selector","value":"#shell-header-logo"}
COMMAND: POST /session/50f16edc6deacc6e46419d57199c3d82/element/f.54CFF833D3AC6A681D379AA79D22594A.d.B435F36FDF831FE94AC8EA697C93B616.e.5638/click - {}
COMMAND: POST /session/50f16edc6deacc6e46419d57199c3d82/execute/sync - {"script":"<script> [8489 bytes]","args":[{"element-6066-11e4-a52e-4f735466cecf":"f.54CFF833D3AC6A681D379AA79D22594A.d.B435F36FDF831FE94AC8EA697C93B616.e.5638","ELEMENT":"f.54CFF833D3AC6A681D379AA79D22594A.d.B435F36FDF831FE94AC8EA697C93B616.e.5638"}]}
RESULT: {}
COMMAND: GET /session/50f16edc6deacc6e46419d57199c3d82/screenshot - {}
RESULT: {"script":"<script> [8489 bytes]","args":[{"element-6066-11e4-a52e-4f735466cecf":"f.54CFF833D3AC6A681D379AA79D22594A.d.B435F36FDF831FE94AC8EA697C93B616.e.5638","ELEMENT":"f.54CFF833D3AC6A681D379AA79D22594A.d.B435F36FDF831FE94AC8EA697C93B616.e.5638"}]}
COMMAND: POST /session/50f16edc6deacc6e46419d57199c3d82/execute/sync - {"script":"<script> [5351 bytes]","args":[{"element-6066-11e4-a52e-4f735466cecf":"f.54CFF833D3AC6A681D379AA79D22594A.d.B435F36FDF831FE94AC8EA697C93B616.e.5638","ELEMENT":"f.54CFF833D3AC6A681D379AA79D22594A.d.B435F36FDF831FE94AC8EA697C93B616.e.5638"}]}
COMMAND: GET /session/50f16edc6deacc6e46419d57199c3d82/screenshot - {}
RESULT: {}
RESULT: {"script":"<script> [5351 bytes]","args":[{"element-6066-11e4-a52e-4f735466cecf":"f.54CFF833D3AC6A681D379AA79D22594A.d.B435F36FDF831FE94AC8EA697C93B616.e.5638","ELEMENT":"f.54CFF833D3AC6A681D379AA79D22594A.d.B435F36FDF831FE94AC8EA697C93B616.e.5638"}]}
COMMAND: GET /session/50f16edc6deacc6e46419d57199c3d82/screenshot - {}
RESULT: {}
RESULT: {}
RESULT: undefined
COMMAND: POST /session/50f16edc6deacc6e46419d57199c3d82/element - {"using":"xpath","value":"//*[@id=\"__tile30\"]"}
RESULT: {"using":"xpath","value":"//*[@id=\"__tile30\"]"}
COMMAND: POST /session/50f16edc6deacc6e46419d57199c3d82/element/f.54CFF833D3AC6A681D379AA79D22594A.d.B435F36FDF831FE94AC8EA697C93B616.e.4282/click - {}
RESULT: {}
COMMAND: GET /session/50f16edc6deacc6e46419d57199c3d82/screenshot - {}
RESULT: {}
COMMAND: POST /session/50f16edc6deacc6e46419d57199c3d82/elements - {"using":"xpath","value":"//span[text()='Error']"}
RESULT: {"using":"xpath","value":"//span[text()='Error']"}
COMMAND: POST /session/50f16edc6deacc6e46419d57199c3d82/element - {"using":"xpath","value":"//button[@data-kt=\"addButton\"]"}
RESULT: {"using":"xpath","value":"//button[@data-kt=\"addButton\"]"}
COMMAND: POST /session/50f16edc6deacc6e46419d57199c3d82/elements - {"using":"xpath","value":"//button[@data-kt=\"addButton\"]"}
RESULT: {"using":"xpath","value":"//button[@data-kt=\"addButton\"]"}
COMMAND: POST /session/50f16edc6deacc6e46419d57199c3d82/execute/sync - {"script":"<script> [8489 bytes]","args":[{"element-6066-11e4-a52e-4f735466cecf":"f.54CFF833D3AC6A681D379AA79D22594A.d.B435F36FDF831FE94AC8EA697C93B616.e.5683","ELEMENT":"f.54CFF833D3AC6A681D379AA79D22594A.d.B435F36FDF831FE94AC8EA697C93B616.e.5683"}]}
RESULT: {"script":"<script> [8489 bytes]","args":[{"element-6066-11e4-a52e-4f735466cecf":"f.54CFF833D3AC6A681D379AA79D22594A.d.B435F36FDF831FE94AC8EA697C93B616.e.5683","ELEMENT":"f.54CFF833D3AC6A681D379AA79D22594A.d.B435F36FDF831FE94AC8EA697C93B616.e.5683"}]}
COMMAND: GET /session/50f16edc6deacc6e46419d57199c3d82/element/f.54CFF833D3AC6A681D379AA79D22594A.d.B435F36FDF831FE94AC8EA697C93B616.e.5683/enabled - {}
COMMAND: GET /session/50f16edc6deacc6e46419d57199c3d82/screenshot - {}
RESULT: {}
COMMAND: POST /session/50f16edc6deacc6e46419d57199c3d82/execute/sync - {"script":"<script> [8489 bytes]","args":[{"element-6066-11e4-a52e-4f735466cecf":"f.54CFF833D3AC6A681D379AA79D22594A.d.B435F36FDF831FE94AC8EA697C93B616.e.5683","ELEMENT":"f.54CFF833D3AC6A681D379AA79D22594A.d.B435F36FDF831FE94AC8EA697C93B616.e.5683"}]}
COMMAND: GET /session/50f16edc6deacc6e46419d57199c3d82/screenshot - {}
RESULT: {}
RESULT: {"script":"<script> [8489 bytes]","args":[{"element-6066-11e4-a52e-4f735466cecf":"f.54CFF833D3AC6A681D379AA79D22594A.d.B435F36FDF831FE94AC8EA697C93B616.e.5683","ELEMENT":"f.54CFF833D3AC6A681D379AA79D22594A.d.B435F36FDF831FE94AC8EA697C93B616.e.5683"}]}
COMMAND: POST /session/50f16edc6deacc6e46419d57199c3d82/execute/sync - {"script":"<script> [5351 bytes]","args":[{"element-6066-11e4-a52e-4f735466cecf":"f.54CFF833D3AC6A681D379AA79D22594A.d.B435F36FDF831FE94AC8EA697C93B616.e.5683","ELEMENT":"f.54CFF833D3AC6A681D379AA79D22594A.d.B435F36FDF831FE94AC8EA697C93B616.e.5683"}]}
COMMAND: GET /session/50f16edc6deacc6e46419d57199c3d82/screenshot - {}
RESULT: {}
RESULT: {"script":"<script> [5351 bytes]","args":[{"element-6066-11e4-a52e-4f735466cecf":"f.54CFF833D3AC6A681D379AA79D22594A.d.B435F36FDF831FE94AC8EA697C93B616.e.5683","ELEMENT":"f.54CFF833D3AC6A681D379AA79D22594A.d.B435F36FDF831FE94AC8EA697C93B616.e.5683"}]}
COMMAND: GET /session/50f16edc6deacc6e46419d57199c3d82/screenshot - {}
RESULT: {}
RESULT: {}
COMMAND: POST /session/50f16edc6deacc6e46419d57199c3d82/element - {"using":"xpath","value":"//span[@id=\"application-managepartners-display-component---masterPtm--smartTable-header-inner\"]"}
RESULT: {"using":"xpath","value":"//span[@id=\"application-managepartners-display-component---masterPtm--smartTable-header-inner\"]"}
COMMAND: POST /session/50f16edc6deacc6e46419d57199c3d82/elements - {"using":"xpath","value":"//span[@id=\"application-managepartners-display-component---masterPtm--smartTable-header-inner\"]"}
RESULT: {"using":"xpath","value":"//span[@id=\"application-managepartners-display-component---masterPtm--smartTable-header-inner\"]"}
COMMAND: POST /session/50f16edc6deacc6e46419d57199c3d82/execute/sync - {"script":"<script> [56 bytes]","args":[{"element-6066-11e4-a52e-4f735466cecf":"f.54CFF833D3AC6A681D379AA79D22594A.d.B435F36FDF831FE94AC8EA697C93B616.e.5806","ELEMENT":"f.54CFF833D3AC6A681D379AA79D22594A.d.B435F36FDF831FE94AC8EA697C93B616.e.5806"}]}
RESULT: {"script":"<script> [56 bytes]","args":[{"element-6066-11e4-a52e-4f735466cecf":"f.54CFF833D3AC6A681D379AA79D22594A.d.B435F36FDF831FE94AC8EA697C93B616.e.5806","ELEMENT":"f.54CFF833D3AC6A681D379AA79D22594A.d.B435F36FDF831FE94AC8EA697C93B616.e.5806"}]}
RESULT: undefined
COMMAND: POST /session/50f16edc6deacc6e46419d57199c3d82/execute/async - {"script":"<script> [776 bytes]","args":[{"enterText":"External Partner WDIO","selector":{"id":"application-managepartners-display-component---masterPtm--smartFilterBar-btnBasicSearch","interaction":{"idSuffix":"I"}},"clearTextFirst":true,"interactionType":"ENTER_TEXT"}]}
COMMAND: GET /session/50f16edc6deacc6e46419d57199c3d82/screenshot - {}
RESULT: {"script":"<script> [776 bytes]","args":[{"enterText":"External Partner WDIO","selector":{"id":"application-managepartners-display-component---masterPtm--smartFilterBar-btnBasicSearch","interaction":{"idSuffix":"I"}},"clearTextFirst":true,"interactionType":"ENTER_TEXT"}]}
COMMAND: POST /session/50f16edc6deacc6e46419d57199c3d82/actions - {"actions":[{"id":"action17","type":"key","parameters":{},"actions":[{"type":"keyDown","value":"î€‡"},{"type":"pause","duration":10},{"type":"keyUp","value":"î€‡"}]}]}
RESULT: {}
RESULT: {"actions":[{"id":"action17","type":"key","parameters":{},"actions":[{"type":"keyDown","value":"î€‡"},{"type":"pause","duration":10},{"type":"keyUp","value":"î€‡"}]}]}
COMMAND: GET /session/50f16edc6deacc6e46419d57199c3d82/screenshot - {}
RESULT: {}
COMMAND: POST /session/50f16edc6deacc6e46419d57199c3d82/element - {"using":"xpath","value":"//span[@id=\"application-managepartners-display-component---masterPtm--smartTable-header-inner\"]"}
RESULT: {"using":"xpath","value":"//span[@id=\"application-managepartners-display-component---masterPtm--smartTable-header-inner\"]"}
COMMAND: POST /session/50f16edc6deacc6e46419d57199c3d82/elements - {"using":"xpath","value":"//span[@id=\"application-managepartners-display-component---masterPtm--smartTable-header-inner\"]"}
RESULT: {"using":"xpath","value":"//span[@id=\"application-managepartners-display-component---masterPtm--smartTable-header-inner\"]"}
COMMAND: POST /session/50f16edc6deacc6e46419d57199c3d82/execute/sync - {"script":"<script> [56 bytes]","args":[{"element-6066-11e4-a52e-4f735466cecf":"f.54CFF833D3AC6A681D379AA79D22594A.d.B435F36FDF831FE94AC8EA697C93B616.e.5806","ELEMENT":"f.54CFF833D3AC6A681D379AA79D22594A.d.B435F36FDF831FE94AC8EA697C93B616.e.5806"}]}
RESULT: {"script":"<script> [56 bytes]","args":[{"element-6066-11e4-a52e-4f735466cecf":"f.54CFF833D3AC6A681D379AA79D22594A.d.B435F36FDF831FE94AC8EA697C93B616.e.5806","ELEMENT":"f.54CFF833D3AC6A681D379AA79D22594A.d.B435F36FDF831FE94AC8EA697C93B616.e.5806"}]}
COMMAND: POST /session/50f16edc6deacc6e46419d57199c3d82/element - {"using":"xpath","value":"//div[contains(@id, \"managepartners-display-component---masterPtm--smartFilterBar-btnBasicSearch-reset\")]"}
COMMAND: GET /session/50f16edc6deacc6e46419d57199c3d82/screenshot - {}
RESULT: {"using":"xpath","value":"//div[contains(@id, \"managepartners-display-component---masterPtm--smartFilterBar-btnBasicSearch-reset\")]"}
COMMAND: POST /session/50f16edc6deacc6e46419d57199c3d82/element/f.54CFF833D3AC6A681D379AA79D22594A.d.B435F36FDF831FE94AC8EA697C93B616.e.5949/click - {}
RESULT: {}
RESULT: {}
COMMAND: GET /session/50f16edc6deacc6e46419d57199c3d82/screenshot - {}
RESULT: {}
COMMAND: POST /session/50f16edc6deacc6e46419d57199c3d82/execute/async - {"script":"<script> [1562 bytes]","args":[{"selector":{"id":"application-managepartners-display-component---masterPtm--smartFilterBar-filterItemControl_BASIC-MAIN_ADDRESS-vhi"},"wdio_ui5_key":"applicationmanagepartners-display-component---masterPtm--smartFilterBar-filterItemControl_BASIC-MAIN_ADDRESS-vhi"}]}
RESULT: {"script":"<script> [1562 bytes]","args":[{"selector":{"id":"application-managepartners-display-component---masterPtm--smartFilterBar-filterItemControl_BASIC-MAIN_ADDRESS-vhi"},"wdio_ui5_key":"applicationmanagepartners-display-component---masterPtm--smartFilterBar-filterItemControl_BASIC-MAIN_ADDRESS-vhi"}]}
RESULT: undefined
COMMAND: POST /session/50f16edc6deacc6e46419d57199c3d82/element - {"using":"xpath","value":"//*[@id=\"application-managepartners-display-component---masterPtm--smartFilterBar-filterItemControl_BASIC-MAIN_ADDRESS-vhi\"]"}
RESULT: {"using":"xpath","value":"//*[@id=\"application-managepartners-display-component---masterPtm--smartFilterBar-filterItemControl_BASIC-MAIN_ADDRESS-vhi\"]"}
COMMAND: POST /session/50f16edc6deacc6e46419d57199c3d82/element/f.54CFF833D3AC6A681D379AA79D22594A.d.B435F36FDF831FE94AC8EA697C93B616.e.6024/click - {}
RESULT: {}
COMMAND: GET /session/50f16edc6deacc6e46419d57199c3d82/screenshot - {}
RESULT: {}
COMMAND: POST /session/50f16edc6deacc6e46419d57199c3d82/execute/async - {"script":"<script> [1562 bytes]","args":[{"selector":{"id":"application-managepartners-display-component---masterPtm--smartFilterBar-filterItemControl_BASIC-MAIN_ADDRESS-valueHelpDialog-smartFilterBar-btnBasicSearch","searchOpenDialogs":true,"interaction":{"idSuffix":"I"}},"wdio_ui5_key":"applicationmanagepartners-display-component---masterPtm--smartFilterBar-filterItemControl_BASIC-MAIN_ADDRESS-valueHelpDialog-smartFilterBar-btnBasicSearch"}]}
RESULT: {"script":"<script> [1562 bytes]","args":[{"selector":{"id":"application-managepartners-display-component---masterPtm--smartFilterBar-filterItemControl_BASIC-MAIN_ADDRESS-valueHelpDialog-smartFilterBar-btnBasicSearch","searchOpenDialogs":true,"interaction":{"idSuffix":"I"}},"wdio_ui5_key":"applicationmanagepartners-display-component---masterPtm--smartFilterBar-filterItemControl_BASIC-MAIN_ADDRESS-valueHelpDialog-smartFilterBar-btnBasicSearch"}]}
RESULT: undefined
COMMAND: POST /session/50f16edc6deacc6e46419d57199c3d82/execute/async - {"script":"<script> [776 bytes]","args":[{"enterText":"Romania","selector":{"id":"application-managepartners-display-component---masterPtm--smartFilterBar-filterItemControl_BASIC-MAIN_ADDRESS-valueHelpDialog-smartFilterBar-btnBasicSearch","searchOpenDialogs":true,"interaction":{"idSuffix":"I"}},"clearTextFirst":true,"interactionType":"ENTER_TEXT"}]}
RESULT: {"script":"<script> [776 bytes]","args":[{"enterText":"Romania","selector":{"id":"application-managepartners-display-component---masterPtm--smartFilterBar-filterItemControl_BASIC-MAIN_ADDRESS-valueHelpDialog-smartFilterBar-btnBasicSearch","searchOpenDialogs":true,"interaction":{"idSuffix":"I"}},"clearTextFirst":true,"interactionType":"ENTER_TEXT"}]}
COMMAND: POST /session/50f16edc6deacc6e46419d57199c3d82/actions - {"actions":[{"id":"action18","type":"key","parameters":{},"actions":[{"type":"keyDown","value":"î€‡"},{"type":"pause","duration":10},{"type":"keyUp","value":"î€‡"}]}]}
RESULT: {"actions":[{"id":"action18","type":"key","parameters":{},"actions":[{"type":"keyDown","value":"î€‡"},{"type":"pause","duration":10},{"type":"keyUp","value":"î€‡"}]}]}
COMMAND: POST /session/50f16edc6deacc6e46419d57199c3d82/elements - {"using":"xpath","value":"//table[contains(@id, \"smartFilterBar-filterItemControl_BASIC-MAIN_ADDRESS-valueHelpDialog-table-table\")]/tbody/tr"}
COMMAND: GET /session/50f16edc6deacc6e46419d57199c3d82/screenshot - {}
RESULT: {"using":"xpath","value":"//table[contains(@id, \"smartFilterBar-filterItemControl_BASIC-MAIN_ADDRESS-valueHelpDialog-table-table\")]/tbody/tr"}
COMMAND: POST /session/50f16edc6deacc6e46419d57199c3d82/element - {"using":"xpath","value":"//table[contains(@id, \"smartFilterBar-filterItemControl_BASIC-MAIN_ADDRESS-valueHelpDialog-table-table\")]/tbody/tr[1]/td[1]/div/span"}
RESULT: {}
RESULT: {"using":"xpath","value":"//table[contains(@id, \"smartFilterBar-filterItemControl_BASIC-MAIN_ADDRESS-valueHelpDialog-table-table\")]/tbody/tr[1]/td[1]/div/span"}
COMMAND: POST /session/50f16edc6deacc6e46419d57199c3d82/elements - {"using":"xpath","value":"//table[contains(@id, \"smartFilterBar-filterItemControl_BASIC-MAIN_ADDRESS-valueHelpDialog-table-table\")]/tbody/tr[1]/td[1]/div/span"}
RESULT: {"using":"xpath","value":"//table[contains(@id, \"smartFilterBar-filterItemControl_BASIC-MAIN_ADDRESS-valueHelpDialog-table-table\")]/tbody/tr[1]/td[1]/div/span"}
COMMAND: POST /session/50f16edc6deacc6e46419d57199c3d82/execute/sync - {"script":"<script> [56 bytes]","args":[{"element-6066-11e4-a52e-4f735466cecf":"f.54CFF833D3AC6A681D379AA79D22594A.d.B435F36FDF831FE94AC8EA697C93B616.e.6046","ELEMENT":"f.54CFF833D3AC6A681D379AA79D22594A.d.B435F36FDF831FE94AC8EA697C93B616.e.6046"}]}
RESULT: {"script":"<script> [56 bytes]","args":[{"element-6066-11e4-a52e-4f735466cecf":"f.54CFF833D3AC6A681D379AA79D22594A.d.B435F36FDF831FE94AC8EA697C93B616.e.6046","ELEMENT":"f.54CFF833D3AC6A681D379AA79D22594A.d.B435F36FDF831FE94AC8EA697C93B616.e.6046"}]}
COMMAND: POST /session/50f16edc6deacc6e46419d57199c3d82/element - {"using":"xpath","value":"//div[contains(@id, \"filterItemControl_BASIC-MAIN_ADDRESS-valueHelpDialog-table-rowsel0\")]"}
COMMAND: GET /session/50f16edc6deacc6e46419d57199c3d82/screenshot - {}
RESULT: {"using":"xpath","value":"//div[contains(@id, \"filterItemControl_BASIC-MAIN_ADDRESS-valueHelpDialog-table-rowsel0\")]"}
COMMAND: POST /session/50f16edc6deacc6e46419d57199c3d82/element/f.54CFF833D3AC6A681D379AA79D22594A.d.B435F36FDF831FE94AC8EA697C93B616.e.6047/click - {}
RESULT: {}
RESULT: {}
COMMAND: GET /session/50f16edc6deacc6e46419d57199c3d82/screenshot - {}
RESULT: {}
COMMAND: POST /session/50f16edc6deacc6e46419d57199c3d82/element - {"using":"xpath","value":"(//bdi[contains(text(), \"OK\")])[1]"}
RESULT: {"using":"xpath","value":"(//bdi[contains(text(), \"OK\")])[1]"}
COMMAND: POST /session/50f16edc6deacc6e46419d57199c3d82/element/f.54CFF833D3AC6A681D379AA79D22594A.d.B435F36FDF831FE94AC8EA697C93B616.e.6049/click - {}
RESULT: {}
COMMAND: GET /session/50f16edc6deacc6e46419d57199c3d82/screenshot - {}
RESULT: {}
COMMAND: POST /session/50f16edc6deacc6e46419d57199c3d82/element - {"using":"xpath","value":"//span[@id=\"application-managepartners-display-component---masterPtm--smartTable-header-inner\"]"}
RESULT: {"using":"xpath","value":"//span[@id=\"application-managepartners-display-component---masterPtm--smartTable-header-inner\"]"}
COMMAND: POST /session/50f16edc6deacc6e46419d57199c3d82/elements - {"using":"xpath","value":"//span[@id=\"application-managepartners-display-component---masterPtm--smartTable-header-inner\"]"}
RESULT: {"using":"xpath","value":"//span[@id=\"application-managepartners-display-component---masterPtm--smartTable-header-inner\"]"}
COMMAND: POST /session/50f16edc6deacc6e46419d57199c3d82/execute/sync - {"script":"<script> [56 bytes]","args":[{"element-6066-11e4-a52e-4f735466cecf":"f.54CFF833D3AC6A681D379AA79D22594A.d.B435F36FDF831FE94AC8EA697C93B616.e.5806","ELEMENT":"f.54CFF833D3AC6A681D379AA79D22594A.d.B435F36FDF831FE94AC8EA697C93B616.e.5806"}]}
RESULT: {"script":"<script> [56 bytes]","args":[{"element-6066-11e4-a52e-4f735466cecf":"f.54CFF833D3AC6A681D379AA79D22594A.d.B435F36FDF831FE94AC8EA697C93B616.e.5806","ELEMENT":"f.54CFF833D3AC6A681D379AA79D22594A.d.B435F36FDF831FE94AC8EA697C93B616.e.5806"}]}
COMMAND: POST /session/50f16edc6deacc6e46419d57199c3d82/element - {"using":"xpath","value":"//span[contains(@title, \"Remove\")]"}
COMMAND: GET /session/50f16edc6deacc6e46419d57199c3d82/screenshot - {}
RESULT: {"using":"xpath","value":"//span[contains(@title, \"Remove\")]"}
COMMAND: POST /session/50f16edc6deacc6e46419d57199c3d82/element/f.54CFF833D3AC6A681D379AA79D22594A.d.B435F36FDF831FE94AC8EA697C93B616.e.6062/click - {}
RESULT: {}
RESULT: {}
COMMAND: GET /session/50f16edc6deacc6e46419d57199c3d82/screenshot - {}
COMMAND: POST /session/50f16edc6deacc6e46419d57199c3d82/element - {"using":"xpath","value":"//span[@id=\"application-managepartners-display-component---masterPtm--smartTable-header-inner\"]"}
RESULT: {}
RESULT: {"using":"xpath","value":"//span[@id=\"application-managepartners-display-component---masterPtm--smartTable-header-inner\"]"}
COMMAND: POST /session/50f16edc6deacc6e46419d57199c3d82/elements - {"using":"xpath","value":"//span[@id=\"application-managepartners-display-component---masterPtm--smartTable-header-inner\"]"}
RESULT: {"using":"xpath","value":"//span[@id=\"application-managepartners-display-component---masterPtm--smartTable-header-inner\"]"}
COMMAND: POST /session/50f16edc6deacc6e46419d57199c3d82/execute/sync - {"script":"<script> [56 bytes]","args":[{"element-6066-11e4-a52e-4f735466cecf":"f.54CFF833D3AC6A681D379AA79D22594A.d.B435F36FDF831FE94AC8EA697C93B616.e.5806","ELEMENT":"f.54CFF833D3AC6A681D379AA79D22594A.d.B435F36FDF831FE94AC8EA697C93B616.e.5806"}]}
RESULT: {"script":"<script> [56 bytes]","args":[{"element-6066-11e4-a52e-4f735466cecf":"f.54CFF833D3AC6A681D379AA79D22594A.d.B435F36FDF831FE94AC8EA697C93B616.e.5806","ELEMENT":"f.54CFF833D3AC6A681D379AA79D22594A.d.B435F36FDF831FE94AC8EA697C93B616.e.5806"}]}
COMMAND: POST /session/50f16edc6deacc6e46419d57199c3d82/execute/async - {"script":"<script> [1562 bytes]","args":[{"selector":{"id":"application-managepartners-display-component---masterPtm--smartFilterBar-filterItemControl_BASIC-YARD-vhi"},"wdio_ui5_key":"applicationmanagepartners-display-component---masterPtm--smartFilterBar-filterItemControl_BASIC-YARD-vhi"}]}
COMMAND: GET /session/50f16edc6deacc6e46419d57199c3d82/screenshot - {}
RESULT: {"script":"<script> [1562 bytes]","args":[{"selector":{"id":"application-managepartners-display-component---masterPtm--smartFilterBar-filterItemControl_BASIC-YARD-vhi"},"wdio_ui5_key":"applicationmanagepartners-display-component---masterPtm--smartFilterBar-filterItemControl_BASIC-YARD-vhi"}]}
RESULT: undefined
COMMAND: POST /session/50f16edc6deacc6e46419d57199c3d82/element - {"using":"xpath","value":"//*[@id=\"application-managepartners-display-component---masterPtm--smartFilterBar-filterItemControl_BASIC-YARD-vhi\"]"}
RESULT: {}
RESULT: {"using":"xpath","value":"//*[@id=\"application-managepartners-display-component---masterPtm--smartFilterBar-filterItemControl_BASIC-YARD-vhi\"]"}
COMMAND: POST /session/50f16edc6deacc6e46419d57199c3d82/element/f.54CFF833D3AC6A681D379AA79D22594A.d.B435F36FDF831FE94AC8EA697C93B616.e.6170/click - {}
RESULT: {}
COMMAND: GET /session/50f16edc6deacc6e46419d57199c3d82/screenshot - {}
RESULT: {}
COMMAND: POST /session/50f16edc6deacc6e46419d57199c3d82/execute/async - {"script":"<script> [1562 bytes]","args":[{"selector":{"id":"application-managepartners-display-component---masterPtm--smartFilterBar-filterItemControl_BASIC-YARD-valueHelpDialog-smartFilterBar-btnBasicSearch","searchOpenDialogs":true,"interaction":{"idSuffix":"I"}},"wdio_ui5_key":"applicationmanagepartners-display-component---masterPtm--smartFilterBar-filterItemControl_BASIC-YARD-valueHelpDialog-smartFilterBar-btnBasicSearch"}]}
RESULT: {"script":"<script> [1562 bytes]","args":[{"selector":{"id":"application-managepartners-display-component---masterPtm--smartFilterBar-filterItemControl_BASIC-YARD-valueHelpDialog-smartFilterBar-btnBasicSearch","searchOpenDialogs":true,"interaction":{"idSuffix":"I"}},"wdio_ui5_key":"applicationmanagepartners-display-component---masterPtm--smartFilterBar-filterItemControl_BASIC-YARD-valueHelpDialog-smartFilterBar-btnBasicSearch"}]}
RESULT: undefined
COMMAND: POST /session/50f16edc6deacc6e46419d57199c3d82/execute/async - {"script":"<script> [776 bytes]","args":[{"enterText":"Test","selector":{"id":"application-managepartners-display-component---masterPtm--smartFilterBar-filterItemControl_BASIC-YARD-valueHelpDialog-smartFilterBar-btnBasicSearch","searchOpenDialogs":true,"interaction":{"idSuffix":"I"}},"clearTextFirst":true,"interactionType":"ENTER_TEXT"}]}
RESULT: {"script":"<script> [776 bytes]","args":[{"enterText":"Test","selector":{"id":"application-managepartners-display-component---masterPtm--smartFilterBar-filterItemControl_BASIC-YARD-valueHelpDialog-smartFilterBar-btnBasicSearch","searchOpenDialogs":true,"interaction":{"idSuffix":"I"}},"clearTextFirst":true,"interactionType":"ENTER_TEXT"}]}
COMMAND: POST /session/50f16edc6deacc6e46419d57199c3d82/actions - {"actions":[{"id":"action19","type":"key","parameters":{},"actions":[{"type":"keyDown","value":"î€‡"},{"type":"pause","duration":10},{"type":"keyUp","value":"î€‡"}]}]}
RESULT: {"actions":[{"id":"action19","type":"key","parameters":{},"actions":[{"type":"keyDown","value":"î€‡"},{"type":"pause","duration":10},{"type":"keyUp","value":"î€‡"}]}]}
COMMAND: POST /session/50f16edc6deacc6e46419d57199c3d82/elements - {"using":"xpath","value":"//table[contains(@id, \"smartFilterBar-filterItemControl_BASIC-YARD-valueHelpDialog-table-table\")]/tbody/tr"}
COMMAND: GET /session/50f16edc6deacc6e46419d57199c3d82/screenshot - {}
RESULT: {"using":"xpath","value":"//table[contains(@id, \"smartFilterBar-filterItemControl_BASIC-YARD-valueHelpDialog-table-table\")]/tbody/tr"}
COMMAND: POST /session/50f16edc6deacc6e46419d57199c3d82/element - {"using":"xpath","value":"//table[contains(@id, \"smartFilterBar-filterItemControl_BASIC-YARD-valueHelpDialog-table-table\")]/tbody/tr[1]/td[1]/div/span"}
RESULT: {}
RESULT: {"using":"xpath","value":"//table[contains(@id, \"smartFilterBar-filterItemControl_BASIC-YARD-valueHelpDialog-table-table\")]/tbody/tr[1]/td[1]/div/span"}
COMMAND: POST /session/50f16edc6deacc6e46419d57199c3d82/elements - {"using":"xpath","value":"//table[contains(@id, \"smartFilterBar-filterItemControl_BASIC-YARD-valueHelpDialog-table-table\")]/tbody/tr[1]/td[1]/div/span"}
RESULT: {"using":"xpath","value":"//table[contains(@id, \"smartFilterBar-filterItemControl_BASIC-YARD-valueHelpDialog-table-table\")]/tbody/tr[1]/td[1]/div/span"}
COMMAND: POST /session/50f16edc6deacc6e46419d57199c3d82/execute/sync - {"script":"<script> [56 bytes]","args":[{"element-6066-11e4-a52e-4f735466cecf":"f.54CFF833D3AC6A681D379AA79D22594A.d.B435F36FDF831FE94AC8EA697C93B616.e.6189","ELEMENT":"f.54CFF833D3AC6A681D379AA79D22594A.d.B435F36FDF831FE94AC8EA697C93B616.e.6189"}]}
RESULT: {"script":"<script> [56 bytes]","args":[{"element-6066-11e4-a52e-4f735466cecf":"f.54CFF833D3AC6A681D379AA79D22594A.d.B435F36FDF831FE94AC8EA697C93B616.e.6189","ELEMENT":"f.54CFF833D3AC6A681D379AA79D22594A.d.B435F36FDF831FE94AC8EA697C93B616.e.6189"}]}
COMMAND: POST /session/50f16edc6deacc6e46419d57199c3d82/element - {"using":"xpath","value":"//table[contains(@id, \"smartFilterBar-filterItemControl_BASIC-YARD-valueHelpDialog-table-table\")]/tbody/tr[2]/td[1]/div/span"}
COMMAND: GET /session/50f16edc6deacc6e46419d57199c3d82/screenshot - {}
RESULT: {"using":"xpath","value":"//table[contains(@id, \"smartFilterBar-filterItemControl_BASIC-YARD-valueHelpDialog-table-table\")]/tbody/tr[2]/td[1]/div/span"}
COMMAND: POST /session/50f16edc6deacc6e46419d57199c3d82/elements - {"using":"xpath","value":"//table[contains(@id, \"smartFilterBar-filterItemControl_BASIC-YARD-valueHelpDialog-table-table\")]/tbody/tr[2]/td[1]/div/span"}
RESULT: {}
RESULT: {"using":"xpath","value":"//table[contains(@id, \"smartFilterBar-filterItemControl_BASIC-YARD-valueHelpDialog-table-table\")]/tbody/tr[2]/td[1]/div/span"}
COMMAND: POST /session/50f16edc6deacc6e46419d57199c3d82/execute/sync - {"script":"<script> [56 bytes]","args":[{"element-6066-11e4-a52e-4f735466cecf":"f.54CFF833D3AC6A681D379AA79D22594A.d.B435F36FDF831FE94AC8EA697C93B616.e.6190","ELEMENT":"f.54CFF833D3AC6A681D379AA79D22594A.d.B435F36FDF831FE94AC8EA697C93B616.e.6190"}]}
RESULT: {"script":"<script> [56 bytes]","args":[{"element-6066-11e4-a52e-4f735466cecf":"f.54CFF833D3AC6A681D379AA79D22594A.d.B435F36FDF831FE94AC8EA697C93B616.e.6190","ELEMENT":"f.54CFF833D3AC6A681D379AA79D22594A.d.B435F36FDF831FE94AC8EA697C93B616.e.6190"}]}
COMMAND: POST /session/50f16edc6deacc6e46419d57199c3d82/element - {"using":"xpath","value":"//table[contains(@id, \"smartFilterBar-filterItemControl_BASIC-YARD-valueHelpDialog-table-table\")]/tbody/tr[3]/td[1]/div/span"}
COMMAND: GET /session/50f16edc6deacc6e46419d57199c3d82/screenshot - {}
RESULT: {"using":"xpath","value":"//table[contains(@id, \"smartFilterBar-filterItemControl_BASIC-YARD-valueHelpDialog-table-table\")]/tbody/tr[3]/td[1]/div/span"}
COMMAND: POST /session/50f16edc6deacc6e46419d57199c3d82/elements - {"using":"xpath","value":"//table[contains(@id, \"smartFilterBar-filterItemControl_BASIC-YARD-valueHelpDialog-table-table\")]/tbody/tr[3]/td[1]/div/span"}
RESULT: {}
RESULT: {"using":"xpath","value":"//table[contains(@id, \"smartFilterBar-filterItemControl_BASIC-YARD-valueHelpDialog-table-table\")]/tbody/tr[3]/td[1]/div/span"}
COMMAND: POST /session/50f16edc6deacc6e46419d57199c3d82/execute/sync - {"script":"<script> [56 bytes]","args":[{"element-6066-11e4-a52e-4f735466cecf":"f.54CFF833D3AC6A681D379AA79D22594A.d.B435F36FDF831FE94AC8EA697C93B616.e.6191","ELEMENT":"f.54CFF833D3AC6A681D379AA79D22594A.d.B435F36FDF831FE94AC8EA697C93B616.e.6191"}]}
RESULT: {"script":"<script> [56 bytes]","args":[{"element-6066-11e4-a52e-4f735466cecf":"f.54CFF833D3AC6A681D379AA79D22594A.d.B435F36FDF831FE94AC8EA697C93B616.e.6191","ELEMENT":"f.54CFF833D3AC6A681D379AA79D22594A.d.B435F36FDF831FE94AC8EA697C93B616.e.6191"}]}
COMMAND: POST /session/50f16edc6deacc6e46419d57199c3d82/element - {"using":"xpath","value":"//div[contains(@id, \"filterItemControl_BASIC-YARD-valueHelpDialog-table-rowsel2\")]"}
COMMAND: GET /session/50f16edc6deacc6e46419d57199c3d82/screenshot - {}
RESULT: {"using":"xpath","value":"//div[contains(@id, \"filterItemControl_BASIC-YARD-valueHelpDialog-table-rowsel2\")]"}
COMMAND: POST /session/50f16edc6deacc6e46419d57199c3d82/element/f.54CFF833D3AC6A681D379AA79D22594A.d.B435F36FDF831FE94AC8EA697C93B616.e.6192/click - {}
RESULT: {}
RESULT: {}
COMMAND: GET /session/50f16edc6deacc6e46419d57199c3d82/screenshot - {}
RESULT: {}
COMMAND: POST /session/50f16edc6deacc6e46419d57199c3d82/element - {"using":"xpath","value":"(//bdi[contains(text(), \"OK\")])[1]"}
RESULT: {"using":"xpath","value":"(//bdi[contains(text(), \"OK\")])[1]"}
COMMAND: POST /session/50f16edc6deacc6e46419d57199c3d82/element/f.54CFF833D3AC6A681D379AA79D22594A.d.B435F36FDF831FE94AC8EA697C93B616.e.6194/click - {}
RESULT: {}
COMMAND: GET /session/50f16edc6deacc6e46419d57199c3d82/screenshot - {}
RESULT: {}
COMMAND: POST /session/50f16edc6deacc6e46419d57199c3d82/element - {"using":"xpath","value":"//span[@id=\"application-managepartners-display-component---masterPtm--smartTable-header-inner\"]"}
RESULT: {"using":"xpath","value":"//span[@id=\"application-managepartners-display-component---masterPtm--smartTable-header-inner\"]"}
COMMAND: POST /session/50f16edc6deacc6e46419d57199c3d82/elements - {"using":"xpath","value":"//span[@id=\"application-managepartners-display-component---masterPtm--smartTable-header-inner\"]"}
RESULT: {"using":"xpath","value":"//span[@id=\"application-managepartners-display-component---masterPtm--smartTable-header-inner\"]"}
COMMAND: POST /session/50f16edc6deacc6e46419d57199c3d82/execute/sync - {"script":"<script> [56 bytes]","args":[{"element-6066-11e4-a52e-4f735466cecf":"f.54CFF833D3AC6A681D379AA79D22594A.d.B435F36FDF831FE94AC8EA697C93B616.e.5806","ELEMENT":"f.54CFF833D3AC6A681D379AA79D22594A.d.B435F36FDF831FE94AC8EA697C93B616.e.5806"}]}
RESULT: {"script":"<script> [56 bytes]","args":[{"element-6066-11e4-a52e-4f735466cecf":"f.54CFF833D3AC6A681D379AA79D22594A.d.B435F36FDF831FE94AC8EA697C93B616.e.5806","ELEMENT":"f.54CFF833D3AC6A681D379AA79D22594A.d.B435F36FDF831FE94AC8EA697C93B616.e.5806"}]}
COMMAND: POST /session/50f16edc6deacc6e46419d57199c3d82/element - {"using":"xpath","value":"//span[contains(@title, \"Remove\")]"}
COMMAND: GET /session/50f16edc6deacc6e46419d57199c3d82/screenshot - {}
RESULT: {"using":"xpath","value":"//span[contains(@title, \"Remove\")]"}
COMMAND: POST /session/50f16edc6deacc6e46419d57199c3d82/element/f.54CFF833D3AC6A681D379AA79D22594A.d.B435F36FDF831FE94AC8EA697C93B616.e.6207/click - {}
RESULT: {}
RESULT: {}
COMMAND: GET /session/50f16edc6deacc6e46419d57199c3d82/screenshot - {}
RESULT: {}
COMMAND: POST /session/50f16edc6deacc6e46419d57199c3d82/element - {"using":"xpath","value":"//span[@id=\"application-managepartners-display-component---masterPtm--smartTable-header-inner\"]"}
RESULT: {"using":"xpath","value":"//span[@id=\"application-managepartners-display-component---masterPtm--smartTable-header-inner\"]"}
COMMAND: POST /session/50f16edc6deacc6e46419d57199c3d82/elements - {"using":"xpath","value":"//span[@id=\"application-managepartners-display-component---masterPtm--smartTable-header-inner\"]"}
RESULT: {"using":"xpath","value":"//span[@id=\"application-managepartners-display-component---masterPtm--smartTable-header-inner\"]"}
COMMAND: POST /session/50f16edc6deacc6e46419d57199c3d82/execute/sync - {"script":"<script> [56 bytes]","args":[{"element-6066-11e4-a52e-4f735466cecf":"f.54CFF833D3AC6A681D379AA79D22594A.d.B435F36FDF831FE94AC8EA697C93B616.e.5806","ELEMENT":"f.54CFF833D3AC6A681D379AA79D22594A.d.B435F36FDF831FE94AC8EA697C93B616.e.5806"}]}
RESULT: {"script":"<script> [56 bytes]","args":[{"element-6066-11e4-a52e-4f735466cecf":"f.54CFF833D3AC6A681D379AA79D22594A.d.B435F36FDF831FE94AC8EA697C93B616.e.5806","ELEMENT":"f.54CFF833D3AC6A681D379AA79D22594A.d.B435F36FDF831FE94AC8EA697C93B616.e.5806"}]}
COMMAND: POST /session/50f16edc6deacc6e46419d57199c3d82/execute/async - {"script":"<script> [1562 bytes]","args":[{"selector":{"id":"application-managepartners-display-component---masterPtm--smartFilterBar-filterItemControl_BASIC-ALL_TAGS-vhi"},"wdio_ui5_key":"applicationmanagepartners-display-component---masterPtm--smartFilterBar-filterItemControl_BASIC-ALL_TAGS-vhi"}]}
COMMAND: GET /session/50f16edc6deacc6e46419d57199c3d82/screenshot - {}
RESULT: {"script":"<script> [1562 bytes]","args":[{"selector":{"id":"application-managepartners-display-component---masterPtm--smartFilterBar-filterItemControl_BASIC-ALL_TAGS-vhi"},"wdio_ui5_key":"applicationmanagepartners-display-component---masterPtm--smartFilterBar-filterItemControl_BASIC-ALL_TAGS-vhi"}]}
RESULT: undefined
COMMAND: POST /session/50f16edc6deacc6e46419d57199c3d82/element - {"using":"xpath","value":"//*[@id=\"application-managepartners-display-component---masterPtm--smartFilterBar-filterItemControl_BASIC-ALL_TAGS-vhi\"]"}
RESULT: {}
RESULT: {"using":"xpath","value":"//*[@id=\"application-managepartners-display-component---masterPtm--smartFilterBar-filterItemControl_BASIC-ALL_TAGS-vhi\"]"}
COMMAND: POST /session/50f16edc6deacc6e46419d57199c3d82/element/f.54CFF833D3AC6A681D379AA79D22594A.d.B435F36FDF831FE94AC8EA697C93B616.e.6314/click - {}
RESULT: {}
COMMAND: GET /session/50f16edc6deacc6e46419d57199c3d82/screenshot - {}
RESULT: {}
COMMAND: POST /session/50f16edc6deacc6e46419d57199c3d82/execute/async - {"script":"<script> [1562 bytes]","args":[{"selector":{"id":"application-managepartners-display-component---masterPtm--smartFilterBar-filterItemControl_BASIC-ALL_TAGS-valueHelpDialog-smartFilterBar-btnBasicSearch","searchOpenDialogs":true,"interaction":{"idSuffix":"I"}},"wdio_ui5_key":"applicationmanagepartners-display-component---masterPtm--smartFilterBar-filterItemControl_BASIC-ALL_TAGS-valueHelpDialog-smartFilterBar-btnBasicSearch"}]}
RESULT: {"script":"<script> [1562 bytes]","args":[{"selector":{"id":"application-managepartners-display-component---masterPtm--smartFilterBar-filterItemControl_BASIC-ALL_TAGS-valueHelpDialog-smartFilterBar-btnBasicSearch","searchOpenDialogs":true,"interaction":{"idSuffix":"I"}},"wdio_ui5_key":"applicationmanagepartners-display-component---masterPtm--smartFilterBar-filterItemControl_BASIC-ALL_TAGS-valueHelpDialog-smartFilterBar-btnBasicSearch"}]}
RESULT: undefined
COMMAND: POST /session/50f16edc6deacc6e46419d57199c3d82/execute/async - {"script":"<script> [776 bytes]","args":[{"enterText":"test-tag-1","selector":{"id":"application-managepartners-display-component---masterPtm--smartFilterBar-filterItemControl_BASIC-ALL_TAGS-valueHelpDialog-smartFilterBar-btnBasicSearch","searchOpenDialogs":true,"interaction":{"idSuffix":"I"}},"clearTextFirst":true,"interactionType":"ENTER_TEXT"}]}
RESULT: {"script":"<script> [776 bytes]","args":[{"enterText":"test-tag-1","selector":{"id":"application-managepartners-display-component---masterPtm--smartFilterBar-filterItemControl_BASIC-ALL_TAGS-valueHelpDialog-smartFilterBar-btnBasicSearch","searchOpenDialogs":true,"interaction":{"idSuffix":"I"}},"clearTextFirst":true,"interactionType":"ENTER_TEXT"}]}
COMMAND: POST /session/50f16edc6deacc6e46419d57199c3d82/actions - {"actions":[{"id":"action20","type":"key","parameters":{},"actions":[{"type":"keyDown","value":"î€‡"},{"type":"pause","duration":10},{"type":"keyUp","value":"î€‡"}]}]}
RESULT: {"actions":[{"id":"action20","type":"key","parameters":{},"actions":[{"type":"keyDown","value":"î€‡"},{"type":"pause","duration":10},{"type":"keyUp","value":"î€‡"}]}]}
COMMAND: POST /session/50f16edc6deacc6e46419d57199c3d82/elements - {"using":"xpath","value":"//table[contains(@id, \"smartFilterBar-filterItemControl_BASIC-ALL_TAGS-valueHelpDialog-table-table\")]/tbody/tr"}
COMMAND: GET /session/50f16edc6deacc6e46419d57199c3d82/screenshot - {}
RESULT: {"using":"xpath","value":"//table[contains(@id, \"smartFilterBar-filterItemControl_BASIC-ALL_TAGS-valueHelpDialog-table-table\")]/tbody/tr"}
COMMAND: POST /session/50f16edc6deacc6e46419d57199c3d82/element - {"using":"xpath","value":"//table[contains(@id, \"smartFilterBar-filterItemControl_BASIC-ALL_TAGS-valueHelpDialog-table-table\")]/tbody/tr[1]/td[1]/div/span"}
RESULT: {}
RESULT: {"using":"xpath","value":"//table[contains(@id, \"smartFilterBar-filterItemControl_BASIC-ALL_TAGS-valueHelpDialog-table-table\")]/tbody/tr[1]/td[1]/div/span"}
COMMAND: POST /session/50f16edc6deacc6e46419d57199c3d82/elements - {"using":"xpath","value":"//table[contains(@id, \"smartFilterBar-filterItemControl_BASIC-ALL_TAGS-valueHelpDialog-table-table\")]/tbody/tr[1]/td[1]/div/span"}
RESULT: {"using":"xpath","value":"//table[contains(@id, \"smartFilterBar-filterItemControl_BASIC-ALL_TAGS-valueHelpDialog-table-table\")]/tbody/tr[1]/td[1]/div/span"}
COMMAND: POST /session/50f16edc6deacc6e46419d57199c3d82/execute/sync - {"script":"<script> [56 bytes]","args":[{"element-6066-11e4-a52e-4f735466cecf":"f.54CFF833D3AC6A681D379AA79D22594A.d.B435F36FDF831FE94AC8EA697C93B616.e.6333","ELEMENT":"f.54CFF833D3AC6A681D379AA79D22594A.d.B435F36FDF831FE94AC8EA697C93B616.e.6333"}]}
RESULT: {"script":"<script> [56 bytes]","args":[{"element-6066-11e4-a52e-4f735466cecf":"f.54CFF833D3AC6A681D379AA79D22594A.d.B435F36FDF831FE94AC8EA697C93B616.e.6333","ELEMENT":"f.54CFF833D3AC6A681D379AA79D22594A.d.B435F36FDF831FE94AC8EA697C93B616.e.6333"}]}
COMMAND: POST /session/50f16edc6deacc6e46419d57199c3d82/element - {"using":"xpath","value":"//div[contains(@id, \"filterItemControl_BASIC-ALL_TAGS-valueHelpDialog-table-rowsel0\")]"}
COMMAND: GET /session/50f16edc6deacc6e46419d57199c3d82/screenshot - {}
RESULT: {"using":"xpath","value":"//div[contains(@id, \"filterItemControl_BASIC-ALL_TAGS-valueHelpDialog-table-rowsel0\")]"}
COMMAND: POST /session/50f16edc6deacc6e46419d57199c3d82/element/f.54CFF833D3AC6A681D379AA79D22594A.d.B435F36FDF831FE94AC8EA697C93B616.e.6334/click - {}
RESULT: {}
RESULT: {}
COMMAND: GET /session/50f16edc6deacc6e46419d57199c3d82/screenshot - {}
RESULT: {}
COMMAND: POST /session/50f16edc6deacc6e46419d57199c3d82/element - {"using":"xpath","value":"(//bdi[contains(text(), \"OK\")])[1]"}
RESULT: {"using":"xpath","value":"(//bdi[contains(text(), \"OK\")])[1]"}
COMMAND: POST /session/50f16edc6deacc6e46419d57199c3d82/element/f.54CFF833D3AC6A681D379AA79D22594A.d.B435F36FDF831FE94AC8EA697C93B616.e.6336/click - {}
RESULT: {}
COMMAND: GET /session/50f16edc6deacc6e46419d57199c3d82/screenshot - {}
RESULT: {}
COMMAND: POST /session/50f16edc6deacc6e46419d57199c3d82/element - {"using":"xpath","value":"//span[@id=\"application-managepartners-display-component---masterPtm--smartTable-header-inner\"]"}
RESULT: {"using":"xpath","value":"//span[@id=\"application-managepartners-display-component---masterPtm--smartTable-header-inner\"]"}
COMMAND: POST /session/50f16edc6deacc6e46419d57199c3d82/elements - {"using":"xpath","value":"//span[@id=\"application-managepartners-display-component---masterPtm--smartTable-header-inner\"]"}
RESULT: {"using":"xpath","value":"//span[@id=\"application-managepartners-display-component---masterPtm--smartTable-header-inner\"]"}
COMMAND: POST /session/50f16edc6deacc6e46419d57199c3d82/execute/sync - {"script":"<script> [56 bytes]","args":[{"element-6066-11e4-a52e-4f735466cecf":"f.54CFF833D3AC6A681D379AA79D22594A.d.B435F36FDF831FE94AC8EA697C93B616.e.5806","ELEMENT":"f.54CFF833D3AC6A681D379AA79D22594A.d.B435F36FDF831FE94AC8EA697C93B616.e.5806"}]}
RESULT: {"script":"<script> [56 bytes]","args":[{"element-6066-11e4-a52e-4f735466cecf":"f.54CFF833D3AC6A681D379AA79D22594A.d.B435F36FDF831FE94AC8EA697C93B616.e.5806","ELEMENT":"f.54CFF833D3AC6A681D379AA79D22594A.d.B435F36FDF831FE94AC8EA697C93B616.e.5806"}]}
COMMAND: POST /session/50f16edc6deacc6e46419d57199c3d82/element - {"using":"xpath","value":"//span[contains(@title, \"Remove\")]"}
COMMAND: GET /session/50f16edc6deacc6e46419d57199c3d82/screenshot - {}
RESULT: {"using":"xpath","value":"//span[contains(@title, \"Remove\")]"}
COMMAND: POST /session/50f16edc6deacc6e46419d57199c3d82/element/f.54CFF833D3AC6A681D379AA79D22594A.d.B435F36FDF831FE94AC8EA697C93B616.e.6359/click - {}
RESULT: {}
RESULT: {}
COMMAND: GET /session/50f16edc6deacc6e46419d57199c3d82/screenshot - {}
COMMAND: POST /session/50f16edc6deacc6e46419d57199c3d82/execute/async - {"script":"<script> [1562 bytes]","args":[{"selector":{"id":"application-managepartners-display-component---masterPtm--partnerTypes-arrow"},"wdio_ui5_key":"applicationmanagepartners-display-component---masterPtm--partnerTypes-arrow"}]}
RESULT: {}
RESULT: {"script":"<script> [1562 bytes]","args":[{"selector":{"id":"application-managepartners-display-component---masterPtm--partnerTypes-arrow"},"wdio_ui5_key":"applicationmanagepartners-display-component---masterPtm--partnerTypes-arrow"}]}
RESULT: undefined
COMMAND: POST /session/50f16edc6deacc6e46419d57199c3d82/element - {"using":"xpath","value":"//*[@id=\"application-managepartners-display-component---masterPtm--partnerTypes-arrow\"]"}
RESULT: {"using":"xpath","value":"//*[@id=\"application-managepartners-display-component---masterPtm--partnerTypes-arrow\"]"}
COMMAND: POST /session/50f16edc6deacc6e46419d57199c3d82/element/f.54CFF833D3AC6A681D379AA79D22594A.d.B435F36FDF831FE94AC8EA697C93B616.e.6461/click - {}
RESULT: {}
COMMAND: GET /session/50f16edc6deacc6e46419d57199c3d82/screenshot - {}
RESULT: {}
COMMAND: POST /session/50f16edc6deacc6e46419d57199c3d82/element - {"using":"xpath","value":"//li[.//span[text()=\"External partner\"]]//div[contains(@class,\"sapMCbBg\")]"}
RESULT: {"using":"xpath","value":"//li[.//span[text()=\"External partner\"]]//div[contains(@class,\"sapMCbBg\")]"}
COMMAND: POST /session/50f16edc6deacc6e46419d57199c3d82/element/f.54CFF833D3AC6A681D379AA79D22594A.d.B435F36FDF831FE94AC8EA697C93B616.e.6466/click - {}
RESULT: {}
COMMAND: GET /session/50f16edc6deacc6e46419d57199c3d82/screenshot - {}
RESULT: {}
COMMAND: POST /session/50f16edc6deacc6e46419d57199c3d82/element - {"using":"xpath","value":"//div[contains(@id,\"application-managepartners-display-component---masterPtm--smartFilterBar-btnBasicSearch-search\")]"}
RESULT: {"using":"xpath","value":"//div[contains(@id,\"application-managepartners-display-component---masterPtm--smartFilterBar-btnBasicSearch-search\")]"}
COMMAND: POST /session/50f16edc6deacc6e46419d57199c3d82/element/f.54CFF833D3AC6A681D379AA79D22594A.d.B435F36FDF831FE94AC8EA697C93B616.e.6549/click - {}
RESULT: {}
COMMAND: GET /session/50f16edc6deacc6e46419d57199c3d82/screenshot - {}
RESULT: {}
COMMAND: POST /session/50f16edc6deacc6e46419d57199c3d82/element - {"using":"xpath","value":"//span[@id=\"application-managepartners-display-component---masterPtm--smartTable-header-inner\"]"}
RESULT: {"using":"xpath","value":"//span[@id=\"application-managepartners-display-component---masterPtm--smartTable-header-inner\"]"}
COMMAND: POST /session/50f16edc6deacc6e46419d57199c3d82/elements - {"using":"xpath","value":"//span[@id=\"application-managepartners-display-component---masterPtm--smartTable-header-inner\"]"}
RESULT: {"using":"xpath","value":"//span[@id=\"application-managepartners-display-component---masterPtm--smartTable-header-inner\"]"}
COMMAND: POST /session/50f16edc6deacc6e46419d57199c3d82/execute/sync - {"script":"<script> [56 bytes]","args":[{"element-6066-11e4-a52e-4f735466cecf":"f.54CFF833D3AC6A681D379AA79D22594A.d.B435F36FDF831FE94AC8EA697C93B616.e.5806","ELEMENT":"f.54CFF833D3AC6A681D379AA79D22594A.d.B435F36FDF831FE94AC8EA697C93B616.e.5806"}]}
RESULT: {"script":"<script> [56 bytes]","args":[{"element-6066-11e4-a52e-4f735466cecf":"f.54CFF833D3AC6A681D379AA79D22594A.d.B435F36FDF831FE94AC8EA697C93B616.e.5806","ELEMENT":"f.54CFF833D3AC6A681D379AA79D22594A.d.B435F36FDF831FE94AC8EA697C93B616.e.5806"}]}
COMMAND: POST /session/50f16edc6deacc6e46419d57199c3d82/element - {"using":"xpath","value":"//span[contains(@title, \"Remove\")]"}
COMMAND: GET /session/50f16edc6deacc6e46419d57199c3d82/screenshot - {}
RESULT: {"using":"xpath","value":"//span[contains(@title, \"Remove\")]"}
COMMAND: POST /session/50f16edc6deacc6e46419d57199c3d82/element/f.54CFF833D3AC6A681D379AA79D22594A.d.B435F36FDF831FE94AC8EA697C93B616.e.6554/click - {}
RESULT: {}
RESULT: {}
COMMAND: GET /session/50f16edc6deacc6e46419d57199c3d82/screenshot - {}
RESULT: {}
COMMAND: POST /session/50f16edc6deacc6e46419d57199c3d82/execute/async - {"script":"<script> [1562 bytes]","args":[{"selector":{"id":"application-managepartners-display-component---masterPtm--smartFilterBar-btnFilters","interaction":{"idSuffix":"BDI-content"}},"wdio_ui5_key":"applicationmanagepartners-display-component---masterPtm--smartFilterBar-btnFilters"}]}
RESULT: {"script":"<script> [1562 bytes]","args":[{"selector":{"id":"application-managepartners-display-component---masterPtm--smartFilterBar-btnFilters","interaction":{"idSuffix":"BDI-content"}},"wdio_ui5_key":"applicationmanagepartners-display-component---masterPtm--smartFilterBar-btnFilters"}]}
RESULT: undefined
COMMAND: POST /session/50f16edc6deacc6e46419d57199c3d82/element - {"using":"xpath","value":"//*[@id=\"application-managepartners-display-component---masterPtm--smartFilterBar-btnFilters\"]"}
RESULT: {"using":"xpath","value":"//*[@id=\"application-managepartners-display-component---masterPtm--smartFilterBar-btnFilters\"]"}
COMMAND: POST /session/50f16edc6deacc6e46419d57199c3d82/element/f.54CFF833D3AC6A681D379AA79D22594A.d.B435F36FDF831FE94AC8EA697C93B616.e.5648/click - {}
RESULT: {}
COMMAND: GET /session/50f16edc6deacc6e46419d57199c3d82/screenshot - {}
RESULT: {}
COMMAND: POST /session/50f16edc6deacc6e46419d57199c3d82/elements - {"using":"xpath","value":"//table[contains(@id, \"listView-innerSelectionPanelTable-listUl\")]/tbody/tr"}
RESULT: {"using":"xpath","value":"//table[contains(@id, \"listView-innerSelectionPanelTable-listUl\")]/tbody/tr"}
COMMAND: POST /session/50f16edc6deacc6e46419d57199c3d82/element - {"using":"xpath","value":"//table[contains(@id, \"listView-innerSelectionPanelTable-listUl\")]/tbody/tr[2]/td[2]/div/div"}
RESULT: {"using":"xpath","value":"//table[contains(@id, \"listView-innerSelectionPanelTable-listUl\")]/tbody/tr[2]/td[2]/div/div"}
COMMAND: POST /session/50f16edc6deacc6e46419d57199c3d82/element - {"using":"xpath","value":"//table[contains(@id, \"listView-innerSelectionPanelTable-listUl\")]/tbody/tr[2]/td[2]/div"}
RESULT: {"using":"xpath","value":"//table[contains(@id, \"listView-innerSelectionPanelTable-listUl\")]/tbody/tr[2]/td[2]/div"}
COMMAND: POST /session/50f16edc6deacc6e46419d57199c3d82/element - {"using":"xpath","value":"//table[contains(@id, \"listView-innerSelectionPanelTable-listUl\")]/tbody/tr[2]/td[3]/div/div/span/span[1]/bdi"}
RESULT: {"using":"xpath","value":"//table[contains(@id, \"listView-innerSelectionPanelTable-listUl\")]/tbody/tr[2]/td[3]/div/div/span/span[1]/bdi"}
COMMAND: POST /session/50f16edc6deacc6e46419d57199c3d82/execute/sync - {"script":"<script> [56 bytes]","args":[{"element-6066-11e4-a52e-4f735466cecf":"f.54CFF833D3AC6A681D379AA79D22594A.d.B435F36FDF831FE94AC8EA697C93B616.e.6664","ELEMENT":"f.54CFF833D3AC6A681D379AA79D22594A.d.B435F36FDF831FE94AC8EA697C93B616.e.6664"}]}
RESULT: {"script":"<script> [56 bytes]","args":[{"element-6066-11e4-a52e-4f735466cecf":"f.54CFF833D3AC6A681D379AA79D22594A.d.B435F36FDF831FE94AC8EA697C93B616.e.6664","ELEMENT":"f.54CFF833D3AC6A681D379AA79D22594A.d.B435F36FDF831FE94AC8EA697C93B616.e.6664"}]}
COMMAND: GET /session/50f16edc6deacc6e46419d57199c3d82/element/f.54CFF833D3AC6A681D379AA79D22594A.d.B435F36FDF831FE94AC8EA697C93B616.e.6663/attribute/aria-checked - {}
COMMAND: GET /session/50f16edc6deacc6e46419d57199c3d82/screenshot - {}
RESULT: {}
COMMAND: POST /session/50f16edc6deacc6e46419d57199c3d82/element - {"using":"xpath","value":"//table[contains(@id, \"listView-innerSelectionPanelTable-listUl\")]/tbody/tr[3]/td[2]/div/div"}
RESULT: {}
RESULT: {"using":"xpath","value":"//table[contains(@id, \"listView-innerSelectionPanelTable-listUl\")]/tbody/tr[3]/td[2]/div/div"}
COMMAND: POST /session/50f16edc6deacc6e46419d57199c3d82/element - {"using":"xpath","value":"//table[contains(@id, \"listView-innerSelectionPanelTable-listUl\")]/tbody/tr[3]/td[2]/div"}
RESULT: {"using":"xpath","value":"//table[contains(@id, \"listView-innerSelectionPanelTable-listUl\")]/tbody/tr[3]/td[2]/div"}
COMMAND: POST /session/50f16edc6deacc6e46419d57199c3d82/element - {"using":"xpath","value":"//table[contains(@id, \"listView-innerSelectionPanelTable-listUl\")]/tbody/tr[3]/td[3]/div/div/span/span[1]/bdi"}
RESULT: {"using":"xpath","value":"//table[contains(@id, \"listView-innerSelectionPanelTable-listUl\")]/tbody/tr[3]/td[3]/div/div/span/span[1]/bdi"}
COMMAND: POST /session/50f16edc6deacc6e46419d57199c3d82/execute/sync - {"script":"<script> [56 bytes]","args":[{"element-6066-11e4-a52e-4f735466cecf":"f.54CFF833D3AC6A681D379AA79D22594A.d.B435F36FDF831FE94AC8EA697C93B616.e.6667","ELEMENT":"f.54CFF833D3AC6A681D379AA79D22594A.d.B435F36FDF831FE94AC8EA697C93B616.e.6667"}]}
RESULT: {"script":"<script> [56 bytes]","args":[{"element-6066-11e4-a52e-4f735466cecf":"f.54CFF833D3AC6A681D379AA79D22594A.d.B435F36FDF831FE94AC8EA697C93B616.e.6667","ELEMENT":"f.54CFF833D3AC6A681D379AA79D22594A.d.B435F36FDF831FE94AC8EA697C93B616.e.6667"}]}
COMMAND: GET /session/50f16edc6deacc6e46419d57199c3d82/element/f.54CFF833D3AC6A681D379AA79D22594A.d.B435F36FDF831FE94AC8EA697C93B616.e.6666/attribute/aria-checked - {}
COMMAND: GET /session/50f16edc6deacc6e46419d57199c3d82/screenshot - {}
RESULT: {}
COMMAND: POST /session/50f16edc6deacc6e46419d57199c3d82/element - {"using":"xpath","value":"//table[contains(@id, \"listView-innerSelectionPanelTable-listUl\")]/tbody/tr[4]/td[2]/div/div"}
RESULT: {}
RESULT: {"using":"xpath","value":"//table[contains(@id, \"listView-innerSelectionPanelTable-listUl\")]/tbody/tr[4]/td[2]/div/div"}
COMMAND: POST /session/50f16edc6deacc6e46419d57199c3d82/element - {"using":"xpath","value":"//table[contains(@id, \"listView-innerSelectionPanelTable-listUl\")]/tbody/tr[4]/td[2]/div"}
RESULT: {"using":"xpath","value":"//table[contains(@id, \"listView-innerSelectionPanelTable-listUl\")]/tbody/tr[4]/td[2]/div"}
COMMAND: POST /session/50f16edc6deacc6e46419d57199c3d82/element - {"using":"xpath","value":"//table[contains(@id, \"listView-innerSelectionPanelTable-listUl\")]/tbody/tr[4]/td[3]/div/div/span/span[1]/bdi"}
RESULT: {"using":"xpath","value":"//table[contains(@id, \"listView-innerSelectionPanelTable-listUl\")]/tbody/tr[4]/td[3]/div/div/span/span[1]/bdi"}
COMMAND: POST /session/50f16edc6deacc6e46419d57199c3d82/execute/sync - {"script":"<script> [56 bytes]","args":[{"element-6066-11e4-a52e-4f735466cecf":"f.54CFF833D3AC6A681D379AA79D22594A.d.B435F36FDF831FE94AC8EA697C93B616.e.6670","ELEMENT":"f.54CFF833D3AC6A681D379AA79D22594A.d.B435F36FDF831FE94AC8EA697C93B616.e.6670"}]}
RESULT: {"script":"<script> [56 bytes]","args":[{"element-6066-11e4-a52e-4f735466cecf":"f.54CFF833D3AC6A681D379AA79D22594A.d.B435F36FDF831FE94AC8EA697C93B616.e.6670","ELEMENT":"f.54CFF833D3AC6A681D379AA79D22594A.d.B435F36FDF831FE94AC8EA697C93B616.e.6670"}]}
COMMAND: GET /session/50f16edc6deacc6e46419d57199c3d82/element/f.54CFF833D3AC6A681D379AA79D22594A.d.B435F36FDF831FE94AC8EA697C93B616.e.6669/attribute/aria-checked - {}
COMMAND: GET /session/50f16edc6deacc6e46419d57199c3d82/screenshot - {}
RESULT: {}
COMMAND: POST /session/50f16edc6deacc6e46419d57199c3d82/element - {"using":"xpath","value":"//table[contains(@id, \"listView-innerSelectionPanelTable-listUl\")]/tbody/tr[5]/td[2]/div/div"}
RESULT: {}
RESULT: {"using":"xpath","value":"//table[contains(@id, \"listView-innerSelectionPanelTable-listUl\")]/tbody/tr[5]/td[2]/div/div"}
COMMAND: POST /session/50f16edc6deacc6e46419d57199c3d82/element - {"using":"xpath","value":"//table[contains(@id, \"listView-innerSelectionPanelTable-listUl\")]/tbody/tr[5]/td[2]/div"}
RESULT: {"using":"xpath","value":"//table[contains(@id, \"listView-innerSelectionPanelTable-listUl\")]/tbody/tr[5]/td[2]/div"}
COMMAND: POST /session/50f16edc6deacc6e46419d57199c3d82/element - {"using":"xpath","value":"//table[contains(@id, \"listView-innerSelectionPanelTable-listUl\")]/tbody/tr[5]/td[3]/div/div/span/span[1]/bdi"}
RESULT: {"using":"xpath","value":"//table[contains(@id, \"listView-innerSelectionPanelTable-listUl\")]/tbody/tr[5]/td[3]/div/div/span/span[1]/bdi"}
COMMAND: POST /session/50f16edc6deacc6e46419d57199c3d82/execute/sync - {"script":"<script> [56 bytes]","args":[{"element-6066-11e4-a52e-4f735466cecf":"f.54CFF833D3AC6A681D379AA79D22594A.d.B435F36FDF831FE94AC8EA697C93B616.e.6673","ELEMENT":"f.54CFF833D3AC6A681D379AA79D22594A.d.B435F36FDF831FE94AC8EA697C93B616.e.6673"}]}
RESULT: {"script":"<script> [56 bytes]","args":[{"element-6066-11e4-a52e-4f735466cecf":"f.54CFF833D3AC6A681D379AA79D22594A.d.B435F36FDF831FE94AC8EA697C93B616.e.6673","ELEMENT":"f.54CFF833D3AC6A681D379AA79D22594A.d.B435F36FDF831FE94AC8EA697C93B616.e.6673"}]}
COMMAND: GET /session/50f16edc6deacc6e46419d57199c3d82/element/f.54CFF833D3AC6A681D379AA79D22594A.d.B435F36FDF831FE94AC8EA697C93B616.e.6672/attribute/aria-checked - {}
COMMAND: GET /session/50f16edc6deacc6e46419d57199c3d82/screenshot - {}
RESULT: {}
COMMAND: POST /session/50f16edc6deacc6e46419d57199c3d82/element - {"using":"xpath","value":"//table[contains(@id, \"listView-innerSelectionPanelTable-listUl\")]/tbody/tr[6]/td[2]/div/div"}
RESULT: {}
RESULT: {"using":"xpath","value":"//table[contains(@id, \"listView-innerSelectionPanelTable-listUl\")]/tbody/tr[6]/td[2]/div/div"}
COMMAND: POST /session/50f16edc6deacc6e46419d57199c3d82/element - {"using":"xpath","value":"//table[contains(@id, \"listView-innerSelectionPanelTable-listUl\")]/tbody/tr[6]/td[2]/div"}
RESULT: {"using":"xpath","value":"//table[contains(@id, \"listView-innerSelectionPanelTable-listUl\")]/tbody/tr[6]/td[2]/div"}
COMMAND: POST /session/50f16edc6deacc6e46419d57199c3d82/element - {"using":"xpath","value":"//table[contains(@id, \"listView-innerSelectionPanelTable-listUl\")]/tbody/tr[6]/td[3]/div/div/span/span[1]/bdi"}
RESULT: {"using":"xpath","value":"//table[contains(@id, \"listView-innerSelectionPanelTable-listUl\")]/tbody/tr[6]/td[3]/div/div/span/span[1]/bdi"}
COMMAND: POST /session/50f16edc6deacc6e46419d57199c3d82/execute/sync - {"script":"<script> [56 bytes]","args":[{"element-6066-11e4-a52e-4f735466cecf":"f.54CFF833D3AC6A681D379AA79D22594A.d.B435F36FDF831FE94AC8EA697C93B616.e.6676","ELEMENT":"f.54CFF833D3AC6A681D379AA79D22594A.d.B435F36FDF831FE94AC8EA697C93B616.e.6676"}]}
RESULT: {"script":"<script> [56 bytes]","args":[{"element-6066-11e4-a52e-4f735466cecf":"f.54CFF833D3AC6A681D379AA79D22594A.d.B435F36FDF831FE94AC8EA697C93B616.e.6676","ELEMENT":"f.54CFF833D3AC6A681D379AA79D22594A.d.B435F36FDF831FE94AC8EA697C93B616.e.6676"}]}
COMMAND: GET /session/50f16edc6deacc6e46419d57199c3d82/element/f.54CFF833D3AC6A681D379AA79D22594A.d.B435F36FDF831FE94AC8EA697C93B616.e.6675/attribute/aria-checked - {}
COMMAND: GET /session/50f16edc6deacc6e46419d57199c3d82/screenshot - {}
RESULT: {}
COMMAND: POST /session/50f16edc6deacc6e46419d57199c3d82/element - {"using":"xpath","value":"//table[contains(@id, \"listView-innerSelectionPanelTable-listUl\")]/tbody/tr[7]/td[2]/div/div"}
RESULT: {}
RESULT: {"using":"xpath","value":"//table[contains(@id, \"listView-innerSelectionPanelTable-listUl\")]/tbody/tr[7]/td[2]/div/div"}
COMMAND: POST /session/50f16edc6deacc6e46419d57199c3d82/element - {"using":"xpath","value":"//table[contains(@id, \"listView-innerSelectionPanelTable-listUl\")]/tbody/tr[7]/td[2]/div"}
RESULT: {"using":"xpath","value":"//table[contains(@id, \"listView-innerSelectionPanelTable-listUl\")]/tbody/tr[7]/td[2]/div"}
COMMAND: POST /session/50f16edc6deacc6e46419d57199c3d82/element - {"using":"xpath","value":"//table[contains(@id, \"listView-innerSelectionPanelTable-listUl\")]/tbody/tr[7]/td[3]/div/div/span/span[1]/bdi"}
RESULT: {"using":"xpath","value":"//table[contains(@id, \"listView-innerSelectionPanelTable-listUl\")]/tbody/tr[7]/td[3]/div/div/span/span[1]/bdi"}
COMMAND: POST /session/50f16edc6deacc6e46419d57199c3d82/execute/sync - {"script":"<script> [56 bytes]","args":[{"element-6066-11e4-a52e-4f735466cecf":"f.54CFF833D3AC6A681D379AA79D22594A.d.B435F36FDF831FE94AC8EA697C93B616.e.6679","ELEMENT":"f.54CFF833D3AC6A681D379AA79D22594A.d.B435F36FDF831FE94AC8EA697C93B616.e.6679"}]}
RESULT: {"script":"<script> [56 bytes]","args":[{"element-6066-11e4-a52e-4f735466cecf":"f.54CFF833D3AC6A681D379AA79D22594A.d.B435F36FDF831FE94AC8EA697C93B616.e.6679","ELEMENT":"f.54CFF833D3AC6A681D379AA79D22594A.d.B435F36FDF831FE94AC8EA697C93B616.e.6679"}]}
COMMAND: GET /session/50f16edc6deacc6e46419d57199c3d82/element/f.54CFF833D3AC6A681D379AA79D22594A.d.B435F36FDF831FE94AC8EA697C93B616.e.6678/attribute/aria-checked - {}
COMMAND: GET /session/50f16edc6deacc6e46419d57199c3d82/screenshot - {}
RESULT: {}
COMMAND: POST /session/50f16edc6deacc6e46419d57199c3d82/element - {"using":"xpath","value":"//table[contains(@id, \"listView-innerSelectionPanelTable-listUl\")]/tbody/tr[8]/td[2]/div/div"}
RESULT: {}
RESULT: {"using":"xpath","value":"//table[contains(@id, \"listView-innerSelectionPanelTable-listUl\")]/tbody/tr[8]/td[2]/div/div"}
COMMAND: POST /session/50f16edc6deacc6e46419d57199c3d82/element - {"using":"xpath","value":"//table[contains(@id, \"listView-innerSelectionPanelTable-listUl\")]/tbody/tr[8]/td[2]/div"}
RESULT: {"using":"xpath","value":"//table[contains(@id, \"listView-innerSelectionPanelTable-listUl\")]/tbody/tr[8]/td[2]/div"}
COMMAND: POST /session/50f16edc6deacc6e46419d57199c3d82/element - {"using":"xpath","value":"//table[contains(@id, \"listView-innerSelectionPanelTable-listUl\")]/tbody/tr[8]/td[3]/div/div/span/span[1]/bdi"}
RESULT: {"using":"xpath","value":"//table[contains(@id, \"listView-innerSelectionPanelTable-listUl\")]/tbody/tr[8]/td[3]/div/div/span/span[1]/bdi"}
COMMAND: POST /session/50f16edc6deacc6e46419d57199c3d82/execute/sync - {"script":"<script> [56 bytes]","args":[{"element-6066-11e4-a52e-4f735466cecf":"f.54CFF833D3AC6A681D379AA79D22594A.d.B435F36FDF831FE94AC8EA697C93B616.e.6682","ELEMENT":"f.54CFF833D3AC6A681D379AA79D22594A.d.B435F36FDF831FE94AC8EA697C93B616.e.6682"}]}
RESULT: {"script":"<script> [56 bytes]","args":[{"element-6066-11e4-a52e-4f735466cecf":"f.54CFF833D3AC6A681D379AA79D22594A.d.B435F36FDF831FE94AC8EA697C93B616.e.6682","ELEMENT":"f.54CFF833D3AC6A681D379AA79D22594A.d.B435F36FDF831FE94AC8EA697C93B616.e.6682"}]}
COMMAND: GET /session/50f16edc6deacc6e46419d57199c3d82/element/f.54CFF833D3AC6A681D379AA79D22594A.d.B435F36FDF831FE94AC8EA697C93B616.e.6681/attribute/aria-checked - {}
COMMAND: GET /session/50f16edc6deacc6e46419d57199c3d82/screenshot - {}
RESULT: {}
COMMAND: POST /session/50f16edc6deacc6e46419d57199c3d82/element - {"using":"xpath","value":"//table[contains(@id, \"listView-innerSelectionPanelTable-listUl\")]/tbody/tr[9]/td[2]/div/div"}
RESULT: {}
RESULT: {"using":"xpath","value":"//table[contains(@id, \"listView-innerSelectionPanelTable-listUl\")]/tbody/tr[9]/td[2]/div/div"}
COMMAND: POST /session/50f16edc6deacc6e46419d57199c3d82/element - {"using":"xpath","value":"//table[contains(@id, \"listView-innerSelectionPanelTable-listUl\")]/tbody/tr[9]/td[2]/div"}
RESULT: {"using":"xpath","value":"//table[contains(@id, \"listView-innerSelectionPanelTable-listUl\")]/tbody/tr[9]/td[2]/div"}
COMMAND: POST /session/50f16edc6deacc6e46419d57199c3d82/element - {"using":"xpath","value":"//table[contains(@id, \"listView-innerSelectionPanelTable-listUl\")]/tbody/tr[9]/td[3]/div/div/span/span[1]/bdi"}
RESULT: {"using":"xpath","value":"//table[contains(@id, \"listView-innerSelectionPanelTable-listUl\")]/tbody/tr[9]/td[3]/div/div/span/span[1]/bdi"}
COMMAND: POST /session/50f16edc6deacc6e46419d57199c3d82/execute/sync - {"script":"<script> [56 bytes]","args":[{"element-6066-11e4-a52e-4f735466cecf":"f.54CFF833D3AC6A681D379AA79D22594A.d.B435F36FDF831FE94AC8EA697C93B616.e.6685","ELEMENT":"f.54CFF833D3AC6A681D379AA79D22594A.d.B435F36FDF831FE94AC8EA697C93B616.e.6685"}]}
RESULT: {"script":"<script> [56 bytes]","args":[{"element-6066-11e4-a52e-4f735466cecf":"f.54CFF833D3AC6A681D379AA79D22594A.d.B435F36FDF831FE94AC8EA697C93B616.e.6685","ELEMENT":"f.54CFF833D3AC6A681D379AA79D22594A.d.B435F36FDF831FE94AC8EA697C93B616.e.6685"}]}
COMMAND: GET /session/50f16edc6deacc6e46419d57199c3d82/element/f.54CFF833D3AC6A681D379AA79D22594A.d.B435F36FDF831FE94AC8EA697C93B616.e.6684/attribute/aria-checked - {}
COMMAND: GET /session/50f16edc6deacc6e46419d57199c3d82/screenshot - {}
RESULT: {}
COMMAND: POST /session/50f16edc6deacc6e46419d57199c3d82/element - {"using":"xpath","value":"//table[contains(@id, \"listView-innerSelectionPanelTable-listUl\")]/tbody/tr[10]/td[2]/div/div"}
RESULT: {}
RESULT: {"using":"xpath","value":"//table[contains(@id, \"listView-innerSelectionPanelTable-listUl\")]/tbody/tr[10]/td[2]/div/div"}
COMMAND: POST /session/50f16edc6deacc6e46419d57199c3d82/element - {"using":"xpath","value":"//table[contains(@id, \"listView-innerSelectionPanelTable-listUl\")]/tbody/tr[10]/td[2]/div"}
RESULT: {"using":"xpath","value":"//table[contains(@id, \"listView-innerSelectionPanelTable-listUl\")]/tbody/tr[10]/td[2]/div"}
COMMAND: POST /session/50f16edc6deacc6e46419d57199c3d82/element - {"using":"xpath","value":"//table[contains(@id, \"listView-innerSelectionPanelTable-listUl\")]/tbody/tr[10]/td[3]/div/div/span/span[1]/bdi"}
RESULT: {"using":"xpath","value":"//table[contains(@id, \"listView-innerSelectionPanelTable-listUl\")]/tbody/tr[10]/td[3]/div/div/span/span[1]/bdi"}
COMMAND: POST /session/50f16edc6deacc6e46419d57199c3d82/execute/sync - {"script":"<script> [56 bytes]","args":[{"element-6066-11e4-a52e-4f735466cecf":"f.54CFF833D3AC6A681D379AA79D22594A.d.B435F36FDF831FE94AC8EA697C93B616.e.6688","ELEMENT":"f.54CFF833D3AC6A681D379AA79D22594A.d.B435F36FDF831FE94AC8EA697C93B616.e.6688"}]}
RESULT: {"script":"<script> [56 bytes]","args":[{"element-6066-11e4-a52e-4f735466cecf":"f.54CFF833D3AC6A681D379AA79D22594A.d.B435F36FDF831FE94AC8EA697C93B616.e.6688","ELEMENT":"f.54CFF833D3AC6A681D379AA79D22594A.d.B435F36FDF831FE94AC8EA697C93B616.e.6688"}]}
COMMAND: GET /session/50f16edc6deacc6e46419d57199c3d82/element/f.54CFF833D3AC6A681D379AA79D22594A.d.B435F36FDF831FE94AC8EA697C93B616.e.6687/attribute/aria-checked - {}
COMMAND: GET /session/50f16edc6deacc6e46419d57199c3d82/screenshot - {}
RESULT: {}
COMMAND: POST /session/50f16edc6deacc6e46419d57199c3d82/element - {"using":"xpath","value":"//table[contains(@id, \"listView-innerSelectionPanelTable-listUl\")]/tbody/tr[11]/td[2]/div/div"}
RESULT: {}
RESULT: {"using":"xpath","value":"//table[contains(@id, \"listView-innerSelectionPanelTable-listUl\")]/tbody/tr[11]/td[2]/div/div"}
COMMAND: POST /session/50f16edc6deacc6e46419d57199c3d82/element - {"using":"xpath","value":"//table[contains(@id, \"listView-innerSelectionPanelTable-listUl\")]/tbody/tr[11]/td[2]/div"}
RESULT: {"using":"xpath","value":"//table[contains(@id, \"listView-innerSelectionPanelTable-listUl\")]/tbody/tr[11]/td[2]/div"}
COMMAND: POST /session/50f16edc6deacc6e46419d57199c3d82/element - {"using":"xpath","value":"//table[contains(@id, \"listView-innerSelectionPanelTable-listUl\")]/tbody/tr[11]/td[3]/div/div/span/span[1]/bdi"}
RESULT: {"using":"xpath","value":"//table[contains(@id, \"listView-innerSelectionPanelTable-listUl\")]/tbody/tr[11]/td[3]/div/div/span/span[1]/bdi"}
COMMAND: POST /session/50f16edc6deacc6e46419d57199c3d82/execute/sync - {"script":"<script> [56 bytes]","args":[{"element-6066-11e4-a52e-4f735466cecf":"f.54CFF833D3AC6A681D379AA79D22594A.d.B435F36FDF831FE94AC8EA697C93B616.e.6691","ELEMENT":"f.54CFF833D3AC6A681D379AA79D22594A.d.B435F36FDF831FE94AC8EA697C93B616.e.6691"}]}
RESULT: {"script":"<script> [56 bytes]","args":[{"element-6066-11e4-a52e-4f735466cecf":"f.54CFF833D3AC6A681D379AA79D22594A.d.B435F36FDF831FE94AC8EA697C93B616.e.6691","ELEMENT":"f.54CFF833D3AC6A681D379AA79D22594A.d.B435F36FDF831FE94AC8EA697C93B616.e.6691"}]}
COMMAND: GET /session/50f16edc6deacc6e46419d57199c3d82/element/f.54CFF833D3AC6A681D379AA79D22594A.d.B435F36FDF831FE94AC8EA697C93B616.e.6690/attribute/aria-checked - {}
COMMAND: GET /session/50f16edc6deacc6e46419d57199c3d82/screenshot - {}
RESULT: {}
COMMAND: POST /session/50f16edc6deacc6e46419d57199c3d82/element - {"using":"xpath","value":"//table[contains(@id, \"listView-innerSelectionPanelTable-listUl\")]/tbody/tr[12]/td[2]/div/div"}
RESULT: {}
RESULT: {"using":"xpath","value":"//table[contains(@id, \"listView-innerSelectionPanelTable-listUl\")]/tbody/tr[12]/td[2]/div/div"}
COMMAND: POST /session/50f16edc6deacc6e46419d57199c3d82/element - {"using":"xpath","value":"//table[contains(@id, \"listView-innerSelectionPanelTable-listUl\")]/tbody/tr[12]/td[2]/div"}
RESULT: {"using":"xpath","value":"//table[contains(@id, \"listView-innerSelectionPanelTable-listUl\")]/tbody/tr[12]/td[2]/div"}
COMMAND: POST /session/50f16edc6deacc6e46419d57199c3d82/element - {"using":"xpath","value":"//table[contains(@id, \"listView-innerSelectionPanelTable-listUl\")]/tbody/tr[12]/td[3]/div/div/span/span[1]/bdi"}
RESULT: {"using":"xpath","value":"//table[contains(@id, \"listView-innerSelectionPanelTable-listUl\")]/tbody/tr[12]/td[3]/div/div/span/span[1]/bdi"}
COMMAND: POST /session/50f16edc6deacc6e46419d57199c3d82/execute/sync - {"script":"<script> [56 bytes]","args":[{"element-6066-11e4-a52e-4f735466cecf":"f.54CFF833D3AC6A681D379AA79D22594A.d.B435F36FDF831FE94AC8EA697C93B616.e.6694","ELEMENT":"f.54CFF833D3AC6A681D379AA79D22594A.d.B435F36FDF831FE94AC8EA697C93B616.e.6694"}]}
RESULT: {"script":"<script> [56 bytes]","args":[{"element-6066-11e4-a52e-4f735466cecf":"f.54CFF833D3AC6A681D379AA79D22594A.d.B435F36FDF831FE94AC8EA697C93B616.e.6694","ELEMENT":"f.54CFF833D3AC6A681D379AA79D22594A.d.B435F36FDF831FE94AC8EA697C93B616.e.6694"}]}
COMMAND: GET /session/50f16edc6deacc6e46419d57199c3d82/element/f.54CFF833D3AC6A681D379AA79D22594A.d.B435F36FDF831FE94AC8EA697C93B616.e.6693/attribute/aria-checked - {}
COMMAND: GET /session/50f16edc6deacc6e46419d57199c3d82/screenshot - {}
RESULT: {}
COMMAND: POST /session/50f16edc6deacc6e46419d57199c3d82/element - {"using":"xpath","value":"//table[contains(@id, \"listView-innerSelectionPanelTable-listUl\")]/tbody/tr[13]/td[2]/div/div"}
RESULT: {}
RESULT: {"using":"xpath","value":"//table[contains(@id, \"listView-innerSelectionPanelTable-listUl\")]/tbody/tr[13]/td[2]/div/div"}
COMMAND: POST /session/50f16edc6deacc6e46419d57199c3d82/element - {"using":"xpath","value":"//table[contains(@id, \"listView-innerSelectionPanelTable-listUl\")]/tbody/tr[13]/td[2]/div"}
RESULT: {"using":"xpath","value":"//table[contains(@id, \"listView-innerSelectionPanelTable-listUl\")]/tbody/tr[13]/td[2]/div"}
COMMAND: POST /session/50f16edc6deacc6e46419d57199c3d82/element - {"using":"xpath","value":"//table[contains(@id, \"listView-innerSelectionPanelTable-listUl\")]/tbody/tr[13]/td[3]/div/div/span/span[1]/bdi"}
RESULT: {"using":"xpath","value":"//table[contains(@id, \"listView-innerSelectionPanelTable-listUl\")]/tbody/tr[13]/td[3]/div/div/span/span[1]/bdi"}
COMMAND: POST /session/50f16edc6deacc6e46419d57199c3d82/execute/sync - {"script":"<script> [56 bytes]","args":[{"element-6066-11e4-a52e-4f735466cecf":"f.54CFF833D3AC6A681D379AA79D22594A.d.B435F36FDF831FE94AC8EA697C93B616.e.6697","ELEMENT":"f.54CFF833D3AC6A681D379AA79D22594A.d.B435F36FDF831FE94AC8EA697C93B616.e.6697"}]}
RESULT: {"script":"<script> [56 bytes]","args":[{"element-6066-11e4-a52e-4f735466cecf":"f.54CFF833D3AC6A681D379AA79D22594A.d.B435F36FDF831FE94AC8EA697C93B616.e.6697","ELEMENT":"f.54CFF833D3AC6A681D379AA79D22594A.d.B435F36FDF831FE94AC8EA697C93B616.e.6697"}]}
COMMAND: GET /session/50f16edc6deacc6e46419d57199c3d82/element/f.54CFF833D3AC6A681D379AA79D22594A.d.B435F36FDF831FE94AC8EA697C93B616.e.6696/attribute/aria-checked - {}
COMMAND: GET /session/50f16edc6deacc6e46419d57199c3d82/screenshot - {}
RESULT: {}
COMMAND: POST /session/50f16edc6deacc6e46419d57199c3d82/element - {"using":"xpath","value":"//table[contains(@id, \"listView-innerSelectionPanelTable-listUl\")]/tbody/tr[14]/td[2]/div/div"}
COMMAND: POST /session/50f16edc6deacc6e46419d57199c3d82/element/f.54CFF833D3AC6A681D379AA79D22594A.d.B435F36FDF831FE94AC8EA697C93B616.e.6695/click - {}
RESULT: {}
RESULT: {}
COMMAND: GET /session/50f16edc6deacc6e46419d57199c3d82/screenshot - {}
RESULT: {"using":"xpath","value":"//table[contains(@id, \"listView-innerSelectionPanelTable-listUl\")]/tbody/tr[14]/td[2]/div/div"}
COMMAND: POST /session/50f16edc6deacc6e46419d57199c3d82/element - {"using":"xpath","value":"//table[contains(@id, \"listView-innerSelectionPanelTable-listUl\")]/tbody/tr[14]/td[2]/div"}
RESULT: {}
RESULT: {"using":"xpath","value":"//table[contains(@id, \"listView-innerSelectionPanelTable-listUl\")]/tbody/tr[14]/td[2]/div"}
COMMAND: POST /session/50f16edc6deacc6e46419d57199c3d82/element - {"using":"xpath","value":"//table[contains(@id, \"listView-innerSelectionPanelTable-listUl\")]/tbody/tr[14]/td[3]/div/div/span/span[1]/bdi"}
RESULT: {"using":"xpath","value":"//table[contains(@id, \"listView-innerSelectionPanelTable-listUl\")]/tbody/tr[14]/td[3]/div/div/span/span[1]/bdi"}
COMMAND: POST /session/50f16edc6deacc6e46419d57199c3d82/execute/sync - {"script":"<script> [56 bytes]","args":[{"element-6066-11e4-a52e-4f735466cecf":"f.54CFF833D3AC6A681D379AA79D22594A.d.B435F36FDF831FE94AC8EA697C93B616.e.6701","ELEMENT":"f.54CFF833D3AC6A681D379AA79D22594A.d.B435F36FDF831FE94AC8EA697C93B616.e.6701"}]}
RESULT: {"script":"<script> [56 bytes]","args":[{"element-6066-11e4-a52e-4f735466cecf":"f.54CFF833D3AC6A681D379AA79D22594A.d.B435F36FDF831FE94AC8EA697C93B616.e.6701","ELEMENT":"f.54CFF833D3AC6A681D379AA79D22594A.d.B435F36FDF831FE94AC8EA697C93B616.e.6701"}]}
COMMAND: GET /session/50f16edc6deacc6e46419d57199c3d82/element/f.54CFF833D3AC6A681D379AA79D22594A.d.B435F36FDF831FE94AC8EA697C93B616.e.6700/attribute/aria-checked - {}
COMMAND: GET /session/50f16edc6deacc6e46419d57199c3d82/screenshot - {}
RESULT: {}
COMMAND: POST /session/50f16edc6deacc6e46419d57199c3d82/element - {"using":"xpath","value":"//table[contains(@id, \"listView-innerSelectionPanelTable-listUl\")]/tbody/tr[15]/td[2]/div/div"}
RESULT: {}
RESULT: {"using":"xpath","value":"//table[contains(@id, \"listView-innerSelectionPanelTable-listUl\")]/tbody/tr[15]/td[2]/div/div"}
COMMAND: POST /session/50f16edc6deacc6e46419d57199c3d82/element - {"using":"xpath","value":"//table[contains(@id, \"listView-innerSelectionPanelTable-listUl\")]/tbody/tr[15]/td[2]/div"}
RESULT: {"using":"xpath","value":"//table[contains(@id, \"listView-innerSelectionPanelTable-listUl\")]/tbody/tr[15]/td[2]/div"}
COMMAND: POST /session/50f16edc6deacc6e46419d57199c3d82/element - {"using":"xpath","value":"//table[contains(@id, \"listView-innerSelectionPanelTable-listUl\")]/tbody/tr[15]/td[3]/div/div/span/span[1]/bdi"}
RESULT: {"using":"xpath","value":"//table[contains(@id, \"listView-innerSelectionPanelTable-listUl\")]/tbody/tr[15]/td[3]/div/div/span/span[1]/bdi"}
COMMAND: POST /session/50f16edc6deacc6e46419d57199c3d82/execute/sync - {"script":"<script> [56 bytes]","args":[{"element-6066-11e4-a52e-4f735466cecf":"f.54CFF833D3AC6A681D379AA79D22594A.d.B435F36FDF831FE94AC8EA697C93B616.e.6704","ELEMENT":"f.54CFF833D3AC6A681D379AA79D22594A.d.B435F36FDF831FE94AC8EA697C93B616.e.6704"}]}
RESULT: {"script":"<script> [56 bytes]","args":[{"element-6066-11e4-a52e-4f735466cecf":"f.54CFF833D3AC6A681D379AA79D22594A.d.B435F36FDF831FE94AC8EA697C93B616.e.6704","ELEMENT":"f.54CFF833D3AC6A681D379AA79D22594A.d.B435F36FDF831FE94AC8EA697C93B616.e.6704"}]}
COMMAND: GET /session/50f16edc6deacc6e46419d57199c3d82/element/f.54CFF833D3AC6A681D379AA79D22594A.d.B435F36FDF831FE94AC8EA697C93B616.e.6703/attribute/aria-checked - {}
COMMAND: GET /session/50f16edc6deacc6e46419d57199c3d82/screenshot - {}
RESULT: {}
COMMAND: POST /session/50f16edc6deacc6e46419d57199c3d82/element - {"using":"xpath","value":"//table[contains(@id, \"listView-innerSelectionPanelTable-listUl\")]/tbody/tr[16]/td[2]/div/div"}
RESULT: {}
RESULT: {"using":"xpath","value":"//table[contains(@id, \"listView-innerSelectionPanelTable-listUl\")]/tbody/tr[16]/td[2]/div/div"}
COMMAND: POST /session/50f16edc6deacc6e46419d57199c3d82/element - {"using":"xpath","value":"//table[contains(@id, \"listView-innerSelectionPanelTable-listUl\")]/tbody/tr[16]/td[2]/div"}
RESULT: {"using":"xpath","value":"//table[contains(@id, \"listView-innerSelectionPanelTable-listUl\")]/tbody/tr[16]/td[2]/div"}
COMMAND: POST /session/50f16edc6deacc6e46419d57199c3d82/element - {"using":"xpath","value":"//table[contains(@id, \"listView-innerSelectionPanelTable-listUl\")]/tbody/tr[16]/td[3]/div/div/span/span[1]/bdi"}
RESULT: {"using":"xpath","value":"//table[contains(@id, \"listView-innerSelectionPanelTable-listUl\")]/tbody/tr[16]/td[3]/div/div/span/span[1]/bdi"}
COMMAND: POST /session/50f16edc6deacc6e46419d57199c3d82/execute/sync - {"script":"<script> [56 bytes]","args":[{"element-6066-11e4-a52e-4f735466cecf":"f.54CFF833D3AC6A681D379AA79D22594A.d.B435F36FDF831FE94AC8EA697C93B616.e.6707","ELEMENT":"f.54CFF833D3AC6A681D379AA79D22594A.d.B435F36FDF831FE94AC8EA697C93B616.e.6707"}]}
RESULT: {"script":"<script> [56 bytes]","args":[{"element-6066-11e4-a52e-4f735466cecf":"f.54CFF833D3AC6A681D379AA79D22594A.d.B435F36FDF831FE94AC8EA697C93B616.e.6707","ELEMENT":"f.54CFF833D3AC6A681D379AA79D22594A.d.B435F36FDF831FE94AC8EA697C93B616.e.6707"}]}
COMMAND: GET /session/50f16edc6deacc6e46419d57199c3d82/element/f.54CFF833D3AC6A681D379AA79D22594A.d.B435F36FDF831FE94AC8EA697C93B616.e.6706/attribute/aria-checked - {}
COMMAND: GET /session/50f16edc6deacc6e46419d57199c3d82/screenshot - {}
RESULT: {}
COMMAND: POST /session/50f16edc6deacc6e46419d57199c3d82/element - {"using":"xpath","value":"//table[contains(@id, \"listView-innerSelectionPanelTable-listUl\")]/tbody/tr[17]/td[2]/div/div"}
RESULT: {}
RESULT: {"using":"xpath","value":"//table[contains(@id, \"listView-innerSelectionPanelTable-listUl\")]/tbody/tr[17]/td[2]/div/div"}
COMMAND: POST /session/50f16edc6deacc6e46419d57199c3d82/element - {"using":"xpath","value":"//table[contains(@id, \"listView-innerSelectionPanelTable-listUl\")]/tbody/tr[17]/td[2]/div"}
RESULT: {"using":"xpath","value":"//table[contains(@id, \"listView-innerSelectionPanelTable-listUl\")]/tbody/tr[17]/td[2]/div"}
COMMAND: POST /session/50f16edc6deacc6e46419d57199c3d82/element - {"using":"xpath","value":"//table[contains(@id, \"listView-innerSelectionPanelTable-listUl\")]/tbody/tr[17]/td[3]/div/div/span/span[1]/bdi"}
RESULT: {"using":"xpath","value":"//table[contains(@id, \"listView-innerSelectionPanelTable-listUl\")]/tbody/tr[17]/td[3]/div/div/span/span[1]/bdi"}
COMMAND: POST /session/50f16edc6deacc6e46419d57199c3d82/execute/sync - {"script":"<script> [56 bytes]","args":[{"element-6066-11e4-a52e-4f735466cecf":"f.54CFF833D3AC6A681D379AA79D22594A.d.B435F36FDF831FE94AC8EA697C93B616.e.6710","ELEMENT":"f.54CFF833D3AC6A681D379AA79D22594A.d.B435F36FDF831FE94AC8EA697C93B616.e.6710"}]}
RESULT: {"script":"<script> [56 bytes]","args":[{"element-6066-11e4-a52e-4f735466cecf":"f.54CFF833D3AC6A681D379AA79D22594A.d.B435F36FDF831FE94AC8EA697C93B616.e.6710","ELEMENT":"f.54CFF833D3AC6A681D379AA79D22594A.d.B435F36FDF831FE94AC8EA697C93B616.e.6710"}]}
COMMAND: GET /session/50f16edc6deacc6e46419d57199c3d82/element/f.54CFF833D3AC6A681D379AA79D22594A.d.B435F36FDF831FE94AC8EA697C93B616.e.6709/attribute/aria-checked - {}
COMMAND: GET /session/50f16edc6deacc6e46419d57199c3d82/screenshot - {}
RESULT: {}
COMMAND: POST /session/50f16edc6deacc6e46419d57199c3d82/element - {"using":"xpath","value":"//table[contains(@id, \"listView-innerSelectionPanelTable-listUl\")]/tbody/tr[18]/td[2]/div/div"}
RESULT: {}
RESULT: {"using":"xpath","value":"//table[contains(@id, \"listView-innerSelectionPanelTable-listUl\")]/tbody/tr[18]/td[2]/div/div"}
COMMAND: POST /session/50f16edc6deacc6e46419d57199c3d82/element - {"using":"xpath","value":"//table[contains(@id, \"listView-innerSelectionPanelTable-listUl\")]/tbody/tr[18]/td[2]/div"}
RESULT: {"using":"xpath","value":"//table[contains(@id, \"listView-innerSelectionPanelTable-listUl\")]/tbody/tr[18]/td[2]/div"}
COMMAND: POST /session/50f16edc6deacc6e46419d57199c3d82/element - {"using":"xpath","value":"//table[contains(@id, \"listView-innerSelectionPanelTable-listUl\")]/tbody/tr[18]/td[3]/div/div/span/span[1]/bdi"}
RESULT: {"using":"xpath","value":"//table[contains(@id, \"listView-innerSelectionPanelTable-listUl\")]/tbody/tr[18]/td[3]/div/div/span/span[1]/bdi"}
COMMAND: POST /session/50f16edc6deacc6e46419d57199c3d82/execute/sync - {"script":"<script> [56 bytes]","args":[{"element-6066-11e4-a52e-4f735466cecf":"f.54CFF833D3AC6A681D379AA79D22594A.d.B435F36FDF831FE94AC8EA697C93B616.e.6713","ELEMENT":"f.54CFF833D3AC6A681D379AA79D22594A.d.B435F36FDF831FE94AC8EA697C93B616.e.6713"}]}
RESULT: {"script":"<script> [56 bytes]","args":[{"element-6066-11e4-a52e-4f735466cecf":"f.54CFF833D3AC6A681D379AA79D22594A.d.B435F36FDF831FE94AC8EA697C93B616.e.6713","ELEMENT":"f.54CFF833D3AC6A681D379AA79D22594A.d.B435F36FDF831FE94AC8EA697C93B616.e.6713"}]}
COMMAND: GET /session/50f16edc6deacc6e46419d57199c3d82/element/f.54CFF833D3AC6A681D379AA79D22594A.d.B435F36FDF831FE94AC8EA697C93B616.e.6712/attribute/aria-checked - {}
COMMAND: GET /session/50f16edc6deacc6e46419d57199c3d82/screenshot - {}
RESULT: {}
COMMAND: POST /session/50f16edc6deacc6e46419d57199c3d82/element - {"using":"xpath","value":"//table[contains(@id, \"listView-innerSelectionPanelTable-listUl\")]/tbody/tr[19]/td[2]/div/div"}
RESULT: {}
RESULT: {"using":"xpath","value":"//table[contains(@id, \"listView-innerSelectionPanelTable-listUl\")]/tbody/tr[19]/td[2]/div/div"}
COMMAND: POST /session/50f16edc6deacc6e46419d57199c3d82/element - {"using":"xpath","value":"//table[contains(@id, \"listView-innerSelectionPanelTable-listUl\")]/tbody/tr[19]/td[2]/div"}
RESULT: {"using":"xpath","value":"//table[contains(@id, \"listView-innerSelectionPanelTable-listUl\")]/tbody/tr[19]/td[2]/div"}
COMMAND: POST /session/50f16edc6deacc6e46419d57199c3d82/element - {"using":"xpath","value":"//table[contains(@id, \"listView-innerSelectionPanelTable-listUl\")]/tbody/tr[19]/td[3]/div/div/span/span[1]/bdi"}
RESULT: {"using":"xpath","value":"//table[contains(@id, \"listView-innerSelectionPanelTable-listUl\")]/tbody/tr[19]/td[3]/div/div/span/span[1]/bdi"}
COMMAND: POST /session/50f16edc6deacc6e46419d57199c3d82/execute/sync - {"script":"<script> [56 bytes]","args":[{"element-6066-11e4-a52e-4f735466cecf":"f.54CFF833D3AC6A681D379AA79D22594A.d.B435F36FDF831FE94AC8EA697C93B616.e.6716","ELEMENT":"f.54CFF833D3AC6A681D379AA79D22594A.d.B435F36FDF831FE94AC8EA697C93B616.e.6716"}]}
RESULT: {"script":"<script> [56 bytes]","args":[{"element-6066-11e4-a52e-4f735466cecf":"f.54CFF833D3AC6A681D379AA79D22594A.d.B435F36FDF831FE94AC8EA697C93B616.e.6716","ELEMENT":"f.54CFF833D3AC6A681D379AA79D22594A.d.B435F36FDF831FE94AC8EA697C93B616.e.6716"}]}
COMMAND: GET /session/50f16edc6deacc6e46419d57199c3d82/element/f.54CFF833D3AC6A681D379AA79D22594A.d.B435F36FDF831FE94AC8EA697C93B616.e.6715/attribute/aria-checked - {}
COMMAND: GET /session/50f16edc6deacc6e46419d57199c3d82/screenshot - {}
RESULT: {}
COMMAND: POST /session/50f16edc6deacc6e46419d57199c3d82/element - {"using":"xpath","value":"//table[contains(@id, \"listView-innerSelectionPanelTable-listUl\")]/tbody/tr[20]/td[2]/div/div"}
RESULT: {}
RESULT: {"using":"xpath","value":"//table[contains(@id, \"listView-innerSelectionPanelTable-listUl\")]/tbody/tr[20]/td[2]/div/div"}
COMMAND: POST /session/50f16edc6deacc6e46419d57199c3d82/element - {"using":"xpath","value":"//table[contains(@id, \"listView-innerSelectionPanelTable-listUl\")]/tbody/tr[20]/td[2]/div"}
RESULT: {"using":"xpath","value":"//table[contains(@id, \"listView-innerSelectionPanelTable-listUl\")]/tbody/tr[20]/td[2]/div"}
COMMAND: POST /session/50f16edc6deacc6e46419d57199c3d82/element - {"using":"xpath","value":"//table[contains(@id, \"listView-innerSelectionPanelTable-listUl\")]/tbody/tr[20]/td[3]/div/div/span/span[1]/bdi"}
RESULT: {"using":"xpath","value":"//table[contains(@id, \"listView-innerSelectionPanelTable-listUl\")]/tbody/tr[20]/td[3]/div/div/span/span[1]/bdi"}
COMMAND: POST /session/50f16edc6deacc6e46419d57199c3d82/execute/sync - {"script":"<script> [56 bytes]","args":[{"element-6066-11e4-a52e-4f735466cecf":"f.54CFF833D3AC6A681D379AA79D22594A.d.B435F36FDF831FE94AC8EA697C93B616.e.6719","ELEMENT":"f.54CFF833D3AC6A681D379AA79D22594A.d.B435F36FDF831FE94AC8EA697C93B616.e.6719"}]}
RESULT: {"script":"<script> [56 bytes]","args":[{"element-6066-11e4-a52e-4f735466cecf":"f.54CFF833D3AC6A681D379AA79D22594A.d.B435F36FDF831FE94AC8EA697C93B616.e.6719","ELEMENT":"f.54CFF833D3AC6A681D379AA79D22594A.d.B435F36FDF831FE94AC8EA697C93B616.e.6719"}]}
COMMAND: GET /session/50f16edc6deacc6e46419d57199c3d82/element/f.54CFF833D3AC6A681D379AA79D22594A.d.B435F36FDF831FE94AC8EA697C93B616.e.6718/attribute/aria-checked - {}
COMMAND: GET /session/50f16edc6deacc6e46419d57199c3d82/screenshot - {}
RESULT: {}
COMMAND: POST /session/50f16edc6deacc6e46419d57199c3d82/element - {"using":"xpath","value":"//table[contains(@id, \"listView-innerSelectionPanelTable-listUl\")]/tbody/tr[21]/td[2]/div/div"}
RESULT: {}
RESULT: {"using":"xpath","value":"//table[contains(@id, \"listView-innerSelectionPanelTable-listUl\")]/tbody/tr[21]/td[2]/div/div"}
COMMAND: POST /session/50f16edc6deacc6e46419d57199c3d82/element - {"using":"xpath","value":"//table[contains(@id, \"listView-innerSelectionPanelTable-listUl\")]/tbody/tr[21]/td[2]/div"}
RESULT: {"using":"xpath","value":"//table[contains(@id, \"listView-innerSelectionPanelTable-listUl\")]/tbody/tr[21]/td[2]/div"}
COMMAND: POST /session/50f16edc6deacc6e46419d57199c3d82/element - {"using":"xpath","value":"//table[contains(@id, \"listView-innerSelectionPanelTable-listUl\")]/tbody/tr[21]/td[3]/div/div/span/span[1]/bdi"}
RESULT: {"using":"xpath","value":"//table[contains(@id, \"listView-innerSelectionPanelTable-listUl\")]/tbody/tr[21]/td[3]/div/div/span/span[1]/bdi"}
COMMAND: POST /session/50f16edc6deacc6e46419d57199c3d82/execute/sync - {"script":"<script> [56 bytes]","args":[{"element-6066-11e4-a52e-4f735466cecf":"f.54CFF833D3AC6A681D379AA79D22594A.d.B435F36FDF831FE94AC8EA697C93B616.e.6722","ELEMENT":"f.54CFF833D3AC6A681D379AA79D22594A.d.B435F36FDF831FE94AC8EA697C93B616.e.6722"}]}
RESULT: {"script":"<script> [56 bytes]","args":[{"element-6066-11e4-a52e-4f735466cecf":"f.54CFF833D3AC6A681D379AA79D22594A.d.B435F36FDF831FE94AC8EA697C93B616.e.6722","ELEMENT":"f.54CFF833D3AC6A681D379AA79D22594A.d.B435F36FDF831FE94AC8EA697C93B616.e.6722"}]}
COMMAND: GET /session/50f16edc6deacc6e46419d57199c3d82/element/f.54CFF833D3AC6A681D379AA79D22594A.d.B435F36FDF831FE94AC8EA697C93B616.e.6721/attribute/aria-checked - {}
COMMAND: GET /session/50f16edc6deacc6e46419d57199c3d82/screenshot - {}
RESULT: {}
COMMAND: POST /session/50f16edc6deacc6e46419d57199c3d82/element - {"using":"xpath","value":"//table[contains(@id, \"listView-innerSelectionPanelTable-listUl\")]/tbody/tr[22]/td[2]/div/div"}
RESULT: {}
RESULT: {"using":"xpath","value":"//table[contains(@id, \"listView-innerSelectionPanelTable-listUl\")]/tbody/tr[22]/td[2]/div/div"}
COMMAND: POST /session/50f16edc6deacc6e46419d57199c3d82/element - {"using":"xpath","value":"//table[contains(@id, \"listView-innerSelectionPanelTable-listUl\")]/tbody/tr[22]/td[2]/div"}
RESULT: {"using":"xpath","value":"//table[contains(@id, \"listView-innerSelectionPanelTable-listUl\")]/tbody/tr[22]/td[2]/div"}
COMMAND: POST /session/50f16edc6deacc6e46419d57199c3d82/element - {"using":"xpath","value":"//table[contains(@id, \"listView-innerSelectionPanelTable-listUl\")]/tbody/tr[22]/td[3]/div/div/span/span[1]/bdi"}
RESULT: {"using":"xpath","value":"//table[contains(@id, \"listView-innerSelectionPanelTable-listUl\")]/tbody/tr[22]/td[3]/div/div/span/span[1]/bdi"}
COMMAND: POST /session/50f16edc6deacc6e46419d57199c3d82/execute/sync - {"script":"<script> [56 bytes]","args":[{"element-6066-11e4-a52e-4f735466cecf":"f.54CFF833D3AC6A681D379AA79D22594A.d.B435F36FDF831FE94AC8EA697C93B616.e.6725","ELEMENT":"f.54CFF833D3AC6A681D379AA79D22594A.d.B435F36FDF831FE94AC8EA697C93B616.e.6725"}]}
RESULT: {"script":"<script> [56 bytes]","args":[{"element-6066-11e4-a52e-4f735466cecf":"f.54CFF833D3AC6A681D379AA79D22594A.d.B435F36FDF831FE94AC8EA697C93B616.e.6725","ELEMENT":"f.54CFF833D3AC6A681D379AA79D22594A.d.B435F36FDF831FE94AC8EA697C93B616.e.6725"}]}
COMMAND: GET /session/50f16edc6deacc6e46419d57199c3d82/element/f.54CFF833D3AC6A681D379AA79D22594A.d.B435F36FDF831FE94AC8EA697C93B616.e.6724/attribute/aria-checked - {}
COMMAND: GET /session/50f16edc6deacc6e46419d57199c3d82/screenshot - {}
RESULT: {}
COMMAND: POST /session/50f16edc6deacc6e46419d57199c3d82/element - {"using":"xpath","value":"//table[contains(@id, \"listView-innerSelectionPanelTable-listUl\")]/tbody/tr[23]/td[2]/div/div"}
RESULT: {}
RESULT: {"using":"xpath","value":"//table[contains(@id, \"listView-innerSelectionPanelTable-listUl\")]/tbody/tr[23]/td[2]/div/div"}
COMMAND: POST /session/50f16edc6deacc6e46419d57199c3d82/element - {"using":"xpath","value":"//table[contains(@id, \"listView-innerSelectionPanelTable-listUl\")]/tbody/tr[23]/td[2]/div"}
RESULT: {"using":"xpath","value":"//table[contains(@id, \"listView-innerSelectionPanelTable-listUl\")]/tbody/tr[23]/td[2]/div"}
COMMAND: POST /session/50f16edc6deacc6e46419d57199c3d82/element - {"using":"xpath","value":"//table[contains(@id, \"listView-innerSelectionPanelTable-listUl\")]/tbody/tr[23]/td[3]/div/div/span/span[1]/bdi"}
RESULT: {"using":"xpath","value":"//table[contains(@id, \"listView-innerSelectionPanelTable-listUl\")]/tbody/tr[23]/td[3]/div/div/span/span[1]/bdi"}
COMMAND: POST /session/50f16edc6deacc6e46419d57199c3d82/execute/sync - {"script":"<script> [56 bytes]","args":[{"element-6066-11e4-a52e-4f735466cecf":"f.54CFF833D3AC6A681D379AA79D22594A.d.B435F36FDF831FE94AC8EA697C93B616.e.6728","ELEMENT":"f.54CFF833D3AC6A681D379AA79D22594A.d.B435F36FDF831FE94AC8EA697C93B616.e.6728"}]}
RESULT: {"script":"<script> [56 bytes]","args":[{"element-6066-11e4-a52e-4f735466cecf":"f.54CFF833D3AC6A681D379AA79D22594A.d.B435F36FDF831FE94AC8EA697C93B616.e.6728","ELEMENT":"f.54CFF833D3AC6A681D379AA79D22594A.d.B435F36FDF831FE94AC8EA697C93B616.e.6728"}]}
COMMAND: GET /session/50f16edc6deacc6e46419d57199c3d82/element/f.54CFF833D3AC6A681D379AA79D22594A.d.B435F36FDF831FE94AC8EA697C93B616.e.6727/attribute/aria-checked - {}
COMMAND: GET /session/50f16edc6deacc6e46419d57199c3d82/screenshot - {}
RESULT: {}
COMMAND: POST /session/50f16edc6deacc6e46419d57199c3d82/element - {"using":"xpath","value":"//table[contains(@id, \"listView-innerSelectionPanelTable-listUl\")]/tbody/tr[24]/td[2]/div/div"}
RESULT: {}
RESULT: {"using":"xpath","value":"//table[contains(@id, \"listView-innerSelectionPanelTable-listUl\")]/tbody/tr[24]/td[2]/div/div"}
COMMAND: POST /session/50f16edc6deacc6e46419d57199c3d82/element - {"using":"xpath","value":"//table[contains(@id, \"listView-innerSelectionPanelTable-listUl\")]/tbody/tr[24]/td[2]/div"}
RESULT: {"using":"xpath","value":"//table[contains(@id, \"listView-innerSelectionPanelTable-listUl\")]/tbody/tr[24]/td[2]/div"}
COMMAND: POST /session/50f16edc6deacc6e46419d57199c3d82/element - {"using":"xpath","value":"//table[contains(@id, \"listView-innerSelectionPanelTable-listUl\")]/tbody/tr[24]/td[3]/div/div/span/span[1]/bdi"}
RESULT: {"using":"xpath","value":"//table[contains(@id, \"listView-innerSelectionPanelTable-listUl\")]/tbody/tr[24]/td[3]/div/div/span/span[1]/bdi"}
COMMAND: POST /session/50f16edc6deacc6e46419d57199c3d82/execute/sync - {"script":"<script> [56 bytes]","args":[{"element-6066-11e4-a52e-4f735466cecf":"f.54CFF833D3AC6A681D379AA79D22594A.d.B435F36FDF831FE94AC8EA697C93B616.e.6731","ELEMENT":"f.54CFF833D3AC6A681D379AA79D22594A.d.B435F36FDF831FE94AC8EA697C93B616.e.6731"}]}
RESULT: {"script":"<script> [56 bytes]","args":[{"element-6066-11e4-a52e-4f735466cecf":"f.54CFF833D3AC6A681D379AA79D22594A.d.B435F36FDF831FE94AC8EA697C93B616.e.6731","ELEMENT":"f.54CFF833D3AC6A681D379AA79D22594A.d.B435F36FDF831FE94AC8EA697C93B616.e.6731"}]}
COMMAND: GET /session/50f16edc6deacc6e46419d57199c3d82/element/f.54CFF833D3AC6A681D379AA79D22594A.d.B435F36FDF831FE94AC8EA697C93B616.e.6730/attribute/aria-checked - {}
COMMAND: GET /session/50f16edc6deacc6e46419d57199c3d82/screenshot - {}
RESULT: {}
COMMAND: POST /session/50f16edc6deacc6e46419d57199c3d82/element - {"using":"xpath","value":"//table[contains(@id, \"listView-innerSelectionPanelTable-listUl\")]/tbody/tr[25]/td[2]/div/div"}
RESULT: {}
RESULT: {"using":"xpath","value":"//table[contains(@id, \"listView-innerSelectionPanelTable-listUl\")]/tbody/tr[25]/td[2]/div/div"}
COMMAND: POST /session/50f16edc6deacc6e46419d57199c3d82/element - {"using":"xpath","value":"//table[contains(@id, \"listView-innerSelectionPanelTable-listUl\")]/tbody/tr[25]/td[2]/div"}
RESULT: {"using":"xpath","value":"//table[contains(@id, \"listView-innerSelectionPanelTable-listUl\")]/tbody/tr[25]/td[2]/div"}
COMMAND: POST /session/50f16edc6deacc6e46419d57199c3d82/element - {"using":"xpath","value":"//table[contains(@id, \"listView-innerSelectionPanelTable-listUl\")]/tbody/tr[25]/td[3]/div/div/span/span[1]/bdi"}
RESULT: {"using":"xpath","value":"//table[contains(@id, \"listView-innerSelectionPanelTable-listUl\")]/tbody/tr[25]/td[3]/div/div/span/span[1]/bdi"}
COMMAND: POST /session/50f16edc6deacc6e46419d57199c3d82/execute/sync - {"script":"<script> [56 bytes]","args":[{"element-6066-11e4-a52e-4f735466cecf":"f.54CFF833D3AC6A681D379AA79D22594A.d.B435F36FDF831FE94AC8EA697C93B616.e.6734","ELEMENT":"f.54CFF833D3AC6A681D379AA79D22594A.d.B435F36FDF831FE94AC8EA697C93B616.e.6734"}]}
RESULT: {"script":"<script> [56 bytes]","args":[{"element-6066-11e4-a52e-4f735466cecf":"f.54CFF833D3AC6A681D379AA79D22594A.d.B435F36FDF831FE94AC8EA697C93B616.e.6734","ELEMENT":"f.54CFF833D3AC6A681D379AA79D22594A.d.B435F36FDF831FE94AC8EA697C93B616.e.6734"}]}
COMMAND: GET /session/50f16edc6deacc6e46419d57199c3d82/element/f.54CFF833D3AC6A681D379AA79D22594A.d.B435F36FDF831FE94AC8EA697C93B616.e.6733/attribute/aria-checked - {}
COMMAND: GET /session/50f16edc6deacc6e46419d57199c3d82/screenshot - {}
RESULT: {}
COMMAND: POST /session/50f16edc6deacc6e46419d57199c3d82/element - {"using":"xpath","value":"//bdi[contains(text(), \"OK\")]"}
RESULT: {}
RESULT: {"using":"xpath","value":"//bdi[contains(text(), \"OK\")]"}
COMMAND: POST /session/50f16edc6deacc6e46419d57199c3d82/element/f.54CFF833D3AC6A681D379AA79D22594A.d.B435F36FDF831FE94AC8EA697C93B616.e.6735/click - {}
RESULT: {}
COMMAND: GET /session/50f16edc6deacc6e46419d57199c3d82/screenshot - {}
RESULT: {}
COMMAND: POST /session/50f16edc6deacc6e46419d57199c3d82/execute/async - {"script":"<script> [1562 bytes]","args":[{"selector":{"id":"application-managepartners-display-component---masterPtm--smartFilterBar-filterItemControlA_-LINK_TO_ADDRESSES_MAIN.CITY1-vhi"},"wdio_ui5_key":"applicationmanagepartners-display-component---masterPtm--smartFilterBar-filterItemControlA_-LINK_TO_ADDRESSES_MAIN.CITY1-vhi"}]}
RESULT: {"script":"<script> [1562 bytes]","args":[{"selector":{"id":"application-managepartners-display-component---masterPtm--smartFilterBar-filterItemControlA_-LINK_TO_ADDRESSES_MAIN.CITY1-vhi"},"wdio_ui5_key":"applicationmanagepartners-display-component---masterPtm--smartFilterBar-filterItemControlA_-LINK_TO_ADDRESSES_MAIN.CITY1-vhi"}]}
RESULT: undefined
COMMAND: POST /session/50f16edc6deacc6e46419d57199c3d82/element - {"using":"xpath","value":"//*[@id=\"application-managepartners-display-component---masterPtm--smartFilterBar-filterItemControlA_-LINK_TO_ADDRESSES_MAIN.CITY1-vhi\"]"}
RESULT: {"using":"xpath","value":"//*[@id=\"application-managepartners-display-component---masterPtm--smartFilterBar-filterItemControlA_-LINK_TO_ADDRESSES_MAIN.CITY1-vhi\"]"}
COMMAND: POST /session/50f16edc6deacc6e46419d57199c3d82/element/f.54CFF833D3AC6A681D379AA79D22594A.d.B435F36FDF831FE94AC8EA697C93B616.e.6749/click - {}
RESULT: {}
COMMAND: GET /session/50f16edc6deacc6e46419d57199c3d82/screenshot - {}
RESULT: {}
COMMAND: POST /session/50f16edc6deacc6e46419d57199c3d82/execute/async - {"script":"<script> [1562 bytes]","args":[{"selector":{"controlType":"sap.m.Input","viewName":"etm.portal.ui.managepartners.view.Master","viewId":"application-managepartners-display-component---masterPtm","properties":{"valueState":"None"},"searchOpenDialogs":true,"interaction":{"idSuffix":"inner"}},"wdio_ui5_key":"etmportal.ui.managepartners.view.Mastersap.m.Input{\"valueState\":\"None\"}"}]}
RESULT: {"script":"<script> [1562 bytes]","args":[{"selector":{"controlType":"sap.m.Input","viewName":"etm.portal.ui.managepartners.view.Master","viewId":"application-managepartners-display-component---masterPtm","properties":{"valueState":"None"},"searchOpenDialogs":true,"interaction":{"idSuffix":"inner"}},"wdio_ui5_key":"etmportal.ui.managepartners.view.Mastersap.m.Input{\"valueState\":\"None\"}"}]}
RESULT: undefined
COMMAND: POST /session/50f16edc6deacc6e46419d57199c3d82/execute/async - {"script":"<script> [776 bytes]","args":[{"enterText":"Bucure","selector":{"controlType":"sap.m.Input","viewName":"etm.portal.ui.managepartners.view.Master","viewId":"application-managepartners-display-component---masterPtm","properties":{"valueState":"None"},"searchOpenDialogs":true,"interaction":{"idSuffix":"inner"}},"clearTextFirst":true,"interactionType":"ENTER_TEXT"}]}
RESULT: {"script":"<script> [776 bytes]","args":[{"enterText":"Bucure","selector":{"controlType":"sap.m.Input","viewName":"etm.portal.ui.managepartners.view.Master","viewId":"application-managepartners-display-component---masterPtm","properties":{"valueState":"None"},"searchOpenDialogs":true,"interaction":{"idSuffix":"inner"}},"clearTextFirst":true,"interactionType":"ENTER_TEXT"}]}
COMMAND: POST /session/50f16edc6deacc6e46419d57199c3d82/actions - {"actions":[{"id":"action21","type":"key","parameters":{},"actions":[{"type":"keyDown","value":"î€‡"},{"type":"pause","duration":10},{"type":"keyUp","value":"î€‡"}]}]}
RESULT: {"actions":[{"id":"action21","type":"key","parameters":{},"actions":[{"type":"keyDown","value":"î€‡"},{"type":"pause","duration":10},{"type":"keyUp","value":"î€‡"}]}]}
COMMAND: GET /session/50f16edc6deacc6e46419d57199c3d82/screenshot - {}
RESULT: {}
COMMAND: POST /session/50f16edc6deacc6e46419d57199c3d82/element - {"using":"xpath","value":"(//bdi[contains(text(), \"OK\")])[1]"}
RESULT: {"using":"xpath","value":"(//bdi[contains(text(), \"OK\")])[1]"}
COMMAND: POST /session/50f16edc6deacc6e46419d57199c3d82/element/f.54CFF833D3AC6A681D379AA79D22594A.d.B435F36FDF831FE94AC8EA697C93B616.e.6755/click - {}
RESULT: {}
COMMAND: GET /session/50f16edc6deacc6e46419d57199c3d82/screenshot - {}
RESULT: {}
COMMAND: POST /session/50f16edc6deacc6e46419d57199c3d82/element - {"using":"xpath","value":"//span[@id=\"application-managepartners-display-component---masterPtm--smartTable-header-inner\"]"}
RESULT: {"using":"xpath","value":"//span[@id=\"application-managepartners-display-component---masterPtm--smartTable-header-inner\"]"}
COMMAND: POST /session/50f16edc6deacc6e46419d57199c3d82/elements - {"using":"xpath","value":"//span[@id=\"application-managepartners-display-component---masterPtm--smartTable-header-inner\"]"}
RESULT: {"using":"xpath","value":"//span[@id=\"application-managepartners-display-component---masterPtm--smartTable-header-inner\"]"}
COMMAND: POST /session/50f16edc6deacc6e46419d57199c3d82/execute/sync - {"script":"<script> [56 bytes]","args":[{"element-6066-11e4-a52e-4f735466cecf":"f.54CFF833D3AC6A681D379AA79D22594A.d.B435F36FDF831FE94AC8EA697C93B616.e.5806","ELEMENT":"f.54CFF833D3AC6A681D379AA79D22594A.d.B435F36FDF831FE94AC8EA697C93B616.e.5806"}]}
RESULT: {"script":"<script> [56 bytes]","args":[{"element-6066-11e4-a52e-4f735466cecf":"f.54CFF833D3AC6A681D379AA79D22594A.d.B435F36FDF831FE94AC8EA697C93B616.e.5806","ELEMENT":"f.54CFF833D3AC6A681D379AA79D22594A.d.B435F36FDF831FE94AC8EA697C93B616.e.5806"}]}
COMMAND: POST /session/50f16edc6deacc6e46419d57199c3d82/element - {"using":"xpath","value":"//span[contains(@title, \"Remove\")]"}
COMMAND: GET /session/50f16edc6deacc6e46419d57199c3d82/screenshot - {}
RESULT: {"using":"xpath","value":"//span[contains(@title, \"Remove\")]"}
COMMAND: POST /session/50f16edc6deacc6e46419d57199c3d82/element/f.54CFF833D3AC6A681D379AA79D22594A.d.B435F36FDF831FE94AC8EA697C93B616.e.6827/click - {}
RESULT: {}
RESULT: {}
COMMAND: GET /session/50f16edc6deacc6e46419d57199c3d82/screenshot - {}
RESULT: {}
COMMAND: POST /session/50f16edc6deacc6e46419d57199c3d82/element - {"using":"xpath","value":"//span[@id=\"application-managepartners-display-component---masterPtm--smartTable-header-inner\"]"}
RESULT: {"using":"xpath","value":"//span[@id=\"application-managepartners-display-component---masterPtm--smartTable-header-inner\"]"}
COMMAND: POST /session/50f16edc6deacc6e46419d57199c3d82/elements - {"using":"xpath","value":"//span[@id=\"application-managepartners-display-component---masterPtm--smartTable-header-inner\"]"}
RESULT: {"using":"xpath","value":"//span[@id=\"application-managepartners-display-component---masterPtm--smartTable-header-inner\"]"}
COMMAND: POST /session/50f16edc6deacc6e46419d57199c3d82/execute/sync - {"script":"<script> [56 bytes]","args":[{"element-6066-11e4-a52e-4f735466cecf":"f.54CFF833D3AC6A681D379AA79D22594A.d.B435F36FDF831FE94AC8EA697C93B616.e.5806","ELEMENT":"f.54CFF833D3AC6A681D379AA79D22594A.d.B435F36FDF831FE94AC8EA697C93B616.e.5806"}]}
RESULT: {"script":"<script> [56 bytes]","args":[{"element-6066-11e4-a52e-4f735466cecf":"f.54CFF833D3AC6A681D379AA79D22594A.d.B435F36FDF831FE94AC8EA697C93B616.e.5806","ELEMENT":"f.54CFF833D3AC6A681D379AA79D22594A.d.B435F36FDF831FE94AC8EA697C93B616.e.5806"}]}
COMMAND: POST /session/50f16edc6deacc6e46419d57199c3d82/element - {"using":"css selector","value":"#shell-header-logo"}
COMMAND: GET /session/50f16edc6deacc6e46419d57199c3d82/screenshot - {}
RESULT: {"using":"css selector","value":"#shell-header-logo"}
COMMAND: POST /session/50f16edc6deacc6e46419d57199c3d82/element/f.54CFF833D3AC6A681D379AA79D22594A.d.B435F36FDF831FE94AC8EA697C93B616.e.5638/click - {}
RESULT: {}
RESULT: {}
COMMAND: GET /session/50f16edc6deacc6e46419d57199c3d82/screenshot - {}
RESULT: {}
]]></system-out>
    </testcase>
    <testcase classname="chrome.136_0_7103_93.windows.Partner_specific_tests_US150819_US151080_US151654_US151176_US103444_US151078_US151079_US151109_US151174_US151175_US151189" name="Should try to save empty partner US151174" time="54.8">
      <system-out><![CDATA[
COMMAND: POST /session/50f16edc6deacc6e46419d57199c3d82/element - {"using":"xpath","value":"//li[.//span[text()=\"Manage Partners\"]]"}
RESULT: {"using":"xpath","value":"//li[.//span[text()=\"Manage Partners\"]]"}
COMMAND: POST /session/50f16edc6deacc6e46419d57199c3d82/element - {"using":"xpath","value":"//li[.//span[text()=\"Manage Partners\"]]"}
RESULT: {"using":"xpath","value":"//li[.//span[text()=\"Manage Partners\"]]"}
COMMAND: POST /session/50f16edc6deacc6e46419d57199c3d82/element - {"using":"css selector","value":"#shell-header-logo"}
RESULT: {"using":"css selector","value":"#shell-header-logo"}
COMMAND: POST /session/50f16edc6deacc6e46419d57199c3d82/element/f.54CFF833D3AC6A681D379AA79D22594A.d.B435F36FDF831FE94AC8EA697C93B616.e.6923/click - {}
COMMAND: POST /session/50f16edc6deacc6e46419d57199c3d82/execute/sync - {"script":"<script> [8489 bytes]","args":[{"element-6066-11e4-a52e-4f735466cecf":"f.54CFF833D3AC6A681D379AA79D22594A.d.B435F36FDF831FE94AC8EA697C93B616.e.6923","ELEMENT":"f.54CFF833D3AC6A681D379AA79D22594A.d.B435F36FDF831FE94AC8EA697C93B616.e.6923"}]}
RESULT: {}
COMMAND: GET /session/50f16edc6deacc6e46419d57199c3d82/screenshot - {}
RESULT: {"script":"<script> [8489 bytes]","args":[{"element-6066-11e4-a52e-4f735466cecf":"f.54CFF833D3AC6A681D379AA79D22594A.d.B435F36FDF831FE94AC8EA697C93B616.e.6923","ELEMENT":"f.54CFF833D3AC6A681D379AA79D22594A.d.B435F36FDF831FE94AC8EA697C93B616.e.6923"}]}
COMMAND: POST /session/50f16edc6deacc6e46419d57199c3d82/execute/sync - {"script":"<script> [5351 bytes]","args":[{"element-6066-11e4-a52e-4f735466cecf":"f.54CFF833D3AC6A681D379AA79D22594A.d.B435F36FDF831FE94AC8EA697C93B616.e.6923","ELEMENT":"f.54CFF833D3AC6A681D379AA79D22594A.d.B435F36FDF831FE94AC8EA697C93B616.e.6923"}]}
COMMAND: GET /session/50f16edc6deacc6e46419d57199c3d82/screenshot - {}
RESULT: {}
RESULT: {"script":"<script> [5351 bytes]","args":[{"element-6066-11e4-a52e-4f735466cecf":"f.54CFF833D3AC6A681D379AA79D22594A.d.B435F36FDF831FE94AC8EA697C93B616.e.6923","ELEMENT":"f.54CFF833D3AC6A681D379AA79D22594A.d.B435F36FDF831FE94AC8EA697C93B616.e.6923"}]}
COMMAND: GET /session/50f16edc6deacc6e46419d57199c3d82/screenshot - {}
RESULT: {}
RESULT: {}
RESULT: undefined
COMMAND: POST /session/50f16edc6deacc6e46419d57199c3d82/element - {"using":"xpath","value":"//*[@id=\"__tile30\"]"}
RESULT: {"using":"xpath","value":"//*[@id=\"__tile30\"]"}
COMMAND: POST /session/50f16edc6deacc6e46419d57199c3d82/element/f.54CFF833D3AC6A681D379AA79D22594A.d.B435F36FDF831FE94AC8EA697C93B616.e.4282/click - {}
RESULT: {}
COMMAND: GET /session/50f16edc6deacc6e46419d57199c3d82/screenshot - {}
RESULT: {}
COMMAND: POST /session/50f16edc6deacc6e46419d57199c3d82/elements - {"using":"xpath","value":"//span[text()='Error']"}
RESULT: {"using":"xpath","value":"//span[text()='Error']"}
COMMAND: POST /session/50f16edc6deacc6e46419d57199c3d82/element - {"using":"xpath","value":"//button[@data-kt=\"addButton\"]"}
RESULT: {"using":"xpath","value":"//button[@data-kt=\"addButton\"]"}
COMMAND: POST /session/50f16edc6deacc6e46419d57199c3d82/elements - {"using":"xpath","value":"//button[@data-kt=\"addButton\"]"}
RESULT: {"using":"xpath","value":"//button[@data-kt=\"addButton\"]"}
COMMAND: POST /session/50f16edc6deacc6e46419d57199c3d82/execute/sync - {"script":"<script> [8489 bytes]","args":[{"element-6066-11e4-a52e-4f735466cecf":"f.54CFF833D3AC6A681D379AA79D22594A.d.B435F36FDF831FE94AC8EA697C93B616.e.6969","ELEMENT":"f.54CFF833D3AC6A681D379AA79D22594A.d.B435F36FDF831FE94AC8EA697C93B616.e.6969"}]}
RESULT: {"script":"<script> [8489 bytes]","args":[{"element-6066-11e4-a52e-4f735466cecf":"f.54CFF833D3AC6A681D379AA79D22594A.d.B435F36FDF831FE94AC8EA697C93B616.e.6969","ELEMENT":"f.54CFF833D3AC6A681D379AA79D22594A.d.B435F36FDF831FE94AC8EA697C93B616.e.6969"}]}
COMMAND: GET /session/50f16edc6deacc6e46419d57199c3d82/element/f.54CFF833D3AC6A681D379AA79D22594A.d.B435F36FDF831FE94AC8EA697C93B616.e.6969/enabled - {}
COMMAND: GET /session/50f16edc6deacc6e46419d57199c3d82/screenshot - {}
RESULT: {}
COMMAND: POST /session/50f16edc6deacc6e46419d57199c3d82/execute/sync - {"script":"<script> [8489 bytes]","args":[{"element-6066-11e4-a52e-4f735466cecf":"f.54CFF833D3AC6A681D379AA79D22594A.d.B435F36FDF831FE94AC8EA697C93B616.e.6969","ELEMENT":"f.54CFF833D3AC6A681D379AA79D22594A.d.B435F36FDF831FE94AC8EA697C93B616.e.6969"}]}
COMMAND: GET /session/50f16edc6deacc6e46419d57199c3d82/screenshot - {}
RESULT: {}
RESULT: {"script":"<script> [8489 bytes]","args":[{"element-6066-11e4-a52e-4f735466cecf":"f.54CFF833D3AC6A681D379AA79D22594A.d.B435F36FDF831FE94AC8EA697C93B616.e.6969","ELEMENT":"f.54CFF833D3AC6A681D379AA79D22594A.d.B435F36FDF831FE94AC8EA697C93B616.e.6969"}]}
COMMAND: POST /session/50f16edc6deacc6e46419d57199c3d82/execute/sync - {"script":"<script> [5351 bytes]","args":[{"element-6066-11e4-a52e-4f735466cecf":"f.54CFF833D3AC6A681D379AA79D22594A.d.B435F36FDF831FE94AC8EA697C93B616.e.6969","ELEMENT":"f.54CFF833D3AC6A681D379AA79D22594A.d.B435F36FDF831FE94AC8EA697C93B616.e.6969"}]}
COMMAND: GET /session/50f16edc6deacc6e46419d57199c3d82/screenshot - {}
RESULT: {}
RESULT: {"script":"<script> [5351 bytes]","args":[{"element-6066-11e4-a52e-4f735466cecf":"f.54CFF833D3AC6A681D379AA79D22594A.d.B435F36FDF831FE94AC8EA697C93B616.e.6969","ELEMENT":"f.54CFF833D3AC6A681D379AA79D22594A.d.B435F36FDF831FE94AC8EA697C93B616.e.6969"}]}
COMMAND: POST /session/50f16edc6deacc6e46419d57199c3d82/element/f.54CFF833D3AC6A681D379AA79D22594A.d.B435F36FDF831FE94AC8EA697C93B616.e.6969/click - {}
COMMAND: GET /session/50f16edc6deacc6e46419d57199c3d82/screenshot - {}
RESULT: {}
RESULT: {}
COMMAND: GET /session/50f16edc6deacc6e46419d57199c3d82/screenshot - {}
RESULT: {}
COMMAND: POST /session/50f16edc6deacc6e46419d57199c3d82/element - {"using":"xpath","value":"//button[@data-kt=\"saveButton\"]"}
RESULT: {}
RESULT: {"using":"xpath","value":"//button[@data-kt=\"saveButton\"]"}
COMMAND: POST /session/50f16edc6deacc6e46419d57199c3d82/element/f.54CFF833D3AC6A681D379AA79D22594A.d.B435F36FDF831FE94AC8EA697C93B616.e.7289/click - {}
RESULT: {}
COMMAND: GET /session/50f16edc6deacc6e46419d57199c3d82/screenshot - {}
RESULT: {}
COMMAND: POST /session/50f16edc6deacc6e46419d57199c3d82/element - {"using":"xpath","value":"//span[contains(@class, \"sapMMsgBoxText\")]"}
RESULT: {"using":"xpath","value":"//span[contains(@class, \"sapMMsgBoxText\")]"}
COMMAND: POST /session/50f16edc6deacc6e46419d57199c3d82/execute/sync - {"script":"<script> [56 bytes]","args":[{"element-6066-11e4-a52e-4f735466cecf":"f.54CFF833D3AC6A681D379AA79D22594A.d.B435F36FDF831FE94AC8EA697C93B616.e.7410","ELEMENT":"f.54CFF833D3AC6A681D379AA79D22594A.d.B435F36FDF831FE94AC8EA697C93B616.e.7410"}]}
RESULT: {"script":"<script> [56 bytes]","args":[{"element-6066-11e4-a52e-4f735466cecf":"f.54CFF833D3AC6A681D379AA79D22594A.d.B435F36FDF831FE94AC8EA697C93B616.e.7410","ELEMENT":"f.54CFF833D3AC6A681D379AA79D22594A.d.B435F36FDF831FE94AC8EA697C93B616.e.7410"}]}
COMMAND: POST /session/50f16edc6deacc6e46419d57199c3d82/element - {"using":"xpath","value":"(//bdi[contains(text(), \"Close\")])[1]"}
COMMAND: POST /session/50f16edc6deacc6e46419d57199c3d82/elements - {"using":"xpath","value":"//span[contains(@class, \"sapMMsgBoxText\")]"}
COMMAND: GET /session/50f16edc6deacc6e46419d57199c3d82/screenshot - {}
RESULT: {"using":"xpath","value":"(//bdi[contains(text(), \"Close\")])[1]"}
COMMAND: POST /session/50f16edc6deacc6e46419d57199c3d82/element/f.54CFF833D3AC6A681D379AA79D22594A.d.B435F36FDF831FE94AC8EA697C93B616.e.7411/click - {}
RESULT: {"using":"xpath","value":"//span[contains(@class, \"sapMMsgBoxText\")]"}
RESULT: {}
RESULT: {}
COMMAND: GET /session/50f16edc6deacc6e46419d57199c3d82/screenshot - {}
RESULT: {}
COMMAND: POST /session/50f16edc6deacc6e46419d57199c3d82/element - {"using":"css selector","value":"#shell-header-logo"}
RESULT: {"using":"css selector","value":"#shell-header-logo"}
COMMAND: POST /session/50f16edc6deacc6e46419d57199c3d82/element/f.54CFF833D3AC6A681D379AA79D22594A.d.B435F36FDF831FE94AC8EA697C93B616.e.6923/click - {}
RESULT: {}
COMMAND: GET /session/50f16edc6deacc6e46419d57199c3d82/screenshot - {}
RESULT: {}
]]></system-out>
    </testcase>
    <testcase classname="chrome.136_0_7103_93.windows.Partner_specific_tests_US150819_US151080_US151654_US151176_US103444_US151078_US151079_US151109_US151174_US151175_US151189" name="Should do various searches US151175" time="168.856">
      <system-out><![CDATA[
COMMAND: POST /session/50f16edc6deacc6e46419d57199c3d82/element - {"using":"xpath","value":"//li[.//span[text()=\"Manage Partners\"]]"}
RESULT: {"using":"xpath","value":"//li[.//span[text()=\"Manage Partners\"]]"}
COMMAND: POST /session/50f16edc6deacc6e46419d57199c3d82/element - {"using":"xpath","value":"//li[.//span[text()=\"Manage Partners\"]]"}
RESULT: {"using":"xpath","value":"//li[.//span[text()=\"Manage Partners\"]]"}
COMMAND: POST /session/50f16edc6deacc6e46419d57199c3d82/element - {"using":"css selector","value":"#shell-header-logo"}
RESULT: {"using":"css selector","value":"#shell-header-logo"}
COMMAND: POST /session/50f16edc6deacc6e46419d57199c3d82/element/f.54CFF833D3AC6A681D379AA79D22594A.d.B435F36FDF831FE94AC8EA697C93B616.e.7413/click - {}
COMMAND: POST /session/50f16edc6deacc6e46419d57199c3d82/execute/sync - {"script":"<script> [8489 bytes]","args":[{"element-6066-11e4-a52e-4f735466cecf":"f.54CFF833D3AC6A681D379AA79D22594A.d.B435F36FDF831FE94AC8EA697C93B616.e.7413","ELEMENT":"f.54CFF833D3AC6A681D379AA79D22594A.d.B435F36FDF831FE94AC8EA697C93B616.e.7413"}]}
RESULT: {"script":"<script> [8489 bytes]","args":[{"element-6066-11e4-a52e-4f735466cecf":"f.54CFF833D3AC6A681D379AA79D22594A.d.B435F36FDF831FE94AC8EA697C93B616.e.7413","ELEMENT":"f.54CFF833D3AC6A681D379AA79D22594A.d.B435F36FDF831FE94AC8EA697C93B616.e.7413"}]}
COMMAND: POST /session/50f16edc6deacc6e46419d57199c3d82/execute/sync - {"script":"<script> [5351 bytes]","args":[{"element-6066-11e4-a52e-4f735466cecf":"f.54CFF833D3AC6A681D379AA79D22594A.d.B435F36FDF831FE94AC8EA697C93B616.e.7413","ELEMENT":"f.54CFF833D3AC6A681D379AA79D22594A.d.B435F36FDF831FE94AC8EA697C93B616.e.7413"}]}
COMMAND: GET /session/50f16edc6deacc6e46419d57199c3d82/screenshot - {}
RESULT: {}
COMMAND: GET /session/50f16edc6deacc6e46419d57199c3d82/screenshot - {}
RESULT: {"script":"<script> [5351 bytes]","args":[{"element-6066-11e4-a52e-4f735466cecf":"f.54CFF833D3AC6A681D379AA79D22594A.d.B435F36FDF831FE94AC8EA697C93B616.e.7413","ELEMENT":"f.54CFF833D3AC6A681D379AA79D22594A.d.B435F36FDF831FE94AC8EA697C93B616.e.7413"}]}
COMMAND: GET /session/50f16edc6deacc6e46419d57199c3d82/screenshot - {}
RESULT: {}
RESULT: {}
RESULT: {}
RESULT: undefined
COMMAND: POST /session/50f16edc6deacc6e46419d57199c3d82/element - {"using":"xpath","value":"//*[@id=\"__tile30\"]"}
RESULT: {"using":"xpath","value":"//*[@id=\"__tile30\"]"}
COMMAND: POST /session/50f16edc6deacc6e46419d57199c3d82/element/f.54CFF833D3AC6A681D379AA79D22594A.d.B435F36FDF831FE94AC8EA697C93B616.e.4282/click - {}
RESULT: {}
COMMAND: GET /session/50f16edc6deacc6e46419d57199c3d82/screenshot - {}
RESULT: {}
COMMAND: POST /session/50f16edc6deacc6e46419d57199c3d82/elements - {"using":"xpath","value":"//span[text()='Error']"}
RESULT: {"using":"xpath","value":"//span[text()='Error']"}
COMMAND: POST /session/50f16edc6deacc6e46419d57199c3d82/element - {"using":"xpath","value":"//button[@data-kt=\"addButton\"]"}
RESULT: {"using":"xpath","value":"//button[@data-kt=\"addButton\"]"}
COMMAND: POST /session/50f16edc6deacc6e46419d57199c3d82/elements - {"using":"xpath","value":"//button[@data-kt=\"addButton\"]"}
RESULT: {"using":"xpath","value":"//button[@data-kt=\"addButton\"]"}
COMMAND: POST /session/50f16edc6deacc6e46419d57199c3d82/execute/sync - {"script":"<script> [8489 bytes]","args":[{"element-6066-11e4-a52e-4f735466cecf":"f.54CFF833D3AC6A681D379AA79D22594A.d.B435F36FDF831FE94AC8EA697C93B616.e.7458","ELEMENT":"f.54CFF833D3AC6A681D379AA79D22594A.d.B435F36FDF831FE94AC8EA697C93B616.e.7458"}]}
RESULT: {"script":"<script> [8489 bytes]","args":[{"element-6066-11e4-a52e-4f735466cecf":"f.54CFF833D3AC6A681D379AA79D22594A.d.B435F36FDF831FE94AC8EA697C93B616.e.7458","ELEMENT":"f.54CFF833D3AC6A681D379AA79D22594A.d.B435F36FDF831FE94AC8EA697C93B616.e.7458"}]}
COMMAND: GET /session/50f16edc6deacc6e46419d57199c3d82/element/f.54CFF833D3AC6A681D379AA79D22594A.d.B435F36FDF831FE94AC8EA697C93B616.e.7458/enabled - {}
COMMAND: GET /session/50f16edc6deacc6e46419d57199c3d82/screenshot - {}
RESULT: {}
COMMAND: POST /session/50f16edc6deacc6e46419d57199c3d82/execute/sync - {"script":"<script> [8489 bytes]","args":[{"element-6066-11e4-a52e-4f735466cecf":"f.54CFF833D3AC6A681D379AA79D22594A.d.B435F36FDF831FE94AC8EA697C93B616.e.7458","ELEMENT":"f.54CFF833D3AC6A681D379AA79D22594A.d.B435F36FDF831FE94AC8EA697C93B616.e.7458"}]}
COMMAND: GET /session/50f16edc6deacc6e46419d57199c3d82/screenshot - {}
RESULT: {}
RESULT: {"script":"<script> [8489 bytes]","args":[{"element-6066-11e4-a52e-4f735466cecf":"f.54CFF833D3AC6A681D379AA79D22594A.d.B435F36FDF831FE94AC8EA697C93B616.e.7458","ELEMENT":"f.54CFF833D3AC6A681D379AA79D22594A.d.B435F36FDF831FE94AC8EA697C93B616.e.7458"}]}
COMMAND: POST /session/50f16edc6deacc6e46419d57199c3d82/execute/sync - {"script":"<script> [5351 bytes]","args":[{"element-6066-11e4-a52e-4f735466cecf":"f.54CFF833D3AC6A681D379AA79D22594A.d.B435F36FDF831FE94AC8EA697C93B616.e.7458","ELEMENT":"f.54CFF833D3AC6A681D379AA79D22594A.d.B435F36FDF831FE94AC8EA697C93B616.e.7458"}]}
COMMAND: GET /session/50f16edc6deacc6e46419d57199c3d82/screenshot - {}
RESULT: {}
RESULT: {"script":"<script> [5351 bytes]","args":[{"element-6066-11e4-a52e-4f735466cecf":"f.54CFF833D3AC6A681D379AA79D22594A.d.B435F36FDF831FE94AC8EA697C93B616.e.7458","ELEMENT":"f.54CFF833D3AC6A681D379AA79D22594A.d.B435F36FDF831FE94AC8EA697C93B616.e.7458"}]}
COMMAND: GET /session/50f16edc6deacc6e46419d57199c3d82/screenshot - {}
RESULT: {}
RESULT: {}
COMMAND: POST /session/50f16edc6deacc6e46419d57199c3d82/element - {"using":"xpath","value":"//span[@id=\"application-managepartners-display-component---masterPtm--smartTable-header-inner\"]"}
RESULT: {"using":"xpath","value":"//span[@id=\"application-managepartners-display-component---masterPtm--smartTable-header-inner\"]"}
COMMAND: POST /session/50f16edc6deacc6e46419d57199c3d82/elements - {"using":"xpath","value":"//span[@id=\"application-managepartners-display-component---masterPtm--smartTable-header-inner\"]"}
RESULT: {"using":"xpath","value":"//span[@id=\"application-managepartners-display-component---masterPtm--smartTable-header-inner\"]"}
COMMAND: POST /session/50f16edc6deacc6e46419d57199c3d82/execute/sync - {"script":"<script> [56 bytes]","args":[{"element-6066-11e4-a52e-4f735466cecf":"f.54CFF833D3AC6A681D379AA79D22594A.d.B435F36FDF831FE94AC8EA697C93B616.e.7582","ELEMENT":"f.54CFF833D3AC6A681D379AA79D22594A.d.B435F36FDF831FE94AC8EA697C93B616.e.7582"}]}
RESULT: {"script":"<script> [56 bytes]","args":[{"element-6066-11e4-a52e-4f735466cecf":"f.54CFF833D3AC6A681D379AA79D22594A.d.B435F36FDF831FE94AC8EA697C93B616.e.7582","ELEMENT":"f.54CFF833D3AC6A681D379AA79D22594A.d.B435F36FDF831FE94AC8EA697C93B616.e.7582"}]}
RESULT: undefined
COMMAND: POST /session/50f16edc6deacc6e46419d57199c3d82/element - {"using":"xpath","value":"//*[@id=\"application-managepartners-display-component---masterPtm--smartFilterBar-btnFilters\"]"}
COMMAND: GET /session/50f16edc6deacc6e46419d57199c3d82/screenshot - {}
RESULT: {"using":"xpath","value":"//*[@id=\"application-managepartners-display-component---masterPtm--smartFilterBar-btnFilters\"]"}
COMMAND: POST /session/50f16edc6deacc6e46419d57199c3d82/element/f.54CFF833D3AC6A681D379AA79D22594A.d.B435F36FDF831FE94AC8EA697C93B616.e.7423/click - {}
RESULT: {}
RESULT: {}
COMMAND: GET /session/50f16edc6deacc6e46419d57199c3d82/screenshot - {}
RESULT: {}
COMMAND: POST /session/50f16edc6deacc6e46419d57199c3d82/elements - {"using":"xpath","value":"//table[contains(@id, \"listView-innerSelectionPanelTable-listUl\")]/tbody/tr"}
RESULT: {"using":"xpath","value":"//table[contains(@id, \"listView-innerSelectionPanelTable-listUl\")]/tbody/tr"}
COMMAND: POST /session/50f16edc6deacc6e46419d57199c3d82/element - {"using":"xpath","value":"//table[contains(@id, \"listView-innerSelectionPanelTable-listUl\")]/tbody/tr[2]/td[2]/div/div"}
RESULT: {"using":"xpath","value":"//table[contains(@id, \"listView-innerSelectionPanelTable-listUl\")]/tbody/tr[2]/td[2]/div/div"}
COMMAND: POST /session/50f16edc6deacc6e46419d57199c3d82/element - {"using":"xpath","value":"//table[contains(@id, \"listView-innerSelectionPanelTable-listUl\")]/tbody/tr[2]/td[2]/div"}
RESULT: {"using":"xpath","value":"//table[contains(@id, \"listView-innerSelectionPanelTable-listUl\")]/tbody/tr[2]/td[2]/div"}
COMMAND: POST /session/50f16edc6deacc6e46419d57199c3d82/element - {"using":"xpath","value":"//table[contains(@id, \"listView-innerSelectionPanelTable-listUl\")]/tbody/tr[2]/td[3]/div/div/span/span[1]/bdi"}
RESULT: {"using":"xpath","value":"//table[contains(@id, \"listView-innerSelectionPanelTable-listUl\")]/tbody/tr[2]/td[3]/div/div/span/span[1]/bdi"}
COMMAND: POST /session/50f16edc6deacc6e46419d57199c3d82/execute/sync - {"script":"<script> [56 bytes]","args":[{"element-6066-11e4-a52e-4f735466cecf":"f.54CFF833D3AC6A681D379AA79D22594A.d.B435F36FDF831FE94AC8EA697C93B616.e.7650","ELEMENT":"f.54CFF833D3AC6A681D379AA79D22594A.d.B435F36FDF831FE94AC8EA697C93B616.e.7650"}]}
RESULT: {"script":"<script> [56 bytes]","args":[{"element-6066-11e4-a52e-4f735466cecf":"f.54CFF833D3AC6A681D379AA79D22594A.d.B435F36FDF831FE94AC8EA697C93B616.e.7650","ELEMENT":"f.54CFF833D3AC6A681D379AA79D22594A.d.B435F36FDF831FE94AC8EA697C93B616.e.7650"}]}
COMMAND: GET /session/50f16edc6deacc6e46419d57199c3d82/element/f.54CFF833D3AC6A681D379AA79D22594A.d.B435F36FDF831FE94AC8EA697C93B616.e.7649/attribute/aria-checked - {}
COMMAND: GET /session/50f16edc6deacc6e46419d57199c3d82/screenshot - {}
RESULT: {}
COMMAND: POST /session/50f16edc6deacc6e46419d57199c3d82/element - {"using":"xpath","value":"//table[contains(@id, \"listView-innerSelectionPanelTable-listUl\")]/tbody/tr[3]/td[2]/div/div"}
RESULT: {}
RESULT: {"using":"xpath","value":"//table[contains(@id, \"listView-innerSelectionPanelTable-listUl\")]/tbody/tr[3]/td[2]/div/div"}
COMMAND: POST /session/50f16edc6deacc6e46419d57199c3d82/element - {"using":"xpath","value":"//table[contains(@id, \"listView-innerSelectionPanelTable-listUl\")]/tbody/tr[3]/td[2]/div"}
RESULT: {"using":"xpath","value":"//table[contains(@id, \"listView-innerSelectionPanelTable-listUl\")]/tbody/tr[3]/td[2]/div"}
COMMAND: POST /session/50f16edc6deacc6e46419d57199c3d82/element - {"using":"xpath","value":"//table[contains(@id, \"listView-innerSelectionPanelTable-listUl\")]/tbody/tr[3]/td[3]/div/div/span/span[1]/bdi"}
RESULT: {"using":"xpath","value":"//table[contains(@id, \"listView-innerSelectionPanelTable-listUl\")]/tbody/tr[3]/td[3]/div/div/span/span[1]/bdi"}
COMMAND: POST /session/50f16edc6deacc6e46419d57199c3d82/execute/sync - {"script":"<script> [56 bytes]","args":[{"element-6066-11e4-a52e-4f735466cecf":"f.54CFF833D3AC6A681D379AA79D22594A.d.B435F36FDF831FE94AC8EA697C93B616.e.7653","ELEMENT":"f.54CFF833D3AC6A681D379AA79D22594A.d.B435F36FDF831FE94AC8EA697C93B616.e.7653"}]}
RESULT: {"script":"<script> [56 bytes]","args":[{"element-6066-11e4-a52e-4f735466cecf":"f.54CFF833D3AC6A681D379AA79D22594A.d.B435F36FDF831FE94AC8EA697C93B616.e.7653","ELEMENT":"f.54CFF833D3AC6A681D379AA79D22594A.d.B435F36FDF831FE94AC8EA697C93B616.e.7653"}]}
COMMAND: GET /session/50f16edc6deacc6e46419d57199c3d82/element/f.54CFF833D3AC6A681D379AA79D22594A.d.B435F36FDF831FE94AC8EA697C93B616.e.7652/attribute/aria-checked - {}
COMMAND: GET /session/50f16edc6deacc6e46419d57199c3d82/screenshot - {}
RESULT: {}
COMMAND: POST /session/50f16edc6deacc6e46419d57199c3d82/element - {"using":"xpath","value":"//table[contains(@id, \"listView-innerSelectionPanelTable-listUl\")]/tbody/tr[4]/td[2]/div/div"}
RESULT: {}
RESULT: {"using":"xpath","value":"//table[contains(@id, \"listView-innerSelectionPanelTable-listUl\")]/tbody/tr[4]/td[2]/div/div"}
COMMAND: POST /session/50f16edc6deacc6e46419d57199c3d82/element - {"using":"xpath","value":"//table[contains(@id, \"listView-innerSelectionPanelTable-listUl\")]/tbody/tr[4]/td[2]/div"}
RESULT: {"using":"xpath","value":"//table[contains(@id, \"listView-innerSelectionPanelTable-listUl\")]/tbody/tr[4]/td[2]/div"}
COMMAND: POST /session/50f16edc6deacc6e46419d57199c3d82/element - {"using":"xpath","value":"//table[contains(@id, \"listView-innerSelectionPanelTable-listUl\")]/tbody/tr[4]/td[3]/div/div/span/span[1]/bdi"}
RESULT: {"using":"xpath","value":"//table[contains(@id, \"listView-innerSelectionPanelTable-listUl\")]/tbody/tr[4]/td[3]/div/div/span/span[1]/bdi"}
COMMAND: POST /session/50f16edc6deacc6e46419d57199c3d82/execute/sync - {"script":"<script> [56 bytes]","args":[{"element-6066-11e4-a52e-4f735466cecf":"f.54CFF833D3AC6A681D379AA79D22594A.d.B435F36FDF831FE94AC8EA697C93B616.e.7656","ELEMENT":"f.54CFF833D3AC6A681D379AA79D22594A.d.B435F36FDF831FE94AC8EA697C93B616.e.7656"}]}
RESULT: {"script":"<script> [56 bytes]","args":[{"element-6066-11e4-a52e-4f735466cecf":"f.54CFF833D3AC6A681D379AA79D22594A.d.B435F36FDF831FE94AC8EA697C93B616.e.7656","ELEMENT":"f.54CFF833D3AC6A681D379AA79D22594A.d.B435F36FDF831FE94AC8EA697C93B616.e.7656"}]}
COMMAND: GET /session/50f16edc6deacc6e46419d57199c3d82/element/f.54CFF833D3AC6A681D379AA79D22594A.d.B435F36FDF831FE94AC8EA697C93B616.e.7655/attribute/aria-checked - {}
COMMAND: GET /session/50f16edc6deacc6e46419d57199c3d82/screenshot - {}
RESULT: {}
COMMAND: POST /session/50f16edc6deacc6e46419d57199c3d82/element - {"using":"xpath","value":"//table[contains(@id, \"listView-innerSelectionPanelTable-listUl\")]/tbody/tr[5]/td[2]/div/div"}
RESULT: {}
RESULT: {"using":"xpath","value":"//table[contains(@id, \"listView-innerSelectionPanelTable-listUl\")]/tbody/tr[5]/td[2]/div/div"}
COMMAND: POST /session/50f16edc6deacc6e46419d57199c3d82/element - {"using":"xpath","value":"//table[contains(@id, \"listView-innerSelectionPanelTable-listUl\")]/tbody/tr[5]/td[2]/div"}
RESULT: {"using":"xpath","value":"//table[contains(@id, \"listView-innerSelectionPanelTable-listUl\")]/tbody/tr[5]/td[2]/div"}
COMMAND: POST /session/50f16edc6deacc6e46419d57199c3d82/element - {"using":"xpath","value":"//table[contains(@id, \"listView-innerSelectionPanelTable-listUl\")]/tbody/tr[5]/td[3]/div/div/span/span[1]/bdi"}
RESULT: {"using":"xpath","value":"//table[contains(@id, \"listView-innerSelectionPanelTable-listUl\")]/tbody/tr[5]/td[3]/div/div/span/span[1]/bdi"}
COMMAND: POST /session/50f16edc6deacc6e46419d57199c3d82/execute/sync - {"script":"<script> [56 bytes]","args":[{"element-6066-11e4-a52e-4f735466cecf":"f.54CFF833D3AC6A681D379AA79D22594A.d.B435F36FDF831FE94AC8EA697C93B616.e.7659","ELEMENT":"f.54CFF833D3AC6A681D379AA79D22594A.d.B435F36FDF831FE94AC8EA697C93B616.e.7659"}]}
RESULT: {"script":"<script> [56 bytes]","args":[{"element-6066-11e4-a52e-4f735466cecf":"f.54CFF833D3AC6A681D379AA79D22594A.d.B435F36FDF831FE94AC8EA697C93B616.e.7659","ELEMENT":"f.54CFF833D3AC6A681D379AA79D22594A.d.B435F36FDF831FE94AC8EA697C93B616.e.7659"}]}
COMMAND: GET /session/50f16edc6deacc6e46419d57199c3d82/element/f.54CFF833D3AC6A681D379AA79D22594A.d.B435F36FDF831FE94AC8EA697C93B616.e.7658/attribute/aria-checked - {}
COMMAND: GET /session/50f16edc6deacc6e46419d57199c3d82/screenshot - {}
RESULT: {}
COMMAND: POST /session/50f16edc6deacc6e46419d57199c3d82/element - {"using":"xpath","value":"//table[contains(@id, \"listView-innerSelectionPanelTable-listUl\")]/tbody/tr[6]/td[2]/div/div"}
RESULT: {}
RESULT: {"using":"xpath","value":"//table[contains(@id, \"listView-innerSelectionPanelTable-listUl\")]/tbody/tr[6]/td[2]/div/div"}
COMMAND: POST /session/50f16edc6deacc6e46419d57199c3d82/element - {"using":"xpath","value":"//table[contains(@id, \"listView-innerSelectionPanelTable-listUl\")]/tbody/tr[6]/td[2]/div"}
RESULT: {"using":"xpath","value":"//table[contains(@id, \"listView-innerSelectionPanelTable-listUl\")]/tbody/tr[6]/td[2]/div"}
COMMAND: POST /session/50f16edc6deacc6e46419d57199c3d82/element - {"using":"xpath","value":"//table[contains(@id, \"listView-innerSelectionPanelTable-listUl\")]/tbody/tr[6]/td[3]/div/div/span/span[1]/bdi"}
RESULT: {"using":"xpath","value":"//table[contains(@id, \"listView-innerSelectionPanelTable-listUl\")]/tbody/tr[6]/td[3]/div/div/span/span[1]/bdi"}
COMMAND: POST /session/50f16edc6deacc6e46419d57199c3d82/execute/sync - {"script":"<script> [56 bytes]","args":[{"element-6066-11e4-a52e-4f735466cecf":"f.54CFF833D3AC6A681D379AA79D22594A.d.B435F36FDF831FE94AC8EA697C93B616.e.7662","ELEMENT":"f.54CFF833D3AC6A681D379AA79D22594A.d.B435F36FDF831FE94AC8EA697C93B616.e.7662"}]}
RESULT: {"script":"<script> [56 bytes]","args":[{"element-6066-11e4-a52e-4f735466cecf":"f.54CFF833D3AC6A681D379AA79D22594A.d.B435F36FDF831FE94AC8EA697C93B616.e.7662","ELEMENT":"f.54CFF833D3AC6A681D379AA79D22594A.d.B435F36FDF831FE94AC8EA697C93B616.e.7662"}]}
COMMAND: GET /session/50f16edc6deacc6e46419d57199c3d82/element/f.54CFF833D3AC6A681D379AA79D22594A.d.B435F36FDF831FE94AC8EA697C93B616.e.7661/attribute/aria-checked - {}
COMMAND: GET /session/50f16edc6deacc6e46419d57199c3d82/screenshot - {}
RESULT: {}
COMMAND: POST /session/50f16edc6deacc6e46419d57199c3d82/element - {"using":"xpath","value":"//table[contains(@id, \"listView-innerSelectionPanelTable-listUl\")]/tbody/tr[7]/td[2]/div/div"}
RESULT: {}
RESULT: {"using":"xpath","value":"//table[contains(@id, \"listView-innerSelectionPanelTable-listUl\")]/tbody/tr[7]/td[2]/div/div"}
COMMAND: POST /session/50f16edc6deacc6e46419d57199c3d82/element - {"using":"xpath","value":"//table[contains(@id, \"listView-innerSelectionPanelTable-listUl\")]/tbody/tr[7]/td[2]/div"}
RESULT: {"using":"xpath","value":"//table[contains(@id, \"listView-innerSelectionPanelTable-listUl\")]/tbody/tr[7]/td[2]/div"}
COMMAND: POST /session/50f16edc6deacc6e46419d57199c3d82/element - {"using":"xpath","value":"//table[contains(@id, \"listView-innerSelectionPanelTable-listUl\")]/tbody/tr[7]/td[3]/div/div/span/span[1]/bdi"}
RESULT: {"using":"xpath","value":"//table[contains(@id, \"listView-innerSelectionPanelTable-listUl\")]/tbody/tr[7]/td[3]/div/div/span/span[1]/bdi"}
COMMAND: POST /session/50f16edc6deacc6e46419d57199c3d82/execute/sync - {"script":"<script> [56 bytes]","args":[{"element-6066-11e4-a52e-4f735466cecf":"f.54CFF833D3AC6A681D379AA79D22594A.d.B435F36FDF831FE94AC8EA697C93B616.e.7665","ELEMENT":"f.54CFF833D3AC6A681D379AA79D22594A.d.B435F36FDF831FE94AC8EA697C93B616.e.7665"}]}
RESULT: {"script":"<script> [56 bytes]","args":[{"element-6066-11e4-a52e-4f735466cecf":"f.54CFF833D3AC6A681D379AA79D22594A.d.B435F36FDF831FE94AC8EA697C93B616.e.7665","ELEMENT":"f.54CFF833D3AC6A681D379AA79D22594A.d.B435F36FDF831FE94AC8EA697C93B616.e.7665"}]}
COMMAND: GET /session/50f16edc6deacc6e46419d57199c3d82/element/f.54CFF833D3AC6A681D379AA79D22594A.d.B435F36FDF831FE94AC8EA697C93B616.e.7664/attribute/aria-checked - {}
COMMAND: GET /session/50f16edc6deacc6e46419d57199c3d82/screenshot - {}
RESULT: {}
COMMAND: POST /session/50f16edc6deacc6e46419d57199c3d82/element - {"using":"xpath","value":"//table[contains(@id, \"listView-innerSelectionPanelTable-listUl\")]/tbody/tr[8]/td[2]/div/div"}
RESULT: {}
RESULT: {"using":"xpath","value":"//table[contains(@id, \"listView-innerSelectionPanelTable-listUl\")]/tbody/tr[8]/td[2]/div/div"}
COMMAND: POST /session/50f16edc6deacc6e46419d57199c3d82/element - {"using":"xpath","value":"//table[contains(@id, \"listView-innerSelectionPanelTable-listUl\")]/tbody/tr[8]/td[2]/div"}
RESULT: {"using":"xpath","value":"//table[contains(@id, \"listView-innerSelectionPanelTable-listUl\")]/tbody/tr[8]/td[2]/div"}
COMMAND: POST /session/50f16edc6deacc6e46419d57199c3d82/element - {"using":"xpath","value":"//table[contains(@id, \"listView-innerSelectionPanelTable-listUl\")]/tbody/tr[8]/td[3]/div/div/span/span[1]/bdi"}
RESULT: {"using":"xpath","value":"//table[contains(@id, \"listView-innerSelectionPanelTable-listUl\")]/tbody/tr[8]/td[3]/div/div/span/span[1]/bdi"}
COMMAND: POST /session/50f16edc6deacc6e46419d57199c3d82/execute/sync - {"script":"<script> [56 bytes]","args":[{"element-6066-11e4-a52e-4f735466cecf":"f.54CFF833D3AC6A681D379AA79D22594A.d.B435F36FDF831FE94AC8EA697C93B616.e.7668","ELEMENT":"f.54CFF833D3AC6A681D379AA79D22594A.d.B435F36FDF831FE94AC8EA697C93B616.e.7668"}]}
RESULT: {"script":"<script> [56 bytes]","args":[{"element-6066-11e4-a52e-4f735466cecf":"f.54CFF833D3AC6A681D379AA79D22594A.d.B435F36FDF831FE94AC8EA697C93B616.e.7668","ELEMENT":"f.54CFF833D3AC6A681D379AA79D22594A.d.B435F36FDF831FE94AC8EA697C93B616.e.7668"}]}
COMMAND: GET /session/50f16edc6deacc6e46419d57199c3d82/element/f.54CFF833D3AC6A681D379AA79D22594A.d.B435F36FDF831FE94AC8EA697C93B616.e.7667/attribute/aria-checked - {}
COMMAND: GET /session/50f16edc6deacc6e46419d57199c3d82/screenshot - {}
RESULT: {}
COMMAND: POST /session/50f16edc6deacc6e46419d57199c3d82/element - {"using":"xpath","value":"//table[contains(@id, \"listView-innerSelectionPanelTable-listUl\")]/tbody/tr[9]/td[2]/div/div"}
RESULT: {}
RESULT: {"using":"xpath","value":"//table[contains(@id, \"listView-innerSelectionPanelTable-listUl\")]/tbody/tr[9]/td[2]/div/div"}
COMMAND: POST /session/50f16edc6deacc6e46419d57199c3d82/element - {"using":"xpath","value":"//table[contains(@id, \"listView-innerSelectionPanelTable-listUl\")]/tbody/tr[9]/td[2]/div"}
RESULT: {"using":"xpath","value":"//table[contains(@id, \"listView-innerSelectionPanelTable-listUl\")]/tbody/tr[9]/td[2]/div"}
COMMAND: POST /session/50f16edc6deacc6e46419d57199c3d82/element - {"using":"xpath","value":"//table[contains(@id, \"listView-innerSelectionPanelTable-listUl\")]/tbody/tr[9]/td[3]/div/div/span/span[1]/bdi"}
RESULT: {"using":"xpath","value":"//table[contains(@id, \"listView-innerSelectionPanelTable-listUl\")]/tbody/tr[9]/td[3]/div/div/span/span[1]/bdi"}
COMMAND: POST /session/50f16edc6deacc6e46419d57199c3d82/execute/sync - {"script":"<script> [56 bytes]","args":[{"element-6066-11e4-a52e-4f735466cecf":"f.54CFF833D3AC6A681D379AA79D22594A.d.B435F36FDF831FE94AC8EA697C93B616.e.7671","ELEMENT":"f.54CFF833D3AC6A681D379AA79D22594A.d.B435F36FDF831FE94AC8EA697C93B616.e.7671"}]}
RESULT: {"script":"<script> [56 bytes]","args":[{"element-6066-11e4-a52e-4f735466cecf":"f.54CFF833D3AC6A681D379AA79D22594A.d.B435F36FDF831FE94AC8EA697C93B616.e.7671","ELEMENT":"f.54CFF833D3AC6A681D379AA79D22594A.d.B435F36FDF831FE94AC8EA697C93B616.e.7671"}]}
COMMAND: GET /session/50f16edc6deacc6e46419d57199c3d82/element/f.54CFF833D3AC6A681D379AA79D22594A.d.B435F36FDF831FE94AC8EA697C93B616.e.7670/attribute/aria-checked - {}
COMMAND: GET /session/50f16edc6deacc6e46419d57199c3d82/screenshot - {}
RESULT: {}
COMMAND: POST /session/50f16edc6deacc6e46419d57199c3d82/element - {"using":"xpath","value":"//table[contains(@id, \"listView-innerSelectionPanelTable-listUl\")]/tbody/tr[10]/td[2]/div/div"}
RESULT: {}
RESULT: {"using":"xpath","value":"//table[contains(@id, \"listView-innerSelectionPanelTable-listUl\")]/tbody/tr[10]/td[2]/div/div"}
COMMAND: POST /session/50f16edc6deacc6e46419d57199c3d82/element - {"using":"xpath","value":"//table[contains(@id, \"listView-innerSelectionPanelTable-listUl\")]/tbody/tr[10]/td[2]/div"}
RESULT: {"using":"xpath","value":"//table[contains(@id, \"listView-innerSelectionPanelTable-listUl\")]/tbody/tr[10]/td[2]/div"}
COMMAND: POST /session/50f16edc6deacc6e46419d57199c3d82/element - {"using":"xpath","value":"//table[contains(@id, \"listView-innerSelectionPanelTable-listUl\")]/tbody/tr[10]/td[3]/div/div/span/span[1]/bdi"}
RESULT: {"using":"xpath","value":"//table[contains(@id, \"listView-innerSelectionPanelTable-listUl\")]/tbody/tr[10]/td[3]/div/div/span/span[1]/bdi"}
COMMAND: POST /session/50f16edc6deacc6e46419d57199c3d82/execute/sync - {"script":"<script> [56 bytes]","args":[{"element-6066-11e4-a52e-4f735466cecf":"f.54CFF833D3AC6A681D379AA79D22594A.d.B435F36FDF831FE94AC8EA697C93B616.e.7674","ELEMENT":"f.54CFF833D3AC6A681D379AA79D22594A.d.B435F36FDF831FE94AC8EA697C93B616.e.7674"}]}
RESULT: {"script":"<script> [56 bytes]","args":[{"element-6066-11e4-a52e-4f735466cecf":"f.54CFF833D3AC6A681D379AA79D22594A.d.B435F36FDF831FE94AC8EA697C93B616.e.7674","ELEMENT":"f.54CFF833D3AC6A681D379AA79D22594A.d.B435F36FDF831FE94AC8EA697C93B616.e.7674"}]}
COMMAND: GET /session/50f16edc6deacc6e46419d57199c3d82/element/f.54CFF833D3AC6A681D379AA79D22594A.d.B435F36FDF831FE94AC8EA697C93B616.e.7673/attribute/aria-checked - {}
COMMAND: GET /session/50f16edc6deacc6e46419d57199c3d82/screenshot - {}
RESULT: {}
COMMAND: POST /session/50f16edc6deacc6e46419d57199c3d82/element - {"using":"xpath","value":"//table[contains(@id, \"listView-innerSelectionPanelTable-listUl\")]/tbody/tr[11]/td[2]/div/div"}
RESULT: {}
RESULT: {"using":"xpath","value":"//table[contains(@id, \"listView-innerSelectionPanelTable-listUl\")]/tbody/tr[11]/td[2]/div/div"}
COMMAND: POST /session/50f16edc6deacc6e46419d57199c3d82/element - {"using":"xpath","value":"//table[contains(@id, \"listView-innerSelectionPanelTable-listUl\")]/tbody/tr[11]/td[2]/div"}
RESULT: {"using":"xpath","value":"//table[contains(@id, \"listView-innerSelectionPanelTable-listUl\")]/tbody/tr[11]/td[2]/div"}
COMMAND: POST /session/50f16edc6deacc6e46419d57199c3d82/element - {"using":"xpath","value":"//table[contains(@id, \"listView-innerSelectionPanelTable-listUl\")]/tbody/tr[11]/td[3]/div/div/span/span[1]/bdi"}
RESULT: {"using":"xpath","value":"//table[contains(@id, \"listView-innerSelectionPanelTable-listUl\")]/tbody/tr[11]/td[3]/div/div/span/span[1]/bdi"}
COMMAND: POST /session/50f16edc6deacc6e46419d57199c3d82/execute/sync - {"script":"<script> [56 bytes]","args":[{"element-6066-11e4-a52e-4f735466cecf":"f.54CFF833D3AC6A681D379AA79D22594A.d.B435F36FDF831FE94AC8EA697C93B616.e.7677","ELEMENT":"f.54CFF833D3AC6A681D379AA79D22594A.d.B435F36FDF831FE94AC8EA697C93B616.e.7677"}]}
RESULT: {"script":"<script> [56 bytes]","args":[{"element-6066-11e4-a52e-4f735466cecf":"f.54CFF833D3AC6A681D379AA79D22594A.d.B435F36FDF831FE94AC8EA697C93B616.e.7677","ELEMENT":"f.54CFF833D3AC6A681D379AA79D22594A.d.B435F36FDF831FE94AC8EA697C93B616.e.7677"}]}
COMMAND: GET /session/50f16edc6deacc6e46419d57199c3d82/element/f.54CFF833D3AC6A681D379AA79D22594A.d.B435F36FDF831FE94AC8EA697C93B616.e.7676/attribute/aria-checked - {}
COMMAND: GET /session/50f16edc6deacc6e46419d57199c3d82/screenshot - {}
RESULT: {}
COMMAND: POST /session/50f16edc6deacc6e46419d57199c3d82/element - {"using":"xpath","value":"//table[contains(@id, \"listView-innerSelectionPanelTable-listUl\")]/tbody/tr[12]/td[2]/div/div"}
RESULT: {}
RESULT: {"using":"xpath","value":"//table[contains(@id, \"listView-innerSelectionPanelTable-listUl\")]/tbody/tr[12]/td[2]/div/div"}
COMMAND: POST /session/50f16edc6deacc6e46419d57199c3d82/element - {"using":"xpath","value":"//table[contains(@id, \"listView-innerSelectionPanelTable-listUl\")]/tbody/tr[12]/td[2]/div"}
RESULT: {"using":"xpath","value":"//table[contains(@id, \"listView-innerSelectionPanelTable-listUl\")]/tbody/tr[12]/td[2]/div"}
COMMAND: POST /session/50f16edc6deacc6e46419d57199c3d82/element - {"using":"xpath","value":"//table[contains(@id, \"listView-innerSelectionPanelTable-listUl\")]/tbody/tr[12]/td[3]/div/div/span/span[1]/bdi"}
RESULT: {"using":"xpath","value":"//table[contains(@id, \"listView-innerSelectionPanelTable-listUl\")]/tbody/tr[12]/td[3]/div/div/span/span[1]/bdi"}
COMMAND: POST /session/50f16edc6deacc6e46419d57199c3d82/execute/sync - {"script":"<script> [56 bytes]","args":[{"element-6066-11e4-a52e-4f735466cecf":"f.54CFF833D3AC6A681D379AA79D22594A.d.B435F36FDF831FE94AC8EA697C93B616.e.7680","ELEMENT":"f.54CFF833D3AC6A681D379AA79D22594A.d.B435F36FDF831FE94AC8EA697C93B616.e.7680"}]}
RESULT: {"script":"<script> [56 bytes]","args":[{"element-6066-11e4-a52e-4f735466cecf":"f.54CFF833D3AC6A681D379AA79D22594A.d.B435F36FDF831FE94AC8EA697C93B616.e.7680","ELEMENT":"f.54CFF833D3AC6A681D379AA79D22594A.d.B435F36FDF831FE94AC8EA697C93B616.e.7680"}]}
COMMAND: GET /session/50f16edc6deacc6e46419d57199c3d82/element/f.54CFF833D3AC6A681D379AA79D22594A.d.B435F36FDF831FE94AC8EA697C93B616.e.7679/attribute/aria-checked - {}
COMMAND: GET /session/50f16edc6deacc6e46419d57199c3d82/screenshot - {}
RESULT: {}
COMMAND: POST /session/50f16edc6deacc6e46419d57199c3d82/element - {"using":"xpath","value":"//table[contains(@id, \"listView-innerSelectionPanelTable-listUl\")]/tbody/tr[13]/td[2]/div/div"}
RESULT: {}
RESULT: {"using":"xpath","value":"//table[contains(@id, \"listView-innerSelectionPanelTable-listUl\")]/tbody/tr[13]/td[2]/div/div"}
COMMAND: POST /session/50f16edc6deacc6e46419d57199c3d82/element - {"using":"xpath","value":"//table[contains(@id, \"listView-innerSelectionPanelTable-listUl\")]/tbody/tr[13]/td[2]/div"}
RESULT: {"using":"xpath","value":"//table[contains(@id, \"listView-innerSelectionPanelTable-listUl\")]/tbody/tr[13]/td[2]/div"}
COMMAND: POST /session/50f16edc6deacc6e46419d57199c3d82/element - {"using":"xpath","value":"//table[contains(@id, \"listView-innerSelectionPanelTable-listUl\")]/tbody/tr[13]/td[3]/div/div/span/span[1]/bdi"}
RESULT: {"using":"xpath","value":"//table[contains(@id, \"listView-innerSelectionPanelTable-listUl\")]/tbody/tr[13]/td[3]/div/div/span/span[1]/bdi"}
COMMAND: POST /session/50f16edc6deacc6e46419d57199c3d82/execute/sync - {"script":"<script> [56 bytes]","args":[{"element-6066-11e4-a52e-4f735466cecf":"f.54CFF833D3AC6A681D379AA79D22594A.d.B435F36FDF831FE94AC8EA697C93B616.e.7683","ELEMENT":"f.54CFF833D3AC6A681D379AA79D22594A.d.B435F36FDF831FE94AC8EA697C93B616.e.7683"}]}
RESULT: {"script":"<script> [56 bytes]","args":[{"element-6066-11e4-a52e-4f735466cecf":"f.54CFF833D3AC6A681D379AA79D22594A.d.B435F36FDF831FE94AC8EA697C93B616.e.7683","ELEMENT":"f.54CFF833D3AC6A681D379AA79D22594A.d.B435F36FDF831FE94AC8EA697C93B616.e.7683"}]}
COMMAND: GET /session/50f16edc6deacc6e46419d57199c3d82/element/f.54CFF833D3AC6A681D379AA79D22594A.d.B435F36FDF831FE94AC8EA697C93B616.e.7682/attribute/aria-checked - {}
COMMAND: GET /session/50f16edc6deacc6e46419d57199c3d82/screenshot - {}
RESULT: {}
COMMAND: POST /session/50f16edc6deacc6e46419d57199c3d82/element - {"using":"xpath","value":"//table[contains(@id, \"listView-innerSelectionPanelTable-listUl\")]/tbody/tr[14]/td[2]/div/div"}
RESULT: {}
RESULT: {"using":"xpath","value":"//table[contains(@id, \"listView-innerSelectionPanelTable-listUl\")]/tbody/tr[14]/td[2]/div/div"}
COMMAND: POST /session/50f16edc6deacc6e46419d57199c3d82/element - {"using":"xpath","value":"//table[contains(@id, \"listView-innerSelectionPanelTable-listUl\")]/tbody/tr[14]/td[2]/div"}
RESULT: {"using":"xpath","value":"//table[contains(@id, \"listView-innerSelectionPanelTable-listUl\")]/tbody/tr[14]/td[2]/div"}
COMMAND: POST /session/50f16edc6deacc6e46419d57199c3d82/element - {"using":"xpath","value":"//table[contains(@id, \"listView-innerSelectionPanelTable-listUl\")]/tbody/tr[14]/td[3]/div/div/span/span[1]/bdi"}
RESULT: {"using":"xpath","value":"//table[contains(@id, \"listView-innerSelectionPanelTable-listUl\")]/tbody/tr[14]/td[3]/div/div/span/span[1]/bdi"}
COMMAND: POST /session/50f16edc6deacc6e46419d57199c3d82/execute/sync - {"script":"<script> [56 bytes]","args":[{"element-6066-11e4-a52e-4f735466cecf":"f.54CFF833D3AC6A681D379AA79D22594A.d.B435F36FDF831FE94AC8EA697C93B616.e.7686","ELEMENT":"f.54CFF833D3AC6A681D379AA79D22594A.d.B435F36FDF831FE94AC8EA697C93B616.e.7686"}]}
RESULT: {"script":"<script> [56 bytes]","args":[{"element-6066-11e4-a52e-4f735466cecf":"f.54CFF833D3AC6A681D379AA79D22594A.d.B435F36FDF831FE94AC8EA697C93B616.e.7686","ELEMENT":"f.54CFF833D3AC6A681D379AA79D22594A.d.B435F36FDF831FE94AC8EA697C93B616.e.7686"}]}
COMMAND: GET /session/50f16edc6deacc6e46419d57199c3d82/element/f.54CFF833D3AC6A681D379AA79D22594A.d.B435F36FDF831FE94AC8EA697C93B616.e.7685/attribute/aria-checked - {}
COMMAND: GET /session/50f16edc6deacc6e46419d57199c3d82/screenshot - {}
RESULT: {}
COMMAND: POST /session/50f16edc6deacc6e46419d57199c3d82/element - {"using":"xpath","value":"//table[contains(@id, \"listView-innerSelectionPanelTable-listUl\")]/tbody/tr[15]/td[2]/div/div"}
RESULT: {}
RESULT: {"using":"xpath","value":"//table[contains(@id, \"listView-innerSelectionPanelTable-listUl\")]/tbody/tr[15]/td[2]/div/div"}
COMMAND: POST /session/50f16edc6deacc6e46419d57199c3d82/element - {"using":"xpath","value":"//table[contains(@id, \"listView-innerSelectionPanelTable-listUl\")]/tbody/tr[15]/td[2]/div"}
RESULT: {"using":"xpath","value":"//table[contains(@id, \"listView-innerSelectionPanelTable-listUl\")]/tbody/tr[15]/td[2]/div"}
COMMAND: POST /session/50f16edc6deacc6e46419d57199c3d82/element - {"using":"xpath","value":"//table[contains(@id, \"listView-innerSelectionPanelTable-listUl\")]/tbody/tr[15]/td[3]/div/div/span/span[1]/bdi"}
RESULT: {"using":"xpath","value":"//table[contains(@id, \"listView-innerSelectionPanelTable-listUl\")]/tbody/tr[15]/td[3]/div/div/span/span[1]/bdi"}
COMMAND: POST /session/50f16edc6deacc6e46419d57199c3d82/execute/sync - {"script":"<script> [56 bytes]","args":[{"element-6066-11e4-a52e-4f735466cecf":"f.54CFF833D3AC6A681D379AA79D22594A.d.B435F36FDF831FE94AC8EA697C93B616.e.7689","ELEMENT":"f.54CFF833D3AC6A681D379AA79D22594A.d.B435F36FDF831FE94AC8EA697C93B616.e.7689"}]}
RESULT: {"script":"<script> [56 bytes]","args":[{"element-6066-11e4-a52e-4f735466cecf":"f.54CFF833D3AC6A681D379AA79D22594A.d.B435F36FDF831FE94AC8EA697C93B616.e.7689","ELEMENT":"f.54CFF833D3AC6A681D379AA79D22594A.d.B435F36FDF831FE94AC8EA697C93B616.e.7689"}]}
COMMAND: GET /session/50f16edc6deacc6e46419d57199c3d82/element/f.54CFF833D3AC6A681D379AA79D22594A.d.B435F36FDF831FE94AC8EA697C93B616.e.7688/attribute/aria-checked - {}
COMMAND: GET /session/50f16edc6deacc6e46419d57199c3d82/screenshot - {}
RESULT: {}
COMMAND: POST /session/50f16edc6deacc6e46419d57199c3d82/element - {"using":"xpath","value":"//table[contains(@id, \"listView-innerSelectionPanelTable-listUl\")]/tbody/tr[16]/td[2]/div/div"}
RESULT: {}
RESULT: {"using":"xpath","value":"//table[contains(@id, \"listView-innerSelectionPanelTable-listUl\")]/tbody/tr[16]/td[2]/div/div"}
COMMAND: POST /session/50f16edc6deacc6e46419d57199c3d82/element - {"using":"xpath","value":"//table[contains(@id, \"listView-innerSelectionPanelTable-listUl\")]/tbody/tr[16]/td[2]/div"}
RESULT: {"using":"xpath","value":"//table[contains(@id, \"listView-innerSelectionPanelTable-listUl\")]/tbody/tr[16]/td[2]/div"}
COMMAND: POST /session/50f16edc6deacc6e46419d57199c3d82/element - {"using":"xpath","value":"//table[contains(@id, \"listView-innerSelectionPanelTable-listUl\")]/tbody/tr[16]/td[3]/div/div/span/span[1]/bdi"}
RESULT: {"using":"xpath","value":"//table[contains(@id, \"listView-innerSelectionPanelTable-listUl\")]/tbody/tr[16]/td[3]/div/div/span/span[1]/bdi"}
COMMAND: POST /session/50f16edc6deacc6e46419d57199c3d82/execute/sync - {"script":"<script> [56 bytes]","args":[{"element-6066-11e4-a52e-4f735466cecf":"f.54CFF833D3AC6A681D379AA79D22594A.d.B435F36FDF831FE94AC8EA697C93B616.e.7692","ELEMENT":"f.54CFF833D3AC6A681D379AA79D22594A.d.B435F36FDF831FE94AC8EA697C93B616.e.7692"}]}
RESULT: {"script":"<script> [56 bytes]","args":[{"element-6066-11e4-a52e-4f735466cecf":"f.54CFF833D3AC6A681D379AA79D22594A.d.B435F36FDF831FE94AC8EA697C93B616.e.7692","ELEMENT":"f.54CFF833D3AC6A681D379AA79D22594A.d.B435F36FDF831FE94AC8EA697C93B616.e.7692"}]}
COMMAND: GET /session/50f16edc6deacc6e46419d57199c3d82/element/f.54CFF833D3AC6A681D379AA79D22594A.d.B435F36FDF831FE94AC8EA697C93B616.e.7691/attribute/aria-checked - {}
COMMAND: GET /session/50f16edc6deacc6e46419d57199c3d82/screenshot - {}
RESULT: {}
COMMAND: POST /session/50f16edc6deacc6e46419d57199c3d82/element - {"using":"xpath","value":"//table[contains(@id, \"listView-innerSelectionPanelTable-listUl\")]/tbody/tr[17]/td[2]/div/div"}
RESULT: {}
RESULT: {"using":"xpath","value":"//table[contains(@id, \"listView-innerSelectionPanelTable-listUl\")]/tbody/tr[17]/td[2]/div/div"}
COMMAND: POST /session/50f16edc6deacc6e46419d57199c3d82/element - {"using":"xpath","value":"//table[contains(@id, \"listView-innerSelectionPanelTable-listUl\")]/tbody/tr[17]/td[2]/div"}
RESULT: {"using":"xpath","value":"//table[contains(@id, \"listView-innerSelectionPanelTable-listUl\")]/tbody/tr[17]/td[2]/div"}
COMMAND: POST /session/50f16edc6deacc6e46419d57199c3d82/element - {"using":"xpath","value":"//table[contains(@id, \"listView-innerSelectionPanelTable-listUl\")]/tbody/tr[17]/td[3]/div/div/span/span[1]/bdi"}
RESULT: {"using":"xpath","value":"//table[contains(@id, \"listView-innerSelectionPanelTable-listUl\")]/tbody/tr[17]/td[3]/div/div/span/span[1]/bdi"}
COMMAND: POST /session/50f16edc6deacc6e46419d57199c3d82/execute/sync - {"script":"<script> [56 bytes]","args":[{"element-6066-11e4-a52e-4f735466cecf":"f.54CFF833D3AC6A681D379AA79D22594A.d.B435F36FDF831FE94AC8EA697C93B616.e.7695","ELEMENT":"f.54CFF833D3AC6A681D379AA79D22594A.d.B435F36FDF831FE94AC8EA697C93B616.e.7695"}]}
RESULT: {"script":"<script> [56 bytes]","args":[{"element-6066-11e4-a52e-4f735466cecf":"f.54CFF833D3AC6A681D379AA79D22594A.d.B435F36FDF831FE94AC8EA697C93B616.e.7695","ELEMENT":"f.54CFF833D3AC6A681D379AA79D22594A.d.B435F36FDF831FE94AC8EA697C93B616.e.7695"}]}
COMMAND: GET /session/50f16edc6deacc6e46419d57199c3d82/element/f.54CFF833D3AC6A681D379AA79D22594A.d.B435F36FDF831FE94AC8EA697C93B616.e.7694/attribute/aria-checked - {}
COMMAND: GET /session/50f16edc6deacc6e46419d57199c3d82/screenshot - {}
RESULT: {}
COMMAND: POST /session/50f16edc6deacc6e46419d57199c3d82/element - {"using":"xpath","value":"//table[contains(@id, \"listView-innerSelectionPanelTable-listUl\")]/tbody/tr[18]/td[2]/div/div"}
RESULT: {}
RESULT: {"using":"xpath","value":"//table[contains(@id, \"listView-innerSelectionPanelTable-listUl\")]/tbody/tr[18]/td[2]/div/div"}
COMMAND: POST /session/50f16edc6deacc6e46419d57199c3d82/element - {"using":"xpath","value":"//table[contains(@id, \"listView-innerSelectionPanelTable-listUl\")]/tbody/tr[18]/td[2]/div"}
RESULT: {"using":"xpath","value":"//table[contains(@id, \"listView-innerSelectionPanelTable-listUl\")]/tbody/tr[18]/td[2]/div"}
COMMAND: POST /session/50f16edc6deacc6e46419d57199c3d82/element - {"using":"xpath","value":"//table[contains(@id, \"listView-innerSelectionPanelTable-listUl\")]/tbody/tr[18]/td[3]/div/div/span/span[1]/bdi"}
RESULT: {"using":"xpath","value":"//table[contains(@id, \"listView-innerSelectionPanelTable-listUl\")]/tbody/tr[18]/td[3]/div/div/span/span[1]/bdi"}
COMMAND: POST /session/50f16edc6deacc6e46419d57199c3d82/execute/sync - {"script":"<script> [56 bytes]","args":[{"element-6066-11e4-a52e-4f735466cecf":"f.54CFF833D3AC6A681D379AA79D22594A.d.B435F36FDF831FE94AC8EA697C93B616.e.7698","ELEMENT":"f.54CFF833D3AC6A681D379AA79D22594A.d.B435F36FDF831FE94AC8EA697C93B616.e.7698"}]}
RESULT: {"script":"<script> [56 bytes]","args":[{"element-6066-11e4-a52e-4f735466cecf":"f.54CFF833D3AC6A681D379AA79D22594A.d.B435F36FDF831FE94AC8EA697C93B616.e.7698","ELEMENT":"f.54CFF833D3AC6A681D379AA79D22594A.d.B435F36FDF831FE94AC8EA697C93B616.e.7698"}]}
COMMAND: GET /session/50f16edc6deacc6e46419d57199c3d82/element/f.54CFF833D3AC6A681D379AA79D22594A.d.B435F36FDF831FE94AC8EA697C93B616.e.7697/attribute/aria-checked - {}
COMMAND: GET /session/50f16edc6deacc6e46419d57199c3d82/screenshot - {}
RESULT: {}
COMMAND: POST /session/50f16edc6deacc6e46419d57199c3d82/element - {"using":"xpath","value":"//table[contains(@id, \"listView-innerSelectionPanelTable-listUl\")]/tbody/tr[19]/td[2]/div/div"}
RESULT: {}
RESULT: {"using":"xpath","value":"//table[contains(@id, \"listView-innerSelectionPanelTable-listUl\")]/tbody/tr[19]/td[2]/div/div"}
COMMAND: POST /session/50f16edc6deacc6e46419d57199c3d82/element - {"using":"xpath","value":"//table[contains(@id, \"listView-innerSelectionPanelTable-listUl\")]/tbody/tr[19]/td[2]/div"}
RESULT: {"using":"xpath","value":"//table[contains(@id, \"listView-innerSelectionPanelTable-listUl\")]/tbody/tr[19]/td[2]/div"}
COMMAND: POST /session/50f16edc6deacc6e46419d57199c3d82/element - {"using":"xpath","value":"//table[contains(@id, \"listView-innerSelectionPanelTable-listUl\")]/tbody/tr[19]/td[3]/div/div/span/span[1]/bdi"}
RESULT: {"using":"xpath","value":"//table[contains(@id, \"listView-innerSelectionPanelTable-listUl\")]/tbody/tr[19]/td[3]/div/div/span/span[1]/bdi"}
COMMAND: POST /session/50f16edc6deacc6e46419d57199c3d82/execute/sync - {"script":"<script> [56 bytes]","args":[{"element-6066-11e4-a52e-4f735466cecf":"f.54CFF833D3AC6A681D379AA79D22594A.d.B435F36FDF831FE94AC8EA697C93B616.e.7701","ELEMENT":"f.54CFF833D3AC6A681D379AA79D22594A.d.B435F36FDF831FE94AC8EA697C93B616.e.7701"}]}
RESULT: {"script":"<script> [56 bytes]","args":[{"element-6066-11e4-a52e-4f735466cecf":"f.54CFF833D3AC6A681D379AA79D22594A.d.B435F36FDF831FE94AC8EA697C93B616.e.7701","ELEMENT":"f.54CFF833D3AC6A681D379AA79D22594A.d.B435F36FDF831FE94AC8EA697C93B616.e.7701"}]}
COMMAND: GET /session/50f16edc6deacc6e46419d57199c3d82/element/f.54CFF833D3AC6A681D379AA79D22594A.d.B435F36FDF831FE94AC8EA697C93B616.e.7700/attribute/aria-checked - {}
COMMAND: GET /session/50f16edc6deacc6e46419d57199c3d82/screenshot - {}
RESULT: {}
COMMAND: POST /session/50f16edc6deacc6e46419d57199c3d82/element - {"using":"xpath","value":"//table[contains(@id, \"listView-innerSelectionPanelTable-listUl\")]/tbody/tr[20]/td[2]/div/div"}
RESULT: {}
RESULT: {"using":"xpath","value":"//table[contains(@id, \"listView-innerSelectionPanelTable-listUl\")]/tbody/tr[20]/td[2]/div/div"}
COMMAND: POST /session/50f16edc6deacc6e46419d57199c3d82/element - {"using":"xpath","value":"//table[contains(@id, \"listView-innerSelectionPanelTable-listUl\")]/tbody/tr[20]/td[2]/div"}
RESULT: {"using":"xpath","value":"//table[contains(@id, \"listView-innerSelectionPanelTable-listUl\")]/tbody/tr[20]/td[2]/div"}
COMMAND: POST /session/50f16edc6deacc6e46419d57199c3d82/element - {"using":"xpath","value":"//table[contains(@id, \"listView-innerSelectionPanelTable-listUl\")]/tbody/tr[20]/td[3]/div/div/span/span[1]/bdi"}
RESULT: {"using":"xpath","value":"//table[contains(@id, \"listView-innerSelectionPanelTable-listUl\")]/tbody/tr[20]/td[3]/div/div/span/span[1]/bdi"}
COMMAND: POST /session/50f16edc6deacc6e46419d57199c3d82/execute/sync - {"script":"<script> [56 bytes]","args":[{"element-6066-11e4-a52e-4f735466cecf":"f.54CFF833D3AC6A681D379AA79D22594A.d.B435F36FDF831FE94AC8EA697C93B616.e.7704","ELEMENT":"f.54CFF833D3AC6A681D379AA79D22594A.d.B435F36FDF831FE94AC8EA697C93B616.e.7704"}]}
RESULT: {"script":"<script> [56 bytes]","args":[{"element-6066-11e4-a52e-4f735466cecf":"f.54CFF833D3AC6A681D379AA79D22594A.d.B435F36FDF831FE94AC8EA697C93B616.e.7704","ELEMENT":"f.54CFF833D3AC6A681D379AA79D22594A.d.B435F36FDF831FE94AC8EA697C93B616.e.7704"}]}
COMMAND: GET /session/50f16edc6deacc6e46419d57199c3d82/element/f.54CFF833D3AC6A681D379AA79D22594A.d.B435F36FDF831FE94AC8EA697C93B616.e.7703/attribute/aria-checked - {}
COMMAND: GET /session/50f16edc6deacc6e46419d57199c3d82/screenshot - {}
RESULT: {}
COMMAND: POST /session/50f16edc6deacc6e46419d57199c3d82/element - {"using":"xpath","value":"//table[contains(@id, \"listView-innerSelectionPanelTable-listUl\")]/tbody/tr[21]/td[2]/div/div"}
COMMAND: POST /session/50f16edc6deacc6e46419d57199c3d82/element/f.54CFF833D3AC6A681D379AA79D22594A.d.B435F36FDF831FE94AC8EA697C93B616.e.7702/click - {}
RESULT: {}
RESULT: {}
COMMAND: GET /session/50f16edc6deacc6e46419d57199c3d82/screenshot - {}
RESULT: {"using":"xpath","value":"//table[contains(@id, \"listView-innerSelectionPanelTable-listUl\")]/tbody/tr[21]/td[2]/div/div"}
COMMAND: POST /session/50f16edc6deacc6e46419d57199c3d82/element - {"using":"xpath","value":"//table[contains(@id, \"listView-innerSelectionPanelTable-listUl\")]/tbody/tr[21]/td[2]/div"}
RESULT: {}
RESULT: {"using":"xpath","value":"//table[contains(@id, \"listView-innerSelectionPanelTable-listUl\")]/tbody/tr[21]/td[2]/div"}
COMMAND: POST /session/50f16edc6deacc6e46419d57199c3d82/element - {"using":"xpath","value":"//table[contains(@id, \"listView-innerSelectionPanelTable-listUl\")]/tbody/tr[21]/td[3]/div/div/span/span[1]/bdi"}
RESULT: {"using":"xpath","value":"//table[contains(@id, \"listView-innerSelectionPanelTable-listUl\")]/tbody/tr[21]/td[3]/div/div/span/span[1]/bdi"}
COMMAND: POST /session/50f16edc6deacc6e46419d57199c3d82/execute/sync - {"script":"<script> [56 bytes]","args":[{"element-6066-11e4-a52e-4f735466cecf":"f.54CFF833D3AC6A681D379AA79D22594A.d.B435F36FDF831FE94AC8EA697C93B616.e.7710","ELEMENT":"f.54CFF833D3AC6A681D379AA79D22594A.d.B435F36FDF831FE94AC8EA697C93B616.e.7710"}]}
RESULT: {"script":"<script> [56 bytes]","args":[{"element-6066-11e4-a52e-4f735466cecf":"f.54CFF833D3AC6A681D379AA79D22594A.d.B435F36FDF831FE94AC8EA697C93B616.e.7710","ELEMENT":"f.54CFF833D3AC6A681D379AA79D22594A.d.B435F36FDF831FE94AC8EA697C93B616.e.7710"}]}
COMMAND: GET /session/50f16edc6deacc6e46419d57199c3d82/element/f.54CFF833D3AC6A681D379AA79D22594A.d.B435F36FDF831FE94AC8EA697C93B616.e.7709/attribute/aria-checked - {}
COMMAND: GET /session/50f16edc6deacc6e46419d57199c3d82/screenshot - {}
RESULT: {}
COMMAND: POST /session/50f16edc6deacc6e46419d57199c3d82/element - {"using":"xpath","value":"//table[contains(@id, \"listView-innerSelectionPanelTable-listUl\")]/tbody/tr[22]/td[2]/div/div"}
COMMAND: POST /session/50f16edc6deacc6e46419d57199c3d82/element/f.54CFF833D3AC6A681D379AA79D22594A.d.B435F36FDF831FE94AC8EA697C93B616.e.7708/click - {}
RESULT: {}
RESULT: {}
COMMAND: GET /session/50f16edc6deacc6e46419d57199c3d82/screenshot - {}
RESULT: {"using":"xpath","value":"//table[contains(@id, \"listView-innerSelectionPanelTable-listUl\")]/tbody/tr[22]/td[2]/div/div"}
COMMAND: POST /session/50f16edc6deacc6e46419d57199c3d82/element - {"using":"xpath","value":"//table[contains(@id, \"listView-innerSelectionPanelTable-listUl\")]/tbody/tr[22]/td[2]/div"}
RESULT: {}
RESULT: {"using":"xpath","value":"//table[contains(@id, \"listView-innerSelectionPanelTable-listUl\")]/tbody/tr[22]/td[2]/div"}
COMMAND: POST /session/50f16edc6deacc6e46419d57199c3d82/element - {"using":"xpath","value":"//table[contains(@id, \"listView-innerSelectionPanelTable-listUl\")]/tbody/tr[22]/td[3]/div/div/span/span[1]/bdi"}
RESULT: {"using":"xpath","value":"//table[contains(@id, \"listView-innerSelectionPanelTable-listUl\")]/tbody/tr[22]/td[3]/div/div/span/span[1]/bdi"}
COMMAND: POST /session/50f16edc6deacc6e46419d57199c3d82/execute/sync - {"script":"<script> [56 bytes]","args":[{"element-6066-11e4-a52e-4f735466cecf":"f.54CFF833D3AC6A681D379AA79D22594A.d.B435F36FDF831FE94AC8EA697C93B616.e.7714","ELEMENT":"f.54CFF833D3AC6A681D379AA79D22594A.d.B435F36FDF831FE94AC8EA697C93B616.e.7714"}]}
RESULT: {"script":"<script> [56 bytes]","args":[{"element-6066-11e4-a52e-4f735466cecf":"f.54CFF833D3AC6A681D379AA79D22594A.d.B435F36FDF831FE94AC8EA697C93B616.e.7714","ELEMENT":"f.54CFF833D3AC6A681D379AA79D22594A.d.B435F36FDF831FE94AC8EA697C93B616.e.7714"}]}
COMMAND: GET /session/50f16edc6deacc6e46419d57199c3d82/element/f.54CFF833D3AC6A681D379AA79D22594A.d.B435F36FDF831FE94AC8EA697C93B616.e.7713/attribute/aria-checked - {}
COMMAND: GET /session/50f16edc6deacc6e46419d57199c3d82/screenshot - {}
RESULT: {}
COMMAND: POST /session/50f16edc6deacc6e46419d57199c3d82/element - {"using":"xpath","value":"//table[contains(@id, \"listView-innerSelectionPanelTable-listUl\")]/tbody/tr[23]/td[2]/div/div"}
RESULT: {}
RESULT: {"using":"xpath","value":"//table[contains(@id, \"listView-innerSelectionPanelTable-listUl\")]/tbody/tr[23]/td[2]/div/div"}
COMMAND: POST /session/50f16edc6deacc6e46419d57199c3d82/element - {"using":"xpath","value":"//table[contains(@id, \"listView-innerSelectionPanelTable-listUl\")]/tbody/tr[23]/td[2]/div"}
RESULT: {"using":"xpath","value":"//table[contains(@id, \"listView-innerSelectionPanelTable-listUl\")]/tbody/tr[23]/td[2]/div"}
COMMAND: POST /session/50f16edc6deacc6e46419d57199c3d82/element - {"using":"xpath","value":"//table[contains(@id, \"listView-innerSelectionPanelTable-listUl\")]/tbody/tr[23]/td[3]/div/div/span/span[1]/bdi"}
RESULT: {"using":"xpath","value":"//table[contains(@id, \"listView-innerSelectionPanelTable-listUl\")]/tbody/tr[23]/td[3]/div/div/span/span[1]/bdi"}
COMMAND: POST /session/50f16edc6deacc6e46419d57199c3d82/execute/sync - {"script":"<script> [56 bytes]","args":[{"element-6066-11e4-a52e-4f735466cecf":"f.54CFF833D3AC6A681D379AA79D22594A.d.B435F36FDF831FE94AC8EA697C93B616.e.7717","ELEMENT":"f.54CFF833D3AC6A681D379AA79D22594A.d.B435F36FDF831FE94AC8EA697C93B616.e.7717"}]}
RESULT: {"script":"<script> [56 bytes]","args":[{"element-6066-11e4-a52e-4f735466cecf":"f.54CFF833D3AC6A681D379AA79D22594A.d.B435F36FDF831FE94AC8EA697C93B616.e.7717","ELEMENT":"f.54CFF833D3AC6A681D379AA79D22594A.d.B435F36FDF831FE94AC8EA697C93B616.e.7717"}]}
COMMAND: GET /session/50f16edc6deacc6e46419d57199c3d82/element/f.54CFF833D3AC6A681D379AA79D22594A.d.B435F36FDF831FE94AC8EA697C93B616.e.7716/attribute/aria-checked - {}
COMMAND: GET /session/50f16edc6deacc6e46419d57199c3d82/screenshot - {}
RESULT: {}
COMMAND: POST /session/50f16edc6deacc6e46419d57199c3d82/element - {"using":"xpath","value":"//table[contains(@id, \"listView-innerSelectionPanelTable-listUl\")]/tbody/tr[24]/td[2]/div/div"}
RESULT: {}
RESULT: {"using":"xpath","value":"//table[contains(@id, \"listView-innerSelectionPanelTable-listUl\")]/tbody/tr[24]/td[2]/div/div"}
COMMAND: POST /session/50f16edc6deacc6e46419d57199c3d82/element - {"using":"xpath","value":"//table[contains(@id, \"listView-innerSelectionPanelTable-listUl\")]/tbody/tr[24]/td[2]/div"}
RESULT: {"using":"xpath","value":"//table[contains(@id, \"listView-innerSelectionPanelTable-listUl\")]/tbody/tr[24]/td[2]/div"}
COMMAND: POST /session/50f16edc6deacc6e46419d57199c3d82/element - {"using":"xpath","value":"//table[contains(@id, \"listView-innerSelectionPanelTable-listUl\")]/tbody/tr[24]/td[3]/div/div/span/span[1]/bdi"}
RESULT: {"using":"xpath","value":"//table[contains(@id, \"listView-innerSelectionPanelTable-listUl\")]/tbody/tr[24]/td[3]/div/div/span/span[1]/bdi"}
COMMAND: POST /session/50f16edc6deacc6e46419d57199c3d82/execute/sync - {"script":"<script> [56 bytes]","args":[{"element-6066-11e4-a52e-4f735466cecf":"f.54CFF833D3AC6A681D379AA79D22594A.d.B435F36FDF831FE94AC8EA697C93B616.e.7720","ELEMENT":"f.54CFF833D3AC6A681D379AA79D22594A.d.B435F36FDF831FE94AC8EA697C93B616.e.7720"}]}
RESULT: {"script":"<script> [56 bytes]","args":[{"element-6066-11e4-a52e-4f735466cecf":"f.54CFF833D3AC6A681D379AA79D22594A.d.B435F36FDF831FE94AC8EA697C93B616.e.7720","ELEMENT":"f.54CFF833D3AC6A681D379AA79D22594A.d.B435F36FDF831FE94AC8EA697C93B616.e.7720"}]}
COMMAND: GET /session/50f16edc6deacc6e46419d57199c3d82/element/f.54CFF833D3AC6A681D379AA79D22594A.d.B435F36FDF831FE94AC8EA697C93B616.e.7719/attribute/aria-checked - {}
COMMAND: GET /session/50f16edc6deacc6e46419d57199c3d82/screenshot - {}
RESULT: {}
COMMAND: POST /session/50f16edc6deacc6e46419d57199c3d82/element - {"using":"xpath","value":"//table[contains(@id, \"listView-innerSelectionPanelTable-listUl\")]/tbody/tr[25]/td[2]/div/div"}
RESULT: {}
RESULT: {"using":"xpath","value":"//table[contains(@id, \"listView-innerSelectionPanelTable-listUl\")]/tbody/tr[25]/td[2]/div/div"}
COMMAND: POST /session/50f16edc6deacc6e46419d57199c3d82/element - {"using":"xpath","value":"//table[contains(@id, \"listView-innerSelectionPanelTable-listUl\")]/tbody/tr[25]/td[2]/div"}
RESULT: {"using":"xpath","value":"//table[contains(@id, \"listView-innerSelectionPanelTable-listUl\")]/tbody/tr[25]/td[2]/div"}
COMMAND: POST /session/50f16edc6deacc6e46419d57199c3d82/element - {"using":"xpath","value":"//table[contains(@id, \"listView-innerSelectionPanelTable-listUl\")]/tbody/tr[25]/td[3]/div/div/span/span[1]/bdi"}
RESULT: {"using":"xpath","value":"//table[contains(@id, \"listView-innerSelectionPanelTable-listUl\")]/tbody/tr[25]/td[3]/div/div/span/span[1]/bdi"}
COMMAND: POST /session/50f16edc6deacc6e46419d57199c3d82/execute/sync - {"script":"<script> [56 bytes]","args":[{"element-6066-11e4-a52e-4f735466cecf":"f.54CFF833D3AC6A681D379AA79D22594A.d.B435F36FDF831FE94AC8EA697C93B616.e.7723","ELEMENT":"f.54CFF833D3AC6A681D379AA79D22594A.d.B435F36FDF831FE94AC8EA697C93B616.e.7723"}]}
RESULT: {"script":"<script> [56 bytes]","args":[{"element-6066-11e4-a52e-4f735466cecf":"f.54CFF833D3AC6A681D379AA79D22594A.d.B435F36FDF831FE94AC8EA697C93B616.e.7723","ELEMENT":"f.54CFF833D3AC6A681D379AA79D22594A.d.B435F36FDF831FE94AC8EA697C93B616.e.7723"}]}
COMMAND: GET /session/50f16edc6deacc6e46419d57199c3d82/element/f.54CFF833D3AC6A681D379AA79D22594A.d.B435F36FDF831FE94AC8EA697C93B616.e.7722/attribute/aria-checked - {}
COMMAND: GET /session/50f16edc6deacc6e46419d57199c3d82/screenshot - {}
RESULT: {}
COMMAND: POST /session/50f16edc6deacc6e46419d57199c3d82/element - {"using":"xpath","value":"//bdi[contains(text(), \"OK\")]"}
RESULT: {}
RESULT: {"using":"xpath","value":"//bdi[contains(text(), \"OK\")]"}
COMMAND: POST /session/50f16edc6deacc6e46419d57199c3d82/element/f.54CFF833D3AC6A681D379AA79D22594A.d.B435F36FDF831FE94AC8EA697C93B616.e.7724/click - {}
RESULT: {}
COMMAND: GET /session/50f16edc6deacc6e46419d57199c3d82/screenshot - {}
RESULT: {}
COMMAND: POST /session/50f16edc6deacc6e46419d57199c3d82/execute/async - {"script":"<script> [1562 bytes]","args":[{"selector":{"id":"application-managepartners-display-component---masterPtm--smartFilterBar-filterItemControlA_-LINK_TO_ADDRESSES_MAIN.ID-vhi"},"wdio_ui5_key":"applicationmanagepartners-display-component---masterPtm--smartFilterBar-filterItemControlA_-LINK_TO_ADDRESSES_MAIN.ID-vhi"}]}
RESULT: {"script":"<script> [1562 bytes]","args":[{"selector":{"id":"application-managepartners-display-component---masterPtm--smartFilterBar-filterItemControlA_-LINK_TO_ADDRESSES_MAIN.ID-vhi"},"wdio_ui5_key":"applicationmanagepartners-display-component---masterPtm--smartFilterBar-filterItemControlA_-LINK_TO_ADDRESSES_MAIN.ID-vhi"}]}
RESULT: undefined
COMMAND: POST /session/50f16edc6deacc6e46419d57199c3d82/element - {"using":"xpath","value":"//*[@id=\"application-managepartners-display-component---masterPtm--smartFilterBar-filterItemControlA_-LINK_TO_ADDRESSES_MAIN.ID-vhi\"]"}
RESULT: {"using":"xpath","value":"//*[@id=\"application-managepartners-display-component---masterPtm--smartFilterBar-filterItemControlA_-LINK_TO_ADDRESSES_MAIN.ID-vhi\"]"}
COMMAND: POST /session/50f16edc6deacc6e46419d57199c3d82/element/f.54CFF833D3AC6A681D379AA79D22594A.d.B435F36FDF831FE94AC8EA697C93B616.e.7737/click - {}
RESULT: {}
COMMAND: GET /session/50f16edc6deacc6e46419d57199c3d82/screenshot - {}
RESULT: {}
COMMAND: POST /session/50f16edc6deacc6e46419d57199c3d82/element - {"using":"xpath","value":"//div[input[@value=\"contains\"]]//span[contains(@id, \"arrow\")]"}
RESULT: {"using":"xpath","value":"//div[input[@value=\"contains\"]]//span[contains(@id, \"arrow\")]"}
COMMAND: POST /session/50f16edc6deacc6e46419d57199c3d82/element/f.54CFF833D3AC6A681D379AA79D22594A.d.B435F36FDF831FE94AC8EA697C93B616.e.7742/click - {}
RESULT: {}
COMMAND: GET /session/50f16edc6deacc6e46419d57199c3d82/screenshot - {}
RESULT: {}
COMMAND: POST /session/50f16edc6deacc6e46419d57199c3d82/element - {"using":"xpath","value":"//li[.//span[text()='equal to']]"}
RESULT: {"using":"xpath","value":"//li[.//span[text()='equal to']]"}
COMMAND: POST /session/50f16edc6deacc6e46419d57199c3d82/element/f.54CFF833D3AC6A681D379AA79D22594A.d.B435F36FDF831FE94AC8EA697C93B616.e.7743/click - {}
RESULT: {}
COMMAND: GET /session/50f16edc6deacc6e46419d57199c3d82/screenshot - {}
RESULT: {}
RESULT: undefined
COMMAND: POST /session/50f16edc6deacc6e46419d57199c3d82/execute/async - {"script":"<script> [776 bytes]","args":[{"enterText":"1006","selector":{"controlType":"sap.m.Input","viewName":"etm.portal.ui.managepartners.view.Master","viewId":"application-managepartners-display-component---masterPtm","properties":{"valueState":"None"},"searchOpenDialogs":true,"interaction":{"idSuffix":"inner"}},"clearTextFirst":true,"interactionType":"ENTER_TEXT"}]}
RESULT: {"script":"<script> [776 bytes]","args":[{"enterText":"1006","selector":{"controlType":"sap.m.Input","viewName":"etm.portal.ui.managepartners.view.Master","viewId":"application-managepartners-display-component---masterPtm","properties":{"valueState":"None"},"searchOpenDialogs":true,"interaction":{"idSuffix":"inner"}},"clearTextFirst":true,"interactionType":"ENTER_TEXT"}]}
COMMAND: POST /session/50f16edc6deacc6e46419d57199c3d82/actions - {"actions":[{"id":"action22","type":"key","parameters":{},"actions":[{"type":"keyDown","value":"î€‡"},{"type":"pause","duration":10},{"type":"keyUp","value":"î€‡"}]}]}
RESULT: {"actions":[{"id":"action22","type":"key","parameters":{},"actions":[{"type":"keyDown","value":"î€‡"},{"type":"pause","duration":10},{"type":"keyUp","value":"î€‡"}]}]}
COMMAND: GET /session/50f16edc6deacc6e46419d57199c3d82/screenshot - {}
COMMAND: POST /session/50f16edc6deacc6e46419d57199c3d82/element - {"using":"xpath","value":"(//bdi[contains(text(), \"OK\")])[1]"}
RESULT: {}
RESULT: {"using":"xpath","value":"(//bdi[contains(text(), \"OK\")])[1]"}
COMMAND: POST /session/50f16edc6deacc6e46419d57199c3d82/element/f.54CFF833D3AC6A681D379AA79D22594A.d.B435F36FDF831FE94AC8EA697C93B616.e.7744/click - {}
RESULT: {}
COMMAND: GET /session/50f16edc6deacc6e46419d57199c3d82/screenshot - {}
RESULT: {}
COMMAND: POST /session/50f16edc6deacc6e46419d57199c3d82/element - {"using":"xpath","value":"//span[@id=\"application-managepartners-display-component---masterPtm--smartTable-header-inner\"]"}
RESULT: {"using":"xpath","value":"//span[@id=\"application-managepartners-display-component---masterPtm--smartTable-header-inner\"]"}
COMMAND: POST /session/50f16edc6deacc6e46419d57199c3d82/elements - {"using":"xpath","value":"//span[@id=\"application-managepartners-display-component---masterPtm--smartTable-header-inner\"]"}
RESULT: {"using":"xpath","value":"//span[@id=\"application-managepartners-display-component---masterPtm--smartTable-header-inner\"]"}
COMMAND: POST /session/50f16edc6deacc6e46419d57199c3d82/execute/sync - {"script":"<script> [56 bytes]","args":[{"element-6066-11e4-a52e-4f735466cecf":"f.54CFF833D3AC6A681D379AA79D22594A.d.B435F36FDF831FE94AC8EA697C93B616.e.7582","ELEMENT":"f.54CFF833D3AC6A681D379AA79D22594A.d.B435F36FDF831FE94AC8EA697C93B616.e.7582"}]}
RESULT: {"script":"<script> [56 bytes]","args":[{"element-6066-11e4-a52e-4f735466cecf":"f.54CFF833D3AC6A681D379AA79D22594A.d.B435F36FDF831FE94AC8EA697C93B616.e.7582","ELEMENT":"f.54CFF833D3AC6A681D379AA79D22594A.d.B435F36FDF831FE94AC8EA697C93B616.e.7582"}]}
COMMAND: POST /session/50f16edc6deacc6e46419d57199c3d82/element - {"using":"xpath","value":"//span[contains(@title, \"Remove\")]"}
COMMAND: GET /session/50f16edc6deacc6e46419d57199c3d82/screenshot - {}
RESULT: {"using":"xpath","value":"//span[contains(@title, \"Remove\")]"}
COMMAND: POST /session/50f16edc6deacc6e46419d57199c3d82/element/f.54CFF833D3AC6A681D379AA79D22594A.d.B435F36FDF831FE94AC8EA697C93B616.e.7749/click - {}
RESULT: {}
RESULT: {}
COMMAND: GET /session/50f16edc6deacc6e46419d57199c3d82/screenshot - {}
RESULT: {}
RESULT: undefined
COMMAND: POST /session/50f16edc6deacc6e46419d57199c3d82/element - {"using":"xpath","value":"//*[@id=\"application-managepartners-display-component---masterPtm--smartFilterBar-filterItemControl_BASIC-YARD-vhi\"]"}
RESULT: {"using":"xpath","value":"//*[@id=\"application-managepartners-display-component---masterPtm--smartFilterBar-filterItemControl_BASIC-YARD-vhi\"]"}
COMMAND: POST /session/50f16edc6deacc6e46419d57199c3d82/element/f.54CFF833D3AC6A681D379AA79D22594A.d.B435F36FDF831FE94AC8EA697C93B616.e.7855/click - {}
RESULT: {}
COMMAND: GET /session/50f16edc6deacc6e46419d57199c3d82/screenshot - {}
RESULT: {}
RESULT: undefined
COMMAND: POST /session/50f16edc6deacc6e46419d57199c3d82/execute/async - {"script":"<script> [776 bytes]","args":[{"enterText":"Test","selector":{"id":"application-managepartners-display-component---masterPtm--smartFilterBar-filterItemControl_BASIC-YARD-valueHelpDialog-smartFilterBar-btnBasicSearch","searchOpenDialogs":true,"interaction":{"idSuffix":"I"}},"clearTextFirst":true,"interactionType":"ENTER_TEXT"}]}
RESULT: {"script":"<script> [776 bytes]","args":[{"enterText":"Test","selector":{"id":"application-managepartners-display-component---masterPtm--smartFilterBar-filterItemControl_BASIC-YARD-valueHelpDialog-smartFilterBar-btnBasicSearch","searchOpenDialogs":true,"interaction":{"idSuffix":"I"}},"clearTextFirst":true,"interactionType":"ENTER_TEXT"}]}
COMMAND: POST /session/50f16edc6deacc6e46419d57199c3d82/actions - {"actions":[{"id":"action23","type":"key","parameters":{},"actions":[{"type":"keyDown","value":"î€‡"},{"type":"pause","duration":10},{"type":"keyUp","value":"î€‡"}]}]}
RESULT: {"actions":[{"id":"action23","type":"key","parameters":{},"actions":[{"type":"keyDown","value":"î€‡"},{"type":"pause","duration":10},{"type":"keyUp","value":"î€‡"}]}]}
COMMAND: POST /session/50f16edc6deacc6e46419d57199c3d82/elements - {"using":"xpath","value":"//table[contains(@id, \"smartFilterBar-filterItemControl_BASIC-YARD-valueHelpDialog-table-table\")]/tbody/tr"}
COMMAND: GET /session/50f16edc6deacc6e46419d57199c3d82/screenshot - {}
RESULT: {"using":"xpath","value":"//table[contains(@id, \"smartFilterBar-filterItemControl_BASIC-YARD-valueHelpDialog-table-table\")]/tbody/tr"}
COMMAND: POST /session/50f16edc6deacc6e46419d57199c3d82/element - {"using":"xpath","value":"//table[contains(@id, \"smartFilterBar-filterItemControl_BASIC-YARD-valueHelpDialog-table-table\")]/tbody/tr[1]/td[1]/div/span"}
RESULT: {}
RESULT: {"using":"xpath","value":"//table[contains(@id, \"smartFilterBar-filterItemControl_BASIC-YARD-valueHelpDialog-table-table\")]/tbody/tr[1]/td[1]/div/span"}
COMMAND: POST /session/50f16edc6deacc6e46419d57199c3d82/elements - {"using":"xpath","value":"//table[contains(@id, \"smartFilterBar-filterItemControl_BASIC-YARD-valueHelpDialog-table-table\")]/tbody/tr[1]/td[1]/div/span"}
RESULT: {"using":"xpath","value":"//table[contains(@id, \"smartFilterBar-filterItemControl_BASIC-YARD-valueHelpDialog-table-table\")]/tbody/tr[1]/td[1]/div/span"}
COMMAND: POST /session/50f16edc6deacc6e46419d57199c3d82/execute/sync - {"script":"<script> [56 bytes]","args":[{"element-6066-11e4-a52e-4f735466cecf":"f.54CFF833D3AC6A681D379AA79D22594A.d.B435F36FDF831FE94AC8EA697C93B616.e.7875","ELEMENT":"f.54CFF833D3AC6A681D379AA79D22594A.d.B435F36FDF831FE94AC8EA697C93B616.e.7875"}]}
RESULT: {"script":"<script> [56 bytes]","args":[{"element-6066-11e4-a52e-4f735466cecf":"f.54CFF833D3AC6A681D379AA79D22594A.d.B435F36FDF831FE94AC8EA697C93B616.e.7875","ELEMENT":"f.54CFF833D3AC6A681D379AA79D22594A.d.B435F36FDF831FE94AC8EA697C93B616.e.7875"}]}
COMMAND: POST /session/50f16edc6deacc6e46419d57199c3d82/element - {"using":"xpath","value":"//table[contains(@id, \"smartFilterBar-filterItemControl_BASIC-YARD-valueHelpDialog-table-table\")]/tbody/tr[2]/td[1]/div/span"}
COMMAND: GET /session/50f16edc6deacc6e46419d57199c3d82/screenshot - {}
RESULT: {"using":"xpath","value":"//table[contains(@id, \"smartFilterBar-filterItemControl_BASIC-YARD-valueHelpDialog-table-table\")]/tbody/tr[2]/td[1]/div/span"}
COMMAND: POST /session/50f16edc6deacc6e46419d57199c3d82/elements - {"using":"xpath","value":"//table[contains(@id, \"smartFilterBar-filterItemControl_BASIC-YARD-valueHelpDialog-table-table\")]/tbody/tr[2]/td[1]/div/span"}
RESULT: {}
RESULT: {"using":"xpath","value":"//table[contains(@id, \"smartFilterBar-filterItemControl_BASIC-YARD-valueHelpDialog-table-table\")]/tbody/tr[2]/td[1]/div/span"}
COMMAND: POST /session/50f16edc6deacc6e46419d57199c3d82/execute/sync - {"script":"<script> [56 bytes]","args":[{"element-6066-11e4-a52e-4f735466cecf":"f.54CFF833D3AC6A681D379AA79D22594A.d.B435F36FDF831FE94AC8EA697C93B616.e.7876","ELEMENT":"f.54CFF833D3AC6A681D379AA79D22594A.d.B435F36FDF831FE94AC8EA697C93B616.e.7876"}]}
RESULT: {"script":"<script> [56 bytes]","args":[{"element-6066-11e4-a52e-4f735466cecf":"f.54CFF833D3AC6A681D379AA79D22594A.d.B435F36FDF831FE94AC8EA697C93B616.e.7876","ELEMENT":"f.54CFF833D3AC6A681D379AA79D22594A.d.B435F36FDF831FE94AC8EA697C93B616.e.7876"}]}
COMMAND: POST /session/50f16edc6deacc6e46419d57199c3d82/element - {"using":"xpath","value":"//table[contains(@id, \"smartFilterBar-filterItemControl_BASIC-YARD-valueHelpDialog-table-table\")]/tbody/tr[3]/td[1]/div/span"}
COMMAND: GET /session/50f16edc6deacc6e46419d57199c3d82/screenshot - {}
RESULT: {"using":"xpath","value":"//table[contains(@id, \"smartFilterBar-filterItemControl_BASIC-YARD-valueHelpDialog-table-table\")]/tbody/tr[3]/td[1]/div/span"}
COMMAND: POST /session/50f16edc6deacc6e46419d57199c3d82/elements - {"using":"xpath","value":"//table[contains(@id, \"smartFilterBar-filterItemControl_BASIC-YARD-valueHelpDialog-table-table\")]/tbody/tr[3]/td[1]/div/span"}
RESULT: {}
RESULT: {"using":"xpath","value":"//table[contains(@id, \"smartFilterBar-filterItemControl_BASIC-YARD-valueHelpDialog-table-table\")]/tbody/tr[3]/td[1]/div/span"}
COMMAND: POST /session/50f16edc6deacc6e46419d57199c3d82/execute/sync - {"script":"<script> [56 bytes]","args":[{"element-6066-11e4-a52e-4f735466cecf":"f.54CFF833D3AC6A681D379AA79D22594A.d.B435F36FDF831FE94AC8EA697C93B616.e.7877","ELEMENT":"f.54CFF833D3AC6A681D379AA79D22594A.d.B435F36FDF831FE94AC8EA697C93B616.e.7877"}]}
RESULT: {"script":"<script> [56 bytes]","args":[{"element-6066-11e4-a52e-4f735466cecf":"f.54CFF833D3AC6A681D379AA79D22594A.d.B435F36FDF831FE94AC8EA697C93B616.e.7877","ELEMENT":"f.54CFF833D3AC6A681D379AA79D22594A.d.B435F36FDF831FE94AC8EA697C93B616.e.7877"}]}
COMMAND: POST /session/50f16edc6deacc6e46419d57199c3d82/element - {"using":"xpath","value":"//div[contains(@id, \"filterItemControl_BASIC-YARD-valueHelpDialog-table-rowsel2\")]"}
COMMAND: GET /session/50f16edc6deacc6e46419d57199c3d82/screenshot - {}
RESULT: {"using":"xpath","value":"//div[contains(@id, \"filterItemControl_BASIC-YARD-valueHelpDialog-table-rowsel2\")]"}
COMMAND: POST /session/50f16edc6deacc6e46419d57199c3d82/element/f.54CFF833D3AC6A681D379AA79D22594A.d.B435F36FDF831FE94AC8EA697C93B616.e.7878/click - {}
RESULT: {}
RESULT: {}
COMMAND: GET /session/50f16edc6deacc6e46419d57199c3d82/screenshot - {}
RESULT: {}
COMMAND: POST /session/50f16edc6deacc6e46419d57199c3d82/element - {"using":"xpath","value":"(//bdi[contains(text(), \"OK\")])[1]"}
RESULT: {"using":"xpath","value":"(//bdi[contains(text(), \"OK\")])[1]"}
COMMAND: POST /session/50f16edc6deacc6e46419d57199c3d82/element/f.54CFF833D3AC6A681D379AA79D22594A.d.B435F36FDF831FE94AC8EA697C93B616.e.7880/click - {}
RESULT: {}
COMMAND: GET /session/50f16edc6deacc6e46419d57199c3d82/screenshot - {}
RESULT: {}
COMMAND: POST /session/50f16edc6deacc6e46419d57199c3d82/element - {"using":"xpath","value":"//span[@id=\"application-managepartners-display-component---masterPtm--smartTable-header-inner\"]"}
RESULT: {"using":"xpath","value":"//span[@id=\"application-managepartners-display-component---masterPtm--smartTable-header-inner\"]"}
COMMAND: POST /session/50f16edc6deacc6e46419d57199c3d82/elements - {"using":"xpath","value":"//span[@id=\"application-managepartners-display-component---masterPtm--smartTable-header-inner\"]"}
RESULT: {"using":"xpath","value":"//span[@id=\"application-managepartners-display-component---masterPtm--smartTable-header-inner\"]"}
COMMAND: POST /session/50f16edc6deacc6e46419d57199c3d82/execute/sync - {"script":"<script> [56 bytes]","args":[{"element-6066-11e4-a52e-4f735466cecf":"f.54CFF833D3AC6A681D379AA79D22594A.d.B435F36FDF831FE94AC8EA697C93B616.e.7582","ELEMENT":"f.54CFF833D3AC6A681D379AA79D22594A.d.B435F36FDF831FE94AC8EA697C93B616.e.7582"}]}
RESULT: {"script":"<script> [56 bytes]","args":[{"element-6066-11e4-a52e-4f735466cecf":"f.54CFF833D3AC6A681D379AA79D22594A.d.B435F36FDF831FE94AC8EA697C93B616.e.7582","ELEMENT":"f.54CFF833D3AC6A681D379AA79D22594A.d.B435F36FDF831FE94AC8EA697C93B616.e.7582"}]}
COMMAND: POST /session/50f16edc6deacc6e46419d57199c3d82/element - {"using":"xpath","value":"//span[contains(@title, \"Remove\")]"}
COMMAND: GET /session/50f16edc6deacc6e46419d57199c3d82/screenshot - {}
RESULT: {"using":"xpath","value":"//span[contains(@title, \"Remove\")]"}
COMMAND: POST /session/50f16edc6deacc6e46419d57199c3d82/element/f.54CFF833D3AC6A681D379AA79D22594A.d.B435F36FDF831FE94AC8EA697C93B616.e.7893/click - {}
RESULT: {}
RESULT: {}
COMMAND: GET /session/50f16edc6deacc6e46419d57199c3d82/screenshot - {}
RESULT: undefined
COMMAND: POST /session/50f16edc6deacc6e46419d57199c3d82/element - {"using":"xpath","value":"//*[@id=\"application-managepartners-display-component---masterPtm--smartFilterBar-filterItemControl_BASIC-MAIN_ADDRESS-vhi\"]"}
RESULT: {}
RESULT: {"using":"xpath","value":"//*[@id=\"application-managepartners-display-component---masterPtm--smartFilterBar-filterItemControl_BASIC-MAIN_ADDRESS-vhi\"]"}
COMMAND: POST /session/50f16edc6deacc6e46419d57199c3d82/element/f.54CFF833D3AC6A681D379AA79D22594A.d.B435F36FDF831FE94AC8EA697C93B616.e.7998/click - {}
RESULT: {}
COMMAND: GET /session/50f16edc6deacc6e46419d57199c3d82/screenshot - {}
RESULT: {}
RESULT: undefined
COMMAND: POST /session/50f16edc6deacc6e46419d57199c3d82/execute/async - {"script":"<script> [776 bytes]","args":[{"enterText":"Romania","selector":{"id":"application-managepartners-display-component---masterPtm--smartFilterBar-filterItemControl_BASIC-MAIN_ADDRESS-valueHelpDialog-smartFilterBar-btnBasicSearch","searchOpenDialogs":true,"interaction":{"idSuffix":"I"}},"clearTextFirst":true,"interactionType":"ENTER_TEXT"}]}
RESULT: {"script":"<script> [776 bytes]","args":[{"enterText":"Romania","selector":{"id":"application-managepartners-display-component---masterPtm--smartFilterBar-filterItemControl_BASIC-MAIN_ADDRESS-valueHelpDialog-smartFilterBar-btnBasicSearch","searchOpenDialogs":true,"interaction":{"idSuffix":"I"}},"clearTextFirst":true,"interactionType":"ENTER_TEXT"}]}
COMMAND: POST /session/50f16edc6deacc6e46419d57199c3d82/actions - {"actions":[{"id":"action24","type":"key","parameters":{},"actions":[{"type":"keyDown","value":"î€‡"},{"type":"pause","duration":10},{"type":"keyUp","value":"î€‡"}]}]}
RESULT: {"actions":[{"id":"action24","type":"key","parameters":{},"actions":[{"type":"keyDown","value":"î€‡"},{"type":"pause","duration":10},{"type":"keyUp","value":"î€‡"}]}]}
COMMAND: POST /session/50f16edc6deacc6e46419d57199c3d82/elements - {"using":"xpath","value":"//table[contains(@id, \"smartFilterBar-filterItemControl_BASIC-MAIN_ADDRESS-valueHelpDialog-table-table\")]/tbody/tr"}
COMMAND: GET /session/50f16edc6deacc6e46419d57199c3d82/screenshot - {}
RESULT: {"using":"xpath","value":"//table[contains(@id, \"smartFilterBar-filterItemControl_BASIC-MAIN_ADDRESS-valueHelpDialog-table-table\")]/tbody/tr"}
COMMAND: POST /session/50f16edc6deacc6e46419d57199c3d82/element - {"using":"xpath","value":"//table[contains(@id, \"smartFilterBar-filterItemControl_BASIC-MAIN_ADDRESS-valueHelpDialog-table-table\")]/tbody/tr[1]/td[1]/div/span"}
RESULT: {}
RESULT: {"using":"xpath","value":"//table[contains(@id, \"smartFilterBar-filterItemControl_BASIC-MAIN_ADDRESS-valueHelpDialog-table-table\")]/tbody/tr[1]/td[1]/div/span"}
COMMAND: POST /session/50f16edc6deacc6e46419d57199c3d82/elements - {"using":"xpath","value":"//table[contains(@id, \"smartFilterBar-filterItemControl_BASIC-MAIN_ADDRESS-valueHelpDialog-table-table\")]/tbody/tr[1]/td[1]/div/span"}
RESULT: {"using":"xpath","value":"//table[contains(@id, \"smartFilterBar-filterItemControl_BASIC-MAIN_ADDRESS-valueHelpDialog-table-table\")]/tbody/tr[1]/td[1]/div/span"}
COMMAND: POST /session/50f16edc6deacc6e46419d57199c3d82/execute/sync - {"script":"<script> [56 bytes]","args":[{"element-6066-11e4-a52e-4f735466cecf":"f.54CFF833D3AC6A681D379AA79D22594A.d.B435F36FDF831FE94AC8EA697C93B616.e.8018","ELEMENT":"f.54CFF833D3AC6A681D379AA79D22594A.d.B435F36FDF831FE94AC8EA697C93B616.e.8018"}]}
RESULT: {"script":"<script> [56 bytes]","args":[{"element-6066-11e4-a52e-4f735466cecf":"f.54CFF833D3AC6A681D379AA79D22594A.d.B435F36FDF831FE94AC8EA697C93B616.e.8018","ELEMENT":"f.54CFF833D3AC6A681D379AA79D22594A.d.B435F36FDF831FE94AC8EA697C93B616.e.8018"}]}
COMMAND: POST /session/50f16edc6deacc6e46419d57199c3d82/element - {"using":"xpath","value":"//div[contains(@id, \"filterItemControl_BASIC-MAIN_ADDRESS-valueHelpDialog-table-rowsel0\")]"}
COMMAND: GET /session/50f16edc6deacc6e46419d57199c3d82/screenshot - {}
RESULT: {"using":"xpath","value":"//div[contains(@id, \"filterItemControl_BASIC-MAIN_ADDRESS-valueHelpDialog-table-rowsel0\")]"}
COMMAND: POST /session/50f16edc6deacc6e46419d57199c3d82/element/f.54CFF833D3AC6A681D379AA79D22594A.d.B435F36FDF831FE94AC8EA697C93B616.e.8019/click - {}
RESULT: {}
RESULT: {}
COMMAND: GET /session/50f16edc6deacc6e46419d57199c3d82/screenshot - {}
RESULT: {}
COMMAND: POST /session/50f16edc6deacc6e46419d57199c3d82/element - {"using":"xpath","value":"(//bdi[contains(text(), \"OK\")])[1]"}
RESULT: {"using":"xpath","value":"(//bdi[contains(text(), \"OK\")])[1]"}
COMMAND: POST /session/50f16edc6deacc6e46419d57199c3d82/element/f.54CFF833D3AC6A681D379AA79D22594A.d.B435F36FDF831FE94AC8EA697C93B616.e.8021/click - {}
RESULT: {}
COMMAND: GET /session/50f16edc6deacc6e46419d57199c3d82/screenshot - {}
RESULT: {}
COMMAND: POST /session/50f16edc6deacc6e46419d57199c3d82/element - {"using":"xpath","value":"//span[@id=\"application-managepartners-display-component---masterPtm--smartTable-header-inner\"]"}
RESULT: {"using":"xpath","value":"//span[@id=\"application-managepartners-display-component---masterPtm--smartTable-header-inner\"]"}
COMMAND: POST /session/50f16edc6deacc6e46419d57199c3d82/elements - {"using":"xpath","value":"//span[@id=\"application-managepartners-display-component---masterPtm--smartTable-header-inner\"]"}
RESULT: {"using":"xpath","value":"//span[@id=\"application-managepartners-display-component---masterPtm--smartTable-header-inner\"]"}
COMMAND: POST /session/50f16edc6deacc6e46419d57199c3d82/execute/sync - {"script":"<script> [56 bytes]","args":[{"element-6066-11e4-a52e-4f735466cecf":"f.54CFF833D3AC6A681D379AA79D22594A.d.B435F36FDF831FE94AC8EA697C93B616.e.7582","ELEMENT":"f.54CFF833D3AC6A681D379AA79D22594A.d.B435F36FDF831FE94AC8EA697C93B616.e.7582"}]}
RESULT: {"script":"<script> [56 bytes]","args":[{"element-6066-11e4-a52e-4f735466cecf":"f.54CFF833D3AC6A681D379AA79D22594A.d.B435F36FDF831FE94AC8EA697C93B616.e.7582","ELEMENT":"f.54CFF833D3AC6A681D379AA79D22594A.d.B435F36FDF831FE94AC8EA697C93B616.e.7582"}]}
COMMAND: POST /session/50f16edc6deacc6e46419d57199c3d82/element - {"using":"xpath","value":"//span[contains(@title, \"Remove\")]"}
COMMAND: GET /session/50f16edc6deacc6e46419d57199c3d82/screenshot - {}
RESULT: {"using":"xpath","value":"//span[contains(@title, \"Remove\")]"}
COMMAND: POST /session/50f16edc6deacc6e46419d57199c3d82/element/f.54CFF833D3AC6A681D379AA79D22594A.d.B435F36FDF831FE94AC8EA697C93B616.e.8035/click - {}
RESULT: {}
RESULT: {}
COMMAND: GET /session/50f16edc6deacc6e46419d57199c3d82/screenshot - {}
COMMAND: POST /session/50f16edc6deacc6e46419d57199c3d82/execute/async - {"script":"<script> [1562 bytes]","args":[{"selector":{"id":"application-managepartners-display-component---masterPtm--catalogs-arrow"},"wdio_ui5_key":"applicationmanagepartners-display-component---masterPtm--catalogs-arrow"}]}
RESULT: {}
RESULT: {"script":"<script> [1562 bytes]","args":[{"selector":{"id":"application-managepartners-display-component---masterPtm--catalogs-arrow"},"wdio_ui5_key":"applicationmanagepartners-display-component---masterPtm--catalogs-arrow"}]}
RESULT: undefined
COMMAND: POST /session/50f16edc6deacc6e46419d57199c3d82/element - {"using":"xpath","value":"//*[@id=\"application-managepartners-display-component---masterPtm--catalogs-arrow\"]"}
RESULT: {"using":"xpath","value":"//*[@id=\"application-managepartners-display-component---masterPtm--catalogs-arrow\"]"}
COMMAND: POST /session/50f16edc6deacc6e46419d57199c3d82/element/f.54CFF833D3AC6A681D379AA79D22594A.d.B435F36FDF831FE94AC8EA697C93B616.e.8140/click - {}
RESULT: {}
COMMAND: GET /session/50f16edc6deacc6e46419d57199c3d82/screenshot - {}
RESULT: {}
COMMAND: POST /session/50f16edc6deacc6e46419d57199c3d82/element - {"using":"xpath","value":"//li[.//span[text()=\"Webshop Catalog\"]]//div[contains(@class,\"sapMCbBg\")]"}
RESULT: {"using":"xpath","value":"//li[.//span[text()=\"Webshop Catalog\"]]//div[contains(@class,\"sapMCbBg\")]"}
COMMAND: POST /session/50f16edc6deacc6e46419d57199c3d82/element/f.54CFF833D3AC6A681D379AA79D22594A.d.B435F36FDF831FE94AC8EA697C93B616.e.8154/click - {}
RESULT: {}
COMMAND: GET /session/50f16edc6deacc6e46419d57199c3d82/screenshot - {}
RESULT: {}
RESULT: undefined
COMMAND: POST /session/50f16edc6deacc6e46419d57199c3d82/element - {"using":"xpath","value":"//*[@id=\"application-managepartners-display-component---masterPtm--catalogs-arrow\"]"}
RESULT: {"using":"xpath","value":"//*[@id=\"application-managepartners-display-component---masterPtm--catalogs-arrow\"]"}
COMMAND: POST /session/50f16edc6deacc6e46419d57199c3d82/element/f.54CFF833D3AC6A681D379AA79D22594A.d.B435F36FDF831FE94AC8EA697C93B616.e.8140/click - {}
RESULT: {}
COMMAND: POST /session/50f16edc6deacc6e46419d57199c3d82/element - {"using":"xpath","value":"//span[@id=\"application-managepartners-display-component---masterPtm--smartTable-header-inner\"]"}
COMMAND: GET /session/50f16edc6deacc6e46419d57199c3d82/screenshot - {}
RESULT: {"using":"xpath","value":"//span[@id=\"application-managepartners-display-component---masterPtm--smartTable-header-inner\"]"}
COMMAND: POST /session/50f16edc6deacc6e46419d57199c3d82/elements - {"using":"xpath","value":"//span[@id=\"application-managepartners-display-component---masterPtm--smartTable-header-inner\"]"}
RESULT: {}
RESULT: {"using":"xpath","value":"//span[@id=\"application-managepartners-display-component---masterPtm--smartTable-header-inner\"]"}
COMMAND: POST /session/50f16edc6deacc6e46419d57199c3d82/execute/sync - {"script":"<script> [56 bytes]","args":[{"element-6066-11e4-a52e-4f735466cecf":"f.54CFF833D3AC6A681D379AA79D22594A.d.B435F36FDF831FE94AC8EA697C93B616.e.7582","ELEMENT":"f.54CFF833D3AC6A681D379AA79D22594A.d.B435F36FDF831FE94AC8EA697C93B616.e.7582"}]}
RESULT: {"script":"<script> [56 bytes]","args":[{"element-6066-11e4-a52e-4f735466cecf":"f.54CFF833D3AC6A681D379AA79D22594A.d.B435F36FDF831FE94AC8EA697C93B616.e.7582","ELEMENT":"f.54CFF833D3AC6A681D379AA79D22594A.d.B435F36FDF831FE94AC8EA697C93B616.e.7582"}]}
COMMAND: POST /session/50f16edc6deacc6e46419d57199c3d82/element - {"using":"xpath","value":"//span[contains(@title, \"Remove\")]"}
COMMAND: GET /session/50f16edc6deacc6e46419d57199c3d82/screenshot - {}
RESULT: {"using":"xpath","value":"//span[contains(@title, \"Remove\")]"}
COMMAND: POST /session/50f16edc6deacc6e46419d57199c3d82/element/f.54CFF833D3AC6A681D379AA79D22594A.d.B435F36FDF831FE94AC8EA697C93B616.e.8168/click - {}
RESULT: {}
RESULT: {}
COMMAND: GET /session/50f16edc6deacc6e46419d57199c3d82/screenshot - {}
RESULT: {}
COMMAND: POST /session/50f16edc6deacc6e46419d57199c3d82/execute/async - {"script":"<script> [1562 bytes]","args":[{"selector":{"id":"application-managepartners-display-component---masterPtm--currencies-arrow"},"wdio_ui5_key":"applicationmanagepartners-display-component---masterPtm--currencies-arrow"}]}
RESULT: {"script":"<script> [1562 bytes]","args":[{"selector":{"id":"application-managepartners-display-component---masterPtm--currencies-arrow"},"wdio_ui5_key":"applicationmanagepartners-display-component---masterPtm--currencies-arrow"}]}
RESULT: undefined
COMMAND: POST /session/50f16edc6deacc6e46419d57199c3d82/element - {"using":"xpath","value":"//*[@id=\"application-managepartners-display-component---masterPtm--currencies-arrow\"]"}
RESULT: {"using":"xpath","value":"//*[@id=\"application-managepartners-display-component---masterPtm--currencies-arrow\"]"}
COMMAND: POST /session/50f16edc6deacc6e46419d57199c3d82/element/f.54CFF833D3AC6A681D379AA79D22594A.d.B435F36FDF831FE94AC8EA697C93B616.e.8284/click - {}
RESULT: {}
COMMAND: GET /session/50f16edc6deacc6e46419d57199c3d82/screenshot - {}
RESULT: {}
COMMAND: POST /session/50f16edc6deacc6e46419d57199c3d82/element - {"using":"xpath","value":"//li[.//span[text()=\"US Dollar\"]]//div[contains(@class,\"sapMCbBg\")]"}
RESULT: {"using":"xpath","value":"//li[.//span[text()=\"US Dollar\"]]//div[contains(@class,\"sapMCbBg\")]"}
COMMAND: POST /session/50f16edc6deacc6e46419d57199c3d82/element/f.54CFF833D3AC6A681D379AA79D22594A.d.B435F36FDF831FE94AC8EA697C93B616.e.8287/click - {}
RESULT: {}
COMMAND: GET /session/50f16edc6deacc6e46419d57199c3d82/screenshot - {}
RESULT: {}
RESULT: undefined
COMMAND: POST /session/50f16edc6deacc6e46419d57199c3d82/element - {"using":"xpath","value":"//*[@id=\"application-managepartners-display-component---masterPtm--currencies-arrow\"]"}
RESULT: {"using":"xpath","value":"//*[@id=\"application-managepartners-display-component---masterPtm--currencies-arrow\"]"}
COMMAND: POST /session/50f16edc6deacc6e46419d57199c3d82/element/f.54CFF833D3AC6A681D379AA79D22594A.d.B435F36FDF831FE94AC8EA697C93B616.e.8284/click - {}
RESULT: {}
COMMAND: POST /session/50f16edc6deacc6e46419d57199c3d82/element - {"using":"xpath","value":"//span[@id=\"application-managepartners-display-component---masterPtm--smartTable-header-inner\"]"}
COMMAND: GET /session/50f16edc6deacc6e46419d57199c3d82/screenshot - {}
RESULT: {"using":"xpath","value":"//span[@id=\"application-managepartners-display-component---masterPtm--smartTable-header-inner\"]"}
COMMAND: POST /session/50f16edc6deacc6e46419d57199c3d82/elements - {"using":"xpath","value":"//span[@id=\"application-managepartners-display-component---masterPtm--smartTable-header-inner\"]"}
RESULT: {}
RESULT: {"using":"xpath","value":"//span[@id=\"application-managepartners-display-component---masterPtm--smartTable-header-inner\"]"}
COMMAND: POST /session/50f16edc6deacc6e46419d57199c3d82/execute/sync - {"script":"<script> [56 bytes]","args":[{"element-6066-11e4-a52e-4f735466cecf":"f.54CFF833D3AC6A681D379AA79D22594A.d.B435F36FDF831FE94AC8EA697C93B616.e.7582","ELEMENT":"f.54CFF833D3AC6A681D379AA79D22594A.d.B435F36FDF831FE94AC8EA697C93B616.e.7582"}]}
RESULT: {"script":"<script> [56 bytes]","args":[{"element-6066-11e4-a52e-4f735466cecf":"f.54CFF833D3AC6A681D379AA79D22594A.d.B435F36FDF831FE94AC8EA697C93B616.e.7582","ELEMENT":"f.54CFF833D3AC6A681D379AA79D22594A.d.B435F36FDF831FE94AC8EA697C93B616.e.7582"}]}
COMMAND: POST /session/50f16edc6deacc6e46419d57199c3d82/element - {"using":"xpath","value":"//span[contains(@title, \"Remove\")]"}
COMMAND: GET /session/50f16edc6deacc6e46419d57199c3d82/screenshot - {}
RESULT: {"using":"xpath","value":"//span[contains(@title, \"Remove\")]"}
COMMAND: POST /session/50f16edc6deacc6e46419d57199c3d82/element/f.54CFF833D3AC6A681D379AA79D22594A.d.B435F36FDF831FE94AC8EA697C93B616.e.8434/click - {}
RESULT: {}
RESULT: {}
COMMAND: GET /session/50f16edc6deacc6e46419d57199c3d82/screenshot - {}
RESULT: {}
COMMAND: POST /session/50f16edc6deacc6e46419d57199c3d82/execute/async - {"script":"<script> [1562 bytes]","args":[{"selector":{"id":"application-managepartners-display-component---masterPtm--languages-arrow"},"wdio_ui5_key":"applicationmanagepartners-display-component---masterPtm--languages-arrow"}]}
RESULT: {"script":"<script> [1562 bytes]","args":[{"selector":{"id":"application-managepartners-display-component---masterPtm--languages-arrow"},"wdio_ui5_key":"applicationmanagepartners-display-component---masterPtm--languages-arrow"}]}
RESULT: undefined
COMMAND: POST /session/50f16edc6deacc6e46419d57199c3d82/element - {"using":"xpath","value":"//*[@id=\"application-managepartners-display-component---masterPtm--languages-arrow\"]"}
RESULT: {"using":"xpath","value":"//*[@id=\"application-managepartners-display-component---masterPtm--languages-arrow\"]"}
COMMAND: POST /session/50f16edc6deacc6e46419d57199c3d82/element/f.54CFF833D3AC6A681D379AA79D22594A.d.B435F36FDF831FE94AC8EA697C93B616.e.8506/click - {}
RESULT: {}
COMMAND: GET /session/50f16edc6deacc6e46419d57199c3d82/screenshot - {}
RESULT: {}
COMMAND: POST /session/50f16edc6deacc6e46419d57199c3d82/element - {"using":"xpath","value":"//li[.//span[text()=\"German\"]]//div[contains(@class,\"sapMCbBg\")]"}
RESULT: {"using":"xpath","value":"//li[.//span[text()=\"German\"]]//div[contains(@class,\"sapMCbBg\")]"}
COMMAND: POST /session/50f16edc6deacc6e46419d57199c3d82/element/f.54CFF833D3AC6A681D379AA79D22594A.d.B435F36FDF831FE94AC8EA697C93B616.e.8552/click - {}
RESULT: {}
COMMAND: GET /session/50f16edc6deacc6e46419d57199c3d82/screenshot - {}
RESULT: {}
RESULT: undefined
COMMAND: POST /session/50f16edc6deacc6e46419d57199c3d82/element - {"using":"xpath","value":"//*[@id=\"application-managepartners-display-component---masterPtm--languages-arrow\"]"}
RESULT: {"using":"xpath","value":"//*[@id=\"application-managepartners-display-component---masterPtm--languages-arrow\"]"}
COMMAND: POST /session/50f16edc6deacc6e46419d57199c3d82/element/f.54CFF833D3AC6A681D379AA79D22594A.d.B435F36FDF831FE94AC8EA697C93B616.e.8506/click - {}
RESULT: {}
COMMAND: POST /session/50f16edc6deacc6e46419d57199c3d82/element - {"using":"xpath","value":"//span[@id=\"application-managepartners-display-component---masterPtm--smartTable-header-inner\"]"}
COMMAND: GET /session/50f16edc6deacc6e46419d57199c3d82/screenshot - {}
RESULT: {"using":"xpath","value":"//span[@id=\"application-managepartners-display-component---masterPtm--smartTable-header-inner\"]"}
COMMAND: POST /session/50f16edc6deacc6e46419d57199c3d82/elements - {"using":"xpath","value":"//span[@id=\"application-managepartners-display-component---masterPtm--smartTable-header-inner\"]"}
RESULT: {}
RESULT: {"using":"xpath","value":"//span[@id=\"application-managepartners-display-component---masterPtm--smartTable-header-inner\"]"}
COMMAND: POST /session/50f16edc6deacc6e46419d57199c3d82/execute/sync - {"script":"<script> [56 bytes]","args":[{"element-6066-11e4-a52e-4f735466cecf":"f.54CFF833D3AC6A681D379AA79D22594A.d.B435F36FDF831FE94AC8EA697C93B616.e.7582","ELEMENT":"f.54CFF833D3AC6A681D379AA79D22594A.d.B435F36FDF831FE94AC8EA697C93B616.e.7582"}]}
RESULT: {"script":"<script> [56 bytes]","args":[{"element-6066-11e4-a52e-4f735466cecf":"f.54CFF833D3AC6A681D379AA79D22594A.d.B435F36FDF831FE94AC8EA697C93B616.e.7582","ELEMENT":"f.54CFF833D3AC6A681D379AA79D22594A.d.B435F36FDF831FE94AC8EA697C93B616.e.7582"}]}
COMMAND: POST /session/50f16edc6deacc6e46419d57199c3d82/element - {"using":"css selector","value":"#shell-header-logo"}
COMMAND: GET /session/50f16edc6deacc6e46419d57199c3d82/screenshot - {}
RESULT: {"using":"css selector","value":"#shell-header-logo"}
COMMAND: POST /session/50f16edc6deacc6e46419d57199c3d82/element/f.54CFF833D3AC6A681D379AA79D22594A.d.B435F36FDF831FE94AC8EA697C93B616.e.7413/click - {}
RESULT: {}
RESULT: {}
COMMAND: GET /session/50f16edc6deacc6e46419d57199c3d82/screenshot - {}
RESULT: {}
COMMAND: POST /session/50f16edc6deacc6e46419d57199c3d82/element - {"using":"css selector","value":"#j_username"}
COMMAND: POST /session/50f16edc6deacc6e46419d57199c3d82/url - {"url":"https://qa-testing-00-live-etm-ui.cfapps.eu10-004.hana.ondemand.com/"}
RESULT: {"using":"css selector","value":"#j_username"}
COMMAND: POST /session/50f16edc6deacc6e46419d57199c3d82/element - {"using":"css selector","value":"#j_username"}
RESULT: {"url":"https://qa-testing-00-live-etm-ui.cfapps.eu10-004.hana.ondemand.com/"}
RESULT: undefined
COMMAND: GET /session/50f16edc6deacc6e46419d57199c3d82/screenshot - {}
RESULT: {"using":"css selector","value":"#j_username"}
COMMAND: POST /session/50f16edc6deacc6e46419d57199c3d82/element - {"using":"css selector","value":"#shell-header-logo"}
RESULT: {}
RESULT: {"using":"css selector","value":"#shell-header-logo"}
COMMAND: POST /session/50f16edc6deacc6e46419d57199c3d82/execute/sync - {"script":"<script> [8489 bytes]","args":[{"element-6066-11e4-a52e-4f735466cecf":"f.54CFF833D3AC6A681D379AA79D22594A.d.6C37930DA46D2B4EC1030537294C9697.e.8630","ELEMENT":"f.54CFF833D3AC6A681D379AA79D22594A.d.6C37930DA46D2B4EC1030537294C9697.e.8630"}]}
RESULT: {"script":"<script> [8489 bytes]","args":[{"element-6066-11e4-a52e-4f735466cecf":"f.54CFF833D3AC6A681D379AA79D22594A.d.6C37930DA46D2B4EC1030537294C9697.e.8630","ELEMENT":"f.54CFF833D3AC6A681D379AA79D22594A.d.6C37930DA46D2B4EC1030537294C9697.e.8630"}]}
COMMAND: POST /session/50f16edc6deacc6e46419d57199c3d82/element - {"using":"css selector","value":"#shell-header-logo"}
COMMAND: GET /session/50f16edc6deacc6e46419d57199c3d82/screenshot - {}
RESULT: {"using":"css selector","value":"#shell-header-logo"}
COMMAND: POST /session/50f16edc6deacc6e46419d57199c3d82/execute/sync - {"script":"<script> [8489 bytes]","args":[{"element-6066-11e4-a52e-4f735466cecf":"f.54CFF833D3AC6A681D379AA79D22594A.d.6C37930DA46D2B4EC1030537294C9697.e.8630","ELEMENT":"f.54CFF833D3AC6A681D379AA79D22594A.d.6C37930DA46D2B4EC1030537294C9697.e.8630"}]}
RESULT: {}
RESULT: {"script":"<script> [8489 bytes]","args":[{"element-6066-11e4-a52e-4f735466cecf":"f.54CFF833D3AC6A681D379AA79D22594A.d.6C37930DA46D2B4EC1030537294C9697.e.8630","ELEMENT":"f.54CFF833D3AC6A681D379AA79D22594A.d.6C37930DA46D2B4EC1030537294C9697.e.8630"}]}
COMMAND: POST /session/50f16edc6deacc6e46419d57199c3d82/execute/sync - {"script":"<script> [5351 bytes]","args":[{"element-6066-11e4-a52e-4f735466cecf":"f.54CFF833D3AC6A681D379AA79D22594A.d.6C37930DA46D2B4EC1030537294C9697.e.8630","ELEMENT":"f.54CFF833D3AC6A681D379AA79D22594A.d.6C37930DA46D2B4EC1030537294C9697.e.8630"}]}
COMMAND: GET /session/50f16edc6deacc6e46419d57199c3d82/screenshot - {}
RESULT: {"script":"<script> [5351 bytes]","args":[{"element-6066-11e4-a52e-4f735466cecf":"f.54CFF833D3AC6A681D379AA79D22594A.d.6C37930DA46D2B4EC1030537294C9697.e.8630","ELEMENT":"f.54CFF833D3AC6A681D379AA79D22594A.d.6C37930DA46D2B4EC1030537294C9697.e.8630"}]}
COMMAND: POST /session/50f16edc6deacc6e46419d57199c3d82/element - {"using":"css selector","value":"#shell-header-logo"}
COMMAND: GET /session/50f16edc6deacc6e46419d57199c3d82/screenshot - {}
RESULT: {}
RESULT: {"using":"css selector","value":"#shell-header-logo"}
COMMAND: POST /session/50f16edc6deacc6e46419d57199c3d82/element/f.54CFF833D3AC6A681D379AA79D22594A.d.6C37930DA46D2B4EC1030537294C9697.e.8630/click - {}
RESULT: {}
RESULT: {}
COMMAND: GET /session/50f16edc6deacc6e46419d57199c3d82/screenshot - {}
RESULT: {}
COMMAND: POST /session/50f16edc6deacc6e46419d57199c3d82/execute/async - {"script":"<script> [189 bytes]","args":[]}
RESULT: {"script":"<script> [189 bytes]","args":[]}
COMMAND: POST /session/50f16edc6deacc6e46419d57199c3d82/execute/async - {"script":"<script> [123 bytes]","args":[]}
RESULT: {"script":"<script> [123 bytes]","args":[]}
COMMAND: POST /session/50f16edc6deacc6e46419d57199c3d82/timeouts - {"script":"<number>"}
RESULT: {"script":"<number>"}
COMMAND: GET /session/50f16edc6deacc6e46419d57199c3d82/timeouts - {}
RESULT: {}
RESULT: undefined
COMMAND: POST /session/50f16edc6deacc6e46419d57199c3d82/execute/async - {"script":"<script> [2676 bytes]","args":[]}
RESULT: {"script":"<script> [2676 bytes]","args":[]}
COMMAND: POST /session/50f16edc6deacc6e46419d57199c3d82/execute/async - {"script":"<script> [2342 bytes]","args":[{"protocol":"http","hostname":"0.0.0.0","path":"/","capabilities":{"browserName":"chrome","goog:chromeOptions":{"binary":"C:\\Program Files\\Google\\Chrome\\Application\\chrome.exe","args":["--start-maximized"]}},"logLevel":"warn","connectionRetryTimeout":120000,"connectionRetryCount":3,"logLevels":{},"enableDirectConnect":true,"strictSSL":true,"_":"65 more keys: [\"cacheDir\",\"port\",\"requestedCapabilities\",\"automationProtocol\",\"baseUrl\",\"waitforInterval\",\"waitforTimeout\",\"onReload\",\"beforeCommand\",\"afterCommand\",\"rootDir\",\"specs\",\"suites\",\"exclude\",\"groupLogsByTestSpec\",\"excludeDriverLogs\",\"bail\",\"framework\",\"reporters\",\"services\",\"maxInstances\",\"maxInstancesPerCapability\",\"injectGlobals\",\"filesToWatch\",\"execArgv\",\"runnerEnv\",\"runner\",\"shard\",\"specFileRetries\",\"specFileRetriesDelay\",\"specFileRetriesDeferred\",\"reporterSyncInterval\",\"reporterSyncTimeout\",\"cucumberFeaturesWithLineNumbers\",\"autoCompileOpts\",\"mochaOpts\",\"jasmineOpts\",\"cucumberOpts\",\"onPrepare\",\"onWorkerStart\",\"onWorkerEnd\",\"before\",\"beforeSession\",\"beforeSuite\",\"beforeHook\",\"beforeTest\",\"afterTest\",\"afterHook\",\"afterSuite\",\"afterSession\",\"after\",\"onComplete\",\"beforeAssertion\",\"afterAssertion\",\"beforeFeature\",\"beforeScenario\",\"beforeStep\",\"afterStep\",\"afterScenario\",\"afterFeature\",\"_\",\"suite\",\"$0\",\"ignoredWorkerServices\",\"wdi5\"]"}]}
RESULT: {"script":"<script> [2342 bytes]","args":[{"protocol":"http","hostname":"0.0.0.0","path":"/","capabilities":{"browserName":"chrome","goog:chromeOptions":{"binary":"C:\\Program Files\\Google\\Chrome\\Application\\chrome.exe","args":["--start-maximized"]}},"logLevel":"warn","connectionRetryTimeout":120000,"connectionRetryCount":3,"logLevels":{},"enableDirectConnect":true,"strictSSL":true,"_":"65 more keys: [\"cacheDir\",\"port\",\"requestedCapabilities\",\"automationProtocol\",\"baseUrl\",\"waitforInterval\",\"waitforTimeout\",\"onReload\",\"beforeCommand\",\"afterCommand\",\"rootDir\",\"specs\",\"suites\",\"exclude\",\"groupLogsByTestSpec\",\"excludeDriverLogs\",\"bail\",\"framework\",\"reporters\",\"services\",\"maxInstances\",\"maxInstancesPerCapability\",\"injectGlobals\",\"filesToWatch\",\"execArgv\",\"runnerEnv\",\"runner\",\"shard\",\"specFileRetries\",\"specFileRetriesDelay\",\"specFileRetriesDeferred\",\"reporterSyncInterval\",\"reporterSyncTimeout\",\"cucumberFeaturesWithLineNumbers\",\"autoCompileOpts\",\"mochaOpts\",\"jasmineOpts\",\"cucumberOpts\",\"onPrepare\",\"onWorkerStart\",\"onWorkerEnd\",\"before\",\"beforeSession\",\"beforeSuite\",\"beforeHook\",\"beforeTest\",\"afterTest\",\"afterHook\",\"afterSuite\",\"afterSession\",\"after\",\"onComplete\",\"beforeAssertion\",\"afterAssertion\",\"beforeFeature\",\"beforeScenario\",\"beforeStep\",\"afterStep\",\"afterScenario\",\"afterFeature\",\"_\",\"suite\",\"$0\",\"ignoredWorkerServices\",\"wdi5\"]"}]}
COMMAND: POST /session/50f16edc6deacc6e46419d57199c3d82/execute/async - {"script":"<script> [21126 bytes]","args":[35000]}
RESULT: {"script":"<script> [21126 bytes]","args":[35000]}
COMMAND: POST /session/50f16edc6deacc6e46419d57199c3d82/window/maximize - {}
RESULT: {}
COMMAND: POST /session/50f16edc6deacc6e46419d57199c3d82/execute/async - {"script":"<script> [1562 bytes]","args":[{"selector":{"id":"shell-header","interaction":{"idSuffix":"icon"}},"wdio_ui5_key":"shellheader"}]}
COMMAND: GET /session/50f16edc6deacc6e46419d57199c3d82/screenshot - {}
RESULT: {"script":"<script> [1562 bytes]","args":[{"selector":{"id":"shell-header","interaction":{"idSuffix":"icon"}},"wdio_ui5_key":"shellheader"}]}
RESULT: undefined
COMMAND: POST /session/50f16edc6deacc6e46419d57199c3d82/refresh - {}
RESULT: {}
RESULT: {}
COMMAND: GET /session/50f16edc6deacc6e46419d57199c3d82/screenshot - {}
RESULT: {}
COMMAND: POST /session/50f16edc6deacc6e46419d57199c3d82/refresh - {}
RESULT: {}
COMMAND: GET /session/50f16edc6deacc6e46419d57199c3d82/screenshot - {}
RESULT: {}
COMMAND: POST /session/50f16edc6deacc6e46419d57199c3d82/window/fullscreen - {}
RESULT: {}
COMMAND: POST /session/50f16edc6deacc6e46419d57199c3d82/execute/async - {"script":"<script> [189 bytes]","args":[]}
RESULT: {"script":"<script> [189 bytes]","args":[]}
COMMAND: POST /session/50f16edc6deacc6e46419d57199c3d82/execute/async - {"script":"<script> [123 bytes]","args":[]}
RESULT: {"script":"<script> [123 bytes]","args":[]}
COMMAND: POST /session/50f16edc6deacc6e46419d57199c3d82/timeouts - {"script":"<number>"}
RESULT: {"script":"<number>"}
COMMAND: GET /session/50f16edc6deacc6e46419d57199c3d82/timeouts - {}
RESULT: {}
RESULT: undefined
COMMAND: POST /session/50f16edc6deacc6e46419d57199c3d82/execute/async - {"script":"<script> [2676 bytes]","args":[]}
RESULT: {"script":"<script> [2676 bytes]","args":[]}
COMMAND: POST /session/50f16edc6deacc6e46419d57199c3d82/execute/async - {"script":"<script> [2342 bytes]","args":[{"protocol":"http","hostname":"0.0.0.0","path":"/","capabilities":{"browserName":"chrome","goog:chromeOptions":{"binary":"C:\\Program Files\\Google\\Chrome\\Application\\chrome.exe","args":["--start-maximized"]}},"logLevel":"warn","connectionRetryTimeout":120000,"connectionRetryCount":3,"logLevels":{},"enableDirectConnect":true,"strictSSL":true,"_":"65 more keys: [\"cacheDir\",\"port\",\"requestedCapabilities\",\"automationProtocol\",\"baseUrl\",\"waitforInterval\",\"waitforTimeout\",\"onReload\",\"beforeCommand\",\"afterCommand\",\"rootDir\",\"specs\",\"suites\",\"exclude\",\"groupLogsByTestSpec\",\"excludeDriverLogs\",\"bail\",\"framework\",\"reporters\",\"services\",\"maxInstances\",\"maxInstancesPerCapability\",\"injectGlobals\",\"filesToWatch\",\"execArgv\",\"runnerEnv\",\"runner\",\"shard\",\"specFileRetries\",\"specFileRetriesDelay\",\"specFileRetriesDeferred\",\"reporterSyncInterval\",\"reporterSyncTimeout\",\"cucumberFeaturesWithLineNumbers\",\"autoCompileOpts\",\"mochaOpts\",\"jasmineOpts\",\"cucumberOpts\",\"onPrepare\",\"onWorkerStart\",\"onWorkerEnd\",\"before\",\"beforeSession\",\"beforeSuite\",\"beforeHook\",\"beforeTest\",\"afterTest\",\"afterHook\",\"afterSuite\",\"afterSession\",\"after\",\"onComplete\",\"beforeAssertion\",\"afterAssertion\",\"beforeFeature\",\"beforeScenario\",\"beforeStep\",\"afterStep\",\"afterScenario\",\"afterFeature\",\"_\",\"suite\",\"$0\",\"ignoredWorkerServices\",\"wdi5\"]"}]}
RESULT: {"script":"<script> [2342 bytes]","args":[{"protocol":"http","hostname":"0.0.0.0","path":"/","capabilities":{"browserName":"chrome","goog:chromeOptions":{"binary":"C:\\Program Files\\Google\\Chrome\\Application\\chrome.exe","args":["--start-maximized"]}},"logLevel":"warn","connectionRetryTimeout":120000,"connectionRetryCount":3,"logLevels":{},"enableDirectConnect":true,"strictSSL":true,"_":"65 more keys: [\"cacheDir\",\"port\",\"requestedCapabilities\",\"automationProtocol\",\"baseUrl\",\"waitforInterval\",\"waitforTimeout\",\"onReload\",\"beforeCommand\",\"afterCommand\",\"rootDir\",\"specs\",\"suites\",\"exclude\",\"groupLogsByTestSpec\",\"excludeDriverLogs\",\"bail\",\"framework\",\"reporters\",\"services\",\"maxInstances\",\"maxInstancesPerCapability\",\"injectGlobals\",\"filesToWatch\",\"execArgv\",\"runnerEnv\",\"runner\",\"shard\",\"specFileRetries\",\"specFileRetriesDelay\",\"specFileRetriesDeferred\",\"reporterSyncInterval\",\"reporterSyncTimeout\",\"cucumberFeaturesWithLineNumbers\",\"autoCompileOpts\",\"mochaOpts\",\"jasmineOpts\",\"cucumberOpts\",\"onPrepare\",\"onWorkerStart\",\"onWorkerEnd\",\"before\",\"beforeSession\",\"beforeSuite\",\"beforeHook\",\"beforeTest\",\"afterTest\",\"afterHook\",\"afterSuite\",\"afterSession\",\"after\",\"onComplete\",\"beforeAssertion\",\"afterAssertion\",\"beforeFeature\",\"beforeScenario\",\"beforeStep\",\"afterStep\",\"afterScenario\",\"afterFeature\",\"_\",\"suite\",\"$0\",\"ignoredWorkerServices\",\"wdi5\"]"}]}
COMMAND: POST /session/50f16edc6deacc6e46419d57199c3d82/execute/async - {"script":"<script> [21126 bytes]","args":[35000]}
RESULT: {"script":"<script> [21126 bytes]","args":[35000]}
]]></system-out>
    </testcase>
  </testsuite>
  <testsuite timestamp="2025-05-16T17:55:32" time="534.622" tests="4" failures="0" errors="0" skipped="0">
    <properties>
      <property name="specId" value="0" />
      <property name="suiteName" value="Create partner US118246" />
      <property name="capabilities" value="chrome.136_0_7103_93.windows" />
      <property name="file" value="file:///D:/a/1/s/test/specs/BTS/create-partner.spec.js" />
    </properties>
    <testcase classname="chrome.136_0_7103_93.windows.Create_partner_US118246" name="Should create a new yard in case create yard failed" time="141.629">
      <system-out><![CDATA[
COMMAND: POST /session/50f16edc6deacc6e46419d57199c3d82/window/fullscreen - {}
RESULT: {}
COMMAND: POST /session/50f16edc6deacc6e46419d57199c3d82/execute/async - {"script":"<script> [1562 bytes]","args":[{"selector":{"controlType":"sap.m.GenericTile","properties":{"header":"Manage Yards"}},"wdio_ui5_key":"sapm.GenericTile{\"header\":\"Manage Yards\"}"}]}
RESULT: {"script":"<script> [1562 bytes]","args":[{"selector":{"controlType":"sap.m.GenericTile","properties":{"header":"Manage Yards"}},"wdio_ui5_key":"sapm.GenericTile{\"header\":\"Manage Yards\"}"}]}
RESULT: undefined
COMMAND: POST /session/50f16edc6deacc6e46419d57199c3d82/element - {"using":"xpath","value":"//*[@id=\"__tile41\"]"}
RESULT: {"using":"xpath","value":"//*[@id=\"__tile41\"]"}
COMMAND: POST /session/50f16edc6deacc6e46419d57199c3d82/element/f.54CFF833D3AC6A681D379AA79D22594A.d.6B0D866D5F2D5BEB875D57BEFF0CBC8F.e.8797/click - {}
RESULT: {}
COMMAND: GET /session/50f16edc6deacc6e46419d57199c3d82/screenshot - {}
RESULT: {}
COMMAND: POST /session/50f16edc6deacc6e46419d57199c3d82/elements - {"using":"xpath","value":"//span[text()='Error']"}
RESULT: {"using":"xpath","value":"//span[text()='Error']"}
COMMAND: POST /session/50f16edc6deacc6e46419d57199c3d82/element - {"using":"xpath","value":"//button[@data-kt=\"addNewYardOverflowToolbarButton\"]"}
RESULT: {"using":"xpath","value":"//button[@data-kt=\"addNewYardOverflowToolbarButton\"]"}
COMMAND: POST /session/50f16edc6deacc6e46419d57199c3d82/elements - {"using":"xpath","value":"//button[@data-kt=\"addNewYardOverflowToolbarButton\"]"}
RESULT: {"using":"xpath","value":"//button[@data-kt=\"addNewYardOverflowToolbarButton\"]"}
COMMAND: POST /session/50f16edc6deacc6e46419d57199c3d82/elements - {"using":"xpath","value":"//button[@data-kt=\"addNewYardOverflowToolbarButton\"]"}
RESULT: {"using":"xpath","value":"//button[@data-kt=\"addNewYardOverflowToolbarButton\"]"}
COMMAND: POST /session/50f16edc6deacc6e46419d57199c3d82/elements - {"using":"xpath","value":"//button[@data-kt=\"addNewYardOverflowToolbarButton\"]"}
RESULT: {"using":"xpath","value":"//button[@data-kt=\"addNewYardOverflowToolbarButton\"]"}
COMMAND: POST /session/50f16edc6deacc6e46419d57199c3d82/elements - {"using":"xpath","value":"//button[@data-kt=\"addNewYardOverflowToolbarButton\"]"}
RESULT: {"using":"xpath","value":"//button[@data-kt=\"addNewYardOverflowToolbarButton\"]"}
COMMAND: POST /session/50f16edc6deacc6e46419d57199c3d82/elements - {"using":"xpath","value":"//button[@data-kt=\"addNewYardOverflowToolbarButton\"]"}
RESULT: {"using":"xpath","value":"//button[@data-kt=\"addNewYardOverflowToolbarButton\"]"}
COMMAND: POST /session/50f16edc6deacc6e46419d57199c3d82/elements - {"using":"xpath","value":"//button[@data-kt=\"addNewYardOverflowToolbarButton\"]"}
RESULT: {"using":"xpath","value":"//button[@data-kt=\"addNewYardOverflowToolbarButton\"]"}
COMMAND: POST /session/50f16edc6deacc6e46419d57199c3d82/elements - {"using":"xpath","value":"//button[@data-kt=\"addNewYardOverflowToolbarButton\"]"}
RESULT: {"using":"xpath","value":"//button[@data-kt=\"addNewYardOverflowToolbarButton\"]"}
COMMAND: POST /session/50f16edc6deacc6e46419d57199c3d82/elements - {"using":"xpath","value":"//button[@data-kt=\"addNewYardOverflowToolbarButton\"]"}
RESULT: {"using":"xpath","value":"//button[@data-kt=\"addNewYardOverflowToolbarButton\"]"}
COMMAND: POST /session/50f16edc6deacc6e46419d57199c3d82/elements - {"using":"xpath","value":"//button[@data-kt=\"addNewYardOverflowToolbarButton\"]"}
RESULT: {"using":"xpath","value":"//button[@data-kt=\"addNewYardOverflowToolbarButton\"]"}
COMMAND: POST /session/50f16edc6deacc6e46419d57199c3d82/elements - {"using":"xpath","value":"//button[@data-kt=\"addNewYardOverflowToolbarButton\"]"}
RESULT: {"using":"xpath","value":"//button[@data-kt=\"addNewYardOverflowToolbarButton\"]"}
COMMAND: POST /session/50f16edc6deacc6e46419d57199c3d82/elements - {"using":"xpath","value":"//button[@data-kt=\"addNewYardOverflowToolbarButton\"]"}
RESULT: {"using":"xpath","value":"//button[@data-kt=\"addNewYardOverflowToolbarButton\"]"}
COMMAND: POST /session/50f16edc6deacc6e46419d57199c3d82/elements - {"using":"xpath","value":"//button[@data-kt=\"addNewYardOverflowToolbarButton\"]"}
RESULT: {"using":"xpath","value":"//button[@data-kt=\"addNewYardOverflowToolbarButton\"]"}
COMMAND: POST /session/50f16edc6deacc6e46419d57199c3d82/elements - {"using":"xpath","value":"//button[@data-kt=\"addNewYardOverflowToolbarButton\"]"}
RESULT: {"using":"xpath","value":"//button[@data-kt=\"addNewYardOverflowToolbarButton\"]"}
COMMAND: POST /session/50f16edc6deacc6e46419d57199c3d82/elements - {"using":"xpath","value":"//button[@data-kt=\"addNewYardOverflowToolbarButton\"]"}
RESULT: {"using":"xpath","value":"//button[@data-kt=\"addNewYardOverflowToolbarButton\"]"}
COMMAND: POST /session/50f16edc6deacc6e46419d57199c3d82/elements - {"using":"xpath","value":"//button[@data-kt=\"addNewYardOverflowToolbarButton\"]"}
RESULT: {"using":"xpath","value":"//button[@data-kt=\"addNewYardOverflowToolbarButton\"]"}
COMMAND: POST /session/50f16edc6deacc6e46419d57199c3d82/elements - {"using":"xpath","value":"//button[@data-kt=\"addNewYardOverflowToolbarButton\"]"}
RESULT: {"using":"xpath","value":"//button[@data-kt=\"addNewYardOverflowToolbarButton\"]"}
COMMAND: POST /session/50f16edc6deacc6e46419d57199c3d82/element - {"using":"xpath","value":"//button[@data-kt=\"addNewYardOverflowToolbarButton\"]"}
RESULT: {"using":"xpath","value":"//button[@data-kt=\"addNewYardOverflowToolbarButton\"]"}
COMMAND: POST /session/50f16edc6deacc6e46419d57199c3d82/execute/sync - {"script":"<script> [8489 bytes]","args":[{"element-6066-11e4-a52e-4f735466cecf":"f.54CFF833D3AC6A681D379AA79D22594A.d.6B0D866D5F2D5BEB875D57BEFF0CBC8F.e.8933","ELEMENT":"f.54CFF833D3AC6A681D379AA79D22594A.d.6B0D866D5F2D5BEB875D57BEFF0CBC8F.e.8933"}]}
RESULT: {"script":"<script> [8489 bytes]","args":[{"element-6066-11e4-a52e-4f735466cecf":"f.54CFF833D3AC6A681D379AA79D22594A.d.6B0D866D5F2D5BEB875D57BEFF0CBC8F.e.8933","ELEMENT":"f.54CFF833D3AC6A681D379AA79D22594A.d.6B0D866D5F2D5BEB875D57BEFF0CBC8F.e.8933"}]}
COMMAND: GET /session/50f16edc6deacc6e46419d57199c3d82/element/f.54CFF833D3AC6A681D379AA79D22594A.d.6B0D866D5F2D5BEB875D57BEFF0CBC8F.e.8933/enabled - {}
COMMAND: GET /session/50f16edc6deacc6e46419d57199c3d82/screenshot - {}
RESULT: {}
COMMAND: POST /session/50f16edc6deacc6e46419d57199c3d82/execute/sync - {"script":"<script> [8489 bytes]","args":[{"element-6066-11e4-a52e-4f735466cecf":"f.54CFF833D3AC6A681D379AA79D22594A.d.6B0D866D5F2D5BEB875D57BEFF0CBC8F.e.8933","ELEMENT":"f.54CFF833D3AC6A681D379AA79D22594A.d.6B0D866D5F2D5BEB875D57BEFF0CBC8F.e.8933"}]}
COMMAND: GET /session/50f16edc6deacc6e46419d57199c3d82/screenshot - {}
RESULT: {}
RESULT: {"script":"<script> [8489 bytes]","args":[{"element-6066-11e4-a52e-4f735466cecf":"f.54CFF833D3AC6A681D379AA79D22594A.d.6B0D866D5F2D5BEB875D57BEFF0CBC8F.e.8933","ELEMENT":"f.54CFF833D3AC6A681D379AA79D22594A.d.6B0D866D5F2D5BEB875D57BEFF0CBC8F.e.8933"}]}
COMMAND: POST /session/50f16edc6deacc6e46419d57199c3d82/execute/sync - {"script":"<script> [5351 bytes]","args":[{"element-6066-11e4-a52e-4f735466cecf":"f.54CFF833D3AC6A681D379AA79D22594A.d.6B0D866D5F2D5BEB875D57BEFF0CBC8F.e.8933","ELEMENT":"f.54CFF833D3AC6A681D379AA79D22594A.d.6B0D866D5F2D5BEB875D57BEFF0CBC8F.e.8933"}]}
COMMAND: GET /session/50f16edc6deacc6e46419d57199c3d82/screenshot - {}
RESULT: {}
RESULT: {"script":"<script> [5351 bytes]","args":[{"element-6066-11e4-a52e-4f735466cecf":"f.54CFF833D3AC6A681D379AA79D22594A.d.6B0D866D5F2D5BEB875D57BEFF0CBC8F.e.8933","ELEMENT":"f.54CFF833D3AC6A681D379AA79D22594A.d.6B0D866D5F2D5BEB875D57BEFF0CBC8F.e.8933"}]}
COMMAND: POST /session/50f16edc6deacc6e46419d57199c3d82/element/f.54CFF833D3AC6A681D379AA79D22594A.d.6B0D866D5F2D5BEB875D57BEFF0CBC8F.e.8933/click - {}
COMMAND: GET /session/50f16edc6deacc6e46419d57199c3d82/screenshot - {}
RESULT: {}
RESULT: {}
COMMAND: GET /session/50f16edc6deacc6e46419d57199c3d82/screenshot - {}
COMMAND: POST /session/50f16edc6deacc6e46419d57199c3d82/element - {"using":"xpath","value":"//input[@id=\"application-manageyards-display-component---NewYard--yardId-inner\"]"}
RESULT: {}
RESULT: {}
RESULT: {"using":"xpath","value":"//input[@id=\"application-manageyards-display-component---NewYard--yardId-inner\"]"}
COMMAND: POST /session/50f16edc6deacc6e46419d57199c3d82/element - {"using":"xpath","value":"//input[@id=\"application-manageyards-display-component---NewYard--yardId-inner\"]"}
RESULT: {"using":"xpath","value":"//input[@id=\"application-manageyards-display-component---NewYard--yardId-inner\"]"}
COMMAND: POST /session/50f16edc6deacc6e46419d57199c3d82/execute/async - {"script":"<script> [1562 bytes]","args":[{"selector":{"id":"application-manageyards-display-component---NewYard--addressDetailDetailsName1","interaction":{"idSuffix":"inner"}},"wdio_ui5_key":"applicationmanageyards-display-component---NewYard--addressDetailDetailsName1"}]}
RESULT: {"script":"<script> [1562 bytes]","args":[{"selector":{"id":"application-manageyards-display-component---NewYard--addressDetailDetailsName1","interaction":{"idSuffix":"inner"}},"wdio_ui5_key":"applicationmanageyards-display-component---NewYard--addressDetailDetailsName1"}]}
RESULT: undefined
COMMAND: POST /session/50f16edc6deacc6e46419d57199c3d82/execute/async - {"script":"<script> [776 bytes]","args":[{"enterText":"Intracompany Yard wdIO","selector":{"id":"application-manageyards-display-component---NewYard--addressDetailDetailsName1","interaction":{"idSuffix":"inner"}},"clearTextFirst":true,"interactionType":"ENTER_TEXT"}]}
RESULT: {"script":"<script> [776 bytes]","args":[{"enterText":"Intracompany Yard wdIO","selector":{"id":"application-manageyards-display-component---NewYard--addressDetailDetailsName1","interaction":{"idSuffix":"inner"}},"clearTextFirst":true,"interactionType":"ENTER_TEXT"}]}
COMMAND: POST /session/50f16edc6deacc6e46419d57199c3d82/execute/async - {"script":"<script> [1562 bytes]","args":[{"selector":{"id":"application-manageyards-display-component---NewYard--addressDetailDetailsLanguage-arrow"},"wdio_ui5_key":"applicationmanageyards-display-component---NewYard--addressDetailDetailsLanguage-arrow"}]}
RESULT: {"script":"<script> [1562 bytes]","args":[{"selector":{"id":"application-manageyards-display-component---NewYard--addressDetailDetailsLanguage-arrow"},"wdio_ui5_key":"applicationmanageyards-display-component---NewYard--addressDetailDetailsLanguage-arrow"}]}
RESULT: undefined
COMMAND: POST /session/50f16edc6deacc6e46419d57199c3d82/element - {"using":"xpath","value":"//*[@id=\"application-manageyards-display-component---NewYard--addressDetailDetailsLanguage-arrow\"]"}
RESULT: {"using":"xpath","value":"//*[@id=\"application-manageyards-display-component---NewYard--addressDetailDetailsLanguage-arrow\"]"}
COMMAND: POST /session/50f16edc6deacc6e46419d57199c3d82/element/f.54CFF833D3AC6A681D379AA79D22594A.d.6B0D866D5F2D5BEB875D57BEFF0CBC8F.e.9369/click - {}
RESULT: {}
COMMAND: POST /session/50f16edc6deacc6e46419d57199c3d82/element - {"using":"xpath","value":"//span[contains(text(), \"English\")]"}
COMMAND: GET /session/50f16edc6deacc6e46419d57199c3d82/screenshot - {}
RESULT: {"using":"xpath","value":"//span[contains(text(), \"English\")]"}
COMMAND: POST /session/50f16edc6deacc6e46419d57199c3d82/element/f.54CFF833D3AC6A681D379AA79D22594A.d.6B0D866D5F2D5BEB875D57BEFF0CBC8F.e.9370/click - {}
RESULT: {}
RESULT: {}
COMMAND: POST /session/50f16edc6deacc6e46419d57199c3d82/execute/async - {"script":"<script> [1562 bytes]","args":[{"selector":{"id":"application-manageyards-display-component---NewYard--addressDetailDetailsCity1","interaction":{"idSuffix":"inner"}},"wdio_ui5_key":"applicationmanageyards-display-component---NewYard--addressDetailDetailsCity1"}]}
COMMAND: GET /session/50f16edc6deacc6e46419d57199c3d82/screenshot - {}
RESULT: {"script":"<script> [1562 bytes]","args":[{"selector":{"id":"application-manageyards-display-component---NewYard--addressDetailDetailsCity1","interaction":{"idSuffix":"inner"}},"wdio_ui5_key":"applicationmanageyards-display-component---NewYard--addressDetailDetailsCity1"}]}
RESULT: undefined
COMMAND: POST /session/50f16edc6deacc6e46419d57199c3d82/execute/async - {"script":"<script> [776 bytes]","args":[{"enterText":"Rosario","selector":{"id":"application-manageyards-display-component---NewYard--addressDetailDetailsCity1","interaction":{"idSuffix":"inner"}},"clearTextFirst":true,"interactionType":"ENTER_TEXT"}]}
RESULT: {}
RESULT: {"script":"<script> [776 bytes]","args":[{"enterText":"Rosario","selector":{"id":"application-manageyards-display-component---NewYard--addressDetailDetailsCity1","interaction":{"idSuffix":"inner"}},"clearTextFirst":true,"interactionType":"ENTER_TEXT"}]}
COMMAND: POST /session/50f16edc6deacc6e46419d57199c3d82/execute/async - {"script":"<script> [1562 bytes]","args":[{"selector":{"id":"application-manageyards-display-component---NewYard--addressDetailDetailsCountry-arrow"},"wdio_ui5_key":"applicationmanageyards-display-component---NewYard--addressDetailDetailsCountry-arrow"}]}
RESULT: {"script":"<script> [1562 bytes]","args":[{"selector":{"id":"application-manageyards-display-component---NewYard--addressDetailDetailsCountry-arrow"},"wdio_ui5_key":"applicationmanageyards-display-component---NewYard--addressDetailDetailsCountry-arrow"}]}
RESULT: undefined
COMMAND: POST /session/50f16edc6deacc6e46419d57199c3d82/element - {"using":"xpath","value":"//*[@id=\"application-manageyards-display-component---NewYard--addressDetailDetailsCountry-arrow\"]"}
RESULT: {"using":"xpath","value":"//*[@id=\"application-manageyards-display-component---NewYard--addressDetailDetailsCountry-arrow\"]"}
COMMAND: POST /session/50f16edc6deacc6e46419d57199c3d82/element/f.54CFF833D3AC6A681D379AA79D22594A.d.6B0D866D5F2D5BEB875D57BEFF0CBC8F.e.9372/click - {}
RESULT: {}
COMMAND: POST /session/50f16edc6deacc6e46419d57199c3d82/element - {"using":"xpath","value":"//span[contains(text(), \"Argentina\")]"}
COMMAND: GET /session/50f16edc6deacc6e46419d57199c3d82/screenshot - {}
RESULT: {"using":"xpath","value":"//span[contains(text(), \"Argentina\")]"}
COMMAND: POST /session/50f16edc6deacc6e46419d57199c3d82/element/f.54CFF833D3AC6A681D379AA79D22594A.d.6B0D866D5F2D5BEB875D57BEFF0CBC8F.e.9373/click - {}
RESULT: {}
RESULT: {}
COMMAND: POST /session/50f16edc6deacc6e46419d57199c3d82/execute/async - {"script":"<script> [1562 bytes]","args":[{"selector":{"id":"application-manageyards-display-component---NewYard--addressEditDetailsCostObjectCstType-arrow"},"wdio_ui5_key":"applicationmanageyards-display-component---NewYard--addressEditDetailsCostObjectCstType-arrow"}]}
COMMAND: GET /session/50f16edc6deacc6e46419d57199c3d82/screenshot - {}
RESULT: {"script":"<script> [1562 bytes]","args":[{"selector":{"id":"application-manageyards-display-component---NewYard--addressEditDetailsCostObjectCstType-arrow"},"wdio_ui5_key":"applicationmanageyards-display-component---NewYard--addressEditDetailsCostObjectCstType-arrow"}]}
RESULT: undefined
COMMAND: POST /session/50f16edc6deacc6e46419d57199c3d82/element - {"using":"xpath","value":"//*[@id=\"application-manageyards-display-component---NewYard--addressEditDetailsCostObjectCstType-arrow\"]"}
RESULT: {}
RESULT: {"using":"xpath","value":"//*[@id=\"application-manageyards-display-component---NewYard--addressEditDetailsCostObjectCstType-arrow\"]"}
COMMAND: POST /session/50f16edc6deacc6e46419d57199c3d82/element/f.54CFF833D3AC6A681D379AA79D22594A.d.6B0D866D5F2D5BEB875D57BEFF0CBC8F.e.9375/click - {}
RESULT: {}
COMMAND: POST /session/50f16edc6deacc6e46419d57199c3d82/element - {"using":"xpath","value":"//span[contains(text(), \"Cost Center\")]"}
COMMAND: GET /session/50f16edc6deacc6e46419d57199c3d82/screenshot - {}
RESULT: {"using":"xpath","value":"//span[contains(text(), \"Cost Center\")]"}
COMMAND: POST /session/50f16edc6deacc6e46419d57199c3d82/element/f.54CFF833D3AC6A681D379AA79D22594A.d.6B0D866D5F2D5BEB875D57BEFF0CBC8F.e.9376/click - {}
RESULT: {}
RESULT: {}
COMMAND: GET /session/50f16edc6deacc6e46419d57199c3d82/screenshot - {}
RESULT: {}
COMMAND: POST /session/50f16edc6deacc6e46419d57199c3d82/element - {"using":"xpath","value":"//span[@id=\"application-manageyards-display-component---NewYard--addressNewCostObjectCstID-vhi\"]"}
RESULT: {"using":"xpath","value":"//span[@id=\"application-manageyards-display-component---NewYard--addressNewCostObjectCstID-vhi\"]"}
COMMAND: POST /session/50f16edc6deacc6e46419d57199c3d82/execute/sync - {"script":"<script> [8489 bytes]","args":[{"element-6066-11e4-a52e-4f735466cecf":"f.54CFF833D3AC6A681D379AA79D22594A.d.6B0D866D5F2D5BEB875D57BEFF0CBC8F.e.9380","ELEMENT":"f.54CFF833D3AC6A681D379AA79D22594A.d.6B0D866D5F2D5BEB875D57BEFF0CBC8F.e.9380"}]}
RESULT: {"script":"<script> [8489 bytes]","args":[{"element-6066-11e4-a52e-4f735466cecf":"f.54CFF833D3AC6A681D379AA79D22594A.d.6B0D866D5F2D5BEB875D57BEFF0CBC8F.e.9380","ELEMENT":"f.54CFF833D3AC6A681D379AA79D22594A.d.6B0D866D5F2D5BEB875D57BEFF0CBC8F.e.9380"}]}
COMMAND: POST /session/50f16edc6deacc6e46419d57199c3d82/execute/async - {"script":"<script> [1562 bytes]","args":[{"selector":{"id":"application-manageyards-display-component---NewYard--addressNewCostObjectCstID-vhi"},"wdio_ui5_key":"applicationmanageyards-display-component---NewYard--addressNewCostObjectCstID-vhi"}]}
COMMAND: GET /session/50f16edc6deacc6e46419d57199c3d82/screenshot - {}
RESULT: {"script":"<script> [1562 bytes]","args":[{"selector":{"id":"application-manageyards-display-component---NewYard--addressNewCostObjectCstID-vhi"},"wdio_ui5_key":"applicationmanageyards-display-component---NewYard--addressNewCostObjectCstID-vhi"}]}
RESULT: undefined
COMMAND: POST /session/50f16edc6deacc6e46419d57199c3d82/element - {"using":"xpath","value":"//*[@id=\"application-manageyards-display-component---NewYard--addressNewCostObjectCstID-vhi\"]"}
RESULT: {}
RESULT: {"using":"xpath","value":"//*[@id=\"application-manageyards-display-component---NewYard--addressNewCostObjectCstID-vhi\"]"}
COMMAND: POST /session/50f16edc6deacc6e46419d57199c3d82/element/f.54CFF833D3AC6A681D379AA79D22594A.d.6B0D866D5F2D5BEB875D57BEFF0CBC8F.e.9380/click - {}
RESULT: {}
COMMAND: GET /session/50f16edc6deacc6e46419d57199c3d82/screenshot - {}
RESULT: {}
COMMAND: POST /session/50f16edc6deacc6e46419d57199c3d82/execute/async - {"script":"<script> [1562 bytes]","args":[{"selector":{"controlType":"sap.m.SearchField","properties":{"placeholder":"Search"},"searchOpenDialogs":true,"interaction":{"idSuffix":"I"}},"wdio_ui5_key":"sapm.SearchField{\"placeholder\":\"Search\"}"}]}
RESULT: {"script":"<script> [1562 bytes]","args":[{"selector":{"controlType":"sap.m.SearchField","properties":{"placeholder":"Search"},"searchOpenDialogs":true,"interaction":{"idSuffix":"I"}},"wdio_ui5_key":"sapm.SearchField{\"placeholder\":\"Search\"}"}]}
RESULT: undefined
COMMAND: POST /session/50f16edc6deacc6e46419d57199c3d82/execute/async - {"script":"<script> [776 bytes]","args":[{"enterText":"bauh_b","selector":{"controlType":"sap.m.SearchField","properties":{"placeholder":"Search"},"searchOpenDialogs":true,"interaction":{"idSuffix":"I"}},"clearTextFirst":true,"interactionType":"ENTER_TEXT"}]}
RESULT: {"script":"<script> [776 bytes]","args":[{"enterText":"bauh_b","selector":{"controlType":"sap.m.SearchField","properties":{"placeholder":"Search"},"searchOpenDialogs":true,"interaction":{"idSuffix":"I"}},"clearTextFirst":true,"interactionType":"ENTER_TEXT"}]}
COMMAND: POST /session/50f16edc6deacc6e46419d57199c3d82/actions - {"actions":[{"id":"action25","type":"key","parameters":{},"actions":[{"type":"keyDown","value":"î€‡"},{"type":"pause","duration":10},{"type":"keyUp","value":"î€‡"}]}]}
RESULT: {"actions":[{"id":"action25","type":"key","parameters":{},"actions":[{"type":"keyDown","value":"î€‡"},{"type":"pause","duration":10},{"type":"keyUp","value":"î€‡"}]}]}
COMMAND: GET /session/50f16edc6deacc6e46419d57199c3d82/screenshot - {}
RESULT: {}
COMMAND: POST /session/50f16edc6deacc6e46419d57199c3d82/element - {"using":"xpath","value":"//span[contains(text(), \"Demo Yard\")]"}
RESULT: {"using":"xpath","value":"//span[contains(text(), \"Demo Yard\")]"}
COMMAND: POST /session/50f16edc6deacc6e46419d57199c3d82/element/f.54CFF833D3AC6A681D379AA79D22594A.d.6B0D866D5F2D5BEB875D57BEFF0CBC8F.e.9422/click - {}
RESULT: {}
COMMAND: GET /session/50f16edc6deacc6e46419d57199c3d82/screenshot - {}
RESULT: {}
COMMAND: POST /session/50f16edc6deacc6e46419d57199c3d82/element - {"using":"xpath","value":"//bdi[contains(text(), \"OK\")]"}
RESULT: {"using":"xpath","value":"//bdi[contains(text(), \"OK\")]"}
COMMAND: POST /session/50f16edc6deacc6e46419d57199c3d82/element/f.54CFF833D3AC6A681D379AA79D22594A.d.6B0D866D5F2D5BEB875D57BEFF0CBC8F.e.9423/click - {}
RESULT: {}
COMMAND: GET /session/50f16edc6deacc6e46419d57199c3d82/screenshot - {}
RESULT: {}
COMMAND: POST /session/50f16edc6deacc6e46419d57199c3d82/execute/async - {"script":"<script> [1562 bytes]","args":[{"selector":{"id":"application-manageyards-display-component---NewYard--addressEditDetailsCurrency-arrow"},"wdio_ui5_key":"applicationmanageyards-display-component---NewYard--addressEditDetailsCurrency-arrow"}]}
RESULT: {"script":"<script> [1562 bytes]","args":[{"selector":{"id":"application-manageyards-display-component---NewYard--addressEditDetailsCurrency-arrow"},"wdio_ui5_key":"applicationmanageyards-display-component---NewYard--addressEditDetailsCurrency-arrow"}]}
RESULT: undefined
COMMAND: POST /session/50f16edc6deacc6e46419d57199c3d82/element - {"using":"xpath","value":"//*[@id=\"application-manageyards-display-component---NewYard--addressEditDetailsCurrency-arrow\"]"}
RESULT: {"using":"xpath","value":"//*[@id=\"application-manageyards-display-component---NewYard--addressEditDetailsCurrency-arrow\"]"}
COMMAND: POST /session/50f16edc6deacc6e46419d57199c3d82/element/f.54CFF833D3AC6A681D379AA79D22594A.d.6B0D866D5F2D5BEB875D57BEFF0CBC8F.e.9426/click - {}
RESULT: {}
COMMAND: POST /session/50f16edc6deacc6e46419d57199c3d82/element - {"using":"xpath","value":"//span[contains(text(), \"Euro\")]"}
COMMAND: GET /session/50f16edc6deacc6e46419d57199c3d82/screenshot - {}
RESULT: {"using":"xpath","value":"//span[contains(text(), \"Euro\")]"}
COMMAND: POST /session/50f16edc6deacc6e46419d57199c3d82/element/f.54CFF833D3AC6A681D379AA79D22594A.d.6B0D866D5F2D5BEB875D57BEFF0CBC8F.e.9427/click - {}
RESULT: {}
RESULT: {}
COMMAND: POST /session/50f16edc6deacc6e46419d57199c3d82/execute/async - {"script":"<script> [1562 bytes]","args":[{"selector":{"controlType":"sap.m.Input","viewName":"etm.portal.ui.manageyards.view.New","viewId":"application-manageyards-display-component---NewYard","bindingPath":{"path":"","propertyPath":"/CONTROLLING_AREA","modelName":"NewYardModel"},"interaction":{"idSuffix":"inner"}},"wdio_ui5_key":"etmportal.ui.manageyards.view.Newsap.m.Input{\"path\":\"\",\"propertyPath\":\"/CONTROLLING_AREA\",\"modelName\":\"NewYardModel\"}"}]}
COMMAND: GET /session/50f16edc6deacc6e46419d57199c3d82/screenshot - {}
RESULT: {"script":"<script> [1562 bytes]","args":[{"selector":{"controlType":"sap.m.Input","viewName":"etm.portal.ui.manageyards.view.New","viewId":"application-manageyards-display-component---NewYard","bindingPath":{"path":"","propertyPath":"/CONTROLLING_AREA","modelName":"NewYardModel"},"interaction":{"idSuffix":"inner"}},"wdio_ui5_key":"etmportal.ui.manageyards.view.Newsap.m.Input{\"path\":\"\",\"propertyPath\":\"/CONTROLLING_AREA\",\"modelName\":\"NewYardModel\"}"}]}
RESULT: undefined
COMMAND: POST /session/50f16edc6deacc6e46419d57199c3d82/execute/async - {"script":"<script> [776 bytes]","args":[{"enterText":"Z001","selector":{"controlType":"sap.m.Input","viewName":"etm.portal.ui.manageyards.view.New","viewId":"application-manageyards-display-component---NewYard","bindingPath":{"path":"","propertyPath":"/CONTROLLING_AREA","modelName":"NewYardModel"},"interaction":{"idSuffix":"inner"}},"clearTextFirst":true,"interactionType":"ENTER_TEXT"}]}
RESULT: {}
RESULT: {"script":"<script> [776 bytes]","args":[{"enterText":"Z001","selector":{"controlType":"sap.m.Input","viewName":"etm.portal.ui.manageyards.view.New","viewId":"application-manageyards-display-component---NewYard","bindingPath":{"path":"","propertyPath":"/CONTROLLING_AREA","modelName":"NewYardModel"},"interaction":{"idSuffix":"inner"}},"clearTextFirst":true,"interactionType":"ENTER_TEXT"}]}
COMMAND: POST /session/50f16edc6deacc6e46419d57199c3d82/execute/async - {"script":"<script> [1562 bytes]","args":[{"selector":{"id":"application-manageyards-display-component---NewYard--companyCodeComboBox","interaction":{"idSuffix":"inner"}},"wdio_ui5_key":"applicationmanageyards-display-component---NewYard--companyCodeComboBox"}]}
RESULT: {"script":"<script> [1562 bytes]","args":[{"selector":{"id":"application-manageyards-display-component---NewYard--companyCodeComboBox","interaction":{"idSuffix":"inner"}},"wdio_ui5_key":"applicationmanageyards-display-component---NewYard--companyCodeComboBox"}]}
RESULT: undefined
COMMAND: POST /session/50f16edc6deacc6e46419d57199c3d82/execute/async - {"script":"<script> [776 bytes]","args":[{"enterText":"1000","selector":{"id":"application-manageyards-display-component---NewYard--companyCodeComboBox","interaction":{"idSuffix":"inner"}},"clearTextFirst":true,"interactionType":"ENTER_TEXT"}]}
RESULT: {"script":"<script> [776 bytes]","args":[{"enterText":"1000","selector":{"id":"application-manageyards-display-component---NewYard--companyCodeComboBox","interaction":{"idSuffix":"inner"}},"clearTextFirst":true,"interactionType":"ENTER_TEXT"}]}
COMMAND: POST /session/50f16edc6deacc6e46419d57199c3d82/execute/async - {"script":"<script> [1562 bytes]","args":[{"selector":{"controlType":"sap.m.Input","viewName":"etm.portal.ui.manageyards.view.New","viewId":"application-manageyards-display-component---NewYard","bindingPath":{"path":"","propertyPath":"/PLANT","modelName":"NewYardModel"},"interaction":{"idSuffix":"inner"}},"wdio_ui5_key":"etmportal.ui.manageyards.view.Newsap.m.Input{\"path\":\"\",\"propertyPath\":\"/PLANT\",\"modelName\":\"NewYardModel\"}"}]}
RESULT: {"script":"<script> [1562 bytes]","args":[{"selector":{"controlType":"sap.m.Input","viewName":"etm.portal.ui.manageyards.view.New","viewId":"application-manageyards-display-component---NewYard","bindingPath":{"path":"","propertyPath":"/PLANT","modelName":"NewYardModel"},"interaction":{"idSuffix":"inner"}},"wdio_ui5_key":"etmportal.ui.manageyards.view.Newsap.m.Input{\"path\":\"\",\"propertyPath\":\"/PLANT\",\"modelName\":\"NewYardModel\"}"}]}
RESULT: undefined
COMMAND: POST /session/50f16edc6deacc6e46419d57199c3d82/execute/async - {"script":"<script> [776 bytes]","args":[{"enterText":"1001","selector":{"controlType":"sap.m.Input","viewName":"etm.portal.ui.manageyards.view.New","viewId":"application-manageyards-display-component---NewYard","bindingPath":{"path":"","propertyPath":"/PLANT","modelName":"NewYardModel"},"interaction":{"idSuffix":"inner"}},"clearTextFirst":true,"interactionType":"ENTER_TEXT"}]}
RESULT: {"script":"<script> [776 bytes]","args":[{"enterText":"1001","selector":{"controlType":"sap.m.Input","viewName":"etm.portal.ui.manageyards.view.New","viewId":"application-manageyards-display-component---NewYard","bindingPath":{"path":"","propertyPath":"/PLANT","modelName":"NewYardModel"},"interaction":{"idSuffix":"inner"}},"clearTextFirst":true,"interactionType":"ENTER_TEXT"}]}
COMMAND: POST /session/50f16edc6deacc6e46419d57199c3d82/execute/async - {"script":"<script> [1562 bytes]","args":[{"selector":{"controlType":"sap.m.Input","viewName":"etm.portal.ui.manageyards.view.New","viewId":"application-manageyards-display-component---NewYard","bindingPath":{"path":"","propertyPath":"/SALES_AREA_VKORG","modelName":"NewYardModel"},"interaction":{"idSuffix":"inner"}},"wdio_ui5_key":"etmportal.ui.manageyards.view.Newsap.m.Input{\"path\":\"\",\"propertyPath\":\"/SALES_AREA_VKORG\",\"modelName\":\"NewYardModel\"}"}]}
RESULT: {"script":"<script> [1562 bytes]","args":[{"selector":{"controlType":"sap.m.Input","viewName":"etm.portal.ui.manageyards.view.New","viewId":"application-manageyards-display-component---NewYard","bindingPath":{"path":"","propertyPath":"/SALES_AREA_VKORG","modelName":"NewYardModel"},"interaction":{"idSuffix":"inner"}},"wdio_ui5_key":"etmportal.ui.manageyards.view.Newsap.m.Input{\"path\":\"\",\"propertyPath\":\"/SALES_AREA_VKORG\",\"modelName\":\"NewYardModel\"}"}]}
RESULT: undefined
COMMAND: POST /session/50f16edc6deacc6e46419d57199c3d82/execute/async - {"script":"<script> [776 bytes]","args":[{"enterText":"C002","selector":{"controlType":"sap.m.Input","viewName":"etm.portal.ui.manageyards.view.New","viewId":"application-manageyards-display-component---NewYard","bindingPath":{"path":"","propertyPath":"/SALES_AREA_VKORG","modelName":"NewYardModel"},"interaction":{"idSuffix":"inner"}},"clearTextFirst":true,"interactionType":"ENTER_TEXT"}]}
RESULT: {"script":"<script> [776 bytes]","args":[{"enterText":"C002","selector":{"controlType":"sap.m.Input","viewName":"etm.portal.ui.manageyards.view.New","viewId":"application-manageyards-display-component---NewYard","bindingPath":{"path":"","propertyPath":"/SALES_AREA_VKORG","modelName":"NewYardModel"},"interaction":{"idSuffix":"inner"}},"clearTextFirst":true,"interactionType":"ENTER_TEXT"}]}
COMMAND: POST /session/50f16edc6deacc6e46419d57199c3d82/execute/async - {"script":"<script> [1562 bytes]","args":[{"selector":{"controlType":"sap.m.Input","viewName":"etm.portal.ui.manageyards.view.New","viewId":"application-manageyards-display-component---NewYard","bindingPath":{"path":"","propertyPath":"/SALES_AREA_VTWEG","modelName":"NewYardModel"},"interaction":{"idSuffix":"inner"}},"wdio_ui5_key":"etmportal.ui.manageyards.view.Newsap.m.Input{\"path\":\"\",\"propertyPath\":\"/SALES_AREA_VTWEG\",\"modelName\":\"NewYardModel\"}"}]}
RESULT: {"script":"<script> [1562 bytes]","args":[{"selector":{"controlType":"sap.m.Input","viewName":"etm.portal.ui.manageyards.view.New","viewId":"application-manageyards-display-component---NewYard","bindingPath":{"path":"","propertyPath":"/SALES_AREA_VTWEG","modelName":"NewYardModel"},"interaction":{"idSuffix":"inner"}},"wdio_ui5_key":"etmportal.ui.manageyards.view.Newsap.m.Input{\"path\":\"\",\"propertyPath\":\"/SALES_AREA_VTWEG\",\"modelName\":\"NewYardModel\"}"}]}
RESULT: undefined
COMMAND: POST /session/50f16edc6deacc6e46419d57199c3d82/execute/async - {"script":"<script> [776 bytes]","args":[{"enterText":"C2","selector":{"controlType":"sap.m.Input","viewName":"etm.portal.ui.manageyards.view.New","viewId":"application-manageyards-display-component---NewYard","bindingPath":{"path":"","propertyPath":"/SALES_AREA_VTWEG","modelName":"NewYardModel"},"interaction":{"idSuffix":"inner"}},"clearTextFirst":true,"interactionType":"ENTER_TEXT"}]}
RESULT: {"script":"<script> [776 bytes]","args":[{"enterText":"C2","selector":{"controlType":"sap.m.Input","viewName":"etm.portal.ui.manageyards.view.New","viewId":"application-manageyards-display-component---NewYard","bindingPath":{"path":"","propertyPath":"/SALES_AREA_VTWEG","modelName":"NewYardModel"},"interaction":{"idSuffix":"inner"}},"clearTextFirst":true,"interactionType":"ENTER_TEXT"}]}
COMMAND: POST /session/50f16edc6deacc6e46419d57199c3d82/execute/async - {"script":"<script> [1562 bytes]","args":[{"selector":{"controlType":"sap.m.Input","viewName":"etm.portal.ui.manageyards.view.New","viewId":"application-manageyards-display-component---NewYard","bindingPath":{"path":"","propertyPath":"/SALES_AREA_SPART","modelName":"NewYardModel"},"interaction":{"idSuffix":"inner"}},"wdio_ui5_key":"etmportal.ui.manageyards.view.Newsap.m.Input{\"path\":\"\",\"propertyPath\":\"/SALES_AREA_SPART\",\"modelName\":\"NewYardModel\"}"}]}
RESULT: {"script":"<script> [1562 bytes]","args":[{"selector":{"controlType":"sap.m.Input","viewName":"etm.portal.ui.manageyards.view.New","viewId":"application-manageyards-display-component---NewYard","bindingPath":{"path":"","propertyPath":"/SALES_AREA_SPART","modelName":"NewYardModel"},"interaction":{"idSuffix":"inner"}},"wdio_ui5_key":"etmportal.ui.manageyards.view.Newsap.m.Input{\"path\":\"\",\"propertyPath\":\"/SALES_AREA_SPART\",\"modelName\":\"NewYardModel\"}"}]}
RESULT: undefined
COMMAND: POST /session/50f16edc6deacc6e46419d57199c3d82/execute/async - {"script":"<script> [776 bytes]","args":[{"enterText":"C2","selector":{"controlType":"sap.m.Input","viewName":"etm.portal.ui.manageyards.view.New","viewId":"application-manageyards-display-component---NewYard","bindingPath":{"path":"","propertyPath":"/SALES_AREA_SPART","modelName":"NewYardModel"},"interaction":{"idSuffix":"inner"}},"clearTextFirst":true,"interactionType":"ENTER_TEXT"}]}
RESULT: {"script":"<script> [776 bytes]","args":[{"enterText":"C2","selector":{"controlType":"sap.m.Input","viewName":"etm.portal.ui.manageyards.view.New","viewId":"application-manageyards-display-component---NewYard","bindingPath":{"path":"","propertyPath":"/SALES_AREA_SPART","modelName":"NewYardModel"},"interaction":{"idSuffix":"inner"}},"clearTextFirst":true,"interactionType":"ENTER_TEXT"}]}
COMMAND: POST /session/50f16edc6deacc6e46419d57199c3d82/execute/async - {"script":"<script> [1562 bytes]","args":[{"selector":{"controlType":"sap.m.Input","viewName":"etm.portal.ui.manageyards.view.New","viewId":"application-manageyards-display-component---NewYard","bindingPath":{"path":"","propertyPath":"/SHIP_POINT","modelName":"NewYardModel"},"interaction":{"idSuffix":"inner"}},"wdio_ui5_key":"etmportal.ui.manageyards.view.Newsap.m.Input{\"path\":\"\",\"propertyPath\":\"/SHIP_POINT\",\"modelName\":\"NewYardModel\"}"}]}
RESULT: {"script":"<script> [1562 bytes]","args":[{"selector":{"controlType":"sap.m.Input","viewName":"etm.portal.ui.manageyards.view.New","viewId":"application-manageyards-display-component---NewYard","bindingPath":{"path":"","propertyPath":"/SHIP_POINT","modelName":"NewYardModel"},"interaction":{"idSuffix":"inner"}},"wdio_ui5_key":"etmportal.ui.manageyards.view.Newsap.m.Input{\"path\":\"\",\"propertyPath\":\"/SHIP_POINT\",\"modelName\":\"NewYardModel\"}"}]}
RESULT: undefined
COMMAND: POST /session/50f16edc6deacc6e46419d57199c3d82/execute/async - {"script":"<script> [776 bytes]","args":[{"enterText":"1710","selector":{"controlType":"sap.m.Input","viewName":"etm.portal.ui.manageyards.view.New","viewId":"application-manageyards-display-component---NewYard","bindingPath":{"path":"","propertyPath":"/SHIP_POINT","modelName":"NewYardModel"},"interaction":{"idSuffix":"inner"}},"clearTextFirst":true,"interactionType":"ENTER_TEXT"}]}
RESULT: {"script":"<script> [776 bytes]","args":[{"enterText":"1710","selector":{"controlType":"sap.m.Input","viewName":"etm.portal.ui.manageyards.view.New","viewId":"application-manageyards-display-component---NewYard","bindingPath":{"path":"","propertyPath":"/SHIP_POINT","modelName":"NewYardModel"},"interaction":{"idSuffix":"inner"}},"clearTextFirst":true,"interactionType":"ENTER_TEXT"}]}
COMMAND: POST /session/50f16edc6deacc6e46419d57199c3d82/execute/async - {"script":"<script> [1562 bytes]","args":[{"selector":{"controlType":"sap.m.Input","viewName":"etm.portal.ui.manageyards.view.New","viewId":"application-manageyards-display-component---NewYard","bindingPath":{"path":"","propertyPath":"/DELIVERY_TYPE","modelName":"NewYardModel"},"interaction":{"idSuffix":"inner"}},"wdio_ui5_key":"etmportal.ui.manageyards.view.Newsap.m.Input{\"path\":\"\",\"propertyPath\":\"/DELIVERY_TYPE\",\"modelName\":\"NewYardModel\"}"}]}
RESULT: {"script":"<script> [1562 bytes]","args":[{"selector":{"controlType":"sap.m.Input","viewName":"etm.portal.ui.manageyards.view.New","viewId":"application-manageyards-display-component---NewYard","bindingPath":{"path":"","propertyPath":"/DELIVERY_TYPE","modelName":"NewYardModel"},"interaction":{"idSuffix":"inner"}},"wdio_ui5_key":"etmportal.ui.manageyards.view.Newsap.m.Input{\"path\":\"\",\"propertyPath\":\"/DELIVERY_TYPE\",\"modelName\":\"NewYardModel\"}"}]}
RESULT: undefined
COMMAND: POST /session/50f16edc6deacc6e46419d57199c3d82/execute/async - {"script":"<script> [776 bytes]","args":[{"enterText":"ZL01","selector":{"controlType":"sap.m.Input","viewName":"etm.portal.ui.manageyards.view.New","viewId":"application-manageyards-display-component---NewYard","bindingPath":{"path":"","propertyPath":"/DELIVERY_TYPE","modelName":"NewYardModel"},"interaction":{"idSuffix":"inner"}},"clearTextFirst":true,"interactionType":"ENTER_TEXT"}]}
RESULT: {"script":"<script> [776 bytes]","args":[{"enterText":"ZL01","selector":{"controlType":"sap.m.Input","viewName":"etm.portal.ui.manageyards.view.New","viewId":"application-manageyards-display-component---NewYard","bindingPath":{"path":"","propertyPath":"/DELIVERY_TYPE","modelName":"NewYardModel"},"interaction":{"idSuffix":"inner"}},"clearTextFirst":true,"interactionType":"ENTER_TEXT"}]}
COMMAND: POST /session/50f16edc6deacc6e46419d57199c3d82/execute/async - {"script":"<script> [1562 bytes]","args":[{"selector":{"controlType":"sap.m.Input","viewName":"etm.portal.ui.manageyards.view.New","viewId":"application-manageyards-display-component---NewYard","bindingPath":{"path":"","propertyPath":"/AUART","modelName":"NewYardModel"},"interaction":{"idSuffix":"inner"}},"wdio_ui5_key":"etmportal.ui.manageyards.view.Newsap.m.Input{\"path\":\"\",\"propertyPath\":\"/AUART\",\"modelName\":\"NewYardModel\"}"}]}
RESULT: {"script":"<script> [1562 bytes]","args":[{"selector":{"controlType":"sap.m.Input","viewName":"etm.portal.ui.manageyards.view.New","viewId":"application-manageyards-display-component---NewYard","bindingPath":{"path":"","propertyPath":"/AUART","modelName":"NewYardModel"},"interaction":{"idSuffix":"inner"}},"wdio_ui5_key":"etmportal.ui.manageyards.view.Newsap.m.Input{\"path\":\"\",\"propertyPath\":\"/AUART\",\"modelName\":\"NewYardModel\"}"}]}
RESULT: undefined
COMMAND: POST /session/50f16edc6deacc6e46419d57199c3d82/execute/async - {"script":"<script> [776 bytes]","args":[{"enterText":"TA","selector":{"controlType":"sap.m.Input","viewName":"etm.portal.ui.manageyards.view.New","viewId":"application-manageyards-display-component---NewYard","bindingPath":{"path":"","propertyPath":"/AUART","modelName":"NewYardModel"},"interaction":{"idSuffix":"inner"}},"clearTextFirst":true,"interactionType":"ENTER_TEXT"}]}
RESULT: {"script":"<script> [776 bytes]","args":[{"enterText":"TA","selector":{"controlType":"sap.m.Input","viewName":"etm.portal.ui.manageyards.view.New","viewId":"application-manageyards-display-component---NewYard","bindingPath":{"path":"","propertyPath":"/AUART","modelName":"NewYardModel"},"interaction":{"idSuffix":"inner"}},"clearTextFirst":true,"interactionType":"ENTER_TEXT"}]}
COMMAND: POST /session/50f16edc6deacc6e46419d57199c3d82/element - {"using":"xpath","value":"//button[@data-kt=\"newYardSaveButton\"]"}
RESULT: {"using":"xpath","value":"//button[@data-kt=\"newYardSaveButton\"]"}
COMMAND: POST /session/50f16edc6deacc6e46419d57199c3d82/element/f.54CFF833D3AC6A681D379AA79D22594A.d.6B0D866D5F2D5BEB875D57BEFF0CBC8F.e.9333/click - {}
RESULT: {}
COMMAND: GET /session/50f16edc6deacc6e46419d57199c3d82/screenshot - {}
RESULT: {}
COMMAND: POST /session/50f16edc6deacc6e46419d57199c3d82/element - {"using":"xpath","value":"//header[contains(@id, 'ObjectPageLayout-headerTitle')]/div[1]/div[2]/div[1]/span[1]"}
RESULT: {"using":"xpath","value":"//header[contains(@id, 'ObjectPageLayout-headerTitle')]/div[1]/div[2]/div[1]/span[1]"}
COMMAND: POST /session/50f16edc6deacc6e46419d57199c3d82/elements - {"using":"xpath","value":"//header[contains(@id, 'ObjectPageLayout-headerTitle')]/div[1]/div[2]/div[1]/span[1]"}
RESULT: {"using":"xpath","value":"//header[contains(@id, 'ObjectPageLayout-headerTitle')]/div[1]/div[2]/div[1]/span[1]"}
COMMAND: POST /session/50f16edc6deacc6e46419d57199c3d82/execute/sync - {"script":"<script> [56 bytes]","args":[{"element-6066-11e4-a52e-4f735466cecf":"f.54CFF833D3AC6A681D379AA79D22594A.d.6B0D866D5F2D5BEB875D57BEFF0CBC8F.e.9651","ELEMENT":"f.54CFF833D3AC6A681D379AA79D22594A.d.6B0D866D5F2D5BEB875D57BEFF0CBC8F.e.9651"}]}
RESULT: {"script":"<script> [56 bytes]","args":[{"element-6066-11e4-a52e-4f735466cecf":"f.54CFF833D3AC6A681D379AA79D22594A.d.6B0D866D5F2D5BEB875D57BEFF0CBC8F.e.9651","ELEMENT":"f.54CFF833D3AC6A681D379AA79D22594A.d.6B0D866D5F2D5BEB875D57BEFF0CBC8F.e.9651"}]}
COMMAND: GET /session/50f16edc6deacc6e46419d57199c3d82/screenshot - {}
RESULT: {}
COMMAND: POST /session/50f16edc6deacc6e46419d57199c3d82/element - {"using":"css selector","value":"#shell-header-logo"}
RESULT: {"using":"css selector","value":"#shell-header-logo"}
COMMAND: POST /session/50f16edc6deacc6e46419d57199c3d82/element/f.54CFF833D3AC6A681D379AA79D22594A.d.6B0D866D5F2D5BEB875D57BEFF0CBC8F.e.8902/click - {}
RESULT: {}
COMMAND: GET /session/50f16edc6deacc6e46419d57199c3d82/screenshot - {}
RESULT: {}
COMMAND: POST /session/50f16edc6deacc6e46419d57199c3d82/execute/sync - {"script":"<script> [299 bytes]","args":[["getModel","getResource"]]}
RESULT: {"script":"<script> [299 bytes]","args":[["getModel","getResource"]]}
]]></system-out>
    </testcase>
    <testcase classname="chrome.136_0_7103_93.windows.Create_partner_US118246" name="Should create new external partner" time="103.514">
      <system-out><![CDATA[
COMMAND: POST /session/50f16edc6deacc6e46419d57199c3d82/window/fullscreen - {}
COMMAND: GET /session/50f16edc6deacc6e46419d57199c3d82/screenshot - {}
RESULT: {}
COMMAND: POST /session/50f16edc6deacc6e46419d57199c3d82/execute/async - {"script":"<script> [1562 bytes]","args":[{"selector":{"controlType":"sap.m.GenericTile","properties":{"header":"Manage Partners"}},"wdio_ui5_key":"sapm.GenericTile{\"header\":\"Manage Partners\"}"}]}
RESULT: {}
RESULT: {"script":"<script> [1562 bytes]","args":[{"selector":{"controlType":"sap.m.GenericTile","properties":{"header":"Manage Partners"}},"wdio_ui5_key":"sapm.GenericTile{\"header\":\"Manage Partners\"}"}]}
RESULT: undefined
COMMAND: POST /session/50f16edc6deacc6e46419d57199c3d82/element - {"using":"xpath","value":"//*[@id=\"__tile38\"]"}
RESULT: {"using":"xpath","value":"//*[@id=\"__tile38\"]"}
COMMAND: POST /session/50f16edc6deacc6e46419d57199c3d82/element/f.54CFF833D3AC6A681D379AA79D22594A.d.6B0D866D5F2D5BEB875D57BEFF0CBC8F.e.8788/click - {}
RESULT: {}
COMMAND: GET /session/50f16edc6deacc6e46419d57199c3d82/screenshot - {}
RESULT: {}
COMMAND: POST /session/50f16edc6deacc6e46419d57199c3d82/elements - {"using":"xpath","value":"//span[text()='Error']"}
RESULT: {"using":"xpath","value":"//span[text()='Error']"}
COMMAND: POST /session/50f16edc6deacc6e46419d57199c3d82/element - {"using":"xpath","value":"//button[@data-kt=\"addButton\"]"}
RESULT: {"using":"xpath","value":"//button[@data-kt=\"addButton\"]"}
COMMAND: POST /session/50f16edc6deacc6e46419d57199c3d82/elements - {"using":"xpath","value":"//button[@data-kt=\"addButton\"]"}
RESULT: {"using":"xpath","value":"//button[@data-kt=\"addButton\"]"}
COMMAND: POST /session/50f16edc6deacc6e46419d57199c3d82/elements - {"using":"xpath","value":"//button[@data-kt=\"addButton\"]"}
RESULT: {"using":"xpath","value":"//button[@data-kt=\"addButton\"]"}
COMMAND: POST /session/50f16edc6deacc6e46419d57199c3d82/element - {"using":"xpath","value":"//button[@data-kt=\"addButton\"]"}
RESULT: {"using":"xpath","value":"//button[@data-kt=\"addButton\"]"}
COMMAND: POST /session/50f16edc6deacc6e46419d57199c3d82/execute/sync - {"script":"<script> [8489 bytes]","args":[{"element-6066-11e4-a52e-4f735466cecf":"f.54CFF833D3AC6A681D379AA79D22594A.d.6B0D866D5F2D5BEB875D57BEFF0CBC8F.e.9689","ELEMENT":"f.54CFF833D3AC6A681D379AA79D22594A.d.6B0D866D5F2D5BEB875D57BEFF0CBC8F.e.9689"}]}
RESULT: {"script":"<script> [8489 bytes]","args":[{"element-6066-11e4-a52e-4f735466cecf":"f.54CFF833D3AC6A681D379AA79D22594A.d.6B0D866D5F2D5BEB875D57BEFF0CBC8F.e.9689","ELEMENT":"f.54CFF833D3AC6A681D379AA79D22594A.d.6B0D866D5F2D5BEB875D57BEFF0CBC8F.e.9689"}]}
COMMAND: GET /session/50f16edc6deacc6e46419d57199c3d82/element/f.54CFF833D3AC6A681D379AA79D22594A.d.6B0D866D5F2D5BEB875D57BEFF0CBC8F.e.9689/enabled - {}
COMMAND: GET /session/50f16edc6deacc6e46419d57199c3d82/screenshot - {}
RESULT: {}
COMMAND: POST /session/50f16edc6deacc6e46419d57199c3d82/execute/sync - {"script":"<script> [8489 bytes]","args":[{"element-6066-11e4-a52e-4f735466cecf":"f.54CFF833D3AC6A681D379AA79D22594A.d.6B0D866D5F2D5BEB875D57BEFF0CBC8F.e.9689","ELEMENT":"f.54CFF833D3AC6A681D379AA79D22594A.d.6B0D866D5F2D5BEB875D57BEFF0CBC8F.e.9689"}]}
COMMAND: GET /session/50f16edc6deacc6e46419d57199c3d82/screenshot - {}
RESULT: {}
RESULT: {"script":"<script> [8489 bytes]","args":[{"element-6066-11e4-a52e-4f735466cecf":"f.54CFF833D3AC6A681D379AA79D22594A.d.6B0D866D5F2D5BEB875D57BEFF0CBC8F.e.9689","ELEMENT":"f.54CFF833D3AC6A681D379AA79D22594A.d.6B0D866D5F2D5BEB875D57BEFF0CBC8F.e.9689"}]}
COMMAND: POST /session/50f16edc6deacc6e46419d57199c3d82/execute/sync - {"script":"<script> [5351 bytes]","args":[{"element-6066-11e4-a52e-4f735466cecf":"f.54CFF833D3AC6A681D379AA79D22594A.d.6B0D866D5F2D5BEB875D57BEFF0CBC8F.e.9689","ELEMENT":"f.54CFF833D3AC6A681D379AA79D22594A.d.6B0D866D5F2D5BEB875D57BEFF0CBC8F.e.9689"}]}
COMMAND: GET /session/50f16edc6deacc6e46419d57199c3d82/screenshot - {}
RESULT: {}
RESULT: {"script":"<script> [5351 bytes]","args":[{"element-6066-11e4-a52e-4f735466cecf":"f.54CFF833D3AC6A681D379AA79D22594A.d.6B0D866D5F2D5BEB875D57BEFF0CBC8F.e.9689","ELEMENT":"f.54CFF833D3AC6A681D379AA79D22594A.d.6B0D866D5F2D5BEB875D57BEFF0CBC8F.e.9689"}]}
COMMAND: POST /session/50f16edc6deacc6e46419d57199c3d82/element/f.54CFF833D3AC6A681D379AA79D22594A.d.6B0D866D5F2D5BEB875D57BEFF0CBC8F.e.9689/click - {}
COMMAND: GET /session/50f16edc6deacc6e46419d57199c3d82/screenshot - {}
RESULT: {}
RESULT: {}
COMMAND: GET /session/50f16edc6deacc6e46419d57199c3d82/screenshot - {}
COMMAND: POST /session/50f16edc6deacc6e46419d57199c3d82/execute/async - {"script":"<script> [1562 bytes]","args":[{"selector":{"id":"application-managepartners-display-component---NewPartner--addressDetailDetailsName1","interaction":{"idSuffix":"inner"}},"wdio_ui5_key":"applicationmanagepartners-display-component---NewPartner--addressDetailDetailsName1"}]}
RESULT: {}
RESULT: {}
RESULT: {"script":"<script> [1562 bytes]","args":[{"selector":{"id":"application-managepartners-display-component---NewPartner--addressDetailDetailsName1","interaction":{"idSuffix":"inner"}},"wdio_ui5_key":"applicationmanagepartners-display-component---NewPartner--addressDetailDetailsName1"}]}
RESULT: undefined
COMMAND: POST /session/50f16edc6deacc6e46419d57199c3d82/execute/async - {"script":"<script> [776 bytes]","args":[{"enterText":"External Partner WDIO","selector":{"id":"application-managepartners-display-component---NewPartner--addressDetailDetailsName1","interaction":{"idSuffix":"inner"}},"clearTextFirst":true,"interactionType":"ENTER_TEXT"}]}
RESULT: {"script":"<script> [776 bytes]","args":[{"enterText":"External Partner WDIO","selector":{"id":"application-managepartners-display-component---NewPartner--addressDetailDetailsName1","interaction":{"idSuffix":"inner"}},"clearTextFirst":true,"interactionType":"ENTER_TEXT"}]}
COMMAND: POST /session/50f16edc6deacc6e46419d57199c3d82/execute/async - {"script":"<script> [1562 bytes]","args":[{"selector":{"id":"application-managepartners-display-component---NewPartner--addressDetailDetailsLanguage-arrow"},"wdio_ui5_key":"applicationmanagepartners-display-component---NewPartner--addressDetailDetailsLanguage-arrow"}]}
RESULT: {"script":"<script> [1562 bytes]","args":[{"selector":{"id":"application-managepartners-display-component---NewPartner--addressDetailDetailsLanguage-arrow"},"wdio_ui5_key":"applicationmanagepartners-display-component---NewPartner--addressDetailDetailsLanguage-arrow"}]}
RESULT: undefined
COMMAND: POST /session/50f16edc6deacc6e46419d57199c3d82/element - {"using":"xpath","value":"//*[@id=\"application-managepartners-display-component---NewPartner--addressDetailDetailsLanguage-arrow\"]"}
RESULT: {"using":"xpath","value":"//*[@id=\"application-managepartners-display-component---NewPartner--addressDetailDetailsLanguage-arrow\"]"}
COMMAND: POST /session/50f16edc6deacc6e46419d57199c3d82/element/f.54CFF833D3AC6A681D379AA79D22594A.d.6B0D866D5F2D5BEB875D57BEFF0CBC8F.e.10145/click - {}
RESULT: {}
COMMAND: POST /session/50f16edc6deacc6e46419d57199c3d82/element - {"using":"xpath","value":"//span[contains(text(), \"English\")]"}
COMMAND: GET /session/50f16edc6deacc6e46419d57199c3d82/screenshot - {}
RESULT: {"using":"xpath","value":"//span[contains(text(), \"English\")]"}
COMMAND: POST /session/50f16edc6deacc6e46419d57199c3d82/element/f.54CFF833D3AC6A681D379AA79D22594A.d.6B0D866D5F2D5BEB875D57BEFF0CBC8F.e.10146/click - {}
RESULT: {}
RESULT: {}
COMMAND: GET /session/50f16edc6deacc6e46419d57199c3d82/screenshot - {}
RESULT: {}
COMMAND: POST /session/50f16edc6deacc6e46419d57199c3d82/execute/async - {"script":"<script> [1562 bytes]","args":[{"selector":{"id":"application-managepartners-display-component---NewPartner--addressDetailDetailsCity1","interaction":{"idSuffix":"inner"}},"wdio_ui5_key":"applicationmanagepartners-display-component---NewPartner--addressDetailDetailsCity1"}]}
RESULT: {"script":"<script> [1562 bytes]","args":[{"selector":{"id":"application-managepartners-display-component---NewPartner--addressDetailDetailsCity1","interaction":{"idSuffix":"inner"}},"wdio_ui5_key":"applicationmanagepartners-display-component---NewPartner--addressDetailDetailsCity1"}]}
RESULT: undefined
COMMAND: POST /session/50f16edc6deacc6e46419d57199c3d82/execute/async - {"script":"<script> [776 bytes]","args":[{"enterText":"Rosario","selector":{"id":"application-managepartners-display-component---NewPartner--addressDetailDetailsCity1","interaction":{"idSuffix":"inner"}},"clearTextFirst":true,"interactionType":"ENTER_TEXT"}]}
RESULT: {"script":"<script> [776 bytes]","args":[{"enterText":"Rosario","selector":{"id":"application-managepartners-display-component---NewPartner--addressDetailDetailsCity1","interaction":{"idSuffix":"inner"}},"clearTextFirst":true,"interactionType":"ENTER_TEXT"}]}
COMMAND: POST /session/50f16edc6deacc6e46419d57199c3d82/execute/async - {"script":"<script> [1562 bytes]","args":[{"selector":{"id":"application-managepartners-display-component---NewPartner--addressDetailDetailsCountry-arrow"},"wdio_ui5_key":"applicationmanagepartners-display-component---NewPartner--addressDetailDetailsCountry-arrow"}]}
RESULT: {"script":"<script> [1562 bytes]","args":[{"selector":{"id":"application-managepartners-display-component---NewPartner--addressDetailDetailsCountry-arrow"},"wdio_ui5_key":"applicationmanagepartners-display-component---NewPartner--addressDetailDetailsCountry-arrow"}]}
RESULT: undefined
COMMAND: POST /session/50f16edc6deacc6e46419d57199c3d82/element - {"using":"xpath","value":"//*[@id=\"application-managepartners-display-component---NewPartner--addressDetailDetailsCountry-arrow\"]"}
RESULT: {"using":"xpath","value":"//*[@id=\"application-managepartners-display-component---NewPartner--addressDetailDetailsCountry-arrow\"]"}
COMMAND: POST /session/50f16edc6deacc6e46419d57199c3d82/element/f.54CFF833D3AC6A681D379AA79D22594A.d.6B0D866D5F2D5BEB875D57BEFF0CBC8F.e.10131/click - {}
RESULT: {}
COMMAND: POST /session/50f16edc6deacc6e46419d57199c3d82/element - {"using":"xpath","value":"//span[contains(text(), \"Argentina\")]"}
COMMAND: GET /session/50f16edc6deacc6e46419d57199c3d82/screenshot - {}
RESULT: {"using":"xpath","value":"//span[contains(text(), \"Argentina\")]"}
COMMAND: POST /session/50f16edc6deacc6e46419d57199c3d82/element/f.54CFF833D3AC6A681D379AA79D22594A.d.6B0D866D5F2D5BEB875D57BEFF0CBC8F.e.10148/click - {}
RESULT: {}
RESULT: {}
COMMAND: GET /session/50f16edc6deacc6e46419d57199c3d82/screenshot - {}
RESULT: {}
COMMAND: POST /session/50f16edc6deacc6e46419d57199c3d82/element - {"using":"xpath","value":"//bdi[contains(text(), \"Commercial\")]"}
RESULT: {"using":"xpath","value":"//bdi[contains(text(), \"Commercial\")]"}
COMMAND: POST /session/50f16edc6deacc6e46419d57199c3d82/element/f.54CFF833D3AC6A681D379AA79D22594A.d.6B0D866D5F2D5BEB875D57BEFF0CBC8F.e.10149/click - {}
RESULT: {}
COMMAND: GET /session/50f16edc6deacc6e46419d57199c3d82/screenshot - {}
RESULT: {}
COMMAND: POST /session/50f16edc6deacc6e46419d57199c3d82/execute/async - {"script":"<script> [1562 bytes]","args":[{"selector":{"id":"application-managepartners-display-component---NewPartner--partnerDetailInternal-arrow"},"wdio_ui5_key":"applicationmanagepartners-display-component---NewPartner--partnerDetailInternal-arrow"}]}
RESULT: {"script":"<script> [1562 bytes]","args":[{"selector":{"id":"application-managepartners-display-component---NewPartner--partnerDetailInternal-arrow"},"wdio_ui5_key":"applicationmanagepartners-display-component---NewPartner--partnerDetailInternal-arrow"}]}
RESULT: undefined
COMMAND: POST /session/50f16edc6deacc6e46419d57199c3d82/element - {"using":"xpath","value":"//*[@id=\"application-managepartners-display-component---NewPartner--partnerDetailInternal-arrow\"]"}
RESULT: {"using":"xpath","value":"//*[@id=\"application-managepartners-display-component---NewPartner--partnerDetailInternal-arrow\"]"}
COMMAND: POST /session/50f16edc6deacc6e46419d57199c3d82/element/f.54CFF833D3AC6A681D379AA79D22594A.d.6B0D866D5F2D5BEB875D57BEFF0CBC8F.e.10155/click - {}
RESULT: {}
COMMAND: POST /session/50f16edc6deacc6e46419d57199c3d82/element - {"using":"xpath","value":"//span[contains(text(), \"External partner\")]"}
COMMAND: GET /session/50f16edc6deacc6e46419d57199c3d82/screenshot - {}
RESULT: {"using":"xpath","value":"//span[contains(text(), \"External partner\")]"}
COMMAND: POST /session/50f16edc6deacc6e46419d57199c3d82/element/f.54CFF833D3AC6A681D379AA79D22594A.d.6B0D866D5F2D5BEB875D57BEFF0CBC8F.e.10156/click - {}
RESULT: {}
RESULT: {}
COMMAND: POST /session/50f16edc6deacc6e46419d57199c3d82/execute/async - {"script":"<script> [1562 bytes]","args":[{"selector":{"id":"application-managepartners-display-component---NewPartner--partnerDetailsCurrency-arrow"},"wdio_ui5_key":"applicationmanagepartners-display-component---NewPartner--partnerDetailsCurrency-arrow"}]}
COMMAND: GET /session/50f16edc6deacc6e46419d57199c3d82/screenshot - {}
RESULT: {"script":"<script> [1562 bytes]","args":[{"selector":{"id":"application-managepartners-display-component---NewPartner--partnerDetailsCurrency-arrow"},"wdio_ui5_key":"applicationmanagepartners-display-component---NewPartner--partnerDetailsCurrency-arrow"}]}
RESULT: undefined
COMMAND: POST /session/50f16edc6deacc6e46419d57199c3d82/element - {"using":"xpath","value":"//*[@id=\"application-managepartners-display-component---NewPartner--partnerDetailsCurrency-arrow\"]"}
RESULT: {}
RESULT: {"using":"xpath","value":"//*[@id=\"application-managepartners-display-component---NewPartner--partnerDetailsCurrency-arrow\"]"}
COMMAND: POST /session/50f16edc6deacc6e46419d57199c3d82/element/f.54CFF833D3AC6A681D379AA79D22594A.d.6B0D866D5F2D5BEB875D57BEFF0CBC8F.e.10161/click - {}
RESULT: {}
COMMAND: POST /session/50f16edc6deacc6e46419d57199c3d82/element - {"using":"xpath","value":"//span[contains(text(), \"US Dollar\")]"}
COMMAND: GET /session/50f16edc6deacc6e46419d57199c3d82/screenshot - {}
RESULT: {"using":"xpath","value":"//span[contains(text(), \"US Dollar\")]"}
COMMAND: POST /session/50f16edc6deacc6e46419d57199c3d82/element/f.54CFF833D3AC6A681D379AA79D22594A.d.6B0D866D5F2D5BEB875D57BEFF0CBC8F.e.10162/click - {}
RESULT: {}
RESULT: {}
COMMAND: GET /session/50f16edc6deacc6e46419d57199c3d82/screenshot - {}
RESULT: {}
COMMAND: POST /session/50f16edc6deacc6e46419d57199c3d82/element - {"using":"xpath","value":"//input[@id=\"application-managepartners-display-component---NewPartner--companyCodeComboBox-inner\"]"}
RESULT: {"using":"xpath","value":"//input[@id=\"application-managepartners-display-component---NewPartner--companyCodeComboBox-inner\"]"}
COMMAND: POST /session/50f16edc6deacc6e46419d57199c3d82/element/f.54CFF833D3AC6A681D379AA79D22594A.d.6B0D866D5F2D5BEB875D57BEFF0CBC8F.e.10016/clear - {}
RESULT: {}
COMMAND: POST /session/50f16edc6deacc6e46419d57199c3d82/element/f.54CFF833D3AC6A681D379AA79D22594A.d.6B0D866D5F2D5BEB875D57BEFF0CBC8F.e.10016/value - {"text":"C002"}
COMMAND: GET /session/50f16edc6deacc6e46419d57199c3d82/screenshot - {}
RESULT: {"text":"C002"}
COMMAND: GET /session/50f16edc6deacc6e46419d57199c3d82/screenshot - {}
RESULT: {}
RESULT: {}
COMMAND: POST /session/50f16edc6deacc6e46419d57199c3d82/element - {"using":"xpath","value":"//li[.//span[text()= \"C002\"]]"}
RESULT: {"using":"xpath","value":"//li[.//span[text()= \"C002\"]]"}
COMMAND: POST /session/50f16edc6deacc6e46419d57199c3d82/element/f.54CFF833D3AC6A681D379AA79D22594A.d.6B0D866D5F2D5BEB875D57BEFF0CBC8F.e.10166/click - {}
RESULT: {}
COMMAND: GET /session/50f16edc6deacc6e46419d57199c3d82/screenshot - {}
RESULT: {}
COMMAND: POST /session/50f16edc6deacc6e46419d57199c3d82/execute/async - {"script":"<script> [1562 bytes]","args":[{"selector":{"id":"application-managepartners-display-component---NewPartner--btnAddTableRow-img"},"wdio_ui5_key":"applicationmanagepartners-display-component---NewPartner--btnAddTableRow-img"}]}
RESULT: {"script":"<script> [1562 bytes]","args":[{"selector":{"id":"application-managepartners-display-component---NewPartner--btnAddTableRow-img"},"wdio_ui5_key":"applicationmanagepartners-display-component---NewPartner--btnAddTableRow-img"}]}
RESULT: undefined
COMMAND: POST /session/50f16edc6deacc6e46419d57199c3d82/element - {"using":"xpath","value":"//*[@id=\"application-managepartners-display-component---NewPartner--btnAddTableRow-img\"]"}
RESULT: {"using":"xpath","value":"//*[@id=\"application-managepartners-display-component---NewPartner--btnAddTableRow-img\"]"}
COMMAND: POST /session/50f16edc6deacc6e46419d57199c3d82/element/f.54CFF833D3AC6A681D379AA79D22594A.d.6B0D866D5F2D5BEB875D57BEFF0CBC8F.e.10167/click - {}
RESULT: {}
COMMAND: GET /session/50f16edc6deacc6e46419d57199c3d82/screenshot - {}
RESULT: {}
COMMAND: POST /session/50f16edc6deacc6e46419d57199c3d82/element - {"using":"xpath","value":"//input[@id=\"application-managepartners-display-component---NewPartner--assignmentYard-application-managepartners-display-component---NewPartner--assignmentsTable-0-inner\"]"}
RESULT: {"using":"xpath","value":"//input[@id=\"application-managepartners-display-component---NewPartner--assignmentYard-application-managepartners-display-component---NewPartner--assignmentsTable-0-inner\"]"}
COMMAND: POST /session/50f16edc6deacc6e46419d57199c3d82/element/f.54CFF833D3AC6A681D379AA79D22594A.d.6B0D866D5F2D5BEB875D57BEFF0CBC8F.e.10170/clear - {}
RESULT: {}
COMMAND: POST /session/50f16edc6deacc6e46419d57199c3d82/element/f.54CFF833D3AC6A681D379AA79D22594A.d.6B0D866D5F2D5BEB875D57BEFF0CBC8F.e.10170/value - {"text":"484"}
COMMAND: GET /session/50f16edc6deacc6e46419d57199c3d82/screenshot - {}
RESULT: {"text":"484"}
COMMAND: GET /session/50f16edc6deacc6e46419d57199c3d82/screenshot - {}
RESULT: {}
RESULT: {}
COMMAND: POST /session/50f16edc6deacc6e46419d57199c3d82/element - {"using":"xpath","value":"//li[.//span[text()='484']]"}
RESULT: {"using":"xpath","value":"//li[.//span[text()='484']]"}
COMMAND: POST /session/50f16edc6deacc6e46419d57199c3d82/element/f.54CFF833D3AC6A681D379AA79D22594A.d.6B0D866D5F2D5BEB875D57BEFF0CBC8F.e.10178/click - {}
RESULT: {}
COMMAND: GET /session/50f16edc6deacc6e46419d57199c3d82/screenshot - {}
RESULT: {}
COMMAND: POST /session/50f16edc6deacc6e46419d57199c3d82/actions - {"actions":[{"id":"action26","type":"key","parameters":{},"actions":[{"type":"keyDown","value":"î€‡"},{"type":"pause","duration":10},{"type":"keyUp","value":"î€‡"}]}]}
RESULT: {"actions":[{"id":"action26","type":"key","parameters":{},"actions":[{"type":"keyDown","value":"î€‡"},{"type":"pause","duration":10},{"type":"keyUp","value":"î€‡"}]}]}
COMMAND: POST /session/50f16edc6deacc6e46419d57199c3d82/element - {"using":"xpath","value":"//td[contains(@id, \"assignmentsTable-0-cell2\")]/div/div"}
COMMAND: GET /session/50f16edc6deacc6e46419d57199c3d82/screenshot - {}
RESULT: {"using":"xpath","value":"//td[contains(@id, \"assignmentsTable-0-cell2\")]/div/div"}
COMMAND: POST /session/50f16edc6deacc6e46419d57199c3d82/element/f.54CFF833D3AC6A681D379AA79D22594A.d.6B0D866D5F2D5BEB875D57BEFF0CBC8F.e.10181/click - {}
RESULT: {}
RESULT: {}
COMMAND: GET /session/50f16edc6deacc6e46419d57199c3d82/screenshot - {}
RESULT: {}
COMMAND: POST /session/50f16edc6deacc6e46419d57199c3d82/element - {"using":"xpath","value":"//button[@data-kt=\"saveButton\"]"}
RESULT: {"using":"xpath","value":"//button[@data-kt=\"saveButton\"]"}
COMMAND: POST /session/50f16edc6deacc6e46419d57199c3d82/element/f.54CFF833D3AC6A681D379AA79D22594A.d.6B0D866D5F2D5BEB875D57BEFF0CBC8F.e.10059/click - {}
RESULT: {}
COMMAND: GET /session/50f16edc6deacc6e46419d57199c3d82/screenshot - {}
RESULT: {}
COMMAND: POST /session/50f16edc6deacc6e46419d57199c3d82/element - {"using":"xpath","value":"//header[contains(@id, 'ObjectPageLayout-headerTitle')]/div[1]/div[2]/div[2]/span[1]"}
RESULT: {"using":"xpath","value":"//header[contains(@id, 'ObjectPageLayout-headerTitle')]/div[1]/div[2]/div[2]/span[1]"}
COMMAND: POST /session/50f16edc6deacc6e46419d57199c3d82/elements - {"using":"xpath","value":"//header[contains(@id, 'ObjectPageLayout-headerTitle')]/div[1]/div[2]/div[2]/span[1]"}
RESULT: {"using":"xpath","value":"//header[contains(@id, 'ObjectPageLayout-headerTitle')]/div[1]/div[2]/div[2]/span[1]"}
COMMAND: POST /session/50f16edc6deacc6e46419d57199c3d82/execute/sync - {"script":"<script> [56 bytes]","args":[{"element-6066-11e4-a52e-4f735466cecf":"f.54CFF833D3AC6A681D379AA79D22594A.d.6B0D866D5F2D5BEB875D57BEFF0CBC8F.e.10341","ELEMENT":"f.54CFF833D3AC6A681D379AA79D22594A.d.6B0D866D5F2D5BEB875D57BEFF0CBC8F.e.10341"}]}
RESULT: {"script":"<script> [56 bytes]","args":[{"element-6066-11e4-a52e-4f735466cecf":"f.54CFF833D3AC6A681D379AA79D22594A.d.6B0D866D5F2D5BEB875D57BEFF0CBC8F.e.10341","ELEMENT":"f.54CFF833D3AC6A681D379AA79D22594A.d.6B0D866D5F2D5BEB875D57BEFF0CBC8F.e.10341"}]}
COMMAND: POST /session/50f16edc6deacc6e46419d57199c3d82/element - {"using":"css selector","value":"#shell-header-logo"}
COMMAND: GET /session/50f16edc6deacc6e46419d57199c3d82/screenshot - {}
RESULT: {"using":"css selector","value":"#shell-header-logo"}
COMMAND: POST /session/50f16edc6deacc6e46419d57199c3d82/element/f.54CFF833D3AC6A681D379AA79D22594A.d.6B0D866D5F2D5BEB875D57BEFF0CBC8F.e.9655/click - {}
RESULT: {}
RESULT: {}
COMMAND: GET /session/50f16edc6deacc6e46419d57199c3d82/screenshot - {}
RESULT: {}
COMMAND: POST /session/50f16edc6deacc6e46419d57199c3d82/execute/sync - {"script":"<script> [299 bytes]","args":[["getModel","getResource"]]}
RESULT: {"script":"<script> [299 bytes]","args":[["getModel","getResource"]]}
]]></system-out>
    </testcase>
    <testcase classname="chrome.136_0_7103_93.windows.Create_partner_US118246" name="Should create a new yard in case create yard failed" time="118.442">
      <system-out><![CDATA[
COMMAND: GET /session/50f16edc6deacc6e46419d57199c3d82/screenshot - {}
RESULT: undefined
COMMAND: POST /session/50f16edc6deacc6e46419d57199c3d82/element - {"using":"xpath","value":"//*[@id=\"__tile41\"]"}
RESULT: {}
RESULT: {"using":"xpath","value":"//*[@id=\"__tile41\"]"}
COMMAND: POST /session/50f16edc6deacc6e46419d57199c3d82/element/f.54CFF833D3AC6A681D379AA79D22594A.d.6B0D866D5F2D5BEB875D57BEFF0CBC8F.e.8797/click - {}
RESULT: {}
COMMAND: GET /session/50f16edc6deacc6e46419d57199c3d82/screenshot - {}
RESULT: {}
COMMAND: POST /session/50f16edc6deacc6e46419d57199c3d82/elements - {"using":"xpath","value":"//span[text()='Error']"}
RESULT: {"using":"xpath","value":"//span[text()='Error']"}
COMMAND: POST /session/50f16edc6deacc6e46419d57199c3d82/element - {"using":"xpath","value":"//button[@data-kt=\"addNewYardOverflowToolbarButton\"]"}
RESULT: {"using":"xpath","value":"//button[@data-kt=\"addNewYardOverflowToolbarButton\"]"}
COMMAND: POST /session/50f16edc6deacc6e46419d57199c3d82/elements - {"using":"xpath","value":"//button[@data-kt=\"addNewYardOverflowToolbarButton\"]"}
RESULT: {"using":"xpath","value":"//button[@data-kt=\"addNewYardOverflowToolbarButton\"]"}
COMMAND: POST /session/50f16edc6deacc6e46419d57199c3d82/execute/sync - {"script":"<script> [8489 bytes]","args":[{"element-6066-11e4-a52e-4f735466cecf":"f.54CFF833D3AC6A681D379AA79D22594A.d.6B0D866D5F2D5BEB875D57BEFF0CBC8F.e.10484","ELEMENT":"f.54CFF833D3AC6A681D379AA79D22594A.d.6B0D866D5F2D5BEB875D57BEFF0CBC8F.e.10484"}]}
RESULT: {"script":"<script> [8489 bytes]","args":[{"element-6066-11e4-a52e-4f735466cecf":"f.54CFF833D3AC6A681D379AA79D22594A.d.6B0D866D5F2D5BEB875D57BEFF0CBC8F.e.10484","ELEMENT":"f.54CFF833D3AC6A681D379AA79D22594A.d.6B0D866D5F2D5BEB875D57BEFF0CBC8F.e.10484"}]}
COMMAND: GET /session/50f16edc6deacc6e46419d57199c3d82/element/f.54CFF833D3AC6A681D379AA79D22594A.d.6B0D866D5F2D5BEB875D57BEFF0CBC8F.e.10484/enabled - {}
COMMAND: GET /session/50f16edc6deacc6e46419d57199c3d82/screenshot - {}
RESULT: {}
COMMAND: POST /session/50f16edc6deacc6e46419d57199c3d82/execute/sync - {"script":"<script> [8489 bytes]","args":[{"element-6066-11e4-a52e-4f735466cecf":"f.54CFF833D3AC6A681D379AA79D22594A.d.6B0D866D5F2D5BEB875D57BEFF0CBC8F.e.10484","ELEMENT":"f.54CFF833D3AC6A681D379AA79D22594A.d.6B0D866D5F2D5BEB875D57BEFF0CBC8F.e.10484"}]}
COMMAND: GET /session/50f16edc6deacc6e46419d57199c3d82/screenshot - {}
RESULT: {}
RESULT: {"script":"<script> [8489 bytes]","args":[{"element-6066-11e4-a52e-4f735466cecf":"f.54CFF833D3AC6A681D379AA79D22594A.d.6B0D866D5F2D5BEB875D57BEFF0CBC8F.e.10484","ELEMENT":"f.54CFF833D3AC6A681D379AA79D22594A.d.6B0D866D5F2D5BEB875D57BEFF0CBC8F.e.10484"}]}
COMMAND: POST /session/50f16edc6deacc6e46419d57199c3d82/execute/sync - {"script":"<script> [5351 bytes]","args":[{"element-6066-11e4-a52e-4f735466cecf":"f.54CFF833D3AC6A681D379AA79D22594A.d.6B0D866D5F2D5BEB875D57BEFF0CBC8F.e.10484","ELEMENT":"f.54CFF833D3AC6A681D379AA79D22594A.d.6B0D866D5F2D5BEB875D57BEFF0CBC8F.e.10484"}]}
COMMAND: GET /session/50f16edc6deacc6e46419d57199c3d82/screenshot - {}
RESULT: {}
RESULT: {"script":"<script> [5351 bytes]","args":[{"element-6066-11e4-a52e-4f735466cecf":"f.54CFF833D3AC6A681D379AA79D22594A.d.6B0D866D5F2D5BEB875D57BEFF0CBC8F.e.10484","ELEMENT":"f.54CFF833D3AC6A681D379AA79D22594A.d.6B0D866D5F2D5BEB875D57BEFF0CBC8F.e.10484"}]}
COMMAND: POST /session/50f16edc6deacc6e46419d57199c3d82/element/f.54CFF833D3AC6A681D379AA79D22594A.d.6B0D866D5F2D5BEB875D57BEFF0CBC8F.e.10484/click - {}
COMMAND: GET /session/50f16edc6deacc6e46419d57199c3d82/screenshot - {}
RESULT: {}
RESULT: {}
COMMAND: GET /session/50f16edc6deacc6e46419d57199c3d82/screenshot - {}
COMMAND: POST /session/50f16edc6deacc6e46419d57199c3d82/element - {"using":"xpath","value":"//input[@id=\"application-manageyards-display-component---NewYard--yardId-inner\"]"}
RESULT: {}
RESULT: {}
RESULT: {"using":"xpath","value":"//input[@id=\"application-manageyards-display-component---NewYard--yardId-inner\"]"}
COMMAND: POST /session/50f16edc6deacc6e46419d57199c3d82/element - {"using":"xpath","value":"//input[@id=\"application-manageyards-display-component---NewYard--yardId-inner\"]"}
RESULT: {"using":"xpath","value":"//input[@id=\"application-manageyards-display-component---NewYard--yardId-inner\"]"}
RESULT: undefined
COMMAND: POST /session/50f16edc6deacc6e46419d57199c3d82/execute/async - {"script":"<script> [776 bytes]","args":[{"enterText":"Warehouse Managed WDIO","selector":{"id":"application-manageyards-display-component---NewYard--addressDetailDetailsName1","interaction":{"idSuffix":"inner"}},"clearTextFirst":true,"interactionType":"ENTER_TEXT"}]}
RESULT: {"script":"<script> [776 bytes]","args":[{"enterText":"Warehouse Managed WDIO","selector":{"id":"application-manageyards-display-component---NewYard--addressDetailDetailsName1","interaction":{"idSuffix":"inner"}},"clearTextFirst":true,"interactionType":"ENTER_TEXT"}]}
RESULT: undefined
COMMAND: POST /session/50f16edc6deacc6e46419d57199c3d82/element - {"using":"xpath","value":"//*[@id=\"application-manageyards-display-component---NewYard--addressDetailDetailsLanguage-arrow\"]"}
RESULT: {"using":"xpath","value":"//*[@id=\"application-manageyards-display-component---NewYard--addressDetailDetailsLanguage-arrow\"]"}
COMMAND: POST /session/50f16edc6deacc6e46419d57199c3d82/element/f.54CFF833D3AC6A681D379AA79D22594A.d.6B0D866D5F2D5BEB875D57BEFF0CBC8F.e.11041/click - {}
RESULT: {}
COMMAND: POST /session/50f16edc6deacc6e46419d57199c3d82/element - {"using":"xpath","value":"//span[contains(text(), \"English\")]"}
COMMAND: GET /session/50f16edc6deacc6e46419d57199c3d82/screenshot - {}
RESULT: {"using":"xpath","value":"//span[contains(text(), \"English\")]"}
COMMAND: POST /session/50f16edc6deacc6e46419d57199c3d82/element/f.54CFF833D3AC6A681D379AA79D22594A.d.6B0D866D5F2D5BEB875D57BEFF0CBC8F.e.11042/click - {}
RESULT: {}
RESULT: {}
RESULT: undefined
COMMAND: POST /session/50f16edc6deacc6e46419d57199c3d82/execute/async - {"script":"<script> [776 bytes]","args":[{"enterText":"Rosario","selector":{"id":"application-manageyards-display-component---NewYard--addressDetailDetailsCity1","interaction":{"idSuffix":"inner"}},"clearTextFirst":true,"interactionType":"ENTER_TEXT"}]}
COMMAND: GET /session/50f16edc6deacc6e46419d57199c3d82/screenshot - {}
RESULT: {"script":"<script> [776 bytes]","args":[{"enterText":"Rosario","selector":{"id":"application-manageyards-display-component---NewYard--addressDetailDetailsCity1","interaction":{"idSuffix":"inner"}},"clearTextFirst":true,"interactionType":"ENTER_TEXT"}]}
RESULT: undefined
COMMAND: POST /session/50f16edc6deacc6e46419d57199c3d82/element - {"using":"xpath","value":"//*[@id=\"application-manageyards-display-component---NewYard--addressDetailDetailsCountry-arrow\"]"}
RESULT: {}
RESULT: {"using":"xpath","value":"//*[@id=\"application-manageyards-display-component---NewYard--addressDetailDetailsCountry-arrow\"]"}
COMMAND: POST /session/50f16edc6deacc6e46419d57199c3d82/element/f.54CFF833D3AC6A681D379AA79D22594A.d.6B0D866D5F2D5BEB875D57BEFF0CBC8F.e.11043/click - {}
RESULT: {}
COMMAND: POST /session/50f16edc6deacc6e46419d57199c3d82/element - {"using":"xpath","value":"//span[contains(text(), \"Argentina\")]"}
COMMAND: GET /session/50f16edc6deacc6e46419d57199c3d82/screenshot - {}
RESULT: {"using":"xpath","value":"//span[contains(text(), \"Argentina\")]"}
COMMAND: POST /session/50f16edc6deacc6e46419d57199c3d82/element/f.54CFF833D3AC6A681D379AA79D22594A.d.6B0D866D5F2D5BEB875D57BEFF0CBC8F.e.11045/click - {}
RESULT: {}
RESULT: {}
RESULT: undefined
COMMAND: POST /session/50f16edc6deacc6e46419d57199c3d82/element - {"using":"xpath","value":"//*[@id=\"application-manageyards-display-component---NewYard--addressEditDetailsCostObjectCstType-arrow\"]"}
COMMAND: GET /session/50f16edc6deacc6e46419d57199c3d82/screenshot - {}
RESULT: {"using":"xpath","value":"//*[@id=\"application-manageyards-display-component---NewYard--addressEditDetailsCostObjectCstType-arrow\"]"}
COMMAND: POST /session/50f16edc6deacc6e46419d57199c3d82/element/f.54CFF833D3AC6A681D379AA79D22594A.d.6B0D866D5F2D5BEB875D57BEFF0CBC8F.e.11046/click - {}
RESULT: {}
RESULT: {}
COMMAND: POST /session/50f16edc6deacc6e46419d57199c3d82/element - {"using":"xpath","value":"//span[contains(text(), \"Cost Center\")]"}
COMMAND: GET /session/50f16edc6deacc6e46419d57199c3d82/screenshot - {}
RESULT: {"using":"xpath","value":"//span[contains(text(), \"Cost Center\")]"}
COMMAND: POST /session/50f16edc6deacc6e46419d57199c3d82/element/f.54CFF833D3AC6A681D379AA79D22594A.d.6B0D866D5F2D5BEB875D57BEFF0CBC8F.e.11047/click - {}
RESULT: {}
RESULT: {}
COMMAND: GET /session/50f16edc6deacc6e46419d57199c3d82/screenshot - {}
RESULT: {}
COMMAND: POST /session/50f16edc6deacc6e46419d57199c3d82/element - {"using":"xpath","value":"//span[@id=\"application-manageyards-display-component---NewYard--addressNewCostObjectCstID-vhi\"]"}
RESULT: {"using":"xpath","value":"//span[@id=\"application-manageyards-display-component---NewYard--addressNewCostObjectCstID-vhi\"]"}
COMMAND: POST /session/50f16edc6deacc6e46419d57199c3d82/execute/sync - {"script":"<script> [8489 bytes]","args":[{"element-6066-11e4-a52e-4f735466cecf":"f.54CFF833D3AC6A681D379AA79D22594A.d.6B0D866D5F2D5BEB875D57BEFF0CBC8F.e.11051","ELEMENT":"f.54CFF833D3AC6A681D379AA79D22594A.d.6B0D866D5F2D5BEB875D57BEFF0CBC8F.e.11051"}]}
RESULT: {"script":"<script> [8489 bytes]","args":[{"element-6066-11e4-a52e-4f735466cecf":"f.54CFF833D3AC6A681D379AA79D22594A.d.6B0D866D5F2D5BEB875D57BEFF0CBC8F.e.11051","ELEMENT":"f.54CFF833D3AC6A681D379AA79D22594A.d.6B0D866D5F2D5BEB875D57BEFF0CBC8F.e.11051"}]}
RESULT: undefined
COMMAND: POST /session/50f16edc6deacc6e46419d57199c3d82/element - {"using":"xpath","value":"//*[@id=\"application-manageyards-display-component---NewYard--addressNewCostObjectCstID-vhi\"]"}
COMMAND: GET /session/50f16edc6deacc6e46419d57199c3d82/screenshot - {}
RESULT: {"using":"xpath","value":"//*[@id=\"application-manageyards-display-component---NewYard--addressNewCostObjectCstID-vhi\"]"}
COMMAND: POST /session/50f16edc6deacc6e46419d57199c3d82/element/f.54CFF833D3AC6A681D379AA79D22594A.d.6B0D866D5F2D5BEB875D57BEFF0CBC8F.e.11051/click - {}
RESULT: {}
RESULT: {}
COMMAND: GET /session/50f16edc6deacc6e46419d57199c3d82/screenshot - {}
RESULT: {}
RESULT: undefined
COMMAND: POST /session/50f16edc6deacc6e46419d57199c3d82/execute/async - {"script":"<script> [776 bytes]","args":[{"enterText":"bauh_b","selector":{"controlType":"sap.m.SearchField","properties":{"placeholder":"Search"},"searchOpenDialogs":true,"interaction":{"idSuffix":"I"}},"clearTextFirst":true,"interactionType":"ENTER_TEXT"}]}
RESULT: {"script":"<script> [776 bytes]","args":[{"enterText":"bauh_b","selector":{"controlType":"sap.m.SearchField","properties":{"placeholder":"Search"},"searchOpenDialogs":true,"interaction":{"idSuffix":"I"}},"clearTextFirst":true,"interactionType":"ENTER_TEXT"}]}
COMMAND: POST /session/50f16edc6deacc6e46419d57199c3d82/actions - {"actions":[{"id":"action27","type":"key","parameters":{},"actions":[{"type":"keyDown","value":"î€‡"},{"type":"pause","duration":10},{"type":"keyUp","value":"î€‡"}]}]}
RESULT: {"actions":[{"id":"action27","type":"key","parameters":{},"actions":[{"type":"keyDown","value":"î€‡"},{"type":"pause","duration":10},{"type":"keyUp","value":"î€‡"}]}]}
COMMAND: GET /session/50f16edc6deacc6e46419d57199c3d82/screenshot - {}
RESULT: {}
COMMAND: POST /session/50f16edc6deacc6e46419d57199c3d82/element - {"using":"xpath","value":"//span[contains(text(), \"Demo Yard\")]"}
RESULT: {"using":"xpath","value":"//span[contains(text(), \"Demo Yard\")]"}
COMMAND: POST /session/50f16edc6deacc6e46419d57199c3d82/element/f.54CFF833D3AC6A681D379AA79D22594A.d.6B0D866D5F2D5BEB875D57BEFF0CBC8F.e.11089/click - {}
RESULT: {}
COMMAND: GET /session/50f16edc6deacc6e46419d57199c3d82/screenshot - {}
RESULT: {}
COMMAND: POST /session/50f16edc6deacc6e46419d57199c3d82/element - {"using":"xpath","value":"//bdi[contains(text(), \"OK\")]"}
RESULT: {"using":"xpath","value":"//bdi[contains(text(), \"OK\")]"}
COMMAND: POST /session/50f16edc6deacc6e46419d57199c3d82/element/f.54CFF833D3AC6A681D379AA79D22594A.d.6B0D866D5F2D5BEB875D57BEFF0CBC8F.e.11090/click - {}
RESULT: {}
COMMAND: GET /session/50f16edc6deacc6e46419d57199c3d82/screenshot - {}
RESULT: {}
RESULT: undefined
COMMAND: POST /session/50f16edc6deacc6e46419d57199c3d82/element - {"using":"xpath","value":"//*[@id=\"application-manageyards-display-component---NewYard--addressEditDetailsCurrency-arrow\"]"}
RESULT: {"using":"xpath","value":"//*[@id=\"application-manageyards-display-component---NewYard--addressEditDetailsCurrency-arrow\"]"}
COMMAND: POST /session/50f16edc6deacc6e46419d57199c3d82/element/f.54CFF833D3AC6A681D379AA79D22594A.d.6B0D866D5F2D5BEB875D57BEFF0CBC8F.e.11093/click - {}
RESULT: {}
COMMAND: POST /session/50f16edc6deacc6e46419d57199c3d82/element - {"using":"xpath","value":"//span[contains(text(), \"Euro\")]"}
COMMAND: GET /session/50f16edc6deacc6e46419d57199c3d82/screenshot - {}
RESULT: {"using":"xpath","value":"//span[contains(text(), \"Euro\")]"}
COMMAND: POST /session/50f16edc6deacc6e46419d57199c3d82/element/f.54CFF833D3AC6A681D379AA79D22594A.d.6B0D866D5F2D5BEB875D57BEFF0CBC8F.e.11094/click - {}
RESULT: {}
RESULT: {}
RESULT: undefined
COMMAND: POST /session/50f16edc6deacc6e46419d57199c3d82/execute/async - {"script":"<script> [776 bytes]","args":[{"enterText":"Z001","selector":{"controlType":"sap.m.Input","viewName":"etm.portal.ui.manageyards.view.New","viewId":"application-manageyards-display-component---NewYard","bindingPath":{"path":"","propertyPath":"/CONTROLLING_AREA","modelName":"NewYardModel"},"interaction":{"idSuffix":"inner"}},"clearTextFirst":true,"interactionType":"ENTER_TEXT"}]}
COMMAND: GET /session/50f16edc6deacc6e46419d57199c3d82/screenshot - {}
RESULT: {"script":"<script> [776 bytes]","args":[{"enterText":"Z001","selector":{"controlType":"sap.m.Input","viewName":"etm.portal.ui.manageyards.view.New","viewId":"application-manageyards-display-component---NewYard","bindingPath":{"path":"","propertyPath":"/CONTROLLING_AREA","modelName":"NewYardModel"},"interaction":{"idSuffix":"inner"}},"clearTextFirst":true,"interactionType":"ENTER_TEXT"}]}
RESULT: undefined
COMMAND: POST /session/50f16edc6deacc6e46419d57199c3d82/execute/async - {"script":"<script> [776 bytes]","args":[{"enterText":"1000","selector":{"id":"application-manageyards-display-component---NewYard--companyCodeComboBox","interaction":{"idSuffix":"inner"}},"clearTextFirst":true,"interactionType":"ENTER_TEXT"}]}
RESULT: {}
RESULT: {"script":"<script> [776 bytes]","args":[{"enterText":"1000","selector":{"id":"application-manageyards-display-component---NewYard--companyCodeComboBox","interaction":{"idSuffix":"inner"}},"clearTextFirst":true,"interactionType":"ENTER_TEXT"}]}
RESULT: undefined
COMMAND: POST /session/50f16edc6deacc6e46419d57199c3d82/execute/async - {"script":"<script> [776 bytes]","args":[{"enterText":"1001","selector":{"controlType":"sap.m.Input","viewName":"etm.portal.ui.manageyards.view.New","viewId":"application-manageyards-display-component---NewYard","bindingPath":{"path":"","propertyPath":"/PLANT","modelName":"NewYardModel"},"interaction":{"idSuffix":"inner"}},"clearTextFirst":true,"interactionType":"ENTER_TEXT"}]}
RESULT: {"script":"<script> [776 bytes]","args":[{"enterText":"1001","selector":{"controlType":"sap.m.Input","viewName":"etm.portal.ui.manageyards.view.New","viewId":"application-manageyards-display-component---NewYard","bindingPath":{"path":"","propertyPath":"/PLANT","modelName":"NewYardModel"},"interaction":{"idSuffix":"inner"}},"clearTextFirst":true,"interactionType":"ENTER_TEXT"}]}
RESULT: undefined
COMMAND: POST /session/50f16edc6deacc6e46419d57199c3d82/execute/async - {"script":"<script> [776 bytes]","args":[{"enterText":"C002","selector":{"controlType":"sap.m.Input","viewName":"etm.portal.ui.manageyards.view.New","viewId":"application-manageyards-display-component---NewYard","bindingPath":{"path":"","propertyPath":"/SALES_AREA_VKORG","modelName":"NewYardModel"},"interaction":{"idSuffix":"inner"}},"clearTextFirst":true,"interactionType":"ENTER_TEXT"}]}
RESULT: {"script":"<script> [776 bytes]","args":[{"enterText":"C002","selector":{"controlType":"sap.m.Input","viewName":"etm.portal.ui.manageyards.view.New","viewId":"application-manageyards-display-component---NewYard","bindingPath":{"path":"","propertyPath":"/SALES_AREA_VKORG","modelName":"NewYardModel"},"interaction":{"idSuffix":"inner"}},"clearTextFirst":true,"interactionType":"ENTER_TEXT"}]}
RESULT: undefined
COMMAND: POST /session/50f16edc6deacc6e46419d57199c3d82/execute/async - {"script":"<script> [776 bytes]","args":[{"enterText":"C2","selector":{"controlType":"sap.m.Input","viewName":"etm.portal.ui.manageyards.view.New","viewId":"application-manageyards-display-component---NewYard","bindingPath":{"path":"","propertyPath":"/SALES_AREA_VTWEG","modelName":"NewYardModel"},"interaction":{"idSuffix":"inner"}},"clearTextFirst":true,"interactionType":"ENTER_TEXT"}]}
RESULT: {"script":"<script> [776 bytes]","args":[{"enterText":"C2","selector":{"controlType":"sap.m.Input","viewName":"etm.portal.ui.manageyards.view.New","viewId":"application-manageyards-display-component---NewYard","bindingPath":{"path":"","propertyPath":"/SALES_AREA_VTWEG","modelName":"NewYardModel"},"interaction":{"idSuffix":"inner"}},"clearTextFirst":true,"interactionType":"ENTER_TEXT"}]}
RESULT: undefined
COMMAND: POST /session/50f16edc6deacc6e46419d57199c3d82/execute/async - {"script":"<script> [776 bytes]","args":[{"enterText":"C2","selector":{"controlType":"sap.m.Input","viewName":"etm.portal.ui.manageyards.view.New","viewId":"application-manageyards-display-component---NewYard","bindingPath":{"path":"","propertyPath":"/SALES_AREA_SPART","modelName":"NewYardModel"},"interaction":{"idSuffix":"inner"}},"clearTextFirst":true,"interactionType":"ENTER_TEXT"}]}
RESULT: {"script":"<script> [776 bytes]","args":[{"enterText":"C2","selector":{"controlType":"sap.m.Input","viewName":"etm.portal.ui.manageyards.view.New","viewId":"application-manageyards-display-component---NewYard","bindingPath":{"path":"","propertyPath":"/SALES_AREA_SPART","modelName":"NewYardModel"},"interaction":{"idSuffix":"inner"}},"clearTextFirst":true,"interactionType":"ENTER_TEXT"}]}
RESULT: undefined
COMMAND: POST /session/50f16edc6deacc6e46419d57199c3d82/execute/async - {"script":"<script> [776 bytes]","args":[{"enterText":"1710","selector":{"controlType":"sap.m.Input","viewName":"etm.portal.ui.manageyards.view.New","viewId":"application-manageyards-display-component---NewYard","bindingPath":{"path":"","propertyPath":"/SHIP_POINT","modelName":"NewYardModel"},"interaction":{"idSuffix":"inner"}},"clearTextFirst":true,"interactionType":"ENTER_TEXT"}]}
RESULT: {"script":"<script> [776 bytes]","args":[{"enterText":"1710","selector":{"controlType":"sap.m.Input","viewName":"etm.portal.ui.manageyards.view.New","viewId":"application-manageyards-display-component---NewYard","bindingPath":{"path":"","propertyPath":"/SHIP_POINT","modelName":"NewYardModel"},"interaction":{"idSuffix":"inner"}},"clearTextFirst":true,"interactionType":"ENTER_TEXT"}]}
RESULT: undefined
COMMAND: POST /session/50f16edc6deacc6e46419d57199c3d82/execute/async - {"script":"<script> [776 bytes]","args":[{"enterText":"ZL01","selector":{"controlType":"sap.m.Input","viewName":"etm.portal.ui.manageyards.view.New","viewId":"application-manageyards-display-component---NewYard","bindingPath":{"path":"","propertyPath":"/DELIVERY_TYPE","modelName":"NewYardModel"},"interaction":{"idSuffix":"inner"}},"clearTextFirst":true,"interactionType":"ENTER_TEXT"}]}
RESULT: {"script":"<script> [776 bytes]","args":[{"enterText":"ZL01","selector":{"controlType":"sap.m.Input","viewName":"etm.portal.ui.manageyards.view.New","viewId":"application-manageyards-display-component---NewYard","bindingPath":{"path":"","propertyPath":"/DELIVERY_TYPE","modelName":"NewYardModel"},"interaction":{"idSuffix":"inner"}},"clearTextFirst":true,"interactionType":"ENTER_TEXT"}]}
RESULT: undefined
COMMAND: POST /session/50f16edc6deacc6e46419d57199c3d82/execute/async - {"script":"<script> [776 bytes]","args":[{"enterText":"TA","selector":{"controlType":"sap.m.Input","viewName":"etm.portal.ui.manageyards.view.New","viewId":"application-manageyards-display-component---NewYard","bindingPath":{"path":"","propertyPath":"/AUART","modelName":"NewYardModel"},"interaction":{"idSuffix":"inner"}},"clearTextFirst":true,"interactionType":"ENTER_TEXT"}]}
RESULT: {"script":"<script> [776 bytes]","args":[{"enterText":"TA","selector":{"controlType":"sap.m.Input","viewName":"etm.portal.ui.manageyards.view.New","viewId":"application-manageyards-display-component---NewYard","bindingPath":{"path":"","propertyPath":"/AUART","modelName":"NewYardModel"},"interaction":{"idSuffix":"inner"}},"clearTextFirst":true,"interactionType":"ENTER_TEXT"}]}
COMMAND: POST /session/50f16edc6deacc6e46419d57199c3d82/execute/async - {"script":"<script> [1562 bytes]","args":[{"selector":{"id":"application-manageyards-display-component---NewYard--whmCheckBox","interaction":{"idSuffix":"CbBg"}},"wdio_ui5_key":"applicationmanageyards-display-component---NewYard--whmCheckBox"}]}
RESULT: {"script":"<script> [1562 bytes]","args":[{"selector":{"id":"application-manageyards-display-component---NewYard--whmCheckBox","interaction":{"idSuffix":"CbBg"}},"wdio_ui5_key":"applicationmanageyards-display-component---NewYard--whmCheckBox"}]}
RESULT: undefined
COMMAND: POST /session/50f16edc6deacc6e46419d57199c3d82/element - {"using":"xpath","value":"//*[@id=\"application-manageyards-display-component---NewYard--whmCheckBox\"]"}
RESULT: {"using":"xpath","value":"//*[@id=\"application-manageyards-display-component---NewYard--whmCheckBox\"]"}
COMMAND: POST /session/50f16edc6deacc6e46419d57199c3d82/element/f.54CFF833D3AC6A681D379AA79D22594A.d.6B0D866D5F2D5BEB875D57BEFF0CBC8F.e.11104/click - {}
RESULT: {}
COMMAND: GET /session/50f16edc6deacc6e46419d57199c3d82/screenshot - {}
RESULT: {}
COMMAND: POST /session/50f16edc6deacc6e46419d57199c3d82/element - {"using":"xpath","value":"//button[@data-kt=\"newYardSaveButton\"]"}
RESULT: {"using":"xpath","value":"//button[@data-kt=\"newYardSaveButton\"]"}
COMMAND: POST /session/50f16edc6deacc6e46419d57199c3d82/element/f.54CFF833D3AC6A681D379AA79D22594A.d.6B0D866D5F2D5BEB875D57BEFF0CBC8F.e.11105/click - {}
RESULT: {}
COMMAND: GET /session/50f16edc6deacc6e46419d57199c3d82/screenshot - {}
RESULT: {}
COMMAND: POST /session/50f16edc6deacc6e46419d57199c3d82/element - {"using":"xpath","value":"//header[contains(@id, 'ObjectPageLayout-headerTitle')]/div[1]/div[2]/div[1]/span[1]"}
RESULT: {"using":"xpath","value":"//header[contains(@id, 'ObjectPageLayout-headerTitle')]/div[1]/div[2]/div[1]/span[1]"}
COMMAND: POST /session/50f16edc6deacc6e46419d57199c3d82/elements - {"using":"xpath","value":"//header[contains(@id, 'ObjectPageLayout-headerTitle')]/div[1]/div[2]/div[1]/span[1]"}
RESULT: {"using":"xpath","value":"//header[contains(@id, 'ObjectPageLayout-headerTitle')]/div[1]/div[2]/div[1]/span[1]"}
COMMAND: POST /session/50f16edc6deacc6e46419d57199c3d82/execute/sync - {"script":"<script> [56 bytes]","args":[{"element-6066-11e4-a52e-4f735466cecf":"f.54CFF833D3AC6A681D379AA79D22594A.d.6B0D866D5F2D5BEB875D57BEFF0CBC8F.e.11311","ELEMENT":"f.54CFF833D3AC6A681D379AA79D22594A.d.6B0D866D5F2D5BEB875D57BEFF0CBC8F.e.11311"}]}
RESULT: {"script":"<script> [56 bytes]","args":[{"element-6066-11e4-a52e-4f735466cecf":"f.54CFF833D3AC6A681D379AA79D22594A.d.6B0D866D5F2D5BEB875D57BEFF0CBC8F.e.11311","ELEMENT":"f.54CFF833D3AC6A681D379AA79D22594A.d.6B0D866D5F2D5BEB875D57BEFF0CBC8F.e.11311"}]}
COMMAND: GET /session/50f16edc6deacc6e46419d57199c3d82/screenshot - {}
RESULT: {}
COMMAND: POST /session/50f16edc6deacc6e46419d57199c3d82/element - {"using":"css selector","value":"#shell-header-logo"}
RESULT: {"using":"css selector","value":"#shell-header-logo"}
COMMAND: POST /session/50f16edc6deacc6e46419d57199c3d82/element/f.54CFF833D3AC6A681D379AA79D22594A.d.6B0D866D5F2D5BEB875D57BEFF0CBC8F.e.10345/click - {}
RESULT: {}
COMMAND: GET /session/50f16edc6deacc6e46419d57199c3d82/screenshot - {}
RESULT: {}
COMMAND: POST /session/50f16edc6deacc6e46419d57199c3d82/execute/sync - {"script":"<script> [299 bytes]","args":[["getModel","getResource"]]}
RESULT: {"script":"<script> [299 bytes]","args":[["getModel","getResource"]]}
]]></system-out>
    </testcase>
    <testcase classname="chrome.136_0_7103_93.windows.Create_partner_US118246" name="Should create new external WHM partner" time="103.703">
      <system-out><![CDATA[
COMMAND: GET /session/50f16edc6deacc6e46419d57199c3d82/screenshot - {}
COMMAND: POST /session/50f16edc6deacc6e46419d57199c3d82/window/fullscreen - {}
RESULT: {}
RESULT: {}
RESULT: undefined
COMMAND: POST /session/50f16edc6deacc6e46419d57199c3d82/element - {"using":"xpath","value":"//*[@id=\"__tile38\"]"}
RESULT: {"using":"xpath","value":"//*[@id=\"__tile38\"]"}
COMMAND: POST /session/50f16edc6deacc6e46419d57199c3d82/element/f.54CFF833D3AC6A681D379AA79D22594A.d.6B0D866D5F2D5BEB875D57BEFF0CBC8F.e.8788/click - {}
RESULT: {}
COMMAND: GET /session/50f16edc6deacc6e46419d57199c3d82/screenshot - {}
RESULT: {}
COMMAND: POST /session/50f16edc6deacc6e46419d57199c3d82/elements - {"using":"xpath","value":"//span[text()='Error']"}
RESULT: {"using":"xpath","value":"//span[text()='Error']"}
COMMAND: POST /session/50f16edc6deacc6e46419d57199c3d82/element - {"using":"xpath","value":"//button[@data-kt=\"addButton\"]"}
RESULT: {"using":"xpath","value":"//button[@data-kt=\"addButton\"]"}
COMMAND: POST /session/50f16edc6deacc6e46419d57199c3d82/elements - {"using":"xpath","value":"//button[@data-kt=\"addButton\"]"}
RESULT: {"using":"xpath","value":"//button[@data-kt=\"addButton\"]"}
COMMAND: POST /session/50f16edc6deacc6e46419d57199c3d82/execute/sync - {"script":"<script> [8489 bytes]","args":[{"element-6066-11e4-a52e-4f735466cecf":"f.54CFF833D3AC6A681D379AA79D22594A.d.6B0D866D5F2D5BEB875D57BEFF0CBC8F.e.11359","ELEMENT":"f.54CFF833D3AC6A681D379AA79D22594A.d.6B0D866D5F2D5BEB875D57BEFF0CBC8F.e.11359"}]}
RESULT: {"script":"<script> [8489 bytes]","args":[{"element-6066-11e4-a52e-4f735466cecf":"f.54CFF833D3AC6A681D379AA79D22594A.d.6B0D866D5F2D5BEB875D57BEFF0CBC8F.e.11359","ELEMENT":"f.54CFF833D3AC6A681D379AA79D22594A.d.6B0D866D5F2D5BEB875D57BEFF0CBC8F.e.11359"}]}
COMMAND: GET /session/50f16edc6deacc6e46419d57199c3d82/element/f.54CFF833D3AC6A681D379AA79D22594A.d.6B0D866D5F2D5BEB875D57BEFF0CBC8F.e.11359/enabled - {}
COMMAND: GET /session/50f16edc6deacc6e46419d57199c3d82/screenshot - {}
RESULT: {}
COMMAND: POST /session/50f16edc6deacc6e46419d57199c3d82/execute/sync - {"script":"<script> [8489 bytes]","args":[{"element-6066-11e4-a52e-4f735466cecf":"f.54CFF833D3AC6A681D379AA79D22594A.d.6B0D866D5F2D5BEB875D57BEFF0CBC8F.e.11359","ELEMENT":"f.54CFF833D3AC6A681D379AA79D22594A.d.6B0D866D5F2D5BEB875D57BEFF0CBC8F.e.11359"}]}
COMMAND: GET /session/50f16edc6deacc6e46419d57199c3d82/screenshot - {}
RESULT: {}
RESULT: {"script":"<script> [8489 bytes]","args":[{"element-6066-11e4-a52e-4f735466cecf":"f.54CFF833D3AC6A681D379AA79D22594A.d.6B0D866D5F2D5BEB875D57BEFF0CBC8F.e.11359","ELEMENT":"f.54CFF833D3AC6A681D379AA79D22594A.d.6B0D866D5F2D5BEB875D57BEFF0CBC8F.e.11359"}]}
COMMAND: POST /session/50f16edc6deacc6e46419d57199c3d82/execute/sync - {"script":"<script> [5351 bytes]","args":[{"element-6066-11e4-a52e-4f735466cecf":"f.54CFF833D3AC6A681D379AA79D22594A.d.6B0D866D5F2D5BEB875D57BEFF0CBC8F.e.11359","ELEMENT":"f.54CFF833D3AC6A681D379AA79D22594A.d.6B0D866D5F2D5BEB875D57BEFF0CBC8F.e.11359"}]}
COMMAND: GET /session/50f16edc6deacc6e46419d57199c3d82/screenshot - {}
RESULT: {}
RESULT: {"script":"<script> [5351 bytes]","args":[{"element-6066-11e4-a52e-4f735466cecf":"f.54CFF833D3AC6A681D379AA79D22594A.d.6B0D866D5F2D5BEB875D57BEFF0CBC8F.e.11359","ELEMENT":"f.54CFF833D3AC6A681D379AA79D22594A.d.6B0D866D5F2D5BEB875D57BEFF0CBC8F.e.11359"}]}
COMMAND: POST /session/50f16edc6deacc6e46419d57199c3d82/element/f.54CFF833D3AC6A681D379AA79D22594A.d.6B0D866D5F2D5BEB875D57BEFF0CBC8F.e.11359/click - {}
COMMAND: GET /session/50f16edc6deacc6e46419d57199c3d82/screenshot - {}
RESULT: {}
RESULT: {}
COMMAND: GET /session/50f16edc6deacc6e46419d57199c3d82/screenshot - {}
RESULT: undefined
COMMAND: POST /session/50f16edc6deacc6e46419d57199c3d82/execute/async - {"script":"<script> [776 bytes]","args":[{"enterText":"External Partner WDIO","selector":{"id":"application-managepartners-display-component---NewPartner--addressDetailDetailsName1","interaction":{"idSuffix":"inner"}},"clearTextFirst":true,"interactionType":"ENTER_TEXT"}]}
RESULT: {}
RESULT: {}
RESULT: {"script":"<script> [776 bytes]","args":[{"enterText":"External Partner WDIO","selector":{"id":"application-managepartners-display-component---NewPartner--addressDetailDetailsName1","interaction":{"idSuffix":"inner"}},"clearTextFirst":true,"interactionType":"ENTER_TEXT"}]}
RESULT: undefined
COMMAND: POST /session/50f16edc6deacc6e46419d57199c3d82/element - {"using":"xpath","value":"//*[@id=\"application-managepartners-display-component---NewPartner--addressDetailDetailsLanguage-arrow\"]"}
RESULT: {"using":"xpath","value":"//*[@id=\"application-managepartners-display-component---NewPartner--addressDetailDetailsLanguage-arrow\"]"}
COMMAND: POST /session/50f16edc6deacc6e46419d57199c3d82/element/f.54CFF833D3AC6A681D379AA79D22594A.d.6B0D866D5F2D5BEB875D57BEFF0CBC8F.e.11770/click - {}
RESULT: {}
COMMAND: POST /session/50f16edc6deacc6e46419d57199c3d82/element - {"using":"xpath","value":"//span[contains(text(), \"English\")]"}
COMMAND: GET /session/50f16edc6deacc6e46419d57199c3d82/screenshot - {}
RESULT: {"using":"xpath","value":"//span[contains(text(), \"English\")]"}
COMMAND: POST /session/50f16edc6deacc6e46419d57199c3d82/element/f.54CFF833D3AC6A681D379AA79D22594A.d.6B0D866D5F2D5BEB875D57BEFF0CBC8F.e.11771/click - {}
RESULT: {}
RESULT: {}
COMMAND: GET /session/50f16edc6deacc6e46419d57199c3d82/screenshot - {}
RESULT: {}
RESULT: undefined
COMMAND: POST /session/50f16edc6deacc6e46419d57199c3d82/execute/async - {"script":"<script> [776 bytes]","args":[{"enterText":"Rosario","selector":{"id":"application-managepartners-display-component---NewPartner--addressDetailDetailsCity1","interaction":{"idSuffix":"inner"}},"clearTextFirst":true,"interactionType":"ENTER_TEXT"}]}
RESULT: {"script":"<script> [776 bytes]","args":[{"enterText":"Rosario","selector":{"id":"application-managepartners-display-component---NewPartner--addressDetailDetailsCity1","interaction":{"idSuffix":"inner"}},"clearTextFirst":true,"interactionType":"ENTER_TEXT"}]}
RESULT: undefined
COMMAND: POST /session/50f16edc6deacc6e46419d57199c3d82/element - {"using":"xpath","value":"//*[@id=\"application-managepartners-display-component---NewPartner--addressDetailDetailsCountry-arrow\"]"}
RESULT: {"using":"xpath","value":"//*[@id=\"application-managepartners-display-component---NewPartner--addressDetailDetailsCountry-arrow\"]"}
COMMAND: POST /session/50f16edc6deacc6e46419d57199c3d82/element/f.54CFF833D3AC6A681D379AA79D22594A.d.6B0D866D5F2D5BEB875D57BEFF0CBC8F.e.11722/click - {}
RESULT: {}
COMMAND: POST /session/50f16edc6deacc6e46419d57199c3d82/element - {"using":"xpath","value":"//span[contains(text(), \"Argentina\")]"}
COMMAND: GET /session/50f16edc6deacc6e46419d57199c3d82/screenshot - {}
RESULT: {"using":"xpath","value":"//span[contains(text(), \"Argentina\")]"}
COMMAND: POST /session/50f16edc6deacc6e46419d57199c3d82/element/f.54CFF833D3AC6A681D379AA79D22594A.d.6B0D866D5F2D5BEB875D57BEFF0CBC8F.e.11772/click - {}
RESULT: {}
RESULT: {}
COMMAND: GET /session/50f16edc6deacc6e46419d57199c3d82/screenshot - {}
RESULT: {}
COMMAND: POST /session/50f16edc6deacc6e46419d57199c3d82/element - {"using":"xpath","value":"//bdi[contains(text(), \"Commercial\")]"}
RESULT: {"using":"xpath","value":"//bdi[contains(text(), \"Commercial\")]"}
COMMAND: POST /session/50f16edc6deacc6e46419d57199c3d82/element/f.54CFF833D3AC6A681D379AA79D22594A.d.6B0D866D5F2D5BEB875D57BEFF0CBC8F.e.11773/click - {}
RESULT: {}
COMMAND: GET /session/50f16edc6deacc6e46419d57199c3d82/screenshot - {}
RESULT: {}
RESULT: undefined
COMMAND: POST /session/50f16edc6deacc6e46419d57199c3d82/element - {"using":"xpath","value":"//*[@id=\"application-managepartners-display-component---NewPartner--partnerDetailInternal-arrow\"]"}
RESULT: {"using":"xpath","value":"//*[@id=\"application-managepartners-display-component---NewPartner--partnerDetailInternal-arrow\"]"}
COMMAND: POST /session/50f16edc6deacc6e46419d57199c3d82/element/f.54CFF833D3AC6A681D379AA79D22594A.d.6B0D866D5F2D5BEB875D57BEFF0CBC8F.e.11779/click - {}
RESULT: {}
COMMAND: POST /session/50f16edc6deacc6e46419d57199c3d82/element - {"using":"xpath","value":"//span[contains(text(), \"External partner\")]"}
COMMAND: GET /session/50f16edc6deacc6e46419d57199c3d82/screenshot - {}
RESULT: {"using":"xpath","value":"//span[contains(text(), \"External partner\")]"}
COMMAND: POST /session/50f16edc6deacc6e46419d57199c3d82/element/f.54CFF833D3AC6A681D379AA79D22594A.d.6B0D866D5F2D5BEB875D57BEFF0CBC8F.e.11780/click - {}
RESULT: {}
RESULT: {}
RESULT: undefined
COMMAND: POST /session/50f16edc6deacc6e46419d57199c3d82/element - {"using":"xpath","value":"//*[@id=\"application-managepartners-display-component---NewPartner--partnerDetailsCurrency-arrow\"]"}
COMMAND: GET /session/50f16edc6deacc6e46419d57199c3d82/screenshot - {}
RESULT: {"using":"xpath","value":"//*[@id=\"application-managepartners-display-component---NewPartner--partnerDetailsCurrency-arrow\"]"}
COMMAND: POST /session/50f16edc6deacc6e46419d57199c3d82/element/f.54CFF833D3AC6A681D379AA79D22594A.d.6B0D866D5F2D5BEB875D57BEFF0CBC8F.e.11785/click - {}
RESULT: {}
RESULT: {}
COMMAND: POST /session/50f16edc6deacc6e46419d57199c3d82/element - {"using":"xpath","value":"//span[contains(text(), \"US Dollar\")]"}
COMMAND: GET /session/50f16edc6deacc6e46419d57199c3d82/screenshot - {}
RESULT: {"using":"xpath","value":"//span[contains(text(), \"US Dollar\")]"}
COMMAND: POST /session/50f16edc6deacc6e46419d57199c3d82/element/f.54CFF833D3AC6A681D379AA79D22594A.d.6B0D866D5F2D5BEB875D57BEFF0CBC8F.e.11786/click - {}
RESULT: {}
RESULT: {}
COMMAND: GET /session/50f16edc6deacc6e46419d57199c3d82/screenshot - {}
RESULT: {}
COMMAND: POST /session/50f16edc6deacc6e46419d57199c3d82/element - {"using":"xpath","value":"//input[@id=\"application-managepartners-display-component---NewPartner--companyCodeComboBox-inner\"]"}
RESULT: {"using":"xpath","value":"//input[@id=\"application-managepartners-display-component---NewPartner--companyCodeComboBox-inner\"]"}
COMMAND: POST /session/50f16edc6deacc6e46419d57199c3d82/element/f.54CFF833D3AC6A681D379AA79D22594A.d.6B0D866D5F2D5BEB875D57BEFF0CBC8F.e.11713/clear - {}
RESULT: {}
COMMAND: POST /session/50f16edc6deacc6e46419d57199c3d82/element/f.54CFF833D3AC6A681D379AA79D22594A.d.6B0D866D5F2D5BEB875D57BEFF0CBC8F.e.11713/value - {"text":"C002"}
COMMAND: GET /session/50f16edc6deacc6e46419d57199c3d82/screenshot - {}
RESULT: {"text":"C002"}
COMMAND: GET /session/50f16edc6deacc6e46419d57199c3d82/screenshot - {}
RESULT: {}
RESULT: {}
COMMAND: POST /session/50f16edc6deacc6e46419d57199c3d82/element - {"using":"xpath","value":"//li[.//span[text()= \"C002\"]]"}
RESULT: {"using":"xpath","value":"//li[.//span[text()= \"C002\"]]"}
COMMAND: POST /session/50f16edc6deacc6e46419d57199c3d82/element/f.54CFF833D3AC6A681D379AA79D22594A.d.6B0D866D5F2D5BEB875D57BEFF0CBC8F.e.11790/click - {}
RESULT: {}
COMMAND: GET /session/50f16edc6deacc6e46419d57199c3d82/screenshot - {}
RESULT: {}
RESULT: undefined
COMMAND: POST /session/50f16edc6deacc6e46419d57199c3d82/element - {"using":"xpath","value":"//*[@id=\"application-managepartners-display-component---NewPartner--btnAddTableRow-img\"]"}
RESULT: {"using":"xpath","value":"//*[@id=\"application-managepartners-display-component---NewPartner--btnAddTableRow-img\"]"}
COMMAND: POST /session/50f16edc6deacc6e46419d57199c3d82/element/f.54CFF833D3AC6A681D379AA79D22594A.d.6B0D866D5F2D5BEB875D57BEFF0CBC8F.e.11791/click - {}
RESULT: {}
COMMAND: GET /session/50f16edc6deacc6e46419d57199c3d82/screenshot - {}
RESULT: {}
COMMAND: POST /session/50f16edc6deacc6e46419d57199c3d82/element - {"using":"xpath","value":"//input[@id=\"application-managepartners-display-component---NewPartner--assignmentYard-application-managepartners-display-component---NewPartner--assignmentsTable-0-inner\"]"}
RESULT: {"using":"xpath","value":"//input[@id=\"application-managepartners-display-component---NewPartner--assignmentYard-application-managepartners-display-component---NewPartner--assignmentsTable-0-inner\"]"}
COMMAND: POST /session/50f16edc6deacc6e46419d57199c3d82/element/f.54CFF833D3AC6A681D379AA79D22594A.d.6B0D866D5F2D5BEB875D57BEFF0CBC8F.e.11794/clear - {}
RESULT: {}
COMMAND: POST /session/50f16edc6deacc6e46419d57199c3d82/element/f.54CFF833D3AC6A681D379AA79D22594A.d.6B0D866D5F2D5BEB875D57BEFF0CBC8F.e.11794/value - {"text":"486"}
COMMAND: GET /session/50f16edc6deacc6e46419d57199c3d82/screenshot - {}
RESULT: {"text":"486"}
COMMAND: GET /session/50f16edc6deacc6e46419d57199c3d82/screenshot - {}
RESULT: {}
RESULT: {}
COMMAND: POST /session/50f16edc6deacc6e46419d57199c3d82/element - {"using":"xpath","value":"//li[.//span[text()='486']]"}
RESULT: {"using":"xpath","value":"//li[.//span[text()='486']]"}
COMMAND: POST /session/50f16edc6deacc6e46419d57199c3d82/element/f.54CFF833D3AC6A681D379AA79D22594A.d.6B0D866D5F2D5BEB875D57BEFF0CBC8F.e.11802/click - {}
RESULT: {}
COMMAND: GET /session/50f16edc6deacc6e46419d57199c3d82/screenshot - {}
RESULT: {}
COMMAND: POST /session/50f16edc6deacc6e46419d57199c3d82/actions - {"actions":[{"id":"action28","type":"key","parameters":{},"actions":[{"type":"keyDown","value":"î€‡"},{"type":"pause","duration":10},{"type":"keyUp","value":"î€‡"}]}]}
RESULT: {"actions":[{"id":"action28","type":"key","parameters":{},"actions":[{"type":"keyDown","value":"î€‡"},{"type":"pause","duration":10},{"type":"keyUp","value":"î€‡"}]}]}
COMMAND: POST /session/50f16edc6deacc6e46419d57199c3d82/element - {"using":"xpath","value":"//td[contains(@id, \"assignmentsTable-0-cell2\")]/div/div"}
COMMAND: GET /session/50f16edc6deacc6e46419d57199c3d82/screenshot - {}
RESULT: {"using":"xpath","value":"//td[contains(@id, \"assignmentsTable-0-cell2\")]/div/div"}
COMMAND: POST /session/50f16edc6deacc6e46419d57199c3d82/element/f.54CFF833D3AC6A681D379AA79D22594A.d.6B0D866D5F2D5BEB875D57BEFF0CBC8F.e.11805/click - {}
RESULT: {}
RESULT: {}
COMMAND: GET /session/50f16edc6deacc6e46419d57199c3d82/screenshot - {}
RESULT: {}
COMMAND: POST /session/50f16edc6deacc6e46419d57199c3d82/element - {"using":"xpath","value":"//button[@data-kt=\"saveButton\"]"}
RESULT: {"using":"xpath","value":"//button[@data-kt=\"saveButton\"]"}
COMMAND: POST /session/50f16edc6deacc6e46419d57199c3d82/element/f.54CFF833D3AC6A681D379AA79D22594A.d.6B0D866D5F2D5BEB875D57BEFF0CBC8F.e.11718/click - {}
RESULT: {}
COMMAND: GET /session/50f16edc6deacc6e46419d57199c3d82/screenshot - {}
RESULT: {}
COMMAND: POST /session/50f16edc6deacc6e46419d57199c3d82/element - {"using":"xpath","value":"//header[contains(@id, 'ObjectPageLayout-headerTitle')]/div[1]/div[2]/div[2]/span[1]"}
RESULT: {"using":"xpath","value":"//header[contains(@id, 'ObjectPageLayout-headerTitle')]/div[1]/div[2]/div[2]/span[1]"}
COMMAND: POST /session/50f16edc6deacc6e46419d57199c3d82/elements - {"using":"xpath","value":"//header[contains(@id, 'ObjectPageLayout-headerTitle')]/div[1]/div[2]/div[2]/span[1]"}
RESULT: {"using":"xpath","value":"//header[contains(@id, 'ObjectPageLayout-headerTitle')]/div[1]/div[2]/div[2]/span[1]"}
COMMAND: POST /session/50f16edc6deacc6e46419d57199c3d82/execute/sync - {"script":"<script> [56 bytes]","args":[{"element-6066-11e4-a52e-4f735466cecf":"f.54CFF833D3AC6A681D379AA79D22594A.d.6B0D866D5F2D5BEB875D57BEFF0CBC8F.e.11968","ELEMENT":"f.54CFF833D3AC6A681D379AA79D22594A.d.6B0D866D5F2D5BEB875D57BEFF0CBC8F.e.11968"}]}
RESULT: {"script":"<script> [56 bytes]","args":[{"element-6066-11e4-a52e-4f735466cecf":"f.54CFF833D3AC6A681D379AA79D22594A.d.6B0D866D5F2D5BEB875D57BEFF0CBC8F.e.11968","ELEMENT":"f.54CFF833D3AC6A681D379AA79D22594A.d.6B0D866D5F2D5BEB875D57BEFF0CBC8F.e.11968"}]}
COMMAND: POST /session/50f16edc6deacc6e46419d57199c3d82/element - {"using":"css selector","value":"#shell-header-logo"}
COMMAND: GET /session/50f16edc6deacc6e46419d57199c3d82/screenshot - {}
RESULT: {"using":"css selector","value":"#shell-header-logo"}
COMMAND: POST /session/50f16edc6deacc6e46419d57199c3d82/element/f.54CFF833D3AC6A681D379AA79D22594A.d.6B0D866D5F2D5BEB875D57BEFF0CBC8F.e.11314/click - {}
RESULT: {}
RESULT: {}
COMMAND: GET /session/50f16edc6deacc6e46419d57199c3d82/screenshot - {}
RESULT: {}
COMMAND: POST /session/50f16edc6deacc6e46419d57199c3d82/execute/sync - {"script":"<script> [299 bytes]","args":[["getModel","getResource"]]}
RESULT: {"script":"<script> [299 bytes]","args":[["getModel","getResource"]]}
COMMAND: GET /session/50f16edc6deacc6e46419d57199c3d82/screenshot - {}
RESULT: {}
COMMAND: DELETE /session/50f16edc6deacc6e46419d57199c3d82 - {}
RESULT: {}
]]></system-out>
    </testcase>
  </testsuite>
</testsuites>