<?xml version="1.0" encoding="UTF-8"?>
<testsuites tests="7" failures="3" errors="3" skipped="0">
  <testsuite timestamp="2025-05-18T15:24:00" time="710.621" tests="7" failures="3" errors="3" skipped="0">
    <properties>
      <property name="specId" value="0" />
      <property name="suiteName" value="Related resources for groups US139107" />
      <property name="capabilities" value="chrome.136_0_7103_93.windows" />
      <property name="file" value="file:///D:/a/1/s/test/specs/R2C/related-resources-area-rpg.spec.js" />
    </properties>
    <testcase classname="chrome.136_0_7103_93.windows.Related_resources_for_groups_US139107" name="Should create a new yard" time="152.392">
      <system-out><![CDATA[
COMMAND: POST /session/303b620337c9fc649091c0886b4f3ed5/execute/async - {"script":"<script> [1562 bytes]","args":[{"selector":{"controlType":"sap.m.GenericTile","properties":{"header":"Manage Yards"}},"wdio_ui5_key":"sapm.GenericTile{\"header\":\"Manage Yards\"}"}]}
RESULT: {"script":"<script> [1562 bytes]","args":[{"selector":{"controlType":"sap.m.GenericTile","properties":{"header":"Manage Yards"}},"wdio_ui5_key":"sapm.GenericTile{\"header\":\"Manage Yards\"}"}]}
RESULT: undefined
COMMAND: POST /session/303b620337c9fc649091c0886b4f3ed5/element - {"using":"xpath","value":"//*[@id=\"__tile41\"]"}
RESULT: {"using":"xpath","value":"//*[@id=\"__tile41\"]"}
COMMAND: POST /session/303b620337c9fc649091c0886b4f3ed5/element/f.62C650E5BE8E3EAD9A8425B5CEFE7832.d.91F27DC23DD624544E26F1FF510851A5.e.115/click - {}
RESULT: {}
COMMAND: GET /session/303b620337c9fc649091c0886b4f3ed5/screenshot - {}
RESULT: {}
COMMAND: POST /session/303b620337c9fc649091c0886b4f3ed5/elements - {"using":"xpath","value":"//span[text()='Error']"}
RESULT: {"using":"xpath","value":"//span[text()='Error']"}
COMMAND: POST /session/303b620337c9fc649091c0886b4f3ed5/execute/async - {"script":"<script> [1562 bytes]","args":[{"selector":{"controlType":"sap.ui.core.Icon","viewName":"etm.portal.ui.manageyards.view.Master","viewId":"application-manageyards-display-component---masterYard","properties":{"src":{"regex":{"source":"add"}}}},"wdio_ui5_key":"etmportal.ui.manageyards.view.Mastersap.ui.core.Icon{\"src\":{\"regex\":{\"source\":\"add\"}}}"}]}
RESULT: {"script":"<script> [1562 bytes]","args":[{"selector":{"controlType":"sap.ui.core.Icon","viewName":"etm.portal.ui.manageyards.view.Master","viewId":"application-manageyards-display-component---masterYard","properties":{"src":{"regex":{"source":"add"}}}},"wdio_ui5_key":"etmportal.ui.manageyards.view.Mastersap.ui.core.Icon{\"src\":{\"regex\":{\"source\":\"add\"}}}"}]}
RESULT: undefined
COMMAND: POST /session/303b620337c9fc649091c0886b4f3ed5/element - {"using":"xpath","value":"//*[@id=\"__button4-img\"]"}
RESULT: {"using":"xpath","value":"//*[@id=\"__button4-img\"]"}
COMMAND: POST /session/303b620337c9fc649091c0886b4f3ed5/element/f.62C650E5BE8E3EAD9A8425B5CEFE7832.d.91F27DC23DD624544E26F1FF510851A5.e.261/click - {}
RESULT: {}
COMMAND: GET /session/303b620337c9fc649091c0886b4f3ed5/screenshot - {}
RESULT: {}
COMMAND: POST /session/303b620337c9fc649091c0886b4f3ed5/execute/async - {"script":"<script> [1562 bytes]","args":[{"selector":{"id":"application-manageyards-display-component---NewYard--yardId","interaction":{"idSuffix":"inner"}},"wdio_ui5_key":"applicationmanageyards-display-component---NewYard--yardId"}]}
RESULT: {"script":"<script> [1562 bytes]","args":[{"selector":{"id":"application-manageyards-display-component---NewYard--yardId","interaction":{"idSuffix":"inner"}},"wdio_ui5_key":"applicationmanageyards-display-component---NewYard--yardId"}]}
RESULT: undefined
COMMAND: POST /session/303b620337c9fc649091c0886b4f3ed5/element - {"using":"xpath","value":"//*[@id=\"application-manageyards-display-component---NewYard--addressDetailDetailsName1-inner\"]"}
RESULT: {"using":"xpath","value":"//*[@id=\"application-manageyards-display-component---NewYard--addressDetailDetailsName1-inner\"]"}
COMMAND: POST /session/303b620337c9fc649091c0886b4f3ed5/element/f.62C650E5BE8E3EAD9A8425B5CEFE7832.d.91F27DC23DD624544E26F1FF510851A5.e.393/clear - {}
RESULT: {}
COMMAND: POST /session/303b620337c9fc649091c0886b4f3ed5/element/f.62C650E5BE8E3EAD9A8425B5CEFE7832.d.91F27DC23DD624544E26F1FF510851A5.e.393/value - {"text":"WebdriverYardtsh84"}
COMMAND: GET /session/303b620337c9fc649091c0886b4f3ed5/screenshot - {}
RESULT: {"text":"WebdriverYardtsh84"}
COMMAND: POST /session/303b620337c9fc649091c0886b4f3ed5/element - {"using":"xpath","value":"//*[@id=\"application-manageyards-display-component---NewYard--addressDetailDetailsLanguage-inner\"]"}
COMMAND: GET /session/303b620337c9fc649091c0886b4f3ed5/screenshot - {}
RESULT: {}
RESULT: {"using":"xpath","value":"//*[@id=\"application-manageyards-display-component---NewYard--addressDetailDetailsLanguage-inner\"]"}
COMMAND: POST /session/303b620337c9fc649091c0886b4f3ed5/element/f.62C650E5BE8E3EAD9A8425B5CEFE7832.d.91F27DC23DD624544E26F1FF510851A5.e.394/clear - {}
RESULT: {}
RESULT: {}
COMMAND: POST /session/303b620337c9fc649091c0886b4f3ed5/element/f.62C650E5BE8E3EAD9A8425B5CEFE7832.d.91F27DC23DD624544E26F1FF510851A5.e.394/value - {"text":"Romanian"}
COMMAND: GET /session/303b620337c9fc649091c0886b4f3ed5/screenshot - {}
RESULT: {"text":"Romanian"}
COMMAND: POST /session/303b620337c9fc649091c0886b4f3ed5/element - {"using":"xpath","value":"//input[contains(@id ,\"application-manageyards-display-component---NewYard--addressDetailDetailsName1-inner\")]"}
COMMAND: GET /session/303b620337c9fc649091c0886b4f3ed5/screenshot - {}
RESULT: {}
RESULT: {"using":"xpath","value":"//input[contains(@id ,\"application-manageyards-display-component---NewYard--addressDetailDetailsName1-inner\")]"}
COMMAND: GET /session/303b620337c9fc649091c0886b4f3ed5/element/f.62C650E5BE8E3EAD9A8425B5CEFE7832.d.91F27DC23DD624544E26F1FF510851A5.e.393/property/value - {}
RESULT: {}
RESULT: {}
COMMAND: GET /session/303b620337c9fc649091c0886b4f3ed5/screenshot - {}
RESULT: {}
COMMAND: POST /session/303b620337c9fc649091c0886b4f3ed5/element - {"using":"xpath","value":"//*[@id=\"application-manageyards-display-component---NewYard--addressDetailDetailsCity1-inner\"]"}
RESULT: {"using":"xpath","value":"//*[@id=\"application-manageyards-display-component---NewYard--addressDetailDetailsCity1-inner\"]"}
COMMAND: POST /session/303b620337c9fc649091c0886b4f3ed5/element/f.62C650E5BE8E3EAD9A8425B5CEFE7832.d.91F27DC23DD624544E26F1FF510851A5.e.396/clear - {}
RESULT: {}
COMMAND: POST /session/303b620337c9fc649091c0886b4f3ed5/element/f.62C650E5BE8E3EAD9A8425B5CEFE7832.d.91F27DC23DD624544E26F1FF510851A5.e.396/value - {"text":"Bucuresti"}
COMMAND: GET /session/303b620337c9fc649091c0886b4f3ed5/screenshot - {}
RESULT: {"text":"Bucuresti"}
COMMAND: GET /session/303b620337c9fc649091c0886b4f3ed5/screenshot - {}
RESULT: {}
RESULT: {}
COMMAND: POST /session/303b620337c9fc649091c0886b4f3ed5/element - {"using":"xpath","value":"//*[@id=\"application-manageyards-display-component---NewYard--addressDetailDetailsCountry-inner\"]"}
RESULT: {"using":"xpath","value":"//*[@id=\"application-manageyards-display-component---NewYard--addressDetailDetailsCountry-inner\"]"}
COMMAND: POST /session/303b620337c9fc649091c0886b4f3ed5/element/f.62C650E5BE8E3EAD9A8425B5CEFE7832.d.91F27DC23DD624544E26F1FF510851A5.e.400/clear - {}
RESULT: {}
COMMAND: POST /session/303b620337c9fc649091c0886b4f3ed5/element/f.62C650E5BE8E3EAD9A8425B5CEFE7832.d.91F27DC23DD624544E26F1FF510851A5.e.400/value - {"text":"Romania"}
COMMAND: GET /session/303b620337c9fc649091c0886b4f3ed5/screenshot - {}
RESULT: {"text":"Romania"}
COMMAND: GET /session/303b620337c9fc649091c0886b4f3ed5/screenshot - {}
RESULT: {}
RESULT: {}
COMMAND: POST /session/303b620337c9fc649091c0886b4f3ed5/element - {"using":"xpath","value":"//div[contains(text(), \"Commercial\")]"}
RESULT: {"using":"xpath","value":"//div[contains(text(), \"Commercial\")]"}
COMMAND: GET /session/303b620337c9fc649091c0886b4f3ed5/element/f.62C650E5BE8E3EAD9A8425B5CEFE7832.d.91F27DC23DD624544E26F1FF510851A5.e.568/rect - {}
RESULT: {}
COMMAND: GET /session/303b620337c9fc649091c0886b4f3ed5/window/rect - {}
RESULT: {}
COMMAND: POST /session/303b620337c9fc649091c0886b4f3ed5/execute/sync - {"script":"<script> [92 bytes]","args":[]}
RESULT: {"script":"<script> [92 bytes]","args":[]}
COMMAND: POST /session/303b620337c9fc649091c0886b4f3ed5/actions - {"actions":[{"id":"action1","type":"wheel","parameters":{},"actions":[{"type":"scroll","x":-1841,"y":-44,"deltaX":0,"deltaY":0,"duration":0,"origin":{"element-6066-11e4-a52e-4f735466cecf":"f.62C650E5BE8E3EAD9A8425B5CEFE7832.d.91F27DC23DD624544E26F1FF510851A5.e.568"}}]}]}
COMMAND: GET /session/303b620337c9fc649091c0886b4f3ed5/screenshot - {}
RESULT: {}
COMMAND: POST /session/303b620337c9fc649091c0886b4f3ed5/execute/sync - {"script":"<script> [79 bytes]","args":[{"element-6066-11e4-a52e-4f735466cecf":"f.62C650E5BE8E3EAD9A8425B5CEFE7832.d.91F27DC23DD624544E26F1FF510851A5.e.568","ELEMENT":"f.62C650E5BE8E3EAD9A8425B5CEFE7832.d.91F27DC23DD624544E26F1FF510851A5.e.568"},{"block":"start","inline":"nearest"}]}
RESULT: {"script":"<script> [79 bytes]","args":[{"element-6066-11e4-a52e-4f735466cecf":"f.62C650E5BE8E3EAD9A8425B5CEFE7832.d.91F27DC23DD624544E26F1FF510851A5.e.568","ELEMENT":"f.62C650E5BE8E3EAD9A8425B5CEFE7832.d.91F27DC23DD624544E26F1FF510851A5.e.568"},{"block":"start","inline":"nearest"}]}
COMMAND: GET /session/303b620337c9fc649091c0886b4f3ed5/screenshot - {}
RESULT: {}
COMMAND: POST /session/303b620337c9fc649091c0886b4f3ed5/execute/async - {"script":"<script> [1562 bytes]","args":[{"selector":{"id":"application-manageyards-display-component---NewYard--addressEditDetailsCostObjectCstType-arrow"},"wdio_ui5_key":"applicationmanageyards-display-component---NewYard--addressEditDetailsCostObjectCstType-arrow"}]}
RESULT: {"script":"<script> [1562 bytes]","args":[{"selector":{"id":"application-manageyards-display-component---NewYard--addressEditDetailsCostObjectCstType-arrow"},"wdio_ui5_key":"applicationmanageyards-display-component---NewYard--addressEditDetailsCostObjectCstType-arrow"}]}
RESULT: undefined
COMMAND: POST /session/303b620337c9fc649091c0886b4f3ed5/element - {"using":"xpath","value":"//*[@id=\"application-manageyards-display-component---NewYard--addressEditDetailsCostObjectCstType-arrow\"]"}
RESULT: {"using":"xpath","value":"//*[@id=\"application-manageyards-display-component---NewYard--addressEditDetailsCostObjectCstType-arrow\"]"}
COMMAND: POST /session/303b620337c9fc649091c0886b4f3ed5/element/f.62C650E5BE8E3EAD9A8425B5CEFE7832.d.91F27DC23DD624544E26F1FF510851A5.e.576/click - {}
RESULT: {}
COMMAND: POST /session/303b620337c9fc649091c0886b4f3ed5/element - {"using":"xpath","value":"//span[contains(text(), \"Cost Center\")]"}
COMMAND: GET /session/303b620337c9fc649091c0886b4f3ed5/screenshot - {}
RESULT: {"using":"xpath","value":"//span[contains(text(), \"Cost Center\")]"}
COMMAND: POST /session/303b620337c9fc649091c0886b4f3ed5/element/f.62C650E5BE8E3EAD9A8425B5CEFE7832.d.91F27DC23DD624544E26F1FF510851A5.e.577/click - {}
RESULT: {}
RESULT: {}
COMMAND: GET /session/303b620337c9fc649091c0886b4f3ed5/screenshot - {}
RESULT: {}
COMMAND: POST /session/303b620337c9fc649091c0886b4f3ed5/execute/async - {"script":"<script> [1562 bytes]","args":[{"selector":{"id":"application-manageyards-display-component---NewYard--addressNewCostObjectCstID-vhi"},"wdio_ui5_key":"applicationmanageyards-display-component---NewYard--addressNewCostObjectCstID-vhi"}]}
RESULT: {"script":"<script> [1562 bytes]","args":[{"selector":{"id":"application-manageyards-display-component---NewYard--addressNewCostObjectCstID-vhi"},"wdio_ui5_key":"applicationmanageyards-display-component---NewYard--addressNewCostObjectCstID-vhi"}]}
RESULT: undefined
COMMAND: POST /session/303b620337c9fc649091c0886b4f3ed5/element - {"using":"xpath","value":"//*[@id=\"application-manageyards-display-component---NewYard--addressNewCostObjectCstID-vhi\"]"}
RESULT: {"using":"xpath","value":"//*[@id=\"application-manageyards-display-component---NewYard--addressNewCostObjectCstID-vhi\"]"}
COMMAND: POST /session/303b620337c9fc649091c0886b4f3ed5/element/f.62C650E5BE8E3EAD9A8425B5CEFE7832.d.91F27DC23DD624544E26F1FF510851A5.e.581/click - {}
RESULT: {}
COMMAND: GET /session/303b620337c9fc649091c0886b4f3ed5/screenshot - {}
RESULT: {}
COMMAND: POST /session/303b620337c9fc649091c0886b4f3ed5/execute/async - {"script":"<script> [1562 bytes]","args":[{"selector":{"controlType":"sap.m.SearchField","properties":{"placeholder":"Search"},"searchOpenDialogs":true,"interaction":{"idSuffix":"I"}},"wdio_ui5_key":"sapm.SearchField{\"placeholder\":\"Search\"}"}]}
RESULT: {"script":"<script> [1562 bytes]","args":[{"selector":{"controlType":"sap.m.SearchField","properties":{"placeholder":"Search"},"searchOpenDialogs":true,"interaction":{"idSuffix":"I"}},"wdio_ui5_key":"sapm.SearchField{\"placeholder\":\"Search\"}"}]}
RESULT: undefined
COMMAND: POST /session/303b620337c9fc649091c0886b4f3ed5/execute/async - {"script":"<script> [776 bytes]","args":[{"enterText":"10001013","selector":{"controlType":"sap.m.SearchField","properties":{"placeholder":"Search"},"searchOpenDialogs":true,"interaction":{"idSuffix":"I"}},"clearTextFirst":true,"interactionType":"ENTER_TEXT"}]}
RESULT: {"script":"<script> [776 bytes]","args":[{"enterText":"10001013","selector":{"controlType":"sap.m.SearchField","properties":{"placeholder":"Search"},"searchOpenDialogs":true,"interaction":{"idSuffix":"I"}},"clearTextFirst":true,"interactionType":"ENTER_TEXT"}]}
COMMAND: POST /session/303b620337c9fc649091c0886b4f3ed5/actions - {"actions":[{"id":"action2","type":"key","parameters":{},"actions":[{"type":"keyDown","value":"î€‡"},{"type":"pause","duration":10},{"type":"keyUp","value":"î€‡"}]}]}
RESULT: {"actions":[{"id":"action2","type":"key","parameters":{},"actions":[{"type":"keyDown","value":"î€‡"},{"type":"pause","duration":10},{"type":"keyUp","value":"î€‡"}]}]}
COMMAND: GET /session/303b620337c9fc649091c0886b4f3ed5/screenshot - {}
RESULT: {}
COMMAND: POST /session/303b620337c9fc649091c0886b4f3ed5/element - {"using":"xpath","value":"//span[contains(text(), \"General Management\")]"}
RESULT: {"using":"xpath","value":"//span[contains(text(), \"General Management\")]"}
COMMAND: POST /session/303b620337c9fc649091c0886b4f3ed5/element/f.62C650E5BE8E3EAD9A8425B5CEFE7832.d.91F27DC23DD624544E26F1FF510851A5.e.623/click - {}
RESULT: {}
COMMAND: GET /session/303b620337c9fc649091c0886b4f3ed5/screenshot - {}
RESULT: {}
COMMAND: POST /session/303b620337c9fc649091c0886b4f3ed5/element - {"using":"xpath","value":"//bdi[contains(text(), \"OK\")]"}
RESULT: {"using":"xpath","value":"//bdi[contains(text(), \"OK\")]"}
COMMAND: POST /session/303b620337c9fc649091c0886b4f3ed5/element/f.62C650E5BE8E3EAD9A8425B5CEFE7832.d.91F27DC23DD624544E26F1FF510851A5.e.624/click - {}
RESULT: {}
COMMAND: GET /session/303b620337c9fc649091c0886b4f3ed5/screenshot - {}
RESULT: {}
COMMAND: POST /session/303b620337c9fc649091c0886b4f3ed5/execute/async - {"script":"<script> [1562 bytes]","args":[{"selector":{"controlType":"sap.m.Button","viewName":"etm.portal.ui.manageyards.view.New","viewId":"application-manageyards-display-component---NewYard","i18NText":{"propertyName":"text","key":"save"},"interaction":{"idSuffix":"inner"}},"wdio_ui5_key":"etmportal.ui.manageyards.view.Newsap.m.Button{\"propertyName\":\"text\",\"key\":\"save\"}"}]}
RESULT: {"script":"<script> [1562 bytes]","args":[{"selector":{"controlType":"sap.m.Button","viewName":"etm.portal.ui.manageyards.view.New","viewId":"application-manageyards-display-component---NewYard","i18NText":{"propertyName":"text","key":"save"},"interaction":{"idSuffix":"inner"}},"wdio_ui5_key":"etmportal.ui.manageyards.view.Newsap.m.Button{\"propertyName\":\"text\",\"key\":\"save\"}"}]}
RESULT: undefined
COMMAND: POST /session/303b620337c9fc649091c0886b4f3ed5/element - {"using":"xpath","value":"//*[@id=\"__button18\"]"}
RESULT: {"using":"xpath","value":"//*[@id=\"__button18\"]"}
COMMAND: POST /session/303b620337c9fc649091c0886b4f3ed5/element/f.62C650E5BE8E3EAD9A8425B5CEFE7832.d.91F27DC23DD624544E26F1FF510851A5.e.527/click - {}
RESULT: {}
COMMAND: GET /session/303b620337c9fc649091c0886b4f3ed5/screenshot - {}
RESULT: {}
COMMAND: POST /session/303b620337c9fc649091c0886b4f3ed5/element - {"using":"xpath","value":"//header/div/div[2]/div[2]/span"}
RESULT: {"using":"xpath","value":"//header/div/div[2]/div[2]/span"}
COMMAND: GET /session/303b620337c9fc649091c0886b4f3ed5/element/f.62C650E5BE8E3EAD9A8425B5CEFE7832.d.91F27DC23DD624544E26F1FF510851A5.e.822/text - {}
RESULT: {}
COMMAND: POST /session/303b620337c9fc649091c0886b4f3ed5/execute/async - {"script":"<script> [1562 bytes]","args":[{"selector":{"controlType":"sap.m.OverflowToolbarButton","viewName":"etm.portal.ui.manageyards.view.Detail","viewId":"application-manageyards-display-component---detailYard","i18NText":{"propertyName":"tooltip","key":"closeColumn"},"interaction":{"idSuffix":"inner"}},"wdio_ui5_key":"etmportal.ui.manageyards.view.Detailsap.m.OverflowToolbarButton{\"propertyName\":\"tooltip\",\"key\":\"closeColumn\"}"}]}
RESULT: {"script":"<script> [1562 bytes]","args":[{"selector":{"controlType":"sap.m.OverflowToolbarButton","viewName":"etm.portal.ui.manageyards.view.Detail","viewId":"application-manageyards-display-component---detailYard","i18NText":{"propertyName":"tooltip","key":"closeColumn"},"interaction":{"idSuffix":"inner"}},"wdio_ui5_key":"etmportal.ui.manageyards.view.Detailsap.m.OverflowToolbarButton{\"propertyName\":\"tooltip\",\"key\":\"closeColumn\"}"}]}
RESULT: undefined
COMMAND: POST /session/303b620337c9fc649091c0886b4f3ed5/element - {"using":"xpath","value":"//*[@id=\"__button40\"]"}
RESULT: {"using":"xpath","value":"//*[@id=\"__button40\"]"}
COMMAND: POST /session/303b620337c9fc649091c0886b4f3ed5/element/f.62C650E5BE8E3EAD9A8425B5CEFE7832.d.91F27DC23DD624544E26F1FF510851A5.e.824/click - {}
RESULT: {}
COMMAND: GET /session/303b620337c9fc649091c0886b4f3ed5/screenshot - {}
RESULT: {}
COMMAND: POST /session/303b620337c9fc649091c0886b4f3ed5/element - {"using":"css selector","value":"#shell-header-logo"}
RESULT: {"using":"css selector","value":"#shell-header-logo"}
COMMAND: POST /session/303b620337c9fc649091c0886b4f3ed5/element/f.62C650E5BE8E3EAD9A8425B5CEFE7832.d.91F27DC23DD624544E26F1FF510851A5.e.117/click - {}
RESULT: {}
COMMAND: GET /session/303b620337c9fc649091c0886b4f3ed5/screenshot - {}
RESULT: {}
COMMAND: POST /session/303b620337c9fc649091c0886b4f3ed5/refresh - {}
RESULT: {}
COMMAND: GET /session/303b620337c9fc649091c0886b4f3ed5/screenshot - {}
RESULT: {}
COMMAND: POST /session/303b620337c9fc649091c0886b4f3ed5/execute/async - {"script":"<script> [189 bytes]","args":[]}
RESULT: {"script":"<script> [189 bytes]","args":[]}
COMMAND: POST /session/303b620337c9fc649091c0886b4f3ed5/execute/async - {"script":"<script> [123 bytes]","args":[]}
RESULT: {"script":"<script> [123 bytes]","args":[]}
COMMAND: POST /session/303b620337c9fc649091c0886b4f3ed5/timeouts - {"script":"<number>"}
RESULT: {"script":"<number>"}
COMMAND: GET /session/303b620337c9fc649091c0886b4f3ed5/timeouts - {}
RESULT: {}
RESULT: undefined
COMMAND: POST /session/303b620337c9fc649091c0886b4f3ed5/execute/async - {"script":"<script> [2676 bytes]","args":[]}
RESULT: {"script":"<script> [2676 bytes]","args":[]}
COMMAND: POST /session/303b620337c9fc649091c0886b4f3ed5/execute/async - {"script":"<script> [2342 bytes]","args":[{"protocol":"http","hostname":"0.0.0.0","path":"/","capabilities":{"browserName":"chrome","goog:chromeOptions":{"binary":"C:\\Program Files\\Google\\Chrome\\Application\\chrome.exe","args":["--start-maximized"]}},"logLevel":"warn","connectionRetryTimeout":120000,"connectionRetryCount":3,"logLevels":{},"enableDirectConnect":true,"strictSSL":true,"_":"65 more keys: [\"cacheDir\",\"port\",\"requestedCapabilities\",\"automationProtocol\",\"baseUrl\",\"waitforInterval\",\"waitforTimeout\",\"onReload\",\"beforeCommand\",\"afterCommand\",\"rootDir\",\"specs\",\"suites\",\"exclude\",\"groupLogsByTestSpec\",\"excludeDriverLogs\",\"bail\",\"framework\",\"reporters\",\"services\",\"maxInstances\",\"maxInstancesPerCapability\",\"injectGlobals\",\"filesToWatch\",\"execArgv\",\"runnerEnv\",\"runner\",\"shard\",\"specFileRetries\",\"specFileRetriesDelay\",\"specFileRetriesDeferred\",\"reporterSyncInterval\",\"reporterSyncTimeout\",\"cucumberFeaturesWithLineNumbers\",\"autoCompileOpts\",\"mochaOpts\",\"jasmineOpts\",\"cucumberOpts\",\"onPrepare\",\"onWorkerStart\",\"onWorkerEnd\",\"before\",\"beforeSession\",\"beforeSuite\",\"beforeHook\",\"beforeTest\",\"afterTest\",\"afterHook\",\"afterSuite\",\"afterSession\",\"after\",\"onComplete\",\"beforeAssertion\",\"afterAssertion\",\"beforeFeature\",\"beforeScenario\",\"beforeStep\",\"afterStep\",\"afterScenario\",\"afterFeature\",\"_\",\"suite\",\"$0\",\"ignoredWorkerServices\",\"wdi5\"]"}]}
RESULT: {"script":"<script> [2342 bytes]","args":[{"protocol":"http","hostname":"0.0.0.0","path":"/","capabilities":{"browserName":"chrome","goog:chromeOptions":{"binary":"C:\\Program Files\\Google\\Chrome\\Application\\chrome.exe","args":["--start-maximized"]}},"logLevel":"warn","connectionRetryTimeout":120000,"connectionRetryCount":3,"logLevels":{},"enableDirectConnect":true,"strictSSL":true,"_":"65 more keys: [\"cacheDir\",\"port\",\"requestedCapabilities\",\"automationProtocol\",\"baseUrl\",\"waitforInterval\",\"waitforTimeout\",\"onReload\",\"beforeCommand\",\"afterCommand\",\"rootDir\",\"specs\",\"suites\",\"exclude\",\"groupLogsByTestSpec\",\"excludeDriverLogs\",\"bail\",\"framework\",\"reporters\",\"services\",\"maxInstances\",\"maxInstancesPerCapability\",\"injectGlobals\",\"filesToWatch\",\"execArgv\",\"runnerEnv\",\"runner\",\"shard\",\"specFileRetries\",\"specFileRetriesDelay\",\"specFileRetriesDeferred\",\"reporterSyncInterval\",\"reporterSyncTimeout\",\"cucumberFeaturesWithLineNumbers\",\"autoCompileOpts\",\"mochaOpts\",\"jasmineOpts\",\"cucumberOpts\",\"onPrepare\",\"onWorkerStart\",\"onWorkerEnd\",\"before\",\"beforeSession\",\"beforeSuite\",\"beforeHook\",\"beforeTest\",\"afterTest\",\"afterHook\",\"afterSuite\",\"afterSession\",\"after\",\"onComplete\",\"beforeAssertion\",\"afterAssertion\",\"beforeFeature\",\"beforeScenario\",\"beforeStep\",\"afterStep\",\"afterScenario\",\"afterFeature\",\"_\",\"suite\",\"$0\",\"ignoredWorkerServices\",\"wdi5\"]"}]}
COMMAND: POST /session/303b620337c9fc649091c0886b4f3ed5/execute/async - {"script":"<script> [21126 bytes]","args":[35000]}
RESULT: {"script":"<script> [21126 bytes]","args":[35000]}
]]></system-out>
    </testcase>
    <testcase classname="chrome.136_0_7103_93.windows.Related_resources_for_groups_US139107" name="Should create a resource of type group" time="78.695">
      <system-out><![CDATA[
COMMAND: POST /session/303b620337c9fc649091c0886b4f3ed5/execute/async - {"script":"<script> [1562 bytes]","args":[{"selector":{"controlType":"sap.m.GenericTile","properties":{"header":"Manage Resources"}},"wdio_ui5_key":"sapm.GenericTile{\"header\":\"Manage Resources\"}"}]}
RESULT: {"script":"<script> [1562 bytes]","args":[{"selector":{"controlType":"sap.m.GenericTile","properties":{"header":"Manage Resources"}},"wdio_ui5_key":"sapm.GenericTile{\"header\":\"Manage Resources\"}"}]}
RESULT: undefined
COMMAND: POST /session/303b620337c9fc649091c0886b4f3ed5/element - {"using":"xpath","value":"//*[@id=\"__tile39\"]"}
RESULT: {"using":"xpath","value":"//*[@id=\"__tile39\"]"}
COMMAND: POST /session/303b620337c9fc649091c0886b4f3ed5/element/f.62C650E5BE8E3EAD9A8425B5CEFE7832.d.865BDB625E46DF3EFCEEF21873AE7868.e.1176/click - {}
RESULT: {}
COMMAND: GET /session/303b620337c9fc649091c0886b4f3ed5/screenshot - {}
RESULT: {}
COMMAND: POST /session/303b620337c9fc649091c0886b4f3ed5/elements - {"using":"xpath","value":"//span[text()='Error']"}
RESULT: {"using":"xpath","value":"//span[text()='Error']"}
COMMAND: POST /session/303b620337c9fc649091c0886b4f3ed5/element - {"using":"xpath","value":"//button[@data-kt=\"addNewRUOverflowToolbarButton\"]"}
RESULT: {"using":"xpath","value":"//button[@data-kt=\"addNewRUOverflowToolbarButton\"]"}
COMMAND: POST /session/303b620337c9fc649091c0886b4f3ed5/execute/sync - {"script":"<script> [8489 bytes]","args":[{"element-6066-11e4-a52e-4f735466cecf":"f.62C650E5BE8E3EAD9A8425B5CEFE7832.d.865BDB625E46DF3EFCEEF21873AE7868.e.1220","ELEMENT":"f.62C650E5BE8E3EAD9A8425B5CEFE7832.d.865BDB625E46DF3EFCEEF21873AE7868.e.1220"}]}
RESULT: {"script":"<script> [8489 bytes]","args":[{"element-6066-11e4-a52e-4f735466cecf":"f.62C650E5BE8E3EAD9A8425B5CEFE7832.d.865BDB625E46DF3EFCEEF21873AE7868.e.1220","ELEMENT":"f.62C650E5BE8E3EAD9A8425B5CEFE7832.d.865BDB625E46DF3EFCEEF21873AE7868.e.1220"}]}
COMMAND: POST /session/303b620337c9fc649091c0886b4f3ed5/element/f.62C650E5BE8E3EAD9A8425B5CEFE7832.d.865BDB625E46DF3EFCEEF21873AE7868.e.1220/click - {}
COMMAND: GET /session/303b620337c9fc649091c0886b4f3ed5/screenshot - {}
RESULT: {}
COMMAND: GET /session/303b620337c9fc649091c0886b4f3ed5/screenshot - {}
COMMAND: POST /session/303b620337c9fc649091c0886b4f3ed5/execute/async - {"script":"<script> [1562 bytes]","args":[{"selector":{"id":"application-manageresources-display-component---newResourceUnit--TYPE-arrow"},"wdio_ui5_key":"applicationmanageresources-display-component---newResourceUnit--TYPE-arrow"}]}
RESULT: {}
RESULT: {}
RESULT: {"script":"<script> [1562 bytes]","args":[{"selector":{"id":"application-manageresources-display-component---newResourceUnit--TYPE-arrow"},"wdio_ui5_key":"applicationmanageresources-display-component---newResourceUnit--TYPE-arrow"}]}
RESULT: undefined
COMMAND: POST /session/303b620337c9fc649091c0886b4f3ed5/element - {"using":"xpath","value":"//*[@id=\"application-manageresources-display-component---newResourceUnit--TYPE-arrow\"]"}
RESULT: {"using":"xpath","value":"//*[@id=\"application-manageresources-display-component---newResourceUnit--TYPE-arrow\"]"}
COMMAND: POST /session/303b620337c9fc649091c0886b4f3ed5/element/f.62C650E5BE8E3EAD9A8425B5CEFE7832.d.865BDB625E46DF3EFCEEF21873AE7868.e.1537/click - {}
RESULT: {}
COMMAND: POST /session/303b620337c9fc649091c0886b4f3ed5/execute/async - {"script":"<script> [1562 bytes]","args":[{"selector":{"controlType":"sap.m.StandardListItem","viewName":"reusables.view.manageresources.NewResourceUnit","viewId":"application-manageresources-display-component---newResourceUnit","properties":{"title":"Group"},"searchOpenDialogs":true,"interaction":{"idSuffix":"content"}},"wdio_ui5_key":"reusablesview.manageresources.NewResourceUnitsap.m.StandardListItem{\"title\":\"Group\"}"}]}
COMMAND: GET /session/303b620337c9fc649091c0886b4f3ed5/screenshot - {}
RESULT: {"script":"<script> [1562 bytes]","args":[{"selector":{"controlType":"sap.m.StandardListItem","viewName":"reusables.view.manageresources.NewResourceUnit","viewId":"application-manageresources-display-component---newResourceUnit","properties":{"title":"Group"},"searchOpenDialogs":true,"interaction":{"idSuffix":"content"}},"wdio_ui5_key":"reusablesview.manageresources.NewResourceUnitsap.m.StandardListItem{\"title\":\"Group\"}"}]}
RESULT: undefined
COMMAND: POST /session/303b620337c9fc649091c0886b4f3ed5/element - {"using":"xpath","value":"//*[@id=\"__item149\"]"}
RESULT: {}
RESULT: {"using":"xpath","value":"//*[@id=\"__item149\"]"}
COMMAND: POST /session/303b620337c9fc649091c0886b4f3ed5/element/f.62C650E5BE8E3EAD9A8425B5CEFE7832.d.865BDB625E46DF3EFCEEF21873AE7868.e.1540/click - {}
RESULT: {}
COMMAND: GET /session/303b620337c9fc649091c0886b4f3ed5/screenshot - {}
RESULT: {}
COMMAND: POST /session/303b620337c9fc649091c0886b4f3ed5/execute/async - {"script":"<script> [1562 bytes]","args":[{"selector":{"id":"application-manageresources-display-component---newResourceUnit--SHORT_TEXT","interaction":{"idSuffix":"inner"}},"wdio_ui5_key":"applicationmanageresources-display-component---newResourceUnit--SHORT_TEXT"}]}
RESULT: {"script":"<script> [1562 bytes]","args":[{"selector":{"id":"application-manageresources-display-component---newResourceUnit--SHORT_TEXT","interaction":{"idSuffix":"inner"}},"wdio_ui5_key":"applicationmanageresources-display-component---newResourceUnit--SHORT_TEXT"}]}
RESULT: undefined
COMMAND: POST /session/303b620337c9fc649091c0886b4f3ed5/execute/async - {"script":"<script> [776 bytes]","args":[{"enterText":"WdIORUGroup41juz","selector":{"id":"application-manageresources-display-component---newResourceUnit--SHORT_TEXT","interaction":{"idSuffix":"inner"}},"clearTextFirst":true,"interactionType":"ENTER_TEXT"}]}
RESULT: {"script":"<script> [776 bytes]","args":[{"enterText":"WdIORUGroup41juz","selector":{"id":"application-manageresources-display-component---newResourceUnit--SHORT_TEXT","interaction":{"idSuffix":"inner"}},"clearTextFirst":true,"interactionType":"ENTER_TEXT"}]}
COMMAND: POST /session/303b620337c9fc649091c0886b4f3ed5/execute/async - {"script":"<script> [1562 bytes]","args":[{"selector":{"id":"application-manageresources-display-component---newResourceUnit--BASE_UNIT_OF_MEASURE","interaction":{"idSuffix":"inner"}},"wdio_ui5_key":"applicationmanageresources-display-component---newResourceUnit--BASE_UNIT_OF_MEASURE"}]}
RESULT: {"script":"<script> [1562 bytes]","args":[{"selector":{"id":"application-manageresources-display-component---newResourceUnit--BASE_UNIT_OF_MEASURE","interaction":{"idSuffix":"inner"}},"wdio_ui5_key":"applicationmanageresources-display-component---newResourceUnit--BASE_UNIT_OF_MEASURE"}]}
RESULT: undefined
COMMAND: POST /session/303b620337c9fc649091c0886b4f3ed5/execute/async - {"script":"<script> [776 bytes]","args":[{"enterText":"Piece","selector":{"id":"application-manageresources-display-component---newResourceUnit--BASE_UNIT_OF_MEASURE","interaction":{"idSuffix":"inner"}},"clearTextFirst":true,"interactionType":"ENTER_TEXT"}]}
RESULT: {"script":"<script> [776 bytes]","args":[{"enterText":"Piece","selector":{"id":"application-manageresources-display-component---newResourceUnit--BASE_UNIT_OF_MEASURE","interaction":{"idSuffix":"inner"}},"clearTextFirst":true,"interactionType":"ENTER_TEXT"}]}
COMMAND: POST /session/303b620337c9fc649091c0886b4f3ed5/execute/async - {"script":"<script> [1562 bytes]","args":[{"selector":{"id":"application-manageresources-display-component---newResourceUnit--newRRUPage-OPHeaderContent-collapseBtn-img"},"wdio_ui5_key":"applicationmanageresources-display-component---newResourceUnit--newRRUPage-OPHeaderContent-collapseBtn-img"}]}
RESULT: {"script":"<script> [1562 bytes]","args":[{"selector":{"id":"application-manageresources-display-component---newResourceUnit--newRRUPage-OPHeaderContent-collapseBtn-img"},"wdio_ui5_key":"applicationmanageresources-display-component---newResourceUnit--newRRUPage-OPHeaderContent-collapseBtn-img"}]}
RESULT: undefined
COMMAND: POST /session/303b620337c9fc649091c0886b4f3ed5/element - {"using":"xpath","value":"//*[@id=\"application-manageresources-display-component---newResourceUnit--newRRUPage-OPHeaderContent-collapseBtn-img\"]"}
RESULT: {"using":"xpath","value":"//*[@id=\"application-manageresources-display-component---newResourceUnit--newRRUPage-OPHeaderContent-collapseBtn-img\"]"}
COMMAND: POST /session/303b620337c9fc649091c0886b4f3ed5/element/f.62C650E5BE8E3EAD9A8425B5CEFE7832.d.865BDB625E46DF3EFCEEF21873AE7868.e.1548/click - {}
RESULT: {}
COMMAND: GET /session/303b620337c9fc649091c0886b4f3ed5/screenshot - {}
RESULT: {}
COMMAND: POST /session/303b620337c9fc649091c0886b4f3ed5/execute/async - {"script":"<script> [1562 bytes]","args":[{"selector":{"id":"application-manageresources-display-component---newResourceUnit--newRRUPage-anchBar-application-manageresources-display-component---newResourceUnit--control-anchor","interaction":{"idSuffix":"BDI-content"}},"wdio_ui5_key":"applicationmanageresources-display-component---newResourceUnit--newRRUPage-anchBar-application-manageresources-display-component---newResourceUnit--control-anchor"}]}
RESULT: {"script":"<script> [1562 bytes]","args":[{"selector":{"id":"application-manageresources-display-component---newResourceUnit--newRRUPage-anchBar-application-manageresources-display-component---newResourceUnit--control-anchor","interaction":{"idSuffix":"BDI-content"}},"wdio_ui5_key":"applicationmanageresources-display-component---newResourceUnit--newRRUPage-anchBar-application-manageresources-display-component---newResourceUnit--control-anchor"}]}
RESULT: undefined
COMMAND: POST /session/303b620337c9fc649091c0886b4f3ed5/element - {"using":"xpath","value":"//*[@id=\"application-manageresources-display-component---newResourceUnit--newRRUPage-anchBar-application-manageresources-display-component---newResourceUnit--control-anchor\"]"}
RESULT: {"using":"xpath","value":"//*[@id=\"application-manageresources-display-component---newResourceUnit--newRRUPage-anchBar-application-manageresources-display-component---newResourceUnit--control-anchor\"]"}
COMMAND: POST /session/303b620337c9fc649091c0886b4f3ed5/element/f.62C650E5BE8E3EAD9A8425B5CEFE7832.d.865BDB625E46DF3EFCEEF21873AE7868.e.1593/click - {}
RESULT: {}
COMMAND: POST /session/303b620337c9fc649091c0886b4f3ed5/execute/async - {"script":"<script> [1562 bytes]","args":[{"selector":{"id":"application-manageresources-display-component---newResourceUnit--PLANNING_GROUP","interaction":{"idSuffix":"inner"}},"wdio_ui5_key":"applicationmanageresources-display-component---newResourceUnit--PLANNING_GROUP"}]}
COMMAND: GET /session/303b620337c9fc649091c0886b4f3ed5/screenshot - {}
RESULT: {"script":"<script> [1562 bytes]","args":[{"selector":{"id":"application-manageresources-display-component---newResourceUnit--PLANNING_GROUP","interaction":{"idSuffix":"inner"}},"wdio_ui5_key":"applicationmanageresources-display-component---newResourceUnit--PLANNING_GROUP"}]}
RESULT: undefined
COMMAND: POST /session/303b620337c9fc649091c0886b4f3ed5/execute/async - {"script":"<script> [776 bytes]","args":[{"enterText":"Heavy Equi","selector":{"id":"application-manageresources-display-component---newResourceUnit--PLANNING_GROUP","interaction":{"idSuffix":"inner"}},"clearTextFirst":true,"interactionType":"ENTER_TEXT"}]}
RESULT: {}
RESULT: {"script":"<script> [776 bytes]","args":[{"enterText":"Heavy Equi","selector":{"id":"application-manageresources-display-component---newResourceUnit--PLANNING_GROUP","interaction":{"idSuffix":"inner"}},"clearTextFirst":true,"interactionType":"ENTER_TEXT"}]}
COMMAND: POST /session/303b620337c9fc649091c0886b4f3ed5/element - {"using":"xpath","value":"//bdi[contains(text(), \"Time Segment\")]"}
RESULT: {"using":"xpath","value":"//bdi[contains(text(), \"Time Segment\")]"}
COMMAND: GET /session/303b620337c9fc649091c0886b4f3ed5/element/f.62C650E5BE8E3EAD9A8425B5CEFE7832.d.865BDB625E46DF3EFCEEF21873AE7868.e.1600/rect - {}
RESULT: {}
COMMAND: GET /session/303b620337c9fc649091c0886b4f3ed5/window/rect - {}
RESULT: {}
COMMAND: POST /session/303b620337c9fc649091c0886b4f3ed5/execute/sync - {"script":"<script> [92 bytes]","args":[]}
RESULT: {"script":"<script> [92 bytes]","args":[]}
COMMAND: POST /session/303b620337c9fc649091c0886b4f3ed5/actions - {"actions":[{"id":"action3","type":"wheel","parameters":{},"actions":[{"type":"scroll","x":-1820,"y":-21,"deltaX":0,"deltaY":0,"duration":0,"origin":{"element-6066-11e4-a52e-4f735466cecf":"f.62C650E5BE8E3EAD9A8425B5CEFE7832.d.865BDB625E46DF3EFCEEF21873AE7868.e.1600"}}]}]}
COMMAND: GET /session/303b620337c9fc649091c0886b4f3ed5/screenshot - {}
RESULT: {}
COMMAND: POST /session/303b620337c9fc649091c0886b4f3ed5/execute/sync - {"script":"<script> [79 bytes]","args":[{"element-6066-11e4-a52e-4f735466cecf":"f.62C650E5BE8E3EAD9A8425B5CEFE7832.d.865BDB625E46DF3EFCEEF21873AE7868.e.1600","ELEMENT":"f.62C650E5BE8E3EAD9A8425B5CEFE7832.d.865BDB625E46DF3EFCEEF21873AE7868.e.1600"},{"block":"start","inline":"nearest"}]}
RESULT: {"script":"<script> [79 bytes]","args":[{"element-6066-11e4-a52e-4f735466cecf":"f.62C650E5BE8E3EAD9A8425B5CEFE7832.d.865BDB625E46DF3EFCEEF21873AE7868.e.1600","ELEMENT":"f.62C650E5BE8E3EAD9A8425B5CEFE7832.d.865BDB625E46DF3EFCEEF21873AE7868.e.1600"},{"block":"start","inline":"nearest"}]}
COMMAND: GET /session/303b620337c9fc649091c0886b4f3ed5/screenshot - {}
RESULT: {}
COMMAND: POST /session/303b620337c9fc649091c0886b4f3ed5/execute/async - {"script":"<script> [1562 bytes]","args":[{"selector":{"id":"application-manageresources-display-component---newResourceUnit--btnAddTimeSegment-img"},"wdio_ui5_key":"applicationmanageresources-display-component---newResourceUnit--btnAddTimeSegment-img"}]}
RESULT: {"script":"<script> [1562 bytes]","args":[{"selector":{"id":"application-manageresources-display-component---newResourceUnit--btnAddTimeSegment-img"},"wdio_ui5_key":"applicationmanageresources-display-component---newResourceUnit--btnAddTimeSegment-img"}]}
RESULT: undefined
COMMAND: POST /session/303b620337c9fc649091c0886b4f3ed5/element - {"using":"xpath","value":"//*[@id=\"application-manageresources-display-component---newResourceUnit--btnAddTimeSegment-img\"]"}
RESULT: {"using":"xpath","value":"//*[@id=\"application-manageresources-display-component---newResourceUnit--btnAddTimeSegment-img\"]"}
COMMAND: POST /session/303b620337c9fc649091c0886b4f3ed5/element/f.62C650E5BE8E3EAD9A8425B5CEFE7832.d.865BDB625E46DF3EFCEEF21873AE7868.e.1603/click - {}
RESULT: {}
COMMAND: GET /session/303b620337c9fc649091c0886b4f3ed5/screenshot - {}
RESULT: {}
COMMAND: POST /session/303b620337c9fc649091c0886b4f3ed5/element - {"using":"xpath","value":"//input[@id=\"application-manageresources-display-component---newResourceUnit--idRuTSAdmin-application-manageresources-display-component---newResourceUnit--RUTimeSegment-0-inner\"]"}
RESULT: {"using":"xpath","value":"//input[@id=\"application-manageresources-display-component---newResourceUnit--idRuTSAdmin-application-manageresources-display-component---newResourceUnit--RUTimeSegment-0-inner\"]"}
COMMAND: POST /session/303b620337c9fc649091c0886b4f3ed5/element/f.62C650E5BE8E3EAD9A8425B5CEFE7832.d.865BDB625E46DF3EFCEEF21873AE7868.e.1606/clear - {}
RESULT: {}
COMMAND: POST /session/303b620337c9fc649091c0886b4f3ed5/element/f.62C650E5BE8E3EAD9A8425B5CEFE7832.d.865BDB625E46DF3EFCEEF21873AE7868.e.1606/value - {"text":"WebdriverYardtsh84"}
COMMAND: GET /session/303b620337c9fc649091c0886b4f3ed5/screenshot - {}
RESULT: {"text":"WebdriverYardtsh84"}
COMMAND: GET /session/303b620337c9fc649091c0886b4f3ed5/screenshot - {}
RESULT: {}
RESULT: {}
COMMAND: POST /session/303b620337c9fc649091c0886b4f3ed5/actions - {"actions":[{"id":"action4","type":"key","parameters":{},"actions":[{"type":"keyDown","value":"î€‡"},{"type":"pause","duration":10},{"type":"keyUp","value":"î€‡"}]}]}
RESULT: {"actions":[{"id":"action4","type":"key","parameters":{},"actions":[{"type":"keyDown","value":"î€‡"},{"type":"pause","duration":10},{"type":"keyUp","value":"î€‡"}]}]}
COMMAND: GET /session/303b620337c9fc649091c0886b4f3ed5/screenshot - {}
RESULT: {}
COMMAND: POST /session/303b620337c9fc649091c0886b4f3ed5/execute/async - {"script":"<script> [1562 bytes]","args":[{"selector":{"controlType":"sap.m.Button","viewName":"reusables.view.manageresources.NewResourceUnit","viewId":"application-manageresources-display-component---newResourceUnit","i18NText":{"propertyName":"tooltip","key":"save"},"interaction":{"idSuffix":"BDI-content"}},"wdio_ui5_key":"reusablesview.manageresources.NewResourceUnitsap.m.Button{\"propertyName\":\"tooltip\",\"key\":\"save\"}"}]}
RESULT: {"script":"<script> [1562 bytes]","args":[{"selector":{"controlType":"sap.m.Button","viewName":"reusables.view.manageresources.NewResourceUnit","viewId":"application-manageresources-display-component---newResourceUnit","i18NText":{"propertyName":"tooltip","key":"save"},"interaction":{"idSuffix":"BDI-content"}},"wdio_ui5_key":"reusablesview.manageresources.NewResourceUnitsap.m.Button{\"propertyName\":\"tooltip\",\"key\":\"save\"}"}]}
RESULT: undefined
COMMAND: POST /session/303b620337c9fc649091c0886b4f3ed5/element - {"using":"xpath","value":"//*[@id=\"application-manageresources-display-component---newResourceUnit--createRuButton\"]"}
RESULT: {"using":"xpath","value":"//*[@id=\"application-manageresources-display-component---newResourceUnit--createRuButton\"]"}
COMMAND: POST /session/303b620337c9fc649091c0886b4f3ed5/element/f.62C650E5BE8E3EAD9A8425B5CEFE7832.d.865BDB625E46DF3EFCEEF21873AE7868.e.1554/click - {}
RESULT: {}
COMMAND: GET /session/303b620337c9fc649091c0886b4f3ed5/screenshot - {}
RESULT: {}
COMMAND: POST /session/303b620337c9fc649091c0886b4f3ed5/execute/async - {"script":"<script> [1562 bytes]","args":[{"selector":{"controlType":"sap.m.Button","properties":{"text":"Close"},"searchOpenDialogs":true,"interaction":{"idSuffix":"inner"}},"wdio_ui5_key":"sapm.Button{\"text\":\"Close\"}"}]}
RESULT: {"script":"<script> [1562 bytes]","args":[{"selector":{"controlType":"sap.m.Button","properties":{"text":"Close"},"searchOpenDialogs":true,"interaction":{"idSuffix":"inner"}},"wdio_ui5_key":"sapm.Button{\"text\":\"Close\"}"}]}
RESULT: undefined
COMMAND: POST /session/303b620337c9fc649091c0886b4f3ed5/element - {"using":"xpath","value":"//*[@id=\"__mbox-btn-0\"]"}
RESULT: {"using":"xpath","value":"//*[@id=\"__mbox-btn-0\"]"}
COMMAND: POST /session/303b620337c9fc649091c0886b4f3ed5/element/f.62C650E5BE8E3EAD9A8425B5CEFE7832.d.865BDB625E46DF3EFCEEF21873AE7868.e.1613/click - {}
RESULT: {}
COMMAND: GET /session/303b620337c9fc649091c0886b4f3ed5/screenshot - {}
RESULT: {}
]]></system-out>
    </testcase>
    <testcase classname="chrome.136_0_7103_93.windows.Related_resources_for_groups_US139107" name="Should create first equipment and add it to the group" time="122.282">
      <system-out><![CDATA[
RESULT: undefined
COMMAND: POST /session/303b620337c9fc649091c0886b4f3ed5/element - {"using":"xpath","value":"//*[@id=\"__tile39\"]"}
RESULT: {"using":"xpath","value":"//*[@id=\"__tile39\"]"}
COMMAND: POST /session/303b620337c9fc649091c0886b4f3ed5/element/f.62C650E5BE8E3EAD9A8425B5CEFE7832.d.865BDB625E46DF3EFCEEF21873AE7868.e.1176/click - {}
COMMAND: POST /session/303b620337c9fc649091c0886b4f3ed5/elements - {"using":"xpath","value":"//span[text()='Error']"}
RESULT: {"using":"xpath","value":"//span[text()='Error']"}
COMMAND: POST /session/303b620337c9fc649091c0886b4f3ed5/element - {"using":"xpath","value":"//button[@data-kt=\"addNewRUOverflowToolbarButton\"]"}
RESULT: {"using":"xpath","value":"//button[@data-kt=\"addNewRUOverflowToolbarButton\"]"}
COMMAND: POST /session/303b620337c9fc649091c0886b4f3ed5/execute/sync - {"script":"<script> [8489 bytes]","args":[{"element-6066-11e4-a52e-4f735466cecf":"f.62C650E5BE8E3EAD9A8425B5CEFE7832.d.865BDB625E46DF3EFCEEF21873AE7868.e.1220","ELEMENT":"f.62C650E5BE8E3EAD9A8425B5CEFE7832.d.865BDB625E46DF3EFCEEF21873AE7868.e.1220"}]}
RESULT: {"script":"<script> [8489 bytes]","args":[{"element-6066-11e4-a52e-4f735466cecf":"f.62C650E5BE8E3EAD9A8425B5CEFE7832.d.865BDB625E46DF3EFCEEF21873AE7868.e.1220","ELEMENT":"f.62C650E5BE8E3EAD9A8425B5CEFE7832.d.865BDB625E46DF3EFCEEF21873AE7868.e.1220"}]}
COMMAND: POST /session/303b620337c9fc649091c0886b4f3ed5/element/f.62C650E5BE8E3EAD9A8425B5CEFE7832.d.865BDB625E46DF3EFCEEF21873AE7868.e.1220/click - {}
COMMAND: GET /session/303b620337c9fc649091c0886b4f3ed5/screenshot - {}
RESULT: {}
COMMAND: GET /session/303b620337c9fc649091c0886b4f3ed5/screenshot - {}
RESULT: {}
RESULT: undefined
COMMAND: POST /session/303b620337c9fc649091c0886b4f3ed5/element - {"using":"xpath","value":"//*[@id=\"application-manageresources-display-component---newResourceUnit--TYPE-arrow\"]"}
RESULT: {}
RESULT: {"using":"xpath","value":"//*[@id=\"application-manageresources-display-component---newResourceUnit--TYPE-arrow\"]"}
COMMAND: POST /session/303b620337c9fc649091c0886b4f3ed5/element/f.62C650E5BE8E3EAD9A8425B5CEFE7832.d.865BDB625E46DF3EFCEEF21873AE7868.e.1537/click - {}
RESULT: {}
COMMAND: POST /session/303b620337c9fc649091c0886b4f3ed5/execute/async - {"script":"<script> [1562 bytes]","args":[{"selector":{"controlType":"sap.m.StandardListItem","viewName":"reusables.view.manageresources.NewResourceUnit","viewId":"application-manageresources-display-component---newResourceUnit","properties":{"title":"Equipment"},"searchOpenDialogs":true,"interaction":{"idSuffix":"content"}},"wdio_ui5_key":"reusablesview.manageresources.NewResourceUnitsap.m.StandardListItem{\"title\":\"Equipment\"}"}]}
COMMAND: GET /session/303b620337c9fc649091c0886b4f3ed5/screenshot - {}
RESULT: {"script":"<script> [1562 bytes]","args":[{"selector":{"controlType":"sap.m.StandardListItem","viewName":"reusables.view.manageresources.NewResourceUnit","viewId":"application-manageresources-display-component---newResourceUnit","properties":{"title":"Equipment"},"searchOpenDialogs":true,"interaction":{"idSuffix":"content"}},"wdio_ui5_key":"reusablesview.manageresources.NewResourceUnitsap.m.StandardListItem{\"title\":\"Equipment\"}"}]}
RESULT: undefined
COMMAND: POST /session/303b620337c9fc649091c0886b4f3ed5/element - {"using":"xpath","value":"//*[@id=\"__item140\"]"}
RESULT: {}
RESULT: {"using":"xpath","value":"//*[@id=\"__item140\"]"}
COMMAND: POST /session/303b620337c9fc649091c0886b4f3ed5/element/f.62C650E5BE8E3EAD9A8425B5CEFE7832.d.865BDB625E46DF3EFCEEF21873AE7868.e.1657/click - {}
RESULT: {}
COMMAND: POST /session/303b620337c9fc649091c0886b4f3ed5/execute/async - {"script":"<script> [1562 bytes]","args":[{"selector":{"id":"application-manageresources-display-component---newResourceUnit--resourceId","interaction":{"idSuffix":"inner"}},"wdio_ui5_key":"applicationmanageresources-display-component---newResourceUnit--resourceId"}]}
COMMAND: GET /session/303b620337c9fc649091c0886b4f3ed5/screenshot - {}
RESULT: {"script":"<script> [1562 bytes]","args":[{"selector":{"id":"application-manageresources-display-component---newResourceUnit--resourceId","interaction":{"idSuffix":"inner"}},"wdio_ui5_key":"applicationmanageresources-display-component---newResourceUnit--resourceId"}]}
RESULT: undefined
COMMAND: POST /session/303b620337c9fc649091c0886b4f3ed5/execute/async - {"script":"<script> [776 bytes]","args":[{"enterText":"WdIORUEquip1wo8ip","selector":{"id":"application-manageresources-display-component---newResourceUnit--resourceId","interaction":{"idSuffix":"inner"}},"clearTextFirst":true,"interactionType":"ENTER_TEXT"}]}
RESULT: {}
RESULT: {"script":"<script> [776 bytes]","args":[{"enterText":"WdIORUEquip1wo8ip","selector":{"id":"application-manageresources-display-component---newResourceUnit--resourceId","interaction":{"idSuffix":"inner"}},"clearTextFirst":true,"interactionType":"ENTER_TEXT"}]}
RESULT: undefined
COMMAND: POST /session/303b620337c9fc649091c0886b4f3ed5/execute/async - {"script":"<script> [776 bytes]","args":[{"enterText":"WdIORUEquip1wo8ip","selector":{"id":"application-manageresources-display-component---newResourceUnit--SHORT_TEXT","interaction":{"idSuffix":"inner"}},"clearTextFirst":true,"interactionType":"ENTER_TEXT"}]}
RESULT: {"script":"<script> [776 bytes]","args":[{"enterText":"WdIORUEquip1wo8ip","selector":{"id":"application-manageresources-display-component---newResourceUnit--SHORT_TEXT","interaction":{"idSuffix":"inner"}},"clearTextFirst":true,"interactionType":"ENTER_TEXT"}]}
RESULT: undefined
COMMAND: POST /session/303b620337c9fc649091c0886b4f3ed5/execute/async - {"script":"<script> [776 bytes]","args":[{"enterText":"Piece","selector":{"id":"application-manageresources-display-component---newResourceUnit--BASE_UNIT_OF_MEASURE","interaction":{"idSuffix":"inner"}},"clearTextFirst":true,"interactionType":"ENTER_TEXT"}]}
RESULT: {"script":"<script> [776 bytes]","args":[{"enterText":"Piece","selector":{"id":"application-manageresources-display-component---newResourceUnit--BASE_UNIT_OF_MEASURE","interaction":{"idSuffix":"inner"}},"clearTextFirst":true,"interactionType":"ENTER_TEXT"}]}
COMMAND: POST /session/303b620337c9fc649091c0886b4f3ed5/element - {"using":"xpath","value":"//input[contains(@id ,\"application-manageresources-display-component---newResourceUnit--HIGHER_LEVEL_RESOURCE-inner\")]"}
RESULT: {"using":"xpath","value":"//input[contains(@id ,\"application-manageresources-display-component---newResourceUnit--HIGHER_LEVEL_RESOURCE-inner\")]"}
COMMAND: POST /session/303b620337c9fc649091c0886b4f3ed5/element/f.62C650E5BE8E3EAD9A8425B5CEFE7832.d.865BDB625E46DF3EFCEEF21873AE7868.e.1664/value - {"text":"WdIORUGroup41juz"}
RESULT: {"text":"WdIORUGroup41juz"}
COMMAND: GET /session/303b620337c9fc649091c0886b4f3ed5/screenshot - {}
RESULT: {}
COMMAND: POST /session/303b620337c9fc649091c0886b4f3ed5/actions - {"actions":[{"id":"action5","type":"key","parameters":{},"actions":[{"type":"keyDown","value":"î€‡"},{"type":"pause","duration":10},{"type":"keyUp","value":"î€‡"}]}]}
RESULT: {"actions":[{"id":"action5","type":"key","parameters":{},"actions":[{"type":"keyDown","value":"î€‡"},{"type":"pause","duration":10},{"type":"keyUp","value":"î€‡"}]}]}
COMMAND: POST /session/303b620337c9fc649091c0886b4f3ed5/execute/async - {"script":"<script> [1562 bytes]","args":[{"selector":{"id":"application-manageresources-display-component---newResourceUnit--WEIGHT_UNIT","interaction":{"idSuffix":"inner"}},"wdio_ui5_key":"applicationmanageresources-display-component---newResourceUnit--WEIGHT_UNIT"}]}
COMMAND: GET /session/303b620337c9fc649091c0886b4f3ed5/screenshot - {}
RESULT: {"script":"<script> [1562 bytes]","args":[{"selector":{"id":"application-manageresources-display-component---newResourceUnit--WEIGHT_UNIT","interaction":{"idSuffix":"inner"}},"wdio_ui5_key":"applicationmanageresources-display-component---newResourceUnit--WEIGHT_UNIT"}]}
RESULT: undefined
COMMAND: POST /session/303b620337c9fc649091c0886b4f3ed5/execute/async - {"script":"<script> [776 bytes]","args":[{"enterText":"Gram","selector":{"id":"application-manageresources-display-component---newResourceUnit--WEIGHT_UNIT","interaction":{"idSuffix":"inner"}},"clearTextFirst":true,"interactionType":"ENTER_TEXT"}]}
RESULT: {}
RESULT: {"script":"<script> [776 bytes]","args":[{"enterText":"Gram","selector":{"id":"application-manageresources-display-component---newResourceUnit--WEIGHT_UNIT","interaction":{"idSuffix":"inner"}},"clearTextFirst":true,"interactionType":"ENTER_TEXT"}]}
RESULT: undefined
COMMAND: POST /session/303b620337c9fc649091c0886b4f3ed5/element - {"using":"xpath","value":"//*[@id=\"application-manageresources-display-component---newResourceUnit--newRRUPage-OPHeaderContent-collapseBtn-img\"]"}
RESULT: {"using":"xpath","value":"//*[@id=\"application-manageresources-display-component---newResourceUnit--newRRUPage-OPHeaderContent-collapseBtn-img\"]"}
COMMAND: POST /session/303b620337c9fc649091c0886b4f3ed5/element/f.62C650E5BE8E3EAD9A8425B5CEFE7832.d.865BDB625E46DF3EFCEEF21873AE7868.e.1548/click - {}
RESULT: {}
COMMAND: GET /session/303b620337c9fc649091c0886b4f3ed5/screenshot - {}
RESULT: {}
COMMAND: POST /session/303b620337c9fc649091c0886b4f3ed5/element - {"using":"xpath","value":"(//span[contains(@id ,\"application-manageresources-display-component---newResourceUnit--DIMENSION_UNIT-arrow\")])[1]"}
RESULT: {"using":"xpath","value":"(//span[contains(@id ,\"application-manageresources-display-component---newResourceUnit--DIMENSION_UNIT-arrow\")])[1]"}
COMMAND: POST /session/303b620337c9fc649091c0886b4f3ed5/element/f.62C650E5BE8E3EAD9A8425B5CEFE7832.d.865BDB625E46DF3EFCEEF21873AE7868.e.1785/click - {}
RESULT: {}
COMMAND: GET /session/303b620337c9fc649091c0886b4f3ed5/screenshot - {}
RESULT: {}
COMMAND: POST /session/303b620337c9fc649091c0886b4f3ed5/execute/async - {"script":"<script> [1562 bytes]","args":[{"selector":{"controlType":"sap.m.StandardListItem","viewName":"reusables.view.manageresources.NewResourceUnit","viewId":"application-manageresources-display-component---newResourceUnit","properties":{"title":"Centimeter"},"searchOpenDialogs":true,"interaction":{"idSuffix":"titleText"}},"wdio_ui5_key":"reusablesview.manageresources.NewResourceUnitsap.m.StandardListItem{\"title\":\"Centimeter\"}"}]}
RESULT: {"script":"<script> [1562 bytes]","args":[{"selector":{"controlType":"sap.m.StandardListItem","viewName":"reusables.view.manageresources.NewResourceUnit","viewId":"application-manageresources-display-component---newResourceUnit","properties":{"title":"Centimeter"},"searchOpenDialogs":true,"interaction":{"idSuffix":"titleText"}},"wdio_ui5_key":"reusablesview.manageresources.NewResourceUnitsap.m.StandardListItem{\"title\":\"Centimeter\"}"}]}
RESULT: undefined
COMMAND: POST /session/303b620337c9fc649091c0886b4f3ed5/element - {"using":"xpath","value":"//*[@id=\"__item753\"]"}
RESULT: {"using":"xpath","value":"//*[@id=\"__item753\"]"}
COMMAND: POST /session/303b620337c9fc649091c0886b4f3ed5/element/f.62C650E5BE8E3EAD9A8425B5CEFE7832.d.865BDB625E46DF3EFCEEF21873AE7868.e.1789/click - {}
RESULT: {}
COMMAND: GET /session/303b620337c9fc649091c0886b4f3ed5/screenshot - {}
RESULT: {}
RESULT: undefined
COMMAND: POST /session/303b620337c9fc649091c0886b4f3ed5/element - {"using":"xpath","value":"//*[@id=\"application-manageresources-display-component---newResourceUnit--newRRUPage-anchBar-application-manageresources-display-component---newResourceUnit--control-anchor\"]"}
RESULT: {"using":"xpath","value":"//*[@id=\"application-manageresources-display-component---newResourceUnit--newRRUPage-anchBar-application-manageresources-display-component---newResourceUnit--control-anchor\"]"}
COMMAND: POST /session/303b620337c9fc649091c0886b4f3ed5/element/f.62C650E5BE8E3EAD9A8425B5CEFE7832.d.865BDB625E46DF3EFCEEF21873AE7868.e.1790/click - {}
RESULT: {}
RESULT: undefined
COMMAND: POST /session/303b620337c9fc649091c0886b4f3ed5/execute/async - {"script":"<script> [776 bytes]","args":[{"enterText":"Heavy Equi","selector":{"id":"application-manageresources-display-component---newResourceUnit--PLANNING_GROUP","interaction":{"idSuffix":"inner"}},"clearTextFirst":true,"interactionType":"ENTER_TEXT"}]}
COMMAND: GET /session/303b620337c9fc649091c0886b4f3ed5/screenshot - {}
RESULT: {"script":"<script> [776 bytes]","args":[{"enterText":"Heavy Equi","selector":{"id":"application-manageresources-display-component---newResourceUnit--PLANNING_GROUP","interaction":{"idSuffix":"inner"}},"clearTextFirst":true,"interactionType":"ENTER_TEXT"}]}
RESULT: {}
COMMAND: POST /session/303b620337c9fc649091c0886b4f3ed5/execute/async - {"script":"<script> [1562 bytes]","args":[{"selector":{"id":"application-manageresources-display-component---newResourceUnit--ITEM_TYPE-arrow"},"wdio_ui5_key":"applicationmanageresources-display-component---newResourceUnit--ITEM_TYPE-arrow"}]}
RESULT: {"script":"<script> [1562 bytes]","args":[{"selector":{"id":"application-manageresources-display-component---newResourceUnit--ITEM_TYPE-arrow"},"wdio_ui5_key":"applicationmanageresources-display-component---newResourceUnit--ITEM_TYPE-arrow"}]}
RESULT: undefined
COMMAND: POST /session/303b620337c9fc649091c0886b4f3ed5/element - {"using":"xpath","value":"//*[@id=\"application-manageresources-display-component---newResourceUnit--ITEM_TYPE-arrow\"]"}
RESULT: {"using":"xpath","value":"//*[@id=\"application-manageresources-display-component---newResourceUnit--ITEM_TYPE-arrow\"]"}
COMMAND: POST /session/303b620337c9fc649091c0886b4f3ed5/element/f.62C650E5BE8E3EAD9A8425B5CEFE7832.d.865BDB625E46DF3EFCEEF21873AE7868.e.1794/click - {}
RESULT: {}
COMMAND: POST /session/303b620337c9fc649091c0886b4f3ed5/execute/async - {"script":"<script> [1562 bytes]","args":[{"selector":{"controlType":"sap.m.StandardListItem","viewName":"reusables.view.manageresources.NewResourceUnit","viewId":"application-manageresources-display-component---newResourceUnit","properties":{"title":"Resource Unit"},"searchOpenDialogs":true,"interaction":{"idSuffix":"titleText"}},"wdio_ui5_key":"reusablesview.manageresources.NewResourceUnitsap.m.StandardListItem{\"title\":\"Resource Unit\"}"}]}
COMMAND: GET /session/303b620337c9fc649091c0886b4f3ed5/screenshot - {}
RESULT: {"script":"<script> [1562 bytes]","args":[{"selector":{"controlType":"sap.m.StandardListItem","viewName":"reusables.view.manageresources.NewResourceUnit","viewId":"application-manageresources-display-component---newResourceUnit","properties":{"title":"Resource Unit"},"searchOpenDialogs":true,"interaction":{"idSuffix":"titleText"}},"wdio_ui5_key":"reusablesview.manageresources.NewResourceUnitsap.m.StandardListItem{\"title\":\"Resource Unit\"}"}]}
RESULT: undefined
COMMAND: POST /session/303b620337c9fc649091c0886b4f3ed5/element - {"using":"xpath","value":"//*[@id=\"__item762\"]"}
RESULT: {}
RESULT: {"using":"xpath","value":"//*[@id=\"__item762\"]"}
COMMAND: POST /session/303b620337c9fc649091c0886b4f3ed5/element/f.62C650E5BE8E3EAD9A8425B5CEFE7832.d.865BDB625E46DF3EFCEEF21873AE7868.e.1796/click - {}
RESULT: {}
COMMAND: POST /session/303b620337c9fc649091c0886b4f3ed5/element - {"using":"xpath","value":"//bdi[contains(text(), \"Time Segment\")]"}
COMMAND: GET /session/303b620337c9fc649091c0886b4f3ed5/screenshot - {}
RESULT: {"using":"xpath","value":"//bdi[contains(text(), \"Time Segment\")]"}
COMMAND: GET /session/303b620337c9fc649091c0886b4f3ed5/element/f.62C650E5BE8E3EAD9A8425B5CEFE7832.d.865BDB625E46DF3EFCEEF21873AE7868.e.1797/rect - {}
RESULT: {}
RESULT: {}
COMMAND: GET /session/303b620337c9fc649091c0886b4f3ed5/window/rect - {}
RESULT: {}
COMMAND: POST /session/303b620337c9fc649091c0886b4f3ed5/execute/sync - {"script":"<script> [92 bytes]","args":[]}
RESULT: {"script":"<script> [92 bytes]","args":[]}
COMMAND: POST /session/303b620337c9fc649091c0886b4f3ed5/actions - {"actions":[{"id":"action6","type":"wheel","parameters":{},"actions":[{"type":"scroll","x":-1820,"y":-21,"deltaX":0,"deltaY":0,"duration":0,"origin":{"element-6066-11e4-a52e-4f735466cecf":"f.62C650E5BE8E3EAD9A8425B5CEFE7832.d.865BDB625E46DF3EFCEEF21873AE7868.e.1797"}}]}]}
COMMAND: GET /session/303b620337c9fc649091c0886b4f3ed5/screenshot - {}
RESULT: {}
COMMAND: POST /session/303b620337c9fc649091c0886b4f3ed5/execute/sync - {"script":"<script> [79 bytes]","args":[{"element-6066-11e4-a52e-4f735466cecf":"f.62C650E5BE8E3EAD9A8425B5CEFE7832.d.865BDB625E46DF3EFCEEF21873AE7868.e.1797","ELEMENT":"f.62C650E5BE8E3EAD9A8425B5CEFE7832.d.865BDB625E46DF3EFCEEF21873AE7868.e.1797"},{"block":"start","inline":"nearest"}]}
RESULT: {"script":"<script> [79 bytes]","args":[{"element-6066-11e4-a52e-4f735466cecf":"f.62C650E5BE8E3EAD9A8425B5CEFE7832.d.865BDB625E46DF3EFCEEF21873AE7868.e.1797","ELEMENT":"f.62C650E5BE8E3EAD9A8425B5CEFE7832.d.865BDB625E46DF3EFCEEF21873AE7868.e.1797"},{"block":"start","inline":"nearest"}]}
RESULT: undefined
COMMAND: POST /session/303b620337c9fc649091c0886b4f3ed5/element - {"using":"xpath","value":"//*[@id=\"application-manageresources-display-component---newResourceUnit--btnAddTimeSegment-img\"]"}
COMMAND: GET /session/303b620337c9fc649091c0886b4f3ed5/screenshot - {}
RESULT: {"using":"xpath","value":"//*[@id=\"application-manageresources-display-component---newResourceUnit--btnAddTimeSegment-img\"]"}
COMMAND: POST /session/303b620337c9fc649091c0886b4f3ed5/element/f.62C650E5BE8E3EAD9A8425B5CEFE7832.d.865BDB625E46DF3EFCEEF21873AE7868.e.1798/click - {}
RESULT: {}
RESULT: {}
COMMAND: GET /session/303b620337c9fc649091c0886b4f3ed5/screenshot - {}
COMMAND: POST /session/303b620337c9fc649091c0886b4f3ed5/element - {"using":"xpath","value":"//input[@id=\"application-manageresources-display-component---newResourceUnit--idRuTSAdmin-application-manageresources-display-component---newResourceUnit--RUTimeSegment-0-inner\"]"}
RESULT: {}
RESULT: {"using":"xpath","value":"//input[@id=\"application-manageresources-display-component---newResourceUnit--idRuTSAdmin-application-manageresources-display-component---newResourceUnit--RUTimeSegment-0-inner\"]"}
COMMAND: POST /session/303b620337c9fc649091c0886b4f3ed5/element/f.62C650E5BE8E3EAD9A8425B5CEFE7832.d.865BDB625E46DF3EFCEEF21873AE7868.e.1804/clear - {}
RESULT: {}
COMMAND: POST /session/303b620337c9fc649091c0886b4f3ed5/element/f.62C650E5BE8E3EAD9A8425B5CEFE7832.d.865BDB625E46DF3EFCEEF21873AE7868.e.1804/value - {"text":"WebdriverYardtsh84"}
COMMAND: GET /session/303b620337c9fc649091c0886b4f3ed5/screenshot - {}
RESULT: {"text":"WebdriverYardtsh84"}
COMMAND: GET /session/303b620337c9fc649091c0886b4f3ed5/screenshot - {}
RESULT: {}
RESULT: {}
COMMAND: POST /session/303b620337c9fc649091c0886b4f3ed5/actions - {"actions":[{"id":"action7","type":"key","parameters":{},"actions":[{"type":"keyDown","value":"î€‡"},{"type":"pause","duration":10},{"type":"keyUp","value":"î€‡"}]}]}
RESULT: {"actions":[{"id":"action7","type":"key","parameters":{},"actions":[{"type":"keyDown","value":"î€‡"},{"type":"pause","duration":10},{"type":"keyUp","value":"î€‡"}]}]}
COMMAND: POST /session/303b620337c9fc649091c0886b4f3ed5/execute/async - {"script":"<script> [1562 bytes]","args":[{"selector":{"controlType":"sap.ui.core.Icon","viewName":"reusables.view.manageresources.NewResourceUnit","viewId":"application-manageresources-display-component---newResourceUnit","properties":{"src":{"regex":{"source":"slim\\-arrow\\-down"}}},"ancestor":{"controlType":"sap.m.ComboBox","viewName":"reusables.view.manageresources.NewResourceUnit","viewId":"application-manageresources-display-component---newResourceUnit","bindingPath":{"path":"/RESOURCE_UNIT_TIME_SEQUENCES/0","propertyPath":"COST_OBJECT_ADMIN_CST_TYPE","modelName":"oNewRruModel"}}},"wdio_ui5_key":"reusablesview.manageresources.NewResourceUnitsap.ui.core.Icon{\"src\":{\"regex\":{\"source\":\"slim\\\\-arrow\\\\-down\"}}}{\"controlType\":\"sap.m.ComboBox\",\"viewName\":\"reusables.view.manageresources.NewResourceUnit\",\"viewId\":\"application-manageresources-display-component---newResourceUnit\",\"bindingPath\":{\"path\":\"/RESOURCE_UNIT_TIME_SEQUENCES/0\",\"propertyPath\":\"COST_OBJECT_ADMIN_CST_TYPE\",\"modelName\":\"oNewRruModel\"}}"}]}
COMMAND: GET /session/303b620337c9fc649091c0886b4f3ed5/screenshot - {}
RESULT: {"script":"<script> [1562 bytes]","args":[{"selector":{"controlType":"sap.ui.core.Icon","viewName":"reusables.view.manageresources.NewResourceUnit","viewId":"application-manageresources-display-component---newResourceUnit","properties":{"src":{"regex":{"source":"slim\\-arrow\\-down"}}},"ancestor":{"controlType":"sap.m.ComboBox","viewName":"reusables.view.manageresources.NewResourceUnit","viewId":"application-manageresources-display-component---newResourceUnit","bindingPath":{"path":"/RESOURCE_UNIT_TIME_SEQUENCES/0","propertyPath":"COST_OBJECT_ADMIN_CST_TYPE","modelName":"oNewRruModel"}}},"wdio_ui5_key":"reusablesview.manageresources.NewResourceUnitsap.ui.core.Icon{\"src\":{\"regex\":{\"source\":\"slim\\\\-arrow\\\\-down\"}}}{\"controlType\":\"sap.m.ComboBox\",\"viewName\":\"reusables.view.manageresources.NewResourceUnit\",\"viewId\":\"application-manageresources-display-component---newResourceUnit\",\"bindingPath\":{\"path\":\"/RESOURCE_UNIT_TIME_SEQUENCES/0\",\"propertyPath\":\"COST_OBJECT_ADMIN_CST_TYPE\",\"modelName\":\"oNewRruModel\"}}"}]}
RESULT: undefined
COMMAND: POST /session/303b620337c9fc649091c0886b4f3ed5/element - {"using":"xpath","value":"//*[@id=\"__box5-application-manageresources-display-component---newResourceUnit--RUTimeSegment-0-arrow\"]"}
RESULT: {}
RESULT: {"using":"xpath","value":"//*[@id=\"__box5-application-manageresources-display-component---newResourceUnit--RUTimeSegment-0-arrow\"]"}
COMMAND: POST /session/303b620337c9fc649091c0886b4f3ed5/element/f.62C650E5BE8E3EAD9A8425B5CEFE7832.d.865BDB625E46DF3EFCEEF21873AE7868.e.1816/click - {}
RESULT: {}
COMMAND: POST /session/303b620337c9fc649091c0886b4f3ed5/execute/async - {"script":"<script> [1562 bytes]","args":[{"selector":{"controlType":"sap.m.StandardListItem","viewName":"reusables.view.manageresources.NewResourceUnit","viewId":"application-manageresources-display-component---newResourceUnit","properties":{"title":"PM Order"},"searchOpenDialogs":true,"interaction":{"idSuffix":"titleText"}},"wdio_ui5_key":"reusablesview.manageresources.NewResourceUnitsap.m.StandardListItem{\"title\":\"PM Order\"}"}]}
COMMAND: GET /session/303b620337c9fc649091c0886b4f3ed5/screenshot - {}
RESULT: {"script":"<script> [1562 bytes]","args":[{"selector":{"controlType":"sap.m.StandardListItem","viewName":"reusables.view.manageresources.NewResourceUnit","viewId":"application-manageresources-display-component---newResourceUnit","properties":{"title":"PM Order"},"searchOpenDialogs":true,"interaction":{"idSuffix":"titleText"}},"wdio_ui5_key":"reusablesview.manageresources.NewResourceUnitsap.m.StandardListItem{\"title\":\"PM Order\"}"}]}
RESULT: undefined
COMMAND: POST /session/303b620337c9fc649091c0886b4f3ed5/element - {"using":"xpath","value":"//*[@id=\"__item1179\"]"}
RESULT: {}
RESULT: {"using":"xpath","value":"//*[@id=\"__item1179\"]"}
COMMAND: POST /session/303b620337c9fc649091c0886b4f3ed5/element/f.62C650E5BE8E3EAD9A8425B5CEFE7832.d.865BDB625E46DF3EFCEEF21873AE7868.e.1820/click - {}
RESULT: {}
COMMAND: GET /session/303b620337c9fc649091c0886b4f3ed5/screenshot - {}
RESULT: {}
COMMAND: POST /session/303b620337c9fc649091c0886b4f3ed5/element - {"using":"xpath","value":"(//input[contains(@id ,\"-application-manageresources-display-component---newResourceUnit--RUTimeSegment-0-inner\")])[8]"}
RESULT: {"using":"xpath","value":"(//input[contains(@id ,\"-application-manageresources-display-component---newResourceUnit--RUTimeSegment-0-inner\")])[8]"}
COMMAND: POST /session/303b620337c9fc649091c0886b4f3ed5/element/f.62C650E5BE8E3EAD9A8425B5CEFE7832.d.865BDB625E46DF3EFCEEF21873AE7868.e.1823/clear - {}
RESULT: {}
COMMAND: POST /session/303b620337c9fc649091c0886b4f3ed5/element/f.62C650E5BE8E3EAD9A8425B5CEFE7832.d.865BDB625E46DF3EFCEEF21873AE7868.e.1823/value - {"text":"4000360"}
COMMAND: GET /session/303b620337c9fc649091c0886b4f3ed5/screenshot - {}
RESULT: {"text":"4000360"}
COMMAND: GET /session/303b620337c9fc649091c0886b4f3ed5/screenshot - {}
RESULT: {}
RESULT: {}
COMMAND: POST /session/303b620337c9fc649091c0886b4f3ed5/actions - {"actions":[{"id":"action8","type":"key","parameters":{},"actions":[{"type":"keyDown","value":"î€‡"},{"type":"pause","duration":10},{"type":"keyUp","value":"î€‡"}]}]}
RESULT: {"actions":[{"id":"action8","type":"key","parameters":{},"actions":[{"type":"keyDown","value":"î€‡"},{"type":"pause","duration":10},{"type":"keyUp","value":"î€‡"}]}]}
COMMAND: GET /session/303b620337c9fc649091c0886b4f3ed5/screenshot - {}
RESULT: {}
COMMAND: POST /session/303b620337c9fc649091c0886b4f3ed5/element - {"using":"xpath","value":"//input[contains(@id ,\"application-manageresources-display-component---newResourceUnit--newTimeSegmentFromDatePicker-application-manageresources-display-component---newResourceUnit--RUTimeSegment-0-inner\")]"}
RESULT: {"using":"xpath","value":"//input[contains(@id ,\"application-manageresources-display-component---newResourceUnit--newTimeSegmentFromDatePicker-application-manageresources-display-component---newResourceUnit--RUTimeSegment-0-inner\")]"}
COMMAND: POST /session/303b620337c9fc649091c0886b4f3ed5/element/f.62C650E5BE8E3EAD9A8425B5CEFE7832.d.865BDB625E46DF3EFCEEF21873AE7868.e.1811/clear - {}
RESULT: {}
COMMAND: POST /session/303b620337c9fc649091c0886b4f3ed5/element/f.62C650E5BE8E3EAD9A8425B5CEFE7832.d.865BDB625E46DF3EFCEEF21873AE7868.e.1811/clear - {}
COMMAND: GET /session/303b620337c9fc649091c0886b4f3ed5/screenshot - {}
RESULT: {}
COMMAND: POST /session/303b620337c9fc649091c0886b4f3ed5/element/f.62C650E5BE8E3EAD9A8425B5CEFE7832.d.865BDB625E46DF3EFCEEF21873AE7868.e.1811/value - {"text":"06/18/24"}
COMMAND: GET /session/303b620337c9fc649091c0886b4f3ed5/screenshot - {}
RESULT: {}
RESULT: {"text":"06/18/24"}
COMMAND: POST /session/303b620337c9fc649091c0886b4f3ed5/execute/async - {"script":"<script> [1562 bytes]","args":[{"selector":{"id":"application-manageresources-display-component---newResourceUnit--newRRUPage-anchBar-application-manageresources-display-component---newResourceUnit--resource-anchor","interaction":{"idSuffix":"BDI-content"}},"wdio_ui5_key":"applicationmanageresources-display-component---newResourceUnit--newRRUPage-anchBar-application-manageresources-display-component---newResourceUnit--resource-anchor"}]}
COMMAND: GET /session/303b620337c9fc649091c0886b4f3ed5/screenshot - {}
RESULT: {}
RESULT: {"script":"<script> [1562 bytes]","args":[{"selector":{"id":"application-manageresources-display-component---newResourceUnit--newRRUPage-anchBar-application-manageresources-display-component---newResourceUnit--resource-anchor","interaction":{"idSuffix":"BDI-content"}},"wdio_ui5_key":"applicationmanageresources-display-component---newResourceUnit--newRRUPage-anchBar-application-manageresources-display-component---newResourceUnit--resource-anchor"}]}
RESULT: undefined
COMMAND: POST /session/303b620337c9fc649091c0886b4f3ed5/element - {"using":"xpath","value":"//*[@id=\"application-manageresources-display-component---newResourceUnit--newRRUPage-anchBar-application-manageresources-display-component---newResourceUnit--resource-anchor\"]"}
RESULT: {}
RESULT: {"using":"xpath","value":"//*[@id=\"application-manageresources-display-component---newResourceUnit--newRRUPage-anchBar-application-manageresources-display-component---newResourceUnit--resource-anchor\"]"}
COMMAND: POST /session/303b620337c9fc649091c0886b4f3ed5/element/f.62C650E5BE8E3EAD9A8425B5CEFE7832.d.865BDB625E46DF3EFCEEF21873AE7868.e.1844/click - {}
RESULT: {}
COMMAND: POST /session/303b620337c9fc649091c0886b4f3ed5/execute/async - {"script":"<script> [1562 bytes]","args":[{"selector":{"id":"application-manageresources-display-component---newResourceUnit--PLANNED_DELIVERY_DATE","interaction":{"idSuffix":"inner"}},"wdio_ui5_key":"applicationmanageresources-display-component---newResourceUnit--PLANNED_DELIVERY_DATE"}]}
COMMAND: GET /session/303b620337c9fc649091c0886b4f3ed5/screenshot - {}
RESULT: {"script":"<script> [1562 bytes]","args":[{"selector":{"id":"application-manageresources-display-component---newResourceUnit--PLANNED_DELIVERY_DATE","interaction":{"idSuffix":"inner"}},"wdio_ui5_key":"applicationmanageresources-display-component---newResourceUnit--PLANNED_DELIVERY_DATE"}]}
RESULT: undefined
COMMAND: POST /session/303b620337c9fc649091c0886b4f3ed5/execute/async - {"script":"<script> [6424 bytes]","args":[{"element-6066-11e4-a52e-4f735466cecf":"f.62C650E5BE8E3EAD9A8425B5CEFE7832.d.865BDB625E46DF3EFCEEF21873AE7868.e.1694"},"setValue",["06/18/24"]]}
RESULT: {}
RESULT: {"script":"<script> [6424 bytes]","args":[{"element-6066-11e4-a52e-4f735466cecf":"f.62C650E5BE8E3EAD9A8425B5CEFE7832.d.865BDB625E46DF3EFCEEF21873AE7868.e.1694"},"setValue",["06/18/24"]]}
COMMAND: POST /session/303b620337c9fc649091c0886b4f3ed5/execute/async - {"script":"<script> [1562 bytes]","args":[{"selector":{"id":"application-manageresources-display-component---newResourceUnit--RETIRE_PLANNED_DATE","interaction":{"idSuffix":"inner"}},"wdio_ui5_key":"applicationmanageresources-display-component---newResourceUnit--RETIRE_PLANNED_DATE"}]}
RESULT: {"script":"<script> [1562 bytes]","args":[{"selector":{"id":"application-manageresources-display-component---newResourceUnit--RETIRE_PLANNED_DATE","interaction":{"idSuffix":"inner"}},"wdio_ui5_key":"applicationmanageresources-display-component---newResourceUnit--RETIRE_PLANNED_DATE"}]}
RESULT: undefined
COMMAND: POST /session/303b620337c9fc649091c0886b4f3ed5/execute/async - {"script":"<script> [776 bytes]","args":[{"enterText":"3/14/29","selector":{"id":"application-manageresources-display-component---newResourceUnit--RETIRE_PLANNED_DATE","interaction":{"idSuffix":"inner"}},"clearTextFirst":true,"interactionType":"ENTER_TEXT"}]}
RESULT: {"script":"<script> [776 bytes]","args":[{"enterText":"3/14/29","selector":{"id":"application-manageresources-display-component---newResourceUnit--RETIRE_PLANNED_DATE","interaction":{"idSuffix":"inner"}},"clearTextFirst":true,"interactionType":"ENTER_TEXT"}]}
RESULT: undefined
COMMAND: POST /session/303b620337c9fc649091c0886b4f3ed5/element - {"using":"xpath","value":"//*[@id=\"application-manageresources-display-component---newResourceUnit--createRuButton\"]"}
RESULT: {"using":"xpath","value":"//*[@id=\"application-manageresources-display-component---newResourceUnit--createRuButton\"]"}
COMMAND: POST /session/303b620337c9fc649091c0886b4f3ed5/element/f.62C650E5BE8E3EAD9A8425B5CEFE7832.d.865BDB625E46DF3EFCEEF21873AE7868.e.1554/click - {}
RESULT: {}
COMMAND: GET /session/303b620337c9fc649091c0886b4f3ed5/screenshot - {}
RESULT: {}
COMMAND: POST /session/303b620337c9fc649091c0886b4f3ed5/element - {"using":"xpath","value":"(//bdi[contains(text(), \"Close\")])[1]"}
RESULT: {"using":"xpath","value":"(//bdi[contains(text(), \"Close\")])[1]"}
COMMAND: POST /session/303b620337c9fc649091c0886b4f3ed5/element/f.62C650E5BE8E3EAD9A8425B5CEFE7832.d.865BDB625E46DF3EFCEEF21873AE7868.e.1854/click - {}
RESULT: {}
COMMAND: GET /session/303b620337c9fc649091c0886b4f3ed5/screenshot - {}
]]></system-out>
    </testcase>
    <testcase classname="chrome.136_0_7103_93.windows.Related_resources_for_groups_US139107" name="Should verify the current location hyperlinks in related resources" time="202.224">
      <system-out><![CDATA[
COMMAND: POST /session/303b620337c9fc649091c0886b4f3ed5/element - {"using":"xpath","value":"//*[contains(@data-kt ,\"openLocationActionMenuLink\")]"}
COMMAND: GET /session/303b620337c9fc649091c0886b4f3ed5/screenshot - {}
RESULT: {"using":"xpath","value":"//*[contains(@data-kt ,\"openLocationActionMenuLink\")]"}
COMMAND: POST /session/303b620337c9fc649091c0886b4f3ed5/execute/sync - {"script":"<script> [8489 bytes]","args":[{"element-6066-11e4-a52e-4f735466cecf":"f.62C650E5BE8E3EAD9A8425B5CEFE7832.d.865BDB625E46DF3EFCEEF21873AE7868.e.2019","ELEMENT":"f.62C650E5BE8E3EAD9A8425B5CEFE7832.d.865BDB625E46DF3EFCEEF21873AE7868.e.2019"}]}
RESULT: {}
RESULT: {"script":"<script> [8489 bytes]","args":[{"element-6066-11e4-a52e-4f735466cecf":"f.62C650E5BE8E3EAD9A8425B5CEFE7832.d.865BDB625E46DF3EFCEEF21873AE7868.e.2019","ELEMENT":"f.62C650E5BE8E3EAD9A8425B5CEFE7832.d.865BDB625E46DF3EFCEEF21873AE7868.e.2019"}]}
COMMAND: POST /session/303b620337c9fc649091c0886b4f3ed5/execute/sync - {"script":"<script> [5351 bytes]","args":[{"element-6066-11e4-a52e-4f735466cecf":"f.62C650E5BE8E3EAD9A8425B5CEFE7832.d.865BDB625E46DF3EFCEEF21873AE7868.e.2019","ELEMENT":"f.62C650E5BE8E3EAD9A8425B5CEFE7832.d.865BDB625E46DF3EFCEEF21873AE7868.e.2019"}]}
COMMAND: GET /session/303b620337c9fc649091c0886b4f3ed5/screenshot - {}
RESULT: {"script":"<script> [5351 bytes]","args":[{"element-6066-11e4-a52e-4f735466cecf":"f.62C650E5BE8E3EAD9A8425B5CEFE7832.d.865BDB625E46DF3EFCEEF21873AE7868.e.2019","ELEMENT":"f.62C650E5BE8E3EAD9A8425B5CEFE7832.d.865BDB625E46DF3EFCEEF21873AE7868.e.2019"}]}
COMMAND: POST /session/303b620337c9fc649091c0886b4f3ed5/element/f.62C650E5BE8E3EAD9A8425B5CEFE7832.d.865BDB625E46DF3EFCEEF21873AE7868.e.2019/click - {}
COMMAND: GET /session/303b620337c9fc649091c0886b4f3ed5/screenshot - {}
RESULT: {}
RESULT: {}
COMMAND: GET /session/303b620337c9fc649091c0886b4f3ed5/screenshot - {}
RESULT: {}
RESULT: {}
COMMAND: POST /session/303b620337c9fc649091c0886b4f3ed5/element - {"using":"xpath","value":"//a[contains(@class ,\"sapMLnk sapMLnkMaxWidth sapUiTinyMarginTop\")][contains(text(), \"Yard Overview\")]"}
RESULT: {"using":"xpath","value":"//a[contains(@class ,\"sapMLnk sapMLnkMaxWidth sapUiTinyMarginTop\")][contains(text(), \"Yard Overview\")]"}
COMMAND: POST /session/303b620337c9fc649091c0886b4f3ed5/execute/sync - {"script":"<script> [8489 bytes]","args":[{"element-6066-11e4-a52e-4f735466cecf":"f.62C650E5BE8E3EAD9A8425B5CEFE7832.d.865BDB625E46DF3EFCEEF21873AE7868.e.2021","ELEMENT":"f.62C650E5BE8E3EAD9A8425B5CEFE7832.d.865BDB625E46DF3EFCEEF21873AE7868.e.2021"}]}
COMMAND: POST /session/303b620337c9fc649091c0886b4f3ed5/element - {"using":"xpath","value":"//a[contains(@class ,\"sapMLnk sapMLnkMaxWidth sapUiTinyMarginTop\")][contains(text(), \"Yard Address\")]"}
RESULT: {"script":"<script> [8489 bytes]","args":[{"element-6066-11e4-a52e-4f735466cecf":"f.62C650E5BE8E3EAD9A8425B5CEFE7832.d.865BDB625E46DF3EFCEEF21873AE7868.e.2021","ELEMENT":"f.62C650E5BE8E3EAD9A8425B5CEFE7832.d.865BDB625E46DF3EFCEEF21873AE7868.e.2021"}]}
RESULT: {"using":"xpath","value":"//a[contains(@class ,\"sapMLnk sapMLnkMaxWidth sapUiTinyMarginTop\")][contains(text(), \"Yard Address\")]"}
COMMAND: POST /session/303b620337c9fc649091c0886b4f3ed5/execute/sync - {"script":"<script> [8489 bytes]","args":[{"element-6066-11e4-a52e-4f735466cecf":"f.62C650E5BE8E3EAD9A8425B5CEFE7832.d.865BDB625E46DF3EFCEEF21873AE7868.e.2022","ELEMENT":"f.62C650E5BE8E3EAD9A8425B5CEFE7832.d.865BDB625E46DF3EFCEEF21873AE7868.e.2022"}]}
COMMAND: POST /session/303b620337c9fc649091c0886b4f3ed5/element/f.62C650E5BE8E3EAD9A8425B5CEFE7832.d.865BDB625E46DF3EFCEEF21873AE7868.e.2021/click - {}
COMMAND: GET /session/303b620337c9fc649091c0886b4f3ed5/screenshot - {}
RESULT: {"script":"<script> [8489 bytes]","args":[{"element-6066-11e4-a52e-4f735466cecf":"f.62C650E5BE8E3EAD9A8425B5CEFE7832.d.865BDB625E46DF3EFCEEF21873AE7868.e.2022","ELEMENT":"f.62C650E5BE8E3EAD9A8425B5CEFE7832.d.865BDB625E46DF3EFCEEF21873AE7868.e.2022"}]}
RESULT: {}
RESULT: {}
COMMAND: GET /session/303b620337c9fc649091c0886b4f3ed5/screenshot - {}
COMMAND: GET /session/303b620337c9fc649091c0886b4f3ed5/screenshot - {}
RESULT: {}
RESULT: {}
COMMAND: POST /session/303b620337c9fc649091c0886b4f3ed5/execute/async - {"script":"<script> [1562 bytes]","args":[{"selector":{"id":"shellAppTitle"},"wdio_ui5_key":"shellAppTitle"}]}
RESULT: {"script":"<script> [1562 bytes]","args":[{"selector":{"id":"shellAppTitle"},"wdio_ui5_key":"shellAppTitle"}]}
RESULT: undefined
COMMAND: POST /session/303b620337c9fc649091c0886b4f3ed5/execute/async - {"script":"<script> [6424 bytes]","args":[{"element-6066-11e4-a52e-4f735466cecf":"f.62C650E5BE8E3EAD9A8425B5CEFE7832.d.865BDB625E46DF3EFCEEF21873AE7868.e.2156"},"getTitle",[]]}
RESULT: {"script":"<script> [6424 bytes]","args":[{"element-6066-11e4-a52e-4f735466cecf":"f.62C650E5BE8E3EAD9A8425B5CEFE7832.d.865BDB625E46DF3EFCEEF21873AE7868.e.2156"},"getTitle",[]]}
COMMAND: POST /session/303b620337c9fc649091c0886b4f3ed5/element - {"using":"xpath","value":"(//span[contains(text(), \"null\")])[2]"}
RESULT: {"using":"xpath","value":"(//span[contains(text(), \"null\")])[2]"}
COMMAND: POST /session/303b620337c9fc649091c0886b4f3ed5/element - {"using":"xpath","value":"(//span[contains(text(), \"null\")])[2]"}
COMMAND: POST /session/303b620337c9fc649091c0886b4f3ed5/execute/async - {"script":"<script> [1562 bytes]","args":[{"selector":{"id":"backBtn"},"wdio_ui5_key":"backBtn"}]}
RESULT: {"using":"xpath","value":"(//span[contains(text(), \"null\")])[2]"}
RESULT: {"script":"<script> [1562 bytes]","args":[{"selector":{"id":"backBtn"},"wdio_ui5_key":"backBtn"}]}
RESULT: undefined
COMMAND: POST /session/303b620337c9fc649091c0886b4f3ed5/element - {"using":"xpath","value":"//*[@id=\"backBtn\"]"}
RESULT: {"using":"xpath","value":"//*[@id=\"backBtn\"]"}
COMMAND: POST /session/303b620337c9fc649091c0886b4f3ed5/element/f.62C650E5BE8E3EAD9A8425B5CEFE7832.d.865BDB625E46DF3EFCEEF21873AE7868.e.2157/click - {}
COMMAND: POST /session/303b620337c9fc649091c0886b4f3ed5/element - {"using":"xpath","value":"(//span[contains(text(), \"null\")])[2]"}
RESULT: {}
COMMAND: GET /session/303b620337c9fc649091c0886b4f3ed5/screenshot - {}
RESULT: {"using":"xpath","value":"(//span[contains(text(), \"null\")])[2]"}
COMMAND: POST /session/303b620337c9fc649091c0886b4f3ed5/element - {"using":"xpath","value":"(//span[contains(text(), \"null\")])[2]"}
RESULT: {}
RESULT: {"using":"xpath","value":"(//span[contains(text(), \"null\")])[2]"}
COMMAND: POST /session/303b620337c9fc649091c0886b4f3ed5/element - {"using":"xpath","value":"(//span[contains(text(), \"null\")])[2]"}
RESULT: {"using":"xpath","value":"(//span[contains(text(), \"null\")])[2]"}
COMMAND: POST /session/303b620337c9fc649091c0886b4f3ed5/element - {"using":"xpath","value":"(//span[contains(text(), \"null\")])[2]"}
RESULT: {"using":"xpath","value":"(//span[contains(text(), \"null\")])[2]"}
COMMAND: POST /session/303b620337c9fc649091c0886b4f3ed5/element - {"using":"xpath","value":"(//span[contains(text(), \"null\")])[2]"}
COMMAND: POST /session/303b620337c9fc649091c0886b4f3ed5/element - {"using":"xpath","value":"//bdi[contains(@id ,\"application-manageresources-display-component---detailRU--openRelatedRus-BDI-content\")]"}
RESULT: {"using":"xpath","value":"(//span[contains(text(), \"null\")])[2]"}
RESULT: {"using":"xpath","value":"//bdi[contains(@id ,\"application-manageresources-display-component---detailRU--openRelatedRus-BDI-content\")]"}
COMMAND: POST /session/303b620337c9fc649091c0886b4f3ed5/execute/sync - {"script":"<script> [8489 bytes]","args":[{"element-6066-11e4-a52e-4f735466cecf":"f.62C650E5BE8E3EAD9A8425B5CEFE7832.d.865BDB625E46DF3EFCEEF21873AE7868.e.2516","ELEMENT":"f.62C650E5BE8E3EAD9A8425B5CEFE7832.d.865BDB625E46DF3EFCEEF21873AE7868.e.2516"}]}
RESULT: {"script":"<script> [8489 bytes]","args":[{"element-6066-11e4-a52e-4f735466cecf":"f.62C650E5BE8E3EAD9A8425B5CEFE7832.d.865BDB625E46DF3EFCEEF21873AE7868.e.2516","ELEMENT":"f.62C650E5BE8E3EAD9A8425B5CEFE7832.d.865BDB625E46DF3EFCEEF21873AE7868.e.2516"}]}
COMMAND: POST /session/303b620337c9fc649091c0886b4f3ed5/execute/sync - {"script":"<script> [5351 bytes]","args":[{"element-6066-11e4-a52e-4f735466cecf":"f.62C650E5BE8E3EAD9A8425B5CEFE7832.d.865BDB625E46DF3EFCEEF21873AE7868.e.2516","ELEMENT":"f.62C650E5BE8E3EAD9A8425B5CEFE7832.d.865BDB625E46DF3EFCEEF21873AE7868.e.2516"}]}
COMMAND: GET /session/303b620337c9fc649091c0886b4f3ed5/screenshot - {}
COMMAND: POST /session/303b620337c9fc649091c0886b4f3ed5/element - {"using":"xpath","value":"(//span[contains(text(), \"null\")])[2]"}
RESULT: {"script":"<script> [5351 bytes]","args":[{"element-6066-11e4-a52e-4f735466cecf":"f.62C650E5BE8E3EAD9A8425B5CEFE7832.d.865BDB625E46DF3EFCEEF21873AE7868.e.2516","ELEMENT":"f.62C650E5BE8E3EAD9A8425B5CEFE7832.d.865BDB625E46DF3EFCEEF21873AE7868.e.2516"}]}
COMMAND: POST /session/303b620337c9fc649091c0886b4f3ed5/element/f.62C650E5BE8E3EAD9A8425B5CEFE7832.d.865BDB625E46DF3EFCEEF21873AE7868.e.2516/click - {}
COMMAND: GET /session/303b620337c9fc649091c0886b4f3ed5/screenshot - {}
RESULT: {}
RESULT: {"using":"xpath","value":"(//span[contains(text(), \"null\")])[2]"}
RESULT: {}
RESULT: {}
COMMAND: GET /session/303b620337c9fc649091c0886b4f3ed5/screenshot - {}
COMMAND: POST /session/303b620337c9fc649091c0886b4f3ed5/element - {"using":"xpath","value":"(//span[contains(text(), \"null\")])[2]"}
RESULT: {}
RESULT: {"using":"xpath","value":"(//span[contains(text(), \"null\")])[2]"}
COMMAND: POST /session/303b620337c9fc649091c0886b4f3ed5/element - {"using":"xpath","value":"(//span[contains(text(), \"null\")])[2]"}
RESULT: {"using":"xpath","value":"(//span[contains(text(), \"null\")])[2]"}
COMMAND: POST /session/303b620337c9fc649091c0886b4f3ed5/element - {"using":"xpath","value":"(//span[contains(text(), \"null\")])[2]"}
RESULT: {"using":"xpath","value":"(//span[contains(text(), \"null\")])[2]"}
COMMAND: POST /session/303b620337c9fc649091c0886b4f3ed5/element - {"using":"xpath","value":"(//span[contains(text(), \"null\")])[2]"}
RESULT: {"using":"xpath","value":"(//span[contains(text(), \"null\")])[2]"}
COMMAND: POST /session/303b620337c9fc649091c0886b4f3ed5/element - {"using":"xpath","value":"(//span[contains(text(), \"null\")])[2]"}
RESULT: {"using":"xpath","value":"(//span[contains(text(), \"null\")])[2]"}
COMMAND: POST /session/303b620337c9fc649091c0886b4f3ed5/element - {"using":"xpath","value":"(//span[contains(text(), \"null\")])[2]"}
RESULT: {"using":"xpath","value":"(//span[contains(text(), \"null\")])[2]"}
COMMAND: POST /session/303b620337c9fc649091c0886b4f3ed5/element - {"using":"xpath","value":"(//span[contains(text(), \"null\")])[2]"}
RESULT: {"using":"xpath","value":"(//span[contains(text(), \"null\")])[2]"}
COMMAND: POST /session/303b620337c9fc649091c0886b4f3ed5/element - {"using":"xpath","value":"(//span[contains(text(), \"null\")])[2]"}
RESULT: {"using":"xpath","value":"(//span[contains(text(), \"null\")])[2]"}
COMMAND: POST /session/303b620337c9fc649091c0886b4f3ed5/element - {"using":"xpath","value":"(//span[contains(text(), \"null\")])[2]"}
RESULT: {"using":"xpath","value":"(//span[contains(text(), \"null\")])[2]"}
COMMAND: POST /session/303b620337c9fc649091c0886b4f3ed5/element/f.62C650E5BE8E3EAD9A8425B5CEFE7832.d.865BDB625E46DF3EFCEEF21873AE7868.e.2019/click - {}
COMMAND: POST /session/303b620337c9fc649091c0886b4f3ed5/element - {"using":"xpath","value":"//*[contains(@data-kt ,\"openLocationActionMenuLink\")]"}
RESULT: {"using":"xpath","value":"//*[contains(@data-kt ,\"openLocationActionMenuLink\")]"}
COMMAND: POST /session/303b620337c9fc649091c0886b4f3ed5/element/f.62C650E5BE8E3EAD9A8425B5CEFE7832.d.865BDB625E46DF3EFCEEF21873AE7868.e.2019/click - {}
COMMAND: POST /session/303b620337c9fc649091c0886b4f3ed5/element - {"using":"xpath","value":"//*[contains(@data-kt ,\"openLocationActionMenuLink\")]"}
RESULT: {"using":"xpath","value":"//*[contains(@data-kt ,\"openLocationActionMenuLink\")]"}
COMMAND: POST /session/303b620337c9fc649091c0886b4f3ed5/element/f.62C650E5BE8E3EAD9A8425B5CEFE7832.d.865BDB625E46DF3EFCEEF21873AE7868.e.2520/click - {}
COMMAND: POST /session/303b620337c9fc649091c0886b4f3ed5/element - {"using":"xpath","value":"(//span[contains(text(), \"null\")])[2]"}
RESULT: {}
COMMAND: GET /session/303b620337c9fc649091c0886b4f3ed5/screenshot - {}
RESULT: {"using":"xpath","value":"(//span[contains(text(), \"null\")])[2]"}
RESULT: {}
COMMAND: POST /session/303b620337c9fc649091c0886b4f3ed5/element - {"using":"xpath","value":"(//span[contains(text(), \"null\")])[2]"}
RESULT: {"using":"xpath","value":"(//span[contains(text(), \"null\")])[2]"}
COMMAND: POST /session/303b620337c9fc649091c0886b4f3ed5/element - {"using":"xpath","value":"(//span[contains(text(), \"null\")])[2]"}
RESULT: {"using":"xpath","value":"(//span[contains(text(), \"null\")])[2]"}
COMMAND: POST /session/303b620337c9fc649091c0886b4f3ed5/element/f.62C650E5BE8E3EAD9A8425B5CEFE7832.d.865BDB625E46DF3EFCEEF21873AE7868.e.2022/click - {}
COMMAND: POST /session/303b620337c9fc649091c0886b4f3ed5/element - {"using":"xpath","value":"//a[contains(@class ,\"sapMLnk sapMLnkMaxWidth sapUiTinyMarginTop\")][contains(text(), \"Yard Address\")]"}
RESULT: {"using":"xpath","value":"//a[contains(@class ,\"sapMLnk sapMLnkMaxWidth sapUiTinyMarginTop\")][contains(text(), \"Yard Address\")]"}
COMMAND: POST /session/303b620337c9fc649091c0886b4f3ed5/element/f.62C650E5BE8E3EAD9A8425B5CEFE7832.d.865BDB625E46DF3EFCEEF21873AE7868.e.2022/click - {}
COMMAND: POST /session/303b620337c9fc649091c0886b4f3ed5/element - {"using":"xpath","value":"//a[contains(@class ,\"sapMLnk sapMLnkMaxWidth sapUiTinyMarginTop\")][contains(text(), \"Yard Address\")]"}
RESULT: {"using":"xpath","value":"//a[contains(@class ,\"sapMLnk sapMLnkMaxWidth sapUiTinyMarginTop\")][contains(text(), \"Yard Address\")]"}
COMMAND: POST /session/303b620337c9fc649091c0886b4f3ed5/element/f.62C650E5BE8E3EAD9A8425B5CEFE7832.d.865BDB625E46DF3EFCEEF21873AE7868.e.2522/click - {}
RESULT: {}
COMMAND: GET /session/303b620337c9fc649091c0886b4f3ed5/screenshot - {}
COMMAND: POST /session/303b620337c9fc649091c0886b4f3ed5/element - {"using":"xpath","value":"(//span[contains(text(), \"null\")])[2]"}
RESULT: {}
RESULT: {"using":"xpath","value":"(//span[contains(text(), \"null\")])[2]"}
COMMAND: POST /session/303b620337c9fc649091c0886b4f3ed5/element - {"using":"xpath","value":"(//span[contains(text(), \"null\")])[2]"}
RESULT: {"using":"xpath","value":"(//span[contains(text(), \"null\")])[2]"}
COMMAND: POST /session/303b620337c9fc649091c0886b4f3ed5/element - {"using":"xpath","value":"(//span[contains(text(), \"null\")])[2]"}
RESULT: {"using":"xpath","value":"(//span[contains(text(), \"null\")])[2]"}
COMMAND: POST /session/303b620337c9fc649091c0886b4f3ed5/element - {"using":"xpath","value":"(//span[contains(text(), \"null\")])[2]"}
RESULT: {"using":"xpath","value":"(//span[contains(text(), \"null\")])[2]"}
COMMAND: POST /session/303b620337c9fc649091c0886b4f3ed5/element - {"using":"xpath","value":"(//span[contains(text(), \"null\")])[2]"}
RESULT: {"using":"xpath","value":"(//span[contains(text(), \"null\")])[2]"}
COMMAND: POST /session/303b620337c9fc649091c0886b4f3ed5/element - {"using":"xpath","value":"(//span[contains(text(), \"null\")])[2]"}
RESULT: {"using":"xpath","value":"(//span[contains(text(), \"null\")])[2]"}
COMMAND: POST /session/303b620337c9fc649091c0886b4f3ed5/element - {"using":"xpath","value":"(//span[contains(text(), \"null\")])[2]"}
RESULT: {"using":"xpath","value":"(//span[contains(text(), \"null\")])[2]"}
COMMAND: POST /session/303b620337c9fc649091c0886b4f3ed5/element - {"using":"xpath","value":"(//span[contains(text(), \"null\")])[2]"}
RESULT: {"using":"xpath","value":"(//span[contains(text(), \"null\")])[2]"}
COMMAND: POST /session/303b620337c9fc649091c0886b4f3ed5/element - {"using":"xpath","value":"(//span[contains(text(), \"null\")])[2]"}
RESULT: {"using":"xpath","value":"(//span[contains(text(), \"null\")])[2]"}
COMMAND: POST /session/303b620337c9fc649091c0886b4f3ed5/element - {"using":"xpath","value":"(//span[contains(text(), \"null\")])[2]"}
RESULT: {"using":"xpath","value":"(//span[contains(text(), \"null\")])[2]"}
COMMAND: POST /session/303b620337c9fc649091c0886b4f3ed5/element - {"using":"xpath","value":"(//span[contains(text(), \"null\")])[2]"}
RESULT: {"using":"xpath","value":"(//span[contains(text(), \"null\")])[2]"}
COMMAND: POST /session/303b620337c9fc649091c0886b4f3ed5/element - {"using":"xpath","value":"(//span[contains(text(), \"null\")])[2]"}
RESULT: {"using":"xpath","value":"(//span[contains(text(), \"null\")])[2]"}
COMMAND: POST /session/303b620337c9fc649091c0886b4f3ed5/element - {"using":"xpath","value":"(//span[contains(text(), \"null\")])[2]"}
RESULT: {"using":"xpath","value":"(//span[contains(text(), \"null\")])[2]"}
RESULT: undefined
COMMAND: POST /session/303b620337c9fc649091c0886b4f3ed5/execute/async - {"script":"<script> [6424 bytes]","args":[{"element-6066-11e4-a52e-4f735466cecf":"f.62C650E5BE8E3EAD9A8425B5CEFE7832.d.865BDB625E46DF3EFCEEF21873AE7868.e.2156"},"getTitle",[]]}
COMMAND: POST /session/303b620337c9fc649091c0886b4f3ed5/execute/async - {"script":"<script> [1562 bytes]","args":[{"selector":{"id":"shellAppTitle"},"wdio_ui5_key":"shellAppTitle"}]}
COMMAND: POST /session/303b620337c9fc649091c0886b4f3ed5/element - {"using":"xpath","value":"(//span[contains(text(), \"null\")])[2]"}
RESULT: {"script":"<script> [1562 bytes]","args":[{"selector":{"id":"shellAppTitle"},"wdio_ui5_key":"shellAppTitle"}]}
COMMAND: POST /session/303b620337c9fc649091c0886b4f3ed5/execute/async - {"script":"<script> [6424 bytes]","args":[{"element-6066-11e4-a52e-4f735466cecf":"f.62C650E5BE8E3EAD9A8425B5CEFE7832.d.865BDB625E46DF3EFCEEF21873AE7868.e.2809"},"getTitle",[]]}
RESULT: {"using":"xpath","value":"(//span[contains(text(), \"null\")])[2]"}
RESULT: {"script":"<script> [6424 bytes]","args":[{"element-6066-11e4-a52e-4f735466cecf":"f.62C650E5BE8E3EAD9A8425B5CEFE7832.d.865BDB625E46DF3EFCEEF21873AE7868.e.2809"},"getTitle",[]]}
COMMAND: POST /session/303b620337c9fc649091c0886b4f3ed5/element - {"using":"xpath","value":"//span[contains(@id ,\"application-addressmanagement-display-component---detailAdm--addressDetailDetailsName1\")][contains(text(), \"null\")]"}
RESULT: {"using":"xpath","value":"//span[contains(@id ,\"application-addressmanagement-display-component---detailAdm--addressDetailDetailsName1\")][contains(text(), \"null\")]"}
COMMAND: POST /session/303b620337c9fc649091c0886b4f3ed5/element - {"using":"xpath","value":"//span[contains(@id ,\"application-addressmanagement-display-component---detailAdm--addressDetailDetailsName1\")][contains(text(), \"null\")]"}
RESULT: undefined
COMMAND: POST /session/303b620337c9fc649091c0886b4f3ed5/element - {"using":"xpath","value":"//*[@id=\"backBtn\"]"}
RESULT: {"using":"xpath","value":"//*[@id=\"backBtn\"]"}
COMMAND: POST /session/303b620337c9fc649091c0886b4f3ed5/element/f.62C650E5BE8E3EAD9A8425B5CEFE7832.d.865BDB625E46DF3EFCEEF21873AE7868.e.2157/click - {}
RESULT: {"using":"xpath","value":"//span[contains(@id ,\"application-addressmanagement-display-component---detailAdm--addressDetailDetailsName1\")][contains(text(), \"null\")]"}
RESULT: {}
COMMAND: GET /session/303b620337c9fc649091c0886b4f3ed5/screenshot - {}
COMMAND: POST /session/303b620337c9fc649091c0886b4f3ed5/element - {"using":"xpath","value":"//span[contains(@id ,\"application-addressmanagement-display-component---detailAdm--addressDetailDetailsName1\")][contains(text(), \"null\")]"}
RESULT: {}
RESULT: {"using":"xpath","value":"//span[contains(@id ,\"application-addressmanagement-display-component---detailAdm--addressDetailDetailsName1\")][contains(text(), \"null\")]"}
COMMAND: POST /session/303b620337c9fc649091c0886b4f3ed5/element - {"using":"xpath","value":"//span[contains(@id ,\"application-addressmanagement-display-component---detailAdm--addressDetailDetailsName1\")][contains(text(), \"null\")]"}
RESULT: {"using":"xpath","value":"//span[contains(@id ,\"application-addressmanagement-display-component---detailAdm--addressDetailDetailsName1\")][contains(text(), \"null\")]"}
COMMAND: POST /session/303b620337c9fc649091c0886b4f3ed5/element - {"using":"xpath","value":"//span[contains(@id ,\"application-addressmanagement-display-component---detailAdm--addressDetailDetailsName1\")][contains(text(), \"null\")]"}
RESULT: {"using":"xpath","value":"//span[contains(@id ,\"application-addressmanagement-display-component---detailAdm--addressDetailDetailsName1\")][contains(text(), \"null\")]"}
COMMAND: POST /session/303b620337c9fc649091c0886b4f3ed5/element - {"using":"xpath","value":"//span[contains(@id ,\"application-addressmanagement-display-component---detailAdm--addressDetailDetailsName1\")][contains(text(), \"null\")]"}
RESULT: {"using":"xpath","value":"//span[contains(@id ,\"application-addressmanagement-display-component---detailAdm--addressDetailDetailsName1\")][contains(text(), \"null\")]"}
COMMAND: POST /session/303b620337c9fc649091c0886b4f3ed5/element - {"using":"xpath","value":"//span[contains(@id ,\"application-addressmanagement-display-component---detailAdm--addressDetailDetailsName1\")][contains(text(), \"null\")]"}
RESULT: {"using":"xpath","value":"//span[contains(@id ,\"application-addressmanagement-display-component---detailAdm--addressDetailDetailsName1\")][contains(text(), \"null\")]"}
COMMAND: POST /session/303b620337c9fc649091c0886b4f3ed5/element - {"using":"xpath","value":"//span[contains(@id ,\"application-addressmanagement-display-component---detailAdm--addressDetailDetailsName1\")][contains(text(), \"null\")]"}
RESULT: {"using":"xpath","value":"//span[contains(@id ,\"application-addressmanagement-display-component---detailAdm--addressDetailDetailsName1\")][contains(text(), \"null\")]"}
COMMAND: POST /session/303b620337c9fc649091c0886b4f3ed5/element - {"using":"xpath","value":"//span[contains(@id ,\"application-addressmanagement-display-component---detailAdm--addressDetailDetailsName1\")][contains(text(), \"null\")]"}
RESULT: {"using":"xpath","value":"//span[contains(@id ,\"application-addressmanagement-display-component---detailAdm--addressDetailDetailsName1\")][contains(text(), \"null\")]"}
COMMAND: POST /session/303b620337c9fc649091c0886b4f3ed5/element - {"using":"xpath","value":"//span[contains(@id ,\"application-addressmanagement-display-component---detailAdm--addressDetailDetailsName1\")][contains(text(), \"null\")]"}
RESULT: {"using":"xpath","value":"//span[contains(@id ,\"application-addressmanagement-display-component---detailAdm--addressDetailDetailsName1\")][contains(text(), \"null\")]"}
COMMAND: POST /session/303b620337c9fc649091c0886b4f3ed5/element - {"using":"xpath","value":"//span[contains(@id ,\"application-addressmanagement-display-component---detailAdm--addressDetailDetailsName1\")][contains(text(), \"null\")]"}
RESULT: {"using":"xpath","value":"//span[contains(@id ,\"application-addressmanagement-display-component---detailAdm--addressDetailDetailsName1\")][contains(text(), \"null\")]"}
COMMAND: POST /session/303b620337c9fc649091c0886b4f3ed5/element - {"using":"xpath","value":"//span[contains(@id ,\"application-addressmanagement-display-component---detailAdm--addressDetailDetailsName1\")][contains(text(), \"null\")]"}
RESULT: {"using":"xpath","value":"//span[contains(@id ,\"application-addressmanagement-display-component---detailAdm--addressDetailDetailsName1\")][contains(text(), \"null\")]"}
COMMAND: POST /session/303b620337c9fc649091c0886b4f3ed5/element - {"using":"xpath","value":"//span[contains(@id ,\"application-addressmanagement-display-component---detailAdm--addressDetailDetailsName1\")][contains(text(), \"null\")]"}
RESULT: {"using":"xpath","value":"//span[contains(@id ,\"application-addressmanagement-display-component---detailAdm--addressDetailDetailsName1\")][contains(text(), \"null\")]"}
COMMAND: POST /session/303b620337c9fc649091c0886b4f3ed5/element - {"using":"xpath","value":"//span[contains(@id ,\"application-addressmanagement-display-component---detailAdm--addressDetailDetailsName1\")][contains(text(), \"null\")]"}
RESULT: {"using":"xpath","value":"//span[contains(@id ,\"application-addressmanagement-display-component---detailAdm--addressDetailDetailsName1\")][contains(text(), \"null\")]"}
COMMAND: POST /session/303b620337c9fc649091c0886b4f3ed5/element - {"using":"xpath","value":"//span[contains(@id ,\"application-addressmanagement-display-component---detailAdm--addressDetailDetailsName1\")][contains(text(), \"null\")]"}
RESULT: {"using":"xpath","value":"//span[contains(@id ,\"application-addressmanagement-display-component---detailAdm--addressDetailDetailsName1\")][contains(text(), \"null\")]"}
COMMAND: POST /session/303b620337c9fc649091c0886b4f3ed5/element - {"using":"xpath","value":"//span[contains(@id ,\"application-addressmanagement-display-component---detailAdm--addressDetailDetailsName1\")][contains(text(), \"null\")]"}
RESULT: {"using":"xpath","value":"//span[contains(@id ,\"application-addressmanagement-display-component---detailAdm--addressDetailDetailsName1\")][contains(text(), \"null\")]"}
COMMAND: POST /session/303b620337c9fc649091c0886b4f3ed5/execute/sync - {"script":"<script> [8489 bytes]","args":[{"element-6066-11e4-a52e-4f735466cecf":"f.62C650E5BE8E3EAD9A8425B5CEFE7832.d.865BDB625E46DF3EFCEEF21873AE7868.e.2516","ELEMENT":"f.62C650E5BE8E3EAD9A8425B5CEFE7832.d.865BDB625E46DF3EFCEEF21873AE7868.e.2516"}]}
COMMAND: POST /session/303b620337c9fc649091c0886b4f3ed5/element - {"using":"xpath","value":"//span[contains(@id ,\"application-addressmanagement-display-component---detailAdm--addressDetailDetailsName1\")][contains(text(), \"null\")]"}
COMMAND: POST /session/303b620337c9fc649091c0886b4f3ed5/element - {"using":"xpath","value":"//bdi[contains(@id ,\"application-manageresources-display-component---detailRU--openRelatedRus-BDI-content\")]"}
RESULT: {"using":"xpath","value":"//span[contains(@id ,\"application-addressmanagement-display-component---detailAdm--addressDetailDetailsName1\")][contains(text(), \"null\")]"}
RESULT: {"using":"xpath","value":"//bdi[contains(@id ,\"application-manageresources-display-component---detailRU--openRelatedRus-BDI-content\")]"}
COMMAND: POST /session/303b620337c9fc649091c0886b4f3ed5/execute/sync - {"script":"<script> [8489 bytes]","args":[{"element-6066-11e4-a52e-4f735466cecf":"f.62C650E5BE8E3EAD9A8425B5CEFE7832.d.865BDB625E46DF3EFCEEF21873AE7868.e.3044","ELEMENT":"f.62C650E5BE8E3EAD9A8425B5CEFE7832.d.865BDB625E46DF3EFCEEF21873AE7868.e.3044"}]}
RESULT: {"script":"<script> [8489 bytes]","args":[{"element-6066-11e4-a52e-4f735466cecf":"f.62C650E5BE8E3EAD9A8425B5CEFE7832.d.865BDB625E46DF3EFCEEF21873AE7868.e.3044","ELEMENT":"f.62C650E5BE8E3EAD9A8425B5CEFE7832.d.865BDB625E46DF3EFCEEF21873AE7868.e.3044"}]}
COMMAND: POST /session/303b620337c9fc649091c0886b4f3ed5/execute/sync - {"script":"<script> [5351 bytes]","args":[{"element-6066-11e4-a52e-4f735466cecf":"f.62C650E5BE8E3EAD9A8425B5CEFE7832.d.865BDB625E46DF3EFCEEF21873AE7868.e.3044","ELEMENT":"f.62C650E5BE8E3EAD9A8425B5CEFE7832.d.865BDB625E46DF3EFCEEF21873AE7868.e.3044"}]}
COMMAND: GET /session/303b620337c9fc649091c0886b4f3ed5/screenshot - {}
RESULT: {"script":"<script> [5351 bytes]","args":[{"element-6066-11e4-a52e-4f735466cecf":"f.62C650E5BE8E3EAD9A8425B5CEFE7832.d.865BDB625E46DF3EFCEEF21873AE7868.e.3044","ELEMENT":"f.62C650E5BE8E3EAD9A8425B5CEFE7832.d.865BDB625E46DF3EFCEEF21873AE7868.e.3044"}]}
COMMAND: POST /session/303b620337c9fc649091c0886b4f3ed5/element/f.62C650E5BE8E3EAD9A8425B5CEFE7832.d.865BDB625E46DF3EFCEEF21873AE7868.e.3044/click - {}
COMMAND: GET /session/303b620337c9fc649091c0886b4f3ed5/screenshot - {}
RESULT: {}
COMMAND: POST /session/303b620337c9fc649091c0886b4f3ed5/element - {"using":"xpath","value":"//span[contains(@id ,\"application-addressmanagement-display-component---detailAdm--addressDetailDetailsName1\")][contains(text(), \"null\")]"}
RESULT: {}
COMMAND: GET /session/303b620337c9fc649091c0886b4f3ed5/screenshot - {}
RESULT: {}
RESULT: {"using":"xpath","value":"//span[contains(@id ,\"application-addressmanagement-display-component---detailAdm--addressDetailDetailsName1\")][contains(text(), \"null\")]"}
RESULT: {}
COMMAND: POST /session/303b620337c9fc649091c0886b4f3ed5/element - {"using":"xpath","value":"//span[contains(@id ,\"application-addressmanagement-display-component---detailAdm--addressDetailDetailsName1\")][contains(text(), \"null\")]"}
RESULT: {"using":"xpath","value":"//span[contains(@id ,\"application-addressmanagement-display-component---detailAdm--addressDetailDetailsName1\")][contains(text(), \"null\")]"}
COMMAND: POST /session/303b620337c9fc649091c0886b4f3ed5/element - {"using":"xpath","value":"//span[contains(@id ,\"application-addressmanagement-display-component---detailAdm--addressDetailDetailsName1\")][contains(text(), \"null\")]"}
RESULT: {"using":"xpath","value":"//span[contains(@id ,\"application-addressmanagement-display-component---detailAdm--addressDetailDetailsName1\")][contains(text(), \"null\")]"}
COMMAND: POST /session/303b620337c9fc649091c0886b4f3ed5/element - {"using":"xpath","value":"//span[contains(@id ,\"application-addressmanagement-display-component---detailAdm--addressDetailDetailsName1\")][contains(text(), \"null\")]"}
RESULT: {"using":"xpath","value":"//span[contains(@id ,\"application-addressmanagement-display-component---detailAdm--addressDetailDetailsName1\")][contains(text(), \"null\")]"}
COMMAND: POST /session/303b620337c9fc649091c0886b4f3ed5/element - {"using":"xpath","value":"//span[contains(@id ,\"application-addressmanagement-display-component---detailAdm--addressDetailDetailsName1\")][contains(text(), \"null\")]"}
RESULT: {"using":"xpath","value":"//span[contains(@id ,\"application-addressmanagement-display-component---detailAdm--addressDetailDetailsName1\")][contains(text(), \"null\")]"}
COMMAND: POST /session/303b620337c9fc649091c0886b4f3ed5/element - {"using":"xpath","value":"//span[contains(@id ,\"application-addressmanagement-display-component---detailAdm--addressDetailDetailsName1\")][contains(text(), \"null\")]"}
RESULT: {"using":"xpath","value":"//span[contains(@id ,\"application-addressmanagement-display-component---detailAdm--addressDetailDetailsName1\")][contains(text(), \"null\")]"}
COMMAND: POST /session/303b620337c9fc649091c0886b4f3ed5/element - {"using":"xpath","value":"//span[contains(@id ,\"application-addressmanagement-display-component---detailAdm--addressDetailDetailsName1\")][contains(text(), \"null\")]"}
RESULT: {"using":"xpath","value":"//span[contains(@id ,\"application-addressmanagement-display-component---detailAdm--addressDetailDetailsName1\")][contains(text(), \"null\")]"}
COMMAND: POST /session/303b620337c9fc649091c0886b4f3ed5/element - {"using":"xpath","value":"//span[contains(@id ,\"application-addressmanagement-display-component---detailAdm--addressDetailDetailsName1\")][contains(text(), \"null\")]"}
RESULT: {"using":"xpath","value":"//span[contains(@id ,\"application-addressmanagement-display-component---detailAdm--addressDetailDetailsName1\")][contains(text(), \"null\")]"}
COMMAND: POST /session/303b620337c9fc649091c0886b4f3ed5/element/f.62C650E5BE8E3EAD9A8425B5CEFE7832.d.865BDB625E46DF3EFCEEF21873AE7868.e.2520/click - {}
COMMAND: POST /session/303b620337c9fc649091c0886b4f3ed5/element - {"using":"xpath","value":"//*[contains(@data-kt ,\"openLocationActionMenuLink\")]"}
RESULT: {"using":"xpath","value":"//*[contains(@data-kt ,\"openLocationActionMenuLink\")]"}
COMMAND: POST /session/303b620337c9fc649091c0886b4f3ed5/element/f.62C650E5BE8E3EAD9A8425B5CEFE7832.d.865BDB625E46DF3EFCEEF21873AE7868.e.2520/click - {}
COMMAND: POST /session/303b620337c9fc649091c0886b4f3ed5/element - {"using":"xpath","value":"//*[contains(@data-kt ,\"openLocationActionMenuLink\")]"}
RESULT: {"using":"xpath","value":"//*[contains(@data-kt ,\"openLocationActionMenuLink\")]"}
COMMAND: POST /session/303b620337c9fc649091c0886b4f3ed5/element/f.62C650E5BE8E3EAD9A8425B5CEFE7832.d.865BDB625E46DF3EFCEEF21873AE7868.e.3049/click - {}
COMMAND: POST /session/303b620337c9fc649091c0886b4f3ed5/element - {"using":"xpath","value":"//span[contains(@id ,\"application-addressmanagement-display-component---detailAdm--addressDetailDetailsName1\")][contains(text(), \"null\")]"}
RESULT: {}
COMMAND: GET /session/303b620337c9fc649091c0886b4f3ed5/screenshot - {}
RESULT: {"using":"xpath","value":"//span[contains(@id ,\"application-addressmanagement-display-component---detailAdm--addressDetailDetailsName1\")][contains(text(), \"null\")]"}
RESULT: {}
COMMAND: POST /session/303b620337c9fc649091c0886b4f3ed5/element - {"using":"xpath","value":"//span[contains(@id ,\"application-addressmanagement-display-component---detailAdm--addressDetailDetailsName1\")][contains(text(), \"null\")]"}
RESULT: {"using":"xpath","value":"//span[contains(@id ,\"application-addressmanagement-display-component---detailAdm--addressDetailDetailsName1\")][contains(text(), \"null\")]"}
COMMAND: POST /session/303b620337c9fc649091c0886b4f3ed5/element - {"using":"xpath","value":"//span[contains(@id ,\"application-addressmanagement-display-component---detailAdm--addressDetailDetailsName1\")][contains(text(), \"null\")]"}
RESULT: {"using":"xpath","value":"//span[contains(@id ,\"application-addressmanagement-display-component---detailAdm--addressDetailDetailsName1\")][contains(text(), \"null\")]"}
COMMAND: POST /session/303b620337c9fc649091c0886b4f3ed5/element - {"using":"xpath","value":"//span[contains(@id ,\"application-addressmanagement-display-component---detailAdm--addressDetailDetailsName1\")][contains(text(), \"null\")]"}
RESULT: {"using":"xpath","value":"//span[contains(@id ,\"application-addressmanagement-display-component---detailAdm--addressDetailDetailsName1\")][contains(text(), \"null\")]"}
COMMAND: POST /session/303b620337c9fc649091c0886b4f3ed5/element - {"using":"xpath","value":"(//button[contains(@title ,\"Open in new tab\")])[1]"}
RESULT: {"using":"xpath","value":"(//button[contains(@title ,\"Open in new tab\")])[1]"}
COMMAND: POST /session/303b620337c9fc649091c0886b4f3ed5/element/f.62C650E5BE8E3EAD9A8425B5CEFE7832.d.865BDB625E46DF3EFCEEF21873AE7868.e.3050/click - {}
COMMAND: POST /session/303b620337c9fc649091c0886b4f3ed5/element - {"using":"xpath","value":"//span[contains(@id ,\"application-addressmanagement-display-component---detailAdm--addressDetailDetailsName1\")][contains(text(), \"null\")]"}
RESULT: {}
COMMAND: GET /session/303b620337c9fc649091c0886b4f3ed5/screenshot - {}
RESULT: {"using":"xpath","value":"//span[contains(@id ,\"application-addressmanagement-display-component---detailAdm--addressDetailDetailsName1\")][contains(text(), \"null\")]"}
COMMAND: POST /session/303b620337c9fc649091c0886b4f3ed5/element - {"using":"xpath","value":"//span[contains(@id ,\"application-addressmanagement-display-component---detailAdm--addressDetailDetailsName1\")][contains(text(), \"null\")]"}
RESULT: {}
RESULT: {"using":"xpath","value":"//span[contains(@id ,\"application-addressmanagement-display-component---detailAdm--addressDetailDetailsName1\")][contains(text(), \"null\")]"}
COMMAND: POST /session/303b620337c9fc649091c0886b4f3ed5/element - {"using":"xpath","value":"//span[contains(@id ,\"application-addressmanagement-display-component---detailAdm--addressDetailDetailsName1\")][contains(text(), \"null\")]"}
RESULT: {"using":"xpath","value":"//span[contains(@id ,\"application-addressmanagement-display-component---detailAdm--addressDetailDetailsName1\")][contains(text(), \"null\")]"}
COMMAND: POST /session/303b620337c9fc649091c0886b4f3ed5/element - {"using":"xpath","value":"//span[contains(@id ,\"application-addressmanagement-display-component---detailAdm--addressDetailDetailsName1\")][contains(text(), \"null\")]"}
COMMAND: GET /session/303b620337c9fc649091c0886b4f3ed5/window/handles - {}
RESULT: {"using":"xpath","value":"//span[contains(@id ,\"application-addressmanagement-display-component---detailAdm--addressDetailDetailsName1\")][contains(text(), \"null\")]"}
RESULT: {}
COMMAND: POST /session/303b620337c9fc649091c0886b4f3ed5/window - {"handle":"332E18FC19293A18BCFBC14F7217E70A"}
RESULT: {"handle":"332E18FC19293A18BCFBC14F7217E70A"}
COMMAND: GET /session/303b620337c9fc649091c0886b4f3ed5/url - {}
RESULT: {}
COMMAND: GET /session/303b620337c9fc649091c0886b4f3ed5/screenshot - {}
RESULT: {}
COMMAND: POST /session/303b620337c9fc649091c0886b4f3ed5/element - {"using":"xpath","value":"(//span[contains(text(), \"null\")])[2]"}
COMMAND: DELETE /session/303b620337c9fc649091c0886b4f3ed5/window - {}
RESULT: {}
COMMAND: POST /session/303b620337c9fc649091c0886b4f3ed5/window - {"handle":"62C650E5BE8E3EAD9A8425B5CEFE7832"}
RESULT: {"handle":"62C650E5BE8E3EAD9A8425B5CEFE7832"}
COMMAND: GET /session/303b620337c9fc649091c0886b4f3ed5/url - {}
RESULT: {"using":"xpath","value":"(//span[contains(text(), \"null\")])[2]"}
RESULT: {}
COMMAND: GET /session/303b620337c9fc649091c0886b4f3ed5/screenshot - {}
COMMAND: POST /session/303b620337c9fc649091c0886b4f3ed5/element - {"using":"xpath","value":"(//span[contains(text(), \"null\")])[2]"}
RESULT: {}
RESULT: {"using":"xpath","value":"(//span[contains(text(), \"null\")])[2]"}
COMMAND: POST /session/303b620337c9fc649091c0886b4f3ed5/element - {"using":"xpath","value":"(//span[contains(text(), \"null\")])[2]"}
RESULT: {"using":"xpath","value":"(//span[contains(text(), \"null\")])[2]"}
COMMAND: POST /session/303b620337c9fc649091c0886b4f3ed5/element - {"using":"xpath","value":"(//span[contains(text(), \"null\")])[2]"}
RESULT: {"using":"xpath","value":"(//span[contains(text(), \"null\")])[2]"}
COMMAND: POST /session/303b620337c9fc649091c0886b4f3ed5/element - {"using":"xpath","value":"(//span[contains(text(), \"null\")])[2]"}
RESULT: {"using":"xpath","value":"(//span[contains(text(), \"null\")])[2]"}
COMMAND: POST /session/303b620337c9fc649091c0886b4f3ed5/element - {"using":"xpath","value":"(//span[contains(text(), \"null\")])[2]"}
RESULT: {"using":"xpath","value":"(//span[contains(text(), \"null\")])[2]"}
COMMAND: POST /session/303b620337c9fc649091c0886b4f3ed5/element - {"using":"xpath","value":"(//span[contains(text(), \"null\")])[2]"}
RESULT: {"using":"xpath","value":"(//span[contains(text(), \"null\")])[2]"}
COMMAND: POST /session/303b620337c9fc649091c0886b4f3ed5/element - {"using":"xpath","value":"(//span[contains(text(), \"null\")])[2]"}
RESULT: {"using":"xpath","value":"(//span[contains(text(), \"null\")])[2]"}
COMMAND: POST /session/303b620337c9fc649091c0886b4f3ed5/element - {"using":"xpath","value":"(//span[contains(text(), \"null\")])[2]"}
RESULT: {"using":"xpath","value":"(//span[contains(text(), \"null\")])[2]"}
COMMAND: POST /session/303b620337c9fc649091c0886b4f3ed5/element - {"using":"xpath","value":"(//button[contains(@title ,\"Open in new tab\")])[2]"}
RESULT: {"using":"xpath","value":"(//button[contains(@title ,\"Open in new tab\")])[2]"}
COMMAND: POST /session/303b620337c9fc649091c0886b4f3ed5/element/f.62C650E5BE8E3EAD9A8425B5CEFE7832.d.865BDB625E46DF3EFCEEF21873AE7868.e.3079/click - {}
COMMAND: POST /session/303b620337c9fc649091c0886b4f3ed5/element - {"using":"xpath","value":"(//span[contains(text(), \"null\")])[2]"}
RESULT: {}
COMMAND: GET /session/303b620337c9fc649091c0886b4f3ed5/screenshot - {}
RESULT: {"using":"xpath","value":"(//span[contains(text(), \"null\")])[2]"}
COMMAND: POST /session/303b620337c9fc649091c0886b4f3ed5/element - {"using":"xpath","value":"(//span[contains(text(), \"null\")])[2]"}
RESULT: {}
RESULT: {"using":"xpath","value":"(//span[contains(text(), \"null\")])[2]"}
COMMAND: POST /session/303b620337c9fc649091c0886b4f3ed5/element - {"using":"xpath","value":"(//span[contains(text(), \"null\")])[2]"}
RESULT: {"using":"xpath","value":"(//span[contains(text(), \"null\")])[2]"}
COMMAND: POST /session/303b620337c9fc649091c0886b4f3ed5/element - {"using":"xpath","value":"(//span[contains(text(), \"null\")])[2]"}
RESULT: {"using":"xpath","value":"(//span[contains(text(), \"null\")])[2]"}
COMMAND: POST /session/303b620337c9fc649091c0886b4f3ed5/element - {"using":"xpath","value":"(//span[contains(text(), \"null\")])[2]"}
RESULT: {"using":"xpath","value":"(//span[contains(text(), \"null\")])[2]"}
COMMAND: POST /session/303b620337c9fc649091c0886b4f3ed5/element - {"using":"xpath","value":"(//span[contains(text(), \"null\")])[2]"}
RESULT: {"using":"xpath","value":"(//span[contains(text(), \"null\")])[2]"}
COMMAND: POST /session/303b620337c9fc649091c0886b4f3ed5/element - {"using":"xpath","value":"(//span[contains(text(), \"null\")])[2]"}
RESULT: {"using":"xpath","value":"(//span[contains(text(), \"null\")])[2]"}
COMMAND: POST /session/303b620337c9fc649091c0886b4f3ed5/element - {"using":"xpath","value":"(//span[contains(text(), \"null\")])[2]"}
COMMAND: GET /session/303b620337c9fc649091c0886b4f3ed5/window/handles - {}
RESULT: {"using":"xpath","value":"(//span[contains(text(), \"null\")])[2]"}
RESULT: {}
COMMAND: POST /session/303b620337c9fc649091c0886b4f3ed5/window - {"handle":"C0DC9BE5E4850EA107D27085D1B17FE5"}
COMMAND: POST /session/303b620337c9fc649091c0886b4f3ed5/element - {"using":"xpath","value":"(//span[contains(text(), \"null\")])[2]"}
RESULT: {"handle":"C0DC9BE5E4850EA107D27085D1B17FE5"}
COMMAND: GET /session/303b620337c9fc649091c0886b4f3ed5/url - {}
RESULT: {"using":"xpath","value":"(//span[contains(text(), \"null\")])[2]"}
RESULT: {}
COMMAND: GET /session/303b620337c9fc649091c0886b4f3ed5/screenshot - {}
COMMAND: POST /session/303b620337c9fc649091c0886b4f3ed5/element - {"using":"xpath","value":"(//span[contains(text(), \"null\")])[2]"}
RESULT: {}
RESULT: {"using":"xpath","value":"(//span[contains(text(), \"null\")])[2]"}
COMMAND: POST /session/303b620337c9fc649091c0886b4f3ed5/element - {"using":"xpath","value":"(//span[contains(text(), \"null\")])[2]"}
RESULT: {"using":"xpath","value":"(//span[contains(text(), \"null\")])[2]"}
COMMAND: POST /session/303b620337c9fc649091c0886b4f3ed5/element - {"using":"xpath","value":"(//span[contains(text(), \"null\")])[2]"}
RESULT: {"using":"xpath","value":"(//span[contains(text(), \"null\")])[2]"}
COMMAND: POST /session/303b620337c9fc649091c0886b4f3ed5/element - {"using":"xpath","value":"(//span[contains(text(), \"null\")])[2]"}
RESULT: {"using":"xpath","value":"(//span[contains(text(), \"null\")])[2]"}
COMMAND: POST /session/303b620337c9fc649091c0886b4f3ed5/element - {"using":"xpath","value":"(//span[contains(text(), \"null\")])[2]"}
RESULT: {"using":"xpath","value":"(//span[contains(text(), \"null\")])[2]"}
COMMAND: POST /session/303b620337c9fc649091c0886b4f3ed5/element - {"using":"xpath","value":"(//span[contains(text(), \"null\")])[2]"}
RESULT: {"using":"xpath","value":"(//span[contains(text(), \"null\")])[2]"}
COMMAND: POST /session/303b620337c9fc649091c0886b4f3ed5/element - {"using":"xpath","value":"(//span[contains(text(), \"null\")])[2]"}
RESULT: {"using":"xpath","value":"(//span[contains(text(), \"null\")])[2]"}
COMMAND: POST /session/303b620337c9fc649091c0886b4f3ed5/element - {"using":"xpath","value":"(//span[contains(text(), \"null\")])[2]"}
RESULT: {"using":"xpath","value":"(//span[contains(text(), \"null\")])[2]"}
COMMAND: POST /session/303b620337c9fc649091c0886b4f3ed5/element - {"using":"xpath","value":"//span[contains(@id ,\"application-addressmanagement-display-component---detailAdm--addressDetailDetailsName1\")][contains(text(), \"null\")]"}
COMMAND: DELETE /session/303b620337c9fc649091c0886b4f3ed5/window - {}
COMMAND: POST /session/303b620337c9fc649091c0886b4f3ed5/element - {"using":"xpath","value":"(//span[contains(text(), \"null\")])[2]"}
RESULT: {}
COMMAND: POST /session/303b620337c9fc649091c0886b4f3ed5/window - {"handle":"62C650E5BE8E3EAD9A8425B5CEFE7832"}
RESULT: {"handle":"62C650E5BE8E3EAD9A8425B5CEFE7832"}
COMMAND: GET /session/303b620337c9fc649091c0886b4f3ed5/url - {}
RESULT: {"using":"xpath","value":"//span[contains(@id ,\"application-addressmanagement-display-component---detailAdm--addressDetailDetailsName1\")][contains(text(), \"null\")]"}
RESULT: {"using":"xpath","value":"(//span[contains(text(), \"null\")])[2]"}
RESULT: {}
COMMAND: GET /session/303b620337c9fc649091c0886b4f3ed5/screenshot - {}
COMMAND: POST /session/303b620337c9fc649091c0886b4f3ed5/element - {"using":"xpath","value":"//span[contains(@id ,\"application-addressmanagement-display-component---detailAdm--addressDetailDetailsName1\")][contains(text(), \"null\")]"}
COMMAND: POST /session/303b620337c9fc649091c0886b4f3ed5/element - {"using":"xpath","value":"(//span[contains(text(), \"null\")])[2]"}
RESULT: {}
RESULT: {"using":"xpath","value":"//span[contains(@id ,\"application-addressmanagement-display-component---detailAdm--addressDetailDetailsName1\")][contains(text(), \"null\")]"}
RESULT: {"using":"xpath","value":"(//span[contains(text(), \"null\")])[2]"}
COMMAND: POST /session/303b620337c9fc649091c0886b4f3ed5/element - {"using":"xpath","value":"//span[contains(@id ,\"application-addressmanagement-display-component---detailAdm--addressDetailDetailsName1\")][contains(text(), \"null\")]"}
RESULT: {"using":"xpath","value":"//span[contains(@id ,\"application-addressmanagement-display-component---detailAdm--addressDetailDetailsName1\")][contains(text(), \"null\")]"}
COMMAND: POST /session/303b620337c9fc649091c0886b4f3ed5/element - {"using":"xpath","value":"(//span[contains(text(), \"null\")])[2]"}
RESULT: {"using":"xpath","value":"(//span[contains(text(), \"null\")])[2]"}
COMMAND: POST /session/303b620337c9fc649091c0886b4f3ed5/element - {"using":"xpath","value":"//span[contains(@id ,\"application-addressmanagement-display-component---detailAdm--addressDetailDetailsName1\")][contains(text(), \"null\")]"}
RESULT: {"using":"xpath","value":"//span[contains(@id ,\"application-addressmanagement-display-component---detailAdm--addressDetailDetailsName1\")][contains(text(), \"null\")]"}
COMMAND: POST /session/303b620337c9fc649091c0886b4f3ed5/element - {"using":"xpath","value":"(//span[contains(text(), \"null\")])[2]"}
RESULT: {"using":"xpath","value":"(//span[contains(text(), \"null\")])[2]"}
COMMAND: POST /session/303b620337c9fc649091c0886b4f3ed5/element - {"using":"xpath","value":"//span[contains(@id ,\"application-addressmanagement-display-component---detailAdm--addressDetailDetailsName1\")][contains(text(), \"null\")]"}
RESULT: {"using":"xpath","value":"//span[contains(@id ,\"application-addressmanagement-display-component---detailAdm--addressDetailDetailsName1\")][contains(text(), \"null\")]"}
COMMAND: POST /session/303b620337c9fc649091c0886b4f3ed5/element - {"using":"xpath","value":"(//span[contains(text(), \"null\")])[2]"}
RESULT: {"using":"xpath","value":"(//span[contains(text(), \"null\")])[2]"}
COMMAND: POST /session/303b620337c9fc649091c0886b4f3ed5/element - {"using":"xpath","value":"//span[contains(@id ,\"application-addressmanagement-display-component---detailAdm--addressDetailDetailsName1\")][contains(text(), \"null\")]"}
RESULT: {"using":"xpath","value":"//span[contains(@id ,\"application-addressmanagement-display-component---detailAdm--addressDetailDetailsName1\")][contains(text(), \"null\")]"}
COMMAND: POST /session/303b620337c9fc649091c0886b4f3ed5/element - {"using":"xpath","value":"(//span[contains(text(), \"null\")])[2]"}
RESULT: {"using":"xpath","value":"(//span[contains(text(), \"null\")])[2]"}
COMMAND: POST /session/303b620337c9fc649091c0886b4f3ed5/element - {"using":"xpath","value":"//span[contains(@id ,\"application-addressmanagement-display-component---detailAdm--addressDetailDetailsName1\")][contains(text(), \"null\")]"}
RESULT: {"using":"xpath","value":"//span[contains(@id ,\"application-addressmanagement-display-component---detailAdm--addressDetailDetailsName1\")][contains(text(), \"null\")]"}
COMMAND: POST /session/303b620337c9fc649091c0886b4f3ed5/element - {"using":"xpath","value":"(//span[contains(text(), \"null\")])[2]"}
RESULT: {"using":"xpath","value":"(//span[contains(text(), \"null\")])[2]"}
COMMAND: POST /session/303b620337c9fc649091c0886b4f3ed5/element - {"using":"xpath","value":"//span[contains(@id ,\"application-addressmanagement-display-component---detailAdm--addressDetailDetailsName1\")][contains(text(), \"null\")]"}
RESULT: {"using":"xpath","value":"//span[contains(@id ,\"application-addressmanagement-display-component---detailAdm--addressDetailDetailsName1\")][contains(text(), \"null\")]"}
COMMAND: POST /session/303b620337c9fc649091c0886b4f3ed5/element - {"using":"xpath","value":"(//span[contains(text(), \"null\")])[2]"}
RESULT: {"using":"xpath","value":"(//span[contains(text(), \"null\")])[2]"}
COMMAND: POST /session/303b620337c9fc649091c0886b4f3ed5/element - {"using":"xpath","value":"//span[contains(@id ,\"application-addressmanagement-display-component---detailAdm--addressDetailDetailsName1\")][contains(text(), \"null\")]"}
RESULT: {"using":"xpath","value":"//span[contains(@id ,\"application-addressmanagement-display-component---detailAdm--addressDetailDetailsName1\")][contains(text(), \"null\")]"}
COMMAND: POST /session/303b620337c9fc649091c0886b4f3ed5/element - {"using":"xpath","value":"(//span[contains(text(), \"null\")])[2]"}
RESULT: {"using":"xpath","value":"(//span[contains(text(), \"null\")])[2]"}
COMMAND: POST /session/303b620337c9fc649091c0886b4f3ed5/element - {"using":"xpath","value":"//span[contains(@id ,\"application-addressmanagement-display-component---detailAdm--addressDetailDetailsName1\")][contains(text(), \"null\")]"}
RESULT: {"using":"xpath","value":"//span[contains(@id ,\"application-addressmanagement-display-component---detailAdm--addressDetailDetailsName1\")][contains(text(), \"null\")]"}
COMMAND: POST /session/303b620337c9fc649091c0886b4f3ed5/element - {"using":"xpath","value":"(//span[contains(text(), \"null\")])[2]"}
RESULT: {"using":"xpath","value":"(//span[contains(text(), \"null\")])[2]"}
]]></system-out>
    </testcase>
  </testsuite>
</testsuites>