<?xml version="1.0" encoding="UTF-8"?>
<testsuites tests="49" failures="0" errors="0" skipped="0">
  <testsuite timestamp="2025-05-01T15:08:15" time="1805.354" tests="49" failures="0" errors="0" skipped="0">
    <properties>
      <property name="specId" value="0" />
      <property name="suiteName" value="Sanity Tests US104253" />
      <property name="capabilities" value="chrome.135_0_7049_96.windows" />
      <property name="file" value="file:///D:/a/1/s/test/specs/General/sanity.spec.js" />
    </properties>
    <testcase classname="chrome.135_0_7049_96.windows.Sanity_Tests_US104253" name="Should open Manage Partners page" time="34.722">
      <system-out><![CDATA[
COMMAND: POST /session/68ce15ad6dfcf6d6012fddf9f8dc9ff6/execute/async - {"script":"<script> [1562 bytes]","args":[{"selector":{"controlType":"sap.m.GenericTile","properties":{"header":"Manage Partners"}},"wdio_ui5_key":"sapm.GenericTile{\"header\":\"Manage Partners\"}"}]}
RESULT: {"script":"<script> [1562 bytes]","args":[{"selector":{"controlType":"sap.m.GenericTile","properties":{"header":"Manage Partners"}},"wdio_ui5_key":"sapm.GenericTile{\"header\":\"Manage Partners\"}"}]}
RESULT: undefined
COMMAND: POST /session/68ce15ad6dfcf6d6012fddf9f8dc9ff6/element - {"using":"xpath","value":"//*[@id=\"__tile38\"]"}
RESULT: {"using":"xpath","value":"//*[@id=\"__tile38\"]"}
COMMAND: POST /session/68ce15ad6dfcf6d6012fddf9f8dc9ff6/element/f.51474A3CC1C3E60D87BDFB5B268300AB.d.23C529879E1EE338E475992CCA5786C4.e.120/click - {}
RESULT: {}
COMMAND: GET /session/68ce15ad6dfcf6d6012fddf9f8dc9ff6/screenshot - {}
RESULT: {}
RESULT: undefined
COMMAND: POST /session/68ce15ad6dfcf6d6012fddf9f8dc9ff6/element - {"using":"xpath","value":"//*[@id=\"__tile38\"]"}
RESULT: {"using":"xpath","value":"//*[@id=\"__tile38\"]"}
COMMAND: POST /session/68ce15ad6dfcf6d6012fddf9f8dc9ff6/element/f.51474A3CC1C3E60D87BDFB5B268300AB.d.23C529879E1EE338E475992CCA5786C4.e.120/click - {}
RESULT: undefined
COMMAND: POST /session/68ce15ad6dfcf6d6012fddf9f8dc9ff6/element - {"using":"xpath","value":"//*[@id=\"__tile38\"]"}
RESULT: {"using":"xpath","value":"//*[@id=\"__tile38\"]"}
COMMAND: POST /session/68ce15ad6dfcf6d6012fddf9f8dc9ff6/element/f.51474A3CC1C3E60D87BDFB5B268300AB.d.23C529879E1EE338E475992CCA5786C4.e.120/click - {}
COMMAND: POST /session/68ce15ad6dfcf6d6012fddf9f8dc9ff6/execute/async - {"script":"<script> [1562 bytes]","args":[{"selector":{"id":"shellAppTitle"},"wdio_ui5_key":"shellAppTitle"}]}
RESULT: {"script":"<script> [1562 bytes]","args":[{"selector":{"id":"shellAppTitle"},"wdio_ui5_key":"shellAppTitle"}]}
RESULT: undefined
COMMAND: POST /session/68ce15ad6dfcf6d6012fddf9f8dc9ff6/execute/async - {"script":"<script> [6424 bytes]","args":[{"element-6066-11e4-a52e-4f735466cecf":"f.51474A3CC1C3E60D87BDFB5B268300AB.d.23C529879E1EE338E475992CCA5786C4.e.294"},"getTitle",[]]}
RESULT: {"script":"<script> [6424 bytes]","args":[{"element-6066-11e4-a52e-4f735466cecf":"f.51474A3CC1C3E60D87BDFB5B268300AB.d.23C529879E1EE338E475992CCA5786C4.e.294"},"getTitle",[]]}
COMMAND: POST /session/68ce15ad6dfcf6d6012fddf9f8dc9ff6/execute/async - {"script":"<script> [1562 bytes]","args":[{"selector":{"id":"backBtn"},"wdio_ui5_key":"backBtn"}]}
RESULT: {"script":"<script> [1562 bytes]","args":[{"selector":{"id":"backBtn"},"wdio_ui5_key":"backBtn"}]}
RESULT: undefined
COMMAND: POST /session/68ce15ad6dfcf6d6012fddf9f8dc9ff6/element - {"using":"xpath","value":"//*[@id=\"backBtn\"]"}
RESULT: {"using":"xpath","value":"//*[@id=\"backBtn\"]"}
COMMAND: POST /session/68ce15ad6dfcf6d6012fddf9f8dc9ff6/element/f.51474A3CC1C3E60D87BDFB5B268300AB.d.23C529879E1EE338E475992CCA5786C4.e.295/click - {}
RESULT: {}
COMMAND: GET /session/68ce15ad6dfcf6d6012fddf9f8dc9ff6/screenshot - {}
RESULT: {}
]]></system-out>
    </testcase>
    <testcase classname="chrome.135_0_7049_96.windows.Sanity_Tests_US104253" name="Should open Manage Sites page" time="36.483">
      <system-out><![CDATA[
COMMAND: POST /session/68ce15ad6dfcf6d6012fddf9f8dc9ff6/execute/async - {"script":"<script> [1562 bytes]","args":[{"selector":{"controlType":"sap.m.GenericTile","properties":{"header":"Manage Sites"}},"wdio_ui5_key":"sapm.GenericTile{\"header\":\"Manage Sites\"}"}]}
RESULT: {"script":"<script> [1562 bytes]","args":[{"selector":{"controlType":"sap.m.GenericTile","properties":{"header":"Manage Sites"}},"wdio_ui5_key":"sapm.GenericTile{\"header\":\"Manage Sites\"}"}]}
RESULT: undefined
COMMAND: POST /session/68ce15ad6dfcf6d6012fddf9f8dc9ff6/element - {"using":"xpath","value":"//*[@id=\"__tile40\"]"}
RESULT: {"using":"xpath","value":"//*[@id=\"__tile40\"]"}
COMMAND: POST /session/68ce15ad6dfcf6d6012fddf9f8dc9ff6/element/f.51474A3CC1C3E60D87BDFB5B268300AB.d.23C529879E1EE338E475992CCA5786C4.e.297/click - {}
RESULT: {}
COMMAND: GET /session/68ce15ad6dfcf6d6012fddf9f8dc9ff6/screenshot - {}
RESULT: {}
RESULT: undefined
COMMAND: POST /session/68ce15ad6dfcf6d6012fddf9f8dc9ff6/element - {"using":"xpath","value":"//*[@id=\"__tile40\"]"}
RESULT: {"using":"xpath","value":"//*[@id=\"__tile40\"]"}
COMMAND: POST /session/68ce15ad6dfcf6d6012fddf9f8dc9ff6/element/f.51474A3CC1C3E60D87BDFB5B268300AB.d.23C529879E1EE338E475992CCA5786C4.e.297/click - {}
RESULT: undefined
COMMAND: POST /session/68ce15ad6dfcf6d6012fddf9f8dc9ff6/element - {"using":"xpath","value":"//*[@id=\"__tile40\"]"}
RESULT: {"using":"xpath","value":"//*[@id=\"__tile40\"]"}
COMMAND: POST /session/68ce15ad6dfcf6d6012fddf9f8dc9ff6/element/f.51474A3CC1C3E60D87BDFB5B268300AB.d.23C529879E1EE338E475992CCA5786C4.e.297/click - {}
RESULT: undefined
COMMAND: POST /session/68ce15ad6dfcf6d6012fddf9f8dc9ff6/execute/async - {"script":"<script> [6424 bytes]","args":[{"element-6066-11e4-a52e-4f735466cecf":"f.51474A3CC1C3E60D87BDFB5B268300AB.d.23C529879E1EE338E475992CCA5786C4.e.294"},"getTitle",[]]}
COMMAND: POST /session/68ce15ad6dfcf6d6012fddf9f8dc9ff6/execute/async - {"script":"<script> [1562 bytes]","args":[{"selector":{"id":"shellAppTitle"},"wdio_ui5_key":"shellAppTitle"}]}
RESULT: {"script":"<script> [1562 bytes]","args":[{"selector":{"id":"shellAppTitle"},"wdio_ui5_key":"shellAppTitle"}]}
COMMAND: POST /session/68ce15ad6dfcf6d6012fddf9f8dc9ff6/execute/async - {"script":"<script> [6424 bytes]","args":[{"element-6066-11e4-a52e-4f735466cecf":"f.51474A3CC1C3E60D87BDFB5B268300AB.d.23C529879E1EE338E475992CCA5786C4.e.669"},"getTitle",[]]}
RESULT: {"script":"<script> [6424 bytes]","args":[{"element-6066-11e4-a52e-4f735466cecf":"f.51474A3CC1C3E60D87BDFB5B268300AB.d.23C529879E1EE338E475992CCA5786C4.e.669"},"getTitle",[]]}
RESULT: undefined
COMMAND: POST /session/68ce15ad6dfcf6d6012fddf9f8dc9ff6/element/f.51474A3CC1C3E60D87BDFB5B268300AB.d.23C529879E1EE338E475992CCA5786C4.e.295/click - {}
RESULT: {}
COMMAND: GET /session/68ce15ad6dfcf6d6012fddf9f8dc9ff6/screenshot - {}
RESULT: {}
]]></system-out>
    </testcase>
    <testcase classname="chrome.135_0_7049_96.windows.Sanity_Tests_US104253" name="Should open Manage Resources page" time="35.946">
      <system-out><![CDATA[
COMMAND: POST /session/68ce15ad6dfcf6d6012fddf9f8dc9ff6/execute/async - {"script":"<script> [1562 bytes]","args":[{"selector":{"controlType":"sap.m.GenericTile","properties":{"header":"Manage Resources"}},"wdio_ui5_key":"sapm.GenericTile{\"header\":\"Manage Resources\"}"}]}
RESULT: {"script":"<script> [1562 bytes]","args":[{"selector":{"controlType":"sap.m.GenericTile","properties":{"header":"Manage Resources"}},"wdio_ui5_key":"sapm.GenericTile{\"header\":\"Manage Resources\"}"}]}
RESULT: undefined
COMMAND: POST /session/68ce15ad6dfcf6d6012fddf9f8dc9ff6/element - {"using":"xpath","value":"//*[@id=\"__tile39\"]"}
RESULT: {"using":"xpath","value":"//*[@id=\"__tile39\"]"}
COMMAND: POST /session/68ce15ad6dfcf6d6012fddf9f8dc9ff6/element/f.51474A3CC1C3E60D87BDFB5B268300AB.d.23C529879E1EE338E475992CCA5786C4.e.671/click - {}
RESULT: {}
COMMAND: GET /session/68ce15ad6dfcf6d6012fddf9f8dc9ff6/screenshot - {}
RESULT: {}
RESULT: undefined
COMMAND: POST /session/68ce15ad6dfcf6d6012fddf9f8dc9ff6/element - {"using":"xpath","value":"//*[@id=\"__tile39\"]"}
RESULT: {"using":"xpath","value":"//*[@id=\"__tile39\"]"}
COMMAND: POST /session/68ce15ad6dfcf6d6012fddf9f8dc9ff6/element/f.51474A3CC1C3E60D87BDFB5B268300AB.d.23C529879E1EE338E475992CCA5786C4.e.671/click - {}
RESULT: undefined
COMMAND: POST /session/68ce15ad6dfcf6d6012fddf9f8dc9ff6/element - {"using":"xpath","value":"//*[@id=\"__tile39\"]"}
RESULT: {"using":"xpath","value":"//*[@id=\"__tile39\"]"}
COMMAND: POST /session/68ce15ad6dfcf6d6012fddf9f8dc9ff6/element/f.51474A3CC1C3E60D87BDFB5B268300AB.d.23C529879E1EE338E475992CCA5786C4.e.671/click - {}
RESULT: undefined
COMMAND: POST /session/68ce15ad6dfcf6d6012fddf9f8dc9ff6/execute/async - {"script":"<script> [6424 bytes]","args":[{"element-6066-11e4-a52e-4f735466cecf":"f.51474A3CC1C3E60D87BDFB5B268300AB.d.23C529879E1EE338E475992CCA5786C4.e.294"},"getTitle",[]]}
COMMAND: POST /session/68ce15ad6dfcf6d6012fddf9f8dc9ff6/execute/async - {"script":"<script> [1562 bytes]","args":[{"selector":{"id":"shellAppTitle"},"wdio_ui5_key":"shellAppTitle"}]}
RESULT: {"script":"<script> [1562 bytes]","args":[{"selector":{"id":"shellAppTitle"},"wdio_ui5_key":"shellAppTitle"}]}
COMMAND: POST /session/68ce15ad6dfcf6d6012fddf9f8dc9ff6/execute/async - {"script":"<script> [6424 bytes]","args":[{"element-6066-11e4-a52e-4f735466cecf":"f.51474A3CC1C3E60D87BDFB5B268300AB.d.23C529879E1EE338E475992CCA5786C4.e.844"},"getTitle",[]]}
RESULT: {"script":"<script> [6424 bytes]","args":[{"element-6066-11e4-a52e-4f735466cecf":"f.51474A3CC1C3E60D87BDFB5B268300AB.d.23C529879E1EE338E475992CCA5786C4.e.844"},"getTitle",[]]}
RESULT: undefined
COMMAND: POST /session/68ce15ad6dfcf6d6012fddf9f8dc9ff6/element/f.51474A3CC1C3E60D87BDFB5B268300AB.d.23C529879E1EE338E475992CCA5786C4.e.295/click - {}
COMMAND: POST /session/68ce15ad6dfcf6d6012fddf9f8dc9ff6/element - {"using":"xpath","value":"//*[@id=\"backBtn\"]"}
RESULT: {"using":"xpath","value":"//*[@id=\"backBtn\"]"}
COMMAND: POST /session/68ce15ad6dfcf6d6012fddf9f8dc9ff6/element/f.51474A3CC1C3E60D87BDFB5B268300AB.d.23C529879E1EE338E475992CCA5786C4.e.295/click - {}
COMMAND: POST /session/68ce15ad6dfcf6d6012fddf9f8dc9ff6/element - {"using":"xpath","value":"//*[@id=\"backBtn\"]"}
RESULT: {"using":"xpath","value":"//*[@id=\"backBtn\"]"}
COMMAND: POST /session/68ce15ad6dfcf6d6012fddf9f8dc9ff6/element/f.51474A3CC1C3E60D87BDFB5B268300AB.d.23C529879E1EE338E475992CCA5786C4.e.845/click - {}
RESULT: {}
COMMAND: GET /session/68ce15ad6dfcf6d6012fddf9f8dc9ff6/screenshot - {}
RESULT: {}
]]></system-out>
    </testcase>
    <testcase classname="chrome.135_0_7049_96.windows.Sanity_Tests_US104253" name="Should open Manage Catalogs page" time="32.892">
      <system-out><![CDATA[
COMMAND: POST /session/68ce15ad6dfcf6d6012fddf9f8dc9ff6/execute/async - {"script":"<script> [1562 bytes]","args":[{"selector":{"controlType":"sap.m.GenericTile","properties":{"header":"Manage Catalogs"}},"wdio_ui5_key":"sapm.GenericTile{\"header\":\"Manage Catalogs\"}"}]}
RESULT: {"script":"<script> [1562 bytes]","args":[{"selector":{"controlType":"sap.m.GenericTile","properties":{"header":"Manage Catalogs"}},"wdio_ui5_key":"sapm.GenericTile{\"header\":\"Manage Catalogs\"}"}]}
RESULT: undefined
COMMAND: POST /session/68ce15ad6dfcf6d6012fddf9f8dc9ff6/element - {"using":"xpath","value":"//*[@id=\"__tile37\"]"}
RESULT: {"using":"xpath","value":"//*[@id=\"__tile37\"]"}
COMMAND: POST /session/68ce15ad6dfcf6d6012fddf9f8dc9ff6/element/f.51474A3CC1C3E60D87BDFB5B268300AB.d.23C529879E1EE338E475992CCA5786C4.e.847/click - {}
RESULT: {}
COMMAND: GET /session/68ce15ad6dfcf6d6012fddf9f8dc9ff6/screenshot - {}
RESULT: {}
RESULT: undefined
COMMAND: POST /session/68ce15ad6dfcf6d6012fddf9f8dc9ff6/element - {"using":"xpath","value":"//*[@id=\"__tile37\"]"}
RESULT: {"using":"xpath","value":"//*[@id=\"__tile37\"]"}
COMMAND: POST /session/68ce15ad6dfcf6d6012fddf9f8dc9ff6/element/f.51474A3CC1C3E60D87BDFB5B268300AB.d.23C529879E1EE338E475992CCA5786C4.e.847/click - {}
RESULT: undefined
COMMAND: POST /session/68ce15ad6dfcf6d6012fddf9f8dc9ff6/element - {"using":"xpath","value":"//*[@id=\"__tile37\"]"}
RESULT: {"using":"xpath","value":"//*[@id=\"__tile37\"]"}
COMMAND: POST /session/68ce15ad6dfcf6d6012fddf9f8dc9ff6/element/f.51474A3CC1C3E60D87BDFB5B268300AB.d.23C529879E1EE338E475992CCA5786C4.e.847/click - {}
RESULT: undefined
COMMAND: POST /session/68ce15ad6dfcf6d6012fddf9f8dc9ff6/execute/async - {"script":"<script> [6424 bytes]","args":[{"element-6066-11e4-a52e-4f735466cecf":"f.51474A3CC1C3E60D87BDFB5B268300AB.d.23C529879E1EE338E475992CCA5786C4.e.294"},"getTitle",[]]}
COMMAND: POST /session/68ce15ad6dfcf6d6012fddf9f8dc9ff6/execute/async - {"script":"<script> [1562 bytes]","args":[{"selector":{"id":"shellAppTitle"},"wdio_ui5_key":"shellAppTitle"}]}
RESULT: {"script":"<script> [1562 bytes]","args":[{"selector":{"id":"shellAppTitle"},"wdio_ui5_key":"shellAppTitle"}]}
COMMAND: POST /session/68ce15ad6dfcf6d6012fddf9f8dc9ff6/execute/async - {"script":"<script> [6424 bytes]","args":[{"element-6066-11e4-a52e-4f735466cecf":"f.51474A3CC1C3E60D87BDFB5B268300AB.d.23C529879E1EE338E475992CCA5786C4.e.917"},"getTitle",[]]}
RESULT: {"script":"<script> [6424 bytes]","args":[{"element-6066-11e4-a52e-4f735466cecf":"f.51474A3CC1C3E60D87BDFB5B268300AB.d.23C529879E1EE338E475992CCA5786C4.e.917"},"getTitle",[]]}
RESULT: undefined
COMMAND: POST /session/68ce15ad6dfcf6d6012fddf9f8dc9ff6/element/f.51474A3CC1C3E60D87BDFB5B268300AB.d.23C529879E1EE338E475992CCA5786C4.e.845/click - {}
RESULT: {}
COMMAND: GET /session/68ce15ad6dfcf6d6012fddf9f8dc9ff6/screenshot - {}
RESULT: {}
]]></system-out>
    </testcase>
    <testcase classname="chrome.135_0_7049_96.windows.Sanity_Tests_US104253" name="Should open Manage Calendars page" time="44.459">
      <system-out><![CDATA[
COMMAND: POST /session/68ce15ad6dfcf6d6012fddf9f8dc9ff6/execute/async - {"script":"<script> [1562 bytes]","args":[{"selector":{"controlType":"sap.m.GenericTile","properties":{"header":"Manage Calendars"}},"wdio_ui5_key":"sapm.GenericTile{\"header\":\"Manage Calendars\"}"}]}
RESULT: {"script":"<script> [1562 bytes]","args":[{"selector":{"controlType":"sap.m.GenericTile","properties":{"header":"Manage Calendars"}},"wdio_ui5_key":"sapm.GenericTile{\"header\":\"Manage Calendars\"}"}]}
RESULT: undefined
COMMAND: POST /session/68ce15ad6dfcf6d6012fddf9f8dc9ff6/element - {"using":"xpath","value":"//*[@id=\"__tile36\"]"}
RESULT: {"using":"xpath","value":"//*[@id=\"__tile36\"]"}
COMMAND: POST /session/68ce15ad6dfcf6d6012fddf9f8dc9ff6/element/f.51474A3CC1C3E60D87BDFB5B268300AB.d.23C529879E1EE338E475992CCA5786C4.e.919/click - {}
RESULT: {}
COMMAND: GET /session/68ce15ad6dfcf6d6012fddf9f8dc9ff6/screenshot - {}
RESULT: {}
RESULT: undefined
COMMAND: POST /session/68ce15ad6dfcf6d6012fddf9f8dc9ff6/element - {"using":"xpath","value":"//*[@id=\"__tile36\"]"}
RESULT: {"using":"xpath","value":"//*[@id=\"__tile36\"]"}
COMMAND: POST /session/68ce15ad6dfcf6d6012fddf9f8dc9ff6/element/f.51474A3CC1C3E60D87BDFB5B268300AB.d.23C529879E1EE338E475992CCA5786C4.e.919/click - {}
RESULT: undefined
COMMAND: POST /session/68ce15ad6dfcf6d6012fddf9f8dc9ff6/element - {"using":"xpath","value":"//*[@id=\"__tile36\"]"}
RESULT: {"using":"xpath","value":"//*[@id=\"__tile36\"]"}
COMMAND: POST /session/68ce15ad6dfcf6d6012fddf9f8dc9ff6/element/f.51474A3CC1C3E60D87BDFB5B268300AB.d.23C529879E1EE338E475992CCA5786C4.e.919/click - {}
RESULT: undefined
COMMAND: POST /session/68ce15ad6dfcf6d6012fddf9f8dc9ff6/execute/async - {"script":"<script> [6424 bytes]","args":[{"element-6066-11e4-a52e-4f735466cecf":"f.51474A3CC1C3E60D87BDFB5B268300AB.d.23C529879E1EE338E475992CCA5786C4.e.294"},"getTitle",[]]}
COMMAND: POST /session/68ce15ad6dfcf6d6012fddf9f8dc9ff6/execute/async - {"script":"<script> [1562 bytes]","args":[{"selector":{"id":"shellAppTitle"},"wdio_ui5_key":"shellAppTitle"}]}
RESULT: {"script":"<script> [1562 bytes]","args":[{"selector":{"id":"shellAppTitle"},"wdio_ui5_key":"shellAppTitle"}]}
COMMAND: POST /session/68ce15ad6dfcf6d6012fddf9f8dc9ff6/execute/async - {"script":"<script> [6424 bytes]","args":[{"element-6066-11e4-a52e-4f735466cecf":"f.51474A3CC1C3E60D87BDFB5B268300AB.d.23C529879E1EE338E475992CCA5786C4.e.989"},"getTitle",[]]}
RESULT: {"script":"<script> [6424 bytes]","args":[{"element-6066-11e4-a52e-4f735466cecf":"f.51474A3CC1C3E60D87BDFB5B268300AB.d.23C529879E1EE338E475992CCA5786C4.e.989"},"getTitle",[]]}
RESULT: undefined
COMMAND: POST /session/68ce15ad6dfcf6d6012fddf9f8dc9ff6/element/f.51474A3CC1C3E60D87BDFB5B268300AB.d.23C529879E1EE338E475992CCA5786C4.e.845/click - {}
COMMAND: POST /session/68ce15ad6dfcf6d6012fddf9f8dc9ff6/element - {"using":"xpath","value":"//*[@id=\"backBtn\"]"}
RESULT: {"using":"xpath","value":"//*[@id=\"backBtn\"]"}
COMMAND: POST /session/68ce15ad6dfcf6d6012fddf9f8dc9ff6/element/f.51474A3CC1C3E60D87BDFB5B268300AB.d.23C529879E1EE338E475992CCA5786C4.e.845/click - {}
COMMAND: POST /session/68ce15ad6dfcf6d6012fddf9f8dc9ff6/element - {"using":"xpath","value":"//*[@id=\"backBtn\"]"}
RESULT: {"using":"xpath","value":"//*[@id=\"backBtn\"]"}
COMMAND: POST /session/68ce15ad6dfcf6d6012fddf9f8dc9ff6/element/f.51474A3CC1C3E60D87BDFB5B268300AB.d.23C529879E1EE338E475992CCA5786C4.e.990/click - {}
RESULT: {}
COMMAND: GET /session/68ce15ad6dfcf6d6012fddf9f8dc9ff6/screenshot - {}
RESULT: {}
]]></system-out>
    </testcase>
    <testcase classname="chrome.135_0_7049_96.windows.Sanity_Tests_US104253" name="Should open Address Management page" time="42.04">
      <system-out><![CDATA[
COMMAND: POST /session/68ce15ad6dfcf6d6012fddf9f8dc9ff6/execute/async - {"script":"<script> [1562 bytes]","args":[{"selector":{"controlType":"sap.m.GenericTile","properties":{"header":"Address Management"}},"wdio_ui5_key":"sapm.GenericTile{\"header\":\"Address Management\"}"}]}
RESULT: {"script":"<script> [1562 bytes]","args":[{"selector":{"controlType":"sap.m.GenericTile","properties":{"header":"Address Management"}},"wdio_ui5_key":"sapm.GenericTile{\"header\":\"Address Management\"}"}]}
RESULT: undefined
COMMAND: POST /session/68ce15ad6dfcf6d6012fddf9f8dc9ff6/element - {"using":"xpath","value":"//*[@id=\"__tile33\"]"}
RESULT: {"using":"xpath","value":"//*[@id=\"__tile33\"]"}
COMMAND: POST /session/68ce15ad6dfcf6d6012fddf9f8dc9ff6/element/f.51474A3CC1C3E60D87BDFB5B268300AB.d.23C529879E1EE338E475992CCA5786C4.e.992/click - {}
RESULT: {}
COMMAND: GET /session/68ce15ad6dfcf6d6012fddf9f8dc9ff6/screenshot - {}
RESULT: {}
RESULT: undefined
COMMAND: POST /session/68ce15ad6dfcf6d6012fddf9f8dc9ff6/element - {"using":"xpath","value":"//*[@id=\"__tile33\"]"}
RESULT: {"using":"xpath","value":"//*[@id=\"__tile33\"]"}
COMMAND: POST /session/68ce15ad6dfcf6d6012fddf9f8dc9ff6/element/f.51474A3CC1C3E60D87BDFB5B268300AB.d.23C529879E1EE338E475992CCA5786C4.e.992/click - {}
RESULT: undefined
COMMAND: POST /session/68ce15ad6dfcf6d6012fddf9f8dc9ff6/element - {"using":"xpath","value":"//*[@id=\"__tile33\"]"}
RESULT: {"using":"xpath","value":"//*[@id=\"__tile33\"]"}
COMMAND: POST /session/68ce15ad6dfcf6d6012fddf9f8dc9ff6/element/f.51474A3CC1C3E60D87BDFB5B268300AB.d.23C529879E1EE338E475992CCA5786C4.e.992/click - {}
RESULT: undefined
COMMAND: POST /session/68ce15ad6dfcf6d6012fddf9f8dc9ff6/execute/async - {"script":"<script> [6424 bytes]","args":[{"element-6066-11e4-a52e-4f735466cecf":"f.51474A3CC1C3E60D87BDFB5B268300AB.d.23C529879E1EE338E475992CCA5786C4.e.294"},"getTitle",[]]}
COMMAND: POST /session/68ce15ad6dfcf6d6012fddf9f8dc9ff6/execute/async - {"script":"<script> [1562 bytes]","args":[{"selector":{"id":"shellAppTitle"},"wdio_ui5_key":"shellAppTitle"}]}
RESULT: {"script":"<script> [1562 bytes]","args":[{"selector":{"id":"shellAppTitle"},"wdio_ui5_key":"shellAppTitle"}]}
COMMAND: POST /session/68ce15ad6dfcf6d6012fddf9f8dc9ff6/execute/async - {"script":"<script> [6424 bytes]","args":[{"element-6066-11e4-a52e-4f735466cecf":"f.51474A3CC1C3E60D87BDFB5B268300AB.d.23C529879E1EE338E475992CCA5786C4.e.1186"},"getTitle",[]]}
RESULT: {"script":"<script> [6424 bytes]","args":[{"element-6066-11e4-a52e-4f735466cecf":"f.51474A3CC1C3E60D87BDFB5B268300AB.d.23C529879E1EE338E475992CCA5786C4.e.1186"},"getTitle",[]]}
RESULT: undefined
COMMAND: POST /session/68ce15ad6dfcf6d6012fddf9f8dc9ff6/element/f.51474A3CC1C3E60D87BDFB5B268300AB.d.23C529879E1EE338E475992CCA5786C4.e.990/click - {}
RESULT: {}
COMMAND: GET /session/68ce15ad6dfcf6d6012fddf9f8dc9ff6/screenshot - {}
RESULT: {}
]]></system-out>
    </testcase>
    <testcase classname="chrome.135_0_7049_96.windows.Sanity_Tests_US104253" name="Should open Bill Of Resources page" time="33.91">
      <system-out><![CDATA[
COMMAND: POST /session/68ce15ad6dfcf6d6012fddf9f8dc9ff6/execute/async - {"script":"<script> [1562 bytes]","args":[{"selector":{"controlType":"sap.m.GenericTile","properties":{"header":"Bill Of Resources"}},"wdio_ui5_key":"sapm.GenericTile{\"header\":\"Bill Of Resources\"}"}]}
RESULT: {"script":"<script> [1562 bytes]","args":[{"selector":{"controlType":"sap.m.GenericTile","properties":{"header":"Bill Of Resources"}},"wdio_ui5_key":"sapm.GenericTile{\"header\":\"Bill Of Resources\"}"}]}
RESULT: undefined
COMMAND: POST /session/68ce15ad6dfcf6d6012fddf9f8dc9ff6/element - {"using":"xpath","value":"//*[@id=\"__tile34\"]"}
RESULT: {"using":"xpath","value":"//*[@id=\"__tile34\"]"}
COMMAND: POST /session/68ce15ad6dfcf6d6012fddf9f8dc9ff6/element/f.51474A3CC1C3E60D87BDFB5B268300AB.d.23C529879E1EE338E475992CCA5786C4.e.1188/click - {}
RESULT: {}
COMMAND: GET /session/68ce15ad6dfcf6d6012fddf9f8dc9ff6/screenshot - {}
RESULT: {}
RESULT: undefined
COMMAND: POST /session/68ce15ad6dfcf6d6012fddf9f8dc9ff6/element - {"using":"xpath","value":"//*[@id=\"__tile34\"]"}
RESULT: {"using":"xpath","value":"//*[@id=\"__tile34\"]"}
COMMAND: POST /session/68ce15ad6dfcf6d6012fddf9f8dc9ff6/element/f.51474A3CC1C3E60D87BDFB5B268300AB.d.23C529879E1EE338E475992CCA5786C4.e.1188/click - {}
RESULT: undefined
COMMAND: POST /session/68ce15ad6dfcf6d6012fddf9f8dc9ff6/element - {"using":"xpath","value":"//*[@id=\"__tile34\"]"}
RESULT: {"using":"xpath","value":"//*[@id=\"__tile34\"]"}
COMMAND: POST /session/68ce15ad6dfcf6d6012fddf9f8dc9ff6/element/f.51474A3CC1C3E60D87BDFB5B268300AB.d.23C529879E1EE338E475992CCA5786C4.e.1188/click - {}
RESULT: undefined
COMMAND: POST /session/68ce15ad6dfcf6d6012fddf9f8dc9ff6/execute/async - {"script":"<script> [6424 bytes]","args":[{"element-6066-11e4-a52e-4f735466cecf":"f.51474A3CC1C3E60D87BDFB5B268300AB.d.23C529879E1EE338E475992CCA5786C4.e.294"},"getTitle",[]]}
COMMAND: POST /session/68ce15ad6dfcf6d6012fddf9f8dc9ff6/execute/async - {"script":"<script> [1562 bytes]","args":[{"selector":{"id":"shellAppTitle"},"wdio_ui5_key":"shellAppTitle"}]}
RESULT: {"script":"<script> [1562 bytes]","args":[{"selector":{"id":"shellAppTitle"},"wdio_ui5_key":"shellAppTitle"}]}
COMMAND: POST /session/68ce15ad6dfcf6d6012fddf9f8dc9ff6/execute/async - {"script":"<script> [6424 bytes]","args":[{"element-6066-11e4-a52e-4f735466cecf":"f.51474A3CC1C3E60D87BDFB5B268300AB.d.23C529879E1EE338E475992CCA5786C4.e.1281"},"getTitle",[]]}
RESULT: {"script":"<script> [6424 bytes]","args":[{"element-6066-11e4-a52e-4f735466cecf":"f.51474A3CC1C3E60D87BDFB5B268300AB.d.23C529879E1EE338E475992CCA5786C4.e.1281"},"getTitle",[]]}
RESULT: undefined
COMMAND: POST /session/68ce15ad6dfcf6d6012fddf9f8dc9ff6/element/f.51474A3CC1C3E60D87BDFB5B268300AB.d.23C529879E1EE338E475992CCA5786C4.e.990/click - {}
COMMAND: POST /session/68ce15ad6dfcf6d6012fddf9f8dc9ff6/element - {"using":"xpath","value":"//*[@id=\"backBtn\"]"}
RESULT: {"using":"xpath","value":"//*[@id=\"backBtn\"]"}
COMMAND: POST /session/68ce15ad6dfcf6d6012fddf9f8dc9ff6/element/f.51474A3CC1C3E60D87BDFB5B268300AB.d.23C529879E1EE338E475992CCA5786C4.e.990/click - {}
COMMAND: POST /session/68ce15ad6dfcf6d6012fddf9f8dc9ff6/element - {"using":"xpath","value":"//*[@id=\"backBtn\"]"}
RESULT: {"using":"xpath","value":"//*[@id=\"backBtn\"]"}
COMMAND: POST /session/68ce15ad6dfcf6d6012fddf9f8dc9ff6/element/f.51474A3CC1C3E60D87BDFB5B268300AB.d.23C529879E1EE338E475992CCA5786C4.e.1282/click - {}
RESULT: {}
COMMAND: GET /session/68ce15ad6dfcf6d6012fddf9f8dc9ff6/screenshot - {}
RESULT: {}
]]></system-out>
    </testcase>
    <testcase classname="chrome.135_0_7049_96.windows.Sanity_Tests_US104253" name="Should open Manage Yards page" time="35.593">
      <system-out><![CDATA[
COMMAND: POST /session/68ce15ad6dfcf6d6012fddf9f8dc9ff6/execute/async - {"script":"<script> [1562 bytes]","args":[{"selector":{"controlType":"sap.m.GenericTile","properties":{"header":"Manage Yards"}},"wdio_ui5_key":"sapm.GenericTile{\"header\":\"Manage Yards\"}"}]}
RESULT: {"script":"<script> [1562 bytes]","args":[{"selector":{"controlType":"sap.m.GenericTile","properties":{"header":"Manage Yards"}},"wdio_ui5_key":"sapm.GenericTile{\"header\":\"Manage Yards\"}"}]}
RESULT: undefined
COMMAND: POST /session/68ce15ad6dfcf6d6012fddf9f8dc9ff6/element - {"using":"xpath","value":"//*[@id=\"__tile41\"]"}
RESULT: {"using":"xpath","value":"//*[@id=\"__tile41\"]"}
COMMAND: POST /session/68ce15ad6dfcf6d6012fddf9f8dc9ff6/element/f.51474A3CC1C3E60D87BDFB5B268300AB.d.23C529879E1EE338E475992CCA5786C4.e.1284/click - {}
RESULT: {}
COMMAND: GET /session/68ce15ad6dfcf6d6012fddf9f8dc9ff6/screenshot - {}
RESULT: {}
RESULT: undefined
COMMAND: POST /session/68ce15ad6dfcf6d6012fddf9f8dc9ff6/element - {"using":"xpath","value":"//*[@id=\"__tile41\"]"}
RESULT: {"using":"xpath","value":"//*[@id=\"__tile41\"]"}
COMMAND: POST /session/68ce15ad6dfcf6d6012fddf9f8dc9ff6/element/f.51474A3CC1C3E60D87BDFB5B268300AB.d.23C529879E1EE338E475992CCA5786C4.e.1284/click - {}
RESULT: undefined
COMMAND: POST /session/68ce15ad6dfcf6d6012fddf9f8dc9ff6/element - {"using":"xpath","value":"//*[@id=\"__tile41\"]"}
RESULT: {"using":"xpath","value":"//*[@id=\"__tile41\"]"}
COMMAND: POST /session/68ce15ad6dfcf6d6012fddf9f8dc9ff6/element/f.51474A3CC1C3E60D87BDFB5B268300AB.d.23C529879E1EE338E475992CCA5786C4.e.1284/click - {}
RESULT: undefined
COMMAND: POST /session/68ce15ad6dfcf6d6012fddf9f8dc9ff6/execute/async - {"script":"<script> [6424 bytes]","args":[{"element-6066-11e4-a52e-4f735466cecf":"f.51474A3CC1C3E60D87BDFB5B268300AB.d.23C529879E1EE338E475992CCA5786C4.e.294"},"getTitle",[]]}
COMMAND: POST /session/68ce15ad6dfcf6d6012fddf9f8dc9ff6/execute/async - {"script":"<script> [1562 bytes]","args":[{"selector":{"id":"shellAppTitle"},"wdio_ui5_key":"shellAppTitle"}]}
RESULT: {"script":"<script> [1562 bytes]","args":[{"selector":{"id":"shellAppTitle"},"wdio_ui5_key":"shellAppTitle"}]}
COMMAND: POST /session/68ce15ad6dfcf6d6012fddf9f8dc9ff6/execute/async - {"script":"<script> [6424 bytes]","args":[{"element-6066-11e4-a52e-4f735466cecf":"f.51474A3CC1C3E60D87BDFB5B268300AB.d.23C529879E1EE338E475992CCA5786C4.e.1617"},"getTitle",[]]}
RESULT: {"script":"<script> [6424 bytes]","args":[{"element-6066-11e4-a52e-4f735466cecf":"f.51474A3CC1C3E60D87BDFB5B268300AB.d.23C529879E1EE338E475992CCA5786C4.e.1617"},"getTitle",[]]}
RESULT: undefined
COMMAND: POST /session/68ce15ad6dfcf6d6012fddf9f8dc9ff6/element/f.51474A3CC1C3E60D87BDFB5B268300AB.d.23C529879E1EE338E475992CCA5786C4.e.1282/click - {}
RESULT: {}
COMMAND: GET /session/68ce15ad6dfcf6d6012fddf9f8dc9ff6/screenshot - {}
RESULT: {}
]]></system-out>
    </testcase>
    <testcase classname="chrome.135_0_7049_96.windows.Sanity_Tests_US104253" name="Should open Manage Requests page" time="35.161">
      <system-out><![CDATA[
COMMAND: POST /session/68ce15ad6dfcf6d6012fddf9f8dc9ff6/execute/async - {"script":"<script> [1562 bytes]","args":[{"selector":{"controlType":"sap.m.GenericTile","properties":{"header":"Manage Requests"}},"wdio_ui5_key":"sapm.GenericTile{\"header\":\"Manage Requests\"}"}]}
RESULT: {"script":"<script> [1562 bytes]","args":[{"selector":{"controlType":"sap.m.GenericTile","properties":{"header":"Manage Requests"}},"wdio_ui5_key":"sapm.GenericTile{\"header\":\"Manage Requests\"}"}]}
RESULT: undefined
COMMAND: POST /session/68ce15ad6dfcf6d6012fddf9f8dc9ff6/element - {"using":"xpath","value":"//*[@id=\"__tile47\"]"}
RESULT: {"using":"xpath","value":"//*[@id=\"__tile47\"]"}
COMMAND: POST /session/68ce15ad6dfcf6d6012fddf9f8dc9ff6/element/f.51474A3CC1C3E60D87BDFB5B268300AB.d.23C529879E1EE338E475992CCA5786C4.e.1619/click - {}
RESULT: {}
COMMAND: GET /session/68ce15ad6dfcf6d6012fddf9f8dc9ff6/screenshot - {}
RESULT: {}
RESULT: undefined
COMMAND: POST /session/68ce15ad6dfcf6d6012fddf9f8dc9ff6/element - {"using":"xpath","value":"//*[@id=\"__tile47\"]"}
RESULT: {"using":"xpath","value":"//*[@id=\"__tile47\"]"}
COMMAND: POST /session/68ce15ad6dfcf6d6012fddf9f8dc9ff6/element/f.51474A3CC1C3E60D87BDFB5B268300AB.d.23C529879E1EE338E475992CCA5786C4.e.1619/click - {}
RESULT: undefined
COMMAND: POST /session/68ce15ad6dfcf6d6012fddf9f8dc9ff6/element - {"using":"xpath","value":"//*[@id=\"__tile47\"]"}
RESULT: {"using":"xpath","value":"//*[@id=\"__tile47\"]"}
COMMAND: POST /session/68ce15ad6dfcf6d6012fddf9f8dc9ff6/element/f.51474A3CC1C3E60D87BDFB5B268300AB.d.23C529879E1EE338E475992CCA5786C4.e.1619/click - {}
RESULT: undefined
COMMAND: POST /session/68ce15ad6dfcf6d6012fddf9f8dc9ff6/execute/async - {"script":"<script> [6424 bytes]","args":[{"element-6066-11e4-a52e-4f735466cecf":"f.51474A3CC1C3E60D87BDFB5B268300AB.d.23C529879E1EE338E475992CCA5786C4.e.294"},"getTitle",[]]}
COMMAND: POST /session/68ce15ad6dfcf6d6012fddf9f8dc9ff6/execute/async - {"script":"<script> [1562 bytes]","args":[{"selector":{"id":"shellAppTitle"},"wdio_ui5_key":"shellAppTitle"}]}
RESULT: {"script":"<script> [1562 bytes]","args":[{"selector":{"id":"shellAppTitle"},"wdio_ui5_key":"shellAppTitle"}]}
COMMAND: POST /session/68ce15ad6dfcf6d6012fddf9f8dc9ff6/execute/async - {"script":"<script> [6424 bytes]","args":[{"element-6066-11e4-a52e-4f735466cecf":"f.51474A3CC1C3E60D87BDFB5B268300AB.d.23C529879E1EE338E475992CCA5786C4.e.1716"},"getTitle",[]]}
RESULT: {"script":"<script> [6424 bytes]","args":[{"element-6066-11e4-a52e-4f735466cecf":"f.51474A3CC1C3E60D87BDFB5B268300AB.d.23C529879E1EE338E475992CCA5786C4.e.1716"},"getTitle",[]]}
RESULT: undefined
COMMAND: POST /session/68ce15ad6dfcf6d6012fddf9f8dc9ff6/element/f.51474A3CC1C3E60D87BDFB5B268300AB.d.23C529879E1EE338E475992CCA5786C4.e.1282/click - {}
COMMAND: POST /session/68ce15ad6dfcf6d6012fddf9f8dc9ff6/element - {"using":"xpath","value":"//*[@id=\"backBtn\"]"}
RESULT: {"using":"xpath","value":"//*[@id=\"backBtn\"]"}
COMMAND: POST /session/68ce15ad6dfcf6d6012fddf9f8dc9ff6/element/f.51474A3CC1C3E60D87BDFB5B268300AB.d.23C529879E1EE338E475992CCA5786C4.e.1282/click - {}
COMMAND: POST /session/68ce15ad6dfcf6d6012fddf9f8dc9ff6/element - {"using":"xpath","value":"//*[@id=\"backBtn\"]"}
RESULT: {"using":"xpath","value":"//*[@id=\"backBtn\"]"}
COMMAND: POST /session/68ce15ad6dfcf6d6012fddf9f8dc9ff6/element/f.51474A3CC1C3E60D87BDFB5B268300AB.d.23C529879E1EE338E475992CCA5786C4.e.1717/click - {}
RESULT: {}
COMMAND: GET /session/68ce15ad6dfcf6d6012fddf9f8dc9ff6/screenshot - {}
RESULT: {}
]]></system-out>
    </testcase>
    <testcase classname="chrome.135_0_7049_96.windows.Sanity_Tests_US104253" name="Should open Manage Purchasing page" time="36.417">
      <system-out><![CDATA[
COMMAND: POST /session/68ce15ad6dfcf6d6012fddf9f8dc9ff6/execute/async - {"script":"<script> [1562 bytes]","args":[{"selector":{"controlType":"sap.m.GenericTile","properties":{"header":"Manage Purchasing"}},"wdio_ui5_key":"sapm.GenericTile{\"header\":\"Manage Purchasing\"}"}]}
RESULT: {"script":"<script> [1562 bytes]","args":[{"selector":{"controlType":"sap.m.GenericTile","properties":{"header":"Manage Purchasing"}},"wdio_ui5_key":"sapm.GenericTile{\"header\":\"Manage Purchasing\"}"}]}
RESULT: undefined
COMMAND: POST /session/68ce15ad6dfcf6d6012fddf9f8dc9ff6/element - {"using":"xpath","value":"//*[@id=\"__tile46\"]"}
RESULT: {"using":"xpath","value":"//*[@id=\"__tile46\"]"}
COMMAND: POST /session/68ce15ad6dfcf6d6012fddf9f8dc9ff6/element/f.51474A3CC1C3E60D87BDFB5B268300AB.d.23C529879E1EE338E475992CCA5786C4.e.1720/click - {}
RESULT: {}
COMMAND: GET /session/68ce15ad6dfcf6d6012fddf9f8dc9ff6/screenshot - {}
RESULT: {}
RESULT: undefined
COMMAND: POST /session/68ce15ad6dfcf6d6012fddf9f8dc9ff6/element - {"using":"xpath","value":"//*[@id=\"__tile46\"]"}
RESULT: {"using":"xpath","value":"//*[@id=\"__tile46\"]"}
COMMAND: POST /session/68ce15ad6dfcf6d6012fddf9f8dc9ff6/element/f.51474A3CC1C3E60D87BDFB5B268300AB.d.23C529879E1EE338E475992CCA5786C4.e.1720/click - {}
RESULT: undefined
COMMAND: POST /session/68ce15ad6dfcf6d6012fddf9f8dc9ff6/element - {"using":"xpath","value":"//*[@id=\"__tile46\"]"}
RESULT: {"using":"xpath","value":"//*[@id=\"__tile46\"]"}
COMMAND: POST /session/68ce15ad6dfcf6d6012fddf9f8dc9ff6/element/f.51474A3CC1C3E60D87BDFB5B268300AB.d.23C529879E1EE338E475992CCA5786C4.e.1720/click - {}
RESULT: undefined
COMMAND: POST /session/68ce15ad6dfcf6d6012fddf9f8dc9ff6/execute/async - {"script":"<script> [6424 bytes]","args":[{"element-6066-11e4-a52e-4f735466cecf":"f.51474A3CC1C3E60D87BDFB5B268300AB.d.23C529879E1EE338E475992CCA5786C4.e.294"},"getTitle",[]]}
COMMAND: POST /session/68ce15ad6dfcf6d6012fddf9f8dc9ff6/execute/async - {"script":"<script> [1562 bytes]","args":[{"selector":{"id":"shellAppTitle"},"wdio_ui5_key":"shellAppTitle"}]}
RESULT: {"script":"<script> [1562 bytes]","args":[{"selector":{"id":"shellAppTitle"},"wdio_ui5_key":"shellAppTitle"}]}
COMMAND: POST /session/68ce15ad6dfcf6d6012fddf9f8dc9ff6/execute/async - {"script":"<script> [6424 bytes]","args":[{"element-6066-11e4-a52e-4f735466cecf":"f.51474A3CC1C3E60D87BDFB5B268300AB.d.23C529879E1EE338E475992CCA5786C4.e.1802"},"getTitle",[]]}
RESULT: {"script":"<script> [6424 bytes]","args":[{"element-6066-11e4-a52e-4f735466cecf":"f.51474A3CC1C3E60D87BDFB5B268300AB.d.23C529879E1EE338E475992CCA5786C4.e.1802"},"getTitle",[]]}
RESULT: undefined
COMMAND: POST /session/68ce15ad6dfcf6d6012fddf9f8dc9ff6/element/f.51474A3CC1C3E60D87BDFB5B268300AB.d.23C529879E1EE338E475992CCA5786C4.e.1717/click - {}
RESULT: {}
COMMAND: GET /session/68ce15ad6dfcf6d6012fddf9f8dc9ff6/screenshot - {}
RESULT: {}
]]></system-out>
    </testcase>
    <testcase classname="chrome.135_0_7049_96.windows.Sanity_Tests_US104253" name="Should open Planning Board page" time="33.042">
      <system-out><![CDATA[
COMMAND: POST /session/68ce15ad6dfcf6d6012fddf9f8dc9ff6/execute/async - {"script":"<script> [1562 bytes]","args":[{"selector":{"controlType":"sap.m.GenericTile","properties":{"header":"Planning Board"}},"wdio_ui5_key":"sapm.GenericTile{\"header\":\"Planning Board\"}"}]}
RESULT: {"script":"<script> [1562 bytes]","args":[{"selector":{"controlType":"sap.m.GenericTile","properties":{"header":"Planning Board"}},"wdio_ui5_key":"sapm.GenericTile{\"header\":\"Planning Board\"}"}]}
RESULT: undefined
COMMAND: POST /session/68ce15ad6dfcf6d6012fddf9f8dc9ff6/element - {"using":"xpath","value":"//*[@id=\"__tile131\"]"}
RESULT: {"using":"xpath","value":"//*[@id=\"__tile131\"]"}
COMMAND: POST /session/68ce15ad6dfcf6d6012fddf9f8dc9ff6/element/f.51474A3CC1C3E60D87BDFB5B268300AB.d.23C529879E1EE338E475992CCA5786C4.e.1804/click - {}
RESULT: {}
COMMAND: GET /session/68ce15ad6dfcf6d6012fddf9f8dc9ff6/screenshot - {}
RESULT: {}
RESULT: undefined
COMMAND: POST /session/68ce15ad6dfcf6d6012fddf9f8dc9ff6/element - {"using":"xpath","value":"//*[@id=\"__tile131\"]"}
RESULT: {"using":"xpath","value":"//*[@id=\"__tile131\"]"}
COMMAND: POST /session/68ce15ad6dfcf6d6012fddf9f8dc9ff6/element/f.51474A3CC1C3E60D87BDFB5B268300AB.d.23C529879E1EE338E475992CCA5786C4.e.1804/click - {}
RESULT: undefined
COMMAND: POST /session/68ce15ad6dfcf6d6012fddf9f8dc9ff6/element - {"using":"xpath","value":"//*[@id=\"__tile131\"]"}
RESULT: {"using":"xpath","value":"//*[@id=\"__tile131\"]"}
COMMAND: POST /session/68ce15ad6dfcf6d6012fddf9f8dc9ff6/element/f.51474A3CC1C3E60D87BDFB5B268300AB.d.23C529879E1EE338E475992CCA5786C4.e.1804/click - {}
RESULT: undefined
COMMAND: POST /session/68ce15ad6dfcf6d6012fddf9f8dc9ff6/execute/async - {"script":"<script> [6424 bytes]","args":[{"element-6066-11e4-a52e-4f735466cecf":"f.51474A3CC1C3E60D87BDFB5B268300AB.d.23C529879E1EE338E475992CCA5786C4.e.294"},"getTitle",[]]}
COMMAND: POST /session/68ce15ad6dfcf6d6012fddf9f8dc9ff6/execute/async - {"script":"<script> [1562 bytes]","args":[{"selector":{"id":"shellAppTitle"},"wdio_ui5_key":"shellAppTitle"}]}
RESULT: {"script":"<script> [1562 bytes]","args":[{"selector":{"id":"shellAppTitle"},"wdio_ui5_key":"shellAppTitle"}]}
COMMAND: POST /session/68ce15ad6dfcf6d6012fddf9f8dc9ff6/execute/async - {"script":"<script> [6424 bytes]","args":[{"element-6066-11e4-a52e-4f735466cecf":"f.51474A3CC1C3E60D87BDFB5B268300AB.d.23C529879E1EE338E475992CCA5786C4.e.1852"},"getTitle",[]]}
RESULT: {"script":"<script> [6424 bytes]","args":[{"element-6066-11e4-a52e-4f735466cecf":"f.51474A3CC1C3E60D87BDFB5B268300AB.d.23C529879E1EE338E475992CCA5786C4.e.1852"},"getTitle",[]]}
RESULT: undefined
COMMAND: POST /session/68ce15ad6dfcf6d6012fddf9f8dc9ff6/element/f.51474A3CC1C3E60D87BDFB5B268300AB.d.23C529879E1EE338E475992CCA5786C4.e.1717/click - {}
COMMAND: POST /session/68ce15ad6dfcf6d6012fddf9f8dc9ff6/element/f.51474A3CC1C3E60D87BDFB5B268300AB.d.23C529879E1EE338E475992CCA5786C4.e.1717/click - {}
COMMAND: POST /session/68ce15ad6dfcf6d6012fddf9f8dc9ff6/element - {"using":"xpath","value":"//*[@id=\"backBtn\"]"}
COMMAND: POST /session/68ce15ad6dfcf6d6012fddf9f8dc9ff6/element - {"using":"xpath","value":"//*[@id=\"backBtn\"]"}
RESULT: {"using":"xpath","value":"//*[@id=\"backBtn\"]"}
COMMAND: POST /session/68ce15ad6dfcf6d6012fddf9f8dc9ff6/element/f.51474A3CC1C3E60D87BDFB5B268300AB.d.23C529879E1EE338E475992CCA5786C4.e.1717/click - {}
RESULT: {"using":"xpath","value":"//*[@id=\"backBtn\"]"}
COMMAND: POST /session/68ce15ad6dfcf6d6012fddf9f8dc9ff6/element/f.51474A3CC1C3E60D87BDFB5B268300AB.d.23C529879E1EE338E475992CCA5786C4.e.1717/click - {}
COMMAND: POST /session/68ce15ad6dfcf6d6012fddf9f8dc9ff6/element - {"using":"xpath","value":"//*[@id=\"backBtn\"]"}
COMMAND: POST /session/68ce15ad6dfcf6d6012fddf9f8dc9ff6/element - {"using":"xpath","value":"//*[@id=\"backBtn\"]"}
RESULT: {"using":"xpath","value":"//*[@id=\"backBtn\"]"}
COMMAND: POST /session/68ce15ad6dfcf6d6012fddf9f8dc9ff6/element/f.51474A3CC1C3E60D87BDFB5B268300AB.d.23C529879E1EE338E475992CCA5786C4.e.1853/click - {}
RESULT: {"using":"xpath","value":"//*[@id=\"backBtn\"]"}
COMMAND: POST /session/68ce15ad6dfcf6d6012fddf9f8dc9ff6/element/f.51474A3CC1C3E60D87BDFB5B268300AB.d.23C529879E1EE338E475992CCA5786C4.e.1853/click - {}
RESULT: {}
COMMAND: GET /session/68ce15ad6dfcf6d6012fddf9f8dc9ff6/screenshot - {}
RESULT: {}
COMMAND: GET /session/68ce15ad6dfcf6d6012fddf9f8dc9ff6/screenshot - {}
RESULT: {}
RESULT: {}
]]></system-out>
    </testcase>
    <testcase classname="chrome.135_0_7049_96.windows.Sanity_Tests_US104253" name="Should open Manage Contracts page" time="36.336">
      <system-out><![CDATA[
COMMAND: POST /session/68ce15ad6dfcf6d6012fddf9f8dc9ff6/execute/async - {"script":"<script> [1562 bytes]","args":[{"selector":{"controlType":"sap.m.GenericTile","properties":{"header":"Manage Contracts"}},"wdio_ui5_key":"sapm.GenericTile{\"header\":\"Manage Contracts\"}"}]}
RESULT: {"script":"<script> [1562 bytes]","args":[{"selector":{"controlType":"sap.m.GenericTile","properties":{"header":"Manage Contracts"}},"wdio_ui5_key":"sapm.GenericTile{\"header\":\"Manage Contracts\"}"}]}
RESULT: undefined
COMMAND: POST /session/68ce15ad6dfcf6d6012fddf9f8dc9ff6/element - {"using":"xpath","value":"//*[@id=\"__tile130\"]"}
RESULT: {"using":"xpath","value":"//*[@id=\"__tile130\"]"}
COMMAND: POST /session/68ce15ad6dfcf6d6012fddf9f8dc9ff6/element/f.51474A3CC1C3E60D87BDFB5B268300AB.d.23C529879E1EE338E475992CCA5786C4.e.1855/click - {}
RESULT: {}
COMMAND: GET /session/68ce15ad6dfcf6d6012fddf9f8dc9ff6/screenshot - {}
RESULT: {}
RESULT: undefined
COMMAND: POST /session/68ce15ad6dfcf6d6012fddf9f8dc9ff6/element - {"using":"xpath","value":"//*[@id=\"__tile130\"]"}
RESULT: {"using":"xpath","value":"//*[@id=\"__tile130\"]"}
COMMAND: POST /session/68ce15ad6dfcf6d6012fddf9f8dc9ff6/element/f.51474A3CC1C3E60D87BDFB5B268300AB.d.23C529879E1EE338E475992CCA5786C4.e.1855/click - {}
RESULT: undefined
COMMAND: POST /session/68ce15ad6dfcf6d6012fddf9f8dc9ff6/element - {"using":"xpath","value":"//*[@id=\"__tile130\"]"}
RESULT: {"using":"xpath","value":"//*[@id=\"__tile130\"]"}
COMMAND: POST /session/68ce15ad6dfcf6d6012fddf9f8dc9ff6/element/f.51474A3CC1C3E60D87BDFB5B268300AB.d.23C529879E1EE338E475992CCA5786C4.e.1855/click - {}
RESULT: undefined
COMMAND: POST /session/68ce15ad6dfcf6d6012fddf9f8dc9ff6/execute/async - {"script":"<script> [6424 bytes]","args":[{"element-6066-11e4-a52e-4f735466cecf":"f.51474A3CC1C3E60D87BDFB5B268300AB.d.23C529879E1EE338E475992CCA5786C4.e.294"},"getTitle",[]]}
COMMAND: POST /session/68ce15ad6dfcf6d6012fddf9f8dc9ff6/execute/async - {"script":"<script> [1562 bytes]","args":[{"selector":{"id":"shellAppTitle"},"wdio_ui5_key":"shellAppTitle"}]}
RESULT: {"script":"<script> [1562 bytes]","args":[{"selector":{"id":"shellAppTitle"},"wdio_ui5_key":"shellAppTitle"}]}
COMMAND: POST /session/68ce15ad6dfcf6d6012fddf9f8dc9ff6/execute/async - {"script":"<script> [6424 bytes]","args":[{"element-6066-11e4-a52e-4f735466cecf":"f.51474A3CC1C3E60D87BDFB5B268300AB.d.23C529879E1EE338E475992CCA5786C4.e.1917"},"getTitle",[]]}
RESULT: {"script":"<script> [6424 bytes]","args":[{"element-6066-11e4-a52e-4f735466cecf":"f.51474A3CC1C3E60D87BDFB5B268300AB.d.23C529879E1EE338E475992CCA5786C4.e.1917"},"getTitle",[]]}
RESULT: undefined
COMMAND: POST /session/68ce15ad6dfcf6d6012fddf9f8dc9ff6/element/f.51474A3CC1C3E60D87BDFB5B268300AB.d.23C529879E1EE338E475992CCA5786C4.e.1853/click - {}
RESULT: {}
COMMAND: GET /session/68ce15ad6dfcf6d6012fddf9f8dc9ff6/screenshot - {}
RESULT: {}
]]></system-out>
    </testcase>
    <testcase classname="chrome.135_0_7049_96.windows.Sanity_Tests_US104253" name="Should open Manage Quotations page" time="33.108">
      <system-out><![CDATA[
COMMAND: POST /session/68ce15ad6dfcf6d6012fddf9f8dc9ff6/execute/async - {"script":"<script> [1562 bytes]","args":[{"selector":{"controlType":"sap.m.GenericTile","properties":{"header":"Manage Quotations"}},"wdio_ui5_key":"sapm.GenericTile{\"header\":\"Manage Quotations\"}"}]}
RESULT: {"script":"<script> [1562 bytes]","args":[{"selector":{"controlType":"sap.m.GenericTile","properties":{"header":"Manage Quotations"}},"wdio_ui5_key":"sapm.GenericTile{\"header\":\"Manage Quotations\"}"}]}
RESULT: undefined
COMMAND: POST /session/68ce15ad6dfcf6d6012fddf9f8dc9ff6/element - {"using":"xpath","value":"//*[@id=\"__tile133\"]"}
RESULT: {"using":"xpath","value":"//*[@id=\"__tile133\"]"}
COMMAND: POST /session/68ce15ad6dfcf6d6012fddf9f8dc9ff6/element/f.51474A3CC1C3E60D87BDFB5B268300AB.d.23C529879E1EE338E475992CCA5786C4.e.1919/click - {}
RESULT: {}
COMMAND: GET /session/68ce15ad6dfcf6d6012fddf9f8dc9ff6/screenshot - {}
RESULT: {}
RESULT: undefined
COMMAND: POST /session/68ce15ad6dfcf6d6012fddf9f8dc9ff6/element - {"using":"xpath","value":"//*[@id=\"__tile133\"]"}
RESULT: {"using":"xpath","value":"//*[@id=\"__tile133\"]"}
COMMAND: POST /session/68ce15ad6dfcf6d6012fddf9f8dc9ff6/element/f.51474A3CC1C3E60D87BDFB5B268300AB.d.23C529879E1EE338E475992CCA5786C4.e.1919/click - {}
RESULT: undefined
COMMAND: POST /session/68ce15ad6dfcf6d6012fddf9f8dc9ff6/element - {"using":"xpath","value":"//*[@id=\"__tile133\"]"}
RESULT: {"using":"xpath","value":"//*[@id=\"__tile133\"]"}
COMMAND: POST /session/68ce15ad6dfcf6d6012fddf9f8dc9ff6/element/f.51474A3CC1C3E60D87BDFB5B268300AB.d.23C529879E1EE338E475992CCA5786C4.e.1919/click - {}
RESULT: undefined
COMMAND: POST /session/68ce15ad6dfcf6d6012fddf9f8dc9ff6/execute/async - {"script":"<script> [6424 bytes]","args":[{"element-6066-11e4-a52e-4f735466cecf":"f.51474A3CC1C3E60D87BDFB5B268300AB.d.23C529879E1EE338E475992CCA5786C4.e.294"},"getTitle",[]]}
COMMAND: POST /session/68ce15ad6dfcf6d6012fddf9f8dc9ff6/execute/async - {"script":"<script> [1562 bytes]","args":[{"selector":{"id":"shellAppTitle"},"wdio_ui5_key":"shellAppTitle"}]}
RESULT: {"script":"<script> [1562 bytes]","args":[{"selector":{"id":"shellAppTitle"},"wdio_ui5_key":"shellAppTitle"}]}
COMMAND: POST /session/68ce15ad6dfcf6d6012fddf9f8dc9ff6/execute/async - {"script":"<script> [6424 bytes]","args":[{"element-6066-11e4-a52e-4f735466cecf":"f.51474A3CC1C3E60D87BDFB5B268300AB.d.23C529879E1EE338E475992CCA5786C4.e.2026"},"getTitle",[]]}
RESULT: {"script":"<script> [6424 bytes]","args":[{"element-6066-11e4-a52e-4f735466cecf":"f.51474A3CC1C3E60D87BDFB5B268300AB.d.23C529879E1EE338E475992CCA5786C4.e.2026"},"getTitle",[]]}
RESULT: undefined
COMMAND: POST /session/68ce15ad6dfcf6d6012fddf9f8dc9ff6/element/f.51474A3CC1C3E60D87BDFB5B268300AB.d.23C529879E1EE338E475992CCA5786C4.e.1853/click - {}
COMMAND: POST /session/68ce15ad6dfcf6d6012fddf9f8dc9ff6/element - {"using":"xpath","value":"//*[@id=\"backBtn\"]"}
RESULT: {"using":"xpath","value":"//*[@id=\"backBtn\"]"}
COMMAND: POST /session/68ce15ad6dfcf6d6012fddf9f8dc9ff6/element/f.51474A3CC1C3E60D87BDFB5B268300AB.d.23C529879E1EE338E475992CCA5786C4.e.1853/click - {}
COMMAND: POST /session/68ce15ad6dfcf6d6012fddf9f8dc9ff6/element - {"using":"xpath","value":"//*[@id=\"backBtn\"]"}
RESULT: {"using":"xpath","value":"//*[@id=\"backBtn\"]"}
COMMAND: POST /session/68ce15ad6dfcf6d6012fddf9f8dc9ff6/element/f.51474A3CC1C3E60D87BDFB5B268300AB.d.23C529879E1EE338E475992CCA5786C4.e.2027/click - {}
RESULT: {}
COMMAND: GET /session/68ce15ad6dfcf6d6012fddf9f8dc9ff6/screenshot - {}
RESULT: {}
]]></system-out>
    </testcase>
    <testcase classname="chrome.135_0_7049_96.windows.Sanity_Tests_US104253" name="Should open Manage Handovers page" time="35.805">
      <system-out><![CDATA[
COMMAND: POST /session/68ce15ad6dfcf6d6012fddf9f8dc9ff6/execute/async - {"script":"<script> [1562 bytes]","args":[{"selector":{"controlType":"sap.m.GenericTile","properties":{"header":"Manage Handovers"}},"wdio_ui5_key":"sapm.GenericTile{\"header\":\"Manage Handovers\"}"}]}
RESULT: {"script":"<script> [1562 bytes]","args":[{"selector":{"controlType":"sap.m.GenericTile","properties":{"header":"Manage Handovers"}},"wdio_ui5_key":"sapm.GenericTile{\"header\":\"Manage Handovers\"}"}]}
RESULT: undefined
COMMAND: POST /session/68ce15ad6dfcf6d6012fddf9f8dc9ff6/element - {"using":"xpath","value":"//*[@id=\"__tile132\"]"}
RESULT: {"using":"xpath","value":"//*[@id=\"__tile132\"]"}
COMMAND: POST /session/68ce15ad6dfcf6d6012fddf9f8dc9ff6/element/f.51474A3CC1C3E60D87BDFB5B268300AB.d.23C529879E1EE338E475992CCA5786C4.e.2029/click - {}
RESULT: {}
COMMAND: GET /session/68ce15ad6dfcf6d6012fddf9f8dc9ff6/screenshot - {}
RESULT: {}
RESULT: undefined
COMMAND: POST /session/68ce15ad6dfcf6d6012fddf9f8dc9ff6/element - {"using":"xpath","value":"//*[@id=\"__tile132\"]"}
RESULT: {"using":"xpath","value":"//*[@id=\"__tile132\"]"}
COMMAND: POST /session/68ce15ad6dfcf6d6012fddf9f8dc9ff6/element/f.51474A3CC1C3E60D87BDFB5B268300AB.d.23C529879E1EE338E475992CCA5786C4.e.2029/click - {}
RESULT: undefined
COMMAND: POST /session/68ce15ad6dfcf6d6012fddf9f8dc9ff6/element - {"using":"xpath","value":"//*[@id=\"__tile132\"]"}
RESULT: {"using":"xpath","value":"//*[@id=\"__tile132\"]"}
COMMAND: POST /session/68ce15ad6dfcf6d6012fddf9f8dc9ff6/element/f.51474A3CC1C3E60D87BDFB5B268300AB.d.23C529879E1EE338E475992CCA5786C4.e.2029/click - {}
RESULT: undefined
COMMAND: POST /session/68ce15ad6dfcf6d6012fddf9f8dc9ff6/execute/async - {"script":"<script> [6424 bytes]","args":[{"element-6066-11e4-a52e-4f735466cecf":"f.51474A3CC1C3E60D87BDFB5B268300AB.d.23C529879E1EE338E475992CCA5786C4.e.294"},"getTitle",[]]}
COMMAND: POST /session/68ce15ad6dfcf6d6012fddf9f8dc9ff6/execute/async - {"script":"<script> [1562 bytes]","args":[{"selector":{"id":"shellAppTitle"},"wdio_ui5_key":"shellAppTitle"}]}
RESULT: {"script":"<script> [1562 bytes]","args":[{"selector":{"id":"shellAppTitle"},"wdio_ui5_key":"shellAppTitle"}]}
COMMAND: POST /session/68ce15ad6dfcf6d6012fddf9f8dc9ff6/execute/async - {"script":"<script> [6424 bytes]","args":[{"element-6066-11e4-a52e-4f735466cecf":"f.51474A3CC1C3E60D87BDFB5B268300AB.d.23C529879E1EE338E475992CCA5786C4.e.2134"},"getTitle",[]]}
RESULT: {"script":"<script> [6424 bytes]","args":[{"element-6066-11e4-a52e-4f735466cecf":"f.51474A3CC1C3E60D87BDFB5B268300AB.d.23C529879E1EE338E475992CCA5786C4.e.2134"},"getTitle",[]]}
RESULT: undefined
COMMAND: POST /session/68ce15ad6dfcf6d6012fddf9f8dc9ff6/element/f.51474A3CC1C3E60D87BDFB5B268300AB.d.23C529879E1EE338E475992CCA5786C4.e.2027/click - {}
RESULT: {}
COMMAND: GET /session/68ce15ad6dfcf6d6012fddf9f8dc9ff6/screenshot - {}
RESULT: {}
]]></system-out>
    </testcase>
    <testcase classname="chrome.135_0_7049_96.windows.Sanity_Tests_US104253" name="Should open Delivery Monitor page" time="37.219">
      <system-out><![CDATA[
COMMAND: POST /session/68ce15ad6dfcf6d6012fddf9f8dc9ff6/execute/async - {"script":"<script> [1562 bytes]","args":[{"selector":{"controlType":"sap.m.GenericTile","properties":{"header":"Delivery Monitor"}},"wdio_ui5_key":"sapm.GenericTile{\"header\":\"Delivery Monitor\"}"}]}
RESULT: {"script":"<script> [1562 bytes]","args":[{"selector":{"controlType":"sap.m.GenericTile","properties":{"header":"Delivery Monitor"}},"wdio_ui5_key":"sapm.GenericTile{\"header\":\"Delivery Monitor\"}"}]}
RESULT: undefined
COMMAND: POST /session/68ce15ad6dfcf6d6012fddf9f8dc9ff6/element - {"using":"xpath","value":"//*[@id=\"__tile43\"]"}
RESULT: {"using":"xpath","value":"//*[@id=\"__tile43\"]"}
COMMAND: POST /session/68ce15ad6dfcf6d6012fddf9f8dc9ff6/element/f.51474A3CC1C3E60D87BDFB5B268300AB.d.23C529879E1EE338E475992CCA5786C4.e.2136/click - {}
RESULT: {}
COMMAND: GET /session/68ce15ad6dfcf6d6012fddf9f8dc9ff6/screenshot - {}
RESULT: {}
RESULT: undefined
COMMAND: POST /session/68ce15ad6dfcf6d6012fddf9f8dc9ff6/element - {"using":"xpath","value":"//*[@id=\"__tile43\"]"}
RESULT: {"using":"xpath","value":"//*[@id=\"__tile43\"]"}
COMMAND: POST /session/68ce15ad6dfcf6d6012fddf9f8dc9ff6/element/f.51474A3CC1C3E60D87BDFB5B268300AB.d.23C529879E1EE338E475992CCA5786C4.e.2136/click - {}
RESULT: undefined
COMMAND: POST /session/68ce15ad6dfcf6d6012fddf9f8dc9ff6/element - {"using":"xpath","value":"//*[@id=\"__tile43\"]"}
RESULT: {"using":"xpath","value":"//*[@id=\"__tile43\"]"}
COMMAND: POST /session/68ce15ad6dfcf6d6012fddf9f8dc9ff6/element/f.51474A3CC1C3E60D87BDFB5B268300AB.d.23C529879E1EE338E475992CCA5786C4.e.2136/click - {}
RESULT: undefined
COMMAND: POST /session/68ce15ad6dfcf6d6012fddf9f8dc9ff6/execute/async - {"script":"<script> [6424 bytes]","args":[{"element-6066-11e4-a52e-4f735466cecf":"f.51474A3CC1C3E60D87BDFB5B268300AB.d.23C529879E1EE338E475992CCA5786C4.e.294"},"getTitle",[]]}
COMMAND: POST /session/68ce15ad6dfcf6d6012fddf9f8dc9ff6/execute/async - {"script":"<script> [1562 bytes]","args":[{"selector":{"id":"shellAppTitle"},"wdio_ui5_key":"shellAppTitle"}]}
RESULT: {"script":"<script> [1562 bytes]","args":[{"selector":{"id":"shellAppTitle"},"wdio_ui5_key":"shellAppTitle"}]}
COMMAND: POST /session/68ce15ad6dfcf6d6012fddf9f8dc9ff6/execute/async - {"script":"<script> [6424 bytes]","args":[{"element-6066-11e4-a52e-4f735466cecf":"f.51474A3CC1C3E60D87BDFB5B268300AB.d.23C529879E1EE338E475992CCA5786C4.e.2232"},"getTitle",[]]}
RESULT: {"script":"<script> [6424 bytes]","args":[{"element-6066-11e4-a52e-4f735466cecf":"f.51474A3CC1C3E60D87BDFB5B268300AB.d.23C529879E1EE338E475992CCA5786C4.e.2232"},"getTitle",[]]}
RESULT: undefined
COMMAND: POST /session/68ce15ad6dfcf6d6012fddf9f8dc9ff6/element/f.51474A3CC1C3E60D87BDFB5B268300AB.d.23C529879E1EE338E475992CCA5786C4.e.2027/click - {}
COMMAND: POST /session/68ce15ad6dfcf6d6012fddf9f8dc9ff6/element - {"using":"xpath","value":"//*[@id=\"backBtn\"]"}
RESULT: {"using":"xpath","value":"//*[@id=\"backBtn\"]"}
COMMAND: POST /session/68ce15ad6dfcf6d6012fddf9f8dc9ff6/element/f.51474A3CC1C3E60D87BDFB5B268300AB.d.23C529879E1EE338E475992CCA5786C4.e.2027/click - {}
COMMAND: POST /session/68ce15ad6dfcf6d6012fddf9f8dc9ff6/element - {"using":"xpath","value":"//*[@id=\"backBtn\"]"}
RESULT: {"using":"xpath","value":"//*[@id=\"backBtn\"]"}
COMMAND: POST /session/68ce15ad6dfcf6d6012fddf9f8dc9ff6/element/f.51474A3CC1C3E60D87BDFB5B268300AB.d.23C529879E1EE338E475992CCA5786C4.e.2233/click - {}
RESULT: {}
COMMAND: GET /session/68ce15ad6dfcf6d6012fddf9f8dc9ff6/screenshot - {}
RESULT: {}
]]></system-out>
    </testcase>
    <testcase classname="chrome.135_0_7049_96.windows.Sanity_Tests_US104253" name="Should open Manage Calendar Exceptions page" time="33.496">
      <system-out><![CDATA[
COMMAND: POST /session/68ce15ad6dfcf6d6012fddf9f8dc9ff6/execute/async - {"script":"<script> [1562 bytes]","args":[{"selector":{"controlType":"sap.m.GenericTile","properties":{"header":"Manage Calendar Exceptions"}},"wdio_ui5_key":"sapm.GenericTile{\"header\":\"Manage Calendar Exceptions\"}"}]}
RESULT: {"script":"<script> [1562 bytes]","args":[{"selector":{"controlType":"sap.m.GenericTile","properties":{"header":"Manage Calendar Exceptions"}},"wdio_ui5_key":"sapm.GenericTile{\"header\":\"Manage Calendar Exceptions\"}"}]}
RESULT: undefined
COMMAND: POST /session/68ce15ad6dfcf6d6012fddf9f8dc9ff6/element - {"using":"xpath","value":"//*[@id=\"__tile52\"]"}
RESULT: {"using":"xpath","value":"//*[@id=\"__tile52\"]"}
COMMAND: POST /session/68ce15ad6dfcf6d6012fddf9f8dc9ff6/element/f.51474A3CC1C3E60D87BDFB5B268300AB.d.23C529879E1EE338E475992CCA5786C4.e.2235/click - {}
RESULT: {}
COMMAND: GET /session/68ce15ad6dfcf6d6012fddf9f8dc9ff6/screenshot - {}
RESULT: {}
RESULT: undefined
COMMAND: POST /session/68ce15ad6dfcf6d6012fddf9f8dc9ff6/element - {"using":"xpath","value":"//*[@id=\"__tile52\"]"}
RESULT: {"using":"xpath","value":"//*[@id=\"__tile52\"]"}
COMMAND: POST /session/68ce15ad6dfcf6d6012fddf9f8dc9ff6/element/f.51474A3CC1C3E60D87BDFB5B268300AB.d.23C529879E1EE338E475992CCA5786C4.e.2235/click - {}
RESULT: undefined
COMMAND: POST /session/68ce15ad6dfcf6d6012fddf9f8dc9ff6/element - {"using":"xpath","value":"//*[@id=\"__tile52\"]"}
RESULT: {"using":"xpath","value":"//*[@id=\"__tile52\"]"}
COMMAND: POST /session/68ce15ad6dfcf6d6012fddf9f8dc9ff6/element/f.51474A3CC1C3E60D87BDFB5B268300AB.d.23C529879E1EE338E475992CCA5786C4.e.2235/click - {}
RESULT: undefined
COMMAND: POST /session/68ce15ad6dfcf6d6012fddf9f8dc9ff6/execute/async - {"script":"<script> [6424 bytes]","args":[{"element-6066-11e4-a52e-4f735466cecf":"f.51474A3CC1C3E60D87BDFB5B268300AB.d.23C529879E1EE338E475992CCA5786C4.e.294"},"getTitle",[]]}
COMMAND: POST /session/68ce15ad6dfcf6d6012fddf9f8dc9ff6/execute/async - {"script":"<script> [1562 bytes]","args":[{"selector":{"id":"shellAppTitle"},"wdio_ui5_key":"shellAppTitle"}]}
RESULT: {"script":"<script> [1562 bytes]","args":[{"selector":{"id":"shellAppTitle"},"wdio_ui5_key":"shellAppTitle"}]}
COMMAND: POST /session/68ce15ad6dfcf6d6012fddf9f8dc9ff6/execute/async - {"script":"<script> [6424 bytes]","args":[{"element-6066-11e4-a52e-4f735466cecf":"f.51474A3CC1C3E60D87BDFB5B268300AB.d.23C529879E1EE338E475992CCA5786C4.e.2305"},"getTitle",[]]}
RESULT: {"script":"<script> [6424 bytes]","args":[{"element-6066-11e4-a52e-4f735466cecf":"f.51474A3CC1C3E60D87BDFB5B268300AB.d.23C529879E1EE338E475992CCA5786C4.e.2305"},"getTitle",[]]}
RESULT: undefined
COMMAND: POST /session/68ce15ad6dfcf6d6012fddf9f8dc9ff6/element/f.51474A3CC1C3E60D87BDFB5B268300AB.d.23C529879E1EE338E475992CCA5786C4.e.2233/click - {}
RESULT: {}
COMMAND: GET /session/68ce15ad6dfcf6d6012fddf9f8dc9ff6/screenshot - {}
RESULT: {}
]]></system-out>
    </testcase>
    <testcase classname="chrome.135_0_7049_96.windows.Sanity_Tests_US104253" name="Should open Manage States Performance page" time="36.57">
      <system-out><![CDATA[
COMMAND: POST /session/68ce15ad6dfcf6d6012fddf9f8dc9ff6/execute/async - {"script":"<script> [1562 bytes]","args":[{"selector":{"controlType":"sap.m.GenericTile","properties":{"header":"Manage States & Performance"}},"wdio_ui5_key":"sapm.GenericTile{\"header\":\"Manage States & Performance\"}"}]}
RESULT: {"script":"<script> [1562 bytes]","args":[{"selector":{"controlType":"sap.m.GenericTile","properties":{"header":"Manage States & Performance"}},"wdio_ui5_key":"sapm.GenericTile{\"header\":\"Manage States & Performance\"}"}]}
RESULT: undefined
COMMAND: POST /session/68ce15ad6dfcf6d6012fddf9f8dc9ff6/element - {"using":"xpath","value":"//*[@id=\"__tile56\"]"}
RESULT: {"using":"xpath","value":"//*[@id=\"__tile56\"]"}
COMMAND: POST /session/68ce15ad6dfcf6d6012fddf9f8dc9ff6/element/f.51474A3CC1C3E60D87BDFB5B268300AB.d.23C529879E1EE338E475992CCA5786C4.e.2309/click - {}
RESULT: {}
COMMAND: GET /session/68ce15ad6dfcf6d6012fddf9f8dc9ff6/screenshot - {}
RESULT: {}
RESULT: undefined
COMMAND: POST /session/68ce15ad6dfcf6d6012fddf9f8dc9ff6/element - {"using":"xpath","value":"//*[@id=\"__tile56\"]"}
RESULT: {"using":"xpath","value":"//*[@id=\"__tile56\"]"}
COMMAND: POST /session/68ce15ad6dfcf6d6012fddf9f8dc9ff6/element/f.51474A3CC1C3E60D87BDFB5B268300AB.d.23C529879E1EE338E475992CCA5786C4.e.2309/click - {}
RESULT: undefined
COMMAND: POST /session/68ce15ad6dfcf6d6012fddf9f8dc9ff6/element - {"using":"xpath","value":"//*[@id=\"__tile56\"]"}
RESULT: {"using":"xpath","value":"//*[@id=\"__tile56\"]"}
COMMAND: POST /session/68ce15ad6dfcf6d6012fddf9f8dc9ff6/element/f.51474A3CC1C3E60D87BDFB5B268300AB.d.23C529879E1EE338E475992CCA5786C4.e.2309/click - {}
RESULT: undefined
COMMAND: POST /session/68ce15ad6dfcf6d6012fddf9f8dc9ff6/execute/async - {"script":"<script> [6424 bytes]","args":[{"element-6066-11e4-a52e-4f735466cecf":"f.51474A3CC1C3E60D87BDFB5B268300AB.d.23C529879E1EE338E475992CCA5786C4.e.294"},"getTitle",[]]}
COMMAND: POST /session/68ce15ad6dfcf6d6012fddf9f8dc9ff6/execute/async - {"script":"<script> [1562 bytes]","args":[{"selector":{"id":"shellAppTitle"},"wdio_ui5_key":"shellAppTitle"}]}
RESULT: {"script":"<script> [1562 bytes]","args":[{"selector":{"id":"shellAppTitle"},"wdio_ui5_key":"shellAppTitle"}]}
COMMAND: POST /session/68ce15ad6dfcf6d6012fddf9f8dc9ff6/execute/async - {"script":"<script> [6424 bytes]","args":[{"element-6066-11e4-a52e-4f735466cecf":"f.51474A3CC1C3E60D87BDFB5B268300AB.d.23C529879E1EE338E475992CCA5786C4.e.2504"},"getTitle",[]]}
RESULT: {"script":"<script> [6424 bytes]","args":[{"element-6066-11e4-a52e-4f735466cecf":"f.51474A3CC1C3E60D87BDFB5B268300AB.d.23C529879E1EE338E475992CCA5786C4.e.2504"},"getTitle",[]]}
RESULT: undefined
COMMAND: POST /session/68ce15ad6dfcf6d6012fddf9f8dc9ff6/element/f.51474A3CC1C3E60D87BDFB5B268300AB.d.23C529879E1EE338E475992CCA5786C4.e.2233/click - {}
COMMAND: POST /session/68ce15ad6dfcf6d6012fddf9f8dc9ff6/element - {"using":"xpath","value":"//*[@id=\"backBtn\"]"}
RESULT: {"using":"xpath","value":"//*[@id=\"backBtn\"]"}
COMMAND: POST /session/68ce15ad6dfcf6d6012fddf9f8dc9ff6/element/f.51474A3CC1C3E60D87BDFB5B268300AB.d.23C529879E1EE338E475992CCA5786C4.e.2233/click - {}
COMMAND: POST /session/68ce15ad6dfcf6d6012fddf9f8dc9ff6/element - {"using":"xpath","value":"//*[@id=\"backBtn\"]"}
RESULT: {"using":"xpath","value":"//*[@id=\"backBtn\"]"}
COMMAND: POST /session/68ce15ad6dfcf6d6012fddf9f8dc9ff6/element/f.51474A3CC1C3E60D87BDFB5B268300AB.d.23C529879E1EE338E475992CCA5786C4.e.2505/click - {}
RESULT: {}
COMMAND: GET /session/68ce15ad6dfcf6d6012fddf9f8dc9ff6/screenshot - {}
RESULT: {}
]]></system-out>
    </testcase>
    <testcase classname="chrome.135_0_7049_96.windows.Sanity_Tests_US104253" name="Should open Manage Billings page" time="39.701">
      <system-out><![CDATA[
COMMAND: POST /session/68ce15ad6dfcf6d6012fddf9f8dc9ff6/execute/async - {"script":"<script> [1562 bytes]","args":[{"selector":{"controlType":"sap.m.GenericTile","properties":{"header":"Manage Billings"}},"wdio_ui5_key":"sapm.GenericTile{\"header\":\"Manage Billings\"}"}]}
RESULT: {"script":"<script> [1562 bytes]","args":[{"selector":{"controlType":"sap.m.GenericTile","properties":{"header":"Manage Billings"}},"wdio_ui5_key":"sapm.GenericTile{\"header\":\"Manage Billings\"}"}]}
RESULT: undefined
COMMAND: POST /session/68ce15ad6dfcf6d6012fddf9f8dc9ff6/element - {"using":"xpath","value":"//*[@id=\"__tile51\"]"}
RESULT: {"using":"xpath","value":"//*[@id=\"__tile51\"]"}
COMMAND: POST /session/68ce15ad6dfcf6d6012fddf9f8dc9ff6/element/f.51474A3CC1C3E60D87BDFB5B268300AB.d.23C529879E1EE338E475992CCA5786C4.e.2507/click - {}
RESULT: {}
COMMAND: GET /session/68ce15ad6dfcf6d6012fddf9f8dc9ff6/screenshot - {}
RESULT: {}
RESULT: undefined
COMMAND: POST /session/68ce15ad6dfcf6d6012fddf9f8dc9ff6/element - {"using":"xpath","value":"//*[@id=\"__tile51\"]"}
RESULT: {"using":"xpath","value":"//*[@id=\"__tile51\"]"}
COMMAND: POST /session/68ce15ad6dfcf6d6012fddf9f8dc9ff6/element/f.51474A3CC1C3E60D87BDFB5B268300AB.d.23C529879E1EE338E475992CCA5786C4.e.2507/click - {}
RESULT: undefined
COMMAND: POST /session/68ce15ad6dfcf6d6012fddf9f8dc9ff6/element - {"using":"xpath","value":"//*[@id=\"__tile51\"]"}
RESULT: {"using":"xpath","value":"//*[@id=\"__tile51\"]"}
COMMAND: POST /session/68ce15ad6dfcf6d6012fddf9f8dc9ff6/element/f.51474A3CC1C3E60D87BDFB5B268300AB.d.23C529879E1EE338E475992CCA5786C4.e.2507/click - {}
RESULT: undefined
COMMAND: POST /session/68ce15ad6dfcf6d6012fddf9f8dc9ff6/execute/async - {"script":"<script> [6424 bytes]","args":[{"element-6066-11e4-a52e-4f735466cecf":"f.51474A3CC1C3E60D87BDFB5B268300AB.d.23C529879E1EE338E475992CCA5786C4.e.294"},"getTitle",[]]}
COMMAND: POST /session/68ce15ad6dfcf6d6012fddf9f8dc9ff6/execute/async - {"script":"<script> [1562 bytes]","args":[{"selector":{"id":"shellAppTitle"},"wdio_ui5_key":"shellAppTitle"}]}
RESULT: {"script":"<script> [1562 bytes]","args":[{"selector":{"id":"shellAppTitle"},"wdio_ui5_key":"shellAppTitle"}]}
COMMAND: POST /session/68ce15ad6dfcf6d6012fddf9f8dc9ff6/execute/async - {"script":"<script> [6424 bytes]","args":[{"element-6066-11e4-a52e-4f735466cecf":"f.51474A3CC1C3E60D87BDFB5B268300AB.d.23C529879E1EE338E475992CCA5786C4.e.2749"},"getTitle",[]]}
RESULT: {"script":"<script> [6424 bytes]","args":[{"element-6066-11e4-a52e-4f735466cecf":"f.51474A3CC1C3E60D87BDFB5B268300AB.d.23C529879E1EE338E475992CCA5786C4.e.2749"},"getTitle",[]]}
RESULT: undefined
COMMAND: POST /session/68ce15ad6dfcf6d6012fddf9f8dc9ff6/element/f.51474A3CC1C3E60D87BDFB5B268300AB.d.23C529879E1EE338E475992CCA5786C4.e.2505/click - {}
COMMAND: POST /session/68ce15ad6dfcf6d6012fddf9f8dc9ff6/element/f.51474A3CC1C3E60D87BDFB5B268300AB.d.23C529879E1EE338E475992CCA5786C4.e.2505/click - {}
RESULT: {}
COMMAND: GET /session/68ce15ad6dfcf6d6012fddf9f8dc9ff6/screenshot - {}
COMMAND: POST /session/68ce15ad6dfcf6d6012fddf9f8dc9ff6/element - {"using":"xpath","value":"//*[@id=\"backBtn\"]"}
RESULT: {}
RESULT: {"using":"xpath","value":"//*[@id=\"backBtn\"]"}
COMMAND: POST /session/68ce15ad6dfcf6d6012fddf9f8dc9ff6/elements - {"using":"xpath","value":"//*[@id=\"backBtn\"]"}
RESULT: {"using":"xpath","value":"//*[@id=\"backBtn\"]"}
COMMAND: POST /session/68ce15ad6dfcf6d6012fddf9f8dc9ff6/elements - {"using":"xpath","value":"//*[@id=\"backBtn\"]"}
RESULT: {"using":"xpath","value":"//*[@id=\"backBtn\"]"}
COMMAND: POST /session/68ce15ad6dfcf6d6012fddf9f8dc9ff6/elements - {"using":"xpath","value":"//*[@id=\"backBtn\"]"}
RESULT: {"using":"xpath","value":"//*[@id=\"backBtn\"]"}
COMMAND: POST /session/68ce15ad6dfcf6d6012fddf9f8dc9ff6/elements - {"using":"xpath","value":"//*[@id=\"backBtn\"]"}
RESULT: {"using":"xpath","value":"//*[@id=\"backBtn\"]"}
COMMAND: POST /session/68ce15ad6dfcf6d6012fddf9f8dc9ff6/elements - {"using":"xpath","value":"//*[@id=\"backBtn\"]"}
RESULT: {"using":"xpath","value":"//*[@id=\"backBtn\"]"}
COMMAND: POST /session/68ce15ad6dfcf6d6012fddf9f8dc9ff6/elements - {"using":"xpath","value":"//*[@id=\"backBtn\"]"}
RESULT: {"using":"xpath","value":"//*[@id=\"backBtn\"]"}
COMMAND: POST /session/68ce15ad6dfcf6d6012fddf9f8dc9ff6/elements - {"using":"xpath","value":"//*[@id=\"backBtn\"]"}
RESULT: {"using":"xpath","value":"//*[@id=\"backBtn\"]"}
COMMAND: POST /session/68ce15ad6dfcf6d6012fddf9f8dc9ff6/elements - {"using":"xpath","value":"//*[@id=\"backBtn\"]"}
RESULT: {"using":"xpath","value":"//*[@id=\"backBtn\"]"}
COMMAND: POST /session/68ce15ad6dfcf6d6012fddf9f8dc9ff6/elements - {"using":"xpath","value":"//*[@id=\"backBtn\"]"}
RESULT: {"using":"xpath","value":"//*[@id=\"backBtn\"]"}
COMMAND: POST /session/68ce15ad6dfcf6d6012fddf9f8dc9ff6/elements - {"using":"xpath","value":"//*[@id=\"backBtn\"]"}
RESULT: {"using":"xpath","value":"//*[@id=\"backBtn\"]"}
COMMAND: POST /session/68ce15ad6dfcf6d6012fddf9f8dc9ff6/elements - {"using":"xpath","value":"//*[@id=\"backBtn\"]"}
RESULT: {"using":"xpath","value":"//*[@id=\"backBtn\"]"}
COMMAND: POST /session/68ce15ad6dfcf6d6012fddf9f8dc9ff6/elements - {"using":"xpath","value":"//*[@id=\"backBtn\"]"}
RESULT: {"using":"xpath","value":"//*[@id=\"backBtn\"]"}
COMMAND: POST /session/68ce15ad6dfcf6d6012fddf9f8dc9ff6/elements - {"using":"xpath","value":"//*[@id=\"backBtn\"]"}
RESULT: {"using":"xpath","value":"//*[@id=\"backBtn\"]"}
COMMAND: POST /session/68ce15ad6dfcf6d6012fddf9f8dc9ff6/elements - {"using":"xpath","value":"//*[@id=\"backBtn\"]"}
RESULT: {"using":"xpath","value":"//*[@id=\"backBtn\"]"}
COMMAND: POST /session/68ce15ad6dfcf6d6012fddf9f8dc9ff6/elements - {"using":"xpath","value":"//*[@id=\"backBtn\"]"}
RESULT: {"using":"xpath","value":"//*[@id=\"backBtn\"]"}
COMMAND: POST /session/68ce15ad6dfcf6d6012fddf9f8dc9ff6/elements - {"using":"xpath","value":"//*[@id=\"backBtn\"]"}
]]></system-out>
    </testcase>
    <testcase classname="chrome.135_0_7049_96.windows.Sanity_Tests_US104253" name="Should open Manage Conditions Prices page" time="51.684">
      <system-out><![CDATA[
COMMAND: POST /session/68ce15ad6dfcf6d6012fddf9f8dc9ff6/execute/async - {"script":"<script> [1562 bytes]","args":[{"selector":{"controlType":"sap.m.GenericTile","properties":{"header":"Manage Conditions & Prices"}},"wdio_ui5_key":"sapm.GenericTile{\"header\":\"Manage Conditions & Prices\"}"}]}
RESULT: {"using":"xpath","value":"//*[@id=\"backBtn\"]"}
COMMAND: POST /session/68ce15ad6dfcf6d6012fddf9f8dc9ff6/elements - {"using":"xpath","value":"//*[@id=\"backBtn\"]"}
RESULT: {"script":"<script> [1562 bytes]","args":[{"selector":{"controlType":"sap.m.GenericTile","properties":{"header":"Manage Conditions & Prices"}},"wdio_ui5_key":"sapm.GenericTile{\"header\":\"Manage Conditions & Prices\"}"}]}
RESULT: undefined
COMMAND: POST /session/68ce15ad6dfcf6d6012fddf9f8dc9ff6/element - {"using":"xpath","value":"//*[@id=\"__tile53\"]"}
RESULT: {"using":"xpath","value":"//*[@id=\"backBtn\"]"}
RESULT: {"using":"xpath","value":"//*[@id=\"__tile53\"]"}
COMMAND: POST /session/68ce15ad6dfcf6d6012fddf9f8dc9ff6/element/f.51474A3CC1C3E60D87BDFB5B268300AB.d.23C529879E1EE338E475992CCA5786C4.e.2751/click - {}
COMMAND: POST /session/68ce15ad6dfcf6d6012fddf9f8dc9ff6/elements - {"using":"xpath","value":"//*[@id=\"backBtn\"]"}
RESULT: {}
COMMAND: GET /session/68ce15ad6dfcf6d6012fddf9f8dc9ff6/screenshot - {}
RESULT: {"using":"xpath","value":"//*[@id=\"backBtn\"]"}
RESULT: {}
COMMAND: POST /session/68ce15ad6dfcf6d6012fddf9f8dc9ff6/elements - {"using":"xpath","value":"//*[@id=\"backBtn\"]"}
RESULT: {"using":"xpath","value":"//*[@id=\"backBtn\"]"}
COMMAND: POST /session/68ce15ad6dfcf6d6012fddf9f8dc9ff6/elements - {"using":"xpath","value":"//*[@id=\"backBtn\"]"}
RESULT: {"using":"xpath","value":"//*[@id=\"backBtn\"]"}
COMMAND: POST /session/68ce15ad6dfcf6d6012fddf9f8dc9ff6/elements - {"using":"xpath","value":"//*[@id=\"backBtn\"]"}
RESULT: {"using":"xpath","value":"//*[@id=\"backBtn\"]"}
COMMAND: POST /session/68ce15ad6dfcf6d6012fddf9f8dc9ff6/elements - {"using":"xpath","value":"//*[@id=\"backBtn\"]"}
RESULT: undefined
COMMAND: POST /session/68ce15ad6dfcf6d6012fddf9f8dc9ff6/element - {"using":"xpath","value":"//*[@id=\"__tile53\"]"}
RESULT: {"using":"xpath","value":"//*[@id=\"backBtn\"]"}
COMMAND: POST /session/68ce15ad6dfcf6d6012fddf9f8dc9ff6/element - {"using":"xpath","value":"//*[@id=\"backBtn\"]"}
RESULT: {"using":"xpath","value":"//*[@id=\"__tile53\"]"}
COMMAND: POST /session/68ce15ad6dfcf6d6012fddf9f8dc9ff6/element/f.51474A3CC1C3E60D87BDFB5B268300AB.d.23C529879E1EE338E475992CCA5786C4.e.2751/click - {}
RESULT: {"using":"xpath","value":"//*[@id=\"backBtn\"]"}
COMMAND: POST /session/68ce15ad6dfcf6d6012fddf9f8dc9ff6/element/f.51474A3CC1C3E60D87BDFB5B268300AB.d.23C529879E1EE338E475992CCA5786C4.e.2505/click - {}
COMMAND: POST /session/68ce15ad6dfcf6d6012fddf9f8dc9ff6/element - {"using":"xpath","value":"//*[@id=\"backBtn\"]"}
RESULT: {"using":"xpath","value":"//*[@id=\"backBtn\"]"}
COMMAND: POST /session/68ce15ad6dfcf6d6012fddf9f8dc9ff6/element/f.51474A3CC1C3E60D87BDFB5B268300AB.d.23C529879E1EE338E475992CCA5786C4.e.2755/click - {}
RESULT: {}
COMMAND: GET /session/68ce15ad6dfcf6d6012fddf9f8dc9ff6/screenshot - {}
RESULT: {}
RESULT: undefined
COMMAND: POST /session/68ce15ad6dfcf6d6012fddf9f8dc9ff6/element - {"using":"xpath","value":"//*[@id=\"__tile53\"]"}
COMMAND: GET /session/68ce15ad6dfcf6d6012fddf9f8dc9ff6/screenshot - {}
RESULT: {}
RESULT: {"using":"xpath","value":"//*[@id=\"__tile53\"]"}
COMMAND: POST /session/68ce15ad6dfcf6d6012fddf9f8dc9ff6/element/f.51474A3CC1C3E60D87BDFB5B268300AB.d.23C529879E1EE338E475992CCA5786C4.e.2751/click - {}
RESULT: {}
RESULT: undefined
COMMAND: POST /session/68ce15ad6dfcf6d6012fddf9f8dc9ff6/execute/async - {"script":"<script> [6424 bytes]","args":[{"element-6066-11e4-a52e-4f735466cecf":"f.51474A3CC1C3E60D87BDFB5B268300AB.d.23C529879E1EE338E475992CCA5786C4.e.294"},"getTitle",[]]}
COMMAND: POST /session/68ce15ad6dfcf6d6012fddf9f8dc9ff6/execute/async - {"script":"<script> [1562 bytes]","args":[{"selector":{"id":"shellAppTitle"},"wdio_ui5_key":"shellAppTitle"}]}
RESULT: {"script":"<script> [1562 bytes]","args":[{"selector":{"id":"shellAppTitle"},"wdio_ui5_key":"shellAppTitle"}]}
COMMAND: POST /session/68ce15ad6dfcf6d6012fddf9f8dc9ff6/execute/async - {"script":"<script> [6424 bytes]","args":[{"element-6066-11e4-a52e-4f735466cecf":"f.51474A3CC1C3E60D87BDFB5B268300AB.d.23C529879E1EE338E475992CCA5786C4.e.3142"},"getTitle",[]]}
RESULT: {"script":"<script> [6424 bytes]","args":[{"element-6066-11e4-a52e-4f735466cecf":"f.51474A3CC1C3E60D87BDFB5B268300AB.d.23C529879E1EE338E475992CCA5786C4.e.3142"},"getTitle",[]]}
RESULT: undefined
COMMAND: POST /session/68ce15ad6dfcf6d6012fddf9f8dc9ff6/element/f.51474A3CC1C3E60D87BDFB5B268300AB.d.23C529879E1EE338E475992CCA5786C4.e.2755/click - {}
RESULT: {}
COMMAND: GET /session/68ce15ad6dfcf6d6012fddf9f8dc9ff6/screenshot - {}
RESULT: {}
]]></system-out>
    </testcase>
    <testcase classname="chrome.135_0_7049_96.windows.Sanity_Tests_US104253" name="Should open Billing Transfer page" time="34.787">
      <system-out><![CDATA[
COMMAND: POST /session/68ce15ad6dfcf6d6012fddf9f8dc9ff6/execute/async - {"script":"<script> [1562 bytes]","args":[{"selector":{"controlType":"sap.m.GenericTile","properties":{"header":"Billing Transfer"}},"wdio_ui5_key":"sapm.GenericTile{\"header\":\"Billing Transfer\"}"}]}
RESULT: {"script":"<script> [1562 bytes]","args":[{"selector":{"controlType":"sap.m.GenericTile","properties":{"header":"Billing Transfer"}},"wdio_ui5_key":"sapm.GenericTile{\"header\":\"Billing Transfer\"}"}]}
RESULT: undefined
COMMAND: POST /session/68ce15ad6dfcf6d6012fddf9f8dc9ff6/element - {"using":"xpath","value":"//*[@id=\"__tile50\"]"}
RESULT: {"using":"xpath","value":"//*[@id=\"__tile50\"]"}
COMMAND: POST /session/68ce15ad6dfcf6d6012fddf9f8dc9ff6/element/f.51474A3CC1C3E60D87BDFB5B268300AB.d.23C529879E1EE338E475992CCA5786C4.e.3144/click - {}
RESULT: {}
COMMAND: GET /session/68ce15ad6dfcf6d6012fddf9f8dc9ff6/screenshot - {}
RESULT: {}
RESULT: undefined
COMMAND: POST /session/68ce15ad6dfcf6d6012fddf9f8dc9ff6/element - {"using":"xpath","value":"//*[@id=\"__tile50\"]"}
RESULT: {"using":"xpath","value":"//*[@id=\"__tile50\"]"}
COMMAND: POST /session/68ce15ad6dfcf6d6012fddf9f8dc9ff6/element/f.51474A3CC1C3E60D87BDFB5B268300AB.d.23C529879E1EE338E475992CCA5786C4.e.3144/click - {}
RESULT: undefined
COMMAND: POST /session/68ce15ad6dfcf6d6012fddf9f8dc9ff6/element - {"using":"xpath","value":"//*[@id=\"__tile50\"]"}
RESULT: {"using":"xpath","value":"//*[@id=\"__tile50\"]"}
COMMAND: POST /session/68ce15ad6dfcf6d6012fddf9f8dc9ff6/element/f.51474A3CC1C3E60D87BDFB5B268300AB.d.23C529879E1EE338E475992CCA5786C4.e.3144/click - {}
RESULT: undefined
COMMAND: POST /session/68ce15ad6dfcf6d6012fddf9f8dc9ff6/execute/async - {"script":"<script> [6424 bytes]","args":[{"element-6066-11e4-a52e-4f735466cecf":"f.51474A3CC1C3E60D87BDFB5B268300AB.d.23C529879E1EE338E475992CCA5786C4.e.294"},"getTitle",[]]}
COMMAND: POST /session/68ce15ad6dfcf6d6012fddf9f8dc9ff6/execute/async - {"script":"<script> [1562 bytes]","args":[{"selector":{"id":"shellAppTitle"},"wdio_ui5_key":"shellAppTitle"}]}
RESULT: {"script":"<script> [1562 bytes]","args":[{"selector":{"id":"shellAppTitle"},"wdio_ui5_key":"shellAppTitle"}]}
COMMAND: POST /session/68ce15ad6dfcf6d6012fddf9f8dc9ff6/execute/async - {"script":"<script> [6424 bytes]","args":[{"element-6066-11e4-a52e-4f735466cecf":"f.51474A3CC1C3E60D87BDFB5B268300AB.d.23C529879E1EE338E475992CCA5786C4.e.3295"},"getTitle",[]]}
RESULT: {"script":"<script> [6424 bytes]","args":[{"element-6066-11e4-a52e-4f735466cecf":"f.51474A3CC1C3E60D87BDFB5B268300AB.d.23C529879E1EE338E475992CCA5786C4.e.3295"},"getTitle",[]]}
RESULT: undefined
COMMAND: POST /session/68ce15ad6dfcf6d6012fddf9f8dc9ff6/element/f.51474A3CC1C3E60D87BDFB5B268300AB.d.23C529879E1EE338E475992CCA5786C4.e.2755/click - {}
COMMAND: POST /session/68ce15ad6dfcf6d6012fddf9f8dc9ff6/element - {"using":"xpath","value":"//*[@id=\"backBtn\"]"}
RESULT: {"using":"xpath","value":"//*[@id=\"backBtn\"]"}
COMMAND: POST /session/68ce15ad6dfcf6d6012fddf9f8dc9ff6/element/f.51474A3CC1C3E60D87BDFB5B268300AB.d.23C529879E1EE338E475992CCA5786C4.e.2755/click - {}
COMMAND: POST /session/68ce15ad6dfcf6d6012fddf9f8dc9ff6/element - {"using":"xpath","value":"//*[@id=\"backBtn\"]"}
RESULT: {"using":"xpath","value":"//*[@id=\"backBtn\"]"}
COMMAND: POST /session/68ce15ad6dfcf6d6012fddf9f8dc9ff6/element/f.51474A3CC1C3E60D87BDFB5B268300AB.d.23C529879E1EE338E475992CCA5786C4.e.3296/click - {}
RESULT: {}
COMMAND: GET /session/68ce15ad6dfcf6d6012fddf9f8dc9ff6/screenshot - {}
RESULT: {}
]]></system-out>
    </testcase>
    <testcase classname="chrome.135_0_7049_96.windows.Sanity_Tests_US104253" name="Should open Manage Pricing Rules page" time="34.024">
      <system-out><![CDATA[
COMMAND: POST /session/68ce15ad6dfcf6d6012fddf9f8dc9ff6/execute/async - {"script":"<script> [1562 bytes]","args":[{"selector":{"controlType":"sap.m.GenericTile","properties":{"header":"Manage Pricing Rules"}},"wdio_ui5_key":"sapm.GenericTile{\"header\":\"Manage Pricing Rules\"}"}]}
RESULT: {"script":"<script> [1562 bytes]","args":[{"selector":{"controlType":"sap.m.GenericTile","properties":{"header":"Manage Pricing Rules"}},"wdio_ui5_key":"sapm.GenericTile{\"header\":\"Manage Pricing Rules\"}"}]}
RESULT: undefined
COMMAND: POST /session/68ce15ad6dfcf6d6012fddf9f8dc9ff6/element - {"using":"xpath","value":"//*[@id=\"__tile55\"]"}
RESULT: {"using":"xpath","value":"//*[@id=\"__tile55\"]"}
COMMAND: POST /session/68ce15ad6dfcf6d6012fddf9f8dc9ff6/element/f.51474A3CC1C3E60D87BDFB5B268300AB.d.23C529879E1EE338E475992CCA5786C4.e.3298/click - {}
RESULT: {}
COMMAND: GET /session/68ce15ad6dfcf6d6012fddf9f8dc9ff6/screenshot - {}
RESULT: {}
RESULT: undefined
COMMAND: POST /session/68ce15ad6dfcf6d6012fddf9f8dc9ff6/element - {"using":"xpath","value":"//*[@id=\"__tile55\"]"}
RESULT: {"using":"xpath","value":"//*[@id=\"__tile55\"]"}
COMMAND: POST /session/68ce15ad6dfcf6d6012fddf9f8dc9ff6/element/f.51474A3CC1C3E60D87BDFB5B268300AB.d.23C529879E1EE338E475992CCA5786C4.e.3298/click - {}
RESULT: undefined
COMMAND: POST /session/68ce15ad6dfcf6d6012fddf9f8dc9ff6/element - {"using":"xpath","value":"//*[@id=\"__tile55\"]"}
RESULT: {"using":"xpath","value":"//*[@id=\"__tile55\"]"}
COMMAND: POST /session/68ce15ad6dfcf6d6012fddf9f8dc9ff6/element/f.51474A3CC1C3E60D87BDFB5B268300AB.d.23C529879E1EE338E475992CCA5786C4.e.3298/click - {}
RESULT: undefined
COMMAND: POST /session/68ce15ad6dfcf6d6012fddf9f8dc9ff6/execute/async - {"script":"<script> [6424 bytes]","args":[{"element-6066-11e4-a52e-4f735466cecf":"f.51474A3CC1C3E60D87BDFB5B268300AB.d.23C529879E1EE338E475992CCA5786C4.e.294"},"getTitle",[]]}
COMMAND: POST /session/68ce15ad6dfcf6d6012fddf9f8dc9ff6/execute/async - {"script":"<script> [1562 bytes]","args":[{"selector":{"id":"shellAppTitle"},"wdio_ui5_key":"shellAppTitle"}]}
RESULT: {"script":"<script> [1562 bytes]","args":[{"selector":{"id":"shellAppTitle"},"wdio_ui5_key":"shellAppTitle"}]}
COMMAND: POST /session/68ce15ad6dfcf6d6012fddf9f8dc9ff6/execute/async - {"script":"<script> [6424 bytes]","args":[{"element-6066-11e4-a52e-4f735466cecf":"f.51474A3CC1C3E60D87BDFB5B268300AB.d.23C529879E1EE338E475992CCA5786C4.e.3346"},"getTitle",[]]}
RESULT: {"script":"<script> [6424 bytes]","args":[{"element-6066-11e4-a52e-4f735466cecf":"f.51474A3CC1C3E60D87BDFB5B268300AB.d.23C529879E1EE338E475992CCA5786C4.e.3346"},"getTitle",[]]}
RESULT: undefined
COMMAND: POST /session/68ce15ad6dfcf6d6012fddf9f8dc9ff6/element/f.51474A3CC1C3E60D87BDFB5B268300AB.d.23C529879E1EE338E475992CCA5786C4.e.3296/click - {}
RESULT: {}
COMMAND: GET /session/68ce15ad6dfcf6d6012fddf9f8dc9ff6/screenshot - {}
RESULT: {}
]]></system-out>
    </testcase>
    <testcase classname="chrome.135_0_7049_96.windows.Sanity_Tests_US104253" name="Should open Manage Price Determination Matrices page" time="34.031">
      <system-out><![CDATA[
COMMAND: POST /session/68ce15ad6dfcf6d6012fddf9f8dc9ff6/execute/async - {"script":"<script> [1562 bytes]","args":[{"selector":{"controlType":"sap.m.GenericTile","properties":{"header":"Manage Price Determination Matrices"}},"wdio_ui5_key":"sapm.GenericTile{\"header\":\"Manage Price Determination Matrices\"}"}]}
RESULT: {"script":"<script> [1562 bytes]","args":[{"selector":{"controlType":"sap.m.GenericTile","properties":{"header":"Manage Price Determination Matrices"}},"wdio_ui5_key":"sapm.GenericTile{\"header\":\"Manage Price Determination Matrices\"}"}]}
RESULT: undefined
COMMAND: POST /session/68ce15ad6dfcf6d6012fddf9f8dc9ff6/element - {"using":"xpath","value":"//*[@id=\"__tile54\"]"}
RESULT: {"using":"xpath","value":"//*[@id=\"__tile54\"]"}
COMMAND: POST /session/68ce15ad6dfcf6d6012fddf9f8dc9ff6/element/f.51474A3CC1C3E60D87BDFB5B268300AB.d.23C529879E1EE338E475992CCA5786C4.e.3348/click - {}
RESULT: {}
COMMAND: GET /session/68ce15ad6dfcf6d6012fddf9f8dc9ff6/screenshot - {}
RESULT: {}
RESULT: undefined
COMMAND: POST /session/68ce15ad6dfcf6d6012fddf9f8dc9ff6/element - {"using":"xpath","value":"//*[@id=\"__tile54\"]"}
RESULT: {"using":"xpath","value":"//*[@id=\"__tile54\"]"}
COMMAND: POST /session/68ce15ad6dfcf6d6012fddf9f8dc9ff6/element/f.51474A3CC1C3E60D87BDFB5B268300AB.d.23C529879E1EE338E475992CCA5786C4.e.3348/click - {}
RESULT: undefined
COMMAND: POST /session/68ce15ad6dfcf6d6012fddf9f8dc9ff6/element - {"using":"xpath","value":"//*[@id=\"__tile54\"]"}
RESULT: {"using":"xpath","value":"//*[@id=\"__tile54\"]"}
COMMAND: POST /session/68ce15ad6dfcf6d6012fddf9f8dc9ff6/element/f.51474A3CC1C3E60D87BDFB5B268300AB.d.23C529879E1EE338E475992CCA5786C4.e.3348/click - {}
RESULT: undefined
COMMAND: POST /session/68ce15ad6dfcf6d6012fddf9f8dc9ff6/execute/async - {"script":"<script> [6424 bytes]","args":[{"element-6066-11e4-a52e-4f735466cecf":"f.51474A3CC1C3E60D87BDFB5B268300AB.d.23C529879E1EE338E475992CCA5786C4.e.294"},"getTitle",[]]}
COMMAND: POST /session/68ce15ad6dfcf6d6012fddf9f8dc9ff6/execute/async - {"script":"<script> [1562 bytes]","args":[{"selector":{"id":"shellAppTitle"},"wdio_ui5_key":"shellAppTitle"}]}
RESULT: {"script":"<script> [1562 bytes]","args":[{"selector":{"id":"shellAppTitle"},"wdio_ui5_key":"shellAppTitle"}]}
COMMAND: POST /session/68ce15ad6dfcf6d6012fddf9f8dc9ff6/execute/async - {"script":"<script> [6424 bytes]","args":[{"element-6066-11e4-a52e-4f735466cecf":"f.51474A3CC1C3E60D87BDFB5B268300AB.d.23C529879E1EE338E475992CCA5786C4.e.3449"},"getTitle",[]]}
RESULT: {"script":"<script> [6424 bytes]","args":[{"element-6066-11e4-a52e-4f735466cecf":"f.51474A3CC1C3E60D87BDFB5B268300AB.d.23C529879E1EE338E475992CCA5786C4.e.3449"},"getTitle",[]]}
RESULT: undefined
COMMAND: POST /session/68ce15ad6dfcf6d6012fddf9f8dc9ff6/element/f.51474A3CC1C3E60D87BDFB5B268300AB.d.23C529879E1EE338E475992CCA5786C4.e.3296/click - {}
COMMAND: POST /session/68ce15ad6dfcf6d6012fddf9f8dc9ff6/element - {"using":"xpath","value":"//*[@id=\"backBtn\"]"}
RESULT: {"using":"xpath","value":"//*[@id=\"backBtn\"]"}
COMMAND: POST /session/68ce15ad6dfcf6d6012fddf9f8dc9ff6/element/f.51474A3CC1C3E60D87BDFB5B268300AB.d.23C529879E1EE338E475992CCA5786C4.e.3296/click - {}
COMMAND: POST /session/68ce15ad6dfcf6d6012fddf9f8dc9ff6/element - {"using":"xpath","value":"//*[@id=\"backBtn\"]"}
RESULT: {"using":"xpath","value":"//*[@id=\"backBtn\"]"}
COMMAND: POST /session/68ce15ad6dfcf6d6012fddf9f8dc9ff6/element/f.51474A3CC1C3E60D87BDFB5B268300AB.d.23C529879E1EE338E475992CCA5786C4.e.3450/click - {}
RESULT: {}
COMMAND: GET /session/68ce15ad6dfcf6d6012fddf9f8dc9ff6/screenshot - {}
RESULT: {}
]]></system-out>
    </testcase>
    <testcase classname="chrome.135_0_7049_96.windows.Sanity_Tests_US104253" name="Should open Yard Overview page" time="37.147">
      <system-out><![CDATA[
COMMAND: POST /session/68ce15ad6dfcf6d6012fddf9f8dc9ff6/execute/async - {"script":"<script> [1562 bytes]","args":[{"selector":{"controlType":"sap.m.GenericTile","properties":{"header":"Yard Overview"}},"wdio_ui5_key":"sapm.GenericTile{\"header\":\"Yard Overview\"}"}]}
RESULT: {"script":"<script> [1562 bytes]","args":[{"selector":{"controlType":"sap.m.GenericTile","properties":{"header":"Yard Overview"}},"wdio_ui5_key":"sapm.GenericTile{\"header\":\"Yard Overview\"}"}]}
RESULT: undefined
COMMAND: POST /session/68ce15ad6dfcf6d6012fddf9f8dc9ff6/element - {"using":"xpath","value":"//*[@id=\"__tile102\"]"}
RESULT: {"using":"xpath","value":"//*[@id=\"__tile102\"]"}
COMMAND: POST /session/68ce15ad6dfcf6d6012fddf9f8dc9ff6/element/f.51474A3CC1C3E60D87BDFB5B268300AB.d.23C529879E1EE338E475992CCA5786C4.e.3452/click - {}
RESULT: {}
COMMAND: GET /session/68ce15ad6dfcf6d6012fddf9f8dc9ff6/screenshot - {}
RESULT: {}
RESULT: undefined
COMMAND: POST /session/68ce15ad6dfcf6d6012fddf9f8dc9ff6/element - {"using":"xpath","value":"//*[@id=\"__tile102\"]"}
RESULT: {"using":"xpath","value":"//*[@id=\"__tile102\"]"}
COMMAND: POST /session/68ce15ad6dfcf6d6012fddf9f8dc9ff6/element/f.51474A3CC1C3E60D87BDFB5B268300AB.d.23C529879E1EE338E475992CCA5786C4.e.3452/click - {}
RESULT: undefined
COMMAND: POST /session/68ce15ad6dfcf6d6012fddf9f8dc9ff6/element - {"using":"xpath","value":"//*[@id=\"__tile102\"]"}
RESULT: {"using":"xpath","value":"//*[@id=\"__tile102\"]"}
COMMAND: POST /session/68ce15ad6dfcf6d6012fddf9f8dc9ff6/element/f.51474A3CC1C3E60D87BDFB5B268300AB.d.23C529879E1EE338E475992CCA5786C4.e.3452/click - {}
RESULT: undefined
COMMAND: POST /session/68ce15ad6dfcf6d6012fddf9f8dc9ff6/execute/async - {"script":"<script> [6424 bytes]","args":[{"element-6066-11e4-a52e-4f735466cecf":"f.51474A3CC1C3E60D87BDFB5B268300AB.d.23C529879E1EE338E475992CCA5786C4.e.294"},"getTitle",[]]}
COMMAND: POST /session/68ce15ad6dfcf6d6012fddf9f8dc9ff6/execute/async - {"script":"<script> [1562 bytes]","args":[{"selector":{"id":"shellAppTitle"},"wdio_ui5_key":"shellAppTitle"}]}
RESULT: {"script":"<script> [1562 bytes]","args":[{"selector":{"id":"shellAppTitle"},"wdio_ui5_key":"shellAppTitle"}]}
COMMAND: POST /session/68ce15ad6dfcf6d6012fddf9f8dc9ff6/execute/async - {"script":"<script> [6424 bytes]","args":[{"element-6066-11e4-a52e-4f735466cecf":"f.51474A3CC1C3E60D87BDFB5B268300AB.d.23C529879E1EE338E475992CCA5786C4.e.3510"},"getTitle",[]]}
RESULT: {"script":"<script> [6424 bytes]","args":[{"element-6066-11e4-a52e-4f735466cecf":"f.51474A3CC1C3E60D87BDFB5B268300AB.d.23C529879E1EE338E475992CCA5786C4.e.3510"},"getTitle",[]]}
RESULT: undefined
COMMAND: POST /session/68ce15ad6dfcf6d6012fddf9f8dc9ff6/element/f.51474A3CC1C3E60D87BDFB5B268300AB.d.23C529879E1EE338E475992CCA5786C4.e.3450/click - {}
RESULT: {}
COMMAND: GET /session/68ce15ad6dfcf6d6012fddf9f8dc9ff6/screenshot - {}
RESULT: {}
]]></system-out>
    </testcase>
    <testcase classname="chrome.135_0_7049_96.windows.Sanity_Tests_US104253" name="Should open Site Overview page" time="37.055">
      <system-out><![CDATA[
COMMAND: POST /session/68ce15ad6dfcf6d6012fddf9f8dc9ff6/execute/async - {"script":"<script> [1562 bytes]","args":[{"selector":{"controlType":"sap.m.GenericTile","properties":{"header":"Site Overview"}},"wdio_ui5_key":"sapm.GenericTile{\"header\":\"Site Overview\"}"}]}
RESULT: {"script":"<script> [1562 bytes]","args":[{"selector":{"controlType":"sap.m.GenericTile","properties":{"header":"Site Overview"}},"wdio_ui5_key":"sapm.GenericTile{\"header\":\"Site Overview\"}"}]}
RESULT: undefined
COMMAND: POST /session/68ce15ad6dfcf6d6012fddf9f8dc9ff6/element - {"using":"xpath","value":"//*[@id=\"__tile100\"]"}
RESULT: {"using":"xpath","value":"//*[@id=\"__tile100\"]"}
COMMAND: POST /session/68ce15ad6dfcf6d6012fddf9f8dc9ff6/element/f.51474A3CC1C3E60D87BDFB5B268300AB.d.23C529879E1EE338E475992CCA5786C4.e.3513/click - {}
RESULT: {}
COMMAND: GET /session/68ce15ad6dfcf6d6012fddf9f8dc9ff6/screenshot - {}
RESULT: {}
RESULT: undefined
COMMAND: POST /session/68ce15ad6dfcf6d6012fddf9f8dc9ff6/element - {"using":"xpath","value":"//*[@id=\"__tile100\"]"}
RESULT: {"using":"xpath","value":"//*[@id=\"__tile100\"]"}
COMMAND: POST /session/68ce15ad6dfcf6d6012fddf9f8dc9ff6/element/f.51474A3CC1C3E60D87BDFB5B268300AB.d.23C529879E1EE338E475992CCA5786C4.e.3513/click - {}
RESULT: undefined
COMMAND: POST /session/68ce15ad6dfcf6d6012fddf9f8dc9ff6/element - {"using":"xpath","value":"//*[@id=\"__tile100\"]"}
RESULT: {"using":"xpath","value":"//*[@id=\"__tile100\"]"}
COMMAND: POST /session/68ce15ad6dfcf6d6012fddf9f8dc9ff6/element/f.51474A3CC1C3E60D87BDFB5B268300AB.d.23C529879E1EE338E475992CCA5786C4.e.3513/click - {}
RESULT: undefined
COMMAND: POST /session/68ce15ad6dfcf6d6012fddf9f8dc9ff6/execute/async - {"script":"<script> [6424 bytes]","args":[{"element-6066-11e4-a52e-4f735466cecf":"f.51474A3CC1C3E60D87BDFB5B268300AB.d.23C529879E1EE338E475992CCA5786C4.e.294"},"getTitle",[]]}
COMMAND: POST /session/68ce15ad6dfcf6d6012fddf9f8dc9ff6/execute/async - {"script":"<script> [1562 bytes]","args":[{"selector":{"id":"shellAppTitle"},"wdio_ui5_key":"shellAppTitle"}]}
RESULT: {"script":"<script> [1562 bytes]","args":[{"selector":{"id":"shellAppTitle"},"wdio_ui5_key":"shellAppTitle"}]}
COMMAND: POST /session/68ce15ad6dfcf6d6012fddf9f8dc9ff6/execute/async - {"script":"<script> [6424 bytes]","args":[{"element-6066-11e4-a52e-4f735466cecf":"f.51474A3CC1C3E60D87BDFB5B268300AB.d.23C529879E1EE338E475992CCA5786C4.e.3626"},"getTitle",[]]}
RESULT: {"script":"<script> [6424 bytes]","args":[{"element-6066-11e4-a52e-4f735466cecf":"f.51474A3CC1C3E60D87BDFB5B268300AB.d.23C529879E1EE338E475992CCA5786C4.e.3626"},"getTitle",[]]}
RESULT: undefined
COMMAND: POST /session/68ce15ad6dfcf6d6012fddf9f8dc9ff6/element/f.51474A3CC1C3E60D87BDFB5B268300AB.d.23C529879E1EE338E475992CCA5786C4.e.3450/click - {}
COMMAND: POST /session/68ce15ad6dfcf6d6012fddf9f8dc9ff6/element - {"using":"xpath","value":"//*[@id=\"backBtn\"]"}
RESULT: {"using":"xpath","value":"//*[@id=\"backBtn\"]"}
COMMAND: POST /session/68ce15ad6dfcf6d6012fddf9f8dc9ff6/element/f.51474A3CC1C3E60D87BDFB5B268300AB.d.23C529879E1EE338E475992CCA5786C4.e.3450/click - {}
COMMAND: POST /session/68ce15ad6dfcf6d6012fddf9f8dc9ff6/element - {"using":"xpath","value":"//*[@id=\"backBtn\"]"}
RESULT: {"using":"xpath","value":"//*[@id=\"backBtn\"]"}
COMMAND: POST /session/68ce15ad6dfcf6d6012fddf9f8dc9ff6/element/f.51474A3CC1C3E60D87BDFB5B268300AB.d.23C529879E1EE338E475992CCA5786C4.e.3627/click - {}
RESULT: {}
COMMAND: GET /session/68ce15ad6dfcf6d6012fddf9f8dc9ff6/screenshot - {}
RESULT: {}
]]></system-out>
    </testcase>
    <testcase classname="chrome.135_0_7049_96.windows.Sanity_Tests_US104253" name="Should open Trace Track Resources page" time="36.429">
      <system-out><![CDATA[
COMMAND: POST /session/68ce15ad6dfcf6d6012fddf9f8dc9ff6/execute/async - {"script":"<script> [1562 bytes]","args":[{"selector":{"controlType":"sap.m.GenericTile","properties":{"header":"Trace & Track Resources"}},"wdio_ui5_key":"sapm.GenericTile{\"header\":\"Trace & Track Resources\"}"}]}
RESULT: {"script":"<script> [1562 bytes]","args":[{"selector":{"controlType":"sap.m.GenericTile","properties":{"header":"Trace & Track Resources"}},"wdio_ui5_key":"sapm.GenericTile{\"header\":\"Trace & Track Resources\"}"}]}
RESULT: undefined
COMMAND: POST /session/68ce15ad6dfcf6d6012fddf9f8dc9ff6/element - {"using":"xpath","value":"//*[@id=\"__tile101\"]"}
RESULT: {"using":"xpath","value":"//*[@id=\"__tile101\"]"}
COMMAND: POST /session/68ce15ad6dfcf6d6012fddf9f8dc9ff6/element/f.51474A3CC1C3E60D87BDFB5B268300AB.d.23C529879E1EE338E475992CCA5786C4.e.3629/click - {}
RESULT: {}
COMMAND: GET /session/68ce15ad6dfcf6d6012fddf9f8dc9ff6/screenshot - {}
RESULT: {}
RESULT: undefined
COMMAND: POST /session/68ce15ad6dfcf6d6012fddf9f8dc9ff6/element - {"using":"xpath","value":"//*[@id=\"__tile101\"]"}
RESULT: {"using":"xpath","value":"//*[@id=\"__tile101\"]"}
COMMAND: POST /session/68ce15ad6dfcf6d6012fddf9f8dc9ff6/element/f.51474A3CC1C3E60D87BDFB5B268300AB.d.23C529879E1EE338E475992CCA5786C4.e.3629/click - {}
RESULT: undefined
COMMAND: POST /session/68ce15ad6dfcf6d6012fddf9f8dc9ff6/element - {"using":"xpath","value":"//*[@id=\"__tile101\"]"}
RESULT: {"using":"xpath","value":"//*[@id=\"__tile101\"]"}
COMMAND: POST /session/68ce15ad6dfcf6d6012fddf9f8dc9ff6/element/f.51474A3CC1C3E60D87BDFB5B268300AB.d.23C529879E1EE338E475992CCA5786C4.e.3629/click - {}
RESULT: undefined
COMMAND: POST /session/68ce15ad6dfcf6d6012fddf9f8dc9ff6/execute/async - {"script":"<script> [6424 bytes]","args":[{"element-6066-11e4-a52e-4f735466cecf":"f.51474A3CC1C3E60D87BDFB5B268300AB.d.23C529879E1EE338E475992CCA5786C4.e.294"},"getTitle",[]]}
COMMAND: POST /session/68ce15ad6dfcf6d6012fddf9f8dc9ff6/execute/async - {"script":"<script> [1562 bytes]","args":[{"selector":{"id":"shellAppTitle"},"wdio_ui5_key":"shellAppTitle"}]}
RESULT: {"script":"<script> [1562 bytes]","args":[{"selector":{"id":"shellAppTitle"},"wdio_ui5_key":"shellAppTitle"}]}
COMMAND: POST /session/68ce15ad6dfcf6d6012fddf9f8dc9ff6/execute/async - {"script":"<script> [6424 bytes]","args":[{"element-6066-11e4-a52e-4f735466cecf":"f.51474A3CC1C3E60D87BDFB5B268300AB.d.23C529879E1EE338E475992CCA5786C4.e.3664"},"getTitle",[]]}
RESULT: {"script":"<script> [6424 bytes]","args":[{"element-6066-11e4-a52e-4f735466cecf":"f.51474A3CC1C3E60D87BDFB5B268300AB.d.23C529879E1EE338E475992CCA5786C4.e.3664"},"getTitle",[]]}
RESULT: undefined
COMMAND: POST /session/68ce15ad6dfcf6d6012fddf9f8dc9ff6/element/f.51474A3CC1C3E60D87BDFB5B268300AB.d.23C529879E1EE338E475992CCA5786C4.e.3627/click - {}
RESULT: {}
COMMAND: GET /session/68ce15ad6dfcf6d6012fddf9f8dc9ff6/screenshot - {}
RESULT: {}
]]></system-out>
    </testcase>
    <testcase classname="chrome.135_0_7049_96.windows.Sanity_Tests_US104253" name="Should open RU Inventory List page" time="36.258">
      <system-out><![CDATA[
COMMAND: POST /session/68ce15ad6dfcf6d6012fddf9f8dc9ff6/execute/async - {"script":"<script> [1562 bytes]","args":[{"selector":{"controlType":"sap.m.GenericTile","properties":{"header":"RU Inventory List"}},"wdio_ui5_key":"sapm.GenericTile{\"header\":\"RU Inventory List\"}"}]}
RESULT: {"script":"<script> [1562 bytes]","args":[{"selector":{"controlType":"sap.m.GenericTile","properties":{"header":"RU Inventory List"}},"wdio_ui5_key":"sapm.GenericTile{\"header\":\"RU Inventory List\"}"}]}
RESULT: undefined
COMMAND: POST /session/68ce15ad6dfcf6d6012fddf9f8dc9ff6/element - {"using":"xpath","value":"//*[@id=\"__tile99\"]"}
RESULT: {"using":"xpath","value":"//*[@id=\"__tile99\"]"}
COMMAND: POST /session/68ce15ad6dfcf6d6012fddf9f8dc9ff6/element/f.51474A3CC1C3E60D87BDFB5B268300AB.d.23C529879E1EE338E475992CCA5786C4.e.3666/click - {}
RESULT: {}
COMMAND: GET /session/68ce15ad6dfcf6d6012fddf9f8dc9ff6/screenshot - {}
RESULT: {}
RESULT: undefined
COMMAND: POST /session/68ce15ad6dfcf6d6012fddf9f8dc9ff6/element - {"using":"xpath","value":"//*[@id=\"__tile99\"]"}
RESULT: {"using":"xpath","value":"//*[@id=\"__tile99\"]"}
COMMAND: POST /session/68ce15ad6dfcf6d6012fddf9f8dc9ff6/element/f.51474A3CC1C3E60D87BDFB5B268300AB.d.23C529879E1EE338E475992CCA5786C4.e.3666/click - {}
RESULT: undefined
COMMAND: POST /session/68ce15ad6dfcf6d6012fddf9f8dc9ff6/element - {"using":"xpath","value":"//*[@id=\"__tile99\"]"}
RESULT: {"using":"xpath","value":"//*[@id=\"__tile99\"]"}
COMMAND: POST /session/68ce15ad6dfcf6d6012fddf9f8dc9ff6/element/f.51474A3CC1C3E60D87BDFB5B268300AB.d.23C529879E1EE338E475992CCA5786C4.e.3666/click - {}
RESULT: undefined
COMMAND: POST /session/68ce15ad6dfcf6d6012fddf9f8dc9ff6/execute/async - {"script":"<script> [6424 bytes]","args":[{"element-6066-11e4-a52e-4f735466cecf":"f.51474A3CC1C3E60D87BDFB5B268300AB.d.23C529879E1EE338E475992CCA5786C4.e.294"},"getTitle",[]]}
COMMAND: POST /session/68ce15ad6dfcf6d6012fddf9f8dc9ff6/execute/async - {"script":"<script> [1562 bytes]","args":[{"selector":{"id":"shellAppTitle"},"wdio_ui5_key":"shellAppTitle"}]}
RESULT: {"script":"<script> [1562 bytes]","args":[{"selector":{"id":"shellAppTitle"},"wdio_ui5_key":"shellAppTitle"}]}
COMMAND: POST /session/68ce15ad6dfcf6d6012fddf9f8dc9ff6/execute/async - {"script":"<script> [6424 bytes]","args":[{"element-6066-11e4-a52e-4f735466cecf":"f.51474A3CC1C3E60D87BDFB5B268300AB.d.23C529879E1EE338E475992CCA5786C4.e.3859"},"getTitle",[]]}
RESULT: {"script":"<script> [6424 bytes]","args":[{"element-6066-11e4-a52e-4f735466cecf":"f.51474A3CC1C3E60D87BDFB5B268300AB.d.23C529879E1EE338E475992CCA5786C4.e.3859"},"getTitle",[]]}
RESULT: undefined
COMMAND: POST /session/68ce15ad6dfcf6d6012fddf9f8dc9ff6/element/f.51474A3CC1C3E60D87BDFB5B268300AB.d.23C529879E1EE338E475992CCA5786C4.e.3627/click - {}
COMMAND: POST /session/68ce15ad6dfcf6d6012fddf9f8dc9ff6/element - {"using":"xpath","value":"//*[@id=\"backBtn\"]"}
RESULT: {"using":"xpath","value":"//*[@id=\"backBtn\"]"}
COMMAND: POST /session/68ce15ad6dfcf6d6012fddf9f8dc9ff6/element/f.51474A3CC1C3E60D87BDFB5B268300AB.d.23C529879E1EE338E475992CCA5786C4.e.3627/click - {}
COMMAND: POST /session/68ce15ad6dfcf6d6012fddf9f8dc9ff6/element - {"using":"xpath","value":"//*[@id=\"backBtn\"]"}
RESULT: {"using":"xpath","value":"//*[@id=\"backBtn\"]"}
COMMAND: POST /session/68ce15ad6dfcf6d6012fddf9f8dc9ff6/element/f.51474A3CC1C3E60D87BDFB5B268300AB.d.23C529879E1EE338E475992CCA5786C4.e.3860/click - {}
RESULT: {}
COMMAND: GET /session/68ce15ad6dfcf6d6012fddf9f8dc9ff6/screenshot - {}
RESULT: {}
]]></system-out>
    </testcase>
    <testcase classname="chrome.135_0_7049_96.windows.Sanity_Tests_US104253" name="Should open Contracts Dashboard page" time="45.27">
      <system-out><![CDATA[
COMMAND: POST /session/68ce15ad6dfcf6d6012fddf9f8dc9ff6/execute/async - {"script":"<script> [1562 bytes]","args":[{"selector":{"controlType":"sap.m.GenericTile","properties":{"header":"Contracts Dashboard"}},"wdio_ui5_key":"sapm.GenericTile{\"header\":\"Contracts Dashboard\"}"}]}
RESULT: {"script":"<script> [1562 bytes]","args":[{"selector":{"controlType":"sap.m.GenericTile","properties":{"header":"Contracts Dashboard"}},"wdio_ui5_key":"sapm.GenericTile{\"header\":\"Contracts Dashboard\"}"}]}
RESULT: undefined
COMMAND: POST /session/68ce15ad6dfcf6d6012fddf9f8dc9ff6/element - {"using":"xpath","value":"//*[@id=\"__tile97\"]"}
RESULT: {"using":"xpath","value":"//*[@id=\"__tile97\"]"}
COMMAND: POST /session/68ce15ad6dfcf6d6012fddf9f8dc9ff6/element/f.51474A3CC1C3E60D87BDFB5B268300AB.d.23C529879E1EE338E475992CCA5786C4.e.3862/click - {}
RESULT: {}
COMMAND: GET /session/68ce15ad6dfcf6d6012fddf9f8dc9ff6/screenshot - {}
RESULT: {}
RESULT: undefined
COMMAND: POST /session/68ce15ad6dfcf6d6012fddf9f8dc9ff6/element - {"using":"xpath","value":"//*[@id=\"__tile97\"]"}
RESULT: {"using":"xpath","value":"//*[@id=\"__tile97\"]"}
COMMAND: POST /session/68ce15ad6dfcf6d6012fddf9f8dc9ff6/element/f.51474A3CC1C3E60D87BDFB5B268300AB.d.23C529879E1EE338E475992CCA5786C4.e.3862/click - {}
RESULT: undefined
COMMAND: POST /session/68ce15ad6dfcf6d6012fddf9f8dc9ff6/element - {"using":"xpath","value":"//*[@id=\"__tile97\"]"}
RESULT: {"using":"xpath","value":"//*[@id=\"__tile97\"]"}
COMMAND: POST /session/68ce15ad6dfcf6d6012fddf9f8dc9ff6/element/f.51474A3CC1C3E60D87BDFB5B268300AB.d.23C529879E1EE338E475992CCA5786C4.e.3862/click - {}
RESULT: undefined
COMMAND: POST /session/68ce15ad6dfcf6d6012fddf9f8dc9ff6/execute/async - {"script":"<script> [6424 bytes]","args":[{"element-6066-11e4-a52e-4f735466cecf":"f.51474A3CC1C3E60D87BDFB5B268300AB.d.23C529879E1EE338E475992CCA5786C4.e.294"},"getTitle",[]]}
COMMAND: POST /session/68ce15ad6dfcf6d6012fddf9f8dc9ff6/execute/async - {"script":"<script> [1562 bytes]","args":[{"selector":{"id":"shellAppTitle"},"wdio_ui5_key":"shellAppTitle"}]}
RESULT: {"script":"<script> [1562 bytes]","args":[{"selector":{"id":"shellAppTitle"},"wdio_ui5_key":"shellAppTitle"}]}
COMMAND: POST /session/68ce15ad6dfcf6d6012fddf9f8dc9ff6/execute/async - {"script":"<script> [6424 bytes]","args":[{"element-6066-11e4-a52e-4f735466cecf":"f.51474A3CC1C3E60D87BDFB5B268300AB.d.23C529879E1EE338E475992CCA5786C4.e.3885"},"getTitle",[]]}
RESULT: {"script":"<script> [6424 bytes]","args":[{"element-6066-11e4-a52e-4f735466cecf":"f.51474A3CC1C3E60D87BDFB5B268300AB.d.23C529879E1EE338E475992CCA5786C4.e.3885"},"getTitle",[]]}
RESULT: undefined
COMMAND: POST /session/68ce15ad6dfcf6d6012fddf9f8dc9ff6/element/f.51474A3CC1C3E60D87BDFB5B268300AB.d.23C529879E1EE338E475992CCA5786C4.e.3860/click - {}
RESULT: {}
COMMAND: GET /session/68ce15ad6dfcf6d6012fddf9f8dc9ff6/screenshot - {}
RESULT: {}
]]></system-out>
    </testcase>
    <testcase classname="chrome.135_0_7049_96.windows.Sanity_Tests_US104253" name="Should open Bin Status Report page" time="35.316">
      <system-out><![CDATA[
COMMAND: POST /session/68ce15ad6dfcf6d6012fddf9f8dc9ff6/execute/async - {"script":"<script> [1562 bytes]","args":[{"selector":{"controlType":"sap.m.GenericTile","properties":{"header":"Bin Status Report"}},"wdio_ui5_key":"sapm.GenericTile{\"header\":\"Bin Status Report\"}"}]}
RESULT: {"script":"<script> [1562 bytes]","args":[{"selector":{"controlType":"sap.m.GenericTile","properties":{"header":"Bin Status Report"}},"wdio_ui5_key":"sapm.GenericTile{\"header\":\"Bin Status Report\"}"}]}
RESULT: undefined
COMMAND: POST /session/68ce15ad6dfcf6d6012fddf9f8dc9ff6/element - {"using":"xpath","value":"//*[@id=\"__tile104\"]"}
RESULT: {"using":"xpath","value":"//*[@id=\"__tile104\"]"}
COMMAND: POST /session/68ce15ad6dfcf6d6012fddf9f8dc9ff6/element/f.51474A3CC1C3E60D87BDFB5B268300AB.d.23C529879E1EE338E475992CCA5786C4.e.3887/click - {}
RESULT: {}
COMMAND: GET /session/68ce15ad6dfcf6d6012fddf9f8dc9ff6/screenshot - {}
RESULT: {}
RESULT: undefined
COMMAND: POST /session/68ce15ad6dfcf6d6012fddf9f8dc9ff6/element - {"using":"xpath","value":"//*[@id=\"__tile104\"]"}
RESULT: {"using":"xpath","value":"//*[@id=\"__tile104\"]"}
COMMAND: POST /session/68ce15ad6dfcf6d6012fddf9f8dc9ff6/element/f.51474A3CC1C3E60D87BDFB5B268300AB.d.23C529879E1EE338E475992CCA5786C4.e.3887/click - {}
RESULT: undefined
COMMAND: POST /session/68ce15ad6dfcf6d6012fddf9f8dc9ff6/element - {"using":"xpath","value":"//*[@id=\"__tile104\"]"}
RESULT: {"using":"xpath","value":"//*[@id=\"__tile104\"]"}
COMMAND: POST /session/68ce15ad6dfcf6d6012fddf9f8dc9ff6/element/f.51474A3CC1C3E60D87BDFB5B268300AB.d.23C529879E1EE338E475992CCA5786C4.e.3887/click - {}
RESULT: undefined
COMMAND: POST /session/68ce15ad6dfcf6d6012fddf9f8dc9ff6/execute/async - {"script":"<script> [6424 bytes]","args":[{"element-6066-11e4-a52e-4f735466cecf":"f.51474A3CC1C3E60D87BDFB5B268300AB.d.23C529879E1EE338E475992CCA5786C4.e.294"},"getTitle",[]]}
COMMAND: POST /session/68ce15ad6dfcf6d6012fddf9f8dc9ff6/execute/async - {"script":"<script> [1562 bytes]","args":[{"selector":{"id":"shellAppTitle"},"wdio_ui5_key":"shellAppTitle"}]}
RESULT: {"script":"<script> [1562 bytes]","args":[{"selector":{"id":"shellAppTitle"},"wdio_ui5_key":"shellAppTitle"}]}
COMMAND: POST /session/68ce15ad6dfcf6d6012fddf9f8dc9ff6/execute/async - {"script":"<script> [6424 bytes]","args":[{"element-6066-11e4-a52e-4f735466cecf":"f.51474A3CC1C3E60D87BDFB5B268300AB.d.23C529879E1EE338E475992CCA5786C4.e.3972"},"getTitle",[]]}
RESULT: {"script":"<script> [6424 bytes]","args":[{"element-6066-11e4-a52e-4f735466cecf":"f.51474A3CC1C3E60D87BDFB5B268300AB.d.23C529879E1EE338E475992CCA5786C4.e.3972"},"getTitle",[]]}
RESULT: undefined
COMMAND: POST /session/68ce15ad6dfcf6d6012fddf9f8dc9ff6/element/f.51474A3CC1C3E60D87BDFB5B268300AB.d.23C529879E1EE338E475992CCA5786C4.e.3860/click - {}
COMMAND: POST /session/68ce15ad6dfcf6d6012fddf9f8dc9ff6/element - {"using":"xpath","value":"//*[@id=\"backBtn\"]"}
RESULT: {"using":"xpath","value":"//*[@id=\"backBtn\"]"}
COMMAND: POST /session/68ce15ad6dfcf6d6012fddf9f8dc9ff6/element/f.51474A3CC1C3E60D87BDFB5B268300AB.d.23C529879E1EE338E475992CCA5786C4.e.3860/click - {}
COMMAND: POST /session/68ce15ad6dfcf6d6012fddf9f8dc9ff6/element - {"using":"xpath","value":"//*[@id=\"backBtn\"]"}
RESULT: {"using":"xpath","value":"//*[@id=\"backBtn\"]"}
COMMAND: POST /session/68ce15ad6dfcf6d6012fddf9f8dc9ff6/element/f.51474A3CC1C3E60D87BDFB5B268300AB.d.23C529879E1EE338E475992CCA5786C4.e.3973/click - {}
RESULT: {}
COMMAND: GET /session/68ce15ad6dfcf6d6012fddf9f8dc9ff6/screenshot - {}
RESULT: {}
]]></system-out>
    </testcase>
    <testcase classname="chrome.135_0_7049_96.windows.Sanity_Tests_US104253" name="Should open Manage Warehouse Movements page" time="36.891">
      <system-out><![CDATA[
COMMAND: POST /session/68ce15ad6dfcf6d6012fddf9f8dc9ff6/execute/async - {"script":"<script> [1562 bytes]","args":[{"selector":{"controlType":"sap.m.GenericTile","properties":{"header":"Manage Warehouse Movements"}},"wdio_ui5_key":"sapm.GenericTile{\"header\":\"Manage Warehouse Movements\"}"}]}
RESULT: {"script":"<script> [1562 bytes]","args":[{"selector":{"controlType":"sap.m.GenericTile","properties":{"header":"Manage Warehouse Movements"}},"wdio_ui5_key":"sapm.GenericTile{\"header\":\"Manage Warehouse Movements\"}"}]}
RESULT: undefined
COMMAND: POST /session/68ce15ad6dfcf6d6012fddf9f8dc9ff6/element - {"using":"xpath","value":"//*[@id=\"__tile105\"]"}
RESULT: {"using":"xpath","value":"//*[@id=\"__tile105\"]"}
COMMAND: POST /session/68ce15ad6dfcf6d6012fddf9f8dc9ff6/element/f.51474A3CC1C3E60D87BDFB5B268300AB.d.23C529879E1EE338E475992CCA5786C4.e.3977/click - {}
RESULT: {}
COMMAND: GET /session/68ce15ad6dfcf6d6012fddf9f8dc9ff6/screenshot - {}
RESULT: {}
RESULT: undefined
COMMAND: POST /session/68ce15ad6dfcf6d6012fddf9f8dc9ff6/element - {"using":"xpath","value":"//*[@id=\"__tile105\"]"}
RESULT: {"using":"xpath","value":"//*[@id=\"__tile105\"]"}
COMMAND: POST /session/68ce15ad6dfcf6d6012fddf9f8dc9ff6/element/f.51474A3CC1C3E60D87BDFB5B268300AB.d.23C529879E1EE338E475992CCA5786C4.e.3977/click - {}
RESULT: undefined
COMMAND: POST /session/68ce15ad6dfcf6d6012fddf9f8dc9ff6/element - {"using":"xpath","value":"//*[@id=\"__tile105\"]"}
RESULT: {"using":"xpath","value":"//*[@id=\"__tile105\"]"}
COMMAND: POST /session/68ce15ad6dfcf6d6012fddf9f8dc9ff6/element/f.51474A3CC1C3E60D87BDFB5B268300AB.d.23C529879E1EE338E475992CCA5786C4.e.3977/click - {}
RESULT: undefined
COMMAND: POST /session/68ce15ad6dfcf6d6012fddf9f8dc9ff6/execute/async - {"script":"<script> [6424 bytes]","args":[{"element-6066-11e4-a52e-4f735466cecf":"f.51474A3CC1C3E60D87BDFB5B268300AB.d.23C529879E1EE338E475992CCA5786C4.e.294"},"getTitle",[]]}
COMMAND: POST /session/68ce15ad6dfcf6d6012fddf9f8dc9ff6/execute/async - {"script":"<script> [1562 bytes]","args":[{"selector":{"id":"shellAppTitle"},"wdio_ui5_key":"shellAppTitle"}]}
RESULT: {"script":"<script> [1562 bytes]","args":[{"selector":{"id":"shellAppTitle"},"wdio_ui5_key":"shellAppTitle"}]}
COMMAND: POST /session/68ce15ad6dfcf6d6012fddf9f8dc9ff6/execute/async - {"script":"<script> [6424 bytes]","args":[{"element-6066-11e4-a52e-4f735466cecf":"f.51474A3CC1C3E60D87BDFB5B268300AB.d.23C529879E1EE338E475992CCA5786C4.e.4072"},"getTitle",[]]}
RESULT: {"script":"<script> [6424 bytes]","args":[{"element-6066-11e4-a52e-4f735466cecf":"f.51474A3CC1C3E60D87BDFB5B268300AB.d.23C529879E1EE338E475992CCA5786C4.e.4072"},"getTitle",[]]}
RESULT: undefined
COMMAND: POST /session/68ce15ad6dfcf6d6012fddf9f8dc9ff6/element/f.51474A3CC1C3E60D87BDFB5B268300AB.d.23C529879E1EE338E475992CCA5786C4.e.3973/click - {}
RESULT: {}
COMMAND: GET /session/68ce15ad6dfcf6d6012fddf9f8dc9ff6/screenshot - {}
RESULT: {}
]]></system-out>
    </testcase>
    <testcase classname="chrome.135_0_7049_96.windows.Sanity_Tests_US104253" name="Should open Bin Inventory List page" time="36.836">
      <system-out><![CDATA[
COMMAND: POST /session/68ce15ad6dfcf6d6012fddf9f8dc9ff6/execute/async - {"script":"<script> [1562 bytes]","args":[{"selector":{"controlType":"sap.m.GenericTile","properties":{"header":"Bin Inventory List"}},"wdio_ui5_key":"sapm.GenericTile{\"header\":\"Bin Inventory List\"}"}]}
RESULT: {"script":"<script> [1562 bytes]","args":[{"selector":{"controlType":"sap.m.GenericTile","properties":{"header":"Bin Inventory List"}},"wdio_ui5_key":"sapm.GenericTile{\"header\":\"Bin Inventory List\"}"}]}
RESULT: undefined
COMMAND: POST /session/68ce15ad6dfcf6d6012fddf9f8dc9ff6/element - {"using":"xpath","value":"//*[@id=\"__tile103\"]"}
RESULT: {"using":"xpath","value":"//*[@id=\"__tile103\"]"}
COMMAND: POST /session/68ce15ad6dfcf6d6012fddf9f8dc9ff6/element/f.51474A3CC1C3E60D87BDFB5B268300AB.d.23C529879E1EE338E475992CCA5786C4.e.4074/click - {}
RESULT: {}
COMMAND: GET /session/68ce15ad6dfcf6d6012fddf9f8dc9ff6/screenshot - {}
RESULT: {}
RESULT: undefined
COMMAND: POST /session/68ce15ad6dfcf6d6012fddf9f8dc9ff6/element - {"using":"xpath","value":"//*[@id=\"__tile103\"]"}
RESULT: {"using":"xpath","value":"//*[@id=\"__tile103\"]"}
COMMAND: POST /session/68ce15ad6dfcf6d6012fddf9f8dc9ff6/element/f.51474A3CC1C3E60D87BDFB5B268300AB.d.23C529879E1EE338E475992CCA5786C4.e.4074/click - {}
RESULT: undefined
COMMAND: POST /session/68ce15ad6dfcf6d6012fddf9f8dc9ff6/element - {"using":"xpath","value":"//*[@id=\"__tile103\"]"}
RESULT: {"using":"xpath","value":"//*[@id=\"__tile103\"]"}
COMMAND: POST /session/68ce15ad6dfcf6d6012fddf9f8dc9ff6/element/f.51474A3CC1C3E60D87BDFB5B268300AB.d.23C529879E1EE338E475992CCA5786C4.e.4074/click - {}
RESULT: undefined
COMMAND: POST /session/68ce15ad6dfcf6d6012fddf9f8dc9ff6/execute/async - {"script":"<script> [6424 bytes]","args":[{"element-6066-11e4-a52e-4f735466cecf":"f.51474A3CC1C3E60D87BDFB5B268300AB.d.23C529879E1EE338E475992CCA5786C4.e.294"},"getTitle",[]]}
COMMAND: POST /session/68ce15ad6dfcf6d6012fddf9f8dc9ff6/execute/async - {"script":"<script> [1562 bytes]","args":[{"selector":{"id":"shellAppTitle"},"wdio_ui5_key":"shellAppTitle"}]}
RESULT: {"script":"<script> [1562 bytes]","args":[{"selector":{"id":"shellAppTitle"},"wdio_ui5_key":"shellAppTitle"}]}
COMMAND: POST /session/68ce15ad6dfcf6d6012fddf9f8dc9ff6/execute/async - {"script":"<script> [6424 bytes]","args":[{"element-6066-11e4-a52e-4f735466cecf":"f.51474A3CC1C3E60D87BDFB5B268300AB.d.23C529879E1EE338E475992CCA5786C4.e.4165"},"getTitle",[]]}
RESULT: {"script":"<script> [6424 bytes]","args":[{"element-6066-11e4-a52e-4f735466cecf":"f.51474A3CC1C3E60D87BDFB5B268300AB.d.23C529879E1EE338E475992CCA5786C4.e.4165"},"getTitle",[]]}
RESULT: undefined
COMMAND: POST /session/68ce15ad6dfcf6d6012fddf9f8dc9ff6/element/f.51474A3CC1C3E60D87BDFB5B268300AB.d.23C529879E1EE338E475992CCA5786C4.e.3973/click - {}
COMMAND: POST /session/68ce15ad6dfcf6d6012fddf9f8dc9ff6/element - {"using":"xpath","value":"//*[@id=\"backBtn\"]"}
RESULT: {"using":"xpath","value":"//*[@id=\"backBtn\"]"}
COMMAND: POST /session/68ce15ad6dfcf6d6012fddf9f8dc9ff6/element/f.51474A3CC1C3E60D87BDFB5B268300AB.d.23C529879E1EE338E475992CCA5786C4.e.3973/click - {}
COMMAND: POST /session/68ce15ad6dfcf6d6012fddf9f8dc9ff6/element - {"using":"xpath","value":"//*[@id=\"backBtn\"]"}
RESULT: {"using":"xpath","value":"//*[@id=\"backBtn\"]"}
COMMAND: POST /session/68ce15ad6dfcf6d6012fddf9f8dc9ff6/element/f.51474A3CC1C3E60D87BDFB5B268300AB.d.23C529879E1EE338E475992CCA5786C4.e.4166/click - {}
RESULT: {}
COMMAND: GET /session/68ce15ad6dfcf6d6012fddf9f8dc9ff6/screenshot - {}
RESULT: {}
]]></system-out>
    </testcase>
    <testcase classname="chrome.135_0_7049_96.windows.Sanity_Tests_US104253" name="Should open ISC Templates page" time="35.308">
      <system-out><![CDATA[
COMMAND: POST /session/68ce15ad6dfcf6d6012fddf9f8dc9ff6/execute/async - {"script":"<script> [1562 bytes]","args":[{"selector":{"controlType":"sap.m.GenericTile","properties":{"header":"ISC Templates"}},"wdio_ui5_key":"sapm.GenericTile{\"header\":\"ISC Templates\"}"}]}
RESULT: {"script":"<script> [1562 bytes]","args":[{"selector":{"controlType":"sap.m.GenericTile","properties":{"header":"ISC Templates"}},"wdio_ui5_key":"sapm.GenericTile{\"header\":\"ISC Templates\"}"}]}
RESULT: undefined
COMMAND: POST /session/68ce15ad6dfcf6d6012fddf9f8dc9ff6/element - {"using":"xpath","value":"//*[@id=\"__tile111\"]"}
RESULT: {"using":"xpath","value":"//*[@id=\"__tile111\"]"}
COMMAND: POST /session/68ce15ad6dfcf6d6012fddf9f8dc9ff6/element/f.51474A3CC1C3E60D87BDFB5B268300AB.d.23C529879E1EE338E475992CCA5786C4.e.4168/click - {}
RESULT: {}
COMMAND: GET /session/68ce15ad6dfcf6d6012fddf9f8dc9ff6/screenshot - {}
RESULT: {}
RESULT: undefined
COMMAND: POST /session/68ce15ad6dfcf6d6012fddf9f8dc9ff6/element - {"using":"xpath","value":"//*[@id=\"__tile111\"]"}
RESULT: {"using":"xpath","value":"//*[@id=\"__tile111\"]"}
COMMAND: POST /session/68ce15ad6dfcf6d6012fddf9f8dc9ff6/element/f.51474A3CC1C3E60D87BDFB5B268300AB.d.23C529879E1EE338E475992CCA5786C4.e.4168/click - {}
RESULT: undefined
COMMAND: POST /session/68ce15ad6dfcf6d6012fddf9f8dc9ff6/element - {"using":"xpath","value":"//*[@id=\"__tile111\"]"}
RESULT: {"using":"xpath","value":"//*[@id=\"__tile111\"]"}
COMMAND: POST /session/68ce15ad6dfcf6d6012fddf9f8dc9ff6/element/f.51474A3CC1C3E60D87BDFB5B268300AB.d.23C529879E1EE338E475992CCA5786C4.e.4168/click - {}
RESULT: undefined
COMMAND: POST /session/68ce15ad6dfcf6d6012fddf9f8dc9ff6/execute/async - {"script":"<script> [6424 bytes]","args":[{"element-6066-11e4-a52e-4f735466cecf":"f.51474A3CC1C3E60D87BDFB5B268300AB.d.23C529879E1EE338E475992CCA5786C4.e.294"},"getTitle",[]]}
COMMAND: POST /session/68ce15ad6dfcf6d6012fddf9f8dc9ff6/execute/async - {"script":"<script> [1562 bytes]","args":[{"selector":{"id":"shellAppTitle"},"wdio_ui5_key":"shellAppTitle"}]}
RESULT: {"script":"<script> [1562 bytes]","args":[{"selector":{"id":"shellAppTitle"},"wdio_ui5_key":"shellAppTitle"}]}
COMMAND: POST /session/68ce15ad6dfcf6d6012fddf9f8dc9ff6/execute/async - {"script":"<script> [6424 bytes]","args":[{"element-6066-11e4-a52e-4f735466cecf":"f.51474A3CC1C3E60D87BDFB5B268300AB.d.23C529879E1EE338E475992CCA5786C4.e.4236"},"getTitle",[]]}
RESULT: {"script":"<script> [6424 bytes]","args":[{"element-6066-11e4-a52e-4f735466cecf":"f.51474A3CC1C3E60D87BDFB5B268300AB.d.23C529879E1EE338E475992CCA5786C4.e.4236"},"getTitle",[]]}
RESULT: undefined
COMMAND: POST /session/68ce15ad6dfcf6d6012fddf9f8dc9ff6/element/f.51474A3CC1C3E60D87BDFB5B268300AB.d.23C529879E1EE338E475992CCA5786C4.e.4166/click - {}
RESULT: {}
COMMAND: GET /session/68ce15ad6dfcf6d6012fddf9f8dc9ff6/screenshot - {}
RESULT: {}
]]></system-out>
    </testcase>
    <testcase classname="chrome.135_0_7049_96.windows.Sanity_Tests_US104253" name="Should open ISC Schedules page" time="47.131">
      <system-out><![CDATA[
COMMAND: POST /session/68ce15ad6dfcf6d6012fddf9f8dc9ff6/execute/async - {"script":"<script> [1562 bytes]","args":[{"selector":{"controlType":"sap.m.GenericTile","properties":{"header":"ISC Schedules"}},"wdio_ui5_key":"sapm.GenericTile{\"header\":\"ISC Schedules\"}"}]}
RESULT: {"script":"<script> [1562 bytes]","args":[{"selector":{"controlType":"sap.m.GenericTile","properties":{"header":"ISC Schedules"}},"wdio_ui5_key":"sapm.GenericTile{\"header\":\"ISC Schedules\"}"}]}
RESULT: undefined
COMMAND: POST /session/68ce15ad6dfcf6d6012fddf9f8dc9ff6/element - {"using":"xpath","value":"//*[@id=\"__tile109\"]"}
RESULT: {"using":"xpath","value":"//*[@id=\"__tile109\"]"}
COMMAND: POST /session/68ce15ad6dfcf6d6012fddf9f8dc9ff6/element/f.51474A3CC1C3E60D87BDFB5B268300AB.d.23C529879E1EE338E475992CCA5786C4.e.4239/click - {}
RESULT: {}
COMMAND: GET /session/68ce15ad6dfcf6d6012fddf9f8dc9ff6/screenshot - {}
RESULT: {}
RESULT: undefined
COMMAND: POST /session/68ce15ad6dfcf6d6012fddf9f8dc9ff6/element - {"using":"xpath","value":"//*[@id=\"__tile109\"]"}
RESULT: {"using":"xpath","value":"//*[@id=\"__tile109\"]"}
COMMAND: POST /session/68ce15ad6dfcf6d6012fddf9f8dc9ff6/element/f.51474A3CC1C3E60D87BDFB5B268300AB.d.23C529879E1EE338E475992CCA5786C4.e.4239/click - {}
RESULT: undefined
COMMAND: POST /session/68ce15ad6dfcf6d6012fddf9f8dc9ff6/element - {"using":"xpath","value":"//*[@id=\"__tile109\"]"}
RESULT: {"using":"xpath","value":"//*[@id=\"__tile109\"]"}
COMMAND: POST /session/68ce15ad6dfcf6d6012fddf9f8dc9ff6/element/f.51474A3CC1C3E60D87BDFB5B268300AB.d.23C529879E1EE338E475992CCA5786C4.e.4239/click - {}
RESULT: undefined
COMMAND: POST /session/68ce15ad6dfcf6d6012fddf9f8dc9ff6/execute/async - {"script":"<script> [6424 bytes]","args":[{"element-6066-11e4-a52e-4f735466cecf":"f.51474A3CC1C3E60D87BDFB5B268300AB.d.23C529879E1EE338E475992CCA5786C4.e.294"},"getTitle",[]]}
COMMAND: POST /session/68ce15ad6dfcf6d6012fddf9f8dc9ff6/execute/async - {"script":"<script> [1562 bytes]","args":[{"selector":{"id":"shellAppTitle"},"wdio_ui5_key":"shellAppTitle"}]}
RESULT: {"script":"<script> [1562 bytes]","args":[{"selector":{"id":"shellAppTitle"},"wdio_ui5_key":"shellAppTitle"}]}
COMMAND: POST /session/68ce15ad6dfcf6d6012fddf9f8dc9ff6/execute/async - {"script":"<script> [6424 bytes]","args":[{"element-6066-11e4-a52e-4f735466cecf":"f.51474A3CC1C3E60D87BDFB5B268300AB.d.23C529879E1EE338E475992CCA5786C4.e.4317"},"getTitle",[]]}
RESULT: {"script":"<script> [6424 bytes]","args":[{"element-6066-11e4-a52e-4f735466cecf":"f.51474A3CC1C3E60D87BDFB5B268300AB.d.23C529879E1EE338E475992CCA5786C4.e.4317"},"getTitle",[]]}
RESULT: undefined
COMMAND: POST /session/68ce15ad6dfcf6d6012fddf9f8dc9ff6/element/f.51474A3CC1C3E60D87BDFB5B268300AB.d.23C529879E1EE338E475992CCA5786C4.e.4166/click - {}
COMMAND: POST /session/68ce15ad6dfcf6d6012fddf9f8dc9ff6/element - {"using":"xpath","value":"//*[@id=\"backBtn\"]"}
RESULT: {"using":"xpath","value":"//*[@id=\"backBtn\"]"}
COMMAND: POST /session/68ce15ad6dfcf6d6012fddf9f8dc9ff6/element/f.51474A3CC1C3E60D87BDFB5B268300AB.d.23C529879E1EE338E475992CCA5786C4.e.4166/click - {}
COMMAND: POST /session/68ce15ad6dfcf6d6012fddf9f8dc9ff6/element - {"using":"xpath","value":"//*[@id=\"backBtn\"]"}
RESULT: {"using":"xpath","value":"//*[@id=\"backBtn\"]"}
COMMAND: POST /session/68ce15ad6dfcf6d6012fddf9f8dc9ff6/element/f.51474A3CC1C3E60D87BDFB5B268300AB.d.23C529879E1EE338E475992CCA5786C4.e.4318/click - {}
RESULT: {}
COMMAND: GET /session/68ce15ad6dfcf6d6012fddf9f8dc9ff6/screenshot - {}
RESULT: {}
]]></system-out>
    </testcase>
    <testcase classname="chrome.135_0_7049_96.windows.Sanity_Tests_US104253" name="Should open ISC Dashboard page" time="36.984">
      <system-out><![CDATA[
COMMAND: POST /session/68ce15ad6dfcf6d6012fddf9f8dc9ff6/execute/async - {"script":"<script> [1562 bytes]","args":[{"selector":{"controlType":"sap.m.GenericTile","properties":{"header":"ISC Dashboard"}},"wdio_ui5_key":"sapm.GenericTile{\"header\":\"ISC Dashboard\"}"}]}
RESULT: {"script":"<script> [1562 bytes]","args":[{"selector":{"controlType":"sap.m.GenericTile","properties":{"header":"ISC Dashboard"}},"wdio_ui5_key":"sapm.GenericTile{\"header\":\"ISC Dashboard\"}"}]}
RESULT: undefined
COMMAND: POST /session/68ce15ad6dfcf6d6012fddf9f8dc9ff6/element - {"using":"xpath","value":"//*[@id=\"__tile106\"]"}
RESULT: {"using":"xpath","value":"//*[@id=\"__tile106\"]"}
COMMAND: POST /session/68ce15ad6dfcf6d6012fddf9f8dc9ff6/element/f.51474A3CC1C3E60D87BDFB5B268300AB.d.23C529879E1EE338E475992CCA5786C4.e.4320/click - {}
RESULT: {}
COMMAND: GET /session/68ce15ad6dfcf6d6012fddf9f8dc9ff6/screenshot - {}
RESULT: {}
RESULT: undefined
COMMAND: POST /session/68ce15ad6dfcf6d6012fddf9f8dc9ff6/element - {"using":"xpath","value":"//*[@id=\"__tile106\"]"}
RESULT: {"using":"xpath","value":"//*[@id=\"__tile106\"]"}
COMMAND: POST /session/68ce15ad6dfcf6d6012fddf9f8dc9ff6/element/f.51474A3CC1C3E60D87BDFB5B268300AB.d.23C529879E1EE338E475992CCA5786C4.e.4320/click - {}
RESULT: undefined
COMMAND: POST /session/68ce15ad6dfcf6d6012fddf9f8dc9ff6/element - {"using":"xpath","value":"//*[@id=\"__tile106\"]"}
RESULT: {"using":"xpath","value":"//*[@id=\"__tile106\"]"}
COMMAND: POST /session/68ce15ad6dfcf6d6012fddf9f8dc9ff6/element/f.51474A3CC1C3E60D87BDFB5B268300AB.d.23C529879E1EE338E475992CCA5786C4.e.4320/click - {}
RESULT: undefined
COMMAND: POST /session/68ce15ad6dfcf6d6012fddf9f8dc9ff6/execute/async - {"script":"<script> [6424 bytes]","args":[{"element-6066-11e4-a52e-4f735466cecf":"f.51474A3CC1C3E60D87BDFB5B268300AB.d.23C529879E1EE338E475992CCA5786C4.e.294"},"getTitle",[]]}
COMMAND: POST /session/68ce15ad6dfcf6d6012fddf9f8dc9ff6/execute/async - {"script":"<script> [1562 bytes]","args":[{"selector":{"id":"shellAppTitle"},"wdio_ui5_key":"shellAppTitle"}]}
RESULT: {"script":"<script> [1562 bytes]","args":[{"selector":{"id":"shellAppTitle"},"wdio_ui5_key":"shellAppTitle"}]}
COMMAND: POST /session/68ce15ad6dfcf6d6012fddf9f8dc9ff6/execute/async - {"script":"<script> [6424 bytes]","args":[{"element-6066-11e4-a52e-4f735466cecf":"f.51474A3CC1C3E60D87BDFB5B268300AB.d.23C529879E1EE338E475992CCA5786C4.e.4444"},"getTitle",[]]}
RESULT: {"script":"<script> [6424 bytes]","args":[{"element-6066-11e4-a52e-4f735466cecf":"f.51474A3CC1C3E60D87BDFB5B268300AB.d.23C529879E1EE338E475992CCA5786C4.e.4444"},"getTitle",[]]}
RESULT: undefined
COMMAND: POST /session/68ce15ad6dfcf6d6012fddf9f8dc9ff6/element/f.51474A3CC1C3E60D87BDFB5B268300AB.d.23C529879E1EE338E475992CCA5786C4.e.4318/click - {}
RESULT: {}
COMMAND: GET /session/68ce15ad6dfcf6d6012fddf9f8dc9ff6/screenshot - {}
RESULT: {}
]]></system-out>
    </testcase>
    <testcase classname="chrome.135_0_7049_96.windows.Sanity_Tests_US104253" name="Should open ISC Orders page" time="32.204">
      <system-out><![CDATA[
COMMAND: POST /session/68ce15ad6dfcf6d6012fddf9f8dc9ff6/execute/async - {"script":"<script> [1562 bytes]","args":[{"selector":{"controlType":"sap.m.GenericTile","properties":{"header":"ISC Orders"}},"wdio_ui5_key":"sapm.GenericTile{\"header\":\"ISC Orders\"}"}]}
RESULT: {"script":"<script> [1562 bytes]","args":[{"selector":{"controlType":"sap.m.GenericTile","properties":{"header":"ISC Orders"}},"wdio_ui5_key":"sapm.GenericTile{\"header\":\"ISC Orders\"}"}]}
RESULT: undefined
COMMAND: POST /session/68ce15ad6dfcf6d6012fddf9f8dc9ff6/element - {"using":"xpath","value":"//*[@id=\"__tile108\"]"}
RESULT: {"using":"xpath","value":"//*[@id=\"__tile108\"]"}
COMMAND: POST /session/68ce15ad6dfcf6d6012fddf9f8dc9ff6/element/f.51474A3CC1C3E60D87BDFB5B268300AB.d.23C529879E1EE338E475992CCA5786C4.e.4446/click - {}
RESULT: {}
COMMAND: GET /session/68ce15ad6dfcf6d6012fddf9f8dc9ff6/screenshot - {}
RESULT: {}
RESULT: undefined
COMMAND: POST /session/68ce15ad6dfcf6d6012fddf9f8dc9ff6/element - {"using":"xpath","value":"//*[@id=\"__tile108\"]"}
RESULT: {"using":"xpath","value":"//*[@id=\"__tile108\"]"}
COMMAND: POST /session/68ce15ad6dfcf6d6012fddf9f8dc9ff6/element/f.51474A3CC1C3E60D87BDFB5B268300AB.d.23C529879E1EE338E475992CCA5786C4.e.4446/click - {}
RESULT: undefined
COMMAND: POST /session/68ce15ad6dfcf6d6012fddf9f8dc9ff6/element - {"using":"xpath","value":"//*[@id=\"__tile108\"]"}
RESULT: {"using":"xpath","value":"//*[@id=\"__tile108\"]"}
COMMAND: POST /session/68ce15ad6dfcf6d6012fddf9f8dc9ff6/element/f.51474A3CC1C3E60D87BDFB5B268300AB.d.23C529879E1EE338E475992CCA5786C4.e.4446/click - {}
RESULT: undefined
COMMAND: POST /session/68ce15ad6dfcf6d6012fddf9f8dc9ff6/execute/async - {"script":"<script> [6424 bytes]","args":[{"element-6066-11e4-a52e-4f735466cecf":"f.51474A3CC1C3E60D87BDFB5B268300AB.d.23C529879E1EE338E475992CCA5786C4.e.294"},"getTitle",[]]}
COMMAND: POST /session/68ce15ad6dfcf6d6012fddf9f8dc9ff6/execute/async - {"script":"<script> [1562 bytes]","args":[{"selector":{"id":"shellAppTitle"},"wdio_ui5_key":"shellAppTitle"}]}
RESULT: {"script":"<script> [1562 bytes]","args":[{"selector":{"id":"shellAppTitle"},"wdio_ui5_key":"shellAppTitle"}]}
COMMAND: POST /session/68ce15ad6dfcf6d6012fddf9f8dc9ff6/execute/async - {"script":"<script> [6424 bytes]","args":[{"element-6066-11e4-a52e-4f735466cecf":"f.51474A3CC1C3E60D87BDFB5B268300AB.d.23C529879E1EE338E475992CCA5786C4.e.4550"},"getTitle",[]]}
RESULT: {"script":"<script> [6424 bytes]","args":[{"element-6066-11e4-a52e-4f735466cecf":"f.51474A3CC1C3E60D87BDFB5B268300AB.d.23C529879E1EE338E475992CCA5786C4.e.4550"},"getTitle",[]]}
RESULT: undefined
COMMAND: POST /session/68ce15ad6dfcf6d6012fddf9f8dc9ff6/element/f.51474A3CC1C3E60D87BDFB5B268300AB.d.23C529879E1EE338E475992CCA5786C4.e.4318/click - {}
COMMAND: POST /session/68ce15ad6dfcf6d6012fddf9f8dc9ff6/element - {"using":"xpath","value":"//*[@id=\"backBtn\"]"}
RESULT: {"using":"xpath","value":"//*[@id=\"backBtn\"]"}
COMMAND: POST /session/68ce15ad6dfcf6d6012fddf9f8dc9ff6/element/f.51474A3CC1C3E60D87BDFB5B268300AB.d.23C529879E1EE338E475992CCA5786C4.e.4318/click - {}
COMMAND: POST /session/68ce15ad6dfcf6d6012fddf9f8dc9ff6/element - {"using":"xpath","value":"//*[@id=\"backBtn\"]"}
RESULT: {"using":"xpath","value":"//*[@id=\"backBtn\"]"}
COMMAND: POST /session/68ce15ad6dfcf6d6012fddf9f8dc9ff6/element/f.51474A3CC1C3E60D87BDFB5B268300AB.d.23C529879E1EE338E475992CCA5786C4.e.4551/click - {}
RESULT: {}
COMMAND: GET /session/68ce15ad6dfcf6d6012fddf9f8dc9ff6/screenshot - {}
RESULT: {}
]]></system-out>
    </testcase>
    <testcase classname="chrome.135_0_7049_96.windows.Sanity_Tests_US104253" name="Should open ISC Tasks page" time="37.095">
      <system-out><![CDATA[
COMMAND: POST /session/68ce15ad6dfcf6d6012fddf9f8dc9ff6/execute/async - {"script":"<script> [1562 bytes]","args":[{"selector":{"controlType":"sap.m.GenericTile","properties":{"header":"ISC Tasks"}},"wdio_ui5_key":"sapm.GenericTile{\"header\":\"ISC Tasks\"}"}]}
RESULT: {"script":"<script> [1562 bytes]","args":[{"selector":{"controlType":"sap.m.GenericTile","properties":{"header":"ISC Tasks"}},"wdio_ui5_key":"sapm.GenericTile{\"header\":\"ISC Tasks\"}"}]}
RESULT: undefined
COMMAND: POST /session/68ce15ad6dfcf6d6012fddf9f8dc9ff6/element - {"using":"xpath","value":"//*[@id=\"__tile110\"]"}
RESULT: {"using":"xpath","value":"//*[@id=\"__tile110\"]"}
COMMAND: POST /session/68ce15ad6dfcf6d6012fddf9f8dc9ff6/element/f.51474A3CC1C3E60D87BDFB5B268300AB.d.23C529879E1EE338E475992CCA5786C4.e.4553/click - {}
RESULT: {}
COMMAND: GET /session/68ce15ad6dfcf6d6012fddf9f8dc9ff6/screenshot - {}
RESULT: {}
RESULT: undefined
COMMAND: POST /session/68ce15ad6dfcf6d6012fddf9f8dc9ff6/element - {"using":"xpath","value":"//*[@id=\"__tile110\"]"}
RESULT: {"using":"xpath","value":"//*[@id=\"__tile110\"]"}
COMMAND: POST /session/68ce15ad6dfcf6d6012fddf9f8dc9ff6/element/f.51474A3CC1C3E60D87BDFB5B268300AB.d.23C529879E1EE338E475992CCA5786C4.e.4553/click - {}
RESULT: undefined
COMMAND: POST /session/68ce15ad6dfcf6d6012fddf9f8dc9ff6/element - {"using":"xpath","value":"//*[@id=\"__tile110\"]"}
RESULT: {"using":"xpath","value":"//*[@id=\"__tile110\"]"}
COMMAND: POST /session/68ce15ad6dfcf6d6012fddf9f8dc9ff6/element/f.51474A3CC1C3E60D87BDFB5B268300AB.d.23C529879E1EE338E475992CCA5786C4.e.4553/click - {}
RESULT: undefined
COMMAND: POST /session/68ce15ad6dfcf6d6012fddf9f8dc9ff6/execute/async - {"script":"<script> [6424 bytes]","args":[{"element-6066-11e4-a52e-4f735466cecf":"f.51474A3CC1C3E60D87BDFB5B268300AB.d.23C529879E1EE338E475992CCA5786C4.e.294"},"getTitle",[]]}
COMMAND: POST /session/68ce15ad6dfcf6d6012fddf9f8dc9ff6/execute/async - {"script":"<script> [1562 bytes]","args":[{"selector":{"id":"shellAppTitle"},"wdio_ui5_key":"shellAppTitle"}]}
RESULT: {"script":"<script> [1562 bytes]","args":[{"selector":{"id":"shellAppTitle"},"wdio_ui5_key":"shellAppTitle"}]}
COMMAND: POST /session/68ce15ad6dfcf6d6012fddf9f8dc9ff6/execute/async - {"script":"<script> [6424 bytes]","args":[{"element-6066-11e4-a52e-4f735466cecf":"f.51474A3CC1C3E60D87BDFB5B268300AB.d.23C529879E1EE338E475992CCA5786C4.e.4642"},"getTitle",[]]}
RESULT: {"script":"<script> [6424 bytes]","args":[{"element-6066-11e4-a52e-4f735466cecf":"f.51474A3CC1C3E60D87BDFB5B268300AB.d.23C529879E1EE338E475992CCA5786C4.e.4642"},"getTitle",[]]}
RESULT: undefined
COMMAND: POST /session/68ce15ad6dfcf6d6012fddf9f8dc9ff6/element/f.51474A3CC1C3E60D87BDFB5B268300AB.d.23C529879E1EE338E475992CCA5786C4.e.4551/click - {}
RESULT: {}
COMMAND: GET /session/68ce15ad6dfcf6d6012fddf9f8dc9ff6/screenshot - {}
RESULT: {}
]]></system-out>
    </testcase>
    <testcase classname="chrome.135_0_7049_96.windows.Sanity_Tests_US104253" name="Should open Manage Resource Logbook page" time="36.174">
      <system-out><![CDATA[
COMMAND: POST /session/68ce15ad6dfcf6d6012fddf9f8dc9ff6/execute/async - {"script":"<script> [1562 bytes]","args":[{"selector":{"controlType":"sap.m.GenericTile","properties":{"header":"Manage Resource Logbook"}},"wdio_ui5_key":"sapm.GenericTile{\"header\":\"Manage Resource Logbook\"}"}]}
RESULT: {"script":"<script> [1562 bytes]","args":[{"selector":{"controlType":"sap.m.GenericTile","properties":{"header":"Manage Resource Logbook"}},"wdio_ui5_key":"sapm.GenericTile{\"header\":\"Manage Resource Logbook\"}"}]}
RESULT: undefined
COMMAND: POST /session/68ce15ad6dfcf6d6012fddf9f8dc9ff6/element - {"using":"xpath","value":"//*[@id=\"__tile113\"]"}
RESULT: {"using":"xpath","value":"//*[@id=\"__tile113\"]"}
COMMAND: POST /session/68ce15ad6dfcf6d6012fddf9f8dc9ff6/element/f.51474A3CC1C3E60D87BDFB5B268300AB.d.23C529879E1EE338E475992CCA5786C4.e.4644/click - {}
RESULT: {}
COMMAND: GET /session/68ce15ad6dfcf6d6012fddf9f8dc9ff6/screenshot - {}
RESULT: {}
RESULT: undefined
COMMAND: POST /session/68ce15ad6dfcf6d6012fddf9f8dc9ff6/element - {"using":"xpath","value":"//*[@id=\"__tile113\"]"}
RESULT: {"using":"xpath","value":"//*[@id=\"__tile113\"]"}
COMMAND: POST /session/68ce15ad6dfcf6d6012fddf9f8dc9ff6/element/f.51474A3CC1C3E60D87BDFB5B268300AB.d.23C529879E1EE338E475992CCA5786C4.e.4644/click - {}
RESULT: undefined
COMMAND: POST /session/68ce15ad6dfcf6d6012fddf9f8dc9ff6/element - {"using":"xpath","value":"//*[@id=\"__tile113\"]"}
RESULT: {"using":"xpath","value":"//*[@id=\"__tile113\"]"}
COMMAND: POST /session/68ce15ad6dfcf6d6012fddf9f8dc9ff6/element/f.51474A3CC1C3E60D87BDFB5B268300AB.d.23C529879E1EE338E475992CCA5786C4.e.4644/click - {}
RESULT: undefined
COMMAND: POST /session/68ce15ad6dfcf6d6012fddf9f8dc9ff6/execute/async - {"script":"<script> [6424 bytes]","args":[{"element-6066-11e4-a52e-4f735466cecf":"f.51474A3CC1C3E60D87BDFB5B268300AB.d.23C529879E1EE338E475992CCA5786C4.e.294"},"getTitle",[]]}
COMMAND: POST /session/68ce15ad6dfcf6d6012fddf9f8dc9ff6/execute/async - {"script":"<script> [1562 bytes]","args":[{"selector":{"id":"shellAppTitle"},"wdio_ui5_key":"shellAppTitle"}]}
RESULT: {"script":"<script> [1562 bytes]","args":[{"selector":{"id":"shellAppTitle"},"wdio_ui5_key":"shellAppTitle"}]}
COMMAND: POST /session/68ce15ad6dfcf6d6012fddf9f8dc9ff6/execute/async - {"script":"<script> [6424 bytes]","args":[{"element-6066-11e4-a52e-4f735466cecf":"f.51474A3CC1C3E60D87BDFB5B268300AB.d.23C529879E1EE338E475992CCA5786C4.e.4744"},"getTitle",[]]}
RESULT: {"script":"<script> [6424 bytes]","args":[{"element-6066-11e4-a52e-4f735466cecf":"f.51474A3CC1C3E60D87BDFB5B268300AB.d.23C529879E1EE338E475992CCA5786C4.e.4744"},"getTitle",[]]}
RESULT: undefined
COMMAND: POST /session/68ce15ad6dfcf6d6012fddf9f8dc9ff6/element/f.51474A3CC1C3E60D87BDFB5B268300AB.d.23C529879E1EE338E475992CCA5786C4.e.4551/click - {}
COMMAND: POST /session/68ce15ad6dfcf6d6012fddf9f8dc9ff6/element - {"using":"xpath","value":"//*[@id=\"backBtn\"]"}
RESULT: {"using":"xpath","value":"//*[@id=\"backBtn\"]"}
COMMAND: POST /session/68ce15ad6dfcf6d6012fddf9f8dc9ff6/element/f.51474A3CC1C3E60D87BDFB5B268300AB.d.23C529879E1EE338E475992CCA5786C4.e.4551/click - {}
COMMAND: POST /session/68ce15ad6dfcf6d6012fddf9f8dc9ff6/element - {"using":"xpath","value":"//*[@id=\"backBtn\"]"}
RESULT: {"using":"xpath","value":"//*[@id=\"backBtn\"]"}
COMMAND: POST /session/68ce15ad6dfcf6d6012fddf9f8dc9ff6/element/f.51474A3CC1C3E60D87BDFB5B268300AB.d.23C529879E1EE338E475992CCA5786C4.e.4745/click - {}
RESULT: {}
COMMAND: GET /session/68ce15ad6dfcf6d6012fddf9f8dc9ff6/screenshot - {}
RESULT: {}
]]></system-out>
    </testcase>
    <testcase classname="chrome.135_0_7049_96.windows.Sanity_Tests_US104253" name="Should open Manage Logbook page" time="35.111">
      <system-out><![CDATA[
COMMAND: POST /session/68ce15ad6dfcf6d6012fddf9f8dc9ff6/execute/async - {"script":"<script> [1562 bytes]","args":[{"selector":{"controlType":"sap.m.GenericTile","properties":{"header":"Manage Logbook"}},"wdio_ui5_key":"sapm.GenericTile{\"header\":\"Manage Logbook\"}"}]}
RESULT: {"script":"<script> [1562 bytes]","args":[{"selector":{"controlType":"sap.m.GenericTile","properties":{"header":"Manage Logbook"}},"wdio_ui5_key":"sapm.GenericTile{\"header\":\"Manage Logbook\"}"}]}
RESULT: undefined
COMMAND: POST /session/68ce15ad6dfcf6d6012fddf9f8dc9ff6/element - {"using":"xpath","value":"//*[@id=\"__tile112\"]"}
RESULT: {"using":"xpath","value":"//*[@id=\"__tile112\"]"}
COMMAND: POST /session/68ce15ad6dfcf6d6012fddf9f8dc9ff6/element/f.51474A3CC1C3E60D87BDFB5B268300AB.d.23C529879E1EE338E475992CCA5786C4.e.4747/click - {}
RESULT: {}
COMMAND: GET /session/68ce15ad6dfcf6d6012fddf9f8dc9ff6/screenshot - {}
RESULT: {}
RESULT: undefined
COMMAND: POST /session/68ce15ad6dfcf6d6012fddf9f8dc9ff6/element - {"using":"xpath","value":"//*[@id=\"__tile112\"]"}
RESULT: {"using":"xpath","value":"//*[@id=\"__tile112\"]"}
COMMAND: POST /session/68ce15ad6dfcf6d6012fddf9f8dc9ff6/element/f.51474A3CC1C3E60D87BDFB5B268300AB.d.23C529879E1EE338E475992CCA5786C4.e.4747/click - {}
RESULT: undefined
COMMAND: POST /session/68ce15ad6dfcf6d6012fddf9f8dc9ff6/element - {"using":"xpath","value":"//*[@id=\"__tile112\"]"}
RESULT: {"using":"xpath","value":"//*[@id=\"__tile112\"]"}
COMMAND: POST /session/68ce15ad6dfcf6d6012fddf9f8dc9ff6/element/f.51474A3CC1C3E60D87BDFB5B268300AB.d.23C529879E1EE338E475992CCA5786C4.e.4747/click - {}
RESULT: undefined
COMMAND: POST /session/68ce15ad6dfcf6d6012fddf9f8dc9ff6/execute/async - {"script":"<script> [6424 bytes]","args":[{"element-6066-11e4-a52e-4f735466cecf":"f.51474A3CC1C3E60D87BDFB5B268300AB.d.23C529879E1EE338E475992CCA5786C4.e.294"},"getTitle",[]]}
COMMAND: POST /session/68ce15ad6dfcf6d6012fddf9f8dc9ff6/execute/async - {"script":"<script> [1562 bytes]","args":[{"selector":{"id":"shellAppTitle"},"wdio_ui5_key":"shellAppTitle"}]}
RESULT: {"script":"<script> [1562 bytes]","args":[{"selector":{"id":"shellAppTitle"},"wdio_ui5_key":"shellAppTitle"}]}
COMMAND: POST /session/68ce15ad6dfcf6d6012fddf9f8dc9ff6/execute/async - {"script":"<script> [6424 bytes]","args":[{"element-6066-11e4-a52e-4f735466cecf":"f.51474A3CC1C3E60D87BDFB5B268300AB.d.23C529879E1EE338E475992CCA5786C4.e.4826"},"getTitle",[]]}
RESULT: {"script":"<script> [6424 bytes]","args":[{"element-6066-11e4-a52e-4f735466cecf":"f.51474A3CC1C3E60D87BDFB5B268300AB.d.23C529879E1EE338E475992CCA5786C4.e.4826"},"getTitle",[]]}
RESULT: undefined
COMMAND: POST /session/68ce15ad6dfcf6d6012fddf9f8dc9ff6/element/f.51474A3CC1C3E60D87BDFB5B268300AB.d.23C529879E1EE338E475992CCA5786C4.e.4745/click - {}
RESULT: {}
COMMAND: GET /session/68ce15ad6dfcf6d6012fddf9f8dc9ff6/screenshot - {}
RESULT: {}
]]></system-out>
    </testcase>
    <testcase classname="chrome.135_0_7049_96.windows.Sanity_Tests_US104253" name="Should open ISC Orders Calendar page" time="35.028">
      <system-out><![CDATA[
COMMAND: POST /session/68ce15ad6dfcf6d6012fddf9f8dc9ff6/execute/async - {"script":"<script> [1562 bytes]","args":[{"selector":{"controlType":"sap.m.GenericTile","properties":{"header":"ISC Orders Calendar"}},"wdio_ui5_key":"sapm.GenericTile{\"header\":\"ISC Orders Calendar\"}"}]}
RESULT: {"script":"<script> [1562 bytes]","args":[{"selector":{"controlType":"sap.m.GenericTile","properties":{"header":"ISC Orders Calendar"}},"wdio_ui5_key":"sapm.GenericTile{\"header\":\"ISC Orders Calendar\"}"}]}
RESULT: undefined
COMMAND: POST /session/68ce15ad6dfcf6d6012fddf9f8dc9ff6/element - {"using":"xpath","value":"//*[@id=\"__tile107\"]"}
RESULT: {"using":"xpath","value":"//*[@id=\"__tile107\"]"}
COMMAND: POST /session/68ce15ad6dfcf6d6012fddf9f8dc9ff6/element/f.51474A3CC1C3E60D87BDFB5B268300AB.d.23C529879E1EE338E475992CCA5786C4.e.4828/click - {}
RESULT: {}
COMMAND: GET /session/68ce15ad6dfcf6d6012fddf9f8dc9ff6/screenshot - {}
RESULT: {}
RESULT: undefined
COMMAND: POST /session/68ce15ad6dfcf6d6012fddf9f8dc9ff6/element - {"using":"xpath","value":"//*[@id=\"__tile107\"]"}
RESULT: {"using":"xpath","value":"//*[@id=\"__tile107\"]"}
COMMAND: POST /session/68ce15ad6dfcf6d6012fddf9f8dc9ff6/element/f.51474A3CC1C3E60D87BDFB5B268300AB.d.23C529879E1EE338E475992CCA5786C4.e.4828/click - {}
RESULT: undefined
COMMAND: POST /session/68ce15ad6dfcf6d6012fddf9f8dc9ff6/element - {"using":"xpath","value":"//*[@id=\"__tile107\"]"}
RESULT: {"using":"xpath","value":"//*[@id=\"__tile107\"]"}
COMMAND: POST /session/68ce15ad6dfcf6d6012fddf9f8dc9ff6/element/f.51474A3CC1C3E60D87BDFB5B268300AB.d.23C529879E1EE338E475992CCA5786C4.e.4828/click - {}
RESULT: undefined
COMMAND: POST /session/68ce15ad6dfcf6d6012fddf9f8dc9ff6/execute/async - {"script":"<script> [6424 bytes]","args":[{"element-6066-11e4-a52e-4f735466cecf":"f.51474A3CC1C3E60D87BDFB5B268300AB.d.23C529879E1EE338E475992CCA5786C4.e.294"},"getTitle",[]]}
COMMAND: POST /session/68ce15ad6dfcf6d6012fddf9f8dc9ff6/execute/async - {"script":"<script> [1562 bytes]","args":[{"selector":{"id":"shellAppTitle"},"wdio_ui5_key":"shellAppTitle"}]}
RESULT: {"script":"<script> [1562 bytes]","args":[{"selector":{"id":"shellAppTitle"},"wdio_ui5_key":"shellAppTitle"}]}
COMMAND: POST /session/68ce15ad6dfcf6d6012fddf9f8dc9ff6/execute/async - {"script":"<script> [6424 bytes]","args":[{"element-6066-11e4-a52e-4f735466cecf":"f.51474A3CC1C3E60D87BDFB5B268300AB.d.23C529879E1EE338E475992CCA5786C4.e.5037"},"getTitle",[]]}
RESULT: {"script":"<script> [6424 bytes]","args":[{"element-6066-11e4-a52e-4f735466cecf":"f.51474A3CC1C3E60D87BDFB5B268300AB.d.23C529879E1EE338E475992CCA5786C4.e.5037"},"getTitle",[]]}
RESULT: undefined
COMMAND: POST /session/68ce15ad6dfcf6d6012fddf9f8dc9ff6/element/f.51474A3CC1C3E60D87BDFB5B268300AB.d.23C529879E1EE338E475992CCA5786C4.e.4745/click - {}
COMMAND: POST /session/68ce15ad6dfcf6d6012fddf9f8dc9ff6/element - {"using":"xpath","value":"//*[@id=\"backBtn\"]"}
RESULT: {"using":"xpath","value":"//*[@id=\"backBtn\"]"}
COMMAND: POST /session/68ce15ad6dfcf6d6012fddf9f8dc9ff6/element/f.51474A3CC1C3E60D87BDFB5B268300AB.d.23C529879E1EE338E475992CCA5786C4.e.4745/click - {}
COMMAND: POST /session/68ce15ad6dfcf6d6012fddf9f8dc9ff6/element - {"using":"xpath","value":"//*[@id=\"backBtn\"]"}
RESULT: {"using":"xpath","value":"//*[@id=\"backBtn\"]"}
COMMAND: POST /session/68ce15ad6dfcf6d6012fddf9f8dc9ff6/element/f.51474A3CC1C3E60D87BDFB5B268300AB.d.23C529879E1EE338E475992CCA5786C4.e.5038/click - {}
RESULT: {}
COMMAND: GET /session/68ce15ad6dfcf6d6012fddf9f8dc9ff6/screenshot - {}
RESULT: {}
]]></system-out>
    </testcase>
    <testcase classname="chrome.135_0_7049_96.windows.Sanity_Tests_US104253" name="Should open Configure System page" time="37.007">
      <system-out><![CDATA[
COMMAND: POST /session/68ce15ad6dfcf6d6012fddf9f8dc9ff6/execute/async - {"script":"<script> [1562 bytes]","args":[{"selector":{"controlType":"sap.m.GenericTile","properties":{"header":"Configure System"}},"wdio_ui5_key":"sapm.GenericTile{\"header\":\"Configure System\"}"}]}
RESULT: {"script":"<script> [1562 bytes]","args":[{"selector":{"controlType":"sap.m.GenericTile","properties":{"header":"Configure System"}},"wdio_ui5_key":"sapm.GenericTile{\"header\":\"Configure System\"}"}]}
RESULT: undefined
COMMAND: POST /session/68ce15ad6dfcf6d6012fddf9f8dc9ff6/element - {"using":"xpath","value":"//*[@id=\"__tile114\"]"}
RESULT: {"using":"xpath","value":"//*[@id=\"__tile114\"]"}
COMMAND: POST /session/68ce15ad6dfcf6d6012fddf9f8dc9ff6/element/f.51474A3CC1C3E60D87BDFB5B268300AB.d.23C529879E1EE338E475992CCA5786C4.e.5040/click - {}
RESULT: {}
COMMAND: GET /session/68ce15ad6dfcf6d6012fddf9f8dc9ff6/screenshot - {}
RESULT: {}
RESULT: undefined
COMMAND: POST /session/68ce15ad6dfcf6d6012fddf9f8dc9ff6/element - {"using":"xpath","value":"//*[@id=\"__tile114\"]"}
RESULT: {"using":"xpath","value":"//*[@id=\"__tile114\"]"}
COMMAND: POST /session/68ce15ad6dfcf6d6012fddf9f8dc9ff6/element/f.51474A3CC1C3E60D87BDFB5B268300AB.d.23C529879E1EE338E475992CCA5786C4.e.5040/click - {}
RESULT: undefined
COMMAND: POST /session/68ce15ad6dfcf6d6012fddf9f8dc9ff6/element - {"using":"xpath","value":"//*[@id=\"__tile114\"]"}
RESULT: {"using":"xpath","value":"//*[@id=\"__tile114\"]"}
COMMAND: POST /session/68ce15ad6dfcf6d6012fddf9f8dc9ff6/element/f.51474A3CC1C3E60D87BDFB5B268300AB.d.23C529879E1EE338E475992CCA5786C4.e.5040/click - {}
RESULT: undefined
COMMAND: POST /session/68ce15ad6dfcf6d6012fddf9f8dc9ff6/execute/async - {"script":"<script> [6424 bytes]","args":[{"element-6066-11e4-a52e-4f735466cecf":"f.51474A3CC1C3E60D87BDFB5B268300AB.d.23C529879E1EE338E475992CCA5786C4.e.294"},"getTitle",[]]}
COMMAND: POST /session/68ce15ad6dfcf6d6012fddf9f8dc9ff6/execute/async - {"script":"<script> [1562 bytes]","args":[{"selector":{"id":"shellAppTitle"},"wdio_ui5_key":"shellAppTitle"}]}
RESULT: {"script":"<script> [1562 bytes]","args":[{"selector":{"id":"shellAppTitle"},"wdio_ui5_key":"shellAppTitle"}]}
COMMAND: POST /session/68ce15ad6dfcf6d6012fddf9f8dc9ff6/execute/async - {"script":"<script> [6424 bytes]","args":[{"element-6066-11e4-a52e-4f735466cecf":"f.51474A3CC1C3E60D87BDFB5B268300AB.d.23C529879E1EE338E475992CCA5786C4.e.5074"},"getTitle",[]]}
RESULT: {"script":"<script> [6424 bytes]","args":[{"element-6066-11e4-a52e-4f735466cecf":"f.51474A3CC1C3E60D87BDFB5B268300AB.d.23C529879E1EE338E475992CCA5786C4.e.5074"},"getTitle",[]]}
RESULT: undefined
COMMAND: POST /session/68ce15ad6dfcf6d6012fddf9f8dc9ff6/element/f.51474A3CC1C3E60D87BDFB5B268300AB.d.23C529879E1EE338E475992CCA5786C4.e.5038/click - {}
RESULT: {}
COMMAND: GET /session/68ce15ad6dfcf6d6012fddf9f8dc9ff6/screenshot - {}
RESULT: {}
]]></system-out>
    </testcase>
    <testcase classname="chrome.135_0_7049_96.windows.Sanity_Tests_US104253" name="Should open Manage Classifications page" time="37.316">
      <system-out><![CDATA[
COMMAND: POST /session/68ce15ad6dfcf6d6012fddf9f8dc9ff6/execute/async - {"script":"<script> [1562 bytes]","args":[{"selector":{"controlType":"sap.m.GenericTile","properties":{"header":"Manage Classifications"}},"wdio_ui5_key":"sapm.GenericTile{\"header\":\"Manage Classifications\"}"}]}
RESULT: {"script":"<script> [1562 bytes]","args":[{"selector":{"controlType":"sap.m.GenericTile","properties":{"header":"Manage Classifications"}},"wdio_ui5_key":"sapm.GenericTile{\"header\":\"Manage Classifications\"}"}]}
RESULT: undefined
COMMAND: POST /session/68ce15ad6dfcf6d6012fddf9f8dc9ff6/element - {"using":"xpath","value":"//*[@id=\"__tile115\"]"}
RESULT: {"using":"xpath","value":"//*[@id=\"__tile115\"]"}
COMMAND: POST /session/68ce15ad6dfcf6d6012fddf9f8dc9ff6/element/f.51474A3CC1C3E60D87BDFB5B268300AB.d.23C529879E1EE338E475992CCA5786C4.e.5078/click - {}
RESULT: {}
COMMAND: GET /session/68ce15ad6dfcf6d6012fddf9f8dc9ff6/screenshot - {}
RESULT: {}
RESULT: undefined
COMMAND: POST /session/68ce15ad6dfcf6d6012fddf9f8dc9ff6/element - {"using":"xpath","value":"//*[@id=\"__tile115\"]"}
RESULT: {"using":"xpath","value":"//*[@id=\"__tile115\"]"}
COMMAND: POST /session/68ce15ad6dfcf6d6012fddf9f8dc9ff6/element/f.51474A3CC1C3E60D87BDFB5B268300AB.d.23C529879E1EE338E475992CCA5786C4.e.5078/click - {}
RESULT: undefined
COMMAND: POST /session/68ce15ad6dfcf6d6012fddf9f8dc9ff6/element - {"using":"xpath","value":"//*[@id=\"__tile115\"]"}
RESULT: {"using":"xpath","value":"//*[@id=\"__tile115\"]"}
COMMAND: POST /session/68ce15ad6dfcf6d6012fddf9f8dc9ff6/element/f.51474A3CC1C3E60D87BDFB5B268300AB.d.23C529879E1EE338E475992CCA5786C4.e.5078/click - {}
RESULT: undefined
COMMAND: POST /session/68ce15ad6dfcf6d6012fddf9f8dc9ff6/execute/async - {"script":"<script> [6424 bytes]","args":[{"element-6066-11e4-a52e-4f735466cecf":"f.51474A3CC1C3E60D87BDFB5B268300AB.d.23C529879E1EE338E475992CCA5786C4.e.294"},"getTitle",[]]}
COMMAND: POST /session/68ce15ad6dfcf6d6012fddf9f8dc9ff6/execute/async - {"script":"<script> [1562 bytes]","args":[{"selector":{"id":"shellAppTitle"},"wdio_ui5_key":"shellAppTitle"}]}
RESULT: {"script":"<script> [1562 bytes]","args":[{"selector":{"id":"shellAppTitle"},"wdio_ui5_key":"shellAppTitle"}]}
COMMAND: POST /session/68ce15ad6dfcf6d6012fddf9f8dc9ff6/execute/async - {"script":"<script> [6424 bytes]","args":[{"element-6066-11e4-a52e-4f735466cecf":"f.51474A3CC1C3E60D87BDFB5B268300AB.d.23C529879E1EE338E475992CCA5786C4.e.5204"},"getTitle",[]]}
RESULT: {"script":"<script> [6424 bytes]","args":[{"element-6066-11e4-a52e-4f735466cecf":"f.51474A3CC1C3E60D87BDFB5B268300AB.d.23C529879E1EE338E475992CCA5786C4.e.5204"},"getTitle",[]]}
RESULT: undefined
COMMAND: POST /session/68ce15ad6dfcf6d6012fddf9f8dc9ff6/element/f.51474A3CC1C3E60D87BDFB5B268300AB.d.23C529879E1EE338E475992CCA5786C4.e.5038/click - {}
COMMAND: POST /session/68ce15ad6dfcf6d6012fddf9f8dc9ff6/element - {"using":"xpath","value":"//*[@id=\"backBtn\"]"}
RESULT: {"using":"xpath","value":"//*[@id=\"backBtn\"]"}
COMMAND: POST /session/68ce15ad6dfcf6d6012fddf9f8dc9ff6/element/f.51474A3CC1C3E60D87BDFB5B268300AB.d.23C529879E1EE338E475992CCA5786C4.e.5038/click - {}
COMMAND: POST /session/68ce15ad6dfcf6d6012fddf9f8dc9ff6/element - {"using":"xpath","value":"//*[@id=\"backBtn\"]"}
RESULT: {"using":"xpath","value":"//*[@id=\"backBtn\"]"}
COMMAND: POST /session/68ce15ad6dfcf6d6012fddf9f8dc9ff6/element/f.51474A3CC1C3E60D87BDFB5B268300AB.d.23C529879E1EE338E475992CCA5786C4.e.5205/click - {}
RESULT: {}
COMMAND: GET /session/68ce15ad6dfcf6d6012fddf9f8dc9ff6/screenshot - {}
RESULT: {}
]]></system-out>
    </testcase>
    <testcase classname="chrome.135_0_7049_96.windows.Sanity_Tests_US104253" name="Should open Data Explorer page" time="36.733">
      <system-out><![CDATA[
COMMAND: POST /session/68ce15ad6dfcf6d6012fddf9f8dc9ff6/execute/async - {"script":"<script> [1562 bytes]","args":[{"selector":{"controlType":"sap.m.GenericTile","properties":{"header":"Data Explorer"}},"wdio_ui5_key":"sapm.GenericTile{\"header\":\"Data Explorer\"}"}]}
RESULT: {"script":"<script> [1562 bytes]","args":[{"selector":{"controlType":"sap.m.GenericTile","properties":{"header":"Data Explorer"}},"wdio_ui5_key":"sapm.GenericTile{\"header\":\"Data Explorer\"}"}]}
RESULT: undefined
COMMAND: POST /session/68ce15ad6dfcf6d6012fddf9f8dc9ff6/element - {"using":"xpath","value":"//*[@id=\"__tile117\"]"}
RESULT: {"using":"xpath","value":"//*[@id=\"__tile117\"]"}
COMMAND: POST /session/68ce15ad6dfcf6d6012fddf9f8dc9ff6/element/f.51474A3CC1C3E60D87BDFB5B268300AB.d.23C529879E1EE338E475992CCA5786C4.e.5207/click - {}
RESULT: {}
COMMAND: GET /session/68ce15ad6dfcf6d6012fddf9f8dc9ff6/screenshot - {}
RESULT: {}
RESULT: undefined
COMMAND: POST /session/68ce15ad6dfcf6d6012fddf9f8dc9ff6/element - {"using":"xpath","value":"//*[@id=\"__tile117\"]"}
RESULT: {"using":"xpath","value":"//*[@id=\"__tile117\"]"}
COMMAND: POST /session/68ce15ad6dfcf6d6012fddf9f8dc9ff6/element/f.51474A3CC1C3E60D87BDFB5B268300AB.d.23C529879E1EE338E475992CCA5786C4.e.5207/click - {}
RESULT: undefined
COMMAND: POST /session/68ce15ad6dfcf6d6012fddf9f8dc9ff6/element - {"using":"xpath","value":"//*[@id=\"__tile117\"]"}
RESULT: {"using":"xpath","value":"//*[@id=\"__tile117\"]"}
COMMAND: POST /session/68ce15ad6dfcf6d6012fddf9f8dc9ff6/element/f.51474A3CC1C3E60D87BDFB5B268300AB.d.23C529879E1EE338E475992CCA5786C4.e.5207/click - {}
RESULT: undefined
COMMAND: POST /session/68ce15ad6dfcf6d6012fddf9f8dc9ff6/execute/async - {"script":"<script> [6424 bytes]","args":[{"element-6066-11e4-a52e-4f735466cecf":"f.51474A3CC1C3E60D87BDFB5B268300AB.d.23C529879E1EE338E475992CCA5786C4.e.294"},"getTitle",[]]}
COMMAND: POST /session/68ce15ad6dfcf6d6012fddf9f8dc9ff6/execute/async - {"script":"<script> [1562 bytes]","args":[{"selector":{"id":"shellAppTitle"},"wdio_ui5_key":"shellAppTitle"}]}
RESULT: {"script":"<script> [1562 bytes]","args":[{"selector":{"id":"shellAppTitle"},"wdio_ui5_key":"shellAppTitle"}]}
COMMAND: POST /session/68ce15ad6dfcf6d6012fddf9f8dc9ff6/execute/async - {"script":"<script> [6424 bytes]","args":[{"element-6066-11e4-a52e-4f735466cecf":"f.51474A3CC1C3E60D87BDFB5B268300AB.d.23C529879E1EE338E475992CCA5786C4.e.5377"},"getTitle",[]]}
RESULT: {"script":"<script> [6424 bytes]","args":[{"element-6066-11e4-a52e-4f735466cecf":"f.51474A3CC1C3E60D87BDFB5B268300AB.d.23C529879E1EE338E475992CCA5786C4.e.5377"},"getTitle",[]]}
RESULT: undefined
COMMAND: POST /session/68ce15ad6dfcf6d6012fddf9f8dc9ff6/element/f.51474A3CC1C3E60D87BDFB5B268300AB.d.23C529879E1EE338E475992CCA5786C4.e.5205/click - {}
RESULT: {}
COMMAND: GET /session/68ce15ad6dfcf6d6012fddf9f8dc9ff6/screenshot - {}
RESULT: {}
]]></system-out>
    </testcase>
    <testcase classname="chrome.135_0_7049_96.windows.Sanity_Tests_US104253" name="Should open Performance Monitor page" time="32.413">
      <system-out><![CDATA[
COMMAND: POST /session/68ce15ad6dfcf6d6012fddf9f8dc9ff6/execute/async - {"script":"<script> [1562 bytes]","args":[{"selector":{"controlType":"sap.m.GenericTile","properties":{"header":"Performance Monitor"}},"wdio_ui5_key":"sapm.GenericTile{\"header\":\"Performance Monitor\"}"}]}
RESULT: {"script":"<script> [1562 bytes]","args":[{"selector":{"controlType":"sap.m.GenericTile","properties":{"header":"Performance Monitor"}},"wdio_ui5_key":"sapm.GenericTile{\"header\":\"Performance Monitor\"}"}]}
RESULT: undefined
COMMAND: POST /session/68ce15ad6dfcf6d6012fddf9f8dc9ff6/element - {"using":"xpath","value":"//*[@id=\"__tile116\"]"}
RESULT: {"using":"xpath","value":"//*[@id=\"__tile116\"]"}
COMMAND: POST /session/68ce15ad6dfcf6d6012fddf9f8dc9ff6/element/f.51474A3CC1C3E60D87BDFB5B268300AB.d.23C529879E1EE338E475992CCA5786C4.e.5379/click - {}
RESULT: {}
COMMAND: GET /session/68ce15ad6dfcf6d6012fddf9f8dc9ff6/screenshot - {}
RESULT: {}
RESULT: undefined
COMMAND: POST /session/68ce15ad6dfcf6d6012fddf9f8dc9ff6/element - {"using":"xpath","value":"//*[@id=\"__tile116\"]"}
RESULT: {"using":"xpath","value":"//*[@id=\"__tile116\"]"}
COMMAND: POST /session/68ce15ad6dfcf6d6012fddf9f8dc9ff6/element/f.51474A3CC1C3E60D87BDFB5B268300AB.d.23C529879E1EE338E475992CCA5786C4.e.5379/click - {}
RESULT: undefined
COMMAND: POST /session/68ce15ad6dfcf6d6012fddf9f8dc9ff6/element - {"using":"xpath","value":"//*[@id=\"__tile116\"]"}
RESULT: {"using":"xpath","value":"//*[@id=\"__tile116\"]"}
COMMAND: POST /session/68ce15ad6dfcf6d6012fddf9f8dc9ff6/element/f.51474A3CC1C3E60D87BDFB5B268300AB.d.23C529879E1EE338E475992CCA5786C4.e.5379/click - {}
RESULT: undefined
COMMAND: POST /session/68ce15ad6dfcf6d6012fddf9f8dc9ff6/execute/async - {"script":"<script> [6424 bytes]","args":[{"element-6066-11e4-a52e-4f735466cecf":"f.51474A3CC1C3E60D87BDFB5B268300AB.d.23C529879E1EE338E475992CCA5786C4.e.294"},"getTitle",[]]}
COMMAND: POST /session/68ce15ad6dfcf6d6012fddf9f8dc9ff6/execute/async - {"script":"<script> [1562 bytes]","args":[{"selector":{"id":"shellAppTitle"},"wdio_ui5_key":"shellAppTitle"}]}
RESULT: {"script":"<script> [1562 bytes]","args":[{"selector":{"id":"shellAppTitle"},"wdio_ui5_key":"shellAppTitle"}]}
COMMAND: POST /session/68ce15ad6dfcf6d6012fddf9f8dc9ff6/execute/async - {"script":"<script> [6424 bytes]","args":[{"element-6066-11e4-a52e-4f735466cecf":"f.51474A3CC1C3E60D87BDFB5B268300AB.d.23C529879E1EE338E475992CCA5786C4.e.5419"},"getTitle",[]]}
RESULT: {"script":"<script> [6424 bytes]","args":[{"element-6066-11e4-a52e-4f735466cecf":"f.51474A3CC1C3E60D87BDFB5B268300AB.d.23C529879E1EE338E475992CCA5786C4.e.5419"},"getTitle",[]]}
RESULT: undefined
COMMAND: POST /session/68ce15ad6dfcf6d6012fddf9f8dc9ff6/element/f.51474A3CC1C3E60D87BDFB5B268300AB.d.23C529879E1EE338E475992CCA5786C4.e.5205/click - {}
COMMAND: POST /session/68ce15ad6dfcf6d6012fddf9f8dc9ff6/element - {"using":"xpath","value":"//*[@id=\"backBtn\"]"}
RESULT: {"using":"xpath","value":"//*[@id=\"backBtn\"]"}
COMMAND: POST /session/68ce15ad6dfcf6d6012fddf9f8dc9ff6/element/f.51474A3CC1C3E60D87BDFB5B268300AB.d.23C529879E1EE338E475992CCA5786C4.e.5205/click - {}
COMMAND: POST /session/68ce15ad6dfcf6d6012fddf9f8dc9ff6/element - {"using":"xpath","value":"//*[@id=\"backBtn\"]"}
RESULT: {"using":"xpath","value":"//*[@id=\"backBtn\"]"}
COMMAND: POST /session/68ce15ad6dfcf6d6012fddf9f8dc9ff6/element/f.51474A3CC1C3E60D87BDFB5B268300AB.d.23C529879E1EE338E475992CCA5786C4.e.5420/click - {}
RESULT: {}
COMMAND: GET /session/68ce15ad6dfcf6d6012fddf9f8dc9ff6/screenshot - {}
RESULT: {}
]]></system-out>
    </testcase>
    <testcase classname="chrome.135_0_7049_96.windows.Sanity_Tests_US104253" name="Should open Organizational Model page" time="36.484">
      <system-out><![CDATA[
COMMAND: POST /session/68ce15ad6dfcf6d6012fddf9f8dc9ff6/execute/async - {"script":"<script> [1562 bytes]","args":[{"selector":{"controlType":"sap.m.GenericTile","properties":{"header":"Organizational Model"}},"wdio_ui5_key":"sapm.GenericTile{\"header\":\"Organizational Model\"}"}]}
RESULT: {"script":"<script> [1562 bytes]","args":[{"selector":{"controlType":"sap.m.GenericTile","properties":{"header":"Organizational Model"}},"wdio_ui5_key":"sapm.GenericTile{\"header\":\"Organizational Model\"}"}]}
RESULT: undefined
COMMAND: POST /session/68ce15ad6dfcf6d6012fddf9f8dc9ff6/element - {"using":"xpath","value":"//*[@id=\"__tile120\"]"}
RESULT: {"using":"xpath","value":"//*[@id=\"__tile120\"]"}
COMMAND: POST /session/68ce15ad6dfcf6d6012fddf9f8dc9ff6/element/f.51474A3CC1C3E60D87BDFB5B268300AB.d.23C529879E1EE338E475992CCA5786C4.e.5422/click - {}
RESULT: {}
COMMAND: GET /session/68ce15ad6dfcf6d6012fddf9f8dc9ff6/screenshot - {}
RESULT: {}
RESULT: undefined
COMMAND: POST /session/68ce15ad6dfcf6d6012fddf9f8dc9ff6/element - {"using":"xpath","value":"//*[@id=\"__tile120\"]"}
RESULT: {"using":"xpath","value":"//*[@id=\"__tile120\"]"}
COMMAND: POST /session/68ce15ad6dfcf6d6012fddf9f8dc9ff6/element/f.51474A3CC1C3E60D87BDFB5B268300AB.d.23C529879E1EE338E475992CCA5786C4.e.5422/click - {}
RESULT: undefined
COMMAND: POST /session/68ce15ad6dfcf6d6012fddf9f8dc9ff6/element - {"using":"xpath","value":"//*[@id=\"__tile120\"]"}
RESULT: {"using":"xpath","value":"//*[@id=\"__tile120\"]"}
COMMAND: POST /session/68ce15ad6dfcf6d6012fddf9f8dc9ff6/element/f.51474A3CC1C3E60D87BDFB5B268300AB.d.23C529879E1EE338E475992CCA5786C4.e.5422/click - {}
RESULT: undefined
COMMAND: POST /session/68ce15ad6dfcf6d6012fddf9f8dc9ff6/execute/async - {"script":"<script> [6424 bytes]","args":[{"element-6066-11e4-a52e-4f735466cecf":"f.51474A3CC1C3E60D87BDFB5B268300AB.d.23C529879E1EE338E475992CCA5786C4.e.294"},"getTitle",[]]}
COMMAND: POST /session/68ce15ad6dfcf6d6012fddf9f8dc9ff6/execute/async - {"script":"<script> [1562 bytes]","args":[{"selector":{"id":"shellAppTitle"},"wdio_ui5_key":"shellAppTitle"}]}
RESULT: {"script":"<script> [1562 bytes]","args":[{"selector":{"id":"shellAppTitle"},"wdio_ui5_key":"shellAppTitle"}]}
COMMAND: POST /session/68ce15ad6dfcf6d6012fddf9f8dc9ff6/execute/async - {"script":"<script> [6424 bytes]","args":[{"element-6066-11e4-a52e-4f735466cecf":"f.51474A3CC1C3E60D87BDFB5B268300AB.d.23C529879E1EE338E475992CCA5786C4.e.5439"},"getTitle",[]]}
RESULT: {"script":"<script> [6424 bytes]","args":[{"element-6066-11e4-a52e-4f735466cecf":"f.51474A3CC1C3E60D87BDFB5B268300AB.d.23C529879E1EE338E475992CCA5786C4.e.5439"},"getTitle",[]]}
RESULT: undefined
COMMAND: POST /session/68ce15ad6dfcf6d6012fddf9f8dc9ff6/element/f.51474A3CC1C3E60D87BDFB5B268300AB.d.23C529879E1EE338E475992CCA5786C4.e.5420/click - {}
RESULT: {}
COMMAND: GET /session/68ce15ad6dfcf6d6012fddf9f8dc9ff6/screenshot - {}
RESULT: {}
]]></system-out>
    </testcase>
    <testcase classname="chrome.135_0_7049_96.windows.Sanity_Tests_US104253" name="Should open Manage Roles page" time="33.5">
      <system-out><![CDATA[
COMMAND: POST /session/68ce15ad6dfcf6d6012fddf9f8dc9ff6/execute/async - {"script":"<script> [1562 bytes]","args":[{"selector":{"controlType":"sap.m.GenericTile","properties":{"header":"Manage Roles"}},"wdio_ui5_key":"sapm.GenericTile{\"header\":\"Manage Roles\"}"}]}
RESULT: {"script":"<script> [1562 bytes]","args":[{"selector":{"controlType":"sap.m.GenericTile","properties":{"header":"Manage Roles"}},"wdio_ui5_key":"sapm.GenericTile{\"header\":\"Manage Roles\"}"}]}
RESULT: undefined
COMMAND: POST /session/68ce15ad6dfcf6d6012fddf9f8dc9ff6/element - {"using":"xpath","value":"//*[@id=\"__tile119\"]"}
RESULT: {"using":"xpath","value":"//*[@id=\"__tile119\"]"}
COMMAND: POST /session/68ce15ad6dfcf6d6012fddf9f8dc9ff6/element/f.51474A3CC1C3E60D87BDFB5B268300AB.d.23C529879E1EE338E475992CCA5786C4.e.5443/click - {}
RESULT: {}
COMMAND: GET /session/68ce15ad6dfcf6d6012fddf9f8dc9ff6/screenshot - {}
RESULT: {}
RESULT: undefined
COMMAND: POST /session/68ce15ad6dfcf6d6012fddf9f8dc9ff6/element - {"using":"xpath","value":"//*[@id=\"__tile119\"]"}
RESULT: {"using":"xpath","value":"//*[@id=\"__tile119\"]"}
COMMAND: POST /session/68ce15ad6dfcf6d6012fddf9f8dc9ff6/element/f.51474A3CC1C3E60D87BDFB5B268300AB.d.23C529879E1EE338E475992CCA5786C4.e.5443/click - {}
RESULT: undefined
COMMAND: POST /session/68ce15ad6dfcf6d6012fddf9f8dc9ff6/element - {"using":"xpath","value":"//*[@id=\"__tile119\"]"}
RESULT: {"using":"xpath","value":"//*[@id=\"__tile119\"]"}
COMMAND: POST /session/68ce15ad6dfcf6d6012fddf9f8dc9ff6/element/f.51474A3CC1C3E60D87BDFB5B268300AB.d.23C529879E1EE338E475992CCA5786C4.e.5443/click - {}
RESULT: undefined
COMMAND: POST /session/68ce15ad6dfcf6d6012fddf9f8dc9ff6/execute/async - {"script":"<script> [6424 bytes]","args":[{"element-6066-11e4-a52e-4f735466cecf":"f.51474A3CC1C3E60D87BDFB5B268300AB.d.23C529879E1EE338E475992CCA5786C4.e.294"},"getTitle",[]]}
COMMAND: POST /session/68ce15ad6dfcf6d6012fddf9f8dc9ff6/execute/async - {"script":"<script> [1562 bytes]","args":[{"selector":{"id":"shellAppTitle"},"wdio_ui5_key":"shellAppTitle"}]}
RESULT: {"script":"<script> [1562 bytes]","args":[{"selector":{"id":"shellAppTitle"},"wdio_ui5_key":"shellAppTitle"}]}
COMMAND: POST /session/68ce15ad6dfcf6d6012fddf9f8dc9ff6/execute/async - {"script":"<script> [6424 bytes]","args":[{"element-6066-11e4-a52e-4f735466cecf":"f.51474A3CC1C3E60D87BDFB5B268300AB.d.23C529879E1EE338E475992CCA5786C4.e.5489"},"getTitle",[]]}
RESULT: {"script":"<script> [6424 bytes]","args":[{"element-6066-11e4-a52e-4f735466cecf":"f.51474A3CC1C3E60D87BDFB5B268300AB.d.23C529879E1EE338E475992CCA5786C4.e.5489"},"getTitle",[]]}
RESULT: undefined
COMMAND: POST /session/68ce15ad6dfcf6d6012fddf9f8dc9ff6/element/f.51474A3CC1C3E60D87BDFB5B268300AB.d.23C529879E1EE338E475992CCA5786C4.e.5420/click - {}
COMMAND: POST /session/68ce15ad6dfcf6d6012fddf9f8dc9ff6/element - {"using":"xpath","value":"//*[@id=\"backBtn\"]"}
RESULT: {"using":"xpath","value":"//*[@id=\"backBtn\"]"}
COMMAND: POST /session/68ce15ad6dfcf6d6012fddf9f8dc9ff6/element/f.51474A3CC1C3E60D87BDFB5B268300AB.d.23C529879E1EE338E475992CCA5786C4.e.5420/click - {}
COMMAND: POST /session/68ce15ad6dfcf6d6012fddf9f8dc9ff6/element - {"using":"xpath","value":"//*[@id=\"backBtn\"]"}
RESULT: {"using":"xpath","value":"//*[@id=\"backBtn\"]"}
COMMAND: POST /session/68ce15ad6dfcf6d6012fddf9f8dc9ff6/element/f.51474A3CC1C3E60D87BDFB5B268300AB.d.23C529879E1EE338E475992CCA5786C4.e.5490/click - {}
RESULT: {}
COMMAND: GET /session/68ce15ad6dfcf6d6012fddf9f8dc9ff6/screenshot - {}
RESULT: {}
]]></system-out>
    </testcase>
    <testcase classname="chrome.135_0_7049_96.windows.Sanity_Tests_US104253" name="Should open Authorization Tables page" time="33.49">
      <system-out><![CDATA[
COMMAND: POST /session/68ce15ad6dfcf6d6012fddf9f8dc9ff6/execute/async - {"script":"<script> [1562 bytes]","args":[{"selector":{"controlType":"sap.m.GenericTile","properties":{"header":"Authorization Tables"}},"wdio_ui5_key":"sapm.GenericTile{\"header\":\"Authorization Tables\"}"}]}
RESULT: {"script":"<script> [1562 bytes]","args":[{"selector":{"controlType":"sap.m.GenericTile","properties":{"header":"Authorization Tables"}},"wdio_ui5_key":"sapm.GenericTile{\"header\":\"Authorization Tables\"}"}]}
RESULT: undefined
COMMAND: POST /session/68ce15ad6dfcf6d6012fddf9f8dc9ff6/element - {"using":"xpath","value":"//*[@id=\"__tile118\"]"}
RESULT: {"using":"xpath","value":"//*[@id=\"__tile118\"]"}
COMMAND: POST /session/68ce15ad6dfcf6d6012fddf9f8dc9ff6/element/f.51474A3CC1C3E60D87BDFB5B268300AB.d.23C529879E1EE338E475992CCA5786C4.e.5492/click - {}
RESULT: {}
COMMAND: GET /session/68ce15ad6dfcf6d6012fddf9f8dc9ff6/screenshot - {}
RESULT: {}
RESULT: undefined
COMMAND: POST /session/68ce15ad6dfcf6d6012fddf9f8dc9ff6/element - {"using":"xpath","value":"//*[@id=\"__tile118\"]"}
RESULT: {"using":"xpath","value":"//*[@id=\"__tile118\"]"}
COMMAND: POST /session/68ce15ad6dfcf6d6012fddf9f8dc9ff6/element/f.51474A3CC1C3E60D87BDFB5B268300AB.d.23C529879E1EE338E475992CCA5786C4.e.5492/click - {}
RESULT: undefined
COMMAND: POST /session/68ce15ad6dfcf6d6012fddf9f8dc9ff6/element - {"using":"xpath","value":"//*[@id=\"__tile118\"]"}
RESULT: {"using":"xpath","value":"//*[@id=\"__tile118\"]"}
COMMAND: POST /session/68ce15ad6dfcf6d6012fddf9f8dc9ff6/element/f.51474A3CC1C3E60D87BDFB5B268300AB.d.23C529879E1EE338E475992CCA5786C4.e.5492/click - {}
RESULT: undefined
COMMAND: POST /session/68ce15ad6dfcf6d6012fddf9f8dc9ff6/execute/async - {"script":"<script> [6424 bytes]","args":[{"element-6066-11e4-a52e-4f735466cecf":"f.51474A3CC1C3E60D87BDFB5B268300AB.d.23C529879E1EE338E475992CCA5786C4.e.294"},"getTitle",[]]}
COMMAND: POST /session/68ce15ad6dfcf6d6012fddf9f8dc9ff6/execute/async - {"script":"<script> [1562 bytes]","args":[{"selector":{"id":"shellAppTitle"},"wdio_ui5_key":"shellAppTitle"}]}
RESULT: {"script":"<script> [1562 bytes]","args":[{"selector":{"id":"shellAppTitle"},"wdio_ui5_key":"shellAppTitle"}]}
COMMAND: POST /session/68ce15ad6dfcf6d6012fddf9f8dc9ff6/execute/async - {"script":"<script> [6424 bytes]","args":[{"element-6066-11e4-a52e-4f735466cecf":"f.51474A3CC1C3E60D87BDFB5B268300AB.d.23C529879E1EE338E475992CCA5786C4.e.5575"},"getTitle",[]]}
RESULT: {"script":"<script> [6424 bytes]","args":[{"element-6066-11e4-a52e-4f735466cecf":"f.51474A3CC1C3E60D87BDFB5B268300AB.d.23C529879E1EE338E475992CCA5786C4.e.5575"},"getTitle",[]]}
RESULT: undefined
COMMAND: POST /session/68ce15ad6dfcf6d6012fddf9f8dc9ff6/element/f.51474A3CC1C3E60D87BDFB5B268300AB.d.23C529879E1EE338E475992CCA5786C4.e.5490/click - {}
RESULT: {}
COMMAND: GET /session/68ce15ad6dfcf6d6012fddf9f8dc9ff6/screenshot - {}
RESULT: {}
]]></system-out>
    </testcase>
    <testcase classname="chrome.135_0_7049_96.windows.Sanity_Tests_US104253" name="Should open User Maintenance page" time="34.727">
      <system-out><![CDATA[
COMMAND: POST /session/68ce15ad6dfcf6d6012fddf9f8dc9ff6/execute/async - {"script":"<script> [1562 bytes]","args":[{"selector":{"controlType":"sap.m.GenericTile","properties":{"header":"User Maintenance"}},"wdio_ui5_key":"sapm.GenericTile{\"header\":\"User Maintenance\"}"}]}
RESULT: {"script":"<script> [1562 bytes]","args":[{"selector":{"controlType":"sap.m.GenericTile","properties":{"header":"User Maintenance"}},"wdio_ui5_key":"sapm.GenericTile{\"header\":\"User Maintenance\"}"}]}
RESULT: undefined
COMMAND: POST /session/68ce15ad6dfcf6d6012fddf9f8dc9ff6/element - {"using":"xpath","value":"//*[@id=\"__tile121\"]"}
RESULT: {"using":"xpath","value":"//*[@id=\"__tile121\"]"}
COMMAND: POST /session/68ce15ad6dfcf6d6012fddf9f8dc9ff6/element/f.51474A3CC1C3E60D87BDFB5B268300AB.d.23C529879E1EE338E475992CCA5786C4.e.5577/click - {}
RESULT: {}
COMMAND: GET /session/68ce15ad6dfcf6d6012fddf9f8dc9ff6/screenshot - {}
RESULT: {}
RESULT: undefined
COMMAND: POST /session/68ce15ad6dfcf6d6012fddf9f8dc9ff6/element - {"using":"xpath","value":"//*[@id=\"__tile121\"]"}
RESULT: {"using":"xpath","value":"//*[@id=\"__tile121\"]"}
COMMAND: POST /session/68ce15ad6dfcf6d6012fddf9f8dc9ff6/element/f.51474A3CC1C3E60D87BDFB5B268300AB.d.23C529879E1EE338E475992CCA5786C4.e.5577/click - {}
RESULT: undefined
COMMAND: POST /session/68ce15ad6dfcf6d6012fddf9f8dc9ff6/element - {"using":"xpath","value":"//*[@id=\"__tile121\"]"}
RESULT: {"using":"xpath","value":"//*[@id=\"__tile121\"]"}
COMMAND: POST /session/68ce15ad6dfcf6d6012fddf9f8dc9ff6/element/f.51474A3CC1C3E60D87BDFB5B268300AB.d.23C529879E1EE338E475992CCA5786C4.e.5577/click - {}
RESULT: undefined
COMMAND: POST /session/68ce15ad6dfcf6d6012fddf9f8dc9ff6/execute/async - {"script":"<script> [6424 bytes]","args":[{"element-6066-11e4-a52e-4f735466cecf":"f.51474A3CC1C3E60D87BDFB5B268300AB.d.23C529879E1EE338E475992CCA5786C4.e.294"},"getTitle",[]]}
COMMAND: POST /session/68ce15ad6dfcf6d6012fddf9f8dc9ff6/execute/async - {"script":"<script> [1562 bytes]","args":[{"selector":{"id":"shellAppTitle"},"wdio_ui5_key":"shellAppTitle"}]}
RESULT: {"script":"<script> [1562 bytes]","args":[{"selector":{"id":"shellAppTitle"},"wdio_ui5_key":"shellAppTitle"}]}
COMMAND: POST /session/68ce15ad6dfcf6d6012fddf9f8dc9ff6/execute/async - {"script":"<script> [6424 bytes]","args":[{"element-6066-11e4-a52e-4f735466cecf":"f.51474A3CC1C3E60D87BDFB5B268300AB.d.23C529879E1EE338E475992CCA5786C4.e.5670"},"getTitle",[]]}
RESULT: {"script":"<script> [6424 bytes]","args":[{"element-6066-11e4-a52e-4f735466cecf":"f.51474A3CC1C3E60D87BDFB5B268300AB.d.23C529879E1EE338E475992CCA5786C4.e.5670"},"getTitle",[]]}
RESULT: undefined
COMMAND: POST /session/68ce15ad6dfcf6d6012fddf9f8dc9ff6/element/f.51474A3CC1C3E60D87BDFB5B268300AB.d.23C529879E1EE338E475992CCA5786C4.e.5490/click - {}
COMMAND: POST /session/68ce15ad6dfcf6d6012fddf9f8dc9ff6/element - {"using":"xpath","value":"//*[@id=\"backBtn\"]"}
RESULT: {"using":"xpath","value":"//*[@id=\"backBtn\"]"}
COMMAND: POST /session/68ce15ad6dfcf6d6012fddf9f8dc9ff6/element/f.51474A3CC1C3E60D87BDFB5B268300AB.d.23C529879E1EE338E475992CCA5786C4.e.5490/click - {}
COMMAND: POST /session/68ce15ad6dfcf6d6012fddf9f8dc9ff6/element - {"using":"xpath","value":"//*[@id=\"backBtn\"]"}
RESULT: {"using":"xpath","value":"//*[@id=\"backBtn\"]"}
COMMAND: POST /session/68ce15ad6dfcf6d6012fddf9f8dc9ff6/element/f.51474A3CC1C3E60D87BDFB5B268300AB.d.23C529879E1EE338E475992CCA5786C4.e.5671/click - {}
RESULT: {}
COMMAND: GET /session/68ce15ad6dfcf6d6012fddf9f8dc9ff6/screenshot - {}
RESULT: {}
]]></system-out>
    </testcase>
    <testcase classname="chrome.135_0_7049_96.windows.Sanity_Tests_US104253" name="Should open Schedule Jobs page" time="27.232">
      <system-out><![CDATA[
COMMAND: POST /session/68ce15ad6dfcf6d6012fddf9f8dc9ff6/execute/async - {"script":"<script> [1562 bytes]","args":[{"selector":{"controlType":"sap.m.GenericTile","properties":{"header":"Schedule Jobs"}},"wdio_ui5_key":"sapm.GenericTile{\"header\":\"Schedule Jobs\"}"}]}
RESULT: {"script":"<script> [1562 bytes]","args":[{"selector":{"controlType":"sap.m.GenericTile","properties":{"header":"Schedule Jobs"}},"wdio_ui5_key":"sapm.GenericTile{\"header\":\"Schedule Jobs\"}"}]}
RESULT: undefined
COMMAND: POST /session/68ce15ad6dfcf6d6012fddf9f8dc9ff6/element - {"using":"xpath","value":"//*[@id=\"__tile127\"]"}
RESULT: {"using":"xpath","value":"//*[@id=\"__tile127\"]"}
COMMAND: POST /session/68ce15ad6dfcf6d6012fddf9f8dc9ff6/element/f.51474A3CC1C3E60D87BDFB5B268300AB.d.23C529879E1EE338E475992CCA5786C4.e.5675/click - {}
RESULT: {}
COMMAND: GET /session/68ce15ad6dfcf6d6012fddf9f8dc9ff6/screenshot - {}
RESULT: {}
RESULT: undefined
COMMAND: POST /session/68ce15ad6dfcf6d6012fddf9f8dc9ff6/element - {"using":"xpath","value":"//*[@id=\"__tile127\"]"}
RESULT: {"using":"xpath","value":"//*[@id=\"__tile127\"]"}
COMMAND: POST /session/68ce15ad6dfcf6d6012fddf9f8dc9ff6/element/f.51474A3CC1C3E60D87BDFB5B268300AB.d.23C529879E1EE338E475992CCA5786C4.e.5675/click - {}
RESULT: undefined
COMMAND: POST /session/68ce15ad6dfcf6d6012fddf9f8dc9ff6/element - {"using":"xpath","value":"//*[@id=\"__tile127\"]"}
RESULT: {"using":"xpath","value":"//*[@id=\"__tile127\"]"}
COMMAND: POST /session/68ce15ad6dfcf6d6012fddf9f8dc9ff6/element/f.51474A3CC1C3E60D87BDFB5B268300AB.d.23C529879E1EE338E475992CCA5786C4.e.5675/click - {}
RESULT: undefined
COMMAND: POST /session/68ce15ad6dfcf6d6012fddf9f8dc9ff6/execute/async - {"script":"<script> [6424 bytes]","args":[{"element-6066-11e4-a52e-4f735466cecf":"f.51474A3CC1C3E60D87BDFB5B268300AB.d.23C529879E1EE338E475992CCA5786C4.e.294"},"getTitle",[]]}
COMMAND: POST /session/68ce15ad6dfcf6d6012fddf9f8dc9ff6/execute/async - {"script":"<script> [1562 bytes]","args":[{"selector":{"id":"shellAppTitle"},"wdio_ui5_key":"shellAppTitle"}]}
RESULT: {"script":"<script> [1562 bytes]","args":[{"selector":{"id":"shellAppTitle"},"wdio_ui5_key":"shellAppTitle"}]}
COMMAND: POST /session/68ce15ad6dfcf6d6012fddf9f8dc9ff6/execute/async - {"script":"<script> [6424 bytes]","args":[{"element-6066-11e4-a52e-4f735466cecf":"f.51474A3CC1C3E60D87BDFB5B268300AB.d.23C529879E1EE338E475992CCA5786C4.e.5719"},"getTitle",[]]}
RESULT: {"script":"<script> [6424 bytes]","args":[{"element-6066-11e4-a52e-4f735466cecf":"f.51474A3CC1C3E60D87BDFB5B268300AB.d.23C529879E1EE338E475992CCA5786C4.e.5719"},"getTitle",[]]}
RESULT: undefined
COMMAND: POST /session/68ce15ad6dfcf6d6012fddf9f8dc9ff6/element/f.51474A3CC1C3E60D87BDFB5B268300AB.d.23C529879E1EE338E475992CCA5786C4.e.5671/click - {}
COMMAND: POST /session/68ce15ad6dfcf6d6012fddf9f8dc9ff6/element/f.51474A3CC1C3E60D87BDFB5B268300AB.d.23C529879E1EE338E475992CCA5786C4.e.5671/click - {}
RESULT: {}
COMMAND: GET /session/68ce15ad6dfcf6d6012fddf9f8dc9ff6/screenshot - {}
COMMAND: POST /session/68ce15ad6dfcf6d6012fddf9f8dc9ff6/element - {"using":"xpath","value":"//*[@id=\"backBtn\"]"}
RESULT: {}
RESULT: {"using":"xpath","value":"//*[@id=\"backBtn\"]"}
COMMAND: POST /session/68ce15ad6dfcf6d6012fddf9f8dc9ff6/elements - {"using":"xpath","value":"//*[@id=\"backBtn\"]"}
RESULT: {"using":"xpath","value":"//*[@id=\"backBtn\"]"}
COMMAND: POST /session/68ce15ad6dfcf6d6012fddf9f8dc9ff6/elements - {"using":"xpath","value":"//*[@id=\"backBtn\"]"}
RESULT: {"using":"xpath","value":"//*[@id=\"backBtn\"]"}
COMMAND: POST /session/68ce15ad6dfcf6d6012fddf9f8dc9ff6/elements - {"using":"xpath","value":"//*[@id=\"backBtn\"]"}
RESULT: {"using":"xpath","value":"//*[@id=\"backBtn\"]"}
COMMAND: POST /session/68ce15ad6dfcf6d6012fddf9f8dc9ff6/elements - {"using":"xpath","value":"//*[@id=\"backBtn\"]"}
RESULT: {"using":"xpath","value":"//*[@id=\"backBtn\"]"}
COMMAND: POST /session/68ce15ad6dfcf6d6012fddf9f8dc9ff6/elements - {"using":"xpath","value":"//*[@id=\"backBtn\"]"}
RESULT: {"using":"xpath","value":"//*[@id=\"backBtn\"]"}
COMMAND: POST /session/68ce15ad6dfcf6d6012fddf9f8dc9ff6/elements - {"using":"xpath","value":"//*[@id=\"backBtn\"]"}
RESULT: {"using":"xpath","value":"//*[@id=\"backBtn\"]"}
COMMAND: POST /session/68ce15ad6dfcf6d6012fddf9f8dc9ff6/elements - {"using":"xpath","value":"//*[@id=\"backBtn\"]"}
RESULT: {"using":"xpath","value":"//*[@id=\"backBtn\"]"}
COMMAND: POST /session/68ce15ad6dfcf6d6012fddf9f8dc9ff6/elements - {"using":"xpath","value":"//*[@id=\"backBtn\"]"}
RESULT: {"using":"xpath","value":"//*[@id=\"backBtn\"]"}
COMMAND: POST /session/68ce15ad6dfcf6d6012fddf9f8dc9ff6/elements - {"using":"xpath","value":"//*[@id=\"backBtn\"]"}
RESULT: {"using":"xpath","value":"//*[@id=\"backBtn\"]"}
COMMAND: POST /session/68ce15ad6dfcf6d6012fddf9f8dc9ff6/elements - {"using":"xpath","value":"//*[@id=\"backBtn\"]"}
RESULT: {"using":"xpath","value":"//*[@id=\"backBtn\"]"}
COMMAND: POST /session/68ce15ad6dfcf6d6012fddf9f8dc9ff6/elements - {"using":"xpath","value":"//*[@id=\"backBtn\"]"}
RESULT: {"using":"xpath","value":"//*[@id=\"backBtn\"]"}
COMMAND: POST /session/68ce15ad6dfcf6d6012fddf9f8dc9ff6/elements - {"using":"xpath","value":"//*[@id=\"backBtn\"]"}
RESULT: {"using":"xpath","value":"//*[@id=\"backBtn\"]"}
COMMAND: POST /session/68ce15ad6dfcf6d6012fddf9f8dc9ff6/elements - {"using":"xpath","value":"//*[@id=\"backBtn\"]"}
RESULT: {"using":"xpath","value":"//*[@id=\"backBtn\"]"}
COMMAND: POST /session/68ce15ad6dfcf6d6012fddf9f8dc9ff6/elements - {"using":"xpath","value":"//*[@id=\"backBtn\"]"}
RESULT: {"using":"xpath","value":"//*[@id=\"backBtn\"]"}
COMMAND: POST /session/68ce15ad6dfcf6d6012fddf9f8dc9ff6/elements - {"using":"xpath","value":"//*[@id=\"backBtn\"]"}
RESULT: {"using":"xpath","value":"//*[@id=\"backBtn\"]"}
COMMAND: POST /session/68ce15ad6dfcf6d6012fddf9f8dc9ff6/elements - {"using":"xpath","value":"//*[@id=\"backBtn\"]"}
RESULT: {"using":"xpath","value":"//*[@id=\"backBtn\"]"}
COMMAND: POST /session/68ce15ad6dfcf6d6012fddf9f8dc9ff6/elements - {"using":"xpath","value":"//*[@id=\"backBtn\"]"}
RESULT: {"using":"xpath","value":"//*[@id=\"backBtn\"]"}
COMMAND: POST /session/68ce15ad6dfcf6d6012fddf9f8dc9ff6/elements - {"using":"xpath","value":"//*[@id=\"backBtn\"]"}
RESULT: {"using":"xpath","value":"//*[@id=\"backBtn\"]"}
COMMAND: POST /session/68ce15ad6dfcf6d6012fddf9f8dc9ff6/elements - {"using":"xpath","value":"//*[@id=\"backBtn\"]"}
RESULT: {"using":"xpath","value":"//*[@id=\"backBtn\"]"}
]]></system-out>
    </testcase>
    <testcase classname="chrome.135_0_7049_96.windows.Sanity_Tests_US104253" name="Should open Jobs Setup page" time="26.437">
      <system-out><![CDATA[
COMMAND: POST /session/68ce15ad6dfcf6d6012fddf9f8dc9ff6/execute/async - {"script":"<script> [1562 bytes]","args":[{"selector":{"controlType":"sap.m.GenericTile","properties":{"header":"Jobs Setup"}},"wdio_ui5_key":"sapm.GenericTile{\"header\":\"Jobs Setup\"}"}]}
COMMAND: POST /session/68ce15ad6dfcf6d6012fddf9f8dc9ff6/elements - {"using":"xpath","value":"//*[@id=\"backBtn\"]"}
RESULT: {"script":"<script> [1562 bytes]","args":[{"selector":{"controlType":"sap.m.GenericTile","properties":{"header":"Jobs Setup"}},"wdio_ui5_key":"sapm.GenericTile{\"header\":\"Jobs Setup\"}"}]}
RESULT: undefined
COMMAND: POST /session/68ce15ad6dfcf6d6012fddf9f8dc9ff6/element - {"using":"xpath","value":"//*[@id=\"__tile128\"]"}
RESULT: {"using":"xpath","value":"//*[@id=\"backBtn\"]"}
RESULT: {"using":"xpath","value":"//*[@id=\"__tile128\"]"}
COMMAND: POST /session/68ce15ad6dfcf6d6012fddf9f8dc9ff6/element/f.51474A3CC1C3E60D87BDFB5B268300AB.d.23C529879E1EE338E475992CCA5786C4.e.5721/click - {}
COMMAND: POST /session/68ce15ad6dfcf6d6012fddf9f8dc9ff6/elements - {"using":"xpath","value":"//*[@id=\"backBtn\"]"}
RESULT: {}
COMMAND: GET /session/68ce15ad6dfcf6d6012fddf9f8dc9ff6/screenshot - {}
RESULT: {"using":"xpath","value":"//*[@id=\"backBtn\"]"}
COMMAND: POST /session/68ce15ad6dfcf6d6012fddf9f8dc9ff6/elements - {"using":"xpath","value":"//*[@id=\"backBtn\"]"}
RESULT: {}
RESULT: {"using":"xpath","value":"//*[@id=\"backBtn\"]"}
COMMAND: POST /session/68ce15ad6dfcf6d6012fddf9f8dc9ff6/elements - {"using":"xpath","value":"//*[@id=\"backBtn\"]"}
RESULT: {"using":"xpath","value":"//*[@id=\"backBtn\"]"}
COMMAND: POST /session/68ce15ad6dfcf6d6012fddf9f8dc9ff6/element - {"using":"xpath","value":"//*[@id=\"backBtn\"]"}
RESULT: {"using":"xpath","value":"//*[@id=\"backBtn\"]"}
COMMAND: POST /session/68ce15ad6dfcf6d6012fddf9f8dc9ff6/element/f.51474A3CC1C3E60D87BDFB5B268300AB.d.23C529879E1EE338E475992CCA5786C4.e.5671/click - {}
COMMAND: POST /session/68ce15ad6dfcf6d6012fddf9f8dc9ff6/element - {"using":"xpath","value":"//*[@id=\"backBtn\"]"}
RESULT: {"using":"xpath","value":"//*[@id=\"backBtn\"]"}
COMMAND: POST /session/68ce15ad6dfcf6d6012fddf9f8dc9ff6/element/f.51474A3CC1C3E60D87BDFB5B268300AB.d.23C529879E1EE338E475992CCA5786C4.e.5785/click - {}
RESULT: {}
COMMAND: GET /session/68ce15ad6dfcf6d6012fddf9f8dc9ff6/screenshot - {}
RESULT: {}
RESULT: undefined
COMMAND: POST /session/68ce15ad6dfcf6d6012fddf9f8dc9ff6/element - {"using":"xpath","value":"//*[@id=\"__tile128\"]"}
RESULT: {"using":"xpath","value":"//*[@id=\"__tile128\"]"}
COMMAND: POST /session/68ce15ad6dfcf6d6012fddf9f8dc9ff6/element/f.51474A3CC1C3E60D87BDFB5B268300AB.d.23C529879E1EE338E475992CCA5786C4.e.5721/click - {}
RESULT: undefined
COMMAND: POST /session/68ce15ad6dfcf6d6012fddf9f8dc9ff6/element - {"using":"xpath","value":"//*[@id=\"__tile128\"]"}
RESULT: {"using":"xpath","value":"//*[@id=\"__tile128\"]"}
COMMAND: POST /session/68ce15ad6dfcf6d6012fddf9f8dc9ff6/element/f.51474A3CC1C3E60D87BDFB5B268300AB.d.23C529879E1EE338E475992CCA5786C4.e.5721/click - {}
RESULT: undefined
COMMAND: POST /session/68ce15ad6dfcf6d6012fddf9f8dc9ff6/execute/async - {"script":"<script> [6424 bytes]","args":[{"element-6066-11e4-a52e-4f735466cecf":"f.51474A3CC1C3E60D87BDFB5B268300AB.d.23C529879E1EE338E475992CCA5786C4.e.294"},"getTitle",[]]}
COMMAND: POST /session/68ce15ad6dfcf6d6012fddf9f8dc9ff6/execute/async - {"script":"<script> [1562 bytes]","args":[{"selector":{"id":"shellAppTitle"},"wdio_ui5_key":"shellAppTitle"}]}
RESULT: {"script":"<script> [1562 bytes]","args":[{"selector":{"id":"shellAppTitle"},"wdio_ui5_key":"shellAppTitle"}]}
COMMAND: POST /session/68ce15ad6dfcf6d6012fddf9f8dc9ff6/execute/async - {"script":"<script> [6424 bytes]","args":[{"element-6066-11e4-a52e-4f735466cecf":"f.51474A3CC1C3E60D87BDFB5B268300AB.d.23C529879E1EE338E475992CCA5786C4.e.5812"},"getTitle",[]]}
RESULT: {"script":"<script> [6424 bytes]","args":[{"element-6066-11e4-a52e-4f735466cecf":"f.51474A3CC1C3E60D87BDFB5B268300AB.d.23C529879E1EE338E475992CCA5786C4.e.5812"},"getTitle",[]]}
RESULT: undefined
COMMAND: POST /session/68ce15ad6dfcf6d6012fddf9f8dc9ff6/element/f.51474A3CC1C3E60D87BDFB5B268300AB.d.23C529879E1EE338E475992CCA5786C4.e.5785/click - {}
COMMAND: POST /session/68ce15ad6dfcf6d6012fddf9f8dc9ff6/element/f.51474A3CC1C3E60D87BDFB5B268300AB.d.23C529879E1EE338E475992CCA5786C4.e.5785/click - {}
RESULT: {}
COMMAND: GET /session/68ce15ad6dfcf6d6012fddf9f8dc9ff6/screenshot - {}
RESULT: {}
COMMAND: GET /session/68ce15ad6dfcf6d6012fddf9f8dc9ff6/screenshot - {}
RESULT: {}
RESULT: {}
]]></system-out>
    </testcase>
    <testcase classname="chrome.135_0_7049_96.windows.Sanity_Tests_US104253" name="Should open Target Systems Configuration page" time="27.172">
      <system-out><![CDATA[
COMMAND: POST /session/68ce15ad6dfcf6d6012fddf9f8dc9ff6/execute/async - {"script":"<script> [1562 bytes]","args":[{"selector":{"controlType":"sap.m.GenericTile","properties":{"header":"Target Systems Configuration"}},"wdio_ui5_key":"sapm.GenericTile{\"header\":\"Target Systems Configuration\"}"}]}
RESULT: {"script":"<script> [1562 bytes]","args":[{"selector":{"controlType":"sap.m.GenericTile","properties":{"header":"Target Systems Configuration"}},"wdio_ui5_key":"sapm.GenericTile{\"header\":\"Target Systems Configuration\"}"}]}
RESULT: undefined
COMMAND: POST /session/68ce15ad6dfcf6d6012fddf9f8dc9ff6/element - {"using":"xpath","value":"//*[@id=\"__tile129\"]"}
RESULT: {"using":"xpath","value":"//*[@id=\"__tile129\"]"}
COMMAND: POST /session/68ce15ad6dfcf6d6012fddf9f8dc9ff6/element/f.51474A3CC1C3E60D87BDFB5B268300AB.d.23C529879E1EE338E475992CCA5786C4.e.5816/click - {}
RESULT: {}
COMMAND: GET /session/68ce15ad6dfcf6d6012fddf9f8dc9ff6/screenshot - {}
RESULT: {}
RESULT: undefined
COMMAND: POST /session/68ce15ad6dfcf6d6012fddf9f8dc9ff6/element - {"using":"xpath","value":"//*[@id=\"__tile129\"]"}
RESULT: {"using":"xpath","value":"//*[@id=\"__tile129\"]"}
COMMAND: POST /session/68ce15ad6dfcf6d6012fddf9f8dc9ff6/element/f.51474A3CC1C3E60D87BDFB5B268300AB.d.23C529879E1EE338E475992CCA5786C4.e.5816/click - {}
RESULT: undefined
COMMAND: POST /session/68ce15ad6dfcf6d6012fddf9f8dc9ff6/element - {"using":"xpath","value":"//*[@id=\"__tile129\"]"}
RESULT: {"using":"xpath","value":"//*[@id=\"__tile129\"]"}
COMMAND: POST /session/68ce15ad6dfcf6d6012fddf9f8dc9ff6/element/f.51474A3CC1C3E60D87BDFB5B268300AB.d.23C529879E1EE338E475992CCA5786C4.e.5816/click - {}
RESULT: undefined
COMMAND: POST /session/68ce15ad6dfcf6d6012fddf9f8dc9ff6/execute/async - {"script":"<script> [6424 bytes]","args":[{"element-6066-11e4-a52e-4f735466cecf":"f.51474A3CC1C3E60D87BDFB5B268300AB.d.23C529879E1EE338E475992CCA5786C4.e.294"},"getTitle",[]]}
COMMAND: POST /session/68ce15ad6dfcf6d6012fddf9f8dc9ff6/execute/async - {"script":"<script> [1562 bytes]","args":[{"selector":{"id":"shellAppTitle"},"wdio_ui5_key":"shellAppTitle"}]}
RESULT: {"script":"<script> [1562 bytes]","args":[{"selector":{"id":"shellAppTitle"},"wdio_ui5_key":"shellAppTitle"}]}
COMMAND: POST /session/68ce15ad6dfcf6d6012fddf9f8dc9ff6/execute/async - {"script":"<script> [6424 bytes]","args":[{"element-6066-11e4-a52e-4f735466cecf":"f.51474A3CC1C3E60D87BDFB5B268300AB.d.23C529879E1EE338E475992CCA5786C4.e.5885"},"getTitle",[]]}
RESULT: {"script":"<script> [6424 bytes]","args":[{"element-6066-11e4-a52e-4f735466cecf":"f.51474A3CC1C3E60D87BDFB5B268300AB.d.23C529879E1EE338E475992CCA5786C4.e.5885"},"getTitle",[]]}
RESULT: undefined
COMMAND: POST /session/68ce15ad6dfcf6d6012fddf9f8dc9ff6/element/f.51474A3CC1C3E60D87BDFB5B268300AB.d.23C529879E1EE338E475992CCA5786C4.e.5785/click - {}
COMMAND: POST /session/68ce15ad6dfcf6d6012fddf9f8dc9ff6/element/f.51474A3CC1C3E60D87BDFB5B268300AB.d.23C529879E1EE338E475992CCA5786C4.e.5785/click - {}
RESULT: {}
COMMAND: GET /session/68ce15ad6dfcf6d6012fddf9f8dc9ff6/screenshot - {}
COMMAND: POST /session/68ce15ad6dfcf6d6012fddf9f8dc9ff6/element - {"using":"xpath","value":"//*[@id=\"backBtn\"]"}
RESULT: {}
RESULT: {"using":"xpath","value":"//*[@id=\"backBtn\"]"}
COMMAND: POST /session/68ce15ad6dfcf6d6012fddf9f8dc9ff6/elements - {"using":"xpath","value":"//*[@id=\"backBtn\"]"}
RESULT: {"using":"xpath","value":"//*[@id=\"backBtn\"]"}
COMMAND: POST /session/68ce15ad6dfcf6d6012fddf9f8dc9ff6/elements - {"using":"xpath","value":"//*[@id=\"backBtn\"]"}
RESULT: {"using":"xpath","value":"//*[@id=\"backBtn\"]"}
COMMAND: POST /session/68ce15ad6dfcf6d6012fddf9f8dc9ff6/elements - {"using":"xpath","value":"//*[@id=\"backBtn\"]"}
RESULT: {"using":"xpath","value":"//*[@id=\"backBtn\"]"}
COMMAND: POST /session/68ce15ad6dfcf6d6012fddf9f8dc9ff6/elements - {"using":"xpath","value":"//*[@id=\"backBtn\"]"}
RESULT: {"using":"xpath","value":"//*[@id=\"backBtn\"]"}
COMMAND: POST /session/68ce15ad6dfcf6d6012fddf9f8dc9ff6/elements - {"using":"xpath","value":"//*[@id=\"backBtn\"]"}
RESULT: {"using":"xpath","value":"//*[@id=\"backBtn\"]"}
COMMAND: POST /session/68ce15ad6dfcf6d6012fddf9f8dc9ff6/elements - {"using":"xpath","value":"//*[@id=\"backBtn\"]"}
RESULT: {"using":"xpath","value":"//*[@id=\"backBtn\"]"}
COMMAND: POST /session/68ce15ad6dfcf6d6012fddf9f8dc9ff6/elements - {"using":"xpath","value":"//*[@id=\"backBtn\"]"}
RESULT: {"using":"xpath","value":"//*[@id=\"backBtn\"]"}
COMMAND: POST /session/68ce15ad6dfcf6d6012fddf9f8dc9ff6/elements - {"using":"xpath","value":"//*[@id=\"backBtn\"]"}
RESULT: {"using":"xpath","value":"//*[@id=\"backBtn\"]"}
COMMAND: POST /session/68ce15ad6dfcf6d6012fddf9f8dc9ff6/elements - {"using":"xpath","value":"//*[@id=\"backBtn\"]"}
RESULT: {"using":"xpath","value":"//*[@id=\"backBtn\"]"}
COMMAND: POST /session/68ce15ad6dfcf6d6012fddf9f8dc9ff6/elements - {"using":"xpath","value":"//*[@id=\"backBtn\"]"}
RESULT: {"using":"xpath","value":"//*[@id=\"backBtn\"]"}
COMMAND: POST /session/68ce15ad6dfcf6d6012fddf9f8dc9ff6/elements - {"using":"xpath","value":"//*[@id=\"backBtn\"]"}
RESULT: {"using":"xpath","value":"//*[@id=\"backBtn\"]"}
COMMAND: POST /session/68ce15ad6dfcf6d6012fddf9f8dc9ff6/elements - {"using":"xpath","value":"//*[@id=\"backBtn\"]"}
RESULT: {"using":"xpath","value":"//*[@id=\"backBtn\"]"}
COMMAND: POST /session/68ce15ad6dfcf6d6012fddf9f8dc9ff6/elements - {"using":"xpath","value":"//*[@id=\"backBtn\"]"}
RESULT: {"using":"xpath","value":"//*[@id=\"backBtn\"]"}
COMMAND: POST /session/68ce15ad6dfcf6d6012fddf9f8dc9ff6/elements - {"using":"xpath","value":"//*[@id=\"backBtn\"]"}
RESULT: {"using":"xpath","value":"//*[@id=\"backBtn\"]"}
COMMAND: POST /session/68ce15ad6dfcf6d6012fddf9f8dc9ff6/elements - {"using":"xpath","value":"//*[@id=\"backBtn\"]"}
RESULT: {"using":"xpath","value":"//*[@id=\"backBtn\"]"}
COMMAND: POST /session/68ce15ad6dfcf6d6012fddf9f8dc9ff6/elements - {"using":"xpath","value":"//*[@id=\"backBtn\"]"}
RESULT: {"using":"xpath","value":"//*[@id=\"backBtn\"]"}
COMMAND: POST /session/68ce15ad6dfcf6d6012fddf9f8dc9ff6/elements - {"using":"xpath","value":"//*[@id=\"backBtn\"]"}
RESULT: {"using":"xpath","value":"//*[@id=\"backBtn\"]"}
COMMAND: POST /session/68ce15ad6dfcf6d6012fddf9f8dc9ff6/elements - {"using":"xpath","value":"//*[@id=\"backBtn\"]"}
RESULT: {"using":"xpath","value":"//*[@id=\"backBtn\"]"}
COMMAND: POST /session/68ce15ad6dfcf6d6012fddf9f8dc9ff6/elements - {"using":"xpath","value":"//*[@id=\"backBtn\"]"}
RESULT: {"using":"xpath","value":"//*[@id=\"backBtn\"]"}
COMMAND: POST /session/68ce15ad6dfcf6d6012fddf9f8dc9ff6/elements - {"using":"xpath","value":"//*[@id=\"backBtn\"]"}
RESULT: {"using":"xpath","value":"//*[@id=\"backBtn\"]"}
COMMAND: POST /session/68ce15ad6dfcf6d6012fddf9f8dc9ff6/elements - {"using":"xpath","value":"//*[@id=\"backBtn\"]"}
RESULT: {"using":"xpath","value":"//*[@id=\"backBtn\"]"}
COMMAND: POST /session/68ce15ad6dfcf6d6012fddf9f8dc9ff6/elements - {"using":"xpath","value":"//*[@id=\"backBtn\"]"}
RESULT: {"using":"xpath","value":"//*[@id=\"backBtn\"]"}
COMMAND: POST /session/68ce15ad6dfcf6d6012fddf9f8dc9ff6/elements - {"using":"xpath","value":"//*[@id=\"backBtn\"]"}
RESULT: {"using":"xpath","value":"//*[@id=\"backBtn\"]"}
COMMAND: POST /session/68ce15ad6dfcf6d6012fddf9f8dc9ff6/elements - {"using":"xpath","value":"//*[@id=\"backBtn\"]"}
RESULT: {"using":"xpath","value":"//*[@id=\"backBtn\"]"}
COMMAND: POST /session/68ce15ad6dfcf6d6012fddf9f8dc9ff6/elements - {"using":"xpath","value":"//*[@id=\"backBtn\"]"}
RESULT: {"using":"xpath","value":"//*[@id=\"backBtn\"]"}
COMMAND: POST /session/68ce15ad6dfcf6d6012fddf9f8dc9ff6/elements - {"using":"xpath","value":"//*[@id=\"backBtn\"]"}
RESULT: {"using":"xpath","value":"//*[@id=\"backBtn\"]"}
COMMAND: POST /session/68ce15ad6dfcf6d6012fddf9f8dc9ff6/elements - {"using":"xpath","value":"//*[@id=\"backBtn\"]"}
RESULT: {"using":"xpath","value":"//*[@id=\"backBtn\"]"}
COMMAND: POST /session/68ce15ad6dfcf6d6012fddf9f8dc9ff6/elements - {"using":"xpath","value":"//*[@id=\"backBtn\"]"}
RESULT: {"using":"xpath","value":"//*[@id=\"backBtn\"]"}
COMMAND: POST /session/68ce15ad6dfcf6d6012fddf9f8dc9ff6/elements - {"using":"xpath","value":"//*[@id=\"backBtn\"]"}
RESULT: {"using":"xpath","value":"//*[@id=\"backBtn\"]"}
COMMAND: POST /session/68ce15ad6dfcf6d6012fddf9f8dc9ff6/elements - {"using":"xpath","value":"//*[@id=\"backBtn\"]"}
RESULT: {"using":"xpath","value":"//*[@id=\"backBtn\"]"}
COMMAND: POST /session/68ce15ad6dfcf6d6012fddf9f8dc9ff6/elements - {"using":"xpath","value":"//*[@id=\"backBtn\"]"}
RESULT: {"using":"xpath","value":"//*[@id=\"backBtn\"]"}
COMMAND: POST /session/68ce15ad6dfcf6d6012fddf9f8dc9ff6/elements - {"using":"xpath","value":"//*[@id=\"backBtn\"]"}
RESULT: {"using":"xpath","value":"//*[@id=\"backBtn\"]"}
COMMAND: POST /session/68ce15ad6dfcf6d6012fddf9f8dc9ff6/elements - {"using":"xpath","value":"//*[@id=\"backBtn\"]"}
RESULT: {"using":"xpath","value":"//*[@id=\"backBtn\"]"}
COMMAND: POST /session/68ce15ad6dfcf6d6012fddf9f8dc9ff6/elements - {"using":"xpath","value":"//*[@id=\"backBtn\"]"}
RESULT: {"using":"xpath","value":"//*[@id=\"backBtn\"]"}
COMMAND: POST /session/68ce15ad6dfcf6d6012fddf9f8dc9ff6/elements - {"using":"xpath","value":"//*[@id=\"backBtn\"]"}
RESULT: {"using":"xpath","value":"//*[@id=\"backBtn\"]"}
COMMAND: POST /session/68ce15ad6dfcf6d6012fddf9f8dc9ff6/elements - {"using":"xpath","value":"//*[@id=\"backBtn\"]"}
RESULT: {"using":"xpath","value":"//*[@id=\"backBtn\"]"}
COMMAND: POST /session/68ce15ad6dfcf6d6012fddf9f8dc9ff6/elements - {"using":"xpath","value":"//*[@id=\"backBtn\"]"}
RESULT: {"using":"xpath","value":"//*[@id=\"backBtn\"]"}
COMMAND: POST /session/68ce15ad6dfcf6d6012fddf9f8dc9ff6/elements - {"using":"xpath","value":"//*[@id=\"backBtn\"]"}
RESULT: {"using":"xpath","value":"//*[@id=\"backBtn\"]"}
COMMAND: POST /session/68ce15ad6dfcf6d6012fddf9f8dc9ff6/elements - {"using":"xpath","value":"//*[@id=\"backBtn\"]"}
RESULT: {"using":"xpath","value":"//*[@id=\"backBtn\"]"}
COMMAND: DELETE /session/68ce15ad6dfcf6d6012fddf9f8dc9ff6 - {}
RESULT: {}
]]></system-out>
    </testcase>
  </testsuite>
</testsuites>