<?xml version="1.0" encoding="UTF-8"?>
<testsuites tests="48" failures="0" errors="0" skipped="0">
  <testsuite timestamp="2025-05-21T17:19:36" time="1249.55" tests="12" failures="0" errors="0" skipped="0">
    <properties>
      <property name="specId" value="0"/>
      <property name="suiteName" value="Billing Transfer - Master data &amp; Intercompany US127250"/>
      <property name="capabilities" value="chrome.136_0_7103_93.windows"/>
      <property name="file" value="file:///D:/a/1/s/test/specs/BTS/billing-transfer-intercompany.spec.js"/>
    </properties>
    <testcase classname="chrome.136_0_7103_93.windows.Billing_Transfer_-_Master_data_&amp;_Intercompany_US127250" name="Should create a new yard" time="139.516">
      <system-out><![CDATA[
COMMAND: POST /session/86ebb79c72de266112eececc171e51a0/window/fullscreen - {}
RESULT: {}
COMMAND: POST /session/86ebb79c72de266112eececc171e51a0/execute/async - {"script":"<script> [1562 bytes]","args":[{"selector":{"controlType":"sap.m.GenericTile","properties":{"header":"Manage Yards"}},"wdio_ui5_key":"sapm.GenericTile{\"header\":\"Manage Yards\"}"}]}
RESULT: {"script":"<script> [1562 bytes]","args":[{"selector":{"controlType":"sap.m.GenericTile","properties":{"header":"Manage Yards"}},"wdio_ui5_key":"sapm.GenericTile{\"header\":\"Manage Yards\"}"}]}
RESULT: undefined
COMMAND: POST /session/86ebb79c72de266112eececc171e51a0/element - {"using":"xpath","value":"//*[@id=\"__tile41\"]"}
RESULT: {"using":"xpath","value":"//*[@id=\"__tile41\"]"}
COMMAND: POST /session/86ebb79c72de266112eececc171e51a0/element/f.A17C675D496C198C40B93A37572AC0F9.d.30AF80429DC824687F788C192C1140BC.e.157/click - {}
RESULT: {}
COMMAND: GET /session/86ebb79c72de266112eececc171e51a0/screenshot - {}
RESULT: {}
COMMAND: POST /session/86ebb79c72de266112eececc171e51a0/elements - {"using":"xpath","value":"//span[text()='Error']"}
RESULT: {"using":"xpath","value":"//span[text()='Error']"}
COMMAND: POST /session/86ebb79c72de266112eececc171e51a0/element - {"using":"xpath","value":"//button[@data-kt=\"addNewYardOverflowToolbarButton\"]"}
RESULT: {"using":"xpath","value":"//button[@data-kt=\"addNewYardOverflowToolbarButton\"]"}
COMMAND: POST /session/86ebb79c72de266112eececc171e51a0/elements - {"using":"xpath","value":"//button[@data-kt=\"addNewYardOverflowToolbarButton\"]"}
RESULT: {"using":"xpath","value":"//button[@data-kt=\"addNewYardOverflowToolbarButton\"]"}
COMMAND: POST /session/86ebb79c72de266112eececc171e51a0/elements - {"using":"xpath","value":"//button[@data-kt=\"addNewYardOverflowToolbarButton\"]"}
RESULT: {"using":"xpath","value":"//button[@data-kt=\"addNewYardOverflowToolbarButton\"]"}
COMMAND: POST /session/86ebb79c72de266112eececc171e51a0/elements - {"using":"xpath","value":"//button[@data-kt=\"addNewYardOverflowToolbarButton\"]"}
RESULT: {"using":"xpath","value":"//button[@data-kt=\"addNewYardOverflowToolbarButton\"]"}
COMMAND: POST /session/86ebb79c72de266112eececc171e51a0/elements - {"using":"xpath","value":"//button[@data-kt=\"addNewYardOverflowToolbarButton\"]"}
RESULT: {"using":"xpath","value":"//button[@data-kt=\"addNewYardOverflowToolbarButton\"]"}
COMMAND: POST /session/86ebb79c72de266112eececc171e51a0/elements - {"using":"xpath","value":"//button[@data-kt=\"addNewYardOverflowToolbarButton\"]"}
RESULT: {"using":"xpath","value":"//button[@data-kt=\"addNewYardOverflowToolbarButton\"]"}
COMMAND: POST /session/86ebb79c72de266112eececc171e51a0/elements - {"using":"xpath","value":"//button[@data-kt=\"addNewYardOverflowToolbarButton\"]"}
RESULT: {"using":"xpath","value":"//button[@data-kt=\"addNewYardOverflowToolbarButton\"]"}
COMMAND: POST /session/86ebb79c72de266112eececc171e51a0/elements - {"using":"xpath","value":"//button[@data-kt=\"addNewYardOverflowToolbarButton\"]"}
RESULT: {"using":"xpath","value":"//button[@data-kt=\"addNewYardOverflowToolbarButton\"]"}
COMMAND: POST /session/86ebb79c72de266112eececc171e51a0/elements - {"using":"xpath","value":"//button[@data-kt=\"addNewYardOverflowToolbarButton\"]"}
RESULT: {"using":"xpath","value":"//button[@data-kt=\"addNewYardOverflowToolbarButton\"]"}
COMMAND: POST /session/86ebb79c72de266112eececc171e51a0/elements - {"using":"xpath","value":"//button[@data-kt=\"addNewYardOverflowToolbarButton\"]"}
RESULT: {"using":"xpath","value":"//button[@data-kt=\"addNewYardOverflowToolbarButton\"]"}
COMMAND: POST /session/86ebb79c72de266112eececc171e51a0/elements - {"using":"xpath","value":"//button[@data-kt=\"addNewYardOverflowToolbarButton\"]"}
RESULT: {"using":"xpath","value":"//button[@data-kt=\"addNewYardOverflowToolbarButton\"]"}
COMMAND: POST /session/86ebb79c72de266112eececc171e51a0/elements - {"using":"xpath","value":"//button[@data-kt=\"addNewYardOverflowToolbarButton\"]"}
RESULT: {"using":"xpath","value":"//button[@data-kt=\"addNewYardOverflowToolbarButton\"]"}
COMMAND: POST /session/86ebb79c72de266112eececc171e51a0/elements - {"using":"xpath","value":"//button[@data-kt=\"addNewYardOverflowToolbarButton\"]"}
RESULT: {"using":"xpath","value":"//button[@data-kt=\"addNewYardOverflowToolbarButton\"]"}
COMMAND: POST /session/86ebb79c72de266112eececc171e51a0/element - {"using":"xpath","value":"//button[@data-kt=\"addNewYardOverflowToolbarButton\"]"}
RESULT: {"using":"xpath","value":"//button[@data-kt=\"addNewYardOverflowToolbarButton\"]"}
COMMAND: POST /session/86ebb79c72de266112eececc171e51a0/execute/sync - {"script":"<script> [8489 bytes]","args":[{"element-6066-11e4-a52e-4f735466cecf":"f.A17C675D496C198C40B93A37572AC0F9.d.30AF80429DC824687F788C192C1140BC.e.291","ELEMENT":"f.A17C675D496C198C40B93A37572AC0F9.d.30AF80429DC824687F788C192C1140BC.e.291"}]}
RESULT: {"script":"<script> [8489 bytes]","args":[{"element-6066-11e4-a52e-4f735466cecf":"f.A17C675D496C198C40B93A37572AC0F9.d.30AF80429DC824687F788C192C1140BC.e.291","ELEMENT":"f.A17C675D496C198C40B93A37572AC0F9.d.30AF80429DC824687F788C192C1140BC.e.291"}]}
COMMAND: GET /session/86ebb79c72de266112eececc171e51a0/element/f.A17C675D496C198C40B93A37572AC0F9.d.30AF80429DC824687F788C192C1140BC.e.291/enabled - {}
COMMAND: GET /session/86ebb79c72de266112eececc171e51a0/screenshot - {}
RESULT: {}
COMMAND: POST /session/86ebb79c72de266112eececc171e51a0/execute/sync - {"script":"<script> [8489 bytes]","args":[{"element-6066-11e4-a52e-4f735466cecf":"f.A17C675D496C198C40B93A37572AC0F9.d.30AF80429DC824687F788C192C1140BC.e.291","ELEMENT":"f.A17C675D496C198C40B93A37572AC0F9.d.30AF80429DC824687F788C192C1140BC.e.291"}]}
COMMAND: GET /session/86ebb79c72de266112eececc171e51a0/screenshot - {}
RESULT: {}
RESULT: {"script":"<script> [8489 bytes]","args":[{"element-6066-11e4-a52e-4f735466cecf":"f.A17C675D496C198C40B93A37572AC0F9.d.30AF80429DC824687F788C192C1140BC.e.291","ELEMENT":"f.A17C675D496C198C40B93A37572AC0F9.d.30AF80429DC824687F788C192C1140BC.e.291"}]}
COMMAND: POST /session/86ebb79c72de266112eececc171e51a0/execute/sync - {"script":"<script> [5351 bytes]","args":[{"element-6066-11e4-a52e-4f735466cecf":"f.A17C675D496C198C40B93A37572AC0F9.d.30AF80429DC824687F788C192C1140BC.e.291","ELEMENT":"f.A17C675D496C198C40B93A37572AC0F9.d.30AF80429DC824687F788C192C1140BC.e.291"}]}
COMMAND: GET /session/86ebb79c72de266112eececc171e51a0/screenshot - {}
RESULT: {}
RESULT: {"script":"<script> [5351 bytes]","args":[{"element-6066-11e4-a52e-4f735466cecf":"f.A17C675D496C198C40B93A37572AC0F9.d.30AF80429DC824687F788C192C1140BC.e.291","ELEMENT":"f.A17C675D496C198C40B93A37572AC0F9.d.30AF80429DC824687F788C192C1140BC.e.291"}]}
COMMAND: POST /session/86ebb79c72de266112eececc171e51a0/element/f.A17C675D496C198C40B93A37572AC0F9.d.30AF80429DC824687F788C192C1140BC.e.291/click - {}
COMMAND: GET /session/86ebb79c72de266112eececc171e51a0/screenshot - {}
RESULT: {}
RESULT: {}
COMMAND: GET /session/86ebb79c72de266112eececc171e51a0/screenshot - {}
RESULT: {}
RESULT: {}
COMMAND: POST /session/86ebb79c72de266112eececc171e51a0/element - {"using":"xpath","value":"//input[@id=\"application-manageyards-display-component---NewYard--yardId-inner\"]"}
RESULT: {"using":"xpath","value":"//input[@id=\"application-manageyards-display-component---NewYard--yardId-inner\"]"}
COMMAND: POST /session/86ebb79c72de266112eececc171e51a0/element - {"using":"xpath","value":"//input[@id=\"application-manageyards-display-component---NewYard--yardId-inner\"]"}
RESULT: {"using":"xpath","value":"//input[@id=\"application-manageyards-display-component---NewYard--yardId-inner\"]"}
COMMAND: POST /session/86ebb79c72de266112eececc171e51a0/execute/async - {"script":"<script> [1562 bytes]","args":[{"selector":{"id":"application-manageyards-display-component---NewYard--addressDetailDetailsName1","interaction":{"idSuffix":"inner"}},"wdio_ui5_key":"applicationmanageyards-display-component---NewYard--addressDetailDetailsName1"}]}
RESULT: {"script":"<script> [1562 bytes]","args":[{"selector":{"id":"application-manageyards-display-component---NewYard--addressDetailDetailsName1","interaction":{"idSuffix":"inner"}},"wdio_ui5_key":"applicationmanageyards-display-component---NewYard--addressDetailDetailsName1"}]}
RESULT: undefined
COMMAND: POST /session/86ebb79c72de266112eececc171e51a0/execute/async - {"script":"<script> [776 bytes]","args":[{"enterText":"Intercompany Yard wdIO","selector":{"id":"application-manageyards-display-component---NewYard--addressDetailDetailsName1","interaction":{"idSuffix":"inner"}},"clearTextFirst":true,"interactionType":"ENTER_TEXT"}]}
RESULT: {"script":"<script> [776 bytes]","args":[{"enterText":"Intercompany Yard wdIO","selector":{"id":"application-manageyards-display-component---NewYard--addressDetailDetailsName1","interaction":{"idSuffix":"inner"}},"clearTextFirst":true,"interactionType":"ENTER_TEXT"}]}
COMMAND: POST /session/86ebb79c72de266112eececc171e51a0/execute/async - {"script":"<script> [1562 bytes]","args":[{"selector":{"id":"application-manageyards-display-component---NewYard--addressDetailDetailsLanguage-arrow"},"wdio_ui5_key":"applicationmanageyards-display-component---NewYard--addressDetailDetailsLanguage-arrow"}]}
RESULT: {"script":"<script> [1562 bytes]","args":[{"selector":{"id":"application-manageyards-display-component---NewYard--addressDetailDetailsLanguage-arrow"},"wdio_ui5_key":"applicationmanageyards-display-component---NewYard--addressDetailDetailsLanguage-arrow"}]}
RESULT: undefined
COMMAND: POST /session/86ebb79c72de266112eececc171e51a0/element - {"using":"xpath","value":"//*[@id=\"application-manageyards-display-component---NewYard--addressDetailDetailsLanguage-arrow\"]"}
RESULT: {"using":"xpath","value":"//*[@id=\"application-manageyards-display-component---NewYard--addressDetailDetailsLanguage-arrow\"]"}
COMMAND: POST /session/86ebb79c72de266112eececc171e51a0/element/f.A17C675D496C198C40B93A37572AC0F9.d.30AF80429DC824687F788C192C1140BC.e.725/click - {}
RESULT: {}
COMMAND: POST /session/86ebb79c72de266112eececc171e51a0/element - {"using":"xpath","value":"//span[contains(text(), \"English\")]"}
COMMAND: GET /session/86ebb79c72de266112eececc171e51a0/screenshot - {}
RESULT: {"using":"xpath","value":"//span[contains(text(), \"English\")]"}
COMMAND: POST /session/86ebb79c72de266112eececc171e51a0/element/f.A17C675D496C198C40B93A37572AC0F9.d.30AF80429DC824687F788C192C1140BC.e.726/click - {}
RESULT: {}
RESULT: {}
COMMAND: POST /session/86ebb79c72de266112eececc171e51a0/execute/async - {"script":"<script> [1562 bytes]","args":[{"selector":{"id":"application-manageyards-display-component---NewYard--addressDetailDetailsCity1","interaction":{"idSuffix":"inner"}},"wdio_ui5_key":"applicationmanageyards-display-component---NewYard--addressDetailDetailsCity1"}]}
COMMAND: GET /session/86ebb79c72de266112eececc171e51a0/screenshot - {}
RESULT: {"script":"<script> [1562 bytes]","args":[{"selector":{"id":"application-manageyards-display-component---NewYard--addressDetailDetailsCity1","interaction":{"idSuffix":"inner"}},"wdio_ui5_key":"applicationmanageyards-display-component---NewYard--addressDetailDetailsCity1"}]}
RESULT: undefined
COMMAND: POST /session/86ebb79c72de266112eececc171e51a0/execute/async - {"script":"<script> [776 bytes]","args":[{"enterText":"Rosario","selector":{"id":"application-manageyards-display-component---NewYard--addressDetailDetailsCity1","interaction":{"idSuffix":"inner"}},"clearTextFirst":true,"interactionType":"ENTER_TEXT"}]}
RESULT: {}
RESULT: {"script":"<script> [776 bytes]","args":[{"enterText":"Rosario","selector":{"id":"application-manageyards-display-component---NewYard--addressDetailDetailsCity1","interaction":{"idSuffix":"inner"}},"clearTextFirst":true,"interactionType":"ENTER_TEXT"}]}
COMMAND: POST /session/86ebb79c72de266112eececc171e51a0/execute/async - {"script":"<script> [1562 bytes]","args":[{"selector":{"id":"application-manageyards-display-component---NewYard--addressDetailDetailsCountry-arrow"},"wdio_ui5_key":"applicationmanageyards-display-component---NewYard--addressDetailDetailsCountry-arrow"}]}
RESULT: {"script":"<script> [1562 bytes]","args":[{"selector":{"id":"application-manageyards-display-component---NewYard--addressDetailDetailsCountry-arrow"},"wdio_ui5_key":"applicationmanageyards-display-component---NewYard--addressDetailDetailsCountry-arrow"}]}
RESULT: undefined
COMMAND: POST /session/86ebb79c72de266112eececc171e51a0/element - {"using":"xpath","value":"//*[@id=\"application-manageyards-display-component---NewYard--addressDetailDetailsCountry-arrow\"]"}
RESULT: {"using":"xpath","value":"//*[@id=\"application-manageyards-display-component---NewYard--addressDetailDetailsCountry-arrow\"]"}
COMMAND: POST /session/86ebb79c72de266112eececc171e51a0/element/f.A17C675D496C198C40B93A37572AC0F9.d.30AF80429DC824687F788C192C1140BC.e.728/click - {}
RESULT: {}
COMMAND: POST /session/86ebb79c72de266112eececc171e51a0/element - {"using":"xpath","value":"//span[contains(text(), \"Argentina\")]"}
COMMAND: GET /session/86ebb79c72de266112eececc171e51a0/screenshot - {}
RESULT: {"using":"xpath","value":"//span[contains(text(), \"Argentina\")]"}
COMMAND: POST /session/86ebb79c72de266112eececc171e51a0/element/f.A17C675D496C198C40B93A37572AC0F9.d.30AF80429DC824687F788C192C1140BC.e.729/click - {}
RESULT: {}
RESULT: {}
COMMAND: POST /session/86ebb79c72de266112eececc171e51a0/execute/async - {"script":"<script> [1562 bytes]","args":[{"selector":{"id":"application-manageyards-display-component---NewYard--addressEditDetailsCostObjectCstType-arrow"},"wdio_ui5_key":"applicationmanageyards-display-component---NewYard--addressEditDetailsCostObjectCstType-arrow"}]}
COMMAND: GET /session/86ebb79c72de266112eececc171e51a0/screenshot - {}
RESULT: {"script":"<script> [1562 bytes]","args":[{"selector":{"id":"application-manageyards-display-component---NewYard--addressEditDetailsCostObjectCstType-arrow"},"wdio_ui5_key":"applicationmanageyards-display-component---NewYard--addressEditDetailsCostObjectCstType-arrow"}]}
RESULT: undefined
COMMAND: POST /session/86ebb79c72de266112eececc171e51a0/element - {"using":"xpath","value":"//*[@id=\"application-manageyards-display-component---NewYard--addressEditDetailsCostObjectCstType-arrow\"]"}
RESULT: {}
RESULT: {"using":"xpath","value":"//*[@id=\"application-manageyards-display-component---NewYard--addressEditDetailsCostObjectCstType-arrow\"]"}
COMMAND: POST /session/86ebb79c72de266112eececc171e51a0/element/f.A17C675D496C198C40B93A37572AC0F9.d.30AF80429DC824687F788C192C1140BC.e.731/click - {}
RESULT: {}
COMMAND: POST /session/86ebb79c72de266112eececc171e51a0/element - {"using":"xpath","value":"//span[contains(text(), \"Cost Center\")]"}
COMMAND: GET /session/86ebb79c72de266112eececc171e51a0/screenshot - {}
RESULT: {"using":"xpath","value":"//span[contains(text(), \"Cost Center\")]"}
COMMAND: POST /session/86ebb79c72de266112eececc171e51a0/element/f.A17C675D496C198C40B93A37572AC0F9.d.30AF80429DC824687F788C192C1140BC.e.732/click - {}
RESULT: {}
RESULT: {}
COMMAND: GET /session/86ebb79c72de266112eececc171e51a0/screenshot - {}
RESULT: {}
COMMAND: POST /session/86ebb79c72de266112eececc171e51a0/element - {"using":"xpath","value":"//span[@id=\"application-manageyards-display-component---NewYard--addressNewCostObjectCstID-vhi\"]"}
RESULT: {"using":"xpath","value":"//span[@id=\"application-manageyards-display-component---NewYard--addressNewCostObjectCstID-vhi\"]"}
COMMAND: POST /session/86ebb79c72de266112eececc171e51a0/execute/sync - {"script":"<script> [8489 bytes]","args":[{"element-6066-11e4-a52e-4f735466cecf":"f.A17C675D496C198C40B93A37572AC0F9.d.30AF80429DC824687F788C192C1140BC.e.736","ELEMENT":"f.A17C675D496C198C40B93A37572AC0F9.d.30AF80429DC824687F788C192C1140BC.e.736"}]}
RESULT: {"script":"<script> [8489 bytes]","args":[{"element-6066-11e4-a52e-4f735466cecf":"f.A17C675D496C198C40B93A37572AC0F9.d.30AF80429DC824687F788C192C1140BC.e.736","ELEMENT":"f.A17C675D496C198C40B93A37572AC0F9.d.30AF80429DC824687F788C192C1140BC.e.736"}]}
COMMAND: POST /session/86ebb79c72de266112eececc171e51a0/execute/async - {"script":"<script> [1562 bytes]","args":[{"selector":{"id":"application-manageyards-display-component---NewYard--addressNewCostObjectCstID-vhi"},"wdio_ui5_key":"applicationmanageyards-display-component---NewYard--addressNewCostObjectCstID-vhi"}]}
COMMAND: GET /session/86ebb79c72de266112eececc171e51a0/screenshot - {}
RESULT: {"script":"<script> [1562 bytes]","args":[{"selector":{"id":"application-manageyards-display-component---NewYard--addressNewCostObjectCstID-vhi"},"wdio_ui5_key":"applicationmanageyards-display-component---NewYard--addressNewCostObjectCstID-vhi"}]}
RESULT: undefined
COMMAND: POST /session/86ebb79c72de266112eececc171e51a0/element - {"using":"xpath","value":"//*[@id=\"application-manageyards-display-component---NewYard--addressNewCostObjectCstID-vhi\"]"}
RESULT: {}
RESULT: {"using":"xpath","value":"//*[@id=\"application-manageyards-display-component---NewYard--addressNewCostObjectCstID-vhi\"]"}
COMMAND: POST /session/86ebb79c72de266112eececc171e51a0/element/f.A17C675D496C198C40B93A37572AC0F9.d.30AF80429DC824687F788C192C1140BC.e.736/click - {}
RESULT: {}
COMMAND: GET /session/86ebb79c72de266112eececc171e51a0/screenshot - {}
RESULT: {}
COMMAND: POST /session/86ebb79c72de266112eececc171e51a0/execute/async - {"script":"<script> [1562 bytes]","args":[{"selector":{"controlType":"sap.m.SearchField","properties":{"placeholder":"Search"},"searchOpenDialogs":true,"interaction":{"idSuffix":"I"}},"wdio_ui5_key":"sapm.SearchField{\"placeholder\":\"Search\"}"}]}
RESULT: {"script":"<script> [1562 bytes]","args":[{"selector":{"controlType":"sap.m.SearchField","properties":{"placeholder":"Search"},"searchOpenDialogs":true,"interaction":{"idSuffix":"I"}},"wdio_ui5_key":"sapm.SearchField{\"placeholder\":\"Search\"}"}]}
RESULT: undefined
COMMAND: POST /session/86ebb79c72de266112eececc171e51a0/execute/async - {"script":"<script> [776 bytes]","args":[{"enterText":"bauh_b","selector":{"controlType":"sap.m.SearchField","properties":{"placeholder":"Search"},"searchOpenDialogs":true,"interaction":{"idSuffix":"I"}},"clearTextFirst":true,"interactionType":"ENTER_TEXT"}]}
RESULT: {"script":"<script> [776 bytes]","args":[{"enterText":"bauh_b","selector":{"controlType":"sap.m.SearchField","properties":{"placeholder":"Search"},"searchOpenDialogs":true,"interaction":{"idSuffix":"I"}},"clearTextFirst":true,"interactionType":"ENTER_TEXT"}]}
COMMAND: POST /session/86ebb79c72de266112eececc171e51a0/actions - {"actions":[{"id":"action1","type":"key","parameters":{},"actions":[{"type":"keyDown","value":""},{"type":"pause","duration":10},{"type":"keyUp","value":""}]}]}
RESULT: {"actions":[{"id":"action1","type":"key","parameters":{},"actions":[{"type":"keyDown","value":""},{"type":"pause","duration":10},{"type":"keyUp","value":""}]}]}
COMMAND: GET /session/86ebb79c72de266112eececc171e51a0/screenshot - {}
RESULT: {}
COMMAND: POST /session/86ebb79c72de266112eececc171e51a0/element - {"using":"xpath","value":"//span[contains(text(), \"Demo Yard\")]"}
RESULT: {"using":"xpath","value":"//span[contains(text(), \"Demo Yard\")]"}
COMMAND: POST /session/86ebb79c72de266112eececc171e51a0/element/f.A17C675D496C198C40B93A37572AC0F9.d.30AF80429DC824687F788C192C1140BC.e.778/click - {}
RESULT: {}
COMMAND: GET /session/86ebb79c72de266112eececc171e51a0/screenshot - {}
RESULT: {}
COMMAND: POST /session/86ebb79c72de266112eececc171e51a0/element - {"using":"xpath","value":"//bdi[contains(text(), \"OK\")]"}
RESULT: {"using":"xpath","value":"//bdi[contains(text(), \"OK\")]"}
COMMAND: POST /session/86ebb79c72de266112eececc171e51a0/element/f.A17C675D496C198C40B93A37572AC0F9.d.30AF80429DC824687F788C192C1140BC.e.779/click - {}
RESULT: {}
COMMAND: GET /session/86ebb79c72de266112eececc171e51a0/screenshot - {}
RESULT: {}
COMMAND: POST /session/86ebb79c72de266112eececc171e51a0/execute/async - {"script":"<script> [1562 bytes]","args":[{"selector":{"id":"application-manageyards-display-component---NewYard--addressEditDetailsCurrency-arrow"},"wdio_ui5_key":"applicationmanageyards-display-component---NewYard--addressEditDetailsCurrency-arrow"}]}
RESULT: {"script":"<script> [1562 bytes]","args":[{"selector":{"id":"application-manageyards-display-component---NewYard--addressEditDetailsCurrency-arrow"},"wdio_ui5_key":"applicationmanageyards-display-component---NewYard--addressEditDetailsCurrency-arrow"}]}
RESULT: undefined
COMMAND: POST /session/86ebb79c72de266112eececc171e51a0/element - {"using":"xpath","value":"//*[@id=\"application-manageyards-display-component---NewYard--addressEditDetailsCurrency-arrow\"]"}
RESULT: {"using":"xpath","value":"//*[@id=\"application-manageyards-display-component---NewYard--addressEditDetailsCurrency-arrow\"]"}
COMMAND: POST /session/86ebb79c72de266112eececc171e51a0/element/f.A17C675D496C198C40B93A37572AC0F9.d.30AF80429DC824687F788C192C1140BC.e.782/click - {}
RESULT: {}
COMMAND: POST /session/86ebb79c72de266112eececc171e51a0/element - {"using":"xpath","value":"//span[contains(text(), \"Euro\")]"}
COMMAND: GET /session/86ebb79c72de266112eececc171e51a0/screenshot - {}
RESULT: {"using":"xpath","value":"//span[contains(text(), \"Euro\")]"}
COMMAND: POST /session/86ebb79c72de266112eececc171e51a0/element/f.A17C675D496C198C40B93A37572AC0F9.d.30AF80429DC824687F788C192C1140BC.e.783/click - {}
RESULT: {}
RESULT: {}
COMMAND: POST /session/86ebb79c72de266112eececc171e51a0/execute/async - {"script":"<script> [1562 bytes]","args":[{"selector":{"controlType":"sap.m.Input","viewName":"etm.portal.ui.manageyards.view.New","viewId":"application-manageyards-display-component---NewYard","bindingPath":{"path":"","propertyPath":"/CONTROLLING_AREA","modelName":"NewYardModel"},"interaction":{"idSuffix":"inner"}},"wdio_ui5_key":"etmportal.ui.manageyards.view.Newsap.m.Input{\"path\":\"\",\"propertyPath\":\"/CONTROLLING_AREA\",\"modelName\":\"NewYardModel\"}"}]}
COMMAND: GET /session/86ebb79c72de266112eececc171e51a0/screenshot - {}
RESULT: {"script":"<script> [1562 bytes]","args":[{"selector":{"controlType":"sap.m.Input","viewName":"etm.portal.ui.manageyards.view.New","viewId":"application-manageyards-display-component---NewYard","bindingPath":{"path":"","propertyPath":"/CONTROLLING_AREA","modelName":"NewYardModel"},"interaction":{"idSuffix":"inner"}},"wdio_ui5_key":"etmportal.ui.manageyards.view.Newsap.m.Input{\"path\":\"\",\"propertyPath\":\"/CONTROLLING_AREA\",\"modelName\":\"NewYardModel\"}"}]}
RESULT: undefined
COMMAND: POST /session/86ebb79c72de266112eececc171e51a0/execute/async - {"script":"<script> [776 bytes]","args":[{"enterText":"Z001","selector":{"controlType":"sap.m.Input","viewName":"etm.portal.ui.manageyards.view.New","viewId":"application-manageyards-display-component---NewYard","bindingPath":{"path":"","propertyPath":"/CONTROLLING_AREA","modelName":"NewYardModel"},"interaction":{"idSuffix":"inner"}},"clearTextFirst":true,"interactionType":"ENTER_TEXT"}]}
RESULT: {}
RESULT: {"script":"<script> [776 bytes]","args":[{"enterText":"Z001","selector":{"controlType":"sap.m.Input","viewName":"etm.portal.ui.manageyards.view.New","viewId":"application-manageyards-display-component---NewYard","bindingPath":{"path":"","propertyPath":"/CONTROLLING_AREA","modelName":"NewYardModel"},"interaction":{"idSuffix":"inner"}},"clearTextFirst":true,"interactionType":"ENTER_TEXT"}]}
COMMAND: POST /session/86ebb79c72de266112eececc171e51a0/execute/async - {"script":"<script> [1562 bytes]","args":[{"selector":{"id":"application-manageyards-display-component---NewYard--companyCodeComboBox","interaction":{"idSuffix":"inner"}},"wdio_ui5_key":"applicationmanageyards-display-component---NewYard--companyCodeComboBox"}]}
RESULT: {"script":"<script> [1562 bytes]","args":[{"selector":{"id":"application-manageyards-display-component---NewYard--companyCodeComboBox","interaction":{"idSuffix":"inner"}},"wdio_ui5_key":"applicationmanageyards-display-component---NewYard--companyCodeComboBox"}]}
RESULT: undefined
COMMAND: POST /session/86ebb79c72de266112eececc171e51a0/execute/async - {"script":"<script> [776 bytes]","args":[{"enterText":"1000","selector":{"id":"application-manageyards-display-component---NewYard--companyCodeComboBox","interaction":{"idSuffix":"inner"}},"clearTextFirst":true,"interactionType":"ENTER_TEXT"}]}
RESULT: {"script":"<script> [776 bytes]","args":[{"enterText":"1000","selector":{"id":"application-manageyards-display-component---NewYard--companyCodeComboBox","interaction":{"idSuffix":"inner"}},"clearTextFirst":true,"interactionType":"ENTER_TEXT"}]}
COMMAND: POST /session/86ebb79c72de266112eececc171e51a0/execute/async - {"script":"<script> [1562 bytes]","args":[{"selector":{"controlType":"sap.m.Input","viewName":"etm.portal.ui.manageyards.view.New","viewId":"application-manageyards-display-component---NewYard","bindingPath":{"path":"","propertyPath":"/PLANT","modelName":"NewYardModel"},"interaction":{"idSuffix":"inner"}},"wdio_ui5_key":"etmportal.ui.manageyards.view.Newsap.m.Input{\"path\":\"\",\"propertyPath\":\"/PLANT\",\"modelName\":\"NewYardModel\"}"}]}
RESULT: {"script":"<script> [1562 bytes]","args":[{"selector":{"controlType":"sap.m.Input","viewName":"etm.portal.ui.manageyards.view.New","viewId":"application-manageyards-display-component---NewYard","bindingPath":{"path":"","propertyPath":"/PLANT","modelName":"NewYardModel"},"interaction":{"idSuffix":"inner"}},"wdio_ui5_key":"etmportal.ui.manageyards.view.Newsap.m.Input{\"path\":\"\",\"propertyPath\":\"/PLANT\",\"modelName\":\"NewYardModel\"}"}]}
RESULT: undefined
COMMAND: POST /session/86ebb79c72de266112eececc171e51a0/execute/async - {"script":"<script> [776 bytes]","args":[{"enterText":"1001","selector":{"controlType":"sap.m.Input","viewName":"etm.portal.ui.manageyards.view.New","viewId":"application-manageyards-display-component---NewYard","bindingPath":{"path":"","propertyPath":"/PLANT","modelName":"NewYardModel"},"interaction":{"idSuffix":"inner"}},"clearTextFirst":true,"interactionType":"ENTER_TEXT"}]}
RESULT: {"script":"<script> [776 bytes]","args":[{"enterText":"1001","selector":{"controlType":"sap.m.Input","viewName":"etm.portal.ui.manageyards.view.New","viewId":"application-manageyards-display-component---NewYard","bindingPath":{"path":"","propertyPath":"/PLANT","modelName":"NewYardModel"},"interaction":{"idSuffix":"inner"}},"clearTextFirst":true,"interactionType":"ENTER_TEXT"}]}
COMMAND: POST /session/86ebb79c72de266112eececc171e51a0/execute/async - {"script":"<script> [1562 bytes]","args":[{"selector":{"controlType":"sap.m.Input","viewName":"etm.portal.ui.manageyards.view.New","viewId":"application-manageyards-display-component---NewYard","bindingPath":{"path":"","propertyPath":"/SALES_AREA_VKORG","modelName":"NewYardModel"},"interaction":{"idSuffix":"inner"}},"wdio_ui5_key":"etmportal.ui.manageyards.view.Newsap.m.Input{\"path\":\"\",\"propertyPath\":\"/SALES_AREA_VKORG\",\"modelName\":\"NewYardModel\"}"}]}
RESULT: {"script":"<script> [1562 bytes]","args":[{"selector":{"controlType":"sap.m.Input","viewName":"etm.portal.ui.manageyards.view.New","viewId":"application-manageyards-display-component---NewYard","bindingPath":{"path":"","propertyPath":"/SALES_AREA_VKORG","modelName":"NewYardModel"},"interaction":{"idSuffix":"inner"}},"wdio_ui5_key":"etmportal.ui.manageyards.view.Newsap.m.Input{\"path\":\"\",\"propertyPath\":\"/SALES_AREA_VKORG\",\"modelName\":\"NewYardModel\"}"}]}
RESULT: undefined
COMMAND: POST /session/86ebb79c72de266112eececc171e51a0/execute/async - {"script":"<script> [776 bytes]","args":[{"enterText":"C002","selector":{"controlType":"sap.m.Input","viewName":"etm.portal.ui.manageyards.view.New","viewId":"application-manageyards-display-component---NewYard","bindingPath":{"path":"","propertyPath":"/SALES_AREA_VKORG","modelName":"NewYardModel"},"interaction":{"idSuffix":"inner"}},"clearTextFirst":true,"interactionType":"ENTER_TEXT"}]}
RESULT: {"script":"<script> [776 bytes]","args":[{"enterText":"C002","selector":{"controlType":"sap.m.Input","viewName":"etm.portal.ui.manageyards.view.New","viewId":"application-manageyards-display-component---NewYard","bindingPath":{"path":"","propertyPath":"/SALES_AREA_VKORG","modelName":"NewYardModel"},"interaction":{"idSuffix":"inner"}},"clearTextFirst":true,"interactionType":"ENTER_TEXT"}]}
COMMAND: POST /session/86ebb79c72de266112eececc171e51a0/execute/async - {"script":"<script> [1562 bytes]","args":[{"selector":{"controlType":"sap.m.Input","viewName":"etm.portal.ui.manageyards.view.New","viewId":"application-manageyards-display-component---NewYard","bindingPath":{"path":"","propertyPath":"/SALES_AREA_VTWEG","modelName":"NewYardModel"},"interaction":{"idSuffix":"inner"}},"wdio_ui5_key":"etmportal.ui.manageyards.view.Newsap.m.Input{\"path\":\"\",\"propertyPath\":\"/SALES_AREA_VTWEG\",\"modelName\":\"NewYardModel\"}"}]}
RESULT: {"script":"<script> [1562 bytes]","args":[{"selector":{"controlType":"sap.m.Input","viewName":"etm.portal.ui.manageyards.view.New","viewId":"application-manageyards-display-component---NewYard","bindingPath":{"path":"","propertyPath":"/SALES_AREA_VTWEG","modelName":"NewYardModel"},"interaction":{"idSuffix":"inner"}},"wdio_ui5_key":"etmportal.ui.manageyards.view.Newsap.m.Input{\"path\":\"\",\"propertyPath\":\"/SALES_AREA_VTWEG\",\"modelName\":\"NewYardModel\"}"}]}
RESULT: undefined
COMMAND: POST /session/86ebb79c72de266112eececc171e51a0/execute/async - {"script":"<script> [776 bytes]","args":[{"enterText":"C2","selector":{"controlType":"sap.m.Input","viewName":"etm.portal.ui.manageyards.view.New","viewId":"application-manageyards-display-component---NewYard","bindingPath":{"path":"","propertyPath":"/SALES_AREA_VTWEG","modelName":"NewYardModel"},"interaction":{"idSuffix":"inner"}},"clearTextFirst":true,"interactionType":"ENTER_TEXT"}]}
RESULT: {"script":"<script> [776 bytes]","args":[{"enterText":"C2","selector":{"controlType":"sap.m.Input","viewName":"etm.portal.ui.manageyards.view.New","viewId":"application-manageyards-display-component---NewYard","bindingPath":{"path":"","propertyPath":"/SALES_AREA_VTWEG","modelName":"NewYardModel"},"interaction":{"idSuffix":"inner"}},"clearTextFirst":true,"interactionType":"ENTER_TEXT"}]}
COMMAND: POST /session/86ebb79c72de266112eececc171e51a0/execute/async - {"script":"<script> [1562 bytes]","args":[{"selector":{"controlType":"sap.m.Input","viewName":"etm.portal.ui.manageyards.view.New","viewId":"application-manageyards-display-component---NewYard","bindingPath":{"path":"","propertyPath":"/SALES_AREA_SPART","modelName":"NewYardModel"},"interaction":{"idSuffix":"inner"}},"wdio_ui5_key":"etmportal.ui.manageyards.view.Newsap.m.Input{\"path\":\"\",\"propertyPath\":\"/SALES_AREA_SPART\",\"modelName\":\"NewYardModel\"}"}]}
RESULT: {"script":"<script> [1562 bytes]","args":[{"selector":{"controlType":"sap.m.Input","viewName":"etm.portal.ui.manageyards.view.New","viewId":"application-manageyards-display-component---NewYard","bindingPath":{"path":"","propertyPath":"/SALES_AREA_SPART","modelName":"NewYardModel"},"interaction":{"idSuffix":"inner"}},"wdio_ui5_key":"etmportal.ui.manageyards.view.Newsap.m.Input{\"path\":\"\",\"propertyPath\":\"/SALES_AREA_SPART\",\"modelName\":\"NewYardModel\"}"}]}
RESULT: undefined
COMMAND: POST /session/86ebb79c72de266112eececc171e51a0/execute/async - {"script":"<script> [776 bytes]","args":[{"enterText":"C2","selector":{"controlType":"sap.m.Input","viewName":"etm.portal.ui.manageyards.view.New","viewId":"application-manageyards-display-component---NewYard","bindingPath":{"path":"","propertyPath":"/SALES_AREA_SPART","modelName":"NewYardModel"},"interaction":{"idSuffix":"inner"}},"clearTextFirst":true,"interactionType":"ENTER_TEXT"}]}
RESULT: {"script":"<script> [776 bytes]","args":[{"enterText":"C2","selector":{"controlType":"sap.m.Input","viewName":"etm.portal.ui.manageyards.view.New","viewId":"application-manageyards-display-component---NewYard","bindingPath":{"path":"","propertyPath":"/SALES_AREA_SPART","modelName":"NewYardModel"},"interaction":{"idSuffix":"inner"}},"clearTextFirst":true,"interactionType":"ENTER_TEXT"}]}
COMMAND: POST /session/86ebb79c72de266112eececc171e51a0/execute/async - {"script":"<script> [1562 bytes]","args":[{"selector":{"controlType":"sap.m.Input","viewName":"etm.portal.ui.manageyards.view.New","viewId":"application-manageyards-display-component---NewYard","bindingPath":{"path":"","propertyPath":"/SHIP_POINT","modelName":"NewYardModel"},"interaction":{"idSuffix":"inner"}},"wdio_ui5_key":"etmportal.ui.manageyards.view.Newsap.m.Input{\"path\":\"\",\"propertyPath\":\"/SHIP_POINT\",\"modelName\":\"NewYardModel\"}"}]}
RESULT: {"script":"<script> [1562 bytes]","args":[{"selector":{"controlType":"sap.m.Input","viewName":"etm.portal.ui.manageyards.view.New","viewId":"application-manageyards-display-component---NewYard","bindingPath":{"path":"","propertyPath":"/SHIP_POINT","modelName":"NewYardModel"},"interaction":{"idSuffix":"inner"}},"wdio_ui5_key":"etmportal.ui.manageyards.view.Newsap.m.Input{\"path\":\"\",\"propertyPath\":\"/SHIP_POINT\",\"modelName\":\"NewYardModel\"}"}]}
RESULT: undefined
COMMAND: POST /session/86ebb79c72de266112eececc171e51a0/execute/async - {"script":"<script> [776 bytes]","args":[{"enterText":"1710","selector":{"controlType":"sap.m.Input","viewName":"etm.portal.ui.manageyards.view.New","viewId":"application-manageyards-display-component---NewYard","bindingPath":{"path":"","propertyPath":"/SHIP_POINT","modelName":"NewYardModel"},"interaction":{"idSuffix":"inner"}},"clearTextFirst":true,"interactionType":"ENTER_TEXT"}]}
RESULT: {"script":"<script> [776 bytes]","args":[{"enterText":"1710","selector":{"controlType":"sap.m.Input","viewName":"etm.portal.ui.manageyards.view.New","viewId":"application-manageyards-display-component---NewYard","bindingPath":{"path":"","propertyPath":"/SHIP_POINT","modelName":"NewYardModel"},"interaction":{"idSuffix":"inner"}},"clearTextFirst":true,"interactionType":"ENTER_TEXT"}]}
COMMAND: POST /session/86ebb79c72de266112eececc171e51a0/execute/async - {"script":"<script> [1562 bytes]","args":[{"selector":{"controlType":"sap.m.Input","viewName":"etm.portal.ui.manageyards.view.New","viewId":"application-manageyards-display-component---NewYard","bindingPath":{"path":"","propertyPath":"/DELIVERY_TYPE","modelName":"NewYardModel"},"interaction":{"idSuffix":"inner"}},"wdio_ui5_key":"etmportal.ui.manageyards.view.Newsap.m.Input{\"path\":\"\",\"propertyPath\":\"/DELIVERY_TYPE\",\"modelName\":\"NewYardModel\"}"}]}
RESULT: {"script":"<script> [1562 bytes]","args":[{"selector":{"controlType":"sap.m.Input","viewName":"etm.portal.ui.manageyards.view.New","viewId":"application-manageyards-display-component---NewYard","bindingPath":{"path":"","propertyPath":"/DELIVERY_TYPE","modelName":"NewYardModel"},"interaction":{"idSuffix":"inner"}},"wdio_ui5_key":"etmportal.ui.manageyards.view.Newsap.m.Input{\"path\":\"\",\"propertyPath\":\"/DELIVERY_TYPE\",\"modelName\":\"NewYardModel\"}"}]}
RESULT: undefined
COMMAND: POST /session/86ebb79c72de266112eececc171e51a0/execute/async - {"script":"<script> [776 bytes]","args":[{"enterText":"ZL01","selector":{"controlType":"sap.m.Input","viewName":"etm.portal.ui.manageyards.view.New","viewId":"application-manageyards-display-component---NewYard","bindingPath":{"path":"","propertyPath":"/DELIVERY_TYPE","modelName":"NewYardModel"},"interaction":{"idSuffix":"inner"}},"clearTextFirst":true,"interactionType":"ENTER_TEXT"}]}
RESULT: {"script":"<script> [776 bytes]","args":[{"enterText":"ZL01","selector":{"controlType":"sap.m.Input","viewName":"etm.portal.ui.manageyards.view.New","viewId":"application-manageyards-display-component---NewYard","bindingPath":{"path":"","propertyPath":"/DELIVERY_TYPE","modelName":"NewYardModel"},"interaction":{"idSuffix":"inner"}},"clearTextFirst":true,"interactionType":"ENTER_TEXT"}]}
COMMAND: POST /session/86ebb79c72de266112eececc171e51a0/execute/async - {"script":"<script> [1562 bytes]","args":[{"selector":{"controlType":"sap.m.Input","viewName":"etm.portal.ui.manageyards.view.New","viewId":"application-manageyards-display-component---NewYard","bindingPath":{"path":"","propertyPath":"/AUART","modelName":"NewYardModel"},"interaction":{"idSuffix":"inner"}},"wdio_ui5_key":"etmportal.ui.manageyards.view.Newsap.m.Input{\"path\":\"\",\"propertyPath\":\"/AUART\",\"modelName\":\"NewYardModel\"}"}]}
RESULT: {"script":"<script> [1562 bytes]","args":[{"selector":{"controlType":"sap.m.Input","viewName":"etm.portal.ui.manageyards.view.New","viewId":"application-manageyards-display-component---NewYard","bindingPath":{"path":"","propertyPath":"/AUART","modelName":"NewYardModel"},"interaction":{"idSuffix":"inner"}},"wdio_ui5_key":"etmportal.ui.manageyards.view.Newsap.m.Input{\"path\":\"\",\"propertyPath\":\"/AUART\",\"modelName\":\"NewYardModel\"}"}]}
RESULT: undefined
COMMAND: POST /session/86ebb79c72de266112eececc171e51a0/execute/async - {"script":"<script> [776 bytes]","args":[{"enterText":"TA","selector":{"controlType":"sap.m.Input","viewName":"etm.portal.ui.manageyards.view.New","viewId":"application-manageyards-display-component---NewYard","bindingPath":{"path":"","propertyPath":"/AUART","modelName":"NewYardModel"},"interaction":{"idSuffix":"inner"}},"clearTextFirst":true,"interactionType":"ENTER_TEXT"}]}
RESULT: {"script":"<script> [776 bytes]","args":[{"enterText":"TA","selector":{"controlType":"sap.m.Input","viewName":"etm.portal.ui.manageyards.view.New","viewId":"application-manageyards-display-component---NewYard","bindingPath":{"path":"","propertyPath":"/AUART","modelName":"NewYardModel"},"interaction":{"idSuffix":"inner"}},"clearTextFirst":true,"interactionType":"ENTER_TEXT"}]}
COMMAND: POST /session/86ebb79c72de266112eececc171e51a0/element - {"using":"xpath","value":"//button[@data-kt=\"newYardSaveButton\"]"}
RESULT: {"using":"xpath","value":"//button[@data-kt=\"newYardSaveButton\"]"}
COMMAND: POST /session/86ebb79c72de266112eececc171e51a0/element/f.A17C675D496C198C40B93A37572AC0F9.d.30AF80429DC824687F788C192C1140BC.e.674/click - {}
RESULT: {}
COMMAND: GET /session/86ebb79c72de266112eececc171e51a0/screenshot - {}
RESULT: {}
COMMAND: POST /session/86ebb79c72de266112eececc171e51a0/element - {"using":"xpath","value":"//header[contains(@id, 'ObjectPageLayout-headerTitle')]/div[1]/div[2]/div[1]/span[1]"}
RESULT: {"using":"xpath","value":"//header[contains(@id, 'ObjectPageLayout-headerTitle')]/div[1]/div[2]/div[1]/span[1]"}
COMMAND: POST /session/86ebb79c72de266112eececc171e51a0/elements - {"using":"xpath","value":"//header[contains(@id, 'ObjectPageLayout-headerTitle')]/div[1]/div[2]/div[1]/span[1]"}
RESULT: {"using":"xpath","value":"//header[contains(@id, 'ObjectPageLayout-headerTitle')]/div[1]/div[2]/div[1]/span[1]"}
COMMAND: POST /session/86ebb79c72de266112eececc171e51a0/execute/sync - {"script":"<script> [56 bytes]","args":[{"element-6066-11e4-a52e-4f735466cecf":"f.A17C675D496C198C40B93A37572AC0F9.d.30AF80429DC824687F788C192C1140BC.e.1009","ELEMENT":"f.A17C675D496C198C40B93A37572AC0F9.d.30AF80429DC824687F788C192C1140BC.e.1009"}]}
RESULT: {"script":"<script> [56 bytes]","args":[{"element-6066-11e4-a52e-4f735466cecf":"f.A17C675D496C198C40B93A37572AC0F9.d.30AF80429DC824687F788C192C1140BC.e.1009","ELEMENT":"f.A17C675D496C198C40B93A37572AC0F9.d.30AF80429DC824687F788C192C1140BC.e.1009"}]}
COMMAND: GET /session/86ebb79c72de266112eececc171e51a0/screenshot - {}
RESULT: {}
COMMAND: POST /session/86ebb79c72de266112eececc171e51a0/element - {"using":"css selector","value":"#shell-header-logo"}
RESULT: {"using":"css selector","value":"#shell-header-logo"}
COMMAND: POST /session/86ebb79c72de266112eececc171e51a0/element/f.A17C675D496C198C40B93A37572AC0F9.d.30AF80429DC824687F788C192C1140BC.e.259/click - {}
RESULT: {}
COMMAND: GET /session/86ebb79c72de266112eececc171e51a0/screenshot - {}
RESULT: {}
COMMAND: POST /session/86ebb79c72de266112eececc171e51a0/execute/sync - {"script":"<script> [299 bytes]","args":[["getModel","getResource"]]}
RESULT: {"script":"<script> [299 bytes]","args":[["getModel","getResource"]]}
]]></system-out>
    </testcase>
    <testcase classname="chrome.136_0_7103_93.windows.Billing_Transfer_-_Master_data_&amp;_Intercompany_US127250" name="Should create a new partner" time="154.302">
      <system-out><![CDATA[
COMMAND: GET /session/86ebb79c72de266112eececc171e51a0/screenshot - {}
COMMAND: POST /session/86ebb79c72de266112eececc171e51a0/window/fullscreen - {}
RESULT: {}
RESULT: {}
COMMAND: POST /session/86ebb79c72de266112eececc171e51a0/execute/async - {"script":"<script> [1562 bytes]","args":[{"selector":{"controlType":"sap.m.GenericTile","properties":{"header":"Manage Partners"}},"wdio_ui5_key":"sapm.GenericTile{\"header\":\"Manage Partners\"}"}]}
RESULT: {"script":"<script> [1562 bytes]","args":[{"selector":{"controlType":"sap.m.GenericTile","properties":{"header":"Manage Partners"}},"wdio_ui5_key":"sapm.GenericTile{\"header\":\"Manage Partners\"}"}]}
RESULT: undefined
COMMAND: POST /session/86ebb79c72de266112eececc171e51a0/element - {"using":"xpath","value":"//*[@id=\"__tile38\"]"}
RESULT: {"using":"xpath","value":"//*[@id=\"__tile38\"]"}
COMMAND: POST /session/86ebb79c72de266112eececc171e51a0/element/f.A17C675D496C198C40B93A37572AC0F9.d.30AF80429DC824687F788C192C1140BC.e.148/click - {}
RESULT: {}
COMMAND: GET /session/86ebb79c72de266112eececc171e51a0/screenshot - {}
RESULT: {}
COMMAND: POST /session/86ebb79c72de266112eececc171e51a0/elements - {"using":"xpath","value":"//span[text()='Error']"}
RESULT: {"using":"xpath","value":"//span[text()='Error']"}
COMMAND: POST /session/86ebb79c72de266112eececc171e51a0/element - {"using":"xpath","value":"//button[@data-kt=\"addButton\"]"}
RESULT: {"using":"xpath","value":"//button[@data-kt=\"addButton\"]"}
COMMAND: POST /session/86ebb79c72de266112eececc171e51a0/elements - {"using":"xpath","value":"//button[@data-kt=\"addButton\"]"}
RESULT: {"using":"xpath","value":"//button[@data-kt=\"addButton\"]"}
COMMAND: POST /session/86ebb79c72de266112eececc171e51a0/elements - {"using":"xpath","value":"//button[@data-kt=\"addButton\"]"}
RESULT: {"using":"xpath","value":"//button[@data-kt=\"addButton\"]"}
COMMAND: POST /session/86ebb79c72de266112eececc171e51a0/element - {"using":"xpath","value":"//button[@data-kt=\"addButton\"]"}
RESULT: {"using":"xpath","value":"//button[@data-kt=\"addButton\"]"}
COMMAND: POST /session/86ebb79c72de266112eececc171e51a0/execute/sync - {"script":"<script> [8489 bytes]","args":[{"element-6066-11e4-a52e-4f735466cecf":"f.A17C675D496C198C40B93A37572AC0F9.d.30AF80429DC824687F788C192C1140BC.e.1047","ELEMENT":"f.A17C675D496C198C40B93A37572AC0F9.d.30AF80429DC824687F788C192C1140BC.e.1047"}]}
RESULT: {"script":"<script> [8489 bytes]","args":[{"element-6066-11e4-a52e-4f735466cecf":"f.A17C675D496C198C40B93A37572AC0F9.d.30AF80429DC824687F788C192C1140BC.e.1047","ELEMENT":"f.A17C675D496C198C40B93A37572AC0F9.d.30AF80429DC824687F788C192C1140BC.e.1047"}]}
COMMAND: GET /session/86ebb79c72de266112eececc171e51a0/element/f.A17C675D496C198C40B93A37572AC0F9.d.30AF80429DC824687F788C192C1140BC.e.1047/enabled - {}
COMMAND: GET /session/86ebb79c72de266112eececc171e51a0/screenshot - {}
RESULT: {}
RESULT: {}
COMMAND: POST /session/86ebb79c72de266112eececc171e51a0/execute/sync - {"script":"<script> [8489 bytes]","args":[{"element-6066-11e4-a52e-4f735466cecf":"f.A17C675D496C198C40B93A37572AC0F9.d.30AF80429DC824687F788C192C1140BC.e.1047","ELEMENT":"f.A17C675D496C198C40B93A37572AC0F9.d.30AF80429DC824687F788C192C1140BC.e.1047"}]}
COMMAND: GET /session/86ebb79c72de266112eececc171e51a0/screenshot - {}
RESULT: {"script":"<script> [8489 bytes]","args":[{"element-6066-11e4-a52e-4f735466cecf":"f.A17C675D496C198C40B93A37572AC0F9.d.30AF80429DC824687F788C192C1140BC.e.1047","ELEMENT":"f.A17C675D496C198C40B93A37572AC0F9.d.30AF80429DC824687F788C192C1140BC.e.1047"}]}
COMMAND: POST /session/86ebb79c72de266112eececc171e51a0/execute/sync - {"script":"<script> [5351 bytes]","args":[{"element-6066-11e4-a52e-4f735466cecf":"f.A17C675D496C198C40B93A37572AC0F9.d.30AF80429DC824687F788C192C1140BC.e.1047","ELEMENT":"f.A17C675D496C198C40B93A37572AC0F9.d.30AF80429DC824687F788C192C1140BC.e.1047"}]}
RESULT: {"script":"<script> [5351 bytes]","args":[{"element-6066-11e4-a52e-4f735466cecf":"f.A17C675D496C198C40B93A37572AC0F9.d.30AF80429DC824687F788C192C1140BC.e.1047","ELEMENT":"f.A17C675D496C198C40B93A37572AC0F9.d.30AF80429DC824687F788C192C1140BC.e.1047"}]}
COMMAND: POST /session/86ebb79c72de266112eececc171e51a0/element/f.A17C675D496C198C40B93A37572AC0F9.d.30AF80429DC824687F788C192C1140BC.e.1047/click - {}
COMMAND: GET /session/86ebb79c72de266112eececc171e51a0/screenshot - {}
COMMAND: GET /session/86ebb79c72de266112eececc171e51a0/screenshot - {}
RESULT: {}
RESULT: {}
COMMAND: GET /session/86ebb79c72de266112eececc171e51a0/screenshot - {}
COMMAND: POST /session/86ebb79c72de266112eececc171e51a0/execute/async - {"script":"<script> [1562 bytes]","args":[{"selector":{"id":"application-managepartners-display-component---NewPartner--addressDetailDetailsName1","interaction":{"idSuffix":"inner"}},"wdio_ui5_key":"applicationmanagepartners-display-component---NewPartner--addressDetailDetailsName1"}]}
RESULT: {}
RESULT: {}
RESULT: {}
RESULT: {"script":"<script> [1562 bytes]","args":[{"selector":{"id":"application-managepartners-display-component---NewPartner--addressDetailDetailsName1","interaction":{"idSuffix":"inner"}},"wdio_ui5_key":"applicationmanagepartners-display-component---NewPartner--addressDetailDetailsName1"}]}
RESULT: undefined
COMMAND: POST /session/86ebb79c72de266112eececc171e51a0/execute/async - {"script":"<script> [776 bytes]","args":[{"enterText":"Intercompany Partner WDIO","selector":{"id":"application-managepartners-display-component---NewPartner--addressDetailDetailsName1","interaction":{"idSuffix":"inner"}},"clearTextFirst":true,"interactionType":"ENTER_TEXT"}]}
RESULT: {"script":"<script> [776 bytes]","args":[{"enterText":"Intercompany Partner WDIO","selector":{"id":"application-managepartners-display-component---NewPartner--addressDetailDetailsName1","interaction":{"idSuffix":"inner"}},"clearTextFirst":true,"interactionType":"ENTER_TEXT"}]}
COMMAND: POST /session/86ebb79c72de266112eececc171e51a0/execute/async - {"script":"<script> [1562 bytes]","args":[{"selector":{"id":"application-managepartners-display-component---NewPartner--addressDetailDetailsLanguage-arrow"},"wdio_ui5_key":"applicationmanagepartners-display-component---NewPartner--addressDetailDetailsLanguage-arrow"}]}
RESULT: {"script":"<script> [1562 bytes]","args":[{"selector":{"id":"application-managepartners-display-component---NewPartner--addressDetailDetailsLanguage-arrow"},"wdio_ui5_key":"applicationmanagepartners-display-component---NewPartner--addressDetailDetailsLanguage-arrow"}]}
RESULT: undefined
COMMAND: POST /session/86ebb79c72de266112eececc171e51a0/element - {"using":"xpath","value":"//*[@id=\"application-managepartners-display-component---NewPartner--addressDetailDetailsLanguage-arrow\"]"}
RESULT: {"using":"xpath","value":"//*[@id=\"application-managepartners-display-component---NewPartner--addressDetailDetailsLanguage-arrow\"]"}
COMMAND: POST /session/86ebb79c72de266112eececc171e51a0/element/f.A17C675D496C198C40B93A37572AC0F9.d.30AF80429DC824687F788C192C1140BC.e.1491/click - {}
RESULT: {}
COMMAND: POST /session/86ebb79c72de266112eececc171e51a0/element - {"using":"xpath","value":"//span[contains(text(), \"English\")]"}
COMMAND: GET /session/86ebb79c72de266112eececc171e51a0/screenshot - {}
RESULT: {"using":"xpath","value":"//span[contains(text(), \"English\")]"}
COMMAND: POST /session/86ebb79c72de266112eececc171e51a0/element/f.A17C675D496C198C40B93A37572AC0F9.d.30AF80429DC824687F788C192C1140BC.e.1492/click - {}
RESULT: {}
RESULT: {}
COMMAND: GET /session/86ebb79c72de266112eececc171e51a0/screenshot - {}
RESULT: {}
COMMAND: POST /session/86ebb79c72de266112eececc171e51a0/execute/async - {"script":"<script> [1562 bytes]","args":[{"selector":{"id":"application-managepartners-display-component---NewPartner--addressDetailDetailsCity1","interaction":{"idSuffix":"inner"}},"wdio_ui5_key":"applicationmanagepartners-display-component---NewPartner--addressDetailDetailsCity1"}]}
RESULT: {"script":"<script> [1562 bytes]","args":[{"selector":{"id":"application-managepartners-display-component---NewPartner--addressDetailDetailsCity1","interaction":{"idSuffix":"inner"}},"wdio_ui5_key":"applicationmanagepartners-display-component---NewPartner--addressDetailDetailsCity1"}]}
RESULT: undefined
COMMAND: POST /session/86ebb79c72de266112eececc171e51a0/execute/async - {"script":"<script> [776 bytes]","args":[{"enterText":"Rosario","selector":{"id":"application-managepartners-display-component---NewPartner--addressDetailDetailsCity1","interaction":{"idSuffix":"inner"}},"clearTextFirst":true,"interactionType":"ENTER_TEXT"}]}
RESULT: {"script":"<script> [776 bytes]","args":[{"enterText":"Rosario","selector":{"id":"application-managepartners-display-component---NewPartner--addressDetailDetailsCity1","interaction":{"idSuffix":"inner"}},"clearTextFirst":true,"interactionType":"ENTER_TEXT"}]}
COMMAND: POST /session/86ebb79c72de266112eececc171e51a0/execute/async - {"script":"<script> [1562 bytes]","args":[{"selector":{"id":"application-managepartners-display-component---NewPartner--addressDetailDetailsCountry-arrow"},"wdio_ui5_key":"applicationmanagepartners-display-component---NewPartner--addressDetailDetailsCountry-arrow"}]}
RESULT: {"script":"<script> [1562 bytes]","args":[{"selector":{"id":"application-managepartners-display-component---NewPartner--addressDetailDetailsCountry-arrow"},"wdio_ui5_key":"applicationmanagepartners-display-component---NewPartner--addressDetailDetailsCountry-arrow"}]}
RESULT: undefined
COMMAND: POST /session/86ebb79c72de266112eececc171e51a0/element - {"using":"xpath","value":"//*[@id=\"application-managepartners-display-component---NewPartner--addressDetailDetailsCountry-arrow\"]"}
RESULT: {"using":"xpath","value":"//*[@id=\"application-managepartners-display-component---NewPartner--addressDetailDetailsCountry-arrow\"]"}
COMMAND: POST /session/86ebb79c72de266112eececc171e51a0/element/f.A17C675D496C198C40B93A37572AC0F9.d.30AF80429DC824687F788C192C1140BC.e.1478/click - {}
RESULT: {}
COMMAND: POST /session/86ebb79c72de266112eececc171e51a0/element - {"using":"xpath","value":"//span[contains(text(), \"Argentina\")]"}
COMMAND: GET /session/86ebb79c72de266112eececc171e51a0/screenshot - {}
RESULT: {"using":"xpath","value":"//span[contains(text(), \"Argentina\")]"}
COMMAND: POST /session/86ebb79c72de266112eececc171e51a0/element/f.A17C675D496C198C40B93A37572AC0F9.d.30AF80429DC824687F788C192C1140BC.e.1494/click - {}
RESULT: {}
RESULT: {}
COMMAND: GET /session/86ebb79c72de266112eececc171e51a0/screenshot - {}
RESULT: {}
COMMAND: POST /session/86ebb79c72de266112eececc171e51a0/element - {"using":"xpath","value":"//bdi[contains(text(), \"Commercial\")]"}
RESULT: {"using":"xpath","value":"//bdi[contains(text(), \"Commercial\")]"}
COMMAND: POST /session/86ebb79c72de266112eececc171e51a0/element/f.A17C675D496C198C40B93A37572AC0F9.d.30AF80429DC824687F788C192C1140BC.e.1495/click - {}
RESULT: {}
COMMAND: GET /session/86ebb79c72de266112eececc171e51a0/screenshot - {}
RESULT: {}
COMMAND: POST /session/86ebb79c72de266112eececc171e51a0/execute/async - {"script":"<script> [1562 bytes]","args":[{"selector":{"id":"application-managepartners-display-component---NewPartner--partnerDetailInternal-arrow"},"wdio_ui5_key":"applicationmanagepartners-display-component---NewPartner--partnerDetailInternal-arrow"}]}
RESULT: {"script":"<script> [1562 bytes]","args":[{"selector":{"id":"application-managepartners-display-component---NewPartner--partnerDetailInternal-arrow"},"wdio_ui5_key":"applicationmanagepartners-display-component---NewPartner--partnerDetailInternal-arrow"}]}
RESULT: undefined
COMMAND: POST /session/86ebb79c72de266112eececc171e51a0/element - {"using":"xpath","value":"//*[@id=\"application-managepartners-display-component---NewPartner--partnerDetailInternal-arrow\"]"}
RESULT: {"using":"xpath","value":"//*[@id=\"application-managepartners-display-component---NewPartner--partnerDetailInternal-arrow\"]"}
COMMAND: POST /session/86ebb79c72de266112eececc171e51a0/element/f.A17C675D496C198C40B93A37572AC0F9.d.30AF80429DC824687F788C192C1140BC.e.1503/click - {}
RESULT: {}
COMMAND: POST /session/86ebb79c72de266112eececc171e51a0/element - {"using":"xpath","value":"//span[contains(text(), \"Affiliated company\")]"}
COMMAND: GET /session/86ebb79c72de266112eececc171e51a0/screenshot - {}
RESULT: {"using":"xpath","value":"//span[contains(text(), \"Affiliated company\")]"}
COMMAND: POST /session/86ebb79c72de266112eececc171e51a0/element/f.A17C675D496C198C40B93A37572AC0F9.d.30AF80429DC824687F788C192C1140BC.e.1504/click - {}
RESULT: {}
RESULT: {}
COMMAND: POST /session/86ebb79c72de266112eececc171e51a0/execute/async - {"script":"<script> [1562 bytes]","args":[{"selector":{"id":"application-managepartners-display-component---NewPartner--partnerDetailsCurrency-arrow"},"wdio_ui5_key":"applicationmanagepartners-display-component---NewPartner--partnerDetailsCurrency-arrow"}]}
COMMAND: GET /session/86ebb79c72de266112eececc171e51a0/screenshot - {}
RESULT: {"script":"<script> [1562 bytes]","args":[{"selector":{"id":"application-managepartners-display-component---NewPartner--partnerDetailsCurrency-arrow"},"wdio_ui5_key":"applicationmanagepartners-display-component---NewPartner--partnerDetailsCurrency-arrow"}]}
RESULT: undefined
COMMAND: POST /session/86ebb79c72de266112eececc171e51a0/element - {"using":"xpath","value":"//*[@id=\"application-managepartners-display-component---NewPartner--partnerDetailsCurrency-arrow\"]"}
RESULT: {}
RESULT: {"using":"xpath","value":"//*[@id=\"application-managepartners-display-component---NewPartner--partnerDetailsCurrency-arrow\"]"}
COMMAND: POST /session/86ebb79c72de266112eececc171e51a0/element/f.A17C675D496C198C40B93A37572AC0F9.d.30AF80429DC824687F788C192C1140BC.e.1511/click - {}
RESULT: {}
COMMAND: POST /session/86ebb79c72de266112eececc171e51a0/element - {"using":"xpath","value":"//span[contains(text(), \"Euro\")]"}
COMMAND: GET /session/86ebb79c72de266112eececc171e51a0/screenshot - {}
RESULT: {"using":"xpath","value":"//span[contains(text(), \"Euro\")]"}
COMMAND: POST /session/86ebb79c72de266112eececc171e51a0/element/f.A17C675D496C198C40B93A37572AC0F9.d.30AF80429DC824687F788C192C1140BC.e.1512/click - {}
RESULT: {}
RESULT: {}
COMMAND: POST /session/86ebb79c72de266112eececc171e51a0/execute/async - {"script":"<script> [1562 bytes]","args":[{"selector":{"id":"application-managepartners-display-component---NewPartner--addressEditDetailsCostObjectCstType-arrow"},"wdio_ui5_key":"applicationmanagepartners-display-component---NewPartner--addressEditDetailsCostObjectCstType-arrow"}]}
COMMAND: GET /session/86ebb79c72de266112eececc171e51a0/screenshot - {}
RESULT: {}
RESULT: {"script":"<script> [1562 bytes]","args":[{"selector":{"id":"application-managepartners-display-component---NewPartner--addressEditDetailsCostObjectCstType-arrow"},"wdio_ui5_key":"applicationmanagepartners-display-component---NewPartner--addressEditDetailsCostObjectCstType-arrow"}]}
RESULT: undefined
COMMAND: POST /session/86ebb79c72de266112eececc171e51a0/element - {"using":"xpath","value":"//*[@id=\"application-managepartners-display-component---NewPartner--addressEditDetailsCostObjectCstType-arrow\"]"}
RESULT: {"using":"xpath","value":"//*[@id=\"application-managepartners-display-component---NewPartner--addressEditDetailsCostObjectCstType-arrow\"]"}
COMMAND: POST /session/86ebb79c72de266112eececc171e51a0/element/f.A17C675D496C198C40B93A37572AC0F9.d.30AF80429DC824687F788C192C1140BC.e.1513/click - {}
RESULT: {}
COMMAND: POST /session/86ebb79c72de266112eececc171e51a0/element - {"using":"xpath","value":"//span[contains(text(), \"Cost Center\")]"}
COMMAND: GET /session/86ebb79c72de266112eececc171e51a0/screenshot - {}
RESULT: {"using":"xpath","value":"//span[contains(text(), \"Cost Center\")]"}
COMMAND: POST /session/86ebb79c72de266112eececc171e51a0/element/f.A17C675D496C198C40B93A37572AC0F9.d.30AF80429DC824687F788C192C1140BC.e.1514/click - {}
RESULT: {}
RESULT: {}
COMMAND: GET /session/86ebb79c72de266112eececc171e51a0/screenshot - {}
RESULT: {}
COMMAND: POST /session/86ebb79c72de266112eececc171e51a0/element - {"using":"xpath","value":"//span[@id=\"application-managepartners-display-component---NewPartner--addressNewCostObjectCstID-vhi\"]"}
RESULT: {"using":"xpath","value":"//span[@id=\"application-managepartners-display-component---NewPartner--addressNewCostObjectCstID-vhi\"]"}
COMMAND: POST /session/86ebb79c72de266112eececc171e51a0/execute/sync - {"script":"<script> [8489 bytes]","args":[{"element-6066-11e4-a52e-4f735466cecf":"f.A17C675D496C198C40B93A37572AC0F9.d.30AF80429DC824687F788C192C1140BC.e.1518","ELEMENT":"f.A17C675D496C198C40B93A37572AC0F9.d.30AF80429DC824687F788C192C1140BC.e.1518"}]}
RESULT: {"script":"<script> [8489 bytes]","args":[{"element-6066-11e4-a52e-4f735466cecf":"f.A17C675D496C198C40B93A37572AC0F9.d.30AF80429DC824687F788C192C1140BC.e.1518","ELEMENT":"f.A17C675D496C198C40B93A37572AC0F9.d.30AF80429DC824687F788C192C1140BC.e.1518"}]}
COMMAND: POST /session/86ebb79c72de266112eececc171e51a0/execute/async - {"script":"<script> [1562 bytes]","args":[{"selector":{"id":"application-managepartners-display-component---NewPartner--addressNewCostObjectCstID-vhi"},"wdio_ui5_key":"applicationmanagepartners-display-component---NewPartner--addressNewCostObjectCstID-vhi"}]}
COMMAND: GET /session/86ebb79c72de266112eececc171e51a0/screenshot - {}
RESULT: {"script":"<script> [1562 bytes]","args":[{"selector":{"id":"application-managepartners-display-component---NewPartner--addressNewCostObjectCstID-vhi"},"wdio_ui5_key":"applicationmanagepartners-display-component---NewPartner--addressNewCostObjectCstID-vhi"}]}
RESULT: undefined
COMMAND: POST /session/86ebb79c72de266112eececc171e51a0/element - {"using":"xpath","value":"//*[@id=\"application-managepartners-display-component---NewPartner--addressNewCostObjectCstID-vhi\"]"}
RESULT: {}
RESULT: {"using":"xpath","value":"//*[@id=\"application-managepartners-display-component---NewPartner--addressNewCostObjectCstID-vhi\"]"}
COMMAND: POST /session/86ebb79c72de266112eececc171e51a0/element/f.A17C675D496C198C40B93A37572AC0F9.d.30AF80429DC824687F788C192C1140BC.e.1518/click - {}
RESULT: {}
COMMAND: GET /session/86ebb79c72de266112eececc171e51a0/screenshot - {}
RESULT: {}
RESULT: undefined
COMMAND: POST /session/86ebb79c72de266112eececc171e51a0/execute/async - {"script":"<script> [776 bytes]","args":[{"enterText":"10001013","selector":{"controlType":"sap.m.SearchField","properties":{"placeholder":"Search"},"searchOpenDialogs":true,"interaction":{"idSuffix":"I"}},"clearTextFirst":true,"interactionType":"ENTER_TEXT"}]}
RESULT: {"script":"<script> [776 bytes]","args":[{"enterText":"10001013","selector":{"controlType":"sap.m.SearchField","properties":{"placeholder":"Search"},"searchOpenDialogs":true,"interaction":{"idSuffix":"I"}},"clearTextFirst":true,"interactionType":"ENTER_TEXT"}]}
COMMAND: POST /session/86ebb79c72de266112eececc171e51a0/actions - {"actions":[{"id":"action2","type":"key","parameters":{},"actions":[{"type":"keyDown","value":""},{"type":"pause","duration":10},{"type":"keyUp","value":""}]}]}
RESULT: {"actions":[{"id":"action2","type":"key","parameters":{},"actions":[{"type":"keyDown","value":""},{"type":"pause","duration":10},{"type":"keyUp","value":""}]}]}
COMMAND: GET /session/86ebb79c72de266112eececc171e51a0/screenshot - {}
RESULT: {}
COMMAND: POST /session/86ebb79c72de266112eececc171e51a0/element - {"using":"xpath","value":"//span[contains(text(), \"General Management\")]"}
RESULT: {"using":"xpath","value":"//span[contains(text(), \"General Management\")]"}
COMMAND: POST /session/86ebb79c72de266112eececc171e51a0/element/f.A17C675D496C198C40B93A37572AC0F9.d.30AF80429DC824687F788C192C1140BC.e.1557/click - {}
RESULT: {}
COMMAND: GET /session/86ebb79c72de266112eececc171e51a0/screenshot - {}
RESULT: {}
COMMAND: POST /session/86ebb79c72de266112eececc171e51a0/element - {"using":"xpath","value":"//bdi[contains(text(), \"OK\")]"}
RESULT: {"using":"xpath","value":"//bdi[contains(text(), \"OK\")]"}
COMMAND: POST /session/86ebb79c72de266112eececc171e51a0/element/f.A17C675D496C198C40B93A37572AC0F9.d.30AF80429DC824687F788C192C1140BC.e.1558/click - {}
RESULT: {}
COMMAND: GET /session/86ebb79c72de266112eececc171e51a0/screenshot - {}
RESULT: {}
COMMAND: POST /session/86ebb79c72de266112eececc171e51a0/element - {"using":"xpath","value":"//input[@id=\"application-managepartners-display-component---NewPartner--companyCodeComboBox-inner\"]"}
RESULT: {"using":"xpath","value":"//input[@id=\"application-managepartners-display-component---NewPartner--companyCodeComboBox-inner\"]"}
COMMAND: POST /session/86ebb79c72de266112eececc171e51a0/element/f.A17C675D496C198C40B93A37572AC0F9.d.30AF80429DC824687F788C192C1140BC.e.1358/clear - {}
RESULT: {}
COMMAND: POST /session/86ebb79c72de266112eececc171e51a0/element/f.A17C675D496C198C40B93A37572AC0F9.d.30AF80429DC824687F788C192C1140BC.e.1358/value - {"text":"C002"}
COMMAND: GET /session/86ebb79c72de266112eececc171e51a0/screenshot - {}
RESULT: {"text":"C002"}
COMMAND: GET /session/86ebb79c72de266112eececc171e51a0/screenshot - {}
RESULT: {}
RESULT: {}
COMMAND: POST /session/86ebb79c72de266112eececc171e51a0/element - {"using":"xpath","value":"//li[.//span[text()= \"C002\"]]"}
RESULT: {"using":"xpath","value":"//li[.//span[text()= \"C002\"]]"}
COMMAND: POST /session/86ebb79c72de266112eececc171e51a0/element/f.A17C675D496C198C40B93A37572AC0F9.d.30AF80429DC824687F788C192C1140BC.e.1564/click - {}
RESULT: {}
COMMAND: GET /session/86ebb79c72de266112eececc171e51a0/screenshot - {}
RESULT: {}
COMMAND: POST /session/86ebb79c72de266112eececc171e51a0/execute/async - {"script":"<script> [1562 bytes]","args":[{"selector":{"id":"application-managepartners-display-component---NewPartner--btnAddTableRow-img"},"wdio_ui5_key":"applicationmanagepartners-display-component---NewPartner--btnAddTableRow-img"}]}
RESULT: {"script":"<script> [1562 bytes]","args":[{"selector":{"id":"application-managepartners-display-component---NewPartner--btnAddTableRow-img"},"wdio_ui5_key":"applicationmanagepartners-display-component---NewPartner--btnAddTableRow-img"}]}
RESULT: undefined
COMMAND: POST /session/86ebb79c72de266112eececc171e51a0/element - {"using":"xpath","value":"//*[@id=\"application-managepartners-display-component---NewPartner--btnAddTableRow-img\"]"}
RESULT: {"using":"xpath","value":"//*[@id=\"application-managepartners-display-component---NewPartner--btnAddTableRow-img\"]"}
COMMAND: POST /session/86ebb79c72de266112eececc171e51a0/element/f.A17C675D496C198C40B93A37572AC0F9.d.30AF80429DC824687F788C192C1140BC.e.1565/click - {}
RESULT: {}
COMMAND: GET /session/86ebb79c72de266112eececc171e51a0/screenshot - {}
RESULT: {}
COMMAND: POST /session/86ebb79c72de266112eececc171e51a0/element - {"using":"xpath","value":"//input[@id=\"application-managepartners-display-component---NewPartner--assignmentYard-application-managepartners-display-component---NewPartner--assignmentsTable-0-inner\"]"}
RESULT: {"using":"xpath","value":"//input[@id=\"application-managepartners-display-component---NewPartner--assignmentYard-application-managepartners-display-component---NewPartner--assignmentsTable-0-inner\"]"}
COMMAND: POST /session/86ebb79c72de266112eececc171e51a0/element/f.A17C675D496C198C40B93A37572AC0F9.d.30AF80429DC824687F788C192C1140BC.e.1568/clear - {}
RESULT: {}
COMMAND: POST /session/86ebb79c72de266112eececc171e51a0/element/f.A17C675D496C198C40B93A37572AC0F9.d.30AF80429DC824687F788C192C1140BC.e.1568/value - {"text":"640"}
COMMAND: GET /session/86ebb79c72de266112eececc171e51a0/screenshot - {}
RESULT: {"text":"640"}
COMMAND: GET /session/86ebb79c72de266112eececc171e51a0/screenshot - {}
RESULT: {}
RESULT: {}
COMMAND: POST /session/86ebb79c72de266112eececc171e51a0/element - {"using":"xpath","value":"//li[.//span[text()='640']]"}
RESULT: {"using":"xpath","value":"//li[.//span[text()='640']]"}
COMMAND: POST /session/86ebb79c72de266112eececc171e51a0/element/f.A17C675D496C198C40B93A37572AC0F9.d.30AF80429DC824687F788C192C1140BC.e.1577/click - {}
RESULT: {}
COMMAND: GET /session/86ebb79c72de266112eececc171e51a0/screenshot - {}
RESULT: {}
COMMAND: POST /session/86ebb79c72de266112eececc171e51a0/actions - {"actions":[{"id":"action3","type":"key","parameters":{},"actions":[{"type":"keyDown","value":""},{"type":"pause","duration":10},{"type":"keyUp","value":""}]}]}
RESULT: {"actions":[{"id":"action3","type":"key","parameters":{},"actions":[{"type":"keyDown","value":""},{"type":"pause","duration":10},{"type":"keyUp","value":""}]}]}
COMMAND: POST /session/86ebb79c72de266112eececc171e51a0/execute/async - {"script":"<script> [1562 bytes]","args":[{"selector":{"id":"application-managepartners-display-component---NewPartner--externalCustomerComboBox-application-managepartners-display-component---NewPartner--assignmentsTable-0-vhi"},"wdio_ui5_key":"applicationmanagepartners-display-component---NewPartner--externalCustomerComboBox-application-managepartners-display-component---NewPartner--assignmentsTable-0-vhi"}]}
COMMAND: GET /session/86ebb79c72de266112eececc171e51a0/screenshot - {}
RESULT: {"script":"<script> [1562 bytes]","args":[{"selector":{"id":"application-managepartners-display-component---NewPartner--externalCustomerComboBox-application-managepartners-display-component---NewPartner--assignmentsTable-0-vhi"},"wdio_ui5_key":"applicationmanagepartners-display-component---NewPartner--externalCustomerComboBox-application-managepartners-display-component---NewPartner--assignmentsTable-0-vhi"}]}
RESULT: undefined
COMMAND: POST /session/86ebb79c72de266112eececc171e51a0/element - {"using":"xpath","value":"//*[@id=\"application-managepartners-display-component---NewPartner--externalCustomerComboBox-application-managepartners-display-component---NewPartner--assignmentsTable-0-vhi\"]"}
RESULT: {}
RESULT: {"using":"xpath","value":"//*[@id=\"application-managepartners-display-component---NewPartner--externalCustomerComboBox-application-managepartners-display-component---NewPartner--assignmentsTable-0-vhi\"]"}
COMMAND: POST /session/86ebb79c72de266112eececc171e51a0/element/f.A17C675D496C198C40B93A37572AC0F9.d.30AF80429DC824687F788C192C1140BC.e.1581/click - {}
RESULT: {}
RESULT: undefined
COMMAND: POST /session/86ebb79c72de266112eececc171e51a0/execute/async - {"script":"<script> [776 bytes]","args":[{"enterText":"300003","selector":{"controlType":"sap.m.SearchField","properties":{"placeholder":"Search"},"searchOpenDialogs":true,"interaction":{"idSuffix":"I"}},"clearTextFirst":true,"interactionType":"ENTER_TEXT"}]}
COMMAND: GET /session/86ebb79c72de266112eececc171e51a0/screenshot - {}
RESULT: {"script":"<script> [776 bytes]","args":[{"enterText":"300003","selector":{"controlType":"sap.m.SearchField","properties":{"placeholder":"Search"},"searchOpenDialogs":true,"interaction":{"idSuffix":"I"}},"clearTextFirst":true,"interactionType":"ENTER_TEXT"}]}
COMMAND: POST /session/86ebb79c72de266112eececc171e51a0/actions - {"actions":[{"id":"action4","type":"key","parameters":{},"actions":[{"type":"keyDown","value":""},{"type":"pause","duration":10},{"type":"keyUp","value":""}]}]}
RESULT: {}
RESULT: {"actions":[{"id":"action4","type":"key","parameters":{},"actions":[{"type":"keyDown","value":""},{"type":"pause","duration":10},{"type":"keyUp","value":""}]}]}
COMMAND: GET /session/86ebb79c72de266112eececc171e51a0/screenshot - {}
RESULT: {}
COMMAND: POST /session/86ebb79c72de266112eececc171e51a0/element - {"using":"xpath","value":"//span[contains(text(), \"300003\")]"}
RESULT: {"using":"xpath","value":"//span[contains(text(), \"300003\")]"}
COMMAND: POST /session/86ebb79c72de266112eececc171e51a0/element/f.A17C675D496C198C40B93A37572AC0F9.d.30AF80429DC824687F788C192C1140BC.e.1599/click - {}
RESULT: {}
COMMAND: GET /session/86ebb79c72de266112eececc171e51a0/screenshot - {}
RESULT: {}
COMMAND: POST /session/86ebb79c72de266112eececc171e51a0/element - {"using":"xpath","value":"//bdi[contains(text(), \"OK\")]"}
RESULT: {"using":"xpath","value":"//bdi[contains(text(), \"OK\")]"}
COMMAND: POST /session/86ebb79c72de266112eececc171e51a0/element/f.A17C675D496C198C40B93A37572AC0F9.d.30AF80429DC824687F788C192C1140BC.e.1601/click - {}
RESULT: {}
COMMAND: GET /session/86ebb79c72de266112eececc171e51a0/screenshot - {}
RESULT: {}
COMMAND: POST /session/86ebb79c72de266112eececc171e51a0/execute/async - {"script":"<script> [1562 bytes]","args":[{"selector":{"id":"application-managepartners-display-component---NewPartner--intercompVendorComboBox-application-managepartners-display-component---NewPartner--assignmentsTable-0-vhi"},"wdio_ui5_key":"applicationmanagepartners-display-component---NewPartner--intercompVendorComboBox-application-managepartners-display-component---NewPartner--assignmentsTable-0-vhi"}]}
RESULT: {"script":"<script> [1562 bytes]","args":[{"selector":{"id":"application-managepartners-display-component---NewPartner--intercompVendorComboBox-application-managepartners-display-component---NewPartner--assignmentsTable-0-vhi"},"wdio_ui5_key":"applicationmanagepartners-display-component---NewPartner--intercompVendorComboBox-application-managepartners-display-component---NewPartner--assignmentsTable-0-vhi"}]}
RESULT: undefined
COMMAND: POST /session/86ebb79c72de266112eececc171e51a0/element - {"using":"xpath","value":"//*[@id=\"application-managepartners-display-component---NewPartner--intercompVendorComboBox-application-managepartners-display-component---NewPartner--assignmentsTable-0-vhi\"]"}
RESULT: {"using":"xpath","value":"//*[@id=\"application-managepartners-display-component---NewPartner--intercompVendorComboBox-application-managepartners-display-component---NewPartner--assignmentsTable-0-vhi\"]"}
COMMAND: POST /session/86ebb79c72de266112eececc171e51a0/element/f.A17C675D496C198C40B93A37572AC0F9.d.30AF80429DC824687F788C192C1140BC.e.1604/click - {}
RESULT: {}
RESULT: undefined
COMMAND: POST /session/86ebb79c72de266112eececc171e51a0/execute/async - {"script":"<script> [776 bytes]","args":[{"enterText":"100005","selector":{"controlType":"sap.m.SearchField","properties":{"placeholder":"Search"},"searchOpenDialogs":true,"interaction":{"idSuffix":"I"}},"clearTextFirst":true,"interactionType":"ENTER_TEXT"}]}
COMMAND: GET /session/86ebb79c72de266112eececc171e51a0/screenshot - {}
RESULT: {"script":"<script> [776 bytes]","args":[{"enterText":"100005","selector":{"controlType":"sap.m.SearchField","properties":{"placeholder":"Search"},"searchOpenDialogs":true,"interaction":{"idSuffix":"I"}},"clearTextFirst":true,"interactionType":"ENTER_TEXT"}]}
COMMAND: POST /session/86ebb79c72de266112eececc171e51a0/actions - {"actions":[{"id":"action5","type":"key","parameters":{},"actions":[{"type":"keyDown","value":""},{"type":"pause","duration":10},{"type":"keyUp","value":""}]}]}
RESULT: {}
RESULT: {"actions":[{"id":"action5","type":"key","parameters":{},"actions":[{"type":"keyDown","value":""},{"type":"pause","duration":10},{"type":"keyUp","value":""}]}]}
COMMAND: GET /session/86ebb79c72de266112eececc171e51a0/screenshot - {}
RESULT: {}
COMMAND: POST /session/86ebb79c72de266112eececc171e51a0/element - {"using":"xpath","value":"//span[contains(text(), \"Penguins - Field/12345 Berlin\")]"}
RESULT: {"using":"xpath","value":"//span[contains(text(), \"Penguins - Field/12345 Berlin\")]"}
COMMAND: POST /session/86ebb79c72de266112eececc171e51a0/element/f.A17C675D496C198C40B93A37572AC0F9.d.30AF80429DC824687F788C192C1140BC.e.1622/click - {}
RESULT: {}
COMMAND: GET /session/86ebb79c72de266112eececc171e51a0/screenshot - {}
RESULT: {}
COMMAND: POST /session/86ebb79c72de266112eececc171e51a0/element - {"using":"xpath","value":"//bdi[contains(text(), \"OK\")]"}
RESULT: {"using":"xpath","value":"//bdi[contains(text(), \"OK\")]"}
COMMAND: POST /session/86ebb79c72de266112eececc171e51a0/element/f.A17C675D496C198C40B93A37572AC0F9.d.30AF80429DC824687F788C192C1140BC.e.1623/click - {}
RESULT: {}
COMMAND: GET /session/86ebb79c72de266112eececc171e51a0/screenshot - {}
RESULT: {}
COMMAND: POST /session/86ebb79c72de266112eececc171e51a0/element - {"using":"xpath","value":"//button[@data-kt=\"saveButton\"]"}
RESULT: {"using":"xpath","value":"//button[@data-kt=\"saveButton\"]"}
COMMAND: POST /session/86ebb79c72de266112eececc171e51a0/element/f.A17C675D496C198C40B93A37572AC0F9.d.30AF80429DC824687F788C192C1140BC.e.1428/click - {}
RESULT: {}
COMMAND: GET /session/86ebb79c72de266112eececc171e51a0/screenshot - {}
RESULT: {}
COMMAND: POST /session/86ebb79c72de266112eececc171e51a0/element - {"using":"xpath","value":"//header[contains(@id, 'ObjectPageLayout-headerTitle')]/div[1]/div[2]/div[2]/span[1]"}
RESULT: {"using":"xpath","value":"//header[contains(@id, 'ObjectPageLayout-headerTitle')]/div[1]/div[2]/div[2]/span[1]"}
COMMAND: POST /session/86ebb79c72de266112eececc171e51a0/elements - {"using":"xpath","value":"//header[contains(@id, 'ObjectPageLayout-headerTitle')]/div[1]/div[2]/div[2]/span[1]"}
RESULT: {"using":"xpath","value":"//header[contains(@id, 'ObjectPageLayout-headerTitle')]/div[1]/div[2]/div[2]/span[1]"}
COMMAND: POST /session/86ebb79c72de266112eececc171e51a0/execute/sync - {"script":"<script> [56 bytes]","args":[{"element-6066-11e4-a52e-4f735466cecf":"f.A17C675D496C198C40B93A37572AC0F9.d.30AF80429DC824687F788C192C1140BC.e.1786","ELEMENT":"f.A17C675D496C198C40B93A37572AC0F9.d.30AF80429DC824687F788C192C1140BC.e.1786"}]}
RESULT: {"script":"<script> [56 bytes]","args":[{"element-6066-11e4-a52e-4f735466cecf":"f.A17C675D496C198C40B93A37572AC0F9.d.30AF80429DC824687F788C192C1140BC.e.1786","ELEMENT":"f.A17C675D496C198C40B93A37572AC0F9.d.30AF80429DC824687F788C192C1140BC.e.1786"}]}
COMMAND: POST /session/86ebb79c72de266112eececc171e51a0/element - {"using":"css selector","value":"#shell-header-logo"}
COMMAND: GET /session/86ebb79c72de266112eececc171e51a0/screenshot - {}
RESULT: {"using":"css selector","value":"#shell-header-logo"}
COMMAND: POST /session/86ebb79c72de266112eececc171e51a0/element/f.A17C675D496C198C40B93A37572AC0F9.d.30AF80429DC824687F788C192C1140BC.e.1014/click - {}
RESULT: {}
RESULT: {}
COMMAND: GET /session/86ebb79c72de266112eececc171e51a0/screenshot - {}
RESULT: {}
COMMAND: POST /session/86ebb79c72de266112eececc171e51a0/execute/sync - {"script":"<script> [299 bytes]","args":[["getModel","getResource"]]}
RESULT: {"script":"<script> [299 bytes]","args":[["getModel","getResource"]]}
]]></system-out>
    </testcase>
    <testcase classname="chrome.136_0_7103_93.windows.Billing_Transfer_-_Master_data_&amp;_Intercompany_US127250" name="Should create a new site" time="162.868">
      <system-out><![CDATA[
COMMAND: POST /session/86ebb79c72de266112eececc171e51a0/execute/async - {"script":"<script> [1562 bytes]","args":[{"selector":{"controlType":"sap.m.GenericTile","properties":{"header":"Manage Sites"}},"wdio_ui5_key":"sapm.GenericTile{\"header\":\"Manage Sites\"}"}]}
COMMAND: GET /session/86ebb79c72de266112eececc171e51a0/screenshot - {}
RESULT: {"script":"<script> [1562 bytes]","args":[{"selector":{"controlType":"sap.m.GenericTile","properties":{"header":"Manage Sites"}},"wdio_ui5_key":"sapm.GenericTile{\"header\":\"Manage Sites\"}"}]}
RESULT: undefined
COMMAND: POST /session/86ebb79c72de266112eececc171e51a0/element - {"using":"xpath","value":"//*[@id=\"__tile40\"]"}
RESULT: {}
RESULT: {"using":"xpath","value":"//*[@id=\"__tile40\"]"}
COMMAND: POST /session/86ebb79c72de266112eececc171e51a0/element/f.A17C675D496C198C40B93A37572AC0F9.d.30AF80429DC824687F788C192C1140BC.e.154/click - {}
RESULT: {}
COMMAND: GET /session/86ebb79c72de266112eececc171e51a0/screenshot - {}
RESULT: {}
COMMAND: POST /session/86ebb79c72de266112eececc171e51a0/elements - {"using":"xpath","value":"//span[text()='Error']"}
RESULT: {"using":"xpath","value":"//span[text()='Error']"}
COMMAND: POST /session/86ebb79c72de266112eececc171e51a0/element - {"using":"xpath","value":"//button[@data-kt=\"addOverflowToolbarButton\"]"}
RESULT: {"using":"xpath","value":"//button[@data-kt=\"addOverflowToolbarButton\"]"}
COMMAND: POST /session/86ebb79c72de266112eececc171e51a0/elements - {"using":"xpath","value":"//button[@data-kt=\"addOverflowToolbarButton\"]"}
RESULT: {"using":"xpath","value":"//button[@data-kt=\"addOverflowToolbarButton\"]"}
COMMAND: POST /session/86ebb79c72de266112eececc171e51a0/execute/sync - {"script":"<script> [8489 bytes]","args":[{"element-6066-11e4-a52e-4f735466cecf":"f.A17C675D496C198C40B93A37572AC0F9.d.30AF80429DC824687F788C192C1140BC.e.1834","ELEMENT":"f.A17C675D496C198C40B93A37572AC0F9.d.30AF80429DC824687F788C192C1140BC.e.1834"}]}
RESULT: {"script":"<script> [8489 bytes]","args":[{"element-6066-11e4-a52e-4f735466cecf":"f.A17C675D496C198C40B93A37572AC0F9.d.30AF80429DC824687F788C192C1140BC.e.1834","ELEMENT":"f.A17C675D496C198C40B93A37572AC0F9.d.30AF80429DC824687F788C192C1140BC.e.1834"}]}
COMMAND: GET /session/86ebb79c72de266112eececc171e51a0/element/f.A17C675D496C198C40B93A37572AC0F9.d.30AF80429DC824687F788C192C1140BC.e.1834/enabled - {}
COMMAND: GET /session/86ebb79c72de266112eececc171e51a0/screenshot - {}
RESULT: {}
COMMAND: POST /session/86ebb79c72de266112eececc171e51a0/execute/sync - {"script":"<script> [8489 bytes]","args":[{"element-6066-11e4-a52e-4f735466cecf":"f.A17C675D496C198C40B93A37572AC0F9.d.30AF80429DC824687F788C192C1140BC.e.1834","ELEMENT":"f.A17C675D496C198C40B93A37572AC0F9.d.30AF80429DC824687F788C192C1140BC.e.1834"}]}
COMMAND: GET /session/86ebb79c72de266112eececc171e51a0/screenshot - {}
RESULT: {}
RESULT: {"script":"<script> [8489 bytes]","args":[{"element-6066-11e4-a52e-4f735466cecf":"f.A17C675D496C198C40B93A37572AC0F9.d.30AF80429DC824687F788C192C1140BC.e.1834","ELEMENT":"f.A17C675D496C198C40B93A37572AC0F9.d.30AF80429DC824687F788C192C1140BC.e.1834"}]}
COMMAND: POST /session/86ebb79c72de266112eececc171e51a0/execute/sync - {"script":"<script> [5351 bytes]","args":[{"element-6066-11e4-a52e-4f735466cecf":"f.A17C675D496C198C40B93A37572AC0F9.d.30AF80429DC824687F788C192C1140BC.e.1834","ELEMENT":"f.A17C675D496C198C40B93A37572AC0F9.d.30AF80429DC824687F788C192C1140BC.e.1834"}]}
COMMAND: GET /session/86ebb79c72de266112eececc171e51a0/screenshot - {}
RESULT: {}
RESULT: {"script":"<script> [5351 bytes]","args":[{"element-6066-11e4-a52e-4f735466cecf":"f.A17C675D496C198C40B93A37572AC0F9.d.30AF80429DC824687F788C192C1140BC.e.1834","ELEMENT":"f.A17C675D496C198C40B93A37572AC0F9.d.30AF80429DC824687F788C192C1140BC.e.1834"}]}
COMMAND: POST /session/86ebb79c72de266112eececc171e51a0/element/f.A17C675D496C198C40B93A37572AC0F9.d.30AF80429DC824687F788C192C1140BC.e.1834/click - {}
COMMAND: GET /session/86ebb79c72de266112eececc171e51a0/screenshot - {}
RESULT: {}
RESULT: {}
COMMAND: GET /session/86ebb79c72de266112eececc171e51a0/screenshot - {}
COMMAND: POST /session/86ebb79c72de266112eececc171e51a0/element - {"using":"xpath","value":"//input[@id=\"application-managesites-display-component---NewSite--siteId-inner\"]"}
RESULT: {}
RESULT: {}
RESULT: {"using":"xpath","value":"//input[@id=\"application-managesites-display-component---NewSite--siteId-inner\"]"}
COMMAND: POST /session/86ebb79c72de266112eececc171e51a0/element - {"using":"xpath","value":"//input[@id=\"application-managesites-display-component---NewSite--siteId-inner\"]"}
RESULT: {"using":"xpath","value":"//input[@id=\"application-managesites-display-component---NewSite--siteId-inner\"]"}
COMMAND: POST /session/86ebb79c72de266112eececc171e51a0/execute/async - {"script":"<script> [1562 bytes]","args":[{"selector":{"id":"application-managesites-display-component---NewSite--addressDetailDetailsName1","interaction":{"idSuffix":"inner"}},"wdio_ui5_key":"applicationmanagesites-display-component---NewSite--addressDetailDetailsName1"}]}
RESULT: {"script":"<script> [1562 bytes]","args":[{"selector":{"id":"application-managesites-display-component---NewSite--addressDetailDetailsName1","interaction":{"idSuffix":"inner"}},"wdio_ui5_key":"applicationmanagesites-display-component---NewSite--addressDetailDetailsName1"}]}
RESULT: undefined
COMMAND: POST /session/86ebb79c72de266112eececc171e51a0/execute/async - {"script":"<script> [776 bytes]","args":[{"enterText":"Intercompany Site wdIO","selector":{"id":"application-managesites-display-component---NewSite--addressDetailDetailsName1","interaction":{"idSuffix":"inner"}},"clearTextFirst":true,"interactionType":"ENTER_TEXT"}]}
RESULT: {"script":"<script> [776 bytes]","args":[{"enterText":"Intercompany Site wdIO","selector":{"id":"application-managesites-display-component---NewSite--addressDetailDetailsName1","interaction":{"idSuffix":"inner"}},"clearTextFirst":true,"interactionType":"ENTER_TEXT"}]}
COMMAND: POST /session/86ebb79c72de266112eececc171e51a0/execute/async - {"script":"<script> [1562 bytes]","args":[{"selector":{"id":"application-managesites-display-component---NewSite--addressDetailDetailsLanguage-arrow"},"wdio_ui5_key":"applicationmanagesites-display-component---NewSite--addressDetailDetailsLanguage-arrow"}]}
RESULT: {"script":"<script> [1562 bytes]","args":[{"selector":{"id":"application-managesites-display-component---NewSite--addressDetailDetailsLanguage-arrow"},"wdio_ui5_key":"applicationmanagesites-display-component---NewSite--addressDetailDetailsLanguage-arrow"}]}
RESULT: undefined
COMMAND: POST /session/86ebb79c72de266112eececc171e51a0/element - {"using":"xpath","value":"//*[@id=\"application-managesites-display-component---NewSite--addressDetailDetailsLanguage-arrow\"]"}
RESULT: {"using":"xpath","value":"//*[@id=\"application-managesites-display-component---NewSite--addressDetailDetailsLanguage-arrow\"]"}
COMMAND: POST /session/86ebb79c72de266112eececc171e51a0/element/f.A17C675D496C198C40B93A37572AC0F9.d.30AF80429DC824687F788C192C1140BC.e.2233/click - {}
RESULT: {}
COMMAND: POST /session/86ebb79c72de266112eececc171e51a0/element - {"using":"xpath","value":"//span[contains(text(), \"English\")]"}
COMMAND: GET /session/86ebb79c72de266112eececc171e51a0/screenshot - {}
RESULT: {"using":"xpath","value":"//span[contains(text(), \"English\")]"}
COMMAND: POST /session/86ebb79c72de266112eececc171e51a0/element/f.A17C675D496C198C40B93A37572AC0F9.d.30AF80429DC824687F788C192C1140BC.e.2234/click - {}
RESULT: {}
RESULT: {}
COMMAND: POST /session/86ebb79c72de266112eececc171e51a0/execute/async - {"script":"<script> [1562 bytes]","args":[{"selector":{"id":"application-managesites-display-component---NewSite--addressDetailDetailsCity1","interaction":{"idSuffix":"inner"}},"wdio_ui5_key":"applicationmanagesites-display-component---NewSite--addressDetailDetailsCity1"}]}
COMMAND: GET /session/86ebb79c72de266112eececc171e51a0/screenshot - {}
RESULT: {"script":"<script> [1562 bytes]","args":[{"selector":{"id":"application-managesites-display-component---NewSite--addressDetailDetailsCity1","interaction":{"idSuffix":"inner"}},"wdio_ui5_key":"applicationmanagesites-display-component---NewSite--addressDetailDetailsCity1"}]}
RESULT: undefined
COMMAND: POST /session/86ebb79c72de266112eececc171e51a0/execute/async - {"script":"<script> [776 bytes]","args":[{"enterText":"Rosario","selector":{"id":"application-managesites-display-component---NewSite--addressDetailDetailsCity1","interaction":{"idSuffix":"inner"}},"clearTextFirst":true,"interactionType":"ENTER_TEXT"}]}
RESULT: {}
RESULT: {"script":"<script> [776 bytes]","args":[{"enterText":"Rosario","selector":{"id":"application-managesites-display-component---NewSite--addressDetailDetailsCity1","interaction":{"idSuffix":"inner"}},"clearTextFirst":true,"interactionType":"ENTER_TEXT"}]}
COMMAND: POST /session/86ebb79c72de266112eececc171e51a0/execute/async - {"script":"<script> [1562 bytes]","args":[{"selector":{"id":"application-managesites-display-component---NewSite--addressDetailDetailsCountry-arrow"},"wdio_ui5_key":"applicationmanagesites-display-component---NewSite--addressDetailDetailsCountry-arrow"}]}
RESULT: {"script":"<script> [1562 bytes]","args":[{"selector":{"id":"application-managesites-display-component---NewSite--addressDetailDetailsCountry-arrow"},"wdio_ui5_key":"applicationmanagesites-display-component---NewSite--addressDetailDetailsCountry-arrow"}]}
RESULT: undefined
COMMAND: POST /session/86ebb79c72de266112eececc171e51a0/element - {"using":"xpath","value":"//*[@id=\"application-managesites-display-component---NewSite--addressDetailDetailsCountry-arrow\"]"}
RESULT: {"using":"xpath","value":"//*[@id=\"application-managesites-display-component---NewSite--addressDetailDetailsCountry-arrow\"]"}
COMMAND: POST /session/86ebb79c72de266112eececc171e51a0/element/f.A17C675D496C198C40B93A37572AC0F9.d.30AF80429DC824687F788C192C1140BC.e.2236/click - {}
RESULT: {}
COMMAND: POST /session/86ebb79c72de266112eececc171e51a0/element - {"using":"xpath","value":"//span[contains(text(), \"Argentina\")]"}
COMMAND: GET /session/86ebb79c72de266112eececc171e51a0/screenshot - {}
RESULT: {"using":"xpath","value":"//span[contains(text(), \"Argentina\")]"}
COMMAND: POST /session/86ebb79c72de266112eececc171e51a0/element/f.A17C675D496C198C40B93A37572AC0F9.d.30AF80429DC824687F788C192C1140BC.e.2238/click - {}
RESULT: {}
RESULT: {}
COMMAND: GET /session/86ebb79c72de266112eececc171e51a0/screenshot - {}
RESULT: {}
COMMAND: POST /session/86ebb79c72de266112eececc171e51a0/execute/async - {"script":"<script> [1562 bytes]","args":[{"selector":{"id":"application-managesites-display-component---NewSite--addressEditDetailsCostObjectCstType-arrow"},"wdio_ui5_key":"applicationmanagesites-display-component---NewSite--addressEditDetailsCostObjectCstType-arrow"}]}
RESULT: {"script":"<script> [1562 bytes]","args":[{"selector":{"id":"application-managesites-display-component---NewSite--addressEditDetailsCostObjectCstType-arrow"},"wdio_ui5_key":"applicationmanagesites-display-component---NewSite--addressEditDetailsCostObjectCstType-arrow"}]}
RESULT: undefined
COMMAND: POST /session/86ebb79c72de266112eececc171e51a0/element - {"using":"xpath","value":"//*[@id=\"application-managesites-display-component---NewSite--addressEditDetailsCostObjectCstType-arrow\"]"}
RESULT: {"using":"xpath","value":"//*[@id=\"application-managesites-display-component---NewSite--addressEditDetailsCostObjectCstType-arrow\"]"}
COMMAND: POST /session/86ebb79c72de266112eececc171e51a0/element/f.A17C675D496C198C40B93A37572AC0F9.d.30AF80429DC824687F788C192C1140BC.e.2239/click - {}
RESULT: {}
COMMAND: POST /session/86ebb79c72de266112eececc171e51a0/element - {"using":"xpath","value":"//span[contains(text(), \"Cost Center\")]"}
COMMAND: GET /session/86ebb79c72de266112eececc171e51a0/screenshot - {}
RESULT: {"using":"xpath","value":"//span[contains(text(), \"Cost Center\")]"}
COMMAND: POST /session/86ebb79c72de266112eececc171e51a0/element/f.A17C675D496C198C40B93A37572AC0F9.d.30AF80429DC824687F788C192C1140BC.e.2241/click - {}
RESULT: {}
RESULT: {}
COMMAND: GET /session/86ebb79c72de266112eececc171e51a0/screenshot - {}
RESULT: {}
COMMAND: POST /session/86ebb79c72de266112eececc171e51a0/element - {"using":"xpath","value":"//span[@id=\"application-managesites-display-component---NewSite--addressNewCostObjectCstID-vhi\"]"}
RESULT: {"using":"xpath","value":"//span[@id=\"application-managesites-display-component---NewSite--addressNewCostObjectCstID-vhi\"]"}
COMMAND: POST /session/86ebb79c72de266112eececc171e51a0/execute/sync - {"script":"<script> [8489 bytes]","args":[{"element-6066-11e4-a52e-4f735466cecf":"f.A17C675D496C198C40B93A37572AC0F9.d.30AF80429DC824687F788C192C1140BC.e.2245","ELEMENT":"f.A17C675D496C198C40B93A37572AC0F9.d.30AF80429DC824687F788C192C1140BC.e.2245"}]}
RESULT: {"script":"<script> [8489 bytes]","args":[{"element-6066-11e4-a52e-4f735466cecf":"f.A17C675D496C198C40B93A37572AC0F9.d.30AF80429DC824687F788C192C1140BC.e.2245","ELEMENT":"f.A17C675D496C198C40B93A37572AC0F9.d.30AF80429DC824687F788C192C1140BC.e.2245"}]}
COMMAND: POST /session/86ebb79c72de266112eececc171e51a0/execute/async - {"script":"<script> [1562 bytes]","args":[{"selector":{"id":"application-managesites-display-component---NewSite--addressNewCostObjectCstID-vhi"},"wdio_ui5_key":"applicationmanagesites-display-component---NewSite--addressNewCostObjectCstID-vhi"}]}
COMMAND: GET /session/86ebb79c72de266112eececc171e51a0/screenshot - {}
RESULT: {"script":"<script> [1562 bytes]","args":[{"selector":{"id":"application-managesites-display-component---NewSite--addressNewCostObjectCstID-vhi"},"wdio_ui5_key":"applicationmanagesites-display-component---NewSite--addressNewCostObjectCstID-vhi"}]}
RESULT: undefined
COMMAND: POST /session/86ebb79c72de266112eececc171e51a0/element - {"using":"xpath","value":"//*[@id=\"application-managesites-display-component---NewSite--addressNewCostObjectCstID-vhi\"]"}
RESULT: {}
RESULT: {"using":"xpath","value":"//*[@id=\"application-managesites-display-component---NewSite--addressNewCostObjectCstID-vhi\"]"}
COMMAND: POST /session/86ebb79c72de266112eececc171e51a0/element/f.A17C675D496C198C40B93A37572AC0F9.d.30AF80429DC824687F788C192C1140BC.e.2245/click - {}
RESULT: {}
COMMAND: GET /session/86ebb79c72de266112eececc171e51a0/screenshot - {}
RESULT: {}
RESULT: undefined
COMMAND: POST /session/86ebb79c72de266112eececc171e51a0/execute/async - {"script":"<script> [776 bytes]","args":[{"enterText":"10001013","selector":{"controlType":"sap.m.SearchField","properties":{"placeholder":"Search"},"searchOpenDialogs":true,"interaction":{"idSuffix":"I"}},"clearTextFirst":true,"interactionType":"ENTER_TEXT"}]}
RESULT: {"script":"<script> [776 bytes]","args":[{"enterText":"10001013","selector":{"controlType":"sap.m.SearchField","properties":{"placeholder":"Search"},"searchOpenDialogs":true,"interaction":{"idSuffix":"I"}},"clearTextFirst":true,"interactionType":"ENTER_TEXT"}]}
COMMAND: POST /session/86ebb79c72de266112eececc171e51a0/actions - {"actions":[{"id":"action6","type":"key","parameters":{},"actions":[{"type":"keyDown","value":""},{"type":"pause","duration":10},{"type":"keyUp","value":""}]}]}
RESULT: {"actions":[{"id":"action6","type":"key","parameters":{},"actions":[{"type":"keyDown","value":""},{"type":"pause","duration":10},{"type":"keyUp","value":""}]}]}
COMMAND: GET /session/86ebb79c72de266112eececc171e51a0/screenshot - {}
RESULT: {}
COMMAND: POST /session/86ebb79c72de266112eececc171e51a0/element - {"using":"xpath","value":"//span[contains(text(), \"General Management\")]"}
RESULT: {"using":"xpath","value":"//span[contains(text(), \"General Management\")]"}
COMMAND: POST /session/86ebb79c72de266112eececc171e51a0/element/f.A17C675D496C198C40B93A37572AC0F9.d.30AF80429DC824687F788C192C1140BC.e.2285/click - {}
RESULT: {}
COMMAND: GET /session/86ebb79c72de266112eececc171e51a0/screenshot - {}
RESULT: {}
COMMAND: POST /session/86ebb79c72de266112eececc171e51a0/element - {"using":"xpath","value":"//bdi[contains(text(), \"OK\")]"}
RESULT: {"using":"xpath","value":"//bdi[contains(text(), \"OK\")]"}
COMMAND: POST /session/86ebb79c72de266112eececc171e51a0/element/f.A17C675D496C198C40B93A37572AC0F9.d.30AF80429DC824687F788C192C1140BC.e.2286/click - {}
RESULT: {}
COMMAND: GET /session/86ebb79c72de266112eececc171e51a0/screenshot - {}
RESULT: {}
COMMAND: POST /session/86ebb79c72de266112eececc171e51a0/element - {"using":"xpath","value":"//input[@id=\"application-managesites-display-component---NewSite--addressDetailDetailsCalendar-inner\"]"}
RESULT: {"using":"xpath","value":"//input[@id=\"application-managesites-display-component---NewSite--addressDetailDetailsCalendar-inner\"]"}
COMMAND: POST /session/86ebb79c72de266112eececc171e51a0/element/f.A17C675D496C198C40B93A37572AC0F9.d.30AF80429DC824687F788C192C1140BC.e.2038/clear - {}
RESULT: {}
COMMAND: POST /session/86ebb79c72de266112eececc171e51a0/element/f.A17C675D496C198C40B93A37572AC0F9.d.30AF80429DC824687F788C192C1140BC.e.2038/value - {"text":"Unit"}
COMMAND: GET /session/86ebb79c72de266112eececc171e51a0/screenshot - {}
RESULT: {"text":"Unit"}
COMMAND: GET /session/86ebb79c72de266112eececc171e51a0/screenshot - {}
RESULT: {}
RESULT: {}
COMMAND: POST /session/86ebb79c72de266112eececc171e51a0/actions - {"actions":[{"id":"action7","type":"key","parameters":{},"actions":[{"type":"keyDown","value":""},{"type":"pause","duration":10},{"type":"keyUp","value":""}]}]}
RESULT: {"actions":[{"id":"action7","type":"key","parameters":{},"actions":[{"type":"keyDown","value":""},{"type":"pause","duration":10},{"type":"keyUp","value":""}]}]}
COMMAND: POST /session/86ebb79c72de266112eececc171e51a0/element - {"using":"xpath","value":"//input[@id=\"application-managesites-display-component---NewSite--addressDetailDetailsYard-inner\"]"}
COMMAND: GET /session/86ebb79c72de266112eececc171e51a0/screenshot - {}
RESULT: {"using":"xpath","value":"//input[@id=\"application-managesites-display-component---NewSite--addressDetailDetailsYard-inner\"]"}
COMMAND: POST /session/86ebb79c72de266112eececc171e51a0/element/f.A17C675D496C198C40B93A37572AC0F9.d.30AF80429DC824687F788C192C1140BC.e.2039/clear - {}
RESULT: {}
RESULT: {}
COMMAND: POST /session/86ebb79c72de266112eececc171e51a0/element/f.A17C675D496C198C40B93A37572AC0F9.d.30AF80429DC824687F788C192C1140BC.e.2039/value - {"text":"640"}
COMMAND: GET /session/86ebb79c72de266112eececc171e51a0/screenshot - {}
RESULT: {"text":"640"}
COMMAND: GET /session/86ebb79c72de266112eececc171e51a0/screenshot - {}
RESULT: {}
RESULT: {}
COMMAND: POST /session/86ebb79c72de266112eececc171e51a0/element - {"using":"xpath","value":"//li[.//span[text()='640']]"}
RESULT: {"using":"xpath","value":"//li[.//span[text()='640']]"}
COMMAND: POST /session/86ebb79c72de266112eececc171e51a0/element/f.A17C675D496C198C40B93A37572AC0F9.d.30AF80429DC824687F788C192C1140BC.e.2294/click - {}
RESULT: {}
COMMAND: GET /session/86ebb79c72de266112eececc171e51a0/screenshot - {}
RESULT: {}
COMMAND: POST /session/86ebb79c72de266112eececc171e51a0/element - {"using":"xpath","value":"//input[@id=\"application-managesites-display-component---NewSite--addressDetailDetailsPartner-inner\"]"}
RESULT: {"using":"xpath","value":"//input[@id=\"application-managesites-display-component---NewSite--addressDetailDetailsPartner-inner\"]"}
COMMAND: POST /session/86ebb79c72de266112eececc171e51a0/element - {"using":"xpath","value":"//input[@id=\"application-managesites-display-component---NewSite--addressDetailDetailsPartner-inner\"]"}
RESULT: {"using":"xpath","value":"//input[@id=\"application-managesites-display-component---NewSite--addressDetailDetailsPartner-inner\"]"}
COMMAND: POST /session/86ebb79c72de266112eececc171e51a0/element - {"using":"xpath","value":"//button[@data-kt=\"saveButton\"]"}
RESULT: {"using":"xpath","value":"//button[@data-kt=\"saveButton\"]"}
COMMAND: POST /session/86ebb79c72de266112eececc171e51a0/element/f.A17C675D496C198C40B93A37572AC0F9.d.30AF80429DC824687F788C192C1140BC.e.2172/click - {}
RESULT: {}
COMMAND: GET /session/86ebb79c72de266112eececc171e51a0/screenshot - {}
RESULT: {}
COMMAND: POST /session/86ebb79c72de266112eececc171e51a0/element - {"using":"xpath","value":"//header[contains(@id, 'ObjectPageLayout-headerTitle')]/div[1]/div[2]/div[2]/span[1]"}
RESULT: {"using":"xpath","value":"//header[contains(@id, 'ObjectPageLayout-headerTitle')]/div[1]/div[2]/div[2]/span[1]"}
COMMAND: POST /session/86ebb79c72de266112eececc171e51a0/elements - {"using":"xpath","value":"//header[contains(@id, 'ObjectPageLayout-headerTitle')]/div[1]/div[2]/div[2]/span[1]"}
RESULT: {"using":"xpath","value":"//header[contains(@id, 'ObjectPageLayout-headerTitle')]/div[1]/div[2]/div[2]/span[1]"}
COMMAND: POST /session/86ebb79c72de266112eececc171e51a0/execute/sync - {"script":"<script> [56 bytes]","args":[{"element-6066-11e4-a52e-4f735466cecf":"f.A17C675D496C198C40B93A37572AC0F9.d.30AF80429DC824687F788C192C1140BC.e.2497","ELEMENT":"f.A17C675D496C198C40B93A37572AC0F9.d.30AF80429DC824687F788C192C1140BC.e.2497"}]}
RESULT: {"script":"<script> [56 bytes]","args":[{"element-6066-11e4-a52e-4f735466cecf":"f.A17C675D496C198C40B93A37572AC0F9.d.30AF80429DC824687F788C192C1140BC.e.2497","ELEMENT":"f.A17C675D496C198C40B93A37572AC0F9.d.30AF80429DC824687F788C192C1140BC.e.2497"}]}
COMMAND: POST /session/86ebb79c72de266112eececc171e51a0/element - {"using":"css selector","value":"#shell-header-logo"}
COMMAND: GET /session/86ebb79c72de266112eececc171e51a0/screenshot - {}
RESULT: {"using":"css selector","value":"#shell-header-logo"}
COMMAND: POST /session/86ebb79c72de266112eececc171e51a0/element/f.A17C675D496C198C40B93A37572AC0F9.d.30AF80429DC824687F788C192C1140BC.e.1791/click - {}
RESULT: {}
RESULT: {}
COMMAND: GET /session/86ebb79c72de266112eececc171e51a0/screenshot - {}
RESULT: {}
COMMAND: POST /session/86ebb79c72de266112eececc171e51a0/execute/sync - {"script":"<script> [299 bytes]","args":[["getModel","getResource"]]}
RESULT: {"script":"<script> [299 bytes]","args":[["getModel","getResource"]]}
COMMAND: POST /session/86ebb79c72de266112eececc171e51a0/actions - {"actions":[{"id":"action8","type":"key","parameters":{},"actions":[{"type":"keyDown","value":""},{"type":"pause","duration":10},{"type":"keyUp","value":""}]}]}
COMMAND: GET /session/86ebb79c72de266112eececc171e51a0/screenshot - {}
RESULT: {"actions":[{"id":"action8","type":"key","parameters":{},"actions":[{"type":"keyDown","value":""},{"type":"pause","duration":10},{"type":"keyUp","value":""}]}]}
COMMAND: GET /session/86ebb79c72de266112eececc171e51a0/screenshot - {}
RESULT: {}
RESULT: {}
COMMAND: POST /session/86ebb79c72de266112eececc171e51a0/refresh - {}
RESULT: {}
COMMAND: GET /session/86ebb79c72de266112eececc171e51a0/screenshot - {}
RESULT: {}
COMMAND: POST /session/86ebb79c72de266112eececc171e51a0/refresh - {}
RESULT: {}
COMMAND: GET /session/86ebb79c72de266112eececc171e51a0/screenshot - {}
RESULT: {}
COMMAND: POST /session/86ebb79c72de266112eececc171e51a0/window/fullscreen - {}
RESULT: {}
COMMAND: POST /session/86ebb79c72de266112eececc171e51a0/execute/async - {"script":"<script> [189 bytes]","args":[]}
RESULT: {"script":"<script> [189 bytes]","args":[]}
COMMAND: POST /session/86ebb79c72de266112eececc171e51a0/execute/async - {"script":"<script> [123 bytes]","args":[]}
RESULT: {"script":"<script> [123 bytes]","args":[]}
COMMAND: POST /session/86ebb79c72de266112eececc171e51a0/timeouts - {"script":"<number>"}
RESULT: {"script":"<number>"}
COMMAND: GET /session/86ebb79c72de266112eececc171e51a0/timeouts - {}
RESULT: {}
RESULT: undefined
COMMAND: POST /session/86ebb79c72de266112eececc171e51a0/execute/async - {"script":"<script> [2676 bytes]","args":[]}
RESULT: {"script":"<script> [2676 bytes]","args":[]}
COMMAND: POST /session/86ebb79c72de266112eececc171e51a0/execute/async - {"script":"<script> [2342 bytes]","args":[{"protocol":"http","hostname":"0.0.0.0","path":"/","capabilities":{"browserName":"chrome","goog:chromeOptions":{"binary":"C:\\Program Files\\Google\\Chrome\\Application\\chrome.exe","args":["--start-maximized"]}},"logLevel":"warn","connectionRetryTimeout":120000,"connectionRetryCount":3,"logLevels":{},"enableDirectConnect":true,"strictSSL":true,"_":"65 more keys: [\"cacheDir\",\"port\",\"requestedCapabilities\",\"automationProtocol\",\"baseUrl\",\"waitforInterval\",\"waitforTimeout\",\"onReload\",\"beforeCommand\",\"afterCommand\",\"rootDir\",\"specs\",\"suites\",\"exclude\",\"groupLogsByTestSpec\",\"excludeDriverLogs\",\"bail\",\"framework\",\"reporters\",\"services\",\"maxInstances\",\"maxInstancesPerCapability\",\"injectGlobals\",\"filesToWatch\",\"execArgv\",\"runnerEnv\",\"runner\",\"shard\",\"specFileRetries\",\"specFileRetriesDelay\",\"specFileRetriesDeferred\",\"reporterSyncInterval\",\"reporterSyncTimeout\",\"cucumberFeaturesWithLineNumbers\",\"autoCompileOpts\",\"mochaOpts\",\"jasmineOpts\",\"cucumberOpts\",\"onPrepare\",\"onWorkerStart\",\"onWorkerEnd\",\"before\",\"beforeSession\",\"beforeSuite\",\"beforeHook\",\"beforeTest\",\"afterTest\",\"afterHook\",\"afterSuite\",\"afterSession\",\"after\",\"onComplete\",\"beforeAssertion\",\"afterAssertion\",\"beforeFeature\",\"beforeScenario\",\"beforeStep\",\"afterStep\",\"afterScenario\",\"afterFeature\",\"_\",\"suite\",\"$0\",\"ignoredWorkerServices\",\"wdi5\"]"}]}
RESULT: {"script":"<script> [2342 bytes]","args":[{"protocol":"http","hostname":"0.0.0.0","path":"/","capabilities":{"browserName":"chrome","goog:chromeOptions":{"binary":"C:\\Program Files\\Google\\Chrome\\Application\\chrome.exe","args":["--start-maximized"]}},"logLevel":"warn","connectionRetryTimeout":120000,"connectionRetryCount":3,"logLevels":{},"enableDirectConnect":true,"strictSSL":true,"_":"65 more keys: [\"cacheDir\",\"port\",\"requestedCapabilities\",\"automationProtocol\",\"baseUrl\",\"waitforInterval\",\"waitforTimeout\",\"onReload\",\"beforeCommand\",\"afterCommand\",\"rootDir\",\"specs\",\"suites\",\"exclude\",\"groupLogsByTestSpec\",\"excludeDriverLogs\",\"bail\",\"framework\",\"reporters\",\"services\",\"maxInstances\",\"maxInstancesPerCapability\",\"injectGlobals\",\"filesToWatch\",\"execArgv\",\"runnerEnv\",\"runner\",\"shard\",\"specFileRetries\",\"specFileRetriesDelay\",\"specFileRetriesDeferred\",\"reporterSyncInterval\",\"reporterSyncTimeout\",\"cucumberFeaturesWithLineNumbers\",\"autoCompileOpts\",\"mochaOpts\",\"jasmineOpts\",\"cucumberOpts\",\"onPrepare\",\"onWorkerStart\",\"onWorkerEnd\",\"before\",\"beforeSession\",\"beforeSuite\",\"beforeHook\",\"beforeTest\",\"afterTest\",\"afterHook\",\"afterSuite\",\"afterSession\",\"after\",\"onComplete\",\"beforeAssertion\",\"afterAssertion\",\"beforeFeature\",\"beforeScenario\",\"beforeStep\",\"afterStep\",\"afterScenario\",\"afterFeature\",\"_\",\"suite\",\"$0\",\"ignoredWorkerServices\",\"wdi5\"]"}]}
COMMAND: POST /session/86ebb79c72de266112eececc171e51a0/execute/async - {"script":"<script> [21126 bytes]","args":[35000]}
RESULT: {"script":"<script> [21126 bytes]","args":[35000]}
COMMAND: POST /session/86ebb79c72de266112eececc171e51a0/window/fullscreen - {}
RESULT: {}
]]></system-out>
    </testcase>
    <testcase classname="chrome.136_0_7103_93.windows.Billing_Transfer_-_Master_data_&amp;_Intercompany_US127250" name="Should create a new equipment" time="145.606">
      <system-out><![CDATA[
COMMAND: POST /session/86ebb79c72de266112eececc171e51a0/execute/async - {"script":"<script> [1562 bytes]","args":[{"selector":{"controlType":"sap.m.GenericTile","properties":{"header":"Manage Resources"}},"wdio_ui5_key":"sapm.GenericTile{\"header\":\"Manage Resources\"}"}]}
RESULT: {"script":"<script> [1562 bytes]","args":[{"selector":{"controlType":"sap.m.GenericTile","properties":{"header":"Manage Resources"}},"wdio_ui5_key":"sapm.GenericTile{\"header\":\"Manage Resources\"}"}]}
RESULT: undefined
COMMAND: POST /session/86ebb79c72de266112eececc171e51a0/element - {"using":"xpath","value":"//*[@id=\"__tile31\"]"}
RESULT: {"using":"xpath","value":"//*[@id=\"__tile31\"]"}
COMMAND: POST /session/86ebb79c72de266112eececc171e51a0/element/f.A17C675D496C198C40B93A37572AC0F9.d.6D92F9E20165FA4C991D5774CF645661.e.2568/click - {}
RESULT: {}
COMMAND: GET /session/86ebb79c72de266112eececc171e51a0/screenshot - {}
RESULT: {}
COMMAND: POST /session/86ebb79c72de266112eececc171e51a0/elements - {"using":"xpath","value":"//span[text()='Error']"}
RESULT: {"using":"xpath","value":"//span[text()='Error']"}
COMMAND: POST /session/86ebb79c72de266112eececc171e51a0/element - {"using":"xpath","value":"//button[@data-kt=\"addNewRUOverflowToolbarButton\"]"}
RESULT: {"using":"xpath","value":"//button[@data-kt=\"addNewRUOverflowToolbarButton\"]"}
COMMAND: POST /session/86ebb79c72de266112eececc171e51a0/elements - {"using":"xpath","value":"//button[@data-kt=\"addNewRUOverflowToolbarButton\"]"}
RESULT: {"using":"xpath","value":"//button[@data-kt=\"addNewRUOverflowToolbarButton\"]"}
COMMAND: POST /session/86ebb79c72de266112eececc171e51a0/elements - {"using":"xpath","value":"//button[@data-kt=\"addNewRUOverflowToolbarButton\"]"}
RESULT: {"using":"xpath","value":"//button[@data-kt=\"addNewRUOverflowToolbarButton\"]"}
COMMAND: POST /session/86ebb79c72de266112eececc171e51a0/elements - {"using":"xpath","value":"//button[@data-kt=\"addNewRUOverflowToolbarButton\"]"}
RESULT: {"using":"xpath","value":"//button[@data-kt=\"addNewRUOverflowToolbarButton\"]"}
COMMAND: POST /session/86ebb79c72de266112eececc171e51a0/elements - {"using":"xpath","value":"//button[@data-kt=\"addNewRUOverflowToolbarButton\"]"}
RESULT: {"using":"xpath","value":"//button[@data-kt=\"addNewRUOverflowToolbarButton\"]"}
COMMAND: POST /session/86ebb79c72de266112eececc171e51a0/elements - {"using":"xpath","value":"//button[@data-kt=\"addNewRUOverflowToolbarButton\"]"}
RESULT: {"using":"xpath","value":"//button[@data-kt=\"addNewRUOverflowToolbarButton\"]"}
COMMAND: POST /session/86ebb79c72de266112eececc171e51a0/elements - {"using":"xpath","value":"//button[@data-kt=\"addNewRUOverflowToolbarButton\"]"}
RESULT: {"using":"xpath","value":"//button[@data-kt=\"addNewRUOverflowToolbarButton\"]"}
COMMAND: POST /session/86ebb79c72de266112eececc171e51a0/elements - {"using":"xpath","value":"//button[@data-kt=\"addNewRUOverflowToolbarButton\"]"}
RESULT: {"using":"xpath","value":"//button[@data-kt=\"addNewRUOverflowToolbarButton\"]"}
COMMAND: POST /session/86ebb79c72de266112eececc171e51a0/elements - {"using":"xpath","value":"//button[@data-kt=\"addNewRUOverflowToolbarButton\"]"}
RESULT: {"using":"xpath","value":"//button[@data-kt=\"addNewRUOverflowToolbarButton\"]"}
COMMAND: POST /session/86ebb79c72de266112eececc171e51a0/elements - {"using":"xpath","value":"//button[@data-kt=\"addNewRUOverflowToolbarButton\"]"}
RESULT: {"using":"xpath","value":"//button[@data-kt=\"addNewRUOverflowToolbarButton\"]"}
COMMAND: POST /session/86ebb79c72de266112eececc171e51a0/elements - {"using":"xpath","value":"//button[@data-kt=\"addNewRUOverflowToolbarButton\"]"}
RESULT: {"using":"xpath","value":"//button[@data-kt=\"addNewRUOverflowToolbarButton\"]"}
COMMAND: POST /session/86ebb79c72de266112eececc171e51a0/elements - {"using":"xpath","value":"//button[@data-kt=\"addNewRUOverflowToolbarButton\"]"}
RESULT: {"using":"xpath","value":"//button[@data-kt=\"addNewRUOverflowToolbarButton\"]"}
COMMAND: POST /session/86ebb79c72de266112eececc171e51a0/elements - {"using":"xpath","value":"//button[@data-kt=\"addNewRUOverflowToolbarButton\"]"}
RESULT: {"using":"xpath","value":"//button[@data-kt=\"addNewRUOverflowToolbarButton\"]"}
COMMAND: POST /session/86ebb79c72de266112eececc171e51a0/elements - {"using":"xpath","value":"//button[@data-kt=\"addNewRUOverflowToolbarButton\"]"}
RESULT: {"using":"xpath","value":"//button[@data-kt=\"addNewRUOverflowToolbarButton\"]"}
COMMAND: POST /session/86ebb79c72de266112eececc171e51a0/elements - {"using":"xpath","value":"//button[@data-kt=\"addNewRUOverflowToolbarButton\"]"}
RESULT: {"using":"xpath","value":"//button[@data-kt=\"addNewRUOverflowToolbarButton\"]"}
COMMAND: POST /session/86ebb79c72de266112eececc171e51a0/element - {"using":"xpath","value":"//button[@data-kt=\"addNewRUOverflowToolbarButton\"]"}
RESULT: {"using":"xpath","value":"//button[@data-kt=\"addNewRUOverflowToolbarButton\"]"}
COMMAND: POST /session/86ebb79c72de266112eececc171e51a0/execute/sync - {"script":"<script> [8489 bytes]","args":[{"element-6066-11e4-a52e-4f735466cecf":"f.A17C675D496C198C40B93A37572AC0F9.d.6D92F9E20165FA4C991D5774CF645661.e.2676","ELEMENT":"f.A17C675D496C198C40B93A37572AC0F9.d.6D92F9E20165FA4C991D5774CF645661.e.2676"}]}
RESULT: {"script":"<script> [8489 bytes]","args":[{"element-6066-11e4-a52e-4f735466cecf":"f.A17C675D496C198C40B93A37572AC0F9.d.6D92F9E20165FA4C991D5774CF645661.e.2676","ELEMENT":"f.A17C675D496C198C40B93A37572AC0F9.d.6D92F9E20165FA4C991D5774CF645661.e.2676"}]}
COMMAND: GET /session/86ebb79c72de266112eececc171e51a0/element/f.A17C675D496C198C40B93A37572AC0F9.d.6D92F9E20165FA4C991D5774CF645661.e.2676/enabled - {}
COMMAND: GET /session/86ebb79c72de266112eececc171e51a0/screenshot - {}
RESULT: {}
COMMAND: POST /session/86ebb79c72de266112eececc171e51a0/execute/sync - {"script":"<script> [8489 bytes]","args":[{"element-6066-11e4-a52e-4f735466cecf":"f.A17C675D496C198C40B93A37572AC0F9.d.6D92F9E20165FA4C991D5774CF645661.e.2676","ELEMENT":"f.A17C675D496C198C40B93A37572AC0F9.d.6D92F9E20165FA4C991D5774CF645661.e.2676"}]}
COMMAND: GET /session/86ebb79c72de266112eececc171e51a0/screenshot - {}
RESULT: {}
RESULT: {"script":"<script> [8489 bytes]","args":[{"element-6066-11e4-a52e-4f735466cecf":"f.A17C675D496C198C40B93A37572AC0F9.d.6D92F9E20165FA4C991D5774CF645661.e.2676","ELEMENT":"f.A17C675D496C198C40B93A37572AC0F9.d.6D92F9E20165FA4C991D5774CF645661.e.2676"}]}
COMMAND: POST /session/86ebb79c72de266112eececc171e51a0/execute/sync - {"script":"<script> [5351 bytes]","args":[{"element-6066-11e4-a52e-4f735466cecf":"f.A17C675D496C198C40B93A37572AC0F9.d.6D92F9E20165FA4C991D5774CF645661.e.2676","ELEMENT":"f.A17C675D496C198C40B93A37572AC0F9.d.6D92F9E20165FA4C991D5774CF645661.e.2676"}]}
COMMAND: GET /session/86ebb79c72de266112eececc171e51a0/screenshot - {}
RESULT: {}
RESULT: {"script":"<script> [5351 bytes]","args":[{"element-6066-11e4-a52e-4f735466cecf":"f.A17C675D496C198C40B93A37572AC0F9.d.6D92F9E20165FA4C991D5774CF645661.e.2676","ELEMENT":"f.A17C675D496C198C40B93A37572AC0F9.d.6D92F9E20165FA4C991D5774CF645661.e.2676"}]}
COMMAND: POST /session/86ebb79c72de266112eececc171e51a0/element/f.A17C675D496C198C40B93A37572AC0F9.d.6D92F9E20165FA4C991D5774CF645661.e.2676/click - {}
COMMAND: GET /session/86ebb79c72de266112eececc171e51a0/screenshot - {}
RESULT: {}
RESULT: {}
COMMAND: GET /session/86ebb79c72de266112eececc171e51a0/screenshot - {}
COMMAND: POST /session/86ebb79c72de266112eececc171e51a0/execute/async - {"script":"<script> [1562 bytes]","args":[{"selector":{"id":"application-manageresources-display-component---newResourceUnit--TYPE-arrow"},"wdio_ui5_key":"applicationmanageresources-display-component---newResourceUnit--TYPE-arrow"}]}
RESULT: {}
RESULT: {}
RESULT: {"script":"<script> [1562 bytes]","args":[{"selector":{"id":"application-manageresources-display-component---newResourceUnit--TYPE-arrow"},"wdio_ui5_key":"applicationmanageresources-display-component---newResourceUnit--TYPE-arrow"}]}
RESULT: undefined
COMMAND: POST /session/86ebb79c72de266112eececc171e51a0/element - {"using":"xpath","value":"//*[@id=\"application-manageresources-display-component---newResourceUnit--TYPE-arrow\"]"}
RESULT: {"using":"xpath","value":"//*[@id=\"application-manageresources-display-component---newResourceUnit--TYPE-arrow\"]"}
COMMAND: POST /session/86ebb79c72de266112eececc171e51a0/element/f.A17C675D496C198C40B93A37572AC0F9.d.6D92F9E20165FA4C991D5774CF645661.e.3035/click - {}
RESULT: {}
COMMAND: POST /session/86ebb79c72de266112eececc171e51a0/element - {"using":"xpath","value":"//input[@id=\"application-manageresources-display-component---newResourceUnit--TYPE-inner\"]"}
COMMAND: GET /session/86ebb79c72de266112eececc171e51a0/screenshot - {}
RESULT: {"using":"xpath","value":"//input[@id=\"application-manageresources-display-component---newResourceUnit--TYPE-inner\"]"}
COMMAND: POST /session/86ebb79c72de266112eececc171e51a0/element/f.A17C675D496C198C40B93A37572AC0F9.d.6D92F9E20165FA4C991D5774CF645661.e.3030/clear - {}
RESULT: {}
RESULT: {}
COMMAND: POST /session/86ebb79c72de266112eececc171e51a0/element/f.A17C675D496C198C40B93A37572AC0F9.d.6D92F9E20165FA4C991D5774CF645661.e.3030/value - {"text":"Equipment"}
COMMAND: GET /session/86ebb79c72de266112eececc171e51a0/screenshot - {}
RESULT: {"text":"Equipment"}
COMMAND: GET /session/86ebb79c72de266112eececc171e51a0/screenshot - {}
RESULT: {}
RESULT: {}
COMMAND: POST /session/86ebb79c72de266112eececc171e51a0/actions - {"actions":[{"id":"action9","type":"key","parameters":{},"actions":[{"type":"keyDown","value":""},{"type":"pause","duration":10},{"type":"keyUp","value":""}]}]}
RESULT: {"actions":[{"id":"action9","type":"key","parameters":{},"actions":[{"type":"keyDown","value":""},{"type":"pause","duration":10},{"type":"keyUp","value":""}]}]}
COMMAND: POST /session/86ebb79c72de266112eececc171e51a0/execute/async - {"script":"<script> [1562 bytes]","args":[{"selector":{"id":"application-manageresources-display-component---newResourceUnit--resourceId","interaction":{"idSuffix":"inner"}},"wdio_ui5_key":"applicationmanageresources-display-component---newResourceUnit--resourceId"}]}
COMMAND: GET /session/86ebb79c72de266112eececc171e51a0/screenshot - {}
RESULT: {"script":"<script> [1562 bytes]","args":[{"selector":{"id":"application-manageresources-display-component---newResourceUnit--resourceId","interaction":{"idSuffix":"inner"}},"wdio_ui5_key":"applicationmanageresources-display-component---newResourceUnit--resourceId"}]}
RESULT: undefined
COMMAND: POST /session/86ebb79c72de266112eececc171e51a0/execute/async - {"script":"<script> [776 bytes]","args":[{"enterText":"GSUMgZaSlN","selector":{"id":"application-manageresources-display-component---newResourceUnit--resourceId","interaction":{"idSuffix":"inner"}},"clearTextFirst":true,"interactionType":"ENTER_TEXT"}]}
RESULT: {}
RESULT: {"script":"<script> [776 bytes]","args":[{"enterText":"GSUMgZaSlN","selector":{"id":"application-manageresources-display-component---newResourceUnit--resourceId","interaction":{"idSuffix":"inner"}},"clearTextFirst":true,"interactionType":"ENTER_TEXT"}]}
COMMAND: POST /session/86ebb79c72de266112eececc171e51a0/execute/async - {"script":"<script> [1562 bytes]","args":[{"selector":{"id":"application-manageresources-display-component---newResourceUnit--SHORT_TEXT","interaction":{"idSuffix":"inner"}},"wdio_ui5_key":"applicationmanageresources-display-component---newResourceUnit--SHORT_TEXT"}]}
RESULT: {"script":"<script> [1562 bytes]","args":[{"selector":{"id":"application-manageresources-display-component---newResourceUnit--SHORT_TEXT","interaction":{"idSuffix":"inner"}},"wdio_ui5_key":"applicationmanageresources-display-component---newResourceUnit--SHORT_TEXT"}]}
RESULT: undefined
COMMAND: POST /session/86ebb79c72de266112eececc171e51a0/execute/async - {"script":"<script> [776 bytes]","args":[{"enterText":"Intercompany Equipment WDIO","selector":{"id":"application-manageresources-display-component---newResourceUnit--SHORT_TEXT","interaction":{"idSuffix":"inner"}},"clearTextFirst":true,"interactionType":"ENTER_TEXT"}]}
RESULT: {"script":"<script> [776 bytes]","args":[{"enterText":"Intercompany Equipment WDIO","selector":{"id":"application-manageresources-display-component---newResourceUnit--SHORT_TEXT","interaction":{"idSuffix":"inner"}},"clearTextFirst":true,"interactionType":"ENTER_TEXT"}]}
COMMAND: POST /session/86ebb79c72de266112eececc171e51a0/execute/async - {"script":"<script> [1562 bytes]","args":[{"selector":{"id":"application-manageresources-display-component---newResourceUnit--BASE_UNIT_OF_MEASURE","interaction":{"idSuffix":"inner"}},"wdio_ui5_key":"applicationmanageresources-display-component---newResourceUnit--BASE_UNIT_OF_MEASURE"}]}
RESULT: {"script":"<script> [1562 bytes]","args":[{"selector":{"id":"application-manageresources-display-component---newResourceUnit--BASE_UNIT_OF_MEASURE","interaction":{"idSuffix":"inner"}},"wdio_ui5_key":"applicationmanageresources-display-component---newResourceUnit--BASE_UNIT_OF_MEASURE"}]}
RESULT: undefined
COMMAND: POST /session/86ebb79c72de266112eececc171e51a0/execute/async - {"script":"<script> [776 bytes]","args":[{"enterText":"Piece","selector":{"id":"application-manageresources-display-component---newResourceUnit--BASE_UNIT_OF_MEASURE","interaction":{"idSuffix":"inner"}},"clearTextFirst":true,"interactionType":"ENTER_TEXT"}]}
RESULT: {"script":"<script> [776 bytes]","args":[{"enterText":"Piece","selector":{"id":"application-manageresources-display-component---newResourceUnit--BASE_UNIT_OF_MEASURE","interaction":{"idSuffix":"inner"}},"clearTextFirst":true,"interactionType":"ENTER_TEXT"}]}
COMMAND: POST /session/86ebb79c72de266112eececc171e51a0/execute/async - {"script":"<script> [1562 bytes]","args":[{"selector":{"id":"application-manageresources-display-component---newResourceUnit--WEIGHT_UNIT","interaction":{"idSuffix":"inner"}},"wdio_ui5_key":"applicationmanageresources-display-component---newResourceUnit--WEIGHT_UNIT"}]}
RESULT: {"script":"<script> [1562 bytes]","args":[{"selector":{"id":"application-manageresources-display-component---newResourceUnit--WEIGHT_UNIT","interaction":{"idSuffix":"inner"}},"wdio_ui5_key":"applicationmanageresources-display-component---newResourceUnit--WEIGHT_UNIT"}]}
RESULT: undefined
COMMAND: POST /session/86ebb79c72de266112eececc171e51a0/execute/async - {"script":"<script> [776 bytes]","args":[{"enterText":"Gram","selector":{"id":"application-manageresources-display-component---newResourceUnit--WEIGHT_UNIT","interaction":{"idSuffix":"inner"}},"clearTextFirst":true,"interactionType":"ENTER_TEXT"}]}
RESULT: {"script":"<script> [776 bytes]","args":[{"enterText":"Gram","selector":{"id":"application-manageresources-display-component---newResourceUnit--WEIGHT_UNIT","interaction":{"idSuffix":"inner"}},"clearTextFirst":true,"interactionType":"ENTER_TEXT"}]}
COMMAND: POST /session/86ebb79c72de266112eececc171e51a0/execute/async - {"script":"<script> [1562 bytes]","args":[{"selector":{"id":"application-manageresources-display-component---newResourceUnit--DIMENSION_UNIT","interaction":{"idSuffix":"inner"}},"wdio_ui5_key":"applicationmanageresources-display-component---newResourceUnit--DIMENSION_UNIT"}]}
RESULT: {"script":"<script> [1562 bytes]","args":[{"selector":{"id":"application-manageresources-display-component---newResourceUnit--DIMENSION_UNIT","interaction":{"idSuffix":"inner"}},"wdio_ui5_key":"applicationmanageresources-display-component---newResourceUnit--DIMENSION_UNIT"}]}
RESULT: undefined
COMMAND: POST /session/86ebb79c72de266112eececc171e51a0/execute/async - {"script":"<script> [776 bytes]","args":[{"enterText":"Meter","selector":{"id":"application-manageresources-display-component---newResourceUnit--DIMENSION_UNIT","interaction":{"idSuffix":"inner"}},"clearTextFirst":true,"interactionType":"ENTER_TEXT"}]}
RESULT: {"script":"<script> [776 bytes]","args":[{"enterText":"Meter","selector":{"id":"application-manageresources-display-component---newResourceUnit--DIMENSION_UNIT","interaction":{"idSuffix":"inner"}},"clearTextFirst":true,"interactionType":"ENTER_TEXT"}]}
COMMAND: POST /session/86ebb79c72de266112eececc171e51a0/execute/async - {"script":"<script> [1562 bytes]","args":[{"selector":{"id":"application-manageresources-display-component---newResourceUnit--newRRUPage-anchBar-application-manageresources-display-component---newResourceUnit--control-anchor","interaction":{"idSuffix":"BDI-content"}},"wdio_ui5_key":"applicationmanageresources-display-component---newResourceUnit--newRRUPage-anchBar-application-manageresources-display-component---newResourceUnit--control-anchor"}]}
RESULT: {"script":"<script> [1562 bytes]","args":[{"selector":{"id":"application-manageresources-display-component---newResourceUnit--newRRUPage-anchBar-application-manageresources-display-component---newResourceUnit--control-anchor","interaction":{"idSuffix":"BDI-content"}},"wdio_ui5_key":"applicationmanageresources-display-component---newResourceUnit--newRRUPage-anchBar-application-manageresources-display-component---newResourceUnit--control-anchor"}]}
RESULT: undefined
COMMAND: POST /session/86ebb79c72de266112eececc171e51a0/element - {"using":"xpath","value":"//*[@id=\"application-manageresources-display-component---newResourceUnit--newRRUPage-anchBar-application-manageresources-display-component---newResourceUnit--control-anchor\"]"}
RESULT: {"using":"xpath","value":"//*[@id=\"application-manageresources-display-component---newResourceUnit--newRRUPage-anchBar-application-manageresources-display-component---newResourceUnit--control-anchor\"]"}
COMMAND: POST /session/86ebb79c72de266112eececc171e51a0/element/f.A17C675D496C198C40B93A37572AC0F9.d.6D92F9E20165FA4C991D5774CF645661.e.3168/click - {}
RESULT: {}
COMMAND: POST /session/86ebb79c72de266112eececc171e51a0/execute/async - {"script":"<script> [1562 bytes]","args":[{"selector":{"id":"application-manageresources-display-component---newResourceUnit--PLANNING_GROUP","interaction":{"idSuffix":"inner"}},"wdio_ui5_key":"applicationmanageresources-display-component---newResourceUnit--PLANNING_GROUP"}]}
COMMAND: GET /session/86ebb79c72de266112eececc171e51a0/screenshot - {}
RESULT: {"script":"<script> [1562 bytes]","args":[{"selector":{"id":"application-manageresources-display-component---newResourceUnit--PLANNING_GROUP","interaction":{"idSuffix":"inner"}},"wdio_ui5_key":"applicationmanageresources-display-component---newResourceUnit--PLANNING_GROUP"}]}
RESULT: undefined
COMMAND: POST /session/86ebb79c72de266112eececc171e51a0/execute/async - {"script":"<script> [776 bytes]","args":[{"enterText":"Heavy Equi","selector":{"id":"application-manageresources-display-component---newResourceUnit--PLANNING_GROUP","interaction":{"idSuffix":"inner"}},"clearTextFirst":true,"interactionType":"ENTER_TEXT"}]}
RESULT: {}
RESULT: {"script":"<script> [776 bytes]","args":[{"enterText":"Heavy Equi","selector":{"id":"application-manageresources-display-component---newResourceUnit--PLANNING_GROUP","interaction":{"idSuffix":"inner"}},"clearTextFirst":true,"interactionType":"ENTER_TEXT"}]}
COMMAND: POST /session/86ebb79c72de266112eececc171e51a0/execute/async - {"script":"<script> [1562 bytes]","args":[{"selector":{"id":"application-manageresources-display-component---newResourceUnit--ITEM_TYPE-arrow"},"wdio_ui5_key":"applicationmanageresources-display-component---newResourceUnit--ITEM_TYPE-arrow"}]}
RESULT: {"script":"<script> [1562 bytes]","args":[{"selector":{"id":"application-manageresources-display-component---newResourceUnit--ITEM_TYPE-arrow"},"wdio_ui5_key":"applicationmanageresources-display-component---newResourceUnit--ITEM_TYPE-arrow"}]}
RESULT: undefined
COMMAND: POST /session/86ebb79c72de266112eececc171e51a0/element - {"using":"xpath","value":"//*[@id=\"application-manageresources-display-component---newResourceUnit--ITEM_TYPE-arrow\"]"}
RESULT: {"using":"xpath","value":"//*[@id=\"application-manageresources-display-component---newResourceUnit--ITEM_TYPE-arrow\"]"}
COMMAND: POST /session/86ebb79c72de266112eececc171e51a0/element/f.A17C675D496C198C40B93A37572AC0F9.d.6D92F9E20165FA4C991D5774CF645661.e.3175/click - {}
RESULT: {}
COMMAND: POST /session/86ebb79c72de266112eececc171e51a0/element - {"using":"xpath","value":"(//span[contains(text(), \"Resource Unit\")])[2]"}
COMMAND: GET /session/86ebb79c72de266112eececc171e51a0/screenshot - {}
RESULT: {"using":"xpath","value":"(//span[contains(text(), \"Resource Unit\")])[2]"}
COMMAND: POST /session/86ebb79c72de266112eececc171e51a0/element/f.A17C675D496C198C40B93A37572AC0F9.d.6D92F9E20165FA4C991D5774CF645661.e.3176/click - {}
RESULT: {}
RESULT: {}
COMMAND: GET /session/86ebb79c72de266112eececc171e51a0/screenshot - {}
RESULT: {}
COMMAND: POST /session/86ebb79c72de266112eececc171e51a0/element - {"using":"css selector","value":"#application-manageresources-display-component---newResourceUnit--btnAddTimeSegment"}
RESULT: {"using":"css selector","value":"#application-manageresources-display-component---newResourceUnit--btnAddTimeSegment"}
COMMAND: GET /session/86ebb79c72de266112eececc171e51a0/element/f.A17C675D496C198C40B93A37572AC0F9.d.6D92F9E20165FA4C991D5774CF645661.e.3177/rect - {}
RESULT: {}
COMMAND: GET /session/86ebb79c72de266112eececc171e51a0/window/rect - {}
RESULT: {}
COMMAND: POST /session/86ebb79c72de266112eececc171e51a0/execute/sync - {"script":"<script> [92 bytes]","args":[]}
RESULT: {"script":"<script> [92 bytes]","args":[]}
COMMAND: POST /session/86ebb79c72de266112eececc171e51a0/actions - {"actions":[{"id":"action10","type":"wheel","parameters":{},"actions":[{"type":"scroll","x":-1888,"y":-32,"deltaX":0,"deltaY":0,"duration":0,"origin":{"element-6066-11e4-a52e-4f735466cecf":"f.A17C675D496C198C40B93A37572AC0F9.d.6D92F9E20165FA4C991D5774CF645661.e.3177"}}]}]}
COMMAND: GET /session/86ebb79c72de266112eececc171e51a0/screenshot - {}
RESULT: {}
COMMAND: POST /session/86ebb79c72de266112eececc171e51a0/execute/sync - {"script":"<script> [79 bytes]","args":[{"element-6066-11e4-a52e-4f735466cecf":"f.A17C675D496C198C40B93A37572AC0F9.d.6D92F9E20165FA4C991D5774CF645661.e.3177","ELEMENT":"f.A17C675D496C198C40B93A37572AC0F9.d.6D92F9E20165FA4C991D5774CF645661.e.3177"},{"block":"start","inline":"nearest"}]}
RESULT: {"script":"<script> [79 bytes]","args":[{"element-6066-11e4-a52e-4f735466cecf":"f.A17C675D496C198C40B93A37572AC0F9.d.6D92F9E20165FA4C991D5774CF645661.e.3177","ELEMENT":"f.A17C675D496C198C40B93A37572AC0F9.d.6D92F9E20165FA4C991D5774CF645661.e.3177"},{"block":"start","inline":"nearest"}]}
COMMAND: POST /session/86ebb79c72de266112eececc171e51a0/execute/async - {"script":"<script> [1562 bytes]","args":[{"selector":{"id":"application-manageresources-display-component---newResourceUnit--btnAddTimeSegment","interaction":{"idSuffix":"inner"}},"wdio_ui5_key":"applicationmanageresources-display-component---newResourceUnit--btnAddTimeSegment"}]}
COMMAND: GET /session/86ebb79c72de266112eececc171e51a0/screenshot - {}
RESULT: {"script":"<script> [1562 bytes]","args":[{"selector":{"id":"application-manageresources-display-component---newResourceUnit--btnAddTimeSegment","interaction":{"idSuffix":"inner"}},"wdio_ui5_key":"applicationmanageresources-display-component---newResourceUnit--btnAddTimeSegment"}]}
RESULT: undefined
COMMAND: POST /session/86ebb79c72de266112eececc171e51a0/element - {"using":"xpath","value":"//*[@id=\"application-manageresources-display-component---newResourceUnit--btnAddTimeSegment\"]"}
RESULT: {}
RESULT: {"using":"xpath","value":"//*[@id=\"application-manageresources-display-component---newResourceUnit--btnAddTimeSegment\"]"}
COMMAND: POST /session/86ebb79c72de266112eececc171e51a0/element/f.A17C675D496C198C40B93A37572AC0F9.d.6D92F9E20165FA4C991D5774CF645661.e.3177/click - {}
RESULT: {}
COMMAND: GET /session/86ebb79c72de266112eececc171e51a0/screenshot - {}
RESULT: {}
COMMAND: POST /session/86ebb79c72de266112eececc171e51a0/element - {"using":"xpath","value":"//input[@id=\"application-manageresources-display-component---newResourceUnit--idRuTSAdmin-application-manageresources-display-component---newResourceUnit--RUTimeSegment-0-inner\"]"}
RESULT: {"using":"xpath","value":"//input[@id=\"application-manageresources-display-component---newResourceUnit--idRuTSAdmin-application-manageresources-display-component---newResourceUnit--RUTimeSegment-0-inner\"]"}
COMMAND: POST /session/86ebb79c72de266112eececc171e51a0/element/f.A17C675D496C198C40B93A37572AC0F9.d.6D92F9E20165FA4C991D5774CF645661.e.3183/clear - {}
RESULT: {}
COMMAND: POST /session/86ebb79c72de266112eececc171e51a0/element/f.A17C675D496C198C40B93A37572AC0F9.d.6D92F9E20165FA4C991D5774CF645661.e.3183/value - {"text":"640"}
COMMAND: GET /session/86ebb79c72de266112eececc171e51a0/screenshot - {}
RESULT: {"text":"640"}
COMMAND: GET /session/86ebb79c72de266112eececc171e51a0/screenshot - {}
RESULT: {}
RESULT: {}
COMMAND: POST /session/86ebb79c72de266112eececc171e51a0/element - {"using":"xpath","value":"//li[.//span[text()='640']]"}
RESULT: {"using":"xpath","value":"//li[.//span[text()='640']]"}
COMMAND: POST /session/86ebb79c72de266112eececc171e51a0/element/f.A17C675D496C198C40B93A37572AC0F9.d.6D92F9E20165FA4C991D5774CF645661.e.3197/click - {}
RESULT: {}
COMMAND: GET /session/86ebb79c72de266112eececc171e51a0/screenshot - {}
RESULT: {}
COMMAND: POST /session/86ebb79c72de266112eececc171e51a0/element - {"using":"xpath","value":"(//span[contains(@id, \"-application-manageresources-display-component---newResourceUnit--RUTimeSegment-0-arrow\")])[6]"}
RESULT: {"using":"xpath","value":"(//span[contains(@id, \"-application-manageresources-display-component---newResourceUnit--RUTimeSegment-0-arrow\")])[6]"}
COMMAND: POST /session/86ebb79c72de266112eececc171e51a0/element/f.A17C675D496C198C40B93A37572AC0F9.d.6D92F9E20165FA4C991D5774CF645661.e.3198/click - {}
RESULT: {}
COMMAND: GET /session/86ebb79c72de266112eececc171e51a0/screenshot - {}
RESULT: {}
COMMAND: POST /session/86ebb79c72de266112eececc171e51a0/element - {"using":"xpath","value":"//span[contains(text(), \"PM Order\")]"}
RESULT: {"using":"xpath","value":"//span[contains(text(), \"PM Order\")]"}
COMMAND: POST /session/86ebb79c72de266112eececc171e51a0/element/f.A17C675D496C198C40B93A37572AC0F9.d.6D92F9E20165FA4C991D5774CF645661.e.3201/click - {}
RESULT: {}
COMMAND: GET /session/86ebb79c72de266112eececc171e51a0/screenshot - {}
RESULT: {}
COMMAND: POST /session/86ebb79c72de266112eececc171e51a0/element - {"using":"xpath","value":"(//span[contains(@id ,\"manageresources-display-component---newResourceUnit--RUTimeSegment-0-vhi\")])[1]"}
RESULT: {"using":"xpath","value":"(//span[contains(@id ,\"manageresources-display-component---newResourceUnit--RUTimeSegment-0-vhi\")])[1]"}
COMMAND: GET /session/86ebb79c72de266112eececc171e51a0/element/f.A17C675D496C198C40B93A37572AC0F9.d.6D92F9E20165FA4C991D5774CF645661.e.3205/rect - {}
RESULT: {}
COMMAND: GET /session/86ebb79c72de266112eececc171e51a0/window/rect - {}
RESULT: {}
COMMAND: POST /session/86ebb79c72de266112eececc171e51a0/execute/sync - {"script":"<script> [92 bytes]","args":[]}
RESULT: {"script":"<script> [92 bytes]","args":[]}
COMMAND: POST /session/86ebb79c72de266112eececc171e51a0/actions - {"actions":[{"id":"action11","type":"wheel","parameters":{},"actions":[{"type":"scroll","x":-869,"y":-24,"deltaX":0,"deltaY":0,"duration":0,"origin":{"element-6066-11e4-a52e-4f735466cecf":"f.A17C675D496C198C40B93A37572AC0F9.d.6D92F9E20165FA4C991D5774CF645661.e.3205"}}]}]}
COMMAND: GET /session/86ebb79c72de266112eececc171e51a0/screenshot - {}
RESULT: {"actions":[{"id":"action11","type":"wheel","parameters":{},"actions":[{"type":"scroll","x":-869,"y":-24,"deltaX":0,"deltaY":0,"duration":0,"origin":{"element-6066-11e4-a52e-4f735466cecf":"f.A17C675D496C198C40B93A37572AC0F9.d.6D92F9E20165FA4C991D5774CF645661.e.3205"}}]}]}
COMMAND: DELETE /session/86ebb79c72de266112eececc171e51a0/actions - {}
COMMAND: GET /session/86ebb79c72de266112eececc171e51a0/screenshot - {}
RESULT: {}
RESULT: {}
COMMAND: GET /session/86ebb79c72de266112eececc171e51a0/screenshot - {}
RESULT: {}
RESULT: {}
COMMAND: POST /session/86ebb79c72de266112eececc171e51a0/element/f.A17C675D496C198C40B93A37572AC0F9.d.6D92F9E20165FA4C991D5774CF645661.e.3205/click - {}
RESULT: {}
COMMAND: GET /session/86ebb79c72de266112eececc171e51a0/screenshot - {}
RESULT: {}
COMMAND: POST /session/86ebb79c72de266112eececc171e51a0/execute/async - {"script":"<script> [1562 bytes]","args":[{"selector":{"controlType":"sap.m.SearchField","properties":{"placeholder":"Search"},"searchOpenDialogs":true,"interaction":{"idSuffix":"I"}},"wdio_ui5_key":"sapm.SearchField{\"placeholder\":\"Search\"}"}]}
RESULT: {"script":"<script> [1562 bytes]","args":[{"selector":{"controlType":"sap.m.SearchField","properties":{"placeholder":"Search"},"searchOpenDialogs":true,"interaction":{"idSuffix":"I"}},"wdio_ui5_key":"sapm.SearchField{\"placeholder\":\"Search\"}"}]}
RESULT: undefined
COMMAND: POST /session/86ebb79c72de266112eececc171e51a0/execute/async - {"script":"<script> [776 bytes]","args":[{"enterText":"4000360","selector":{"controlType":"sap.m.SearchField","properties":{"placeholder":"Search"},"searchOpenDialogs":true,"interaction":{"idSuffix":"I"}},"clearTextFirst":true,"interactionType":"ENTER_TEXT"}]}
RESULT: {"script":"<script> [776 bytes]","args":[{"enterText":"4000360","selector":{"controlType":"sap.m.SearchField","properties":{"placeholder":"Search"},"searchOpenDialogs":true,"interaction":{"idSuffix":"I"}},"clearTextFirst":true,"interactionType":"ENTER_TEXT"}]}
COMMAND: POST /session/86ebb79c72de266112eececc171e51a0/actions - {"actions":[{"id":"action12","type":"key","parameters":{},"actions":[{"type":"keyDown","value":""},{"type":"pause","duration":10},{"type":"keyUp","value":""}]}]}
RESULT: {"actions":[{"id":"action12","type":"key","parameters":{},"actions":[{"type":"keyDown","value":""},{"type":"pause","duration":10},{"type":"keyUp","value":""}]}]}
COMMAND: GET /session/86ebb79c72de266112eececc171e51a0/screenshot - {}
RESULT: {}
COMMAND: POST /session/86ebb79c72de266112eececc171e51a0/element - {"using":"xpath","value":"//td/div/span[contains(text(), \"BGL Vehicles\")]"}
RESULT: {"using":"xpath","value":"//td/div/span[contains(text(), \"BGL Vehicles\")]"}
COMMAND: POST /session/86ebb79c72de266112eececc171e51a0/element/f.A17C675D496C198C40B93A37572AC0F9.d.6D92F9E20165FA4C991D5774CF645661.e.3227/click - {}
RESULT: {}
COMMAND: GET /session/86ebb79c72de266112eececc171e51a0/screenshot - {}
RESULT: {}
COMMAND: POST /session/86ebb79c72de266112eececc171e51a0/element - {"using":"xpath","value":"//bdi[contains(text(), \"OK\")]"}
RESULT: {"using":"xpath","value":"//bdi[contains(text(), \"OK\")]"}
COMMAND: POST /session/86ebb79c72de266112eececc171e51a0/element/f.A17C675D496C198C40B93A37572AC0F9.d.6D92F9E20165FA4C991D5774CF645661.e.3228/click - {}
RESULT: {}
COMMAND: GET /session/86ebb79c72de266112eececc171e51a0/screenshot - {}
RESULT: {}
COMMAND: POST /session/86ebb79c72de266112eececc171e51a0/execute/async - {"script":"<script> [1562 bytes]","args":[{"selector":{"id":"application-manageresources-display-component---newResourceUnit--newRRUPage-anchBar-application-manageresources-display-component---newResourceUnit--resource-anchor","interaction":{"idSuffix":"BDI-content"}},"wdio_ui5_key":"applicationmanageresources-display-component---newResourceUnit--newRRUPage-anchBar-application-manageresources-display-component---newResourceUnit--resource-anchor"}]}
RESULT: {"script":"<script> [1562 bytes]","args":[{"selector":{"id":"application-manageresources-display-component---newResourceUnit--newRRUPage-anchBar-application-manageresources-display-component---newResourceUnit--resource-anchor","interaction":{"idSuffix":"BDI-content"}},"wdio_ui5_key":"applicationmanageresources-display-component---newResourceUnit--newRRUPage-anchBar-application-manageresources-display-component---newResourceUnit--resource-anchor"}]}
RESULT: undefined
COMMAND: POST /session/86ebb79c72de266112eececc171e51a0/element - {"using":"xpath","value":"//*[@id=\"application-manageresources-display-component---newResourceUnit--newRRUPage-anchBar-application-manageresources-display-component---newResourceUnit--resource-anchor\"]"}
RESULT: {"using":"xpath","value":"//*[@id=\"application-manageresources-display-component---newResourceUnit--newRRUPage-anchBar-application-manageresources-display-component---newResourceUnit--resource-anchor\"]"}
COMMAND: POST /session/86ebb79c72de266112eececc171e51a0/element/f.A17C675D496C198C40B93A37572AC0F9.d.6D92F9E20165FA4C991D5774CF645661.e.3232/click - {}
RESULT: {}
COMMAND: POST /session/86ebb79c72de266112eececc171e51a0/execute/async - {"script":"<script> [1562 bytes]","args":[{"selector":{"id":"application-manageresources-display-component---newResourceUnit--PLANNED_DELIVERY_DATE","interaction":{"idSuffix":"inner"}},"wdio_ui5_key":"applicationmanageresources-display-component---newResourceUnit--PLANNED_DELIVERY_DATE"}]}
COMMAND: GET /session/86ebb79c72de266112eececc171e51a0/screenshot - {}
RESULT: {"script":"<script> [1562 bytes]","args":[{"selector":{"id":"application-manageresources-display-component---newResourceUnit--PLANNED_DELIVERY_DATE","interaction":{"idSuffix":"inner"}},"wdio_ui5_key":"applicationmanageresources-display-component---newResourceUnit--PLANNED_DELIVERY_DATE"}]}
RESULT: undefined
COMMAND: POST /session/86ebb79c72de266112eececc171e51a0/execute/async - {"script":"<script> [6424 bytes]","args":[{"element-6066-11e4-a52e-4f735466cecf":"f.A17C675D496C198C40B93A37572AC0F9.d.6D92F9E20165FA4C991D5774CF645661.e.3092"},"setValue",["5/21/25"]]}
RESULT: {}
RESULT: {"script":"<script> [6424 bytes]","args":[{"element-6066-11e4-a52e-4f735466cecf":"f.A17C675D496C198C40B93A37572AC0F9.d.6D92F9E20165FA4C991D5774CF645661.e.3092"},"setValue",["5/21/25"]]}
COMMAND: POST /session/86ebb79c72de266112eececc171e51a0/element - {"using":"xpath","value":"//label[contains(@class, 'sapMLabelRequired') and .//bdi[contains(text(), 'Planned Retirement')]]"}
RESULT: {"using":"xpath","value":"//label[contains(@class, 'sapMLabelRequired') and .//bdi[contains(text(), 'Planned Retirement')]]"}
COMMAND: POST /session/86ebb79c72de266112eececc171e51a0/elements - {"using":"xpath","value":"//label[contains(@class, 'sapMLabelRequired') and .//bdi[contains(text(), 'Planned Retirement')]]"}
RESULT: {"using":"xpath","value":"//label[contains(@class, 'sapMLabelRequired') and .//bdi[contains(text(), 'Planned Retirement')]]"}
COMMAND: POST /session/86ebb79c72de266112eececc171e51a0/element - {"using":"xpath","value":"//button[@data-kt=\"resourceUnitSaveButton\"]"}
RESULT: {"using":"xpath","value":"//button[@data-kt=\"resourceUnitSaveButton\"]"}
COMMAND: POST /session/86ebb79c72de266112eececc171e51a0/element/f.A17C675D496C198C40B93A37572AC0F9.d.6D92F9E20165FA4C991D5774CF645661.e.3052/click - {}
RESULT: {}
COMMAND: GET /session/86ebb79c72de266112eececc171e51a0/screenshot - {}
RESULT: {}
COMMAND: POST /session/86ebb79c72de266112eececc171e51a0/element - {"using":"xpath","value":"//bdi[contains(text(), \"Close\")]"}
RESULT: {"using":"xpath","value":"//bdi[contains(text(), \"Close\")]"}
COMMAND: POST /session/86ebb79c72de266112eececc171e51a0/element/f.A17C675D496C198C40B93A37572AC0F9.d.6D92F9E20165FA4C991D5774CF645661.e.3240/click - {}
RESULT: {}
COMMAND: GET /session/86ebb79c72de266112eececc171e51a0/screenshot - {}
RESULT: {}
COMMAND: POST /session/86ebb79c72de266112eececc171e51a0/element - {"using":"xpath","value":"(//button[contains(@id ,\"actionsToolbar-overflowButton\")])[1]"}
RESULT: {"using":"xpath","value":"(//button[contains(@id ,\"actionsToolbar-overflowButton\")])[1]"}
COMMAND: POST /session/86ebb79c72de266112eececc171e51a0/element/f.A17C675D496C198C40B93A37572AC0F9.d.6D92F9E20165FA4C991D5774CF645661.e.3294/click - {}
RESULT: {}
COMMAND: GET /session/86ebb79c72de266112eececc171e51a0/screenshot - {}
RESULT: {}
COMMAND: POST /session/86ebb79c72de266112eececc171e51a0/element - {"using":"xpath","value":"//button[@data-kt=\"priceInfoButton\"]"}
RESULT: {"using":"xpath","value":"//button[@data-kt=\"priceInfoButton\"]"}
COMMAND: POST /session/86ebb79c72de266112eececc171e51a0/element/f.A17C675D496C198C40B93A37572AC0F9.d.6D92F9E20165FA4C991D5774CF645661.e.3296/click - {}
RESULT: {}
COMMAND: GET /session/86ebb79c72de266112eececc171e51a0/screenshot - {}
RESULT: {}
]]></system-out>
    </testcase>
    <testcase classname="chrome.136_0_7103_93.windows.Billing_Transfer_-_Master_data_&amp;_Intercompany_US127250" name="Should create new pricing rule TB on the equipment TB" time="64.609">
      <system-out><![CDATA[
COMMAND: POST /session/86ebb79c72de266112eececc171e51a0/element - {"using":"xpath","value":"//button[@data-kt=\"addButton\"]"}
RESULT: {"using":"xpath","value":"//button[@data-kt=\"addButton\"]"}
COMMAND: POST /session/86ebb79c72de266112eececc171e51a0/elements - {"using":"xpath","value":"//button[@data-kt=\"addButton\"]"}
RESULT: {"using":"xpath","value":"//button[@data-kt=\"addButton\"]"}
COMMAND: POST /session/86ebb79c72de266112eececc171e51a0/element - {"using":"xpath","value":"//button[@data-kt=\"addButton\"]"}
RESULT: {"using":"xpath","value":"//button[@data-kt=\"addButton\"]"}
COMMAND: POST /session/86ebb79c72de266112eececc171e51a0/execute/sync - {"script":"<script> [8489 bytes]","args":[{"element-6066-11e4-a52e-4f735466cecf":"f.A17C675D496C198C40B93A37572AC0F9.d.6D92F9E20165FA4C991D5774CF645661.e.3332","ELEMENT":"f.A17C675D496C198C40B93A37572AC0F9.d.6D92F9E20165FA4C991D5774CF645661.e.3332"}]}
RESULT: {"script":"<script> [8489 bytes]","args":[{"element-6066-11e4-a52e-4f735466cecf":"f.A17C675D496C198C40B93A37572AC0F9.d.6D92F9E20165FA4C991D5774CF645661.e.3332","ELEMENT":"f.A17C675D496C198C40B93A37572AC0F9.d.6D92F9E20165FA4C991D5774CF645661.e.3332"}]}
COMMAND: GET /session/86ebb79c72de266112eececc171e51a0/element/f.A17C675D496C198C40B93A37572AC0F9.d.6D92F9E20165FA4C991D5774CF645661.e.3332/enabled - {}
COMMAND: GET /session/86ebb79c72de266112eececc171e51a0/screenshot - {}
RESULT: {}
COMMAND: POST /session/86ebb79c72de266112eececc171e51a0/execute/sync - {"script":"<script> [8489 bytes]","args":[{"element-6066-11e4-a52e-4f735466cecf":"f.A17C675D496C198C40B93A37572AC0F9.d.6D92F9E20165FA4C991D5774CF645661.e.3332","ELEMENT":"f.A17C675D496C198C40B93A37572AC0F9.d.6D92F9E20165FA4C991D5774CF645661.e.3332"}]}
COMMAND: GET /session/86ebb79c72de266112eececc171e51a0/screenshot - {}
RESULT: {}
RESULT: {"script":"<script> [8489 bytes]","args":[{"element-6066-11e4-a52e-4f735466cecf":"f.A17C675D496C198C40B93A37572AC0F9.d.6D92F9E20165FA4C991D5774CF645661.e.3332","ELEMENT":"f.A17C675D496C198C40B93A37572AC0F9.d.6D92F9E20165FA4C991D5774CF645661.e.3332"}]}
COMMAND: POST /session/86ebb79c72de266112eececc171e51a0/execute/sync - {"script":"<script> [5351 bytes]","args":[{"element-6066-11e4-a52e-4f735466cecf":"f.A17C675D496C198C40B93A37572AC0F9.d.6D92F9E20165FA4C991D5774CF645661.e.3332","ELEMENT":"f.A17C675D496C198C40B93A37572AC0F9.d.6D92F9E20165FA4C991D5774CF645661.e.3332"}]}
COMMAND: GET /session/86ebb79c72de266112eececc171e51a0/screenshot - {}
RESULT: {}
RESULT: {"script":"<script> [5351 bytes]","args":[{"element-6066-11e4-a52e-4f735466cecf":"f.A17C675D496C198C40B93A37572AC0F9.d.6D92F9E20165FA4C991D5774CF645661.e.3332","ELEMENT":"f.A17C675D496C198C40B93A37572AC0F9.d.6D92F9E20165FA4C991D5774CF645661.e.3332"}]}
COMMAND: POST /session/86ebb79c72de266112eececc171e51a0/element/f.A17C675D496C198C40B93A37572AC0F9.d.6D92F9E20165FA4C991D5774CF645661.e.3332/click - {}
COMMAND: GET /session/86ebb79c72de266112eececc171e51a0/screenshot - {}
RESULT: {}
RESULT: {}
RESULT: {}
COMMAND: GET /session/86ebb79c72de266112eececc171e51a0/screenshot - {}
RESULT: {}
COMMAND: POST /session/86ebb79c72de266112eececc171e51a0/execute/async - {"script":"<script> [1562 bytes]","args":[{"selector":{"controlType":"sap.m.Title","viewName":"etm.portal.ui.managepricingrules.view.NewItem","viewId":"application-managepricingrules-display-component---newInfoPriceItem","properties":{"text":"New Pricing Rules - Item Level"}},"wdio_ui5_key":"etmportal.ui.managepricingrules.view.NewItemsap.m.Title{\"text\":\"New Pricing Rules - Item Level\"}"}]}
RESULT: {"script":"<script> [1562 bytes]","args":[{"selector":{"controlType":"sap.m.Title","viewName":"etm.portal.ui.managepricingrules.view.NewItem","viewId":"application-managepricingrules-display-component---newInfoPriceItem","properties":{"text":"New Pricing Rules - Item Level"}},"wdio_ui5_key":"etmportal.ui.managepricingrules.view.NewItemsap.m.Title{\"text\":\"New Pricing Rules - Item Level\"}"}]}
RESULT: undefined
COMMAND: POST /session/86ebb79c72de266112eececc171e51a0/execute/async - {"script":"<script> [6424 bytes]","args":[{"element-6066-11e4-a52e-4f735466cecf":"f.A17C675D496C198C40B93A37572AC0F9.d.6D92F9E20165FA4C991D5774CF645661.e.3503"},"getText",[]]}
RESULT: {"script":"<script> [6424 bytes]","args":[{"element-6066-11e4-a52e-4f735466cecf":"f.A17C675D496C198C40B93A37572AC0F9.d.6D92F9E20165FA4C991D5774CF645661.e.3503"},"getText",[]]}
COMMAND: POST /session/86ebb79c72de266112eececc171e51a0/execute/async - {"script":"<script> [1562 bytes]","args":[{"selector":{"id":"application-managepricingrules-display-component---newInfoPriceItem--condValidTo","interaction":{"idSuffix":"inner"}},"wdio_ui5_key":"applicationmanagepricingrules-display-component---newInfoPriceItem--condValidTo"}]}
RESULT: {"script":"<script> [1562 bytes]","args":[{"selector":{"id":"application-managepricingrules-display-component---newInfoPriceItem--condValidTo","interaction":{"idSuffix":"inner"}},"wdio_ui5_key":"applicationmanagepricingrules-display-component---newInfoPriceItem--condValidTo"}]}
RESULT: undefined
COMMAND: POST /session/86ebb79c72de266112eececc171e51a0/execute/async - {"script":"<script> [776 bytes]","args":[{"enterText":"1/21/26","selector":{"id":"application-managepricingrules-display-component---newInfoPriceItem--condValidTo","interaction":{"idSuffix":"inner"}},"clearTextFirst":true,"interactionType":"ENTER_TEXT"}]}
RESULT: {"script":"<script> [776 bytes]","args":[{"enterText":"1/21/26","selector":{"id":"application-managepricingrules-display-component---newInfoPriceItem--condValidTo","interaction":{"idSuffix":"inner"}},"clearTextFirst":true,"interactionType":"ENTER_TEXT"}]}
COMMAND: POST /session/86ebb79c72de266112eececc171e51a0/execute/async - {"script":"<script> [1562 bytes]","args":[{"selector":{"id":"application-managepricingrules-display-component---newInfoPriceItem--billType-arrow"},"wdio_ui5_key":"applicationmanagepricingrules-display-component---newInfoPriceItem--billType-arrow"}]}
RESULT: {"script":"<script> [1562 bytes]","args":[{"selector":{"id":"application-managepricingrules-display-component---newInfoPriceItem--billType-arrow"},"wdio_ui5_key":"applicationmanagepricingrules-display-component---newInfoPriceItem--billType-arrow"}]}
RESULT: undefined
COMMAND: POST /session/86ebb79c72de266112eececc171e51a0/element - {"using":"xpath","value":"//*[@id=\"application-managepricingrules-display-component---newInfoPriceItem--billType-arrow\"]"}
RESULT: {"using":"xpath","value":"//*[@id=\"application-managepricingrules-display-component---newInfoPriceItem--billType-arrow\"]"}
COMMAND: POST /session/86ebb79c72de266112eececc171e51a0/element/f.A17C675D496C198C40B93A37572AC0F9.d.6D92F9E20165FA4C991D5774CF645661.e.3465/click - {}
RESULT: {}
COMMAND: POST /session/86ebb79c72de266112eececc171e51a0/element - {"using":"xpath","value":"//span[contains(text(), \"TB - Time based\")]"}
COMMAND: GET /session/86ebb79c72de266112eececc171e51a0/screenshot - {}
RESULT: {"using":"xpath","value":"//span[contains(text(), \"TB - Time based\")]"}
COMMAND: POST /session/86ebb79c72de266112eececc171e51a0/element/f.A17C675D496C198C40B93A37572AC0F9.d.6D92F9E20165FA4C991D5774CF645661.e.3506/click - {}
RESULT: {}
RESULT: {}
COMMAND: POST /session/86ebb79c72de266112eececc171e51a0/execute/async - {"script":"<script> [1562 bytes]","args":[{"selector":{"id":"application-managepricingrules-display-component---newInfoPriceItem--priceProc-arrow"},"wdio_ui5_key":"applicationmanagepricingrules-display-component---newInfoPriceItem--priceProc-arrow"}]}
COMMAND: GET /session/86ebb79c72de266112eececc171e51a0/screenshot - {}
RESULT: {"script":"<script> [1562 bytes]","args":[{"selector":{"id":"application-managepricingrules-display-component---newInfoPriceItem--priceProc-arrow"},"wdio_ui5_key":"applicationmanagepricingrules-display-component---newInfoPriceItem--priceProc-arrow"}]}
RESULT: undefined
COMMAND: POST /session/86ebb79c72de266112eececc171e51a0/element - {"using":"xpath","value":"//*[@id=\"application-managepricingrules-display-component---newInfoPriceItem--priceProc-arrow\"]"}
RESULT: {}
RESULT: {"using":"xpath","value":"//*[@id=\"application-managepricingrules-display-component---newInfoPriceItem--priceProc-arrow\"]"}
COMMAND: POST /session/86ebb79c72de266112eececc171e51a0/element/f.A17C675D496C198C40B93A37572AC0F9.d.6D92F9E20165FA4C991D5774CF645661.e.3472/click - {}
RESULT: {}
COMMAND: POST /session/86ebb79c72de266112eececc171e51a0/element - {"using":"xpath","value":"//span[contains(text(), \"TBS - Time based standard\")]"}
COMMAND: GET /session/86ebb79c72de266112eececc171e51a0/screenshot - {}
RESULT: {"using":"xpath","value":"//span[contains(text(), \"TBS - Time based standard\")]"}
COMMAND: POST /session/86ebb79c72de266112eececc171e51a0/element/f.A17C675D496C198C40B93A37572AC0F9.d.6D92F9E20165FA4C991D5774CF645661.e.3507/click - {}
RESULT: {}
RESULT: {}
COMMAND: POST /session/86ebb79c72de266112eececc171e51a0/execute/async - {"script":"<script> [1562 bytes]","args":[{"selector":{"id":"application-managepricingrules-display-component---newInfoPriceItem--calcBase-arrow"},"wdio_ui5_key":"applicationmanagepricingrules-display-component---newInfoPriceItem--calcBase-arrow"}]}
COMMAND: GET /session/86ebb79c72de266112eececc171e51a0/screenshot - {}
RESULT: {"script":"<script> [1562 bytes]","args":[{"selector":{"id":"application-managepricingrules-display-component---newInfoPriceItem--calcBase-arrow"},"wdio_ui5_key":"applicationmanagepricingrules-display-component---newInfoPriceItem--calcBase-arrow"}]}
RESULT: undefined
COMMAND: POST /session/86ebb79c72de266112eececc171e51a0/element - {"using":"xpath","value":"//*[@id=\"application-managepricingrules-display-component---newInfoPriceItem--calcBase-arrow\"]"}
RESULT: {}
RESULT: {"using":"xpath","value":"//*[@id=\"application-managepricingrules-display-component---newInfoPriceItem--calcBase-arrow\"]"}
COMMAND: POST /session/86ebb79c72de266112eececc171e51a0/element/f.A17C675D496C198C40B93A37572AC0F9.d.6D92F9E20165FA4C991D5774CF645661.e.3479/click - {}
RESULT: {}
COMMAND: GET /session/86ebb79c72de266112eececc171e51a0/screenshot - {}
RESULT: {}
COMMAND: POST /session/86ebb79c72de266112eececc171e51a0/element - {"using":"xpath","value":"//span[contains(text(), \"0006 - TB(calendar days)\")]"}
RESULT: {"using":"xpath","value":"//span[contains(text(), \"0006 - TB(calendar days)\")]"}
COMMAND: POST /session/86ebb79c72de266112eececc171e51a0/element/f.A17C675D496C198C40B93A37572AC0F9.d.6D92F9E20165FA4C991D5774CF645661.e.3508/click - {}
RESULT: {}
COMMAND: GET /session/86ebb79c72de266112eececc171e51a0/screenshot - {}
RESULT: {}
COMMAND: POST /session/86ebb79c72de266112eececc171e51a0/execute/async - {"script":"<script> [1562 bytes]","args":[{"selector":{"id":"application-managepricingrules-display-component---newInfoPriceItem--daysMonth","interaction":{"idSuffix":"inner"}},"wdio_ui5_key":"applicationmanagepricingrules-display-component---newInfoPriceItem--daysMonth"}]}
RESULT: {"script":"<script> [1562 bytes]","args":[{"selector":{"id":"application-managepricingrules-display-component---newInfoPriceItem--daysMonth","interaction":{"idSuffix":"inner"}},"wdio_ui5_key":"applicationmanagepricingrules-display-component---newInfoPriceItem--daysMonth"}]}
RESULT: undefined
COMMAND: POST /session/86ebb79c72de266112eececc171e51a0/execute/async - {"script":"<script> [776 bytes]","args":[{"enterText":"30","selector":{"id":"application-managepricingrules-display-component---newInfoPriceItem--daysMonth","interaction":{"idSuffix":"inner"}},"clearTextFirst":true,"interactionType":"ENTER_TEXT"}]}
RESULT: {"script":"<script> [776 bytes]","args":[{"enterText":"30","selector":{"id":"application-managepricingrules-display-component---newInfoPriceItem--daysMonth","interaction":{"idSuffix":"inner"}},"clearTextFirst":true,"interactionType":"ENTER_TEXT"}]}
COMMAND: POST /session/86ebb79c72de266112eececc171e51a0/element - {"using":"xpath","value":"//button[@data-kt=\"saveNewRuleButton\"]"}
RESULT: {"using":"xpath","value":"//button[@data-kt=\"saveNewRuleButton\"]"}
COMMAND: POST /session/86ebb79c72de266112eececc171e51a0/element/f.A17C675D496C198C40B93A37572AC0F9.d.6D92F9E20165FA4C991D5774CF645661.e.3499/click - {}
RESULT: {}
COMMAND: GET /session/86ebb79c72de266112eececc171e51a0/screenshot - {}
RESULT: {}
COMMAND: POST /session/86ebb79c72de266112eececc171e51a0/execute/async - {"script":"<script> [1562 bytes]","args":[{"selector":{"id":"application-managepricingrules-display-component---priceInfoItem--smartFilterBar-btnBasicSearch","interaction":{"idSuffix":"I"}},"wdio_ui5_key":"applicationmanagepricingrules-display-component---priceInfoItem--smartFilterBar-btnBasicSearch"}]}
RESULT: {"script":"<script> [1562 bytes]","args":[{"selector":{"id":"application-managepricingrules-display-component---priceInfoItem--smartFilterBar-btnBasicSearch","interaction":{"idSuffix":"I"}},"wdio_ui5_key":"applicationmanagepricingrules-display-component---priceInfoItem--smartFilterBar-btnBasicSearch"}]}
RESULT: undefined
COMMAND: POST /session/86ebb79c72de266112eececc171e51a0/execute/async - {"script":"<script> [776 bytes]","args":[{"enterText":"GSUMgZaSlN","selector":{"id":"application-managepricingrules-display-component---priceInfoItem--smartFilterBar-btnBasicSearch","interaction":{"idSuffix":"I"}},"clearTextFirst":true,"interactionType":"ENTER_TEXT"}]}
RESULT: {"script":"<script> [776 bytes]","args":[{"enterText":"GSUMgZaSlN","selector":{"id":"application-managepricingrules-display-component---priceInfoItem--smartFilterBar-btnBasicSearch","interaction":{"idSuffix":"I"}},"clearTextFirst":true,"interactionType":"ENTER_TEXT"}]}
COMMAND: POST /session/86ebb79c72de266112eececc171e51a0/actions - {"actions":[{"id":"action13","type":"key","parameters":{},"actions":[{"type":"keyDown","value":""},{"type":"pause","duration":10},{"type":"keyUp","value":""}]}]}
RESULT: {"actions":[{"id":"action13","type":"key","parameters":{},"actions":[{"type":"keyDown","value":""},{"type":"pause","duration":10},{"type":"keyUp","value":""}]}]}
COMMAND: GET /session/86ebb79c72de266112eececc171e51a0/screenshot - {}
RESULT: {}
COMMAND: POST /session/86ebb79c72de266112eececc171e51a0/element - {"using":"xpath","value":"//span[@id=\"application-managepricingrules-display-component---priceInfoItem--smartTable-header-inner\"]"}
RESULT: {"using":"xpath","value":"//span[@id=\"application-managepricingrules-display-component---priceInfoItem--smartTable-header-inner\"]"}
COMMAND: POST /session/86ebb79c72de266112eececc171e51a0/elements - {"using":"xpath","value":"//span[@id=\"application-managepricingrules-display-component---priceInfoItem--smartTable-header-inner\"]"}
RESULT: {"using":"xpath","value":"//span[@id=\"application-managepricingrules-display-component---priceInfoItem--smartTable-header-inner\"]"}
COMMAND: POST /session/86ebb79c72de266112eececc171e51a0/execute/sync - {"script":"<script> [56 bytes]","args":[{"element-6066-11e4-a52e-4f735466cecf":"f.A17C675D496C198C40B93A37572AC0F9.d.6D92F9E20165FA4C991D5774CF645661.e.3522","ELEMENT":"f.A17C675D496C198C40B93A37572AC0F9.d.6D92F9E20165FA4C991D5774CF645661.e.3522"}]}
RESULT: {"script":"<script> [56 bytes]","args":[{"element-6066-11e4-a52e-4f735466cecf":"f.A17C675D496C198C40B93A37572AC0F9.d.6D92F9E20165FA4C991D5774CF645661.e.3522","ELEMENT":"f.A17C675D496C198C40B93A37572AC0F9.d.6D92F9E20165FA4C991D5774CF645661.e.3522"}]}
COMMAND: POST /session/86ebb79c72de266112eececc171e51a0/element - {"using":"css selector","value":"#shell-header-logo"}
COMMAND: GET /session/86ebb79c72de266112eececc171e51a0/screenshot - {}
RESULT: {"using":"css selector","value":"#shell-header-logo"}
COMMAND: POST /session/86ebb79c72de266112eececc171e51a0/element/f.A17C675D496C198C40B93A37572AC0F9.d.6D92F9E20165FA4C991D5774CF645661.e.2646/click - {}
RESULT: {}
RESULT: {}
COMMAND: GET /session/86ebb79c72de266112eececc171e51a0/screenshot - {}
RESULT: {}
]]></system-out>
    </testcase>
    <testcase classname="chrome.136_0_7103_93.windows.Billing_Transfer_-_Master_data_&amp;_Intercompany_US127250" name="Should create new condition for equipment TB" time="70.277">
      <system-out><![CDATA[
COMMAND: POST /session/86ebb79c72de266112eececc171e51a0/execute/async - {"script":"<script> [1562 bytes]","args":[{"selector":{"controlType":"sap.m.GenericTile","properties":{"header":"Manage Conditions & Prices"}},"wdio_ui5_key":"sapm.GenericTile{\"header\":\"Manage Conditions & Prices\"}"}]}
RESULT: {"script":"<script> [1562 bytes]","args":[{"selector":{"controlType":"sap.m.GenericTile","properties":{"header":"Manage Conditions & Prices"}},"wdio_ui5_key":"sapm.GenericTile{\"header\":\"Manage Conditions & Prices\"}"}]}
RESULT: undefined
COMMAND: POST /session/86ebb79c72de266112eececc171e51a0/element - {"using":"xpath","value":"//*[@id=\"__tile93\"]"}
RESULT: {"using":"xpath","value":"//*[@id=\"__tile93\"]"}
COMMAND: POST /session/86ebb79c72de266112eececc171e51a0/element/f.A17C675D496C198C40B93A37572AC0F9.d.6D92F9E20165FA4C991D5774CF645661.e.2631/click - {}
RESULT: {}
COMMAND: GET /session/86ebb79c72de266112eececc171e51a0/screenshot - {}
RESULT: {}
COMMAND: POST /session/86ebb79c72de266112eececc171e51a0/elements - {"using":"xpath","value":"//span[text()='Error']"}
RESULT: {"using":"xpath","value":"//span[text()='Error']"}
COMMAND: POST /session/86ebb79c72de266112eececc171e51a0/element - {"using":"xpath","value":"//button[@aria-label=\"Create\"]"}
RESULT: {"using":"xpath","value":"//button[@aria-label=\"Create\"]"}
COMMAND: POST /session/86ebb79c72de266112eececc171e51a0/elements - {"using":"xpath","value":"//button[@aria-label=\"Create\"]"}
RESULT: {"using":"xpath","value":"//button[@aria-label=\"Create\"]"}
COMMAND: POST /session/86ebb79c72de266112eececc171e51a0/execute/sync - {"script":"<script> [8489 bytes]","args":[{"element-6066-11e4-a52e-4f735466cecf":"f.A17C675D496C198C40B93A37572AC0F9.d.6D92F9E20165FA4C991D5774CF645661.e.3557","ELEMENT":"f.A17C675D496C198C40B93A37572AC0F9.d.6D92F9E20165FA4C991D5774CF645661.e.3557"}]}
RESULT: {"script":"<script> [8489 bytes]","args":[{"element-6066-11e4-a52e-4f735466cecf":"f.A17C675D496C198C40B93A37572AC0F9.d.6D92F9E20165FA4C991D5774CF645661.e.3557","ELEMENT":"f.A17C675D496C198C40B93A37572AC0F9.d.6D92F9E20165FA4C991D5774CF645661.e.3557"}]}
COMMAND: GET /session/86ebb79c72de266112eececc171e51a0/element/f.A17C675D496C198C40B93A37572AC0F9.d.6D92F9E20165FA4C991D5774CF645661.e.3557/enabled - {}
COMMAND: GET /session/86ebb79c72de266112eececc171e51a0/screenshot - {}
RESULT: {}
COMMAND: POST /session/86ebb79c72de266112eececc171e51a0/execute/sync - {"script":"<script> [8489 bytes]","args":[{"element-6066-11e4-a52e-4f735466cecf":"f.A17C675D496C198C40B93A37572AC0F9.d.6D92F9E20165FA4C991D5774CF645661.e.3557","ELEMENT":"f.A17C675D496C198C40B93A37572AC0F9.d.6D92F9E20165FA4C991D5774CF645661.e.3557"}]}
COMMAND: GET /session/86ebb79c72de266112eececc171e51a0/screenshot - {}
RESULT: {}
RESULT: {"script":"<script> [8489 bytes]","args":[{"element-6066-11e4-a52e-4f735466cecf":"f.A17C675D496C198C40B93A37572AC0F9.d.6D92F9E20165FA4C991D5774CF645661.e.3557","ELEMENT":"f.A17C675D496C198C40B93A37572AC0F9.d.6D92F9E20165FA4C991D5774CF645661.e.3557"}]}
COMMAND: POST /session/86ebb79c72de266112eececc171e51a0/execute/sync - {"script":"<script> [5351 bytes]","args":[{"element-6066-11e4-a52e-4f735466cecf":"f.A17C675D496C198C40B93A37572AC0F9.d.6D92F9E20165FA4C991D5774CF645661.e.3557","ELEMENT":"f.A17C675D496C198C40B93A37572AC0F9.d.6D92F9E20165FA4C991D5774CF645661.e.3557"}]}
COMMAND: GET /session/86ebb79c72de266112eececc171e51a0/screenshot - {}
RESULT: {}
RESULT: {"script":"<script> [5351 bytes]","args":[{"element-6066-11e4-a52e-4f735466cecf":"f.A17C675D496C198C40B93A37572AC0F9.d.6D92F9E20165FA4C991D5774CF645661.e.3557","ELEMENT":"f.A17C675D496C198C40B93A37572AC0F9.d.6D92F9E20165FA4C991D5774CF645661.e.3557"}]}
COMMAND: POST /session/86ebb79c72de266112eececc171e51a0/element/f.A17C675D496C198C40B93A37572AC0F9.d.6D92F9E20165FA4C991D5774CF645661.e.3557/click - {}
COMMAND: GET /session/86ebb79c72de266112eececc171e51a0/screenshot - {}
RESULT: {}
RESULT: {}
COMMAND: GET /session/86ebb79c72de266112eececc171e51a0/screenshot - {}
RESULT: {}
RESULT: {}
COMMAND: POST /session/86ebb79c72de266112eececc171e51a0/actions - {"actions":[{"id":"action14","type":"key","parameters":{},"actions":[{"type":"keyDown","value":""},{"type":"pause","duration":10},{"type":"keyUp","value":""}]}]}
RESULT: {"actions":[{"id":"action14","type":"key","parameters":{},"actions":[{"type":"keyDown","value":""},{"type":"pause","duration":10},{"type":"keyUp","value":""}]}]}
COMMAND: GET /session/86ebb79c72de266112eececc171e51a0/screenshot - {}
RESULT: {}
COMMAND: POST /session/86ebb79c72de266112eececc171e51a0/execute/async - {"script":"<script> [1562 bytes]","args":[{"selector":{"id":"application-manageconditionprice-display-component---newCondition--condBillCond-arrow"},"wdio_ui5_key":"applicationmanageconditionprice-display-component---newCondition--condBillCond-arrow"}]}
RESULT: {"script":"<script> [1562 bytes]","args":[{"selector":{"id":"application-manageconditionprice-display-component---newCondition--condBillCond-arrow"},"wdio_ui5_key":"applicationmanageconditionprice-display-component---newCondition--condBillCond-arrow"}]}
RESULT: undefined
COMMAND: POST /session/86ebb79c72de266112eececc171e51a0/element - {"using":"xpath","value":"//*[@id=\"application-manageconditionprice-display-component---newCondition--condBillCond-arrow\"]"}
RESULT: {"using":"xpath","value":"//*[@id=\"application-manageconditionprice-display-component---newCondition--condBillCond-arrow\"]"}
COMMAND: POST /session/86ebb79c72de266112eececc171e51a0/element/f.A17C675D496C198C40B93A37572AC0F9.d.6D92F9E20165FA4C991D5774CF645661.e.3738/click - {}
RESULT: {}
COMMAND: GET /session/86ebb79c72de266112eececc171e51a0/screenshot - {}
RESULT: {}
COMMAND: POST /session/86ebb79c72de266112eececc171e51a0/element - {"using":"xpath","value":"//li[.//span[contains(text(), \"DISP - D&I special price\")]]"}
RESULT: {"using":"xpath","value":"//li[.//span[contains(text(), \"DISP - D&I special price\")]]"}
COMMAND: POST /session/86ebb79c72de266112eececc171e51a0/element/f.A17C675D496C198C40B93A37572AC0F9.d.6D92F9E20165FA4C991D5774CF645661.e.3741/click - {}
RESULT: {}
COMMAND: GET /session/86ebb79c72de266112eececc171e51a0/screenshot - {}
RESULT: {}
COMMAND: POST /session/86ebb79c72de266112eececc171e51a0/execute/async - {"script":"<script> [1562 bytes]","args":[{"selector":{"id":"application-manageconditionprice-display-component---newCondition--condValidTo","interaction":{"idSuffix":"inner"}},"wdio_ui5_key":"applicationmanageconditionprice-display-component---newCondition--condValidTo"}]}
RESULT: {"script":"<script> [1562 bytes]","args":[{"selector":{"id":"application-manageconditionprice-display-component---newCondition--condValidTo","interaction":{"idSuffix":"inner"}},"wdio_ui5_key":"applicationmanageconditionprice-display-component---newCondition--condValidTo"}]}
RESULT: undefined
COMMAND: POST /session/86ebb79c72de266112eececc171e51a0/execute/async - {"script":"<script> [776 bytes]","args":[{"enterText":"1/21/26","selector":{"id":"application-manageconditionprice-display-component---newCondition--condValidTo","interaction":{"idSuffix":"inner"}},"clearTextFirst":true,"interactionType":"ENTER_TEXT"}]}
RESULT: {"script":"<script> [776 bytes]","args":[{"enterText":"1/21/26","selector":{"id":"application-manageconditionprice-display-component---newCondition--condValidTo","interaction":{"idSuffix":"inner"}},"clearTextFirst":true,"interactionType":"ENTER_TEXT"}]}
COMMAND: POST /session/86ebb79c72de266112eececc171e51a0/element - {"using":"xpath","value":"//input[@id=\"application-manageconditionprice-display-component---newCondition--condRU-inner\"]"}
RESULT: {"using":"xpath","value":"//input[@id=\"application-manageconditionprice-display-component---newCondition--condRU-inner\"]"}
COMMAND: POST /session/86ebb79c72de266112eececc171e51a0/element/f.A17C675D496C198C40B93A37572AC0F9.d.6D92F9E20165FA4C991D5774CF645661.e.3603/clear - {}
RESULT: {}
COMMAND: POST /session/86ebb79c72de266112eececc171e51a0/element/f.A17C675D496C198C40B93A37572AC0F9.d.6D92F9E20165FA4C991D5774CF645661.e.3603/value - {"text":"GSUMgZaSlN"}
COMMAND: GET /session/86ebb79c72de266112eececc171e51a0/screenshot - {}
RESULT: {"text":"GSUMgZaSlN"}
COMMAND: GET /session/86ebb79c72de266112eececc171e51a0/screenshot - {}
RESULT: {}
RESULT: {}
COMMAND: POST /session/86ebb79c72de266112eececc171e51a0/actions - {"actions":[{"id":"action15","type":"key","parameters":{},"actions":[{"type":"keyDown","value":""},{"type":"pause","duration":10},{"type":"keyUp","value":""}]}]}
RESULT: {"actions":[{"id":"action15","type":"key","parameters":{},"actions":[{"type":"keyDown","value":""},{"type":"pause","duration":10},{"type":"keyUp","value":""}]}]}
COMMAND: POST /session/86ebb79c72de266112eececc171e51a0/execute/async - {"script":"<script> [1562 bytes]","args":[{"selector":{"id":"application-manageconditionprice-display-component---newCondition--condBaseQty","interaction":{"idSuffix":"inner"}},"wdio_ui5_key":"applicationmanageconditionprice-display-component---newCondition--condBaseQty"}]}
COMMAND: GET /session/86ebb79c72de266112eececc171e51a0/screenshot - {}
RESULT: {"script":"<script> [1562 bytes]","args":[{"selector":{"id":"application-manageconditionprice-display-component---newCondition--condBaseQty","interaction":{"idSuffix":"inner"}},"wdio_ui5_key":"applicationmanageconditionprice-display-component---newCondition--condBaseQty"}]}
RESULT: undefined
COMMAND: POST /session/86ebb79c72de266112eececc171e51a0/execute/async - {"script":"<script> [776 bytes]","args":[{"enterText":"1","selector":{"id":"application-manageconditionprice-display-component---newCondition--condBaseQty","interaction":{"idSuffix":"inner"}},"clearTextFirst":true,"interactionType":"ENTER_TEXT"}]}
RESULT: {}
RESULT: {"script":"<script> [776 bytes]","args":[{"enterText":"1","selector":{"id":"application-manageconditionprice-display-component---newCondition--condBaseQty","interaction":{"idSuffix":"inner"}},"clearTextFirst":true,"interactionType":"ENTER_TEXT"}]}
COMMAND: POST /session/86ebb79c72de266112eececc171e51a0/execute/async - {"script":"<script> [1562 bytes]","args":[{"selector":{"id":"application-manageconditionprice-display-component---newCondition--condValue","interaction":{"idSuffix":"inner"}},"wdio_ui5_key":"applicationmanageconditionprice-display-component---newCondition--condValue"}]}
RESULT: {"script":"<script> [1562 bytes]","args":[{"selector":{"id":"application-manageconditionprice-display-component---newCondition--condValue","interaction":{"idSuffix":"inner"}},"wdio_ui5_key":"applicationmanageconditionprice-display-component---newCondition--condValue"}]}
RESULT: undefined
COMMAND: POST /session/86ebb79c72de266112eececc171e51a0/execute/async - {"script":"<script> [776 bytes]","args":[{"enterText":"100","selector":{"id":"application-manageconditionprice-display-component---newCondition--condValue","interaction":{"idSuffix":"inner"}},"clearTextFirst":true,"interactionType":"ENTER_TEXT"}]}
RESULT: {"script":"<script> [776 bytes]","args":[{"enterText":"100","selector":{"id":"application-manageconditionprice-display-component---newCondition--condValue","interaction":{"idSuffix":"inner"}},"clearTextFirst":true,"interactionType":"ENTER_TEXT"}]}
COMMAND: POST /session/86ebb79c72de266112eececc171e51a0/execute/async - {"script":"<script> [1562 bytes]","args":[{"selector":{"id":"application-manageconditionprice-display-component---newCondition--condCurr-arrow"},"wdio_ui5_key":"applicationmanageconditionprice-display-component---newCondition--condCurr-arrow"}]}
RESULT: {"script":"<script> [1562 bytes]","args":[{"selector":{"id":"application-manageconditionprice-display-component---newCondition--condCurr-arrow"},"wdio_ui5_key":"applicationmanageconditionprice-display-component---newCondition--condCurr-arrow"}]}
RESULT: undefined
COMMAND: POST /session/86ebb79c72de266112eececc171e51a0/element - {"using":"xpath","value":"//*[@id=\"application-manageconditionprice-display-component---newCondition--condCurr-arrow\"]"}
RESULT: {"using":"xpath","value":"//*[@id=\"application-manageconditionprice-display-component---newCondition--condCurr-arrow\"]"}
COMMAND: POST /session/86ebb79c72de266112eececc171e51a0/element/f.A17C675D496C198C40B93A37572AC0F9.d.6D92F9E20165FA4C991D5774CF645661.e.3694/click - {}
RESULT: {}
COMMAND: POST /session/86ebb79c72de266112eececc171e51a0/element - {"using":"xpath","value":"//span[contains(text(), \"Euro\")]"}
COMMAND: GET /session/86ebb79c72de266112eececc171e51a0/screenshot - {}
RESULT: {"using":"xpath","value":"//span[contains(text(), \"Euro\")]"}
COMMAND: POST /session/86ebb79c72de266112eececc171e51a0/element/f.A17C675D496C198C40B93A37572AC0F9.d.6D92F9E20165FA4C991D5774CF645661.e.3778/click - {}
RESULT: {}
RESULT: {}
COMMAND: POST /session/86ebb79c72de266112eececc171e51a0/element - {"using":"xpath","value":"//button[@data-kt=\"saveButton\"]"}
COMMAND: GET /session/86ebb79c72de266112eececc171e51a0/screenshot - {}
RESULT: {"using":"xpath","value":"//button[@data-kt=\"saveButton\"]"}
COMMAND: POST /session/86ebb79c72de266112eececc171e51a0/element/f.A17C675D496C198C40B93A37572AC0F9.d.6D92F9E20165FA4C991D5774CF645661.e.3695/click - {}
RESULT: {}
RESULT: {}
COMMAND: GET /session/86ebb79c72de266112eececc171e51a0/screenshot - {}
RESULT: {}
COMMAND: POST /session/86ebb79c72de266112eececc171e51a0/execute/async - {"script":"<script> [1562 bytes]","args":[{"selector":{"id":"application-manageconditionprice-display-component---conditions--smartFilterBar-btnBasicSearch","interaction":{"idSuffix":"I"}},"wdio_ui5_key":"applicationmanageconditionprice-display-component---conditions--smartFilterBar-btnBasicSearch"}]}
RESULT: {"script":"<script> [1562 bytes]","args":[{"selector":{"id":"application-manageconditionprice-display-component---conditions--smartFilterBar-btnBasicSearch","interaction":{"idSuffix":"I"}},"wdio_ui5_key":"applicationmanageconditionprice-display-component---conditions--smartFilterBar-btnBasicSearch"}]}
RESULT: undefined
COMMAND: POST /session/86ebb79c72de266112eececc171e51a0/execute/async - {"script":"<script> [776 bytes]","args":[{"enterText":"GSUMgZaSlN","selector":{"id":"application-manageconditionprice-display-component---conditions--smartFilterBar-btnBasicSearch","interaction":{"idSuffix":"I"}},"clearTextFirst":true,"interactionType":"ENTER_TEXT"}]}
RESULT: {"script":"<script> [776 bytes]","args":[{"enterText":"GSUMgZaSlN","selector":{"id":"application-manageconditionprice-display-component---conditions--smartFilterBar-btnBasicSearch","interaction":{"idSuffix":"I"}},"clearTextFirst":true,"interactionType":"ENTER_TEXT"}]}
COMMAND: POST /session/86ebb79c72de266112eececc171e51a0/actions - {"actions":[{"id":"action16","type":"key","parameters":{},"actions":[{"type":"keyDown","value":""},{"type":"pause","duration":10},{"type":"keyUp","value":""}]}]}
RESULT: {"actions":[{"id":"action16","type":"key","parameters":{},"actions":[{"type":"keyDown","value":""},{"type":"pause","duration":10},{"type":"keyUp","value":""}]}]}
COMMAND: GET /session/86ebb79c72de266112eececc171e51a0/screenshot - {}
RESULT: {}
COMMAND: POST /session/86ebb79c72de266112eececc171e51a0/execute/async - {"script":"<script> [1562 bytes]","args":[{"selector":{"id":"application-manageconditionprice-display-component---conditions--smartFilterBar-filterItemControl_BASIC-BILL_TYPES-vhi"},"wdio_ui5_key":"applicationmanageconditionprice-display-component---conditions--smartFilterBar-filterItemControl_BASIC-BILL_TYPES-vhi"}]}
RESULT: {"script":"<script> [1562 bytes]","args":[{"selector":{"id":"application-manageconditionprice-display-component---conditions--smartFilterBar-filterItemControl_BASIC-BILL_TYPES-vhi"},"wdio_ui5_key":"applicationmanageconditionprice-display-component---conditions--smartFilterBar-filterItemControl_BASIC-BILL_TYPES-vhi"}]}
RESULT: undefined
COMMAND: POST /session/86ebb79c72de266112eececc171e51a0/element - {"using":"xpath","value":"//*[@id=\"application-manageconditionprice-display-component---conditions--smartFilterBar-filterItemControl_BASIC-BILL_TYPES-vhi\"]"}
RESULT: {"using":"xpath","value":"//*[@id=\"application-manageconditionprice-display-component---conditions--smartFilterBar-filterItemControl_BASIC-BILL_TYPES-vhi\"]"}
COMMAND: POST /session/86ebb79c72de266112eececc171e51a0/element/f.A17C675D496C198C40B93A37572AC0F9.d.6D92F9E20165FA4C991D5774CF645661.e.3794/click - {}
RESULT: {}
COMMAND: POST /session/86ebb79c72de266112eececc171e51a0/execute/async - {"script":"<script> [1562 bytes]","args":[{"selector":{"id":"application-manageconditionprice-display-component---conditions--smartFilterBar-filterItemControl_BASIC-BILL_TYPES-valueHelpDialog-smartFilterBar-btnBasicSearch","searchOpenDialogs":true,"interaction":{"idSuffix":"I"}},"wdio_ui5_key":"applicationmanageconditionprice-display-component---conditions--smartFilterBar-filterItemControl_BASIC-BILL_TYPES-valueHelpDialog-smartFilterBar-btnBasicSearch"}]}
COMMAND: GET /session/86ebb79c72de266112eececc171e51a0/screenshot - {}
RESULT: {}
RESULT: {"script":"<script> [1562 bytes]","args":[{"selector":{"id":"application-manageconditionprice-display-component---conditions--smartFilterBar-filterItemControl_BASIC-BILL_TYPES-valueHelpDialog-smartFilterBar-btnBasicSearch","searchOpenDialogs":true,"interaction":{"idSuffix":"I"}},"wdio_ui5_key":"applicationmanageconditionprice-display-component---conditions--smartFilterBar-filterItemControl_BASIC-BILL_TYPES-valueHelpDialog-smartFilterBar-btnBasicSearch"}]}
RESULT: undefined
COMMAND: POST /session/86ebb79c72de266112eececc171e51a0/execute/async - {"script":"<script> [776 bytes]","args":[{"enterText":"TB","selector":{"id":"application-manageconditionprice-display-component---conditions--smartFilterBar-filterItemControl_BASIC-BILL_TYPES-valueHelpDialog-smartFilterBar-btnBasicSearch","searchOpenDialogs":true,"interaction":{"idSuffix":"I"}},"clearTextFirst":true,"interactionType":"ENTER_TEXT"}]}
RESULT: {"script":"<script> [776 bytes]","args":[{"enterText":"TB","selector":{"id":"application-manageconditionprice-display-component---conditions--smartFilterBar-filterItemControl_BASIC-BILL_TYPES-valueHelpDialog-smartFilterBar-btnBasicSearch","searchOpenDialogs":true,"interaction":{"idSuffix":"I"}},"clearTextFirst":true,"interactionType":"ENTER_TEXT"}]}
COMMAND: POST /session/86ebb79c72de266112eececc171e51a0/actions - {"actions":[{"id":"action17","type":"key","parameters":{},"actions":[{"type":"keyDown","value":""},{"type":"pause","duration":10},{"type":"keyUp","value":""}]}]}
RESULT: {"actions":[{"id":"action17","type":"key","parameters":{},"actions":[{"type":"keyDown","value":""},{"type":"pause","duration":10},{"type":"keyUp","value":""}]}]}
COMMAND: GET /session/86ebb79c72de266112eececc171e51a0/screenshot - {}
RESULT: {}
COMMAND: POST /session/86ebb79c72de266112eececc171e51a0/element - {"using":"xpath","value":"//div[contains(@id, 'application-manageconditionprice-display-component---conditions--smartFilterBar-filterItemControl_BASIC-BILL_TYPES-valueHelpDialog-table-rowsel0')]"}
RESULT: {"using":"xpath","value":"//div[contains(@id, 'application-manageconditionprice-display-component---conditions--smartFilterBar-filterItemControl_BASIC-BILL_TYPES-valueHelpDialog-table-rowsel0')]"}
COMMAND: POST /session/86ebb79c72de266112eececc171e51a0/element/f.A17C675D496C198C40B93A37572AC0F9.d.6D92F9E20165FA4C991D5774CF645661.e.3804/click - {}
RESULT: {}
COMMAND: GET /session/86ebb79c72de266112eececc171e51a0/screenshot - {}
RESULT: {}
COMMAND: POST /session/86ebb79c72de266112eececc171e51a0/element - {"using":"xpath","value":"//bdi[contains(text(), \"OK\")]"}
RESULT: {"using":"xpath","value":"//bdi[contains(text(), \"OK\")]"}
COMMAND: POST /session/86ebb79c72de266112eececc171e51a0/element/f.A17C675D496C198C40B93A37572AC0F9.d.6D92F9E20165FA4C991D5774CF645661.e.3806/click - {}
RESULT: {}
COMMAND: GET /session/86ebb79c72de266112eececc171e51a0/screenshot - {}
RESULT: {}
COMMAND: POST /session/86ebb79c72de266112eececc171e51a0/element - {"using":"xpath","value":"//span[@id=\"application-manageconditionprice-display-component---conditions--smartTable-header-inner\"]"}
RESULT: {"using":"xpath","value":"//span[@id=\"application-manageconditionprice-display-component---conditions--smartTable-header-inner\"]"}
COMMAND: POST /session/86ebb79c72de266112eececc171e51a0/elements - {"using":"xpath","value":"//span[@id=\"application-manageconditionprice-display-component---conditions--smartTable-header-inner\"]"}
RESULT: {"using":"xpath","value":"//span[@id=\"application-manageconditionprice-display-component---conditions--smartTable-header-inner\"]"}
COMMAND: POST /session/86ebb79c72de266112eececc171e51a0/execute/sync - {"script":"<script> [56 bytes]","args":[{"element-6066-11e4-a52e-4f735466cecf":"f.A17C675D496C198C40B93A37572AC0F9.d.6D92F9E20165FA4C991D5774CF645661.e.3809","ELEMENT":"f.A17C675D496C198C40B93A37572AC0F9.d.6D92F9E20165FA4C991D5774CF645661.e.3809"}]}
RESULT: {"script":"<script> [56 bytes]","args":[{"element-6066-11e4-a52e-4f735466cecf":"f.A17C675D496C198C40B93A37572AC0F9.d.6D92F9E20165FA4C991D5774CF645661.e.3809","ELEMENT":"f.A17C675D496C198C40B93A37572AC0F9.d.6D92F9E20165FA4C991D5774CF645661.e.3809"}]}
COMMAND: POST /session/86ebb79c72de266112eececc171e51a0/element - {"using":"css selector","value":"#shell-header-logo"}
COMMAND: GET /session/86ebb79c72de266112eececc171e51a0/screenshot - {}
RESULT: {"using":"css selector","value":"#shell-header-logo"}
COMMAND: POST /session/86ebb79c72de266112eececc171e51a0/element/f.A17C675D496C198C40B93A37572AC0F9.d.6D92F9E20165FA4C991D5774CF645661.e.3525/click - {}
RESULT: {}
RESULT: {}
COMMAND: GET /session/86ebb79c72de266112eececc171e51a0/screenshot - {}
RESULT: {}
]]></system-out>
    </testcase>
    <testcase classname="chrome.136_0_7103_93.windows.Billing_Transfer_-_Master_data_&amp;_Intercompany_US127250" name="Should do a stock increase" time="97.881">
      <system-out><![CDATA[
COMMAND: POST /session/86ebb79c72de266112eececc171e51a0/execute/async - {"script":"<script> [1562 bytes]","args":[{"selector":{"controlType":"sap.m.GenericTile","properties":{"header":"Manage Handovers"}},"wdio_ui5_key":"sapm.GenericTile{\"header\":\"Manage Handovers\"}"}]}
RESULT: {"script":"<script> [1562 bytes]","args":[{"selector":{"controlType":"sap.m.GenericTile","properties":{"header":"Manage Handovers"}},"wdio_ui5_key":"sapm.GenericTile{\"header\":\"Manage Handovers\"}"}]}
RESULT: undefined
COMMAND: POST /session/86ebb79c72de266112eececc171e51a0/element - {"using":"xpath","value":"//*[@id=\"__tile132\"]"}
RESULT: {"using":"xpath","value":"//*[@id=\"__tile132\"]"}
COMMAND: POST /session/86ebb79c72de266112eececc171e51a0/element/f.A17C675D496C198C40B93A37572AC0F9.d.6D92F9E20165FA4C991D5774CF645661.e.2595/click - {}
RESULT: {}
COMMAND: GET /session/86ebb79c72de266112eececc171e51a0/screenshot - {}
RESULT: {}
COMMAND: POST /session/86ebb79c72de266112eececc171e51a0/elements - {"using":"xpath","value":"//span[text()='Error']"}
RESULT: {"using":"xpath","value":"//span[text()='Error']"}
COMMAND: POST /session/86ebb79c72de266112eececc171e51a0/element - {"using":"xpath","value":"//button[@data-kt=\"masterHOAddButton\"]"}
RESULT: {"using":"xpath","value":"//button[@data-kt=\"masterHOAddButton\"]"}
COMMAND: POST /session/86ebb79c72de266112eececc171e51a0/elements - {"using":"xpath","value":"//button[@data-kt=\"masterHOAddButton\"]"}
RESULT: {"using":"xpath","value":"//button[@data-kt=\"masterHOAddButton\"]"}
COMMAND: POST /session/86ebb79c72de266112eececc171e51a0/elements - {"using":"xpath","value":"//button[@data-kt=\"masterHOAddButton\"]"}
RESULT: {"using":"xpath","value":"//button[@data-kt=\"masterHOAddButton\"]"}
COMMAND: POST /session/86ebb79c72de266112eececc171e51a0/element - {"using":"xpath","value":"//button[@data-kt=\"masterHOAddButton\"]"}
RESULT: {"using":"xpath","value":"//button[@data-kt=\"masterHOAddButton\"]"}
COMMAND: POST /session/86ebb79c72de266112eececc171e51a0/execute/sync - {"script":"<script> [8489 bytes]","args":[{"element-6066-11e4-a52e-4f735466cecf":"f.A17C675D496C198C40B93A37572AC0F9.d.6D92F9E20165FA4C991D5774CF645661.e.3844","ELEMENT":"f.A17C675D496C198C40B93A37572AC0F9.d.6D92F9E20165FA4C991D5774CF645661.e.3844"}]}
RESULT: {"script":"<script> [8489 bytes]","args":[{"element-6066-11e4-a52e-4f735466cecf":"f.A17C675D496C198C40B93A37572AC0F9.d.6D92F9E20165FA4C991D5774CF645661.e.3844","ELEMENT":"f.A17C675D496C198C40B93A37572AC0F9.d.6D92F9E20165FA4C991D5774CF645661.e.3844"}]}
COMMAND: GET /session/86ebb79c72de266112eececc171e51a0/element/f.A17C675D496C198C40B93A37572AC0F9.d.6D92F9E20165FA4C991D5774CF645661.e.3844/enabled - {}
COMMAND: GET /session/86ebb79c72de266112eececc171e51a0/screenshot - {}
RESULT: {}
COMMAND: POST /session/86ebb79c72de266112eececc171e51a0/execute/sync - {"script":"<script> [8489 bytes]","args":[{"element-6066-11e4-a52e-4f735466cecf":"f.A17C675D496C198C40B93A37572AC0F9.d.6D92F9E20165FA4C991D5774CF645661.e.3844","ELEMENT":"f.A17C675D496C198C40B93A37572AC0F9.d.6D92F9E20165FA4C991D5774CF645661.e.3844"}]}
COMMAND: GET /session/86ebb79c72de266112eececc171e51a0/screenshot - {}
RESULT: {}
RESULT: {"script":"<script> [8489 bytes]","args":[{"element-6066-11e4-a52e-4f735466cecf":"f.A17C675D496C198C40B93A37572AC0F9.d.6D92F9E20165FA4C991D5774CF645661.e.3844","ELEMENT":"f.A17C675D496C198C40B93A37572AC0F9.d.6D92F9E20165FA4C991D5774CF645661.e.3844"}]}
COMMAND: POST /session/86ebb79c72de266112eececc171e51a0/execute/sync - {"script":"<script> [5351 bytes]","args":[{"element-6066-11e4-a52e-4f735466cecf":"f.A17C675D496C198C40B93A37572AC0F9.d.6D92F9E20165FA4C991D5774CF645661.e.3844","ELEMENT":"f.A17C675D496C198C40B93A37572AC0F9.d.6D92F9E20165FA4C991D5774CF645661.e.3844"}]}
COMMAND: GET /session/86ebb79c72de266112eececc171e51a0/screenshot - {}
RESULT: {}
RESULT: {"script":"<script> [5351 bytes]","args":[{"element-6066-11e4-a52e-4f735466cecf":"f.A17C675D496C198C40B93A37572AC0F9.d.6D92F9E20165FA4C991D5774CF645661.e.3844","ELEMENT":"f.A17C675D496C198C40B93A37572AC0F9.d.6D92F9E20165FA4C991D5774CF645661.e.3844"}]}
COMMAND: POST /session/86ebb79c72de266112eececc171e51a0/element/f.A17C675D496C198C40B93A37572AC0F9.d.6D92F9E20165FA4C991D5774CF645661.e.3844/click - {}
COMMAND: GET /session/86ebb79c72de266112eececc171e51a0/screenshot - {}
RESULT: {}
RESULT: {}
COMMAND: GET /session/86ebb79c72de266112eececc171e51a0/screenshot - {}
COMMAND: POST /session/86ebb79c72de266112eececc171e51a0/element - {"using":"xpath","value":"//span[contains(@id ,\"AddNewHO--typeSelect-arrow\")]"}
RESULT: {}
RESULT: {}
RESULT: {"using":"xpath","value":"//span[contains(@id ,\"AddNewHO--typeSelect-arrow\")]"}
COMMAND: POST /session/86ebb79c72de266112eececc171e51a0/element/f.A17C675D496C198C40B93A37572AC0F9.d.6D92F9E20165FA4C991D5774CF645661.e.4204/click - {}
RESULT: {}
COMMAND: GET /session/86ebb79c72de266112eececc171e51a0/screenshot - {}
RESULT: {}
COMMAND: POST /session/86ebb79c72de266112eececc171e51a0/element - {"using":"xpath","value":"(//li[contains(text(), \"stock increase yard\")])[1]"}
RESULT: {"using":"xpath","value":"(//li[contains(text(), \"stock increase yard\")])[1]"}
COMMAND: POST /session/86ebb79c72de266112eececc171e51a0/element/f.A17C675D496C198C40B93A37572AC0F9.d.6D92F9E20165FA4C991D5774CF645661.e.4205/click - {}
RESULT: {}
COMMAND: GET /session/86ebb79c72de266112eececc171e51a0/screenshot - {}
RESULT: {}
COMMAND: POST /session/86ebb79c72de266112eececc171e51a0/execute/async - {"script":"<script> [1562 bytes]","args":[{"selector":{"id":"application-managehandovers-display-component---AddNewHO--dueDate","interaction":{"idSuffix":"inner"}},"wdio_ui5_key":"applicationmanagehandovers-display-component---AddNewHO--dueDate"}]}
RESULT: {"script":"<script> [1562 bytes]","args":[{"selector":{"id":"application-managehandovers-display-component---AddNewHO--dueDate","interaction":{"idSuffix":"inner"}},"wdio_ui5_key":"applicationmanagehandovers-display-component---AddNewHO--dueDate"}]}
RESULT: undefined
COMMAND: POST /session/86ebb79c72de266112eececc171e51a0/execute/async - {"script":"<script> [6424 bytes]","args":[{"element-6066-11e4-a52e-4f735466cecf":"f.A17C675D496C198C40B93A37572AC0F9.d.6D92F9E20165FA4C991D5774CF645661.e.4209"},"setValue",["5/21/25"]]}
RESULT: {"script":"<script> [6424 bytes]","args":[{"element-6066-11e4-a52e-4f735466cecf":"f.A17C675D496C198C40B93A37572AC0F9.d.6D92F9E20165FA4C991D5774CF645661.e.4209"},"setValue",["5/21/25"]]}
COMMAND: POST /session/86ebb79c72de266112eececc171e51a0/element - {"using":"xpath","value":"//input[@id=\"generalSectionFrg--receiveYard-inner\"]"}
RESULT: {"using":"xpath","value":"//input[@id=\"generalSectionFrg--receiveYard-inner\"]"}
COMMAND: POST /session/86ebb79c72de266112eececc171e51a0/element/f.A17C675D496C198C40B93A37572AC0F9.d.6D92F9E20165FA4C991D5774CF645661.e.4213/clear - {}
RESULT: {}
COMMAND: POST /session/86ebb79c72de266112eececc171e51a0/element/f.A17C675D496C198C40B93A37572AC0F9.d.6D92F9E20165FA4C991D5774CF645661.e.4213/value - {"text":"640"}
COMMAND: GET /session/86ebb79c72de266112eececc171e51a0/screenshot - {}
RESULT: {"text":"640"}
COMMAND: GET /session/86ebb79c72de266112eececc171e51a0/screenshot - {}
RESULT: {}
RESULT: {}
COMMAND: POST /session/86ebb79c72de266112eececc171e51a0/element - {"using":"xpath","value":"//li[.//span[text()='640']]"}
RESULT: {"using":"xpath","value":"//li[.//span[text()='640']]"}
COMMAND: POST /session/86ebb79c72de266112eececc171e51a0/element/f.A17C675D496C198C40B93A37572AC0F9.d.6D92F9E20165FA4C991D5774CF645661.e.4229/click - {}
RESULT: {}
COMMAND: GET /session/86ebb79c72de266112eececc171e51a0/screenshot - {}
RESULT: {}
COMMAND: POST /session/86ebb79c72de266112eececc171e51a0/execute/async - {"script":"<script> [1562 bytes]","args":[{"selector":{"id":"application-managehandovers-display-component---AddNewHO--ObjectPageLayout-anchBar-application-managehandovers-display-component---AddNewHO--section4-anchor","interaction":{"idSuffix":"BDI-content"}},"wdio_ui5_key":"applicationmanagehandovers-display-component---AddNewHO--ObjectPageLayout-anchBar-application-managehandovers-display-component---AddNewHO--section4-anchor"}]}
RESULT: {"script":"<script> [1562 bytes]","args":[{"selector":{"id":"application-managehandovers-display-component---AddNewHO--ObjectPageLayout-anchBar-application-managehandovers-display-component---AddNewHO--section4-anchor","interaction":{"idSuffix":"BDI-content"}},"wdio_ui5_key":"applicationmanagehandovers-display-component---AddNewHO--ObjectPageLayout-anchBar-application-managehandovers-display-component---AddNewHO--section4-anchor"}]}
RESULT: undefined
COMMAND: POST /session/86ebb79c72de266112eececc171e51a0/element - {"using":"xpath","value":"//*[@id=\"application-managehandovers-display-component---AddNewHO--ObjectPageLayout-anchBar-application-managehandovers-display-component---AddNewHO--section4-anchor\"]"}
RESULT: {"using":"xpath","value":"//*[@id=\"application-managehandovers-display-component---AddNewHO--ObjectPageLayout-anchBar-application-managehandovers-display-component---AddNewHO--section4-anchor\"]"}
COMMAND: POST /session/86ebb79c72de266112eececc171e51a0/element/f.A17C675D496C198C40B93A37572AC0F9.d.6D92F9E20165FA4C991D5774CF645661.e.4231/click - {}
RESULT: {}
COMMAND: POST /session/86ebb79c72de266112eececc171e51a0/element - {"using":"xpath","value":"//button[@aria-label=\"Add\"]"}
COMMAND: GET /session/86ebb79c72de266112eececc171e51a0/screenshot - {}
RESULT: {"using":"xpath","value":"//button[@aria-label=\"Add\"]"}
COMMAND: POST /session/86ebb79c72de266112eececc171e51a0/element/f.A17C675D496C198C40B93A37572AC0F9.d.6D92F9E20165FA4C991D5774CF645661.e.4234/click - {}
RESULT: {}
RESULT: {}
COMMAND: GET /session/86ebb79c72de266112eececc171e51a0/screenshot - {}
RESULT: {}
COMMAND: POST /session/86ebb79c72de266112eececc171e51a0/execute/async - {"script":"<script> [1562 bytes]","args":[{"selector":{"id":"application-managehandovers-display-component---AddNewHO--smartFilterBar-btnBasicSearch","searchOpenDialogs":true,"interaction":{"idSuffix":"I"}},"wdio_ui5_key":"applicationmanagehandovers-display-component---AddNewHO--smartFilterBar-btnBasicSearch"}]}
RESULT: {"script":"<script> [1562 bytes]","args":[{"selector":{"id":"application-managehandovers-display-component---AddNewHO--smartFilterBar-btnBasicSearch","searchOpenDialogs":true,"interaction":{"idSuffix":"I"}},"wdio_ui5_key":"applicationmanagehandovers-display-component---AddNewHO--smartFilterBar-btnBasicSearch"}]}
RESULT: undefined
COMMAND: POST /session/86ebb79c72de266112eececc171e51a0/execute/async - {"script":"<script> [776 bytes]","args":[{"enterText":"GSUMgZaSlN","selector":{"id":"application-managehandovers-display-component---AddNewHO--smartFilterBar-btnBasicSearch","searchOpenDialogs":true,"interaction":{"idSuffix":"I"}},"clearTextFirst":true,"interactionType":"ENTER_TEXT"}]}
RESULT: {"script":"<script> [776 bytes]","args":[{"enterText":"GSUMgZaSlN","selector":{"id":"application-managehandovers-display-component---AddNewHO--smartFilterBar-btnBasicSearch","searchOpenDialogs":true,"interaction":{"idSuffix":"I"}},"clearTextFirst":true,"interactionType":"ENTER_TEXT"}]}
COMMAND: POST /session/86ebb79c72de266112eececc171e51a0/actions - {"actions":[{"id":"action18","type":"key","parameters":{},"actions":[{"type":"keyDown","value":""},{"type":"pause","duration":10},{"type":"keyUp","value":""}]}]}
RESULT: {"actions":[{"id":"action18","type":"key","parameters":{},"actions":[{"type":"keyDown","value":""},{"type":"pause","duration":10},{"type":"keyUp","value":""}]}]}
COMMAND: GET /session/86ebb79c72de266112eececc171e51a0/screenshot - {}
RESULT: {}
COMMAND: POST /session/86ebb79c72de266112eececc171e51a0/execute/async - {"script":"<script> [1562 bytes]","args":[{"selector":{"id":"application-managehandovers-display-component---AddNewHO--popup-sa","searchOpenDialogs":true,"interaction":{"idSuffix":"CbBg"}},"wdio_ui5_key":"applicationmanagehandovers-display-component---AddNewHO--popup-sa"}]}
RESULT: {"script":"<script> [1562 bytes]","args":[{"selector":{"id":"application-managehandovers-display-component---AddNewHO--popup-sa","searchOpenDialogs":true,"interaction":{"idSuffix":"CbBg"}},"wdio_ui5_key":"applicationmanagehandovers-display-component---AddNewHO--popup-sa"}]}
RESULT: undefined
COMMAND: POST /session/86ebb79c72de266112eececc171e51a0/element - {"using":"xpath","value":"//*[@id=\"application-managehandovers-display-component---AddNewHO--popup-sa\"]"}
RESULT: {"using":"xpath","value":"//*[@id=\"application-managehandovers-display-component---AddNewHO--popup-sa\"]"}
COMMAND: POST /session/86ebb79c72de266112eececc171e51a0/element/f.A17C675D496C198C40B93A37572AC0F9.d.6D92F9E20165FA4C991D5774CF645661.e.4387/click - {}
RESULT: {}
COMMAND: GET /session/86ebb79c72de266112eececc171e51a0/screenshot - {}
RESULT: {}
COMMAND: POST /session/86ebb79c72de266112eececc171e51a0/element - {"using":"xpath","value":"//bdi[contains(text(), \"Select\")]"}
RESULT: {"using":"xpath","value":"//bdi[contains(text(), \"Select\")]"}
COMMAND: POST /session/86ebb79c72de266112eececc171e51a0/element/f.A17C675D496C198C40B93A37572AC0F9.d.6D92F9E20165FA4C991D5774CF645661.e.4388/click - {}
RESULT: {}
COMMAND: GET /session/86ebb79c72de266112eececc171e51a0/screenshot - {}
RESULT: {}
COMMAND: POST /session/86ebb79c72de266112eececc171e51a0/element - {"using":"xpath","value":"//button[@data-kt=\"AddNewHOSaveButton\"]"}
RESULT: {"using":"xpath","value":"//button[@data-kt=\"AddNewHOSaveButton\"]"}
COMMAND: POST /session/86ebb79c72de266112eececc171e51a0/element/f.A17C675D496C198C40B93A37572AC0F9.d.6D92F9E20165FA4C991D5774CF645661.e.4392/click - {}
RESULT: {}
COMMAND: GET /session/86ebb79c72de266112eececc171e51a0/screenshot - {}
RESULT: {}
COMMAND: POST /session/86ebb79c72de266112eececc171e51a0/execute/async - {"script":"<script> [1562 bytes]","args":[{"selector":{"id":"receiptDatePicker","viewName":"etm.portal.ui.managehandovers.view.DetailExecuteHO","interaction":{"idSuffix":"inner"}},"wdio_ui5_key":"receiptDatePickeretmportal.ui.managehandovers.view.DetailExecuteHO"}]}
RESULT: {"script":"<script> [1562 bytes]","args":[{"selector":{"id":"receiptDatePicker","viewName":"etm.portal.ui.managehandovers.view.DetailExecuteHO","interaction":{"idSuffix":"inner"}},"wdio_ui5_key":"receiptDatePickeretmportal.ui.managehandovers.view.DetailExecuteHO"}]}
RESULT: undefined
COMMAND: POST /session/86ebb79c72de266112eececc171e51a0/execute/async - {"script":"<script> [6424 bytes]","args":[{"element-6066-11e4-a52e-4f735466cecf":"f.A17C675D496C198C40B93A37572AC0F9.d.6D92F9E20165FA4C991D5774CF645661.e.4412"},"setValue",["5/21/25"]]}
RESULT: {"script":"<script> [6424 bytes]","args":[{"element-6066-11e4-a52e-4f735466cecf":"f.A17C675D496C198C40B93A37572AC0F9.d.6D92F9E20165FA4C991D5774CF645661.e.4412"},"setValue",["5/21/25"]]}
COMMAND: POST /session/86ebb79c72de266112eececc171e51a0/element - {"using":"xpath","value":"//button[@data-kt=\"PickingTableConfirmAllButton\"]"}
RESULT: {"using":"xpath","value":"//button[@data-kt=\"PickingTableConfirmAllButton\"]"}
COMMAND: POST /session/86ebb79c72de266112eececc171e51a0/element/f.A17C675D496C198C40B93A37572AC0F9.d.6D92F9E20165FA4C991D5774CF645661.e.4428/click - {}
RESULT: {}
COMMAND: GET /session/86ebb79c72de266112eececc171e51a0/screenshot - {}
RESULT: {}
COMMAND: POST /session/86ebb79c72de266112eececc171e51a0/element - {"using":"xpath","value":"//bdi[contains(text(), \"OK\")]"}
RESULT: {"using":"xpath","value":"//bdi[contains(text(), \"OK\")]"}
COMMAND: POST /session/86ebb79c72de266112eececc171e51a0/element/f.A17C675D496C198C40B93A37572AC0F9.d.6D92F9E20165FA4C991D5774CF645661.e.4430/click - {}
RESULT: {}
COMMAND: GET /session/86ebb79c72de266112eececc171e51a0/screenshot - {}
RESULT: {}
COMMAND: POST /session/86ebb79c72de266112eececc171e51a0/element - {"using":"xpath","value":"(//bdi[contains(text(), \"Receive\")])[2]"}
RESULT: {"using":"xpath","value":"(//bdi[contains(text(), \"Receive\")])[2]"}
COMMAND: POST /session/86ebb79c72de266112eececc171e51a0/element/f.A17C675D496C198C40B93A37572AC0F9.d.6D92F9E20165FA4C991D5774CF645661.e.4432/click - {}
RESULT: {}
COMMAND: GET /session/86ebb79c72de266112eececc171e51a0/screenshot - {}
RESULT: {}
COMMAND: POST /session/86ebb79c72de266112eececc171e51a0/element - {"using":"css selector","value":"#shell-header-logo"}
RESULT: {"using":"css selector","value":"#shell-header-logo"}
COMMAND: POST /session/86ebb79c72de266112eececc171e51a0/element/f.A17C675D496C198C40B93A37572AC0F9.d.6D92F9E20165FA4C991D5774CF645661.e.3816/click - {}
RESULT: {}
COMMAND: GET /session/86ebb79c72de266112eececc171e51a0/screenshot - {}
RESULT: {}
]]></system-out>
    </testcase>
    <testcase classname="chrome.136_0_7103_93.windows.Billing_Transfer_-_Master_data_&amp;_Intercompany_US127250" name="Should create a new contract" time="82.708">
      <system-out><![CDATA[
COMMAND: POST /session/86ebb79c72de266112eececc171e51a0/execute/async - {"script":"<script> [1562 bytes]","args":[{"selector":{"controlType":"sap.m.GenericTile","properties":{"header":"Manage Contracts"}},"wdio_ui5_key":"sapm.GenericTile{\"header\":\"Manage Contracts\"}"}]}
RESULT: {"script":"<script> [1562 bytes]","args":[{"selector":{"controlType":"sap.m.GenericTile","properties":{"header":"Manage Contracts"}},"wdio_ui5_key":"sapm.GenericTile{\"header\":\"Manage Contracts\"}"}]}
RESULT: undefined
COMMAND: POST /session/86ebb79c72de266112eececc171e51a0/element - {"using":"xpath","value":"//*[@id=\"__tile130\"]"}
RESULT: {"using":"xpath","value":"//*[@id=\"__tile130\"]"}
COMMAND: POST /session/86ebb79c72de266112eececc171e51a0/element/f.A17C675D496C198C40B93A37572AC0F9.d.6D92F9E20165FA4C991D5774CF645661.e.2584/click - {}
RESULT: {}
COMMAND: GET /session/86ebb79c72de266112eececc171e51a0/screenshot - {}
RESULT: {}
COMMAND: POST /session/86ebb79c72de266112eececc171e51a0/elements - {"using":"xpath","value":"//span[text()='Error']"}
RESULT: {"using":"xpath","value":"//span[text()='Error']"}
COMMAND: POST /session/86ebb79c72de266112eececc171e51a0/element - {"using":"xpath","value":"//button[@data-kt=\"addButton\"]"}
RESULT: {"using":"xpath","value":"//button[@data-kt=\"addButton\"]"}
COMMAND: POST /session/86ebb79c72de266112eececc171e51a0/elements - {"using":"xpath","value":"//button[@data-kt=\"addButton\"]"}
RESULT: {"using":"xpath","value":"//button[@data-kt=\"addButton\"]"}
COMMAND: POST /session/86ebb79c72de266112eececc171e51a0/execute/sync - {"script":"<script> [8489 bytes]","args":[{"element-6066-11e4-a52e-4f735466cecf":"f.A17C675D496C198C40B93A37572AC0F9.d.6D92F9E20165FA4C991D5774CF645661.e.4653","ELEMENT":"f.A17C675D496C198C40B93A37572AC0F9.d.6D92F9E20165FA4C991D5774CF645661.e.4653"}]}
RESULT: {"script":"<script> [8489 bytes]","args":[{"element-6066-11e4-a52e-4f735466cecf":"f.A17C675D496C198C40B93A37572AC0F9.d.6D92F9E20165FA4C991D5774CF645661.e.4653","ELEMENT":"f.A17C675D496C198C40B93A37572AC0F9.d.6D92F9E20165FA4C991D5774CF645661.e.4653"}]}
COMMAND: GET /session/86ebb79c72de266112eececc171e51a0/element/f.A17C675D496C198C40B93A37572AC0F9.d.6D92F9E20165FA4C991D5774CF645661.e.4653/enabled - {}
COMMAND: GET /session/86ebb79c72de266112eececc171e51a0/screenshot - {}
RESULT: {}
COMMAND: POST /session/86ebb79c72de266112eececc171e51a0/execute/sync - {"script":"<script> [8489 bytes]","args":[{"element-6066-11e4-a52e-4f735466cecf":"f.A17C675D496C198C40B93A37572AC0F9.d.6D92F9E20165FA4C991D5774CF645661.e.4653","ELEMENT":"f.A17C675D496C198C40B93A37572AC0F9.d.6D92F9E20165FA4C991D5774CF645661.e.4653"}]}
COMMAND: GET /session/86ebb79c72de266112eececc171e51a0/screenshot - {}
RESULT: {}
RESULT: {"script":"<script> [8489 bytes]","args":[{"element-6066-11e4-a52e-4f735466cecf":"f.A17C675D496C198C40B93A37572AC0F9.d.6D92F9E20165FA4C991D5774CF645661.e.4653","ELEMENT":"f.A17C675D496C198C40B93A37572AC0F9.d.6D92F9E20165FA4C991D5774CF645661.e.4653"}]}
COMMAND: POST /session/86ebb79c72de266112eececc171e51a0/execute/sync - {"script":"<script> [5351 bytes]","args":[{"element-6066-11e4-a52e-4f735466cecf":"f.A17C675D496C198C40B93A37572AC0F9.d.6D92F9E20165FA4C991D5774CF645661.e.4653","ELEMENT":"f.A17C675D496C198C40B93A37572AC0F9.d.6D92F9E20165FA4C991D5774CF645661.e.4653"}]}
COMMAND: GET /session/86ebb79c72de266112eececc171e51a0/screenshot - {}
RESULT: {}
RESULT: {"script":"<script> [5351 bytes]","args":[{"element-6066-11e4-a52e-4f735466cecf":"f.A17C675D496C198C40B93A37572AC0F9.d.6D92F9E20165FA4C991D5774CF645661.e.4653","ELEMENT":"f.A17C675D496C198C40B93A37572AC0F9.d.6D92F9E20165FA4C991D5774CF645661.e.4653"}]}
COMMAND: GET /session/86ebb79c72de266112eececc171e51a0/screenshot - {}
RESULT: {}
RESULT: {}
COMMAND: POST /session/86ebb79c72de266112eececc171e51a0/element/f.A17C675D496C198C40B93A37572AC0F9.d.6D92F9E20165FA4C991D5774CF645661.e.4653/click - {}
RESULT: {}
COMMAND: GET /session/86ebb79c72de266112eececc171e51a0/screenshot - {}
COMMAND: POST /session/86ebb79c72de266112eececc171e51a0/execute/async - {"script":"<script> [1562 bytes]","args":[{"selector":{"id":"application-managecontracts-display-component---AddNewContract--projectDescription","interaction":{"idSuffix":"inner"}},"wdio_ui5_key":"applicationmanagecontracts-display-component---AddNewContract--projectDescription"}]}
RESULT: {}
RESULT: {"script":"<script> [1562 bytes]","args":[{"selector":{"id":"application-managecontracts-display-component---AddNewContract--projectDescription","interaction":{"idSuffix":"inner"}},"wdio_ui5_key":"applicationmanagecontracts-display-component---AddNewContract--projectDescription"}]}
RESULT: undefined
COMMAND: POST /session/86ebb79c72de266112eececc171e51a0/execute/async - {"script":"<script> [776 bytes]","args":[{"enterText":"Intercompany Contract WDIO","selector":{"id":"application-managecontracts-display-component---AddNewContract--projectDescription","interaction":{"idSuffix":"inner"}},"clearTextFirst":true,"interactionType":"ENTER_TEXT"}]}
RESULT: {"script":"<script> [776 bytes]","args":[{"enterText":"Intercompany Contract WDIO","selector":{"id":"application-managecontracts-display-component---AddNewContract--projectDescription","interaction":{"idSuffix":"inner"}},"clearTextFirst":true,"interactionType":"ENTER_TEXT"}]}
COMMAND: POST /session/86ebb79c72de266112eececc171e51a0/element - {"using":"xpath","value":"//input[@id=\"application-managecontracts-display-component---AddNewContract--site-inner\"]"}
RESULT: {"using":"xpath","value":"//input[@id=\"application-managecontracts-display-component---AddNewContract--site-inner\"]"}
COMMAND: POST /session/86ebb79c72de266112eececc171e51a0/element/f.A17C675D496C198C40B93A37572AC0F9.d.6D92F9E20165FA4C991D5774CF645661.e.5022/clear - {}
RESULT: {}
COMMAND: POST /session/86ebb79c72de266112eececc171e51a0/element/f.A17C675D496C198C40B93A37572AC0F9.d.6D92F9E20165FA4C991D5774CF645661.e.5022/value - {"text":"2341"}
COMMAND: GET /session/86ebb79c72de266112eececc171e51a0/screenshot - {}
RESULT: {"text":"2341"}
COMMAND: GET /session/86ebb79c72de266112eececc171e51a0/screenshot - {}
RESULT: {}
RESULT: {}
COMMAND: POST /session/86ebb79c72de266112eececc171e51a0/element - {"using":"xpath","value":"//li[.//span[text()='2341']]"}
RESULT: {"using":"xpath","value":"//li[.//span[text()='2341']]"}
COMMAND: POST /session/86ebb79c72de266112eececc171e51a0/element/f.A17C675D496C198C40B93A37572AC0F9.d.6D92F9E20165FA4C991D5774CF645661.e.5050/click - {}
RESULT: {}
COMMAND: GET /session/86ebb79c72de266112eececc171e51a0/screenshot - {}
RESULT: {}
COMMAND: POST /session/86ebb79c72de266112eececc171e51a0/element - {"using":"xpath","value":"//input[@id=\"application-managecontracts-display-component---AddNewContract--yardId-inner\"]"}
RESULT: {"using":"xpath","value":"//input[@id=\"application-managecontracts-display-component---AddNewContract--yardId-inner\"]"}
COMMAND: GET /session/86ebb79c72de266112eececc171e51a0/element/f.A17C675D496C198C40B93A37572AC0F9.d.6D92F9E20165FA4C991D5774CF645661.e.5023/property/value - {}
RESULT: {}
COMMAND: POST /session/86ebb79c72de266112eececc171e51a0/element - {"using":"xpath","value":"//input[@id=\"application-managecontracts-display-component---AddNewContract--customerSelect-inner\"]"}
COMMAND: GET /session/86ebb79c72de266112eececc171e51a0/screenshot - {}
RESULT: {"using":"xpath","value":"//input[@id=\"application-managecontracts-display-component---AddNewContract--customerSelect-inner\"]"}
COMMAND: POST /session/86ebb79c72de266112eececc171e51a0/element/f.A17C675D496C198C40B93A37572AC0F9.d.6D92F9E20165FA4C991D5774CF645661.e.5021/clear - {}
RESULT: {}
RESULT: {}
COMMAND: POST /session/86ebb79c72de266112eececc171e51a0/element/f.A17C675D496C198C40B93A37572AC0F9.d.6D92F9E20165FA4C991D5774CF645661.e.5021/value - {"text":"1406"}
COMMAND: GET /session/86ebb79c72de266112eececc171e51a0/screenshot - {}
RESULT: {"text":"1406"}
COMMAND: GET /session/86ebb79c72de266112eececc171e51a0/screenshot - {}
COMMAND: POST /session/86ebb79c72de266112eececc171e51a0/element - {"using":"xpath","value":"//li[.//span[text()='1406']]"}
RESULT: {}
RESULT: {}
RESULT: {"using":"xpath","value":"//li[.//span[text()='1406']]"}
COMMAND: POST /session/86ebb79c72de266112eececc171e51a0/element/f.A17C675D496C198C40B93A37572AC0F9.d.6D92F9E20165FA4C991D5774CF645661.e.5053/click - {}
RESULT: {}
COMMAND: GET /session/86ebb79c72de266112eececc171e51a0/screenshot - {}
RESULT: {}
COMMAND: POST /session/86ebb79c72de266112eececc171e51a0/element - {"using":"xpath","value":"//button[@data-kt=\"saveButton\"]"}
RESULT: {"using":"xpath","value":"//button[@data-kt=\"saveButton\"]"}
COMMAND: POST /session/86ebb79c72de266112eececc171e51a0/element/f.A17C675D496C198C40B93A37572AC0F9.d.6D92F9E20165FA4C991D5774CF645661.e.5054/click - {}
RESULT: {}
COMMAND: GET /session/86ebb79c72de266112eececc171e51a0/screenshot - {}
RESULT: {}
COMMAND: POST /session/86ebb79c72de266112eececc171e51a0/element - {"using":"xpath","value":"//span[contains(@id ,\"contractDetailTitleNoExpanded\")]"}
RESULT: {"using":"xpath","value":"//span[contains(@id ,\"contractDetailTitleNoExpanded\")]"}
COMMAND: POST /session/86ebb79c72de266112eececc171e51a0/elements - {"using":"xpath","value":"//span[contains(@id ,\"contractDetailTitleNoExpanded\")]"}
RESULT: {"using":"xpath","value":"//span[contains(@id ,\"contractDetailTitleNoExpanded\")]"}
COMMAND: POST /session/86ebb79c72de266112eececc171e51a0/execute/sync - {"script":"<script> [56 bytes]","args":[{"element-6066-11e4-a52e-4f735466cecf":"f.A17C675D496C198C40B93A37572AC0F9.d.6D92F9E20165FA4C991D5774CF645661.e.5066","ELEMENT":"f.A17C675D496C198C40B93A37572AC0F9.d.6D92F9E20165FA4C991D5774CF645661.e.5066"}]}
RESULT: {"script":"<script> [56 bytes]","args":[{"element-6066-11e4-a52e-4f735466cecf":"f.A17C675D496C198C40B93A37572AC0F9.d.6D92F9E20165FA4C991D5774CF645661.e.5066","ELEMENT":"f.A17C675D496C198C40B93A37572AC0F9.d.6D92F9E20165FA4C991D5774CF645661.e.5066"}]}
COMMAND: GET /session/86ebb79c72de266112eececc171e51a0/screenshot - {}
RESULT: {}
]]></system-out>
    </testcase>
    <testcase classname="chrome.136_0_7103_93.windows.Billing_Transfer_-_Master_data_&amp;_Intercompany_US127250" name="Should add equipment to the contract" time="49.035">
      <system-out><![CDATA[
COMMAND: POST /session/86ebb79c72de266112eececc171e51a0/element - {"using":"xpath","value":"//button[@data-kt=\"contractDetailEditBtnButton\"]"}
RESULT: {"using":"xpath","value":"//button[@data-kt=\"contractDetailEditBtnButton\"]"}
COMMAND: POST /session/86ebb79c72de266112eececc171e51a0/element/f.A17C675D496C198C40B93A37572AC0F9.d.6D92F9E20165FA4C991D5774CF645661.e.5067/click - {}
RESULT: {}
COMMAND: GET /session/86ebb79c72de266112eececc171e51a0/screenshot - {}
RESULT: {}
COMMAND: POST /session/86ebb79c72de266112eececc171e51a0/element - {"using":"xpath","value":"(//span[contains(text(), \"Additional Addresses\")])[2]"}
RESULT: {"using":"xpath","value":"(//span[contains(text(), \"Additional Addresses\")])[2]"}
COMMAND: POST /session/86ebb79c72de266112eececc171e51a0/element/f.A17C675D496C198C40B93A37572AC0F9.d.6D92F9E20165FA4C991D5774CF645661.e.5122/click - {}
RESULT: {}
COMMAND: GET /session/86ebb79c72de266112eececc171e51a0/screenshot - {}
RESULT: {}
COMMAND: POST /session/86ebb79c72de266112eececc171e51a0/element - {"using":"xpath","value":"//button[@data-kt=\"btnAddTableRowOverflowToolbarButton\"]"}
RESULT: {"using":"xpath","value":"//button[@data-kt=\"btnAddTableRowOverflowToolbarButton\"]"}
COMMAND: POST /session/86ebb79c72de266112eececc171e51a0/element/f.A17C675D496C198C40B93A37572AC0F9.d.6D92F9E20165FA4C991D5774CF645661.e.5126/click - {}
RESULT: {}
COMMAND: GET /session/86ebb79c72de266112eececc171e51a0/screenshot - {}
RESULT: {}
COMMAND: POST /session/86ebb79c72de266112eececc171e51a0/element - {"using":"xpath","value":"//div[(text() = 'Standard Entry' or . = 'Standard Entry')]"}
RESULT: {"using":"xpath","value":"//div[(text() = 'Standard Entry' or . = 'Standard Entry')]"}
COMMAND: POST /session/86ebb79c72de266112eececc171e51a0/element/f.A17C675D496C198C40B93A37572AC0F9.d.6D92F9E20165FA4C991D5774CF645661.e.5128/click - {}
RESULT: {}
COMMAND: GET /session/86ebb79c72de266112eececc171e51a0/screenshot - {}
RESULT: {}
COMMAND: POST /session/86ebb79c72de266112eececc171e51a0/element - {"using":"xpath","value":"//td[7]/div/div/input"}
RESULT: {"using":"xpath","value":"//td[7]/div/div/input"}
COMMAND: POST /session/86ebb79c72de266112eececc171e51a0/element/f.A17C675D496C198C40B93A37572AC0F9.d.6D92F9E20165FA4C991D5774CF645661.e.5137/clear - {}
RESULT: {}
COMMAND: POST /session/86ebb79c72de266112eececc171e51a0/element/f.A17C675D496C198C40B93A37572AC0F9.d.6D92F9E20165FA4C991D5774CF645661.e.5137/value - {"text":"GSUMgZaSlN"}
COMMAND: GET /session/86ebb79c72de266112eececc171e51a0/screenshot - {}
RESULT: {"text":"GSUMgZaSlN"}
COMMAND: GET /session/86ebb79c72de266112eececc171e51a0/screenshot - {}
RESULT: {}
RESULT: {}
COMMAND: POST /session/86ebb79c72de266112eececc171e51a0/actions - {"actions":[{"id":"action19","type":"key","parameters":{},"actions":[{"type":"keyDown","value":""},{"type":"pause","duration":10},{"type":"keyUp","value":""}]}]}
RESULT: {"actions":[{"id":"action19","type":"key","parameters":{},"actions":[{"type":"keyDown","value":""},{"type":"pause","duration":10},{"type":"keyUp","value":""}]}]}
COMMAND: GET /session/86ebb79c72de266112eececc171e51a0/screenshot - {}
RESULT: {}
COMMAND: POST /session/86ebb79c72de266112eececc171e51a0/execute/sync - {"script":"<script> [276 bytes]","args":["No pricing information was found"]}
RESULT: {"script":"<script> [276 bytes]","args":["No pricing information was found"]}
COMMAND: POST /session/86ebb79c72de266112eececc171e51a0/element - {"using":"xpath","value":"(//button[@data-kt=\"saveButton\"])[2]"}
COMMAND: GET /session/86ebb79c72de266112eececc171e51a0/screenshot - {}
RESULT: {"using":"xpath","value":"(//button[@data-kt=\"saveButton\"])[2]"}
COMMAND: POST /session/86ebb79c72de266112eececc171e51a0/element/f.A17C675D496C198C40B93A37572AC0F9.d.6D92F9E20165FA4C991D5774CF645661.e.5152/click - {}
RESULT: {}
RESULT: {}
COMMAND: GET /session/86ebb79c72de266112eececc171e51a0/screenshot - {}
RESULT: {}
COMMAND: POST /session/86ebb79c72de266112eececc171e51a0/execute/sync - {"script":"<script> [276 bytes]","args":["Some contract items are having rental validity exceeding header rental validity"]}
RESULT: {"script":"<script> [276 bytes]","args":["Some contract items are having rental validity exceeding header rental validity"]}
COMMAND: GET /session/86ebb79c72de266112eececc171e51a0/screenshot - {}
RESULT: {}
COMMAND: POST /session/86ebb79c72de266112eececc171e51a0/element - {"using":"xpath","value":"//span[contains(@id ,\"contractItemsSmartTable-header-inner\")]"}
RESULT: {"using":"xpath","value":"//span[contains(@id ,\"contractItemsSmartTable-header-inner\")]"}
COMMAND: POST /session/86ebb79c72de266112eececc171e51a0/elements - {"using":"xpath","value":"//span[contains(@id ,\"contractItemsSmartTable-header-inner\")]"}
RESULT: {"using":"xpath","value":"//span[contains(@id ,\"contractItemsSmartTable-header-inner\")]"}
COMMAND: POST /session/86ebb79c72de266112eececc171e51a0/execute/sync - {"script":"<script> [56 bytes]","args":[{"element-6066-11e4-a52e-4f735466cecf":"f.A17C675D496C198C40B93A37572AC0F9.d.6D92F9E20165FA4C991D5774CF645661.e.5160","ELEMENT":"f.A17C675D496C198C40B93A37572AC0F9.d.6D92F9E20165FA4C991D5774CF645661.e.5160"}]}
RESULT: {"script":"<script> [56 bytes]","args":[{"element-6066-11e4-a52e-4f735466cecf":"f.A17C675D496C198C40B93A37572AC0F9.d.6D92F9E20165FA4C991D5774CF645661.e.5160","ELEMENT":"f.A17C675D496C198C40B93A37572AC0F9.d.6D92F9E20165FA4C991D5774CF645661.e.5160"}]}
COMMAND: GET /session/86ebb79c72de266112eececc171e51a0/screenshot - {}
]]></system-out>
    </testcase>
    <testcase classname="chrome.136_0_7103_93.windows.Billing_Transfer_-_Master_data_&amp;_Intercompany_US127250" name="Should do a provide to site handover" time="64.26">
      <system-out><![CDATA[
COMMAND: POST /session/86ebb79c72de266112eececc171e51a0/element - {"using":"xpath","value":"//button[@data-kt=\"provideButton\"]"}
RESULT: {}
RESULT: {"using":"xpath","value":"//button[@data-kt=\"provideButton\"]"}
COMMAND: POST /session/86ebb79c72de266112eececc171e51a0/element/f.A17C675D496C198C40B93A37572AC0F9.d.6D92F9E20165FA4C991D5774CF645661.e.5161/click - {}
RESULT: {}
COMMAND: GET /session/86ebb79c72de266112eececc171e51a0/screenshot - {}
RESULT: {}
RESULT: undefined
COMMAND: POST /session/86ebb79c72de266112eececc171e51a0/execute/async - {"script":"<script> [6424 bytes]","args":[{"element-6066-11e4-a52e-4f735466cecf":"f.A17C675D496C198C40B93A37572AC0F9.d.6D92F9E20165FA4C991D5774CF645661.e.4209"},"setValue",["5/21/25"]]}
COMMAND: POST /session/86ebb79c72de266112eececc171e51a0/execute/async - {"script":"<script> [1562 bytes]","args":[{"selector":{"id":"application-managehandovers-display-component---AddNewHO--dueDate","interaction":{"idSuffix":"inner"}},"wdio_ui5_key":"applicationmanagehandovers-display-component---AddNewHO--dueDate"}]}
RESULT: {"script":"<script> [1562 bytes]","args":[{"selector":{"id":"application-managehandovers-display-component---AddNewHO--dueDate","interaction":{"idSuffix":"inner"}},"wdio_ui5_key":"applicationmanagehandovers-display-component---AddNewHO--dueDate"}]}
COMMAND: POST /session/86ebb79c72de266112eececc171e51a0/execute/async - {"script":"<script> [6424 bytes]","args":[{"element-6066-11e4-a52e-4f735466cecf":"f.A17C675D496C198C40B93A37572AC0F9.d.6D92F9E20165FA4C991D5774CF645661.e.5218"},"setValue",["5/21/25"]]}
RESULT: {"script":"<script> [6424 bytes]","args":[{"element-6066-11e4-a52e-4f735466cecf":"f.A17C675D496C198C40B93A37572AC0F9.d.6D92F9E20165FA4C991D5774CF645661.e.5218"},"setValue",["5/21/25"]]}
COMMAND: POST /session/86ebb79c72de266112eececc171e51a0/element - {"using":"xpath","value":"//bdi[contains(text(), \"Instructions\")]"}
RESULT: {"using":"xpath","value":"//bdi[contains(text(), \"Instructions\")]"}
COMMAND: POST /session/86ebb79c72de266112eececc171e51a0/element/f.A17C675D496C198C40B93A37572AC0F9.d.6D92F9E20165FA4C991D5774CF645661.e.5346/click - {}
RESULT: {}
COMMAND: GET /session/86ebb79c72de266112eececc171e51a0/screenshot - {}
RESULT: {}
COMMAND: POST /session/86ebb79c72de266112eececc171e51a0/element - {"using":"xpath","value":"//button[@data-kt=\"AddNewHOProvideAddItemsButton\"]"}
RESULT: {"using":"xpath","value":"//button[@data-kt=\"AddNewHOProvideAddItemsButton\"]"}
COMMAND: POST /session/86ebb79c72de266112eececc171e51a0/element/f.A17C675D496C198C40B93A37572AC0F9.d.6D92F9E20165FA4C991D5774CF645661.e.5350/click - {}
RESULT: {}
COMMAND: GET /session/86ebb79c72de266112eececc171e51a0/screenshot - {}
RESULT: {}
RESULT: undefined
COMMAND: POST /session/86ebb79c72de266112eececc171e51a0/element - {"using":"xpath","value":"//*[@id=\"application-managehandovers-display-component---AddNewHO--popup-sa\"]"}
RESULT: {"using":"xpath","value":"//*[@id=\"application-managehandovers-display-component---AddNewHO--popup-sa\"]"}
COMMAND: POST /session/86ebb79c72de266112eececc171e51a0/element/f.A17C675D496C198C40B93A37572AC0F9.d.6D92F9E20165FA4C991D5774CF645661.e.5360/click - {}
RESULT: {}
COMMAND: GET /session/86ebb79c72de266112eececc171e51a0/screenshot - {}
RESULT: {}
COMMAND: POST /session/86ebb79c72de266112eececc171e51a0/element - {"using":"xpath","value":"//*[contains(@id ,\"BDI-content\")][contains(text(), \"Select\")]"}
RESULT: {"using":"xpath","value":"//*[contains(@id ,\"BDI-content\")][contains(text(), \"Select\")]"}
COMMAND: POST /session/86ebb79c72de266112eececc171e51a0/element/f.A17C675D496C198C40B93A37572AC0F9.d.6D92F9E20165FA4C991D5774CF645661.e.5361/click - {}
RESULT: {}
COMMAND: GET /session/86ebb79c72de266112eececc171e51a0/screenshot - {}
RESULT: {}
COMMAND: POST /session/86ebb79c72de266112eececc171e51a0/execute/async - {"script":"<script> [1562 bytes]","args":[{"selector":{"id":"application-managehandovers-display-component---AddNewHO--confirmCreationButton","interaction":{"idSuffix":"BDI-content"}},"wdio_ui5_key":"applicationmanagehandovers-display-component---AddNewHO--confirmCreationButton"}]}
RESULT: {"script":"<script> [1562 bytes]","args":[{"selector":{"id":"application-managehandovers-display-component---AddNewHO--confirmCreationButton","interaction":{"idSuffix":"BDI-content"}},"wdio_ui5_key":"applicationmanagehandovers-display-component---AddNewHO--confirmCreationButton"}]}
RESULT: undefined
COMMAND: POST /session/86ebb79c72de266112eececc171e51a0/element - {"using":"xpath","value":"//*[@id=\"application-managehandovers-display-component---AddNewHO--confirmCreationButton\"]"}
RESULT: {"using":"xpath","value":"//*[@id=\"application-managehandovers-display-component---AddNewHO--confirmCreationButton\"]"}
COMMAND: POST /session/86ebb79c72de266112eececc171e51a0/element/f.A17C675D496C198C40B93A37572AC0F9.d.6D92F9E20165FA4C991D5774CF645661.e.5288/click - {}
RESULT: {}
COMMAND: GET /session/86ebb79c72de266112eececc171e51a0/screenshot - {}
RESULT: {}
COMMAND: POST /session/86ebb79c72de266112eececc171e51a0/execute/async - {"script":"<script> [1562 bytes]","args":[{"selector":{"id":"issueDatePicker","viewName":"etm.portal.ui.managehandovers.view.DetailExecuteHO","interaction":{"idSuffix":"inner"}},"wdio_ui5_key":"issueDatePickeretmportal.ui.managehandovers.view.DetailExecuteHO"}]}
RESULT: {"script":"<script> [1562 bytes]","args":[{"selector":{"id":"issueDatePicker","viewName":"etm.portal.ui.managehandovers.view.DetailExecuteHO","interaction":{"idSuffix":"inner"}},"wdio_ui5_key":"issueDatePickeretmportal.ui.managehandovers.view.DetailExecuteHO"}]}
RESULT: undefined
COMMAND: POST /session/86ebb79c72de266112eececc171e51a0/execute/async - {"script":"<script> [776 bytes]","args":[{"enterText":"5/21/25","selector":{"id":"issueDatePicker","viewName":"etm.portal.ui.managehandovers.view.DetailExecuteHO","interaction":{"idSuffix":"inner"}},"clearTextFirst":true,"interactionType":"ENTER_TEXT"}]}
RESULT: {"script":"<script> [776 bytes]","args":[{"enterText":"5/21/25","selector":{"id":"issueDatePicker","viewName":"etm.portal.ui.managehandovers.view.DetailExecuteHO","interaction":{"idSuffix":"inner"}},"clearTextFirst":true,"interactionType":"ENTER_TEXT"}]}
COMMAND: POST /session/86ebb79c72de266112eececc171e51a0/element - {"using":"xpath","value":"//bdi[contains(text(), \"OK\")]"}
RESULT: {"using":"xpath","value":"//bdi[contains(text(), \"OK\")]"}
COMMAND: POST /session/86ebb79c72de266112eececc171e51a0/element/f.A17C675D496C198C40B93A37572AC0F9.d.6D92F9E20165FA4C991D5774CF645661.e.5409/click - {}
RESULT: {}
COMMAND: GET /session/86ebb79c72de266112eececc171e51a0/screenshot - {}
RESULT: {}
COMMAND: POST /session/86ebb79c72de266112eececc171e51a0/element - {"using":"xpath","value":"//button[@data-kt=\"PickingTableConfirmAllButton\"]"}
RESULT: {"using":"xpath","value":"//button[@data-kt=\"PickingTableConfirmAllButton\"]"}
COMMAND: POST /session/86ebb79c72de266112eececc171e51a0/element/f.A17C675D496C198C40B93A37572AC0F9.d.6D92F9E20165FA4C991D5774CF645661.e.5415/click - {}
RESULT: {}
COMMAND: GET /session/86ebb79c72de266112eececc171e51a0/screenshot - {}
RESULT: {}
COMMAND: POST /session/86ebb79c72de266112eececc171e51a0/element - {"using":"xpath","value":"//bdi[contains(text(), \"OK\")]"}
RESULT: {"using":"xpath","value":"//bdi[contains(text(), \"OK\")]"}
COMMAND: POST /session/86ebb79c72de266112eececc171e51a0/element/f.A17C675D496C198C40B93A37572AC0F9.d.6D92F9E20165FA4C991D5774CF645661.e.5419/click - {}
RESULT: {}
COMMAND: GET /session/86ebb79c72de266112eececc171e51a0/screenshot - {}
RESULT: {}
COMMAND: POST /session/86ebb79c72de266112eececc171e51a0/element - {"using":"xpath","value":"//bdi[contains(text(), \"Issue\")]"}
RESULT: {"using":"xpath","value":"//bdi[contains(text(), \"Issue\")]"}
COMMAND: POST /session/86ebb79c72de266112eececc171e51a0/element/f.A17C675D496C198C40B93A37572AC0F9.d.6D92F9E20165FA4C991D5774CF645661.e.5420/click - {}
RESULT: {}
COMMAND: GET /session/86ebb79c72de266112eececc171e51a0/screenshot - {}
RESULT: {}
COMMAND: POST /session/86ebb79c72de266112eececc171e51a0/element - {"using":"css selector","value":"#shell-header-logo"}
RESULT: {"using":"css selector","value":"#shell-header-logo"}
COMMAND: POST /session/86ebb79c72de266112eececc171e51a0/element/f.A17C675D496C198C40B93A37572AC0F9.d.6D92F9E20165FA4C991D5774CF645661.e.4608/click - {}
RESULT: {}
COMMAND: GET /session/86ebb79c72de266112eececc171e51a0/screenshot - {}
RESULT: {}
]]></system-out>
    </testcase>
    <testcase classname="chrome.136_0_7103_93.windows.Billing_Transfer_-_Master_data_&amp;_Intercompany_US127250" name="Should go navigate to Manage Billings and trigger contract calculation check result" time="69.811">
      <system-out><![CDATA[
COMMAND: POST /session/86ebb79c72de266112eececc171e51a0/execute/async - {"script":"<script> [1562 bytes]","args":[{"selector":{"controlType":"sap.m.GenericTile","properties":{"header":"Manage Billings"}},"wdio_ui5_key":"sapm.GenericTile{\"header\":\"Manage Billings\"}"}]}
RESULT: {"script":"<script> [1562 bytes]","args":[{"selector":{"controlType":"sap.m.GenericTile","properties":{"header":"Manage Billings"}},"wdio_ui5_key":"sapm.GenericTile{\"header\":\"Manage Billings\"}"}]}
RESULT: undefined
COMMAND: POST /session/86ebb79c72de266112eececc171e51a0/element - {"using":"xpath","value":"//*[@id=\"__tile91\"]"}
RESULT: {"using":"xpath","value":"//*[@id=\"__tile91\"]"}
COMMAND: POST /session/86ebb79c72de266112eececc171e51a0/element/f.A17C675D496C198C40B93A37572AC0F9.d.6D92F9E20165FA4C991D5774CF645661.e.2625/click - {}
RESULT: {}
COMMAND: GET /session/86ebb79c72de266112eececc171e51a0/screenshot - {}
RESULT: {}
COMMAND: POST /session/86ebb79c72de266112eececc171e51a0/elements - {"using":"xpath","value":"//span[text()='Error']"}
RESULT: {"using":"xpath","value":"//span[text()='Error']"}
COMMAND: POST /session/86ebb79c72de266112eececc171e51a0/execute/async - {"script":"<script> [1562 bytes]","args":[{"selector":{"id":"application-managebillings-display-component---billRunCalcResult--smartFilterBar-btnBasicSearch","interaction":{"idSuffix":"I"}},"wdio_ui5_key":"applicationmanagebillings-display-component---billRunCalcResult--smartFilterBar-btnBasicSearch"}]}
RESULT: {"script":"<script> [1562 bytes]","args":[{"selector":{"id":"application-managebillings-display-component---billRunCalcResult--smartFilterBar-btnBasicSearch","interaction":{"idSuffix":"I"}},"wdio_ui5_key":"applicationmanagebillings-display-component---billRunCalcResult--smartFilterBar-btnBasicSearch"}]}
RESULT: undefined
COMMAND: POST /session/86ebb79c72de266112eececc171e51a0/execute/async - {"script":"<script> [776 bytes]","args":[{"enterText":"10483","selector":{"id":"application-managebillings-display-component---billRunCalcResult--smartFilterBar-btnBasicSearch","interaction":{"idSuffix":"I"}},"clearTextFirst":true,"interactionType":"ENTER_TEXT"}]}
RESULT: {"script":"<script> [776 bytes]","args":[{"enterText":"10483","selector":{"id":"application-managebillings-display-component---billRunCalcResult--smartFilterBar-btnBasicSearch","interaction":{"idSuffix":"I"}},"clearTextFirst":true,"interactionType":"ENTER_TEXT"}]}
COMMAND: POST /session/86ebb79c72de266112eececc171e51a0/actions - {"actions":[{"id":"action20","type":"key","parameters":{},"actions":[{"type":"keyDown","value":""},{"type":"pause","duration":10},{"type":"keyUp","value":""}]}]}
RESULT: {"actions":[{"id":"action20","type":"key","parameters":{},"actions":[{"type":"keyDown","value":""},{"type":"pause","duration":10},{"type":"keyUp","value":""}]}]}
COMMAND: GET /session/86ebb79c72de266112eececc171e51a0/screenshot - {}
RESULT: {}
COMMAND: POST /session/86ebb79c72de266112eececc171e51a0/element - {"using":"xpath","value":"//td[@aria-colindex=\"1\"]/div/div[contains(@class, \"sapMCbBg\")]"}
RESULT: {"using":"xpath","value":"//td[@aria-colindex=\"1\"]/div/div[contains(@class, \"sapMCbBg\")]"}
COMMAND: POST /session/86ebb79c72de266112eececc171e51a0/element/f.A17C675D496C198C40B93A37572AC0F9.d.6D92F9E20165FA4C991D5774CF645661.e.5940/click - {}
RESULT: {}
COMMAND: GET /session/86ebb79c72de266112eececc171e51a0/screenshot - {}
RESULT: {}
COMMAND: POST /session/86ebb79c72de266112eececc171e51a0/execute/async - {"script":"<script> [1562 bytes]","args":[{"selector":{"id":"application-managebillings-display-component---billRunCalcResult--contractBillRunDate","interaction":{"idSuffix":"inner"}},"wdio_ui5_key":"applicationmanagebillings-display-component---billRunCalcResult--contractBillRunDate"}]}
RESULT: {"script":"<script> [1562 bytes]","args":[{"selector":{"id":"application-managebillings-display-component---billRunCalcResult--contractBillRunDate","interaction":{"idSuffix":"inner"}},"wdio_ui5_key":"applicationmanagebillings-display-component---billRunCalcResult--contractBillRunDate"}]}
RESULT: undefined
COMMAND: POST /session/86ebb79c72de266112eececc171e51a0/execute/async - {"script":"<script> [776 bytes]","args":[{"enterText":"6/21/25","selector":{"id":"application-managebillings-display-component---billRunCalcResult--contractBillRunDate","interaction":{"idSuffix":"inner"}},"clearTextFirst":true,"interactionType":"ENTER_TEXT"}]}
RESULT: {"script":"<script> [776 bytes]","args":[{"enterText":"6/21/25","selector":{"id":"application-managebillings-display-component---billRunCalcResult--contractBillRunDate","interaction":{"idSuffix":"inner"}},"clearTextFirst":true,"interactionType":"ENTER_TEXT"}]}
COMMAND: POST /session/86ebb79c72de266112eececc171e51a0/element - {"using":"xpath","value":"//bdi[contains(text(), \"Trigger Calculation\")]"}
RESULT: {"using":"xpath","value":"//bdi[contains(text(), \"Trigger Calculation\")]"}
COMMAND: POST /session/86ebb79c72de266112eececc171e51a0/element/f.A17C675D496C198C40B93A37572AC0F9.d.6D92F9E20165FA4C991D5774CF645661.e.5990/click - {}
RESULT: {}
COMMAND: GET /session/86ebb79c72de266112eececc171e51a0/screenshot - {}
RESULT: {}
COMMAND: POST /session/86ebb79c72de266112eececc171e51a0/element - {"using":"xpath","value":"(//span[contains(@id, \"imgNav\")])[1]"}
RESULT: {"using":"xpath","value":"(//span[contains(@id, \"imgNav\")])[1]"}
COMMAND: POST /session/86ebb79c72de266112eececc171e51a0/element/f.A17C675D496C198C40B93A37572AC0F9.d.6D92F9E20165FA4C991D5774CF645661.e.5941/click - {}
RESULT: {}
COMMAND: GET /session/86ebb79c72de266112eececc171e51a0/screenshot - {}
RESULT: {}
COMMAND: POST /session/86ebb79c72de266112eececc171e51a0/element - {"using":"xpath","value":"//tr/td[6]/div[1]/span[1]/span[1]"}
RESULT: {"using":"xpath","value":"//tr/td[6]/div[1]/span[1]/span[1]"}
COMMAND: GET /session/86ebb79c72de266112eececc171e51a0/element/f.A17C675D496C198C40B93A37572AC0F9.d.6D92F9E20165FA4C991D5774CF645661.e.5995/text - {}
RESULT: {}
COMMAND: POST /session/86ebb79c72de266112eececc171e51a0/element - {"using":"xpath","value":"(//span[contains(@id, \"imgNav\")])[2]"}
RESULT: {"using":"xpath","value":"(//span[contains(@id, \"imgNav\")])[2]"}
COMMAND: POST /session/86ebb79c72de266112eececc171e51a0/element/f.A17C675D496C198C40B93A37572AC0F9.d.6D92F9E20165FA4C991D5774CF645661.e.5996/click - {}
RESULT: {}
COMMAND: POST /session/86ebb79c72de266112eececc171e51a0/element - {"using":"xpath","value":"//bdi[contains(text(), \"Business Confirm\")]"}
COMMAND: GET /session/86ebb79c72de266112eececc171e51a0/screenshot - {}
RESULT: {}
RESULT: {"using":"xpath","value":"//bdi[contains(text(), \"Business Confirm\")]"}
COMMAND: POST /session/86ebb79c72de266112eececc171e51a0/element/f.A17C675D496C198C40B93A37572AC0F9.d.6D92F9E20165FA4C991D5774CF645661.e.6063/click - {}
RESULT: {}
COMMAND: POST /session/86ebb79c72de266112eececc171e51a0/element - {"using":"css selector","value":"#shell-header-logo"}
COMMAND: GET /session/86ebb79c72de266112eececc171e51a0/screenshot - {}
RESULT: {"using":"css selector","value":"#shell-header-logo"}
COMMAND: POST /session/86ebb79c72de266112eececc171e51a0/element/f.A17C675D496C198C40B93A37572AC0F9.d.6D92F9E20165FA4C991D5774CF645661.e.5727/click - {}
RESULT: {}
RESULT: {}
COMMAND: GET /session/86ebb79c72de266112eececc171e51a0/screenshot - {}
RESULT: {}
]]></system-out>
    </testcase>
    <testcase classname="chrome.136_0_7103_93.windows.Billing_Transfer_-_Master_data_&amp;_Intercompany_US127250" name="Should do Billing Transfer all the way into invoice open for intercompany case" time="84.302">
      <system-out><![CDATA[
COMMAND: POST /session/86ebb79c72de266112eececc171e51a0/execute/async - {"script":"<script> [1562 bytes]","args":[{"selector":{"controlType":"sap.m.GenericTile","properties":{"header":"Billing Transfer"}},"wdio_ui5_key":"sapm.GenericTile{\"header\":\"Billing Transfer\"}"}]}
RESULT: {"script":"<script> [1562 bytes]","args":[{"selector":{"controlType":"sap.m.GenericTile","properties":{"header":"Billing Transfer"}},"wdio_ui5_key":"sapm.GenericTile{\"header\":\"Billing Transfer\"}"}]}
RESULT: undefined
COMMAND: POST /session/86ebb79c72de266112eececc171e51a0/element - {"using":"xpath","value":"//*[@id=\"__tile90\"]"}
RESULT: {"using":"xpath","value":"//*[@id=\"__tile90\"]"}
COMMAND: POST /session/86ebb79c72de266112eececc171e51a0/element/f.A17C675D496C198C40B93A37572AC0F9.d.6D92F9E20165FA4C991D5774CF645661.e.2622/click - {}
RESULT: {}
COMMAND: GET /session/86ebb79c72de266112eececc171e51a0/screenshot - {}
RESULT: {}
COMMAND: POST /session/86ebb79c72de266112eececc171e51a0/elements - {"using":"xpath","value":"//span[text()='Error']"}
RESULT: {"using":"xpath","value":"//span[text()='Error']"}
COMMAND: POST /session/86ebb79c72de266112eececc171e51a0/element - {"using":"xpath","value":"//input[contains(@id ,\"application-billingtransfer-display-component---billingWorkbench--smartFilterBar-btnBasicSearch\")]"}
RESULT: {"using":"xpath","value":"//input[contains(@id ,\"application-billingtransfer-display-component---billingWorkbench--smartFilterBar-btnBasicSearch\")]"}
COMMAND: POST /session/86ebb79c72de266112eececc171e51a0/elements - {"using":"xpath","value":"//input[contains(@id ,\"application-billingtransfer-display-component---billingWorkbench--smartFilterBar-btnBasicSearch\")]"}
RESULT: {"using":"xpath","value":"//input[contains(@id ,\"application-billingtransfer-display-component---billingWorkbench--smartFilterBar-btnBasicSearch\")]"}
COMMAND: POST /session/86ebb79c72de266112eececc171e51a0/execute/sync - {"script":"<script> [8489 bytes]","args":[{"element-6066-11e4-a52e-4f735466cecf":"f.A17C675D496C198C40B93A37572AC0F9.d.6D92F9E20165FA4C991D5774CF645661.e.6072","ELEMENT":"f.A17C675D496C198C40B93A37572AC0F9.d.6D92F9E20165FA4C991D5774CF645661.e.6072"}]}
RESULT: {"script":"<script> [8489 bytes]","args":[{"element-6066-11e4-a52e-4f735466cecf":"f.A17C675D496C198C40B93A37572AC0F9.d.6D92F9E20165FA4C991D5774CF645661.e.6072","ELEMENT":"f.A17C675D496C198C40B93A37572AC0F9.d.6D92F9E20165FA4C991D5774CF645661.e.6072"}]}
COMMAND: GET /session/86ebb79c72de266112eececc171e51a0/element/f.A17C675D496C198C40B93A37572AC0F9.d.6D92F9E20165FA4C991D5774CF645661.e.6072/enabled - {}
COMMAND: GET /session/86ebb79c72de266112eececc171e51a0/screenshot - {}
RESULT: {}
COMMAND: POST /session/86ebb79c72de266112eececc171e51a0/element/f.A17C675D496C198C40B93A37572AC0F9.d.6D92F9E20165FA4C991D5774CF645661.e.6072/click - {}
COMMAND: GET /session/86ebb79c72de266112eececc171e51a0/screenshot - {}
RESULT: {}
RESULT: {}
COMMAND: GET /session/86ebb79c72de266112eececc171e51a0/screenshot - {}
RESULT: {}
RESULT: {}
COMMAND: POST /session/86ebb79c72de266112eececc171e51a0/element/f.A17C675D496C198C40B93A37572AC0F9.d.6D92F9E20165FA4C991D5774CF645661.e.6072/clear - {}
RESULT: {}
COMMAND: POST /session/86ebb79c72de266112eececc171e51a0/element/f.A17C675D496C198C40B93A37572AC0F9.d.6D92F9E20165FA4C991D5774CF645661.e.6072/value - {"text":"10483"}
COMMAND: GET /session/86ebb79c72de266112eececc171e51a0/screenshot - {}
RESULT: {"text":"10483"}
COMMAND: POST /session/86ebb79c72de266112eececc171e51a0/actions - {"actions":[{"id":"action21","type":"key","parameters":{},"actions":[{"type":"keyDown","value":""},{"type":"pause","duration":10},{"type":"keyUp","value":""}]}]}
COMMAND: GET /session/86ebb79c72de266112eececc171e51a0/screenshot - {}
RESULT: {}
RESULT: {"actions":[{"id":"action21","type":"key","parameters":{},"actions":[{"type":"keyDown","value":""},{"type":"pause","duration":10},{"type":"keyUp","value":""}]}]}
COMMAND: GET /session/86ebb79c72de266112eececc171e51a0/screenshot - {}
RESULT: {}
RESULT: {}
COMMAND: POST /session/86ebb79c72de266112eececc171e51a0/element - {"using":"xpath","value":"//span[contains(@id ,\"application-billingtransfer-display-component---billingWorkbench--smartTableBillingRuns-header-inner\")]"}
RESULT: {"using":"xpath","value":"//span[contains(@id ,\"application-billingtransfer-display-component---billingWorkbench--smartTableBillingRuns-header-inner\")]"}
COMMAND: POST /session/86ebb79c72de266112eececc171e51a0/elements - {"using":"xpath","value":"//span[contains(@id ,\"application-billingtransfer-display-component---billingWorkbench--smartTableBillingRuns-header-inner\")]"}
RESULT: {"using":"xpath","value":"//span[contains(@id ,\"application-billingtransfer-display-component---billingWorkbench--smartTableBillingRuns-header-inner\")]"}
COMMAND: POST /session/86ebb79c72de266112eececc171e51a0/execute/sync - {"script":"<script> [56 bytes]","args":[{"element-6066-11e4-a52e-4f735466cecf":"f.A17C675D496C198C40B93A37572AC0F9.d.6D92F9E20165FA4C991D5774CF645661.e.6217","ELEMENT":"f.A17C675D496C198C40B93A37572AC0F9.d.6D92F9E20165FA4C991D5774CF645661.e.6217"}]}
RESULT: {"script":"<script> [56 bytes]","args":[{"element-6066-11e4-a52e-4f735466cecf":"f.A17C675D496C198C40B93A37572AC0F9.d.6D92F9E20165FA4C991D5774CF645661.e.6217","ELEMENT":"f.A17C675D496C198C40B93A37572AC0F9.d.6D92F9E20165FA4C991D5774CF645661.e.6217"}]}
COMMAND: POST /session/86ebb79c72de266112eececc171e51a0/element - {"using":"xpath","value":"//td[@aria-colindex=\"1\"]/div/div[contains(@class, \"sapMCbBg\")]"}
COMMAND: GET /session/86ebb79c72de266112eececc171e51a0/screenshot - {}
RESULT: {"using":"xpath","value":"//td[@aria-colindex=\"1\"]/div/div[contains(@class, \"sapMCbBg\")]"}
COMMAND: POST /session/86ebb79c72de266112eececc171e51a0/element/f.A17C675D496C198C40B93A37572AC0F9.d.6D92F9E20165FA4C991D5774CF645661.e.6210/click - {}
RESULT: {}
RESULT: {}
COMMAND: GET /session/86ebb79c72de266112eececc171e51a0/screenshot - {}
RESULT: {}
COMMAND: POST /session/86ebb79c72de266112eececc171e51a0/element - {"using":"xpath","value":"//bdi[contains(text(), \"Check\")]"}
RESULT: {"using":"xpath","value":"//bdi[contains(text(), \"Check\")]"}
COMMAND: POST /session/86ebb79c72de266112eececc171e51a0/element/f.A17C675D496C198C40B93A37572AC0F9.d.6D92F9E20165FA4C991D5774CF645661.e.6218/click - {}
RESULT: {}
COMMAND: GET /session/86ebb79c72de266112eececc171e51a0/screenshot - {}
RESULT: {}
COMMAND: POST /session/86ebb79c72de266112eececc171e51a0/element - {"using":"xpath","value":"//bdi[contains(text(), \"OK\")]"}
RESULT: {"using":"xpath","value":"//bdi[contains(text(), \"OK\")]"}
COMMAND: POST /session/86ebb79c72de266112eececc171e51a0/element/f.A17C675D496C198C40B93A37572AC0F9.d.6D92F9E20165FA4C991D5774CF645661.e.6221/click - {}
RESULT: {}
COMMAND: GET /session/86ebb79c72de266112eececc171e51a0/screenshot - {}
RESULT: {}
COMMAND: POST /session/86ebb79c72de266112eececc171e51a0/element - {"using":"xpath","value":"(//span[contains(text(), \"CO/SD checked\")]/parent::div/preceding-sibling::div/span)[1]"}
RESULT: {"using":"xpath","value":"(//span[contains(text(), \"CO/SD checked\")]/parent::div/preceding-sibling::div/span)[1]"}
COMMAND: POST /session/86ebb79c72de266112eececc171e51a0/element/f.A17C675D496C198C40B93A37572AC0F9.d.6D92F9E20165FA4C991D5774CF645661.e.6230/click - {}
RESULT: {}
COMMAND: GET /session/86ebb79c72de266112eececc171e51a0/screenshot - {}
RESULT: {}
COMMAND: POST /session/86ebb79c72de266112eececc171e51a0/element - {"using":"xpath","value":"//input[contains(@id ,\"application-billingtransfer-display-component---billingWorkbench--smartFilterBar-btnBasicSearch\")]"}
RESULT: {"using":"xpath","value":"//input[contains(@id ,\"application-billingtransfer-display-component---billingWorkbench--smartFilterBar-btnBasicSearch\")]"}
COMMAND: POST /session/86ebb79c72de266112eececc171e51a0/elements - {"using":"xpath","value":"//input[contains(@id ,\"application-billingtransfer-display-component---billingWorkbench--smartFilterBar-btnBasicSearch\")]"}
RESULT: {"using":"xpath","value":"//input[contains(@id ,\"application-billingtransfer-display-component---billingWorkbench--smartFilterBar-btnBasicSearch\")]"}
COMMAND: POST /session/86ebb79c72de266112eececc171e51a0/execute/sync - {"script":"<script> [8489 bytes]","args":[{"element-6066-11e4-a52e-4f735466cecf":"f.A17C675D496C198C40B93A37572AC0F9.d.6D92F9E20165FA4C991D5774CF645661.e.6072","ELEMENT":"f.A17C675D496C198C40B93A37572AC0F9.d.6D92F9E20165FA4C991D5774CF645661.e.6072"}]}
RESULT: {"script":"<script> [8489 bytes]","args":[{"element-6066-11e4-a52e-4f735466cecf":"f.A17C675D496C198C40B93A37572AC0F9.d.6D92F9E20165FA4C991D5774CF645661.e.6072","ELEMENT":"f.A17C675D496C198C40B93A37572AC0F9.d.6D92F9E20165FA4C991D5774CF645661.e.6072"}]}
COMMAND: GET /session/86ebb79c72de266112eececc171e51a0/element/f.A17C675D496C198C40B93A37572AC0F9.d.6D92F9E20165FA4C991D5774CF645661.e.6072/enabled - {}
COMMAND: GET /session/86ebb79c72de266112eececc171e51a0/screenshot - {}
RESULT: {}
COMMAND: POST /session/86ebb79c72de266112eececc171e51a0/element/f.A17C675D496C198C40B93A37572AC0F9.d.6D92F9E20165FA4C991D5774CF645661.e.6072/click - {}
COMMAND: GET /session/86ebb79c72de266112eececc171e51a0/screenshot - {}
RESULT: {}
RESULT: {}
COMMAND: GET /session/86ebb79c72de266112eececc171e51a0/screenshot - {}
RESULT: {}
RESULT: {}
COMMAND: POST /session/86ebb79c72de266112eececc171e51a0/element/f.A17C675D496C198C40B93A37572AC0F9.d.6D92F9E20165FA4C991D5774CF645661.e.6072/clear - {}
RESULT: {}
COMMAND: POST /session/86ebb79c72de266112eececc171e51a0/element/f.A17C675D496C198C40B93A37572AC0F9.d.6D92F9E20165FA4C991D5774CF645661.e.6072/value - {"text":"10483"}
COMMAND: GET /session/86ebb79c72de266112eececc171e51a0/screenshot - {}
RESULT: {"text":"10483"}
COMMAND: POST /session/86ebb79c72de266112eececc171e51a0/actions - {"actions":[{"id":"action22","type":"key","parameters":{},"actions":[{"type":"keyDown","value":""},{"type":"pause","duration":10},{"type":"keyUp","value":""}]}]}
COMMAND: GET /session/86ebb79c72de266112eececc171e51a0/screenshot - {}
RESULT: {}
RESULT: {"actions":[{"id":"action22","type":"key","parameters":{},"actions":[{"type":"keyDown","value":""},{"type":"pause","duration":10},{"type":"keyUp","value":""}]}]}
COMMAND: GET /session/86ebb79c72de266112eececc171e51a0/screenshot - {}
RESULT: {}
RESULT: {}
COMMAND: POST /session/86ebb79c72de266112eececc171e51a0/element - {"using":"xpath","value":"//span[contains(@id ,\"application-billingtransfer-display-component---billingWorkbench--smartTableBillingRuns-header-inner\")]"}
RESULT: {"using":"xpath","value":"//span[contains(@id ,\"application-billingtransfer-display-component---billingWorkbench--smartTableBillingRuns-header-inner\")]"}
COMMAND: POST /session/86ebb79c72de266112eececc171e51a0/elements - {"using":"xpath","value":"//span[contains(@id ,\"application-billingtransfer-display-component---billingWorkbench--smartTableBillingRuns-header-inner\")]"}
RESULT: {"using":"xpath","value":"//span[contains(@id ,\"application-billingtransfer-display-component---billingWorkbench--smartTableBillingRuns-header-inner\")]"}
COMMAND: POST /session/86ebb79c72de266112eececc171e51a0/execute/sync - {"script":"<script> [56 bytes]","args":[{"element-6066-11e4-a52e-4f735466cecf":"f.A17C675D496C198C40B93A37572AC0F9.d.6D92F9E20165FA4C991D5774CF645661.e.6217","ELEMENT":"f.A17C675D496C198C40B93A37572AC0F9.d.6D92F9E20165FA4C991D5774CF645661.e.6217"}]}
RESULT: {"script":"<script> [56 bytes]","args":[{"element-6066-11e4-a52e-4f735466cecf":"f.A17C675D496C198C40B93A37572AC0F9.d.6D92F9E20165FA4C991D5774CF645661.e.6217","ELEMENT":"f.A17C675D496C198C40B93A37572AC0F9.d.6D92F9E20165FA4C991D5774CF645661.e.6217"}]}
COMMAND: POST /session/86ebb79c72de266112eececc171e51a0/element - {"using":"xpath","value":"//td[@aria-colindex=\"1\"]/div/div[contains(@class, \"sapMCbBg\")]"}
COMMAND: GET /session/86ebb79c72de266112eececc171e51a0/screenshot - {}
RESULT: {"using":"xpath","value":"//td[@aria-colindex=\"1\"]/div/div[contains(@class, \"sapMCbBg\")]"}
COMMAND: POST /session/86ebb79c72de266112eececc171e51a0/element/f.A17C675D496C198C40B93A37572AC0F9.d.6D92F9E20165FA4C991D5774CF645661.e.6234/click - {}
RESULT: {}
RESULT: {}
COMMAND: GET /session/86ebb79c72de266112eececc171e51a0/screenshot - {}
RESULT: {}
COMMAND: POST /session/86ebb79c72de266112eececc171e51a0/element - {"using":"xpath","value":"//bdi[text()=\"Transfer\"]"}
RESULT: {"using":"xpath","value":"//bdi[text()=\"Transfer\"]"}
COMMAND: POST /session/86ebb79c72de266112eececc171e51a0/element/f.A17C675D496C198C40B93A37572AC0F9.d.6D92F9E20165FA4C991D5774CF645661.e.6235/click - {}
RESULT: {}
COMMAND: GET /session/86ebb79c72de266112eececc171e51a0/screenshot - {}
RESULT: {}
COMMAND: POST /session/86ebb79c72de266112eececc171e51a0/element - {"using":"xpath","value":"//bdi[contains(text(), \"OK\")]"}
RESULT: {"using":"xpath","value":"//bdi[contains(text(), \"OK\")]"}
COMMAND: POST /session/86ebb79c72de266112eececc171e51a0/element/f.A17C675D496C198C40B93A37572AC0F9.d.6D92F9E20165FA4C991D5774CF645661.e.6238/click - {}
RESULT: {}
COMMAND: GET /session/86ebb79c72de266112eececc171e51a0/screenshot - {}
RESULT: {}
COMMAND: POST /session/86ebb79c72de266112eececc171e51a0/element - {"using":"xpath","value":"(//span[contains(text(), \"Invoice open\")]/parent::div/preceding-sibling::div/span)[1]"}
RESULT: {"using":"xpath","value":"(//span[contains(text(), \"Invoice open\")]/parent::div/preceding-sibling::div/span)[1]"}
COMMAND: POST /session/86ebb79c72de266112eececc171e51a0/element/f.A17C675D496C198C40B93A37572AC0F9.d.6D92F9E20165FA4C991D5774CF645661.e.6247/click - {}
RESULT: {}
COMMAND: GET /session/86ebb79c72de266112eececc171e51a0/screenshot - {}
RESULT: {}
COMMAND: POST /session/86ebb79c72de266112eececc171e51a0/element - {"using":"xpath","value":"//input[contains(@id ,\"application-billingtransfer-display-component---billingWorkbench--smartFilterBar-btnBasicSearch\")]"}
RESULT: {"using":"xpath","value":"//input[contains(@id ,\"application-billingtransfer-display-component---billingWorkbench--smartFilterBar-btnBasicSearch\")]"}
COMMAND: POST /session/86ebb79c72de266112eececc171e51a0/elements - {"using":"xpath","value":"//input[contains(@id ,\"application-billingtransfer-display-component---billingWorkbench--smartFilterBar-btnBasicSearch\")]"}
RESULT: {"using":"xpath","value":"//input[contains(@id ,\"application-billingtransfer-display-component---billingWorkbench--smartFilterBar-btnBasicSearch\")]"}
COMMAND: POST /session/86ebb79c72de266112eececc171e51a0/execute/sync - {"script":"<script> [8489 bytes]","args":[{"element-6066-11e4-a52e-4f735466cecf":"f.A17C675D496C198C40B93A37572AC0F9.d.6D92F9E20165FA4C991D5774CF645661.e.6072","ELEMENT":"f.A17C675D496C198C40B93A37572AC0F9.d.6D92F9E20165FA4C991D5774CF645661.e.6072"}]}
RESULT: {"script":"<script> [8489 bytes]","args":[{"element-6066-11e4-a52e-4f735466cecf":"f.A17C675D496C198C40B93A37572AC0F9.d.6D92F9E20165FA4C991D5774CF645661.e.6072","ELEMENT":"f.A17C675D496C198C40B93A37572AC0F9.d.6D92F9E20165FA4C991D5774CF645661.e.6072"}]}
COMMAND: GET /session/86ebb79c72de266112eececc171e51a0/element/f.A17C675D496C198C40B93A37572AC0F9.d.6D92F9E20165FA4C991D5774CF645661.e.6072/enabled - {}
COMMAND: GET /session/86ebb79c72de266112eececc171e51a0/screenshot - {}
RESULT: {}
COMMAND: POST /session/86ebb79c72de266112eececc171e51a0/element/f.A17C675D496C198C40B93A37572AC0F9.d.6D92F9E20165FA4C991D5774CF645661.e.6072/click - {}
COMMAND: GET /session/86ebb79c72de266112eececc171e51a0/screenshot - {}
RESULT: {}
RESULT: {}
COMMAND: GET /session/86ebb79c72de266112eececc171e51a0/screenshot - {}
RESULT: {}
RESULT: {}
COMMAND: POST /session/86ebb79c72de266112eececc171e51a0/element/f.A17C675D496C198C40B93A37572AC0F9.d.6D92F9E20165FA4C991D5774CF645661.e.6072/clear - {}
RESULT: {}
COMMAND: POST /session/86ebb79c72de266112eececc171e51a0/element/f.A17C675D496C198C40B93A37572AC0F9.d.6D92F9E20165FA4C991D5774CF645661.e.6072/value - {"text":"10483"}
COMMAND: GET /session/86ebb79c72de266112eececc171e51a0/screenshot - {}
RESULT: {"text":"10483"}
COMMAND: POST /session/86ebb79c72de266112eececc171e51a0/actions - {"actions":[{"id":"action23","type":"key","parameters":{},"actions":[{"type":"keyDown","value":""},{"type":"pause","duration":10},{"type":"keyUp","value":""}]}]}
COMMAND: GET /session/86ebb79c72de266112eececc171e51a0/screenshot - {}
RESULT: {}
RESULT: {"actions":[{"id":"action23","type":"key","parameters":{},"actions":[{"type":"keyDown","value":""},{"type":"pause","duration":10},{"type":"keyUp","value":""}]}]}
COMMAND: GET /session/86ebb79c72de266112eececc171e51a0/screenshot - {}
RESULT: {}
RESULT: {}
COMMAND: POST /session/86ebb79c72de266112eececc171e51a0/element - {"using":"xpath","value":"//span[contains(@id ,\"application-billingtransfer-display-component---billingWorkbench--smartTableBillingRuns-header-inner\")]"}
RESULT: {"using":"xpath","value":"//span[contains(@id ,\"application-billingtransfer-display-component---billingWorkbench--smartTableBillingRuns-header-inner\")]"}
COMMAND: POST /session/86ebb79c72de266112eececc171e51a0/elements - {"using":"xpath","value":"//span[contains(@id ,\"application-billingtransfer-display-component---billingWorkbench--smartTableBillingRuns-header-inner\")]"}
RESULT: {"using":"xpath","value":"//span[contains(@id ,\"application-billingtransfer-display-component---billingWorkbench--smartTableBillingRuns-header-inner\")]"}
COMMAND: POST /session/86ebb79c72de266112eececc171e51a0/execute/sync - {"script":"<script> [56 bytes]","args":[{"element-6066-11e4-a52e-4f735466cecf":"f.A17C675D496C198C40B93A37572AC0F9.d.6D92F9E20165FA4C991D5774CF645661.e.6217","ELEMENT":"f.A17C675D496C198C40B93A37572AC0F9.d.6D92F9E20165FA4C991D5774CF645661.e.6217"}]}
RESULT: {"script":"<script> [56 bytes]","args":[{"element-6066-11e4-a52e-4f735466cecf":"f.A17C675D496C198C40B93A37572AC0F9.d.6D92F9E20165FA4C991D5774CF645661.e.6217","ELEMENT":"f.A17C675D496C198C40B93A37572AC0F9.d.6D92F9E20165FA4C991D5774CF645661.e.6217"}]}
COMMAND: POST /session/86ebb79c72de266112eececc171e51a0/element - {"using":"css selector","value":"#shell-header-logo"}
COMMAND: GET /session/86ebb79c72de266112eececc171e51a0/screenshot - {}
RESULT: {"using":"css selector","value":"#shell-header-logo"}
COMMAND: POST /session/86ebb79c72de266112eececc171e51a0/element/f.A17C675D496C198C40B93A37572AC0F9.d.6D92F9E20165FA4C991D5774CF645661.e.6069/click - {}
RESULT: {}
RESULT: {}
COMMAND: GET /session/86ebb79c72de266112eececc171e51a0/screenshot - {}
RESULT: {}
COMMAND: POST /session/86ebb79c72de266112eececc171e51a0/element - {"using":"css selector","value":"#j_username"}
COMMAND: POST /session/86ebb79c72de266112eececc171e51a0/url - {"url":"https://qa-testing-00-live-etm-ui.cfapps.eu10-004.hana.ondemand.com/"}
RESULT: {"using":"css selector","value":"#j_username"}
COMMAND: POST /session/86ebb79c72de266112eececc171e51a0/element - {"using":"css selector","value":"#j_username"}
RESULT: {"url":"https://qa-testing-00-live-etm-ui.cfapps.eu10-004.hana.ondemand.com/"}
RESULT: undefined
COMMAND: GET /session/86ebb79c72de266112eececc171e51a0/screenshot - {}
RESULT: {"using":"css selector","value":"#j_username"}
COMMAND: POST /session/86ebb79c72de266112eececc171e51a0/element - {"using":"css selector","value":"#shell-header-logo"}
RESULT: {}
RESULT: {"using":"css selector","value":"#shell-header-logo"}
COMMAND: POST /session/86ebb79c72de266112eececc171e51a0/execute/sync - {"script":"<script> [8489 bytes]","args":[{"element-6066-11e4-a52e-4f735466cecf":"f.A17C675D496C198C40B93A37572AC0F9.d.C5FF16AB1D76085063CD694814AC7525.e.6261","ELEMENT":"f.A17C675D496C198C40B93A37572AC0F9.d.C5FF16AB1D76085063CD694814AC7525.e.6261"}]}
RESULT: {"script":"<script> [8489 bytes]","args":[{"element-6066-11e4-a52e-4f735466cecf":"f.A17C675D496C198C40B93A37572AC0F9.d.C5FF16AB1D76085063CD694814AC7525.e.6261","ELEMENT":"f.A17C675D496C198C40B93A37572AC0F9.d.C5FF16AB1D76085063CD694814AC7525.e.6261"}]}
COMMAND: POST /session/86ebb79c72de266112eececc171e51a0/element - {"using":"css selector","value":"#shell-header-logo"}
COMMAND: GET /session/86ebb79c72de266112eececc171e51a0/screenshot - {}
RESULT: {"using":"css selector","value":"#shell-header-logo"}
COMMAND: POST /session/86ebb79c72de266112eececc171e51a0/execute/sync - {"script":"<script> [8489 bytes]","args":[{"element-6066-11e4-a52e-4f735466cecf":"f.A17C675D496C198C40B93A37572AC0F9.d.C5FF16AB1D76085063CD694814AC7525.e.6261","ELEMENT":"f.A17C675D496C198C40B93A37572AC0F9.d.C5FF16AB1D76085063CD694814AC7525.e.6261"}]}
RESULT: {}
RESULT: {"script":"<script> [8489 bytes]","args":[{"element-6066-11e4-a52e-4f735466cecf":"f.A17C675D496C198C40B93A37572AC0F9.d.C5FF16AB1D76085063CD694814AC7525.e.6261","ELEMENT":"f.A17C675D496C198C40B93A37572AC0F9.d.C5FF16AB1D76085063CD694814AC7525.e.6261"}]}
COMMAND: POST /session/86ebb79c72de266112eececc171e51a0/execute/sync - {"script":"<script> [5351 bytes]","args":[{"element-6066-11e4-a52e-4f735466cecf":"f.A17C675D496C198C40B93A37572AC0F9.d.C5FF16AB1D76085063CD694814AC7525.e.6261","ELEMENT":"f.A17C675D496C198C40B93A37572AC0F9.d.C5FF16AB1D76085063CD694814AC7525.e.6261"}]}
COMMAND: GET /session/86ebb79c72de266112eececc171e51a0/screenshot - {}
RESULT: {"script":"<script> [5351 bytes]","args":[{"element-6066-11e4-a52e-4f735466cecf":"f.A17C675D496C198C40B93A37572AC0F9.d.C5FF16AB1D76085063CD694814AC7525.e.6261","ELEMENT":"f.A17C675D496C198C40B93A37572AC0F9.d.C5FF16AB1D76085063CD694814AC7525.e.6261"}]}
COMMAND: POST /session/86ebb79c72de266112eececc171e51a0/element - {"using":"css selector","value":"#shell-header-logo"}
COMMAND: GET /session/86ebb79c72de266112eececc171e51a0/screenshot - {}
RESULT: {}
RESULT: {"using":"css selector","value":"#shell-header-logo"}
COMMAND: POST /session/86ebb79c72de266112eececc171e51a0/element/f.A17C675D496C198C40B93A37572AC0F9.d.C5FF16AB1D76085063CD694814AC7525.e.6261/click - {}
RESULT: {}
RESULT: {}
COMMAND: GET /session/86ebb79c72de266112eececc171e51a0/screenshot - {}
RESULT: {}
COMMAND: POST /session/86ebb79c72de266112eececc171e51a0/execute/async - {"script":"<script> [189 bytes]","args":[]}
RESULT: {"script":"<script> [189 bytes]","args":[]}
COMMAND: POST /session/86ebb79c72de266112eececc171e51a0/execute/async - {"script":"<script> [123 bytes]","args":[]}
RESULT: {"script":"<script> [123 bytes]","args":[]}
COMMAND: POST /session/86ebb79c72de266112eececc171e51a0/timeouts - {"script":"<number>"}
RESULT: {"script":"<number>"}
COMMAND: GET /session/86ebb79c72de266112eececc171e51a0/timeouts - {}
RESULT: {}
RESULT: undefined
COMMAND: POST /session/86ebb79c72de266112eececc171e51a0/execute/async - {"script":"<script> [2676 bytes]","args":[]}
RESULT: {"script":"<script> [2676 bytes]","args":[]}
COMMAND: POST /session/86ebb79c72de266112eececc171e51a0/execute/async - {"script":"<script> [2342 bytes]","args":[{"protocol":"http","hostname":"0.0.0.0","path":"/","capabilities":{"browserName":"chrome","goog:chromeOptions":{"binary":"C:\\Program Files\\Google\\Chrome\\Application\\chrome.exe","args":["--start-maximized"]}},"logLevel":"warn","connectionRetryTimeout":120000,"connectionRetryCount":3,"logLevels":{},"enableDirectConnect":true,"strictSSL":true,"_":"65 more keys: [\"cacheDir\",\"port\",\"requestedCapabilities\",\"automationProtocol\",\"baseUrl\",\"waitforInterval\",\"waitforTimeout\",\"onReload\",\"beforeCommand\",\"afterCommand\",\"rootDir\",\"specs\",\"suites\",\"exclude\",\"groupLogsByTestSpec\",\"excludeDriverLogs\",\"bail\",\"framework\",\"reporters\",\"services\",\"maxInstances\",\"maxInstancesPerCapability\",\"injectGlobals\",\"filesToWatch\",\"execArgv\",\"runnerEnv\",\"runner\",\"shard\",\"specFileRetries\",\"specFileRetriesDelay\",\"specFileRetriesDeferred\",\"reporterSyncInterval\",\"reporterSyncTimeout\",\"cucumberFeaturesWithLineNumbers\",\"autoCompileOpts\",\"mochaOpts\",\"jasmineOpts\",\"cucumberOpts\",\"onPrepare\",\"onWorkerStart\",\"onWorkerEnd\",\"before\",\"beforeSession\",\"beforeSuite\",\"beforeHook\",\"beforeTest\",\"afterTest\",\"afterHook\",\"afterSuite\",\"afterSession\",\"after\",\"onComplete\",\"beforeAssertion\",\"afterAssertion\",\"beforeFeature\",\"beforeScenario\",\"beforeStep\",\"afterStep\",\"afterScenario\",\"afterFeature\",\"_\",\"suite\",\"$0\",\"ignoredWorkerServices\",\"wdi5\"]"}]}
RESULT: {"script":"<script> [2342 bytes]","args":[{"protocol":"http","hostname":"0.0.0.0","path":"/","capabilities":{"browserName":"chrome","goog:chromeOptions":{"binary":"C:\\Program Files\\Google\\Chrome\\Application\\chrome.exe","args":["--start-maximized"]}},"logLevel":"warn","connectionRetryTimeout":120000,"connectionRetryCount":3,"logLevels":{},"enableDirectConnect":true,"strictSSL":true,"_":"65 more keys: [\"cacheDir\",\"port\",\"requestedCapabilities\",\"automationProtocol\",\"baseUrl\",\"waitforInterval\",\"waitforTimeout\",\"onReload\",\"beforeCommand\",\"afterCommand\",\"rootDir\",\"specs\",\"suites\",\"exclude\",\"groupLogsByTestSpec\",\"excludeDriverLogs\",\"bail\",\"framework\",\"reporters\",\"services\",\"maxInstances\",\"maxInstancesPerCapability\",\"injectGlobals\",\"filesToWatch\",\"execArgv\",\"runnerEnv\",\"runner\",\"shard\",\"specFileRetries\",\"specFileRetriesDelay\",\"specFileRetriesDeferred\",\"reporterSyncInterval\",\"reporterSyncTimeout\",\"cucumberFeaturesWithLineNumbers\",\"autoCompileOpts\",\"mochaOpts\",\"jasmineOpts\",\"cucumberOpts\",\"onPrepare\",\"onWorkerStart\",\"onWorkerEnd\",\"before\",\"beforeSession\",\"beforeSuite\",\"beforeHook\",\"beforeTest\",\"afterTest\",\"afterHook\",\"afterSuite\",\"afterSession\",\"after\",\"onComplete\",\"beforeAssertion\",\"afterAssertion\",\"beforeFeature\",\"beforeScenario\",\"beforeStep\",\"afterStep\",\"afterScenario\",\"afterFeature\",\"_\",\"suite\",\"$0\",\"ignoredWorkerServices\",\"wdi5\"]"}]}
COMMAND: POST /session/86ebb79c72de266112eececc171e51a0/execute/async - {"script":"<script> [21126 bytes]","args":[35000]}
RESULT: {"script":"<script> [21126 bytes]","args":[35000]}
COMMAND: POST /session/86ebb79c72de266112eececc171e51a0/window/maximize - {}
RESULT: {}
COMMAND: POST /session/86ebb79c72de266112eececc171e51a0/execute/async - {"script":"<script> [1562 bytes]","args":[{"selector":{"id":"shell-header","interaction":{"idSuffix":"icon"}},"wdio_ui5_key":"shellheader"}]}
COMMAND: GET /session/86ebb79c72de266112eececc171e51a0/screenshot - {}
RESULT: {"script":"<script> [1562 bytes]","args":[{"selector":{"id":"shell-header","interaction":{"idSuffix":"icon"}},"wdio_ui5_key":"shellheader"}]}
RESULT: undefined
COMMAND: POST /session/86ebb79c72de266112eececc171e51a0/refresh - {}
RESULT: {}
RESULT: {}
COMMAND: GET /session/86ebb79c72de266112eececc171e51a0/screenshot - {}
RESULT: {}
COMMAND: POST /session/86ebb79c72de266112eececc171e51a0/refresh - {}
RESULT: {}
COMMAND: GET /session/86ebb79c72de266112eececc171e51a0/screenshot - {}
RESULT: {}
COMMAND: POST /session/86ebb79c72de266112eececc171e51a0/window/fullscreen - {}
RESULT: {}
COMMAND: POST /session/86ebb79c72de266112eececc171e51a0/execute/async - {"script":"<script> [189 bytes]","args":[]}
RESULT: {"script":"<script> [189 bytes]","args":[]}
COMMAND: POST /session/86ebb79c72de266112eececc171e51a0/execute/async - {"script":"<script> [123 bytes]","args":[]}
RESULT: {"script":"<script> [123 bytes]","args":[]}
COMMAND: POST /session/86ebb79c72de266112eececc171e51a0/timeouts - {"script":"<number>"}
RESULT: {"script":"<number>"}
COMMAND: GET /session/86ebb79c72de266112eececc171e51a0/timeouts - {}
RESULT: {}
RESULT: undefined
COMMAND: POST /session/86ebb79c72de266112eececc171e51a0/execute/async - {"script":"<script> [2676 bytes]","args":[]}
RESULT: {"script":"<script> [2676 bytes]","args":[]}
COMMAND: POST /session/86ebb79c72de266112eececc171e51a0/execute/async - {"script":"<script> [2342 bytes]","args":[{"protocol":"http","hostname":"0.0.0.0","path":"/","capabilities":{"browserName":"chrome","goog:chromeOptions":{"binary":"C:\\Program Files\\Google\\Chrome\\Application\\chrome.exe","args":["--start-maximized"]}},"logLevel":"warn","connectionRetryTimeout":120000,"connectionRetryCount":3,"logLevels":{},"enableDirectConnect":true,"strictSSL":true,"_":"65 more keys: [\"cacheDir\",\"port\",\"requestedCapabilities\",\"automationProtocol\",\"baseUrl\",\"waitforInterval\",\"waitforTimeout\",\"onReload\",\"beforeCommand\",\"afterCommand\",\"rootDir\",\"specs\",\"suites\",\"exclude\",\"groupLogsByTestSpec\",\"excludeDriverLogs\",\"bail\",\"framework\",\"reporters\",\"services\",\"maxInstances\",\"maxInstancesPerCapability\",\"injectGlobals\",\"filesToWatch\",\"execArgv\",\"runnerEnv\",\"runner\",\"shard\",\"specFileRetries\",\"specFileRetriesDelay\",\"specFileRetriesDeferred\",\"reporterSyncInterval\",\"reporterSyncTimeout\",\"cucumberFeaturesWithLineNumbers\",\"autoCompileOpts\",\"mochaOpts\",\"jasmineOpts\",\"cucumberOpts\",\"onPrepare\",\"onWorkerStart\",\"onWorkerEnd\",\"before\",\"beforeSession\",\"beforeSuite\",\"beforeHook\",\"beforeTest\",\"afterTest\",\"afterHook\",\"afterSuite\",\"afterSession\",\"after\",\"onComplete\",\"beforeAssertion\",\"afterAssertion\",\"beforeFeature\",\"beforeScenario\",\"beforeStep\",\"afterStep\",\"afterScenario\",\"afterFeature\",\"_\",\"suite\",\"$0\",\"ignoredWorkerServices\",\"wdi5\"]"}]}
RESULT: {"script":"<script> [2342 bytes]","args":[{"protocol":"http","hostname":"0.0.0.0","path":"/","capabilities":{"browserName":"chrome","goog:chromeOptions":{"binary":"C:\\Program Files\\Google\\Chrome\\Application\\chrome.exe","args":["--start-maximized"]}},"logLevel":"warn","connectionRetryTimeout":120000,"connectionRetryCount":3,"logLevels":{},"enableDirectConnect":true,"strictSSL":true,"_":"65 more keys: [\"cacheDir\",\"port\",\"requestedCapabilities\",\"automationProtocol\",\"baseUrl\",\"waitforInterval\",\"waitforTimeout\",\"onReload\",\"beforeCommand\",\"afterCommand\",\"rootDir\",\"specs\",\"suites\",\"exclude\",\"groupLogsByTestSpec\",\"excludeDriverLogs\",\"bail\",\"framework\",\"reporters\",\"services\",\"maxInstances\",\"maxInstancesPerCapability\",\"injectGlobals\",\"filesToWatch\",\"execArgv\",\"runnerEnv\",\"runner\",\"shard\",\"specFileRetries\",\"specFileRetriesDelay\",\"specFileRetriesDeferred\",\"reporterSyncInterval\",\"reporterSyncTimeout\",\"cucumberFeaturesWithLineNumbers\",\"autoCompileOpts\",\"mochaOpts\",\"jasmineOpts\",\"cucumberOpts\",\"onPrepare\",\"onWorkerStart\",\"onWorkerEnd\",\"before\",\"beforeSession\",\"beforeSuite\",\"beforeHook\",\"beforeTest\",\"afterTest\",\"afterHook\",\"afterSuite\",\"afterSession\",\"after\",\"onComplete\",\"beforeAssertion\",\"afterAssertion\",\"beforeFeature\",\"beforeScenario\",\"beforeStep\",\"afterStep\",\"afterScenario\",\"afterFeature\",\"_\",\"suite\",\"$0\",\"ignoredWorkerServices\",\"wdi5\"]"}]}
COMMAND: POST /session/86ebb79c72de266112eececc171e51a0/execute/async - {"script":"<script> [21126 bytes]","args":[35000]}
RESULT: {"script":"<script> [21126 bytes]","args":[35000]}
]]></system-out>
    </testcase>
  </testsuite>
  <testsuite timestamp="2025-05-21T17:40:25" time="1140.85" tests="12" failures="0" errors="0" skipped="0">
    <properties>
      <property name="specId" value="0"/>
      <property name="suiteName" value="Billing Transfer - Intracompany US127249"/>
      <property name="capabilities" value="chrome.136_0_7103_93.windows"/>
      <property name="file" value="file:///D:/a/1/s/test/specs/BTS/billing-transfer-intracompany.spec.js"/>
    </properties>
    <testcase classname="chrome.136_0_7103_93.windows.Billing_Transfer_-_Intracompany_US127249" name="Should create a new yard" time="129.349">
      <system-out><![CDATA[
COMMAND: POST /session/86ebb79c72de266112eececc171e51a0/window/fullscreen - {}
RESULT: {}
COMMAND: POST /session/86ebb79c72de266112eececc171e51a0/execute/async - {"script":"<script> [1562 bytes]","args":[{"selector":{"controlType":"sap.m.GenericTile","properties":{"header":"Manage Yards"}},"wdio_ui5_key":"sapm.GenericTile{\"header\":\"Manage Yards\"}"}]}
RESULT: {"script":"<script> [1562 bytes]","args":[{"selector":{"controlType":"sap.m.GenericTile","properties":{"header":"Manage Yards"}},"wdio_ui5_key":"sapm.GenericTile{\"header\":\"Manage Yards\"}"}]}
RESULT: undefined
COMMAND: POST /session/86ebb79c72de266112eececc171e51a0/element - {"using":"xpath","value":"//*[@id=\"__tile41\"]"}
RESULT: {"using":"xpath","value":"//*[@id=\"__tile41\"]"}
COMMAND: POST /session/86ebb79c72de266112eececc171e51a0/element/f.A17C675D496C198C40B93A37572AC0F9.d.AD3E5BEC5ADFBEBCFF3F87C561FC66C3.e.6420/click - {}
RESULT: {}
COMMAND: GET /session/86ebb79c72de266112eececc171e51a0/screenshot - {}
RESULT: {}
COMMAND: POST /session/86ebb79c72de266112eececc171e51a0/elements - {"using":"xpath","value":"//span[text()='Error']"}
RESULT: {"using":"xpath","value":"//span[text()='Error']"}
COMMAND: POST /session/86ebb79c72de266112eececc171e51a0/element - {"using":"xpath","value":"//button[@data-kt=\"addNewYardOverflowToolbarButton\"]"}
RESULT: {"using":"xpath","value":"//button[@data-kt=\"addNewYardOverflowToolbarButton\"]"}
COMMAND: POST /session/86ebb79c72de266112eececc171e51a0/elements - {"using":"xpath","value":"//button[@data-kt=\"addNewYardOverflowToolbarButton\"]"}
RESULT: {"using":"xpath","value":"//button[@data-kt=\"addNewYardOverflowToolbarButton\"]"}
COMMAND: POST /session/86ebb79c72de266112eececc171e51a0/elements - {"using":"xpath","value":"//button[@data-kt=\"addNewYardOverflowToolbarButton\"]"}
RESULT: {"using":"xpath","value":"//button[@data-kt=\"addNewYardOverflowToolbarButton\"]"}
COMMAND: POST /session/86ebb79c72de266112eececc171e51a0/elements - {"using":"xpath","value":"//button[@data-kt=\"addNewYardOverflowToolbarButton\"]"}
RESULT: {"using":"xpath","value":"//button[@data-kt=\"addNewYardOverflowToolbarButton\"]"}
COMMAND: POST /session/86ebb79c72de266112eececc171e51a0/elements - {"using":"xpath","value":"//button[@data-kt=\"addNewYardOverflowToolbarButton\"]"}
RESULT: {"using":"xpath","value":"//button[@data-kt=\"addNewYardOverflowToolbarButton\"]"}
COMMAND: POST /session/86ebb79c72de266112eececc171e51a0/elements - {"using":"xpath","value":"//button[@data-kt=\"addNewYardOverflowToolbarButton\"]"}
RESULT: {"using":"xpath","value":"//button[@data-kt=\"addNewYardOverflowToolbarButton\"]"}
COMMAND: POST /session/86ebb79c72de266112eececc171e51a0/elements - {"using":"xpath","value":"//button[@data-kt=\"addNewYardOverflowToolbarButton\"]"}
RESULT: {"using":"xpath","value":"//button[@data-kt=\"addNewYardOverflowToolbarButton\"]"}
COMMAND: POST /session/86ebb79c72de266112eececc171e51a0/elements - {"using":"xpath","value":"//button[@data-kt=\"addNewYardOverflowToolbarButton\"]"}
RESULT: {"using":"xpath","value":"//button[@data-kt=\"addNewYardOverflowToolbarButton\"]"}
COMMAND: POST /session/86ebb79c72de266112eececc171e51a0/elements - {"using":"xpath","value":"//button[@data-kt=\"addNewYardOverflowToolbarButton\"]"}
RESULT: {"using":"xpath","value":"//button[@data-kt=\"addNewYardOverflowToolbarButton\"]"}
COMMAND: POST /session/86ebb79c72de266112eececc171e51a0/elements - {"using":"xpath","value":"//button[@data-kt=\"addNewYardOverflowToolbarButton\"]"}
RESULT: {"using":"xpath","value":"//button[@data-kt=\"addNewYardOverflowToolbarButton\"]"}
COMMAND: POST /session/86ebb79c72de266112eececc171e51a0/elements - {"using":"xpath","value":"//button[@data-kt=\"addNewYardOverflowToolbarButton\"]"}
RESULT: {"using":"xpath","value":"//button[@data-kt=\"addNewYardOverflowToolbarButton\"]"}
COMMAND: POST /session/86ebb79c72de266112eececc171e51a0/elements - {"using":"xpath","value":"//button[@data-kt=\"addNewYardOverflowToolbarButton\"]"}
RESULT: {"using":"xpath","value":"//button[@data-kt=\"addNewYardOverflowToolbarButton\"]"}
COMMAND: POST /session/86ebb79c72de266112eececc171e51a0/elements - {"using":"xpath","value":"//button[@data-kt=\"addNewYardOverflowToolbarButton\"]"}
RESULT: {"using":"xpath","value":"//button[@data-kt=\"addNewYardOverflowToolbarButton\"]"}
COMMAND: POST /session/86ebb79c72de266112eececc171e51a0/elements - {"using":"xpath","value":"//button[@data-kt=\"addNewYardOverflowToolbarButton\"]"}
RESULT: {"using":"xpath","value":"//button[@data-kt=\"addNewYardOverflowToolbarButton\"]"}
COMMAND: POST /session/86ebb79c72de266112eececc171e51a0/elements - {"using":"xpath","value":"//button[@data-kt=\"addNewYardOverflowToolbarButton\"]"}
RESULT: {"using":"xpath","value":"//button[@data-kt=\"addNewYardOverflowToolbarButton\"]"}
COMMAND: POST /session/86ebb79c72de266112eececc171e51a0/element - {"using":"xpath","value":"//button[@data-kt=\"addNewYardOverflowToolbarButton\"]"}
RESULT: {"using":"xpath","value":"//button[@data-kt=\"addNewYardOverflowToolbarButton\"]"}
COMMAND: POST /session/86ebb79c72de266112eececc171e51a0/execute/sync - {"script":"<script> [8489 bytes]","args":[{"element-6066-11e4-a52e-4f735466cecf":"f.A17C675D496C198C40B93A37572AC0F9.d.AD3E5BEC5ADFBEBCFF3F87C561FC66C3.e.6559","ELEMENT":"f.A17C675D496C198C40B93A37572AC0F9.d.AD3E5BEC5ADFBEBCFF3F87C561FC66C3.e.6559"}]}
RESULT: {"script":"<script> [8489 bytes]","args":[{"element-6066-11e4-a52e-4f735466cecf":"f.A17C675D496C198C40B93A37572AC0F9.d.AD3E5BEC5ADFBEBCFF3F87C561FC66C3.e.6559","ELEMENT":"f.A17C675D496C198C40B93A37572AC0F9.d.AD3E5BEC5ADFBEBCFF3F87C561FC66C3.e.6559"}]}
COMMAND: GET /session/86ebb79c72de266112eececc171e51a0/element/f.A17C675D496C198C40B93A37572AC0F9.d.AD3E5BEC5ADFBEBCFF3F87C561FC66C3.e.6559/enabled - {}
COMMAND: GET /session/86ebb79c72de266112eececc171e51a0/screenshot - {}
RESULT: {}
COMMAND: POST /session/86ebb79c72de266112eececc171e51a0/execute/sync - {"script":"<script> [8489 bytes]","args":[{"element-6066-11e4-a52e-4f735466cecf":"f.A17C675D496C198C40B93A37572AC0F9.d.AD3E5BEC5ADFBEBCFF3F87C561FC66C3.e.6559","ELEMENT":"f.A17C675D496C198C40B93A37572AC0F9.d.AD3E5BEC5ADFBEBCFF3F87C561FC66C3.e.6559"}]}
COMMAND: GET /session/86ebb79c72de266112eececc171e51a0/screenshot - {}
RESULT: {}
RESULT: {"script":"<script> [8489 bytes]","args":[{"element-6066-11e4-a52e-4f735466cecf":"f.A17C675D496C198C40B93A37572AC0F9.d.AD3E5BEC5ADFBEBCFF3F87C561FC66C3.e.6559","ELEMENT":"f.A17C675D496C198C40B93A37572AC0F9.d.AD3E5BEC5ADFBEBCFF3F87C561FC66C3.e.6559"}]}
COMMAND: POST /session/86ebb79c72de266112eececc171e51a0/execute/sync - {"script":"<script> [5351 bytes]","args":[{"element-6066-11e4-a52e-4f735466cecf":"f.A17C675D496C198C40B93A37572AC0F9.d.AD3E5BEC5ADFBEBCFF3F87C561FC66C3.e.6559","ELEMENT":"f.A17C675D496C198C40B93A37572AC0F9.d.AD3E5BEC5ADFBEBCFF3F87C561FC66C3.e.6559"}]}
COMMAND: GET /session/86ebb79c72de266112eececc171e51a0/screenshot - {}
RESULT: {}
RESULT: {"script":"<script> [5351 bytes]","args":[{"element-6066-11e4-a52e-4f735466cecf":"f.A17C675D496C198C40B93A37572AC0F9.d.AD3E5BEC5ADFBEBCFF3F87C561FC66C3.e.6559","ELEMENT":"f.A17C675D496C198C40B93A37572AC0F9.d.AD3E5BEC5ADFBEBCFF3F87C561FC66C3.e.6559"}]}
COMMAND: POST /session/86ebb79c72de266112eececc171e51a0/element/f.A17C675D496C198C40B93A37572AC0F9.d.AD3E5BEC5ADFBEBCFF3F87C561FC66C3.e.6559/click - {}
COMMAND: GET /session/86ebb79c72de266112eececc171e51a0/screenshot - {}
RESULT: {}
RESULT: {}
COMMAND: GET /session/86ebb79c72de266112eececc171e51a0/screenshot - {}
RESULT: {}
RESULT: {}
COMMAND: POST /session/86ebb79c72de266112eececc171e51a0/element - {"using":"xpath","value":"//input[@id=\"application-manageyards-display-component---NewYard--yardId-inner\"]"}
RESULT: {"using":"xpath","value":"//input[@id=\"application-manageyards-display-component---NewYard--yardId-inner\"]"}
COMMAND: POST /session/86ebb79c72de266112eececc171e51a0/element - {"using":"xpath","value":"//input[@id=\"application-manageyards-display-component---NewYard--yardId-inner\"]"}
RESULT: {"using":"xpath","value":"//input[@id=\"application-manageyards-display-component---NewYard--yardId-inner\"]"}
COMMAND: POST /session/86ebb79c72de266112eececc171e51a0/execute/async - {"script":"<script> [1562 bytes]","args":[{"selector":{"id":"application-manageyards-display-component---NewYard--addressDetailDetailsName1","interaction":{"idSuffix":"inner"}},"wdio_ui5_key":"applicationmanageyards-display-component---NewYard--addressDetailDetailsName1"}]}
RESULT: {"script":"<script> [1562 bytes]","args":[{"selector":{"id":"application-manageyards-display-component---NewYard--addressDetailDetailsName1","interaction":{"idSuffix":"inner"}},"wdio_ui5_key":"applicationmanageyards-display-component---NewYard--addressDetailDetailsName1"}]}
RESULT: undefined
COMMAND: POST /session/86ebb79c72de266112eececc171e51a0/execute/async - {"script":"<script> [776 bytes]","args":[{"enterText":"Intracompany Yard wdIO","selector":{"id":"application-manageyards-display-component---NewYard--addressDetailDetailsName1","interaction":{"idSuffix":"inner"}},"clearTextFirst":true,"interactionType":"ENTER_TEXT"}]}
RESULT: {"script":"<script> [776 bytes]","args":[{"enterText":"Intracompany Yard wdIO","selector":{"id":"application-manageyards-display-component---NewYard--addressDetailDetailsName1","interaction":{"idSuffix":"inner"}},"clearTextFirst":true,"interactionType":"ENTER_TEXT"}]}
COMMAND: POST /session/86ebb79c72de266112eececc171e51a0/execute/async - {"script":"<script> [1562 bytes]","args":[{"selector":{"id":"application-manageyards-display-component---NewYard--addressDetailDetailsLanguage-arrow"},"wdio_ui5_key":"applicationmanageyards-display-component---NewYard--addressDetailDetailsLanguage-arrow"}]}
RESULT: {"script":"<script> [1562 bytes]","args":[{"selector":{"id":"application-manageyards-display-component---NewYard--addressDetailDetailsLanguage-arrow"},"wdio_ui5_key":"applicationmanageyards-display-component---NewYard--addressDetailDetailsLanguage-arrow"}]}
RESULT: undefined
COMMAND: POST /session/86ebb79c72de266112eececc171e51a0/element - {"using":"xpath","value":"//*[@id=\"application-manageyards-display-component---NewYard--addressDetailDetailsLanguage-arrow\"]"}
RESULT: {"using":"xpath","value":"//*[@id=\"application-manageyards-display-component---NewYard--addressDetailDetailsLanguage-arrow\"]"}
COMMAND: POST /session/86ebb79c72de266112eececc171e51a0/element/f.A17C675D496C198C40B93A37572AC0F9.d.AD3E5BEC5ADFBEBCFF3F87C561FC66C3.e.6826/click - {}
RESULT: {}
COMMAND: POST /session/86ebb79c72de266112eececc171e51a0/element - {"using":"xpath","value":"//span[contains(text(), \"English\")]"}
RESULT: {"using":"xpath","value":"//span[contains(text(), \"English\")]"}
COMMAND: POST /session/86ebb79c72de266112eececc171e51a0/element/f.A17C675D496C198C40B93A37572AC0F9.d.AD3E5BEC5ADFBEBCFF3F87C561FC66C3.e.6827/click - {}
RESULT: {}
COMMAND: POST /session/86ebb79c72de266112eececc171e51a0/execute/async - {"script":"<script> [1562 bytes]","args":[{"selector":{"id":"application-manageyards-display-component---NewYard--addressDetailDetailsCity1","interaction":{"idSuffix":"inner"}},"wdio_ui5_key":"applicationmanageyards-display-component---NewYard--addressDetailDetailsCity1"}]}
COMMAND: GET /session/86ebb79c72de266112eececc171e51a0/screenshot - {}
COMMAND: GET /session/86ebb79c72de266112eececc171e51a0/screenshot - {}
RESULT: {"script":"<script> [1562 bytes]","args":[{"selector":{"id":"application-manageyards-display-component---NewYard--addressDetailDetailsCity1","interaction":{"idSuffix":"inner"}},"wdio_ui5_key":"applicationmanageyards-display-component---NewYard--addressDetailDetailsCity1"}]}
RESULT: undefined
COMMAND: POST /session/86ebb79c72de266112eececc171e51a0/execute/async - {"script":"<script> [776 bytes]","args":[{"enterText":"Rosario","selector":{"id":"application-manageyards-display-component---NewYard--addressDetailDetailsCity1","interaction":{"idSuffix":"inner"}},"clearTextFirst":true,"interactionType":"ENTER_TEXT"}]}
RESULT: {}
RESULT: {}
RESULT: {"script":"<script> [776 bytes]","args":[{"enterText":"Rosario","selector":{"id":"application-manageyards-display-component---NewYard--addressDetailDetailsCity1","interaction":{"idSuffix":"inner"}},"clearTextFirst":true,"interactionType":"ENTER_TEXT"}]}
COMMAND: POST /session/86ebb79c72de266112eececc171e51a0/execute/async - {"script":"<script> [1562 bytes]","args":[{"selector":{"id":"application-manageyards-display-component---NewYard--addressDetailDetailsCountry-arrow"},"wdio_ui5_key":"applicationmanageyards-display-component---NewYard--addressDetailDetailsCountry-arrow"}]}
RESULT: {"script":"<script> [1562 bytes]","args":[{"selector":{"id":"application-manageyards-display-component---NewYard--addressDetailDetailsCountry-arrow"},"wdio_ui5_key":"applicationmanageyards-display-component---NewYard--addressDetailDetailsCountry-arrow"}]}
RESULT: undefined
COMMAND: POST /session/86ebb79c72de266112eececc171e51a0/element - {"using":"xpath","value":"//*[@id=\"application-manageyards-display-component---NewYard--addressDetailDetailsCountry-arrow\"]"}
RESULT: {"using":"xpath","value":"//*[@id=\"application-manageyards-display-component---NewYard--addressDetailDetailsCountry-arrow\"]"}
COMMAND: POST /session/86ebb79c72de266112eececc171e51a0/element/f.A17C675D496C198C40B93A37572AC0F9.d.AD3E5BEC5ADFBEBCFF3F87C561FC66C3.e.6829/click - {}
RESULT: {}
COMMAND: POST /session/86ebb79c72de266112eececc171e51a0/element - {"using":"xpath","value":"//span[contains(text(), \"Argentina\")]"}
COMMAND: GET /session/86ebb79c72de266112eececc171e51a0/screenshot - {}
RESULT: {"using":"xpath","value":"//span[contains(text(), \"Argentina\")]"}
COMMAND: POST /session/86ebb79c72de266112eececc171e51a0/element/f.A17C675D496C198C40B93A37572AC0F9.d.AD3E5BEC5ADFBEBCFF3F87C561FC66C3.e.6830/click - {}
RESULT: {}
RESULT: {}
COMMAND: POST /session/86ebb79c72de266112eececc171e51a0/execute/async - {"script":"<script> [1562 bytes]","args":[{"selector":{"id":"application-manageyards-display-component---NewYard--addressEditDetailsCostObjectCstType-arrow"},"wdio_ui5_key":"applicationmanageyards-display-component---NewYard--addressEditDetailsCostObjectCstType-arrow"}]}
COMMAND: GET /session/86ebb79c72de266112eececc171e51a0/screenshot - {}
RESULT: {"script":"<script> [1562 bytes]","args":[{"selector":{"id":"application-manageyards-display-component---NewYard--addressEditDetailsCostObjectCstType-arrow"},"wdio_ui5_key":"applicationmanageyards-display-component---NewYard--addressEditDetailsCostObjectCstType-arrow"}]}
RESULT: undefined
COMMAND: POST /session/86ebb79c72de266112eececc171e51a0/element - {"using":"xpath","value":"//*[@id=\"application-manageyards-display-component---NewYard--addressEditDetailsCostObjectCstType-arrow\"]"}
RESULT: {}
RESULT: {"using":"xpath","value":"//*[@id=\"application-manageyards-display-component---NewYard--addressEditDetailsCostObjectCstType-arrow\"]"}
COMMAND: POST /session/86ebb79c72de266112eececc171e51a0/element/f.A17C675D496C198C40B93A37572AC0F9.d.AD3E5BEC5ADFBEBCFF3F87C561FC66C3.e.6832/click - {}
RESULT: {}
COMMAND: POST /session/86ebb79c72de266112eececc171e51a0/element - {"using":"xpath","value":"//span[contains(text(), \"Cost Center\")]"}
COMMAND: GET /session/86ebb79c72de266112eececc171e51a0/screenshot - {}
RESULT: {"using":"xpath","value":"//span[contains(text(), \"Cost Center\")]"}
COMMAND: POST /session/86ebb79c72de266112eececc171e51a0/element/f.A17C675D496C198C40B93A37572AC0F9.d.AD3E5BEC5ADFBEBCFF3F87C561FC66C3.e.6833/click - {}
RESULT: {}
RESULT: {}
COMMAND: GET /session/86ebb79c72de266112eececc171e51a0/screenshot - {}
RESULT: {}
COMMAND: POST /session/86ebb79c72de266112eececc171e51a0/element - {"using":"xpath","value":"//span[@id=\"application-manageyards-display-component---NewYard--addressNewCostObjectCstID-vhi\"]"}
RESULT: {"using":"xpath","value":"//span[@id=\"application-manageyards-display-component---NewYard--addressNewCostObjectCstID-vhi\"]"}
COMMAND: POST /session/86ebb79c72de266112eececc171e51a0/execute/sync - {"script":"<script> [8489 bytes]","args":[{"element-6066-11e4-a52e-4f735466cecf":"f.A17C675D496C198C40B93A37572AC0F9.d.AD3E5BEC5ADFBEBCFF3F87C561FC66C3.e.6837","ELEMENT":"f.A17C675D496C198C40B93A37572AC0F9.d.AD3E5BEC5ADFBEBCFF3F87C561FC66C3.e.6837"}]}
RESULT: {"script":"<script> [8489 bytes]","args":[{"element-6066-11e4-a52e-4f735466cecf":"f.A17C675D496C198C40B93A37572AC0F9.d.AD3E5BEC5ADFBEBCFF3F87C561FC66C3.e.6837","ELEMENT":"f.A17C675D496C198C40B93A37572AC0F9.d.AD3E5BEC5ADFBEBCFF3F87C561FC66C3.e.6837"}]}
COMMAND: POST /session/86ebb79c72de266112eececc171e51a0/execute/async - {"script":"<script> [1562 bytes]","args":[{"selector":{"id":"application-manageyards-display-component---NewYard--addressNewCostObjectCstID-vhi"},"wdio_ui5_key":"applicationmanageyards-display-component---NewYard--addressNewCostObjectCstID-vhi"}]}
COMMAND: GET /session/86ebb79c72de266112eececc171e51a0/screenshot - {}
RESULT: {"script":"<script> [1562 bytes]","args":[{"selector":{"id":"application-manageyards-display-component---NewYard--addressNewCostObjectCstID-vhi"},"wdio_ui5_key":"applicationmanageyards-display-component---NewYard--addressNewCostObjectCstID-vhi"}]}
RESULT: undefined
COMMAND: POST /session/86ebb79c72de266112eececc171e51a0/element - {"using":"xpath","value":"//*[@id=\"application-manageyards-display-component---NewYard--addressNewCostObjectCstID-vhi\"]"}
RESULT: {}
RESULT: {"using":"xpath","value":"//*[@id=\"application-manageyards-display-component---NewYard--addressNewCostObjectCstID-vhi\"]"}
COMMAND: POST /session/86ebb79c72de266112eececc171e51a0/element/f.A17C675D496C198C40B93A37572AC0F9.d.AD3E5BEC5ADFBEBCFF3F87C561FC66C3.e.6837/click - {}
RESULT: {}
COMMAND: GET /session/86ebb79c72de266112eececc171e51a0/screenshot - {}
RESULT: {}
COMMAND: POST /session/86ebb79c72de266112eececc171e51a0/execute/async - {"script":"<script> [1562 bytes]","args":[{"selector":{"controlType":"sap.m.SearchField","properties":{"placeholder":"Search"},"searchOpenDialogs":true,"interaction":{"idSuffix":"I"}},"wdio_ui5_key":"sapm.SearchField{\"placeholder\":\"Search\"}"}]}
RESULT: {"script":"<script> [1562 bytes]","args":[{"selector":{"controlType":"sap.m.SearchField","properties":{"placeholder":"Search"},"searchOpenDialogs":true,"interaction":{"idSuffix":"I"}},"wdio_ui5_key":"sapm.SearchField{\"placeholder\":\"Search\"}"}]}
RESULT: undefined
COMMAND: POST /session/86ebb79c72de266112eececc171e51a0/execute/async - {"script":"<script> [776 bytes]","args":[{"enterText":"bauh_b","selector":{"controlType":"sap.m.SearchField","properties":{"placeholder":"Search"},"searchOpenDialogs":true,"interaction":{"idSuffix":"I"}},"clearTextFirst":true,"interactionType":"ENTER_TEXT"}]}
RESULT: {"script":"<script> [776 bytes]","args":[{"enterText":"bauh_b","selector":{"controlType":"sap.m.SearchField","properties":{"placeholder":"Search"},"searchOpenDialogs":true,"interaction":{"idSuffix":"I"}},"clearTextFirst":true,"interactionType":"ENTER_TEXT"}]}
COMMAND: POST /session/86ebb79c72de266112eececc171e51a0/actions - {"actions":[{"id":"action24","type":"key","parameters":{},"actions":[{"type":"keyDown","value":""},{"type":"pause","duration":10},{"type":"keyUp","value":""}]}]}
RESULT: {"actions":[{"id":"action24","type":"key","parameters":{},"actions":[{"type":"keyDown","value":""},{"type":"pause","duration":10},{"type":"keyUp","value":""}]}]}
COMMAND: GET /session/86ebb79c72de266112eececc171e51a0/screenshot - {}
RESULT: {}
COMMAND: POST /session/86ebb79c72de266112eececc171e51a0/element - {"using":"xpath","value":"//span[contains(text(), \"Demo Yard\")]"}
RESULT: {"using":"xpath","value":"//span[contains(text(), \"Demo Yard\")]"}
COMMAND: POST /session/86ebb79c72de266112eececc171e51a0/element/f.A17C675D496C198C40B93A37572AC0F9.d.AD3E5BEC5ADFBEBCFF3F87C561FC66C3.e.6878/click - {}
RESULT: {}
COMMAND: GET /session/86ebb79c72de266112eececc171e51a0/screenshot - {}
RESULT: {}
COMMAND: POST /session/86ebb79c72de266112eececc171e51a0/element - {"using":"xpath","value":"//bdi[contains(text(), \"OK\")]"}
RESULT: {"using":"xpath","value":"//bdi[contains(text(), \"OK\")]"}
COMMAND: POST /session/86ebb79c72de266112eececc171e51a0/element/f.A17C675D496C198C40B93A37572AC0F9.d.AD3E5BEC5ADFBEBCFF3F87C561FC66C3.e.6879/click - {}
RESULT: {}
COMMAND: GET /session/86ebb79c72de266112eececc171e51a0/screenshot - {}
RESULT: {}
COMMAND: POST /session/86ebb79c72de266112eececc171e51a0/execute/async - {"script":"<script> [1562 bytes]","args":[{"selector":{"id":"application-manageyards-display-component---NewYard--addressEditDetailsCurrency-arrow"},"wdio_ui5_key":"applicationmanageyards-display-component---NewYard--addressEditDetailsCurrency-arrow"}]}
RESULT: {"script":"<script> [1562 bytes]","args":[{"selector":{"id":"application-manageyards-display-component---NewYard--addressEditDetailsCurrency-arrow"},"wdio_ui5_key":"applicationmanageyards-display-component---NewYard--addressEditDetailsCurrency-arrow"}]}
RESULT: undefined
COMMAND: POST /session/86ebb79c72de266112eececc171e51a0/element - {"using":"xpath","value":"//*[@id=\"application-manageyards-display-component---NewYard--addressEditDetailsCurrency-arrow\"]"}
RESULT: {"using":"xpath","value":"//*[@id=\"application-manageyards-display-component---NewYard--addressEditDetailsCurrency-arrow\"]"}
COMMAND: POST /session/86ebb79c72de266112eececc171e51a0/element/f.A17C675D496C198C40B93A37572AC0F9.d.AD3E5BEC5ADFBEBCFF3F87C561FC66C3.e.6882/click - {}
RESULT: {}
COMMAND: POST /session/86ebb79c72de266112eececc171e51a0/element - {"using":"xpath","value":"//span[contains(text(), \"Euro\")]"}
COMMAND: GET /session/86ebb79c72de266112eececc171e51a0/screenshot - {}
RESULT: {"using":"xpath","value":"//span[contains(text(), \"Euro\")]"}
COMMAND: POST /session/86ebb79c72de266112eececc171e51a0/element/f.A17C675D496C198C40B93A37572AC0F9.d.AD3E5BEC5ADFBEBCFF3F87C561FC66C3.e.6883/click - {}
RESULT: {}
RESULT: {}
COMMAND: POST /session/86ebb79c72de266112eececc171e51a0/execute/async - {"script":"<script> [1562 bytes]","args":[{"selector":{"controlType":"sap.m.Input","viewName":"etm.portal.ui.manageyards.view.New","viewId":"application-manageyards-display-component---NewYard","bindingPath":{"path":"","propertyPath":"/CONTROLLING_AREA","modelName":"NewYardModel"},"interaction":{"idSuffix":"inner"}},"wdio_ui5_key":"etmportal.ui.manageyards.view.Newsap.m.Input{\"path\":\"\",\"propertyPath\":\"/CONTROLLING_AREA\",\"modelName\":\"NewYardModel\"}"}]}
COMMAND: GET /session/86ebb79c72de266112eececc171e51a0/screenshot - {}
RESULT: {"script":"<script> [1562 bytes]","args":[{"selector":{"controlType":"sap.m.Input","viewName":"etm.portal.ui.manageyards.view.New","viewId":"application-manageyards-display-component---NewYard","bindingPath":{"path":"","propertyPath":"/CONTROLLING_AREA","modelName":"NewYardModel"},"interaction":{"idSuffix":"inner"}},"wdio_ui5_key":"etmportal.ui.manageyards.view.Newsap.m.Input{\"path\":\"\",\"propertyPath\":\"/CONTROLLING_AREA\",\"modelName\":\"NewYardModel\"}"}]}
RESULT: undefined
COMMAND: POST /session/86ebb79c72de266112eececc171e51a0/execute/async - {"script":"<script> [776 bytes]","args":[{"enterText":"Z001","selector":{"controlType":"sap.m.Input","viewName":"etm.portal.ui.manageyards.view.New","viewId":"application-manageyards-display-component---NewYard","bindingPath":{"path":"","propertyPath":"/CONTROLLING_AREA","modelName":"NewYardModel"},"interaction":{"idSuffix":"inner"}},"clearTextFirst":true,"interactionType":"ENTER_TEXT"}]}
RESULT: {}
RESULT: {"script":"<script> [776 bytes]","args":[{"enterText":"Z001","selector":{"controlType":"sap.m.Input","viewName":"etm.portal.ui.manageyards.view.New","viewId":"application-manageyards-display-component---NewYard","bindingPath":{"path":"","propertyPath":"/CONTROLLING_AREA","modelName":"NewYardModel"},"interaction":{"idSuffix":"inner"}},"clearTextFirst":true,"interactionType":"ENTER_TEXT"}]}
COMMAND: POST /session/86ebb79c72de266112eececc171e51a0/execute/async - {"script":"<script> [1562 bytes]","args":[{"selector":{"id":"application-manageyards-display-component---NewYard--companyCodeComboBox","interaction":{"idSuffix":"inner"}},"wdio_ui5_key":"applicationmanageyards-display-component---NewYard--companyCodeComboBox"}]}
RESULT: {"script":"<script> [1562 bytes]","args":[{"selector":{"id":"application-manageyards-display-component---NewYard--companyCodeComboBox","interaction":{"idSuffix":"inner"}},"wdio_ui5_key":"applicationmanageyards-display-component---NewYard--companyCodeComboBox"}]}
RESULT: undefined
COMMAND: POST /session/86ebb79c72de266112eececc171e51a0/execute/async - {"script":"<script> [776 bytes]","args":[{"enterText":"1000","selector":{"id":"application-manageyards-display-component---NewYard--companyCodeComboBox","interaction":{"idSuffix":"inner"}},"clearTextFirst":true,"interactionType":"ENTER_TEXT"}]}
RESULT: {"script":"<script> [776 bytes]","args":[{"enterText":"1000","selector":{"id":"application-manageyards-display-component---NewYard--companyCodeComboBox","interaction":{"idSuffix":"inner"}},"clearTextFirst":true,"interactionType":"ENTER_TEXT"}]}
COMMAND: POST /session/86ebb79c72de266112eececc171e51a0/execute/async - {"script":"<script> [1562 bytes]","args":[{"selector":{"controlType":"sap.m.Input","viewName":"etm.portal.ui.manageyards.view.New","viewId":"application-manageyards-display-component---NewYard","bindingPath":{"path":"","propertyPath":"/PLANT","modelName":"NewYardModel"},"interaction":{"idSuffix":"inner"}},"wdio_ui5_key":"etmportal.ui.manageyards.view.Newsap.m.Input{\"path\":\"\",\"propertyPath\":\"/PLANT\",\"modelName\":\"NewYardModel\"}"}]}
RESULT: {"script":"<script> [1562 bytes]","args":[{"selector":{"controlType":"sap.m.Input","viewName":"etm.portal.ui.manageyards.view.New","viewId":"application-manageyards-display-component---NewYard","bindingPath":{"path":"","propertyPath":"/PLANT","modelName":"NewYardModel"},"interaction":{"idSuffix":"inner"}},"wdio_ui5_key":"etmportal.ui.manageyards.view.Newsap.m.Input{\"path\":\"\",\"propertyPath\":\"/PLANT\",\"modelName\":\"NewYardModel\"}"}]}
RESULT: undefined
COMMAND: POST /session/86ebb79c72de266112eececc171e51a0/execute/async - {"script":"<script> [776 bytes]","args":[{"enterText":"1001","selector":{"controlType":"sap.m.Input","viewName":"etm.portal.ui.manageyards.view.New","viewId":"application-manageyards-display-component---NewYard","bindingPath":{"path":"","propertyPath":"/PLANT","modelName":"NewYardModel"},"interaction":{"idSuffix":"inner"}},"clearTextFirst":true,"interactionType":"ENTER_TEXT"}]}
RESULT: {"script":"<script> [776 bytes]","args":[{"enterText":"1001","selector":{"controlType":"sap.m.Input","viewName":"etm.portal.ui.manageyards.view.New","viewId":"application-manageyards-display-component---NewYard","bindingPath":{"path":"","propertyPath":"/PLANT","modelName":"NewYardModel"},"interaction":{"idSuffix":"inner"}},"clearTextFirst":true,"interactionType":"ENTER_TEXT"}]}
COMMAND: POST /session/86ebb79c72de266112eececc171e51a0/execute/async - {"script":"<script> [1562 bytes]","args":[{"selector":{"controlType":"sap.m.Input","viewName":"etm.portal.ui.manageyards.view.New","viewId":"application-manageyards-display-component---NewYard","bindingPath":{"path":"","propertyPath":"/SALES_AREA_VKORG","modelName":"NewYardModel"},"interaction":{"idSuffix":"inner"}},"wdio_ui5_key":"etmportal.ui.manageyards.view.Newsap.m.Input{\"path\":\"\",\"propertyPath\":\"/SALES_AREA_VKORG\",\"modelName\":\"NewYardModel\"}"}]}
RESULT: {"script":"<script> [1562 bytes]","args":[{"selector":{"controlType":"sap.m.Input","viewName":"etm.portal.ui.manageyards.view.New","viewId":"application-manageyards-display-component---NewYard","bindingPath":{"path":"","propertyPath":"/SALES_AREA_VKORG","modelName":"NewYardModel"},"interaction":{"idSuffix":"inner"}},"wdio_ui5_key":"etmportal.ui.manageyards.view.Newsap.m.Input{\"path\":\"\",\"propertyPath\":\"/SALES_AREA_VKORG\",\"modelName\":\"NewYardModel\"}"}]}
RESULT: undefined
COMMAND: POST /session/86ebb79c72de266112eececc171e51a0/execute/async - {"script":"<script> [776 bytes]","args":[{"enterText":"C002","selector":{"controlType":"sap.m.Input","viewName":"etm.portal.ui.manageyards.view.New","viewId":"application-manageyards-display-component---NewYard","bindingPath":{"path":"","propertyPath":"/SALES_AREA_VKORG","modelName":"NewYardModel"},"interaction":{"idSuffix":"inner"}},"clearTextFirst":true,"interactionType":"ENTER_TEXT"}]}
RESULT: {"script":"<script> [776 bytes]","args":[{"enterText":"C002","selector":{"controlType":"sap.m.Input","viewName":"etm.portal.ui.manageyards.view.New","viewId":"application-manageyards-display-component---NewYard","bindingPath":{"path":"","propertyPath":"/SALES_AREA_VKORG","modelName":"NewYardModel"},"interaction":{"idSuffix":"inner"}},"clearTextFirst":true,"interactionType":"ENTER_TEXT"}]}
COMMAND: POST /session/86ebb79c72de266112eececc171e51a0/execute/async - {"script":"<script> [1562 bytes]","args":[{"selector":{"controlType":"sap.m.Input","viewName":"etm.portal.ui.manageyards.view.New","viewId":"application-manageyards-display-component---NewYard","bindingPath":{"path":"","propertyPath":"/SALES_AREA_VTWEG","modelName":"NewYardModel"},"interaction":{"idSuffix":"inner"}},"wdio_ui5_key":"etmportal.ui.manageyards.view.Newsap.m.Input{\"path\":\"\",\"propertyPath\":\"/SALES_AREA_VTWEG\",\"modelName\":\"NewYardModel\"}"}]}
RESULT: {"script":"<script> [1562 bytes]","args":[{"selector":{"controlType":"sap.m.Input","viewName":"etm.portal.ui.manageyards.view.New","viewId":"application-manageyards-display-component---NewYard","bindingPath":{"path":"","propertyPath":"/SALES_AREA_VTWEG","modelName":"NewYardModel"},"interaction":{"idSuffix":"inner"}},"wdio_ui5_key":"etmportal.ui.manageyards.view.Newsap.m.Input{\"path\":\"\",\"propertyPath\":\"/SALES_AREA_VTWEG\",\"modelName\":\"NewYardModel\"}"}]}
RESULT: undefined
COMMAND: POST /session/86ebb79c72de266112eececc171e51a0/execute/async - {"script":"<script> [776 bytes]","args":[{"enterText":"C2","selector":{"controlType":"sap.m.Input","viewName":"etm.portal.ui.manageyards.view.New","viewId":"application-manageyards-display-component---NewYard","bindingPath":{"path":"","propertyPath":"/SALES_AREA_VTWEG","modelName":"NewYardModel"},"interaction":{"idSuffix":"inner"}},"clearTextFirst":true,"interactionType":"ENTER_TEXT"}]}
RESULT: {"script":"<script> [776 bytes]","args":[{"enterText":"C2","selector":{"controlType":"sap.m.Input","viewName":"etm.portal.ui.manageyards.view.New","viewId":"application-manageyards-display-component---NewYard","bindingPath":{"path":"","propertyPath":"/SALES_AREA_VTWEG","modelName":"NewYardModel"},"interaction":{"idSuffix":"inner"}},"clearTextFirst":true,"interactionType":"ENTER_TEXT"}]}
COMMAND: POST /session/86ebb79c72de266112eececc171e51a0/execute/async - {"script":"<script> [1562 bytes]","args":[{"selector":{"controlType":"sap.m.Input","viewName":"etm.portal.ui.manageyards.view.New","viewId":"application-manageyards-display-component---NewYard","bindingPath":{"path":"","propertyPath":"/SALES_AREA_SPART","modelName":"NewYardModel"},"interaction":{"idSuffix":"inner"}},"wdio_ui5_key":"etmportal.ui.manageyards.view.Newsap.m.Input{\"path\":\"\",\"propertyPath\":\"/SALES_AREA_SPART\",\"modelName\":\"NewYardModel\"}"}]}
RESULT: {"script":"<script> [1562 bytes]","args":[{"selector":{"controlType":"sap.m.Input","viewName":"etm.portal.ui.manageyards.view.New","viewId":"application-manageyards-display-component---NewYard","bindingPath":{"path":"","propertyPath":"/SALES_AREA_SPART","modelName":"NewYardModel"},"interaction":{"idSuffix":"inner"}},"wdio_ui5_key":"etmportal.ui.manageyards.view.Newsap.m.Input{\"path\":\"\",\"propertyPath\":\"/SALES_AREA_SPART\",\"modelName\":\"NewYardModel\"}"}]}
RESULT: undefined
COMMAND: POST /session/86ebb79c72de266112eececc171e51a0/execute/async - {"script":"<script> [776 bytes]","args":[{"enterText":"C2","selector":{"controlType":"sap.m.Input","viewName":"etm.portal.ui.manageyards.view.New","viewId":"application-manageyards-display-component---NewYard","bindingPath":{"path":"","propertyPath":"/SALES_AREA_SPART","modelName":"NewYardModel"},"interaction":{"idSuffix":"inner"}},"clearTextFirst":true,"interactionType":"ENTER_TEXT"}]}
RESULT: {"script":"<script> [776 bytes]","args":[{"enterText":"C2","selector":{"controlType":"sap.m.Input","viewName":"etm.portal.ui.manageyards.view.New","viewId":"application-manageyards-display-component---NewYard","bindingPath":{"path":"","propertyPath":"/SALES_AREA_SPART","modelName":"NewYardModel"},"interaction":{"idSuffix":"inner"}},"clearTextFirst":true,"interactionType":"ENTER_TEXT"}]}
COMMAND: POST /session/86ebb79c72de266112eececc171e51a0/execute/async - {"script":"<script> [1562 bytes]","args":[{"selector":{"controlType":"sap.m.Input","viewName":"etm.portal.ui.manageyards.view.New","viewId":"application-manageyards-display-component---NewYard","bindingPath":{"path":"","propertyPath":"/SHIP_POINT","modelName":"NewYardModel"},"interaction":{"idSuffix":"inner"}},"wdio_ui5_key":"etmportal.ui.manageyards.view.Newsap.m.Input{\"path\":\"\",\"propertyPath\":\"/SHIP_POINT\",\"modelName\":\"NewYardModel\"}"}]}
RESULT: {"script":"<script> [1562 bytes]","args":[{"selector":{"controlType":"sap.m.Input","viewName":"etm.portal.ui.manageyards.view.New","viewId":"application-manageyards-display-component---NewYard","bindingPath":{"path":"","propertyPath":"/SHIP_POINT","modelName":"NewYardModel"},"interaction":{"idSuffix":"inner"}},"wdio_ui5_key":"etmportal.ui.manageyards.view.Newsap.m.Input{\"path\":\"\",\"propertyPath\":\"/SHIP_POINT\",\"modelName\":\"NewYardModel\"}"}]}
RESULT: undefined
COMMAND: POST /session/86ebb79c72de266112eececc171e51a0/execute/async - {"script":"<script> [776 bytes]","args":[{"enterText":"1710","selector":{"controlType":"sap.m.Input","viewName":"etm.portal.ui.manageyards.view.New","viewId":"application-manageyards-display-component---NewYard","bindingPath":{"path":"","propertyPath":"/SHIP_POINT","modelName":"NewYardModel"},"interaction":{"idSuffix":"inner"}},"clearTextFirst":true,"interactionType":"ENTER_TEXT"}]}
RESULT: {"script":"<script> [776 bytes]","args":[{"enterText":"1710","selector":{"controlType":"sap.m.Input","viewName":"etm.portal.ui.manageyards.view.New","viewId":"application-manageyards-display-component---NewYard","bindingPath":{"path":"","propertyPath":"/SHIP_POINT","modelName":"NewYardModel"},"interaction":{"idSuffix":"inner"}},"clearTextFirst":true,"interactionType":"ENTER_TEXT"}]}
COMMAND: POST /session/86ebb79c72de266112eececc171e51a0/execute/async - {"script":"<script> [1562 bytes]","args":[{"selector":{"controlType":"sap.m.Input","viewName":"etm.portal.ui.manageyards.view.New","viewId":"application-manageyards-display-component---NewYard","bindingPath":{"path":"","propertyPath":"/DELIVERY_TYPE","modelName":"NewYardModel"},"interaction":{"idSuffix":"inner"}},"wdio_ui5_key":"etmportal.ui.manageyards.view.Newsap.m.Input{\"path\":\"\",\"propertyPath\":\"/DELIVERY_TYPE\",\"modelName\":\"NewYardModel\"}"}]}
RESULT: {"script":"<script> [1562 bytes]","args":[{"selector":{"controlType":"sap.m.Input","viewName":"etm.portal.ui.manageyards.view.New","viewId":"application-manageyards-display-component---NewYard","bindingPath":{"path":"","propertyPath":"/DELIVERY_TYPE","modelName":"NewYardModel"},"interaction":{"idSuffix":"inner"}},"wdio_ui5_key":"etmportal.ui.manageyards.view.Newsap.m.Input{\"path\":\"\",\"propertyPath\":\"/DELIVERY_TYPE\",\"modelName\":\"NewYardModel\"}"}]}
RESULT: undefined
COMMAND: POST /session/86ebb79c72de266112eececc171e51a0/execute/async - {"script":"<script> [776 bytes]","args":[{"enterText":"ZL01","selector":{"controlType":"sap.m.Input","viewName":"etm.portal.ui.manageyards.view.New","viewId":"application-manageyards-display-component---NewYard","bindingPath":{"path":"","propertyPath":"/DELIVERY_TYPE","modelName":"NewYardModel"},"interaction":{"idSuffix":"inner"}},"clearTextFirst":true,"interactionType":"ENTER_TEXT"}]}
RESULT: {"script":"<script> [776 bytes]","args":[{"enterText":"ZL01","selector":{"controlType":"sap.m.Input","viewName":"etm.portal.ui.manageyards.view.New","viewId":"application-manageyards-display-component---NewYard","bindingPath":{"path":"","propertyPath":"/DELIVERY_TYPE","modelName":"NewYardModel"},"interaction":{"idSuffix":"inner"}},"clearTextFirst":true,"interactionType":"ENTER_TEXT"}]}
COMMAND: POST /session/86ebb79c72de266112eececc171e51a0/execute/async - {"script":"<script> [1562 bytes]","args":[{"selector":{"controlType":"sap.m.Input","viewName":"etm.portal.ui.manageyards.view.New","viewId":"application-manageyards-display-component---NewYard","bindingPath":{"path":"","propertyPath":"/AUART","modelName":"NewYardModel"},"interaction":{"idSuffix":"inner"}},"wdio_ui5_key":"etmportal.ui.manageyards.view.Newsap.m.Input{\"path\":\"\",\"propertyPath\":\"/AUART\",\"modelName\":\"NewYardModel\"}"}]}
RESULT: {"script":"<script> [1562 bytes]","args":[{"selector":{"controlType":"sap.m.Input","viewName":"etm.portal.ui.manageyards.view.New","viewId":"application-manageyards-display-component---NewYard","bindingPath":{"path":"","propertyPath":"/AUART","modelName":"NewYardModel"},"interaction":{"idSuffix":"inner"}},"wdio_ui5_key":"etmportal.ui.manageyards.view.Newsap.m.Input{\"path\":\"\",\"propertyPath\":\"/AUART\",\"modelName\":\"NewYardModel\"}"}]}
RESULT: undefined
COMMAND: POST /session/86ebb79c72de266112eececc171e51a0/execute/async - {"script":"<script> [776 bytes]","args":[{"enterText":"TA","selector":{"controlType":"sap.m.Input","viewName":"etm.portal.ui.manageyards.view.New","viewId":"application-manageyards-display-component---NewYard","bindingPath":{"path":"","propertyPath":"/AUART","modelName":"NewYardModel"},"interaction":{"idSuffix":"inner"}},"clearTextFirst":true,"interactionType":"ENTER_TEXT"}]}
RESULT: {"script":"<script> [776 bytes]","args":[{"enterText":"TA","selector":{"controlType":"sap.m.Input","viewName":"etm.portal.ui.manageyards.view.New","viewId":"application-manageyards-display-component---NewYard","bindingPath":{"path":"","propertyPath":"/AUART","modelName":"NewYardModel"},"interaction":{"idSuffix":"inner"}},"clearTextFirst":true,"interactionType":"ENTER_TEXT"}]}
COMMAND: POST /session/86ebb79c72de266112eececc171e51a0/element - {"using":"xpath","value":"//button[@data-kt=\"newYardSaveButton\"]"}
RESULT: {"using":"xpath","value":"//button[@data-kt=\"newYardSaveButton\"]"}
COMMAND: POST /session/86ebb79c72de266112eececc171e51a0/element/f.A17C675D496C198C40B93A37572AC0F9.d.AD3E5BEC5ADFBEBCFF3F87C561FC66C3.e.6634/click - {}
RESULT: {}
COMMAND: GET /session/86ebb79c72de266112eececc171e51a0/screenshot - {}
RESULT: {}
COMMAND: POST /session/86ebb79c72de266112eececc171e51a0/element - {"using":"xpath","value":"//header[contains(@id, 'ObjectPageLayout-headerTitle')]/div[1]/div[2]/div[1]/span[1]"}
RESULT: {"using":"xpath","value":"//header[contains(@id, 'ObjectPageLayout-headerTitle')]/div[1]/div[2]/div[1]/span[1]"}
COMMAND: POST /session/86ebb79c72de266112eececc171e51a0/elements - {"using":"xpath","value":"//header[contains(@id, 'ObjectPageLayout-headerTitle')]/div[1]/div[2]/div[1]/span[1]"}
RESULT: {"using":"xpath","value":"//header[contains(@id, 'ObjectPageLayout-headerTitle')]/div[1]/div[2]/div[1]/span[1]"}
COMMAND: POST /session/86ebb79c72de266112eececc171e51a0/execute/sync - {"script":"<script> [56 bytes]","args":[{"element-6066-11e4-a52e-4f735466cecf":"f.A17C675D496C198C40B93A37572AC0F9.d.AD3E5BEC5ADFBEBCFF3F87C561FC66C3.e.7108","ELEMENT":"f.A17C675D496C198C40B93A37572AC0F9.d.AD3E5BEC5ADFBEBCFF3F87C561FC66C3.e.7108"}]}
RESULT: {"script":"<script> [56 bytes]","args":[{"element-6066-11e4-a52e-4f735466cecf":"f.A17C675D496C198C40B93A37572AC0F9.d.AD3E5BEC5ADFBEBCFF3F87C561FC66C3.e.7108","ELEMENT":"f.A17C675D496C198C40B93A37572AC0F9.d.AD3E5BEC5ADFBEBCFF3F87C561FC66C3.e.7108"}]}
COMMAND: GET /session/86ebb79c72de266112eececc171e51a0/screenshot - {}
RESULT: {}
COMMAND: POST /session/86ebb79c72de266112eececc171e51a0/element - {"using":"css selector","value":"#shell-header-logo"}
RESULT: {"using":"css selector","value":"#shell-header-logo"}
COMMAND: POST /session/86ebb79c72de266112eececc171e51a0/element/f.A17C675D496C198C40B93A37572AC0F9.d.AD3E5BEC5ADFBEBCFF3F87C561FC66C3.e.6527/click - {}
RESULT: {}
COMMAND: GET /session/86ebb79c72de266112eececc171e51a0/screenshot - {}
RESULT: {}
COMMAND: POST /session/86ebb79c72de266112eececc171e51a0/execute/sync - {"script":"<script> [299 bytes]","args":[["getModel","getResource"]]}
RESULT: {"script":"<script> [299 bytes]","args":[["getModel","getResource"]]}
COMMAND: GET /session/86ebb79c72de266112eececc171e51a0/screenshot - {}
]]></system-out>
    </testcase>
    <testcase classname="chrome.136_0_7103_93.windows.Billing_Transfer_-_Intracompany_US127249" name="Should create a new partner" time="145.985">
      <system-out><![CDATA[
COMMAND: POST /session/86ebb79c72de266112eececc171e51a0/window/fullscreen - {}
RESULT: {}
RESULT: {}
COMMAND: POST /session/86ebb79c72de266112eececc171e51a0/execute/async - {"script":"<script> [1562 bytes]","args":[{"selector":{"controlType":"sap.m.GenericTile","properties":{"header":"Manage Partners"}},"wdio_ui5_key":"sapm.GenericTile{\"header\":\"Manage Partners\"}"}]}
RESULT: {"script":"<script> [1562 bytes]","args":[{"selector":{"controlType":"sap.m.GenericTile","properties":{"header":"Manage Partners"}},"wdio_ui5_key":"sapm.GenericTile{\"header\":\"Manage Partners\"}"}]}
RESULT: undefined
COMMAND: POST /session/86ebb79c72de266112eececc171e51a0/element - {"using":"xpath","value":"//*[@id=\"__tile38\"]"}
RESULT: {"using":"xpath","value":"//*[@id=\"__tile38\"]"}
COMMAND: POST /session/86ebb79c72de266112eececc171e51a0/element/f.A17C675D496C198C40B93A37572AC0F9.d.AD3E5BEC5ADFBEBCFF3F87C561FC66C3.e.6411/click - {}
RESULT: {}
COMMAND: GET /session/86ebb79c72de266112eececc171e51a0/screenshot - {}
RESULT: {}
COMMAND: POST /session/86ebb79c72de266112eececc171e51a0/elements - {"using":"xpath","value":"//span[text()='Error']"}
RESULT: {"using":"xpath","value":"//span[text()='Error']"}
COMMAND: POST /session/86ebb79c72de266112eececc171e51a0/element - {"using":"xpath","value":"//button[@data-kt=\"addButton\"]"}
RESULT: {"using":"xpath","value":"//button[@data-kt=\"addButton\"]"}
COMMAND: POST /session/86ebb79c72de266112eececc171e51a0/elements - {"using":"xpath","value":"//button[@data-kt=\"addButton\"]"}
RESULT: {"using":"xpath","value":"//button[@data-kt=\"addButton\"]"}
COMMAND: POST /session/86ebb79c72de266112eececc171e51a0/execute/sync - {"script":"<script> [8489 bytes]","args":[{"element-6066-11e4-a52e-4f735466cecf":"f.A17C675D496C198C40B93A37572AC0F9.d.AD3E5BEC5ADFBEBCFF3F87C561FC66C3.e.7145","ELEMENT":"f.A17C675D496C198C40B93A37572AC0F9.d.AD3E5BEC5ADFBEBCFF3F87C561FC66C3.e.7145"}]}
RESULT: {"script":"<script> [8489 bytes]","args":[{"element-6066-11e4-a52e-4f735466cecf":"f.A17C675D496C198C40B93A37572AC0F9.d.AD3E5BEC5ADFBEBCFF3F87C561FC66C3.e.7145","ELEMENT":"f.A17C675D496C198C40B93A37572AC0F9.d.AD3E5BEC5ADFBEBCFF3F87C561FC66C3.e.7145"}]}
COMMAND: GET /session/86ebb79c72de266112eececc171e51a0/element/f.A17C675D496C198C40B93A37572AC0F9.d.AD3E5BEC5ADFBEBCFF3F87C561FC66C3.e.7145/enabled - {}
COMMAND: GET /session/86ebb79c72de266112eececc171e51a0/screenshot - {}
RESULT: {}
COMMAND: POST /session/86ebb79c72de266112eececc171e51a0/execute/sync - {"script":"<script> [8489 bytes]","args":[{"element-6066-11e4-a52e-4f735466cecf":"f.A17C675D496C198C40B93A37572AC0F9.d.AD3E5BEC5ADFBEBCFF3F87C561FC66C3.e.7145","ELEMENT":"f.A17C675D496C198C40B93A37572AC0F9.d.AD3E5BEC5ADFBEBCFF3F87C561FC66C3.e.7145"}]}
COMMAND: GET /session/86ebb79c72de266112eececc171e51a0/screenshot - {}
RESULT: {}
RESULT: {"script":"<script> [8489 bytes]","args":[{"element-6066-11e4-a52e-4f735466cecf":"f.A17C675D496C198C40B93A37572AC0F9.d.AD3E5BEC5ADFBEBCFF3F87C561FC66C3.e.7145","ELEMENT":"f.A17C675D496C198C40B93A37572AC0F9.d.AD3E5BEC5ADFBEBCFF3F87C561FC66C3.e.7145"}]}
COMMAND: POST /session/86ebb79c72de266112eececc171e51a0/execute/sync - {"script":"<script> [5351 bytes]","args":[{"element-6066-11e4-a52e-4f735466cecf":"f.A17C675D496C198C40B93A37572AC0F9.d.AD3E5BEC5ADFBEBCFF3F87C561FC66C3.e.7145","ELEMENT":"f.A17C675D496C198C40B93A37572AC0F9.d.AD3E5BEC5ADFBEBCFF3F87C561FC66C3.e.7145"}]}
COMMAND: GET /session/86ebb79c72de266112eececc171e51a0/screenshot - {}
RESULT: {}
RESULT: {"script":"<script> [5351 bytes]","args":[{"element-6066-11e4-a52e-4f735466cecf":"f.A17C675D496C198C40B93A37572AC0F9.d.AD3E5BEC5ADFBEBCFF3F87C561FC66C3.e.7145","ELEMENT":"f.A17C675D496C198C40B93A37572AC0F9.d.AD3E5BEC5ADFBEBCFF3F87C561FC66C3.e.7145"}]}
COMMAND: POST /session/86ebb79c72de266112eececc171e51a0/element/f.A17C675D496C198C40B93A37572AC0F9.d.AD3E5BEC5ADFBEBCFF3F87C561FC66C3.e.7145/click - {}
COMMAND: GET /session/86ebb79c72de266112eececc171e51a0/screenshot - {}
RESULT: {}
RESULT: {}
COMMAND: GET /session/86ebb79c72de266112eececc171e51a0/screenshot - {}
RESULT: {}
RESULT: {}
COMMAND: POST /session/86ebb79c72de266112eececc171e51a0/execute/async - {"script":"<script> [1562 bytes]","args":[{"selector":{"id":"application-managepartners-display-component---NewPartner--addressDetailDetailsName1","interaction":{"idSuffix":"inner"}},"wdio_ui5_key":"applicationmanagepartners-display-component---NewPartner--addressDetailDetailsName1"}]}
RESULT: {"script":"<script> [1562 bytes]","args":[{"selector":{"id":"application-managepartners-display-component---NewPartner--addressDetailDetailsName1","interaction":{"idSuffix":"inner"}},"wdio_ui5_key":"applicationmanagepartners-display-component---NewPartner--addressDetailDetailsName1"}]}
RESULT: undefined
COMMAND: POST /session/86ebb79c72de266112eececc171e51a0/execute/async - {"script":"<script> [776 bytes]","args":[{"enterText":"Intracompany Partner WDIO","selector":{"id":"application-managepartners-display-component---NewPartner--addressDetailDetailsName1","interaction":{"idSuffix":"inner"}},"clearTextFirst":true,"interactionType":"ENTER_TEXT"}]}
RESULT: {"script":"<script> [776 bytes]","args":[{"enterText":"Intracompany Partner WDIO","selector":{"id":"application-managepartners-display-component---NewPartner--addressDetailDetailsName1","interaction":{"idSuffix":"inner"}},"clearTextFirst":true,"interactionType":"ENTER_TEXT"}]}
COMMAND: POST /session/86ebb79c72de266112eececc171e51a0/execute/async - {"script":"<script> [1562 bytes]","args":[{"selector":{"id":"application-managepartners-display-component---NewPartner--addressDetailDetailsLanguage-arrow"},"wdio_ui5_key":"applicationmanagepartners-display-component---NewPartner--addressDetailDetailsLanguage-arrow"}]}
RESULT: {"script":"<script> [1562 bytes]","args":[{"selector":{"id":"application-managepartners-display-component---NewPartner--addressDetailDetailsLanguage-arrow"},"wdio_ui5_key":"applicationmanagepartners-display-component---NewPartner--addressDetailDetailsLanguage-arrow"}]}
RESULT: undefined
COMMAND: POST /session/86ebb79c72de266112eececc171e51a0/element - {"using":"xpath","value":"//*[@id=\"application-managepartners-display-component---NewPartner--addressDetailDetailsLanguage-arrow\"]"}
RESULT: {"using":"xpath","value":"//*[@id=\"application-managepartners-display-component---NewPartner--addressDetailDetailsLanguage-arrow\"]"}
COMMAND: POST /session/86ebb79c72de266112eececc171e51a0/element/f.A17C675D496C198C40B93A37572AC0F9.d.AD3E5BEC5ADFBEBCFF3F87C561FC66C3.e.7595/click - {}
RESULT: {}
COMMAND: POST /session/86ebb79c72de266112eececc171e51a0/element - {"using":"xpath","value":"//span[contains(text(), \"English\")]"}
COMMAND: GET /session/86ebb79c72de266112eececc171e51a0/screenshot - {}
RESULT: {"using":"xpath","value":"//span[contains(text(), \"English\")]"}
COMMAND: POST /session/86ebb79c72de266112eececc171e51a0/element/f.A17C675D496C198C40B93A37572AC0F9.d.AD3E5BEC5ADFBEBCFF3F87C561FC66C3.e.7596/click - {}
RESULT: {}
RESULT: {}
COMMAND: GET /session/86ebb79c72de266112eececc171e51a0/screenshot - {}
RESULT: {}
COMMAND: POST /session/86ebb79c72de266112eececc171e51a0/execute/async - {"script":"<script> [1562 bytes]","args":[{"selector":{"id":"application-managepartners-display-component---NewPartner--addressDetailDetailsCity1","interaction":{"idSuffix":"inner"}},"wdio_ui5_key":"applicationmanagepartners-display-component---NewPartner--addressDetailDetailsCity1"}]}
RESULT: {"script":"<script> [1562 bytes]","args":[{"selector":{"id":"application-managepartners-display-component---NewPartner--addressDetailDetailsCity1","interaction":{"idSuffix":"inner"}},"wdio_ui5_key":"applicationmanagepartners-display-component---NewPartner--addressDetailDetailsCity1"}]}
RESULT: undefined
COMMAND: POST /session/86ebb79c72de266112eececc171e51a0/execute/async - {"script":"<script> [776 bytes]","args":[{"enterText":"Rosario","selector":{"id":"application-managepartners-display-component---NewPartner--addressDetailDetailsCity1","interaction":{"idSuffix":"inner"}},"clearTextFirst":true,"interactionType":"ENTER_TEXT"}]}
RESULT: {"script":"<script> [776 bytes]","args":[{"enterText":"Rosario","selector":{"id":"application-managepartners-display-component---NewPartner--addressDetailDetailsCity1","interaction":{"idSuffix":"inner"}},"clearTextFirst":true,"interactionType":"ENTER_TEXT"}]}
COMMAND: POST /session/86ebb79c72de266112eececc171e51a0/execute/async - {"script":"<script> [1562 bytes]","args":[{"selector":{"id":"application-managepartners-display-component---NewPartner--addressDetailDetailsCountry-arrow"},"wdio_ui5_key":"applicationmanagepartners-display-component---NewPartner--addressDetailDetailsCountry-arrow"}]}
RESULT: {"script":"<script> [1562 bytes]","args":[{"selector":{"id":"application-managepartners-display-component---NewPartner--addressDetailDetailsCountry-arrow"},"wdio_ui5_key":"applicationmanagepartners-display-component---NewPartner--addressDetailDetailsCountry-arrow"}]}
RESULT: undefined
COMMAND: POST /session/86ebb79c72de266112eececc171e51a0/element - {"using":"xpath","value":"//*[@id=\"application-managepartners-display-component---NewPartner--addressDetailDetailsCountry-arrow\"]"}
RESULT: {"using":"xpath","value":"//*[@id=\"application-managepartners-display-component---NewPartner--addressDetailDetailsCountry-arrow\"]"}
COMMAND: POST /session/86ebb79c72de266112eececc171e51a0/element/f.A17C675D496C198C40B93A37572AC0F9.d.AD3E5BEC5ADFBEBCFF3F87C561FC66C3.e.7582/click - {}
RESULT: {}
COMMAND: POST /session/86ebb79c72de266112eececc171e51a0/element - {"using":"xpath","value":"//span[contains(text(), \"Argentina\")]"}
COMMAND: GET /session/86ebb79c72de266112eececc171e51a0/screenshot - {}
RESULT: {"using":"xpath","value":"//span[contains(text(), \"Argentina\")]"}
COMMAND: POST /session/86ebb79c72de266112eececc171e51a0/element/f.A17C675D496C198C40B93A37572AC0F9.d.AD3E5BEC5ADFBEBCFF3F87C561FC66C3.e.7598/click - {}
RESULT: {}
RESULT: {}
COMMAND: GET /session/86ebb79c72de266112eececc171e51a0/screenshot - {}
RESULT: {}
COMMAND: POST /session/86ebb79c72de266112eececc171e51a0/element - {"using":"xpath","value":"//bdi[contains(text(), \"Commercial\")]"}
RESULT: {"using":"xpath","value":"//bdi[contains(text(), \"Commercial\")]"}
COMMAND: POST /session/86ebb79c72de266112eececc171e51a0/element/f.A17C675D496C198C40B93A37572AC0F9.d.AD3E5BEC5ADFBEBCFF3F87C561FC66C3.e.7599/click - {}
RESULT: {}
COMMAND: GET /session/86ebb79c72de266112eececc171e51a0/screenshot - {}
RESULT: {}
COMMAND: POST /session/86ebb79c72de266112eececc171e51a0/execute/async - {"script":"<script> [1562 bytes]","args":[{"selector":{"id":"application-managepartners-display-component---NewPartner--partnerDetailInternal-arrow"},"wdio_ui5_key":"applicationmanagepartners-display-component---NewPartner--partnerDetailInternal-arrow"}]}
RESULT: {"script":"<script> [1562 bytes]","args":[{"selector":{"id":"application-managepartners-display-component---NewPartner--partnerDetailInternal-arrow"},"wdio_ui5_key":"applicationmanagepartners-display-component---NewPartner--partnerDetailInternal-arrow"}]}
RESULT: undefined
COMMAND: POST /session/86ebb79c72de266112eececc171e51a0/element - {"using":"xpath","value":"//*[@id=\"application-managepartners-display-component---NewPartner--partnerDetailInternal-arrow\"]"}
RESULT: {"using":"xpath","value":"//*[@id=\"application-managepartners-display-component---NewPartner--partnerDetailInternal-arrow\"]"}
COMMAND: POST /session/86ebb79c72de266112eececc171e51a0/element/f.A17C675D496C198C40B93A37572AC0F9.d.AD3E5BEC5ADFBEBCFF3F87C561FC66C3.e.7605/click - {}
RESULT: {}
COMMAND: POST /session/86ebb79c72de266112eececc171e51a0/element - {"using":"xpath","value":"//span[contains(text(), \"Affiliated company\")]"}
COMMAND: GET /session/86ebb79c72de266112eececc171e51a0/screenshot - {}
RESULT: {"using":"xpath","value":"//span[contains(text(), \"Affiliated company\")]"}
COMMAND: POST /session/86ebb79c72de266112eececc171e51a0/element/f.A17C675D496C198C40B93A37572AC0F9.d.AD3E5BEC5ADFBEBCFF3F87C561FC66C3.e.7608/click - {}
RESULT: {}
RESULT: {}
COMMAND: POST /session/86ebb79c72de266112eececc171e51a0/execute/async - {"script":"<script> [1562 bytes]","args":[{"selector":{"id":"application-managepartners-display-component---NewPartner--partnerDetailsCurrency-arrow"},"wdio_ui5_key":"applicationmanagepartners-display-component---NewPartner--partnerDetailsCurrency-arrow"}]}
COMMAND: GET /session/86ebb79c72de266112eececc171e51a0/screenshot - {}
RESULT: {"script":"<script> [1562 bytes]","args":[{"selector":{"id":"application-managepartners-display-component---NewPartner--partnerDetailsCurrency-arrow"},"wdio_ui5_key":"applicationmanagepartners-display-component---NewPartner--partnerDetailsCurrency-arrow"}]}
RESULT: undefined
COMMAND: POST /session/86ebb79c72de266112eececc171e51a0/element - {"using":"xpath","value":"//*[@id=\"application-managepartners-display-component---NewPartner--partnerDetailsCurrency-arrow\"]"}
RESULT: {}
RESULT: {"using":"xpath","value":"//*[@id=\"application-managepartners-display-component---NewPartner--partnerDetailsCurrency-arrow\"]"}
COMMAND: POST /session/86ebb79c72de266112eececc171e51a0/element/f.A17C675D496C198C40B93A37572AC0F9.d.AD3E5BEC5ADFBEBCFF3F87C561FC66C3.e.7615/click - {}
RESULT: {}
COMMAND: POST /session/86ebb79c72de266112eececc171e51a0/element - {"using":"xpath","value":"//span[contains(text(), \"Euro\")]"}
COMMAND: GET /session/86ebb79c72de266112eececc171e51a0/screenshot - {}
RESULT: {"using":"xpath","value":"//span[contains(text(), \"Euro\")]"}
COMMAND: POST /session/86ebb79c72de266112eececc171e51a0/element/f.A17C675D496C198C40B93A37572AC0F9.d.AD3E5BEC5ADFBEBCFF3F87C561FC66C3.e.7616/click - {}
RESULT: {}
RESULT: {}
COMMAND: POST /session/86ebb79c72de266112eececc171e51a0/execute/async - {"script":"<script> [1562 bytes]","args":[{"selector":{"id":"application-managepartners-display-component---NewPartner--addressEditDetailsCostObjectCstType-arrow"},"wdio_ui5_key":"applicationmanagepartners-display-component---NewPartner--addressEditDetailsCostObjectCstType-arrow"}]}
COMMAND: GET /session/86ebb79c72de266112eececc171e51a0/screenshot - {}
RESULT: {"script":"<script> [1562 bytes]","args":[{"selector":{"id":"application-managepartners-display-component---NewPartner--addressEditDetailsCostObjectCstType-arrow"},"wdio_ui5_key":"applicationmanagepartners-display-component---NewPartner--addressEditDetailsCostObjectCstType-arrow"}]}
RESULT: undefined
COMMAND: POST /session/86ebb79c72de266112eececc171e51a0/element - {"using":"xpath","value":"//*[@id=\"application-managepartners-display-component---NewPartner--addressEditDetailsCostObjectCstType-arrow\"]"}
RESULT: {}
RESULT: {"using":"xpath","value":"//*[@id=\"application-managepartners-display-component---NewPartner--addressEditDetailsCostObjectCstType-arrow\"]"}
COMMAND: POST /session/86ebb79c72de266112eececc171e51a0/element/f.A17C675D496C198C40B93A37572AC0F9.d.AD3E5BEC5ADFBEBCFF3F87C561FC66C3.e.7617/click - {}
RESULT: {}
COMMAND: POST /session/86ebb79c72de266112eececc171e51a0/element - {"using":"xpath","value":"//span[contains(text(), \"Cost Center\")]"}
COMMAND: GET /session/86ebb79c72de266112eececc171e51a0/screenshot - {}
RESULT: {"using":"xpath","value":"//span[contains(text(), \"Cost Center\")]"}
COMMAND: POST /session/86ebb79c72de266112eececc171e51a0/element/f.A17C675D496C198C40B93A37572AC0F9.d.AD3E5BEC5ADFBEBCFF3F87C561FC66C3.e.7618/click - {}
RESULT: {}
RESULT: {}
COMMAND: GET /session/86ebb79c72de266112eececc171e51a0/screenshot - {}
RESULT: {}
COMMAND: POST /session/86ebb79c72de266112eececc171e51a0/element - {"using":"xpath","value":"//span[@id=\"application-managepartners-display-component---NewPartner--addressNewCostObjectCstID-vhi\"]"}
RESULT: {"using":"xpath","value":"//span[@id=\"application-managepartners-display-component---NewPartner--addressNewCostObjectCstID-vhi\"]"}
COMMAND: POST /session/86ebb79c72de266112eececc171e51a0/execute/sync - {"script":"<script> [8489 bytes]","args":[{"element-6066-11e4-a52e-4f735466cecf":"f.A17C675D496C198C40B93A37572AC0F9.d.AD3E5BEC5ADFBEBCFF3F87C561FC66C3.e.7622","ELEMENT":"f.A17C675D496C198C40B93A37572AC0F9.d.AD3E5BEC5ADFBEBCFF3F87C561FC66C3.e.7622"}]}
RESULT: {"script":"<script> [8489 bytes]","args":[{"element-6066-11e4-a52e-4f735466cecf":"f.A17C675D496C198C40B93A37572AC0F9.d.AD3E5BEC5ADFBEBCFF3F87C561FC66C3.e.7622","ELEMENT":"f.A17C675D496C198C40B93A37572AC0F9.d.AD3E5BEC5ADFBEBCFF3F87C561FC66C3.e.7622"}]}
COMMAND: POST /session/86ebb79c72de266112eececc171e51a0/execute/async - {"script":"<script> [1562 bytes]","args":[{"selector":{"id":"application-managepartners-display-component---NewPartner--addressNewCostObjectCstID-vhi"},"wdio_ui5_key":"applicationmanagepartners-display-component---NewPartner--addressNewCostObjectCstID-vhi"}]}
COMMAND: GET /session/86ebb79c72de266112eececc171e51a0/screenshot - {}
RESULT: {"script":"<script> [1562 bytes]","args":[{"selector":{"id":"application-managepartners-display-component---NewPartner--addressNewCostObjectCstID-vhi"},"wdio_ui5_key":"applicationmanagepartners-display-component---NewPartner--addressNewCostObjectCstID-vhi"}]}
RESULT: undefined
COMMAND: POST /session/86ebb79c72de266112eececc171e51a0/element - {"using":"xpath","value":"//*[@id=\"application-managepartners-display-component---NewPartner--addressNewCostObjectCstID-vhi\"]"}
RESULT: {}
RESULT: {"using":"xpath","value":"//*[@id=\"application-managepartners-display-component---NewPartner--addressNewCostObjectCstID-vhi\"]"}
COMMAND: POST /session/86ebb79c72de266112eececc171e51a0/element/f.A17C675D496C198C40B93A37572AC0F9.d.AD3E5BEC5ADFBEBCFF3F87C561FC66C3.e.7622/click - {}
RESULT: {}
COMMAND: GET /session/86ebb79c72de266112eececc171e51a0/screenshot - {}
RESULT: {}
RESULT: undefined
COMMAND: POST /session/86ebb79c72de266112eececc171e51a0/execute/async - {"script":"<script> [776 bytes]","args":[{"enterText":"10001013","selector":{"controlType":"sap.m.SearchField","properties":{"placeholder":"Search"},"searchOpenDialogs":true,"interaction":{"idSuffix":"I"}},"clearTextFirst":true,"interactionType":"ENTER_TEXT"}]}
RESULT: {"script":"<script> [776 bytes]","args":[{"enterText":"10001013","selector":{"controlType":"sap.m.SearchField","properties":{"placeholder":"Search"},"searchOpenDialogs":true,"interaction":{"idSuffix":"I"}},"clearTextFirst":true,"interactionType":"ENTER_TEXT"}]}
COMMAND: POST /session/86ebb79c72de266112eececc171e51a0/actions - {"actions":[{"id":"action25","type":"key","parameters":{},"actions":[{"type":"keyDown","value":""},{"type":"pause","duration":10},{"type":"keyUp","value":""}]}]}
RESULT: {"actions":[{"id":"action25","type":"key","parameters":{},"actions":[{"type":"keyDown","value":""},{"type":"pause","duration":10},{"type":"keyUp","value":""}]}]}
COMMAND: GET /session/86ebb79c72de266112eececc171e51a0/screenshot - {}
RESULT: {}
COMMAND: POST /session/86ebb79c72de266112eececc171e51a0/element - {"using":"xpath","value":"//span[contains(text(), \"General Management\")]"}
RESULT: {"using":"xpath","value":"//span[contains(text(), \"General Management\")]"}
COMMAND: POST /session/86ebb79c72de266112eececc171e51a0/element/f.A17C675D496C198C40B93A37572AC0F9.d.AD3E5BEC5ADFBEBCFF3F87C561FC66C3.e.7660/click - {}
RESULT: {}
COMMAND: GET /session/86ebb79c72de266112eececc171e51a0/screenshot - {}
RESULT: {}
COMMAND: POST /session/86ebb79c72de266112eececc171e51a0/element - {"using":"xpath","value":"//bdi[contains(text(), \"OK\")]"}
RESULT: {"using":"xpath","value":"//bdi[contains(text(), \"OK\")]"}
COMMAND: POST /session/86ebb79c72de266112eececc171e51a0/element/f.A17C675D496C198C40B93A37572AC0F9.d.AD3E5BEC5ADFBEBCFF3F87C561FC66C3.e.7661/click - {}
RESULT: {}
COMMAND: GET /session/86ebb79c72de266112eececc171e51a0/screenshot - {}
RESULT: {}
COMMAND: POST /session/86ebb79c72de266112eececc171e51a0/element - {"using":"xpath","value":"//input[@id=\"application-managepartners-display-component---NewPartner--companyCodeComboBox-inner\"]"}
RESULT: {"using":"xpath","value":"//input[@id=\"application-managepartners-display-component---NewPartner--companyCodeComboBox-inner\"]"}
COMMAND: POST /session/86ebb79c72de266112eececc171e51a0/element/f.A17C675D496C198C40B93A37572AC0F9.d.AD3E5BEC5ADFBEBCFF3F87C561FC66C3.e.7501/clear - {}
RESULT: {}
COMMAND: POST /session/86ebb79c72de266112eececc171e51a0/element/f.A17C675D496C198C40B93A37572AC0F9.d.AD3E5BEC5ADFBEBCFF3F87C561FC66C3.e.7501/value - {"text":"1000"}
COMMAND: GET /session/86ebb79c72de266112eececc171e51a0/screenshot - {}
RESULT: {"text":"1000"}
COMMAND: GET /session/86ebb79c72de266112eececc171e51a0/screenshot - {}
RESULT: {}
RESULT: {}
COMMAND: POST /session/86ebb79c72de266112eececc171e51a0/element - {"using":"xpath","value":"//li[.//span[text()= \"1000\"]]"}
RESULT: {"using":"xpath","value":"//li[.//span[text()= \"1000\"]]"}
COMMAND: POST /session/86ebb79c72de266112eececc171e51a0/element/f.A17C675D496C198C40B93A37572AC0F9.d.AD3E5BEC5ADFBEBCFF3F87C561FC66C3.e.7667/click - {}
RESULT: {}
COMMAND: GET /session/86ebb79c72de266112eececc171e51a0/screenshot - {}
RESULT: {}
COMMAND: POST /session/86ebb79c72de266112eececc171e51a0/execute/async - {"script":"<script> [1562 bytes]","args":[{"selector":{"id":"application-managepartners-display-component---NewPartner--btnAddTableRow-img"},"wdio_ui5_key":"applicationmanagepartners-display-component---NewPartner--btnAddTableRow-img"}]}
RESULT: {"script":"<script> [1562 bytes]","args":[{"selector":{"id":"application-managepartners-display-component---NewPartner--btnAddTableRow-img"},"wdio_ui5_key":"applicationmanagepartners-display-component---NewPartner--btnAddTableRow-img"}]}
RESULT: undefined
COMMAND: POST /session/86ebb79c72de266112eececc171e51a0/element - {"using":"xpath","value":"//*[@id=\"application-managepartners-display-component---NewPartner--btnAddTableRow-img\"]"}
RESULT: {"using":"xpath","value":"//*[@id=\"application-managepartners-display-component---NewPartner--btnAddTableRow-img\"]"}
COMMAND: POST /session/86ebb79c72de266112eececc171e51a0/element/f.A17C675D496C198C40B93A37572AC0F9.d.AD3E5BEC5ADFBEBCFF3F87C561FC66C3.e.7668/click - {}
RESULT: {}
COMMAND: GET /session/86ebb79c72de266112eececc171e51a0/screenshot - {}
RESULT: {}
COMMAND: POST /session/86ebb79c72de266112eececc171e51a0/element - {"using":"xpath","value":"//input[@id=\"application-managepartners-display-component---NewPartner--assignmentYard-application-managepartners-display-component---NewPartner--assignmentsTable-0-inner\"]"}
RESULT: {"using":"xpath","value":"//input[@id=\"application-managepartners-display-component---NewPartner--assignmentYard-application-managepartners-display-component---NewPartner--assignmentsTable-0-inner\"]"}
COMMAND: POST /session/86ebb79c72de266112eececc171e51a0/element/f.A17C675D496C198C40B93A37572AC0F9.d.AD3E5BEC5ADFBEBCFF3F87C561FC66C3.e.7671/clear - {}
RESULT: {}
COMMAND: POST /session/86ebb79c72de266112eececc171e51a0/element/f.A17C675D496C198C40B93A37572AC0F9.d.AD3E5BEC5ADFBEBCFF3F87C561FC66C3.e.7671/value - {"text":"644"}
COMMAND: GET /session/86ebb79c72de266112eececc171e51a0/screenshot - {}
RESULT: {"text":"644"}
COMMAND: GET /session/86ebb79c72de266112eececc171e51a0/screenshot - {}
RESULT: {}
RESULT: {}
COMMAND: POST /session/86ebb79c72de266112eececc171e51a0/element - {"using":"xpath","value":"//li[.//span[text()='644']]"}
RESULT: {"using":"xpath","value":"//li[.//span[text()='644']]"}
COMMAND: POST /session/86ebb79c72de266112eececc171e51a0/element/f.A17C675D496C198C40B93A37572AC0F9.d.AD3E5BEC5ADFBEBCFF3F87C561FC66C3.e.7680/click - {}
RESULT: {}
COMMAND: GET /session/86ebb79c72de266112eececc171e51a0/screenshot - {}
RESULT: {}
COMMAND: POST /session/86ebb79c72de266112eececc171e51a0/actions - {"actions":[{"id":"action26","type":"key","parameters":{},"actions":[{"type":"keyDown","value":""},{"type":"pause","duration":10},{"type":"keyUp","value":""}]}]}
RESULT: {"actions":[{"id":"action26","type":"key","parameters":{},"actions":[{"type":"keyDown","value":""},{"type":"pause","duration":10},{"type":"keyUp","value":""}]}]}
COMMAND: POST /session/86ebb79c72de266112eececc171e51a0/execute/async - {"script":"<script> [1562 bytes]","args":[{"selector":{"id":"application-managepartners-display-component---NewPartner--externalCustomerComboBox-application-managepartners-display-component---NewPartner--assignmentsTable-0-vhi"},"wdio_ui5_key":"applicationmanagepartners-display-component---NewPartner--externalCustomerComboBox-application-managepartners-display-component---NewPartner--assignmentsTable-0-vhi"}]}
COMMAND: GET /session/86ebb79c72de266112eececc171e51a0/screenshot - {}
RESULT: {"script":"<script> [1562 bytes]","args":[{"selector":{"id":"application-managepartners-display-component---NewPartner--externalCustomerComboBox-application-managepartners-display-component---NewPartner--assignmentsTable-0-vhi"},"wdio_ui5_key":"applicationmanagepartners-display-component---NewPartner--externalCustomerComboBox-application-managepartners-display-component---NewPartner--assignmentsTable-0-vhi"}]}
RESULT: undefined
COMMAND: POST /session/86ebb79c72de266112eececc171e51a0/element - {"using":"xpath","value":"//*[@id=\"application-managepartners-display-component---NewPartner--externalCustomerComboBox-application-managepartners-display-component---NewPartner--assignmentsTable-0-vhi\"]"}
RESULT: {}
RESULT: {"using":"xpath","value":"//*[@id=\"application-managepartners-display-component---NewPartner--externalCustomerComboBox-application-managepartners-display-component---NewPartner--assignmentsTable-0-vhi\"]"}
COMMAND: POST /session/86ebb79c72de266112eececc171e51a0/element/f.A17C675D496C198C40B93A37572AC0F9.d.AD3E5BEC5ADFBEBCFF3F87C561FC66C3.e.7684/click - {}
RESULT: {}
RESULT: undefined
COMMAND: POST /session/86ebb79c72de266112eececc171e51a0/execute/async - {"script":"<script> [776 bytes]","args":[{"enterText":"300003","selector":{"controlType":"sap.m.SearchField","properties":{"placeholder":"Search"},"searchOpenDialogs":true,"interaction":{"idSuffix":"I"}},"clearTextFirst":true,"interactionType":"ENTER_TEXT"}]}
COMMAND: GET /session/86ebb79c72de266112eececc171e51a0/screenshot - {}
RESULT: {"script":"<script> [776 bytes]","args":[{"enterText":"300003","selector":{"controlType":"sap.m.SearchField","properties":{"placeholder":"Search"},"searchOpenDialogs":true,"interaction":{"idSuffix":"I"}},"clearTextFirst":true,"interactionType":"ENTER_TEXT"}]}
COMMAND: POST /session/86ebb79c72de266112eececc171e51a0/actions - {"actions":[{"id":"action27","type":"key","parameters":{},"actions":[{"type":"keyDown","value":""},{"type":"pause","duration":10},{"type":"keyUp","value":""}]}]}
RESULT: {}
RESULT: {"actions":[{"id":"action27","type":"key","parameters":{},"actions":[{"type":"keyDown","value":""},{"type":"pause","duration":10},{"type":"keyUp","value":""}]}]}
COMMAND: GET /session/86ebb79c72de266112eececc171e51a0/screenshot - {}
RESULT: {}
COMMAND: POST /session/86ebb79c72de266112eececc171e51a0/element - {"using":"xpath","value":"//span[contains(text(), \"300003\")]"}
RESULT: {"using":"xpath","value":"//span[contains(text(), \"300003\")]"}
COMMAND: POST /session/86ebb79c72de266112eececc171e51a0/element/f.A17C675D496C198C40B93A37572AC0F9.d.AD3E5BEC5ADFBEBCFF3F87C561FC66C3.e.7690/click - {}
RESULT: {}
COMMAND: GET /session/86ebb79c72de266112eececc171e51a0/screenshot - {}
RESULT: {}
COMMAND: POST /session/86ebb79c72de266112eececc171e51a0/element - {"using":"xpath","value":"//bdi[contains(text(), \"OK\")]"}
RESULT: {"using":"xpath","value":"//bdi[contains(text(), \"OK\")]"}
COMMAND: POST /session/86ebb79c72de266112eececc171e51a0/element/f.A17C675D496C198C40B93A37572AC0F9.d.AD3E5BEC5ADFBEBCFF3F87C561FC66C3.e.7692/click - {}
RESULT: {}
COMMAND: GET /session/86ebb79c72de266112eececc171e51a0/screenshot - {}
RESULT: {}
COMMAND: POST /session/86ebb79c72de266112eececc171e51a0/execute/async - {"script":"<script> [1562 bytes]","args":[{"selector":{"id":"application-managepartners-display-component---NewPartner--intercompVendorComboBox-application-managepartners-display-component---NewPartner--assignmentsTable-0-vhi"},"wdio_ui5_key":"applicationmanagepartners-display-component---NewPartner--intercompVendorComboBox-application-managepartners-display-component---NewPartner--assignmentsTable-0-vhi"}]}
RESULT: {"script":"<script> [1562 bytes]","args":[{"selector":{"id":"application-managepartners-display-component---NewPartner--intercompVendorComboBox-application-managepartners-display-component---NewPartner--assignmentsTable-0-vhi"},"wdio_ui5_key":"applicationmanagepartners-display-component---NewPartner--intercompVendorComboBox-application-managepartners-display-component---NewPartner--assignmentsTable-0-vhi"}]}
RESULT: undefined
COMMAND: POST /session/86ebb79c72de266112eececc171e51a0/element - {"using":"xpath","value":"//*[@id=\"application-managepartners-display-component---NewPartner--intercompVendorComboBox-application-managepartners-display-component---NewPartner--assignmentsTable-0-vhi\"]"}
RESULT: {"using":"xpath","value":"//*[@id=\"application-managepartners-display-component---NewPartner--intercompVendorComboBox-application-managepartners-display-component---NewPartner--assignmentsTable-0-vhi\"]"}
COMMAND: POST /session/86ebb79c72de266112eececc171e51a0/element/f.A17C675D496C198C40B93A37572AC0F9.d.AD3E5BEC5ADFBEBCFF3F87C561FC66C3.e.7696/click - {}
RESULT: {}
RESULT: undefined
COMMAND: POST /session/86ebb79c72de266112eececc171e51a0/execute/async - {"script":"<script> [776 bytes]","args":[{"enterText":"100005","selector":{"controlType":"sap.m.SearchField","properties":{"placeholder":"Search"},"searchOpenDialogs":true,"interaction":{"idSuffix":"I"}},"clearTextFirst":true,"interactionType":"ENTER_TEXT"}]}
COMMAND: GET /session/86ebb79c72de266112eececc171e51a0/screenshot - {}
RESULT: {"script":"<script> [776 bytes]","args":[{"enterText":"100005","selector":{"controlType":"sap.m.SearchField","properties":{"placeholder":"Search"},"searchOpenDialogs":true,"interaction":{"idSuffix":"I"}},"clearTextFirst":true,"interactionType":"ENTER_TEXT"}]}
COMMAND: POST /session/86ebb79c72de266112eececc171e51a0/actions - {"actions":[{"id":"action28","type":"key","parameters":{},"actions":[{"type":"keyDown","value":""},{"type":"pause","duration":10},{"type":"keyUp","value":""}]}]}
RESULT: {}
RESULT: {"actions":[{"id":"action28","type":"key","parameters":{},"actions":[{"type":"keyDown","value":""},{"type":"pause","duration":10},{"type":"keyUp","value":""}]}]}
COMMAND: GET /session/86ebb79c72de266112eececc171e51a0/screenshot - {}
RESULT: {}
COMMAND: POST /session/86ebb79c72de266112eececc171e51a0/element - {"using":"xpath","value":"//span[contains(text(), \"Penguins - Field/12345 Berlin\")]"}
RESULT: {"using":"xpath","value":"//span[contains(text(), \"Penguins - Field/12345 Berlin\")]"}
COMMAND: POST /session/86ebb79c72de266112eececc171e51a0/element/f.A17C675D496C198C40B93A37572AC0F9.d.AD3E5BEC5ADFBEBCFF3F87C561FC66C3.e.7714/click - {}
RESULT: {}
COMMAND: GET /session/86ebb79c72de266112eececc171e51a0/screenshot - {}
RESULT: {}
COMMAND: POST /session/86ebb79c72de266112eececc171e51a0/element - {"using":"xpath","value":"//bdi[contains(text(), \"OK\")]"}
RESULT: {"using":"xpath","value":"//bdi[contains(text(), \"OK\")]"}
COMMAND: POST /session/86ebb79c72de266112eececc171e51a0/element/f.A17C675D496C198C40B93A37572AC0F9.d.AD3E5BEC5ADFBEBCFF3F87C561FC66C3.e.7715/click - {}
RESULT: {}
COMMAND: GET /session/86ebb79c72de266112eececc171e51a0/screenshot - {}
RESULT: {}
COMMAND: POST /session/86ebb79c72de266112eececc171e51a0/element - {"using":"xpath","value":"//button[@data-kt=\"saveButton\"]"}
RESULT: {"using":"xpath","value":"//button[@data-kt=\"saveButton\"]"}
COMMAND: POST /session/86ebb79c72de266112eececc171e51a0/element/f.A17C675D496C198C40B93A37572AC0F9.d.AD3E5BEC5ADFBEBCFF3F87C561FC66C3.e.7532/click - {}
RESULT: {}
COMMAND: GET /session/86ebb79c72de266112eececc171e51a0/screenshot - {}
RESULT: {}
COMMAND: POST /session/86ebb79c72de266112eececc171e51a0/element - {"using":"xpath","value":"//header[contains(@id, 'ObjectPageLayout-headerTitle')]/div[1]/div[2]/div[2]/span[1]"}
RESULT: {"using":"xpath","value":"//header[contains(@id, 'ObjectPageLayout-headerTitle')]/div[1]/div[2]/div[2]/span[1]"}
COMMAND: POST /session/86ebb79c72de266112eececc171e51a0/elements - {"using":"xpath","value":"//header[contains(@id, 'ObjectPageLayout-headerTitle')]/div[1]/div[2]/div[2]/span[1]"}
RESULT: {"using":"xpath","value":"//header[contains(@id, 'ObjectPageLayout-headerTitle')]/div[1]/div[2]/div[2]/span[1]"}
COMMAND: POST /session/86ebb79c72de266112eececc171e51a0/execute/sync - {"script":"<script> [56 bytes]","args":[{"element-6066-11e4-a52e-4f735466cecf":"f.A17C675D496C198C40B93A37572AC0F9.d.AD3E5BEC5ADFBEBCFF3F87C561FC66C3.e.7880","ELEMENT":"f.A17C675D496C198C40B93A37572AC0F9.d.AD3E5BEC5ADFBEBCFF3F87C561FC66C3.e.7880"}]}
RESULT: {"script":"<script> [56 bytes]","args":[{"element-6066-11e4-a52e-4f735466cecf":"f.A17C675D496C198C40B93A37572AC0F9.d.AD3E5BEC5ADFBEBCFF3F87C561FC66C3.e.7880","ELEMENT":"f.A17C675D496C198C40B93A37572AC0F9.d.AD3E5BEC5ADFBEBCFF3F87C561FC66C3.e.7880"}]}
COMMAND: POST /session/86ebb79c72de266112eececc171e51a0/element - {"using":"css selector","value":"#shell-header-logo"}
COMMAND: GET /session/86ebb79c72de266112eececc171e51a0/screenshot - {}
RESULT: {"using":"css selector","value":"#shell-header-logo"}
COMMAND: POST /session/86ebb79c72de266112eececc171e51a0/element/f.A17C675D496C198C40B93A37572AC0F9.d.AD3E5BEC5ADFBEBCFF3F87C561FC66C3.e.7111/click - {}
RESULT: {}
RESULT: {}
COMMAND: GET /session/86ebb79c72de266112eececc171e51a0/screenshot - {}
RESULT: {}
COMMAND: POST /session/86ebb79c72de266112eececc171e51a0/execute/sync - {"script":"<script> [299 bytes]","args":[["getModel","getResource"]]}
RESULT: {"script":"<script> [299 bytes]","args":[["getModel","getResource"]]}
]]></system-out>
    </testcase>
    <testcase classname="chrome.136_0_7103_93.windows.Billing_Transfer_-_Intracompany_US127249" name="Should create a new site" time="104.351">
      <system-out><![CDATA[
COMMAND: POST /session/86ebb79c72de266112eececc171e51a0/execute/async - {"script":"<script> [1562 bytes]","args":[{"selector":{"controlType":"sap.m.GenericTile","properties":{"header":"Manage Sites"}},"wdio_ui5_key":"sapm.GenericTile{\"header\":\"Manage Sites\"}"}]}
COMMAND: GET /session/86ebb79c72de266112eececc171e51a0/screenshot - {}
RESULT: {}
RESULT: {"script":"<script> [1562 bytes]","args":[{"selector":{"controlType":"sap.m.GenericTile","properties":{"header":"Manage Sites"}},"wdio_ui5_key":"sapm.GenericTile{\"header\":\"Manage Sites\"}"}]}
RESULT: undefined
COMMAND: POST /session/86ebb79c72de266112eececc171e51a0/element - {"using":"xpath","value":"//*[@id=\"__tile40\"]"}
RESULT: {"using":"xpath","value":"//*[@id=\"__tile40\"]"}
COMMAND: POST /session/86ebb79c72de266112eececc171e51a0/element/f.A17C675D496C198C40B93A37572AC0F9.d.AD3E5BEC5ADFBEBCFF3F87C561FC66C3.e.6417/click - {}
RESULT: {}
COMMAND: GET /session/86ebb79c72de266112eececc171e51a0/screenshot - {}
RESULT: {}
COMMAND: POST /session/86ebb79c72de266112eececc171e51a0/elements - {"using":"xpath","value":"//span[text()='Error']"}
RESULT: {"using":"xpath","value":"//span[text()='Error']"}
COMMAND: POST /session/86ebb79c72de266112eececc171e51a0/element - {"using":"xpath","value":"//button[@data-kt=\"addOverflowToolbarButton\"]"}
RESULT: {"using":"xpath","value":"//button[@data-kt=\"addOverflowToolbarButton\"]"}
COMMAND: POST /session/86ebb79c72de266112eececc171e51a0/elements - {"using":"xpath","value":"//button[@data-kt=\"addOverflowToolbarButton\"]"}
RESULT: {"using":"xpath","value":"//button[@data-kt=\"addOverflowToolbarButton\"]"}
COMMAND: POST /session/86ebb79c72de266112eececc171e51a0/execute/sync - {"script":"<script> [8489 bytes]","args":[{"element-6066-11e4-a52e-4f735466cecf":"f.A17C675D496C198C40B93A37572AC0F9.d.AD3E5BEC5ADFBEBCFF3F87C561FC66C3.e.7927","ELEMENT":"f.A17C675D496C198C40B93A37572AC0F9.d.AD3E5BEC5ADFBEBCFF3F87C561FC66C3.e.7927"}]}
RESULT: {"script":"<script> [8489 bytes]","args":[{"element-6066-11e4-a52e-4f735466cecf":"f.A17C675D496C198C40B93A37572AC0F9.d.AD3E5BEC5ADFBEBCFF3F87C561FC66C3.e.7927","ELEMENT":"f.A17C675D496C198C40B93A37572AC0F9.d.AD3E5BEC5ADFBEBCFF3F87C561FC66C3.e.7927"}]}
COMMAND: GET /session/86ebb79c72de266112eececc171e51a0/element/f.A17C675D496C198C40B93A37572AC0F9.d.AD3E5BEC5ADFBEBCFF3F87C561FC66C3.e.7927/enabled - {}
COMMAND: GET /session/86ebb79c72de266112eececc171e51a0/screenshot - {}
RESULT: {}
COMMAND: POST /session/86ebb79c72de266112eececc171e51a0/execute/sync - {"script":"<script> [8489 bytes]","args":[{"element-6066-11e4-a52e-4f735466cecf":"f.A17C675D496C198C40B93A37572AC0F9.d.AD3E5BEC5ADFBEBCFF3F87C561FC66C3.e.7927","ELEMENT":"f.A17C675D496C198C40B93A37572AC0F9.d.AD3E5BEC5ADFBEBCFF3F87C561FC66C3.e.7927"}]}
COMMAND: GET /session/86ebb79c72de266112eececc171e51a0/screenshot - {}
RESULT: {}
RESULT: {"script":"<script> [8489 bytes]","args":[{"element-6066-11e4-a52e-4f735466cecf":"f.A17C675D496C198C40B93A37572AC0F9.d.AD3E5BEC5ADFBEBCFF3F87C561FC66C3.e.7927","ELEMENT":"f.A17C675D496C198C40B93A37572AC0F9.d.AD3E5BEC5ADFBEBCFF3F87C561FC66C3.e.7927"}]}
COMMAND: POST /session/86ebb79c72de266112eececc171e51a0/execute/sync - {"script":"<script> [5351 bytes]","args":[{"element-6066-11e4-a52e-4f735466cecf":"f.A17C675D496C198C40B93A37572AC0F9.d.AD3E5BEC5ADFBEBCFF3F87C561FC66C3.e.7927","ELEMENT":"f.A17C675D496C198C40B93A37572AC0F9.d.AD3E5BEC5ADFBEBCFF3F87C561FC66C3.e.7927"}]}
COMMAND: GET /session/86ebb79c72de266112eececc171e51a0/screenshot - {}
RESULT: {}
RESULT: {"script":"<script> [5351 bytes]","args":[{"element-6066-11e4-a52e-4f735466cecf":"f.A17C675D496C198C40B93A37572AC0F9.d.AD3E5BEC5ADFBEBCFF3F87C561FC66C3.e.7927","ELEMENT":"f.A17C675D496C198C40B93A37572AC0F9.d.AD3E5BEC5ADFBEBCFF3F87C561FC66C3.e.7927"}]}
COMMAND: POST /session/86ebb79c72de266112eececc171e51a0/element/f.A17C675D496C198C40B93A37572AC0F9.d.AD3E5BEC5ADFBEBCFF3F87C561FC66C3.e.7927/click - {}
COMMAND: GET /session/86ebb79c72de266112eececc171e51a0/screenshot - {}
RESULT: {}
RESULT: {}
COMMAND: GET /session/86ebb79c72de266112eececc171e51a0/screenshot - {}
COMMAND: POST /session/86ebb79c72de266112eececc171e51a0/element - {"using":"xpath","value":"//input[@id=\"application-managesites-display-component---NewSite--siteId-inner\"]"}
RESULT: {}
RESULT: {}
RESULT: {"using":"xpath","value":"//input[@id=\"application-managesites-display-component---NewSite--siteId-inner\"]"}
COMMAND: POST /session/86ebb79c72de266112eececc171e51a0/element - {"using":"xpath","value":"//input[@id=\"application-managesites-display-component---NewSite--siteId-inner\"]"}
RESULT: {"using":"xpath","value":"//input[@id=\"application-managesites-display-component---NewSite--siteId-inner\"]"}
COMMAND: POST /session/86ebb79c72de266112eececc171e51a0/execute/async - {"script":"<script> [1562 bytes]","args":[{"selector":{"id":"application-managesites-display-component---NewSite--addressDetailDetailsName1","interaction":{"idSuffix":"inner"}},"wdio_ui5_key":"applicationmanagesites-display-component---NewSite--addressDetailDetailsName1"}]}
RESULT: {"script":"<script> [1562 bytes]","args":[{"selector":{"id":"application-managesites-display-component---NewSite--addressDetailDetailsName1","interaction":{"idSuffix":"inner"}},"wdio_ui5_key":"applicationmanagesites-display-component---NewSite--addressDetailDetailsName1"}]}
RESULT: undefined
COMMAND: POST /session/86ebb79c72de266112eececc171e51a0/execute/async - {"script":"<script> [776 bytes]","args":[{"enterText":"Intracompany Site wdIO","selector":{"id":"application-managesites-display-component---NewSite--addressDetailDetailsName1","interaction":{"idSuffix":"inner"}},"clearTextFirst":true,"interactionType":"ENTER_TEXT"}]}
RESULT: {"script":"<script> [776 bytes]","args":[{"enterText":"Intracompany Site wdIO","selector":{"id":"application-managesites-display-component---NewSite--addressDetailDetailsName1","interaction":{"idSuffix":"inner"}},"clearTextFirst":true,"interactionType":"ENTER_TEXT"}]}
COMMAND: POST /session/86ebb79c72de266112eececc171e51a0/execute/async - {"script":"<script> [1562 bytes]","args":[{"selector":{"id":"application-managesites-display-component---NewSite--addressDetailDetailsLanguage-arrow"},"wdio_ui5_key":"applicationmanagesites-display-component---NewSite--addressDetailDetailsLanguage-arrow"}]}
RESULT: {"script":"<script> [1562 bytes]","args":[{"selector":{"id":"application-managesites-display-component---NewSite--addressDetailDetailsLanguage-arrow"},"wdio_ui5_key":"applicationmanagesites-display-component---NewSite--addressDetailDetailsLanguage-arrow"}]}
RESULT: undefined
COMMAND: POST /session/86ebb79c72de266112eececc171e51a0/element - {"using":"xpath","value":"//*[@id=\"application-managesites-display-component---NewSite--addressDetailDetailsLanguage-arrow\"]"}
RESULT: {"using":"xpath","value":"//*[@id=\"application-managesites-display-component---NewSite--addressDetailDetailsLanguage-arrow\"]"}
COMMAND: POST /session/86ebb79c72de266112eececc171e51a0/element/f.A17C675D496C198C40B93A37572AC0F9.d.AD3E5BEC5ADFBEBCFF3F87C561FC66C3.e.8337/click - {}
RESULT: {}
COMMAND: POST /session/86ebb79c72de266112eececc171e51a0/element - {"using":"xpath","value":"//span[contains(text(), \"English\")]"}
COMMAND: GET /session/86ebb79c72de266112eececc171e51a0/screenshot - {}
RESULT: {"using":"xpath","value":"//span[contains(text(), \"English\")]"}
COMMAND: POST /session/86ebb79c72de266112eececc171e51a0/element/f.A17C675D496C198C40B93A37572AC0F9.d.AD3E5BEC5ADFBEBCFF3F87C561FC66C3.e.8338/click - {}
RESULT: {}
RESULT: {}
COMMAND: POST /session/86ebb79c72de266112eececc171e51a0/execute/async - {"script":"<script> [1562 bytes]","args":[{"selector":{"id":"application-managesites-display-component---NewSite--addressDetailDetailsCity1","interaction":{"idSuffix":"inner"}},"wdio_ui5_key":"applicationmanagesites-display-component---NewSite--addressDetailDetailsCity1"}]}
COMMAND: GET /session/86ebb79c72de266112eececc171e51a0/screenshot - {}
RESULT: {"script":"<script> [1562 bytes]","args":[{"selector":{"id":"application-managesites-display-component---NewSite--addressDetailDetailsCity1","interaction":{"idSuffix":"inner"}},"wdio_ui5_key":"applicationmanagesites-display-component---NewSite--addressDetailDetailsCity1"}]}
RESULT: undefined
COMMAND: POST /session/86ebb79c72de266112eececc171e51a0/execute/async - {"script":"<script> [776 bytes]","args":[{"enterText":"Rosario","selector":{"id":"application-managesites-display-component---NewSite--addressDetailDetailsCity1","interaction":{"idSuffix":"inner"}},"clearTextFirst":true,"interactionType":"ENTER_TEXT"}]}
RESULT: {}
RESULT: {"script":"<script> [776 bytes]","args":[{"enterText":"Rosario","selector":{"id":"application-managesites-display-component---NewSite--addressDetailDetailsCity1","interaction":{"idSuffix":"inner"}},"clearTextFirst":true,"interactionType":"ENTER_TEXT"}]}
COMMAND: POST /session/86ebb79c72de266112eececc171e51a0/execute/async - {"script":"<script> [1562 bytes]","args":[{"selector":{"id":"application-managesites-display-component---NewSite--addressDetailDetailsCountry-arrow"},"wdio_ui5_key":"applicationmanagesites-display-component---NewSite--addressDetailDetailsCountry-arrow"}]}
RESULT: {"script":"<script> [1562 bytes]","args":[{"selector":{"id":"application-managesites-display-component---NewSite--addressDetailDetailsCountry-arrow"},"wdio_ui5_key":"applicationmanagesites-display-component---NewSite--addressDetailDetailsCountry-arrow"}]}
RESULT: undefined
COMMAND: POST /session/86ebb79c72de266112eececc171e51a0/element - {"using":"xpath","value":"//*[@id=\"application-managesites-display-component---NewSite--addressDetailDetailsCountry-arrow\"]"}
RESULT: {"using":"xpath","value":"//*[@id=\"application-managesites-display-component---NewSite--addressDetailDetailsCountry-arrow\"]"}
COMMAND: POST /session/86ebb79c72de266112eececc171e51a0/element/f.A17C675D496C198C40B93A37572AC0F9.d.AD3E5BEC5ADFBEBCFF3F87C561FC66C3.e.8340/click - {}
RESULT: {}
COMMAND: POST /session/86ebb79c72de266112eececc171e51a0/element - {"using":"xpath","value":"//span[contains(text(), \"Argentina\")]"}
COMMAND: GET /session/86ebb79c72de266112eececc171e51a0/screenshot - {}
RESULT: {"using":"xpath","value":"//span[contains(text(), \"Argentina\")]"}
COMMAND: POST /session/86ebb79c72de266112eececc171e51a0/element/f.A17C675D496C198C40B93A37572AC0F9.d.AD3E5BEC5ADFBEBCFF3F87C561FC66C3.e.8341/click - {}
RESULT: {}
RESULT: {}
COMMAND: GET /session/86ebb79c72de266112eececc171e51a0/screenshot - {}
RESULT: {}
COMMAND: POST /session/86ebb79c72de266112eececc171e51a0/execute/async - {"script":"<script> [1562 bytes]","args":[{"selector":{"id":"application-managesites-display-component---NewSite--addressEditDetailsCostObjectCstType-arrow"},"wdio_ui5_key":"applicationmanagesites-display-component---NewSite--addressEditDetailsCostObjectCstType-arrow"}]}
RESULT: {"script":"<script> [1562 bytes]","args":[{"selector":{"id":"application-managesites-display-component---NewSite--addressEditDetailsCostObjectCstType-arrow"},"wdio_ui5_key":"applicationmanagesites-display-component---NewSite--addressEditDetailsCostObjectCstType-arrow"}]}
RESULT: undefined
COMMAND: POST /session/86ebb79c72de266112eececc171e51a0/element - {"using":"xpath","value":"//*[@id=\"application-managesites-display-component---NewSite--addressEditDetailsCostObjectCstType-arrow\"]"}
RESULT: {"using":"xpath","value":"//*[@id=\"application-managesites-display-component---NewSite--addressEditDetailsCostObjectCstType-arrow\"]"}
COMMAND: POST /session/86ebb79c72de266112eececc171e51a0/element/f.A17C675D496C198C40B93A37572AC0F9.d.AD3E5BEC5ADFBEBCFF3F87C561FC66C3.e.8343/click - {}
RESULT: {}
COMMAND: POST /session/86ebb79c72de266112eececc171e51a0/element - {"using":"xpath","value":"//span[contains(text(), \"Cost Center\")]"}
COMMAND: GET /session/86ebb79c72de266112eececc171e51a0/screenshot - {}
RESULT: {"using":"xpath","value":"//span[contains(text(), \"Cost Center\")]"}
COMMAND: POST /session/86ebb79c72de266112eececc171e51a0/element/f.A17C675D496C198C40B93A37572AC0F9.d.AD3E5BEC5ADFBEBCFF3F87C561FC66C3.e.8344/click - {}
RESULT: {}
RESULT: {}
COMMAND: GET /session/86ebb79c72de266112eececc171e51a0/screenshot - {}
RESULT: {}
COMMAND: POST /session/86ebb79c72de266112eececc171e51a0/element - {"using":"xpath","value":"//span[@id=\"application-managesites-display-component---NewSite--addressNewCostObjectCstID-vhi\"]"}
RESULT: {"using":"xpath","value":"//span[@id=\"application-managesites-display-component---NewSite--addressNewCostObjectCstID-vhi\"]"}
COMMAND: POST /session/86ebb79c72de266112eececc171e51a0/execute/sync - {"script":"<script> [8489 bytes]","args":[{"element-6066-11e4-a52e-4f735466cecf":"f.A17C675D496C198C40B93A37572AC0F9.d.AD3E5BEC5ADFBEBCFF3F87C561FC66C3.e.8349","ELEMENT":"f.A17C675D496C198C40B93A37572AC0F9.d.AD3E5BEC5ADFBEBCFF3F87C561FC66C3.e.8349"}]}
RESULT: {"script":"<script> [8489 bytes]","args":[{"element-6066-11e4-a52e-4f735466cecf":"f.A17C675D496C198C40B93A37572AC0F9.d.AD3E5BEC5ADFBEBCFF3F87C561FC66C3.e.8349","ELEMENT":"f.A17C675D496C198C40B93A37572AC0F9.d.AD3E5BEC5ADFBEBCFF3F87C561FC66C3.e.8349"}]}
COMMAND: POST /session/86ebb79c72de266112eececc171e51a0/execute/async - {"script":"<script> [1562 bytes]","args":[{"selector":{"id":"application-managesites-display-component---NewSite--addressNewCostObjectCstID-vhi"},"wdio_ui5_key":"applicationmanagesites-display-component---NewSite--addressNewCostObjectCstID-vhi"}]}
COMMAND: GET /session/86ebb79c72de266112eececc171e51a0/screenshot - {}
RESULT: {"script":"<script> [1562 bytes]","args":[{"selector":{"id":"application-managesites-display-component---NewSite--addressNewCostObjectCstID-vhi"},"wdio_ui5_key":"applicationmanagesites-display-component---NewSite--addressNewCostObjectCstID-vhi"}]}
RESULT: undefined
COMMAND: POST /session/86ebb79c72de266112eececc171e51a0/element - {"using":"xpath","value":"//*[@id=\"application-managesites-display-component---NewSite--addressNewCostObjectCstID-vhi\"]"}
RESULT: {}
RESULT: {"using":"xpath","value":"//*[@id=\"application-managesites-display-component---NewSite--addressNewCostObjectCstID-vhi\"]"}
COMMAND: POST /session/86ebb79c72de266112eececc171e51a0/element/f.A17C675D496C198C40B93A37572AC0F9.d.AD3E5BEC5ADFBEBCFF3F87C561FC66C3.e.8349/click - {}
RESULT: {}
COMMAND: GET /session/86ebb79c72de266112eececc171e51a0/screenshot - {}
RESULT: {}
RESULT: undefined
COMMAND: POST /session/86ebb79c72de266112eececc171e51a0/execute/async - {"script":"<script> [776 bytes]","args":[{"enterText":"10001013","selector":{"controlType":"sap.m.SearchField","properties":{"placeholder":"Search"},"searchOpenDialogs":true,"interaction":{"idSuffix":"I"}},"clearTextFirst":true,"interactionType":"ENTER_TEXT"}]}
RESULT: {"script":"<script> [776 bytes]","args":[{"enterText":"10001013","selector":{"controlType":"sap.m.SearchField","properties":{"placeholder":"Search"},"searchOpenDialogs":true,"interaction":{"idSuffix":"I"}},"clearTextFirst":true,"interactionType":"ENTER_TEXT"}]}
COMMAND: POST /session/86ebb79c72de266112eececc171e51a0/actions - {"actions":[{"id":"action29","type":"key","parameters":{},"actions":[{"type":"keyDown","value":""},{"type":"pause","duration":10},{"type":"keyUp","value":""}]}]}
RESULT: {"actions":[{"id":"action29","type":"key","parameters":{},"actions":[{"type":"keyDown","value":""},{"type":"pause","duration":10},{"type":"keyUp","value":""}]}]}
COMMAND: GET /session/86ebb79c72de266112eececc171e51a0/screenshot - {}
RESULT: {}
COMMAND: POST /session/86ebb79c72de266112eececc171e51a0/element - {"using":"xpath","value":"//span[contains(text(), \"General Management\")]"}
RESULT: {"using":"xpath","value":"//span[contains(text(), \"General Management\")]"}
COMMAND: POST /session/86ebb79c72de266112eececc171e51a0/element/f.A17C675D496C198C40B93A37572AC0F9.d.AD3E5BEC5ADFBEBCFF3F87C561FC66C3.e.8388/click - {}
RESULT: {}
COMMAND: GET /session/86ebb79c72de266112eececc171e51a0/screenshot - {}
RESULT: {}
COMMAND: POST /session/86ebb79c72de266112eececc171e51a0/element - {"using":"xpath","value":"//bdi[contains(text(), \"OK\")]"}
RESULT: {"using":"xpath","value":"//bdi[contains(text(), \"OK\")]"}
COMMAND: POST /session/86ebb79c72de266112eececc171e51a0/element/f.A17C675D496C198C40B93A37572AC0F9.d.AD3E5BEC5ADFBEBCFF3F87C561FC66C3.e.8389/click - {}
RESULT: {}
COMMAND: GET /session/86ebb79c72de266112eececc171e51a0/screenshot - {}
RESULT: {}
COMMAND: POST /session/86ebb79c72de266112eececc171e51a0/element - {"using":"xpath","value":"//input[@id=\"application-managesites-display-component---NewSite--addressDetailDetailsCalendar-inner\"]"}
RESULT: {"using":"xpath","value":"//input[@id=\"application-managesites-display-component---NewSite--addressDetailDetailsCalendar-inner\"]"}
COMMAND: POST /session/86ebb79c72de266112eececc171e51a0/element/f.A17C675D496C198C40B93A37572AC0F9.d.AD3E5BEC5ADFBEBCFF3F87C561FC66C3.e.8130/clear - {}
RESULT: {}
COMMAND: POST /session/86ebb79c72de266112eececc171e51a0/element/f.A17C675D496C198C40B93A37572AC0F9.d.AD3E5BEC5ADFBEBCFF3F87C561FC66C3.e.8130/value - {"text":"Unit"}
COMMAND: GET /session/86ebb79c72de266112eececc171e51a0/screenshot - {}
RESULT: {"text":"Unit"}
COMMAND: GET /session/86ebb79c72de266112eececc171e51a0/screenshot - {}
RESULT: {}
RESULT: {}
COMMAND: POST /session/86ebb79c72de266112eececc171e51a0/actions - {"actions":[{"id":"action30","type":"key","parameters":{},"actions":[{"type":"keyDown","value":""},{"type":"pause","duration":10},{"type":"keyUp","value":""}]}]}
RESULT: {"actions":[{"id":"action30","type":"key","parameters":{},"actions":[{"type":"keyDown","value":""},{"type":"pause","duration":10},{"type":"keyUp","value":""}]}]}
COMMAND: POST /session/86ebb79c72de266112eececc171e51a0/element - {"using":"xpath","value":"//input[@id=\"application-managesites-display-component---NewSite--addressDetailDetailsYard-inner\"]"}
COMMAND: GET /session/86ebb79c72de266112eececc171e51a0/screenshot - {}
RESULT: {"using":"xpath","value":"//input[@id=\"application-managesites-display-component---NewSite--addressDetailDetailsYard-inner\"]"}
COMMAND: POST /session/86ebb79c72de266112eececc171e51a0/element/f.A17C675D496C198C40B93A37572AC0F9.d.AD3E5BEC5ADFBEBCFF3F87C561FC66C3.e.8131/clear - {}
RESULT: {}
RESULT: {}
COMMAND: POST /session/86ebb79c72de266112eececc171e51a0/element/f.A17C675D496C198C40B93A37572AC0F9.d.AD3E5BEC5ADFBEBCFF3F87C561FC66C3.e.8131/value - {"text":"644"}
COMMAND: GET /session/86ebb79c72de266112eececc171e51a0/screenshot - {}
RESULT: {"text":"644"}
COMMAND: GET /session/86ebb79c72de266112eececc171e51a0/screenshot - {}
RESULT: {}
RESULT: {}
COMMAND: POST /session/86ebb79c72de266112eececc171e51a0/element - {"using":"xpath","value":"//li[.//span[text()='644']]"}
RESULT: {"using":"xpath","value":"//li[.//span[text()='644']]"}
COMMAND: POST /session/86ebb79c72de266112eececc171e51a0/element/f.A17C675D496C198C40B93A37572AC0F9.d.AD3E5BEC5ADFBEBCFF3F87C561FC66C3.e.8397/click - {}
RESULT: {}
COMMAND: GET /session/86ebb79c72de266112eececc171e51a0/screenshot - {}
RESULT: {}
COMMAND: POST /session/86ebb79c72de266112eececc171e51a0/element - {"using":"xpath","value":"//input[@id=\"application-managesites-display-component---NewSite--addressDetailDetailsPartner-inner\"]"}
RESULT: {"using":"xpath","value":"//input[@id=\"application-managesites-display-component---NewSite--addressDetailDetailsPartner-inner\"]"}
COMMAND: POST /session/86ebb79c72de266112eececc171e51a0/element - {"using":"xpath","value":"//input[@id=\"application-managesites-display-component---NewSite--addressDetailDetailsPartner-inner\"]"}
RESULT: {"using":"xpath","value":"//input[@id=\"application-managesites-display-component---NewSite--addressDetailDetailsPartner-inner\"]"}
COMMAND: POST /session/86ebb79c72de266112eececc171e51a0/element - {"using":"xpath","value":"//button[@data-kt=\"saveButton\"]"}
RESULT: {"using":"xpath","value":"//button[@data-kt=\"saveButton\"]"}
COMMAND: POST /session/86ebb79c72de266112eececc171e51a0/element/f.A17C675D496C198C40B93A37572AC0F9.d.AD3E5BEC5ADFBEBCFF3F87C561FC66C3.e.8245/click - {}
RESULT: {}
COMMAND: GET /session/86ebb79c72de266112eececc171e51a0/screenshot - {}
RESULT: {}
COMMAND: POST /session/86ebb79c72de266112eececc171e51a0/element - {"using":"xpath","value":"//header[contains(@id, 'ObjectPageLayout-headerTitle')]/div[1]/div[2]/div[2]/span[1]"}
RESULT: {"using":"xpath","value":"//header[contains(@id, 'ObjectPageLayout-headerTitle')]/div[1]/div[2]/div[2]/span[1]"}
COMMAND: POST /session/86ebb79c72de266112eececc171e51a0/elements - {"using":"xpath","value":"//header[contains(@id, 'ObjectPageLayout-headerTitle')]/div[1]/div[2]/div[2]/span[1]"}
RESULT: {"using":"xpath","value":"//header[contains(@id, 'ObjectPageLayout-headerTitle')]/div[1]/div[2]/div[2]/span[1]"}
COMMAND: POST /session/86ebb79c72de266112eececc171e51a0/execute/sync - {"script":"<script> [56 bytes]","args":[{"element-6066-11e4-a52e-4f735466cecf":"f.A17C675D496C198C40B93A37572AC0F9.d.AD3E5BEC5ADFBEBCFF3F87C561FC66C3.e.8598","ELEMENT":"f.A17C675D496C198C40B93A37572AC0F9.d.AD3E5BEC5ADFBEBCFF3F87C561FC66C3.e.8598"}]}
RESULT: {"script":"<script> [56 bytes]","args":[{"element-6066-11e4-a52e-4f735466cecf":"f.A17C675D496C198C40B93A37572AC0F9.d.AD3E5BEC5ADFBEBCFF3F87C561FC66C3.e.8598","ELEMENT":"f.A17C675D496C198C40B93A37572AC0F9.d.AD3E5BEC5ADFBEBCFF3F87C561FC66C3.e.8598"}]}
COMMAND: POST /session/86ebb79c72de266112eececc171e51a0/element - {"using":"css selector","value":"#shell-header-logo"}
COMMAND: GET /session/86ebb79c72de266112eececc171e51a0/screenshot - {}
RESULT: {"using":"css selector","value":"#shell-header-logo"}
COMMAND: POST /session/86ebb79c72de266112eececc171e51a0/element/f.A17C675D496C198C40B93A37572AC0F9.d.AD3E5BEC5ADFBEBCFF3F87C561FC66C3.e.7885/click - {}
RESULT: {}
RESULT: {}
COMMAND: GET /session/86ebb79c72de266112eececc171e51a0/screenshot - {}
RESULT: {}
COMMAND: POST /session/86ebb79c72de266112eececc171e51a0/execute/sync - {"script":"<script> [299 bytes]","args":[["getModel","getResource"]]}
RESULT: {"script":"<script> [299 bytes]","args":[["getModel","getResource"]]}
]]></system-out>
    </testcase>
    <testcase classname="chrome.136_0_7103_93.windows.Billing_Transfer_-_Intracompany_US127249" name="Should create a new equipment" time="140.12">
      <system-out><![CDATA[
COMMAND: GET /session/86ebb79c72de266112eececc171e51a0/screenshot - {}
COMMAND: POST /session/86ebb79c72de266112eececc171e51a0/execute/async - {"script":"<script> [1562 bytes]","args":[{"selector":{"controlType":"sap.m.GenericTile","properties":{"header":"Manage Resources"}},"wdio_ui5_key":"sapm.GenericTile{\"header\":\"Manage Resources\"}"}]}
RESULT: {"script":"<script> [1562 bytes]","args":[{"selector":{"controlType":"sap.m.GenericTile","properties":{"header":"Manage Resources"}},"wdio_ui5_key":"sapm.GenericTile{\"header\":\"Manage Resources\"}"}]}
RESULT: undefined
COMMAND: POST /session/86ebb79c72de266112eececc171e51a0/element - {"using":"xpath","value":"//*[@id=\"__tile39\"]"}
RESULT: {}
RESULT: {"using":"xpath","value":"//*[@id=\"__tile39\"]"}
COMMAND: POST /session/86ebb79c72de266112eececc171e51a0/element/f.A17C675D496C198C40B93A37572AC0F9.d.AD3E5BEC5ADFBEBCFF3F87C561FC66C3.e.6414/click - {}
RESULT: {}
COMMAND: GET /session/86ebb79c72de266112eececc171e51a0/screenshot - {}
RESULT: {}
COMMAND: POST /session/86ebb79c72de266112eececc171e51a0/elements - {"using":"xpath","value":"//span[text()='Error']"}
RESULT: {"using":"xpath","value":"//span[text()='Error']"}
COMMAND: POST /session/86ebb79c72de266112eececc171e51a0/element - {"using":"xpath","value":"//button[@data-kt=\"addNewRUOverflowToolbarButton\"]"}
RESULT: {"using":"xpath","value":"//button[@data-kt=\"addNewRUOverflowToolbarButton\"]"}
COMMAND: POST /session/86ebb79c72de266112eececc171e51a0/elements - {"using":"xpath","value":"//button[@data-kt=\"addNewRUOverflowToolbarButton\"]"}
RESULT: {"using":"xpath","value":"//button[@data-kt=\"addNewRUOverflowToolbarButton\"]"}
COMMAND: POST /session/86ebb79c72de266112eececc171e51a0/elements - {"using":"xpath","value":"//button[@data-kt=\"addNewRUOverflowToolbarButton\"]"}
RESULT: {"using":"xpath","value":"//button[@data-kt=\"addNewRUOverflowToolbarButton\"]"}
COMMAND: POST /session/86ebb79c72de266112eececc171e51a0/elements - {"using":"xpath","value":"//button[@data-kt=\"addNewRUOverflowToolbarButton\"]"}
RESULT: {"using":"xpath","value":"//button[@data-kt=\"addNewRUOverflowToolbarButton\"]"}
COMMAND: POST /session/86ebb79c72de266112eececc171e51a0/element - {"using":"xpath","value":"//button[@data-kt=\"addNewRUOverflowToolbarButton\"]"}
RESULT: {"using":"xpath","value":"//button[@data-kt=\"addNewRUOverflowToolbarButton\"]"}
COMMAND: POST /session/86ebb79c72de266112eececc171e51a0/execute/sync - {"script":"<script> [8489 bytes]","args":[{"element-6066-11e4-a52e-4f735466cecf":"f.A17C675D496C198C40B93A37572AC0F9.d.AD3E5BEC5ADFBEBCFF3F87C561FC66C3.e.8629","ELEMENT":"f.A17C675D496C198C40B93A37572AC0F9.d.AD3E5BEC5ADFBEBCFF3F87C561FC66C3.e.8629"}]}
RESULT: {"script":"<script> [8489 bytes]","args":[{"element-6066-11e4-a52e-4f735466cecf":"f.A17C675D496C198C40B93A37572AC0F9.d.AD3E5BEC5ADFBEBCFF3F87C561FC66C3.e.8629","ELEMENT":"f.A17C675D496C198C40B93A37572AC0F9.d.AD3E5BEC5ADFBEBCFF3F87C561FC66C3.e.8629"}]}
COMMAND: GET /session/86ebb79c72de266112eececc171e51a0/element/f.A17C675D496C198C40B93A37572AC0F9.d.AD3E5BEC5ADFBEBCFF3F87C561FC66C3.e.8629/enabled - {}
COMMAND: GET /session/86ebb79c72de266112eececc171e51a0/screenshot - {}
RESULT: {}
COMMAND: POST /session/86ebb79c72de266112eececc171e51a0/execute/sync - {"script":"<script> [8489 bytes]","args":[{"element-6066-11e4-a52e-4f735466cecf":"f.A17C675D496C198C40B93A37572AC0F9.d.AD3E5BEC5ADFBEBCFF3F87C561FC66C3.e.8629","ELEMENT":"f.A17C675D496C198C40B93A37572AC0F9.d.AD3E5BEC5ADFBEBCFF3F87C561FC66C3.e.8629"}]}
COMMAND: GET /session/86ebb79c72de266112eececc171e51a0/screenshot - {}
RESULT: {}
RESULT: {"script":"<script> [8489 bytes]","args":[{"element-6066-11e4-a52e-4f735466cecf":"f.A17C675D496C198C40B93A37572AC0F9.d.AD3E5BEC5ADFBEBCFF3F87C561FC66C3.e.8629","ELEMENT":"f.A17C675D496C198C40B93A37572AC0F9.d.AD3E5BEC5ADFBEBCFF3F87C561FC66C3.e.8629"}]}
COMMAND: POST /session/86ebb79c72de266112eececc171e51a0/execute/sync - {"script":"<script> [5351 bytes]","args":[{"element-6066-11e4-a52e-4f735466cecf":"f.A17C675D496C198C40B93A37572AC0F9.d.AD3E5BEC5ADFBEBCFF3F87C561FC66C3.e.8629","ELEMENT":"f.A17C675D496C198C40B93A37572AC0F9.d.AD3E5BEC5ADFBEBCFF3F87C561FC66C3.e.8629"}]}
COMMAND: GET /session/86ebb79c72de266112eececc171e51a0/screenshot - {}
RESULT: {}
RESULT: {"script":"<script> [5351 bytes]","args":[{"element-6066-11e4-a52e-4f735466cecf":"f.A17C675D496C198C40B93A37572AC0F9.d.AD3E5BEC5ADFBEBCFF3F87C561FC66C3.e.8629","ELEMENT":"f.A17C675D496C198C40B93A37572AC0F9.d.AD3E5BEC5ADFBEBCFF3F87C561FC66C3.e.8629"}]}
COMMAND: POST /session/86ebb79c72de266112eececc171e51a0/element/f.A17C675D496C198C40B93A37572AC0F9.d.AD3E5BEC5ADFBEBCFF3F87C561FC66C3.e.8629/click - {}
COMMAND: GET /session/86ebb79c72de266112eececc171e51a0/screenshot - {}
RESULT: {}
RESULT: {}
COMMAND: GET /session/86ebb79c72de266112eececc171e51a0/screenshot - {}
RESULT: {}
COMMAND: POST /session/86ebb79c72de266112eececc171e51a0/execute/async - {"script":"<script> [1562 bytes]","args":[{"selector":{"id":"application-manageresources-display-component---newResourceUnit--TYPE-arrow"},"wdio_ui5_key":"applicationmanageresources-display-component---newResourceUnit--TYPE-arrow"}]}
RESULT: {}
RESULT: {"script":"<script> [1562 bytes]","args":[{"selector":{"id":"application-manageresources-display-component---newResourceUnit--TYPE-arrow"},"wdio_ui5_key":"applicationmanageresources-display-component---newResourceUnit--TYPE-arrow"}]}
RESULT: undefined
COMMAND: POST /session/86ebb79c72de266112eececc171e51a0/element - {"using":"xpath","value":"//*[@id=\"application-manageresources-display-component---newResourceUnit--TYPE-arrow\"]"}
RESULT: {"using":"xpath","value":"//*[@id=\"application-manageresources-display-component---newResourceUnit--TYPE-arrow\"]"}
COMMAND: POST /session/86ebb79c72de266112eececc171e51a0/element/f.A17C675D496C198C40B93A37572AC0F9.d.AD3E5BEC5ADFBEBCFF3F87C561FC66C3.e.8988/click - {}
RESULT: {}
COMMAND: POST /session/86ebb79c72de266112eececc171e51a0/element - {"using":"xpath","value":"//input[@id=\"application-manageresources-display-component---newResourceUnit--TYPE-inner\"]"}
COMMAND: GET /session/86ebb79c72de266112eececc171e51a0/screenshot - {}
RESULT: {"using":"xpath","value":"//input[@id=\"application-manageresources-display-component---newResourceUnit--TYPE-inner\"]"}
COMMAND: POST /session/86ebb79c72de266112eececc171e51a0/element/f.A17C675D496C198C40B93A37572AC0F9.d.AD3E5BEC5ADFBEBCFF3F87C561FC66C3.e.8983/clear - {}
RESULT: {}
RESULT: {}
COMMAND: POST /session/86ebb79c72de266112eececc171e51a0/element/f.A17C675D496C198C40B93A37572AC0F9.d.AD3E5BEC5ADFBEBCFF3F87C561FC66C3.e.8983/value - {"text":"Equipment"}
COMMAND: GET /session/86ebb79c72de266112eececc171e51a0/screenshot - {}
RESULT: {"text":"Equipment"}
COMMAND: GET /session/86ebb79c72de266112eececc171e51a0/screenshot - {}
RESULT: {}
RESULT: {}
COMMAND: POST /session/86ebb79c72de266112eececc171e51a0/actions - {"actions":[{"id":"action31","type":"key","parameters":{},"actions":[{"type":"keyDown","value":""},{"type":"pause","duration":10},{"type":"keyUp","value":""}]}]}
RESULT: {"actions":[{"id":"action31","type":"key","parameters":{},"actions":[{"type":"keyDown","value":""},{"type":"pause","duration":10},{"type":"keyUp","value":""}]}]}
COMMAND: POST /session/86ebb79c72de266112eececc171e51a0/execute/async - {"script":"<script> [1562 bytes]","args":[{"selector":{"id":"application-manageresources-display-component---newResourceUnit--resourceId","interaction":{"idSuffix":"inner"}},"wdio_ui5_key":"applicationmanageresources-display-component---newResourceUnit--resourceId"}]}
COMMAND: GET /session/86ebb79c72de266112eececc171e51a0/screenshot - {}
RESULT: {"script":"<script> [1562 bytes]","args":[{"selector":{"id":"application-manageresources-display-component---newResourceUnit--resourceId","interaction":{"idSuffix":"inner"}},"wdio_ui5_key":"applicationmanageresources-display-component---newResourceUnit--resourceId"}]}
RESULT: undefined
COMMAND: POST /session/86ebb79c72de266112eececc171e51a0/execute/async - {"script":"<script> [776 bytes]","args":[{"enterText":"8a0FrDjkbG","selector":{"id":"application-manageresources-display-component---newResourceUnit--resourceId","interaction":{"idSuffix":"inner"}},"clearTextFirst":true,"interactionType":"ENTER_TEXT"}]}
RESULT: {}
RESULT: {"script":"<script> [776 bytes]","args":[{"enterText":"8a0FrDjkbG","selector":{"id":"application-manageresources-display-component---newResourceUnit--resourceId","interaction":{"idSuffix":"inner"}},"clearTextFirst":true,"interactionType":"ENTER_TEXT"}]}
COMMAND: POST /session/86ebb79c72de266112eececc171e51a0/execute/async - {"script":"<script> [1562 bytes]","args":[{"selector":{"id":"application-manageresources-display-component---newResourceUnit--SHORT_TEXT","interaction":{"idSuffix":"inner"}},"wdio_ui5_key":"applicationmanageresources-display-component---newResourceUnit--SHORT_TEXT"}]}
RESULT: {"script":"<script> [1562 bytes]","args":[{"selector":{"id":"application-manageresources-display-component---newResourceUnit--SHORT_TEXT","interaction":{"idSuffix":"inner"}},"wdio_ui5_key":"applicationmanageresources-display-component---newResourceUnit--SHORT_TEXT"}]}
RESULT: undefined
COMMAND: POST /session/86ebb79c72de266112eececc171e51a0/execute/async - {"script":"<script> [776 bytes]","args":[{"enterText":"Intercompany Equipment WDIO","selector":{"id":"application-manageresources-display-component---newResourceUnit--SHORT_TEXT","interaction":{"idSuffix":"inner"}},"clearTextFirst":true,"interactionType":"ENTER_TEXT"}]}
RESULT: {"script":"<script> [776 bytes]","args":[{"enterText":"Intercompany Equipment WDIO","selector":{"id":"application-manageresources-display-component---newResourceUnit--SHORT_TEXT","interaction":{"idSuffix":"inner"}},"clearTextFirst":true,"interactionType":"ENTER_TEXT"}]}
COMMAND: POST /session/86ebb79c72de266112eececc171e51a0/execute/async - {"script":"<script> [1562 bytes]","args":[{"selector":{"id":"application-manageresources-display-component---newResourceUnit--BASE_UNIT_OF_MEASURE","interaction":{"idSuffix":"inner"}},"wdio_ui5_key":"applicationmanageresources-display-component---newResourceUnit--BASE_UNIT_OF_MEASURE"}]}
RESULT: {"script":"<script> [1562 bytes]","args":[{"selector":{"id":"application-manageresources-display-component---newResourceUnit--BASE_UNIT_OF_MEASURE","interaction":{"idSuffix":"inner"}},"wdio_ui5_key":"applicationmanageresources-display-component---newResourceUnit--BASE_UNIT_OF_MEASURE"}]}
RESULT: undefined
COMMAND: POST /session/86ebb79c72de266112eececc171e51a0/execute/async - {"script":"<script> [776 bytes]","args":[{"enterText":"Piece","selector":{"id":"application-manageresources-display-component---newResourceUnit--BASE_UNIT_OF_MEASURE","interaction":{"idSuffix":"inner"}},"clearTextFirst":true,"interactionType":"ENTER_TEXT"}]}
RESULT: {"script":"<script> [776 bytes]","args":[{"enterText":"Piece","selector":{"id":"application-manageresources-display-component---newResourceUnit--BASE_UNIT_OF_MEASURE","interaction":{"idSuffix":"inner"}},"clearTextFirst":true,"interactionType":"ENTER_TEXT"}]}
COMMAND: POST /session/86ebb79c72de266112eececc171e51a0/execute/async - {"script":"<script> [1562 bytes]","args":[{"selector":{"id":"application-manageresources-display-component---newResourceUnit--WEIGHT_UNIT","interaction":{"idSuffix":"inner"}},"wdio_ui5_key":"applicationmanageresources-display-component---newResourceUnit--WEIGHT_UNIT"}]}
RESULT: {"script":"<script> [1562 bytes]","args":[{"selector":{"id":"application-manageresources-display-component---newResourceUnit--WEIGHT_UNIT","interaction":{"idSuffix":"inner"}},"wdio_ui5_key":"applicationmanageresources-display-component---newResourceUnit--WEIGHT_UNIT"}]}
RESULT: undefined
COMMAND: POST /session/86ebb79c72de266112eececc171e51a0/execute/async - {"script":"<script> [776 bytes]","args":[{"enterText":"Gram","selector":{"id":"application-manageresources-display-component---newResourceUnit--WEIGHT_UNIT","interaction":{"idSuffix":"inner"}},"clearTextFirst":true,"interactionType":"ENTER_TEXT"}]}
RESULT: {"script":"<script> [776 bytes]","args":[{"enterText":"Gram","selector":{"id":"application-manageresources-display-component---newResourceUnit--WEIGHT_UNIT","interaction":{"idSuffix":"inner"}},"clearTextFirst":true,"interactionType":"ENTER_TEXT"}]}
COMMAND: POST /session/86ebb79c72de266112eececc171e51a0/execute/async - {"script":"<script> [1562 bytes]","args":[{"selector":{"id":"application-manageresources-display-component---newResourceUnit--DIMENSION_UNIT","interaction":{"idSuffix":"inner"}},"wdio_ui5_key":"applicationmanageresources-display-component---newResourceUnit--DIMENSION_UNIT"}]}
RESULT: {"script":"<script> [1562 bytes]","args":[{"selector":{"id":"application-manageresources-display-component---newResourceUnit--DIMENSION_UNIT","interaction":{"idSuffix":"inner"}},"wdio_ui5_key":"applicationmanageresources-display-component---newResourceUnit--DIMENSION_UNIT"}]}
RESULT: undefined
COMMAND: POST /session/86ebb79c72de266112eececc171e51a0/execute/async - {"script":"<script> [776 bytes]","args":[{"enterText":"Meter","selector":{"id":"application-manageresources-display-component---newResourceUnit--DIMENSION_UNIT","interaction":{"idSuffix":"inner"}},"clearTextFirst":true,"interactionType":"ENTER_TEXT"}]}
RESULT: {"script":"<script> [776 bytes]","args":[{"enterText":"Meter","selector":{"id":"application-manageresources-display-component---newResourceUnit--DIMENSION_UNIT","interaction":{"idSuffix":"inner"}},"clearTextFirst":true,"interactionType":"ENTER_TEXT"}]}
COMMAND: POST /session/86ebb79c72de266112eececc171e51a0/execute/async - {"script":"<script> [1562 bytes]","args":[{"selector":{"id":"application-manageresources-display-component---newResourceUnit--newRRUPage-anchBar-application-manageresources-display-component---newResourceUnit--control-anchor","interaction":{"idSuffix":"BDI-content"}},"wdio_ui5_key":"applicationmanageresources-display-component---newResourceUnit--newRRUPage-anchBar-application-manageresources-display-component---newResourceUnit--control-anchor"}]}
RESULT: {"script":"<script> [1562 bytes]","args":[{"selector":{"id":"application-manageresources-display-component---newResourceUnit--newRRUPage-anchBar-application-manageresources-display-component---newResourceUnit--control-anchor","interaction":{"idSuffix":"BDI-content"}},"wdio_ui5_key":"applicationmanageresources-display-component---newResourceUnit--newRRUPage-anchBar-application-manageresources-display-component---newResourceUnit--control-anchor"}]}
RESULT: undefined
COMMAND: POST /session/86ebb79c72de266112eececc171e51a0/element - {"using":"xpath","value":"//*[@id=\"application-manageresources-display-component---newResourceUnit--newRRUPage-anchBar-application-manageresources-display-component---newResourceUnit--control-anchor\"]"}
RESULT: {"using":"xpath","value":"//*[@id=\"application-manageresources-display-component---newResourceUnit--newRRUPage-anchBar-application-manageresources-display-component---newResourceUnit--control-anchor\"]"}
COMMAND: POST /session/86ebb79c72de266112eececc171e51a0/element/f.A17C675D496C198C40B93A37572AC0F9.d.AD3E5BEC5ADFBEBCFF3F87C561FC66C3.e.9119/click - {}
RESULT: {}
COMMAND: POST /session/86ebb79c72de266112eececc171e51a0/execute/async - {"script":"<script> [1562 bytes]","args":[{"selector":{"id":"application-manageresources-display-component---newResourceUnit--PLANNING_GROUP","interaction":{"idSuffix":"inner"}},"wdio_ui5_key":"applicationmanageresources-display-component---newResourceUnit--PLANNING_GROUP"}]}
COMMAND: GET /session/86ebb79c72de266112eececc171e51a0/screenshot - {}
RESULT: {"script":"<script> [1562 bytes]","args":[{"selector":{"id":"application-manageresources-display-component---newResourceUnit--PLANNING_GROUP","interaction":{"idSuffix":"inner"}},"wdio_ui5_key":"applicationmanageresources-display-component---newResourceUnit--PLANNING_GROUP"}]}
RESULT: undefined
COMMAND: POST /session/86ebb79c72de266112eececc171e51a0/execute/async - {"script":"<script> [776 bytes]","args":[{"enterText":"Heavy Equi","selector":{"id":"application-manageresources-display-component---newResourceUnit--PLANNING_GROUP","interaction":{"idSuffix":"inner"}},"clearTextFirst":true,"interactionType":"ENTER_TEXT"}]}
RESULT: {}
RESULT: {"script":"<script> [776 bytes]","args":[{"enterText":"Heavy Equi","selector":{"id":"application-manageresources-display-component---newResourceUnit--PLANNING_GROUP","interaction":{"idSuffix":"inner"}},"clearTextFirst":true,"interactionType":"ENTER_TEXT"}]}
COMMAND: POST /session/86ebb79c72de266112eececc171e51a0/execute/async - {"script":"<script> [1562 bytes]","args":[{"selector":{"id":"application-manageresources-display-component---newResourceUnit--ITEM_TYPE-arrow"},"wdio_ui5_key":"applicationmanageresources-display-component---newResourceUnit--ITEM_TYPE-arrow"}]}
RESULT: {"script":"<script> [1562 bytes]","args":[{"selector":{"id":"application-manageresources-display-component---newResourceUnit--ITEM_TYPE-arrow"},"wdio_ui5_key":"applicationmanageresources-display-component---newResourceUnit--ITEM_TYPE-arrow"}]}
RESULT: undefined
COMMAND: POST /session/86ebb79c72de266112eececc171e51a0/element - {"using":"xpath","value":"//*[@id=\"application-manageresources-display-component---newResourceUnit--ITEM_TYPE-arrow\"]"}
RESULT: {"using":"xpath","value":"//*[@id=\"application-manageresources-display-component---newResourceUnit--ITEM_TYPE-arrow\"]"}
COMMAND: POST /session/86ebb79c72de266112eececc171e51a0/element/f.A17C675D496C198C40B93A37572AC0F9.d.AD3E5BEC5ADFBEBCFF3F87C561FC66C3.e.9126/click - {}
RESULT: {}
COMMAND: POST /session/86ebb79c72de266112eececc171e51a0/element - {"using":"xpath","value":"(//span[contains(text(), \"Resource Unit\")])[2]"}
COMMAND: GET /session/86ebb79c72de266112eececc171e51a0/screenshot - {}
RESULT: {"using":"xpath","value":"(//span[contains(text(), \"Resource Unit\")])[2]"}
COMMAND: POST /session/86ebb79c72de266112eececc171e51a0/element/f.A17C675D496C198C40B93A37572AC0F9.d.AD3E5BEC5ADFBEBCFF3F87C561FC66C3.e.9127/click - {}
RESULT: {}
RESULT: {}
COMMAND: GET /session/86ebb79c72de266112eececc171e51a0/screenshot - {}
RESULT: {}
COMMAND: POST /session/86ebb79c72de266112eececc171e51a0/element - {"using":"css selector","value":"#application-manageresources-display-component---newResourceUnit--btnAddTimeSegment"}
RESULT: {"using":"css selector","value":"#application-manageresources-display-component---newResourceUnit--btnAddTimeSegment"}
COMMAND: GET /session/86ebb79c72de266112eececc171e51a0/element/f.A17C675D496C198C40B93A37572AC0F9.d.AD3E5BEC5ADFBEBCFF3F87C561FC66C3.e.9128/rect - {}
RESULT: {}
COMMAND: GET /session/86ebb79c72de266112eececc171e51a0/window/rect - {}
RESULT: {}
COMMAND: POST /session/86ebb79c72de266112eececc171e51a0/execute/sync - {"script":"<script> [92 bytes]","args":[]}
RESULT: {"script":"<script> [92 bytes]","args":[]}
COMMAND: POST /session/86ebb79c72de266112eececc171e51a0/actions - {"actions":[{"id":"action32","type":"wheel","parameters":{},"actions":[{"type":"scroll","x":-1888,"y":-32,"deltaX":0,"deltaY":0,"duration":0,"origin":{"element-6066-11e4-a52e-4f735466cecf":"f.A17C675D496C198C40B93A37572AC0F9.d.AD3E5BEC5ADFBEBCFF3F87C561FC66C3.e.9128"}}]}]}
COMMAND: GET /session/86ebb79c72de266112eececc171e51a0/screenshot - {}
RESULT: {}
COMMAND: POST /session/86ebb79c72de266112eececc171e51a0/execute/sync - {"script":"<script> [79 bytes]","args":[{"element-6066-11e4-a52e-4f735466cecf":"f.A17C675D496C198C40B93A37572AC0F9.d.AD3E5BEC5ADFBEBCFF3F87C561FC66C3.e.9128","ELEMENT":"f.A17C675D496C198C40B93A37572AC0F9.d.AD3E5BEC5ADFBEBCFF3F87C561FC66C3.e.9128"},{"block":"start","inline":"nearest"}]}
RESULT: {"script":"<script> [79 bytes]","args":[{"element-6066-11e4-a52e-4f735466cecf":"f.A17C675D496C198C40B93A37572AC0F9.d.AD3E5BEC5ADFBEBCFF3F87C561FC66C3.e.9128","ELEMENT":"f.A17C675D496C198C40B93A37572AC0F9.d.AD3E5BEC5ADFBEBCFF3F87C561FC66C3.e.9128"},{"block":"start","inline":"nearest"}]}
COMMAND: POST /session/86ebb79c72de266112eececc171e51a0/execute/async - {"script":"<script> [1562 bytes]","args":[{"selector":{"id":"application-manageresources-display-component---newResourceUnit--btnAddTimeSegment","interaction":{"idSuffix":"inner"}},"wdio_ui5_key":"applicationmanageresources-display-component---newResourceUnit--btnAddTimeSegment"}]}
COMMAND: GET /session/86ebb79c72de266112eececc171e51a0/screenshot - {}
RESULT: {"script":"<script> [1562 bytes]","args":[{"selector":{"id":"application-manageresources-display-component---newResourceUnit--btnAddTimeSegment","interaction":{"idSuffix":"inner"}},"wdio_ui5_key":"applicationmanageresources-display-component---newResourceUnit--btnAddTimeSegment"}]}
RESULT: undefined
COMMAND: POST /session/86ebb79c72de266112eececc171e51a0/element - {"using":"xpath","value":"//*[@id=\"application-manageresources-display-component---newResourceUnit--btnAddTimeSegment\"]"}
RESULT: {}
RESULT: {"using":"xpath","value":"//*[@id=\"application-manageresources-display-component---newResourceUnit--btnAddTimeSegment\"]"}
COMMAND: POST /session/86ebb79c72de266112eececc171e51a0/element/f.A17C675D496C198C40B93A37572AC0F9.d.AD3E5BEC5ADFBEBCFF3F87C561FC66C3.e.9128/click - {}
RESULT: {}
COMMAND: GET /session/86ebb79c72de266112eececc171e51a0/screenshot - {}
RESULT: {}
COMMAND: POST /session/86ebb79c72de266112eececc171e51a0/element - {"using":"xpath","value":"//input[@id=\"application-manageresources-display-component---newResourceUnit--idRuTSAdmin-application-manageresources-display-component---newResourceUnit--RUTimeSegment-0-inner\"]"}
RESULT: {"using":"xpath","value":"//input[@id=\"application-manageresources-display-component---newResourceUnit--idRuTSAdmin-application-manageresources-display-component---newResourceUnit--RUTimeSegment-0-inner\"]"}
COMMAND: POST /session/86ebb79c72de266112eececc171e51a0/element/f.A17C675D496C198C40B93A37572AC0F9.d.AD3E5BEC5ADFBEBCFF3F87C561FC66C3.e.9134/clear - {}
RESULT: {}
COMMAND: POST /session/86ebb79c72de266112eececc171e51a0/element/f.A17C675D496C198C40B93A37572AC0F9.d.AD3E5BEC5ADFBEBCFF3F87C561FC66C3.e.9134/value - {"text":"644"}
COMMAND: GET /session/86ebb79c72de266112eececc171e51a0/screenshot - {}
RESULT: {"text":"644"}
COMMAND: GET /session/86ebb79c72de266112eececc171e51a0/screenshot - {}
RESULT: {}
RESULT: {}
COMMAND: POST /session/86ebb79c72de266112eececc171e51a0/element - {"using":"xpath","value":"//li[.//span[text()='644']]"}
RESULT: {"using":"xpath","value":"//li[.//span[text()='644']]"}
COMMAND: POST /session/86ebb79c72de266112eececc171e51a0/element/f.A17C675D496C198C40B93A37572AC0F9.d.AD3E5BEC5ADFBEBCFF3F87C561FC66C3.e.9147/click - {}
RESULT: {}
COMMAND: GET /session/86ebb79c72de266112eececc171e51a0/screenshot - {}
RESULT: {}
COMMAND: POST /session/86ebb79c72de266112eececc171e51a0/element - {"using":"xpath","value":"(//span[contains(@id, \"-application-manageresources-display-component---newResourceUnit--RUTimeSegment-0-arrow\")])[6]"}
RESULT: {"using":"xpath","value":"(//span[contains(@id, \"-application-manageresources-display-component---newResourceUnit--RUTimeSegment-0-arrow\")])[6]"}
COMMAND: POST /session/86ebb79c72de266112eececc171e51a0/element/f.A17C675D496C198C40B93A37572AC0F9.d.AD3E5BEC5ADFBEBCFF3F87C561FC66C3.e.9148/click - {}
RESULT: {}
COMMAND: GET /session/86ebb79c72de266112eececc171e51a0/screenshot - {}
RESULT: {}
COMMAND: POST /session/86ebb79c72de266112eececc171e51a0/element - {"using":"xpath","value":"//span[contains(text(), \"PM Order\")]"}
RESULT: {"using":"xpath","value":"//span[contains(text(), \"PM Order\")]"}
COMMAND: POST /session/86ebb79c72de266112eececc171e51a0/element/f.A17C675D496C198C40B93A37572AC0F9.d.AD3E5BEC5ADFBEBCFF3F87C561FC66C3.e.9151/click - {}
RESULT: {}
COMMAND: GET /session/86ebb79c72de266112eececc171e51a0/screenshot - {}
RESULT: {}
COMMAND: POST /session/86ebb79c72de266112eececc171e51a0/element - {"using":"xpath","value":"(//span[contains(@id ,\"manageresources-display-component---newResourceUnit--RUTimeSegment-0-vhi\")])[1]"}
RESULT: {"using":"xpath","value":"(//span[contains(@id ,\"manageresources-display-component---newResourceUnit--RUTimeSegment-0-vhi\")])[1]"}
COMMAND: GET /session/86ebb79c72de266112eececc171e51a0/element/f.A17C675D496C198C40B93A37572AC0F9.d.AD3E5BEC5ADFBEBCFF3F87C561FC66C3.e.9155/rect - {}
RESULT: {}
COMMAND: GET /session/86ebb79c72de266112eececc171e51a0/window/rect - {}
RESULT: {}
COMMAND: POST /session/86ebb79c72de266112eececc171e51a0/execute/sync - {"script":"<script> [92 bytes]","args":[]}
RESULT: {"script":"<script> [92 bytes]","args":[]}
COMMAND: POST /session/86ebb79c72de266112eececc171e51a0/actions - {"actions":[{"id":"action33","type":"wheel","parameters":{},"actions":[{"type":"scroll","x":-869,"y":-24,"deltaX":0,"deltaY":0,"duration":0,"origin":{"element-6066-11e4-a52e-4f735466cecf":"f.A17C675D496C198C40B93A37572AC0F9.d.AD3E5BEC5ADFBEBCFF3F87C561FC66C3.e.9155"}}]}]}
COMMAND: GET /session/86ebb79c72de266112eececc171e51a0/screenshot - {}
RESULT: {"actions":[{"id":"action33","type":"wheel","parameters":{},"actions":[{"type":"scroll","x":-869,"y":-24,"deltaX":0,"deltaY":0,"duration":0,"origin":{"element-6066-11e4-a52e-4f735466cecf":"f.A17C675D496C198C40B93A37572AC0F9.d.AD3E5BEC5ADFBEBCFF3F87C561FC66C3.e.9155"}}]}]}
COMMAND: DELETE /session/86ebb79c72de266112eececc171e51a0/actions - {}
COMMAND: GET /session/86ebb79c72de266112eececc171e51a0/screenshot - {}
RESULT: {}
RESULT: {}
COMMAND: GET /session/86ebb79c72de266112eececc171e51a0/screenshot - {}
RESULT: {}
RESULT: {}
COMMAND: POST /session/86ebb79c72de266112eececc171e51a0/element/f.A17C675D496C198C40B93A37572AC0F9.d.AD3E5BEC5ADFBEBCFF3F87C561FC66C3.e.9155/click - {}
RESULT: {}
COMMAND: GET /session/86ebb79c72de266112eececc171e51a0/screenshot - {}
RESULT: {}
RESULT: undefined
COMMAND: POST /session/86ebb79c72de266112eececc171e51a0/execute/async - {"script":"<script> [776 bytes]","args":[{"enterText":"4000360","selector":{"controlType":"sap.m.SearchField","properties":{"placeholder":"Search"},"searchOpenDialogs":true,"interaction":{"idSuffix":"I"}},"clearTextFirst":true,"interactionType":"ENTER_TEXT"}]}
RESULT: {"script":"<script> [776 bytes]","args":[{"enterText":"4000360","selector":{"controlType":"sap.m.SearchField","properties":{"placeholder":"Search"},"searchOpenDialogs":true,"interaction":{"idSuffix":"I"}},"clearTextFirst":true,"interactionType":"ENTER_TEXT"}]}
COMMAND: POST /session/86ebb79c72de266112eececc171e51a0/actions - {"actions":[{"id":"action34","type":"key","parameters":{},"actions":[{"type":"keyDown","value":""},{"type":"pause","duration":10},{"type":"keyUp","value":""}]}]}
RESULT: {"actions":[{"id":"action34","type":"key","parameters":{},"actions":[{"type":"keyDown","value":""},{"type":"pause","duration":10},{"type":"keyUp","value":""}]}]}
COMMAND: GET /session/86ebb79c72de266112eececc171e51a0/screenshot - {}
RESULT: {}
COMMAND: POST /session/86ebb79c72de266112eececc171e51a0/element - {"using":"xpath","value":"//td/div/span[contains(text(), \"BGL Vehicles\")]"}
RESULT: {"using":"xpath","value":"//td/div/span[contains(text(), \"BGL Vehicles\")]"}
COMMAND: POST /session/86ebb79c72de266112eececc171e51a0/element/f.A17C675D496C198C40B93A37572AC0F9.d.AD3E5BEC5ADFBEBCFF3F87C561FC66C3.e.9176/click - {}
RESULT: {}
COMMAND: GET /session/86ebb79c72de266112eececc171e51a0/screenshot - {}
RESULT: {}
COMMAND: POST /session/86ebb79c72de266112eececc171e51a0/element - {"using":"xpath","value":"//bdi[contains(text(), \"OK\")]"}
RESULT: {"using":"xpath","value":"//bdi[contains(text(), \"OK\")]"}
COMMAND: POST /session/86ebb79c72de266112eececc171e51a0/element/f.A17C675D496C198C40B93A37572AC0F9.d.AD3E5BEC5ADFBEBCFF3F87C561FC66C3.e.9177/click - {}
RESULT: {}
COMMAND: GET /session/86ebb79c72de266112eececc171e51a0/screenshot - {}
RESULT: {}
COMMAND: POST /session/86ebb79c72de266112eececc171e51a0/execute/async - {"script":"<script> [1562 bytes]","args":[{"selector":{"id":"application-manageresources-display-component---newResourceUnit--newRRUPage-anchBar-application-manageresources-display-component---newResourceUnit--resource-anchor","interaction":{"idSuffix":"BDI-content"}},"wdio_ui5_key":"applicationmanageresources-display-component---newResourceUnit--newRRUPage-anchBar-application-manageresources-display-component---newResourceUnit--resource-anchor"}]}
RESULT: {"script":"<script> [1562 bytes]","args":[{"selector":{"id":"application-manageresources-display-component---newResourceUnit--newRRUPage-anchBar-application-manageresources-display-component---newResourceUnit--resource-anchor","interaction":{"idSuffix":"BDI-content"}},"wdio_ui5_key":"applicationmanageresources-display-component---newResourceUnit--newRRUPage-anchBar-application-manageresources-display-component---newResourceUnit--resource-anchor"}]}
RESULT: undefined
COMMAND: POST /session/86ebb79c72de266112eececc171e51a0/element - {"using":"xpath","value":"//*[@id=\"application-manageresources-display-component---newResourceUnit--newRRUPage-anchBar-application-manageresources-display-component---newResourceUnit--resource-anchor\"]"}
RESULT: {"using":"xpath","value":"//*[@id=\"application-manageresources-display-component---newResourceUnit--newRRUPage-anchBar-application-manageresources-display-component---newResourceUnit--resource-anchor\"]"}
COMMAND: POST /session/86ebb79c72de266112eececc171e51a0/element/f.A17C675D496C198C40B93A37572AC0F9.d.AD3E5BEC5ADFBEBCFF3F87C561FC66C3.e.9181/click - {}
RESULT: {}
COMMAND: POST /session/86ebb79c72de266112eececc171e51a0/execute/async - {"script":"<script> [1562 bytes]","args":[{"selector":{"id":"application-manageresources-display-component---newResourceUnit--PLANNED_DELIVERY_DATE","interaction":{"idSuffix":"inner"}},"wdio_ui5_key":"applicationmanageresources-display-component---newResourceUnit--PLANNED_DELIVERY_DATE"}]}
COMMAND: GET /session/86ebb79c72de266112eececc171e51a0/screenshot - {}
RESULT: {"script":"<script> [1562 bytes]","args":[{"selector":{"id":"application-manageresources-display-component---newResourceUnit--PLANNED_DELIVERY_DATE","interaction":{"idSuffix":"inner"}},"wdio_ui5_key":"applicationmanageresources-display-component---newResourceUnit--PLANNED_DELIVERY_DATE"}]}
RESULT: undefined
COMMAND: POST /session/86ebb79c72de266112eececc171e51a0/execute/async - {"script":"<script> [6424 bytes]","args":[{"element-6066-11e4-a52e-4f735466cecf":"f.A17C675D496C198C40B93A37572AC0F9.d.AD3E5BEC5ADFBEBCFF3F87C561FC66C3.e.9043"},"setValue",["5/21/25"]]}
RESULT: {}
RESULT: {"script":"<script> [6424 bytes]","args":[{"element-6066-11e4-a52e-4f735466cecf":"f.A17C675D496C198C40B93A37572AC0F9.d.AD3E5BEC5ADFBEBCFF3F87C561FC66C3.e.9043"},"setValue",["5/21/25"]]}
COMMAND: POST /session/86ebb79c72de266112eececc171e51a0/element - {"using":"xpath","value":"//label[contains(@class, 'sapMLabelRequired') and .//bdi[contains(text(), 'Planned Retirement')]]"}
RESULT: {"using":"xpath","value":"//label[contains(@class, 'sapMLabelRequired') and .//bdi[contains(text(), 'Planned Retirement')]]"}
COMMAND: POST /session/86ebb79c72de266112eececc171e51a0/elements - {"using":"xpath","value":"//label[contains(@class, 'sapMLabelRequired') and .//bdi[contains(text(), 'Planned Retirement')]]"}
RESULT: {"using":"xpath","value":"//label[contains(@class, 'sapMLabelRequired') and .//bdi[contains(text(), 'Planned Retirement')]]"}
COMMAND: POST /session/86ebb79c72de266112eececc171e51a0/element - {"using":"xpath","value":"//button[@data-kt=\"resourceUnitSaveButton\"]"}
RESULT: {"using":"xpath","value":"//button[@data-kt=\"resourceUnitSaveButton\"]"}
COMMAND: POST /session/86ebb79c72de266112eececc171e51a0/element/f.A17C675D496C198C40B93A37572AC0F9.d.AD3E5BEC5ADFBEBCFF3F87C561FC66C3.e.9004/click - {}
RESULT: {}
COMMAND: GET /session/86ebb79c72de266112eececc171e51a0/screenshot - {}
RESULT: {}
COMMAND: POST /session/86ebb79c72de266112eececc171e51a0/element - {"using":"xpath","value":"//bdi[contains(text(), \"Close\")]"}
RESULT: {"using":"xpath","value":"//bdi[contains(text(), \"Close\")]"}
COMMAND: POST /session/86ebb79c72de266112eececc171e51a0/element/f.A17C675D496C198C40B93A37572AC0F9.d.AD3E5BEC5ADFBEBCFF3F87C561FC66C3.e.9191/click - {}
RESULT: {}
COMMAND: GET /session/86ebb79c72de266112eececc171e51a0/screenshot - {}
RESULT: {}
COMMAND: POST /session/86ebb79c72de266112eececc171e51a0/element - {"using":"xpath","value":"(//button[contains(@id ,\"actionsToolbar-overflowButton\")])[1]"}
RESULT: {"using":"xpath","value":"(//button[contains(@id ,\"actionsToolbar-overflowButton\")])[1]"}
COMMAND: POST /session/86ebb79c72de266112eececc171e51a0/element/f.A17C675D496C198C40B93A37572AC0F9.d.AD3E5BEC5ADFBEBCFF3F87C561FC66C3.e.9244/click - {}
RESULT: {}
COMMAND: GET /session/86ebb79c72de266112eececc171e51a0/screenshot - {}
RESULT: {}
COMMAND: POST /session/86ebb79c72de266112eececc171e51a0/element - {"using":"xpath","value":"//button[@data-kt=\"priceInfoButton\"]"}
RESULT: {"using":"xpath","value":"//button[@data-kt=\"priceInfoButton\"]"}
COMMAND: POST /session/86ebb79c72de266112eececc171e51a0/element/f.A17C675D496C198C40B93A37572AC0F9.d.AD3E5BEC5ADFBEBCFF3F87C561FC66C3.e.9246/click - {}
RESULT: {}
COMMAND: GET /session/86ebb79c72de266112eececc171e51a0/screenshot - {}
]]></system-out>
    </testcase>
    <testcase classname="chrome.136_0_7103_93.windows.Billing_Transfer_-_Intracompany_US127249" name="Should create a pricing procedure" time="56.213">
      <system-out><![CDATA[
COMMAND: POST /session/86ebb79c72de266112eececc171e51a0/element - {"using":"xpath","value":"//button[@data-kt=\"addButton\"]"}
RESULT: {}
RESULT: {"using":"xpath","value":"//button[@data-kt=\"addButton\"]"}
COMMAND: POST /session/86ebb79c72de266112eececc171e51a0/elements - {"using":"xpath","value":"//button[@data-kt=\"addButton\"]"}
RESULT: {"using":"xpath","value":"//button[@data-kt=\"addButton\"]"}
COMMAND: POST /session/86ebb79c72de266112eececc171e51a0/execute/sync - {"script":"<script> [8489 bytes]","args":[{"element-6066-11e4-a52e-4f735466cecf":"f.A17C675D496C198C40B93A37572AC0F9.d.AD3E5BEC5ADFBEBCFF3F87C561FC66C3.e.9284","ELEMENT":"f.A17C675D496C198C40B93A37572AC0F9.d.AD3E5BEC5ADFBEBCFF3F87C561FC66C3.e.9284"}]}
RESULT: {"script":"<script> [8489 bytes]","args":[{"element-6066-11e4-a52e-4f735466cecf":"f.A17C675D496C198C40B93A37572AC0F9.d.AD3E5BEC5ADFBEBCFF3F87C561FC66C3.e.9284","ELEMENT":"f.A17C675D496C198C40B93A37572AC0F9.d.AD3E5BEC5ADFBEBCFF3F87C561FC66C3.e.9284"}]}
COMMAND: GET /session/86ebb79c72de266112eececc171e51a0/element/f.A17C675D496C198C40B93A37572AC0F9.d.AD3E5BEC5ADFBEBCFF3F87C561FC66C3.e.9284/enabled - {}
COMMAND: GET /session/86ebb79c72de266112eececc171e51a0/screenshot - {}
RESULT: {}
COMMAND: POST /session/86ebb79c72de266112eececc171e51a0/execute/sync - {"script":"<script> [8489 bytes]","args":[{"element-6066-11e4-a52e-4f735466cecf":"f.A17C675D496C198C40B93A37572AC0F9.d.AD3E5BEC5ADFBEBCFF3F87C561FC66C3.e.9284","ELEMENT":"f.A17C675D496C198C40B93A37572AC0F9.d.AD3E5BEC5ADFBEBCFF3F87C561FC66C3.e.9284"}]}
COMMAND: GET /session/86ebb79c72de266112eececc171e51a0/screenshot - {}
RESULT: {}
RESULT: {"script":"<script> [8489 bytes]","args":[{"element-6066-11e4-a52e-4f735466cecf":"f.A17C675D496C198C40B93A37572AC0F9.d.AD3E5BEC5ADFBEBCFF3F87C561FC66C3.e.9284","ELEMENT":"f.A17C675D496C198C40B93A37572AC0F9.d.AD3E5BEC5ADFBEBCFF3F87C561FC66C3.e.9284"}]}
COMMAND: POST /session/86ebb79c72de266112eececc171e51a0/execute/sync - {"script":"<script> [5351 bytes]","args":[{"element-6066-11e4-a52e-4f735466cecf":"f.A17C675D496C198C40B93A37572AC0F9.d.AD3E5BEC5ADFBEBCFF3F87C561FC66C3.e.9284","ELEMENT":"f.A17C675D496C198C40B93A37572AC0F9.d.AD3E5BEC5ADFBEBCFF3F87C561FC66C3.e.9284"}]}
COMMAND: GET /session/86ebb79c72de266112eececc171e51a0/screenshot - {}
RESULT: {}
RESULT: {"script":"<script> [5351 bytes]","args":[{"element-6066-11e4-a52e-4f735466cecf":"f.A17C675D496C198C40B93A37572AC0F9.d.AD3E5BEC5ADFBEBCFF3F87C561FC66C3.e.9284","ELEMENT":"f.A17C675D496C198C40B93A37572AC0F9.d.AD3E5BEC5ADFBEBCFF3F87C561FC66C3.e.9284"}]}
COMMAND: POST /session/86ebb79c72de266112eececc171e51a0/element/f.A17C675D496C198C40B93A37572AC0F9.d.AD3E5BEC5ADFBEBCFF3F87C561FC66C3.e.9284/click - {}
COMMAND: GET /session/86ebb79c72de266112eececc171e51a0/screenshot - {}
RESULT: {}
RESULT: {}
COMMAND: GET /session/86ebb79c72de266112eececc171e51a0/screenshot - {}
RESULT: {}
RESULT: {}
COMMAND: POST /session/86ebb79c72de266112eececc171e51a0/execute/async - {"script":"<script> [1562 bytes]","args":[{"selector":{"controlType":"sap.m.Title","viewName":"etm.portal.ui.managepricingrules.view.NewItem","viewId":"application-managepricingrules-display-component---newInfoPriceItem","properties":{"text":"New Pricing Rules - Item Level"}},"wdio_ui5_key":"etmportal.ui.managepricingrules.view.NewItemsap.m.Title{\"text\":\"New Pricing Rules - Item Level\"}"}]}
RESULT: {"script":"<script> [1562 bytes]","args":[{"selector":{"controlType":"sap.m.Title","viewName":"etm.portal.ui.managepricingrules.view.NewItem","viewId":"application-managepricingrules-display-component---newInfoPriceItem","properties":{"text":"New Pricing Rules - Item Level"}},"wdio_ui5_key":"etmportal.ui.managepricingrules.view.NewItemsap.m.Title{\"text\":\"New Pricing Rules - Item Level\"}"}]}
RESULT: undefined
COMMAND: POST /session/86ebb79c72de266112eececc171e51a0/execute/async - {"script":"<script> [6424 bytes]","args":[{"element-6066-11e4-a52e-4f735466cecf":"f.A17C675D496C198C40B93A37572AC0F9.d.AD3E5BEC5ADFBEBCFF3F87C561FC66C3.e.9444"},"getText",[]]}
RESULT: {"script":"<script> [6424 bytes]","args":[{"element-6066-11e4-a52e-4f735466cecf":"f.A17C675D496C198C40B93A37572AC0F9.d.AD3E5BEC5ADFBEBCFF3F87C561FC66C3.e.9444"},"getText",[]]}
COMMAND: POST /session/86ebb79c72de266112eececc171e51a0/execute/async - {"script":"<script> [1562 bytes]","args":[{"selector":{"id":"application-managepricingrules-display-component---newInfoPriceItem--condValidTo","interaction":{"idSuffix":"inner"}},"wdio_ui5_key":"applicationmanagepricingrules-display-component---newInfoPriceItem--condValidTo"}]}
RESULT: {"script":"<script> [1562 bytes]","args":[{"selector":{"id":"application-managepricingrules-display-component---newInfoPriceItem--condValidTo","interaction":{"idSuffix":"inner"}},"wdio_ui5_key":"applicationmanagepricingrules-display-component---newInfoPriceItem--condValidTo"}]}
RESULT: undefined
COMMAND: POST /session/86ebb79c72de266112eececc171e51a0/execute/async - {"script":"<script> [776 bytes]","args":[{"enterText":"1/21/26","selector":{"id":"application-managepricingrules-display-component---newInfoPriceItem--condValidTo","interaction":{"idSuffix":"inner"}},"clearTextFirst":true,"interactionType":"ENTER_TEXT"}]}
RESULT: {"script":"<script> [776 bytes]","args":[{"enterText":"1/21/26","selector":{"id":"application-managepricingrules-display-component---newInfoPriceItem--condValidTo","interaction":{"idSuffix":"inner"}},"clearTextFirst":true,"interactionType":"ENTER_TEXT"}]}
COMMAND: POST /session/86ebb79c72de266112eececc171e51a0/execute/async - {"script":"<script> [1562 bytes]","args":[{"selector":{"id":"application-managepricingrules-display-component---newInfoPriceItem--billType-arrow"},"wdio_ui5_key":"applicationmanagepricingrules-display-component---newInfoPriceItem--billType-arrow"}]}
RESULT: {"script":"<script> [1562 bytes]","args":[{"selector":{"id":"application-managepricingrules-display-component---newInfoPriceItem--billType-arrow"},"wdio_ui5_key":"applicationmanagepricingrules-display-component---newInfoPriceItem--billType-arrow"}]}
RESULT: undefined
COMMAND: POST /session/86ebb79c72de266112eececc171e51a0/element - {"using":"xpath","value":"//*[@id=\"application-managepricingrules-display-component---newInfoPriceItem--billType-arrow\"]"}
RESULT: {"using":"xpath","value":"//*[@id=\"application-managepricingrules-display-component---newInfoPriceItem--billType-arrow\"]"}
COMMAND: POST /session/86ebb79c72de266112eececc171e51a0/element/f.A17C675D496C198C40B93A37572AC0F9.d.AD3E5BEC5ADFBEBCFF3F87C561FC66C3.e.9446/click - {}
RESULT: {}
COMMAND: POST /session/86ebb79c72de266112eececc171e51a0/element - {"using":"xpath","value":"//span[contains(text(), \"TB - Time based\")]"}
COMMAND: GET /session/86ebb79c72de266112eececc171e51a0/screenshot - {}
RESULT: {"using":"xpath","value":"//span[contains(text(), \"TB - Time based\")]"}
COMMAND: POST /session/86ebb79c72de266112eececc171e51a0/element/f.A17C675D496C198C40B93A37572AC0F9.d.AD3E5BEC5ADFBEBCFF3F87C561FC66C3.e.9447/click - {}
RESULT: {}
RESULT: {}
COMMAND: POST /session/86ebb79c72de266112eececc171e51a0/execute/async - {"script":"<script> [1562 bytes]","args":[{"selector":{"id":"application-managepricingrules-display-component---newInfoPriceItem--priceProc-arrow"},"wdio_ui5_key":"applicationmanagepricingrules-display-component---newInfoPriceItem--priceProc-arrow"}]}
COMMAND: GET /session/86ebb79c72de266112eececc171e51a0/screenshot - {}
RESULT: {"script":"<script> [1562 bytes]","args":[{"selector":{"id":"application-managepricingrules-display-component---newInfoPriceItem--priceProc-arrow"},"wdio_ui5_key":"applicationmanagepricingrules-display-component---newInfoPriceItem--priceProc-arrow"}]}
RESULT: undefined
COMMAND: POST /session/86ebb79c72de266112eececc171e51a0/element - {"using":"xpath","value":"//*[@id=\"application-managepricingrules-display-component---newInfoPriceItem--priceProc-arrow\"]"}
RESULT: {}
RESULT: {"using":"xpath","value":"//*[@id=\"application-managepricingrules-display-component---newInfoPriceItem--priceProc-arrow\"]"}
COMMAND: POST /session/86ebb79c72de266112eececc171e51a0/element/f.A17C675D496C198C40B93A37572AC0F9.d.AD3E5BEC5ADFBEBCFF3F87C561FC66C3.e.9410/click - {}
RESULT: {}
COMMAND: POST /session/86ebb79c72de266112eececc171e51a0/element - {"using":"xpath","value":"//span[contains(text(), \"TBS - Time based standard\")]"}
COMMAND: GET /session/86ebb79c72de266112eececc171e51a0/screenshot - {}
RESULT: {"using":"xpath","value":"//span[contains(text(), \"TBS - Time based standard\")]"}
COMMAND: POST /session/86ebb79c72de266112eececc171e51a0/element/f.A17C675D496C198C40B93A37572AC0F9.d.AD3E5BEC5ADFBEBCFF3F87C561FC66C3.e.9448/click - {}
RESULT: {}
RESULT: {}
COMMAND: POST /session/86ebb79c72de266112eececc171e51a0/execute/async - {"script":"<script> [1562 bytes]","args":[{"selector":{"id":"application-managepricingrules-display-component---newInfoPriceItem--calcBase-arrow"},"wdio_ui5_key":"applicationmanagepricingrules-display-component---newInfoPriceItem--calcBase-arrow"}]}
COMMAND: GET /session/86ebb79c72de266112eececc171e51a0/screenshot - {}
RESULT: {"script":"<script> [1562 bytes]","args":[{"selector":{"id":"application-managepricingrules-display-component---newInfoPriceItem--calcBase-arrow"},"wdio_ui5_key":"applicationmanagepricingrules-display-component---newInfoPriceItem--calcBase-arrow"}]}
RESULT: undefined
COMMAND: POST /session/86ebb79c72de266112eececc171e51a0/element - {"using":"xpath","value":"//*[@id=\"application-managepricingrules-display-component---newInfoPriceItem--calcBase-arrow\"]"}
RESULT: {}
RESULT: {"using":"xpath","value":"//*[@id=\"application-managepricingrules-display-component---newInfoPriceItem--calcBase-arrow\"]"}
COMMAND: POST /session/86ebb79c72de266112eececc171e51a0/element/f.A17C675D496C198C40B93A37572AC0F9.d.AD3E5BEC5ADFBEBCFF3F87C561FC66C3.e.9417/click - {}
RESULT: {}
COMMAND: GET /session/86ebb79c72de266112eececc171e51a0/screenshot - {}
RESULT: {}
COMMAND: POST /session/86ebb79c72de266112eececc171e51a0/element - {"using":"xpath","value":"//span[contains(text(), \"0006 - TB(calendar days)\")]"}
RESULT: {"using":"xpath","value":"//span[contains(text(), \"0006 - TB(calendar days)\")]"}
COMMAND: POST /session/86ebb79c72de266112eececc171e51a0/element/f.A17C675D496C198C40B93A37572AC0F9.d.AD3E5BEC5ADFBEBCFF3F87C561FC66C3.e.9449/click - {}
RESULT: {}
COMMAND: GET /session/86ebb79c72de266112eececc171e51a0/screenshot - {}
RESULT: {}
COMMAND: POST /session/86ebb79c72de266112eececc171e51a0/execute/async - {"script":"<script> [1562 bytes]","args":[{"selector":{"id":"application-managepricingrules-display-component---newInfoPriceItem--daysMonth","interaction":{"idSuffix":"inner"}},"wdio_ui5_key":"applicationmanagepricingrules-display-component---newInfoPriceItem--daysMonth"}]}
RESULT: {"script":"<script> [1562 bytes]","args":[{"selector":{"id":"application-managepricingrules-display-component---newInfoPriceItem--daysMonth","interaction":{"idSuffix":"inner"}},"wdio_ui5_key":"applicationmanagepricingrules-display-component---newInfoPriceItem--daysMonth"}]}
RESULT: undefined
COMMAND: POST /session/86ebb79c72de266112eececc171e51a0/execute/async - {"script":"<script> [776 bytes]","args":[{"enterText":"30","selector":{"id":"application-managepricingrules-display-component---newInfoPriceItem--daysMonth","interaction":{"idSuffix":"inner"}},"clearTextFirst":true,"interactionType":"ENTER_TEXT"}]}
RESULT: {"script":"<script> [776 bytes]","args":[{"enterText":"30","selector":{"id":"application-managepricingrules-display-component---newInfoPriceItem--daysMonth","interaction":{"idSuffix":"inner"}},"clearTextFirst":true,"interactionType":"ENTER_TEXT"}]}
COMMAND: POST /session/86ebb79c72de266112eececc171e51a0/element - {"using":"xpath","value":"//button[@data-kt=\"saveNewRuleButton\"]"}
RESULT: {"using":"xpath","value":"//button[@data-kt=\"saveNewRuleButton\"]"}
COMMAND: POST /session/86ebb79c72de266112eececc171e51a0/element/f.A17C675D496C198C40B93A37572AC0F9.d.AD3E5BEC5ADFBEBCFF3F87C561FC66C3.e.9434/click - {}
RESULT: {}
COMMAND: GET /session/86ebb79c72de266112eececc171e51a0/screenshot - {}
RESULT: {}
COMMAND: POST /session/86ebb79c72de266112eececc171e51a0/execute/async - {"script":"<script> [1562 bytes]","args":[{"selector":{"id":"application-managepricingrules-display-component---priceInfoItem--smartFilterBar-btnBasicSearch","interaction":{"idSuffix":"I"}},"wdio_ui5_key":"applicationmanagepricingrules-display-component---priceInfoItem--smartFilterBar-btnBasicSearch"}]}
RESULT: {"script":"<script> [1562 bytes]","args":[{"selector":{"id":"application-managepricingrules-display-component---priceInfoItem--smartFilterBar-btnBasicSearch","interaction":{"idSuffix":"I"}},"wdio_ui5_key":"applicationmanagepricingrules-display-component---priceInfoItem--smartFilterBar-btnBasicSearch"}]}
RESULT: undefined
COMMAND: POST /session/86ebb79c72de266112eececc171e51a0/execute/async - {"script":"<script> [776 bytes]","args":[{"enterText":"8a0FrDjkbG","selector":{"id":"application-managepricingrules-display-component---priceInfoItem--smartFilterBar-btnBasicSearch","interaction":{"idSuffix":"I"}},"clearTextFirst":true,"interactionType":"ENTER_TEXT"}]}
RESULT: {"script":"<script> [776 bytes]","args":[{"enterText":"8a0FrDjkbG","selector":{"id":"application-managepricingrules-display-component---priceInfoItem--smartFilterBar-btnBasicSearch","interaction":{"idSuffix":"I"}},"clearTextFirst":true,"interactionType":"ENTER_TEXT"}]}
COMMAND: POST /session/86ebb79c72de266112eececc171e51a0/actions - {"actions":[{"id":"action35","type":"key","parameters":{},"actions":[{"type":"keyDown","value":""},{"type":"pause","duration":10},{"type":"keyUp","value":""}]}]}
RESULT: {"actions":[{"id":"action35","type":"key","parameters":{},"actions":[{"type":"keyDown","value":""},{"type":"pause","duration":10},{"type":"keyUp","value":""}]}]}
COMMAND: GET /session/86ebb79c72de266112eececc171e51a0/screenshot - {}
RESULT: {}
COMMAND: POST /session/86ebb79c72de266112eececc171e51a0/element - {"using":"xpath","value":"//span[@id=\"application-managepricingrules-display-component---priceInfoItem--smartTable-header-inner\"]"}
RESULT: {"using":"xpath","value":"//span[@id=\"application-managepricingrules-display-component---priceInfoItem--smartTable-header-inner\"]"}
COMMAND: POST /session/86ebb79c72de266112eececc171e51a0/elements - {"using":"xpath","value":"//span[@id=\"application-managepricingrules-display-component---priceInfoItem--smartTable-header-inner\"]"}
RESULT: {"using":"xpath","value":"//span[@id=\"application-managepricingrules-display-component---priceInfoItem--smartTable-header-inner\"]"}
COMMAND: POST /session/86ebb79c72de266112eececc171e51a0/execute/sync - {"script":"<script> [56 bytes]","args":[{"element-6066-11e4-a52e-4f735466cecf":"f.A17C675D496C198C40B93A37572AC0F9.d.AD3E5BEC5ADFBEBCFF3F87C561FC66C3.e.9475","ELEMENT":"f.A17C675D496C198C40B93A37572AC0F9.d.AD3E5BEC5ADFBEBCFF3F87C561FC66C3.e.9475"}]}
RESULT: {"script":"<script> [56 bytes]","args":[{"element-6066-11e4-a52e-4f735466cecf":"f.A17C675D496C198C40B93A37572AC0F9.d.AD3E5BEC5ADFBEBCFF3F87C561FC66C3.e.9475","ELEMENT":"f.A17C675D496C198C40B93A37572AC0F9.d.AD3E5BEC5ADFBEBCFF3F87C561FC66C3.e.9475"}]}
COMMAND: POST /session/86ebb79c72de266112eececc171e51a0/element - {"using":"css selector","value":"#shell-header-logo"}
COMMAND: GET /session/86ebb79c72de266112eececc171e51a0/screenshot - {}
RESULT: {"using":"css selector","value":"#shell-header-logo"}
COMMAND: POST /session/86ebb79c72de266112eececc171e51a0/element/f.A17C675D496C198C40B93A37572AC0F9.d.AD3E5BEC5ADFBEBCFF3F87C561FC66C3.e.8601/click - {}
RESULT: {}
RESULT: {}
COMMAND: GET /session/86ebb79c72de266112eececc171e51a0/screenshot - {}
RESULT: {}
]]></system-out>
    </testcase>
    <testcase classname="chrome.136_0_7103_93.windows.Billing_Transfer_-_Intracompany_US127249" name="Should manage conditions" time="68.389">
      <system-out><![CDATA[
COMMAND: POST /session/86ebb79c72de266112eececc171e51a0/execute/async - {"script":"<script> [1562 bytes]","args":[{"selector":{"controlType":"sap.m.GenericTile","properties":{"header":"Manage Conditions & Prices"}},"wdio_ui5_key":"sapm.GenericTile{\"header\":\"Manage Conditions & Prices\"}"}]}
RESULT: {"script":"<script> [1562 bytes]","args":[{"selector":{"controlType":"sap.m.GenericTile","properties":{"header":"Manage Conditions & Prices"}},"wdio_ui5_key":"sapm.GenericTile{\"header\":\"Manage Conditions & Prices\"}"}]}
RESULT: undefined
COMMAND: POST /session/86ebb79c72de266112eececc171e51a0/element - {"using":"xpath","value":"//*[@id=\"__tile53\"]"}
RESULT: {"using":"xpath","value":"//*[@id=\"__tile53\"]"}
COMMAND: POST /session/86ebb79c72de266112eececc171e51a0/element/f.A17C675D496C198C40B93A37572AC0F9.d.AD3E5BEC5ADFBEBCFF3F87C561FC66C3.e.6461/click - {}
RESULT: {}
COMMAND: GET /session/86ebb79c72de266112eececc171e51a0/screenshot - {}
RESULT: {}
COMMAND: POST /session/86ebb79c72de266112eececc171e51a0/elements - {"using":"xpath","value":"//span[text()='Error']"}
RESULT: {"using":"xpath","value":"//span[text()='Error']"}
COMMAND: POST /session/86ebb79c72de266112eececc171e51a0/element - {"using":"xpath","value":"//button[@aria-label=\"Create\"]"}
RESULT: {"using":"xpath","value":"//button[@aria-label=\"Create\"]"}
COMMAND: POST /session/86ebb79c72de266112eececc171e51a0/elements - {"using":"xpath","value":"//button[@aria-label=\"Create\"]"}
RESULT: {"using":"xpath","value":"//button[@aria-label=\"Create\"]"}
COMMAND: POST /session/86ebb79c72de266112eececc171e51a0/execute/sync - {"script":"<script> [8489 bytes]","args":[{"element-6066-11e4-a52e-4f735466cecf":"f.A17C675D496C198C40B93A37572AC0F9.d.AD3E5BEC5ADFBEBCFF3F87C561FC66C3.e.9510","ELEMENT":"f.A17C675D496C198C40B93A37572AC0F9.d.AD3E5BEC5ADFBEBCFF3F87C561FC66C3.e.9510"}]}
RESULT: {"script":"<script> [8489 bytes]","args":[{"element-6066-11e4-a52e-4f735466cecf":"f.A17C675D496C198C40B93A37572AC0F9.d.AD3E5BEC5ADFBEBCFF3F87C561FC66C3.e.9510","ELEMENT":"f.A17C675D496C198C40B93A37572AC0F9.d.AD3E5BEC5ADFBEBCFF3F87C561FC66C3.e.9510"}]}
COMMAND: GET /session/86ebb79c72de266112eececc171e51a0/element/f.A17C675D496C198C40B93A37572AC0F9.d.AD3E5BEC5ADFBEBCFF3F87C561FC66C3.e.9510/enabled - {}
COMMAND: GET /session/86ebb79c72de266112eececc171e51a0/screenshot - {}
RESULT: {}
COMMAND: POST /session/86ebb79c72de266112eececc171e51a0/execute/sync - {"script":"<script> [8489 bytes]","args":[{"element-6066-11e4-a52e-4f735466cecf":"f.A17C675D496C198C40B93A37572AC0F9.d.AD3E5BEC5ADFBEBCFF3F87C561FC66C3.e.9510","ELEMENT":"f.A17C675D496C198C40B93A37572AC0F9.d.AD3E5BEC5ADFBEBCFF3F87C561FC66C3.e.9510"}]}
COMMAND: GET /session/86ebb79c72de266112eececc171e51a0/screenshot - {}
RESULT: {}
RESULT: {"script":"<script> [8489 bytes]","args":[{"element-6066-11e4-a52e-4f735466cecf":"f.A17C675D496C198C40B93A37572AC0F9.d.AD3E5BEC5ADFBEBCFF3F87C561FC66C3.e.9510","ELEMENT":"f.A17C675D496C198C40B93A37572AC0F9.d.AD3E5BEC5ADFBEBCFF3F87C561FC66C3.e.9510"}]}
COMMAND: POST /session/86ebb79c72de266112eececc171e51a0/execute/sync - {"script":"<script> [5351 bytes]","args":[{"element-6066-11e4-a52e-4f735466cecf":"f.A17C675D496C198C40B93A37572AC0F9.d.AD3E5BEC5ADFBEBCFF3F87C561FC66C3.e.9510","ELEMENT":"f.A17C675D496C198C40B93A37572AC0F9.d.AD3E5BEC5ADFBEBCFF3F87C561FC66C3.e.9510"}]}
COMMAND: GET /session/86ebb79c72de266112eececc171e51a0/screenshot - {}
RESULT: {}
RESULT: {"script":"<script> [5351 bytes]","args":[{"element-6066-11e4-a52e-4f735466cecf":"f.A17C675D496C198C40B93A37572AC0F9.d.AD3E5BEC5ADFBEBCFF3F87C561FC66C3.e.9510","ELEMENT":"f.A17C675D496C198C40B93A37572AC0F9.d.AD3E5BEC5ADFBEBCFF3F87C561FC66C3.e.9510"}]}
COMMAND: POST /session/86ebb79c72de266112eececc171e51a0/element/f.A17C675D496C198C40B93A37572AC0F9.d.AD3E5BEC5ADFBEBCFF3F87C561FC66C3.e.9510/click - {}
COMMAND: GET /session/86ebb79c72de266112eececc171e51a0/screenshot - {}
RESULT: {}
RESULT: {}
COMMAND: GET /session/86ebb79c72de266112eececc171e51a0/screenshot - {}
RESULT: {}
RESULT: {}
COMMAND: POST /session/86ebb79c72de266112eececc171e51a0/actions - {"actions":[{"id":"action36","type":"key","parameters":{},"actions":[{"type":"keyDown","value":""},{"type":"pause","duration":10},{"type":"keyUp","value":""}]}]}
RESULT: {"actions":[{"id":"action36","type":"key","parameters":{},"actions":[{"type":"keyDown","value":""},{"type":"pause","duration":10},{"type":"keyUp","value":""}]}]}
COMMAND: GET /session/86ebb79c72de266112eececc171e51a0/screenshot - {}
COMMAND: POST /session/86ebb79c72de266112eececc171e51a0/execute/async - {"script":"<script> [1562 bytes]","args":[{"selector":{"id":"application-manageconditionprice-display-component---newCondition--condBillCond-arrow"},"wdio_ui5_key":"applicationmanageconditionprice-display-component---newCondition--condBillCond-arrow"}]}
RESULT: {}
RESULT: {"script":"<script> [1562 bytes]","args":[{"selector":{"id":"application-manageconditionprice-display-component---newCondition--condBillCond-arrow"},"wdio_ui5_key":"applicationmanageconditionprice-display-component---newCondition--condBillCond-arrow"}]}
RESULT: undefined
COMMAND: POST /session/86ebb79c72de266112eececc171e51a0/element - {"using":"xpath","value":"//*[@id=\"application-manageconditionprice-display-component---newCondition--condBillCond-arrow\"]"}
RESULT: {"using":"xpath","value":"//*[@id=\"application-manageconditionprice-display-component---newCondition--condBillCond-arrow\"]"}
COMMAND: POST /session/86ebb79c72de266112eececc171e51a0/element/f.A17C675D496C198C40B93A37572AC0F9.d.AD3E5BEC5ADFBEBCFF3F87C561FC66C3.e.9690/click - {}
RESULT: {}
COMMAND: GET /session/86ebb79c72de266112eececc171e51a0/screenshot - {}
RESULT: {}
COMMAND: POST /session/86ebb79c72de266112eececc171e51a0/element - {"using":"xpath","value":"//li[.//span[contains(text(), \"DISP - D&I special price\")]]"}
RESULT: {"using":"xpath","value":"//li[.//span[contains(text(), \"DISP - D&I special price\")]]"}
COMMAND: POST /session/86ebb79c72de266112eececc171e51a0/element/f.A17C675D496C198C40B93A37572AC0F9.d.AD3E5BEC5ADFBEBCFF3F87C561FC66C3.e.9693/click - {}
RESULT: {}
COMMAND: GET /session/86ebb79c72de266112eececc171e51a0/screenshot - {}
RESULT: {}
COMMAND: POST /session/86ebb79c72de266112eececc171e51a0/execute/async - {"script":"<script> [1562 bytes]","args":[{"selector":{"id":"application-manageconditionprice-display-component---newCondition--condValidTo","interaction":{"idSuffix":"inner"}},"wdio_ui5_key":"applicationmanageconditionprice-display-component---newCondition--condValidTo"}]}
RESULT: {"script":"<script> [1562 bytes]","args":[{"selector":{"id":"application-manageconditionprice-display-component---newCondition--condValidTo","interaction":{"idSuffix":"inner"}},"wdio_ui5_key":"applicationmanageconditionprice-display-component---newCondition--condValidTo"}]}
RESULT: undefined
COMMAND: POST /session/86ebb79c72de266112eececc171e51a0/execute/async - {"script":"<script> [776 bytes]","args":[{"enterText":"1/21/26","selector":{"id":"application-manageconditionprice-display-component---newCondition--condValidTo","interaction":{"idSuffix":"inner"}},"clearTextFirst":true,"interactionType":"ENTER_TEXT"}]}
RESULT: {"script":"<script> [776 bytes]","args":[{"enterText":"1/21/26","selector":{"id":"application-manageconditionprice-display-component---newCondition--condValidTo","interaction":{"idSuffix":"inner"}},"clearTextFirst":true,"interactionType":"ENTER_TEXT"}]}
COMMAND: POST /session/86ebb79c72de266112eececc171e51a0/element - {"using":"xpath","value":"//input[@id=\"application-manageconditionprice-display-component---newCondition--condRU-inner\"]"}
RESULT: {"using":"xpath","value":"//input[@id=\"application-manageconditionprice-display-component---newCondition--condRU-inner\"]"}
COMMAND: POST /session/86ebb79c72de266112eececc171e51a0/element/f.A17C675D496C198C40B93A37572AC0F9.d.AD3E5BEC5ADFBEBCFF3F87C561FC66C3.e.9526/clear - {}
RESULT: {}
COMMAND: POST /session/86ebb79c72de266112eececc171e51a0/element/f.A17C675D496C198C40B93A37572AC0F9.d.AD3E5BEC5ADFBEBCFF3F87C561FC66C3.e.9526/value - {"text":"8a0FrDjkbG"}
COMMAND: GET /session/86ebb79c72de266112eececc171e51a0/screenshot - {}
RESULT: {"text":"8a0FrDjkbG"}
COMMAND: GET /session/86ebb79c72de266112eececc171e51a0/screenshot - {}
RESULT: {}
RESULT: {}
COMMAND: POST /session/86ebb79c72de266112eececc171e51a0/actions - {"actions":[{"id":"action37","type":"key","parameters":{},"actions":[{"type":"keyDown","value":""},{"type":"pause","duration":10},{"type":"keyUp","value":""}]}]}
RESULT: {"actions":[{"id":"action37","type":"key","parameters":{},"actions":[{"type":"keyDown","value":""},{"type":"pause","duration":10},{"type":"keyUp","value":""}]}]}
COMMAND: POST /session/86ebb79c72de266112eececc171e51a0/execute/async - {"script":"<script> [1562 bytes]","args":[{"selector":{"id":"application-manageconditionprice-display-component---newCondition--condBaseQty","interaction":{"idSuffix":"inner"}},"wdio_ui5_key":"applicationmanageconditionprice-display-component---newCondition--condBaseQty"}]}
COMMAND: GET /session/86ebb79c72de266112eececc171e51a0/screenshot - {}
RESULT: {"script":"<script> [1562 bytes]","args":[{"selector":{"id":"application-manageconditionprice-display-component---newCondition--condBaseQty","interaction":{"idSuffix":"inner"}},"wdio_ui5_key":"applicationmanageconditionprice-display-component---newCondition--condBaseQty"}]}
RESULT: undefined
COMMAND: POST /session/86ebb79c72de266112eececc171e51a0/execute/async - {"script":"<script> [776 bytes]","args":[{"enterText":"1","selector":{"id":"application-manageconditionprice-display-component---newCondition--condBaseQty","interaction":{"idSuffix":"inner"}},"clearTextFirst":true,"interactionType":"ENTER_TEXT"}]}
RESULT: {}
RESULT: {"script":"<script> [776 bytes]","args":[{"enterText":"1","selector":{"id":"application-manageconditionprice-display-component---newCondition--condBaseQty","interaction":{"idSuffix":"inner"}},"clearTextFirst":true,"interactionType":"ENTER_TEXT"}]}
COMMAND: POST /session/86ebb79c72de266112eececc171e51a0/execute/async - {"script":"<script> [1562 bytes]","args":[{"selector":{"id":"application-manageconditionprice-display-component---newCondition--condValue","interaction":{"idSuffix":"inner"}},"wdio_ui5_key":"applicationmanageconditionprice-display-component---newCondition--condValue"}]}
RESULT: {"script":"<script> [1562 bytes]","args":[{"selector":{"id":"application-manageconditionprice-display-component---newCondition--condValue","interaction":{"idSuffix":"inner"}},"wdio_ui5_key":"applicationmanageconditionprice-display-component---newCondition--condValue"}]}
RESULT: undefined
COMMAND: POST /session/86ebb79c72de266112eececc171e51a0/execute/async - {"script":"<script> [776 bytes]","args":[{"enterText":"200","selector":{"id":"application-manageconditionprice-display-component---newCondition--condValue","interaction":{"idSuffix":"inner"}},"clearTextFirst":true,"interactionType":"ENTER_TEXT"}]}
RESULT: {"script":"<script> [776 bytes]","args":[{"enterText":"200","selector":{"id":"application-manageconditionprice-display-component---newCondition--condValue","interaction":{"idSuffix":"inner"}},"clearTextFirst":true,"interactionType":"ENTER_TEXT"}]}
COMMAND: POST /session/86ebb79c72de266112eececc171e51a0/execute/async - {"script":"<script> [1562 bytes]","args":[{"selector":{"id":"application-manageconditionprice-display-component---newCondition--condCurr-arrow"},"wdio_ui5_key":"applicationmanageconditionprice-display-component---newCondition--condCurr-arrow"}]}
RESULT: {"script":"<script> [1562 bytes]","args":[{"selector":{"id":"application-manageconditionprice-display-component---newCondition--condCurr-arrow"},"wdio_ui5_key":"applicationmanageconditionprice-display-component---newCondition--condCurr-arrow"}]}
RESULT: undefined
COMMAND: POST /session/86ebb79c72de266112eececc171e51a0/element - {"using":"xpath","value":"//*[@id=\"application-manageconditionprice-display-component---newCondition--condCurr-arrow\"]"}
RESULT: {"using":"xpath","value":"//*[@id=\"application-manageconditionprice-display-component---newCondition--condCurr-arrow\"]"}
COMMAND: POST /session/86ebb79c72de266112eececc171e51a0/element/f.A17C675D496C198C40B93A37572AC0F9.d.AD3E5BEC5ADFBEBCFF3F87C561FC66C3.e.9654/click - {}
RESULT: {}
COMMAND: POST /session/86ebb79c72de266112eececc171e51a0/element - {"using":"xpath","value":"//span[contains(text(), \"Euro\")]"}
COMMAND: GET /session/86ebb79c72de266112eececc171e51a0/screenshot - {}
RESULT: {"using":"xpath","value":"//span[contains(text(), \"Euro\")]"}
COMMAND: POST /session/86ebb79c72de266112eececc171e51a0/element/f.A17C675D496C198C40B93A37572AC0F9.d.AD3E5BEC5ADFBEBCFF3F87C561FC66C3.e.9731/click - {}
RESULT: {}
RESULT: {}
COMMAND: POST /session/86ebb79c72de266112eececc171e51a0/element - {"using":"xpath","value":"//button[@data-kt=\"saveButton\"]"}
COMMAND: GET /session/86ebb79c72de266112eececc171e51a0/screenshot - {}
RESULT: {"using":"xpath","value":"//button[@data-kt=\"saveButton\"]"}
COMMAND: POST /session/86ebb79c72de266112eececc171e51a0/element/f.A17C675D496C198C40B93A37572AC0F9.d.AD3E5BEC5ADFBEBCFF3F87C561FC66C3.e.9655/click - {}
RESULT: {}
RESULT: {}
COMMAND: GET /session/86ebb79c72de266112eececc171e51a0/screenshot - {}
RESULT: {}
COMMAND: POST /session/86ebb79c72de266112eececc171e51a0/execute/async - {"script":"<script> [1562 bytes]","args":[{"selector":{"id":"application-manageconditionprice-display-component---conditions--smartFilterBar-btnBasicSearch","interaction":{"idSuffix":"I"}},"wdio_ui5_key":"applicationmanageconditionprice-display-component---conditions--smartFilterBar-btnBasicSearch"}]}
RESULT: {"script":"<script> [1562 bytes]","args":[{"selector":{"id":"application-manageconditionprice-display-component---conditions--smartFilterBar-btnBasicSearch","interaction":{"idSuffix":"I"}},"wdio_ui5_key":"applicationmanageconditionprice-display-component---conditions--smartFilterBar-btnBasicSearch"}]}
RESULT: undefined
COMMAND: POST /session/86ebb79c72de266112eececc171e51a0/execute/async - {"script":"<script> [776 bytes]","args":[{"enterText":"8a0FrDjkbG","selector":{"id":"application-manageconditionprice-display-component---conditions--smartFilterBar-btnBasicSearch","interaction":{"idSuffix":"I"}},"clearTextFirst":true,"interactionType":"ENTER_TEXT"}]}
RESULT: {"script":"<script> [776 bytes]","args":[{"enterText":"8a0FrDjkbG","selector":{"id":"application-manageconditionprice-display-component---conditions--smartFilterBar-btnBasicSearch","interaction":{"idSuffix":"I"}},"clearTextFirst":true,"interactionType":"ENTER_TEXT"}]}
COMMAND: POST /session/86ebb79c72de266112eececc171e51a0/actions - {"actions":[{"id":"action38","type":"key","parameters":{},"actions":[{"type":"keyDown","value":""},{"type":"pause","duration":10},{"type":"keyUp","value":""}]}]}
RESULT: {"actions":[{"id":"action38","type":"key","parameters":{},"actions":[{"type":"keyDown","value":""},{"type":"pause","duration":10},{"type":"keyUp","value":""}]}]}
COMMAND: GET /session/86ebb79c72de266112eececc171e51a0/screenshot - {}
RESULT: {}
COMMAND: POST /session/86ebb79c72de266112eececc171e51a0/execute/async - {"script":"<script> [1562 bytes]","args":[{"selector":{"id":"application-manageconditionprice-display-component---conditions--smartFilterBar-filterItemControl_BASIC-BILL_TYPES-vhi"},"wdio_ui5_key":"applicationmanageconditionprice-display-component---conditions--smartFilterBar-filterItemControl_BASIC-BILL_TYPES-vhi"}]}
RESULT: {"script":"<script> [1562 bytes]","args":[{"selector":{"id":"application-manageconditionprice-display-component---conditions--smartFilterBar-filterItemControl_BASIC-BILL_TYPES-vhi"},"wdio_ui5_key":"applicationmanageconditionprice-display-component---conditions--smartFilterBar-filterItemControl_BASIC-BILL_TYPES-vhi"}]}
RESULT: undefined
COMMAND: POST /session/86ebb79c72de266112eececc171e51a0/element - {"using":"xpath","value":"//*[@id=\"application-manageconditionprice-display-component---conditions--smartFilterBar-filterItemControl_BASIC-BILL_TYPES-vhi\"]"}
RESULT: {"using":"xpath","value":"//*[@id=\"application-manageconditionprice-display-component---conditions--smartFilterBar-filterItemControl_BASIC-BILL_TYPES-vhi\"]"}
COMMAND: POST /session/86ebb79c72de266112eececc171e51a0/element/f.A17C675D496C198C40B93A37572AC0F9.d.AD3E5BEC5ADFBEBCFF3F87C561FC66C3.e.9838/click - {}
RESULT: {}
COMMAND: POST /session/86ebb79c72de266112eececc171e51a0/execute/async - {"script":"<script> [1562 bytes]","args":[{"selector":{"id":"application-manageconditionprice-display-component---conditions--smartFilterBar-filterItemControl_BASIC-BILL_TYPES-valueHelpDialog-smartFilterBar-btnBasicSearch","searchOpenDialogs":true,"interaction":{"idSuffix":"I"}},"wdio_ui5_key":"applicationmanageconditionprice-display-component---conditions--smartFilterBar-filterItemControl_BASIC-BILL_TYPES-valueHelpDialog-smartFilterBar-btnBasicSearch"}]}
COMMAND: GET /session/86ebb79c72de266112eececc171e51a0/screenshot - {}
RESULT: {"script":"<script> [1562 bytes]","args":[{"selector":{"id":"application-manageconditionprice-display-component---conditions--smartFilterBar-filterItemControl_BASIC-BILL_TYPES-valueHelpDialog-smartFilterBar-btnBasicSearch","searchOpenDialogs":true,"interaction":{"idSuffix":"I"}},"wdio_ui5_key":"applicationmanageconditionprice-display-component---conditions--smartFilterBar-filterItemControl_BASIC-BILL_TYPES-valueHelpDialog-smartFilterBar-btnBasicSearch"}]}
RESULT: undefined
COMMAND: POST /session/86ebb79c72de266112eececc171e51a0/execute/async - {"script":"<script> [776 bytes]","args":[{"enterText":"TB","selector":{"id":"application-manageconditionprice-display-component---conditions--smartFilterBar-filterItemControl_BASIC-BILL_TYPES-valueHelpDialog-smartFilterBar-btnBasicSearch","searchOpenDialogs":true,"interaction":{"idSuffix":"I"}},"clearTextFirst":true,"interactionType":"ENTER_TEXT"}]}
RESULT: {}
RESULT: {"script":"<script> [776 bytes]","args":[{"enterText":"TB","selector":{"id":"application-manageconditionprice-display-component---conditions--smartFilterBar-filterItemControl_BASIC-BILL_TYPES-valueHelpDialog-smartFilterBar-btnBasicSearch","searchOpenDialogs":true,"interaction":{"idSuffix":"I"}},"clearTextFirst":true,"interactionType":"ENTER_TEXT"}]}
COMMAND: POST /session/86ebb79c72de266112eececc171e51a0/actions - {"actions":[{"id":"action39","type":"key","parameters":{},"actions":[{"type":"keyDown","value":""},{"type":"pause","duration":10},{"type":"keyUp","value":""}]}]}
RESULT: {"actions":[{"id":"action39","type":"key","parameters":{},"actions":[{"type":"keyDown","value":""},{"type":"pause","duration":10},{"type":"keyUp","value":""}]}]}
COMMAND: GET /session/86ebb79c72de266112eececc171e51a0/screenshot - {}
RESULT: {}
COMMAND: POST /session/86ebb79c72de266112eececc171e51a0/element - {"using":"xpath","value":"//div[contains(@id, 'application-manageconditionprice-display-component---conditions--smartFilterBar-filterItemControl_BASIC-BILL_TYPES-valueHelpDialog-table-rowsel0')]"}
RESULT: {"using":"xpath","value":"//div[contains(@id, 'application-manageconditionprice-display-component---conditions--smartFilterBar-filterItemControl_BASIC-BILL_TYPES-valueHelpDialog-table-rowsel0')]"}
COMMAND: POST /session/86ebb79c72de266112eececc171e51a0/element/f.A17C675D496C198C40B93A37572AC0F9.d.AD3E5BEC5ADFBEBCFF3F87C561FC66C3.e.9847/click - {}
RESULT: {}
COMMAND: GET /session/86ebb79c72de266112eececc171e51a0/screenshot - {}
RESULT: {}
COMMAND: POST /session/86ebb79c72de266112eececc171e51a0/element - {"using":"xpath","value":"//bdi[contains(text(), \"OK\")]"}
RESULT: {"using":"xpath","value":"//bdi[contains(text(), \"OK\")]"}
COMMAND: POST /session/86ebb79c72de266112eececc171e51a0/element/f.A17C675D496C198C40B93A37572AC0F9.d.AD3E5BEC5ADFBEBCFF3F87C561FC66C3.e.9849/click - {}
RESULT: {}
COMMAND: GET /session/86ebb79c72de266112eececc171e51a0/screenshot - {}
RESULT: {}
COMMAND: POST /session/86ebb79c72de266112eececc171e51a0/element - {"using":"xpath","value":"//span[@id=\"application-manageconditionprice-display-component---conditions--smartTable-header-inner\"]"}
RESULT: {"using":"xpath","value":"//span[@id=\"application-manageconditionprice-display-component---conditions--smartTable-header-inner\"]"}
COMMAND: POST /session/86ebb79c72de266112eececc171e51a0/elements - {"using":"xpath","value":"//span[@id=\"application-manageconditionprice-display-component---conditions--smartTable-header-inner\"]"}
RESULT: {"using":"xpath","value":"//span[@id=\"application-manageconditionprice-display-component---conditions--smartTable-header-inner\"]"}
COMMAND: POST /session/86ebb79c72de266112eececc171e51a0/execute/sync - {"script":"<script> [56 bytes]","args":[{"element-6066-11e4-a52e-4f735466cecf":"f.A17C675D496C198C40B93A37572AC0F9.d.AD3E5BEC5ADFBEBCFF3F87C561FC66C3.e.9852","ELEMENT":"f.A17C675D496C198C40B93A37572AC0F9.d.AD3E5BEC5ADFBEBCFF3F87C561FC66C3.e.9852"}]}
RESULT: {"script":"<script> [56 bytes]","args":[{"element-6066-11e4-a52e-4f735466cecf":"f.A17C675D496C198C40B93A37572AC0F9.d.AD3E5BEC5ADFBEBCFF3F87C561FC66C3.e.9852","ELEMENT":"f.A17C675D496C198C40B93A37572AC0F9.d.AD3E5BEC5ADFBEBCFF3F87C561FC66C3.e.9852"}]}
COMMAND: POST /session/86ebb79c72de266112eececc171e51a0/element - {"using":"css selector","value":"#shell-header-logo"}
COMMAND: GET /session/86ebb79c72de266112eececc171e51a0/screenshot - {}
RESULT: {"using":"css selector","value":"#shell-header-logo"}
COMMAND: POST /session/86ebb79c72de266112eececc171e51a0/element/f.A17C675D496C198C40B93A37572AC0F9.d.AD3E5BEC5ADFBEBCFF3F87C561FC66C3.e.9478/click - {}
RESULT: {}
RESULT: {}
COMMAND: GET /session/86ebb79c72de266112eececc171e51a0/screenshot - {}
RESULT: {}
]]></system-out>
    </testcase>
    <testcase classname="chrome.136_0_7103_93.windows.Billing_Transfer_-_Intracompany_US127249" name="Should do a stock increase handover" time="94.71">
      <system-out><![CDATA[
COMMAND: POST /session/86ebb79c72de266112eececc171e51a0/execute/async - {"script":"<script> [1562 bytes]","args":[{"selector":{"controlType":"sap.m.GenericTile","properties":{"header":"Manage Handovers"}},"wdio_ui5_key":"sapm.GenericTile{\"header\":\"Manage Handovers\"}"}]}
RESULT: {"script":"<script> [1562 bytes]","args":[{"selector":{"controlType":"sap.m.GenericTile","properties":{"header":"Manage Handovers"}},"wdio_ui5_key":"sapm.GenericTile{\"header\":\"Manage Handovers\"}"}]}
RESULT: undefined
COMMAND: POST /session/86ebb79c72de266112eececc171e51a0/element - {"using":"xpath","value":"//*[@id=\"__tile132\"]"}
RESULT: {"using":"xpath","value":"//*[@id=\"__tile132\"]"}
COMMAND: POST /session/86ebb79c72de266112eececc171e51a0/element/f.A17C675D496C198C40B93A37572AC0F9.d.AD3E5BEC5ADFBEBCFF3F87C561FC66C3.e.6405/click - {}
RESULT: {}
COMMAND: GET /session/86ebb79c72de266112eececc171e51a0/screenshot - {}
RESULT: {}
COMMAND: POST /session/86ebb79c72de266112eececc171e51a0/elements - {"using":"xpath","value":"//span[text()='Error']"}
RESULT: {"using":"xpath","value":"//span[text()='Error']"}
COMMAND: POST /session/86ebb79c72de266112eececc171e51a0/element - {"using":"xpath","value":"//button[@data-kt=\"masterHOAddButton\"]"}
RESULT: {"using":"xpath","value":"//button[@data-kt=\"masterHOAddButton\"]"}
COMMAND: POST /session/86ebb79c72de266112eececc171e51a0/elements - {"using":"xpath","value":"//button[@data-kt=\"masterHOAddButton\"]"}
RESULT: {"using":"xpath","value":"//button[@data-kt=\"masterHOAddButton\"]"}
COMMAND: POST /session/86ebb79c72de266112eececc171e51a0/execute/sync - {"script":"<script> [8489 bytes]","args":[{"element-6066-11e4-a52e-4f735466cecf":"f.A17C675D496C198C40B93A37572AC0F9.d.AD3E5BEC5ADFBEBCFF3F87C561FC66C3.e.9886","ELEMENT":"f.A17C675D496C198C40B93A37572AC0F9.d.AD3E5BEC5ADFBEBCFF3F87C561FC66C3.e.9886"}]}
RESULT: {"script":"<script> [8489 bytes]","args":[{"element-6066-11e4-a52e-4f735466cecf":"f.A17C675D496C198C40B93A37572AC0F9.d.AD3E5BEC5ADFBEBCFF3F87C561FC66C3.e.9886","ELEMENT":"f.A17C675D496C198C40B93A37572AC0F9.d.AD3E5BEC5ADFBEBCFF3F87C561FC66C3.e.9886"}]}
COMMAND: GET /session/86ebb79c72de266112eececc171e51a0/element/f.A17C675D496C198C40B93A37572AC0F9.d.AD3E5BEC5ADFBEBCFF3F87C561FC66C3.e.9886/enabled - {}
COMMAND: GET /session/86ebb79c72de266112eececc171e51a0/screenshot - {}
RESULT: {}
COMMAND: POST /session/86ebb79c72de266112eececc171e51a0/execute/sync - {"script":"<script> [8489 bytes]","args":[{"element-6066-11e4-a52e-4f735466cecf":"f.A17C675D496C198C40B93A37572AC0F9.d.AD3E5BEC5ADFBEBCFF3F87C561FC66C3.e.9886","ELEMENT":"f.A17C675D496C198C40B93A37572AC0F9.d.AD3E5BEC5ADFBEBCFF3F87C561FC66C3.e.9886"}]}
COMMAND: GET /session/86ebb79c72de266112eececc171e51a0/screenshot - {}
RESULT: {}
RESULT: {"script":"<script> [8489 bytes]","args":[{"element-6066-11e4-a52e-4f735466cecf":"f.A17C675D496C198C40B93A37572AC0F9.d.AD3E5BEC5ADFBEBCFF3F87C561FC66C3.e.9886","ELEMENT":"f.A17C675D496C198C40B93A37572AC0F9.d.AD3E5BEC5ADFBEBCFF3F87C561FC66C3.e.9886"}]}
COMMAND: POST /session/86ebb79c72de266112eececc171e51a0/execute/sync - {"script":"<script> [5351 bytes]","args":[{"element-6066-11e4-a52e-4f735466cecf":"f.A17C675D496C198C40B93A37572AC0F9.d.AD3E5BEC5ADFBEBCFF3F87C561FC66C3.e.9886","ELEMENT":"f.A17C675D496C198C40B93A37572AC0F9.d.AD3E5BEC5ADFBEBCFF3F87C561FC66C3.e.9886"}]}
COMMAND: GET /session/86ebb79c72de266112eececc171e51a0/screenshot - {}
RESULT: {}
RESULT: {"script":"<script> [5351 bytes]","args":[{"element-6066-11e4-a52e-4f735466cecf":"f.A17C675D496C198C40B93A37572AC0F9.d.AD3E5BEC5ADFBEBCFF3F87C561FC66C3.e.9886","ELEMENT":"f.A17C675D496C198C40B93A37572AC0F9.d.AD3E5BEC5ADFBEBCFF3F87C561FC66C3.e.9886"}]}
COMMAND: POST /session/86ebb79c72de266112eececc171e51a0/element/f.A17C675D496C198C40B93A37572AC0F9.d.AD3E5BEC5ADFBEBCFF3F87C561FC66C3.e.9886/click - {}
COMMAND: GET /session/86ebb79c72de266112eececc171e51a0/screenshot - {}
RESULT: {}
RESULT: {}
COMMAND: GET /session/86ebb79c72de266112eececc171e51a0/screenshot - {}
COMMAND: POST /session/86ebb79c72de266112eececc171e51a0/element - {"using":"xpath","value":"//span[contains(@id ,\"AddNewHO--typeSelect-arrow\")]"}
RESULT: {}
RESULT: {}
RESULT: {"using":"xpath","value":"//span[contains(@id ,\"AddNewHO--typeSelect-arrow\")]"}
COMMAND: POST /session/86ebb79c72de266112eececc171e51a0/element/f.A17C675D496C198C40B93A37572AC0F9.d.AD3E5BEC5ADFBEBCFF3F87C561FC66C3.e.10248/click - {}
RESULT: {}
COMMAND: GET /session/86ebb79c72de266112eececc171e51a0/screenshot - {}
RESULT: {}
COMMAND: POST /session/86ebb79c72de266112eececc171e51a0/element - {"using":"xpath","value":"(//li[contains(text(), \"stock increase yard\")])[1]"}
RESULT: {"using":"xpath","value":"(//li[contains(text(), \"stock increase yard\")])[1]"}
COMMAND: POST /session/86ebb79c72de266112eececc171e51a0/element/f.A17C675D496C198C40B93A37572AC0F9.d.AD3E5BEC5ADFBEBCFF3F87C561FC66C3.e.10249/click - {}
RESULT: {}
COMMAND: GET /session/86ebb79c72de266112eececc171e51a0/screenshot - {}
RESULT: {}
COMMAND: POST /session/86ebb79c72de266112eececc171e51a0/execute/async - {"script":"<script> [1562 bytes]","args":[{"selector":{"id":"application-managehandovers-display-component---AddNewHO--dueDate","interaction":{"idSuffix":"inner"}},"wdio_ui5_key":"applicationmanagehandovers-display-component---AddNewHO--dueDate"}]}
RESULT: {"script":"<script> [1562 bytes]","args":[{"selector":{"id":"application-managehandovers-display-component---AddNewHO--dueDate","interaction":{"idSuffix":"inner"}},"wdio_ui5_key":"applicationmanagehandovers-display-component---AddNewHO--dueDate"}]}
RESULT: undefined
COMMAND: POST /session/86ebb79c72de266112eececc171e51a0/execute/async - {"script":"<script> [6424 bytes]","args":[{"element-6066-11e4-a52e-4f735466cecf":"f.A17C675D496C198C40B93A37572AC0F9.d.AD3E5BEC5ADFBEBCFF3F87C561FC66C3.e.10251"},"setValue",["5/21/25"]]}
RESULT: {"script":"<script> [6424 bytes]","args":[{"element-6066-11e4-a52e-4f735466cecf":"f.A17C675D496C198C40B93A37572AC0F9.d.AD3E5BEC5ADFBEBCFF3F87C561FC66C3.e.10251"},"setValue",["5/21/25"]]}
COMMAND: POST /session/86ebb79c72de266112eececc171e51a0/element - {"using":"xpath","value":"//input[@id=\"generalSectionFrg--receiveYard-inner\"]"}
RESULT: {"using":"xpath","value":"//input[@id=\"generalSectionFrg--receiveYard-inner\"]"}
COMMAND: POST /session/86ebb79c72de266112eececc171e51a0/element/f.A17C675D496C198C40B93A37572AC0F9.d.AD3E5BEC5ADFBEBCFF3F87C561FC66C3.e.10255/clear - {}
RESULT: {}
COMMAND: POST /session/86ebb79c72de266112eececc171e51a0/element/f.A17C675D496C198C40B93A37572AC0F9.d.AD3E5BEC5ADFBEBCFF3F87C561FC66C3.e.10255/value - {"text":"644"}
COMMAND: GET /session/86ebb79c72de266112eececc171e51a0/screenshot - {}
RESULT: {"text":"644"}
COMMAND: GET /session/86ebb79c72de266112eececc171e51a0/screenshot - {}
RESULT: {}
RESULT: {}
COMMAND: POST /session/86ebb79c72de266112eececc171e51a0/element - {"using":"xpath","value":"//li[.//span[text()='644']]"}
RESULT: {"using":"xpath","value":"//li[.//span[text()='644']]"}
COMMAND: POST /session/86ebb79c72de266112eececc171e51a0/element/f.A17C675D496C198C40B93A37572AC0F9.d.AD3E5BEC5ADFBEBCFF3F87C561FC66C3.e.10273/click - {}
RESULT: {}
COMMAND: GET /session/86ebb79c72de266112eececc171e51a0/screenshot - {}
RESULT: {}
COMMAND: POST /session/86ebb79c72de266112eececc171e51a0/execute/async - {"script":"<script> [1562 bytes]","args":[{"selector":{"id":"application-managehandovers-display-component---AddNewHO--ObjectPageLayout-anchBar-application-managehandovers-display-component---AddNewHO--section4-anchor","interaction":{"idSuffix":"BDI-content"}},"wdio_ui5_key":"applicationmanagehandovers-display-component---AddNewHO--ObjectPageLayout-anchBar-application-managehandovers-display-component---AddNewHO--section4-anchor"}]}
RESULT: {"script":"<script> [1562 bytes]","args":[{"selector":{"id":"application-managehandovers-display-component---AddNewHO--ObjectPageLayout-anchBar-application-managehandovers-display-component---AddNewHO--section4-anchor","interaction":{"idSuffix":"BDI-content"}},"wdio_ui5_key":"applicationmanagehandovers-display-component---AddNewHO--ObjectPageLayout-anchBar-application-managehandovers-display-component---AddNewHO--section4-anchor"}]}
RESULT: undefined
COMMAND: POST /session/86ebb79c72de266112eececc171e51a0/element - {"using":"xpath","value":"//*[@id=\"application-managehandovers-display-component---AddNewHO--ObjectPageLayout-anchBar-application-managehandovers-display-component---AddNewHO--section4-anchor\"]"}
RESULT: {"using":"xpath","value":"//*[@id=\"application-managehandovers-display-component---AddNewHO--ObjectPageLayout-anchBar-application-managehandovers-display-component---AddNewHO--section4-anchor\"]"}
COMMAND: POST /session/86ebb79c72de266112eececc171e51a0/element/f.A17C675D496C198C40B93A37572AC0F9.d.AD3E5BEC5ADFBEBCFF3F87C561FC66C3.e.10275/click - {}
RESULT: {}
COMMAND: POST /session/86ebb79c72de266112eececc171e51a0/element - {"using":"xpath","value":"//button[@aria-label=\"Add\"]"}
COMMAND: GET /session/86ebb79c72de266112eececc171e51a0/screenshot - {}
RESULT: {"using":"xpath","value":"//button[@aria-label=\"Add\"]"}
COMMAND: POST /session/86ebb79c72de266112eececc171e51a0/element/f.A17C675D496C198C40B93A37572AC0F9.d.AD3E5BEC5ADFBEBCFF3F87C561FC66C3.e.10277/click - {}
RESULT: {}
RESULT: {}
COMMAND: GET /session/86ebb79c72de266112eececc171e51a0/screenshot - {}
RESULT: {}
COMMAND: POST /session/86ebb79c72de266112eececc171e51a0/execute/async - {"script":"<script> [1562 bytes]","args":[{"selector":{"id":"application-managehandovers-display-component---AddNewHO--smartFilterBar-btnBasicSearch","searchOpenDialogs":true,"interaction":{"idSuffix":"I"}},"wdio_ui5_key":"applicationmanagehandovers-display-component---AddNewHO--smartFilterBar-btnBasicSearch"}]}
RESULT: {"script":"<script> [1562 bytes]","args":[{"selector":{"id":"application-managehandovers-display-component---AddNewHO--smartFilterBar-btnBasicSearch","searchOpenDialogs":true,"interaction":{"idSuffix":"I"}},"wdio_ui5_key":"applicationmanagehandovers-display-component---AddNewHO--smartFilterBar-btnBasicSearch"}]}
RESULT: undefined
COMMAND: POST /session/86ebb79c72de266112eececc171e51a0/execute/async - {"script":"<script> [776 bytes]","args":[{"enterText":"8a0FrDjkbG","selector":{"id":"application-managehandovers-display-component---AddNewHO--smartFilterBar-btnBasicSearch","searchOpenDialogs":true,"interaction":{"idSuffix":"I"}},"clearTextFirst":true,"interactionType":"ENTER_TEXT"}]}
RESULT: {"script":"<script> [776 bytes]","args":[{"enterText":"8a0FrDjkbG","selector":{"id":"application-managehandovers-display-component---AddNewHO--smartFilterBar-btnBasicSearch","searchOpenDialogs":true,"interaction":{"idSuffix":"I"}},"clearTextFirst":true,"interactionType":"ENTER_TEXT"}]}
COMMAND: POST /session/86ebb79c72de266112eececc171e51a0/actions - {"actions":[{"id":"action40","type":"key","parameters":{},"actions":[{"type":"keyDown","value":""},{"type":"pause","duration":10},{"type":"keyUp","value":""}]}]}
RESULT: {"actions":[{"id":"action40","type":"key","parameters":{},"actions":[{"type":"keyDown","value":""},{"type":"pause","duration":10},{"type":"keyUp","value":""}]}]}
COMMAND: GET /session/86ebb79c72de266112eececc171e51a0/screenshot - {}
RESULT: {}
COMMAND: POST /session/86ebb79c72de266112eececc171e51a0/execute/async - {"script":"<script> [1562 bytes]","args":[{"selector":{"id":"application-managehandovers-display-component---AddNewHO--popup-sa","searchOpenDialogs":true,"interaction":{"idSuffix":"CbBg"}},"wdio_ui5_key":"applicationmanagehandovers-display-component---AddNewHO--popup-sa"}]}
RESULT: {"script":"<script> [1562 bytes]","args":[{"selector":{"id":"application-managehandovers-display-component---AddNewHO--popup-sa","searchOpenDialogs":true,"interaction":{"idSuffix":"CbBg"}},"wdio_ui5_key":"applicationmanagehandovers-display-component---AddNewHO--popup-sa"}]}
RESULT: undefined
COMMAND: POST /session/86ebb79c72de266112eececc171e51a0/element - {"using":"xpath","value":"//*[@id=\"application-managehandovers-display-component---AddNewHO--popup-sa\"]"}
RESULT: {"using":"xpath","value":"//*[@id=\"application-managehandovers-display-component---AddNewHO--popup-sa\"]"}
COMMAND: POST /session/86ebb79c72de266112eececc171e51a0/element/f.A17C675D496C198C40B93A37572AC0F9.d.AD3E5BEC5ADFBEBCFF3F87C561FC66C3.e.10431/click - {}
RESULT: {}
COMMAND: GET /session/86ebb79c72de266112eececc171e51a0/screenshot - {}
RESULT: {}
COMMAND: POST /session/86ebb79c72de266112eececc171e51a0/element - {"using":"xpath","value":"//bdi[contains(text(), \"Select\")]"}
RESULT: {"using":"xpath","value":"//bdi[contains(text(), \"Select\")]"}
COMMAND: POST /session/86ebb79c72de266112eececc171e51a0/element/f.A17C675D496C198C40B93A37572AC0F9.d.AD3E5BEC5ADFBEBCFF3F87C561FC66C3.e.10432/click - {}
RESULT: {}
COMMAND: GET /session/86ebb79c72de266112eececc171e51a0/screenshot - {}
RESULT: {}
COMMAND: POST /session/86ebb79c72de266112eececc171e51a0/element - {"using":"xpath","value":"//button[@data-kt=\"AddNewHOSaveButton\"]"}
RESULT: {"using":"xpath","value":"//button[@data-kt=\"AddNewHOSaveButton\"]"}
COMMAND: POST /session/86ebb79c72de266112eececc171e51a0/element/f.A17C675D496C198C40B93A37572AC0F9.d.AD3E5BEC5ADFBEBCFF3F87C561FC66C3.e.10436/click - {}
RESULT: {}
COMMAND: GET /session/86ebb79c72de266112eececc171e51a0/screenshot - {}
RESULT: {}
COMMAND: POST /session/86ebb79c72de266112eececc171e51a0/execute/async - {"script":"<script> [1562 bytes]","args":[{"selector":{"id":"receiptDatePicker","viewName":"etm.portal.ui.managehandovers.view.DetailExecuteHO","interaction":{"idSuffix":"inner"}},"wdio_ui5_key":"receiptDatePickeretmportal.ui.managehandovers.view.DetailExecuteHO"}]}
RESULT: {"script":"<script> [1562 bytes]","args":[{"selector":{"id":"receiptDatePicker","viewName":"etm.portal.ui.managehandovers.view.DetailExecuteHO","interaction":{"idSuffix":"inner"}},"wdio_ui5_key":"receiptDatePickeretmportal.ui.managehandovers.view.DetailExecuteHO"}]}
RESULT: undefined
COMMAND: POST /session/86ebb79c72de266112eececc171e51a0/execute/async - {"script":"<script> [6424 bytes]","args":[{"element-6066-11e4-a52e-4f735466cecf":"f.A17C675D496C198C40B93A37572AC0F9.d.AD3E5BEC5ADFBEBCFF3F87C561FC66C3.e.10456"},"setValue",["5/21/25"]]}
RESULT: {"script":"<script> [6424 bytes]","args":[{"element-6066-11e4-a52e-4f735466cecf":"f.A17C675D496C198C40B93A37572AC0F9.d.AD3E5BEC5ADFBEBCFF3F87C561FC66C3.e.10456"},"setValue",["5/21/25"]]}
COMMAND: POST /session/86ebb79c72de266112eececc171e51a0/element - {"using":"xpath","value":"//button[@data-kt=\"PickingTableConfirmAllButton\"]"}
RESULT: {"using":"xpath","value":"//button[@data-kt=\"PickingTableConfirmAllButton\"]"}
COMMAND: POST /session/86ebb79c72de266112eececc171e51a0/element/f.A17C675D496C198C40B93A37572AC0F9.d.AD3E5BEC5ADFBEBCFF3F87C561FC66C3.e.10470/click - {}
RESULT: {}
COMMAND: GET /session/86ebb79c72de266112eececc171e51a0/screenshot - {}
RESULT: {}
COMMAND: POST /session/86ebb79c72de266112eececc171e51a0/element - {"using":"xpath","value":"//bdi[contains(text(), \"OK\")]"}
RESULT: {"using":"xpath","value":"//bdi[contains(text(), \"OK\")]"}
COMMAND: POST /session/86ebb79c72de266112eececc171e51a0/element/f.A17C675D496C198C40B93A37572AC0F9.d.AD3E5BEC5ADFBEBCFF3F87C561FC66C3.e.10472/click - {}
RESULT: {}
COMMAND: GET /session/86ebb79c72de266112eececc171e51a0/screenshot - {}
RESULT: {}
COMMAND: POST /session/86ebb79c72de266112eececc171e51a0/element - {"using":"xpath","value":"(//bdi[contains(text(), \"Receive\")])[2]"}
RESULT: {"using":"xpath","value":"(//bdi[contains(text(), \"Receive\")])[2]"}
COMMAND: POST /session/86ebb79c72de266112eececc171e51a0/element/f.A17C675D496C198C40B93A37572AC0F9.d.AD3E5BEC5ADFBEBCFF3F87C561FC66C3.e.10474/click - {}
RESULT: {}
COMMAND: GET /session/86ebb79c72de266112eececc171e51a0/screenshot - {}
RESULT: {}
COMMAND: POST /session/86ebb79c72de266112eececc171e51a0/element - {"using":"css selector","value":"#shell-header-logo"}
RESULT: {"using":"css selector","value":"#shell-header-logo"}
COMMAND: POST /session/86ebb79c72de266112eececc171e51a0/element/f.A17C675D496C198C40B93A37572AC0F9.d.AD3E5BEC5ADFBEBCFF3F87C561FC66C3.e.9858/click - {}
RESULT: {}
COMMAND: GET /session/86ebb79c72de266112eececc171e51a0/screenshot - {}
RESULT: {}
]]></system-out>
    </testcase>
    <testcase classname="chrome.136_0_7103_93.windows.Billing_Transfer_-_Intracompany_US127249" name="Should create a new contract" time="78.075">
      <system-out><![CDATA[
COMMAND: POST /session/86ebb79c72de266112eececc171e51a0/execute/async - {"script":"<script> [1562 bytes]","args":[{"selector":{"controlType":"sap.m.GenericTile","properties":{"header":"Manage Contracts"}},"wdio_ui5_key":"sapm.GenericTile{\"header\":\"Manage Contracts\"}"}]}
RESULT: {"script":"<script> [1562 bytes]","args":[{"selector":{"controlType":"sap.m.GenericTile","properties":{"header":"Manage Contracts"}},"wdio_ui5_key":"sapm.GenericTile{\"header\":\"Manage Contracts\"}"}]}
RESULT: undefined
COMMAND: POST /session/86ebb79c72de266112eececc171e51a0/element - {"using":"xpath","value":"//*[@id=\"__tile130\"]"}
RESULT: {"using":"xpath","value":"//*[@id=\"__tile130\"]"}
COMMAND: POST /session/86ebb79c72de266112eececc171e51a0/element/f.A17C675D496C198C40B93A37572AC0F9.d.AD3E5BEC5ADFBEBCFF3F87C561FC66C3.e.6430/click - {}
RESULT: {}
COMMAND: GET /session/86ebb79c72de266112eececc171e51a0/screenshot - {}
RESULT: {}
COMMAND: POST /session/86ebb79c72de266112eececc171e51a0/elements - {"using":"xpath","value":"//span[text()='Error']"}
RESULT: {"using":"xpath","value":"//span[text()='Error']"}
COMMAND: POST /session/86ebb79c72de266112eececc171e51a0/element - {"using":"xpath","value":"//button[@data-kt=\"addButton\"]"}
RESULT: {"using":"xpath","value":"//button[@data-kt=\"addButton\"]"}
COMMAND: POST /session/86ebb79c72de266112eececc171e51a0/elements - {"using":"xpath","value":"//button[@data-kt=\"addButton\"]"}
RESULT: {"using":"xpath","value":"//button[@data-kt=\"addButton\"]"}
COMMAND: POST /session/86ebb79c72de266112eececc171e51a0/execute/sync - {"script":"<script> [8489 bytes]","args":[{"element-6066-11e4-a52e-4f735466cecf":"f.A17C675D496C198C40B93A37572AC0F9.d.AD3E5BEC5ADFBEBCFF3F87C561FC66C3.e.10695","ELEMENT":"f.A17C675D496C198C40B93A37572AC0F9.d.AD3E5BEC5ADFBEBCFF3F87C561FC66C3.e.10695"}]}
RESULT: {"script":"<script> [8489 bytes]","args":[{"element-6066-11e4-a52e-4f735466cecf":"f.A17C675D496C198C40B93A37572AC0F9.d.AD3E5BEC5ADFBEBCFF3F87C561FC66C3.e.10695","ELEMENT":"f.A17C675D496C198C40B93A37572AC0F9.d.AD3E5BEC5ADFBEBCFF3F87C561FC66C3.e.10695"}]}
COMMAND: GET /session/86ebb79c72de266112eececc171e51a0/element/f.A17C675D496C198C40B93A37572AC0F9.d.AD3E5BEC5ADFBEBCFF3F87C561FC66C3.e.10695/enabled - {}
COMMAND: GET /session/86ebb79c72de266112eececc171e51a0/screenshot - {}
RESULT: {}
COMMAND: POST /session/86ebb79c72de266112eececc171e51a0/execute/sync - {"script":"<script> [8489 bytes]","args":[{"element-6066-11e4-a52e-4f735466cecf":"f.A17C675D496C198C40B93A37572AC0F9.d.AD3E5BEC5ADFBEBCFF3F87C561FC66C3.e.10695","ELEMENT":"f.A17C675D496C198C40B93A37572AC0F9.d.AD3E5BEC5ADFBEBCFF3F87C561FC66C3.e.10695"}]}
COMMAND: GET /session/86ebb79c72de266112eececc171e51a0/screenshot - {}
RESULT: {}
RESULT: {}
RESULT: {"script":"<script> [8489 bytes]","args":[{"element-6066-11e4-a52e-4f735466cecf":"f.A17C675D496C198C40B93A37572AC0F9.d.AD3E5BEC5ADFBEBCFF3F87C561FC66C3.e.10695","ELEMENT":"f.A17C675D496C198C40B93A37572AC0F9.d.AD3E5BEC5ADFBEBCFF3F87C561FC66C3.e.10695"}]}
COMMAND: POST /session/86ebb79c72de266112eececc171e51a0/execute/sync - {"script":"<script> [5351 bytes]","args":[{"element-6066-11e4-a52e-4f735466cecf":"f.A17C675D496C198C40B93A37572AC0F9.d.AD3E5BEC5ADFBEBCFF3F87C561FC66C3.e.10695","ELEMENT":"f.A17C675D496C198C40B93A37572AC0F9.d.AD3E5BEC5ADFBEBCFF3F87C561FC66C3.e.10695"}]}
COMMAND: GET /session/86ebb79c72de266112eececc171e51a0/screenshot - {}
RESULT: {"script":"<script> [5351 bytes]","args":[{"element-6066-11e4-a52e-4f735466cecf":"f.A17C675D496C198C40B93A37572AC0F9.d.AD3E5BEC5ADFBEBCFF3F87C561FC66C3.e.10695","ELEMENT":"f.A17C675D496C198C40B93A37572AC0F9.d.AD3E5BEC5ADFBEBCFF3F87C561FC66C3.e.10695"}]}
COMMAND: GET /session/86ebb79c72de266112eececc171e51a0/screenshot - {}
RESULT: {}
RESULT: {}
COMMAND: POST /session/86ebb79c72de266112eececc171e51a0/element/f.A17C675D496C198C40B93A37572AC0F9.d.AD3E5BEC5ADFBEBCFF3F87C561FC66C3.e.10695/click - {}
RESULT: {}
COMMAND: GET /session/86ebb79c72de266112eececc171e51a0/screenshot - {}
COMMAND: POST /session/86ebb79c72de266112eececc171e51a0/execute/async - {"script":"<script> [1562 bytes]","args":[{"selector":{"id":"application-managecontracts-display-component---AddNewContract--projectDescription","interaction":{"idSuffix":"inner"}},"wdio_ui5_key":"applicationmanagecontracts-display-component---AddNewContract--projectDescription"}]}
RESULT: {}
RESULT: {"script":"<script> [1562 bytes]","args":[{"selector":{"id":"application-managecontracts-display-component---AddNewContract--projectDescription","interaction":{"idSuffix":"inner"}},"wdio_ui5_key":"applicationmanagecontracts-display-component---AddNewContract--projectDescription"}]}
RESULT: undefined
COMMAND: POST /session/86ebb79c72de266112eececc171e51a0/execute/async - {"script":"<script> [776 bytes]","args":[{"enterText":"Contract WDIO","selector":{"id":"application-managecontracts-display-component---AddNewContract--projectDescription","interaction":{"idSuffix":"inner"}},"clearTextFirst":true,"interactionType":"ENTER_TEXT"}]}
RESULT: {"script":"<script> [776 bytes]","args":[{"enterText":"Contract WDIO","selector":{"id":"application-managecontracts-display-component---AddNewContract--projectDescription","interaction":{"idSuffix":"inner"}},"clearTextFirst":true,"interactionType":"ENTER_TEXT"}]}
COMMAND: POST /session/86ebb79c72de266112eececc171e51a0/element - {"using":"xpath","value":"//input[@id=\"application-managecontracts-display-component---AddNewContract--site-inner\"]"}
RESULT: {"using":"xpath","value":"//input[@id=\"application-managecontracts-display-component---AddNewContract--site-inner\"]"}
COMMAND: POST /session/86ebb79c72de266112eececc171e51a0/element/f.A17C675D496C198C40B93A37572AC0F9.d.AD3E5BEC5ADFBEBCFF3F87C561FC66C3.e.11056/clear - {}
RESULT: {}
COMMAND: POST /session/86ebb79c72de266112eececc171e51a0/element/f.A17C675D496C198C40B93A37572AC0F9.d.AD3E5BEC5ADFBEBCFF3F87C561FC66C3.e.11056/value - {"text":"2343"}
COMMAND: GET /session/86ebb79c72de266112eececc171e51a0/screenshot - {}
RESULT: {}
RESULT: {"text":"2343"}
COMMAND: GET /session/86ebb79c72de266112eececc171e51a0/screenshot - {}
RESULT: {}
COMMAND: POST /session/86ebb79c72de266112eececc171e51a0/element - {"using":"xpath","value":"//li[.//span[text()='2343']]"}
RESULT: {"using":"xpath","value":"//li[.//span[text()='2343']]"}
COMMAND: POST /session/86ebb79c72de266112eececc171e51a0/element/f.A17C675D496C198C40B93A37572AC0F9.d.AD3E5BEC5ADFBEBCFF3F87C561FC66C3.e.11083/click - {}
RESULT: {}
COMMAND: GET /session/86ebb79c72de266112eececc171e51a0/screenshot - {}
RESULT: {}
COMMAND: POST /session/86ebb79c72de266112eececc171e51a0/element - {"using":"xpath","value":"//input[@id=\"application-managecontracts-display-component---AddNewContract--yardId-inner\"]"}
RESULT: {"using":"xpath","value":"//input[@id=\"application-managecontracts-display-component---AddNewContract--yardId-inner\"]"}
COMMAND: GET /session/86ebb79c72de266112eececc171e51a0/element/f.A17C675D496C198C40B93A37572AC0F9.d.AD3E5BEC5ADFBEBCFF3F87C561FC66C3.e.11057/property/value - {}
RESULT: {}
COMMAND: POST /session/86ebb79c72de266112eececc171e51a0/element - {"using":"xpath","value":"//input[@id=\"application-managecontracts-display-component---AddNewContract--customerSelect-inner\"]"}
COMMAND: GET /session/86ebb79c72de266112eececc171e51a0/screenshot - {}
RESULT: {"using":"xpath","value":"//input[@id=\"application-managecontracts-display-component---AddNewContract--customerSelect-inner\"]"}
COMMAND: POST /session/86ebb79c72de266112eececc171e51a0/element/f.A17C675D496C198C40B93A37572AC0F9.d.AD3E5BEC5ADFBEBCFF3F87C561FC66C3.e.11055/clear - {}
RESULT: {}
RESULT: {}
COMMAND: POST /session/86ebb79c72de266112eececc171e51a0/element/f.A17C675D496C198C40B93A37572AC0F9.d.AD3E5BEC5ADFBEBCFF3F87C561FC66C3.e.11055/value - {"text":"1410"}
COMMAND: GET /session/86ebb79c72de266112eececc171e51a0/screenshot - {}
RESULT: {"text":"1410"}
COMMAND: GET /session/86ebb79c72de266112eececc171e51a0/screenshot - {}
RESULT: {}
RESULT: {}
COMMAND: POST /session/86ebb79c72de266112eececc171e51a0/element - {"using":"xpath","value":"//li[.//span[text()='1410']]"}
RESULT: {"using":"xpath","value":"//li[.//span[text()='1410']]"}
COMMAND: POST /session/86ebb79c72de266112eececc171e51a0/element/f.A17C675D496C198C40B93A37572AC0F9.d.AD3E5BEC5ADFBEBCFF3F87C561FC66C3.e.11086/click - {}
RESULT: {}
COMMAND: GET /session/86ebb79c72de266112eececc171e51a0/screenshot - {}
RESULT: {}
COMMAND: POST /session/86ebb79c72de266112eececc171e51a0/element - {"using":"xpath","value":"//button[@data-kt=\"saveButton\"]"}
RESULT: {"using":"xpath","value":"//button[@data-kt=\"saveButton\"]"}
COMMAND: POST /session/86ebb79c72de266112eececc171e51a0/element/f.A17C675D496C198C40B93A37572AC0F9.d.AD3E5BEC5ADFBEBCFF3F87C561FC66C3.e.11087/click - {}
RESULT: {}
COMMAND: GET /session/86ebb79c72de266112eececc171e51a0/screenshot - {}
RESULT: {}
COMMAND: POST /session/86ebb79c72de266112eececc171e51a0/element - {"using":"xpath","value":"//span[contains(@id ,\"contractDetailTitleNoExpanded\")]"}
RESULT: {"using":"xpath","value":"//span[contains(@id ,\"contractDetailTitleNoExpanded\")]"}
COMMAND: POST /session/86ebb79c72de266112eececc171e51a0/elements - {"using":"xpath","value":"//span[contains(@id ,\"contractDetailTitleNoExpanded\")]"}
RESULT: {"using":"xpath","value":"//span[contains(@id ,\"contractDetailTitleNoExpanded\")]"}
COMMAND: POST /session/86ebb79c72de266112eececc171e51a0/execute/sync - {"script":"<script> [56 bytes]","args":[{"element-6066-11e4-a52e-4f735466cecf":"f.A17C675D496C198C40B93A37572AC0F9.d.AD3E5BEC5ADFBEBCFF3F87C561FC66C3.e.11097","ELEMENT":"f.A17C675D496C198C40B93A37572AC0F9.d.AD3E5BEC5ADFBEBCFF3F87C561FC66C3.e.11097"}]}
RESULT: {"script":"<script> [56 bytes]","args":[{"element-6066-11e4-a52e-4f735466cecf":"f.A17C675D496C198C40B93A37572AC0F9.d.AD3E5BEC5ADFBEBCFF3F87C561FC66C3.e.11097","ELEMENT":"f.A17C675D496C198C40B93A37572AC0F9.d.AD3E5BEC5ADFBEBCFF3F87C561FC66C3.e.11097"}]}
COMMAND: GET /session/86ebb79c72de266112eececc171e51a0/screenshot - {}
RESULT: {}
]]></system-out>
    </testcase>
    <testcase classname="chrome.136_0_7103_93.windows.Billing_Transfer_-_Intracompany_US127249" name="Should add equipment to the contract" time="46.77">
      <system-out><![CDATA[
COMMAND: POST /session/86ebb79c72de266112eececc171e51a0/element - {"using":"xpath","value":"//button[@data-kt=\"contractDetailEditBtnButton\"]"}
RESULT: {"using":"xpath","value":"//button[@data-kt=\"contractDetailEditBtnButton\"]"}
COMMAND: POST /session/86ebb79c72de266112eececc171e51a0/element/f.A17C675D496C198C40B93A37572AC0F9.d.AD3E5BEC5ADFBEBCFF3F87C561FC66C3.e.11098/click - {}
RESULT: {}
COMMAND: GET /session/86ebb79c72de266112eececc171e51a0/screenshot - {}
RESULT: {}
COMMAND: POST /session/86ebb79c72de266112eececc171e51a0/element - {"using":"xpath","value":"(//span[contains(text(), \"Additional Addresses\")])[2]"}
RESULT: {"using":"xpath","value":"(//span[contains(text(), \"Additional Addresses\")])[2]"}
COMMAND: POST /session/86ebb79c72de266112eececc171e51a0/element/f.A17C675D496C198C40B93A37572AC0F9.d.AD3E5BEC5ADFBEBCFF3F87C561FC66C3.e.11153/click - {}
RESULT: {}
COMMAND: GET /session/86ebb79c72de266112eececc171e51a0/screenshot - {}
RESULT: {}
COMMAND: POST /session/86ebb79c72de266112eececc171e51a0/element - {"using":"xpath","value":"//button[@data-kt=\"btnAddTableRowOverflowToolbarButton\"]"}
RESULT: {"using":"xpath","value":"//button[@data-kt=\"btnAddTableRowOverflowToolbarButton\"]"}
COMMAND: POST /session/86ebb79c72de266112eececc171e51a0/element/f.A17C675D496C198C40B93A37572AC0F9.d.AD3E5BEC5ADFBEBCFF3F87C561FC66C3.e.11156/click - {}
RESULT: {}
COMMAND: GET /session/86ebb79c72de266112eececc171e51a0/screenshot - {}
RESULT: {}
COMMAND: POST /session/86ebb79c72de266112eececc171e51a0/element - {"using":"xpath","value":"//div[(text() = 'Standard Entry' or . = 'Standard Entry')]"}
RESULT: {"using":"xpath","value":"//div[(text() = 'Standard Entry' or . = 'Standard Entry')]"}
COMMAND: POST /session/86ebb79c72de266112eececc171e51a0/element/f.A17C675D496C198C40B93A37572AC0F9.d.AD3E5BEC5ADFBEBCFF3F87C561FC66C3.e.11158/click - {}
RESULT: {}
COMMAND: GET /session/86ebb79c72de266112eececc171e51a0/screenshot - {}
RESULT: {}
COMMAND: POST /session/86ebb79c72de266112eececc171e51a0/element - {"using":"xpath","value":"//td[7]/div/div/input"}
RESULT: {"using":"xpath","value":"//td[7]/div/div/input"}
COMMAND: POST /session/86ebb79c72de266112eececc171e51a0/element/f.A17C675D496C198C40B93A37572AC0F9.d.AD3E5BEC5ADFBEBCFF3F87C561FC66C3.e.11167/clear - {}
RESULT: {}
COMMAND: POST /session/86ebb79c72de266112eececc171e51a0/element/f.A17C675D496C198C40B93A37572AC0F9.d.AD3E5BEC5ADFBEBCFF3F87C561FC66C3.e.11167/value - {"text":"8a0FrDjkbG"}
COMMAND: GET /session/86ebb79c72de266112eececc171e51a0/screenshot - {}
RESULT: {"text":"8a0FrDjkbG"}
COMMAND: GET /session/86ebb79c72de266112eececc171e51a0/screenshot - {}
RESULT: {}
RESULT: {}
COMMAND: POST /session/86ebb79c72de266112eececc171e51a0/actions - {"actions":[{"id":"action41","type":"key","parameters":{},"actions":[{"type":"keyDown","value":""},{"type":"pause","duration":10},{"type":"keyUp","value":""}]}]}
RESULT: {"actions":[{"id":"action41","type":"key","parameters":{},"actions":[{"type":"keyDown","value":""},{"type":"pause","duration":10},{"type":"keyUp","value":""}]}]}
COMMAND: GET /session/86ebb79c72de266112eececc171e51a0/screenshot - {}
COMMAND: POST /session/86ebb79c72de266112eececc171e51a0/execute/sync - {"script":"<script> [276 bytes]","args":["No pricing information was found"]}
RESULT: {}
RESULT: {"script":"<script> [276 bytes]","args":["No pricing information was found"]}
COMMAND: POST /session/86ebb79c72de266112eececc171e51a0/element - {"using":"xpath","value":"(//button[@data-kt=\"saveButton\"])[2]"}
COMMAND: GET /session/86ebb79c72de266112eececc171e51a0/screenshot - {}
RESULT: {"using":"xpath","value":"(//button[@data-kt=\"saveButton\"])[2]"}
COMMAND: POST /session/86ebb79c72de266112eececc171e51a0/element/f.A17C675D496C198C40B93A37572AC0F9.d.AD3E5BEC5ADFBEBCFF3F87C561FC66C3.e.11182/click - {}
RESULT: {}
RESULT: {}
COMMAND: GET /session/86ebb79c72de266112eececc171e51a0/screenshot - {}
RESULT: {}
COMMAND: POST /session/86ebb79c72de266112eececc171e51a0/execute/sync - {"script":"<script> [276 bytes]","args":["Some contract items are having rental validity exceeding header rental validity"]}
RESULT: {"script":"<script> [276 bytes]","args":["Some contract items are having rental validity exceeding header rental validity"]}
COMMAND: GET /session/86ebb79c72de266112eececc171e51a0/screenshot - {}
RESULT: {}
COMMAND: POST /session/86ebb79c72de266112eececc171e51a0/element - {"using":"xpath","value":"//span[contains(@id ,\"contractItemsSmartTable-header-inner\")]"}
RESULT: {"using":"xpath","value":"//span[contains(@id ,\"contractItemsSmartTable-header-inner\")]"}
COMMAND: POST /session/86ebb79c72de266112eececc171e51a0/elements - {"using":"xpath","value":"//span[contains(@id ,\"contractItemsSmartTable-header-inner\")]"}
RESULT: {"using":"xpath","value":"//span[contains(@id ,\"contractItemsSmartTable-header-inner\")]"}
COMMAND: POST /session/86ebb79c72de266112eececc171e51a0/execute/sync - {"script":"<script> [56 bytes]","args":[{"element-6066-11e4-a52e-4f735466cecf":"f.A17C675D496C198C40B93A37572AC0F9.d.AD3E5BEC5ADFBEBCFF3F87C561FC66C3.e.11188","ELEMENT":"f.A17C675D496C198C40B93A37572AC0F9.d.AD3E5BEC5ADFBEBCFF3F87C561FC66C3.e.11188"}]}
RESULT: {"script":"<script> [56 bytes]","args":[{"element-6066-11e4-a52e-4f735466cecf":"f.A17C675D496C198C40B93A37572AC0F9.d.AD3E5BEC5ADFBEBCFF3F87C561FC66C3.e.11188","ELEMENT":"f.A17C675D496C198C40B93A37572AC0F9.d.AD3E5BEC5ADFBEBCFF3F87C561FC66C3.e.11188"}]}
]]></system-out>
    </testcase>
    <testcase classname="chrome.136_0_7103_93.windows.Billing_Transfer_-_Intracompany_US127249" name="Should do a provide to site handover" time="71.125">
      <system-out><![CDATA[
COMMAND: GET /session/86ebb79c72de266112eececc171e51a0/screenshot - {}
COMMAND: POST /session/86ebb79c72de266112eececc171e51a0/element - {"using":"xpath","value":"//button[@data-kt=\"provideButton\"]"}
RESULT: {}
RESULT: {"using":"xpath","value":"//button[@data-kt=\"provideButton\"]"}
COMMAND: POST /session/86ebb79c72de266112eececc171e51a0/element/f.A17C675D496C198C40B93A37572AC0F9.d.AD3E5BEC5ADFBEBCFF3F87C561FC66C3.e.11189/click - {}
RESULT: {}
COMMAND: GET /session/86ebb79c72de266112eececc171e51a0/screenshot - {}
RESULT: undefined
COMMAND: POST /session/86ebb79c72de266112eececc171e51a0/execute/async - {"script":"<script> [6424 bytes]","args":[{"element-6066-11e4-a52e-4f735466cecf":"f.A17C675D496C198C40B93A37572AC0F9.d.AD3E5BEC5ADFBEBCFF3F87C561FC66C3.e.10251"},"setValue",["5/21/25"]]}
RESULT: {}
COMMAND: POST /session/86ebb79c72de266112eececc171e51a0/execute/async - {"script":"<script> [1562 bytes]","args":[{"selector":{"id":"application-managehandovers-display-component---AddNewHO--dueDate","interaction":{"idSuffix":"inner"}},"wdio_ui5_key":"applicationmanagehandovers-display-component---AddNewHO--dueDate"}]}
RESULT: {"script":"<script> [1562 bytes]","args":[{"selector":{"id":"application-managehandovers-display-component---AddNewHO--dueDate","interaction":{"idSuffix":"inner"}},"wdio_ui5_key":"applicationmanagehandovers-display-component---AddNewHO--dueDate"}]}
COMMAND: POST /session/86ebb79c72de266112eececc171e51a0/execute/async - {"script":"<script> [6424 bytes]","args":[{"element-6066-11e4-a52e-4f735466cecf":"f.A17C675D496C198C40B93A37572AC0F9.d.AD3E5BEC5ADFBEBCFF3F87C561FC66C3.e.11265"},"setValue",["5/21/25"]]}
RESULT: {"script":"<script> [6424 bytes]","args":[{"element-6066-11e4-a52e-4f735466cecf":"f.A17C675D496C198C40B93A37572AC0F9.d.AD3E5BEC5ADFBEBCFF3F87C561FC66C3.e.11265"},"setValue",["5/21/25"]]}
COMMAND: POST /session/86ebb79c72de266112eececc171e51a0/element - {"using":"xpath","value":"//bdi[contains(text(), \"Instructions\")]"}
RESULT: {"using":"xpath","value":"//bdi[contains(text(), \"Instructions\")]"}
COMMAND: POST /session/86ebb79c72de266112eececc171e51a0/element/f.A17C675D496C198C40B93A37572AC0F9.d.AD3E5BEC5ADFBEBCFF3F87C561FC66C3.e.11505/click - {}
RESULT: {}
COMMAND: GET /session/86ebb79c72de266112eececc171e51a0/screenshot - {}
RESULT: {}
COMMAND: POST /session/86ebb79c72de266112eececc171e51a0/element - {"using":"xpath","value":"//button[@data-kt=\"AddNewHOProvideAddItemsButton\"]"}
RESULT: {"using":"xpath","value":"//button[@data-kt=\"AddNewHOProvideAddItemsButton\"]"}
COMMAND: POST /session/86ebb79c72de266112eececc171e51a0/element/f.A17C675D496C198C40B93A37572AC0F9.d.AD3E5BEC5ADFBEBCFF3F87C561FC66C3.e.11509/click - {}
RESULT: {}
COMMAND: GET /session/86ebb79c72de266112eececc171e51a0/screenshot - {}
RESULT: {}
RESULT: undefined
COMMAND: POST /session/86ebb79c72de266112eececc171e51a0/element - {"using":"xpath","value":"//*[@id=\"application-managehandovers-display-component---AddNewHO--popup-sa\"]"}
RESULT: {"using":"xpath","value":"//*[@id=\"application-managehandovers-display-component---AddNewHO--popup-sa\"]"}
COMMAND: POST /session/86ebb79c72de266112eececc171e51a0/element/f.A17C675D496C198C40B93A37572AC0F9.d.AD3E5BEC5ADFBEBCFF3F87C561FC66C3.e.11524/click - {}
RESULT: {}
COMMAND: GET /session/86ebb79c72de266112eececc171e51a0/screenshot - {}
RESULT: {}
COMMAND: POST /session/86ebb79c72de266112eececc171e51a0/element - {"using":"xpath","value":"//*[contains(@id ,\"BDI-content\")][contains(text(), \"Select\")]"}
RESULT: {"using":"xpath","value":"//*[contains(@id ,\"BDI-content\")][contains(text(), \"Select\")]"}
COMMAND: POST /session/86ebb79c72de266112eececc171e51a0/element/f.A17C675D496C198C40B93A37572AC0F9.d.AD3E5BEC5ADFBEBCFF3F87C561FC66C3.e.11526/click - {}
RESULT: {}
COMMAND: GET /session/86ebb79c72de266112eececc171e51a0/screenshot - {}
RESULT: {}
COMMAND: POST /session/86ebb79c72de266112eececc171e51a0/execute/async - {"script":"<script> [1562 bytes]","args":[{"selector":{"id":"application-managehandovers-display-component---AddNewHO--confirmCreationButton","interaction":{"idSuffix":"BDI-content"}},"wdio_ui5_key":"applicationmanagehandovers-display-component---AddNewHO--confirmCreationButton"}]}
RESULT: {"script":"<script> [1562 bytes]","args":[{"selector":{"id":"application-managehandovers-display-component---AddNewHO--confirmCreationButton","interaction":{"idSuffix":"BDI-content"}},"wdio_ui5_key":"applicationmanagehandovers-display-component---AddNewHO--confirmCreationButton"}]}
RESULT: undefined
COMMAND: POST /session/86ebb79c72de266112eececc171e51a0/element - {"using":"xpath","value":"//*[@id=\"application-managehandovers-display-component---AddNewHO--confirmCreationButton\"]"}
RESULT: {"using":"xpath","value":"//*[@id=\"application-managehandovers-display-component---AddNewHO--confirmCreationButton\"]"}
COMMAND: POST /session/86ebb79c72de266112eececc171e51a0/element/f.A17C675D496C198C40B93A37572AC0F9.d.AD3E5BEC5ADFBEBCFF3F87C561FC66C3.e.11311/click - {}
RESULT: {}
COMMAND: GET /session/86ebb79c72de266112eececc171e51a0/screenshot - {}
RESULT: {}
COMMAND: POST /session/86ebb79c72de266112eececc171e51a0/execute/async - {"script":"<script> [1562 bytes]","args":[{"selector":{"id":"issueDatePicker","viewName":"etm.portal.ui.managehandovers.view.DetailExecuteHO","interaction":{"idSuffix":"inner"}},"wdio_ui5_key":"issueDatePickeretmportal.ui.managehandovers.view.DetailExecuteHO"}]}
RESULT: {"script":"<script> [1562 bytes]","args":[{"selector":{"id":"issueDatePicker","viewName":"etm.portal.ui.managehandovers.view.DetailExecuteHO","interaction":{"idSuffix":"inner"}},"wdio_ui5_key":"issueDatePickeretmportal.ui.managehandovers.view.DetailExecuteHO"}]}
RESULT: undefined
COMMAND: POST /session/86ebb79c72de266112eececc171e51a0/execute/async - {"script":"<script> [776 bytes]","args":[{"enterText":"5/21/25","selector":{"id":"issueDatePicker","viewName":"etm.portal.ui.managehandovers.view.DetailExecuteHO","interaction":{"idSuffix":"inner"}},"clearTextFirst":true,"interactionType":"ENTER_TEXT"}]}
RESULT: {"script":"<script> [776 bytes]","args":[{"enterText":"5/21/25","selector":{"id":"issueDatePicker","viewName":"etm.portal.ui.managehandovers.view.DetailExecuteHO","interaction":{"idSuffix":"inner"}},"clearTextFirst":true,"interactionType":"ENTER_TEXT"}]}
COMMAND: POST /session/86ebb79c72de266112eececc171e51a0/element - {"using":"xpath","value":"//bdi[contains(text(), \"OK\")]"}
RESULT: {"using":"xpath","value":"//bdi[contains(text(), \"OK\")]"}
COMMAND: POST /session/86ebb79c72de266112eececc171e51a0/element/f.A17C675D496C198C40B93A37572AC0F9.d.AD3E5BEC5ADFBEBCFF3F87C561FC66C3.e.11575/click - {}
RESULT: {}
COMMAND: GET /session/86ebb79c72de266112eececc171e51a0/screenshot - {}
RESULT: {}
COMMAND: POST /session/86ebb79c72de266112eececc171e51a0/element - {"using":"xpath","value":"//button[@data-kt=\"PickingTableConfirmAllButton\"]"}
RESULT: {"using":"xpath","value":"//button[@data-kt=\"PickingTableConfirmAllButton\"]"}
COMMAND: POST /session/86ebb79c72de266112eececc171e51a0/element/f.A17C675D496C198C40B93A37572AC0F9.d.AD3E5BEC5ADFBEBCFF3F87C561FC66C3.e.11583/click - {}
RESULT: {}
COMMAND: GET /session/86ebb79c72de266112eececc171e51a0/screenshot - {}
RESULT: {}
COMMAND: POST /session/86ebb79c72de266112eececc171e51a0/element - {"using":"xpath","value":"//bdi[contains(text(), \"OK\")]"}
RESULT: {"using":"xpath","value":"//bdi[contains(text(), \"OK\")]"}
COMMAND: POST /session/86ebb79c72de266112eececc171e51a0/element/f.A17C675D496C198C40B93A37572AC0F9.d.AD3E5BEC5ADFBEBCFF3F87C561FC66C3.e.11586/click - {}
RESULT: {}
COMMAND: GET /session/86ebb79c72de266112eececc171e51a0/screenshot - {}
RESULT: {}
COMMAND: POST /session/86ebb79c72de266112eececc171e51a0/element - {"using":"xpath","value":"//bdi[contains(text(), \"Issue\")]"}
RESULT: {"using":"xpath","value":"//bdi[contains(text(), \"Issue\")]"}
COMMAND: POST /session/86ebb79c72de266112eececc171e51a0/element/f.A17C675D496C198C40B93A37572AC0F9.d.AD3E5BEC5ADFBEBCFF3F87C561FC66C3.e.11588/click - {}
RESULT: {}
COMMAND: GET /session/86ebb79c72de266112eececc171e51a0/screenshot - {}
RESULT: {}
COMMAND: POST /session/86ebb79c72de266112eececc171e51a0/element - {"using":"css selector","value":"#shell-header-logo"}
RESULT: {"using":"css selector","value":"#shell-header-logo"}
COMMAND: POST /session/86ebb79c72de266112eececc171e51a0/element/f.A17C675D496C198C40B93A37572AC0F9.d.AD3E5BEC5ADFBEBCFF3F87C561FC66C3.e.10647/click - {}
RESULT: {}
COMMAND: GET /session/86ebb79c72de266112eececc171e51a0/screenshot - {}
RESULT: {}
]]></system-out>
    </testcase>
    <testcase classname="chrome.136_0_7103_93.windows.Billing_Transfer_-_Intracompany_US127249" name="Should go navigate to Manage Billings and trigger contract calculation check result" time="71.396">
      <system-out><![CDATA[
COMMAND: POST /session/86ebb79c72de266112eececc171e51a0/execute/async - {"script":"<script> [1562 bytes]","args":[{"selector":{"controlType":"sap.m.GenericTile","properties":{"header":"Manage Billings"}},"wdio_ui5_key":"sapm.GenericTile{\"header\":\"Manage Billings\"}"}]}
RESULT: {"script":"<script> [1562 bytes]","args":[{"selector":{"controlType":"sap.m.GenericTile","properties":{"header":"Manage Billings"}},"wdio_ui5_key":"sapm.GenericTile{\"header\":\"Manage Billings\"}"}]}
RESULT: undefined
COMMAND: POST /session/86ebb79c72de266112eececc171e51a0/element - {"using":"xpath","value":"//*[@id=\"__tile51\"]"}
RESULT: {"using":"xpath","value":"//*[@id=\"__tile51\"]"}
COMMAND: POST /session/86ebb79c72de266112eececc171e51a0/element/f.A17C675D496C198C40B93A37572AC0F9.d.AD3E5BEC5ADFBEBCFF3F87C561FC66C3.e.6457/click - {}
RESULT: {}
COMMAND: GET /session/86ebb79c72de266112eececc171e51a0/screenshot - {}
RESULT: {}
COMMAND: POST /session/86ebb79c72de266112eececc171e51a0/elements - {"using":"xpath","value":"//span[text()='Error']"}
RESULT: {"using":"xpath","value":"//span[text()='Error']"}
COMMAND: POST /session/86ebb79c72de266112eececc171e51a0/execute/async - {"script":"<script> [1562 bytes]","args":[{"selector":{"id":"application-managebillings-display-component---billRunCalcResult--smartFilterBar-btnBasicSearch","interaction":{"idSuffix":"I"}},"wdio_ui5_key":"applicationmanagebillings-display-component---billRunCalcResult--smartFilterBar-btnBasicSearch"}]}
RESULT: {"script":"<script> [1562 bytes]","args":[{"selector":{"id":"application-managebillings-display-component---billRunCalcResult--smartFilterBar-btnBasicSearch","interaction":{"idSuffix":"I"}},"wdio_ui5_key":"applicationmanagebillings-display-component---billRunCalcResult--smartFilterBar-btnBasicSearch"}]}
RESULT: undefined
COMMAND: POST /session/86ebb79c72de266112eececc171e51a0/execute/async - {"script":"<script> [776 bytes]","args":[{"enterText":"10485","selector":{"id":"application-managebillings-display-component---billRunCalcResult--smartFilterBar-btnBasicSearch","interaction":{"idSuffix":"I"}},"clearTextFirst":true,"interactionType":"ENTER_TEXT"}]}
RESULT: {"script":"<script> [776 bytes]","args":[{"enterText":"10485","selector":{"id":"application-managebillings-display-component---billRunCalcResult--smartFilterBar-btnBasicSearch","interaction":{"idSuffix":"I"}},"clearTextFirst":true,"interactionType":"ENTER_TEXT"}]}
COMMAND: POST /session/86ebb79c72de266112eececc171e51a0/actions - {"actions":[{"id":"action42","type":"key","parameters":{},"actions":[{"type":"keyDown","value":""},{"type":"pause","duration":10},{"type":"keyUp","value":""}]}]}
RESULT: {"actions":[{"id":"action42","type":"key","parameters":{},"actions":[{"type":"keyDown","value":""},{"type":"pause","duration":10},{"type":"keyUp","value":""}]}]}
COMMAND: GET /session/86ebb79c72de266112eececc171e51a0/screenshot - {}
RESULT: {}
COMMAND: POST /session/86ebb79c72de266112eececc171e51a0/element - {"using":"xpath","value":"//td[@aria-colindex=\"1\"]/div/div[contains(@class, \"sapMCbBg\")]"}
RESULT: {"using":"xpath","value":"//td[@aria-colindex=\"1\"]/div/div[contains(@class, \"sapMCbBg\")]"}
COMMAND: POST /session/86ebb79c72de266112eececc171e51a0/element/f.A17C675D496C198C40B93A37572AC0F9.d.AD3E5BEC5ADFBEBCFF3F87C561FC66C3.e.11978/click - {}
RESULT: {}
COMMAND: GET /session/86ebb79c72de266112eececc171e51a0/screenshot - {}
RESULT: {}
COMMAND: POST /session/86ebb79c72de266112eececc171e51a0/execute/async - {"script":"<script> [1562 bytes]","args":[{"selector":{"id":"application-managebillings-display-component---billRunCalcResult--contractBillRunDate","interaction":{"idSuffix":"inner"}},"wdio_ui5_key":"applicationmanagebillings-display-component---billRunCalcResult--contractBillRunDate"}]}
RESULT: {"script":"<script> [1562 bytes]","args":[{"selector":{"id":"application-managebillings-display-component---billRunCalcResult--contractBillRunDate","interaction":{"idSuffix":"inner"}},"wdio_ui5_key":"applicationmanagebillings-display-component---billRunCalcResult--contractBillRunDate"}]}
RESULT: undefined
COMMAND: POST /session/86ebb79c72de266112eececc171e51a0/execute/async - {"script":"<script> [776 bytes]","args":[{"enterText":"5/21/25","selector":{"id":"application-managebillings-display-component---billRunCalcResult--contractBillRunDate","interaction":{"idSuffix":"inner"}},"clearTextFirst":true,"interactionType":"ENTER_TEXT"}]}
RESULT: {"script":"<script> [776 bytes]","args":[{"enterText":"5/21/25","selector":{"id":"application-managebillings-display-component---billRunCalcResult--contractBillRunDate","interaction":{"idSuffix":"inner"}},"clearTextFirst":true,"interactionType":"ENTER_TEXT"}]}
COMMAND: POST /session/86ebb79c72de266112eececc171e51a0/element - {"using":"xpath","value":"//bdi[contains(text(), \"Trigger Calculation\")]"}
RESULT: {"using":"xpath","value":"//bdi[contains(text(), \"Trigger Calculation\")]"}
COMMAND: POST /session/86ebb79c72de266112eececc171e51a0/element/f.A17C675D496C198C40B93A37572AC0F9.d.AD3E5BEC5ADFBEBCFF3F87C561FC66C3.e.12029/click - {}
RESULT: {}
COMMAND: GET /session/86ebb79c72de266112eececc171e51a0/screenshot - {}
RESULT: {}
COMMAND: POST /session/86ebb79c72de266112eececc171e51a0/element - {"using":"xpath","value":"(//span[contains(@id, \"imgNav\")])[1]"}
RESULT: {"using":"xpath","value":"(//span[contains(@id, \"imgNav\")])[1]"}
COMMAND: POST /session/86ebb79c72de266112eececc171e51a0/element/f.A17C675D496C198C40B93A37572AC0F9.d.AD3E5BEC5ADFBEBCFF3F87C561FC66C3.e.11979/click - {}
RESULT: {}
COMMAND: GET /session/86ebb79c72de266112eececc171e51a0/screenshot - {}
RESULT: {}
COMMAND: POST /session/86ebb79c72de266112eececc171e51a0/element - {"using":"xpath","value":"//tr/td[6]/div[1]/span[1]/span[1]"}
RESULT: {"using":"xpath","value":"//tr/td[6]/div[1]/span[1]/span[1]"}
COMMAND: GET /session/86ebb79c72de266112eececc171e51a0/element/f.A17C675D496C198C40B93A37572AC0F9.d.AD3E5BEC5ADFBEBCFF3F87C561FC66C3.e.12034/text - {}
RESULT: {}
COMMAND: POST /session/86ebb79c72de266112eececc171e51a0/element - {"using":"xpath","value":"(//span[contains(@id, \"imgNav\")])[2]"}
RESULT: {"using":"xpath","value":"(//span[contains(@id, \"imgNav\")])[2]"}
COMMAND: POST /session/86ebb79c72de266112eececc171e51a0/element/f.A17C675D496C198C40B93A37572AC0F9.d.AD3E5BEC5ADFBEBCFF3F87C561FC66C3.e.12035/click - {}
RESULT: {}
COMMAND: POST /session/86ebb79c72de266112eececc171e51a0/element - {"using":"xpath","value":"//bdi[contains(text(), \"Business Confirm\")]"}
COMMAND: GET /session/86ebb79c72de266112eececc171e51a0/screenshot - {}
RESULT: {"using":"xpath","value":"//bdi[contains(text(), \"Business Confirm\")]"}
COMMAND: POST /session/86ebb79c72de266112eececc171e51a0/elements - {"using":"xpath","value":"//bdi[contains(text(), \"Business Confirm\")]"}
RESULT: {}
RESULT: {"using":"xpath","value":"//bdi[contains(text(), \"Business Confirm\")]"}
COMMAND: POST /session/86ebb79c72de266112eececc171e51a0/elements - {"using":"xpath","value":"//bdi[contains(text(), \"Business Confirm\")]"}
RESULT: {"using":"xpath","value":"//bdi[contains(text(), \"Business Confirm\")]"}
COMMAND: POST /session/86ebb79c72de266112eececc171e51a0/element - {"using":"xpath","value":"//bdi[contains(text(), \"Business Confirm\")]"}
RESULT: {"using":"xpath","value":"//bdi[contains(text(), \"Business Confirm\")]"}
COMMAND: POST /session/86ebb79c72de266112eececc171e51a0/element/f.A17C675D496C198C40B93A37572AC0F9.d.AD3E5BEC5ADFBEBCFF3F87C561FC66C3.e.12038/click - {}
COMMAND: POST /session/86ebb79c72de266112eececc171e51a0/element - {"using":"xpath","value":"//bdi[contains(text(), \"Business Confirm\")]"}
RESULT: {"using":"xpath","value":"//bdi[contains(text(), \"Business Confirm\")]"}
COMMAND: POST /session/86ebb79c72de266112eececc171e51a0/element/f.A17C675D496C198C40B93A37572AC0F9.d.AD3E5BEC5ADFBEBCFF3F87C561FC66C3.e.12038/click - {}
COMMAND: POST /session/86ebb79c72de266112eececc171e51a0/element - {"using":"xpath","value":"//bdi[contains(text(), \"Business Confirm\")]"}
RESULT: {"using":"xpath","value":"//bdi[contains(text(), \"Business Confirm\")]"}
COMMAND: POST /session/86ebb79c72de266112eececc171e51a0/element/f.A17C675D496C198C40B93A37572AC0F9.d.AD3E5BEC5ADFBEBCFF3F87C561FC66C3.e.12074/click - {}
RESULT: {}
COMMAND: POST /session/86ebb79c72de266112eececc171e51a0/element - {"using":"css selector","value":"#shell-header-logo"}
COMMAND: GET /session/86ebb79c72de266112eececc171e51a0/screenshot - {}
RESULT: {"using":"css selector","value":"#shell-header-logo"}
COMMAND: POST /session/86ebb79c72de266112eececc171e51a0/element/f.A17C675D496C198C40B93A37572AC0F9.d.AD3E5BEC5ADFBEBCFF3F87C561FC66C3.e.11768/click - {}
RESULT: {}
RESULT: {}
COMMAND: GET /session/86ebb79c72de266112eececc171e51a0/screenshot - {}
RESULT: {}
]]></system-out>
    </testcase>
    <testcase classname="chrome.136_0_7103_93.windows.Billing_Transfer_-_Intracompany_US127249" name="Should navigate to billing transfer and invoice the contract" time="77.606">
      <system-out><![CDATA[
COMMAND: POST /session/86ebb79c72de266112eececc171e51a0/execute/async - {"script":"<script> [1562 bytes]","args":[{"selector":{"controlType":"sap.m.GenericTile","properties":{"header":"Billing Transfer"}},"wdio_ui5_key":"sapm.GenericTile{\"header\":\"Billing Transfer\"}"}]}
RESULT: {"script":"<script> [1562 bytes]","args":[{"selector":{"controlType":"sap.m.GenericTile","properties":{"header":"Billing Transfer"}},"wdio_ui5_key":"sapm.GenericTile{\"header\":\"Billing Transfer\"}"}]}
RESULT: undefined
COMMAND: POST /session/86ebb79c72de266112eececc171e51a0/element - {"using":"xpath","value":"//*[@id=\"__tile50\"]"}
RESULT: {"using":"xpath","value":"//*[@id=\"__tile50\"]"}
COMMAND: POST /session/86ebb79c72de266112eececc171e51a0/element/f.A17C675D496C198C40B93A37572AC0F9.d.AD3E5BEC5ADFBEBCFF3F87C561FC66C3.e.6455/click - {}
RESULT: {}
COMMAND: GET /session/86ebb79c72de266112eececc171e51a0/screenshot - {}
RESULT: {}
COMMAND: POST /session/86ebb79c72de266112eececc171e51a0/elements - {"using":"xpath","value":"//span[text()='Error']"}
RESULT: {"using":"xpath","value":"//span[text()='Error']"}
COMMAND: POST /session/86ebb79c72de266112eececc171e51a0/element - {"using":"xpath","value":"//input[contains(@id ,\"application-billingtransfer-display-component---billingWorkbench--smartFilterBar-btnBasicSearch\")]"}
RESULT: {"using":"xpath","value":"//input[contains(@id ,\"application-billingtransfer-display-component---billingWorkbench--smartFilterBar-btnBasicSearch\")]"}
COMMAND: POST /session/86ebb79c72de266112eececc171e51a0/elements - {"using":"xpath","value":"//input[contains(@id ,\"application-billingtransfer-display-component---billingWorkbench--smartFilterBar-btnBasicSearch\")]"}
RESULT: {"using":"xpath","value":"//input[contains(@id ,\"application-billingtransfer-display-component---billingWorkbench--smartFilterBar-btnBasicSearch\")]"}
COMMAND: POST /session/86ebb79c72de266112eececc171e51a0/execute/sync - {"script":"<script> [8489 bytes]","args":[{"element-6066-11e4-a52e-4f735466cecf":"f.A17C675D496C198C40B93A37572AC0F9.d.AD3E5BEC5ADFBEBCFF3F87C561FC66C3.e.12108","ELEMENT":"f.A17C675D496C198C40B93A37572AC0F9.d.AD3E5BEC5ADFBEBCFF3F87C561FC66C3.e.12108"}]}
RESULT: {"script":"<script> [8489 bytes]","args":[{"element-6066-11e4-a52e-4f735466cecf":"f.A17C675D496C198C40B93A37572AC0F9.d.AD3E5BEC5ADFBEBCFF3F87C561FC66C3.e.12108","ELEMENT":"f.A17C675D496C198C40B93A37572AC0F9.d.AD3E5BEC5ADFBEBCFF3F87C561FC66C3.e.12108"}]}
COMMAND: GET /session/86ebb79c72de266112eececc171e51a0/element/f.A17C675D496C198C40B93A37572AC0F9.d.AD3E5BEC5ADFBEBCFF3F87C561FC66C3.e.12108/enabled - {}
COMMAND: GET /session/86ebb79c72de266112eececc171e51a0/screenshot - {}
RESULT: {}
COMMAND: POST /session/86ebb79c72de266112eececc171e51a0/element/f.A17C675D496C198C40B93A37572AC0F9.d.AD3E5BEC5ADFBEBCFF3F87C561FC66C3.e.12108/click - {}
COMMAND: GET /session/86ebb79c72de266112eececc171e51a0/screenshot - {}
RESULT: {}
RESULT: {}
COMMAND: GET /session/86ebb79c72de266112eececc171e51a0/screenshot - {}
RESULT: {}
RESULT: {}
COMMAND: POST /session/86ebb79c72de266112eececc171e51a0/element/f.A17C675D496C198C40B93A37572AC0F9.d.AD3E5BEC5ADFBEBCFF3F87C561FC66C3.e.12108/clear - {}
RESULT: {}
COMMAND: POST /session/86ebb79c72de266112eececc171e51a0/element/f.A17C675D496C198C40B93A37572AC0F9.d.AD3E5BEC5ADFBEBCFF3F87C561FC66C3.e.12108/value - {"text":"10485"}
COMMAND: GET /session/86ebb79c72de266112eececc171e51a0/screenshot - {}
RESULT: {"text":"10485"}
COMMAND: POST /session/86ebb79c72de266112eececc171e51a0/actions - {"actions":[{"id":"action43","type":"key","parameters":{},"actions":[{"type":"keyDown","value":""},{"type":"pause","duration":10},{"type":"keyUp","value":""}]}]}
COMMAND: GET /session/86ebb79c72de266112eececc171e51a0/screenshot - {}
RESULT: {}
RESULT: {"actions":[{"id":"action43","type":"key","parameters":{},"actions":[{"type":"keyDown","value":""},{"type":"pause","duration":10},{"type":"keyUp","value":""}]}]}
COMMAND: GET /session/86ebb79c72de266112eececc171e51a0/screenshot - {}
RESULT: {}
RESULT: {}
COMMAND: POST /session/86ebb79c72de266112eececc171e51a0/element - {"using":"xpath","value":"//span[contains(@id ,\"application-billingtransfer-display-component---billingWorkbench--smartTableBillingRuns-header-inner\")]"}
RESULT: {"using":"xpath","value":"//span[contains(@id ,\"application-billingtransfer-display-component---billingWorkbench--smartTableBillingRuns-header-inner\")]"}
COMMAND: POST /session/86ebb79c72de266112eececc171e51a0/elements - {"using":"xpath","value":"//span[contains(@id ,\"application-billingtransfer-display-component---billingWorkbench--smartTableBillingRuns-header-inner\")]"}
RESULT: {"using":"xpath","value":"//span[contains(@id ,\"application-billingtransfer-display-component---billingWorkbench--smartTableBillingRuns-header-inner\")]"}
COMMAND: POST /session/86ebb79c72de266112eececc171e51a0/execute/sync - {"script":"<script> [56 bytes]","args":[{"element-6066-11e4-a52e-4f735466cecf":"f.A17C675D496C198C40B93A37572AC0F9.d.AD3E5BEC5ADFBEBCFF3F87C561FC66C3.e.12252","ELEMENT":"f.A17C675D496C198C40B93A37572AC0F9.d.AD3E5BEC5ADFBEBCFF3F87C561FC66C3.e.12252"}]}
RESULT: {"script":"<script> [56 bytes]","args":[{"element-6066-11e4-a52e-4f735466cecf":"f.A17C675D496C198C40B93A37572AC0F9.d.AD3E5BEC5ADFBEBCFF3F87C561FC66C3.e.12252","ELEMENT":"f.A17C675D496C198C40B93A37572AC0F9.d.AD3E5BEC5ADFBEBCFF3F87C561FC66C3.e.12252"}]}
COMMAND: POST /session/86ebb79c72de266112eececc171e51a0/element - {"using":"xpath","value":"//td[@aria-colindex=\"1\"]/div/div[contains(@class, \"sapMCbBg\")]"}
COMMAND: GET /session/86ebb79c72de266112eececc171e51a0/screenshot - {}
RESULT: {"using":"xpath","value":"//td[@aria-colindex=\"1\"]/div/div[contains(@class, \"sapMCbBg\")]"}
COMMAND: POST /session/86ebb79c72de266112eececc171e51a0/element/f.A17C675D496C198C40B93A37572AC0F9.d.AD3E5BEC5ADFBEBCFF3F87C561FC66C3.e.12245/click - {}
RESULT: {}
RESULT: {}
COMMAND: GET /session/86ebb79c72de266112eececc171e51a0/screenshot - {}
RESULT: {}
COMMAND: POST /session/86ebb79c72de266112eececc171e51a0/element - {"using":"xpath","value":"//bdi[contains(text(), \"Check\")]"}
RESULT: {"using":"xpath","value":"//bdi[contains(text(), \"Check\")]"}
COMMAND: POST /session/86ebb79c72de266112eececc171e51a0/element/f.A17C675D496C198C40B93A37572AC0F9.d.AD3E5BEC5ADFBEBCFF3F87C561FC66C3.e.12253/click - {}
RESULT: {}
COMMAND: GET /session/86ebb79c72de266112eececc171e51a0/screenshot - {}
RESULT: {}
COMMAND: POST /session/86ebb79c72de266112eececc171e51a0/element - {"using":"xpath","value":"//bdi[contains(text(), \"OK\")]"}
RESULT: {"using":"xpath","value":"//bdi[contains(text(), \"OK\")]"}
COMMAND: POST /session/86ebb79c72de266112eececc171e51a0/element/f.A17C675D496C198C40B93A37572AC0F9.d.AD3E5BEC5ADFBEBCFF3F87C561FC66C3.e.12256/click - {}
RESULT: {}
COMMAND: GET /session/86ebb79c72de266112eececc171e51a0/screenshot - {}
RESULT: {}
COMMAND: POST /session/86ebb79c72de266112eececc171e51a0/element - {"using":"xpath","value":"(//span[contains(text(), \"CO/SD checked\")]/parent::div/preceding-sibling::div/span)[1]"}
RESULT: {"using":"xpath","value":"(//span[contains(text(), \"CO/SD checked\")]/parent::div/preceding-sibling::div/span)[1]"}
COMMAND: POST /session/86ebb79c72de266112eececc171e51a0/element/f.A17C675D496C198C40B93A37572AC0F9.d.AD3E5BEC5ADFBEBCFF3F87C561FC66C3.e.12258/click - {}
RESULT: {}
COMMAND: GET /session/86ebb79c72de266112eececc171e51a0/screenshot - {}
RESULT: {}
COMMAND: POST /session/86ebb79c72de266112eececc171e51a0/element - {"using":"xpath","value":"//input[contains(@id ,\"application-billingtransfer-display-component---billingWorkbench--smartFilterBar-btnBasicSearch\")]"}
RESULT: {"using":"xpath","value":"//input[contains(@id ,\"application-billingtransfer-display-component---billingWorkbench--smartFilterBar-btnBasicSearch\")]"}
COMMAND: POST /session/86ebb79c72de266112eececc171e51a0/elements - {"using":"xpath","value":"//input[contains(@id ,\"application-billingtransfer-display-component---billingWorkbench--smartFilterBar-btnBasicSearch\")]"}
RESULT: {"using":"xpath","value":"//input[contains(@id ,\"application-billingtransfer-display-component---billingWorkbench--smartFilterBar-btnBasicSearch\")]"}
COMMAND: POST /session/86ebb79c72de266112eececc171e51a0/execute/sync - {"script":"<script> [8489 bytes]","args":[{"element-6066-11e4-a52e-4f735466cecf":"f.A17C675D496C198C40B93A37572AC0F9.d.AD3E5BEC5ADFBEBCFF3F87C561FC66C3.e.12108","ELEMENT":"f.A17C675D496C198C40B93A37572AC0F9.d.AD3E5BEC5ADFBEBCFF3F87C561FC66C3.e.12108"}]}
RESULT: {"script":"<script> [8489 bytes]","args":[{"element-6066-11e4-a52e-4f735466cecf":"f.A17C675D496C198C40B93A37572AC0F9.d.AD3E5BEC5ADFBEBCFF3F87C561FC66C3.e.12108","ELEMENT":"f.A17C675D496C198C40B93A37572AC0F9.d.AD3E5BEC5ADFBEBCFF3F87C561FC66C3.e.12108"}]}
COMMAND: GET /session/86ebb79c72de266112eececc171e51a0/element/f.A17C675D496C198C40B93A37572AC0F9.d.AD3E5BEC5ADFBEBCFF3F87C561FC66C3.e.12108/enabled - {}
COMMAND: GET /session/86ebb79c72de266112eececc171e51a0/screenshot - {}
RESULT: {}
COMMAND: POST /session/86ebb79c72de266112eececc171e51a0/element/f.A17C675D496C198C40B93A37572AC0F9.d.AD3E5BEC5ADFBEBCFF3F87C561FC66C3.e.12108/click - {}
COMMAND: GET /session/86ebb79c72de266112eececc171e51a0/screenshot - {}
RESULT: {}
RESULT: {}
COMMAND: GET /session/86ebb79c72de266112eececc171e51a0/screenshot - {}
RESULT: {}
RESULT: {}
COMMAND: POST /session/86ebb79c72de266112eececc171e51a0/element/f.A17C675D496C198C40B93A37572AC0F9.d.AD3E5BEC5ADFBEBCFF3F87C561FC66C3.e.12108/clear - {}
RESULT: {}
COMMAND: POST /session/86ebb79c72de266112eececc171e51a0/element/f.A17C675D496C198C40B93A37572AC0F9.d.AD3E5BEC5ADFBEBCFF3F87C561FC66C3.e.12108/value - {"text":"10485"}
COMMAND: GET /session/86ebb79c72de266112eececc171e51a0/screenshot - {}
RESULT: {"text":"10485"}
COMMAND: POST /session/86ebb79c72de266112eececc171e51a0/actions - {"actions":[{"id":"action44","type":"key","parameters":{},"actions":[{"type":"keyDown","value":""},{"type":"pause","duration":10},{"type":"keyUp","value":""}]}]}
COMMAND: GET /session/86ebb79c72de266112eececc171e51a0/screenshot - {}
RESULT: {}
RESULT: {"actions":[{"id":"action44","type":"key","parameters":{},"actions":[{"type":"keyDown","value":""},{"type":"pause","duration":10},{"type":"keyUp","value":""}]}]}
COMMAND: GET /session/86ebb79c72de266112eececc171e51a0/screenshot - {}
RESULT: {}
RESULT: {}
COMMAND: POST /session/86ebb79c72de266112eececc171e51a0/element - {"using":"xpath","value":"//span[contains(@id ,\"application-billingtransfer-display-component---billingWorkbench--smartTableBillingRuns-header-inner\")]"}
RESULT: {"using":"xpath","value":"//span[contains(@id ,\"application-billingtransfer-display-component---billingWorkbench--smartTableBillingRuns-header-inner\")]"}
COMMAND: POST /session/86ebb79c72de266112eececc171e51a0/elements - {"using":"xpath","value":"//span[contains(@id ,\"application-billingtransfer-display-component---billingWorkbench--smartTableBillingRuns-header-inner\")]"}
RESULT: {"using":"xpath","value":"//span[contains(@id ,\"application-billingtransfer-display-component---billingWorkbench--smartTableBillingRuns-header-inner\")]"}
COMMAND: POST /session/86ebb79c72de266112eececc171e51a0/execute/sync - {"script":"<script> [56 bytes]","args":[{"element-6066-11e4-a52e-4f735466cecf":"f.A17C675D496C198C40B93A37572AC0F9.d.AD3E5BEC5ADFBEBCFF3F87C561FC66C3.e.12252","ELEMENT":"f.A17C675D496C198C40B93A37572AC0F9.d.AD3E5BEC5ADFBEBCFF3F87C561FC66C3.e.12252"}]}
RESULT: {"script":"<script> [56 bytes]","args":[{"element-6066-11e4-a52e-4f735466cecf":"f.A17C675D496C198C40B93A37572AC0F9.d.AD3E5BEC5ADFBEBCFF3F87C561FC66C3.e.12252","ELEMENT":"f.A17C675D496C198C40B93A37572AC0F9.d.AD3E5BEC5ADFBEBCFF3F87C561FC66C3.e.12252"}]}
COMMAND: POST /session/86ebb79c72de266112eececc171e51a0/element - {"using":"xpath","value":"//td[@aria-colindex=\"1\"]/div/div[contains(@class, \"sapMCbBg\")]"}
COMMAND: GET /session/86ebb79c72de266112eececc171e51a0/screenshot - {}
RESULT: {"using":"xpath","value":"//td[@aria-colindex=\"1\"]/div/div[contains(@class, \"sapMCbBg\")]"}
COMMAND: POST /session/86ebb79c72de266112eececc171e51a0/element/f.A17C675D496C198C40B93A37572AC0F9.d.AD3E5BEC5ADFBEBCFF3F87C561FC66C3.e.12262/click - {}
RESULT: {}
RESULT: {}
COMMAND: GET /session/86ebb79c72de266112eececc171e51a0/screenshot - {}
RESULT: {}
COMMAND: POST /session/86ebb79c72de266112eececc171e51a0/element - {"using":"xpath","value":"//bdi[text()=\"Transfer\"]"}
RESULT: {"using":"xpath","value":"//bdi[text()=\"Transfer\"]"}
COMMAND: POST /session/86ebb79c72de266112eececc171e51a0/element/f.A17C675D496C198C40B93A37572AC0F9.d.AD3E5BEC5ADFBEBCFF3F87C561FC66C3.e.12263/click - {}
RESULT: {}
COMMAND: GET /session/86ebb79c72de266112eececc171e51a0/screenshot - {}
RESULT: {}
COMMAND: POST /session/86ebb79c72de266112eececc171e51a0/element - {"using":"xpath","value":"//bdi[contains(text(), \"OK\")]"}
RESULT: {"using":"xpath","value":"//bdi[contains(text(), \"OK\")]"}
COMMAND: POST /session/86ebb79c72de266112eececc171e51a0/element/f.A17C675D496C198C40B93A37572AC0F9.d.AD3E5BEC5ADFBEBCFF3F87C561FC66C3.e.12266/click - {}
RESULT: {}
COMMAND: GET /session/86ebb79c72de266112eececc171e51a0/screenshot - {}
RESULT: {}
COMMAND: POST /session/86ebb79c72de266112eececc171e51a0/element - {"using":"xpath","value":"(//span[contains(text(), \"Completed\")]/parent::div/preceding-sibling::div/span)[1]"}
RESULT: {"using":"xpath","value":"(//span[contains(text(), \"Completed\")]/parent::div/preceding-sibling::div/span)[1]"}
COMMAND: POST /session/86ebb79c72de266112eececc171e51a0/element/f.A17C675D496C198C40B93A37572AC0F9.d.AD3E5BEC5ADFBEBCFF3F87C561FC66C3.e.12280/click - {}
RESULT: {}
COMMAND: POST /session/86ebb79c72de266112eececc171e51a0/element - {"using":"xpath","value":"//input[contains(@id ,\"application-billingtransfer-display-component---billingWorkbench--smartFilterBar-btnBasicSearch\")]"}
COMMAND: GET /session/86ebb79c72de266112eececc171e51a0/screenshot - {}
RESULT: {"using":"xpath","value":"//input[contains(@id ,\"application-billingtransfer-display-component---billingWorkbench--smartFilterBar-btnBasicSearch\")]"}
COMMAND: POST /session/86ebb79c72de266112eececc171e51a0/elements - {"using":"xpath","value":"//input[contains(@id ,\"application-billingtransfer-display-component---billingWorkbench--smartFilterBar-btnBasicSearch\")]"}
RESULT: {}
RESULT: {"using":"xpath","value":"//input[contains(@id ,\"application-billingtransfer-display-component---billingWorkbench--smartFilterBar-btnBasicSearch\")]"}
COMMAND: POST /session/86ebb79c72de266112eececc171e51a0/execute/sync - {"script":"<script> [8489 bytes]","args":[{"element-6066-11e4-a52e-4f735466cecf":"f.A17C675D496C198C40B93A37572AC0F9.d.AD3E5BEC5ADFBEBCFF3F87C561FC66C3.e.12108","ELEMENT":"f.A17C675D496C198C40B93A37572AC0F9.d.AD3E5BEC5ADFBEBCFF3F87C561FC66C3.e.12108"}]}
RESULT: {"script":"<script> [8489 bytes]","args":[{"element-6066-11e4-a52e-4f735466cecf":"f.A17C675D496C198C40B93A37572AC0F9.d.AD3E5BEC5ADFBEBCFF3F87C561FC66C3.e.12108","ELEMENT":"f.A17C675D496C198C40B93A37572AC0F9.d.AD3E5BEC5ADFBEBCFF3F87C561FC66C3.e.12108"}]}
COMMAND: GET /session/86ebb79c72de266112eececc171e51a0/element/f.A17C675D496C198C40B93A37572AC0F9.d.AD3E5BEC5ADFBEBCFF3F87C561FC66C3.e.12108/enabled - {}
COMMAND: GET /session/86ebb79c72de266112eececc171e51a0/screenshot - {}
RESULT: {}
COMMAND: POST /session/86ebb79c72de266112eececc171e51a0/element/f.A17C675D496C198C40B93A37572AC0F9.d.AD3E5BEC5ADFBEBCFF3F87C561FC66C3.e.12108/click - {}
COMMAND: GET /session/86ebb79c72de266112eececc171e51a0/screenshot - {}
RESULT: {}
RESULT: {}
COMMAND: GET /session/86ebb79c72de266112eececc171e51a0/screenshot - {}
RESULT: {}
RESULT: {}
COMMAND: POST /session/86ebb79c72de266112eececc171e51a0/element/f.A17C675D496C198C40B93A37572AC0F9.d.AD3E5BEC5ADFBEBCFF3F87C561FC66C3.e.12108/clear - {}
RESULT: {}
COMMAND: POST /session/86ebb79c72de266112eececc171e51a0/element/f.A17C675D496C198C40B93A37572AC0F9.d.AD3E5BEC5ADFBEBCFF3F87C561FC66C3.e.12108/value - {"text":"10485"}
COMMAND: GET /session/86ebb79c72de266112eececc171e51a0/screenshot - {}
RESULT: {"text":"10485"}
COMMAND: POST /session/86ebb79c72de266112eececc171e51a0/actions - {"actions":[{"id":"action45","type":"key","parameters":{},"actions":[{"type":"keyDown","value":""},{"type":"pause","duration":10},{"type":"keyUp","value":""}]}]}
COMMAND: GET /session/86ebb79c72de266112eececc171e51a0/screenshot - {}
RESULT: {}
RESULT: {"actions":[{"id":"action45","type":"key","parameters":{},"actions":[{"type":"keyDown","value":""},{"type":"pause","duration":10},{"type":"keyUp","value":""}]}]}
COMMAND: GET /session/86ebb79c72de266112eececc171e51a0/screenshot - {}
RESULT: {}
RESULT: {}
COMMAND: POST /session/86ebb79c72de266112eececc171e51a0/element - {"using":"xpath","value":"//span[contains(@id ,\"application-billingtransfer-display-component---billingWorkbench--smartTableBillingRuns-header-inner\")]"}
RESULT: {"using":"xpath","value":"//span[contains(@id ,\"application-billingtransfer-display-component---billingWorkbench--smartTableBillingRuns-header-inner\")]"}
COMMAND: POST /session/86ebb79c72de266112eececc171e51a0/elements - {"using":"xpath","value":"//span[contains(@id ,\"application-billingtransfer-display-component---billingWorkbench--smartTableBillingRuns-header-inner\")]"}
RESULT: {"using":"xpath","value":"//span[contains(@id ,\"application-billingtransfer-display-component---billingWorkbench--smartTableBillingRuns-header-inner\")]"}
COMMAND: POST /session/86ebb79c72de266112eececc171e51a0/execute/sync - {"script":"<script> [56 bytes]","args":[{"element-6066-11e4-a52e-4f735466cecf":"f.A17C675D496C198C40B93A37572AC0F9.d.AD3E5BEC5ADFBEBCFF3F87C561FC66C3.e.12252","ELEMENT":"f.A17C675D496C198C40B93A37572AC0F9.d.AD3E5BEC5ADFBEBCFF3F87C561FC66C3.e.12252"}]}
RESULT: {"script":"<script> [56 bytes]","args":[{"element-6066-11e4-a52e-4f735466cecf":"f.A17C675D496C198C40B93A37572AC0F9.d.AD3E5BEC5ADFBEBCFF3F87C561FC66C3.e.12252","ELEMENT":"f.A17C675D496C198C40B93A37572AC0F9.d.AD3E5BEC5ADFBEBCFF3F87C561FC66C3.e.12252"}]}
COMMAND: POST /session/86ebb79c72de266112eececc171e51a0/element - {"using":"css selector","value":"#shell-header-logo"}
COMMAND: GET /session/86ebb79c72de266112eececc171e51a0/screenshot - {}
RESULT: {"using":"css selector","value":"#shell-header-logo"}
COMMAND: POST /session/86ebb79c72de266112eececc171e51a0/element/f.A17C675D496C198C40B93A37572AC0F9.d.AD3E5BEC5ADFBEBCFF3F87C561FC66C3.e.12106/click - {}
RESULT: {}
RESULT: {}
COMMAND: GET /session/86ebb79c72de266112eececc171e51a0/screenshot - {}
RESULT: {}
COMMAND: POST /session/86ebb79c72de266112eececc171e51a0/element - {"using":"css selector","value":"#j_username"}
COMMAND: POST /session/86ebb79c72de266112eececc171e51a0/url - {"url":"https://qa-testing-00-live-etm-ui.cfapps.eu10-004.hana.ondemand.com/"}
RESULT: {"using":"css selector","value":"#j_username"}
COMMAND: POST /session/86ebb79c72de266112eececc171e51a0/element - {"using":"css selector","value":"#j_username"}
RESULT: {"url":"https://qa-testing-00-live-etm-ui.cfapps.eu10-004.hana.ondemand.com/"}
RESULT: undefined
COMMAND: GET /session/86ebb79c72de266112eececc171e51a0/screenshot - {}
RESULT: {"using":"css selector","value":"#j_username"}
COMMAND: POST /session/86ebb79c72de266112eececc171e51a0/element - {"using":"css selector","value":"#shell-header-logo"}
RESULT: {}
RESULT: {"using":"css selector","value":"#shell-header-logo"}
COMMAND: POST /session/86ebb79c72de266112eececc171e51a0/execute/sync - {"script":"<script> [8489 bytes]","args":[{"element-6066-11e4-a52e-4f735466cecf":"f.A17C675D496C198C40B93A37572AC0F9.d.0809C1C4D38EE5E7E2AEFB787AA4CE9E.e.12297","ELEMENT":"f.A17C675D496C198C40B93A37572AC0F9.d.0809C1C4D38EE5E7E2AEFB787AA4CE9E.e.12297"}]}
RESULT: {"script":"<script> [8489 bytes]","args":[{"element-6066-11e4-a52e-4f735466cecf":"f.A17C675D496C198C40B93A37572AC0F9.d.0809C1C4D38EE5E7E2AEFB787AA4CE9E.e.12297","ELEMENT":"f.A17C675D496C198C40B93A37572AC0F9.d.0809C1C4D38EE5E7E2AEFB787AA4CE9E.e.12297"}]}
COMMAND: POST /session/86ebb79c72de266112eececc171e51a0/element - {"using":"css selector","value":"#shell-header-logo"}
COMMAND: GET /session/86ebb79c72de266112eececc171e51a0/screenshot - {}
RESULT: {"using":"css selector","value":"#shell-header-logo"}
COMMAND: POST /session/86ebb79c72de266112eececc171e51a0/execute/sync - {"script":"<script> [8489 bytes]","args":[{"element-6066-11e4-a52e-4f735466cecf":"f.A17C675D496C198C40B93A37572AC0F9.d.0809C1C4D38EE5E7E2AEFB787AA4CE9E.e.12297","ELEMENT":"f.A17C675D496C198C40B93A37572AC0F9.d.0809C1C4D38EE5E7E2AEFB787AA4CE9E.e.12297"}]}
RESULT: {}
RESULT: {"script":"<script> [8489 bytes]","args":[{"element-6066-11e4-a52e-4f735466cecf":"f.A17C675D496C198C40B93A37572AC0F9.d.0809C1C4D38EE5E7E2AEFB787AA4CE9E.e.12297","ELEMENT":"f.A17C675D496C198C40B93A37572AC0F9.d.0809C1C4D38EE5E7E2AEFB787AA4CE9E.e.12297"}]}
COMMAND: POST /session/86ebb79c72de266112eececc171e51a0/execute/sync - {"script":"<script> [5351 bytes]","args":[{"element-6066-11e4-a52e-4f735466cecf":"f.A17C675D496C198C40B93A37572AC0F9.d.0809C1C4D38EE5E7E2AEFB787AA4CE9E.e.12297","ELEMENT":"f.A17C675D496C198C40B93A37572AC0F9.d.0809C1C4D38EE5E7E2AEFB787AA4CE9E.e.12297"}]}
COMMAND: GET /session/86ebb79c72de266112eececc171e51a0/screenshot - {}
RESULT: {"script":"<script> [5351 bytes]","args":[{"element-6066-11e4-a52e-4f735466cecf":"f.A17C675D496C198C40B93A37572AC0F9.d.0809C1C4D38EE5E7E2AEFB787AA4CE9E.e.12297","ELEMENT":"f.A17C675D496C198C40B93A37572AC0F9.d.0809C1C4D38EE5E7E2AEFB787AA4CE9E.e.12297"}]}
COMMAND: POST /session/86ebb79c72de266112eececc171e51a0/element - {"using":"css selector","value":"#shell-header-logo"}
COMMAND: GET /session/86ebb79c72de266112eececc171e51a0/screenshot - {}
RESULT: {}
RESULT: {"using":"css selector","value":"#shell-header-logo"}
COMMAND: POST /session/86ebb79c72de266112eececc171e51a0/element/f.A17C675D496C198C40B93A37572AC0F9.d.0809C1C4D38EE5E7E2AEFB787AA4CE9E.e.12297/click - {}
RESULT: {}
RESULT: {}
COMMAND: GET /session/86ebb79c72de266112eececc171e51a0/screenshot - {}
RESULT: {}
COMMAND: POST /session/86ebb79c72de266112eececc171e51a0/execute/async - {"script":"<script> [189 bytes]","args":[]}
RESULT: {"script":"<script> [189 bytes]","args":[]}
COMMAND: POST /session/86ebb79c72de266112eececc171e51a0/execute/async - {"script":"<script> [123 bytes]","args":[]}
RESULT: {"script":"<script> [123 bytes]","args":[]}
COMMAND: POST /session/86ebb79c72de266112eececc171e51a0/timeouts - {"script":"<number>"}
RESULT: {"script":"<number>"}
COMMAND: GET /session/86ebb79c72de266112eececc171e51a0/timeouts - {}
RESULT: {}
RESULT: undefined
COMMAND: POST /session/86ebb79c72de266112eececc171e51a0/execute/async - {"script":"<script> [2676 bytes]","args":[]}
RESULT: {"script":"<script> [2676 bytes]","args":[]}
COMMAND: POST /session/86ebb79c72de266112eececc171e51a0/execute/async - {"script":"<script> [2342 bytes]","args":[{"protocol":"http","hostname":"0.0.0.0","path":"/","capabilities":{"browserName":"chrome","goog:chromeOptions":{"binary":"C:\\Program Files\\Google\\Chrome\\Application\\chrome.exe","args":["--start-maximized"]}},"logLevel":"warn","connectionRetryTimeout":120000,"connectionRetryCount":3,"logLevels":{},"enableDirectConnect":true,"strictSSL":true,"_":"65 more keys: [\"cacheDir\",\"port\",\"requestedCapabilities\",\"automationProtocol\",\"baseUrl\",\"waitforInterval\",\"waitforTimeout\",\"onReload\",\"beforeCommand\",\"afterCommand\",\"rootDir\",\"specs\",\"suites\",\"exclude\",\"groupLogsByTestSpec\",\"excludeDriverLogs\",\"bail\",\"framework\",\"reporters\",\"services\",\"maxInstances\",\"maxInstancesPerCapability\",\"injectGlobals\",\"filesToWatch\",\"execArgv\",\"runnerEnv\",\"runner\",\"shard\",\"specFileRetries\",\"specFileRetriesDelay\",\"specFileRetriesDeferred\",\"reporterSyncInterval\",\"reporterSyncTimeout\",\"cucumberFeaturesWithLineNumbers\",\"autoCompileOpts\",\"mochaOpts\",\"jasmineOpts\",\"cucumberOpts\",\"onPrepare\",\"onWorkerStart\",\"onWorkerEnd\",\"before\",\"beforeSession\",\"beforeSuite\",\"beforeHook\",\"beforeTest\",\"afterTest\",\"afterHook\",\"afterSuite\",\"afterSession\",\"after\",\"onComplete\",\"beforeAssertion\",\"afterAssertion\",\"beforeFeature\",\"beforeScenario\",\"beforeStep\",\"afterStep\",\"afterScenario\",\"afterFeature\",\"_\",\"suite\",\"$0\",\"ignoredWorkerServices\",\"wdi5\"]"}]}
RESULT: {"script":"<script> [2342 bytes]","args":[{"protocol":"http","hostname":"0.0.0.0","path":"/","capabilities":{"browserName":"chrome","goog:chromeOptions":{"binary":"C:\\Program Files\\Google\\Chrome\\Application\\chrome.exe","args":["--start-maximized"]}},"logLevel":"warn","connectionRetryTimeout":120000,"connectionRetryCount":3,"logLevels":{},"enableDirectConnect":true,"strictSSL":true,"_":"65 more keys: [\"cacheDir\",\"port\",\"requestedCapabilities\",\"automationProtocol\",\"baseUrl\",\"waitforInterval\",\"waitforTimeout\",\"onReload\",\"beforeCommand\",\"afterCommand\",\"rootDir\",\"specs\",\"suites\",\"exclude\",\"groupLogsByTestSpec\",\"excludeDriverLogs\",\"bail\",\"framework\",\"reporters\",\"services\",\"maxInstances\",\"maxInstancesPerCapability\",\"injectGlobals\",\"filesToWatch\",\"execArgv\",\"runnerEnv\",\"runner\",\"shard\",\"specFileRetries\",\"specFileRetriesDelay\",\"specFileRetriesDeferred\",\"reporterSyncInterval\",\"reporterSyncTimeout\",\"cucumberFeaturesWithLineNumbers\",\"autoCompileOpts\",\"mochaOpts\",\"jasmineOpts\",\"cucumberOpts\",\"onPrepare\",\"onWorkerStart\",\"onWorkerEnd\",\"before\",\"beforeSession\",\"beforeSuite\",\"beforeHook\",\"beforeTest\",\"afterTest\",\"afterHook\",\"afterSuite\",\"afterSession\",\"after\",\"onComplete\",\"beforeAssertion\",\"afterAssertion\",\"beforeFeature\",\"beforeScenario\",\"beforeStep\",\"afterStep\",\"afterScenario\",\"afterFeature\",\"_\",\"suite\",\"$0\",\"ignoredWorkerServices\",\"wdi5\"]"}]}
COMMAND: POST /session/86ebb79c72de266112eececc171e51a0/execute/async - {"script":"<script> [21126 bytes]","args":[35000]}
RESULT: {"script":"<script> [21126 bytes]","args":[35000]}
COMMAND: POST /session/86ebb79c72de266112eececc171e51a0/window/maximize - {}
RESULT: {}
COMMAND: POST /session/86ebb79c72de266112eececc171e51a0/execute/async - {"script":"<script> [1562 bytes]","args":[{"selector":{"id":"shell-header","interaction":{"idSuffix":"icon"}},"wdio_ui5_key":"shellheader"}]}
COMMAND: GET /session/86ebb79c72de266112eececc171e51a0/screenshot - {}
RESULT: {"script":"<script> [1562 bytes]","args":[{"selector":{"id":"shell-header","interaction":{"idSuffix":"icon"}},"wdio_ui5_key":"shellheader"}]}
RESULT: undefined
COMMAND: POST /session/86ebb79c72de266112eececc171e51a0/refresh - {}
RESULT: {}
RESULT: {}
COMMAND: GET /session/86ebb79c72de266112eececc171e51a0/screenshot - {}
RESULT: {}
COMMAND: POST /session/86ebb79c72de266112eececc171e51a0/refresh - {}
RESULT: {}
COMMAND: GET /session/86ebb79c72de266112eececc171e51a0/screenshot - {}
RESULT: {}
COMMAND: POST /session/86ebb79c72de266112eececc171e51a0/window/fullscreen - {}
RESULT: {}
COMMAND: POST /session/86ebb79c72de266112eececc171e51a0/execute/async - {"script":"<script> [189 bytes]","args":[]}
RESULT: {"script":"<script> [189 bytes]","args":[]}
COMMAND: POST /session/86ebb79c72de266112eececc171e51a0/execute/async - {"script":"<script> [123 bytes]","args":[]}
RESULT: {"script":"<script> [123 bytes]","args":[]}
COMMAND: POST /session/86ebb79c72de266112eececc171e51a0/timeouts - {"script":"<number>"}
RESULT: {"script":"<number>"}
COMMAND: GET /session/86ebb79c72de266112eececc171e51a0/timeouts - {}
RESULT: {}
RESULT: undefined
COMMAND: POST /session/86ebb79c72de266112eececc171e51a0/execute/async - {"script":"<script> [2676 bytes]","args":[]}
RESULT: {"script":"<script> [2676 bytes]","args":[]}
COMMAND: POST /session/86ebb79c72de266112eececc171e51a0/execute/async - {"script":"<script> [2342 bytes]","args":[{"protocol":"http","hostname":"0.0.0.0","path":"/","capabilities":{"browserName":"chrome","goog:chromeOptions":{"binary":"C:\\Program Files\\Google\\Chrome\\Application\\chrome.exe","args":["--start-maximized"]}},"logLevel":"warn","connectionRetryTimeout":120000,"connectionRetryCount":3,"logLevels":{},"enableDirectConnect":true,"strictSSL":true,"_":"65 more keys: [\"cacheDir\",\"port\",\"requestedCapabilities\",\"automationProtocol\",\"baseUrl\",\"waitforInterval\",\"waitforTimeout\",\"onReload\",\"beforeCommand\",\"afterCommand\",\"rootDir\",\"specs\",\"suites\",\"exclude\",\"groupLogsByTestSpec\",\"excludeDriverLogs\",\"bail\",\"framework\",\"reporters\",\"services\",\"maxInstances\",\"maxInstancesPerCapability\",\"injectGlobals\",\"filesToWatch\",\"execArgv\",\"runnerEnv\",\"runner\",\"shard\",\"specFileRetries\",\"specFileRetriesDelay\",\"specFileRetriesDeferred\",\"reporterSyncInterval\",\"reporterSyncTimeout\",\"cucumberFeaturesWithLineNumbers\",\"autoCompileOpts\",\"mochaOpts\",\"jasmineOpts\",\"cucumberOpts\",\"onPrepare\",\"onWorkerStart\",\"onWorkerEnd\",\"before\",\"beforeSession\",\"beforeSuite\",\"beforeHook\",\"beforeTest\",\"afterTest\",\"afterHook\",\"afterSuite\",\"afterSession\",\"after\",\"onComplete\",\"beforeAssertion\",\"afterAssertion\",\"beforeFeature\",\"beforeScenario\",\"beforeStep\",\"afterStep\",\"afterScenario\",\"afterFeature\",\"_\",\"suite\",\"$0\",\"ignoredWorkerServices\",\"wdi5\"]"}]}
RESULT: {"script":"<script> [2342 bytes]","args":[{"protocol":"http","hostname":"0.0.0.0","path":"/","capabilities":{"browserName":"chrome","goog:chromeOptions":{"binary":"C:\\Program Files\\Google\\Chrome\\Application\\chrome.exe","args":["--start-maximized"]}},"logLevel":"warn","connectionRetryTimeout":120000,"connectionRetryCount":3,"logLevels":{},"enableDirectConnect":true,"strictSSL":true,"_":"65 more keys: [\"cacheDir\",\"port\",\"requestedCapabilities\",\"automationProtocol\",\"baseUrl\",\"waitforInterval\",\"waitforTimeout\",\"onReload\",\"beforeCommand\",\"afterCommand\",\"rootDir\",\"specs\",\"suites\",\"exclude\",\"groupLogsByTestSpec\",\"excludeDriverLogs\",\"bail\",\"framework\",\"reporters\",\"services\",\"maxInstances\",\"maxInstancesPerCapability\",\"injectGlobals\",\"filesToWatch\",\"execArgv\",\"runnerEnv\",\"runner\",\"shard\",\"specFileRetries\",\"specFileRetriesDelay\",\"specFileRetriesDeferred\",\"reporterSyncInterval\",\"reporterSyncTimeout\",\"cucumberFeaturesWithLineNumbers\",\"autoCompileOpts\",\"mochaOpts\",\"jasmineOpts\",\"cucumberOpts\",\"onPrepare\",\"onWorkerStart\",\"onWorkerEnd\",\"before\",\"beforeSession\",\"beforeSuite\",\"beforeHook\",\"beforeTest\",\"afterTest\",\"afterHook\",\"afterSuite\",\"afterSession\",\"after\",\"onComplete\",\"beforeAssertion\",\"afterAssertion\",\"beforeFeature\",\"beforeScenario\",\"beforeStep\",\"afterStep\",\"afterScenario\",\"afterFeature\",\"_\",\"suite\",\"$0\",\"ignoredWorkerServices\",\"wdi5\"]"}]}
COMMAND: POST /session/86ebb79c72de266112eececc171e51a0/execute/async - {"script":"<script> [21126 bytes]","args":[35000]}
RESULT: {"script":"<script> [21126 bytes]","args":[35000]}
]]></system-out>
    </testcase>
  </testsuite>
  <testsuite timestamp="2025-05-21T17:59:26" time="773.928" tests="12" failures="0" errors="0" skipped="0">
    <properties>
      <property name="specId" value="0"/>
      <property name="suiteName" value="Billing transfer US117289"/>
      <property name="capabilities" value="chrome.136_0_7103_93.windows"/>
      <property name="file" value="file:///D:/a/1/s/test/specs/BTS/billing-transfer.spec.js"/>
    </properties>
    <testcase classname="chrome.136_0_7103_93.windows.Billing_transfer_US117289" name="Should create a new yard" time="0.013">
      <system-out><![CDATA[
COMMAND: POST /session/86ebb79c72de266112eececc171e51a0/window/fullscreen - {}
RESULT: {}
]]></system-out>
    </testcase>
    <testcase classname="chrome.136_0_7103_93.windows.Billing_transfer_US117289" name="Should create a new partner" time="0.004"/>
    <testcase classname="chrome.136_0_7103_93.windows.Billing_transfer_US117289" name="Should create a new site" time="0.003"/>
    <testcase classname="chrome.136_0_7103_93.windows.Billing_transfer_US117289" name="Should create a new equipment" time="147.439">
      <system-out><![CDATA[
COMMAND: POST /session/86ebb79c72de266112eececc171e51a0/execute/async - {"script":"<script> [1562 bytes]","args":[{"selector":{"controlType":"sap.m.GenericTile","properties":{"header":"Manage Resources"}},"wdio_ui5_key":"sapm.GenericTile{\"header\":\"Manage Resources\"}"}]}
RESULT: {"script":"<script> [1562 bytes]","args":[{"selector":{"controlType":"sap.m.GenericTile","properties":{"header":"Manage Resources"}},"wdio_ui5_key":"sapm.GenericTile{\"header\":\"Manage Resources\"}"}]}
RESULT: undefined
COMMAND: POST /session/86ebb79c72de266112eececc171e51a0/element - {"using":"xpath","value":"//*[@id=\"__tile39\"]"}
RESULT: {"using":"xpath","value":"//*[@id=\"__tile39\"]"}
COMMAND: POST /session/86ebb79c72de266112eececc171e51a0/element/f.A17C675D496C198C40B93A37572AC0F9.d.85EE11689425018B6C892A769FEAA7C2.e.12443/click - {}
RESULT: {}
COMMAND: GET /session/86ebb79c72de266112eececc171e51a0/screenshot - {}
RESULT: {}
COMMAND: POST /session/86ebb79c72de266112eececc171e51a0/elements - {"using":"xpath","value":"//span[text()='Error']"}
RESULT: {"using":"xpath","value":"//span[text()='Error']"}
COMMAND: POST /session/86ebb79c72de266112eececc171e51a0/element - {"using":"xpath","value":"//button[@data-kt=\"addNewRUOverflowToolbarButton\"]"}
RESULT: {"using":"xpath","value":"//button[@data-kt=\"addNewRUOverflowToolbarButton\"]"}
COMMAND: POST /session/86ebb79c72de266112eececc171e51a0/elements - {"using":"xpath","value":"//button[@data-kt=\"addNewRUOverflowToolbarButton\"]"}
RESULT: {"using":"xpath","value":"//button[@data-kt=\"addNewRUOverflowToolbarButton\"]"}
COMMAND: POST /session/86ebb79c72de266112eececc171e51a0/elements - {"using":"xpath","value":"//button[@data-kt=\"addNewRUOverflowToolbarButton\"]"}
RESULT: {"using":"xpath","value":"//button[@data-kt=\"addNewRUOverflowToolbarButton\"]"}
COMMAND: POST /session/86ebb79c72de266112eececc171e51a0/elements - {"using":"xpath","value":"//button[@data-kt=\"addNewRUOverflowToolbarButton\"]"}
RESULT: {"using":"xpath","value":"//button[@data-kt=\"addNewRUOverflowToolbarButton\"]"}
COMMAND: POST /session/86ebb79c72de266112eececc171e51a0/elements - {"using":"xpath","value":"//button[@data-kt=\"addNewRUOverflowToolbarButton\"]"}
RESULT: {"using":"xpath","value":"//button[@data-kt=\"addNewRUOverflowToolbarButton\"]"}
COMMAND: POST /session/86ebb79c72de266112eececc171e51a0/elements - {"using":"xpath","value":"//button[@data-kt=\"addNewRUOverflowToolbarButton\"]"}
RESULT: {"using":"xpath","value":"//button[@data-kt=\"addNewRUOverflowToolbarButton\"]"}
COMMAND: POST /session/86ebb79c72de266112eececc171e51a0/elements - {"using":"xpath","value":"//button[@data-kt=\"addNewRUOverflowToolbarButton\"]"}
RESULT: {"using":"xpath","value":"//button[@data-kt=\"addNewRUOverflowToolbarButton\"]"}
COMMAND: POST /session/86ebb79c72de266112eececc171e51a0/elements - {"using":"xpath","value":"//button[@data-kt=\"addNewRUOverflowToolbarButton\"]"}
RESULT: {"using":"xpath","value":"//button[@data-kt=\"addNewRUOverflowToolbarButton\"]"}
COMMAND: POST /session/86ebb79c72de266112eececc171e51a0/elements - {"using":"xpath","value":"//button[@data-kt=\"addNewRUOverflowToolbarButton\"]"}
RESULT: {"using":"xpath","value":"//button[@data-kt=\"addNewRUOverflowToolbarButton\"]"}
COMMAND: POST /session/86ebb79c72de266112eececc171e51a0/elements - {"using":"xpath","value":"//button[@data-kt=\"addNewRUOverflowToolbarButton\"]"}
RESULT: {"using":"xpath","value":"//button[@data-kt=\"addNewRUOverflowToolbarButton\"]"}
COMMAND: POST /session/86ebb79c72de266112eececc171e51a0/elements - {"using":"xpath","value":"//button[@data-kt=\"addNewRUOverflowToolbarButton\"]"}
RESULT: {"using":"xpath","value":"//button[@data-kt=\"addNewRUOverflowToolbarButton\"]"}
COMMAND: POST /session/86ebb79c72de266112eececc171e51a0/elements - {"using":"xpath","value":"//button[@data-kt=\"addNewRUOverflowToolbarButton\"]"}
RESULT: {"using":"xpath","value":"//button[@data-kt=\"addNewRUOverflowToolbarButton\"]"}
COMMAND: POST /session/86ebb79c72de266112eececc171e51a0/elements - {"using":"xpath","value":"//button[@data-kt=\"addNewRUOverflowToolbarButton\"]"}
RESULT: {"using":"xpath","value":"//button[@data-kt=\"addNewRUOverflowToolbarButton\"]"}
COMMAND: POST /session/86ebb79c72de266112eececc171e51a0/elements - {"using":"xpath","value":"//button[@data-kt=\"addNewRUOverflowToolbarButton\"]"}
RESULT: {"using":"xpath","value":"//button[@data-kt=\"addNewRUOverflowToolbarButton\"]"}
COMMAND: POST /session/86ebb79c72de266112eececc171e51a0/elements - {"using":"xpath","value":"//button[@data-kt=\"addNewRUOverflowToolbarButton\"]"}
RESULT: {"using":"xpath","value":"//button[@data-kt=\"addNewRUOverflowToolbarButton\"]"}
COMMAND: POST /session/86ebb79c72de266112eececc171e51a0/element - {"using":"xpath","value":"//button[@data-kt=\"addNewRUOverflowToolbarButton\"]"}
RESULT: {"using":"xpath","value":"//button[@data-kt=\"addNewRUOverflowToolbarButton\"]"}
COMMAND: POST /session/86ebb79c72de266112eececc171e51a0/execute/sync - {"script":"<script> [8489 bytes]","args":[{"element-6066-11e4-a52e-4f735466cecf":"f.A17C675D496C198C40B93A37572AC0F9.d.85EE11689425018B6C892A769FEAA7C2.e.12580","ELEMENT":"f.A17C675D496C198C40B93A37572AC0F9.d.85EE11689425018B6C892A769FEAA7C2.e.12580"}]}
RESULT: {"script":"<script> [8489 bytes]","args":[{"element-6066-11e4-a52e-4f735466cecf":"f.A17C675D496C198C40B93A37572AC0F9.d.85EE11689425018B6C892A769FEAA7C2.e.12580","ELEMENT":"f.A17C675D496C198C40B93A37572AC0F9.d.85EE11689425018B6C892A769FEAA7C2.e.12580"}]}
COMMAND: GET /session/86ebb79c72de266112eececc171e51a0/element/f.A17C675D496C198C40B93A37572AC0F9.d.85EE11689425018B6C892A769FEAA7C2.e.12580/enabled - {}
COMMAND: GET /session/86ebb79c72de266112eececc171e51a0/screenshot - {}
RESULT: {}
COMMAND: POST /session/86ebb79c72de266112eececc171e51a0/execute/sync - {"script":"<script> [8489 bytes]","args":[{"element-6066-11e4-a52e-4f735466cecf":"f.A17C675D496C198C40B93A37572AC0F9.d.85EE11689425018B6C892A769FEAA7C2.e.12580","ELEMENT":"f.A17C675D496C198C40B93A37572AC0F9.d.85EE11689425018B6C892A769FEAA7C2.e.12580"}]}
COMMAND: GET /session/86ebb79c72de266112eececc171e51a0/screenshot - {}
RESULT: {}
RESULT: {"script":"<script> [8489 bytes]","args":[{"element-6066-11e4-a52e-4f735466cecf":"f.A17C675D496C198C40B93A37572AC0F9.d.85EE11689425018B6C892A769FEAA7C2.e.12580","ELEMENT":"f.A17C675D496C198C40B93A37572AC0F9.d.85EE11689425018B6C892A769FEAA7C2.e.12580"}]}
COMMAND: POST /session/86ebb79c72de266112eececc171e51a0/execute/sync - {"script":"<script> [5351 bytes]","args":[{"element-6066-11e4-a52e-4f735466cecf":"f.A17C675D496C198C40B93A37572AC0F9.d.85EE11689425018B6C892A769FEAA7C2.e.12580","ELEMENT":"f.A17C675D496C198C40B93A37572AC0F9.d.85EE11689425018B6C892A769FEAA7C2.e.12580"}]}
COMMAND: GET /session/86ebb79c72de266112eececc171e51a0/screenshot - {}
RESULT: {}
RESULT: {"script":"<script> [5351 bytes]","args":[{"element-6066-11e4-a52e-4f735466cecf":"f.A17C675D496C198C40B93A37572AC0F9.d.85EE11689425018B6C892A769FEAA7C2.e.12580","ELEMENT":"f.A17C675D496C198C40B93A37572AC0F9.d.85EE11689425018B6C892A769FEAA7C2.e.12580"}]}
COMMAND: POST /session/86ebb79c72de266112eececc171e51a0/element/f.A17C675D496C198C40B93A37572AC0F9.d.85EE11689425018B6C892A769FEAA7C2.e.12580/click - {}
COMMAND: GET /session/86ebb79c72de266112eececc171e51a0/screenshot - {}
RESULT: {}
RESULT: {}
COMMAND: GET /session/86ebb79c72de266112eececc171e51a0/screenshot - {}
COMMAND: POST /session/86ebb79c72de266112eececc171e51a0/execute/async - {"script":"<script> [1562 bytes]","args":[{"selector":{"id":"application-manageresources-display-component---newResourceUnit--TYPE-arrow"},"wdio_ui5_key":"applicationmanageresources-display-component---newResourceUnit--TYPE-arrow"}]}
RESULT: {}
RESULT: {}
RESULT: {"script":"<script> [1562 bytes]","args":[{"selector":{"id":"application-manageresources-display-component---newResourceUnit--TYPE-arrow"},"wdio_ui5_key":"applicationmanageresources-display-component---newResourceUnit--TYPE-arrow"}]}
RESULT: undefined
COMMAND: POST /session/86ebb79c72de266112eececc171e51a0/element - {"using":"xpath","value":"//*[@id=\"application-manageresources-display-component---newResourceUnit--TYPE-arrow\"]"}
RESULT: {"using":"xpath","value":"//*[@id=\"application-manageresources-display-component---newResourceUnit--TYPE-arrow\"]"}
COMMAND: POST /session/86ebb79c72de266112eececc171e51a0/element/f.A17C675D496C198C40B93A37572AC0F9.d.85EE11689425018B6C892A769FEAA7C2.e.12937/click - {}
RESULT: {}
COMMAND: POST /session/86ebb79c72de266112eececc171e51a0/element - {"using":"xpath","value":"//input[@id=\"application-manageresources-display-component---newResourceUnit--TYPE-inner\"]"}
COMMAND: GET /session/86ebb79c72de266112eececc171e51a0/screenshot - {}
RESULT: {"using":"xpath","value":"//input[@id=\"application-manageresources-display-component---newResourceUnit--TYPE-inner\"]"}
COMMAND: POST /session/86ebb79c72de266112eececc171e51a0/element/f.A17C675D496C198C40B93A37572AC0F9.d.85EE11689425018B6C892A769FEAA7C2.e.12932/clear - {}
RESULT: {}
RESULT: {}
COMMAND: POST /session/86ebb79c72de266112eececc171e51a0/element/f.A17C675D496C198C40B93A37572AC0F9.d.85EE11689425018B6C892A769FEAA7C2.e.12932/value - {"text":"Equipment"}
COMMAND: GET /session/86ebb79c72de266112eececc171e51a0/screenshot - {}
RESULT: {"text":"Equipment"}
COMMAND: GET /session/86ebb79c72de266112eececc171e51a0/screenshot - {}
RESULT: {}
RESULT: {}
COMMAND: POST /session/86ebb79c72de266112eececc171e51a0/actions - {"actions":[{"id":"action46","type":"key","parameters":{},"actions":[{"type":"keyDown","value":""},{"type":"pause","duration":10},{"type":"keyUp","value":""}]}]}
RESULT: {"actions":[{"id":"action46","type":"key","parameters":{},"actions":[{"type":"keyDown","value":""},{"type":"pause","duration":10},{"type":"keyUp","value":""}]}]}
COMMAND: POST /session/86ebb79c72de266112eececc171e51a0/execute/async - {"script":"<script> [1562 bytes]","args":[{"selector":{"id":"application-manageresources-display-component---newResourceUnit--resourceId","interaction":{"idSuffix":"inner"}},"wdio_ui5_key":"applicationmanageresources-display-component---newResourceUnit--resourceId"}]}
COMMAND: GET /session/86ebb79c72de266112eececc171e51a0/screenshot - {}
RESULT: {"script":"<script> [1562 bytes]","args":[{"selector":{"id":"application-manageresources-display-component---newResourceUnit--resourceId","interaction":{"idSuffix":"inner"}},"wdio_ui5_key":"applicationmanageresources-display-component---newResourceUnit--resourceId"}]}
RESULT: undefined
COMMAND: POST /session/86ebb79c72de266112eececc171e51a0/execute/async - {"script":"<script> [776 bytes]","args":[{"enterText":"3VBADO8JRX","selector":{"id":"application-manageresources-display-component---newResourceUnit--resourceId","interaction":{"idSuffix":"inner"}},"clearTextFirst":true,"interactionType":"ENTER_TEXT"}]}
RESULT: {}
RESULT: {"script":"<script> [776 bytes]","args":[{"enterText":"3VBADO8JRX","selector":{"id":"application-manageresources-display-component---newResourceUnit--resourceId","interaction":{"idSuffix":"inner"}},"clearTextFirst":true,"interactionType":"ENTER_TEXT"}]}
COMMAND: POST /session/86ebb79c72de266112eececc171e51a0/execute/async - {"script":"<script> [1562 bytes]","args":[{"selector":{"id":"application-manageresources-display-component---newResourceUnit--SHORT_TEXT","interaction":{"idSuffix":"inner"}},"wdio_ui5_key":"applicationmanageresources-display-component---newResourceUnit--SHORT_TEXT"}]}
RESULT: {"script":"<script> [1562 bytes]","args":[{"selector":{"id":"application-manageresources-display-component---newResourceUnit--SHORT_TEXT","interaction":{"idSuffix":"inner"}},"wdio_ui5_key":"applicationmanageresources-display-component---newResourceUnit--SHORT_TEXT"}]}
RESULT: undefined
COMMAND: POST /session/86ebb79c72de266112eececc171e51a0/execute/async - {"script":"<script> [776 bytes]","args":[{"enterText":"Intercompany Equipment WDIO","selector":{"id":"application-manageresources-display-component---newResourceUnit--SHORT_TEXT","interaction":{"idSuffix":"inner"}},"clearTextFirst":true,"interactionType":"ENTER_TEXT"}]}
RESULT: {"script":"<script> [776 bytes]","args":[{"enterText":"Intercompany Equipment WDIO","selector":{"id":"application-manageresources-display-component---newResourceUnit--SHORT_TEXT","interaction":{"idSuffix":"inner"}},"clearTextFirst":true,"interactionType":"ENTER_TEXT"}]}
COMMAND: POST /session/86ebb79c72de266112eececc171e51a0/execute/async - {"script":"<script> [1562 bytes]","args":[{"selector":{"id":"application-manageresources-display-component---newResourceUnit--BASE_UNIT_OF_MEASURE","interaction":{"idSuffix":"inner"}},"wdio_ui5_key":"applicationmanageresources-display-component---newResourceUnit--BASE_UNIT_OF_MEASURE"}]}
RESULT: {"script":"<script> [1562 bytes]","args":[{"selector":{"id":"application-manageresources-display-component---newResourceUnit--BASE_UNIT_OF_MEASURE","interaction":{"idSuffix":"inner"}},"wdio_ui5_key":"applicationmanageresources-display-component---newResourceUnit--BASE_UNIT_OF_MEASURE"}]}
RESULT: undefined
COMMAND: POST /session/86ebb79c72de266112eececc171e51a0/execute/async - {"script":"<script> [776 bytes]","args":[{"enterText":"Piece","selector":{"id":"application-manageresources-display-component---newResourceUnit--BASE_UNIT_OF_MEASURE","interaction":{"idSuffix":"inner"}},"clearTextFirst":true,"interactionType":"ENTER_TEXT"}]}
RESULT: {"script":"<script> [776 bytes]","args":[{"enterText":"Piece","selector":{"id":"application-manageresources-display-component---newResourceUnit--BASE_UNIT_OF_MEASURE","interaction":{"idSuffix":"inner"}},"clearTextFirst":true,"interactionType":"ENTER_TEXT"}]}
COMMAND: POST /session/86ebb79c72de266112eececc171e51a0/execute/async - {"script":"<script> [1562 bytes]","args":[{"selector":{"id":"application-manageresources-display-component---newResourceUnit--WEIGHT_UNIT","interaction":{"idSuffix":"inner"}},"wdio_ui5_key":"applicationmanageresources-display-component---newResourceUnit--WEIGHT_UNIT"}]}
RESULT: {"script":"<script> [1562 bytes]","args":[{"selector":{"id":"application-manageresources-display-component---newResourceUnit--WEIGHT_UNIT","interaction":{"idSuffix":"inner"}},"wdio_ui5_key":"applicationmanageresources-display-component---newResourceUnit--WEIGHT_UNIT"}]}
RESULT: undefined
COMMAND: POST /session/86ebb79c72de266112eececc171e51a0/execute/async - {"script":"<script> [776 bytes]","args":[{"enterText":"Gram","selector":{"id":"application-manageresources-display-component---newResourceUnit--WEIGHT_UNIT","interaction":{"idSuffix":"inner"}},"clearTextFirst":true,"interactionType":"ENTER_TEXT"}]}
RESULT: {"script":"<script> [776 bytes]","args":[{"enterText":"Gram","selector":{"id":"application-manageresources-display-component---newResourceUnit--WEIGHT_UNIT","interaction":{"idSuffix":"inner"}},"clearTextFirst":true,"interactionType":"ENTER_TEXT"}]}
COMMAND: POST /session/86ebb79c72de266112eececc171e51a0/execute/async - {"script":"<script> [1562 bytes]","args":[{"selector":{"id":"application-manageresources-display-component---newResourceUnit--DIMENSION_UNIT","interaction":{"idSuffix":"inner"}},"wdio_ui5_key":"applicationmanageresources-display-component---newResourceUnit--DIMENSION_UNIT"}]}
RESULT: {"script":"<script> [1562 bytes]","args":[{"selector":{"id":"application-manageresources-display-component---newResourceUnit--DIMENSION_UNIT","interaction":{"idSuffix":"inner"}},"wdio_ui5_key":"applicationmanageresources-display-component---newResourceUnit--DIMENSION_UNIT"}]}
RESULT: undefined
COMMAND: POST /session/86ebb79c72de266112eececc171e51a0/execute/async - {"script":"<script> [776 bytes]","args":[{"enterText":"Meter","selector":{"id":"application-manageresources-display-component---newResourceUnit--DIMENSION_UNIT","interaction":{"idSuffix":"inner"}},"clearTextFirst":true,"interactionType":"ENTER_TEXT"}]}
RESULT: {"script":"<script> [776 bytes]","args":[{"enterText":"Meter","selector":{"id":"application-manageresources-display-component---newResourceUnit--DIMENSION_UNIT","interaction":{"idSuffix":"inner"}},"clearTextFirst":true,"interactionType":"ENTER_TEXT"}]}
COMMAND: POST /session/86ebb79c72de266112eececc171e51a0/execute/async - {"script":"<script> [1562 bytes]","args":[{"selector":{"id":"application-manageresources-display-component---newResourceUnit--newRRUPage-anchBar-application-manageresources-display-component---newResourceUnit--control-anchor","interaction":{"idSuffix":"BDI-content"}},"wdio_ui5_key":"applicationmanageresources-display-component---newResourceUnit--newRRUPage-anchBar-application-manageresources-display-component---newResourceUnit--control-anchor"}]}
RESULT: {"script":"<script> [1562 bytes]","args":[{"selector":{"id":"application-manageresources-display-component---newResourceUnit--newRRUPage-anchBar-application-manageresources-display-component---newResourceUnit--control-anchor","interaction":{"idSuffix":"BDI-content"}},"wdio_ui5_key":"applicationmanageresources-display-component---newResourceUnit--newRRUPage-anchBar-application-manageresources-display-component---newResourceUnit--control-anchor"}]}
RESULT: undefined
COMMAND: POST /session/86ebb79c72de266112eececc171e51a0/element - {"using":"xpath","value":"//*[@id=\"application-manageresources-display-component---newResourceUnit--newRRUPage-anchBar-application-manageresources-display-component---newResourceUnit--control-anchor\"]"}
RESULT: {"using":"xpath","value":"//*[@id=\"application-manageresources-display-component---newResourceUnit--newRRUPage-anchBar-application-manageresources-display-component---newResourceUnit--control-anchor\"]"}
COMMAND: POST /session/86ebb79c72de266112eececc171e51a0/element/f.A17C675D496C198C40B93A37572AC0F9.d.85EE11689425018B6C892A769FEAA7C2.e.13068/click - {}
RESULT: {}
COMMAND: POST /session/86ebb79c72de266112eececc171e51a0/execute/async - {"script":"<script> [1562 bytes]","args":[{"selector":{"id":"application-manageresources-display-component---newResourceUnit--PLANNING_GROUP","interaction":{"idSuffix":"inner"}},"wdio_ui5_key":"applicationmanageresources-display-component---newResourceUnit--PLANNING_GROUP"}]}
COMMAND: GET /session/86ebb79c72de266112eececc171e51a0/screenshot - {}
RESULT: {"script":"<script> [1562 bytes]","args":[{"selector":{"id":"application-manageresources-display-component---newResourceUnit--PLANNING_GROUP","interaction":{"idSuffix":"inner"}},"wdio_ui5_key":"applicationmanageresources-display-component---newResourceUnit--PLANNING_GROUP"}]}
RESULT: undefined
COMMAND: POST /session/86ebb79c72de266112eececc171e51a0/execute/async - {"script":"<script> [776 bytes]","args":[{"enterText":"Heavy Equi","selector":{"id":"application-manageresources-display-component---newResourceUnit--PLANNING_GROUP","interaction":{"idSuffix":"inner"}},"clearTextFirst":true,"interactionType":"ENTER_TEXT"}]}
RESULT: {}
RESULT: {"script":"<script> [776 bytes]","args":[{"enterText":"Heavy Equi","selector":{"id":"application-manageresources-display-component---newResourceUnit--PLANNING_GROUP","interaction":{"idSuffix":"inner"}},"clearTextFirst":true,"interactionType":"ENTER_TEXT"}]}
COMMAND: POST /session/86ebb79c72de266112eececc171e51a0/execute/async - {"script":"<script> [1562 bytes]","args":[{"selector":{"id":"application-manageresources-display-component---newResourceUnit--ITEM_TYPE-arrow"},"wdio_ui5_key":"applicationmanageresources-display-component---newResourceUnit--ITEM_TYPE-arrow"}]}
RESULT: {"script":"<script> [1562 bytes]","args":[{"selector":{"id":"application-manageresources-display-component---newResourceUnit--ITEM_TYPE-arrow"},"wdio_ui5_key":"applicationmanageresources-display-component---newResourceUnit--ITEM_TYPE-arrow"}]}
RESULT: undefined
COMMAND: POST /session/86ebb79c72de266112eececc171e51a0/element - {"using":"xpath","value":"//*[@id=\"application-manageresources-display-component---newResourceUnit--ITEM_TYPE-arrow\"]"}
RESULT: {"using":"xpath","value":"//*[@id=\"application-manageresources-display-component---newResourceUnit--ITEM_TYPE-arrow\"]"}
COMMAND: POST /session/86ebb79c72de266112eececc171e51a0/element/f.A17C675D496C198C40B93A37572AC0F9.d.85EE11689425018B6C892A769FEAA7C2.e.13075/click - {}
RESULT: {}
COMMAND: POST /session/86ebb79c72de266112eececc171e51a0/element - {"using":"xpath","value":"(//span[contains(text(), \"Resource Unit\")])[2]"}
COMMAND: GET /session/86ebb79c72de266112eececc171e51a0/screenshot - {}
RESULT: {"using":"xpath","value":"(//span[contains(text(), \"Resource Unit\")])[2]"}
COMMAND: POST /session/86ebb79c72de266112eececc171e51a0/element/f.A17C675D496C198C40B93A37572AC0F9.d.85EE11689425018B6C892A769FEAA7C2.e.13076/click - {}
RESULT: {}
RESULT: {}
COMMAND: GET /session/86ebb79c72de266112eececc171e51a0/screenshot - {}
RESULT: {}
COMMAND: POST /session/86ebb79c72de266112eececc171e51a0/element - {"using":"css selector","value":"#application-manageresources-display-component---newResourceUnit--btnAddTimeSegment"}
RESULT: {"using":"css selector","value":"#application-manageresources-display-component---newResourceUnit--btnAddTimeSegment"}
COMMAND: GET /session/86ebb79c72de266112eececc171e51a0/element/f.A17C675D496C198C40B93A37572AC0F9.d.85EE11689425018B6C892A769FEAA7C2.e.13077/rect - {}
RESULT: {}
COMMAND: GET /session/86ebb79c72de266112eececc171e51a0/window/rect - {}
RESULT: {}
COMMAND: POST /session/86ebb79c72de266112eececc171e51a0/execute/sync - {"script":"<script> [92 bytes]","args":[]}
RESULT: {"script":"<script> [92 bytes]","args":[]}
COMMAND: POST /session/86ebb79c72de266112eececc171e51a0/actions - {"actions":[{"id":"action47","type":"wheel","parameters":{},"actions":[{"type":"scroll","x":-1888,"y":-32,"deltaX":0,"deltaY":0,"duration":0,"origin":{"element-6066-11e4-a52e-4f735466cecf":"f.A17C675D496C198C40B93A37572AC0F9.d.85EE11689425018B6C892A769FEAA7C2.e.13077"}}]}]}
COMMAND: GET /session/86ebb79c72de266112eececc171e51a0/screenshot - {}
RESULT: {}
COMMAND: POST /session/86ebb79c72de266112eececc171e51a0/execute/sync - {"script":"<script> [79 bytes]","args":[{"element-6066-11e4-a52e-4f735466cecf":"f.A17C675D496C198C40B93A37572AC0F9.d.85EE11689425018B6C892A769FEAA7C2.e.13077","ELEMENT":"f.A17C675D496C198C40B93A37572AC0F9.d.85EE11689425018B6C892A769FEAA7C2.e.13077"},{"block":"start","inline":"nearest"}]}
RESULT: {"script":"<script> [79 bytes]","args":[{"element-6066-11e4-a52e-4f735466cecf":"f.A17C675D496C198C40B93A37572AC0F9.d.85EE11689425018B6C892A769FEAA7C2.e.13077","ELEMENT":"f.A17C675D496C198C40B93A37572AC0F9.d.85EE11689425018B6C892A769FEAA7C2.e.13077"},{"block":"start","inline":"nearest"}]}
COMMAND: POST /session/86ebb79c72de266112eececc171e51a0/execute/async - {"script":"<script> [1562 bytes]","args":[{"selector":{"id":"application-manageresources-display-component---newResourceUnit--btnAddTimeSegment","interaction":{"idSuffix":"inner"}},"wdio_ui5_key":"applicationmanageresources-display-component---newResourceUnit--btnAddTimeSegment"}]}
COMMAND: GET /session/86ebb79c72de266112eececc171e51a0/screenshot - {}
RESULT: {"script":"<script> [1562 bytes]","args":[{"selector":{"id":"application-manageresources-display-component---newResourceUnit--btnAddTimeSegment","interaction":{"idSuffix":"inner"}},"wdio_ui5_key":"applicationmanageresources-display-component---newResourceUnit--btnAddTimeSegment"}]}
RESULT: undefined
COMMAND: POST /session/86ebb79c72de266112eececc171e51a0/element - {"using":"xpath","value":"//*[@id=\"application-manageresources-display-component---newResourceUnit--btnAddTimeSegment\"]"}
RESULT: {}
RESULT: {"using":"xpath","value":"//*[@id=\"application-manageresources-display-component---newResourceUnit--btnAddTimeSegment\"]"}
COMMAND: POST /session/86ebb79c72de266112eececc171e51a0/element/f.A17C675D496C198C40B93A37572AC0F9.d.85EE11689425018B6C892A769FEAA7C2.e.13077/click - {}
RESULT: {}
COMMAND: GET /session/86ebb79c72de266112eececc171e51a0/screenshot - {}
RESULT: {}
COMMAND: POST /session/86ebb79c72de266112eececc171e51a0/element - {"using":"xpath","value":"//input[@id=\"application-manageresources-display-component---newResourceUnit--idRuTSAdmin-application-manageresources-display-component---newResourceUnit--RUTimeSegment-0-inner\"]"}
RESULT: {"using":"xpath","value":"//input[@id=\"application-manageresources-display-component---newResourceUnit--idRuTSAdmin-application-manageresources-display-component---newResourceUnit--RUTimeSegment-0-inner\"]"}
COMMAND: POST /session/86ebb79c72de266112eececc171e51a0/element/f.A17C675D496C198C40B93A37572AC0F9.d.85EE11689425018B6C892A769FEAA7C2.e.13083/clear - {}
RESULT: {}
COMMAND: POST /session/86ebb79c72de266112eececc171e51a0/element/f.A17C675D496C198C40B93A37572AC0F9.d.85EE11689425018B6C892A769FEAA7C2.e.13083/value - {"text":"644"}
COMMAND: GET /session/86ebb79c72de266112eececc171e51a0/screenshot - {}
RESULT: {"text":"644"}
COMMAND: GET /session/86ebb79c72de266112eececc171e51a0/screenshot - {}
RESULT: {}
RESULT: {}
COMMAND: POST /session/86ebb79c72de266112eececc171e51a0/element - {"using":"xpath","value":"//li[.//span[text()='644']]"}
RESULT: {"using":"xpath","value":"//li[.//span[text()='644']]"}
COMMAND: POST /session/86ebb79c72de266112eececc171e51a0/element/f.A17C675D496C198C40B93A37572AC0F9.d.85EE11689425018B6C892A769FEAA7C2.e.13095/click - {}
RESULT: {}
COMMAND: GET /session/86ebb79c72de266112eececc171e51a0/screenshot - {}
RESULT: {}
COMMAND: POST /session/86ebb79c72de266112eececc171e51a0/element - {"using":"xpath","value":"(//span[contains(@id, \"-application-manageresources-display-component---newResourceUnit--RUTimeSegment-0-arrow\")])[6]"}
RESULT: {"using":"xpath","value":"(//span[contains(@id, \"-application-manageresources-display-component---newResourceUnit--RUTimeSegment-0-arrow\")])[6]"}
COMMAND: POST /session/86ebb79c72de266112eececc171e51a0/element/f.A17C675D496C198C40B93A37572AC0F9.d.85EE11689425018B6C892A769FEAA7C2.e.13096/click - {}
RESULT: {}
COMMAND: GET /session/86ebb79c72de266112eececc171e51a0/screenshot - {}
RESULT: {}
COMMAND: POST /session/86ebb79c72de266112eececc171e51a0/element - {"using":"xpath","value":"//span[contains(text(), \"PM Order\")]"}
RESULT: {"using":"xpath","value":"//span[contains(text(), \"PM Order\")]"}
COMMAND: POST /session/86ebb79c72de266112eececc171e51a0/element/f.A17C675D496C198C40B93A37572AC0F9.d.85EE11689425018B6C892A769FEAA7C2.e.13099/click - {}
RESULT: {}
COMMAND: GET /session/86ebb79c72de266112eececc171e51a0/screenshot - {}
RESULT: {}
COMMAND: POST /session/86ebb79c72de266112eececc171e51a0/element - {"using":"xpath","value":"(//span[contains(@id ,\"manageresources-display-component---newResourceUnit--RUTimeSegment-0-vhi\")])[1]"}
RESULT: {"using":"xpath","value":"(//span[contains(@id ,\"manageresources-display-component---newResourceUnit--RUTimeSegment-0-vhi\")])[1]"}
COMMAND: GET /session/86ebb79c72de266112eececc171e51a0/element/f.A17C675D496C198C40B93A37572AC0F9.d.85EE11689425018B6C892A769FEAA7C2.e.13103/rect - {}
RESULT: {}
COMMAND: GET /session/86ebb79c72de266112eececc171e51a0/window/rect - {}
RESULT: {}
COMMAND: POST /session/86ebb79c72de266112eececc171e51a0/execute/sync - {"script":"<script> [92 bytes]","args":[]}
RESULT: {"script":"<script> [92 bytes]","args":[]}
COMMAND: POST /session/86ebb79c72de266112eececc171e51a0/actions - {"actions":[{"id":"action48","type":"wheel","parameters":{},"actions":[{"type":"scroll","x":-869,"y":-24,"deltaX":0,"deltaY":0,"duration":0,"origin":{"element-6066-11e4-a52e-4f735466cecf":"f.A17C675D496C198C40B93A37572AC0F9.d.85EE11689425018B6C892A769FEAA7C2.e.13103"}}]}]}
COMMAND: GET /session/86ebb79c72de266112eececc171e51a0/screenshot - {}
RESULT: {"actions":[{"id":"action48","type":"wheel","parameters":{},"actions":[{"type":"scroll","x":-869,"y":-24,"deltaX":0,"deltaY":0,"duration":0,"origin":{"element-6066-11e4-a52e-4f735466cecf":"f.A17C675D496C198C40B93A37572AC0F9.d.85EE11689425018B6C892A769FEAA7C2.e.13103"}}]}]}
COMMAND: DELETE /session/86ebb79c72de266112eececc171e51a0/actions - {}
COMMAND: GET /session/86ebb79c72de266112eececc171e51a0/screenshot - {}
RESULT: {}
RESULT: {}
COMMAND: GET /session/86ebb79c72de266112eececc171e51a0/screenshot - {}
RESULT: {}
RESULT: {}
COMMAND: POST /session/86ebb79c72de266112eececc171e51a0/element/f.A17C675D496C198C40B93A37572AC0F9.d.85EE11689425018B6C892A769FEAA7C2.e.13103/click - {}
RESULT: {}
COMMAND: GET /session/86ebb79c72de266112eececc171e51a0/screenshot - {}
RESULT: {}
COMMAND: POST /session/86ebb79c72de266112eececc171e51a0/execute/async - {"script":"<script> [1562 bytes]","args":[{"selector":{"controlType":"sap.m.SearchField","properties":{"placeholder":"Search"},"searchOpenDialogs":true,"interaction":{"idSuffix":"I"}},"wdio_ui5_key":"sapm.SearchField{\"placeholder\":\"Search\"}"}]}
RESULT: {"script":"<script> [1562 bytes]","args":[{"selector":{"controlType":"sap.m.SearchField","properties":{"placeholder":"Search"},"searchOpenDialogs":true,"interaction":{"idSuffix":"I"}},"wdio_ui5_key":"sapm.SearchField{\"placeholder\":\"Search\"}"}]}
RESULT: undefined
COMMAND: POST /session/86ebb79c72de266112eececc171e51a0/execute/async - {"script":"<script> [776 bytes]","args":[{"enterText":"4000360","selector":{"controlType":"sap.m.SearchField","properties":{"placeholder":"Search"},"searchOpenDialogs":true,"interaction":{"idSuffix":"I"}},"clearTextFirst":true,"interactionType":"ENTER_TEXT"}]}
RESULT: {"script":"<script> [776 bytes]","args":[{"enterText":"4000360","selector":{"controlType":"sap.m.SearchField","properties":{"placeholder":"Search"},"searchOpenDialogs":true,"interaction":{"idSuffix":"I"}},"clearTextFirst":true,"interactionType":"ENTER_TEXT"}]}
COMMAND: POST /session/86ebb79c72de266112eececc171e51a0/actions - {"actions":[{"id":"action49","type":"key","parameters":{},"actions":[{"type":"keyDown","value":""},{"type":"pause","duration":10},{"type":"keyUp","value":""}]}]}
RESULT: {"actions":[{"id":"action49","type":"key","parameters":{},"actions":[{"type":"keyDown","value":""},{"type":"pause","duration":10},{"type":"keyUp","value":""}]}]}
COMMAND: GET /session/86ebb79c72de266112eececc171e51a0/screenshot - {}
RESULT: {}
COMMAND: POST /session/86ebb79c72de266112eececc171e51a0/element - {"using":"xpath","value":"//td/div/span[contains(text(), \"BGL Vehicles\")]"}
RESULT: {"using":"xpath","value":"//td/div/span[contains(text(), \"BGL Vehicles\")]"}
COMMAND: POST /session/86ebb79c72de266112eececc171e51a0/element/f.A17C675D496C198C40B93A37572AC0F9.d.85EE11689425018B6C892A769FEAA7C2.e.13125/click - {}
RESULT: {}
COMMAND: GET /session/86ebb79c72de266112eececc171e51a0/screenshot - {}
RESULT: {}
COMMAND: POST /session/86ebb79c72de266112eececc171e51a0/element - {"using":"xpath","value":"//bdi[contains(text(), \"OK\")]"}
RESULT: {"using":"xpath","value":"//bdi[contains(text(), \"OK\")]"}
COMMAND: POST /session/86ebb79c72de266112eececc171e51a0/element/f.A17C675D496C198C40B93A37572AC0F9.d.85EE11689425018B6C892A769FEAA7C2.e.13126/click - {}
RESULT: {}
COMMAND: GET /session/86ebb79c72de266112eececc171e51a0/screenshot - {}
RESULT: {}
COMMAND: POST /session/86ebb79c72de266112eececc171e51a0/execute/async - {"script":"<script> [1562 bytes]","args":[{"selector":{"id":"application-manageresources-display-component---newResourceUnit--newRRUPage-anchBar-application-manageresources-display-component---newResourceUnit--resource-anchor","interaction":{"idSuffix":"BDI-content"}},"wdio_ui5_key":"applicationmanageresources-display-component---newResourceUnit--newRRUPage-anchBar-application-manageresources-display-component---newResourceUnit--resource-anchor"}]}
RESULT: {"script":"<script> [1562 bytes]","args":[{"selector":{"id":"application-manageresources-display-component---newResourceUnit--newRRUPage-anchBar-application-manageresources-display-component---newResourceUnit--resource-anchor","interaction":{"idSuffix":"BDI-content"}},"wdio_ui5_key":"applicationmanageresources-display-component---newResourceUnit--newRRUPage-anchBar-application-manageresources-display-component---newResourceUnit--resource-anchor"}]}
RESULT: undefined
COMMAND: POST /session/86ebb79c72de266112eececc171e51a0/element - {"using":"xpath","value":"//*[@id=\"application-manageresources-display-component---newResourceUnit--newRRUPage-anchBar-application-manageresources-display-component---newResourceUnit--resource-anchor\"]"}
RESULT: {"using":"xpath","value":"//*[@id=\"application-manageresources-display-component---newResourceUnit--newRRUPage-anchBar-application-manageresources-display-component---newResourceUnit--resource-anchor\"]"}
COMMAND: POST /session/86ebb79c72de266112eececc171e51a0/element/f.A17C675D496C198C40B93A37572AC0F9.d.85EE11689425018B6C892A769FEAA7C2.e.13130/click - {}
RESULT: {}
COMMAND: POST /session/86ebb79c72de266112eececc171e51a0/execute/async - {"script":"<script> [1562 bytes]","args":[{"selector":{"id":"application-manageresources-display-component---newResourceUnit--PLANNED_DELIVERY_DATE","interaction":{"idSuffix":"inner"}},"wdio_ui5_key":"applicationmanageresources-display-component---newResourceUnit--PLANNED_DELIVERY_DATE"}]}
COMMAND: GET /session/86ebb79c72de266112eececc171e51a0/screenshot - {}
RESULT: {"script":"<script> [1562 bytes]","args":[{"selector":{"id":"application-manageresources-display-component---newResourceUnit--PLANNED_DELIVERY_DATE","interaction":{"idSuffix":"inner"}},"wdio_ui5_key":"applicationmanageresources-display-component---newResourceUnit--PLANNED_DELIVERY_DATE"}]}
RESULT: undefined
COMMAND: POST /session/86ebb79c72de266112eececc171e51a0/execute/async - {"script":"<script> [6424 bytes]","args":[{"element-6066-11e4-a52e-4f735466cecf":"f.A17C675D496C198C40B93A37572AC0F9.d.85EE11689425018B6C892A769FEAA7C2.e.12993"},"setValue",["5/21/25"]]}
RESULT: {}
RESULT: {"script":"<script> [6424 bytes]","args":[{"element-6066-11e4-a52e-4f735466cecf":"f.A17C675D496C198C40B93A37572AC0F9.d.85EE11689425018B6C892A769FEAA7C2.e.12993"},"setValue",["5/21/25"]]}
COMMAND: POST /session/86ebb79c72de266112eececc171e51a0/element - {"using":"xpath","value":"//label[contains(@class, 'sapMLabelRequired') and .//bdi[contains(text(), 'Planned Retirement')]]"}
RESULT: {"using":"xpath","value":"//label[contains(@class, 'sapMLabelRequired') and .//bdi[contains(text(), 'Planned Retirement')]]"}
COMMAND: POST /session/86ebb79c72de266112eececc171e51a0/elements - {"using":"xpath","value":"//label[contains(@class, 'sapMLabelRequired') and .//bdi[contains(text(), 'Planned Retirement')]]"}
RESULT: {"using":"xpath","value":"//label[contains(@class, 'sapMLabelRequired') and .//bdi[contains(text(), 'Planned Retirement')]]"}
COMMAND: POST /session/86ebb79c72de266112eececc171e51a0/element - {"using":"xpath","value":"//button[@data-kt=\"resourceUnitSaveButton\"]"}
RESULT: {"using":"xpath","value":"//button[@data-kt=\"resourceUnitSaveButton\"]"}
COMMAND: POST /session/86ebb79c72de266112eececc171e51a0/element/f.A17C675D496C198C40B93A37572AC0F9.d.85EE11689425018B6C892A769FEAA7C2.e.12953/click - {}
RESULT: {}
COMMAND: GET /session/86ebb79c72de266112eececc171e51a0/screenshot - {}
RESULT: {}
COMMAND: POST /session/86ebb79c72de266112eececc171e51a0/element - {"using":"xpath","value":"//bdi[contains(text(), \"Close\")]"}
RESULT: {"using":"xpath","value":"//bdi[contains(text(), \"Close\")]"}
COMMAND: POST /session/86ebb79c72de266112eececc171e51a0/element/f.A17C675D496C198C40B93A37572AC0F9.d.85EE11689425018B6C892A769FEAA7C2.e.13138/click - {}
RESULT: {}
COMMAND: GET /session/86ebb79c72de266112eececc171e51a0/screenshot - {}
RESULT: {}
COMMAND: POST /session/86ebb79c72de266112eececc171e51a0/element - {"using":"xpath","value":"(//button[contains(@id ,\"actionsToolbar-overflowButton\")])[1]"}
RESULT: {"using":"xpath","value":"(//button[contains(@id ,\"actionsToolbar-overflowButton\")])[1]"}
COMMAND: POST /session/86ebb79c72de266112eececc171e51a0/element/f.A17C675D496C198C40B93A37572AC0F9.d.85EE11689425018B6C892A769FEAA7C2.e.13194/click - {}
RESULT: {}
COMMAND: GET /session/86ebb79c72de266112eececc171e51a0/screenshot - {}
RESULT: {}
COMMAND: POST /session/86ebb79c72de266112eececc171e51a0/element - {"using":"xpath","value":"//button[@data-kt=\"priceInfoButton\"]"}
RESULT: {"using":"xpath","value":"//button[@data-kt=\"priceInfoButton\"]"}
COMMAND: POST /session/86ebb79c72de266112eececc171e51a0/element/f.A17C675D496C198C40B93A37572AC0F9.d.85EE11689425018B6C892A769FEAA7C2.e.13196/click - {}
RESULT: {}
COMMAND: GET /session/86ebb79c72de266112eececc171e51a0/screenshot - {}
]]></system-out>
    </testcase>
    <testcase classname="chrome.136_0_7103_93.windows.Billing_transfer_US117289" name="Should create new pricing rule" time="58.13">
      <system-out><![CDATA[
COMMAND: POST /session/86ebb79c72de266112eececc171e51a0/element - {"using":"xpath","value":"//button[@data-kt=\"addButton\"]"}
RESULT: {}
RESULT: {"using":"xpath","value":"//button[@data-kt=\"addButton\"]"}
COMMAND: POST /session/86ebb79c72de266112eececc171e51a0/elements - {"using":"xpath","value":"//button[@data-kt=\"addButton\"]"}
RESULT: {"using":"xpath","value":"//button[@data-kt=\"addButton\"]"}
COMMAND: POST /session/86ebb79c72de266112eececc171e51a0/execute/sync - {"script":"<script> [8489 bytes]","args":[{"element-6066-11e4-a52e-4f735466cecf":"f.A17C675D496C198C40B93A37572AC0F9.d.85EE11689425018B6C892A769FEAA7C2.e.13232","ELEMENT":"f.A17C675D496C198C40B93A37572AC0F9.d.85EE11689425018B6C892A769FEAA7C2.e.13232"}]}
RESULT: {"script":"<script> [8489 bytes]","args":[{"element-6066-11e4-a52e-4f735466cecf":"f.A17C675D496C198C40B93A37572AC0F9.d.85EE11689425018B6C892A769FEAA7C2.e.13232","ELEMENT":"f.A17C675D496C198C40B93A37572AC0F9.d.85EE11689425018B6C892A769FEAA7C2.e.13232"}]}
COMMAND: GET /session/86ebb79c72de266112eececc171e51a0/element/f.A17C675D496C198C40B93A37572AC0F9.d.85EE11689425018B6C892A769FEAA7C2.e.13232/enabled - {}
COMMAND: GET /session/86ebb79c72de266112eececc171e51a0/screenshot - {}
RESULT: {}
COMMAND: POST /session/86ebb79c72de266112eececc171e51a0/execute/sync - {"script":"<script> [8489 bytes]","args":[{"element-6066-11e4-a52e-4f735466cecf":"f.A17C675D496C198C40B93A37572AC0F9.d.85EE11689425018B6C892A769FEAA7C2.e.13232","ELEMENT":"f.A17C675D496C198C40B93A37572AC0F9.d.85EE11689425018B6C892A769FEAA7C2.e.13232"}]}
COMMAND: GET /session/86ebb79c72de266112eececc171e51a0/screenshot - {}
RESULT: {}
RESULT: {"script":"<script> [8489 bytes]","args":[{"element-6066-11e4-a52e-4f735466cecf":"f.A17C675D496C198C40B93A37572AC0F9.d.85EE11689425018B6C892A769FEAA7C2.e.13232","ELEMENT":"f.A17C675D496C198C40B93A37572AC0F9.d.85EE11689425018B6C892A769FEAA7C2.e.13232"}]}
COMMAND: POST /session/86ebb79c72de266112eececc171e51a0/execute/sync - {"script":"<script> [5351 bytes]","args":[{"element-6066-11e4-a52e-4f735466cecf":"f.A17C675D496C198C40B93A37572AC0F9.d.85EE11689425018B6C892A769FEAA7C2.e.13232","ELEMENT":"f.A17C675D496C198C40B93A37572AC0F9.d.85EE11689425018B6C892A769FEAA7C2.e.13232"}]}
COMMAND: GET /session/86ebb79c72de266112eececc171e51a0/screenshot - {}
RESULT: {}
RESULT: {"script":"<script> [5351 bytes]","args":[{"element-6066-11e4-a52e-4f735466cecf":"f.A17C675D496C198C40B93A37572AC0F9.d.85EE11689425018B6C892A769FEAA7C2.e.13232","ELEMENT":"f.A17C675D496C198C40B93A37572AC0F9.d.85EE11689425018B6C892A769FEAA7C2.e.13232"}]}
COMMAND: POST /session/86ebb79c72de266112eececc171e51a0/element/f.A17C675D496C198C40B93A37572AC0F9.d.85EE11689425018B6C892A769FEAA7C2.e.13232/click - {}
COMMAND: GET /session/86ebb79c72de266112eececc171e51a0/screenshot - {}
RESULT: {}
RESULT: {}
COMMAND: GET /session/86ebb79c72de266112eececc171e51a0/screenshot - {}
RESULT: {}
RESULT: {}
COMMAND: POST /session/86ebb79c72de266112eececc171e51a0/execute/async - {"script":"<script> [1562 bytes]","args":[{"selector":{"controlType":"sap.m.Title","viewName":"etm.portal.ui.managepricingrules.view.NewItem","viewId":"application-managepricingrules-display-component---newInfoPriceItem","properties":{"text":"New Pricing Rules - Item Level"}},"wdio_ui5_key":"etmportal.ui.managepricingrules.view.NewItemsap.m.Title{\"text\":\"New Pricing Rules - Item Level\"}"}]}
RESULT: {"script":"<script> [1562 bytes]","args":[{"selector":{"controlType":"sap.m.Title","viewName":"etm.portal.ui.managepricingrules.view.NewItem","viewId":"application-managepricingrules-display-component---newInfoPriceItem","properties":{"text":"New Pricing Rules - Item Level"}},"wdio_ui5_key":"etmportal.ui.managepricingrules.view.NewItemsap.m.Title{\"text\":\"New Pricing Rules - Item Level\"}"}]}
RESULT: undefined
COMMAND: POST /session/86ebb79c72de266112eececc171e51a0/execute/async - {"script":"<script> [6424 bytes]","args":[{"element-6066-11e4-a52e-4f735466cecf":"f.A17C675D496C198C40B93A37572AC0F9.d.85EE11689425018B6C892A769FEAA7C2.e.13405"},"getText",[]]}
RESULT: {"script":"<script> [6424 bytes]","args":[{"element-6066-11e4-a52e-4f735466cecf":"f.A17C675D496C198C40B93A37572AC0F9.d.85EE11689425018B6C892A769FEAA7C2.e.13405"},"getText",[]]}
COMMAND: POST /session/86ebb79c72de266112eececc171e51a0/execute/async - {"script":"<script> [1562 bytes]","args":[{"selector":{"id":"application-managepricingrules-display-component---newInfoPriceItem--condValidTo","interaction":{"idSuffix":"inner"}},"wdio_ui5_key":"applicationmanagepricingrules-display-component---newInfoPriceItem--condValidTo"}]}
RESULT: {"script":"<script> [1562 bytes]","args":[{"selector":{"id":"application-managepricingrules-display-component---newInfoPriceItem--condValidTo","interaction":{"idSuffix":"inner"}},"wdio_ui5_key":"applicationmanagepricingrules-display-component---newInfoPriceItem--condValidTo"}]}
RESULT: undefined
COMMAND: POST /session/86ebb79c72de266112eececc171e51a0/execute/async - {"script":"<script> [776 bytes]","args":[{"enterText":"1/21/26","selector":{"id":"application-managepricingrules-display-component---newInfoPriceItem--condValidTo","interaction":{"idSuffix":"inner"}},"clearTextFirst":true,"interactionType":"ENTER_TEXT"}]}
RESULT: {"script":"<script> [776 bytes]","args":[{"enterText":"1/21/26","selector":{"id":"application-managepricingrules-display-component---newInfoPriceItem--condValidTo","interaction":{"idSuffix":"inner"}},"clearTextFirst":true,"interactionType":"ENTER_TEXT"}]}
COMMAND: POST /session/86ebb79c72de266112eececc171e51a0/execute/async - {"script":"<script> [1562 bytes]","args":[{"selector":{"id":"application-managepricingrules-display-component---newInfoPriceItem--billType-arrow"},"wdio_ui5_key":"applicationmanagepricingrules-display-component---newInfoPriceItem--billType-arrow"}]}
RESULT: {"script":"<script> [1562 bytes]","args":[{"selector":{"id":"application-managepricingrules-display-component---newInfoPriceItem--billType-arrow"},"wdio_ui5_key":"applicationmanagepricingrules-display-component---newInfoPriceItem--billType-arrow"}]}
RESULT: undefined
COMMAND: POST /session/86ebb79c72de266112eececc171e51a0/element - {"using":"xpath","value":"//*[@id=\"application-managepricingrules-display-component---newInfoPriceItem--billType-arrow\"]"}
RESULT: {"using":"xpath","value":"//*[@id=\"application-managepricingrules-display-component---newInfoPriceItem--billType-arrow\"]"}
COMMAND: POST /session/86ebb79c72de266112eececc171e51a0/element/f.A17C675D496C198C40B93A37572AC0F9.d.85EE11689425018B6C892A769FEAA7C2.e.13362/click - {}
RESULT: {}
COMMAND: POST /session/86ebb79c72de266112eececc171e51a0/element - {"using":"xpath","value":"//span[contains(text(), \"TB - Time based\")]"}
COMMAND: GET /session/86ebb79c72de266112eececc171e51a0/screenshot - {}
RESULT: {"using":"xpath","value":"//span[contains(text(), \"TB - Time based\")]"}
COMMAND: POST /session/86ebb79c72de266112eececc171e51a0/element/f.A17C675D496C198C40B93A37572AC0F9.d.85EE11689425018B6C892A769FEAA7C2.e.13407/click - {}
RESULT: {}
RESULT: {}
COMMAND: POST /session/86ebb79c72de266112eececc171e51a0/execute/async - {"script":"<script> [1562 bytes]","args":[{"selector":{"id":"application-managepricingrules-display-component---newInfoPriceItem--priceProc-arrow"},"wdio_ui5_key":"applicationmanagepricingrules-display-component---newInfoPriceItem--priceProc-arrow"}]}
COMMAND: GET /session/86ebb79c72de266112eececc171e51a0/screenshot - {}
RESULT: {"script":"<script> [1562 bytes]","args":[{"selector":{"id":"application-managepricingrules-display-component---newInfoPriceItem--priceProc-arrow"},"wdio_ui5_key":"applicationmanagepricingrules-display-component---newInfoPriceItem--priceProc-arrow"}]}
RESULT: undefined
COMMAND: POST /session/86ebb79c72de266112eececc171e51a0/element - {"using":"xpath","value":"//*[@id=\"application-managepricingrules-display-component---newInfoPriceItem--priceProc-arrow\"]"}
RESULT: {}
RESULT: {"using":"xpath","value":"//*[@id=\"application-managepricingrules-display-component---newInfoPriceItem--priceProc-arrow\"]"}
COMMAND: POST /session/86ebb79c72de266112eececc171e51a0/element/f.A17C675D496C198C40B93A37572AC0F9.d.85EE11689425018B6C892A769FEAA7C2.e.13369/click - {}
RESULT: {}
COMMAND: POST /session/86ebb79c72de266112eececc171e51a0/element - {"using":"xpath","value":"//span[contains(text(), \"TBS - Time based standard\")]"}
COMMAND: GET /session/86ebb79c72de266112eececc171e51a0/screenshot - {}
RESULT: {"using":"xpath","value":"//span[contains(text(), \"TBS - Time based standard\")]"}
COMMAND: POST /session/86ebb79c72de266112eececc171e51a0/element/f.A17C675D496C198C40B93A37572AC0F9.d.85EE11689425018B6C892A769FEAA7C2.e.13408/click - {}
RESULT: {}
RESULT: {}
COMMAND: POST /session/86ebb79c72de266112eececc171e51a0/execute/async - {"script":"<script> [1562 bytes]","args":[{"selector":{"id":"application-managepricingrules-display-component---newInfoPriceItem--calcBase-arrow"},"wdio_ui5_key":"applicationmanagepricingrules-display-component---newInfoPriceItem--calcBase-arrow"}]}
COMMAND: GET /session/86ebb79c72de266112eececc171e51a0/screenshot - {}
RESULT: {"script":"<script> [1562 bytes]","args":[{"selector":{"id":"application-managepricingrules-display-component---newInfoPriceItem--calcBase-arrow"},"wdio_ui5_key":"applicationmanagepricingrules-display-component---newInfoPriceItem--calcBase-arrow"}]}
RESULT: undefined
COMMAND: POST /session/86ebb79c72de266112eececc171e51a0/element - {"using":"xpath","value":"//*[@id=\"application-managepricingrules-display-component---newInfoPriceItem--calcBase-arrow\"]"}
RESULT: {}
RESULT: {"using":"xpath","value":"//*[@id=\"application-managepricingrules-display-component---newInfoPriceItem--calcBase-arrow\"]"}
COMMAND: POST /session/86ebb79c72de266112eececc171e51a0/element/f.A17C675D496C198C40B93A37572AC0F9.d.85EE11689425018B6C892A769FEAA7C2.e.13376/click - {}
RESULT: {}
COMMAND: GET /session/86ebb79c72de266112eececc171e51a0/screenshot - {}
RESULT: {}
COMMAND: POST /session/86ebb79c72de266112eececc171e51a0/element - {"using":"xpath","value":"//span[contains(text(), \"0006 - TB(calendar days)\")]"}
RESULT: {"using":"xpath","value":"//span[contains(text(), \"0006 - TB(calendar days)\")]"}
COMMAND: POST /session/86ebb79c72de266112eececc171e51a0/element/f.A17C675D496C198C40B93A37572AC0F9.d.85EE11689425018B6C892A769FEAA7C2.e.13409/click - {}
RESULT: {}
COMMAND: GET /session/86ebb79c72de266112eececc171e51a0/screenshot - {}
RESULT: {}
COMMAND: POST /session/86ebb79c72de266112eececc171e51a0/execute/async - {"script":"<script> [1562 bytes]","args":[{"selector":{"id":"application-managepricingrules-display-component---newInfoPriceItem--daysMonth","interaction":{"idSuffix":"inner"}},"wdio_ui5_key":"applicationmanagepricingrules-display-component---newInfoPriceItem--daysMonth"}]}
RESULT: {"script":"<script> [1562 bytes]","args":[{"selector":{"id":"application-managepricingrules-display-component---newInfoPriceItem--daysMonth","interaction":{"idSuffix":"inner"}},"wdio_ui5_key":"applicationmanagepricingrules-display-component---newInfoPriceItem--daysMonth"}]}
RESULT: undefined
COMMAND: POST /session/86ebb79c72de266112eececc171e51a0/execute/async - {"script":"<script> [776 bytes]","args":[{"enterText":"30","selector":{"id":"application-managepricingrules-display-component---newInfoPriceItem--daysMonth","interaction":{"idSuffix":"inner"}},"clearTextFirst":true,"interactionType":"ENTER_TEXT"}]}
RESULT: {"script":"<script> [776 bytes]","args":[{"enterText":"30","selector":{"id":"application-managepricingrules-display-component---newInfoPriceItem--daysMonth","interaction":{"idSuffix":"inner"}},"clearTextFirst":true,"interactionType":"ENTER_TEXT"}]}
COMMAND: POST /session/86ebb79c72de266112eececc171e51a0/element - {"using":"xpath","value":"//button[@data-kt=\"saveNewRuleButton\"]"}
RESULT: {"using":"xpath","value":"//button[@data-kt=\"saveNewRuleButton\"]"}
COMMAND: POST /session/86ebb79c72de266112eececc171e51a0/element/f.A17C675D496C198C40B93A37572AC0F9.d.85EE11689425018B6C892A769FEAA7C2.e.13396/click - {}
RESULT: {}
COMMAND: GET /session/86ebb79c72de266112eececc171e51a0/screenshot - {}
RESULT: {}
COMMAND: POST /session/86ebb79c72de266112eececc171e51a0/execute/async - {"script":"<script> [1562 bytes]","args":[{"selector":{"id":"application-managepricingrules-display-component---priceInfoItem--smartFilterBar-btnBasicSearch","interaction":{"idSuffix":"I"}},"wdio_ui5_key":"applicationmanagepricingrules-display-component---priceInfoItem--smartFilterBar-btnBasicSearch"}]}
RESULT: {"script":"<script> [1562 bytes]","args":[{"selector":{"id":"application-managepricingrules-display-component---priceInfoItem--smartFilterBar-btnBasicSearch","interaction":{"idSuffix":"I"}},"wdio_ui5_key":"applicationmanagepricingrules-display-component---priceInfoItem--smartFilterBar-btnBasicSearch"}]}
RESULT: undefined
COMMAND: POST /session/86ebb79c72de266112eececc171e51a0/execute/async - {"script":"<script> [776 bytes]","args":[{"enterText":"3VBADO8JRX","selector":{"id":"application-managepricingrules-display-component---priceInfoItem--smartFilterBar-btnBasicSearch","interaction":{"idSuffix":"I"}},"clearTextFirst":true,"interactionType":"ENTER_TEXT"}]}
RESULT: {"script":"<script> [776 bytes]","args":[{"enterText":"3VBADO8JRX","selector":{"id":"application-managepricingrules-display-component---priceInfoItem--smartFilterBar-btnBasicSearch","interaction":{"idSuffix":"I"}},"clearTextFirst":true,"interactionType":"ENTER_TEXT"}]}
COMMAND: POST /session/86ebb79c72de266112eececc171e51a0/actions - {"actions":[{"id":"action50","type":"key","parameters":{},"actions":[{"type":"keyDown","value":""},{"type":"pause","duration":10},{"type":"keyUp","value":""}]}]}
RESULT: {"actions":[{"id":"action50","type":"key","parameters":{},"actions":[{"type":"keyDown","value":""},{"type":"pause","duration":10},{"type":"keyUp","value":""}]}]}
COMMAND: GET /session/86ebb79c72de266112eececc171e51a0/screenshot - {}
RESULT: {}
COMMAND: POST /session/86ebb79c72de266112eececc171e51a0/element - {"using":"xpath","value":"//span[@id=\"application-managepricingrules-display-component---priceInfoItem--smartTable-header-inner\"]"}
RESULT: {"using":"xpath","value":"//span[@id=\"application-managepricingrules-display-component---priceInfoItem--smartTable-header-inner\"]"}
COMMAND: POST /session/86ebb79c72de266112eececc171e51a0/elements - {"using":"xpath","value":"//span[@id=\"application-managepricingrules-display-component---priceInfoItem--smartTable-header-inner\"]"}
RESULT: {"using":"xpath","value":"//span[@id=\"application-managepricingrules-display-component---priceInfoItem--smartTable-header-inner\"]"}
COMMAND: POST /session/86ebb79c72de266112eececc171e51a0/execute/sync - {"script":"<script> [56 bytes]","args":[{"element-6066-11e4-a52e-4f735466cecf":"f.A17C675D496C198C40B93A37572AC0F9.d.85EE11689425018B6C892A769FEAA7C2.e.13432","ELEMENT":"f.A17C675D496C198C40B93A37572AC0F9.d.85EE11689425018B6C892A769FEAA7C2.e.13432"}]}
RESULT: {"script":"<script> [56 bytes]","args":[{"element-6066-11e4-a52e-4f735466cecf":"f.A17C675D496C198C40B93A37572AC0F9.d.85EE11689425018B6C892A769FEAA7C2.e.13432","ELEMENT":"f.A17C675D496C198C40B93A37572AC0F9.d.85EE11689425018B6C892A769FEAA7C2.e.13432"}]}
COMMAND: POST /session/86ebb79c72de266112eececc171e51a0/element - {"using":"css selector","value":"#shell-header-logo"}
COMMAND: GET /session/86ebb79c72de266112eececc171e51a0/screenshot - {}
RESULT: {"using":"css selector","value":"#shell-header-logo"}
COMMAND: POST /session/86ebb79c72de266112eececc171e51a0/element/f.A17C675D496C198C40B93A37572AC0F9.d.85EE11689425018B6C892A769FEAA7C2.e.12549/click - {}
RESULT: {}
RESULT: {}
COMMAND: GET /session/86ebb79c72de266112eececc171e51a0/screenshot - {}
RESULT: {}
]]></system-out>
    </testcase>
    <testcase classname="chrome.136_0_7103_93.windows.Billing_transfer_US117289" name="Should create new condition for equipment" time="71.581">
      <system-out><![CDATA[
COMMAND: POST /session/86ebb79c72de266112eececc171e51a0/execute/async - {"script":"<script> [1562 bytes]","args":[{"selector":{"controlType":"sap.m.GenericTile","properties":{"header":"Manage Conditions & Prices"}},"wdio_ui5_key":"sapm.GenericTile{\"header\":\"Manage Conditions & Prices\"}"}]}
RESULT: {"script":"<script> [1562 bytes]","args":[{"selector":{"controlType":"sap.m.GenericTile","properties":{"header":"Manage Conditions & Prices"}},"wdio_ui5_key":"sapm.GenericTile{\"header\":\"Manage Conditions & Prices\"}"}]}
RESULT: undefined
COMMAND: POST /session/86ebb79c72de266112eececc171e51a0/element - {"using":"xpath","value":"//*[@id=\"__tile53\"]"}
RESULT: {"using":"xpath","value":"//*[@id=\"__tile53\"]"}
COMMAND: POST /session/86ebb79c72de266112eececc171e51a0/element/f.A17C675D496C198C40B93A37572AC0F9.d.85EE11689425018B6C892A769FEAA7C2.e.12490/click - {}
RESULT: {}
COMMAND: GET /session/86ebb79c72de266112eececc171e51a0/screenshot - {}
COMMAND: POST /session/86ebb79c72de266112eececc171e51a0/elements - {"using":"xpath","value":"//span[text()='Error']"}
RESULT: {}
RESULT: {"using":"xpath","value":"//span[text()='Error']"}
COMMAND: POST /session/86ebb79c72de266112eececc171e51a0/element - {"using":"xpath","value":"//button[@aria-label=\"Create\"]"}
RESULT: {"using":"xpath","value":"//button[@aria-label=\"Create\"]"}
COMMAND: POST /session/86ebb79c72de266112eececc171e51a0/elements - {"using":"xpath","value":"//button[@aria-label=\"Create\"]"}
RESULT: {"using":"xpath","value":"//button[@aria-label=\"Create\"]"}
COMMAND: POST /session/86ebb79c72de266112eececc171e51a0/execute/sync - {"script":"<script> [8489 bytes]","args":[{"element-6066-11e4-a52e-4f735466cecf":"f.A17C675D496C198C40B93A37572AC0F9.d.85EE11689425018B6C892A769FEAA7C2.e.13467","ELEMENT":"f.A17C675D496C198C40B93A37572AC0F9.d.85EE11689425018B6C892A769FEAA7C2.e.13467"}]}
RESULT: {"script":"<script> [8489 bytes]","args":[{"element-6066-11e4-a52e-4f735466cecf":"f.A17C675D496C198C40B93A37572AC0F9.d.85EE11689425018B6C892A769FEAA7C2.e.13467","ELEMENT":"f.A17C675D496C198C40B93A37572AC0F9.d.85EE11689425018B6C892A769FEAA7C2.e.13467"}]}
COMMAND: GET /session/86ebb79c72de266112eececc171e51a0/element/f.A17C675D496C198C40B93A37572AC0F9.d.85EE11689425018B6C892A769FEAA7C2.e.13467/enabled - {}
COMMAND: GET /session/86ebb79c72de266112eececc171e51a0/screenshot - {}
RESULT: {}
COMMAND: POST /session/86ebb79c72de266112eececc171e51a0/execute/sync - {"script":"<script> [8489 bytes]","args":[{"element-6066-11e4-a52e-4f735466cecf":"f.A17C675D496C198C40B93A37572AC0F9.d.85EE11689425018B6C892A769FEAA7C2.e.13467","ELEMENT":"f.A17C675D496C198C40B93A37572AC0F9.d.85EE11689425018B6C892A769FEAA7C2.e.13467"}]}
COMMAND: GET /session/86ebb79c72de266112eececc171e51a0/screenshot - {}
RESULT: {}
RESULT: {"script":"<script> [8489 bytes]","args":[{"element-6066-11e4-a52e-4f735466cecf":"f.A17C675D496C198C40B93A37572AC0F9.d.85EE11689425018B6C892A769FEAA7C2.e.13467","ELEMENT":"f.A17C675D496C198C40B93A37572AC0F9.d.85EE11689425018B6C892A769FEAA7C2.e.13467"}]}
COMMAND: POST /session/86ebb79c72de266112eececc171e51a0/execute/sync - {"script":"<script> [5351 bytes]","args":[{"element-6066-11e4-a52e-4f735466cecf":"f.A17C675D496C198C40B93A37572AC0F9.d.85EE11689425018B6C892A769FEAA7C2.e.13467","ELEMENT":"f.A17C675D496C198C40B93A37572AC0F9.d.85EE11689425018B6C892A769FEAA7C2.e.13467"}]}
COMMAND: GET /session/86ebb79c72de266112eececc171e51a0/screenshot - {}
RESULT: {}
RESULT: {"script":"<script> [5351 bytes]","args":[{"element-6066-11e4-a52e-4f735466cecf":"f.A17C675D496C198C40B93A37572AC0F9.d.85EE11689425018B6C892A769FEAA7C2.e.13467","ELEMENT":"f.A17C675D496C198C40B93A37572AC0F9.d.85EE11689425018B6C892A769FEAA7C2.e.13467"}]}
COMMAND: POST /session/86ebb79c72de266112eececc171e51a0/element/f.A17C675D496C198C40B93A37572AC0F9.d.85EE11689425018B6C892A769FEAA7C2.e.13467/click - {}
COMMAND: GET /session/86ebb79c72de266112eececc171e51a0/screenshot - {}
RESULT: {}
RESULT: {}
COMMAND: GET /session/86ebb79c72de266112eececc171e51a0/screenshot - {}
RESULT: {}
RESULT: {}
COMMAND: POST /session/86ebb79c72de266112eececc171e51a0/actions - {"actions":[{"id":"action51","type":"key","parameters":{},"actions":[{"type":"keyDown","value":""},{"type":"pause","duration":10},{"type":"keyUp","value":""}]}]}
RESULT: {"actions":[{"id":"action51","type":"key","parameters":{},"actions":[{"type":"keyDown","value":""},{"type":"pause","duration":10},{"type":"keyUp","value":""}]}]}
COMMAND: GET /session/86ebb79c72de266112eececc171e51a0/screenshot - {}
RESULT: {}
COMMAND: POST /session/86ebb79c72de266112eececc171e51a0/execute/async - {"script":"<script> [1562 bytes]","args":[{"selector":{"id":"application-manageconditionprice-display-component---newCondition--condBillCond-arrow"},"wdio_ui5_key":"applicationmanageconditionprice-display-component---newCondition--condBillCond-arrow"}]}
RESULT: {"script":"<script> [1562 bytes]","args":[{"selector":{"id":"application-manageconditionprice-display-component---newCondition--condBillCond-arrow"},"wdio_ui5_key":"applicationmanageconditionprice-display-component---newCondition--condBillCond-arrow"}]}
RESULT: undefined
COMMAND: POST /session/86ebb79c72de266112eececc171e51a0/element - {"using":"xpath","value":"//*[@id=\"application-manageconditionprice-display-component---newCondition--condBillCond-arrow\"]"}
RESULT: {"using":"xpath","value":"//*[@id=\"application-manageconditionprice-display-component---newCondition--condBillCond-arrow\"]"}
COMMAND: POST /session/86ebb79c72de266112eececc171e51a0/element/f.A17C675D496C198C40B93A37572AC0F9.d.85EE11689425018B6C892A769FEAA7C2.e.13642/click - {}
RESULT: {}
COMMAND: GET /session/86ebb79c72de266112eececc171e51a0/screenshot - {}
RESULT: {}
COMMAND: POST /session/86ebb79c72de266112eececc171e51a0/element - {"using":"xpath","value":"//li[.//span[contains(text(), \"DISP - D&I special price\")]]"}
RESULT: {"using":"xpath","value":"//li[.//span[contains(text(), \"DISP - D&I special price\")]]"}
COMMAND: POST /session/86ebb79c72de266112eececc171e51a0/element/f.A17C675D496C198C40B93A37572AC0F9.d.85EE11689425018B6C892A769FEAA7C2.e.13645/click - {}
RESULT: {}
COMMAND: GET /session/86ebb79c72de266112eececc171e51a0/screenshot - {}
RESULT: {}
COMMAND: POST /session/86ebb79c72de266112eececc171e51a0/execute/async - {"script":"<script> [1562 bytes]","args":[{"selector":{"id":"application-manageconditionprice-display-component---newCondition--condValidTo","interaction":{"idSuffix":"inner"}},"wdio_ui5_key":"applicationmanageconditionprice-display-component---newCondition--condValidTo"}]}
RESULT: {"script":"<script> [1562 bytes]","args":[{"selector":{"id":"application-manageconditionprice-display-component---newCondition--condValidTo","interaction":{"idSuffix":"inner"}},"wdio_ui5_key":"applicationmanageconditionprice-display-component---newCondition--condValidTo"}]}
RESULT: undefined
COMMAND: POST /session/86ebb79c72de266112eececc171e51a0/execute/async - {"script":"<script> [776 bytes]","args":[{"enterText":"1/21/26","selector":{"id":"application-manageconditionprice-display-component---newCondition--condValidTo","interaction":{"idSuffix":"inner"}},"clearTextFirst":true,"interactionType":"ENTER_TEXT"}]}
RESULT: {"script":"<script> [776 bytes]","args":[{"enterText":"1/21/26","selector":{"id":"application-manageconditionprice-display-component---newCondition--condValidTo","interaction":{"idSuffix":"inner"}},"clearTextFirst":true,"interactionType":"ENTER_TEXT"}]}
COMMAND: POST /session/86ebb79c72de266112eececc171e51a0/element - {"using":"xpath","value":"//input[@id=\"application-manageconditionprice-display-component---newCondition--condRU-inner\"]"}
RESULT: {"using":"xpath","value":"//input[@id=\"application-manageconditionprice-display-component---newCondition--condRU-inner\"]"}
COMMAND: POST /session/86ebb79c72de266112eececc171e51a0/element/f.A17C675D496C198C40B93A37572AC0F9.d.85EE11689425018B6C892A769FEAA7C2.e.13512/clear - {}
RESULT: {}
COMMAND: POST /session/86ebb79c72de266112eececc171e51a0/element/f.A17C675D496C198C40B93A37572AC0F9.d.85EE11689425018B6C892A769FEAA7C2.e.13512/value - {"text":"3VBADO8JRX"}
COMMAND: GET /session/86ebb79c72de266112eececc171e51a0/screenshot - {}
RESULT: {"text":"3VBADO8JRX"}
COMMAND: GET /session/86ebb79c72de266112eececc171e51a0/screenshot - {}
RESULT: {}
RESULT: {}
COMMAND: POST /session/86ebb79c72de266112eececc171e51a0/actions - {"actions":[{"id":"action52","type":"key","parameters":{},"actions":[{"type":"keyDown","value":""},{"type":"pause","duration":10},{"type":"keyUp","value":""}]}]}
RESULT: {"actions":[{"id":"action52","type":"key","parameters":{},"actions":[{"type":"keyDown","value":""},{"type":"pause","duration":10},{"type":"keyUp","value":""}]}]}
COMMAND: POST /session/86ebb79c72de266112eececc171e51a0/execute/async - {"script":"<script> [1562 bytes]","args":[{"selector":{"id":"application-manageconditionprice-display-component---newCondition--condBaseQty","interaction":{"idSuffix":"inner"}},"wdio_ui5_key":"applicationmanageconditionprice-display-component---newCondition--condBaseQty"}]}
COMMAND: GET /session/86ebb79c72de266112eececc171e51a0/screenshot - {}
RESULT: {"script":"<script> [1562 bytes]","args":[{"selector":{"id":"application-manageconditionprice-display-component---newCondition--condBaseQty","interaction":{"idSuffix":"inner"}},"wdio_ui5_key":"applicationmanageconditionprice-display-component---newCondition--condBaseQty"}]}
RESULT: undefined
COMMAND: POST /session/86ebb79c72de266112eececc171e51a0/execute/async - {"script":"<script> [776 bytes]","args":[{"enterText":"1","selector":{"id":"application-manageconditionprice-display-component---newCondition--condBaseQty","interaction":{"idSuffix":"inner"}},"clearTextFirst":true,"interactionType":"ENTER_TEXT"}]}
RESULT: {}
RESULT: {"script":"<script> [776 bytes]","args":[{"enterText":"1","selector":{"id":"application-manageconditionprice-display-component---newCondition--condBaseQty","interaction":{"idSuffix":"inner"}},"clearTextFirst":true,"interactionType":"ENTER_TEXT"}]}
COMMAND: POST /session/86ebb79c72de266112eececc171e51a0/execute/async - {"script":"<script> [1562 bytes]","args":[{"selector":{"id":"application-manageconditionprice-display-component---newCondition--condValue","interaction":{"idSuffix":"inner"}},"wdio_ui5_key":"applicationmanageconditionprice-display-component---newCondition--condValue"}]}
RESULT: {"script":"<script> [1562 bytes]","args":[{"selector":{"id":"application-manageconditionprice-display-component---newCondition--condValue","interaction":{"idSuffix":"inner"}},"wdio_ui5_key":"applicationmanageconditionprice-display-component---newCondition--condValue"}]}
RESULT: undefined
COMMAND: POST /session/86ebb79c72de266112eececc171e51a0/execute/async - {"script":"<script> [776 bytes]","args":[{"enterText":"100","selector":{"id":"application-manageconditionprice-display-component---newCondition--condValue","interaction":{"idSuffix":"inner"}},"clearTextFirst":true,"interactionType":"ENTER_TEXT"}]}
RESULT: {"script":"<script> [776 bytes]","args":[{"enterText":"100","selector":{"id":"application-manageconditionprice-display-component---newCondition--condValue","interaction":{"idSuffix":"inner"}},"clearTextFirst":true,"interactionType":"ENTER_TEXT"}]}
COMMAND: POST /session/86ebb79c72de266112eececc171e51a0/execute/async - {"script":"<script> [1562 bytes]","args":[{"selector":{"id":"application-manageconditionprice-display-component---newCondition--condCurr-arrow"},"wdio_ui5_key":"applicationmanageconditionprice-display-component---newCondition--condCurr-arrow"}]}
RESULT: {"script":"<script> [1562 bytes]","args":[{"selector":{"id":"application-manageconditionprice-display-component---newCondition--condCurr-arrow"},"wdio_ui5_key":"applicationmanageconditionprice-display-component---newCondition--condCurr-arrow"}]}
RESULT: undefined
COMMAND: POST /session/86ebb79c72de266112eececc171e51a0/element - {"using":"xpath","value":"//*[@id=\"application-manageconditionprice-display-component---newCondition--condCurr-arrow\"]"}
RESULT: {"using":"xpath","value":"//*[@id=\"application-manageconditionprice-display-component---newCondition--condCurr-arrow\"]"}
COMMAND: POST /session/86ebb79c72de266112eececc171e51a0/element/f.A17C675D496C198C40B93A37572AC0F9.d.85EE11689425018B6C892A769FEAA7C2.e.13604/click - {}
RESULT: {}
COMMAND: POST /session/86ebb79c72de266112eececc171e51a0/element - {"using":"xpath","value":"//span[contains(text(), \"Euro\")]"}
COMMAND: GET /session/86ebb79c72de266112eececc171e51a0/screenshot - {}
RESULT: {"using":"xpath","value":"//span[contains(text(), \"Euro\")]"}
COMMAND: POST /session/86ebb79c72de266112eececc171e51a0/element/f.A17C675D496C198C40B93A37572AC0F9.d.85EE11689425018B6C892A769FEAA7C2.e.13680/click - {}
RESULT: {}
RESULT: {}
COMMAND: POST /session/86ebb79c72de266112eececc171e51a0/element - {"using":"xpath","value":"//button[@data-kt=\"saveButton\"]"}
COMMAND: GET /session/86ebb79c72de266112eececc171e51a0/screenshot - {}
RESULT: {"using":"xpath","value":"//button[@data-kt=\"saveButton\"]"}
COMMAND: POST /session/86ebb79c72de266112eececc171e51a0/element/f.A17C675D496C198C40B93A37572AC0F9.d.85EE11689425018B6C892A769FEAA7C2.e.13605/click - {}
RESULT: {}
RESULT: {}
COMMAND: GET /session/86ebb79c72de266112eececc171e51a0/screenshot - {}
RESULT: {}
COMMAND: POST /session/86ebb79c72de266112eececc171e51a0/execute/async - {"script":"<script> [1562 bytes]","args":[{"selector":{"id":"application-manageconditionprice-display-component---conditions--smartFilterBar-btnBasicSearch","interaction":{"idSuffix":"I"}},"wdio_ui5_key":"applicationmanageconditionprice-display-component---conditions--smartFilterBar-btnBasicSearch"}]}
RESULT: {"script":"<script> [1562 bytes]","args":[{"selector":{"id":"application-manageconditionprice-display-component---conditions--smartFilterBar-btnBasicSearch","interaction":{"idSuffix":"I"}},"wdio_ui5_key":"applicationmanageconditionprice-display-component---conditions--smartFilterBar-btnBasicSearch"}]}
RESULT: undefined
COMMAND: POST /session/86ebb79c72de266112eececc171e51a0/execute/async - {"script":"<script> [776 bytes]","args":[{"enterText":"3VBADO8JRX","selector":{"id":"application-manageconditionprice-display-component---conditions--smartFilterBar-btnBasicSearch","interaction":{"idSuffix":"I"}},"clearTextFirst":true,"interactionType":"ENTER_TEXT"}]}
RESULT: {"script":"<script> [776 bytes]","args":[{"enterText":"3VBADO8JRX","selector":{"id":"application-manageconditionprice-display-component---conditions--smartFilterBar-btnBasicSearch","interaction":{"idSuffix":"I"}},"clearTextFirst":true,"interactionType":"ENTER_TEXT"}]}
COMMAND: POST /session/86ebb79c72de266112eececc171e51a0/actions - {"actions":[{"id":"action53","type":"key","parameters":{},"actions":[{"type":"keyDown","value":""},{"type":"pause","duration":10},{"type":"keyUp","value":""}]}]}
RESULT: {"actions":[{"id":"action53","type":"key","parameters":{},"actions":[{"type":"keyDown","value":""},{"type":"pause","duration":10},{"type":"keyUp","value":""}]}]}
COMMAND: GET /session/86ebb79c72de266112eececc171e51a0/screenshot - {}
RESULT: {}
COMMAND: POST /session/86ebb79c72de266112eececc171e51a0/execute/async - {"script":"<script> [1562 bytes]","args":[{"selector":{"id":"application-manageconditionprice-display-component---conditions--smartFilterBar-filterItemControl_BASIC-BILL_TYPES-vhi"},"wdio_ui5_key":"applicationmanageconditionprice-display-component---conditions--smartFilterBar-filterItemControl_BASIC-BILL_TYPES-vhi"}]}
RESULT: {"script":"<script> [1562 bytes]","args":[{"selector":{"id":"application-manageconditionprice-display-component---conditions--smartFilterBar-filterItemControl_BASIC-BILL_TYPES-vhi"},"wdio_ui5_key":"applicationmanageconditionprice-display-component---conditions--smartFilterBar-filterItemControl_BASIC-BILL_TYPES-vhi"}]}
RESULT: undefined
COMMAND: POST /session/86ebb79c72de266112eececc171e51a0/element - {"using":"xpath","value":"//*[@id=\"application-manageconditionprice-display-component---conditions--smartFilterBar-filterItemControl_BASIC-BILL_TYPES-vhi\"]"}
RESULT: {"using":"xpath","value":"//*[@id=\"application-manageconditionprice-display-component---conditions--smartFilterBar-filterItemControl_BASIC-BILL_TYPES-vhi\"]"}
COMMAND: POST /session/86ebb79c72de266112eececc171e51a0/element/f.A17C675D496C198C40B93A37572AC0F9.d.85EE11689425018B6C892A769FEAA7C2.e.13786/click - {}
RESULT: {}
COMMAND: POST /session/86ebb79c72de266112eececc171e51a0/execute/async - {"script":"<script> [1562 bytes]","args":[{"selector":{"id":"application-manageconditionprice-display-component---conditions--smartFilterBar-filterItemControl_BASIC-BILL_TYPES-valueHelpDialog-smartFilterBar-btnBasicSearch","searchOpenDialogs":true,"interaction":{"idSuffix":"I"}},"wdio_ui5_key":"applicationmanageconditionprice-display-component---conditions--smartFilterBar-filterItemControl_BASIC-BILL_TYPES-valueHelpDialog-smartFilterBar-btnBasicSearch"}]}
COMMAND: GET /session/86ebb79c72de266112eececc171e51a0/screenshot - {}
RESULT: {"script":"<script> [1562 bytes]","args":[{"selector":{"id":"application-manageconditionprice-display-component---conditions--smartFilterBar-filterItemControl_BASIC-BILL_TYPES-valueHelpDialog-smartFilterBar-btnBasicSearch","searchOpenDialogs":true,"interaction":{"idSuffix":"I"}},"wdio_ui5_key":"applicationmanageconditionprice-display-component---conditions--smartFilterBar-filterItemControl_BASIC-BILL_TYPES-valueHelpDialog-smartFilterBar-btnBasicSearch"}]}
RESULT: undefined
COMMAND: POST /session/86ebb79c72de266112eececc171e51a0/execute/async - {"script":"<script> [776 bytes]","args":[{"enterText":"TB","selector":{"id":"application-manageconditionprice-display-component---conditions--smartFilterBar-filterItemControl_BASIC-BILL_TYPES-valueHelpDialog-smartFilterBar-btnBasicSearch","searchOpenDialogs":true,"interaction":{"idSuffix":"I"}},"clearTextFirst":true,"interactionType":"ENTER_TEXT"}]}
RESULT: {}
RESULT: {"script":"<script> [776 bytes]","args":[{"enterText":"TB","selector":{"id":"application-manageconditionprice-display-component---conditions--smartFilterBar-filterItemControl_BASIC-BILL_TYPES-valueHelpDialog-smartFilterBar-btnBasicSearch","searchOpenDialogs":true,"interaction":{"idSuffix":"I"}},"clearTextFirst":true,"interactionType":"ENTER_TEXT"}]}
COMMAND: POST /session/86ebb79c72de266112eececc171e51a0/actions - {"actions":[{"id":"action54","type":"key","parameters":{},"actions":[{"type":"keyDown","value":""},{"type":"pause","duration":10},{"type":"keyUp","value":""}]}]}
RESULT: {"actions":[{"id":"action54","type":"key","parameters":{},"actions":[{"type":"keyDown","value":""},{"type":"pause","duration":10},{"type":"keyUp","value":""}]}]}
COMMAND: GET /session/86ebb79c72de266112eececc171e51a0/screenshot - {}
RESULT: {}
COMMAND: POST /session/86ebb79c72de266112eececc171e51a0/element - {"using":"xpath","value":"//div[contains(@id, 'application-manageconditionprice-display-component---conditions--smartFilterBar-filterItemControl_BASIC-BILL_TYPES-valueHelpDialog-table-rowsel0')]"}
RESULT: {"using":"xpath","value":"//div[contains(@id, 'application-manageconditionprice-display-component---conditions--smartFilterBar-filterItemControl_BASIC-BILL_TYPES-valueHelpDialog-table-rowsel0')]"}
COMMAND: POST /session/86ebb79c72de266112eececc171e51a0/element/f.A17C675D496C198C40B93A37572AC0F9.d.85EE11689425018B6C892A769FEAA7C2.e.13795/click - {}
RESULT: {}
COMMAND: GET /session/86ebb79c72de266112eececc171e51a0/screenshot - {}
RESULT: {}
COMMAND: POST /session/86ebb79c72de266112eececc171e51a0/element - {"using":"xpath","value":"//bdi[contains(text(), \"OK\")]"}
RESULT: {"using":"xpath","value":"//bdi[contains(text(), \"OK\")]"}
COMMAND: POST /session/86ebb79c72de266112eececc171e51a0/element/f.A17C675D496C198C40B93A37572AC0F9.d.85EE11689425018B6C892A769FEAA7C2.e.13797/click - {}
RESULT: {}
COMMAND: GET /session/86ebb79c72de266112eececc171e51a0/screenshot - {}
RESULT: {}
COMMAND: POST /session/86ebb79c72de266112eececc171e51a0/element - {"using":"xpath","value":"//span[@id=\"application-manageconditionprice-display-component---conditions--smartTable-header-inner\"]"}
RESULT: {"using":"xpath","value":"//span[@id=\"application-manageconditionprice-display-component---conditions--smartTable-header-inner\"]"}
COMMAND: POST /session/86ebb79c72de266112eececc171e51a0/elements - {"using":"xpath","value":"//span[@id=\"application-manageconditionprice-display-component---conditions--smartTable-header-inner\"]"}
RESULT: {"using":"xpath","value":"//span[@id=\"application-manageconditionprice-display-component---conditions--smartTable-header-inner\"]"}
COMMAND: POST /session/86ebb79c72de266112eececc171e51a0/execute/sync - {"script":"<script> [56 bytes]","args":[{"element-6066-11e4-a52e-4f735466cecf":"f.A17C675D496C198C40B93A37572AC0F9.d.85EE11689425018B6C892A769FEAA7C2.e.13800","ELEMENT":"f.A17C675D496C198C40B93A37572AC0F9.d.85EE11689425018B6C892A769FEAA7C2.e.13800"}]}
RESULT: {"script":"<script> [56 bytes]","args":[{"element-6066-11e4-a52e-4f735466cecf":"f.A17C675D496C198C40B93A37572AC0F9.d.85EE11689425018B6C892A769FEAA7C2.e.13800","ELEMENT":"f.A17C675D496C198C40B93A37572AC0F9.d.85EE11689425018B6C892A769FEAA7C2.e.13800"}]}
COMMAND: POST /session/86ebb79c72de266112eececc171e51a0/element - {"using":"css selector","value":"#shell-header-logo"}
COMMAND: GET /session/86ebb79c72de266112eececc171e51a0/screenshot - {}
RESULT: {"using":"css selector","value":"#shell-header-logo"}
COMMAND: POST /session/86ebb79c72de266112eececc171e51a0/element/f.A17C675D496C198C40B93A37572AC0F9.d.85EE11689425018B6C892A769FEAA7C2.e.13435/click - {}
RESULT: {}
RESULT: {}
COMMAND: GET /session/86ebb79c72de266112eececc171e51a0/screenshot - {}
RESULT: {}
]]></system-out>
    </testcase>
    <testcase classname="chrome.136_0_7103_93.windows.Billing_transfer_US117289" name="Should do a stock increase" time="96.79">
      <system-out><![CDATA[
COMMAND: POST /session/86ebb79c72de266112eececc171e51a0/execute/async - {"script":"<script> [1562 bytes]","args":[{"selector":{"controlType":"sap.m.GenericTile","properties":{"header":"Manage Handovers"}},"wdio_ui5_key":"sapm.GenericTile{\"header\":\"Manage Handovers\"}"}]}
RESULT: {"script":"<script> [1562 bytes]","args":[{"selector":{"controlType":"sap.m.GenericTile","properties":{"header":"Manage Handovers"}},"wdio_ui5_key":"sapm.GenericTile{\"header\":\"Manage Handovers\"}"}]}
RESULT: undefined
COMMAND: POST /session/86ebb79c72de266112eececc171e51a0/element - {"using":"xpath","value":"//*[@id=\"__tile133\"]"}
RESULT: {"using":"xpath","value":"//*[@id=\"__tile133\"]"}
COMMAND: POST /session/86ebb79c72de266112eececc171e51a0/element/f.A17C675D496C198C40B93A37572AC0F9.d.85EE11689425018B6C892A769FEAA7C2.e.12516/click - {}
RESULT: {}
COMMAND: GET /session/86ebb79c72de266112eececc171e51a0/screenshot - {}
RESULT: {}
COMMAND: POST /session/86ebb79c72de266112eececc171e51a0/elements - {"using":"xpath","value":"//span[text()='Error']"}
RESULT: {"using":"xpath","value":"//span[text()='Error']"}
COMMAND: POST /session/86ebb79c72de266112eececc171e51a0/element - {"using":"xpath","value":"//button[@data-kt=\"masterHOAddButton\"]"}
RESULT: {"using":"xpath","value":"//button[@data-kt=\"masterHOAddButton\"]"}
COMMAND: POST /session/86ebb79c72de266112eececc171e51a0/elements - {"using":"xpath","value":"//button[@data-kt=\"masterHOAddButton\"]"}
RESULT: {"using":"xpath","value":"//button[@data-kt=\"masterHOAddButton\"]"}
COMMAND: POST /session/86ebb79c72de266112eececc171e51a0/execute/sync - {"script":"<script> [8489 bytes]","args":[{"element-6066-11e4-a52e-4f735466cecf":"f.A17C675D496C198C40B93A37572AC0F9.d.85EE11689425018B6C892A769FEAA7C2.e.13835","ELEMENT":"f.A17C675D496C198C40B93A37572AC0F9.d.85EE11689425018B6C892A769FEAA7C2.e.13835"}]}
RESULT: {"script":"<script> [8489 bytes]","args":[{"element-6066-11e4-a52e-4f735466cecf":"f.A17C675D496C198C40B93A37572AC0F9.d.85EE11689425018B6C892A769FEAA7C2.e.13835","ELEMENT":"f.A17C675D496C198C40B93A37572AC0F9.d.85EE11689425018B6C892A769FEAA7C2.e.13835"}]}
COMMAND: GET /session/86ebb79c72de266112eececc171e51a0/element/f.A17C675D496C198C40B93A37572AC0F9.d.85EE11689425018B6C892A769FEAA7C2.e.13835/enabled - {}
COMMAND: GET /session/86ebb79c72de266112eececc171e51a0/screenshot - {}
RESULT: {}
COMMAND: POST /session/86ebb79c72de266112eececc171e51a0/execute/sync - {"script":"<script> [8489 bytes]","args":[{"element-6066-11e4-a52e-4f735466cecf":"f.A17C675D496C198C40B93A37572AC0F9.d.85EE11689425018B6C892A769FEAA7C2.e.13835","ELEMENT":"f.A17C675D496C198C40B93A37572AC0F9.d.85EE11689425018B6C892A769FEAA7C2.e.13835"}]}
COMMAND: GET /session/86ebb79c72de266112eececc171e51a0/screenshot - {}
RESULT: {}
RESULT: {"script":"<script> [8489 bytes]","args":[{"element-6066-11e4-a52e-4f735466cecf":"f.A17C675D496C198C40B93A37572AC0F9.d.85EE11689425018B6C892A769FEAA7C2.e.13835","ELEMENT":"f.A17C675D496C198C40B93A37572AC0F9.d.85EE11689425018B6C892A769FEAA7C2.e.13835"}]}
COMMAND: POST /session/86ebb79c72de266112eececc171e51a0/execute/sync - {"script":"<script> [5351 bytes]","args":[{"element-6066-11e4-a52e-4f735466cecf":"f.A17C675D496C198C40B93A37572AC0F9.d.85EE11689425018B6C892A769FEAA7C2.e.13835","ELEMENT":"f.A17C675D496C198C40B93A37572AC0F9.d.85EE11689425018B6C892A769FEAA7C2.e.13835"}]}
COMMAND: GET /session/86ebb79c72de266112eececc171e51a0/screenshot - {}
RESULT: {}
RESULT: {"script":"<script> [5351 bytes]","args":[{"element-6066-11e4-a52e-4f735466cecf":"f.A17C675D496C198C40B93A37572AC0F9.d.85EE11689425018B6C892A769FEAA7C2.e.13835","ELEMENT":"f.A17C675D496C198C40B93A37572AC0F9.d.85EE11689425018B6C892A769FEAA7C2.e.13835"}]}
COMMAND: POST /session/86ebb79c72de266112eececc171e51a0/element/f.A17C675D496C198C40B93A37572AC0F9.d.85EE11689425018B6C892A769FEAA7C2.e.13835/click - {}
COMMAND: GET /session/86ebb79c72de266112eececc171e51a0/screenshot - {}
RESULT: {}
RESULT: {}
COMMAND: GET /session/86ebb79c72de266112eececc171e51a0/screenshot - {}
RESULT: {}
RESULT: {}
COMMAND: POST /session/86ebb79c72de266112eececc171e51a0/element - {"using":"xpath","value":"//span[contains(@id ,\"AddNewHO--typeSelect-arrow\")]"}
RESULT: {"using":"xpath","value":"//span[contains(@id ,\"AddNewHO--typeSelect-arrow\")]"}
COMMAND: POST /session/86ebb79c72de266112eececc171e51a0/element/f.A17C675D496C198C40B93A37572AC0F9.d.85EE11689425018B6C892A769FEAA7C2.e.14197/click - {}
RESULT: {}
COMMAND: GET /session/86ebb79c72de266112eececc171e51a0/screenshot - {}
RESULT: {}
COMMAND: POST /session/86ebb79c72de266112eececc171e51a0/element - {"using":"xpath","value":"(//li[contains(text(), \"stock increase yard\")])[1]"}
RESULT: {"using":"xpath","value":"(//li[contains(text(), \"stock increase yard\")])[1]"}
COMMAND: POST /session/86ebb79c72de266112eececc171e51a0/element/f.A17C675D496C198C40B93A37572AC0F9.d.85EE11689425018B6C892A769FEAA7C2.e.14198/click - {}
RESULT: {}
COMMAND: GET /session/86ebb79c72de266112eececc171e51a0/screenshot - {}
RESULT: {}
COMMAND: POST /session/86ebb79c72de266112eececc171e51a0/execute/async - {"script":"<script> [1562 bytes]","args":[{"selector":{"id":"application-managehandovers-display-component---AddNewHO--dueDate","interaction":{"idSuffix":"inner"}},"wdio_ui5_key":"applicationmanagehandovers-display-component---AddNewHO--dueDate"}]}
RESULT: {"script":"<script> [1562 bytes]","args":[{"selector":{"id":"application-managehandovers-display-component---AddNewHO--dueDate","interaction":{"idSuffix":"inner"}},"wdio_ui5_key":"applicationmanagehandovers-display-component---AddNewHO--dueDate"}]}
RESULT: undefined
COMMAND: POST /session/86ebb79c72de266112eececc171e51a0/execute/async - {"script":"<script> [6424 bytes]","args":[{"element-6066-11e4-a52e-4f735466cecf":"f.A17C675D496C198C40B93A37572AC0F9.d.85EE11689425018B6C892A769FEAA7C2.e.14202"},"setValue",["5/21/25"]]}
RESULT: {"script":"<script> [6424 bytes]","args":[{"element-6066-11e4-a52e-4f735466cecf":"f.A17C675D496C198C40B93A37572AC0F9.d.85EE11689425018B6C892A769FEAA7C2.e.14202"},"setValue",["5/21/25"]]}
COMMAND: POST /session/86ebb79c72de266112eececc171e51a0/element - {"using":"xpath","value":"//input[@id=\"generalSectionFrg--receiveYard-inner\"]"}
RESULT: {"using":"xpath","value":"//input[@id=\"generalSectionFrg--receiveYard-inner\"]"}
COMMAND: POST /session/86ebb79c72de266112eececc171e51a0/element/f.A17C675D496C198C40B93A37572AC0F9.d.85EE11689425018B6C892A769FEAA7C2.e.14206/clear - {}
RESULT: {}
COMMAND: POST /session/86ebb79c72de266112eececc171e51a0/element/f.A17C675D496C198C40B93A37572AC0F9.d.85EE11689425018B6C892A769FEAA7C2.e.14206/value - {"text":"644"}
COMMAND: GET /session/86ebb79c72de266112eececc171e51a0/screenshot - {}
RESULT: {"text":"644"}
COMMAND: GET /session/86ebb79c72de266112eececc171e51a0/screenshot - {}
RESULT: {}
RESULT: {}
COMMAND: POST /session/86ebb79c72de266112eececc171e51a0/element - {"using":"xpath","value":"//li[.//span[text()='644']]"}
RESULT: {"using":"xpath","value":"//li[.//span[text()='644']]"}
COMMAND: POST /session/86ebb79c72de266112eececc171e51a0/element/f.A17C675D496C198C40B93A37572AC0F9.d.85EE11689425018B6C892A769FEAA7C2.e.14222/click - {}
RESULT: {}
COMMAND: GET /session/86ebb79c72de266112eececc171e51a0/screenshot - {}
RESULT: {}
COMMAND: POST /session/86ebb79c72de266112eececc171e51a0/execute/async - {"script":"<script> [1562 bytes]","args":[{"selector":{"id":"application-managehandovers-display-component---AddNewHO--ObjectPageLayout-anchBar-application-managehandovers-display-component---AddNewHO--section4-anchor","interaction":{"idSuffix":"BDI-content"}},"wdio_ui5_key":"applicationmanagehandovers-display-component---AddNewHO--ObjectPageLayout-anchBar-application-managehandovers-display-component---AddNewHO--section4-anchor"}]}
RESULT: {"script":"<script> [1562 bytes]","args":[{"selector":{"id":"application-managehandovers-display-component---AddNewHO--ObjectPageLayout-anchBar-application-managehandovers-display-component---AddNewHO--section4-anchor","interaction":{"idSuffix":"BDI-content"}},"wdio_ui5_key":"applicationmanagehandovers-display-component---AddNewHO--ObjectPageLayout-anchBar-application-managehandovers-display-component---AddNewHO--section4-anchor"}]}
RESULT: undefined
COMMAND: POST /session/86ebb79c72de266112eececc171e51a0/element - {"using":"xpath","value":"//*[@id=\"application-managehandovers-display-component---AddNewHO--ObjectPageLayout-anchBar-application-managehandovers-display-component---AddNewHO--section4-anchor\"]"}
RESULT: {"using":"xpath","value":"//*[@id=\"application-managehandovers-display-component---AddNewHO--ObjectPageLayout-anchBar-application-managehandovers-display-component---AddNewHO--section4-anchor\"]"}
COMMAND: POST /session/86ebb79c72de266112eececc171e51a0/element/f.A17C675D496C198C40B93A37572AC0F9.d.85EE11689425018B6C892A769FEAA7C2.e.14224/click - {}
RESULT: {}
COMMAND: POST /session/86ebb79c72de266112eececc171e51a0/element - {"using":"xpath","value":"//button[@aria-label=\"Add\"]"}
COMMAND: GET /session/86ebb79c72de266112eececc171e51a0/screenshot - {}
RESULT: {"using":"xpath","value":"//button[@aria-label=\"Add\"]"}
COMMAND: POST /session/86ebb79c72de266112eececc171e51a0/element/f.A17C675D496C198C40B93A37572AC0F9.d.85EE11689425018B6C892A769FEAA7C2.e.14226/click - {}
RESULT: {}
RESULT: {}
COMMAND: GET /session/86ebb79c72de266112eececc171e51a0/screenshot - {}
RESULT: {}
COMMAND: POST /session/86ebb79c72de266112eececc171e51a0/execute/async - {"script":"<script> [1562 bytes]","args":[{"selector":{"id":"application-managehandovers-display-component---AddNewHO--smartFilterBar-btnBasicSearch","searchOpenDialogs":true,"interaction":{"idSuffix":"I"}},"wdio_ui5_key":"applicationmanagehandovers-display-component---AddNewHO--smartFilterBar-btnBasicSearch"}]}
RESULT: {"script":"<script> [1562 bytes]","args":[{"selector":{"id":"application-managehandovers-display-component---AddNewHO--smartFilterBar-btnBasicSearch","searchOpenDialogs":true,"interaction":{"idSuffix":"I"}},"wdio_ui5_key":"applicationmanagehandovers-display-component---AddNewHO--smartFilterBar-btnBasicSearch"}]}
RESULT: undefined
COMMAND: POST /session/86ebb79c72de266112eececc171e51a0/execute/async - {"script":"<script> [776 bytes]","args":[{"enterText":"3VBADO8JRX","selector":{"id":"application-managehandovers-display-component---AddNewHO--smartFilterBar-btnBasicSearch","searchOpenDialogs":true,"interaction":{"idSuffix":"I"}},"clearTextFirst":true,"interactionType":"ENTER_TEXT"}]}
RESULT: {"script":"<script> [776 bytes]","args":[{"enterText":"3VBADO8JRX","selector":{"id":"application-managehandovers-display-component---AddNewHO--smartFilterBar-btnBasicSearch","searchOpenDialogs":true,"interaction":{"idSuffix":"I"}},"clearTextFirst":true,"interactionType":"ENTER_TEXT"}]}
COMMAND: POST /session/86ebb79c72de266112eececc171e51a0/actions - {"actions":[{"id":"action55","type":"key","parameters":{},"actions":[{"type":"keyDown","value":""},{"type":"pause","duration":10},{"type":"keyUp","value":""}]}]}
RESULT: {"actions":[{"id":"action55","type":"key","parameters":{},"actions":[{"type":"keyDown","value":""},{"type":"pause","duration":10},{"type":"keyUp","value":""}]}]}
COMMAND: GET /session/86ebb79c72de266112eececc171e51a0/screenshot - {}
RESULT: {}
COMMAND: POST /session/86ebb79c72de266112eececc171e51a0/execute/async - {"script":"<script> [1562 bytes]","args":[{"selector":{"id":"application-managehandovers-display-component---AddNewHO--popup-sa","searchOpenDialogs":true,"interaction":{"idSuffix":"CbBg"}},"wdio_ui5_key":"applicationmanagehandovers-display-component---AddNewHO--popup-sa"}]}
RESULT: {"script":"<script> [1562 bytes]","args":[{"selector":{"id":"application-managehandovers-display-component---AddNewHO--popup-sa","searchOpenDialogs":true,"interaction":{"idSuffix":"CbBg"}},"wdio_ui5_key":"applicationmanagehandovers-display-component---AddNewHO--popup-sa"}]}
RESULT: undefined
COMMAND: POST /session/86ebb79c72de266112eececc171e51a0/element - {"using":"xpath","value":"//*[@id=\"application-managehandovers-display-component---AddNewHO--popup-sa\"]"}
RESULT: {"using":"xpath","value":"//*[@id=\"application-managehandovers-display-component---AddNewHO--popup-sa\"]"}
COMMAND: POST /session/86ebb79c72de266112eececc171e51a0/element/f.A17C675D496C198C40B93A37572AC0F9.d.85EE11689425018B6C892A769FEAA7C2.e.14380/click - {}
RESULT: {}
COMMAND: GET /session/86ebb79c72de266112eececc171e51a0/screenshot - {}
RESULT: {}
COMMAND: POST /session/86ebb79c72de266112eececc171e51a0/element - {"using":"xpath","value":"//bdi[contains(text(), \"Select\")]"}
RESULT: {"using":"xpath","value":"//bdi[contains(text(), \"Select\")]"}
COMMAND: POST /session/86ebb79c72de266112eececc171e51a0/element/f.A17C675D496C198C40B93A37572AC0F9.d.85EE11689425018B6C892A769FEAA7C2.e.14381/click - {}
RESULT: {}
COMMAND: GET /session/86ebb79c72de266112eececc171e51a0/screenshot - {}
RESULT: {}
COMMAND: POST /session/86ebb79c72de266112eececc171e51a0/element - {"using":"xpath","value":"//button[@data-kt=\"AddNewHOSaveButton\"]"}
RESULT: {"using":"xpath","value":"//button[@data-kt=\"AddNewHOSaveButton\"]"}
COMMAND: POST /session/86ebb79c72de266112eececc171e51a0/element/f.A17C675D496C198C40B93A37572AC0F9.d.85EE11689425018B6C892A769FEAA7C2.e.14385/click - {}
RESULT: {}
COMMAND: GET /session/86ebb79c72de266112eececc171e51a0/screenshot - {}
RESULT: {}
COMMAND: POST /session/86ebb79c72de266112eececc171e51a0/execute/async - {"script":"<script> [1562 bytes]","args":[{"selector":{"id":"receiptDatePicker","viewName":"etm.portal.ui.managehandovers.view.DetailExecuteHO","interaction":{"idSuffix":"inner"}},"wdio_ui5_key":"receiptDatePickeretmportal.ui.managehandovers.view.DetailExecuteHO"}]}
RESULT: {"script":"<script> [1562 bytes]","args":[{"selector":{"id":"receiptDatePicker","viewName":"etm.portal.ui.managehandovers.view.DetailExecuteHO","interaction":{"idSuffix":"inner"}},"wdio_ui5_key":"receiptDatePickeretmportal.ui.managehandovers.view.DetailExecuteHO"}]}
RESULT: undefined
COMMAND: POST /session/86ebb79c72de266112eececc171e51a0/execute/async - {"script":"<script> [6424 bytes]","args":[{"element-6066-11e4-a52e-4f735466cecf":"f.A17C675D496C198C40B93A37572AC0F9.d.85EE11689425018B6C892A769FEAA7C2.e.14406"},"setValue",["5/21/25"]]}
RESULT: {"script":"<script> [6424 bytes]","args":[{"element-6066-11e4-a52e-4f735466cecf":"f.A17C675D496C198C40B93A37572AC0F9.d.85EE11689425018B6C892A769FEAA7C2.e.14406"},"setValue",["5/21/25"]]}
COMMAND: POST /session/86ebb79c72de266112eececc171e51a0/element - {"using":"xpath","value":"//button[@data-kt=\"PickingTableConfirmAllButton\"]"}
RESULT: {"using":"xpath","value":"//button[@data-kt=\"PickingTableConfirmAllButton\"]"}
COMMAND: POST /session/86ebb79c72de266112eececc171e51a0/element/f.A17C675D496C198C40B93A37572AC0F9.d.85EE11689425018B6C892A769FEAA7C2.e.14420/click - {}
RESULT: {}
COMMAND: GET /session/86ebb79c72de266112eececc171e51a0/screenshot - {}
RESULT: {}
COMMAND: POST /session/86ebb79c72de266112eececc171e51a0/element - {"using":"xpath","value":"//bdi[contains(text(), \"OK\")]"}
RESULT: {"using":"xpath","value":"//bdi[contains(text(), \"OK\")]"}
COMMAND: POST /session/86ebb79c72de266112eececc171e51a0/element/f.A17C675D496C198C40B93A37572AC0F9.d.85EE11689425018B6C892A769FEAA7C2.e.14422/click - {}
RESULT: {}
COMMAND: GET /session/86ebb79c72de266112eececc171e51a0/screenshot - {}
RESULT: {}
COMMAND: POST /session/86ebb79c72de266112eececc171e51a0/element - {"using":"xpath","value":"(//bdi[contains(text(), \"Receive\")])[2]"}
RESULT: {"using":"xpath","value":"(//bdi[contains(text(), \"Receive\")])[2]"}
COMMAND: POST /session/86ebb79c72de266112eececc171e51a0/element/f.A17C675D496C198C40B93A37572AC0F9.d.85EE11689425018B6C892A769FEAA7C2.e.14424/click - {}
RESULT: {}
COMMAND: GET /session/86ebb79c72de266112eececc171e51a0/screenshot - {}
RESULT: {}
COMMAND: POST /session/86ebb79c72de266112eececc171e51a0/element - {"using":"css selector","value":"#shell-header-logo"}
RESULT: {"using":"css selector","value":"#shell-header-logo"}
COMMAND: POST /session/86ebb79c72de266112eececc171e51a0/element/f.A17C675D496C198C40B93A37572AC0F9.d.85EE11689425018B6C892A769FEAA7C2.e.13806/click - {}
RESULT: {}
COMMAND: GET /session/86ebb79c72de266112eececc171e51a0/screenshot - {}
RESULT: {}
]]></system-out>
    </testcase>
    <testcase classname="chrome.136_0_7103_93.windows.Billing_transfer_US117289" name="Should create a new contract" time="65.663">
      <system-out><![CDATA[
COMMAND: POST /session/86ebb79c72de266112eececc171e51a0/execute/async - {"script":"<script> [1562 bytes]","args":[{"selector":{"controlType":"sap.m.GenericTile","properties":{"header":"Manage Contracts"}},"wdio_ui5_key":"sapm.GenericTile{\"header\":\"Manage Contracts\"}"}]}
RESULT: {"script":"<script> [1562 bytes]","args":[{"selector":{"controlType":"sap.m.GenericTile","properties":{"header":"Manage Contracts"}},"wdio_ui5_key":"sapm.GenericTile{\"header\":\"Manage Contracts\"}"}]}
RESULT: undefined
COMMAND: POST /session/86ebb79c72de266112eececc171e51a0/element - {"using":"xpath","value":"//*[@id=\"__tile130\"]"}
RESULT: {"using":"xpath","value":"//*[@id=\"__tile130\"]"}
COMMAND: POST /session/86ebb79c72de266112eececc171e51a0/element/f.A17C675D496C198C40B93A37572AC0F9.d.85EE11689425018B6C892A769FEAA7C2.e.12459/click - {}
RESULT: {}
COMMAND: GET /session/86ebb79c72de266112eececc171e51a0/screenshot - {}
RESULT: {}
COMMAND: POST /session/86ebb79c72de266112eececc171e51a0/elements - {"using":"xpath","value":"//span[text()='Error']"}
RESULT: {"using":"xpath","value":"//span[text()='Error']"}
COMMAND: POST /session/86ebb79c72de266112eececc171e51a0/element - {"using":"xpath","value":"//button[@data-kt=\"addButton\"]"}
RESULT: {"using":"xpath","value":"//button[@data-kt=\"addButton\"]"}
COMMAND: POST /session/86ebb79c72de266112eececc171e51a0/elements - {"using":"xpath","value":"//button[@data-kt=\"addButton\"]"}
RESULT: {"using":"xpath","value":"//button[@data-kt=\"addButton\"]"}
COMMAND: POST /session/86ebb79c72de266112eececc171e51a0/execute/sync - {"script":"<script> [8489 bytes]","args":[{"element-6066-11e4-a52e-4f735466cecf":"f.A17C675D496C198C40B93A37572AC0F9.d.85EE11689425018B6C892A769FEAA7C2.e.14647","ELEMENT":"f.A17C675D496C198C40B93A37572AC0F9.d.85EE11689425018B6C892A769FEAA7C2.e.14647"}]}
RESULT: {"script":"<script> [8489 bytes]","args":[{"element-6066-11e4-a52e-4f735466cecf":"f.A17C675D496C198C40B93A37572AC0F9.d.85EE11689425018B6C892A769FEAA7C2.e.14647","ELEMENT":"f.A17C675D496C198C40B93A37572AC0F9.d.85EE11689425018B6C892A769FEAA7C2.e.14647"}]}
COMMAND: GET /session/86ebb79c72de266112eececc171e51a0/element/f.A17C675D496C198C40B93A37572AC0F9.d.85EE11689425018B6C892A769FEAA7C2.e.14647/enabled - {}
COMMAND: GET /session/86ebb79c72de266112eececc171e51a0/screenshot - {}
RESULT: {}
COMMAND: POST /session/86ebb79c72de266112eececc171e51a0/execute/sync - {"script":"<script> [8489 bytes]","args":[{"element-6066-11e4-a52e-4f735466cecf":"f.A17C675D496C198C40B93A37572AC0F9.d.85EE11689425018B6C892A769FEAA7C2.e.14647","ELEMENT":"f.A17C675D496C198C40B93A37572AC0F9.d.85EE11689425018B6C892A769FEAA7C2.e.14647"}]}
COMMAND: GET /session/86ebb79c72de266112eececc171e51a0/screenshot - {}
RESULT: {}
RESULT: {"script":"<script> [8489 bytes]","args":[{"element-6066-11e4-a52e-4f735466cecf":"f.A17C675D496C198C40B93A37572AC0F9.d.85EE11689425018B6C892A769FEAA7C2.e.14647","ELEMENT":"f.A17C675D496C198C40B93A37572AC0F9.d.85EE11689425018B6C892A769FEAA7C2.e.14647"}]}
COMMAND: POST /session/86ebb79c72de266112eececc171e51a0/execute/sync - {"script":"<script> [5351 bytes]","args":[{"element-6066-11e4-a52e-4f735466cecf":"f.A17C675D496C198C40B93A37572AC0F9.d.85EE11689425018B6C892A769FEAA7C2.e.14647","ELEMENT":"f.A17C675D496C198C40B93A37572AC0F9.d.85EE11689425018B6C892A769FEAA7C2.e.14647"}]}
COMMAND: GET /session/86ebb79c72de266112eececc171e51a0/screenshot - {}
RESULT: {}
RESULT: {"script":"<script> [5351 bytes]","args":[{"element-6066-11e4-a52e-4f735466cecf":"f.A17C675D496C198C40B93A37572AC0F9.d.85EE11689425018B6C892A769FEAA7C2.e.14647","ELEMENT":"f.A17C675D496C198C40B93A37572AC0F9.d.85EE11689425018B6C892A769FEAA7C2.e.14647"}]}
COMMAND: GET /session/86ebb79c72de266112eececc171e51a0/screenshot - {}
RESULT: {}
RESULT: {}
COMMAND: POST /session/86ebb79c72de266112eececc171e51a0/element/f.A17C675D496C198C40B93A37572AC0F9.d.85EE11689425018B6C892A769FEAA7C2.e.14647/click - {}
RESULT: {}
COMMAND: GET /session/86ebb79c72de266112eececc171e51a0/screenshot - {}
RESULT: {}
COMMAND: POST /session/86ebb79c72de266112eececc171e51a0/execute/async - {"script":"<script> [1562 bytes]","args":[{"selector":{"id":"application-managecontracts-display-component---AddNewContract--projectDescription","interaction":{"idSuffix":"inner"}},"wdio_ui5_key":"applicationmanagecontracts-display-component---AddNewContract--projectDescription"}]}
RESULT: {"script":"<script> [1562 bytes]","args":[{"selector":{"id":"application-managecontracts-display-component---AddNewContract--projectDescription","interaction":{"idSuffix":"inner"}},"wdio_ui5_key":"applicationmanagecontracts-display-component---AddNewContract--projectDescription"}]}
RESULT: undefined
COMMAND: POST /session/86ebb79c72de266112eececc171e51a0/execute/async - {"script":"<script> [776 bytes]","args":[{"enterText":"Contract WDIO","selector":{"id":"application-managecontracts-display-component---AddNewContract--projectDescription","interaction":{"idSuffix":"inner"}},"clearTextFirst":true,"interactionType":"ENTER_TEXT"}]}
RESULT: {"script":"<script> [776 bytes]","args":[{"enterText":"Contract WDIO","selector":{"id":"application-managecontracts-display-component---AddNewContract--projectDescription","interaction":{"idSuffix":"inner"}},"clearTextFirst":true,"interactionType":"ENTER_TEXT"}]}
COMMAND: POST /session/86ebb79c72de266112eececc171e51a0/element - {"using":"xpath","value":"//input[@id=\"application-managecontracts-display-component---AddNewContract--site-inner\"]"}
RESULT: {"using":"xpath","value":"//input[@id=\"application-managecontracts-display-component---AddNewContract--site-inner\"]"}
COMMAND: POST /session/86ebb79c72de266112eececc171e51a0/element/f.A17C675D496C198C40B93A37572AC0F9.d.85EE11689425018B6C892A769FEAA7C2.e.15005/clear - {}
RESULT: {}
COMMAND: POST /session/86ebb79c72de266112eececc171e51a0/element/f.A17C675D496C198C40B93A37572AC0F9.d.85EE11689425018B6C892A769FEAA7C2.e.15005/value - {"text":"2343"}
COMMAND: GET /session/86ebb79c72de266112eececc171e51a0/screenshot - {}
RESULT: {"text":"2343"}
COMMAND: GET /session/86ebb79c72de266112eececc171e51a0/screenshot - {}
RESULT: {}
RESULT: {}
COMMAND: POST /session/86ebb79c72de266112eececc171e51a0/element - {"using":"xpath","value":"//li[.//span[text()='2343']]"}
RESULT: {"using":"xpath","value":"//li[.//span[text()='2343']]"}
COMMAND: POST /session/86ebb79c72de266112eececc171e51a0/element/f.A17C675D496C198C40B93A37572AC0F9.d.85EE11689425018B6C892A769FEAA7C2.e.15040/click - {}
RESULT: {}
COMMAND: GET /session/86ebb79c72de266112eececc171e51a0/screenshot - {}
RESULT: {}
COMMAND: POST /session/86ebb79c72de266112eececc171e51a0/element - {"using":"xpath","value":"//input[@id=\"application-managecontracts-display-component---AddNewContract--yardId-inner\"]"}
RESULT: {"using":"xpath","value":"//input[@id=\"application-managecontracts-display-component---AddNewContract--yardId-inner\"]"}
COMMAND: GET /session/86ebb79c72de266112eececc171e51a0/element/f.A17C675D496C198C40B93A37572AC0F9.d.85EE11689425018B6C892A769FEAA7C2.e.15006/property/value - {}
RESULT: {}
COMMAND: POST /session/86ebb79c72de266112eececc171e51a0/element - {"using":"xpath","value":"//input[@id=\"application-managecontracts-display-component---AddNewContract--customerSelect-inner\"]"}
COMMAND: GET /session/86ebb79c72de266112eececc171e51a0/screenshot - {}
RESULT: {"using":"xpath","value":"//input[@id=\"application-managecontracts-display-component---AddNewContract--customerSelect-inner\"]"}
COMMAND: POST /session/86ebb79c72de266112eececc171e51a0/element/f.A17C675D496C198C40B93A37572AC0F9.d.85EE11689425018B6C892A769FEAA7C2.e.15004/clear - {}
RESULT: {}
RESULT: {}
COMMAND: POST /session/86ebb79c72de266112eececc171e51a0/element/f.A17C675D496C198C40B93A37572AC0F9.d.85EE11689425018B6C892A769FEAA7C2.e.15004/value - {"text":"1410"}
COMMAND: GET /session/86ebb79c72de266112eececc171e51a0/screenshot - {}
RESULT: {"text":"1410"}
COMMAND: GET /session/86ebb79c72de266112eececc171e51a0/screenshot - {}
RESULT: {}
RESULT: {}
COMMAND: POST /session/86ebb79c72de266112eececc171e51a0/element - {"using":"xpath","value":"//li[.//span[text()='1410']]"}
RESULT: {"using":"xpath","value":"//li[.//span[text()='1410']]"}
COMMAND: POST /session/86ebb79c72de266112eececc171e51a0/element/f.A17C675D496C198C40B93A37572AC0F9.d.85EE11689425018B6C892A769FEAA7C2.e.15043/click - {}
RESULT: {}
COMMAND: GET /session/86ebb79c72de266112eececc171e51a0/screenshot - {}
RESULT: {}
COMMAND: POST /session/86ebb79c72de266112eececc171e51a0/element - {"using":"xpath","value":"//button[@data-kt=\"saveButton\"]"}
RESULT: {"using":"xpath","value":"//button[@data-kt=\"saveButton\"]"}
COMMAND: POST /session/86ebb79c72de266112eececc171e51a0/element/f.A17C675D496C198C40B93A37572AC0F9.d.85EE11689425018B6C892A769FEAA7C2.e.15044/click - {}
RESULT: {}
COMMAND: GET /session/86ebb79c72de266112eececc171e51a0/screenshot - {}
RESULT: {}
COMMAND: POST /session/86ebb79c72de266112eececc171e51a0/element - {"using":"xpath","value":"//span[contains(@id ,\"contractDetailTitleNoExpanded\")]"}
RESULT: {"using":"xpath","value":"//span[contains(@id ,\"contractDetailTitleNoExpanded\")]"}
COMMAND: POST /session/86ebb79c72de266112eececc171e51a0/elements - {"using":"xpath","value":"//span[contains(@id ,\"contractDetailTitleNoExpanded\")]"}
RESULT: {"using":"xpath","value":"//span[contains(@id ,\"contractDetailTitleNoExpanded\")]"}
COMMAND: POST /session/86ebb79c72de266112eececc171e51a0/execute/sync - {"script":"<script> [56 bytes]","args":[{"element-6066-11e4-a52e-4f735466cecf":"f.A17C675D496C198C40B93A37572AC0F9.d.85EE11689425018B6C892A769FEAA7C2.e.15054","ELEMENT":"f.A17C675D496C198C40B93A37572AC0F9.d.85EE11689425018B6C892A769FEAA7C2.e.15054"}]}
RESULT: {"script":"<script> [56 bytes]","args":[{"element-6066-11e4-a52e-4f735466cecf":"f.A17C675D496C198C40B93A37572AC0F9.d.85EE11689425018B6C892A769FEAA7C2.e.15054","ELEMENT":"f.A17C675D496C198C40B93A37572AC0F9.d.85EE11689425018B6C892A769FEAA7C2.e.15054"}]}
COMMAND: GET /session/86ebb79c72de266112eececc171e51a0/screenshot - {}
RESULT: {}
]]></system-out>
    </testcase>
    <testcase classname="chrome.136_0_7103_93.windows.Billing_transfer_US117289" name="Should add created equipment to contract" time="46.507">
      <system-out><![CDATA[
COMMAND: POST /session/86ebb79c72de266112eececc171e51a0/element - {"using":"xpath","value":"//button[@data-kt=\"contractDetailEditBtnButton\"]"}
RESULT: {"using":"xpath","value":"//button[@data-kt=\"contractDetailEditBtnButton\"]"}
COMMAND: POST /session/86ebb79c72de266112eececc171e51a0/element/f.A17C675D496C198C40B93A37572AC0F9.d.85EE11689425018B6C892A769FEAA7C2.e.15057/click - {}
RESULT: {}
COMMAND: GET /session/86ebb79c72de266112eececc171e51a0/screenshot - {}
RESULT: {}
COMMAND: POST /session/86ebb79c72de266112eececc171e51a0/element - {"using":"xpath","value":"(//span[contains(text(), \"Additional Addresses\")])[2]"}
RESULT: {"using":"xpath","value":"(//span[contains(text(), \"Additional Addresses\")])[2]"}
COMMAND: POST /session/86ebb79c72de266112eececc171e51a0/element/f.A17C675D496C198C40B93A37572AC0F9.d.85EE11689425018B6C892A769FEAA7C2.e.15112/click - {}
RESULT: {}
COMMAND: GET /session/86ebb79c72de266112eececc171e51a0/screenshot - {}
RESULT: {}
COMMAND: POST /session/86ebb79c72de266112eececc171e51a0/element - {"using":"xpath","value":"//button[@data-kt=\"btnAddTableRowOverflowToolbarButton\"]"}
RESULT: {"using":"xpath","value":"//button[@data-kt=\"btnAddTableRowOverflowToolbarButton\"]"}
COMMAND: POST /session/86ebb79c72de266112eececc171e51a0/element/f.A17C675D496C198C40B93A37572AC0F9.d.85EE11689425018B6C892A769FEAA7C2.e.15115/click - {}
RESULT: {}
COMMAND: GET /session/86ebb79c72de266112eececc171e51a0/screenshot - {}
RESULT: {}
COMMAND: POST /session/86ebb79c72de266112eececc171e51a0/element - {"using":"xpath","value":"//div[(text() = 'Standard Entry' or . = 'Standard Entry')]"}
RESULT: {"using":"xpath","value":"//div[(text() = 'Standard Entry' or . = 'Standard Entry')]"}
COMMAND: POST /session/86ebb79c72de266112eececc171e51a0/element/f.A17C675D496C198C40B93A37572AC0F9.d.85EE11689425018B6C892A769FEAA7C2.e.15117/click - {}
RESULT: {}
COMMAND: GET /session/86ebb79c72de266112eececc171e51a0/screenshot - {}
RESULT: {}
COMMAND: POST /session/86ebb79c72de266112eececc171e51a0/element - {"using":"xpath","value":"//td[7]/div/div/input"}
RESULT: {"using":"xpath","value":"//td[7]/div/div/input"}
COMMAND: POST /session/86ebb79c72de266112eececc171e51a0/element/f.A17C675D496C198C40B93A37572AC0F9.d.85EE11689425018B6C892A769FEAA7C2.e.15126/clear - {}
RESULT: {}
COMMAND: POST /session/86ebb79c72de266112eececc171e51a0/element/f.A17C675D496C198C40B93A37572AC0F9.d.85EE11689425018B6C892A769FEAA7C2.e.15126/value - {"text":"3VBADO8JRX"}
COMMAND: GET /session/86ebb79c72de266112eececc171e51a0/screenshot - {}
RESULT: {"text":"3VBADO8JRX"}
COMMAND: GET /session/86ebb79c72de266112eececc171e51a0/screenshot - {}
RESULT: {}
RESULT: {}
COMMAND: POST /session/86ebb79c72de266112eececc171e51a0/actions - {"actions":[{"id":"action56","type":"key","parameters":{},"actions":[{"type":"keyDown","value":""},{"type":"pause","duration":10},{"type":"keyUp","value":""}]}]}
RESULT: {"actions":[{"id":"action56","type":"key","parameters":{},"actions":[{"type":"keyDown","value":""},{"type":"pause","duration":10},{"type":"keyUp","value":""}]}]}
COMMAND: GET /session/86ebb79c72de266112eececc171e51a0/screenshot - {}
RESULT: {}
COMMAND: POST /session/86ebb79c72de266112eececc171e51a0/execute/sync - {"script":"<script> [276 bytes]","args":["No pricing information was found"]}
RESULT: {"script":"<script> [276 bytes]","args":["No pricing information was found"]}
COMMAND: POST /session/86ebb79c72de266112eececc171e51a0/element - {"using":"xpath","value":"(//button[@data-kt=\"saveButton\"])[2]"}
COMMAND: GET /session/86ebb79c72de266112eececc171e51a0/screenshot - {}
RESULT: {"using":"xpath","value":"(//button[@data-kt=\"saveButton\"])[2]"}
COMMAND: POST /session/86ebb79c72de266112eececc171e51a0/element/f.A17C675D496C198C40B93A37572AC0F9.d.85EE11689425018B6C892A769FEAA7C2.e.15141/click - {}
RESULT: {}
RESULT: {}
COMMAND: GET /session/86ebb79c72de266112eececc171e51a0/screenshot - {}
RESULT: {}
COMMAND: POST /session/86ebb79c72de266112eececc171e51a0/execute/sync - {"script":"<script> [276 bytes]","args":["Some contract items are having rental validity exceeding header rental validity"]}
RESULT: {"script":"<script> [276 bytes]","args":["Some contract items are having rental validity exceeding header rental validity"]}
COMMAND: GET /session/86ebb79c72de266112eececc171e51a0/screenshot - {}
RESULT: {}
COMMAND: POST /session/86ebb79c72de266112eececc171e51a0/element - {"using":"xpath","value":"//span[contains(@id ,\"contractItemsSmartTable-header-inner\")]"}
RESULT: {"using":"xpath","value":"//span[contains(@id ,\"contractItemsSmartTable-header-inner\")]"}
COMMAND: POST /session/86ebb79c72de266112eececc171e51a0/elements - {"using":"xpath","value":"//span[contains(@id ,\"contractItemsSmartTable-header-inner\")]"}
RESULT: {"using":"xpath","value":"//span[contains(@id ,\"contractItemsSmartTable-header-inner\")]"}
COMMAND: POST /session/86ebb79c72de266112eececc171e51a0/execute/sync - {"script":"<script> [56 bytes]","args":[{"element-6066-11e4-a52e-4f735466cecf":"f.A17C675D496C198C40B93A37572AC0F9.d.85EE11689425018B6C892A769FEAA7C2.e.15147","ELEMENT":"f.A17C675D496C198C40B93A37572AC0F9.d.85EE11689425018B6C892A769FEAA7C2.e.15147"}]}
RESULT: {"script":"<script> [56 bytes]","args":[{"element-6066-11e4-a52e-4f735466cecf":"f.A17C675D496C198C40B93A37572AC0F9.d.85EE11689425018B6C892A769FEAA7C2.e.15147","ELEMENT":"f.A17C675D496C198C40B93A37572AC0F9.d.85EE11689425018B6C892A769FEAA7C2.e.15147"}]}
]]></system-out>
    </testcase>
    <testcase classname="chrome.136_0_7103_93.windows.Billing_transfer_US117289" name="Should do a provide to site handover" time="76.368">
      <system-out><![CDATA[
COMMAND: GET /session/86ebb79c72de266112eececc171e51a0/screenshot - {}
COMMAND: POST /session/86ebb79c72de266112eececc171e51a0/element - {"using":"xpath","value":"//button[@data-kt=\"provideButton\"]"}
RESULT: {"using":"xpath","value":"//button[@data-kt=\"provideButton\"]"}
COMMAND: POST /session/86ebb79c72de266112eececc171e51a0/element/f.A17C675D496C198C40B93A37572AC0F9.d.85EE11689425018B6C892A769FEAA7C2.e.15148/click - {}
RESULT: {}
RESULT: {}
COMMAND: GET /session/86ebb79c72de266112eececc171e51a0/screenshot - {}
RESULT: {}
RESULT: undefined
COMMAND: POST /session/86ebb79c72de266112eececc171e51a0/execute/async - {"script":"<script> [6424 bytes]","args":[{"element-6066-11e4-a52e-4f735466cecf":"f.A17C675D496C198C40B93A37572AC0F9.d.85EE11689425018B6C892A769FEAA7C2.e.14202"},"setValue",["5/21/25"]]}
COMMAND: POST /session/86ebb79c72de266112eececc171e51a0/execute/async - {"script":"<script> [1562 bytes]","args":[{"selector":{"id":"application-managehandovers-display-component---AddNewHO--dueDate","interaction":{"idSuffix":"inner"}},"wdio_ui5_key":"applicationmanagehandovers-display-component---AddNewHO--dueDate"}]}
RESULT: {"script":"<script> [1562 bytes]","args":[{"selector":{"id":"application-managehandovers-display-component---AddNewHO--dueDate","interaction":{"idSuffix":"inner"}},"wdio_ui5_key":"applicationmanagehandovers-display-component---AddNewHO--dueDate"}]}
COMMAND: POST /session/86ebb79c72de266112eececc171e51a0/execute/async - {"script":"<script> [6424 bytes]","args":[{"element-6066-11e4-a52e-4f735466cecf":"f.A17C675D496C198C40B93A37572AC0F9.d.85EE11689425018B6C892A769FEAA7C2.e.15224"},"setValue",["5/21/25"]]}
RESULT: {"script":"<script> [6424 bytes]","args":[{"element-6066-11e4-a52e-4f735466cecf":"f.A17C675D496C198C40B93A37572AC0F9.d.85EE11689425018B6C892A769FEAA7C2.e.15224"},"setValue",["5/21/25"]]}
COMMAND: POST /session/86ebb79c72de266112eececc171e51a0/element - {"using":"xpath","value":"//bdi[contains(text(), \"Instructions\")]"}
RESULT: {"using":"xpath","value":"//bdi[contains(text(), \"Instructions\")]"}
COMMAND: POST /session/86ebb79c72de266112eececc171e51a0/element/f.A17C675D496C198C40B93A37572AC0F9.d.85EE11689425018B6C892A769FEAA7C2.e.15314/click - {}
RESULT: {}
COMMAND: GET /session/86ebb79c72de266112eececc171e51a0/screenshot - {}
RESULT: {}
COMMAND: POST /session/86ebb79c72de266112eececc171e51a0/element - {"using":"xpath","value":"//button[@data-kt=\"AddNewHOProvideAddItemsButton\"]"}
RESULT: {"using":"xpath","value":"//button[@data-kt=\"AddNewHOProvideAddItemsButton\"]"}
COMMAND: POST /session/86ebb79c72de266112eececc171e51a0/element/f.A17C675D496C198C40B93A37572AC0F9.d.85EE11689425018B6C892A769FEAA7C2.e.15318/click - {}
RESULT: {}
COMMAND: GET /session/86ebb79c72de266112eececc171e51a0/screenshot - {}
RESULT: {}
RESULT: undefined
COMMAND: POST /session/86ebb79c72de266112eececc171e51a0/element - {"using":"xpath","value":"//*[@id=\"application-managehandovers-display-component---AddNewHO--popup-sa\"]"}
RESULT: {"using":"xpath","value":"//*[@id=\"application-managehandovers-display-component---AddNewHO--popup-sa\"]"}
COMMAND: POST /session/86ebb79c72de266112eececc171e51a0/element/f.A17C675D496C198C40B93A37572AC0F9.d.85EE11689425018B6C892A769FEAA7C2.e.15334/click - {}
RESULT: {}
COMMAND: GET /session/86ebb79c72de266112eececc171e51a0/screenshot - {}
RESULT: {}
COMMAND: POST /session/86ebb79c72de266112eececc171e51a0/element - {"using":"xpath","value":"//*[contains(@id ,\"BDI-content\")][contains(text(), \"Select\")]"}
RESULT: {"using":"xpath","value":"//*[contains(@id ,\"BDI-content\")][contains(text(), \"Select\")]"}
COMMAND: POST /session/86ebb79c72de266112eececc171e51a0/element/f.A17C675D496C198C40B93A37572AC0F9.d.85EE11689425018B6C892A769FEAA7C2.e.15336/click - {}
RESULT: {}
COMMAND: GET /session/86ebb79c72de266112eececc171e51a0/screenshot - {}
RESULT: {}
COMMAND: POST /session/86ebb79c72de266112eececc171e51a0/execute/async - {"script":"<script> [1562 bytes]","args":[{"selector":{"id":"application-managehandovers-display-component---AddNewHO--confirmCreationButton","interaction":{"idSuffix":"BDI-content"}},"wdio_ui5_key":"applicationmanagehandovers-display-component---AddNewHO--confirmCreationButton"}]}
RESULT: {"script":"<script> [1562 bytes]","args":[{"selector":{"id":"application-managehandovers-display-component---AddNewHO--confirmCreationButton","interaction":{"idSuffix":"BDI-content"}},"wdio_ui5_key":"applicationmanagehandovers-display-component---AddNewHO--confirmCreationButton"}]}
RESULT: undefined
COMMAND: POST /session/86ebb79c72de266112eececc171e51a0/element - {"using":"xpath","value":"//*[@id=\"application-managehandovers-display-component---AddNewHO--confirmCreationButton\"]"}
RESULT: {"using":"xpath","value":"//*[@id=\"application-managehandovers-display-component---AddNewHO--confirmCreationButton\"]"}
COMMAND: POST /session/86ebb79c72de266112eececc171e51a0/element/f.A17C675D496C198C40B93A37572AC0F9.d.85EE11689425018B6C892A769FEAA7C2.e.15269/click - {}
RESULT: {}
COMMAND: GET /session/86ebb79c72de266112eececc171e51a0/screenshot - {}
COMMAND: POST /session/86ebb79c72de266112eececc171e51a0/execute/async - {"script":"<script> [1562 bytes]","args":[{"selector":{"id":"issueDatePicker","viewName":"etm.portal.ui.managehandovers.view.DetailExecuteHO","interaction":{"idSuffix":"inner"}},"wdio_ui5_key":"issueDatePickeretmportal.ui.managehandovers.view.DetailExecuteHO"}]}
RESULT: {}
RESULT: {"script":"<script> [1562 bytes]","args":[{"selector":{"id":"issueDatePicker","viewName":"etm.portal.ui.managehandovers.view.DetailExecuteHO","interaction":{"idSuffix":"inner"}},"wdio_ui5_key":"issueDatePickeretmportal.ui.managehandovers.view.DetailExecuteHO"}]}
RESULT: undefined
COMMAND: POST /session/86ebb79c72de266112eececc171e51a0/execute/async - {"script":"<script> [776 bytes]","args":[{"enterText":"5/21/25","selector":{"id":"issueDatePicker","viewName":"etm.portal.ui.managehandovers.view.DetailExecuteHO","interaction":{"idSuffix":"inner"}},"clearTextFirst":true,"interactionType":"ENTER_TEXT"}]}
RESULT: {"script":"<script> [776 bytes]","args":[{"enterText":"5/21/25","selector":{"id":"issueDatePicker","viewName":"etm.portal.ui.managehandovers.view.DetailExecuteHO","interaction":{"idSuffix":"inner"}},"clearTextFirst":true,"interactionType":"ENTER_TEXT"}]}
COMMAND: POST /session/86ebb79c72de266112eececc171e51a0/element - {"using":"xpath","value":"//bdi[contains(text(), \"OK\")]"}
RESULT: {"using":"xpath","value":"//bdi[contains(text(), \"OK\")]"}
COMMAND: POST /session/86ebb79c72de266112eececc171e51a0/element/f.A17C675D496C198C40B93A37572AC0F9.d.85EE11689425018B6C892A769FEAA7C2.e.15385/click - {}
RESULT: {}
COMMAND: GET /session/86ebb79c72de266112eececc171e51a0/screenshot - {}
RESULT: {}
COMMAND: POST /session/86ebb79c72de266112eececc171e51a0/element - {"using":"xpath","value":"//button[@data-kt=\"PickingTableConfirmAllButton\"]"}
RESULT: {"using":"xpath","value":"//button[@data-kt=\"PickingTableConfirmAllButton\"]"}
COMMAND: POST /session/86ebb79c72de266112eececc171e51a0/element/f.A17C675D496C198C40B93A37572AC0F9.d.85EE11689425018B6C892A769FEAA7C2.e.15392/click - {}
RESULT: {}
COMMAND: GET /session/86ebb79c72de266112eececc171e51a0/screenshot - {}
RESULT: {}
COMMAND: POST /session/86ebb79c72de266112eececc171e51a0/element - {"using":"xpath","value":"//bdi[contains(text(), \"OK\")]"}
RESULT: {"using":"xpath","value":"//bdi[contains(text(), \"OK\")]"}
COMMAND: POST /session/86ebb79c72de266112eececc171e51a0/element/f.A17C675D496C198C40B93A37572AC0F9.d.85EE11689425018B6C892A769FEAA7C2.e.15395/click - {}
RESULT: {}
COMMAND: GET /session/86ebb79c72de266112eececc171e51a0/screenshot - {}
RESULT: {}
COMMAND: POST /session/86ebb79c72de266112eececc171e51a0/element - {"using":"xpath","value":"//bdi[contains(text(), \"Issue\")]"}
RESULT: {"using":"xpath","value":"//bdi[contains(text(), \"Issue\")]"}
COMMAND: POST /session/86ebb79c72de266112eececc171e51a0/element/f.A17C675D496C198C40B93A37572AC0F9.d.85EE11689425018B6C892A769FEAA7C2.e.15397/click - {}
RESULT: {}
COMMAND: GET /session/86ebb79c72de266112eececc171e51a0/screenshot - {}
RESULT: {}
COMMAND: POST /session/86ebb79c72de266112eececc171e51a0/element - {"using":"css selector","value":"#shell-header-logo"}
RESULT: {"using":"css selector","value":"#shell-header-logo"}
COMMAND: POST /session/86ebb79c72de266112eececc171e51a0/element/f.A17C675D496C198C40B93A37572AC0F9.d.85EE11689425018B6C892A769FEAA7C2.e.14598/click - {}
RESULT: {}
COMMAND: GET /session/86ebb79c72de266112eececc171e51a0/screenshot - {}
RESULT: {}
]]></system-out>
    </testcase>
    <testcase classname="chrome.136_0_7103_93.windows.Billing_transfer_US117289" name="Should navigate to Manage Billings and trigger contract calculation business confirm it" time="65.442">
      <system-out><![CDATA[
COMMAND: POST /session/86ebb79c72de266112eececc171e51a0/execute/async - {"script":"<script> [1562 bytes]","args":[{"selector":{"controlType":"sap.m.GenericTile","properties":{"header":"Manage Billings"}},"wdio_ui5_key":"sapm.GenericTile{\"header\":\"Manage Billings\"}"}]}
RESULT: {"script":"<script> [1562 bytes]","args":[{"selector":{"controlType":"sap.m.GenericTile","properties":{"header":"Manage Billings"}},"wdio_ui5_key":"sapm.GenericTile{\"header\":\"Manage Billings\"}"}]}
RESULT: undefined
COMMAND: POST /session/86ebb79c72de266112eececc171e51a0/element - {"using":"xpath","value":"//*[@id=\"__tile51\"]"}
RESULT: {"using":"xpath","value":"//*[@id=\"__tile51\"]"}
COMMAND: POST /session/86ebb79c72de266112eececc171e51a0/element/f.A17C675D496C198C40B93A37572AC0F9.d.85EE11689425018B6C892A769FEAA7C2.e.12486/click - {}
RESULT: {}
COMMAND: GET /session/86ebb79c72de266112eececc171e51a0/screenshot - {}
RESULT: {}
COMMAND: POST /session/86ebb79c72de266112eececc171e51a0/elements - {"using":"xpath","value":"//span[text()='Error']"}
RESULT: {"using":"xpath","value":"//span[text()='Error']"}
COMMAND: POST /session/86ebb79c72de266112eececc171e51a0/execute/async - {"script":"<script> [1562 bytes]","args":[{"selector":{"id":"application-managebillings-display-component---billRunCalcResult--smartFilterBar-btnBasicSearch","interaction":{"idSuffix":"I"}},"wdio_ui5_key":"applicationmanagebillings-display-component---billRunCalcResult--smartFilterBar-btnBasicSearch"}]}
RESULT: {"script":"<script> [1562 bytes]","args":[{"selector":{"id":"application-managebillings-display-component---billRunCalcResult--smartFilterBar-btnBasicSearch","interaction":{"idSuffix":"I"}},"wdio_ui5_key":"applicationmanagebillings-display-component---billRunCalcResult--smartFilterBar-btnBasicSearch"}]}
RESULT: undefined
COMMAND: POST /session/86ebb79c72de266112eececc171e51a0/execute/async - {"script":"<script> [776 bytes]","args":[{"enterText":"10488","selector":{"id":"application-managebillings-display-component---billRunCalcResult--smartFilterBar-btnBasicSearch","interaction":{"idSuffix":"I"}},"clearTextFirst":true,"interactionType":"ENTER_TEXT"}]}
RESULT: {"script":"<script> [776 bytes]","args":[{"enterText":"10488","selector":{"id":"application-managebillings-display-component---billRunCalcResult--smartFilterBar-btnBasicSearch","interaction":{"idSuffix":"I"}},"clearTextFirst":true,"interactionType":"ENTER_TEXT"}]}
COMMAND: POST /session/86ebb79c72de266112eececc171e51a0/actions - {"actions":[{"id":"action57","type":"key","parameters":{},"actions":[{"type":"keyDown","value":""},{"type":"pause","duration":10},{"type":"keyUp","value":""}]}]}
RESULT: {"actions":[{"id":"action57","type":"key","parameters":{},"actions":[{"type":"keyDown","value":""},{"type":"pause","duration":10},{"type":"keyUp","value":""}]}]}
COMMAND: GET /session/86ebb79c72de266112eececc171e51a0/screenshot - {}
RESULT: {}
COMMAND: POST /session/86ebb79c72de266112eececc171e51a0/element - {"using":"xpath","value":"//td[@aria-colindex=\"1\"]/div/div[contains(@class, \"sapMCbBg\")]"}
RESULT: {"using":"xpath","value":"//td[@aria-colindex=\"1\"]/div/div[contains(@class, \"sapMCbBg\")]"}
COMMAND: POST /session/86ebb79c72de266112eececc171e51a0/element/f.A17C675D496C198C40B93A37572AC0F9.d.85EE11689425018B6C892A769FEAA7C2.e.15806/click - {}
RESULT: {}
COMMAND: GET /session/86ebb79c72de266112eececc171e51a0/screenshot - {}
RESULT: {}
COMMAND: POST /session/86ebb79c72de266112eececc171e51a0/execute/async - {"script":"<script> [1562 bytes]","args":[{"selector":{"id":"application-managebillings-display-component---billRunCalcResult--contractBillRunDate","interaction":{"idSuffix":"inner"}},"wdio_ui5_key":"applicationmanagebillings-display-component---billRunCalcResult--contractBillRunDate"}]}
RESULT: {"script":"<script> [1562 bytes]","args":[{"selector":{"id":"application-managebillings-display-component---billRunCalcResult--contractBillRunDate","interaction":{"idSuffix":"inner"}},"wdio_ui5_key":"applicationmanagebillings-display-component---billRunCalcResult--contractBillRunDate"}]}
RESULT: undefined
COMMAND: POST /session/86ebb79c72de266112eececc171e51a0/execute/async - {"script":"<script> [776 bytes]","args":[{"enterText":"6/21/25","selector":{"id":"application-managebillings-display-component---billRunCalcResult--contractBillRunDate","interaction":{"idSuffix":"inner"}},"clearTextFirst":true,"interactionType":"ENTER_TEXT"}]}
RESULT: {"script":"<script> [776 bytes]","args":[{"enterText":"6/21/25","selector":{"id":"application-managebillings-display-component---billRunCalcResult--contractBillRunDate","interaction":{"idSuffix":"inner"}},"clearTextFirst":true,"interactionType":"ENTER_TEXT"}]}
COMMAND: POST /session/86ebb79c72de266112eececc171e51a0/element - {"using":"xpath","value":"//bdi[contains(text(), \"Trigger Calculation\")]"}
RESULT: {"using":"xpath","value":"//bdi[contains(text(), \"Trigger Calculation\")]"}
COMMAND: POST /session/86ebb79c72de266112eececc171e51a0/element/f.A17C675D496C198C40B93A37572AC0F9.d.85EE11689425018B6C892A769FEAA7C2.e.15856/click - {}
RESULT: {}
COMMAND: GET /session/86ebb79c72de266112eececc171e51a0/screenshot - {}
RESULT: {}
COMMAND: POST /session/86ebb79c72de266112eececc171e51a0/element - {"using":"xpath","value":"(//span[contains(@id, \"imgNav\")])[1]"}
RESULT: {"using":"xpath","value":"(//span[contains(@id, \"imgNav\")])[1]"}
COMMAND: POST /session/86ebb79c72de266112eececc171e51a0/element/f.A17C675D496C198C40B93A37572AC0F9.d.85EE11689425018B6C892A769FEAA7C2.e.15807/click - {}
RESULT: {}
COMMAND: GET /session/86ebb79c72de266112eececc171e51a0/screenshot - {}
RESULT: {}
COMMAND: POST /session/86ebb79c72de266112eececc171e51a0/execute/async - {"script":"<script> [1562 bytes]","args":[{"selector":{"controlType":"sap.ui.core.Icon","viewName":"etm.portal.ui.managebillings.view.Master","viewId":"application-managebillings-display-component---billRunCalcResult","properties":{"src":{"regex":{"source":"slim\\-arrow\\-right"}}}},"wdio_ui5_key":"etmportal.ui.managebillings.view.Mastersap.ui.core.Icon{\"src\":{\"regex\":{\"source\":\"slim\\\\-arrow\\\\-right\"}}}"}]}
RESULT: {"script":"<script> [1562 bytes]","args":[{"selector":{"controlType":"sap.ui.core.Icon","viewName":"etm.portal.ui.managebillings.view.Master","viewId":"application-managebillings-display-component---billRunCalcResult","properties":{"src":{"regex":{"source":"slim\\-arrow\\-right"}}}},"wdio_ui5_key":"etmportal.ui.managebillings.view.Mastersap.ui.core.Icon{\"src\":{\"regex\":{\"source\":\"slim\\\\-arrow\\\\-right\"}}}"}]}
RESULT: undefined
COMMAND: POST /session/86ebb79c72de266112eececc171e51a0/element - {"using":"xpath","value":"//*[@id=\"__item2270-application-managebillings-display-component---billRunCalcResult--billingRunsTable-0-imgNav\"]"}
RESULT: {"using":"xpath","value":"//*[@id=\"__item2270-application-managebillings-display-component---billRunCalcResult--billingRunsTable-0-imgNav\"]"}
COMMAND: POST /session/86ebb79c72de266112eececc171e51a0/element/f.A17C675D496C198C40B93A37572AC0F9.d.85EE11689425018B6C892A769FEAA7C2.e.15861/click - {}
RESULT: {}
COMMAND: POST /session/86ebb79c72de266112eececc171e51a0/execute/async - {"script":"<script> [1562 bytes]","args":[{"selector":{"id":"application-managebillings-display-component---billRunCalcResult--btnConf","interaction":{"idSuffix":"BDI-content"}},"wdio_ui5_key":"applicationmanagebillings-display-component---billRunCalcResult--btnConf"}]}
COMMAND: GET /session/86ebb79c72de266112eececc171e51a0/screenshot - {}
RESULT: {"script":"<script> [1562 bytes]","args":[{"selector":{"id":"application-managebillings-display-component---billRunCalcResult--btnConf","interaction":{"idSuffix":"BDI-content"}},"wdio_ui5_key":"applicationmanagebillings-display-component---billRunCalcResult--btnConf"}]}
RESULT: undefined
COMMAND: POST /session/86ebb79c72de266112eececc171e51a0/element - {"using":"xpath","value":"//*[@id=\"application-managebillings-display-component---billRunCalcResult--btnConf\"]"}
RESULT: {}
RESULT: {"using":"xpath","value":"//*[@id=\"application-managebillings-display-component---billRunCalcResult--btnConf\"]"}
COMMAND: POST /session/86ebb79c72de266112eececc171e51a0/element/f.A17C675D496C198C40B93A37572AC0F9.d.85EE11689425018B6C892A769FEAA7C2.e.15869/click - {}
RESULT: {}
COMMAND: POST /session/86ebb79c72de266112eececc171e51a0/element - {"using":"css selector","value":"#shell-header-logo"}
COMMAND: GET /session/86ebb79c72de266112eececc171e51a0/screenshot - {}
RESULT: {"using":"css selector","value":"#shell-header-logo"}
COMMAND: POST /session/86ebb79c72de266112eececc171e51a0/element/f.A17C675D496C198C40B93A37572AC0F9.d.85EE11689425018B6C892A769FEAA7C2.e.15594/click - {}
RESULT: {}
RESULT: {}
COMMAND: GET /session/86ebb79c72de266112eececc171e51a0/screenshot - {}
RESULT: {}
]]></system-out>
    </testcase>
    <testcase classname="chrome.136_0_7103_93.windows.Billing_transfer_US117289" name="Should trigger Billing Transfer process all the way to completion" time="90.501">
      <system-out><![CDATA[
COMMAND: POST /session/86ebb79c72de266112eececc171e51a0/execute/async - {"script":"<script> [1562 bytes]","args":[{"selector":{"controlType":"sap.m.GenericTile","properties":{"header":"Billing Transfer"}},"wdio_ui5_key":"sapm.GenericTile{\"header\":\"Billing Transfer\"}"}]}
RESULT: {"script":"<script> [1562 bytes]","args":[{"selector":{"controlType":"sap.m.GenericTile","properties":{"header":"Billing Transfer"}},"wdio_ui5_key":"sapm.GenericTile{\"header\":\"Billing Transfer\"}"}]}
RESULT: undefined
COMMAND: POST /session/86ebb79c72de266112eececc171e51a0/element - {"using":"xpath","value":"//*[@id=\"__tile50\"]"}
RESULT: {"using":"xpath","value":"//*[@id=\"__tile50\"]"}
COMMAND: POST /session/86ebb79c72de266112eececc171e51a0/element/f.A17C675D496C198C40B93A37572AC0F9.d.85EE11689425018B6C892A769FEAA7C2.e.12484/click - {}
RESULT: {}
COMMAND: GET /session/86ebb79c72de266112eececc171e51a0/screenshot - {}
RESULT: {}
COMMAND: POST /session/86ebb79c72de266112eececc171e51a0/elements - {"using":"xpath","value":"//span[text()='Error']"}
RESULT: {"using":"xpath","value":"//span[text()='Error']"}
COMMAND: POST /session/86ebb79c72de266112eececc171e51a0/element - {"using":"xpath","value":"//input[contains(@id ,\"application-billingtransfer-display-component---billingWorkbench--smartFilterBar-btnBasicSearch\")]"}
RESULT: {"using":"xpath","value":"//input[contains(@id ,\"application-billingtransfer-display-component---billingWorkbench--smartFilterBar-btnBasicSearch\")]"}
COMMAND: POST /session/86ebb79c72de266112eececc171e51a0/elements - {"using":"xpath","value":"//input[contains(@id ,\"application-billingtransfer-display-component---billingWorkbench--smartFilterBar-btnBasicSearch\")]"}
RESULT: {"using":"xpath","value":"//input[contains(@id ,\"application-billingtransfer-display-component---billingWorkbench--smartFilterBar-btnBasicSearch\")]"}
COMMAND: POST /session/86ebb79c72de266112eececc171e51a0/execute/sync - {"script":"<script> [8489 bytes]","args":[{"element-6066-11e4-a52e-4f735466cecf":"f.A17C675D496C198C40B93A37572AC0F9.d.85EE11689425018B6C892A769FEAA7C2.e.15938","ELEMENT":"f.A17C675D496C198C40B93A37572AC0F9.d.85EE11689425018B6C892A769FEAA7C2.e.15938"}]}
RESULT: {"script":"<script> [8489 bytes]","args":[{"element-6066-11e4-a52e-4f735466cecf":"f.A17C675D496C198C40B93A37572AC0F9.d.85EE11689425018B6C892A769FEAA7C2.e.15938","ELEMENT":"f.A17C675D496C198C40B93A37572AC0F9.d.85EE11689425018B6C892A769FEAA7C2.e.15938"}]}
COMMAND: GET /session/86ebb79c72de266112eececc171e51a0/element/f.A17C675D496C198C40B93A37572AC0F9.d.85EE11689425018B6C892A769FEAA7C2.e.15938/enabled - {}
COMMAND: GET /session/86ebb79c72de266112eececc171e51a0/screenshot - {}
RESULT: {}
COMMAND: POST /session/86ebb79c72de266112eececc171e51a0/element/f.A17C675D496C198C40B93A37572AC0F9.d.85EE11689425018B6C892A769FEAA7C2.e.15938/click - {}
COMMAND: GET /session/86ebb79c72de266112eececc171e51a0/screenshot - {}
RESULT: {}
RESULT: {}
COMMAND: GET /session/86ebb79c72de266112eececc171e51a0/screenshot - {}
RESULT: {}
RESULT: {}
COMMAND: POST /session/86ebb79c72de266112eececc171e51a0/element/f.A17C675D496C198C40B93A37572AC0F9.d.85EE11689425018B6C892A769FEAA7C2.e.15938/clear - {}
RESULT: {}
COMMAND: POST /session/86ebb79c72de266112eececc171e51a0/element/f.A17C675D496C198C40B93A37572AC0F9.d.85EE11689425018B6C892A769FEAA7C2.e.15938/value - {"text":"10488"}
COMMAND: GET /session/86ebb79c72de266112eececc171e51a0/screenshot - {}
RESULT: {"text":"10488"}
COMMAND: POST /session/86ebb79c72de266112eececc171e51a0/actions - {"actions":[{"id":"action58","type":"key","parameters":{},"actions":[{"type":"keyDown","value":""},{"type":"pause","duration":10},{"type":"keyUp","value":""}]}]}
COMMAND: GET /session/86ebb79c72de266112eececc171e51a0/screenshot - {}
RESULT: {}
RESULT: {"actions":[{"id":"action58","type":"key","parameters":{},"actions":[{"type":"keyDown","value":""},{"type":"pause","duration":10},{"type":"keyUp","value":""}]}]}
COMMAND: GET /session/86ebb79c72de266112eececc171e51a0/screenshot - {}
RESULT: {}
RESULT: {}
COMMAND: POST /session/86ebb79c72de266112eececc171e51a0/element - {"using":"xpath","value":"//span[contains(@id ,\"application-billingtransfer-display-component---billingWorkbench--smartTableBillingRuns-header-inner\")]"}
RESULT: {"using":"xpath","value":"//span[contains(@id ,\"application-billingtransfer-display-component---billingWorkbench--smartTableBillingRuns-header-inner\")]"}
COMMAND: POST /session/86ebb79c72de266112eececc171e51a0/elements - {"using":"xpath","value":"//span[contains(@id ,\"application-billingtransfer-display-component---billingWorkbench--smartTableBillingRuns-header-inner\")]"}
RESULT: {"using":"xpath","value":"//span[contains(@id ,\"application-billingtransfer-display-component---billingWorkbench--smartTableBillingRuns-header-inner\")]"}
COMMAND: POST /session/86ebb79c72de266112eececc171e51a0/execute/sync - {"script":"<script> [56 bytes]","args":[{"element-6066-11e4-a52e-4f735466cecf":"f.A17C675D496C198C40B93A37572AC0F9.d.85EE11689425018B6C892A769FEAA7C2.e.16082","ELEMENT":"f.A17C675D496C198C40B93A37572AC0F9.d.85EE11689425018B6C892A769FEAA7C2.e.16082"}]}
RESULT: {"script":"<script> [56 bytes]","args":[{"element-6066-11e4-a52e-4f735466cecf":"f.A17C675D496C198C40B93A37572AC0F9.d.85EE11689425018B6C892A769FEAA7C2.e.16082","ELEMENT":"f.A17C675D496C198C40B93A37572AC0F9.d.85EE11689425018B6C892A769FEAA7C2.e.16082"}]}
COMMAND: POST /session/86ebb79c72de266112eececc171e51a0/element - {"using":"xpath","value":"//td[@aria-colindex=\"1\"]/div/div[contains(@class, \"sapMCbBg\")]"}
COMMAND: GET /session/86ebb79c72de266112eececc171e51a0/screenshot - {}
RESULT: {"using":"xpath","value":"//td[@aria-colindex=\"1\"]/div/div[contains(@class, \"sapMCbBg\")]"}
COMMAND: POST /session/86ebb79c72de266112eececc171e51a0/element/f.A17C675D496C198C40B93A37572AC0F9.d.85EE11689425018B6C892A769FEAA7C2.e.16076/click - {}
RESULT: {}
RESULT: {}
COMMAND: GET /session/86ebb79c72de266112eececc171e51a0/screenshot - {}
RESULT: {}
COMMAND: POST /session/86ebb79c72de266112eececc171e51a0/element - {"using":"xpath","value":"//bdi[contains(text(), \"Check\")]"}
RESULT: {"using":"xpath","value":"//bdi[contains(text(), \"Check\")]"}
COMMAND: POST /session/86ebb79c72de266112eececc171e51a0/element/f.A17C675D496C198C40B93A37572AC0F9.d.85EE11689425018B6C892A769FEAA7C2.e.16083/click - {}
RESULT: {}
COMMAND: GET /session/86ebb79c72de266112eececc171e51a0/screenshot - {}
RESULT: {}
COMMAND: POST /session/86ebb79c72de266112eececc171e51a0/element - {"using":"xpath","value":"//bdi[contains(text(), \"OK\")]"}
RESULT: {"using":"xpath","value":"//bdi[contains(text(), \"OK\")]"}
COMMAND: POST /session/86ebb79c72de266112eececc171e51a0/element/f.A17C675D496C198C40B93A37572AC0F9.d.85EE11689425018B6C892A769FEAA7C2.e.16086/click - {}
RESULT: {}
COMMAND: GET /session/86ebb79c72de266112eececc171e51a0/screenshot - {}
RESULT: {}
COMMAND: POST /session/86ebb79c72de266112eececc171e51a0/element - {"using":"xpath","value":"(//span[contains(text(), \"CO/SD checked\")]/parent::div/preceding-sibling::div/span)[1]"}
RESULT: {"using":"xpath","value":"(//span[contains(text(), \"CO/SD checked\")]/parent::div/preceding-sibling::div/span)[1]"}
COMMAND: POST /session/86ebb79c72de266112eececc171e51a0/element/f.A17C675D496C198C40B93A37572AC0F9.d.85EE11689425018B6C892A769FEAA7C2.e.16095/click - {}
RESULT: {}
COMMAND: GET /session/86ebb79c72de266112eececc171e51a0/screenshot - {}
RESULT: {}
COMMAND: POST /session/86ebb79c72de266112eececc171e51a0/element - {"using":"xpath","value":"//input[contains(@id ,\"application-billingtransfer-display-component---billingWorkbench--smartFilterBar-btnBasicSearch\")]"}
RESULT: {"using":"xpath","value":"//input[contains(@id ,\"application-billingtransfer-display-component---billingWorkbench--smartFilterBar-btnBasicSearch\")]"}
COMMAND: POST /session/86ebb79c72de266112eececc171e51a0/elements - {"using":"xpath","value":"//input[contains(@id ,\"application-billingtransfer-display-component---billingWorkbench--smartFilterBar-btnBasicSearch\")]"}
RESULT: {"using":"xpath","value":"//input[contains(@id ,\"application-billingtransfer-display-component---billingWorkbench--smartFilterBar-btnBasicSearch\")]"}
COMMAND: POST /session/86ebb79c72de266112eececc171e51a0/execute/sync - {"script":"<script> [8489 bytes]","args":[{"element-6066-11e4-a52e-4f735466cecf":"f.A17C675D496C198C40B93A37572AC0F9.d.85EE11689425018B6C892A769FEAA7C2.e.15938","ELEMENT":"f.A17C675D496C198C40B93A37572AC0F9.d.85EE11689425018B6C892A769FEAA7C2.e.15938"}]}
RESULT: {"script":"<script> [8489 bytes]","args":[{"element-6066-11e4-a52e-4f735466cecf":"f.A17C675D496C198C40B93A37572AC0F9.d.85EE11689425018B6C892A769FEAA7C2.e.15938","ELEMENT":"f.A17C675D496C198C40B93A37572AC0F9.d.85EE11689425018B6C892A769FEAA7C2.e.15938"}]}
COMMAND: GET /session/86ebb79c72de266112eececc171e51a0/element/f.A17C675D496C198C40B93A37572AC0F9.d.85EE11689425018B6C892A769FEAA7C2.e.15938/enabled - {}
COMMAND: GET /session/86ebb79c72de266112eececc171e51a0/screenshot - {}
RESULT: {}
COMMAND: POST /session/86ebb79c72de266112eececc171e51a0/element/f.A17C675D496C198C40B93A37572AC0F9.d.85EE11689425018B6C892A769FEAA7C2.e.15938/click - {}
COMMAND: GET /session/86ebb79c72de266112eececc171e51a0/screenshot - {}
RESULT: {}
RESULT: {}
COMMAND: GET /session/86ebb79c72de266112eececc171e51a0/screenshot - {}
RESULT: {}
RESULT: {}
COMMAND: POST /session/86ebb79c72de266112eececc171e51a0/element/f.A17C675D496C198C40B93A37572AC0F9.d.85EE11689425018B6C892A769FEAA7C2.e.15938/clear - {}
RESULT: {}
COMMAND: POST /session/86ebb79c72de266112eececc171e51a0/element/f.A17C675D496C198C40B93A37572AC0F9.d.85EE11689425018B6C892A769FEAA7C2.e.15938/value - {"text":"10488"}
COMMAND: GET /session/86ebb79c72de266112eececc171e51a0/screenshot - {}
RESULT: {"text":"10488"}
COMMAND: POST /session/86ebb79c72de266112eececc171e51a0/actions - {"actions":[{"id":"action59","type":"key","parameters":{},"actions":[{"type":"keyDown","value":""},{"type":"pause","duration":10},{"type":"keyUp","value":""}]}]}
COMMAND: GET /session/86ebb79c72de266112eececc171e51a0/screenshot - {}
RESULT: {}
RESULT: {"actions":[{"id":"action59","type":"key","parameters":{},"actions":[{"type":"keyDown","value":""},{"type":"pause","duration":10},{"type":"keyUp","value":""}]}]}
COMMAND: GET /session/86ebb79c72de266112eececc171e51a0/screenshot - {}
RESULT: {}
RESULT: {}
COMMAND: POST /session/86ebb79c72de266112eececc171e51a0/element - {"using":"xpath","value":"//span[contains(@id ,\"application-billingtransfer-display-component---billingWorkbench--smartTableBillingRuns-header-inner\")]"}
RESULT: {"using":"xpath","value":"//span[contains(@id ,\"application-billingtransfer-display-component---billingWorkbench--smartTableBillingRuns-header-inner\")]"}
COMMAND: POST /session/86ebb79c72de266112eececc171e51a0/elements - {"using":"xpath","value":"//span[contains(@id ,\"application-billingtransfer-display-component---billingWorkbench--smartTableBillingRuns-header-inner\")]"}
RESULT: {"using":"xpath","value":"//span[contains(@id ,\"application-billingtransfer-display-component---billingWorkbench--smartTableBillingRuns-header-inner\")]"}
COMMAND: POST /session/86ebb79c72de266112eececc171e51a0/execute/sync - {"script":"<script> [56 bytes]","args":[{"element-6066-11e4-a52e-4f735466cecf":"f.A17C675D496C198C40B93A37572AC0F9.d.85EE11689425018B6C892A769FEAA7C2.e.16082","ELEMENT":"f.A17C675D496C198C40B93A37572AC0F9.d.85EE11689425018B6C892A769FEAA7C2.e.16082"}]}
RESULT: {"script":"<script> [56 bytes]","args":[{"element-6066-11e4-a52e-4f735466cecf":"f.A17C675D496C198C40B93A37572AC0F9.d.85EE11689425018B6C892A769FEAA7C2.e.16082","ELEMENT":"f.A17C675D496C198C40B93A37572AC0F9.d.85EE11689425018B6C892A769FEAA7C2.e.16082"}]}
COMMAND: GET /session/86ebb79c72de266112eececc171e51a0/screenshot - {}
RESULT: {}
COMMAND: POST /session/86ebb79c72de266112eececc171e51a0/execute/sync - {"script":"<script> [56 bytes]","args":[{"element-6066-11e4-a52e-4f735466cecf":"f.A17C675D496C198C40B93A37572AC0F9.d.85EE11689425018B6C892A769FEAA7C2.e.16082","ELEMENT":"f.A17C675D496C198C40B93A37572AC0F9.d.85EE11689425018B6C892A769FEAA7C2.e.16082"}]}
RESULT: {"script":"<script> [56 bytes]","args":[{"element-6066-11e4-a52e-4f735466cecf":"f.A17C675D496C198C40B93A37572AC0F9.d.85EE11689425018B6C892A769FEAA7C2.e.16082","ELEMENT":"f.A17C675D496C198C40B93A37572AC0F9.d.85EE11689425018B6C892A769FEAA7C2.e.16082"}]}
COMMAND: GET /session/86ebb79c72de266112eececc171e51a0/screenshot - {}
RESULT: {}
COMMAND: POST /session/86ebb79c72de266112eececc171e51a0/execute/sync - {"script":"<script> [56 bytes]","args":[{"element-6066-11e4-a52e-4f735466cecf":"f.A17C675D496C198C40B93A37572AC0F9.d.85EE11689425018B6C892A769FEAA7C2.e.16082","ELEMENT":"f.A17C675D496C198C40B93A37572AC0F9.d.85EE11689425018B6C892A769FEAA7C2.e.16082"}]}
RESULT: {"script":"<script> [56 bytes]","args":[{"element-6066-11e4-a52e-4f735466cecf":"f.A17C675D496C198C40B93A37572AC0F9.d.85EE11689425018B6C892A769FEAA7C2.e.16082","ELEMENT":"f.A17C675D496C198C40B93A37572AC0F9.d.85EE11689425018B6C892A769FEAA7C2.e.16082"}]}
COMMAND: GET /session/86ebb79c72de266112eececc171e51a0/screenshot - {}
RESULT: {}
COMMAND: POST /session/86ebb79c72de266112eececc171e51a0/execute/sync - {"script":"<script> [56 bytes]","args":[{"element-6066-11e4-a52e-4f735466cecf":"f.A17C675D496C198C40B93A37572AC0F9.d.85EE11689425018B6C892A769FEAA7C2.e.16082","ELEMENT":"f.A17C675D496C198C40B93A37572AC0F9.d.85EE11689425018B6C892A769FEAA7C2.e.16082"}]}
RESULT: {"script":"<script> [56 bytes]","args":[{"element-6066-11e4-a52e-4f735466cecf":"f.A17C675D496C198C40B93A37572AC0F9.d.85EE11689425018B6C892A769FEAA7C2.e.16082","ELEMENT":"f.A17C675D496C198C40B93A37572AC0F9.d.85EE11689425018B6C892A769FEAA7C2.e.16082"}]}
COMMAND: GET /session/86ebb79c72de266112eececc171e51a0/screenshot - {}
RESULT: {}
COMMAND: POST /session/86ebb79c72de266112eececc171e51a0/execute/sync - {"script":"<script> [56 bytes]","args":[{"element-6066-11e4-a52e-4f735466cecf":"f.A17C675D496C198C40B93A37572AC0F9.d.85EE11689425018B6C892A769FEAA7C2.e.16082","ELEMENT":"f.A17C675D496C198C40B93A37572AC0F9.d.85EE11689425018B6C892A769FEAA7C2.e.16082"}]}
RESULT: {"script":"<script> [56 bytes]","args":[{"element-6066-11e4-a52e-4f735466cecf":"f.A17C675D496C198C40B93A37572AC0F9.d.85EE11689425018B6C892A769FEAA7C2.e.16082","ELEMENT":"f.A17C675D496C198C40B93A37572AC0F9.d.85EE11689425018B6C892A769FEAA7C2.e.16082"}]}
COMMAND: GET /session/86ebb79c72de266112eececc171e51a0/screenshot - {}
RESULT: {}
COMMAND: POST /session/86ebb79c72de266112eececc171e51a0/execute/sync - {"script":"<script> [56 bytes]","args":[{"element-6066-11e4-a52e-4f735466cecf":"f.A17C675D496C198C40B93A37572AC0F9.d.85EE11689425018B6C892A769FEAA7C2.e.16082","ELEMENT":"f.A17C675D496C198C40B93A37572AC0F9.d.85EE11689425018B6C892A769FEAA7C2.e.16082"}]}
RESULT: {"script":"<script> [56 bytes]","args":[{"element-6066-11e4-a52e-4f735466cecf":"f.A17C675D496C198C40B93A37572AC0F9.d.85EE11689425018B6C892A769FEAA7C2.e.16082","ELEMENT":"f.A17C675D496C198C40B93A37572AC0F9.d.85EE11689425018B6C892A769FEAA7C2.e.16082"}]}
COMMAND: GET /session/86ebb79c72de266112eececc171e51a0/screenshot - {}
RESULT: {}
COMMAND: POST /session/86ebb79c72de266112eececc171e51a0/execute/sync - {"script":"<script> [56 bytes]","args":[{"element-6066-11e4-a52e-4f735466cecf":"f.A17C675D496C198C40B93A37572AC0F9.d.85EE11689425018B6C892A769FEAA7C2.e.16082","ELEMENT":"f.A17C675D496C198C40B93A37572AC0F9.d.85EE11689425018B6C892A769FEAA7C2.e.16082"}]}
RESULT: {"script":"<script> [56 bytes]","args":[{"element-6066-11e4-a52e-4f735466cecf":"f.A17C675D496C198C40B93A37572AC0F9.d.85EE11689425018B6C892A769FEAA7C2.e.16082","ELEMENT":"f.A17C675D496C198C40B93A37572AC0F9.d.85EE11689425018B6C892A769FEAA7C2.e.16082"}]}
COMMAND: GET /session/86ebb79c72de266112eececc171e51a0/screenshot - {}
RESULT: {}
COMMAND: POST /session/86ebb79c72de266112eececc171e51a0/execute/sync - {"script":"<script> [56 bytes]","args":[{"element-6066-11e4-a52e-4f735466cecf":"f.A17C675D496C198C40B93A37572AC0F9.d.85EE11689425018B6C892A769FEAA7C2.e.16082","ELEMENT":"f.A17C675D496C198C40B93A37572AC0F9.d.85EE11689425018B6C892A769FEAA7C2.e.16082"}]}
RESULT: {"script":"<script> [56 bytes]","args":[{"element-6066-11e4-a52e-4f735466cecf":"f.A17C675D496C198C40B93A37572AC0F9.d.85EE11689425018B6C892A769FEAA7C2.e.16082","ELEMENT":"f.A17C675D496C198C40B93A37572AC0F9.d.85EE11689425018B6C892A769FEAA7C2.e.16082"}]}
COMMAND: GET /session/86ebb79c72de266112eececc171e51a0/screenshot - {}
RESULT: {}
COMMAND: POST /session/86ebb79c72de266112eececc171e51a0/execute/sync - {"script":"<script> [56 bytes]","args":[{"element-6066-11e4-a52e-4f735466cecf":"f.A17C675D496C198C40B93A37572AC0F9.d.85EE11689425018B6C892A769FEAA7C2.e.16082","ELEMENT":"f.A17C675D496C198C40B93A37572AC0F9.d.85EE11689425018B6C892A769FEAA7C2.e.16082"}]}
RESULT: {"script":"<script> [56 bytes]","args":[{"element-6066-11e4-a52e-4f735466cecf":"f.A17C675D496C198C40B93A37572AC0F9.d.85EE11689425018B6C892A769FEAA7C2.e.16082","ELEMENT":"f.A17C675D496C198C40B93A37572AC0F9.d.85EE11689425018B6C892A769FEAA7C2.e.16082"}]}
COMMAND: GET /session/86ebb79c72de266112eececc171e51a0/screenshot - {}
RESULT: {}
COMMAND: POST /session/86ebb79c72de266112eececc171e51a0/execute/sync - {"script":"<script> [56 bytes]","args":[{"element-6066-11e4-a52e-4f735466cecf":"f.A17C675D496C198C40B93A37572AC0F9.d.85EE11689425018B6C892A769FEAA7C2.e.16082","ELEMENT":"f.A17C675D496C198C40B93A37572AC0F9.d.85EE11689425018B6C892A769FEAA7C2.e.16082"}]}
RESULT: {"script":"<script> [56 bytes]","args":[{"element-6066-11e4-a52e-4f735466cecf":"f.A17C675D496C198C40B93A37572AC0F9.d.85EE11689425018B6C892A769FEAA7C2.e.16082","ELEMENT":"f.A17C675D496C198C40B93A37572AC0F9.d.85EE11689425018B6C892A769FEAA7C2.e.16082"}]}
COMMAND: GET /session/86ebb79c72de266112eececc171e51a0/screenshot - {}
RESULT: {}
COMMAND: POST /session/86ebb79c72de266112eececc171e51a0/execute/sync - {"script":"<script> [56 bytes]","args":[{"element-6066-11e4-a52e-4f735466cecf":"f.A17C675D496C198C40B93A37572AC0F9.d.85EE11689425018B6C892A769FEAA7C2.e.16082","ELEMENT":"f.A17C675D496C198C40B93A37572AC0F9.d.85EE11689425018B6C892A769FEAA7C2.e.16082"}]}
RESULT: {"script":"<script> [56 bytes]","args":[{"element-6066-11e4-a52e-4f735466cecf":"f.A17C675D496C198C40B93A37572AC0F9.d.85EE11689425018B6C892A769FEAA7C2.e.16082","ELEMENT":"f.A17C675D496C198C40B93A37572AC0F9.d.85EE11689425018B6C892A769FEAA7C2.e.16082"}]}
COMMAND: GET /session/86ebb79c72de266112eececc171e51a0/screenshot - {}
RESULT: {}
COMMAND: POST /session/86ebb79c72de266112eececc171e51a0/execute/sync - {"script":"<script> [56 bytes]","args":[{"element-6066-11e4-a52e-4f735466cecf":"f.A17C675D496C198C40B93A37572AC0F9.d.85EE11689425018B6C892A769FEAA7C2.e.16082","ELEMENT":"f.A17C675D496C198C40B93A37572AC0F9.d.85EE11689425018B6C892A769FEAA7C2.e.16082"}]}
RESULT: {"script":"<script> [56 bytes]","args":[{"element-6066-11e4-a52e-4f735466cecf":"f.A17C675D496C198C40B93A37572AC0F9.d.85EE11689425018B6C892A769FEAA7C2.e.16082","ELEMENT":"f.A17C675D496C198C40B93A37572AC0F9.d.85EE11689425018B6C892A769FEAA7C2.e.16082"}]}
COMMAND: GET /session/86ebb79c72de266112eececc171e51a0/screenshot - {}
COMMAND: POST /session/86ebb79c72de266112eececc171e51a0/execute/sync - {"script":"<script> [56 bytes]","args":[{"element-6066-11e4-a52e-4f735466cecf":"f.A17C675D496C198C40B93A37572AC0F9.d.85EE11689425018B6C892A769FEAA7C2.e.16082","ELEMENT":"f.A17C675D496C198C40B93A37572AC0F9.d.85EE11689425018B6C892A769FEAA7C2.e.16082"}]}
RESULT: {}
RESULT: {"script":"<script> [56 bytes]","args":[{"element-6066-11e4-a52e-4f735466cecf":"f.A17C675D496C198C40B93A37572AC0F9.d.85EE11689425018B6C892A769FEAA7C2.e.16082","ELEMENT":"f.A17C675D496C198C40B93A37572AC0F9.d.85EE11689425018B6C892A769FEAA7C2.e.16082"}]}
COMMAND: POST /session/86ebb79c72de266112eececc171e51a0/element - {"using":"xpath","value":"//td[@aria-colindex=\"1\"]/div/div[contains(@class, \"sapMCbBg\")]"}
COMMAND: GET /session/86ebb79c72de266112eececc171e51a0/screenshot - {}
RESULT: {"using":"xpath","value":"//td[@aria-colindex=\"1\"]/div/div[contains(@class, \"sapMCbBg\")]"}
COMMAND: POST /session/86ebb79c72de266112eececc171e51a0/element/f.A17C675D496C198C40B93A37572AC0F9.d.85EE11689425018B6C892A769FEAA7C2.e.16100/click - {}
RESULT: {}
RESULT: {}
COMMAND: GET /session/86ebb79c72de266112eececc171e51a0/screenshot - {}
RESULT: {}
COMMAND: POST /session/86ebb79c72de266112eececc171e51a0/element - {"using":"xpath","value":"//bdi[text()=\"Transfer\"]"}
RESULT: {"using":"xpath","value":"//bdi[text()=\"Transfer\"]"}
COMMAND: POST /session/86ebb79c72de266112eececc171e51a0/element/f.A17C675D496C198C40B93A37572AC0F9.d.85EE11689425018B6C892A769FEAA7C2.e.16101/click - {}
RESULT: {}
COMMAND: GET /session/86ebb79c72de266112eececc171e51a0/screenshot - {}
RESULT: {}
COMMAND: POST /session/86ebb79c72de266112eececc171e51a0/element - {"using":"xpath","value":"//bdi[contains(text(), \"OK\")]"}
RESULT: {"using":"xpath","value":"//bdi[contains(text(), \"OK\")]"}
COMMAND: POST /session/86ebb79c72de266112eececc171e51a0/element/f.A17C675D496C198C40B93A37572AC0F9.d.85EE11689425018B6C892A769FEAA7C2.e.16104/click - {}
RESULT: {}
COMMAND: GET /session/86ebb79c72de266112eececc171e51a0/screenshot - {}
RESULT: {}
COMMAND: POST /session/86ebb79c72de266112eececc171e51a0/element - {"using":"xpath","value":"(//span[contains(text(), \"Completed\")]/parent::div/preceding-sibling::div/span)[1]"}
RESULT: {"using":"xpath","value":"(//span[contains(text(), \"Completed\")]/parent::div/preceding-sibling::div/span)[1]"}
COMMAND: POST /session/86ebb79c72de266112eececc171e51a0/element/f.A17C675D496C198C40B93A37572AC0F9.d.85EE11689425018B6C892A769FEAA7C2.e.16112/click - {}
RESULT: {}
COMMAND: POST /session/86ebb79c72de266112eececc171e51a0/element - {"using":"xpath","value":"//input[contains(@id ,\"application-billingtransfer-display-component---billingWorkbench--smartFilterBar-btnBasicSearch\")]"}
COMMAND: GET /session/86ebb79c72de266112eececc171e51a0/screenshot - {}
RESULT: {"using":"xpath","value":"//input[contains(@id ,\"application-billingtransfer-display-component---billingWorkbench--smartFilterBar-btnBasicSearch\")]"}
COMMAND: POST /session/86ebb79c72de266112eececc171e51a0/elements - {"using":"xpath","value":"//input[contains(@id ,\"application-billingtransfer-display-component---billingWorkbench--smartFilterBar-btnBasicSearch\")]"}
RESULT: {}
RESULT: {"using":"xpath","value":"//input[contains(@id ,\"application-billingtransfer-display-component---billingWorkbench--smartFilterBar-btnBasicSearch\")]"}
COMMAND: POST /session/86ebb79c72de266112eececc171e51a0/execute/sync - {"script":"<script> [8489 bytes]","args":[{"element-6066-11e4-a52e-4f735466cecf":"f.A17C675D496C198C40B93A37572AC0F9.d.85EE11689425018B6C892A769FEAA7C2.e.15938","ELEMENT":"f.A17C675D496C198C40B93A37572AC0F9.d.85EE11689425018B6C892A769FEAA7C2.e.15938"}]}
RESULT: {"script":"<script> [8489 bytes]","args":[{"element-6066-11e4-a52e-4f735466cecf":"f.A17C675D496C198C40B93A37572AC0F9.d.85EE11689425018B6C892A769FEAA7C2.e.15938","ELEMENT":"f.A17C675D496C198C40B93A37572AC0F9.d.85EE11689425018B6C892A769FEAA7C2.e.15938"}]}
COMMAND: GET /session/86ebb79c72de266112eececc171e51a0/element/f.A17C675D496C198C40B93A37572AC0F9.d.85EE11689425018B6C892A769FEAA7C2.e.15938/enabled - {}
COMMAND: GET /session/86ebb79c72de266112eececc171e51a0/screenshot - {}
RESULT: {}
RESULT: {}
COMMAND: POST /session/86ebb79c72de266112eececc171e51a0/element/f.A17C675D496C198C40B93A37572AC0F9.d.85EE11689425018B6C892A769FEAA7C2.e.15938/click - {}
COMMAND: GET /session/86ebb79c72de266112eececc171e51a0/screenshot - {}
RESULT: {}
COMMAND: GET /session/86ebb79c72de266112eececc171e51a0/screenshot - {}
RESULT: {}
RESULT: {}
COMMAND: POST /session/86ebb79c72de266112eececc171e51a0/element/f.A17C675D496C198C40B93A37572AC0F9.d.85EE11689425018B6C892A769FEAA7C2.e.15938/clear - {}
RESULT: {}
COMMAND: POST /session/86ebb79c72de266112eececc171e51a0/element/f.A17C675D496C198C40B93A37572AC0F9.d.85EE11689425018B6C892A769FEAA7C2.e.15938/value - {"text":"10488"}
COMMAND: GET /session/86ebb79c72de266112eececc171e51a0/screenshot - {}
RESULT: {"text":"10488"}
COMMAND: POST /session/86ebb79c72de266112eececc171e51a0/actions - {"actions":[{"id":"action60","type":"key","parameters":{},"actions":[{"type":"keyDown","value":""},{"type":"pause","duration":10},{"type":"keyUp","value":""}]}]}
COMMAND: GET /session/86ebb79c72de266112eececc171e51a0/screenshot - {}
RESULT: {}
RESULT: {"actions":[{"id":"action60","type":"key","parameters":{},"actions":[{"type":"keyDown","value":""},{"type":"pause","duration":10},{"type":"keyUp","value":""}]}]}
COMMAND: GET /session/86ebb79c72de266112eececc171e51a0/screenshot - {}
RESULT: {}
RESULT: {}
COMMAND: POST /session/86ebb79c72de266112eececc171e51a0/element - {"using":"xpath","value":"//span[contains(@id ,\"application-billingtransfer-display-component---billingWorkbench--smartTableBillingRuns-header-inner\")]"}
RESULT: {"using":"xpath","value":"//span[contains(@id ,\"application-billingtransfer-display-component---billingWorkbench--smartTableBillingRuns-header-inner\")]"}
COMMAND: POST /session/86ebb79c72de266112eececc171e51a0/elements - {"using":"xpath","value":"//span[contains(@id ,\"application-billingtransfer-display-component---billingWorkbench--smartTableBillingRuns-header-inner\")]"}
RESULT: {"using":"xpath","value":"//span[contains(@id ,\"application-billingtransfer-display-component---billingWorkbench--smartTableBillingRuns-header-inner\")]"}
COMMAND: POST /session/86ebb79c72de266112eececc171e51a0/execute/sync - {"script":"<script> [56 bytes]","args":[{"element-6066-11e4-a52e-4f735466cecf":"f.A17C675D496C198C40B93A37572AC0F9.d.85EE11689425018B6C892A769FEAA7C2.e.16082","ELEMENT":"f.A17C675D496C198C40B93A37572AC0F9.d.85EE11689425018B6C892A769FEAA7C2.e.16082"}]}
RESULT: {"script":"<script> [56 bytes]","args":[{"element-6066-11e4-a52e-4f735466cecf":"f.A17C675D496C198C40B93A37572AC0F9.d.85EE11689425018B6C892A769FEAA7C2.e.16082","ELEMENT":"f.A17C675D496C198C40B93A37572AC0F9.d.85EE11689425018B6C892A769FEAA7C2.e.16082"}]}
COMMAND: GET /session/86ebb79c72de266112eececc171e51a0/screenshot - {}
RESULT: {}
COMMAND: POST /session/86ebb79c72de266112eececc171e51a0/execute/sync - {"script":"<script> [56 bytes]","args":[{"element-6066-11e4-a52e-4f735466cecf":"f.A17C675D496C198C40B93A37572AC0F9.d.85EE11689425018B6C892A769FEAA7C2.e.16082","ELEMENT":"f.A17C675D496C198C40B93A37572AC0F9.d.85EE11689425018B6C892A769FEAA7C2.e.16082"}]}
RESULT: {"script":"<script> [56 bytes]","args":[{"element-6066-11e4-a52e-4f735466cecf":"f.A17C675D496C198C40B93A37572AC0F9.d.85EE11689425018B6C892A769FEAA7C2.e.16082","ELEMENT":"f.A17C675D496C198C40B93A37572AC0F9.d.85EE11689425018B6C892A769FEAA7C2.e.16082"}]}
COMMAND: GET /session/86ebb79c72de266112eececc171e51a0/screenshot - {}
RESULT: {}
COMMAND: POST /session/86ebb79c72de266112eececc171e51a0/execute/sync - {"script":"<script> [56 bytes]","args":[{"element-6066-11e4-a52e-4f735466cecf":"f.A17C675D496C198C40B93A37572AC0F9.d.85EE11689425018B6C892A769FEAA7C2.e.16082","ELEMENT":"f.A17C675D496C198C40B93A37572AC0F9.d.85EE11689425018B6C892A769FEAA7C2.e.16082"}]}
RESULT: {"script":"<script> [56 bytes]","args":[{"element-6066-11e4-a52e-4f735466cecf":"f.A17C675D496C198C40B93A37572AC0F9.d.85EE11689425018B6C892A769FEAA7C2.e.16082","ELEMENT":"f.A17C675D496C198C40B93A37572AC0F9.d.85EE11689425018B6C892A769FEAA7C2.e.16082"}]}
COMMAND: GET /session/86ebb79c72de266112eececc171e51a0/screenshot - {}
RESULT: {}
COMMAND: POST /session/86ebb79c72de266112eececc171e51a0/execute/sync - {"script":"<script> [56 bytes]","args":[{"element-6066-11e4-a52e-4f735466cecf":"f.A17C675D496C198C40B93A37572AC0F9.d.85EE11689425018B6C892A769FEAA7C2.e.16082","ELEMENT":"f.A17C675D496C198C40B93A37572AC0F9.d.85EE11689425018B6C892A769FEAA7C2.e.16082"}]}
RESULT: {"script":"<script> [56 bytes]","args":[{"element-6066-11e4-a52e-4f735466cecf":"f.A17C675D496C198C40B93A37572AC0F9.d.85EE11689425018B6C892A769FEAA7C2.e.16082","ELEMENT":"f.A17C675D496C198C40B93A37572AC0F9.d.85EE11689425018B6C892A769FEAA7C2.e.16082"}]}
COMMAND: GET /session/86ebb79c72de266112eececc171e51a0/screenshot - {}
RESULT: {}
COMMAND: POST /session/86ebb79c72de266112eececc171e51a0/execute/sync - {"script":"<script> [56 bytes]","args":[{"element-6066-11e4-a52e-4f735466cecf":"f.A17C675D496C198C40B93A37572AC0F9.d.85EE11689425018B6C892A769FEAA7C2.e.16082","ELEMENT":"f.A17C675D496C198C40B93A37572AC0F9.d.85EE11689425018B6C892A769FEAA7C2.e.16082"}]}
RESULT: {"script":"<script> [56 bytes]","args":[{"element-6066-11e4-a52e-4f735466cecf":"f.A17C675D496C198C40B93A37572AC0F9.d.85EE11689425018B6C892A769FEAA7C2.e.16082","ELEMENT":"f.A17C675D496C198C40B93A37572AC0F9.d.85EE11689425018B6C892A769FEAA7C2.e.16082"}]}
COMMAND: GET /session/86ebb79c72de266112eececc171e51a0/screenshot - {}
RESULT: {}
COMMAND: POST /session/86ebb79c72de266112eececc171e51a0/execute/sync - {"script":"<script> [56 bytes]","args":[{"element-6066-11e4-a52e-4f735466cecf":"f.A17C675D496C198C40B93A37572AC0F9.d.85EE11689425018B6C892A769FEAA7C2.e.16082","ELEMENT":"f.A17C675D496C198C40B93A37572AC0F9.d.85EE11689425018B6C892A769FEAA7C2.e.16082"}]}
RESULT: {"script":"<script> [56 bytes]","args":[{"element-6066-11e4-a52e-4f735466cecf":"f.A17C675D496C198C40B93A37572AC0F9.d.85EE11689425018B6C892A769FEAA7C2.e.16082","ELEMENT":"f.A17C675D496C198C40B93A37572AC0F9.d.85EE11689425018B6C892A769FEAA7C2.e.16082"}]}
COMMAND: GET /session/86ebb79c72de266112eececc171e51a0/screenshot - {}
RESULT: {}
COMMAND: POST /session/86ebb79c72de266112eececc171e51a0/execute/sync - {"script":"<script> [56 bytes]","args":[{"element-6066-11e4-a52e-4f735466cecf":"f.A17C675D496C198C40B93A37572AC0F9.d.85EE11689425018B6C892A769FEAA7C2.e.16082","ELEMENT":"f.A17C675D496C198C40B93A37572AC0F9.d.85EE11689425018B6C892A769FEAA7C2.e.16082"}]}
RESULT: {"script":"<script> [56 bytes]","args":[{"element-6066-11e4-a52e-4f735466cecf":"f.A17C675D496C198C40B93A37572AC0F9.d.85EE11689425018B6C892A769FEAA7C2.e.16082","ELEMENT":"f.A17C675D496C198C40B93A37572AC0F9.d.85EE11689425018B6C892A769FEAA7C2.e.16082"}]}
COMMAND: GET /session/86ebb79c72de266112eececc171e51a0/screenshot - {}
RESULT: {}
COMMAND: POST /session/86ebb79c72de266112eececc171e51a0/execute/sync - {"script":"<script> [56 bytes]","args":[{"element-6066-11e4-a52e-4f735466cecf":"f.A17C675D496C198C40B93A37572AC0F9.d.85EE11689425018B6C892A769FEAA7C2.e.16082","ELEMENT":"f.A17C675D496C198C40B93A37572AC0F9.d.85EE11689425018B6C892A769FEAA7C2.e.16082"}]}
RESULT: {"script":"<script> [56 bytes]","args":[{"element-6066-11e4-a52e-4f735466cecf":"f.A17C675D496C198C40B93A37572AC0F9.d.85EE11689425018B6C892A769FEAA7C2.e.16082","ELEMENT":"f.A17C675D496C198C40B93A37572AC0F9.d.85EE11689425018B6C892A769FEAA7C2.e.16082"}]}
COMMAND: GET /session/86ebb79c72de266112eececc171e51a0/screenshot - {}
RESULT: {}
COMMAND: POST /session/86ebb79c72de266112eececc171e51a0/execute/sync - {"script":"<script> [56 bytes]","args":[{"element-6066-11e4-a52e-4f735466cecf":"f.A17C675D496C198C40B93A37572AC0F9.d.85EE11689425018B6C892A769FEAA7C2.e.16082","ELEMENT":"f.A17C675D496C198C40B93A37572AC0F9.d.85EE11689425018B6C892A769FEAA7C2.e.16082"}]}
RESULT: {"script":"<script> [56 bytes]","args":[{"element-6066-11e4-a52e-4f735466cecf":"f.A17C675D496C198C40B93A37572AC0F9.d.85EE11689425018B6C892A769FEAA7C2.e.16082","ELEMENT":"f.A17C675D496C198C40B93A37572AC0F9.d.85EE11689425018B6C892A769FEAA7C2.e.16082"}]}
COMMAND: GET /session/86ebb79c72de266112eececc171e51a0/screenshot - {}
RESULT: {}
COMMAND: POST /session/86ebb79c72de266112eececc171e51a0/execute/sync - {"script":"<script> [56 bytes]","args":[{"element-6066-11e4-a52e-4f735466cecf":"f.A17C675D496C198C40B93A37572AC0F9.d.85EE11689425018B6C892A769FEAA7C2.e.16082","ELEMENT":"f.A17C675D496C198C40B93A37572AC0F9.d.85EE11689425018B6C892A769FEAA7C2.e.16082"}]}
RESULT: {"script":"<script> [56 bytes]","args":[{"element-6066-11e4-a52e-4f735466cecf":"f.A17C675D496C198C40B93A37572AC0F9.d.85EE11689425018B6C892A769FEAA7C2.e.16082","ELEMENT":"f.A17C675D496C198C40B93A37572AC0F9.d.85EE11689425018B6C892A769FEAA7C2.e.16082"}]}
COMMAND: GET /session/86ebb79c72de266112eececc171e51a0/screenshot - {}
RESULT: {}
COMMAND: POST /session/86ebb79c72de266112eececc171e51a0/execute/sync - {"script":"<script> [56 bytes]","args":[{"element-6066-11e4-a52e-4f735466cecf":"f.A17C675D496C198C40B93A37572AC0F9.d.85EE11689425018B6C892A769FEAA7C2.e.16082","ELEMENT":"f.A17C675D496C198C40B93A37572AC0F9.d.85EE11689425018B6C892A769FEAA7C2.e.16082"}]}
RESULT: {"script":"<script> [56 bytes]","args":[{"element-6066-11e4-a52e-4f735466cecf":"f.A17C675D496C198C40B93A37572AC0F9.d.85EE11689425018B6C892A769FEAA7C2.e.16082","ELEMENT":"f.A17C675D496C198C40B93A37572AC0F9.d.85EE11689425018B6C892A769FEAA7C2.e.16082"}]}
COMMAND: GET /session/86ebb79c72de266112eececc171e51a0/screenshot - {}
RESULT: {}
COMMAND: POST /session/86ebb79c72de266112eececc171e51a0/execute/sync - {"script":"<script> [56 bytes]","args":[{"element-6066-11e4-a52e-4f735466cecf":"f.A17C675D496C198C40B93A37572AC0F9.d.85EE11689425018B6C892A769FEAA7C2.e.16082","ELEMENT":"f.A17C675D496C198C40B93A37572AC0F9.d.85EE11689425018B6C892A769FEAA7C2.e.16082"}]}
RESULT: {"script":"<script> [56 bytes]","args":[{"element-6066-11e4-a52e-4f735466cecf":"f.A17C675D496C198C40B93A37572AC0F9.d.85EE11689425018B6C892A769FEAA7C2.e.16082","ELEMENT":"f.A17C675D496C198C40B93A37572AC0F9.d.85EE11689425018B6C892A769FEAA7C2.e.16082"}]}
COMMAND: GET /session/86ebb79c72de266112eececc171e51a0/screenshot - {}
RESULT: {}
COMMAND: POST /session/86ebb79c72de266112eececc171e51a0/execute/sync - {"script":"<script> [56 bytes]","args":[{"element-6066-11e4-a52e-4f735466cecf":"f.A17C675D496C198C40B93A37572AC0F9.d.85EE11689425018B6C892A769FEAA7C2.e.16082","ELEMENT":"f.A17C675D496C198C40B93A37572AC0F9.d.85EE11689425018B6C892A769FEAA7C2.e.16082"}]}
RESULT: {"script":"<script> [56 bytes]","args":[{"element-6066-11e4-a52e-4f735466cecf":"f.A17C675D496C198C40B93A37572AC0F9.d.85EE11689425018B6C892A769FEAA7C2.e.16082","ELEMENT":"f.A17C675D496C198C40B93A37572AC0F9.d.85EE11689425018B6C892A769FEAA7C2.e.16082"}]}
COMMAND: GET /session/86ebb79c72de266112eececc171e51a0/screenshot - {}
RESULT: {}
COMMAND: POST /session/86ebb79c72de266112eececc171e51a0/execute/sync - {"script":"<script> [56 bytes]","args":[{"element-6066-11e4-a52e-4f735466cecf":"f.A17C675D496C198C40B93A37572AC0F9.d.85EE11689425018B6C892A769FEAA7C2.e.16082","ELEMENT":"f.A17C675D496C198C40B93A37572AC0F9.d.85EE11689425018B6C892A769FEAA7C2.e.16082"}]}
RESULT: {"script":"<script> [56 bytes]","args":[{"element-6066-11e4-a52e-4f735466cecf":"f.A17C675D496C198C40B93A37572AC0F9.d.85EE11689425018B6C892A769FEAA7C2.e.16082","ELEMENT":"f.A17C675D496C198C40B93A37572AC0F9.d.85EE11689425018B6C892A769FEAA7C2.e.16082"}]}
COMMAND: GET /session/86ebb79c72de266112eececc171e51a0/screenshot - {}
COMMAND: POST /session/86ebb79c72de266112eececc171e51a0/execute/sync - {"script":"<script> [56 bytes]","args":[{"element-6066-11e4-a52e-4f735466cecf":"f.A17C675D496C198C40B93A37572AC0F9.d.85EE11689425018B6C892A769FEAA7C2.e.16082","ELEMENT":"f.A17C675D496C198C40B93A37572AC0F9.d.85EE11689425018B6C892A769FEAA7C2.e.16082"}]}
RESULT: {}
RESULT: {"script":"<script> [56 bytes]","args":[{"element-6066-11e4-a52e-4f735466cecf":"f.A17C675D496C198C40B93A37572AC0F9.d.85EE11689425018B6C892A769FEAA7C2.e.16082","ELEMENT":"f.A17C675D496C198C40B93A37572AC0F9.d.85EE11689425018B6C892A769FEAA7C2.e.16082"}]}
COMMAND: GET /session/86ebb79c72de266112eececc171e51a0/screenshot - {}
RESULT: {}
COMMAND: POST /session/86ebb79c72de266112eececc171e51a0/execute/sync - {"script":"<script> [56 bytes]","args":[{"element-6066-11e4-a52e-4f735466cecf":"f.A17C675D496C198C40B93A37572AC0F9.d.85EE11689425018B6C892A769FEAA7C2.e.16082","ELEMENT":"f.A17C675D496C198C40B93A37572AC0F9.d.85EE11689425018B6C892A769FEAA7C2.e.16082"}]}
RESULT: {"script":"<script> [56 bytes]","args":[{"element-6066-11e4-a52e-4f735466cecf":"f.A17C675D496C198C40B93A37572AC0F9.d.85EE11689425018B6C892A769FEAA7C2.e.16082","ELEMENT":"f.A17C675D496C198C40B93A37572AC0F9.d.85EE11689425018B6C892A769FEAA7C2.e.16082"}]}
COMMAND: GET /session/86ebb79c72de266112eececc171e51a0/screenshot - {}
RESULT: {}
COMMAND: POST /session/86ebb79c72de266112eececc171e51a0/execute/sync - {"script":"<script> [56 bytes]","args":[{"element-6066-11e4-a52e-4f735466cecf":"f.A17C675D496C198C40B93A37572AC0F9.d.85EE11689425018B6C892A769FEAA7C2.e.16082","ELEMENT":"f.A17C675D496C198C40B93A37572AC0F9.d.85EE11689425018B6C892A769FEAA7C2.e.16082"}]}
RESULT: {"script":"<script> [56 bytes]","args":[{"element-6066-11e4-a52e-4f735466cecf":"f.A17C675D496C198C40B93A37572AC0F9.d.85EE11689425018B6C892A769FEAA7C2.e.16082","ELEMENT":"f.A17C675D496C198C40B93A37572AC0F9.d.85EE11689425018B6C892A769FEAA7C2.e.16082"}]}
COMMAND: GET /session/86ebb79c72de266112eececc171e51a0/screenshot - {}
RESULT: {}
COMMAND: POST /session/86ebb79c72de266112eececc171e51a0/execute/sync - {"script":"<script> [56 bytes]","args":[{"element-6066-11e4-a52e-4f735466cecf":"f.A17C675D496C198C40B93A37572AC0F9.d.85EE11689425018B6C892A769FEAA7C2.e.16082","ELEMENT":"f.A17C675D496C198C40B93A37572AC0F9.d.85EE11689425018B6C892A769FEAA7C2.e.16082"}]}
RESULT: {"script":"<script> [56 bytes]","args":[{"element-6066-11e4-a52e-4f735466cecf":"f.A17C675D496C198C40B93A37572AC0F9.d.85EE11689425018B6C892A769FEAA7C2.e.16082","ELEMENT":"f.A17C675D496C198C40B93A37572AC0F9.d.85EE11689425018B6C892A769FEAA7C2.e.16082"}]}
COMMAND: GET /session/86ebb79c72de266112eececc171e51a0/screenshot - {}
RESULT: {}
COMMAND: POST /session/86ebb79c72de266112eececc171e51a0/execute/sync - {"script":"<script> [56 bytes]","args":[{"element-6066-11e4-a52e-4f735466cecf":"f.A17C675D496C198C40B93A37572AC0F9.d.85EE11689425018B6C892A769FEAA7C2.e.16082","ELEMENT":"f.A17C675D496C198C40B93A37572AC0F9.d.85EE11689425018B6C892A769FEAA7C2.e.16082"}]}
RESULT: {"script":"<script> [56 bytes]","args":[{"element-6066-11e4-a52e-4f735466cecf":"f.A17C675D496C198C40B93A37572AC0F9.d.85EE11689425018B6C892A769FEAA7C2.e.16082","ELEMENT":"f.A17C675D496C198C40B93A37572AC0F9.d.85EE11689425018B6C892A769FEAA7C2.e.16082"}]}
COMMAND: GET /session/86ebb79c72de266112eececc171e51a0/screenshot - {}
RESULT: {}
COMMAND: POST /session/86ebb79c72de266112eececc171e51a0/execute/sync - {"script":"<script> [56 bytes]","args":[{"element-6066-11e4-a52e-4f735466cecf":"f.A17C675D496C198C40B93A37572AC0F9.d.85EE11689425018B6C892A769FEAA7C2.e.16082","ELEMENT":"f.A17C675D496C198C40B93A37572AC0F9.d.85EE11689425018B6C892A769FEAA7C2.e.16082"}]}
RESULT: {"script":"<script> [56 bytes]","args":[{"element-6066-11e4-a52e-4f735466cecf":"f.A17C675D496C198C40B93A37572AC0F9.d.85EE11689425018B6C892A769FEAA7C2.e.16082","ELEMENT":"f.A17C675D496C198C40B93A37572AC0F9.d.85EE11689425018B6C892A769FEAA7C2.e.16082"}]}
COMMAND: POST /session/86ebb79c72de266112eececc171e51a0/element - {"using":"css selector","value":"#shell-header-logo"}
COMMAND: GET /session/86ebb79c72de266112eececc171e51a0/screenshot - {}
RESULT: {"using":"css selector","value":"#shell-header-logo"}
COMMAND: POST /session/86ebb79c72de266112eececc171e51a0/element/f.A17C675D496C198C40B93A37572AC0F9.d.85EE11689425018B6C892A769FEAA7C2.e.15936/click - {}
RESULT: {}
RESULT: {}
COMMAND: GET /session/86ebb79c72de266112eececc171e51a0/screenshot - {}
RESULT: {}
COMMAND: POST /session/86ebb79c72de266112eececc171e51a0/element - {"using":"css selector","value":"#j_username"}
COMMAND: POST /session/86ebb79c72de266112eececc171e51a0/url - {"url":"https://qa-testing-00-live-etm-ui.cfapps.eu10-004.hana.ondemand.com/"}
RESULT: {"using":"css selector","value":"#j_username"}
COMMAND: POST /session/86ebb79c72de266112eececc171e51a0/element - {"using":"css selector","value":"#j_username"}
RESULT: {"url":"https://qa-testing-00-live-etm-ui.cfapps.eu10-004.hana.ondemand.com/"}
RESULT: undefined
COMMAND: GET /session/86ebb79c72de266112eececc171e51a0/screenshot - {}
RESULT: {"using":"css selector","value":"#j_username"}
COMMAND: POST /session/86ebb79c72de266112eececc171e51a0/element - {"using":"css selector","value":"#shell-header-logo"}
RESULT: {}
RESULT: {"using":"css selector","value":"#shell-header-logo"}
COMMAND: POST /session/86ebb79c72de266112eececc171e51a0/execute/sync - {"script":"<script> [8489 bytes]","args":[{"element-6066-11e4-a52e-4f735466cecf":"f.A17C675D496C198C40B93A37572AC0F9.d.58FDD27F19C9F1A02C8431654A2A5E6B.e.16128","ELEMENT":"f.A17C675D496C198C40B93A37572AC0F9.d.58FDD27F19C9F1A02C8431654A2A5E6B.e.16128"}]}
RESULT: {"script":"<script> [8489 bytes]","args":[{"element-6066-11e4-a52e-4f735466cecf":"f.A17C675D496C198C40B93A37572AC0F9.d.58FDD27F19C9F1A02C8431654A2A5E6B.e.16128","ELEMENT":"f.A17C675D496C198C40B93A37572AC0F9.d.58FDD27F19C9F1A02C8431654A2A5E6B.e.16128"}]}
COMMAND: POST /session/86ebb79c72de266112eececc171e51a0/element - {"using":"css selector","value":"#shell-header-logo"}
COMMAND: GET /session/86ebb79c72de266112eececc171e51a0/screenshot - {}
RESULT: {"using":"css selector","value":"#shell-header-logo"}
COMMAND: POST /session/86ebb79c72de266112eececc171e51a0/execute/sync - {"script":"<script> [8489 bytes]","args":[{"element-6066-11e4-a52e-4f735466cecf":"f.A17C675D496C198C40B93A37572AC0F9.d.58FDD27F19C9F1A02C8431654A2A5E6B.e.16128","ELEMENT":"f.A17C675D496C198C40B93A37572AC0F9.d.58FDD27F19C9F1A02C8431654A2A5E6B.e.16128"}]}
RESULT: {}
RESULT: {"script":"<script> [8489 bytes]","args":[{"element-6066-11e4-a52e-4f735466cecf":"f.A17C675D496C198C40B93A37572AC0F9.d.58FDD27F19C9F1A02C8431654A2A5E6B.e.16128","ELEMENT":"f.A17C675D496C198C40B93A37572AC0F9.d.58FDD27F19C9F1A02C8431654A2A5E6B.e.16128"}]}
COMMAND: POST /session/86ebb79c72de266112eececc171e51a0/execute/sync - {"script":"<script> [5351 bytes]","args":[{"element-6066-11e4-a52e-4f735466cecf":"f.A17C675D496C198C40B93A37572AC0F9.d.58FDD27F19C9F1A02C8431654A2A5E6B.e.16128","ELEMENT":"f.A17C675D496C198C40B93A37572AC0F9.d.58FDD27F19C9F1A02C8431654A2A5E6B.e.16128"}]}
COMMAND: GET /session/86ebb79c72de266112eececc171e51a0/screenshot - {}
RESULT: {"script":"<script> [5351 bytes]","args":[{"element-6066-11e4-a52e-4f735466cecf":"f.A17C675D496C198C40B93A37572AC0F9.d.58FDD27F19C9F1A02C8431654A2A5E6B.e.16128","ELEMENT":"f.A17C675D496C198C40B93A37572AC0F9.d.58FDD27F19C9F1A02C8431654A2A5E6B.e.16128"}]}
COMMAND: POST /session/86ebb79c72de266112eececc171e51a0/element - {"using":"css selector","value":"#shell-header-logo"}
COMMAND: GET /session/86ebb79c72de266112eececc171e51a0/screenshot - {}
RESULT: {}
RESULT: {"using":"css selector","value":"#shell-header-logo"}
COMMAND: POST /session/86ebb79c72de266112eececc171e51a0/element/f.A17C675D496C198C40B93A37572AC0F9.d.58FDD27F19C9F1A02C8431654A2A5E6B.e.16128/click - {}
RESULT: {}
RESULT: {}
COMMAND: GET /session/86ebb79c72de266112eececc171e51a0/screenshot - {}
RESULT: {}
COMMAND: POST /session/86ebb79c72de266112eececc171e51a0/execute/async - {"script":"<script> [189 bytes]","args":[]}
RESULT: {"script":"<script> [189 bytes]","args":[]}
COMMAND: POST /session/86ebb79c72de266112eececc171e51a0/execute/async - {"script":"<script> [123 bytes]","args":[]}
RESULT: {"script":"<script> [123 bytes]","args":[]}
COMMAND: POST /session/86ebb79c72de266112eececc171e51a0/timeouts - {"script":"<number>"}
RESULT: {"script":"<number>"}
COMMAND: GET /session/86ebb79c72de266112eececc171e51a0/timeouts - {}
RESULT: {}
RESULT: undefined
COMMAND: POST /session/86ebb79c72de266112eececc171e51a0/execute/async - {"script":"<script> [2676 bytes]","args":[]}
RESULT: {"script":"<script> [2676 bytes]","args":[]}
COMMAND: POST /session/86ebb79c72de266112eececc171e51a0/execute/async - {"script":"<script> [2342 bytes]","args":[{"protocol":"http","hostname":"0.0.0.0","path":"/","capabilities":{"browserName":"chrome","goog:chromeOptions":{"binary":"C:\\Program Files\\Google\\Chrome\\Application\\chrome.exe","args":["--start-maximized"]}},"logLevel":"warn","connectionRetryTimeout":120000,"connectionRetryCount":3,"logLevels":{},"enableDirectConnect":true,"strictSSL":true,"_":"65 more keys: [\"cacheDir\",\"port\",\"requestedCapabilities\",\"automationProtocol\",\"baseUrl\",\"waitforInterval\",\"waitforTimeout\",\"onReload\",\"beforeCommand\",\"afterCommand\",\"rootDir\",\"specs\",\"suites\",\"exclude\",\"groupLogsByTestSpec\",\"excludeDriverLogs\",\"bail\",\"framework\",\"reporters\",\"services\",\"maxInstances\",\"maxInstancesPerCapability\",\"injectGlobals\",\"filesToWatch\",\"execArgv\",\"runnerEnv\",\"runner\",\"shard\",\"specFileRetries\",\"specFileRetriesDelay\",\"specFileRetriesDeferred\",\"reporterSyncInterval\",\"reporterSyncTimeout\",\"cucumberFeaturesWithLineNumbers\",\"autoCompileOpts\",\"mochaOpts\",\"jasmineOpts\",\"cucumberOpts\",\"onPrepare\",\"onWorkerStart\",\"onWorkerEnd\",\"before\",\"beforeSession\",\"beforeSuite\",\"beforeHook\",\"beforeTest\",\"afterTest\",\"afterHook\",\"afterSuite\",\"afterSession\",\"after\",\"onComplete\",\"beforeAssertion\",\"afterAssertion\",\"beforeFeature\",\"beforeScenario\",\"beforeStep\",\"afterStep\",\"afterScenario\",\"afterFeature\",\"_\",\"suite\",\"$0\",\"ignoredWorkerServices\",\"wdi5\"]"}]}
RESULT: {"script":"<script> [2342 bytes]","args":[{"protocol":"http","hostname":"0.0.0.0","path":"/","capabilities":{"browserName":"chrome","goog:chromeOptions":{"binary":"C:\\Program Files\\Google\\Chrome\\Application\\chrome.exe","args":["--start-maximized"]}},"logLevel":"warn","connectionRetryTimeout":120000,"connectionRetryCount":3,"logLevels":{},"enableDirectConnect":true,"strictSSL":true,"_":"65 more keys: [\"cacheDir\",\"port\",\"requestedCapabilities\",\"automationProtocol\",\"baseUrl\",\"waitforInterval\",\"waitforTimeout\",\"onReload\",\"beforeCommand\",\"afterCommand\",\"rootDir\",\"specs\",\"suites\",\"exclude\",\"groupLogsByTestSpec\",\"excludeDriverLogs\",\"bail\",\"framework\",\"reporters\",\"services\",\"maxInstances\",\"maxInstancesPerCapability\",\"injectGlobals\",\"filesToWatch\",\"execArgv\",\"runnerEnv\",\"runner\",\"shard\",\"specFileRetries\",\"specFileRetriesDelay\",\"specFileRetriesDeferred\",\"reporterSyncInterval\",\"reporterSyncTimeout\",\"cucumberFeaturesWithLineNumbers\",\"autoCompileOpts\",\"mochaOpts\",\"jasmineOpts\",\"cucumberOpts\",\"onPrepare\",\"onWorkerStart\",\"onWorkerEnd\",\"before\",\"beforeSession\",\"beforeSuite\",\"beforeHook\",\"beforeTest\",\"afterTest\",\"afterHook\",\"afterSuite\",\"afterSession\",\"after\",\"onComplete\",\"beforeAssertion\",\"afterAssertion\",\"beforeFeature\",\"beforeScenario\",\"beforeStep\",\"afterStep\",\"afterScenario\",\"afterFeature\",\"_\",\"suite\",\"$0\",\"ignoredWorkerServices\",\"wdi5\"]"}]}
COMMAND: POST /session/86ebb79c72de266112eececc171e51a0/execute/async - {"script":"<script> [21126 bytes]","args":[35000]}
RESULT: {"script":"<script> [21126 bytes]","args":[35000]}
COMMAND: POST /session/86ebb79c72de266112eececc171e51a0/window/maximize - {}
RESULT: {}
COMMAND: POST /session/86ebb79c72de266112eececc171e51a0/execute/async - {"script":"<script> [1562 bytes]","args":[{"selector":{"id":"shell-header","interaction":{"idSuffix":"icon"}},"wdio_ui5_key":"shellheader"}]}
COMMAND: GET /session/86ebb79c72de266112eececc171e51a0/screenshot - {}
RESULT: {"script":"<script> [1562 bytes]","args":[{"selector":{"id":"shell-header","interaction":{"idSuffix":"icon"}},"wdio_ui5_key":"shellheader"}]}
RESULT: undefined
COMMAND: POST /session/86ebb79c72de266112eececc171e51a0/refresh - {}
RESULT: {}
RESULT: {}
COMMAND: GET /session/86ebb79c72de266112eececc171e51a0/screenshot - {}
RESULT: {}
COMMAND: POST /session/86ebb79c72de266112eececc171e51a0/refresh - {}
RESULT: {}
COMMAND: GET /session/86ebb79c72de266112eececc171e51a0/screenshot - {}
RESULT: {}
COMMAND: POST /session/86ebb79c72de266112eececc171e51a0/window/fullscreen - {}
RESULT: {}
COMMAND: POST /session/86ebb79c72de266112eececc171e51a0/execute/async - {"script":"<script> [189 bytes]","args":[]}
RESULT: {"script":"<script> [189 bytes]","args":[]}
COMMAND: POST /session/86ebb79c72de266112eececc171e51a0/execute/async - {"script":"<script> [123 bytes]","args":[]}
RESULT: {"script":"<script> [123 bytes]","args":[]}
COMMAND: POST /session/86ebb79c72de266112eececc171e51a0/timeouts - {"script":"<number>"}
RESULT: {"script":"<number>"}
COMMAND: GET /session/86ebb79c72de266112eececc171e51a0/timeouts - {}
RESULT: {}
RESULT: undefined
COMMAND: POST /session/86ebb79c72de266112eececc171e51a0/execute/async - {"script":"<script> [2676 bytes]","args":[]}
RESULT: {"script":"<script> [2676 bytes]","args":[]}
COMMAND: POST /session/86ebb79c72de266112eececc171e51a0/execute/async - {"script":"<script> [2342 bytes]","args":[{"protocol":"http","hostname":"0.0.0.0","path":"/","capabilities":{"browserName":"chrome","goog:chromeOptions":{"binary":"C:\\Program Files\\Google\\Chrome\\Application\\chrome.exe","args":["--start-maximized"]}},"logLevel":"warn","connectionRetryTimeout":120000,"connectionRetryCount":3,"logLevels":{},"enableDirectConnect":true,"strictSSL":true,"_":"65 more keys: [\"cacheDir\",\"port\",\"requestedCapabilities\",\"automationProtocol\",\"baseUrl\",\"waitforInterval\",\"waitforTimeout\",\"onReload\",\"beforeCommand\",\"afterCommand\",\"rootDir\",\"specs\",\"suites\",\"exclude\",\"groupLogsByTestSpec\",\"excludeDriverLogs\",\"bail\",\"framework\",\"reporters\",\"services\",\"maxInstances\",\"maxInstancesPerCapability\",\"injectGlobals\",\"filesToWatch\",\"execArgv\",\"runnerEnv\",\"runner\",\"shard\",\"specFileRetries\",\"specFileRetriesDelay\",\"specFileRetriesDeferred\",\"reporterSyncInterval\",\"reporterSyncTimeout\",\"cucumberFeaturesWithLineNumbers\",\"autoCompileOpts\",\"mochaOpts\",\"jasmineOpts\",\"cucumberOpts\",\"onPrepare\",\"onWorkerStart\",\"onWorkerEnd\",\"before\",\"beforeSession\",\"beforeSuite\",\"beforeHook\",\"beforeTest\",\"afterTest\",\"afterHook\",\"afterSuite\",\"afterSession\",\"after\",\"onComplete\",\"beforeAssertion\",\"afterAssertion\",\"beforeFeature\",\"beforeScenario\",\"beforeStep\",\"afterStep\",\"afterScenario\",\"afterFeature\",\"_\",\"suite\",\"$0\",\"ignoredWorkerServices\",\"wdi5\"]"}]}
RESULT: {"script":"<script> [2342 bytes]","args":[{"protocol":"http","hostname":"0.0.0.0","path":"/","capabilities":{"browserName":"chrome","goog:chromeOptions":{"binary":"C:\\Program Files\\Google\\Chrome\\Application\\chrome.exe","args":["--start-maximized"]}},"logLevel":"warn","connectionRetryTimeout":120000,"connectionRetryCount":3,"logLevels":{},"enableDirectConnect":true,"strictSSL":true,"_":"65 more keys: [\"cacheDir\",\"port\",\"requestedCapabilities\",\"automationProtocol\",\"baseUrl\",\"waitforInterval\",\"waitforTimeout\",\"onReload\",\"beforeCommand\",\"afterCommand\",\"rootDir\",\"specs\",\"suites\",\"exclude\",\"groupLogsByTestSpec\",\"excludeDriverLogs\",\"bail\",\"framework\",\"reporters\",\"services\",\"maxInstances\",\"maxInstancesPerCapability\",\"injectGlobals\",\"filesToWatch\",\"execArgv\",\"runnerEnv\",\"runner\",\"shard\",\"specFileRetries\",\"specFileRetriesDelay\",\"specFileRetriesDeferred\",\"reporterSyncInterval\",\"reporterSyncTimeout\",\"cucumberFeaturesWithLineNumbers\",\"autoCompileOpts\",\"mochaOpts\",\"jasmineOpts\",\"cucumberOpts\",\"onPrepare\",\"onWorkerStart\",\"onWorkerEnd\",\"before\",\"beforeSession\",\"beforeSuite\",\"beforeHook\",\"beforeTest\",\"afterTest\",\"afterHook\",\"afterSuite\",\"afterSession\",\"after\",\"onComplete\",\"beforeAssertion\",\"afterAssertion\",\"beforeFeature\",\"beforeScenario\",\"beforeStep\",\"afterStep\",\"afterScenario\",\"afterFeature\",\"_\",\"suite\",\"$0\",\"ignoredWorkerServices\",\"wdi5\"]"}]}
COMMAND: POST /session/86ebb79c72de266112eececc171e51a0/execute/async - {"script":"<script> [21126 bytes]","args":[35000]}
RESULT: {"script":"<script> [21126 bytes]","args":[35000]}
]]></system-out>
    </testcase>
  </testsuite>
  <testsuite timestamp="2025-05-21T18:12:20" time="736.006" tests="12" failures="0" errors="0" skipped="0">
    <properties>
      <property name="specId" value="0"/>
      <property name="suiteName" value="Create Reverse Billing US127248"/>
      <property name="capabilities" value="chrome.136_0_7103_93.windows"/>
      <property name="file" value="file:///D:/a/1/s/test/specs/BTS/reverse-billing.spec.js"/>
    </properties>
    <testcase classname="chrome.136_0_7103_93.windows.Create_Reverse_Billing_US127248" name="Should create a new yard" time="0.028">
      <system-out><![CDATA[
COMMAND: POST /session/86ebb79c72de266112eececc171e51a0/window/fullscreen - {}
RESULT: {}
]]></system-out>
    </testcase>
    <testcase classname="chrome.136_0_7103_93.windows.Create_Reverse_Billing_US127248" name="Should create a new partner" time="0.005"/>
    <testcase classname="chrome.136_0_7103_93.windows.Create_Reverse_Billing_US127248" name="Should create a new site" time="0.004"/>
    <testcase classname="chrome.136_0_7103_93.windows.Create_Reverse_Billing_US127248" name="Should create a resource" time="165.005">
      <system-out><![CDATA[
COMMAND: POST /session/86ebb79c72de266112eececc171e51a0/execute/async - {"script":"<script> [1562 bytes]","args":[{"selector":{"controlType":"sap.m.GenericTile","properties":{"header":"Manage Resources"}},"wdio_ui5_key":"sapm.GenericTile{\"header\":\"Manage Resources\"}"}]}
RESULT: {"script":"<script> [1562 bytes]","args":[{"selector":{"controlType":"sap.m.GenericTile","properties":{"header":"Manage Resources"}},"wdio_ui5_key":"sapm.GenericTile{\"header\":\"Manage Resources\"}"}]}
RESULT: undefined
COMMAND: POST /session/86ebb79c72de266112eececc171e51a0/element - {"using":"xpath","value":"//*[@id=\"__tile39\"]"}
RESULT: {"using":"xpath","value":"//*[@id=\"__tile39\"]"}
COMMAND: POST /session/86ebb79c72de266112eececc171e51a0/element/f.A17C675D496C198C40B93A37572AC0F9.d.9400F294C026A358B51ACCD83D9248EA.e.16281/click - {}
RESULT: {}
COMMAND: GET /session/86ebb79c72de266112eececc171e51a0/screenshot - {}
RESULT: {}
COMMAND: POST /session/86ebb79c72de266112eececc171e51a0/elements - {"using":"xpath","value":"//span[text()='Error']"}
RESULT: {"using":"xpath","value":"//span[text()='Error']"}
COMMAND: POST /session/86ebb79c72de266112eececc171e51a0/element - {"using":"xpath","value":"//button[@data-kt=\"addNewRUOverflowToolbarButton\"]"}
RESULT: {"using":"xpath","value":"//button[@data-kt=\"addNewRUOverflowToolbarButton\"]"}
COMMAND: POST /session/86ebb79c72de266112eececc171e51a0/elements - {"using":"xpath","value":"//button[@data-kt=\"addNewRUOverflowToolbarButton\"]"}
RESULT: {"using":"xpath","value":"//button[@data-kt=\"addNewRUOverflowToolbarButton\"]"}
COMMAND: POST /session/86ebb79c72de266112eececc171e51a0/execute/sync - {"script":"<script> [8489 bytes]","args":[{"element-6066-11e4-a52e-4f735466cecf":"f.A17C675D496C198C40B93A37572AC0F9.d.9400F294C026A358B51ACCD83D9248EA.e.16433","ELEMENT":"f.A17C675D496C198C40B93A37572AC0F9.d.9400F294C026A358B51ACCD83D9248EA.e.16433"}]}
RESULT: {"script":"<script> [8489 bytes]","args":[{"element-6066-11e4-a52e-4f735466cecf":"f.A17C675D496C198C40B93A37572AC0F9.d.9400F294C026A358B51ACCD83D9248EA.e.16433","ELEMENT":"f.A17C675D496C198C40B93A37572AC0F9.d.9400F294C026A358B51ACCD83D9248EA.e.16433"}]}
COMMAND: GET /session/86ebb79c72de266112eececc171e51a0/element/f.A17C675D496C198C40B93A37572AC0F9.d.9400F294C026A358B51ACCD83D9248EA.e.16433/enabled - {}
COMMAND: GET /session/86ebb79c72de266112eececc171e51a0/screenshot - {}
RESULT: {}
COMMAND: POST /session/86ebb79c72de266112eececc171e51a0/execute/sync - {"script":"<script> [8489 bytes]","args":[{"element-6066-11e4-a52e-4f735466cecf":"f.A17C675D496C198C40B93A37572AC0F9.d.9400F294C026A358B51ACCD83D9248EA.e.16433","ELEMENT":"f.A17C675D496C198C40B93A37572AC0F9.d.9400F294C026A358B51ACCD83D9248EA.e.16433"}]}
COMMAND: GET /session/86ebb79c72de266112eececc171e51a0/screenshot - {}
RESULT: {}
RESULT: {"script":"<script> [8489 bytes]","args":[{"element-6066-11e4-a52e-4f735466cecf":"f.A17C675D496C198C40B93A37572AC0F9.d.9400F294C026A358B51ACCD83D9248EA.e.16433","ELEMENT":"f.A17C675D496C198C40B93A37572AC0F9.d.9400F294C026A358B51ACCD83D9248EA.e.16433"}]}
COMMAND: POST /session/86ebb79c72de266112eececc171e51a0/execute/sync - {"script":"<script> [5351 bytes]","args":[{"element-6066-11e4-a52e-4f735466cecf":"f.A17C675D496C198C40B93A37572AC0F9.d.9400F294C026A358B51ACCD83D9248EA.e.16433","ELEMENT":"f.A17C675D496C198C40B93A37572AC0F9.d.9400F294C026A358B51ACCD83D9248EA.e.16433"}]}
COMMAND: GET /session/86ebb79c72de266112eececc171e51a0/screenshot - {}
RESULT: {}
RESULT: {"script":"<script> [5351 bytes]","args":[{"element-6066-11e4-a52e-4f735466cecf":"f.A17C675D496C198C40B93A37572AC0F9.d.9400F294C026A358B51ACCD83D9248EA.e.16433","ELEMENT":"f.A17C675D496C198C40B93A37572AC0F9.d.9400F294C026A358B51ACCD83D9248EA.e.16433"}]}
COMMAND: POST /session/86ebb79c72de266112eececc171e51a0/element/f.A17C675D496C198C40B93A37572AC0F9.d.9400F294C026A358B51ACCD83D9248EA.e.16433/click - {}
COMMAND: GET /session/86ebb79c72de266112eececc171e51a0/screenshot - {}
RESULT: {}
RESULT: {}
RESULT: {}
COMMAND: GET /session/86ebb79c72de266112eececc171e51a0/screenshot - {}
COMMAND: POST /session/86ebb79c72de266112eececc171e51a0/execute/async - {"script":"<script> [1562 bytes]","args":[{"selector":{"id":"application-manageresources-display-component---newResourceUnit--TYPE-arrow"},"wdio_ui5_key":"applicationmanageresources-display-component---newResourceUnit--TYPE-arrow"}]}
RESULT: {}
RESULT: {"script":"<script> [1562 bytes]","args":[{"selector":{"id":"application-manageresources-display-component---newResourceUnit--TYPE-arrow"},"wdio_ui5_key":"applicationmanageresources-display-component---newResourceUnit--TYPE-arrow"}]}
RESULT: undefined
COMMAND: POST /session/86ebb79c72de266112eececc171e51a0/element - {"using":"xpath","value":"//*[@id=\"application-manageresources-display-component---newResourceUnit--TYPE-arrow\"]"}
RESULT: {"using":"xpath","value":"//*[@id=\"application-manageresources-display-component---newResourceUnit--TYPE-arrow\"]"}
COMMAND: POST /session/86ebb79c72de266112eececc171e51a0/element/f.A17C675D496C198C40B93A37572AC0F9.d.9400F294C026A358B51ACCD83D9248EA.e.16779/click - {}
RESULT: {}
COMMAND: POST /session/86ebb79c72de266112eececc171e51a0/element - {"using":"xpath","value":"//input[@id=\"application-manageresources-display-component---newResourceUnit--TYPE-inner\"]"}
COMMAND: GET /session/86ebb79c72de266112eececc171e51a0/screenshot - {}
RESULT: {"using":"xpath","value":"//input[@id=\"application-manageresources-display-component---newResourceUnit--TYPE-inner\"]"}
COMMAND: POST /session/86ebb79c72de266112eececc171e51a0/element/f.A17C675D496C198C40B93A37572AC0F9.d.9400F294C026A358B51ACCD83D9248EA.e.16774/clear - {}
RESULT: {}
RESULT: {}
COMMAND: POST /session/86ebb79c72de266112eececc171e51a0/element/f.A17C675D496C198C40B93A37572AC0F9.d.9400F294C026A358B51ACCD83D9248EA.e.16774/value - {"text":"Equipment"}
COMMAND: GET /session/86ebb79c72de266112eececc171e51a0/screenshot - {}
RESULT: {"text":"Equipment"}
COMMAND: GET /session/86ebb79c72de266112eececc171e51a0/screenshot - {}
RESULT: {}
RESULT: {}
COMMAND: POST /session/86ebb79c72de266112eececc171e51a0/actions - {"actions":[{"id":"action61","type":"key","parameters":{},"actions":[{"type":"keyDown","value":""},{"type":"pause","duration":10},{"type":"keyUp","value":""}]}]}
RESULT: {"actions":[{"id":"action61","type":"key","parameters":{},"actions":[{"type":"keyDown","value":""},{"type":"pause","duration":10},{"type":"keyUp","value":""}]}]}
COMMAND: POST /session/86ebb79c72de266112eececc171e51a0/execute/async - {"script":"<script> [1562 bytes]","args":[{"selector":{"id":"application-manageresources-display-component---newResourceUnit--resourceId","interaction":{"idSuffix":"inner"}},"wdio_ui5_key":"applicationmanageresources-display-component---newResourceUnit--resourceId"}]}
COMMAND: GET /session/86ebb79c72de266112eececc171e51a0/screenshot - {}
RESULT: {"script":"<script> [1562 bytes]","args":[{"selector":{"id":"application-manageresources-display-component---newResourceUnit--resourceId","interaction":{"idSuffix":"inner"}},"wdio_ui5_key":"applicationmanageresources-display-component---newResourceUnit--resourceId"}]}
RESULT: undefined
COMMAND: POST /session/86ebb79c72de266112eececc171e51a0/execute/async - {"script":"<script> [776 bytes]","args":[{"enterText":"HpkEIlfIcX","selector":{"id":"application-manageresources-display-component---newResourceUnit--resourceId","interaction":{"idSuffix":"inner"}},"clearTextFirst":true,"interactionType":"ENTER_TEXT"}]}
RESULT: {}
RESULT: {"script":"<script> [776 bytes]","args":[{"enterText":"HpkEIlfIcX","selector":{"id":"application-manageresources-display-component---newResourceUnit--resourceId","interaction":{"idSuffix":"inner"}},"clearTextFirst":true,"interactionType":"ENTER_TEXT"}]}
COMMAND: POST /session/86ebb79c72de266112eececc171e51a0/execute/async - {"script":"<script> [1562 bytes]","args":[{"selector":{"id":"application-manageresources-display-component---newResourceUnit--SHORT_TEXT","interaction":{"idSuffix":"inner"}},"wdio_ui5_key":"applicationmanageresources-display-component---newResourceUnit--SHORT_TEXT"}]}
RESULT: {"script":"<script> [1562 bytes]","args":[{"selector":{"id":"application-manageresources-display-component---newResourceUnit--SHORT_TEXT","interaction":{"idSuffix":"inner"}},"wdio_ui5_key":"applicationmanageresources-display-component---newResourceUnit--SHORT_TEXT"}]}
RESULT: undefined
COMMAND: POST /session/86ebb79c72de266112eececc171e51a0/execute/async - {"script":"<script> [776 bytes]","args":[{"enterText":"Intercompany Equipment WDIO","selector":{"id":"application-manageresources-display-component---newResourceUnit--SHORT_TEXT","interaction":{"idSuffix":"inner"}},"clearTextFirst":true,"interactionType":"ENTER_TEXT"}]}
RESULT: {"script":"<script> [776 bytes]","args":[{"enterText":"Intercompany Equipment WDIO","selector":{"id":"application-manageresources-display-component---newResourceUnit--SHORT_TEXT","interaction":{"idSuffix":"inner"}},"clearTextFirst":true,"interactionType":"ENTER_TEXT"}]}
COMMAND: POST /session/86ebb79c72de266112eececc171e51a0/execute/async - {"script":"<script> [1562 bytes]","args":[{"selector":{"id":"application-manageresources-display-component---newResourceUnit--BASE_UNIT_OF_MEASURE","interaction":{"idSuffix":"inner"}},"wdio_ui5_key":"applicationmanageresources-display-component---newResourceUnit--BASE_UNIT_OF_MEASURE"}]}
RESULT: {"script":"<script> [1562 bytes]","args":[{"selector":{"id":"application-manageresources-display-component---newResourceUnit--BASE_UNIT_OF_MEASURE","interaction":{"idSuffix":"inner"}},"wdio_ui5_key":"applicationmanageresources-display-component---newResourceUnit--BASE_UNIT_OF_MEASURE"}]}
RESULT: undefined
COMMAND: POST /session/86ebb79c72de266112eececc171e51a0/execute/async - {"script":"<script> [776 bytes]","args":[{"enterText":"Piece","selector":{"id":"application-manageresources-display-component---newResourceUnit--BASE_UNIT_OF_MEASURE","interaction":{"idSuffix":"inner"}},"clearTextFirst":true,"interactionType":"ENTER_TEXT"}]}
RESULT: {"script":"<script> [776 bytes]","args":[{"enterText":"Piece","selector":{"id":"application-manageresources-display-component---newResourceUnit--BASE_UNIT_OF_MEASURE","interaction":{"idSuffix":"inner"}},"clearTextFirst":true,"interactionType":"ENTER_TEXT"}]}
COMMAND: POST /session/86ebb79c72de266112eececc171e51a0/execute/async - {"script":"<script> [1562 bytes]","args":[{"selector":{"id":"application-manageresources-display-component---newResourceUnit--WEIGHT_UNIT","interaction":{"idSuffix":"inner"}},"wdio_ui5_key":"applicationmanageresources-display-component---newResourceUnit--WEIGHT_UNIT"}]}
RESULT: {"script":"<script> [1562 bytes]","args":[{"selector":{"id":"application-manageresources-display-component---newResourceUnit--WEIGHT_UNIT","interaction":{"idSuffix":"inner"}},"wdio_ui5_key":"applicationmanageresources-display-component---newResourceUnit--WEIGHT_UNIT"}]}
RESULT: undefined
COMMAND: POST /session/86ebb79c72de266112eececc171e51a0/execute/async - {"script":"<script> [776 bytes]","args":[{"enterText":"Gram","selector":{"id":"application-manageresources-display-component---newResourceUnit--WEIGHT_UNIT","interaction":{"idSuffix":"inner"}},"clearTextFirst":true,"interactionType":"ENTER_TEXT"}]}
RESULT: {"script":"<script> [776 bytes]","args":[{"enterText":"Gram","selector":{"id":"application-manageresources-display-component---newResourceUnit--WEIGHT_UNIT","interaction":{"idSuffix":"inner"}},"clearTextFirst":true,"interactionType":"ENTER_TEXT"}]}
COMMAND: POST /session/86ebb79c72de266112eececc171e51a0/execute/async - {"script":"<script> [1562 bytes]","args":[{"selector":{"id":"application-manageresources-display-component---newResourceUnit--DIMENSION_UNIT","interaction":{"idSuffix":"inner"}},"wdio_ui5_key":"applicationmanageresources-display-component---newResourceUnit--DIMENSION_UNIT"}]}
RESULT: {"script":"<script> [1562 bytes]","args":[{"selector":{"id":"application-manageresources-display-component---newResourceUnit--DIMENSION_UNIT","interaction":{"idSuffix":"inner"}},"wdio_ui5_key":"applicationmanageresources-display-component---newResourceUnit--DIMENSION_UNIT"}]}
RESULT: undefined
COMMAND: POST /session/86ebb79c72de266112eececc171e51a0/execute/async - {"script":"<script> [776 bytes]","args":[{"enterText":"Meter","selector":{"id":"application-manageresources-display-component---newResourceUnit--DIMENSION_UNIT","interaction":{"idSuffix":"inner"}},"clearTextFirst":true,"interactionType":"ENTER_TEXT"}]}
RESULT: {"script":"<script> [776 bytes]","args":[{"enterText":"Meter","selector":{"id":"application-manageresources-display-component---newResourceUnit--DIMENSION_UNIT","interaction":{"idSuffix":"inner"}},"clearTextFirst":true,"interactionType":"ENTER_TEXT"}]}
COMMAND: POST /session/86ebb79c72de266112eececc171e51a0/execute/async - {"script":"<script> [1562 bytes]","args":[{"selector":{"id":"application-manageresources-display-component---newResourceUnit--newRRUPage-anchBar-application-manageresources-display-component---newResourceUnit--control-anchor","interaction":{"idSuffix":"BDI-content"}},"wdio_ui5_key":"applicationmanageresources-display-component---newResourceUnit--newRRUPage-anchBar-application-manageresources-display-component---newResourceUnit--control-anchor"}]}
RESULT: {"script":"<script> [1562 bytes]","args":[{"selector":{"id":"application-manageresources-display-component---newResourceUnit--newRRUPage-anchBar-application-manageresources-display-component---newResourceUnit--control-anchor","interaction":{"idSuffix":"BDI-content"}},"wdio_ui5_key":"applicationmanageresources-display-component---newResourceUnit--newRRUPage-anchBar-application-manageresources-display-component---newResourceUnit--control-anchor"}]}
RESULT: undefined
COMMAND: POST /session/86ebb79c72de266112eececc171e51a0/element - {"using":"xpath","value":"//*[@id=\"application-manageresources-display-component---newResourceUnit--newRRUPage-anchBar-application-manageresources-display-component---newResourceUnit--control-anchor\"]"}
RESULT: {"using":"xpath","value":"//*[@id=\"application-manageresources-display-component---newResourceUnit--newRRUPage-anchBar-application-manageresources-display-component---newResourceUnit--control-anchor\"]"}
COMMAND: POST /session/86ebb79c72de266112eececc171e51a0/element/f.A17C675D496C198C40B93A37572AC0F9.d.9400F294C026A358B51ACCD83D9248EA.e.16911/click - {}
RESULT: {}
COMMAND: POST /session/86ebb79c72de266112eececc171e51a0/execute/async - {"script":"<script> [1562 bytes]","args":[{"selector":{"id":"application-manageresources-display-component---newResourceUnit--PLANNING_GROUP","interaction":{"idSuffix":"inner"}},"wdio_ui5_key":"applicationmanageresources-display-component---newResourceUnit--PLANNING_GROUP"}]}
COMMAND: GET /session/86ebb79c72de266112eececc171e51a0/screenshot - {}
RESULT: {"script":"<script> [1562 bytes]","args":[{"selector":{"id":"application-manageresources-display-component---newResourceUnit--PLANNING_GROUP","interaction":{"idSuffix":"inner"}},"wdio_ui5_key":"applicationmanageresources-display-component---newResourceUnit--PLANNING_GROUP"}]}
RESULT: undefined
COMMAND: POST /session/86ebb79c72de266112eececc171e51a0/execute/async - {"script":"<script> [776 bytes]","args":[{"enterText":"Heavy Equi","selector":{"id":"application-manageresources-display-component---newResourceUnit--PLANNING_GROUP","interaction":{"idSuffix":"inner"}},"clearTextFirst":true,"interactionType":"ENTER_TEXT"}]}
RESULT: {}
RESULT: {"script":"<script> [776 bytes]","args":[{"enterText":"Heavy Equi","selector":{"id":"application-manageresources-display-component---newResourceUnit--PLANNING_GROUP","interaction":{"idSuffix":"inner"}},"clearTextFirst":true,"interactionType":"ENTER_TEXT"}]}
COMMAND: POST /session/86ebb79c72de266112eececc171e51a0/execute/async - {"script":"<script> [1562 bytes]","args":[{"selector":{"id":"application-manageresources-display-component---newResourceUnit--ITEM_TYPE-arrow"},"wdio_ui5_key":"applicationmanageresources-display-component---newResourceUnit--ITEM_TYPE-arrow"}]}
RESULT: {"script":"<script> [1562 bytes]","args":[{"selector":{"id":"application-manageresources-display-component---newResourceUnit--ITEM_TYPE-arrow"},"wdio_ui5_key":"applicationmanageresources-display-component---newResourceUnit--ITEM_TYPE-arrow"}]}
RESULT: undefined
COMMAND: POST /session/86ebb79c72de266112eececc171e51a0/element - {"using":"xpath","value":"//*[@id=\"application-manageresources-display-component---newResourceUnit--ITEM_TYPE-arrow\"]"}
RESULT: {"using":"xpath","value":"//*[@id=\"application-manageresources-display-component---newResourceUnit--ITEM_TYPE-arrow\"]"}
COMMAND: POST /session/86ebb79c72de266112eececc171e51a0/element/f.A17C675D496C198C40B93A37572AC0F9.d.9400F294C026A358B51ACCD83D9248EA.e.16920/click - {}
RESULT: {}
COMMAND: POST /session/86ebb79c72de266112eececc171e51a0/element - {"using":"xpath","value":"(//span[contains(text(), \"Resource Unit\")])[2]"}
COMMAND: GET /session/86ebb79c72de266112eececc171e51a0/screenshot - {}
RESULT: {"using":"xpath","value":"(//span[contains(text(), \"Resource Unit\")])[2]"}
COMMAND: POST /session/86ebb79c72de266112eececc171e51a0/element/f.A17C675D496C198C40B93A37572AC0F9.d.9400F294C026A358B51ACCD83D9248EA.e.16921/click - {}
RESULT: {}
RESULT: {}
COMMAND: GET /session/86ebb79c72de266112eececc171e51a0/screenshot - {}
RESULT: {}
COMMAND: POST /session/86ebb79c72de266112eececc171e51a0/element - {"using":"css selector","value":"#application-manageresources-display-component---newResourceUnit--btnAddTimeSegment"}
RESULT: {"using":"css selector","value":"#application-manageresources-display-component---newResourceUnit--btnAddTimeSegment"}
COMMAND: GET /session/86ebb79c72de266112eececc171e51a0/element/f.A17C675D496C198C40B93A37572AC0F9.d.9400F294C026A358B51ACCD83D9248EA.e.16922/rect - {}
RESULT: {}
COMMAND: GET /session/86ebb79c72de266112eececc171e51a0/window/rect - {}
RESULT: {}
COMMAND: POST /session/86ebb79c72de266112eececc171e51a0/execute/sync - {"script":"<script> [92 bytes]","args":[]}
RESULT: {"script":"<script> [92 bytes]","args":[]}
COMMAND: POST /session/86ebb79c72de266112eececc171e51a0/actions - {"actions":[{"id":"action62","type":"wheel","parameters":{},"actions":[{"type":"scroll","x":-1888,"y":-32,"deltaX":0,"deltaY":0,"duration":0,"origin":{"element-6066-11e4-a52e-4f735466cecf":"f.A17C675D496C198C40B93A37572AC0F9.d.9400F294C026A358B51ACCD83D9248EA.e.16922"}}]}]}
COMMAND: GET /session/86ebb79c72de266112eececc171e51a0/screenshot - {}
RESULT: {}
COMMAND: POST /session/86ebb79c72de266112eececc171e51a0/execute/sync - {"script":"<script> [79 bytes]","args":[{"element-6066-11e4-a52e-4f735466cecf":"f.A17C675D496C198C40B93A37572AC0F9.d.9400F294C026A358B51ACCD83D9248EA.e.16922","ELEMENT":"f.A17C675D496C198C40B93A37572AC0F9.d.9400F294C026A358B51ACCD83D9248EA.e.16922"},{"block":"start","inline":"nearest"}]}
RESULT: {"script":"<script> [79 bytes]","args":[{"element-6066-11e4-a52e-4f735466cecf":"f.A17C675D496C198C40B93A37572AC0F9.d.9400F294C026A358B51ACCD83D9248EA.e.16922","ELEMENT":"f.A17C675D496C198C40B93A37572AC0F9.d.9400F294C026A358B51ACCD83D9248EA.e.16922"},{"block":"start","inline":"nearest"}]}
COMMAND: POST /session/86ebb79c72de266112eececc171e51a0/execute/async - {"script":"<script> [1562 bytes]","args":[{"selector":{"id":"application-manageresources-display-component---newResourceUnit--btnAddTimeSegment","interaction":{"idSuffix":"inner"}},"wdio_ui5_key":"applicationmanageresources-display-component---newResourceUnit--btnAddTimeSegment"}]}
COMMAND: GET /session/86ebb79c72de266112eececc171e51a0/screenshot - {}
RESULT: {"script":"<script> [1562 bytes]","args":[{"selector":{"id":"application-manageresources-display-component---newResourceUnit--btnAddTimeSegment","interaction":{"idSuffix":"inner"}},"wdio_ui5_key":"applicationmanageresources-display-component---newResourceUnit--btnAddTimeSegment"}]}
RESULT: undefined
COMMAND: POST /session/86ebb79c72de266112eececc171e51a0/element - {"using":"xpath","value":"//*[@id=\"application-manageresources-display-component---newResourceUnit--btnAddTimeSegment\"]"}
RESULT: {}
RESULT: {"using":"xpath","value":"//*[@id=\"application-manageresources-display-component---newResourceUnit--btnAddTimeSegment\"]"}
COMMAND: POST /session/86ebb79c72de266112eececc171e51a0/element/f.A17C675D496C198C40B93A37572AC0F9.d.9400F294C026A358B51ACCD83D9248EA.e.16922/click - {}
RESULT: {}
COMMAND: GET /session/86ebb79c72de266112eececc171e51a0/screenshot - {}
RESULT: {}
COMMAND: POST /session/86ebb79c72de266112eececc171e51a0/element - {"using":"xpath","value":"//input[@id=\"application-manageresources-display-component---newResourceUnit--idRuTSAdmin-application-manageresources-display-component---newResourceUnit--RUTimeSegment-0-inner\"]"}
RESULT: {"using":"xpath","value":"//input[@id=\"application-manageresources-display-component---newResourceUnit--idRuTSAdmin-application-manageresources-display-component---newResourceUnit--RUTimeSegment-0-inner\"]"}
COMMAND: POST /session/86ebb79c72de266112eececc171e51a0/element/f.A17C675D496C198C40B93A37572AC0F9.d.9400F294C026A358B51ACCD83D9248EA.e.16928/clear - {}
RESULT: {}
COMMAND: POST /session/86ebb79c72de266112eececc171e51a0/element/f.A17C675D496C198C40B93A37572AC0F9.d.9400F294C026A358B51ACCD83D9248EA.e.16928/value - {"text":"644"}
COMMAND: GET /session/86ebb79c72de266112eececc171e51a0/screenshot - {}
RESULT: {"text":"644"}
COMMAND: GET /session/86ebb79c72de266112eececc171e51a0/screenshot - {}
RESULT: {}
RESULT: {}
COMMAND: POST /session/86ebb79c72de266112eececc171e51a0/element - {"using":"xpath","value":"//li[.//span[text()='644']]"}
RESULT: {"using":"xpath","value":"//li[.//span[text()='644']]"}
COMMAND: POST /session/86ebb79c72de266112eececc171e51a0/element/f.A17C675D496C198C40B93A37572AC0F9.d.9400F294C026A358B51ACCD83D9248EA.e.16942/click - {}
RESULT: {}
COMMAND: GET /session/86ebb79c72de266112eececc171e51a0/screenshot - {}
RESULT: {}
COMMAND: POST /session/86ebb79c72de266112eececc171e51a0/element - {"using":"xpath","value":"(//span[contains(@id, \"-application-manageresources-display-component---newResourceUnit--RUTimeSegment-0-arrow\")])[6]"}
RESULT: {"using":"xpath","value":"(//span[contains(@id, \"-application-manageresources-display-component---newResourceUnit--RUTimeSegment-0-arrow\")])[6]"}
COMMAND: POST /session/86ebb79c72de266112eececc171e51a0/element/f.A17C675D496C198C40B93A37572AC0F9.d.9400F294C026A358B51ACCD83D9248EA.e.16943/click - {}
RESULT: {}
COMMAND: GET /session/86ebb79c72de266112eececc171e51a0/screenshot - {}
RESULT: {}
COMMAND: POST /session/86ebb79c72de266112eececc171e51a0/element - {"using":"xpath","value":"//span[contains(text(), \"PM Order\")]"}
RESULT: {"using":"xpath","value":"//span[contains(text(), \"PM Order\")]"}
COMMAND: POST /session/86ebb79c72de266112eececc171e51a0/element/f.A17C675D496C198C40B93A37572AC0F9.d.9400F294C026A358B51ACCD83D9248EA.e.16946/click - {}
RESULT: {}
COMMAND: GET /session/86ebb79c72de266112eececc171e51a0/screenshot - {}
RESULT: {}
COMMAND: POST /session/86ebb79c72de266112eececc171e51a0/element - {"using":"xpath","value":"(//span[contains(@id ,\"manageresources-display-component---newResourceUnit--RUTimeSegment-0-vhi\")])[1]"}
RESULT: {"using":"xpath","value":"(//span[contains(@id ,\"manageresources-display-component---newResourceUnit--RUTimeSegment-0-vhi\")])[1]"}
COMMAND: GET /session/86ebb79c72de266112eececc171e51a0/element/f.A17C675D496C198C40B93A37572AC0F9.d.9400F294C026A358B51ACCD83D9248EA.e.16950/rect - {}
RESULT: {}
COMMAND: GET /session/86ebb79c72de266112eececc171e51a0/window/rect - {}
RESULT: {}
COMMAND: POST /session/86ebb79c72de266112eececc171e51a0/execute/sync - {"script":"<script> [92 bytes]","args":[]}
RESULT: {"script":"<script> [92 bytes]","args":[]}
COMMAND: POST /session/86ebb79c72de266112eececc171e51a0/actions - {"actions":[{"id":"action63","type":"wheel","parameters":{},"actions":[{"type":"scroll","x":-869,"y":-24,"deltaX":0,"deltaY":0,"duration":0,"origin":{"element-6066-11e4-a52e-4f735466cecf":"f.A17C675D496C198C40B93A37572AC0F9.d.9400F294C026A358B51ACCD83D9248EA.e.16950"}}]}]}
COMMAND: GET /session/86ebb79c72de266112eececc171e51a0/screenshot - {}
RESULT: {"actions":[{"id":"action63","type":"wheel","parameters":{},"actions":[{"type":"scroll","x":-869,"y":-24,"deltaX":0,"deltaY":0,"duration":0,"origin":{"element-6066-11e4-a52e-4f735466cecf":"f.A17C675D496C198C40B93A37572AC0F9.d.9400F294C026A358B51ACCD83D9248EA.e.16950"}}]}]}
COMMAND: DELETE /session/86ebb79c72de266112eececc171e51a0/actions - {}
COMMAND: GET /session/86ebb79c72de266112eececc171e51a0/screenshot - {}
RESULT: {}
RESULT: {}
COMMAND: GET /session/86ebb79c72de266112eececc171e51a0/screenshot - {}
RESULT: {}
RESULT: {}
COMMAND: POST /session/86ebb79c72de266112eececc171e51a0/element/f.A17C675D496C198C40B93A37572AC0F9.d.9400F294C026A358B51ACCD83D9248EA.e.16950/click - {}
RESULT: {}
COMMAND: GET /session/86ebb79c72de266112eececc171e51a0/screenshot - {}
RESULT: {}
COMMAND: POST /session/86ebb79c72de266112eececc171e51a0/execute/async - {"script":"<script> [1562 bytes]","args":[{"selector":{"controlType":"sap.m.SearchField","properties":{"placeholder":"Search"},"searchOpenDialogs":true,"interaction":{"idSuffix":"I"}},"wdio_ui5_key":"sapm.SearchField{\"placeholder\":\"Search\"}"}]}
RESULT: {"script":"<script> [1562 bytes]","args":[{"selector":{"controlType":"sap.m.SearchField","properties":{"placeholder":"Search"},"searchOpenDialogs":true,"interaction":{"idSuffix":"I"}},"wdio_ui5_key":"sapm.SearchField{\"placeholder\":\"Search\"}"}]}
RESULT: undefined
COMMAND: POST /session/86ebb79c72de266112eececc171e51a0/execute/async - {"script":"<script> [776 bytes]","args":[{"enterText":"4000360","selector":{"controlType":"sap.m.SearchField","properties":{"placeholder":"Search"},"searchOpenDialogs":true,"interaction":{"idSuffix":"I"}},"clearTextFirst":true,"interactionType":"ENTER_TEXT"}]}
RESULT: {"script":"<script> [776 bytes]","args":[{"enterText":"4000360","selector":{"controlType":"sap.m.SearchField","properties":{"placeholder":"Search"},"searchOpenDialogs":true,"interaction":{"idSuffix":"I"}},"clearTextFirst":true,"interactionType":"ENTER_TEXT"}]}
COMMAND: POST /session/86ebb79c72de266112eececc171e51a0/actions - {"actions":[{"id":"action64","type":"key","parameters":{},"actions":[{"type":"keyDown","value":""},{"type":"pause","duration":10},{"type":"keyUp","value":""}]}]}
RESULT: {"actions":[{"id":"action64","type":"key","parameters":{},"actions":[{"type":"keyDown","value":""},{"type":"pause","duration":10},{"type":"keyUp","value":""}]}]}
COMMAND: GET /session/86ebb79c72de266112eececc171e51a0/screenshot - {}
RESULT: {}
COMMAND: POST /session/86ebb79c72de266112eececc171e51a0/element - {"using":"xpath","value":"//td/div/span[contains(text(), \"BGL Vehicles\")]"}
RESULT: {"using":"xpath","value":"//td/div/span[contains(text(), \"BGL Vehicles\")]"}
COMMAND: POST /session/86ebb79c72de266112eececc171e51a0/element/f.A17C675D496C198C40B93A37572AC0F9.d.9400F294C026A358B51ACCD83D9248EA.e.16973/click - {}
RESULT: {}
COMMAND: GET /session/86ebb79c72de266112eececc171e51a0/screenshot - {}
RESULT: {}
COMMAND: POST /session/86ebb79c72de266112eececc171e51a0/element - {"using":"xpath","value":"//bdi[contains(text(), \"OK\")]"}
RESULT: {"using":"xpath","value":"//bdi[contains(text(), \"OK\")]"}
COMMAND: POST /session/86ebb79c72de266112eececc171e51a0/element/f.A17C675D496C198C40B93A37572AC0F9.d.9400F294C026A358B51ACCD83D9248EA.e.16974/click - {}
RESULT: {}
COMMAND: GET /session/86ebb79c72de266112eececc171e51a0/screenshot - {}
RESULT: {}
COMMAND: POST /session/86ebb79c72de266112eececc171e51a0/execute/async - {"script":"<script> [1562 bytes]","args":[{"selector":{"id":"application-manageresources-display-component---newResourceUnit--newRRUPage-anchBar-application-manageresources-display-component---newResourceUnit--resource-anchor","interaction":{"idSuffix":"BDI-content"}},"wdio_ui5_key":"applicationmanageresources-display-component---newResourceUnit--newRRUPage-anchBar-application-manageresources-display-component---newResourceUnit--resource-anchor"}]}
RESULT: {"script":"<script> [1562 bytes]","args":[{"selector":{"id":"application-manageresources-display-component---newResourceUnit--newRRUPage-anchBar-application-manageresources-display-component---newResourceUnit--resource-anchor","interaction":{"idSuffix":"BDI-content"}},"wdio_ui5_key":"applicationmanageresources-display-component---newResourceUnit--newRRUPage-anchBar-application-manageresources-display-component---newResourceUnit--resource-anchor"}]}
RESULT: undefined
COMMAND: POST /session/86ebb79c72de266112eececc171e51a0/element - {"using":"xpath","value":"//*[@id=\"application-manageresources-display-component---newResourceUnit--newRRUPage-anchBar-application-manageresources-display-component---newResourceUnit--resource-anchor\"]"}
RESULT: {"using":"xpath","value":"//*[@id=\"application-manageresources-display-component---newResourceUnit--newRRUPage-anchBar-application-manageresources-display-component---newResourceUnit--resource-anchor\"]"}
COMMAND: POST /session/86ebb79c72de266112eececc171e51a0/element/f.A17C675D496C198C40B93A37572AC0F9.d.9400F294C026A358B51ACCD83D9248EA.e.16978/click - {}
RESULT: {}
COMMAND: POST /session/86ebb79c72de266112eececc171e51a0/execute/async - {"script":"<script> [1562 bytes]","args":[{"selector":{"id":"application-manageresources-display-component---newResourceUnit--PLANNED_DELIVERY_DATE","interaction":{"idSuffix":"inner"}},"wdio_ui5_key":"applicationmanageresources-display-component---newResourceUnit--PLANNED_DELIVERY_DATE"}]}
COMMAND: GET /session/86ebb79c72de266112eececc171e51a0/screenshot - {}
RESULT: {"script":"<script> [1562 bytes]","args":[{"selector":{"id":"application-manageresources-display-component---newResourceUnit--PLANNED_DELIVERY_DATE","interaction":{"idSuffix":"inner"}},"wdio_ui5_key":"applicationmanageresources-display-component---newResourceUnit--PLANNED_DELIVERY_DATE"}]}
RESULT: undefined
COMMAND: POST /session/86ebb79c72de266112eececc171e51a0/execute/async - {"script":"<script> [6424 bytes]","args":[{"element-6066-11e4-a52e-4f735466cecf":"f.A17C675D496C198C40B93A37572AC0F9.d.9400F294C026A358B51ACCD83D9248EA.e.16836"},"setValue",["5/21/25"]]}
RESULT: {}
RESULT: {"script":"<script> [6424 bytes]","args":[{"element-6066-11e4-a52e-4f735466cecf":"f.A17C675D496C198C40B93A37572AC0F9.d.9400F294C026A358B51ACCD83D9248EA.e.16836"},"setValue",["5/21/25"]]}
COMMAND: POST /session/86ebb79c72de266112eececc171e51a0/element - {"using":"xpath","value":"//label[contains(@class, 'sapMLabelRequired') and .//bdi[contains(text(), 'Planned Retirement')]]"}
RESULT: {"using":"xpath","value":"//label[contains(@class, 'sapMLabelRequired') and .//bdi[contains(text(), 'Planned Retirement')]]"}
COMMAND: POST /session/86ebb79c72de266112eececc171e51a0/elements - {"using":"xpath","value":"//label[contains(@class, 'sapMLabelRequired') and .//bdi[contains(text(), 'Planned Retirement')]]"}
RESULT: {"using":"xpath","value":"//label[contains(@class, 'sapMLabelRequired') and .//bdi[contains(text(), 'Planned Retirement')]]"}
COMMAND: POST /session/86ebb79c72de266112eececc171e51a0/element - {"using":"xpath","value":"//button[@data-kt=\"resourceUnitSaveButton\"]"}
RESULT: {"using":"xpath","value":"//button[@data-kt=\"resourceUnitSaveButton\"]"}
COMMAND: POST /session/86ebb79c72de266112eececc171e51a0/element/f.A17C675D496C198C40B93A37572AC0F9.d.9400F294C026A358B51ACCD83D9248EA.e.16796/click - {}
RESULT: {}
COMMAND: GET /session/86ebb79c72de266112eececc171e51a0/screenshot - {}
RESULT: {}
COMMAND: POST /session/86ebb79c72de266112eececc171e51a0/element - {"using":"xpath","value":"//bdi[contains(text(), \"Close\")]"}
RESULT: {"using":"xpath","value":"//bdi[contains(text(), \"Close\")]"}
COMMAND: POST /session/86ebb79c72de266112eececc171e51a0/element/f.A17C675D496C198C40B93A37572AC0F9.d.9400F294C026A358B51ACCD83D9248EA.e.16986/click - {}
RESULT: {}
COMMAND: GET /session/86ebb79c72de266112eececc171e51a0/screenshot - {}
COMMAND: POST /session/86ebb79c72de266112eececc171e51a0/element - {"using":"xpath","value":"(//button[contains(@id ,\"actionsToolbar-overflowButton\")])[1]"}
RESULT: {}
RESULT: {"using":"xpath","value":"(//button[contains(@id ,\"actionsToolbar-overflowButton\")])[1]"}
COMMAND: POST /session/86ebb79c72de266112eececc171e51a0/element/f.A17C675D496C198C40B93A37572AC0F9.d.9400F294C026A358B51ACCD83D9248EA.e.17047/click - {}
RESULT: {}
COMMAND: GET /session/86ebb79c72de266112eececc171e51a0/screenshot - {}
RESULT: {}
COMMAND: POST /session/86ebb79c72de266112eececc171e51a0/element - {"using":"xpath","value":"//button[@data-kt=\"priceInfoButton\"]"}
RESULT: {"using":"xpath","value":"//button[@data-kt=\"priceInfoButton\"]"}
COMMAND: POST /session/86ebb79c72de266112eececc171e51a0/element/f.A17C675D496C198C40B93A37572AC0F9.d.9400F294C026A358B51ACCD83D9248EA.e.17056/click - {}
RESULT: {}
COMMAND: GET /session/86ebb79c72de266112eececc171e51a0/screenshot - {}
]]></system-out>
    </testcase>
    <testcase classname="chrome.136_0_7103_93.windows.Create_Reverse_Billing_US127248" name="Should create a pricing procedure" time="56.56">
      <system-out><![CDATA[
COMMAND: POST /session/86ebb79c72de266112eececc171e51a0/element - {"using":"xpath","value":"//button[@data-kt=\"addButton\"]"}
RESULT: {}
RESULT: {"using":"xpath","value":"//button[@data-kt=\"addButton\"]"}
COMMAND: POST /session/86ebb79c72de266112eececc171e51a0/elements - {"using":"xpath","value":"//button[@data-kt=\"addButton\"]"}
RESULT: {"using":"xpath","value":"//button[@data-kt=\"addButton\"]"}
COMMAND: POST /session/86ebb79c72de266112eececc171e51a0/element - {"using":"xpath","value":"//button[@data-kt=\"addButton\"]"}
RESULT: {"using":"xpath","value":"//button[@data-kt=\"addButton\"]"}
COMMAND: POST /session/86ebb79c72de266112eececc171e51a0/execute/sync - {"script":"<script> [8489 bytes]","args":[{"element-6066-11e4-a52e-4f735466cecf":"f.A17C675D496C198C40B93A37572AC0F9.d.9400F294C026A358B51ACCD83D9248EA.e.17092","ELEMENT":"f.A17C675D496C198C40B93A37572AC0F9.d.9400F294C026A358B51ACCD83D9248EA.e.17092"}]}
RESULT: {"script":"<script> [8489 bytes]","args":[{"element-6066-11e4-a52e-4f735466cecf":"f.A17C675D496C198C40B93A37572AC0F9.d.9400F294C026A358B51ACCD83D9248EA.e.17092","ELEMENT":"f.A17C675D496C198C40B93A37572AC0F9.d.9400F294C026A358B51ACCD83D9248EA.e.17092"}]}
COMMAND: GET /session/86ebb79c72de266112eececc171e51a0/element/f.A17C675D496C198C40B93A37572AC0F9.d.9400F294C026A358B51ACCD83D9248EA.e.17092/enabled - {}
COMMAND: GET /session/86ebb79c72de266112eececc171e51a0/screenshot - {}
RESULT: {}
COMMAND: POST /session/86ebb79c72de266112eececc171e51a0/execute/sync - {"script":"<script> [8489 bytes]","args":[{"element-6066-11e4-a52e-4f735466cecf":"f.A17C675D496C198C40B93A37572AC0F9.d.9400F294C026A358B51ACCD83D9248EA.e.17092","ELEMENT":"f.A17C675D496C198C40B93A37572AC0F9.d.9400F294C026A358B51ACCD83D9248EA.e.17092"}]}
COMMAND: GET /session/86ebb79c72de266112eececc171e51a0/screenshot - {}
RESULT: {}
RESULT: {"script":"<script> [8489 bytes]","args":[{"element-6066-11e4-a52e-4f735466cecf":"f.A17C675D496C198C40B93A37572AC0F9.d.9400F294C026A358B51ACCD83D9248EA.e.17092","ELEMENT":"f.A17C675D496C198C40B93A37572AC0F9.d.9400F294C026A358B51ACCD83D9248EA.e.17092"}]}
COMMAND: POST /session/86ebb79c72de266112eececc171e51a0/execute/sync - {"script":"<script> [5351 bytes]","args":[{"element-6066-11e4-a52e-4f735466cecf":"f.A17C675D496C198C40B93A37572AC0F9.d.9400F294C026A358B51ACCD83D9248EA.e.17092","ELEMENT":"f.A17C675D496C198C40B93A37572AC0F9.d.9400F294C026A358B51ACCD83D9248EA.e.17092"}]}
COMMAND: GET /session/86ebb79c72de266112eececc171e51a0/screenshot - {}
RESULT: {}
RESULT: {"script":"<script> [5351 bytes]","args":[{"element-6066-11e4-a52e-4f735466cecf":"f.A17C675D496C198C40B93A37572AC0F9.d.9400F294C026A358B51ACCD83D9248EA.e.17092","ELEMENT":"f.A17C675D496C198C40B93A37572AC0F9.d.9400F294C026A358B51ACCD83D9248EA.e.17092"}]}
COMMAND: POST /session/86ebb79c72de266112eececc171e51a0/element/f.A17C675D496C198C40B93A37572AC0F9.d.9400F294C026A358B51ACCD83D9248EA.e.17092/click - {}
RESULT: {}
COMMAND: GET /session/86ebb79c72de266112eececc171e51a0/screenshot - {}
RESULT: {}
COMMAND: GET /session/86ebb79c72de266112eececc171e51a0/screenshot - {}
RESULT: {}
RESULT: {}
COMMAND: POST /session/86ebb79c72de266112eececc171e51a0/execute/async - {"script":"<script> [1562 bytes]","args":[{"selector":{"controlType":"sap.m.Title","viewName":"etm.portal.ui.managepricingrules.view.NewItem","viewId":"application-managepricingrules-display-component---newInfoPriceItem","properties":{"text":"New Pricing Rules - Item Level"}},"wdio_ui5_key":"etmportal.ui.managepricingrules.view.NewItemsap.m.Title{\"text\":\"New Pricing Rules - Item Level\"}"}]}
RESULT: {"script":"<script> [1562 bytes]","args":[{"selector":{"controlType":"sap.m.Title","viewName":"etm.portal.ui.managepricingrules.view.NewItem","viewId":"application-managepricingrules-display-component---newInfoPriceItem","properties":{"text":"New Pricing Rules - Item Level"}},"wdio_ui5_key":"etmportal.ui.managepricingrules.view.NewItemsap.m.Title{\"text\":\"New Pricing Rules - Item Level\"}"}]}
RESULT: undefined
COMMAND: POST /session/86ebb79c72de266112eececc171e51a0/execute/async - {"script":"<script> [6424 bytes]","args":[{"element-6066-11e4-a52e-4f735466cecf":"f.A17C675D496C198C40B93A37572AC0F9.d.9400F294C026A358B51ACCD83D9248EA.e.17263"},"getText",[]]}
RESULT: {"script":"<script> [6424 bytes]","args":[{"element-6066-11e4-a52e-4f735466cecf":"f.A17C675D496C198C40B93A37572AC0F9.d.9400F294C026A358B51ACCD83D9248EA.e.17263"},"getText",[]]}
COMMAND: POST /session/86ebb79c72de266112eececc171e51a0/execute/async - {"script":"<script> [1562 bytes]","args":[{"selector":{"id":"application-managepricingrules-display-component---newInfoPriceItem--condValidTo","interaction":{"idSuffix":"inner"}},"wdio_ui5_key":"applicationmanagepricingrules-display-component---newInfoPriceItem--condValidTo"}]}
RESULT: {"script":"<script> [1562 bytes]","args":[{"selector":{"id":"application-managepricingrules-display-component---newInfoPriceItem--condValidTo","interaction":{"idSuffix":"inner"}},"wdio_ui5_key":"applicationmanagepricingrules-display-component---newInfoPriceItem--condValidTo"}]}
RESULT: undefined
COMMAND: POST /session/86ebb79c72de266112eececc171e51a0/execute/async - {"script":"<script> [776 bytes]","args":[{"enterText":"1/21/26","selector":{"id":"application-managepricingrules-display-component---newInfoPriceItem--condValidTo","interaction":{"idSuffix":"inner"}},"clearTextFirst":true,"interactionType":"ENTER_TEXT"}]}
RESULT: {"script":"<script> [776 bytes]","args":[{"enterText":"1/21/26","selector":{"id":"application-managepricingrules-display-component---newInfoPriceItem--condValidTo","interaction":{"idSuffix":"inner"}},"clearTextFirst":true,"interactionType":"ENTER_TEXT"}]}
COMMAND: POST /session/86ebb79c72de266112eececc171e51a0/execute/async - {"script":"<script> [1562 bytes]","args":[{"selector":{"id":"application-managepricingrules-display-component---newInfoPriceItem--billType-arrow"},"wdio_ui5_key":"applicationmanagepricingrules-display-component---newInfoPriceItem--billType-arrow"}]}
RESULT: {"script":"<script> [1562 bytes]","args":[{"selector":{"id":"application-managepricingrules-display-component---newInfoPriceItem--billType-arrow"},"wdio_ui5_key":"applicationmanagepricingrules-display-component---newInfoPriceItem--billType-arrow"}]}
RESULT: undefined
COMMAND: POST /session/86ebb79c72de266112eececc171e51a0/element - {"using":"xpath","value":"//*[@id=\"application-managepricingrules-display-component---newInfoPriceItem--billType-arrow\"]"}
RESULT: {"using":"xpath","value":"//*[@id=\"application-managepricingrules-display-component---newInfoPriceItem--billType-arrow\"]"}
COMMAND: POST /session/86ebb79c72de266112eececc171e51a0/element/f.A17C675D496C198C40B93A37572AC0F9.d.9400F294C026A358B51ACCD83D9248EA.e.17223/click - {}
RESULT: {}
COMMAND: POST /session/86ebb79c72de266112eececc171e51a0/element - {"using":"xpath","value":"//span[contains(text(), \"TB - Time based\")]"}
COMMAND: GET /session/86ebb79c72de266112eececc171e51a0/screenshot - {}
RESULT: {"using":"xpath","value":"//span[contains(text(), \"TB - Time based\")]"}
COMMAND: POST /session/86ebb79c72de266112eececc171e51a0/element/f.A17C675D496C198C40B93A37572AC0F9.d.9400F294C026A358B51ACCD83D9248EA.e.17265/click - {}
RESULT: {}
RESULT: {}
COMMAND: POST /session/86ebb79c72de266112eececc171e51a0/execute/async - {"script":"<script> [1562 bytes]","args":[{"selector":{"id":"application-managepricingrules-display-component---newInfoPriceItem--priceProc-arrow"},"wdio_ui5_key":"applicationmanagepricingrules-display-component---newInfoPriceItem--priceProc-arrow"}]}
COMMAND: GET /session/86ebb79c72de266112eececc171e51a0/screenshot - {}
RESULT: {"script":"<script> [1562 bytes]","args":[{"selector":{"id":"application-managepricingrules-display-component---newInfoPriceItem--priceProc-arrow"},"wdio_ui5_key":"applicationmanagepricingrules-display-component---newInfoPriceItem--priceProc-arrow"}]}
RESULT: undefined
COMMAND: POST /session/86ebb79c72de266112eececc171e51a0/element - {"using":"xpath","value":"//*[@id=\"application-managepricingrules-display-component---newInfoPriceItem--priceProc-arrow\"]"}
RESULT: {}
RESULT: {"using":"xpath","value":"//*[@id=\"application-managepricingrules-display-component---newInfoPriceItem--priceProc-arrow\"]"}
COMMAND: POST /session/86ebb79c72de266112eececc171e51a0/element/f.A17C675D496C198C40B93A37572AC0F9.d.9400F294C026A358B51ACCD83D9248EA.e.17230/click - {}
RESULT: {}
COMMAND: POST /session/86ebb79c72de266112eececc171e51a0/element - {"using":"xpath","value":"//span[contains(text(), \"TBS - Time based standard\")]"}
COMMAND: GET /session/86ebb79c72de266112eececc171e51a0/screenshot - {}
RESULT: {"using":"xpath","value":"//span[contains(text(), \"TBS - Time based standard\")]"}
COMMAND: POST /session/86ebb79c72de266112eececc171e51a0/element/f.A17C675D496C198C40B93A37572AC0F9.d.9400F294C026A358B51ACCD83D9248EA.e.17266/click - {}
RESULT: {}
RESULT: {}
COMMAND: POST /session/86ebb79c72de266112eececc171e51a0/execute/async - {"script":"<script> [1562 bytes]","args":[{"selector":{"id":"application-managepricingrules-display-component---newInfoPriceItem--calcBase-arrow"},"wdio_ui5_key":"applicationmanagepricingrules-display-component---newInfoPriceItem--calcBase-arrow"}]}
COMMAND: GET /session/86ebb79c72de266112eececc171e51a0/screenshot - {}
RESULT: {"script":"<script> [1562 bytes]","args":[{"selector":{"id":"application-managepricingrules-display-component---newInfoPriceItem--calcBase-arrow"},"wdio_ui5_key":"applicationmanagepricingrules-display-component---newInfoPriceItem--calcBase-arrow"}]}
RESULT: undefined
COMMAND: POST /session/86ebb79c72de266112eececc171e51a0/element - {"using":"xpath","value":"//*[@id=\"application-managepricingrules-display-component---newInfoPriceItem--calcBase-arrow\"]"}
RESULT: {}
RESULT: {"using":"xpath","value":"//*[@id=\"application-managepricingrules-display-component---newInfoPriceItem--calcBase-arrow\"]"}
COMMAND: POST /session/86ebb79c72de266112eececc171e51a0/element/f.A17C675D496C198C40B93A37572AC0F9.d.9400F294C026A358B51ACCD83D9248EA.e.17237/click - {}
RESULT: {}
COMMAND: GET /session/86ebb79c72de266112eececc171e51a0/screenshot - {}
RESULT: {}
COMMAND: POST /session/86ebb79c72de266112eececc171e51a0/element - {"using":"xpath","value":"//span[contains(text(), \"0006 - TB(calendar days)\")]"}
RESULT: {"using":"xpath","value":"//span[contains(text(), \"0006 - TB(calendar days)\")]"}
COMMAND: POST /session/86ebb79c72de266112eececc171e51a0/element/f.A17C675D496C198C40B93A37572AC0F9.d.9400F294C026A358B51ACCD83D9248EA.e.17267/click - {}
RESULT: {}
COMMAND: GET /session/86ebb79c72de266112eececc171e51a0/screenshot - {}
RESULT: {}
COMMAND: POST /session/86ebb79c72de266112eececc171e51a0/execute/async - {"script":"<script> [1562 bytes]","args":[{"selector":{"id":"application-managepricingrules-display-component---newInfoPriceItem--daysMonth","interaction":{"idSuffix":"inner"}},"wdio_ui5_key":"applicationmanagepricingrules-display-component---newInfoPriceItem--daysMonth"}]}
RESULT: {"script":"<script> [1562 bytes]","args":[{"selector":{"id":"application-managepricingrules-display-component---newInfoPriceItem--daysMonth","interaction":{"idSuffix":"inner"}},"wdio_ui5_key":"applicationmanagepricingrules-display-component---newInfoPriceItem--daysMonth"}]}
RESULT: undefined
COMMAND: POST /session/86ebb79c72de266112eececc171e51a0/execute/async - {"script":"<script> [776 bytes]","args":[{"enterText":"30","selector":{"id":"application-managepricingrules-display-component---newInfoPriceItem--daysMonth","interaction":{"idSuffix":"inner"}},"clearTextFirst":true,"interactionType":"ENTER_TEXT"}]}
RESULT: {"script":"<script> [776 bytes]","args":[{"enterText":"30","selector":{"id":"application-managepricingrules-display-component---newInfoPriceItem--daysMonth","interaction":{"idSuffix":"inner"}},"clearTextFirst":true,"interactionType":"ENTER_TEXT"}]}
COMMAND: POST /session/86ebb79c72de266112eececc171e51a0/element - {"using":"xpath","value":"//button[@data-kt=\"saveNewRuleButton\"]"}
RESULT: {"using":"xpath","value":"//button[@data-kt=\"saveNewRuleButton\"]"}
COMMAND: POST /session/86ebb79c72de266112eececc171e51a0/element/f.A17C675D496C198C40B93A37572AC0F9.d.9400F294C026A358B51ACCD83D9248EA.e.17257/click - {}
RESULT: {}
COMMAND: GET /session/86ebb79c72de266112eececc171e51a0/screenshot - {}
RESULT: {}
COMMAND: POST /session/86ebb79c72de266112eececc171e51a0/execute/async - {"script":"<script> [1562 bytes]","args":[{"selector":{"id":"application-managepricingrules-display-component---priceInfoItem--smartFilterBar-btnBasicSearch","interaction":{"idSuffix":"I"}},"wdio_ui5_key":"applicationmanagepricingrules-display-component---priceInfoItem--smartFilterBar-btnBasicSearch"}]}
RESULT: {"script":"<script> [1562 bytes]","args":[{"selector":{"id":"application-managepricingrules-display-component---priceInfoItem--smartFilterBar-btnBasicSearch","interaction":{"idSuffix":"I"}},"wdio_ui5_key":"applicationmanagepricingrules-display-component---priceInfoItem--smartFilterBar-btnBasicSearch"}]}
RESULT: undefined
COMMAND: POST /session/86ebb79c72de266112eececc171e51a0/execute/async - {"script":"<script> [776 bytes]","args":[{"enterText":"HpkEIlfIcX","selector":{"id":"application-managepricingrules-display-component---priceInfoItem--smartFilterBar-btnBasicSearch","interaction":{"idSuffix":"I"}},"clearTextFirst":true,"interactionType":"ENTER_TEXT"}]}
RESULT: {"script":"<script> [776 bytes]","args":[{"enterText":"HpkEIlfIcX","selector":{"id":"application-managepricingrules-display-component---priceInfoItem--smartFilterBar-btnBasicSearch","interaction":{"idSuffix":"I"}},"clearTextFirst":true,"interactionType":"ENTER_TEXT"}]}
COMMAND: POST /session/86ebb79c72de266112eececc171e51a0/actions - {"actions":[{"id":"action65","type":"key","parameters":{},"actions":[{"type":"keyDown","value":""},{"type":"pause","duration":10},{"type":"keyUp","value":""}]}]}
RESULT: {"actions":[{"id":"action65","type":"key","parameters":{},"actions":[{"type":"keyDown","value":""},{"type":"pause","duration":10},{"type":"keyUp","value":""}]}]}
COMMAND: GET /session/86ebb79c72de266112eececc171e51a0/screenshot - {}
RESULT: {}
COMMAND: POST /session/86ebb79c72de266112eececc171e51a0/element - {"using":"xpath","value":"//span[@id=\"application-managepricingrules-display-component---priceInfoItem--smartTable-header-inner\"]"}
RESULT: {"using":"xpath","value":"//span[@id=\"application-managepricingrules-display-component---priceInfoItem--smartTable-header-inner\"]"}
COMMAND: POST /session/86ebb79c72de266112eececc171e51a0/elements - {"using":"xpath","value":"//span[@id=\"application-managepricingrules-display-component---priceInfoItem--smartTable-header-inner\"]"}
RESULT: {"using":"xpath","value":"//span[@id=\"application-managepricingrules-display-component---priceInfoItem--smartTable-header-inner\"]"}
COMMAND: POST /session/86ebb79c72de266112eececc171e51a0/execute/sync - {"script":"<script> [56 bytes]","args":[{"element-6066-11e4-a52e-4f735466cecf":"f.A17C675D496C198C40B93A37572AC0F9.d.9400F294C026A358B51ACCD83D9248EA.e.17292","ELEMENT":"f.A17C675D496C198C40B93A37572AC0F9.d.9400F294C026A358B51ACCD83D9248EA.e.17292"}]}
RESULT: {"script":"<script> [56 bytes]","args":[{"element-6066-11e4-a52e-4f735466cecf":"f.A17C675D496C198C40B93A37572AC0F9.d.9400F294C026A358B51ACCD83D9248EA.e.17292","ELEMENT":"f.A17C675D496C198C40B93A37572AC0F9.d.9400F294C026A358B51ACCD83D9248EA.e.17292"}]}
COMMAND: POST /session/86ebb79c72de266112eececc171e51a0/element - {"using":"css selector","value":"#shell-header-logo"}
COMMAND: GET /session/86ebb79c72de266112eececc171e51a0/screenshot - {}
RESULT: {"using":"css selector","value":"#shell-header-logo"}
COMMAND: POST /session/86ebb79c72de266112eececc171e51a0/element/f.A17C675D496C198C40B93A37572AC0F9.d.9400F294C026A358B51ACCD83D9248EA.e.16391/click - {}
RESULT: {}
RESULT: {}
COMMAND: GET /session/86ebb79c72de266112eececc171e51a0/screenshot - {}
RESULT: {}
]]></system-out>
    </testcase>
    <testcase classname="chrome.136_0_7103_93.windows.Create_Reverse_Billing_US127248" name="Should manage conditions" time="69.21">
      <system-out><![CDATA[
COMMAND: POST /session/86ebb79c72de266112eececc171e51a0/execute/async - {"script":"<script> [1562 bytes]","args":[{"selector":{"controlType":"sap.m.GenericTile","properties":{"header":"Manage Conditions & Prices"}},"wdio_ui5_key":"sapm.GenericTile{\"header\":\"Manage Conditions & Prices\"}"}]}
RESULT: {"script":"<script> [1562 bytes]","args":[{"selector":{"controlType":"sap.m.GenericTile","properties":{"header":"Manage Conditions & Prices"}},"wdio_ui5_key":"sapm.GenericTile{\"header\":\"Manage Conditions & Prices\"}"}]}
RESULT: undefined
COMMAND: POST /session/86ebb79c72de266112eececc171e51a0/element - {"using":"xpath","value":"//*[@id=\"__tile53\"]"}
RESULT: {"using":"xpath","value":"//*[@id=\"__tile53\"]"}
COMMAND: POST /session/86ebb79c72de266112eececc171e51a0/element/f.A17C675D496C198C40B93A37572AC0F9.d.9400F294C026A358B51ACCD83D9248EA.e.16328/click - {}
RESULT: {}
COMMAND: GET /session/86ebb79c72de266112eececc171e51a0/screenshot - {}
COMMAND: POST /session/86ebb79c72de266112eececc171e51a0/elements - {"using":"xpath","value":"//span[text()='Error']"}
RESULT: {}
RESULT: {"using":"xpath","value":"//span[text()='Error']"}
COMMAND: POST /session/86ebb79c72de266112eececc171e51a0/element - {"using":"xpath","value":"//button[@aria-label=\"Create\"]"}
RESULT: {"using":"xpath","value":"//button[@aria-label=\"Create\"]"}
COMMAND: POST /session/86ebb79c72de266112eececc171e51a0/elements - {"using":"xpath","value":"//button[@aria-label=\"Create\"]"}
RESULT: {"using":"xpath","value":"//button[@aria-label=\"Create\"]"}
COMMAND: POST /session/86ebb79c72de266112eececc171e51a0/execute/sync - {"script":"<script> [8489 bytes]","args":[{"element-6066-11e4-a52e-4f735466cecf":"f.A17C675D496C198C40B93A37572AC0F9.d.9400F294C026A358B51ACCD83D9248EA.e.17327","ELEMENT":"f.A17C675D496C198C40B93A37572AC0F9.d.9400F294C026A358B51ACCD83D9248EA.e.17327"}]}
RESULT: {"script":"<script> [8489 bytes]","args":[{"element-6066-11e4-a52e-4f735466cecf":"f.A17C675D496C198C40B93A37572AC0F9.d.9400F294C026A358B51ACCD83D9248EA.e.17327","ELEMENT":"f.A17C675D496C198C40B93A37572AC0F9.d.9400F294C026A358B51ACCD83D9248EA.e.17327"}]}
COMMAND: GET /session/86ebb79c72de266112eececc171e51a0/element/f.A17C675D496C198C40B93A37572AC0F9.d.9400F294C026A358B51ACCD83D9248EA.e.17327/enabled - {}
COMMAND: GET /session/86ebb79c72de266112eececc171e51a0/screenshot - {}
RESULT: {}
COMMAND: POST /session/86ebb79c72de266112eececc171e51a0/execute/sync - {"script":"<script> [8489 bytes]","args":[{"element-6066-11e4-a52e-4f735466cecf":"f.A17C675D496C198C40B93A37572AC0F9.d.9400F294C026A358B51ACCD83D9248EA.e.17327","ELEMENT":"f.A17C675D496C198C40B93A37572AC0F9.d.9400F294C026A358B51ACCD83D9248EA.e.17327"}]}
COMMAND: GET /session/86ebb79c72de266112eececc171e51a0/screenshot - {}
RESULT: {}
RESULT: {"script":"<script> [8489 bytes]","args":[{"element-6066-11e4-a52e-4f735466cecf":"f.A17C675D496C198C40B93A37572AC0F9.d.9400F294C026A358B51ACCD83D9248EA.e.17327","ELEMENT":"f.A17C675D496C198C40B93A37572AC0F9.d.9400F294C026A358B51ACCD83D9248EA.e.17327"}]}
COMMAND: POST /session/86ebb79c72de266112eececc171e51a0/execute/sync - {"script":"<script> [5351 bytes]","args":[{"element-6066-11e4-a52e-4f735466cecf":"f.A17C675D496C198C40B93A37572AC0F9.d.9400F294C026A358B51ACCD83D9248EA.e.17327","ELEMENT":"f.A17C675D496C198C40B93A37572AC0F9.d.9400F294C026A358B51ACCD83D9248EA.e.17327"}]}
COMMAND: GET /session/86ebb79c72de266112eececc171e51a0/screenshot - {}
RESULT: {}
RESULT: {"script":"<script> [5351 bytes]","args":[{"element-6066-11e4-a52e-4f735466cecf":"f.A17C675D496C198C40B93A37572AC0F9.d.9400F294C026A358B51ACCD83D9248EA.e.17327","ELEMENT":"f.A17C675D496C198C40B93A37572AC0F9.d.9400F294C026A358B51ACCD83D9248EA.e.17327"}]}
COMMAND: POST /session/86ebb79c72de266112eececc171e51a0/element/f.A17C675D496C198C40B93A37572AC0F9.d.9400F294C026A358B51ACCD83D9248EA.e.17327/click - {}
RESULT: {}
RESULT: {}
COMMAND: GET /session/86ebb79c72de266112eececc171e51a0/screenshot - {}
COMMAND: GET /session/86ebb79c72de266112eececc171e51a0/screenshot - {}
RESULT: {}
RESULT: {}
COMMAND: POST /session/86ebb79c72de266112eececc171e51a0/actions - {"actions":[{"id":"action66","type":"key","parameters":{},"actions":[{"type":"keyDown","value":""},{"type":"pause","duration":10},{"type":"keyUp","value":""}]}]}
RESULT: {"actions":[{"id":"action66","type":"key","parameters":{},"actions":[{"type":"keyDown","value":""},{"type":"pause","duration":10},{"type":"keyUp","value":""}]}]}
COMMAND: GET /session/86ebb79c72de266112eececc171e51a0/screenshot - {}
RESULT: {}
COMMAND: POST /session/86ebb79c72de266112eececc171e51a0/execute/async - {"script":"<script> [1562 bytes]","args":[{"selector":{"id":"application-manageconditionprice-display-component---newCondition--condBillCond-arrow"},"wdio_ui5_key":"applicationmanageconditionprice-display-component---newCondition--condBillCond-arrow"}]}
RESULT: {"script":"<script> [1562 bytes]","args":[{"selector":{"id":"application-manageconditionprice-display-component---newCondition--condBillCond-arrow"},"wdio_ui5_key":"applicationmanageconditionprice-display-component---newCondition--condBillCond-arrow"}]}
RESULT: undefined
COMMAND: POST /session/86ebb79c72de266112eececc171e51a0/element - {"using":"xpath","value":"//*[@id=\"application-manageconditionprice-display-component---newCondition--condBillCond-arrow\"]"}
RESULT: {"using":"xpath","value":"//*[@id=\"application-manageconditionprice-display-component---newCondition--condBillCond-arrow\"]"}
COMMAND: POST /session/86ebb79c72de266112eececc171e51a0/element/f.A17C675D496C198C40B93A37572AC0F9.d.9400F294C026A358B51ACCD83D9248EA.e.17504/click - {}
RESULT: {}
COMMAND: GET /session/86ebb79c72de266112eececc171e51a0/screenshot - {}
RESULT: {}
COMMAND: POST /session/86ebb79c72de266112eececc171e51a0/element - {"using":"xpath","value":"//li[.//span[contains(text(), \"DISP - D&I special price\")]]"}
RESULT: {"using":"xpath","value":"//li[.//span[contains(text(), \"DISP - D&I special price\")]]"}
COMMAND: POST /session/86ebb79c72de266112eececc171e51a0/element/f.A17C675D496C198C40B93A37572AC0F9.d.9400F294C026A358B51ACCD83D9248EA.e.17507/click - {}
RESULT: {}
COMMAND: GET /session/86ebb79c72de266112eececc171e51a0/screenshot - {}
RESULT: {}
COMMAND: POST /session/86ebb79c72de266112eececc171e51a0/execute/async - {"script":"<script> [1562 bytes]","args":[{"selector":{"id":"application-manageconditionprice-display-component---newCondition--condValidTo","interaction":{"idSuffix":"inner"}},"wdio_ui5_key":"applicationmanageconditionprice-display-component---newCondition--condValidTo"}]}
RESULT: {"script":"<script> [1562 bytes]","args":[{"selector":{"id":"application-manageconditionprice-display-component---newCondition--condValidTo","interaction":{"idSuffix":"inner"}},"wdio_ui5_key":"applicationmanageconditionprice-display-component---newCondition--condValidTo"}]}
RESULT: undefined
COMMAND: POST /session/86ebb79c72de266112eececc171e51a0/execute/async - {"script":"<script> [776 bytes]","args":[{"enterText":"1/21/26","selector":{"id":"application-manageconditionprice-display-component---newCondition--condValidTo","interaction":{"idSuffix":"inner"}},"clearTextFirst":true,"interactionType":"ENTER_TEXT"}]}
RESULT: {"script":"<script> [776 bytes]","args":[{"enterText":"1/21/26","selector":{"id":"application-manageconditionprice-display-component---newCondition--condValidTo","interaction":{"idSuffix":"inner"}},"clearTextFirst":true,"interactionType":"ENTER_TEXT"}]}
COMMAND: POST /session/86ebb79c72de266112eececc171e51a0/element - {"using":"xpath","value":"//input[@id=\"application-manageconditionprice-display-component---newCondition--condRU-inner\"]"}
RESULT: {"using":"xpath","value":"//input[@id=\"application-manageconditionprice-display-component---newCondition--condRU-inner\"]"}
COMMAND: POST /session/86ebb79c72de266112eececc171e51a0/element/f.A17C675D496C198C40B93A37572AC0F9.d.9400F294C026A358B51ACCD83D9248EA.e.17373/clear - {}
RESULT: {}
COMMAND: POST /session/86ebb79c72de266112eececc171e51a0/element/f.A17C675D496C198C40B93A37572AC0F9.d.9400F294C026A358B51ACCD83D9248EA.e.17373/value - {"text":"HpkEIlfIcX"}
COMMAND: GET /session/86ebb79c72de266112eececc171e51a0/screenshot - {}
RESULT: {"text":"HpkEIlfIcX"}
COMMAND: GET /session/86ebb79c72de266112eececc171e51a0/screenshot - {}
RESULT: {}
RESULT: {}
COMMAND: POST /session/86ebb79c72de266112eececc171e51a0/actions - {"actions":[{"id":"action67","type":"key","parameters":{},"actions":[{"type":"keyDown","value":""},{"type":"pause","duration":10},{"type":"keyUp","value":""}]}]}
RESULT: {"actions":[{"id":"action67","type":"key","parameters":{},"actions":[{"type":"keyDown","value":""},{"type":"pause","duration":10},{"type":"keyUp","value":""}]}]}
COMMAND: POST /session/86ebb79c72de266112eececc171e51a0/execute/async - {"script":"<script> [1562 bytes]","args":[{"selector":{"id":"application-manageconditionprice-display-component---newCondition--condBaseQty","interaction":{"idSuffix":"inner"}},"wdio_ui5_key":"applicationmanageconditionprice-display-component---newCondition--condBaseQty"}]}
COMMAND: GET /session/86ebb79c72de266112eececc171e51a0/screenshot - {}
RESULT: {"script":"<script> [1562 bytes]","args":[{"selector":{"id":"application-manageconditionprice-display-component---newCondition--condBaseQty","interaction":{"idSuffix":"inner"}},"wdio_ui5_key":"applicationmanageconditionprice-display-component---newCondition--condBaseQty"}]}
RESULT: undefined
COMMAND: POST /session/86ebb79c72de266112eececc171e51a0/execute/async - {"script":"<script> [776 bytes]","args":[{"enterText":"1","selector":{"id":"application-manageconditionprice-display-component---newCondition--condBaseQty","interaction":{"idSuffix":"inner"}},"clearTextFirst":true,"interactionType":"ENTER_TEXT"}]}
RESULT: {}
RESULT: {"script":"<script> [776 bytes]","args":[{"enterText":"1","selector":{"id":"application-manageconditionprice-display-component---newCondition--condBaseQty","interaction":{"idSuffix":"inner"}},"clearTextFirst":true,"interactionType":"ENTER_TEXT"}]}
COMMAND: POST /session/86ebb79c72de266112eececc171e51a0/execute/async - {"script":"<script> [1562 bytes]","args":[{"selector":{"id":"application-manageconditionprice-display-component---newCondition--condValue","interaction":{"idSuffix":"inner"}},"wdio_ui5_key":"applicationmanageconditionprice-display-component---newCondition--condValue"}]}
RESULT: {"script":"<script> [1562 bytes]","args":[{"selector":{"id":"application-manageconditionprice-display-component---newCondition--condValue","interaction":{"idSuffix":"inner"}},"wdio_ui5_key":"applicationmanageconditionprice-display-component---newCondition--condValue"}]}
RESULT: undefined
COMMAND: POST /session/86ebb79c72de266112eececc171e51a0/execute/async - {"script":"<script> [776 bytes]","args":[{"enterText":"200","selector":{"id":"application-manageconditionprice-display-component---newCondition--condValue","interaction":{"idSuffix":"inner"}},"clearTextFirst":true,"interactionType":"ENTER_TEXT"}]}
RESULT: {"script":"<script> [776 bytes]","args":[{"enterText":"200","selector":{"id":"application-manageconditionprice-display-component---newCondition--condValue","interaction":{"idSuffix":"inner"}},"clearTextFirst":true,"interactionType":"ENTER_TEXT"}]}
COMMAND: POST /session/86ebb79c72de266112eececc171e51a0/execute/async - {"script":"<script> [1562 bytes]","args":[{"selector":{"id":"application-manageconditionprice-display-component---newCondition--condCurr-arrow"},"wdio_ui5_key":"applicationmanageconditionprice-display-component---newCondition--condCurr-arrow"}]}
RESULT: {"script":"<script> [1562 bytes]","args":[{"selector":{"id":"application-manageconditionprice-display-component---newCondition--condCurr-arrow"},"wdio_ui5_key":"applicationmanageconditionprice-display-component---newCondition--condCurr-arrow"}]}
RESULT: undefined
COMMAND: POST /session/86ebb79c72de266112eececc171e51a0/element - {"using":"xpath","value":"//*[@id=\"application-manageconditionprice-display-component---newCondition--condCurr-arrow\"]"}
RESULT: {"using":"xpath","value":"//*[@id=\"application-manageconditionprice-display-component---newCondition--condCurr-arrow\"]"}
COMMAND: POST /session/86ebb79c72de266112eececc171e51a0/element/f.A17C675D496C198C40B93A37572AC0F9.d.9400F294C026A358B51ACCD83D9248EA.e.17475/click - {}
RESULT: {}
COMMAND: POST /session/86ebb79c72de266112eececc171e51a0/element - {"using":"xpath","value":"//span[contains(text(), \"Euro\")]"}
COMMAND: GET /session/86ebb79c72de266112eececc171e51a0/screenshot - {}
RESULT: {"using":"xpath","value":"//span[contains(text(), \"Euro\")]"}
COMMAND: POST /session/86ebb79c72de266112eececc171e51a0/element/f.A17C675D496C198C40B93A37572AC0F9.d.9400F294C026A358B51ACCD83D9248EA.e.17544/click - {}
RESULT: {}
RESULT: {}
COMMAND: POST /session/86ebb79c72de266112eececc171e51a0/element - {"using":"xpath","value":"//button[@data-kt=\"saveButton\"]"}
COMMAND: GET /session/86ebb79c72de266112eececc171e51a0/screenshot - {}
RESULT: {"using":"xpath","value":"//button[@data-kt=\"saveButton\"]"}
COMMAND: POST /session/86ebb79c72de266112eececc171e51a0/element/f.A17C675D496C198C40B93A37572AC0F9.d.9400F294C026A358B51ACCD83D9248EA.e.17476/click - {}
RESULT: {}
RESULT: {}
COMMAND: GET /session/86ebb79c72de266112eececc171e51a0/screenshot - {}
RESULT: {}
COMMAND: POST /session/86ebb79c72de266112eececc171e51a0/execute/async - {"script":"<script> [1562 bytes]","args":[{"selector":{"id":"application-manageconditionprice-display-component---conditions--smartFilterBar-btnBasicSearch","interaction":{"idSuffix":"I"}},"wdio_ui5_key":"applicationmanageconditionprice-display-component---conditions--smartFilterBar-btnBasicSearch"}]}
RESULT: {"script":"<script> [1562 bytes]","args":[{"selector":{"id":"application-manageconditionprice-display-component---conditions--smartFilterBar-btnBasicSearch","interaction":{"idSuffix":"I"}},"wdio_ui5_key":"applicationmanageconditionprice-display-component---conditions--smartFilterBar-btnBasicSearch"}]}
RESULT: undefined
COMMAND: POST /session/86ebb79c72de266112eececc171e51a0/execute/async - {"script":"<script> [776 bytes]","args":[{"enterText":"HpkEIlfIcX","selector":{"id":"application-manageconditionprice-display-component---conditions--smartFilterBar-btnBasicSearch","interaction":{"idSuffix":"I"}},"clearTextFirst":true,"interactionType":"ENTER_TEXT"}]}
RESULT: {"script":"<script> [776 bytes]","args":[{"enterText":"HpkEIlfIcX","selector":{"id":"application-manageconditionprice-display-component---conditions--smartFilterBar-btnBasicSearch","interaction":{"idSuffix":"I"}},"clearTextFirst":true,"interactionType":"ENTER_TEXT"}]}
COMMAND: POST /session/86ebb79c72de266112eececc171e51a0/actions - {"actions":[{"id":"action68","type":"key","parameters":{},"actions":[{"type":"keyDown","value":""},{"type":"pause","duration":10},{"type":"keyUp","value":""}]}]}
RESULT: {"actions":[{"id":"action68","type":"key","parameters":{},"actions":[{"type":"keyDown","value":""},{"type":"pause","duration":10},{"type":"keyUp","value":""}]}]}
COMMAND: GET /session/86ebb79c72de266112eececc171e51a0/screenshot - {}
RESULT: {}
COMMAND: POST /session/86ebb79c72de266112eececc171e51a0/execute/async - {"script":"<script> [1562 bytes]","args":[{"selector":{"id":"application-manageconditionprice-display-component---conditions--smartFilterBar-filterItemControl_BASIC-BILL_TYPES-vhi"},"wdio_ui5_key":"applicationmanageconditionprice-display-component---conditions--smartFilterBar-filterItemControl_BASIC-BILL_TYPES-vhi"}]}
RESULT: {"script":"<script> [1562 bytes]","args":[{"selector":{"id":"application-manageconditionprice-display-component---conditions--smartFilterBar-filterItemControl_BASIC-BILL_TYPES-vhi"},"wdio_ui5_key":"applicationmanageconditionprice-display-component---conditions--smartFilterBar-filterItemControl_BASIC-BILL_TYPES-vhi"}]}
RESULT: undefined
COMMAND: POST /session/86ebb79c72de266112eececc171e51a0/element - {"using":"xpath","value":"//*[@id=\"application-manageconditionprice-display-component---conditions--smartFilterBar-filterItemControl_BASIC-BILL_TYPES-vhi\"]"}
RESULT: {"using":"xpath","value":"//*[@id=\"application-manageconditionprice-display-component---conditions--smartFilterBar-filterItemControl_BASIC-BILL_TYPES-vhi\"]"}
COMMAND: POST /session/86ebb79c72de266112eececc171e51a0/element/f.A17C675D496C198C40B93A37572AC0F9.d.9400F294C026A358B51ACCD83D9248EA.e.17650/click - {}
RESULT: {}
COMMAND: POST /session/86ebb79c72de266112eececc171e51a0/execute/async - {"script":"<script> [1562 bytes]","args":[{"selector":{"id":"application-manageconditionprice-display-component---conditions--smartFilterBar-filterItemControl_BASIC-BILL_TYPES-valueHelpDialog-smartFilterBar-btnBasicSearch","searchOpenDialogs":true,"interaction":{"idSuffix":"I"}},"wdio_ui5_key":"applicationmanageconditionprice-display-component---conditions--smartFilterBar-filterItemControl_BASIC-BILL_TYPES-valueHelpDialog-smartFilterBar-btnBasicSearch"}]}
COMMAND: GET /session/86ebb79c72de266112eececc171e51a0/screenshot - {}
RESULT: {"script":"<script> [1562 bytes]","args":[{"selector":{"id":"application-manageconditionprice-display-component---conditions--smartFilterBar-filterItemControl_BASIC-BILL_TYPES-valueHelpDialog-smartFilterBar-btnBasicSearch","searchOpenDialogs":true,"interaction":{"idSuffix":"I"}},"wdio_ui5_key":"applicationmanageconditionprice-display-component---conditions--smartFilterBar-filterItemControl_BASIC-BILL_TYPES-valueHelpDialog-smartFilterBar-btnBasicSearch"}]}
RESULT: undefined
COMMAND: POST /session/86ebb79c72de266112eececc171e51a0/execute/async - {"script":"<script> [776 bytes]","args":[{"enterText":"TB","selector":{"id":"application-manageconditionprice-display-component---conditions--smartFilterBar-filterItemControl_BASIC-BILL_TYPES-valueHelpDialog-smartFilterBar-btnBasicSearch","searchOpenDialogs":true,"interaction":{"idSuffix":"I"}},"clearTextFirst":true,"interactionType":"ENTER_TEXT"}]}
RESULT: {}
RESULT: {"script":"<script> [776 bytes]","args":[{"enterText":"TB","selector":{"id":"application-manageconditionprice-display-component---conditions--smartFilterBar-filterItemControl_BASIC-BILL_TYPES-valueHelpDialog-smartFilterBar-btnBasicSearch","searchOpenDialogs":true,"interaction":{"idSuffix":"I"}},"clearTextFirst":true,"interactionType":"ENTER_TEXT"}]}
COMMAND: POST /session/86ebb79c72de266112eececc171e51a0/actions - {"actions":[{"id":"action69","type":"key","parameters":{},"actions":[{"type":"keyDown","value":""},{"type":"pause","duration":10},{"type":"keyUp","value":""}]}]}
RESULT: {"actions":[{"id":"action69","type":"key","parameters":{},"actions":[{"type":"keyDown","value":""},{"type":"pause","duration":10},{"type":"keyUp","value":""}]}]}
COMMAND: GET /session/86ebb79c72de266112eececc171e51a0/screenshot - {}
RESULT: {}
COMMAND: POST /session/86ebb79c72de266112eececc171e51a0/element - {"using":"xpath","value":"//div[contains(@id, 'application-manageconditionprice-display-component---conditions--smartFilterBar-filterItemControl_BASIC-BILL_TYPES-valueHelpDialog-table-rowsel0')]"}
RESULT: {"using":"xpath","value":"//div[contains(@id, 'application-manageconditionprice-display-component---conditions--smartFilterBar-filterItemControl_BASIC-BILL_TYPES-valueHelpDialog-table-rowsel0')]"}
COMMAND: POST /session/86ebb79c72de266112eececc171e51a0/element/f.A17C675D496C198C40B93A37572AC0F9.d.9400F294C026A358B51ACCD83D9248EA.e.17660/click - {}
RESULT: {}
COMMAND: GET /session/86ebb79c72de266112eececc171e51a0/screenshot - {}
RESULT: {}
COMMAND: POST /session/86ebb79c72de266112eececc171e51a0/element - {"using":"xpath","value":"//bdi[contains(text(), \"OK\")]"}
RESULT: {"using":"xpath","value":"//bdi[contains(text(), \"OK\")]"}
COMMAND: POST /session/86ebb79c72de266112eececc171e51a0/element/f.A17C675D496C198C40B93A37572AC0F9.d.9400F294C026A358B51ACCD83D9248EA.e.17662/click - {}
RESULT: {}
COMMAND: GET /session/86ebb79c72de266112eececc171e51a0/screenshot - {}
RESULT: {}
COMMAND: POST /session/86ebb79c72de266112eececc171e51a0/element - {"using":"xpath","value":"//span[@id=\"application-manageconditionprice-display-component---conditions--smartTable-header-inner\"]"}
RESULT: {"using":"xpath","value":"//span[@id=\"application-manageconditionprice-display-component---conditions--smartTable-header-inner\"]"}
COMMAND: POST /session/86ebb79c72de266112eececc171e51a0/elements - {"using":"xpath","value":"//span[@id=\"application-manageconditionprice-display-component---conditions--smartTable-header-inner\"]"}
RESULT: {"using":"xpath","value":"//span[@id=\"application-manageconditionprice-display-component---conditions--smartTable-header-inner\"]"}
COMMAND: POST /session/86ebb79c72de266112eececc171e51a0/execute/sync - {"script":"<script> [56 bytes]","args":[{"element-6066-11e4-a52e-4f735466cecf":"f.A17C675D496C198C40B93A37572AC0F9.d.9400F294C026A358B51ACCD83D9248EA.e.17665","ELEMENT":"f.A17C675D496C198C40B93A37572AC0F9.d.9400F294C026A358B51ACCD83D9248EA.e.17665"}]}
RESULT: {"script":"<script> [56 bytes]","args":[{"element-6066-11e4-a52e-4f735466cecf":"f.A17C675D496C198C40B93A37572AC0F9.d.9400F294C026A358B51ACCD83D9248EA.e.17665","ELEMENT":"f.A17C675D496C198C40B93A37572AC0F9.d.9400F294C026A358B51ACCD83D9248EA.e.17665"}]}
COMMAND: POST /session/86ebb79c72de266112eececc171e51a0/element - {"using":"css selector","value":"#shell-header-logo"}
COMMAND: GET /session/86ebb79c72de266112eececc171e51a0/screenshot - {}
RESULT: {"using":"css selector","value":"#shell-header-logo"}
COMMAND: POST /session/86ebb79c72de266112eececc171e51a0/element/f.A17C675D496C198C40B93A37572AC0F9.d.9400F294C026A358B51ACCD83D9248EA.e.17295/click - {}
RESULT: {}
RESULT: {}
COMMAND: GET /session/86ebb79c72de266112eececc171e51a0/screenshot - {}
RESULT: {}
]]></system-out>
    </testcase>
    <testcase classname="chrome.136_0_7103_93.windows.Create_Reverse_Billing_US127248" name="Should do a stock increase handover" time="96.334">
      <system-out><![CDATA[
COMMAND: POST /session/86ebb79c72de266112eececc171e51a0/execute/async - {"script":"<script> [1562 bytes]","args":[{"selector":{"controlType":"sap.m.GenericTile","properties":{"header":"Manage Handovers"}},"wdio_ui5_key":"sapm.GenericTile{\"header\":\"Manage Handovers\"}"}]}
RESULT: {"script":"<script> [1562 bytes]","args":[{"selector":{"controlType":"sap.m.GenericTile","properties":{"header":"Manage Handovers"}},"wdio_ui5_key":"sapm.GenericTile{\"header\":\"Manage Handovers\"}"}]}
RESULT: undefined
COMMAND: POST /session/86ebb79c72de266112eececc171e51a0/element - {"using":"xpath","value":"//*[@id=\"__tile132\"]"}
RESULT: {"using":"xpath","value":"//*[@id=\"__tile132\"]"}
COMMAND: POST /session/86ebb79c72de266112eececc171e51a0/element/f.A17C675D496C198C40B93A37572AC0F9.d.9400F294C026A358B51ACCD83D9248EA.e.16366/click - {}
RESULT: {}
COMMAND: GET /session/86ebb79c72de266112eececc171e51a0/screenshot - {}
RESULT: {}
COMMAND: POST /session/86ebb79c72de266112eececc171e51a0/elements - {"using":"xpath","value":"//span[text()='Error']"}
RESULT: {"using":"xpath","value":"//span[text()='Error']"}
COMMAND: POST /session/86ebb79c72de266112eececc171e51a0/element - {"using":"xpath","value":"//button[@data-kt=\"masterHOAddButton\"]"}
RESULT: {"using":"xpath","value":"//button[@data-kt=\"masterHOAddButton\"]"}
COMMAND: POST /session/86ebb79c72de266112eececc171e51a0/elements - {"using":"xpath","value":"//button[@data-kt=\"masterHOAddButton\"]"}
RESULT: {"using":"xpath","value":"//button[@data-kt=\"masterHOAddButton\"]"}
COMMAND: POST /session/86ebb79c72de266112eececc171e51a0/execute/sync - {"script":"<script> [8489 bytes]","args":[{"element-6066-11e4-a52e-4f735466cecf":"f.A17C675D496C198C40B93A37572AC0F9.d.9400F294C026A358B51ACCD83D9248EA.e.17699","ELEMENT":"f.A17C675D496C198C40B93A37572AC0F9.d.9400F294C026A358B51ACCD83D9248EA.e.17699"}]}
RESULT: {"script":"<script> [8489 bytes]","args":[{"element-6066-11e4-a52e-4f735466cecf":"f.A17C675D496C198C40B93A37572AC0F9.d.9400F294C026A358B51ACCD83D9248EA.e.17699","ELEMENT":"f.A17C675D496C198C40B93A37572AC0F9.d.9400F294C026A358B51ACCD83D9248EA.e.17699"}]}
COMMAND: GET /session/86ebb79c72de266112eececc171e51a0/element/f.A17C675D496C198C40B93A37572AC0F9.d.9400F294C026A358B51ACCD83D9248EA.e.17699/enabled - {}
COMMAND: GET /session/86ebb79c72de266112eececc171e51a0/screenshot - {}
RESULT: {}
COMMAND: POST /session/86ebb79c72de266112eececc171e51a0/execute/sync - {"script":"<script> [8489 bytes]","args":[{"element-6066-11e4-a52e-4f735466cecf":"f.A17C675D496C198C40B93A37572AC0F9.d.9400F294C026A358B51ACCD83D9248EA.e.17699","ELEMENT":"f.A17C675D496C198C40B93A37572AC0F9.d.9400F294C026A358B51ACCD83D9248EA.e.17699"}]}
COMMAND: GET /session/86ebb79c72de266112eececc171e51a0/screenshot - {}
RESULT: {}
RESULT: {}
RESULT: {"script":"<script> [8489 bytes]","args":[{"element-6066-11e4-a52e-4f735466cecf":"f.A17C675D496C198C40B93A37572AC0F9.d.9400F294C026A358B51ACCD83D9248EA.e.17699","ELEMENT":"f.A17C675D496C198C40B93A37572AC0F9.d.9400F294C026A358B51ACCD83D9248EA.e.17699"}]}
COMMAND: POST /session/86ebb79c72de266112eececc171e51a0/execute/sync - {"script":"<script> [5351 bytes]","args":[{"element-6066-11e4-a52e-4f735466cecf":"f.A17C675D496C198C40B93A37572AC0F9.d.9400F294C026A358B51ACCD83D9248EA.e.17699","ELEMENT":"f.A17C675D496C198C40B93A37572AC0F9.d.9400F294C026A358B51ACCD83D9248EA.e.17699"}]}
COMMAND: GET /session/86ebb79c72de266112eececc171e51a0/screenshot - {}
RESULT: {"script":"<script> [5351 bytes]","args":[{"element-6066-11e4-a52e-4f735466cecf":"f.A17C675D496C198C40B93A37572AC0F9.d.9400F294C026A358B51ACCD83D9248EA.e.17699","ELEMENT":"f.A17C675D496C198C40B93A37572AC0F9.d.9400F294C026A358B51ACCD83D9248EA.e.17699"}]}
COMMAND: POST /session/86ebb79c72de266112eececc171e51a0/element/f.A17C675D496C198C40B93A37572AC0F9.d.9400F294C026A358B51ACCD83D9248EA.e.17699/click - {}
COMMAND: GET /session/86ebb79c72de266112eececc171e51a0/screenshot - {}
RESULT: {}
RESULT: {}
COMMAND: GET /session/86ebb79c72de266112eececc171e51a0/screenshot - {}
RESULT: {}
COMMAND: POST /session/86ebb79c72de266112eececc171e51a0/element - {"using":"xpath","value":"//span[contains(@id ,\"AddNewHO--typeSelect-arrow\")]"}
RESULT: {}
RESULT: {"using":"xpath","value":"//span[contains(@id ,\"AddNewHO--typeSelect-arrow\")]"}
COMMAND: POST /session/86ebb79c72de266112eececc171e51a0/element/f.A17C675D496C198C40B93A37572AC0F9.d.9400F294C026A358B51ACCD83D9248EA.e.18064/click - {}
RESULT: {}
COMMAND: GET /session/86ebb79c72de266112eececc171e51a0/screenshot - {}
RESULT: {}
COMMAND: POST /session/86ebb79c72de266112eececc171e51a0/element - {"using":"xpath","value":"(//li[contains(text(), \"stock increase yard\")])[1]"}
RESULT: {"using":"xpath","value":"(//li[contains(text(), \"stock increase yard\")])[1]"}
COMMAND: POST /session/86ebb79c72de266112eececc171e51a0/element/f.A17C675D496C198C40B93A37572AC0F9.d.9400F294C026A358B51ACCD83D9248EA.e.18065/click - {}
RESULT: {}
COMMAND: GET /session/86ebb79c72de266112eececc171e51a0/screenshot - {}
RESULT: {}
COMMAND: POST /session/86ebb79c72de266112eececc171e51a0/execute/async - {"script":"<script> [1562 bytes]","args":[{"selector":{"id":"application-managehandovers-display-component---AddNewHO--dueDate","interaction":{"idSuffix":"inner"}},"wdio_ui5_key":"applicationmanagehandovers-display-component---AddNewHO--dueDate"}]}
RESULT: {"script":"<script> [1562 bytes]","args":[{"selector":{"id":"application-managehandovers-display-component---AddNewHO--dueDate","interaction":{"idSuffix":"inner"}},"wdio_ui5_key":"applicationmanagehandovers-display-component---AddNewHO--dueDate"}]}
RESULT: undefined
COMMAND: POST /session/86ebb79c72de266112eececc171e51a0/execute/async - {"script":"<script> [6424 bytes]","args":[{"element-6066-11e4-a52e-4f735466cecf":"f.A17C675D496C198C40B93A37572AC0F9.d.9400F294C026A358B51ACCD83D9248EA.e.18067"},"setValue",["5/21/25"]]}
RESULT: {"script":"<script> [6424 bytes]","args":[{"element-6066-11e4-a52e-4f735466cecf":"f.A17C675D496C198C40B93A37572AC0F9.d.9400F294C026A358B51ACCD83D9248EA.e.18067"},"setValue",["5/21/25"]]}
COMMAND: POST /session/86ebb79c72de266112eececc171e51a0/element - {"using":"xpath","value":"//input[@id=\"generalSectionFrg--receiveYard-inner\"]"}
RESULT: {"using":"xpath","value":"//input[@id=\"generalSectionFrg--receiveYard-inner\"]"}
COMMAND: POST /session/86ebb79c72de266112eececc171e51a0/element/f.A17C675D496C198C40B93A37572AC0F9.d.9400F294C026A358B51ACCD83D9248EA.e.18071/clear - {}
RESULT: {}
COMMAND: POST /session/86ebb79c72de266112eececc171e51a0/element/f.A17C675D496C198C40B93A37572AC0F9.d.9400F294C026A358B51ACCD83D9248EA.e.18071/value - {"text":"644"}
COMMAND: GET /session/86ebb79c72de266112eececc171e51a0/screenshot - {}
RESULT: {"text":"644"}
COMMAND: GET /session/86ebb79c72de266112eececc171e51a0/screenshot - {}
RESULT: {}
RESULT: {}
COMMAND: POST /session/86ebb79c72de266112eececc171e51a0/element - {"using":"xpath","value":"//li[.//span[text()='644']]"}
RESULT: {"using":"xpath","value":"//li[.//span[text()='644']]"}
COMMAND: POST /session/86ebb79c72de266112eececc171e51a0/element/f.A17C675D496C198C40B93A37572AC0F9.d.9400F294C026A358B51ACCD83D9248EA.e.18089/click - {}
RESULT: {}
COMMAND: GET /session/86ebb79c72de266112eececc171e51a0/screenshot - {}
RESULT: {}
COMMAND: POST /session/86ebb79c72de266112eececc171e51a0/execute/async - {"script":"<script> [1562 bytes]","args":[{"selector":{"id":"application-managehandovers-display-component---AddNewHO--ObjectPageLayout-anchBar-application-managehandovers-display-component---AddNewHO--section4-anchor","interaction":{"idSuffix":"BDI-content"}},"wdio_ui5_key":"applicationmanagehandovers-display-component---AddNewHO--ObjectPageLayout-anchBar-application-managehandovers-display-component---AddNewHO--section4-anchor"}]}
RESULT: {"script":"<script> [1562 bytes]","args":[{"selector":{"id":"application-managehandovers-display-component---AddNewHO--ObjectPageLayout-anchBar-application-managehandovers-display-component---AddNewHO--section4-anchor","interaction":{"idSuffix":"BDI-content"}},"wdio_ui5_key":"applicationmanagehandovers-display-component---AddNewHO--ObjectPageLayout-anchBar-application-managehandovers-display-component---AddNewHO--section4-anchor"}]}
RESULT: undefined
COMMAND: POST /session/86ebb79c72de266112eececc171e51a0/element - {"using":"xpath","value":"//*[@id=\"application-managehandovers-display-component---AddNewHO--ObjectPageLayout-anchBar-application-managehandovers-display-component---AddNewHO--section4-anchor\"]"}
RESULT: {"using":"xpath","value":"//*[@id=\"application-managehandovers-display-component---AddNewHO--ObjectPageLayout-anchBar-application-managehandovers-display-component---AddNewHO--section4-anchor\"]"}
COMMAND: POST /session/86ebb79c72de266112eececc171e51a0/element/f.A17C675D496C198C40B93A37572AC0F9.d.9400F294C026A358B51ACCD83D9248EA.e.18091/click - {}
RESULT: {}
COMMAND: POST /session/86ebb79c72de266112eececc171e51a0/element - {"using":"xpath","value":"//button[@aria-label=\"Add\"]"}
COMMAND: GET /session/86ebb79c72de266112eececc171e51a0/screenshot - {}
RESULT: {"using":"xpath","value":"//button[@aria-label=\"Add\"]"}
COMMAND: POST /session/86ebb79c72de266112eececc171e51a0/element/f.A17C675D496C198C40B93A37572AC0F9.d.9400F294C026A358B51ACCD83D9248EA.e.18094/click - {}
RESULT: {}
RESULT: {}
COMMAND: GET /session/86ebb79c72de266112eececc171e51a0/screenshot - {}
RESULT: {}
COMMAND: POST /session/86ebb79c72de266112eececc171e51a0/execute/async - {"script":"<script> [1562 bytes]","args":[{"selector":{"id":"application-managehandovers-display-component---AddNewHO--smartFilterBar-btnBasicSearch","searchOpenDialogs":true,"interaction":{"idSuffix":"I"}},"wdio_ui5_key":"applicationmanagehandovers-display-component---AddNewHO--smartFilterBar-btnBasicSearch"}]}
RESULT: {"script":"<script> [1562 bytes]","args":[{"selector":{"id":"application-managehandovers-display-component---AddNewHO--smartFilterBar-btnBasicSearch","searchOpenDialogs":true,"interaction":{"idSuffix":"I"}},"wdio_ui5_key":"applicationmanagehandovers-display-component---AddNewHO--smartFilterBar-btnBasicSearch"}]}
RESULT: undefined
COMMAND: POST /session/86ebb79c72de266112eececc171e51a0/execute/async - {"script":"<script> [776 bytes]","args":[{"enterText":"HpkEIlfIcX","selector":{"id":"application-managehandovers-display-component---AddNewHO--smartFilterBar-btnBasicSearch","searchOpenDialogs":true,"interaction":{"idSuffix":"I"}},"clearTextFirst":true,"interactionType":"ENTER_TEXT"}]}
RESULT: {"script":"<script> [776 bytes]","args":[{"enterText":"HpkEIlfIcX","selector":{"id":"application-managehandovers-display-component---AddNewHO--smartFilterBar-btnBasicSearch","searchOpenDialogs":true,"interaction":{"idSuffix":"I"}},"clearTextFirst":true,"interactionType":"ENTER_TEXT"}]}
COMMAND: POST /session/86ebb79c72de266112eececc171e51a0/actions - {"actions":[{"id":"action70","type":"key","parameters":{},"actions":[{"type":"keyDown","value":""},{"type":"pause","duration":10},{"type":"keyUp","value":""}]}]}
RESULT: {"actions":[{"id":"action70","type":"key","parameters":{},"actions":[{"type":"keyDown","value":""},{"type":"pause","duration":10},{"type":"keyUp","value":""}]}]}
COMMAND: GET /session/86ebb79c72de266112eececc171e51a0/screenshot - {}
COMMAND: POST /session/86ebb79c72de266112eececc171e51a0/execute/async - {"script":"<script> [1562 bytes]","args":[{"selector":{"id":"application-managehandovers-display-component---AddNewHO--popup-sa","searchOpenDialogs":true,"interaction":{"idSuffix":"CbBg"}},"wdio_ui5_key":"applicationmanagehandovers-display-component---AddNewHO--popup-sa"}]}
RESULT: {}
RESULT: {"script":"<script> [1562 bytes]","args":[{"selector":{"id":"application-managehandovers-display-component---AddNewHO--popup-sa","searchOpenDialogs":true,"interaction":{"idSuffix":"CbBg"}},"wdio_ui5_key":"applicationmanagehandovers-display-component---AddNewHO--popup-sa"}]}
RESULT: undefined
COMMAND: POST /session/86ebb79c72de266112eececc171e51a0/element - {"using":"xpath","value":"//*[@id=\"application-managehandovers-display-component---AddNewHO--popup-sa\"]"}
RESULT: {"using":"xpath","value":"//*[@id=\"application-managehandovers-display-component---AddNewHO--popup-sa\"]"}
COMMAND: POST /session/86ebb79c72de266112eececc171e51a0/element/f.A17C675D496C198C40B93A37572AC0F9.d.9400F294C026A358B51ACCD83D9248EA.e.18246/click - {}
RESULT: {}
COMMAND: GET /session/86ebb79c72de266112eececc171e51a0/screenshot - {}
RESULT: {}
COMMAND: POST /session/86ebb79c72de266112eececc171e51a0/element - {"using":"xpath","value":"//bdi[contains(text(), \"Select\")]"}
RESULT: {"using":"xpath","value":"//bdi[contains(text(), \"Select\")]"}
COMMAND: POST /session/86ebb79c72de266112eececc171e51a0/element/f.A17C675D496C198C40B93A37572AC0F9.d.9400F294C026A358B51ACCD83D9248EA.e.18247/click - {}
RESULT: {}
COMMAND: GET /session/86ebb79c72de266112eececc171e51a0/screenshot - {}
RESULT: {}
COMMAND: POST /session/86ebb79c72de266112eececc171e51a0/element - {"using":"xpath","value":"//button[@data-kt=\"AddNewHOSaveButton\"]"}
RESULT: {"using":"xpath","value":"//button[@data-kt=\"AddNewHOSaveButton\"]"}
COMMAND: POST /session/86ebb79c72de266112eececc171e51a0/element/f.A17C675D496C198C40B93A37572AC0F9.d.9400F294C026A358B51ACCD83D9248EA.e.18251/click - {}
RESULT: {}
COMMAND: GET /session/86ebb79c72de266112eececc171e51a0/screenshot - {}
RESULT: {}
COMMAND: POST /session/86ebb79c72de266112eececc171e51a0/execute/async - {"script":"<script> [1562 bytes]","args":[{"selector":{"id":"receiptDatePicker","viewName":"etm.portal.ui.managehandovers.view.DetailExecuteHO","interaction":{"idSuffix":"inner"}},"wdio_ui5_key":"receiptDatePickeretmportal.ui.managehandovers.view.DetailExecuteHO"}]}
RESULT: {"script":"<script> [1562 bytes]","args":[{"selector":{"id":"receiptDatePicker","viewName":"etm.portal.ui.managehandovers.view.DetailExecuteHO","interaction":{"idSuffix":"inner"}},"wdio_ui5_key":"receiptDatePickeretmportal.ui.managehandovers.view.DetailExecuteHO"}]}
RESULT: undefined
COMMAND: POST /session/86ebb79c72de266112eececc171e51a0/execute/async - {"script":"<script> [6424 bytes]","args":[{"element-6066-11e4-a52e-4f735466cecf":"f.A17C675D496C198C40B93A37572AC0F9.d.9400F294C026A358B51ACCD83D9248EA.e.18271"},"setValue",["5/21/25"]]}
RESULT: {"script":"<script> [6424 bytes]","args":[{"element-6066-11e4-a52e-4f735466cecf":"f.A17C675D496C198C40B93A37572AC0F9.d.9400F294C026A358B51ACCD83D9248EA.e.18271"},"setValue",["5/21/25"]]}
COMMAND: POST /session/86ebb79c72de266112eececc171e51a0/element - {"using":"xpath","value":"//button[@data-kt=\"PickingTableConfirmAllButton\"]"}
RESULT: {"using":"xpath","value":"//button[@data-kt=\"PickingTableConfirmAllButton\"]"}
COMMAND: POST /session/86ebb79c72de266112eececc171e51a0/element/f.A17C675D496C198C40B93A37572AC0F9.d.9400F294C026A358B51ACCD83D9248EA.e.18285/click - {}
RESULT: {}
COMMAND: GET /session/86ebb79c72de266112eececc171e51a0/screenshot - {}
RESULT: {}
COMMAND: POST /session/86ebb79c72de266112eececc171e51a0/element - {"using":"xpath","value":"//bdi[contains(text(), \"OK\")]"}
RESULT: {"using":"xpath","value":"//bdi[contains(text(), \"OK\")]"}
COMMAND: POST /session/86ebb79c72de266112eececc171e51a0/element/f.A17C675D496C198C40B93A37572AC0F9.d.9400F294C026A358B51ACCD83D9248EA.e.18287/click - {}
RESULT: {}
COMMAND: GET /session/86ebb79c72de266112eececc171e51a0/screenshot - {}
RESULT: {}
COMMAND: POST /session/86ebb79c72de266112eececc171e51a0/element - {"using":"xpath","value":"(//bdi[contains(text(), \"Receive\")])[2]"}
RESULT: {"using":"xpath","value":"(//bdi[contains(text(), \"Receive\")])[2]"}
COMMAND: POST /session/86ebb79c72de266112eececc171e51a0/element/f.A17C675D496C198C40B93A37572AC0F9.d.9400F294C026A358B51ACCD83D9248EA.e.18289/click - {}
RESULT: {}
COMMAND: GET /session/86ebb79c72de266112eececc171e51a0/screenshot - {}
RESULT: {}
COMMAND: POST /session/86ebb79c72de266112eececc171e51a0/element - {"using":"css selector","value":"#shell-header-logo"}
RESULT: {"using":"css selector","value":"#shell-header-logo"}
COMMAND: POST /session/86ebb79c72de266112eececc171e51a0/element/f.A17C675D496C198C40B93A37572AC0F9.d.9400F294C026A358B51ACCD83D9248EA.e.17671/click - {}
RESULT: {}
COMMAND: GET /session/86ebb79c72de266112eececc171e51a0/screenshot - {}
RESULT: {}
]]></system-out>
    </testcase>
    <testcase classname="chrome.136_0_7103_93.windows.Create_Reverse_Billing_US127248" name="Should create a new contract" time="67.96">
      <system-out><![CDATA[
COMMAND: POST /session/86ebb79c72de266112eececc171e51a0/execute/async - {"script":"<script> [1562 bytes]","args":[{"selector":{"controlType":"sap.m.GenericTile","properties":{"header":"Manage Contracts"}},"wdio_ui5_key":"sapm.GenericTile{\"header\":\"Manage Contracts\"}"}]}
RESULT: {"script":"<script> [1562 bytes]","args":[{"selector":{"controlType":"sap.m.GenericTile","properties":{"header":"Manage Contracts"}},"wdio_ui5_key":"sapm.GenericTile{\"header\":\"Manage Contracts\"}"}]}
RESULT: undefined
COMMAND: POST /session/86ebb79c72de266112eececc171e51a0/element - {"using":"xpath","value":"//*[@id=\"__tile130\"]"}
RESULT: {"using":"xpath","value":"//*[@id=\"__tile130\"]"}
COMMAND: POST /session/86ebb79c72de266112eececc171e51a0/element/f.A17C675D496C198C40B93A37572AC0F9.d.9400F294C026A358B51ACCD83D9248EA.e.16297/click - {}
RESULT: {}
COMMAND: GET /session/86ebb79c72de266112eececc171e51a0/screenshot - {}
RESULT: {}
COMMAND: POST /session/86ebb79c72de266112eececc171e51a0/elements - {"using":"xpath","value":"//span[text()='Error']"}
RESULT: {"using":"xpath","value":"//span[text()='Error']"}
COMMAND: POST /session/86ebb79c72de266112eececc171e51a0/element - {"using":"xpath","value":"//button[@data-kt=\"addButton\"]"}
RESULT: {"using":"xpath","value":"//button[@data-kt=\"addButton\"]"}
COMMAND: POST /session/86ebb79c72de266112eececc171e51a0/elements - {"using":"xpath","value":"//button[@data-kt=\"addButton\"]"}
RESULT: {"using":"xpath","value":"//button[@data-kt=\"addButton\"]"}
COMMAND: POST /session/86ebb79c72de266112eececc171e51a0/execute/sync - {"script":"<script> [8489 bytes]","args":[{"element-6066-11e4-a52e-4f735466cecf":"f.A17C675D496C198C40B93A37572AC0F9.d.9400F294C026A358B51ACCD83D9248EA.e.18499","ELEMENT":"f.A17C675D496C198C40B93A37572AC0F9.d.9400F294C026A358B51ACCD83D9248EA.e.18499"}]}
RESULT: {"script":"<script> [8489 bytes]","args":[{"element-6066-11e4-a52e-4f735466cecf":"f.A17C675D496C198C40B93A37572AC0F9.d.9400F294C026A358B51ACCD83D9248EA.e.18499","ELEMENT":"f.A17C675D496C198C40B93A37572AC0F9.d.9400F294C026A358B51ACCD83D9248EA.e.18499"}]}
COMMAND: GET /session/86ebb79c72de266112eececc171e51a0/element/f.A17C675D496C198C40B93A37572AC0F9.d.9400F294C026A358B51ACCD83D9248EA.e.18499/enabled - {}
COMMAND: GET /session/86ebb79c72de266112eececc171e51a0/screenshot - {}
RESULT: {}
COMMAND: POST /session/86ebb79c72de266112eececc171e51a0/execute/sync - {"script":"<script> [8489 bytes]","args":[{"element-6066-11e4-a52e-4f735466cecf":"f.A17C675D496C198C40B93A37572AC0F9.d.9400F294C026A358B51ACCD83D9248EA.e.18499","ELEMENT":"f.A17C675D496C198C40B93A37572AC0F9.d.9400F294C026A358B51ACCD83D9248EA.e.18499"}]}
COMMAND: GET /session/86ebb79c72de266112eececc171e51a0/screenshot - {}
RESULT: {}
RESULT: {"script":"<script> [8489 bytes]","args":[{"element-6066-11e4-a52e-4f735466cecf":"f.A17C675D496C198C40B93A37572AC0F9.d.9400F294C026A358B51ACCD83D9248EA.e.18499","ELEMENT":"f.A17C675D496C198C40B93A37572AC0F9.d.9400F294C026A358B51ACCD83D9248EA.e.18499"}]}
COMMAND: POST /session/86ebb79c72de266112eececc171e51a0/execute/sync - {"script":"<script> [5351 bytes]","args":[{"element-6066-11e4-a52e-4f735466cecf":"f.A17C675D496C198C40B93A37572AC0F9.d.9400F294C026A358B51ACCD83D9248EA.e.18499","ELEMENT":"f.A17C675D496C198C40B93A37572AC0F9.d.9400F294C026A358B51ACCD83D9248EA.e.18499"}]}
COMMAND: GET /session/86ebb79c72de266112eececc171e51a0/screenshot - {}
RESULT: {}
RESULT: {"script":"<script> [5351 bytes]","args":[{"element-6066-11e4-a52e-4f735466cecf":"f.A17C675D496C198C40B93A37572AC0F9.d.9400F294C026A358B51ACCD83D9248EA.e.18499","ELEMENT":"f.A17C675D496C198C40B93A37572AC0F9.d.9400F294C026A358B51ACCD83D9248EA.e.18499"}]}
COMMAND: GET /session/86ebb79c72de266112eececc171e51a0/screenshot - {}
RESULT: {}
RESULT: {}
COMMAND: POST /session/86ebb79c72de266112eececc171e51a0/element/f.A17C675D496C198C40B93A37572AC0F9.d.9400F294C026A358B51ACCD83D9248EA.e.18499/click - {}
RESULT: {}
COMMAND: GET /session/86ebb79c72de266112eececc171e51a0/screenshot - {}
COMMAND: POST /session/86ebb79c72de266112eececc171e51a0/execute/async - {"script":"<script> [1562 bytes]","args":[{"selector":{"id":"application-managecontracts-display-component---AddNewContract--projectDescription","interaction":{"idSuffix":"inner"}},"wdio_ui5_key":"applicationmanagecontracts-display-component---AddNewContract--projectDescription"}]}
RESULT: {}
RESULT: {"script":"<script> [1562 bytes]","args":[{"selector":{"id":"application-managecontracts-display-component---AddNewContract--projectDescription","interaction":{"idSuffix":"inner"}},"wdio_ui5_key":"applicationmanagecontracts-display-component---AddNewContract--projectDescription"}]}
RESULT: undefined
COMMAND: POST /session/86ebb79c72de266112eececc171e51a0/execute/async - {"script":"<script> [776 bytes]","args":[{"enterText":"Contract WDIO","selector":{"id":"application-managecontracts-display-component---AddNewContract--projectDescription","interaction":{"idSuffix":"inner"}},"clearTextFirst":true,"interactionType":"ENTER_TEXT"}]}
RESULT: {"script":"<script> [776 bytes]","args":[{"enterText":"Contract WDIO","selector":{"id":"application-managecontracts-display-component---AddNewContract--projectDescription","interaction":{"idSuffix":"inner"}},"clearTextFirst":true,"interactionType":"ENTER_TEXT"}]}
COMMAND: POST /session/86ebb79c72de266112eececc171e51a0/element - {"using":"xpath","value":"//input[@id=\"application-managecontracts-display-component---AddNewContract--site-inner\"]"}
RESULT: {"using":"xpath","value":"//input[@id=\"application-managecontracts-display-component---AddNewContract--site-inner\"]"}
COMMAND: POST /session/86ebb79c72de266112eececc171e51a0/element/f.A17C675D496C198C40B93A37572AC0F9.d.9400F294C026A358B51ACCD83D9248EA.e.18863/clear - {}
RESULT: {}
COMMAND: POST /session/86ebb79c72de266112eececc171e51a0/element/f.A17C675D496C198C40B93A37572AC0F9.d.9400F294C026A358B51ACCD83D9248EA.e.18863/value - {"text":"2343"}
COMMAND: GET /session/86ebb79c72de266112eececc171e51a0/screenshot - {}
RESULT: {"text":"2343"}
COMMAND: GET /session/86ebb79c72de266112eececc171e51a0/screenshot - {}
RESULT: {}
RESULT: {}
COMMAND: POST /session/86ebb79c72de266112eececc171e51a0/element - {"using":"xpath","value":"//li[.//span[text()='2343']]"}
RESULT: {"using":"xpath","value":"//li[.//span[text()='2343']]"}
COMMAND: POST /session/86ebb79c72de266112eececc171e51a0/element/f.A17C675D496C198C40B93A37572AC0F9.d.9400F294C026A358B51ACCD83D9248EA.e.18901/click - {}
RESULT: {}
COMMAND: GET /session/86ebb79c72de266112eececc171e51a0/screenshot - {}
RESULT: {}
COMMAND: POST /session/86ebb79c72de266112eececc171e51a0/element - {"using":"xpath","value":"//input[@id=\"application-managecontracts-display-component---AddNewContract--yardId-inner\"]"}
RESULT: {"using":"xpath","value":"//input[@id=\"application-managecontracts-display-component---AddNewContract--yardId-inner\"]"}
COMMAND: GET /session/86ebb79c72de266112eececc171e51a0/element/f.A17C675D496C198C40B93A37572AC0F9.d.9400F294C026A358B51ACCD83D9248EA.e.18864/property/value - {}
RESULT: {}
COMMAND: POST /session/86ebb79c72de266112eececc171e51a0/element - {"using":"xpath","value":"//input[@id=\"application-managecontracts-display-component---AddNewContract--customerSelect-inner\"]"}
COMMAND: GET /session/86ebb79c72de266112eececc171e51a0/screenshot - {}
RESULT: {"using":"xpath","value":"//input[@id=\"application-managecontracts-display-component---AddNewContract--customerSelect-inner\"]"}
COMMAND: POST /session/86ebb79c72de266112eececc171e51a0/element/f.A17C675D496C198C40B93A37572AC0F9.d.9400F294C026A358B51ACCD83D9248EA.e.18862/clear - {}
RESULT: {}
RESULT: {}
COMMAND: POST /session/86ebb79c72de266112eececc171e51a0/element/f.A17C675D496C198C40B93A37572AC0F9.d.9400F294C026A358B51ACCD83D9248EA.e.18862/value - {"text":"1410"}
COMMAND: GET /session/86ebb79c72de266112eececc171e51a0/screenshot - {}
RESULT: {"text":"1410"}
COMMAND: GET /session/86ebb79c72de266112eececc171e51a0/screenshot - {}
RESULT: {}
RESULT: {}
COMMAND: POST /session/86ebb79c72de266112eececc171e51a0/element - {"using":"xpath","value":"//li[.//span[text()='1410']]"}
RESULT: {"using":"xpath","value":"//li[.//span[text()='1410']]"}
COMMAND: POST /session/86ebb79c72de266112eececc171e51a0/element/f.A17C675D496C198C40B93A37572AC0F9.d.9400F294C026A358B51ACCD83D9248EA.e.18904/click - {}
RESULT: {}
COMMAND: GET /session/86ebb79c72de266112eececc171e51a0/screenshot - {}
RESULT: {}
COMMAND: POST /session/86ebb79c72de266112eececc171e51a0/element - {"using":"xpath","value":"//button[@data-kt=\"saveButton\"]"}
RESULT: {"using":"xpath","value":"//button[@data-kt=\"saveButton\"]"}
COMMAND: POST /session/86ebb79c72de266112eececc171e51a0/element/f.A17C675D496C198C40B93A37572AC0F9.d.9400F294C026A358B51ACCD83D9248EA.e.18905/click - {}
RESULT: {}
COMMAND: GET /session/86ebb79c72de266112eececc171e51a0/screenshot - {}
RESULT: {}
COMMAND: POST /session/86ebb79c72de266112eececc171e51a0/element - {"using":"xpath","value":"//span[contains(@id ,\"contractDetailTitleNoExpanded\")]"}
RESULT: {"using":"xpath","value":"//span[contains(@id ,\"contractDetailTitleNoExpanded\")]"}
COMMAND: POST /session/86ebb79c72de266112eececc171e51a0/elements - {"using":"xpath","value":"//span[contains(@id ,\"contractDetailTitleNoExpanded\")]"}
RESULT: {"using":"xpath","value":"//span[contains(@id ,\"contractDetailTitleNoExpanded\")]"}
COMMAND: POST /session/86ebb79c72de266112eececc171e51a0/execute/sync - {"script":"<script> [56 bytes]","args":[{"element-6066-11e4-a52e-4f735466cecf":"f.A17C675D496C198C40B93A37572AC0F9.d.9400F294C026A358B51ACCD83D9248EA.e.18914","ELEMENT":"f.A17C675D496C198C40B93A37572AC0F9.d.9400F294C026A358B51ACCD83D9248EA.e.18914"}]}
RESULT: {"script":"<script> [56 bytes]","args":[{"element-6066-11e4-a52e-4f735466cecf":"f.A17C675D496C198C40B93A37572AC0F9.d.9400F294C026A358B51ACCD83D9248EA.e.18914","ELEMENT":"f.A17C675D496C198C40B93A37572AC0F9.d.9400F294C026A358B51ACCD83D9248EA.e.18914"}]}
COMMAND: GET /session/86ebb79c72de266112eececc171e51a0/screenshot - {}
RESULT: {}
]]></system-out>
    </testcase>
    <testcase classname="chrome.136_0_7103_93.windows.Create_Reverse_Billing_US127248" name="Should add equipment to the contract" time="48.27">
      <system-out><![CDATA[
COMMAND: POST /session/86ebb79c72de266112eececc171e51a0/element - {"using":"xpath","value":"//button[@data-kt=\"contractDetailEditBtnButton\"]"}
RESULT: {"using":"xpath","value":"//button[@data-kt=\"contractDetailEditBtnButton\"]"}
COMMAND: POST /session/86ebb79c72de266112eececc171e51a0/element/f.A17C675D496C198C40B93A37572AC0F9.d.9400F294C026A358B51ACCD83D9248EA.e.18917/click - {}
RESULT: {}
COMMAND: GET /session/86ebb79c72de266112eececc171e51a0/screenshot - {}
RESULT: {}
COMMAND: POST /session/86ebb79c72de266112eececc171e51a0/element - {"using":"xpath","value":"(//span[contains(text(), \"Additional Addresses\")])[2]"}
RESULT: {"using":"xpath","value":"(//span[contains(text(), \"Additional Addresses\")])[2]"}
COMMAND: POST /session/86ebb79c72de266112eececc171e51a0/element/f.A17C675D496C198C40B93A37572AC0F9.d.9400F294C026A358B51ACCD83D9248EA.e.18972/click - {}
RESULT: {}
COMMAND: GET /session/86ebb79c72de266112eececc171e51a0/screenshot - {}
RESULT: {}
COMMAND: POST /session/86ebb79c72de266112eececc171e51a0/element - {"using":"xpath","value":"//button[@data-kt=\"btnAddTableRowOverflowToolbarButton\"]"}
RESULT: {"using":"xpath","value":"//button[@data-kt=\"btnAddTableRowOverflowToolbarButton\"]"}
COMMAND: POST /session/86ebb79c72de266112eececc171e51a0/element/f.A17C675D496C198C40B93A37572AC0F9.d.9400F294C026A358B51ACCD83D9248EA.e.18975/click - {}
RESULT: {}
COMMAND: GET /session/86ebb79c72de266112eececc171e51a0/screenshot - {}
RESULT: {}
COMMAND: POST /session/86ebb79c72de266112eececc171e51a0/element - {"using":"xpath","value":"//div[(text() = 'Standard Entry' or . = 'Standard Entry')]"}
RESULT: {"using":"xpath","value":"//div[(text() = 'Standard Entry' or . = 'Standard Entry')]"}
COMMAND: POST /session/86ebb79c72de266112eececc171e51a0/element/f.A17C675D496C198C40B93A37572AC0F9.d.9400F294C026A358B51ACCD83D9248EA.e.18977/click - {}
RESULT: {}
COMMAND: GET /session/86ebb79c72de266112eececc171e51a0/screenshot - {}
RESULT: {}
COMMAND: POST /session/86ebb79c72de266112eececc171e51a0/element - {"using":"xpath","value":"//td[7]/div/div/input"}
RESULT: {"using":"xpath","value":"//td[7]/div/div/input"}
COMMAND: POST /session/86ebb79c72de266112eececc171e51a0/element/f.A17C675D496C198C40B93A37572AC0F9.d.9400F294C026A358B51ACCD83D9248EA.e.18986/clear - {}
RESULT: {}
COMMAND: POST /session/86ebb79c72de266112eececc171e51a0/element/f.A17C675D496C198C40B93A37572AC0F9.d.9400F294C026A358B51ACCD83D9248EA.e.18986/value - {"text":"HpkEIlfIcX"}
COMMAND: GET /session/86ebb79c72de266112eececc171e51a0/screenshot - {}
RESULT: {"text":"HpkEIlfIcX"}
COMMAND: GET /session/86ebb79c72de266112eececc171e51a0/screenshot - {}
RESULT: {}
RESULT: {}
COMMAND: POST /session/86ebb79c72de266112eececc171e51a0/actions - {"actions":[{"id":"action71","type":"key","parameters":{},"actions":[{"type":"keyDown","value":""},{"type":"pause","duration":10},{"type":"keyUp","value":""}]}]}
RESULT: {"actions":[{"id":"action71","type":"key","parameters":{},"actions":[{"type":"keyDown","value":""},{"type":"pause","duration":10},{"type":"keyUp","value":""}]}]}
COMMAND: GET /session/86ebb79c72de266112eececc171e51a0/screenshot - {}
RESULT: {}
COMMAND: POST /session/86ebb79c72de266112eececc171e51a0/execute/sync - {"script":"<script> [276 bytes]","args":["No pricing information was found"]}
RESULT: {"script":"<script> [276 bytes]","args":["No pricing information was found"]}
COMMAND: POST /session/86ebb79c72de266112eececc171e51a0/element - {"using":"xpath","value":"(//button[@data-kt=\"saveButton\"])[2]"}
COMMAND: GET /session/86ebb79c72de266112eececc171e51a0/screenshot - {}
RESULT: {"using":"xpath","value":"(//button[@data-kt=\"saveButton\"])[2]"}
COMMAND: POST /session/86ebb79c72de266112eececc171e51a0/element/f.A17C675D496C198C40B93A37572AC0F9.d.9400F294C026A358B51ACCD83D9248EA.e.19001/click - {}
RESULT: {}
RESULT: {}
COMMAND: GET /session/86ebb79c72de266112eececc171e51a0/screenshot - {}
RESULT: {}
COMMAND: POST /session/86ebb79c72de266112eececc171e51a0/execute/sync - {"script":"<script> [276 bytes]","args":["Some contract items are having rental validity exceeding header rental validity"]}
RESULT: {"script":"<script> [276 bytes]","args":["Some contract items are having rental validity exceeding header rental validity"]}
COMMAND: GET /session/86ebb79c72de266112eececc171e51a0/screenshot - {}
RESULT: {}
COMMAND: POST /session/86ebb79c72de266112eececc171e51a0/element - {"using":"xpath","value":"//span[contains(@id ,\"contractItemsSmartTable-header-inner\")]"}
RESULT: {"using":"xpath","value":"//span[contains(@id ,\"contractItemsSmartTable-header-inner\")]"}
COMMAND: POST /session/86ebb79c72de266112eececc171e51a0/elements - {"using":"xpath","value":"//span[contains(@id ,\"contractItemsSmartTable-header-inner\")]"}
RESULT: {"using":"xpath","value":"//span[contains(@id ,\"contractItemsSmartTable-header-inner\")]"}
COMMAND: POST /session/86ebb79c72de266112eececc171e51a0/execute/sync - {"script":"<script> [56 bytes]","args":[{"element-6066-11e4-a52e-4f735466cecf":"f.A17C675D496C198C40B93A37572AC0F9.d.9400F294C026A358B51ACCD83D9248EA.e.19007","ELEMENT":"f.A17C675D496C198C40B93A37572AC0F9.d.9400F294C026A358B51ACCD83D9248EA.e.19007"}]}
RESULT: {"script":"<script> [56 bytes]","args":[{"element-6066-11e4-a52e-4f735466cecf":"f.A17C675D496C198C40B93A37572AC0F9.d.9400F294C026A358B51ACCD83D9248EA.e.19007","ELEMENT":"f.A17C675D496C198C40B93A37572AC0F9.d.9400F294C026A358B51ACCD83D9248EA.e.19007"}]}
]]></system-out>
    </testcase>
    <testcase classname="chrome.136_0_7103_93.windows.Create_Reverse_Billing_US127248" name="Should do a provide to site handover" time="69.477">
      <system-out><![CDATA[
COMMAND: GET /session/86ebb79c72de266112eececc171e51a0/screenshot - {}
COMMAND: POST /session/86ebb79c72de266112eececc171e51a0/element - {"using":"xpath","value":"//button[@data-kt=\"provideButton\"]"}
RESULT: {"using":"xpath","value":"//button[@data-kt=\"provideButton\"]"}
COMMAND: POST /session/86ebb79c72de266112eececc171e51a0/element/f.A17C675D496C198C40B93A37572AC0F9.d.9400F294C026A358B51ACCD83D9248EA.e.19008/click - {}
RESULT: {}
RESULT: {}
COMMAND: GET /session/86ebb79c72de266112eececc171e51a0/screenshot - {}
RESULT: {}
RESULT: undefined
COMMAND: POST /session/86ebb79c72de266112eececc171e51a0/execute/async - {"script":"<script> [6424 bytes]","args":[{"element-6066-11e4-a52e-4f735466cecf":"f.A17C675D496C198C40B93A37572AC0F9.d.9400F294C026A358B51ACCD83D9248EA.e.18067"},"setValue",["5/21/25"]]}
COMMAND: POST /session/86ebb79c72de266112eececc171e51a0/execute/async - {"script":"<script> [1562 bytes]","args":[{"selector":{"id":"application-managehandovers-display-component---AddNewHO--dueDate","interaction":{"idSuffix":"inner"}},"wdio_ui5_key":"applicationmanagehandovers-display-component---AddNewHO--dueDate"}]}
RESULT: {"script":"<script> [1562 bytes]","args":[{"selector":{"id":"application-managehandovers-display-component---AddNewHO--dueDate","interaction":{"idSuffix":"inner"}},"wdio_ui5_key":"applicationmanagehandovers-display-component---AddNewHO--dueDate"}]}
COMMAND: POST /session/86ebb79c72de266112eececc171e51a0/execute/async - {"script":"<script> [6424 bytes]","args":[{"element-6066-11e4-a52e-4f735466cecf":"f.A17C675D496C198C40B93A37572AC0F9.d.9400F294C026A358B51ACCD83D9248EA.e.19065"},"setValue",["5/21/25"]]}
RESULT: {"script":"<script> [6424 bytes]","args":[{"element-6066-11e4-a52e-4f735466cecf":"f.A17C675D496C198C40B93A37572AC0F9.d.9400F294C026A358B51ACCD83D9248EA.e.19065"},"setValue",["5/21/25"]]}
COMMAND: POST /session/86ebb79c72de266112eececc171e51a0/element - {"using":"xpath","value":"//bdi[contains(text(), \"Instructions\")]"}
RESULT: {"using":"xpath","value":"//bdi[contains(text(), \"Instructions\")]"}
COMMAND: POST /session/86ebb79c72de266112eececc171e51a0/element/f.A17C675D496C198C40B93A37572AC0F9.d.9400F294C026A358B51ACCD83D9248EA.e.19176/click - {}
RESULT: {}
COMMAND: GET /session/86ebb79c72de266112eececc171e51a0/screenshot - {}
RESULT: {}
COMMAND: POST /session/86ebb79c72de266112eececc171e51a0/element - {"using":"xpath","value":"//button[@data-kt=\"AddNewHOProvideAddItemsButton\"]"}
RESULT: {"using":"xpath","value":"//button[@data-kt=\"AddNewHOProvideAddItemsButton\"]"}
COMMAND: POST /session/86ebb79c72de266112eececc171e51a0/element/f.A17C675D496C198C40B93A37572AC0F9.d.9400F294C026A358B51ACCD83D9248EA.e.19180/click - {}
RESULT: {}
COMMAND: GET /session/86ebb79c72de266112eececc171e51a0/screenshot - {}
RESULT: {}
RESULT: undefined
COMMAND: POST /session/86ebb79c72de266112eececc171e51a0/element - {"using":"xpath","value":"//*[@id=\"application-managehandovers-display-component---AddNewHO--popup-sa\"]"}
RESULT: {"using":"xpath","value":"//*[@id=\"application-managehandovers-display-component---AddNewHO--popup-sa\"]"}
COMMAND: POST /session/86ebb79c72de266112eececc171e51a0/element/f.A17C675D496C198C40B93A37572AC0F9.d.9400F294C026A358B51ACCD83D9248EA.e.19190/click - {}
RESULT: {}
COMMAND: GET /session/86ebb79c72de266112eececc171e51a0/screenshot - {}
RESULT: {}
COMMAND: POST /session/86ebb79c72de266112eececc171e51a0/element - {"using":"xpath","value":"//*[contains(@id ,\"BDI-content\")][contains(text(), \"Select\")]"}
RESULT: {"using":"xpath","value":"//*[contains(@id ,\"BDI-content\")][contains(text(), \"Select\")]"}
COMMAND: POST /session/86ebb79c72de266112eececc171e51a0/element/f.A17C675D496C198C40B93A37572AC0F9.d.9400F294C026A358B51ACCD83D9248EA.e.19191/click - {}
RESULT: {}
COMMAND: GET /session/86ebb79c72de266112eececc171e51a0/screenshot - {}
RESULT: {}
COMMAND: POST /session/86ebb79c72de266112eececc171e51a0/execute/async - {"script":"<script> [1562 bytes]","args":[{"selector":{"id":"application-managehandovers-display-component---AddNewHO--confirmCreationButton","interaction":{"idSuffix":"BDI-content"}},"wdio_ui5_key":"applicationmanagehandovers-display-component---AddNewHO--confirmCreationButton"}]}
RESULT: {"script":"<script> [1562 bytes]","args":[{"selector":{"id":"application-managehandovers-display-component---AddNewHO--confirmCreationButton","interaction":{"idSuffix":"BDI-content"}},"wdio_ui5_key":"applicationmanagehandovers-display-component---AddNewHO--confirmCreationButton"}]}
RESULT: undefined
COMMAND: POST /session/86ebb79c72de266112eececc171e51a0/element - {"using":"xpath","value":"//*[@id=\"application-managehandovers-display-component---AddNewHO--confirmCreationButton\"]"}
RESULT: {"using":"xpath","value":"//*[@id=\"application-managehandovers-display-component---AddNewHO--confirmCreationButton\"]"}
COMMAND: POST /session/86ebb79c72de266112eececc171e51a0/element/f.A17C675D496C198C40B93A37572AC0F9.d.9400F294C026A358B51ACCD83D9248EA.e.19135/click - {}
RESULT: {}
COMMAND: GET /session/86ebb79c72de266112eececc171e51a0/screenshot - {}
RESULT: {}
COMMAND: POST /session/86ebb79c72de266112eececc171e51a0/execute/async - {"script":"<script> [1562 bytes]","args":[{"selector":{"id":"issueDatePicker","viewName":"etm.portal.ui.managehandovers.view.DetailExecuteHO","interaction":{"idSuffix":"inner"}},"wdio_ui5_key":"issueDatePickeretmportal.ui.managehandovers.view.DetailExecuteHO"}]}
RESULT: {"script":"<script> [1562 bytes]","args":[{"selector":{"id":"issueDatePicker","viewName":"etm.portal.ui.managehandovers.view.DetailExecuteHO","interaction":{"idSuffix":"inner"}},"wdio_ui5_key":"issueDatePickeretmportal.ui.managehandovers.view.DetailExecuteHO"}]}
RESULT: undefined
COMMAND: POST /session/86ebb79c72de266112eececc171e51a0/execute/async - {"script":"<script> [776 bytes]","args":[{"enterText":"5/21/25","selector":{"id":"issueDatePicker","viewName":"etm.portal.ui.managehandovers.view.DetailExecuteHO","interaction":{"idSuffix":"inner"}},"clearTextFirst":true,"interactionType":"ENTER_TEXT"}]}
RESULT: {"script":"<script> [776 bytes]","args":[{"enterText":"5/21/25","selector":{"id":"issueDatePicker","viewName":"etm.portal.ui.managehandovers.view.DetailExecuteHO","interaction":{"idSuffix":"inner"}},"clearTextFirst":true,"interactionType":"ENTER_TEXT"}]}
COMMAND: POST /session/86ebb79c72de266112eececc171e51a0/element - {"using":"xpath","value":"//bdi[contains(text(), \"OK\")]"}
RESULT: {"using":"xpath","value":"//bdi[contains(text(), \"OK\")]"}
COMMAND: POST /session/86ebb79c72de266112eececc171e51a0/element/f.A17C675D496C198C40B93A37572AC0F9.d.9400F294C026A358B51ACCD83D9248EA.e.19239/click - {}
RESULT: {}
COMMAND: GET /session/86ebb79c72de266112eececc171e51a0/screenshot - {}
RESULT: {}
COMMAND: POST /session/86ebb79c72de266112eececc171e51a0/element - {"using":"xpath","value":"//button[@data-kt=\"PickingTableConfirmAllButton\"]"}
RESULT: {"using":"xpath","value":"//button[@data-kt=\"PickingTableConfirmAllButton\"]"}
COMMAND: POST /session/86ebb79c72de266112eececc171e51a0/element/f.A17C675D496C198C40B93A37572AC0F9.d.9400F294C026A358B51ACCD83D9248EA.e.19246/click - {}
RESULT: {}
COMMAND: GET /session/86ebb79c72de266112eececc171e51a0/screenshot - {}
RESULT: {}
COMMAND: POST /session/86ebb79c72de266112eececc171e51a0/element - {"using":"xpath","value":"//bdi[contains(text(), \"OK\")]"}
RESULT: {"using":"xpath","value":"//bdi[contains(text(), \"OK\")]"}
COMMAND: POST /session/86ebb79c72de266112eececc171e51a0/element/f.A17C675D496C198C40B93A37572AC0F9.d.9400F294C026A358B51ACCD83D9248EA.e.19250/click - {}
RESULT: {}
COMMAND: GET /session/86ebb79c72de266112eececc171e51a0/screenshot - {}
RESULT: {}
COMMAND: POST /session/86ebb79c72de266112eececc171e51a0/element - {"using":"xpath","value":"//bdi[contains(text(), \"Issue\")]"}
RESULT: {"using":"xpath","value":"//bdi[contains(text(), \"Issue\")]"}
COMMAND: POST /session/86ebb79c72de266112eececc171e51a0/element/f.A17C675D496C198C40B93A37572AC0F9.d.9400F294C026A358B51ACCD83D9248EA.e.19251/click - {}
RESULT: {}
COMMAND: GET /session/86ebb79c72de266112eececc171e51a0/screenshot - {}
RESULT: {}
COMMAND: POST /session/86ebb79c72de266112eececc171e51a0/element - {"using":"css selector","value":"#shell-header-logo"}
RESULT: {"using":"css selector","value":"#shell-header-logo"}
COMMAND: POST /session/86ebb79c72de266112eececc171e51a0/element/f.A17C675D496C198C40B93A37572AC0F9.d.9400F294C026A358B51ACCD83D9248EA.e.18460/click - {}
RESULT: {}
COMMAND: GET /session/86ebb79c72de266112eececc171e51a0/screenshot - {}
RESULT: {}
]]></system-out>
    </testcase>
    <testcase classname="chrome.136_0_7103_93.windows.Create_Reverse_Billing_US127248" name="Should go navigate to Manage Billings and trigger contract calculation check result" time="66.403">
      <system-out><![CDATA[
COMMAND: POST /session/86ebb79c72de266112eececc171e51a0/execute/async - {"script":"<script> [1562 bytes]","args":[{"selector":{"controlType":"sap.m.GenericTile","properties":{"header":"Manage Billings"}},"wdio_ui5_key":"sapm.GenericTile{\"header\":\"Manage Billings\"}"}]}
RESULT: {"script":"<script> [1562 bytes]","args":[{"selector":{"controlType":"sap.m.GenericTile","properties":{"header":"Manage Billings"}},"wdio_ui5_key":"sapm.GenericTile{\"header\":\"Manage Billings\"}"}]}
RESULT: undefined
COMMAND: POST /session/86ebb79c72de266112eececc171e51a0/element - {"using":"xpath","value":"//*[@id=\"__tile51\"]"}
RESULT: {"using":"xpath","value":"//*[@id=\"__tile51\"]"}
COMMAND: POST /session/86ebb79c72de266112eececc171e51a0/element/f.A17C675D496C198C40B93A37572AC0F9.d.9400F294C026A358B51ACCD83D9248EA.e.16324/click - {}
RESULT: {}
COMMAND: GET /session/86ebb79c72de266112eececc171e51a0/screenshot - {}
RESULT: {}
COMMAND: POST /session/86ebb79c72de266112eececc171e51a0/elements - {"using":"xpath","value":"//span[text()='Error']"}
RESULT: {"using":"xpath","value":"//span[text()='Error']"}
COMMAND: POST /session/86ebb79c72de266112eececc171e51a0/execute/async - {"script":"<script> [1562 bytes]","args":[{"selector":{"id":"application-managebillings-display-component---billRunCalcResult--smartFilterBar-btnBasicSearch","interaction":{"idSuffix":"I"}},"wdio_ui5_key":"applicationmanagebillings-display-component---billRunCalcResult--smartFilterBar-btnBasicSearch"}]}
RESULT: {"script":"<script> [1562 bytes]","args":[{"selector":{"id":"application-managebillings-display-component---billRunCalcResult--smartFilterBar-btnBasicSearch","interaction":{"idSuffix":"I"}},"wdio_ui5_key":"applicationmanagebillings-display-component---billRunCalcResult--smartFilterBar-btnBasicSearch"}]}
RESULT: undefined
COMMAND: POST /session/86ebb79c72de266112eececc171e51a0/execute/async - {"script":"<script> [776 bytes]","args":[{"enterText":"10494","selector":{"id":"application-managebillings-display-component---billRunCalcResult--smartFilterBar-btnBasicSearch","interaction":{"idSuffix":"I"}},"clearTextFirst":true,"interactionType":"ENTER_TEXT"}]}
RESULT: {"script":"<script> [776 bytes]","args":[{"enterText":"10494","selector":{"id":"application-managebillings-display-component---billRunCalcResult--smartFilterBar-btnBasicSearch","interaction":{"idSuffix":"I"}},"clearTextFirst":true,"interactionType":"ENTER_TEXT"}]}
COMMAND: POST /session/86ebb79c72de266112eececc171e51a0/actions - {"actions":[{"id":"action72","type":"key","parameters":{},"actions":[{"type":"keyDown","value":""},{"type":"pause","duration":10},{"type":"keyUp","value":""}]}]}
RESULT: {"actions":[{"id":"action72","type":"key","parameters":{},"actions":[{"type":"keyDown","value":""},{"type":"pause","duration":10},{"type":"keyUp","value":""}]}]}
COMMAND: GET /session/86ebb79c72de266112eececc171e51a0/screenshot - {}
RESULT: {}
COMMAND: POST /session/86ebb79c72de266112eececc171e51a0/element - {"using":"xpath","value":"//td[@aria-colindex=\"1\"]/div/div[contains(@class, \"sapMCbBg\")]"}
RESULT: {"using":"xpath","value":"//td[@aria-colindex=\"1\"]/div/div[contains(@class, \"sapMCbBg\")]"}
COMMAND: POST /session/86ebb79c72de266112eececc171e51a0/element/f.A17C675D496C198C40B93A37572AC0F9.d.9400F294C026A358B51ACCD83D9248EA.e.19652/click - {}
RESULT: {}
COMMAND: GET /session/86ebb79c72de266112eececc171e51a0/screenshot - {}
RESULT: {}
COMMAND: POST /session/86ebb79c72de266112eececc171e51a0/execute/async - {"script":"<script> [1562 bytes]","args":[{"selector":{"id":"application-managebillings-display-component---billRunCalcResult--contractBillRunDate","interaction":{"idSuffix":"inner"}},"wdio_ui5_key":"applicationmanagebillings-display-component---billRunCalcResult--contractBillRunDate"}]}
RESULT: {"script":"<script> [1562 bytes]","args":[{"selector":{"id":"application-managebillings-display-component---billRunCalcResult--contractBillRunDate","interaction":{"idSuffix":"inner"}},"wdio_ui5_key":"applicationmanagebillings-display-component---billRunCalcResult--contractBillRunDate"}]}
RESULT: undefined
COMMAND: POST /session/86ebb79c72de266112eececc171e51a0/execute/async - {"script":"<script> [776 bytes]","args":[{"enterText":"6/21/25","selector":{"id":"application-managebillings-display-component---billRunCalcResult--contractBillRunDate","interaction":{"idSuffix":"inner"}},"clearTextFirst":true,"interactionType":"ENTER_TEXT"}]}
RESULT: {"script":"<script> [776 bytes]","args":[{"enterText":"6/21/25","selector":{"id":"application-managebillings-display-component---billRunCalcResult--contractBillRunDate","interaction":{"idSuffix":"inner"}},"clearTextFirst":true,"interactionType":"ENTER_TEXT"}]}
COMMAND: POST /session/86ebb79c72de266112eececc171e51a0/element - {"using":"xpath","value":"//bdi[contains(text(), \"Trigger Calculation\")]"}
RESULT: {"using":"xpath","value":"//bdi[contains(text(), \"Trigger Calculation\")]"}
COMMAND: POST /session/86ebb79c72de266112eececc171e51a0/element/f.A17C675D496C198C40B93A37572AC0F9.d.9400F294C026A358B51ACCD83D9248EA.e.19702/click - {}
RESULT: {}
COMMAND: GET /session/86ebb79c72de266112eececc171e51a0/screenshot - {}
RESULT: {}
COMMAND: POST /session/86ebb79c72de266112eececc171e51a0/element - {"using":"xpath","value":"(//span[contains(@id, \"imgNav\")])[1]"}
RESULT: {"using":"xpath","value":"(//span[contains(@id, \"imgNav\")])[1]"}
COMMAND: POST /session/86ebb79c72de266112eececc171e51a0/element/f.A17C675D496C198C40B93A37572AC0F9.d.9400F294C026A358B51ACCD83D9248EA.e.19653/click - {}
RESULT: {}
COMMAND: GET /session/86ebb79c72de266112eececc171e51a0/screenshot - {}
RESULT: {}
COMMAND: POST /session/86ebb79c72de266112eececc171e51a0/element - {"using":"xpath","value":"//tr/td[6]/div[1]/span[1]/span[1]"}
RESULT: {"using":"xpath","value":"//tr/td[6]/div[1]/span[1]/span[1]"}
COMMAND: GET /session/86ebb79c72de266112eececc171e51a0/element/f.A17C675D496C198C40B93A37572AC0F9.d.9400F294C026A358B51ACCD83D9248EA.e.19707/text - {}
RESULT: {}
COMMAND: POST /session/86ebb79c72de266112eececc171e51a0/element - {"using":"xpath","value":"(//span[contains(@id, \"imgNav\")])[2]"}
RESULT: {"using":"xpath","value":"(//span[contains(@id, \"imgNav\")])[2]"}
COMMAND: POST /session/86ebb79c72de266112eececc171e51a0/element/f.A17C675D496C198C40B93A37572AC0F9.d.9400F294C026A358B51ACCD83D9248EA.e.19708/click - {}
RESULT: {}
COMMAND: POST /session/86ebb79c72de266112eececc171e51a0/element - {"using":"xpath","value":"//bdi[contains(text(), \"Business Confirm\")]"}
COMMAND: GET /session/86ebb79c72de266112eececc171e51a0/screenshot - {}
RESULT: {"using":"xpath","value":"//bdi[contains(text(), \"Business Confirm\")]"}
COMMAND: POST /session/86ebb79c72de266112eececc171e51a0/elements - {"using":"xpath","value":"//bdi[contains(text(), \"Business Confirm\")]"}
RESULT: {}
RESULT: {"using":"xpath","value":"//bdi[contains(text(), \"Business Confirm\")]"}
COMMAND: POST /session/86ebb79c72de266112eececc171e51a0/elements - {"using":"xpath","value":"//bdi[contains(text(), \"Business Confirm\")]"}
RESULT: {"using":"xpath","value":"//bdi[contains(text(), \"Business Confirm\")]"}
COMMAND: POST /session/86ebb79c72de266112eececc171e51a0/element - {"using":"xpath","value":"//bdi[contains(text(), \"Business Confirm\")]"}
RESULT: {"using":"xpath","value":"//bdi[contains(text(), \"Business Confirm\")]"}
COMMAND: POST /session/86ebb79c72de266112eececc171e51a0/element/f.A17C675D496C198C40B93A37572AC0F9.d.9400F294C026A358B51ACCD83D9248EA.e.19710/click - {}
RESULT: {}
COMMAND: POST /session/86ebb79c72de266112eececc171e51a0/element - {"using":"css selector","value":"#shell-header-logo"}
COMMAND: GET /session/86ebb79c72de266112eececc171e51a0/screenshot - {}
RESULT: {"using":"css selector","value":"#shell-header-logo"}
COMMAND: POST /session/86ebb79c72de266112eececc171e51a0/element/f.A17C675D496C198C40B93A37572AC0F9.d.9400F294C026A358B51ACCD83D9248EA.e.19445/click - {}
RESULT: {}
RESULT: {}
COMMAND: GET /session/86ebb79c72de266112eececc171e51a0/screenshot - {}
RESULT: {}
]]></system-out>
    </testcase>
    <testcase classname="chrome.136_0_7103_93.windows.Create_Reverse_Billing_US127248" name="Should go into Billing Transfer and reverse the billing" time="38.558">
      <system-out><![CDATA[
COMMAND: POST /session/86ebb79c72de266112eececc171e51a0/execute/async - {"script":"<script> [1562 bytes]","args":[{"selector":{"controlType":"sap.m.GenericTile","properties":{"header":"Billing Transfer"}},"wdio_ui5_key":"sapm.GenericTile{\"header\":\"Billing Transfer\"}"}]}
RESULT: {"script":"<script> [1562 bytes]","args":[{"selector":{"controlType":"sap.m.GenericTile","properties":{"header":"Billing Transfer"}},"wdio_ui5_key":"sapm.GenericTile{\"header\":\"Billing Transfer\"}"}]}
RESULT: undefined
COMMAND: POST /session/86ebb79c72de266112eececc171e51a0/element - {"using":"xpath","value":"//*[@id=\"__tile50\"]"}
RESULT: {"using":"xpath","value":"//*[@id=\"__tile50\"]"}
COMMAND: POST /session/86ebb79c72de266112eececc171e51a0/element/f.A17C675D496C198C40B93A37572AC0F9.d.9400F294C026A358B51ACCD83D9248EA.e.16322/click - {}
RESULT: {}
COMMAND: GET /session/86ebb79c72de266112eececc171e51a0/screenshot - {}
RESULT: {}
COMMAND: POST /session/86ebb79c72de266112eececc171e51a0/elements - {"using":"xpath","value":"//span[text()='Error']"}
RESULT: {"using":"xpath","value":"//span[text()='Error']"}
COMMAND: POST /session/86ebb79c72de266112eececc171e51a0/element - {"using":"xpath","value":"//input[contains(@id ,\"application-billingtransfer-display-component---billingWorkbench--smartFilterBar-btnBasicSearch\")]"}
RESULT: {"using":"xpath","value":"//input[contains(@id ,\"application-billingtransfer-display-component---billingWorkbench--smartFilterBar-btnBasicSearch\")]"}
COMMAND: POST /session/86ebb79c72de266112eececc171e51a0/elements - {"using":"xpath","value":"//input[contains(@id ,\"application-billingtransfer-display-component---billingWorkbench--smartFilterBar-btnBasicSearch\")]"}
RESULT: {"using":"xpath","value":"//input[contains(@id ,\"application-billingtransfer-display-component---billingWorkbench--smartFilterBar-btnBasicSearch\")]"}
COMMAND: POST /session/86ebb79c72de266112eececc171e51a0/execute/sync - {"script":"<script> [8489 bytes]","args":[{"element-6066-11e4-a52e-4f735466cecf":"f.A17C675D496C198C40B93A37572AC0F9.d.9400F294C026A358B51ACCD83D9248EA.e.19788","ELEMENT":"f.A17C675D496C198C40B93A37572AC0F9.d.9400F294C026A358B51ACCD83D9248EA.e.19788"}]}
RESULT: {"script":"<script> [8489 bytes]","args":[{"element-6066-11e4-a52e-4f735466cecf":"f.A17C675D496C198C40B93A37572AC0F9.d.9400F294C026A358B51ACCD83D9248EA.e.19788","ELEMENT":"f.A17C675D496C198C40B93A37572AC0F9.d.9400F294C026A358B51ACCD83D9248EA.e.19788"}]}
COMMAND: GET /session/86ebb79c72de266112eececc171e51a0/element/f.A17C675D496C198C40B93A37572AC0F9.d.9400F294C026A358B51ACCD83D9248EA.e.19788/enabled - {}
COMMAND: GET /session/86ebb79c72de266112eececc171e51a0/screenshot - {}
RESULT: {}
COMMAND: POST /session/86ebb79c72de266112eececc171e51a0/element/f.A17C675D496C198C40B93A37572AC0F9.d.9400F294C026A358B51ACCD83D9248EA.e.19788/click - {}
COMMAND: GET /session/86ebb79c72de266112eececc171e51a0/screenshot - {}
RESULT: {}
RESULT: {}
COMMAND: GET /session/86ebb79c72de266112eececc171e51a0/screenshot - {}
RESULT: {}
RESULT: {}
COMMAND: POST /session/86ebb79c72de266112eececc171e51a0/element/f.A17C675D496C198C40B93A37572AC0F9.d.9400F294C026A358B51ACCD83D9248EA.e.19788/clear - {}
RESULT: {}
COMMAND: POST /session/86ebb79c72de266112eececc171e51a0/element/f.A17C675D496C198C40B93A37572AC0F9.d.9400F294C026A358B51ACCD83D9248EA.e.19788/value - {"text":"10494"}
COMMAND: GET /session/86ebb79c72de266112eececc171e51a0/screenshot - {}
RESULT: {"text":"10494"}
COMMAND: POST /session/86ebb79c72de266112eececc171e51a0/actions - {"actions":[{"id":"action73","type":"key","parameters":{},"actions":[{"type":"keyDown","value":""},{"type":"pause","duration":10},{"type":"keyUp","value":""}]}]}
COMMAND: GET /session/86ebb79c72de266112eececc171e51a0/screenshot - {}
RESULT: {}
RESULT: {"actions":[{"id":"action73","type":"key","parameters":{},"actions":[{"type":"keyDown","value":""},{"type":"pause","duration":10},{"type":"keyUp","value":""}]}]}
COMMAND: GET /session/86ebb79c72de266112eececc171e51a0/screenshot - {}
RESULT: {}
RESULT: {}
COMMAND: POST /session/86ebb79c72de266112eececc171e51a0/element - {"using":"xpath","value":"//span[contains(@id ,\"application-billingtransfer-display-component---billingWorkbench--smartTableBillingRuns-header-inner\")]"}
RESULT: {"using":"xpath","value":"//span[contains(@id ,\"application-billingtransfer-display-component---billingWorkbench--smartTableBillingRuns-header-inner\")]"}
COMMAND: POST /session/86ebb79c72de266112eececc171e51a0/elements - {"using":"xpath","value":"//span[contains(@id ,\"application-billingtransfer-display-component---billingWorkbench--smartTableBillingRuns-header-inner\")]"}
RESULT: {"using":"xpath","value":"//span[contains(@id ,\"application-billingtransfer-display-component---billingWorkbench--smartTableBillingRuns-header-inner\")]"}
COMMAND: POST /session/86ebb79c72de266112eececc171e51a0/execute/sync - {"script":"<script> [56 bytes]","args":[{"element-6066-11e4-a52e-4f735466cecf":"f.A17C675D496C198C40B93A37572AC0F9.d.9400F294C026A358B51ACCD83D9248EA.e.19935","ELEMENT":"f.A17C675D496C198C40B93A37572AC0F9.d.9400F294C026A358B51ACCD83D9248EA.e.19935"}]}
RESULT: {"script":"<script> [56 bytes]","args":[{"element-6066-11e4-a52e-4f735466cecf":"f.A17C675D496C198C40B93A37572AC0F9.d.9400F294C026A358B51ACCD83D9248EA.e.19935","ELEMENT":"f.A17C675D496C198C40B93A37572AC0F9.d.9400F294C026A358B51ACCD83D9248EA.e.19935"}]}
COMMAND: POST /session/86ebb79c72de266112eececc171e51a0/element - {"using":"xpath","value":"//td[@aria-colindex=\"1\"]/div/div[contains(@class, \"sapMCbBg\")]"}
COMMAND: GET /session/86ebb79c72de266112eececc171e51a0/screenshot - {}
RESULT: {"using":"xpath","value":"//td[@aria-colindex=\"1\"]/div/div[contains(@class, \"sapMCbBg\")]"}
COMMAND: POST /session/86ebb79c72de266112eececc171e51a0/element/f.A17C675D496C198C40B93A37572AC0F9.d.9400F294C026A358B51ACCD83D9248EA.e.19928/click - {}
RESULT: {}
RESULT: {}
COMMAND: GET /session/86ebb79c72de266112eececc171e51a0/screenshot - {}
RESULT: {}
COMMAND: POST /session/86ebb79c72de266112eececc171e51a0/element - {"using":"xpath","value":"//bdi[contains(text(), \"Reverse\")]"}
RESULT: {"using":"xpath","value":"//bdi[contains(text(), \"Reverse\")]"}
COMMAND: POST /session/86ebb79c72de266112eececc171e51a0/element/f.A17C675D496C198C40B93A37572AC0F9.d.9400F294C026A358B51ACCD83D9248EA.e.19936/click - {}
RESULT: {}
COMMAND: GET /session/86ebb79c72de266112eececc171e51a0/screenshot - {}
RESULT: {}
COMMAND: POST /session/86ebb79c72de266112eececc171e51a0/element - {"using":"xpath","value":"//input[contains(@id ,\"application-billingtransfer-display-component---billingWorkbench--smartFilterBar-btnBasicSearch\")]"}
RESULT: {"using":"xpath","value":"//input[contains(@id ,\"application-billingtransfer-display-component---billingWorkbench--smartFilterBar-btnBasicSearch\")]"}
COMMAND: POST /session/86ebb79c72de266112eececc171e51a0/elements - {"using":"xpath","value":"//input[contains(@id ,\"application-billingtransfer-display-component---billingWorkbench--smartFilterBar-btnBasicSearch\")]"}
RESULT: {"using":"xpath","value":"//input[contains(@id ,\"application-billingtransfer-display-component---billingWorkbench--smartFilterBar-btnBasicSearch\")]"}
COMMAND: POST /session/86ebb79c72de266112eececc171e51a0/execute/sync - {"script":"<script> [8489 bytes]","args":[{"element-6066-11e4-a52e-4f735466cecf":"f.A17C675D496C198C40B93A37572AC0F9.d.9400F294C026A358B51ACCD83D9248EA.e.19788","ELEMENT":"f.A17C675D496C198C40B93A37572AC0F9.d.9400F294C026A358B51ACCD83D9248EA.e.19788"}]}
RESULT: {"script":"<script> [8489 bytes]","args":[{"element-6066-11e4-a52e-4f735466cecf":"f.A17C675D496C198C40B93A37572AC0F9.d.9400F294C026A358B51ACCD83D9248EA.e.19788","ELEMENT":"f.A17C675D496C198C40B93A37572AC0F9.d.9400F294C026A358B51ACCD83D9248EA.e.19788"}]}
COMMAND: GET /session/86ebb79c72de266112eececc171e51a0/element/f.A17C675D496C198C40B93A37572AC0F9.d.9400F294C026A358B51ACCD83D9248EA.e.19788/enabled - {}
COMMAND: GET /session/86ebb79c72de266112eececc171e51a0/screenshot - {}
RESULT: {}
COMMAND: POST /session/86ebb79c72de266112eececc171e51a0/element/f.A17C675D496C198C40B93A37572AC0F9.d.9400F294C026A358B51ACCD83D9248EA.e.19788/click - {}
COMMAND: GET /session/86ebb79c72de266112eececc171e51a0/screenshot - {}
RESULT: {}
RESULT: {}
COMMAND: GET /session/86ebb79c72de266112eececc171e51a0/screenshot - {}
RESULT: {}
RESULT: {}
COMMAND: POST /session/86ebb79c72de266112eececc171e51a0/element/f.A17C675D496C198C40B93A37572AC0F9.d.9400F294C026A358B51ACCD83D9248EA.e.19788/clear - {}
RESULT: {}
COMMAND: POST /session/86ebb79c72de266112eececc171e51a0/element/f.A17C675D496C198C40B93A37572AC0F9.d.9400F294C026A358B51ACCD83D9248EA.e.19788/value - {"text":"10494"}
COMMAND: GET /session/86ebb79c72de266112eececc171e51a0/screenshot - {}
RESULT: {"text":"10494"}
COMMAND: POST /session/86ebb79c72de266112eececc171e51a0/actions - {"actions":[{"id":"action74","type":"key","parameters":{},"actions":[{"type":"keyDown","value":""},{"type":"pause","duration":10},{"type":"keyUp","value":""}]}]}
COMMAND: GET /session/86ebb79c72de266112eececc171e51a0/screenshot - {}
RESULT: {}
RESULT: {"actions":[{"id":"action74","type":"key","parameters":{},"actions":[{"type":"keyDown","value":""},{"type":"pause","duration":10},{"type":"keyUp","value":""}]}]}
COMMAND: GET /session/86ebb79c72de266112eececc171e51a0/screenshot - {}
RESULT: {}
RESULT: {}
COMMAND: POST /session/86ebb79c72de266112eececc171e51a0/element - {"using":"xpath","value":"//span[contains(@id ,\"application-billingtransfer-display-component---billingWorkbench--smartTableBillingRuns-header-inner\")]"}
RESULT: {"using":"xpath","value":"//span[contains(@id ,\"application-billingtransfer-display-component---billingWorkbench--smartTableBillingRuns-header-inner\")]"}
COMMAND: POST /session/86ebb79c72de266112eececc171e51a0/elements - {"using":"xpath","value":"//span[contains(@id ,\"application-billingtransfer-display-component---billingWorkbench--smartTableBillingRuns-header-inner\")]"}
RESULT: {"using":"xpath","value":"//span[contains(@id ,\"application-billingtransfer-display-component---billingWorkbench--smartTableBillingRuns-header-inner\")]"}
COMMAND: POST /session/86ebb79c72de266112eececc171e51a0/execute/sync - {"script":"<script> [56 bytes]","args":[{"element-6066-11e4-a52e-4f735466cecf":"f.A17C675D496C198C40B93A37572AC0F9.d.9400F294C026A358B51ACCD83D9248EA.e.19935","ELEMENT":"f.A17C675D496C198C40B93A37572AC0F9.d.9400F294C026A358B51ACCD83D9248EA.e.19935"}]}
RESULT: {"script":"<script> [56 bytes]","args":[{"element-6066-11e4-a52e-4f735466cecf":"f.A17C675D496C198C40B93A37572AC0F9.d.9400F294C026A358B51ACCD83D9248EA.e.19935","ELEMENT":"f.A17C675D496C198C40B93A37572AC0F9.d.9400F294C026A358B51ACCD83D9248EA.e.19935"}]}
COMMAND: POST /session/86ebb79c72de266112eececc171e51a0/element - {"using":"css selector","value":"#shell-header-logo"}
COMMAND: GET /session/86ebb79c72de266112eececc171e51a0/screenshot - {}
RESULT: {"using":"css selector","value":"#shell-header-logo"}
COMMAND: POST /session/86ebb79c72de266112eececc171e51a0/element/f.A17C675D496C198C40B93A37572AC0F9.d.9400F294C026A358B51ACCD83D9248EA.e.19786/click - {}
RESULT: {}
RESULT: {}
COMMAND: GET /session/86ebb79c72de266112eececc171e51a0/screenshot - {}
RESULT: {}
COMMAND: DELETE /session/86ebb79c72de266112eececc171e51a0 - {}
RESULT: {}
]]></system-out>
    </testcase>
  </testsuite>
</testsuites>