<?xml version="1.0" encoding="UTF-8"?>
<testsuites tests="53" failures="2" errors="2" skipped="0">
  <testsuite timestamp="2025-05-27T17:19:58" time="274.305" tests="5" failures="0" errors="0" skipped="0">
    <properties>
      <property name="specId" value="0"/>
      <property name="suiteName" value="Tests for DXCW CAE environment, including specific login to the system US"/>
      <property name="capabilities" value="chrome.136_0_7103_93.windows"/>
      <property name="file" value="file:///D:/a/1/s/test/specs/BTS/dxcw-cae.spec.js"/>
    </properties>
    <testcase classname="chrome.136_0_7103_93.windows.Tests_for_DXCW_CAE_environment,_including_specific_login_to_the_system_US" name="Should login to the DXCW CAE env US156289" time="26.718">
      <system-out><![CDATA[
COMMAND: POST /session/7455601dddc232b6deafc0d190a18b4e/url - {"url":"https://qa-testing-00-live-dxcw-portal.cfapps.eu10-004.hana.ondemand.com/"}
RESULT: {"url":"https://qa-testing-00-live-dxcw-portal.cfapps.eu10-004.hana.ondemand.com/"}
COMMAND: GET /session/7455601dddc232b6deafc0d190a18b4e/screenshot - {}
RESULT: {}
COMMAND: POST /session/7455601dddc232b6deafc0d190a18b4e/element - {"using":"xpath","value":"//input[@id = \"j_username\"]"}
RESULT: {"using":"xpath","value":"//input[@id = \"j_username\"]"}
COMMAND: POST /session/7455601dddc232b6deafc0d190a18b4e/execute/sync - {"script":"<script> [8489 bytes]","args":[{"element-6066-11e4-a52e-4f735466cecf":"f.8E6BFA2ED3A3A2D86F199707E5BEEB8B.d.266F31168E183C00546AF043FEC14B08.e.38","ELEMENT":"f.8E6BFA2ED3A3A2D86F199707E5BEEB8B.d.266F31168E183C00546AF043FEC14B08.e.38"}]}
RESULT: {"script":"<script> [8489 bytes]","args":[{"element-6066-11e4-a52e-4f735466cecf":"f.8E6BFA2ED3A3A2D86F199707E5BEEB8B.d.266F31168E183C00546AF043FEC14B08.e.38","ELEMENT":"f.8E6BFA2ED3A3A2D86F199707E5BEEB8B.d.266F31168E183C00546AF043FEC14B08.e.38"}]}
COMMAND: POST /session/7455601dddc232b6deafc0d190a18b4e/element - {"using":"xpath","value":"//input[@id = \"j_username\"]"}
COMMAND: GET /session/7455601dddc232b6deafc0d190a18b4e/screenshot - {}
RESULT: {"using":"xpath","value":"//input[@id = \"j_username\"]"}
COMMAND: POST /session/7455601dddc232b6deafc0d190a18b4e/element/f.8E6BFA2ED3A3A2D86F199707E5BEEB8B.d.266F31168E183C00546AF043FEC14B08.e.38/clear - {}
RESULT: {}
RESULT: {}
COMMAND: POST /session/7455601dddc232b6deafc0d190a18b4e/element/f.8E6BFA2ED3A3A2D86F199707E5BEEB8B.d.266F31168E183C00546AF043FEC14B08.e.38/value - {"text":"test1etm@bearingpoint.com"}
COMMAND: GET /session/7455601dddc232b6deafc0d190a18b4e/screenshot - {}
RESULT: {}
RESULT: {"text":"test1etm@bearingpoint.com"}
COMMAND: POST /session/7455601dddc232b6deafc0d190a18b4e/element - {"using":"xpath","value":"//input[@id = \"j_password\"]"}
COMMAND: GET /session/7455601dddc232b6deafc0d190a18b4e/screenshot - {}
RESULT: {"using":"xpath","value":"//input[@id = \"j_password\"]"}
COMMAND: POST /session/7455601dddc232b6deafc0d190a18b4e/element/f.8E6BFA2ED3A3A2D86F199707E5BEEB8B.d.266F31168E183C00546AF043FEC14B08.e.40/clear - {}
RESULT: {}
RESULT: {}
COMMAND: POST /session/7455601dddc232b6deafc0d190a18b4e/element/f.8E6BFA2ED3A3A2D86F199707E5BEEB8B.d.266F31168E183C00546AF043FEC14B08.e.40/value - {"text":"ETM.next2024"}
COMMAND: GET /session/7455601dddc232b6deafc0d190a18b4e/screenshot - {}
RESULT: {"text":"ETM.next2024"}
COMMAND: GET /session/7455601dddc232b6deafc0d190a18b4e/screenshot - {}
RESULT: {}
RESULT: {}
COMMAND: POST /session/7455601dddc232b6deafc0d190a18b4e/element - {"using":"css selector","value":"button[type=\"submit\"]"}
RESULT: {"using":"css selector","value":"button[type=\"submit\"]"}
COMMAND: POST /session/7455601dddc232b6deafc0d190a18b4e/element/f.8E6BFA2ED3A3A2D86F199707E5BEEB8B.d.266F31168E183C00546AF043FEC14B08.e.61/click - {}
RESULT: {}
COMMAND: POST /session/7455601dddc232b6deafc0d190a18b4e/element - {"using":"xpath","value":"//a[contains(@aria-label,\"Migration Service\")]"}
COMMAND: GET /session/7455601dddc232b6deafc0d190a18b4e/screenshot - {}
RESULT: {"using":"xpath","value":"//a[contains(@aria-label,\"Migration Service\")]"}
COMMAND: POST /session/7455601dddc232b6deafc0d190a18b4e/execute/sync - {"script":"<script> [8489 bytes]","args":[{"element-6066-11e4-a52e-4f735466cecf":"f.8E6BFA2ED3A3A2D86F199707E5BEEB8B.d.AA87CB8BC6575C03A2AEFB6521C08B55.e.87","ELEMENT":"f.8E6BFA2ED3A3A2D86F199707E5BEEB8B.d.AA87CB8BC6575C03A2AEFB6521C08B55.e.87"}]}
RESULT: {}
RESULT: {"script":"<script> [8489 bytes]","args":[{"element-6066-11e4-a52e-4f735466cecf":"f.8E6BFA2ED3A3A2D86F199707E5BEEB8B.d.AA87CB8BC6575C03A2AEFB6521C08B55.e.87","ELEMENT":"f.8E6BFA2ED3A3A2D86F199707E5BEEB8B.d.AA87CB8BC6575C03A2AEFB6521C08B55.e.87"}]}
COMMAND: POST /session/7455601dddc232b6deafc0d190a18b4e/execute/sync - {"script":"<script> [8489 bytes]","args":[{"element-6066-11e4-a52e-4f735466cecf":"f.8E6BFA2ED3A3A2D86F199707E5BEEB8B.d.AA87CB8BC6575C03A2AEFB6521C08B55.e.87","ELEMENT":"f.8E6BFA2ED3A3A2D86F199707E5BEEB8B.d.AA87CB8BC6575C03A2AEFB6521C08B55.e.87"}]}
COMMAND: GET /session/7455601dddc232b6deafc0d190a18b4e/screenshot - {}
RESULT: {"script":"<script> [8489 bytes]","args":[{"element-6066-11e4-a52e-4f735466cecf":"f.8E6BFA2ED3A3A2D86F199707E5BEEB8B.d.AA87CB8BC6575C03A2AEFB6521C08B55.e.87","ELEMENT":"f.8E6BFA2ED3A3A2D86F199707E5BEEB8B.d.AA87CB8BC6575C03A2AEFB6521C08B55.e.87"}]}
COMMAND: POST /session/7455601dddc232b6deafc0d190a18b4e/window/fullscreen - {}
COMMAND: GET /session/7455601dddc232b6deafc0d190a18b4e/screenshot - {}
RESULT: {}
RESULT: {}
COMMAND: POST /session/7455601dddc232b6deafc0d190a18b4e/execute/async - {"script":"<script> [189 bytes]","args":[]}
RESULT: {}
RESULT: {"script":"<script> [189 bytes]","args":[]}
COMMAND: POST /session/7455601dddc232b6deafc0d190a18b4e/execute/async - {"script":"<script> [123 bytes]","args":[]}
RESULT: {"script":"<script> [123 bytes]","args":[]}
COMMAND: POST /session/7455601dddc232b6deafc0d190a18b4e/timeouts - {"script":"<number>"}
RESULT: {"script":"<number>"}
COMMAND: GET /session/7455601dddc232b6deafc0d190a18b4e/timeouts - {}
RESULT: {}
COMMAND: POST /session/7455601dddc232b6deafc0d190a18b4e/execute/async - {"script":"<script> [78 bytes]","args":[]}
RESULT: {"script":"<script> [78 bytes]","args":[]}
RESULT: undefined
COMMAND: POST /session/7455601dddc232b6deafc0d190a18b4e/execute/async - {"script":"<script> [2676 bytes]","args":[]}
RESULT: {"script":"<script> [2676 bytes]","args":[]}
COMMAND: POST /session/7455601dddc232b6deafc0d190a18b4e/execute/async - {"script":"<script> [2342 bytes]","args":[{"protocol":"http","hostname":"0.0.0.0","path":"/","capabilities":{"browserName":"chrome","goog:chromeOptions":{"binary":"C:\\Program Files\\Google\\Chrome\\Application\\chrome.exe","args":["--start-maximized"]}},"logLevel":"warn","connectionRetryTimeout":120000,"connectionRetryCount":3,"logLevels":{},"enableDirectConnect":true,"strictSSL":true,"_":"65 more keys: [\"cacheDir\",\"port\",\"requestedCapabilities\",\"automationProtocol\",\"baseUrl\",\"waitforInterval\",\"waitforTimeout\",\"onReload\",\"beforeCommand\",\"afterCommand\",\"rootDir\",\"specs\",\"suites\",\"exclude\",\"groupLogsByTestSpec\",\"excludeDriverLogs\",\"bail\",\"framework\",\"reporters\",\"services\",\"maxInstances\",\"maxInstancesPerCapability\",\"injectGlobals\",\"filesToWatch\",\"execArgv\",\"runnerEnv\",\"runner\",\"shard\",\"specFileRetries\",\"specFileRetriesDelay\",\"specFileRetriesDeferred\",\"reporterSyncInterval\",\"reporterSyncTimeout\",\"cucumberFeaturesWithLineNumbers\",\"autoCompileOpts\",\"mochaOpts\",\"jasmineOpts\",\"cucumberOpts\",\"onPrepare\",\"onWorkerStart\",\"onWorkerEnd\",\"before\",\"beforeSession\",\"beforeSuite\",\"beforeHook\",\"beforeTest\",\"afterTest\",\"afterHook\",\"afterSuite\",\"afterSession\",\"after\",\"onComplete\",\"beforeAssertion\",\"afterAssertion\",\"beforeFeature\",\"beforeScenario\",\"beforeStep\",\"afterStep\",\"afterScenario\",\"afterFeature\",\"_\",\"suite\",\"$0\",\"ignoredWorkerServices\",\"wdi5\"]"}]}
RESULT: {"script":"<script> [2342 bytes]","args":[{"protocol":"http","hostname":"0.0.0.0","path":"/","capabilities":{"browserName":"chrome","goog:chromeOptions":{"binary":"C:\\Program Files\\Google\\Chrome\\Application\\chrome.exe","args":["--start-maximized"]}},"logLevel":"warn","connectionRetryTimeout":120000,"connectionRetryCount":3,"logLevels":{},"enableDirectConnect":true,"strictSSL":true,"_":"65 more keys: [\"cacheDir\",\"port\",\"requestedCapabilities\",\"automationProtocol\",\"baseUrl\",\"waitforInterval\",\"waitforTimeout\",\"onReload\",\"beforeCommand\",\"afterCommand\",\"rootDir\",\"specs\",\"suites\",\"exclude\",\"groupLogsByTestSpec\",\"excludeDriverLogs\",\"bail\",\"framework\",\"reporters\",\"services\",\"maxInstances\",\"maxInstancesPerCapability\",\"injectGlobals\",\"filesToWatch\",\"execArgv\",\"runnerEnv\",\"runner\",\"shard\",\"specFileRetries\",\"specFileRetriesDelay\",\"specFileRetriesDeferred\",\"reporterSyncInterval\",\"reporterSyncTimeout\",\"cucumberFeaturesWithLineNumbers\",\"autoCompileOpts\",\"mochaOpts\",\"jasmineOpts\",\"cucumberOpts\",\"onPrepare\",\"onWorkerStart\",\"onWorkerEnd\",\"before\",\"beforeSession\",\"beforeSuite\",\"beforeHook\",\"beforeTest\",\"afterTest\",\"afterHook\",\"afterSuite\",\"afterSession\",\"after\",\"onComplete\",\"beforeAssertion\",\"afterAssertion\",\"beforeFeature\",\"beforeScenario\",\"beforeStep\",\"afterStep\",\"afterScenario\",\"afterFeature\",\"_\",\"suite\",\"$0\",\"ignoredWorkerServices\",\"wdi5\"]"}]}
COMMAND: POST /session/7455601dddc232b6deafc0d190a18b4e/execute/async - {"script":"<script> [21126 bytes]","args":[35000]}
RESULT: {"script":"<script> [21126 bytes]","args":[35000]}
]]></system-out>
    </testcase>
    <testcase classname="chrome.136_0_7103_93.windows.Tests_for_DXCW_CAE_environment,_including_specific_login_to_the_system_US" name="Should upload address file entry used for later tests as master data US156291" time="80.461">
      <system-out><![CDATA[
COMMAND: POST /session/7455601dddc232b6deafc0d190a18b4e/execute/async - {"script":"<script> [1562 bytes]","args":[{"selector":{"controlType":"sap.m.GenericTile","properties":{"header":"Migration Service"}},"wdio_ui5_key":"sapm.GenericTile{\"header\":\"Migration Service\"}"}]}
RESULT: {"script":"<script> [1562 bytes]","args":[{"selector":{"controlType":"sap.m.GenericTile","properties":{"header":"Migration Service"}},"wdio_ui5_key":"sapm.GenericTile{\"header\":\"Migration Service\"}"}]}
RESULT: undefined
COMMAND: POST /session/7455601dddc232b6deafc0d190a18b4e/element - {"using":"xpath","value":"//*[@id=\"__tile25\"]"}
RESULT: {"using":"xpath","value":"//*[@id=\"__tile25\"]"}
COMMAND: POST /session/7455601dddc232b6deafc0d190a18b4e/element/f.8E6BFA2ED3A3A2D86F199707E5BEEB8B.d.AA87CB8BC6575C03A2AEFB6521C08B55.e.131/click - {}
RESULT: {}
COMMAND: GET /session/7455601dddc232b6deafc0d190a18b4e/screenshot - {}
RESULT: {}
RESULT: undefined
RESULT: undefined
COMMAND: POST /session/7455601dddc232b6deafc0d190a18b4e/elements - {"using":"xpath","value":"//span[text()='Error']"}
RESULT: {"using":"xpath","value":"//span[text()='Error']"}
COMMAND: POST /session/7455601dddc232b6deafc0d190a18b4e/execute/async - {"script":"<script> [1562 bytes]","args":[{"selector":{"controlType":"sap.m.GenericTile","viewName":"bbs.dxcw.migration.view.Home","i18NText":{"propertyName":"header","key":"migrationService"}},"wdio_ui5_key":"bbsdxcw.migration.view.Homesap.m.GenericTile{\"propertyName\":\"header\",\"key\":\"migrationService\"}"}]}
RESULT: {"script":"<script> [1562 bytes]","args":[{"selector":{"controlType":"sap.m.GenericTile","viewName":"bbs.dxcw.migration.view.Home","i18NText":{"propertyName":"header","key":"migrationService"}},"wdio_ui5_key":"bbsdxcw.migration.view.Homesap.m.GenericTile{\"propertyName\":\"header\",\"key\":\"migrationService\"}"}]}
RESULT: undefined
COMMAND: POST /session/7455601dddc232b6deafc0d190a18b4e/element - {"using":"xpath","value":"//*[@id=\"__tile26\"]"}
RESULT: {"using":"xpath","value":"//*[@id=\"__tile26\"]"}
COMMAND: POST /session/7455601dddc232b6deafc0d190a18b4e/element/f.8E6BFA2ED3A3A2D86F199707E5BEEB8B.d.AA87CB8BC6575C03A2AEFB6521C08B55.e.135/click - {}
RESULT: {}
COMMAND: GET /session/7455601dddc232b6deafc0d190a18b4e/screenshot - {}
RESULT: {}
COMMAND: POST /session/7455601dddc232b6deafc0d190a18b4e/element - {"using":"xpath","value":"//bdi[contains(text(), \"Create new Draft\")]"}
RESULT: {"using":"xpath","value":"//bdi[contains(text(), \"Create new Draft\")]"}
COMMAND: POST /session/7455601dddc232b6deafc0d190a18b4e/elements - {"using":"xpath","value":"//bdi[contains(text(), \"Create new Draft\")]"}
RESULT: {"using":"xpath","value":"//bdi[contains(text(), \"Create new Draft\")]"}
COMMAND: POST /session/7455601dddc232b6deafc0d190a18b4e/execute/sync - {"script":"<script> [8489 bytes]","args":[{"element-6066-11e4-a52e-4f735466cecf":"f.8E6BFA2ED3A3A2D86F199707E5BEEB8B.d.AA87CB8BC6575C03A2AEFB6521C08B55.e.155","ELEMENT":"f.8E6BFA2ED3A3A2D86F199707E5BEEB8B.d.AA87CB8BC6575C03A2AEFB6521C08B55.e.155"}]}
RESULT: {"script":"<script> [8489 bytes]","args":[{"element-6066-11e4-a52e-4f735466cecf":"f.8E6BFA2ED3A3A2D86F199707E5BEEB8B.d.AA87CB8BC6575C03A2AEFB6521C08B55.e.155","ELEMENT":"f.8E6BFA2ED3A3A2D86F199707E5BEEB8B.d.AA87CB8BC6575C03A2AEFB6521C08B55.e.155"}]}
COMMAND: GET /session/7455601dddc232b6deafc0d190a18b4e/element/f.8E6BFA2ED3A3A2D86F199707E5BEEB8B.d.AA87CB8BC6575C03A2AEFB6521C08B55.e.155/enabled - {}
COMMAND: GET /session/7455601dddc232b6deafc0d190a18b4e/screenshot - {}
RESULT: {}
COMMAND: POST /session/7455601dddc232b6deafc0d190a18b4e/execute/sync - {"script":"<script> [8489 bytes]","args":[{"element-6066-11e4-a52e-4f735466cecf":"f.8E6BFA2ED3A3A2D86F199707E5BEEB8B.d.AA87CB8BC6575C03A2AEFB6521C08B55.e.155","ELEMENT":"f.8E6BFA2ED3A3A2D86F199707E5BEEB8B.d.AA87CB8BC6575C03A2AEFB6521C08B55.e.155"}]}
COMMAND: GET /session/7455601dddc232b6deafc0d190a18b4e/screenshot - {}
RESULT: {}
RESULT: {"script":"<script> [8489 bytes]","args":[{"element-6066-11e4-a52e-4f735466cecf":"f.8E6BFA2ED3A3A2D86F199707E5BEEB8B.d.AA87CB8BC6575C03A2AEFB6521C08B55.e.155","ELEMENT":"f.8E6BFA2ED3A3A2D86F199707E5BEEB8B.d.AA87CB8BC6575C03A2AEFB6521C08B55.e.155"}]}
COMMAND: POST /session/7455601dddc232b6deafc0d190a18b4e/execute/sync - {"script":"<script> [5351 bytes]","args":[{"element-6066-11e4-a52e-4f735466cecf":"f.8E6BFA2ED3A3A2D86F199707E5BEEB8B.d.AA87CB8BC6575C03A2AEFB6521C08B55.e.155","ELEMENT":"f.8E6BFA2ED3A3A2D86F199707E5BEEB8B.d.AA87CB8BC6575C03A2AEFB6521C08B55.e.155"}]}
COMMAND: GET /session/7455601dddc232b6deafc0d190a18b4e/screenshot - {}
RESULT: {}
RESULT: {"script":"<script> [5351 bytes]","args":[{"element-6066-11e4-a52e-4f735466cecf":"f.8E6BFA2ED3A3A2D86F199707E5BEEB8B.d.AA87CB8BC6575C03A2AEFB6521C08B55.e.155","ELEMENT":"f.8E6BFA2ED3A3A2D86F199707E5BEEB8B.d.AA87CB8BC6575C03A2AEFB6521C08B55.e.155"}]}
COMMAND: GET /session/7455601dddc232b6deafc0d190a18b4e/screenshot - {}
RESULT: {}
RESULT: {}
COMMAND: POST /session/7455601dddc232b6deafc0d190a18b4e/element - {"using":"xpath","value":"//bdi[contains(text(), \"Create new Draft\")]"}
RESULT: {"using":"xpath","value":"//bdi[contains(text(), \"Create new Draft\")]"}
COMMAND: POST /session/7455601dddc232b6deafc0d190a18b4e/element/f.8E6BFA2ED3A3A2D86F199707E5BEEB8B.d.AA87CB8BC6575C03A2AEFB6521C08B55.e.155/click - {}
RESULT: {}
COMMAND: GET /session/7455601dddc232b6deafc0d190a18b4e/screenshot - {}
RESULT: {}
COMMAND: POST /session/7455601dddc232b6deafc0d190a18b4e/element - {"using":"xpath","value":"//li[.//div[text()=\"Address\"]]"}
RESULT: {"using":"xpath","value":"//li[.//div[text()=\"Address\"]]"}
COMMAND: POST /session/7455601dddc232b6deafc0d190a18b4e/element/f.8E6BFA2ED3A3A2D86F199707E5BEEB8B.d.AA87CB8BC6575C03A2AEFB6521C08B55.e.297/click - {}
RESULT: {}
COMMAND: GET /session/7455601dddc232b6deafc0d190a18b4e/screenshot - {}
COMMAND: POST /session/7455601dddc232b6deafc0d190a18b4e/file - {"file":"[base64] 7080 bytes"}
RESULT: {}
RESULT: {"file":"[base64] 7080 bytes"}
COMMAND: POST /session/7455601dddc232b6deafc0d190a18b4e/element - {"using":"xpath","value":"//input[(@type=\"file\") and contains(@id,\"BOList-10-0-1-uploader-fu\")]"}
RESULT: {"using":"xpath","value":"//input[(@type=\"file\") and contains(@id,\"BOList-10-0-1-uploader-fu\")]"}
COMMAND: POST /session/7455601dddc232b6deafc0d190a18b4e/element/f.8E6BFA2ED3A3A2D86F199707E5BEEB8B.d.AA87CB8BC6575C03A2AEFB6521C08B55.e.299/clear - {}
RESULT: {}
COMMAND: POST /session/7455601dddc232b6deafc0d190a18b4e/element/f.8E6BFA2ED3A3A2D86F199707E5BEEB8B.d.AA87CB8BC6575C03A2AEFB6521C08B55.e.299/value - {"text":"C:\\Windows\\SystemTemp\\scoped_dir4148_563422209\\upload4148_1320617609\\Address.xlsx"}
COMMAND: GET /session/7455601dddc232b6deafc0d190a18b4e/screenshot - {}
RESULT: {"text":"C:\\Windows\\SystemTemp\\scoped_dir4148_563422209\\upload4148_1320617609\\Address.xlsx"}
COMMAND: GET /session/7455601dddc232b6deafc0d190a18b4e/screenshot - {}
RESULT: {}
RESULT: {}
COMMAND: POST /session/7455601dddc232b6deafc0d190a18b4e/element - {"using":"xpath","value":"//bdi[contains(text(), \"Match by name\")]"}
RESULT: {"using":"xpath","value":"//bdi[contains(text(), \"Match by name\")]"}
COMMAND: POST /session/7455601dddc232b6deafc0d190a18b4e/element/f.8E6BFA2ED3A3A2D86F199707E5BEEB8B.d.AA87CB8BC6575C03A2AEFB6521C08B55.e.313/click - {}
RESULT: {}
COMMAND: GET /session/7455601dddc232b6deafc0d190a18b4e/screenshot - {}
RESULT: {}
COMMAND: POST /session/7455601dddc232b6deafc0d190a18b4e/element - {"using":"xpath","value":"//bdi[text() = \"OK\"]"}
RESULT: {"using":"xpath","value":"//bdi[text() = \"OK\"]"}
COMMAND: POST /session/7455601dddc232b6deafc0d190a18b4e/element/f.8E6BFA2ED3A3A2D86F199707E5BEEB8B.d.AA87CB8BC6575C03A2AEFB6521C08B55.e.314/click - {}
RESULT: {}
COMMAND: GET /session/7455601dddc232b6deafc0d190a18b4e/screenshot - {}
RESULT: {}
COMMAND: POST /session/7455601dddc232b6deafc0d190a18b4e/element - {"using":"xpath","value":"//button[contains(@id,\"uploadBtn\")]"}
RESULT: {"using":"xpath","value":"//button[contains(@id,\"uploadBtn\")]"}
COMMAND: POST /session/7455601dddc232b6deafc0d190a18b4e/element/f.8E6BFA2ED3A3A2D86F199707E5BEEB8B.d.AA87CB8BC6575C03A2AEFB6521C08B55.e.195/click - {}
RESULT: {}
COMMAND: GET /session/7455601dddc232b6deafc0d190a18b4e/screenshot - {}
RESULT: {}
COMMAND: POST /session/7455601dddc232b6deafc0d190a18b4e/element - {"using":"xpath","value":"//button[.//bdi[contains(text(),\"Refresh Logs\")]]"}
RESULT: {"using":"xpath","value":"//button[.//bdi[contains(text(),\"Refresh Logs\")]]"}
COMMAND: POST /session/7455601dddc232b6deafc0d190a18b4e/element/f.8E6BFA2ED3A3A2D86F199707E5BEEB8B.d.AA87CB8BC6575C03A2AEFB6521C08B55.e.325/click - {}
RESULT: {}
COMMAND: GET /session/7455601dddc232b6deafc0d190a18b4e/screenshot - {}
RESULT: {}
COMMAND: POST /session/7455601dddc232b6deafc0d190a18b4e/element - {"using":"xpath","value":"//table[contains(@id,\"customHandoversTable-listUl\")]/tbody/tr[1]/td[4]/span"}
RESULT: {"using":"xpath","value":"//table[contains(@id,\"customHandoversTable-listUl\")]/tbody/tr[1]/td[4]/span"}
COMMAND: POST /session/7455601dddc232b6deafc0d190a18b4e/execute/sync - {"script":"<script> [56 bytes]","args":[{"element-6066-11e4-a52e-4f735466cecf":"f.8E6BFA2ED3A3A2D86F199707E5BEEB8B.d.AA87CB8BC6575C03A2AEFB6521C08B55.e.616","ELEMENT":"f.8E6BFA2ED3A3A2D86F199707E5BEEB8B.d.AA87CB8BC6575C03A2AEFB6521C08B55.e.616"}]}
RESULT: {"script":"<script> [56 bytes]","args":[{"element-6066-11e4-a52e-4f735466cecf":"f.8E6BFA2ED3A3A2D86F199707E5BEEB8B.d.AA87CB8BC6575C03A2AEFB6521C08B55.e.616","ELEMENT":"f.8E6BFA2ED3A3A2D86F199707E5BEEB8B.d.AA87CB8BC6575C03A2AEFB6521C08B55.e.616"}]}
COMMAND: POST /session/7455601dddc232b6deafc0d190a18b4e/element - {"using":"xpath","value":"//table[contains(@id,\"customHandoversTable-listUl\")]/tbody/tr[1]/td[7]/div/span[2]"}
COMMAND: GET /session/7455601dddc232b6deafc0d190a18b4e/screenshot - {}
RESULT: {"using":"xpath","value":"//table[contains(@id,\"customHandoversTable-listUl\")]/tbody/tr[1]/td[7]/div/span[2]"}
COMMAND: POST /session/7455601dddc232b6deafc0d190a18b4e/execute/sync - {"script":"<script> [56 bytes]","args":[{"element-6066-11e4-a52e-4f735466cecf":"f.8E6BFA2ED3A3A2D86F199707E5BEEB8B.d.AA87CB8BC6575C03A2AEFB6521C08B55.e.617","ELEMENT":"f.8E6BFA2ED3A3A2D86F199707E5BEEB8B.d.AA87CB8BC6575C03A2AEFB6521C08B55.e.617"}]}
RESULT: {}
RESULT: {"script":"<script> [56 bytes]","args":[{"element-6066-11e4-a52e-4f735466cecf":"f.8E6BFA2ED3A3A2D86F199707E5BEEB8B.d.AA87CB8BC6575C03A2AEFB6521C08B55.e.617","ELEMENT":"f.8E6BFA2ED3A3A2D86F199707E5BEEB8B.d.AA87CB8BC6575C03A2AEFB6521C08B55.e.617"}]}
COMMAND: POST /session/7455601dddc232b6deafc0d190a18b4e/element - {"using":"xpath","value":"//table[contains(@id,\"customHandoversTable-listUl\")]/tbody/tr[1]/td[8]/div/span[2]"}
COMMAND: GET /session/7455601dddc232b6deafc0d190a18b4e/screenshot - {}
RESULT: {"using":"xpath","value":"//table[contains(@id,\"customHandoversTable-listUl\")]/tbody/tr[1]/td[8]/div/span[2]"}
COMMAND: POST /session/7455601dddc232b6deafc0d190a18b4e/execute/sync - {"script":"<script> [56 bytes]","args":[{"element-6066-11e4-a52e-4f735466cecf":"f.8E6BFA2ED3A3A2D86F199707E5BEEB8B.d.AA87CB8BC6575C03A2AEFB6521C08B55.e.620","ELEMENT":"f.8E6BFA2ED3A3A2D86F199707E5BEEB8B.d.AA87CB8BC6575C03A2AEFB6521C08B55.e.620"}]}
RESULT: {}
RESULT: {"script":"<script> [56 bytes]","args":[{"element-6066-11e4-a52e-4f735466cecf":"f.8E6BFA2ED3A3A2D86F199707E5BEEB8B.d.AA87CB8BC6575C03A2AEFB6521C08B55.e.620","ELEMENT":"f.8E6BFA2ED3A3A2D86F199707E5BEEB8B.d.AA87CB8BC6575C03A2AEFB6521C08B55.e.620"}]}
COMMAND: GET /session/7455601dddc232b6deafc0d190a18b4e/screenshot - {}
RESULT: {}
COMMAND: POST /session/7455601dddc232b6deafc0d190a18b4e/execute/async - {"script":"<script> [1562 bytes]","args":[{"selector":{"controlType":"sap.ui.core.Icon","viewName":"bbs.dxcw.migration.view.migration.MigrationMaster","properties":{"src":{"regex":{"source":"notes"}}}},"wdio_ui5_key":"bbsdxcw.migration.view.migration.MigrationMastersap.ui.core.Icon{\"src\":{\"regex\":{\"source\":\"notes\"}}}"}]}
RESULT: {"script":"<script> [1562 bytes]","args":[{"selector":{"controlType":"sap.ui.core.Icon","viewName":"bbs.dxcw.migration.view.migration.MigrationMaster","properties":{"src":{"regex":{"source":"notes"}}}},"wdio_ui5_key":"bbsdxcw.migration.view.migration.MigrationMastersap.ui.core.Icon{\"src\":{\"regex\":{\"source\":\"notes\"}}}"}]}
RESULT: undefined
COMMAND: POST /session/7455601dddc232b6deafc0d190a18b4e/element - {"using":"xpath","value":"//*[@id=\"__filter0-icon\"]"}
RESULT: {"using":"xpath","value":"//*[@id=\"__filter0-icon\"]"}
COMMAND: POST /session/7455601dddc232b6deafc0d190a18b4e/element/f.8E6BFA2ED3A3A2D86F199707E5BEEB8B.d.AA87CB8BC6575C03A2AEFB6521C08B55.e.621/click - {}
RESULT: {}
COMMAND: GET /session/7455601dddc232b6deafc0d190a18b4e/screenshot - {}
RESULT: {}
]]></system-out>
    </testcase>
    <testcase classname="chrome.136_0_7103_93.windows.Tests_for_DXCW_CAE_environment,_including_specific_login_to_the_system_US" name="Should upload yard file entry used for later tests as master data US156291" time="46.795">
      <system-out><![CDATA[
COMMAND: POST /session/7455601dddc232b6deafc0d190a18b4e/element - {"using":"xpath","value":"//bdi[contains(text(), \"Create new Draft\")]"}
RESULT: {"using":"xpath","value":"//bdi[contains(text(), \"Create new Draft\")]"}
COMMAND: POST /session/7455601dddc232b6deafc0d190a18b4e/element/f.8E6BFA2ED3A3A2D86F199707E5BEEB8B.d.AA87CB8BC6575C03A2AEFB6521C08B55.e.625/click - {}
RESULT: {}
COMMAND: GET /session/7455601dddc232b6deafc0d190a18b4e/screenshot - {}
RESULT: {}
COMMAND: POST /session/7455601dddc232b6deafc0d190a18b4e/element - {"using":"xpath","value":"//li[.//div[text()=\"Yards\"]]"}
RESULT: {"using":"xpath","value":"//li[.//div[text()=\"Yards\"]]"}
COMMAND: POST /session/7455601dddc232b6deafc0d190a18b4e/element/f.8E6BFA2ED3A3A2D86F199707E5BEEB8B.d.AA87CB8BC6575C03A2AEFB6521C08B55.e.744/click - {}
RESULT: {}
COMMAND: GET /session/7455601dddc232b6deafc0d190a18b4e/screenshot - {}
COMMAND: POST /session/7455601dddc232b6deafc0d190a18b4e/file - {"file":"[base64] 6816 bytes"}
RESULT: {}
RESULT: {"file":"[base64] 6816 bytes"}
COMMAND: POST /session/7455601dddc232b6deafc0d190a18b4e/element - {"using":"xpath","value":"//input[(@type=\"file\") and contains(@id,\"BOList-15-0-1-uploader-fu\")]"}
RESULT: {"using":"xpath","value":"//input[(@type=\"file\") and contains(@id,\"BOList-15-0-1-uploader-fu\")]"}
COMMAND: POST /session/7455601dddc232b6deafc0d190a18b4e/element/f.8E6BFA2ED3A3A2D86F199707E5BEEB8B.d.AA87CB8BC6575C03A2AEFB6521C08B55.e.747/clear - {}
RESULT: {}
COMMAND: POST /session/7455601dddc232b6deafc0d190a18b4e/element/f.8E6BFA2ED3A3A2D86F199707E5BEEB8B.d.AA87CB8BC6575C03A2AEFB6521C08B55.e.747/value - {"text":"C:\\Windows\\SystemTemp\\scoped_dir4148_563422209\\upload4148_2141340064\\Yards.xlsx"}
COMMAND: GET /session/7455601dddc232b6deafc0d190a18b4e/screenshot - {}
RESULT: {}
RESULT: {"text":"C:\\Windows\\SystemTemp\\scoped_dir4148_563422209\\upload4148_2141340064\\Yards.xlsx"}
COMMAND: GET /session/7455601dddc232b6deafc0d190a18b4e/screenshot - {}
RESULT: {}
COMMAND: POST /session/7455601dddc232b6deafc0d190a18b4e/element - {"using":"xpath","value":"//bdi[contains(text(), \"Match by name\")]"}
RESULT: {"using":"xpath","value":"//bdi[contains(text(), \"Match by name\")]"}
COMMAND: POST /session/7455601dddc232b6deafc0d190a18b4e/element/f.8E6BFA2ED3A3A2D86F199707E5BEEB8B.d.AA87CB8BC6575C03A2AEFB6521C08B55.e.755/click - {}
RESULT: {}
COMMAND: GET /session/7455601dddc232b6deafc0d190a18b4e/screenshot - {}
RESULT: {}
COMMAND: POST /session/7455601dddc232b6deafc0d190a18b4e/element - {"using":"xpath","value":"//bdi[text() = \"OK\"]"}
RESULT: {"using":"xpath","value":"//bdi[text() = \"OK\"]"}
COMMAND: POST /session/7455601dddc232b6deafc0d190a18b4e/element/f.8E6BFA2ED3A3A2D86F199707E5BEEB8B.d.AA87CB8BC6575C03A2AEFB6521C08B55.e.756/click - {}
RESULT: {}
COMMAND: GET /session/7455601dddc232b6deafc0d190a18b4e/screenshot - {}
RESULT: {}
COMMAND: POST /session/7455601dddc232b6deafc0d190a18b4e/element - {"using":"xpath","value":"//button[contains(@id,\"uploadBtn\")]"}
RESULT: {"using":"xpath","value":"//button[contains(@id,\"uploadBtn\")]"}
COMMAND: POST /session/7455601dddc232b6deafc0d190a18b4e/element/f.8E6BFA2ED3A3A2D86F199707E5BEEB8B.d.AA87CB8BC6575C03A2AEFB6521C08B55.e.195/click - {}
RESULT: {}
COMMAND: GET /session/7455601dddc232b6deafc0d190a18b4e/screenshot - {}
RESULT: {}
COMMAND: POST /session/7455601dddc232b6deafc0d190a18b4e/element - {"using":"xpath","value":"//button[.//bdi[contains(text(),\"Refresh Logs\")]]"}
RESULT: {"using":"xpath","value":"//button[.//bdi[contains(text(),\"Refresh Logs\")]]"}
COMMAND: POST /session/7455601dddc232b6deafc0d190a18b4e/element/f.8E6BFA2ED3A3A2D86F199707E5BEEB8B.d.AA87CB8BC6575C03A2AEFB6521C08B55.e.763/click - {}
RESULT: {}
COMMAND: GET /session/7455601dddc232b6deafc0d190a18b4e/screenshot - {}
RESULT: {}
COMMAND: POST /session/7455601dddc232b6deafc0d190a18b4e/element - {"using":"xpath","value":"//table[contains(@id,\"customHandoversTable-listUl\")]/tbody/tr[1]/td[4]/span"}
RESULT: {"using":"xpath","value":"//table[contains(@id,\"customHandoversTable-listUl\")]/tbody/tr[1]/td[4]/span"}
COMMAND: POST /session/7455601dddc232b6deafc0d190a18b4e/execute/sync - {"script":"<script> [56 bytes]","args":[{"element-6066-11e4-a52e-4f735466cecf":"f.8E6BFA2ED3A3A2D86F199707E5BEEB8B.d.AA87CB8BC6575C03A2AEFB6521C08B55.e.1051","ELEMENT":"f.8E6BFA2ED3A3A2D86F199707E5BEEB8B.d.AA87CB8BC6575C03A2AEFB6521C08B55.e.1051"}]}
RESULT: {"script":"<script> [56 bytes]","args":[{"element-6066-11e4-a52e-4f735466cecf":"f.8E6BFA2ED3A3A2D86F199707E5BEEB8B.d.AA87CB8BC6575C03A2AEFB6521C08B55.e.1051","ELEMENT":"f.8E6BFA2ED3A3A2D86F199707E5BEEB8B.d.AA87CB8BC6575C03A2AEFB6521C08B55.e.1051"}]}
COMMAND: POST /session/7455601dddc232b6deafc0d190a18b4e/element - {"using":"xpath","value":"//table[contains(@id,\"customHandoversTable-listUl\")]/tbody/tr[1]/td[7]/div/span[2]"}
COMMAND: GET /session/7455601dddc232b6deafc0d190a18b4e/screenshot - {}
RESULT: {"using":"xpath","value":"//table[contains(@id,\"customHandoversTable-listUl\")]/tbody/tr[1]/td[7]/div/span[2]"}
COMMAND: POST /session/7455601dddc232b6deafc0d190a18b4e/execute/sync - {"script":"<script> [56 bytes]","args":[{"element-6066-11e4-a52e-4f735466cecf":"f.8E6BFA2ED3A3A2D86F199707E5BEEB8B.d.AA87CB8BC6575C03A2AEFB6521C08B55.e.1052","ELEMENT":"f.8E6BFA2ED3A3A2D86F199707E5BEEB8B.d.AA87CB8BC6575C03A2AEFB6521C08B55.e.1052"}]}
RESULT: {}
RESULT: {"script":"<script> [56 bytes]","args":[{"element-6066-11e4-a52e-4f735466cecf":"f.8E6BFA2ED3A3A2D86F199707E5BEEB8B.d.AA87CB8BC6575C03A2AEFB6521C08B55.e.1052","ELEMENT":"f.8E6BFA2ED3A3A2D86F199707E5BEEB8B.d.AA87CB8BC6575C03A2AEFB6521C08B55.e.1052"}]}
COMMAND: POST /session/7455601dddc232b6deafc0d190a18b4e/element - {"using":"xpath","value":"//table[contains(@id,\"customHandoversTable-listUl\")]/tbody/tr[1]/td[8]/div/span[2]"}
COMMAND: GET /session/7455601dddc232b6deafc0d190a18b4e/screenshot - {}
RESULT: {"using":"xpath","value":"//table[contains(@id,\"customHandoversTable-listUl\")]/tbody/tr[1]/td[8]/div/span[2]"}
COMMAND: POST /session/7455601dddc232b6deafc0d190a18b4e/execute/sync - {"script":"<script> [56 bytes]","args":[{"element-6066-11e4-a52e-4f735466cecf":"f.8E6BFA2ED3A3A2D86F199707E5BEEB8B.d.AA87CB8BC6575C03A2AEFB6521C08B55.e.1055","ELEMENT":"f.8E6BFA2ED3A3A2D86F199707E5BEEB8B.d.AA87CB8BC6575C03A2AEFB6521C08B55.e.1055"}]}
RESULT: {}
RESULT: {"script":"<script> [56 bytes]","args":[{"element-6066-11e4-a52e-4f735466cecf":"f.8E6BFA2ED3A3A2D86F199707E5BEEB8B.d.AA87CB8BC6575C03A2AEFB6521C08B55.e.1055","ELEMENT":"f.8E6BFA2ED3A3A2D86F199707E5BEEB8B.d.AA87CB8BC6575C03A2AEFB6521C08B55.e.1055"}]}
COMMAND: GET /session/7455601dddc232b6deafc0d190a18b4e/screenshot - {}
RESULT: {}
RESULT: undefined
COMMAND: POST /session/7455601dddc232b6deafc0d190a18b4e/element - {"using":"xpath","value":"//*[@id=\"__filter0-icon\"]"}
RESULT: {"using":"xpath","value":"//*[@id=\"__filter0-icon\"]"}
COMMAND: POST /session/7455601dddc232b6deafc0d190a18b4e/element/f.8E6BFA2ED3A3A2D86F199707E5BEEB8B.d.AA87CB8BC6575C03A2AEFB6521C08B55.e.621/click - {}
RESULT: {}
COMMAND: GET /session/7455601dddc232b6deafc0d190a18b4e/screenshot - {}
RESULT: {}
]]></system-out>
    </testcase>
    <testcase classname="chrome.136_0_7103_93.windows.Tests_for_DXCW_CAE_environment,_including_specific_login_to_the_system_US" name="Should upload compound partner files entry used for later tests as master data US156291" time="64.711">
      <system-out><![CDATA[
COMMAND: POST /session/7455601dddc232b6deafc0d190a18b4e/element - {"using":"xpath","value":"//bdi[contains(text(), \"Create new Draft\")]"}
RESULT: {"using":"xpath","value":"//bdi[contains(text(), \"Create new Draft\")]"}
COMMAND: POST /session/7455601dddc232b6deafc0d190a18b4e/element/f.8E6BFA2ED3A3A2D86F199707E5BEEB8B.d.AA87CB8BC6575C03A2AEFB6521C08B55.e.1059/click - {}
RESULT: {}
COMMAND: GET /session/7455601dddc232b6deafc0d190a18b4e/screenshot - {}
RESULT: {}
COMMAND: POST /session/7455601dddc232b6deafc0d190a18b4e/element - {"using":"xpath","value":"//li[.//div[text()=\"Partners\"]]"}
RESULT: {"using":"xpath","value":"//li[.//div[text()=\"Partners\"]]"}
COMMAND: POST /session/7455601dddc232b6deafc0d190a18b4e/element/f.8E6BFA2ED3A3A2D86F199707E5BEEB8B.d.AA87CB8BC6575C03A2AEFB6521C08B55.e.1173/click - {}
RESULT: {}
COMMAND: GET /session/7455601dddc232b6deafc0d190a18b4e/screenshot - {}
COMMAND: POST /session/7455601dddc232b6deafc0d190a18b4e/file - {"file":"[base64] 6748 bytes"}
RESULT: {}
RESULT: {"file":"[base64] 6748 bytes"}
COMMAND: POST /session/7455601dddc232b6deafc0d190a18b4e/element - {"using":"xpath","value":"//input[(@type=\"file\") and contains(@id,\"BOList-4-0-1-uploader-fu\")]"}
RESULT: {"using":"xpath","value":"//input[(@type=\"file\") and contains(@id,\"BOList-4-0-1-uploader-fu\")]"}
COMMAND: POST /session/7455601dddc232b6deafc0d190a18b4e/element/f.8E6BFA2ED3A3A2D86F199707E5BEEB8B.d.AA87CB8BC6575C03A2AEFB6521C08B55.e.1182/clear - {}
RESULT: {}
COMMAND: POST /session/7455601dddc232b6deafc0d190a18b4e/element/f.8E6BFA2ED3A3A2D86F199707E5BEEB8B.d.AA87CB8BC6575C03A2AEFB6521C08B55.e.1182/value - {"text":"C:\\Windows\\SystemTemp\\scoped_dir4148_563422209\\upload4148_121322794\\Partners.xlsx"}
COMMAND: GET /session/7455601dddc232b6deafc0d190a18b4e/screenshot - {}
RESULT: {"text":"C:\\Windows\\SystemTemp\\scoped_dir4148_563422209\\upload4148_121322794\\Partners.xlsx"}
COMMAND: GET /session/7455601dddc232b6deafc0d190a18b4e/screenshot - {}
RESULT: {}
RESULT: {}
COMMAND: POST /session/7455601dddc232b6deafc0d190a18b4e/element - {"using":"xpath","value":"//bdi[contains(text(), \"Match by name\")]"}
RESULT: {"using":"xpath","value":"//bdi[contains(text(), \"Match by name\")]"}
COMMAND: POST /session/7455601dddc232b6deafc0d190a18b4e/element/f.8E6BFA2ED3A3A2D86F199707E5BEEB8B.d.AA87CB8BC6575C03A2AEFB6521C08B55.e.1193/click - {}
RESULT: {}
COMMAND: GET /session/7455601dddc232b6deafc0d190a18b4e/screenshot - {}
RESULT: {}
COMMAND: POST /session/7455601dddc232b6deafc0d190a18b4e/element - {"using":"xpath","value":"//bdi[text() = \"OK\"]"}
RESULT: {"using":"xpath","value":"//bdi[text() = \"OK\"]"}
COMMAND: POST /session/7455601dddc232b6deafc0d190a18b4e/element/f.8E6BFA2ED3A3A2D86F199707E5BEEB8B.d.AA87CB8BC6575C03A2AEFB6521C08B55.e.1194/click - {}
RESULT: {}
COMMAND: GET /session/7455601dddc232b6deafc0d190a18b4e/screenshot - {}
RESULT: {}
COMMAND: POST /session/7455601dddc232b6deafc0d190a18b4e/file - {"file":"[base64] 6428 bytes"}
RESULT: {"file":"[base64] 6428 bytes"}
COMMAND: POST /session/7455601dddc232b6deafc0d190a18b4e/element - {"using":"xpath","value":"//input[(@type=\"file\") and contains(@id,\"BOList-4-1-1-uploader-fu\")]"}
RESULT: {"using":"xpath","value":"//input[(@type=\"file\") and contains(@id,\"BOList-4-1-1-uploader-fu\")]"}
COMMAND: POST /session/7455601dddc232b6deafc0d190a18b4e/element/f.8E6BFA2ED3A3A2D86F199707E5BEEB8B.d.AA87CB8BC6575C03A2AEFB6521C08B55.e.1197/clear - {}
RESULT: {}
COMMAND: POST /session/7455601dddc232b6deafc0d190a18b4e/element/f.8E6BFA2ED3A3A2D86F199707E5BEEB8B.d.AA87CB8BC6575C03A2AEFB6521C08B55.e.1197/value - {"text":"C:\\Windows\\SystemTemp\\scoped_dir4148_563422209\\upload4148_51197524\\YardsPartners.xlsx"}
COMMAND: GET /session/7455601dddc232b6deafc0d190a18b4e/screenshot - {}
RESULT: {"text":"C:\\Windows\\SystemTemp\\scoped_dir4148_563422209\\upload4148_51197524\\YardsPartners.xlsx"}
COMMAND: GET /session/7455601dddc232b6deafc0d190a18b4e/screenshot - {}
RESULT: {}
RESULT: {}
COMMAND: POST /session/7455601dddc232b6deafc0d190a18b4e/element - {"using":"xpath","value":"//bdi[contains(text(), \"Match by name\")]"}
RESULT: {"using":"xpath","value":"//bdi[contains(text(), \"Match by name\")]"}
COMMAND: POST /session/7455601dddc232b6deafc0d190a18b4e/element/f.8E6BFA2ED3A3A2D86F199707E5BEEB8B.d.AA87CB8BC6575C03A2AEFB6521C08B55.e.1205/click - {}
RESULT: {}
COMMAND: GET /session/7455601dddc232b6deafc0d190a18b4e/screenshot - {}
RESULT: {}
COMMAND: POST /session/7455601dddc232b6deafc0d190a18b4e/element - {"using":"xpath","value":"//bdi[text() = \"OK\"]"}
RESULT: {"using":"xpath","value":"//bdi[text() = \"OK\"]"}
COMMAND: POST /session/7455601dddc232b6deafc0d190a18b4e/element/f.8E6BFA2ED3A3A2D86F199707E5BEEB8B.d.AA87CB8BC6575C03A2AEFB6521C08B55.e.1206/click - {}
RESULT: {}
COMMAND: GET /session/7455601dddc232b6deafc0d190a18b4e/screenshot - {}
RESULT: {}
COMMAND: POST /session/7455601dddc232b6deafc0d190a18b4e/execute/async - {"script":"<script> [1562 bytes]","args":[{"selector":{"controlType":"sap.m.Switch","viewName":"bbs.dxcw.migration.view.migration.MigrationNewDraft","bindingPath":{"path":"","propertyPath":"/isComposition","modelName":"ContentModel"},"interaction":{"idSuffix":"textoff"}},"wdio_ui5_key":"bbsdxcw.migration.view.migration.MigrationNewDraftsap.m.Switch{\"path\":\"\",\"propertyPath\":\"/isComposition\",\"modelName\":\"ContentModel\"}"}]}
RESULT: {"script":"<script> [1562 bytes]","args":[{"selector":{"controlType":"sap.m.Switch","viewName":"bbs.dxcw.migration.view.migration.MigrationNewDraft","bindingPath":{"path":"","propertyPath":"/isComposition","modelName":"ContentModel"},"interaction":{"idSuffix":"textoff"}},"wdio_ui5_key":"bbsdxcw.migration.view.migration.MigrationNewDraftsap.m.Switch{\"path\":\"\",\"propertyPath\":\"/isComposition\",\"modelName\":\"ContentModel\"}"}]}
RESULT: undefined
COMMAND: POST /session/7455601dddc232b6deafc0d190a18b4e/element - {"using":"xpath","value":"//*[@id=\"__switch0\"]"}
RESULT: {"using":"xpath","value":"//*[@id=\"__switch0\"]"}
COMMAND: POST /session/7455601dddc232b6deafc0d190a18b4e/element/f.8E6BFA2ED3A3A2D86F199707E5BEEB8B.d.AA87CB8BC6575C03A2AEFB6521C08B55.e.187/click - {}
RESULT: {}
COMMAND: POST /session/7455601dddc232b6deafc0d190a18b4e/element - {"using":"xpath","value":"//button[contains(@id,\"uploadBtn\")]"}
COMMAND: GET /session/7455601dddc232b6deafc0d190a18b4e/screenshot - {}
RESULT: {"using":"xpath","value":"//button[contains(@id,\"uploadBtn\")]"}
COMMAND: POST /session/7455601dddc232b6deafc0d190a18b4e/element/f.8E6BFA2ED3A3A2D86F199707E5BEEB8B.d.AA87CB8BC6575C03A2AEFB6521C08B55.e.195/click - {}
RESULT: {}
RESULT: {}
COMMAND: GET /session/7455601dddc232b6deafc0d190a18b4e/screenshot - {}
RESULT: {}
COMMAND: POST /session/7455601dddc232b6deafc0d190a18b4e/element - {"using":"xpath","value":"//button[.//bdi[contains(text(),\"Refresh Logs\")]]"}
RESULT: {"using":"xpath","value":"//button[.//bdi[contains(text(),\"Refresh Logs\")]]"}
COMMAND: POST /session/7455601dddc232b6deafc0d190a18b4e/element/f.8E6BFA2ED3A3A2D86F199707E5BEEB8B.d.AA87CB8BC6575C03A2AEFB6521C08B55.e.1218/click - {}
RESULT: {}
COMMAND: GET /session/7455601dddc232b6deafc0d190a18b4e/screenshot - {}
RESULT: {}
COMMAND: POST /session/7455601dddc232b6deafc0d190a18b4e/element - {"using":"xpath","value":"//table[contains(@id,\"customHandoversTable-listUl\")]/tbody/tr[1]/td[4]/span"}
RESULT: {"using":"xpath","value":"//table[contains(@id,\"customHandoversTable-listUl\")]/tbody/tr[1]/td[4]/span"}
COMMAND: POST /session/7455601dddc232b6deafc0d190a18b4e/execute/sync - {"script":"<script> [56 bytes]","args":[{"element-6066-11e4-a52e-4f735466cecf":"f.8E6BFA2ED3A3A2D86F199707E5BEEB8B.d.AA87CB8BC6575C03A2AEFB6521C08B55.e.1500","ELEMENT":"f.8E6BFA2ED3A3A2D86F199707E5BEEB8B.d.AA87CB8BC6575C03A2AEFB6521C08B55.e.1500"}]}
RESULT: {"script":"<script> [56 bytes]","args":[{"element-6066-11e4-a52e-4f735466cecf":"f.8E6BFA2ED3A3A2D86F199707E5BEEB8B.d.AA87CB8BC6575C03A2AEFB6521C08B55.e.1500","ELEMENT":"f.8E6BFA2ED3A3A2D86F199707E5BEEB8B.d.AA87CB8BC6575C03A2AEFB6521C08B55.e.1500"}]}
COMMAND: POST /session/7455601dddc232b6deafc0d190a18b4e/element - {"using":"xpath","value":"//table[contains(@id,\"customHandoversTable-listUl\")]/tbody/tr[1]/td[7]/div/span[2]"}
COMMAND: GET /session/7455601dddc232b6deafc0d190a18b4e/screenshot - {}
RESULT: {"using":"xpath","value":"//table[contains(@id,\"customHandoversTable-listUl\")]/tbody/tr[1]/td[7]/div/span[2]"}
COMMAND: POST /session/7455601dddc232b6deafc0d190a18b4e/execute/sync - {"script":"<script> [56 bytes]","args":[{"element-6066-11e4-a52e-4f735466cecf":"f.8E6BFA2ED3A3A2D86F199707E5BEEB8B.d.AA87CB8BC6575C03A2AEFB6521C08B55.e.1501","ELEMENT":"f.8E6BFA2ED3A3A2D86F199707E5BEEB8B.d.AA87CB8BC6575C03A2AEFB6521C08B55.e.1501"}]}
RESULT: {}
RESULT: {"script":"<script> [56 bytes]","args":[{"element-6066-11e4-a52e-4f735466cecf":"f.8E6BFA2ED3A3A2D86F199707E5BEEB8B.d.AA87CB8BC6575C03A2AEFB6521C08B55.e.1501","ELEMENT":"f.8E6BFA2ED3A3A2D86F199707E5BEEB8B.d.AA87CB8BC6575C03A2AEFB6521C08B55.e.1501"}]}
COMMAND: POST /session/7455601dddc232b6deafc0d190a18b4e/element - {"using":"xpath","value":"//table[contains(@id,\"customHandoversTable-listUl\")]/tbody/tr[1]/td[8]/div/span[2]"}
COMMAND: GET /session/7455601dddc232b6deafc0d190a18b4e/screenshot - {}
RESULT: {"using":"xpath","value":"//table[contains(@id,\"customHandoversTable-listUl\")]/tbody/tr[1]/td[8]/div/span[2]"}
COMMAND: POST /session/7455601dddc232b6deafc0d190a18b4e/execute/sync - {"script":"<script> [56 bytes]","args":[{"element-6066-11e4-a52e-4f735466cecf":"f.8E6BFA2ED3A3A2D86F199707E5BEEB8B.d.AA87CB8BC6575C03A2AEFB6521C08B55.e.1504","ELEMENT":"f.8E6BFA2ED3A3A2D86F199707E5BEEB8B.d.AA87CB8BC6575C03A2AEFB6521C08B55.e.1504"}]}
RESULT: {}
RESULT: {"script":"<script> [56 bytes]","args":[{"element-6066-11e4-a52e-4f735466cecf":"f.8E6BFA2ED3A3A2D86F199707E5BEEB8B.d.AA87CB8BC6575C03A2AEFB6521C08B55.e.1504","ELEMENT":"f.8E6BFA2ED3A3A2D86F199707E5BEEB8B.d.AA87CB8BC6575C03A2AEFB6521C08B55.e.1504"}]}
COMMAND: GET /session/7455601dddc232b6deafc0d190a18b4e/screenshot - {}
RESULT: {}
RESULT: undefined
COMMAND: POST /session/7455601dddc232b6deafc0d190a18b4e/element - {"using":"xpath","value":"//*[@id=\"__filter0-icon\"]"}
RESULT: {"using":"xpath","value":"//*[@id=\"__filter0-icon\"]"}
COMMAND: POST /session/7455601dddc232b6deafc0d190a18b4e/element/f.8E6BFA2ED3A3A2D86F199707E5BEEB8B.d.AA87CB8BC6575C03A2AEFB6521C08B55.e.621/click - {}
RESULT: {}
COMMAND: GET /session/7455601dddc232b6deafc0d190a18b4e/screenshot - {}
RESULT: {}
]]></system-out>
    </testcase>
    <testcase classname="chrome.136_0_7103_93.windows.Tests_for_DXCW_CAE_environment,_including_specific_login_to_the_system_US" name="Should upload site file entry used for later tests as master data US156291" time="55.351">
      <system-out><![CDATA[
COMMAND: POST /session/7455601dddc232b6deafc0d190a18b4e/element - {"using":"xpath","value":"//bdi[contains(text(), \"Create new Draft\")]"}
RESULT: {"using":"xpath","value":"//bdi[contains(text(), \"Create new Draft\")]"}
COMMAND: POST /session/7455601dddc232b6deafc0d190a18b4e/element/f.8E6BFA2ED3A3A2D86F199707E5BEEB8B.d.AA87CB8BC6575C03A2AEFB6521C08B55.e.1508/click - {}
RESULT: {}
COMMAND: GET /session/7455601dddc232b6deafc0d190a18b4e/screenshot - {}
RESULT: {}
COMMAND: POST /session/7455601dddc232b6deafc0d190a18b4e/element - {"using":"xpath","value":"//li[.//div[text()=\"Sites\"]]"}
RESULT: {"using":"xpath","value":"//li[.//div[text()=\"Sites\"]]"}
COMMAND: POST /session/7455601dddc232b6deafc0d190a18b4e/element/f.8E6BFA2ED3A3A2D86F199707E5BEEB8B.d.AA87CB8BC6575C03A2AEFB6521C08B55.e.1178/click - {}
RESULT: {}
COMMAND: GET /session/7455601dddc232b6deafc0d190a18b4e/screenshot - {}
COMMAND: POST /session/7455601dddc232b6deafc0d190a18b4e/file - {"file":"[base64] 6440 bytes"}
RESULT: {}
RESULT: {"file":"[base64] 6440 bytes"}
COMMAND: POST /session/7455601dddc232b6deafc0d190a18b4e/element - {"using":"xpath","value":"//input[(@type=\"file\") and contains(@id,\"BOList-9-0-1-uploader-fu\")]"}
RESULT: {"using":"xpath","value":"//input[(@type=\"file\") and contains(@id,\"BOList-9-0-1-uploader-fu\")]"}
COMMAND: POST /session/7455601dddc232b6deafc0d190a18b4e/element/f.8E6BFA2ED3A3A2D86F199707E5BEEB8B.d.AA87CB8BC6575C03A2AEFB6521C08B55.e.1625/clear - {}
RESULT: {}
COMMAND: POST /session/7455601dddc232b6deafc0d190a18b4e/element/f.8E6BFA2ED3A3A2D86F199707E5BEEB8B.d.AA87CB8BC6575C03A2AEFB6521C08B55.e.1625/value - {"text":"C:\\Windows\\SystemTemp\\scoped_dir4148_563422209\\upload4148_2010095127\\Sites.xlsx"}
COMMAND: GET /session/7455601dddc232b6deafc0d190a18b4e/screenshot - {}
RESULT: {"text":"C:\\Windows\\SystemTemp\\scoped_dir4148_563422209\\upload4148_2010095127\\Sites.xlsx"}
COMMAND: GET /session/7455601dddc232b6deafc0d190a18b4e/screenshot - {}
RESULT: {}
RESULT: {}
COMMAND: POST /session/7455601dddc232b6deafc0d190a18b4e/element - {"using":"xpath","value":"//bdi[contains(text(), \"Match by name\")]"}
RESULT: {"using":"xpath","value":"//bdi[contains(text(), \"Match by name\")]"}
COMMAND: POST /session/7455601dddc232b6deafc0d190a18b4e/element/f.8E6BFA2ED3A3A2D86F199707E5BEEB8B.d.AA87CB8BC6575C03A2AEFB6521C08B55.e.1634/click - {}
RESULT: {}
COMMAND: GET /session/7455601dddc232b6deafc0d190a18b4e/screenshot - {}
RESULT: {}
COMMAND: POST /session/7455601dddc232b6deafc0d190a18b4e/element - {"using":"xpath","value":"//bdi[text() = \"OK\"]"}
RESULT: {"using":"xpath","value":"//bdi[text() = \"OK\"]"}
COMMAND: POST /session/7455601dddc232b6deafc0d190a18b4e/element/f.8E6BFA2ED3A3A2D86F199707E5BEEB8B.d.AA87CB8BC6575C03A2AEFB6521C08B55.e.1635/click - {}
RESULT: {}
COMMAND: GET /session/7455601dddc232b6deafc0d190a18b4e/screenshot - {}
RESULT: {}
COMMAND: POST /session/7455601dddc232b6deafc0d190a18b4e/element - {"using":"xpath","value":"//button[contains(@id,\"uploadBtn\")]"}
RESULT: {"using":"xpath","value":"//button[contains(@id,\"uploadBtn\")]"}
COMMAND: POST /session/7455601dddc232b6deafc0d190a18b4e/element/f.8E6BFA2ED3A3A2D86F199707E5BEEB8B.d.AA87CB8BC6575C03A2AEFB6521C08B55.e.195/click - {}
RESULT: {}
COMMAND: GET /session/7455601dddc232b6deafc0d190a18b4e/screenshot - {}
RESULT: {}
COMMAND: POST /session/7455601dddc232b6deafc0d190a18b4e/element - {"using":"xpath","value":"//button[.//bdi[contains(text(),\"Refresh Logs\")]]"}
RESULT: {"using":"xpath","value":"//button[.//bdi[contains(text(),\"Refresh Logs\")]]"}
COMMAND: POST /session/7455601dddc232b6deafc0d190a18b4e/element/f.8E6BFA2ED3A3A2D86F199707E5BEEB8B.d.AA87CB8BC6575C03A2AEFB6521C08B55.e.1642/click - {}
RESULT: {}
COMMAND: GET /session/7455601dddc232b6deafc0d190a18b4e/screenshot - {}
RESULT: {}
COMMAND: POST /session/7455601dddc232b6deafc0d190a18b4e/element - {"using":"xpath","value":"//table[contains(@id,\"customHandoversTable-listUl\")]/tbody/tr[1]/td[4]/span"}
RESULT: {"using":"xpath","value":"//table[contains(@id,\"customHandoversTable-listUl\")]/tbody/tr[1]/td[4]/span"}
COMMAND: POST /session/7455601dddc232b6deafc0d190a18b4e/execute/sync - {"script":"<script> [56 bytes]","args":[{"element-6066-11e4-a52e-4f735466cecf":"f.8E6BFA2ED3A3A2D86F199707E5BEEB8B.d.AA87CB8BC6575C03A2AEFB6521C08B55.e.1926","ELEMENT":"f.8E6BFA2ED3A3A2D86F199707E5BEEB8B.d.AA87CB8BC6575C03A2AEFB6521C08B55.e.1926"}]}
RESULT: {"script":"<script> [56 bytes]","args":[{"element-6066-11e4-a52e-4f735466cecf":"f.8E6BFA2ED3A3A2D86F199707E5BEEB8B.d.AA87CB8BC6575C03A2AEFB6521C08B55.e.1926","ELEMENT":"f.8E6BFA2ED3A3A2D86F199707E5BEEB8B.d.AA87CB8BC6575C03A2AEFB6521C08B55.e.1926"}]}
COMMAND: POST /session/7455601dddc232b6deafc0d190a18b4e/element - {"using":"xpath","value":"//table[contains(@id,\"customHandoversTable-listUl\")]/tbody/tr[1]/td[7]/div/span[2]"}
COMMAND: GET /session/7455601dddc232b6deafc0d190a18b4e/screenshot - {}
RESULT: {"using":"xpath","value":"//table[contains(@id,\"customHandoversTable-listUl\")]/tbody/tr[1]/td[7]/div/span[2]"}
COMMAND: POST /session/7455601dddc232b6deafc0d190a18b4e/execute/sync - {"script":"<script> [56 bytes]","args":[{"element-6066-11e4-a52e-4f735466cecf":"f.8E6BFA2ED3A3A2D86F199707E5BEEB8B.d.AA87CB8BC6575C03A2AEFB6521C08B55.e.1927","ELEMENT":"f.8E6BFA2ED3A3A2D86F199707E5BEEB8B.d.AA87CB8BC6575C03A2AEFB6521C08B55.e.1927"}]}
RESULT: {}
RESULT: {"script":"<script> [56 bytes]","args":[{"element-6066-11e4-a52e-4f735466cecf":"f.8E6BFA2ED3A3A2D86F199707E5BEEB8B.d.AA87CB8BC6575C03A2AEFB6521C08B55.e.1927","ELEMENT":"f.8E6BFA2ED3A3A2D86F199707E5BEEB8B.d.AA87CB8BC6575C03A2AEFB6521C08B55.e.1927"}]}
COMMAND: POST /session/7455601dddc232b6deafc0d190a18b4e/element - {"using":"xpath","value":"//table[contains(@id,\"customHandoversTable-listUl\")]/tbody/tr[1]/td[8]/div/span[2]"}
COMMAND: GET /session/7455601dddc232b6deafc0d190a18b4e/screenshot - {}
RESULT: {"using":"xpath","value":"//table[contains(@id,\"customHandoversTable-listUl\")]/tbody/tr[1]/td[8]/div/span[2]"}
COMMAND: POST /session/7455601dddc232b6deafc0d190a18b4e/execute/sync - {"script":"<script> [56 bytes]","args":[{"element-6066-11e4-a52e-4f735466cecf":"f.8E6BFA2ED3A3A2D86F199707E5BEEB8B.d.AA87CB8BC6575C03A2AEFB6521C08B55.e.1930","ELEMENT":"f.8E6BFA2ED3A3A2D86F199707E5BEEB8B.d.AA87CB8BC6575C03A2AEFB6521C08B55.e.1930"}]}
RESULT: {}
RESULT: {"script":"<script> [56 bytes]","args":[{"element-6066-11e4-a52e-4f735466cecf":"f.8E6BFA2ED3A3A2D86F199707E5BEEB8B.d.AA87CB8BC6575C03A2AEFB6521C08B55.e.1930","ELEMENT":"f.8E6BFA2ED3A3A2D86F199707E5BEEB8B.d.AA87CB8BC6575C03A2AEFB6521C08B55.e.1930"}]}
COMMAND: GET /session/7455601dddc232b6deafc0d190a18b4e/screenshot - {}
RESULT: {}
RESULT: undefined
COMMAND: POST /session/7455601dddc232b6deafc0d190a18b4e/element - {"using":"xpath","value":"//*[@id=\"__filter0-icon\"]"}
RESULT: {"using":"xpath","value":"//*[@id=\"__filter0-icon\"]"}
COMMAND: POST /session/7455601dddc232b6deafc0d190a18b4e/element/f.8E6BFA2ED3A3A2D86F199707E5BEEB8B.d.AA87CB8BC6575C03A2AEFB6521C08B55.e.621/click - {}
RESULT: {}
COMMAND: GET /session/7455601dddc232b6deafc0d190a18b4e/screenshot - {}
RESULT: {}
COMMAND: POST /session/7455601dddc232b6deafc0d190a18b4e/element - {"using":"css selector","value":"#shell-header-logo"}
RESULT: {"using":"css selector","value":"#shell-header-logo"}
COMMAND: POST /session/7455601dddc232b6deafc0d190a18b4e/element/f.8E6BFA2ED3A3A2D86F199707E5BEEB8B.d.AA87CB8BC6575C03A2AEFB6521C08B55.e.133/click - {}
RESULT: {}
COMMAND: GET /session/7455601dddc232b6deafc0d190a18b4e/screenshot - {}
RESULT: {}
COMMAND: POST /session/7455601dddc232b6deafc0d190a18b4e/element - {"using":"css selector","value":"#j_username"}
COMMAND: POST /session/7455601dddc232b6deafc0d190a18b4e/url - {"url":"https://qa-testing-00-live-etm-ui.cfapps.eu10-004.hana.ondemand.com/"}
RESULT: {"using":"css selector","value":"#j_username"}
COMMAND: POST /session/7455601dddc232b6deafc0d190a18b4e/element - {"using":"css selector","value":"#j_username"}
RESULT: {"url":"https://qa-testing-00-live-etm-ui.cfapps.eu10-004.hana.ondemand.com/"}
RESULT: undefined
COMMAND: GET /session/7455601dddc232b6deafc0d190a18b4e/screenshot - {}
RESULT: {"using":"css selector","value":"#j_username"}
COMMAND: POST /session/7455601dddc232b6deafc0d190a18b4e/element - {"using":"css selector","value":"#shell-header-logo"}
RESULT: {}
RESULT: {"using":"css selector","value":"#shell-header-logo"}
COMMAND: POST /session/7455601dddc232b6deafc0d190a18b4e/execute/sync - {"script":"<script> [8489 bytes]","args":[{"element-6066-11e4-a52e-4f735466cecf":"f.8E6BFA2ED3A3A2D86F199707E5BEEB8B.d.569AB01E54B2CCBD87D41E6D73DC4B0F.e.1941","ELEMENT":"f.8E6BFA2ED3A3A2D86F199707E5BEEB8B.d.569AB01E54B2CCBD87D41E6D73DC4B0F.e.1941"}]}
RESULT: {"script":"<script> [8489 bytes]","args":[{"element-6066-11e4-a52e-4f735466cecf":"f.8E6BFA2ED3A3A2D86F199707E5BEEB8B.d.569AB01E54B2CCBD87D41E6D73DC4B0F.e.1941","ELEMENT":"f.8E6BFA2ED3A3A2D86F199707E5BEEB8B.d.569AB01E54B2CCBD87D41E6D73DC4B0F.e.1941"}]}
COMMAND: POST /session/7455601dddc232b6deafc0d190a18b4e/element - {"using":"css selector","value":"#shell-header-logo"}
COMMAND: GET /session/7455601dddc232b6deafc0d190a18b4e/screenshot - {}
RESULT: {"using":"css selector","value":"#shell-header-logo"}
COMMAND: POST /session/7455601dddc232b6deafc0d190a18b4e/execute/sync - {"script":"<script> [8489 bytes]","args":[{"element-6066-11e4-a52e-4f735466cecf":"f.8E6BFA2ED3A3A2D86F199707E5BEEB8B.d.569AB01E54B2CCBD87D41E6D73DC4B0F.e.1941","ELEMENT":"f.8E6BFA2ED3A3A2D86F199707E5BEEB8B.d.569AB01E54B2CCBD87D41E6D73DC4B0F.e.1941"}]}
RESULT: {}
RESULT: {"script":"<script> [8489 bytes]","args":[{"element-6066-11e4-a52e-4f735466cecf":"f.8E6BFA2ED3A3A2D86F199707E5BEEB8B.d.569AB01E54B2CCBD87D41E6D73DC4B0F.e.1941","ELEMENT":"f.8E6BFA2ED3A3A2D86F199707E5BEEB8B.d.569AB01E54B2CCBD87D41E6D73DC4B0F.e.1941"}]}
COMMAND: POST /session/7455601dddc232b6deafc0d190a18b4e/execute/sync - {"script":"<script> [5351 bytes]","args":[{"element-6066-11e4-a52e-4f735466cecf":"f.8E6BFA2ED3A3A2D86F199707E5BEEB8B.d.569AB01E54B2CCBD87D41E6D73DC4B0F.e.1941","ELEMENT":"f.8E6BFA2ED3A3A2D86F199707E5BEEB8B.d.569AB01E54B2CCBD87D41E6D73DC4B0F.e.1941"}]}
COMMAND: GET /session/7455601dddc232b6deafc0d190a18b4e/screenshot - {}
RESULT: {"script":"<script> [5351 bytes]","args":[{"element-6066-11e4-a52e-4f735466cecf":"f.8E6BFA2ED3A3A2D86F199707E5BEEB8B.d.569AB01E54B2CCBD87D41E6D73DC4B0F.e.1941","ELEMENT":"f.8E6BFA2ED3A3A2D86F199707E5BEEB8B.d.569AB01E54B2CCBD87D41E6D73DC4B0F.e.1941"}]}
COMMAND: POST /session/7455601dddc232b6deafc0d190a18b4e/element - {"using":"css selector","value":"#shell-header-logo"}
COMMAND: GET /session/7455601dddc232b6deafc0d190a18b4e/screenshot - {}
RESULT: {}
RESULT: {"using":"css selector","value":"#shell-header-logo"}
COMMAND: POST /session/7455601dddc232b6deafc0d190a18b4e/element/f.8E6BFA2ED3A3A2D86F199707E5BEEB8B.d.569AB01E54B2CCBD87D41E6D73DC4B0F.e.1941/click - {}
RESULT: {}
RESULT: {}
COMMAND: GET /session/7455601dddc232b6deafc0d190a18b4e/screenshot - {}
RESULT: {}
COMMAND: POST /session/7455601dddc232b6deafc0d190a18b4e/execute/async - {"script":"<script> [189 bytes]","args":[]}
RESULT: {"script":"<script> [189 bytes]","args":[]}
COMMAND: POST /session/7455601dddc232b6deafc0d190a18b4e/execute/async - {"script":"<script> [123 bytes]","args":[]}
RESULT: {"script":"<script> [123 bytes]","args":[]}
COMMAND: POST /session/7455601dddc232b6deafc0d190a18b4e/timeouts - {"script":"<number>"}
RESULT: {"script":"<number>"}
COMMAND: GET /session/7455601dddc232b6deafc0d190a18b4e/timeouts - {}
RESULT: {}
RESULT: undefined
COMMAND: POST /session/7455601dddc232b6deafc0d190a18b4e/execute/async - {"script":"<script> [2676 bytes]","args":[]}
RESULT: {"script":"<script> [2676 bytes]","args":[]}
COMMAND: POST /session/7455601dddc232b6deafc0d190a18b4e/execute/async - {"script":"<script> [2342 bytes]","args":[{"protocol":"http","hostname":"0.0.0.0","path":"/","capabilities":{"browserName":"chrome","goog:chromeOptions":{"binary":"C:\\Program Files\\Google\\Chrome\\Application\\chrome.exe","args":["--start-maximized"]}},"logLevel":"warn","connectionRetryTimeout":120000,"connectionRetryCount":3,"logLevels":{},"enableDirectConnect":true,"strictSSL":true,"_":"65 more keys: [\"cacheDir\",\"port\",\"requestedCapabilities\",\"automationProtocol\",\"baseUrl\",\"waitforInterval\",\"waitforTimeout\",\"onReload\",\"beforeCommand\",\"afterCommand\",\"rootDir\",\"specs\",\"suites\",\"exclude\",\"groupLogsByTestSpec\",\"excludeDriverLogs\",\"bail\",\"framework\",\"reporters\",\"services\",\"maxInstances\",\"maxInstancesPerCapability\",\"injectGlobals\",\"filesToWatch\",\"execArgv\",\"runnerEnv\",\"runner\",\"shard\",\"specFileRetries\",\"specFileRetriesDelay\",\"specFileRetriesDeferred\",\"reporterSyncInterval\",\"reporterSyncTimeout\",\"cucumberFeaturesWithLineNumbers\",\"autoCompileOpts\",\"mochaOpts\",\"jasmineOpts\",\"cucumberOpts\",\"onPrepare\",\"onWorkerStart\",\"onWorkerEnd\",\"before\",\"beforeSession\",\"beforeSuite\",\"beforeHook\",\"beforeTest\",\"afterTest\",\"afterHook\",\"afterSuite\",\"afterSession\",\"after\",\"onComplete\",\"beforeAssertion\",\"afterAssertion\",\"beforeFeature\",\"beforeScenario\",\"beforeStep\",\"afterStep\",\"afterScenario\",\"afterFeature\",\"_\",\"suite\",\"$0\",\"ignoredWorkerServices\",\"wdi5\"]"}]}
RESULT: {"script":"<script> [2342 bytes]","args":[{"protocol":"http","hostname":"0.0.0.0","path":"/","capabilities":{"browserName":"chrome","goog:chromeOptions":{"binary":"C:\\Program Files\\Google\\Chrome\\Application\\chrome.exe","args":["--start-maximized"]}},"logLevel":"warn","connectionRetryTimeout":120000,"connectionRetryCount":3,"logLevels":{},"enableDirectConnect":true,"strictSSL":true,"_":"65 more keys: [\"cacheDir\",\"port\",\"requestedCapabilities\",\"automationProtocol\",\"baseUrl\",\"waitforInterval\",\"waitforTimeout\",\"onReload\",\"beforeCommand\",\"afterCommand\",\"rootDir\",\"specs\",\"suites\",\"exclude\",\"groupLogsByTestSpec\",\"excludeDriverLogs\",\"bail\",\"framework\",\"reporters\",\"services\",\"maxInstances\",\"maxInstancesPerCapability\",\"injectGlobals\",\"filesToWatch\",\"execArgv\",\"runnerEnv\",\"runner\",\"shard\",\"specFileRetries\",\"specFileRetriesDelay\",\"specFileRetriesDeferred\",\"reporterSyncInterval\",\"reporterSyncTimeout\",\"cucumberFeaturesWithLineNumbers\",\"autoCompileOpts\",\"mochaOpts\",\"jasmineOpts\",\"cucumberOpts\",\"onPrepare\",\"onWorkerStart\",\"onWorkerEnd\",\"before\",\"beforeSession\",\"beforeSuite\",\"beforeHook\",\"beforeTest\",\"afterTest\",\"afterHook\",\"afterSuite\",\"afterSession\",\"after\",\"onComplete\",\"beforeAssertion\",\"afterAssertion\",\"beforeFeature\",\"beforeScenario\",\"beforeStep\",\"afterStep\",\"afterScenario\",\"afterFeature\",\"_\",\"suite\",\"$0\",\"ignoredWorkerServices\",\"wdi5\"]"}]}
COMMAND: POST /session/7455601dddc232b6deafc0d190a18b4e/execute/async - {"script":"<script> [21126 bytes]","args":[35000]}
RESULT: {"script":"<script> [21126 bytes]","args":[35000]}
COMMAND: POST /session/7455601dddc232b6deafc0d190a18b4e/window/maximize - {}
RESULT: {}
COMMAND: POST /session/7455601dddc232b6deafc0d190a18b4e/execute/async - {"script":"<script> [1562 bytes]","args":[{"selector":{"id":"shell-header","interaction":{"idSuffix":"icon"}},"wdio_ui5_key":"shellheader"}]}
COMMAND: GET /session/7455601dddc232b6deafc0d190a18b4e/screenshot - {}
RESULT: {"script":"<script> [1562 bytes]","args":[{"selector":{"id":"shell-header","interaction":{"idSuffix":"icon"}},"wdio_ui5_key":"shellheader"}]}
RESULT: undefined
COMMAND: POST /session/7455601dddc232b6deafc0d190a18b4e/refresh - {}
RESULT: {}
RESULT: {}
COMMAND: GET /session/7455601dddc232b6deafc0d190a18b4e/screenshot - {}
RESULT: {}
COMMAND: POST /session/7455601dddc232b6deafc0d190a18b4e/refresh - {}
RESULT: {}
COMMAND: GET /session/7455601dddc232b6deafc0d190a18b4e/screenshot - {}
RESULT: {}
COMMAND: POST /session/7455601dddc232b6deafc0d190a18b4e/window/fullscreen - {}
RESULT: {}
COMMAND: POST /session/7455601dddc232b6deafc0d190a18b4e/execute/async - {"script":"<script> [189 bytes]","args":[]}
RESULT: {"script":"<script> [189 bytes]","args":[]}
COMMAND: POST /session/7455601dddc232b6deafc0d190a18b4e/execute/async - {"script":"<script> [123 bytes]","args":[]}
RESULT: {"script":"<script> [123 bytes]","args":[]}
COMMAND: POST /session/7455601dddc232b6deafc0d190a18b4e/timeouts - {"script":"<number>"}
RESULT: {"script":"<number>"}
COMMAND: GET /session/7455601dddc232b6deafc0d190a18b4e/timeouts - {}
RESULT: {}
RESULT: undefined
COMMAND: POST /session/7455601dddc232b6deafc0d190a18b4e/execute/async - {"script":"<script> [2676 bytes]","args":[]}
RESULT: {"script":"<script> [2676 bytes]","args":[]}
COMMAND: POST /session/7455601dddc232b6deafc0d190a18b4e/execute/async - {"script":"<script> [2342 bytes]","args":[{"protocol":"http","hostname":"0.0.0.0","path":"/","capabilities":{"browserName":"chrome","goog:chromeOptions":{"binary":"C:\\Program Files\\Google\\Chrome\\Application\\chrome.exe","args":["--start-maximized"]}},"logLevel":"warn","connectionRetryTimeout":120000,"connectionRetryCount":3,"logLevels":{},"enableDirectConnect":true,"strictSSL":true,"_":"65 more keys: [\"cacheDir\",\"port\",\"requestedCapabilities\",\"automationProtocol\",\"baseUrl\",\"waitforInterval\",\"waitforTimeout\",\"onReload\",\"beforeCommand\",\"afterCommand\",\"rootDir\",\"specs\",\"suites\",\"exclude\",\"groupLogsByTestSpec\",\"excludeDriverLogs\",\"bail\",\"framework\",\"reporters\",\"services\",\"maxInstances\",\"maxInstancesPerCapability\",\"injectGlobals\",\"filesToWatch\",\"execArgv\",\"runnerEnv\",\"runner\",\"shard\",\"specFileRetries\",\"specFileRetriesDelay\",\"specFileRetriesDeferred\",\"reporterSyncInterval\",\"reporterSyncTimeout\",\"cucumberFeaturesWithLineNumbers\",\"autoCompileOpts\",\"mochaOpts\",\"jasmineOpts\",\"cucumberOpts\",\"onPrepare\",\"onWorkerStart\",\"onWorkerEnd\",\"before\",\"beforeSession\",\"beforeSuite\",\"beforeHook\",\"beforeTest\",\"afterTest\",\"afterHook\",\"afterSuite\",\"afterSession\",\"after\",\"onComplete\",\"beforeAssertion\",\"afterAssertion\",\"beforeFeature\",\"beforeScenario\",\"beforeStep\",\"afterStep\",\"afterScenario\",\"afterFeature\",\"_\",\"suite\",\"$0\",\"ignoredWorkerServices\",\"wdi5\"]"}]}
RESULT: {"script":"<script> [2342 bytes]","args":[{"protocol":"http","hostname":"0.0.0.0","path":"/","capabilities":{"browserName":"chrome","goog:chromeOptions":{"binary":"C:\\Program Files\\Google\\Chrome\\Application\\chrome.exe","args":["--start-maximized"]}},"logLevel":"warn","connectionRetryTimeout":120000,"connectionRetryCount":3,"logLevels":{},"enableDirectConnect":true,"strictSSL":true,"_":"65 more keys: [\"cacheDir\",\"port\",\"requestedCapabilities\",\"automationProtocol\",\"baseUrl\",\"waitforInterval\",\"waitforTimeout\",\"onReload\",\"beforeCommand\",\"afterCommand\",\"rootDir\",\"specs\",\"suites\",\"exclude\",\"groupLogsByTestSpec\",\"excludeDriverLogs\",\"bail\",\"framework\",\"reporters\",\"services\",\"maxInstances\",\"maxInstancesPerCapability\",\"injectGlobals\",\"filesToWatch\",\"execArgv\",\"runnerEnv\",\"runner\",\"shard\",\"specFileRetries\",\"specFileRetriesDelay\",\"specFileRetriesDeferred\",\"reporterSyncInterval\",\"reporterSyncTimeout\",\"cucumberFeaturesWithLineNumbers\",\"autoCompileOpts\",\"mochaOpts\",\"jasmineOpts\",\"cucumberOpts\",\"onPrepare\",\"onWorkerStart\",\"onWorkerEnd\",\"before\",\"beforeSession\",\"beforeSuite\",\"beforeHook\",\"beforeTest\",\"afterTest\",\"afterHook\",\"afterSuite\",\"afterSession\",\"after\",\"onComplete\",\"beforeAssertion\",\"afterAssertion\",\"beforeFeature\",\"beforeScenario\",\"beforeStep\",\"afterStep\",\"afterScenario\",\"afterFeature\",\"_\",\"suite\",\"$0\",\"ignoredWorkerServices\",\"wdi5\"]"}]}
COMMAND: POST /session/7455601dddc232b6deafc0d190a18b4e/execute/async - {"script":"<script> [21126 bytes]","args":[35000]}
RESULT: {"script":"<script> [21126 bytes]","args":[35000]}
]]></system-out>
    </testcase>
  </testsuite>
  <testsuite timestamp="2025-05-27T17:24:32" time="1110.443" tests="12" failures="2" errors="2" skipped="0">
    <properties>
      <property name="specId" value="0"/>
      <property name="suiteName" value="Billing Transfer - Master data &amp; Intercompany US127250"/>
      <property name="capabilities" value="chrome.136_0_7103_93.windows"/>
      <property name="file" value="file:///D:/a/1/s/test/specs/BTS/billing-transfer-intercompany.spec.js"/>
    </properties>
    <testcase classname="chrome.136_0_7103_93.windows.Billing_Transfer_-_Master_data_&amp;_Intercompany_US127250" name="Should create a new yard" time="122.236">
      <system-out><![CDATA[
COMMAND: POST /session/7455601dddc232b6deafc0d190a18b4e/window/fullscreen - {}
RESULT: {}
COMMAND: POST /session/7455601dddc232b6deafc0d190a18b4e/execute/async - {"script":"<script> [1562 bytes]","args":[{"selector":{"controlType":"sap.m.GenericTile","properties":{"header":"Manage Yards"}},"wdio_ui5_key":"sapm.GenericTile{\"header\":\"Manage Yards\"}"}]}
RESULT: {"script":"<script> [1562 bytes]","args":[{"selector":{"controlType":"sap.m.GenericTile","properties":{"header":"Manage Yards"}},"wdio_ui5_key":"sapm.GenericTile{\"header\":\"Manage Yards\"}"}]}
RESULT: undefined
COMMAND: POST /session/7455601dddc232b6deafc0d190a18b4e/element - {"using":"xpath","value":"//*[@id=\"__tile41\"]"}
RESULT: {"using":"xpath","value":"//*[@id=\"__tile41\"]"}
COMMAND: POST /session/7455601dddc232b6deafc0d190a18b4e/element/f.8E6BFA2ED3A3A2D86F199707E5BEEB8B.d.B1FF3739AA73DD08EF9628CC9F0D1F21.e.2098/click - {}
RESULT: {}
COMMAND: GET /session/7455601dddc232b6deafc0d190a18b4e/screenshot - {}
RESULT: {}
COMMAND: POST /session/7455601dddc232b6deafc0d190a18b4e/elements - {"using":"xpath","value":"//span[text()='Error']"}
RESULT: {"using":"xpath","value":"//span[text()='Error']"}
COMMAND: POST /session/7455601dddc232b6deafc0d190a18b4e/element - {"using":"xpath","value":"//button[@data-kt=\"addNewYardOverflowToolbarButton\"]"}
RESULT: {"using":"xpath","value":"//button[@data-kt=\"addNewYardOverflowToolbarButton\"]"}
COMMAND: POST /session/7455601dddc232b6deafc0d190a18b4e/elements - {"using":"xpath","value":"//button[@data-kt=\"addNewYardOverflowToolbarButton\"]"}
RESULT: {"using":"xpath","value":"//button[@data-kt=\"addNewYardOverflowToolbarButton\"]"}
COMMAND: POST /session/7455601dddc232b6deafc0d190a18b4e/execute/sync - {"script":"<script> [8489 bytes]","args":[{"element-6066-11e4-a52e-4f735466cecf":"f.8E6BFA2ED3A3A2D86F199707E5BEEB8B.d.B1FF3739AA73DD08EF9628CC9F0D1F21.e.2241","ELEMENT":"f.8E6BFA2ED3A3A2D86F199707E5BEEB8B.d.B1FF3739AA73DD08EF9628CC9F0D1F21.e.2241"}]}
RESULT: {"script":"<script> [8489 bytes]","args":[{"element-6066-11e4-a52e-4f735466cecf":"f.8E6BFA2ED3A3A2D86F199707E5BEEB8B.d.B1FF3739AA73DD08EF9628CC9F0D1F21.e.2241","ELEMENT":"f.8E6BFA2ED3A3A2D86F199707E5BEEB8B.d.B1FF3739AA73DD08EF9628CC9F0D1F21.e.2241"}]}
COMMAND: GET /session/7455601dddc232b6deafc0d190a18b4e/element/f.8E6BFA2ED3A3A2D86F199707E5BEEB8B.d.B1FF3739AA73DD08EF9628CC9F0D1F21.e.2241/enabled - {}
COMMAND: GET /session/7455601dddc232b6deafc0d190a18b4e/screenshot - {}
RESULT: {}
COMMAND: POST /session/7455601dddc232b6deafc0d190a18b4e/execute/sync - {"script":"<script> [8489 bytes]","args":[{"element-6066-11e4-a52e-4f735466cecf":"f.8E6BFA2ED3A3A2D86F199707E5BEEB8B.d.B1FF3739AA73DD08EF9628CC9F0D1F21.e.2241","ELEMENT":"f.8E6BFA2ED3A3A2D86F199707E5BEEB8B.d.B1FF3739AA73DD08EF9628CC9F0D1F21.e.2241"}]}
COMMAND: GET /session/7455601dddc232b6deafc0d190a18b4e/screenshot - {}
RESULT: {}
RESULT: {"script":"<script> [8489 bytes]","args":[{"element-6066-11e4-a52e-4f735466cecf":"f.8E6BFA2ED3A3A2D86F199707E5BEEB8B.d.B1FF3739AA73DD08EF9628CC9F0D1F21.e.2241","ELEMENT":"f.8E6BFA2ED3A3A2D86F199707E5BEEB8B.d.B1FF3739AA73DD08EF9628CC9F0D1F21.e.2241"}]}
COMMAND: POST /session/7455601dddc232b6deafc0d190a18b4e/execute/sync - {"script":"<script> [5351 bytes]","args":[{"element-6066-11e4-a52e-4f735466cecf":"f.8E6BFA2ED3A3A2D86F199707E5BEEB8B.d.B1FF3739AA73DD08EF9628CC9F0D1F21.e.2241","ELEMENT":"f.8E6BFA2ED3A3A2D86F199707E5BEEB8B.d.B1FF3739AA73DD08EF9628CC9F0D1F21.e.2241"}]}
COMMAND: GET /session/7455601dddc232b6deafc0d190a18b4e/screenshot - {}
RESULT: {}
RESULT: {"script":"<script> [5351 bytes]","args":[{"element-6066-11e4-a52e-4f735466cecf":"f.8E6BFA2ED3A3A2D86F199707E5BEEB8B.d.B1FF3739AA73DD08EF9628CC9F0D1F21.e.2241","ELEMENT":"f.8E6BFA2ED3A3A2D86F199707E5BEEB8B.d.B1FF3739AA73DD08EF9628CC9F0D1F21.e.2241"}]}
COMMAND: POST /session/7455601dddc232b6deafc0d190a18b4e/element/f.8E6BFA2ED3A3A2D86F199707E5BEEB8B.d.B1FF3739AA73DD08EF9628CC9F0D1F21.e.2241/click - {}
COMMAND: GET /session/7455601dddc232b6deafc0d190a18b4e/screenshot - {}
RESULT: {}
RESULT: {}
COMMAND: GET /session/7455601dddc232b6deafc0d190a18b4e/screenshot - {}
COMMAND: POST /session/7455601dddc232b6deafc0d190a18b4e/element - {"using":"xpath","value":"//input[@id=\"application-manageyards-display-component---NewYard--yardId-inner\"]"}
RESULT: {}
RESULT: {}
RESULT: {"using":"xpath","value":"//input[@id=\"application-manageyards-display-component---NewYard--yardId-inner\"]"}
COMMAND: POST /session/7455601dddc232b6deafc0d190a18b4e/element - {"using":"xpath","value":"//input[@id=\"application-manageyards-display-component---NewYard--yardId-inner\"]"}
RESULT: {"using":"xpath","value":"//input[@id=\"application-manageyards-display-component---NewYard--yardId-inner\"]"}
COMMAND: POST /session/7455601dddc232b6deafc0d190a18b4e/execute/async - {"script":"<script> [1562 bytes]","args":[{"selector":{"id":"application-manageyards-display-component---NewYard--addressDetailDetailsName1","interaction":{"idSuffix":"inner"}},"wdio_ui5_key":"applicationmanageyards-display-component---NewYard--addressDetailDetailsName1"}]}
RESULT: {"script":"<script> [1562 bytes]","args":[{"selector":{"id":"application-manageyards-display-component---NewYard--addressDetailDetailsName1","interaction":{"idSuffix":"inner"}},"wdio_ui5_key":"applicationmanageyards-display-component---NewYard--addressDetailDetailsName1"}]}
RESULT: undefined
COMMAND: POST /session/7455601dddc232b6deafc0d190a18b4e/execute/async - {"script":"<script> [776 bytes]","args":[{"enterText":"Intercompany Yard wdIO","selector":{"id":"application-manageyards-display-component---NewYard--addressDetailDetailsName1","interaction":{"idSuffix":"inner"}},"clearTextFirst":true,"interactionType":"ENTER_TEXT"}]}
RESULT: {"script":"<script> [776 bytes]","args":[{"enterText":"Intercompany Yard wdIO","selector":{"id":"application-manageyards-display-component---NewYard--addressDetailDetailsName1","interaction":{"idSuffix":"inner"}},"clearTextFirst":true,"interactionType":"ENTER_TEXT"}]}
COMMAND: POST /session/7455601dddc232b6deafc0d190a18b4e/execute/async - {"script":"<script> [1562 bytes]","args":[{"selector":{"id":"application-manageyards-display-component---NewYard--addressDetailDetailsLanguage-arrow"},"wdio_ui5_key":"applicationmanageyards-display-component---NewYard--addressDetailDetailsLanguage-arrow"}]}
RESULT: {"script":"<script> [1562 bytes]","args":[{"selector":{"id":"application-manageyards-display-component---NewYard--addressDetailDetailsLanguage-arrow"},"wdio_ui5_key":"applicationmanageyards-display-component---NewYard--addressDetailDetailsLanguage-arrow"}]}
RESULT: undefined
COMMAND: POST /session/7455601dddc232b6deafc0d190a18b4e/element - {"using":"xpath","value":"//*[@id=\"application-manageyards-display-component---NewYard--addressDetailDetailsLanguage-arrow\"]"}
RESULT: {"using":"xpath","value":"//*[@id=\"application-manageyards-display-component---NewYard--addressDetailDetailsLanguage-arrow\"]"}
COMMAND: POST /session/7455601dddc232b6deafc0d190a18b4e/element/f.8E6BFA2ED3A3A2D86F199707E5BEEB8B.d.B1FF3739AA73DD08EF9628CC9F0D1F21.e.2660/click - {}
RESULT: {}
COMMAND: POST /session/7455601dddc232b6deafc0d190a18b4e/element - {"using":"xpath","value":"//span[contains(text(), \"English\")]"}
COMMAND: GET /session/7455601dddc232b6deafc0d190a18b4e/screenshot - {}
RESULT: {"using":"xpath","value":"//span[contains(text(), \"English\")]"}
COMMAND: POST /session/7455601dddc232b6deafc0d190a18b4e/element/f.8E6BFA2ED3A3A2D86F199707E5BEEB8B.d.B1FF3739AA73DD08EF9628CC9F0D1F21.e.2661/click - {}
RESULT: {}
RESULT: {}
COMMAND: POST /session/7455601dddc232b6deafc0d190a18b4e/execute/async - {"script":"<script> [1562 bytes]","args":[{"selector":{"id":"application-manageyards-display-component---NewYard--addressDetailDetailsCity1","interaction":{"idSuffix":"inner"}},"wdio_ui5_key":"applicationmanageyards-display-component---NewYard--addressDetailDetailsCity1"}]}
COMMAND: GET /session/7455601dddc232b6deafc0d190a18b4e/screenshot - {}
RESULT: {"script":"<script> [1562 bytes]","args":[{"selector":{"id":"application-manageyards-display-component---NewYard--addressDetailDetailsCity1","interaction":{"idSuffix":"inner"}},"wdio_ui5_key":"applicationmanageyards-display-component---NewYard--addressDetailDetailsCity1"}]}
RESULT: undefined
COMMAND: POST /session/7455601dddc232b6deafc0d190a18b4e/execute/async - {"script":"<script> [776 bytes]","args":[{"enterText":"Rosario","selector":{"id":"application-manageyards-display-component---NewYard--addressDetailDetailsCity1","interaction":{"idSuffix":"inner"}},"clearTextFirst":true,"interactionType":"ENTER_TEXT"}]}
RESULT: {}
RESULT: {"script":"<script> [776 bytes]","args":[{"enterText":"Rosario","selector":{"id":"application-manageyards-display-component---NewYard--addressDetailDetailsCity1","interaction":{"idSuffix":"inner"}},"clearTextFirst":true,"interactionType":"ENTER_TEXT"}]}
COMMAND: POST /session/7455601dddc232b6deafc0d190a18b4e/execute/async - {"script":"<script> [1562 bytes]","args":[{"selector":{"id":"application-manageyards-display-component---NewYard--addressDetailDetailsCountry-arrow"},"wdio_ui5_key":"applicationmanageyards-display-component---NewYard--addressDetailDetailsCountry-arrow"}]}
RESULT: {"script":"<script> [1562 bytes]","args":[{"selector":{"id":"application-manageyards-display-component---NewYard--addressDetailDetailsCountry-arrow"},"wdio_ui5_key":"applicationmanageyards-display-component---NewYard--addressDetailDetailsCountry-arrow"}]}
RESULT: undefined
COMMAND: POST /session/7455601dddc232b6deafc0d190a18b4e/element - {"using":"xpath","value":"//*[@id=\"application-manageyards-display-component---NewYard--addressDetailDetailsCountry-arrow\"]"}
RESULT: {"using":"xpath","value":"//*[@id=\"application-manageyards-display-component---NewYard--addressDetailDetailsCountry-arrow\"]"}
COMMAND: POST /session/7455601dddc232b6deafc0d190a18b4e/element/f.8E6BFA2ED3A3A2D86F199707E5BEEB8B.d.B1FF3739AA73DD08EF9628CC9F0D1F21.e.2663/click - {}
RESULT: {}
COMMAND: POST /session/7455601dddc232b6deafc0d190a18b4e/element - {"using":"xpath","value":"//span[contains(text(), \"Argentina\")]"}
COMMAND: GET /session/7455601dddc232b6deafc0d190a18b4e/screenshot - {}
RESULT: {"using":"xpath","value":"//span[contains(text(), \"Argentina\")]"}
COMMAND: POST /session/7455601dddc232b6deafc0d190a18b4e/element/f.8E6BFA2ED3A3A2D86F199707E5BEEB8B.d.B1FF3739AA73DD08EF9628CC9F0D1F21.e.2665/click - {}
RESULT: {}
RESULT: {}
COMMAND: POST /session/7455601dddc232b6deafc0d190a18b4e/execute/async - {"script":"<script> [1562 bytes]","args":[{"selector":{"id":"application-manageyards-display-component---NewYard--addressEditDetailsCostObjectCstType-arrow"},"wdio_ui5_key":"applicationmanageyards-display-component---NewYard--addressEditDetailsCostObjectCstType-arrow"}]}
COMMAND: GET /session/7455601dddc232b6deafc0d190a18b4e/screenshot - {}
RESULT: {"script":"<script> [1562 bytes]","args":[{"selector":{"id":"application-manageyards-display-component---NewYard--addressEditDetailsCostObjectCstType-arrow"},"wdio_ui5_key":"applicationmanageyards-display-component---NewYard--addressEditDetailsCostObjectCstType-arrow"}]}
RESULT: undefined
COMMAND: POST /session/7455601dddc232b6deafc0d190a18b4e/element - {"using":"xpath","value":"//*[@id=\"application-manageyards-display-component---NewYard--addressEditDetailsCostObjectCstType-arrow\"]"}
RESULT: {}
RESULT: {"using":"xpath","value":"//*[@id=\"application-manageyards-display-component---NewYard--addressEditDetailsCostObjectCstType-arrow\"]"}
COMMAND: POST /session/7455601dddc232b6deafc0d190a18b4e/element/f.8E6BFA2ED3A3A2D86F199707E5BEEB8B.d.B1FF3739AA73DD08EF9628CC9F0D1F21.e.2666/click - {}
RESULT: {}
COMMAND: POST /session/7455601dddc232b6deafc0d190a18b4e/element - {"using":"xpath","value":"//span[contains(text(), \"Cost Center\")]"}
COMMAND: GET /session/7455601dddc232b6deafc0d190a18b4e/screenshot - {}
RESULT: {"using":"xpath","value":"//span[contains(text(), \"Cost Center\")]"}
COMMAND: POST /session/7455601dddc232b6deafc0d190a18b4e/element/f.8E6BFA2ED3A3A2D86F199707E5BEEB8B.d.B1FF3739AA73DD08EF9628CC9F0D1F21.e.2667/click - {}
RESULT: {}
RESULT: {}
COMMAND: GET /session/7455601dddc232b6deafc0d190a18b4e/screenshot - {}
RESULT: {}
COMMAND: POST /session/7455601dddc232b6deafc0d190a18b4e/element - {"using":"xpath","value":"//span[@id=\"application-manageyards-display-component---NewYard--addressNewCostObjectCstID-vhi\"]"}
RESULT: {"using":"xpath","value":"//span[@id=\"application-manageyards-display-component---NewYard--addressNewCostObjectCstID-vhi\"]"}
COMMAND: POST /session/7455601dddc232b6deafc0d190a18b4e/execute/sync - {"script":"<script> [8489 bytes]","args":[{"element-6066-11e4-a52e-4f735466cecf":"f.8E6BFA2ED3A3A2D86F199707E5BEEB8B.d.B1FF3739AA73DD08EF9628CC9F0D1F21.e.2671","ELEMENT":"f.8E6BFA2ED3A3A2D86F199707E5BEEB8B.d.B1FF3739AA73DD08EF9628CC9F0D1F21.e.2671"}]}
RESULT: {"script":"<script> [8489 bytes]","args":[{"element-6066-11e4-a52e-4f735466cecf":"f.8E6BFA2ED3A3A2D86F199707E5BEEB8B.d.B1FF3739AA73DD08EF9628CC9F0D1F21.e.2671","ELEMENT":"f.8E6BFA2ED3A3A2D86F199707E5BEEB8B.d.B1FF3739AA73DD08EF9628CC9F0D1F21.e.2671"}]}
COMMAND: POST /session/7455601dddc232b6deafc0d190a18b4e/execute/async - {"script":"<script> [1562 bytes]","args":[{"selector":{"id":"application-manageyards-display-component---NewYard--addressNewCostObjectCstID-vhi"},"wdio_ui5_key":"applicationmanageyards-display-component---NewYard--addressNewCostObjectCstID-vhi"}]}
COMMAND: GET /session/7455601dddc232b6deafc0d190a18b4e/screenshot - {}
RESULT: {"script":"<script> [1562 bytes]","args":[{"selector":{"id":"application-manageyards-display-component---NewYard--addressNewCostObjectCstID-vhi"},"wdio_ui5_key":"applicationmanageyards-display-component---NewYard--addressNewCostObjectCstID-vhi"}]}
RESULT: undefined
COMMAND: POST /session/7455601dddc232b6deafc0d190a18b4e/element - {"using":"xpath","value":"//*[@id=\"application-manageyards-display-component---NewYard--addressNewCostObjectCstID-vhi\"]"}
RESULT: {}
RESULT: {"using":"xpath","value":"//*[@id=\"application-manageyards-display-component---NewYard--addressNewCostObjectCstID-vhi\"]"}
COMMAND: POST /session/7455601dddc232b6deafc0d190a18b4e/element/f.8E6BFA2ED3A3A2D86F199707E5BEEB8B.d.B1FF3739AA73DD08EF9628CC9F0D1F21.e.2671/click - {}
RESULT: {}
COMMAND: GET /session/7455601dddc232b6deafc0d190a18b4e/screenshot - {}
RESULT: {}
COMMAND: POST /session/7455601dddc232b6deafc0d190a18b4e/execute/async - {"script":"<script> [1562 bytes]","args":[{"selector":{"controlType":"sap.m.SearchField","properties":{"placeholder":"Search"},"searchOpenDialogs":true,"interaction":{"idSuffix":"I"}},"wdio_ui5_key":"sapm.SearchField{\"placeholder\":\"Search\"}"}]}
RESULT: {"script":"<script> [1562 bytes]","args":[{"selector":{"controlType":"sap.m.SearchField","properties":{"placeholder":"Search"},"searchOpenDialogs":true,"interaction":{"idSuffix":"I"}},"wdio_ui5_key":"sapm.SearchField{\"placeholder\":\"Search\"}"}]}
RESULT: undefined
COMMAND: POST /session/7455601dddc232b6deafc0d190a18b4e/execute/async - {"script":"<script> [776 bytes]","args":[{"enterText":"bauh_b","selector":{"controlType":"sap.m.SearchField","properties":{"placeholder":"Search"},"searchOpenDialogs":true,"interaction":{"idSuffix":"I"}},"clearTextFirst":true,"interactionType":"ENTER_TEXT"}]}
RESULT: {"script":"<script> [776 bytes]","args":[{"enterText":"bauh_b","selector":{"controlType":"sap.m.SearchField","properties":{"placeholder":"Search"},"searchOpenDialogs":true,"interaction":{"idSuffix":"I"}},"clearTextFirst":true,"interactionType":"ENTER_TEXT"}]}
COMMAND: POST /session/7455601dddc232b6deafc0d190a18b4e/actions - {"actions":[{"id":"action1","type":"key","parameters":{},"actions":[{"type":"keyDown","value":""},{"type":"pause","duration":10},{"type":"keyUp","value":""}]}]}
RESULT: {"actions":[{"id":"action1","type":"key","parameters":{},"actions":[{"type":"keyDown","value":""},{"type":"pause","duration":10},{"type":"keyUp","value":""}]}]}
COMMAND: GET /session/7455601dddc232b6deafc0d190a18b4e/screenshot - {}
RESULT: {}
COMMAND: POST /session/7455601dddc232b6deafc0d190a18b4e/element - {"using":"xpath","value":"//span[contains(text(), \"Demo Yard\")]"}
RESULT: {"using":"xpath","value":"//span[contains(text(), \"Demo Yard\")]"}
COMMAND: POST /session/7455601dddc232b6deafc0d190a18b4e/element/f.8E6BFA2ED3A3A2D86F199707E5BEEB8B.d.B1FF3739AA73DD08EF9628CC9F0D1F21.e.2713/click - {}
RESULT: {}
COMMAND: GET /session/7455601dddc232b6deafc0d190a18b4e/screenshot - {}
RESULT: {}
COMMAND: POST /session/7455601dddc232b6deafc0d190a18b4e/element - {"using":"xpath","value":"//bdi[contains(text(), \"OK\")]"}
RESULT: {"using":"xpath","value":"//bdi[contains(text(), \"OK\")]"}
COMMAND: POST /session/7455601dddc232b6deafc0d190a18b4e/element/f.8E6BFA2ED3A3A2D86F199707E5BEEB8B.d.B1FF3739AA73DD08EF9628CC9F0D1F21.e.2714/click - {}
RESULT: {}
COMMAND: GET /session/7455601dddc232b6deafc0d190a18b4e/screenshot - {}
RESULT: {}
COMMAND: POST /session/7455601dddc232b6deafc0d190a18b4e/execute/async - {"script":"<script> [1562 bytes]","args":[{"selector":{"id":"application-manageyards-display-component---NewYard--addressEditDetailsCurrency-arrow"},"wdio_ui5_key":"applicationmanageyards-display-component---NewYard--addressEditDetailsCurrency-arrow"}]}
RESULT: {"script":"<script> [1562 bytes]","args":[{"selector":{"id":"application-manageyards-display-component---NewYard--addressEditDetailsCurrency-arrow"},"wdio_ui5_key":"applicationmanageyards-display-component---NewYard--addressEditDetailsCurrency-arrow"}]}
RESULT: undefined
COMMAND: POST /session/7455601dddc232b6deafc0d190a18b4e/element - {"using":"xpath","value":"//*[@id=\"application-manageyards-display-component---NewYard--addressEditDetailsCurrency-arrow\"]"}
RESULT: {"using":"xpath","value":"//*[@id=\"application-manageyards-display-component---NewYard--addressEditDetailsCurrency-arrow\"]"}
COMMAND: POST /session/7455601dddc232b6deafc0d190a18b4e/element/f.8E6BFA2ED3A3A2D86F199707E5BEEB8B.d.B1FF3739AA73DD08EF9628CC9F0D1F21.e.2717/click - {}
RESULT: {}
COMMAND: POST /session/7455601dddc232b6deafc0d190a18b4e/element - {"using":"xpath","value":"//span[contains(text(), \"Euro\")]"}
COMMAND: GET /session/7455601dddc232b6deafc0d190a18b4e/screenshot - {}
RESULT: {"using":"xpath","value":"//span[contains(text(), \"Euro\")]"}
COMMAND: POST /session/7455601dddc232b6deafc0d190a18b4e/element/f.8E6BFA2ED3A3A2D86F199707E5BEEB8B.d.B1FF3739AA73DD08EF9628CC9F0D1F21.e.2718/click - {}
RESULT: {}
RESULT: {}
COMMAND: POST /session/7455601dddc232b6deafc0d190a18b4e/execute/async - {"script":"<script> [1562 bytes]","args":[{"selector":{"controlType":"sap.m.Input","viewName":"etm.portal.ui.manageyards.view.New","viewId":"application-manageyards-display-component---NewYard","bindingPath":{"path":"","propertyPath":"/CONTROLLING_AREA","modelName":"NewYardModel"},"interaction":{"idSuffix":"inner"}},"wdio_ui5_key":"etmportal.ui.manageyards.view.Newsap.m.Input{\"path\":\"\",\"propertyPath\":\"/CONTROLLING_AREA\",\"modelName\":\"NewYardModel\"}"}]}
COMMAND: GET /session/7455601dddc232b6deafc0d190a18b4e/screenshot - {}
RESULT: {"script":"<script> [1562 bytes]","args":[{"selector":{"controlType":"sap.m.Input","viewName":"etm.portal.ui.manageyards.view.New","viewId":"application-manageyards-display-component---NewYard","bindingPath":{"path":"","propertyPath":"/CONTROLLING_AREA","modelName":"NewYardModel"},"interaction":{"idSuffix":"inner"}},"wdio_ui5_key":"etmportal.ui.manageyards.view.Newsap.m.Input{\"path\":\"\",\"propertyPath\":\"/CONTROLLING_AREA\",\"modelName\":\"NewYardModel\"}"}]}
RESULT: undefined
COMMAND: POST /session/7455601dddc232b6deafc0d190a18b4e/execute/async - {"script":"<script> [776 bytes]","args":[{"enterText":"Z001","selector":{"controlType":"sap.m.Input","viewName":"etm.portal.ui.manageyards.view.New","viewId":"application-manageyards-display-component---NewYard","bindingPath":{"path":"","propertyPath":"/CONTROLLING_AREA","modelName":"NewYardModel"},"interaction":{"idSuffix":"inner"}},"clearTextFirst":true,"interactionType":"ENTER_TEXT"}]}
RESULT: {}
RESULT: {"script":"<script> [776 bytes]","args":[{"enterText":"Z001","selector":{"controlType":"sap.m.Input","viewName":"etm.portal.ui.manageyards.view.New","viewId":"application-manageyards-display-component---NewYard","bindingPath":{"path":"","propertyPath":"/CONTROLLING_AREA","modelName":"NewYardModel"},"interaction":{"idSuffix":"inner"}},"clearTextFirst":true,"interactionType":"ENTER_TEXT"}]}
COMMAND: POST /session/7455601dddc232b6deafc0d190a18b4e/execute/async - {"script":"<script> [1562 bytes]","args":[{"selector":{"id":"application-manageyards-display-component---NewYard--companyCodeComboBox","interaction":{"idSuffix":"inner"}},"wdio_ui5_key":"applicationmanageyards-display-component---NewYard--companyCodeComboBox"}]}
RESULT: {"script":"<script> [1562 bytes]","args":[{"selector":{"id":"application-manageyards-display-component---NewYard--companyCodeComboBox","interaction":{"idSuffix":"inner"}},"wdio_ui5_key":"applicationmanageyards-display-component---NewYard--companyCodeComboBox"}]}
RESULT: undefined
COMMAND: POST /session/7455601dddc232b6deafc0d190a18b4e/execute/async - {"script":"<script> [776 bytes]","args":[{"enterText":"1000","selector":{"id":"application-manageyards-display-component---NewYard--companyCodeComboBox","interaction":{"idSuffix":"inner"}},"clearTextFirst":true,"interactionType":"ENTER_TEXT"}]}
RESULT: {"script":"<script> [776 bytes]","args":[{"enterText":"1000","selector":{"id":"application-manageyards-display-component---NewYard--companyCodeComboBox","interaction":{"idSuffix":"inner"}},"clearTextFirst":true,"interactionType":"ENTER_TEXT"}]}
COMMAND: POST /session/7455601dddc232b6deafc0d190a18b4e/execute/async - {"script":"<script> [1562 bytes]","args":[{"selector":{"controlType":"sap.m.Input","viewName":"etm.portal.ui.manageyards.view.New","viewId":"application-manageyards-display-component---NewYard","bindingPath":{"path":"","propertyPath":"/PLANT","modelName":"NewYardModel"},"interaction":{"idSuffix":"inner"}},"wdio_ui5_key":"etmportal.ui.manageyards.view.Newsap.m.Input{\"path\":\"\",\"propertyPath\":\"/PLANT\",\"modelName\":\"NewYardModel\"}"}]}
RESULT: {"script":"<script> [1562 bytes]","args":[{"selector":{"controlType":"sap.m.Input","viewName":"etm.portal.ui.manageyards.view.New","viewId":"application-manageyards-display-component---NewYard","bindingPath":{"path":"","propertyPath":"/PLANT","modelName":"NewYardModel"},"interaction":{"idSuffix":"inner"}},"wdio_ui5_key":"etmportal.ui.manageyards.view.Newsap.m.Input{\"path\":\"\",\"propertyPath\":\"/PLANT\",\"modelName\":\"NewYardModel\"}"}]}
RESULT: undefined
COMMAND: POST /session/7455601dddc232b6deafc0d190a18b4e/execute/async - {"script":"<script> [776 bytes]","args":[{"enterText":"1001","selector":{"controlType":"sap.m.Input","viewName":"etm.portal.ui.manageyards.view.New","viewId":"application-manageyards-display-component---NewYard","bindingPath":{"path":"","propertyPath":"/PLANT","modelName":"NewYardModel"},"interaction":{"idSuffix":"inner"}},"clearTextFirst":true,"interactionType":"ENTER_TEXT"}]}
RESULT: {"script":"<script> [776 bytes]","args":[{"enterText":"1001","selector":{"controlType":"sap.m.Input","viewName":"etm.portal.ui.manageyards.view.New","viewId":"application-manageyards-display-component---NewYard","bindingPath":{"path":"","propertyPath":"/PLANT","modelName":"NewYardModel"},"interaction":{"idSuffix":"inner"}},"clearTextFirst":true,"interactionType":"ENTER_TEXT"}]}
COMMAND: POST /session/7455601dddc232b6deafc0d190a18b4e/execute/async - {"script":"<script> [1562 bytes]","args":[{"selector":{"controlType":"sap.m.Input","viewName":"etm.portal.ui.manageyards.view.New","viewId":"application-manageyards-display-component---NewYard","bindingPath":{"path":"","propertyPath":"/SALES_AREA_VKORG","modelName":"NewYardModel"},"interaction":{"idSuffix":"inner"}},"wdio_ui5_key":"etmportal.ui.manageyards.view.Newsap.m.Input{\"path\":\"\",\"propertyPath\":\"/SALES_AREA_VKORG\",\"modelName\":\"NewYardModel\"}"}]}
RESULT: {"script":"<script> [1562 bytes]","args":[{"selector":{"controlType":"sap.m.Input","viewName":"etm.portal.ui.manageyards.view.New","viewId":"application-manageyards-display-component---NewYard","bindingPath":{"path":"","propertyPath":"/SALES_AREA_VKORG","modelName":"NewYardModel"},"interaction":{"idSuffix":"inner"}},"wdio_ui5_key":"etmportal.ui.manageyards.view.Newsap.m.Input{\"path\":\"\",\"propertyPath\":\"/SALES_AREA_VKORG\",\"modelName\":\"NewYardModel\"}"}]}
RESULT: undefined
COMMAND: POST /session/7455601dddc232b6deafc0d190a18b4e/execute/async - {"script":"<script> [776 bytes]","args":[{"enterText":"C002","selector":{"controlType":"sap.m.Input","viewName":"etm.portal.ui.manageyards.view.New","viewId":"application-manageyards-display-component---NewYard","bindingPath":{"path":"","propertyPath":"/SALES_AREA_VKORG","modelName":"NewYardModel"},"interaction":{"idSuffix":"inner"}},"clearTextFirst":true,"interactionType":"ENTER_TEXT"}]}
RESULT: {"script":"<script> [776 bytes]","args":[{"enterText":"C002","selector":{"controlType":"sap.m.Input","viewName":"etm.portal.ui.manageyards.view.New","viewId":"application-manageyards-display-component---NewYard","bindingPath":{"path":"","propertyPath":"/SALES_AREA_VKORG","modelName":"NewYardModel"},"interaction":{"idSuffix":"inner"}},"clearTextFirst":true,"interactionType":"ENTER_TEXT"}]}
COMMAND: POST /session/7455601dddc232b6deafc0d190a18b4e/execute/async - {"script":"<script> [1562 bytes]","args":[{"selector":{"controlType":"sap.m.Input","viewName":"etm.portal.ui.manageyards.view.New","viewId":"application-manageyards-display-component---NewYard","bindingPath":{"path":"","propertyPath":"/SALES_AREA_VTWEG","modelName":"NewYardModel"},"interaction":{"idSuffix":"inner"}},"wdio_ui5_key":"etmportal.ui.manageyards.view.Newsap.m.Input{\"path\":\"\",\"propertyPath\":\"/SALES_AREA_VTWEG\",\"modelName\":\"NewYardModel\"}"}]}
RESULT: {"script":"<script> [1562 bytes]","args":[{"selector":{"controlType":"sap.m.Input","viewName":"etm.portal.ui.manageyards.view.New","viewId":"application-manageyards-display-component---NewYard","bindingPath":{"path":"","propertyPath":"/SALES_AREA_VTWEG","modelName":"NewYardModel"},"interaction":{"idSuffix":"inner"}},"wdio_ui5_key":"etmportal.ui.manageyards.view.Newsap.m.Input{\"path\":\"\",\"propertyPath\":\"/SALES_AREA_VTWEG\",\"modelName\":\"NewYardModel\"}"}]}
RESULT: undefined
COMMAND: POST /session/7455601dddc232b6deafc0d190a18b4e/execute/async - {"script":"<script> [776 bytes]","args":[{"enterText":"C2","selector":{"controlType":"sap.m.Input","viewName":"etm.portal.ui.manageyards.view.New","viewId":"application-manageyards-display-component---NewYard","bindingPath":{"path":"","propertyPath":"/SALES_AREA_VTWEG","modelName":"NewYardModel"},"interaction":{"idSuffix":"inner"}},"clearTextFirst":true,"interactionType":"ENTER_TEXT"}]}
RESULT: {"script":"<script> [776 bytes]","args":[{"enterText":"C2","selector":{"controlType":"sap.m.Input","viewName":"etm.portal.ui.manageyards.view.New","viewId":"application-manageyards-display-component---NewYard","bindingPath":{"path":"","propertyPath":"/SALES_AREA_VTWEG","modelName":"NewYardModel"},"interaction":{"idSuffix":"inner"}},"clearTextFirst":true,"interactionType":"ENTER_TEXT"}]}
COMMAND: POST /session/7455601dddc232b6deafc0d190a18b4e/execute/async - {"script":"<script> [1562 bytes]","args":[{"selector":{"controlType":"sap.m.Input","viewName":"etm.portal.ui.manageyards.view.New","viewId":"application-manageyards-display-component---NewYard","bindingPath":{"path":"","propertyPath":"/SALES_AREA_SPART","modelName":"NewYardModel"},"interaction":{"idSuffix":"inner"}},"wdio_ui5_key":"etmportal.ui.manageyards.view.Newsap.m.Input{\"path\":\"\",\"propertyPath\":\"/SALES_AREA_SPART\",\"modelName\":\"NewYardModel\"}"}]}
RESULT: {"script":"<script> [1562 bytes]","args":[{"selector":{"controlType":"sap.m.Input","viewName":"etm.portal.ui.manageyards.view.New","viewId":"application-manageyards-display-component---NewYard","bindingPath":{"path":"","propertyPath":"/SALES_AREA_SPART","modelName":"NewYardModel"},"interaction":{"idSuffix":"inner"}},"wdio_ui5_key":"etmportal.ui.manageyards.view.Newsap.m.Input{\"path\":\"\",\"propertyPath\":\"/SALES_AREA_SPART\",\"modelName\":\"NewYardModel\"}"}]}
RESULT: undefined
COMMAND: POST /session/7455601dddc232b6deafc0d190a18b4e/execute/async - {"script":"<script> [776 bytes]","args":[{"enterText":"C2","selector":{"controlType":"sap.m.Input","viewName":"etm.portal.ui.manageyards.view.New","viewId":"application-manageyards-display-component---NewYard","bindingPath":{"path":"","propertyPath":"/SALES_AREA_SPART","modelName":"NewYardModel"},"interaction":{"idSuffix":"inner"}},"clearTextFirst":true,"interactionType":"ENTER_TEXT"}]}
RESULT: {"script":"<script> [776 bytes]","args":[{"enterText":"C2","selector":{"controlType":"sap.m.Input","viewName":"etm.portal.ui.manageyards.view.New","viewId":"application-manageyards-display-component---NewYard","bindingPath":{"path":"","propertyPath":"/SALES_AREA_SPART","modelName":"NewYardModel"},"interaction":{"idSuffix":"inner"}},"clearTextFirst":true,"interactionType":"ENTER_TEXT"}]}
COMMAND: POST /session/7455601dddc232b6deafc0d190a18b4e/execute/async - {"script":"<script> [1562 bytes]","args":[{"selector":{"controlType":"sap.m.Input","viewName":"etm.portal.ui.manageyards.view.New","viewId":"application-manageyards-display-component---NewYard","bindingPath":{"path":"","propertyPath":"/SHIP_POINT","modelName":"NewYardModel"},"interaction":{"idSuffix":"inner"}},"wdio_ui5_key":"etmportal.ui.manageyards.view.Newsap.m.Input{\"path\":\"\",\"propertyPath\":\"/SHIP_POINT\",\"modelName\":\"NewYardModel\"}"}]}
RESULT: {"script":"<script> [1562 bytes]","args":[{"selector":{"controlType":"sap.m.Input","viewName":"etm.portal.ui.manageyards.view.New","viewId":"application-manageyards-display-component---NewYard","bindingPath":{"path":"","propertyPath":"/SHIP_POINT","modelName":"NewYardModel"},"interaction":{"idSuffix":"inner"}},"wdio_ui5_key":"etmportal.ui.manageyards.view.Newsap.m.Input{\"path\":\"\",\"propertyPath\":\"/SHIP_POINT\",\"modelName\":\"NewYardModel\"}"}]}
RESULT: undefined
COMMAND: POST /session/7455601dddc232b6deafc0d190a18b4e/execute/async - {"script":"<script> [776 bytes]","args":[{"enterText":"1710","selector":{"controlType":"sap.m.Input","viewName":"etm.portal.ui.manageyards.view.New","viewId":"application-manageyards-display-component---NewYard","bindingPath":{"path":"","propertyPath":"/SHIP_POINT","modelName":"NewYardModel"},"interaction":{"idSuffix":"inner"}},"clearTextFirst":true,"interactionType":"ENTER_TEXT"}]}
RESULT: {"script":"<script> [776 bytes]","args":[{"enterText":"1710","selector":{"controlType":"sap.m.Input","viewName":"etm.portal.ui.manageyards.view.New","viewId":"application-manageyards-display-component---NewYard","bindingPath":{"path":"","propertyPath":"/SHIP_POINT","modelName":"NewYardModel"},"interaction":{"idSuffix":"inner"}},"clearTextFirst":true,"interactionType":"ENTER_TEXT"}]}
COMMAND: POST /session/7455601dddc232b6deafc0d190a18b4e/execute/async - {"script":"<script> [1562 bytes]","args":[{"selector":{"controlType":"sap.m.Input","viewName":"etm.portal.ui.manageyards.view.New","viewId":"application-manageyards-display-component---NewYard","bindingPath":{"path":"","propertyPath":"/DELIVERY_TYPE","modelName":"NewYardModel"},"interaction":{"idSuffix":"inner"}},"wdio_ui5_key":"etmportal.ui.manageyards.view.Newsap.m.Input{\"path\":\"\",\"propertyPath\":\"/DELIVERY_TYPE\",\"modelName\":\"NewYardModel\"}"}]}
RESULT: {"script":"<script> [1562 bytes]","args":[{"selector":{"controlType":"sap.m.Input","viewName":"etm.portal.ui.manageyards.view.New","viewId":"application-manageyards-display-component---NewYard","bindingPath":{"path":"","propertyPath":"/DELIVERY_TYPE","modelName":"NewYardModel"},"interaction":{"idSuffix":"inner"}},"wdio_ui5_key":"etmportal.ui.manageyards.view.Newsap.m.Input{\"path\":\"\",\"propertyPath\":\"/DELIVERY_TYPE\",\"modelName\":\"NewYardModel\"}"}]}
RESULT: undefined
COMMAND: POST /session/7455601dddc232b6deafc0d190a18b4e/execute/async - {"script":"<script> [776 bytes]","args":[{"enterText":"ZL01","selector":{"controlType":"sap.m.Input","viewName":"etm.portal.ui.manageyards.view.New","viewId":"application-manageyards-display-component---NewYard","bindingPath":{"path":"","propertyPath":"/DELIVERY_TYPE","modelName":"NewYardModel"},"interaction":{"idSuffix":"inner"}},"clearTextFirst":true,"interactionType":"ENTER_TEXT"}]}
RESULT: {"script":"<script> [776 bytes]","args":[{"enterText":"ZL01","selector":{"controlType":"sap.m.Input","viewName":"etm.portal.ui.manageyards.view.New","viewId":"application-manageyards-display-component---NewYard","bindingPath":{"path":"","propertyPath":"/DELIVERY_TYPE","modelName":"NewYardModel"},"interaction":{"idSuffix":"inner"}},"clearTextFirst":true,"interactionType":"ENTER_TEXT"}]}
COMMAND: POST /session/7455601dddc232b6deafc0d190a18b4e/execute/async - {"script":"<script> [1562 bytes]","args":[{"selector":{"controlType":"sap.m.Input","viewName":"etm.portal.ui.manageyards.view.New","viewId":"application-manageyards-display-component---NewYard","bindingPath":{"path":"","propertyPath":"/AUART","modelName":"NewYardModel"},"interaction":{"idSuffix":"inner"}},"wdio_ui5_key":"etmportal.ui.manageyards.view.Newsap.m.Input{\"path\":\"\",\"propertyPath\":\"/AUART\",\"modelName\":\"NewYardModel\"}"}]}
RESULT: {"script":"<script> [1562 bytes]","args":[{"selector":{"controlType":"sap.m.Input","viewName":"etm.portal.ui.manageyards.view.New","viewId":"application-manageyards-display-component---NewYard","bindingPath":{"path":"","propertyPath":"/AUART","modelName":"NewYardModel"},"interaction":{"idSuffix":"inner"}},"wdio_ui5_key":"etmportal.ui.manageyards.view.Newsap.m.Input{\"path\":\"\",\"propertyPath\":\"/AUART\",\"modelName\":\"NewYardModel\"}"}]}
RESULT: undefined
COMMAND: POST /session/7455601dddc232b6deafc0d190a18b4e/execute/async - {"script":"<script> [776 bytes]","args":[{"enterText":"TA","selector":{"controlType":"sap.m.Input","viewName":"etm.portal.ui.manageyards.view.New","viewId":"application-manageyards-display-component---NewYard","bindingPath":{"path":"","propertyPath":"/AUART","modelName":"NewYardModel"},"interaction":{"idSuffix":"inner"}},"clearTextFirst":true,"interactionType":"ENTER_TEXT"}]}
RESULT: {"script":"<script> [776 bytes]","args":[{"enterText":"TA","selector":{"controlType":"sap.m.Input","viewName":"etm.portal.ui.manageyards.view.New","viewId":"application-manageyards-display-component---NewYard","bindingPath":{"path":"","propertyPath":"/AUART","modelName":"NewYardModel"},"interaction":{"idSuffix":"inner"}},"clearTextFirst":true,"interactionType":"ENTER_TEXT"}]}
COMMAND: POST /session/7455601dddc232b6deafc0d190a18b4e/element - {"using":"xpath","value":"//button[@data-kt=\"newYardSaveButton\"]"}
RESULT: {"using":"xpath","value":"//button[@data-kt=\"newYardSaveButton\"]"}
COMMAND: POST /session/7455601dddc232b6deafc0d190a18b4e/element/f.8E6BFA2ED3A3A2D86F199707E5BEEB8B.d.B1FF3739AA73DD08EF9628CC9F0D1F21.e.2645/click - {}
RESULT: {}
COMMAND: GET /session/7455601dddc232b6deafc0d190a18b4e/screenshot - {}
RESULT: {}
COMMAND: POST /session/7455601dddc232b6deafc0d190a18b4e/element - {"using":"xpath","value":"//header[contains(@id, 'ObjectPageLayout-headerTitle')]/div[1]/div[2]/div[1]/span[1]"}
RESULT: {"using":"xpath","value":"//header[contains(@id, 'ObjectPageLayout-headerTitle')]/div[1]/div[2]/div[1]/span[1]"}
COMMAND: POST /session/7455601dddc232b6deafc0d190a18b4e/elements - {"using":"xpath","value":"//header[contains(@id, 'ObjectPageLayout-headerTitle')]/div[1]/div[2]/div[1]/span[1]"}
RESULT: {"using":"xpath","value":"//header[contains(@id, 'ObjectPageLayout-headerTitle')]/div[1]/div[2]/div[1]/span[1]"}
COMMAND: POST /session/7455601dddc232b6deafc0d190a18b4e/execute/sync - {"script":"<script> [56 bytes]","args":[{"element-6066-11e4-a52e-4f735466cecf":"f.8E6BFA2ED3A3A2D86F199707E5BEEB8B.d.B1FF3739AA73DD08EF9628CC9F0D1F21.e.2937","ELEMENT":"f.8E6BFA2ED3A3A2D86F199707E5BEEB8B.d.B1FF3739AA73DD08EF9628CC9F0D1F21.e.2937"}]}
RESULT: {"script":"<script> [56 bytes]","args":[{"element-6066-11e4-a52e-4f735466cecf":"f.8E6BFA2ED3A3A2D86F199707E5BEEB8B.d.B1FF3739AA73DD08EF9628CC9F0D1F21.e.2937","ELEMENT":"f.8E6BFA2ED3A3A2D86F199707E5BEEB8B.d.B1FF3739AA73DD08EF9628CC9F0D1F21.e.2937"}]}
COMMAND: GET /session/7455601dddc232b6deafc0d190a18b4e/screenshot - {}
RESULT: {}
COMMAND: POST /session/7455601dddc232b6deafc0d190a18b4e/element - {"using":"css selector","value":"#shell-header-logo"}
RESULT: {"using":"css selector","value":"#shell-header-logo"}
COMMAND: POST /session/7455601dddc232b6deafc0d190a18b4e/element/f.8E6BFA2ED3A3A2D86F199707E5BEEB8B.d.B1FF3739AA73DD08EF9628CC9F0D1F21.e.2198/click - {}
RESULT: {}
COMMAND: GET /session/7455601dddc232b6deafc0d190a18b4e/screenshot - {}
RESULT: {}
COMMAND: POST /session/7455601dddc232b6deafc0d190a18b4e/execute/sync - {"script":"<script> [299 bytes]","args":[["getModel","getResource"]]}
RESULT: {"script":"<script> [299 bytes]","args":[["getModel","getResource"]]}
COMMAND: GET /session/7455601dddc232b6deafc0d190a18b4e/screenshot - {}
]]></system-out>
    </testcase>
    <testcase classname="chrome.136_0_7103_93.windows.Billing_Transfer_-_Master_data_&amp;_Intercompany_US127250" name="Should create a new partner" time="148.986">
      <system-out><![CDATA[
COMMAND: POST /session/7455601dddc232b6deafc0d190a18b4e/window/fullscreen - {}
RESULT: {}
COMMAND: POST /session/7455601dddc232b6deafc0d190a18b4e/execute/async - {"script":"<script> [1562 bytes]","args":[{"selector":{"controlType":"sap.m.GenericTile","properties":{"header":"Manage Partners"}},"wdio_ui5_key":"sapm.GenericTile{\"header\":\"Manage Partners\"}"}]}
RESULT: {}
RESULT: {"script":"<script> [1562 bytes]","args":[{"selector":{"controlType":"sap.m.GenericTile","properties":{"header":"Manage Partners"}},"wdio_ui5_key":"sapm.GenericTile{\"header\":\"Manage Partners\"}"}]}
RESULT: undefined
COMMAND: POST /session/7455601dddc232b6deafc0d190a18b4e/element - {"using":"xpath","value":"//*[@id=\"__tile38\"]"}
RESULT: {"using":"xpath","value":"//*[@id=\"__tile38\"]"}
COMMAND: POST /session/7455601dddc232b6deafc0d190a18b4e/element/f.8E6BFA2ED3A3A2D86F199707E5BEEB8B.d.B1FF3739AA73DD08EF9628CC9F0D1F21.e.2089/click - {}
RESULT: {}
COMMAND: GET /session/7455601dddc232b6deafc0d190a18b4e/screenshot - {}
RESULT: {}
COMMAND: POST /session/7455601dddc232b6deafc0d190a18b4e/elements - {"using":"xpath","value":"//span[text()='Error']"}
RESULT: {"using":"xpath","value":"//span[text()='Error']"}
COMMAND: POST /session/7455601dddc232b6deafc0d190a18b4e/element - {"using":"xpath","value":"//button[@data-kt=\"addButton\"]"}
RESULT: {"using":"xpath","value":"//button[@data-kt=\"addButton\"]"}
COMMAND: POST /session/7455601dddc232b6deafc0d190a18b4e/elements - {"using":"xpath","value":"//button[@data-kt=\"addButton\"]"}
RESULT: {"using":"xpath","value":"//button[@data-kt=\"addButton\"]"}
COMMAND: POST /session/7455601dddc232b6deafc0d190a18b4e/execute/sync - {"script":"<script> [8489 bytes]","args":[{"element-6066-11e4-a52e-4f735466cecf":"f.8E6BFA2ED3A3A2D86F199707E5BEEB8B.d.B1FF3739AA73DD08EF9628CC9F0D1F21.e.2975","ELEMENT":"f.8E6BFA2ED3A3A2D86F199707E5BEEB8B.d.B1FF3739AA73DD08EF9628CC9F0D1F21.e.2975"}]}
RESULT: {"script":"<script> [8489 bytes]","args":[{"element-6066-11e4-a52e-4f735466cecf":"f.8E6BFA2ED3A3A2D86F199707E5BEEB8B.d.B1FF3739AA73DD08EF9628CC9F0D1F21.e.2975","ELEMENT":"f.8E6BFA2ED3A3A2D86F199707E5BEEB8B.d.B1FF3739AA73DD08EF9628CC9F0D1F21.e.2975"}]}
COMMAND: GET /session/7455601dddc232b6deafc0d190a18b4e/element/f.8E6BFA2ED3A3A2D86F199707E5BEEB8B.d.B1FF3739AA73DD08EF9628CC9F0D1F21.e.2975/enabled - {}
COMMAND: GET /session/7455601dddc232b6deafc0d190a18b4e/screenshot - {}
RESULT: {}
COMMAND: POST /session/7455601dddc232b6deafc0d190a18b4e/execute/sync - {"script":"<script> [8489 bytes]","args":[{"element-6066-11e4-a52e-4f735466cecf":"f.8E6BFA2ED3A3A2D86F199707E5BEEB8B.d.B1FF3739AA73DD08EF9628CC9F0D1F21.e.2975","ELEMENT":"f.8E6BFA2ED3A3A2D86F199707E5BEEB8B.d.B1FF3739AA73DD08EF9628CC9F0D1F21.e.2975"}]}
COMMAND: GET /session/7455601dddc232b6deafc0d190a18b4e/screenshot - {}
RESULT: {}
RESULT: {"script":"<script> [8489 bytes]","args":[{"element-6066-11e4-a52e-4f735466cecf":"f.8E6BFA2ED3A3A2D86F199707E5BEEB8B.d.B1FF3739AA73DD08EF9628CC9F0D1F21.e.2975","ELEMENT":"f.8E6BFA2ED3A3A2D86F199707E5BEEB8B.d.B1FF3739AA73DD08EF9628CC9F0D1F21.e.2975"}]}
COMMAND: POST /session/7455601dddc232b6deafc0d190a18b4e/execute/sync - {"script":"<script> [5351 bytes]","args":[{"element-6066-11e4-a52e-4f735466cecf":"f.8E6BFA2ED3A3A2D86F199707E5BEEB8B.d.B1FF3739AA73DD08EF9628CC9F0D1F21.e.2975","ELEMENT":"f.8E6BFA2ED3A3A2D86F199707E5BEEB8B.d.B1FF3739AA73DD08EF9628CC9F0D1F21.e.2975"}]}
COMMAND: GET /session/7455601dddc232b6deafc0d190a18b4e/screenshot - {}
RESULT: {}
RESULT: {"script":"<script> [5351 bytes]","args":[{"element-6066-11e4-a52e-4f735466cecf":"f.8E6BFA2ED3A3A2D86F199707E5BEEB8B.d.B1FF3739AA73DD08EF9628CC9F0D1F21.e.2975","ELEMENT":"f.8E6BFA2ED3A3A2D86F199707E5BEEB8B.d.B1FF3739AA73DD08EF9628CC9F0D1F21.e.2975"}]}
COMMAND: POST /session/7455601dddc232b6deafc0d190a18b4e/element/f.8E6BFA2ED3A3A2D86F199707E5BEEB8B.d.B1FF3739AA73DD08EF9628CC9F0D1F21.e.2975/click - {}
COMMAND: GET /session/7455601dddc232b6deafc0d190a18b4e/screenshot - {}
RESULT: {}
RESULT: {}
COMMAND: GET /session/7455601dddc232b6deafc0d190a18b4e/screenshot - {}
COMMAND: POST /session/7455601dddc232b6deafc0d190a18b4e/execute/async - {"script":"<script> [1562 bytes]","args":[{"selector":{"id":"application-managepartners-display-component---NewPartner--addressDetailDetailsName1","interaction":{"idSuffix":"inner"}},"wdio_ui5_key":"applicationmanagepartners-display-component---NewPartner--addressDetailDetailsName1"}]}
RESULT: {}
RESULT: {}
RESULT: {"script":"<script> [1562 bytes]","args":[{"selector":{"id":"application-managepartners-display-component---NewPartner--addressDetailDetailsName1","interaction":{"idSuffix":"inner"}},"wdio_ui5_key":"applicationmanagepartners-display-component---NewPartner--addressDetailDetailsName1"}]}
RESULT: undefined
COMMAND: POST /session/7455601dddc232b6deafc0d190a18b4e/execute/async - {"script":"<script> [776 bytes]","args":[{"enterText":"Intercompany Partner WDIO","selector":{"id":"application-managepartners-display-component---NewPartner--addressDetailDetailsName1","interaction":{"idSuffix":"inner"}},"clearTextFirst":true,"interactionType":"ENTER_TEXT"}]}
RESULT: {"script":"<script> [776 bytes]","args":[{"enterText":"Intercompany Partner WDIO","selector":{"id":"application-managepartners-display-component---NewPartner--addressDetailDetailsName1","interaction":{"idSuffix":"inner"}},"clearTextFirst":true,"interactionType":"ENTER_TEXT"}]}
COMMAND: POST /session/7455601dddc232b6deafc0d190a18b4e/execute/async - {"script":"<script> [1562 bytes]","args":[{"selector":{"id":"application-managepartners-display-component---NewPartner--addressDetailDetailsLanguage-arrow"},"wdio_ui5_key":"applicationmanagepartners-display-component---NewPartner--addressDetailDetailsLanguage-arrow"}]}
RESULT: {"script":"<script> [1562 bytes]","args":[{"selector":{"id":"application-managepartners-display-component---NewPartner--addressDetailDetailsLanguage-arrow"},"wdio_ui5_key":"applicationmanagepartners-display-component---NewPartner--addressDetailDetailsLanguage-arrow"}]}
RESULT: undefined
COMMAND: POST /session/7455601dddc232b6deafc0d190a18b4e/element - {"using":"xpath","value":"//*[@id=\"application-managepartners-display-component---NewPartner--addressDetailDetailsLanguage-arrow\"]"}
RESULT: {"using":"xpath","value":"//*[@id=\"application-managepartners-display-component---NewPartner--addressDetailDetailsLanguage-arrow\"]"}
COMMAND: POST /session/7455601dddc232b6deafc0d190a18b4e/element/f.8E6BFA2ED3A3A2D86F199707E5BEEB8B.d.B1FF3739AA73DD08EF9628CC9F0D1F21.e.3427/click - {}
RESULT: {}
COMMAND: POST /session/7455601dddc232b6deafc0d190a18b4e/element - {"using":"xpath","value":"//span[contains(text(), \"English\")]"}
COMMAND: GET /session/7455601dddc232b6deafc0d190a18b4e/screenshot - {}
RESULT: {"using":"xpath","value":"//span[contains(text(), \"English\")]"}
COMMAND: POST /session/7455601dddc232b6deafc0d190a18b4e/element/f.8E6BFA2ED3A3A2D86F199707E5BEEB8B.d.B1FF3739AA73DD08EF9628CC9F0D1F21.e.3428/click - {}
RESULT: {}
RESULT: {}
COMMAND: GET /session/7455601dddc232b6deafc0d190a18b4e/screenshot - {}
RESULT: {}
COMMAND: POST /session/7455601dddc232b6deafc0d190a18b4e/execute/async - {"script":"<script> [1562 bytes]","args":[{"selector":{"id":"application-managepartners-display-component---NewPartner--addressDetailDetailsCity1","interaction":{"idSuffix":"inner"}},"wdio_ui5_key":"applicationmanagepartners-display-component---NewPartner--addressDetailDetailsCity1"}]}
RESULT: {"script":"<script> [1562 bytes]","args":[{"selector":{"id":"application-managepartners-display-component---NewPartner--addressDetailDetailsCity1","interaction":{"idSuffix":"inner"}},"wdio_ui5_key":"applicationmanagepartners-display-component---NewPartner--addressDetailDetailsCity1"}]}
RESULT: undefined
COMMAND: POST /session/7455601dddc232b6deafc0d190a18b4e/execute/async - {"script":"<script> [776 bytes]","args":[{"enterText":"Rosario","selector":{"id":"application-managepartners-display-component---NewPartner--addressDetailDetailsCity1","interaction":{"idSuffix":"inner"}},"clearTextFirst":true,"interactionType":"ENTER_TEXT"}]}
RESULT: {"script":"<script> [776 bytes]","args":[{"enterText":"Rosario","selector":{"id":"application-managepartners-display-component---NewPartner--addressDetailDetailsCity1","interaction":{"idSuffix":"inner"}},"clearTextFirst":true,"interactionType":"ENTER_TEXT"}]}
COMMAND: POST /session/7455601dddc232b6deafc0d190a18b4e/execute/async - {"script":"<script> [1562 bytes]","args":[{"selector":{"id":"application-managepartners-display-component---NewPartner--addressDetailDetailsCountry-arrow"},"wdio_ui5_key":"applicationmanagepartners-display-component---NewPartner--addressDetailDetailsCountry-arrow"}]}
RESULT: {"script":"<script> [1562 bytes]","args":[{"selector":{"id":"application-managepartners-display-component---NewPartner--addressDetailDetailsCountry-arrow"},"wdio_ui5_key":"applicationmanagepartners-display-component---NewPartner--addressDetailDetailsCountry-arrow"}]}
RESULT: undefined
COMMAND: POST /session/7455601dddc232b6deafc0d190a18b4e/element - {"using":"xpath","value":"//*[@id=\"application-managepartners-display-component---NewPartner--addressDetailDetailsCountry-arrow\"]"}
RESULT: {"using":"xpath","value":"//*[@id=\"application-managepartners-display-component---NewPartner--addressDetailDetailsCountry-arrow\"]"}
COMMAND: POST /session/7455601dddc232b6deafc0d190a18b4e/element/f.8E6BFA2ED3A3A2D86F199707E5BEEB8B.d.B1FF3739AA73DD08EF9628CC9F0D1F21.e.3391/click - {}
RESULT: {}
COMMAND: POST /session/7455601dddc232b6deafc0d190a18b4e/element - {"using":"xpath","value":"//span[contains(text(), \"Argentina\")]"}
COMMAND: GET /session/7455601dddc232b6deafc0d190a18b4e/screenshot - {}
RESULT: {"using":"xpath","value":"//span[contains(text(), \"Argentina\")]"}
COMMAND: POST /session/7455601dddc232b6deafc0d190a18b4e/element/f.8E6BFA2ED3A3A2D86F199707E5BEEB8B.d.B1FF3739AA73DD08EF9628CC9F0D1F21.e.3430/click - {}
RESULT: {}
RESULT: {}
COMMAND: GET /session/7455601dddc232b6deafc0d190a18b4e/screenshot - {}
RESULT: {}
COMMAND: POST /session/7455601dddc232b6deafc0d190a18b4e/element - {"using":"xpath","value":"//bdi[contains(text(), \"Commercial\")]"}
RESULT: {"using":"xpath","value":"//bdi[contains(text(), \"Commercial\")]"}
COMMAND: POST /session/7455601dddc232b6deafc0d190a18b4e/element/f.8E6BFA2ED3A3A2D86F199707E5BEEB8B.d.B1FF3739AA73DD08EF9628CC9F0D1F21.e.3431/click - {}
RESULT: {}
COMMAND: GET /session/7455601dddc232b6deafc0d190a18b4e/screenshot - {}
RESULT: {}
COMMAND: POST /session/7455601dddc232b6deafc0d190a18b4e/execute/async - {"script":"<script> [1562 bytes]","args":[{"selector":{"id":"application-managepartners-display-component---NewPartner--partnerDetailInternal-arrow"},"wdio_ui5_key":"applicationmanagepartners-display-component---NewPartner--partnerDetailInternal-arrow"}]}
RESULT: {"script":"<script> [1562 bytes]","args":[{"selector":{"id":"application-managepartners-display-component---NewPartner--partnerDetailInternal-arrow"},"wdio_ui5_key":"applicationmanagepartners-display-component---NewPartner--partnerDetailInternal-arrow"}]}
RESULT: undefined
COMMAND: POST /session/7455601dddc232b6deafc0d190a18b4e/element - {"using":"xpath","value":"//*[@id=\"application-managepartners-display-component---NewPartner--partnerDetailInternal-arrow\"]"}
RESULT: {"using":"xpath","value":"//*[@id=\"application-managepartners-display-component---NewPartner--partnerDetailInternal-arrow\"]"}
COMMAND: POST /session/7455601dddc232b6deafc0d190a18b4e/element/f.8E6BFA2ED3A3A2D86F199707E5BEEB8B.d.B1FF3739AA73DD08EF9628CC9F0D1F21.e.3437/click - {}
RESULT: {}
COMMAND: POST /session/7455601dddc232b6deafc0d190a18b4e/element - {"using":"xpath","value":"//span[contains(text(), \"Affiliated company\")]"}
COMMAND: GET /session/7455601dddc232b6deafc0d190a18b4e/screenshot - {}
RESULT: {"using":"xpath","value":"//span[contains(text(), \"Affiliated company\")]"}
COMMAND: POST /session/7455601dddc232b6deafc0d190a18b4e/element/f.8E6BFA2ED3A3A2D86F199707E5BEEB8B.d.B1FF3739AA73DD08EF9628CC9F0D1F21.e.3438/click - {}
RESULT: {}
RESULT: {}
COMMAND: POST /session/7455601dddc232b6deafc0d190a18b4e/execute/async - {"script":"<script> [1562 bytes]","args":[{"selector":{"id":"application-managepartners-display-component---NewPartner--partnerDetailsCurrency-arrow"},"wdio_ui5_key":"applicationmanagepartners-display-component---NewPartner--partnerDetailsCurrency-arrow"}]}
COMMAND: GET /session/7455601dddc232b6deafc0d190a18b4e/screenshot - {}
RESULT: {"script":"<script> [1562 bytes]","args":[{"selector":{"id":"application-managepartners-display-component---NewPartner--partnerDetailsCurrency-arrow"},"wdio_ui5_key":"applicationmanagepartners-display-component---NewPartner--partnerDetailsCurrency-arrow"}]}
RESULT: undefined
COMMAND: POST /session/7455601dddc232b6deafc0d190a18b4e/element - {"using":"xpath","value":"//*[@id=\"application-managepartners-display-component---NewPartner--partnerDetailsCurrency-arrow\"]"}
RESULT: {}
RESULT: {"using":"xpath","value":"//*[@id=\"application-managepartners-display-component---NewPartner--partnerDetailsCurrency-arrow\"]"}
COMMAND: POST /session/7455601dddc232b6deafc0d190a18b4e/element/f.8E6BFA2ED3A3A2D86F199707E5BEEB8B.d.B1FF3739AA73DD08EF9628CC9F0D1F21.e.3445/click - {}
RESULT: {}
COMMAND: POST /session/7455601dddc232b6deafc0d190a18b4e/element - {"using":"xpath","value":"//span[contains(text(), \"Euro\")]"}
COMMAND: GET /session/7455601dddc232b6deafc0d190a18b4e/screenshot - {}
RESULT: {"using":"xpath","value":"//span[contains(text(), \"Euro\")]"}
COMMAND: POST /session/7455601dddc232b6deafc0d190a18b4e/element/f.8E6BFA2ED3A3A2D86F199707E5BEEB8B.d.B1FF3739AA73DD08EF9628CC9F0D1F21.e.3446/click - {}
RESULT: {}
RESULT: {}
COMMAND: POST /session/7455601dddc232b6deafc0d190a18b4e/execute/async - {"script":"<script> [1562 bytes]","args":[{"selector":{"id":"application-managepartners-display-component---NewPartner--addressEditDetailsCostObjectCstType-arrow"},"wdio_ui5_key":"applicationmanagepartners-display-component---NewPartner--addressEditDetailsCostObjectCstType-arrow"}]}
COMMAND: GET /session/7455601dddc232b6deafc0d190a18b4e/screenshot - {}
RESULT: {"script":"<script> [1562 bytes]","args":[{"selector":{"id":"application-managepartners-display-component---NewPartner--addressEditDetailsCostObjectCstType-arrow"},"wdio_ui5_key":"applicationmanagepartners-display-component---NewPartner--addressEditDetailsCostObjectCstType-arrow"}]}
RESULT: undefined
COMMAND: POST /session/7455601dddc232b6deafc0d190a18b4e/element - {"using":"xpath","value":"//*[@id=\"application-managepartners-display-component---NewPartner--addressEditDetailsCostObjectCstType-arrow\"]"}
RESULT: {}
RESULT: {"using":"xpath","value":"//*[@id=\"application-managepartners-display-component---NewPartner--addressEditDetailsCostObjectCstType-arrow\"]"}
COMMAND: POST /session/7455601dddc232b6deafc0d190a18b4e/element/f.8E6BFA2ED3A3A2D86F199707E5BEEB8B.d.B1FF3739AA73DD08EF9628CC9F0D1F21.e.3447/click - {}
RESULT: {}
COMMAND: POST /session/7455601dddc232b6deafc0d190a18b4e/element - {"using":"xpath","value":"//span[contains(text(), \"Cost Center\")]"}
COMMAND: GET /session/7455601dddc232b6deafc0d190a18b4e/screenshot - {}
RESULT: {"using":"xpath","value":"//span[contains(text(), \"Cost Center\")]"}
COMMAND: POST /session/7455601dddc232b6deafc0d190a18b4e/element/f.8E6BFA2ED3A3A2D86F199707E5BEEB8B.d.B1FF3739AA73DD08EF9628CC9F0D1F21.e.3448/click - {}
RESULT: {}
RESULT: {}
COMMAND: GET /session/7455601dddc232b6deafc0d190a18b4e/screenshot - {}
RESULT: {}
COMMAND: POST /session/7455601dddc232b6deafc0d190a18b4e/element - {"using":"xpath","value":"//span[@id=\"application-managepartners-display-component---NewPartner--addressNewCostObjectCstID-vhi\"]"}
RESULT: {"using":"xpath","value":"//span[@id=\"application-managepartners-display-component---NewPartner--addressNewCostObjectCstID-vhi\"]"}
COMMAND: POST /session/7455601dddc232b6deafc0d190a18b4e/execute/sync - {"script":"<script> [8489 bytes]","args":[{"element-6066-11e4-a52e-4f735466cecf":"f.8E6BFA2ED3A3A2D86F199707E5BEEB8B.d.B1FF3739AA73DD08EF9628CC9F0D1F21.e.3452","ELEMENT":"f.8E6BFA2ED3A3A2D86F199707E5BEEB8B.d.B1FF3739AA73DD08EF9628CC9F0D1F21.e.3452"}]}
RESULT: {"script":"<script> [8489 bytes]","args":[{"element-6066-11e4-a52e-4f735466cecf":"f.8E6BFA2ED3A3A2D86F199707E5BEEB8B.d.B1FF3739AA73DD08EF9628CC9F0D1F21.e.3452","ELEMENT":"f.8E6BFA2ED3A3A2D86F199707E5BEEB8B.d.B1FF3739AA73DD08EF9628CC9F0D1F21.e.3452"}]}
COMMAND: POST /session/7455601dddc232b6deafc0d190a18b4e/execute/async - {"script":"<script> [1562 bytes]","args":[{"selector":{"id":"application-managepartners-display-component---NewPartner--addressNewCostObjectCstID-vhi"},"wdio_ui5_key":"applicationmanagepartners-display-component---NewPartner--addressNewCostObjectCstID-vhi"}]}
COMMAND: GET /session/7455601dddc232b6deafc0d190a18b4e/screenshot - {}
RESULT: {"script":"<script> [1562 bytes]","args":[{"selector":{"id":"application-managepartners-display-component---NewPartner--addressNewCostObjectCstID-vhi"},"wdio_ui5_key":"applicationmanagepartners-display-component---NewPartner--addressNewCostObjectCstID-vhi"}]}
RESULT: undefined
COMMAND: POST /session/7455601dddc232b6deafc0d190a18b4e/element - {"using":"xpath","value":"//*[@id=\"application-managepartners-display-component---NewPartner--addressNewCostObjectCstID-vhi\"]"}
RESULT: {}
RESULT: {"using":"xpath","value":"//*[@id=\"application-managepartners-display-component---NewPartner--addressNewCostObjectCstID-vhi\"]"}
COMMAND: POST /session/7455601dddc232b6deafc0d190a18b4e/element/f.8E6BFA2ED3A3A2D86F199707E5BEEB8B.d.B1FF3739AA73DD08EF9628CC9F0D1F21.e.3452/click - {}
RESULT: {}
COMMAND: GET /session/7455601dddc232b6deafc0d190a18b4e/screenshot - {}
RESULT: {}
RESULT: undefined
COMMAND: POST /session/7455601dddc232b6deafc0d190a18b4e/execute/async - {"script":"<script> [776 bytes]","args":[{"enterText":"10001013","selector":{"controlType":"sap.m.SearchField","properties":{"placeholder":"Search"},"searchOpenDialogs":true,"interaction":{"idSuffix":"I"}},"clearTextFirst":true,"interactionType":"ENTER_TEXT"}]}
RESULT: {"script":"<script> [776 bytes]","args":[{"enterText":"10001013","selector":{"controlType":"sap.m.SearchField","properties":{"placeholder":"Search"},"searchOpenDialogs":true,"interaction":{"idSuffix":"I"}},"clearTextFirst":true,"interactionType":"ENTER_TEXT"}]}
COMMAND: POST /session/7455601dddc232b6deafc0d190a18b4e/actions - {"actions":[{"id":"action2","type":"key","parameters":{},"actions":[{"type":"keyDown","value":""},{"type":"pause","duration":10},{"type":"keyUp","value":""}]}]}
RESULT: {"actions":[{"id":"action2","type":"key","parameters":{},"actions":[{"type":"keyDown","value":""},{"type":"pause","duration":10},{"type":"keyUp","value":""}]}]}
COMMAND: GET /session/7455601dddc232b6deafc0d190a18b4e/screenshot - {}
RESULT: {}
COMMAND: POST /session/7455601dddc232b6deafc0d190a18b4e/element - {"using":"xpath","value":"//span[contains(text(), \"General Management\")]"}
RESULT: {"using":"xpath","value":"//span[contains(text(), \"General Management\")]"}
COMMAND: POST /session/7455601dddc232b6deafc0d190a18b4e/element/f.8E6BFA2ED3A3A2D86F199707E5BEEB8B.d.B1FF3739AA73DD08EF9628CC9F0D1F21.e.3491/click - {}
RESULT: {}
COMMAND: GET /session/7455601dddc232b6deafc0d190a18b4e/screenshot - {}
RESULT: {}
COMMAND: POST /session/7455601dddc232b6deafc0d190a18b4e/element - {"using":"xpath","value":"//bdi[contains(text(), \"OK\")]"}
RESULT: {"using":"xpath","value":"//bdi[contains(text(), \"OK\")]"}
COMMAND: POST /session/7455601dddc232b6deafc0d190a18b4e/element/f.8E6BFA2ED3A3A2D86F199707E5BEEB8B.d.B1FF3739AA73DD08EF9628CC9F0D1F21.e.3492/click - {}
RESULT: {}
COMMAND: GET /session/7455601dddc232b6deafc0d190a18b4e/screenshot - {}
RESULT: {}
COMMAND: POST /session/7455601dddc232b6deafc0d190a18b4e/element - {"using":"xpath","value":"//input[@id=\"application-managepartners-display-component---NewPartner--companyCodeComboBox-inner\"]"}
RESULT: {"using":"xpath","value":"//input[@id=\"application-managepartners-display-component---NewPartner--companyCodeComboBox-inner\"]"}
COMMAND: POST /session/7455601dddc232b6deafc0d190a18b4e/element/f.8E6BFA2ED3A3A2D86F199707E5BEEB8B.d.B1FF3739AA73DD08EF9628CC9F0D1F21.e.3386/clear - {}
RESULT: {}
COMMAND: POST /session/7455601dddc232b6deafc0d190a18b4e/element/f.8E6BFA2ED3A3A2D86F199707E5BEEB8B.d.B1FF3739AA73DD08EF9628CC9F0D1F21.e.3386/value - {"text":"C002"}
COMMAND: GET /session/7455601dddc232b6deafc0d190a18b4e/screenshot - {}
RESULT: {"text":"C002"}
COMMAND: GET /session/7455601dddc232b6deafc0d190a18b4e/screenshot - {}
RESULT: {}
RESULT: {}
COMMAND: POST /session/7455601dddc232b6deafc0d190a18b4e/element - {"using":"xpath","value":"//li[.//span[text()= \"C002\"]]"}
RESULT: {"using":"xpath","value":"//li[.//span[text()= \"C002\"]]"}
COMMAND: POST /session/7455601dddc232b6deafc0d190a18b4e/element/f.8E6BFA2ED3A3A2D86F199707E5BEEB8B.d.B1FF3739AA73DD08EF9628CC9F0D1F21.e.3498/click - {}
RESULT: {}
COMMAND: GET /session/7455601dddc232b6deafc0d190a18b4e/screenshot - {}
RESULT: {}
COMMAND: POST /session/7455601dddc232b6deafc0d190a18b4e/execute/async - {"script":"<script> [1562 bytes]","args":[{"selector":{"id":"application-managepartners-display-component---NewPartner--btnAddTableRow-img"},"wdio_ui5_key":"applicationmanagepartners-display-component---NewPartner--btnAddTableRow-img"}]}
RESULT: {"script":"<script> [1562 bytes]","args":[{"selector":{"id":"application-managepartners-display-component---NewPartner--btnAddTableRow-img"},"wdio_ui5_key":"applicationmanagepartners-display-component---NewPartner--btnAddTableRow-img"}]}
RESULT: undefined
COMMAND: POST /session/7455601dddc232b6deafc0d190a18b4e/element - {"using":"xpath","value":"//*[@id=\"application-managepartners-display-component---NewPartner--btnAddTableRow-img\"]"}
RESULT: {"using":"xpath","value":"//*[@id=\"application-managepartners-display-component---NewPartner--btnAddTableRow-img\"]"}
COMMAND: POST /session/7455601dddc232b6deafc0d190a18b4e/element/f.8E6BFA2ED3A3A2D86F199707E5BEEB8B.d.B1FF3739AA73DD08EF9628CC9F0D1F21.e.3499/click - {}
RESULT: {}
COMMAND: GET /session/7455601dddc232b6deafc0d190a18b4e/screenshot - {}
RESULT: {}
COMMAND: POST /session/7455601dddc232b6deafc0d190a18b4e/element - {"using":"xpath","value":"//input[@id=\"application-managepartners-display-component---NewPartner--assignmentYard-application-managepartners-display-component---NewPartner--assignmentsTable-0-inner\"]"}
RESULT: {"using":"xpath","value":"//input[@id=\"application-managepartners-display-component---NewPartner--assignmentYard-application-managepartners-display-component---NewPartner--assignmentsTable-0-inner\"]"}
COMMAND: POST /session/7455601dddc232b6deafc0d190a18b4e/element/f.8E6BFA2ED3A3A2D86F199707E5BEEB8B.d.B1FF3739AA73DD08EF9628CC9F0D1F21.e.3502/clear - {}
RESULT: {}
COMMAND: POST /session/7455601dddc232b6deafc0d190a18b4e/element/f.8E6BFA2ED3A3A2D86F199707E5BEEB8B.d.B1FF3739AA73DD08EF9628CC9F0D1F21.e.3502/value - {"text":"396"}
COMMAND: GET /session/7455601dddc232b6deafc0d190a18b4e/screenshot - {}
RESULT: {"text":"396"}
COMMAND: GET /session/7455601dddc232b6deafc0d190a18b4e/screenshot - {}
RESULT: {}
RESULT: {}
COMMAND: POST /session/7455601dddc232b6deafc0d190a18b4e/element - {"using":"xpath","value":"//li[.//span[text()='396']]"}
RESULT: {"using":"xpath","value":"//li[.//span[text()='396']]"}
COMMAND: POST /session/7455601dddc232b6deafc0d190a18b4e/element/f.8E6BFA2ED3A3A2D86F199707E5BEEB8B.d.B1FF3739AA73DD08EF9628CC9F0D1F21.e.3511/click - {}
RESULT: {}
COMMAND: GET /session/7455601dddc232b6deafc0d190a18b4e/screenshot - {}
RESULT: {}
COMMAND: POST /session/7455601dddc232b6deafc0d190a18b4e/actions - {"actions":[{"id":"action3","type":"key","parameters":{},"actions":[{"type":"keyDown","value":""},{"type":"pause","duration":10},{"type":"keyUp","value":""}]}]}
RESULT: {"actions":[{"id":"action3","type":"key","parameters":{},"actions":[{"type":"keyDown","value":""},{"type":"pause","duration":10},{"type":"keyUp","value":""}]}]}
COMMAND: POST /session/7455601dddc232b6deafc0d190a18b4e/execute/async - {"script":"<script> [1562 bytes]","args":[{"selector":{"id":"application-managepartners-display-component---NewPartner--externalCustomerComboBox-application-managepartners-display-component---NewPartner--assignmentsTable-0-vhi"},"wdio_ui5_key":"applicationmanagepartners-display-component---NewPartner--externalCustomerComboBox-application-managepartners-display-component---NewPartner--assignmentsTable-0-vhi"}]}
COMMAND: GET /session/7455601dddc232b6deafc0d190a18b4e/screenshot - {}
RESULT: {"script":"<script> [1562 bytes]","args":[{"selector":{"id":"application-managepartners-display-component---NewPartner--externalCustomerComboBox-application-managepartners-display-component---NewPartner--assignmentsTable-0-vhi"},"wdio_ui5_key":"applicationmanagepartners-display-component---NewPartner--externalCustomerComboBox-application-managepartners-display-component---NewPartner--assignmentsTable-0-vhi"}]}
RESULT: undefined
COMMAND: POST /session/7455601dddc232b6deafc0d190a18b4e/element - {"using":"xpath","value":"//*[@id=\"application-managepartners-display-component---NewPartner--externalCustomerComboBox-application-managepartners-display-component---NewPartner--assignmentsTable-0-vhi\"]"}
RESULT: {}
RESULT: {"using":"xpath","value":"//*[@id=\"application-managepartners-display-component---NewPartner--externalCustomerComboBox-application-managepartners-display-component---NewPartner--assignmentsTable-0-vhi\"]"}
COMMAND: POST /session/7455601dddc232b6deafc0d190a18b4e/element/f.8E6BFA2ED3A3A2D86F199707E5BEEB8B.d.B1FF3739AA73DD08EF9628CC9F0D1F21.e.3515/click - {}
RESULT: {}
RESULT: undefined
COMMAND: POST /session/7455601dddc232b6deafc0d190a18b4e/execute/async - {"script":"<script> [776 bytes]","args":[{"enterText":"300003","selector":{"controlType":"sap.m.SearchField","properties":{"placeholder":"Search"},"searchOpenDialogs":true,"interaction":{"idSuffix":"I"}},"clearTextFirst":true,"interactionType":"ENTER_TEXT"}]}
COMMAND: GET /session/7455601dddc232b6deafc0d190a18b4e/screenshot - {}
RESULT: {"script":"<script> [776 bytes]","args":[{"enterText":"300003","selector":{"controlType":"sap.m.SearchField","properties":{"placeholder":"Search"},"searchOpenDialogs":true,"interaction":{"idSuffix":"I"}},"clearTextFirst":true,"interactionType":"ENTER_TEXT"}]}
COMMAND: POST /session/7455601dddc232b6deafc0d190a18b4e/actions - {"actions":[{"id":"action4","type":"key","parameters":{},"actions":[{"type":"keyDown","value":""},{"type":"pause","duration":10},{"type":"keyUp","value":""}]}]}
RESULT: {}
RESULT: {"actions":[{"id":"action4","type":"key","parameters":{},"actions":[{"type":"keyDown","value":""},{"type":"pause","duration":10},{"type":"keyUp","value":""}]}]}
COMMAND: GET /session/7455601dddc232b6deafc0d190a18b4e/screenshot - {}
RESULT: {}
COMMAND: POST /session/7455601dddc232b6deafc0d190a18b4e/element - {"using":"xpath","value":"//span[contains(text(), \"300003\")]"}
RESULT: {"using":"xpath","value":"//span[contains(text(), \"300003\")]"}
COMMAND: POST /session/7455601dddc232b6deafc0d190a18b4e/element/f.8E6BFA2ED3A3A2D86F199707E5BEEB8B.d.B1FF3739AA73DD08EF9628CC9F0D1F21.e.3532/click - {}
RESULT: {}
COMMAND: GET /session/7455601dddc232b6deafc0d190a18b4e/screenshot - {}
RESULT: {}
COMMAND: POST /session/7455601dddc232b6deafc0d190a18b4e/element - {"using":"xpath","value":"//bdi[contains(text(), \"OK\")]"}
RESULT: {"using":"xpath","value":"//bdi[contains(text(), \"OK\")]"}
COMMAND: POST /session/7455601dddc232b6deafc0d190a18b4e/element/f.8E6BFA2ED3A3A2D86F199707E5BEEB8B.d.B1FF3739AA73DD08EF9628CC9F0D1F21.e.3534/click - {}
RESULT: {}
COMMAND: GET /session/7455601dddc232b6deafc0d190a18b4e/screenshot - {}
RESULT: {}
COMMAND: POST /session/7455601dddc232b6deafc0d190a18b4e/execute/async - {"script":"<script> [1562 bytes]","args":[{"selector":{"id":"application-managepartners-display-component---NewPartner--intercompVendorComboBox-application-managepartners-display-component---NewPartner--assignmentsTable-0-vhi"},"wdio_ui5_key":"applicationmanagepartners-display-component---NewPartner--intercompVendorComboBox-application-managepartners-display-component---NewPartner--assignmentsTable-0-vhi"}]}
RESULT: {"script":"<script> [1562 bytes]","args":[{"selector":{"id":"application-managepartners-display-component---NewPartner--intercompVendorComboBox-application-managepartners-display-component---NewPartner--assignmentsTable-0-vhi"},"wdio_ui5_key":"applicationmanagepartners-display-component---NewPartner--intercompVendorComboBox-application-managepartners-display-component---NewPartner--assignmentsTable-0-vhi"}]}
RESULT: undefined
COMMAND: POST /session/7455601dddc232b6deafc0d190a18b4e/element - {"using":"xpath","value":"//*[@id=\"application-managepartners-display-component---NewPartner--intercompVendorComboBox-application-managepartners-display-component---NewPartner--assignmentsTable-0-vhi\"]"}
RESULT: {"using":"xpath","value":"//*[@id=\"application-managepartners-display-component---NewPartner--intercompVendorComboBox-application-managepartners-display-component---NewPartner--assignmentsTable-0-vhi\"]"}
COMMAND: POST /session/7455601dddc232b6deafc0d190a18b4e/element/f.8E6BFA2ED3A3A2D86F199707E5BEEB8B.d.B1FF3739AA73DD08EF9628CC9F0D1F21.e.3537/click - {}
RESULT: {}
RESULT: undefined
COMMAND: POST /session/7455601dddc232b6deafc0d190a18b4e/execute/async - {"script":"<script> [776 bytes]","args":[{"enterText":"100005","selector":{"controlType":"sap.m.SearchField","properties":{"placeholder":"Search"},"searchOpenDialogs":true,"interaction":{"idSuffix":"I"}},"clearTextFirst":true,"interactionType":"ENTER_TEXT"}]}
COMMAND: GET /session/7455601dddc232b6deafc0d190a18b4e/screenshot - {}
RESULT: {"script":"<script> [776 bytes]","args":[{"enterText":"100005","selector":{"controlType":"sap.m.SearchField","properties":{"placeholder":"Search"},"searchOpenDialogs":true,"interaction":{"idSuffix":"I"}},"clearTextFirst":true,"interactionType":"ENTER_TEXT"}]}
COMMAND: POST /session/7455601dddc232b6deafc0d190a18b4e/actions - {"actions":[{"id":"action5","type":"key","parameters":{},"actions":[{"type":"keyDown","value":""},{"type":"pause","duration":10},{"type":"keyUp","value":""}]}]}
RESULT: {}
RESULT: {"actions":[{"id":"action5","type":"key","parameters":{},"actions":[{"type":"keyDown","value":""},{"type":"pause","duration":10},{"type":"keyUp","value":""}]}]}
COMMAND: GET /session/7455601dddc232b6deafc0d190a18b4e/screenshot - {}
RESULT: {}
COMMAND: POST /session/7455601dddc232b6deafc0d190a18b4e/element - {"using":"xpath","value":"//span[contains(text(), \"Penguins - Field/12345 Berlin\")]"}
RESULT: {"using":"xpath","value":"//span[contains(text(), \"Penguins - Field/12345 Berlin\")]"}
COMMAND: POST /session/7455601dddc232b6deafc0d190a18b4e/element/f.8E6BFA2ED3A3A2D86F199707E5BEEB8B.d.B1FF3739AA73DD08EF9628CC9F0D1F21.e.3554/click - {}
RESULT: {}
COMMAND: GET /session/7455601dddc232b6deafc0d190a18b4e/screenshot - {}
RESULT: {}
COMMAND: POST /session/7455601dddc232b6deafc0d190a18b4e/element - {"using":"xpath","value":"//bdi[contains(text(), \"OK\")]"}
RESULT: {"using":"xpath","value":"//bdi[contains(text(), \"OK\")]"}
COMMAND: POST /session/7455601dddc232b6deafc0d190a18b4e/element/f.8E6BFA2ED3A3A2D86F199707E5BEEB8B.d.B1FF3739AA73DD08EF9628CC9F0D1F21.e.3555/click - {}
RESULT: {}
COMMAND: GET /session/7455601dddc232b6deafc0d190a18b4e/screenshot - {}
RESULT: {}
COMMAND: POST /session/7455601dddc232b6deafc0d190a18b4e/element - {"using":"xpath","value":"//button[@data-kt=\"saveButton\"]"}
RESULT: {"using":"xpath","value":"//button[@data-kt=\"saveButton\"]"}
COMMAND: POST /session/7455601dddc232b6deafc0d190a18b4e/element/f.8E6BFA2ED3A3A2D86F199707E5BEEB8B.d.B1FF3739AA73DD08EF9628CC9F0D1F21.e.3412/click - {}
RESULT: {}
COMMAND: GET /session/7455601dddc232b6deafc0d190a18b4e/screenshot - {}
RESULT: {}
COMMAND: POST /session/7455601dddc232b6deafc0d190a18b4e/element - {"using":"xpath","value":"//header[contains(@id, 'ObjectPageLayout-headerTitle')]/div[1]/div[2]/div[2]/span[1]"}
RESULT: {"using":"xpath","value":"//header[contains(@id, 'ObjectPageLayout-headerTitle')]/div[1]/div[2]/div[2]/span[1]"}
COMMAND: POST /session/7455601dddc232b6deafc0d190a18b4e/elements - {"using":"xpath","value":"//header[contains(@id, 'ObjectPageLayout-headerTitle')]/div[1]/div[2]/div[2]/span[1]"}
RESULT: {"using":"xpath","value":"//header[contains(@id, 'ObjectPageLayout-headerTitle')]/div[1]/div[2]/div[2]/span[1]"}
COMMAND: POST /session/7455601dddc232b6deafc0d190a18b4e/execute/sync - {"script":"<script> [56 bytes]","args":[{"element-6066-11e4-a52e-4f735466cecf":"f.8E6BFA2ED3A3A2D86F199707E5BEEB8B.d.B1FF3739AA73DD08EF9628CC9F0D1F21.e.3720","ELEMENT":"f.8E6BFA2ED3A3A2D86F199707E5BEEB8B.d.B1FF3739AA73DD08EF9628CC9F0D1F21.e.3720"}]}
RESULT: {"script":"<script> [56 bytes]","args":[{"element-6066-11e4-a52e-4f735466cecf":"f.8E6BFA2ED3A3A2D86F199707E5BEEB8B.d.B1FF3739AA73DD08EF9628CC9F0D1F21.e.3720","ELEMENT":"f.8E6BFA2ED3A3A2D86F199707E5BEEB8B.d.B1FF3739AA73DD08EF9628CC9F0D1F21.e.3720"}]}
COMMAND: POST /session/7455601dddc232b6deafc0d190a18b4e/element - {"using":"css selector","value":"#shell-header-logo"}
COMMAND: GET /session/7455601dddc232b6deafc0d190a18b4e/screenshot - {}
RESULT: {"using":"css selector","value":"#shell-header-logo"}
COMMAND: POST /session/7455601dddc232b6deafc0d190a18b4e/element/f.8E6BFA2ED3A3A2D86F199707E5BEEB8B.d.B1FF3739AA73DD08EF9628CC9F0D1F21.e.2941/click - {}
RESULT: {}
RESULT: {}
COMMAND: GET /session/7455601dddc232b6deafc0d190a18b4e/screenshot - {}
RESULT: {}
COMMAND: POST /session/7455601dddc232b6deafc0d190a18b4e/execute/sync - {"script":"<script> [299 bytes]","args":[["getModel","getResource"]]}
RESULT: {"script":"<script> [299 bytes]","args":[["getModel","getResource"]]}
COMMAND: GET /session/7455601dddc232b6deafc0d190a18b4e/screenshot - {}
]]></system-out>
    </testcase>
    <testcase classname="chrome.136_0_7103_93.windows.Billing_Transfer_-_Master_data_&amp;_Intercompany_US127250" name="Should create a new site" time="104.87">
      <system-out><![CDATA[
COMMAND: POST /session/7455601dddc232b6deafc0d190a18b4e/execute/async - {"script":"<script> [1562 bytes]","args":[{"selector":{"controlType":"sap.m.GenericTile","properties":{"header":"Manage Sites"}},"wdio_ui5_key":"sapm.GenericTile{\"header\":\"Manage Sites\"}"}]}
RESULT: {}
RESULT: {"script":"<script> [1562 bytes]","args":[{"selector":{"controlType":"sap.m.GenericTile","properties":{"header":"Manage Sites"}},"wdio_ui5_key":"sapm.GenericTile{\"header\":\"Manage Sites\"}"}]}
RESULT: undefined
COMMAND: POST /session/7455601dddc232b6deafc0d190a18b4e/element - {"using":"xpath","value":"//*[@id=\"__tile40\"]"}
RESULT: {"using":"xpath","value":"//*[@id=\"__tile40\"]"}
COMMAND: POST /session/7455601dddc232b6deafc0d190a18b4e/element/f.8E6BFA2ED3A3A2D86F199707E5BEEB8B.d.B1FF3739AA73DD08EF9628CC9F0D1F21.e.2095/click - {}
RESULT: {}
COMMAND: GET /session/7455601dddc232b6deafc0d190a18b4e/screenshot - {}
RESULT: {}
COMMAND: POST /session/7455601dddc232b6deafc0d190a18b4e/elements - {"using":"xpath","value":"//span[text()='Error']"}
RESULT: {"using":"xpath","value":"//span[text()='Error']"}
COMMAND: POST /session/7455601dddc232b6deafc0d190a18b4e/element - {"using":"xpath","value":"//button[@data-kt=\"addOverflowToolbarButton\"]"}
RESULT: {"using":"xpath","value":"//button[@data-kt=\"addOverflowToolbarButton\"]"}
COMMAND: POST /session/7455601dddc232b6deafc0d190a18b4e/elements - {"using":"xpath","value":"//button[@data-kt=\"addOverflowToolbarButton\"]"}
RESULT: {"using":"xpath","value":"//button[@data-kt=\"addOverflowToolbarButton\"]"}
COMMAND: POST /session/7455601dddc232b6deafc0d190a18b4e/execute/sync - {"script":"<script> [8489 bytes]","args":[{"element-6066-11e4-a52e-4f735466cecf":"f.8E6BFA2ED3A3A2D86F199707E5BEEB8B.d.B1FF3739AA73DD08EF9628CC9F0D1F21.e.3768","ELEMENT":"f.8E6BFA2ED3A3A2D86F199707E5BEEB8B.d.B1FF3739AA73DD08EF9628CC9F0D1F21.e.3768"}]}
RESULT: {"script":"<script> [8489 bytes]","args":[{"element-6066-11e4-a52e-4f735466cecf":"f.8E6BFA2ED3A3A2D86F199707E5BEEB8B.d.B1FF3739AA73DD08EF9628CC9F0D1F21.e.3768","ELEMENT":"f.8E6BFA2ED3A3A2D86F199707E5BEEB8B.d.B1FF3739AA73DD08EF9628CC9F0D1F21.e.3768"}]}
COMMAND: GET /session/7455601dddc232b6deafc0d190a18b4e/element/f.8E6BFA2ED3A3A2D86F199707E5BEEB8B.d.B1FF3739AA73DD08EF9628CC9F0D1F21.e.3768/enabled - {}
COMMAND: GET /session/7455601dddc232b6deafc0d190a18b4e/screenshot - {}
RESULT: {}
COMMAND: POST /session/7455601dddc232b6deafc0d190a18b4e/execute/sync - {"script":"<script> [8489 bytes]","args":[{"element-6066-11e4-a52e-4f735466cecf":"f.8E6BFA2ED3A3A2D86F199707E5BEEB8B.d.B1FF3739AA73DD08EF9628CC9F0D1F21.e.3768","ELEMENT":"f.8E6BFA2ED3A3A2D86F199707E5BEEB8B.d.B1FF3739AA73DD08EF9628CC9F0D1F21.e.3768"}]}
COMMAND: GET /session/7455601dddc232b6deafc0d190a18b4e/screenshot - {}
RESULT: {}
RESULT: {"script":"<script> [8489 bytes]","args":[{"element-6066-11e4-a52e-4f735466cecf":"f.8E6BFA2ED3A3A2D86F199707E5BEEB8B.d.B1FF3739AA73DD08EF9628CC9F0D1F21.e.3768","ELEMENT":"f.8E6BFA2ED3A3A2D86F199707E5BEEB8B.d.B1FF3739AA73DD08EF9628CC9F0D1F21.e.3768"}]}
COMMAND: POST /session/7455601dddc232b6deafc0d190a18b4e/execute/sync - {"script":"<script> [5351 bytes]","args":[{"element-6066-11e4-a52e-4f735466cecf":"f.8E6BFA2ED3A3A2D86F199707E5BEEB8B.d.B1FF3739AA73DD08EF9628CC9F0D1F21.e.3768","ELEMENT":"f.8E6BFA2ED3A3A2D86F199707E5BEEB8B.d.B1FF3739AA73DD08EF9628CC9F0D1F21.e.3768"}]}
COMMAND: GET /session/7455601dddc232b6deafc0d190a18b4e/screenshot - {}
RESULT: {}
RESULT: {"script":"<script> [5351 bytes]","args":[{"element-6066-11e4-a52e-4f735466cecf":"f.8E6BFA2ED3A3A2D86F199707E5BEEB8B.d.B1FF3739AA73DD08EF9628CC9F0D1F21.e.3768","ELEMENT":"f.8E6BFA2ED3A3A2D86F199707E5BEEB8B.d.B1FF3739AA73DD08EF9628CC9F0D1F21.e.3768"}]}
COMMAND: POST /session/7455601dddc232b6deafc0d190a18b4e/element/f.8E6BFA2ED3A3A2D86F199707E5BEEB8B.d.B1FF3739AA73DD08EF9628CC9F0D1F21.e.3768/click - {}
COMMAND: GET /session/7455601dddc232b6deafc0d190a18b4e/screenshot - {}
RESULT: {}
RESULT: {}
COMMAND: GET /session/7455601dddc232b6deafc0d190a18b4e/screenshot - {}
RESULT: {}
COMMAND: POST /session/7455601dddc232b6deafc0d190a18b4e/element - {"using":"xpath","value":"//input[@id=\"application-managesites-display-component---NewSite--siteId-inner\"]"}
RESULT: {}
RESULT: {"using":"xpath","value":"//input[@id=\"application-managesites-display-component---NewSite--siteId-inner\"]"}
COMMAND: POST /session/7455601dddc232b6deafc0d190a18b4e/element - {"using":"xpath","value":"//input[@id=\"application-managesites-display-component---NewSite--siteId-inner\"]"}
RESULT: {"using":"xpath","value":"//input[@id=\"application-managesites-display-component---NewSite--siteId-inner\"]"}
COMMAND: POST /session/7455601dddc232b6deafc0d190a18b4e/execute/async - {"script":"<script> [1562 bytes]","args":[{"selector":{"id":"application-managesites-display-component---NewSite--addressDetailDetailsName1","interaction":{"idSuffix":"inner"}},"wdio_ui5_key":"applicationmanagesites-display-component---NewSite--addressDetailDetailsName1"}]}
RESULT: {"script":"<script> [1562 bytes]","args":[{"selector":{"id":"application-managesites-display-component---NewSite--addressDetailDetailsName1","interaction":{"idSuffix":"inner"}},"wdio_ui5_key":"applicationmanagesites-display-component---NewSite--addressDetailDetailsName1"}]}
RESULT: undefined
COMMAND: POST /session/7455601dddc232b6deafc0d190a18b4e/execute/async - {"script":"<script> [776 bytes]","args":[{"enterText":"Intercompany Site wdIO","selector":{"id":"application-managesites-display-component---NewSite--addressDetailDetailsName1","interaction":{"idSuffix":"inner"}},"clearTextFirst":true,"interactionType":"ENTER_TEXT"}]}
RESULT: {"script":"<script> [776 bytes]","args":[{"enterText":"Intercompany Site wdIO","selector":{"id":"application-managesites-display-component---NewSite--addressDetailDetailsName1","interaction":{"idSuffix":"inner"}},"clearTextFirst":true,"interactionType":"ENTER_TEXT"}]}
COMMAND: POST /session/7455601dddc232b6deafc0d190a18b4e/execute/async - {"script":"<script> [1562 bytes]","args":[{"selector":{"id":"application-managesites-display-component---NewSite--addressDetailDetailsLanguage-arrow"},"wdio_ui5_key":"applicationmanagesites-display-component---NewSite--addressDetailDetailsLanguage-arrow"}]}
RESULT: {"script":"<script> [1562 bytes]","args":[{"selector":{"id":"application-managesites-display-component---NewSite--addressDetailDetailsLanguage-arrow"},"wdio_ui5_key":"applicationmanagesites-display-component---NewSite--addressDetailDetailsLanguage-arrow"}]}
RESULT: undefined
COMMAND: POST /session/7455601dddc232b6deafc0d190a18b4e/element - {"using":"xpath","value":"//*[@id=\"application-managesites-display-component---NewSite--addressDetailDetailsLanguage-arrow\"]"}
RESULT: {"using":"xpath","value":"//*[@id=\"application-managesites-display-component---NewSite--addressDetailDetailsLanguage-arrow\"]"}
COMMAND: POST /session/7455601dddc232b6deafc0d190a18b4e/element/f.8E6BFA2ED3A3A2D86F199707E5BEEB8B.d.B1FF3739AA73DD08EF9628CC9F0D1F21.e.4217/click - {}
RESULT: {}
COMMAND: POST /session/7455601dddc232b6deafc0d190a18b4e/element - {"using":"xpath","value":"//span[contains(text(), \"English\")]"}
COMMAND: GET /session/7455601dddc232b6deafc0d190a18b4e/screenshot - {}
RESULT: {"using":"xpath","value":"//span[contains(text(), \"English\")]"}
COMMAND: POST /session/7455601dddc232b6deafc0d190a18b4e/element/f.8E6BFA2ED3A3A2D86F199707E5BEEB8B.d.B1FF3739AA73DD08EF9628CC9F0D1F21.e.4218/click - {}
RESULT: {}
RESULT: {}
COMMAND: POST /session/7455601dddc232b6deafc0d190a18b4e/execute/async - {"script":"<script> [1562 bytes]","args":[{"selector":{"id":"application-managesites-display-component---NewSite--addressDetailDetailsCity1","interaction":{"idSuffix":"inner"}},"wdio_ui5_key":"applicationmanagesites-display-component---NewSite--addressDetailDetailsCity1"}]}
COMMAND: GET /session/7455601dddc232b6deafc0d190a18b4e/screenshot - {}
RESULT: {"script":"<script> [1562 bytes]","args":[{"selector":{"id":"application-managesites-display-component---NewSite--addressDetailDetailsCity1","interaction":{"idSuffix":"inner"}},"wdio_ui5_key":"applicationmanagesites-display-component---NewSite--addressDetailDetailsCity1"}]}
RESULT: undefined
COMMAND: POST /session/7455601dddc232b6deafc0d190a18b4e/execute/async - {"script":"<script> [776 bytes]","args":[{"enterText":"Rosario","selector":{"id":"application-managesites-display-component---NewSite--addressDetailDetailsCity1","interaction":{"idSuffix":"inner"}},"clearTextFirst":true,"interactionType":"ENTER_TEXT"}]}
RESULT: {}
RESULT: {"script":"<script> [776 bytes]","args":[{"enterText":"Rosario","selector":{"id":"application-managesites-display-component---NewSite--addressDetailDetailsCity1","interaction":{"idSuffix":"inner"}},"clearTextFirst":true,"interactionType":"ENTER_TEXT"}]}
COMMAND: POST /session/7455601dddc232b6deafc0d190a18b4e/execute/async - {"script":"<script> [1562 bytes]","args":[{"selector":{"id":"application-managesites-display-component---NewSite--addressDetailDetailsCountry-arrow"},"wdio_ui5_key":"applicationmanagesites-display-component---NewSite--addressDetailDetailsCountry-arrow"}]}
RESULT: {"script":"<script> [1562 bytes]","args":[{"selector":{"id":"application-managesites-display-component---NewSite--addressDetailDetailsCountry-arrow"},"wdio_ui5_key":"applicationmanagesites-display-component---NewSite--addressDetailDetailsCountry-arrow"}]}
RESULT: undefined
COMMAND: POST /session/7455601dddc232b6deafc0d190a18b4e/element - {"using":"xpath","value":"//*[@id=\"application-managesites-display-component---NewSite--addressDetailDetailsCountry-arrow\"]"}
RESULT: {"using":"xpath","value":"//*[@id=\"application-managesites-display-component---NewSite--addressDetailDetailsCountry-arrow\"]"}
COMMAND: POST /session/7455601dddc232b6deafc0d190a18b4e/element/f.8E6BFA2ED3A3A2D86F199707E5BEEB8B.d.B1FF3739AA73DD08EF9628CC9F0D1F21.e.4220/click - {}
RESULT: {}
COMMAND: POST /session/7455601dddc232b6deafc0d190a18b4e/element - {"using":"xpath","value":"//span[contains(text(), \"Argentina\")]"}
COMMAND: GET /session/7455601dddc232b6deafc0d190a18b4e/screenshot - {}
RESULT: {"using":"xpath","value":"//span[contains(text(), \"Argentina\")]"}
COMMAND: POST /session/7455601dddc232b6deafc0d190a18b4e/element/f.8E6BFA2ED3A3A2D86F199707E5BEEB8B.d.B1FF3739AA73DD08EF9628CC9F0D1F21.e.4221/click - {}
RESULT: {}
RESULT: {}
COMMAND: GET /session/7455601dddc232b6deafc0d190a18b4e/screenshot - {}
RESULT: {}
COMMAND: POST /session/7455601dddc232b6deafc0d190a18b4e/execute/async - {"script":"<script> [1562 bytes]","args":[{"selector":{"id":"application-managesites-display-component---NewSite--addressEditDetailsCostObjectCstType-arrow"},"wdio_ui5_key":"applicationmanagesites-display-component---NewSite--addressEditDetailsCostObjectCstType-arrow"}]}
RESULT: {"script":"<script> [1562 bytes]","args":[{"selector":{"id":"application-managesites-display-component---NewSite--addressEditDetailsCostObjectCstType-arrow"},"wdio_ui5_key":"applicationmanagesites-display-component---NewSite--addressEditDetailsCostObjectCstType-arrow"}]}
RESULT: undefined
COMMAND: POST /session/7455601dddc232b6deafc0d190a18b4e/element - {"using":"xpath","value":"//*[@id=\"application-managesites-display-component---NewSite--addressEditDetailsCostObjectCstType-arrow\"]"}
RESULT: {"using":"xpath","value":"//*[@id=\"application-managesites-display-component---NewSite--addressEditDetailsCostObjectCstType-arrow\"]"}
COMMAND: POST /session/7455601dddc232b6deafc0d190a18b4e/element/f.8E6BFA2ED3A3A2D86F199707E5BEEB8B.d.B1FF3739AA73DD08EF9628CC9F0D1F21.e.4223/click - {}
RESULT: {}
COMMAND: POST /session/7455601dddc232b6deafc0d190a18b4e/element - {"using":"xpath","value":"//span[contains(text(), \"Cost Center\")]"}
COMMAND: GET /session/7455601dddc232b6deafc0d190a18b4e/screenshot - {}
RESULT: {"using":"xpath","value":"//span[contains(text(), \"Cost Center\")]"}
COMMAND: POST /session/7455601dddc232b6deafc0d190a18b4e/element/f.8E6BFA2ED3A3A2D86F199707E5BEEB8B.d.B1FF3739AA73DD08EF9628CC9F0D1F21.e.4224/click - {}
RESULT: {}
RESULT: {}
COMMAND: GET /session/7455601dddc232b6deafc0d190a18b4e/screenshot - {}
RESULT: {}
COMMAND: POST /session/7455601dddc232b6deafc0d190a18b4e/element - {"using":"xpath","value":"//span[@id=\"application-managesites-display-component---NewSite--addressNewCostObjectCstID-vhi\"]"}
RESULT: {"using":"xpath","value":"//span[@id=\"application-managesites-display-component---NewSite--addressNewCostObjectCstID-vhi\"]"}
COMMAND: POST /session/7455601dddc232b6deafc0d190a18b4e/execute/sync - {"script":"<script> [8489 bytes]","args":[{"element-6066-11e4-a52e-4f735466cecf":"f.8E6BFA2ED3A3A2D86F199707E5BEEB8B.d.B1FF3739AA73DD08EF9628CC9F0D1F21.e.4229","ELEMENT":"f.8E6BFA2ED3A3A2D86F199707E5BEEB8B.d.B1FF3739AA73DD08EF9628CC9F0D1F21.e.4229"}]}
RESULT: {"script":"<script> [8489 bytes]","args":[{"element-6066-11e4-a52e-4f735466cecf":"f.8E6BFA2ED3A3A2D86F199707E5BEEB8B.d.B1FF3739AA73DD08EF9628CC9F0D1F21.e.4229","ELEMENT":"f.8E6BFA2ED3A3A2D86F199707E5BEEB8B.d.B1FF3739AA73DD08EF9628CC9F0D1F21.e.4229"}]}
COMMAND: POST /session/7455601dddc232b6deafc0d190a18b4e/execute/async - {"script":"<script> [1562 bytes]","args":[{"selector":{"id":"application-managesites-display-component---NewSite--addressNewCostObjectCstID-vhi"},"wdio_ui5_key":"applicationmanagesites-display-component---NewSite--addressNewCostObjectCstID-vhi"}]}
COMMAND: GET /session/7455601dddc232b6deafc0d190a18b4e/screenshot - {}
RESULT: {"script":"<script> [1562 bytes]","args":[{"selector":{"id":"application-managesites-display-component---NewSite--addressNewCostObjectCstID-vhi"},"wdio_ui5_key":"applicationmanagesites-display-component---NewSite--addressNewCostObjectCstID-vhi"}]}
RESULT: undefined
COMMAND: POST /session/7455601dddc232b6deafc0d190a18b4e/element - {"using":"xpath","value":"//*[@id=\"application-managesites-display-component---NewSite--addressNewCostObjectCstID-vhi\"]"}
RESULT: {}
RESULT: {"using":"xpath","value":"//*[@id=\"application-managesites-display-component---NewSite--addressNewCostObjectCstID-vhi\"]"}
COMMAND: POST /session/7455601dddc232b6deafc0d190a18b4e/element/f.8E6BFA2ED3A3A2D86F199707E5BEEB8B.d.B1FF3739AA73DD08EF9628CC9F0D1F21.e.4229/click - {}
RESULT: {}
COMMAND: GET /session/7455601dddc232b6deafc0d190a18b4e/screenshot - {}
RESULT: {}
RESULT: undefined
COMMAND: POST /session/7455601dddc232b6deafc0d190a18b4e/execute/async - {"script":"<script> [776 bytes]","args":[{"enterText":"10001013","selector":{"controlType":"sap.m.SearchField","properties":{"placeholder":"Search"},"searchOpenDialogs":true,"interaction":{"idSuffix":"I"}},"clearTextFirst":true,"interactionType":"ENTER_TEXT"}]}
RESULT: {"script":"<script> [776 bytes]","args":[{"enterText":"10001013","selector":{"controlType":"sap.m.SearchField","properties":{"placeholder":"Search"},"searchOpenDialogs":true,"interaction":{"idSuffix":"I"}},"clearTextFirst":true,"interactionType":"ENTER_TEXT"}]}
COMMAND: POST /session/7455601dddc232b6deafc0d190a18b4e/actions - {"actions":[{"id":"action6","type":"key","parameters":{},"actions":[{"type":"keyDown","value":""},{"type":"pause","duration":10},{"type":"keyUp","value":""}]}]}
RESULT: {"actions":[{"id":"action6","type":"key","parameters":{},"actions":[{"type":"keyDown","value":""},{"type":"pause","duration":10},{"type":"keyUp","value":""}]}]}
COMMAND: GET /session/7455601dddc232b6deafc0d190a18b4e/screenshot - {}
RESULT: {}
COMMAND: POST /session/7455601dddc232b6deafc0d190a18b4e/element - {"using":"xpath","value":"//span[contains(text(), \"General Management\")]"}
RESULT: {"using":"xpath","value":"//span[contains(text(), \"General Management\")]"}
COMMAND: POST /session/7455601dddc232b6deafc0d190a18b4e/element/f.8E6BFA2ED3A3A2D86F199707E5BEEB8B.d.B1FF3739AA73DD08EF9628CC9F0D1F21.e.4265/click - {}
RESULT: {}
COMMAND: GET /session/7455601dddc232b6deafc0d190a18b4e/screenshot - {}
RESULT: {}
COMMAND: POST /session/7455601dddc232b6deafc0d190a18b4e/element - {"using":"xpath","value":"//bdi[contains(text(), \"OK\")]"}
RESULT: {"using":"xpath","value":"//bdi[contains(text(), \"OK\")]"}
COMMAND: POST /session/7455601dddc232b6deafc0d190a18b4e/element/f.8E6BFA2ED3A3A2D86F199707E5BEEB8B.d.B1FF3739AA73DD08EF9628CC9F0D1F21.e.4266/click - {}
RESULT: {}
COMMAND: GET /session/7455601dddc232b6deafc0d190a18b4e/screenshot - {}
RESULT: {}
COMMAND: POST /session/7455601dddc232b6deafc0d190a18b4e/element - {"using":"xpath","value":"//input[@id=\"application-managesites-display-component---NewSite--addressDetailDetailsCalendar-inner\"]"}
RESULT: {"using":"xpath","value":"//input[@id=\"application-managesites-display-component---NewSite--addressDetailDetailsCalendar-inner\"]"}
COMMAND: POST /session/7455601dddc232b6deafc0d190a18b4e/element/f.8E6BFA2ED3A3A2D86F199707E5BEEB8B.d.B1FF3739AA73DD08EF9628CC9F0D1F21.e.4014/clear - {}
RESULT: {}
COMMAND: POST /session/7455601dddc232b6deafc0d190a18b4e/element/f.8E6BFA2ED3A3A2D86F199707E5BEEB8B.d.B1FF3739AA73DD08EF9628CC9F0D1F21.e.4014/value - {"text":"Unit"}
COMMAND: GET /session/7455601dddc232b6deafc0d190a18b4e/screenshot - {}
RESULT: {"text":"Unit"}
COMMAND: GET /session/7455601dddc232b6deafc0d190a18b4e/screenshot - {}
RESULT: {}
RESULT: {}
COMMAND: POST /session/7455601dddc232b6deafc0d190a18b4e/actions - {"actions":[{"id":"action7","type":"key","parameters":{},"actions":[{"type":"keyDown","value":""},{"type":"pause","duration":10},{"type":"keyUp","value":""}]}]}
RESULT: {"actions":[{"id":"action7","type":"key","parameters":{},"actions":[{"type":"keyDown","value":""},{"type":"pause","duration":10},{"type":"keyUp","value":""}]}]}
COMMAND: POST /session/7455601dddc232b6deafc0d190a18b4e/element - {"using":"xpath","value":"//input[@id=\"application-managesites-display-component---NewSite--addressDetailDetailsYard-inner\"]"}
COMMAND: GET /session/7455601dddc232b6deafc0d190a18b4e/screenshot - {}
RESULT: {"using":"xpath","value":"//input[@id=\"application-managesites-display-component---NewSite--addressDetailDetailsYard-inner\"]"}
COMMAND: POST /session/7455601dddc232b6deafc0d190a18b4e/element/f.8E6BFA2ED3A3A2D86F199707E5BEEB8B.d.B1FF3739AA73DD08EF9628CC9F0D1F21.e.4015/clear - {}
RESULT: {}
RESULT: {}
COMMAND: POST /session/7455601dddc232b6deafc0d190a18b4e/element/f.8E6BFA2ED3A3A2D86F199707E5BEEB8B.d.B1FF3739AA73DD08EF9628CC9F0D1F21.e.4015/value - {"text":"396"}
COMMAND: GET /session/7455601dddc232b6deafc0d190a18b4e/screenshot - {}
RESULT: {"text":"396"}
COMMAND: GET /session/7455601dddc232b6deafc0d190a18b4e/screenshot - {}
RESULT: {}
RESULT: {}
COMMAND: POST /session/7455601dddc232b6deafc0d190a18b4e/element - {"using":"xpath","value":"//li[.//span[text()='396']]"}
RESULT: {"using":"xpath","value":"//li[.//span[text()='396']]"}
COMMAND: POST /session/7455601dddc232b6deafc0d190a18b4e/element/f.8E6BFA2ED3A3A2D86F199707E5BEEB8B.d.B1FF3739AA73DD08EF9628CC9F0D1F21.e.4274/click - {}
RESULT: {}
COMMAND: GET /session/7455601dddc232b6deafc0d190a18b4e/screenshot - {}
RESULT: {}
COMMAND: POST /session/7455601dddc232b6deafc0d190a18b4e/element - {"using":"xpath","value":"//input[@id=\"application-managesites-display-component---NewSite--addressDetailDetailsPartner-inner\"]"}
RESULT: {"using":"xpath","value":"//input[@id=\"application-managesites-display-component---NewSite--addressDetailDetailsPartner-inner\"]"}
COMMAND: POST /session/7455601dddc232b6deafc0d190a18b4e/element - {"using":"xpath","value":"//input[@id=\"application-managesites-display-component---NewSite--addressDetailDetailsPartner-inner\"]"}
RESULT: {"using":"xpath","value":"//input[@id=\"application-managesites-display-component---NewSite--addressDetailDetailsPartner-inner\"]"}
COMMAND: POST /session/7455601dddc232b6deafc0d190a18b4e/element - {"using":"xpath","value":"//button[@data-kt=\"saveButton\"]"}
RESULT: {"using":"xpath","value":"//button[@data-kt=\"saveButton\"]"}
COMMAND: POST /session/7455601dddc232b6deafc0d190a18b4e/element/f.8E6BFA2ED3A3A2D86F199707E5BEEB8B.d.B1FF3739AA73DD08EF9628CC9F0D1F21.e.4210/click - {}
RESULT: {}
COMMAND: GET /session/7455601dddc232b6deafc0d190a18b4e/screenshot - {}
RESULT: {}
COMMAND: POST /session/7455601dddc232b6deafc0d190a18b4e/element - {"using":"xpath","value":"//header[contains(@id, 'ObjectPageLayout-headerTitle')]/div[1]/div[2]/div[2]/span[1]"}
RESULT: {"using":"xpath","value":"//header[contains(@id, 'ObjectPageLayout-headerTitle')]/div[1]/div[2]/div[2]/span[1]"}
COMMAND: POST /session/7455601dddc232b6deafc0d190a18b4e/elements - {"using":"xpath","value":"//header[contains(@id, 'ObjectPageLayout-headerTitle')]/div[1]/div[2]/div[2]/span[1]"}
RESULT: {"using":"xpath","value":"//header[contains(@id, 'ObjectPageLayout-headerTitle')]/div[1]/div[2]/div[2]/span[1]"}
COMMAND: POST /session/7455601dddc232b6deafc0d190a18b4e/execute/sync - {"script":"<script> [56 bytes]","args":[{"element-6066-11e4-a52e-4f735466cecf":"f.8E6BFA2ED3A3A2D86F199707E5BEEB8B.d.B1FF3739AA73DD08EF9628CC9F0D1F21.e.4475","ELEMENT":"f.8E6BFA2ED3A3A2D86F199707E5BEEB8B.d.B1FF3739AA73DD08EF9628CC9F0D1F21.e.4475"}]}
RESULT: {"script":"<script> [56 bytes]","args":[{"element-6066-11e4-a52e-4f735466cecf":"f.8E6BFA2ED3A3A2D86F199707E5BEEB8B.d.B1FF3739AA73DD08EF9628CC9F0D1F21.e.4475","ELEMENT":"f.8E6BFA2ED3A3A2D86F199707E5BEEB8B.d.B1FF3739AA73DD08EF9628CC9F0D1F21.e.4475"}]}
COMMAND: POST /session/7455601dddc232b6deafc0d190a18b4e/element - {"using":"css selector","value":"#shell-header-logo"}
COMMAND: GET /session/7455601dddc232b6deafc0d190a18b4e/screenshot - {}
RESULT: {"using":"css selector","value":"#shell-header-logo"}
COMMAND: POST /session/7455601dddc232b6deafc0d190a18b4e/element/f.8E6BFA2ED3A3A2D86F199707E5BEEB8B.d.B1FF3739AA73DD08EF9628CC9F0D1F21.e.3734/click - {}
RESULT: {}
RESULT: {}
COMMAND: GET /session/7455601dddc232b6deafc0d190a18b4e/screenshot - {}
RESULT: {}
COMMAND: POST /session/7455601dddc232b6deafc0d190a18b4e/execute/sync - {"script":"<script> [299 bytes]","args":[["getModel","getResource"]]}
RESULT: {"script":"<script> [299 bytes]","args":[["getModel","getResource"]]}
]]></system-out>
    </testcase>
    <testcase classname="chrome.136_0_7103_93.windows.Billing_Transfer_-_Master_data_&amp;_Intercompany_US127250" name="Should create a new equipment" time="139.915">
      <system-out><![CDATA[
COMMAND: POST /session/7455601dddc232b6deafc0d190a18b4e/execute/async - {"script":"<script> [1562 bytes]","args":[{"selector":{"controlType":"sap.m.GenericTile","properties":{"header":"Manage Resources"}},"wdio_ui5_key":"sapm.GenericTile{\"header\":\"Manage Resources\"}"}]}
COMMAND: GET /session/7455601dddc232b6deafc0d190a18b4e/screenshot - {}
RESULT: {"script":"<script> [1562 bytes]","args":[{"selector":{"controlType":"sap.m.GenericTile","properties":{"header":"Manage Resources"}},"wdio_ui5_key":"sapm.GenericTile{\"header\":\"Manage Resources\"}"}]}
RESULT: undefined
COMMAND: POST /session/7455601dddc232b6deafc0d190a18b4e/element - {"using":"xpath","value":"//*[@id=\"__tile39\"]"}
RESULT: {}
RESULT: {"using":"xpath","value":"//*[@id=\"__tile39\"]"}
COMMAND: POST /session/7455601dddc232b6deafc0d190a18b4e/element/f.8E6BFA2ED3A3A2D86F199707E5BEEB8B.d.B1FF3739AA73DD08EF9628CC9F0D1F21.e.2092/click - {}
RESULT: {}
COMMAND: GET /session/7455601dddc232b6deafc0d190a18b4e/screenshot - {}
RESULT: {}
COMMAND: POST /session/7455601dddc232b6deafc0d190a18b4e/elements - {"using":"xpath","value":"//span[text()='Error']"}
RESULT: {"using":"xpath","value":"//span[text()='Error']"}
COMMAND: POST /session/7455601dddc232b6deafc0d190a18b4e/element - {"using":"xpath","value":"//button[@data-kt=\"addNewRUOverflowToolbarButton\"]"}
RESULT: {"using":"xpath","value":"//button[@data-kt=\"addNewRUOverflowToolbarButton\"]"}
COMMAND: POST /session/7455601dddc232b6deafc0d190a18b4e/elements - {"using":"xpath","value":"//button[@data-kt=\"addNewRUOverflowToolbarButton\"]"}
RESULT: {"using":"xpath","value":"//button[@data-kt=\"addNewRUOverflowToolbarButton\"]"}
COMMAND: POST /session/7455601dddc232b6deafc0d190a18b4e/elements - {"using":"xpath","value":"//button[@data-kt=\"addNewRUOverflowToolbarButton\"]"}
RESULT: {"using":"xpath","value":"//button[@data-kt=\"addNewRUOverflowToolbarButton\"]"}
COMMAND: POST /session/7455601dddc232b6deafc0d190a18b4e/element - {"using":"xpath","value":"//button[@data-kt=\"addNewRUOverflowToolbarButton\"]"}
RESULT: {"using":"xpath","value":"//button[@data-kt=\"addNewRUOverflowToolbarButton\"]"}
COMMAND: POST /session/7455601dddc232b6deafc0d190a18b4e/execute/sync - {"script":"<script> [8489 bytes]","args":[{"element-6066-11e4-a52e-4f735466cecf":"f.8E6BFA2ED3A3A2D86F199707E5BEEB8B.d.B1FF3739AA73DD08EF9628CC9F0D1F21.e.4506","ELEMENT":"f.8E6BFA2ED3A3A2D86F199707E5BEEB8B.d.B1FF3739AA73DD08EF9628CC9F0D1F21.e.4506"}]}
RESULT: {"script":"<script> [8489 bytes]","args":[{"element-6066-11e4-a52e-4f735466cecf":"f.8E6BFA2ED3A3A2D86F199707E5BEEB8B.d.B1FF3739AA73DD08EF9628CC9F0D1F21.e.4506","ELEMENT":"f.8E6BFA2ED3A3A2D86F199707E5BEEB8B.d.B1FF3739AA73DD08EF9628CC9F0D1F21.e.4506"}]}
COMMAND: GET /session/7455601dddc232b6deafc0d190a18b4e/element/f.8E6BFA2ED3A3A2D86F199707E5BEEB8B.d.B1FF3739AA73DD08EF9628CC9F0D1F21.e.4506/enabled - {}
COMMAND: GET /session/7455601dddc232b6deafc0d190a18b4e/screenshot - {}
RESULT: {}
COMMAND: POST /session/7455601dddc232b6deafc0d190a18b4e/execute/sync - {"script":"<script> [8489 bytes]","args":[{"element-6066-11e4-a52e-4f735466cecf":"f.8E6BFA2ED3A3A2D86F199707E5BEEB8B.d.B1FF3739AA73DD08EF9628CC9F0D1F21.e.4506","ELEMENT":"f.8E6BFA2ED3A3A2D86F199707E5BEEB8B.d.B1FF3739AA73DD08EF9628CC9F0D1F21.e.4506"}]}
COMMAND: GET /session/7455601dddc232b6deafc0d190a18b4e/screenshot - {}
RESULT: {}
RESULT: {"script":"<script> [8489 bytes]","args":[{"element-6066-11e4-a52e-4f735466cecf":"f.8E6BFA2ED3A3A2D86F199707E5BEEB8B.d.B1FF3739AA73DD08EF9628CC9F0D1F21.e.4506","ELEMENT":"f.8E6BFA2ED3A3A2D86F199707E5BEEB8B.d.B1FF3739AA73DD08EF9628CC9F0D1F21.e.4506"}]}
COMMAND: POST /session/7455601dddc232b6deafc0d190a18b4e/execute/sync - {"script":"<script> [5351 bytes]","args":[{"element-6066-11e4-a52e-4f735466cecf":"f.8E6BFA2ED3A3A2D86F199707E5BEEB8B.d.B1FF3739AA73DD08EF9628CC9F0D1F21.e.4506","ELEMENT":"f.8E6BFA2ED3A3A2D86F199707E5BEEB8B.d.B1FF3739AA73DD08EF9628CC9F0D1F21.e.4506"}]}
COMMAND: GET /session/7455601dddc232b6deafc0d190a18b4e/screenshot - {}
RESULT: {}
RESULT: {"script":"<script> [5351 bytes]","args":[{"element-6066-11e4-a52e-4f735466cecf":"f.8E6BFA2ED3A3A2D86F199707E5BEEB8B.d.B1FF3739AA73DD08EF9628CC9F0D1F21.e.4506","ELEMENT":"f.8E6BFA2ED3A3A2D86F199707E5BEEB8B.d.B1FF3739AA73DD08EF9628CC9F0D1F21.e.4506"}]}
COMMAND: POST /session/7455601dddc232b6deafc0d190a18b4e/element/f.8E6BFA2ED3A3A2D86F199707E5BEEB8B.d.B1FF3739AA73DD08EF9628CC9F0D1F21.e.4506/click - {}
COMMAND: GET /session/7455601dddc232b6deafc0d190a18b4e/screenshot - {}
RESULT: {}
RESULT: {}
COMMAND: GET /session/7455601dddc232b6deafc0d190a18b4e/screenshot - {}
COMMAND: POST /session/7455601dddc232b6deafc0d190a18b4e/execute/async - {"script":"<script> [1562 bytes]","args":[{"selector":{"id":"application-manageresources-display-component---newResourceUnit--TYPE-arrow"},"wdio_ui5_key":"applicationmanageresources-display-component---newResourceUnit--TYPE-arrow"}]}
RESULT: {}
RESULT: {}
RESULT: {"script":"<script> [1562 bytes]","args":[{"selector":{"id":"application-manageresources-display-component---newResourceUnit--TYPE-arrow"},"wdio_ui5_key":"applicationmanageresources-display-component---newResourceUnit--TYPE-arrow"}]}
RESULT: undefined
COMMAND: POST /session/7455601dddc232b6deafc0d190a18b4e/element - {"using":"xpath","value":"//*[@id=\"application-manageresources-display-component---newResourceUnit--TYPE-arrow\"]"}
RESULT: {"using":"xpath","value":"//*[@id=\"application-manageresources-display-component---newResourceUnit--TYPE-arrow\"]"}
COMMAND: POST /session/7455601dddc232b6deafc0d190a18b4e/element/f.8E6BFA2ED3A3A2D86F199707E5BEEB8B.d.B1FF3739AA73DD08EF9628CC9F0D1F21.e.4866/click - {}
RESULT: {}
COMMAND: POST /session/7455601dddc232b6deafc0d190a18b4e/element - {"using":"xpath","value":"//input[@id=\"application-manageresources-display-component---newResourceUnit--TYPE-inner\"]"}
COMMAND: GET /session/7455601dddc232b6deafc0d190a18b4e/screenshot - {}
RESULT: {"using":"xpath","value":"//input[@id=\"application-manageresources-display-component---newResourceUnit--TYPE-inner\"]"}
COMMAND: POST /session/7455601dddc232b6deafc0d190a18b4e/element/f.8E6BFA2ED3A3A2D86F199707E5BEEB8B.d.B1FF3739AA73DD08EF9628CC9F0D1F21.e.4862/clear - {}
RESULT: {}
RESULT: {}
COMMAND: POST /session/7455601dddc232b6deafc0d190a18b4e/element/f.8E6BFA2ED3A3A2D86F199707E5BEEB8B.d.B1FF3739AA73DD08EF9628CC9F0D1F21.e.4862/value - {"text":"Equipment"}
COMMAND: GET /session/7455601dddc232b6deafc0d190a18b4e/screenshot - {}
RESULT: {"text":"Equipment"}
COMMAND: GET /session/7455601dddc232b6deafc0d190a18b4e/screenshot - {}
RESULT: {}
RESULT: {}
COMMAND: POST /session/7455601dddc232b6deafc0d190a18b4e/actions - {"actions":[{"id":"action8","type":"key","parameters":{},"actions":[{"type":"keyDown","value":""},{"type":"pause","duration":10},{"type":"keyUp","value":""}]}]}
RESULT: {"actions":[{"id":"action8","type":"key","parameters":{},"actions":[{"type":"keyDown","value":""},{"type":"pause","duration":10},{"type":"keyUp","value":""}]}]}
COMMAND: POST /session/7455601dddc232b6deafc0d190a18b4e/execute/async - {"script":"<script> [1562 bytes]","args":[{"selector":{"id":"application-manageresources-display-component---newResourceUnit--resourceId","interaction":{"idSuffix":"inner"}},"wdio_ui5_key":"applicationmanageresources-display-component---newResourceUnit--resourceId"}]}
COMMAND: GET /session/7455601dddc232b6deafc0d190a18b4e/screenshot - {}
RESULT: {"script":"<script> [1562 bytes]","args":[{"selector":{"id":"application-manageresources-display-component---newResourceUnit--resourceId","interaction":{"idSuffix":"inner"}},"wdio_ui5_key":"applicationmanageresources-display-component---newResourceUnit--resourceId"}]}
RESULT: undefined
COMMAND: POST /session/7455601dddc232b6deafc0d190a18b4e/execute/async - {"script":"<script> [776 bytes]","args":[{"enterText":"MDeJkT5I9l","selector":{"id":"application-manageresources-display-component---newResourceUnit--resourceId","interaction":{"idSuffix":"inner"}},"clearTextFirst":true,"interactionType":"ENTER_TEXT"}]}
RESULT: {}
RESULT: {"script":"<script> [776 bytes]","args":[{"enterText":"MDeJkT5I9l","selector":{"id":"application-manageresources-display-component---newResourceUnit--resourceId","interaction":{"idSuffix":"inner"}},"clearTextFirst":true,"interactionType":"ENTER_TEXT"}]}
COMMAND: POST /session/7455601dddc232b6deafc0d190a18b4e/execute/async - {"script":"<script> [1562 bytes]","args":[{"selector":{"id":"application-manageresources-display-component---newResourceUnit--SHORT_TEXT","interaction":{"idSuffix":"inner"}},"wdio_ui5_key":"applicationmanageresources-display-component---newResourceUnit--SHORT_TEXT"}]}
RESULT: {"script":"<script> [1562 bytes]","args":[{"selector":{"id":"application-manageresources-display-component---newResourceUnit--SHORT_TEXT","interaction":{"idSuffix":"inner"}},"wdio_ui5_key":"applicationmanageresources-display-component---newResourceUnit--SHORT_TEXT"}]}
RESULT: undefined
COMMAND: POST /session/7455601dddc232b6deafc0d190a18b4e/execute/async - {"script":"<script> [776 bytes]","args":[{"enterText":"Intercompany Equipment WDIO","selector":{"id":"application-manageresources-display-component---newResourceUnit--SHORT_TEXT","interaction":{"idSuffix":"inner"}},"clearTextFirst":true,"interactionType":"ENTER_TEXT"}]}
RESULT: {"script":"<script> [776 bytes]","args":[{"enterText":"Intercompany Equipment WDIO","selector":{"id":"application-manageresources-display-component---newResourceUnit--SHORT_TEXT","interaction":{"idSuffix":"inner"}},"clearTextFirst":true,"interactionType":"ENTER_TEXT"}]}
COMMAND: POST /session/7455601dddc232b6deafc0d190a18b4e/execute/async - {"script":"<script> [1562 bytes]","args":[{"selector":{"id":"application-manageresources-display-component---newResourceUnit--BASE_UNIT_OF_MEASURE","interaction":{"idSuffix":"inner"}},"wdio_ui5_key":"applicationmanageresources-display-component---newResourceUnit--BASE_UNIT_OF_MEASURE"}]}
RESULT: {"script":"<script> [1562 bytes]","args":[{"selector":{"id":"application-manageresources-display-component---newResourceUnit--BASE_UNIT_OF_MEASURE","interaction":{"idSuffix":"inner"}},"wdio_ui5_key":"applicationmanageresources-display-component---newResourceUnit--BASE_UNIT_OF_MEASURE"}]}
RESULT: undefined
COMMAND: POST /session/7455601dddc232b6deafc0d190a18b4e/execute/async - {"script":"<script> [776 bytes]","args":[{"enterText":"Piece","selector":{"id":"application-manageresources-display-component---newResourceUnit--BASE_UNIT_OF_MEASURE","interaction":{"idSuffix":"inner"}},"clearTextFirst":true,"interactionType":"ENTER_TEXT"}]}
RESULT: {"script":"<script> [776 bytes]","args":[{"enterText":"Piece","selector":{"id":"application-manageresources-display-component---newResourceUnit--BASE_UNIT_OF_MEASURE","interaction":{"idSuffix":"inner"}},"clearTextFirst":true,"interactionType":"ENTER_TEXT"}]}
COMMAND: POST /session/7455601dddc232b6deafc0d190a18b4e/execute/async - {"script":"<script> [1562 bytes]","args":[{"selector":{"id":"application-manageresources-display-component---newResourceUnit--WEIGHT_UNIT","interaction":{"idSuffix":"inner"}},"wdio_ui5_key":"applicationmanageresources-display-component---newResourceUnit--WEIGHT_UNIT"}]}
RESULT: {"script":"<script> [1562 bytes]","args":[{"selector":{"id":"application-manageresources-display-component---newResourceUnit--WEIGHT_UNIT","interaction":{"idSuffix":"inner"}},"wdio_ui5_key":"applicationmanageresources-display-component---newResourceUnit--WEIGHT_UNIT"}]}
RESULT: undefined
COMMAND: POST /session/7455601dddc232b6deafc0d190a18b4e/execute/async - {"script":"<script> [776 bytes]","args":[{"enterText":"Gram","selector":{"id":"application-manageresources-display-component---newResourceUnit--WEIGHT_UNIT","interaction":{"idSuffix":"inner"}},"clearTextFirst":true,"interactionType":"ENTER_TEXT"}]}
RESULT: {"script":"<script> [776 bytes]","args":[{"enterText":"Gram","selector":{"id":"application-manageresources-display-component---newResourceUnit--WEIGHT_UNIT","interaction":{"idSuffix":"inner"}},"clearTextFirst":true,"interactionType":"ENTER_TEXT"}]}
COMMAND: POST /session/7455601dddc232b6deafc0d190a18b4e/execute/async - {"script":"<script> [1562 bytes]","args":[{"selector":{"id":"application-manageresources-display-component---newResourceUnit--DIMENSION_UNIT","interaction":{"idSuffix":"inner"}},"wdio_ui5_key":"applicationmanageresources-display-component---newResourceUnit--DIMENSION_UNIT"}]}
RESULT: {"script":"<script> [1562 bytes]","args":[{"selector":{"id":"application-manageresources-display-component---newResourceUnit--DIMENSION_UNIT","interaction":{"idSuffix":"inner"}},"wdio_ui5_key":"applicationmanageresources-display-component---newResourceUnit--DIMENSION_UNIT"}]}
RESULT: undefined
COMMAND: POST /session/7455601dddc232b6deafc0d190a18b4e/execute/async - {"script":"<script> [776 bytes]","args":[{"enterText":"Meter","selector":{"id":"application-manageresources-display-component---newResourceUnit--DIMENSION_UNIT","interaction":{"idSuffix":"inner"}},"clearTextFirst":true,"interactionType":"ENTER_TEXT"}]}
RESULT: {"script":"<script> [776 bytes]","args":[{"enterText":"Meter","selector":{"id":"application-manageresources-display-component---newResourceUnit--DIMENSION_UNIT","interaction":{"idSuffix":"inner"}},"clearTextFirst":true,"interactionType":"ENTER_TEXT"}]}
COMMAND: POST /session/7455601dddc232b6deafc0d190a18b4e/execute/async - {"script":"<script> [1562 bytes]","args":[{"selector":{"id":"application-manageresources-display-component---newResourceUnit--newRRUPage-anchBar-application-manageresources-display-component---newResourceUnit--control-anchor","interaction":{"idSuffix":"BDI-content"}},"wdio_ui5_key":"applicationmanageresources-display-component---newResourceUnit--newRRUPage-anchBar-application-manageresources-display-component---newResourceUnit--control-anchor"}]}
RESULT: {"script":"<script> [1562 bytes]","args":[{"selector":{"id":"application-manageresources-display-component---newResourceUnit--newRRUPage-anchBar-application-manageresources-display-component---newResourceUnit--control-anchor","interaction":{"idSuffix":"BDI-content"}},"wdio_ui5_key":"applicationmanageresources-display-component---newResourceUnit--newRRUPage-anchBar-application-manageresources-display-component---newResourceUnit--control-anchor"}]}
RESULT: undefined
COMMAND: POST /session/7455601dddc232b6deafc0d190a18b4e/element - {"using":"xpath","value":"//*[@id=\"application-manageresources-display-component---newResourceUnit--newRRUPage-anchBar-application-manageresources-display-component---newResourceUnit--control-anchor\"]"}
RESULT: {"using":"xpath","value":"//*[@id=\"application-manageresources-display-component---newResourceUnit--newRRUPage-anchBar-application-manageresources-display-component---newResourceUnit--control-anchor\"]"}
COMMAND: POST /session/7455601dddc232b6deafc0d190a18b4e/element/f.8E6BFA2ED3A3A2D86F199707E5BEEB8B.d.B1FF3739AA73DD08EF9628CC9F0D1F21.e.5024/click - {}
RESULT: {}
COMMAND: POST /session/7455601dddc232b6deafc0d190a18b4e/execute/async - {"script":"<script> [1562 bytes]","args":[{"selector":{"id":"application-manageresources-display-component---newResourceUnit--PLANNING_GROUP","interaction":{"idSuffix":"inner"}},"wdio_ui5_key":"applicationmanageresources-display-component---newResourceUnit--PLANNING_GROUP"}]}
COMMAND: GET /session/7455601dddc232b6deafc0d190a18b4e/screenshot - {}
RESULT: {"script":"<script> [1562 bytes]","args":[{"selector":{"id":"application-manageresources-display-component---newResourceUnit--PLANNING_GROUP","interaction":{"idSuffix":"inner"}},"wdio_ui5_key":"applicationmanageresources-display-component---newResourceUnit--PLANNING_GROUP"}]}
RESULT: undefined
COMMAND: POST /session/7455601dddc232b6deafc0d190a18b4e/execute/async - {"script":"<script> [776 bytes]","args":[{"enterText":"Heavy Equi","selector":{"id":"application-manageresources-display-component---newResourceUnit--PLANNING_GROUP","interaction":{"idSuffix":"inner"}},"clearTextFirst":true,"interactionType":"ENTER_TEXT"}]}
RESULT: {}
RESULT: {"script":"<script> [776 bytes]","args":[{"enterText":"Heavy Equi","selector":{"id":"application-manageresources-display-component---newResourceUnit--PLANNING_GROUP","interaction":{"idSuffix":"inner"}},"clearTextFirst":true,"interactionType":"ENTER_TEXT"}]}
COMMAND: POST /session/7455601dddc232b6deafc0d190a18b4e/execute/async - {"script":"<script> [1562 bytes]","args":[{"selector":{"id":"application-manageresources-display-component---newResourceUnit--ITEM_TYPE-arrow"},"wdio_ui5_key":"applicationmanageresources-display-component---newResourceUnit--ITEM_TYPE-arrow"}]}
RESULT: {"script":"<script> [1562 bytes]","args":[{"selector":{"id":"application-manageresources-display-component---newResourceUnit--ITEM_TYPE-arrow"},"wdio_ui5_key":"applicationmanageresources-display-component---newResourceUnit--ITEM_TYPE-arrow"}]}
RESULT: undefined
COMMAND: POST /session/7455601dddc232b6deafc0d190a18b4e/element - {"using":"xpath","value":"//*[@id=\"application-manageresources-display-component---newResourceUnit--ITEM_TYPE-arrow\"]"}
RESULT: {"using":"xpath","value":"//*[@id=\"application-manageresources-display-component---newResourceUnit--ITEM_TYPE-arrow\"]"}
COMMAND: POST /session/7455601dddc232b6deafc0d190a18b4e/element/f.8E6BFA2ED3A3A2D86F199707E5BEEB8B.d.B1FF3739AA73DD08EF9628CC9F0D1F21.e.5033/click - {}
RESULT: {}
COMMAND: POST /session/7455601dddc232b6deafc0d190a18b4e/element - {"using":"xpath","value":"(//span[contains(text(), \"Resource Unit\")])[2]"}
COMMAND: GET /session/7455601dddc232b6deafc0d190a18b4e/screenshot - {}
RESULT: {"using":"xpath","value":"(//span[contains(text(), \"Resource Unit\")])[2]"}
COMMAND: POST /session/7455601dddc232b6deafc0d190a18b4e/element/f.8E6BFA2ED3A3A2D86F199707E5BEEB8B.d.B1FF3739AA73DD08EF9628CC9F0D1F21.e.5034/click - {}
RESULT: {}
RESULT: {}
COMMAND: GET /session/7455601dddc232b6deafc0d190a18b4e/screenshot - {}
RESULT: {}
COMMAND: POST /session/7455601dddc232b6deafc0d190a18b4e/element - {"using":"css selector","value":"#application-manageresources-display-component---newResourceUnit--btnAddTimeSegment"}
RESULT: {"using":"css selector","value":"#application-manageresources-display-component---newResourceUnit--btnAddTimeSegment"}
COMMAND: GET /session/7455601dddc232b6deafc0d190a18b4e/element/f.8E6BFA2ED3A3A2D86F199707E5BEEB8B.d.B1FF3739AA73DD08EF9628CC9F0D1F21.e.5041/rect - {}
RESULT: {}
COMMAND: GET /session/7455601dddc232b6deafc0d190a18b4e/window/rect - {}
RESULT: {}
COMMAND: POST /session/7455601dddc232b6deafc0d190a18b4e/execute/sync - {"script":"<script> [92 bytes]","args":[]}
RESULT: {"script":"<script> [92 bytes]","args":[]}
COMMAND: POST /session/7455601dddc232b6deafc0d190a18b4e/actions - {"actions":[{"id":"action9","type":"wheel","parameters":{},"actions":[{"type":"scroll","x":-1888,"y":-32,"deltaX":0,"deltaY":0,"duration":0,"origin":{"element-6066-11e4-a52e-4f735466cecf":"f.8E6BFA2ED3A3A2D86F199707E5BEEB8B.d.B1FF3739AA73DD08EF9628CC9F0D1F21.e.5041"}}]}]}
COMMAND: GET /session/7455601dddc232b6deafc0d190a18b4e/screenshot - {}
RESULT: {}
COMMAND: POST /session/7455601dddc232b6deafc0d190a18b4e/execute/sync - {"script":"<script> [79 bytes]","args":[{"element-6066-11e4-a52e-4f735466cecf":"f.8E6BFA2ED3A3A2D86F199707E5BEEB8B.d.B1FF3739AA73DD08EF9628CC9F0D1F21.e.5041","ELEMENT":"f.8E6BFA2ED3A3A2D86F199707E5BEEB8B.d.B1FF3739AA73DD08EF9628CC9F0D1F21.e.5041"},{"block":"start","inline":"nearest"}]}
RESULT: {"script":"<script> [79 bytes]","args":[{"element-6066-11e4-a52e-4f735466cecf":"f.8E6BFA2ED3A3A2D86F199707E5BEEB8B.d.B1FF3739AA73DD08EF9628CC9F0D1F21.e.5041","ELEMENT":"f.8E6BFA2ED3A3A2D86F199707E5BEEB8B.d.B1FF3739AA73DD08EF9628CC9F0D1F21.e.5041"},{"block":"start","inline":"nearest"}]}
COMMAND: POST /session/7455601dddc232b6deafc0d190a18b4e/execute/async - {"script":"<script> [1562 bytes]","args":[{"selector":{"id":"application-manageresources-display-component---newResourceUnit--btnAddTimeSegment","interaction":{"idSuffix":"inner"}},"wdio_ui5_key":"applicationmanageresources-display-component---newResourceUnit--btnAddTimeSegment"}]}
COMMAND: GET /session/7455601dddc232b6deafc0d190a18b4e/screenshot - {}
RESULT: {"script":"<script> [1562 bytes]","args":[{"selector":{"id":"application-manageresources-display-component---newResourceUnit--btnAddTimeSegment","interaction":{"idSuffix":"inner"}},"wdio_ui5_key":"applicationmanageresources-display-component---newResourceUnit--btnAddTimeSegment"}]}
RESULT: undefined
COMMAND: POST /session/7455601dddc232b6deafc0d190a18b4e/element - {"using":"xpath","value":"//*[@id=\"application-manageresources-display-component---newResourceUnit--btnAddTimeSegment\"]"}
RESULT: {}
RESULT: {"using":"xpath","value":"//*[@id=\"application-manageresources-display-component---newResourceUnit--btnAddTimeSegment\"]"}
COMMAND: POST /session/7455601dddc232b6deafc0d190a18b4e/element/f.8E6BFA2ED3A3A2D86F199707E5BEEB8B.d.B1FF3739AA73DD08EF9628CC9F0D1F21.e.5041/click - {}
RESULT: {}
COMMAND: GET /session/7455601dddc232b6deafc0d190a18b4e/screenshot - {}
RESULT: {}
COMMAND: POST /session/7455601dddc232b6deafc0d190a18b4e/element - {"using":"xpath","value":"//input[@id=\"application-manageresources-display-component---newResourceUnit--idRuTSAdmin-application-manageresources-display-component---newResourceUnit--RUTimeSegment-0-inner\"]"}
RESULT: {"using":"xpath","value":"//input[@id=\"application-manageresources-display-component---newResourceUnit--idRuTSAdmin-application-manageresources-display-component---newResourceUnit--RUTimeSegment-0-inner\"]"}
COMMAND: POST /session/7455601dddc232b6deafc0d190a18b4e/element/f.8E6BFA2ED3A3A2D86F199707E5BEEB8B.d.B1FF3739AA73DD08EF9628CC9F0D1F21.e.5047/clear - {}
RESULT: {}
COMMAND: POST /session/7455601dddc232b6deafc0d190a18b4e/element/f.8E6BFA2ED3A3A2D86F199707E5BEEB8B.d.B1FF3739AA73DD08EF9628CC9F0D1F21.e.5047/value - {"text":"396"}
COMMAND: GET /session/7455601dddc232b6deafc0d190a18b4e/screenshot - {}
RESULT: {"text":"396"}
COMMAND: GET /session/7455601dddc232b6deafc0d190a18b4e/screenshot - {}
RESULT: {}
RESULT: {}
COMMAND: POST /session/7455601dddc232b6deafc0d190a18b4e/element - {"using":"xpath","value":"//li[.//span[text()='396']]"}
RESULT: {"using":"xpath","value":"//li[.//span[text()='396']]"}
COMMAND: POST /session/7455601dddc232b6deafc0d190a18b4e/element/f.8E6BFA2ED3A3A2D86F199707E5BEEB8B.d.B1FF3739AA73DD08EF9628CC9F0D1F21.e.5059/click - {}
RESULT: {}
COMMAND: GET /session/7455601dddc232b6deafc0d190a18b4e/screenshot - {}
RESULT: {}
COMMAND: POST /session/7455601dddc232b6deafc0d190a18b4e/element - {"using":"xpath","value":"(//span[contains(@id, \"-application-manageresources-display-component---newResourceUnit--RUTimeSegment-0-arrow\")])[6]"}
RESULT: {"using":"xpath","value":"(//span[contains(@id, \"-application-manageresources-display-component---newResourceUnit--RUTimeSegment-0-arrow\")])[6]"}
COMMAND: POST /session/7455601dddc232b6deafc0d190a18b4e/element/f.8E6BFA2ED3A3A2D86F199707E5BEEB8B.d.B1FF3739AA73DD08EF9628CC9F0D1F21.e.5060/click - {}
RESULT: {}
COMMAND: GET /session/7455601dddc232b6deafc0d190a18b4e/screenshot - {}
RESULT: {}
COMMAND: POST /session/7455601dddc232b6deafc0d190a18b4e/element - {"using":"xpath","value":"//span[contains(text(), \"PM Order\")]"}
RESULT: {"using":"xpath","value":"//span[contains(text(), \"PM Order\")]"}
COMMAND: POST /session/7455601dddc232b6deafc0d190a18b4e/element/f.8E6BFA2ED3A3A2D86F199707E5BEEB8B.d.B1FF3739AA73DD08EF9628CC9F0D1F21.e.5063/click - {}
RESULT: {}
COMMAND: GET /session/7455601dddc232b6deafc0d190a18b4e/screenshot - {}
RESULT: {}
COMMAND: POST /session/7455601dddc232b6deafc0d190a18b4e/element - {"using":"xpath","value":"(//span[contains(@id ,\"manageresources-display-component---newResourceUnit--RUTimeSegment-0-vhi\")])[1]"}
RESULT: {"using":"xpath","value":"(//span[contains(@id ,\"manageresources-display-component---newResourceUnit--RUTimeSegment-0-vhi\")])[1]"}
COMMAND: GET /session/7455601dddc232b6deafc0d190a18b4e/element/f.8E6BFA2ED3A3A2D86F199707E5BEEB8B.d.B1FF3739AA73DD08EF9628CC9F0D1F21.e.5067/rect - {}
RESULT: {}
COMMAND: GET /session/7455601dddc232b6deafc0d190a18b4e/window/rect - {}
RESULT: {}
COMMAND: POST /session/7455601dddc232b6deafc0d190a18b4e/execute/sync - {"script":"<script> [92 bytes]","args":[]}
RESULT: {"script":"<script> [92 bytes]","args":[]}
COMMAND: POST /session/7455601dddc232b6deafc0d190a18b4e/actions - {"actions":[{"id":"action10","type":"wheel","parameters":{},"actions":[{"type":"scroll","x":-869,"y":-24,"deltaX":0,"deltaY":0,"duration":0,"origin":{"element-6066-11e4-a52e-4f735466cecf":"f.8E6BFA2ED3A3A2D86F199707E5BEEB8B.d.B1FF3739AA73DD08EF9628CC9F0D1F21.e.5067"}}]}]}
COMMAND: GET /session/7455601dddc232b6deafc0d190a18b4e/screenshot - {}
RESULT: {"actions":[{"id":"action10","type":"wheel","parameters":{},"actions":[{"type":"scroll","x":-869,"y":-24,"deltaX":0,"deltaY":0,"duration":0,"origin":{"element-6066-11e4-a52e-4f735466cecf":"f.8E6BFA2ED3A3A2D86F199707E5BEEB8B.d.B1FF3739AA73DD08EF9628CC9F0D1F21.e.5067"}}]}]}
COMMAND: DELETE /session/7455601dddc232b6deafc0d190a18b4e/actions - {}
COMMAND: GET /session/7455601dddc232b6deafc0d190a18b4e/screenshot - {}
RESULT: {}
RESULT: {}
COMMAND: GET /session/7455601dddc232b6deafc0d190a18b4e/screenshot - {}
RESULT: {}
RESULT: {}
COMMAND: POST /session/7455601dddc232b6deafc0d190a18b4e/element/f.8E6BFA2ED3A3A2D86F199707E5BEEB8B.d.B1FF3739AA73DD08EF9628CC9F0D1F21.e.5067/click - {}
RESULT: {}
COMMAND: GET /session/7455601dddc232b6deafc0d190a18b4e/screenshot - {}
RESULT: {}
RESULT: undefined
COMMAND: POST /session/7455601dddc232b6deafc0d190a18b4e/execute/async - {"script":"<script> [776 bytes]","args":[{"enterText":"4000360","selector":{"controlType":"sap.m.SearchField","properties":{"placeholder":"Search"},"searchOpenDialogs":true,"interaction":{"idSuffix":"I"}},"clearTextFirst":true,"interactionType":"ENTER_TEXT"}]}
RESULT: {"script":"<script> [776 bytes]","args":[{"enterText":"4000360","selector":{"controlType":"sap.m.SearchField","properties":{"placeholder":"Search"},"searchOpenDialogs":true,"interaction":{"idSuffix":"I"}},"clearTextFirst":true,"interactionType":"ENTER_TEXT"}]}
COMMAND: POST /session/7455601dddc232b6deafc0d190a18b4e/actions - {"actions":[{"id":"action11","type":"key","parameters":{},"actions":[{"type":"keyDown","value":""},{"type":"pause","duration":10},{"type":"keyUp","value":""}]}]}
RESULT: {"actions":[{"id":"action11","type":"key","parameters":{},"actions":[{"type":"keyDown","value":""},{"type":"pause","duration":10},{"type":"keyUp","value":""}]}]}
COMMAND: GET /session/7455601dddc232b6deafc0d190a18b4e/screenshot - {}
RESULT: {}
COMMAND: POST /session/7455601dddc232b6deafc0d190a18b4e/element - {"using":"xpath","value":"//td/div/span[contains(text(), \"BGL Vehicles\")]"}
RESULT: {"using":"xpath","value":"//td/div/span[contains(text(), \"BGL Vehicles\")]"}
COMMAND: POST /session/7455601dddc232b6deafc0d190a18b4e/element/f.8E6BFA2ED3A3A2D86F199707E5BEEB8B.d.B1FF3739AA73DD08EF9628CC9F0D1F21.e.5088/click - {}
RESULT: {}
COMMAND: GET /session/7455601dddc232b6deafc0d190a18b4e/screenshot - {}
RESULT: {}
COMMAND: POST /session/7455601dddc232b6deafc0d190a18b4e/element - {"using":"xpath","value":"//bdi[contains(text(), \"OK\")]"}
RESULT: {"using":"xpath","value":"//bdi[contains(text(), \"OK\")]"}
COMMAND: POST /session/7455601dddc232b6deafc0d190a18b4e/element/f.8E6BFA2ED3A3A2D86F199707E5BEEB8B.d.B1FF3739AA73DD08EF9628CC9F0D1F21.e.5089/click - {}
RESULT: {}
COMMAND: GET /session/7455601dddc232b6deafc0d190a18b4e/screenshot - {}
RESULT: {}
COMMAND: POST /session/7455601dddc232b6deafc0d190a18b4e/execute/async - {"script":"<script> [1562 bytes]","args":[{"selector":{"id":"application-manageresources-display-component---newResourceUnit--newRRUPage-anchBar-application-manageresources-display-component---newResourceUnit--resource-anchor","interaction":{"idSuffix":"BDI-content"}},"wdio_ui5_key":"applicationmanageresources-display-component---newResourceUnit--newRRUPage-anchBar-application-manageresources-display-component---newResourceUnit--resource-anchor"}]}
RESULT: {"script":"<script> [1562 bytes]","args":[{"selector":{"id":"application-manageresources-display-component---newResourceUnit--newRRUPage-anchBar-application-manageresources-display-component---newResourceUnit--resource-anchor","interaction":{"idSuffix":"BDI-content"}},"wdio_ui5_key":"applicationmanageresources-display-component---newResourceUnit--newRRUPage-anchBar-application-manageresources-display-component---newResourceUnit--resource-anchor"}]}
RESULT: undefined
COMMAND: POST /session/7455601dddc232b6deafc0d190a18b4e/element - {"using":"xpath","value":"//*[@id=\"application-manageresources-display-component---newResourceUnit--newRRUPage-anchBar-application-manageresources-display-component---newResourceUnit--resource-anchor\"]"}
RESULT: {"using":"xpath","value":"//*[@id=\"application-manageresources-display-component---newResourceUnit--newRRUPage-anchBar-application-manageresources-display-component---newResourceUnit--resource-anchor\"]"}
COMMAND: POST /session/7455601dddc232b6deafc0d190a18b4e/element/f.8E6BFA2ED3A3A2D86F199707E5BEEB8B.d.B1FF3739AA73DD08EF9628CC9F0D1F21.e.5093/click - {}
RESULT: {}
COMMAND: POST /session/7455601dddc232b6deafc0d190a18b4e/execute/async - {"script":"<script> [1562 bytes]","args":[{"selector":{"id":"application-manageresources-display-component---newResourceUnit--PLANNED_DELIVERY_DATE","interaction":{"idSuffix":"inner"}},"wdio_ui5_key":"applicationmanageresources-display-component---newResourceUnit--PLANNED_DELIVERY_DATE"}]}
COMMAND: GET /session/7455601dddc232b6deafc0d190a18b4e/screenshot - {}
RESULT: {"script":"<script> [1562 bytes]","args":[{"selector":{"id":"application-manageresources-display-component---newResourceUnit--PLANNED_DELIVERY_DATE","interaction":{"idSuffix":"inner"}},"wdio_ui5_key":"applicationmanageresources-display-component---newResourceUnit--PLANNED_DELIVERY_DATE"}]}
RESULT: undefined
COMMAND: POST /session/7455601dddc232b6deafc0d190a18b4e/execute/async - {"script":"<script> [6424 bytes]","args":[{"element-6066-11e4-a52e-4f735466cecf":"f.8E6BFA2ED3A3A2D86F199707E5BEEB8B.d.B1FF3739AA73DD08EF9628CC9F0D1F21.e.4923"},"setValue",["5/27/25"]]}
RESULT: {}
RESULT: {"script":"<script> [6424 bytes]","args":[{"element-6066-11e4-a52e-4f735466cecf":"f.8E6BFA2ED3A3A2D86F199707E5BEEB8B.d.B1FF3739AA73DD08EF9628CC9F0D1F21.e.4923"},"setValue",["5/27/25"]]}
COMMAND: POST /session/7455601dddc232b6deafc0d190a18b4e/element - {"using":"xpath","value":"//label[contains(@class, 'sapMLabelRequired') and .//bdi[contains(text(), 'Planned Retirement')]]"}
RESULT: {"using":"xpath","value":"//label[contains(@class, 'sapMLabelRequired') and .//bdi[contains(text(), 'Planned Retirement')]]"}
COMMAND: POST /session/7455601dddc232b6deafc0d190a18b4e/elements - {"using":"xpath","value":"//label[contains(@class, 'sapMLabelRequired') and .//bdi[contains(text(), 'Planned Retirement')]]"}
RESULT: {"using":"xpath","value":"//label[contains(@class, 'sapMLabelRequired') and .//bdi[contains(text(), 'Planned Retirement')]]"}
COMMAND: POST /session/7455601dddc232b6deafc0d190a18b4e/element - {"using":"xpath","value":"//button[@data-kt=\"resourceUnitSaveButton\"]"}
RESULT: {"using":"xpath","value":"//button[@data-kt=\"resourceUnitSaveButton\"]"}
COMMAND: POST /session/7455601dddc232b6deafc0d190a18b4e/element/f.8E6BFA2ED3A3A2D86F199707E5BEEB8B.d.B1FF3739AA73DD08EF9628CC9F0D1F21.e.4883/click - {}
RESULT: {}
COMMAND: GET /session/7455601dddc232b6deafc0d190a18b4e/screenshot - {}
RESULT: {}
COMMAND: POST /session/7455601dddc232b6deafc0d190a18b4e/element - {"using":"xpath","value":"//bdi[contains(text(), \"Close\")]"}
RESULT: {"using":"xpath","value":"//bdi[contains(text(), \"Close\")]"}
COMMAND: POST /session/7455601dddc232b6deafc0d190a18b4e/element/f.8E6BFA2ED3A3A2D86F199707E5BEEB8B.d.B1FF3739AA73DD08EF9628CC9F0D1F21.e.5103/click - {}
RESULT: {}
COMMAND: GET /session/7455601dddc232b6deafc0d190a18b4e/screenshot - {}
RESULT: {}
COMMAND: POST /session/7455601dddc232b6deafc0d190a18b4e/element - {"using":"xpath","value":"(//button[contains(@id ,\"actionsToolbar-overflowButton\")])[1]"}
RESULT: {"using":"xpath","value":"(//button[contains(@id ,\"actionsToolbar-overflowButton\")])[1]"}
COMMAND: POST /session/7455601dddc232b6deafc0d190a18b4e/element/f.8E6BFA2ED3A3A2D86F199707E5BEEB8B.d.B1FF3739AA73DD08EF9628CC9F0D1F21.e.5164/click - {}
RESULT: {}
COMMAND: GET /session/7455601dddc232b6deafc0d190a18b4e/screenshot - {}
RESULT: {}
COMMAND: POST /session/7455601dddc232b6deafc0d190a18b4e/element - {"using":"xpath","value":"//button[@data-kt=\"priceInfoButton\"]"}
RESULT: {"using":"xpath","value":"//button[@data-kt=\"priceInfoButton\"]"}
COMMAND: POST /session/7455601dddc232b6deafc0d190a18b4e/element/f.8E6BFA2ED3A3A2D86F199707E5BEEB8B.d.B1FF3739AA73DD08EF9628CC9F0D1F21.e.5166/click - {}
RESULT: {}
COMMAND: GET /session/7455601dddc232b6deafc0d190a18b4e/screenshot - {}
RESULT: {}
]]></system-out>
    </testcase>
    <testcase classname="chrome.136_0_7103_93.windows.Billing_Transfer_-_Master_data_&amp;_Intercompany_US127250" name="Should create new pricing rule TB on the equipment TB" time="60.163">
      <system-out><![CDATA[
COMMAND: POST /session/7455601dddc232b6deafc0d190a18b4e/element - {"using":"xpath","value":"//button[@data-kt=\"addButton\"]"}
RESULT: {"using":"xpath","value":"//button[@data-kt=\"addButton\"]"}
COMMAND: POST /session/7455601dddc232b6deafc0d190a18b4e/elements - {"using":"xpath","value":"//button[@data-kt=\"addButton\"]"}
RESULT: {"using":"xpath","value":"//button[@data-kt=\"addButton\"]"}
COMMAND: POST /session/7455601dddc232b6deafc0d190a18b4e/execute/sync - {"script":"<script> [8489 bytes]","args":[{"element-6066-11e4-a52e-4f735466cecf":"f.8E6BFA2ED3A3A2D86F199707E5BEEB8B.d.B1FF3739AA73DD08EF9628CC9F0D1F21.e.5203","ELEMENT":"f.8E6BFA2ED3A3A2D86F199707E5BEEB8B.d.B1FF3739AA73DD08EF9628CC9F0D1F21.e.5203"}]}
RESULT: {"script":"<script> [8489 bytes]","args":[{"element-6066-11e4-a52e-4f735466cecf":"f.8E6BFA2ED3A3A2D86F199707E5BEEB8B.d.B1FF3739AA73DD08EF9628CC9F0D1F21.e.5203","ELEMENT":"f.8E6BFA2ED3A3A2D86F199707E5BEEB8B.d.B1FF3739AA73DD08EF9628CC9F0D1F21.e.5203"}]}
COMMAND: GET /session/7455601dddc232b6deafc0d190a18b4e/element/f.8E6BFA2ED3A3A2D86F199707E5BEEB8B.d.B1FF3739AA73DD08EF9628CC9F0D1F21.e.5203/enabled - {}
COMMAND: GET /session/7455601dddc232b6deafc0d190a18b4e/screenshot - {}
RESULT: {}
COMMAND: POST /session/7455601dddc232b6deafc0d190a18b4e/execute/sync - {"script":"<script> [8489 bytes]","args":[{"element-6066-11e4-a52e-4f735466cecf":"f.8E6BFA2ED3A3A2D86F199707E5BEEB8B.d.B1FF3739AA73DD08EF9628CC9F0D1F21.e.5203","ELEMENT":"f.8E6BFA2ED3A3A2D86F199707E5BEEB8B.d.B1FF3739AA73DD08EF9628CC9F0D1F21.e.5203"}]}
COMMAND: GET /session/7455601dddc232b6deafc0d190a18b4e/screenshot - {}
RESULT: {}
RESULT: {"script":"<script> [8489 bytes]","args":[{"element-6066-11e4-a52e-4f735466cecf":"f.8E6BFA2ED3A3A2D86F199707E5BEEB8B.d.B1FF3739AA73DD08EF9628CC9F0D1F21.e.5203","ELEMENT":"f.8E6BFA2ED3A3A2D86F199707E5BEEB8B.d.B1FF3739AA73DD08EF9628CC9F0D1F21.e.5203"}]}
COMMAND: POST /session/7455601dddc232b6deafc0d190a18b4e/execute/sync - {"script":"<script> [5351 bytes]","args":[{"element-6066-11e4-a52e-4f735466cecf":"f.8E6BFA2ED3A3A2D86F199707E5BEEB8B.d.B1FF3739AA73DD08EF9628CC9F0D1F21.e.5203","ELEMENT":"f.8E6BFA2ED3A3A2D86F199707E5BEEB8B.d.B1FF3739AA73DD08EF9628CC9F0D1F21.e.5203"}]}
COMMAND: GET /session/7455601dddc232b6deafc0d190a18b4e/screenshot - {}
RESULT: {}
RESULT: {"script":"<script> [5351 bytes]","args":[{"element-6066-11e4-a52e-4f735466cecf":"f.8E6BFA2ED3A3A2D86F199707E5BEEB8B.d.B1FF3739AA73DD08EF9628CC9F0D1F21.e.5203","ELEMENT":"f.8E6BFA2ED3A3A2D86F199707E5BEEB8B.d.B1FF3739AA73DD08EF9628CC9F0D1F21.e.5203"}]}
COMMAND: POST /session/7455601dddc232b6deafc0d190a18b4e/element/f.8E6BFA2ED3A3A2D86F199707E5BEEB8B.d.B1FF3739AA73DD08EF9628CC9F0D1F21.e.5203/click - {}
COMMAND: GET /session/7455601dddc232b6deafc0d190a18b4e/screenshot - {}
RESULT: {}
RESULT: {}
COMMAND: GET /session/7455601dddc232b6deafc0d190a18b4e/screenshot - {}
RESULT: {}
RESULT: {}
COMMAND: POST /session/7455601dddc232b6deafc0d190a18b4e/execute/async - {"script":"<script> [1562 bytes]","args":[{"selector":{"controlType":"sap.m.Title","viewName":"etm.portal.ui.managepricingrules.view.NewItem","viewId":"application-managepricingrules-display-component---newInfoPriceItem","properties":{"text":"New Pricing Rules - Item Level"}},"wdio_ui5_key":"etmportal.ui.managepricingrules.view.NewItemsap.m.Title{\"text\":\"New Pricing Rules - Item Level\"}"}]}
RESULT: {"script":"<script> [1562 bytes]","args":[{"selector":{"controlType":"sap.m.Title","viewName":"etm.portal.ui.managepricingrules.view.NewItem","viewId":"application-managepricingrules-display-component---newInfoPriceItem","properties":{"text":"New Pricing Rules - Item Level"}},"wdio_ui5_key":"etmportal.ui.managepricingrules.view.NewItemsap.m.Title{\"text\":\"New Pricing Rules - Item Level\"}"}]}
RESULT: undefined
COMMAND: POST /session/7455601dddc232b6deafc0d190a18b4e/execute/async - {"script":"<script> [6424 bytes]","args":[{"element-6066-11e4-a52e-4f735466cecf":"f.8E6BFA2ED3A3A2D86F199707E5BEEB8B.d.B1FF3739AA73DD08EF9628CC9F0D1F21.e.5277"},"getText",[]]}
RESULT: {"script":"<script> [6424 bytes]","args":[{"element-6066-11e4-a52e-4f735466cecf":"f.8E6BFA2ED3A3A2D86F199707E5BEEB8B.d.B1FF3739AA73DD08EF9628CC9F0D1F21.e.5277"},"getText",[]]}
COMMAND: POST /session/7455601dddc232b6deafc0d190a18b4e/execute/async - {"script":"<script> [1562 bytes]","args":[{"selector":{"id":"application-managepricingrules-display-component---newInfoPriceItem--condValidTo","interaction":{"idSuffix":"inner"}},"wdio_ui5_key":"applicationmanagepricingrules-display-component---newInfoPriceItem--condValidTo"}]}
RESULT: {"script":"<script> [1562 bytes]","args":[{"selector":{"id":"application-managepricingrules-display-component---newInfoPriceItem--condValidTo","interaction":{"idSuffix":"inner"}},"wdio_ui5_key":"applicationmanagepricingrules-display-component---newInfoPriceItem--condValidTo"}]}
RESULT: undefined
COMMAND: POST /session/7455601dddc232b6deafc0d190a18b4e/execute/async - {"script":"<script> [776 bytes]","args":[{"enterText":"1/27/26","selector":{"id":"application-managepricingrules-display-component---newInfoPriceItem--condValidTo","interaction":{"idSuffix":"inner"}},"clearTextFirst":true,"interactionType":"ENTER_TEXT"}]}
RESULT: {"script":"<script> [776 bytes]","args":[{"enterText":"1/27/26","selector":{"id":"application-managepricingrules-display-component---newInfoPriceItem--condValidTo","interaction":{"idSuffix":"inner"}},"clearTextFirst":true,"interactionType":"ENTER_TEXT"}]}
COMMAND: POST /session/7455601dddc232b6deafc0d190a18b4e/execute/async - {"script":"<script> [1562 bytes]","args":[{"selector":{"id":"application-managepricingrules-display-component---newInfoPriceItem--billType-arrow"},"wdio_ui5_key":"applicationmanagepricingrules-display-component---newInfoPriceItem--billType-arrow"}]}
RESULT: {"script":"<script> [1562 bytes]","args":[{"selector":{"id":"application-managepricingrules-display-component---newInfoPriceItem--billType-arrow"},"wdio_ui5_key":"applicationmanagepricingrules-display-component---newInfoPriceItem--billType-arrow"}]}
RESULT: undefined
COMMAND: POST /session/7455601dddc232b6deafc0d190a18b4e/element - {"using":"xpath","value":"//*[@id=\"application-managepricingrules-display-component---newInfoPriceItem--billType-arrow\"]"}
RESULT: {"using":"xpath","value":"//*[@id=\"application-managepricingrules-display-component---newInfoPriceItem--billType-arrow\"]"}
COMMAND: POST /session/7455601dddc232b6deafc0d190a18b4e/element/f.8E6BFA2ED3A3A2D86F199707E5BEEB8B.d.B1FF3739AA73DD08EF9628CC9F0D1F21.e.5287/click - {}
RESULT: {}
COMMAND: POST /session/7455601dddc232b6deafc0d190a18b4e/element - {"using":"xpath","value":"//span[contains(text(), \"TB - Time based\")]"}
COMMAND: GET /session/7455601dddc232b6deafc0d190a18b4e/screenshot - {}
RESULT: {"using":"xpath","value":"//span[contains(text(), \"TB - Time based\")]"}
COMMAND: POST /session/7455601dddc232b6deafc0d190a18b4e/element/f.8E6BFA2ED3A3A2D86F199707E5BEEB8B.d.B1FF3739AA73DD08EF9628CC9F0D1F21.e.5288/click - {}
RESULT: {}
RESULT: {}
COMMAND: POST /session/7455601dddc232b6deafc0d190a18b4e/execute/async - {"script":"<script> [1562 bytes]","args":[{"selector":{"id":"application-managepricingrules-display-component---newInfoPriceItem--priceProc-arrow"},"wdio_ui5_key":"applicationmanagepricingrules-display-component---newInfoPriceItem--priceProc-arrow"}]}
COMMAND: GET /session/7455601dddc232b6deafc0d190a18b4e/screenshot - {}
RESULT: {"script":"<script> [1562 bytes]","args":[{"selector":{"id":"application-managepricingrules-display-component---newInfoPriceItem--priceProc-arrow"},"wdio_ui5_key":"applicationmanagepricingrules-display-component---newInfoPriceItem--priceProc-arrow"}]}
RESULT: undefined
COMMAND: POST /session/7455601dddc232b6deafc0d190a18b4e/element - {"using":"xpath","value":"//*[@id=\"application-managepricingrules-display-component---newInfoPriceItem--priceProc-arrow\"]"}
RESULT: {}
RESULT: {"using":"xpath","value":"//*[@id=\"application-managepricingrules-display-component---newInfoPriceItem--priceProc-arrow\"]"}
COMMAND: POST /session/7455601dddc232b6deafc0d190a18b4e/element/f.8E6BFA2ED3A3A2D86F199707E5BEEB8B.d.B1FF3739AA73DD08EF9628CC9F0D1F21.e.5289/click - {}
RESULT: {}
COMMAND: POST /session/7455601dddc232b6deafc0d190a18b4e/element - {"using":"xpath","value":"//span[contains(text(), \"TBS - Time based standard\")]"}
COMMAND: GET /session/7455601dddc232b6deafc0d190a18b4e/screenshot - {}
RESULT: {"using":"xpath","value":"//span[contains(text(), \"TBS - Time based standard\")]"}
COMMAND: POST /session/7455601dddc232b6deafc0d190a18b4e/element/f.8E6BFA2ED3A3A2D86F199707E5BEEB8B.d.B1FF3739AA73DD08EF9628CC9F0D1F21.e.5290/click - {}
RESULT: {}
RESULT: {}
COMMAND: POST /session/7455601dddc232b6deafc0d190a18b4e/execute/async - {"script":"<script> [1562 bytes]","args":[{"selector":{"id":"application-managepricingrules-display-component---newInfoPriceItem--calcBase-arrow"},"wdio_ui5_key":"applicationmanagepricingrules-display-component---newInfoPriceItem--calcBase-arrow"}]}
COMMAND: GET /session/7455601dddc232b6deafc0d190a18b4e/screenshot - {}
RESULT: {"script":"<script> [1562 bytes]","args":[{"selector":{"id":"application-managepricingrules-display-component---newInfoPriceItem--calcBase-arrow"},"wdio_ui5_key":"applicationmanagepricingrules-display-component---newInfoPriceItem--calcBase-arrow"}]}
RESULT: undefined
COMMAND: POST /session/7455601dddc232b6deafc0d190a18b4e/element - {"using":"xpath","value":"//*[@id=\"application-managepricingrules-display-component---newInfoPriceItem--calcBase-arrow\"]"}
RESULT: {}
RESULT: {"using":"xpath","value":"//*[@id=\"application-managepricingrules-display-component---newInfoPriceItem--calcBase-arrow\"]"}
COMMAND: POST /session/7455601dddc232b6deafc0d190a18b4e/element/f.8E6BFA2ED3A3A2D86F199707E5BEEB8B.d.B1FF3739AA73DD08EF9628CC9F0D1F21.e.5291/click - {}
RESULT: {}
COMMAND: GET /session/7455601dddc232b6deafc0d190a18b4e/screenshot - {}
RESULT: {}
COMMAND: POST /session/7455601dddc232b6deafc0d190a18b4e/element - {"using":"xpath","value":"//span[contains(text(), \"0006 - TB(calendar days)\")]"}
RESULT: {"using":"xpath","value":"//span[contains(text(), \"0006 - TB(calendar days)\")]"}
COMMAND: POST /session/7455601dddc232b6deafc0d190a18b4e/element/f.8E6BFA2ED3A3A2D86F199707E5BEEB8B.d.B1FF3739AA73DD08EF9628CC9F0D1F21.e.5292/click - {}
RESULT: {}
COMMAND: GET /session/7455601dddc232b6deafc0d190a18b4e/screenshot - {}
RESULT: {}
COMMAND: POST /session/7455601dddc232b6deafc0d190a18b4e/execute/async - {"script":"<script> [1562 bytes]","args":[{"selector":{"id":"application-managepricingrules-display-component---newInfoPriceItem--daysMonth","interaction":{"idSuffix":"inner"}},"wdio_ui5_key":"applicationmanagepricingrules-display-component---newInfoPriceItem--daysMonth"}]}
RESULT: {"script":"<script> [1562 bytes]","args":[{"selector":{"id":"application-managepricingrules-display-component---newInfoPriceItem--daysMonth","interaction":{"idSuffix":"inner"}},"wdio_ui5_key":"applicationmanagepricingrules-display-component---newInfoPriceItem--daysMonth"}]}
RESULT: undefined
COMMAND: POST /session/7455601dddc232b6deafc0d190a18b4e/execute/async - {"script":"<script> [776 bytes]","args":[{"enterText":"30","selector":{"id":"application-managepricingrules-display-component---newInfoPriceItem--daysMonth","interaction":{"idSuffix":"inner"}},"clearTextFirst":true,"interactionType":"ENTER_TEXT"}]}
RESULT: {"script":"<script> [776 bytes]","args":[{"enterText":"30","selector":{"id":"application-managepricingrules-display-component---newInfoPriceItem--daysMonth","interaction":{"idSuffix":"inner"}},"clearTextFirst":true,"interactionType":"ENTER_TEXT"}]}
COMMAND: POST /session/7455601dddc232b6deafc0d190a18b4e/element - {"using":"xpath","value":"//button[@data-kt=\"saveNewRuleButton\"]"}
RESULT: {"using":"xpath","value":"//button[@data-kt=\"saveNewRuleButton\"]"}
COMMAND: POST /session/7455601dddc232b6deafc0d190a18b4e/element/f.8E6BFA2ED3A3A2D86F199707E5BEEB8B.d.B1FF3739AA73DD08EF9628CC9F0D1F21.e.5294/click - {}
RESULT: {}
COMMAND: GET /session/7455601dddc232b6deafc0d190a18b4e/screenshot - {}
RESULT: {}
COMMAND: POST /session/7455601dddc232b6deafc0d190a18b4e/execute/async - {"script":"<script> [1562 bytes]","args":[{"selector":{"id":"application-managepricingrules-display-component---priceInfoItem--smartFilterBar-btnBasicSearch","interaction":{"idSuffix":"I"}},"wdio_ui5_key":"applicationmanagepricingrules-display-component---priceInfoItem--smartFilterBar-btnBasicSearch"}]}
RESULT: {"script":"<script> [1562 bytes]","args":[{"selector":{"id":"application-managepricingrules-display-component---priceInfoItem--smartFilterBar-btnBasicSearch","interaction":{"idSuffix":"I"}},"wdio_ui5_key":"applicationmanagepricingrules-display-component---priceInfoItem--smartFilterBar-btnBasicSearch"}]}
RESULT: undefined
COMMAND: POST /session/7455601dddc232b6deafc0d190a18b4e/execute/async - {"script":"<script> [776 bytes]","args":[{"enterText":"MDeJkT5I9l","selector":{"id":"application-managepricingrules-display-component---priceInfoItem--smartFilterBar-btnBasicSearch","interaction":{"idSuffix":"I"}},"clearTextFirst":true,"interactionType":"ENTER_TEXT"}]}
RESULT: {"script":"<script> [776 bytes]","args":[{"enterText":"MDeJkT5I9l","selector":{"id":"application-managepricingrules-display-component---priceInfoItem--smartFilterBar-btnBasicSearch","interaction":{"idSuffix":"I"}},"clearTextFirst":true,"interactionType":"ENTER_TEXT"}]}
COMMAND: POST /session/7455601dddc232b6deafc0d190a18b4e/actions - {"actions":[{"id":"action12","type":"key","parameters":{},"actions":[{"type":"keyDown","value":""},{"type":"pause","duration":10},{"type":"keyUp","value":""}]}]}
RESULT: {"actions":[{"id":"action12","type":"key","parameters":{},"actions":[{"type":"keyDown","value":""},{"type":"pause","duration":10},{"type":"keyUp","value":""}]}]}
COMMAND: GET /session/7455601dddc232b6deafc0d190a18b4e/screenshot - {}
RESULT: {}
COMMAND: POST /session/7455601dddc232b6deafc0d190a18b4e/element - {"using":"xpath","value":"//span[@id=\"application-managepricingrules-display-component---priceInfoItem--smartTable-header-inner\"]"}
RESULT: {"using":"xpath","value":"//span[@id=\"application-managepricingrules-display-component---priceInfoItem--smartTable-header-inner\"]"}
COMMAND: POST /session/7455601dddc232b6deafc0d190a18b4e/elements - {"using":"xpath","value":"//span[@id=\"application-managepricingrules-display-component---priceInfoItem--smartTable-header-inner\"]"}
RESULT: {"using":"xpath","value":"//span[@id=\"application-managepricingrules-display-component---priceInfoItem--smartTable-header-inner\"]"}
COMMAND: POST /session/7455601dddc232b6deafc0d190a18b4e/execute/sync - {"script":"<script> [56 bytes]","args":[{"element-6066-11e4-a52e-4f735466cecf":"f.8E6BFA2ED3A3A2D86F199707E5BEEB8B.d.B1FF3739AA73DD08EF9628CC9F0D1F21.e.5318","ELEMENT":"f.8E6BFA2ED3A3A2D86F199707E5BEEB8B.d.B1FF3739AA73DD08EF9628CC9F0D1F21.e.5318"}]}
RESULT: {"script":"<script> [56 bytes]","args":[{"element-6066-11e4-a52e-4f735466cecf":"f.8E6BFA2ED3A3A2D86F199707E5BEEB8B.d.B1FF3739AA73DD08EF9628CC9F0D1F21.e.5318","ELEMENT":"f.8E6BFA2ED3A3A2D86F199707E5BEEB8B.d.B1FF3739AA73DD08EF9628CC9F0D1F21.e.5318"}]}
COMMAND: POST /session/7455601dddc232b6deafc0d190a18b4e/element - {"using":"css selector","value":"#shell-header-logo"}
COMMAND: GET /session/7455601dddc232b6deafc0d190a18b4e/screenshot - {}
RESULT: {"using":"css selector","value":"#shell-header-logo"}
COMMAND: POST /session/7455601dddc232b6deafc0d190a18b4e/element/f.8E6BFA2ED3A3A2D86F199707E5BEEB8B.d.B1FF3739AA73DD08EF9628CC9F0D1F21.e.4479/click - {}
RESULT: {}
RESULT: {}
COMMAND: GET /session/7455601dddc232b6deafc0d190a18b4e/screenshot - {}
RESULT: {}
]]></system-out>
    </testcase>
    <testcase classname="chrome.136_0_7103_93.windows.Billing_Transfer_-_Master_data_&amp;_Intercompany_US127250" name="Should create new condition for equipment TB" time="68.343">
      <system-out><![CDATA[
COMMAND: POST /session/7455601dddc232b6deafc0d190a18b4e/execute/async - {"script":"<script> [1562 bytes]","args":[{"selector":{"controlType":"sap.m.GenericTile","properties":{"header":"Manage Conditions & Prices"}},"wdio_ui5_key":"sapm.GenericTile{\"header\":\"Manage Conditions & Prices\"}"}]}
RESULT: {"script":"<script> [1562 bytes]","args":[{"selector":{"controlType":"sap.m.GenericTile","properties":{"header":"Manage Conditions & Prices"}},"wdio_ui5_key":"sapm.GenericTile{\"header\":\"Manage Conditions & Prices\"}"}]}
RESULT: undefined
COMMAND: POST /session/7455601dddc232b6deafc0d190a18b4e/element - {"using":"xpath","value":"//*[@id=\"__tile53\"]"}
RESULT: {"using":"xpath","value":"//*[@id=\"__tile53\"]"}
COMMAND: POST /session/7455601dddc232b6deafc0d190a18b4e/element/f.8E6BFA2ED3A3A2D86F199707E5BEEB8B.d.B1FF3739AA73DD08EF9628CC9F0D1F21.e.2130/click - {}
RESULT: {}
COMMAND: GET /session/7455601dddc232b6deafc0d190a18b4e/screenshot - {}
RESULT: {}
COMMAND: POST /session/7455601dddc232b6deafc0d190a18b4e/elements - {"using":"xpath","value":"//span[text()='Error']"}
RESULT: {"using":"xpath","value":"//span[text()='Error']"}
COMMAND: POST /session/7455601dddc232b6deafc0d190a18b4e/element - {"using":"xpath","value":"//button[@aria-label=\"Create\"]"}
RESULT: {"using":"xpath","value":"//button[@aria-label=\"Create\"]"}
COMMAND: POST /session/7455601dddc232b6deafc0d190a18b4e/elements - {"using":"xpath","value":"//button[@aria-label=\"Create\"]"}
RESULT: {"using":"xpath","value":"//button[@aria-label=\"Create\"]"}
COMMAND: POST /session/7455601dddc232b6deafc0d190a18b4e/execute/sync - {"script":"<script> [8489 bytes]","args":[{"element-6066-11e4-a52e-4f735466cecf":"f.8E6BFA2ED3A3A2D86F199707E5BEEB8B.d.B1FF3739AA73DD08EF9628CC9F0D1F21.e.5359","ELEMENT":"f.8E6BFA2ED3A3A2D86F199707E5BEEB8B.d.B1FF3739AA73DD08EF9628CC9F0D1F21.e.5359"}]}
RESULT: {"script":"<script> [8489 bytes]","args":[{"element-6066-11e4-a52e-4f735466cecf":"f.8E6BFA2ED3A3A2D86F199707E5BEEB8B.d.B1FF3739AA73DD08EF9628CC9F0D1F21.e.5359","ELEMENT":"f.8E6BFA2ED3A3A2D86F199707E5BEEB8B.d.B1FF3739AA73DD08EF9628CC9F0D1F21.e.5359"}]}
COMMAND: GET /session/7455601dddc232b6deafc0d190a18b4e/element/f.8E6BFA2ED3A3A2D86F199707E5BEEB8B.d.B1FF3739AA73DD08EF9628CC9F0D1F21.e.5359/enabled - {}
COMMAND: GET /session/7455601dddc232b6deafc0d190a18b4e/screenshot - {}
RESULT: {}
COMMAND: POST /session/7455601dddc232b6deafc0d190a18b4e/execute/sync - {"script":"<script> [8489 bytes]","args":[{"element-6066-11e4-a52e-4f735466cecf":"f.8E6BFA2ED3A3A2D86F199707E5BEEB8B.d.B1FF3739AA73DD08EF9628CC9F0D1F21.e.5359","ELEMENT":"f.8E6BFA2ED3A3A2D86F199707E5BEEB8B.d.B1FF3739AA73DD08EF9628CC9F0D1F21.e.5359"}]}
COMMAND: GET /session/7455601dddc232b6deafc0d190a18b4e/screenshot - {}
RESULT: {}
RESULT: {"script":"<script> [8489 bytes]","args":[{"element-6066-11e4-a52e-4f735466cecf":"f.8E6BFA2ED3A3A2D86F199707E5BEEB8B.d.B1FF3739AA73DD08EF9628CC9F0D1F21.e.5359","ELEMENT":"f.8E6BFA2ED3A3A2D86F199707E5BEEB8B.d.B1FF3739AA73DD08EF9628CC9F0D1F21.e.5359"}]}
COMMAND: POST /session/7455601dddc232b6deafc0d190a18b4e/execute/sync - {"script":"<script> [5351 bytes]","args":[{"element-6066-11e4-a52e-4f735466cecf":"f.8E6BFA2ED3A3A2D86F199707E5BEEB8B.d.B1FF3739AA73DD08EF9628CC9F0D1F21.e.5359","ELEMENT":"f.8E6BFA2ED3A3A2D86F199707E5BEEB8B.d.B1FF3739AA73DD08EF9628CC9F0D1F21.e.5359"}]}
COMMAND: GET /session/7455601dddc232b6deafc0d190a18b4e/screenshot - {}
RESULT: {}
RESULT: {"script":"<script> [5351 bytes]","args":[{"element-6066-11e4-a52e-4f735466cecf":"f.8E6BFA2ED3A3A2D86F199707E5BEEB8B.d.B1FF3739AA73DD08EF9628CC9F0D1F21.e.5359","ELEMENT":"f.8E6BFA2ED3A3A2D86F199707E5BEEB8B.d.B1FF3739AA73DD08EF9628CC9F0D1F21.e.5359"}]}
COMMAND: POST /session/7455601dddc232b6deafc0d190a18b4e/element/f.8E6BFA2ED3A3A2D86F199707E5BEEB8B.d.B1FF3739AA73DD08EF9628CC9F0D1F21.e.5359/click - {}
COMMAND: GET /session/7455601dddc232b6deafc0d190a18b4e/screenshot - {}
RESULT: {}
RESULT: {}
COMMAND: GET /session/7455601dddc232b6deafc0d190a18b4e/screenshot - {}
RESULT: {}
RESULT: {}
COMMAND: POST /session/7455601dddc232b6deafc0d190a18b4e/actions - {"actions":[{"id":"action13","type":"key","parameters":{},"actions":[{"type":"keyDown","value":""},{"type":"pause","duration":10},{"type":"keyUp","value":""}]}]}
RESULT: {"actions":[{"id":"action13","type":"key","parameters":{},"actions":[{"type":"keyDown","value":""},{"type":"pause","duration":10},{"type":"keyUp","value":""}]}]}
COMMAND: GET /session/7455601dddc232b6deafc0d190a18b4e/screenshot - {}
RESULT: {}
COMMAND: POST /session/7455601dddc232b6deafc0d190a18b4e/execute/async - {"script":"<script> [1562 bytes]","args":[{"selector":{"id":"application-manageconditionprice-display-component---newCondition--condBillCond-arrow"},"wdio_ui5_key":"applicationmanageconditionprice-display-component---newCondition--condBillCond-arrow"}]}
RESULT: {"script":"<script> [1562 bytes]","args":[{"selector":{"id":"application-manageconditionprice-display-component---newCondition--condBillCond-arrow"},"wdio_ui5_key":"applicationmanageconditionprice-display-component---newCondition--condBillCond-arrow"}]}
RESULT: undefined
COMMAND: POST /session/7455601dddc232b6deafc0d190a18b4e/element - {"using":"xpath","value":"//*[@id=\"application-manageconditionprice-display-component---newCondition--condBillCond-arrow\"]"}
RESULT: {"using":"xpath","value":"//*[@id=\"application-manageconditionprice-display-component---newCondition--condBillCond-arrow\"]"}
COMMAND: POST /session/7455601dddc232b6deafc0d190a18b4e/element/f.8E6BFA2ED3A3A2D86F199707E5BEEB8B.d.B1FF3739AA73DD08EF9628CC9F0D1F21.e.5568/click - {}
RESULT: {}
COMMAND: GET /session/7455601dddc232b6deafc0d190a18b4e/screenshot - {}
RESULT: {}
COMMAND: POST /session/7455601dddc232b6deafc0d190a18b4e/element - {"using":"xpath","value":"//li[.//span[contains(text(), \"DISP - D&I special price\")]]"}
RESULT: {"using":"xpath","value":"//li[.//span[contains(text(), \"DISP - D&I special price\")]]"}
COMMAND: POST /session/7455601dddc232b6deafc0d190a18b4e/element/f.8E6BFA2ED3A3A2D86F199707E5BEEB8B.d.B1FF3739AA73DD08EF9628CC9F0D1F21.e.5571/click - {}
RESULT: {}
COMMAND: GET /session/7455601dddc232b6deafc0d190a18b4e/screenshot - {}
RESULT: {}
COMMAND: POST /session/7455601dddc232b6deafc0d190a18b4e/execute/async - {"script":"<script> [1562 bytes]","args":[{"selector":{"id":"application-manageconditionprice-display-component---newCondition--condValidTo","interaction":{"idSuffix":"inner"}},"wdio_ui5_key":"applicationmanageconditionprice-display-component---newCondition--condValidTo"}]}
RESULT: {"script":"<script> [1562 bytes]","args":[{"selector":{"id":"application-manageconditionprice-display-component---newCondition--condValidTo","interaction":{"idSuffix":"inner"}},"wdio_ui5_key":"applicationmanageconditionprice-display-component---newCondition--condValidTo"}]}
RESULT: undefined
COMMAND: POST /session/7455601dddc232b6deafc0d190a18b4e/execute/async - {"script":"<script> [776 bytes]","args":[{"enterText":"1/27/26","selector":{"id":"application-manageconditionprice-display-component---newCondition--condValidTo","interaction":{"idSuffix":"inner"}},"clearTextFirst":true,"interactionType":"ENTER_TEXT"}]}
RESULT: {"script":"<script> [776 bytes]","args":[{"enterText":"1/27/26","selector":{"id":"application-manageconditionprice-display-component---newCondition--condValidTo","interaction":{"idSuffix":"inner"}},"clearTextFirst":true,"interactionType":"ENTER_TEXT"}]}
COMMAND: POST /session/7455601dddc232b6deafc0d190a18b4e/element - {"using":"xpath","value":"//input[@id=\"application-manageconditionprice-display-component---newCondition--condRU-inner\"]"}
RESULT: {"using":"xpath","value":"//input[@id=\"application-manageconditionprice-display-component---newCondition--condRU-inner\"]"}
COMMAND: POST /session/7455601dddc232b6deafc0d190a18b4e/element/f.8E6BFA2ED3A3A2D86F199707E5BEEB8B.d.B1FF3739AA73DD08EF9628CC9F0D1F21.e.5404/clear - {}
RESULT: {}
COMMAND: POST /session/7455601dddc232b6deafc0d190a18b4e/element/f.8E6BFA2ED3A3A2D86F199707E5BEEB8B.d.B1FF3739AA73DD08EF9628CC9F0D1F21.e.5404/value - {"text":"MDeJkT5I9l"}
COMMAND: GET /session/7455601dddc232b6deafc0d190a18b4e/screenshot - {}
RESULT: {"text":"MDeJkT5I9l"}
COMMAND: GET /session/7455601dddc232b6deafc0d190a18b4e/screenshot - {}
RESULT: {}
RESULT: {}
COMMAND: POST /session/7455601dddc232b6deafc0d190a18b4e/actions - {"actions":[{"id":"action14","type":"key","parameters":{},"actions":[{"type":"keyDown","value":""},{"type":"pause","duration":10},{"type":"keyUp","value":""}]}]}
RESULT: {"actions":[{"id":"action14","type":"key","parameters":{},"actions":[{"type":"keyDown","value":""},{"type":"pause","duration":10},{"type":"keyUp","value":""}]}]}
COMMAND: POST /session/7455601dddc232b6deafc0d190a18b4e/execute/async - {"script":"<script> [1562 bytes]","args":[{"selector":{"id":"application-manageconditionprice-display-component---newCondition--condBaseQty","interaction":{"idSuffix":"inner"}},"wdio_ui5_key":"applicationmanageconditionprice-display-component---newCondition--condBaseQty"}]}
COMMAND: GET /session/7455601dddc232b6deafc0d190a18b4e/screenshot - {}
RESULT: {"script":"<script> [1562 bytes]","args":[{"selector":{"id":"application-manageconditionprice-display-component---newCondition--condBaseQty","interaction":{"idSuffix":"inner"}},"wdio_ui5_key":"applicationmanageconditionprice-display-component---newCondition--condBaseQty"}]}
RESULT: undefined
COMMAND: POST /session/7455601dddc232b6deafc0d190a18b4e/execute/async - {"script":"<script> [776 bytes]","args":[{"enterText":"1","selector":{"id":"application-manageconditionprice-display-component---newCondition--condBaseQty","interaction":{"idSuffix":"inner"}},"clearTextFirst":true,"interactionType":"ENTER_TEXT"}]}
RESULT: {}
RESULT: {"script":"<script> [776 bytes]","args":[{"enterText":"1","selector":{"id":"application-manageconditionprice-display-component---newCondition--condBaseQty","interaction":{"idSuffix":"inner"}},"clearTextFirst":true,"interactionType":"ENTER_TEXT"}]}
COMMAND: POST /session/7455601dddc232b6deafc0d190a18b4e/execute/async - {"script":"<script> [1562 bytes]","args":[{"selector":{"id":"application-manageconditionprice-display-component---newCondition--condValue","interaction":{"idSuffix":"inner"}},"wdio_ui5_key":"applicationmanageconditionprice-display-component---newCondition--condValue"}]}
RESULT: {"script":"<script> [1562 bytes]","args":[{"selector":{"id":"application-manageconditionprice-display-component---newCondition--condValue","interaction":{"idSuffix":"inner"}},"wdio_ui5_key":"applicationmanageconditionprice-display-component---newCondition--condValue"}]}
RESULT: undefined
COMMAND: POST /session/7455601dddc232b6deafc0d190a18b4e/execute/async - {"script":"<script> [776 bytes]","args":[{"enterText":"100","selector":{"id":"application-manageconditionprice-display-component---newCondition--condValue","interaction":{"idSuffix":"inner"}},"clearTextFirst":true,"interactionType":"ENTER_TEXT"}]}
RESULT: {"script":"<script> [776 bytes]","args":[{"enterText":"100","selector":{"id":"application-manageconditionprice-display-component---newCondition--condValue","interaction":{"idSuffix":"inner"}},"clearTextFirst":true,"interactionType":"ENTER_TEXT"}]}
COMMAND: POST /session/7455601dddc232b6deafc0d190a18b4e/execute/async - {"script":"<script> [1562 bytes]","args":[{"selector":{"id":"application-manageconditionprice-display-component---newCondition--condCurr-arrow"},"wdio_ui5_key":"applicationmanageconditionprice-display-component---newCondition--condCurr-arrow"}]}
RESULT: {"script":"<script> [1562 bytes]","args":[{"selector":{"id":"application-manageconditionprice-display-component---newCondition--condCurr-arrow"},"wdio_ui5_key":"applicationmanageconditionprice-display-component---newCondition--condCurr-arrow"}]}
RESULT: undefined
COMMAND: POST /session/7455601dddc232b6deafc0d190a18b4e/element - {"using":"xpath","value":"//*[@id=\"application-manageconditionprice-display-component---newCondition--condCurr-arrow\"]"}
RESULT: {"using":"xpath","value":"//*[@id=\"application-manageconditionprice-display-component---newCondition--condCurr-arrow\"]"}
COMMAND: POST /session/7455601dddc232b6deafc0d190a18b4e/element/f.8E6BFA2ED3A3A2D86F199707E5BEEB8B.d.B1FF3739AA73DD08EF9628CC9F0D1F21.e.5542/click - {}
RESULT: {}
COMMAND: POST /session/7455601dddc232b6deafc0d190a18b4e/element - {"using":"xpath","value":"//span[contains(text(), \"Euro\")]"}
COMMAND: GET /session/7455601dddc232b6deafc0d190a18b4e/screenshot - {}
RESULT: {"using":"xpath","value":"//span[contains(text(), \"Euro\")]"}
COMMAND: POST /session/7455601dddc232b6deafc0d190a18b4e/element/f.8E6BFA2ED3A3A2D86F199707E5BEEB8B.d.B1FF3739AA73DD08EF9628CC9F0D1F21.e.5608/click - {}
RESULT: {}
RESULT: {}
COMMAND: POST /session/7455601dddc232b6deafc0d190a18b4e/element - {"using":"xpath","value":"//button[@data-kt=\"saveButton\"]"}
COMMAND: GET /session/7455601dddc232b6deafc0d190a18b4e/screenshot - {}
RESULT: {"using":"xpath","value":"//button[@data-kt=\"saveButton\"]"}
COMMAND: POST /session/7455601dddc232b6deafc0d190a18b4e/element/f.8E6BFA2ED3A3A2D86F199707E5BEEB8B.d.B1FF3739AA73DD08EF9628CC9F0D1F21.e.5543/click - {}
RESULT: {}
RESULT: {}
COMMAND: GET /session/7455601dddc232b6deafc0d190a18b4e/screenshot - {}
RESULT: {}
COMMAND: POST /session/7455601dddc232b6deafc0d190a18b4e/execute/async - {"script":"<script> [1562 bytes]","args":[{"selector":{"id":"application-manageconditionprice-display-component---conditions--smartFilterBar-btnBasicSearch","interaction":{"idSuffix":"I"}},"wdio_ui5_key":"applicationmanageconditionprice-display-component---conditions--smartFilterBar-btnBasicSearch"}]}
RESULT: {"script":"<script> [1562 bytes]","args":[{"selector":{"id":"application-manageconditionprice-display-component---conditions--smartFilterBar-btnBasicSearch","interaction":{"idSuffix":"I"}},"wdio_ui5_key":"applicationmanageconditionprice-display-component---conditions--smartFilterBar-btnBasicSearch"}]}
RESULT: undefined
COMMAND: POST /session/7455601dddc232b6deafc0d190a18b4e/execute/async - {"script":"<script> [776 bytes]","args":[{"enterText":"MDeJkT5I9l","selector":{"id":"application-manageconditionprice-display-component---conditions--smartFilterBar-btnBasicSearch","interaction":{"idSuffix":"I"}},"clearTextFirst":true,"interactionType":"ENTER_TEXT"}]}
RESULT: {"script":"<script> [776 bytes]","args":[{"enterText":"MDeJkT5I9l","selector":{"id":"application-manageconditionprice-display-component---conditions--smartFilterBar-btnBasicSearch","interaction":{"idSuffix":"I"}},"clearTextFirst":true,"interactionType":"ENTER_TEXT"}]}
COMMAND: POST /session/7455601dddc232b6deafc0d190a18b4e/actions - {"actions":[{"id":"action15","type":"key","parameters":{},"actions":[{"type":"keyDown","value":""},{"type":"pause","duration":10},{"type":"keyUp","value":""}]}]}
RESULT: {"actions":[{"id":"action15","type":"key","parameters":{},"actions":[{"type":"keyDown","value":""},{"type":"pause","duration":10},{"type":"keyUp","value":""}]}]}
COMMAND: GET /session/7455601dddc232b6deafc0d190a18b4e/screenshot - {}
RESULT: {}
COMMAND: POST /session/7455601dddc232b6deafc0d190a18b4e/execute/async - {"script":"<script> [1562 bytes]","args":[{"selector":{"id":"application-manageconditionprice-display-component---conditions--smartFilterBar-filterItemControl_BASIC-BILL_TYPES-vhi"},"wdio_ui5_key":"applicationmanageconditionprice-display-component---conditions--smartFilterBar-filterItemControl_BASIC-BILL_TYPES-vhi"}]}
RESULT: {"script":"<script> [1562 bytes]","args":[{"selector":{"id":"application-manageconditionprice-display-component---conditions--smartFilterBar-filterItemControl_BASIC-BILL_TYPES-vhi"},"wdio_ui5_key":"applicationmanageconditionprice-display-component---conditions--smartFilterBar-filterItemControl_BASIC-BILL_TYPES-vhi"}]}
RESULT: undefined
COMMAND: POST /session/7455601dddc232b6deafc0d190a18b4e/element - {"using":"xpath","value":"//*[@id=\"application-manageconditionprice-display-component---conditions--smartFilterBar-filterItemControl_BASIC-BILL_TYPES-vhi\"]"}
RESULT: {"using":"xpath","value":"//*[@id=\"application-manageconditionprice-display-component---conditions--smartFilterBar-filterItemControl_BASIC-BILL_TYPES-vhi\"]"}
COMMAND: POST /session/7455601dddc232b6deafc0d190a18b4e/element/f.8E6BFA2ED3A3A2D86F199707E5BEEB8B.d.B1FF3739AA73DD08EF9628CC9F0D1F21.e.5624/click - {}
RESULT: {}
COMMAND: POST /session/7455601dddc232b6deafc0d190a18b4e/execute/async - {"script":"<script> [1562 bytes]","args":[{"selector":{"id":"application-manageconditionprice-display-component---conditions--smartFilterBar-filterItemControl_BASIC-BILL_TYPES-valueHelpDialog-smartFilterBar-btnBasicSearch","searchOpenDialogs":true,"interaction":{"idSuffix":"I"}},"wdio_ui5_key":"applicationmanageconditionprice-display-component---conditions--smartFilterBar-filterItemControl_BASIC-BILL_TYPES-valueHelpDialog-smartFilterBar-btnBasicSearch"}]}
COMMAND: GET /session/7455601dddc232b6deafc0d190a18b4e/screenshot - {}
RESULT: {"script":"<script> [1562 bytes]","args":[{"selector":{"id":"application-manageconditionprice-display-component---conditions--smartFilterBar-filterItemControl_BASIC-BILL_TYPES-valueHelpDialog-smartFilterBar-btnBasicSearch","searchOpenDialogs":true,"interaction":{"idSuffix":"I"}},"wdio_ui5_key":"applicationmanageconditionprice-display-component---conditions--smartFilterBar-filterItemControl_BASIC-BILL_TYPES-valueHelpDialog-smartFilterBar-btnBasicSearch"}]}
RESULT: undefined
COMMAND: POST /session/7455601dddc232b6deafc0d190a18b4e/execute/async - {"script":"<script> [776 bytes]","args":[{"enterText":"TB","selector":{"id":"application-manageconditionprice-display-component---conditions--smartFilterBar-filterItemControl_BASIC-BILL_TYPES-valueHelpDialog-smartFilterBar-btnBasicSearch","searchOpenDialogs":true,"interaction":{"idSuffix":"I"}},"clearTextFirst":true,"interactionType":"ENTER_TEXT"}]}
RESULT: {}
RESULT: {"script":"<script> [776 bytes]","args":[{"enterText":"TB","selector":{"id":"application-manageconditionprice-display-component---conditions--smartFilterBar-filterItemControl_BASIC-BILL_TYPES-valueHelpDialog-smartFilterBar-btnBasicSearch","searchOpenDialogs":true,"interaction":{"idSuffix":"I"}},"clearTextFirst":true,"interactionType":"ENTER_TEXT"}]}
COMMAND: POST /session/7455601dddc232b6deafc0d190a18b4e/actions - {"actions":[{"id":"action16","type":"key","parameters":{},"actions":[{"type":"keyDown","value":""},{"type":"pause","duration":10},{"type":"keyUp","value":""}]}]}
RESULT: {"actions":[{"id":"action16","type":"key","parameters":{},"actions":[{"type":"keyDown","value":""},{"type":"pause","duration":10},{"type":"keyUp","value":""}]}]}
COMMAND: GET /session/7455601dddc232b6deafc0d190a18b4e/screenshot - {}
RESULT: {}
COMMAND: POST /session/7455601dddc232b6deafc0d190a18b4e/element - {"using":"xpath","value":"//div[contains(@id, 'application-manageconditionprice-display-component---conditions--smartFilterBar-filterItemControl_BASIC-BILL_TYPES-valueHelpDialog-table-rowsel0')]"}
RESULT: {"using":"xpath","value":"//div[contains(@id, 'application-manageconditionprice-display-component---conditions--smartFilterBar-filterItemControl_BASIC-BILL_TYPES-valueHelpDialog-table-rowsel0')]"}
COMMAND: POST /session/7455601dddc232b6deafc0d190a18b4e/element/f.8E6BFA2ED3A3A2D86F199707E5BEEB8B.d.B1FF3739AA73DD08EF9628CC9F0D1F21.e.5633/click - {}
RESULT: {}
COMMAND: GET /session/7455601dddc232b6deafc0d190a18b4e/screenshot - {}
RESULT: {}
COMMAND: POST /session/7455601dddc232b6deafc0d190a18b4e/element - {"using":"xpath","value":"//bdi[contains(text(), \"OK\")]"}
RESULT: {"using":"xpath","value":"//bdi[contains(text(), \"OK\")]"}
COMMAND: POST /session/7455601dddc232b6deafc0d190a18b4e/element/f.8E6BFA2ED3A3A2D86F199707E5BEEB8B.d.B1FF3739AA73DD08EF9628CC9F0D1F21.e.5635/click - {}
RESULT: {}
COMMAND: GET /session/7455601dddc232b6deafc0d190a18b4e/screenshot - {}
RESULT: {}
COMMAND: POST /session/7455601dddc232b6deafc0d190a18b4e/element - {"using":"xpath","value":"//span[@id=\"application-manageconditionprice-display-component---conditions--smartTable-header-inner\"]"}
RESULT: {"using":"xpath","value":"//span[@id=\"application-manageconditionprice-display-component---conditions--smartTable-header-inner\"]"}
COMMAND: POST /session/7455601dddc232b6deafc0d190a18b4e/elements - {"using":"xpath","value":"//span[@id=\"application-manageconditionprice-display-component---conditions--smartTable-header-inner\"]"}
RESULT: {"using":"xpath","value":"//span[@id=\"application-manageconditionprice-display-component---conditions--smartTable-header-inner\"]"}
COMMAND: POST /session/7455601dddc232b6deafc0d190a18b4e/execute/sync - {"script":"<script> [56 bytes]","args":[{"element-6066-11e4-a52e-4f735466cecf":"f.8E6BFA2ED3A3A2D86F199707E5BEEB8B.d.B1FF3739AA73DD08EF9628CC9F0D1F21.e.5638","ELEMENT":"f.8E6BFA2ED3A3A2D86F199707E5BEEB8B.d.B1FF3739AA73DD08EF9628CC9F0D1F21.e.5638"}]}
RESULT: {"script":"<script> [56 bytes]","args":[{"element-6066-11e4-a52e-4f735466cecf":"f.8E6BFA2ED3A3A2D86F199707E5BEEB8B.d.B1FF3739AA73DD08EF9628CC9F0D1F21.e.5638","ELEMENT":"f.8E6BFA2ED3A3A2D86F199707E5BEEB8B.d.B1FF3739AA73DD08EF9628CC9F0D1F21.e.5638"}]}
COMMAND: POST /session/7455601dddc232b6deafc0d190a18b4e/element - {"using":"css selector","value":"#shell-header-logo"}
COMMAND: GET /session/7455601dddc232b6deafc0d190a18b4e/screenshot - {}
RESULT: {"using":"css selector","value":"#shell-header-logo"}
COMMAND: POST /session/7455601dddc232b6deafc0d190a18b4e/element/f.8E6BFA2ED3A3A2D86F199707E5BEEB8B.d.B1FF3739AA73DD08EF9628CC9F0D1F21.e.5322/click - {}
RESULT: {}
RESULT: {}
COMMAND: GET /session/7455601dddc232b6deafc0d190a18b4e/screenshot - {}
RESULT: {}
]]></system-out>
    </testcase>
    <testcase classname="chrome.136_0_7103_93.windows.Billing_Transfer_-_Master_data_&amp;_Intercompany_US127250" name="Should do a stock increase" time="91.462">
      <system-out><![CDATA[
COMMAND: POST /session/7455601dddc232b6deafc0d190a18b4e/execute/async - {"script":"<script> [1562 bytes]","args":[{"selector":{"controlType":"sap.m.GenericTile","properties":{"header":"Manage Handovers"}},"wdio_ui5_key":"sapm.GenericTile{\"header\":\"Manage Handovers\"}"}]}
RESULT: {"script":"<script> [1562 bytes]","args":[{"selector":{"controlType":"sap.m.GenericTile","properties":{"header":"Manage Handovers"}},"wdio_ui5_key":"sapm.GenericTile{\"header\":\"Manage Handovers\"}"}]}
RESULT: undefined
COMMAND: POST /session/7455601dddc232b6deafc0d190a18b4e/element - {"using":"xpath","value":"//*[@id=\"__tile131\"]"}
RESULT: {"using":"xpath","value":"//*[@id=\"__tile131\"]"}
COMMAND: POST /session/7455601dddc232b6deafc0d190a18b4e/element/f.8E6BFA2ED3A3A2D86F199707E5BEEB8B.d.B1FF3739AA73DD08EF9628CC9F0D1F21.e.5642/click - {}
RESULT: {}
COMMAND: GET /session/7455601dddc232b6deafc0d190a18b4e/screenshot - {}
RESULT: {}
COMMAND: POST /session/7455601dddc232b6deafc0d190a18b4e/elements - {"using":"xpath","value":"//span[text()='Error']"}
RESULT: {"using":"xpath","value":"//span[text()='Error']"}
COMMAND: POST /session/7455601dddc232b6deafc0d190a18b4e/element - {"using":"xpath","value":"//button[@data-kt=\"masterHOAddButton\"]"}
RESULT: {"using":"xpath","value":"//button[@data-kt=\"masterHOAddButton\"]"}
COMMAND: POST /session/7455601dddc232b6deafc0d190a18b4e/elements - {"using":"xpath","value":"//button[@data-kt=\"masterHOAddButton\"]"}
RESULT: {"using":"xpath","value":"//button[@data-kt=\"masterHOAddButton\"]"}
COMMAND: POST /session/7455601dddc232b6deafc0d190a18b4e/elements - {"using":"xpath","value":"//button[@data-kt=\"masterHOAddButton\"]"}
RESULT: {"using":"xpath","value":"//button[@data-kt=\"masterHOAddButton\"]"}
COMMAND: POST /session/7455601dddc232b6deafc0d190a18b4e/element - {"using":"xpath","value":"//button[@data-kt=\"masterHOAddButton\"]"}
RESULT: {"using":"xpath","value":"//button[@data-kt=\"masterHOAddButton\"]"}
COMMAND: POST /session/7455601dddc232b6deafc0d190a18b4e/execute/sync - {"script":"<script> [8489 bytes]","args":[{"element-6066-11e4-a52e-4f735466cecf":"f.8E6BFA2ED3A3A2D86F199707E5BEEB8B.d.B1FF3739AA73DD08EF9628CC9F0D1F21.e.5681","ELEMENT":"f.8E6BFA2ED3A3A2D86F199707E5BEEB8B.d.B1FF3739AA73DD08EF9628CC9F0D1F21.e.5681"}]}
RESULT: {"script":"<script> [8489 bytes]","args":[{"element-6066-11e4-a52e-4f735466cecf":"f.8E6BFA2ED3A3A2D86F199707E5BEEB8B.d.B1FF3739AA73DD08EF9628CC9F0D1F21.e.5681","ELEMENT":"f.8E6BFA2ED3A3A2D86F199707E5BEEB8B.d.B1FF3739AA73DD08EF9628CC9F0D1F21.e.5681"}]}
COMMAND: GET /session/7455601dddc232b6deafc0d190a18b4e/element/f.8E6BFA2ED3A3A2D86F199707E5BEEB8B.d.B1FF3739AA73DD08EF9628CC9F0D1F21.e.5681/enabled - {}
COMMAND: GET /session/7455601dddc232b6deafc0d190a18b4e/screenshot - {}
RESULT: {}
COMMAND: POST /session/7455601dddc232b6deafc0d190a18b4e/execute/sync - {"script":"<script> [8489 bytes]","args":[{"element-6066-11e4-a52e-4f735466cecf":"f.8E6BFA2ED3A3A2D86F199707E5BEEB8B.d.B1FF3739AA73DD08EF9628CC9F0D1F21.e.5681","ELEMENT":"f.8E6BFA2ED3A3A2D86F199707E5BEEB8B.d.B1FF3739AA73DD08EF9628CC9F0D1F21.e.5681"}]}
COMMAND: GET /session/7455601dddc232b6deafc0d190a18b4e/screenshot - {}
RESULT: {}
RESULT: {"script":"<script> [8489 bytes]","args":[{"element-6066-11e4-a52e-4f735466cecf":"f.8E6BFA2ED3A3A2D86F199707E5BEEB8B.d.B1FF3739AA73DD08EF9628CC9F0D1F21.e.5681","ELEMENT":"f.8E6BFA2ED3A3A2D86F199707E5BEEB8B.d.B1FF3739AA73DD08EF9628CC9F0D1F21.e.5681"}]}
COMMAND: POST /session/7455601dddc232b6deafc0d190a18b4e/execute/sync - {"script":"<script> [5351 bytes]","args":[{"element-6066-11e4-a52e-4f735466cecf":"f.8E6BFA2ED3A3A2D86F199707E5BEEB8B.d.B1FF3739AA73DD08EF9628CC9F0D1F21.e.5681","ELEMENT":"f.8E6BFA2ED3A3A2D86F199707E5BEEB8B.d.B1FF3739AA73DD08EF9628CC9F0D1F21.e.5681"}]}
COMMAND: GET /session/7455601dddc232b6deafc0d190a18b4e/screenshot - {}
RESULT: {}
RESULT: {"script":"<script> [5351 bytes]","args":[{"element-6066-11e4-a52e-4f735466cecf":"f.8E6BFA2ED3A3A2D86F199707E5BEEB8B.d.B1FF3739AA73DD08EF9628CC9F0D1F21.e.5681","ELEMENT":"f.8E6BFA2ED3A3A2D86F199707E5BEEB8B.d.B1FF3739AA73DD08EF9628CC9F0D1F21.e.5681"}]}
COMMAND: POST /session/7455601dddc232b6deafc0d190a18b4e/element/f.8E6BFA2ED3A3A2D86F199707E5BEEB8B.d.B1FF3739AA73DD08EF9628CC9F0D1F21.e.5681/click - {}
COMMAND: GET /session/7455601dddc232b6deafc0d190a18b4e/screenshot - {}
RESULT: {}
RESULT: {}
COMMAND: GET /session/7455601dddc232b6deafc0d190a18b4e/screenshot - {}
COMMAND: POST /session/7455601dddc232b6deafc0d190a18b4e/element - {"using":"xpath","value":"//span[contains(@id ,\"AddNewHO--typeSelect-arrow\")]"}
RESULT: {}
RESULT: {}
RESULT: {"using":"xpath","value":"//span[contains(@id ,\"AddNewHO--typeSelect-arrow\")]"}
COMMAND: POST /session/7455601dddc232b6deafc0d190a18b4e/element/f.8E6BFA2ED3A3A2D86F199707E5BEEB8B.d.B1FF3739AA73DD08EF9628CC9F0D1F21.e.6020/click - {}
RESULT: {}
COMMAND: GET /session/7455601dddc232b6deafc0d190a18b4e/screenshot - {}
RESULT: {}
COMMAND: POST /session/7455601dddc232b6deafc0d190a18b4e/element - {"using":"xpath","value":"(//li[contains(text(), \"stock increase yard\")])[1]"}
RESULT: {"using":"xpath","value":"(//li[contains(text(), \"stock increase yard\")])[1]"}
COMMAND: POST /session/7455601dddc232b6deafc0d190a18b4e/element/f.8E6BFA2ED3A3A2D86F199707E5BEEB8B.d.B1FF3739AA73DD08EF9628CC9F0D1F21.e.6021/click - {}
RESULT: {}
COMMAND: GET /session/7455601dddc232b6deafc0d190a18b4e/screenshot - {}
RESULT: {}
COMMAND: POST /session/7455601dddc232b6deafc0d190a18b4e/execute/async - {"script":"<script> [1562 bytes]","args":[{"selector":{"id":"application-managehandovers-display-component---AddNewHO--dueDate","interaction":{"idSuffix":"inner"}},"wdio_ui5_key":"applicationmanagehandovers-display-component---AddNewHO--dueDate"}]}
RESULT: {"script":"<script> [1562 bytes]","args":[{"selector":{"id":"application-managehandovers-display-component---AddNewHO--dueDate","interaction":{"idSuffix":"inner"}},"wdio_ui5_key":"applicationmanagehandovers-display-component---AddNewHO--dueDate"}]}
RESULT: undefined
COMMAND: POST /session/7455601dddc232b6deafc0d190a18b4e/execute/async - {"script":"<script> [6424 bytes]","args":[{"element-6066-11e4-a52e-4f735466cecf":"f.8E6BFA2ED3A3A2D86F199707E5BEEB8B.d.B1FF3739AA73DD08EF9628CC9F0D1F21.e.6025"},"setValue",["5/27/25"]]}
RESULT: {"script":"<script> [6424 bytes]","args":[{"element-6066-11e4-a52e-4f735466cecf":"f.8E6BFA2ED3A3A2D86F199707E5BEEB8B.d.B1FF3739AA73DD08EF9628CC9F0D1F21.e.6025"},"setValue",["5/27/25"]]}
COMMAND: POST /session/7455601dddc232b6deafc0d190a18b4e/element - {"using":"xpath","value":"//input[@id=\"generalSectionFrg--receiveYard-inner\"]"}
RESULT: {"using":"xpath","value":"//input[@id=\"generalSectionFrg--receiveYard-inner\"]"}
COMMAND: POST /session/7455601dddc232b6deafc0d190a18b4e/element/f.8E6BFA2ED3A3A2D86F199707E5BEEB8B.d.B1FF3739AA73DD08EF9628CC9F0D1F21.e.6031/clear - {}
RESULT: {}
COMMAND: POST /session/7455601dddc232b6deafc0d190a18b4e/element/f.8E6BFA2ED3A3A2D86F199707E5BEEB8B.d.B1FF3739AA73DD08EF9628CC9F0D1F21.e.6031/value - {"text":"396"}
COMMAND: GET /session/7455601dddc232b6deafc0d190a18b4e/screenshot - {}
RESULT: {"text":"396"}
COMMAND: GET /session/7455601dddc232b6deafc0d190a18b4e/screenshot - {}
RESULT: {}
RESULT: {}
COMMAND: POST /session/7455601dddc232b6deafc0d190a18b4e/element - {"using":"xpath","value":"//li[.//span[text()='396']]"}
RESULT: {"using":"xpath","value":"//li[.//span[text()='396']]"}
COMMAND: POST /session/7455601dddc232b6deafc0d190a18b4e/element/f.8E6BFA2ED3A3A2D86F199707E5BEEB8B.d.B1FF3739AA73DD08EF9628CC9F0D1F21.e.6045/click - {}
RESULT: {}
COMMAND: GET /session/7455601dddc232b6deafc0d190a18b4e/screenshot - {}
RESULT: {}
COMMAND: POST /session/7455601dddc232b6deafc0d190a18b4e/execute/async - {"script":"<script> [1562 bytes]","args":[{"selector":{"id":"application-managehandovers-display-component---AddNewHO--ObjectPageLayout-anchBar-application-managehandovers-display-component---AddNewHO--section4-anchor","interaction":{"idSuffix":"BDI-content"}},"wdio_ui5_key":"applicationmanagehandovers-display-component---AddNewHO--ObjectPageLayout-anchBar-application-managehandovers-display-component---AddNewHO--section4-anchor"}]}
RESULT: {"script":"<script> [1562 bytes]","args":[{"selector":{"id":"application-managehandovers-display-component---AddNewHO--ObjectPageLayout-anchBar-application-managehandovers-display-component---AddNewHO--section4-anchor","interaction":{"idSuffix":"BDI-content"}},"wdio_ui5_key":"applicationmanagehandovers-display-component---AddNewHO--ObjectPageLayout-anchBar-application-managehandovers-display-component---AddNewHO--section4-anchor"}]}
RESULT: undefined
COMMAND: POST /session/7455601dddc232b6deafc0d190a18b4e/element - {"using":"xpath","value":"//*[@id=\"application-managehandovers-display-component---AddNewHO--ObjectPageLayout-anchBar-application-managehandovers-display-component---AddNewHO--section4-anchor\"]"}
RESULT: {"using":"xpath","value":"//*[@id=\"application-managehandovers-display-component---AddNewHO--ObjectPageLayout-anchBar-application-managehandovers-display-component---AddNewHO--section4-anchor\"]"}
COMMAND: POST /session/7455601dddc232b6deafc0d190a18b4e/element/f.8E6BFA2ED3A3A2D86F199707E5BEEB8B.d.B1FF3739AA73DD08EF9628CC9F0D1F21.e.6047/click - {}
RESULT: {}
COMMAND: POST /session/7455601dddc232b6deafc0d190a18b4e/element - {"using":"xpath","value":"//button[@aria-label=\"Add\"]"}
COMMAND: GET /session/7455601dddc232b6deafc0d190a18b4e/screenshot - {}
RESULT: {"using":"xpath","value":"//button[@aria-label=\"Add\"]"}
COMMAND: POST /session/7455601dddc232b6deafc0d190a18b4e/element/f.8E6BFA2ED3A3A2D86F199707E5BEEB8B.d.B1FF3739AA73DD08EF9628CC9F0D1F21.e.6050/click - {}
RESULT: {}
RESULT: {}
COMMAND: GET /session/7455601dddc232b6deafc0d190a18b4e/screenshot - {}
RESULT: {}
COMMAND: POST /session/7455601dddc232b6deafc0d190a18b4e/execute/async - {"script":"<script> [1562 bytes]","args":[{"selector":{"id":"application-managehandovers-display-component---AddNewHO--smartFilterBar-btnBasicSearch","searchOpenDialogs":true,"interaction":{"idSuffix":"I"}},"wdio_ui5_key":"applicationmanagehandovers-display-component---AddNewHO--smartFilterBar-btnBasicSearch"}]}
RESULT: {"script":"<script> [1562 bytes]","args":[{"selector":{"id":"application-managehandovers-display-component---AddNewHO--smartFilterBar-btnBasicSearch","searchOpenDialogs":true,"interaction":{"idSuffix":"I"}},"wdio_ui5_key":"applicationmanagehandovers-display-component---AddNewHO--smartFilterBar-btnBasicSearch"}]}
RESULT: undefined
COMMAND: POST /session/7455601dddc232b6deafc0d190a18b4e/execute/async - {"script":"<script> [776 bytes]","args":[{"enterText":"MDeJkT5I9l","selector":{"id":"application-managehandovers-display-component---AddNewHO--smartFilterBar-btnBasicSearch","searchOpenDialogs":true,"interaction":{"idSuffix":"I"}},"clearTextFirst":true,"interactionType":"ENTER_TEXT"}]}
RESULT: {"script":"<script> [776 bytes]","args":[{"enterText":"MDeJkT5I9l","selector":{"id":"application-managehandovers-display-component---AddNewHO--smartFilterBar-btnBasicSearch","searchOpenDialogs":true,"interaction":{"idSuffix":"I"}},"clearTextFirst":true,"interactionType":"ENTER_TEXT"}]}
COMMAND: POST /session/7455601dddc232b6deafc0d190a18b4e/actions - {"actions":[{"id":"action17","type":"key","parameters":{},"actions":[{"type":"keyDown","value":""},{"type":"pause","duration":10},{"type":"keyUp","value":""}]}]}
RESULT: {"actions":[{"id":"action17","type":"key","parameters":{},"actions":[{"type":"keyDown","value":""},{"type":"pause","duration":10},{"type":"keyUp","value":""}]}]}
COMMAND: GET /session/7455601dddc232b6deafc0d190a18b4e/screenshot - {}
RESULT: {}
COMMAND: POST /session/7455601dddc232b6deafc0d190a18b4e/execute/async - {"script":"<script> [1562 bytes]","args":[{"selector":{"id":"application-managehandovers-display-component---AddNewHO--popup-sa","searchOpenDialogs":true,"interaction":{"idSuffix":"CbBg"}},"wdio_ui5_key":"applicationmanagehandovers-display-component---AddNewHO--popup-sa"}]}
RESULT: {"script":"<script> [1562 bytes]","args":[{"selector":{"id":"application-managehandovers-display-component---AddNewHO--popup-sa","searchOpenDialogs":true,"interaction":{"idSuffix":"CbBg"}},"wdio_ui5_key":"applicationmanagehandovers-display-component---AddNewHO--popup-sa"}]}
RESULT: undefined
COMMAND: POST /session/7455601dddc232b6deafc0d190a18b4e/element - {"using":"xpath","value":"//*[@id=\"application-managehandovers-display-component---AddNewHO--popup-sa\"]"}
RESULT: {"using":"xpath","value":"//*[@id=\"application-managehandovers-display-component---AddNewHO--popup-sa\"]"}
COMMAND: POST /session/7455601dddc232b6deafc0d190a18b4e/element/f.8E6BFA2ED3A3A2D86F199707E5BEEB8B.d.B1FF3739AA73DD08EF9628CC9F0D1F21.e.6202/click - {}
RESULT: {}
COMMAND: GET /session/7455601dddc232b6deafc0d190a18b4e/screenshot - {}
RESULT: {}
COMMAND: POST /session/7455601dddc232b6deafc0d190a18b4e/element - {"using":"xpath","value":"//bdi[contains(text(), \"Select\")]"}
RESULT: {"using":"xpath","value":"//bdi[contains(text(), \"Select\")]"}
COMMAND: POST /session/7455601dddc232b6deafc0d190a18b4e/element/f.8E6BFA2ED3A3A2D86F199707E5BEEB8B.d.B1FF3739AA73DD08EF9628CC9F0D1F21.e.6203/click - {}
RESULT: {}
COMMAND: GET /session/7455601dddc232b6deafc0d190a18b4e/screenshot - {}
RESULT: {}
COMMAND: POST /session/7455601dddc232b6deafc0d190a18b4e/element - {"using":"xpath","value":"//button[@data-kt=\"AddNewHOSaveButton\"]"}
RESULT: {"using":"xpath","value":"//button[@data-kt=\"AddNewHOSaveButton\"]"}
COMMAND: POST /session/7455601dddc232b6deafc0d190a18b4e/element/f.8E6BFA2ED3A3A2D86F199707E5BEEB8B.d.B1FF3739AA73DD08EF9628CC9F0D1F21.e.6207/click - {}
RESULT: {}
COMMAND: GET /session/7455601dddc232b6deafc0d190a18b4e/screenshot - {}
COMMAND: POST /session/7455601dddc232b6deafc0d190a18b4e/execute/async - {"script":"<script> [1562 bytes]","args":[{"selector":{"id":"receiptDatePicker","viewName":"etm.portal.ui.managehandovers.view.DetailExecuteHO","interaction":{"idSuffix":"inner"}},"wdio_ui5_key":"receiptDatePickeretmportal.ui.managehandovers.view.DetailExecuteHO"}]}
RESULT: {}
RESULT: {"script":"<script> [1562 bytes]","args":[{"selector":{"id":"receiptDatePicker","viewName":"etm.portal.ui.managehandovers.view.DetailExecuteHO","interaction":{"idSuffix":"inner"}},"wdio_ui5_key":"receiptDatePickeretmportal.ui.managehandovers.view.DetailExecuteHO"}]}
RESULT: undefined
COMMAND: POST /session/7455601dddc232b6deafc0d190a18b4e/execute/async - {"script":"<script> [6424 bytes]","args":[{"element-6066-11e4-a52e-4f735466cecf":"f.8E6BFA2ED3A3A2D86F199707E5BEEB8B.d.B1FF3739AA73DD08EF9628CC9F0D1F21.e.6239"},"setValue",["5/27/25"]]}
RESULT: {"script":"<script> [6424 bytes]","args":[{"element-6066-11e4-a52e-4f735466cecf":"f.8E6BFA2ED3A3A2D86F199707E5BEEB8B.d.B1FF3739AA73DD08EF9628CC9F0D1F21.e.6239"},"setValue",["5/27/25"]]}
COMMAND: POST /session/7455601dddc232b6deafc0d190a18b4e/element - {"using":"xpath","value":"//button[@data-kt=\"ReceivingTableConfirmAllButton\"]"}
RESULT: {"using":"xpath","value":"//button[@data-kt=\"ReceivingTableConfirmAllButton\"]"}
COMMAND: POST /session/7455601dddc232b6deafc0d190a18b4e/element/f.8E6BFA2ED3A3A2D86F199707E5BEEB8B.d.B1FF3739AA73DD08EF9628CC9F0D1F21.e.6255/click - {}
RESULT: {}
COMMAND: GET /session/7455601dddc232b6deafc0d190a18b4e/screenshot - {}
RESULT: {}
COMMAND: POST /session/7455601dddc232b6deafc0d190a18b4e/element - {"using":"xpath","value":"//bdi[contains(text(), \"OK\")]"}
RESULT: {"using":"xpath","value":"//bdi[contains(text(), \"OK\")]"}
COMMAND: POST /session/7455601dddc232b6deafc0d190a18b4e/element/f.8E6BFA2ED3A3A2D86F199707E5BEEB8B.d.B1FF3739AA73DD08EF9628CC9F0D1F21.e.6257/click - {}
RESULT: {}
COMMAND: GET /session/7455601dddc232b6deafc0d190a18b4e/screenshot - {}
RESULT: {}
COMMAND: POST /session/7455601dddc232b6deafc0d190a18b4e/element - {"using":"xpath","value":"(//bdi[contains(text(), \"Receive\")])[2]"}
RESULT: {"using":"xpath","value":"(//bdi[contains(text(), \"Receive\")])[2]"}
COMMAND: POST /session/7455601dddc232b6deafc0d190a18b4e/element/f.8E6BFA2ED3A3A2D86F199707E5BEEB8B.d.B1FF3739AA73DD08EF9628CC9F0D1F21.e.6259/click - {}
RESULT: {}
COMMAND: GET /session/7455601dddc232b6deafc0d190a18b4e/screenshot - {}
RESULT: {}
COMMAND: POST /session/7455601dddc232b6deafc0d190a18b4e/element - {"using":"css selector","value":"#shell-header-logo"}
RESULT: {"using":"css selector","value":"#shell-header-logo"}
COMMAND: POST /session/7455601dddc232b6deafc0d190a18b4e/element/f.8E6BFA2ED3A3A2D86F199707E5BEEB8B.d.B1FF3739AA73DD08EF9628CC9F0D1F21.e.5646/click - {}
RESULT: {}
COMMAND: GET /session/7455601dddc232b6deafc0d190a18b4e/screenshot - {}
RESULT: {}
]]></system-out>
    </testcase>
    <testcase classname="chrome.136_0_7103_93.windows.Billing_Transfer_-_Master_data_&amp;_Intercompany_US127250" name="Should create a new contract" time="72.278">
      <system-out><![CDATA[
COMMAND: POST /session/7455601dddc232b6deafc0d190a18b4e/execute/async - {"script":"<script> [1562 bytes]","args":[{"selector":{"controlType":"sap.m.GenericTile","properties":{"header":"Manage Contracts"}},"wdio_ui5_key":"sapm.GenericTile{\"header\":\"Manage Contracts\"}"}]}
RESULT: {"script":"<script> [1562 bytes]","args":[{"selector":{"controlType":"sap.m.GenericTile","properties":{"header":"Manage Contracts"}},"wdio_ui5_key":"sapm.GenericTile{\"header\":\"Manage Contracts\"}"}]}
RESULT: undefined
COMMAND: POST /session/7455601dddc232b6deafc0d190a18b4e/element - {"using":"xpath","value":"//*[@id=\"__tile130\"]"}
RESULT: {"using":"xpath","value":"//*[@id=\"__tile130\"]"}
COMMAND: POST /session/7455601dddc232b6deafc0d190a18b4e/element/f.8E6BFA2ED3A3A2D86F199707E5BEEB8B.d.B1FF3739AA73DD08EF9628CC9F0D1F21.e.6428/click - {}
RESULT: {}
COMMAND: GET /session/7455601dddc232b6deafc0d190a18b4e/screenshot - {}
RESULT: {}
COMMAND: POST /session/7455601dddc232b6deafc0d190a18b4e/elements - {"using":"xpath","value":"//span[text()='Error']"}
RESULT: {"using":"xpath","value":"//span[text()='Error']"}
COMMAND: POST /session/7455601dddc232b6deafc0d190a18b4e/element - {"using":"xpath","value":"//button[@data-kt=\"addButton\"]"}
RESULT: {"using":"xpath","value":"//button[@data-kt=\"addButton\"]"}
COMMAND: POST /session/7455601dddc232b6deafc0d190a18b4e/elements - {"using":"xpath","value":"//button[@data-kt=\"addButton\"]"}
RESULT: {"using":"xpath","value":"//button[@data-kt=\"addButton\"]"}
COMMAND: POST /session/7455601dddc232b6deafc0d190a18b4e/execute/sync - {"script":"<script> [8489 bytes]","args":[{"element-6066-11e4-a52e-4f735466cecf":"f.8E6BFA2ED3A3A2D86F199707E5BEEB8B.d.B1FF3739AA73DD08EF9628CC9F0D1F21.e.6478","ELEMENT":"f.8E6BFA2ED3A3A2D86F199707E5BEEB8B.d.B1FF3739AA73DD08EF9628CC9F0D1F21.e.6478"}]}
RESULT: {"script":"<script> [8489 bytes]","args":[{"element-6066-11e4-a52e-4f735466cecf":"f.8E6BFA2ED3A3A2D86F199707E5BEEB8B.d.B1FF3739AA73DD08EF9628CC9F0D1F21.e.6478","ELEMENT":"f.8E6BFA2ED3A3A2D86F199707E5BEEB8B.d.B1FF3739AA73DD08EF9628CC9F0D1F21.e.6478"}]}
COMMAND: GET /session/7455601dddc232b6deafc0d190a18b4e/element/f.8E6BFA2ED3A3A2D86F199707E5BEEB8B.d.B1FF3739AA73DD08EF9628CC9F0D1F21.e.6478/enabled - {}
COMMAND: GET /session/7455601dddc232b6deafc0d190a18b4e/screenshot - {}
RESULT: {}
COMMAND: POST /session/7455601dddc232b6deafc0d190a18b4e/execute/sync - {"script":"<script> [8489 bytes]","args":[{"element-6066-11e4-a52e-4f735466cecf":"f.8E6BFA2ED3A3A2D86F199707E5BEEB8B.d.B1FF3739AA73DD08EF9628CC9F0D1F21.e.6478","ELEMENT":"f.8E6BFA2ED3A3A2D86F199707E5BEEB8B.d.B1FF3739AA73DD08EF9628CC9F0D1F21.e.6478"}]}
COMMAND: GET /session/7455601dddc232b6deafc0d190a18b4e/screenshot - {}
RESULT: {}
RESULT: {"script":"<script> [8489 bytes]","args":[{"element-6066-11e4-a52e-4f735466cecf":"f.8E6BFA2ED3A3A2D86F199707E5BEEB8B.d.B1FF3739AA73DD08EF9628CC9F0D1F21.e.6478","ELEMENT":"f.8E6BFA2ED3A3A2D86F199707E5BEEB8B.d.B1FF3739AA73DD08EF9628CC9F0D1F21.e.6478"}]}
COMMAND: POST /session/7455601dddc232b6deafc0d190a18b4e/execute/sync - {"script":"<script> [5351 bytes]","args":[{"element-6066-11e4-a52e-4f735466cecf":"f.8E6BFA2ED3A3A2D86F199707E5BEEB8B.d.B1FF3739AA73DD08EF9628CC9F0D1F21.e.6478","ELEMENT":"f.8E6BFA2ED3A3A2D86F199707E5BEEB8B.d.B1FF3739AA73DD08EF9628CC9F0D1F21.e.6478"}]}
COMMAND: GET /session/7455601dddc232b6deafc0d190a18b4e/screenshot - {}
RESULT: {}
RESULT: {"script":"<script> [5351 bytes]","args":[{"element-6066-11e4-a52e-4f735466cecf":"f.8E6BFA2ED3A3A2D86F199707E5BEEB8B.d.B1FF3739AA73DD08EF9628CC9F0D1F21.e.6478","ELEMENT":"f.8E6BFA2ED3A3A2D86F199707E5BEEB8B.d.B1FF3739AA73DD08EF9628CC9F0D1F21.e.6478"}]}
COMMAND: GET /session/7455601dddc232b6deafc0d190a18b4e/screenshot - {}
RESULT: {}
RESULT: {}
COMMAND: POST /session/7455601dddc232b6deafc0d190a18b4e/element/f.8E6BFA2ED3A3A2D86F199707E5BEEB8B.d.B1FF3739AA73DD08EF9628CC9F0D1F21.e.6478/click - {}
RESULT: {}
COMMAND: GET /session/7455601dddc232b6deafc0d190a18b4e/screenshot - {}
RESULT: {}
COMMAND: POST /session/7455601dddc232b6deafc0d190a18b4e/execute/async - {"script":"<script> [1562 bytes]","args":[{"selector":{"id":"application-managecontracts-display-component---AddNewContract--projectDescription","interaction":{"idSuffix":"inner"}},"wdio_ui5_key":"applicationmanagecontracts-display-component---AddNewContract--projectDescription"}]}
RESULT: {"script":"<script> [1562 bytes]","args":[{"selector":{"id":"application-managecontracts-display-component---AddNewContract--projectDescription","interaction":{"idSuffix":"inner"}},"wdio_ui5_key":"applicationmanagecontracts-display-component---AddNewContract--projectDescription"}]}
RESULT: undefined
COMMAND: POST /session/7455601dddc232b6deafc0d190a18b4e/execute/async - {"script":"<script> [776 bytes]","args":[{"enterText":"Intercompany Contract WDIO","selector":{"id":"application-managecontracts-display-component---AddNewContract--projectDescription","interaction":{"idSuffix":"inner"}},"clearTextFirst":true,"interactionType":"ENTER_TEXT"}]}
RESULT: {"script":"<script> [776 bytes]","args":[{"enterText":"Intercompany Contract WDIO","selector":{"id":"application-managecontracts-display-component---AddNewContract--projectDescription","interaction":{"idSuffix":"inner"}},"clearTextFirst":true,"interactionType":"ENTER_TEXT"}]}
COMMAND: POST /session/7455601dddc232b6deafc0d190a18b4e/element - {"using":"xpath","value":"//input[@id=\"application-managecontracts-display-component---AddNewContract--site-inner\"]"}
RESULT: {"using":"xpath","value":"//input[@id=\"application-managecontracts-display-component---AddNewContract--site-inner\"]"}
COMMAND: POST /session/7455601dddc232b6deafc0d190a18b4e/element/f.8E6BFA2ED3A3A2D86F199707E5BEEB8B.d.B1FF3739AA73DD08EF9628CC9F0D1F21.e.6800/clear - {}
RESULT: {}
COMMAND: POST /session/7455601dddc232b6deafc0d190a18b4e/element/f.8E6BFA2ED3A3A2D86F199707E5BEEB8B.d.B1FF3739AA73DD08EF9628CC9F0D1F21.e.6800/value - {"text":"2187"}
COMMAND: GET /session/7455601dddc232b6deafc0d190a18b4e/screenshot - {}
RESULT: {"text":"2187"}
COMMAND: GET /session/7455601dddc232b6deafc0d190a18b4e/screenshot - {}
RESULT: {}
RESULT: {}
COMMAND: POST /session/7455601dddc232b6deafc0d190a18b4e/element - {"using":"xpath","value":"//li[.//span[text()='2187']]"}
RESULT: {"using":"xpath","value":"//li[.//span[text()='2187']]"}
COMMAND: POST /session/7455601dddc232b6deafc0d190a18b4e/element/f.8E6BFA2ED3A3A2D86F199707E5BEEB8B.d.B1FF3739AA73DD08EF9628CC9F0D1F21.e.6882/click - {}
RESULT: {}
COMMAND: GET /session/7455601dddc232b6deafc0d190a18b4e/screenshot - {}
RESULT: {}
COMMAND: POST /session/7455601dddc232b6deafc0d190a18b4e/element - {"using":"xpath","value":"//input[@id=\"application-managecontracts-display-component---AddNewContract--yardId-inner\"]"}
RESULT: {"using":"xpath","value":"//input[@id=\"application-managecontracts-display-component---AddNewContract--yardId-inner\"]"}
COMMAND: GET /session/7455601dddc232b6deafc0d190a18b4e/element/f.8E6BFA2ED3A3A2D86F199707E5BEEB8B.d.B1FF3739AA73DD08EF9628CC9F0D1F21.e.6801/property/value - {}
RESULT: {}
COMMAND: POST /session/7455601dddc232b6deafc0d190a18b4e/element - {"using":"xpath","value":"//input[@id=\"application-managecontracts-display-component---AddNewContract--customerSelect-inner\"]"}
COMMAND: GET /session/7455601dddc232b6deafc0d190a18b4e/screenshot - {}
RESULT: {"using":"xpath","value":"//input[@id=\"application-managecontracts-display-component---AddNewContract--customerSelect-inner\"]"}
COMMAND: POST /session/7455601dddc232b6deafc0d190a18b4e/element/f.8E6BFA2ED3A3A2D86F199707E5BEEB8B.d.B1FF3739AA73DD08EF9628CC9F0D1F21.e.6799/clear - {}
RESULT: {}
RESULT: {}
COMMAND: POST /session/7455601dddc232b6deafc0d190a18b4e/element/f.8E6BFA2ED3A3A2D86F199707E5BEEB8B.d.B1FF3739AA73DD08EF9628CC9F0D1F21.e.6799/value - {"text":"1203"}
COMMAND: GET /session/7455601dddc232b6deafc0d190a18b4e/screenshot - {}
RESULT: {"text":"1203"}
COMMAND: GET /session/7455601dddc232b6deafc0d190a18b4e/screenshot - {}
RESULT: {}
RESULT: {}
COMMAND: POST /session/7455601dddc232b6deafc0d190a18b4e/element - {"using":"xpath","value":"//li[.//span[text()='1203']]"}
RESULT: {"using":"xpath","value":"//li[.//span[text()='1203']]"}
COMMAND: POST /session/7455601dddc232b6deafc0d190a18b4e/element/f.8E6BFA2ED3A3A2D86F199707E5BEEB8B.d.B1FF3739AA73DD08EF9628CC9F0D1F21.e.6885/click - {}
RESULT: {}
COMMAND: GET /session/7455601dddc232b6deafc0d190a18b4e/screenshot - {}
RESULT: {}
COMMAND: POST /session/7455601dddc232b6deafc0d190a18b4e/element - {"using":"xpath","value":"//button[@data-kt=\"saveButton\"]"}
RESULT: {"using":"xpath","value":"//button[@data-kt=\"saveButton\"]"}
COMMAND: POST /session/7455601dddc232b6deafc0d190a18b4e/element/f.8E6BFA2ED3A3A2D86F199707E5BEEB8B.d.B1FF3739AA73DD08EF9628CC9F0D1F21.e.6875/click - {}
RESULT: {}
COMMAND: GET /session/7455601dddc232b6deafc0d190a18b4e/screenshot - {}
RESULT: {}
COMMAND: POST /session/7455601dddc232b6deafc0d190a18b4e/element - {"using":"xpath","value":"//span[contains(@id ,\"contractDetailTitleNoExpanded\")]"}
RESULT: {"using":"xpath","value":"//span[contains(@id ,\"contractDetailTitleNoExpanded\")]"}
COMMAND: POST /session/7455601dddc232b6deafc0d190a18b4e/elements - {"using":"xpath","value":"//span[contains(@id ,\"contractDetailTitleNoExpanded\")]"}
RESULT: {"using":"xpath","value":"//span[contains(@id ,\"contractDetailTitleNoExpanded\")]"}
COMMAND: POST /session/7455601dddc232b6deafc0d190a18b4e/execute/sync - {"script":"<script> [56 bytes]","args":[{"element-6066-11e4-a52e-4f735466cecf":"f.8E6BFA2ED3A3A2D86F199707E5BEEB8B.d.B1FF3739AA73DD08EF9628CC9F0D1F21.e.6954","ELEMENT":"f.8E6BFA2ED3A3A2D86F199707E5BEEB8B.d.B1FF3739AA73DD08EF9628CC9F0D1F21.e.6954"}]}
RESULT: {"script":"<script> [56 bytes]","args":[{"element-6066-11e4-a52e-4f735466cecf":"f.8E6BFA2ED3A3A2D86F199707E5BEEB8B.d.B1FF3739AA73DD08EF9628CC9F0D1F21.e.6954","ELEMENT":"f.8E6BFA2ED3A3A2D86F199707E5BEEB8B.d.B1FF3739AA73DD08EF9628CC9F0D1F21.e.6954"}]}
COMMAND: GET /session/7455601dddc232b6deafc0d190a18b4e/screenshot - {}
]]></system-out>
    </testcase>
    <testcase classname="chrome.136_0_7103_93.windows.Billing_Transfer_-_Master_data_&amp;_Intercompany_US127250" name="Should add equipment to the contract" time="54.069">
      <system-out><![CDATA[
COMMAND: POST /session/7455601dddc232b6deafc0d190a18b4e/element - {"using":"xpath","value":"//button[@data-kt=\"contractDetailEditBtnButton\"]"}
RESULT: {}
RESULT: {"using":"xpath","value":"//button[@data-kt=\"contractDetailEditBtnButton\"]"}
COMMAND: POST /session/7455601dddc232b6deafc0d190a18b4e/element/f.8E6BFA2ED3A3A2D86F199707E5BEEB8B.d.B1FF3739AA73DD08EF9628CC9F0D1F21.e.6957/click - {}
RESULT: {}
COMMAND: GET /session/7455601dddc232b6deafc0d190a18b4e/screenshot - {}
RESULT: {}
COMMAND: POST /session/7455601dddc232b6deafc0d190a18b4e/element - {"using":"xpath","value":"(//span[contains(text(), \"Additional Addresses\")])[2]"}
RESULT: {"using":"xpath","value":"(//span[contains(text(), \"Additional Addresses\")])[2]"}
COMMAND: POST /session/7455601dddc232b6deafc0d190a18b4e/element/f.8E6BFA2ED3A3A2D86F199707E5BEEB8B.d.B1FF3739AA73DD08EF9628CC9F0D1F21.e.7012/click - {}
RESULT: {}
COMMAND: GET /session/7455601dddc232b6deafc0d190a18b4e/screenshot - {}
RESULT: {}
COMMAND: POST /session/7455601dddc232b6deafc0d190a18b4e/element - {"using":"xpath","value":"//button[@data-kt=\"btnAddTableRowOverflowToolbarButton\"]"}
RESULT: {"using":"xpath","value":"//button[@data-kt=\"btnAddTableRowOverflowToolbarButton\"]"}
COMMAND: POST /session/7455601dddc232b6deafc0d190a18b4e/element/f.8E6BFA2ED3A3A2D86F199707E5BEEB8B.d.B1FF3739AA73DD08EF9628CC9F0D1F21.e.7016/click - {}
RESULT: {}
COMMAND: GET /session/7455601dddc232b6deafc0d190a18b4e/screenshot - {}
RESULT: {}
COMMAND: POST /session/7455601dddc232b6deafc0d190a18b4e/element - {"using":"xpath","value":"//div[(text() = 'Standard Entry' or . = 'Standard Entry')]"}
RESULT: {"using":"xpath","value":"//div[(text() = 'Standard Entry' or . = 'Standard Entry')]"}
COMMAND: POST /session/7455601dddc232b6deafc0d190a18b4e/element/f.8E6BFA2ED3A3A2D86F199707E5BEEB8B.d.B1FF3739AA73DD08EF9628CC9F0D1F21.e.7018/click - {}
RESULT: {}
COMMAND: GET /session/7455601dddc232b6deafc0d190a18b4e/screenshot - {}
RESULT: {}
COMMAND: POST /session/7455601dddc232b6deafc0d190a18b4e/element - {"using":"xpath","value":"//td[7]/div/div/input"}
RESULT: {"using":"xpath","value":"//td[7]/div/div/input"}
COMMAND: POST /session/7455601dddc232b6deafc0d190a18b4e/element/f.8E6BFA2ED3A3A2D86F199707E5BEEB8B.d.B1FF3739AA73DD08EF9628CC9F0D1F21.e.7027/clear - {}
RESULT: {}
COMMAND: POST /session/7455601dddc232b6deafc0d190a18b4e/element/f.8E6BFA2ED3A3A2D86F199707E5BEEB8B.d.B1FF3739AA73DD08EF9628CC9F0D1F21.e.7027/value - {"text":"MDeJkT5I9l"}
COMMAND: GET /session/7455601dddc232b6deafc0d190a18b4e/screenshot - {}
RESULT: {"text":"MDeJkT5I9l"}
COMMAND: GET /session/7455601dddc232b6deafc0d190a18b4e/screenshot - {}
RESULT: {}
RESULT: {}
COMMAND: POST /session/7455601dddc232b6deafc0d190a18b4e/actions - {"actions":[{"id":"action18","type":"key","parameters":{},"actions":[{"type":"keyDown","value":""},{"type":"pause","duration":10},{"type":"keyUp","value":""}]}]}
RESULT: {"actions":[{"id":"action18","type":"key","parameters":{},"actions":[{"type":"keyDown","value":""},{"type":"pause","duration":10},{"type":"keyUp","value":""}]}]}
COMMAND: GET /session/7455601dddc232b6deafc0d190a18b4e/screenshot - {}
COMMAND: POST /session/7455601dddc232b6deafc0d190a18b4e/execute/sync - {"script":"<script> [276 bytes]","args":["No pricing information was found"]}
RESULT: {}
RESULT: {"script":"<script> [276 bytes]","args":["No pricing information was found"]}
COMMAND: POST /session/7455601dddc232b6deafc0d190a18b4e/element - {"using":"xpath","value":"(//button[@data-kt=\"saveButton\"])[2]"}
COMMAND: GET /session/7455601dddc232b6deafc0d190a18b4e/screenshot - {}
RESULT: {"using":"xpath","value":"(//button[@data-kt=\"saveButton\"])[2]"}
COMMAND: POST /session/7455601dddc232b6deafc0d190a18b4e/element/f.8E6BFA2ED3A3A2D86F199707E5BEEB8B.d.B1FF3739AA73DD08EF9628CC9F0D1F21.e.7042/click - {}
RESULT: {}
RESULT: {}
COMMAND: GET /session/7455601dddc232b6deafc0d190a18b4e/screenshot - {}
RESULT: {}
COMMAND: POST /session/7455601dddc232b6deafc0d190a18b4e/execute/sync - {"script":"<script> [276 bytes]","args":["Some contract items are having rental validity exceeding header rental validity"]}
RESULT: {"script":"<script> [276 bytes]","args":["Some contract items are having rental validity exceeding header rental validity"]}
COMMAND: GET /session/7455601dddc232b6deafc0d190a18b4e/screenshot - {}
RESULT: {}
COMMAND: POST /session/7455601dddc232b6deafc0d190a18b4e/element - {"using":"xpath","value":"//span[contains(@id ,\"contractItemsSmartTable-header-inner\")]"}
RESULT: {"using":"xpath","value":"//span[contains(@id ,\"contractItemsSmartTable-header-inner\")]"}
COMMAND: POST /session/7455601dddc232b6deafc0d190a18b4e/elements - {"using":"xpath","value":"//span[contains(@id ,\"contractItemsSmartTable-header-inner\")]"}
RESULT: {"using":"xpath","value":"//span[contains(@id ,\"contractItemsSmartTable-header-inner\")]"}
COMMAND: POST /session/7455601dddc232b6deafc0d190a18b4e/execute/sync - {"script":"<script> [56 bytes]","args":[{"element-6066-11e4-a52e-4f735466cecf":"f.8E6BFA2ED3A3A2D86F199707E5BEEB8B.d.B1FF3739AA73DD08EF9628CC9F0D1F21.e.7048","ELEMENT":"f.8E6BFA2ED3A3A2D86F199707E5BEEB8B.d.B1FF3739AA73DD08EF9628CC9F0D1F21.e.7048"}]}
RESULT: {"script":"<script> [56 bytes]","args":[{"element-6066-11e4-a52e-4f735466cecf":"f.8E6BFA2ED3A3A2D86F199707E5BEEB8B.d.B1FF3739AA73DD08EF9628CC9F0D1F21.e.7048","ELEMENT":"f.8E6BFA2ED3A3A2D86F199707E5BEEB8B.d.B1FF3739AA73DD08EF9628CC9F0D1F21.e.7048"}]}
COMMAND: GET /session/7455601dddc232b6deafc0d190a18b4e/screenshot - {}
]]></system-out>
    </testcase>
    <testcase classname="chrome.136_0_7103_93.windows.Billing_Transfer_-_Master_data_&amp;_Intercompany_US127250" name="Should do a provide to site handover" time="64.211">
      <system-out><![CDATA[
COMMAND: POST /session/7455601dddc232b6deafc0d190a18b4e/element - {"using":"xpath","value":"//button[@data-kt=\"provideButton\"]"}
RESULT: {}
RESULT: {"using":"xpath","value":"//button[@data-kt=\"provideButton\"]"}
COMMAND: POST /session/7455601dddc232b6deafc0d190a18b4e/element/f.8E6BFA2ED3A3A2D86F199707E5BEEB8B.d.B1FF3739AA73DD08EF9628CC9F0D1F21.e.7049/click - {}
RESULT: {}
COMMAND: GET /session/7455601dddc232b6deafc0d190a18b4e/screenshot - {}
RESULT: {}
RESULT: undefined
COMMAND: POST /session/7455601dddc232b6deafc0d190a18b4e/execute/async - {"script":"<script> [6424 bytes]","args":[{"element-6066-11e4-a52e-4f735466cecf":"f.8E6BFA2ED3A3A2D86F199707E5BEEB8B.d.B1FF3739AA73DD08EF9628CC9F0D1F21.e.6025"},"setValue",["5/27/25"]]}
COMMAND: POST /session/7455601dddc232b6deafc0d190a18b4e/execute/async - {"script":"<script> [1562 bytes]","args":[{"selector":{"id":"application-managehandovers-display-component---AddNewHO--dueDate","interaction":{"idSuffix":"inner"}},"wdio_ui5_key":"applicationmanagehandovers-display-component---AddNewHO--dueDate"}]}
RESULT: {"script":"<script> [1562 bytes]","args":[{"selector":{"id":"application-managehandovers-display-component---AddNewHO--dueDate","interaction":{"idSuffix":"inner"}},"wdio_ui5_key":"applicationmanagehandovers-display-component---AddNewHO--dueDate"}]}
COMMAND: POST /session/7455601dddc232b6deafc0d190a18b4e/execute/async - {"script":"<script> [6424 bytes]","args":[{"element-6066-11e4-a52e-4f735466cecf":"f.8E6BFA2ED3A3A2D86F199707E5BEEB8B.d.B1FF3739AA73DD08EF9628CC9F0D1F21.e.7106"},"setValue",["5/27/25"]]}
RESULT: {"script":"<script> [6424 bytes]","args":[{"element-6066-11e4-a52e-4f735466cecf":"f.8E6BFA2ED3A3A2D86F199707E5BEEB8B.d.B1FF3739AA73DD08EF9628CC9F0D1F21.e.7106"},"setValue",["5/27/25"]]}
COMMAND: POST /session/7455601dddc232b6deafc0d190a18b4e/element - {"using":"xpath","value":"//bdi[contains(text(), \"Instructions\")]"}
RESULT: {"using":"xpath","value":"//bdi[contains(text(), \"Instructions\")]"}
COMMAND: POST /session/7455601dddc232b6deafc0d190a18b4e/element/f.8E6BFA2ED3A3A2D86F199707E5BEEB8B.d.B1FF3739AA73DD08EF9628CC9F0D1F21.e.7219/click - {}
RESULT: {}
COMMAND: GET /session/7455601dddc232b6deafc0d190a18b4e/screenshot - {}
RESULT: {}
COMMAND: POST /session/7455601dddc232b6deafc0d190a18b4e/element - {"using":"xpath","value":"//button[@data-kt=\"AddNewHOProvideAddItemsButton\"]"}
RESULT: {"using":"xpath","value":"//button[@data-kt=\"AddNewHOProvideAddItemsButton\"]"}
COMMAND: POST /session/7455601dddc232b6deafc0d190a18b4e/element/f.8E6BFA2ED3A3A2D86F199707E5BEEB8B.d.B1FF3739AA73DD08EF9628CC9F0D1F21.e.7223/click - {}
RESULT: {}
COMMAND: GET /session/7455601dddc232b6deafc0d190a18b4e/screenshot - {}
RESULT: {}
RESULT: undefined
COMMAND: POST /session/7455601dddc232b6deafc0d190a18b4e/element - {"using":"xpath","value":"//*[@id=\"application-managehandovers-display-component---AddNewHO--popup-sa\"]"}
RESULT: {"using":"xpath","value":"//*[@id=\"application-managehandovers-display-component---AddNewHO--popup-sa\"]"}
COMMAND: POST /session/7455601dddc232b6deafc0d190a18b4e/element/f.8E6BFA2ED3A3A2D86F199707E5BEEB8B.d.B1FF3739AA73DD08EF9628CC9F0D1F21.e.7234/click - {}
RESULT: {}
COMMAND: GET /session/7455601dddc232b6deafc0d190a18b4e/screenshot - {}
RESULT: {}
COMMAND: POST /session/7455601dddc232b6deafc0d190a18b4e/element - {"using":"xpath","value":"//*[contains(@id ,\"BDI-content\")][contains(text(), \"Select\")]"}
RESULT: {"using":"xpath","value":"//*[contains(@id ,\"BDI-content\")][contains(text(), \"Select\")]"}
COMMAND: POST /session/7455601dddc232b6deafc0d190a18b4e/element/f.8E6BFA2ED3A3A2D86F199707E5BEEB8B.d.B1FF3739AA73DD08EF9628CC9F0D1F21.e.7235/click - {}
RESULT: {}
COMMAND: GET /session/7455601dddc232b6deafc0d190a18b4e/screenshot - {}
RESULT: {}
COMMAND: POST /session/7455601dddc232b6deafc0d190a18b4e/execute/async - {"script":"<script> [1562 bytes]","args":[{"selector":{"id":"application-managehandovers-display-component---AddNewHO--confirmCreationButton","interaction":{"idSuffix":"BDI-content"}},"wdio_ui5_key":"applicationmanagehandovers-display-component---AddNewHO--confirmCreationButton"}]}
RESULT: {"script":"<script> [1562 bytes]","args":[{"selector":{"id":"application-managehandovers-display-component---AddNewHO--confirmCreationButton","interaction":{"idSuffix":"BDI-content"}},"wdio_ui5_key":"applicationmanagehandovers-display-component---AddNewHO--confirmCreationButton"}]}
RESULT: undefined
COMMAND: POST /session/7455601dddc232b6deafc0d190a18b4e/element - {"using":"xpath","value":"//*[@id=\"application-managehandovers-display-component---AddNewHO--confirmCreationButton\"]"}
RESULT: {"using":"xpath","value":"//*[@id=\"application-managehandovers-display-component---AddNewHO--confirmCreationButton\"]"}
COMMAND: POST /session/7455601dddc232b6deafc0d190a18b4e/element/f.8E6BFA2ED3A3A2D86F199707E5BEEB8B.d.B1FF3739AA73DD08EF9628CC9F0D1F21.e.7178/click - {}
RESULT: {}
COMMAND: GET /session/7455601dddc232b6deafc0d190a18b4e/screenshot - {}
RESULT: {}
COMMAND: POST /session/7455601dddc232b6deafc0d190a18b4e/execute/async - {"script":"<script> [1562 bytes]","args":[{"selector":{"id":"issueDatePicker","viewName":"etm.portal.ui.managehandovers.view.DetailExecuteHO","interaction":{"idSuffix":"inner"}},"wdio_ui5_key":"issueDatePickeretmportal.ui.managehandovers.view.DetailExecuteHO"}]}
RESULT: {"script":"<script> [1562 bytes]","args":[{"selector":{"id":"issueDatePicker","viewName":"etm.portal.ui.managehandovers.view.DetailExecuteHO","interaction":{"idSuffix":"inner"}},"wdio_ui5_key":"issueDatePickeretmportal.ui.managehandovers.view.DetailExecuteHO"}]}
RESULT: undefined
COMMAND: POST /session/7455601dddc232b6deafc0d190a18b4e/execute/async - {"script":"<script> [776 bytes]","args":[{"enterText":"5/27/25","selector":{"id":"issueDatePicker","viewName":"etm.portal.ui.managehandovers.view.DetailExecuteHO","interaction":{"idSuffix":"inner"}},"clearTextFirst":true,"interactionType":"ENTER_TEXT"}]}
RESULT: {"script":"<script> [776 bytes]","args":[{"enterText":"5/27/25","selector":{"id":"issueDatePicker","viewName":"etm.portal.ui.managehandovers.view.DetailExecuteHO","interaction":{"idSuffix":"inner"}},"clearTextFirst":true,"interactionType":"ENTER_TEXT"}]}
COMMAND: POST /session/7455601dddc232b6deafc0d190a18b4e/element - {"using":"xpath","value":"//button[@data-kt=\"PickingTableConfirmAllButton\"]"}
RESULT: {"using":"xpath","value":"//button[@data-kt=\"PickingTableConfirmAllButton\"]"}
COMMAND: POST /session/7455601dddc232b6deafc0d190a18b4e/element/f.8E6BFA2ED3A3A2D86F199707E5BEEB8B.d.B1FF3739AA73DD08EF9628CC9F0D1F21.e.7297/click - {}
RESULT: {}
COMMAND: GET /session/7455601dddc232b6deafc0d190a18b4e/screenshot - {}
RESULT: {}
COMMAND: POST /session/7455601dddc232b6deafc0d190a18b4e/element - {"using":"xpath","value":"//bdi[contains(text(), \"OK\")]"}
RESULT: {"using":"xpath","value":"//bdi[contains(text(), \"OK\")]"}
COMMAND: POST /session/7455601dddc232b6deafc0d190a18b4e/element/f.8E6BFA2ED3A3A2D86F199707E5BEEB8B.d.B1FF3739AA73DD08EF9628CC9F0D1F21.e.7300/click - {}
RESULT: {}
COMMAND: GET /session/7455601dddc232b6deafc0d190a18b4e/screenshot - {}
RESULT: {}
COMMAND: POST /session/7455601dddc232b6deafc0d190a18b4e/element - {"using":"xpath","value":"//bdi[contains(text(), \"Issue\")]"}
RESULT: {"using":"xpath","value":"//bdi[contains(text(), \"Issue\")]"}
COMMAND: POST /session/7455601dddc232b6deafc0d190a18b4e/element/f.8E6BFA2ED3A3A2D86F199707E5BEEB8B.d.B1FF3739AA73DD08EF9628CC9F0D1F21.e.7302/click - {}
RESULT: {}
COMMAND: GET /session/7455601dddc232b6deafc0d190a18b4e/screenshot - {}
RESULT: {}
COMMAND: POST /session/7455601dddc232b6deafc0d190a18b4e/element - {"using":"css selector","value":"#shell-header-logo"}
RESULT: {"using":"css selector","value":"#shell-header-logo"}
COMMAND: POST /session/7455601dddc232b6deafc0d190a18b4e/element/f.8E6BFA2ED3A3A2D86F199707E5BEEB8B.d.B1FF3739AA73DD08EF9628CC9F0D1F21.e.6431/click - {}
RESULT: {}
COMMAND: GET /session/7455601dddc232b6deafc0d190a18b4e/screenshot - {}
RESULT: {}
]]></system-out>
    </testcase>
    <testcase classname="chrome.136_0_7103_93.windows.Billing_Transfer_-_Master_data_&amp;_Intercompany_US127250" name="Should go navigate to Manage Billings and trigger contract calculation check result" time="64.506">
      <failure/>
      <error message="element click intercepted: Element &lt;a id=&quot;shell-header-logo&quot; role=&quot;button&quot; title=&quot;Navigate to Home&quot; class=&quot;sapUshellShellIco&quot; href=&quot;#Shell-home&quot;>...&lt;/a> is not clickable at point (126, 22). Other element would receive the click: &lt;div id=&quot;sap-ui-blocklayer-popup&quot; tabindex=&quot;0&quot; class=&quot;sapUiBLy&quot; style=&quot;z-index: 829; visibility: visible; display: block;&quot;>&lt;/div>&#xA;  (Session info: chrome=136.0.7103.93)"/>
      <system-out><![CDATA[
COMMAND: POST /session/7455601dddc232b6deafc0d190a18b4e/execute/async - {"script":"<script> [1562 bytes]","args":[{"selector":{"controlType":"sap.m.GenericTile","properties":{"header":"Manage Billings"}},"wdio_ui5_key":"sapm.GenericTile{\"header\":\"Manage Billings\"}"}]}
RESULT: {"script":"<script> [1562 bytes]","args":[{"selector":{"controlType":"sap.m.GenericTile","properties":{"header":"Manage Billings"}},"wdio_ui5_key":"sapm.GenericTile{\"header\":\"Manage Billings\"}"}]}
RESULT: undefined
COMMAND: POST /session/7455601dddc232b6deafc0d190a18b4e/element - {"using":"xpath","value":"//*[@id=\"__tile51\"]"}
RESULT: {"using":"xpath","value":"//*[@id=\"__tile51\"]"}
COMMAND: POST /session/7455601dddc232b6deafc0d190a18b4e/element/f.8E6BFA2ED3A3A2D86F199707E5BEEB8B.d.B1FF3739AA73DD08EF9628CC9F0D1F21.e.2126/click - {}
RESULT: {}
COMMAND: GET /session/7455601dddc232b6deafc0d190a18b4e/screenshot - {}
RESULT: {}
COMMAND: POST /session/7455601dddc232b6deafc0d190a18b4e/elements - {"using":"xpath","value":"//span[text()='Error']"}
RESULT: {"using":"xpath","value":"//span[text()='Error']"}
COMMAND: POST /session/7455601dddc232b6deafc0d190a18b4e/execute/async - {"script":"<script> [1562 bytes]","args":[{"selector":{"id":"application-managebillings-display-component---billRunCalcResult--smartFilterBar-btnBasicSearch","interaction":{"idSuffix":"I"}},"wdio_ui5_key":"applicationmanagebillings-display-component---billRunCalcResult--smartFilterBar-btnBasicSearch"}]}
RESULT: {"script":"<script> [1562 bytes]","args":[{"selector":{"id":"application-managebillings-display-component---billRunCalcResult--smartFilterBar-btnBasicSearch","interaction":{"idSuffix":"I"}},"wdio_ui5_key":"applicationmanagebillings-display-component---billRunCalcResult--smartFilterBar-btnBasicSearch"}]}
RESULT: undefined
COMMAND: POST /session/7455601dddc232b6deafc0d190a18b4e/execute/async - {"script":"<script> [776 bytes]","args":[{"enterText":"10317","selector":{"id":"application-managebillings-display-component---billRunCalcResult--smartFilterBar-btnBasicSearch","interaction":{"idSuffix":"I"}},"clearTextFirst":true,"interactionType":"ENTER_TEXT"}]}
RESULT: {"script":"<script> [776 bytes]","args":[{"enterText":"10317","selector":{"id":"application-managebillings-display-component---billRunCalcResult--smartFilterBar-btnBasicSearch","interaction":{"idSuffix":"I"}},"clearTextFirst":true,"interactionType":"ENTER_TEXT"}]}
COMMAND: POST /session/7455601dddc232b6deafc0d190a18b4e/actions - {"actions":[{"id":"action19","type":"key","parameters":{},"actions":[{"type":"keyDown","value":""},{"type":"pause","duration":10},{"type":"keyUp","value":""}]}]}
RESULT: {"actions":[{"id":"action19","type":"key","parameters":{},"actions":[{"type":"keyDown","value":""},{"type":"pause","duration":10},{"type":"keyUp","value":""}]}]}
COMMAND: GET /session/7455601dddc232b6deafc0d190a18b4e/screenshot - {}
RESULT: {}
COMMAND: POST /session/7455601dddc232b6deafc0d190a18b4e/element - {"using":"xpath","value":"//td[@aria-colindex=\"1\"]/div/div[contains(@class, \"sapMCbBg\")]"}
RESULT: {"using":"xpath","value":"//td[@aria-colindex=\"1\"]/div/div[contains(@class, \"sapMCbBg\")]"}
COMMAND: POST /session/7455601dddc232b6deafc0d190a18b4e/element/f.8E6BFA2ED3A3A2D86F199707E5BEEB8B.d.B1FF3739AA73DD08EF9628CC9F0D1F21.e.7705/click - {}
RESULT: {}
COMMAND: GET /session/7455601dddc232b6deafc0d190a18b4e/screenshot - {}
RESULT: {}
COMMAND: POST /session/7455601dddc232b6deafc0d190a18b4e/execute/async - {"script":"<script> [1562 bytes]","args":[{"selector":{"id":"application-managebillings-display-component---billRunCalcResult--contractBillRunDate","interaction":{"idSuffix":"inner"}},"wdio_ui5_key":"applicationmanagebillings-display-component---billRunCalcResult--contractBillRunDate"}]}
RESULT: {"script":"<script> [1562 bytes]","args":[{"selector":{"id":"application-managebillings-display-component---billRunCalcResult--contractBillRunDate","interaction":{"idSuffix":"inner"}},"wdio_ui5_key":"applicationmanagebillings-display-component---billRunCalcResult--contractBillRunDate"}]}
RESULT: undefined
COMMAND: POST /session/7455601dddc232b6deafc0d190a18b4e/execute/async - {"script":"<script> [776 bytes]","args":[{"enterText":"6/27/25","selector":{"id":"application-managebillings-display-component---billRunCalcResult--contractBillRunDate","interaction":{"idSuffix":"inner"}},"clearTextFirst":true,"interactionType":"ENTER_TEXT"}]}
RESULT: {"script":"<script> [776 bytes]","args":[{"enterText":"6/27/25","selector":{"id":"application-managebillings-display-component---billRunCalcResult--contractBillRunDate","interaction":{"idSuffix":"inner"}},"clearTextFirst":true,"interactionType":"ENTER_TEXT"}]}
COMMAND: POST /session/7455601dddc232b6deafc0d190a18b4e/element - {"using":"xpath","value":"//bdi[contains(text(), \"Trigger Calculation\")]"}
RESULT: {"using":"xpath","value":"//bdi[contains(text(), \"Trigger Calculation\")]"}
COMMAND: POST /session/7455601dddc232b6deafc0d190a18b4e/element/f.8E6BFA2ED3A3A2D86F199707E5BEEB8B.d.B1FF3739AA73DD08EF9628CC9F0D1F21.e.7755/click - {}
RESULT: {}
COMMAND: GET /session/7455601dddc232b6deafc0d190a18b4e/screenshot - {}
RESULT: {}
COMMAND: POST /session/7455601dddc232b6deafc0d190a18b4e/element - {"using":"xpath","value":"(//span[contains(@id, \"imgNav\")])[1]"}
RESULT: {"using":"xpath","value":"(//span[contains(@id, \"imgNav\")])[1]"}
COMMAND: POST /session/7455601dddc232b6deafc0d190a18b4e/element/f.8E6BFA2ED3A3A2D86F199707E5BEEB8B.d.B1FF3739AA73DD08EF9628CC9F0D1F21.e.7706/click - {}
RESULT: {}
COMMAND: GET /session/7455601dddc232b6deafc0d190a18b4e/screenshot - {}
RESULT: {}
COMMAND: POST /session/7455601dddc232b6deafc0d190a18b4e/element - {"using":"xpath","value":"//tr/td[6]/div[1]/span[1]/span[1]"}
RESULT: {"using":"xpath","value":"//tr/td[6]/div[1]/span[1]/span[1]"}
COMMAND: GET /session/7455601dddc232b6deafc0d190a18b4e/element/f.8E6BFA2ED3A3A2D86F199707E5BEEB8B.d.B1FF3739AA73DD08EF9628CC9F0D1F21.e.7763/text - {}
RESULT: {}
COMMAND: POST /session/7455601dddc232b6deafc0d190a18b4e/element - {"using":"xpath","value":"(//span[contains(@id, \"imgNav\")])[2]"}
RESULT: {"using":"xpath","value":"(//span[contains(@id, \"imgNav\")])[2]"}
COMMAND: POST /session/7455601dddc232b6deafc0d190a18b4e/element/f.8E6BFA2ED3A3A2D86F199707E5BEEB8B.d.B1FF3739AA73DD08EF9628CC9F0D1F21.e.7764/click - {}
RESULT: {}
COMMAND: POST /session/7455601dddc232b6deafc0d190a18b4e/element - {"using":"xpath","value":"//bdi[contains(text(), \"Business Confirm\")]"}
COMMAND: GET /session/7455601dddc232b6deafc0d190a18b4e/screenshot - {}
RESULT: {"using":"xpath","value":"//bdi[contains(text(), \"Business Confirm\")]"}
COMMAND: POST /session/7455601dddc232b6deafc0d190a18b4e/elements - {"using":"xpath","value":"//bdi[contains(text(), \"Business Confirm\")]"}
RESULT: {}
RESULT: {"using":"xpath","value":"//bdi[contains(text(), \"Business Confirm\")]"}
COMMAND: POST /session/7455601dddc232b6deafc0d190a18b4e/elements - {"using":"xpath","value":"//bdi[contains(text(), \"Business Confirm\")]"}
RESULT: {"using":"xpath","value":"//bdi[contains(text(), \"Business Confirm\")]"}
COMMAND: POST /session/7455601dddc232b6deafc0d190a18b4e/element - {"using":"xpath","value":"//bdi[contains(text(), \"Business Confirm\")]"}
RESULT: {"using":"xpath","value":"//bdi[contains(text(), \"Business Confirm\")]"}
COMMAND: POST /session/7455601dddc232b6deafc0d190a18b4e/element/f.8E6BFA2ED3A3A2D86F199707E5BEEB8B.d.B1FF3739AA73DD08EF9628CC9F0D1F21.e.7768/click - {}
RESULT: {}
COMMAND: POST /session/7455601dddc232b6deafc0d190a18b4e/element - {"using":"css selector","value":"#shell-header-logo"}
COMMAND: GET /session/7455601dddc232b6deafc0d190a18b4e/screenshot - {}
RESULT: {"using":"css selector","value":"#shell-header-logo"}
COMMAND: POST /session/7455601dddc232b6deafc0d190a18b4e/element/f.8E6BFA2ED3A3A2D86F199707E5BEEB8B.d.B1FF3739AA73DD08EF9628CC9F0D1F21.e.7496/click - {}
RESULT: {}
RESULT: undefined
COMMAND: GET /session/7455601dddc232b6deafc0d190a18b4e/screenshot - {}
RESULT: {}
]]></system-out>
      <system-err><![CDATA[
element click intercepted: element click intercepted: Element <a id="shell-header-logo" role="button" title="Navigate to Home" class="sapUshellShellIco" href="#Shell-home">...</a> is not clickable at point (126, 22). Other element would receive the click: <div id="sap-ui-blocklayer-popup" tabindex="0" class="sapUiBLy" style="z-index: 829; visibility: visible; display: block;"></div>
  (Session info: chrome=136.0.7103.93)
    at async Context.<anonymous> (D:\a\1\s\test\specs\BTS\billing-transfer-intercompany.spec.js:90:9)
]]></system-err>
    </testcase>
    <testcase classname="chrome.136_0_7103_93.windows.Billing_Transfer_-_Master_data_&amp;_Intercompany_US127250" name="Should do Billing Transfer all the way into invoice open for intercompany case" time="57.51">
      <failure/>
      <error message="element (&quot;//input[contains(@id ,&quot;application-billingtransfer-display-component---billingWorkbench--smartFilterBar-btnBasicSearch&quot;)]&quot;) still not existing after 45000ms"/>
      <system-out><![CDATA[
COMMAND: POST /session/7455601dddc232b6deafc0d190a18b4e/execute/async - {"script":"<script> [1562 bytes]","args":[{"selector":{"controlType":"sap.m.GenericTile","properties":{"header":"Billing Transfer"}},"wdio_ui5_key":"sapm.GenericTile{\"header\":\"Billing Transfer\"}"}]}
COMMAND: GET /session/7455601dddc232b6deafc0d190a18b4e/screenshot - {}
RESULT: {"script":"<script> [1562 bytes]","args":[{"selector":{"controlType":"sap.m.GenericTile","properties":{"header":"Billing Transfer"}},"wdio_ui5_key":"sapm.GenericTile{\"header\":\"Billing Transfer\"}"}]}
RESULT: undefined
RESULT: {}
COMMAND: POST /session/7455601dddc232b6deafc0d190a18b4e/elements - {"using":"xpath","value":"//span[text()='Error']"}
RESULT: {"using":"xpath","value":"//span[text()='Error']"}
COMMAND: POST /session/7455601dddc232b6deafc0d190a18b4e/elements - {"using":"xpath","value":"//*[text()='Close']"}
RESULT: {"using":"xpath","value":"//*[text()='Close']"}
COMMAND: GET /session/7455601dddc232b6deafc0d190a18b4e/element/f.8E6BFA2ED3A3A2D86F199707E5BEEB8B.d.B1FF3739AA73DD08EF9628CC9F0D1F21.e.7774/enabled - {}
RESULT: {}
COMMAND: POST /session/7455601dddc232b6deafc0d190a18b4e/execute/sync - {"script":"<script> [8489 bytes]","args":[{"element-6066-11e4-a52e-4f735466cecf":"f.8E6BFA2ED3A3A2D86F199707E5BEEB8B.d.B1FF3739AA73DD08EF9628CC9F0D1F21.e.7774","ELEMENT":"f.8E6BFA2ED3A3A2D86F199707E5BEEB8B.d.B1FF3739AA73DD08EF9628CC9F0D1F21.e.7774"}]}
COMMAND: GET /session/7455601dddc232b6deafc0d190a18b4e/screenshot - {}
RESULT: {"script":"<script> [8489 bytes]","args":[{"element-6066-11e4-a52e-4f735466cecf":"f.8E6BFA2ED3A3A2D86F199707E5BEEB8B.d.B1FF3739AA73DD08EF9628CC9F0D1F21.e.7774","ELEMENT":"f.8E6BFA2ED3A3A2D86F199707E5BEEB8B.d.B1FF3739AA73DD08EF9628CC9F0D1F21.e.7774"}]}
COMMAND: POST /session/7455601dddc232b6deafc0d190a18b4e/execute/sync - {"script":"<script> [5351 bytes]","args":[{"element-6066-11e4-a52e-4f735466cecf":"f.8E6BFA2ED3A3A2D86F199707E5BEEB8B.d.B1FF3739AA73DD08EF9628CC9F0D1F21.e.7774","ELEMENT":"f.8E6BFA2ED3A3A2D86F199707E5BEEB8B.d.B1FF3739AA73DD08EF9628CC9F0D1F21.e.7774"}]}
COMMAND: GET /session/7455601dddc232b6deafc0d190a18b4e/screenshot - {}
RESULT: {}
RESULT: {"script":"<script> [5351 bytes]","args":[{"element-6066-11e4-a52e-4f735466cecf":"f.8E6BFA2ED3A3A2D86F199707E5BEEB8B.d.B1FF3739AA73DD08EF9628CC9F0D1F21.e.7774","ELEMENT":"f.8E6BFA2ED3A3A2D86F199707E5BEEB8B.d.B1FF3739AA73DD08EF9628CC9F0D1F21.e.7774"}]}
COMMAND: POST /session/7455601dddc232b6deafc0d190a18b4e/element/f.8E6BFA2ED3A3A2D86F199707E5BEEB8B.d.B1FF3739AA73DD08EF9628CC9F0D1F21.e.7774/click - {}
COMMAND: GET /session/7455601dddc232b6deafc0d190a18b4e/screenshot - {}
RESULT: {}
RESULT: {}
COMMAND: POST /session/7455601dddc232b6deafc0d190a18b4e/elements - {"using":"xpath","value":"//*[text()='OK']"}
COMMAND: GET /session/7455601dddc232b6deafc0d190a18b4e/screenshot - {}
RESULT: {}
RESULT: {"using":"xpath","value":"//*[text()='OK']"}
COMMAND: POST /session/7455601dddc232b6deafc0d190a18b4e/element - {"using":"xpath","value":"//input[contains(@id ,\"application-billingtransfer-display-component---billingWorkbench--smartFilterBar-btnBasicSearch\")]"}
RESULT: {}
RESULT: {"using":"xpath","value":"//input[contains(@id ,\"application-billingtransfer-display-component---billingWorkbench--smartFilterBar-btnBasicSearch\")]"}
COMMAND: POST /session/7455601dddc232b6deafc0d190a18b4e/elements - {"using":"xpath","value":"//input[contains(@id ,\"application-billingtransfer-display-component---billingWorkbench--smartFilterBar-btnBasicSearch\")]"}
RESULT: {"using":"xpath","value":"//input[contains(@id ,\"application-billingtransfer-display-component---billingWorkbench--smartFilterBar-btnBasicSearch\")]"}
COMMAND: POST /session/7455601dddc232b6deafc0d190a18b4e/elements - {"using":"xpath","value":"//input[contains(@id ,\"application-billingtransfer-display-component---billingWorkbench--smartFilterBar-btnBasicSearch\")]"}
RESULT: {"using":"xpath","value":"//input[contains(@id ,\"application-billingtransfer-display-component---billingWorkbench--smartFilterBar-btnBasicSearch\")]"}
COMMAND: POST /session/7455601dddc232b6deafc0d190a18b4e/elements - {"using":"xpath","value":"//input[contains(@id ,\"application-billingtransfer-display-component---billingWorkbench--smartFilterBar-btnBasicSearch\")]"}
RESULT: {"using":"xpath","value":"//input[contains(@id ,\"application-billingtransfer-display-component---billingWorkbench--smartFilterBar-btnBasicSearch\")]"}
COMMAND: POST /session/7455601dddc232b6deafc0d190a18b4e/elements - {"using":"xpath","value":"//input[contains(@id ,\"application-billingtransfer-display-component---billingWorkbench--smartFilterBar-btnBasicSearch\")]"}
RESULT: {"using":"xpath","value":"//input[contains(@id ,\"application-billingtransfer-display-component---billingWorkbench--smartFilterBar-btnBasicSearch\")]"}
COMMAND: POST /session/7455601dddc232b6deafc0d190a18b4e/elements - {"using":"xpath","value":"//input[contains(@id ,\"application-billingtransfer-display-component---billingWorkbench--smartFilterBar-btnBasicSearch\")]"}
RESULT: {"using":"xpath","value":"//input[contains(@id ,\"application-billingtransfer-display-component---billingWorkbench--smartFilterBar-btnBasicSearch\")]"}
COMMAND: POST /session/7455601dddc232b6deafc0d190a18b4e/elements - {"using":"xpath","value":"//input[contains(@id ,\"application-billingtransfer-display-component---billingWorkbench--smartFilterBar-btnBasicSearch\")]"}
RESULT: {"using":"xpath","value":"//input[contains(@id ,\"application-billingtransfer-display-component---billingWorkbench--smartFilterBar-btnBasicSearch\")]"}
COMMAND: POST /session/7455601dddc232b6deafc0d190a18b4e/elements - {"using":"xpath","value":"//input[contains(@id ,\"application-billingtransfer-display-component---billingWorkbench--smartFilterBar-btnBasicSearch\")]"}
RESULT: {"using":"xpath","value":"//input[contains(@id ,\"application-billingtransfer-display-component---billingWorkbench--smartFilterBar-btnBasicSearch\")]"}
COMMAND: POST /session/7455601dddc232b6deafc0d190a18b4e/elements - {"using":"xpath","value":"//input[contains(@id ,\"application-billingtransfer-display-component---billingWorkbench--smartFilterBar-btnBasicSearch\")]"}
RESULT: {"using":"xpath","value":"//input[contains(@id ,\"application-billingtransfer-display-component---billingWorkbench--smartFilterBar-btnBasicSearch\")]"}
COMMAND: POST /session/7455601dddc232b6deafc0d190a18b4e/elements - {"using":"xpath","value":"//input[contains(@id ,\"application-billingtransfer-display-component---billingWorkbench--smartFilterBar-btnBasicSearch\")]"}
RESULT: {"using":"xpath","value":"//input[contains(@id ,\"application-billingtransfer-display-component---billingWorkbench--smartFilterBar-btnBasicSearch\")]"}
COMMAND: POST /session/7455601dddc232b6deafc0d190a18b4e/elements - {"using":"xpath","value":"//input[contains(@id ,\"application-billingtransfer-display-component---billingWorkbench--smartFilterBar-btnBasicSearch\")]"}
RESULT: {"using":"xpath","value":"//input[contains(@id ,\"application-billingtransfer-display-component---billingWorkbench--smartFilterBar-btnBasicSearch\")]"}
COMMAND: POST /session/7455601dddc232b6deafc0d190a18b4e/elements - {"using":"xpath","value":"//input[contains(@id ,\"application-billingtransfer-display-component---billingWorkbench--smartFilterBar-btnBasicSearch\")]"}
RESULT: {"using":"xpath","value":"//input[contains(@id ,\"application-billingtransfer-display-component---billingWorkbench--smartFilterBar-btnBasicSearch\")]"}
COMMAND: POST /session/7455601dddc232b6deafc0d190a18b4e/elements - {"using":"xpath","value":"//input[contains(@id ,\"application-billingtransfer-display-component---billingWorkbench--smartFilterBar-btnBasicSearch\")]"}
RESULT: {"using":"xpath","value":"//input[contains(@id ,\"application-billingtransfer-display-component---billingWorkbench--smartFilterBar-btnBasicSearch\")]"}
COMMAND: POST /session/7455601dddc232b6deafc0d190a18b4e/elements - {"using":"xpath","value":"//input[contains(@id ,\"application-billingtransfer-display-component---billingWorkbench--smartFilterBar-btnBasicSearch\")]"}
RESULT: {"using":"xpath","value":"//input[contains(@id ,\"application-billingtransfer-display-component---billingWorkbench--smartFilterBar-btnBasicSearch\")]"}
COMMAND: POST /session/7455601dddc232b6deafc0d190a18b4e/elements - {"using":"xpath","value":"//input[contains(@id ,\"application-billingtransfer-display-component---billingWorkbench--smartFilterBar-btnBasicSearch\")]"}
RESULT: {"using":"xpath","value":"//input[contains(@id ,\"application-billingtransfer-display-component---billingWorkbench--smartFilterBar-btnBasicSearch\")]"}
COMMAND: POST /session/7455601dddc232b6deafc0d190a18b4e/elements - {"using":"xpath","value":"//input[contains(@id ,\"application-billingtransfer-display-component---billingWorkbench--smartFilterBar-btnBasicSearch\")]"}
RESULT: {"using":"xpath","value":"//input[contains(@id ,\"application-billingtransfer-display-component---billingWorkbench--smartFilterBar-btnBasicSearch\")]"}
COMMAND: POST /session/7455601dddc232b6deafc0d190a18b4e/elements - {"using":"xpath","value":"//input[contains(@id ,\"application-billingtransfer-display-component---billingWorkbench--smartFilterBar-btnBasicSearch\")]"}
RESULT: {"using":"xpath","value":"//input[contains(@id ,\"application-billingtransfer-display-component---billingWorkbench--smartFilterBar-btnBasicSearch\")]"}
COMMAND: POST /session/7455601dddc232b6deafc0d190a18b4e/elements - {"using":"xpath","value":"//input[contains(@id ,\"application-billingtransfer-display-component---billingWorkbench--smartFilterBar-btnBasicSearch\")]"}
RESULT: {"using":"xpath","value":"//input[contains(@id ,\"application-billingtransfer-display-component---billingWorkbench--smartFilterBar-btnBasicSearch\")]"}
COMMAND: POST /session/7455601dddc232b6deafc0d190a18b4e/elements - {"using":"xpath","value":"//input[contains(@id ,\"application-billingtransfer-display-component---billingWorkbench--smartFilterBar-btnBasicSearch\")]"}
RESULT: {"using":"xpath","value":"//input[contains(@id ,\"application-billingtransfer-display-component---billingWorkbench--smartFilterBar-btnBasicSearch\")]"}
COMMAND: POST /session/7455601dddc232b6deafc0d190a18b4e/elements - {"using":"xpath","value":"//input[contains(@id ,\"application-billingtransfer-display-component---billingWorkbench--smartFilterBar-btnBasicSearch\")]"}
RESULT: {"using":"xpath","value":"//input[contains(@id ,\"application-billingtransfer-display-component---billingWorkbench--smartFilterBar-btnBasicSearch\")]"}
COMMAND: POST /session/7455601dddc232b6deafc0d190a18b4e/elements - {"using":"xpath","value":"//input[contains(@id ,\"application-billingtransfer-display-component---billingWorkbench--smartFilterBar-btnBasicSearch\")]"}
RESULT: {"using":"xpath","value":"//input[contains(@id ,\"application-billingtransfer-display-component---billingWorkbench--smartFilterBar-btnBasicSearch\")]"}
COMMAND: POST /session/7455601dddc232b6deafc0d190a18b4e/elements - {"using":"xpath","value":"//input[contains(@id ,\"application-billingtransfer-display-component---billingWorkbench--smartFilterBar-btnBasicSearch\")]"}
RESULT: {"using":"xpath","value":"//input[contains(@id ,\"application-billingtransfer-display-component---billingWorkbench--smartFilterBar-btnBasicSearch\")]"}
COMMAND: POST /session/7455601dddc232b6deafc0d190a18b4e/elements - {"using":"xpath","value":"//input[contains(@id ,\"application-billingtransfer-display-component---billingWorkbench--smartFilterBar-btnBasicSearch\")]"}
RESULT: {"using":"xpath","value":"//input[contains(@id ,\"application-billingtransfer-display-component---billingWorkbench--smartFilterBar-btnBasicSearch\")]"}
COMMAND: POST /session/7455601dddc232b6deafc0d190a18b4e/elements - {"using":"xpath","value":"//input[contains(@id ,\"application-billingtransfer-display-component---billingWorkbench--smartFilterBar-btnBasicSearch\")]"}
RESULT: {"using":"xpath","value":"//input[contains(@id ,\"application-billingtransfer-display-component---billingWorkbench--smartFilterBar-btnBasicSearch\")]"}
COMMAND: POST /session/7455601dddc232b6deafc0d190a18b4e/elements - {"using":"xpath","value":"//input[contains(@id ,\"application-billingtransfer-display-component---billingWorkbench--smartFilterBar-btnBasicSearch\")]"}
RESULT: {"using":"xpath","value":"//input[contains(@id ,\"application-billingtransfer-display-component---billingWorkbench--smartFilterBar-btnBasicSearch\")]"}
COMMAND: POST /session/7455601dddc232b6deafc0d190a18b4e/elements - {"using":"xpath","value":"//input[contains(@id ,\"application-billingtransfer-display-component---billingWorkbench--smartFilterBar-btnBasicSearch\")]"}
RESULT: {"using":"xpath","value":"//input[contains(@id ,\"application-billingtransfer-display-component---billingWorkbench--smartFilterBar-btnBasicSearch\")]"}
COMMAND: POST /session/7455601dddc232b6deafc0d190a18b4e/elements - {"using":"xpath","value":"//input[contains(@id ,\"application-billingtransfer-display-component---billingWorkbench--smartFilterBar-btnBasicSearch\")]"}
RESULT: {"using":"xpath","value":"//input[contains(@id ,\"application-billingtransfer-display-component---billingWorkbench--smartFilterBar-btnBasicSearch\")]"}
COMMAND: POST /session/7455601dddc232b6deafc0d190a18b4e/elements - {"using":"xpath","value":"//input[contains(@id ,\"application-billingtransfer-display-component---billingWorkbench--smartFilterBar-btnBasicSearch\")]"}
RESULT: {"using":"xpath","value":"//input[contains(@id ,\"application-billingtransfer-display-component---billingWorkbench--smartFilterBar-btnBasicSearch\")]"}
COMMAND: POST /session/7455601dddc232b6deafc0d190a18b4e/elements - {"using":"xpath","value":"//input[contains(@id ,\"application-billingtransfer-display-component---billingWorkbench--smartFilterBar-btnBasicSearch\")]"}
RESULT: {"using":"xpath","value":"//input[contains(@id ,\"application-billingtransfer-display-component---billingWorkbench--smartFilterBar-btnBasicSearch\")]"}
COMMAND: POST /session/7455601dddc232b6deafc0d190a18b4e/elements - {"using":"xpath","value":"//input[contains(@id ,\"application-billingtransfer-display-component---billingWorkbench--smartFilterBar-btnBasicSearch\")]"}
RESULT: {"using":"xpath","value":"//input[contains(@id ,\"application-billingtransfer-display-component---billingWorkbench--smartFilterBar-btnBasicSearch\")]"}
COMMAND: POST /session/7455601dddc232b6deafc0d190a18b4e/elements - {"using":"xpath","value":"//input[contains(@id ,\"application-billingtransfer-display-component---billingWorkbench--smartFilterBar-btnBasicSearch\")]"}
RESULT: {"using":"xpath","value":"//input[contains(@id ,\"application-billingtransfer-display-component---billingWorkbench--smartFilterBar-btnBasicSearch\")]"}
COMMAND: POST /session/7455601dddc232b6deafc0d190a18b4e/elements - {"using":"xpath","value":"//input[contains(@id ,\"application-billingtransfer-display-component---billingWorkbench--smartFilterBar-btnBasicSearch\")]"}
RESULT: {"using":"xpath","value":"//input[contains(@id ,\"application-billingtransfer-display-component---billingWorkbench--smartFilterBar-btnBasicSearch\")]"}
COMMAND: POST /session/7455601dddc232b6deafc0d190a18b4e/elements - {"using":"xpath","value":"//input[contains(@id ,\"application-billingtransfer-display-component---billingWorkbench--smartFilterBar-btnBasicSearch\")]"}
RESULT: {"using":"xpath","value":"//input[contains(@id ,\"application-billingtransfer-display-component---billingWorkbench--smartFilterBar-btnBasicSearch\")]"}
COMMAND: POST /session/7455601dddc232b6deafc0d190a18b4e/elements - {"using":"xpath","value":"//input[contains(@id ,\"application-billingtransfer-display-component---billingWorkbench--smartFilterBar-btnBasicSearch\")]"}
RESULT: {"using":"xpath","value":"//input[contains(@id ,\"application-billingtransfer-display-component---billingWorkbench--smartFilterBar-btnBasicSearch\")]"}
COMMAND: POST /session/7455601dddc232b6deafc0d190a18b4e/elements - {"using":"xpath","value":"//input[contains(@id ,\"application-billingtransfer-display-component---billingWorkbench--smartFilterBar-btnBasicSearch\")]"}
RESULT: {"using":"xpath","value":"//input[contains(@id ,\"application-billingtransfer-display-component---billingWorkbench--smartFilterBar-btnBasicSearch\")]"}
COMMAND: POST /session/7455601dddc232b6deafc0d190a18b4e/elements - {"using":"xpath","value":"//input[contains(@id ,\"application-billingtransfer-display-component---billingWorkbench--smartFilterBar-btnBasicSearch\")]"}
RESULT: {"using":"xpath","value":"//input[contains(@id ,\"application-billingtransfer-display-component---billingWorkbench--smartFilterBar-btnBasicSearch\")]"}
COMMAND: POST /session/7455601dddc232b6deafc0d190a18b4e/elements - {"using":"xpath","value":"//input[contains(@id ,\"application-billingtransfer-display-component---billingWorkbench--smartFilterBar-btnBasicSearch\")]"}
RESULT: {"using":"xpath","value":"//input[contains(@id ,\"application-billingtransfer-display-component---billingWorkbench--smartFilterBar-btnBasicSearch\")]"}
COMMAND: POST /session/7455601dddc232b6deafc0d190a18b4e/elements - {"using":"xpath","value":"//input[contains(@id ,\"application-billingtransfer-display-component---billingWorkbench--smartFilterBar-btnBasicSearch\")]"}
RESULT: {"using":"xpath","value":"//input[contains(@id ,\"application-billingtransfer-display-component---billingWorkbench--smartFilterBar-btnBasicSearch\")]"}
COMMAND: POST /session/7455601dddc232b6deafc0d190a18b4e/elements - {"using":"xpath","value":"//input[contains(@id ,\"application-billingtransfer-display-component---billingWorkbench--smartFilterBar-btnBasicSearch\")]"}
RESULT: {"using":"xpath","value":"//input[contains(@id ,\"application-billingtransfer-display-component---billingWorkbench--smartFilterBar-btnBasicSearch\")]"}
COMMAND: POST /session/7455601dddc232b6deafc0d190a18b4e/elements - {"using":"xpath","value":"//input[contains(@id ,\"application-billingtransfer-display-component---billingWorkbench--smartFilterBar-btnBasicSearch\")]"}
RESULT: {"using":"xpath","value":"//input[contains(@id ,\"application-billingtransfer-display-component---billingWorkbench--smartFilterBar-btnBasicSearch\")]"}
COMMAND: POST /session/7455601dddc232b6deafc0d190a18b4e/elements - {"using":"xpath","value":"//input[contains(@id ,\"application-billingtransfer-display-component---billingWorkbench--smartFilterBar-btnBasicSearch\")]"}
RESULT: {"using":"xpath","value":"//input[contains(@id ,\"application-billingtransfer-display-component---billingWorkbench--smartFilterBar-btnBasicSearch\")]"}
COMMAND: POST /session/7455601dddc232b6deafc0d190a18b4e/elements - {"using":"xpath","value":"//input[contains(@id ,\"application-billingtransfer-display-component---billingWorkbench--smartFilterBar-btnBasicSearch\")]"}
RESULT: {"using":"xpath","value":"//input[contains(@id ,\"application-billingtransfer-display-component---billingWorkbench--smartFilterBar-btnBasicSearch\")]"}
COMMAND: POST /session/7455601dddc232b6deafc0d190a18b4e/elements - {"using":"xpath","value":"//input[contains(@id ,\"application-billingtransfer-display-component---billingWorkbench--smartFilterBar-btnBasicSearch\")]"}
RESULT: {"using":"xpath","value":"//input[contains(@id ,\"application-billingtransfer-display-component---billingWorkbench--smartFilterBar-btnBasicSearch\")]"}
COMMAND: POST /session/7455601dddc232b6deafc0d190a18b4e/elements - {"using":"xpath","value":"//input[contains(@id ,\"application-billingtransfer-display-component---billingWorkbench--smartFilterBar-btnBasicSearch\")]"}
RESULT: {"using":"xpath","value":"//input[contains(@id ,\"application-billingtransfer-display-component---billingWorkbench--smartFilterBar-btnBasicSearch\")]"}
COMMAND: POST /session/7455601dddc232b6deafc0d190a18b4e/elements - {"using":"xpath","value":"//input[contains(@id ,\"application-billingtransfer-display-component---billingWorkbench--smartFilterBar-btnBasicSearch\")]"}
RESULT: {"using":"xpath","value":"//input[contains(@id ,\"application-billingtransfer-display-component---billingWorkbench--smartFilterBar-btnBasicSearch\")]"}
COMMAND: POST /session/7455601dddc232b6deafc0d190a18b4e/elements - {"using":"xpath","value":"//input[contains(@id ,\"application-billingtransfer-display-component---billingWorkbench--smartFilterBar-btnBasicSearch\")]"}
RESULT: {"using":"xpath","value":"//input[contains(@id ,\"application-billingtransfer-display-component---billingWorkbench--smartFilterBar-btnBasicSearch\")]"}
COMMAND: POST /session/7455601dddc232b6deafc0d190a18b4e/elements - {"using":"xpath","value":"//input[contains(@id ,\"application-billingtransfer-display-component---billingWorkbench--smartFilterBar-btnBasicSearch\")]"}
RESULT: {"using":"xpath","value":"//input[contains(@id ,\"application-billingtransfer-display-component---billingWorkbench--smartFilterBar-btnBasicSearch\")]"}
COMMAND: POST /session/7455601dddc232b6deafc0d190a18b4e/elements - {"using":"xpath","value":"//input[contains(@id ,\"application-billingtransfer-display-component---billingWorkbench--smartFilterBar-btnBasicSearch\")]"}
RESULT: {"using":"xpath","value":"//input[contains(@id ,\"application-billingtransfer-display-component---billingWorkbench--smartFilterBar-btnBasicSearch\")]"}
COMMAND: POST /session/7455601dddc232b6deafc0d190a18b4e/elements - {"using":"xpath","value":"//input[contains(@id ,\"application-billingtransfer-display-component---billingWorkbench--smartFilterBar-btnBasicSearch\")]"}
RESULT: {"using":"xpath","value":"//input[contains(@id ,\"application-billingtransfer-display-component---billingWorkbench--smartFilterBar-btnBasicSearch\")]"}
COMMAND: POST /session/7455601dddc232b6deafc0d190a18b4e/elements - {"using":"xpath","value":"//input[contains(@id ,\"application-billingtransfer-display-component---billingWorkbench--smartFilterBar-btnBasicSearch\")]"}
RESULT: {"using":"xpath","value":"//input[contains(@id ,\"application-billingtransfer-display-component---billingWorkbench--smartFilterBar-btnBasicSearch\")]"}
COMMAND: POST /session/7455601dddc232b6deafc0d190a18b4e/elements - {"using":"xpath","value":"//input[contains(@id ,\"application-billingtransfer-display-component---billingWorkbench--smartFilterBar-btnBasicSearch\")]"}
RESULT: {"using":"xpath","value":"//input[contains(@id ,\"application-billingtransfer-display-component---billingWorkbench--smartFilterBar-btnBasicSearch\")]"}
COMMAND: POST /session/7455601dddc232b6deafc0d190a18b4e/elements - {"using":"xpath","value":"//input[contains(@id ,\"application-billingtransfer-display-component---billingWorkbench--smartFilterBar-btnBasicSearch\")]"}
RESULT: {"using":"xpath","value":"//input[contains(@id ,\"application-billingtransfer-display-component---billingWorkbench--smartFilterBar-btnBasicSearch\")]"}
COMMAND: POST /session/7455601dddc232b6deafc0d190a18b4e/elements - {"using":"xpath","value":"//input[contains(@id ,\"application-billingtransfer-display-component---billingWorkbench--smartFilterBar-btnBasicSearch\")]"}
RESULT: {"using":"xpath","value":"//input[contains(@id ,\"application-billingtransfer-display-component---billingWorkbench--smartFilterBar-btnBasicSearch\")]"}
COMMAND: POST /session/7455601dddc232b6deafc0d190a18b4e/elements - {"using":"xpath","value":"//input[contains(@id ,\"application-billingtransfer-display-component---billingWorkbench--smartFilterBar-btnBasicSearch\")]"}
RESULT: {"using":"xpath","value":"//input[contains(@id ,\"application-billingtransfer-display-component---billingWorkbench--smartFilterBar-btnBasicSearch\")]"}
COMMAND: POST /session/7455601dddc232b6deafc0d190a18b4e/elements - {"using":"xpath","value":"//input[contains(@id ,\"application-billingtransfer-display-component---billingWorkbench--smartFilterBar-btnBasicSearch\")]"}
RESULT: {"using":"xpath","value":"//input[contains(@id ,\"application-billingtransfer-display-component---billingWorkbench--smartFilterBar-btnBasicSearch\")]"}
COMMAND: POST /session/7455601dddc232b6deafc0d190a18b4e/elements - {"using":"xpath","value":"//input[contains(@id ,\"application-billingtransfer-display-component---billingWorkbench--smartFilterBar-btnBasicSearch\")]"}
RESULT: {"using":"xpath","value":"//input[contains(@id ,\"application-billingtransfer-display-component---billingWorkbench--smartFilterBar-btnBasicSearch\")]"}
COMMAND: POST /session/7455601dddc232b6deafc0d190a18b4e/elements - {"using":"xpath","value":"//input[contains(@id ,\"application-billingtransfer-display-component---billingWorkbench--smartFilterBar-btnBasicSearch\")]"}
RESULT: {"using":"xpath","value":"//input[contains(@id ,\"application-billingtransfer-display-component---billingWorkbench--smartFilterBar-btnBasicSearch\")]"}
COMMAND: POST /session/7455601dddc232b6deafc0d190a18b4e/elements - {"using":"xpath","value":"//input[contains(@id ,\"application-billingtransfer-display-component---billingWorkbench--smartFilterBar-btnBasicSearch\")]"}
RESULT: {"using":"xpath","value":"//input[contains(@id ,\"application-billingtransfer-display-component---billingWorkbench--smartFilterBar-btnBasicSearch\")]"}
COMMAND: POST /session/7455601dddc232b6deafc0d190a18b4e/elements - {"using":"xpath","value":"//input[contains(@id ,\"application-billingtransfer-display-component---billingWorkbench--smartFilterBar-btnBasicSearch\")]"}
RESULT: {"using":"xpath","value":"//input[contains(@id ,\"application-billingtransfer-display-component---billingWorkbench--smartFilterBar-btnBasicSearch\")]"}
COMMAND: POST /session/7455601dddc232b6deafc0d190a18b4e/elements - {"using":"xpath","value":"//input[contains(@id ,\"application-billingtransfer-display-component---billingWorkbench--smartFilterBar-btnBasicSearch\")]"}
RESULT: {"using":"xpath","value":"//input[contains(@id ,\"application-billingtransfer-display-component---billingWorkbench--smartFilterBar-btnBasicSearch\")]"}
COMMAND: POST /session/7455601dddc232b6deafc0d190a18b4e/elements - {"using":"xpath","value":"//input[contains(@id ,\"application-billingtransfer-display-component---billingWorkbench--smartFilterBar-btnBasicSearch\")]"}
RESULT: {"using":"xpath","value":"//input[contains(@id ,\"application-billingtransfer-display-component---billingWorkbench--smartFilterBar-btnBasicSearch\")]"}
COMMAND: POST /session/7455601dddc232b6deafc0d190a18b4e/elements - {"using":"xpath","value":"//input[contains(@id ,\"application-billingtransfer-display-component---billingWorkbench--smartFilterBar-btnBasicSearch\")]"}
RESULT: {"using":"xpath","value":"//input[contains(@id ,\"application-billingtransfer-display-component---billingWorkbench--smartFilterBar-btnBasicSearch\")]"}
COMMAND: POST /session/7455601dddc232b6deafc0d190a18b4e/elements - {"using":"xpath","value":"//input[contains(@id ,\"application-billingtransfer-display-component---billingWorkbench--smartFilterBar-btnBasicSearch\")]"}
RESULT: {"using":"xpath","value":"//input[contains(@id ,\"application-billingtransfer-display-component---billingWorkbench--smartFilterBar-btnBasicSearch\")]"}
COMMAND: POST /session/7455601dddc232b6deafc0d190a18b4e/elements - {"using":"xpath","value":"//input[contains(@id ,\"application-billingtransfer-display-component---billingWorkbench--smartFilterBar-btnBasicSearch\")]"}
RESULT: {"using":"xpath","value":"//input[contains(@id ,\"application-billingtransfer-display-component---billingWorkbench--smartFilterBar-btnBasicSearch\")]"}
COMMAND: POST /session/7455601dddc232b6deafc0d190a18b4e/elements - {"using":"xpath","value":"//input[contains(@id ,\"application-billingtransfer-display-component---billingWorkbench--smartFilterBar-btnBasicSearch\")]"}
RESULT: {"using":"xpath","value":"//input[contains(@id ,\"application-billingtransfer-display-component---billingWorkbench--smartFilterBar-btnBasicSearch\")]"}
COMMAND: POST /session/7455601dddc232b6deafc0d190a18b4e/elements - {"using":"xpath","value":"//input[contains(@id ,\"application-billingtransfer-display-component---billingWorkbench--smartFilterBar-btnBasicSearch\")]"}
RESULT: {"using":"xpath","value":"//input[contains(@id ,\"application-billingtransfer-display-component---billingWorkbench--smartFilterBar-btnBasicSearch\")]"}
COMMAND: POST /session/7455601dddc232b6deafc0d190a18b4e/elements - {"using":"xpath","value":"//input[contains(@id ,\"application-billingtransfer-display-component---billingWorkbench--smartFilterBar-btnBasicSearch\")]"}
RESULT: {"using":"xpath","value":"//input[contains(@id ,\"application-billingtransfer-display-component---billingWorkbench--smartFilterBar-btnBasicSearch\")]"}
COMMAND: POST /session/7455601dddc232b6deafc0d190a18b4e/elements - {"using":"xpath","value":"//input[contains(@id ,\"application-billingtransfer-display-component---billingWorkbench--smartFilterBar-btnBasicSearch\")]"}
RESULT: {"using":"xpath","value":"//input[contains(@id ,\"application-billingtransfer-display-component---billingWorkbench--smartFilterBar-btnBasicSearch\")]"}
COMMAND: POST /session/7455601dddc232b6deafc0d190a18b4e/elements - {"using":"xpath","value":"//input[contains(@id ,\"application-billingtransfer-display-component---billingWorkbench--smartFilterBar-btnBasicSearch\")]"}
RESULT: {"using":"xpath","value":"//input[contains(@id ,\"application-billingtransfer-display-component---billingWorkbench--smartFilterBar-btnBasicSearch\")]"}
COMMAND: POST /session/7455601dddc232b6deafc0d190a18b4e/elements - {"using":"xpath","value":"//input[contains(@id ,\"application-billingtransfer-display-component---billingWorkbench--smartFilterBar-btnBasicSearch\")]"}
RESULT: {"using":"xpath","value":"//input[contains(@id ,\"application-billingtransfer-display-component---billingWorkbench--smartFilterBar-btnBasicSearch\")]"}
COMMAND: POST /session/7455601dddc232b6deafc0d190a18b4e/elements - {"using":"xpath","value":"//input[contains(@id ,\"application-billingtransfer-display-component---billingWorkbench--smartFilterBar-btnBasicSearch\")]"}
RESULT: {"using":"xpath","value":"//input[contains(@id ,\"application-billingtransfer-display-component---billingWorkbench--smartFilterBar-btnBasicSearch\")]"}
COMMAND: POST /session/7455601dddc232b6deafc0d190a18b4e/elements - {"using":"xpath","value":"//input[contains(@id ,\"application-billingtransfer-display-component---billingWorkbench--smartFilterBar-btnBasicSearch\")]"}
RESULT: {"using":"xpath","value":"//input[contains(@id ,\"application-billingtransfer-display-component---billingWorkbench--smartFilterBar-btnBasicSearch\")]"}
COMMAND: POST /session/7455601dddc232b6deafc0d190a18b4e/elements - {"using":"xpath","value":"//input[contains(@id ,\"application-billingtransfer-display-component---billingWorkbench--smartFilterBar-btnBasicSearch\")]"}
RESULT: {"using":"xpath","value":"//input[contains(@id ,\"application-billingtransfer-display-component---billingWorkbench--smartFilterBar-btnBasicSearch\")]"}
COMMAND: POST /session/7455601dddc232b6deafc0d190a18b4e/elements - {"using":"xpath","value":"//input[contains(@id ,\"application-billingtransfer-display-component---billingWorkbench--smartFilterBar-btnBasicSearch\")]"}
RESULT: {"using":"xpath","value":"//input[contains(@id ,\"application-billingtransfer-display-component---billingWorkbench--smartFilterBar-btnBasicSearch\")]"}
COMMAND: POST /session/7455601dddc232b6deafc0d190a18b4e/elements - {"using":"xpath","value":"//input[contains(@id ,\"application-billingtransfer-display-component---billingWorkbench--smartFilterBar-btnBasicSearch\")]"}
RESULT: {"using":"xpath","value":"//input[contains(@id ,\"application-billingtransfer-display-component---billingWorkbench--smartFilterBar-btnBasicSearch\")]"}
COMMAND: POST /session/7455601dddc232b6deafc0d190a18b4e/elements - {"using":"xpath","value":"//input[contains(@id ,\"application-billingtransfer-display-component---billingWorkbench--smartFilterBar-btnBasicSearch\")]"}
RESULT: {"using":"xpath","value":"//input[contains(@id ,\"application-billingtransfer-display-component---billingWorkbench--smartFilterBar-btnBasicSearch\")]"}
COMMAND: POST /session/7455601dddc232b6deafc0d190a18b4e/elements - {"using":"xpath","value":"//input[contains(@id ,\"application-billingtransfer-display-component---billingWorkbench--smartFilterBar-btnBasicSearch\")]"}
RESULT: {"using":"xpath","value":"//input[contains(@id ,\"application-billingtransfer-display-component---billingWorkbench--smartFilterBar-btnBasicSearch\")]"}
COMMAND: POST /session/7455601dddc232b6deafc0d190a18b4e/elements - {"using":"xpath","value":"//input[contains(@id ,\"application-billingtransfer-display-component---billingWorkbench--smartFilterBar-btnBasicSearch\")]"}
RESULT: {"using":"xpath","value":"//input[contains(@id ,\"application-billingtransfer-display-component---billingWorkbench--smartFilterBar-btnBasicSearch\")]"}
COMMAND: POST /session/7455601dddc232b6deafc0d190a18b4e/elements - {"using":"xpath","value":"//input[contains(@id ,\"application-billingtransfer-display-component---billingWorkbench--smartFilterBar-btnBasicSearch\")]"}
RESULT: {"using":"xpath","value":"//input[contains(@id ,\"application-billingtransfer-display-component---billingWorkbench--smartFilterBar-btnBasicSearch\")]"}
COMMAND: POST /session/7455601dddc232b6deafc0d190a18b4e/elements - {"using":"xpath","value":"//input[contains(@id ,\"application-billingtransfer-display-component---billingWorkbench--smartFilterBar-btnBasicSearch\")]"}
RESULT: {"using":"xpath","value":"//input[contains(@id ,\"application-billingtransfer-display-component---billingWorkbench--smartFilterBar-btnBasicSearch\")]"}
COMMAND: POST /session/7455601dddc232b6deafc0d190a18b4e/elements - {"using":"xpath","value":"//input[contains(@id ,\"application-billingtransfer-display-component---billingWorkbench--smartFilterBar-btnBasicSearch\")]"}
RESULT: {"using":"xpath","value":"//input[contains(@id ,\"application-billingtransfer-display-component---billingWorkbench--smartFilterBar-btnBasicSearch\")]"}
COMMAND: POST /session/7455601dddc232b6deafc0d190a18b4e/elements - {"using":"xpath","value":"//input[contains(@id ,\"application-billingtransfer-display-component---billingWorkbench--smartFilterBar-btnBasicSearch\")]"}
RESULT: {"using":"xpath","value":"//input[contains(@id ,\"application-billingtransfer-display-component---billingWorkbench--smartFilterBar-btnBasicSearch\")]"}
COMMAND: POST /session/7455601dddc232b6deafc0d190a18b4e/elements - {"using":"xpath","value":"//input[contains(@id ,\"application-billingtransfer-display-component---billingWorkbench--smartFilterBar-btnBasicSearch\")]"}
RESULT: {"using":"xpath","value":"//input[contains(@id ,\"application-billingtransfer-display-component---billingWorkbench--smartFilterBar-btnBasicSearch\")]"}
COMMAND: POST /session/7455601dddc232b6deafc0d190a18b4e/elements - {"using":"xpath","value":"//input[contains(@id ,\"application-billingtransfer-display-component---billingWorkbench--smartFilterBar-btnBasicSearch\")]"}
RESULT: {"using":"xpath","value":"//input[contains(@id ,\"application-billingtransfer-display-component---billingWorkbench--smartFilterBar-btnBasicSearch\")]"}
COMMAND: POST /session/7455601dddc232b6deafc0d190a18b4e/elements - {"using":"xpath","value":"//input[contains(@id ,\"application-billingtransfer-display-component---billingWorkbench--smartFilterBar-btnBasicSearch\")]"}
RESULT: {"using":"xpath","value":"//input[contains(@id ,\"application-billingtransfer-display-component---billingWorkbench--smartFilterBar-btnBasicSearch\")]"}
COMMAND: POST /session/7455601dddc232b6deafc0d190a18b4e/elements - {"using":"xpath","value":"//input[contains(@id ,\"application-billingtransfer-display-component---billingWorkbench--smartFilterBar-btnBasicSearch\")]"}
RESULT: {"using":"xpath","value":"//input[contains(@id ,\"application-billingtransfer-display-component---billingWorkbench--smartFilterBar-btnBasicSearch\")]"}
COMMAND: POST /session/7455601dddc232b6deafc0d190a18b4e/elements - {"using":"xpath","value":"//input[contains(@id ,\"application-billingtransfer-display-component---billingWorkbench--smartFilterBar-btnBasicSearch\")]"}
RESULT: {"using":"xpath","value":"//input[contains(@id ,\"application-billingtransfer-display-component---billingWorkbench--smartFilterBar-btnBasicSearch\")]"}
COMMAND: POST /session/7455601dddc232b6deafc0d190a18b4e/elements - {"using":"xpath","value":"//input[contains(@id ,\"application-billingtransfer-display-component---billingWorkbench--smartFilterBar-btnBasicSearch\")]"}
RESULT: {"using":"xpath","value":"//input[contains(@id ,\"application-billingtransfer-display-component---billingWorkbench--smartFilterBar-btnBasicSearch\")]"}
COMMAND: POST /session/7455601dddc232b6deafc0d190a18b4e/elements - {"using":"xpath","value":"//input[contains(@id ,\"application-billingtransfer-display-component---billingWorkbench--smartFilterBar-btnBasicSearch\")]"}
RESULT: {"using":"xpath","value":"//input[contains(@id ,\"application-billingtransfer-display-component---billingWorkbench--smartFilterBar-btnBasicSearch\")]"}
COMMAND: POST /session/7455601dddc232b6deafc0d190a18b4e/elements - {"using":"xpath","value":"//input[contains(@id ,\"application-billingtransfer-display-component---billingWorkbench--smartFilterBar-btnBasicSearch\")]"}
RESULT: {"using":"xpath","value":"//input[contains(@id ,\"application-billingtransfer-display-component---billingWorkbench--smartFilterBar-btnBasicSearch\")]"}
COMMAND: POST /session/7455601dddc232b6deafc0d190a18b4e/elements - {"using":"xpath","value":"//input[contains(@id ,\"application-billingtransfer-display-component---billingWorkbench--smartFilterBar-btnBasicSearch\")]"}
RESULT: {"using":"xpath","value":"//input[contains(@id ,\"application-billingtransfer-display-component---billingWorkbench--smartFilterBar-btnBasicSearch\")]"}
COMMAND: GET /session/7455601dddc232b6deafc0d190a18b4e/screenshot - {}
RESULT: {}
COMMAND: POST /session/7455601dddc232b6deafc0d190a18b4e/element - {"using":"css selector","value":"#j_username"}
COMMAND: POST /session/7455601dddc232b6deafc0d190a18b4e/url - {"url":"https://qa-testing-00-live-etm-ui.cfapps.eu10-004.hana.ondemand.com/"}
COMMAND: GET /session/7455601dddc232b6deafc0d190a18b4e/screenshot - {}
COMMAND: GET /session/7455601dddc232b6deafc0d190a18b4e/screenshot - {}
RESULT: {}
RESULT: {}
RESULT: {"url":"https://qa-testing-00-live-etm-ui.cfapps.eu10-004.hana.ondemand.com/"}
RESULT: undefined
COMMAND: GET /session/7455601dddc232b6deafc0d190a18b4e/screenshot - {}
RESULT: {"using":"css selector","value":"#j_username"}
COMMAND: POST /session/7455601dddc232b6deafc0d190a18b4e/element - {"using":"css selector","value":"#j_username"}
RESULT: {}
RESULT: {"using":"css selector","value":"#j_username"}
COMMAND: POST /session/7455601dddc232b6deafc0d190a18b4e/element - {"using":"css selector","value":"#shell-header-logo"}
RESULT: {"using":"css selector","value":"#shell-header-logo"}
COMMAND: POST /session/7455601dddc232b6deafc0d190a18b4e/execute/sync - {"script":"<script> [8489 bytes]","args":[{"element-6066-11e4-a52e-4f735466cecf":"f.8E6BFA2ED3A3A2D86F199707E5BEEB8B.d.D5FD75830B59DB7C111307E3AF4E4BA6.e.7789","ELEMENT":"f.8E6BFA2ED3A3A2D86F199707E5BEEB8B.d.D5FD75830B59DB7C111307E3AF4E4BA6.e.7789"}]}
RESULT: {"script":"<script> [8489 bytes]","args":[{"element-6066-11e4-a52e-4f735466cecf":"f.8E6BFA2ED3A3A2D86F199707E5BEEB8B.d.D5FD75830B59DB7C111307E3AF4E4BA6.e.7789","ELEMENT":"f.8E6BFA2ED3A3A2D86F199707E5BEEB8B.d.D5FD75830B59DB7C111307E3AF4E4BA6.e.7789"}]}
COMMAND: POST /session/7455601dddc232b6deafc0d190a18b4e/element - {"using":"css selector","value":"#shell-header-logo"}
COMMAND: GET /session/7455601dddc232b6deafc0d190a18b4e/screenshot - {}
RESULT: {"using":"css selector","value":"#shell-header-logo"}
COMMAND: POST /session/7455601dddc232b6deafc0d190a18b4e/execute/sync - {"script":"<script> [8489 bytes]","args":[{"element-6066-11e4-a52e-4f735466cecf":"f.8E6BFA2ED3A3A2D86F199707E5BEEB8B.d.D5FD75830B59DB7C111307E3AF4E4BA6.e.7789","ELEMENT":"f.8E6BFA2ED3A3A2D86F199707E5BEEB8B.d.D5FD75830B59DB7C111307E3AF4E4BA6.e.7789"}]}
RESULT: {}
RESULT: {"script":"<script> [8489 bytes]","args":[{"element-6066-11e4-a52e-4f735466cecf":"f.8E6BFA2ED3A3A2D86F199707E5BEEB8B.d.D5FD75830B59DB7C111307E3AF4E4BA6.e.7789","ELEMENT":"f.8E6BFA2ED3A3A2D86F199707E5BEEB8B.d.D5FD75830B59DB7C111307E3AF4E4BA6.e.7789"}]}
COMMAND: POST /session/7455601dddc232b6deafc0d190a18b4e/execute/sync - {"script":"<script> [5351 bytes]","args":[{"element-6066-11e4-a52e-4f735466cecf":"f.8E6BFA2ED3A3A2D86F199707E5BEEB8B.d.D5FD75830B59DB7C111307E3AF4E4BA6.e.7789","ELEMENT":"f.8E6BFA2ED3A3A2D86F199707E5BEEB8B.d.D5FD75830B59DB7C111307E3AF4E4BA6.e.7789"}]}
COMMAND: GET /session/7455601dddc232b6deafc0d190a18b4e/screenshot - {}
RESULT: {"script":"<script> [5351 bytes]","args":[{"element-6066-11e4-a52e-4f735466cecf":"f.8E6BFA2ED3A3A2D86F199707E5BEEB8B.d.D5FD75830B59DB7C111307E3AF4E4BA6.e.7789","ELEMENT":"f.8E6BFA2ED3A3A2D86F199707E5BEEB8B.d.D5FD75830B59DB7C111307E3AF4E4BA6.e.7789"}]}
COMMAND: POST /session/7455601dddc232b6deafc0d190a18b4e/element - {"using":"css selector","value":"#shell-header-logo"}
COMMAND: GET /session/7455601dddc232b6deafc0d190a18b4e/screenshot - {}
RESULT: {}
RESULT: {"using":"css selector","value":"#shell-header-logo"}
COMMAND: POST /session/7455601dddc232b6deafc0d190a18b4e/element/f.8E6BFA2ED3A3A2D86F199707E5BEEB8B.d.D5FD75830B59DB7C111307E3AF4E4BA6.e.7789/click - {}
RESULT: {}
RESULT: {}
COMMAND: GET /session/7455601dddc232b6deafc0d190a18b4e/screenshot - {}
RESULT: {}
COMMAND: POST /session/7455601dddc232b6deafc0d190a18b4e/execute/async - {"script":"<script> [189 bytes]","args":[]}
RESULT: {"script":"<script> [189 bytes]","args":[]}
COMMAND: POST /session/7455601dddc232b6deafc0d190a18b4e/execute/async - {"script":"<script> [123 bytes]","args":[]}
RESULT: {"script":"<script> [123 bytes]","args":[]}
COMMAND: POST /session/7455601dddc232b6deafc0d190a18b4e/timeouts - {"script":"<number>"}
RESULT: {"script":"<number>"}
COMMAND: GET /session/7455601dddc232b6deafc0d190a18b4e/timeouts - {}
RESULT: {}
RESULT: undefined
COMMAND: POST /session/7455601dddc232b6deafc0d190a18b4e/execute/async - {"script":"<script> [2676 bytes]","args":[]}
RESULT: {"script":"<script> [2676 bytes]","args":[]}
COMMAND: POST /session/7455601dddc232b6deafc0d190a18b4e/execute/async - {"script":"<script> [2342 bytes]","args":[{"protocol":"http","hostname":"0.0.0.0","path":"/","capabilities":{"browserName":"chrome","goog:chromeOptions":{"binary":"C:\\Program Files\\Google\\Chrome\\Application\\chrome.exe","args":["--start-maximized"]}},"logLevel":"warn","connectionRetryTimeout":120000,"connectionRetryCount":3,"logLevels":{},"enableDirectConnect":true,"strictSSL":true,"_":"65 more keys: [\"cacheDir\",\"port\",\"requestedCapabilities\",\"automationProtocol\",\"baseUrl\",\"waitforInterval\",\"waitforTimeout\",\"onReload\",\"beforeCommand\",\"afterCommand\",\"rootDir\",\"specs\",\"suites\",\"exclude\",\"groupLogsByTestSpec\",\"excludeDriverLogs\",\"bail\",\"framework\",\"reporters\",\"services\",\"maxInstances\",\"maxInstancesPerCapability\",\"injectGlobals\",\"filesToWatch\",\"execArgv\",\"runnerEnv\",\"runner\",\"shard\",\"specFileRetries\",\"specFileRetriesDelay\",\"specFileRetriesDeferred\",\"reporterSyncInterval\",\"reporterSyncTimeout\",\"cucumberFeaturesWithLineNumbers\",\"autoCompileOpts\",\"mochaOpts\",\"jasmineOpts\",\"cucumberOpts\",\"onPrepare\",\"onWorkerStart\",\"onWorkerEnd\",\"before\",\"beforeSession\",\"beforeSuite\",\"beforeHook\",\"beforeTest\",\"afterTest\",\"afterHook\",\"afterSuite\",\"afterSession\",\"after\",\"onComplete\",\"beforeAssertion\",\"afterAssertion\",\"beforeFeature\",\"beforeScenario\",\"beforeStep\",\"afterStep\",\"afterScenario\",\"afterFeature\",\"_\",\"suite\",\"$0\",\"ignoredWorkerServices\",\"wdi5\"]"}]}
RESULT: {"script":"<script> [2342 bytes]","args":[{"protocol":"http","hostname":"0.0.0.0","path":"/","capabilities":{"browserName":"chrome","goog:chromeOptions":{"binary":"C:\\Program Files\\Google\\Chrome\\Application\\chrome.exe","args":["--start-maximized"]}},"logLevel":"warn","connectionRetryTimeout":120000,"connectionRetryCount":3,"logLevels":{},"enableDirectConnect":true,"strictSSL":true,"_":"65 more keys: [\"cacheDir\",\"port\",\"requestedCapabilities\",\"automationProtocol\",\"baseUrl\",\"waitforInterval\",\"waitforTimeout\",\"onReload\",\"beforeCommand\",\"afterCommand\",\"rootDir\",\"specs\",\"suites\",\"exclude\",\"groupLogsByTestSpec\",\"excludeDriverLogs\",\"bail\",\"framework\",\"reporters\",\"services\",\"maxInstances\",\"maxInstancesPerCapability\",\"injectGlobals\",\"filesToWatch\",\"execArgv\",\"runnerEnv\",\"runner\",\"shard\",\"specFileRetries\",\"specFileRetriesDelay\",\"specFileRetriesDeferred\",\"reporterSyncInterval\",\"reporterSyncTimeout\",\"cucumberFeaturesWithLineNumbers\",\"autoCompileOpts\",\"mochaOpts\",\"jasmineOpts\",\"cucumberOpts\",\"onPrepare\",\"onWorkerStart\",\"onWorkerEnd\",\"before\",\"beforeSession\",\"beforeSuite\",\"beforeHook\",\"beforeTest\",\"afterTest\",\"afterHook\",\"afterSuite\",\"afterSession\",\"after\",\"onComplete\",\"beforeAssertion\",\"afterAssertion\",\"beforeFeature\",\"beforeScenario\",\"beforeStep\",\"afterStep\",\"afterScenario\",\"afterFeature\",\"_\",\"suite\",\"$0\",\"ignoredWorkerServices\",\"wdi5\"]"}]}
COMMAND: POST /session/7455601dddc232b6deafc0d190a18b4e/execute/async - {"script":"<script> [21126 bytes]","args":[35000]}
RESULT: {"script":"<script> [21126 bytes]","args":[35000]}
COMMAND: POST /session/7455601dddc232b6deafc0d190a18b4e/window/maximize - {}
RESULT: {}
COMMAND: POST /session/7455601dddc232b6deafc0d190a18b4e/execute/async - {"script":"<script> [1562 bytes]","args":[{"selector":{"id":"shell-header","interaction":{"idSuffix":"icon"}},"wdio_ui5_key":"shellheader"}]}
COMMAND: GET /session/7455601dddc232b6deafc0d190a18b4e/screenshot - {}
RESULT: {"script":"<script> [1562 bytes]","args":[{"selector":{"id":"shell-header","interaction":{"idSuffix":"icon"}},"wdio_ui5_key":"shellheader"}]}
RESULT: undefined
COMMAND: POST /session/7455601dddc232b6deafc0d190a18b4e/refresh - {}
RESULT: {}
RESULT: {}
COMMAND: GET /session/7455601dddc232b6deafc0d190a18b4e/screenshot - {}
RESULT: {}
COMMAND: POST /session/7455601dddc232b6deafc0d190a18b4e/refresh - {}
RESULT: {}
COMMAND: GET /session/7455601dddc232b6deafc0d190a18b4e/screenshot - {}
RESULT: {}
COMMAND: POST /session/7455601dddc232b6deafc0d190a18b4e/window/fullscreen - {}
RESULT: {}
COMMAND: POST /session/7455601dddc232b6deafc0d190a18b4e/execute/async - {"script":"<script> [189 bytes]","args":[]}
RESULT: {"script":"<script> [189 bytes]","args":[]}
COMMAND: POST /session/7455601dddc232b6deafc0d190a18b4e/execute/async - {"script":"<script> [123 bytes]","args":[]}
RESULT: {"script":"<script> [123 bytes]","args":[]}
COMMAND: POST /session/7455601dddc232b6deafc0d190a18b4e/timeouts - {"script":"<number>"}
RESULT: {"script":"<number>"}
COMMAND: GET /session/7455601dddc232b6deafc0d190a18b4e/timeouts - {}
RESULT: {}
RESULT: undefined
COMMAND: POST /session/7455601dddc232b6deafc0d190a18b4e/execute/async - {"script":"<script> [2676 bytes]","args":[]}
RESULT: {"script":"<script> [2676 bytes]","args":[]}
COMMAND: POST /session/7455601dddc232b6deafc0d190a18b4e/execute/async - {"script":"<script> [2342 bytes]","args":[{"protocol":"http","hostname":"0.0.0.0","path":"/","capabilities":{"browserName":"chrome","goog:chromeOptions":{"binary":"C:\\Program Files\\Google\\Chrome\\Application\\chrome.exe","args":["--start-maximized"]}},"logLevel":"warn","connectionRetryTimeout":120000,"connectionRetryCount":3,"logLevels":{},"enableDirectConnect":true,"strictSSL":true,"_":"65 more keys: [\"cacheDir\",\"port\",\"requestedCapabilities\",\"automationProtocol\",\"baseUrl\",\"waitforInterval\",\"waitforTimeout\",\"onReload\",\"beforeCommand\",\"afterCommand\",\"rootDir\",\"specs\",\"suites\",\"exclude\",\"groupLogsByTestSpec\",\"excludeDriverLogs\",\"bail\",\"framework\",\"reporters\",\"services\",\"maxInstances\",\"maxInstancesPerCapability\",\"injectGlobals\",\"filesToWatch\",\"execArgv\",\"runnerEnv\",\"runner\",\"shard\",\"specFileRetries\",\"specFileRetriesDelay\",\"specFileRetriesDeferred\",\"reporterSyncInterval\",\"reporterSyncTimeout\",\"cucumberFeaturesWithLineNumbers\",\"autoCompileOpts\",\"mochaOpts\",\"jasmineOpts\",\"cucumberOpts\",\"onPrepare\",\"onWorkerStart\",\"onWorkerEnd\",\"before\",\"beforeSession\",\"beforeSuite\",\"beforeHook\",\"beforeTest\",\"afterTest\",\"afterHook\",\"afterSuite\",\"afterSession\",\"after\",\"onComplete\",\"beforeAssertion\",\"afterAssertion\",\"beforeFeature\",\"beforeScenario\",\"beforeStep\",\"afterStep\",\"afterScenario\",\"afterFeature\",\"_\",\"suite\",\"$0\",\"ignoredWorkerServices\",\"wdi5\"]"}]}
RESULT: {"script":"<script> [2342 bytes]","args":[{"protocol":"http","hostname":"0.0.0.0","path":"/","capabilities":{"browserName":"chrome","goog:chromeOptions":{"binary":"C:\\Program Files\\Google\\Chrome\\Application\\chrome.exe","args":["--start-maximized"]}},"logLevel":"warn","connectionRetryTimeout":120000,"connectionRetryCount":3,"logLevels":{},"enableDirectConnect":true,"strictSSL":true,"_":"65 more keys: [\"cacheDir\",\"port\",\"requestedCapabilities\",\"automationProtocol\",\"baseUrl\",\"waitforInterval\",\"waitforTimeout\",\"onReload\",\"beforeCommand\",\"afterCommand\",\"rootDir\",\"specs\",\"suites\",\"exclude\",\"groupLogsByTestSpec\",\"excludeDriverLogs\",\"bail\",\"framework\",\"reporters\",\"services\",\"maxInstances\",\"maxInstancesPerCapability\",\"injectGlobals\",\"filesToWatch\",\"execArgv\",\"runnerEnv\",\"runner\",\"shard\",\"specFileRetries\",\"specFileRetriesDelay\",\"specFileRetriesDeferred\",\"reporterSyncInterval\",\"reporterSyncTimeout\",\"cucumberFeaturesWithLineNumbers\",\"autoCompileOpts\",\"mochaOpts\",\"jasmineOpts\",\"cucumberOpts\",\"onPrepare\",\"onWorkerStart\",\"onWorkerEnd\",\"before\",\"beforeSession\",\"beforeSuite\",\"beforeHook\",\"beforeTest\",\"afterTest\",\"afterHook\",\"afterSuite\",\"afterSession\",\"after\",\"onComplete\",\"beforeAssertion\",\"afterAssertion\",\"beforeFeature\",\"beforeScenario\",\"beforeStep\",\"afterStep\",\"afterScenario\",\"afterFeature\",\"_\",\"suite\",\"$0\",\"ignoredWorkerServices\",\"wdi5\"]"}]}
COMMAND: POST /session/7455601dddc232b6deafc0d190a18b4e/execute/async - {"script":"<script> [21126 bytes]","args":[35000]}
RESULT: {"script":"<script> [21126 bytes]","args":[35000]}
]]></system-out>
      <system-err><![CDATA[
Error: element ("//input[contains(@id ,"application-billingtransfer-display-component---billingWorkbench--smartFilterBar-btnBasicSearch")]") still not existing after 45000ms
    at async UtilsPrerequisites.narrowDownSearchBT (D:\a\1\s\test\specs\BTS\prerequisites-and-utils-functions.js:2852:9)
    at async UtilsPrerequisites.billingTransfer (D:\a\1\s\test\specs\BTS\prerequisites-and-utils-functions.js:2777:9)
    at async Context.<anonymous> (D:\a\1\s\test\specs\BTS\billing-transfer-intercompany.spec.js:95:9)
]]></system-err>
    </testcase>
  </testsuite>
  <testsuite timestamp="2025-05-27T17:43:03" time="1184.412" tests="12" failures="0" errors="0" skipped="0">
    <properties>
      <property name="specId" value="0"/>
      <property name="suiteName" value="Billing Transfer - Intracompany US127249"/>
      <property name="capabilities" value="chrome.136_0_7103_93.windows"/>
      <property name="file" value="file:///D:/a/1/s/test/specs/BTS/billing-transfer-intracompany.spec.js"/>
    </properties>
    <testcase classname="chrome.136_0_7103_93.windows.Billing_Transfer_-_Intracompany_US127249" name="Should create a new yard" time="140.926">
      <system-out><![CDATA[
COMMAND: POST /session/7455601dddc232b6deafc0d190a18b4e/window/fullscreen - {}
RESULT: {}
COMMAND: POST /session/7455601dddc232b6deafc0d190a18b4e/execute/async - {"script":"<script> [1562 bytes]","args":[{"selector":{"controlType":"sap.m.GenericTile","properties":{"header":"Manage Yards"}},"wdio_ui5_key":"sapm.GenericTile{\"header\":\"Manage Yards\"}"}]}
RESULT: {"script":"<script> [1562 bytes]","args":[{"selector":{"controlType":"sap.m.GenericTile","properties":{"header":"Manage Yards"}},"wdio_ui5_key":"sapm.GenericTile{\"header\":\"Manage Yards\"}"}]}
RESULT: undefined
COMMAND: POST /session/7455601dddc232b6deafc0d190a18b4e/element - {"using":"xpath","value":"//*[@id=\"__tile41\"]"}
RESULT: {"using":"xpath","value":"//*[@id=\"__tile41\"]"}
COMMAND: POST /session/7455601dddc232b6deafc0d190a18b4e/element/f.8E6BFA2ED3A3A2D86F199707E5BEEB8B.d.706F0E08717D21353C2A563AC94718BE.e.7957/click - {}
RESULT: {}
COMMAND: GET /session/7455601dddc232b6deafc0d190a18b4e/screenshot - {}
RESULT: {}
COMMAND: POST /session/7455601dddc232b6deafc0d190a18b4e/elements - {"using":"xpath","value":"//span[text()='Error']"}
RESULT: {"using":"xpath","value":"//span[text()='Error']"}
COMMAND: POST /session/7455601dddc232b6deafc0d190a18b4e/element - {"using":"xpath","value":"//button[@data-kt=\"addNewYardOverflowToolbarButton\"]"}
RESULT: {"using":"xpath","value":"//button[@data-kt=\"addNewYardOverflowToolbarButton\"]"}
COMMAND: POST /session/7455601dddc232b6deafc0d190a18b4e/elements - {"using":"xpath","value":"//button[@data-kt=\"addNewYardOverflowToolbarButton\"]"}
RESULT: {"using":"xpath","value":"//button[@data-kt=\"addNewYardOverflowToolbarButton\"]"}
COMMAND: POST /session/7455601dddc232b6deafc0d190a18b4e/elements - {"using":"xpath","value":"//button[@data-kt=\"addNewYardOverflowToolbarButton\"]"}
RESULT: {"using":"xpath","value":"//button[@data-kt=\"addNewYardOverflowToolbarButton\"]"}
COMMAND: POST /session/7455601dddc232b6deafc0d190a18b4e/elements - {"using":"xpath","value":"//button[@data-kt=\"addNewYardOverflowToolbarButton\"]"}
RESULT: {"using":"xpath","value":"//button[@data-kt=\"addNewYardOverflowToolbarButton\"]"}
COMMAND: POST /session/7455601dddc232b6deafc0d190a18b4e/elements - {"using":"xpath","value":"//button[@data-kt=\"addNewYardOverflowToolbarButton\"]"}
RESULT: {"using":"xpath","value":"//button[@data-kt=\"addNewYardOverflowToolbarButton\"]"}
COMMAND: POST /session/7455601dddc232b6deafc0d190a18b4e/elements - {"using":"xpath","value":"//button[@data-kt=\"addNewYardOverflowToolbarButton\"]"}
RESULT: {"using":"xpath","value":"//button[@data-kt=\"addNewYardOverflowToolbarButton\"]"}
COMMAND: POST /session/7455601dddc232b6deafc0d190a18b4e/elements - {"using":"xpath","value":"//button[@data-kt=\"addNewYardOverflowToolbarButton\"]"}
RESULT: {"using":"xpath","value":"//button[@data-kt=\"addNewYardOverflowToolbarButton\"]"}
COMMAND: POST /session/7455601dddc232b6deafc0d190a18b4e/elements - {"using":"xpath","value":"//button[@data-kt=\"addNewYardOverflowToolbarButton\"]"}
RESULT: {"using":"xpath","value":"//button[@data-kt=\"addNewYardOverflowToolbarButton\"]"}
COMMAND: POST /session/7455601dddc232b6deafc0d190a18b4e/elements - {"using":"xpath","value":"//button[@data-kt=\"addNewYardOverflowToolbarButton\"]"}
RESULT: {"using":"xpath","value":"//button[@data-kt=\"addNewYardOverflowToolbarButton\"]"}
COMMAND: POST /session/7455601dddc232b6deafc0d190a18b4e/elements - {"using":"xpath","value":"//button[@data-kt=\"addNewYardOverflowToolbarButton\"]"}
RESULT: {"using":"xpath","value":"//button[@data-kt=\"addNewYardOverflowToolbarButton\"]"}
COMMAND: POST /session/7455601dddc232b6deafc0d190a18b4e/elements - {"using":"xpath","value":"//button[@data-kt=\"addNewYardOverflowToolbarButton\"]"}
RESULT: {"using":"xpath","value":"//button[@data-kt=\"addNewYardOverflowToolbarButton\"]"}
COMMAND: POST /session/7455601dddc232b6deafc0d190a18b4e/elements - {"using":"xpath","value":"//button[@data-kt=\"addNewYardOverflowToolbarButton\"]"}
RESULT: {"using":"xpath","value":"//button[@data-kt=\"addNewYardOverflowToolbarButton\"]"}
COMMAND: POST /session/7455601dddc232b6deafc0d190a18b4e/elements - {"using":"xpath","value":"//button[@data-kt=\"addNewYardOverflowToolbarButton\"]"}
RESULT: {"using":"xpath","value":"//button[@data-kt=\"addNewYardOverflowToolbarButton\"]"}
COMMAND: POST /session/7455601dddc232b6deafc0d190a18b4e/elements - {"using":"xpath","value":"//button[@data-kt=\"addNewYardOverflowToolbarButton\"]"}
RESULT: {"using":"xpath","value":"//button[@data-kt=\"addNewYardOverflowToolbarButton\"]"}
COMMAND: POST /session/7455601dddc232b6deafc0d190a18b4e/elements - {"using":"xpath","value":"//button[@data-kt=\"addNewYardOverflowToolbarButton\"]"}
RESULT: {"using":"xpath","value":"//button[@data-kt=\"addNewYardOverflowToolbarButton\"]"}
COMMAND: POST /session/7455601dddc232b6deafc0d190a18b4e/elements - {"using":"xpath","value":"//button[@data-kt=\"addNewYardOverflowToolbarButton\"]"}
RESULT: {"using":"xpath","value":"//button[@data-kt=\"addNewYardOverflowToolbarButton\"]"}
COMMAND: POST /session/7455601dddc232b6deafc0d190a18b4e/elements - {"using":"xpath","value":"//button[@data-kt=\"addNewYardOverflowToolbarButton\"]"}
RESULT: {"using":"xpath","value":"//button[@data-kt=\"addNewYardOverflowToolbarButton\"]"}
COMMAND: POST /session/7455601dddc232b6deafc0d190a18b4e/element - {"using":"xpath","value":"//button[@data-kt=\"addNewYardOverflowToolbarButton\"]"}
RESULT: {"using":"xpath","value":"//button[@data-kt=\"addNewYardOverflowToolbarButton\"]"}
COMMAND: POST /session/7455601dddc232b6deafc0d190a18b4e/execute/sync - {"script":"<script> [8489 bytes]","args":[{"element-6066-11e4-a52e-4f735466cecf":"f.8E6BFA2ED3A3A2D86F199707E5BEEB8B.d.706F0E08717D21353C2A563AC94718BE.e.8093","ELEMENT":"f.8E6BFA2ED3A3A2D86F199707E5BEEB8B.d.706F0E08717D21353C2A563AC94718BE.e.8093"}]}
RESULT: {"script":"<script> [8489 bytes]","args":[{"element-6066-11e4-a52e-4f735466cecf":"f.8E6BFA2ED3A3A2D86F199707E5BEEB8B.d.706F0E08717D21353C2A563AC94718BE.e.8093","ELEMENT":"f.8E6BFA2ED3A3A2D86F199707E5BEEB8B.d.706F0E08717D21353C2A563AC94718BE.e.8093"}]}
COMMAND: GET /session/7455601dddc232b6deafc0d190a18b4e/element/f.8E6BFA2ED3A3A2D86F199707E5BEEB8B.d.706F0E08717D21353C2A563AC94718BE.e.8093/enabled - {}
COMMAND: GET /session/7455601dddc232b6deafc0d190a18b4e/screenshot - {}
RESULT: {}
COMMAND: POST /session/7455601dddc232b6deafc0d190a18b4e/execute/sync - {"script":"<script> [8489 bytes]","args":[{"element-6066-11e4-a52e-4f735466cecf":"f.8E6BFA2ED3A3A2D86F199707E5BEEB8B.d.706F0E08717D21353C2A563AC94718BE.e.8093","ELEMENT":"f.8E6BFA2ED3A3A2D86F199707E5BEEB8B.d.706F0E08717D21353C2A563AC94718BE.e.8093"}]}
COMMAND: GET /session/7455601dddc232b6deafc0d190a18b4e/screenshot - {}
RESULT: {}
RESULT: {"script":"<script> [8489 bytes]","args":[{"element-6066-11e4-a52e-4f735466cecf":"f.8E6BFA2ED3A3A2D86F199707E5BEEB8B.d.706F0E08717D21353C2A563AC94718BE.e.8093","ELEMENT":"f.8E6BFA2ED3A3A2D86F199707E5BEEB8B.d.706F0E08717D21353C2A563AC94718BE.e.8093"}]}
COMMAND: POST /session/7455601dddc232b6deafc0d190a18b4e/execute/sync - {"script":"<script> [5351 bytes]","args":[{"element-6066-11e4-a52e-4f735466cecf":"f.8E6BFA2ED3A3A2D86F199707E5BEEB8B.d.706F0E08717D21353C2A563AC94718BE.e.8093","ELEMENT":"f.8E6BFA2ED3A3A2D86F199707E5BEEB8B.d.706F0E08717D21353C2A563AC94718BE.e.8093"}]}
COMMAND: GET /session/7455601dddc232b6deafc0d190a18b4e/screenshot - {}
RESULT: {}
RESULT: {"script":"<script> [5351 bytes]","args":[{"element-6066-11e4-a52e-4f735466cecf":"f.8E6BFA2ED3A3A2D86F199707E5BEEB8B.d.706F0E08717D21353C2A563AC94718BE.e.8093","ELEMENT":"f.8E6BFA2ED3A3A2D86F199707E5BEEB8B.d.706F0E08717D21353C2A563AC94718BE.e.8093"}]}
COMMAND: POST /session/7455601dddc232b6deafc0d190a18b4e/element/f.8E6BFA2ED3A3A2D86F199707E5BEEB8B.d.706F0E08717D21353C2A563AC94718BE.e.8093/click - {}
COMMAND: GET /session/7455601dddc232b6deafc0d190a18b4e/screenshot - {}
RESULT: {}
RESULT: {}
COMMAND: GET /session/7455601dddc232b6deafc0d190a18b4e/screenshot - {}
COMMAND: POST /session/7455601dddc232b6deafc0d190a18b4e/element - {"using":"xpath","value":"//input[@id=\"application-manageyards-display-component---NewYard--yardId-inner\"]"}
RESULT: {}
RESULT: {}
RESULT: {"using":"xpath","value":"//input[@id=\"application-manageyards-display-component---NewYard--yardId-inner\"]"}
COMMAND: POST /session/7455601dddc232b6deafc0d190a18b4e/element - {"using":"xpath","value":"//input[@id=\"application-manageyards-display-component---NewYard--yardId-inner\"]"}
RESULT: {"using":"xpath","value":"//input[@id=\"application-manageyards-display-component---NewYard--yardId-inner\"]"}
COMMAND: POST /session/7455601dddc232b6deafc0d190a18b4e/execute/async - {"script":"<script> [1562 bytes]","args":[{"selector":{"id":"application-manageyards-display-component---NewYard--addressDetailDetailsName1","interaction":{"idSuffix":"inner"}},"wdio_ui5_key":"applicationmanageyards-display-component---NewYard--addressDetailDetailsName1"}]}
RESULT: {"script":"<script> [1562 bytes]","args":[{"selector":{"id":"application-manageyards-display-component---NewYard--addressDetailDetailsName1","interaction":{"idSuffix":"inner"}},"wdio_ui5_key":"applicationmanageyards-display-component---NewYard--addressDetailDetailsName1"}]}
RESULT: undefined
COMMAND: POST /session/7455601dddc232b6deafc0d190a18b4e/execute/async - {"script":"<script> [776 bytes]","args":[{"enterText":"Intracompany Yard wdIO","selector":{"id":"application-manageyards-display-component---NewYard--addressDetailDetailsName1","interaction":{"idSuffix":"inner"}},"clearTextFirst":true,"interactionType":"ENTER_TEXT"}]}
RESULT: {"script":"<script> [776 bytes]","args":[{"enterText":"Intracompany Yard wdIO","selector":{"id":"application-manageyards-display-component---NewYard--addressDetailDetailsName1","interaction":{"idSuffix":"inner"}},"clearTextFirst":true,"interactionType":"ENTER_TEXT"}]}
COMMAND: POST /session/7455601dddc232b6deafc0d190a18b4e/execute/async - {"script":"<script> [1562 bytes]","args":[{"selector":{"id":"application-manageyards-display-component---NewYard--addressDetailDetailsLanguage-arrow"},"wdio_ui5_key":"applicationmanageyards-display-component---NewYard--addressDetailDetailsLanguage-arrow"}]}
RESULT: {"script":"<script> [1562 bytes]","args":[{"selector":{"id":"application-manageyards-display-component---NewYard--addressDetailDetailsLanguage-arrow"},"wdio_ui5_key":"applicationmanageyards-display-component---NewYard--addressDetailDetailsLanguage-arrow"}]}
RESULT: undefined
COMMAND: POST /session/7455601dddc232b6deafc0d190a18b4e/element - {"using":"xpath","value":"//*[@id=\"application-manageyards-display-component---NewYard--addressDetailDetailsLanguage-arrow\"]"}
RESULT: {"using":"xpath","value":"//*[@id=\"application-manageyards-display-component---NewYard--addressDetailDetailsLanguage-arrow\"]"}
COMMAND: POST /session/7455601dddc232b6deafc0d190a18b4e/element/f.8E6BFA2ED3A3A2D86F199707E5BEEB8B.d.706F0E08717D21353C2A563AC94718BE.e.8524/click - {}
RESULT: {}
COMMAND: POST /session/7455601dddc232b6deafc0d190a18b4e/element - {"using":"xpath","value":"//span[contains(text(), \"English\")]"}
COMMAND: GET /session/7455601dddc232b6deafc0d190a18b4e/screenshot - {}
RESULT: {"using":"xpath","value":"//span[contains(text(), \"English\")]"}
COMMAND: POST /session/7455601dddc232b6deafc0d190a18b4e/element/f.8E6BFA2ED3A3A2D86F199707E5BEEB8B.d.706F0E08717D21353C2A563AC94718BE.e.8525/click - {}
RESULT: {}
RESULT: {}
COMMAND: POST /session/7455601dddc232b6deafc0d190a18b4e/execute/async - {"script":"<script> [1562 bytes]","args":[{"selector":{"id":"application-manageyards-display-component---NewYard--addressDetailDetailsCity1","interaction":{"idSuffix":"inner"}},"wdio_ui5_key":"applicationmanageyards-display-component---NewYard--addressDetailDetailsCity1"}]}
COMMAND: GET /session/7455601dddc232b6deafc0d190a18b4e/screenshot - {}
RESULT: {"script":"<script> [1562 bytes]","args":[{"selector":{"id":"application-manageyards-display-component---NewYard--addressDetailDetailsCity1","interaction":{"idSuffix":"inner"}},"wdio_ui5_key":"applicationmanageyards-display-component---NewYard--addressDetailDetailsCity1"}]}
RESULT: undefined
COMMAND: POST /session/7455601dddc232b6deafc0d190a18b4e/execute/async - {"script":"<script> [776 bytes]","args":[{"enterText":"Rosario","selector":{"id":"application-manageyards-display-component---NewYard--addressDetailDetailsCity1","interaction":{"idSuffix":"inner"}},"clearTextFirst":true,"interactionType":"ENTER_TEXT"}]}
RESULT: {}
RESULT: {"script":"<script> [776 bytes]","args":[{"enterText":"Rosario","selector":{"id":"application-manageyards-display-component---NewYard--addressDetailDetailsCity1","interaction":{"idSuffix":"inner"}},"clearTextFirst":true,"interactionType":"ENTER_TEXT"}]}
COMMAND: POST /session/7455601dddc232b6deafc0d190a18b4e/execute/async - {"script":"<script> [1562 bytes]","args":[{"selector":{"id":"application-manageyards-display-component---NewYard--addressDetailDetailsCountry-arrow"},"wdio_ui5_key":"applicationmanageyards-display-component---NewYard--addressDetailDetailsCountry-arrow"}]}
RESULT: {"script":"<script> [1562 bytes]","args":[{"selector":{"id":"application-manageyards-display-component---NewYard--addressDetailDetailsCountry-arrow"},"wdio_ui5_key":"applicationmanageyards-display-component---NewYard--addressDetailDetailsCountry-arrow"}]}
RESULT: undefined
COMMAND: POST /session/7455601dddc232b6deafc0d190a18b4e/element - {"using":"xpath","value":"//*[@id=\"application-manageyards-display-component---NewYard--addressDetailDetailsCountry-arrow\"]"}
RESULT: {"using":"xpath","value":"//*[@id=\"application-manageyards-display-component---NewYard--addressDetailDetailsCountry-arrow\"]"}
COMMAND: POST /session/7455601dddc232b6deafc0d190a18b4e/element/f.8E6BFA2ED3A3A2D86F199707E5BEEB8B.d.706F0E08717D21353C2A563AC94718BE.e.8527/click - {}
RESULT: {}
COMMAND: POST /session/7455601dddc232b6deafc0d190a18b4e/element - {"using":"xpath","value":"//span[contains(text(), \"Argentina\")]"}
COMMAND: GET /session/7455601dddc232b6deafc0d190a18b4e/screenshot - {}
RESULT: {"using":"xpath","value":"//span[contains(text(), \"Argentina\")]"}
COMMAND: POST /session/7455601dddc232b6deafc0d190a18b4e/element/f.8E6BFA2ED3A3A2D86F199707E5BEEB8B.d.706F0E08717D21353C2A563AC94718BE.e.8529/click - {}
RESULT: {}
RESULT: {}
COMMAND: POST /session/7455601dddc232b6deafc0d190a18b4e/execute/async - {"script":"<script> [1562 bytes]","args":[{"selector":{"id":"application-manageyards-display-component---NewYard--addressEditDetailsCostObjectCstType-arrow"},"wdio_ui5_key":"applicationmanageyards-display-component---NewYard--addressEditDetailsCostObjectCstType-arrow"}]}
COMMAND: GET /session/7455601dddc232b6deafc0d190a18b4e/screenshot - {}
RESULT: {"script":"<script> [1562 bytes]","args":[{"selector":{"id":"application-manageyards-display-component---NewYard--addressEditDetailsCostObjectCstType-arrow"},"wdio_ui5_key":"applicationmanageyards-display-component---NewYard--addressEditDetailsCostObjectCstType-arrow"}]}
RESULT: undefined
COMMAND: POST /session/7455601dddc232b6deafc0d190a18b4e/element - {"using":"xpath","value":"//*[@id=\"application-manageyards-display-component---NewYard--addressEditDetailsCostObjectCstType-arrow\"]"}
RESULT: {}
RESULT: {"using":"xpath","value":"//*[@id=\"application-manageyards-display-component---NewYard--addressEditDetailsCostObjectCstType-arrow\"]"}
COMMAND: POST /session/7455601dddc232b6deafc0d190a18b4e/element/f.8E6BFA2ED3A3A2D86F199707E5BEEB8B.d.706F0E08717D21353C2A563AC94718BE.e.8530/click - {}
RESULT: {}
COMMAND: POST /session/7455601dddc232b6deafc0d190a18b4e/element - {"using":"xpath","value":"//span[contains(text(), \"Cost Center\")]"}
COMMAND: GET /session/7455601dddc232b6deafc0d190a18b4e/screenshot - {}
RESULT: {"using":"xpath","value":"//span[contains(text(), \"Cost Center\")]"}
COMMAND: POST /session/7455601dddc232b6deafc0d190a18b4e/element/f.8E6BFA2ED3A3A2D86F199707E5BEEB8B.d.706F0E08717D21353C2A563AC94718BE.e.8531/click - {}
RESULT: {}
RESULT: {}
COMMAND: GET /session/7455601dddc232b6deafc0d190a18b4e/screenshot - {}
RESULT: {}
COMMAND: POST /session/7455601dddc232b6deafc0d190a18b4e/element - {"using":"xpath","value":"//span[@id=\"application-manageyards-display-component---NewYard--addressNewCostObjectCstID-vhi\"]"}
RESULT: {"using":"xpath","value":"//span[@id=\"application-manageyards-display-component---NewYard--addressNewCostObjectCstID-vhi\"]"}
COMMAND: POST /session/7455601dddc232b6deafc0d190a18b4e/execute/sync - {"script":"<script> [8489 bytes]","args":[{"element-6066-11e4-a52e-4f735466cecf":"f.8E6BFA2ED3A3A2D86F199707E5BEEB8B.d.706F0E08717D21353C2A563AC94718BE.e.8535","ELEMENT":"f.8E6BFA2ED3A3A2D86F199707E5BEEB8B.d.706F0E08717D21353C2A563AC94718BE.e.8535"}]}
RESULT: {"script":"<script> [8489 bytes]","args":[{"element-6066-11e4-a52e-4f735466cecf":"f.8E6BFA2ED3A3A2D86F199707E5BEEB8B.d.706F0E08717D21353C2A563AC94718BE.e.8535","ELEMENT":"f.8E6BFA2ED3A3A2D86F199707E5BEEB8B.d.706F0E08717D21353C2A563AC94718BE.e.8535"}]}
COMMAND: POST /session/7455601dddc232b6deafc0d190a18b4e/execute/async - {"script":"<script> [1562 bytes]","args":[{"selector":{"id":"application-manageyards-display-component---NewYard--addressNewCostObjectCstID-vhi"},"wdio_ui5_key":"applicationmanageyards-display-component---NewYard--addressNewCostObjectCstID-vhi"}]}
COMMAND: GET /session/7455601dddc232b6deafc0d190a18b4e/screenshot - {}
RESULT: {"script":"<script> [1562 bytes]","args":[{"selector":{"id":"application-manageyards-display-component---NewYard--addressNewCostObjectCstID-vhi"},"wdio_ui5_key":"applicationmanageyards-display-component---NewYard--addressNewCostObjectCstID-vhi"}]}
RESULT: undefined
COMMAND: POST /session/7455601dddc232b6deafc0d190a18b4e/element - {"using":"xpath","value":"//*[@id=\"application-manageyards-display-component---NewYard--addressNewCostObjectCstID-vhi\"]"}
RESULT: {}
RESULT: {"using":"xpath","value":"//*[@id=\"application-manageyards-display-component---NewYard--addressNewCostObjectCstID-vhi\"]"}
COMMAND: POST /session/7455601dddc232b6deafc0d190a18b4e/element/f.8E6BFA2ED3A3A2D86F199707E5BEEB8B.d.706F0E08717D21353C2A563AC94718BE.e.8535/click - {}
RESULT: {}
COMMAND: GET /session/7455601dddc232b6deafc0d190a18b4e/screenshot - {}
RESULT: {}
COMMAND: POST /session/7455601dddc232b6deafc0d190a18b4e/execute/async - {"script":"<script> [1562 bytes]","args":[{"selector":{"controlType":"sap.m.SearchField","properties":{"placeholder":"Search"},"searchOpenDialogs":true,"interaction":{"idSuffix":"I"}},"wdio_ui5_key":"sapm.SearchField{\"placeholder\":\"Search\"}"}]}
RESULT: {"script":"<script> [1562 bytes]","args":[{"selector":{"controlType":"sap.m.SearchField","properties":{"placeholder":"Search"},"searchOpenDialogs":true,"interaction":{"idSuffix":"I"}},"wdio_ui5_key":"sapm.SearchField{\"placeholder\":\"Search\"}"}]}
RESULT: undefined
COMMAND: POST /session/7455601dddc232b6deafc0d190a18b4e/execute/async - {"script":"<script> [776 bytes]","args":[{"enterText":"bauh_b","selector":{"controlType":"sap.m.SearchField","properties":{"placeholder":"Search"},"searchOpenDialogs":true,"interaction":{"idSuffix":"I"}},"clearTextFirst":true,"interactionType":"ENTER_TEXT"}]}
RESULT: {"script":"<script> [776 bytes]","args":[{"enterText":"bauh_b","selector":{"controlType":"sap.m.SearchField","properties":{"placeholder":"Search"},"searchOpenDialogs":true,"interaction":{"idSuffix":"I"}},"clearTextFirst":true,"interactionType":"ENTER_TEXT"}]}
COMMAND: POST /session/7455601dddc232b6deafc0d190a18b4e/actions - {"actions":[{"id":"action20","type":"key","parameters":{},"actions":[{"type":"keyDown","value":""},{"type":"pause","duration":10},{"type":"keyUp","value":""}]}]}
RESULT: {"actions":[{"id":"action20","type":"key","parameters":{},"actions":[{"type":"keyDown","value":""},{"type":"pause","duration":10},{"type":"keyUp","value":""}]}]}
COMMAND: GET /session/7455601dddc232b6deafc0d190a18b4e/screenshot - {}
RESULT: {}
COMMAND: POST /session/7455601dddc232b6deafc0d190a18b4e/element - {"using":"xpath","value":"//span[contains(text(), \"Demo Yard\")]"}
RESULT: {"using":"xpath","value":"//span[contains(text(), \"Demo Yard\")]"}
COMMAND: POST /session/7455601dddc232b6deafc0d190a18b4e/element/f.8E6BFA2ED3A3A2D86F199707E5BEEB8B.d.706F0E08717D21353C2A563AC94718BE.e.8573/click - {}
RESULT: {}
COMMAND: GET /session/7455601dddc232b6deafc0d190a18b4e/screenshot - {}
RESULT: {}
COMMAND: POST /session/7455601dddc232b6deafc0d190a18b4e/element - {"using":"xpath","value":"//bdi[contains(text(), \"OK\")]"}
RESULT: {"using":"xpath","value":"//bdi[contains(text(), \"OK\")]"}
COMMAND: POST /session/7455601dddc232b6deafc0d190a18b4e/element/f.8E6BFA2ED3A3A2D86F199707E5BEEB8B.d.706F0E08717D21353C2A563AC94718BE.e.8574/click - {}
RESULT: {}
COMMAND: GET /session/7455601dddc232b6deafc0d190a18b4e/screenshot - {}
RESULT: {}
COMMAND: POST /session/7455601dddc232b6deafc0d190a18b4e/execute/async - {"script":"<script> [1562 bytes]","args":[{"selector":{"id":"application-manageyards-display-component---NewYard--addressEditDetailsCurrency-arrow"},"wdio_ui5_key":"applicationmanageyards-display-component---NewYard--addressEditDetailsCurrency-arrow"}]}
RESULT: {"script":"<script> [1562 bytes]","args":[{"selector":{"id":"application-manageyards-display-component---NewYard--addressEditDetailsCurrency-arrow"},"wdio_ui5_key":"applicationmanageyards-display-component---NewYard--addressEditDetailsCurrency-arrow"}]}
RESULT: undefined
COMMAND: POST /session/7455601dddc232b6deafc0d190a18b4e/element - {"using":"xpath","value":"//*[@id=\"application-manageyards-display-component---NewYard--addressEditDetailsCurrency-arrow\"]"}
RESULT: {"using":"xpath","value":"//*[@id=\"application-manageyards-display-component---NewYard--addressEditDetailsCurrency-arrow\"]"}
COMMAND: POST /session/7455601dddc232b6deafc0d190a18b4e/element/f.8E6BFA2ED3A3A2D86F199707E5BEEB8B.d.706F0E08717D21353C2A563AC94718BE.e.8577/click - {}
RESULT: {}
COMMAND: POST /session/7455601dddc232b6deafc0d190a18b4e/element - {"using":"xpath","value":"//span[contains(text(), \"Euro\")]"}
COMMAND: GET /session/7455601dddc232b6deafc0d190a18b4e/screenshot - {}
RESULT: {"using":"xpath","value":"//span[contains(text(), \"Euro\")]"}
COMMAND: POST /session/7455601dddc232b6deafc0d190a18b4e/element/f.8E6BFA2ED3A3A2D86F199707E5BEEB8B.d.706F0E08717D21353C2A563AC94718BE.e.8578/click - {}
RESULT: {}
RESULT: {}
COMMAND: POST /session/7455601dddc232b6deafc0d190a18b4e/execute/async - {"script":"<script> [1562 bytes]","args":[{"selector":{"controlType":"sap.m.Input","viewName":"etm.portal.ui.manageyards.view.New","viewId":"application-manageyards-display-component---NewYard","bindingPath":{"path":"","propertyPath":"/CONTROLLING_AREA","modelName":"NewYardModel"},"interaction":{"idSuffix":"inner"}},"wdio_ui5_key":"etmportal.ui.manageyards.view.Newsap.m.Input{\"path\":\"\",\"propertyPath\":\"/CONTROLLING_AREA\",\"modelName\":\"NewYardModel\"}"}]}
COMMAND: GET /session/7455601dddc232b6deafc0d190a18b4e/screenshot - {}
RESULT: {"script":"<script> [1562 bytes]","args":[{"selector":{"controlType":"sap.m.Input","viewName":"etm.portal.ui.manageyards.view.New","viewId":"application-manageyards-display-component---NewYard","bindingPath":{"path":"","propertyPath":"/CONTROLLING_AREA","modelName":"NewYardModel"},"interaction":{"idSuffix":"inner"}},"wdio_ui5_key":"etmportal.ui.manageyards.view.Newsap.m.Input{\"path\":\"\",\"propertyPath\":\"/CONTROLLING_AREA\",\"modelName\":\"NewYardModel\"}"}]}
RESULT: undefined
COMMAND: POST /session/7455601dddc232b6deafc0d190a18b4e/execute/async - {"script":"<script> [776 bytes]","args":[{"enterText":"Z001","selector":{"controlType":"sap.m.Input","viewName":"etm.portal.ui.manageyards.view.New","viewId":"application-manageyards-display-component---NewYard","bindingPath":{"path":"","propertyPath":"/CONTROLLING_AREA","modelName":"NewYardModel"},"interaction":{"idSuffix":"inner"}},"clearTextFirst":true,"interactionType":"ENTER_TEXT"}]}
RESULT: {}
RESULT: {"script":"<script> [776 bytes]","args":[{"enterText":"Z001","selector":{"controlType":"sap.m.Input","viewName":"etm.portal.ui.manageyards.view.New","viewId":"application-manageyards-display-component---NewYard","bindingPath":{"path":"","propertyPath":"/CONTROLLING_AREA","modelName":"NewYardModel"},"interaction":{"idSuffix":"inner"}},"clearTextFirst":true,"interactionType":"ENTER_TEXT"}]}
COMMAND: POST /session/7455601dddc232b6deafc0d190a18b4e/execute/async - {"script":"<script> [1562 bytes]","args":[{"selector":{"id":"application-manageyards-display-component---NewYard--companyCodeComboBox","interaction":{"idSuffix":"inner"}},"wdio_ui5_key":"applicationmanageyards-display-component---NewYard--companyCodeComboBox"}]}
RESULT: {"script":"<script> [1562 bytes]","args":[{"selector":{"id":"application-manageyards-display-component---NewYard--companyCodeComboBox","interaction":{"idSuffix":"inner"}},"wdio_ui5_key":"applicationmanageyards-display-component---NewYard--companyCodeComboBox"}]}
RESULT: undefined
COMMAND: POST /session/7455601dddc232b6deafc0d190a18b4e/execute/async - {"script":"<script> [776 bytes]","args":[{"enterText":"1000","selector":{"id":"application-manageyards-display-component---NewYard--companyCodeComboBox","interaction":{"idSuffix":"inner"}},"clearTextFirst":true,"interactionType":"ENTER_TEXT"}]}
RESULT: {"script":"<script> [776 bytes]","args":[{"enterText":"1000","selector":{"id":"application-manageyards-display-component---NewYard--companyCodeComboBox","interaction":{"idSuffix":"inner"}},"clearTextFirst":true,"interactionType":"ENTER_TEXT"}]}
COMMAND: POST /session/7455601dddc232b6deafc0d190a18b4e/execute/async - {"script":"<script> [1562 bytes]","args":[{"selector":{"controlType":"sap.m.Input","viewName":"etm.portal.ui.manageyards.view.New","viewId":"application-manageyards-display-component---NewYard","bindingPath":{"path":"","propertyPath":"/PLANT","modelName":"NewYardModel"},"interaction":{"idSuffix":"inner"}},"wdio_ui5_key":"etmportal.ui.manageyards.view.Newsap.m.Input{\"path\":\"\",\"propertyPath\":\"/PLANT\",\"modelName\":\"NewYardModel\"}"}]}
RESULT: {"script":"<script> [1562 bytes]","args":[{"selector":{"controlType":"sap.m.Input","viewName":"etm.portal.ui.manageyards.view.New","viewId":"application-manageyards-display-component---NewYard","bindingPath":{"path":"","propertyPath":"/PLANT","modelName":"NewYardModel"},"interaction":{"idSuffix":"inner"}},"wdio_ui5_key":"etmportal.ui.manageyards.view.Newsap.m.Input{\"path\":\"\",\"propertyPath\":\"/PLANT\",\"modelName\":\"NewYardModel\"}"}]}
RESULT: undefined
COMMAND: POST /session/7455601dddc232b6deafc0d190a18b4e/execute/async - {"script":"<script> [776 bytes]","args":[{"enterText":"1001","selector":{"controlType":"sap.m.Input","viewName":"etm.portal.ui.manageyards.view.New","viewId":"application-manageyards-display-component---NewYard","bindingPath":{"path":"","propertyPath":"/PLANT","modelName":"NewYardModel"},"interaction":{"idSuffix":"inner"}},"clearTextFirst":true,"interactionType":"ENTER_TEXT"}]}
RESULT: {"script":"<script> [776 bytes]","args":[{"enterText":"1001","selector":{"controlType":"sap.m.Input","viewName":"etm.portal.ui.manageyards.view.New","viewId":"application-manageyards-display-component---NewYard","bindingPath":{"path":"","propertyPath":"/PLANT","modelName":"NewYardModel"},"interaction":{"idSuffix":"inner"}},"clearTextFirst":true,"interactionType":"ENTER_TEXT"}]}
COMMAND: POST /session/7455601dddc232b6deafc0d190a18b4e/execute/async - {"script":"<script> [1562 bytes]","args":[{"selector":{"controlType":"sap.m.Input","viewName":"etm.portal.ui.manageyards.view.New","viewId":"application-manageyards-display-component---NewYard","bindingPath":{"path":"","propertyPath":"/SALES_AREA_VKORG","modelName":"NewYardModel"},"interaction":{"idSuffix":"inner"}},"wdio_ui5_key":"etmportal.ui.manageyards.view.Newsap.m.Input{\"path\":\"\",\"propertyPath\":\"/SALES_AREA_VKORG\",\"modelName\":\"NewYardModel\"}"}]}
RESULT: {"script":"<script> [1562 bytes]","args":[{"selector":{"controlType":"sap.m.Input","viewName":"etm.portal.ui.manageyards.view.New","viewId":"application-manageyards-display-component---NewYard","bindingPath":{"path":"","propertyPath":"/SALES_AREA_VKORG","modelName":"NewYardModel"},"interaction":{"idSuffix":"inner"}},"wdio_ui5_key":"etmportal.ui.manageyards.view.Newsap.m.Input{\"path\":\"\",\"propertyPath\":\"/SALES_AREA_VKORG\",\"modelName\":\"NewYardModel\"}"}]}
RESULT: undefined
COMMAND: POST /session/7455601dddc232b6deafc0d190a18b4e/execute/async - {"script":"<script> [776 bytes]","args":[{"enterText":"C002","selector":{"controlType":"sap.m.Input","viewName":"etm.portal.ui.manageyards.view.New","viewId":"application-manageyards-display-component---NewYard","bindingPath":{"path":"","propertyPath":"/SALES_AREA_VKORG","modelName":"NewYardModel"},"interaction":{"idSuffix":"inner"}},"clearTextFirst":true,"interactionType":"ENTER_TEXT"}]}
RESULT: {"script":"<script> [776 bytes]","args":[{"enterText":"C002","selector":{"controlType":"sap.m.Input","viewName":"etm.portal.ui.manageyards.view.New","viewId":"application-manageyards-display-component---NewYard","bindingPath":{"path":"","propertyPath":"/SALES_AREA_VKORG","modelName":"NewYardModel"},"interaction":{"idSuffix":"inner"}},"clearTextFirst":true,"interactionType":"ENTER_TEXT"}]}
COMMAND: POST /session/7455601dddc232b6deafc0d190a18b4e/execute/async - {"script":"<script> [1562 bytes]","args":[{"selector":{"controlType":"sap.m.Input","viewName":"etm.portal.ui.manageyards.view.New","viewId":"application-manageyards-display-component---NewYard","bindingPath":{"path":"","propertyPath":"/SALES_AREA_VTWEG","modelName":"NewYardModel"},"interaction":{"idSuffix":"inner"}},"wdio_ui5_key":"etmportal.ui.manageyards.view.Newsap.m.Input{\"path\":\"\",\"propertyPath\":\"/SALES_AREA_VTWEG\",\"modelName\":\"NewYardModel\"}"}]}
RESULT: {"script":"<script> [1562 bytes]","args":[{"selector":{"controlType":"sap.m.Input","viewName":"etm.portal.ui.manageyards.view.New","viewId":"application-manageyards-display-component---NewYard","bindingPath":{"path":"","propertyPath":"/SALES_AREA_VTWEG","modelName":"NewYardModel"},"interaction":{"idSuffix":"inner"}},"wdio_ui5_key":"etmportal.ui.manageyards.view.Newsap.m.Input{\"path\":\"\",\"propertyPath\":\"/SALES_AREA_VTWEG\",\"modelName\":\"NewYardModel\"}"}]}
RESULT: undefined
COMMAND: POST /session/7455601dddc232b6deafc0d190a18b4e/execute/async - {"script":"<script> [776 bytes]","args":[{"enterText":"C2","selector":{"controlType":"sap.m.Input","viewName":"etm.portal.ui.manageyards.view.New","viewId":"application-manageyards-display-component---NewYard","bindingPath":{"path":"","propertyPath":"/SALES_AREA_VTWEG","modelName":"NewYardModel"},"interaction":{"idSuffix":"inner"}},"clearTextFirst":true,"interactionType":"ENTER_TEXT"}]}
RESULT: {"script":"<script> [776 bytes]","args":[{"enterText":"C2","selector":{"controlType":"sap.m.Input","viewName":"etm.portal.ui.manageyards.view.New","viewId":"application-manageyards-display-component---NewYard","bindingPath":{"path":"","propertyPath":"/SALES_AREA_VTWEG","modelName":"NewYardModel"},"interaction":{"idSuffix":"inner"}},"clearTextFirst":true,"interactionType":"ENTER_TEXT"}]}
COMMAND: POST /session/7455601dddc232b6deafc0d190a18b4e/execute/async - {"script":"<script> [1562 bytes]","args":[{"selector":{"controlType":"sap.m.Input","viewName":"etm.portal.ui.manageyards.view.New","viewId":"application-manageyards-display-component---NewYard","bindingPath":{"path":"","propertyPath":"/SALES_AREA_SPART","modelName":"NewYardModel"},"interaction":{"idSuffix":"inner"}},"wdio_ui5_key":"etmportal.ui.manageyards.view.Newsap.m.Input{\"path\":\"\",\"propertyPath\":\"/SALES_AREA_SPART\",\"modelName\":\"NewYardModel\"}"}]}
RESULT: {"script":"<script> [1562 bytes]","args":[{"selector":{"controlType":"sap.m.Input","viewName":"etm.portal.ui.manageyards.view.New","viewId":"application-manageyards-display-component---NewYard","bindingPath":{"path":"","propertyPath":"/SALES_AREA_SPART","modelName":"NewYardModel"},"interaction":{"idSuffix":"inner"}},"wdio_ui5_key":"etmportal.ui.manageyards.view.Newsap.m.Input{\"path\":\"\",\"propertyPath\":\"/SALES_AREA_SPART\",\"modelName\":\"NewYardModel\"}"}]}
RESULT: undefined
COMMAND: POST /session/7455601dddc232b6deafc0d190a18b4e/execute/async - {"script":"<script> [776 bytes]","args":[{"enterText":"C2","selector":{"controlType":"sap.m.Input","viewName":"etm.portal.ui.manageyards.view.New","viewId":"application-manageyards-display-component---NewYard","bindingPath":{"path":"","propertyPath":"/SALES_AREA_SPART","modelName":"NewYardModel"},"interaction":{"idSuffix":"inner"}},"clearTextFirst":true,"interactionType":"ENTER_TEXT"}]}
RESULT: {"script":"<script> [776 bytes]","args":[{"enterText":"C2","selector":{"controlType":"sap.m.Input","viewName":"etm.portal.ui.manageyards.view.New","viewId":"application-manageyards-display-component---NewYard","bindingPath":{"path":"","propertyPath":"/SALES_AREA_SPART","modelName":"NewYardModel"},"interaction":{"idSuffix":"inner"}},"clearTextFirst":true,"interactionType":"ENTER_TEXT"}]}
COMMAND: POST /session/7455601dddc232b6deafc0d190a18b4e/execute/async - {"script":"<script> [1562 bytes]","args":[{"selector":{"controlType":"sap.m.Input","viewName":"etm.portal.ui.manageyards.view.New","viewId":"application-manageyards-display-component---NewYard","bindingPath":{"path":"","propertyPath":"/SHIP_POINT","modelName":"NewYardModel"},"interaction":{"idSuffix":"inner"}},"wdio_ui5_key":"etmportal.ui.manageyards.view.Newsap.m.Input{\"path\":\"\",\"propertyPath\":\"/SHIP_POINT\",\"modelName\":\"NewYardModel\"}"}]}
RESULT: {"script":"<script> [1562 bytes]","args":[{"selector":{"controlType":"sap.m.Input","viewName":"etm.portal.ui.manageyards.view.New","viewId":"application-manageyards-display-component---NewYard","bindingPath":{"path":"","propertyPath":"/SHIP_POINT","modelName":"NewYardModel"},"interaction":{"idSuffix":"inner"}},"wdio_ui5_key":"etmportal.ui.manageyards.view.Newsap.m.Input{\"path\":\"\",\"propertyPath\":\"/SHIP_POINT\",\"modelName\":\"NewYardModel\"}"}]}
RESULT: undefined
COMMAND: POST /session/7455601dddc232b6deafc0d190a18b4e/execute/async - {"script":"<script> [776 bytes]","args":[{"enterText":"1710","selector":{"controlType":"sap.m.Input","viewName":"etm.portal.ui.manageyards.view.New","viewId":"application-manageyards-display-component---NewYard","bindingPath":{"path":"","propertyPath":"/SHIP_POINT","modelName":"NewYardModel"},"interaction":{"idSuffix":"inner"}},"clearTextFirst":true,"interactionType":"ENTER_TEXT"}]}
RESULT: {"script":"<script> [776 bytes]","args":[{"enterText":"1710","selector":{"controlType":"sap.m.Input","viewName":"etm.portal.ui.manageyards.view.New","viewId":"application-manageyards-display-component---NewYard","bindingPath":{"path":"","propertyPath":"/SHIP_POINT","modelName":"NewYardModel"},"interaction":{"idSuffix":"inner"}},"clearTextFirst":true,"interactionType":"ENTER_TEXT"}]}
COMMAND: POST /session/7455601dddc232b6deafc0d190a18b4e/execute/async - {"script":"<script> [1562 bytes]","args":[{"selector":{"controlType":"sap.m.Input","viewName":"etm.portal.ui.manageyards.view.New","viewId":"application-manageyards-display-component---NewYard","bindingPath":{"path":"","propertyPath":"/DELIVERY_TYPE","modelName":"NewYardModel"},"interaction":{"idSuffix":"inner"}},"wdio_ui5_key":"etmportal.ui.manageyards.view.Newsap.m.Input{\"path\":\"\",\"propertyPath\":\"/DELIVERY_TYPE\",\"modelName\":\"NewYardModel\"}"}]}
RESULT: {"script":"<script> [1562 bytes]","args":[{"selector":{"controlType":"sap.m.Input","viewName":"etm.portal.ui.manageyards.view.New","viewId":"application-manageyards-display-component---NewYard","bindingPath":{"path":"","propertyPath":"/DELIVERY_TYPE","modelName":"NewYardModel"},"interaction":{"idSuffix":"inner"}},"wdio_ui5_key":"etmportal.ui.manageyards.view.Newsap.m.Input{\"path\":\"\",\"propertyPath\":\"/DELIVERY_TYPE\",\"modelName\":\"NewYardModel\"}"}]}
RESULT: undefined
COMMAND: POST /session/7455601dddc232b6deafc0d190a18b4e/execute/async - {"script":"<script> [776 bytes]","args":[{"enterText":"ZL01","selector":{"controlType":"sap.m.Input","viewName":"etm.portal.ui.manageyards.view.New","viewId":"application-manageyards-display-component---NewYard","bindingPath":{"path":"","propertyPath":"/DELIVERY_TYPE","modelName":"NewYardModel"},"interaction":{"idSuffix":"inner"}},"clearTextFirst":true,"interactionType":"ENTER_TEXT"}]}
RESULT: {"script":"<script> [776 bytes]","args":[{"enterText":"ZL01","selector":{"controlType":"sap.m.Input","viewName":"etm.portal.ui.manageyards.view.New","viewId":"application-manageyards-display-component---NewYard","bindingPath":{"path":"","propertyPath":"/DELIVERY_TYPE","modelName":"NewYardModel"},"interaction":{"idSuffix":"inner"}},"clearTextFirst":true,"interactionType":"ENTER_TEXT"}]}
COMMAND: POST /session/7455601dddc232b6deafc0d190a18b4e/execute/async - {"script":"<script> [1562 bytes]","args":[{"selector":{"controlType":"sap.m.Input","viewName":"etm.portal.ui.manageyards.view.New","viewId":"application-manageyards-display-component---NewYard","bindingPath":{"path":"","propertyPath":"/AUART","modelName":"NewYardModel"},"interaction":{"idSuffix":"inner"}},"wdio_ui5_key":"etmportal.ui.manageyards.view.Newsap.m.Input{\"path\":\"\",\"propertyPath\":\"/AUART\",\"modelName\":\"NewYardModel\"}"}]}
RESULT: {"script":"<script> [1562 bytes]","args":[{"selector":{"controlType":"sap.m.Input","viewName":"etm.portal.ui.manageyards.view.New","viewId":"application-manageyards-display-component---NewYard","bindingPath":{"path":"","propertyPath":"/AUART","modelName":"NewYardModel"},"interaction":{"idSuffix":"inner"}},"wdio_ui5_key":"etmportal.ui.manageyards.view.Newsap.m.Input{\"path\":\"\",\"propertyPath\":\"/AUART\",\"modelName\":\"NewYardModel\"}"}]}
RESULT: undefined
COMMAND: POST /session/7455601dddc232b6deafc0d190a18b4e/execute/async - {"script":"<script> [776 bytes]","args":[{"enterText":"TA","selector":{"controlType":"sap.m.Input","viewName":"etm.portal.ui.manageyards.view.New","viewId":"application-manageyards-display-component---NewYard","bindingPath":{"path":"","propertyPath":"/AUART","modelName":"NewYardModel"},"interaction":{"idSuffix":"inner"}},"clearTextFirst":true,"interactionType":"ENTER_TEXT"}]}
RESULT: {"script":"<script> [776 bytes]","args":[{"enterText":"TA","selector":{"controlType":"sap.m.Input","viewName":"etm.portal.ui.manageyards.view.New","viewId":"application-manageyards-display-component---NewYard","bindingPath":{"path":"","propertyPath":"/AUART","modelName":"NewYardModel"},"interaction":{"idSuffix":"inner"}},"clearTextFirst":true,"interactionType":"ENTER_TEXT"}]}
COMMAND: POST /session/7455601dddc232b6deafc0d190a18b4e/element - {"using":"xpath","value":"//button[@data-kt=\"newYardSaveButton\"]"}
RESULT: {"using":"xpath","value":"//button[@data-kt=\"newYardSaveButton\"]"}
COMMAND: POST /session/7455601dddc232b6deafc0d190a18b4e/element/f.8E6BFA2ED3A3A2D86F199707E5BEEB8B.d.706F0E08717D21353C2A563AC94718BE.e.8509/click - {}
RESULT: {}
COMMAND: GET /session/7455601dddc232b6deafc0d190a18b4e/screenshot - {}
RESULT: {}
COMMAND: POST /session/7455601dddc232b6deafc0d190a18b4e/element - {"using":"xpath","value":"//header[contains(@id, 'ObjectPageLayout-headerTitle')]/div[1]/div[2]/div[1]/span[1]"}
RESULT: {"using":"xpath","value":"//header[contains(@id, 'ObjectPageLayout-headerTitle')]/div[1]/div[2]/div[1]/span[1]"}
COMMAND: POST /session/7455601dddc232b6deafc0d190a18b4e/elements - {"using":"xpath","value":"//header[contains(@id, 'ObjectPageLayout-headerTitle')]/div[1]/div[2]/div[1]/span[1]"}
RESULT: {"using":"xpath","value":"//header[contains(@id, 'ObjectPageLayout-headerTitle')]/div[1]/div[2]/div[1]/span[1]"}
COMMAND: POST /session/7455601dddc232b6deafc0d190a18b4e/execute/sync - {"script":"<script> [56 bytes]","args":[{"element-6066-11e4-a52e-4f735466cecf":"f.8E6BFA2ED3A3A2D86F199707E5BEEB8B.d.706F0E08717D21353C2A563AC94718BE.e.8796","ELEMENT":"f.8E6BFA2ED3A3A2D86F199707E5BEEB8B.d.706F0E08717D21353C2A563AC94718BE.e.8796"}]}
RESULT: {"script":"<script> [56 bytes]","args":[{"element-6066-11e4-a52e-4f735466cecf":"f.8E6BFA2ED3A3A2D86F199707E5BEEB8B.d.706F0E08717D21353C2A563AC94718BE.e.8796","ELEMENT":"f.8E6BFA2ED3A3A2D86F199707E5BEEB8B.d.706F0E08717D21353C2A563AC94718BE.e.8796"}]}
COMMAND: GET /session/7455601dddc232b6deafc0d190a18b4e/screenshot - {}
RESULT: {}
COMMAND: POST /session/7455601dddc232b6deafc0d190a18b4e/element - {"using":"css selector","value":"#shell-header-logo"}
RESULT: {"using":"css selector","value":"#shell-header-logo"}
COMMAND: POST /session/7455601dddc232b6deafc0d190a18b4e/element/f.8E6BFA2ED3A3A2D86F199707E5BEEB8B.d.706F0E08717D21353C2A563AC94718BE.e.8061/click - {}
RESULT: {}
COMMAND: GET /session/7455601dddc232b6deafc0d190a18b4e/screenshot - {}
RESULT: {}
COMMAND: POST /session/7455601dddc232b6deafc0d190a18b4e/execute/sync - {"script":"<script> [299 bytes]","args":[["getModel","getResource"]]}
RESULT: {"script":"<script> [299 bytes]","args":[["getModel","getResource"]]}
]]></system-out>
    </testcase>
    <testcase classname="chrome.136_0_7103_93.windows.Billing_Transfer_-_Intracompany_US127249" name="Should create a new partner" time="144.448">
      <system-out><![CDATA[
COMMAND: GET /session/7455601dddc232b6deafc0d190a18b4e/screenshot - {}
COMMAND: POST /session/7455601dddc232b6deafc0d190a18b4e/window/fullscreen - {}
RESULT: {}
RESULT: {}
COMMAND: POST /session/7455601dddc232b6deafc0d190a18b4e/execute/async - {"script":"<script> [1562 bytes]","args":[{"selector":{"controlType":"sap.m.GenericTile","properties":{"header":"Manage Partners"}},"wdio_ui5_key":"sapm.GenericTile{\"header\":\"Manage Partners\"}"}]}
RESULT: {"script":"<script> [1562 bytes]","args":[{"selector":{"controlType":"sap.m.GenericTile","properties":{"header":"Manage Partners"}},"wdio_ui5_key":"sapm.GenericTile{\"header\":\"Manage Partners\"}"}]}
RESULT: undefined
COMMAND: POST /session/7455601dddc232b6deafc0d190a18b4e/element - {"using":"xpath","value":"//*[@id=\"__tile38\"]"}
RESULT: {"using":"xpath","value":"//*[@id=\"__tile38\"]"}
COMMAND: POST /session/7455601dddc232b6deafc0d190a18b4e/element/f.8E6BFA2ED3A3A2D86F199707E5BEEB8B.d.706F0E08717D21353C2A563AC94718BE.e.7948/click - {}
RESULT: {}
COMMAND: GET /session/7455601dddc232b6deafc0d190a18b4e/screenshot - {}
RESULT: {}
COMMAND: POST /session/7455601dddc232b6deafc0d190a18b4e/elements - {"using":"xpath","value":"//span[text()='Error']"}
RESULT: {"using":"xpath","value":"//span[text()='Error']"}
COMMAND: POST /session/7455601dddc232b6deafc0d190a18b4e/element - {"using":"xpath","value":"//button[@data-kt=\"addButton\"]"}
RESULT: {"using":"xpath","value":"//button[@data-kt=\"addButton\"]"}
COMMAND: POST /session/7455601dddc232b6deafc0d190a18b4e/elements - {"using":"xpath","value":"//button[@data-kt=\"addButton\"]"}
RESULT: {"using":"xpath","value":"//button[@data-kt=\"addButton\"]"}
COMMAND: POST /session/7455601dddc232b6deafc0d190a18b4e/execute/sync - {"script":"<script> [8489 bytes]","args":[{"element-6066-11e4-a52e-4f735466cecf":"f.8E6BFA2ED3A3A2D86F199707E5BEEB8B.d.706F0E08717D21353C2A563AC94718BE.e.8943","ELEMENT":"f.8E6BFA2ED3A3A2D86F199707E5BEEB8B.d.706F0E08717D21353C2A563AC94718BE.e.8943"}]}
RESULT: {"script":"<script> [8489 bytes]","args":[{"element-6066-11e4-a52e-4f735466cecf":"f.8E6BFA2ED3A3A2D86F199707E5BEEB8B.d.706F0E08717D21353C2A563AC94718BE.e.8943","ELEMENT":"f.8E6BFA2ED3A3A2D86F199707E5BEEB8B.d.706F0E08717D21353C2A563AC94718BE.e.8943"}]}
COMMAND: GET /session/7455601dddc232b6deafc0d190a18b4e/element/f.8E6BFA2ED3A3A2D86F199707E5BEEB8B.d.706F0E08717D21353C2A563AC94718BE.e.8943/enabled - {}
COMMAND: GET /session/7455601dddc232b6deafc0d190a18b4e/screenshot - {}
RESULT: {}
COMMAND: POST /session/7455601dddc232b6deafc0d190a18b4e/execute/sync - {"script":"<script> [8489 bytes]","args":[{"element-6066-11e4-a52e-4f735466cecf":"f.8E6BFA2ED3A3A2D86F199707E5BEEB8B.d.706F0E08717D21353C2A563AC94718BE.e.8943","ELEMENT":"f.8E6BFA2ED3A3A2D86F199707E5BEEB8B.d.706F0E08717D21353C2A563AC94718BE.e.8943"}]}
COMMAND: GET /session/7455601dddc232b6deafc0d190a18b4e/screenshot - {}
RESULT: {}
RESULT: {"script":"<script> [8489 bytes]","args":[{"element-6066-11e4-a52e-4f735466cecf":"f.8E6BFA2ED3A3A2D86F199707E5BEEB8B.d.706F0E08717D21353C2A563AC94718BE.e.8943","ELEMENT":"f.8E6BFA2ED3A3A2D86F199707E5BEEB8B.d.706F0E08717D21353C2A563AC94718BE.e.8943"}]}
COMMAND: POST /session/7455601dddc232b6deafc0d190a18b4e/execute/sync - {"script":"<script> [5351 bytes]","args":[{"element-6066-11e4-a52e-4f735466cecf":"f.8E6BFA2ED3A3A2D86F199707E5BEEB8B.d.706F0E08717D21353C2A563AC94718BE.e.8943","ELEMENT":"f.8E6BFA2ED3A3A2D86F199707E5BEEB8B.d.706F0E08717D21353C2A563AC94718BE.e.8943"}]}
COMMAND: GET /session/7455601dddc232b6deafc0d190a18b4e/screenshot - {}
RESULT: {}
RESULT: {"script":"<script> [5351 bytes]","args":[{"element-6066-11e4-a52e-4f735466cecf":"f.8E6BFA2ED3A3A2D86F199707E5BEEB8B.d.706F0E08717D21353C2A563AC94718BE.e.8943","ELEMENT":"f.8E6BFA2ED3A3A2D86F199707E5BEEB8B.d.706F0E08717D21353C2A563AC94718BE.e.8943"}]}
COMMAND: POST /session/7455601dddc232b6deafc0d190a18b4e/element/f.8E6BFA2ED3A3A2D86F199707E5BEEB8B.d.706F0E08717D21353C2A563AC94718BE.e.8943/click - {}
COMMAND: GET /session/7455601dddc232b6deafc0d190a18b4e/screenshot - {}
RESULT: {}
RESULT: {}
COMMAND: GET /session/7455601dddc232b6deafc0d190a18b4e/screenshot - {}
RESULT: {}
COMMAND: POST /session/7455601dddc232b6deafc0d190a18b4e/execute/async - {"script":"<script> [1562 bytes]","args":[{"selector":{"id":"application-managepartners-display-component---NewPartner--addressDetailDetailsName1","interaction":{"idSuffix":"inner"}},"wdio_ui5_key":"applicationmanagepartners-display-component---NewPartner--addressDetailDetailsName1"}]}
RESULT: {}
RESULT: {"script":"<script> [1562 bytes]","args":[{"selector":{"id":"application-managepartners-display-component---NewPartner--addressDetailDetailsName1","interaction":{"idSuffix":"inner"}},"wdio_ui5_key":"applicationmanagepartners-display-component---NewPartner--addressDetailDetailsName1"}]}
RESULT: undefined
COMMAND: POST /session/7455601dddc232b6deafc0d190a18b4e/execute/async - {"script":"<script> [776 bytes]","args":[{"enterText":"Intracompany Partner WDIO","selector":{"id":"application-managepartners-display-component---NewPartner--addressDetailDetailsName1","interaction":{"idSuffix":"inner"}},"clearTextFirst":true,"interactionType":"ENTER_TEXT"}]}
RESULT: {"script":"<script> [776 bytes]","args":[{"enterText":"Intracompany Partner WDIO","selector":{"id":"application-managepartners-display-component---NewPartner--addressDetailDetailsName1","interaction":{"idSuffix":"inner"}},"clearTextFirst":true,"interactionType":"ENTER_TEXT"}]}
COMMAND: POST /session/7455601dddc232b6deafc0d190a18b4e/execute/async - {"script":"<script> [1562 bytes]","args":[{"selector":{"id":"application-managepartners-display-component---NewPartner--addressDetailDetailsLanguage-arrow"},"wdio_ui5_key":"applicationmanagepartners-display-component---NewPartner--addressDetailDetailsLanguage-arrow"}]}
RESULT: {"script":"<script> [1562 bytes]","args":[{"selector":{"id":"application-managepartners-display-component---NewPartner--addressDetailDetailsLanguage-arrow"},"wdio_ui5_key":"applicationmanagepartners-display-component---NewPartner--addressDetailDetailsLanguage-arrow"}]}
RESULT: undefined
COMMAND: POST /session/7455601dddc232b6deafc0d190a18b4e/element - {"using":"xpath","value":"//*[@id=\"application-managepartners-display-component---NewPartner--addressDetailDetailsLanguage-arrow\"]"}
RESULT: {"using":"xpath","value":"//*[@id=\"application-managepartners-display-component---NewPartner--addressDetailDetailsLanguage-arrow\"]"}
COMMAND: POST /session/7455601dddc232b6deafc0d190a18b4e/element/f.8E6BFA2ED3A3A2D86F199707E5BEEB8B.d.706F0E08717D21353C2A563AC94718BE.e.9280/click - {}
RESULT: {}
COMMAND: POST /session/7455601dddc232b6deafc0d190a18b4e/element - {"using":"xpath","value":"//span[contains(text(), \"English\")]"}
COMMAND: GET /session/7455601dddc232b6deafc0d190a18b4e/screenshot - {}
RESULT: {"using":"xpath","value":"//span[contains(text(), \"English\")]"}
COMMAND: POST /session/7455601dddc232b6deafc0d190a18b4e/element/f.8E6BFA2ED3A3A2D86F199707E5BEEB8B.d.706F0E08717D21353C2A563AC94718BE.e.9281/click - {}
RESULT: {}
RESULT: {}
COMMAND: GET /session/7455601dddc232b6deafc0d190a18b4e/screenshot - {}
RESULT: {}
COMMAND: POST /session/7455601dddc232b6deafc0d190a18b4e/execute/async - {"script":"<script> [1562 bytes]","args":[{"selector":{"id":"application-managepartners-display-component---NewPartner--addressDetailDetailsCity1","interaction":{"idSuffix":"inner"}},"wdio_ui5_key":"applicationmanagepartners-display-component---NewPartner--addressDetailDetailsCity1"}]}
RESULT: {"script":"<script> [1562 bytes]","args":[{"selector":{"id":"application-managepartners-display-component---NewPartner--addressDetailDetailsCity1","interaction":{"idSuffix":"inner"}},"wdio_ui5_key":"applicationmanagepartners-display-component---NewPartner--addressDetailDetailsCity1"}]}
RESULT: undefined
COMMAND: POST /session/7455601dddc232b6deafc0d190a18b4e/execute/async - {"script":"<script> [776 bytes]","args":[{"enterText":"Rosario","selector":{"id":"application-managepartners-display-component---NewPartner--addressDetailDetailsCity1","interaction":{"idSuffix":"inner"}},"clearTextFirst":true,"interactionType":"ENTER_TEXT"}]}
RESULT: {"script":"<script> [776 bytes]","args":[{"enterText":"Rosario","selector":{"id":"application-managepartners-display-component---NewPartner--addressDetailDetailsCity1","interaction":{"idSuffix":"inner"}},"clearTextFirst":true,"interactionType":"ENTER_TEXT"}]}
COMMAND: POST /session/7455601dddc232b6deafc0d190a18b4e/execute/async - {"script":"<script> [1562 bytes]","args":[{"selector":{"id":"application-managepartners-display-component---NewPartner--addressDetailDetailsCountry-arrow"},"wdio_ui5_key":"applicationmanagepartners-display-component---NewPartner--addressDetailDetailsCountry-arrow"}]}
RESULT: {"script":"<script> [1562 bytes]","args":[{"selector":{"id":"application-managepartners-display-component---NewPartner--addressDetailDetailsCountry-arrow"},"wdio_ui5_key":"applicationmanagepartners-display-component---NewPartner--addressDetailDetailsCountry-arrow"}]}
RESULT: undefined
COMMAND: POST /session/7455601dddc232b6deafc0d190a18b4e/element - {"using":"xpath","value":"//*[@id=\"application-managepartners-display-component---NewPartner--addressDetailDetailsCountry-arrow\"]"}
RESULT: {"using":"xpath","value":"//*[@id=\"application-managepartners-display-component---NewPartner--addressDetailDetailsCountry-arrow\"]"}
COMMAND: POST /session/7455601dddc232b6deafc0d190a18b4e/element/f.8E6BFA2ED3A3A2D86F199707E5BEEB8B.d.706F0E08717D21353C2A563AC94718BE.e.9255/click - {}
RESULT: {}
COMMAND: POST /session/7455601dddc232b6deafc0d190a18b4e/element - {"using":"xpath","value":"//span[contains(text(), \"Argentina\")]"}
COMMAND: GET /session/7455601dddc232b6deafc0d190a18b4e/screenshot - {}
RESULT: {"using":"xpath","value":"//span[contains(text(), \"Argentina\")]"}
COMMAND: POST /session/7455601dddc232b6deafc0d190a18b4e/element/f.8E6BFA2ED3A3A2D86F199707E5BEEB8B.d.706F0E08717D21353C2A563AC94718BE.e.9283/click - {}
RESULT: {}
RESULT: {}
COMMAND: GET /session/7455601dddc232b6deafc0d190a18b4e/screenshot - {}
RESULT: {}
COMMAND: POST /session/7455601dddc232b6deafc0d190a18b4e/element - {"using":"xpath","value":"//bdi[contains(text(), \"Commercial\")]"}
RESULT: {"using":"xpath","value":"//bdi[contains(text(), \"Commercial\")]"}
COMMAND: POST /session/7455601dddc232b6deafc0d190a18b4e/element/f.8E6BFA2ED3A3A2D86F199707E5BEEB8B.d.706F0E08717D21353C2A563AC94718BE.e.9284/click - {}
RESULT: {}
COMMAND: GET /session/7455601dddc232b6deafc0d190a18b4e/screenshot - {}
RESULT: {}
COMMAND: POST /session/7455601dddc232b6deafc0d190a18b4e/execute/async - {"script":"<script> [1562 bytes]","args":[{"selector":{"id":"application-managepartners-display-component---NewPartner--partnerDetailInternal-arrow"},"wdio_ui5_key":"applicationmanagepartners-display-component---NewPartner--partnerDetailInternal-arrow"}]}
RESULT: {"script":"<script> [1562 bytes]","args":[{"selector":{"id":"application-managepartners-display-component---NewPartner--partnerDetailInternal-arrow"},"wdio_ui5_key":"applicationmanagepartners-display-component---NewPartner--partnerDetailInternal-arrow"}]}
RESULT: undefined
COMMAND: POST /session/7455601dddc232b6deafc0d190a18b4e/element - {"using":"xpath","value":"//*[@id=\"application-managepartners-display-component---NewPartner--partnerDetailInternal-arrow\"]"}
RESULT: {"using":"xpath","value":"//*[@id=\"application-managepartners-display-component---NewPartner--partnerDetailInternal-arrow\"]"}
COMMAND: POST /session/7455601dddc232b6deafc0d190a18b4e/element/f.8E6BFA2ED3A3A2D86F199707E5BEEB8B.d.706F0E08717D21353C2A563AC94718BE.e.9290/click - {}
RESULT: {}
COMMAND: POST /session/7455601dddc232b6deafc0d190a18b4e/element - {"using":"xpath","value":"//span[contains(text(), \"Affiliated company\")]"}
COMMAND: GET /session/7455601dddc232b6deafc0d190a18b4e/screenshot - {}
RESULT: {"using":"xpath","value":"//span[contains(text(), \"Affiliated company\")]"}
COMMAND: POST /session/7455601dddc232b6deafc0d190a18b4e/element/f.8E6BFA2ED3A3A2D86F199707E5BEEB8B.d.706F0E08717D21353C2A563AC94718BE.e.9291/click - {}
RESULT: {}
RESULT: {}
COMMAND: POST /session/7455601dddc232b6deafc0d190a18b4e/execute/async - {"script":"<script> [1562 bytes]","args":[{"selector":{"id":"application-managepartners-display-component---NewPartner--partnerDetailsCurrency-arrow"},"wdio_ui5_key":"applicationmanagepartners-display-component---NewPartner--partnerDetailsCurrency-arrow"}]}
COMMAND: GET /session/7455601dddc232b6deafc0d190a18b4e/screenshot - {}
RESULT: {"script":"<script> [1562 bytes]","args":[{"selector":{"id":"application-managepartners-display-component---NewPartner--partnerDetailsCurrency-arrow"},"wdio_ui5_key":"applicationmanagepartners-display-component---NewPartner--partnerDetailsCurrency-arrow"}]}
RESULT: undefined
COMMAND: POST /session/7455601dddc232b6deafc0d190a18b4e/element - {"using":"xpath","value":"//*[@id=\"application-managepartners-display-component---NewPartner--partnerDetailsCurrency-arrow\"]"}
RESULT: {}
RESULT: {"using":"xpath","value":"//*[@id=\"application-managepartners-display-component---NewPartner--partnerDetailsCurrency-arrow\"]"}
COMMAND: POST /session/7455601dddc232b6deafc0d190a18b4e/element/f.8E6BFA2ED3A3A2D86F199707E5BEEB8B.d.706F0E08717D21353C2A563AC94718BE.e.9298/click - {}
RESULT: {}
COMMAND: POST /session/7455601dddc232b6deafc0d190a18b4e/element - {"using":"xpath","value":"//span[contains(text(), \"Euro\")]"}
COMMAND: GET /session/7455601dddc232b6deafc0d190a18b4e/screenshot - {}
RESULT: {"using":"xpath","value":"//span[contains(text(), \"Euro\")]"}
COMMAND: POST /session/7455601dddc232b6deafc0d190a18b4e/element/f.8E6BFA2ED3A3A2D86F199707E5BEEB8B.d.706F0E08717D21353C2A563AC94718BE.e.9299/click - {}
RESULT: {}
RESULT: {}
COMMAND: POST /session/7455601dddc232b6deafc0d190a18b4e/execute/async - {"script":"<script> [1562 bytes]","args":[{"selector":{"id":"application-managepartners-display-component---NewPartner--addressEditDetailsCostObjectCstType-arrow"},"wdio_ui5_key":"applicationmanagepartners-display-component---NewPartner--addressEditDetailsCostObjectCstType-arrow"}]}
COMMAND: GET /session/7455601dddc232b6deafc0d190a18b4e/screenshot - {}
RESULT: {"script":"<script> [1562 bytes]","args":[{"selector":{"id":"application-managepartners-display-component---NewPartner--addressEditDetailsCostObjectCstType-arrow"},"wdio_ui5_key":"applicationmanagepartners-display-component---NewPartner--addressEditDetailsCostObjectCstType-arrow"}]}
RESULT: undefined
COMMAND: POST /session/7455601dddc232b6deafc0d190a18b4e/element - {"using":"xpath","value":"//*[@id=\"application-managepartners-display-component---NewPartner--addressEditDetailsCostObjectCstType-arrow\"]"}
RESULT: {}
RESULT: {"using":"xpath","value":"//*[@id=\"application-managepartners-display-component---NewPartner--addressEditDetailsCostObjectCstType-arrow\"]"}
COMMAND: POST /session/7455601dddc232b6deafc0d190a18b4e/element/f.8E6BFA2ED3A3A2D86F199707E5BEEB8B.d.706F0E08717D21353C2A563AC94718BE.e.9300/click - {}
RESULT: {}
COMMAND: POST /session/7455601dddc232b6deafc0d190a18b4e/element - {"using":"xpath","value":"//span[contains(text(), \"Cost Center\")]"}
COMMAND: GET /session/7455601dddc232b6deafc0d190a18b4e/screenshot - {}
RESULT: {"using":"xpath","value":"//span[contains(text(), \"Cost Center\")]"}
COMMAND: POST /session/7455601dddc232b6deafc0d190a18b4e/element/f.8E6BFA2ED3A3A2D86F199707E5BEEB8B.d.706F0E08717D21353C2A563AC94718BE.e.9301/click - {}
RESULT: {}
RESULT: {}
COMMAND: GET /session/7455601dddc232b6deafc0d190a18b4e/screenshot - {}
RESULT: {}
COMMAND: POST /session/7455601dddc232b6deafc0d190a18b4e/element - {"using":"xpath","value":"//span[@id=\"application-managepartners-display-component---NewPartner--addressNewCostObjectCstID-vhi\"]"}
RESULT: {"using":"xpath","value":"//span[@id=\"application-managepartners-display-component---NewPartner--addressNewCostObjectCstID-vhi\"]"}
COMMAND: POST /session/7455601dddc232b6deafc0d190a18b4e/execute/sync - {"script":"<script> [8489 bytes]","args":[{"element-6066-11e4-a52e-4f735466cecf":"f.8E6BFA2ED3A3A2D86F199707E5BEEB8B.d.706F0E08717D21353C2A563AC94718BE.e.9305","ELEMENT":"f.8E6BFA2ED3A3A2D86F199707E5BEEB8B.d.706F0E08717D21353C2A563AC94718BE.e.9305"}]}
RESULT: {"script":"<script> [8489 bytes]","args":[{"element-6066-11e4-a52e-4f735466cecf":"f.8E6BFA2ED3A3A2D86F199707E5BEEB8B.d.706F0E08717D21353C2A563AC94718BE.e.9305","ELEMENT":"f.8E6BFA2ED3A3A2D86F199707E5BEEB8B.d.706F0E08717D21353C2A563AC94718BE.e.9305"}]}
COMMAND: POST /session/7455601dddc232b6deafc0d190a18b4e/execute/async - {"script":"<script> [1562 bytes]","args":[{"selector":{"id":"application-managepartners-display-component---NewPartner--addressNewCostObjectCstID-vhi"},"wdio_ui5_key":"applicationmanagepartners-display-component---NewPartner--addressNewCostObjectCstID-vhi"}]}
COMMAND: GET /session/7455601dddc232b6deafc0d190a18b4e/screenshot - {}
RESULT: {}
RESULT: {"script":"<script> [1562 bytes]","args":[{"selector":{"id":"application-managepartners-display-component---NewPartner--addressNewCostObjectCstID-vhi"},"wdio_ui5_key":"applicationmanagepartners-display-component---NewPartner--addressNewCostObjectCstID-vhi"}]}
RESULT: undefined
COMMAND: POST /session/7455601dddc232b6deafc0d190a18b4e/element - {"using":"xpath","value":"//*[@id=\"application-managepartners-display-component---NewPartner--addressNewCostObjectCstID-vhi\"]"}
RESULT: {"using":"xpath","value":"//*[@id=\"application-managepartners-display-component---NewPartner--addressNewCostObjectCstID-vhi\"]"}
COMMAND: POST /session/7455601dddc232b6deafc0d190a18b4e/element/f.8E6BFA2ED3A3A2D86F199707E5BEEB8B.d.706F0E08717D21353C2A563AC94718BE.e.9305/click - {}
RESULT: {}
COMMAND: GET /session/7455601dddc232b6deafc0d190a18b4e/screenshot - {}
RESULT: {}
RESULT: undefined
COMMAND: POST /session/7455601dddc232b6deafc0d190a18b4e/execute/async - {"script":"<script> [776 bytes]","args":[{"enterText":"10001013","selector":{"controlType":"sap.m.SearchField","properties":{"placeholder":"Search"},"searchOpenDialogs":true,"interaction":{"idSuffix":"I"}},"clearTextFirst":true,"interactionType":"ENTER_TEXT"}]}
RESULT: {"script":"<script> [776 bytes]","args":[{"enterText":"10001013","selector":{"controlType":"sap.m.SearchField","properties":{"placeholder":"Search"},"searchOpenDialogs":true,"interaction":{"idSuffix":"I"}},"clearTextFirst":true,"interactionType":"ENTER_TEXT"}]}
COMMAND: POST /session/7455601dddc232b6deafc0d190a18b4e/actions - {"actions":[{"id":"action21","type":"key","parameters":{},"actions":[{"type":"keyDown","value":""},{"type":"pause","duration":10},{"type":"keyUp","value":""}]}]}
RESULT: {"actions":[{"id":"action21","type":"key","parameters":{},"actions":[{"type":"keyDown","value":""},{"type":"pause","duration":10},{"type":"keyUp","value":""}]}]}
COMMAND: GET /session/7455601dddc232b6deafc0d190a18b4e/screenshot - {}
RESULT: {}
COMMAND: POST /session/7455601dddc232b6deafc0d190a18b4e/element - {"using":"xpath","value":"//span[contains(text(), \"General Management\")]"}
RESULT: {"using":"xpath","value":"//span[contains(text(), \"General Management\")]"}
COMMAND: POST /session/7455601dddc232b6deafc0d190a18b4e/element/f.8E6BFA2ED3A3A2D86F199707E5BEEB8B.d.706F0E08717D21353C2A563AC94718BE.e.9344/click - {}
RESULT: {}
COMMAND: GET /session/7455601dddc232b6deafc0d190a18b4e/screenshot - {}
RESULT: {}
COMMAND: POST /session/7455601dddc232b6deafc0d190a18b4e/element - {"using":"xpath","value":"//bdi[contains(text(), \"OK\")]"}
RESULT: {"using":"xpath","value":"//bdi[contains(text(), \"OK\")]"}
COMMAND: POST /session/7455601dddc232b6deafc0d190a18b4e/element/f.8E6BFA2ED3A3A2D86F199707E5BEEB8B.d.706F0E08717D21353C2A563AC94718BE.e.9345/click - {}
RESULT: {}
COMMAND: GET /session/7455601dddc232b6deafc0d190a18b4e/screenshot - {}
RESULT: {}
COMMAND: POST /session/7455601dddc232b6deafc0d190a18b4e/element - {"using":"xpath","value":"//input[@id=\"application-managepartners-display-component---NewPartner--companyCodeComboBox-inner\"]"}
RESULT: {"using":"xpath","value":"//input[@id=\"application-managepartners-display-component---NewPartner--companyCodeComboBox-inner\"]"}
COMMAND: POST /session/7455601dddc232b6deafc0d190a18b4e/element/f.8E6BFA2ED3A3A2D86F199707E5BEEB8B.d.706F0E08717D21353C2A563AC94718BE.e.9145/clear - {}
RESULT: {}
COMMAND: POST /session/7455601dddc232b6deafc0d190a18b4e/element/f.8E6BFA2ED3A3A2D86F199707E5BEEB8B.d.706F0E08717D21353C2A563AC94718BE.e.9145/value - {"text":"1000"}
COMMAND: GET /session/7455601dddc232b6deafc0d190a18b4e/screenshot - {}
RESULT: {"text":"1000"}
COMMAND: GET /session/7455601dddc232b6deafc0d190a18b4e/screenshot - {}
RESULT: {}
RESULT: {}
COMMAND: POST /session/7455601dddc232b6deafc0d190a18b4e/element - {"using":"xpath","value":"//li[.//span[text()= \"1000\"]]"}
RESULT: {"using":"xpath","value":"//li[.//span[text()= \"1000\"]]"}
COMMAND: POST /session/7455601dddc232b6deafc0d190a18b4e/element/f.8E6BFA2ED3A3A2D86F199707E5BEEB8B.d.706F0E08717D21353C2A563AC94718BE.e.9351/click - {}
RESULT: {}
COMMAND: GET /session/7455601dddc232b6deafc0d190a18b4e/screenshot - {}
RESULT: {}
COMMAND: POST /session/7455601dddc232b6deafc0d190a18b4e/execute/async - {"script":"<script> [1562 bytes]","args":[{"selector":{"id":"application-managepartners-display-component---NewPartner--btnAddTableRow-img"},"wdio_ui5_key":"applicationmanagepartners-display-component---NewPartner--btnAddTableRow-img"}]}
RESULT: {"script":"<script> [1562 bytes]","args":[{"selector":{"id":"application-managepartners-display-component---NewPartner--btnAddTableRow-img"},"wdio_ui5_key":"applicationmanagepartners-display-component---NewPartner--btnAddTableRow-img"}]}
RESULT: undefined
COMMAND: POST /session/7455601dddc232b6deafc0d190a18b4e/element - {"using":"xpath","value":"//*[@id=\"application-managepartners-display-component---NewPartner--btnAddTableRow-img\"]"}
RESULT: {"using":"xpath","value":"//*[@id=\"application-managepartners-display-component---NewPartner--btnAddTableRow-img\"]"}
COMMAND: POST /session/7455601dddc232b6deafc0d190a18b4e/element/f.8E6BFA2ED3A3A2D86F199707E5BEEB8B.d.706F0E08717D21353C2A563AC94718BE.e.9352/click - {}
RESULT: {}
COMMAND: GET /session/7455601dddc232b6deafc0d190a18b4e/screenshot - {}
RESULT: {}
COMMAND: POST /session/7455601dddc232b6deafc0d190a18b4e/element - {"using":"xpath","value":"//input[@id=\"application-managepartners-display-component---NewPartner--assignmentYard-application-managepartners-display-component---NewPartner--assignmentsTable-0-inner\"]"}
RESULT: {"using":"xpath","value":"//input[@id=\"application-managepartners-display-component---NewPartner--assignmentYard-application-managepartners-display-component---NewPartner--assignmentsTable-0-inner\"]"}
COMMAND: POST /session/7455601dddc232b6deafc0d190a18b4e/element/f.8E6BFA2ED3A3A2D86F199707E5BEEB8B.d.706F0E08717D21353C2A563AC94718BE.e.9355/clear - {}
RESULT: {}
COMMAND: POST /session/7455601dddc232b6deafc0d190a18b4e/element/f.8E6BFA2ED3A3A2D86F199707E5BEEB8B.d.706F0E08717D21353C2A563AC94718BE.e.9355/value - {"text":"400"}
COMMAND: GET /session/7455601dddc232b6deafc0d190a18b4e/screenshot - {}
RESULT: {"text":"400"}
COMMAND: GET /session/7455601dddc232b6deafc0d190a18b4e/screenshot - {}
RESULT: {}
RESULT: {}
COMMAND: POST /session/7455601dddc232b6deafc0d190a18b4e/element - {"using":"xpath","value":"//li[.//span[text()='400']]"}
RESULT: {"using":"xpath","value":"//li[.//span[text()='400']]"}
COMMAND: POST /session/7455601dddc232b6deafc0d190a18b4e/element/f.8E6BFA2ED3A3A2D86F199707E5BEEB8B.d.706F0E08717D21353C2A563AC94718BE.e.9364/click - {}
RESULT: {}
COMMAND: GET /session/7455601dddc232b6deafc0d190a18b4e/screenshot - {}
RESULT: {}
COMMAND: POST /session/7455601dddc232b6deafc0d190a18b4e/actions - {"actions":[{"id":"action22","type":"key","parameters":{},"actions":[{"type":"keyDown","value":""},{"type":"pause","duration":10},{"type":"keyUp","value":""}]}]}
RESULT: {"actions":[{"id":"action22","type":"key","parameters":{},"actions":[{"type":"keyDown","value":""},{"type":"pause","duration":10},{"type":"keyUp","value":""}]}]}
COMMAND: POST /session/7455601dddc232b6deafc0d190a18b4e/execute/async - {"script":"<script> [1562 bytes]","args":[{"selector":{"id":"application-managepartners-display-component---NewPartner--externalCustomerComboBox-application-managepartners-display-component---NewPartner--assignmentsTable-0-vhi"},"wdio_ui5_key":"applicationmanagepartners-display-component---NewPartner--externalCustomerComboBox-application-managepartners-display-component---NewPartner--assignmentsTable-0-vhi"}]}
COMMAND: GET /session/7455601dddc232b6deafc0d190a18b4e/screenshot - {}
RESULT: {"script":"<script> [1562 bytes]","args":[{"selector":{"id":"application-managepartners-display-component---NewPartner--externalCustomerComboBox-application-managepartners-display-component---NewPartner--assignmentsTable-0-vhi"},"wdio_ui5_key":"applicationmanagepartners-display-component---NewPartner--externalCustomerComboBox-application-managepartners-display-component---NewPartner--assignmentsTable-0-vhi"}]}
RESULT: undefined
COMMAND: POST /session/7455601dddc232b6deafc0d190a18b4e/element - {"using":"xpath","value":"//*[@id=\"application-managepartners-display-component---NewPartner--externalCustomerComboBox-application-managepartners-display-component---NewPartner--assignmentsTable-0-vhi\"]"}
RESULT: {}
RESULT: {"using":"xpath","value":"//*[@id=\"application-managepartners-display-component---NewPartner--externalCustomerComboBox-application-managepartners-display-component---NewPartner--assignmentsTable-0-vhi\"]"}
COMMAND: POST /session/7455601dddc232b6deafc0d190a18b4e/element/f.8E6BFA2ED3A3A2D86F199707E5BEEB8B.d.706F0E08717D21353C2A563AC94718BE.e.9368/click - {}
RESULT: {}
RESULT: undefined
COMMAND: POST /session/7455601dddc232b6deafc0d190a18b4e/execute/async - {"script":"<script> [776 bytes]","args":[{"enterText":"300003","selector":{"controlType":"sap.m.SearchField","properties":{"placeholder":"Search"},"searchOpenDialogs":true,"interaction":{"idSuffix":"I"}},"clearTextFirst":true,"interactionType":"ENTER_TEXT"}]}
COMMAND: GET /session/7455601dddc232b6deafc0d190a18b4e/screenshot - {}
RESULT: {"script":"<script> [776 bytes]","args":[{"enterText":"300003","selector":{"controlType":"sap.m.SearchField","properties":{"placeholder":"Search"},"searchOpenDialogs":true,"interaction":{"idSuffix":"I"}},"clearTextFirst":true,"interactionType":"ENTER_TEXT"}]}
COMMAND: POST /session/7455601dddc232b6deafc0d190a18b4e/actions - {"actions":[{"id":"action23","type":"key","parameters":{},"actions":[{"type":"keyDown","value":""},{"type":"pause","duration":10},{"type":"keyUp","value":""}]}]}
RESULT: {}
RESULT: {"actions":[{"id":"action23","type":"key","parameters":{},"actions":[{"type":"keyDown","value":""},{"type":"pause","duration":10},{"type":"keyUp","value":""}]}]}
COMMAND: GET /session/7455601dddc232b6deafc0d190a18b4e/screenshot - {}
RESULT: {}
COMMAND: POST /session/7455601dddc232b6deafc0d190a18b4e/element - {"using":"xpath","value":"//span[contains(text(), \"300003\")]"}
RESULT: {"using":"xpath","value":"//span[contains(text(), \"300003\")]"}
COMMAND: POST /session/7455601dddc232b6deafc0d190a18b4e/element/f.8E6BFA2ED3A3A2D86F199707E5BEEB8B.d.706F0E08717D21353C2A563AC94718BE.e.9385/click - {}
RESULT: {}
COMMAND: GET /session/7455601dddc232b6deafc0d190a18b4e/screenshot - {}
RESULT: {}
COMMAND: POST /session/7455601dddc232b6deafc0d190a18b4e/element - {"using":"xpath","value":"//bdi[contains(text(), \"OK\")]"}
RESULT: {"using":"xpath","value":"//bdi[contains(text(), \"OK\")]"}
COMMAND: POST /session/7455601dddc232b6deafc0d190a18b4e/element/f.8E6BFA2ED3A3A2D86F199707E5BEEB8B.d.706F0E08717D21353C2A563AC94718BE.e.9387/click - {}
RESULT: {}
COMMAND: GET /session/7455601dddc232b6deafc0d190a18b4e/screenshot - {}
RESULT: {}
COMMAND: POST /session/7455601dddc232b6deafc0d190a18b4e/execute/async - {"script":"<script> [1562 bytes]","args":[{"selector":{"id":"application-managepartners-display-component---NewPartner--intercompVendorComboBox-application-managepartners-display-component---NewPartner--assignmentsTable-0-vhi"},"wdio_ui5_key":"applicationmanagepartners-display-component---NewPartner--intercompVendorComboBox-application-managepartners-display-component---NewPartner--assignmentsTable-0-vhi"}]}
RESULT: {"script":"<script> [1562 bytes]","args":[{"selector":{"id":"application-managepartners-display-component---NewPartner--intercompVendorComboBox-application-managepartners-display-component---NewPartner--assignmentsTable-0-vhi"},"wdio_ui5_key":"applicationmanagepartners-display-component---NewPartner--intercompVendorComboBox-application-managepartners-display-component---NewPartner--assignmentsTable-0-vhi"}]}
RESULT: undefined
COMMAND: POST /session/7455601dddc232b6deafc0d190a18b4e/element - {"using":"xpath","value":"//*[@id=\"application-managepartners-display-component---NewPartner--intercompVendorComboBox-application-managepartners-display-component---NewPartner--assignmentsTable-0-vhi\"]"}
RESULT: {"using":"xpath","value":"//*[@id=\"application-managepartners-display-component---NewPartner--intercompVendorComboBox-application-managepartners-display-component---NewPartner--assignmentsTable-0-vhi\"]"}
COMMAND: POST /session/7455601dddc232b6deafc0d190a18b4e/element/f.8E6BFA2ED3A3A2D86F199707E5BEEB8B.d.706F0E08717D21353C2A563AC94718BE.e.9390/click - {}
RESULT: {}
RESULT: undefined
COMMAND: POST /session/7455601dddc232b6deafc0d190a18b4e/execute/async - {"script":"<script> [776 bytes]","args":[{"enterText":"100005","selector":{"controlType":"sap.m.SearchField","properties":{"placeholder":"Search"},"searchOpenDialogs":true,"interaction":{"idSuffix":"I"}},"clearTextFirst":true,"interactionType":"ENTER_TEXT"}]}
COMMAND: GET /session/7455601dddc232b6deafc0d190a18b4e/screenshot - {}
RESULT: {"script":"<script> [776 bytes]","args":[{"enterText":"100005","selector":{"controlType":"sap.m.SearchField","properties":{"placeholder":"Search"},"searchOpenDialogs":true,"interaction":{"idSuffix":"I"}},"clearTextFirst":true,"interactionType":"ENTER_TEXT"}]}
COMMAND: POST /session/7455601dddc232b6deafc0d190a18b4e/actions - {"actions":[{"id":"action24","type":"key","parameters":{},"actions":[{"type":"keyDown","value":""},{"type":"pause","duration":10},{"type":"keyUp","value":""}]}]}
RESULT: {}
RESULT: {"actions":[{"id":"action24","type":"key","parameters":{},"actions":[{"type":"keyDown","value":""},{"type":"pause","duration":10},{"type":"keyUp","value":""}]}]}
COMMAND: GET /session/7455601dddc232b6deafc0d190a18b4e/screenshot - {}
RESULT: {}
COMMAND: POST /session/7455601dddc232b6deafc0d190a18b4e/element - {"using":"xpath","value":"//span[contains(text(), \"Penguins - Field/12345 Berlin\")]"}
RESULT: {"using":"xpath","value":"//span[contains(text(), \"Penguins - Field/12345 Berlin\")]"}
COMMAND: POST /session/7455601dddc232b6deafc0d190a18b4e/element/f.8E6BFA2ED3A3A2D86F199707E5BEEB8B.d.706F0E08717D21353C2A563AC94718BE.e.9408/click - {}
RESULT: {}
COMMAND: GET /session/7455601dddc232b6deafc0d190a18b4e/screenshot - {}
RESULT: {}
COMMAND: POST /session/7455601dddc232b6deafc0d190a18b4e/element - {"using":"xpath","value":"//bdi[contains(text(), \"OK\")]"}
RESULT: {"using":"xpath","value":"//bdi[contains(text(), \"OK\")]"}
COMMAND: POST /session/7455601dddc232b6deafc0d190a18b4e/element/f.8E6BFA2ED3A3A2D86F199707E5BEEB8B.d.706F0E08717D21353C2A563AC94718BE.e.9409/click - {}
RESULT: {}
COMMAND: GET /session/7455601dddc232b6deafc0d190a18b4e/screenshot - {}
RESULT: {}
COMMAND: POST /session/7455601dddc232b6deafc0d190a18b4e/element - {"using":"xpath","value":"//button[@data-kt=\"saveButton\"]"}
RESULT: {"using":"xpath","value":"//button[@data-kt=\"saveButton\"]"}
COMMAND: POST /session/7455601dddc232b6deafc0d190a18b4e/element/f.8E6BFA2ED3A3A2D86F199707E5BEEB8B.d.706F0E08717D21353C2A563AC94718BE.e.9257/click - {}
RESULT: {}
COMMAND: GET /session/7455601dddc232b6deafc0d190a18b4e/screenshot - {}
RESULT: {}
COMMAND: POST /session/7455601dddc232b6deafc0d190a18b4e/element - {"using":"xpath","value":"//header[contains(@id, 'ObjectPageLayout-headerTitle')]/div[1]/div[2]/div[2]/span[1]"}
RESULT: {"using":"xpath","value":"//header[contains(@id, 'ObjectPageLayout-headerTitle')]/div[1]/div[2]/div[2]/span[1]"}
COMMAND: POST /session/7455601dddc232b6deafc0d190a18b4e/elements - {"using":"xpath","value":"//header[contains(@id, 'ObjectPageLayout-headerTitle')]/div[1]/div[2]/div[2]/span[1]"}
RESULT: {"using":"xpath","value":"//header[contains(@id, 'ObjectPageLayout-headerTitle')]/div[1]/div[2]/div[2]/span[1]"}
COMMAND: POST /session/7455601dddc232b6deafc0d190a18b4e/execute/sync - {"script":"<script> [56 bytes]","args":[{"element-6066-11e4-a52e-4f735466cecf":"f.8E6BFA2ED3A3A2D86F199707E5BEEB8B.d.706F0E08717D21353C2A563AC94718BE.e.9572","ELEMENT":"f.8E6BFA2ED3A3A2D86F199707E5BEEB8B.d.706F0E08717D21353C2A563AC94718BE.e.9572"}]}
RESULT: {"script":"<script> [56 bytes]","args":[{"element-6066-11e4-a52e-4f735466cecf":"f.8E6BFA2ED3A3A2D86F199707E5BEEB8B.d.706F0E08717D21353C2A563AC94718BE.e.9572","ELEMENT":"f.8E6BFA2ED3A3A2D86F199707E5BEEB8B.d.706F0E08717D21353C2A563AC94718BE.e.9572"}]}
COMMAND: POST /session/7455601dddc232b6deafc0d190a18b4e/element - {"using":"css selector","value":"#shell-header-logo"}
COMMAND: GET /session/7455601dddc232b6deafc0d190a18b4e/screenshot - {}
RESULT: {"using":"css selector","value":"#shell-header-logo"}
COMMAND: POST /session/7455601dddc232b6deafc0d190a18b4e/element/f.8E6BFA2ED3A3A2D86F199707E5BEEB8B.d.706F0E08717D21353C2A563AC94718BE.e.8800/click - {}
RESULT: {}
RESULT: {}
COMMAND: GET /session/7455601dddc232b6deafc0d190a18b4e/screenshot - {}
RESULT: {}
COMMAND: POST /session/7455601dddc232b6deafc0d190a18b4e/execute/sync - {"script":"<script> [299 bytes]","args":[["getModel","getResource"]]}
RESULT: {"script":"<script> [299 bytes]","args":[["getModel","getResource"]]}
]]></system-out>
    </testcase>
    <testcase classname="chrome.136_0_7103_93.windows.Billing_Transfer_-_Intracompany_US127249" name="Should create a new site" time="114.428">
      <system-out><![CDATA[
COMMAND: POST /session/7455601dddc232b6deafc0d190a18b4e/execute/async - {"script":"<script> [1562 bytes]","args":[{"selector":{"controlType":"sap.m.GenericTile","properties":{"header":"Manage Sites"}},"wdio_ui5_key":"sapm.GenericTile{\"header\":\"Manage Sites\"}"}]}
COMMAND: GET /session/7455601dddc232b6deafc0d190a18b4e/screenshot - {}
RESULT: {"script":"<script> [1562 bytes]","args":[{"selector":{"controlType":"sap.m.GenericTile","properties":{"header":"Manage Sites"}},"wdio_ui5_key":"sapm.GenericTile{\"header\":\"Manage Sites\"}"}]}
RESULT: undefined
COMMAND: POST /session/7455601dddc232b6deafc0d190a18b4e/element - {"using":"xpath","value":"//*[@id=\"__tile40\"]"}
RESULT: {}
RESULT: {"using":"xpath","value":"//*[@id=\"__tile40\"]"}
COMMAND: POST /session/7455601dddc232b6deafc0d190a18b4e/element/f.8E6BFA2ED3A3A2D86F199707E5BEEB8B.d.706F0E08717D21353C2A563AC94718BE.e.7954/click - {}
RESULT: {}
COMMAND: GET /session/7455601dddc232b6deafc0d190a18b4e/screenshot - {}
RESULT: {}
COMMAND: POST /session/7455601dddc232b6deafc0d190a18b4e/elements - {"using":"xpath","value":"//span[text()='Error']"}
RESULT: {"using":"xpath","value":"//span[text()='Error']"}
COMMAND: POST /session/7455601dddc232b6deafc0d190a18b4e/element - {"using":"xpath","value":"//button[@data-kt=\"addOverflowToolbarButton\"]"}
RESULT: {"using":"xpath","value":"//button[@data-kt=\"addOverflowToolbarButton\"]"}
COMMAND: POST /session/7455601dddc232b6deafc0d190a18b4e/elements - {"using":"xpath","value":"//button[@data-kt=\"addOverflowToolbarButton\"]"}
RESULT: {"using":"xpath","value":"//button[@data-kt=\"addOverflowToolbarButton\"]"}
COMMAND: POST /session/7455601dddc232b6deafc0d190a18b4e/execute/sync - {"script":"<script> [8489 bytes]","args":[{"element-6066-11e4-a52e-4f735466cecf":"f.8E6BFA2ED3A3A2D86F199707E5BEEB8B.d.706F0E08717D21353C2A563AC94718BE.e.9619","ELEMENT":"f.8E6BFA2ED3A3A2D86F199707E5BEEB8B.d.706F0E08717D21353C2A563AC94718BE.e.9619"}]}
RESULT: {"script":"<script> [8489 bytes]","args":[{"element-6066-11e4-a52e-4f735466cecf":"f.8E6BFA2ED3A3A2D86F199707E5BEEB8B.d.706F0E08717D21353C2A563AC94718BE.e.9619","ELEMENT":"f.8E6BFA2ED3A3A2D86F199707E5BEEB8B.d.706F0E08717D21353C2A563AC94718BE.e.9619"}]}
COMMAND: GET /session/7455601dddc232b6deafc0d190a18b4e/element/f.8E6BFA2ED3A3A2D86F199707E5BEEB8B.d.706F0E08717D21353C2A563AC94718BE.e.9619/enabled - {}
COMMAND: GET /session/7455601dddc232b6deafc0d190a18b4e/screenshot - {}
RESULT: {}
COMMAND: POST /session/7455601dddc232b6deafc0d190a18b4e/execute/sync - {"script":"<script> [8489 bytes]","args":[{"element-6066-11e4-a52e-4f735466cecf":"f.8E6BFA2ED3A3A2D86F199707E5BEEB8B.d.706F0E08717D21353C2A563AC94718BE.e.9619","ELEMENT":"f.8E6BFA2ED3A3A2D86F199707E5BEEB8B.d.706F0E08717D21353C2A563AC94718BE.e.9619"}]}
COMMAND: GET /session/7455601dddc232b6deafc0d190a18b4e/screenshot - {}
RESULT: {}
RESULT: {"script":"<script> [8489 bytes]","args":[{"element-6066-11e4-a52e-4f735466cecf":"f.8E6BFA2ED3A3A2D86F199707E5BEEB8B.d.706F0E08717D21353C2A563AC94718BE.e.9619","ELEMENT":"f.8E6BFA2ED3A3A2D86F199707E5BEEB8B.d.706F0E08717D21353C2A563AC94718BE.e.9619"}]}
COMMAND: POST /session/7455601dddc232b6deafc0d190a18b4e/execute/sync - {"script":"<script> [5351 bytes]","args":[{"element-6066-11e4-a52e-4f735466cecf":"f.8E6BFA2ED3A3A2D86F199707E5BEEB8B.d.706F0E08717D21353C2A563AC94718BE.e.9619","ELEMENT":"f.8E6BFA2ED3A3A2D86F199707E5BEEB8B.d.706F0E08717D21353C2A563AC94718BE.e.9619"}]}
COMMAND: GET /session/7455601dddc232b6deafc0d190a18b4e/screenshot - {}
RESULT: {}
RESULT: {"script":"<script> [5351 bytes]","args":[{"element-6066-11e4-a52e-4f735466cecf":"f.8E6BFA2ED3A3A2D86F199707E5BEEB8B.d.706F0E08717D21353C2A563AC94718BE.e.9619","ELEMENT":"f.8E6BFA2ED3A3A2D86F199707E5BEEB8B.d.706F0E08717D21353C2A563AC94718BE.e.9619"}]}
COMMAND: POST /session/7455601dddc232b6deafc0d190a18b4e/element/f.8E6BFA2ED3A3A2D86F199707E5BEEB8B.d.706F0E08717D21353C2A563AC94718BE.e.9619/click - {}
COMMAND: GET /session/7455601dddc232b6deafc0d190a18b4e/screenshot - {}
RESULT: {}
RESULT: {}
COMMAND: GET /session/7455601dddc232b6deafc0d190a18b4e/screenshot - {}
COMMAND: POST /session/7455601dddc232b6deafc0d190a18b4e/element - {"using":"xpath","value":"//input[@id=\"application-managesites-display-component---NewSite--siteId-inner\"]"}
RESULT: {}
RESULT: {}
RESULT: {"using":"xpath","value":"//input[@id=\"application-managesites-display-component---NewSite--siteId-inner\"]"}
COMMAND: POST /session/7455601dddc232b6deafc0d190a18b4e/element - {"using":"xpath","value":"//input[@id=\"application-managesites-display-component---NewSite--siteId-inner\"]"}
RESULT: {"using":"xpath","value":"//input[@id=\"application-managesites-display-component---NewSite--siteId-inner\"]"}
COMMAND: POST /session/7455601dddc232b6deafc0d190a18b4e/execute/async - {"script":"<script> [1562 bytes]","args":[{"selector":{"id":"application-managesites-display-component---NewSite--addressDetailDetailsName1","interaction":{"idSuffix":"inner"}},"wdio_ui5_key":"applicationmanagesites-display-component---NewSite--addressDetailDetailsName1"}]}
RESULT: {"script":"<script> [1562 bytes]","args":[{"selector":{"id":"application-managesites-display-component---NewSite--addressDetailDetailsName1","interaction":{"idSuffix":"inner"}},"wdio_ui5_key":"applicationmanagesites-display-component---NewSite--addressDetailDetailsName1"}]}
RESULT: undefined
COMMAND: POST /session/7455601dddc232b6deafc0d190a18b4e/execute/async - {"script":"<script> [776 bytes]","args":[{"enterText":"Intracompany Site wdIO","selector":{"id":"application-managesites-display-component---NewSite--addressDetailDetailsName1","interaction":{"idSuffix":"inner"}},"clearTextFirst":true,"interactionType":"ENTER_TEXT"}]}
RESULT: {"script":"<script> [776 bytes]","args":[{"enterText":"Intracompany Site wdIO","selector":{"id":"application-managesites-display-component---NewSite--addressDetailDetailsName1","interaction":{"idSuffix":"inner"}},"clearTextFirst":true,"interactionType":"ENTER_TEXT"}]}
COMMAND: POST /session/7455601dddc232b6deafc0d190a18b4e/execute/async - {"script":"<script> [1562 bytes]","args":[{"selector":{"id":"application-managesites-display-component---NewSite--addressDetailDetailsLanguage-arrow"},"wdio_ui5_key":"applicationmanagesites-display-component---NewSite--addressDetailDetailsLanguage-arrow"}]}
RESULT: {"script":"<script> [1562 bytes]","args":[{"selector":{"id":"application-managesites-display-component---NewSite--addressDetailDetailsLanguage-arrow"},"wdio_ui5_key":"applicationmanagesites-display-component---NewSite--addressDetailDetailsLanguage-arrow"}]}
RESULT: undefined
COMMAND: POST /session/7455601dddc232b6deafc0d190a18b4e/element - {"using":"xpath","value":"//*[@id=\"application-managesites-display-component---NewSite--addressDetailDetailsLanguage-arrow\"]"}
RESULT: {"using":"xpath","value":"//*[@id=\"application-managesites-display-component---NewSite--addressDetailDetailsLanguage-arrow\"]"}
COMMAND: POST /session/7455601dddc232b6deafc0d190a18b4e/element/f.8E6BFA2ED3A3A2D86F199707E5BEEB8B.d.706F0E08717D21353C2A563AC94718BE.e.10025/click - {}
RESULT: {}
COMMAND: POST /session/7455601dddc232b6deafc0d190a18b4e/element - {"using":"xpath","value":"//span[contains(text(), \"English\")]"}
COMMAND: GET /session/7455601dddc232b6deafc0d190a18b4e/screenshot - {}
RESULT: {"using":"xpath","value":"//span[contains(text(), \"English\")]"}
COMMAND: POST /session/7455601dddc232b6deafc0d190a18b4e/element/f.8E6BFA2ED3A3A2D86F199707E5BEEB8B.d.706F0E08717D21353C2A563AC94718BE.e.10026/click - {}
RESULT: {}
RESULT: {}
COMMAND: POST /session/7455601dddc232b6deafc0d190a18b4e/execute/async - {"script":"<script> [1562 bytes]","args":[{"selector":{"id":"application-managesites-display-component---NewSite--addressDetailDetailsCity1","interaction":{"idSuffix":"inner"}},"wdio_ui5_key":"applicationmanagesites-display-component---NewSite--addressDetailDetailsCity1"}]}
COMMAND: GET /session/7455601dddc232b6deafc0d190a18b4e/screenshot - {}
RESULT: {"script":"<script> [1562 bytes]","args":[{"selector":{"id":"application-managesites-display-component---NewSite--addressDetailDetailsCity1","interaction":{"idSuffix":"inner"}},"wdio_ui5_key":"applicationmanagesites-display-component---NewSite--addressDetailDetailsCity1"}]}
RESULT: undefined
COMMAND: POST /session/7455601dddc232b6deafc0d190a18b4e/execute/async - {"script":"<script> [776 bytes]","args":[{"enterText":"Rosario","selector":{"id":"application-managesites-display-component---NewSite--addressDetailDetailsCity1","interaction":{"idSuffix":"inner"}},"clearTextFirst":true,"interactionType":"ENTER_TEXT"}]}
RESULT: {}
RESULT: {"script":"<script> [776 bytes]","args":[{"enterText":"Rosario","selector":{"id":"application-managesites-display-component---NewSite--addressDetailDetailsCity1","interaction":{"idSuffix":"inner"}},"clearTextFirst":true,"interactionType":"ENTER_TEXT"}]}
COMMAND: POST /session/7455601dddc232b6deafc0d190a18b4e/execute/async - {"script":"<script> [1562 bytes]","args":[{"selector":{"id":"application-managesites-display-component---NewSite--addressDetailDetailsCountry-arrow"},"wdio_ui5_key":"applicationmanagesites-display-component---NewSite--addressDetailDetailsCountry-arrow"}]}
RESULT: {"script":"<script> [1562 bytes]","args":[{"selector":{"id":"application-managesites-display-component---NewSite--addressDetailDetailsCountry-arrow"},"wdio_ui5_key":"applicationmanagesites-display-component---NewSite--addressDetailDetailsCountry-arrow"}]}
RESULT: undefined
COMMAND: POST /session/7455601dddc232b6deafc0d190a18b4e/element - {"using":"xpath","value":"//*[@id=\"application-managesites-display-component---NewSite--addressDetailDetailsCountry-arrow\"]"}
RESULT: {"using":"xpath","value":"//*[@id=\"application-managesites-display-component---NewSite--addressDetailDetailsCountry-arrow\"]"}
COMMAND: POST /session/7455601dddc232b6deafc0d190a18b4e/element/f.8E6BFA2ED3A3A2D86F199707E5BEEB8B.d.706F0E08717D21353C2A563AC94718BE.e.10028/click - {}
RESULT: {}
COMMAND: POST /session/7455601dddc232b6deafc0d190a18b4e/element - {"using":"xpath","value":"//span[contains(text(), \"Argentina\")]"}
COMMAND: GET /session/7455601dddc232b6deafc0d190a18b4e/screenshot - {}
RESULT: {"using":"xpath","value":"//span[contains(text(), \"Argentina\")]"}
COMMAND: POST /session/7455601dddc232b6deafc0d190a18b4e/element/f.8E6BFA2ED3A3A2D86F199707E5BEEB8B.d.706F0E08717D21353C2A563AC94718BE.e.10030/click - {}
RESULT: {}
RESULT: {}
COMMAND: GET /session/7455601dddc232b6deafc0d190a18b4e/screenshot - {}
RESULT: {}
COMMAND: POST /session/7455601dddc232b6deafc0d190a18b4e/execute/async - {"script":"<script> [1562 bytes]","args":[{"selector":{"id":"application-managesites-display-component---NewSite--addressEditDetailsCostObjectCstType-arrow"},"wdio_ui5_key":"applicationmanagesites-display-component---NewSite--addressEditDetailsCostObjectCstType-arrow"}]}
RESULT: {"script":"<script> [1562 bytes]","args":[{"selector":{"id":"application-managesites-display-component---NewSite--addressEditDetailsCostObjectCstType-arrow"},"wdio_ui5_key":"applicationmanagesites-display-component---NewSite--addressEditDetailsCostObjectCstType-arrow"}]}
RESULT: undefined
COMMAND: POST /session/7455601dddc232b6deafc0d190a18b4e/element - {"using":"xpath","value":"//*[@id=\"application-managesites-display-component---NewSite--addressEditDetailsCostObjectCstType-arrow\"]"}
RESULT: {"using":"xpath","value":"//*[@id=\"application-managesites-display-component---NewSite--addressEditDetailsCostObjectCstType-arrow\"]"}
COMMAND: POST /session/7455601dddc232b6deafc0d190a18b4e/element/f.8E6BFA2ED3A3A2D86F199707E5BEEB8B.d.706F0E08717D21353C2A563AC94718BE.e.10031/click - {}
RESULT: {}
COMMAND: POST /session/7455601dddc232b6deafc0d190a18b4e/element - {"using":"xpath","value":"//span[contains(text(), \"Cost Center\")]"}
COMMAND: GET /session/7455601dddc232b6deafc0d190a18b4e/screenshot - {}
RESULT: {"using":"xpath","value":"//span[contains(text(), \"Cost Center\")]"}
COMMAND: POST /session/7455601dddc232b6deafc0d190a18b4e/element/f.8E6BFA2ED3A3A2D86F199707E5BEEB8B.d.706F0E08717D21353C2A563AC94718BE.e.10032/click - {}
RESULT: {}
RESULT: {}
COMMAND: GET /session/7455601dddc232b6deafc0d190a18b4e/screenshot - {}
RESULT: {}
COMMAND: POST /session/7455601dddc232b6deafc0d190a18b4e/element - {"using":"xpath","value":"//span[@id=\"application-managesites-display-component---NewSite--addressNewCostObjectCstID-vhi\"]"}
RESULT: {"using":"xpath","value":"//span[@id=\"application-managesites-display-component---NewSite--addressNewCostObjectCstID-vhi\"]"}
COMMAND: POST /session/7455601dddc232b6deafc0d190a18b4e/execute/sync - {"script":"<script> [8489 bytes]","args":[{"element-6066-11e4-a52e-4f735466cecf":"f.8E6BFA2ED3A3A2D86F199707E5BEEB8B.d.706F0E08717D21353C2A563AC94718BE.e.10036","ELEMENT":"f.8E6BFA2ED3A3A2D86F199707E5BEEB8B.d.706F0E08717D21353C2A563AC94718BE.e.10036"}]}
RESULT: {"script":"<script> [8489 bytes]","args":[{"element-6066-11e4-a52e-4f735466cecf":"f.8E6BFA2ED3A3A2D86F199707E5BEEB8B.d.706F0E08717D21353C2A563AC94718BE.e.10036","ELEMENT":"f.8E6BFA2ED3A3A2D86F199707E5BEEB8B.d.706F0E08717D21353C2A563AC94718BE.e.10036"}]}
COMMAND: POST /session/7455601dddc232b6deafc0d190a18b4e/execute/async - {"script":"<script> [1562 bytes]","args":[{"selector":{"id":"application-managesites-display-component---NewSite--addressNewCostObjectCstID-vhi"},"wdio_ui5_key":"applicationmanagesites-display-component---NewSite--addressNewCostObjectCstID-vhi"}]}
COMMAND: GET /session/7455601dddc232b6deafc0d190a18b4e/screenshot - {}
RESULT: {"script":"<script> [1562 bytes]","args":[{"selector":{"id":"application-managesites-display-component---NewSite--addressNewCostObjectCstID-vhi"},"wdio_ui5_key":"applicationmanagesites-display-component---NewSite--addressNewCostObjectCstID-vhi"}]}
RESULT: undefined
COMMAND: POST /session/7455601dddc232b6deafc0d190a18b4e/element - {"using":"xpath","value":"//*[@id=\"application-managesites-display-component---NewSite--addressNewCostObjectCstID-vhi\"]"}
RESULT: {}
RESULT: {"using":"xpath","value":"//*[@id=\"application-managesites-display-component---NewSite--addressNewCostObjectCstID-vhi\"]"}
COMMAND: POST /session/7455601dddc232b6deafc0d190a18b4e/element/f.8E6BFA2ED3A3A2D86F199707E5BEEB8B.d.706F0E08717D21353C2A563AC94718BE.e.10036/click - {}
RESULT: {}
COMMAND: GET /session/7455601dddc232b6deafc0d190a18b4e/screenshot - {}
RESULT: {}
RESULT: undefined
COMMAND: POST /session/7455601dddc232b6deafc0d190a18b4e/execute/async - {"script":"<script> [776 bytes]","args":[{"enterText":"10001013","selector":{"controlType":"sap.m.SearchField","properties":{"placeholder":"Search"},"searchOpenDialogs":true,"interaction":{"idSuffix":"I"}},"clearTextFirst":true,"interactionType":"ENTER_TEXT"}]}
RESULT: {"script":"<script> [776 bytes]","args":[{"enterText":"10001013","selector":{"controlType":"sap.m.SearchField","properties":{"placeholder":"Search"},"searchOpenDialogs":true,"interaction":{"idSuffix":"I"}},"clearTextFirst":true,"interactionType":"ENTER_TEXT"}]}
COMMAND: POST /session/7455601dddc232b6deafc0d190a18b4e/actions - {"actions":[{"id":"action25","type":"key","parameters":{},"actions":[{"type":"keyDown","value":""},{"type":"pause","duration":10},{"type":"keyUp","value":""}]}]}
RESULT: {"actions":[{"id":"action25","type":"key","parameters":{},"actions":[{"type":"keyDown","value":""},{"type":"pause","duration":10},{"type":"keyUp","value":""}]}]}
COMMAND: GET /session/7455601dddc232b6deafc0d190a18b4e/screenshot - {}
RESULT: {}
COMMAND: POST /session/7455601dddc232b6deafc0d190a18b4e/element - {"using":"xpath","value":"//span[contains(text(), \"General Management\")]"}
RESULT: {"using":"xpath","value":"//span[contains(text(), \"General Management\")]"}
COMMAND: POST /session/7455601dddc232b6deafc0d190a18b4e/element/f.8E6BFA2ED3A3A2D86F199707E5BEEB8B.d.706F0E08717D21353C2A563AC94718BE.e.10075/click - {}
RESULT: {}
COMMAND: GET /session/7455601dddc232b6deafc0d190a18b4e/screenshot - {}
RESULT: {}
COMMAND: POST /session/7455601dddc232b6deafc0d190a18b4e/element - {"using":"xpath","value":"//bdi[contains(text(), \"OK\")]"}
RESULT: {"using":"xpath","value":"//bdi[contains(text(), \"OK\")]"}
COMMAND: POST /session/7455601dddc232b6deafc0d190a18b4e/element/f.8E6BFA2ED3A3A2D86F199707E5BEEB8B.d.706F0E08717D21353C2A563AC94718BE.e.10076/click - {}
RESULT: {}
COMMAND: GET /session/7455601dddc232b6deafc0d190a18b4e/screenshot - {}
RESULT: {}
COMMAND: POST /session/7455601dddc232b6deafc0d190a18b4e/element - {"using":"xpath","value":"//input[@id=\"application-managesites-display-component---NewSite--addressDetailDetailsCalendar-inner\"]"}
RESULT: {"using":"xpath","value":"//input[@id=\"application-managesites-display-component---NewSite--addressDetailDetailsCalendar-inner\"]"}
COMMAND: POST /session/7455601dddc232b6deafc0d190a18b4e/element/f.8E6BFA2ED3A3A2D86F199707E5BEEB8B.d.706F0E08717D21353C2A563AC94718BE.e.9821/clear - {}
RESULT: {}
COMMAND: POST /session/7455601dddc232b6deafc0d190a18b4e/element/f.8E6BFA2ED3A3A2D86F199707E5BEEB8B.d.706F0E08717D21353C2A563AC94718BE.e.9821/value - {"text":"Unit"}
COMMAND: GET /session/7455601dddc232b6deafc0d190a18b4e/screenshot - {}
RESULT: {"text":"Unit"}
COMMAND: GET /session/7455601dddc232b6deafc0d190a18b4e/screenshot - {}
RESULT: {}
RESULT: {}
COMMAND: POST /session/7455601dddc232b6deafc0d190a18b4e/actions - {"actions":[{"id":"action26","type":"key","parameters":{},"actions":[{"type":"keyDown","value":""},{"type":"pause","duration":10},{"type":"keyUp","value":""}]}]}
RESULT: {"actions":[{"id":"action26","type":"key","parameters":{},"actions":[{"type":"keyDown","value":""},{"type":"pause","duration":10},{"type":"keyUp","value":""}]}]}
COMMAND: POST /session/7455601dddc232b6deafc0d190a18b4e/element - {"using":"xpath","value":"//input[@id=\"application-managesites-display-component---NewSite--addressDetailDetailsYard-inner\"]"}
COMMAND: GET /session/7455601dddc232b6deafc0d190a18b4e/screenshot - {}
RESULT: {"using":"xpath","value":"//input[@id=\"application-managesites-display-component---NewSite--addressDetailDetailsYard-inner\"]"}
COMMAND: POST /session/7455601dddc232b6deafc0d190a18b4e/element/f.8E6BFA2ED3A3A2D86F199707E5BEEB8B.d.706F0E08717D21353C2A563AC94718BE.e.9822/clear - {}
RESULT: {}
RESULT: {}
COMMAND: POST /session/7455601dddc232b6deafc0d190a18b4e/element/f.8E6BFA2ED3A3A2D86F199707E5BEEB8B.d.706F0E08717D21353C2A563AC94718BE.e.9822/value - {"text":"400"}
COMMAND: GET /session/7455601dddc232b6deafc0d190a18b4e/screenshot - {}
RESULT: {"text":"400"}
COMMAND: GET /session/7455601dddc232b6deafc0d190a18b4e/screenshot - {}
RESULT: {}
RESULT: {}
COMMAND: POST /session/7455601dddc232b6deafc0d190a18b4e/element - {"using":"xpath","value":"//li[.//span[text()='400']]"}
RESULT: {"using":"xpath","value":"//li[.//span[text()='400']]"}
COMMAND: POST /session/7455601dddc232b6deafc0d190a18b4e/element/f.8E6BFA2ED3A3A2D86F199707E5BEEB8B.d.706F0E08717D21353C2A563AC94718BE.e.10084/click - {}
RESULT: {}
COMMAND: GET /session/7455601dddc232b6deafc0d190a18b4e/screenshot - {}
RESULT: {}
COMMAND: POST /session/7455601dddc232b6deafc0d190a18b4e/element - {"using":"xpath","value":"//input[@id=\"application-managesites-display-component---NewSite--addressDetailDetailsPartner-inner\"]"}
RESULT: {"using":"xpath","value":"//input[@id=\"application-managesites-display-component---NewSite--addressDetailDetailsPartner-inner\"]"}
COMMAND: POST /session/7455601dddc232b6deafc0d190a18b4e/element - {"using":"xpath","value":"//input[@id=\"application-managesites-display-component---NewSite--addressDetailDetailsPartner-inner\"]"}
RESULT: {"using":"xpath","value":"//input[@id=\"application-managesites-display-component---NewSite--addressDetailDetailsPartner-inner\"]"}
COMMAND: POST /session/7455601dddc232b6deafc0d190a18b4e/element - {"using":"xpath","value":"//button[@data-kt=\"saveButton\"]"}
RESULT: {"using":"xpath","value":"//button[@data-kt=\"saveButton\"]"}
COMMAND: POST /session/7455601dddc232b6deafc0d190a18b4e/element/f.8E6BFA2ED3A3A2D86F199707E5BEEB8B.d.706F0E08717D21353C2A563AC94718BE.e.10018/click - {}
RESULT: {}
COMMAND: GET /session/7455601dddc232b6deafc0d190a18b4e/screenshot - {}
RESULT: {}
COMMAND: POST /session/7455601dddc232b6deafc0d190a18b4e/element - {"using":"xpath","value":"//header[contains(@id, 'ObjectPageLayout-headerTitle')]/div[1]/div[2]/div[2]/span[1]"}
RESULT: {"using":"xpath","value":"//header[contains(@id, 'ObjectPageLayout-headerTitle')]/div[1]/div[2]/div[2]/span[1]"}
COMMAND: POST /session/7455601dddc232b6deafc0d190a18b4e/elements - {"using":"xpath","value":"//header[contains(@id, 'ObjectPageLayout-headerTitle')]/div[1]/div[2]/div[2]/span[1]"}
RESULT: {"using":"xpath","value":"//header[contains(@id, 'ObjectPageLayout-headerTitle')]/div[1]/div[2]/div[2]/span[1]"}
COMMAND: POST /session/7455601dddc232b6deafc0d190a18b4e/execute/sync - {"script":"<script> [56 bytes]","args":[{"element-6066-11e4-a52e-4f735466cecf":"f.8E6BFA2ED3A3A2D86F199707E5BEEB8B.d.706F0E08717D21353C2A563AC94718BE.e.10292","ELEMENT":"f.8E6BFA2ED3A3A2D86F199707E5BEEB8B.d.706F0E08717D21353C2A563AC94718BE.e.10292"}]}
RESULT: {"script":"<script> [56 bytes]","args":[{"element-6066-11e4-a52e-4f735466cecf":"f.8E6BFA2ED3A3A2D86F199707E5BEEB8B.d.706F0E08717D21353C2A563AC94718BE.e.10292","ELEMENT":"f.8E6BFA2ED3A3A2D86F199707E5BEEB8B.d.706F0E08717D21353C2A563AC94718BE.e.10292"}]}
COMMAND: POST /session/7455601dddc232b6deafc0d190a18b4e/element - {"using":"css selector","value":"#shell-header-logo"}
COMMAND: GET /session/7455601dddc232b6deafc0d190a18b4e/screenshot - {}
RESULT: {"using":"css selector","value":"#shell-header-logo"}
COMMAND: POST /session/7455601dddc232b6deafc0d190a18b4e/element/f.8E6BFA2ED3A3A2D86F199707E5BEEB8B.d.706F0E08717D21353C2A563AC94718BE.e.9576/click - {}
RESULT: {}
RESULT: {}
COMMAND: GET /session/7455601dddc232b6deafc0d190a18b4e/screenshot - {}
RESULT: {}
COMMAND: POST /session/7455601dddc232b6deafc0d190a18b4e/execute/sync - {"script":"<script> [299 bytes]","args":[["getModel","getResource"]]}
RESULT: {"script":"<script> [299 bytes]","args":[["getModel","getResource"]]}
COMMAND: GET /session/7455601dddc232b6deafc0d190a18b4e/screenshot - {}
]]></system-out>
    </testcase>
    <testcase classname="chrome.136_0_7103_93.windows.Billing_Transfer_-_Intracompany_US127249" name="Should create a new equipment" time="147.558">
      <system-out><![CDATA[
COMMAND: POST /session/7455601dddc232b6deafc0d190a18b4e/execute/async - {"script":"<script> [1562 bytes]","args":[{"selector":{"controlType":"sap.m.GenericTile","properties":{"header":"Manage Resources"}},"wdio_ui5_key":"sapm.GenericTile{\"header\":\"Manage Resources\"}"}]}
RESULT: {"script":"<script> [1562 bytes]","args":[{"selector":{"controlType":"sap.m.GenericTile","properties":{"header":"Manage Resources"}},"wdio_ui5_key":"sapm.GenericTile{\"header\":\"Manage Resources\"}"}]}
RESULT: undefined
COMMAND: POST /session/7455601dddc232b6deafc0d190a18b4e/element - {"using":"xpath","value":"//*[@id=\"__tile39\"]"}
RESULT: {}
RESULT: {"using":"xpath","value":"//*[@id=\"__tile39\"]"}
COMMAND: POST /session/7455601dddc232b6deafc0d190a18b4e/element/f.8E6BFA2ED3A3A2D86F199707E5BEEB8B.d.706F0E08717D21353C2A563AC94718BE.e.7951/click - {}
RESULT: {}
COMMAND: GET /session/7455601dddc232b6deafc0d190a18b4e/screenshot - {}
RESULT: {}
COMMAND: POST /session/7455601dddc232b6deafc0d190a18b4e/elements - {"using":"xpath","value":"//span[text()='Error']"}
RESULT: {"using":"xpath","value":"//span[text()='Error']"}
COMMAND: POST /session/7455601dddc232b6deafc0d190a18b4e/element - {"using":"xpath","value":"//button[@data-kt=\"addNewRUOverflowToolbarButton\"]"}
RESULT: {"using":"xpath","value":"//button[@data-kt=\"addNewRUOverflowToolbarButton\"]"}
COMMAND: POST /session/7455601dddc232b6deafc0d190a18b4e/elements - {"using":"xpath","value":"//button[@data-kt=\"addNewRUOverflowToolbarButton\"]"}
RESULT: {"using":"xpath","value":"//button[@data-kt=\"addNewRUOverflowToolbarButton\"]"}
COMMAND: POST /session/7455601dddc232b6deafc0d190a18b4e/execute/sync - {"script":"<script> [8489 bytes]","args":[{"element-6066-11e4-a52e-4f735466cecf":"f.8E6BFA2ED3A3A2D86F199707E5BEEB8B.d.706F0E08717D21353C2A563AC94718BE.e.10335","ELEMENT":"f.8E6BFA2ED3A3A2D86F199707E5BEEB8B.d.706F0E08717D21353C2A563AC94718BE.e.10335"}]}
RESULT: {"script":"<script> [8489 bytes]","args":[{"element-6066-11e4-a52e-4f735466cecf":"f.8E6BFA2ED3A3A2D86F199707E5BEEB8B.d.706F0E08717D21353C2A563AC94718BE.e.10335","ELEMENT":"f.8E6BFA2ED3A3A2D86F199707E5BEEB8B.d.706F0E08717D21353C2A563AC94718BE.e.10335"}]}
COMMAND: GET /session/7455601dddc232b6deafc0d190a18b4e/element/f.8E6BFA2ED3A3A2D86F199707E5BEEB8B.d.706F0E08717D21353C2A563AC94718BE.e.10335/enabled - {}
COMMAND: GET /session/7455601dddc232b6deafc0d190a18b4e/screenshot - {}
RESULT: {}
COMMAND: POST /session/7455601dddc232b6deafc0d190a18b4e/execute/sync - {"script":"<script> [8489 bytes]","args":[{"element-6066-11e4-a52e-4f735466cecf":"f.8E6BFA2ED3A3A2D86F199707E5BEEB8B.d.706F0E08717D21353C2A563AC94718BE.e.10335","ELEMENT":"f.8E6BFA2ED3A3A2D86F199707E5BEEB8B.d.706F0E08717D21353C2A563AC94718BE.e.10335"}]}
COMMAND: GET /session/7455601dddc232b6deafc0d190a18b4e/screenshot - {}
RESULT: {}
RESULT: {"script":"<script> [8489 bytes]","args":[{"element-6066-11e4-a52e-4f735466cecf":"f.8E6BFA2ED3A3A2D86F199707E5BEEB8B.d.706F0E08717D21353C2A563AC94718BE.e.10335","ELEMENT":"f.8E6BFA2ED3A3A2D86F199707E5BEEB8B.d.706F0E08717D21353C2A563AC94718BE.e.10335"}]}
COMMAND: POST /session/7455601dddc232b6deafc0d190a18b4e/execute/sync - {"script":"<script> [5351 bytes]","args":[{"element-6066-11e4-a52e-4f735466cecf":"f.8E6BFA2ED3A3A2D86F199707E5BEEB8B.d.706F0E08717D21353C2A563AC94718BE.e.10335","ELEMENT":"f.8E6BFA2ED3A3A2D86F199707E5BEEB8B.d.706F0E08717D21353C2A563AC94718BE.e.10335"}]}
COMMAND: GET /session/7455601dddc232b6deafc0d190a18b4e/screenshot - {}
RESULT: {}
RESULT: {"script":"<script> [5351 bytes]","args":[{"element-6066-11e4-a52e-4f735466cecf":"f.8E6BFA2ED3A3A2D86F199707E5BEEB8B.d.706F0E08717D21353C2A563AC94718BE.e.10335","ELEMENT":"f.8E6BFA2ED3A3A2D86F199707E5BEEB8B.d.706F0E08717D21353C2A563AC94718BE.e.10335"}]}
COMMAND: POST /session/7455601dddc232b6deafc0d190a18b4e/element/f.8E6BFA2ED3A3A2D86F199707E5BEEB8B.d.706F0E08717D21353C2A563AC94718BE.e.10335/click - {}
COMMAND: GET /session/7455601dddc232b6deafc0d190a18b4e/screenshot - {}
RESULT: {}
RESULT: {}
COMMAND: GET /session/7455601dddc232b6deafc0d190a18b4e/screenshot - {}
RESULT: {}
RESULT: {}
COMMAND: POST /session/7455601dddc232b6deafc0d190a18b4e/execute/async - {"script":"<script> [1562 bytes]","args":[{"selector":{"id":"application-manageresources-display-component---newResourceUnit--TYPE-arrow"},"wdio_ui5_key":"applicationmanageresources-display-component---newResourceUnit--TYPE-arrow"}]}
RESULT: {"script":"<script> [1562 bytes]","args":[{"selector":{"id":"application-manageresources-display-component---newResourceUnit--TYPE-arrow"},"wdio_ui5_key":"applicationmanageresources-display-component---newResourceUnit--TYPE-arrow"}]}
RESULT: undefined
COMMAND: POST /session/7455601dddc232b6deafc0d190a18b4e/element - {"using":"xpath","value":"//*[@id=\"application-manageresources-display-component---newResourceUnit--TYPE-arrow\"]"}
RESULT: {"using":"xpath","value":"//*[@id=\"application-manageresources-display-component---newResourceUnit--TYPE-arrow\"]"}
COMMAND: POST /session/7455601dddc232b6deafc0d190a18b4e/element/f.8E6BFA2ED3A3A2D86F199707E5BEEB8B.d.706F0E08717D21353C2A563AC94718BE.e.10678/click - {}
RESULT: {}
COMMAND: POST /session/7455601dddc232b6deafc0d190a18b4e/element - {"using":"xpath","value":"//input[@id=\"application-manageresources-display-component---newResourceUnit--TYPE-inner\"]"}
COMMAND: GET /session/7455601dddc232b6deafc0d190a18b4e/screenshot - {}
RESULT: {"using":"xpath","value":"//input[@id=\"application-manageresources-display-component---newResourceUnit--TYPE-inner\"]"}
COMMAND: POST /session/7455601dddc232b6deafc0d190a18b4e/element/f.8E6BFA2ED3A3A2D86F199707E5BEEB8B.d.706F0E08717D21353C2A563AC94718BE.e.10674/clear - {}
RESULT: {}
RESULT: {}
COMMAND: POST /session/7455601dddc232b6deafc0d190a18b4e/element/f.8E6BFA2ED3A3A2D86F199707E5BEEB8B.d.706F0E08717D21353C2A563AC94718BE.e.10674/value - {"text":"Equipment"}
COMMAND: GET /session/7455601dddc232b6deafc0d190a18b4e/screenshot - {}
RESULT: {"text":"Equipment"}
COMMAND: GET /session/7455601dddc232b6deafc0d190a18b4e/screenshot - {}
RESULT: {}
RESULT: {}
COMMAND: POST /session/7455601dddc232b6deafc0d190a18b4e/actions - {"actions":[{"id":"action27","type":"key","parameters":{},"actions":[{"type":"keyDown","value":""},{"type":"pause","duration":10},{"type":"keyUp","value":""}]}]}
RESULT: {"actions":[{"id":"action27","type":"key","parameters":{},"actions":[{"type":"keyDown","value":""},{"type":"pause","duration":10},{"type":"keyUp","value":""}]}]}
COMMAND: POST /session/7455601dddc232b6deafc0d190a18b4e/execute/async - {"script":"<script> [1562 bytes]","args":[{"selector":{"id":"application-manageresources-display-component---newResourceUnit--resourceId","interaction":{"idSuffix":"inner"}},"wdio_ui5_key":"applicationmanageresources-display-component---newResourceUnit--resourceId"}]}
COMMAND: GET /session/7455601dddc232b6deafc0d190a18b4e/screenshot - {}
RESULT: {"script":"<script> [1562 bytes]","args":[{"selector":{"id":"application-manageresources-display-component---newResourceUnit--resourceId","interaction":{"idSuffix":"inner"}},"wdio_ui5_key":"applicationmanageresources-display-component---newResourceUnit--resourceId"}]}
RESULT: undefined
COMMAND: POST /session/7455601dddc232b6deafc0d190a18b4e/execute/async - {"script":"<script> [776 bytes]","args":[{"enterText":"9EcgrcHnSV","selector":{"id":"application-manageresources-display-component---newResourceUnit--resourceId","interaction":{"idSuffix":"inner"}},"clearTextFirst":true,"interactionType":"ENTER_TEXT"}]}
RESULT: {}
RESULT: {"script":"<script> [776 bytes]","args":[{"enterText":"9EcgrcHnSV","selector":{"id":"application-manageresources-display-component---newResourceUnit--resourceId","interaction":{"idSuffix":"inner"}},"clearTextFirst":true,"interactionType":"ENTER_TEXT"}]}
COMMAND: POST /session/7455601dddc232b6deafc0d190a18b4e/execute/async - {"script":"<script> [1562 bytes]","args":[{"selector":{"id":"application-manageresources-display-component---newResourceUnit--SHORT_TEXT","interaction":{"idSuffix":"inner"}},"wdio_ui5_key":"applicationmanageresources-display-component---newResourceUnit--SHORT_TEXT"}]}
RESULT: {"script":"<script> [1562 bytes]","args":[{"selector":{"id":"application-manageresources-display-component---newResourceUnit--SHORT_TEXT","interaction":{"idSuffix":"inner"}},"wdio_ui5_key":"applicationmanageresources-display-component---newResourceUnit--SHORT_TEXT"}]}
RESULT: undefined
COMMAND: POST /session/7455601dddc232b6deafc0d190a18b4e/execute/async - {"script":"<script> [776 bytes]","args":[{"enterText":"Intercompany Equipment WDIO","selector":{"id":"application-manageresources-display-component---newResourceUnit--SHORT_TEXT","interaction":{"idSuffix":"inner"}},"clearTextFirst":true,"interactionType":"ENTER_TEXT"}]}
RESULT: {"script":"<script> [776 bytes]","args":[{"enterText":"Intercompany Equipment WDIO","selector":{"id":"application-manageresources-display-component---newResourceUnit--SHORT_TEXT","interaction":{"idSuffix":"inner"}},"clearTextFirst":true,"interactionType":"ENTER_TEXT"}]}
COMMAND: POST /session/7455601dddc232b6deafc0d190a18b4e/execute/async - {"script":"<script> [1562 bytes]","args":[{"selector":{"id":"application-manageresources-display-component---newResourceUnit--BASE_UNIT_OF_MEASURE","interaction":{"idSuffix":"inner"}},"wdio_ui5_key":"applicationmanageresources-display-component---newResourceUnit--BASE_UNIT_OF_MEASURE"}]}
RESULT: {"script":"<script> [1562 bytes]","args":[{"selector":{"id":"application-manageresources-display-component---newResourceUnit--BASE_UNIT_OF_MEASURE","interaction":{"idSuffix":"inner"}},"wdio_ui5_key":"applicationmanageresources-display-component---newResourceUnit--BASE_UNIT_OF_MEASURE"}]}
RESULT: undefined
COMMAND: POST /session/7455601dddc232b6deafc0d190a18b4e/execute/async - {"script":"<script> [776 bytes]","args":[{"enterText":"Piece","selector":{"id":"application-manageresources-display-component---newResourceUnit--BASE_UNIT_OF_MEASURE","interaction":{"idSuffix":"inner"}},"clearTextFirst":true,"interactionType":"ENTER_TEXT"}]}
RESULT: {"script":"<script> [776 bytes]","args":[{"enterText":"Piece","selector":{"id":"application-manageresources-display-component---newResourceUnit--BASE_UNIT_OF_MEASURE","interaction":{"idSuffix":"inner"}},"clearTextFirst":true,"interactionType":"ENTER_TEXT"}]}
COMMAND: POST /session/7455601dddc232b6deafc0d190a18b4e/execute/async - {"script":"<script> [1562 bytes]","args":[{"selector":{"id":"application-manageresources-display-component---newResourceUnit--WEIGHT_UNIT","interaction":{"idSuffix":"inner"}},"wdio_ui5_key":"applicationmanageresources-display-component---newResourceUnit--WEIGHT_UNIT"}]}
RESULT: {"script":"<script> [1562 bytes]","args":[{"selector":{"id":"application-manageresources-display-component---newResourceUnit--WEIGHT_UNIT","interaction":{"idSuffix":"inner"}},"wdio_ui5_key":"applicationmanageresources-display-component---newResourceUnit--WEIGHT_UNIT"}]}
RESULT: undefined
COMMAND: POST /session/7455601dddc232b6deafc0d190a18b4e/execute/async - {"script":"<script> [776 bytes]","args":[{"enterText":"Gram","selector":{"id":"application-manageresources-display-component---newResourceUnit--WEIGHT_UNIT","interaction":{"idSuffix":"inner"}},"clearTextFirst":true,"interactionType":"ENTER_TEXT"}]}
RESULT: {"script":"<script> [776 bytes]","args":[{"enterText":"Gram","selector":{"id":"application-manageresources-display-component---newResourceUnit--WEIGHT_UNIT","interaction":{"idSuffix":"inner"}},"clearTextFirst":true,"interactionType":"ENTER_TEXT"}]}
COMMAND: POST /session/7455601dddc232b6deafc0d190a18b4e/execute/async - {"script":"<script> [1562 bytes]","args":[{"selector":{"id":"application-manageresources-display-component---newResourceUnit--DIMENSION_UNIT","interaction":{"idSuffix":"inner"}},"wdio_ui5_key":"applicationmanageresources-display-component---newResourceUnit--DIMENSION_UNIT"}]}
RESULT: {"script":"<script> [1562 bytes]","args":[{"selector":{"id":"application-manageresources-display-component---newResourceUnit--DIMENSION_UNIT","interaction":{"idSuffix":"inner"}},"wdio_ui5_key":"applicationmanageresources-display-component---newResourceUnit--DIMENSION_UNIT"}]}
RESULT: undefined
COMMAND: POST /session/7455601dddc232b6deafc0d190a18b4e/execute/async - {"script":"<script> [776 bytes]","args":[{"enterText":"Meter","selector":{"id":"application-manageresources-display-component---newResourceUnit--DIMENSION_UNIT","interaction":{"idSuffix":"inner"}},"clearTextFirst":true,"interactionType":"ENTER_TEXT"}]}
RESULT: {"script":"<script> [776 bytes]","args":[{"enterText":"Meter","selector":{"id":"application-manageresources-display-component---newResourceUnit--DIMENSION_UNIT","interaction":{"idSuffix":"inner"}},"clearTextFirst":true,"interactionType":"ENTER_TEXT"}]}
COMMAND: POST /session/7455601dddc232b6deafc0d190a18b4e/execute/async - {"script":"<script> [1562 bytes]","args":[{"selector":{"id":"application-manageresources-display-component---newResourceUnit--newRRUPage-anchBar-application-manageresources-display-component---newResourceUnit--control-anchor","interaction":{"idSuffix":"BDI-content"}},"wdio_ui5_key":"applicationmanageresources-display-component---newResourceUnit--newRRUPage-anchBar-application-manageresources-display-component---newResourceUnit--control-anchor"}]}
RESULT: {"script":"<script> [1562 bytes]","args":[{"selector":{"id":"application-manageresources-display-component---newResourceUnit--newRRUPage-anchBar-application-manageresources-display-component---newResourceUnit--control-anchor","interaction":{"idSuffix":"BDI-content"}},"wdio_ui5_key":"applicationmanageresources-display-component---newResourceUnit--newRRUPage-anchBar-application-manageresources-display-component---newResourceUnit--control-anchor"}]}
RESULT: undefined
COMMAND: POST /session/7455601dddc232b6deafc0d190a18b4e/element - {"using":"xpath","value":"//*[@id=\"application-manageresources-display-component---newResourceUnit--newRRUPage-anchBar-application-manageresources-display-component---newResourceUnit--control-anchor\"]"}
RESULT: {"using":"xpath","value":"//*[@id=\"application-manageresources-display-component---newResourceUnit--newRRUPage-anchBar-application-manageresources-display-component---newResourceUnit--control-anchor\"]"}
COMMAND: POST /session/7455601dddc232b6deafc0d190a18b4e/element/f.8E6BFA2ED3A3A2D86F199707E5BEEB8B.d.706F0E08717D21353C2A563AC94718BE.e.10835/click - {}
RESULT: {}
COMMAND: POST /session/7455601dddc232b6deafc0d190a18b4e/execute/async - {"script":"<script> [1562 bytes]","args":[{"selector":{"id":"application-manageresources-display-component---newResourceUnit--PLANNING_GROUP","interaction":{"idSuffix":"inner"}},"wdio_ui5_key":"applicationmanageresources-display-component---newResourceUnit--PLANNING_GROUP"}]}
COMMAND: GET /session/7455601dddc232b6deafc0d190a18b4e/screenshot - {}
RESULT: {"script":"<script> [1562 bytes]","args":[{"selector":{"id":"application-manageresources-display-component---newResourceUnit--PLANNING_GROUP","interaction":{"idSuffix":"inner"}},"wdio_ui5_key":"applicationmanageresources-display-component---newResourceUnit--PLANNING_GROUP"}]}
RESULT: undefined
COMMAND: POST /session/7455601dddc232b6deafc0d190a18b4e/execute/async - {"script":"<script> [776 bytes]","args":[{"enterText":"Heavy Equi","selector":{"id":"application-manageresources-display-component---newResourceUnit--PLANNING_GROUP","interaction":{"idSuffix":"inner"}},"clearTextFirst":true,"interactionType":"ENTER_TEXT"}]}
RESULT: {}
RESULT: {"script":"<script> [776 bytes]","args":[{"enterText":"Heavy Equi","selector":{"id":"application-manageresources-display-component---newResourceUnit--PLANNING_GROUP","interaction":{"idSuffix":"inner"}},"clearTextFirst":true,"interactionType":"ENTER_TEXT"}]}
COMMAND: POST /session/7455601dddc232b6deafc0d190a18b4e/execute/async - {"script":"<script> [1562 bytes]","args":[{"selector":{"id":"application-manageresources-display-component---newResourceUnit--ITEM_TYPE-arrow"},"wdio_ui5_key":"applicationmanageresources-display-component---newResourceUnit--ITEM_TYPE-arrow"}]}
RESULT: {"script":"<script> [1562 bytes]","args":[{"selector":{"id":"application-manageresources-display-component---newResourceUnit--ITEM_TYPE-arrow"},"wdio_ui5_key":"applicationmanageresources-display-component---newResourceUnit--ITEM_TYPE-arrow"}]}
RESULT: undefined
COMMAND: POST /session/7455601dddc232b6deafc0d190a18b4e/element - {"using":"xpath","value":"//*[@id=\"application-manageresources-display-component---newResourceUnit--ITEM_TYPE-arrow\"]"}
RESULT: {"using":"xpath","value":"//*[@id=\"application-manageresources-display-component---newResourceUnit--ITEM_TYPE-arrow\"]"}
COMMAND: POST /session/7455601dddc232b6deafc0d190a18b4e/element/f.8E6BFA2ED3A3A2D86F199707E5BEEB8B.d.706F0E08717D21353C2A563AC94718BE.e.10844/click - {}
RESULT: {}
COMMAND: POST /session/7455601dddc232b6deafc0d190a18b4e/element - {"using":"xpath","value":"(//span[contains(text(), \"Resource Unit\")])[2]"}
COMMAND: GET /session/7455601dddc232b6deafc0d190a18b4e/screenshot - {}
RESULT: {"using":"xpath","value":"(//span[contains(text(), \"Resource Unit\")])[2]"}
COMMAND: POST /session/7455601dddc232b6deafc0d190a18b4e/element/f.8E6BFA2ED3A3A2D86F199707E5BEEB8B.d.706F0E08717D21353C2A563AC94718BE.e.10845/click - {}
RESULT: {}
RESULT: {}
COMMAND: GET /session/7455601dddc232b6deafc0d190a18b4e/screenshot - {}
RESULT: {}
COMMAND: POST /session/7455601dddc232b6deafc0d190a18b4e/element - {"using":"css selector","value":"#application-manageresources-display-component---newResourceUnit--btnAddTimeSegment"}
RESULT: {"using":"css selector","value":"#application-manageresources-display-component---newResourceUnit--btnAddTimeSegment"}
COMMAND: GET /session/7455601dddc232b6deafc0d190a18b4e/element/f.8E6BFA2ED3A3A2D86F199707E5BEEB8B.d.706F0E08717D21353C2A563AC94718BE.e.10852/rect - {}
RESULT: {}
COMMAND: GET /session/7455601dddc232b6deafc0d190a18b4e/window/rect - {}
RESULT: {}
COMMAND: POST /session/7455601dddc232b6deafc0d190a18b4e/execute/sync - {"script":"<script> [92 bytes]","args":[]}
RESULT: {"script":"<script> [92 bytes]","args":[]}
COMMAND: POST /session/7455601dddc232b6deafc0d190a18b4e/actions - {"actions":[{"id":"action28","type":"wheel","parameters":{},"actions":[{"type":"scroll","x":-1888,"y":-32,"deltaX":0,"deltaY":0,"duration":0,"origin":{"element-6066-11e4-a52e-4f735466cecf":"f.8E6BFA2ED3A3A2D86F199707E5BEEB8B.d.706F0E08717D21353C2A563AC94718BE.e.10852"}}]}]}
COMMAND: GET /session/7455601dddc232b6deafc0d190a18b4e/screenshot - {}
RESULT: {}
COMMAND: POST /session/7455601dddc232b6deafc0d190a18b4e/execute/sync - {"script":"<script> [79 bytes]","args":[{"element-6066-11e4-a52e-4f735466cecf":"f.8E6BFA2ED3A3A2D86F199707E5BEEB8B.d.706F0E08717D21353C2A563AC94718BE.e.10852","ELEMENT":"f.8E6BFA2ED3A3A2D86F199707E5BEEB8B.d.706F0E08717D21353C2A563AC94718BE.e.10852"},{"block":"start","inline":"nearest"}]}
RESULT: {"script":"<script> [79 bytes]","args":[{"element-6066-11e4-a52e-4f735466cecf":"f.8E6BFA2ED3A3A2D86F199707E5BEEB8B.d.706F0E08717D21353C2A563AC94718BE.e.10852","ELEMENT":"f.8E6BFA2ED3A3A2D86F199707E5BEEB8B.d.706F0E08717D21353C2A563AC94718BE.e.10852"},{"block":"start","inline":"nearest"}]}
COMMAND: POST /session/7455601dddc232b6deafc0d190a18b4e/execute/async - {"script":"<script> [1562 bytes]","args":[{"selector":{"id":"application-manageresources-display-component---newResourceUnit--btnAddTimeSegment","interaction":{"idSuffix":"inner"}},"wdio_ui5_key":"applicationmanageresources-display-component---newResourceUnit--btnAddTimeSegment"}]}
COMMAND: GET /session/7455601dddc232b6deafc0d190a18b4e/screenshot - {}
RESULT: {"script":"<script> [1562 bytes]","args":[{"selector":{"id":"application-manageresources-display-component---newResourceUnit--btnAddTimeSegment","interaction":{"idSuffix":"inner"}},"wdio_ui5_key":"applicationmanageresources-display-component---newResourceUnit--btnAddTimeSegment"}]}
RESULT: undefined
COMMAND: POST /session/7455601dddc232b6deafc0d190a18b4e/element - {"using":"xpath","value":"//*[@id=\"application-manageresources-display-component---newResourceUnit--btnAddTimeSegment\"]"}
RESULT: {}
RESULT: {"using":"xpath","value":"//*[@id=\"application-manageresources-display-component---newResourceUnit--btnAddTimeSegment\"]"}
COMMAND: POST /session/7455601dddc232b6deafc0d190a18b4e/element/f.8E6BFA2ED3A3A2D86F199707E5BEEB8B.d.706F0E08717D21353C2A563AC94718BE.e.10852/click - {}
RESULT: {}
COMMAND: GET /session/7455601dddc232b6deafc0d190a18b4e/screenshot - {}
RESULT: {}
COMMAND: POST /session/7455601dddc232b6deafc0d190a18b4e/element - {"using":"xpath","value":"//input[@id=\"application-manageresources-display-component---newResourceUnit--idRuTSAdmin-application-manageresources-display-component---newResourceUnit--RUTimeSegment-0-inner\"]"}
RESULT: {"using":"xpath","value":"//input[@id=\"application-manageresources-display-component---newResourceUnit--idRuTSAdmin-application-manageresources-display-component---newResourceUnit--RUTimeSegment-0-inner\"]"}
COMMAND: POST /session/7455601dddc232b6deafc0d190a18b4e/element/f.8E6BFA2ED3A3A2D86F199707E5BEEB8B.d.706F0E08717D21353C2A563AC94718BE.e.10858/clear - {}
RESULT: {}
COMMAND: POST /session/7455601dddc232b6deafc0d190a18b4e/element/f.8E6BFA2ED3A3A2D86F199707E5BEEB8B.d.706F0E08717D21353C2A563AC94718BE.e.10858/value - {"text":"400"}
COMMAND: GET /session/7455601dddc232b6deafc0d190a18b4e/screenshot - {}
RESULT: {"text":"400"}
COMMAND: GET /session/7455601dddc232b6deafc0d190a18b4e/screenshot - {}
RESULT: {}
RESULT: {}
COMMAND: POST /session/7455601dddc232b6deafc0d190a18b4e/element - {"using":"xpath","value":"//li[.//span[text()='400']]"}
RESULT: {"using":"xpath","value":"//li[.//span[text()='400']]"}
COMMAND: POST /session/7455601dddc232b6deafc0d190a18b4e/element/f.8E6BFA2ED3A3A2D86F199707E5BEEB8B.d.706F0E08717D21353C2A563AC94718BE.e.10871/click - {}
RESULT: {}
COMMAND: GET /session/7455601dddc232b6deafc0d190a18b4e/screenshot - {}
RESULT: {}
COMMAND: POST /session/7455601dddc232b6deafc0d190a18b4e/element - {"using":"xpath","value":"(//span[contains(@id, \"-application-manageresources-display-component---newResourceUnit--RUTimeSegment-0-arrow\")])[6]"}
RESULT: {"using":"xpath","value":"(//span[contains(@id, \"-application-manageresources-display-component---newResourceUnit--RUTimeSegment-0-arrow\")])[6]"}
COMMAND: POST /session/7455601dddc232b6deafc0d190a18b4e/element/f.8E6BFA2ED3A3A2D86F199707E5BEEB8B.d.706F0E08717D21353C2A563AC94718BE.e.10872/click - {}
RESULT: {}
COMMAND: GET /session/7455601dddc232b6deafc0d190a18b4e/screenshot - {}
RESULT: {}
COMMAND: POST /session/7455601dddc232b6deafc0d190a18b4e/element - {"using":"xpath","value":"//span[contains(text(), \"PM Order\")]"}
RESULT: {"using":"xpath","value":"//span[contains(text(), \"PM Order\")]"}
COMMAND: POST /session/7455601dddc232b6deafc0d190a18b4e/element/f.8E6BFA2ED3A3A2D86F199707E5BEEB8B.d.706F0E08717D21353C2A563AC94718BE.e.10875/click - {}
RESULT: {}
COMMAND: GET /session/7455601dddc232b6deafc0d190a18b4e/screenshot - {}
RESULT: {}
COMMAND: POST /session/7455601dddc232b6deafc0d190a18b4e/element - {"using":"xpath","value":"(//span[contains(@id ,\"manageresources-display-component---newResourceUnit--RUTimeSegment-0-vhi\")])[1]"}
RESULT: {"using":"xpath","value":"(//span[contains(@id ,\"manageresources-display-component---newResourceUnit--RUTimeSegment-0-vhi\")])[1]"}
COMMAND: GET /session/7455601dddc232b6deafc0d190a18b4e/element/f.8E6BFA2ED3A3A2D86F199707E5BEEB8B.d.706F0E08717D21353C2A563AC94718BE.e.10879/rect - {}
RESULT: {}
COMMAND: GET /session/7455601dddc232b6deafc0d190a18b4e/window/rect - {}
RESULT: {}
COMMAND: POST /session/7455601dddc232b6deafc0d190a18b4e/execute/sync - {"script":"<script> [92 bytes]","args":[]}
RESULT: {"script":"<script> [92 bytes]","args":[]}
COMMAND: POST /session/7455601dddc232b6deafc0d190a18b4e/actions - {"actions":[{"id":"action29","type":"wheel","parameters":{},"actions":[{"type":"scroll","x":-869,"y":-24,"deltaX":0,"deltaY":0,"duration":0,"origin":{"element-6066-11e4-a52e-4f735466cecf":"f.8E6BFA2ED3A3A2D86F199707E5BEEB8B.d.706F0E08717D21353C2A563AC94718BE.e.10879"}}]}]}
COMMAND: GET /session/7455601dddc232b6deafc0d190a18b4e/screenshot - {}
RESULT: {"actions":[{"id":"action29","type":"wheel","parameters":{},"actions":[{"type":"scroll","x":-869,"y":-24,"deltaX":0,"deltaY":0,"duration":0,"origin":{"element-6066-11e4-a52e-4f735466cecf":"f.8E6BFA2ED3A3A2D86F199707E5BEEB8B.d.706F0E08717D21353C2A563AC94718BE.e.10879"}}]}]}
COMMAND: DELETE /session/7455601dddc232b6deafc0d190a18b4e/actions - {}
COMMAND: GET /session/7455601dddc232b6deafc0d190a18b4e/screenshot - {}
RESULT: {}
RESULT: {}
COMMAND: GET /session/7455601dddc232b6deafc0d190a18b4e/screenshot - {}
RESULT: {}
RESULT: {}
COMMAND: POST /session/7455601dddc232b6deafc0d190a18b4e/element/f.8E6BFA2ED3A3A2D86F199707E5BEEB8B.d.706F0E08717D21353C2A563AC94718BE.e.10879/click - {}
RESULT: {}
COMMAND: GET /session/7455601dddc232b6deafc0d190a18b4e/screenshot - {}
RESULT: {}
RESULT: undefined
COMMAND: POST /session/7455601dddc232b6deafc0d190a18b4e/execute/async - {"script":"<script> [776 bytes]","args":[{"enterText":"4000360","selector":{"controlType":"sap.m.SearchField","properties":{"placeholder":"Search"},"searchOpenDialogs":true,"interaction":{"idSuffix":"I"}},"clearTextFirst":true,"interactionType":"ENTER_TEXT"}]}
RESULT: {"script":"<script> [776 bytes]","args":[{"enterText":"4000360","selector":{"controlType":"sap.m.SearchField","properties":{"placeholder":"Search"},"searchOpenDialogs":true,"interaction":{"idSuffix":"I"}},"clearTextFirst":true,"interactionType":"ENTER_TEXT"}]}
COMMAND: POST /session/7455601dddc232b6deafc0d190a18b4e/actions - {"actions":[{"id":"action30","type":"key","parameters":{},"actions":[{"type":"keyDown","value":""},{"type":"pause","duration":10},{"type":"keyUp","value":""}]}]}
RESULT: {"actions":[{"id":"action30","type":"key","parameters":{},"actions":[{"type":"keyDown","value":""},{"type":"pause","duration":10},{"type":"keyUp","value":""}]}]}
COMMAND: GET /session/7455601dddc232b6deafc0d190a18b4e/screenshot - {}
RESULT: {}
COMMAND: POST /session/7455601dddc232b6deafc0d190a18b4e/element - {"using":"xpath","value":"//td/div/span[contains(text(), \"BGL Vehicles\")]"}
RESULT: {"using":"xpath","value":"//td/div/span[contains(text(), \"BGL Vehicles\")]"}
COMMAND: POST /session/7455601dddc232b6deafc0d190a18b4e/element/f.8E6BFA2ED3A3A2D86F199707E5BEEB8B.d.706F0E08717D21353C2A563AC94718BE.e.10900/click - {}
RESULT: {}
COMMAND: GET /session/7455601dddc232b6deafc0d190a18b4e/screenshot - {}
RESULT: {}
COMMAND: POST /session/7455601dddc232b6deafc0d190a18b4e/element - {"using":"xpath","value":"//bdi[contains(text(), \"OK\")]"}
RESULT: {"using":"xpath","value":"//bdi[contains(text(), \"OK\")]"}
COMMAND: POST /session/7455601dddc232b6deafc0d190a18b4e/element/f.8E6BFA2ED3A3A2D86F199707E5BEEB8B.d.706F0E08717D21353C2A563AC94718BE.e.10901/click - {}
RESULT: {}
COMMAND: GET /session/7455601dddc232b6deafc0d190a18b4e/screenshot - {}
RESULT: {}
COMMAND: POST /session/7455601dddc232b6deafc0d190a18b4e/execute/async - {"script":"<script> [1562 bytes]","args":[{"selector":{"id":"application-manageresources-display-component---newResourceUnit--newRRUPage-anchBar-application-manageresources-display-component---newResourceUnit--resource-anchor","interaction":{"idSuffix":"BDI-content"}},"wdio_ui5_key":"applicationmanageresources-display-component---newResourceUnit--newRRUPage-anchBar-application-manageresources-display-component---newResourceUnit--resource-anchor"}]}
RESULT: {"script":"<script> [1562 bytes]","args":[{"selector":{"id":"application-manageresources-display-component---newResourceUnit--newRRUPage-anchBar-application-manageresources-display-component---newResourceUnit--resource-anchor","interaction":{"idSuffix":"BDI-content"}},"wdio_ui5_key":"applicationmanageresources-display-component---newResourceUnit--newRRUPage-anchBar-application-manageresources-display-component---newResourceUnit--resource-anchor"}]}
RESULT: undefined
COMMAND: POST /session/7455601dddc232b6deafc0d190a18b4e/element - {"using":"xpath","value":"//*[@id=\"application-manageresources-display-component---newResourceUnit--newRRUPage-anchBar-application-manageresources-display-component---newResourceUnit--resource-anchor\"]"}
RESULT: {"using":"xpath","value":"//*[@id=\"application-manageresources-display-component---newResourceUnit--newRRUPage-anchBar-application-manageresources-display-component---newResourceUnit--resource-anchor\"]"}
COMMAND: POST /session/7455601dddc232b6deafc0d190a18b4e/element/f.8E6BFA2ED3A3A2D86F199707E5BEEB8B.d.706F0E08717D21353C2A563AC94718BE.e.10905/click - {}
RESULT: {}
COMMAND: POST /session/7455601dddc232b6deafc0d190a18b4e/execute/async - {"script":"<script> [1562 bytes]","args":[{"selector":{"id":"application-manageresources-display-component---newResourceUnit--PLANNED_DELIVERY_DATE","interaction":{"idSuffix":"inner"}},"wdio_ui5_key":"applicationmanageresources-display-component---newResourceUnit--PLANNED_DELIVERY_DATE"}]}
COMMAND: GET /session/7455601dddc232b6deafc0d190a18b4e/screenshot - {}
RESULT: {"script":"<script> [1562 bytes]","args":[{"selector":{"id":"application-manageresources-display-component---newResourceUnit--PLANNED_DELIVERY_DATE","interaction":{"idSuffix":"inner"}},"wdio_ui5_key":"applicationmanageresources-display-component---newResourceUnit--PLANNED_DELIVERY_DATE"}]}
RESULT: undefined
COMMAND: POST /session/7455601dddc232b6deafc0d190a18b4e/execute/async - {"script":"<script> [6424 bytes]","args":[{"element-6066-11e4-a52e-4f735466cecf":"f.8E6BFA2ED3A3A2D86F199707E5BEEB8B.d.706F0E08717D21353C2A563AC94718BE.e.10733"},"setValue",["5/27/25"]]}
RESULT: {}
RESULT: {"script":"<script> [6424 bytes]","args":[{"element-6066-11e4-a52e-4f735466cecf":"f.8E6BFA2ED3A3A2D86F199707E5BEEB8B.d.706F0E08717D21353C2A563AC94718BE.e.10733"},"setValue",["5/27/25"]]}
COMMAND: POST /session/7455601dddc232b6deafc0d190a18b4e/element - {"using":"xpath","value":"//label[contains(@class, 'sapMLabelRequired') and .//bdi[contains(text(), 'Planned Retirement')]]"}
RESULT: {"using":"xpath","value":"//label[contains(@class, 'sapMLabelRequired') and .//bdi[contains(text(), 'Planned Retirement')]]"}
COMMAND: POST /session/7455601dddc232b6deafc0d190a18b4e/elements - {"using":"xpath","value":"//label[contains(@class, 'sapMLabelRequired') and .//bdi[contains(text(), 'Planned Retirement')]]"}
RESULT: {"using":"xpath","value":"//label[contains(@class, 'sapMLabelRequired') and .//bdi[contains(text(), 'Planned Retirement')]]"}
COMMAND: POST /session/7455601dddc232b6deafc0d190a18b4e/element - {"using":"xpath","value":"//button[@data-kt=\"resourceUnitSaveButton\"]"}
RESULT: {"using":"xpath","value":"//button[@data-kt=\"resourceUnitSaveButton\"]"}
COMMAND: POST /session/7455601dddc232b6deafc0d190a18b4e/element/f.8E6BFA2ED3A3A2D86F199707E5BEEB8B.d.706F0E08717D21353C2A563AC94718BE.e.10693/click - {}
RESULT: {}
COMMAND: GET /session/7455601dddc232b6deafc0d190a18b4e/screenshot - {}
RESULT: {}
COMMAND: POST /session/7455601dddc232b6deafc0d190a18b4e/element - {"using":"xpath","value":"//bdi[contains(text(), \"Close\")]"}
RESULT: {"using":"xpath","value":"//bdi[contains(text(), \"Close\")]"}
COMMAND: POST /session/7455601dddc232b6deafc0d190a18b4e/element/f.8E6BFA2ED3A3A2D86F199707E5BEEB8B.d.706F0E08717D21353C2A563AC94718BE.e.10913/click - {}
RESULT: {}
COMMAND: GET /session/7455601dddc232b6deafc0d190a18b4e/screenshot - {}
RESULT: {}
COMMAND: POST /session/7455601dddc232b6deafc0d190a18b4e/element - {"using":"xpath","value":"(//button[contains(@id ,\"actionsToolbar-overflowButton\")])[1]"}
RESULT: {"using":"xpath","value":"(//button[contains(@id ,\"actionsToolbar-overflowButton\")])[1]"}
COMMAND: POST /session/7455601dddc232b6deafc0d190a18b4e/element/f.8E6BFA2ED3A3A2D86F199707E5BEEB8B.d.706F0E08717D21353C2A563AC94718BE.e.10970/click - {}
RESULT: {}
COMMAND: GET /session/7455601dddc232b6deafc0d190a18b4e/screenshot - {}
RESULT: {}
COMMAND: POST /session/7455601dddc232b6deafc0d190a18b4e/element - {"using":"xpath","value":"//button[@data-kt=\"priceInfoButton\"]"}
RESULT: {"using":"xpath","value":"//button[@data-kt=\"priceInfoButton\"]"}
COMMAND: POST /session/7455601dddc232b6deafc0d190a18b4e/element/f.8E6BFA2ED3A3A2D86F199707E5BEEB8B.d.706F0E08717D21353C2A563AC94718BE.e.10972/click - {}
RESULT: {}
COMMAND: GET /session/7455601dddc232b6deafc0d190a18b4e/screenshot - {}
]]></system-out>
    </testcase>
    <testcase classname="chrome.136_0_7103_93.windows.Billing_Transfer_-_Intracompany_US127249" name="Should create a pricing procedure" time="57.245">
      <system-out><![CDATA[
COMMAND: POST /session/7455601dddc232b6deafc0d190a18b4e/element - {"using":"xpath","value":"//button[@data-kt=\"addButton\"]"}
RESULT: {}
RESULT: {"using":"xpath","value":"//button[@data-kt=\"addButton\"]"}
COMMAND: POST /session/7455601dddc232b6deafc0d190a18b4e/elements - {"using":"xpath","value":"//button[@data-kt=\"addButton\"]"}
RESULT: {"using":"xpath","value":"//button[@data-kt=\"addButton\"]"}
COMMAND: POST /session/7455601dddc232b6deafc0d190a18b4e/execute/sync - {"script":"<script> [8489 bytes]","args":[{"element-6066-11e4-a52e-4f735466cecf":"f.8E6BFA2ED3A3A2D86F199707E5BEEB8B.d.706F0E08717D21353C2A563AC94718BE.e.11008","ELEMENT":"f.8E6BFA2ED3A3A2D86F199707E5BEEB8B.d.706F0E08717D21353C2A563AC94718BE.e.11008"}]}
RESULT: {"script":"<script> [8489 bytes]","args":[{"element-6066-11e4-a52e-4f735466cecf":"f.8E6BFA2ED3A3A2D86F199707E5BEEB8B.d.706F0E08717D21353C2A563AC94718BE.e.11008","ELEMENT":"f.8E6BFA2ED3A3A2D86F199707E5BEEB8B.d.706F0E08717D21353C2A563AC94718BE.e.11008"}]}
COMMAND: GET /session/7455601dddc232b6deafc0d190a18b4e/element/f.8E6BFA2ED3A3A2D86F199707E5BEEB8B.d.706F0E08717D21353C2A563AC94718BE.e.11008/enabled - {}
COMMAND: GET /session/7455601dddc232b6deafc0d190a18b4e/screenshot - {}
RESULT: {}
COMMAND: POST /session/7455601dddc232b6deafc0d190a18b4e/execute/sync - {"script":"<script> [8489 bytes]","args":[{"element-6066-11e4-a52e-4f735466cecf":"f.8E6BFA2ED3A3A2D86F199707E5BEEB8B.d.706F0E08717D21353C2A563AC94718BE.e.11008","ELEMENT":"f.8E6BFA2ED3A3A2D86F199707E5BEEB8B.d.706F0E08717D21353C2A563AC94718BE.e.11008"}]}
COMMAND: GET /session/7455601dddc232b6deafc0d190a18b4e/screenshot - {}
RESULT: {}
RESULT: {"script":"<script> [8489 bytes]","args":[{"element-6066-11e4-a52e-4f735466cecf":"f.8E6BFA2ED3A3A2D86F199707E5BEEB8B.d.706F0E08717D21353C2A563AC94718BE.e.11008","ELEMENT":"f.8E6BFA2ED3A3A2D86F199707E5BEEB8B.d.706F0E08717D21353C2A563AC94718BE.e.11008"}]}
COMMAND: POST /session/7455601dddc232b6deafc0d190a18b4e/execute/sync - {"script":"<script> [5351 bytes]","args":[{"element-6066-11e4-a52e-4f735466cecf":"f.8E6BFA2ED3A3A2D86F199707E5BEEB8B.d.706F0E08717D21353C2A563AC94718BE.e.11008","ELEMENT":"f.8E6BFA2ED3A3A2D86F199707E5BEEB8B.d.706F0E08717D21353C2A563AC94718BE.e.11008"}]}
COMMAND: GET /session/7455601dddc232b6deafc0d190a18b4e/screenshot - {}
RESULT: {}
RESULT: {"script":"<script> [5351 bytes]","args":[{"element-6066-11e4-a52e-4f735466cecf":"f.8E6BFA2ED3A3A2D86F199707E5BEEB8B.d.706F0E08717D21353C2A563AC94718BE.e.11008","ELEMENT":"f.8E6BFA2ED3A3A2D86F199707E5BEEB8B.d.706F0E08717D21353C2A563AC94718BE.e.11008"}]}
COMMAND: POST /session/7455601dddc232b6deafc0d190a18b4e/element/f.8E6BFA2ED3A3A2D86F199707E5BEEB8B.d.706F0E08717D21353C2A563AC94718BE.e.11008/click - {}
COMMAND: GET /session/7455601dddc232b6deafc0d190a18b4e/screenshot - {}
RESULT: {}
RESULT: {}
COMMAND: GET /session/7455601dddc232b6deafc0d190a18b4e/screenshot - {}
RESULT: {}
RESULT: {}
COMMAND: POST /session/7455601dddc232b6deafc0d190a18b4e/execute/async - {"script":"<script> [1562 bytes]","args":[{"selector":{"controlType":"sap.m.Title","viewName":"etm.portal.ui.managepricingrules.view.NewItem","viewId":"application-managepricingrules-display-component---newInfoPriceItem","properties":{"text":"New Pricing Rules - Item Level"}},"wdio_ui5_key":"etmportal.ui.managepricingrules.view.NewItemsap.m.Title{\"text\":\"New Pricing Rules - Item Level\"}"}]}
RESULT: {"script":"<script> [1562 bytes]","args":[{"selector":{"controlType":"sap.m.Title","viewName":"etm.portal.ui.managepricingrules.view.NewItem","viewId":"application-managepricingrules-display-component---newInfoPriceItem","properties":{"text":"New Pricing Rules - Item Level"}},"wdio_ui5_key":"etmportal.ui.managepricingrules.view.NewItemsap.m.Title{\"text\":\"New Pricing Rules - Item Level\"}"}]}
RESULT: undefined
COMMAND: POST /session/7455601dddc232b6deafc0d190a18b4e/execute/async - {"script":"<script> [6424 bytes]","args":[{"element-6066-11e4-a52e-4f735466cecf":"f.8E6BFA2ED3A3A2D86F199707E5BEEB8B.d.706F0E08717D21353C2A563AC94718BE.e.11082"},"getText",[]]}
RESULT: {"script":"<script> [6424 bytes]","args":[{"element-6066-11e4-a52e-4f735466cecf":"f.8E6BFA2ED3A3A2D86F199707E5BEEB8B.d.706F0E08717D21353C2A563AC94718BE.e.11082"},"getText",[]]}
COMMAND: POST /session/7455601dddc232b6deafc0d190a18b4e/execute/async - {"script":"<script> [1562 bytes]","args":[{"selector":{"id":"application-managepricingrules-display-component---newInfoPriceItem--condValidTo","interaction":{"idSuffix":"inner"}},"wdio_ui5_key":"applicationmanagepricingrules-display-component---newInfoPriceItem--condValidTo"}]}
RESULT: {"script":"<script> [1562 bytes]","args":[{"selector":{"id":"application-managepricingrules-display-component---newInfoPriceItem--condValidTo","interaction":{"idSuffix":"inner"}},"wdio_ui5_key":"applicationmanagepricingrules-display-component---newInfoPriceItem--condValidTo"}]}
RESULT: undefined
COMMAND: POST /session/7455601dddc232b6deafc0d190a18b4e/execute/async - {"script":"<script> [776 bytes]","args":[{"enterText":"1/27/26","selector":{"id":"application-managepricingrules-display-component---newInfoPriceItem--condValidTo","interaction":{"idSuffix":"inner"}},"clearTextFirst":true,"interactionType":"ENTER_TEXT"}]}
RESULT: {"script":"<script> [776 bytes]","args":[{"enterText":"1/27/26","selector":{"id":"application-managepricingrules-display-component---newInfoPriceItem--condValidTo","interaction":{"idSuffix":"inner"}},"clearTextFirst":true,"interactionType":"ENTER_TEXT"}]}
COMMAND: POST /session/7455601dddc232b6deafc0d190a18b4e/execute/async - {"script":"<script> [1562 bytes]","args":[{"selector":{"id":"application-managepricingrules-display-component---newInfoPriceItem--billType-arrow"},"wdio_ui5_key":"applicationmanagepricingrules-display-component---newInfoPriceItem--billType-arrow"}]}
RESULT: {"script":"<script> [1562 bytes]","args":[{"selector":{"id":"application-managepricingrules-display-component---newInfoPriceItem--billType-arrow"},"wdio_ui5_key":"applicationmanagepricingrules-display-component---newInfoPriceItem--billType-arrow"}]}
RESULT: undefined
COMMAND: POST /session/7455601dddc232b6deafc0d190a18b4e/element - {"using":"xpath","value":"//*[@id=\"application-managepricingrules-display-component---newInfoPriceItem--billType-arrow\"]"}
RESULT: {"using":"xpath","value":"//*[@id=\"application-managepricingrules-display-component---newInfoPriceItem--billType-arrow\"]"}
COMMAND: POST /session/7455601dddc232b6deafc0d190a18b4e/element/f.8E6BFA2ED3A3A2D86F199707E5BEEB8B.d.706F0E08717D21353C2A563AC94718BE.e.11139/click - {}
RESULT: {}
COMMAND: POST /session/7455601dddc232b6deafc0d190a18b4e/element - {"using":"xpath","value":"//span[contains(text(), \"TB - Time based\")]"}
COMMAND: GET /session/7455601dddc232b6deafc0d190a18b4e/screenshot - {}
RESULT: {"using":"xpath","value":"//span[contains(text(), \"TB - Time based\")]"}
COMMAND: POST /session/7455601dddc232b6deafc0d190a18b4e/element/f.8E6BFA2ED3A3A2D86F199707E5BEEB8B.d.706F0E08717D21353C2A563AC94718BE.e.11181/click - {}
RESULT: {}
RESULT: {}
COMMAND: POST /session/7455601dddc232b6deafc0d190a18b4e/execute/async - {"script":"<script> [1562 bytes]","args":[{"selector":{"id":"application-managepricingrules-display-component---newInfoPriceItem--priceProc-arrow"},"wdio_ui5_key":"applicationmanagepricingrules-display-component---newInfoPriceItem--priceProc-arrow"}]}
COMMAND: GET /session/7455601dddc232b6deafc0d190a18b4e/screenshot - {}
RESULT: {"script":"<script> [1562 bytes]","args":[{"selector":{"id":"application-managepricingrules-display-component---newInfoPriceItem--priceProc-arrow"},"wdio_ui5_key":"applicationmanagepricingrules-display-component---newInfoPriceItem--priceProc-arrow"}]}
RESULT: undefined
COMMAND: POST /session/7455601dddc232b6deafc0d190a18b4e/element - {"using":"xpath","value":"//*[@id=\"application-managepricingrules-display-component---newInfoPriceItem--priceProc-arrow\"]"}
RESULT: {}
RESULT: {"using":"xpath","value":"//*[@id=\"application-managepricingrules-display-component---newInfoPriceItem--priceProc-arrow\"]"}
COMMAND: POST /session/7455601dddc232b6deafc0d190a18b4e/element/f.8E6BFA2ED3A3A2D86F199707E5BEEB8B.d.706F0E08717D21353C2A563AC94718BE.e.11146/click - {}
RESULT: {}
COMMAND: POST /session/7455601dddc232b6deafc0d190a18b4e/element - {"using":"xpath","value":"//span[contains(text(), \"TBS - Time based standard\")]"}
COMMAND: GET /session/7455601dddc232b6deafc0d190a18b4e/screenshot - {}
RESULT: {"using":"xpath","value":"//span[contains(text(), \"TBS - Time based standard\")]"}
COMMAND: POST /session/7455601dddc232b6deafc0d190a18b4e/element/f.8E6BFA2ED3A3A2D86F199707E5BEEB8B.d.706F0E08717D21353C2A563AC94718BE.e.11182/click - {}
RESULT: {}
RESULT: {}
COMMAND: POST /session/7455601dddc232b6deafc0d190a18b4e/execute/async - {"script":"<script> [1562 bytes]","args":[{"selector":{"id":"application-managepricingrules-display-component---newInfoPriceItem--calcBase-arrow"},"wdio_ui5_key":"applicationmanagepricingrules-display-component---newInfoPriceItem--calcBase-arrow"}]}
COMMAND: GET /session/7455601dddc232b6deafc0d190a18b4e/screenshot - {}
RESULT: {"script":"<script> [1562 bytes]","args":[{"selector":{"id":"application-managepricingrules-display-component---newInfoPriceItem--calcBase-arrow"},"wdio_ui5_key":"applicationmanagepricingrules-display-component---newInfoPriceItem--calcBase-arrow"}]}
RESULT: undefined
COMMAND: POST /session/7455601dddc232b6deafc0d190a18b4e/element - {"using":"xpath","value":"//*[@id=\"application-managepricingrules-display-component---newInfoPriceItem--calcBase-arrow\"]"}
RESULT: {}
RESULT: {"using":"xpath","value":"//*[@id=\"application-managepricingrules-display-component---newInfoPriceItem--calcBase-arrow\"]"}
COMMAND: POST /session/7455601dddc232b6deafc0d190a18b4e/element/f.8E6BFA2ED3A3A2D86F199707E5BEEB8B.d.706F0E08717D21353C2A563AC94718BE.e.11153/click - {}
RESULT: {}
COMMAND: GET /session/7455601dddc232b6deafc0d190a18b4e/screenshot - {}
RESULT: {}
COMMAND: POST /session/7455601dddc232b6deafc0d190a18b4e/element - {"using":"xpath","value":"//span[contains(text(), \"0006 - TB(calendar days)\")]"}
RESULT: {"using":"xpath","value":"//span[contains(text(), \"0006 - TB(calendar days)\")]"}
COMMAND: POST /session/7455601dddc232b6deafc0d190a18b4e/element/f.8E6BFA2ED3A3A2D86F199707E5BEEB8B.d.706F0E08717D21353C2A563AC94718BE.e.11183/click - {}
RESULT: {}
COMMAND: GET /session/7455601dddc232b6deafc0d190a18b4e/screenshot - {}
RESULT: {}
COMMAND: POST /session/7455601dddc232b6deafc0d190a18b4e/execute/async - {"script":"<script> [1562 bytes]","args":[{"selector":{"id":"application-managepricingrules-display-component---newInfoPriceItem--daysMonth","interaction":{"idSuffix":"inner"}},"wdio_ui5_key":"applicationmanagepricingrules-display-component---newInfoPriceItem--daysMonth"}]}
RESULT: {"script":"<script> [1562 bytes]","args":[{"selector":{"id":"application-managepricingrules-display-component---newInfoPriceItem--daysMonth","interaction":{"idSuffix":"inner"}},"wdio_ui5_key":"applicationmanagepricingrules-display-component---newInfoPriceItem--daysMonth"}]}
RESULT: undefined
COMMAND: POST /session/7455601dddc232b6deafc0d190a18b4e/execute/async - {"script":"<script> [776 bytes]","args":[{"enterText":"30","selector":{"id":"application-managepricingrules-display-component---newInfoPriceItem--daysMonth","interaction":{"idSuffix":"inner"}},"clearTextFirst":true,"interactionType":"ENTER_TEXT"}]}
RESULT: {"script":"<script> [776 bytes]","args":[{"enterText":"30","selector":{"id":"application-managepricingrules-display-component---newInfoPriceItem--daysMonth","interaction":{"idSuffix":"inner"}},"clearTextFirst":true,"interactionType":"ENTER_TEXT"}]}
COMMAND: POST /session/7455601dddc232b6deafc0d190a18b4e/element - {"using":"xpath","value":"//button[@data-kt=\"saveNewRuleButton\"]"}
RESULT: {"using":"xpath","value":"//button[@data-kt=\"saveNewRuleButton\"]"}
COMMAND: POST /session/7455601dddc232b6deafc0d190a18b4e/element/f.8E6BFA2ED3A3A2D86F199707E5BEEB8B.d.706F0E08717D21353C2A563AC94718BE.e.11174/click - {}
RESULT: {}
COMMAND: GET /session/7455601dddc232b6deafc0d190a18b4e/screenshot - {}
RESULT: {}
COMMAND: POST /session/7455601dddc232b6deafc0d190a18b4e/execute/async - {"script":"<script> [1562 bytes]","args":[{"selector":{"id":"application-managepricingrules-display-component---priceInfoItem--smartFilterBar-btnBasicSearch","interaction":{"idSuffix":"I"}},"wdio_ui5_key":"applicationmanagepricingrules-display-component---priceInfoItem--smartFilterBar-btnBasicSearch"}]}
RESULT: {"script":"<script> [1562 bytes]","args":[{"selector":{"id":"application-managepricingrules-display-component---priceInfoItem--smartFilterBar-btnBasicSearch","interaction":{"idSuffix":"I"}},"wdio_ui5_key":"applicationmanagepricingrules-display-component---priceInfoItem--smartFilterBar-btnBasicSearch"}]}
RESULT: undefined
COMMAND: POST /session/7455601dddc232b6deafc0d190a18b4e/execute/async - {"script":"<script> [776 bytes]","args":[{"enterText":"9EcgrcHnSV","selector":{"id":"application-managepricingrules-display-component---priceInfoItem--smartFilterBar-btnBasicSearch","interaction":{"idSuffix":"I"}},"clearTextFirst":true,"interactionType":"ENTER_TEXT"}]}
RESULT: {"script":"<script> [776 bytes]","args":[{"enterText":"9EcgrcHnSV","selector":{"id":"application-managepricingrules-display-component---priceInfoItem--smartFilterBar-btnBasicSearch","interaction":{"idSuffix":"I"}},"clearTextFirst":true,"interactionType":"ENTER_TEXT"}]}
COMMAND: POST /session/7455601dddc232b6deafc0d190a18b4e/actions - {"actions":[{"id":"action31","type":"key","parameters":{},"actions":[{"type":"keyDown","value":""},{"type":"pause","duration":10},{"type":"keyUp","value":""}]}]}
RESULT: {"actions":[{"id":"action31","type":"key","parameters":{},"actions":[{"type":"keyDown","value":""},{"type":"pause","duration":10},{"type":"keyUp","value":""}]}]}
COMMAND: GET /session/7455601dddc232b6deafc0d190a18b4e/screenshot - {}
RESULT: {}
COMMAND: POST /session/7455601dddc232b6deafc0d190a18b4e/element - {"using":"xpath","value":"//span[@id=\"application-managepricingrules-display-component---priceInfoItem--smartTable-header-inner\"]"}
RESULT: {"using":"xpath","value":"//span[@id=\"application-managepricingrules-display-component---priceInfoItem--smartTable-header-inner\"]"}
COMMAND: POST /session/7455601dddc232b6deafc0d190a18b4e/elements - {"using":"xpath","value":"//span[@id=\"application-managepricingrules-display-component---priceInfoItem--smartTable-header-inner\"]"}
RESULT: {"using":"xpath","value":"//span[@id=\"application-managepricingrules-display-component---priceInfoItem--smartTable-header-inner\"]"}
COMMAND: POST /session/7455601dddc232b6deafc0d190a18b4e/execute/sync - {"script":"<script> [56 bytes]","args":[{"element-6066-11e4-a52e-4f735466cecf":"f.8E6BFA2ED3A3A2D86F199707E5BEEB8B.d.706F0E08717D21353C2A563AC94718BE.e.11208","ELEMENT":"f.8E6BFA2ED3A3A2D86F199707E5BEEB8B.d.706F0E08717D21353C2A563AC94718BE.e.11208"}]}
RESULT: {"script":"<script> [56 bytes]","args":[{"element-6066-11e4-a52e-4f735466cecf":"f.8E6BFA2ED3A3A2D86F199707E5BEEB8B.d.706F0E08717D21353C2A563AC94718BE.e.11208","ELEMENT":"f.8E6BFA2ED3A3A2D86F199707E5BEEB8B.d.706F0E08717D21353C2A563AC94718BE.e.11208"}]}
COMMAND: POST /session/7455601dddc232b6deafc0d190a18b4e/element - {"using":"css selector","value":"#shell-header-logo"}
COMMAND: GET /session/7455601dddc232b6deafc0d190a18b4e/screenshot - {}
RESULT: {"using":"css selector","value":"#shell-header-logo"}
COMMAND: POST /session/7455601dddc232b6deafc0d190a18b4e/element/f.8E6BFA2ED3A3A2D86F199707E5BEEB8B.d.706F0E08717D21353C2A563AC94718BE.e.10296/click - {}
RESULT: {}
RESULT: {}
COMMAND: GET /session/7455601dddc232b6deafc0d190a18b4e/screenshot - {}
RESULT: {}
]]></system-out>
    </testcase>
    <testcase classname="chrome.136_0_7103_93.windows.Billing_Transfer_-_Intracompany_US127249" name="Should manage conditions" time="69.437">
      <system-out><![CDATA[
COMMAND: POST /session/7455601dddc232b6deafc0d190a18b4e/execute/async - {"script":"<script> [1562 bytes]","args":[{"selector":{"controlType":"sap.m.GenericTile","properties":{"header":"Manage Conditions & Prices"}},"wdio_ui5_key":"sapm.GenericTile{\"header\":\"Manage Conditions & Prices\"}"}]}
RESULT: {"script":"<script> [1562 bytes]","args":[{"selector":{"controlType":"sap.m.GenericTile","properties":{"header":"Manage Conditions & Prices"}},"wdio_ui5_key":"sapm.GenericTile{\"header\":\"Manage Conditions & Prices\"}"}]}
RESULT: undefined
COMMAND: POST /session/7455601dddc232b6deafc0d190a18b4e/element - {"using":"xpath","value":"//*[@id=\"__tile53\"]"}
RESULT: {"using":"xpath","value":"//*[@id=\"__tile53\"]"}
COMMAND: POST /session/7455601dddc232b6deafc0d190a18b4e/element/f.8E6BFA2ED3A3A2D86F199707E5BEEB8B.d.706F0E08717D21353C2A563AC94718BE.e.7997/click - {}
RESULT: {}
COMMAND: GET /session/7455601dddc232b6deafc0d190a18b4e/screenshot - {}
RESULT: {}
COMMAND: POST /session/7455601dddc232b6deafc0d190a18b4e/elements - {"using":"xpath","value":"//span[text()='Error']"}
RESULT: {"using":"xpath","value":"//span[text()='Error']"}
COMMAND: POST /session/7455601dddc232b6deafc0d190a18b4e/element - {"using":"xpath","value":"//button[@aria-label=\"Create\"]"}
RESULT: {"using":"xpath","value":"//button[@aria-label=\"Create\"]"}
COMMAND: POST /session/7455601dddc232b6deafc0d190a18b4e/elements - {"using":"xpath","value":"//button[@aria-label=\"Create\"]"}
RESULT: {"using":"xpath","value":"//button[@aria-label=\"Create\"]"}
COMMAND: POST /session/7455601dddc232b6deafc0d190a18b4e/execute/sync - {"script":"<script> [8489 bytes]","args":[{"element-6066-11e4-a52e-4f735466cecf":"f.8E6BFA2ED3A3A2D86F199707E5BEEB8B.d.706F0E08717D21353C2A563AC94718BE.e.11243","ELEMENT":"f.8E6BFA2ED3A3A2D86F199707E5BEEB8B.d.706F0E08717D21353C2A563AC94718BE.e.11243"}]}
RESULT: {"script":"<script> [8489 bytes]","args":[{"element-6066-11e4-a52e-4f735466cecf":"f.8E6BFA2ED3A3A2D86F199707E5BEEB8B.d.706F0E08717D21353C2A563AC94718BE.e.11243","ELEMENT":"f.8E6BFA2ED3A3A2D86F199707E5BEEB8B.d.706F0E08717D21353C2A563AC94718BE.e.11243"}]}
COMMAND: GET /session/7455601dddc232b6deafc0d190a18b4e/element/f.8E6BFA2ED3A3A2D86F199707E5BEEB8B.d.706F0E08717D21353C2A563AC94718BE.e.11243/enabled - {}
COMMAND: GET /session/7455601dddc232b6deafc0d190a18b4e/screenshot - {}
RESULT: {}
COMMAND: POST /session/7455601dddc232b6deafc0d190a18b4e/execute/sync - {"script":"<script> [8489 bytes]","args":[{"element-6066-11e4-a52e-4f735466cecf":"f.8E6BFA2ED3A3A2D86F199707E5BEEB8B.d.706F0E08717D21353C2A563AC94718BE.e.11243","ELEMENT":"f.8E6BFA2ED3A3A2D86F199707E5BEEB8B.d.706F0E08717D21353C2A563AC94718BE.e.11243"}]}
COMMAND: GET /session/7455601dddc232b6deafc0d190a18b4e/screenshot - {}
RESULT: {}
RESULT: {"script":"<script> [8489 bytes]","args":[{"element-6066-11e4-a52e-4f735466cecf":"f.8E6BFA2ED3A3A2D86F199707E5BEEB8B.d.706F0E08717D21353C2A563AC94718BE.e.11243","ELEMENT":"f.8E6BFA2ED3A3A2D86F199707E5BEEB8B.d.706F0E08717D21353C2A563AC94718BE.e.11243"}]}
COMMAND: POST /session/7455601dddc232b6deafc0d190a18b4e/execute/sync - {"script":"<script> [5351 bytes]","args":[{"element-6066-11e4-a52e-4f735466cecf":"f.8E6BFA2ED3A3A2D86F199707E5BEEB8B.d.706F0E08717D21353C2A563AC94718BE.e.11243","ELEMENT":"f.8E6BFA2ED3A3A2D86F199707E5BEEB8B.d.706F0E08717D21353C2A563AC94718BE.e.11243"}]}
COMMAND: GET /session/7455601dddc232b6deafc0d190a18b4e/screenshot - {}
RESULT: {}
RESULT: {"script":"<script> [5351 bytes]","args":[{"element-6066-11e4-a52e-4f735466cecf":"f.8E6BFA2ED3A3A2D86F199707E5BEEB8B.d.706F0E08717D21353C2A563AC94718BE.e.11243","ELEMENT":"f.8E6BFA2ED3A3A2D86F199707E5BEEB8B.d.706F0E08717D21353C2A563AC94718BE.e.11243"}]}
COMMAND: POST /session/7455601dddc232b6deafc0d190a18b4e/element/f.8E6BFA2ED3A3A2D86F199707E5BEEB8B.d.706F0E08717D21353C2A563AC94718BE.e.11243/click - {}
COMMAND: GET /session/7455601dddc232b6deafc0d190a18b4e/screenshot - {}
RESULT: {}
RESULT: {}
COMMAND: GET /session/7455601dddc232b6deafc0d190a18b4e/screenshot - {}
RESULT: {}
RESULT: {}
COMMAND: POST /session/7455601dddc232b6deafc0d190a18b4e/actions - {"actions":[{"id":"action32","type":"key","parameters":{},"actions":[{"type":"keyDown","value":""},{"type":"pause","duration":10},{"type":"keyUp","value":""}]}]}
RESULT: {"actions":[{"id":"action32","type":"key","parameters":{},"actions":[{"type":"keyDown","value":""},{"type":"pause","duration":10},{"type":"keyUp","value":""}]}]}
COMMAND: GET /session/7455601dddc232b6deafc0d190a18b4e/screenshot - {}
RESULT: {}
COMMAND: POST /session/7455601dddc232b6deafc0d190a18b4e/execute/async - {"script":"<script> [1562 bytes]","args":[{"selector":{"id":"application-manageconditionprice-display-component---newCondition--condBillCond-arrow"},"wdio_ui5_key":"applicationmanageconditionprice-display-component---newCondition--condBillCond-arrow"}]}
RESULT: {"script":"<script> [1562 bytes]","args":[{"selector":{"id":"application-manageconditionprice-display-component---newCondition--condBillCond-arrow"},"wdio_ui5_key":"applicationmanageconditionprice-display-component---newCondition--condBillCond-arrow"}]}
RESULT: undefined
COMMAND: POST /session/7455601dddc232b6deafc0d190a18b4e/element - {"using":"xpath","value":"//*[@id=\"application-manageconditionprice-display-component---newCondition--condBillCond-arrow\"]"}
RESULT: {"using":"xpath","value":"//*[@id=\"application-manageconditionprice-display-component---newCondition--condBillCond-arrow\"]"}
COMMAND: POST /session/7455601dddc232b6deafc0d190a18b4e/element/f.8E6BFA2ED3A3A2D86F199707E5BEEB8B.d.706F0E08717D21353C2A563AC94718BE.e.11424/click - {}
RESULT: {}
COMMAND: GET /session/7455601dddc232b6deafc0d190a18b4e/screenshot - {}
RESULT: {}
COMMAND: POST /session/7455601dddc232b6deafc0d190a18b4e/element - {"using":"xpath","value":"//li[.//span[contains(text(), \"DISP - D&I special price\")]]"}
RESULT: {"using":"xpath","value":"//li[.//span[contains(text(), \"DISP - D&I special price\")]]"}
COMMAND: POST /session/7455601dddc232b6deafc0d190a18b4e/element/f.8E6BFA2ED3A3A2D86F199707E5BEEB8B.d.706F0E08717D21353C2A563AC94718BE.e.11427/click - {}
RESULT: {}
COMMAND: GET /session/7455601dddc232b6deafc0d190a18b4e/screenshot - {}
RESULT: {}
COMMAND: POST /session/7455601dddc232b6deafc0d190a18b4e/execute/async - {"script":"<script> [1562 bytes]","args":[{"selector":{"id":"application-manageconditionprice-display-component---newCondition--condValidTo","interaction":{"idSuffix":"inner"}},"wdio_ui5_key":"applicationmanageconditionprice-display-component---newCondition--condValidTo"}]}
RESULT: {"script":"<script> [1562 bytes]","args":[{"selector":{"id":"application-manageconditionprice-display-component---newCondition--condValidTo","interaction":{"idSuffix":"inner"}},"wdio_ui5_key":"applicationmanageconditionprice-display-component---newCondition--condValidTo"}]}
RESULT: undefined
COMMAND: POST /session/7455601dddc232b6deafc0d190a18b4e/execute/async - {"script":"<script> [776 bytes]","args":[{"enterText":"1/27/26","selector":{"id":"application-manageconditionprice-display-component---newCondition--condValidTo","interaction":{"idSuffix":"inner"}},"clearTextFirst":true,"interactionType":"ENTER_TEXT"}]}
RESULT: {"script":"<script> [776 bytes]","args":[{"enterText":"1/27/26","selector":{"id":"application-manageconditionprice-display-component---newCondition--condValidTo","interaction":{"idSuffix":"inner"}},"clearTextFirst":true,"interactionType":"ENTER_TEXT"}]}
COMMAND: POST /session/7455601dddc232b6deafc0d190a18b4e/element - {"using":"xpath","value":"//input[@id=\"application-manageconditionprice-display-component---newCondition--condRU-inner\"]"}
RESULT: {"using":"xpath","value":"//input[@id=\"application-manageconditionprice-display-component---newCondition--condRU-inner\"]"}
COMMAND: POST /session/7455601dddc232b6deafc0d190a18b4e/element/f.8E6BFA2ED3A3A2D86F199707E5BEEB8B.d.706F0E08717D21353C2A563AC94718BE.e.11288/clear - {}
RESULT: {}
COMMAND: POST /session/7455601dddc232b6deafc0d190a18b4e/element/f.8E6BFA2ED3A3A2D86F199707E5BEEB8B.d.706F0E08717D21353C2A563AC94718BE.e.11288/value - {"text":"9EcgrcHnSV"}
COMMAND: GET /session/7455601dddc232b6deafc0d190a18b4e/screenshot - {}
RESULT: {"text":"9EcgrcHnSV"}
COMMAND: GET /session/7455601dddc232b6deafc0d190a18b4e/screenshot - {}
RESULT: {}
RESULT: {}
COMMAND: POST /session/7455601dddc232b6deafc0d190a18b4e/actions - {"actions":[{"id":"action33","type":"key","parameters":{},"actions":[{"type":"keyDown","value":""},{"type":"pause","duration":10},{"type":"keyUp","value":""}]}]}
RESULT: {"actions":[{"id":"action33","type":"key","parameters":{},"actions":[{"type":"keyDown","value":""},{"type":"pause","duration":10},{"type":"keyUp","value":""}]}]}
COMMAND: POST /session/7455601dddc232b6deafc0d190a18b4e/execute/async - {"script":"<script> [1562 bytes]","args":[{"selector":{"id":"application-manageconditionprice-display-component---newCondition--condBaseQty","interaction":{"idSuffix":"inner"}},"wdio_ui5_key":"applicationmanageconditionprice-display-component---newCondition--condBaseQty"}]}
COMMAND: GET /session/7455601dddc232b6deafc0d190a18b4e/screenshot - {}
RESULT: {"script":"<script> [1562 bytes]","args":[{"selector":{"id":"application-manageconditionprice-display-component---newCondition--condBaseQty","interaction":{"idSuffix":"inner"}},"wdio_ui5_key":"applicationmanageconditionprice-display-component---newCondition--condBaseQty"}]}
RESULT: undefined
COMMAND: POST /session/7455601dddc232b6deafc0d190a18b4e/execute/async - {"script":"<script> [776 bytes]","args":[{"enterText":"1","selector":{"id":"application-manageconditionprice-display-component---newCondition--condBaseQty","interaction":{"idSuffix":"inner"}},"clearTextFirst":true,"interactionType":"ENTER_TEXT"}]}
RESULT: {}
RESULT: {"script":"<script> [776 bytes]","args":[{"enterText":"1","selector":{"id":"application-manageconditionprice-display-component---newCondition--condBaseQty","interaction":{"idSuffix":"inner"}},"clearTextFirst":true,"interactionType":"ENTER_TEXT"}]}
COMMAND: POST /session/7455601dddc232b6deafc0d190a18b4e/execute/async - {"script":"<script> [1562 bytes]","args":[{"selector":{"id":"application-manageconditionprice-display-component---newCondition--condValue","interaction":{"idSuffix":"inner"}},"wdio_ui5_key":"applicationmanageconditionprice-display-component---newCondition--condValue"}]}
RESULT: {"script":"<script> [1562 bytes]","args":[{"selector":{"id":"application-manageconditionprice-display-component---newCondition--condValue","interaction":{"idSuffix":"inner"}},"wdio_ui5_key":"applicationmanageconditionprice-display-component---newCondition--condValue"}]}
RESULT: undefined
COMMAND: POST /session/7455601dddc232b6deafc0d190a18b4e/execute/async - {"script":"<script> [776 bytes]","args":[{"enterText":"200","selector":{"id":"application-manageconditionprice-display-component---newCondition--condValue","interaction":{"idSuffix":"inner"}},"clearTextFirst":true,"interactionType":"ENTER_TEXT"}]}
RESULT: {"script":"<script> [776 bytes]","args":[{"enterText":"200","selector":{"id":"application-manageconditionprice-display-component---newCondition--condValue","interaction":{"idSuffix":"inner"}},"clearTextFirst":true,"interactionType":"ENTER_TEXT"}]}
COMMAND: POST /session/7455601dddc232b6deafc0d190a18b4e/execute/async - {"script":"<script> [1562 bytes]","args":[{"selector":{"id":"application-manageconditionprice-display-component---newCondition--condCurr-arrow"},"wdio_ui5_key":"applicationmanageconditionprice-display-component---newCondition--condCurr-arrow"}]}
RESULT: {"script":"<script> [1562 bytes]","args":[{"selector":{"id":"application-manageconditionprice-display-component---newCondition--condCurr-arrow"},"wdio_ui5_key":"applicationmanageconditionprice-display-component---newCondition--condCurr-arrow"}]}
RESULT: undefined
COMMAND: POST /session/7455601dddc232b6deafc0d190a18b4e/element - {"using":"xpath","value":"//*[@id=\"application-manageconditionprice-display-component---newCondition--condCurr-arrow\"]"}
RESULT: {"using":"xpath","value":"//*[@id=\"application-manageconditionprice-display-component---newCondition--condCurr-arrow\"]"}
COMMAND: POST /session/7455601dddc232b6deafc0d190a18b4e/element/f.8E6BFA2ED3A3A2D86F199707E5BEEB8B.d.706F0E08717D21353C2A563AC94718BE.e.11392/click - {}
RESULT: {}
COMMAND: POST /session/7455601dddc232b6deafc0d190a18b4e/element - {"using":"xpath","value":"//span[contains(text(), \"Euro\")]"}
COMMAND: GET /session/7455601dddc232b6deafc0d190a18b4e/screenshot - {}
RESULT: {"using":"xpath","value":"//span[contains(text(), \"Euro\")]"}
COMMAND: POST /session/7455601dddc232b6deafc0d190a18b4e/element/f.8E6BFA2ED3A3A2D86F199707E5BEEB8B.d.706F0E08717D21353C2A563AC94718BE.e.11464/click - {}
RESULT: {}
RESULT: {}
COMMAND: POST /session/7455601dddc232b6deafc0d190a18b4e/element - {"using":"xpath","value":"//button[@data-kt=\"saveButton\"]"}
COMMAND: GET /session/7455601dddc232b6deafc0d190a18b4e/screenshot - {}
RESULT: {"using":"xpath","value":"//button[@data-kt=\"saveButton\"]"}
COMMAND: POST /session/7455601dddc232b6deafc0d190a18b4e/element/f.8E6BFA2ED3A3A2D86F199707E5BEEB8B.d.706F0E08717D21353C2A563AC94718BE.e.11393/click - {}
RESULT: {}
RESULT: {}
COMMAND: GET /session/7455601dddc232b6deafc0d190a18b4e/screenshot - {}
RESULT: {}
COMMAND: POST /session/7455601dddc232b6deafc0d190a18b4e/execute/async - {"script":"<script> [1562 bytes]","args":[{"selector":{"id":"application-manageconditionprice-display-component---conditions--smartFilterBar-btnBasicSearch","interaction":{"idSuffix":"I"}},"wdio_ui5_key":"applicationmanageconditionprice-display-component---conditions--smartFilterBar-btnBasicSearch"}]}
RESULT: {"script":"<script> [1562 bytes]","args":[{"selector":{"id":"application-manageconditionprice-display-component---conditions--smartFilterBar-btnBasicSearch","interaction":{"idSuffix":"I"}},"wdio_ui5_key":"applicationmanageconditionprice-display-component---conditions--smartFilterBar-btnBasicSearch"}]}
RESULT: undefined
COMMAND: POST /session/7455601dddc232b6deafc0d190a18b4e/execute/async - {"script":"<script> [776 bytes]","args":[{"enterText":"9EcgrcHnSV","selector":{"id":"application-manageconditionprice-display-component---conditions--smartFilterBar-btnBasicSearch","interaction":{"idSuffix":"I"}},"clearTextFirst":true,"interactionType":"ENTER_TEXT"}]}
RESULT: {"script":"<script> [776 bytes]","args":[{"enterText":"9EcgrcHnSV","selector":{"id":"application-manageconditionprice-display-component---conditions--smartFilterBar-btnBasicSearch","interaction":{"idSuffix":"I"}},"clearTextFirst":true,"interactionType":"ENTER_TEXT"}]}
COMMAND: POST /session/7455601dddc232b6deafc0d190a18b4e/actions - {"actions":[{"id":"action34","type":"key","parameters":{},"actions":[{"type":"keyDown","value":""},{"type":"pause","duration":10},{"type":"keyUp","value":""}]}]}
RESULT: {"actions":[{"id":"action34","type":"key","parameters":{},"actions":[{"type":"keyDown","value":""},{"type":"pause","duration":10},{"type":"keyUp","value":""}]}]}
COMMAND: GET /session/7455601dddc232b6deafc0d190a18b4e/screenshot - {}
RESULT: {}
COMMAND: POST /session/7455601dddc232b6deafc0d190a18b4e/execute/async - {"script":"<script> [1562 bytes]","args":[{"selector":{"id":"application-manageconditionprice-display-component---conditions--smartFilterBar-filterItemControl_BASIC-BILL_TYPES-vhi"},"wdio_ui5_key":"applicationmanageconditionprice-display-component---conditions--smartFilterBar-filterItemControl_BASIC-BILL_TYPES-vhi"}]}
RESULT: {"script":"<script> [1562 bytes]","args":[{"selector":{"id":"application-manageconditionprice-display-component---conditions--smartFilterBar-filterItemControl_BASIC-BILL_TYPES-vhi"},"wdio_ui5_key":"applicationmanageconditionprice-display-component---conditions--smartFilterBar-filterItemControl_BASIC-BILL_TYPES-vhi"}]}
RESULT: undefined
COMMAND: POST /session/7455601dddc232b6deafc0d190a18b4e/element - {"using":"xpath","value":"//*[@id=\"application-manageconditionprice-display-component---conditions--smartFilterBar-filterItemControl_BASIC-BILL_TYPES-vhi\"]"}
RESULT: {"using":"xpath","value":"//*[@id=\"application-manageconditionprice-display-component---conditions--smartFilterBar-filterItemControl_BASIC-BILL_TYPES-vhi\"]"}
COMMAND: POST /session/7455601dddc232b6deafc0d190a18b4e/element/f.8E6BFA2ED3A3A2D86F199707E5BEEB8B.d.706F0E08717D21353C2A563AC94718BE.e.11570/click - {}
RESULT: {}
COMMAND: POST /session/7455601dddc232b6deafc0d190a18b4e/execute/async - {"script":"<script> [1562 bytes]","args":[{"selector":{"id":"application-manageconditionprice-display-component---conditions--smartFilterBar-filterItemControl_BASIC-BILL_TYPES-valueHelpDialog-smartFilterBar-btnBasicSearch","searchOpenDialogs":true,"interaction":{"idSuffix":"I"}},"wdio_ui5_key":"applicationmanageconditionprice-display-component---conditions--smartFilterBar-filterItemControl_BASIC-BILL_TYPES-valueHelpDialog-smartFilterBar-btnBasicSearch"}]}
COMMAND: GET /session/7455601dddc232b6deafc0d190a18b4e/screenshot - {}
RESULT: {"script":"<script> [1562 bytes]","args":[{"selector":{"id":"application-manageconditionprice-display-component---conditions--smartFilterBar-filterItemControl_BASIC-BILL_TYPES-valueHelpDialog-smartFilterBar-btnBasicSearch","searchOpenDialogs":true,"interaction":{"idSuffix":"I"}},"wdio_ui5_key":"applicationmanageconditionprice-display-component---conditions--smartFilterBar-filterItemControl_BASIC-BILL_TYPES-valueHelpDialog-smartFilterBar-btnBasicSearch"}]}
RESULT: undefined
COMMAND: POST /session/7455601dddc232b6deafc0d190a18b4e/execute/async - {"script":"<script> [776 bytes]","args":[{"enterText":"TB","selector":{"id":"application-manageconditionprice-display-component---conditions--smartFilterBar-filterItemControl_BASIC-BILL_TYPES-valueHelpDialog-smartFilterBar-btnBasicSearch","searchOpenDialogs":true,"interaction":{"idSuffix":"I"}},"clearTextFirst":true,"interactionType":"ENTER_TEXT"}]}
RESULT: {}
RESULT: {"script":"<script> [776 bytes]","args":[{"enterText":"TB","selector":{"id":"application-manageconditionprice-display-component---conditions--smartFilterBar-filterItemControl_BASIC-BILL_TYPES-valueHelpDialog-smartFilterBar-btnBasicSearch","searchOpenDialogs":true,"interaction":{"idSuffix":"I"}},"clearTextFirst":true,"interactionType":"ENTER_TEXT"}]}
COMMAND: POST /session/7455601dddc232b6deafc0d190a18b4e/actions - {"actions":[{"id":"action35","type":"key","parameters":{},"actions":[{"type":"keyDown","value":""},{"type":"pause","duration":10},{"type":"keyUp","value":""}]}]}
RESULT: {"actions":[{"id":"action35","type":"key","parameters":{},"actions":[{"type":"keyDown","value":""},{"type":"pause","duration":10},{"type":"keyUp","value":""}]}]}
COMMAND: GET /session/7455601dddc232b6deafc0d190a18b4e/screenshot - {}
RESULT: {}
COMMAND: POST /session/7455601dddc232b6deafc0d190a18b4e/element - {"using":"xpath","value":"//div[contains(@id, 'application-manageconditionprice-display-component---conditions--smartFilterBar-filterItemControl_BASIC-BILL_TYPES-valueHelpDialog-table-rowsel0')]"}
RESULT: {"using":"xpath","value":"//div[contains(@id, 'application-manageconditionprice-display-component---conditions--smartFilterBar-filterItemControl_BASIC-BILL_TYPES-valueHelpDialog-table-rowsel0')]"}
COMMAND: POST /session/7455601dddc232b6deafc0d190a18b4e/element/f.8E6BFA2ED3A3A2D86F199707E5BEEB8B.d.706F0E08717D21353C2A563AC94718BE.e.11580/click - {}
RESULT: {}
COMMAND: GET /session/7455601dddc232b6deafc0d190a18b4e/screenshot - {}
RESULT: {}
COMMAND: POST /session/7455601dddc232b6deafc0d190a18b4e/element - {"using":"xpath","value":"//bdi[contains(text(), \"OK\")]"}
RESULT: {"using":"xpath","value":"//bdi[contains(text(), \"OK\")]"}
COMMAND: POST /session/7455601dddc232b6deafc0d190a18b4e/element/f.8E6BFA2ED3A3A2D86F199707E5BEEB8B.d.706F0E08717D21353C2A563AC94718BE.e.11582/click - {}
RESULT: {}
COMMAND: GET /session/7455601dddc232b6deafc0d190a18b4e/screenshot - {}
RESULT: {}
COMMAND: POST /session/7455601dddc232b6deafc0d190a18b4e/element - {"using":"xpath","value":"//span[@id=\"application-manageconditionprice-display-component---conditions--smartTable-header-inner\"]"}
RESULT: {"using":"xpath","value":"//span[@id=\"application-manageconditionprice-display-component---conditions--smartTable-header-inner\"]"}
COMMAND: POST /session/7455601dddc232b6deafc0d190a18b4e/elements - {"using":"xpath","value":"//span[@id=\"application-manageconditionprice-display-component---conditions--smartTable-header-inner\"]"}
RESULT: {"using":"xpath","value":"//span[@id=\"application-manageconditionprice-display-component---conditions--smartTable-header-inner\"]"}
COMMAND: POST /session/7455601dddc232b6deafc0d190a18b4e/execute/sync - {"script":"<script> [56 bytes]","args":[{"element-6066-11e4-a52e-4f735466cecf":"f.8E6BFA2ED3A3A2D86F199707E5BEEB8B.d.706F0E08717D21353C2A563AC94718BE.e.11585","ELEMENT":"f.8E6BFA2ED3A3A2D86F199707E5BEEB8B.d.706F0E08717D21353C2A563AC94718BE.e.11585"}]}
RESULT: {"script":"<script> [56 bytes]","args":[{"element-6066-11e4-a52e-4f735466cecf":"f.8E6BFA2ED3A3A2D86F199707E5BEEB8B.d.706F0E08717D21353C2A563AC94718BE.e.11585","ELEMENT":"f.8E6BFA2ED3A3A2D86F199707E5BEEB8B.d.706F0E08717D21353C2A563AC94718BE.e.11585"}]}
COMMAND: POST /session/7455601dddc232b6deafc0d190a18b4e/element - {"using":"css selector","value":"#shell-header-logo"}
COMMAND: GET /session/7455601dddc232b6deafc0d190a18b4e/screenshot - {}
RESULT: {"using":"css selector","value":"#shell-header-logo"}
COMMAND: POST /session/7455601dddc232b6deafc0d190a18b4e/element/f.8E6BFA2ED3A3A2D86F199707E5BEEB8B.d.706F0E08717D21353C2A563AC94718BE.e.11211/click - {}
RESULT: {}
RESULT: {}
COMMAND: GET /session/7455601dddc232b6deafc0d190a18b4e/screenshot - {}
RESULT: {}
]]></system-out>
    </testcase>
    <testcase classname="chrome.136_0_7103_93.windows.Billing_Transfer_-_Intracompany_US127249" name="Should do a stock increase handover" time="100.482">
      <system-out><![CDATA[
COMMAND: POST /session/7455601dddc232b6deafc0d190a18b4e/execute/async - {"script":"<script> [1562 bytes]","args":[{"selector":{"controlType":"sap.m.GenericTile","properties":{"header":"Manage Handovers"}},"wdio_ui5_key":"sapm.GenericTile{\"header\":\"Manage Handovers\"}"}]}
RESULT: {"script":"<script> [1562 bytes]","args":[{"selector":{"controlType":"sap.m.GenericTile","properties":{"header":"Manage Handovers"}},"wdio_ui5_key":"sapm.GenericTile{\"header\":\"Manage Handovers\"}"}]}
RESULT: undefined
COMMAND: POST /session/7455601dddc232b6deafc0d190a18b4e/element - {"using":"xpath","value":"//*[@id=\"__tile131\"]"}
RESULT: {"using":"xpath","value":"//*[@id=\"__tile131\"]"}
COMMAND: POST /session/7455601dddc232b6deafc0d190a18b4e/element/f.8E6BFA2ED3A3A2D86F199707E5BEEB8B.d.706F0E08717D21353C2A563AC94718BE.e.8034/click - {}
RESULT: {}
COMMAND: GET /session/7455601dddc232b6deafc0d190a18b4e/screenshot - {}
RESULT: {}
COMMAND: POST /session/7455601dddc232b6deafc0d190a18b4e/elements - {"using":"xpath","value":"//span[text()='Error']"}
RESULT: {"using":"xpath","value":"//span[text()='Error']"}
COMMAND: POST /session/7455601dddc232b6deafc0d190a18b4e/element - {"using":"xpath","value":"//button[@data-kt=\"masterHOAddButton\"]"}
RESULT: {"using":"xpath","value":"//button[@data-kt=\"masterHOAddButton\"]"}
COMMAND: POST /session/7455601dddc232b6deafc0d190a18b4e/elements - {"using":"xpath","value":"//button[@data-kt=\"masterHOAddButton\"]"}
RESULT: {"using":"xpath","value":"//button[@data-kt=\"masterHOAddButton\"]"}
COMMAND: POST /session/7455601dddc232b6deafc0d190a18b4e/execute/sync - {"script":"<script> [8489 bytes]","args":[{"element-6066-11e4-a52e-4f735466cecf":"f.8E6BFA2ED3A3A2D86F199707E5BEEB8B.d.706F0E08717D21353C2A563AC94718BE.e.11630","ELEMENT":"f.8E6BFA2ED3A3A2D86F199707E5BEEB8B.d.706F0E08717D21353C2A563AC94718BE.e.11630"}]}
RESULT: {"script":"<script> [8489 bytes]","args":[{"element-6066-11e4-a52e-4f735466cecf":"f.8E6BFA2ED3A3A2D86F199707E5BEEB8B.d.706F0E08717D21353C2A563AC94718BE.e.11630","ELEMENT":"f.8E6BFA2ED3A3A2D86F199707E5BEEB8B.d.706F0E08717D21353C2A563AC94718BE.e.11630"}]}
COMMAND: GET /session/7455601dddc232b6deafc0d190a18b4e/element/f.8E6BFA2ED3A3A2D86F199707E5BEEB8B.d.706F0E08717D21353C2A563AC94718BE.e.11630/enabled - {}
COMMAND: GET /session/7455601dddc232b6deafc0d190a18b4e/screenshot - {}
RESULT: {}
COMMAND: POST /session/7455601dddc232b6deafc0d190a18b4e/execute/sync - {"script":"<script> [8489 bytes]","args":[{"element-6066-11e4-a52e-4f735466cecf":"f.8E6BFA2ED3A3A2D86F199707E5BEEB8B.d.706F0E08717D21353C2A563AC94718BE.e.11630","ELEMENT":"f.8E6BFA2ED3A3A2D86F199707E5BEEB8B.d.706F0E08717D21353C2A563AC94718BE.e.11630"}]}
COMMAND: GET /session/7455601dddc232b6deafc0d190a18b4e/screenshot - {}
RESULT: {}
RESULT: {"script":"<script> [8489 bytes]","args":[{"element-6066-11e4-a52e-4f735466cecf":"f.8E6BFA2ED3A3A2D86F199707E5BEEB8B.d.706F0E08717D21353C2A563AC94718BE.e.11630","ELEMENT":"f.8E6BFA2ED3A3A2D86F199707E5BEEB8B.d.706F0E08717D21353C2A563AC94718BE.e.11630"}]}
COMMAND: POST /session/7455601dddc232b6deafc0d190a18b4e/execute/sync - {"script":"<script> [5351 bytes]","args":[{"element-6066-11e4-a52e-4f735466cecf":"f.8E6BFA2ED3A3A2D86F199707E5BEEB8B.d.706F0E08717D21353C2A563AC94718BE.e.11630","ELEMENT":"f.8E6BFA2ED3A3A2D86F199707E5BEEB8B.d.706F0E08717D21353C2A563AC94718BE.e.11630"}]}
COMMAND: GET /session/7455601dddc232b6deafc0d190a18b4e/screenshot - {}
RESULT: {}
RESULT: {"script":"<script> [5351 bytes]","args":[{"element-6066-11e4-a52e-4f735466cecf":"f.8E6BFA2ED3A3A2D86F199707E5BEEB8B.d.706F0E08717D21353C2A563AC94718BE.e.11630","ELEMENT":"f.8E6BFA2ED3A3A2D86F199707E5BEEB8B.d.706F0E08717D21353C2A563AC94718BE.e.11630"}]}
COMMAND: POST /session/7455601dddc232b6deafc0d190a18b4e/element/f.8E6BFA2ED3A3A2D86F199707E5BEEB8B.d.706F0E08717D21353C2A563AC94718BE.e.11630/click - {}
COMMAND: GET /session/7455601dddc232b6deafc0d190a18b4e/screenshot - {}
RESULT: {}
RESULT: {}
COMMAND: GET /session/7455601dddc232b6deafc0d190a18b4e/screenshot - {}
RESULT: {}
RESULT: {}
COMMAND: POST /session/7455601dddc232b6deafc0d190a18b4e/element - {"using":"xpath","value":"//span[contains(@id ,\"AddNewHO--typeSelect-arrow\")]"}
RESULT: {"using":"xpath","value":"//span[contains(@id ,\"AddNewHO--typeSelect-arrow\")]"}
COMMAND: POST /session/7455601dddc232b6deafc0d190a18b4e/element/f.8E6BFA2ED3A3A2D86F199707E5BEEB8B.d.706F0E08717D21353C2A563AC94718BE.e.11980/click - {}
RESULT: {}
COMMAND: GET /session/7455601dddc232b6deafc0d190a18b4e/screenshot - {}
RESULT: {}
COMMAND: POST /session/7455601dddc232b6deafc0d190a18b4e/element - {"using":"xpath","value":"(//li[contains(text(), \"stock increase yard\")])[1]"}
RESULT: {"using":"xpath","value":"(//li[contains(text(), \"stock increase yard\")])[1]"}
COMMAND: POST /session/7455601dddc232b6deafc0d190a18b4e/element/f.8E6BFA2ED3A3A2D86F199707E5BEEB8B.d.706F0E08717D21353C2A563AC94718BE.e.11981/click - {}
RESULT: {}
COMMAND: GET /session/7455601dddc232b6deafc0d190a18b4e/screenshot - {}
RESULT: {}
COMMAND: POST /session/7455601dddc232b6deafc0d190a18b4e/execute/async - {"script":"<script> [1562 bytes]","args":[{"selector":{"id":"application-managehandovers-display-component---AddNewHO--dueDate","interaction":{"idSuffix":"inner"}},"wdio_ui5_key":"applicationmanagehandovers-display-component---AddNewHO--dueDate"}]}
RESULT: {"script":"<script> [1562 bytes]","args":[{"selector":{"id":"application-managehandovers-display-component---AddNewHO--dueDate","interaction":{"idSuffix":"inner"}},"wdio_ui5_key":"applicationmanagehandovers-display-component---AddNewHO--dueDate"}]}
RESULT: undefined
COMMAND: POST /session/7455601dddc232b6deafc0d190a18b4e/execute/async - {"script":"<script> [6424 bytes]","args":[{"element-6066-11e4-a52e-4f735466cecf":"f.8E6BFA2ED3A3A2D86F199707E5BEEB8B.d.706F0E08717D21353C2A563AC94718BE.e.11983"},"setValue",["5/27/25"]]}
RESULT: {"script":"<script> [6424 bytes]","args":[{"element-6066-11e4-a52e-4f735466cecf":"f.8E6BFA2ED3A3A2D86F199707E5BEEB8B.d.706F0E08717D21353C2A563AC94718BE.e.11983"},"setValue",["5/27/25"]]}
COMMAND: POST /session/7455601dddc232b6deafc0d190a18b4e/element - {"using":"xpath","value":"//input[@id=\"generalSectionFrg--receiveYard-inner\"]"}
RESULT: {"using":"xpath","value":"//input[@id=\"generalSectionFrg--receiveYard-inner\"]"}
COMMAND: POST /session/7455601dddc232b6deafc0d190a18b4e/element/f.8E6BFA2ED3A3A2D86F199707E5BEEB8B.d.706F0E08717D21353C2A563AC94718BE.e.11989/clear - {}
RESULT: {}
COMMAND: POST /session/7455601dddc232b6deafc0d190a18b4e/element/f.8E6BFA2ED3A3A2D86F199707E5BEEB8B.d.706F0E08717D21353C2A563AC94718BE.e.11989/value - {"text":"400"}
COMMAND: GET /session/7455601dddc232b6deafc0d190a18b4e/screenshot - {}
RESULT: {"text":"400"}
RESULT: {}
COMMAND: GET /session/7455601dddc232b6deafc0d190a18b4e/screenshot - {}
RESULT: {}
COMMAND: POST /session/7455601dddc232b6deafc0d190a18b4e/element - {"using":"xpath","value":"//li[.//span[text()='400']]"}
RESULT: {"using":"xpath","value":"//li[.//span[text()='400']]"}
COMMAND: POST /session/7455601dddc232b6deafc0d190a18b4e/element/f.8E6BFA2ED3A3A2D86F199707E5BEEB8B.d.706F0E08717D21353C2A563AC94718BE.e.12005/click - {}
RESULT: {}
COMMAND: GET /session/7455601dddc232b6deafc0d190a18b4e/screenshot - {}
RESULT: {}
COMMAND: POST /session/7455601dddc232b6deafc0d190a18b4e/execute/async - {"script":"<script> [1562 bytes]","args":[{"selector":{"id":"application-managehandovers-display-component---AddNewHO--ObjectPageLayout-anchBar-application-managehandovers-display-component---AddNewHO--section4-anchor","interaction":{"idSuffix":"BDI-content"}},"wdio_ui5_key":"applicationmanagehandovers-display-component---AddNewHO--ObjectPageLayout-anchBar-application-managehandovers-display-component---AddNewHO--section4-anchor"}]}
RESULT: {"script":"<script> [1562 bytes]","args":[{"selector":{"id":"application-managehandovers-display-component---AddNewHO--ObjectPageLayout-anchBar-application-managehandovers-display-component---AddNewHO--section4-anchor","interaction":{"idSuffix":"BDI-content"}},"wdio_ui5_key":"applicationmanagehandovers-display-component---AddNewHO--ObjectPageLayout-anchBar-application-managehandovers-display-component---AddNewHO--section4-anchor"}]}
RESULT: undefined
COMMAND: POST /session/7455601dddc232b6deafc0d190a18b4e/element - {"using":"xpath","value":"//*[@id=\"application-managehandovers-display-component---AddNewHO--ObjectPageLayout-anchBar-application-managehandovers-display-component---AddNewHO--section4-anchor\"]"}
RESULT: {"using":"xpath","value":"//*[@id=\"application-managehandovers-display-component---AddNewHO--ObjectPageLayout-anchBar-application-managehandovers-display-component---AddNewHO--section4-anchor\"]"}
COMMAND: POST /session/7455601dddc232b6deafc0d190a18b4e/element/f.8E6BFA2ED3A3A2D86F199707E5BEEB8B.d.706F0E08717D21353C2A563AC94718BE.e.12007/click - {}
RESULT: {}
COMMAND: POST /session/7455601dddc232b6deafc0d190a18b4e/element - {"using":"xpath","value":"//button[@aria-label=\"Add\"]"}
COMMAND: GET /session/7455601dddc232b6deafc0d190a18b4e/screenshot - {}
RESULT: {"using":"xpath","value":"//button[@aria-label=\"Add\"]"}
COMMAND: POST /session/7455601dddc232b6deafc0d190a18b4e/element/f.8E6BFA2ED3A3A2D86F199707E5BEEB8B.d.706F0E08717D21353C2A563AC94718BE.e.12009/click - {}
RESULT: {}
RESULT: {}
COMMAND: GET /session/7455601dddc232b6deafc0d190a18b4e/screenshot - {}
RESULT: {}
COMMAND: POST /session/7455601dddc232b6deafc0d190a18b4e/execute/async - {"script":"<script> [1562 bytes]","args":[{"selector":{"id":"application-managehandovers-display-component---AddNewHO--smartFilterBar-btnBasicSearch","searchOpenDialogs":true,"interaction":{"idSuffix":"I"}},"wdio_ui5_key":"applicationmanagehandovers-display-component---AddNewHO--smartFilterBar-btnBasicSearch"}]}
RESULT: {"script":"<script> [1562 bytes]","args":[{"selector":{"id":"application-managehandovers-display-component---AddNewHO--smartFilterBar-btnBasicSearch","searchOpenDialogs":true,"interaction":{"idSuffix":"I"}},"wdio_ui5_key":"applicationmanagehandovers-display-component---AddNewHO--smartFilterBar-btnBasicSearch"}]}
RESULT: undefined
COMMAND: POST /session/7455601dddc232b6deafc0d190a18b4e/execute/async - {"script":"<script> [776 bytes]","args":[{"enterText":"9EcgrcHnSV","selector":{"id":"application-managehandovers-display-component---AddNewHO--smartFilterBar-btnBasicSearch","searchOpenDialogs":true,"interaction":{"idSuffix":"I"}},"clearTextFirst":true,"interactionType":"ENTER_TEXT"}]}
RESULT: {"script":"<script> [776 bytes]","args":[{"enterText":"9EcgrcHnSV","selector":{"id":"application-managehandovers-display-component---AddNewHO--smartFilterBar-btnBasicSearch","searchOpenDialogs":true,"interaction":{"idSuffix":"I"}},"clearTextFirst":true,"interactionType":"ENTER_TEXT"}]}
COMMAND: POST /session/7455601dddc232b6deafc0d190a18b4e/actions - {"actions":[{"id":"action36","type":"key","parameters":{},"actions":[{"type":"keyDown","value":""},{"type":"pause","duration":10},{"type":"keyUp","value":""}]}]}
RESULT: {"actions":[{"id":"action36","type":"key","parameters":{},"actions":[{"type":"keyDown","value":""},{"type":"pause","duration":10},{"type":"keyUp","value":""}]}]}
COMMAND: GET /session/7455601dddc232b6deafc0d190a18b4e/screenshot - {}
RESULT: {}
COMMAND: POST /session/7455601dddc232b6deafc0d190a18b4e/execute/async - {"script":"<script> [1562 bytes]","args":[{"selector":{"id":"application-managehandovers-display-component---AddNewHO--popup-sa","searchOpenDialogs":true,"interaction":{"idSuffix":"CbBg"}},"wdio_ui5_key":"applicationmanagehandovers-display-component---AddNewHO--popup-sa"}]}
RESULT: {"script":"<script> [1562 bytes]","args":[{"selector":{"id":"application-managehandovers-display-component---AddNewHO--popup-sa","searchOpenDialogs":true,"interaction":{"idSuffix":"CbBg"}},"wdio_ui5_key":"applicationmanagehandovers-display-component---AddNewHO--popup-sa"}]}
RESULT: undefined
COMMAND: POST /session/7455601dddc232b6deafc0d190a18b4e/element - {"using":"xpath","value":"//*[@id=\"application-managehandovers-display-component---AddNewHO--popup-sa\"]"}
RESULT: {"using":"xpath","value":"//*[@id=\"application-managehandovers-display-component---AddNewHO--popup-sa\"]"}
COMMAND: POST /session/7455601dddc232b6deafc0d190a18b4e/element/f.8E6BFA2ED3A3A2D86F199707E5BEEB8B.d.706F0E08717D21353C2A563AC94718BE.e.12162/click - {}
RESULT: {}
COMMAND: GET /session/7455601dddc232b6deafc0d190a18b4e/screenshot - {}
RESULT: {}
COMMAND: POST /session/7455601dddc232b6deafc0d190a18b4e/element - {"using":"xpath","value":"//bdi[contains(text(), \"Select\")]"}
RESULT: {"using":"xpath","value":"//bdi[contains(text(), \"Select\")]"}
COMMAND: POST /session/7455601dddc232b6deafc0d190a18b4e/element/f.8E6BFA2ED3A3A2D86F199707E5BEEB8B.d.706F0E08717D21353C2A563AC94718BE.e.12163/click - {}
RESULT: {}
COMMAND: GET /session/7455601dddc232b6deafc0d190a18b4e/screenshot - {}
RESULT: {}
COMMAND: POST /session/7455601dddc232b6deafc0d190a18b4e/element - {"using":"xpath","value":"//button[@data-kt=\"AddNewHOSaveButton\"]"}
RESULT: {"using":"xpath","value":"//button[@data-kt=\"AddNewHOSaveButton\"]"}
COMMAND: POST /session/7455601dddc232b6deafc0d190a18b4e/element/f.8E6BFA2ED3A3A2D86F199707E5BEEB8B.d.706F0E08717D21353C2A563AC94718BE.e.12167/click - {}
RESULT: {}
COMMAND: GET /session/7455601dddc232b6deafc0d190a18b4e/screenshot - {}
RESULT: {}
COMMAND: POST /session/7455601dddc232b6deafc0d190a18b4e/execute/async - {"script":"<script> [1562 bytes]","args":[{"selector":{"id":"receiptDatePicker","viewName":"etm.portal.ui.managehandovers.view.DetailExecuteHO","interaction":{"idSuffix":"inner"}},"wdio_ui5_key":"receiptDatePickeretmportal.ui.managehandovers.view.DetailExecuteHO"}]}
RESULT: {"script":"<script> [1562 bytes]","args":[{"selector":{"id":"receiptDatePicker","viewName":"etm.portal.ui.managehandovers.view.DetailExecuteHO","interaction":{"idSuffix":"inner"}},"wdio_ui5_key":"receiptDatePickeretmportal.ui.managehandovers.view.DetailExecuteHO"}]}
RESULT: undefined
COMMAND: POST /session/7455601dddc232b6deafc0d190a18b4e/execute/async - {"script":"<script> [6424 bytes]","args":[{"element-6066-11e4-a52e-4f735466cecf":"f.8E6BFA2ED3A3A2D86F199707E5BEEB8B.d.706F0E08717D21353C2A563AC94718BE.e.12197"},"setValue",["5/27/25"]]}
RESULT: {"script":"<script> [6424 bytes]","args":[{"element-6066-11e4-a52e-4f735466cecf":"f.8E6BFA2ED3A3A2D86F199707E5BEEB8B.d.706F0E08717D21353C2A563AC94718BE.e.12197"},"setValue",["5/27/25"]]}
COMMAND: POST /session/7455601dddc232b6deafc0d190a18b4e/element - {"using":"xpath","value":"//button[@data-kt=\"ReceivingTableConfirmAllButton\"]"}
RESULT: {"using":"xpath","value":"//button[@data-kt=\"ReceivingTableConfirmAllButton\"]"}
COMMAND: POST /session/7455601dddc232b6deafc0d190a18b4e/element/f.8E6BFA2ED3A3A2D86F199707E5BEEB8B.d.706F0E08717D21353C2A563AC94718BE.e.12212/click - {}
RESULT: {}
COMMAND: GET /session/7455601dddc232b6deafc0d190a18b4e/screenshot - {}
RESULT: {}
COMMAND: POST /session/7455601dddc232b6deafc0d190a18b4e/element - {"using":"xpath","value":"//bdi[contains(text(), \"OK\")]"}
RESULT: {"using":"xpath","value":"//bdi[contains(text(), \"OK\")]"}
COMMAND: POST /session/7455601dddc232b6deafc0d190a18b4e/element/f.8E6BFA2ED3A3A2D86F199707E5BEEB8B.d.706F0E08717D21353C2A563AC94718BE.e.12214/click - {}
RESULT: {}
COMMAND: GET /session/7455601dddc232b6deafc0d190a18b4e/screenshot - {}
RESULT: {}
COMMAND: POST /session/7455601dddc232b6deafc0d190a18b4e/element - {"using":"xpath","value":"(//bdi[contains(text(), \"Receive\")])[2]"}
RESULT: {"using":"xpath","value":"(//bdi[contains(text(), \"Receive\")])[2]"}
COMMAND: POST /session/7455601dddc232b6deafc0d190a18b4e/element/f.8E6BFA2ED3A3A2D86F199707E5BEEB8B.d.706F0E08717D21353C2A563AC94718BE.e.12216/click - {}
RESULT: {}
COMMAND: GET /session/7455601dddc232b6deafc0d190a18b4e/screenshot - {}
RESULT: {}
COMMAND: POST /session/7455601dddc232b6deafc0d190a18b4e/element - {"using":"css selector","value":"#shell-header-logo"}
RESULT: {"using":"css selector","value":"#shell-header-logo"}
COMMAND: POST /session/7455601dddc232b6deafc0d190a18b4e/element/f.8E6BFA2ED3A3A2D86F199707E5BEEB8B.d.706F0E08717D21353C2A563AC94718BE.e.11591/click - {}
RESULT: {}
COMMAND: GET /session/7455601dddc232b6deafc0d190a18b4e/screenshot - {}
RESULT: {}
]]></system-out>
    </testcase>
    <testcase classname="chrome.136_0_7103_93.windows.Billing_Transfer_-_Intracompany_US127249" name="Should create a new contract" time="74.143">
      <system-out><![CDATA[
COMMAND: POST /session/7455601dddc232b6deafc0d190a18b4e/execute/async - {"script":"<script> [1562 bytes]","args":[{"selector":{"controlType":"sap.m.GenericTile","properties":{"header":"Manage Contracts"}},"wdio_ui5_key":"sapm.GenericTile{\"header\":\"Manage Contracts\"}"}]}
RESULT: {"script":"<script> [1562 bytes]","args":[{"selector":{"controlType":"sap.m.GenericTile","properties":{"header":"Manage Contracts"}},"wdio_ui5_key":"sapm.GenericTile{\"header\":\"Manage Contracts\"}"}]}
RESULT: undefined
COMMAND: POST /session/7455601dddc232b6deafc0d190a18b4e/element - {"using":"xpath","value":"//*[@id=\"__tile130\"]"}
RESULT: {"using":"xpath","value":"//*[@id=\"__tile130\"]"}
COMMAND: POST /session/7455601dddc232b6deafc0d190a18b4e/element/f.8E6BFA2ED3A3A2D86F199707E5BEEB8B.d.706F0E08717D21353C2A563AC94718BE.e.7967/click - {}
RESULT: {}
COMMAND: GET /session/7455601dddc232b6deafc0d190a18b4e/screenshot - {}
COMMAND: POST /session/7455601dddc232b6deafc0d190a18b4e/elements - {"using":"xpath","value":"//span[text()='Error']"}
RESULT: {}
RESULT: {"using":"xpath","value":"//span[text()='Error']"}
COMMAND: POST /session/7455601dddc232b6deafc0d190a18b4e/element - {"using":"xpath","value":"//button[@data-kt=\"addButton\"]"}
RESULT: {"using":"xpath","value":"//button[@data-kt=\"addButton\"]"}
COMMAND: POST /session/7455601dddc232b6deafc0d190a18b4e/elements - {"using":"xpath","value":"//button[@data-kt=\"addButton\"]"}
RESULT: {"using":"xpath","value":"//button[@data-kt=\"addButton\"]"}
COMMAND: POST /session/7455601dddc232b6deafc0d190a18b4e/execute/sync - {"script":"<script> [8489 bytes]","args":[{"element-6066-11e4-a52e-4f735466cecf":"f.8E6BFA2ED3A3A2D86F199707E5BEEB8B.d.706F0E08717D21353C2A563AC94718BE.e.12549","ELEMENT":"f.8E6BFA2ED3A3A2D86F199707E5BEEB8B.d.706F0E08717D21353C2A563AC94718BE.e.12549"}]}
RESULT: {"script":"<script> [8489 bytes]","args":[{"element-6066-11e4-a52e-4f735466cecf":"f.8E6BFA2ED3A3A2D86F199707E5BEEB8B.d.706F0E08717D21353C2A563AC94718BE.e.12549","ELEMENT":"f.8E6BFA2ED3A3A2D86F199707E5BEEB8B.d.706F0E08717D21353C2A563AC94718BE.e.12549"}]}
COMMAND: GET /session/7455601dddc232b6deafc0d190a18b4e/element/f.8E6BFA2ED3A3A2D86F199707E5BEEB8B.d.706F0E08717D21353C2A563AC94718BE.e.12549/enabled - {}
COMMAND: GET /session/7455601dddc232b6deafc0d190a18b4e/screenshot - {}
RESULT: {}
COMMAND: POST /session/7455601dddc232b6deafc0d190a18b4e/execute/sync - {"script":"<script> [8489 bytes]","args":[{"element-6066-11e4-a52e-4f735466cecf":"f.8E6BFA2ED3A3A2D86F199707E5BEEB8B.d.706F0E08717D21353C2A563AC94718BE.e.12549","ELEMENT":"f.8E6BFA2ED3A3A2D86F199707E5BEEB8B.d.706F0E08717D21353C2A563AC94718BE.e.12549"}]}
COMMAND: GET /session/7455601dddc232b6deafc0d190a18b4e/screenshot - {}
RESULT: {}
RESULT: {"script":"<script> [8489 bytes]","args":[{"element-6066-11e4-a52e-4f735466cecf":"f.8E6BFA2ED3A3A2D86F199707E5BEEB8B.d.706F0E08717D21353C2A563AC94718BE.e.12549","ELEMENT":"f.8E6BFA2ED3A3A2D86F199707E5BEEB8B.d.706F0E08717D21353C2A563AC94718BE.e.12549"}]}
COMMAND: POST /session/7455601dddc232b6deafc0d190a18b4e/execute/sync - {"script":"<script> [5351 bytes]","args":[{"element-6066-11e4-a52e-4f735466cecf":"f.8E6BFA2ED3A3A2D86F199707E5BEEB8B.d.706F0E08717D21353C2A563AC94718BE.e.12549","ELEMENT":"f.8E6BFA2ED3A3A2D86F199707E5BEEB8B.d.706F0E08717D21353C2A563AC94718BE.e.12549"}]}
COMMAND: GET /session/7455601dddc232b6deafc0d190a18b4e/screenshot - {}
RESULT: {}
RESULT: {"script":"<script> [5351 bytes]","args":[{"element-6066-11e4-a52e-4f735466cecf":"f.8E6BFA2ED3A3A2D86F199707E5BEEB8B.d.706F0E08717D21353C2A563AC94718BE.e.12549","ELEMENT":"f.8E6BFA2ED3A3A2D86F199707E5BEEB8B.d.706F0E08717D21353C2A563AC94718BE.e.12549"}]}
COMMAND: GET /session/7455601dddc232b6deafc0d190a18b4e/screenshot - {}
RESULT: {}
RESULT: {}
COMMAND: POST /session/7455601dddc232b6deafc0d190a18b4e/element/f.8E6BFA2ED3A3A2D86F199707E5BEEB8B.d.706F0E08717D21353C2A563AC94718BE.e.12549/click - {}
RESULT: {}
COMMAND: GET /session/7455601dddc232b6deafc0d190a18b4e/screenshot - {}
COMMAND: POST /session/7455601dddc232b6deafc0d190a18b4e/execute/async - {"script":"<script> [1562 bytes]","args":[{"selector":{"id":"application-managecontracts-display-component---AddNewContract--projectDescription","interaction":{"idSuffix":"inner"}},"wdio_ui5_key":"applicationmanagecontracts-display-component---AddNewContract--projectDescription"}]}
RESULT: {}
RESULT: {"script":"<script> [1562 bytes]","args":[{"selector":{"id":"application-managecontracts-display-component---AddNewContract--projectDescription","interaction":{"idSuffix":"inner"}},"wdio_ui5_key":"applicationmanagecontracts-display-component---AddNewContract--projectDescription"}]}
RESULT: undefined
COMMAND: POST /session/7455601dddc232b6deafc0d190a18b4e/execute/async - {"script":"<script> [776 bytes]","args":[{"enterText":"Contract WDIO","selector":{"id":"application-managecontracts-display-component---AddNewContract--projectDescription","interaction":{"idSuffix":"inner"}},"clearTextFirst":true,"interactionType":"ENTER_TEXT"}]}
RESULT: {"script":"<script> [776 bytes]","args":[{"enterText":"Contract WDIO","selector":{"id":"application-managecontracts-display-component---AddNewContract--projectDescription","interaction":{"idSuffix":"inner"}},"clearTextFirst":true,"interactionType":"ENTER_TEXT"}]}
COMMAND: POST /session/7455601dddc232b6deafc0d190a18b4e/element - {"using":"xpath","value":"//input[@id=\"application-managecontracts-display-component---AddNewContract--site-inner\"]"}
RESULT: {"using":"xpath","value":"//input[@id=\"application-managecontracts-display-component---AddNewContract--site-inner\"]"}
COMMAND: POST /session/7455601dddc232b6deafc0d190a18b4e/element/f.8E6BFA2ED3A3A2D86F199707E5BEEB8B.d.706F0E08717D21353C2A563AC94718BE.e.12868/clear - {}
RESULT: {}
COMMAND: POST /session/7455601dddc232b6deafc0d190a18b4e/element/f.8E6BFA2ED3A3A2D86F199707E5BEEB8B.d.706F0E08717D21353C2A563AC94718BE.e.12868/value - {"text":"2189"}
COMMAND: GET /session/7455601dddc232b6deafc0d190a18b4e/screenshot - {}
RESULT: {"text":"2189"}
COMMAND: GET /session/7455601dddc232b6deafc0d190a18b4e/screenshot - {}
RESULT: {}
RESULT: {}
COMMAND: POST /session/7455601dddc232b6deafc0d190a18b4e/element - {"using":"xpath","value":"//li[.//span[text()='2189']]"}
RESULT: {"using":"xpath","value":"//li[.//span[text()='2189']]"}
COMMAND: POST /session/7455601dddc232b6deafc0d190a18b4e/element/f.8E6BFA2ED3A3A2D86F199707E5BEEB8B.d.706F0E08717D21353C2A563AC94718BE.e.12950/click - {}
RESULT: {}
COMMAND: GET /session/7455601dddc232b6deafc0d190a18b4e/screenshot - {}
RESULT: {}
COMMAND: POST /session/7455601dddc232b6deafc0d190a18b4e/element - {"using":"xpath","value":"//input[@id=\"application-managecontracts-display-component---AddNewContract--yardId-inner\"]"}
RESULT: {"using":"xpath","value":"//input[@id=\"application-managecontracts-display-component---AddNewContract--yardId-inner\"]"}
COMMAND: GET /session/7455601dddc232b6deafc0d190a18b4e/element/f.8E6BFA2ED3A3A2D86F199707E5BEEB8B.d.706F0E08717D21353C2A563AC94718BE.e.12869/property/value - {}
RESULT: {}
COMMAND: POST /session/7455601dddc232b6deafc0d190a18b4e/element - {"using":"xpath","value":"//input[@id=\"application-managecontracts-display-component---AddNewContract--customerSelect-inner\"]"}
COMMAND: GET /session/7455601dddc232b6deafc0d190a18b4e/screenshot - {}
RESULT: {"using":"xpath","value":"//input[@id=\"application-managecontracts-display-component---AddNewContract--customerSelect-inner\"]"}
COMMAND: POST /session/7455601dddc232b6deafc0d190a18b4e/element/f.8E6BFA2ED3A3A2D86F199707E5BEEB8B.d.706F0E08717D21353C2A563AC94718BE.e.12867/clear - {}
RESULT: {}
RESULT: {}
COMMAND: POST /session/7455601dddc232b6deafc0d190a18b4e/element/f.8E6BFA2ED3A3A2D86F199707E5BEEB8B.d.706F0E08717D21353C2A563AC94718BE.e.12867/value - {"text":"1208"}
COMMAND: GET /session/7455601dddc232b6deafc0d190a18b4e/screenshot - {}
RESULT: {"text":"1208"}
COMMAND: GET /session/7455601dddc232b6deafc0d190a18b4e/screenshot - {}
RESULT: {}
RESULT: {}
COMMAND: POST /session/7455601dddc232b6deafc0d190a18b4e/element - {"using":"xpath","value":"//li[.//span[text()='1208']]"}
RESULT: {"using":"xpath","value":"//li[.//span[text()='1208']]"}
COMMAND: POST /session/7455601dddc232b6deafc0d190a18b4e/element/f.8E6BFA2ED3A3A2D86F199707E5BEEB8B.d.706F0E08717D21353C2A563AC94718BE.e.12953/click - {}
RESULT: {}
COMMAND: GET /session/7455601dddc232b6deafc0d190a18b4e/screenshot - {}
RESULT: {}
COMMAND: POST /session/7455601dddc232b6deafc0d190a18b4e/element - {"using":"xpath","value":"//button[@data-kt=\"saveButton\"]"}
RESULT: {"using":"xpath","value":"//button[@data-kt=\"saveButton\"]"}
COMMAND: POST /session/7455601dddc232b6deafc0d190a18b4e/element/f.8E6BFA2ED3A3A2D86F199707E5BEEB8B.d.706F0E08717D21353C2A563AC94718BE.e.12943/click - {}
RESULT: {}
COMMAND: GET /session/7455601dddc232b6deafc0d190a18b4e/screenshot - {}
RESULT: {}
COMMAND: POST /session/7455601dddc232b6deafc0d190a18b4e/element - {"using":"xpath","value":"//span[contains(@id ,\"contractDetailTitleNoExpanded\")]"}
RESULT: {"using":"xpath","value":"//span[contains(@id ,\"contractDetailTitleNoExpanded\")]"}
COMMAND: POST /session/7455601dddc232b6deafc0d190a18b4e/elements - {"using":"xpath","value":"//span[contains(@id ,\"contractDetailTitleNoExpanded\")]"}
RESULT: {"using":"xpath","value":"//span[contains(@id ,\"contractDetailTitleNoExpanded\")]"}
COMMAND: POST /session/7455601dddc232b6deafc0d190a18b4e/execute/sync - {"script":"<script> [56 bytes]","args":[{"element-6066-11e4-a52e-4f735466cecf":"f.8E6BFA2ED3A3A2D86F199707E5BEEB8B.d.706F0E08717D21353C2A563AC94718BE.e.12968","ELEMENT":"f.8E6BFA2ED3A3A2D86F199707E5BEEB8B.d.706F0E08717D21353C2A563AC94718BE.e.12968"}]}
RESULT: {"script":"<script> [56 bytes]","args":[{"element-6066-11e4-a52e-4f735466cecf":"f.8E6BFA2ED3A3A2D86F199707E5BEEB8B.d.706F0E08717D21353C2A563AC94718BE.e.12968","ELEMENT":"f.8E6BFA2ED3A3A2D86F199707E5BEEB8B.d.706F0E08717D21353C2A563AC94718BE.e.12968"}]}
COMMAND: GET /session/7455601dddc232b6deafc0d190a18b4e/screenshot - {}
RESULT: {}
]]></system-out>
    </testcase>
    <testcase classname="chrome.136_0_7103_93.windows.Billing_Transfer_-_Intracompany_US127249" name="Should add equipment to the contract" time="48.162">
      <system-out><![CDATA[
COMMAND: POST /session/7455601dddc232b6deafc0d190a18b4e/element - {"using":"xpath","value":"//button[@data-kt=\"contractDetailEditBtnButton\"]"}
RESULT: {"using":"xpath","value":"//button[@data-kt=\"contractDetailEditBtnButton\"]"}
COMMAND: POST /session/7455601dddc232b6deafc0d190a18b4e/element/f.8E6BFA2ED3A3A2D86F199707E5BEEB8B.d.706F0E08717D21353C2A563AC94718BE.e.12970/click - {}
RESULT: {}
COMMAND: GET /session/7455601dddc232b6deafc0d190a18b4e/screenshot - {}
RESULT: {}
COMMAND: POST /session/7455601dddc232b6deafc0d190a18b4e/element - {"using":"xpath","value":"(//span[contains(text(), \"Additional Addresses\")])[2]"}
RESULT: {"using":"xpath","value":"(//span[contains(text(), \"Additional Addresses\")])[2]"}
COMMAND: POST /session/7455601dddc232b6deafc0d190a18b4e/element/f.8E6BFA2ED3A3A2D86F199707E5BEEB8B.d.706F0E08717D21353C2A563AC94718BE.e.13027/click - {}
RESULT: {}
COMMAND: GET /session/7455601dddc232b6deafc0d190a18b4e/screenshot - {}
RESULT: {}
COMMAND: POST /session/7455601dddc232b6deafc0d190a18b4e/element - {"using":"xpath","value":"//button[@data-kt=\"btnAddTableRowOverflowToolbarButton\"]"}
RESULT: {"using":"xpath","value":"//button[@data-kt=\"btnAddTableRowOverflowToolbarButton\"]"}
COMMAND: POST /session/7455601dddc232b6deafc0d190a18b4e/element/f.8E6BFA2ED3A3A2D86F199707E5BEEB8B.d.706F0E08717D21353C2A563AC94718BE.e.13029/click - {}
RESULT: {}
COMMAND: GET /session/7455601dddc232b6deafc0d190a18b4e/screenshot - {}
RESULT: {}
COMMAND: POST /session/7455601dddc232b6deafc0d190a18b4e/element - {"using":"xpath","value":"//div[(text() = 'Standard Entry' or . = 'Standard Entry')]"}
RESULT: {"using":"xpath","value":"//div[(text() = 'Standard Entry' or . = 'Standard Entry')]"}
COMMAND: POST /session/7455601dddc232b6deafc0d190a18b4e/element/f.8E6BFA2ED3A3A2D86F199707E5BEEB8B.d.706F0E08717D21353C2A563AC94718BE.e.13031/click - {}
RESULT: {}
COMMAND: GET /session/7455601dddc232b6deafc0d190a18b4e/screenshot - {}
RESULT: {}
COMMAND: POST /session/7455601dddc232b6deafc0d190a18b4e/element - {"using":"xpath","value":"//td[7]/div/div/input"}
RESULT: {"using":"xpath","value":"//td[7]/div/div/input"}
COMMAND: POST /session/7455601dddc232b6deafc0d190a18b4e/element/f.8E6BFA2ED3A3A2D86F199707E5BEEB8B.d.706F0E08717D21353C2A563AC94718BE.e.13040/clear - {}
RESULT: {}
COMMAND: POST /session/7455601dddc232b6deafc0d190a18b4e/element/f.8E6BFA2ED3A3A2D86F199707E5BEEB8B.d.706F0E08717D21353C2A563AC94718BE.e.13040/value - {"text":"9EcgrcHnSV"}
COMMAND: GET /session/7455601dddc232b6deafc0d190a18b4e/screenshot - {}
RESULT: {"text":"9EcgrcHnSV"}
COMMAND: GET /session/7455601dddc232b6deafc0d190a18b4e/screenshot - {}
RESULT: {}
RESULT: {}
COMMAND: POST /session/7455601dddc232b6deafc0d190a18b4e/actions - {"actions":[{"id":"action37","type":"key","parameters":{},"actions":[{"type":"keyDown","value":""},{"type":"pause","duration":10},{"type":"keyUp","value":""}]}]}
RESULT: {"actions":[{"id":"action37","type":"key","parameters":{},"actions":[{"type":"keyDown","value":""},{"type":"pause","duration":10},{"type":"keyUp","value":""}]}]}
COMMAND: GET /session/7455601dddc232b6deafc0d190a18b4e/screenshot - {}
RESULT: {}
COMMAND: POST /session/7455601dddc232b6deafc0d190a18b4e/execute/sync - {"script":"<script> [276 bytes]","args":["No pricing information was found"]}
RESULT: {"script":"<script> [276 bytes]","args":["No pricing information was found"]}
COMMAND: POST /session/7455601dddc232b6deafc0d190a18b4e/element - {"using":"xpath","value":"(//button[@data-kt=\"saveButton\"])[2]"}
COMMAND: GET /session/7455601dddc232b6deafc0d190a18b4e/screenshot - {}
RESULT: {"using":"xpath","value":"(//button[@data-kt=\"saveButton\"])[2]"}
COMMAND: POST /session/7455601dddc232b6deafc0d190a18b4e/element/f.8E6BFA2ED3A3A2D86F199707E5BEEB8B.d.706F0E08717D21353C2A563AC94718BE.e.13055/click - {}
RESULT: {}
RESULT: {}
COMMAND: GET /session/7455601dddc232b6deafc0d190a18b4e/screenshot - {}
RESULT: {}
COMMAND: POST /session/7455601dddc232b6deafc0d190a18b4e/execute/sync - {"script":"<script> [276 bytes]","args":["Some contract items are having rental validity exceeding header rental validity"]}
RESULT: {"script":"<script> [276 bytes]","args":["Some contract items are having rental validity exceeding header rental validity"]}
COMMAND: GET /session/7455601dddc232b6deafc0d190a18b4e/screenshot - {}
RESULT: {}
COMMAND: POST /session/7455601dddc232b6deafc0d190a18b4e/element - {"using":"xpath","value":"//span[contains(@id ,\"contractItemsSmartTable-header-inner\")]"}
RESULT: {"using":"xpath","value":"//span[contains(@id ,\"contractItemsSmartTable-header-inner\")]"}
COMMAND: POST /session/7455601dddc232b6deafc0d190a18b4e/elements - {"using":"xpath","value":"//span[contains(@id ,\"contractItemsSmartTable-header-inner\")]"}
RESULT: {"using":"xpath","value":"//span[contains(@id ,\"contractItemsSmartTable-header-inner\")]"}
COMMAND: POST /session/7455601dddc232b6deafc0d190a18b4e/execute/sync - {"script":"<script> [56 bytes]","args":[{"element-6066-11e4-a52e-4f735466cecf":"f.8E6BFA2ED3A3A2D86F199707E5BEEB8B.d.706F0E08717D21353C2A563AC94718BE.e.13064","ELEMENT":"f.8E6BFA2ED3A3A2D86F199707E5BEEB8B.d.706F0E08717D21353C2A563AC94718BE.e.13064"}]}
RESULT: {"script":"<script> [56 bytes]","args":[{"element-6066-11e4-a52e-4f735466cecf":"f.8E6BFA2ED3A3A2D86F199707E5BEEB8B.d.706F0E08717D21353C2A563AC94718BE.e.13064","ELEMENT":"f.8E6BFA2ED3A3A2D86F199707E5BEEB8B.d.706F0E08717D21353C2A563AC94718BE.e.13064"}]}
]]></system-out>
    </testcase>
    <testcase classname="chrome.136_0_7103_93.windows.Billing_Transfer_-_Intracompany_US127249" name="Should do a provide to site handover" time="70.998">
      <system-out><![CDATA[
COMMAND: POST /session/7455601dddc232b6deafc0d190a18b4e/element - {"using":"xpath","value":"//button[@data-kt=\"provideButton\"]"}
COMMAND: GET /session/7455601dddc232b6deafc0d190a18b4e/screenshot - {}
RESULT: {"using":"xpath","value":"//button[@data-kt=\"provideButton\"]"}
COMMAND: POST /session/7455601dddc232b6deafc0d190a18b4e/element/f.8E6BFA2ED3A3A2D86F199707E5BEEB8B.d.706F0E08717D21353C2A563AC94718BE.e.13065/click - {}
RESULT: {}
RESULT: {}
COMMAND: GET /session/7455601dddc232b6deafc0d190a18b4e/screenshot - {}
RESULT: {}
RESULT: undefined
COMMAND: POST /session/7455601dddc232b6deafc0d190a18b4e/execute/async - {"script":"<script> [6424 bytes]","args":[{"element-6066-11e4-a52e-4f735466cecf":"f.8E6BFA2ED3A3A2D86F199707E5BEEB8B.d.706F0E08717D21353C2A563AC94718BE.e.11983"},"setValue",["5/27/25"]]}
COMMAND: POST /session/7455601dddc232b6deafc0d190a18b4e/execute/async - {"script":"<script> [1562 bytes]","args":[{"selector":{"id":"application-managehandovers-display-component---AddNewHO--dueDate","interaction":{"idSuffix":"inner"}},"wdio_ui5_key":"applicationmanagehandovers-display-component---AddNewHO--dueDate"}]}
RESULT: {"script":"<script> [1562 bytes]","args":[{"selector":{"id":"application-managehandovers-display-component---AddNewHO--dueDate","interaction":{"idSuffix":"inner"}},"wdio_ui5_key":"applicationmanagehandovers-display-component---AddNewHO--dueDate"}]}
COMMAND: POST /session/7455601dddc232b6deafc0d190a18b4e/execute/async - {"script":"<script> [6424 bytes]","args":[{"element-6066-11e4-a52e-4f735466cecf":"f.8E6BFA2ED3A3A2D86F199707E5BEEB8B.d.706F0E08717D21353C2A563AC94718BE.e.13141"},"setValue",["5/27/25"]]}
RESULT: {"script":"<script> [6424 bytes]","args":[{"element-6066-11e4-a52e-4f735466cecf":"f.8E6BFA2ED3A3A2D86F199707E5BEEB8B.d.706F0E08717D21353C2A563AC94718BE.e.13141"},"setValue",["5/27/25"]]}
COMMAND: POST /session/7455601dddc232b6deafc0d190a18b4e/element - {"using":"xpath","value":"//bdi[contains(text(), \"Instructions\")]"}
RESULT: {"using":"xpath","value":"//bdi[contains(text(), \"Instructions\")]"}
COMMAND: POST /session/7455601dddc232b6deafc0d190a18b4e/element/f.8E6BFA2ED3A3A2D86F199707E5BEEB8B.d.706F0E08717D21353C2A563AC94718BE.e.13385/click - {}
RESULT: {}
COMMAND: GET /session/7455601dddc232b6deafc0d190a18b4e/screenshot - {}
RESULT: {}
COMMAND: POST /session/7455601dddc232b6deafc0d190a18b4e/element - {"using":"xpath","value":"//button[@data-kt=\"AddNewHOProvideAddItemsButton\"]"}
RESULT: {"using":"xpath","value":"//button[@data-kt=\"AddNewHOProvideAddItemsButton\"]"}
COMMAND: POST /session/7455601dddc232b6deafc0d190a18b4e/element/f.8E6BFA2ED3A3A2D86F199707E5BEEB8B.d.706F0E08717D21353C2A563AC94718BE.e.13389/click - {}
RESULT: {}
COMMAND: GET /session/7455601dddc232b6deafc0d190a18b4e/screenshot - {}
RESULT: {}
RESULT: undefined
COMMAND: POST /session/7455601dddc232b6deafc0d190a18b4e/element - {"using":"xpath","value":"//*[@id=\"application-managehandovers-display-component---AddNewHO--popup-sa\"]"}
RESULT: {"using":"xpath","value":"//*[@id=\"application-managehandovers-display-component---AddNewHO--popup-sa\"]"}
COMMAND: POST /session/7455601dddc232b6deafc0d190a18b4e/element/f.8E6BFA2ED3A3A2D86F199707E5BEEB8B.d.706F0E08717D21353C2A563AC94718BE.e.13400/click - {}
RESULT: {}
COMMAND: GET /session/7455601dddc232b6deafc0d190a18b4e/screenshot - {}
RESULT: {}
COMMAND: POST /session/7455601dddc232b6deafc0d190a18b4e/element - {"using":"xpath","value":"//*[contains(@id ,\"BDI-content\")][contains(text(), \"Select\")]"}
RESULT: {"using":"xpath","value":"//*[contains(@id ,\"BDI-content\")][contains(text(), \"Select\")]"}
COMMAND: POST /session/7455601dddc232b6deafc0d190a18b4e/element/f.8E6BFA2ED3A3A2D86F199707E5BEEB8B.d.706F0E08717D21353C2A563AC94718BE.e.13401/click - {}
RESULT: {}
COMMAND: GET /session/7455601dddc232b6deafc0d190a18b4e/screenshot - {}
RESULT: {}
COMMAND: POST /session/7455601dddc232b6deafc0d190a18b4e/execute/async - {"script":"<script> [1562 bytes]","args":[{"selector":{"id":"application-managehandovers-display-component---AddNewHO--confirmCreationButton","interaction":{"idSuffix":"BDI-content"}},"wdio_ui5_key":"applicationmanagehandovers-display-component---AddNewHO--confirmCreationButton"}]}
RESULT: {"script":"<script> [1562 bytes]","args":[{"selector":{"id":"application-managehandovers-display-component---AddNewHO--confirmCreationButton","interaction":{"idSuffix":"BDI-content"}},"wdio_ui5_key":"applicationmanagehandovers-display-component---AddNewHO--confirmCreationButton"}]}
RESULT: undefined
COMMAND: POST /session/7455601dddc232b6deafc0d190a18b4e/element - {"using":"xpath","value":"//*[@id=\"application-managehandovers-display-component---AddNewHO--confirmCreationButton\"]"}
RESULT: {"using":"xpath","value":"//*[@id=\"application-managehandovers-display-component---AddNewHO--confirmCreationButton\"]"}
COMMAND: POST /session/7455601dddc232b6deafc0d190a18b4e/element/f.8E6BFA2ED3A3A2D86F199707E5BEEB8B.d.706F0E08717D21353C2A563AC94718BE.e.13195/click - {}
RESULT: {}
COMMAND: GET /session/7455601dddc232b6deafc0d190a18b4e/screenshot - {}
RESULT: {}
COMMAND: POST /session/7455601dddc232b6deafc0d190a18b4e/execute/async - {"script":"<script> [1562 bytes]","args":[{"selector":{"id":"issueDatePicker","viewName":"etm.portal.ui.managehandovers.view.DetailExecuteHO","interaction":{"idSuffix":"inner"}},"wdio_ui5_key":"issueDatePickeretmportal.ui.managehandovers.view.DetailExecuteHO"}]}
RESULT: {"script":"<script> [1562 bytes]","args":[{"selector":{"id":"issueDatePicker","viewName":"etm.portal.ui.managehandovers.view.DetailExecuteHO","interaction":{"idSuffix":"inner"}},"wdio_ui5_key":"issueDatePickeretmportal.ui.managehandovers.view.DetailExecuteHO"}]}
RESULT: undefined
COMMAND: POST /session/7455601dddc232b6deafc0d190a18b4e/execute/async - {"script":"<script> [776 bytes]","args":[{"enterText":"5/27/25","selector":{"id":"issueDatePicker","viewName":"etm.portal.ui.managehandovers.view.DetailExecuteHO","interaction":{"idSuffix":"inner"}},"clearTextFirst":true,"interactionType":"ENTER_TEXT"}]}
RESULT: {"script":"<script> [776 bytes]","args":[{"enterText":"5/27/25","selector":{"id":"issueDatePicker","viewName":"etm.portal.ui.managehandovers.view.DetailExecuteHO","interaction":{"idSuffix":"inner"}},"clearTextFirst":true,"interactionType":"ENTER_TEXT"}]}
COMMAND: POST /session/7455601dddc232b6deafc0d190a18b4e/element - {"using":"xpath","value":"//button[@data-kt=\"PickingTableConfirmAllButton\"]"}
RESULT: {"using":"xpath","value":"//button[@data-kt=\"PickingTableConfirmAllButton\"]"}
COMMAND: POST /session/7455601dddc232b6deafc0d190a18b4e/element/f.8E6BFA2ED3A3A2D86F199707E5BEEB8B.d.706F0E08717D21353C2A563AC94718BE.e.13460/click - {}
RESULT: {}
COMMAND: GET /session/7455601dddc232b6deafc0d190a18b4e/screenshot - {}
RESULT: {}
COMMAND: POST /session/7455601dddc232b6deafc0d190a18b4e/element - {"using":"xpath","value":"//bdi[contains(text(), \"OK\")]"}
RESULT: {"using":"xpath","value":"//bdi[contains(text(), \"OK\")]"}
COMMAND: POST /session/7455601dddc232b6deafc0d190a18b4e/element/f.8E6BFA2ED3A3A2D86F199707E5BEEB8B.d.706F0E08717D21353C2A563AC94718BE.e.13463/click - {}
RESULT: {}
COMMAND: GET /session/7455601dddc232b6deafc0d190a18b4e/screenshot - {}
RESULT: {}
COMMAND: POST /session/7455601dddc232b6deafc0d190a18b4e/element - {"using":"xpath","value":"//bdi[contains(text(), \"Issue\")]"}
RESULT: {"using":"xpath","value":"//bdi[contains(text(), \"Issue\")]"}
COMMAND: POST /session/7455601dddc232b6deafc0d190a18b4e/element/f.8E6BFA2ED3A3A2D86F199707E5BEEB8B.d.706F0E08717D21353C2A563AC94718BE.e.13465/click - {}
RESULT: {}
COMMAND: GET /session/7455601dddc232b6deafc0d190a18b4e/screenshot - {}
RESULT: {}
COMMAND: POST /session/7455601dddc232b6deafc0d190a18b4e/element - {"using":"css selector","value":"#shell-header-logo"}
RESULT: {"using":"css selector","value":"#shell-header-logo"}
COMMAND: POST /session/7455601dddc232b6deafc0d190a18b4e/element/f.8E6BFA2ED3A3A2D86F199707E5BEEB8B.d.706F0E08717D21353C2A563AC94718BE.e.12501/click - {}
RESULT: {}
COMMAND: GET /session/7455601dddc232b6deafc0d190a18b4e/screenshot - {}
RESULT: {}
]]></system-out>
    </testcase>
    <testcase classname="chrome.136_0_7103_93.windows.Billing_Transfer_-_Intracompany_US127249" name="Should go navigate to Manage Billings and trigger contract calculation check result" time="73.027">
      <system-out><![CDATA[
COMMAND: POST /session/7455601dddc232b6deafc0d190a18b4e/execute/async - {"script":"<script> [1562 bytes]","args":[{"selector":{"controlType":"sap.m.GenericTile","properties":{"header":"Manage Billings"}},"wdio_ui5_key":"sapm.GenericTile{\"header\":\"Manage Billings\"}"}]}
RESULT: {"script":"<script> [1562 bytes]","args":[{"selector":{"controlType":"sap.m.GenericTile","properties":{"header":"Manage Billings"}},"wdio_ui5_key":"sapm.GenericTile{\"header\":\"Manage Billings\"}"}]}
RESULT: undefined
COMMAND: POST /session/7455601dddc232b6deafc0d190a18b4e/element - {"using":"xpath","value":"//*[@id=\"__tile51\"]"}
RESULT: {"using":"xpath","value":"//*[@id=\"__tile51\"]"}
COMMAND: POST /session/7455601dddc232b6deafc0d190a18b4e/element/f.8E6BFA2ED3A3A2D86F199707E5BEEB8B.d.706F0E08717D21353C2A563AC94718BE.e.7993/click - {}
RESULT: {}
COMMAND: GET /session/7455601dddc232b6deafc0d190a18b4e/screenshot - {}
COMMAND: POST /session/7455601dddc232b6deafc0d190a18b4e/elements - {"using":"xpath","value":"//span[text()='Error']"}
RESULT: {}
RESULT: {"using":"xpath","value":"//span[text()='Error']"}
COMMAND: POST /session/7455601dddc232b6deafc0d190a18b4e/execute/async - {"script":"<script> [1562 bytes]","args":[{"selector":{"id":"application-managebillings-display-component---billRunCalcResult--smartFilterBar-btnBasicSearch","interaction":{"idSuffix":"I"}},"wdio_ui5_key":"applicationmanagebillings-display-component---billRunCalcResult--smartFilterBar-btnBasicSearch"}]}
RESULT: {"script":"<script> [1562 bytes]","args":[{"selector":{"id":"application-managebillings-display-component---billRunCalcResult--smartFilterBar-btnBasicSearch","interaction":{"idSuffix":"I"}},"wdio_ui5_key":"applicationmanagebillings-display-component---billRunCalcResult--smartFilterBar-btnBasicSearch"}]}
RESULT: undefined
COMMAND: POST /session/7455601dddc232b6deafc0d190a18b4e/execute/async - {"script":"<script> [776 bytes]","args":[{"enterText":"10319","selector":{"id":"application-managebillings-display-component---billRunCalcResult--smartFilterBar-btnBasicSearch","interaction":{"idSuffix":"I"}},"clearTextFirst":true,"interactionType":"ENTER_TEXT"}]}
RESULT: {"script":"<script> [776 bytes]","args":[{"enterText":"10319","selector":{"id":"application-managebillings-display-component---billRunCalcResult--smartFilterBar-btnBasicSearch","interaction":{"idSuffix":"I"}},"clearTextFirst":true,"interactionType":"ENTER_TEXT"}]}
COMMAND: POST /session/7455601dddc232b6deafc0d190a18b4e/actions - {"actions":[{"id":"action38","type":"key","parameters":{},"actions":[{"type":"keyDown","value":""},{"type":"pause","duration":10},{"type":"keyUp","value":""}]}]}
RESULT: {"actions":[{"id":"action38","type":"key","parameters":{},"actions":[{"type":"keyDown","value":""},{"type":"pause","duration":10},{"type":"keyUp","value":""}]}]}
COMMAND: GET /session/7455601dddc232b6deafc0d190a18b4e/screenshot - {}
RESULT: {}
COMMAND: POST /session/7455601dddc232b6deafc0d190a18b4e/element - {"using":"xpath","value":"//td[@aria-colindex=\"1\"]/div/div[contains(@class, \"sapMCbBg\")]"}
RESULT: {"using":"xpath","value":"//td[@aria-colindex=\"1\"]/div/div[contains(@class, \"sapMCbBg\")]"}
COMMAND: POST /session/7455601dddc232b6deafc0d190a18b4e/element/f.8E6BFA2ED3A3A2D86F199707E5BEEB8B.d.706F0E08717D21353C2A563AC94718BE.e.13968/click - {}
RESULT: {}
COMMAND: GET /session/7455601dddc232b6deafc0d190a18b4e/screenshot - {}
RESULT: {}
COMMAND: POST /session/7455601dddc232b6deafc0d190a18b4e/execute/async - {"script":"<script> [1562 bytes]","args":[{"selector":{"id":"application-managebillings-display-component---billRunCalcResult--contractBillRunDate","interaction":{"idSuffix":"inner"}},"wdio_ui5_key":"applicationmanagebillings-display-component---billRunCalcResult--contractBillRunDate"}]}
RESULT: {"script":"<script> [1562 bytes]","args":[{"selector":{"id":"application-managebillings-display-component---billRunCalcResult--contractBillRunDate","interaction":{"idSuffix":"inner"}},"wdio_ui5_key":"applicationmanagebillings-display-component---billRunCalcResult--contractBillRunDate"}]}
RESULT: undefined
COMMAND: POST /session/7455601dddc232b6deafc0d190a18b4e/execute/async - {"script":"<script> [776 bytes]","args":[{"enterText":"5/27/25","selector":{"id":"application-managebillings-display-component---billRunCalcResult--contractBillRunDate","interaction":{"idSuffix":"inner"}},"clearTextFirst":true,"interactionType":"ENTER_TEXT"}]}
RESULT: {"script":"<script> [776 bytes]","args":[{"enterText":"5/27/25","selector":{"id":"application-managebillings-display-component---billRunCalcResult--contractBillRunDate","interaction":{"idSuffix":"inner"}},"clearTextFirst":true,"interactionType":"ENTER_TEXT"}]}
COMMAND: POST /session/7455601dddc232b6deafc0d190a18b4e/element - {"using":"xpath","value":"//bdi[contains(text(), \"Trigger Calculation\")]"}
RESULT: {"using":"xpath","value":"//bdi[contains(text(), \"Trigger Calculation\")]"}
COMMAND: POST /session/7455601dddc232b6deafc0d190a18b4e/element/f.8E6BFA2ED3A3A2D86F199707E5BEEB8B.d.706F0E08717D21353C2A563AC94718BE.e.14019/click - {}
RESULT: {}
COMMAND: GET /session/7455601dddc232b6deafc0d190a18b4e/screenshot - {}
RESULT: {}
COMMAND: POST /session/7455601dddc232b6deafc0d190a18b4e/element - {"using":"xpath","value":"(//span[contains(@id, \"imgNav\")])[1]"}
RESULT: {"using":"xpath","value":"(//span[contains(@id, \"imgNav\")])[1]"}
COMMAND: POST /session/7455601dddc232b6deafc0d190a18b4e/element/f.8E6BFA2ED3A3A2D86F199707E5BEEB8B.d.706F0E08717D21353C2A563AC94718BE.e.13969/click - {}
RESULT: {}
COMMAND: GET /session/7455601dddc232b6deafc0d190a18b4e/screenshot - {}
RESULT: {}
COMMAND: POST /session/7455601dddc232b6deafc0d190a18b4e/element - {"using":"xpath","value":"//tr/td[6]/div[1]/span[1]/span[1]"}
RESULT: {"using":"xpath","value":"//tr/td[6]/div[1]/span[1]/span[1]"}
COMMAND: GET /session/7455601dddc232b6deafc0d190a18b4e/element/f.8E6BFA2ED3A3A2D86F199707E5BEEB8B.d.706F0E08717D21353C2A563AC94718BE.e.14024/text - {}
RESULT: {}
COMMAND: POST /session/7455601dddc232b6deafc0d190a18b4e/element - {"using":"xpath","value":"(//span[contains(@id, \"imgNav\")])[2]"}
RESULT: {"using":"xpath","value":"(//span[contains(@id, \"imgNav\")])[2]"}
COMMAND: POST /session/7455601dddc232b6deafc0d190a18b4e/element/f.8E6BFA2ED3A3A2D86F199707E5BEEB8B.d.706F0E08717D21353C2A563AC94718BE.e.14025/click - {}
RESULT: {}
COMMAND: POST /session/7455601dddc232b6deafc0d190a18b4e/element - {"using":"xpath","value":"//bdi[contains(text(), \"Business Confirm\")]"}
COMMAND: GET /session/7455601dddc232b6deafc0d190a18b4e/screenshot - {}
RESULT: {"using":"xpath","value":"//bdi[contains(text(), \"Business Confirm\")]"}
COMMAND: POST /session/7455601dddc232b6deafc0d190a18b4e/elements - {"using":"xpath","value":"//bdi[contains(text(), \"Business Confirm\")]"}
RESULT: {}
RESULT: {"using":"xpath","value":"//bdi[contains(text(), \"Business Confirm\")]"}
COMMAND: POST /session/7455601dddc232b6deafc0d190a18b4e/elements - {"using":"xpath","value":"//bdi[contains(text(), \"Business Confirm\")]"}
RESULT: {"using":"xpath","value":"//bdi[contains(text(), \"Business Confirm\")]"}
COMMAND: POST /session/7455601dddc232b6deafc0d190a18b4e/element - {"using":"xpath","value":"//bdi[contains(text(), \"Business Confirm\")]"}
RESULT: {"using":"xpath","value":"//bdi[contains(text(), \"Business Confirm\")]"}
COMMAND: POST /session/7455601dddc232b6deafc0d190a18b4e/element/f.8E6BFA2ED3A3A2D86F199707E5BEEB8B.d.706F0E08717D21353C2A563AC94718BE.e.14028/click - {}
RESULT: {}
COMMAND: POST /session/7455601dddc232b6deafc0d190a18b4e/element - {"using":"css selector","value":"#shell-header-logo"}
COMMAND: GET /session/7455601dddc232b6deafc0d190a18b4e/screenshot - {}
RESULT: {"using":"css selector","value":"#shell-header-logo"}
COMMAND: POST /session/7455601dddc232b6deafc0d190a18b4e/element/f.8E6BFA2ED3A3A2D86F199707E5BEEB8B.d.706F0E08717D21353C2A563AC94718BE.e.13757/click - {}
RESULT: {}
RESULT: {}
COMMAND: GET /session/7455601dddc232b6deafc0d190a18b4e/screenshot - {}
RESULT: {}
]]></system-out>
    </testcase>
    <testcase classname="chrome.136_0_7103_93.windows.Billing_Transfer_-_Intracompany_US127249" name="Should navigate to billing transfer and invoice the contract" time="84.249">
      <system-out><![CDATA[
COMMAND: POST /session/7455601dddc232b6deafc0d190a18b4e/execute/async - {"script":"<script> [1562 bytes]","args":[{"selector":{"controlType":"sap.m.GenericTile","properties":{"header":"Billing Transfer"}},"wdio_ui5_key":"sapm.GenericTile{\"header\":\"Billing Transfer\"}"}]}
RESULT: {"script":"<script> [1562 bytes]","args":[{"selector":{"controlType":"sap.m.GenericTile","properties":{"header":"Billing Transfer"}},"wdio_ui5_key":"sapm.GenericTile{\"header\":\"Billing Transfer\"}"}]}
RESULT: undefined
COMMAND: POST /session/7455601dddc232b6deafc0d190a18b4e/element - {"using":"xpath","value":"//*[@id=\"__tile50\"]"}
RESULT: {"using":"xpath","value":"//*[@id=\"__tile50\"]"}
COMMAND: POST /session/7455601dddc232b6deafc0d190a18b4e/element/f.8E6BFA2ED3A3A2D86F199707E5BEEB8B.d.706F0E08717D21353C2A563AC94718BE.e.7991/click - {}
RESULT: {}
COMMAND: GET /session/7455601dddc232b6deafc0d190a18b4e/screenshot - {}
RESULT: {}
COMMAND: POST /session/7455601dddc232b6deafc0d190a18b4e/elements - {"using":"xpath","value":"//span[text()='Error']"}
RESULT: {"using":"xpath","value":"//span[text()='Error']"}
COMMAND: POST /session/7455601dddc232b6deafc0d190a18b4e/element - {"using":"xpath","value":"//input[contains(@id ,\"application-billingtransfer-display-component---billingWorkbench--smartFilterBar-btnBasicSearch\")]"}
RESULT: {"using":"xpath","value":"//input[contains(@id ,\"application-billingtransfer-display-component---billingWorkbench--smartFilterBar-btnBasicSearch\")]"}
COMMAND: POST /session/7455601dddc232b6deafc0d190a18b4e/elements - {"using":"xpath","value":"//input[contains(@id ,\"application-billingtransfer-display-component---billingWorkbench--smartFilterBar-btnBasicSearch\")]"}
RESULT: {"using":"xpath","value":"//input[contains(@id ,\"application-billingtransfer-display-component---billingWorkbench--smartFilterBar-btnBasicSearch\")]"}
COMMAND: POST /session/7455601dddc232b6deafc0d190a18b4e/execute/sync - {"script":"<script> [8489 bytes]","args":[{"element-6066-11e4-a52e-4f735466cecf":"f.8E6BFA2ED3A3A2D86F199707E5BEEB8B.d.706F0E08717D21353C2A563AC94718BE.e.14109","ELEMENT":"f.8E6BFA2ED3A3A2D86F199707E5BEEB8B.d.706F0E08717D21353C2A563AC94718BE.e.14109"}]}
RESULT: {"script":"<script> [8489 bytes]","args":[{"element-6066-11e4-a52e-4f735466cecf":"f.8E6BFA2ED3A3A2D86F199707E5BEEB8B.d.706F0E08717D21353C2A563AC94718BE.e.14109","ELEMENT":"f.8E6BFA2ED3A3A2D86F199707E5BEEB8B.d.706F0E08717D21353C2A563AC94718BE.e.14109"}]}
COMMAND: GET /session/7455601dddc232b6deafc0d190a18b4e/element/f.8E6BFA2ED3A3A2D86F199707E5BEEB8B.d.706F0E08717D21353C2A563AC94718BE.e.14109/enabled - {}
COMMAND: GET /session/7455601dddc232b6deafc0d190a18b4e/screenshot - {}
RESULT: {}
COMMAND: POST /session/7455601dddc232b6deafc0d190a18b4e/element/f.8E6BFA2ED3A3A2D86F199707E5BEEB8B.d.706F0E08717D21353C2A563AC94718BE.e.14109/click - {}
COMMAND: GET /session/7455601dddc232b6deafc0d190a18b4e/screenshot - {}
RESULT: {}
RESULT: {}
COMMAND: GET /session/7455601dddc232b6deafc0d190a18b4e/screenshot - {}
RESULT: {}
RESULT: {}
COMMAND: POST /session/7455601dddc232b6deafc0d190a18b4e/element/f.8E6BFA2ED3A3A2D86F199707E5BEEB8B.d.706F0E08717D21353C2A563AC94718BE.e.14109/clear - {}
RESULT: {}
COMMAND: POST /session/7455601dddc232b6deafc0d190a18b4e/element/f.8E6BFA2ED3A3A2D86F199707E5BEEB8B.d.706F0E08717D21353C2A563AC94718BE.e.14109/value - {"text":"10319"}
COMMAND: GET /session/7455601dddc232b6deafc0d190a18b4e/screenshot - {}
RESULT: {"text":"10319"}
COMMAND: POST /session/7455601dddc232b6deafc0d190a18b4e/actions - {"actions":[{"id":"action39","type":"key","parameters":{},"actions":[{"type":"keyDown","value":""},{"type":"pause","duration":10},{"type":"keyUp","value":""}]}]}
COMMAND: GET /session/7455601dddc232b6deafc0d190a18b4e/screenshot - {}
RESULT: {}
RESULT: {"actions":[{"id":"action39","type":"key","parameters":{},"actions":[{"type":"keyDown","value":""},{"type":"pause","duration":10},{"type":"keyUp","value":""}]}]}
COMMAND: GET /session/7455601dddc232b6deafc0d190a18b4e/screenshot - {}
RESULT: {}
RESULT: {}
COMMAND: POST /session/7455601dddc232b6deafc0d190a18b4e/element - {"using":"xpath","value":"//span[contains(@id ,\"application-billingtransfer-display-component---billingWorkbench--smartTableBillingRuns-header-inner\")]"}
RESULT: {"using":"xpath","value":"//span[contains(@id ,\"application-billingtransfer-display-component---billingWorkbench--smartTableBillingRuns-header-inner\")]"}
COMMAND: POST /session/7455601dddc232b6deafc0d190a18b4e/elements - {"using":"xpath","value":"//span[contains(@id ,\"application-billingtransfer-display-component---billingWorkbench--smartTableBillingRuns-header-inner\")]"}
RESULT: {"using":"xpath","value":"//span[contains(@id ,\"application-billingtransfer-display-component---billingWorkbench--smartTableBillingRuns-header-inner\")]"}
COMMAND: POST /session/7455601dddc232b6deafc0d190a18b4e/execute/sync - {"script":"<script> [56 bytes]","args":[{"element-6066-11e4-a52e-4f735466cecf":"f.8E6BFA2ED3A3A2D86F199707E5BEEB8B.d.706F0E08717D21353C2A563AC94718BE.e.14258","ELEMENT":"f.8E6BFA2ED3A3A2D86F199707E5BEEB8B.d.706F0E08717D21353C2A563AC94718BE.e.14258"}]}
RESULT: {"script":"<script> [56 bytes]","args":[{"element-6066-11e4-a52e-4f735466cecf":"f.8E6BFA2ED3A3A2D86F199707E5BEEB8B.d.706F0E08717D21353C2A563AC94718BE.e.14258","ELEMENT":"f.8E6BFA2ED3A3A2D86F199707E5BEEB8B.d.706F0E08717D21353C2A563AC94718BE.e.14258"}]}
COMMAND: POST /session/7455601dddc232b6deafc0d190a18b4e/element - {"using":"xpath","value":"//td[@aria-colindex=\"1\"]/div/div[contains(@class, \"sapMCbBg\")]"}
COMMAND: GET /session/7455601dddc232b6deafc0d190a18b4e/screenshot - {}
RESULT: {"using":"xpath","value":"//td[@aria-colindex=\"1\"]/div/div[contains(@class, \"sapMCbBg\")]"}
COMMAND: POST /session/7455601dddc232b6deafc0d190a18b4e/element/f.8E6BFA2ED3A3A2D86F199707E5BEEB8B.d.706F0E08717D21353C2A563AC94718BE.e.14223/click - {}
RESULT: {}
RESULT: {}
COMMAND: GET /session/7455601dddc232b6deafc0d190a18b4e/screenshot - {}
RESULT: {}
COMMAND: POST /session/7455601dddc232b6deafc0d190a18b4e/element - {"using":"xpath","value":"//bdi[contains(text(), \"Check\")]"}
RESULT: {"using":"xpath","value":"//bdi[contains(text(), \"Check\")]"}
COMMAND: POST /session/7455601dddc232b6deafc0d190a18b4e/element/f.8E6BFA2ED3A3A2D86F199707E5BEEB8B.d.706F0E08717D21353C2A563AC94718BE.e.14259/click - {}
RESULT: {}
COMMAND: GET /session/7455601dddc232b6deafc0d190a18b4e/screenshot - {}
RESULT: {}
COMMAND: POST /session/7455601dddc232b6deafc0d190a18b4e/element - {"using":"xpath","value":"//bdi[contains(text(), \"OK\")]"}
RESULT: {"using":"xpath","value":"//bdi[contains(text(), \"OK\")]"}
COMMAND: POST /session/7455601dddc232b6deafc0d190a18b4e/element/f.8E6BFA2ED3A3A2D86F199707E5BEEB8B.d.706F0E08717D21353C2A563AC94718BE.e.14263/click - {}
RESULT: {}
COMMAND: GET /session/7455601dddc232b6deafc0d190a18b4e/screenshot - {}
RESULT: {}
COMMAND: POST /session/7455601dddc232b6deafc0d190a18b4e/element - {"using":"xpath","value":"(//span[contains(text(), \"CO/SD checked\")]/parent::div/preceding-sibling::div/span)[1]"}
RESULT: {"using":"xpath","value":"(//span[contains(text(), \"CO/SD checked\")]/parent::div/preceding-sibling::div/span)[1]"}
COMMAND: POST /session/7455601dddc232b6deafc0d190a18b4e/element/f.8E6BFA2ED3A3A2D86F199707E5BEEB8B.d.706F0E08717D21353C2A563AC94718BE.e.14272/click - {}
RESULT: {}
COMMAND: GET /session/7455601dddc232b6deafc0d190a18b4e/screenshot - {}
RESULT: {}
COMMAND: POST /session/7455601dddc232b6deafc0d190a18b4e/element - {"using":"xpath","value":"//input[contains(@id ,\"application-billingtransfer-display-component---billingWorkbench--smartFilterBar-btnBasicSearch\")]"}
RESULT: {"using":"xpath","value":"//input[contains(@id ,\"application-billingtransfer-display-component---billingWorkbench--smartFilterBar-btnBasicSearch\")]"}
COMMAND: POST /session/7455601dddc232b6deafc0d190a18b4e/elements - {"using":"xpath","value":"//input[contains(@id ,\"application-billingtransfer-display-component---billingWorkbench--smartFilterBar-btnBasicSearch\")]"}
RESULT: {"using":"xpath","value":"//input[contains(@id ,\"application-billingtransfer-display-component---billingWorkbench--smartFilterBar-btnBasicSearch\")]"}
COMMAND: POST /session/7455601dddc232b6deafc0d190a18b4e/execute/sync - {"script":"<script> [8489 bytes]","args":[{"element-6066-11e4-a52e-4f735466cecf":"f.8E6BFA2ED3A3A2D86F199707E5BEEB8B.d.706F0E08717D21353C2A563AC94718BE.e.14109","ELEMENT":"f.8E6BFA2ED3A3A2D86F199707E5BEEB8B.d.706F0E08717D21353C2A563AC94718BE.e.14109"}]}
RESULT: {"script":"<script> [8489 bytes]","args":[{"element-6066-11e4-a52e-4f735466cecf":"f.8E6BFA2ED3A3A2D86F199707E5BEEB8B.d.706F0E08717D21353C2A563AC94718BE.e.14109","ELEMENT":"f.8E6BFA2ED3A3A2D86F199707E5BEEB8B.d.706F0E08717D21353C2A563AC94718BE.e.14109"}]}
COMMAND: GET /session/7455601dddc232b6deafc0d190a18b4e/element/f.8E6BFA2ED3A3A2D86F199707E5BEEB8B.d.706F0E08717D21353C2A563AC94718BE.e.14109/enabled - {}
COMMAND: GET /session/7455601dddc232b6deafc0d190a18b4e/screenshot - {}
RESULT: {}
COMMAND: POST /session/7455601dddc232b6deafc0d190a18b4e/element/f.8E6BFA2ED3A3A2D86F199707E5BEEB8B.d.706F0E08717D21353C2A563AC94718BE.e.14109/click - {}
COMMAND: GET /session/7455601dddc232b6deafc0d190a18b4e/screenshot - {}
RESULT: {}
RESULT: {}
COMMAND: GET /session/7455601dddc232b6deafc0d190a18b4e/screenshot - {}
RESULT: {}
RESULT: {}
COMMAND: POST /session/7455601dddc232b6deafc0d190a18b4e/element/f.8E6BFA2ED3A3A2D86F199707E5BEEB8B.d.706F0E08717D21353C2A563AC94718BE.e.14109/clear - {}
RESULT: {}
COMMAND: POST /session/7455601dddc232b6deafc0d190a18b4e/element/f.8E6BFA2ED3A3A2D86F199707E5BEEB8B.d.706F0E08717D21353C2A563AC94718BE.e.14109/value - {"text":"10319"}
COMMAND: GET /session/7455601dddc232b6deafc0d190a18b4e/screenshot - {}
RESULT: {"text":"10319"}
COMMAND: POST /session/7455601dddc232b6deafc0d190a18b4e/actions - {"actions":[{"id":"action40","type":"key","parameters":{},"actions":[{"type":"keyDown","value":""},{"type":"pause","duration":10},{"type":"keyUp","value":""}]}]}
COMMAND: GET /session/7455601dddc232b6deafc0d190a18b4e/screenshot - {}
RESULT: {}
RESULT: {"actions":[{"id":"action40","type":"key","parameters":{},"actions":[{"type":"keyDown","value":""},{"type":"pause","duration":10},{"type":"keyUp","value":""}]}]}
COMMAND: GET /session/7455601dddc232b6deafc0d190a18b4e/screenshot - {}
RESULT: {}
RESULT: {}
COMMAND: POST /session/7455601dddc232b6deafc0d190a18b4e/element - {"using":"xpath","value":"//span[contains(@id ,\"application-billingtransfer-display-component---billingWorkbench--smartTableBillingRuns-header-inner\")]"}
RESULT: {"using":"xpath","value":"//span[contains(@id ,\"application-billingtransfer-display-component---billingWorkbench--smartTableBillingRuns-header-inner\")]"}
COMMAND: POST /session/7455601dddc232b6deafc0d190a18b4e/elements - {"using":"xpath","value":"//span[contains(@id ,\"application-billingtransfer-display-component---billingWorkbench--smartTableBillingRuns-header-inner\")]"}
RESULT: {"using":"xpath","value":"//span[contains(@id ,\"application-billingtransfer-display-component---billingWorkbench--smartTableBillingRuns-header-inner\")]"}
COMMAND: POST /session/7455601dddc232b6deafc0d190a18b4e/execute/sync - {"script":"<script> [56 bytes]","args":[{"element-6066-11e4-a52e-4f735466cecf":"f.8E6BFA2ED3A3A2D86F199707E5BEEB8B.d.706F0E08717D21353C2A563AC94718BE.e.14258","ELEMENT":"f.8E6BFA2ED3A3A2D86F199707E5BEEB8B.d.706F0E08717D21353C2A563AC94718BE.e.14258"}]}
RESULT: {"script":"<script> [56 bytes]","args":[{"element-6066-11e4-a52e-4f735466cecf":"f.8E6BFA2ED3A3A2D86F199707E5BEEB8B.d.706F0E08717D21353C2A563AC94718BE.e.14258","ELEMENT":"f.8E6BFA2ED3A3A2D86F199707E5BEEB8B.d.706F0E08717D21353C2A563AC94718BE.e.14258"}]}
COMMAND: GET /session/7455601dddc232b6deafc0d190a18b4e/screenshot - {}
RESULT: {}
COMMAND: POST /session/7455601dddc232b6deafc0d190a18b4e/execute/sync - {"script":"<script> [56 bytes]","args":[{"element-6066-11e4-a52e-4f735466cecf":"f.8E6BFA2ED3A3A2D86F199707E5BEEB8B.d.706F0E08717D21353C2A563AC94718BE.e.14258","ELEMENT":"f.8E6BFA2ED3A3A2D86F199707E5BEEB8B.d.706F0E08717D21353C2A563AC94718BE.e.14258"}]}
RESULT: {"script":"<script> [56 bytes]","args":[{"element-6066-11e4-a52e-4f735466cecf":"f.8E6BFA2ED3A3A2D86F199707E5BEEB8B.d.706F0E08717D21353C2A563AC94718BE.e.14258","ELEMENT":"f.8E6BFA2ED3A3A2D86F199707E5BEEB8B.d.706F0E08717D21353C2A563AC94718BE.e.14258"}]}
COMMAND: GET /session/7455601dddc232b6deafc0d190a18b4e/screenshot - {}
RESULT: {}
COMMAND: POST /session/7455601dddc232b6deafc0d190a18b4e/execute/sync - {"script":"<script> [56 bytes]","args":[{"element-6066-11e4-a52e-4f735466cecf":"f.8E6BFA2ED3A3A2D86F199707E5BEEB8B.d.706F0E08717D21353C2A563AC94718BE.e.14258","ELEMENT":"f.8E6BFA2ED3A3A2D86F199707E5BEEB8B.d.706F0E08717D21353C2A563AC94718BE.e.14258"}]}
RESULT: {"script":"<script> [56 bytes]","args":[{"element-6066-11e4-a52e-4f735466cecf":"f.8E6BFA2ED3A3A2D86F199707E5BEEB8B.d.706F0E08717D21353C2A563AC94718BE.e.14258","ELEMENT":"f.8E6BFA2ED3A3A2D86F199707E5BEEB8B.d.706F0E08717D21353C2A563AC94718BE.e.14258"}]}
COMMAND: GET /session/7455601dddc232b6deafc0d190a18b4e/screenshot - {}
RESULT: {}
COMMAND: POST /session/7455601dddc232b6deafc0d190a18b4e/execute/sync - {"script":"<script> [56 bytes]","args":[{"element-6066-11e4-a52e-4f735466cecf":"f.8E6BFA2ED3A3A2D86F199707E5BEEB8B.d.706F0E08717D21353C2A563AC94718BE.e.14258","ELEMENT":"f.8E6BFA2ED3A3A2D86F199707E5BEEB8B.d.706F0E08717D21353C2A563AC94718BE.e.14258"}]}
RESULT: {"script":"<script> [56 bytes]","args":[{"element-6066-11e4-a52e-4f735466cecf":"f.8E6BFA2ED3A3A2D86F199707E5BEEB8B.d.706F0E08717D21353C2A563AC94718BE.e.14258","ELEMENT":"f.8E6BFA2ED3A3A2D86F199707E5BEEB8B.d.706F0E08717D21353C2A563AC94718BE.e.14258"}]}
COMMAND: GET /session/7455601dddc232b6deafc0d190a18b4e/screenshot - {}
RESULT: {}
COMMAND: POST /session/7455601dddc232b6deafc0d190a18b4e/execute/sync - {"script":"<script> [56 bytes]","args":[{"element-6066-11e4-a52e-4f735466cecf":"f.8E6BFA2ED3A3A2D86F199707E5BEEB8B.d.706F0E08717D21353C2A563AC94718BE.e.14258","ELEMENT":"f.8E6BFA2ED3A3A2D86F199707E5BEEB8B.d.706F0E08717D21353C2A563AC94718BE.e.14258"}]}
RESULT: {"script":"<script> [56 bytes]","args":[{"element-6066-11e4-a52e-4f735466cecf":"f.8E6BFA2ED3A3A2D86F199707E5BEEB8B.d.706F0E08717D21353C2A563AC94718BE.e.14258","ELEMENT":"f.8E6BFA2ED3A3A2D86F199707E5BEEB8B.d.706F0E08717D21353C2A563AC94718BE.e.14258"}]}
COMMAND: GET /session/7455601dddc232b6deafc0d190a18b4e/screenshot - {}
RESULT: {}
COMMAND: POST /session/7455601dddc232b6deafc0d190a18b4e/execute/sync - {"script":"<script> [56 bytes]","args":[{"element-6066-11e4-a52e-4f735466cecf":"f.8E6BFA2ED3A3A2D86F199707E5BEEB8B.d.706F0E08717D21353C2A563AC94718BE.e.14258","ELEMENT":"f.8E6BFA2ED3A3A2D86F199707E5BEEB8B.d.706F0E08717D21353C2A563AC94718BE.e.14258"}]}
RESULT: {"script":"<script> [56 bytes]","args":[{"element-6066-11e4-a52e-4f735466cecf":"f.8E6BFA2ED3A3A2D86F199707E5BEEB8B.d.706F0E08717D21353C2A563AC94718BE.e.14258","ELEMENT":"f.8E6BFA2ED3A3A2D86F199707E5BEEB8B.d.706F0E08717D21353C2A563AC94718BE.e.14258"}]}
COMMAND: GET /session/7455601dddc232b6deafc0d190a18b4e/screenshot - {}
RESULT: {}
COMMAND: POST /session/7455601dddc232b6deafc0d190a18b4e/execute/sync - {"script":"<script> [56 bytes]","args":[{"element-6066-11e4-a52e-4f735466cecf":"f.8E6BFA2ED3A3A2D86F199707E5BEEB8B.d.706F0E08717D21353C2A563AC94718BE.e.14258","ELEMENT":"f.8E6BFA2ED3A3A2D86F199707E5BEEB8B.d.706F0E08717D21353C2A563AC94718BE.e.14258"}]}
RESULT: {"script":"<script> [56 bytes]","args":[{"element-6066-11e4-a52e-4f735466cecf":"f.8E6BFA2ED3A3A2D86F199707E5BEEB8B.d.706F0E08717D21353C2A563AC94718BE.e.14258","ELEMENT":"f.8E6BFA2ED3A3A2D86F199707E5BEEB8B.d.706F0E08717D21353C2A563AC94718BE.e.14258"}]}
COMMAND: GET /session/7455601dddc232b6deafc0d190a18b4e/screenshot - {}
RESULT: {}
COMMAND: POST /session/7455601dddc232b6deafc0d190a18b4e/execute/sync - {"script":"<script> [56 bytes]","args":[{"element-6066-11e4-a52e-4f735466cecf":"f.8E6BFA2ED3A3A2D86F199707E5BEEB8B.d.706F0E08717D21353C2A563AC94718BE.e.14258","ELEMENT":"f.8E6BFA2ED3A3A2D86F199707E5BEEB8B.d.706F0E08717D21353C2A563AC94718BE.e.14258"}]}
RESULT: {"script":"<script> [56 bytes]","args":[{"element-6066-11e4-a52e-4f735466cecf":"f.8E6BFA2ED3A3A2D86F199707E5BEEB8B.d.706F0E08717D21353C2A563AC94718BE.e.14258","ELEMENT":"f.8E6BFA2ED3A3A2D86F199707E5BEEB8B.d.706F0E08717D21353C2A563AC94718BE.e.14258"}]}
COMMAND: GET /session/7455601dddc232b6deafc0d190a18b4e/screenshot - {}
RESULT: {}
COMMAND: POST /session/7455601dddc232b6deafc0d190a18b4e/execute/sync - {"script":"<script> [56 bytes]","args":[{"element-6066-11e4-a52e-4f735466cecf":"f.8E6BFA2ED3A3A2D86F199707E5BEEB8B.d.706F0E08717D21353C2A563AC94718BE.e.14258","ELEMENT":"f.8E6BFA2ED3A3A2D86F199707E5BEEB8B.d.706F0E08717D21353C2A563AC94718BE.e.14258"}]}
RESULT: {"script":"<script> [56 bytes]","args":[{"element-6066-11e4-a52e-4f735466cecf":"f.8E6BFA2ED3A3A2D86F199707E5BEEB8B.d.706F0E08717D21353C2A563AC94718BE.e.14258","ELEMENT":"f.8E6BFA2ED3A3A2D86F199707E5BEEB8B.d.706F0E08717D21353C2A563AC94718BE.e.14258"}]}
COMMAND: GET /session/7455601dddc232b6deafc0d190a18b4e/screenshot - {}
RESULT: {}
COMMAND: POST /session/7455601dddc232b6deafc0d190a18b4e/execute/sync - {"script":"<script> [56 bytes]","args":[{"element-6066-11e4-a52e-4f735466cecf":"f.8E6BFA2ED3A3A2D86F199707E5BEEB8B.d.706F0E08717D21353C2A563AC94718BE.e.14258","ELEMENT":"f.8E6BFA2ED3A3A2D86F199707E5BEEB8B.d.706F0E08717D21353C2A563AC94718BE.e.14258"}]}
RESULT: {"script":"<script> [56 bytes]","args":[{"element-6066-11e4-a52e-4f735466cecf":"f.8E6BFA2ED3A3A2D86F199707E5BEEB8B.d.706F0E08717D21353C2A563AC94718BE.e.14258","ELEMENT":"f.8E6BFA2ED3A3A2D86F199707E5BEEB8B.d.706F0E08717D21353C2A563AC94718BE.e.14258"}]}
COMMAND: GET /session/7455601dddc232b6deafc0d190a18b4e/screenshot - {}
RESULT: {}
COMMAND: POST /session/7455601dddc232b6deafc0d190a18b4e/execute/sync - {"script":"<script> [56 bytes]","args":[{"element-6066-11e4-a52e-4f735466cecf":"f.8E6BFA2ED3A3A2D86F199707E5BEEB8B.d.706F0E08717D21353C2A563AC94718BE.e.14258","ELEMENT":"f.8E6BFA2ED3A3A2D86F199707E5BEEB8B.d.706F0E08717D21353C2A563AC94718BE.e.14258"}]}
RESULT: {"script":"<script> [56 bytes]","args":[{"element-6066-11e4-a52e-4f735466cecf":"f.8E6BFA2ED3A3A2D86F199707E5BEEB8B.d.706F0E08717D21353C2A563AC94718BE.e.14258","ELEMENT":"f.8E6BFA2ED3A3A2D86F199707E5BEEB8B.d.706F0E08717D21353C2A563AC94718BE.e.14258"}]}
COMMAND: GET /session/7455601dddc232b6deafc0d190a18b4e/screenshot - {}
COMMAND: POST /session/7455601dddc232b6deafc0d190a18b4e/execute/sync - {"script":"<script> [56 bytes]","args":[{"element-6066-11e4-a52e-4f735466cecf":"f.8E6BFA2ED3A3A2D86F199707E5BEEB8B.d.706F0E08717D21353C2A563AC94718BE.e.14258","ELEMENT":"f.8E6BFA2ED3A3A2D86F199707E5BEEB8B.d.706F0E08717D21353C2A563AC94718BE.e.14258"}]}
RESULT: {}
RESULT: {"script":"<script> [56 bytes]","args":[{"element-6066-11e4-a52e-4f735466cecf":"f.8E6BFA2ED3A3A2D86F199707E5BEEB8B.d.706F0E08717D21353C2A563AC94718BE.e.14258","ELEMENT":"f.8E6BFA2ED3A3A2D86F199707E5BEEB8B.d.706F0E08717D21353C2A563AC94718BE.e.14258"}]}
COMMAND: POST /session/7455601dddc232b6deafc0d190a18b4e/element - {"using":"xpath","value":"//td[@aria-colindex=\"1\"]/div/div[contains(@class, \"sapMCbBg\")]"}
COMMAND: GET /session/7455601dddc232b6deafc0d190a18b4e/screenshot - {}
RESULT: {"using":"xpath","value":"//td[@aria-colindex=\"1\"]/div/div[contains(@class, \"sapMCbBg\")]"}
COMMAND: POST /session/7455601dddc232b6deafc0d190a18b4e/element/f.8E6BFA2ED3A3A2D86F199707E5BEEB8B.d.706F0E08717D21353C2A563AC94718BE.e.14276/click - {}
RESULT: {}
RESULT: {}
COMMAND: GET /session/7455601dddc232b6deafc0d190a18b4e/screenshot - {}
RESULT: {}
COMMAND: POST /session/7455601dddc232b6deafc0d190a18b4e/element - {"using":"xpath","value":"//bdi[text()=\"Transfer\"]"}
RESULT: {"using":"xpath","value":"//bdi[text()=\"Transfer\"]"}
COMMAND: POST /session/7455601dddc232b6deafc0d190a18b4e/element/f.8E6BFA2ED3A3A2D86F199707E5BEEB8B.d.706F0E08717D21353C2A563AC94718BE.e.14277/click - {}
RESULT: {}
COMMAND: GET /session/7455601dddc232b6deafc0d190a18b4e/screenshot - {}
RESULT: {}
COMMAND: POST /session/7455601dddc232b6deafc0d190a18b4e/element - {"using":"xpath","value":"//bdi[contains(text(), \"OK\")]"}
RESULT: {"using":"xpath","value":"//bdi[contains(text(), \"OK\")]"}
COMMAND: POST /session/7455601dddc232b6deafc0d190a18b4e/element/f.8E6BFA2ED3A3A2D86F199707E5BEEB8B.d.706F0E08717D21353C2A563AC94718BE.e.14280/click - {}
RESULT: {}
COMMAND: GET /session/7455601dddc232b6deafc0d190a18b4e/screenshot - {}
RESULT: {}
COMMAND: POST /session/7455601dddc232b6deafc0d190a18b4e/element - {"using":"xpath","value":"(//span[contains(text(), \"Completed\")]/parent::div/preceding-sibling::div/span)[1]"}
RESULT: {"using":"xpath","value":"(//span[contains(text(), \"Completed\")]/parent::div/preceding-sibling::div/span)[1]"}
COMMAND: POST /session/7455601dddc232b6deafc0d190a18b4e/element/f.8E6BFA2ED3A3A2D86F199707E5BEEB8B.d.706F0E08717D21353C2A563AC94718BE.e.14288/click - {}
RESULT: {}
COMMAND: POST /session/7455601dddc232b6deafc0d190a18b4e/element - {"using":"xpath","value":"//input[contains(@id ,\"application-billingtransfer-display-component---billingWorkbench--smartFilterBar-btnBasicSearch\")]"}
COMMAND: GET /session/7455601dddc232b6deafc0d190a18b4e/screenshot - {}
RESULT: {"using":"xpath","value":"//input[contains(@id ,\"application-billingtransfer-display-component---billingWorkbench--smartFilterBar-btnBasicSearch\")]"}
COMMAND: POST /session/7455601dddc232b6deafc0d190a18b4e/elements - {"using":"xpath","value":"//input[contains(@id ,\"application-billingtransfer-display-component---billingWorkbench--smartFilterBar-btnBasicSearch\")]"}
RESULT: {}
RESULT: {"using":"xpath","value":"//input[contains(@id ,\"application-billingtransfer-display-component---billingWorkbench--smartFilterBar-btnBasicSearch\")]"}
COMMAND: POST /session/7455601dddc232b6deafc0d190a18b4e/execute/sync - {"script":"<script> [8489 bytes]","args":[{"element-6066-11e4-a52e-4f735466cecf":"f.8E6BFA2ED3A3A2D86F199707E5BEEB8B.d.706F0E08717D21353C2A563AC94718BE.e.14109","ELEMENT":"f.8E6BFA2ED3A3A2D86F199707E5BEEB8B.d.706F0E08717D21353C2A563AC94718BE.e.14109"}]}
RESULT: {"script":"<script> [8489 bytes]","args":[{"element-6066-11e4-a52e-4f735466cecf":"f.8E6BFA2ED3A3A2D86F199707E5BEEB8B.d.706F0E08717D21353C2A563AC94718BE.e.14109","ELEMENT":"f.8E6BFA2ED3A3A2D86F199707E5BEEB8B.d.706F0E08717D21353C2A563AC94718BE.e.14109"}]}
COMMAND: GET /session/7455601dddc232b6deafc0d190a18b4e/element/f.8E6BFA2ED3A3A2D86F199707E5BEEB8B.d.706F0E08717D21353C2A563AC94718BE.e.14109/enabled - {}
COMMAND: GET /session/7455601dddc232b6deafc0d190a18b4e/screenshot - {}
RESULT: {}
COMMAND: POST /session/7455601dddc232b6deafc0d190a18b4e/element/f.8E6BFA2ED3A3A2D86F199707E5BEEB8B.d.706F0E08717D21353C2A563AC94718BE.e.14109/click - {}
COMMAND: GET /session/7455601dddc232b6deafc0d190a18b4e/screenshot - {}
RESULT: {}
RESULT: {}
COMMAND: GET /session/7455601dddc232b6deafc0d190a18b4e/screenshot - {}
RESULT: {}
RESULT: {}
COMMAND: POST /session/7455601dddc232b6deafc0d190a18b4e/element/f.8E6BFA2ED3A3A2D86F199707E5BEEB8B.d.706F0E08717D21353C2A563AC94718BE.e.14109/clear - {}
RESULT: {}
COMMAND: POST /session/7455601dddc232b6deafc0d190a18b4e/element/f.8E6BFA2ED3A3A2D86F199707E5BEEB8B.d.706F0E08717D21353C2A563AC94718BE.e.14109/value - {"text":"10319"}
COMMAND: GET /session/7455601dddc232b6deafc0d190a18b4e/screenshot - {}
RESULT: {"text":"10319"}
COMMAND: POST /session/7455601dddc232b6deafc0d190a18b4e/actions - {"actions":[{"id":"action41","type":"key","parameters":{},"actions":[{"type":"keyDown","value":""},{"type":"pause","duration":10},{"type":"keyUp","value":""}]}]}
COMMAND: GET /session/7455601dddc232b6deafc0d190a18b4e/screenshot - {}
RESULT: {}
RESULT: {"actions":[{"id":"action41","type":"key","parameters":{},"actions":[{"type":"keyDown","value":""},{"type":"pause","duration":10},{"type":"keyUp","value":""}]}]}
COMMAND: GET /session/7455601dddc232b6deafc0d190a18b4e/screenshot - {}
RESULT: {}
RESULT: {}
COMMAND: POST /session/7455601dddc232b6deafc0d190a18b4e/element - {"using":"xpath","value":"//span[contains(@id ,\"application-billingtransfer-display-component---billingWorkbench--smartTableBillingRuns-header-inner\")]"}
RESULT: {"using":"xpath","value":"//span[contains(@id ,\"application-billingtransfer-display-component---billingWorkbench--smartTableBillingRuns-header-inner\")]"}
COMMAND: POST /session/7455601dddc232b6deafc0d190a18b4e/elements - {"using":"xpath","value":"//span[contains(@id ,\"application-billingtransfer-display-component---billingWorkbench--smartTableBillingRuns-header-inner\")]"}
RESULT: {"using":"xpath","value":"//span[contains(@id ,\"application-billingtransfer-display-component---billingWorkbench--smartTableBillingRuns-header-inner\")]"}
COMMAND: POST /session/7455601dddc232b6deafc0d190a18b4e/execute/sync - {"script":"<script> [56 bytes]","args":[{"element-6066-11e4-a52e-4f735466cecf":"f.8E6BFA2ED3A3A2D86F199707E5BEEB8B.d.706F0E08717D21353C2A563AC94718BE.e.14258","ELEMENT":"f.8E6BFA2ED3A3A2D86F199707E5BEEB8B.d.706F0E08717D21353C2A563AC94718BE.e.14258"}]}
RESULT: {"script":"<script> [56 bytes]","args":[{"element-6066-11e4-a52e-4f735466cecf":"f.8E6BFA2ED3A3A2D86F199707E5BEEB8B.d.706F0E08717D21353C2A563AC94718BE.e.14258","ELEMENT":"f.8E6BFA2ED3A3A2D86F199707E5BEEB8B.d.706F0E08717D21353C2A563AC94718BE.e.14258"}]}
COMMAND: GET /session/7455601dddc232b6deafc0d190a18b4e/screenshot - {}
RESULT: {}
COMMAND: POST /session/7455601dddc232b6deafc0d190a18b4e/execute/sync - {"script":"<script> [56 bytes]","args":[{"element-6066-11e4-a52e-4f735466cecf":"f.8E6BFA2ED3A3A2D86F199707E5BEEB8B.d.706F0E08717D21353C2A563AC94718BE.e.14258","ELEMENT":"f.8E6BFA2ED3A3A2D86F199707E5BEEB8B.d.706F0E08717D21353C2A563AC94718BE.e.14258"}]}
RESULT: {"script":"<script> [56 bytes]","args":[{"element-6066-11e4-a52e-4f735466cecf":"f.8E6BFA2ED3A3A2D86F199707E5BEEB8B.d.706F0E08717D21353C2A563AC94718BE.e.14258","ELEMENT":"f.8E6BFA2ED3A3A2D86F199707E5BEEB8B.d.706F0E08717D21353C2A563AC94718BE.e.14258"}]}
COMMAND: GET /session/7455601dddc232b6deafc0d190a18b4e/screenshot - {}
RESULT: {}
COMMAND: POST /session/7455601dddc232b6deafc0d190a18b4e/execute/sync - {"script":"<script> [56 bytes]","args":[{"element-6066-11e4-a52e-4f735466cecf":"f.8E6BFA2ED3A3A2D86F199707E5BEEB8B.d.706F0E08717D21353C2A563AC94718BE.e.14258","ELEMENT":"f.8E6BFA2ED3A3A2D86F199707E5BEEB8B.d.706F0E08717D21353C2A563AC94718BE.e.14258"}]}
RESULT: {"script":"<script> [56 bytes]","args":[{"element-6066-11e4-a52e-4f735466cecf":"f.8E6BFA2ED3A3A2D86F199707E5BEEB8B.d.706F0E08717D21353C2A563AC94718BE.e.14258","ELEMENT":"f.8E6BFA2ED3A3A2D86F199707E5BEEB8B.d.706F0E08717D21353C2A563AC94718BE.e.14258"}]}
COMMAND: GET /session/7455601dddc232b6deafc0d190a18b4e/screenshot - {}
RESULT: {}
COMMAND: POST /session/7455601dddc232b6deafc0d190a18b4e/execute/sync - {"script":"<script> [56 bytes]","args":[{"element-6066-11e4-a52e-4f735466cecf":"f.8E6BFA2ED3A3A2D86F199707E5BEEB8B.d.706F0E08717D21353C2A563AC94718BE.e.14258","ELEMENT":"f.8E6BFA2ED3A3A2D86F199707E5BEEB8B.d.706F0E08717D21353C2A563AC94718BE.e.14258"}]}
RESULT: {"script":"<script> [56 bytes]","args":[{"element-6066-11e4-a52e-4f735466cecf":"f.8E6BFA2ED3A3A2D86F199707E5BEEB8B.d.706F0E08717D21353C2A563AC94718BE.e.14258","ELEMENT":"f.8E6BFA2ED3A3A2D86F199707E5BEEB8B.d.706F0E08717D21353C2A563AC94718BE.e.14258"}]}
COMMAND: GET /session/7455601dddc232b6deafc0d190a18b4e/screenshot - {}
COMMAND: POST /session/7455601dddc232b6deafc0d190a18b4e/execute/sync - {"script":"<script> [56 bytes]","args":[{"element-6066-11e4-a52e-4f735466cecf":"f.8E6BFA2ED3A3A2D86F199707E5BEEB8B.d.706F0E08717D21353C2A563AC94718BE.e.14258","ELEMENT":"f.8E6BFA2ED3A3A2D86F199707E5BEEB8B.d.706F0E08717D21353C2A563AC94718BE.e.14258"}]}
RESULT: {}
RESULT: {"script":"<script> [56 bytes]","args":[{"element-6066-11e4-a52e-4f735466cecf":"f.8E6BFA2ED3A3A2D86F199707E5BEEB8B.d.706F0E08717D21353C2A563AC94718BE.e.14258","ELEMENT":"f.8E6BFA2ED3A3A2D86F199707E5BEEB8B.d.706F0E08717D21353C2A563AC94718BE.e.14258"}]}
COMMAND: POST /session/7455601dddc232b6deafc0d190a18b4e/element - {"using":"css selector","value":"#shell-header-logo"}
COMMAND: GET /session/7455601dddc232b6deafc0d190a18b4e/screenshot - {}
RESULT: {"using":"css selector","value":"#shell-header-logo"}
COMMAND: POST /session/7455601dddc232b6deafc0d190a18b4e/element/f.8E6BFA2ED3A3A2D86F199707E5BEEB8B.d.706F0E08717D21353C2A563AC94718BE.e.14107/click - {}
RESULT: {}
RESULT: {}
COMMAND: GET /session/7455601dddc232b6deafc0d190a18b4e/screenshot - {}
RESULT: {}
COMMAND: POST /session/7455601dddc232b6deafc0d190a18b4e/element - {"using":"css selector","value":"#j_username"}
COMMAND: POST /session/7455601dddc232b6deafc0d190a18b4e/url - {"url":"https://qa-testing-00-live-etm-ui.cfapps.eu10-004.hana.ondemand.com/"}
RESULT: {"using":"css selector","value":"#j_username"}
COMMAND: POST /session/7455601dddc232b6deafc0d190a18b4e/element - {"using":"css selector","value":"#j_username"}
RESULT: {"url":"https://qa-testing-00-live-etm-ui.cfapps.eu10-004.hana.ondemand.com/"}
RESULT: undefined
COMMAND: GET /session/7455601dddc232b6deafc0d190a18b4e/screenshot - {}
RESULT: {"using":"css selector","value":"#j_username"}
COMMAND: POST /session/7455601dddc232b6deafc0d190a18b4e/element - {"using":"css selector","value":"#shell-header-logo"}
RESULT: {}
RESULT: {"using":"css selector","value":"#shell-header-logo"}
COMMAND: POST /session/7455601dddc232b6deafc0d190a18b4e/execute/sync - {"script":"<script> [8489 bytes]","args":[{"element-6066-11e4-a52e-4f735466cecf":"f.8E6BFA2ED3A3A2D86F199707E5BEEB8B.d.6FBE3645D85CB424C36F7A532DA8F48D.e.14298","ELEMENT":"f.8E6BFA2ED3A3A2D86F199707E5BEEB8B.d.6FBE3645D85CB424C36F7A532DA8F48D.e.14298"}]}
RESULT: {"script":"<script> [8489 bytes]","args":[{"element-6066-11e4-a52e-4f735466cecf":"f.8E6BFA2ED3A3A2D86F199707E5BEEB8B.d.6FBE3645D85CB424C36F7A532DA8F48D.e.14298","ELEMENT":"f.8E6BFA2ED3A3A2D86F199707E5BEEB8B.d.6FBE3645D85CB424C36F7A532DA8F48D.e.14298"}]}
COMMAND: POST /session/7455601dddc232b6deafc0d190a18b4e/element - {"using":"css selector","value":"#shell-header-logo"}
COMMAND: GET /session/7455601dddc232b6deafc0d190a18b4e/screenshot - {}
RESULT: {"using":"css selector","value":"#shell-header-logo"}
COMMAND: POST /session/7455601dddc232b6deafc0d190a18b4e/execute/sync - {"script":"<script> [8489 bytes]","args":[{"element-6066-11e4-a52e-4f735466cecf":"f.8E6BFA2ED3A3A2D86F199707E5BEEB8B.d.6FBE3645D85CB424C36F7A532DA8F48D.e.14298","ELEMENT":"f.8E6BFA2ED3A3A2D86F199707E5BEEB8B.d.6FBE3645D85CB424C36F7A532DA8F48D.e.14298"}]}
RESULT: {}
RESULT: {"script":"<script> [8489 bytes]","args":[{"element-6066-11e4-a52e-4f735466cecf":"f.8E6BFA2ED3A3A2D86F199707E5BEEB8B.d.6FBE3645D85CB424C36F7A532DA8F48D.e.14298","ELEMENT":"f.8E6BFA2ED3A3A2D86F199707E5BEEB8B.d.6FBE3645D85CB424C36F7A532DA8F48D.e.14298"}]}
COMMAND: POST /session/7455601dddc232b6deafc0d190a18b4e/execute/sync - {"script":"<script> [5351 bytes]","args":[{"element-6066-11e4-a52e-4f735466cecf":"f.8E6BFA2ED3A3A2D86F199707E5BEEB8B.d.6FBE3645D85CB424C36F7A532DA8F48D.e.14298","ELEMENT":"f.8E6BFA2ED3A3A2D86F199707E5BEEB8B.d.6FBE3645D85CB424C36F7A532DA8F48D.e.14298"}]}
COMMAND: GET /session/7455601dddc232b6deafc0d190a18b4e/screenshot - {}
RESULT: {"script":"<script> [5351 bytes]","args":[{"element-6066-11e4-a52e-4f735466cecf":"f.8E6BFA2ED3A3A2D86F199707E5BEEB8B.d.6FBE3645D85CB424C36F7A532DA8F48D.e.14298","ELEMENT":"f.8E6BFA2ED3A3A2D86F199707E5BEEB8B.d.6FBE3645D85CB424C36F7A532DA8F48D.e.14298"}]}
COMMAND: POST /session/7455601dddc232b6deafc0d190a18b4e/element - {"using":"css selector","value":"#shell-header-logo"}
COMMAND: GET /session/7455601dddc232b6deafc0d190a18b4e/screenshot - {}
RESULT: {}
RESULT: {"using":"css selector","value":"#shell-header-logo"}
COMMAND: POST /session/7455601dddc232b6deafc0d190a18b4e/element/f.8E6BFA2ED3A3A2D86F199707E5BEEB8B.d.6FBE3645D85CB424C36F7A532DA8F48D.e.14298/click - {}
RESULT: {}
RESULT: {}
COMMAND: GET /session/7455601dddc232b6deafc0d190a18b4e/screenshot - {}
RESULT: {}
COMMAND: POST /session/7455601dddc232b6deafc0d190a18b4e/execute/async - {"script":"<script> [189 bytes]","args":[]}
RESULT: {"script":"<script> [189 bytes]","args":[]}
COMMAND: POST /session/7455601dddc232b6deafc0d190a18b4e/execute/async - {"script":"<script> [123 bytes]","args":[]}
RESULT: {"script":"<script> [123 bytes]","args":[]}
COMMAND: POST /session/7455601dddc232b6deafc0d190a18b4e/timeouts - {"script":"<number>"}
RESULT: {"script":"<number>"}
COMMAND: GET /session/7455601dddc232b6deafc0d190a18b4e/timeouts - {}
RESULT: {}
RESULT: undefined
COMMAND: POST /session/7455601dddc232b6deafc0d190a18b4e/execute/async - {"script":"<script> [2676 bytes]","args":[]}
RESULT: {"script":"<script> [2676 bytes]","args":[]}
COMMAND: POST /session/7455601dddc232b6deafc0d190a18b4e/execute/async - {"script":"<script> [2342 bytes]","args":[{"protocol":"http","hostname":"0.0.0.0","path":"/","capabilities":{"browserName":"chrome","goog:chromeOptions":{"binary":"C:\\Program Files\\Google\\Chrome\\Application\\chrome.exe","args":["--start-maximized"]}},"logLevel":"warn","connectionRetryTimeout":120000,"connectionRetryCount":3,"logLevels":{},"enableDirectConnect":true,"strictSSL":true,"_":"65 more keys: [\"cacheDir\",\"port\",\"requestedCapabilities\",\"automationProtocol\",\"baseUrl\",\"waitforInterval\",\"waitforTimeout\",\"onReload\",\"beforeCommand\",\"afterCommand\",\"rootDir\",\"specs\",\"suites\",\"exclude\",\"groupLogsByTestSpec\",\"excludeDriverLogs\",\"bail\",\"framework\",\"reporters\",\"services\",\"maxInstances\",\"maxInstancesPerCapability\",\"injectGlobals\",\"filesToWatch\",\"execArgv\",\"runnerEnv\",\"runner\",\"shard\",\"specFileRetries\",\"specFileRetriesDelay\",\"specFileRetriesDeferred\",\"reporterSyncInterval\",\"reporterSyncTimeout\",\"cucumberFeaturesWithLineNumbers\",\"autoCompileOpts\",\"mochaOpts\",\"jasmineOpts\",\"cucumberOpts\",\"onPrepare\",\"onWorkerStart\",\"onWorkerEnd\",\"before\",\"beforeSession\",\"beforeSuite\",\"beforeHook\",\"beforeTest\",\"afterTest\",\"afterHook\",\"afterSuite\",\"afterSession\",\"after\",\"onComplete\",\"beforeAssertion\",\"afterAssertion\",\"beforeFeature\",\"beforeScenario\",\"beforeStep\",\"afterStep\",\"afterScenario\",\"afterFeature\",\"_\",\"suite\",\"$0\",\"ignoredWorkerServices\",\"wdi5\"]"}]}
RESULT: {"script":"<script> [2342 bytes]","args":[{"protocol":"http","hostname":"0.0.0.0","path":"/","capabilities":{"browserName":"chrome","goog:chromeOptions":{"binary":"C:\\Program Files\\Google\\Chrome\\Application\\chrome.exe","args":["--start-maximized"]}},"logLevel":"warn","connectionRetryTimeout":120000,"connectionRetryCount":3,"logLevels":{},"enableDirectConnect":true,"strictSSL":true,"_":"65 more keys: [\"cacheDir\",\"port\",\"requestedCapabilities\",\"automationProtocol\",\"baseUrl\",\"waitforInterval\",\"waitforTimeout\",\"onReload\",\"beforeCommand\",\"afterCommand\",\"rootDir\",\"specs\",\"suites\",\"exclude\",\"groupLogsByTestSpec\",\"excludeDriverLogs\",\"bail\",\"framework\",\"reporters\",\"services\",\"maxInstances\",\"maxInstancesPerCapability\",\"injectGlobals\",\"filesToWatch\",\"execArgv\",\"runnerEnv\",\"runner\",\"shard\",\"specFileRetries\",\"specFileRetriesDelay\",\"specFileRetriesDeferred\",\"reporterSyncInterval\",\"reporterSyncTimeout\",\"cucumberFeaturesWithLineNumbers\",\"autoCompileOpts\",\"mochaOpts\",\"jasmineOpts\",\"cucumberOpts\",\"onPrepare\",\"onWorkerStart\",\"onWorkerEnd\",\"before\",\"beforeSession\",\"beforeSuite\",\"beforeHook\",\"beforeTest\",\"afterTest\",\"afterHook\",\"afterSuite\",\"afterSession\",\"after\",\"onComplete\",\"beforeAssertion\",\"afterAssertion\",\"beforeFeature\",\"beforeScenario\",\"beforeStep\",\"afterStep\",\"afterScenario\",\"afterFeature\",\"_\",\"suite\",\"$0\",\"ignoredWorkerServices\",\"wdi5\"]"}]}
COMMAND: POST /session/7455601dddc232b6deafc0d190a18b4e/execute/async - {"script":"<script> [21126 bytes]","args":[35000]}
RESULT: {"script":"<script> [21126 bytes]","args":[35000]}
COMMAND: POST /session/7455601dddc232b6deafc0d190a18b4e/window/maximize - {}
RESULT: {}
COMMAND: POST /session/7455601dddc232b6deafc0d190a18b4e/execute/async - {"script":"<script> [1562 bytes]","args":[{"selector":{"id":"shell-header","interaction":{"idSuffix":"icon"}},"wdio_ui5_key":"shellheader"}]}
COMMAND: GET /session/7455601dddc232b6deafc0d190a18b4e/screenshot - {}
RESULT: {"script":"<script> [1562 bytes]","args":[{"selector":{"id":"shell-header","interaction":{"idSuffix":"icon"}},"wdio_ui5_key":"shellheader"}]}
RESULT: undefined
COMMAND: POST /session/7455601dddc232b6deafc0d190a18b4e/refresh - {}
RESULT: {}
RESULT: {}
COMMAND: GET /session/7455601dddc232b6deafc0d190a18b4e/screenshot - {}
RESULT: {}
COMMAND: POST /session/7455601dddc232b6deafc0d190a18b4e/refresh - {}
RESULT: {}
COMMAND: GET /session/7455601dddc232b6deafc0d190a18b4e/screenshot - {}
RESULT: {}
COMMAND: POST /session/7455601dddc232b6deafc0d190a18b4e/window/fullscreen - {}
RESULT: {}
COMMAND: POST /session/7455601dddc232b6deafc0d190a18b4e/execute/async - {"script":"<script> [189 bytes]","args":[]}
RESULT: {"script":"<script> [189 bytes]","args":[]}
COMMAND: POST /session/7455601dddc232b6deafc0d190a18b4e/execute/async - {"script":"<script> [123 bytes]","args":[]}
RESULT: {"script":"<script> [123 bytes]","args":[]}
COMMAND: POST /session/7455601dddc232b6deafc0d190a18b4e/timeouts - {"script":"<number>"}
RESULT: {"script":"<number>"}
COMMAND: GET /session/7455601dddc232b6deafc0d190a18b4e/timeouts - {}
RESULT: {}
RESULT: undefined
COMMAND: POST /session/7455601dddc232b6deafc0d190a18b4e/execute/async - {"script":"<script> [2676 bytes]","args":[]}
RESULT: {"script":"<script> [2676 bytes]","args":[]}
COMMAND: POST /session/7455601dddc232b6deafc0d190a18b4e/execute/async - {"script":"<script> [2342 bytes]","args":[{"protocol":"http","hostname":"0.0.0.0","path":"/","capabilities":{"browserName":"chrome","goog:chromeOptions":{"binary":"C:\\Program Files\\Google\\Chrome\\Application\\chrome.exe","args":["--start-maximized"]}},"logLevel":"warn","connectionRetryTimeout":120000,"connectionRetryCount":3,"logLevels":{},"enableDirectConnect":true,"strictSSL":true,"_":"65 more keys: [\"cacheDir\",\"port\",\"requestedCapabilities\",\"automationProtocol\",\"baseUrl\",\"waitforInterval\",\"waitforTimeout\",\"onReload\",\"beforeCommand\",\"afterCommand\",\"rootDir\",\"specs\",\"suites\",\"exclude\",\"groupLogsByTestSpec\",\"excludeDriverLogs\",\"bail\",\"framework\",\"reporters\",\"services\",\"maxInstances\",\"maxInstancesPerCapability\",\"injectGlobals\",\"filesToWatch\",\"execArgv\",\"runnerEnv\",\"runner\",\"shard\",\"specFileRetries\",\"specFileRetriesDelay\",\"specFileRetriesDeferred\",\"reporterSyncInterval\",\"reporterSyncTimeout\",\"cucumberFeaturesWithLineNumbers\",\"autoCompileOpts\",\"mochaOpts\",\"jasmineOpts\",\"cucumberOpts\",\"onPrepare\",\"onWorkerStart\",\"onWorkerEnd\",\"before\",\"beforeSession\",\"beforeSuite\",\"beforeHook\",\"beforeTest\",\"afterTest\",\"afterHook\",\"afterSuite\",\"afterSession\",\"after\",\"onComplete\",\"beforeAssertion\",\"afterAssertion\",\"beforeFeature\",\"beforeScenario\",\"beforeStep\",\"afterStep\",\"afterScenario\",\"afterFeature\",\"_\",\"suite\",\"$0\",\"ignoredWorkerServices\",\"wdi5\"]"}]}
RESULT: {"script":"<script> [2342 bytes]","args":[{"protocol":"http","hostname":"0.0.0.0","path":"/","capabilities":{"browserName":"chrome","goog:chromeOptions":{"binary":"C:\\Program Files\\Google\\Chrome\\Application\\chrome.exe","args":["--start-maximized"]}},"logLevel":"warn","connectionRetryTimeout":120000,"connectionRetryCount":3,"logLevels":{},"enableDirectConnect":true,"strictSSL":true,"_":"65 more keys: [\"cacheDir\",\"port\",\"requestedCapabilities\",\"automationProtocol\",\"baseUrl\",\"waitforInterval\",\"waitforTimeout\",\"onReload\",\"beforeCommand\",\"afterCommand\",\"rootDir\",\"specs\",\"suites\",\"exclude\",\"groupLogsByTestSpec\",\"excludeDriverLogs\",\"bail\",\"framework\",\"reporters\",\"services\",\"maxInstances\",\"maxInstancesPerCapability\",\"injectGlobals\",\"filesToWatch\",\"execArgv\",\"runnerEnv\",\"runner\",\"shard\",\"specFileRetries\",\"specFileRetriesDelay\",\"specFileRetriesDeferred\",\"reporterSyncInterval\",\"reporterSyncTimeout\",\"cucumberFeaturesWithLineNumbers\",\"autoCompileOpts\",\"mochaOpts\",\"jasmineOpts\",\"cucumberOpts\",\"onPrepare\",\"onWorkerStart\",\"onWorkerEnd\",\"before\",\"beforeSession\",\"beforeSuite\",\"beforeHook\",\"beforeTest\",\"afterTest\",\"afterHook\",\"afterSuite\",\"afterSession\",\"after\",\"onComplete\",\"beforeAssertion\",\"afterAssertion\",\"beforeFeature\",\"beforeScenario\",\"beforeStep\",\"afterStep\",\"afterScenario\",\"afterFeature\",\"_\",\"suite\",\"$0\",\"ignoredWorkerServices\",\"wdi5\"]"}]}
COMMAND: POST /session/7455601dddc232b6deafc0d190a18b4e/execute/async - {"script":"<script> [21126 bytes]","args":[35000]}
RESULT: {"script":"<script> [21126 bytes]","args":[35000]}
]]></system-out>
    </testcase>
  </testsuite>
  <testsuite timestamp="2025-05-27T18:02:47" time="761.884" tests="12" failures="0" errors="0" skipped="0">
    <properties>
      <property name="specId" value="0"/>
      <property name="suiteName" value="Billing transfer US117289"/>
      <property name="capabilities" value="chrome.136_0_7103_93.windows"/>
      <property name="file" value="file:///D:/a/1/s/test/specs/BTS/billing-transfer.spec.js"/>
    </properties>
    <testcase classname="chrome.136_0_7103_93.windows.Billing_transfer_US117289" name="Should create a new yard" time="0.245">
      <system-out><![CDATA[
COMMAND: POST /session/7455601dddc232b6deafc0d190a18b4e/window/fullscreen - {}
RESULT: {}
]]></system-out>
    </testcase>
    <testcase classname="chrome.136_0_7103_93.windows.Billing_transfer_US117289" name="Should create a new partner" time="0.005"/>
    <testcase classname="chrome.136_0_7103_93.windows.Billing_transfer_US117289" name="Should create a new site" time="0.003"/>
    <testcase classname="chrome.136_0_7103_93.windows.Billing_transfer_US117289" name="Should create a new equipment" time="167.717">
      <system-out><![CDATA[
COMMAND: POST /session/7455601dddc232b6deafc0d190a18b4e/execute/async - {"script":"<script> [1562 bytes]","args":[{"selector":{"controlType":"sap.m.GenericTile","properties":{"header":"Manage Resources"}},"wdio_ui5_key":"sapm.GenericTile{\"header\":\"Manage Resources\"}"}]}
RESULT: {"script":"<script> [1562 bytes]","args":[{"selector":{"controlType":"sap.m.GenericTile","properties":{"header":"Manage Resources"}},"wdio_ui5_key":"sapm.GenericTile{\"header\":\"Manage Resources\"}"}]}
RESULT: undefined
COMMAND: POST /session/7455601dddc232b6deafc0d190a18b4e/element - {"using":"xpath","value":"//*[@id=\"__tile39\"]"}
RESULT: {"using":"xpath","value":"//*[@id=\"__tile39\"]"}
COMMAND: POST /session/7455601dddc232b6deafc0d190a18b4e/element/f.8E6BFA2ED3A3A2D86F199707E5BEEB8B.d.02DC0D45566FEE3161E31A8707BC0582.e.14461/click - {}
RESULT: {}
COMMAND: GET /session/7455601dddc232b6deafc0d190a18b4e/screenshot - {}
RESULT: {}
COMMAND: POST /session/7455601dddc232b6deafc0d190a18b4e/elements - {"using":"xpath","value":"//span[text()='Error']"}
RESULT: {"using":"xpath","value":"//span[text()='Error']"}
COMMAND: POST /session/7455601dddc232b6deafc0d190a18b4e/element - {"using":"xpath","value":"//button[@data-kt=\"addNewRUOverflowToolbarButton\"]"}
RESULT: {"using":"xpath","value":"//button[@data-kt=\"addNewRUOverflowToolbarButton\"]"}
COMMAND: POST /session/7455601dddc232b6deafc0d190a18b4e/elements - {"using":"xpath","value":"//button[@data-kt=\"addNewRUOverflowToolbarButton\"]"}
RESULT: {"using":"xpath","value":"//button[@data-kt=\"addNewRUOverflowToolbarButton\"]"}
COMMAND: POST /session/7455601dddc232b6deafc0d190a18b4e/execute/sync - {"script":"<script> [8489 bytes]","args":[{"element-6066-11e4-a52e-4f735466cecf":"f.8E6BFA2ED3A3A2D86F199707E5BEEB8B.d.02DC0D45566FEE3161E31A8707BC0582.e.14614","ELEMENT":"f.8E6BFA2ED3A3A2D86F199707E5BEEB8B.d.02DC0D45566FEE3161E31A8707BC0582.e.14614"}]}
RESULT: {"script":"<script> [8489 bytes]","args":[{"element-6066-11e4-a52e-4f735466cecf":"f.8E6BFA2ED3A3A2D86F199707E5BEEB8B.d.02DC0D45566FEE3161E31A8707BC0582.e.14614","ELEMENT":"f.8E6BFA2ED3A3A2D86F199707E5BEEB8B.d.02DC0D45566FEE3161E31A8707BC0582.e.14614"}]}
COMMAND: GET /session/7455601dddc232b6deafc0d190a18b4e/element/f.8E6BFA2ED3A3A2D86F199707E5BEEB8B.d.02DC0D45566FEE3161E31A8707BC0582.e.14614/enabled - {}
COMMAND: GET /session/7455601dddc232b6deafc0d190a18b4e/screenshot - {}
RESULT: {}
COMMAND: POST /session/7455601dddc232b6deafc0d190a18b4e/execute/sync - {"script":"<script> [8489 bytes]","args":[{"element-6066-11e4-a52e-4f735466cecf":"f.8E6BFA2ED3A3A2D86F199707E5BEEB8B.d.02DC0D45566FEE3161E31A8707BC0582.e.14614","ELEMENT":"f.8E6BFA2ED3A3A2D86F199707E5BEEB8B.d.02DC0D45566FEE3161E31A8707BC0582.e.14614"}]}
COMMAND: GET /session/7455601dddc232b6deafc0d190a18b4e/screenshot - {}
RESULT: {}
RESULT: {"script":"<script> [8489 bytes]","args":[{"element-6066-11e4-a52e-4f735466cecf":"f.8E6BFA2ED3A3A2D86F199707E5BEEB8B.d.02DC0D45566FEE3161E31A8707BC0582.e.14614","ELEMENT":"f.8E6BFA2ED3A3A2D86F199707E5BEEB8B.d.02DC0D45566FEE3161E31A8707BC0582.e.14614"}]}
COMMAND: POST /session/7455601dddc232b6deafc0d190a18b4e/execute/sync - {"script":"<script> [5351 bytes]","args":[{"element-6066-11e4-a52e-4f735466cecf":"f.8E6BFA2ED3A3A2D86F199707E5BEEB8B.d.02DC0D45566FEE3161E31A8707BC0582.e.14614","ELEMENT":"f.8E6BFA2ED3A3A2D86F199707E5BEEB8B.d.02DC0D45566FEE3161E31A8707BC0582.e.14614"}]}
COMMAND: GET /session/7455601dddc232b6deafc0d190a18b4e/screenshot - {}
RESULT: {}
RESULT: {"script":"<script> [5351 bytes]","args":[{"element-6066-11e4-a52e-4f735466cecf":"f.8E6BFA2ED3A3A2D86F199707E5BEEB8B.d.02DC0D45566FEE3161E31A8707BC0582.e.14614","ELEMENT":"f.8E6BFA2ED3A3A2D86F199707E5BEEB8B.d.02DC0D45566FEE3161E31A8707BC0582.e.14614"}]}
COMMAND: POST /session/7455601dddc232b6deafc0d190a18b4e/element/f.8E6BFA2ED3A3A2D86F199707E5BEEB8B.d.02DC0D45566FEE3161E31A8707BC0582.e.14614/click - {}
COMMAND: GET /session/7455601dddc232b6deafc0d190a18b4e/screenshot - {}
RESULT: {}
RESULT: {}
COMMAND: GET /session/7455601dddc232b6deafc0d190a18b4e/screenshot - {}
COMMAND: POST /session/7455601dddc232b6deafc0d190a18b4e/execute/async - {"script":"<script> [1562 bytes]","args":[{"selector":{"id":"application-manageresources-display-component---newResourceUnit--TYPE-arrow"},"wdio_ui5_key":"applicationmanageresources-display-component---newResourceUnit--TYPE-arrow"}]}
RESULT: {}
RESULT: {}
RESULT: {"script":"<script> [1562 bytes]","args":[{"selector":{"id":"application-manageresources-display-component---newResourceUnit--TYPE-arrow"},"wdio_ui5_key":"applicationmanageresources-display-component---newResourceUnit--TYPE-arrow"}]}
RESULT: undefined
COMMAND: POST /session/7455601dddc232b6deafc0d190a18b4e/element - {"using":"xpath","value":"//*[@id=\"application-manageresources-display-component---newResourceUnit--TYPE-arrow\"]"}
RESULT: {"using":"xpath","value":"//*[@id=\"application-manageresources-display-component---newResourceUnit--TYPE-arrow\"]"}
COMMAND: POST /session/7455601dddc232b6deafc0d190a18b4e/element/f.8E6BFA2ED3A3A2D86F199707E5BEEB8B.d.02DC0D45566FEE3161E31A8707BC0582.e.14958/click - {}
RESULT: {}
COMMAND: POST /session/7455601dddc232b6deafc0d190a18b4e/element - {"using":"xpath","value":"//input[@id=\"application-manageresources-display-component---newResourceUnit--TYPE-inner\"]"}
COMMAND: GET /session/7455601dddc232b6deafc0d190a18b4e/screenshot - {}
RESULT: {"using":"xpath","value":"//input[@id=\"application-manageresources-display-component---newResourceUnit--TYPE-inner\"]"}
COMMAND: POST /session/7455601dddc232b6deafc0d190a18b4e/element/f.8E6BFA2ED3A3A2D86F199707E5BEEB8B.d.02DC0D45566FEE3161E31A8707BC0582.e.14955/clear - {}
RESULT: {}
RESULT: {}
COMMAND: POST /session/7455601dddc232b6deafc0d190a18b4e/element/f.8E6BFA2ED3A3A2D86F199707E5BEEB8B.d.02DC0D45566FEE3161E31A8707BC0582.e.14955/value - {"text":"Equipment"}
COMMAND: GET /session/7455601dddc232b6deafc0d190a18b4e/screenshot - {}
RESULT: {"text":"Equipment"}
COMMAND: GET /session/7455601dddc232b6deafc0d190a18b4e/screenshot - {}
RESULT: {}
RESULT: {}
COMMAND: POST /session/7455601dddc232b6deafc0d190a18b4e/actions - {"actions":[{"id":"action42","type":"key","parameters":{},"actions":[{"type":"keyDown","value":""},{"type":"pause","duration":10},{"type":"keyUp","value":""}]}]}
RESULT: {"actions":[{"id":"action42","type":"key","parameters":{},"actions":[{"type":"keyDown","value":""},{"type":"pause","duration":10},{"type":"keyUp","value":""}]}]}
COMMAND: POST /session/7455601dddc232b6deafc0d190a18b4e/execute/async - {"script":"<script> [1562 bytes]","args":[{"selector":{"id":"application-manageresources-display-component---newResourceUnit--resourceId","interaction":{"idSuffix":"inner"}},"wdio_ui5_key":"applicationmanageresources-display-component---newResourceUnit--resourceId"}]}
COMMAND: GET /session/7455601dddc232b6deafc0d190a18b4e/screenshot - {}
RESULT: {"script":"<script> [1562 bytes]","args":[{"selector":{"id":"application-manageresources-display-component---newResourceUnit--resourceId","interaction":{"idSuffix":"inner"}},"wdio_ui5_key":"applicationmanageresources-display-component---newResourceUnit--resourceId"}]}
RESULT: undefined
COMMAND: POST /session/7455601dddc232b6deafc0d190a18b4e/execute/async - {"script":"<script> [776 bytes]","args":[{"enterText":"pqNwvRgzpv","selector":{"id":"application-manageresources-display-component---newResourceUnit--resourceId","interaction":{"idSuffix":"inner"}},"clearTextFirst":true,"interactionType":"ENTER_TEXT"}]}
RESULT: {}
RESULT: {"script":"<script> [776 bytes]","args":[{"enterText":"pqNwvRgzpv","selector":{"id":"application-manageresources-display-component---newResourceUnit--resourceId","interaction":{"idSuffix":"inner"}},"clearTextFirst":true,"interactionType":"ENTER_TEXT"}]}
COMMAND: POST /session/7455601dddc232b6deafc0d190a18b4e/execute/async - {"script":"<script> [1562 bytes]","args":[{"selector":{"id":"application-manageresources-display-component---newResourceUnit--SHORT_TEXT","interaction":{"idSuffix":"inner"}},"wdio_ui5_key":"applicationmanageresources-display-component---newResourceUnit--SHORT_TEXT"}]}
RESULT: {"script":"<script> [1562 bytes]","args":[{"selector":{"id":"application-manageresources-display-component---newResourceUnit--SHORT_TEXT","interaction":{"idSuffix":"inner"}},"wdio_ui5_key":"applicationmanageresources-display-component---newResourceUnit--SHORT_TEXT"}]}
RESULT: undefined
COMMAND: POST /session/7455601dddc232b6deafc0d190a18b4e/execute/async - {"script":"<script> [776 bytes]","args":[{"enterText":"Intercompany Equipment WDIO","selector":{"id":"application-manageresources-display-component---newResourceUnit--SHORT_TEXT","interaction":{"idSuffix":"inner"}},"clearTextFirst":true,"interactionType":"ENTER_TEXT"}]}
RESULT: {"script":"<script> [776 bytes]","args":[{"enterText":"Intercompany Equipment WDIO","selector":{"id":"application-manageresources-display-component---newResourceUnit--SHORT_TEXT","interaction":{"idSuffix":"inner"}},"clearTextFirst":true,"interactionType":"ENTER_TEXT"}]}
COMMAND: POST /session/7455601dddc232b6deafc0d190a18b4e/execute/async - {"script":"<script> [1562 bytes]","args":[{"selector":{"id":"application-manageresources-display-component---newResourceUnit--BASE_UNIT_OF_MEASURE","interaction":{"idSuffix":"inner"}},"wdio_ui5_key":"applicationmanageresources-display-component---newResourceUnit--BASE_UNIT_OF_MEASURE"}]}
RESULT: {"script":"<script> [1562 bytes]","args":[{"selector":{"id":"application-manageresources-display-component---newResourceUnit--BASE_UNIT_OF_MEASURE","interaction":{"idSuffix":"inner"}},"wdio_ui5_key":"applicationmanageresources-display-component---newResourceUnit--BASE_UNIT_OF_MEASURE"}]}
RESULT: undefined
COMMAND: POST /session/7455601dddc232b6deafc0d190a18b4e/execute/async - {"script":"<script> [776 bytes]","args":[{"enterText":"Piece","selector":{"id":"application-manageresources-display-component---newResourceUnit--BASE_UNIT_OF_MEASURE","interaction":{"idSuffix":"inner"}},"clearTextFirst":true,"interactionType":"ENTER_TEXT"}]}
RESULT: {"script":"<script> [776 bytes]","args":[{"enterText":"Piece","selector":{"id":"application-manageresources-display-component---newResourceUnit--BASE_UNIT_OF_MEASURE","interaction":{"idSuffix":"inner"}},"clearTextFirst":true,"interactionType":"ENTER_TEXT"}]}
COMMAND: POST /session/7455601dddc232b6deafc0d190a18b4e/execute/async - {"script":"<script> [1562 bytes]","args":[{"selector":{"id":"application-manageresources-display-component---newResourceUnit--WEIGHT_UNIT","interaction":{"idSuffix":"inner"}},"wdio_ui5_key":"applicationmanageresources-display-component---newResourceUnit--WEIGHT_UNIT"}]}
RESULT: {"script":"<script> [1562 bytes]","args":[{"selector":{"id":"application-manageresources-display-component---newResourceUnit--WEIGHT_UNIT","interaction":{"idSuffix":"inner"}},"wdio_ui5_key":"applicationmanageresources-display-component---newResourceUnit--WEIGHT_UNIT"}]}
RESULT: undefined
COMMAND: POST /session/7455601dddc232b6deafc0d190a18b4e/execute/async - {"script":"<script> [776 bytes]","args":[{"enterText":"Gram","selector":{"id":"application-manageresources-display-component---newResourceUnit--WEIGHT_UNIT","interaction":{"idSuffix":"inner"}},"clearTextFirst":true,"interactionType":"ENTER_TEXT"}]}
RESULT: {"script":"<script> [776 bytes]","args":[{"enterText":"Gram","selector":{"id":"application-manageresources-display-component---newResourceUnit--WEIGHT_UNIT","interaction":{"idSuffix":"inner"}},"clearTextFirst":true,"interactionType":"ENTER_TEXT"}]}
COMMAND: POST /session/7455601dddc232b6deafc0d190a18b4e/execute/async - {"script":"<script> [1562 bytes]","args":[{"selector":{"id":"application-manageresources-display-component---newResourceUnit--DIMENSION_UNIT","interaction":{"idSuffix":"inner"}},"wdio_ui5_key":"applicationmanageresources-display-component---newResourceUnit--DIMENSION_UNIT"}]}
RESULT: {"script":"<script> [1562 bytes]","args":[{"selector":{"id":"application-manageresources-display-component---newResourceUnit--DIMENSION_UNIT","interaction":{"idSuffix":"inner"}},"wdio_ui5_key":"applicationmanageresources-display-component---newResourceUnit--DIMENSION_UNIT"}]}
RESULT: undefined
COMMAND: POST /session/7455601dddc232b6deafc0d190a18b4e/execute/async - {"script":"<script> [776 bytes]","args":[{"enterText":"Meter","selector":{"id":"application-manageresources-display-component---newResourceUnit--DIMENSION_UNIT","interaction":{"idSuffix":"inner"}},"clearTextFirst":true,"interactionType":"ENTER_TEXT"}]}
RESULT: {"script":"<script> [776 bytes]","args":[{"enterText":"Meter","selector":{"id":"application-manageresources-display-component---newResourceUnit--DIMENSION_UNIT","interaction":{"idSuffix":"inner"}},"clearTextFirst":true,"interactionType":"ENTER_TEXT"}]}
COMMAND: POST /session/7455601dddc232b6deafc0d190a18b4e/execute/async - {"script":"<script> [1562 bytes]","args":[{"selector":{"id":"application-manageresources-display-component---newResourceUnit--newRRUPage-anchBar-application-manageresources-display-component---newResourceUnit--control-anchor","interaction":{"idSuffix":"BDI-content"}},"wdio_ui5_key":"applicationmanageresources-display-component---newResourceUnit--newRRUPage-anchBar-application-manageresources-display-component---newResourceUnit--control-anchor"}]}
RESULT: {"script":"<script> [1562 bytes]","args":[{"selector":{"id":"application-manageresources-display-component---newResourceUnit--newRRUPage-anchBar-application-manageresources-display-component---newResourceUnit--control-anchor","interaction":{"idSuffix":"BDI-content"}},"wdio_ui5_key":"applicationmanageresources-display-component---newResourceUnit--newRRUPage-anchBar-application-manageresources-display-component---newResourceUnit--control-anchor"}]}
RESULT: undefined
COMMAND: POST /session/7455601dddc232b6deafc0d190a18b4e/element - {"using":"xpath","value":"//*[@id=\"application-manageresources-display-component---newResourceUnit--newRRUPage-anchBar-application-manageresources-display-component---newResourceUnit--control-anchor\"]"}
RESULT: {"using":"xpath","value":"//*[@id=\"application-manageresources-display-component---newResourceUnit--newRRUPage-anchBar-application-manageresources-display-component---newResourceUnit--control-anchor\"]"}
COMMAND: POST /session/7455601dddc232b6deafc0d190a18b4e/element/f.8E6BFA2ED3A3A2D86F199707E5BEEB8B.d.02DC0D45566FEE3161E31A8707BC0582.e.15117/click - {}
RESULT: {}
COMMAND: POST /session/7455601dddc232b6deafc0d190a18b4e/execute/async - {"script":"<script> [1562 bytes]","args":[{"selector":{"id":"application-manageresources-display-component---newResourceUnit--PLANNING_GROUP","interaction":{"idSuffix":"inner"}},"wdio_ui5_key":"applicationmanageresources-display-component---newResourceUnit--PLANNING_GROUP"}]}
COMMAND: GET /session/7455601dddc232b6deafc0d190a18b4e/screenshot - {}
RESULT: {"script":"<script> [1562 bytes]","args":[{"selector":{"id":"application-manageresources-display-component---newResourceUnit--PLANNING_GROUP","interaction":{"idSuffix":"inner"}},"wdio_ui5_key":"applicationmanageresources-display-component---newResourceUnit--PLANNING_GROUP"}]}
RESULT: undefined
COMMAND: POST /session/7455601dddc232b6deafc0d190a18b4e/execute/async - {"script":"<script> [776 bytes]","args":[{"enterText":"Heavy Equi","selector":{"id":"application-manageresources-display-component---newResourceUnit--PLANNING_GROUP","interaction":{"idSuffix":"inner"}},"clearTextFirst":true,"interactionType":"ENTER_TEXT"}]}
RESULT: {}
RESULT: {"script":"<script> [776 bytes]","args":[{"enterText":"Heavy Equi","selector":{"id":"application-manageresources-display-component---newResourceUnit--PLANNING_GROUP","interaction":{"idSuffix":"inner"}},"clearTextFirst":true,"interactionType":"ENTER_TEXT"}]}
COMMAND: POST /session/7455601dddc232b6deafc0d190a18b4e/execute/async - {"script":"<script> [1562 bytes]","args":[{"selector":{"id":"application-manageresources-display-component---newResourceUnit--ITEM_TYPE-arrow"},"wdio_ui5_key":"applicationmanageresources-display-component---newResourceUnit--ITEM_TYPE-arrow"}]}
RESULT: {"script":"<script> [1562 bytes]","args":[{"selector":{"id":"application-manageresources-display-component---newResourceUnit--ITEM_TYPE-arrow"},"wdio_ui5_key":"applicationmanageresources-display-component---newResourceUnit--ITEM_TYPE-arrow"}]}
RESULT: undefined
COMMAND: POST /session/7455601dddc232b6deafc0d190a18b4e/element - {"using":"xpath","value":"//*[@id=\"application-manageresources-display-component---newResourceUnit--ITEM_TYPE-arrow\"]"}
RESULT: {"using":"xpath","value":"//*[@id=\"application-manageresources-display-component---newResourceUnit--ITEM_TYPE-arrow\"]"}
COMMAND: POST /session/7455601dddc232b6deafc0d190a18b4e/element/f.8E6BFA2ED3A3A2D86F199707E5BEEB8B.d.02DC0D45566FEE3161E31A8707BC0582.e.15126/click - {}
RESULT: {}
COMMAND: POST /session/7455601dddc232b6deafc0d190a18b4e/element - {"using":"xpath","value":"(//span[contains(text(), \"Resource Unit\")])[2]"}
COMMAND: GET /session/7455601dddc232b6deafc0d190a18b4e/screenshot - {}
RESULT: {"using":"xpath","value":"(//span[contains(text(), \"Resource Unit\")])[2]"}
COMMAND: POST /session/7455601dddc232b6deafc0d190a18b4e/element/f.8E6BFA2ED3A3A2D86F199707E5BEEB8B.d.02DC0D45566FEE3161E31A8707BC0582.e.15127/click - {}
RESULT: {}
RESULT: {}
COMMAND: GET /session/7455601dddc232b6deafc0d190a18b4e/screenshot - {}
RESULT: {}
COMMAND: POST /session/7455601dddc232b6deafc0d190a18b4e/element - {"using":"css selector","value":"#application-manageresources-display-component---newResourceUnit--btnAddTimeSegment"}
RESULT: {"using":"css selector","value":"#application-manageresources-display-component---newResourceUnit--btnAddTimeSegment"}
COMMAND: GET /session/7455601dddc232b6deafc0d190a18b4e/element/f.8E6BFA2ED3A3A2D86F199707E5BEEB8B.d.02DC0D45566FEE3161E31A8707BC0582.e.15134/rect - {}
RESULT: {}
COMMAND: GET /session/7455601dddc232b6deafc0d190a18b4e/window/rect - {}
RESULT: {}
COMMAND: POST /session/7455601dddc232b6deafc0d190a18b4e/execute/sync - {"script":"<script> [92 bytes]","args":[]}
RESULT: {"script":"<script> [92 bytes]","args":[]}
COMMAND: POST /session/7455601dddc232b6deafc0d190a18b4e/actions - {"actions":[{"id":"action43","type":"wheel","parameters":{},"actions":[{"type":"scroll","x":-1888,"y":-32,"deltaX":0,"deltaY":0,"duration":0,"origin":{"element-6066-11e4-a52e-4f735466cecf":"f.8E6BFA2ED3A3A2D86F199707E5BEEB8B.d.02DC0D45566FEE3161E31A8707BC0582.e.15134"}}]}]}
COMMAND: GET /session/7455601dddc232b6deafc0d190a18b4e/screenshot - {}
RESULT: {}
COMMAND: POST /session/7455601dddc232b6deafc0d190a18b4e/execute/sync - {"script":"<script> [79 bytes]","args":[{"element-6066-11e4-a52e-4f735466cecf":"f.8E6BFA2ED3A3A2D86F199707E5BEEB8B.d.02DC0D45566FEE3161E31A8707BC0582.e.15134","ELEMENT":"f.8E6BFA2ED3A3A2D86F199707E5BEEB8B.d.02DC0D45566FEE3161E31A8707BC0582.e.15134"},{"block":"start","inline":"nearest"}]}
RESULT: {"script":"<script> [79 bytes]","args":[{"element-6066-11e4-a52e-4f735466cecf":"f.8E6BFA2ED3A3A2D86F199707E5BEEB8B.d.02DC0D45566FEE3161E31A8707BC0582.e.15134","ELEMENT":"f.8E6BFA2ED3A3A2D86F199707E5BEEB8B.d.02DC0D45566FEE3161E31A8707BC0582.e.15134"},{"block":"start","inline":"nearest"}]}
COMMAND: POST /session/7455601dddc232b6deafc0d190a18b4e/execute/async - {"script":"<script> [1562 bytes]","args":[{"selector":{"id":"application-manageresources-display-component---newResourceUnit--btnAddTimeSegment","interaction":{"idSuffix":"inner"}},"wdio_ui5_key":"applicationmanageresources-display-component---newResourceUnit--btnAddTimeSegment"}]}
COMMAND: GET /session/7455601dddc232b6deafc0d190a18b4e/screenshot - {}
RESULT: {"script":"<script> [1562 bytes]","args":[{"selector":{"id":"application-manageresources-display-component---newResourceUnit--btnAddTimeSegment","interaction":{"idSuffix":"inner"}},"wdio_ui5_key":"applicationmanageresources-display-component---newResourceUnit--btnAddTimeSegment"}]}
RESULT: undefined
COMMAND: POST /session/7455601dddc232b6deafc0d190a18b4e/element - {"using":"xpath","value":"//*[@id=\"application-manageresources-display-component---newResourceUnit--btnAddTimeSegment\"]"}
RESULT: {}
RESULT: {"using":"xpath","value":"//*[@id=\"application-manageresources-display-component---newResourceUnit--btnAddTimeSegment\"]"}
COMMAND: POST /session/7455601dddc232b6deafc0d190a18b4e/element/f.8E6BFA2ED3A3A2D86F199707E5BEEB8B.d.02DC0D45566FEE3161E31A8707BC0582.e.15134/click - {}
RESULT: {}
COMMAND: GET /session/7455601dddc232b6deafc0d190a18b4e/screenshot - {}
RESULT: {}
COMMAND: POST /session/7455601dddc232b6deafc0d190a18b4e/element - {"using":"xpath","value":"//input[@id=\"application-manageresources-display-component---newResourceUnit--idRuTSAdmin-application-manageresources-display-component---newResourceUnit--RUTimeSegment-0-inner\"]"}
RESULT: {"using":"xpath","value":"//input[@id=\"application-manageresources-display-component---newResourceUnit--idRuTSAdmin-application-manageresources-display-component---newResourceUnit--RUTimeSegment-0-inner\"]"}
COMMAND: POST /session/7455601dddc232b6deafc0d190a18b4e/element/f.8E6BFA2ED3A3A2D86F199707E5BEEB8B.d.02DC0D45566FEE3161E31A8707BC0582.e.15140/clear - {}
RESULT: {}
COMMAND: POST /session/7455601dddc232b6deafc0d190a18b4e/element/f.8E6BFA2ED3A3A2D86F199707E5BEEB8B.d.02DC0D45566FEE3161E31A8707BC0582.e.15140/value - {"text":"400"}
COMMAND: GET /session/7455601dddc232b6deafc0d190a18b4e/screenshot - {}
RESULT: {"text":"400"}
COMMAND: GET /session/7455601dddc232b6deafc0d190a18b4e/screenshot - {}
RESULT: {}
RESULT: {}
COMMAND: POST /session/7455601dddc232b6deafc0d190a18b4e/element - {"using":"xpath","value":"//li[.//span[text()='400']]"}
RESULT: {"using":"xpath","value":"//li[.//span[text()='400']]"}
COMMAND: POST /session/7455601dddc232b6deafc0d190a18b4e/element/f.8E6BFA2ED3A3A2D86F199707E5BEEB8B.d.02DC0D45566FEE3161E31A8707BC0582.e.15153/click - {}
RESULT: {}
COMMAND: GET /session/7455601dddc232b6deafc0d190a18b4e/screenshot - {}
RESULT: {}
COMMAND: POST /session/7455601dddc232b6deafc0d190a18b4e/element - {"using":"xpath","value":"(//span[contains(@id, \"-application-manageresources-display-component---newResourceUnit--RUTimeSegment-0-arrow\")])[6]"}
RESULT: {"using":"xpath","value":"(//span[contains(@id, \"-application-manageresources-display-component---newResourceUnit--RUTimeSegment-0-arrow\")])[6]"}
COMMAND: POST /session/7455601dddc232b6deafc0d190a18b4e/element/f.8E6BFA2ED3A3A2D86F199707E5BEEB8B.d.02DC0D45566FEE3161E31A8707BC0582.e.15154/click - {}
RESULT: {}
COMMAND: GET /session/7455601dddc232b6deafc0d190a18b4e/screenshot - {}
RESULT: {}
COMMAND: POST /session/7455601dddc232b6deafc0d190a18b4e/element - {"using":"xpath","value":"//span[contains(text(), \"PM Order\")]"}
RESULT: {"using":"xpath","value":"//span[contains(text(), \"PM Order\")]"}
COMMAND: POST /session/7455601dddc232b6deafc0d190a18b4e/element/f.8E6BFA2ED3A3A2D86F199707E5BEEB8B.d.02DC0D45566FEE3161E31A8707BC0582.e.15157/click - {}
RESULT: {}
COMMAND: GET /session/7455601dddc232b6deafc0d190a18b4e/screenshot - {}
RESULT: {}
COMMAND: POST /session/7455601dddc232b6deafc0d190a18b4e/element - {"using":"xpath","value":"(//span[contains(@id ,\"manageresources-display-component---newResourceUnit--RUTimeSegment-0-vhi\")])[1]"}
RESULT: {"using":"xpath","value":"(//span[contains(@id ,\"manageresources-display-component---newResourceUnit--RUTimeSegment-0-vhi\")])[1]"}
COMMAND: GET /session/7455601dddc232b6deafc0d190a18b4e/element/f.8E6BFA2ED3A3A2D86F199707E5BEEB8B.d.02DC0D45566FEE3161E31A8707BC0582.e.15161/rect - {}
RESULT: {}
COMMAND: GET /session/7455601dddc232b6deafc0d190a18b4e/window/rect - {}
RESULT: {}
COMMAND: POST /session/7455601dddc232b6deafc0d190a18b4e/execute/sync - {"script":"<script> [92 bytes]","args":[]}
RESULT: {"script":"<script> [92 bytes]","args":[]}
COMMAND: POST /session/7455601dddc232b6deafc0d190a18b4e/actions - {"actions":[{"id":"action44","type":"wheel","parameters":{},"actions":[{"type":"scroll","x":-869,"y":-24,"deltaX":0,"deltaY":0,"duration":0,"origin":{"element-6066-11e4-a52e-4f735466cecf":"f.8E6BFA2ED3A3A2D86F199707E5BEEB8B.d.02DC0D45566FEE3161E31A8707BC0582.e.15161"}}]}]}
COMMAND: GET /session/7455601dddc232b6deafc0d190a18b4e/screenshot - {}
RESULT: {"actions":[{"id":"action44","type":"wheel","parameters":{},"actions":[{"type":"scroll","x":-869,"y":-24,"deltaX":0,"deltaY":0,"duration":0,"origin":{"element-6066-11e4-a52e-4f735466cecf":"f.8E6BFA2ED3A3A2D86F199707E5BEEB8B.d.02DC0D45566FEE3161E31A8707BC0582.e.15161"}}]}]}
COMMAND: DELETE /session/7455601dddc232b6deafc0d190a18b4e/actions - {}
COMMAND: GET /session/7455601dddc232b6deafc0d190a18b4e/screenshot - {}
RESULT: {}
RESULT: {}
COMMAND: GET /session/7455601dddc232b6deafc0d190a18b4e/screenshot - {}
RESULT: {}
RESULT: {}
COMMAND: POST /session/7455601dddc232b6deafc0d190a18b4e/element/f.8E6BFA2ED3A3A2D86F199707E5BEEB8B.d.02DC0D45566FEE3161E31A8707BC0582.e.15161/click - {}
RESULT: {}
COMMAND: GET /session/7455601dddc232b6deafc0d190a18b4e/screenshot - {}
RESULT: {}
COMMAND: POST /session/7455601dddc232b6deafc0d190a18b4e/execute/async - {"script":"<script> [1562 bytes]","args":[{"selector":{"controlType":"sap.m.SearchField","properties":{"placeholder":"Search"},"searchOpenDialogs":true,"interaction":{"idSuffix":"I"}},"wdio_ui5_key":"sapm.SearchField{\"placeholder\":\"Search\"}"}]}
RESULT: {"script":"<script> [1562 bytes]","args":[{"selector":{"controlType":"sap.m.SearchField","properties":{"placeholder":"Search"},"searchOpenDialogs":true,"interaction":{"idSuffix":"I"}},"wdio_ui5_key":"sapm.SearchField{\"placeholder\":\"Search\"}"}]}
RESULT: undefined
COMMAND: POST /session/7455601dddc232b6deafc0d190a18b4e/execute/async - {"script":"<script> [776 bytes]","args":[{"enterText":"4000360","selector":{"controlType":"sap.m.SearchField","properties":{"placeholder":"Search"},"searchOpenDialogs":true,"interaction":{"idSuffix":"I"}},"clearTextFirst":true,"interactionType":"ENTER_TEXT"}]}
RESULT: {"script":"<script> [776 bytes]","args":[{"enterText":"4000360","selector":{"controlType":"sap.m.SearchField","properties":{"placeholder":"Search"},"searchOpenDialogs":true,"interaction":{"idSuffix":"I"}},"clearTextFirst":true,"interactionType":"ENTER_TEXT"}]}
COMMAND: POST /session/7455601dddc232b6deafc0d190a18b4e/actions - {"actions":[{"id":"action45","type":"key","parameters":{},"actions":[{"type":"keyDown","value":""},{"type":"pause","duration":10},{"type":"keyUp","value":""}]}]}
RESULT: {"actions":[{"id":"action45","type":"key","parameters":{},"actions":[{"type":"keyDown","value":""},{"type":"pause","duration":10},{"type":"keyUp","value":""}]}]}
COMMAND: GET /session/7455601dddc232b6deafc0d190a18b4e/screenshot - {}
RESULT: {}
COMMAND: POST /session/7455601dddc232b6deafc0d190a18b4e/element - {"using":"xpath","value":"//td/div/span[contains(text(), \"BGL Vehicles\")]"}
RESULT: {"using":"xpath","value":"//td/div/span[contains(text(), \"BGL Vehicles\")]"}
COMMAND: POST /session/7455601dddc232b6deafc0d190a18b4e/element/f.8E6BFA2ED3A3A2D86F199707E5BEEB8B.d.02DC0D45566FEE3161E31A8707BC0582.e.15183/click - {}
RESULT: {}
COMMAND: GET /session/7455601dddc232b6deafc0d190a18b4e/screenshot - {}
RESULT: {}
COMMAND: POST /session/7455601dddc232b6deafc0d190a18b4e/element - {"using":"xpath","value":"//bdi[contains(text(), \"OK\")]"}
RESULT: {"using":"xpath","value":"//bdi[contains(text(), \"OK\")]"}
COMMAND: POST /session/7455601dddc232b6deafc0d190a18b4e/element/f.8E6BFA2ED3A3A2D86F199707E5BEEB8B.d.02DC0D45566FEE3161E31A8707BC0582.e.15184/click - {}
RESULT: {}
COMMAND: GET /session/7455601dddc232b6deafc0d190a18b4e/screenshot - {}
RESULT: {}
COMMAND: POST /session/7455601dddc232b6deafc0d190a18b4e/execute/async - {"script":"<script> [1562 bytes]","args":[{"selector":{"id":"application-manageresources-display-component---newResourceUnit--newRRUPage-anchBar-application-manageresources-display-component---newResourceUnit--resource-anchor","interaction":{"idSuffix":"BDI-content"}},"wdio_ui5_key":"applicationmanageresources-display-component---newResourceUnit--newRRUPage-anchBar-application-manageresources-display-component---newResourceUnit--resource-anchor"}]}
RESULT: {"script":"<script> [1562 bytes]","args":[{"selector":{"id":"application-manageresources-display-component---newResourceUnit--newRRUPage-anchBar-application-manageresources-display-component---newResourceUnit--resource-anchor","interaction":{"idSuffix":"BDI-content"}},"wdio_ui5_key":"applicationmanageresources-display-component---newResourceUnit--newRRUPage-anchBar-application-manageresources-display-component---newResourceUnit--resource-anchor"}]}
RESULT: undefined
COMMAND: POST /session/7455601dddc232b6deafc0d190a18b4e/element - {"using":"xpath","value":"//*[@id=\"application-manageresources-display-component---newResourceUnit--newRRUPage-anchBar-application-manageresources-display-component---newResourceUnit--resource-anchor\"]"}
RESULT: {"using":"xpath","value":"//*[@id=\"application-manageresources-display-component---newResourceUnit--newRRUPage-anchBar-application-manageresources-display-component---newResourceUnit--resource-anchor\"]"}
COMMAND: POST /session/7455601dddc232b6deafc0d190a18b4e/element/f.8E6BFA2ED3A3A2D86F199707E5BEEB8B.d.02DC0D45566FEE3161E31A8707BC0582.e.15188/click - {}
RESULT: {}
COMMAND: POST /session/7455601dddc232b6deafc0d190a18b4e/execute/async - {"script":"<script> [1562 bytes]","args":[{"selector":{"id":"application-manageresources-display-component---newResourceUnit--PLANNED_DELIVERY_DATE","interaction":{"idSuffix":"inner"}},"wdio_ui5_key":"applicationmanageresources-display-component---newResourceUnit--PLANNED_DELIVERY_DATE"}]}
COMMAND: GET /session/7455601dddc232b6deafc0d190a18b4e/screenshot - {}
RESULT: {"script":"<script> [1562 bytes]","args":[{"selector":{"id":"application-manageresources-display-component---newResourceUnit--PLANNED_DELIVERY_DATE","interaction":{"idSuffix":"inner"}},"wdio_ui5_key":"applicationmanageresources-display-component---newResourceUnit--PLANNED_DELIVERY_DATE"}]}
RESULT: undefined
COMMAND: POST /session/7455601dddc232b6deafc0d190a18b4e/execute/async - {"script":"<script> [6424 bytes]","args":[{"element-6066-11e4-a52e-4f735466cecf":"f.8E6BFA2ED3A3A2D86F199707E5BEEB8B.d.02DC0D45566FEE3161E31A8707BC0582.e.15016"},"setValue",["5/27/25"]]}
RESULT: {}
RESULT: {"script":"<script> [6424 bytes]","args":[{"element-6066-11e4-a52e-4f735466cecf":"f.8E6BFA2ED3A3A2D86F199707E5BEEB8B.d.02DC0D45566FEE3161E31A8707BC0582.e.15016"},"setValue",["5/27/25"]]}
COMMAND: POST /session/7455601dddc232b6deafc0d190a18b4e/element - {"using":"xpath","value":"//label[contains(@class, 'sapMLabelRequired') and .//bdi[contains(text(), 'Planned Retirement')]]"}
RESULT: {"using":"xpath","value":"//label[contains(@class, 'sapMLabelRequired') and .//bdi[contains(text(), 'Planned Retirement')]]"}
COMMAND: POST /session/7455601dddc232b6deafc0d190a18b4e/elements - {"using":"xpath","value":"//label[contains(@class, 'sapMLabelRequired') and .//bdi[contains(text(), 'Planned Retirement')]]"}
RESULT: {"using":"xpath","value":"//label[contains(@class, 'sapMLabelRequired') and .//bdi[contains(text(), 'Planned Retirement')]]"}
COMMAND: POST /session/7455601dddc232b6deafc0d190a18b4e/element - {"using":"xpath","value":"//button[@data-kt=\"resourceUnitSaveButton\"]"}
RESULT: {"using":"xpath","value":"//button[@data-kt=\"resourceUnitSaveButton\"]"}
COMMAND: POST /session/7455601dddc232b6deafc0d190a18b4e/element/f.8E6BFA2ED3A3A2D86F199707E5BEEB8B.d.02DC0D45566FEE3161E31A8707BC0582.e.14975/click - {}
RESULT: {}
COMMAND: GET /session/7455601dddc232b6deafc0d190a18b4e/screenshot - {}
RESULT: {}
COMMAND: POST /session/7455601dddc232b6deafc0d190a18b4e/element - {"using":"xpath","value":"//bdi[contains(text(), \"Close\")]"}
RESULT: {"using":"xpath","value":"//bdi[contains(text(), \"Close\")]"}
COMMAND: POST /session/7455601dddc232b6deafc0d190a18b4e/element/f.8E6BFA2ED3A3A2D86F199707E5BEEB8B.d.02DC0D45566FEE3161E31A8707BC0582.e.15196/click - {}
RESULT: {}
COMMAND: GET /session/7455601dddc232b6deafc0d190a18b4e/screenshot - {}
RESULT: {}
COMMAND: POST /session/7455601dddc232b6deafc0d190a18b4e/element - {"using":"xpath","value":"(//button[contains(@id ,\"actionsToolbar-overflowButton\")])[1]"}
RESULT: {"using":"xpath","value":"(//button[contains(@id ,\"actionsToolbar-overflowButton\")])[1]"}
COMMAND: POST /session/7455601dddc232b6deafc0d190a18b4e/element/f.8E6BFA2ED3A3A2D86F199707E5BEEB8B.d.02DC0D45566FEE3161E31A8707BC0582.e.15226/click - {}
RESULT: {}
COMMAND: GET /session/7455601dddc232b6deafc0d190a18b4e/screenshot - {}
RESULT: {}
COMMAND: POST /session/7455601dddc232b6deafc0d190a18b4e/element - {"using":"xpath","value":"//button[@data-kt=\"priceInfoButton\"]"}
RESULT: {"using":"xpath","value":"//button[@data-kt=\"priceInfoButton\"]"}
COMMAND: POST /session/7455601dddc232b6deafc0d190a18b4e/element/f.8E6BFA2ED3A3A2D86F199707E5BEEB8B.d.02DC0D45566FEE3161E31A8707BC0582.e.15228/click - {}
RESULT: {}
COMMAND: GET /session/7455601dddc232b6deafc0d190a18b4e/screenshot - {}
]]></system-out>
    </testcase>
    <testcase classname="chrome.136_0_7103_93.windows.Billing_transfer_US117289" name="Should create new pricing rule" time="52.011">
      <system-out><![CDATA[
COMMAND: POST /session/7455601dddc232b6deafc0d190a18b4e/element - {"using":"xpath","value":"//button[@data-kt=\"addButton\"]"}
RESULT: {}
RESULT: {"using":"xpath","value":"//button[@data-kt=\"addButton\"]"}
COMMAND: POST /session/7455601dddc232b6deafc0d190a18b4e/elements - {"using":"xpath","value":"//button[@data-kt=\"addButton\"]"}
RESULT: {"using":"xpath","value":"//button[@data-kt=\"addButton\"]"}
COMMAND: POST /session/7455601dddc232b6deafc0d190a18b4e/execute/sync - {"script":"<script> [8489 bytes]","args":[{"element-6066-11e4-a52e-4f735466cecf":"f.8E6BFA2ED3A3A2D86F199707E5BEEB8B.d.02DC0D45566FEE3161E31A8707BC0582.e.15266","ELEMENT":"f.8E6BFA2ED3A3A2D86F199707E5BEEB8B.d.02DC0D45566FEE3161E31A8707BC0582.e.15266"}]}
RESULT: {"script":"<script> [8489 bytes]","args":[{"element-6066-11e4-a52e-4f735466cecf":"f.8E6BFA2ED3A3A2D86F199707E5BEEB8B.d.02DC0D45566FEE3161E31A8707BC0582.e.15266","ELEMENT":"f.8E6BFA2ED3A3A2D86F199707E5BEEB8B.d.02DC0D45566FEE3161E31A8707BC0582.e.15266"}]}
COMMAND: GET /session/7455601dddc232b6deafc0d190a18b4e/element/f.8E6BFA2ED3A3A2D86F199707E5BEEB8B.d.02DC0D45566FEE3161E31A8707BC0582.e.15266/enabled - {}
COMMAND: GET /session/7455601dddc232b6deafc0d190a18b4e/screenshot - {}
RESULT: {}
COMMAND: POST /session/7455601dddc232b6deafc0d190a18b4e/execute/sync - {"script":"<script> [8489 bytes]","args":[{"element-6066-11e4-a52e-4f735466cecf":"f.8E6BFA2ED3A3A2D86F199707E5BEEB8B.d.02DC0D45566FEE3161E31A8707BC0582.e.15266","ELEMENT":"f.8E6BFA2ED3A3A2D86F199707E5BEEB8B.d.02DC0D45566FEE3161E31A8707BC0582.e.15266"}]}
COMMAND: GET /session/7455601dddc232b6deafc0d190a18b4e/screenshot - {}
RESULT: {}
RESULT: {"script":"<script> [8489 bytes]","args":[{"element-6066-11e4-a52e-4f735466cecf":"f.8E6BFA2ED3A3A2D86F199707E5BEEB8B.d.02DC0D45566FEE3161E31A8707BC0582.e.15266","ELEMENT":"f.8E6BFA2ED3A3A2D86F199707E5BEEB8B.d.02DC0D45566FEE3161E31A8707BC0582.e.15266"}]}
COMMAND: POST /session/7455601dddc232b6deafc0d190a18b4e/execute/sync - {"script":"<script> [5351 bytes]","args":[{"element-6066-11e4-a52e-4f735466cecf":"f.8E6BFA2ED3A3A2D86F199707E5BEEB8B.d.02DC0D45566FEE3161E31A8707BC0582.e.15266","ELEMENT":"f.8E6BFA2ED3A3A2D86F199707E5BEEB8B.d.02DC0D45566FEE3161E31A8707BC0582.e.15266"}]}
COMMAND: GET /session/7455601dddc232b6deafc0d190a18b4e/screenshot - {}
RESULT: {}
RESULT: {"script":"<script> [5351 bytes]","args":[{"element-6066-11e4-a52e-4f735466cecf":"f.8E6BFA2ED3A3A2D86F199707E5BEEB8B.d.02DC0D45566FEE3161E31A8707BC0582.e.15266","ELEMENT":"f.8E6BFA2ED3A3A2D86F199707E5BEEB8B.d.02DC0D45566FEE3161E31A8707BC0582.e.15266"}]}
COMMAND: POST /session/7455601dddc232b6deafc0d190a18b4e/element/f.8E6BFA2ED3A3A2D86F199707E5BEEB8B.d.02DC0D45566FEE3161E31A8707BC0582.e.15266/click - {}
COMMAND: GET /session/7455601dddc232b6deafc0d190a18b4e/screenshot - {}
RESULT: {}
RESULT: {}
COMMAND: GET /session/7455601dddc232b6deafc0d190a18b4e/screenshot - {}
RESULT: {}
RESULT: {}
COMMAND: POST /session/7455601dddc232b6deafc0d190a18b4e/execute/async - {"script":"<script> [1562 bytes]","args":[{"selector":{"controlType":"sap.m.Title","viewName":"etm.portal.ui.managepricingrules.view.NewItem","viewId":"application-managepricingrules-display-component---newInfoPriceItem","properties":{"text":"New Pricing Rules - Item Level"}},"wdio_ui5_key":"etmportal.ui.managepricingrules.view.NewItemsap.m.Title{\"text\":\"New Pricing Rules - Item Level\"}"}]}
RESULT: {"script":"<script> [1562 bytes]","args":[{"selector":{"controlType":"sap.m.Title","viewName":"etm.portal.ui.managepricingrules.view.NewItem","viewId":"application-managepricingrules-display-component---newInfoPriceItem","properties":{"text":"New Pricing Rules - Item Level"}},"wdio_ui5_key":"etmportal.ui.managepricingrules.view.NewItemsap.m.Title{\"text\":\"New Pricing Rules - Item Level\"}"}]}
RESULT: undefined
COMMAND: POST /session/7455601dddc232b6deafc0d190a18b4e/execute/async - {"script":"<script> [6424 bytes]","args":[{"element-6066-11e4-a52e-4f735466cecf":"f.8E6BFA2ED3A3A2D86F199707E5BEEB8B.d.02DC0D45566FEE3161E31A8707BC0582.e.15439"},"getText",[]]}
RESULT: {"script":"<script> [6424 bytes]","args":[{"element-6066-11e4-a52e-4f735466cecf":"f.8E6BFA2ED3A3A2D86F199707E5BEEB8B.d.02DC0D45566FEE3161E31A8707BC0582.e.15439"},"getText",[]]}
COMMAND: POST /session/7455601dddc232b6deafc0d190a18b4e/execute/async - {"script":"<script> [1562 bytes]","args":[{"selector":{"id":"application-managepricingrules-display-component---newInfoPriceItem--condValidTo","interaction":{"idSuffix":"inner"}},"wdio_ui5_key":"applicationmanagepricingrules-display-component---newInfoPriceItem--condValidTo"}]}
RESULT: {"script":"<script> [1562 bytes]","args":[{"selector":{"id":"application-managepricingrules-display-component---newInfoPriceItem--condValidTo","interaction":{"idSuffix":"inner"}},"wdio_ui5_key":"applicationmanagepricingrules-display-component---newInfoPriceItem--condValidTo"}]}
RESULT: undefined
COMMAND: POST /session/7455601dddc232b6deafc0d190a18b4e/execute/async - {"script":"<script> [776 bytes]","args":[{"enterText":"1/27/26","selector":{"id":"application-managepricingrules-display-component---newInfoPriceItem--condValidTo","interaction":{"idSuffix":"inner"}},"clearTextFirst":true,"interactionType":"ENTER_TEXT"}]}
RESULT: {"script":"<script> [776 bytes]","args":[{"enterText":"1/27/26","selector":{"id":"application-managepricingrules-display-component---newInfoPriceItem--condValidTo","interaction":{"idSuffix":"inner"}},"clearTextFirst":true,"interactionType":"ENTER_TEXT"}]}
COMMAND: POST /session/7455601dddc232b6deafc0d190a18b4e/execute/async - {"script":"<script> [1562 bytes]","args":[{"selector":{"id":"application-managepricingrules-display-component---newInfoPriceItem--billType-arrow"},"wdio_ui5_key":"applicationmanagepricingrules-display-component---newInfoPriceItem--billType-arrow"}]}
RESULT: {"script":"<script> [1562 bytes]","args":[{"selector":{"id":"application-managepricingrules-display-component---newInfoPriceItem--billType-arrow"},"wdio_ui5_key":"applicationmanagepricingrules-display-component---newInfoPriceItem--billType-arrow"}]}
RESULT: undefined
COMMAND: POST /session/7455601dddc232b6deafc0d190a18b4e/element - {"using":"xpath","value":"//*[@id=\"application-managepricingrules-display-component---newInfoPriceItem--billType-arrow\"]"}
RESULT: {"using":"xpath","value":"//*[@id=\"application-managepricingrules-display-component---newInfoPriceItem--billType-arrow\"]"}
COMMAND: POST /session/7455601dddc232b6deafc0d190a18b4e/element/f.8E6BFA2ED3A3A2D86F199707E5BEEB8B.d.02DC0D45566FEE3161E31A8707BC0582.e.15397/click - {}
RESULT: {}
COMMAND: POST /session/7455601dddc232b6deafc0d190a18b4e/element - {"using":"xpath","value":"//span[contains(text(), \"TB - Time based\")]"}
COMMAND: GET /session/7455601dddc232b6deafc0d190a18b4e/screenshot - {}
RESULT: {"using":"xpath","value":"//span[contains(text(), \"TB - Time based\")]"}
COMMAND: POST /session/7455601dddc232b6deafc0d190a18b4e/element/f.8E6BFA2ED3A3A2D86F199707E5BEEB8B.d.02DC0D45566FEE3161E31A8707BC0582.e.15441/click - {}
RESULT: {}
RESULT: {}
COMMAND: POST /session/7455601dddc232b6deafc0d190a18b4e/execute/async - {"script":"<script> [1562 bytes]","args":[{"selector":{"id":"application-managepricingrules-display-component---newInfoPriceItem--priceProc-arrow"},"wdio_ui5_key":"applicationmanagepricingrules-display-component---newInfoPriceItem--priceProc-arrow"}]}
COMMAND: GET /session/7455601dddc232b6deafc0d190a18b4e/screenshot - {}
RESULT: {"script":"<script> [1562 bytes]","args":[{"selector":{"id":"application-managepricingrules-display-component---newInfoPriceItem--priceProc-arrow"},"wdio_ui5_key":"applicationmanagepricingrules-display-component---newInfoPriceItem--priceProc-arrow"}]}
RESULT: undefined
COMMAND: POST /session/7455601dddc232b6deafc0d190a18b4e/element - {"using":"xpath","value":"//*[@id=\"application-managepricingrules-display-component---newInfoPriceItem--priceProc-arrow\"]"}
RESULT: {}
RESULT: {"using":"xpath","value":"//*[@id=\"application-managepricingrules-display-component---newInfoPriceItem--priceProc-arrow\"]"}
COMMAND: POST /session/7455601dddc232b6deafc0d190a18b4e/element/f.8E6BFA2ED3A3A2D86F199707E5BEEB8B.d.02DC0D45566FEE3161E31A8707BC0582.e.15404/click - {}
RESULT: {}
COMMAND: POST /session/7455601dddc232b6deafc0d190a18b4e/element - {"using":"xpath","value":"//span[contains(text(), \"TBS - Time based standard\")]"}
COMMAND: GET /session/7455601dddc232b6deafc0d190a18b4e/screenshot - {}
RESULT: {"using":"xpath","value":"//span[contains(text(), \"TBS - Time based standard\")]"}
COMMAND: POST /session/7455601dddc232b6deafc0d190a18b4e/element/f.8E6BFA2ED3A3A2D86F199707E5BEEB8B.d.02DC0D45566FEE3161E31A8707BC0582.e.15442/click - {}
RESULT: {}
RESULT: {}
COMMAND: POST /session/7455601dddc232b6deafc0d190a18b4e/execute/async - {"script":"<script> [1562 bytes]","args":[{"selector":{"id":"application-managepricingrules-display-component---newInfoPriceItem--calcBase-arrow"},"wdio_ui5_key":"applicationmanagepricingrules-display-component---newInfoPriceItem--calcBase-arrow"}]}
COMMAND: GET /session/7455601dddc232b6deafc0d190a18b4e/screenshot - {}
RESULT: {"script":"<script> [1562 bytes]","args":[{"selector":{"id":"application-managepricingrules-display-component---newInfoPriceItem--calcBase-arrow"},"wdio_ui5_key":"applicationmanagepricingrules-display-component---newInfoPriceItem--calcBase-arrow"}]}
RESULT: undefined
COMMAND: POST /session/7455601dddc232b6deafc0d190a18b4e/element - {"using":"xpath","value":"//*[@id=\"application-managepricingrules-display-component---newInfoPriceItem--calcBase-arrow\"]"}
RESULT: {}
RESULT: {"using":"xpath","value":"//*[@id=\"application-managepricingrules-display-component---newInfoPriceItem--calcBase-arrow\"]"}
COMMAND: POST /session/7455601dddc232b6deafc0d190a18b4e/element/f.8E6BFA2ED3A3A2D86F199707E5BEEB8B.d.02DC0D45566FEE3161E31A8707BC0582.e.15411/click - {}
RESULT: {}
COMMAND: GET /session/7455601dddc232b6deafc0d190a18b4e/screenshot - {}
RESULT: {}
COMMAND: POST /session/7455601dddc232b6deafc0d190a18b4e/element - {"using":"xpath","value":"//span[contains(text(), \"0006 - TB(calendar days)\")]"}
RESULT: {"using":"xpath","value":"//span[contains(text(), \"0006 - TB(calendar days)\")]"}
COMMAND: POST /session/7455601dddc232b6deafc0d190a18b4e/element/f.8E6BFA2ED3A3A2D86F199707E5BEEB8B.d.02DC0D45566FEE3161E31A8707BC0582.e.15443/click - {}
RESULT: {}
COMMAND: GET /session/7455601dddc232b6deafc0d190a18b4e/screenshot - {}
RESULT: {}
COMMAND: POST /session/7455601dddc232b6deafc0d190a18b4e/execute/async - {"script":"<script> [1562 bytes]","args":[{"selector":{"id":"application-managepricingrules-display-component---newInfoPriceItem--daysMonth","interaction":{"idSuffix":"inner"}},"wdio_ui5_key":"applicationmanagepricingrules-display-component---newInfoPriceItem--daysMonth"}]}
RESULT: {"script":"<script> [1562 bytes]","args":[{"selector":{"id":"application-managepricingrules-display-component---newInfoPriceItem--daysMonth","interaction":{"idSuffix":"inner"}},"wdio_ui5_key":"applicationmanagepricingrules-display-component---newInfoPriceItem--daysMonth"}]}
RESULT: undefined
COMMAND: POST /session/7455601dddc232b6deafc0d190a18b4e/execute/async - {"script":"<script> [776 bytes]","args":[{"enterText":"30","selector":{"id":"application-managepricingrules-display-component---newInfoPriceItem--daysMonth","interaction":{"idSuffix":"inner"}},"clearTextFirst":true,"interactionType":"ENTER_TEXT"}]}
RESULT: {"script":"<script> [776 bytes]","args":[{"enterText":"30","selector":{"id":"application-managepricingrules-display-component---newInfoPriceItem--daysMonth","interaction":{"idSuffix":"inner"}},"clearTextFirst":true,"interactionType":"ENTER_TEXT"}]}
COMMAND: POST /session/7455601dddc232b6deafc0d190a18b4e/element - {"using":"xpath","value":"//button[@data-kt=\"saveNewRuleButton\"]"}
RESULT: {"using":"xpath","value":"//button[@data-kt=\"saveNewRuleButton\"]"}
COMMAND: POST /session/7455601dddc232b6deafc0d190a18b4e/element/f.8E6BFA2ED3A3A2D86F199707E5BEEB8B.d.02DC0D45566FEE3161E31A8707BC0582.e.15431/click - {}
RESULT: {}
COMMAND: GET /session/7455601dddc232b6deafc0d190a18b4e/screenshot - {}
RESULT: {}
COMMAND: POST /session/7455601dddc232b6deafc0d190a18b4e/execute/async - {"script":"<script> [1562 bytes]","args":[{"selector":{"id":"application-managepricingrules-display-component---priceInfoItem--smartFilterBar-btnBasicSearch","interaction":{"idSuffix":"I"}},"wdio_ui5_key":"applicationmanagepricingrules-display-component---priceInfoItem--smartFilterBar-btnBasicSearch"}]}
RESULT: {"script":"<script> [1562 bytes]","args":[{"selector":{"id":"application-managepricingrules-display-component---priceInfoItem--smartFilterBar-btnBasicSearch","interaction":{"idSuffix":"I"}},"wdio_ui5_key":"applicationmanagepricingrules-display-component---priceInfoItem--smartFilterBar-btnBasicSearch"}]}
RESULT: undefined
COMMAND: POST /session/7455601dddc232b6deafc0d190a18b4e/execute/async - {"script":"<script> [776 bytes]","args":[{"enterText":"pqNwvRgzpv","selector":{"id":"application-managepricingrules-display-component---priceInfoItem--smartFilterBar-btnBasicSearch","interaction":{"idSuffix":"I"}},"clearTextFirst":true,"interactionType":"ENTER_TEXT"}]}
RESULT: {"script":"<script> [776 bytes]","args":[{"enterText":"pqNwvRgzpv","selector":{"id":"application-managepricingrules-display-component---priceInfoItem--smartFilterBar-btnBasicSearch","interaction":{"idSuffix":"I"}},"clearTextFirst":true,"interactionType":"ENTER_TEXT"}]}
COMMAND: POST /session/7455601dddc232b6deafc0d190a18b4e/actions - {"actions":[{"id":"action46","type":"key","parameters":{},"actions":[{"type":"keyDown","value":""},{"type":"pause","duration":10},{"type":"keyUp","value":""}]}]}
RESULT: {"actions":[{"id":"action46","type":"key","parameters":{},"actions":[{"type":"keyDown","value":""},{"type":"pause","duration":10},{"type":"keyUp","value":""}]}]}
COMMAND: GET /session/7455601dddc232b6deafc0d190a18b4e/screenshot - {}
RESULT: {}
COMMAND: POST /session/7455601dddc232b6deafc0d190a18b4e/element - {"using":"xpath","value":"//span[@id=\"application-managepricingrules-display-component---priceInfoItem--smartTable-header-inner\"]"}
RESULT: {"using":"xpath","value":"//span[@id=\"application-managepricingrules-display-component---priceInfoItem--smartTable-header-inner\"]"}
COMMAND: POST /session/7455601dddc232b6deafc0d190a18b4e/elements - {"using":"xpath","value":"//span[@id=\"application-managepricingrules-display-component---priceInfoItem--smartTable-header-inner\"]"}
RESULT: {"using":"xpath","value":"//span[@id=\"application-managepricingrules-display-component---priceInfoItem--smartTable-header-inner\"]"}
COMMAND: POST /session/7455601dddc232b6deafc0d190a18b4e/execute/sync - {"script":"<script> [56 bytes]","args":[{"element-6066-11e4-a52e-4f735466cecf":"f.8E6BFA2ED3A3A2D86F199707E5BEEB8B.d.02DC0D45566FEE3161E31A8707BC0582.e.15468","ELEMENT":"f.8E6BFA2ED3A3A2D86F199707E5BEEB8B.d.02DC0D45566FEE3161E31A8707BC0582.e.15468"}]}
RESULT: {"script":"<script> [56 bytes]","args":[{"element-6066-11e4-a52e-4f735466cecf":"f.8E6BFA2ED3A3A2D86F199707E5BEEB8B.d.02DC0D45566FEE3161E31A8707BC0582.e.15468","ELEMENT":"f.8E6BFA2ED3A3A2D86F199707E5BEEB8B.d.02DC0D45566FEE3161E31A8707BC0582.e.15468"}]}
COMMAND: POST /session/7455601dddc232b6deafc0d190a18b4e/element - {"using":"css selector","value":"#shell-header-logo"}
COMMAND: GET /session/7455601dddc232b6deafc0d190a18b4e/screenshot - {}
RESULT: {"using":"css selector","value":"#shell-header-logo"}
COMMAND: POST /session/7455601dddc232b6deafc0d190a18b4e/element/f.8E6BFA2ED3A3A2D86F199707E5BEEB8B.d.02DC0D45566FEE3161E31A8707BC0582.e.14572/click - {}
RESULT: {}
RESULT: {}
COMMAND: GET /session/7455601dddc232b6deafc0d190a18b4e/screenshot - {}
RESULT: {}
]]></system-out>
    </testcase>
    <testcase classname="chrome.136_0_7103_93.windows.Billing_transfer_US117289" name="Should create new condition for equipment" time="68.813">
      <system-out><![CDATA[
COMMAND: POST /session/7455601dddc232b6deafc0d190a18b4e/execute/async - {"script":"<script> [1562 bytes]","args":[{"selector":{"controlType":"sap.m.GenericTile","properties":{"header":"Manage Conditions & Prices"}},"wdio_ui5_key":"sapm.GenericTile{\"header\":\"Manage Conditions & Prices\"}"}]}
RESULT: {"script":"<script> [1562 bytes]","args":[{"selector":{"controlType":"sap.m.GenericTile","properties":{"header":"Manage Conditions & Prices"}},"wdio_ui5_key":"sapm.GenericTile{\"header\":\"Manage Conditions & Prices\"}"}]}
RESULT: undefined
COMMAND: POST /session/7455601dddc232b6deafc0d190a18b4e/element - {"using":"xpath","value":"//*[@id=\"__tile53\"]"}
RESULT: {"using":"xpath","value":"//*[@id=\"__tile53\"]"}
COMMAND: POST /session/7455601dddc232b6deafc0d190a18b4e/element/f.8E6BFA2ED3A3A2D86F199707E5BEEB8B.d.02DC0D45566FEE3161E31A8707BC0582.e.14508/click - {}
RESULT: {}
COMMAND: GET /session/7455601dddc232b6deafc0d190a18b4e/screenshot - {}
RESULT: {}
COMMAND: POST /session/7455601dddc232b6deafc0d190a18b4e/elements - {"using":"xpath","value":"//span[text()='Error']"}
RESULT: {"using":"xpath","value":"//span[text()='Error']"}
COMMAND: POST /session/7455601dddc232b6deafc0d190a18b4e/element - {"using":"xpath","value":"//button[@aria-label=\"Create\"]"}
RESULT: {"using":"xpath","value":"//button[@aria-label=\"Create\"]"}
COMMAND: POST /session/7455601dddc232b6deafc0d190a18b4e/elements - {"using":"xpath","value":"//button[@aria-label=\"Create\"]"}
RESULT: {"using":"xpath","value":"//button[@aria-label=\"Create\"]"}
COMMAND: POST /session/7455601dddc232b6deafc0d190a18b4e/execute/sync - {"script":"<script> [8489 bytes]","args":[{"element-6066-11e4-a52e-4f735466cecf":"f.8E6BFA2ED3A3A2D86F199707E5BEEB8B.d.02DC0D45566FEE3161E31A8707BC0582.e.15503","ELEMENT":"f.8E6BFA2ED3A3A2D86F199707E5BEEB8B.d.02DC0D45566FEE3161E31A8707BC0582.e.15503"}]}
RESULT: {"script":"<script> [8489 bytes]","args":[{"element-6066-11e4-a52e-4f735466cecf":"f.8E6BFA2ED3A3A2D86F199707E5BEEB8B.d.02DC0D45566FEE3161E31A8707BC0582.e.15503","ELEMENT":"f.8E6BFA2ED3A3A2D86F199707E5BEEB8B.d.02DC0D45566FEE3161E31A8707BC0582.e.15503"}]}
COMMAND: GET /session/7455601dddc232b6deafc0d190a18b4e/element/f.8E6BFA2ED3A3A2D86F199707E5BEEB8B.d.02DC0D45566FEE3161E31A8707BC0582.e.15503/enabled - {}
COMMAND: GET /session/7455601dddc232b6deafc0d190a18b4e/screenshot - {}
RESULT: {}
COMMAND: POST /session/7455601dddc232b6deafc0d190a18b4e/execute/sync - {"script":"<script> [8489 bytes]","args":[{"element-6066-11e4-a52e-4f735466cecf":"f.8E6BFA2ED3A3A2D86F199707E5BEEB8B.d.02DC0D45566FEE3161E31A8707BC0582.e.15503","ELEMENT":"f.8E6BFA2ED3A3A2D86F199707E5BEEB8B.d.02DC0D45566FEE3161E31A8707BC0582.e.15503"}]}
COMMAND: GET /session/7455601dddc232b6deafc0d190a18b4e/screenshot - {}
RESULT: {}
RESULT: {"script":"<script> [8489 bytes]","args":[{"element-6066-11e4-a52e-4f735466cecf":"f.8E6BFA2ED3A3A2D86F199707E5BEEB8B.d.02DC0D45566FEE3161E31A8707BC0582.e.15503","ELEMENT":"f.8E6BFA2ED3A3A2D86F199707E5BEEB8B.d.02DC0D45566FEE3161E31A8707BC0582.e.15503"}]}
COMMAND: POST /session/7455601dddc232b6deafc0d190a18b4e/execute/sync - {"script":"<script> [5351 bytes]","args":[{"element-6066-11e4-a52e-4f735466cecf":"f.8E6BFA2ED3A3A2D86F199707E5BEEB8B.d.02DC0D45566FEE3161E31A8707BC0582.e.15503","ELEMENT":"f.8E6BFA2ED3A3A2D86F199707E5BEEB8B.d.02DC0D45566FEE3161E31A8707BC0582.e.15503"}]}
COMMAND: GET /session/7455601dddc232b6deafc0d190a18b4e/screenshot - {}
RESULT: {}
RESULT: {"script":"<script> [5351 bytes]","args":[{"element-6066-11e4-a52e-4f735466cecf":"f.8E6BFA2ED3A3A2D86F199707E5BEEB8B.d.02DC0D45566FEE3161E31A8707BC0582.e.15503","ELEMENT":"f.8E6BFA2ED3A3A2D86F199707E5BEEB8B.d.02DC0D45566FEE3161E31A8707BC0582.e.15503"}]}
COMMAND: POST /session/7455601dddc232b6deafc0d190a18b4e/element/f.8E6BFA2ED3A3A2D86F199707E5BEEB8B.d.02DC0D45566FEE3161E31A8707BC0582.e.15503/click - {}
COMMAND: GET /session/7455601dddc232b6deafc0d190a18b4e/screenshot - {}
RESULT: {}
RESULT: {}
COMMAND: GET /session/7455601dddc232b6deafc0d190a18b4e/screenshot - {}
RESULT: {}
RESULT: {}
COMMAND: POST /session/7455601dddc232b6deafc0d190a18b4e/actions - {"actions":[{"id":"action47","type":"key","parameters":{},"actions":[{"type":"keyDown","value":""},{"type":"pause","duration":10},{"type":"keyUp","value":""}]}]}
RESULT: {"actions":[{"id":"action47","type":"key","parameters":{},"actions":[{"type":"keyDown","value":""},{"type":"pause","duration":10},{"type":"keyUp","value":""}]}]}
COMMAND: GET /session/7455601dddc232b6deafc0d190a18b4e/screenshot - {}
RESULT: {}
COMMAND: POST /session/7455601dddc232b6deafc0d190a18b4e/execute/async - {"script":"<script> [1562 bytes]","args":[{"selector":{"id":"application-manageconditionprice-display-component---newCondition--condBillCond-arrow"},"wdio_ui5_key":"applicationmanageconditionprice-display-component---newCondition--condBillCond-arrow"}]}
RESULT: {"script":"<script> [1562 bytes]","args":[{"selector":{"id":"application-manageconditionprice-display-component---newCondition--condBillCond-arrow"},"wdio_ui5_key":"applicationmanageconditionprice-display-component---newCondition--condBillCond-arrow"}]}
RESULT: undefined
COMMAND: POST /session/7455601dddc232b6deafc0d190a18b4e/element - {"using":"xpath","value":"//*[@id=\"application-manageconditionprice-display-component---newCondition--condBillCond-arrow\"]"}
RESULT: {"using":"xpath","value":"//*[@id=\"application-manageconditionprice-display-component---newCondition--condBillCond-arrow\"]"}
COMMAND: POST /session/7455601dddc232b6deafc0d190a18b4e/element/f.8E6BFA2ED3A3A2D86F199707E5BEEB8B.d.02DC0D45566FEE3161E31A8707BC0582.e.15683/click - {}
RESULT: {}
COMMAND: GET /session/7455601dddc232b6deafc0d190a18b4e/screenshot - {}
RESULT: {}
COMMAND: POST /session/7455601dddc232b6deafc0d190a18b4e/element - {"using":"xpath","value":"//li[.//span[contains(text(), \"DISP - D&I special price\")]]"}
RESULT: {"using":"xpath","value":"//li[.//span[contains(text(), \"DISP - D&I special price\")]]"}
COMMAND: POST /session/7455601dddc232b6deafc0d190a18b4e/element/f.8E6BFA2ED3A3A2D86F199707E5BEEB8B.d.02DC0D45566FEE3161E31A8707BC0582.e.15686/click - {}
RESULT: {}
COMMAND: GET /session/7455601dddc232b6deafc0d190a18b4e/screenshot - {}
RESULT: {}
COMMAND: POST /session/7455601dddc232b6deafc0d190a18b4e/execute/async - {"script":"<script> [1562 bytes]","args":[{"selector":{"id":"application-manageconditionprice-display-component---newCondition--condValidTo","interaction":{"idSuffix":"inner"}},"wdio_ui5_key":"applicationmanageconditionprice-display-component---newCondition--condValidTo"}]}
RESULT: {"script":"<script> [1562 bytes]","args":[{"selector":{"id":"application-manageconditionprice-display-component---newCondition--condValidTo","interaction":{"idSuffix":"inner"}},"wdio_ui5_key":"applicationmanageconditionprice-display-component---newCondition--condValidTo"}]}
RESULT: undefined
COMMAND: POST /session/7455601dddc232b6deafc0d190a18b4e/execute/async - {"script":"<script> [776 bytes]","args":[{"enterText":"1/27/26","selector":{"id":"application-manageconditionprice-display-component---newCondition--condValidTo","interaction":{"idSuffix":"inner"}},"clearTextFirst":true,"interactionType":"ENTER_TEXT"}]}
RESULT: {"script":"<script> [776 bytes]","args":[{"enterText":"1/27/26","selector":{"id":"application-manageconditionprice-display-component---newCondition--condValidTo","interaction":{"idSuffix":"inner"}},"clearTextFirst":true,"interactionType":"ENTER_TEXT"}]}
COMMAND: POST /session/7455601dddc232b6deafc0d190a18b4e/element - {"using":"xpath","value":"//input[@id=\"application-manageconditionprice-display-component---newCondition--condRU-inner\"]"}
RESULT: {"using":"xpath","value":"//input[@id=\"application-manageconditionprice-display-component---newCondition--condRU-inner\"]"}
COMMAND: POST /session/7455601dddc232b6deafc0d190a18b4e/element/f.8E6BFA2ED3A3A2D86F199707E5BEEB8B.d.02DC0D45566FEE3161E31A8707BC0582.e.15548/clear - {}
RESULT: {}
COMMAND: POST /session/7455601dddc232b6deafc0d190a18b4e/element/f.8E6BFA2ED3A3A2D86F199707E5BEEB8B.d.02DC0D45566FEE3161E31A8707BC0582.e.15548/value - {"text":"pqNwvRgzpv"}
COMMAND: GET /session/7455601dddc232b6deafc0d190a18b4e/screenshot - {}
RESULT: {"text":"pqNwvRgzpv"}
COMMAND: GET /session/7455601dddc232b6deafc0d190a18b4e/screenshot - {}
RESULT: {}
RESULT: {}
COMMAND: POST /session/7455601dddc232b6deafc0d190a18b4e/actions - {"actions":[{"id":"action48","type":"key","parameters":{},"actions":[{"type":"keyDown","value":""},{"type":"pause","duration":10},{"type":"keyUp","value":""}]}]}
RESULT: {"actions":[{"id":"action48","type":"key","parameters":{},"actions":[{"type":"keyDown","value":""},{"type":"pause","duration":10},{"type":"keyUp","value":""}]}]}
COMMAND: POST /session/7455601dddc232b6deafc0d190a18b4e/execute/async - {"script":"<script> [1562 bytes]","args":[{"selector":{"id":"application-manageconditionprice-display-component---newCondition--condBaseQty","interaction":{"idSuffix":"inner"}},"wdio_ui5_key":"applicationmanageconditionprice-display-component---newCondition--condBaseQty"}]}
COMMAND: GET /session/7455601dddc232b6deafc0d190a18b4e/screenshot - {}
RESULT: {"script":"<script> [1562 bytes]","args":[{"selector":{"id":"application-manageconditionprice-display-component---newCondition--condBaseQty","interaction":{"idSuffix":"inner"}},"wdio_ui5_key":"applicationmanageconditionprice-display-component---newCondition--condBaseQty"}]}
RESULT: undefined
COMMAND: POST /session/7455601dddc232b6deafc0d190a18b4e/execute/async - {"script":"<script> [776 bytes]","args":[{"enterText":"1","selector":{"id":"application-manageconditionprice-display-component---newCondition--condBaseQty","interaction":{"idSuffix":"inner"}},"clearTextFirst":true,"interactionType":"ENTER_TEXT"}]}
RESULT: {}
RESULT: {"script":"<script> [776 bytes]","args":[{"enterText":"1","selector":{"id":"application-manageconditionprice-display-component---newCondition--condBaseQty","interaction":{"idSuffix":"inner"}},"clearTextFirst":true,"interactionType":"ENTER_TEXT"}]}
COMMAND: POST /session/7455601dddc232b6deafc0d190a18b4e/execute/async - {"script":"<script> [1562 bytes]","args":[{"selector":{"id":"application-manageconditionprice-display-component---newCondition--condValue","interaction":{"idSuffix":"inner"}},"wdio_ui5_key":"applicationmanageconditionprice-display-component---newCondition--condValue"}]}
RESULT: {"script":"<script> [1562 bytes]","args":[{"selector":{"id":"application-manageconditionprice-display-component---newCondition--condValue","interaction":{"idSuffix":"inner"}},"wdio_ui5_key":"applicationmanageconditionprice-display-component---newCondition--condValue"}]}
RESULT: undefined
COMMAND: POST /session/7455601dddc232b6deafc0d190a18b4e/execute/async - {"script":"<script> [776 bytes]","args":[{"enterText":"100","selector":{"id":"application-manageconditionprice-display-component---newCondition--condValue","interaction":{"idSuffix":"inner"}},"clearTextFirst":true,"interactionType":"ENTER_TEXT"}]}
RESULT: {"script":"<script> [776 bytes]","args":[{"enterText":"100","selector":{"id":"application-manageconditionprice-display-component---newCondition--condValue","interaction":{"idSuffix":"inner"}},"clearTextFirst":true,"interactionType":"ENTER_TEXT"}]}
COMMAND: POST /session/7455601dddc232b6deafc0d190a18b4e/execute/async - {"script":"<script> [1562 bytes]","args":[{"selector":{"id":"application-manageconditionprice-display-component---newCondition--condCurr-arrow"},"wdio_ui5_key":"applicationmanageconditionprice-display-component---newCondition--condCurr-arrow"}]}
RESULT: {"script":"<script> [1562 bytes]","args":[{"selector":{"id":"application-manageconditionprice-display-component---newCondition--condCurr-arrow"},"wdio_ui5_key":"applicationmanageconditionprice-display-component---newCondition--condCurr-arrow"}]}
RESULT: undefined
COMMAND: POST /session/7455601dddc232b6deafc0d190a18b4e/element - {"using":"xpath","value":"//*[@id=\"application-manageconditionprice-display-component---newCondition--condCurr-arrow\"]"}
RESULT: {"using":"xpath","value":"//*[@id=\"application-manageconditionprice-display-component---newCondition--condCurr-arrow\"]"}
COMMAND: POST /session/7455601dddc232b6deafc0d190a18b4e/element/f.8E6BFA2ED3A3A2D86F199707E5BEEB8B.d.02DC0D45566FEE3161E31A8707BC0582.e.15647/click - {}
RESULT: {}
COMMAND: POST /session/7455601dddc232b6deafc0d190a18b4e/element - {"using":"xpath","value":"//span[contains(text(), \"Euro\")]"}
COMMAND: GET /session/7455601dddc232b6deafc0d190a18b4e/screenshot - {}
RESULT: {"using":"xpath","value":"//span[contains(text(), \"Euro\")]"}
COMMAND: POST /session/7455601dddc232b6deafc0d190a18b4e/element/f.8E6BFA2ED3A3A2D86F199707E5BEEB8B.d.02DC0D45566FEE3161E31A8707BC0582.e.15725/click - {}
RESULT: {}
RESULT: {}
COMMAND: POST /session/7455601dddc232b6deafc0d190a18b4e/element - {"using":"xpath","value":"//button[@data-kt=\"saveButton\"]"}
COMMAND: GET /session/7455601dddc232b6deafc0d190a18b4e/screenshot - {}
RESULT: {"using":"xpath","value":"//button[@data-kt=\"saveButton\"]"}
COMMAND: POST /session/7455601dddc232b6deafc0d190a18b4e/element/f.8E6BFA2ED3A3A2D86F199707E5BEEB8B.d.02DC0D45566FEE3161E31A8707BC0582.e.15648/click - {}
RESULT: {}
RESULT: {}
COMMAND: GET /session/7455601dddc232b6deafc0d190a18b4e/screenshot - {}
RESULT: {}
COMMAND: POST /session/7455601dddc232b6deafc0d190a18b4e/execute/async - {"script":"<script> [1562 bytes]","args":[{"selector":{"id":"application-manageconditionprice-display-component---conditions--smartFilterBar-btnBasicSearch","interaction":{"idSuffix":"I"}},"wdio_ui5_key":"applicationmanageconditionprice-display-component---conditions--smartFilterBar-btnBasicSearch"}]}
RESULT: {"script":"<script> [1562 bytes]","args":[{"selector":{"id":"application-manageconditionprice-display-component---conditions--smartFilterBar-btnBasicSearch","interaction":{"idSuffix":"I"}},"wdio_ui5_key":"applicationmanageconditionprice-display-component---conditions--smartFilterBar-btnBasicSearch"}]}
RESULT: undefined
COMMAND: POST /session/7455601dddc232b6deafc0d190a18b4e/execute/async - {"script":"<script> [776 bytes]","args":[{"enterText":"pqNwvRgzpv","selector":{"id":"application-manageconditionprice-display-component---conditions--smartFilterBar-btnBasicSearch","interaction":{"idSuffix":"I"}},"clearTextFirst":true,"interactionType":"ENTER_TEXT"}]}
RESULT: {"script":"<script> [776 bytes]","args":[{"enterText":"pqNwvRgzpv","selector":{"id":"application-manageconditionprice-display-component---conditions--smartFilterBar-btnBasicSearch","interaction":{"idSuffix":"I"}},"clearTextFirst":true,"interactionType":"ENTER_TEXT"}]}
COMMAND: POST /session/7455601dddc232b6deafc0d190a18b4e/actions - {"actions":[{"id":"action49","type":"key","parameters":{},"actions":[{"type":"keyDown","value":""},{"type":"pause","duration":10},{"type":"keyUp","value":""}]}]}
RESULT: {"actions":[{"id":"action49","type":"key","parameters":{},"actions":[{"type":"keyDown","value":""},{"type":"pause","duration":10},{"type":"keyUp","value":""}]}]}
COMMAND: GET /session/7455601dddc232b6deafc0d190a18b4e/screenshot - {}
RESULT: {}
COMMAND: POST /session/7455601dddc232b6deafc0d190a18b4e/execute/async - {"script":"<script> [1562 bytes]","args":[{"selector":{"id":"application-manageconditionprice-display-component---conditions--smartFilterBar-filterItemControl_BASIC-BILL_TYPES-vhi"},"wdio_ui5_key":"applicationmanageconditionprice-display-component---conditions--smartFilterBar-filterItemControl_BASIC-BILL_TYPES-vhi"}]}
RESULT: {"script":"<script> [1562 bytes]","args":[{"selector":{"id":"application-manageconditionprice-display-component---conditions--smartFilterBar-filterItemControl_BASIC-BILL_TYPES-vhi"},"wdio_ui5_key":"applicationmanageconditionprice-display-component---conditions--smartFilterBar-filterItemControl_BASIC-BILL_TYPES-vhi"}]}
RESULT: undefined
COMMAND: POST /session/7455601dddc232b6deafc0d190a18b4e/element - {"using":"xpath","value":"//*[@id=\"application-manageconditionprice-display-component---conditions--smartFilterBar-filterItemControl_BASIC-BILL_TYPES-vhi\"]"}
RESULT: {"using":"xpath","value":"//*[@id=\"application-manageconditionprice-display-component---conditions--smartFilterBar-filterItemControl_BASIC-BILL_TYPES-vhi\"]"}
COMMAND: POST /session/7455601dddc232b6deafc0d190a18b4e/element/f.8E6BFA2ED3A3A2D86F199707E5BEEB8B.d.02DC0D45566FEE3161E31A8707BC0582.e.15831/click - {}
RESULT: {}
COMMAND: POST /session/7455601dddc232b6deafc0d190a18b4e/execute/async - {"script":"<script> [1562 bytes]","args":[{"selector":{"id":"application-manageconditionprice-display-component---conditions--smartFilterBar-filterItemControl_BASIC-BILL_TYPES-valueHelpDialog-smartFilterBar-btnBasicSearch","searchOpenDialogs":true,"interaction":{"idSuffix":"I"}},"wdio_ui5_key":"applicationmanageconditionprice-display-component---conditions--smartFilterBar-filterItemControl_BASIC-BILL_TYPES-valueHelpDialog-smartFilterBar-btnBasicSearch"}]}
COMMAND: GET /session/7455601dddc232b6deafc0d190a18b4e/screenshot - {}
RESULT: {"script":"<script> [1562 bytes]","args":[{"selector":{"id":"application-manageconditionprice-display-component---conditions--smartFilterBar-filterItemControl_BASIC-BILL_TYPES-valueHelpDialog-smartFilterBar-btnBasicSearch","searchOpenDialogs":true,"interaction":{"idSuffix":"I"}},"wdio_ui5_key":"applicationmanageconditionprice-display-component---conditions--smartFilterBar-filterItemControl_BASIC-BILL_TYPES-valueHelpDialog-smartFilterBar-btnBasicSearch"}]}
RESULT: undefined
COMMAND: POST /session/7455601dddc232b6deafc0d190a18b4e/execute/async - {"script":"<script> [776 bytes]","args":[{"enterText":"TB","selector":{"id":"application-manageconditionprice-display-component---conditions--smartFilterBar-filterItemControl_BASIC-BILL_TYPES-valueHelpDialog-smartFilterBar-btnBasicSearch","searchOpenDialogs":true,"interaction":{"idSuffix":"I"}},"clearTextFirst":true,"interactionType":"ENTER_TEXT"}]}
RESULT: {}
RESULT: {"script":"<script> [776 bytes]","args":[{"enterText":"TB","selector":{"id":"application-manageconditionprice-display-component---conditions--smartFilterBar-filterItemControl_BASIC-BILL_TYPES-valueHelpDialog-smartFilterBar-btnBasicSearch","searchOpenDialogs":true,"interaction":{"idSuffix":"I"}},"clearTextFirst":true,"interactionType":"ENTER_TEXT"}]}
COMMAND: POST /session/7455601dddc232b6deafc0d190a18b4e/actions - {"actions":[{"id":"action50","type":"key","parameters":{},"actions":[{"type":"keyDown","value":""},{"type":"pause","duration":10},{"type":"keyUp","value":""}]}]}
RESULT: {"actions":[{"id":"action50","type":"key","parameters":{},"actions":[{"type":"keyDown","value":""},{"type":"pause","duration":10},{"type":"keyUp","value":""}]}]}
COMMAND: GET /session/7455601dddc232b6deafc0d190a18b4e/screenshot - {}
RESULT: {}
COMMAND: POST /session/7455601dddc232b6deafc0d190a18b4e/element - {"using":"xpath","value":"//div[contains(@id, 'application-manageconditionprice-display-component---conditions--smartFilterBar-filterItemControl_BASIC-BILL_TYPES-valueHelpDialog-table-rowsel0')]"}
RESULT: {"using":"xpath","value":"//div[contains(@id, 'application-manageconditionprice-display-component---conditions--smartFilterBar-filterItemControl_BASIC-BILL_TYPES-valueHelpDialog-table-rowsel0')]"}
COMMAND: POST /session/7455601dddc232b6deafc0d190a18b4e/element/f.8E6BFA2ED3A3A2D86F199707E5BEEB8B.d.02DC0D45566FEE3161E31A8707BC0582.e.15841/click - {}
RESULT: {}
COMMAND: GET /session/7455601dddc232b6deafc0d190a18b4e/screenshot - {}
RESULT: {}
COMMAND: POST /session/7455601dddc232b6deafc0d190a18b4e/element - {"using":"xpath","value":"//bdi[contains(text(), \"OK\")]"}
RESULT: {"using":"xpath","value":"//bdi[contains(text(), \"OK\")]"}
COMMAND: POST /session/7455601dddc232b6deafc0d190a18b4e/element/f.8E6BFA2ED3A3A2D86F199707E5BEEB8B.d.02DC0D45566FEE3161E31A8707BC0582.e.15843/click - {}
RESULT: {}
COMMAND: GET /session/7455601dddc232b6deafc0d190a18b4e/screenshot - {}
RESULT: {}
COMMAND: POST /session/7455601dddc232b6deafc0d190a18b4e/element - {"using":"xpath","value":"//span[@id=\"application-manageconditionprice-display-component---conditions--smartTable-header-inner\"]"}
RESULT: {"using":"xpath","value":"//span[@id=\"application-manageconditionprice-display-component---conditions--smartTable-header-inner\"]"}
COMMAND: POST /session/7455601dddc232b6deafc0d190a18b4e/elements - {"using":"xpath","value":"//span[@id=\"application-manageconditionprice-display-component---conditions--smartTable-header-inner\"]"}
RESULT: {"using":"xpath","value":"//span[@id=\"application-manageconditionprice-display-component---conditions--smartTable-header-inner\"]"}
COMMAND: POST /session/7455601dddc232b6deafc0d190a18b4e/execute/sync - {"script":"<script> [56 bytes]","args":[{"element-6066-11e4-a52e-4f735466cecf":"f.8E6BFA2ED3A3A2D86F199707E5BEEB8B.d.02DC0D45566FEE3161E31A8707BC0582.e.15846","ELEMENT":"f.8E6BFA2ED3A3A2D86F199707E5BEEB8B.d.02DC0D45566FEE3161E31A8707BC0582.e.15846"}]}
RESULT: {"script":"<script> [56 bytes]","args":[{"element-6066-11e4-a52e-4f735466cecf":"f.8E6BFA2ED3A3A2D86F199707E5BEEB8B.d.02DC0D45566FEE3161E31A8707BC0582.e.15846","ELEMENT":"f.8E6BFA2ED3A3A2D86F199707E5BEEB8B.d.02DC0D45566FEE3161E31A8707BC0582.e.15846"}]}
COMMAND: POST /session/7455601dddc232b6deafc0d190a18b4e/element - {"using":"css selector","value":"#shell-header-logo"}
COMMAND: GET /session/7455601dddc232b6deafc0d190a18b4e/screenshot - {}
RESULT: {"using":"css selector","value":"#shell-header-logo"}
COMMAND: POST /session/7455601dddc232b6deafc0d190a18b4e/element/f.8E6BFA2ED3A3A2D86F199707E5BEEB8B.d.02DC0D45566FEE3161E31A8707BC0582.e.15471/click - {}
RESULT: {}
RESULT: {}
COMMAND: GET /session/7455601dddc232b6deafc0d190a18b4e/screenshot - {}
RESULT: {}
]]></system-out>
    </testcase>
    <testcase classname="chrome.136_0_7103_93.windows.Billing_transfer_US117289" name="Should do a stock increase" time="93.108">
      <system-out><![CDATA[
COMMAND: POST /session/7455601dddc232b6deafc0d190a18b4e/execute/async - {"script":"<script> [1562 bytes]","args":[{"selector":{"controlType":"sap.m.GenericTile","properties":{"header":"Manage Handovers"}},"wdio_ui5_key":"sapm.GenericTile{\"header\":\"Manage Handovers\"}"}]}
RESULT: {"script":"<script> [1562 bytes]","args":[{"selector":{"controlType":"sap.m.GenericTile","properties":{"header":"Manage Handovers"}},"wdio_ui5_key":"sapm.GenericTile{\"header\":\"Manage Handovers\"}"}]}
RESULT: undefined
COMMAND: POST /session/7455601dddc232b6deafc0d190a18b4e/element - {"using":"xpath","value":"//*[@id=\"__tile133\"]"}
RESULT: {"using":"xpath","value":"//*[@id=\"__tile133\"]"}
COMMAND: POST /session/7455601dddc232b6deafc0d190a18b4e/element/f.8E6BFA2ED3A3A2D86F199707E5BEEB8B.d.02DC0D45566FEE3161E31A8707BC0582.e.14547/click - {}
RESULT: {}
COMMAND: GET /session/7455601dddc232b6deafc0d190a18b4e/screenshot - {}
RESULT: {}
COMMAND: POST /session/7455601dddc232b6deafc0d190a18b4e/elements - {"using":"xpath","value":"//span[text()='Error']"}
RESULT: {"using":"xpath","value":"//span[text()='Error']"}
COMMAND: POST /session/7455601dddc232b6deafc0d190a18b4e/element - {"using":"xpath","value":"//button[@data-kt=\"masterHOAddButton\"]"}
RESULT: {"using":"xpath","value":"//button[@data-kt=\"masterHOAddButton\"]"}
COMMAND: POST /session/7455601dddc232b6deafc0d190a18b4e/elements - {"using":"xpath","value":"//button[@data-kt=\"masterHOAddButton\"]"}
RESULT: {"using":"xpath","value":"//button[@data-kt=\"masterHOAddButton\"]"}
COMMAND: POST /session/7455601dddc232b6deafc0d190a18b4e/execute/sync - {"script":"<script> [8489 bytes]","args":[{"element-6066-11e4-a52e-4f735466cecf":"f.8E6BFA2ED3A3A2D86F199707E5BEEB8B.d.02DC0D45566FEE3161E31A8707BC0582.e.15889","ELEMENT":"f.8E6BFA2ED3A3A2D86F199707E5BEEB8B.d.02DC0D45566FEE3161E31A8707BC0582.e.15889"}]}
RESULT: {"script":"<script> [8489 bytes]","args":[{"element-6066-11e4-a52e-4f735466cecf":"f.8E6BFA2ED3A3A2D86F199707E5BEEB8B.d.02DC0D45566FEE3161E31A8707BC0582.e.15889","ELEMENT":"f.8E6BFA2ED3A3A2D86F199707E5BEEB8B.d.02DC0D45566FEE3161E31A8707BC0582.e.15889"}]}
COMMAND: GET /session/7455601dddc232b6deafc0d190a18b4e/element/f.8E6BFA2ED3A3A2D86F199707E5BEEB8B.d.02DC0D45566FEE3161E31A8707BC0582.e.15889/enabled - {}
COMMAND: GET /session/7455601dddc232b6deafc0d190a18b4e/screenshot - {}
RESULT: {}
COMMAND: POST /session/7455601dddc232b6deafc0d190a18b4e/execute/sync - {"script":"<script> [8489 bytes]","args":[{"element-6066-11e4-a52e-4f735466cecf":"f.8E6BFA2ED3A3A2D86F199707E5BEEB8B.d.02DC0D45566FEE3161E31A8707BC0582.e.15889","ELEMENT":"f.8E6BFA2ED3A3A2D86F199707E5BEEB8B.d.02DC0D45566FEE3161E31A8707BC0582.e.15889"}]}
COMMAND: GET /session/7455601dddc232b6deafc0d190a18b4e/screenshot - {}
RESULT: {}
RESULT: {"script":"<script> [8489 bytes]","args":[{"element-6066-11e4-a52e-4f735466cecf":"f.8E6BFA2ED3A3A2D86F199707E5BEEB8B.d.02DC0D45566FEE3161E31A8707BC0582.e.15889","ELEMENT":"f.8E6BFA2ED3A3A2D86F199707E5BEEB8B.d.02DC0D45566FEE3161E31A8707BC0582.e.15889"}]}
COMMAND: POST /session/7455601dddc232b6deafc0d190a18b4e/execute/sync - {"script":"<script> [5351 bytes]","args":[{"element-6066-11e4-a52e-4f735466cecf":"f.8E6BFA2ED3A3A2D86F199707E5BEEB8B.d.02DC0D45566FEE3161E31A8707BC0582.e.15889","ELEMENT":"f.8E6BFA2ED3A3A2D86F199707E5BEEB8B.d.02DC0D45566FEE3161E31A8707BC0582.e.15889"}]}
COMMAND: GET /session/7455601dddc232b6deafc0d190a18b4e/screenshot - {}
RESULT: {}
RESULT: {"script":"<script> [5351 bytes]","args":[{"element-6066-11e4-a52e-4f735466cecf":"f.8E6BFA2ED3A3A2D86F199707E5BEEB8B.d.02DC0D45566FEE3161E31A8707BC0582.e.15889","ELEMENT":"f.8E6BFA2ED3A3A2D86F199707E5BEEB8B.d.02DC0D45566FEE3161E31A8707BC0582.e.15889"}]}
COMMAND: POST /session/7455601dddc232b6deafc0d190a18b4e/element/f.8E6BFA2ED3A3A2D86F199707E5BEEB8B.d.02DC0D45566FEE3161E31A8707BC0582.e.15889/click - {}
COMMAND: GET /session/7455601dddc232b6deafc0d190a18b4e/screenshot - {}
RESULT: {}
RESULT: {}
COMMAND: GET /session/7455601dddc232b6deafc0d190a18b4e/screenshot - {}
COMMAND: POST /session/7455601dddc232b6deafc0d190a18b4e/element - {"using":"xpath","value":"//span[contains(@id ,\"AddNewHO--typeSelect-arrow\")]"}
RESULT: {}
RESULT: {}
RESULT: {"using":"xpath","value":"//span[contains(@id ,\"AddNewHO--typeSelect-arrow\")]"}
COMMAND: POST /session/7455601dddc232b6deafc0d190a18b4e/element/f.8E6BFA2ED3A3A2D86F199707E5BEEB8B.d.02DC0D45566FEE3161E31A8707BC0582.e.16225/click - {}
RESULT: {}
COMMAND: GET /session/7455601dddc232b6deafc0d190a18b4e/screenshot - {}
RESULT: {}
COMMAND: POST /session/7455601dddc232b6deafc0d190a18b4e/element - {"using":"xpath","value":"(//li[contains(text(), \"stock increase yard\")])[1]"}
RESULT: {"using":"xpath","value":"(//li[contains(text(), \"stock increase yard\")])[1]"}
COMMAND: POST /session/7455601dddc232b6deafc0d190a18b4e/element/f.8E6BFA2ED3A3A2D86F199707E5BEEB8B.d.02DC0D45566FEE3161E31A8707BC0582.e.16226/click - {}
RESULT: {}
COMMAND: GET /session/7455601dddc232b6deafc0d190a18b4e/screenshot - {}
RESULT: {}
COMMAND: POST /session/7455601dddc232b6deafc0d190a18b4e/execute/async - {"script":"<script> [1562 bytes]","args":[{"selector":{"id":"application-managehandovers-display-component---AddNewHO--dueDate","interaction":{"idSuffix":"inner"}},"wdio_ui5_key":"applicationmanagehandovers-display-component---AddNewHO--dueDate"}]}
RESULT: {"script":"<script> [1562 bytes]","args":[{"selector":{"id":"application-managehandovers-display-component---AddNewHO--dueDate","interaction":{"idSuffix":"inner"}},"wdio_ui5_key":"applicationmanagehandovers-display-component---AddNewHO--dueDate"}]}
RESULT: undefined
COMMAND: POST /session/7455601dddc232b6deafc0d190a18b4e/execute/async - {"script":"<script> [6424 bytes]","args":[{"element-6066-11e4-a52e-4f735466cecf":"f.8E6BFA2ED3A3A2D86F199707E5BEEB8B.d.02DC0D45566FEE3161E31A8707BC0582.e.16230"},"setValue",["5/27/25"]]}
RESULT: {"script":"<script> [6424 bytes]","args":[{"element-6066-11e4-a52e-4f735466cecf":"f.8E6BFA2ED3A3A2D86F199707E5BEEB8B.d.02DC0D45566FEE3161E31A8707BC0582.e.16230"},"setValue",["5/27/25"]]}
COMMAND: POST /session/7455601dddc232b6deafc0d190a18b4e/element - {"using":"xpath","value":"//input[@id=\"generalSectionFrg--receiveYard-inner\"]"}
RESULT: {"using":"xpath","value":"//input[@id=\"generalSectionFrg--receiveYard-inner\"]"}
COMMAND: POST /session/7455601dddc232b6deafc0d190a18b4e/element/f.8E6BFA2ED3A3A2D86F199707E5BEEB8B.d.02DC0D45566FEE3161E31A8707BC0582.e.16236/clear - {}
RESULT: {}
COMMAND: POST /session/7455601dddc232b6deafc0d190a18b4e/element/f.8E6BFA2ED3A3A2D86F199707E5BEEB8B.d.02DC0D45566FEE3161E31A8707BC0582.e.16236/value - {"text":"400"}
COMMAND: GET /session/7455601dddc232b6deafc0d190a18b4e/screenshot - {}
RESULT: {"text":"400"}
COMMAND: GET /session/7455601dddc232b6deafc0d190a18b4e/screenshot - {}
RESULT: {}
RESULT: {}
COMMAND: POST /session/7455601dddc232b6deafc0d190a18b4e/element - {"using":"xpath","value":"//li[.//span[text()='400']]"}
RESULT: {"using":"xpath","value":"//li[.//span[text()='400']]"}
COMMAND: POST /session/7455601dddc232b6deafc0d190a18b4e/element/f.8E6BFA2ED3A3A2D86F199707E5BEEB8B.d.02DC0D45566FEE3161E31A8707BC0582.e.16252/click - {}
RESULT: {}
COMMAND: GET /session/7455601dddc232b6deafc0d190a18b4e/screenshot - {}
RESULT: {}
COMMAND: POST /session/7455601dddc232b6deafc0d190a18b4e/execute/async - {"script":"<script> [1562 bytes]","args":[{"selector":{"id":"application-managehandovers-display-component---AddNewHO--ObjectPageLayout-anchBar-application-managehandovers-display-component---AddNewHO--section4-anchor","interaction":{"idSuffix":"BDI-content"}},"wdio_ui5_key":"applicationmanagehandovers-display-component---AddNewHO--ObjectPageLayout-anchBar-application-managehandovers-display-component---AddNewHO--section4-anchor"}]}
RESULT: {"script":"<script> [1562 bytes]","args":[{"selector":{"id":"application-managehandovers-display-component---AddNewHO--ObjectPageLayout-anchBar-application-managehandovers-display-component---AddNewHO--section4-anchor","interaction":{"idSuffix":"BDI-content"}},"wdio_ui5_key":"applicationmanagehandovers-display-component---AddNewHO--ObjectPageLayout-anchBar-application-managehandovers-display-component---AddNewHO--section4-anchor"}]}
RESULT: undefined
COMMAND: POST /session/7455601dddc232b6deafc0d190a18b4e/element - {"using":"xpath","value":"//*[@id=\"application-managehandovers-display-component---AddNewHO--ObjectPageLayout-anchBar-application-managehandovers-display-component---AddNewHO--section4-anchor\"]"}
RESULT: {"using":"xpath","value":"//*[@id=\"application-managehandovers-display-component---AddNewHO--ObjectPageLayout-anchBar-application-managehandovers-display-component---AddNewHO--section4-anchor\"]"}
COMMAND: POST /session/7455601dddc232b6deafc0d190a18b4e/element/f.8E6BFA2ED3A3A2D86F199707E5BEEB8B.d.02DC0D45566FEE3161E31A8707BC0582.e.16254/click - {}
RESULT: {}
COMMAND: POST /session/7455601dddc232b6deafc0d190a18b4e/element - {"using":"xpath","value":"//button[@aria-label=\"Add\"]"}
COMMAND: GET /session/7455601dddc232b6deafc0d190a18b4e/screenshot - {}
RESULT: {"using":"xpath","value":"//button[@aria-label=\"Add\"]"}
COMMAND: POST /session/7455601dddc232b6deafc0d190a18b4e/element/f.8E6BFA2ED3A3A2D86F199707E5BEEB8B.d.02DC0D45566FEE3161E31A8707BC0582.e.16256/click - {}
RESULT: {}
RESULT: {}
COMMAND: GET /session/7455601dddc232b6deafc0d190a18b4e/screenshot - {}
RESULT: {}
COMMAND: POST /session/7455601dddc232b6deafc0d190a18b4e/execute/async - {"script":"<script> [1562 bytes]","args":[{"selector":{"id":"application-managehandovers-display-component---AddNewHO--smartFilterBar-btnBasicSearch","searchOpenDialogs":true,"interaction":{"idSuffix":"I"}},"wdio_ui5_key":"applicationmanagehandovers-display-component---AddNewHO--smartFilterBar-btnBasicSearch"}]}
RESULT: {"script":"<script> [1562 bytes]","args":[{"selector":{"id":"application-managehandovers-display-component---AddNewHO--smartFilterBar-btnBasicSearch","searchOpenDialogs":true,"interaction":{"idSuffix":"I"}},"wdio_ui5_key":"applicationmanagehandovers-display-component---AddNewHO--smartFilterBar-btnBasicSearch"}]}
RESULT: undefined
COMMAND: POST /session/7455601dddc232b6deafc0d190a18b4e/execute/async - {"script":"<script> [776 bytes]","args":[{"enterText":"pqNwvRgzpv","selector":{"id":"application-managehandovers-display-component---AddNewHO--smartFilterBar-btnBasicSearch","searchOpenDialogs":true,"interaction":{"idSuffix":"I"}},"clearTextFirst":true,"interactionType":"ENTER_TEXT"}]}
RESULT: {"script":"<script> [776 bytes]","args":[{"enterText":"pqNwvRgzpv","selector":{"id":"application-managehandovers-display-component---AddNewHO--smartFilterBar-btnBasicSearch","searchOpenDialogs":true,"interaction":{"idSuffix":"I"}},"clearTextFirst":true,"interactionType":"ENTER_TEXT"}]}
COMMAND: POST /session/7455601dddc232b6deafc0d190a18b4e/actions - {"actions":[{"id":"action51","type":"key","parameters":{},"actions":[{"type":"keyDown","value":""},{"type":"pause","duration":10},{"type":"keyUp","value":""}]}]}
RESULT: {"actions":[{"id":"action51","type":"key","parameters":{},"actions":[{"type":"keyDown","value":""},{"type":"pause","duration":10},{"type":"keyUp","value":""}]}]}
COMMAND: GET /session/7455601dddc232b6deafc0d190a18b4e/screenshot - {}
RESULT: {}
COMMAND: POST /session/7455601dddc232b6deafc0d190a18b4e/execute/async - {"script":"<script> [1562 bytes]","args":[{"selector":{"id":"application-managehandovers-display-component---AddNewHO--popup-sa","searchOpenDialogs":true,"interaction":{"idSuffix":"CbBg"}},"wdio_ui5_key":"applicationmanagehandovers-display-component---AddNewHO--popup-sa"}]}
RESULT: {"script":"<script> [1562 bytes]","args":[{"selector":{"id":"application-managehandovers-display-component---AddNewHO--popup-sa","searchOpenDialogs":true,"interaction":{"idSuffix":"CbBg"}},"wdio_ui5_key":"applicationmanagehandovers-display-component---AddNewHO--popup-sa"}]}
RESULT: undefined
COMMAND: POST /session/7455601dddc232b6deafc0d190a18b4e/element - {"using":"xpath","value":"//*[@id=\"application-managehandovers-display-component---AddNewHO--popup-sa\"]"}
RESULT: {"using":"xpath","value":"//*[@id=\"application-managehandovers-display-component---AddNewHO--popup-sa\"]"}
COMMAND: POST /session/7455601dddc232b6deafc0d190a18b4e/element/f.8E6BFA2ED3A3A2D86F199707E5BEEB8B.d.02DC0D45566FEE3161E31A8707BC0582.e.16409/click - {}
RESULT: {}
COMMAND: GET /session/7455601dddc232b6deafc0d190a18b4e/screenshot - {}
RESULT: {}
COMMAND: POST /session/7455601dddc232b6deafc0d190a18b4e/element - {"using":"xpath","value":"//bdi[contains(text(), \"Select\")]"}
RESULT: {"using":"xpath","value":"//bdi[contains(text(), \"Select\")]"}
COMMAND: POST /session/7455601dddc232b6deafc0d190a18b4e/element/f.8E6BFA2ED3A3A2D86F199707E5BEEB8B.d.02DC0D45566FEE3161E31A8707BC0582.e.16410/click - {}
RESULT: {}
COMMAND: GET /session/7455601dddc232b6deafc0d190a18b4e/screenshot - {}
RESULT: {}
COMMAND: POST /session/7455601dddc232b6deafc0d190a18b4e/element - {"using":"xpath","value":"//button[@data-kt=\"AddNewHOSaveButton\"]"}
RESULT: {"using":"xpath","value":"//button[@data-kt=\"AddNewHOSaveButton\"]"}
COMMAND: POST /session/7455601dddc232b6deafc0d190a18b4e/element/f.8E6BFA2ED3A3A2D86F199707E5BEEB8B.d.02DC0D45566FEE3161E31A8707BC0582.e.16414/click - {}
RESULT: {}
COMMAND: GET /session/7455601dddc232b6deafc0d190a18b4e/screenshot - {}
COMMAND: POST /session/7455601dddc232b6deafc0d190a18b4e/execute/async - {"script":"<script> [1562 bytes]","args":[{"selector":{"id":"receiptDatePicker","viewName":"etm.portal.ui.managehandovers.view.DetailExecuteHO","interaction":{"idSuffix":"inner"}},"wdio_ui5_key":"receiptDatePickeretmportal.ui.managehandovers.view.DetailExecuteHO"}]}
RESULT: {}
RESULT: {"script":"<script> [1562 bytes]","args":[{"selector":{"id":"receiptDatePicker","viewName":"etm.portal.ui.managehandovers.view.DetailExecuteHO","interaction":{"idSuffix":"inner"}},"wdio_ui5_key":"receiptDatePickeretmportal.ui.managehandovers.view.DetailExecuteHO"}]}
RESULT: undefined
COMMAND: POST /session/7455601dddc232b6deafc0d190a18b4e/execute/async - {"script":"<script> [6424 bytes]","args":[{"element-6066-11e4-a52e-4f735466cecf":"f.8E6BFA2ED3A3A2D86F199707E5BEEB8B.d.02DC0D45566FEE3161E31A8707BC0582.e.16443"},"setValue",["5/27/25"]]}
RESULT: {"script":"<script> [6424 bytes]","args":[{"element-6066-11e4-a52e-4f735466cecf":"f.8E6BFA2ED3A3A2D86F199707E5BEEB8B.d.02DC0D45566FEE3161E31A8707BC0582.e.16443"},"setValue",["5/27/25"]]}
COMMAND: POST /session/7455601dddc232b6deafc0d190a18b4e/element - {"using":"xpath","value":"//button[@data-kt=\"ReceivingTableConfirmAllButton\"]"}
RESULT: {"using":"xpath","value":"//button[@data-kt=\"ReceivingTableConfirmAllButton\"]"}
COMMAND: POST /session/7455601dddc232b6deafc0d190a18b4e/element/f.8E6BFA2ED3A3A2D86F199707E5BEEB8B.d.02DC0D45566FEE3161E31A8707BC0582.e.16458/click - {}
RESULT: {}
COMMAND: GET /session/7455601dddc232b6deafc0d190a18b4e/screenshot - {}
RESULT: {}
COMMAND: POST /session/7455601dddc232b6deafc0d190a18b4e/element - {"using":"xpath","value":"//bdi[contains(text(), \"OK\")]"}
RESULT: {"using":"xpath","value":"//bdi[contains(text(), \"OK\")]"}
COMMAND: POST /session/7455601dddc232b6deafc0d190a18b4e/element/f.8E6BFA2ED3A3A2D86F199707E5BEEB8B.d.02DC0D45566FEE3161E31A8707BC0582.e.16460/click - {}
RESULT: {}
COMMAND: GET /session/7455601dddc232b6deafc0d190a18b4e/screenshot - {}
RESULT: {}
COMMAND: POST /session/7455601dddc232b6deafc0d190a18b4e/element - {"using":"xpath","value":"(//bdi[contains(text(), \"Receive\")])[2]"}
RESULT: {"using":"xpath","value":"(//bdi[contains(text(), \"Receive\")])[2]"}
COMMAND: POST /session/7455601dddc232b6deafc0d190a18b4e/element/f.8E6BFA2ED3A3A2D86F199707E5BEEB8B.d.02DC0D45566FEE3161E31A8707BC0582.e.16462/click - {}
RESULT: {}
COMMAND: GET /session/7455601dddc232b6deafc0d190a18b4e/screenshot - {}
RESULT: {}
COMMAND: POST /session/7455601dddc232b6deafc0d190a18b4e/element - {"using":"css selector","value":"#shell-header-logo"}
RESULT: {"using":"css selector","value":"#shell-header-logo"}
COMMAND: POST /session/7455601dddc232b6deafc0d190a18b4e/element/f.8E6BFA2ED3A3A2D86F199707E5BEEB8B.d.02DC0D45566FEE3161E31A8707BC0582.e.15852/click - {}
RESULT: {}
COMMAND: GET /session/7455601dddc232b6deafc0d190a18b4e/screenshot - {}
RESULT: {}
]]></system-out>
    </testcase>
    <testcase classname="chrome.136_0_7103_93.windows.Billing_transfer_US117289" name="Should create a new contract" time="65.749">
      <system-out><![CDATA[
COMMAND: POST /session/7455601dddc232b6deafc0d190a18b4e/execute/async - {"script":"<script> [1562 bytes]","args":[{"selector":{"controlType":"sap.m.GenericTile","properties":{"header":"Manage Contracts"}},"wdio_ui5_key":"sapm.GenericTile{\"header\":\"Manage Contracts\"}"}]}
RESULT: {"script":"<script> [1562 bytes]","args":[{"selector":{"controlType":"sap.m.GenericTile","properties":{"header":"Manage Contracts"}},"wdio_ui5_key":"sapm.GenericTile{\"header\":\"Manage Contracts\"}"}]}
RESULT: undefined
COMMAND: POST /session/7455601dddc232b6deafc0d190a18b4e/element - {"using":"xpath","value":"//*[@id=\"__tile131\"]"}
RESULT: {"using":"xpath","value":"//*[@id=\"__tile131\"]"}
COMMAND: POST /session/7455601dddc232b6deafc0d190a18b4e/element/f.8E6BFA2ED3A3A2D86F199707E5BEEB8B.d.02DC0D45566FEE3161E31A8707BC0582.e.14477/click - {}
RESULT: {}
COMMAND: GET /session/7455601dddc232b6deafc0d190a18b4e/screenshot - {}
RESULT: {}
COMMAND: POST /session/7455601dddc232b6deafc0d190a18b4e/elements - {"using":"xpath","value":"//span[text()='Error']"}
RESULT: {"using":"xpath","value":"//span[text()='Error']"}
COMMAND: POST /session/7455601dddc232b6deafc0d190a18b4e/element - {"using":"xpath","value":"//button[@data-kt=\"addButton\"]"}
RESULT: {"using":"xpath","value":"//button[@data-kt=\"addButton\"]"}
COMMAND: POST /session/7455601dddc232b6deafc0d190a18b4e/elements - {"using":"xpath","value":"//button[@data-kt=\"addButton\"]"}
RESULT: {"using":"xpath","value":"//button[@data-kt=\"addButton\"]"}
COMMAND: POST /session/7455601dddc232b6deafc0d190a18b4e/execute/sync - {"script":"<script> [8489 bytes]","args":[{"element-6066-11e4-a52e-4f735466cecf":"f.8E6BFA2ED3A3A2D86F199707E5BEEB8B.d.02DC0D45566FEE3161E31A8707BC0582.e.16792","ELEMENT":"f.8E6BFA2ED3A3A2D86F199707E5BEEB8B.d.02DC0D45566FEE3161E31A8707BC0582.e.16792"}]}
RESULT: {"script":"<script> [8489 bytes]","args":[{"element-6066-11e4-a52e-4f735466cecf":"f.8E6BFA2ED3A3A2D86F199707E5BEEB8B.d.02DC0D45566FEE3161E31A8707BC0582.e.16792","ELEMENT":"f.8E6BFA2ED3A3A2D86F199707E5BEEB8B.d.02DC0D45566FEE3161E31A8707BC0582.e.16792"}]}
COMMAND: GET /session/7455601dddc232b6deafc0d190a18b4e/element/f.8E6BFA2ED3A3A2D86F199707E5BEEB8B.d.02DC0D45566FEE3161E31A8707BC0582.e.16792/enabled - {}
COMMAND: GET /session/7455601dddc232b6deafc0d190a18b4e/screenshot - {}
RESULT: {}
COMMAND: POST /session/7455601dddc232b6deafc0d190a18b4e/execute/sync - {"script":"<script> [8489 bytes]","args":[{"element-6066-11e4-a52e-4f735466cecf":"f.8E6BFA2ED3A3A2D86F199707E5BEEB8B.d.02DC0D45566FEE3161E31A8707BC0582.e.16792","ELEMENT":"f.8E6BFA2ED3A3A2D86F199707E5BEEB8B.d.02DC0D45566FEE3161E31A8707BC0582.e.16792"}]}
COMMAND: GET /session/7455601dddc232b6deafc0d190a18b4e/screenshot - {}
RESULT: {}
RESULT: {"script":"<script> [8489 bytes]","args":[{"element-6066-11e4-a52e-4f735466cecf":"f.8E6BFA2ED3A3A2D86F199707E5BEEB8B.d.02DC0D45566FEE3161E31A8707BC0582.e.16792","ELEMENT":"f.8E6BFA2ED3A3A2D86F199707E5BEEB8B.d.02DC0D45566FEE3161E31A8707BC0582.e.16792"}]}
COMMAND: POST /session/7455601dddc232b6deafc0d190a18b4e/execute/sync - {"script":"<script> [5351 bytes]","args":[{"element-6066-11e4-a52e-4f735466cecf":"f.8E6BFA2ED3A3A2D86F199707E5BEEB8B.d.02DC0D45566FEE3161E31A8707BC0582.e.16792","ELEMENT":"f.8E6BFA2ED3A3A2D86F199707E5BEEB8B.d.02DC0D45566FEE3161E31A8707BC0582.e.16792"}]}
COMMAND: GET /session/7455601dddc232b6deafc0d190a18b4e/screenshot - {}
RESULT: {}
RESULT: {"script":"<script> [5351 bytes]","args":[{"element-6066-11e4-a52e-4f735466cecf":"f.8E6BFA2ED3A3A2D86F199707E5BEEB8B.d.02DC0D45566FEE3161E31A8707BC0582.e.16792","ELEMENT":"f.8E6BFA2ED3A3A2D86F199707E5BEEB8B.d.02DC0D45566FEE3161E31A8707BC0582.e.16792"}]}
COMMAND: GET /session/7455601dddc232b6deafc0d190a18b4e/screenshot - {}
RESULT: {}
RESULT: {}
COMMAND: POST /session/7455601dddc232b6deafc0d190a18b4e/element/f.8E6BFA2ED3A3A2D86F199707E5BEEB8B.d.02DC0D45566FEE3161E31A8707BC0582.e.16792/click - {}
RESULT: {}
COMMAND: GET /session/7455601dddc232b6deafc0d190a18b4e/screenshot - {}
COMMAND: POST /session/7455601dddc232b6deafc0d190a18b4e/execute/async - {"script":"<script> [1562 bytes]","args":[{"selector":{"id":"application-managecontracts-display-component---AddNewContract--projectDescription","interaction":{"idSuffix":"inner"}},"wdio_ui5_key":"applicationmanagecontracts-display-component---AddNewContract--projectDescription"}]}
RESULT: {}
RESULT: {"script":"<script> [1562 bytes]","args":[{"selector":{"id":"application-managecontracts-display-component---AddNewContract--projectDescription","interaction":{"idSuffix":"inner"}},"wdio_ui5_key":"applicationmanagecontracts-display-component---AddNewContract--projectDescription"}]}
RESULT: undefined
COMMAND: POST /session/7455601dddc232b6deafc0d190a18b4e/execute/async - {"script":"<script> [776 bytes]","args":[{"enterText":"Contract WDIO","selector":{"id":"application-managecontracts-display-component---AddNewContract--projectDescription","interaction":{"idSuffix":"inner"}},"clearTextFirst":true,"interactionType":"ENTER_TEXT"}]}
RESULT: {"script":"<script> [776 bytes]","args":[{"enterText":"Contract WDIO","selector":{"id":"application-managecontracts-display-component---AddNewContract--projectDescription","interaction":{"idSuffix":"inner"}},"clearTextFirst":true,"interactionType":"ENTER_TEXT"}]}
COMMAND: POST /session/7455601dddc232b6deafc0d190a18b4e/element - {"using":"xpath","value":"//input[@id=\"application-managecontracts-display-component---AddNewContract--site-inner\"]"}
RESULT: {"using":"xpath","value":"//input[@id=\"application-managecontracts-display-component---AddNewContract--site-inner\"]"}
COMMAND: POST /session/7455601dddc232b6deafc0d190a18b4e/element/f.8E6BFA2ED3A3A2D86F199707E5BEEB8B.d.02DC0D45566FEE3161E31A8707BC0582.e.17114/clear - {}
RESULT: {}
COMMAND: POST /session/7455601dddc232b6deafc0d190a18b4e/element/f.8E6BFA2ED3A3A2D86F199707E5BEEB8B.d.02DC0D45566FEE3161E31A8707BC0582.e.17114/value - {"text":"2189"}
COMMAND: GET /session/7455601dddc232b6deafc0d190a18b4e/screenshot - {}
RESULT: {"text":"2189"}
COMMAND: GET /session/7455601dddc232b6deafc0d190a18b4e/screenshot - {}
RESULT: {}
RESULT: {}
COMMAND: POST /session/7455601dddc232b6deafc0d190a18b4e/element - {"using":"xpath","value":"//li[.//span[text()='2189']]"}
RESULT: {"using":"xpath","value":"//li[.//span[text()='2189']]"}
COMMAND: POST /session/7455601dddc232b6deafc0d190a18b4e/element/f.8E6BFA2ED3A3A2D86F199707E5BEEB8B.d.02DC0D45566FEE3161E31A8707BC0582.e.17196/click - {}
RESULT: {}
COMMAND: GET /session/7455601dddc232b6deafc0d190a18b4e/screenshot - {}
RESULT: {}
COMMAND: POST /session/7455601dddc232b6deafc0d190a18b4e/element - {"using":"xpath","value":"//input[@id=\"application-managecontracts-display-component---AddNewContract--yardId-inner\"]"}
RESULT: {"using":"xpath","value":"//input[@id=\"application-managecontracts-display-component---AddNewContract--yardId-inner\"]"}
COMMAND: GET /session/7455601dddc232b6deafc0d190a18b4e/element/f.8E6BFA2ED3A3A2D86F199707E5BEEB8B.d.02DC0D45566FEE3161E31A8707BC0582.e.17115/property/value - {}
RESULT: {}
COMMAND: POST /session/7455601dddc232b6deafc0d190a18b4e/element - {"using":"xpath","value":"//input[@id=\"application-managecontracts-display-component---AddNewContract--customerSelect-inner\"]"}
COMMAND: GET /session/7455601dddc232b6deafc0d190a18b4e/screenshot - {}
RESULT: {"using":"xpath","value":"//input[@id=\"application-managecontracts-display-component---AddNewContract--customerSelect-inner\"]"}
COMMAND: POST /session/7455601dddc232b6deafc0d190a18b4e/element/f.8E6BFA2ED3A3A2D86F199707E5BEEB8B.d.02DC0D45566FEE3161E31A8707BC0582.e.17113/clear - {}
RESULT: {}
RESULT: {}
COMMAND: POST /session/7455601dddc232b6deafc0d190a18b4e/element/f.8E6BFA2ED3A3A2D86F199707E5BEEB8B.d.02DC0D45566FEE3161E31A8707BC0582.e.17113/value - {"text":"1208"}
COMMAND: GET /session/7455601dddc232b6deafc0d190a18b4e/screenshot - {}
RESULT: {"text":"1208"}
COMMAND: GET /session/7455601dddc232b6deafc0d190a18b4e/screenshot - {}
RESULT: {}
RESULT: {}
COMMAND: POST /session/7455601dddc232b6deafc0d190a18b4e/element - {"using":"xpath","value":"//li[.//span[text()='1208']]"}
RESULT: {"using":"xpath","value":"//li[.//span[text()='1208']]"}
COMMAND: POST /session/7455601dddc232b6deafc0d190a18b4e/element/f.8E6BFA2ED3A3A2D86F199707E5BEEB8B.d.02DC0D45566FEE3161E31A8707BC0582.e.17199/click - {}
RESULT: {}
COMMAND: GET /session/7455601dddc232b6deafc0d190a18b4e/screenshot - {}
RESULT: {}
COMMAND: POST /session/7455601dddc232b6deafc0d190a18b4e/element - {"using":"xpath","value":"//button[@data-kt=\"saveButton\"]"}
RESULT: {"using":"xpath","value":"//button[@data-kt=\"saveButton\"]"}
COMMAND: POST /session/7455601dddc232b6deafc0d190a18b4e/element/f.8E6BFA2ED3A3A2D86F199707E5BEEB8B.d.02DC0D45566FEE3161E31A8707BC0582.e.17188/click - {}
RESULT: {}
COMMAND: GET /session/7455601dddc232b6deafc0d190a18b4e/screenshot - {}
RESULT: {}
COMMAND: POST /session/7455601dddc232b6deafc0d190a18b4e/element - {"using":"xpath","value":"//span[contains(@id ,\"contractDetailTitleNoExpanded\")]"}
RESULT: {"using":"xpath","value":"//span[contains(@id ,\"contractDetailTitleNoExpanded\")]"}
COMMAND: POST /session/7455601dddc232b6deafc0d190a18b4e/elements - {"using":"xpath","value":"//span[contains(@id ,\"contractDetailTitleNoExpanded\")]"}
RESULT: {"using":"xpath","value":"//span[contains(@id ,\"contractDetailTitleNoExpanded\")]"}
COMMAND: POST /session/7455601dddc232b6deafc0d190a18b4e/execute/sync - {"script":"<script> [56 bytes]","args":[{"element-6066-11e4-a52e-4f735466cecf":"f.8E6BFA2ED3A3A2D86F199707E5BEEB8B.d.02DC0D45566FEE3161E31A8707BC0582.e.17272","ELEMENT":"f.8E6BFA2ED3A3A2D86F199707E5BEEB8B.d.02DC0D45566FEE3161E31A8707BC0582.e.17272"}]}
RESULT: {"script":"<script> [56 bytes]","args":[{"element-6066-11e4-a52e-4f735466cecf":"f.8E6BFA2ED3A3A2D86F199707E5BEEB8B.d.02DC0D45566FEE3161E31A8707BC0582.e.17272","ELEMENT":"f.8E6BFA2ED3A3A2D86F199707E5BEEB8B.d.02DC0D45566FEE3161E31A8707BC0582.e.17272"}]}
COMMAND: GET /session/7455601dddc232b6deafc0d190a18b4e/screenshot - {}
RESULT: {}
]]></system-out>
    </testcase>
    <testcase classname="chrome.136_0_7103_93.windows.Billing_transfer_US117289" name="Should add created equipment to contract" time="49.952">
      <system-out><![CDATA[
COMMAND: POST /session/7455601dddc232b6deafc0d190a18b4e/element - {"using":"xpath","value":"//button[@data-kt=\"contractDetailEditBtnButton\"]"}
RESULT: {"using":"xpath","value":"//button[@data-kt=\"contractDetailEditBtnButton\"]"}
COMMAND: POST /session/7455601dddc232b6deafc0d190a18b4e/element/f.8E6BFA2ED3A3A2D86F199707E5BEEB8B.d.02DC0D45566FEE3161E31A8707BC0582.e.17273/click - {}
RESULT: {}
COMMAND: GET /session/7455601dddc232b6deafc0d190a18b4e/screenshot - {}
RESULT: {}
COMMAND: POST /session/7455601dddc232b6deafc0d190a18b4e/element - {"using":"xpath","value":"(//span[contains(text(), \"Additional Addresses\")])[2]"}
RESULT: {"using":"xpath","value":"(//span[contains(text(), \"Additional Addresses\")])[2]"}
COMMAND: POST /session/7455601dddc232b6deafc0d190a18b4e/element/f.8E6BFA2ED3A3A2D86F199707E5BEEB8B.d.02DC0D45566FEE3161E31A8707BC0582.e.17330/click - {}
RESULT: {}
COMMAND: GET /session/7455601dddc232b6deafc0d190a18b4e/screenshot - {}
RESULT: {}
COMMAND: POST /session/7455601dddc232b6deafc0d190a18b4e/element - {"using":"xpath","value":"//button[@data-kt=\"btnAddTableRowOverflowToolbarButton\"]"}
RESULT: {"using":"xpath","value":"//button[@data-kt=\"btnAddTableRowOverflowToolbarButton\"]"}
COMMAND: POST /session/7455601dddc232b6deafc0d190a18b4e/element/f.8E6BFA2ED3A3A2D86F199707E5BEEB8B.d.02DC0D45566FEE3161E31A8707BC0582.e.17333/click - {}
RESULT: {}
COMMAND: GET /session/7455601dddc232b6deafc0d190a18b4e/screenshot - {}
RESULT: {}
COMMAND: POST /session/7455601dddc232b6deafc0d190a18b4e/element - {"using":"xpath","value":"//div[(text() = 'Standard Entry' or . = 'Standard Entry')]"}
RESULT: {"using":"xpath","value":"//div[(text() = 'Standard Entry' or . = 'Standard Entry')]"}
COMMAND: POST /session/7455601dddc232b6deafc0d190a18b4e/element/f.8E6BFA2ED3A3A2D86F199707E5BEEB8B.d.02DC0D45566FEE3161E31A8707BC0582.e.17335/click - {}
RESULT: {}
COMMAND: GET /session/7455601dddc232b6deafc0d190a18b4e/screenshot - {}
RESULT: {}
COMMAND: POST /session/7455601dddc232b6deafc0d190a18b4e/element - {"using":"xpath","value":"//td[7]/div/div/input"}
RESULT: {"using":"xpath","value":"//td[7]/div/div/input"}
COMMAND: POST /session/7455601dddc232b6deafc0d190a18b4e/element/f.8E6BFA2ED3A3A2D86F199707E5BEEB8B.d.02DC0D45566FEE3161E31A8707BC0582.e.17344/clear - {}
RESULT: {}
COMMAND: POST /session/7455601dddc232b6deafc0d190a18b4e/element/f.8E6BFA2ED3A3A2D86F199707E5BEEB8B.d.02DC0D45566FEE3161E31A8707BC0582.e.17344/value - {"text":"pqNwvRgzpv"}
COMMAND: GET /session/7455601dddc232b6deafc0d190a18b4e/screenshot - {}
RESULT: {"text":"pqNwvRgzpv"}
COMMAND: GET /session/7455601dddc232b6deafc0d190a18b4e/screenshot - {}
RESULT: {}
RESULT: {}
COMMAND: POST /session/7455601dddc232b6deafc0d190a18b4e/actions - {"actions":[{"id":"action52","type":"key","parameters":{},"actions":[{"type":"keyDown","value":""},{"type":"pause","duration":10},{"type":"keyUp","value":""}]}]}
RESULT: {"actions":[{"id":"action52","type":"key","parameters":{},"actions":[{"type":"keyDown","value":""},{"type":"pause","duration":10},{"type":"keyUp","value":""}]}]}
COMMAND: GET /session/7455601dddc232b6deafc0d190a18b4e/screenshot - {}
RESULT: {}
COMMAND: POST /session/7455601dddc232b6deafc0d190a18b4e/execute/sync - {"script":"<script> [276 bytes]","args":["No pricing information was found"]}
RESULT: {"script":"<script> [276 bytes]","args":["No pricing information was found"]}
COMMAND: POST /session/7455601dddc232b6deafc0d190a18b4e/element - {"using":"xpath","value":"(//button[@data-kt=\"saveButton\"])[2]"}
COMMAND: GET /session/7455601dddc232b6deafc0d190a18b4e/screenshot - {}
RESULT: {"using":"xpath","value":"(//button[@data-kt=\"saveButton\"])[2]"}
COMMAND: POST /session/7455601dddc232b6deafc0d190a18b4e/element/f.8E6BFA2ED3A3A2D86F199707E5BEEB8B.d.02DC0D45566FEE3161E31A8707BC0582.e.17359/click - {}
RESULT: {}
RESULT: {}
COMMAND: GET /session/7455601dddc232b6deafc0d190a18b4e/screenshot - {}
RESULT: {}
COMMAND: POST /session/7455601dddc232b6deafc0d190a18b4e/execute/sync - {"script":"<script> [276 bytes]","args":["Some contract items are having rental validity exceeding header rental validity"]}
RESULT: {"script":"<script> [276 bytes]","args":["Some contract items are having rental validity exceeding header rental validity"]}
COMMAND: GET /session/7455601dddc232b6deafc0d190a18b4e/screenshot - {}
RESULT: {}
COMMAND: POST /session/7455601dddc232b6deafc0d190a18b4e/element - {"using":"xpath","value":"//span[contains(@id ,\"contractItemsSmartTable-header-inner\")]"}
RESULT: {"using":"xpath","value":"//span[contains(@id ,\"contractItemsSmartTable-header-inner\")]"}
COMMAND: POST /session/7455601dddc232b6deafc0d190a18b4e/elements - {"using":"xpath","value":"//span[contains(@id ,\"contractItemsSmartTable-header-inner\")]"}
RESULT: {"using":"xpath","value":"//span[contains(@id ,\"contractItemsSmartTable-header-inner\")]"}
COMMAND: POST /session/7455601dddc232b6deafc0d190a18b4e/execute/sync - {"script":"<script> [56 bytes]","args":[{"element-6066-11e4-a52e-4f735466cecf":"f.8E6BFA2ED3A3A2D86F199707E5BEEB8B.d.02DC0D45566FEE3161E31A8707BC0582.e.17365","ELEMENT":"f.8E6BFA2ED3A3A2D86F199707E5BEEB8B.d.02DC0D45566FEE3161E31A8707BC0582.e.17365"}]}
RESULT: {"script":"<script> [56 bytes]","args":[{"element-6066-11e4-a52e-4f735466cecf":"f.8E6BFA2ED3A3A2D86F199707E5BEEB8B.d.02DC0D45566FEE3161E31A8707BC0582.e.17365","ELEMENT":"f.8E6BFA2ED3A3A2D86F199707E5BEEB8B.d.02DC0D45566FEE3161E31A8707BC0582.e.17365"}]}
]]></system-out>
    </testcase>
    <testcase classname="chrome.136_0_7103_93.windows.Billing_transfer_US117289" name="Should do a provide to site handover" time="64.89">
      <system-out><![CDATA[
COMMAND: POST /session/7455601dddc232b6deafc0d190a18b4e/element - {"using":"xpath","value":"//button[@data-kt=\"provideButton\"]"}
COMMAND: GET /session/7455601dddc232b6deafc0d190a18b4e/screenshot - {}
RESULT: {"using":"xpath","value":"//button[@data-kt=\"provideButton\"]"}
COMMAND: POST /session/7455601dddc232b6deafc0d190a18b4e/element/f.8E6BFA2ED3A3A2D86F199707E5BEEB8B.d.02DC0D45566FEE3161E31A8707BC0582.e.17366/click - {}
RESULT: {}
RESULT: {}
COMMAND: GET /session/7455601dddc232b6deafc0d190a18b4e/screenshot - {}
RESULT: {}
RESULT: undefined
COMMAND: POST /session/7455601dddc232b6deafc0d190a18b4e/execute/async - {"script":"<script> [6424 bytes]","args":[{"element-6066-11e4-a52e-4f735466cecf":"f.8E6BFA2ED3A3A2D86F199707E5BEEB8B.d.02DC0D45566FEE3161E31A8707BC0582.e.16230"},"setValue",["5/27/25"]]}
COMMAND: POST /session/7455601dddc232b6deafc0d190a18b4e/execute/async - {"script":"<script> [1562 bytes]","args":[{"selector":{"id":"application-managehandovers-display-component---AddNewHO--dueDate","interaction":{"idSuffix":"inner"}},"wdio_ui5_key":"applicationmanagehandovers-display-component---AddNewHO--dueDate"}]}
RESULT: {"script":"<script> [1562 bytes]","args":[{"selector":{"id":"application-managehandovers-display-component---AddNewHO--dueDate","interaction":{"idSuffix":"inner"}},"wdio_ui5_key":"applicationmanagehandovers-display-component---AddNewHO--dueDate"}]}
COMMAND: POST /session/7455601dddc232b6deafc0d190a18b4e/execute/async - {"script":"<script> [6424 bytes]","args":[{"element-6066-11e4-a52e-4f735466cecf":"f.8E6BFA2ED3A3A2D86F199707E5BEEB8B.d.02DC0D45566FEE3161E31A8707BC0582.e.17440"},"setValue",["5/27/25"]]}
RESULT: {"script":"<script> [6424 bytes]","args":[{"element-6066-11e4-a52e-4f735466cecf":"f.8E6BFA2ED3A3A2D86F199707E5BEEB8B.d.02DC0D45566FEE3161E31A8707BC0582.e.17440"},"setValue",["5/27/25"]]}
COMMAND: POST /session/7455601dddc232b6deafc0d190a18b4e/element - {"using":"xpath","value":"//bdi[contains(text(), \"Instructions\")]"}
RESULT: {"using":"xpath","value":"//bdi[contains(text(), \"Instructions\")]"}
COMMAND: POST /session/7455601dddc232b6deafc0d190a18b4e/element/f.8E6BFA2ED3A3A2D86F199707E5BEEB8B.d.02DC0D45566FEE3161E31A8707BC0582.e.17687/click - {}
RESULT: {}
COMMAND: GET /session/7455601dddc232b6deafc0d190a18b4e/screenshot - {}
RESULT: {}
COMMAND: POST /session/7455601dddc232b6deafc0d190a18b4e/element - {"using":"xpath","value":"//button[@data-kt=\"AddNewHOProvideAddItemsButton\"]"}
RESULT: {"using":"xpath","value":"//button[@data-kt=\"AddNewHOProvideAddItemsButton\"]"}
COMMAND: POST /session/7455601dddc232b6deafc0d190a18b4e/element/f.8E6BFA2ED3A3A2D86F199707E5BEEB8B.d.02DC0D45566FEE3161E31A8707BC0582.e.17691/click - {}
RESULT: {}
COMMAND: GET /session/7455601dddc232b6deafc0d190a18b4e/screenshot - {}
RESULT: {}
RESULT: undefined
COMMAND: POST /session/7455601dddc232b6deafc0d190a18b4e/element - {"using":"xpath","value":"//*[@id=\"application-managehandovers-display-component---AddNewHO--popup-sa\"]"}
RESULT: {"using":"xpath","value":"//*[@id=\"application-managehandovers-display-component---AddNewHO--popup-sa\"]"}
COMMAND: POST /session/7455601dddc232b6deafc0d190a18b4e/element/f.8E6BFA2ED3A3A2D86F199707E5BEEB8B.d.02DC0D45566FEE3161E31A8707BC0582.e.17707/click - {}
RESULT: {}
COMMAND: GET /session/7455601dddc232b6deafc0d190a18b4e/screenshot - {}
RESULT: {}
COMMAND: POST /session/7455601dddc232b6deafc0d190a18b4e/element - {"using":"xpath","value":"//*[contains(@id ,\"BDI-content\")][contains(text(), \"Select\")]"}
RESULT: {"using":"xpath","value":"//*[contains(@id ,\"BDI-content\")][contains(text(), \"Select\")]"}
COMMAND: POST /session/7455601dddc232b6deafc0d190a18b4e/element/f.8E6BFA2ED3A3A2D86F199707E5BEEB8B.d.02DC0D45566FEE3161E31A8707BC0582.e.17709/click - {}
RESULT: {}
COMMAND: GET /session/7455601dddc232b6deafc0d190a18b4e/screenshot - {}
RESULT: {}
COMMAND: POST /session/7455601dddc232b6deafc0d190a18b4e/execute/async - {"script":"<script> [1562 bytes]","args":[{"selector":{"id":"application-managehandovers-display-component---AddNewHO--confirmCreationButton","interaction":{"idSuffix":"BDI-content"}},"wdio_ui5_key":"applicationmanagehandovers-display-component---AddNewHO--confirmCreationButton"}]}
RESULT: {"script":"<script> [1562 bytes]","args":[{"selector":{"id":"application-managehandovers-display-component---AddNewHO--confirmCreationButton","interaction":{"idSuffix":"BDI-content"}},"wdio_ui5_key":"applicationmanagehandovers-display-component---AddNewHO--confirmCreationButton"}]}
RESULT: undefined
COMMAND: POST /session/7455601dddc232b6deafc0d190a18b4e/element - {"using":"xpath","value":"//*[@id=\"application-managehandovers-display-component---AddNewHO--confirmCreationButton\"]"}
RESULT: {"using":"xpath","value":"//*[@id=\"application-managehandovers-display-component---AddNewHO--confirmCreationButton\"]"}
COMMAND: POST /session/7455601dddc232b6deafc0d190a18b4e/element/f.8E6BFA2ED3A3A2D86F199707E5BEEB8B.d.02DC0D45566FEE3161E31A8707BC0582.e.17491/click - {}
RESULT: {}
COMMAND: GET /session/7455601dddc232b6deafc0d190a18b4e/screenshot - {}
RESULT: {}
COMMAND: POST /session/7455601dddc232b6deafc0d190a18b4e/execute/async - {"script":"<script> [1562 bytes]","args":[{"selector":{"id":"issueDatePicker","viewName":"etm.portal.ui.managehandovers.view.DetailExecuteHO","interaction":{"idSuffix":"inner"}},"wdio_ui5_key":"issueDatePickeretmportal.ui.managehandovers.view.DetailExecuteHO"}]}
RESULT: {"script":"<script> [1562 bytes]","args":[{"selector":{"id":"issueDatePicker","viewName":"etm.portal.ui.managehandovers.view.DetailExecuteHO","interaction":{"idSuffix":"inner"}},"wdio_ui5_key":"issueDatePickeretmportal.ui.managehandovers.view.DetailExecuteHO"}]}
RESULT: undefined
COMMAND: POST /session/7455601dddc232b6deafc0d190a18b4e/execute/async - {"script":"<script> [776 bytes]","args":[{"enterText":"5/27/25","selector":{"id":"issueDatePicker","viewName":"etm.portal.ui.managehandovers.view.DetailExecuteHO","interaction":{"idSuffix":"inner"}},"clearTextFirst":true,"interactionType":"ENTER_TEXT"}]}
RESULT: {"script":"<script> [776 bytes]","args":[{"enterText":"5/27/25","selector":{"id":"issueDatePicker","viewName":"etm.portal.ui.managehandovers.view.DetailExecuteHO","interaction":{"idSuffix":"inner"}},"clearTextFirst":true,"interactionType":"ENTER_TEXT"}]}
COMMAND: POST /session/7455601dddc232b6deafc0d190a18b4e/element - {"using":"xpath","value":"//button[@data-kt=\"PickingTableConfirmAllButton\"]"}
RESULT: {"using":"xpath","value":"//button[@data-kt=\"PickingTableConfirmAllButton\"]"}
COMMAND: POST /session/7455601dddc232b6deafc0d190a18b4e/element/f.8E6BFA2ED3A3A2D86F199707E5BEEB8B.d.02DC0D45566FEE3161E31A8707BC0582.e.17770/click - {}
RESULT: {}
COMMAND: GET /session/7455601dddc232b6deafc0d190a18b4e/screenshot - {}
RESULT: {}
COMMAND: POST /session/7455601dddc232b6deafc0d190a18b4e/element - {"using":"xpath","value":"//bdi[contains(text(), \"OK\")]"}
RESULT: {"using":"xpath","value":"//bdi[contains(text(), \"OK\")]"}
COMMAND: POST /session/7455601dddc232b6deafc0d190a18b4e/element/f.8E6BFA2ED3A3A2D86F199707E5BEEB8B.d.02DC0D45566FEE3161E31A8707BC0582.e.17774/click - {}
RESULT: {}
COMMAND: GET /session/7455601dddc232b6deafc0d190a18b4e/screenshot - {}
RESULT: {}
COMMAND: POST /session/7455601dddc232b6deafc0d190a18b4e/element - {"using":"xpath","value":"//bdi[contains(text(), \"Issue\")]"}
RESULT: {"using":"xpath","value":"//bdi[contains(text(), \"Issue\")]"}
COMMAND: POST /session/7455601dddc232b6deafc0d190a18b4e/element/f.8E6BFA2ED3A3A2D86F199707E5BEEB8B.d.02DC0D45566FEE3161E31A8707BC0582.e.17775/click - {}
RESULT: {}
COMMAND: GET /session/7455601dddc232b6deafc0d190a18b4e/screenshot - {}
RESULT: {}
COMMAND: POST /session/7455601dddc232b6deafc0d190a18b4e/element - {"using":"css selector","value":"#shell-header-logo"}
RESULT: {"using":"css selector","value":"#shell-header-logo"}
COMMAND: POST /session/7455601dddc232b6deafc0d190a18b4e/element/f.8E6BFA2ED3A3A2D86F199707E5BEEB8B.d.02DC0D45566FEE3161E31A8707BC0582.e.16745/click - {}
RESULT: {}
COMMAND: GET /session/7455601dddc232b6deafc0d190a18b4e/screenshot - {}
RESULT: {}
]]></system-out>
    </testcase>
    <testcase classname="chrome.136_0_7103_93.windows.Billing_transfer_US117289" name="Should navigate to Manage Billings and trigger contract calculation business confirm it" time="61.973">
      <system-out><![CDATA[
COMMAND: POST /session/7455601dddc232b6deafc0d190a18b4e/execute/async - {"script":"<script> [1562 bytes]","args":[{"selector":{"controlType":"sap.m.GenericTile","properties":{"header":"Manage Billings"}},"wdio_ui5_key":"sapm.GenericTile{\"header\":\"Manage Billings\"}"}]}
RESULT: {"script":"<script> [1562 bytes]","args":[{"selector":{"controlType":"sap.m.GenericTile","properties":{"header":"Manage Billings"}},"wdio_ui5_key":"sapm.GenericTile{\"header\":\"Manage Billings\"}"}]}
RESULT: undefined
COMMAND: POST /session/7455601dddc232b6deafc0d190a18b4e/element - {"using":"xpath","value":"//*[@id=\"__tile51\"]"}
RESULT: {"using":"xpath","value":"//*[@id=\"__tile51\"]"}
COMMAND: POST /session/7455601dddc232b6deafc0d190a18b4e/element/f.8E6BFA2ED3A3A2D86F199707E5BEEB8B.d.02DC0D45566FEE3161E31A8707BC0582.e.14504/click - {}
RESULT: {}
COMMAND: GET /session/7455601dddc232b6deafc0d190a18b4e/screenshot - {}
RESULT: {}
COMMAND: POST /session/7455601dddc232b6deafc0d190a18b4e/elements - {"using":"xpath","value":"//span[text()='Error']"}
RESULT: {"using":"xpath","value":"//span[text()='Error']"}
COMMAND: POST /session/7455601dddc232b6deafc0d190a18b4e/execute/async - {"script":"<script> [1562 bytes]","args":[{"selector":{"id":"application-managebillings-display-component---billRunCalcResult--smartFilterBar-btnBasicSearch","interaction":{"idSuffix":"I"}},"wdio_ui5_key":"applicationmanagebillings-display-component---billRunCalcResult--smartFilterBar-btnBasicSearch"}]}
RESULT: {"script":"<script> [1562 bytes]","args":[{"selector":{"id":"application-managebillings-display-component---billRunCalcResult--smartFilterBar-btnBasicSearch","interaction":{"idSuffix":"I"}},"wdio_ui5_key":"applicationmanagebillings-display-component---billRunCalcResult--smartFilterBar-btnBasicSearch"}]}
RESULT: undefined
COMMAND: POST /session/7455601dddc232b6deafc0d190a18b4e/execute/async - {"script":"<script> [776 bytes]","args":[{"enterText":"10322","selector":{"id":"application-managebillings-display-component---billRunCalcResult--smartFilterBar-btnBasicSearch","interaction":{"idSuffix":"I"}},"clearTextFirst":true,"interactionType":"ENTER_TEXT"}]}
RESULT: {"script":"<script> [776 bytes]","args":[{"enterText":"10322","selector":{"id":"application-managebillings-display-component---billRunCalcResult--smartFilterBar-btnBasicSearch","interaction":{"idSuffix":"I"}},"clearTextFirst":true,"interactionType":"ENTER_TEXT"}]}
COMMAND: POST /session/7455601dddc232b6deafc0d190a18b4e/actions - {"actions":[{"id":"action53","type":"key","parameters":{},"actions":[{"type":"keyDown","value":""},{"type":"pause","duration":10},{"type":"keyUp","value":""}]}]}
RESULT: {"actions":[{"id":"action53","type":"key","parameters":{},"actions":[{"type":"keyDown","value":""},{"type":"pause","duration":10},{"type":"keyUp","value":""}]}]}
COMMAND: GET /session/7455601dddc232b6deafc0d190a18b4e/screenshot - {}
RESULT: {}
COMMAND: POST /session/7455601dddc232b6deafc0d190a18b4e/element - {"using":"xpath","value":"//td[@aria-colindex=\"1\"]/div/div[contains(@class, \"sapMCbBg\")]"}
RESULT: {"using":"xpath","value":"//td[@aria-colindex=\"1\"]/div/div[contains(@class, \"sapMCbBg\")]"}
COMMAND: POST /session/7455601dddc232b6deafc0d190a18b4e/element/f.8E6BFA2ED3A3A2D86F199707E5BEEB8B.d.02DC0D45566FEE3161E31A8707BC0582.e.18162/click - {}
RESULT: {}
COMMAND: GET /session/7455601dddc232b6deafc0d190a18b4e/screenshot - {}
RESULT: {}
COMMAND: POST /session/7455601dddc232b6deafc0d190a18b4e/execute/async - {"script":"<script> [1562 bytes]","args":[{"selector":{"id":"application-managebillings-display-component---billRunCalcResult--contractBillRunDate","interaction":{"idSuffix":"inner"}},"wdio_ui5_key":"applicationmanagebillings-display-component---billRunCalcResult--contractBillRunDate"}]}
RESULT: {"script":"<script> [1562 bytes]","args":[{"selector":{"id":"application-managebillings-display-component---billRunCalcResult--contractBillRunDate","interaction":{"idSuffix":"inner"}},"wdio_ui5_key":"applicationmanagebillings-display-component---billRunCalcResult--contractBillRunDate"}]}
RESULT: undefined
COMMAND: POST /session/7455601dddc232b6deafc0d190a18b4e/execute/async - {"script":"<script> [776 bytes]","args":[{"enterText":"6/27/25","selector":{"id":"application-managebillings-display-component---billRunCalcResult--contractBillRunDate","interaction":{"idSuffix":"inner"}},"clearTextFirst":true,"interactionType":"ENTER_TEXT"}]}
RESULT: {"script":"<script> [776 bytes]","args":[{"enterText":"6/27/25","selector":{"id":"application-managebillings-display-component---billRunCalcResult--contractBillRunDate","interaction":{"idSuffix":"inner"}},"clearTextFirst":true,"interactionType":"ENTER_TEXT"}]}
COMMAND: POST /session/7455601dddc232b6deafc0d190a18b4e/element - {"using":"xpath","value":"//bdi[contains(text(), \"Trigger Calculation\")]"}
RESULT: {"using":"xpath","value":"//bdi[contains(text(), \"Trigger Calculation\")]"}
COMMAND: POST /session/7455601dddc232b6deafc0d190a18b4e/element/f.8E6BFA2ED3A3A2D86F199707E5BEEB8B.d.02DC0D45566FEE3161E31A8707BC0582.e.18213/click - {}
RESULT: {}
COMMAND: GET /session/7455601dddc232b6deafc0d190a18b4e/screenshot - {}
RESULT: {}
COMMAND: POST /session/7455601dddc232b6deafc0d190a18b4e/element - {"using":"xpath","value":"(//span[contains(@id, \"imgNav\")])[1]"}
RESULT: {"using":"xpath","value":"(//span[contains(@id, \"imgNav\")])[1]"}
COMMAND: POST /session/7455601dddc232b6deafc0d190a18b4e/element/f.8E6BFA2ED3A3A2D86F199707E5BEEB8B.d.02DC0D45566FEE3161E31A8707BC0582.e.18163/click - {}
RESULT: {}
COMMAND: GET /session/7455601dddc232b6deafc0d190a18b4e/screenshot - {}
RESULT: {}
COMMAND: POST /session/7455601dddc232b6deafc0d190a18b4e/execute/async - {"script":"<script> [1562 bytes]","args":[{"selector":{"controlType":"sap.ui.core.Icon","viewName":"etm.portal.ui.managebillings.view.Master","viewId":"application-managebillings-display-component---billRunCalcResult","properties":{"src":{"regex":{"source":"slim\\-arrow\\-right"}}}},"wdio_ui5_key":"etmportal.ui.managebillings.view.Mastersap.ui.core.Icon{\"src\":{\"regex\":{\"source\":\"slim\\\\-arrow\\\\-right\"}}}"}]}
RESULT: {"script":"<script> [1562 bytes]","args":[{"selector":{"controlType":"sap.ui.core.Icon","viewName":"etm.portal.ui.managebillings.view.Master","viewId":"application-managebillings-display-component---billRunCalcResult","properties":{"src":{"regex":{"source":"slim\\-arrow\\-right"}}}},"wdio_ui5_key":"etmportal.ui.managebillings.view.Mastersap.ui.core.Icon{\"src\":{\"regex\":{\"source\":\"slim\\\\-arrow\\\\-right\"}}}"}]}
RESULT: undefined
COMMAND: POST /session/7455601dddc232b6deafc0d190a18b4e/element - {"using":"xpath","value":"//*[@id=\"__item1938-application-managebillings-display-component---billRunCalcResult--billingRunsTable-0-imgNav\"]"}
RESULT: {"using":"xpath","value":"//*[@id=\"__item1938-application-managebillings-display-component---billRunCalcResult--billingRunsTable-0-imgNav\"]"}
COMMAND: POST /session/7455601dddc232b6deafc0d190a18b4e/element/f.8E6BFA2ED3A3A2D86F199707E5BEEB8B.d.02DC0D45566FEE3161E31A8707BC0582.e.18219/click - {}
RESULT: {}
COMMAND: POST /session/7455601dddc232b6deafc0d190a18b4e/execute/async - {"script":"<script> [1562 bytes]","args":[{"selector":{"id":"application-managebillings-display-component---billRunCalcResult--btnConf","interaction":{"idSuffix":"BDI-content"}},"wdio_ui5_key":"applicationmanagebillings-display-component---billRunCalcResult--btnConf"}]}
COMMAND: GET /session/7455601dddc232b6deafc0d190a18b4e/screenshot - {}
RESULT: {"script":"<script> [1562 bytes]","args":[{"selector":{"id":"application-managebillings-display-component---billRunCalcResult--btnConf","interaction":{"idSuffix":"BDI-content"}},"wdio_ui5_key":"applicationmanagebillings-display-component---billRunCalcResult--btnConf"}]}
RESULT: undefined
COMMAND: POST /session/7455601dddc232b6deafc0d190a18b4e/element - {"using":"xpath","value":"//*[@id=\"application-managebillings-display-component---billRunCalcResult--btnConf\"]"}
RESULT: {}
RESULT: {"using":"xpath","value":"//*[@id=\"application-managebillings-display-component---billRunCalcResult--btnConf\"]"}
COMMAND: POST /session/7455601dddc232b6deafc0d190a18b4e/element/f.8E6BFA2ED3A3A2D86F199707E5BEEB8B.d.02DC0D45566FEE3161E31A8707BC0582.e.18261/click - {}
RESULT: {}
COMMAND: POST /session/7455601dddc232b6deafc0d190a18b4e/element - {"using":"css selector","value":"#shell-header-logo"}
COMMAND: GET /session/7455601dddc232b6deafc0d190a18b4e/screenshot - {}
RESULT: {"using":"css selector","value":"#shell-header-logo"}
COMMAND: POST /session/7455601dddc232b6deafc0d190a18b4e/element/f.8E6BFA2ED3A3A2D86F199707E5BEEB8B.d.02DC0D45566FEE3161E31A8707BC0582.e.17955/click - {}
RESULT: {}
RESULT: {}
COMMAND: GET /session/7455601dddc232b6deafc0d190a18b4e/screenshot - {}
RESULT: {}
]]></system-out>
    </testcase>
    <testcase classname="chrome.136_0_7103_93.windows.Billing_transfer_US117289" name="Should trigger Billing Transfer process all the way to completion" time="80.59">
      <system-out><![CDATA[
COMMAND: POST /session/7455601dddc232b6deafc0d190a18b4e/execute/async - {"script":"<script> [1562 bytes]","args":[{"selector":{"controlType":"sap.m.GenericTile","properties":{"header":"Billing Transfer"}},"wdio_ui5_key":"sapm.GenericTile{\"header\":\"Billing Transfer\"}"}]}
RESULT: {"script":"<script> [1562 bytes]","args":[{"selector":{"controlType":"sap.m.GenericTile","properties":{"header":"Billing Transfer"}},"wdio_ui5_key":"sapm.GenericTile{\"header\":\"Billing Transfer\"}"}]}
RESULT: undefined
COMMAND: POST /session/7455601dddc232b6deafc0d190a18b4e/element - {"using":"xpath","value":"//*[@id=\"__tile50\"]"}
RESULT: {"using":"xpath","value":"//*[@id=\"__tile50\"]"}
COMMAND: POST /session/7455601dddc232b6deafc0d190a18b4e/element/f.8E6BFA2ED3A3A2D86F199707E5BEEB8B.d.02DC0D45566FEE3161E31A8707BC0582.e.14502/click - {}
RESULT: {}
COMMAND: GET /session/7455601dddc232b6deafc0d190a18b4e/screenshot - {}
RESULT: {}
COMMAND: POST /session/7455601dddc232b6deafc0d190a18b4e/elements - {"using":"xpath","value":"//span[text()='Error']"}
RESULT: {"using":"xpath","value":"//span[text()='Error']"}
COMMAND: POST /session/7455601dddc232b6deafc0d190a18b4e/element - {"using":"xpath","value":"//input[contains(@id ,\"application-billingtransfer-display-component---billingWorkbench--smartFilterBar-btnBasicSearch\")]"}
RESULT: {"using":"xpath","value":"//input[contains(@id ,\"application-billingtransfer-display-component---billingWorkbench--smartFilterBar-btnBasicSearch\")]"}
COMMAND: POST /session/7455601dddc232b6deafc0d190a18b4e/elements - {"using":"xpath","value":"//input[contains(@id ,\"application-billingtransfer-display-component---billingWorkbench--smartFilterBar-btnBasicSearch\")]"}
RESULT: {"using":"xpath","value":"//input[contains(@id ,\"application-billingtransfer-display-component---billingWorkbench--smartFilterBar-btnBasicSearch\")]"}
COMMAND: POST /session/7455601dddc232b6deafc0d190a18b4e/execute/sync - {"script":"<script> [8489 bytes]","args":[{"element-6066-11e4-a52e-4f735466cecf":"f.8E6BFA2ED3A3A2D86F199707E5BEEB8B.d.02DC0D45566FEE3161E31A8707BC0582.e.18300","ELEMENT":"f.8E6BFA2ED3A3A2D86F199707E5BEEB8B.d.02DC0D45566FEE3161E31A8707BC0582.e.18300"}]}
RESULT: {"script":"<script> [8489 bytes]","args":[{"element-6066-11e4-a52e-4f735466cecf":"f.8E6BFA2ED3A3A2D86F199707E5BEEB8B.d.02DC0D45566FEE3161E31A8707BC0582.e.18300","ELEMENT":"f.8E6BFA2ED3A3A2D86F199707E5BEEB8B.d.02DC0D45566FEE3161E31A8707BC0582.e.18300"}]}
COMMAND: GET /session/7455601dddc232b6deafc0d190a18b4e/element/f.8E6BFA2ED3A3A2D86F199707E5BEEB8B.d.02DC0D45566FEE3161E31A8707BC0582.e.18300/enabled - {}
COMMAND: GET /session/7455601dddc232b6deafc0d190a18b4e/screenshot - {}
RESULT: {}
COMMAND: POST /session/7455601dddc232b6deafc0d190a18b4e/element/f.8E6BFA2ED3A3A2D86F199707E5BEEB8B.d.02DC0D45566FEE3161E31A8707BC0582.e.18300/click - {}
COMMAND: GET /session/7455601dddc232b6deafc0d190a18b4e/screenshot - {}
RESULT: {}
RESULT: {}
COMMAND: GET /session/7455601dddc232b6deafc0d190a18b4e/screenshot - {}
RESULT: {}
RESULT: {}
COMMAND: POST /session/7455601dddc232b6deafc0d190a18b4e/element/f.8E6BFA2ED3A3A2D86F199707E5BEEB8B.d.02DC0D45566FEE3161E31A8707BC0582.e.18300/clear - {}
RESULT: {}
COMMAND: POST /session/7455601dddc232b6deafc0d190a18b4e/element/f.8E6BFA2ED3A3A2D86F199707E5BEEB8B.d.02DC0D45566FEE3161E31A8707BC0582.e.18300/value - {"text":"10322"}
COMMAND: GET /session/7455601dddc232b6deafc0d190a18b4e/screenshot - {}
RESULT: {"text":"10322"}
COMMAND: POST /session/7455601dddc232b6deafc0d190a18b4e/actions - {"actions":[{"id":"action54","type":"key","parameters":{},"actions":[{"type":"keyDown","value":""},{"type":"pause","duration":10},{"type":"keyUp","value":""}]}]}
COMMAND: GET /session/7455601dddc232b6deafc0d190a18b4e/screenshot - {}
RESULT: {}
RESULT: {"actions":[{"id":"action54","type":"key","parameters":{},"actions":[{"type":"keyDown","value":""},{"type":"pause","duration":10},{"type":"keyUp","value":""}]}]}
RESULT: {}
COMMAND: GET /session/7455601dddc232b6deafc0d190a18b4e/screenshot - {}
RESULT: {}
COMMAND: POST /session/7455601dddc232b6deafc0d190a18b4e/element - {"using":"xpath","value":"//span[contains(@id ,\"application-billingtransfer-display-component---billingWorkbench--smartTableBillingRuns-header-inner\")]"}
RESULT: {"using":"xpath","value":"//span[contains(@id ,\"application-billingtransfer-display-component---billingWorkbench--smartTableBillingRuns-header-inner\")]"}
COMMAND: POST /session/7455601dddc232b6deafc0d190a18b4e/elements - {"using":"xpath","value":"//span[contains(@id ,\"application-billingtransfer-display-component---billingWorkbench--smartTableBillingRuns-header-inner\")]"}
RESULT: {"using":"xpath","value":"//span[contains(@id ,\"application-billingtransfer-display-component---billingWorkbench--smartTableBillingRuns-header-inner\")]"}
COMMAND: POST /session/7455601dddc232b6deafc0d190a18b4e/execute/sync - {"script":"<script> [56 bytes]","args":[{"element-6066-11e4-a52e-4f735466cecf":"f.8E6BFA2ED3A3A2D86F199707E5BEEB8B.d.02DC0D45566FEE3161E31A8707BC0582.e.18663","ELEMENT":"f.8E6BFA2ED3A3A2D86F199707E5BEEB8B.d.02DC0D45566FEE3161E31A8707BC0582.e.18663"}]}
RESULT: {"script":"<script> [56 bytes]","args":[{"element-6066-11e4-a52e-4f735466cecf":"f.8E6BFA2ED3A3A2D86F199707E5BEEB8B.d.02DC0D45566FEE3161E31A8707BC0582.e.18663","ELEMENT":"f.8E6BFA2ED3A3A2D86F199707E5BEEB8B.d.02DC0D45566FEE3161E31A8707BC0582.e.18663"}]}
COMMAND: POST /session/7455601dddc232b6deafc0d190a18b4e/element - {"using":"xpath","value":"//td[@aria-colindex=\"1\"]/div/div[contains(@class, \"sapMCbBg\")]"}
COMMAND: GET /session/7455601dddc232b6deafc0d190a18b4e/screenshot - {}
RESULT: {"using":"xpath","value":"//td[@aria-colindex=\"1\"]/div/div[contains(@class, \"sapMCbBg\")]"}
COMMAND: POST /session/7455601dddc232b6deafc0d190a18b4e/element/f.8E6BFA2ED3A3A2D86F199707E5BEEB8B.d.02DC0D45566FEE3161E31A8707BC0582.e.18645/click - {}
RESULT: {}
RESULT: {}
COMMAND: GET /session/7455601dddc232b6deafc0d190a18b4e/screenshot - {}
RESULT: {}
COMMAND: POST /session/7455601dddc232b6deafc0d190a18b4e/element - {"using":"xpath","value":"//bdi[contains(text(), \"Check\")]"}
RESULT: {"using":"xpath","value":"//bdi[contains(text(), \"Check\")]"}
COMMAND: POST /session/7455601dddc232b6deafc0d190a18b4e/element/f.8E6BFA2ED3A3A2D86F199707E5BEEB8B.d.02DC0D45566FEE3161E31A8707BC0582.e.18664/click - {}
RESULT: {}
COMMAND: GET /session/7455601dddc232b6deafc0d190a18b4e/screenshot - {}
RESULT: {}
COMMAND: POST /session/7455601dddc232b6deafc0d190a18b4e/element - {"using":"xpath","value":"//bdi[contains(text(), \"OK\")]"}
RESULT: {"using":"xpath","value":"//bdi[contains(text(), \"OK\")]"}
COMMAND: POST /session/7455601dddc232b6deafc0d190a18b4e/element/f.8E6BFA2ED3A3A2D86F199707E5BEEB8B.d.02DC0D45566FEE3161E31A8707BC0582.e.18667/click - {}
RESULT: {}
COMMAND: GET /session/7455601dddc232b6deafc0d190a18b4e/screenshot - {}
RESULT: {}
COMMAND: POST /session/7455601dddc232b6deafc0d190a18b4e/element - {"using":"xpath","value":"(//span[contains(text(), \"CO/SD checked\")]/parent::div/preceding-sibling::div/span)[1]"}
RESULT: {"using":"xpath","value":"(//span[contains(text(), \"CO/SD checked\")]/parent::div/preceding-sibling::div/span)[1]"}
COMMAND: POST /session/7455601dddc232b6deafc0d190a18b4e/element/f.8E6BFA2ED3A3A2D86F199707E5BEEB8B.d.02DC0D45566FEE3161E31A8707BC0582.e.18677/click - {}
RESULT: {}
COMMAND: GET /session/7455601dddc232b6deafc0d190a18b4e/screenshot - {}
RESULT: {}
COMMAND: POST /session/7455601dddc232b6deafc0d190a18b4e/element - {"using":"xpath","value":"//input[contains(@id ,\"application-billingtransfer-display-component---billingWorkbench--smartFilterBar-btnBasicSearch\")]"}
RESULT: {"using":"xpath","value":"//input[contains(@id ,\"application-billingtransfer-display-component---billingWorkbench--smartFilterBar-btnBasicSearch\")]"}
COMMAND: POST /session/7455601dddc232b6deafc0d190a18b4e/elements - {"using":"xpath","value":"//input[contains(@id ,\"application-billingtransfer-display-component---billingWorkbench--smartFilterBar-btnBasicSearch\")]"}
RESULT: {"using":"xpath","value":"//input[contains(@id ,\"application-billingtransfer-display-component---billingWorkbench--smartFilterBar-btnBasicSearch\")]"}
COMMAND: POST /session/7455601dddc232b6deafc0d190a18b4e/execute/sync - {"script":"<script> [8489 bytes]","args":[{"element-6066-11e4-a52e-4f735466cecf":"f.8E6BFA2ED3A3A2D86F199707E5BEEB8B.d.02DC0D45566FEE3161E31A8707BC0582.e.18300","ELEMENT":"f.8E6BFA2ED3A3A2D86F199707E5BEEB8B.d.02DC0D45566FEE3161E31A8707BC0582.e.18300"}]}
RESULT: {"script":"<script> [8489 bytes]","args":[{"element-6066-11e4-a52e-4f735466cecf":"f.8E6BFA2ED3A3A2D86F199707E5BEEB8B.d.02DC0D45566FEE3161E31A8707BC0582.e.18300","ELEMENT":"f.8E6BFA2ED3A3A2D86F199707E5BEEB8B.d.02DC0D45566FEE3161E31A8707BC0582.e.18300"}]}
COMMAND: GET /session/7455601dddc232b6deafc0d190a18b4e/element/f.8E6BFA2ED3A3A2D86F199707E5BEEB8B.d.02DC0D45566FEE3161E31A8707BC0582.e.18300/enabled - {}
COMMAND: GET /session/7455601dddc232b6deafc0d190a18b4e/screenshot - {}
RESULT: {}
COMMAND: POST /session/7455601dddc232b6deafc0d190a18b4e/element/f.8E6BFA2ED3A3A2D86F199707E5BEEB8B.d.02DC0D45566FEE3161E31A8707BC0582.e.18300/click - {}
COMMAND: GET /session/7455601dddc232b6deafc0d190a18b4e/screenshot - {}
RESULT: {}
RESULT: {}
COMMAND: GET /session/7455601dddc232b6deafc0d190a18b4e/screenshot - {}
RESULT: {}
RESULT: {}
COMMAND: POST /session/7455601dddc232b6deafc0d190a18b4e/element/f.8E6BFA2ED3A3A2D86F199707E5BEEB8B.d.02DC0D45566FEE3161E31A8707BC0582.e.18300/clear - {}
RESULT: {}
COMMAND: POST /session/7455601dddc232b6deafc0d190a18b4e/element/f.8E6BFA2ED3A3A2D86F199707E5BEEB8B.d.02DC0D45566FEE3161E31A8707BC0582.e.18300/value - {"text":"10322"}
COMMAND: GET /session/7455601dddc232b6deafc0d190a18b4e/screenshot - {}
RESULT: {"text":"10322"}
COMMAND: POST /session/7455601dddc232b6deafc0d190a18b4e/actions - {"actions":[{"id":"action55","type":"key","parameters":{},"actions":[{"type":"keyDown","value":""},{"type":"pause","duration":10},{"type":"keyUp","value":""}]}]}
COMMAND: GET /session/7455601dddc232b6deafc0d190a18b4e/screenshot - {}
RESULT: {}
RESULT: {"actions":[{"id":"action55","type":"key","parameters":{},"actions":[{"type":"keyDown","value":""},{"type":"pause","duration":10},{"type":"keyUp","value":""}]}]}
COMMAND: GET /session/7455601dddc232b6deafc0d190a18b4e/screenshot - {}
RESULT: {}
RESULT: {}
COMMAND: POST /session/7455601dddc232b6deafc0d190a18b4e/element - {"using":"xpath","value":"//span[contains(@id ,\"application-billingtransfer-display-component---billingWorkbench--smartTableBillingRuns-header-inner\")]"}
RESULT: {"using":"xpath","value":"//span[contains(@id ,\"application-billingtransfer-display-component---billingWorkbench--smartTableBillingRuns-header-inner\")]"}
COMMAND: POST /session/7455601dddc232b6deafc0d190a18b4e/elements - {"using":"xpath","value":"//span[contains(@id ,\"application-billingtransfer-display-component---billingWorkbench--smartTableBillingRuns-header-inner\")]"}
RESULT: {"using":"xpath","value":"//span[contains(@id ,\"application-billingtransfer-display-component---billingWorkbench--smartTableBillingRuns-header-inner\")]"}
COMMAND: POST /session/7455601dddc232b6deafc0d190a18b4e/execute/sync - {"script":"<script> [56 bytes]","args":[{"element-6066-11e4-a52e-4f735466cecf":"f.8E6BFA2ED3A3A2D86F199707E5BEEB8B.d.02DC0D45566FEE3161E31A8707BC0582.e.18663","ELEMENT":"f.8E6BFA2ED3A3A2D86F199707E5BEEB8B.d.02DC0D45566FEE3161E31A8707BC0582.e.18663"}]}
RESULT: {"script":"<script> [56 bytes]","args":[{"element-6066-11e4-a52e-4f735466cecf":"f.8E6BFA2ED3A3A2D86F199707E5BEEB8B.d.02DC0D45566FEE3161E31A8707BC0582.e.18663","ELEMENT":"f.8E6BFA2ED3A3A2D86F199707E5BEEB8B.d.02DC0D45566FEE3161E31A8707BC0582.e.18663"}]}
COMMAND: POST /session/7455601dddc232b6deafc0d190a18b4e/element - {"using":"xpath","value":"//td[@aria-colindex=\"1\"]/div/div[contains(@class, \"sapMCbBg\")]"}
COMMAND: GET /session/7455601dddc232b6deafc0d190a18b4e/screenshot - {}
RESULT: {"using":"xpath","value":"//td[@aria-colindex=\"1\"]/div/div[contains(@class, \"sapMCbBg\")]"}
COMMAND: POST /session/7455601dddc232b6deafc0d190a18b4e/element/f.8E6BFA2ED3A3A2D86F199707E5BEEB8B.d.02DC0D45566FEE3161E31A8707BC0582.e.18681/click - {}
RESULT: {}
RESULT: {}
COMMAND: GET /session/7455601dddc232b6deafc0d190a18b4e/screenshot - {}
RESULT: {}
COMMAND: POST /session/7455601dddc232b6deafc0d190a18b4e/element - {"using":"xpath","value":"//bdi[text()=\"Transfer\"]"}
RESULT: {"using":"xpath","value":"//bdi[text()=\"Transfer\"]"}
COMMAND: POST /session/7455601dddc232b6deafc0d190a18b4e/element/f.8E6BFA2ED3A3A2D86F199707E5BEEB8B.d.02DC0D45566FEE3161E31A8707BC0582.e.18682/click - {}
RESULT: {}
COMMAND: GET /session/7455601dddc232b6deafc0d190a18b4e/screenshot - {}
RESULT: {}
COMMAND: POST /session/7455601dddc232b6deafc0d190a18b4e/element - {"using":"xpath","value":"//bdi[contains(text(), \"OK\")]"}
RESULT: {"using":"xpath","value":"//bdi[contains(text(), \"OK\")]"}
COMMAND: POST /session/7455601dddc232b6deafc0d190a18b4e/element/f.8E6BFA2ED3A3A2D86F199707E5BEEB8B.d.02DC0D45566FEE3161E31A8707BC0582.e.18686/click - {}
RESULT: {}
COMMAND: GET /session/7455601dddc232b6deafc0d190a18b4e/screenshot - {}
RESULT: {}
COMMAND: POST /session/7455601dddc232b6deafc0d190a18b4e/element - {"using":"xpath","value":"(//span[contains(text(), \"Completed\")]/parent::div/preceding-sibling::div/span)[1]"}
RESULT: {"using":"xpath","value":"(//span[contains(text(), \"Completed\")]/parent::div/preceding-sibling::div/span)[1]"}
COMMAND: POST /session/7455601dddc232b6deafc0d190a18b4e/element/f.8E6BFA2ED3A3A2D86F199707E5BEEB8B.d.02DC0D45566FEE3161E31A8707BC0582.e.18687/click - {}
RESULT: {}
COMMAND: POST /session/7455601dddc232b6deafc0d190a18b4e/element - {"using":"xpath","value":"//input[contains(@id ,\"application-billingtransfer-display-component---billingWorkbench--smartFilterBar-btnBasicSearch\")]"}
COMMAND: GET /session/7455601dddc232b6deafc0d190a18b4e/screenshot - {}
RESULT: {"using":"xpath","value":"//input[contains(@id ,\"application-billingtransfer-display-component---billingWorkbench--smartFilterBar-btnBasicSearch\")]"}
COMMAND: POST /session/7455601dddc232b6deafc0d190a18b4e/elements - {"using":"xpath","value":"//input[contains(@id ,\"application-billingtransfer-display-component---billingWorkbench--smartFilterBar-btnBasicSearch\")]"}
RESULT: {}
RESULT: {"using":"xpath","value":"//input[contains(@id ,\"application-billingtransfer-display-component---billingWorkbench--smartFilterBar-btnBasicSearch\")]"}
COMMAND: POST /session/7455601dddc232b6deafc0d190a18b4e/execute/sync - {"script":"<script> [8489 bytes]","args":[{"element-6066-11e4-a52e-4f735466cecf":"f.8E6BFA2ED3A3A2D86F199707E5BEEB8B.d.02DC0D45566FEE3161E31A8707BC0582.e.18300","ELEMENT":"f.8E6BFA2ED3A3A2D86F199707E5BEEB8B.d.02DC0D45566FEE3161E31A8707BC0582.e.18300"}]}
RESULT: {"script":"<script> [8489 bytes]","args":[{"element-6066-11e4-a52e-4f735466cecf":"f.8E6BFA2ED3A3A2D86F199707E5BEEB8B.d.02DC0D45566FEE3161E31A8707BC0582.e.18300","ELEMENT":"f.8E6BFA2ED3A3A2D86F199707E5BEEB8B.d.02DC0D45566FEE3161E31A8707BC0582.e.18300"}]}
COMMAND: GET /session/7455601dddc232b6deafc0d190a18b4e/element/f.8E6BFA2ED3A3A2D86F199707E5BEEB8B.d.02DC0D45566FEE3161E31A8707BC0582.e.18300/enabled - {}
COMMAND: GET /session/7455601dddc232b6deafc0d190a18b4e/screenshot - {}
RESULT: {}
COMMAND: POST /session/7455601dddc232b6deafc0d190a18b4e/element/f.8E6BFA2ED3A3A2D86F199707E5BEEB8B.d.02DC0D45566FEE3161E31A8707BC0582.e.18300/click - {}
COMMAND: GET /session/7455601dddc232b6deafc0d190a18b4e/screenshot - {}
RESULT: {}
RESULT: {}
COMMAND: GET /session/7455601dddc232b6deafc0d190a18b4e/screenshot - {}
RESULT: {}
RESULT: {}
COMMAND: POST /session/7455601dddc232b6deafc0d190a18b4e/element/f.8E6BFA2ED3A3A2D86F199707E5BEEB8B.d.02DC0D45566FEE3161E31A8707BC0582.e.18300/clear - {}
RESULT: {}
COMMAND: POST /session/7455601dddc232b6deafc0d190a18b4e/element/f.8E6BFA2ED3A3A2D86F199707E5BEEB8B.d.02DC0D45566FEE3161E31A8707BC0582.e.18300/value - {"text":"10322"}
COMMAND: GET /session/7455601dddc232b6deafc0d190a18b4e/screenshot - {}
RESULT: {"text":"10322"}
COMMAND: POST /session/7455601dddc232b6deafc0d190a18b4e/actions - {"actions":[{"id":"action56","type":"key","parameters":{},"actions":[{"type":"keyDown","value":""},{"type":"pause","duration":10},{"type":"keyUp","value":""}]}]}
COMMAND: GET /session/7455601dddc232b6deafc0d190a18b4e/screenshot - {}
RESULT: {}
RESULT: {"actions":[{"id":"action56","type":"key","parameters":{},"actions":[{"type":"keyDown","value":""},{"type":"pause","duration":10},{"type":"keyUp","value":""}]}]}
COMMAND: GET /session/7455601dddc232b6deafc0d190a18b4e/screenshot - {}
RESULT: {}
RESULT: {}
COMMAND: POST /session/7455601dddc232b6deafc0d190a18b4e/element - {"using":"xpath","value":"//span[contains(@id ,\"application-billingtransfer-display-component---billingWorkbench--smartTableBillingRuns-header-inner\")]"}
RESULT: {"using":"xpath","value":"//span[contains(@id ,\"application-billingtransfer-display-component---billingWorkbench--smartTableBillingRuns-header-inner\")]"}
COMMAND: POST /session/7455601dddc232b6deafc0d190a18b4e/elements - {"using":"xpath","value":"//span[contains(@id ,\"application-billingtransfer-display-component---billingWorkbench--smartTableBillingRuns-header-inner\")]"}
RESULT: {"using":"xpath","value":"//span[contains(@id ,\"application-billingtransfer-display-component---billingWorkbench--smartTableBillingRuns-header-inner\")]"}
COMMAND: POST /session/7455601dddc232b6deafc0d190a18b4e/execute/sync - {"script":"<script> [56 bytes]","args":[{"element-6066-11e4-a52e-4f735466cecf":"f.8E6BFA2ED3A3A2D86F199707E5BEEB8B.d.02DC0D45566FEE3161E31A8707BC0582.e.18663","ELEMENT":"f.8E6BFA2ED3A3A2D86F199707E5BEEB8B.d.02DC0D45566FEE3161E31A8707BC0582.e.18663"}]}
RESULT: {"script":"<script> [56 bytes]","args":[{"element-6066-11e4-a52e-4f735466cecf":"f.8E6BFA2ED3A3A2D86F199707E5BEEB8B.d.02DC0D45566FEE3161E31A8707BC0582.e.18663","ELEMENT":"f.8E6BFA2ED3A3A2D86F199707E5BEEB8B.d.02DC0D45566FEE3161E31A8707BC0582.e.18663"}]}
COMMAND: POST /session/7455601dddc232b6deafc0d190a18b4e/element - {"using":"css selector","value":"#shell-header-logo"}
COMMAND: GET /session/7455601dddc232b6deafc0d190a18b4e/screenshot - {}
RESULT: {"using":"css selector","value":"#shell-header-logo"}
COMMAND: POST /session/7455601dddc232b6deafc0d190a18b4e/element/f.8E6BFA2ED3A3A2D86F199707E5BEEB8B.d.02DC0D45566FEE3161E31A8707BC0582.e.18305/click - {}
RESULT: {}
RESULT: {}
COMMAND: GET /session/7455601dddc232b6deafc0d190a18b4e/screenshot - {}
RESULT: {}
COMMAND: POST /session/7455601dddc232b6deafc0d190a18b4e/element - {"using":"css selector","value":"#j_username"}
COMMAND: POST /session/7455601dddc232b6deafc0d190a18b4e/url - {"url":"https://qa-testing-00-live-etm-ui.cfapps.eu10-004.hana.ondemand.com/"}
RESULT: {"using":"css selector","value":"#j_username"}
COMMAND: POST /session/7455601dddc232b6deafc0d190a18b4e/element - {"using":"css selector","value":"#j_username"}
RESULT: {"url":"https://qa-testing-00-live-etm-ui.cfapps.eu10-004.hana.ondemand.com/"}
RESULT: undefined
COMMAND: GET /session/7455601dddc232b6deafc0d190a18b4e/screenshot - {}
RESULT: {"using":"css selector","value":"#j_username"}
COMMAND: POST /session/7455601dddc232b6deafc0d190a18b4e/element - {"using":"css selector","value":"#shell-header-logo"}
RESULT: {"using":"css selector","value":"#shell-header-logo"}
COMMAND: POST /session/7455601dddc232b6deafc0d190a18b4e/execute/sync - {"script":"<script> [8489 bytes]","args":[{"element-6066-11e4-a52e-4f735466cecf":"f.8E6BFA2ED3A3A2D86F199707E5BEEB8B.d.E14CD6C391D3E337FD2403A88DA5F253.e.18703","ELEMENT":"f.8E6BFA2ED3A3A2D86F199707E5BEEB8B.d.E14CD6C391D3E337FD2403A88DA5F253.e.18703"}]}
RESULT: {"script":"<script> [8489 bytes]","args":[{"element-6066-11e4-a52e-4f735466cecf":"f.8E6BFA2ED3A3A2D86F199707E5BEEB8B.d.E14CD6C391D3E337FD2403A88DA5F253.e.18703","ELEMENT":"f.8E6BFA2ED3A3A2D86F199707E5BEEB8B.d.E14CD6C391D3E337FD2403A88DA5F253.e.18703"}]}
COMMAND: POST /session/7455601dddc232b6deafc0d190a18b4e/element - {"using":"css selector","value":"#shell-header-logo"}
RESULT: {"using":"css selector","value":"#shell-header-logo"}
COMMAND: POST /session/7455601dddc232b6deafc0d190a18b4e/execute/sync - {"script":"<script> [8489 bytes]","args":[{"element-6066-11e4-a52e-4f735466cecf":"f.8E6BFA2ED3A3A2D86F199707E5BEEB8B.d.E14CD6C391D3E337FD2403A88DA5F253.e.18703","ELEMENT":"f.8E6BFA2ED3A3A2D86F199707E5BEEB8B.d.E14CD6C391D3E337FD2403A88DA5F253.e.18703"}]}
RESULT: {}
COMMAND: GET /session/7455601dddc232b6deafc0d190a18b4e/screenshot - {}
RESULT: {"script":"<script> [8489 bytes]","args":[{"element-6066-11e4-a52e-4f735466cecf":"f.8E6BFA2ED3A3A2D86F199707E5BEEB8B.d.E14CD6C391D3E337FD2403A88DA5F253.e.18703","ELEMENT":"f.8E6BFA2ED3A3A2D86F199707E5BEEB8B.d.E14CD6C391D3E337FD2403A88DA5F253.e.18703"}]}
COMMAND: POST /session/7455601dddc232b6deafc0d190a18b4e/execute/sync - {"script":"<script> [5351 bytes]","args":[{"element-6066-11e4-a52e-4f735466cecf":"f.8E6BFA2ED3A3A2D86F199707E5BEEB8B.d.E14CD6C391D3E337FD2403A88DA5F253.e.18703","ELEMENT":"f.8E6BFA2ED3A3A2D86F199707E5BEEB8B.d.E14CD6C391D3E337FD2403A88DA5F253.e.18703"}]}
COMMAND: GET /session/7455601dddc232b6deafc0d190a18b4e/screenshot - {}
RESULT: {}
RESULT: {"script":"<script> [5351 bytes]","args":[{"element-6066-11e4-a52e-4f735466cecf":"f.8E6BFA2ED3A3A2D86F199707E5BEEB8B.d.E14CD6C391D3E337FD2403A88DA5F253.e.18703","ELEMENT":"f.8E6BFA2ED3A3A2D86F199707E5BEEB8B.d.E14CD6C391D3E337FD2403A88DA5F253.e.18703"}]}
COMMAND: POST /session/7455601dddc232b6deafc0d190a18b4e/element - {"using":"css selector","value":"#shell-header-logo"}
COMMAND: GET /session/7455601dddc232b6deafc0d190a18b4e/screenshot - {}
RESULT: {}
RESULT: {"using":"css selector","value":"#shell-header-logo"}
COMMAND: POST /session/7455601dddc232b6deafc0d190a18b4e/element/f.8E6BFA2ED3A3A2D86F199707E5BEEB8B.d.E14CD6C391D3E337FD2403A88DA5F253.e.18703/click - {}
RESULT: {}
RESULT: {}
COMMAND: GET /session/7455601dddc232b6deafc0d190a18b4e/screenshot - {}
RESULT: {}
COMMAND: POST /session/7455601dddc232b6deafc0d190a18b4e/execute/async - {"script":"<script> [189 bytes]","args":[]}
RESULT: {"script":"<script> [189 bytes]","args":[]}
COMMAND: POST /session/7455601dddc232b6deafc0d190a18b4e/execute/async - {"script":"<script> [123 bytes]","args":[]}
RESULT: {"script":"<script> [123 bytes]","args":[]}
COMMAND: POST /session/7455601dddc232b6deafc0d190a18b4e/timeouts - {"script":"<number>"}
RESULT: {"script":"<number>"}
COMMAND: GET /session/7455601dddc232b6deafc0d190a18b4e/timeouts - {}
RESULT: {}
RESULT: undefined
COMMAND: POST /session/7455601dddc232b6deafc0d190a18b4e/execute/async - {"script":"<script> [2676 bytes]","args":[]}
RESULT: {"script":"<script> [2676 bytes]","args":[]}
COMMAND: POST /session/7455601dddc232b6deafc0d190a18b4e/execute/async - {"script":"<script> [2342 bytes]","args":[{"protocol":"http","hostname":"0.0.0.0","path":"/","capabilities":{"browserName":"chrome","goog:chromeOptions":{"binary":"C:\\Program Files\\Google\\Chrome\\Application\\chrome.exe","args":["--start-maximized"]}},"logLevel":"warn","connectionRetryTimeout":120000,"connectionRetryCount":3,"logLevels":{},"enableDirectConnect":true,"strictSSL":true,"_":"65 more keys: [\"cacheDir\",\"port\",\"requestedCapabilities\",\"automationProtocol\",\"baseUrl\",\"waitforInterval\",\"waitforTimeout\",\"onReload\",\"beforeCommand\",\"afterCommand\",\"rootDir\",\"specs\",\"suites\",\"exclude\",\"groupLogsByTestSpec\",\"excludeDriverLogs\",\"bail\",\"framework\",\"reporters\",\"services\",\"maxInstances\",\"maxInstancesPerCapability\",\"injectGlobals\",\"filesToWatch\",\"execArgv\",\"runnerEnv\",\"runner\",\"shard\",\"specFileRetries\",\"specFileRetriesDelay\",\"specFileRetriesDeferred\",\"reporterSyncInterval\",\"reporterSyncTimeout\",\"cucumberFeaturesWithLineNumbers\",\"autoCompileOpts\",\"mochaOpts\",\"jasmineOpts\",\"cucumberOpts\",\"onPrepare\",\"onWorkerStart\",\"onWorkerEnd\",\"before\",\"beforeSession\",\"beforeSuite\",\"beforeHook\",\"beforeTest\",\"afterTest\",\"afterHook\",\"afterSuite\",\"afterSession\",\"after\",\"onComplete\",\"beforeAssertion\",\"afterAssertion\",\"beforeFeature\",\"beforeScenario\",\"beforeStep\",\"afterStep\",\"afterScenario\",\"afterFeature\",\"_\",\"suite\",\"$0\",\"ignoredWorkerServices\",\"wdi5\"]"}]}
RESULT: {"script":"<script> [2342 bytes]","args":[{"protocol":"http","hostname":"0.0.0.0","path":"/","capabilities":{"browserName":"chrome","goog:chromeOptions":{"binary":"C:\\Program Files\\Google\\Chrome\\Application\\chrome.exe","args":["--start-maximized"]}},"logLevel":"warn","connectionRetryTimeout":120000,"connectionRetryCount":3,"logLevels":{},"enableDirectConnect":true,"strictSSL":true,"_":"65 more keys: [\"cacheDir\",\"port\",\"requestedCapabilities\",\"automationProtocol\",\"baseUrl\",\"waitforInterval\",\"waitforTimeout\",\"onReload\",\"beforeCommand\",\"afterCommand\",\"rootDir\",\"specs\",\"suites\",\"exclude\",\"groupLogsByTestSpec\",\"excludeDriverLogs\",\"bail\",\"framework\",\"reporters\",\"services\",\"maxInstances\",\"maxInstancesPerCapability\",\"injectGlobals\",\"filesToWatch\",\"execArgv\",\"runnerEnv\",\"runner\",\"shard\",\"specFileRetries\",\"specFileRetriesDelay\",\"specFileRetriesDeferred\",\"reporterSyncInterval\",\"reporterSyncTimeout\",\"cucumberFeaturesWithLineNumbers\",\"autoCompileOpts\",\"mochaOpts\",\"jasmineOpts\",\"cucumberOpts\",\"onPrepare\",\"onWorkerStart\",\"onWorkerEnd\",\"before\",\"beforeSession\",\"beforeSuite\",\"beforeHook\",\"beforeTest\",\"afterTest\",\"afterHook\",\"afterSuite\",\"afterSession\",\"after\",\"onComplete\",\"beforeAssertion\",\"afterAssertion\",\"beforeFeature\",\"beforeScenario\",\"beforeStep\",\"afterStep\",\"afterScenario\",\"afterFeature\",\"_\",\"suite\",\"$0\",\"ignoredWorkerServices\",\"wdi5\"]"}]}
COMMAND: POST /session/7455601dddc232b6deafc0d190a18b4e/execute/async - {"script":"<script> [21126 bytes]","args":[35000]}
RESULT: {"script":"<script> [21126 bytes]","args":[35000]}
COMMAND: POST /session/7455601dddc232b6deafc0d190a18b4e/window/maximize - {}
RESULT: {}
COMMAND: POST /session/7455601dddc232b6deafc0d190a18b4e/execute/async - {"script":"<script> [1562 bytes]","args":[{"selector":{"id":"shell-header","interaction":{"idSuffix":"icon"}},"wdio_ui5_key":"shellheader"}]}
COMMAND: GET /session/7455601dddc232b6deafc0d190a18b4e/screenshot - {}
RESULT: {"script":"<script> [1562 bytes]","args":[{"selector":{"id":"shell-header","interaction":{"idSuffix":"icon"}},"wdio_ui5_key":"shellheader"}]}
RESULT: undefined
COMMAND: POST /session/7455601dddc232b6deafc0d190a18b4e/refresh - {}
RESULT: {}
RESULT: {}
COMMAND: GET /session/7455601dddc232b6deafc0d190a18b4e/screenshot - {}
RESULT: {}
COMMAND: POST /session/7455601dddc232b6deafc0d190a18b4e/refresh - {}
RESULT: {}
COMMAND: GET /session/7455601dddc232b6deafc0d190a18b4e/screenshot - {}
RESULT: {}
COMMAND: POST /session/7455601dddc232b6deafc0d190a18b4e/window/fullscreen - {}
RESULT: {}
COMMAND: POST /session/7455601dddc232b6deafc0d190a18b4e/execute/async - {"script":"<script> [189 bytes]","args":[]}
RESULT: {"script":"<script> [189 bytes]","args":[]}
COMMAND: POST /session/7455601dddc232b6deafc0d190a18b4e/execute/async - {"script":"<script> [123 bytes]","args":[]}
RESULT: {"script":"<script> [123 bytes]","args":[]}
COMMAND: POST /session/7455601dddc232b6deafc0d190a18b4e/timeouts - {"script":"<number>"}
RESULT: {"script":"<number>"}
COMMAND: GET /session/7455601dddc232b6deafc0d190a18b4e/timeouts - {}
RESULT: {}
RESULT: undefined
COMMAND: POST /session/7455601dddc232b6deafc0d190a18b4e/execute/async - {"script":"<script> [2676 bytes]","args":[]}
RESULT: {"script":"<script> [2676 bytes]","args":[]}
COMMAND: POST /session/7455601dddc232b6deafc0d190a18b4e/execute/async - {"script":"<script> [2342 bytes]","args":[{"protocol":"http","hostname":"0.0.0.0","path":"/","capabilities":{"browserName":"chrome","goog:chromeOptions":{"binary":"C:\\Program Files\\Google\\Chrome\\Application\\chrome.exe","args":["--start-maximized"]}},"logLevel":"warn","connectionRetryTimeout":120000,"connectionRetryCount":3,"logLevels":{},"enableDirectConnect":true,"strictSSL":true,"_":"65 more keys: [\"cacheDir\",\"port\",\"requestedCapabilities\",\"automationProtocol\",\"baseUrl\",\"waitforInterval\",\"waitforTimeout\",\"onReload\",\"beforeCommand\",\"afterCommand\",\"rootDir\",\"specs\",\"suites\",\"exclude\",\"groupLogsByTestSpec\",\"excludeDriverLogs\",\"bail\",\"framework\",\"reporters\",\"services\",\"maxInstances\",\"maxInstancesPerCapability\",\"injectGlobals\",\"filesToWatch\",\"execArgv\",\"runnerEnv\",\"runner\",\"shard\",\"specFileRetries\",\"specFileRetriesDelay\",\"specFileRetriesDeferred\",\"reporterSyncInterval\",\"reporterSyncTimeout\",\"cucumberFeaturesWithLineNumbers\",\"autoCompileOpts\",\"mochaOpts\",\"jasmineOpts\",\"cucumberOpts\",\"onPrepare\",\"onWorkerStart\",\"onWorkerEnd\",\"before\",\"beforeSession\",\"beforeSuite\",\"beforeHook\",\"beforeTest\",\"afterTest\",\"afterHook\",\"afterSuite\",\"afterSession\",\"after\",\"onComplete\",\"beforeAssertion\",\"afterAssertion\",\"beforeFeature\",\"beforeScenario\",\"beforeStep\",\"afterStep\",\"afterScenario\",\"afterFeature\",\"_\",\"suite\",\"$0\",\"ignoredWorkerServices\",\"wdi5\"]"}]}
RESULT: {"script":"<script> [2342 bytes]","args":[{"protocol":"http","hostname":"0.0.0.0","path":"/","capabilities":{"browserName":"chrome","goog:chromeOptions":{"binary":"C:\\Program Files\\Google\\Chrome\\Application\\chrome.exe","args":["--start-maximized"]}},"logLevel":"warn","connectionRetryTimeout":120000,"connectionRetryCount":3,"logLevels":{},"enableDirectConnect":true,"strictSSL":true,"_":"65 more keys: [\"cacheDir\",\"port\",\"requestedCapabilities\",\"automationProtocol\",\"baseUrl\",\"waitforInterval\",\"waitforTimeout\",\"onReload\",\"beforeCommand\",\"afterCommand\",\"rootDir\",\"specs\",\"suites\",\"exclude\",\"groupLogsByTestSpec\",\"excludeDriverLogs\",\"bail\",\"framework\",\"reporters\",\"services\",\"maxInstances\",\"maxInstancesPerCapability\",\"injectGlobals\",\"filesToWatch\",\"execArgv\",\"runnerEnv\",\"runner\",\"shard\",\"specFileRetries\",\"specFileRetriesDelay\",\"specFileRetriesDeferred\",\"reporterSyncInterval\",\"reporterSyncTimeout\",\"cucumberFeaturesWithLineNumbers\",\"autoCompileOpts\",\"mochaOpts\",\"jasmineOpts\",\"cucumberOpts\",\"onPrepare\",\"onWorkerStart\",\"onWorkerEnd\",\"before\",\"beforeSession\",\"beforeSuite\",\"beforeHook\",\"beforeTest\",\"afterTest\",\"afterHook\",\"afterSuite\",\"afterSession\",\"after\",\"onComplete\",\"beforeAssertion\",\"afterAssertion\",\"beforeFeature\",\"beforeScenario\",\"beforeStep\",\"afterStep\",\"afterScenario\",\"afterFeature\",\"_\",\"suite\",\"$0\",\"ignoredWorkerServices\",\"wdi5\"]"}]}
COMMAND: POST /session/7455601dddc232b6deafc0d190a18b4e/execute/async - {"script":"<script> [21126 bytes]","args":[35000]}
RESULT: {"script":"<script> [21126 bytes]","args":[35000]}
]]></system-out>
    </testcase>
  </testsuite>
  <testsuite timestamp="2025-05-27T18:15:29" time="740.603" tests="12" failures="0" errors="0" skipped="0">
    <properties>
      <property name="specId" value="0"/>
      <property name="suiteName" value="Create Reverse Billing US127248"/>
      <property name="capabilities" value="chrome.136_0_7103_93.windows"/>
      <property name="file" value="file:///D:/a/1/s/test/specs/BTS/reverse-billing.spec.js"/>
    </properties>
    <testcase classname="chrome.136_0_7103_93.windows.Create_Reverse_Billing_US127248" name="Should create a new yard" time="0.019">
      <system-out><![CDATA[
COMMAND: POST /session/7455601dddc232b6deafc0d190a18b4e/window/fullscreen - {}
RESULT: {}
]]></system-out>
    </testcase>
    <testcase classname="chrome.136_0_7103_93.windows.Create_Reverse_Billing_US127248" name="Should create a new partner" time="0.004"/>
    <testcase classname="chrome.136_0_7103_93.windows.Create_Reverse_Billing_US127248" name="Should create a new site" time="0.004"/>
    <testcase classname="chrome.136_0_7103_93.windows.Create_Reverse_Billing_US127248" name="Should create a resource" time="160.189">
      <system-out><![CDATA[
COMMAND: POST /session/7455601dddc232b6deafc0d190a18b4e/execute/async - {"script":"<script> [1562 bytes]","args":[{"selector":{"controlType":"sap.m.GenericTile","properties":{"header":"Manage Resources"}},"wdio_ui5_key":"sapm.GenericTile{\"header\":\"Manage Resources\"}"}]}
RESULT: {"script":"<script> [1562 bytes]","args":[{"selector":{"controlType":"sap.m.GenericTile","properties":{"header":"Manage Resources"}},"wdio_ui5_key":"sapm.GenericTile{\"header\":\"Manage Resources\"}"}]}
RESULT: undefined
COMMAND: POST /session/7455601dddc232b6deafc0d190a18b4e/element - {"using":"xpath","value":"//*[@id=\"__tile39\"]"}
RESULT: {"using":"xpath","value":"//*[@id=\"__tile39\"]"}
COMMAND: POST /session/7455601dddc232b6deafc0d190a18b4e/element/f.8E6BFA2ED3A3A2D86F199707E5BEEB8B.d.A3B613D46406E69C93659DE37DBD9FF5.e.18855/click - {}
RESULT: {}
COMMAND: GET /session/7455601dddc232b6deafc0d190a18b4e/screenshot - {}
RESULT: {}
COMMAND: POST /session/7455601dddc232b6deafc0d190a18b4e/elements - {"using":"xpath","value":"//span[text()='Error']"}
RESULT: {"using":"xpath","value":"//span[text()='Error']"}
COMMAND: POST /session/7455601dddc232b6deafc0d190a18b4e/element - {"using":"xpath","value":"//button[@data-kt=\"addNewRUOverflowToolbarButton\"]"}
RESULT: {"using":"xpath","value":"//button[@data-kt=\"addNewRUOverflowToolbarButton\"]"}
COMMAND: POST /session/7455601dddc232b6deafc0d190a18b4e/elements - {"using":"xpath","value":"//button[@data-kt=\"addNewRUOverflowToolbarButton\"]"}
RESULT: {"using":"xpath","value":"//button[@data-kt=\"addNewRUOverflowToolbarButton\"]"}
COMMAND: POST /session/7455601dddc232b6deafc0d190a18b4e/elements - {"using":"xpath","value":"//button[@data-kt=\"addNewRUOverflowToolbarButton\"]"}
RESULT: {"using":"xpath","value":"//button[@data-kt=\"addNewRUOverflowToolbarButton\"]"}
COMMAND: POST /session/7455601dddc232b6deafc0d190a18b4e/elements - {"using":"xpath","value":"//button[@data-kt=\"addNewRUOverflowToolbarButton\"]"}
RESULT: {"using":"xpath","value":"//button[@data-kt=\"addNewRUOverflowToolbarButton\"]"}
COMMAND: POST /session/7455601dddc232b6deafc0d190a18b4e/elements - {"using":"xpath","value":"//button[@data-kt=\"addNewRUOverflowToolbarButton\"]"}
RESULT: {"using":"xpath","value":"//button[@data-kt=\"addNewRUOverflowToolbarButton\"]"}
COMMAND: POST /session/7455601dddc232b6deafc0d190a18b4e/elements - {"using":"xpath","value":"//button[@data-kt=\"addNewRUOverflowToolbarButton\"]"}
RESULT: {"using":"xpath","value":"//button[@data-kt=\"addNewRUOverflowToolbarButton\"]"}
COMMAND: POST /session/7455601dddc232b6deafc0d190a18b4e/elements - {"using":"xpath","value":"//button[@data-kt=\"addNewRUOverflowToolbarButton\"]"}
RESULT: {"using":"xpath","value":"//button[@data-kt=\"addNewRUOverflowToolbarButton\"]"}
COMMAND: POST /session/7455601dddc232b6deafc0d190a18b4e/elements - {"using":"xpath","value":"//button[@data-kt=\"addNewRUOverflowToolbarButton\"]"}
RESULT: {"using":"xpath","value":"//button[@data-kt=\"addNewRUOverflowToolbarButton\"]"}
COMMAND: POST /session/7455601dddc232b6deafc0d190a18b4e/elements - {"using":"xpath","value":"//button[@data-kt=\"addNewRUOverflowToolbarButton\"]"}
RESULT: {"using":"xpath","value":"//button[@data-kt=\"addNewRUOverflowToolbarButton\"]"}
COMMAND: POST /session/7455601dddc232b6deafc0d190a18b4e/elements - {"using":"xpath","value":"//button[@data-kt=\"addNewRUOverflowToolbarButton\"]"}
RESULT: {"using":"xpath","value":"//button[@data-kt=\"addNewRUOverflowToolbarButton\"]"}
COMMAND: POST /session/7455601dddc232b6deafc0d190a18b4e/elements - {"using":"xpath","value":"//button[@data-kt=\"addNewRUOverflowToolbarButton\"]"}
RESULT: {"using":"xpath","value":"//button[@data-kt=\"addNewRUOverflowToolbarButton\"]"}
COMMAND: POST /session/7455601dddc232b6deafc0d190a18b4e/elements - {"using":"xpath","value":"//button[@data-kt=\"addNewRUOverflowToolbarButton\"]"}
RESULT: {"using":"xpath","value":"//button[@data-kt=\"addNewRUOverflowToolbarButton\"]"}
COMMAND: POST /session/7455601dddc232b6deafc0d190a18b4e/elements - {"using":"xpath","value":"//button[@data-kt=\"addNewRUOverflowToolbarButton\"]"}
RESULT: {"using":"xpath","value":"//button[@data-kt=\"addNewRUOverflowToolbarButton\"]"}
COMMAND: POST /session/7455601dddc232b6deafc0d190a18b4e/elements - {"using":"xpath","value":"//button[@data-kt=\"addNewRUOverflowToolbarButton\"]"}
RESULT: {"using":"xpath","value":"//button[@data-kt=\"addNewRUOverflowToolbarButton\"]"}
COMMAND: POST /session/7455601dddc232b6deafc0d190a18b4e/elements - {"using":"xpath","value":"//button[@data-kt=\"addNewRUOverflowToolbarButton\"]"}
RESULT: {"using":"xpath","value":"//button[@data-kt=\"addNewRUOverflowToolbarButton\"]"}
COMMAND: POST /session/7455601dddc232b6deafc0d190a18b4e/elements - {"using":"xpath","value":"//button[@data-kt=\"addNewRUOverflowToolbarButton\"]"}
RESULT: {"using":"xpath","value":"//button[@data-kt=\"addNewRUOverflowToolbarButton\"]"}
COMMAND: POST /session/7455601dddc232b6deafc0d190a18b4e/elements - {"using":"xpath","value":"//button[@data-kt=\"addNewRUOverflowToolbarButton\"]"}
RESULT: {"using":"xpath","value":"//button[@data-kt=\"addNewRUOverflowToolbarButton\"]"}
COMMAND: POST /session/7455601dddc232b6deafc0d190a18b4e/element - {"using":"xpath","value":"//button[@data-kt=\"addNewRUOverflowToolbarButton\"]"}
RESULT: {"using":"xpath","value":"//button[@data-kt=\"addNewRUOverflowToolbarButton\"]"}
COMMAND: POST /session/7455601dddc232b6deafc0d190a18b4e/execute/sync - {"script":"<script> [8489 bytes]","args":[{"element-6066-11e4-a52e-4f735466cecf":"f.8E6BFA2ED3A3A2D86F199707E5BEEB8B.d.A3B613D46406E69C93659DE37DBD9FF5.e.18996","ELEMENT":"f.8E6BFA2ED3A3A2D86F199707E5BEEB8B.d.A3B613D46406E69C93659DE37DBD9FF5.e.18996"}]}
RESULT: {"script":"<script> [8489 bytes]","args":[{"element-6066-11e4-a52e-4f735466cecf":"f.8E6BFA2ED3A3A2D86F199707E5BEEB8B.d.A3B613D46406E69C93659DE37DBD9FF5.e.18996","ELEMENT":"f.8E6BFA2ED3A3A2D86F199707E5BEEB8B.d.A3B613D46406E69C93659DE37DBD9FF5.e.18996"}]}
COMMAND: GET /session/7455601dddc232b6deafc0d190a18b4e/element/f.8E6BFA2ED3A3A2D86F199707E5BEEB8B.d.A3B613D46406E69C93659DE37DBD9FF5.e.18996/enabled - {}
COMMAND: GET /session/7455601dddc232b6deafc0d190a18b4e/screenshot - {}
RESULT: {}
COMMAND: POST /session/7455601dddc232b6deafc0d190a18b4e/execute/sync - {"script":"<script> [8489 bytes]","args":[{"element-6066-11e4-a52e-4f735466cecf":"f.8E6BFA2ED3A3A2D86F199707E5BEEB8B.d.A3B613D46406E69C93659DE37DBD9FF5.e.18996","ELEMENT":"f.8E6BFA2ED3A3A2D86F199707E5BEEB8B.d.A3B613D46406E69C93659DE37DBD9FF5.e.18996"}]}
COMMAND: GET /session/7455601dddc232b6deafc0d190a18b4e/screenshot - {}
RESULT: {}
RESULT: {"script":"<script> [8489 bytes]","args":[{"element-6066-11e4-a52e-4f735466cecf":"f.8E6BFA2ED3A3A2D86F199707E5BEEB8B.d.A3B613D46406E69C93659DE37DBD9FF5.e.18996","ELEMENT":"f.8E6BFA2ED3A3A2D86F199707E5BEEB8B.d.A3B613D46406E69C93659DE37DBD9FF5.e.18996"}]}
COMMAND: POST /session/7455601dddc232b6deafc0d190a18b4e/execute/sync - {"script":"<script> [5351 bytes]","args":[{"element-6066-11e4-a52e-4f735466cecf":"f.8E6BFA2ED3A3A2D86F199707E5BEEB8B.d.A3B613D46406E69C93659DE37DBD9FF5.e.18996","ELEMENT":"f.8E6BFA2ED3A3A2D86F199707E5BEEB8B.d.A3B613D46406E69C93659DE37DBD9FF5.e.18996"}]}
COMMAND: GET /session/7455601dddc232b6deafc0d190a18b4e/screenshot - {}
RESULT: {}
RESULT: {"script":"<script> [5351 bytes]","args":[{"element-6066-11e4-a52e-4f735466cecf":"f.8E6BFA2ED3A3A2D86F199707E5BEEB8B.d.A3B613D46406E69C93659DE37DBD9FF5.e.18996","ELEMENT":"f.8E6BFA2ED3A3A2D86F199707E5BEEB8B.d.A3B613D46406E69C93659DE37DBD9FF5.e.18996"}]}
COMMAND: POST /session/7455601dddc232b6deafc0d190a18b4e/element/f.8E6BFA2ED3A3A2D86F199707E5BEEB8B.d.A3B613D46406E69C93659DE37DBD9FF5.e.18996/click - {}
COMMAND: GET /session/7455601dddc232b6deafc0d190a18b4e/screenshot - {}
RESULT: {}
RESULT: {}
COMMAND: GET /session/7455601dddc232b6deafc0d190a18b4e/screenshot - {}
RESULT: {}
RESULT: {}
COMMAND: POST /session/7455601dddc232b6deafc0d190a18b4e/execute/async - {"script":"<script> [1562 bytes]","args":[{"selector":{"id":"application-manageresources-display-component---newResourceUnit--TYPE-arrow"},"wdio_ui5_key":"applicationmanageresources-display-component---newResourceUnit--TYPE-arrow"}]}
RESULT: {"script":"<script> [1562 bytes]","args":[{"selector":{"id":"application-manageresources-display-component---newResourceUnit--TYPE-arrow"},"wdio_ui5_key":"applicationmanageresources-display-component---newResourceUnit--TYPE-arrow"}]}
RESULT: undefined
COMMAND: POST /session/7455601dddc232b6deafc0d190a18b4e/element - {"using":"xpath","value":"//*[@id=\"application-manageresources-display-component---newResourceUnit--TYPE-arrow\"]"}
RESULT: {"using":"xpath","value":"//*[@id=\"application-manageresources-display-component---newResourceUnit--TYPE-arrow\"]"}
COMMAND: POST /session/7455601dddc232b6deafc0d190a18b4e/element/f.8E6BFA2ED3A3A2D86F199707E5BEEB8B.d.A3B613D46406E69C93659DE37DBD9FF5.e.19351/click - {}
RESULT: {}
COMMAND: POST /session/7455601dddc232b6deafc0d190a18b4e/element - {"using":"xpath","value":"//input[@id=\"application-manageresources-display-component---newResourceUnit--TYPE-inner\"]"}
COMMAND: GET /session/7455601dddc232b6deafc0d190a18b4e/screenshot - {}
RESULT: {"using":"xpath","value":"//input[@id=\"application-manageresources-display-component---newResourceUnit--TYPE-inner\"]"}
COMMAND: POST /session/7455601dddc232b6deafc0d190a18b4e/element/f.8E6BFA2ED3A3A2D86F199707E5BEEB8B.d.A3B613D46406E69C93659DE37DBD9FF5.e.19347/clear - {}
RESULT: {}
RESULT: {}
COMMAND: POST /session/7455601dddc232b6deafc0d190a18b4e/element/f.8E6BFA2ED3A3A2D86F199707E5BEEB8B.d.A3B613D46406E69C93659DE37DBD9FF5.e.19347/value - {"text":"Equipment"}
COMMAND: GET /session/7455601dddc232b6deafc0d190a18b4e/screenshot - {}
RESULT: {"text":"Equipment"}
COMMAND: GET /session/7455601dddc232b6deafc0d190a18b4e/screenshot - {}
RESULT: {}
RESULT: {}
COMMAND: POST /session/7455601dddc232b6deafc0d190a18b4e/actions - {"actions":[{"id":"action57","type":"key","parameters":{},"actions":[{"type":"keyDown","value":""},{"type":"pause","duration":10},{"type":"keyUp","value":""}]}]}
RESULT: {"actions":[{"id":"action57","type":"key","parameters":{},"actions":[{"type":"keyDown","value":""},{"type":"pause","duration":10},{"type":"keyUp","value":""}]}]}
COMMAND: POST /session/7455601dddc232b6deafc0d190a18b4e/execute/async - {"script":"<script> [1562 bytes]","args":[{"selector":{"id":"application-manageresources-display-component---newResourceUnit--resourceId","interaction":{"idSuffix":"inner"}},"wdio_ui5_key":"applicationmanageresources-display-component---newResourceUnit--resourceId"}]}
COMMAND: GET /session/7455601dddc232b6deafc0d190a18b4e/screenshot - {}
RESULT: {"script":"<script> [1562 bytes]","args":[{"selector":{"id":"application-manageresources-display-component---newResourceUnit--resourceId","interaction":{"idSuffix":"inner"}},"wdio_ui5_key":"applicationmanageresources-display-component---newResourceUnit--resourceId"}]}
RESULT: undefined
COMMAND: POST /session/7455601dddc232b6deafc0d190a18b4e/execute/async - {"script":"<script> [776 bytes]","args":[{"enterText":"gXEwc1igBp","selector":{"id":"application-manageresources-display-component---newResourceUnit--resourceId","interaction":{"idSuffix":"inner"}},"clearTextFirst":true,"interactionType":"ENTER_TEXT"}]}
RESULT: {}
RESULT: {"script":"<script> [776 bytes]","args":[{"enterText":"gXEwc1igBp","selector":{"id":"application-manageresources-display-component---newResourceUnit--resourceId","interaction":{"idSuffix":"inner"}},"clearTextFirst":true,"interactionType":"ENTER_TEXT"}]}
COMMAND: POST /session/7455601dddc232b6deafc0d190a18b4e/execute/async - {"script":"<script> [1562 bytes]","args":[{"selector":{"id":"application-manageresources-display-component---newResourceUnit--SHORT_TEXT","interaction":{"idSuffix":"inner"}},"wdio_ui5_key":"applicationmanageresources-display-component---newResourceUnit--SHORT_TEXT"}]}
RESULT: {"script":"<script> [1562 bytes]","args":[{"selector":{"id":"application-manageresources-display-component---newResourceUnit--SHORT_TEXT","interaction":{"idSuffix":"inner"}},"wdio_ui5_key":"applicationmanageresources-display-component---newResourceUnit--SHORT_TEXT"}]}
RESULT: undefined
COMMAND: POST /session/7455601dddc232b6deafc0d190a18b4e/execute/async - {"script":"<script> [776 bytes]","args":[{"enterText":"Intercompany Equipment WDIO","selector":{"id":"application-manageresources-display-component---newResourceUnit--SHORT_TEXT","interaction":{"idSuffix":"inner"}},"clearTextFirst":true,"interactionType":"ENTER_TEXT"}]}
RESULT: {"script":"<script> [776 bytes]","args":[{"enterText":"Intercompany Equipment WDIO","selector":{"id":"application-manageresources-display-component---newResourceUnit--SHORT_TEXT","interaction":{"idSuffix":"inner"}},"clearTextFirst":true,"interactionType":"ENTER_TEXT"}]}
COMMAND: POST /session/7455601dddc232b6deafc0d190a18b4e/execute/async - {"script":"<script> [1562 bytes]","args":[{"selector":{"id":"application-manageresources-display-component---newResourceUnit--BASE_UNIT_OF_MEASURE","interaction":{"idSuffix":"inner"}},"wdio_ui5_key":"applicationmanageresources-display-component---newResourceUnit--BASE_UNIT_OF_MEASURE"}]}
RESULT: {"script":"<script> [1562 bytes]","args":[{"selector":{"id":"application-manageresources-display-component---newResourceUnit--BASE_UNIT_OF_MEASURE","interaction":{"idSuffix":"inner"}},"wdio_ui5_key":"applicationmanageresources-display-component---newResourceUnit--BASE_UNIT_OF_MEASURE"}]}
RESULT: undefined
COMMAND: POST /session/7455601dddc232b6deafc0d190a18b4e/execute/async - {"script":"<script> [776 bytes]","args":[{"enterText":"Piece","selector":{"id":"application-manageresources-display-component---newResourceUnit--BASE_UNIT_OF_MEASURE","interaction":{"idSuffix":"inner"}},"clearTextFirst":true,"interactionType":"ENTER_TEXT"}]}
RESULT: {"script":"<script> [776 bytes]","args":[{"enterText":"Piece","selector":{"id":"application-manageresources-display-component---newResourceUnit--BASE_UNIT_OF_MEASURE","interaction":{"idSuffix":"inner"}},"clearTextFirst":true,"interactionType":"ENTER_TEXT"}]}
COMMAND: POST /session/7455601dddc232b6deafc0d190a18b4e/execute/async - {"script":"<script> [1562 bytes]","args":[{"selector":{"id":"application-manageresources-display-component---newResourceUnit--WEIGHT_UNIT","interaction":{"idSuffix":"inner"}},"wdio_ui5_key":"applicationmanageresources-display-component---newResourceUnit--WEIGHT_UNIT"}]}
RESULT: {"script":"<script> [1562 bytes]","args":[{"selector":{"id":"application-manageresources-display-component---newResourceUnit--WEIGHT_UNIT","interaction":{"idSuffix":"inner"}},"wdio_ui5_key":"applicationmanageresources-display-component---newResourceUnit--WEIGHT_UNIT"}]}
RESULT: undefined
COMMAND: POST /session/7455601dddc232b6deafc0d190a18b4e/execute/async - {"script":"<script> [776 bytes]","args":[{"enterText":"Gram","selector":{"id":"application-manageresources-display-component---newResourceUnit--WEIGHT_UNIT","interaction":{"idSuffix":"inner"}},"clearTextFirst":true,"interactionType":"ENTER_TEXT"}]}
RESULT: {"script":"<script> [776 bytes]","args":[{"enterText":"Gram","selector":{"id":"application-manageresources-display-component---newResourceUnit--WEIGHT_UNIT","interaction":{"idSuffix":"inner"}},"clearTextFirst":true,"interactionType":"ENTER_TEXT"}]}
COMMAND: POST /session/7455601dddc232b6deafc0d190a18b4e/execute/async - {"script":"<script> [1562 bytes]","args":[{"selector":{"id":"application-manageresources-display-component---newResourceUnit--DIMENSION_UNIT","interaction":{"idSuffix":"inner"}},"wdio_ui5_key":"applicationmanageresources-display-component---newResourceUnit--DIMENSION_UNIT"}]}
RESULT: {"script":"<script> [1562 bytes]","args":[{"selector":{"id":"application-manageresources-display-component---newResourceUnit--DIMENSION_UNIT","interaction":{"idSuffix":"inner"}},"wdio_ui5_key":"applicationmanageresources-display-component---newResourceUnit--DIMENSION_UNIT"}]}
RESULT: undefined
COMMAND: POST /session/7455601dddc232b6deafc0d190a18b4e/execute/async - {"script":"<script> [776 bytes]","args":[{"enterText":"Meter","selector":{"id":"application-manageresources-display-component---newResourceUnit--DIMENSION_UNIT","interaction":{"idSuffix":"inner"}},"clearTextFirst":true,"interactionType":"ENTER_TEXT"}]}
RESULT: {"script":"<script> [776 bytes]","args":[{"enterText":"Meter","selector":{"id":"application-manageresources-display-component---newResourceUnit--DIMENSION_UNIT","interaction":{"idSuffix":"inner"}},"clearTextFirst":true,"interactionType":"ENTER_TEXT"}]}
COMMAND: POST /session/7455601dddc232b6deafc0d190a18b4e/execute/async - {"script":"<script> [1562 bytes]","args":[{"selector":{"id":"application-manageresources-display-component---newResourceUnit--newRRUPage-anchBar-application-manageresources-display-component---newResourceUnit--control-anchor","interaction":{"idSuffix":"BDI-content"}},"wdio_ui5_key":"applicationmanageresources-display-component---newResourceUnit--newRRUPage-anchBar-application-manageresources-display-component---newResourceUnit--control-anchor"}]}
RESULT: {"script":"<script> [1562 bytes]","args":[{"selector":{"id":"application-manageresources-display-component---newResourceUnit--newRRUPage-anchBar-application-manageresources-display-component---newResourceUnit--control-anchor","interaction":{"idSuffix":"BDI-content"}},"wdio_ui5_key":"applicationmanageresources-display-component---newResourceUnit--newRRUPage-anchBar-application-manageresources-display-component---newResourceUnit--control-anchor"}]}
RESULT: undefined
COMMAND: POST /session/7455601dddc232b6deafc0d190a18b4e/element - {"using":"xpath","value":"//*[@id=\"application-manageresources-display-component---newResourceUnit--newRRUPage-anchBar-application-manageresources-display-component---newResourceUnit--control-anchor\"]"}
RESULT: {"using":"xpath","value":"//*[@id=\"application-manageresources-display-component---newResourceUnit--newRRUPage-anchBar-application-manageresources-display-component---newResourceUnit--control-anchor\"]"}
COMMAND: POST /session/7455601dddc232b6deafc0d190a18b4e/element/f.8E6BFA2ED3A3A2D86F199707E5BEEB8B.d.A3B613D46406E69C93659DE37DBD9FF5.e.19511/click - {}
RESULT: {}
COMMAND: POST /session/7455601dddc232b6deafc0d190a18b4e/execute/async - {"script":"<script> [1562 bytes]","args":[{"selector":{"id":"application-manageresources-display-component---newResourceUnit--PLANNING_GROUP","interaction":{"idSuffix":"inner"}},"wdio_ui5_key":"applicationmanageresources-display-component---newResourceUnit--PLANNING_GROUP"}]}
COMMAND: GET /session/7455601dddc232b6deafc0d190a18b4e/screenshot - {}
RESULT: {"script":"<script> [1562 bytes]","args":[{"selector":{"id":"application-manageresources-display-component---newResourceUnit--PLANNING_GROUP","interaction":{"idSuffix":"inner"}},"wdio_ui5_key":"applicationmanageresources-display-component---newResourceUnit--PLANNING_GROUP"}]}
RESULT: undefined
COMMAND: POST /session/7455601dddc232b6deafc0d190a18b4e/execute/async - {"script":"<script> [776 bytes]","args":[{"enterText":"Heavy Equi","selector":{"id":"application-manageresources-display-component---newResourceUnit--PLANNING_GROUP","interaction":{"idSuffix":"inner"}},"clearTextFirst":true,"interactionType":"ENTER_TEXT"}]}
RESULT: {}
RESULT: {"script":"<script> [776 bytes]","args":[{"enterText":"Heavy Equi","selector":{"id":"application-manageresources-display-component---newResourceUnit--PLANNING_GROUP","interaction":{"idSuffix":"inner"}},"clearTextFirst":true,"interactionType":"ENTER_TEXT"}]}
COMMAND: POST /session/7455601dddc232b6deafc0d190a18b4e/execute/async - {"script":"<script> [1562 bytes]","args":[{"selector":{"id":"application-manageresources-display-component---newResourceUnit--ITEM_TYPE-arrow"},"wdio_ui5_key":"applicationmanageresources-display-component---newResourceUnit--ITEM_TYPE-arrow"}]}
RESULT: {"script":"<script> [1562 bytes]","args":[{"selector":{"id":"application-manageresources-display-component---newResourceUnit--ITEM_TYPE-arrow"},"wdio_ui5_key":"applicationmanageresources-display-component---newResourceUnit--ITEM_TYPE-arrow"}]}
RESULT: undefined
COMMAND: POST /session/7455601dddc232b6deafc0d190a18b4e/element - {"using":"xpath","value":"//*[@id=\"application-manageresources-display-component---newResourceUnit--ITEM_TYPE-arrow\"]"}
RESULT: {"using":"xpath","value":"//*[@id=\"application-manageresources-display-component---newResourceUnit--ITEM_TYPE-arrow\"]"}
COMMAND: POST /session/7455601dddc232b6deafc0d190a18b4e/element/f.8E6BFA2ED3A3A2D86F199707E5BEEB8B.d.A3B613D46406E69C93659DE37DBD9FF5.e.19518/click - {}
RESULT: {}
COMMAND: POST /session/7455601dddc232b6deafc0d190a18b4e/element - {"using":"xpath","value":"(//span[contains(text(), \"Resource Unit\")])[2]"}
COMMAND: GET /session/7455601dddc232b6deafc0d190a18b4e/screenshot - {}
RESULT: {"using":"xpath","value":"(//span[contains(text(), \"Resource Unit\")])[2]"}
COMMAND: POST /session/7455601dddc232b6deafc0d190a18b4e/element/f.8E6BFA2ED3A3A2D86F199707E5BEEB8B.d.A3B613D46406E69C93659DE37DBD9FF5.e.19519/click - {}
RESULT: {}
RESULT: {}
COMMAND: GET /session/7455601dddc232b6deafc0d190a18b4e/screenshot - {}
RESULT: {}
COMMAND: POST /session/7455601dddc232b6deafc0d190a18b4e/element - {"using":"css selector","value":"#application-manageresources-display-component---newResourceUnit--btnAddTimeSegment"}
RESULT: {"using":"css selector","value":"#application-manageresources-display-component---newResourceUnit--btnAddTimeSegment"}
COMMAND: GET /session/7455601dddc232b6deafc0d190a18b4e/element/f.8E6BFA2ED3A3A2D86F199707E5BEEB8B.d.A3B613D46406E69C93659DE37DBD9FF5.e.19526/rect - {}
RESULT: {}
COMMAND: GET /session/7455601dddc232b6deafc0d190a18b4e/window/rect - {}
RESULT: {}
COMMAND: POST /session/7455601dddc232b6deafc0d190a18b4e/execute/sync - {"script":"<script> [92 bytes]","args":[]}
RESULT: {"script":"<script> [92 bytes]","args":[]}
COMMAND: POST /session/7455601dddc232b6deafc0d190a18b4e/actions - {"actions":[{"id":"action58","type":"wheel","parameters":{},"actions":[{"type":"scroll","x":-1888,"y":-32,"deltaX":0,"deltaY":0,"duration":0,"origin":{"element-6066-11e4-a52e-4f735466cecf":"f.8E6BFA2ED3A3A2D86F199707E5BEEB8B.d.A3B613D46406E69C93659DE37DBD9FF5.e.19526"}}]}]}
COMMAND: GET /session/7455601dddc232b6deafc0d190a18b4e/screenshot - {}
RESULT: {}
COMMAND: POST /session/7455601dddc232b6deafc0d190a18b4e/execute/sync - {"script":"<script> [79 bytes]","args":[{"element-6066-11e4-a52e-4f735466cecf":"f.8E6BFA2ED3A3A2D86F199707E5BEEB8B.d.A3B613D46406E69C93659DE37DBD9FF5.e.19526","ELEMENT":"f.8E6BFA2ED3A3A2D86F199707E5BEEB8B.d.A3B613D46406E69C93659DE37DBD9FF5.e.19526"},{"block":"start","inline":"nearest"}]}
RESULT: {"script":"<script> [79 bytes]","args":[{"element-6066-11e4-a52e-4f735466cecf":"f.8E6BFA2ED3A3A2D86F199707E5BEEB8B.d.A3B613D46406E69C93659DE37DBD9FF5.e.19526","ELEMENT":"f.8E6BFA2ED3A3A2D86F199707E5BEEB8B.d.A3B613D46406E69C93659DE37DBD9FF5.e.19526"},{"block":"start","inline":"nearest"}]}
COMMAND: POST /session/7455601dddc232b6deafc0d190a18b4e/execute/async - {"script":"<script> [1562 bytes]","args":[{"selector":{"id":"application-manageresources-display-component---newResourceUnit--btnAddTimeSegment","interaction":{"idSuffix":"inner"}},"wdio_ui5_key":"applicationmanageresources-display-component---newResourceUnit--btnAddTimeSegment"}]}
COMMAND: GET /session/7455601dddc232b6deafc0d190a18b4e/screenshot - {}
RESULT: {"script":"<script> [1562 bytes]","args":[{"selector":{"id":"application-manageresources-display-component---newResourceUnit--btnAddTimeSegment","interaction":{"idSuffix":"inner"}},"wdio_ui5_key":"applicationmanageresources-display-component---newResourceUnit--btnAddTimeSegment"}]}
RESULT: undefined
COMMAND: POST /session/7455601dddc232b6deafc0d190a18b4e/element - {"using":"xpath","value":"//*[@id=\"application-manageresources-display-component---newResourceUnit--btnAddTimeSegment\"]"}
RESULT: {}
RESULT: {"using":"xpath","value":"//*[@id=\"application-manageresources-display-component---newResourceUnit--btnAddTimeSegment\"]"}
COMMAND: POST /session/7455601dddc232b6deafc0d190a18b4e/element/f.8E6BFA2ED3A3A2D86F199707E5BEEB8B.d.A3B613D46406E69C93659DE37DBD9FF5.e.19526/click - {}
RESULT: {}
COMMAND: GET /session/7455601dddc232b6deafc0d190a18b4e/screenshot - {}
RESULT: {}
COMMAND: POST /session/7455601dddc232b6deafc0d190a18b4e/element - {"using":"xpath","value":"//input[@id=\"application-manageresources-display-component---newResourceUnit--idRuTSAdmin-application-manageresources-display-component---newResourceUnit--RUTimeSegment-0-inner\"]"}
RESULT: {"using":"xpath","value":"//input[@id=\"application-manageresources-display-component---newResourceUnit--idRuTSAdmin-application-manageresources-display-component---newResourceUnit--RUTimeSegment-0-inner\"]"}
COMMAND: POST /session/7455601dddc232b6deafc0d190a18b4e/element/f.8E6BFA2ED3A3A2D86F199707E5BEEB8B.d.A3B613D46406E69C93659DE37DBD9FF5.e.19532/clear - {}
RESULT: {}
COMMAND: POST /session/7455601dddc232b6deafc0d190a18b4e/element/f.8E6BFA2ED3A3A2D86F199707E5BEEB8B.d.A3B613D46406E69C93659DE37DBD9FF5.e.19532/value - {"text":"400"}
COMMAND: GET /session/7455601dddc232b6deafc0d190a18b4e/screenshot - {}
RESULT: {"text":"400"}
COMMAND: GET /session/7455601dddc232b6deafc0d190a18b4e/screenshot - {}
RESULT: {}
RESULT: {}
COMMAND: POST /session/7455601dddc232b6deafc0d190a18b4e/element - {"using":"xpath","value":"//li[.//span[text()='400']]"}
RESULT: {"using":"xpath","value":"//li[.//span[text()='400']]"}
COMMAND: POST /session/7455601dddc232b6deafc0d190a18b4e/element/f.8E6BFA2ED3A3A2D86F199707E5BEEB8B.d.A3B613D46406E69C93659DE37DBD9FF5.e.19546/click - {}
RESULT: {}
COMMAND: GET /session/7455601dddc232b6deafc0d190a18b4e/screenshot - {}
RESULT: {}
COMMAND: POST /session/7455601dddc232b6deafc0d190a18b4e/element - {"using":"xpath","value":"(//span[contains(@id, \"-application-manageresources-display-component---newResourceUnit--RUTimeSegment-0-arrow\")])[6]"}
RESULT: {"using":"xpath","value":"(//span[contains(@id, \"-application-manageresources-display-component---newResourceUnit--RUTimeSegment-0-arrow\")])[6]"}
COMMAND: POST /session/7455601dddc232b6deafc0d190a18b4e/element/f.8E6BFA2ED3A3A2D86F199707E5BEEB8B.d.A3B613D46406E69C93659DE37DBD9FF5.e.19547/click - {}
RESULT: {}
COMMAND: GET /session/7455601dddc232b6deafc0d190a18b4e/screenshot - {}
RESULT: {}
COMMAND: POST /session/7455601dddc232b6deafc0d190a18b4e/element - {"using":"xpath","value":"//span[contains(text(), \"PM Order\")]"}
RESULT: {"using":"xpath","value":"//span[contains(text(), \"PM Order\")]"}
COMMAND: POST /session/7455601dddc232b6deafc0d190a18b4e/element/f.8E6BFA2ED3A3A2D86F199707E5BEEB8B.d.A3B613D46406E69C93659DE37DBD9FF5.e.19550/click - {}
RESULT: {}
COMMAND: GET /session/7455601dddc232b6deafc0d190a18b4e/screenshot - {}
RESULT: {}
COMMAND: POST /session/7455601dddc232b6deafc0d190a18b4e/element - {"using":"xpath","value":"(//span[contains(@id ,\"manageresources-display-component---newResourceUnit--RUTimeSegment-0-vhi\")])[1]"}
RESULT: {"using":"xpath","value":"(//span[contains(@id ,\"manageresources-display-component---newResourceUnit--RUTimeSegment-0-vhi\")])[1]"}
COMMAND: GET /session/7455601dddc232b6deafc0d190a18b4e/element/f.8E6BFA2ED3A3A2D86F199707E5BEEB8B.d.A3B613D46406E69C93659DE37DBD9FF5.e.19554/rect - {}
RESULT: {}
COMMAND: GET /session/7455601dddc232b6deafc0d190a18b4e/window/rect - {}
RESULT: {}
COMMAND: POST /session/7455601dddc232b6deafc0d190a18b4e/execute/sync - {"script":"<script> [92 bytes]","args":[]}
RESULT: {"script":"<script> [92 bytes]","args":[]}
COMMAND: POST /session/7455601dddc232b6deafc0d190a18b4e/actions - {"actions":[{"id":"action59","type":"wheel","parameters":{},"actions":[{"type":"scroll","x":-869,"y":-24,"deltaX":0,"deltaY":0,"duration":0,"origin":{"element-6066-11e4-a52e-4f735466cecf":"f.8E6BFA2ED3A3A2D86F199707E5BEEB8B.d.A3B613D46406E69C93659DE37DBD9FF5.e.19554"}}]}]}
COMMAND: GET /session/7455601dddc232b6deafc0d190a18b4e/screenshot - {}
RESULT: {"actions":[{"id":"action59","type":"wheel","parameters":{},"actions":[{"type":"scroll","x":-869,"y":-24,"deltaX":0,"deltaY":0,"duration":0,"origin":{"element-6066-11e4-a52e-4f735466cecf":"f.8E6BFA2ED3A3A2D86F199707E5BEEB8B.d.A3B613D46406E69C93659DE37DBD9FF5.e.19554"}}]}]}
COMMAND: DELETE /session/7455601dddc232b6deafc0d190a18b4e/actions - {}
COMMAND: GET /session/7455601dddc232b6deafc0d190a18b4e/screenshot - {}
RESULT: {}
RESULT: {}
COMMAND: GET /session/7455601dddc232b6deafc0d190a18b4e/screenshot - {}
RESULT: {}
RESULT: {}
COMMAND: POST /session/7455601dddc232b6deafc0d190a18b4e/element/f.8E6BFA2ED3A3A2D86F199707E5BEEB8B.d.A3B613D46406E69C93659DE37DBD9FF5.e.19554/click - {}
RESULT: {}
COMMAND: GET /session/7455601dddc232b6deafc0d190a18b4e/screenshot - {}
RESULT: {}
COMMAND: POST /session/7455601dddc232b6deafc0d190a18b4e/execute/async - {"script":"<script> [1562 bytes]","args":[{"selector":{"controlType":"sap.m.SearchField","properties":{"placeholder":"Search"},"searchOpenDialogs":true,"interaction":{"idSuffix":"I"}},"wdio_ui5_key":"sapm.SearchField{\"placeholder\":\"Search\"}"}]}
RESULT: {"script":"<script> [1562 bytes]","args":[{"selector":{"controlType":"sap.m.SearchField","properties":{"placeholder":"Search"},"searchOpenDialogs":true,"interaction":{"idSuffix":"I"}},"wdio_ui5_key":"sapm.SearchField{\"placeholder\":\"Search\"}"}]}
RESULT: undefined
COMMAND: POST /session/7455601dddc232b6deafc0d190a18b4e/execute/async - {"script":"<script> [776 bytes]","args":[{"enterText":"4000360","selector":{"controlType":"sap.m.SearchField","properties":{"placeholder":"Search"},"searchOpenDialogs":true,"interaction":{"idSuffix":"I"}},"clearTextFirst":true,"interactionType":"ENTER_TEXT"}]}
RESULT: {"script":"<script> [776 bytes]","args":[{"enterText":"4000360","selector":{"controlType":"sap.m.SearchField","properties":{"placeholder":"Search"},"searchOpenDialogs":true,"interaction":{"idSuffix":"I"}},"clearTextFirst":true,"interactionType":"ENTER_TEXT"}]}
COMMAND: POST /session/7455601dddc232b6deafc0d190a18b4e/actions - {"actions":[{"id":"action60","type":"key","parameters":{},"actions":[{"type":"keyDown","value":""},{"type":"pause","duration":10},{"type":"keyUp","value":""}]}]}
RESULT: {"actions":[{"id":"action60","type":"key","parameters":{},"actions":[{"type":"keyDown","value":""},{"type":"pause","duration":10},{"type":"keyUp","value":""}]}]}
COMMAND: GET /session/7455601dddc232b6deafc0d190a18b4e/screenshot - {}
RESULT: {}
COMMAND: POST /session/7455601dddc232b6deafc0d190a18b4e/element - {"using":"xpath","value":"//td/div/span[contains(text(), \"BGL Vehicles\")]"}
RESULT: {"using":"xpath","value":"//td/div/span[contains(text(), \"BGL Vehicles\")]"}
COMMAND: POST /session/7455601dddc232b6deafc0d190a18b4e/element/f.8E6BFA2ED3A3A2D86F199707E5BEEB8B.d.A3B613D46406E69C93659DE37DBD9FF5.e.19576/click - {}
RESULT: {}
COMMAND: GET /session/7455601dddc232b6deafc0d190a18b4e/screenshot - {}
RESULT: {}
COMMAND: POST /session/7455601dddc232b6deafc0d190a18b4e/element - {"using":"xpath","value":"//bdi[contains(text(), \"OK\")]"}
RESULT: {"using":"xpath","value":"//bdi[contains(text(), \"OK\")]"}
COMMAND: POST /session/7455601dddc232b6deafc0d190a18b4e/element/f.8E6BFA2ED3A3A2D86F199707E5BEEB8B.d.A3B613D46406E69C93659DE37DBD9FF5.e.19577/click - {}
RESULT: {}
COMMAND: GET /session/7455601dddc232b6deafc0d190a18b4e/screenshot - {}
RESULT: {}
COMMAND: POST /session/7455601dddc232b6deafc0d190a18b4e/execute/async - {"script":"<script> [1562 bytes]","args":[{"selector":{"id":"application-manageresources-display-component---newResourceUnit--newRRUPage-anchBar-application-manageresources-display-component---newResourceUnit--resource-anchor","interaction":{"idSuffix":"BDI-content"}},"wdio_ui5_key":"applicationmanageresources-display-component---newResourceUnit--newRRUPage-anchBar-application-manageresources-display-component---newResourceUnit--resource-anchor"}]}
RESULT: {"script":"<script> [1562 bytes]","args":[{"selector":{"id":"application-manageresources-display-component---newResourceUnit--newRRUPage-anchBar-application-manageresources-display-component---newResourceUnit--resource-anchor","interaction":{"idSuffix":"BDI-content"}},"wdio_ui5_key":"applicationmanageresources-display-component---newResourceUnit--newRRUPage-anchBar-application-manageresources-display-component---newResourceUnit--resource-anchor"}]}
RESULT: undefined
COMMAND: POST /session/7455601dddc232b6deafc0d190a18b4e/element - {"using":"xpath","value":"//*[@id=\"application-manageresources-display-component---newResourceUnit--newRRUPage-anchBar-application-manageresources-display-component---newResourceUnit--resource-anchor\"]"}
RESULT: {"using":"xpath","value":"//*[@id=\"application-manageresources-display-component---newResourceUnit--newRRUPage-anchBar-application-manageresources-display-component---newResourceUnit--resource-anchor\"]"}
COMMAND: POST /session/7455601dddc232b6deafc0d190a18b4e/element/f.8E6BFA2ED3A3A2D86F199707E5BEEB8B.d.A3B613D46406E69C93659DE37DBD9FF5.e.19581/click - {}
RESULT: {}
COMMAND: POST /session/7455601dddc232b6deafc0d190a18b4e/execute/async - {"script":"<script> [1562 bytes]","args":[{"selector":{"id":"application-manageresources-display-component---newResourceUnit--PLANNED_DELIVERY_DATE","interaction":{"idSuffix":"inner"}},"wdio_ui5_key":"applicationmanageresources-display-component---newResourceUnit--PLANNED_DELIVERY_DATE"}]}
COMMAND: GET /session/7455601dddc232b6deafc0d190a18b4e/screenshot - {}
RESULT: {"script":"<script> [1562 bytes]","args":[{"selector":{"id":"application-manageresources-display-component---newResourceUnit--PLANNED_DELIVERY_DATE","interaction":{"idSuffix":"inner"}},"wdio_ui5_key":"applicationmanageresources-display-component---newResourceUnit--PLANNED_DELIVERY_DATE"}]}
RESULT: undefined
COMMAND: POST /session/7455601dddc232b6deafc0d190a18b4e/execute/async - {"script":"<script> [6424 bytes]","args":[{"element-6066-11e4-a52e-4f735466cecf":"f.8E6BFA2ED3A3A2D86F199707E5BEEB8B.d.A3B613D46406E69C93659DE37DBD9FF5.e.19410"},"setValue",["5/27/25"]]}
RESULT: {}
RESULT: {"script":"<script> [6424 bytes]","args":[{"element-6066-11e4-a52e-4f735466cecf":"f.8E6BFA2ED3A3A2D86F199707E5BEEB8B.d.A3B613D46406E69C93659DE37DBD9FF5.e.19410"},"setValue",["5/27/25"]]}
COMMAND: POST /session/7455601dddc232b6deafc0d190a18b4e/element - {"using":"xpath","value":"//label[contains(@class, 'sapMLabelRequired') and .//bdi[contains(text(), 'Planned Retirement')]]"}
RESULT: {"using":"xpath","value":"//label[contains(@class, 'sapMLabelRequired') and .//bdi[contains(text(), 'Planned Retirement')]]"}
COMMAND: POST /session/7455601dddc232b6deafc0d190a18b4e/elements - {"using":"xpath","value":"//label[contains(@class, 'sapMLabelRequired') and .//bdi[contains(text(), 'Planned Retirement')]]"}
RESULT: {"using":"xpath","value":"//label[contains(@class, 'sapMLabelRequired') and .//bdi[contains(text(), 'Planned Retirement')]]"}
COMMAND: POST /session/7455601dddc232b6deafc0d190a18b4e/element - {"using":"xpath","value":"//button[@data-kt=\"resourceUnitSaveButton\"]"}
RESULT: {"using":"xpath","value":"//button[@data-kt=\"resourceUnitSaveButton\"]"}
COMMAND: POST /session/7455601dddc232b6deafc0d190a18b4e/element/f.8E6BFA2ED3A3A2D86F199707E5BEEB8B.d.A3B613D46406E69C93659DE37DBD9FF5.e.19369/click - {}
RESULT: {}
COMMAND: GET /session/7455601dddc232b6deafc0d190a18b4e/screenshot - {}
RESULT: {}
COMMAND: POST /session/7455601dddc232b6deafc0d190a18b4e/element - {"using":"xpath","value":"//bdi[contains(text(), \"Close\")]"}
RESULT: {"using":"xpath","value":"//bdi[contains(text(), \"Close\")]"}
COMMAND: POST /session/7455601dddc232b6deafc0d190a18b4e/element/f.8E6BFA2ED3A3A2D86F199707E5BEEB8B.d.A3B613D46406E69C93659DE37DBD9FF5.e.19589/click - {}
RESULT: {}
COMMAND: GET /session/7455601dddc232b6deafc0d190a18b4e/screenshot - {}
RESULT: {}
COMMAND: POST /session/7455601dddc232b6deafc0d190a18b4e/element - {"using":"xpath","value":"(//button[contains(@id ,\"actionsToolbar-overflowButton\")])[1]"}
RESULT: {"using":"xpath","value":"(//button[contains(@id ,\"actionsToolbar-overflowButton\")])[1]"}
COMMAND: POST /session/7455601dddc232b6deafc0d190a18b4e/element/f.8E6BFA2ED3A3A2D86F199707E5BEEB8B.d.A3B613D46406E69C93659DE37DBD9FF5.e.19623/click - {}
RESULT: {}
COMMAND: GET /session/7455601dddc232b6deafc0d190a18b4e/screenshot - {}
RESULT: {}
COMMAND: POST /session/7455601dddc232b6deafc0d190a18b4e/element - {"using":"xpath","value":"//button[@data-kt=\"priceInfoButton\"]"}
RESULT: {"using":"xpath","value":"//button[@data-kt=\"priceInfoButton\"]"}
COMMAND: POST /session/7455601dddc232b6deafc0d190a18b4e/element/f.8E6BFA2ED3A3A2D86F199707E5BEEB8B.d.A3B613D46406E69C93659DE37DBD9FF5.e.19625/click - {}
RESULT: {}
COMMAND: GET /session/7455601dddc232b6deafc0d190a18b4e/screenshot - {}
RESULT: {}
]]></system-out>
    </testcase>
    <testcase classname="chrome.136_0_7103_93.windows.Create_Reverse_Billing_US127248" name="Should create a pricing procedure" time="57.574">
      <system-out><![CDATA[
COMMAND: POST /session/7455601dddc232b6deafc0d190a18b4e/element - {"using":"xpath","value":"//button[@data-kt=\"addButton\"]"}
RESULT: {"using":"xpath","value":"//button[@data-kt=\"addButton\"]"}
COMMAND: POST /session/7455601dddc232b6deafc0d190a18b4e/elements - {"using":"xpath","value":"//button[@data-kt=\"addButton\"]"}
RESULT: {"using":"xpath","value":"//button[@data-kt=\"addButton\"]"}
COMMAND: POST /session/7455601dddc232b6deafc0d190a18b4e/elements - {"using":"xpath","value":"//button[@data-kt=\"addButton\"]"}
RESULT: {"using":"xpath","value":"//button[@data-kt=\"addButton\"]"}
COMMAND: POST /session/7455601dddc232b6deafc0d190a18b4e/element - {"using":"xpath","value":"//button[@data-kt=\"addButton\"]"}
RESULT: {"using":"xpath","value":"//button[@data-kt=\"addButton\"]"}
COMMAND: POST /session/7455601dddc232b6deafc0d190a18b4e/execute/sync - {"script":"<script> [8489 bytes]","args":[{"element-6066-11e4-a52e-4f735466cecf":"f.8E6BFA2ED3A3A2D86F199707E5BEEB8B.d.A3B613D46406E69C93659DE37DBD9FF5.e.19661","ELEMENT":"f.8E6BFA2ED3A3A2D86F199707E5BEEB8B.d.A3B613D46406E69C93659DE37DBD9FF5.e.19661"}]}
RESULT: {"script":"<script> [8489 bytes]","args":[{"element-6066-11e4-a52e-4f735466cecf":"f.8E6BFA2ED3A3A2D86F199707E5BEEB8B.d.A3B613D46406E69C93659DE37DBD9FF5.e.19661","ELEMENT":"f.8E6BFA2ED3A3A2D86F199707E5BEEB8B.d.A3B613D46406E69C93659DE37DBD9FF5.e.19661"}]}
COMMAND: GET /session/7455601dddc232b6deafc0d190a18b4e/element/f.8E6BFA2ED3A3A2D86F199707E5BEEB8B.d.A3B613D46406E69C93659DE37DBD9FF5.e.19661/enabled - {}
COMMAND: GET /session/7455601dddc232b6deafc0d190a18b4e/screenshot - {}
RESULT: {}
RESULT: {}
COMMAND: POST /session/7455601dddc232b6deafc0d190a18b4e/execute/sync - {"script":"<script> [8489 bytes]","args":[{"element-6066-11e4-a52e-4f735466cecf":"f.8E6BFA2ED3A3A2D86F199707E5BEEB8B.d.A3B613D46406E69C93659DE37DBD9FF5.e.19661","ELEMENT":"f.8E6BFA2ED3A3A2D86F199707E5BEEB8B.d.A3B613D46406E69C93659DE37DBD9FF5.e.19661"}]}
COMMAND: GET /session/7455601dddc232b6deafc0d190a18b4e/screenshot - {}
RESULT: {"script":"<script> [8489 bytes]","args":[{"element-6066-11e4-a52e-4f735466cecf":"f.8E6BFA2ED3A3A2D86F199707E5BEEB8B.d.A3B613D46406E69C93659DE37DBD9FF5.e.19661","ELEMENT":"f.8E6BFA2ED3A3A2D86F199707E5BEEB8B.d.A3B613D46406E69C93659DE37DBD9FF5.e.19661"}]}
COMMAND: POST /session/7455601dddc232b6deafc0d190a18b4e/execute/sync - {"script":"<script> [5351 bytes]","args":[{"element-6066-11e4-a52e-4f735466cecf":"f.8E6BFA2ED3A3A2D86F199707E5BEEB8B.d.A3B613D46406E69C93659DE37DBD9FF5.e.19661","ELEMENT":"f.8E6BFA2ED3A3A2D86F199707E5BEEB8B.d.A3B613D46406E69C93659DE37DBD9FF5.e.19661"}]}
COMMAND: GET /session/7455601dddc232b6deafc0d190a18b4e/screenshot - {}
RESULT: {}
RESULT: {"script":"<script> [5351 bytes]","args":[{"element-6066-11e4-a52e-4f735466cecf":"f.8E6BFA2ED3A3A2D86F199707E5BEEB8B.d.A3B613D46406E69C93659DE37DBD9FF5.e.19661","ELEMENT":"f.8E6BFA2ED3A3A2D86F199707E5BEEB8B.d.A3B613D46406E69C93659DE37DBD9FF5.e.19661"}]}
COMMAND: POST /session/7455601dddc232b6deafc0d190a18b4e/element/f.8E6BFA2ED3A3A2D86F199707E5BEEB8B.d.A3B613D46406E69C93659DE37DBD9FF5.e.19661/click - {}
COMMAND: GET /session/7455601dddc232b6deafc0d190a18b4e/screenshot - {}
RESULT: {}
RESULT: {}
COMMAND: GET /session/7455601dddc232b6deafc0d190a18b4e/screenshot - {}
RESULT: {}
RESULT: {}
COMMAND: POST /session/7455601dddc232b6deafc0d190a18b4e/execute/async - {"script":"<script> [1562 bytes]","args":[{"selector":{"controlType":"sap.m.Title","viewName":"etm.portal.ui.managepricingrules.view.NewItem","viewId":"application-managepricingrules-display-component---newInfoPriceItem","properties":{"text":"New Pricing Rules - Item Level"}},"wdio_ui5_key":"etmportal.ui.managepricingrules.view.NewItemsap.m.Title{\"text\":\"New Pricing Rules - Item Level\"}"}]}
RESULT: {"script":"<script> [1562 bytes]","args":[{"selector":{"controlType":"sap.m.Title","viewName":"etm.portal.ui.managepricingrules.view.NewItem","viewId":"application-managepricingrules-display-component---newInfoPriceItem","properties":{"text":"New Pricing Rules - Item Level"}},"wdio_ui5_key":"etmportal.ui.managepricingrules.view.NewItemsap.m.Title{\"text\":\"New Pricing Rules - Item Level\"}"}]}
RESULT: undefined
COMMAND: POST /session/7455601dddc232b6deafc0d190a18b4e/execute/async - {"script":"<script> [6424 bytes]","args":[{"element-6066-11e4-a52e-4f735466cecf":"f.8E6BFA2ED3A3A2D86F199707E5BEEB8B.d.A3B613D46406E69C93659DE37DBD9FF5.e.19736"},"getText",[]]}
RESULT: {"script":"<script> [6424 bytes]","args":[{"element-6066-11e4-a52e-4f735466cecf":"f.8E6BFA2ED3A3A2D86F199707E5BEEB8B.d.A3B613D46406E69C93659DE37DBD9FF5.e.19736"},"getText",[]]}
COMMAND: POST /session/7455601dddc232b6deafc0d190a18b4e/execute/async - {"script":"<script> [1562 bytes]","args":[{"selector":{"id":"application-managepricingrules-display-component---newInfoPriceItem--condValidTo","interaction":{"idSuffix":"inner"}},"wdio_ui5_key":"applicationmanagepricingrules-display-component---newInfoPriceItem--condValidTo"}]}
RESULT: {"script":"<script> [1562 bytes]","args":[{"selector":{"id":"application-managepricingrules-display-component---newInfoPriceItem--condValidTo","interaction":{"idSuffix":"inner"}},"wdio_ui5_key":"applicationmanagepricingrules-display-component---newInfoPriceItem--condValidTo"}]}
RESULT: undefined
COMMAND: POST /session/7455601dddc232b6deafc0d190a18b4e/execute/async - {"script":"<script> [776 bytes]","args":[{"enterText":"1/27/26","selector":{"id":"application-managepricingrules-display-component---newInfoPriceItem--condValidTo","interaction":{"idSuffix":"inner"}},"clearTextFirst":true,"interactionType":"ENTER_TEXT"}]}
RESULT: {"script":"<script> [776 bytes]","args":[{"enterText":"1/27/26","selector":{"id":"application-managepricingrules-display-component---newInfoPriceItem--condValidTo","interaction":{"idSuffix":"inner"}},"clearTextFirst":true,"interactionType":"ENTER_TEXT"}]}
COMMAND: POST /session/7455601dddc232b6deafc0d190a18b4e/execute/async - {"script":"<script> [1562 bytes]","args":[{"selector":{"id":"application-managepricingrules-display-component---newInfoPriceItem--billType-arrow"},"wdio_ui5_key":"applicationmanagepricingrules-display-component---newInfoPriceItem--billType-arrow"}]}
RESULT: {"script":"<script> [1562 bytes]","args":[{"selector":{"id":"application-managepricingrules-display-component---newInfoPriceItem--billType-arrow"},"wdio_ui5_key":"applicationmanagepricingrules-display-component---newInfoPriceItem--billType-arrow"}]}
RESULT: undefined
COMMAND: POST /session/7455601dddc232b6deafc0d190a18b4e/element - {"using":"xpath","value":"//*[@id=\"application-managepricingrules-display-component---newInfoPriceItem--billType-arrow\"]"}
RESULT: {"using":"xpath","value":"//*[@id=\"application-managepricingrules-display-component---newInfoPriceItem--billType-arrow\"]"}
COMMAND: POST /session/7455601dddc232b6deafc0d190a18b4e/element/f.8E6BFA2ED3A3A2D86F199707E5BEEB8B.d.A3B613D46406E69C93659DE37DBD9FF5.e.19795/click - {}
RESULT: {}
COMMAND: POST /session/7455601dddc232b6deafc0d190a18b4e/element - {"using":"xpath","value":"//span[contains(text(), \"TB - Time based\")]"}
COMMAND: GET /session/7455601dddc232b6deafc0d190a18b4e/screenshot - {}
RESULT: {"using":"xpath","value":"//span[contains(text(), \"TB - Time based\")]"}
COMMAND: POST /session/7455601dddc232b6deafc0d190a18b4e/element/f.8E6BFA2ED3A3A2D86F199707E5BEEB8B.d.A3B613D46406E69C93659DE37DBD9FF5.e.19835/click - {}
RESULT: {}
RESULT: {}
COMMAND: POST /session/7455601dddc232b6deafc0d190a18b4e/execute/async - {"script":"<script> [1562 bytes]","args":[{"selector":{"id":"application-managepricingrules-display-component---newInfoPriceItem--priceProc-arrow"},"wdio_ui5_key":"applicationmanagepricingrules-display-component---newInfoPriceItem--priceProc-arrow"}]}
COMMAND: GET /session/7455601dddc232b6deafc0d190a18b4e/screenshot - {}
RESULT: {"script":"<script> [1562 bytes]","args":[{"selector":{"id":"application-managepricingrules-display-component---newInfoPriceItem--priceProc-arrow"},"wdio_ui5_key":"applicationmanagepricingrules-display-component---newInfoPriceItem--priceProc-arrow"}]}
RESULT: undefined
COMMAND: POST /session/7455601dddc232b6deafc0d190a18b4e/element - {"using":"xpath","value":"//*[@id=\"application-managepricingrules-display-component---newInfoPriceItem--priceProc-arrow\"]"}
RESULT: {}
RESULT: {"using":"xpath","value":"//*[@id=\"application-managepricingrules-display-component---newInfoPriceItem--priceProc-arrow\"]"}
COMMAND: POST /session/7455601dddc232b6deafc0d190a18b4e/element/f.8E6BFA2ED3A3A2D86F199707E5BEEB8B.d.A3B613D46406E69C93659DE37DBD9FF5.e.19802/click - {}
RESULT: {}
COMMAND: POST /session/7455601dddc232b6deafc0d190a18b4e/element - {"using":"xpath","value":"//span[contains(text(), \"TBS - Time based standard\")]"}
COMMAND: GET /session/7455601dddc232b6deafc0d190a18b4e/screenshot - {}
RESULT: {"using":"xpath","value":"//span[contains(text(), \"TBS - Time based standard\")]"}
COMMAND: POST /session/7455601dddc232b6deafc0d190a18b4e/element/f.8E6BFA2ED3A3A2D86F199707E5BEEB8B.d.A3B613D46406E69C93659DE37DBD9FF5.e.19836/click - {}
RESULT: {}
RESULT: {}
COMMAND: POST /session/7455601dddc232b6deafc0d190a18b4e/execute/async - {"script":"<script> [1562 bytes]","args":[{"selector":{"id":"application-managepricingrules-display-component---newInfoPriceItem--calcBase-arrow"},"wdio_ui5_key":"applicationmanagepricingrules-display-component---newInfoPriceItem--calcBase-arrow"}]}
COMMAND: GET /session/7455601dddc232b6deafc0d190a18b4e/screenshot - {}
RESULT: {"script":"<script> [1562 bytes]","args":[{"selector":{"id":"application-managepricingrules-display-component---newInfoPriceItem--calcBase-arrow"},"wdio_ui5_key":"applicationmanagepricingrules-display-component---newInfoPriceItem--calcBase-arrow"}]}
RESULT: undefined
COMMAND: POST /session/7455601dddc232b6deafc0d190a18b4e/element - {"using":"xpath","value":"//*[@id=\"application-managepricingrules-display-component---newInfoPriceItem--calcBase-arrow\"]"}
RESULT: {}
RESULT: {"using":"xpath","value":"//*[@id=\"application-managepricingrules-display-component---newInfoPriceItem--calcBase-arrow\"]"}
COMMAND: POST /session/7455601dddc232b6deafc0d190a18b4e/element/f.8E6BFA2ED3A3A2D86F199707E5BEEB8B.d.A3B613D46406E69C93659DE37DBD9FF5.e.19809/click - {}
RESULT: {}
COMMAND: GET /session/7455601dddc232b6deafc0d190a18b4e/screenshot - {}
RESULT: {}
COMMAND: POST /session/7455601dddc232b6deafc0d190a18b4e/element - {"using":"xpath","value":"//span[contains(text(), \"0006 - TB(calendar days)\")]"}
RESULT: {"using":"xpath","value":"//span[contains(text(), \"0006 - TB(calendar days)\")]"}
COMMAND: POST /session/7455601dddc232b6deafc0d190a18b4e/element/f.8E6BFA2ED3A3A2D86F199707E5BEEB8B.d.A3B613D46406E69C93659DE37DBD9FF5.e.19837/click - {}
RESULT: {}
COMMAND: GET /session/7455601dddc232b6deafc0d190a18b4e/screenshot - {}
RESULT: {}
COMMAND: POST /session/7455601dddc232b6deafc0d190a18b4e/execute/async - {"script":"<script> [1562 bytes]","args":[{"selector":{"id":"application-managepricingrules-display-component---newInfoPriceItem--daysMonth","interaction":{"idSuffix":"inner"}},"wdio_ui5_key":"applicationmanagepricingrules-display-component---newInfoPriceItem--daysMonth"}]}
RESULT: {"script":"<script> [1562 bytes]","args":[{"selector":{"id":"application-managepricingrules-display-component---newInfoPriceItem--daysMonth","interaction":{"idSuffix":"inner"}},"wdio_ui5_key":"applicationmanagepricingrules-display-component---newInfoPriceItem--daysMonth"}]}
RESULT: undefined
COMMAND: POST /session/7455601dddc232b6deafc0d190a18b4e/execute/async - {"script":"<script> [776 bytes]","args":[{"enterText":"30","selector":{"id":"application-managepricingrules-display-component---newInfoPriceItem--daysMonth","interaction":{"idSuffix":"inner"}},"clearTextFirst":true,"interactionType":"ENTER_TEXT"}]}
RESULT: {"script":"<script> [776 bytes]","args":[{"enterText":"30","selector":{"id":"application-managepricingrules-display-component---newInfoPriceItem--daysMonth","interaction":{"idSuffix":"inner"}},"clearTextFirst":true,"interactionType":"ENTER_TEXT"}]}
COMMAND: POST /session/7455601dddc232b6deafc0d190a18b4e/element - {"using":"xpath","value":"//button[@data-kt=\"saveNewRuleButton\"]"}
RESULT: {"using":"xpath","value":"//button[@data-kt=\"saveNewRuleButton\"]"}
COMMAND: POST /session/7455601dddc232b6deafc0d190a18b4e/element/f.8E6BFA2ED3A3A2D86F199707E5BEEB8B.d.A3B613D46406E69C93659DE37DBD9FF5.e.19829/click - {}
RESULT: {}
COMMAND: GET /session/7455601dddc232b6deafc0d190a18b4e/screenshot - {}
RESULT: {}
COMMAND: POST /session/7455601dddc232b6deafc0d190a18b4e/execute/async - {"script":"<script> [1562 bytes]","args":[{"selector":{"id":"application-managepricingrules-display-component---priceInfoItem--smartFilterBar-btnBasicSearch","interaction":{"idSuffix":"I"}},"wdio_ui5_key":"applicationmanagepricingrules-display-component---priceInfoItem--smartFilterBar-btnBasicSearch"}]}
RESULT: {"script":"<script> [1562 bytes]","args":[{"selector":{"id":"application-managepricingrules-display-component---priceInfoItem--smartFilterBar-btnBasicSearch","interaction":{"idSuffix":"I"}},"wdio_ui5_key":"applicationmanagepricingrules-display-component---priceInfoItem--smartFilterBar-btnBasicSearch"}]}
RESULT: undefined
COMMAND: POST /session/7455601dddc232b6deafc0d190a18b4e/execute/async - {"script":"<script> [776 bytes]","args":[{"enterText":"gXEwc1igBp","selector":{"id":"application-managepricingrules-display-component---priceInfoItem--smartFilterBar-btnBasicSearch","interaction":{"idSuffix":"I"}},"clearTextFirst":true,"interactionType":"ENTER_TEXT"}]}
RESULT: {"script":"<script> [776 bytes]","args":[{"enterText":"gXEwc1igBp","selector":{"id":"application-managepricingrules-display-component---priceInfoItem--smartFilterBar-btnBasicSearch","interaction":{"idSuffix":"I"}},"clearTextFirst":true,"interactionType":"ENTER_TEXT"}]}
COMMAND: POST /session/7455601dddc232b6deafc0d190a18b4e/actions - {"actions":[{"id":"action61","type":"key","parameters":{},"actions":[{"type":"keyDown","value":""},{"type":"pause","duration":10},{"type":"keyUp","value":""}]}]}
RESULT: {"actions":[{"id":"action61","type":"key","parameters":{},"actions":[{"type":"keyDown","value":""},{"type":"pause","duration":10},{"type":"keyUp","value":""}]}]}
COMMAND: GET /session/7455601dddc232b6deafc0d190a18b4e/screenshot - {}
RESULT: {}
COMMAND: POST /session/7455601dddc232b6deafc0d190a18b4e/element - {"using":"xpath","value":"//span[@id=\"application-managepricingrules-display-component---priceInfoItem--smartTable-header-inner\"]"}
RESULT: {"using":"xpath","value":"//span[@id=\"application-managepricingrules-display-component---priceInfoItem--smartTable-header-inner\"]"}
COMMAND: POST /session/7455601dddc232b6deafc0d190a18b4e/elements - {"using":"xpath","value":"//span[@id=\"application-managepricingrules-display-component---priceInfoItem--smartTable-header-inner\"]"}
RESULT: {"using":"xpath","value":"//span[@id=\"application-managepricingrules-display-component---priceInfoItem--smartTable-header-inner\"]"}
COMMAND: POST /session/7455601dddc232b6deafc0d190a18b4e/execute/sync - {"script":"<script> [56 bytes]","args":[{"element-6066-11e4-a52e-4f735466cecf":"f.8E6BFA2ED3A3A2D86F199707E5BEEB8B.d.A3B613D46406E69C93659DE37DBD9FF5.e.19862","ELEMENT":"f.8E6BFA2ED3A3A2D86F199707E5BEEB8B.d.A3B613D46406E69C93659DE37DBD9FF5.e.19862"}]}
RESULT: {"script":"<script> [56 bytes]","args":[{"element-6066-11e4-a52e-4f735466cecf":"f.8E6BFA2ED3A3A2D86F199707E5BEEB8B.d.A3B613D46406E69C93659DE37DBD9FF5.e.19862","ELEMENT":"f.8E6BFA2ED3A3A2D86F199707E5BEEB8B.d.A3B613D46406E69C93659DE37DBD9FF5.e.19862"}]}
COMMAND: POST /session/7455601dddc232b6deafc0d190a18b4e/element - {"using":"css selector","value":"#shell-header-logo"}
COMMAND: GET /session/7455601dddc232b6deafc0d190a18b4e/screenshot - {}
RESULT: {"using":"css selector","value":"#shell-header-logo"}
COMMAND: POST /session/7455601dddc232b6deafc0d190a18b4e/element/f.8E6BFA2ED3A3A2D86F199707E5BEEB8B.d.A3B613D46406E69C93659DE37DBD9FF5.e.18965/click - {}
RESULT: {}
RESULT: {}
COMMAND: GET /session/7455601dddc232b6deafc0d190a18b4e/screenshot - {}
RESULT: {}
]]></system-out>
    </testcase>
    <testcase classname="chrome.136_0_7103_93.windows.Create_Reverse_Billing_US127248" name="Should manage conditions" time="68.946">
      <system-out><![CDATA[
COMMAND: POST /session/7455601dddc232b6deafc0d190a18b4e/execute/async - {"script":"<script> [1562 bytes]","args":[{"selector":{"controlType":"sap.m.GenericTile","properties":{"header":"Manage Conditions & Prices"}},"wdio_ui5_key":"sapm.GenericTile{\"header\":\"Manage Conditions & Prices\"}"}]}
RESULT: {"script":"<script> [1562 bytes]","args":[{"selector":{"controlType":"sap.m.GenericTile","properties":{"header":"Manage Conditions & Prices"}},"wdio_ui5_key":"sapm.GenericTile{\"header\":\"Manage Conditions & Prices\"}"}]}
RESULT: undefined
COMMAND: POST /session/7455601dddc232b6deafc0d190a18b4e/element - {"using":"xpath","value":"//*[@id=\"__tile53\"]"}
RESULT: {"using":"xpath","value":"//*[@id=\"__tile53\"]"}
COMMAND: POST /session/7455601dddc232b6deafc0d190a18b4e/element/f.8E6BFA2ED3A3A2D86F199707E5BEEB8B.d.A3B613D46406E69C93659DE37DBD9FF5.e.18902/click - {}
RESULT: {}
COMMAND: GET /session/7455601dddc232b6deafc0d190a18b4e/screenshot - {}
RESULT: {}
COMMAND: POST /session/7455601dddc232b6deafc0d190a18b4e/elements - {"using":"xpath","value":"//span[text()='Error']"}
RESULT: {"using":"xpath","value":"//span[text()='Error']"}
COMMAND: POST /session/7455601dddc232b6deafc0d190a18b4e/element - {"using":"xpath","value":"//button[@aria-label=\"Create\"]"}
RESULT: {"using":"xpath","value":"//button[@aria-label=\"Create\"]"}
COMMAND: POST /session/7455601dddc232b6deafc0d190a18b4e/elements - {"using":"xpath","value":"//button[@aria-label=\"Create\"]"}
RESULT: {"using":"xpath","value":"//button[@aria-label=\"Create\"]"}
COMMAND: POST /session/7455601dddc232b6deafc0d190a18b4e/execute/sync - {"script":"<script> [8489 bytes]","args":[{"element-6066-11e4-a52e-4f735466cecf":"f.8E6BFA2ED3A3A2D86F199707E5BEEB8B.d.A3B613D46406E69C93659DE37DBD9FF5.e.19897","ELEMENT":"f.8E6BFA2ED3A3A2D86F199707E5BEEB8B.d.A3B613D46406E69C93659DE37DBD9FF5.e.19897"}]}
RESULT: {"script":"<script> [8489 bytes]","args":[{"element-6066-11e4-a52e-4f735466cecf":"f.8E6BFA2ED3A3A2D86F199707E5BEEB8B.d.A3B613D46406E69C93659DE37DBD9FF5.e.19897","ELEMENT":"f.8E6BFA2ED3A3A2D86F199707E5BEEB8B.d.A3B613D46406E69C93659DE37DBD9FF5.e.19897"}]}
COMMAND: GET /session/7455601dddc232b6deafc0d190a18b4e/element/f.8E6BFA2ED3A3A2D86F199707E5BEEB8B.d.A3B613D46406E69C93659DE37DBD9FF5.e.19897/enabled - {}
COMMAND: GET /session/7455601dddc232b6deafc0d190a18b4e/screenshot - {}
RESULT: {}
COMMAND: POST /session/7455601dddc232b6deafc0d190a18b4e/execute/sync - {"script":"<script> [8489 bytes]","args":[{"element-6066-11e4-a52e-4f735466cecf":"f.8E6BFA2ED3A3A2D86F199707E5BEEB8B.d.A3B613D46406E69C93659DE37DBD9FF5.e.19897","ELEMENT":"f.8E6BFA2ED3A3A2D86F199707E5BEEB8B.d.A3B613D46406E69C93659DE37DBD9FF5.e.19897"}]}
COMMAND: GET /session/7455601dddc232b6deafc0d190a18b4e/screenshot - {}
RESULT: {}
RESULT: {"script":"<script> [8489 bytes]","args":[{"element-6066-11e4-a52e-4f735466cecf":"f.8E6BFA2ED3A3A2D86F199707E5BEEB8B.d.A3B613D46406E69C93659DE37DBD9FF5.e.19897","ELEMENT":"f.8E6BFA2ED3A3A2D86F199707E5BEEB8B.d.A3B613D46406E69C93659DE37DBD9FF5.e.19897"}]}
COMMAND: POST /session/7455601dddc232b6deafc0d190a18b4e/execute/sync - {"script":"<script> [5351 bytes]","args":[{"element-6066-11e4-a52e-4f735466cecf":"f.8E6BFA2ED3A3A2D86F199707E5BEEB8B.d.A3B613D46406E69C93659DE37DBD9FF5.e.19897","ELEMENT":"f.8E6BFA2ED3A3A2D86F199707E5BEEB8B.d.A3B613D46406E69C93659DE37DBD9FF5.e.19897"}]}
COMMAND: GET /session/7455601dddc232b6deafc0d190a18b4e/screenshot - {}
RESULT: {}
RESULT: {"script":"<script> [5351 bytes]","args":[{"element-6066-11e4-a52e-4f735466cecf":"f.8E6BFA2ED3A3A2D86F199707E5BEEB8B.d.A3B613D46406E69C93659DE37DBD9FF5.e.19897","ELEMENT":"f.8E6BFA2ED3A3A2D86F199707E5BEEB8B.d.A3B613D46406E69C93659DE37DBD9FF5.e.19897"}]}
COMMAND: POST /session/7455601dddc232b6deafc0d190a18b4e/element/f.8E6BFA2ED3A3A2D86F199707E5BEEB8B.d.A3B613D46406E69C93659DE37DBD9FF5.e.19897/click - {}
COMMAND: GET /session/7455601dddc232b6deafc0d190a18b4e/screenshot - {}
RESULT: {}
RESULT: {}
COMMAND: GET /session/7455601dddc232b6deafc0d190a18b4e/screenshot - {}
RESULT: {}
RESULT: {}
COMMAND: POST /session/7455601dddc232b6deafc0d190a18b4e/actions - {"actions":[{"id":"action62","type":"key","parameters":{},"actions":[{"type":"keyDown","value":""},{"type":"pause","duration":10},{"type":"keyUp","value":""}]}]}
RESULT: {"actions":[{"id":"action62","type":"key","parameters":{},"actions":[{"type":"keyDown","value":""},{"type":"pause","duration":10},{"type":"keyUp","value":""}]}]}
COMMAND: GET /session/7455601dddc232b6deafc0d190a18b4e/screenshot - {}
RESULT: {}
COMMAND: POST /session/7455601dddc232b6deafc0d190a18b4e/execute/async - {"script":"<script> [1562 bytes]","args":[{"selector":{"id":"application-manageconditionprice-display-component---newCondition--condBillCond-arrow"},"wdio_ui5_key":"applicationmanageconditionprice-display-component---newCondition--condBillCond-arrow"}]}
RESULT: {"script":"<script> [1562 bytes]","args":[{"selector":{"id":"application-manageconditionprice-display-component---newCondition--condBillCond-arrow"},"wdio_ui5_key":"applicationmanageconditionprice-display-component---newCondition--condBillCond-arrow"}]}
RESULT: undefined
COMMAND: POST /session/7455601dddc232b6deafc0d190a18b4e/element - {"using":"xpath","value":"//*[@id=\"application-manageconditionprice-display-component---newCondition--condBillCond-arrow\"]"}
RESULT: {"using":"xpath","value":"//*[@id=\"application-manageconditionprice-display-component---newCondition--condBillCond-arrow\"]"}
COMMAND: POST /session/7455601dddc232b6deafc0d190a18b4e/element/f.8E6BFA2ED3A3A2D86F199707E5BEEB8B.d.A3B613D46406E69C93659DE37DBD9FF5.e.20077/click - {}
RESULT: {}
COMMAND: GET /session/7455601dddc232b6deafc0d190a18b4e/screenshot - {}
RESULT: {}
COMMAND: POST /session/7455601dddc232b6deafc0d190a18b4e/element - {"using":"xpath","value":"//li[.//span[contains(text(), \"DISP - D&I special price\")]]"}
RESULT: {"using":"xpath","value":"//li[.//span[contains(text(), \"DISP - D&I special price\")]]"}
COMMAND: POST /session/7455601dddc232b6deafc0d190a18b4e/element/f.8E6BFA2ED3A3A2D86F199707E5BEEB8B.d.A3B613D46406E69C93659DE37DBD9FF5.e.20080/click - {}
RESULT: {}
COMMAND: GET /session/7455601dddc232b6deafc0d190a18b4e/screenshot - {}
RESULT: {}
COMMAND: POST /session/7455601dddc232b6deafc0d190a18b4e/execute/async - {"script":"<script> [1562 bytes]","args":[{"selector":{"id":"application-manageconditionprice-display-component---newCondition--condValidTo","interaction":{"idSuffix":"inner"}},"wdio_ui5_key":"applicationmanageconditionprice-display-component---newCondition--condValidTo"}]}
RESULT: {"script":"<script> [1562 bytes]","args":[{"selector":{"id":"application-manageconditionprice-display-component---newCondition--condValidTo","interaction":{"idSuffix":"inner"}},"wdio_ui5_key":"applicationmanageconditionprice-display-component---newCondition--condValidTo"}]}
RESULT: undefined
COMMAND: POST /session/7455601dddc232b6deafc0d190a18b4e/execute/async - {"script":"<script> [776 bytes]","args":[{"enterText":"1/27/26","selector":{"id":"application-manageconditionprice-display-component---newCondition--condValidTo","interaction":{"idSuffix":"inner"}},"clearTextFirst":true,"interactionType":"ENTER_TEXT"}]}
RESULT: {"script":"<script> [776 bytes]","args":[{"enterText":"1/27/26","selector":{"id":"application-manageconditionprice-display-component---newCondition--condValidTo","interaction":{"idSuffix":"inner"}},"clearTextFirst":true,"interactionType":"ENTER_TEXT"}]}
COMMAND: POST /session/7455601dddc232b6deafc0d190a18b4e/element - {"using":"xpath","value":"//input[@id=\"application-manageconditionprice-display-component---newCondition--condRU-inner\"]"}
RESULT: {"using":"xpath","value":"//input[@id=\"application-manageconditionprice-display-component---newCondition--condRU-inner\"]"}
COMMAND: POST /session/7455601dddc232b6deafc0d190a18b4e/element/f.8E6BFA2ED3A3A2D86F199707E5BEEB8B.d.A3B613D46406E69C93659DE37DBD9FF5.e.19913/clear - {}
RESULT: {}
COMMAND: POST /session/7455601dddc232b6deafc0d190a18b4e/element/f.8E6BFA2ED3A3A2D86F199707E5BEEB8B.d.A3B613D46406E69C93659DE37DBD9FF5.e.19913/value - {"text":"gXEwc1igBp"}
COMMAND: GET /session/7455601dddc232b6deafc0d190a18b4e/screenshot - {}
RESULT: {"text":"gXEwc1igBp"}
COMMAND: GET /session/7455601dddc232b6deafc0d190a18b4e/screenshot - {}
RESULT: {}
RESULT: {}
COMMAND: POST /session/7455601dddc232b6deafc0d190a18b4e/actions - {"actions":[{"id":"action63","type":"key","parameters":{},"actions":[{"type":"keyDown","value":""},{"type":"pause","duration":10},{"type":"keyUp","value":""}]}]}
RESULT: {"actions":[{"id":"action63","type":"key","parameters":{},"actions":[{"type":"keyDown","value":""},{"type":"pause","duration":10},{"type":"keyUp","value":""}]}]}
COMMAND: POST /session/7455601dddc232b6deafc0d190a18b4e/execute/async - {"script":"<script> [1562 bytes]","args":[{"selector":{"id":"application-manageconditionprice-display-component---newCondition--condBaseQty","interaction":{"idSuffix":"inner"}},"wdio_ui5_key":"applicationmanageconditionprice-display-component---newCondition--condBaseQty"}]}
COMMAND: GET /session/7455601dddc232b6deafc0d190a18b4e/screenshot - {}
RESULT: {"script":"<script> [1562 bytes]","args":[{"selector":{"id":"application-manageconditionprice-display-component---newCondition--condBaseQty","interaction":{"idSuffix":"inner"}},"wdio_ui5_key":"applicationmanageconditionprice-display-component---newCondition--condBaseQty"}]}
RESULT: undefined
COMMAND: POST /session/7455601dddc232b6deafc0d190a18b4e/execute/async - {"script":"<script> [776 bytes]","args":[{"enterText":"1","selector":{"id":"application-manageconditionprice-display-component---newCondition--condBaseQty","interaction":{"idSuffix":"inner"}},"clearTextFirst":true,"interactionType":"ENTER_TEXT"}]}
RESULT: {}
RESULT: {"script":"<script> [776 bytes]","args":[{"enterText":"1","selector":{"id":"application-manageconditionprice-display-component---newCondition--condBaseQty","interaction":{"idSuffix":"inner"}},"clearTextFirst":true,"interactionType":"ENTER_TEXT"}]}
COMMAND: POST /session/7455601dddc232b6deafc0d190a18b4e/execute/async - {"script":"<script> [1562 bytes]","args":[{"selector":{"id":"application-manageconditionprice-display-component---newCondition--condValue","interaction":{"idSuffix":"inner"}},"wdio_ui5_key":"applicationmanageconditionprice-display-component---newCondition--condValue"}]}
RESULT: {"script":"<script> [1562 bytes]","args":[{"selector":{"id":"application-manageconditionprice-display-component---newCondition--condValue","interaction":{"idSuffix":"inner"}},"wdio_ui5_key":"applicationmanageconditionprice-display-component---newCondition--condValue"}]}
RESULT: undefined
COMMAND: POST /session/7455601dddc232b6deafc0d190a18b4e/execute/async - {"script":"<script> [776 bytes]","args":[{"enterText":"200","selector":{"id":"application-manageconditionprice-display-component---newCondition--condValue","interaction":{"idSuffix":"inner"}},"clearTextFirst":true,"interactionType":"ENTER_TEXT"}]}
RESULT: {"script":"<script> [776 bytes]","args":[{"enterText":"200","selector":{"id":"application-manageconditionprice-display-component---newCondition--condValue","interaction":{"idSuffix":"inner"}},"clearTextFirst":true,"interactionType":"ENTER_TEXT"}]}
COMMAND: POST /session/7455601dddc232b6deafc0d190a18b4e/execute/async - {"script":"<script> [1562 bytes]","args":[{"selector":{"id":"application-manageconditionprice-display-component---newCondition--condCurr-arrow"},"wdio_ui5_key":"applicationmanageconditionprice-display-component---newCondition--condCurr-arrow"}]}
RESULT: {"script":"<script> [1562 bytes]","args":[{"selector":{"id":"application-manageconditionprice-display-component---newCondition--condCurr-arrow"},"wdio_ui5_key":"applicationmanageconditionprice-display-component---newCondition--condCurr-arrow"}]}
RESULT: undefined
COMMAND: POST /session/7455601dddc232b6deafc0d190a18b4e/element - {"using":"xpath","value":"//*[@id=\"application-manageconditionprice-display-component---newCondition--condCurr-arrow\"]"}
RESULT: {"using":"xpath","value":"//*[@id=\"application-manageconditionprice-display-component---newCondition--condCurr-arrow\"]"}
COMMAND: POST /session/7455601dddc232b6deafc0d190a18b4e/element/f.8E6BFA2ED3A3A2D86F199707E5BEEB8B.d.A3B613D46406E69C93659DE37DBD9FF5.e.20050/click - {}
RESULT: {}
COMMAND: POST /session/7455601dddc232b6deafc0d190a18b4e/element - {"using":"xpath","value":"//span[contains(text(), \"Euro\")]"}
COMMAND: GET /session/7455601dddc232b6deafc0d190a18b4e/screenshot - {}
RESULT: {"using":"xpath","value":"//span[contains(text(), \"Euro\")]"}
COMMAND: POST /session/7455601dddc232b6deafc0d190a18b4e/element/f.8E6BFA2ED3A3A2D86F199707E5BEEB8B.d.A3B613D46406E69C93659DE37DBD9FF5.e.20117/click - {}
RESULT: {}
RESULT: {}
COMMAND: POST /session/7455601dddc232b6deafc0d190a18b4e/element - {"using":"xpath","value":"//button[@data-kt=\"saveButton\"]"}
COMMAND: GET /session/7455601dddc232b6deafc0d190a18b4e/screenshot - {}
RESULT: {"using":"xpath","value":"//button[@data-kt=\"saveButton\"]"}
COMMAND: POST /session/7455601dddc232b6deafc0d190a18b4e/element/f.8E6BFA2ED3A3A2D86F199707E5BEEB8B.d.A3B613D46406E69C93659DE37DBD9FF5.e.20051/click - {}
RESULT: {}
RESULT: {}
COMMAND: GET /session/7455601dddc232b6deafc0d190a18b4e/screenshot - {}
RESULT: {}
COMMAND: POST /session/7455601dddc232b6deafc0d190a18b4e/execute/async - {"script":"<script> [1562 bytes]","args":[{"selector":{"id":"application-manageconditionprice-display-component---conditions--smartFilterBar-btnBasicSearch","interaction":{"idSuffix":"I"}},"wdio_ui5_key":"applicationmanageconditionprice-display-component---conditions--smartFilterBar-btnBasicSearch"}]}
RESULT: {"script":"<script> [1562 bytes]","args":[{"selector":{"id":"application-manageconditionprice-display-component---conditions--smartFilterBar-btnBasicSearch","interaction":{"idSuffix":"I"}},"wdio_ui5_key":"applicationmanageconditionprice-display-component---conditions--smartFilterBar-btnBasicSearch"}]}
RESULT: undefined
COMMAND: POST /session/7455601dddc232b6deafc0d190a18b4e/execute/async - {"script":"<script> [776 bytes]","args":[{"enterText":"gXEwc1igBp","selector":{"id":"application-manageconditionprice-display-component---conditions--smartFilterBar-btnBasicSearch","interaction":{"idSuffix":"I"}},"clearTextFirst":true,"interactionType":"ENTER_TEXT"}]}
RESULT: {"script":"<script> [776 bytes]","args":[{"enterText":"gXEwc1igBp","selector":{"id":"application-manageconditionprice-display-component---conditions--smartFilterBar-btnBasicSearch","interaction":{"idSuffix":"I"}},"clearTextFirst":true,"interactionType":"ENTER_TEXT"}]}
COMMAND: POST /session/7455601dddc232b6deafc0d190a18b4e/actions - {"actions":[{"id":"action64","type":"key","parameters":{},"actions":[{"type":"keyDown","value":""},{"type":"pause","duration":10},{"type":"keyUp","value":""}]}]}
RESULT: {"actions":[{"id":"action64","type":"key","parameters":{},"actions":[{"type":"keyDown","value":""},{"type":"pause","duration":10},{"type":"keyUp","value":""}]}]}
COMMAND: GET /session/7455601dddc232b6deafc0d190a18b4e/screenshot - {}
RESULT: {}
COMMAND: POST /session/7455601dddc232b6deafc0d190a18b4e/execute/async - {"script":"<script> [1562 bytes]","args":[{"selector":{"id":"application-manageconditionprice-display-component---conditions--smartFilterBar-filterItemControl_BASIC-BILL_TYPES-vhi"},"wdio_ui5_key":"applicationmanageconditionprice-display-component---conditions--smartFilterBar-filterItemControl_BASIC-BILL_TYPES-vhi"}]}
RESULT: {"script":"<script> [1562 bytes]","args":[{"selector":{"id":"application-manageconditionprice-display-component---conditions--smartFilterBar-filterItemControl_BASIC-BILL_TYPES-vhi"},"wdio_ui5_key":"applicationmanageconditionprice-display-component---conditions--smartFilterBar-filterItemControl_BASIC-BILL_TYPES-vhi"}]}
RESULT: undefined
COMMAND: POST /session/7455601dddc232b6deafc0d190a18b4e/element - {"using":"xpath","value":"//*[@id=\"application-manageconditionprice-display-component---conditions--smartFilterBar-filterItemControl_BASIC-BILL_TYPES-vhi\"]"}
RESULT: {"using":"xpath","value":"//*[@id=\"application-manageconditionprice-display-component---conditions--smartFilterBar-filterItemControl_BASIC-BILL_TYPES-vhi\"]"}
COMMAND: POST /session/7455601dddc232b6deafc0d190a18b4e/element/f.8E6BFA2ED3A3A2D86F199707E5BEEB8B.d.A3B613D46406E69C93659DE37DBD9FF5.e.20223/click - {}
RESULT: {}
COMMAND: POST /session/7455601dddc232b6deafc0d190a18b4e/execute/async - {"script":"<script> [1562 bytes]","args":[{"selector":{"id":"application-manageconditionprice-display-component---conditions--smartFilterBar-filterItemControl_BASIC-BILL_TYPES-valueHelpDialog-smartFilterBar-btnBasicSearch","searchOpenDialogs":true,"interaction":{"idSuffix":"I"}},"wdio_ui5_key":"applicationmanageconditionprice-display-component---conditions--smartFilterBar-filterItemControl_BASIC-BILL_TYPES-valueHelpDialog-smartFilterBar-btnBasicSearch"}]}
COMMAND: GET /session/7455601dddc232b6deafc0d190a18b4e/screenshot - {}
RESULT: {"script":"<script> [1562 bytes]","args":[{"selector":{"id":"application-manageconditionprice-display-component---conditions--smartFilterBar-filterItemControl_BASIC-BILL_TYPES-valueHelpDialog-smartFilterBar-btnBasicSearch","searchOpenDialogs":true,"interaction":{"idSuffix":"I"}},"wdio_ui5_key":"applicationmanageconditionprice-display-component---conditions--smartFilterBar-filterItemControl_BASIC-BILL_TYPES-valueHelpDialog-smartFilterBar-btnBasicSearch"}]}
RESULT: undefined
COMMAND: POST /session/7455601dddc232b6deafc0d190a18b4e/execute/async - {"script":"<script> [776 bytes]","args":[{"enterText":"TB","selector":{"id":"application-manageconditionprice-display-component---conditions--smartFilterBar-filterItemControl_BASIC-BILL_TYPES-valueHelpDialog-smartFilterBar-btnBasicSearch","searchOpenDialogs":true,"interaction":{"idSuffix":"I"}},"clearTextFirst":true,"interactionType":"ENTER_TEXT"}]}
RESULT: {}
RESULT: {"script":"<script> [776 bytes]","args":[{"enterText":"TB","selector":{"id":"application-manageconditionprice-display-component---conditions--smartFilterBar-filterItemControl_BASIC-BILL_TYPES-valueHelpDialog-smartFilterBar-btnBasicSearch","searchOpenDialogs":true,"interaction":{"idSuffix":"I"}},"clearTextFirst":true,"interactionType":"ENTER_TEXT"}]}
COMMAND: POST /session/7455601dddc232b6deafc0d190a18b4e/actions - {"actions":[{"id":"action65","type":"key","parameters":{},"actions":[{"type":"keyDown","value":""},{"type":"pause","duration":10},{"type":"keyUp","value":""}]}]}
RESULT: {"actions":[{"id":"action65","type":"key","parameters":{},"actions":[{"type":"keyDown","value":""},{"type":"pause","duration":10},{"type":"keyUp","value":""}]}]}
COMMAND: GET /session/7455601dddc232b6deafc0d190a18b4e/screenshot - {}
RESULT: {}
COMMAND: POST /session/7455601dddc232b6deafc0d190a18b4e/element - {"using":"xpath","value":"//div[contains(@id, 'application-manageconditionprice-display-component---conditions--smartFilterBar-filterItemControl_BASIC-BILL_TYPES-valueHelpDialog-table-rowsel0')]"}
RESULT: {"using":"xpath","value":"//div[contains(@id, 'application-manageconditionprice-display-component---conditions--smartFilterBar-filterItemControl_BASIC-BILL_TYPES-valueHelpDialog-table-rowsel0')]"}
COMMAND: POST /session/7455601dddc232b6deafc0d190a18b4e/element/f.8E6BFA2ED3A3A2D86F199707E5BEEB8B.d.A3B613D46406E69C93659DE37DBD9FF5.e.20233/click - {}
RESULT: {}
COMMAND: GET /session/7455601dddc232b6deafc0d190a18b4e/screenshot - {}
RESULT: {}
COMMAND: POST /session/7455601dddc232b6deafc0d190a18b4e/element - {"using":"xpath","value":"//bdi[contains(text(), \"OK\")]"}
RESULT: {"using":"xpath","value":"//bdi[contains(text(), \"OK\")]"}
COMMAND: POST /session/7455601dddc232b6deafc0d190a18b4e/element/f.8E6BFA2ED3A3A2D86F199707E5BEEB8B.d.A3B613D46406E69C93659DE37DBD9FF5.e.20235/click - {}
RESULT: {}
COMMAND: GET /session/7455601dddc232b6deafc0d190a18b4e/screenshot - {}
RESULT: {}
COMMAND: POST /session/7455601dddc232b6deafc0d190a18b4e/element - {"using":"xpath","value":"//span[@id=\"application-manageconditionprice-display-component---conditions--smartTable-header-inner\"]"}
RESULT: {"using":"xpath","value":"//span[@id=\"application-manageconditionprice-display-component---conditions--smartTable-header-inner\"]"}
COMMAND: POST /session/7455601dddc232b6deafc0d190a18b4e/elements - {"using":"xpath","value":"//span[@id=\"application-manageconditionprice-display-component---conditions--smartTable-header-inner\"]"}
RESULT: {"using":"xpath","value":"//span[@id=\"application-manageconditionprice-display-component---conditions--smartTable-header-inner\"]"}
COMMAND: POST /session/7455601dddc232b6deafc0d190a18b4e/execute/sync - {"script":"<script> [56 bytes]","args":[{"element-6066-11e4-a52e-4f735466cecf":"f.8E6BFA2ED3A3A2D86F199707E5BEEB8B.d.A3B613D46406E69C93659DE37DBD9FF5.e.20238","ELEMENT":"f.8E6BFA2ED3A3A2D86F199707E5BEEB8B.d.A3B613D46406E69C93659DE37DBD9FF5.e.20238"}]}
RESULT: {"script":"<script> [56 bytes]","args":[{"element-6066-11e4-a52e-4f735466cecf":"f.8E6BFA2ED3A3A2D86F199707E5BEEB8B.d.A3B613D46406E69C93659DE37DBD9FF5.e.20238","ELEMENT":"f.8E6BFA2ED3A3A2D86F199707E5BEEB8B.d.A3B613D46406E69C93659DE37DBD9FF5.e.20238"}]}
COMMAND: POST /session/7455601dddc232b6deafc0d190a18b4e/element - {"using":"css selector","value":"#shell-header-logo"}
COMMAND: GET /session/7455601dddc232b6deafc0d190a18b4e/screenshot - {}
RESULT: {"using":"css selector","value":"#shell-header-logo"}
COMMAND: POST /session/7455601dddc232b6deafc0d190a18b4e/element/f.8E6BFA2ED3A3A2D86F199707E5BEEB8B.d.A3B613D46406E69C93659DE37DBD9FF5.e.19865/click - {}
RESULT: {}
RESULT: {}
COMMAND: GET /session/7455601dddc232b6deafc0d190a18b4e/screenshot - {}
RESULT: {}
]]></system-out>
    </testcase>
    <testcase classname="chrome.136_0_7103_93.windows.Create_Reverse_Billing_US127248" name="Should do a stock increase handover" time="106.378">
      <system-out><![CDATA[
COMMAND: POST /session/7455601dddc232b6deafc0d190a18b4e/execute/async - {"script":"<script> [1562 bytes]","args":[{"selector":{"controlType":"sap.m.GenericTile","properties":{"header":"Manage Handovers"}},"wdio_ui5_key":"sapm.GenericTile{\"header\":\"Manage Handovers\"}"}]}
RESULT: {"script":"<script> [1562 bytes]","args":[{"selector":{"controlType":"sap.m.GenericTile","properties":{"header":"Manage Handovers"}},"wdio_ui5_key":"sapm.GenericTile{\"header\":\"Manage Handovers\"}"}]}
RESULT: undefined
COMMAND: POST /session/7455601dddc232b6deafc0d190a18b4e/element - {"using":"xpath","value":"//*[@id=\"__tile132\"]"}
RESULT: {"using":"xpath","value":"//*[@id=\"__tile132\"]"}
COMMAND: POST /session/7455601dddc232b6deafc0d190a18b4e/element/f.8E6BFA2ED3A3A2D86F199707E5BEEB8B.d.A3B613D46406E69C93659DE37DBD9FF5.e.18937/click - {}
RESULT: {}
COMMAND: GET /session/7455601dddc232b6deafc0d190a18b4e/screenshot - {}
RESULT: {}
COMMAND: POST /session/7455601dddc232b6deafc0d190a18b4e/elements - {"using":"xpath","value":"//span[text()='Error']"}
RESULT: {"using":"xpath","value":"//span[text()='Error']"}
COMMAND: POST /session/7455601dddc232b6deafc0d190a18b4e/element - {"using":"xpath","value":"//button[@data-kt=\"masterHOAddButton\"]"}
RESULT: {"using":"xpath","value":"//button[@data-kt=\"masterHOAddButton\"]"}
COMMAND: POST /session/7455601dddc232b6deafc0d190a18b4e/elements - {"using":"xpath","value":"//button[@data-kt=\"masterHOAddButton\"]"}
RESULT: {"using":"xpath","value":"//button[@data-kt=\"masterHOAddButton\"]"}
COMMAND: POST /session/7455601dddc232b6deafc0d190a18b4e/elements - {"using":"xpath","value":"//button[@data-kt=\"masterHOAddButton\"]"}
RESULT: {"using":"xpath","value":"//button[@data-kt=\"masterHOAddButton\"]"}
COMMAND: POST /session/7455601dddc232b6deafc0d190a18b4e/element - {"using":"xpath","value":"//button[@data-kt=\"masterHOAddButton\"]"}
RESULT: {"using":"xpath","value":"//button[@data-kt=\"masterHOAddButton\"]"}
COMMAND: POST /session/7455601dddc232b6deafc0d190a18b4e/execute/sync - {"script":"<script> [8489 bytes]","args":[{"element-6066-11e4-a52e-4f735466cecf":"f.8E6BFA2ED3A3A2D86F199707E5BEEB8B.d.A3B613D46406E69C93659DE37DBD9FF5.e.20279","ELEMENT":"f.8E6BFA2ED3A3A2D86F199707E5BEEB8B.d.A3B613D46406E69C93659DE37DBD9FF5.e.20279"}]}
RESULT: {"script":"<script> [8489 bytes]","args":[{"element-6066-11e4-a52e-4f735466cecf":"f.8E6BFA2ED3A3A2D86F199707E5BEEB8B.d.A3B613D46406E69C93659DE37DBD9FF5.e.20279","ELEMENT":"f.8E6BFA2ED3A3A2D86F199707E5BEEB8B.d.A3B613D46406E69C93659DE37DBD9FF5.e.20279"}]}
COMMAND: GET /session/7455601dddc232b6deafc0d190a18b4e/element/f.8E6BFA2ED3A3A2D86F199707E5BEEB8B.d.A3B613D46406E69C93659DE37DBD9FF5.e.20279/enabled - {}
COMMAND: GET /session/7455601dddc232b6deafc0d190a18b4e/screenshot - {}
RESULT: {}
COMMAND: POST /session/7455601dddc232b6deafc0d190a18b4e/execute/sync - {"script":"<script> [8489 bytes]","args":[{"element-6066-11e4-a52e-4f735466cecf":"f.8E6BFA2ED3A3A2D86F199707E5BEEB8B.d.A3B613D46406E69C93659DE37DBD9FF5.e.20279","ELEMENT":"f.8E6BFA2ED3A3A2D86F199707E5BEEB8B.d.A3B613D46406E69C93659DE37DBD9FF5.e.20279"}]}
COMMAND: GET /session/7455601dddc232b6deafc0d190a18b4e/screenshot - {}
RESULT: {}
RESULT: {"script":"<script> [8489 bytes]","args":[{"element-6066-11e4-a52e-4f735466cecf":"f.8E6BFA2ED3A3A2D86F199707E5BEEB8B.d.A3B613D46406E69C93659DE37DBD9FF5.e.20279","ELEMENT":"f.8E6BFA2ED3A3A2D86F199707E5BEEB8B.d.A3B613D46406E69C93659DE37DBD9FF5.e.20279"}]}
COMMAND: POST /session/7455601dddc232b6deafc0d190a18b4e/execute/sync - {"script":"<script> [5351 bytes]","args":[{"element-6066-11e4-a52e-4f735466cecf":"f.8E6BFA2ED3A3A2D86F199707E5BEEB8B.d.A3B613D46406E69C93659DE37DBD9FF5.e.20279","ELEMENT":"f.8E6BFA2ED3A3A2D86F199707E5BEEB8B.d.A3B613D46406E69C93659DE37DBD9FF5.e.20279"}]}
COMMAND: GET /session/7455601dddc232b6deafc0d190a18b4e/screenshot - {}
RESULT: {}
RESULT: {"script":"<script> [5351 bytes]","args":[{"element-6066-11e4-a52e-4f735466cecf":"f.8E6BFA2ED3A3A2D86F199707E5BEEB8B.d.A3B613D46406E69C93659DE37DBD9FF5.e.20279","ELEMENT":"f.8E6BFA2ED3A3A2D86F199707E5BEEB8B.d.A3B613D46406E69C93659DE37DBD9FF5.e.20279"}]}
COMMAND: POST /session/7455601dddc232b6deafc0d190a18b4e/element/f.8E6BFA2ED3A3A2D86F199707E5BEEB8B.d.A3B613D46406E69C93659DE37DBD9FF5.e.20279/click - {}
RESULT: {}
COMMAND: GET /session/7455601dddc232b6deafc0d190a18b4e/screenshot - {}
RESULT: {}
COMMAND: GET /session/7455601dddc232b6deafc0d190a18b4e/screenshot - {}
COMMAND: POST /session/7455601dddc232b6deafc0d190a18b4e/element - {"using":"xpath","value":"//span[contains(@id ,\"AddNewHO--typeSelect-arrow\")]"}
RESULT: {}
RESULT: {}
RESULT: {"using":"xpath","value":"//span[contains(@id ,\"AddNewHO--typeSelect-arrow\")]"}
COMMAND: POST /session/7455601dddc232b6deafc0d190a18b4e/element/f.8E6BFA2ED3A3A2D86F199707E5BEEB8B.d.A3B613D46406E69C93659DE37DBD9FF5.e.20579/click - {}
RESULT: {}
COMMAND: GET /session/7455601dddc232b6deafc0d190a18b4e/screenshot - {}
RESULT: {}
COMMAND: POST /session/7455601dddc232b6deafc0d190a18b4e/element - {"using":"xpath","value":"(//li[contains(text(), \"stock increase yard\")])[1]"}
RESULT: {"using":"xpath","value":"(//li[contains(text(), \"stock increase yard\")])[1]"}
COMMAND: POST /session/7455601dddc232b6deafc0d190a18b4e/element/f.8E6BFA2ED3A3A2D86F199707E5BEEB8B.d.A3B613D46406E69C93659DE37DBD9FF5.e.20580/click - {}
RESULT: {}
COMMAND: GET /session/7455601dddc232b6deafc0d190a18b4e/screenshot - {}
RESULT: {}
COMMAND: POST /session/7455601dddc232b6deafc0d190a18b4e/execute/async - {"script":"<script> [1562 bytes]","args":[{"selector":{"id":"application-managehandovers-display-component---AddNewHO--dueDate","interaction":{"idSuffix":"inner"}},"wdio_ui5_key":"applicationmanagehandovers-display-component---AddNewHO--dueDate"}]}
RESULT: {"script":"<script> [1562 bytes]","args":[{"selector":{"id":"application-managehandovers-display-component---AddNewHO--dueDate","interaction":{"idSuffix":"inner"}},"wdio_ui5_key":"applicationmanagehandovers-display-component---AddNewHO--dueDate"}]}
RESULT: undefined
COMMAND: POST /session/7455601dddc232b6deafc0d190a18b4e/execute/async - {"script":"<script> [6424 bytes]","args":[{"element-6066-11e4-a52e-4f735466cecf":"f.8E6BFA2ED3A3A2D86F199707E5BEEB8B.d.A3B613D46406E69C93659DE37DBD9FF5.e.20582"},"setValue",["5/27/25"]]}
RESULT: {"script":"<script> [6424 bytes]","args":[{"element-6066-11e4-a52e-4f735466cecf":"f.8E6BFA2ED3A3A2D86F199707E5BEEB8B.d.A3B613D46406E69C93659DE37DBD9FF5.e.20582"},"setValue",["5/27/25"]]}
COMMAND: POST /session/7455601dddc232b6deafc0d190a18b4e/element - {"using":"xpath","value":"//input[@id=\"generalSectionFrg--receiveYard-inner\"]"}
RESULT: {"using":"xpath","value":"//input[@id=\"generalSectionFrg--receiveYard-inner\"]"}
COMMAND: POST /session/7455601dddc232b6deafc0d190a18b4e/element/f.8E6BFA2ED3A3A2D86F199707E5BEEB8B.d.A3B613D46406E69C93659DE37DBD9FF5.e.20588/clear - {}
RESULT: {}
COMMAND: POST /session/7455601dddc232b6deafc0d190a18b4e/element/f.8E6BFA2ED3A3A2D86F199707E5BEEB8B.d.A3B613D46406E69C93659DE37DBD9FF5.e.20588/value - {"text":"400"}
COMMAND: GET /session/7455601dddc232b6deafc0d190a18b4e/screenshot - {}
RESULT: {"text":"400"}
COMMAND: GET /session/7455601dddc232b6deafc0d190a18b4e/screenshot - {}
RESULT: {}
RESULT: {}
COMMAND: POST /session/7455601dddc232b6deafc0d190a18b4e/element - {"using":"xpath","value":"//li[.//span[text()='400']]"}
RESULT: {"using":"xpath","value":"//li[.//span[text()='400']]"}
COMMAND: POST /session/7455601dddc232b6deafc0d190a18b4e/element/f.8E6BFA2ED3A3A2D86F199707E5BEEB8B.d.A3B613D46406E69C93659DE37DBD9FF5.e.20605/click - {}
RESULT: {}
COMMAND: GET /session/7455601dddc232b6deafc0d190a18b4e/screenshot - {}
RESULT: {}
COMMAND: POST /session/7455601dddc232b6deafc0d190a18b4e/execute/async - {"script":"<script> [1562 bytes]","args":[{"selector":{"id":"application-managehandovers-display-component---AddNewHO--ObjectPageLayout-anchBar-application-managehandovers-display-component---AddNewHO--section4-anchor","interaction":{"idSuffix":"BDI-content"}},"wdio_ui5_key":"applicationmanagehandovers-display-component---AddNewHO--ObjectPageLayout-anchBar-application-managehandovers-display-component---AddNewHO--section4-anchor"}]}
RESULT: {"script":"<script> [1562 bytes]","args":[{"selector":{"id":"application-managehandovers-display-component---AddNewHO--ObjectPageLayout-anchBar-application-managehandovers-display-component---AddNewHO--section4-anchor","interaction":{"idSuffix":"BDI-content"}},"wdio_ui5_key":"applicationmanagehandovers-display-component---AddNewHO--ObjectPageLayout-anchBar-application-managehandovers-display-component---AddNewHO--section4-anchor"}]}
RESULT: undefined
COMMAND: POST /session/7455601dddc232b6deafc0d190a18b4e/element - {"using":"xpath","value":"//*[@id=\"application-managehandovers-display-component---AddNewHO--ObjectPageLayout-anchBar-application-managehandovers-display-component---AddNewHO--section4-anchor\"]"}
RESULT: {"using":"xpath","value":"//*[@id=\"application-managehandovers-display-component---AddNewHO--ObjectPageLayout-anchBar-application-managehandovers-display-component---AddNewHO--section4-anchor\"]"}
COMMAND: POST /session/7455601dddc232b6deafc0d190a18b4e/element/f.8E6BFA2ED3A3A2D86F199707E5BEEB8B.d.A3B613D46406E69C93659DE37DBD9FF5.e.20607/click - {}
RESULT: {}
COMMAND: POST /session/7455601dddc232b6deafc0d190a18b4e/element - {"using":"xpath","value":"//button[@aria-label=\"Add\"]"}
COMMAND: GET /session/7455601dddc232b6deafc0d190a18b4e/screenshot - {}
RESULT: {"using":"xpath","value":"//button[@aria-label=\"Add\"]"}
COMMAND: POST /session/7455601dddc232b6deafc0d190a18b4e/element/f.8E6BFA2ED3A3A2D86F199707E5BEEB8B.d.A3B613D46406E69C93659DE37DBD9FF5.e.20609/click - {}
RESULT: {}
RESULT: {}
COMMAND: GET /session/7455601dddc232b6deafc0d190a18b4e/screenshot - {}
RESULT: {}
COMMAND: POST /session/7455601dddc232b6deafc0d190a18b4e/execute/async - {"script":"<script> [1562 bytes]","args":[{"selector":{"id":"application-managehandovers-display-component---AddNewHO--smartFilterBar-btnBasicSearch","searchOpenDialogs":true,"interaction":{"idSuffix":"I"}},"wdio_ui5_key":"applicationmanagehandovers-display-component---AddNewHO--smartFilterBar-btnBasicSearch"}]}
RESULT: {"script":"<script> [1562 bytes]","args":[{"selector":{"id":"application-managehandovers-display-component---AddNewHO--smartFilterBar-btnBasicSearch","searchOpenDialogs":true,"interaction":{"idSuffix":"I"}},"wdio_ui5_key":"applicationmanagehandovers-display-component---AddNewHO--smartFilterBar-btnBasicSearch"}]}
RESULT: undefined
COMMAND: POST /session/7455601dddc232b6deafc0d190a18b4e/execute/async - {"script":"<script> [776 bytes]","args":[{"enterText":"gXEwc1igBp","selector":{"id":"application-managehandovers-display-component---AddNewHO--smartFilterBar-btnBasicSearch","searchOpenDialogs":true,"interaction":{"idSuffix":"I"}},"clearTextFirst":true,"interactionType":"ENTER_TEXT"}]}
RESULT: {"script":"<script> [776 bytes]","args":[{"enterText":"gXEwc1igBp","selector":{"id":"application-managehandovers-display-component---AddNewHO--smartFilterBar-btnBasicSearch","searchOpenDialogs":true,"interaction":{"idSuffix":"I"}},"clearTextFirst":true,"interactionType":"ENTER_TEXT"}]}
COMMAND: POST /session/7455601dddc232b6deafc0d190a18b4e/actions - {"actions":[{"id":"action66","type":"key","parameters":{},"actions":[{"type":"keyDown","value":""},{"type":"pause","duration":10},{"type":"keyUp","value":""}]}]}
RESULT: {"actions":[{"id":"action66","type":"key","parameters":{},"actions":[{"type":"keyDown","value":""},{"type":"pause","duration":10},{"type":"keyUp","value":""}]}]}
COMMAND: GET /session/7455601dddc232b6deafc0d190a18b4e/screenshot - {}
RESULT: {}
COMMAND: POST /session/7455601dddc232b6deafc0d190a18b4e/execute/async - {"script":"<script> [1562 bytes]","args":[{"selector":{"id":"application-managehandovers-display-component---AddNewHO--popup-sa","searchOpenDialogs":true,"interaction":{"idSuffix":"CbBg"}},"wdio_ui5_key":"applicationmanagehandovers-display-component---AddNewHO--popup-sa"}]}
RESULT: {"script":"<script> [1562 bytes]","args":[{"selector":{"id":"application-managehandovers-display-component---AddNewHO--popup-sa","searchOpenDialogs":true,"interaction":{"idSuffix":"CbBg"}},"wdio_ui5_key":"applicationmanagehandovers-display-component---AddNewHO--popup-sa"}]}
RESULT: undefined
COMMAND: POST /session/7455601dddc232b6deafc0d190a18b4e/element - {"using":"xpath","value":"//*[@id=\"application-managehandovers-display-component---AddNewHO--popup-sa\"]"}
RESULT: {"using":"xpath","value":"//*[@id=\"application-managehandovers-display-component---AddNewHO--popup-sa\"]"}
COMMAND: POST /session/7455601dddc232b6deafc0d190a18b4e/element/f.8E6BFA2ED3A3A2D86F199707E5BEEB8B.d.A3B613D46406E69C93659DE37DBD9FF5.e.20762/click - {}
RESULT: {}
COMMAND: GET /session/7455601dddc232b6deafc0d190a18b4e/screenshot - {}
RESULT: {}
COMMAND: POST /session/7455601dddc232b6deafc0d190a18b4e/element - {"using":"xpath","value":"//bdi[contains(text(), \"Select\")]"}
RESULT: {"using":"xpath","value":"//bdi[contains(text(), \"Select\")]"}
COMMAND: POST /session/7455601dddc232b6deafc0d190a18b4e/element/f.8E6BFA2ED3A3A2D86F199707E5BEEB8B.d.A3B613D46406E69C93659DE37DBD9FF5.e.20763/click - {}
RESULT: {}
COMMAND: GET /session/7455601dddc232b6deafc0d190a18b4e/screenshot - {}
RESULT: {}
COMMAND: POST /session/7455601dddc232b6deafc0d190a18b4e/element - {"using":"xpath","value":"//button[@data-kt=\"AddNewHOSaveButton\"]"}
RESULT: {"using":"xpath","value":"//button[@data-kt=\"AddNewHOSaveButton\"]"}
COMMAND: POST /session/7455601dddc232b6deafc0d190a18b4e/element/f.8E6BFA2ED3A3A2D86F199707E5BEEB8B.d.A3B613D46406E69C93659DE37DBD9FF5.e.20767/click - {}
RESULT: {}
COMMAND: GET /session/7455601dddc232b6deafc0d190a18b4e/screenshot - {}
RESULT: {}
COMMAND: POST /session/7455601dddc232b6deafc0d190a18b4e/execute/async - {"script":"<script> [1562 bytes]","args":[{"selector":{"id":"receiptDatePicker","viewName":"etm.portal.ui.managehandovers.view.DetailExecuteHO","interaction":{"idSuffix":"inner"}},"wdio_ui5_key":"receiptDatePickeretmportal.ui.managehandovers.view.DetailExecuteHO"}]}
RESULT: {"script":"<script> [1562 bytes]","args":[{"selector":{"id":"receiptDatePicker","viewName":"etm.portal.ui.managehandovers.view.DetailExecuteHO","interaction":{"idSuffix":"inner"}},"wdio_ui5_key":"receiptDatePickeretmportal.ui.managehandovers.view.DetailExecuteHO"}]}
RESULT: undefined
COMMAND: POST /session/7455601dddc232b6deafc0d190a18b4e/execute/async - {"script":"<script> [6424 bytes]","args":[{"element-6066-11e4-a52e-4f735466cecf":"f.8E6BFA2ED3A3A2D86F199707E5BEEB8B.d.A3B613D46406E69C93659DE37DBD9FF5.e.20797"},"setValue",["5/27/25"]]}
RESULT: {"script":"<script> [6424 bytes]","args":[{"element-6066-11e4-a52e-4f735466cecf":"f.8E6BFA2ED3A3A2D86F199707E5BEEB8B.d.A3B613D46406E69C93659DE37DBD9FF5.e.20797"},"setValue",["5/27/25"]]}
COMMAND: POST /session/7455601dddc232b6deafc0d190a18b4e/element - {"using":"xpath","value":"//button[@data-kt=\"ReceivingTableConfirmAllButton\"]"}
RESULT: {"using":"xpath","value":"//button[@data-kt=\"ReceivingTableConfirmAllButton\"]"}
COMMAND: POST /session/7455601dddc232b6deafc0d190a18b4e/element/f.8E6BFA2ED3A3A2D86F199707E5BEEB8B.d.A3B613D46406E69C93659DE37DBD9FF5.e.20812/click - {}
RESULT: {}
COMMAND: GET /session/7455601dddc232b6deafc0d190a18b4e/screenshot - {}
RESULT: {}
COMMAND: POST /session/7455601dddc232b6deafc0d190a18b4e/element - {"using":"xpath","value":"//bdi[contains(text(), \"OK\")]"}
RESULT: {"using":"xpath","value":"//bdi[contains(text(), \"OK\")]"}
COMMAND: POST /session/7455601dddc232b6deafc0d190a18b4e/element/f.8E6BFA2ED3A3A2D86F199707E5BEEB8B.d.A3B613D46406E69C93659DE37DBD9FF5.e.20814/click - {}
RESULT: {}
COMMAND: GET /session/7455601dddc232b6deafc0d190a18b4e/screenshot - {}
RESULT: {}
COMMAND: POST /session/7455601dddc232b6deafc0d190a18b4e/element - {"using":"xpath","value":"(//bdi[contains(text(), \"Receive\")])[2]"}
RESULT: {"using":"xpath","value":"(//bdi[contains(text(), \"Receive\")])[2]"}
COMMAND: POST /session/7455601dddc232b6deafc0d190a18b4e/element/f.8E6BFA2ED3A3A2D86F199707E5BEEB8B.d.A3B613D46406E69C93659DE37DBD9FF5.e.20816/click - {}
RESULT: {}
COMMAND: GET /session/7455601dddc232b6deafc0d190a18b4e/screenshot - {}
RESULT: {}
COMMAND: POST /session/7455601dddc232b6deafc0d190a18b4e/element - {"using":"css selector","value":"#shell-header-logo"}
RESULT: {"using":"css selector","value":"#shell-header-logo"}
COMMAND: POST /session/7455601dddc232b6deafc0d190a18b4e/element/f.8E6BFA2ED3A3A2D86F199707E5BEEB8B.d.A3B613D46406E69C93659DE37DBD9FF5.e.20244/click - {}
RESULT: {}
COMMAND: GET /session/7455601dddc232b6deafc0d190a18b4e/screenshot - {}
RESULT: {}
]]></system-out>
    </testcase>
    <testcase classname="chrome.136_0_7103_93.windows.Create_Reverse_Billing_US127248" name="Should create a new contract" time="73.913">
      <system-out><![CDATA[
COMMAND: POST /session/7455601dddc232b6deafc0d190a18b4e/execute/async - {"script":"<script> [1562 bytes]","args":[{"selector":{"controlType":"sap.m.GenericTile","properties":{"header":"Manage Contracts"}},"wdio_ui5_key":"sapm.GenericTile{\"header\":\"Manage Contracts\"}"}]}
RESULT: {"script":"<script> [1562 bytes]","args":[{"selector":{"controlType":"sap.m.GenericTile","properties":{"header":"Manage Contracts"}},"wdio_ui5_key":"sapm.GenericTile{\"header\":\"Manage Contracts\"}"}]}
RESULT: undefined
COMMAND: POST /session/7455601dddc232b6deafc0d190a18b4e/element - {"using":"xpath","value":"//*[@id=\"__tile130\"]"}
RESULT: {"using":"xpath","value":"//*[@id=\"__tile130\"]"}
COMMAND: POST /session/7455601dddc232b6deafc0d190a18b4e/element/f.8E6BFA2ED3A3A2D86F199707E5BEEB8B.d.A3B613D46406E69C93659DE37DBD9FF5.e.18871/click - {}
RESULT: {}
COMMAND: GET /session/7455601dddc232b6deafc0d190a18b4e/screenshot - {}
RESULT: {}
COMMAND: POST /session/7455601dddc232b6deafc0d190a18b4e/elements - {"using":"xpath","value":"//span[text()='Error']"}
RESULT: {"using":"xpath","value":"//span[text()='Error']"}
COMMAND: POST /session/7455601dddc232b6deafc0d190a18b4e/element - {"using":"xpath","value":"//button[@data-kt=\"addButton\"]"}
RESULT: {"using":"xpath","value":"//button[@data-kt=\"addButton\"]"}
COMMAND: POST /session/7455601dddc232b6deafc0d190a18b4e/elements - {"using":"xpath","value":"//button[@data-kt=\"addButton\"]"}
RESULT: {"using":"xpath","value":"//button[@data-kt=\"addButton\"]"}
COMMAND: POST /session/7455601dddc232b6deafc0d190a18b4e/execute/sync - {"script":"<script> [8489 bytes]","args":[{"element-6066-11e4-a52e-4f735466cecf":"f.8E6BFA2ED3A3A2D86F199707E5BEEB8B.d.A3B613D46406E69C93659DE37DBD9FF5.e.21152","ELEMENT":"f.8E6BFA2ED3A3A2D86F199707E5BEEB8B.d.A3B613D46406E69C93659DE37DBD9FF5.e.21152"}]}
RESULT: {"script":"<script> [8489 bytes]","args":[{"element-6066-11e4-a52e-4f735466cecf":"f.8E6BFA2ED3A3A2D86F199707E5BEEB8B.d.A3B613D46406E69C93659DE37DBD9FF5.e.21152","ELEMENT":"f.8E6BFA2ED3A3A2D86F199707E5BEEB8B.d.A3B613D46406E69C93659DE37DBD9FF5.e.21152"}]}
COMMAND: GET /session/7455601dddc232b6deafc0d190a18b4e/element/f.8E6BFA2ED3A3A2D86F199707E5BEEB8B.d.A3B613D46406E69C93659DE37DBD9FF5.e.21152/enabled - {}
COMMAND: GET /session/7455601dddc232b6deafc0d190a18b4e/screenshot - {}
RESULT: {}
COMMAND: POST /session/7455601dddc232b6deafc0d190a18b4e/execute/sync - {"script":"<script> [8489 bytes]","args":[{"element-6066-11e4-a52e-4f735466cecf":"f.8E6BFA2ED3A3A2D86F199707E5BEEB8B.d.A3B613D46406E69C93659DE37DBD9FF5.e.21152","ELEMENT":"f.8E6BFA2ED3A3A2D86F199707E5BEEB8B.d.A3B613D46406E69C93659DE37DBD9FF5.e.21152"}]}
COMMAND: GET /session/7455601dddc232b6deafc0d190a18b4e/screenshot - {}
RESULT: {}
RESULT: {"script":"<script> [8489 bytes]","args":[{"element-6066-11e4-a52e-4f735466cecf":"f.8E6BFA2ED3A3A2D86F199707E5BEEB8B.d.A3B613D46406E69C93659DE37DBD9FF5.e.21152","ELEMENT":"f.8E6BFA2ED3A3A2D86F199707E5BEEB8B.d.A3B613D46406E69C93659DE37DBD9FF5.e.21152"}]}
COMMAND: POST /session/7455601dddc232b6deafc0d190a18b4e/execute/sync - {"script":"<script> [5351 bytes]","args":[{"element-6066-11e4-a52e-4f735466cecf":"f.8E6BFA2ED3A3A2D86F199707E5BEEB8B.d.A3B613D46406E69C93659DE37DBD9FF5.e.21152","ELEMENT":"f.8E6BFA2ED3A3A2D86F199707E5BEEB8B.d.A3B613D46406E69C93659DE37DBD9FF5.e.21152"}]}
COMMAND: GET /session/7455601dddc232b6deafc0d190a18b4e/screenshot - {}
RESULT: {}
RESULT: {"script":"<script> [5351 bytes]","args":[{"element-6066-11e4-a52e-4f735466cecf":"f.8E6BFA2ED3A3A2D86F199707E5BEEB8B.d.A3B613D46406E69C93659DE37DBD9FF5.e.21152","ELEMENT":"f.8E6BFA2ED3A3A2D86F199707E5BEEB8B.d.A3B613D46406E69C93659DE37DBD9FF5.e.21152"}]}
COMMAND: GET /session/7455601dddc232b6deafc0d190a18b4e/screenshot - {}
RESULT: {}
RESULT: {}
COMMAND: POST /session/7455601dddc232b6deafc0d190a18b4e/element/f.8E6BFA2ED3A3A2D86F199707E5BEEB8B.d.A3B613D46406E69C93659DE37DBD9FF5.e.21152/click - {}
RESULT: {}
COMMAND: GET /session/7455601dddc232b6deafc0d190a18b4e/screenshot - {}
COMMAND: POST /session/7455601dddc232b6deafc0d190a18b4e/execute/async - {"script":"<script> [1562 bytes]","args":[{"selector":{"id":"application-managecontracts-display-component---AddNewContract--projectDescription","interaction":{"idSuffix":"inner"}},"wdio_ui5_key":"applicationmanagecontracts-display-component---AddNewContract--projectDescription"}]}
RESULT: {}
RESULT: {"script":"<script> [1562 bytes]","args":[{"selector":{"id":"application-managecontracts-display-component---AddNewContract--projectDescription","interaction":{"idSuffix":"inner"}},"wdio_ui5_key":"applicationmanagecontracts-display-component---AddNewContract--projectDescription"}]}
RESULT: undefined
COMMAND: POST /session/7455601dddc232b6deafc0d190a18b4e/execute/async - {"script":"<script> [776 bytes]","args":[{"enterText":"Contract WDIO","selector":{"id":"application-managecontracts-display-component---AddNewContract--projectDescription","interaction":{"idSuffix":"inner"}},"clearTextFirst":true,"interactionType":"ENTER_TEXT"}]}
RESULT: {"script":"<script> [776 bytes]","args":[{"enterText":"Contract WDIO","selector":{"id":"application-managecontracts-display-component---AddNewContract--projectDescription","interaction":{"idSuffix":"inner"}},"clearTextFirst":true,"interactionType":"ENTER_TEXT"}]}
COMMAND: POST /session/7455601dddc232b6deafc0d190a18b4e/element - {"using":"xpath","value":"//input[@id=\"application-managecontracts-display-component---AddNewContract--site-inner\"]"}
RESULT: {"using":"xpath","value":"//input[@id=\"application-managecontracts-display-component---AddNewContract--site-inner\"]"}
COMMAND: POST /session/7455601dddc232b6deafc0d190a18b4e/element/f.8E6BFA2ED3A3A2D86F199707E5BEEB8B.d.A3B613D46406E69C93659DE37DBD9FF5.e.21469/clear - {}
RESULT: {}
COMMAND: POST /session/7455601dddc232b6deafc0d190a18b4e/element/f.8E6BFA2ED3A3A2D86F199707E5BEEB8B.d.A3B613D46406E69C93659DE37DBD9FF5.e.21469/value - {"text":"2189"}
COMMAND: GET /session/7455601dddc232b6deafc0d190a18b4e/screenshot - {}
RESULT: {"text":"2189"}
COMMAND: GET /session/7455601dddc232b6deafc0d190a18b4e/screenshot - {}
RESULT: {}
RESULT: {}
COMMAND: POST /session/7455601dddc232b6deafc0d190a18b4e/element - {"using":"xpath","value":"//li[.//span[text()='2189']]"}
RESULT: {"using":"xpath","value":"//li[.//span[text()='2189']]"}
COMMAND: POST /session/7455601dddc232b6deafc0d190a18b4e/element/f.8E6BFA2ED3A3A2D86F199707E5BEEB8B.d.A3B613D46406E69C93659DE37DBD9FF5.e.21551/click - {}
RESULT: {}
COMMAND: GET /session/7455601dddc232b6deafc0d190a18b4e/screenshot - {}
RESULT: {}
COMMAND: POST /session/7455601dddc232b6deafc0d190a18b4e/element - {"using":"xpath","value":"//input[@id=\"application-managecontracts-display-component---AddNewContract--yardId-inner\"]"}
RESULT: {"using":"xpath","value":"//input[@id=\"application-managecontracts-display-component---AddNewContract--yardId-inner\"]"}
COMMAND: GET /session/7455601dddc232b6deafc0d190a18b4e/element/f.8E6BFA2ED3A3A2D86F199707E5BEEB8B.d.A3B613D46406E69C93659DE37DBD9FF5.e.21470/property/value - {}
RESULT: {}
COMMAND: POST /session/7455601dddc232b6deafc0d190a18b4e/element - {"using":"xpath","value":"//input[@id=\"application-managecontracts-display-component---AddNewContract--customerSelect-inner\"]"}
COMMAND: GET /session/7455601dddc232b6deafc0d190a18b4e/screenshot - {}
RESULT: {"using":"xpath","value":"//input[@id=\"application-managecontracts-display-component---AddNewContract--customerSelect-inner\"]"}
COMMAND: POST /session/7455601dddc232b6deafc0d190a18b4e/element/f.8E6BFA2ED3A3A2D86F199707E5BEEB8B.d.A3B613D46406E69C93659DE37DBD9FF5.e.21468/clear - {}
RESULT: {}
RESULT: {}
COMMAND: POST /session/7455601dddc232b6deafc0d190a18b4e/element/f.8E6BFA2ED3A3A2D86F199707E5BEEB8B.d.A3B613D46406E69C93659DE37DBD9FF5.e.21468/value - {"text":"1208"}
COMMAND: GET /session/7455601dddc232b6deafc0d190a18b4e/screenshot - {}
RESULT: {"text":"1208"}
COMMAND: GET /session/7455601dddc232b6deafc0d190a18b4e/screenshot - {}
RESULT: {}
RESULT: {}
COMMAND: POST /session/7455601dddc232b6deafc0d190a18b4e/element - {"using":"xpath","value":"//li[.//span[text()='1208']]"}
RESULT: {"using":"xpath","value":"//li[.//span[text()='1208']]"}
COMMAND: POST /session/7455601dddc232b6deafc0d190a18b4e/element/f.8E6BFA2ED3A3A2D86F199707E5BEEB8B.d.A3B613D46406E69C93659DE37DBD9FF5.e.21554/click - {}
RESULT: {}
COMMAND: GET /session/7455601dddc232b6deafc0d190a18b4e/screenshot - {}
RESULT: {}
COMMAND: POST /session/7455601dddc232b6deafc0d190a18b4e/element - {"using":"xpath","value":"//button[@data-kt=\"saveButton\"]"}
RESULT: {"using":"xpath","value":"//button[@data-kt=\"saveButton\"]"}
COMMAND: POST /session/7455601dddc232b6deafc0d190a18b4e/element/f.8E6BFA2ED3A3A2D86F199707E5BEEB8B.d.A3B613D46406E69C93659DE37DBD9FF5.e.21543/click - {}
RESULT: {}
COMMAND: GET /session/7455601dddc232b6deafc0d190a18b4e/screenshot - {}
RESULT: {}
COMMAND: POST /session/7455601dddc232b6deafc0d190a18b4e/element - {"using":"xpath","value":"//span[contains(@id ,\"contractDetailTitleNoExpanded\")]"}
RESULT: {"using":"xpath","value":"//span[contains(@id ,\"contractDetailTitleNoExpanded\")]"}
COMMAND: POST /session/7455601dddc232b6deafc0d190a18b4e/elements - {"using":"xpath","value":"//span[contains(@id ,\"contractDetailTitleNoExpanded\")]"}
RESULT: {"using":"xpath","value":"//span[contains(@id ,\"contractDetailTitleNoExpanded\")]"}
COMMAND: POST /session/7455601dddc232b6deafc0d190a18b4e/execute/sync - {"script":"<script> [56 bytes]","args":[{"element-6066-11e4-a52e-4f735466cecf":"f.8E6BFA2ED3A3A2D86F199707E5BEEB8B.d.A3B613D46406E69C93659DE37DBD9FF5.e.21627","ELEMENT":"f.8E6BFA2ED3A3A2D86F199707E5BEEB8B.d.A3B613D46406E69C93659DE37DBD9FF5.e.21627"}]}
RESULT: {"script":"<script> [56 bytes]","args":[{"element-6066-11e4-a52e-4f735466cecf":"f.8E6BFA2ED3A3A2D86F199707E5BEEB8B.d.A3B613D46406E69C93659DE37DBD9FF5.e.21627","ELEMENT":"f.8E6BFA2ED3A3A2D86F199707E5BEEB8B.d.A3B613D46406E69C93659DE37DBD9FF5.e.21627"}]}
COMMAND: GET /session/7455601dddc232b6deafc0d190a18b4e/screenshot - {}
RESULT: {}
]]></system-out>
    </testcase>
    <testcase classname="chrome.136_0_7103_93.windows.Create_Reverse_Billing_US127248" name="Should add equipment to the contract" time="46.868">
      <system-out><![CDATA[
COMMAND: POST /session/7455601dddc232b6deafc0d190a18b4e/element - {"using":"xpath","value":"//button[@data-kt=\"contractDetailEditBtnButton\"]"}
RESULT: {"using":"xpath","value":"//button[@data-kt=\"contractDetailEditBtnButton\"]"}
COMMAND: POST /session/7455601dddc232b6deafc0d190a18b4e/element/f.8E6BFA2ED3A3A2D86F199707E5BEEB8B.d.A3B613D46406E69C93659DE37DBD9FF5.e.21628/click - {}
RESULT: {}
COMMAND: GET /session/7455601dddc232b6deafc0d190a18b4e/screenshot - {}
RESULT: {}
COMMAND: POST /session/7455601dddc232b6deafc0d190a18b4e/element - {"using":"xpath","value":"(//span[contains(text(), \"Additional Addresses\")])[2]"}
RESULT: {"using":"xpath","value":"(//span[contains(text(), \"Additional Addresses\")])[2]"}
COMMAND: POST /session/7455601dddc232b6deafc0d190a18b4e/element/f.8E6BFA2ED3A3A2D86F199707E5BEEB8B.d.A3B613D46406E69C93659DE37DBD9FF5.e.21686/click - {}
RESULT: {}
COMMAND: GET /session/7455601dddc232b6deafc0d190a18b4e/screenshot - {}
RESULT: {}
COMMAND: POST /session/7455601dddc232b6deafc0d190a18b4e/element - {"using":"xpath","value":"//button[@data-kt=\"btnAddTableRowOverflowToolbarButton\"]"}
RESULT: {"using":"xpath","value":"//button[@data-kt=\"btnAddTableRowOverflowToolbarButton\"]"}
COMMAND: POST /session/7455601dddc232b6deafc0d190a18b4e/element/f.8E6BFA2ED3A3A2D86F199707E5BEEB8B.d.A3B613D46406E69C93659DE37DBD9FF5.e.21688/click - {}
RESULT: {}
COMMAND: GET /session/7455601dddc232b6deafc0d190a18b4e/screenshot - {}
RESULT: {}
COMMAND: POST /session/7455601dddc232b6deafc0d190a18b4e/element - {"using":"xpath","value":"//div[(text() = 'Standard Entry' or . = 'Standard Entry')]"}
RESULT: {"using":"xpath","value":"//div[(text() = 'Standard Entry' or . = 'Standard Entry')]"}
COMMAND: POST /session/7455601dddc232b6deafc0d190a18b4e/element/f.8E6BFA2ED3A3A2D86F199707E5BEEB8B.d.A3B613D46406E69C93659DE37DBD9FF5.e.21690/click - {}
RESULT: {}
COMMAND: GET /session/7455601dddc232b6deafc0d190a18b4e/screenshot - {}
RESULT: {}
COMMAND: POST /session/7455601dddc232b6deafc0d190a18b4e/element - {"using":"xpath","value":"//td[7]/div/div/input"}
RESULT: {"using":"xpath","value":"//td[7]/div/div/input"}
COMMAND: POST /session/7455601dddc232b6deafc0d190a18b4e/element/f.8E6BFA2ED3A3A2D86F199707E5BEEB8B.d.A3B613D46406E69C93659DE37DBD9FF5.e.21699/clear - {}
RESULT: {}
COMMAND: POST /session/7455601dddc232b6deafc0d190a18b4e/element/f.8E6BFA2ED3A3A2D86F199707E5BEEB8B.d.A3B613D46406E69C93659DE37DBD9FF5.e.21699/value - {"text":"gXEwc1igBp"}
COMMAND: GET /session/7455601dddc232b6deafc0d190a18b4e/screenshot - {}
RESULT: {"text":"gXEwc1igBp"}
COMMAND: GET /session/7455601dddc232b6deafc0d190a18b4e/screenshot - {}
RESULT: {}
RESULT: {}
COMMAND: POST /session/7455601dddc232b6deafc0d190a18b4e/actions - {"actions":[{"id":"action67","type":"key","parameters":{},"actions":[{"type":"keyDown","value":""},{"type":"pause","duration":10},{"type":"keyUp","value":""}]}]}
RESULT: {"actions":[{"id":"action67","type":"key","parameters":{},"actions":[{"type":"keyDown","value":""},{"type":"pause","duration":10},{"type":"keyUp","value":""}]}]}
COMMAND: GET /session/7455601dddc232b6deafc0d190a18b4e/screenshot - {}
RESULT: {}
COMMAND: POST /session/7455601dddc232b6deafc0d190a18b4e/execute/sync - {"script":"<script> [276 bytes]","args":["No pricing information was found"]}
RESULT: {"script":"<script> [276 bytes]","args":["No pricing information was found"]}
COMMAND: POST /session/7455601dddc232b6deafc0d190a18b4e/element - {"using":"xpath","value":"(//button[@data-kt=\"saveButton\"])[2]"}
COMMAND: GET /session/7455601dddc232b6deafc0d190a18b4e/screenshot - {}
RESULT: {"using":"xpath","value":"(//button[@data-kt=\"saveButton\"])[2]"}
COMMAND: POST /session/7455601dddc232b6deafc0d190a18b4e/element/f.8E6BFA2ED3A3A2D86F199707E5BEEB8B.d.A3B613D46406E69C93659DE37DBD9FF5.e.21714/click - {}
RESULT: {}
RESULT: {}
COMMAND: GET /session/7455601dddc232b6deafc0d190a18b4e/screenshot - {}
RESULT: {}
COMMAND: POST /session/7455601dddc232b6deafc0d190a18b4e/execute/sync - {"script":"<script> [276 bytes]","args":["Some contract items are having rental validity exceeding header rental validity"]}
RESULT: {"script":"<script> [276 bytes]","args":["Some contract items are having rental validity exceeding header rental validity"]}
COMMAND: GET /session/7455601dddc232b6deafc0d190a18b4e/screenshot - {}
RESULT: {}
COMMAND: POST /session/7455601dddc232b6deafc0d190a18b4e/element - {"using":"xpath","value":"//span[contains(@id ,\"contractItemsSmartTable-header-inner\")]"}
RESULT: {"using":"xpath","value":"//span[contains(@id ,\"contractItemsSmartTable-header-inner\")]"}
COMMAND: POST /session/7455601dddc232b6deafc0d190a18b4e/elements - {"using":"xpath","value":"//span[contains(@id ,\"contractItemsSmartTable-header-inner\")]"}
RESULT: {"using":"xpath","value":"//span[contains(@id ,\"contractItemsSmartTable-header-inner\")]"}
COMMAND: POST /session/7455601dddc232b6deafc0d190a18b4e/execute/sync - {"script":"<script> [56 bytes]","args":[{"element-6066-11e4-a52e-4f735466cecf":"f.8E6BFA2ED3A3A2D86F199707E5BEEB8B.d.A3B613D46406E69C93659DE37DBD9FF5.e.21720","ELEMENT":"f.8E6BFA2ED3A3A2D86F199707E5BEEB8B.d.A3B613D46406E69C93659DE37DBD9FF5.e.21720"}]}
RESULT: {"script":"<script> [56 bytes]","args":[{"element-6066-11e4-a52e-4f735466cecf":"f.8E6BFA2ED3A3A2D86F199707E5BEEB8B.d.A3B613D46406E69C93659DE37DBD9FF5.e.21720","ELEMENT":"f.8E6BFA2ED3A3A2D86F199707E5BEEB8B.d.A3B613D46406E69C93659DE37DBD9FF5.e.21720"}]}
]]></system-out>
    </testcase>
    <testcase classname="chrome.136_0_7103_93.windows.Create_Reverse_Billing_US127248" name="Should do a provide to site handover" time="63.073">
      <system-out><![CDATA[
COMMAND: POST /session/7455601dddc232b6deafc0d190a18b4e/element - {"using":"xpath","value":"//button[@data-kt=\"provideButton\"]"}
COMMAND: GET /session/7455601dddc232b6deafc0d190a18b4e/screenshot - {}
RESULT: {"using":"xpath","value":"//button[@data-kt=\"provideButton\"]"}
COMMAND: POST /session/7455601dddc232b6deafc0d190a18b4e/element/f.8E6BFA2ED3A3A2D86F199707E5BEEB8B.d.A3B613D46406E69C93659DE37DBD9FF5.e.21721/click - {}
RESULT: {}
RESULT: {}
COMMAND: GET /session/7455601dddc232b6deafc0d190a18b4e/screenshot - {}
RESULT: undefined
COMMAND: POST /session/7455601dddc232b6deafc0d190a18b4e/execute/async - {"script":"<script> [6424 bytes]","args":[{"element-6066-11e4-a52e-4f735466cecf":"f.8E6BFA2ED3A3A2D86F199707E5BEEB8B.d.A3B613D46406E69C93659DE37DBD9FF5.e.20582"},"setValue",["5/27/25"]]}
RESULT: {}
COMMAND: POST /session/7455601dddc232b6deafc0d190a18b4e/execute/async - {"script":"<script> [1562 bytes]","args":[{"selector":{"id":"application-managehandovers-display-component---AddNewHO--dueDate","interaction":{"idSuffix":"inner"}},"wdio_ui5_key":"applicationmanagehandovers-display-component---AddNewHO--dueDate"}]}
RESULT: {"script":"<script> [1562 bytes]","args":[{"selector":{"id":"application-managehandovers-display-component---AddNewHO--dueDate","interaction":{"idSuffix":"inner"}},"wdio_ui5_key":"applicationmanagehandovers-display-component---AddNewHO--dueDate"}]}
COMMAND: POST /session/7455601dddc232b6deafc0d190a18b4e/execute/async - {"script":"<script> [6424 bytes]","args":[{"element-6066-11e4-a52e-4f735466cecf":"f.8E6BFA2ED3A3A2D86F199707E5BEEB8B.d.A3B613D46406E69C93659DE37DBD9FF5.e.21778"},"setValue",["5/27/25"]]}
RESULT: {"script":"<script> [6424 bytes]","args":[{"element-6066-11e4-a52e-4f735466cecf":"f.8E6BFA2ED3A3A2D86F199707E5BEEB8B.d.A3B613D46406E69C93659DE37DBD9FF5.e.21778"},"setValue",["5/27/25"]]}
COMMAND: POST /session/7455601dddc232b6deafc0d190a18b4e/element - {"using":"xpath","value":"//bdi[contains(text(), \"Instructions\")]"}
RESULT: {"using":"xpath","value":"//bdi[contains(text(), \"Instructions\")]"}
COMMAND: POST /session/7455601dddc232b6deafc0d190a18b4e/element/f.8E6BFA2ED3A3A2D86F199707E5BEEB8B.d.A3B613D46406E69C93659DE37DBD9FF5.e.22040/click - {}
RESULT: {}
COMMAND: GET /session/7455601dddc232b6deafc0d190a18b4e/screenshot - {}
RESULT: {}
COMMAND: POST /session/7455601dddc232b6deafc0d190a18b4e/element - {"using":"xpath","value":"//button[@data-kt=\"AddNewHOProvideAddItemsButton\"]"}
RESULT: {"using":"xpath","value":"//button[@data-kt=\"AddNewHOProvideAddItemsButton\"]"}
COMMAND: POST /session/7455601dddc232b6deafc0d190a18b4e/element/f.8E6BFA2ED3A3A2D86F199707E5BEEB8B.d.A3B613D46406E69C93659DE37DBD9FF5.e.22044/click - {}
RESULT: {}
COMMAND: GET /session/7455601dddc232b6deafc0d190a18b4e/screenshot - {}
RESULT: {}
RESULT: undefined
COMMAND: POST /session/7455601dddc232b6deafc0d190a18b4e/element - {"using":"xpath","value":"//*[@id=\"application-managehandovers-display-component---AddNewHO--popup-sa\"]"}
RESULT: {"using":"xpath","value":"//*[@id=\"application-managehandovers-display-component---AddNewHO--popup-sa\"]"}
COMMAND: POST /session/7455601dddc232b6deafc0d190a18b4e/element/f.8E6BFA2ED3A3A2D86F199707E5BEEB8B.d.A3B613D46406E69C93659DE37DBD9FF5.e.22056/click - {}
RESULT: {}
COMMAND: GET /session/7455601dddc232b6deafc0d190a18b4e/screenshot - {}
RESULT: {}
COMMAND: POST /session/7455601dddc232b6deafc0d190a18b4e/element - {"using":"xpath","value":"//*[contains(@id ,\"BDI-content\")][contains(text(), \"Select\")]"}
RESULT: {"using":"xpath","value":"//*[contains(@id ,\"BDI-content\")][contains(text(), \"Select\")]"}
COMMAND: POST /session/7455601dddc232b6deafc0d190a18b4e/element/f.8E6BFA2ED3A3A2D86F199707E5BEEB8B.d.A3B613D46406E69C93659DE37DBD9FF5.e.22057/click - {}
RESULT: {}
COMMAND: GET /session/7455601dddc232b6deafc0d190a18b4e/screenshot - {}
RESULT: {}
COMMAND: POST /session/7455601dddc232b6deafc0d190a18b4e/execute/async - {"script":"<script> [1562 bytes]","args":[{"selector":{"id":"application-managehandovers-display-component---AddNewHO--confirmCreationButton","interaction":{"idSuffix":"BDI-content"}},"wdio_ui5_key":"applicationmanagehandovers-display-component---AddNewHO--confirmCreationButton"}]}
RESULT: {"script":"<script> [1562 bytes]","args":[{"selector":{"id":"application-managehandovers-display-component---AddNewHO--confirmCreationButton","interaction":{"idSuffix":"BDI-content"}},"wdio_ui5_key":"applicationmanagehandovers-display-component---AddNewHO--confirmCreationButton"}]}
RESULT: undefined
COMMAND: POST /session/7455601dddc232b6deafc0d190a18b4e/element - {"using":"xpath","value":"//*[@id=\"application-managehandovers-display-component---AddNewHO--confirmCreationButton\"]"}
RESULT: {"using":"xpath","value":"//*[@id=\"application-managehandovers-display-component---AddNewHO--confirmCreationButton\"]"}
COMMAND: POST /session/7455601dddc232b6deafc0d190a18b4e/element/f.8E6BFA2ED3A3A2D86F199707E5BEEB8B.d.A3B613D46406E69C93659DE37DBD9FF5.e.21850/click - {}
RESULT: {}
COMMAND: GET /session/7455601dddc232b6deafc0d190a18b4e/screenshot - {}
RESULT: {}
COMMAND: POST /session/7455601dddc232b6deafc0d190a18b4e/execute/async - {"script":"<script> [1562 bytes]","args":[{"selector":{"id":"issueDatePicker","viewName":"etm.portal.ui.managehandovers.view.DetailExecuteHO","interaction":{"idSuffix":"inner"}},"wdio_ui5_key":"issueDatePickeretmportal.ui.managehandovers.view.DetailExecuteHO"}]}
RESULT: {"script":"<script> [1562 bytes]","args":[{"selector":{"id":"issueDatePicker","viewName":"etm.portal.ui.managehandovers.view.DetailExecuteHO","interaction":{"idSuffix":"inner"}},"wdio_ui5_key":"issueDatePickeretmportal.ui.managehandovers.view.DetailExecuteHO"}]}
RESULT: undefined
COMMAND: POST /session/7455601dddc232b6deafc0d190a18b4e/execute/async - {"script":"<script> [776 bytes]","args":[{"enterText":"5/27/25","selector":{"id":"issueDatePicker","viewName":"etm.portal.ui.managehandovers.view.DetailExecuteHO","interaction":{"idSuffix":"inner"}},"clearTextFirst":true,"interactionType":"ENTER_TEXT"}]}
RESULT: {"script":"<script> [776 bytes]","args":[{"enterText":"5/27/25","selector":{"id":"issueDatePicker","viewName":"etm.portal.ui.managehandovers.view.DetailExecuteHO","interaction":{"idSuffix":"inner"}},"clearTextFirst":true,"interactionType":"ENTER_TEXT"}]}
COMMAND: POST /session/7455601dddc232b6deafc0d190a18b4e/element - {"using":"xpath","value":"//button[@data-kt=\"PickingTableConfirmAllButton\"]"}
RESULT: {"using":"xpath","value":"//button[@data-kt=\"PickingTableConfirmAllButton\"]"}
COMMAND: POST /session/7455601dddc232b6deafc0d190a18b4e/element/f.8E6BFA2ED3A3A2D86F199707E5BEEB8B.d.A3B613D46406E69C93659DE37DBD9FF5.e.22119/click - {}
RESULT: {}
COMMAND: GET /session/7455601dddc232b6deafc0d190a18b4e/screenshot - {}
RESULT: {}
COMMAND: POST /session/7455601dddc232b6deafc0d190a18b4e/element - {"using":"xpath","value":"//bdi[contains(text(), \"OK\")]"}
RESULT: {"using":"xpath","value":"//bdi[contains(text(), \"OK\")]"}
COMMAND: POST /session/7455601dddc232b6deafc0d190a18b4e/element/f.8E6BFA2ED3A3A2D86F199707E5BEEB8B.d.A3B613D46406E69C93659DE37DBD9FF5.e.22122/click - {}
RESULT: {}
COMMAND: GET /session/7455601dddc232b6deafc0d190a18b4e/screenshot - {}
RESULT: {}
COMMAND: POST /session/7455601dddc232b6deafc0d190a18b4e/element - {"using":"xpath","value":"//bdi[contains(text(), \"Issue\")]"}
RESULT: {"using":"xpath","value":"//bdi[contains(text(), \"Issue\")]"}
COMMAND: POST /session/7455601dddc232b6deafc0d190a18b4e/element/f.8E6BFA2ED3A3A2D86F199707E5BEEB8B.d.A3B613D46406E69C93659DE37DBD9FF5.e.22124/click - {}
RESULT: {}
COMMAND: GET /session/7455601dddc232b6deafc0d190a18b4e/screenshot - {}
RESULT: {}
COMMAND: POST /session/7455601dddc232b6deafc0d190a18b4e/element - {"using":"css selector","value":"#shell-header-logo"}
RESULT: {"using":"css selector","value":"#shell-header-logo"}
COMMAND: POST /session/7455601dddc232b6deafc0d190a18b4e/element/f.8E6BFA2ED3A3A2D86F199707E5BEEB8B.d.A3B613D46406E69C93659DE37DBD9FF5.e.21102/click - {}
RESULT: {}
COMMAND: GET /session/7455601dddc232b6deafc0d190a18b4e/screenshot - {}
RESULT: {}
]]></system-out>
    </testcase>
    <testcase classname="chrome.136_0_7103_93.windows.Create_Reverse_Billing_US127248" name="Should go navigate to Manage Billings and trigger contract calculation check result" time="75.305">
      <system-out><![CDATA[
COMMAND: POST /session/7455601dddc232b6deafc0d190a18b4e/execute/async - {"script":"<script> [1562 bytes]","args":[{"selector":{"controlType":"sap.m.GenericTile","properties":{"header":"Manage Billings"}},"wdio_ui5_key":"sapm.GenericTile{\"header\":\"Manage Billings\"}"}]}
RESULT: {"script":"<script> [1562 bytes]","args":[{"selector":{"controlType":"sap.m.GenericTile","properties":{"header":"Manage Billings"}},"wdio_ui5_key":"sapm.GenericTile{\"header\":\"Manage Billings\"}"}]}
RESULT: undefined
COMMAND: POST /session/7455601dddc232b6deafc0d190a18b4e/element - {"using":"xpath","value":"//*[@id=\"__tile51\"]"}
RESULT: {"using":"xpath","value":"//*[@id=\"__tile51\"]"}
COMMAND: POST /session/7455601dddc232b6deafc0d190a18b4e/element/f.8E6BFA2ED3A3A2D86F199707E5BEEB8B.d.A3B613D46406E69C93659DE37DBD9FF5.e.18898/click - {}
RESULT: {}
COMMAND: GET /session/7455601dddc232b6deafc0d190a18b4e/screenshot - {}
COMMAND: POST /session/7455601dddc232b6deafc0d190a18b4e/elements - {"using":"xpath","value":"//span[text()='Error']"}
RESULT: {}
RESULT: {"using":"xpath","value":"//span[text()='Error']"}
COMMAND: POST /session/7455601dddc232b6deafc0d190a18b4e/execute/async - {"script":"<script> [1562 bytes]","args":[{"selector":{"id":"application-managebillings-display-component---billRunCalcResult--smartFilterBar-btnBasicSearch","interaction":{"idSuffix":"I"}},"wdio_ui5_key":"applicationmanagebillings-display-component---billRunCalcResult--smartFilterBar-btnBasicSearch"}]}
RESULT: {"script":"<script> [1562 bytes]","args":[{"selector":{"id":"application-managebillings-display-component---billRunCalcResult--smartFilterBar-btnBasicSearch","interaction":{"idSuffix":"I"}},"wdio_ui5_key":"applicationmanagebillings-display-component---billRunCalcResult--smartFilterBar-btnBasicSearch"}]}
RESULT: undefined
COMMAND: POST /session/7455601dddc232b6deafc0d190a18b4e/execute/async - {"script":"<script> [776 bytes]","args":[{"enterText":"10327","selector":{"id":"application-managebillings-display-component---billRunCalcResult--smartFilterBar-btnBasicSearch","interaction":{"idSuffix":"I"}},"clearTextFirst":true,"interactionType":"ENTER_TEXT"}]}
RESULT: {"script":"<script> [776 bytes]","args":[{"enterText":"10327","selector":{"id":"application-managebillings-display-component---billRunCalcResult--smartFilterBar-btnBasicSearch","interaction":{"idSuffix":"I"}},"clearTextFirst":true,"interactionType":"ENTER_TEXT"}]}
COMMAND: POST /session/7455601dddc232b6deafc0d190a18b4e/actions - {"actions":[{"id":"action68","type":"key","parameters":{},"actions":[{"type":"keyDown","value":""},{"type":"pause","duration":10},{"type":"keyUp","value":""}]}]}
RESULT: {"actions":[{"id":"action68","type":"key","parameters":{},"actions":[{"type":"keyDown","value":""},{"type":"pause","duration":10},{"type":"keyUp","value":""}]}]}
COMMAND: GET /session/7455601dddc232b6deafc0d190a18b4e/screenshot - {}
RESULT: {}
COMMAND: POST /session/7455601dddc232b6deafc0d190a18b4e/element - {"using":"xpath","value":"//td[@aria-colindex=\"1\"]/div/div[contains(@class, \"sapMCbBg\")]"}
RESULT: {"using":"xpath","value":"//td[@aria-colindex=\"1\"]/div/div[contains(@class, \"sapMCbBg\")]"}
COMMAND: POST /session/7455601dddc232b6deafc0d190a18b4e/element/f.8E6BFA2ED3A3A2D86F199707E5BEEB8B.d.A3B613D46406E69C93659DE37DBD9FF5.e.22514/click - {}
RESULT: {}
COMMAND: GET /session/7455601dddc232b6deafc0d190a18b4e/screenshot - {}
RESULT: {}
COMMAND: POST /session/7455601dddc232b6deafc0d190a18b4e/execute/async - {"script":"<script> [1562 bytes]","args":[{"selector":{"id":"application-managebillings-display-component---billRunCalcResult--contractBillRunDate","interaction":{"idSuffix":"inner"}},"wdio_ui5_key":"applicationmanagebillings-display-component---billRunCalcResult--contractBillRunDate"}]}
RESULT: {"script":"<script> [1562 bytes]","args":[{"selector":{"id":"application-managebillings-display-component---billRunCalcResult--contractBillRunDate","interaction":{"idSuffix":"inner"}},"wdio_ui5_key":"applicationmanagebillings-display-component---billRunCalcResult--contractBillRunDate"}]}
RESULT: undefined
COMMAND: POST /session/7455601dddc232b6deafc0d190a18b4e/execute/async - {"script":"<script> [776 bytes]","args":[{"enterText":"6/27/25","selector":{"id":"application-managebillings-display-component---billRunCalcResult--contractBillRunDate","interaction":{"idSuffix":"inner"}},"clearTextFirst":true,"interactionType":"ENTER_TEXT"}]}
RESULT: {"script":"<script> [776 bytes]","args":[{"enterText":"6/27/25","selector":{"id":"application-managebillings-display-component---billRunCalcResult--contractBillRunDate","interaction":{"idSuffix":"inner"}},"clearTextFirst":true,"interactionType":"ENTER_TEXT"}]}
COMMAND: POST /session/7455601dddc232b6deafc0d190a18b4e/element - {"using":"xpath","value":"//bdi[contains(text(), \"Trigger Calculation\")]"}
RESULT: {"using":"xpath","value":"//bdi[contains(text(), \"Trigger Calculation\")]"}
COMMAND: POST /session/7455601dddc232b6deafc0d190a18b4e/element/f.8E6BFA2ED3A3A2D86F199707E5BEEB8B.d.A3B613D46406E69C93659DE37DBD9FF5.e.22565/click - {}
RESULT: {}
COMMAND: GET /session/7455601dddc232b6deafc0d190a18b4e/screenshot - {}
RESULT: {}
COMMAND: POST /session/7455601dddc232b6deafc0d190a18b4e/element - {"using":"xpath","value":"(//span[contains(@id, \"imgNav\")])[1]"}
RESULT: {"using":"xpath","value":"(//span[contains(@id, \"imgNav\")])[1]"}
COMMAND: POST /session/7455601dddc232b6deafc0d190a18b4e/element/f.8E6BFA2ED3A3A2D86F199707E5BEEB8B.d.A3B613D46406E69C93659DE37DBD9FF5.e.22515/click - {}
RESULT: {}
COMMAND: GET /session/7455601dddc232b6deafc0d190a18b4e/screenshot - {}
RESULT: {}
COMMAND: POST /session/7455601dddc232b6deafc0d190a18b4e/element - {"using":"xpath","value":"//tr/td[6]/div[1]/span[1]/span[1]"}
RESULT: {"using":"xpath","value":"//tr/td[6]/div[1]/span[1]/span[1]"}
COMMAND: GET /session/7455601dddc232b6deafc0d190a18b4e/element/f.8E6BFA2ED3A3A2D86F199707E5BEEB8B.d.A3B613D46406E69C93659DE37DBD9FF5.e.22571/text - {}
RESULT: {}
COMMAND: POST /session/7455601dddc232b6deafc0d190a18b4e/element - {"using":"xpath","value":"(//span[contains(@id, \"imgNav\")])[2]"}
RESULT: {"using":"xpath","value":"(//span[contains(@id, \"imgNav\")])[2]"}
COMMAND: POST /session/7455601dddc232b6deafc0d190a18b4e/element/f.8E6BFA2ED3A3A2D86F199707E5BEEB8B.d.A3B613D46406E69C93659DE37DBD9FF5.e.22572/click - {}
RESULT: {}
COMMAND: POST /session/7455601dddc232b6deafc0d190a18b4e/element - {"using":"xpath","value":"//bdi[contains(text(), \"Business Confirm\")]"}
COMMAND: GET /session/7455601dddc232b6deafc0d190a18b4e/screenshot - {}
RESULT: {"using":"xpath","value":"//bdi[contains(text(), \"Business Confirm\")]"}
COMMAND: POST /session/7455601dddc232b6deafc0d190a18b4e/elements - {"using":"xpath","value":"//bdi[contains(text(), \"Business Confirm\")]"}
RESULT: {}
RESULT: {"using":"xpath","value":"//bdi[contains(text(), \"Business Confirm\")]"}
COMMAND: POST /session/7455601dddc232b6deafc0d190a18b4e/element - {"using":"xpath","value":"//bdi[contains(text(), \"Business Confirm\")]"}
RESULT: {"using":"xpath","value":"//bdi[contains(text(), \"Business Confirm\")]"}
COMMAND: POST /session/7455601dddc232b6deafc0d190a18b4e/element/f.8E6BFA2ED3A3A2D86F199707E5BEEB8B.d.A3B613D46406E69C93659DE37DBD9FF5.e.22575/click - {}
COMMAND: POST /session/7455601dddc232b6deafc0d190a18b4e/element - {"using":"xpath","value":"//bdi[contains(text(), \"Business Confirm\")]"}
RESULT: {"using":"xpath","value":"//bdi[contains(text(), \"Business Confirm\")]"}
COMMAND: POST /session/7455601dddc232b6deafc0d190a18b4e/element/f.8E6BFA2ED3A3A2D86F199707E5BEEB8B.d.A3B613D46406E69C93659DE37DBD9FF5.e.22575/click - {}
COMMAND: POST /session/7455601dddc232b6deafc0d190a18b4e/element - {"using":"xpath","value":"//bdi[contains(text(), \"Business Confirm\")]"}
RESULT: {"using":"xpath","value":"//bdi[contains(text(), \"Business Confirm\")]"}
COMMAND: POST /session/7455601dddc232b6deafc0d190a18b4e/element/f.8E6BFA2ED3A3A2D86F199707E5BEEB8B.d.A3B613D46406E69C93659DE37DBD9FF5.e.22626/click - {}
RESULT: {}
COMMAND: POST /session/7455601dddc232b6deafc0d190a18b4e/element - {"using":"css selector","value":"#shell-header-logo"}
COMMAND: GET /session/7455601dddc232b6deafc0d190a18b4e/screenshot - {}
RESULT: {"using":"css selector","value":"#shell-header-logo"}
COMMAND: POST /session/7455601dddc232b6deafc0d190a18b4e/element/f.8E6BFA2ED3A3A2D86F199707E5BEEB8B.d.A3B613D46406E69C93659DE37DBD9FF5.e.22306/click - {}
RESULT: {}
RESULT: {}
COMMAND: GET /session/7455601dddc232b6deafc0d190a18b4e/screenshot - {}
RESULT: {}
]]></system-out>
    </testcase>
    <testcase classname="chrome.136_0_7103_93.windows.Create_Reverse_Billing_US127248" name="Should go into Billing Transfer and reverse the billing" time="38.388">
      <system-out><![CDATA[
COMMAND: POST /session/7455601dddc232b6deafc0d190a18b4e/execute/async - {"script":"<script> [1562 bytes]","args":[{"selector":{"controlType":"sap.m.GenericTile","properties":{"header":"Billing Transfer"}},"wdio_ui5_key":"sapm.GenericTile{\"header\":\"Billing Transfer\"}"}]}
RESULT: {"script":"<script> [1562 bytes]","args":[{"selector":{"controlType":"sap.m.GenericTile","properties":{"header":"Billing Transfer"}},"wdio_ui5_key":"sapm.GenericTile{\"header\":\"Billing Transfer\"}"}]}
RESULT: undefined
COMMAND: POST /session/7455601dddc232b6deafc0d190a18b4e/element - {"using":"xpath","value":"//*[@id=\"__tile50\"]"}
RESULT: {"using":"xpath","value":"//*[@id=\"__tile50\"]"}
COMMAND: POST /session/7455601dddc232b6deafc0d190a18b4e/element/f.8E6BFA2ED3A3A2D86F199707E5BEEB8B.d.A3B613D46406E69C93659DE37DBD9FF5.e.18896/click - {}
RESULT: {}
COMMAND: GET /session/7455601dddc232b6deafc0d190a18b4e/screenshot - {}
RESULT: {}
COMMAND: POST /session/7455601dddc232b6deafc0d190a18b4e/elements - {"using":"xpath","value":"//span[text()='Error']"}
RESULT: {"using":"xpath","value":"//span[text()='Error']"}
COMMAND: POST /session/7455601dddc232b6deafc0d190a18b4e/element - {"using":"xpath","value":"//input[contains(@id ,\"application-billingtransfer-display-component---billingWorkbench--smartFilterBar-btnBasicSearch\")]"}
RESULT: {"using":"xpath","value":"//input[contains(@id ,\"application-billingtransfer-display-component---billingWorkbench--smartFilterBar-btnBasicSearch\")]"}
COMMAND: POST /session/7455601dddc232b6deafc0d190a18b4e/elements - {"using":"xpath","value":"//input[contains(@id ,\"application-billingtransfer-display-component---billingWorkbench--smartFilterBar-btnBasicSearch\")]"}
RESULT: {"using":"xpath","value":"//input[contains(@id ,\"application-billingtransfer-display-component---billingWorkbench--smartFilterBar-btnBasicSearch\")]"}
COMMAND: POST /session/7455601dddc232b6deafc0d190a18b4e/execute/sync - {"script":"<script> [8489 bytes]","args":[{"element-6066-11e4-a52e-4f735466cecf":"f.8E6BFA2ED3A3A2D86F199707E5BEEB8B.d.A3B613D46406E69C93659DE37DBD9FF5.e.22652","ELEMENT":"f.8E6BFA2ED3A3A2D86F199707E5BEEB8B.d.A3B613D46406E69C93659DE37DBD9FF5.e.22652"}]}
RESULT: {"script":"<script> [8489 bytes]","args":[{"element-6066-11e4-a52e-4f735466cecf":"f.8E6BFA2ED3A3A2D86F199707E5BEEB8B.d.A3B613D46406E69C93659DE37DBD9FF5.e.22652","ELEMENT":"f.8E6BFA2ED3A3A2D86F199707E5BEEB8B.d.A3B613D46406E69C93659DE37DBD9FF5.e.22652"}]}
COMMAND: GET /session/7455601dddc232b6deafc0d190a18b4e/element/f.8E6BFA2ED3A3A2D86F199707E5BEEB8B.d.A3B613D46406E69C93659DE37DBD9FF5.e.22652/enabled - {}
COMMAND: GET /session/7455601dddc232b6deafc0d190a18b4e/screenshot - {}
RESULT: {}
COMMAND: POST /session/7455601dddc232b6deafc0d190a18b4e/element/f.8E6BFA2ED3A3A2D86F199707E5BEEB8B.d.A3B613D46406E69C93659DE37DBD9FF5.e.22652/click - {}
COMMAND: GET /session/7455601dddc232b6deafc0d190a18b4e/screenshot - {}
RESULT: {}
RESULT: {}
COMMAND: GET /session/7455601dddc232b6deafc0d190a18b4e/screenshot - {}
RESULT: {}
RESULT: {}
COMMAND: POST /session/7455601dddc232b6deafc0d190a18b4e/element/f.8E6BFA2ED3A3A2D86F199707E5BEEB8B.d.A3B613D46406E69C93659DE37DBD9FF5.e.22652/clear - {}
RESULT: {}
COMMAND: POST /session/7455601dddc232b6deafc0d190a18b4e/element/f.8E6BFA2ED3A3A2D86F199707E5BEEB8B.d.A3B613D46406E69C93659DE37DBD9FF5.e.22652/value - {"text":"10327"}
COMMAND: GET /session/7455601dddc232b6deafc0d190a18b4e/screenshot - {}
RESULT: {"text":"10327"}
COMMAND: POST /session/7455601dddc232b6deafc0d190a18b4e/actions - {"actions":[{"id":"action69","type":"key","parameters":{},"actions":[{"type":"keyDown","value":""},{"type":"pause","duration":10},{"type":"keyUp","value":""}]}]}
COMMAND: GET /session/7455601dddc232b6deafc0d190a18b4e/screenshot - {}
RESULT: {}
RESULT: {"actions":[{"id":"action69","type":"key","parameters":{},"actions":[{"type":"keyDown","value":""},{"type":"pause","duration":10},{"type":"keyUp","value":""}]}]}
COMMAND: GET /session/7455601dddc232b6deafc0d190a18b4e/screenshot - {}
RESULT: {}
RESULT: {}
COMMAND: POST /session/7455601dddc232b6deafc0d190a18b4e/element - {"using":"xpath","value":"//span[contains(@id ,\"application-billingtransfer-display-component---billingWorkbench--smartTableBillingRuns-header-inner\")]"}
RESULT: {"using":"xpath","value":"//span[contains(@id ,\"application-billingtransfer-display-component---billingWorkbench--smartTableBillingRuns-header-inner\")]"}
COMMAND: POST /session/7455601dddc232b6deafc0d190a18b4e/elements - {"using":"xpath","value":"//span[contains(@id ,\"application-billingtransfer-display-component---billingWorkbench--smartTableBillingRuns-header-inner\")]"}
RESULT: {"using":"xpath","value":"//span[contains(@id ,\"application-billingtransfer-display-component---billingWorkbench--smartTableBillingRuns-header-inner\")]"}
COMMAND: POST /session/7455601dddc232b6deafc0d190a18b4e/execute/sync - {"script":"<script> [56 bytes]","args":[{"element-6066-11e4-a52e-4f735466cecf":"f.8E6BFA2ED3A3A2D86F199707E5BEEB8B.d.A3B613D46406E69C93659DE37DBD9FF5.e.22775","ELEMENT":"f.8E6BFA2ED3A3A2D86F199707E5BEEB8B.d.A3B613D46406E69C93659DE37DBD9FF5.e.22775"}]}
RESULT: {"script":"<script> [56 bytes]","args":[{"element-6066-11e4-a52e-4f735466cecf":"f.8E6BFA2ED3A3A2D86F199707E5BEEB8B.d.A3B613D46406E69C93659DE37DBD9FF5.e.22775","ELEMENT":"f.8E6BFA2ED3A3A2D86F199707E5BEEB8B.d.A3B613D46406E69C93659DE37DBD9FF5.e.22775"}]}
COMMAND: POST /session/7455601dddc232b6deafc0d190a18b4e/element - {"using":"xpath","value":"//td[@aria-colindex=\"1\"]/div/div[contains(@class, \"sapMCbBg\")]"}
COMMAND: GET /session/7455601dddc232b6deafc0d190a18b4e/screenshot - {}
RESULT: {"using":"xpath","value":"//td[@aria-colindex=\"1\"]/div/div[contains(@class, \"sapMCbBg\")]"}
COMMAND: POST /session/7455601dddc232b6deafc0d190a18b4e/element/f.8E6BFA2ED3A3A2D86F199707E5BEEB8B.d.A3B613D46406E69C93659DE37DBD9FF5.e.22767/click - {}
RESULT: {}
RESULT: {}
COMMAND: GET /session/7455601dddc232b6deafc0d190a18b4e/screenshot - {}
RESULT: {}
COMMAND: POST /session/7455601dddc232b6deafc0d190a18b4e/element - {"using":"xpath","value":"//bdi[contains(text(), \"Reverse\")]"}
RESULT: {"using":"xpath","value":"//bdi[contains(text(), \"Reverse\")]"}
COMMAND: POST /session/7455601dddc232b6deafc0d190a18b4e/element/f.8E6BFA2ED3A3A2D86F199707E5BEEB8B.d.A3B613D46406E69C93659DE37DBD9FF5.e.22776/click - {}
RESULT: {}
COMMAND: GET /session/7455601dddc232b6deafc0d190a18b4e/screenshot - {}
RESULT: {}
COMMAND: POST /session/7455601dddc232b6deafc0d190a18b4e/element - {"using":"xpath","value":"//input[contains(@id ,\"application-billingtransfer-display-component---billingWorkbench--smartFilterBar-btnBasicSearch\")]"}
RESULT: {"using":"xpath","value":"//input[contains(@id ,\"application-billingtransfer-display-component---billingWorkbench--smartFilterBar-btnBasicSearch\")]"}
COMMAND: POST /session/7455601dddc232b6deafc0d190a18b4e/elements - {"using":"xpath","value":"//input[contains(@id ,\"application-billingtransfer-display-component---billingWorkbench--smartFilterBar-btnBasicSearch\")]"}
RESULT: {"using":"xpath","value":"//input[contains(@id ,\"application-billingtransfer-display-component---billingWorkbench--smartFilterBar-btnBasicSearch\")]"}
COMMAND: POST /session/7455601dddc232b6deafc0d190a18b4e/execute/sync - {"script":"<script> [8489 bytes]","args":[{"element-6066-11e4-a52e-4f735466cecf":"f.8E6BFA2ED3A3A2D86F199707E5BEEB8B.d.A3B613D46406E69C93659DE37DBD9FF5.e.22652","ELEMENT":"f.8E6BFA2ED3A3A2D86F199707E5BEEB8B.d.A3B613D46406E69C93659DE37DBD9FF5.e.22652"}]}
RESULT: {"script":"<script> [8489 bytes]","args":[{"element-6066-11e4-a52e-4f735466cecf":"f.8E6BFA2ED3A3A2D86F199707E5BEEB8B.d.A3B613D46406E69C93659DE37DBD9FF5.e.22652","ELEMENT":"f.8E6BFA2ED3A3A2D86F199707E5BEEB8B.d.A3B613D46406E69C93659DE37DBD9FF5.e.22652"}]}
COMMAND: GET /session/7455601dddc232b6deafc0d190a18b4e/element/f.8E6BFA2ED3A3A2D86F199707E5BEEB8B.d.A3B613D46406E69C93659DE37DBD9FF5.e.22652/enabled - {}
COMMAND: GET /session/7455601dddc232b6deafc0d190a18b4e/screenshot - {}
RESULT: {}
COMMAND: POST /session/7455601dddc232b6deafc0d190a18b4e/element/f.8E6BFA2ED3A3A2D86F199707E5BEEB8B.d.A3B613D46406E69C93659DE37DBD9FF5.e.22652/click - {}
COMMAND: GET /session/7455601dddc232b6deafc0d190a18b4e/screenshot - {}
RESULT: {}
RESULT: {}
COMMAND: GET /session/7455601dddc232b6deafc0d190a18b4e/screenshot - {}
RESULT: {}
RESULT: {}
COMMAND: POST /session/7455601dddc232b6deafc0d190a18b4e/element/f.8E6BFA2ED3A3A2D86F199707E5BEEB8B.d.A3B613D46406E69C93659DE37DBD9FF5.e.22652/clear - {}
RESULT: {}
COMMAND: POST /session/7455601dddc232b6deafc0d190a18b4e/element/f.8E6BFA2ED3A3A2D86F199707E5BEEB8B.d.A3B613D46406E69C93659DE37DBD9FF5.e.22652/value - {"text":"10327"}
COMMAND: GET /session/7455601dddc232b6deafc0d190a18b4e/screenshot - {}
RESULT: {"text":"10327"}
COMMAND: POST /session/7455601dddc232b6deafc0d190a18b4e/actions - {"actions":[{"id":"action70","type":"key","parameters":{},"actions":[{"type":"keyDown","value":""},{"type":"pause","duration":10},{"type":"keyUp","value":""}]}]}
COMMAND: GET /session/7455601dddc232b6deafc0d190a18b4e/screenshot - {}
RESULT: {}
RESULT: {"actions":[{"id":"action70","type":"key","parameters":{},"actions":[{"type":"keyDown","value":""},{"type":"pause","duration":10},{"type":"keyUp","value":""}]}]}
COMMAND: GET /session/7455601dddc232b6deafc0d190a18b4e/screenshot - {}
RESULT: {}
RESULT: {}
COMMAND: POST /session/7455601dddc232b6deafc0d190a18b4e/element - {"using":"xpath","value":"//span[contains(@id ,\"application-billingtransfer-display-component---billingWorkbench--smartTableBillingRuns-header-inner\")]"}
RESULT: {"using":"xpath","value":"//span[contains(@id ,\"application-billingtransfer-display-component---billingWorkbench--smartTableBillingRuns-header-inner\")]"}
COMMAND: POST /session/7455601dddc232b6deafc0d190a18b4e/elements - {"using":"xpath","value":"//span[contains(@id ,\"application-billingtransfer-display-component---billingWorkbench--smartTableBillingRuns-header-inner\")]"}
RESULT: {"using":"xpath","value":"//span[contains(@id ,\"application-billingtransfer-display-component---billingWorkbench--smartTableBillingRuns-header-inner\")]"}
COMMAND: POST /session/7455601dddc232b6deafc0d190a18b4e/execute/sync - {"script":"<script> [56 bytes]","args":[{"element-6066-11e4-a52e-4f735466cecf":"f.8E6BFA2ED3A3A2D86F199707E5BEEB8B.d.A3B613D46406E69C93659DE37DBD9FF5.e.22775","ELEMENT":"f.8E6BFA2ED3A3A2D86F199707E5BEEB8B.d.A3B613D46406E69C93659DE37DBD9FF5.e.22775"}]}
RESULT: {"script":"<script> [56 bytes]","args":[{"element-6066-11e4-a52e-4f735466cecf":"f.8E6BFA2ED3A3A2D86F199707E5BEEB8B.d.A3B613D46406E69C93659DE37DBD9FF5.e.22775","ELEMENT":"f.8E6BFA2ED3A3A2D86F199707E5BEEB8B.d.A3B613D46406E69C93659DE37DBD9FF5.e.22775"}]}
COMMAND: POST /session/7455601dddc232b6deafc0d190a18b4e/element - {"using":"css selector","value":"#shell-header-logo"}
COMMAND: GET /session/7455601dddc232b6deafc0d190a18b4e/screenshot - {}
RESULT: {"using":"css selector","value":"#shell-header-logo"}
COMMAND: POST /session/7455601dddc232b6deafc0d190a18b4e/element/f.8E6BFA2ED3A3A2D86F199707E5BEEB8B.d.A3B613D46406E69C93659DE37DBD9FF5.e.22657/click - {}
RESULT: {}
RESULT: {}
COMMAND: GET /session/7455601dddc232b6deafc0d190a18b4e/screenshot - {}
RESULT: {}
COMMAND: DELETE /session/7455601dddc232b6deafc0d190a18b4e - {}
RESULT: {}
]]></system-out>
    </testcase>
  </testsuite>
</testsuites>