<?xml version="1.0" encoding="UTF-8"?>
<testsuites tests="48" failures="12" errors="12" skipped="0">
  <testsuite timestamp="2025-05-19T17:18:26" time="783.802" tests="12" failures="12" errors="12" skipped="0">
    <properties>
      <property name="specId" value="0" />
      <property name="suiteName" value="Billing Transfer - Master data &amp; Intercompany US127250" />
      <property name="capabilities" value="chrome.136_0_7103_93.windows" />
      <property name="file" value="file:///D:/a/1/s/test/specs/BTS/billing-transfer-intercompany.spec.js" />
    </properties>
  </testsuite>
  <testsuite timestamp="2025-05-19T17:31:30" time="1170.946" tests="12" failures="0" errors="0" skipped="0">
    <properties>
      <property name="specId" value="0" />
      <property name="suiteName" value="Billing Transfer - Intracompany US127249" />
      <property name="capabilities" value="chrome.136_0_7103_93.windows" />
      <property name="file" value="file:///D:/a/1/s/test/specs/BTS/billing-transfer-intracompany.spec.js" />
    </properties>
    <testcase classname="chrome.136_0_7103_93.windows.Billing_Transfer_-_Intracompany_US127249" name="Should create a new yard" time="116.635">
      <system-out><![CDATA[
COMMAND: POST /session/ff12bb945472b7ca0752b083f0a6a649/window/fullscreen - {}
RESULT: {}
COMMAND: POST /session/ff12bb945472b7ca0752b083f0a6a649/execute/async - {"script":"<script> [1562 bytes]","args":[{"selector":{"controlType":"sap.m.GenericTile","properties":{"header":"Manage Yards"}},"wdio_ui5_key":"sapm.GenericTile{\"header\":\"Manage Yards\"}"}]}
RESULT: {"script":"<script> [1562 bytes]","args":[{"selector":{"controlType":"sap.m.GenericTile","properties":{"header":"Manage Yards"}},"wdio_ui5_key":"sapm.GenericTile{\"header\":\"Manage Yards\"}"}]}
RESULT: undefined
COMMAND: POST /session/ff12bb945472b7ca0752b083f0a6a649/element - {"using":"xpath","value":"//*[@id=\"__tile41\"]"}
RESULT: {"using":"xpath","value":"//*[@id=\"__tile41\"]"}
COMMAND: POST /session/ff12bb945472b7ca0752b083f0a6a649/element/f.83A52D51DE7EE447A745C47B9BBA803D.d.B5B386D87B45DE052A89103D3A82C304.e.941/click - {}
RESULT: {}
COMMAND: GET /session/ff12bb945472b7ca0752b083f0a6a649/screenshot - {}
RESULT: {}
COMMAND: POST /session/ff12bb945472b7ca0752b083f0a6a649/elements - {"using":"xpath","value":"//span[text()='Error']"}
RESULT: {"using":"xpath","value":"//span[text()='Error']"}
COMMAND: POST /session/ff12bb945472b7ca0752b083f0a6a649/element - {"using":"xpath","value":"//button[@data-kt=\"addNewYardOverflowToolbarButton\"]"}
RESULT: {"using":"xpath","value":"//button[@data-kt=\"addNewYardOverflowToolbarButton\"]"}
COMMAND: POST /session/ff12bb945472b7ca0752b083f0a6a649/elements - {"using":"xpath","value":"//button[@data-kt=\"addNewYardOverflowToolbarButton\"]"}
RESULT: {"using":"xpath","value":"//button[@data-kt=\"addNewYardOverflowToolbarButton\"]"}
COMMAND: POST /session/ff12bb945472b7ca0752b083f0a6a649/elements - {"using":"xpath","value":"//button[@data-kt=\"addNewYardOverflowToolbarButton\"]"}
RESULT: {"using":"xpath","value":"//button[@data-kt=\"addNewYardOverflowToolbarButton\"]"}
COMMAND: POST /session/ff12bb945472b7ca0752b083f0a6a649/elements - {"using":"xpath","value":"//button[@data-kt=\"addNewYardOverflowToolbarButton\"]"}
RESULT: {"using":"xpath","value":"//button[@data-kt=\"addNewYardOverflowToolbarButton\"]"}
COMMAND: POST /session/ff12bb945472b7ca0752b083f0a6a649/elements - {"using":"xpath","value":"//button[@data-kt=\"addNewYardOverflowToolbarButton\"]"}
RESULT: {"using":"xpath","value":"//button[@data-kt=\"addNewYardOverflowToolbarButton\"]"}
COMMAND: POST /session/ff12bb945472b7ca0752b083f0a6a649/element - {"using":"xpath","value":"//button[@data-kt=\"addNewYardOverflowToolbarButton\"]"}
RESULT: {"using":"xpath","value":"//button[@data-kt=\"addNewYardOverflowToolbarButton\"]"}
COMMAND: POST /session/ff12bb945472b7ca0752b083f0a6a649/execute/sync - {"script":"<script> [8489 bytes]","args":[{"element-6066-11e4-a52e-4f735466cecf":"f.83A52D51DE7EE447A745C47B9BBA803D.d.B5B386D87B45DE052A89103D3A82C304.e.1070","ELEMENT":"f.83A52D51DE7EE447A745C47B9BBA803D.d.B5B386D87B45DE052A89103D3A82C304.e.1070"}]}
RESULT: {"script":"<script> [8489 bytes]","args":[{"element-6066-11e4-a52e-4f735466cecf":"f.83A52D51DE7EE447A745C47B9BBA803D.d.B5B386D87B45DE052A89103D3A82C304.e.1070","ELEMENT":"f.83A52D51DE7EE447A745C47B9BBA803D.d.B5B386D87B45DE052A89103D3A82C304.e.1070"}]}
COMMAND: GET /session/ff12bb945472b7ca0752b083f0a6a649/element/f.83A52D51DE7EE447A745C47B9BBA803D.d.B5B386D87B45DE052A89103D3A82C304.e.1070/enabled - {}
COMMAND: GET /session/ff12bb945472b7ca0752b083f0a6a649/screenshot - {}
RESULT: {}
COMMAND: POST /session/ff12bb945472b7ca0752b083f0a6a649/execute/sync - {"script":"<script> [8489 bytes]","args":[{"element-6066-11e4-a52e-4f735466cecf":"f.83A52D51DE7EE447A745C47B9BBA803D.d.B5B386D87B45DE052A89103D3A82C304.e.1070","ELEMENT":"f.83A52D51DE7EE447A745C47B9BBA803D.d.B5B386D87B45DE052A89103D3A82C304.e.1070"}]}
COMMAND: GET /session/ff12bb945472b7ca0752b083f0a6a649/screenshot - {}
RESULT: {}
RESULT: {"script":"<script> [8489 bytes]","args":[{"element-6066-11e4-a52e-4f735466cecf":"f.83A52D51DE7EE447A745C47B9BBA803D.d.B5B386D87B45DE052A89103D3A82C304.e.1070","ELEMENT":"f.83A52D51DE7EE447A745C47B9BBA803D.d.B5B386D87B45DE052A89103D3A82C304.e.1070"}]}
COMMAND: POST /session/ff12bb945472b7ca0752b083f0a6a649/execute/sync - {"script":"<script> [5351 bytes]","args":[{"element-6066-11e4-a52e-4f735466cecf":"f.83A52D51DE7EE447A745C47B9BBA803D.d.B5B386D87B45DE052A89103D3A82C304.e.1070","ELEMENT":"f.83A52D51DE7EE447A745C47B9BBA803D.d.B5B386D87B45DE052A89103D3A82C304.e.1070"}]}
COMMAND: GET /session/ff12bb945472b7ca0752b083f0a6a649/screenshot - {}
RESULT: {}
RESULT: {"script":"<script> [5351 bytes]","args":[{"element-6066-11e4-a52e-4f735466cecf":"f.83A52D51DE7EE447A745C47B9BBA803D.d.B5B386D87B45DE052A89103D3A82C304.e.1070","ELEMENT":"f.83A52D51DE7EE447A745C47B9BBA803D.d.B5B386D87B45DE052A89103D3A82C304.e.1070"}]}
COMMAND: POST /session/ff12bb945472b7ca0752b083f0a6a649/element/f.83A52D51DE7EE447A745C47B9BBA803D.d.B5B386D87B45DE052A89103D3A82C304.e.1070/click - {}
COMMAND: GET /session/ff12bb945472b7ca0752b083f0a6a649/screenshot - {}
RESULT: {}
RESULT: {}
COMMAND: GET /session/ff12bb945472b7ca0752b083f0a6a649/screenshot - {}
RESULT: {}
RESULT: {}
COMMAND: POST /session/ff12bb945472b7ca0752b083f0a6a649/element - {"using":"xpath","value":"//input[@id=\"application-manageyards-display-component---NewYard--yardId-inner\"]"}
RESULT: {"using":"xpath","value":"//input[@id=\"application-manageyards-display-component---NewYard--yardId-inner\"]"}
COMMAND: POST /session/ff12bb945472b7ca0752b083f0a6a649/element - {"using":"xpath","value":"//input[@id=\"application-manageyards-display-component---NewYard--yardId-inner\"]"}
RESULT: {"using":"xpath","value":"//input[@id=\"application-manageyards-display-component---NewYard--yardId-inner\"]"}
COMMAND: POST /session/ff12bb945472b7ca0752b083f0a6a649/execute/async - {"script":"<script> [1562 bytes]","args":[{"selector":{"id":"application-manageyards-display-component---NewYard--addressDetailDetailsName1","interaction":{"idSuffix":"inner"}},"wdio_ui5_key":"applicationmanageyards-display-component---NewYard--addressDetailDetailsName1"}]}
RESULT: {"script":"<script> [1562 bytes]","args":[{"selector":{"id":"application-manageyards-display-component---NewYard--addressDetailDetailsName1","interaction":{"idSuffix":"inner"}},"wdio_ui5_key":"applicationmanageyards-display-component---NewYard--addressDetailDetailsName1"}]}
RESULT: undefined
COMMAND: POST /session/ff12bb945472b7ca0752b083f0a6a649/execute/async - {"script":"<script> [776 bytes]","args":[{"enterText":"Intracompany Yard wdIO","selector":{"id":"application-manageyards-display-component---NewYard--addressDetailDetailsName1","interaction":{"idSuffix":"inner"}},"clearTextFirst":true,"interactionType":"ENTER_TEXT"}]}
RESULT: {"script":"<script> [776 bytes]","args":[{"enterText":"Intracompany Yard wdIO","selector":{"id":"application-manageyards-display-component---NewYard--addressDetailDetailsName1","interaction":{"idSuffix":"inner"}},"clearTextFirst":true,"interactionType":"ENTER_TEXT"}]}
COMMAND: POST /session/ff12bb945472b7ca0752b083f0a6a649/execute/async - {"script":"<script> [1562 bytes]","args":[{"selector":{"id":"application-manageyards-display-component---NewYard--addressDetailDetailsLanguage-arrow"},"wdio_ui5_key":"applicationmanageyards-display-component---NewYard--addressDetailDetailsLanguage-arrow"}]}
RESULT: {"script":"<script> [1562 bytes]","args":[{"selector":{"id":"application-manageyards-display-component---NewYard--addressDetailDetailsLanguage-arrow"},"wdio_ui5_key":"applicationmanageyards-display-component---NewYard--addressDetailDetailsLanguage-arrow"}]}
RESULT: undefined
COMMAND: POST /session/ff12bb945472b7ca0752b083f0a6a649/element - {"using":"xpath","value":"//*[@id=\"application-manageyards-display-component---NewYard--addressDetailDetailsLanguage-arrow\"]"}
RESULT: {"using":"xpath","value":"//*[@id=\"application-manageyards-display-component---NewYard--addressDetailDetailsLanguage-arrow\"]"}
COMMAND: POST /session/ff12bb945472b7ca0752b083f0a6a649/element/f.83A52D51DE7EE447A745C47B9BBA803D.d.B5B386D87B45DE052A89103D3A82C304.e.1506/click - {}
RESULT: {}
COMMAND: POST /session/ff12bb945472b7ca0752b083f0a6a649/element - {"using":"xpath","value":"//span[contains(text(), \"English\")]"}
COMMAND: GET /session/ff12bb945472b7ca0752b083f0a6a649/screenshot - {}
RESULT: {"using":"xpath","value":"//span[contains(text(), \"English\")]"}
COMMAND: POST /session/ff12bb945472b7ca0752b083f0a6a649/element/f.83A52D51DE7EE447A745C47B9BBA803D.d.B5B386D87B45DE052A89103D3A82C304.e.1507/click - {}
RESULT: {}
RESULT: {}
COMMAND: POST /session/ff12bb945472b7ca0752b083f0a6a649/execute/async - {"script":"<script> [1562 bytes]","args":[{"selector":{"id":"application-manageyards-display-component---NewYard--addressDetailDetailsCity1","interaction":{"idSuffix":"inner"}},"wdio_ui5_key":"applicationmanageyards-display-component---NewYard--addressDetailDetailsCity1"}]}
COMMAND: GET /session/ff12bb945472b7ca0752b083f0a6a649/screenshot - {}
RESULT: {"script":"<script> [1562 bytes]","args":[{"selector":{"id":"application-manageyards-display-component---NewYard--addressDetailDetailsCity1","interaction":{"idSuffix":"inner"}},"wdio_ui5_key":"applicationmanageyards-display-component---NewYard--addressDetailDetailsCity1"}]}
RESULT: undefined
COMMAND: POST /session/ff12bb945472b7ca0752b083f0a6a649/execute/async - {"script":"<script> [776 bytes]","args":[{"enterText":"Rosario","selector":{"id":"application-manageyards-display-component---NewYard--addressDetailDetailsCity1","interaction":{"idSuffix":"inner"}},"clearTextFirst":true,"interactionType":"ENTER_TEXT"}]}
RESULT: {}
RESULT: {"script":"<script> [776 bytes]","args":[{"enterText":"Rosario","selector":{"id":"application-manageyards-display-component---NewYard--addressDetailDetailsCity1","interaction":{"idSuffix":"inner"}},"clearTextFirst":true,"interactionType":"ENTER_TEXT"}]}
COMMAND: POST /session/ff12bb945472b7ca0752b083f0a6a649/execute/async - {"script":"<script> [1562 bytes]","args":[{"selector":{"id":"application-manageyards-display-component---NewYard--addressDetailDetailsCountry-arrow"},"wdio_ui5_key":"applicationmanageyards-display-component---NewYard--addressDetailDetailsCountry-arrow"}]}
RESULT: {"script":"<script> [1562 bytes]","args":[{"selector":{"id":"application-manageyards-display-component---NewYard--addressDetailDetailsCountry-arrow"},"wdio_ui5_key":"applicationmanageyards-display-component---NewYard--addressDetailDetailsCountry-arrow"}]}
RESULT: undefined
COMMAND: POST /session/ff12bb945472b7ca0752b083f0a6a649/element - {"using":"xpath","value":"//*[@id=\"application-manageyards-display-component---NewYard--addressDetailDetailsCountry-arrow\"]"}
RESULT: {"using":"xpath","value":"//*[@id=\"application-manageyards-display-component---NewYard--addressDetailDetailsCountry-arrow\"]"}
COMMAND: POST /session/ff12bb945472b7ca0752b083f0a6a649/element/f.83A52D51DE7EE447A745C47B9BBA803D.d.B5B386D87B45DE052A89103D3A82C304.e.1509/click - {}
RESULT: {}
COMMAND: POST /session/ff12bb945472b7ca0752b083f0a6a649/element - {"using":"xpath","value":"//span[contains(text(), \"Argentina\")]"}
COMMAND: GET /session/ff12bb945472b7ca0752b083f0a6a649/screenshot - {}
RESULT: {"using":"xpath","value":"//span[contains(text(), \"Argentina\")]"}
COMMAND: POST /session/ff12bb945472b7ca0752b083f0a6a649/element/f.83A52D51DE7EE447A745C47B9BBA803D.d.B5B386D87B45DE052A89103D3A82C304.e.1510/click - {}
RESULT: {}
RESULT: {}
COMMAND: POST /session/ff12bb945472b7ca0752b083f0a6a649/execute/async - {"script":"<script> [1562 bytes]","args":[{"selector":{"id":"application-manageyards-display-component---NewYard--addressEditDetailsCostObjectCstType-arrow"},"wdio_ui5_key":"applicationmanageyards-display-component---NewYard--addressEditDetailsCostObjectCstType-arrow"}]}
COMMAND: GET /session/ff12bb945472b7ca0752b083f0a6a649/screenshot - {}
RESULT: {"script":"<script> [1562 bytes]","args":[{"selector":{"id":"application-manageyards-display-component---NewYard--addressEditDetailsCostObjectCstType-arrow"},"wdio_ui5_key":"applicationmanageyards-display-component---NewYard--addressEditDetailsCostObjectCstType-arrow"}]}
RESULT: undefined
COMMAND: POST /session/ff12bb945472b7ca0752b083f0a6a649/element - {"using":"xpath","value":"//*[@id=\"application-manageyards-display-component---NewYard--addressEditDetailsCostObjectCstType-arrow\"]"}
RESULT: {}
RESULT: {"using":"xpath","value":"//*[@id=\"application-manageyards-display-component---NewYard--addressEditDetailsCostObjectCstType-arrow\"]"}
COMMAND: POST /session/ff12bb945472b7ca0752b083f0a6a649/element/f.83A52D51DE7EE447A745C47B9BBA803D.d.B5B386D87B45DE052A89103D3A82C304.e.1512/click - {}
RESULT: {}
COMMAND: POST /session/ff12bb945472b7ca0752b083f0a6a649/element - {"using":"xpath","value":"//span[contains(text(), \"Cost Center\")]"}
COMMAND: GET /session/ff12bb945472b7ca0752b083f0a6a649/screenshot - {}
RESULT: {"using":"xpath","value":"//span[contains(text(), \"Cost Center\")]"}
COMMAND: POST /session/ff12bb945472b7ca0752b083f0a6a649/element/f.83A52D51DE7EE447A745C47B9BBA803D.d.B5B386D87B45DE052A89103D3A82C304.e.1513/click - {}
RESULT: {}
RESULT: {}
COMMAND: GET /session/ff12bb945472b7ca0752b083f0a6a649/screenshot - {}
RESULT: {}
COMMAND: POST /session/ff12bb945472b7ca0752b083f0a6a649/element - {"using":"xpath","value":"//span[@id=\"application-manageyards-display-component---NewYard--addressNewCostObjectCstID-vhi\"]"}
RESULT: {"using":"xpath","value":"//span[@id=\"application-manageyards-display-component---NewYard--addressNewCostObjectCstID-vhi\"]"}
COMMAND: POST /session/ff12bb945472b7ca0752b083f0a6a649/execute/sync - {"script":"<script> [8489 bytes]","args":[{"element-6066-11e4-a52e-4f735466cecf":"f.83A52D51DE7EE447A745C47B9BBA803D.d.B5B386D87B45DE052A89103D3A82C304.e.1517","ELEMENT":"f.83A52D51DE7EE447A745C47B9BBA803D.d.B5B386D87B45DE052A89103D3A82C304.e.1517"}]}
RESULT: {"script":"<script> [8489 bytes]","args":[{"element-6066-11e4-a52e-4f735466cecf":"f.83A52D51DE7EE447A745C47B9BBA803D.d.B5B386D87B45DE052A89103D3A82C304.e.1517","ELEMENT":"f.83A52D51DE7EE447A745C47B9BBA803D.d.B5B386D87B45DE052A89103D3A82C304.e.1517"}]}
COMMAND: POST /session/ff12bb945472b7ca0752b083f0a6a649/execute/async - {"script":"<script> [1562 bytes]","args":[{"selector":{"id":"application-manageyards-display-component---NewYard--addressNewCostObjectCstID-vhi"},"wdio_ui5_key":"applicationmanageyards-display-component---NewYard--addressNewCostObjectCstID-vhi"}]}
COMMAND: GET /session/ff12bb945472b7ca0752b083f0a6a649/screenshot - {}
RESULT: {"script":"<script> [1562 bytes]","args":[{"selector":{"id":"application-manageyards-display-component---NewYard--addressNewCostObjectCstID-vhi"},"wdio_ui5_key":"applicationmanageyards-display-component---NewYard--addressNewCostObjectCstID-vhi"}]}
RESULT: undefined
COMMAND: POST /session/ff12bb945472b7ca0752b083f0a6a649/element - {"using":"xpath","value":"//*[@id=\"application-manageyards-display-component---NewYard--addressNewCostObjectCstID-vhi\"]"}
RESULT: {}
RESULT: {"using":"xpath","value":"//*[@id=\"application-manageyards-display-component---NewYard--addressNewCostObjectCstID-vhi\"]"}
COMMAND: POST /session/ff12bb945472b7ca0752b083f0a6a649/element/f.83A52D51DE7EE447A745C47B9BBA803D.d.B5B386D87B45DE052A89103D3A82C304.e.1517/click - {}
RESULT: {}
COMMAND: GET /session/ff12bb945472b7ca0752b083f0a6a649/screenshot - {}
RESULT: {}
COMMAND: POST /session/ff12bb945472b7ca0752b083f0a6a649/execute/async - {"script":"<script> [1562 bytes]","args":[{"selector":{"controlType":"sap.m.SearchField","properties":{"placeholder":"Search"},"searchOpenDialogs":true,"interaction":{"idSuffix":"I"}},"wdio_ui5_key":"sapm.SearchField{\"placeholder\":\"Search\"}"}]}
RESULT: {"script":"<script> [1562 bytes]","args":[{"selector":{"controlType":"sap.m.SearchField","properties":{"placeholder":"Search"},"searchOpenDialogs":true,"interaction":{"idSuffix":"I"}},"wdio_ui5_key":"sapm.SearchField{\"placeholder\":\"Search\"}"}]}
RESULT: undefined
COMMAND: POST /session/ff12bb945472b7ca0752b083f0a6a649/execute/async - {"script":"<script> [776 bytes]","args":[{"enterText":"bauh_b","selector":{"controlType":"sap.m.SearchField","properties":{"placeholder":"Search"},"searchOpenDialogs":true,"interaction":{"idSuffix":"I"}},"clearTextFirst":true,"interactionType":"ENTER_TEXT"}]}
RESULT: {"script":"<script> [776 bytes]","args":[{"enterText":"bauh_b","selector":{"controlType":"sap.m.SearchField","properties":{"placeholder":"Search"},"searchOpenDialogs":true,"interaction":{"idSuffix":"I"}},"clearTextFirst":true,"interactionType":"ENTER_TEXT"}]}
COMMAND: POST /session/ff12bb945472b7ca0752b083f0a6a649/actions - {"actions":[{"id":"action3","type":"key","parameters":{},"actions":[{"type":"keyDown","value":"î€‡"},{"type":"pause","duration":10},{"type":"keyUp","value":"î€‡"}]}]}
RESULT: {"actions":[{"id":"action3","type":"key","parameters":{},"actions":[{"type":"keyDown","value":"î€‡"},{"type":"pause","duration":10},{"type":"keyUp","value":"î€‡"}]}]}
COMMAND: GET /session/ff12bb945472b7ca0752b083f0a6a649/screenshot - {}
RESULT: {}
COMMAND: POST /session/ff12bb945472b7ca0752b083f0a6a649/element - {"using":"xpath","value":"//span[contains(text(), \"Demo Yard\")]"}
RESULT: {"using":"xpath","value":"//span[contains(text(), \"Demo Yard\")]"}
COMMAND: POST /session/ff12bb945472b7ca0752b083f0a6a649/element/f.83A52D51DE7EE447A745C47B9BBA803D.d.B5B386D87B45DE052A89103D3A82C304.e.1557/click - {}
RESULT: {}
COMMAND: GET /session/ff12bb945472b7ca0752b083f0a6a649/screenshot - {}
RESULT: {}
COMMAND: POST /session/ff12bb945472b7ca0752b083f0a6a649/element - {"using":"xpath","value":"//bdi[contains(text(), \"OK\")]"}
RESULT: {"using":"xpath","value":"//bdi[contains(text(), \"OK\")]"}
COMMAND: POST /session/ff12bb945472b7ca0752b083f0a6a649/element/f.83A52D51DE7EE447A745C47B9BBA803D.d.B5B386D87B45DE052A89103D3A82C304.e.1558/click - {}
RESULT: {}
COMMAND: GET /session/ff12bb945472b7ca0752b083f0a6a649/screenshot - {}
RESULT: {}
COMMAND: POST /session/ff12bb945472b7ca0752b083f0a6a649/execute/async - {"script":"<script> [1562 bytes]","args":[{"selector":{"id":"application-manageyards-display-component---NewYard--addressEditDetailsCurrency-arrow"},"wdio_ui5_key":"applicationmanageyards-display-component---NewYard--addressEditDetailsCurrency-arrow"}]}
RESULT: {"script":"<script> [1562 bytes]","args":[{"selector":{"id":"application-manageyards-display-component---NewYard--addressEditDetailsCurrency-arrow"},"wdio_ui5_key":"applicationmanageyards-display-component---NewYard--addressEditDetailsCurrency-arrow"}]}
RESULT: undefined
COMMAND: POST /session/ff12bb945472b7ca0752b083f0a6a649/element - {"using":"xpath","value":"//*[@id=\"application-manageyards-display-component---NewYard--addressEditDetailsCurrency-arrow\"]"}
RESULT: {"using":"xpath","value":"//*[@id=\"application-manageyards-display-component---NewYard--addressEditDetailsCurrency-arrow\"]"}
COMMAND: POST /session/ff12bb945472b7ca0752b083f0a6a649/element/f.83A52D51DE7EE447A745C47B9BBA803D.d.B5B386D87B45DE052A89103D3A82C304.e.1561/click - {}
RESULT: {}
COMMAND: POST /session/ff12bb945472b7ca0752b083f0a6a649/element - {"using":"xpath","value":"//span[contains(text(), \"Euro\")]"}
COMMAND: GET /session/ff12bb945472b7ca0752b083f0a6a649/screenshot - {}
RESULT: {"using":"xpath","value":"//span[contains(text(), \"Euro\")]"}
COMMAND: POST /session/ff12bb945472b7ca0752b083f0a6a649/element/f.83A52D51DE7EE447A745C47B9BBA803D.d.B5B386D87B45DE052A89103D3A82C304.e.1562/click - {}
RESULT: {}
RESULT: {}
COMMAND: POST /session/ff12bb945472b7ca0752b083f0a6a649/execute/async - {"script":"<script> [1562 bytes]","args":[{"selector":{"controlType":"sap.m.Input","viewName":"etm.portal.ui.manageyards.view.New","viewId":"application-manageyards-display-component---NewYard","bindingPath":{"path":"","propertyPath":"/CONTROLLING_AREA","modelName":"NewYardModel"},"interaction":{"idSuffix":"inner"}},"wdio_ui5_key":"etmportal.ui.manageyards.view.Newsap.m.Input{\"path\":\"\",\"propertyPath\":\"/CONTROLLING_AREA\",\"modelName\":\"NewYardModel\"}"}]}
COMMAND: GET /session/ff12bb945472b7ca0752b083f0a6a649/screenshot - {}
RESULT: {"script":"<script> [1562 bytes]","args":[{"selector":{"controlType":"sap.m.Input","viewName":"etm.portal.ui.manageyards.view.New","viewId":"application-manageyards-display-component---NewYard","bindingPath":{"path":"","propertyPath":"/CONTROLLING_AREA","modelName":"NewYardModel"},"interaction":{"idSuffix":"inner"}},"wdio_ui5_key":"etmportal.ui.manageyards.view.Newsap.m.Input{\"path\":\"\",\"propertyPath\":\"/CONTROLLING_AREA\",\"modelName\":\"NewYardModel\"}"}]}
RESULT: undefined
COMMAND: POST /session/ff12bb945472b7ca0752b083f0a6a649/execute/async - {"script":"<script> [776 bytes]","args":[{"enterText":"Z001","selector":{"controlType":"sap.m.Input","viewName":"etm.portal.ui.manageyards.view.New","viewId":"application-manageyards-display-component---NewYard","bindingPath":{"path":"","propertyPath":"/CONTROLLING_AREA","modelName":"NewYardModel"},"interaction":{"idSuffix":"inner"}},"clearTextFirst":true,"interactionType":"ENTER_TEXT"}]}
RESULT: {}
RESULT: {"script":"<script> [776 bytes]","args":[{"enterText":"Z001","selector":{"controlType":"sap.m.Input","viewName":"etm.portal.ui.manageyards.view.New","viewId":"application-manageyards-display-component---NewYard","bindingPath":{"path":"","propertyPath":"/CONTROLLING_AREA","modelName":"NewYardModel"},"interaction":{"idSuffix":"inner"}},"clearTextFirst":true,"interactionType":"ENTER_TEXT"}]}
COMMAND: POST /session/ff12bb945472b7ca0752b083f0a6a649/execute/async - {"script":"<script> [1562 bytes]","args":[{"selector":{"id":"application-manageyards-display-component---NewYard--companyCodeComboBox","interaction":{"idSuffix":"inner"}},"wdio_ui5_key":"applicationmanageyards-display-component---NewYard--companyCodeComboBox"}]}
RESULT: {"script":"<script> [1562 bytes]","args":[{"selector":{"id":"application-manageyards-display-component---NewYard--companyCodeComboBox","interaction":{"idSuffix":"inner"}},"wdio_ui5_key":"applicationmanageyards-display-component---NewYard--companyCodeComboBox"}]}
RESULT: undefined
COMMAND: POST /session/ff12bb945472b7ca0752b083f0a6a649/execute/async - {"script":"<script> [776 bytes]","args":[{"enterText":"1000","selector":{"id":"application-manageyards-display-component---NewYard--companyCodeComboBox","interaction":{"idSuffix":"inner"}},"clearTextFirst":true,"interactionType":"ENTER_TEXT"}]}
RESULT: {"script":"<script> [776 bytes]","args":[{"enterText":"1000","selector":{"id":"application-manageyards-display-component---NewYard--companyCodeComboBox","interaction":{"idSuffix":"inner"}},"clearTextFirst":true,"interactionType":"ENTER_TEXT"}]}
COMMAND: POST /session/ff12bb945472b7ca0752b083f0a6a649/execute/async - {"script":"<script> [1562 bytes]","args":[{"selector":{"controlType":"sap.m.Input","viewName":"etm.portal.ui.manageyards.view.New","viewId":"application-manageyards-display-component---NewYard","bindingPath":{"path":"","propertyPath":"/PLANT","modelName":"NewYardModel"},"interaction":{"idSuffix":"inner"}},"wdio_ui5_key":"etmportal.ui.manageyards.view.Newsap.m.Input{\"path\":\"\",\"propertyPath\":\"/PLANT\",\"modelName\":\"NewYardModel\"}"}]}
RESULT: {"script":"<script> [1562 bytes]","args":[{"selector":{"controlType":"sap.m.Input","viewName":"etm.portal.ui.manageyards.view.New","viewId":"application-manageyards-display-component---NewYard","bindingPath":{"path":"","propertyPath":"/PLANT","modelName":"NewYardModel"},"interaction":{"idSuffix":"inner"}},"wdio_ui5_key":"etmportal.ui.manageyards.view.Newsap.m.Input{\"path\":\"\",\"propertyPath\":\"/PLANT\",\"modelName\":\"NewYardModel\"}"}]}
RESULT: undefined
COMMAND: POST /session/ff12bb945472b7ca0752b083f0a6a649/execute/async - {"script":"<script> [776 bytes]","args":[{"enterText":"1001","selector":{"controlType":"sap.m.Input","viewName":"etm.portal.ui.manageyards.view.New","viewId":"application-manageyards-display-component---NewYard","bindingPath":{"path":"","propertyPath":"/PLANT","modelName":"NewYardModel"},"interaction":{"idSuffix":"inner"}},"clearTextFirst":true,"interactionType":"ENTER_TEXT"}]}
RESULT: {"script":"<script> [776 bytes]","args":[{"enterText":"1001","selector":{"controlType":"sap.m.Input","viewName":"etm.portal.ui.manageyards.view.New","viewId":"application-manageyards-display-component---NewYard","bindingPath":{"path":"","propertyPath":"/PLANT","modelName":"NewYardModel"},"interaction":{"idSuffix":"inner"}},"clearTextFirst":true,"interactionType":"ENTER_TEXT"}]}
COMMAND: POST /session/ff12bb945472b7ca0752b083f0a6a649/execute/async - {"script":"<script> [1562 bytes]","args":[{"selector":{"controlType":"sap.m.Input","viewName":"etm.portal.ui.manageyards.view.New","viewId":"application-manageyards-display-component---NewYard","bindingPath":{"path":"","propertyPath":"/SALES_AREA_VKORG","modelName":"NewYardModel"},"interaction":{"idSuffix":"inner"}},"wdio_ui5_key":"etmportal.ui.manageyards.view.Newsap.m.Input{\"path\":\"\",\"propertyPath\":\"/SALES_AREA_VKORG\",\"modelName\":\"NewYardModel\"}"}]}
RESULT: {"script":"<script> [1562 bytes]","args":[{"selector":{"controlType":"sap.m.Input","viewName":"etm.portal.ui.manageyards.view.New","viewId":"application-manageyards-display-component---NewYard","bindingPath":{"path":"","propertyPath":"/SALES_AREA_VKORG","modelName":"NewYardModel"},"interaction":{"idSuffix":"inner"}},"wdio_ui5_key":"etmportal.ui.manageyards.view.Newsap.m.Input{\"path\":\"\",\"propertyPath\":\"/SALES_AREA_VKORG\",\"modelName\":\"NewYardModel\"}"}]}
RESULT: undefined
COMMAND: POST /session/ff12bb945472b7ca0752b083f0a6a649/execute/async - {"script":"<script> [776 bytes]","args":[{"enterText":"C002","selector":{"controlType":"sap.m.Input","viewName":"etm.portal.ui.manageyards.view.New","viewId":"application-manageyards-display-component---NewYard","bindingPath":{"path":"","propertyPath":"/SALES_AREA_VKORG","modelName":"NewYardModel"},"interaction":{"idSuffix":"inner"}},"clearTextFirst":true,"interactionType":"ENTER_TEXT"}]}
RESULT: {"script":"<script> [776 bytes]","args":[{"enterText":"C002","selector":{"controlType":"sap.m.Input","viewName":"etm.portal.ui.manageyards.view.New","viewId":"application-manageyards-display-component---NewYard","bindingPath":{"path":"","propertyPath":"/SALES_AREA_VKORG","modelName":"NewYardModel"},"interaction":{"idSuffix":"inner"}},"clearTextFirst":true,"interactionType":"ENTER_TEXT"}]}
COMMAND: POST /session/ff12bb945472b7ca0752b083f0a6a649/execute/async - {"script":"<script> [1562 bytes]","args":[{"selector":{"controlType":"sap.m.Input","viewName":"etm.portal.ui.manageyards.view.New","viewId":"application-manageyards-display-component---NewYard","bindingPath":{"path":"","propertyPath":"/SALES_AREA_VTWEG","modelName":"NewYardModel"},"interaction":{"idSuffix":"inner"}},"wdio_ui5_key":"etmportal.ui.manageyards.view.Newsap.m.Input{\"path\":\"\",\"propertyPath\":\"/SALES_AREA_VTWEG\",\"modelName\":\"NewYardModel\"}"}]}
RESULT: {"script":"<script> [1562 bytes]","args":[{"selector":{"controlType":"sap.m.Input","viewName":"etm.portal.ui.manageyards.view.New","viewId":"application-manageyards-display-component---NewYard","bindingPath":{"path":"","propertyPath":"/SALES_AREA_VTWEG","modelName":"NewYardModel"},"interaction":{"idSuffix":"inner"}},"wdio_ui5_key":"etmportal.ui.manageyards.view.Newsap.m.Input{\"path\":\"\",\"propertyPath\":\"/SALES_AREA_VTWEG\",\"modelName\":\"NewYardModel\"}"}]}
RESULT: undefined
COMMAND: POST /session/ff12bb945472b7ca0752b083f0a6a649/execute/async - {"script":"<script> [776 bytes]","args":[{"enterText":"C2","selector":{"controlType":"sap.m.Input","viewName":"etm.portal.ui.manageyards.view.New","viewId":"application-manageyards-display-component---NewYard","bindingPath":{"path":"","propertyPath":"/SALES_AREA_VTWEG","modelName":"NewYardModel"},"interaction":{"idSuffix":"inner"}},"clearTextFirst":true,"interactionType":"ENTER_TEXT"}]}
RESULT: {"script":"<script> [776 bytes]","args":[{"enterText":"C2","selector":{"controlType":"sap.m.Input","viewName":"etm.portal.ui.manageyards.view.New","viewId":"application-manageyards-display-component---NewYard","bindingPath":{"path":"","propertyPath":"/SALES_AREA_VTWEG","modelName":"NewYardModel"},"interaction":{"idSuffix":"inner"}},"clearTextFirst":true,"interactionType":"ENTER_TEXT"}]}
COMMAND: POST /session/ff12bb945472b7ca0752b083f0a6a649/execute/async - {"script":"<script> [1562 bytes]","args":[{"selector":{"controlType":"sap.m.Input","viewName":"etm.portal.ui.manageyards.view.New","viewId":"application-manageyards-display-component---NewYard","bindingPath":{"path":"","propertyPath":"/SALES_AREA_SPART","modelName":"NewYardModel"},"interaction":{"idSuffix":"inner"}},"wdio_ui5_key":"etmportal.ui.manageyards.view.Newsap.m.Input{\"path\":\"\",\"propertyPath\":\"/SALES_AREA_SPART\",\"modelName\":\"NewYardModel\"}"}]}
RESULT: {"script":"<script> [1562 bytes]","args":[{"selector":{"controlType":"sap.m.Input","viewName":"etm.portal.ui.manageyards.view.New","viewId":"application-manageyards-display-component---NewYard","bindingPath":{"path":"","propertyPath":"/SALES_AREA_SPART","modelName":"NewYardModel"},"interaction":{"idSuffix":"inner"}},"wdio_ui5_key":"etmportal.ui.manageyards.view.Newsap.m.Input{\"path\":\"\",\"propertyPath\":\"/SALES_AREA_SPART\",\"modelName\":\"NewYardModel\"}"}]}
RESULT: undefined
COMMAND: POST /session/ff12bb945472b7ca0752b083f0a6a649/execute/async - {"script":"<script> [776 bytes]","args":[{"enterText":"C2","selector":{"controlType":"sap.m.Input","viewName":"etm.portal.ui.manageyards.view.New","viewId":"application-manageyards-display-component---NewYard","bindingPath":{"path":"","propertyPath":"/SALES_AREA_SPART","modelName":"NewYardModel"},"interaction":{"idSuffix":"inner"}},"clearTextFirst":true,"interactionType":"ENTER_TEXT"}]}
RESULT: {"script":"<script> [776 bytes]","args":[{"enterText":"C2","selector":{"controlType":"sap.m.Input","viewName":"etm.portal.ui.manageyards.view.New","viewId":"application-manageyards-display-component---NewYard","bindingPath":{"path":"","propertyPath":"/SALES_AREA_SPART","modelName":"NewYardModel"},"interaction":{"idSuffix":"inner"}},"clearTextFirst":true,"interactionType":"ENTER_TEXT"}]}
COMMAND: POST /session/ff12bb945472b7ca0752b083f0a6a649/execute/async - {"script":"<script> [1562 bytes]","args":[{"selector":{"controlType":"sap.m.Input","viewName":"etm.portal.ui.manageyards.view.New","viewId":"application-manageyards-display-component---NewYard","bindingPath":{"path":"","propertyPath":"/SHIP_POINT","modelName":"NewYardModel"},"interaction":{"idSuffix":"inner"}},"wdio_ui5_key":"etmportal.ui.manageyards.view.Newsap.m.Input{\"path\":\"\",\"propertyPath\":\"/SHIP_POINT\",\"modelName\":\"NewYardModel\"}"}]}
RESULT: {"script":"<script> [1562 bytes]","args":[{"selector":{"controlType":"sap.m.Input","viewName":"etm.portal.ui.manageyards.view.New","viewId":"application-manageyards-display-component---NewYard","bindingPath":{"path":"","propertyPath":"/SHIP_POINT","modelName":"NewYardModel"},"interaction":{"idSuffix":"inner"}},"wdio_ui5_key":"etmportal.ui.manageyards.view.Newsap.m.Input{\"path\":\"\",\"propertyPath\":\"/SHIP_POINT\",\"modelName\":\"NewYardModel\"}"}]}
RESULT: undefined
COMMAND: POST /session/ff12bb945472b7ca0752b083f0a6a649/execute/async - {"script":"<script> [776 bytes]","args":[{"enterText":"1710","selector":{"controlType":"sap.m.Input","viewName":"etm.portal.ui.manageyards.view.New","viewId":"application-manageyards-display-component---NewYard","bindingPath":{"path":"","propertyPath":"/SHIP_POINT","modelName":"NewYardModel"},"interaction":{"idSuffix":"inner"}},"clearTextFirst":true,"interactionType":"ENTER_TEXT"}]}
RESULT: {"script":"<script> [776 bytes]","args":[{"enterText":"1710","selector":{"controlType":"sap.m.Input","viewName":"etm.portal.ui.manageyards.view.New","viewId":"application-manageyards-display-component---NewYard","bindingPath":{"path":"","propertyPath":"/SHIP_POINT","modelName":"NewYardModel"},"interaction":{"idSuffix":"inner"}},"clearTextFirst":true,"interactionType":"ENTER_TEXT"}]}
COMMAND: POST /session/ff12bb945472b7ca0752b083f0a6a649/execute/async - {"script":"<script> [1562 bytes]","args":[{"selector":{"controlType":"sap.m.Input","viewName":"etm.portal.ui.manageyards.view.New","viewId":"application-manageyards-display-component---NewYard","bindingPath":{"path":"","propertyPath":"/DELIVERY_TYPE","modelName":"NewYardModel"},"interaction":{"idSuffix":"inner"}},"wdio_ui5_key":"etmportal.ui.manageyards.view.Newsap.m.Input{\"path\":\"\",\"propertyPath\":\"/DELIVERY_TYPE\",\"modelName\":\"NewYardModel\"}"}]}
RESULT: {"script":"<script> [1562 bytes]","args":[{"selector":{"controlType":"sap.m.Input","viewName":"etm.portal.ui.manageyards.view.New","viewId":"application-manageyards-display-component---NewYard","bindingPath":{"path":"","propertyPath":"/DELIVERY_TYPE","modelName":"NewYardModel"},"interaction":{"idSuffix":"inner"}},"wdio_ui5_key":"etmportal.ui.manageyards.view.Newsap.m.Input{\"path\":\"\",\"propertyPath\":\"/DELIVERY_TYPE\",\"modelName\":\"NewYardModel\"}"}]}
RESULT: undefined
COMMAND: POST /session/ff12bb945472b7ca0752b083f0a6a649/execute/async - {"script":"<script> [776 bytes]","args":[{"enterText":"ZL01","selector":{"controlType":"sap.m.Input","viewName":"etm.portal.ui.manageyards.view.New","viewId":"application-manageyards-display-component---NewYard","bindingPath":{"path":"","propertyPath":"/DELIVERY_TYPE","modelName":"NewYardModel"},"interaction":{"idSuffix":"inner"}},"clearTextFirst":true,"interactionType":"ENTER_TEXT"}]}
RESULT: {"script":"<script> [776 bytes]","args":[{"enterText":"ZL01","selector":{"controlType":"sap.m.Input","viewName":"etm.portal.ui.manageyards.view.New","viewId":"application-manageyards-display-component---NewYard","bindingPath":{"path":"","propertyPath":"/DELIVERY_TYPE","modelName":"NewYardModel"},"interaction":{"idSuffix":"inner"}},"clearTextFirst":true,"interactionType":"ENTER_TEXT"}]}
COMMAND: POST /session/ff12bb945472b7ca0752b083f0a6a649/execute/async - {"script":"<script> [1562 bytes]","args":[{"selector":{"controlType":"sap.m.Input","viewName":"etm.portal.ui.manageyards.view.New","viewId":"application-manageyards-display-component---NewYard","bindingPath":{"path":"","propertyPath":"/AUART","modelName":"NewYardModel"},"interaction":{"idSuffix":"inner"}},"wdio_ui5_key":"etmportal.ui.manageyards.view.Newsap.m.Input{\"path\":\"\",\"propertyPath\":\"/AUART\",\"modelName\":\"NewYardModel\"}"}]}
RESULT: {"script":"<script> [1562 bytes]","args":[{"selector":{"controlType":"sap.m.Input","viewName":"etm.portal.ui.manageyards.view.New","viewId":"application-manageyards-display-component---NewYard","bindingPath":{"path":"","propertyPath":"/AUART","modelName":"NewYardModel"},"interaction":{"idSuffix":"inner"}},"wdio_ui5_key":"etmportal.ui.manageyards.view.Newsap.m.Input{\"path\":\"\",\"propertyPath\":\"/AUART\",\"modelName\":\"NewYardModel\"}"}]}
RESULT: undefined
COMMAND: POST /session/ff12bb945472b7ca0752b083f0a6a649/execute/async - {"script":"<script> [776 bytes]","args":[{"enterText":"TA","selector":{"controlType":"sap.m.Input","viewName":"etm.portal.ui.manageyards.view.New","viewId":"application-manageyards-display-component---NewYard","bindingPath":{"path":"","propertyPath":"/AUART","modelName":"NewYardModel"},"interaction":{"idSuffix":"inner"}},"clearTextFirst":true,"interactionType":"ENTER_TEXT"}]}
RESULT: {"script":"<script> [776 bytes]","args":[{"enterText":"TA","selector":{"controlType":"sap.m.Input","viewName":"etm.portal.ui.manageyards.view.New","viewId":"application-manageyards-display-component---NewYard","bindingPath":{"path":"","propertyPath":"/AUART","modelName":"NewYardModel"},"interaction":{"idSuffix":"inner"}},"clearTextFirst":true,"interactionType":"ENTER_TEXT"}]}
COMMAND: POST /session/ff12bb945472b7ca0752b083f0a6a649/element - {"using":"xpath","value":"//button[@data-kt=\"newYardSaveButton\"]"}
RESULT: {"using":"xpath","value":"//button[@data-kt=\"newYardSaveButton\"]"}
COMMAND: POST /session/ff12bb945472b7ca0752b083f0a6a649/element/f.83A52D51DE7EE447A745C47B9BBA803D.d.B5B386D87B45DE052A89103D3A82C304.e.1469/click - {}
RESULT: {}
COMMAND: GET /session/ff12bb945472b7ca0752b083f0a6a649/screenshot - {}
RESULT: {}
COMMAND: POST /session/ff12bb945472b7ca0752b083f0a6a649/element - {"using":"xpath","value":"//header[contains(@id, 'ObjectPageLayout-headerTitle')]/div[1]/div[2]/div[1]/span[1]"}
RESULT: {"using":"xpath","value":"//header[contains(@id, 'ObjectPageLayout-headerTitle')]/div[1]/div[2]/div[1]/span[1]"}
COMMAND: POST /session/ff12bb945472b7ca0752b083f0a6a649/elements - {"using":"xpath","value":"//header[contains(@id, 'ObjectPageLayout-headerTitle')]/div[1]/div[2]/div[1]/span[1]"}
RESULT: {"using":"xpath","value":"//header[contains(@id, 'ObjectPageLayout-headerTitle')]/div[1]/div[2]/div[1]/span[1]"}
COMMAND: POST /session/ff12bb945472b7ca0752b083f0a6a649/execute/sync - {"script":"<script> [56 bytes]","args":[{"element-6066-11e4-a52e-4f735466cecf":"f.83A52D51DE7EE447A745C47B9BBA803D.d.B5B386D87B45DE052A89103D3A82C304.e.1787","ELEMENT":"f.83A52D51DE7EE447A745C47B9BBA803D.d.B5B386D87B45DE052A89103D3A82C304.e.1787"}]}
RESULT: {"script":"<script> [56 bytes]","args":[{"element-6066-11e4-a52e-4f735466cecf":"f.83A52D51DE7EE447A745C47B9BBA803D.d.B5B386D87B45DE052A89103D3A82C304.e.1787","ELEMENT":"f.83A52D51DE7EE447A745C47B9BBA803D.d.B5B386D87B45DE052A89103D3A82C304.e.1787"}]}
COMMAND: GET /session/ff12bb945472b7ca0752b083f0a6a649/screenshot - {}
RESULT: {}
COMMAND: POST /session/ff12bb945472b7ca0752b083f0a6a649/element - {"using":"css selector","value":"#shell-header-logo"}
RESULT: {"using":"css selector","value":"#shell-header-logo"}
COMMAND: POST /session/ff12bb945472b7ca0752b083f0a6a649/element/f.83A52D51DE7EE447A745C47B9BBA803D.d.B5B386D87B45DE052A89103D3A82C304.e.1038/click - {}
RESULT: {}
COMMAND: GET /session/ff12bb945472b7ca0752b083f0a6a649/screenshot - {}
RESULT: {}
COMMAND: POST /session/ff12bb945472b7ca0752b083f0a6a649/execute/sync - {"script":"<script> [299 bytes]","args":[["getModel","getResource"]]}
RESULT: {"script":"<script> [299 bytes]","args":[["getModel","getResource"]]}
]]></system-out>
    </testcase>
    <testcase classname="chrome.136_0_7103_93.windows.Billing_Transfer_-_Intracompany_US127249" name="Should create a new partner" time="136.866">
      <system-out><![CDATA[
COMMAND: POST /session/ff12bb945472b7ca0752b083f0a6a649/window/fullscreen - {}
COMMAND: GET /session/ff12bb945472b7ca0752b083f0a6a649/screenshot - {}
RESULT: {}
COMMAND: POST /session/ff12bb945472b7ca0752b083f0a6a649/execute/async - {"script":"<script> [1562 bytes]","args":[{"selector":{"controlType":"sap.m.GenericTile","properties":{"header":"Manage Partners"}},"wdio_ui5_key":"sapm.GenericTile{\"header\":\"Manage Partners\"}"}]}
RESULT: {}
RESULT: {"script":"<script> [1562 bytes]","args":[{"selector":{"controlType":"sap.m.GenericTile","properties":{"header":"Manage Partners"}},"wdio_ui5_key":"sapm.GenericTile{\"header\":\"Manage Partners\"}"}]}
RESULT: undefined
COMMAND: POST /session/ff12bb945472b7ca0752b083f0a6a649/element - {"using":"xpath","value":"//*[@id=\"__tile38\"]"}
RESULT: {"using":"xpath","value":"//*[@id=\"__tile38\"]"}
COMMAND: POST /session/ff12bb945472b7ca0752b083f0a6a649/element/f.83A52D51DE7EE447A745C47B9BBA803D.d.B5B386D87B45DE052A89103D3A82C304.e.932/click - {}
RESULT: {}
COMMAND: GET /session/ff12bb945472b7ca0752b083f0a6a649/screenshot - {}
RESULT: {}
COMMAND: POST /session/ff12bb945472b7ca0752b083f0a6a649/elements - {"using":"xpath","value":"//span[text()='Error']"}
RESULT: {"using":"xpath","value":"//span[text()='Error']"}
COMMAND: POST /session/ff12bb945472b7ca0752b083f0a6a649/element - {"using":"xpath","value":"//button[@data-kt=\"addButton\"]"}
RESULT: {"using":"xpath","value":"//button[@data-kt=\"addButton\"]"}
COMMAND: POST /session/ff12bb945472b7ca0752b083f0a6a649/elements - {"using":"xpath","value":"//button[@data-kt=\"addButton\"]"}
RESULT: {"using":"xpath","value":"//button[@data-kt=\"addButton\"]"}
COMMAND: POST /session/ff12bb945472b7ca0752b083f0a6a649/elements - {"using":"xpath","value":"//button[@data-kt=\"addButton\"]"}
RESULT: {"using":"xpath","value":"//button[@data-kt=\"addButton\"]"}
COMMAND: POST /session/ff12bb945472b7ca0752b083f0a6a649/element - {"using":"xpath","value":"//button[@data-kt=\"addButton\"]"}
RESULT: {"using":"xpath","value":"//button[@data-kt=\"addButton\"]"}
COMMAND: POST /session/ff12bb945472b7ca0752b083f0a6a649/execute/sync - {"script":"<script> [8489 bytes]","args":[{"element-6066-11e4-a52e-4f735466cecf":"f.83A52D51DE7EE447A745C47B9BBA803D.d.B5B386D87B45DE052A89103D3A82C304.e.1825","ELEMENT":"f.83A52D51DE7EE447A745C47B9BBA803D.d.B5B386D87B45DE052A89103D3A82C304.e.1825"}]}
RESULT: {"script":"<script> [8489 bytes]","args":[{"element-6066-11e4-a52e-4f735466cecf":"f.83A52D51DE7EE447A745C47B9BBA803D.d.B5B386D87B45DE052A89103D3A82C304.e.1825","ELEMENT":"f.83A52D51DE7EE447A745C47B9BBA803D.d.B5B386D87B45DE052A89103D3A82C304.e.1825"}]}
COMMAND: GET /session/ff12bb945472b7ca0752b083f0a6a649/element/f.83A52D51DE7EE447A745C47B9BBA803D.d.B5B386D87B45DE052A89103D3A82C304.e.1825/enabled - {}
COMMAND: GET /session/ff12bb945472b7ca0752b083f0a6a649/screenshot - {}
RESULT: {}
COMMAND: POST /session/ff12bb945472b7ca0752b083f0a6a649/execute/sync - {"script":"<script> [8489 bytes]","args":[{"element-6066-11e4-a52e-4f735466cecf":"f.83A52D51DE7EE447A745C47B9BBA803D.d.B5B386D87B45DE052A89103D3A82C304.e.1825","ELEMENT":"f.83A52D51DE7EE447A745C47B9BBA803D.d.B5B386D87B45DE052A89103D3A82C304.e.1825"}]}
COMMAND: GET /session/ff12bb945472b7ca0752b083f0a6a649/screenshot - {}
RESULT: {}
RESULT: {"script":"<script> [8489 bytes]","args":[{"element-6066-11e4-a52e-4f735466cecf":"f.83A52D51DE7EE447A745C47B9BBA803D.d.B5B386D87B45DE052A89103D3A82C304.e.1825","ELEMENT":"f.83A52D51DE7EE447A745C47B9BBA803D.d.B5B386D87B45DE052A89103D3A82C304.e.1825"}]}
COMMAND: POST /session/ff12bb945472b7ca0752b083f0a6a649/execute/sync - {"script":"<script> [5351 bytes]","args":[{"element-6066-11e4-a52e-4f735466cecf":"f.83A52D51DE7EE447A745C47B9BBA803D.d.B5B386D87B45DE052A89103D3A82C304.e.1825","ELEMENT":"f.83A52D51DE7EE447A745C47B9BBA803D.d.B5B386D87B45DE052A89103D3A82C304.e.1825"}]}
COMMAND: GET /session/ff12bb945472b7ca0752b083f0a6a649/screenshot - {}
RESULT: {}
RESULT: {"script":"<script> [5351 bytes]","args":[{"element-6066-11e4-a52e-4f735466cecf":"f.83A52D51DE7EE447A745C47B9BBA803D.d.B5B386D87B45DE052A89103D3A82C304.e.1825","ELEMENT":"f.83A52D51DE7EE447A745C47B9BBA803D.d.B5B386D87B45DE052A89103D3A82C304.e.1825"}]}
COMMAND: POST /session/ff12bb945472b7ca0752b083f0a6a649/element/f.83A52D51DE7EE447A745C47B9BBA803D.d.B5B386D87B45DE052A89103D3A82C304.e.1825/click - {}
COMMAND: GET /session/ff12bb945472b7ca0752b083f0a6a649/screenshot - {}
RESULT: {}
RESULT: {}
COMMAND: GET /session/ff12bb945472b7ca0752b083f0a6a649/screenshot - {}
COMMAND: POST /session/ff12bb945472b7ca0752b083f0a6a649/execute/async - {"script":"<script> [1562 bytes]","args":[{"selector":{"id":"application-managepartners-display-component---NewPartner--addressDetailDetailsName1","interaction":{"idSuffix":"inner"}},"wdio_ui5_key":"applicationmanagepartners-display-component---NewPartner--addressDetailDetailsName1"}]}
RESULT: {}
RESULT: {}
RESULT: {"script":"<script> [1562 bytes]","args":[{"selector":{"id":"application-managepartners-display-component---NewPartner--addressDetailDetailsName1","interaction":{"idSuffix":"inner"}},"wdio_ui5_key":"applicationmanagepartners-display-component---NewPartner--addressDetailDetailsName1"}]}
RESULT: undefined
COMMAND: POST /session/ff12bb945472b7ca0752b083f0a6a649/execute/async - {"script":"<script> [776 bytes]","args":[{"enterText":"Intracompany Partner WDIO","selector":{"id":"application-managepartners-display-component---NewPartner--addressDetailDetailsName1","interaction":{"idSuffix":"inner"}},"clearTextFirst":true,"interactionType":"ENTER_TEXT"}]}
RESULT: {"script":"<script> [776 bytes]","args":[{"enterText":"Intracompany Partner WDIO","selector":{"id":"application-managepartners-display-component---NewPartner--addressDetailDetailsName1","interaction":{"idSuffix":"inner"}},"clearTextFirst":true,"interactionType":"ENTER_TEXT"}]}
COMMAND: POST /session/ff12bb945472b7ca0752b083f0a6a649/execute/async - {"script":"<script> [1562 bytes]","args":[{"selector":{"id":"application-managepartners-display-component---NewPartner--addressDetailDetailsLanguage-arrow"},"wdio_ui5_key":"applicationmanagepartners-display-component---NewPartner--addressDetailDetailsLanguage-arrow"}]}
RESULT: {"script":"<script> [1562 bytes]","args":[{"selector":{"id":"application-managepartners-display-component---NewPartner--addressDetailDetailsLanguage-arrow"},"wdio_ui5_key":"applicationmanagepartners-display-component---NewPartner--addressDetailDetailsLanguage-arrow"}]}
RESULT: undefined
COMMAND: POST /session/ff12bb945472b7ca0752b083f0a6a649/element - {"using":"xpath","value":"//*[@id=\"application-managepartners-display-component---NewPartner--addressDetailDetailsLanguage-arrow\"]"}
RESULT: {"using":"xpath","value":"//*[@id=\"application-managepartners-display-component---NewPartner--addressDetailDetailsLanguage-arrow\"]"}
COMMAND: POST /session/ff12bb945472b7ca0752b083f0a6a649/element/f.83A52D51DE7EE447A745C47B9BBA803D.d.B5B386D87B45DE052A89103D3A82C304.e.2283/click - {}
RESULT: {}
COMMAND: POST /session/ff12bb945472b7ca0752b083f0a6a649/element - {"using":"xpath","value":"//span[contains(text(), \"English\")]"}
COMMAND: GET /session/ff12bb945472b7ca0752b083f0a6a649/screenshot - {}
RESULT: {"using":"xpath","value":"//span[contains(text(), \"English\")]"}
COMMAND: POST /session/ff12bb945472b7ca0752b083f0a6a649/element/f.83A52D51DE7EE447A745C47B9BBA803D.d.B5B386D87B45DE052A89103D3A82C304.e.2284/click - {}
RESULT: {}
RESULT: {}
COMMAND: GET /session/ff12bb945472b7ca0752b083f0a6a649/screenshot - {}
RESULT: {}
COMMAND: POST /session/ff12bb945472b7ca0752b083f0a6a649/execute/async - {"script":"<script> [1562 bytes]","args":[{"selector":{"id":"application-managepartners-display-component---NewPartner--addressDetailDetailsCity1","interaction":{"idSuffix":"inner"}},"wdio_ui5_key":"applicationmanagepartners-display-component---NewPartner--addressDetailDetailsCity1"}]}
RESULT: {"script":"<script> [1562 bytes]","args":[{"selector":{"id":"application-managepartners-display-component---NewPartner--addressDetailDetailsCity1","interaction":{"idSuffix":"inner"}},"wdio_ui5_key":"applicationmanagepartners-display-component---NewPartner--addressDetailDetailsCity1"}]}
RESULT: undefined
COMMAND: POST /session/ff12bb945472b7ca0752b083f0a6a649/execute/async - {"script":"<script> [776 bytes]","args":[{"enterText":"Rosario","selector":{"id":"application-managepartners-display-component---NewPartner--addressDetailDetailsCity1","interaction":{"idSuffix":"inner"}},"clearTextFirst":true,"interactionType":"ENTER_TEXT"}]}
RESULT: {"script":"<script> [776 bytes]","args":[{"enterText":"Rosario","selector":{"id":"application-managepartners-display-component---NewPartner--addressDetailDetailsCity1","interaction":{"idSuffix":"inner"}},"clearTextFirst":true,"interactionType":"ENTER_TEXT"}]}
COMMAND: POST /session/ff12bb945472b7ca0752b083f0a6a649/execute/async - {"script":"<script> [1562 bytes]","args":[{"selector":{"id":"application-managepartners-display-component---NewPartner--addressDetailDetailsCountry-arrow"},"wdio_ui5_key":"applicationmanagepartners-display-component---NewPartner--addressDetailDetailsCountry-arrow"}]}
RESULT: {"script":"<script> [1562 bytes]","args":[{"selector":{"id":"application-managepartners-display-component---NewPartner--addressDetailDetailsCountry-arrow"},"wdio_ui5_key":"applicationmanagepartners-display-component---NewPartner--addressDetailDetailsCountry-arrow"}]}
RESULT: undefined
COMMAND: POST /session/ff12bb945472b7ca0752b083f0a6a649/element - {"using":"xpath","value":"//*[@id=\"application-managepartners-display-component---NewPartner--addressDetailDetailsCountry-arrow\"]"}
RESULT: {"using":"xpath","value":"//*[@id=\"application-managepartners-display-component---NewPartner--addressDetailDetailsCountry-arrow\"]"}
COMMAND: POST /session/ff12bb945472b7ca0752b083f0a6a649/element/f.83A52D51DE7EE447A745C47B9BBA803D.d.B5B386D87B45DE052A89103D3A82C304.e.2270/click - {}
RESULT: {}
COMMAND: POST /session/ff12bb945472b7ca0752b083f0a6a649/element - {"using":"xpath","value":"//span[contains(text(), \"Argentina\")]"}
COMMAND: GET /session/ff12bb945472b7ca0752b083f0a6a649/screenshot - {}
RESULT: {"using":"xpath","value":"//span[contains(text(), \"Argentina\")]"}
COMMAND: POST /session/ff12bb945472b7ca0752b083f0a6a649/element/f.83A52D51DE7EE447A745C47B9BBA803D.d.B5B386D87B45DE052A89103D3A82C304.e.2286/click - {}
RESULT: {}
RESULT: {}
COMMAND: GET /session/ff12bb945472b7ca0752b083f0a6a649/screenshot - {}
RESULT: {}
COMMAND: POST /session/ff12bb945472b7ca0752b083f0a6a649/element - {"using":"xpath","value":"//bdi[contains(text(), \"Commercial\")]"}
RESULT: {"using":"xpath","value":"//bdi[contains(text(), \"Commercial\")]"}
COMMAND: POST /session/ff12bb945472b7ca0752b083f0a6a649/element/f.83A52D51DE7EE447A745C47B9BBA803D.d.B5B386D87B45DE052A89103D3A82C304.e.2287/click - {}
RESULT: {}
COMMAND: GET /session/ff12bb945472b7ca0752b083f0a6a649/screenshot - {}
RESULT: {}
COMMAND: POST /session/ff12bb945472b7ca0752b083f0a6a649/execute/async - {"script":"<script> [1562 bytes]","args":[{"selector":{"id":"application-managepartners-display-component---NewPartner--partnerDetailInternal-arrow"},"wdio_ui5_key":"applicationmanagepartners-display-component---NewPartner--partnerDetailInternal-arrow"}]}
RESULT: {"script":"<script> [1562 bytes]","args":[{"selector":{"id":"application-managepartners-display-component---NewPartner--partnerDetailInternal-arrow"},"wdio_ui5_key":"applicationmanagepartners-display-component---NewPartner--partnerDetailInternal-arrow"}]}
RESULT: undefined
COMMAND: POST /session/ff12bb945472b7ca0752b083f0a6a649/element - {"using":"xpath","value":"//*[@id=\"application-managepartners-display-component---NewPartner--partnerDetailInternal-arrow\"]"}
RESULT: {"using":"xpath","value":"//*[@id=\"application-managepartners-display-component---NewPartner--partnerDetailInternal-arrow\"]"}
COMMAND: POST /session/ff12bb945472b7ca0752b083f0a6a649/element/f.83A52D51DE7EE447A745C47B9BBA803D.d.B5B386D87B45DE052A89103D3A82C304.e.2293/click - {}
RESULT: {}
COMMAND: POST /session/ff12bb945472b7ca0752b083f0a6a649/element - {"using":"xpath","value":"//span[contains(text(), \"Affiliated company\")]"}
COMMAND: GET /session/ff12bb945472b7ca0752b083f0a6a649/screenshot - {}
RESULT: {"using":"xpath","value":"//span[contains(text(), \"Affiliated company\")]"}
COMMAND: POST /session/ff12bb945472b7ca0752b083f0a6a649/element/f.83A52D51DE7EE447A745C47B9BBA803D.d.B5B386D87B45DE052A89103D3A82C304.e.2294/click - {}
RESULT: {}
RESULT: {}
COMMAND: POST /session/ff12bb945472b7ca0752b083f0a6a649/execute/async - {"script":"<script> [1562 bytes]","args":[{"selector":{"id":"application-managepartners-display-component---NewPartner--partnerDetailsCurrency-arrow"},"wdio_ui5_key":"applicationmanagepartners-display-component---NewPartner--partnerDetailsCurrency-arrow"}]}
COMMAND: GET /session/ff12bb945472b7ca0752b083f0a6a649/screenshot - {}
RESULT: {"script":"<script> [1562 bytes]","args":[{"selector":{"id":"application-managepartners-display-component---NewPartner--partnerDetailsCurrency-arrow"},"wdio_ui5_key":"applicationmanagepartners-display-component---NewPartner--partnerDetailsCurrency-arrow"}]}
RESULT: undefined
COMMAND: POST /session/ff12bb945472b7ca0752b083f0a6a649/element - {"using":"xpath","value":"//*[@id=\"application-managepartners-display-component---NewPartner--partnerDetailsCurrency-arrow\"]"}
RESULT: {}
RESULT: {"using":"xpath","value":"//*[@id=\"application-managepartners-display-component---NewPartner--partnerDetailsCurrency-arrow\"]"}
COMMAND: POST /session/ff12bb945472b7ca0752b083f0a6a649/element/f.83A52D51DE7EE447A745C47B9BBA803D.d.B5B386D87B45DE052A89103D3A82C304.e.2301/click - {}
RESULT: {}
COMMAND: POST /session/ff12bb945472b7ca0752b083f0a6a649/element - {"using":"xpath","value":"//span[contains(text(), \"Euro\")]"}
COMMAND: GET /session/ff12bb945472b7ca0752b083f0a6a649/screenshot - {}
RESULT: {"using":"xpath","value":"//span[contains(text(), \"Euro\")]"}
COMMAND: POST /session/ff12bb945472b7ca0752b083f0a6a649/element/f.83A52D51DE7EE447A745C47B9BBA803D.d.B5B386D87B45DE052A89103D3A82C304.e.2302/click - {}
RESULT: {}
RESULT: {}
COMMAND: POST /session/ff12bb945472b7ca0752b083f0a6a649/execute/async - {"script":"<script> [1562 bytes]","args":[{"selector":{"id":"application-managepartners-display-component---NewPartner--addressEditDetailsCostObjectCstType-arrow"},"wdio_ui5_key":"applicationmanagepartners-display-component---NewPartner--addressEditDetailsCostObjectCstType-arrow"}]}
COMMAND: GET /session/ff12bb945472b7ca0752b083f0a6a649/screenshot - {}
RESULT: {"script":"<script> [1562 bytes]","args":[{"selector":{"id":"application-managepartners-display-component---NewPartner--addressEditDetailsCostObjectCstType-arrow"},"wdio_ui5_key":"applicationmanagepartners-display-component---NewPartner--addressEditDetailsCostObjectCstType-arrow"}]}
RESULT: undefined
COMMAND: POST /session/ff12bb945472b7ca0752b083f0a6a649/element - {"using":"xpath","value":"//*[@id=\"application-managepartners-display-component---NewPartner--addressEditDetailsCostObjectCstType-arrow\"]"}
RESULT: {}
RESULT: {"using":"xpath","value":"//*[@id=\"application-managepartners-display-component---NewPartner--addressEditDetailsCostObjectCstType-arrow\"]"}
COMMAND: POST /session/ff12bb945472b7ca0752b083f0a6a649/element/f.83A52D51DE7EE447A745C47B9BBA803D.d.B5B386D87B45DE052A89103D3A82C304.e.2303/click - {}
RESULT: {}
COMMAND: POST /session/ff12bb945472b7ca0752b083f0a6a649/element - {"using":"xpath","value":"//span[contains(text(), \"Cost Center\")]"}
COMMAND: GET /session/ff12bb945472b7ca0752b083f0a6a649/screenshot - {}
RESULT: {"using":"xpath","value":"//span[contains(text(), \"Cost Center\")]"}
COMMAND: POST /session/ff12bb945472b7ca0752b083f0a6a649/element/f.83A52D51DE7EE447A745C47B9BBA803D.d.B5B386D87B45DE052A89103D3A82C304.e.2304/click - {}
RESULT: {}
RESULT: {}
COMMAND: GET /session/ff12bb945472b7ca0752b083f0a6a649/screenshot - {}
RESULT: {}
COMMAND: POST /session/ff12bb945472b7ca0752b083f0a6a649/element - {"using":"xpath","value":"//span[@id=\"application-managepartners-display-component---NewPartner--addressNewCostObjectCstID-vhi\"]"}
RESULT: {"using":"xpath","value":"//span[@id=\"application-managepartners-display-component---NewPartner--addressNewCostObjectCstID-vhi\"]"}
COMMAND: POST /session/ff12bb945472b7ca0752b083f0a6a649/execute/sync - {"script":"<script> [8489 bytes]","args":[{"element-6066-11e4-a52e-4f735466cecf":"f.83A52D51DE7EE447A745C47B9BBA803D.d.B5B386D87B45DE052A89103D3A82C304.e.2308","ELEMENT":"f.83A52D51DE7EE447A745C47B9BBA803D.d.B5B386D87B45DE052A89103D3A82C304.e.2308"}]}
RESULT: {"script":"<script> [8489 bytes]","args":[{"element-6066-11e4-a52e-4f735466cecf":"f.83A52D51DE7EE447A745C47B9BBA803D.d.B5B386D87B45DE052A89103D3A82C304.e.2308","ELEMENT":"f.83A52D51DE7EE447A745C47B9BBA803D.d.B5B386D87B45DE052A89103D3A82C304.e.2308"}]}
COMMAND: POST /session/ff12bb945472b7ca0752b083f0a6a649/execute/async - {"script":"<script> [1562 bytes]","args":[{"selector":{"id":"application-managepartners-display-component---NewPartner--addressNewCostObjectCstID-vhi"},"wdio_ui5_key":"applicationmanagepartners-display-component---NewPartner--addressNewCostObjectCstID-vhi"}]}
COMMAND: GET /session/ff12bb945472b7ca0752b083f0a6a649/screenshot - {}
RESULT: {"script":"<script> [1562 bytes]","args":[{"selector":{"id":"application-managepartners-display-component---NewPartner--addressNewCostObjectCstID-vhi"},"wdio_ui5_key":"applicationmanagepartners-display-component---NewPartner--addressNewCostObjectCstID-vhi"}]}
RESULT: undefined
COMMAND: POST /session/ff12bb945472b7ca0752b083f0a6a649/element - {"using":"xpath","value":"//*[@id=\"application-managepartners-display-component---NewPartner--addressNewCostObjectCstID-vhi\"]"}
RESULT: {}
RESULT: {"using":"xpath","value":"//*[@id=\"application-managepartners-display-component---NewPartner--addressNewCostObjectCstID-vhi\"]"}
COMMAND: POST /session/ff12bb945472b7ca0752b083f0a6a649/element/f.83A52D51DE7EE447A745C47B9BBA803D.d.B5B386D87B45DE052A89103D3A82C304.e.2308/click - {}
RESULT: {}
COMMAND: GET /session/ff12bb945472b7ca0752b083f0a6a649/screenshot - {}
RESULT: {}
RESULT: undefined
COMMAND: POST /session/ff12bb945472b7ca0752b083f0a6a649/execute/async - {"script":"<script> [776 bytes]","args":[{"enterText":"10001013","selector":{"controlType":"sap.m.SearchField","properties":{"placeholder":"Search"},"searchOpenDialogs":true,"interaction":{"idSuffix":"I"}},"clearTextFirst":true,"interactionType":"ENTER_TEXT"}]}
RESULT: {"script":"<script> [776 bytes]","args":[{"enterText":"10001013","selector":{"controlType":"sap.m.SearchField","properties":{"placeholder":"Search"},"searchOpenDialogs":true,"interaction":{"idSuffix":"I"}},"clearTextFirst":true,"interactionType":"ENTER_TEXT"}]}
COMMAND: POST /session/ff12bb945472b7ca0752b083f0a6a649/actions - {"actions":[{"id":"action4","type":"key","parameters":{},"actions":[{"type":"keyDown","value":"î€‡"},{"type":"pause","duration":10},{"type":"keyUp","value":"î€‡"}]}]}
RESULT: {"actions":[{"id":"action4","type":"key","parameters":{},"actions":[{"type":"keyDown","value":"î€‡"},{"type":"pause","duration":10},{"type":"keyUp","value":"î€‡"}]}]}
COMMAND: GET /session/ff12bb945472b7ca0752b083f0a6a649/screenshot - {}
RESULT: {}
COMMAND: POST /session/ff12bb945472b7ca0752b083f0a6a649/element - {"using":"xpath","value":"//span[contains(text(), \"General Management\")]"}
RESULT: {"using":"xpath","value":"//span[contains(text(), \"General Management\")]"}
COMMAND: POST /session/ff12bb945472b7ca0752b083f0a6a649/element/f.83A52D51DE7EE447A745C47B9BBA803D.d.B5B386D87B45DE052A89103D3A82C304.e.2348/click - {}
RESULT: {}
COMMAND: GET /session/ff12bb945472b7ca0752b083f0a6a649/screenshot - {}
RESULT: {}
COMMAND: POST /session/ff12bb945472b7ca0752b083f0a6a649/element - {"using":"xpath","value":"//bdi[contains(text(), \"OK\")]"}
RESULT: {"using":"xpath","value":"//bdi[contains(text(), \"OK\")]"}
COMMAND: POST /session/ff12bb945472b7ca0752b083f0a6a649/element/f.83A52D51DE7EE447A745C47B9BBA803D.d.B5B386D87B45DE052A89103D3A82C304.e.2349/click - {}
RESULT: {}
COMMAND: GET /session/ff12bb945472b7ca0752b083f0a6a649/screenshot - {}
RESULT: {}
COMMAND: POST /session/ff12bb945472b7ca0752b083f0a6a649/element - {"using":"xpath","value":"//input[@id=\"application-managepartners-display-component---NewPartner--companyCodeComboBox-inner\"]"}
RESULT: {"using":"xpath","value":"//input[@id=\"application-managepartners-display-component---NewPartner--companyCodeComboBox-inner\"]"}
COMMAND: POST /session/ff12bb945472b7ca0752b083f0a6a649/element/f.83A52D51DE7EE447A745C47B9BBA803D.d.B5B386D87B45DE052A89103D3A82C304.e.2150/clear - {}
RESULT: {}
COMMAND: POST /session/ff12bb945472b7ca0752b083f0a6a649/element/f.83A52D51DE7EE447A745C47B9BBA803D.d.B5B386D87B45DE052A89103D3A82C304.e.2150/value - {"text":"1000"}
COMMAND: GET /session/ff12bb945472b7ca0752b083f0a6a649/screenshot - {}
RESULT: {"text":"1000"}
COMMAND: GET /session/ff12bb945472b7ca0752b083f0a6a649/screenshot - {}
RESULT: {}
RESULT: {}
COMMAND: POST /session/ff12bb945472b7ca0752b083f0a6a649/element - {"using":"xpath","value":"//li[.//span[text()= \"1000\"]]"}
RESULT: {"using":"xpath","value":"//li[.//span[text()= \"1000\"]]"}
COMMAND: POST /session/ff12bb945472b7ca0752b083f0a6a649/element/f.83A52D51DE7EE447A745C47B9BBA803D.d.B5B386D87B45DE052A89103D3A82C304.e.2355/click - {}
RESULT: {}
COMMAND: GET /session/ff12bb945472b7ca0752b083f0a6a649/screenshot - {}
RESULT: {}
COMMAND: POST /session/ff12bb945472b7ca0752b083f0a6a649/execute/async - {"script":"<script> [1562 bytes]","args":[{"selector":{"id":"application-managepartners-display-component---NewPartner--btnAddTableRow-img"},"wdio_ui5_key":"applicationmanagepartners-display-component---NewPartner--btnAddTableRow-img"}]}
RESULT: {"script":"<script> [1562 bytes]","args":[{"selector":{"id":"application-managepartners-display-component---NewPartner--btnAddTableRow-img"},"wdio_ui5_key":"applicationmanagepartners-display-component---NewPartner--btnAddTableRow-img"}]}
RESULT: undefined
COMMAND: POST /session/ff12bb945472b7ca0752b083f0a6a649/element - {"using":"xpath","value":"//*[@id=\"application-managepartners-display-component---NewPartner--btnAddTableRow-img\"]"}
RESULT: {"using":"xpath","value":"//*[@id=\"application-managepartners-display-component---NewPartner--btnAddTableRow-img\"]"}
COMMAND: POST /session/ff12bb945472b7ca0752b083f0a6a649/element/f.83A52D51DE7EE447A745C47B9BBA803D.d.B5B386D87B45DE052A89103D3A82C304.e.2356/click - {}
RESULT: {}
COMMAND: GET /session/ff12bb945472b7ca0752b083f0a6a649/screenshot - {}
RESULT: {}
COMMAND: POST /session/ff12bb945472b7ca0752b083f0a6a649/element - {"using":"xpath","value":"//input[@id=\"application-managepartners-display-component---NewPartner--assignmentYard-application-managepartners-display-component---NewPartner--assignmentsTable-0-inner\"]"}
RESULT: {"using":"xpath","value":"//input[@id=\"application-managepartners-display-component---NewPartner--assignmentYard-application-managepartners-display-component---NewPartner--assignmentsTable-0-inner\"]"}
COMMAND: POST /session/ff12bb945472b7ca0752b083f0a6a649/element/f.83A52D51DE7EE447A745C47B9BBA803D.d.B5B386D87B45DE052A89103D3A82C304.e.2359/clear - {}
RESULT: {}
COMMAND: POST /session/ff12bb945472b7ca0752b083f0a6a649/element/f.83A52D51DE7EE447A745C47B9BBA803D.d.B5B386D87B45DE052A89103D3A82C304.e.2359/value - {"text":"567"}
COMMAND: GET /session/ff12bb945472b7ca0752b083f0a6a649/screenshot - {}
RESULT: {"text":"567"}
COMMAND: GET /session/ff12bb945472b7ca0752b083f0a6a649/screenshot - {}
RESULT: {}
RESULT: {}
COMMAND: POST /session/ff12bb945472b7ca0752b083f0a6a649/element - {"using":"xpath","value":"//li[.//span[text()='567']]"}
RESULT: {"using":"xpath","value":"//li[.//span[text()='567']]"}
COMMAND: POST /session/ff12bb945472b7ca0752b083f0a6a649/element/f.83A52D51DE7EE447A745C47B9BBA803D.d.B5B386D87B45DE052A89103D3A82C304.e.2368/click - {}
RESULT: {}
COMMAND: GET /session/ff12bb945472b7ca0752b083f0a6a649/screenshot - {}
RESULT: {}
COMMAND: POST /session/ff12bb945472b7ca0752b083f0a6a649/actions - {"actions":[{"id":"action5","type":"key","parameters":{},"actions":[{"type":"keyDown","value":"î€‡"},{"type":"pause","duration":10},{"type":"keyUp","value":"î€‡"}]}]}
RESULT: {"actions":[{"id":"action5","type":"key","parameters":{},"actions":[{"type":"keyDown","value":"î€‡"},{"type":"pause","duration":10},{"type":"keyUp","value":"î€‡"}]}]}
COMMAND: POST /session/ff12bb945472b7ca0752b083f0a6a649/execute/async - {"script":"<script> [1562 bytes]","args":[{"selector":{"id":"application-managepartners-display-component---NewPartner--externalCustomerComboBox-application-managepartners-display-component---NewPartner--assignmentsTable-0-vhi"},"wdio_ui5_key":"applicationmanagepartners-display-component---NewPartner--externalCustomerComboBox-application-managepartners-display-component---NewPartner--assignmentsTable-0-vhi"}]}
COMMAND: GET /session/ff12bb945472b7ca0752b083f0a6a649/screenshot - {}
RESULT: {"script":"<script> [1562 bytes]","args":[{"selector":{"id":"application-managepartners-display-component---NewPartner--externalCustomerComboBox-application-managepartners-display-component---NewPartner--assignmentsTable-0-vhi"},"wdio_ui5_key":"applicationmanagepartners-display-component---NewPartner--externalCustomerComboBox-application-managepartners-display-component---NewPartner--assignmentsTable-0-vhi"}]}
RESULT: undefined
COMMAND: POST /session/ff12bb945472b7ca0752b083f0a6a649/element - {"using":"xpath","value":"//*[@id=\"application-managepartners-display-component---NewPartner--externalCustomerComboBox-application-managepartners-display-component---NewPartner--assignmentsTable-0-vhi\"]"}
RESULT: {}
RESULT: {"using":"xpath","value":"//*[@id=\"application-managepartners-display-component---NewPartner--externalCustomerComboBox-application-managepartners-display-component---NewPartner--assignmentsTable-0-vhi\"]"}
COMMAND: POST /session/ff12bb945472b7ca0752b083f0a6a649/element/f.83A52D51DE7EE447A745C47B9BBA803D.d.B5B386D87B45DE052A89103D3A82C304.e.2372/click - {}
RESULT: {}
RESULT: undefined
COMMAND: POST /session/ff12bb945472b7ca0752b083f0a6a649/execute/async - {"script":"<script> [776 bytes]","args":[{"enterText":"300003","selector":{"controlType":"sap.m.SearchField","properties":{"placeholder":"Search"},"searchOpenDialogs":true,"interaction":{"idSuffix":"I"}},"clearTextFirst":true,"interactionType":"ENTER_TEXT"}]}
COMMAND: GET /session/ff12bb945472b7ca0752b083f0a6a649/screenshot - {}
RESULT: {"script":"<script> [776 bytes]","args":[{"enterText":"300003","selector":{"controlType":"sap.m.SearchField","properties":{"placeholder":"Search"},"searchOpenDialogs":true,"interaction":{"idSuffix":"I"}},"clearTextFirst":true,"interactionType":"ENTER_TEXT"}]}
COMMAND: POST /session/ff12bb945472b7ca0752b083f0a6a649/actions - {"actions":[{"id":"action6","type":"key","parameters":{},"actions":[{"type":"keyDown","value":"î€‡"},{"type":"pause","duration":10},{"type":"keyUp","value":"î€‡"}]}]}
RESULT: {}
RESULT: {"actions":[{"id":"action6","type":"key","parameters":{},"actions":[{"type":"keyDown","value":"î€‡"},{"type":"pause","duration":10},{"type":"keyUp","value":"î€‡"}]}]}
COMMAND: GET /session/ff12bb945472b7ca0752b083f0a6a649/screenshot - {}
RESULT: {}
COMMAND: POST /session/ff12bb945472b7ca0752b083f0a6a649/element - {"using":"xpath","value":"//span[contains(text(), \"300003\")]"}
RESULT: {"using":"xpath","value":"//span[contains(text(), \"300003\")]"}
COMMAND: POST /session/ff12bb945472b7ca0752b083f0a6a649/element/f.83A52D51DE7EE447A745C47B9BBA803D.d.B5B386D87B45DE052A89103D3A82C304.e.2390/click - {}
RESULT: {}
COMMAND: GET /session/ff12bb945472b7ca0752b083f0a6a649/screenshot - {}
RESULT: {}
COMMAND: POST /session/ff12bb945472b7ca0752b083f0a6a649/element - {"using":"xpath","value":"//bdi[contains(text(), \"OK\")]"}
RESULT: {"using":"xpath","value":"//bdi[contains(text(), \"OK\")]"}
COMMAND: POST /session/ff12bb945472b7ca0752b083f0a6a649/element/f.83A52D51DE7EE447A745C47B9BBA803D.d.B5B386D87B45DE052A89103D3A82C304.e.2392/click - {}
RESULT: {}
COMMAND: GET /session/ff12bb945472b7ca0752b083f0a6a649/screenshot - {}
RESULT: {}
COMMAND: POST /session/ff12bb945472b7ca0752b083f0a6a649/execute/async - {"script":"<script> [1562 bytes]","args":[{"selector":{"id":"application-managepartners-display-component---NewPartner--intercompVendorComboBox-application-managepartners-display-component---NewPartner--assignmentsTable-0-vhi"},"wdio_ui5_key":"applicationmanagepartners-display-component---NewPartner--intercompVendorComboBox-application-managepartners-display-component---NewPartner--assignmentsTable-0-vhi"}]}
RESULT: {"script":"<script> [1562 bytes]","args":[{"selector":{"id":"application-managepartners-display-component---NewPartner--intercompVendorComboBox-application-managepartners-display-component---NewPartner--assignmentsTable-0-vhi"},"wdio_ui5_key":"applicationmanagepartners-display-component---NewPartner--intercompVendorComboBox-application-managepartners-display-component---NewPartner--assignmentsTable-0-vhi"}]}
RESULT: undefined
COMMAND: POST /session/ff12bb945472b7ca0752b083f0a6a649/element - {"using":"xpath","value":"//*[@id=\"application-managepartners-display-component---NewPartner--intercompVendorComboBox-application-managepartners-display-component---NewPartner--assignmentsTable-0-vhi\"]"}
RESULT: {"using":"xpath","value":"//*[@id=\"application-managepartners-display-component---NewPartner--intercompVendorComboBox-application-managepartners-display-component---NewPartner--assignmentsTable-0-vhi\"]"}
COMMAND: POST /session/ff12bb945472b7ca0752b083f0a6a649/element/f.83A52D51DE7EE447A745C47B9BBA803D.d.B5B386D87B45DE052A89103D3A82C304.e.2396/click - {}
RESULT: {}
RESULT: undefined
COMMAND: POST /session/ff12bb945472b7ca0752b083f0a6a649/execute/async - {"script":"<script> [776 bytes]","args":[{"enterText":"100005","selector":{"controlType":"sap.m.SearchField","properties":{"placeholder":"Search"},"searchOpenDialogs":true,"interaction":{"idSuffix":"I"}},"clearTextFirst":true,"interactionType":"ENTER_TEXT"}]}
COMMAND: GET /session/ff12bb945472b7ca0752b083f0a6a649/screenshot - {}
RESULT: {"script":"<script> [776 bytes]","args":[{"enterText":"100005","selector":{"controlType":"sap.m.SearchField","properties":{"placeholder":"Search"},"searchOpenDialogs":true,"interaction":{"idSuffix":"I"}},"clearTextFirst":true,"interactionType":"ENTER_TEXT"}]}
COMMAND: POST /session/ff12bb945472b7ca0752b083f0a6a649/actions - {"actions":[{"id":"action7","type":"key","parameters":{},"actions":[{"type":"keyDown","value":"î€‡"},{"type":"pause","duration":10},{"type":"keyUp","value":"î€‡"}]}]}
RESULT: {}
RESULT: {"actions":[{"id":"action7","type":"key","parameters":{},"actions":[{"type":"keyDown","value":"î€‡"},{"type":"pause","duration":10},{"type":"keyUp","value":"î€‡"}]}]}
COMMAND: GET /session/ff12bb945472b7ca0752b083f0a6a649/screenshot - {}
RESULT: {}
COMMAND: POST /session/ff12bb945472b7ca0752b083f0a6a649/element - {"using":"xpath","value":"//span[contains(text(), \"Penguins - Field/12345 Berlin\")]"}
RESULT: {"using":"xpath","value":"//span[contains(text(), \"Penguins - Field/12345 Berlin\")]"}
COMMAND: POST /session/ff12bb945472b7ca0752b083f0a6a649/element/f.83A52D51DE7EE447A745C47B9BBA803D.d.B5B386D87B45DE052A89103D3A82C304.e.2414/click - {}
RESULT: {}
COMMAND: GET /session/ff12bb945472b7ca0752b083f0a6a649/screenshot - {}
RESULT: {}
COMMAND: POST /session/ff12bb945472b7ca0752b083f0a6a649/element - {"using":"xpath","value":"//bdi[contains(text(), \"OK\")]"}
RESULT: {"using":"xpath","value":"//bdi[contains(text(), \"OK\")]"}
COMMAND: POST /session/ff12bb945472b7ca0752b083f0a6a649/element/f.83A52D51DE7EE447A745C47B9BBA803D.d.B5B386D87B45DE052A89103D3A82C304.e.2415/click - {}
RESULT: {}
COMMAND: GET /session/ff12bb945472b7ca0752b083f0a6a649/screenshot - {}
RESULT: {}
COMMAND: POST /session/ff12bb945472b7ca0752b083f0a6a649/element - {"using":"xpath","value":"//button[@data-kt=\"saveButton\"]"}
RESULT: {"using":"xpath","value":"//button[@data-kt=\"saveButton\"]"}
COMMAND: POST /session/ff12bb945472b7ca0752b083f0a6a649/element/f.83A52D51DE7EE447A745C47B9BBA803D.d.B5B386D87B45DE052A89103D3A82C304.e.2183/click - {}
RESULT: {}
COMMAND: GET /session/ff12bb945472b7ca0752b083f0a6a649/screenshot - {}
RESULT: {}
COMMAND: POST /session/ff12bb945472b7ca0752b083f0a6a649/element - {"using":"xpath","value":"//header[contains(@id, 'ObjectPageLayout-headerTitle')]/div[1]/div[2]/div[2]/span[1]"}
RESULT: {"using":"xpath","value":"//header[contains(@id, 'ObjectPageLayout-headerTitle')]/div[1]/div[2]/div[2]/span[1]"}
COMMAND: POST /session/ff12bb945472b7ca0752b083f0a6a649/elements - {"using":"xpath","value":"//header[contains(@id, 'ObjectPageLayout-headerTitle')]/div[1]/div[2]/div[2]/span[1]"}
RESULT: {"using":"xpath","value":"//header[contains(@id, 'ObjectPageLayout-headerTitle')]/div[1]/div[2]/div[2]/span[1]"}
COMMAND: POST /session/ff12bb945472b7ca0752b083f0a6a649/execute/sync - {"script":"<script> [56 bytes]","args":[{"element-6066-11e4-a52e-4f735466cecf":"f.83A52D51DE7EE447A745C47B9BBA803D.d.B5B386D87B45DE052A89103D3A82C304.e.2580","ELEMENT":"f.83A52D51DE7EE447A745C47B9BBA803D.d.B5B386D87B45DE052A89103D3A82C304.e.2580"}]}
RESULT: {"script":"<script> [56 bytes]","args":[{"element-6066-11e4-a52e-4f735466cecf":"f.83A52D51DE7EE447A745C47B9BBA803D.d.B5B386D87B45DE052A89103D3A82C304.e.2580","ELEMENT":"f.83A52D51DE7EE447A745C47B9BBA803D.d.B5B386D87B45DE052A89103D3A82C304.e.2580"}]}
COMMAND: POST /session/ff12bb945472b7ca0752b083f0a6a649/element - {"using":"css selector","value":"#shell-header-logo"}
COMMAND: GET /session/ff12bb945472b7ca0752b083f0a6a649/screenshot - {}
RESULT: {"using":"css selector","value":"#shell-header-logo"}
COMMAND: POST /session/ff12bb945472b7ca0752b083f0a6a649/element/f.83A52D51DE7EE447A745C47B9BBA803D.d.B5B386D87B45DE052A89103D3A82C304.e.1792/click - {}
RESULT: {}
RESULT: {}
COMMAND: GET /session/ff12bb945472b7ca0752b083f0a6a649/screenshot - {}
RESULT: {}
COMMAND: POST /session/ff12bb945472b7ca0752b083f0a6a649/execute/sync - {"script":"<script> [299 bytes]","args":[["getModel","getResource"]]}
RESULT: {"script":"<script> [299 bytes]","args":[["getModel","getResource"]]}
]]></system-out>
    </testcase>
    <testcase classname="chrome.136_0_7103_93.windows.Billing_Transfer_-_Intracompany_US127249" name="Should create a new site" time="153.521">
      <system-out><![CDATA[
COMMAND: GET /session/ff12bb945472b7ca0752b083f0a6a649/screenshot - {}
COMMAND: POST /session/ff12bb945472b7ca0752b083f0a6a649/execute/async - {"script":"<script> [1562 bytes]","args":[{"selector":{"controlType":"sap.m.GenericTile","properties":{"header":"Manage Sites"}},"wdio_ui5_key":"sapm.GenericTile{\"header\":\"Manage Sites\"}"}]}
RESULT: {}
RESULT: {"script":"<script> [1562 bytes]","args":[{"selector":{"controlType":"sap.m.GenericTile","properties":{"header":"Manage Sites"}},"wdio_ui5_key":"sapm.GenericTile{\"header\":\"Manage Sites\"}"}]}
RESULT: undefined
COMMAND: POST /session/ff12bb945472b7ca0752b083f0a6a649/element - {"using":"xpath","value":"//*[@id=\"__tile40\"]"}
RESULT: {"using":"xpath","value":"//*[@id=\"__tile40\"]"}
COMMAND: POST /session/ff12bb945472b7ca0752b083f0a6a649/element/f.83A52D51DE7EE447A745C47B9BBA803D.d.B5B386D87B45DE052A89103D3A82C304.e.938/click - {}
RESULT: {}
COMMAND: GET /session/ff12bb945472b7ca0752b083f0a6a649/screenshot - {}
RESULT: {}
COMMAND: POST /session/ff12bb945472b7ca0752b083f0a6a649/elements - {"using":"xpath","value":"//span[text()='Error']"}
RESULT: {"using":"xpath","value":"//span[text()='Error']"}
COMMAND: POST /session/ff12bb945472b7ca0752b083f0a6a649/element - {"using":"xpath","value":"//button[@data-kt=\"addOverflowToolbarButton\"]"}
RESULT: {"using":"xpath","value":"//button[@data-kt=\"addOverflowToolbarButton\"]"}
COMMAND: POST /session/ff12bb945472b7ca0752b083f0a6a649/elements - {"using":"xpath","value":"//button[@data-kt=\"addOverflowToolbarButton\"]"}
RESULT: {"using":"xpath","value":"//button[@data-kt=\"addOverflowToolbarButton\"]"}
COMMAND: POST /session/ff12bb945472b7ca0752b083f0a6a649/execute/sync - {"script":"<script> [8489 bytes]","args":[{"element-6066-11e4-a52e-4f735466cecf":"f.83A52D51DE7EE447A745C47B9BBA803D.d.B5B386D87B45DE052A89103D3A82C304.e.2628","ELEMENT":"f.83A52D51DE7EE447A745C47B9BBA803D.d.B5B386D87B45DE052A89103D3A82C304.e.2628"}]}
RESULT: {"script":"<script> [8489 bytes]","args":[{"element-6066-11e4-a52e-4f735466cecf":"f.83A52D51DE7EE447A745C47B9BBA803D.d.B5B386D87B45DE052A89103D3A82C304.e.2628","ELEMENT":"f.83A52D51DE7EE447A745C47B9BBA803D.d.B5B386D87B45DE052A89103D3A82C304.e.2628"}]}
COMMAND: GET /session/ff12bb945472b7ca0752b083f0a6a649/element/f.83A52D51DE7EE447A745C47B9BBA803D.d.B5B386D87B45DE052A89103D3A82C304.e.2628/enabled - {}
COMMAND: GET /session/ff12bb945472b7ca0752b083f0a6a649/screenshot - {}
RESULT: {}
COMMAND: POST /session/ff12bb945472b7ca0752b083f0a6a649/execute/sync - {"script":"<script> [8489 bytes]","args":[{"element-6066-11e4-a52e-4f735466cecf":"f.83A52D51DE7EE447A745C47B9BBA803D.d.B5B386D87B45DE052A89103D3A82C304.e.2628","ELEMENT":"f.83A52D51DE7EE447A745C47B9BBA803D.d.B5B386D87B45DE052A89103D3A82C304.e.2628"}]}
COMMAND: GET /session/ff12bb945472b7ca0752b083f0a6a649/screenshot - {}
RESULT: {}
RESULT: {"script":"<script> [8489 bytes]","args":[{"element-6066-11e4-a52e-4f735466cecf":"f.83A52D51DE7EE447A745C47B9BBA803D.d.B5B386D87B45DE052A89103D3A82C304.e.2628","ELEMENT":"f.83A52D51DE7EE447A745C47B9BBA803D.d.B5B386D87B45DE052A89103D3A82C304.e.2628"}]}
COMMAND: POST /session/ff12bb945472b7ca0752b083f0a6a649/execute/sync - {"script":"<script> [5351 bytes]","args":[{"element-6066-11e4-a52e-4f735466cecf":"f.83A52D51DE7EE447A745C47B9BBA803D.d.B5B386D87B45DE052A89103D3A82C304.e.2628","ELEMENT":"f.83A52D51DE7EE447A745C47B9BBA803D.d.B5B386D87B45DE052A89103D3A82C304.e.2628"}]}
COMMAND: GET /session/ff12bb945472b7ca0752b083f0a6a649/screenshot - {}
RESULT: {}
RESULT: {"script":"<script> [5351 bytes]","args":[{"element-6066-11e4-a52e-4f735466cecf":"f.83A52D51DE7EE447A745C47B9BBA803D.d.B5B386D87B45DE052A89103D3A82C304.e.2628","ELEMENT":"f.83A52D51DE7EE447A745C47B9BBA803D.d.B5B386D87B45DE052A89103D3A82C304.e.2628"}]}
COMMAND: POST /session/ff12bb945472b7ca0752b083f0a6a649/element/f.83A52D51DE7EE447A745C47B9BBA803D.d.B5B386D87B45DE052A89103D3A82C304.e.2628/click - {}
COMMAND: GET /session/ff12bb945472b7ca0752b083f0a6a649/screenshot - {}
RESULT: {}
RESULT: {}
COMMAND: GET /session/ff12bb945472b7ca0752b083f0a6a649/screenshot - {}
RESULT: {}
COMMAND: POST /session/ff12bb945472b7ca0752b083f0a6a649/element - {"using":"xpath","value":"//input[@id=\"application-managesites-display-component---NewSite--siteId-inner\"]"}
RESULT: {}
RESULT: {"using":"xpath","value":"//input[@id=\"application-managesites-display-component---NewSite--siteId-inner\"]"}
COMMAND: POST /session/ff12bb945472b7ca0752b083f0a6a649/element - {"using":"xpath","value":"//input[@id=\"application-managesites-display-component---NewSite--siteId-inner\"]"}
RESULT: {"using":"xpath","value":"//input[@id=\"application-managesites-display-component---NewSite--siteId-inner\"]"}
COMMAND: POST /session/ff12bb945472b7ca0752b083f0a6a649/execute/async - {"script":"<script> [1562 bytes]","args":[{"selector":{"id":"application-managesites-display-component---NewSite--addressDetailDetailsName1","interaction":{"idSuffix":"inner"}},"wdio_ui5_key":"applicationmanagesites-display-component---NewSite--addressDetailDetailsName1"}]}
RESULT: {"script":"<script> [1562 bytes]","args":[{"selector":{"id":"application-managesites-display-component---NewSite--addressDetailDetailsName1","interaction":{"idSuffix":"inner"}},"wdio_ui5_key":"applicationmanagesites-display-component---NewSite--addressDetailDetailsName1"}]}
RESULT: undefined
COMMAND: POST /session/ff12bb945472b7ca0752b083f0a6a649/execute/async - {"script":"<script> [776 bytes]","args":[{"enterText":"Intracompany Site wdIO","selector":{"id":"application-managesites-display-component---NewSite--addressDetailDetailsName1","interaction":{"idSuffix":"inner"}},"clearTextFirst":true,"interactionType":"ENTER_TEXT"}]}
RESULT: {"script":"<script> [776 bytes]","args":[{"enterText":"Intracompany Site wdIO","selector":{"id":"application-managesites-display-component---NewSite--addressDetailDetailsName1","interaction":{"idSuffix":"inner"}},"clearTextFirst":true,"interactionType":"ENTER_TEXT"}]}
COMMAND: POST /session/ff12bb945472b7ca0752b083f0a6a649/execute/async - {"script":"<script> [1562 bytes]","args":[{"selector":{"id":"application-managesites-display-component---NewSite--addressDetailDetailsLanguage-arrow"},"wdio_ui5_key":"applicationmanagesites-display-component---NewSite--addressDetailDetailsLanguage-arrow"}]}
RESULT: {"script":"<script> [1562 bytes]","args":[{"selector":{"id":"application-managesites-display-component---NewSite--addressDetailDetailsLanguage-arrow"},"wdio_ui5_key":"applicationmanagesites-display-component---NewSite--addressDetailDetailsLanguage-arrow"}]}
RESULT: undefined
COMMAND: POST /session/ff12bb945472b7ca0752b083f0a6a649/element - {"using":"xpath","value":"//*[@id=\"application-managesites-display-component---NewSite--addressDetailDetailsLanguage-arrow\"]"}
RESULT: {"using":"xpath","value":"//*[@id=\"application-managesites-display-component---NewSite--addressDetailDetailsLanguage-arrow\"]"}
COMMAND: POST /session/ff12bb945472b7ca0752b083f0a6a649/element/f.83A52D51DE7EE447A745C47B9BBA803D.d.B5B386D87B45DE052A89103D3A82C304.e.3262/click - {}
RESULT: {}
COMMAND: POST /session/ff12bb945472b7ca0752b083f0a6a649/element - {"using":"xpath","value":"//span[contains(text(), \"English\")]"}
COMMAND: GET /session/ff12bb945472b7ca0752b083f0a6a649/screenshot - {}
RESULT: {"using":"xpath","value":"//span[contains(text(), \"English\")]"}
COMMAND: POST /session/ff12bb945472b7ca0752b083f0a6a649/element/f.83A52D51DE7EE447A745C47B9BBA803D.d.B5B386D87B45DE052A89103D3A82C304.e.3263/click - {}
RESULT: {}
RESULT: {}
COMMAND: POST /session/ff12bb945472b7ca0752b083f0a6a649/execute/async - {"script":"<script> [1562 bytes]","args":[{"selector":{"id":"application-managesites-display-component---NewSite--addressDetailDetailsCity1","interaction":{"idSuffix":"inner"}},"wdio_ui5_key":"applicationmanagesites-display-component---NewSite--addressDetailDetailsCity1"}]}
COMMAND: GET /session/ff12bb945472b7ca0752b083f0a6a649/screenshot - {}
RESULT: {"script":"<script> [1562 bytes]","args":[{"selector":{"id":"application-managesites-display-component---NewSite--addressDetailDetailsCity1","interaction":{"idSuffix":"inner"}},"wdio_ui5_key":"applicationmanagesites-display-component---NewSite--addressDetailDetailsCity1"}]}
RESULT: undefined
COMMAND: POST /session/ff12bb945472b7ca0752b083f0a6a649/execute/async - {"script":"<script> [776 bytes]","args":[{"enterText":"Rosario","selector":{"id":"application-managesites-display-component---NewSite--addressDetailDetailsCity1","interaction":{"idSuffix":"inner"}},"clearTextFirst":true,"interactionType":"ENTER_TEXT"}]}
RESULT: {}
RESULT: {"script":"<script> [776 bytes]","args":[{"enterText":"Rosario","selector":{"id":"application-managesites-display-component---NewSite--addressDetailDetailsCity1","interaction":{"idSuffix":"inner"}},"clearTextFirst":true,"interactionType":"ENTER_TEXT"}]}
COMMAND: POST /session/ff12bb945472b7ca0752b083f0a6a649/execute/async - {"script":"<script> [1562 bytes]","args":[{"selector":{"id":"application-managesites-display-component---NewSite--addressDetailDetailsCountry-arrow"},"wdio_ui5_key":"applicationmanagesites-display-component---NewSite--addressDetailDetailsCountry-arrow"}]}
RESULT: {"script":"<script> [1562 bytes]","args":[{"selector":{"id":"application-managesites-display-component---NewSite--addressDetailDetailsCountry-arrow"},"wdio_ui5_key":"applicationmanagesites-display-component---NewSite--addressDetailDetailsCountry-arrow"}]}
RESULT: undefined
COMMAND: POST /session/ff12bb945472b7ca0752b083f0a6a649/element - {"using":"xpath","value":"//*[@id=\"application-managesites-display-component---NewSite--addressDetailDetailsCountry-arrow\"]"}
RESULT: {"using":"xpath","value":"//*[@id=\"application-managesites-display-component---NewSite--addressDetailDetailsCountry-arrow\"]"}
COMMAND: POST /session/ff12bb945472b7ca0752b083f0a6a649/element/f.83A52D51DE7EE447A745C47B9BBA803D.d.B5B386D87B45DE052A89103D3A82C304.e.3265/click - {}
RESULT: {}
COMMAND: POST /session/ff12bb945472b7ca0752b083f0a6a649/element - {"using":"xpath","value":"//span[contains(text(), \"Argentina\")]"}
COMMAND: GET /session/ff12bb945472b7ca0752b083f0a6a649/screenshot - {}
RESULT: {"using":"xpath","value":"//span[contains(text(), \"Argentina\")]"}
COMMAND: POST /session/ff12bb945472b7ca0752b083f0a6a649/element/f.83A52D51DE7EE447A745C47B9BBA803D.d.B5B386D87B45DE052A89103D3A82C304.e.3266/click - {}
RESULT: {}
RESULT: {}
COMMAND: GET /session/ff12bb945472b7ca0752b083f0a6a649/screenshot - {}
RESULT: {}
COMMAND: POST /session/ff12bb945472b7ca0752b083f0a6a649/execute/async - {"script":"<script> [1562 bytes]","args":[{"selector":{"id":"application-managesites-display-component---NewSite--addressEditDetailsCostObjectCstType-arrow"},"wdio_ui5_key":"applicationmanagesites-display-component---NewSite--addressEditDetailsCostObjectCstType-arrow"}]}
RESULT: {"script":"<script> [1562 bytes]","args":[{"selector":{"id":"application-managesites-display-component---NewSite--addressEditDetailsCostObjectCstType-arrow"},"wdio_ui5_key":"applicationmanagesites-display-component---NewSite--addressEditDetailsCostObjectCstType-arrow"}]}
RESULT: undefined
COMMAND: POST /session/ff12bb945472b7ca0752b083f0a6a649/element - {"using":"xpath","value":"//*[@id=\"application-managesites-display-component---NewSite--addressEditDetailsCostObjectCstType-arrow\"]"}
RESULT: {"using":"xpath","value":"//*[@id=\"application-managesites-display-component---NewSite--addressEditDetailsCostObjectCstType-arrow\"]"}
COMMAND: POST /session/ff12bb945472b7ca0752b083f0a6a649/element/f.83A52D51DE7EE447A745C47B9BBA803D.d.B5B386D87B45DE052A89103D3A82C304.e.3268/click - {}
RESULT: {}
COMMAND: POST /session/ff12bb945472b7ca0752b083f0a6a649/element - {"using":"xpath","value":"//span[contains(text(), \"Cost Center\")]"}
COMMAND: GET /session/ff12bb945472b7ca0752b083f0a6a649/screenshot - {}
RESULT: {"using":"xpath","value":"//span[contains(text(), \"Cost Center\")]"}
COMMAND: POST /session/ff12bb945472b7ca0752b083f0a6a649/element/f.83A52D51DE7EE447A745C47B9BBA803D.d.B5B386D87B45DE052A89103D3A82C304.e.3269/click - {}
RESULT: {}
RESULT: {}
COMMAND: GET /session/ff12bb945472b7ca0752b083f0a6a649/screenshot - {}
RESULT: {}
COMMAND: POST /session/ff12bb945472b7ca0752b083f0a6a649/element - {"using":"xpath","value":"//span[@id=\"application-managesites-display-component---NewSite--addressNewCostObjectCstID-vhi\"]"}
RESULT: {"using":"xpath","value":"//span[@id=\"application-managesites-display-component---NewSite--addressNewCostObjectCstID-vhi\"]"}
COMMAND: POST /session/ff12bb945472b7ca0752b083f0a6a649/execute/sync - {"script":"<script> [8489 bytes]","args":[{"element-6066-11e4-a52e-4f735466cecf":"f.83A52D51DE7EE447A745C47B9BBA803D.d.B5B386D87B45DE052A89103D3A82C304.e.3274","ELEMENT":"f.83A52D51DE7EE447A745C47B9BBA803D.d.B5B386D87B45DE052A89103D3A82C304.e.3274"}]}
RESULT: {"script":"<script> [8489 bytes]","args":[{"element-6066-11e4-a52e-4f735466cecf":"f.83A52D51DE7EE447A745C47B9BBA803D.d.B5B386D87B45DE052A89103D3A82C304.e.3274","ELEMENT":"f.83A52D51DE7EE447A745C47B9BBA803D.d.B5B386D87B45DE052A89103D3A82C304.e.3274"}]}
COMMAND: POST /session/ff12bb945472b7ca0752b083f0a6a649/execute/async - {"script":"<script> [1562 bytes]","args":[{"selector":{"id":"application-managesites-display-component---NewSite--addressNewCostObjectCstID-vhi"},"wdio_ui5_key":"applicationmanagesites-display-component---NewSite--addressNewCostObjectCstID-vhi"}]}
COMMAND: GET /session/ff12bb945472b7ca0752b083f0a6a649/screenshot - {}
RESULT: {"script":"<script> [1562 bytes]","args":[{"selector":{"id":"application-managesites-display-component---NewSite--addressNewCostObjectCstID-vhi"},"wdio_ui5_key":"applicationmanagesites-display-component---NewSite--addressNewCostObjectCstID-vhi"}]}
RESULT: undefined
COMMAND: POST /session/ff12bb945472b7ca0752b083f0a6a649/element - {"using":"xpath","value":"//*[@id=\"application-managesites-display-component---NewSite--addressNewCostObjectCstID-vhi\"]"}
RESULT: {}
RESULT: {"using":"xpath","value":"//*[@id=\"application-managesites-display-component---NewSite--addressNewCostObjectCstID-vhi\"]"}
COMMAND: POST /session/ff12bb945472b7ca0752b083f0a6a649/element/f.83A52D51DE7EE447A745C47B9BBA803D.d.B5B386D87B45DE052A89103D3A82C304.e.3274/click - {}
RESULT: {}
COMMAND: GET /session/ff12bb945472b7ca0752b083f0a6a649/screenshot - {}
RESULT: {}
RESULT: undefined
COMMAND: POST /session/ff12bb945472b7ca0752b083f0a6a649/execute/async - {"script":"<script> [776 bytes]","args":[{"enterText":"10001013","selector":{"controlType":"sap.m.SearchField","properties":{"placeholder":"Search"},"searchOpenDialogs":true,"interaction":{"idSuffix":"I"}},"clearTextFirst":true,"interactionType":"ENTER_TEXT"}]}
RESULT: {"script":"<script> [776 bytes]","args":[{"enterText":"10001013","selector":{"controlType":"sap.m.SearchField","properties":{"placeholder":"Search"},"searchOpenDialogs":true,"interaction":{"idSuffix":"I"}},"clearTextFirst":true,"interactionType":"ENTER_TEXT"}]}
COMMAND: POST /session/ff12bb945472b7ca0752b083f0a6a649/actions - {"actions":[{"id":"action8","type":"key","parameters":{},"actions":[{"type":"keyDown","value":"î€‡"},{"type":"pause","duration":10},{"type":"keyUp","value":"î€‡"}]}]}
RESULT: {"actions":[{"id":"action8","type":"key","parameters":{},"actions":[{"type":"keyDown","value":"î€‡"},{"type":"pause","duration":10},{"type":"keyUp","value":"î€‡"}]}]}
COMMAND: GET /session/ff12bb945472b7ca0752b083f0a6a649/screenshot - {}
RESULT: {}
COMMAND: POST /session/ff12bb945472b7ca0752b083f0a6a649/element - {"using":"xpath","value":"//span[contains(text(), \"General Management\")]"}
RESULT: {"using":"xpath","value":"//span[contains(text(), \"General Management\")]"}
COMMAND: POST /session/ff12bb945472b7ca0752b083f0a6a649/element/f.83A52D51DE7EE447A745C47B9BBA803D.d.B5B386D87B45DE052A89103D3A82C304.e.3313/click - {}
RESULT: {}
COMMAND: GET /session/ff12bb945472b7ca0752b083f0a6a649/screenshot - {}
RESULT: {}
COMMAND: POST /session/ff12bb945472b7ca0752b083f0a6a649/element - {"using":"xpath","value":"//bdi[contains(text(), \"OK\")]"}
RESULT: {"using":"xpath","value":"//bdi[contains(text(), \"OK\")]"}
COMMAND: POST /session/ff12bb945472b7ca0752b083f0a6a649/element/f.83A52D51DE7EE447A745C47B9BBA803D.d.B5B386D87B45DE052A89103D3A82C304.e.3314/click - {}
RESULT: {}
COMMAND: GET /session/ff12bb945472b7ca0752b083f0a6a649/screenshot - {}
RESULT: {}
COMMAND: POST /session/ff12bb945472b7ca0752b083f0a6a649/element - {"using":"xpath","value":"//input[@id=\"application-managesites-display-component---NewSite--addressDetailDetailsCalendar-inner\"]"}
RESULT: {"using":"xpath","value":"//input[@id=\"application-managesites-display-component---NewSite--addressDetailDetailsCalendar-inner\"]"}
COMMAND: POST /session/ff12bb945472b7ca0752b083f0a6a649/element/f.83A52D51DE7EE447A745C47B9BBA803D.d.B5B386D87B45DE052A89103D3A82C304.e.3064/clear - {}
RESULT: {}
COMMAND: POST /session/ff12bb945472b7ca0752b083f0a6a649/element/f.83A52D51DE7EE447A745C47B9BBA803D.d.B5B386D87B45DE052A89103D3A82C304.e.3064/value - {"text":"Unit"}
COMMAND: GET /session/ff12bb945472b7ca0752b083f0a6a649/screenshot - {}
RESULT: {"text":"Unit"}
COMMAND: GET /session/ff12bb945472b7ca0752b083f0a6a649/screenshot - {}
RESULT: {}
RESULT: {}
COMMAND: POST /session/ff12bb945472b7ca0752b083f0a6a649/actions - {"actions":[{"id":"action9","type":"key","parameters":{},"actions":[{"type":"keyDown","value":"î€‡"},{"type":"pause","duration":10},{"type":"keyUp","value":"î€‡"}]}]}
RESULT: {"actions":[{"id":"action9","type":"key","parameters":{},"actions":[{"type":"keyDown","value":"î€‡"},{"type":"pause","duration":10},{"type":"keyUp","value":"î€‡"}]}]}
COMMAND: POST /session/ff12bb945472b7ca0752b083f0a6a649/element - {"using":"xpath","value":"//input[@id=\"application-managesites-display-component---NewSite--addressDetailDetailsYard-inner\"]"}
COMMAND: GET /session/ff12bb945472b7ca0752b083f0a6a649/screenshot - {}
RESULT: {"using":"xpath","value":"//input[@id=\"application-managesites-display-component---NewSite--addressDetailDetailsYard-inner\"]"}
COMMAND: POST /session/ff12bb945472b7ca0752b083f0a6a649/element/f.83A52D51DE7EE447A745C47B9BBA803D.d.B5B386D87B45DE052A89103D3A82C304.e.3065/clear - {}
RESULT: {}
RESULT: {}
COMMAND: POST /session/ff12bb945472b7ca0752b083f0a6a649/element/f.83A52D51DE7EE447A745C47B9BBA803D.d.B5B386D87B45DE052A89103D3A82C304.e.3065/value - {"text":"567"}
COMMAND: GET /session/ff12bb945472b7ca0752b083f0a6a649/screenshot - {}
RESULT: {"text":"567"}
COMMAND: GET /session/ff12bb945472b7ca0752b083f0a6a649/screenshot - {}
RESULT: {}
RESULT: {}
COMMAND: POST /session/ff12bb945472b7ca0752b083f0a6a649/element - {"using":"xpath","value":"//li[.//span[text()='567']]"}
RESULT: {"using":"xpath","value":"//li[.//span[text()='567']]"}
COMMAND: POST /session/ff12bb945472b7ca0752b083f0a6a649/element/f.83A52D51DE7EE447A745C47B9BBA803D.d.B5B386D87B45DE052A89103D3A82C304.e.3322/click - {}
RESULT: {}
COMMAND: GET /session/ff12bb945472b7ca0752b083f0a6a649/screenshot - {}
RESULT: {}
COMMAND: POST /session/ff12bb945472b7ca0752b083f0a6a649/element - {"using":"xpath","value":"//input[@id=\"application-managesites-display-component---NewSite--addressDetailDetailsPartner-inner\"]"}
RESULT: {"using":"xpath","value":"//input[@id=\"application-managesites-display-component---NewSite--addressDetailDetailsPartner-inner\"]"}
COMMAND: POST /session/ff12bb945472b7ca0752b083f0a6a649/element - {"using":"xpath","value":"//input[@id=\"application-managesites-display-component---NewSite--addressDetailDetailsPartner-inner\"]"}
RESULT: {"using":"xpath","value":"//input[@id=\"application-managesites-display-component---NewSite--addressDetailDetailsPartner-inner\"]"}
COMMAND: POST /session/ff12bb945472b7ca0752b083f0a6a649/element - {"using":"xpath","value":"//button[@data-kt=\"saveButton\"]"}
RESULT: {"using":"xpath","value":"//button[@data-kt=\"saveButton\"]"}
COMMAND: POST /session/ff12bb945472b7ca0752b083f0a6a649/element/f.83A52D51DE7EE447A745C47B9BBA803D.d.B5B386D87B45DE052A89103D3A82C304.e.3203/click - {}
RESULT: {}
COMMAND: GET /session/ff12bb945472b7ca0752b083f0a6a649/screenshot - {}
RESULT: {}
COMMAND: POST /session/ff12bb945472b7ca0752b083f0a6a649/element - {"using":"xpath","value":"//header[contains(@id, 'ObjectPageLayout-headerTitle')]/div[1]/div[2]/div[2]/span[1]"}
RESULT: {"using":"xpath","value":"//header[contains(@id, 'ObjectPageLayout-headerTitle')]/div[1]/div[2]/div[2]/span[1]"}
COMMAND: POST /session/ff12bb945472b7ca0752b083f0a6a649/elements - {"using":"xpath","value":"//header[contains(@id, 'ObjectPageLayout-headerTitle')]/div[1]/div[2]/div[2]/span[1]"}
RESULT: {"using":"xpath","value":"//header[contains(@id, 'ObjectPageLayout-headerTitle')]/div[1]/div[2]/div[2]/span[1]"}
COMMAND: POST /session/ff12bb945472b7ca0752b083f0a6a649/execute/sync - {"script":"<script> [56 bytes]","args":[{"element-6066-11e4-a52e-4f735466cecf":"f.83A52D51DE7EE447A745C47B9BBA803D.d.B5B386D87B45DE052A89103D3A82C304.e.3527","ELEMENT":"f.83A52D51DE7EE447A745C47B9BBA803D.d.B5B386D87B45DE052A89103D3A82C304.e.3527"}]}
RESULT: {"script":"<script> [56 bytes]","args":[{"element-6066-11e4-a52e-4f735466cecf":"f.83A52D51DE7EE447A745C47B9BBA803D.d.B5B386D87B45DE052A89103D3A82C304.e.3527","ELEMENT":"f.83A52D51DE7EE447A745C47B9BBA803D.d.B5B386D87B45DE052A89103D3A82C304.e.3527"}]}
COMMAND: POST /session/ff12bb945472b7ca0752b083f0a6a649/element - {"using":"css selector","value":"#shell-header-logo"}
COMMAND: GET /session/ff12bb945472b7ca0752b083f0a6a649/screenshot - {}
RESULT: {"using":"css selector","value":"#shell-header-logo"}
COMMAND: POST /session/ff12bb945472b7ca0752b083f0a6a649/element/f.83A52D51DE7EE447A745C47B9BBA803D.d.B5B386D87B45DE052A89103D3A82C304.e.2585/click - {}
RESULT: {}
RESULT: {}
COMMAND: GET /session/ff12bb945472b7ca0752b083f0a6a649/screenshot - {}
RESULT: {}
COMMAND: POST /session/ff12bb945472b7ca0752b083f0a6a649/execute/sync - {"script":"<script> [299 bytes]","args":[["getModel","getResource"]]}
RESULT: {"script":"<script> [299 bytes]","args":[["getModel","getResource"]]}
COMMAND: POST /session/ff12bb945472b7ca0752b083f0a6a649/actions - {"actions":[{"id":"action10","type":"key","parameters":{},"actions":[{"type":"keyDown","value":"î€‡"},{"type":"pause","duration":10},{"type":"keyUp","value":"î€‡"}]}]}
COMMAND: GET /session/ff12bb945472b7ca0752b083f0a6a649/screenshot - {}
RESULT: {"actions":[{"id":"action10","type":"key","parameters":{},"actions":[{"type":"keyDown","value":"î€‡"},{"type":"pause","duration":10},{"type":"keyUp","value":"î€‡"}]}]}
COMMAND: GET /session/ff12bb945472b7ca0752b083f0a6a649/screenshot - {}
RESULT: {}
RESULT: {}
COMMAND: POST /session/ff12bb945472b7ca0752b083f0a6a649/refresh - {}
RESULT: {}
COMMAND: GET /session/ff12bb945472b7ca0752b083f0a6a649/screenshot - {}
RESULT: {}
COMMAND: POST /session/ff12bb945472b7ca0752b083f0a6a649/refresh - {}
RESULT: {}
COMMAND: GET /session/ff12bb945472b7ca0752b083f0a6a649/screenshot - {}
RESULT: {}
COMMAND: POST /session/ff12bb945472b7ca0752b083f0a6a649/window/fullscreen - {}
RESULT: {}
COMMAND: POST /session/ff12bb945472b7ca0752b083f0a6a649/execute/async - {"script":"<script> [189 bytes]","args":[]}
RESULT: {"script":"<script> [189 bytes]","args":[]}
COMMAND: POST /session/ff12bb945472b7ca0752b083f0a6a649/execute/async - {"script":"<script> [123 bytes]","args":[]}
RESULT: {"script":"<script> [123 bytes]","args":[]}
COMMAND: POST /session/ff12bb945472b7ca0752b083f0a6a649/timeouts - {"script":"<number>"}
RESULT: {"script":"<number>"}
COMMAND: GET /session/ff12bb945472b7ca0752b083f0a6a649/timeouts - {}
RESULT: {}
RESULT: undefined
COMMAND: POST /session/ff12bb945472b7ca0752b083f0a6a649/execute/async - {"script":"<script> [2676 bytes]","args":[]}
RESULT: {"script":"<script> [2676 bytes]","args":[]}
COMMAND: POST /session/ff12bb945472b7ca0752b083f0a6a649/execute/async - {"script":"<script> [2342 bytes]","args":[{"protocol":"http","hostname":"0.0.0.0","path":"/","capabilities":{"browserName":"chrome","goog:chromeOptions":{"binary":"C:\\Program Files\\Google\\Chrome\\Application\\chrome.exe","args":["--start-maximized"]}},"logLevel":"warn","connectionRetryTimeout":120000,"connectionRetryCount":3,"logLevels":{},"enableDirectConnect":true,"strictSSL":true,"_":"65 more keys: [\"cacheDir\",\"port\",\"requestedCapabilities\",\"automationProtocol\",\"baseUrl\",\"waitforInterval\",\"waitforTimeout\",\"onReload\",\"beforeCommand\",\"afterCommand\",\"rootDir\",\"specs\",\"suites\",\"exclude\",\"groupLogsByTestSpec\",\"excludeDriverLogs\",\"bail\",\"framework\",\"reporters\",\"services\",\"maxInstances\",\"maxInstancesPerCapability\",\"injectGlobals\",\"filesToWatch\",\"execArgv\",\"runnerEnv\",\"runner\",\"shard\",\"specFileRetries\",\"specFileRetriesDelay\",\"specFileRetriesDeferred\",\"reporterSyncInterval\",\"reporterSyncTimeout\",\"cucumberFeaturesWithLineNumbers\",\"autoCompileOpts\",\"mochaOpts\",\"jasmineOpts\",\"cucumberOpts\",\"onPrepare\",\"onWorkerStart\",\"onWorkerEnd\",\"before\",\"beforeSession\",\"beforeSuite\",\"beforeHook\",\"beforeTest\",\"afterTest\",\"afterHook\",\"afterSuite\",\"afterSession\",\"after\",\"onComplete\",\"beforeAssertion\",\"afterAssertion\",\"beforeFeature\",\"beforeScenario\",\"beforeStep\",\"afterStep\",\"afterScenario\",\"afterFeature\",\"_\",\"suite\",\"$0\",\"ignoredWorkerServices\",\"wdi5\"]"}]}
RESULT: {"script":"<script> [2342 bytes]","args":[{"protocol":"http","hostname":"0.0.0.0","path":"/","capabilities":{"browserName":"chrome","goog:chromeOptions":{"binary":"C:\\Program Files\\Google\\Chrome\\Application\\chrome.exe","args":["--start-maximized"]}},"logLevel":"warn","connectionRetryTimeout":120000,"connectionRetryCount":3,"logLevels":{},"enableDirectConnect":true,"strictSSL":true,"_":"65 more keys: [\"cacheDir\",\"port\",\"requestedCapabilities\",\"automationProtocol\",\"baseUrl\",\"waitforInterval\",\"waitforTimeout\",\"onReload\",\"beforeCommand\",\"afterCommand\",\"rootDir\",\"specs\",\"suites\",\"exclude\",\"groupLogsByTestSpec\",\"excludeDriverLogs\",\"bail\",\"framework\",\"reporters\",\"services\",\"maxInstances\",\"maxInstancesPerCapability\",\"injectGlobals\",\"filesToWatch\",\"execArgv\",\"runnerEnv\",\"runner\",\"shard\",\"specFileRetries\",\"specFileRetriesDelay\",\"specFileRetriesDeferred\",\"reporterSyncInterval\",\"reporterSyncTimeout\",\"cucumberFeaturesWithLineNumbers\",\"autoCompileOpts\",\"mochaOpts\",\"jasmineOpts\",\"cucumberOpts\",\"onPrepare\",\"onWorkerStart\",\"onWorkerEnd\",\"before\",\"beforeSession\",\"beforeSuite\",\"beforeHook\",\"beforeTest\",\"afterTest\",\"afterHook\",\"afterSuite\",\"afterSession\",\"after\",\"onComplete\",\"beforeAssertion\",\"afterAssertion\",\"beforeFeature\",\"beforeScenario\",\"beforeStep\",\"afterStep\",\"afterScenario\",\"afterFeature\",\"_\",\"suite\",\"$0\",\"ignoredWorkerServices\",\"wdi5\"]"}]}
COMMAND: POST /session/ff12bb945472b7ca0752b083f0a6a649/execute/async - {"script":"<script> [21126 bytes]","args":[35000]}
RESULT: {"script":"<script> [21126 bytes]","args":[35000]}
COMMAND: POST /session/ff12bb945472b7ca0752b083f0a6a649/window/fullscreen - {}
RESULT: {}
]]></system-out>
    </testcase>
    <testcase classname="chrome.136_0_7103_93.windows.Billing_Transfer_-_Intracompany_US127249" name="Should create a new equipment" time="149.101">
      <system-out><![CDATA[
COMMAND: POST /session/ff12bb945472b7ca0752b083f0a6a649/execute/async - {"script":"<script> [1562 bytes]","args":[{"selector":{"controlType":"sap.m.GenericTile","properties":{"header":"Manage Resources"}},"wdio_ui5_key":"sapm.GenericTile{\"header\":\"Manage Resources\"}"}]}
RESULT: {"script":"<script> [1562 bytes]","args":[{"selector":{"controlType":"sap.m.GenericTile","properties":{"header":"Manage Resources"}},"wdio_ui5_key":"sapm.GenericTile{\"header\":\"Manage Resources\"}"}]}
RESULT: undefined
COMMAND: POST /session/ff12bb945472b7ca0752b083f0a6a649/element - {"using":"xpath","value":"//*[@id=\"__tile31\"]"}
RESULT: {"using":"xpath","value":"//*[@id=\"__tile31\"]"}
COMMAND: POST /session/ff12bb945472b7ca0752b083f0a6a649/element/f.83A52D51DE7EE447A745C47B9BBA803D.d.9C63445CB24D14180CBE0652E34AEBFC.e.3605/click - {}
RESULT: {}
COMMAND: GET /session/ff12bb945472b7ca0752b083f0a6a649/screenshot - {}
RESULT: {}
COMMAND: POST /session/ff12bb945472b7ca0752b083f0a6a649/elements - {"using":"xpath","value":"//span[text()='Error']"}
RESULT: {"using":"xpath","value":"//span[text()='Error']"}
COMMAND: POST /session/ff12bb945472b7ca0752b083f0a6a649/element - {"using":"xpath","value":"//button[@data-kt=\"addNewRUOverflowToolbarButton\"]"}
RESULT: {"using":"xpath","value":"//button[@data-kt=\"addNewRUOverflowToolbarButton\"]"}
COMMAND: POST /session/ff12bb945472b7ca0752b083f0a6a649/elements - {"using":"xpath","value":"//button[@data-kt=\"addNewRUOverflowToolbarButton\"]"}
RESULT: {"using":"xpath","value":"//button[@data-kt=\"addNewRUOverflowToolbarButton\"]"}
COMMAND: POST /session/ff12bb945472b7ca0752b083f0a6a649/elements - {"using":"xpath","value":"//button[@data-kt=\"addNewRUOverflowToolbarButton\"]"}
RESULT: {"using":"xpath","value":"//button[@data-kt=\"addNewRUOverflowToolbarButton\"]"}
COMMAND: POST /session/ff12bb945472b7ca0752b083f0a6a649/elements - {"using":"xpath","value":"//button[@data-kt=\"addNewRUOverflowToolbarButton\"]"}
RESULT: {"using":"xpath","value":"//button[@data-kt=\"addNewRUOverflowToolbarButton\"]"}
COMMAND: POST /session/ff12bb945472b7ca0752b083f0a6a649/elements - {"using":"xpath","value":"//button[@data-kt=\"addNewRUOverflowToolbarButton\"]"}
RESULT: {"using":"xpath","value":"//button[@data-kt=\"addNewRUOverflowToolbarButton\"]"}
COMMAND: POST /session/ff12bb945472b7ca0752b083f0a6a649/elements - {"using":"xpath","value":"//button[@data-kt=\"addNewRUOverflowToolbarButton\"]"}
RESULT: {"using":"xpath","value":"//button[@data-kt=\"addNewRUOverflowToolbarButton\"]"}
COMMAND: POST /session/ff12bb945472b7ca0752b083f0a6a649/elements - {"using":"xpath","value":"//button[@data-kt=\"addNewRUOverflowToolbarButton\"]"}
RESULT: {"using":"xpath","value":"//button[@data-kt=\"addNewRUOverflowToolbarButton\"]"}
COMMAND: POST /session/ff12bb945472b7ca0752b083f0a6a649/elements - {"using":"xpath","value":"//button[@data-kt=\"addNewRUOverflowToolbarButton\"]"}
RESULT: {"using":"xpath","value":"//button[@data-kt=\"addNewRUOverflowToolbarButton\"]"}
COMMAND: POST /session/ff12bb945472b7ca0752b083f0a6a649/elements - {"using":"xpath","value":"//button[@data-kt=\"addNewRUOverflowToolbarButton\"]"}
RESULT: {"using":"xpath","value":"//button[@data-kt=\"addNewRUOverflowToolbarButton\"]"}
COMMAND: POST /session/ff12bb945472b7ca0752b083f0a6a649/elements - {"using":"xpath","value":"//button[@data-kt=\"addNewRUOverflowToolbarButton\"]"}
RESULT: {"using":"xpath","value":"//button[@data-kt=\"addNewRUOverflowToolbarButton\"]"}
COMMAND: POST /session/ff12bb945472b7ca0752b083f0a6a649/elements - {"using":"xpath","value":"//button[@data-kt=\"addNewRUOverflowToolbarButton\"]"}
RESULT: {"using":"xpath","value":"//button[@data-kt=\"addNewRUOverflowToolbarButton\"]"}
COMMAND: POST /session/ff12bb945472b7ca0752b083f0a6a649/elements - {"using":"xpath","value":"//button[@data-kt=\"addNewRUOverflowToolbarButton\"]"}
RESULT: {"using":"xpath","value":"//button[@data-kt=\"addNewRUOverflowToolbarButton\"]"}
COMMAND: POST /session/ff12bb945472b7ca0752b083f0a6a649/elements - {"using":"xpath","value":"//button[@data-kt=\"addNewRUOverflowToolbarButton\"]"}
RESULT: {"using":"xpath","value":"//button[@data-kt=\"addNewRUOverflowToolbarButton\"]"}
COMMAND: POST /session/ff12bb945472b7ca0752b083f0a6a649/elements - {"using":"xpath","value":"//button[@data-kt=\"addNewRUOverflowToolbarButton\"]"}
RESULT: {"using":"xpath","value":"//button[@data-kt=\"addNewRUOverflowToolbarButton\"]"}
COMMAND: POST /session/ff12bb945472b7ca0752b083f0a6a649/elements - {"using":"xpath","value":"//button[@data-kt=\"addNewRUOverflowToolbarButton\"]"}
RESULT: {"using":"xpath","value":"//button[@data-kt=\"addNewRUOverflowToolbarButton\"]"}
COMMAND: POST /session/ff12bb945472b7ca0752b083f0a6a649/elements - {"using":"xpath","value":"//button[@data-kt=\"addNewRUOverflowToolbarButton\"]"}
RESULT: {"using":"xpath","value":"//button[@data-kt=\"addNewRUOverflowToolbarButton\"]"}
COMMAND: POST /session/ff12bb945472b7ca0752b083f0a6a649/elements - {"using":"xpath","value":"//button[@data-kt=\"addNewRUOverflowToolbarButton\"]"}
RESULT: {"using":"xpath","value":"//button[@data-kt=\"addNewRUOverflowToolbarButton\"]"}
COMMAND: POST /session/ff12bb945472b7ca0752b083f0a6a649/elements - {"using":"xpath","value":"//button[@data-kt=\"addNewRUOverflowToolbarButton\"]"}
RESULT: {"using":"xpath","value":"//button[@data-kt=\"addNewRUOverflowToolbarButton\"]"}
COMMAND: POST /session/ff12bb945472b7ca0752b083f0a6a649/elements - {"using":"xpath","value":"//button[@data-kt=\"addNewRUOverflowToolbarButton\"]"}
RESULT: {"using":"xpath","value":"//button[@data-kt=\"addNewRUOverflowToolbarButton\"]"}
COMMAND: POST /session/ff12bb945472b7ca0752b083f0a6a649/elements - {"using":"xpath","value":"//button[@data-kt=\"addNewRUOverflowToolbarButton\"]"}
RESULT: {"using":"xpath","value":"//button[@data-kt=\"addNewRUOverflowToolbarButton\"]"}
COMMAND: POST /session/ff12bb945472b7ca0752b083f0a6a649/elements - {"using":"xpath","value":"//button[@data-kt=\"addNewRUOverflowToolbarButton\"]"}
RESULT: {"using":"xpath","value":"//button[@data-kt=\"addNewRUOverflowToolbarButton\"]"}
COMMAND: POST /session/ff12bb945472b7ca0752b083f0a6a649/elements - {"using":"xpath","value":"//button[@data-kt=\"addNewRUOverflowToolbarButton\"]"}
RESULT: {"using":"xpath","value":"//button[@data-kt=\"addNewRUOverflowToolbarButton\"]"}
COMMAND: POST /session/ff12bb945472b7ca0752b083f0a6a649/elements - {"using":"xpath","value":"//button[@data-kt=\"addNewRUOverflowToolbarButton\"]"}
RESULT: {"using":"xpath","value":"//button[@data-kt=\"addNewRUOverflowToolbarButton\"]"}
COMMAND: POST /session/ff12bb945472b7ca0752b083f0a6a649/element - {"using":"xpath","value":"//button[@data-kt=\"addNewRUOverflowToolbarButton\"]"}
RESULT: {"using":"xpath","value":"//button[@data-kt=\"addNewRUOverflowToolbarButton\"]"}
COMMAND: POST /session/ff12bb945472b7ca0752b083f0a6a649/execute/sync - {"script":"<script> [8489 bytes]","args":[{"element-6066-11e4-a52e-4f735466cecf":"f.83A52D51DE7EE447A745C47B9BBA803D.d.9C63445CB24D14180CBE0652E34AEBFC.e.3714","ELEMENT":"f.83A52D51DE7EE447A745C47B9BBA803D.d.9C63445CB24D14180CBE0652E34AEBFC.e.3714"}]}
RESULT: {"script":"<script> [8489 bytes]","args":[{"element-6066-11e4-a52e-4f735466cecf":"f.83A52D51DE7EE447A745C47B9BBA803D.d.9C63445CB24D14180CBE0652E34AEBFC.e.3714","ELEMENT":"f.83A52D51DE7EE447A745C47B9BBA803D.d.9C63445CB24D14180CBE0652E34AEBFC.e.3714"}]}
COMMAND: GET /session/ff12bb945472b7ca0752b083f0a6a649/element/f.83A52D51DE7EE447A745C47B9BBA803D.d.9C63445CB24D14180CBE0652E34AEBFC.e.3714/enabled - {}
COMMAND: GET /session/ff12bb945472b7ca0752b083f0a6a649/screenshot - {}
RESULT: {}
COMMAND: POST /session/ff12bb945472b7ca0752b083f0a6a649/execute/sync - {"script":"<script> [8489 bytes]","args":[{"element-6066-11e4-a52e-4f735466cecf":"f.83A52D51DE7EE447A745C47B9BBA803D.d.9C63445CB24D14180CBE0652E34AEBFC.e.3714","ELEMENT":"f.83A52D51DE7EE447A745C47B9BBA803D.d.9C63445CB24D14180CBE0652E34AEBFC.e.3714"}]}
COMMAND: GET /session/ff12bb945472b7ca0752b083f0a6a649/screenshot - {}
RESULT: {}
RESULT: {"script":"<script> [8489 bytes]","args":[{"element-6066-11e4-a52e-4f735466cecf":"f.83A52D51DE7EE447A745C47B9BBA803D.d.9C63445CB24D14180CBE0652E34AEBFC.e.3714","ELEMENT":"f.83A52D51DE7EE447A745C47B9BBA803D.d.9C63445CB24D14180CBE0652E34AEBFC.e.3714"}]}
COMMAND: POST /session/ff12bb945472b7ca0752b083f0a6a649/execute/sync - {"script":"<script> [5351 bytes]","args":[{"element-6066-11e4-a52e-4f735466cecf":"f.83A52D51DE7EE447A745C47B9BBA803D.d.9C63445CB24D14180CBE0652E34AEBFC.e.3714","ELEMENT":"f.83A52D51DE7EE447A745C47B9BBA803D.d.9C63445CB24D14180CBE0652E34AEBFC.e.3714"}]}
COMMAND: GET /session/ff12bb945472b7ca0752b083f0a6a649/screenshot - {}
RESULT: {}
RESULT: {"script":"<script> [5351 bytes]","args":[{"element-6066-11e4-a52e-4f735466cecf":"f.83A52D51DE7EE447A745C47B9BBA803D.d.9C63445CB24D14180CBE0652E34AEBFC.e.3714","ELEMENT":"f.83A52D51DE7EE447A745C47B9BBA803D.d.9C63445CB24D14180CBE0652E34AEBFC.e.3714"}]}
COMMAND: POST /session/ff12bb945472b7ca0752b083f0a6a649/element/f.83A52D51DE7EE447A745C47B9BBA803D.d.9C63445CB24D14180CBE0652E34AEBFC.e.3714/click - {}
COMMAND: GET /session/ff12bb945472b7ca0752b083f0a6a649/screenshot - {}
RESULT: {}
RESULT: {}
COMMAND: GET /session/ff12bb945472b7ca0752b083f0a6a649/screenshot - {}
RESULT: {}
RESULT: {}
COMMAND: POST /session/ff12bb945472b7ca0752b083f0a6a649/execute/async - {"script":"<script> [1562 bytes]","args":[{"selector":{"id":"application-manageresources-display-component---newResourceUnit--TYPE-arrow"},"wdio_ui5_key":"applicationmanageresources-display-component---newResourceUnit--TYPE-arrow"}]}
RESULT: {"script":"<script> [1562 bytes]","args":[{"selector":{"id":"application-manageresources-display-component---newResourceUnit--TYPE-arrow"},"wdio_ui5_key":"applicationmanageresources-display-component---newResourceUnit--TYPE-arrow"}]}
RESULT: undefined
COMMAND: POST /session/ff12bb945472b7ca0752b083f0a6a649/element - {"using":"xpath","value":"//*[@id=\"application-manageresources-display-component---newResourceUnit--TYPE-arrow\"]"}
RESULT: {"using":"xpath","value":"//*[@id=\"application-manageresources-display-component---newResourceUnit--TYPE-arrow\"]"}
COMMAND: POST /session/ff12bb945472b7ca0752b083f0a6a649/element/f.83A52D51DE7EE447A745C47B9BBA803D.d.9C63445CB24D14180CBE0652E34AEBFC.e.4074/click - {}
RESULT: {}
COMMAND: POST /session/ff12bb945472b7ca0752b083f0a6a649/element - {"using":"xpath","value":"//input[@id=\"application-manageresources-display-component---newResourceUnit--TYPE-inner\"]"}
COMMAND: GET /session/ff12bb945472b7ca0752b083f0a6a649/screenshot - {}
RESULT: {"using":"xpath","value":"//input[@id=\"application-manageresources-display-component---newResourceUnit--TYPE-inner\"]"}
COMMAND: POST /session/ff12bb945472b7ca0752b083f0a6a649/element/f.83A52D51DE7EE447A745C47B9BBA803D.d.9C63445CB24D14180CBE0652E34AEBFC.e.4066/clear - {}
RESULT: {}
RESULT: {}
COMMAND: POST /session/ff12bb945472b7ca0752b083f0a6a649/element/f.83A52D51DE7EE447A745C47B9BBA803D.d.9C63445CB24D14180CBE0652E34AEBFC.e.4066/value - {"text":"Equipment"}
COMMAND: GET /session/ff12bb945472b7ca0752b083f0a6a649/screenshot - {}
RESULT: {"text":"Equipment"}
COMMAND: GET /session/ff12bb945472b7ca0752b083f0a6a649/screenshot - {}
RESULT: {}
RESULT: {}
COMMAND: POST /session/ff12bb945472b7ca0752b083f0a6a649/actions - {"actions":[{"id":"action11","type":"key","parameters":{},"actions":[{"type":"keyDown","value":"î€‡"},{"type":"pause","duration":10},{"type":"keyUp","value":"î€‡"}]}]}
RESULT: {"actions":[{"id":"action11","type":"key","parameters":{},"actions":[{"type":"keyDown","value":"î€‡"},{"type":"pause","duration":10},{"type":"keyUp","value":"î€‡"}]}]}
COMMAND: POST /session/ff12bb945472b7ca0752b083f0a6a649/execute/async - {"script":"<script> [1562 bytes]","args":[{"selector":{"id":"application-manageresources-display-component---newResourceUnit--resourceId","interaction":{"idSuffix":"inner"}},"wdio_ui5_key":"applicationmanageresources-display-component---newResourceUnit--resourceId"}]}
COMMAND: GET /session/ff12bb945472b7ca0752b083f0a6a649/screenshot - {}
RESULT: {"script":"<script> [1562 bytes]","args":[{"selector":{"id":"application-manageresources-display-component---newResourceUnit--resourceId","interaction":{"idSuffix":"inner"}},"wdio_ui5_key":"applicationmanageresources-display-component---newResourceUnit--resourceId"}]}
RESULT: undefined
COMMAND: POST /session/ff12bb945472b7ca0752b083f0a6a649/execute/async - {"script":"<script> [776 bytes]","args":[{"enterText":"D421cmKWDE","selector":{"id":"application-manageresources-display-component---newResourceUnit--resourceId","interaction":{"idSuffix":"inner"}},"clearTextFirst":true,"interactionType":"ENTER_TEXT"}]}
RESULT: {}
RESULT: {"script":"<script> [776 bytes]","args":[{"enterText":"D421cmKWDE","selector":{"id":"application-manageresources-display-component---newResourceUnit--resourceId","interaction":{"idSuffix":"inner"}},"clearTextFirst":true,"interactionType":"ENTER_TEXT"}]}
COMMAND: POST /session/ff12bb945472b7ca0752b083f0a6a649/execute/async - {"script":"<script> [1562 bytes]","args":[{"selector":{"id":"application-manageresources-display-component---newResourceUnit--SHORT_TEXT","interaction":{"idSuffix":"inner"}},"wdio_ui5_key":"applicationmanageresources-display-component---newResourceUnit--SHORT_TEXT"}]}
RESULT: {"script":"<script> [1562 bytes]","args":[{"selector":{"id":"application-manageresources-display-component---newResourceUnit--SHORT_TEXT","interaction":{"idSuffix":"inner"}},"wdio_ui5_key":"applicationmanageresources-display-component---newResourceUnit--SHORT_TEXT"}]}
RESULT: undefined
COMMAND: POST /session/ff12bb945472b7ca0752b083f0a6a649/execute/async - {"script":"<script> [776 bytes]","args":[{"enterText":"Intercompany Equipment WDIO","selector":{"id":"application-manageresources-display-component---newResourceUnit--SHORT_TEXT","interaction":{"idSuffix":"inner"}},"clearTextFirst":true,"interactionType":"ENTER_TEXT"}]}
RESULT: {"script":"<script> [776 bytes]","args":[{"enterText":"Intercompany Equipment WDIO","selector":{"id":"application-manageresources-display-component---newResourceUnit--SHORT_TEXT","interaction":{"idSuffix":"inner"}},"clearTextFirst":true,"interactionType":"ENTER_TEXT"}]}
COMMAND: POST /session/ff12bb945472b7ca0752b083f0a6a649/execute/async - {"script":"<script> [1562 bytes]","args":[{"selector":{"id":"application-manageresources-display-component---newResourceUnit--BASE_UNIT_OF_MEASURE","interaction":{"idSuffix":"inner"}},"wdio_ui5_key":"applicationmanageresources-display-component---newResourceUnit--BASE_UNIT_OF_MEASURE"}]}
RESULT: {"script":"<script> [1562 bytes]","args":[{"selector":{"id":"application-manageresources-display-component---newResourceUnit--BASE_UNIT_OF_MEASURE","interaction":{"idSuffix":"inner"}},"wdio_ui5_key":"applicationmanageresources-display-component---newResourceUnit--BASE_UNIT_OF_MEASURE"}]}
RESULT: undefined
COMMAND: POST /session/ff12bb945472b7ca0752b083f0a6a649/execute/async - {"script":"<script> [776 bytes]","args":[{"enterText":"Piece","selector":{"id":"application-manageresources-display-component---newResourceUnit--BASE_UNIT_OF_MEASURE","interaction":{"idSuffix":"inner"}},"clearTextFirst":true,"interactionType":"ENTER_TEXT"}]}
RESULT: {"script":"<script> [776 bytes]","args":[{"enterText":"Piece","selector":{"id":"application-manageresources-display-component---newResourceUnit--BASE_UNIT_OF_MEASURE","interaction":{"idSuffix":"inner"}},"clearTextFirst":true,"interactionType":"ENTER_TEXT"}]}
COMMAND: POST /session/ff12bb945472b7ca0752b083f0a6a649/execute/async - {"script":"<script> [1562 bytes]","args":[{"selector":{"id":"application-manageresources-display-component---newResourceUnit--WEIGHT_UNIT","interaction":{"idSuffix":"inner"}},"wdio_ui5_key":"applicationmanageresources-display-component---newResourceUnit--WEIGHT_UNIT"}]}
RESULT: {"script":"<script> [1562 bytes]","args":[{"selector":{"id":"application-manageresources-display-component---newResourceUnit--WEIGHT_UNIT","interaction":{"idSuffix":"inner"}},"wdio_ui5_key":"applicationmanageresources-display-component---newResourceUnit--WEIGHT_UNIT"}]}
RESULT: undefined
COMMAND: POST /session/ff12bb945472b7ca0752b083f0a6a649/execute/async - {"script":"<script> [776 bytes]","args":[{"enterText":"Gram","selector":{"id":"application-manageresources-display-component---newResourceUnit--WEIGHT_UNIT","interaction":{"idSuffix":"inner"}},"clearTextFirst":true,"interactionType":"ENTER_TEXT"}]}
RESULT: {"script":"<script> [776 bytes]","args":[{"enterText":"Gram","selector":{"id":"application-manageresources-display-component---newResourceUnit--WEIGHT_UNIT","interaction":{"idSuffix":"inner"}},"clearTextFirst":true,"interactionType":"ENTER_TEXT"}]}
COMMAND: POST /session/ff12bb945472b7ca0752b083f0a6a649/execute/async - {"script":"<script> [1562 bytes]","args":[{"selector":{"id":"application-manageresources-display-component---newResourceUnit--DIMENSION_UNIT","interaction":{"idSuffix":"inner"}},"wdio_ui5_key":"applicationmanageresources-display-component---newResourceUnit--DIMENSION_UNIT"}]}
RESULT: {"script":"<script> [1562 bytes]","args":[{"selector":{"id":"application-manageresources-display-component---newResourceUnit--DIMENSION_UNIT","interaction":{"idSuffix":"inner"}},"wdio_ui5_key":"applicationmanageresources-display-component---newResourceUnit--DIMENSION_UNIT"}]}
RESULT: undefined
COMMAND: POST /session/ff12bb945472b7ca0752b083f0a6a649/execute/async - {"script":"<script> [776 bytes]","args":[{"enterText":"Meter","selector":{"id":"application-manageresources-display-component---newResourceUnit--DIMENSION_UNIT","interaction":{"idSuffix":"inner"}},"clearTextFirst":true,"interactionType":"ENTER_TEXT"}]}
RESULT: {"script":"<script> [776 bytes]","args":[{"enterText":"Meter","selector":{"id":"application-manageresources-display-component---newResourceUnit--DIMENSION_UNIT","interaction":{"idSuffix":"inner"}},"clearTextFirst":true,"interactionType":"ENTER_TEXT"}]}
COMMAND: POST /session/ff12bb945472b7ca0752b083f0a6a649/execute/async - {"script":"<script> [1562 bytes]","args":[{"selector":{"id":"application-manageresources-display-component---newResourceUnit--newRRUPage-anchBar-application-manageresources-display-component---newResourceUnit--control-anchor","interaction":{"idSuffix":"BDI-content"}},"wdio_ui5_key":"applicationmanageresources-display-component---newResourceUnit--newRRUPage-anchBar-application-manageresources-display-component---newResourceUnit--control-anchor"}]}
RESULT: {"script":"<script> [1562 bytes]","args":[{"selector":{"id":"application-manageresources-display-component---newResourceUnit--newRRUPage-anchBar-application-manageresources-display-component---newResourceUnit--control-anchor","interaction":{"idSuffix":"BDI-content"}},"wdio_ui5_key":"applicationmanageresources-display-component---newResourceUnit--newRRUPage-anchBar-application-manageresources-display-component---newResourceUnit--control-anchor"}]}
RESULT: undefined
COMMAND: POST /session/ff12bb945472b7ca0752b083f0a6a649/element - {"using":"xpath","value":"//*[@id=\"application-manageresources-display-component---newResourceUnit--newRRUPage-anchBar-application-manageresources-display-component---newResourceUnit--control-anchor\"]"}
RESULT: {"using":"xpath","value":"//*[@id=\"application-manageresources-display-component---newResourceUnit--newRRUPage-anchBar-application-manageresources-display-component---newResourceUnit--control-anchor\"]"}
COMMAND: POST /session/ff12bb945472b7ca0752b083f0a6a649/element/f.83A52D51DE7EE447A745C47B9BBA803D.d.9C63445CB24D14180CBE0652E34AEBFC.e.4205/click - {}
RESULT: {}
COMMAND: POST /session/ff12bb945472b7ca0752b083f0a6a649/execute/async - {"script":"<script> [1562 bytes]","args":[{"selector":{"id":"application-manageresources-display-component---newResourceUnit--PLANNING_GROUP","interaction":{"idSuffix":"inner"}},"wdio_ui5_key":"applicationmanageresources-display-component---newResourceUnit--PLANNING_GROUP"}]}
COMMAND: GET /session/ff12bb945472b7ca0752b083f0a6a649/screenshot - {}
RESULT: {"script":"<script> [1562 bytes]","args":[{"selector":{"id":"application-manageresources-display-component---newResourceUnit--PLANNING_GROUP","interaction":{"idSuffix":"inner"}},"wdio_ui5_key":"applicationmanageresources-display-component---newResourceUnit--PLANNING_GROUP"}]}
RESULT: undefined
COMMAND: POST /session/ff12bb945472b7ca0752b083f0a6a649/execute/async - {"script":"<script> [776 bytes]","args":[{"enterText":"Heavy Equi","selector":{"id":"application-manageresources-display-component---newResourceUnit--PLANNING_GROUP","interaction":{"idSuffix":"inner"}},"clearTextFirst":true,"interactionType":"ENTER_TEXT"}]}
RESULT: {}
RESULT: {"script":"<script> [776 bytes]","args":[{"enterText":"Heavy Equi","selector":{"id":"application-manageresources-display-component---newResourceUnit--PLANNING_GROUP","interaction":{"idSuffix":"inner"}},"clearTextFirst":true,"interactionType":"ENTER_TEXT"}]}
COMMAND: POST /session/ff12bb945472b7ca0752b083f0a6a649/execute/async - {"script":"<script> [1562 bytes]","args":[{"selector":{"id":"application-manageresources-display-component---newResourceUnit--ITEM_TYPE-arrow"},"wdio_ui5_key":"applicationmanageresources-display-component---newResourceUnit--ITEM_TYPE-arrow"}]}
RESULT: {"script":"<script> [1562 bytes]","args":[{"selector":{"id":"application-manageresources-display-component---newResourceUnit--ITEM_TYPE-arrow"},"wdio_ui5_key":"applicationmanageresources-display-component---newResourceUnit--ITEM_TYPE-arrow"}]}
RESULT: undefined
COMMAND: POST /session/ff12bb945472b7ca0752b083f0a6a649/element - {"using":"xpath","value":"//*[@id=\"application-manageresources-display-component---newResourceUnit--ITEM_TYPE-arrow\"]"}
RESULT: {"using":"xpath","value":"//*[@id=\"application-manageresources-display-component---newResourceUnit--ITEM_TYPE-arrow\"]"}
COMMAND: POST /session/ff12bb945472b7ca0752b083f0a6a649/element/f.83A52D51DE7EE447A745C47B9BBA803D.d.9C63445CB24D14180CBE0652E34AEBFC.e.4214/click - {}
RESULT: {}
COMMAND: POST /session/ff12bb945472b7ca0752b083f0a6a649/element - {"using":"xpath","value":"(//span[contains(text(), \"Resource Unit\")])[2]"}
COMMAND: GET /session/ff12bb945472b7ca0752b083f0a6a649/screenshot - {}
RESULT: {"using":"xpath","value":"(//span[contains(text(), \"Resource Unit\")])[2]"}
COMMAND: POST /session/ff12bb945472b7ca0752b083f0a6a649/element/f.83A52D51DE7EE447A745C47B9BBA803D.d.9C63445CB24D14180CBE0652E34AEBFC.e.4215/click - {}
RESULT: {}
RESULT: {}
COMMAND: GET /session/ff12bb945472b7ca0752b083f0a6a649/screenshot - {}
RESULT: {}
COMMAND: POST /session/ff12bb945472b7ca0752b083f0a6a649/element - {"using":"css selector","value":"#application-manageresources-display-component---newResourceUnit--btnAddTimeSegment"}
RESULT: {"using":"css selector","value":"#application-manageresources-display-component---newResourceUnit--btnAddTimeSegment"}
COMMAND: GET /session/ff12bb945472b7ca0752b083f0a6a649/element/f.83A52D51DE7EE447A745C47B9BBA803D.d.9C63445CB24D14180CBE0652E34AEBFC.e.4216/rect - {}
RESULT: {}
COMMAND: GET /session/ff12bb945472b7ca0752b083f0a6a649/window/rect - {}
RESULT: {}
COMMAND: POST /session/ff12bb945472b7ca0752b083f0a6a649/execute/sync - {"script":"<script> [92 bytes]","args":[]}
RESULT: {"script":"<script> [92 bytes]","args":[]}
COMMAND: POST /session/ff12bb945472b7ca0752b083f0a6a649/actions - {"actions":[{"id":"action12","type":"wheel","parameters":{},"actions":[{"type":"scroll","x":-1888,"y":-32,"deltaX":0,"deltaY":0,"duration":0,"origin":{"element-6066-11e4-a52e-4f735466cecf":"f.83A52D51DE7EE447A745C47B9BBA803D.d.9C63445CB24D14180CBE0652E34AEBFC.e.4216"}}]}]}
COMMAND: GET /session/ff12bb945472b7ca0752b083f0a6a649/screenshot - {}
RESULT: {}
COMMAND: POST /session/ff12bb945472b7ca0752b083f0a6a649/execute/sync - {"script":"<script> [79 bytes]","args":[{"element-6066-11e4-a52e-4f735466cecf":"f.83A52D51DE7EE447A745C47B9BBA803D.d.9C63445CB24D14180CBE0652E34AEBFC.e.4216","ELEMENT":"f.83A52D51DE7EE447A745C47B9BBA803D.d.9C63445CB24D14180CBE0652E34AEBFC.e.4216"},{"block":"start","inline":"nearest"}]}
RESULT: {"script":"<script> [79 bytes]","args":[{"element-6066-11e4-a52e-4f735466cecf":"f.83A52D51DE7EE447A745C47B9BBA803D.d.9C63445CB24D14180CBE0652E34AEBFC.e.4216","ELEMENT":"f.83A52D51DE7EE447A745C47B9BBA803D.d.9C63445CB24D14180CBE0652E34AEBFC.e.4216"},{"block":"start","inline":"nearest"}]}
COMMAND: POST /session/ff12bb945472b7ca0752b083f0a6a649/execute/async - {"script":"<script> [1562 bytes]","args":[{"selector":{"id":"application-manageresources-display-component---newResourceUnit--btnAddTimeSegment","interaction":{"idSuffix":"inner"}},"wdio_ui5_key":"applicationmanageresources-display-component---newResourceUnit--btnAddTimeSegment"}]}
COMMAND: GET /session/ff12bb945472b7ca0752b083f0a6a649/screenshot - {}
RESULT: {"script":"<script> [1562 bytes]","args":[{"selector":{"id":"application-manageresources-display-component---newResourceUnit--btnAddTimeSegment","interaction":{"idSuffix":"inner"}},"wdio_ui5_key":"applicationmanageresources-display-component---newResourceUnit--btnAddTimeSegment"}]}
RESULT: undefined
COMMAND: POST /session/ff12bb945472b7ca0752b083f0a6a649/element - {"using":"xpath","value":"//*[@id=\"application-manageresources-display-component---newResourceUnit--btnAddTimeSegment\"]"}
RESULT: {}
RESULT: {"using":"xpath","value":"//*[@id=\"application-manageresources-display-component---newResourceUnit--btnAddTimeSegment\"]"}
COMMAND: POST /session/ff12bb945472b7ca0752b083f0a6a649/element/f.83A52D51DE7EE447A745C47B9BBA803D.d.9C63445CB24D14180CBE0652E34AEBFC.e.4216/click - {}
RESULT: {}
COMMAND: GET /session/ff12bb945472b7ca0752b083f0a6a649/screenshot - {}
RESULT: {}
COMMAND: POST /session/ff12bb945472b7ca0752b083f0a6a649/element - {"using":"xpath","value":"//input[@id=\"application-manageresources-display-component---newResourceUnit--idRuTSAdmin-application-manageresources-display-component---newResourceUnit--RUTimeSegment-0-inner\"]"}
RESULT: {"using":"xpath","value":"//input[@id=\"application-manageresources-display-component---newResourceUnit--idRuTSAdmin-application-manageresources-display-component---newResourceUnit--RUTimeSegment-0-inner\"]"}
COMMAND: POST /session/ff12bb945472b7ca0752b083f0a6a649/element/f.83A52D51DE7EE447A745C47B9BBA803D.d.9C63445CB24D14180CBE0652E34AEBFC.e.4222/clear - {}
RESULT: {}
COMMAND: POST /session/ff12bb945472b7ca0752b083f0a6a649/element/f.83A52D51DE7EE447A745C47B9BBA803D.d.9C63445CB24D14180CBE0652E34AEBFC.e.4222/value - {"text":"567"}
COMMAND: GET /session/ff12bb945472b7ca0752b083f0a6a649/screenshot - {}
RESULT: {"text":"567"}
COMMAND: GET /session/ff12bb945472b7ca0752b083f0a6a649/screenshot - {}
RESULT: {}
RESULT: {}
COMMAND: POST /session/ff12bb945472b7ca0752b083f0a6a649/element - {"using":"xpath","value":"//li[.//span[text()='567']]"}
RESULT: {"using":"xpath","value":"//li[.//span[text()='567']]"}
COMMAND: POST /session/ff12bb945472b7ca0752b083f0a6a649/element/f.83A52D51DE7EE447A745C47B9BBA803D.d.9C63445CB24D14180CBE0652E34AEBFC.e.4234/click - {}
RESULT: {}
COMMAND: GET /session/ff12bb945472b7ca0752b083f0a6a649/screenshot - {}
RESULT: {}
COMMAND: POST /session/ff12bb945472b7ca0752b083f0a6a649/element - {"using":"xpath","value":"(//span[contains(@id, \"-application-manageresources-display-component---newResourceUnit--RUTimeSegment-0-arrow\")])[6]"}
RESULT: {"using":"xpath","value":"(//span[contains(@id, \"-application-manageresources-display-component---newResourceUnit--RUTimeSegment-0-arrow\")])[6]"}
COMMAND: POST /session/ff12bb945472b7ca0752b083f0a6a649/element/f.83A52D51DE7EE447A745C47B9BBA803D.d.9C63445CB24D14180CBE0652E34AEBFC.e.4235/click - {}
RESULT: {}
COMMAND: GET /session/ff12bb945472b7ca0752b083f0a6a649/screenshot - {}
RESULT: {}
COMMAND: POST /session/ff12bb945472b7ca0752b083f0a6a649/element - {"using":"xpath","value":"//span[contains(text(), \"PM Order\")]"}
RESULT: {"using":"xpath","value":"//span[contains(text(), \"PM Order\")]"}
COMMAND: POST /session/ff12bb945472b7ca0752b083f0a6a649/element/f.83A52D51DE7EE447A745C47B9BBA803D.d.9C63445CB24D14180CBE0652E34AEBFC.e.4238/click - {}
RESULT: {}
COMMAND: GET /session/ff12bb945472b7ca0752b083f0a6a649/screenshot - {}
RESULT: {}
COMMAND: POST /session/ff12bb945472b7ca0752b083f0a6a649/element - {"using":"xpath","value":"(//span[contains(@id ,\"manageresources-display-component---newResourceUnit--RUTimeSegment-0-vhi\")])[1]"}
RESULT: {"using":"xpath","value":"(//span[contains(@id ,\"manageresources-display-component---newResourceUnit--RUTimeSegment-0-vhi\")])[1]"}
COMMAND: GET /session/ff12bb945472b7ca0752b083f0a6a649/element/f.83A52D51DE7EE447A745C47B9BBA803D.d.9C63445CB24D14180CBE0652E34AEBFC.e.4242/rect - {}
RESULT: {}
COMMAND: GET /session/ff12bb945472b7ca0752b083f0a6a649/window/rect - {}
RESULT: {}
COMMAND: POST /session/ff12bb945472b7ca0752b083f0a6a649/execute/sync - {"script":"<script> [92 bytes]","args":[]}
RESULT: {"script":"<script> [92 bytes]","args":[]}
COMMAND: POST /session/ff12bb945472b7ca0752b083f0a6a649/actions - {"actions":[{"id":"action13","type":"wheel","parameters":{},"actions":[{"type":"scroll","x":-869,"y":-24,"deltaX":0,"deltaY":0,"duration":0,"origin":{"element-6066-11e4-a52e-4f735466cecf":"f.83A52D51DE7EE447A745C47B9BBA803D.d.9C63445CB24D14180CBE0652E34AEBFC.e.4242"}}]}]}
COMMAND: GET /session/ff12bb945472b7ca0752b083f0a6a649/screenshot - {}
RESULT: {"actions":[{"id":"action13","type":"wheel","parameters":{},"actions":[{"type":"scroll","x":-869,"y":-24,"deltaX":0,"deltaY":0,"duration":0,"origin":{"element-6066-11e4-a52e-4f735466cecf":"f.83A52D51DE7EE447A745C47B9BBA803D.d.9C63445CB24D14180CBE0652E34AEBFC.e.4242"}}]}]}
COMMAND: DELETE /session/ff12bb945472b7ca0752b083f0a6a649/actions - {}
COMMAND: GET /session/ff12bb945472b7ca0752b083f0a6a649/screenshot - {}
RESULT: {}
RESULT: {}
COMMAND: GET /session/ff12bb945472b7ca0752b083f0a6a649/screenshot - {}
RESULT: {}
RESULT: {}
COMMAND: POST /session/ff12bb945472b7ca0752b083f0a6a649/element/f.83A52D51DE7EE447A745C47B9BBA803D.d.9C63445CB24D14180CBE0652E34AEBFC.e.4242/click - {}
RESULT: {}
COMMAND: GET /session/ff12bb945472b7ca0752b083f0a6a649/screenshot - {}
RESULT: {}
COMMAND: POST /session/ff12bb945472b7ca0752b083f0a6a649/execute/async - {"script":"<script> [1562 bytes]","args":[{"selector":{"controlType":"sap.m.SearchField","properties":{"placeholder":"Search"},"searchOpenDialogs":true,"interaction":{"idSuffix":"I"}},"wdio_ui5_key":"sapm.SearchField{\"placeholder\":\"Search\"}"}]}
RESULT: {"script":"<script> [1562 bytes]","args":[{"selector":{"controlType":"sap.m.SearchField","properties":{"placeholder":"Search"},"searchOpenDialogs":true,"interaction":{"idSuffix":"I"}},"wdio_ui5_key":"sapm.SearchField{\"placeholder\":\"Search\"}"}]}
RESULT: undefined
COMMAND: POST /session/ff12bb945472b7ca0752b083f0a6a649/execute/async - {"script":"<script> [776 bytes]","args":[{"enterText":"4000360","selector":{"controlType":"sap.m.SearchField","properties":{"placeholder":"Search"},"searchOpenDialogs":true,"interaction":{"idSuffix":"I"}},"clearTextFirst":true,"interactionType":"ENTER_TEXT"}]}
RESULT: {"script":"<script> [776 bytes]","args":[{"enterText":"4000360","selector":{"controlType":"sap.m.SearchField","properties":{"placeholder":"Search"},"searchOpenDialogs":true,"interaction":{"idSuffix":"I"}},"clearTextFirst":true,"interactionType":"ENTER_TEXT"}]}
COMMAND: POST /session/ff12bb945472b7ca0752b083f0a6a649/actions - {"actions":[{"id":"action14","type":"key","parameters":{},"actions":[{"type":"keyDown","value":"î€‡"},{"type":"pause","duration":10},{"type":"keyUp","value":"î€‡"}]}]}
RESULT: {"actions":[{"id":"action14","type":"key","parameters":{},"actions":[{"type":"keyDown","value":"î€‡"},{"type":"pause","duration":10},{"type":"keyUp","value":"î€‡"}]}]}
COMMAND: GET /session/ff12bb945472b7ca0752b083f0a6a649/screenshot - {}
RESULT: {}
COMMAND: POST /session/ff12bb945472b7ca0752b083f0a6a649/element - {"using":"xpath","value":"//td/div/span[contains(text(), \"BGL Vehicles\")]"}
RESULT: {"using":"xpath","value":"//td/div/span[contains(text(), \"BGL Vehicles\")]"}
COMMAND: POST /session/ff12bb945472b7ca0752b083f0a6a649/element/f.83A52D51DE7EE447A745C47B9BBA803D.d.9C63445CB24D14180CBE0652E34AEBFC.e.4263/click - {}
RESULT: {}
COMMAND: GET /session/ff12bb945472b7ca0752b083f0a6a649/screenshot - {}
RESULT: {}
COMMAND: POST /session/ff12bb945472b7ca0752b083f0a6a649/element - {"using":"xpath","value":"//bdi[contains(text(), \"OK\")]"}
RESULT: {"using":"xpath","value":"//bdi[contains(text(), \"OK\")]"}
COMMAND: POST /session/ff12bb945472b7ca0752b083f0a6a649/element/f.83A52D51DE7EE447A745C47B9BBA803D.d.9C63445CB24D14180CBE0652E34AEBFC.e.4264/click - {}
RESULT: {}
COMMAND: GET /session/ff12bb945472b7ca0752b083f0a6a649/screenshot - {}
RESULT: {}
COMMAND: POST /session/ff12bb945472b7ca0752b083f0a6a649/execute/async - {"script":"<script> [1562 bytes]","args":[{"selector":{"id":"application-manageresources-display-component---newResourceUnit--newRRUPage-anchBar-application-manageresources-display-component---newResourceUnit--resource-anchor","interaction":{"idSuffix":"BDI-content"}},"wdio_ui5_key":"applicationmanageresources-display-component---newResourceUnit--newRRUPage-anchBar-application-manageresources-display-component---newResourceUnit--resource-anchor"}]}
RESULT: {"script":"<script> [1562 bytes]","args":[{"selector":{"id":"application-manageresources-display-component---newResourceUnit--newRRUPage-anchBar-application-manageresources-display-component---newResourceUnit--resource-anchor","interaction":{"idSuffix":"BDI-content"}},"wdio_ui5_key":"applicationmanageresources-display-component---newResourceUnit--newRRUPage-anchBar-application-manageresources-display-component---newResourceUnit--resource-anchor"}]}
RESULT: undefined
COMMAND: POST /session/ff12bb945472b7ca0752b083f0a6a649/element - {"using":"xpath","value":"//*[@id=\"application-manageresources-display-component---newResourceUnit--newRRUPage-anchBar-application-manageresources-display-component---newResourceUnit--resource-anchor\"]"}
RESULT: {"using":"xpath","value":"//*[@id=\"application-manageresources-display-component---newResourceUnit--newRRUPage-anchBar-application-manageresources-display-component---newResourceUnit--resource-anchor\"]"}
COMMAND: POST /session/ff12bb945472b7ca0752b083f0a6a649/element/f.83A52D51DE7EE447A745C47B9BBA803D.d.9C63445CB24D14180CBE0652E34AEBFC.e.4268/click - {}
RESULT: {}
COMMAND: POST /session/ff12bb945472b7ca0752b083f0a6a649/execute/async - {"script":"<script> [1562 bytes]","args":[{"selector":{"id":"application-manageresources-display-component---newResourceUnit--PLANNED_DELIVERY_DATE","interaction":{"idSuffix":"inner"}},"wdio_ui5_key":"applicationmanageresources-display-component---newResourceUnit--PLANNED_DELIVERY_DATE"}]}
COMMAND: GET /session/ff12bb945472b7ca0752b083f0a6a649/screenshot - {}
RESULT: {"script":"<script> [1562 bytes]","args":[{"selector":{"id":"application-manageresources-display-component---newResourceUnit--PLANNED_DELIVERY_DATE","interaction":{"idSuffix":"inner"}},"wdio_ui5_key":"applicationmanageresources-display-component---newResourceUnit--PLANNED_DELIVERY_DATE"}]}
RESULT: undefined
COMMAND: POST /session/ff12bb945472b7ca0752b083f0a6a649/execute/async - {"script":"<script> [6424 bytes]","args":[{"element-6066-11e4-a52e-4f735466cecf":"f.83A52D51DE7EE447A745C47B9BBA803D.d.9C63445CB24D14180CBE0652E34AEBFC.e.4130"},"setValue",["5/19/25"]]}
RESULT: {}
RESULT: {"script":"<script> [6424 bytes]","args":[{"element-6066-11e4-a52e-4f735466cecf":"f.83A52D51DE7EE447A745C47B9BBA803D.d.9C63445CB24D14180CBE0652E34AEBFC.e.4130"},"setValue",["5/19/25"]]}
COMMAND: POST /session/ff12bb945472b7ca0752b083f0a6a649/element - {"using":"xpath","value":"//label[contains(@class, 'sapMLabelRequired') and .//bdi[contains(text(), 'Planned Retirement')]]"}
RESULT: {"using":"xpath","value":"//label[contains(@class, 'sapMLabelRequired') and .//bdi[contains(text(), 'Planned Retirement')]]"}
COMMAND: POST /session/ff12bb945472b7ca0752b083f0a6a649/elements - {"using":"xpath","value":"//label[contains(@class, 'sapMLabelRequired') and .//bdi[contains(text(), 'Planned Retirement')]]"}
RESULT: {"using":"xpath","value":"//label[contains(@class, 'sapMLabelRequired') and .//bdi[contains(text(), 'Planned Retirement')]]"}
COMMAND: POST /session/ff12bb945472b7ca0752b083f0a6a649/element - {"using":"xpath","value":"//button[@data-kt=\"resourceUnitSaveButton\"]"}
RESULT: {"using":"xpath","value":"//button[@data-kt=\"resourceUnitSaveButton\"]"}
COMMAND: POST /session/ff12bb945472b7ca0752b083f0a6a649/element/f.83A52D51DE7EE447A745C47B9BBA803D.d.9C63445CB24D14180CBE0652E34AEBFC.e.4090/click - {}
RESULT: {}
COMMAND: GET /session/ff12bb945472b7ca0752b083f0a6a649/screenshot - {}
RESULT: {}
COMMAND: POST /session/ff12bb945472b7ca0752b083f0a6a649/element - {"using":"xpath","value":"//bdi[contains(text(), \"Close\")]"}
RESULT: {"using":"xpath","value":"//bdi[contains(text(), \"Close\")]"}
COMMAND: POST /session/ff12bb945472b7ca0752b083f0a6a649/element/f.83A52D51DE7EE447A745C47B9BBA803D.d.9C63445CB24D14180CBE0652E34AEBFC.e.4276/click - {}
RESULT: {}
COMMAND: GET /session/ff12bb945472b7ca0752b083f0a6a649/screenshot - {}
RESULT: {}
COMMAND: POST /session/ff12bb945472b7ca0752b083f0a6a649/element - {"using":"xpath","value":"(//button[contains(@id ,\"actionsToolbar-overflowButton\")])[1]"}
RESULT: {"using":"xpath","value":"(//button[contains(@id ,\"actionsToolbar-overflowButton\")])[1]"}
COMMAND: POST /session/ff12bb945472b7ca0752b083f0a6a649/element/f.83A52D51DE7EE447A745C47B9BBA803D.d.9C63445CB24D14180CBE0652E34AEBFC.e.4331/click - {}
RESULT: {}
COMMAND: GET /session/ff12bb945472b7ca0752b083f0a6a649/screenshot - {}
RESULT: {}
COMMAND: POST /session/ff12bb945472b7ca0752b083f0a6a649/element - {"using":"xpath","value":"//button[@data-kt=\"priceInfoButton\"]"}
RESULT: {"using":"xpath","value":"//button[@data-kt=\"priceInfoButton\"]"}
COMMAND: POST /session/ff12bb945472b7ca0752b083f0a6a649/element/f.83A52D51DE7EE447A745C47B9BBA803D.d.9C63445CB24D14180CBE0652E34AEBFC.e.4333/click - {}
RESULT: {}
COMMAND: GET /session/ff12bb945472b7ca0752b083f0a6a649/screenshot - {}
RESULT: {}
]]></system-out>
    </testcase>
    <testcase classname="chrome.136_0_7103_93.windows.Billing_Transfer_-_Intracompany_US127249" name="Should create a pricing procedure" time="52.84">
      <system-out><![CDATA[
COMMAND: POST /session/ff12bb945472b7ca0752b083f0a6a649/element - {"using":"xpath","value":"//button[@data-kt=\"addButton\"]"}
RESULT: {"using":"xpath","value":"//button[@data-kt=\"addButton\"]"}
COMMAND: POST /session/ff12bb945472b7ca0752b083f0a6a649/elements - {"using":"xpath","value":"//button[@data-kt=\"addButton\"]"}
RESULT: {"using":"xpath","value":"//button[@data-kt=\"addButton\"]"}
COMMAND: POST /session/ff12bb945472b7ca0752b083f0a6a649/execute/sync - {"script":"<script> [8489 bytes]","args":[{"element-6066-11e4-a52e-4f735466cecf":"f.83A52D51DE7EE447A745C47B9BBA803D.d.9C63445CB24D14180CBE0652E34AEBFC.e.4369","ELEMENT":"f.83A52D51DE7EE447A745C47B9BBA803D.d.9C63445CB24D14180CBE0652E34AEBFC.e.4369"}]}
RESULT: {"script":"<script> [8489 bytes]","args":[{"element-6066-11e4-a52e-4f735466cecf":"f.83A52D51DE7EE447A745C47B9BBA803D.d.9C63445CB24D14180CBE0652E34AEBFC.e.4369","ELEMENT":"f.83A52D51DE7EE447A745C47B9BBA803D.d.9C63445CB24D14180CBE0652E34AEBFC.e.4369"}]}
COMMAND: GET /session/ff12bb945472b7ca0752b083f0a6a649/element/f.83A52D51DE7EE447A745C47B9BBA803D.d.9C63445CB24D14180CBE0652E34AEBFC.e.4369/enabled - {}
COMMAND: GET /session/ff12bb945472b7ca0752b083f0a6a649/screenshot - {}
RESULT: {}
COMMAND: POST /session/ff12bb945472b7ca0752b083f0a6a649/execute/sync - {"script":"<script> [8489 bytes]","args":[{"element-6066-11e4-a52e-4f735466cecf":"f.83A52D51DE7EE447A745C47B9BBA803D.d.9C63445CB24D14180CBE0652E34AEBFC.e.4369","ELEMENT":"f.83A52D51DE7EE447A745C47B9BBA803D.d.9C63445CB24D14180CBE0652E34AEBFC.e.4369"}]}
COMMAND: GET /session/ff12bb945472b7ca0752b083f0a6a649/screenshot - {}
RESULT: {}
RESULT: {"script":"<script> [8489 bytes]","args":[{"element-6066-11e4-a52e-4f735466cecf":"f.83A52D51DE7EE447A745C47B9BBA803D.d.9C63445CB24D14180CBE0652E34AEBFC.e.4369","ELEMENT":"f.83A52D51DE7EE447A745C47B9BBA803D.d.9C63445CB24D14180CBE0652E34AEBFC.e.4369"}]}
COMMAND: POST /session/ff12bb945472b7ca0752b083f0a6a649/execute/sync - {"script":"<script> [5351 bytes]","args":[{"element-6066-11e4-a52e-4f735466cecf":"f.83A52D51DE7EE447A745C47B9BBA803D.d.9C63445CB24D14180CBE0652E34AEBFC.e.4369","ELEMENT":"f.83A52D51DE7EE447A745C47B9BBA803D.d.9C63445CB24D14180CBE0652E34AEBFC.e.4369"}]}
COMMAND: GET /session/ff12bb945472b7ca0752b083f0a6a649/screenshot - {}
RESULT: {}
RESULT: {"script":"<script> [5351 bytes]","args":[{"element-6066-11e4-a52e-4f735466cecf":"f.83A52D51DE7EE447A745C47B9BBA803D.d.9C63445CB24D14180CBE0652E34AEBFC.e.4369","ELEMENT":"f.83A52D51DE7EE447A745C47B9BBA803D.d.9C63445CB24D14180CBE0652E34AEBFC.e.4369"}]}
COMMAND: POST /session/ff12bb945472b7ca0752b083f0a6a649/element/f.83A52D51DE7EE447A745C47B9BBA803D.d.9C63445CB24D14180CBE0652E34AEBFC.e.4369/click - {}
COMMAND: GET /session/ff12bb945472b7ca0752b083f0a6a649/screenshot - {}
RESULT: {}
RESULT: {}
COMMAND: GET /session/ff12bb945472b7ca0752b083f0a6a649/screenshot - {}
RESULT: {}
RESULT: {}
COMMAND: POST /session/ff12bb945472b7ca0752b083f0a6a649/execute/async - {"script":"<script> [1562 bytes]","args":[{"selector":{"controlType":"sap.m.Title","viewName":"etm.portal.ui.managepricingrules.view.NewItem","viewId":"application-managepricingrules-display-component---newInfoPriceItem","properties":{"text":"New Pricing Rules - Item Level"}},"wdio_ui5_key":"etmportal.ui.managepricingrules.view.NewItemsap.m.Title{\"text\":\"New Pricing Rules - Item Level\"}"}]}
RESULT: {"script":"<script> [1562 bytes]","args":[{"selector":{"controlType":"sap.m.Title","viewName":"etm.portal.ui.managepricingrules.view.NewItem","viewId":"application-managepricingrules-display-component---newInfoPriceItem","properties":{"text":"New Pricing Rules - Item Level"}},"wdio_ui5_key":"etmportal.ui.managepricingrules.view.NewItemsap.m.Title{\"text\":\"New Pricing Rules - Item Level\"}"}]}
RESULT: undefined
COMMAND: POST /session/ff12bb945472b7ca0752b083f0a6a649/execute/async - {"script":"<script> [6424 bytes]","args":[{"element-6066-11e4-a52e-4f735466cecf":"f.83A52D51DE7EE447A745C47B9BBA803D.d.9C63445CB24D14180CBE0652E34AEBFC.e.4530"},"getText",[]]}
RESULT: {"script":"<script> [6424 bytes]","args":[{"element-6066-11e4-a52e-4f735466cecf":"f.83A52D51DE7EE447A745C47B9BBA803D.d.9C63445CB24D14180CBE0652E34AEBFC.e.4530"},"getText",[]]}
COMMAND: POST /session/ff12bb945472b7ca0752b083f0a6a649/execute/async - {"script":"<script> [1562 bytes]","args":[{"selector":{"id":"application-managepricingrules-display-component---newInfoPriceItem--condValidTo","interaction":{"idSuffix":"inner"}},"wdio_ui5_key":"applicationmanagepricingrules-display-component---newInfoPriceItem--condValidTo"}]}
RESULT: {"script":"<script> [1562 bytes]","args":[{"selector":{"id":"application-managepricingrules-display-component---newInfoPriceItem--condValidTo","interaction":{"idSuffix":"inner"}},"wdio_ui5_key":"applicationmanagepricingrules-display-component---newInfoPriceItem--condValidTo"}]}
RESULT: undefined
COMMAND: POST /session/ff12bb945472b7ca0752b083f0a6a649/execute/async - {"script":"<script> [776 bytes]","args":[{"enterText":"1/19/26","selector":{"id":"application-managepricingrules-display-component---newInfoPriceItem--condValidTo","interaction":{"idSuffix":"inner"}},"clearTextFirst":true,"interactionType":"ENTER_TEXT"}]}
RESULT: {"script":"<script> [776 bytes]","args":[{"enterText":"1/19/26","selector":{"id":"application-managepricingrules-display-component---newInfoPriceItem--condValidTo","interaction":{"idSuffix":"inner"}},"clearTextFirst":true,"interactionType":"ENTER_TEXT"}]}
COMMAND: POST /session/ff12bb945472b7ca0752b083f0a6a649/execute/async - {"script":"<script> [1562 bytes]","args":[{"selector":{"id":"application-managepricingrules-display-component---newInfoPriceItem--billType-arrow"},"wdio_ui5_key":"applicationmanagepricingrules-display-component---newInfoPriceItem--billType-arrow"}]}
RESULT: {"script":"<script> [1562 bytes]","args":[{"selector":{"id":"application-managepricingrules-display-component---newInfoPriceItem--billType-arrow"},"wdio_ui5_key":"applicationmanagepricingrules-display-component---newInfoPriceItem--billType-arrow"}]}
RESULT: undefined
COMMAND: POST /session/ff12bb945472b7ca0752b083f0a6a649/element - {"using":"xpath","value":"//*[@id=\"application-managepricingrules-display-component---newInfoPriceItem--billType-arrow\"]"}
RESULT: {"using":"xpath","value":"//*[@id=\"application-managepricingrules-display-component---newInfoPriceItem--billType-arrow\"]"}
COMMAND: POST /session/ff12bb945472b7ca0752b083f0a6a649/element/f.83A52D51DE7EE447A745C47B9BBA803D.d.9C63445CB24D14180CBE0652E34AEBFC.e.4532/click - {}
RESULT: {}
COMMAND: POST /session/ff12bb945472b7ca0752b083f0a6a649/element - {"using":"xpath","value":"//span[contains(text(), \"TB - Time based\")]"}
COMMAND: GET /session/ff12bb945472b7ca0752b083f0a6a649/screenshot - {}
RESULT: {"using":"xpath","value":"//span[contains(text(), \"TB - Time based\")]"}
COMMAND: POST /session/ff12bb945472b7ca0752b083f0a6a649/element/f.83A52D51DE7EE447A745C47B9BBA803D.d.9C63445CB24D14180CBE0652E34AEBFC.e.4533/click - {}
RESULT: {}
RESULT: {}
COMMAND: POST /session/ff12bb945472b7ca0752b083f0a6a649/execute/async - {"script":"<script> [1562 bytes]","args":[{"selector":{"id":"application-managepricingrules-display-component---newInfoPriceItem--priceProc-arrow"},"wdio_ui5_key":"applicationmanagepricingrules-display-component---newInfoPriceItem--priceProc-arrow"}]}
COMMAND: GET /session/ff12bb945472b7ca0752b083f0a6a649/screenshot - {}
RESULT: {"script":"<script> [1562 bytes]","args":[{"selector":{"id":"application-managepricingrules-display-component---newInfoPriceItem--priceProc-arrow"},"wdio_ui5_key":"applicationmanagepricingrules-display-component---newInfoPriceItem--priceProc-arrow"}]}
RESULT: undefined
COMMAND: POST /session/ff12bb945472b7ca0752b083f0a6a649/element - {"using":"xpath","value":"//*[@id=\"application-managepricingrules-display-component---newInfoPriceItem--priceProc-arrow\"]"}
RESULT: {}
RESULT: {"using":"xpath","value":"//*[@id=\"application-managepricingrules-display-component---newInfoPriceItem--priceProc-arrow\"]"}
COMMAND: POST /session/ff12bb945472b7ca0752b083f0a6a649/element/f.83A52D51DE7EE447A745C47B9BBA803D.d.9C63445CB24D14180CBE0652E34AEBFC.e.4497/click - {}
RESULT: {}
COMMAND: POST /session/ff12bb945472b7ca0752b083f0a6a649/element - {"using":"xpath","value":"//span[contains(text(), \"TBS - Time based standard\")]"}
COMMAND: GET /session/ff12bb945472b7ca0752b083f0a6a649/screenshot - {}
RESULT: {"using":"xpath","value":"//span[contains(text(), \"TBS - Time based standard\")]"}
COMMAND: POST /session/ff12bb945472b7ca0752b083f0a6a649/element/f.83A52D51DE7EE447A745C47B9BBA803D.d.9C63445CB24D14180CBE0652E34AEBFC.e.4534/click - {}
RESULT: {}
RESULT: {}
COMMAND: POST /session/ff12bb945472b7ca0752b083f0a6a649/execute/async - {"script":"<script> [1562 bytes]","args":[{"selector":{"id":"application-managepricingrules-display-component---newInfoPriceItem--calcBase-arrow"},"wdio_ui5_key":"applicationmanagepricingrules-display-component---newInfoPriceItem--calcBase-arrow"}]}
COMMAND: GET /session/ff12bb945472b7ca0752b083f0a6a649/screenshot - {}
RESULT: {"script":"<script> [1562 bytes]","args":[{"selector":{"id":"application-managepricingrules-display-component---newInfoPriceItem--calcBase-arrow"},"wdio_ui5_key":"applicationmanagepricingrules-display-component---newInfoPriceItem--calcBase-arrow"}]}
RESULT: undefined
COMMAND: POST /session/ff12bb945472b7ca0752b083f0a6a649/element - {"using":"xpath","value":"//*[@id=\"application-managepricingrules-display-component---newInfoPriceItem--calcBase-arrow\"]"}
RESULT: {}
RESULT: {"using":"xpath","value":"//*[@id=\"application-managepricingrules-display-component---newInfoPriceItem--calcBase-arrow\"]"}
COMMAND: POST /session/ff12bb945472b7ca0752b083f0a6a649/element/f.83A52D51DE7EE447A745C47B9BBA803D.d.9C63445CB24D14180CBE0652E34AEBFC.e.4504/click - {}
RESULT: {}
COMMAND: GET /session/ff12bb945472b7ca0752b083f0a6a649/screenshot - {}
RESULT: {}
COMMAND: POST /session/ff12bb945472b7ca0752b083f0a6a649/element - {"using":"xpath","value":"//span[contains(text(), \"0006 - TB(calendar days)\")]"}
RESULT: {"using":"xpath","value":"//span[contains(text(), \"0006 - TB(calendar days)\")]"}
COMMAND: POST /session/ff12bb945472b7ca0752b083f0a6a649/element/f.83A52D51DE7EE447A745C47B9BBA803D.d.9C63445CB24D14180CBE0652E34AEBFC.e.4535/click - {}
RESULT: {}
COMMAND: GET /session/ff12bb945472b7ca0752b083f0a6a649/screenshot - {}
RESULT: {}
COMMAND: POST /session/ff12bb945472b7ca0752b083f0a6a649/execute/async - {"script":"<script> [1562 bytes]","args":[{"selector":{"id":"application-managepricingrules-display-component---newInfoPriceItem--daysMonth","interaction":{"idSuffix":"inner"}},"wdio_ui5_key":"applicationmanagepricingrules-display-component---newInfoPriceItem--daysMonth"}]}
RESULT: {"script":"<script> [1562 bytes]","args":[{"selector":{"id":"application-managepricingrules-display-component---newInfoPriceItem--daysMonth","interaction":{"idSuffix":"inner"}},"wdio_ui5_key":"applicationmanagepricingrules-display-component---newInfoPriceItem--daysMonth"}]}
RESULT: undefined
COMMAND: POST /session/ff12bb945472b7ca0752b083f0a6a649/execute/async - {"script":"<script> [776 bytes]","args":[{"enterText":"30","selector":{"id":"application-managepricingrules-display-component---newInfoPriceItem--daysMonth","interaction":{"idSuffix":"inner"}},"clearTextFirst":true,"interactionType":"ENTER_TEXT"}]}
RESULT: {"script":"<script> [776 bytes]","args":[{"enterText":"30","selector":{"id":"application-managepricingrules-display-component---newInfoPriceItem--daysMonth","interaction":{"idSuffix":"inner"}},"clearTextFirst":true,"interactionType":"ENTER_TEXT"}]}
COMMAND: POST /session/ff12bb945472b7ca0752b083f0a6a649/element - {"using":"xpath","value":"//button[@data-kt=\"saveNewRuleButton\"]"}
RESULT: {"using":"xpath","value":"//button[@data-kt=\"saveNewRuleButton\"]"}
COMMAND: POST /session/ff12bb945472b7ca0752b083f0a6a649/element/f.83A52D51DE7EE447A745C47B9BBA803D.d.9C63445CB24D14180CBE0652E34AEBFC.e.4522/click - {}
RESULT: {}
COMMAND: GET /session/ff12bb945472b7ca0752b083f0a6a649/screenshot - {}
RESULT: {}
COMMAND: POST /session/ff12bb945472b7ca0752b083f0a6a649/execute/async - {"script":"<script> [1562 bytes]","args":[{"selector":{"id":"application-managepricingrules-display-component---priceInfoItem--smartFilterBar-btnBasicSearch","interaction":{"idSuffix":"I"}},"wdio_ui5_key":"applicationmanagepricingrules-display-component---priceInfoItem--smartFilterBar-btnBasicSearch"}]}
RESULT: {"script":"<script> [1562 bytes]","args":[{"selector":{"id":"application-managepricingrules-display-component---priceInfoItem--smartFilterBar-btnBasicSearch","interaction":{"idSuffix":"I"}},"wdio_ui5_key":"applicationmanagepricingrules-display-component---priceInfoItem--smartFilterBar-btnBasicSearch"}]}
RESULT: undefined
COMMAND: POST /session/ff12bb945472b7ca0752b083f0a6a649/execute/async - {"script":"<script> [776 bytes]","args":[{"enterText":"D421cmKWDE","selector":{"id":"application-managepricingrules-display-component---priceInfoItem--smartFilterBar-btnBasicSearch","interaction":{"idSuffix":"I"}},"clearTextFirst":true,"interactionType":"ENTER_TEXT"}]}
RESULT: {"script":"<script> [776 bytes]","args":[{"enterText":"D421cmKWDE","selector":{"id":"application-managepricingrules-display-component---priceInfoItem--smartFilterBar-btnBasicSearch","interaction":{"idSuffix":"I"}},"clearTextFirst":true,"interactionType":"ENTER_TEXT"}]}
COMMAND: POST /session/ff12bb945472b7ca0752b083f0a6a649/actions - {"actions":[{"id":"action15","type":"key","parameters":{},"actions":[{"type":"keyDown","value":"î€‡"},{"type":"pause","duration":10},{"type":"keyUp","value":"î€‡"}]}]}
RESULT: {"actions":[{"id":"action15","type":"key","parameters":{},"actions":[{"type":"keyDown","value":"î€‡"},{"type":"pause","duration":10},{"type":"keyUp","value":"î€‡"}]}]}
COMMAND: GET /session/ff12bb945472b7ca0752b083f0a6a649/screenshot - {}
RESULT: {}
COMMAND: POST /session/ff12bb945472b7ca0752b083f0a6a649/element - {"using":"xpath","value":"//span[@id=\"application-managepricingrules-display-component---priceInfoItem--smartTable-header-inner\"]"}
RESULT: {"using":"xpath","value":"//span[@id=\"application-managepricingrules-display-component---priceInfoItem--smartTable-header-inner\"]"}
COMMAND: POST /session/ff12bb945472b7ca0752b083f0a6a649/elements - {"using":"xpath","value":"//span[@id=\"application-managepricingrules-display-component---priceInfoItem--smartTable-header-inner\"]"}
RESULT: {"using":"xpath","value":"//span[@id=\"application-managepricingrules-display-component---priceInfoItem--smartTable-header-inner\"]"}
COMMAND: POST /session/ff12bb945472b7ca0752b083f0a6a649/execute/sync - {"script":"<script> [56 bytes]","args":[{"element-6066-11e4-a52e-4f735466cecf":"f.83A52D51DE7EE447A745C47B9BBA803D.d.9C63445CB24D14180CBE0652E34AEBFC.e.4560","ELEMENT":"f.83A52D51DE7EE447A745C47B9BBA803D.d.9C63445CB24D14180CBE0652E34AEBFC.e.4560"}]}
RESULT: {"script":"<script> [56 bytes]","args":[{"element-6066-11e4-a52e-4f735466cecf":"f.83A52D51DE7EE447A745C47B9BBA803D.d.9C63445CB24D14180CBE0652E34AEBFC.e.4560","ELEMENT":"f.83A52D51DE7EE447A745C47B9BBA803D.d.9C63445CB24D14180CBE0652E34AEBFC.e.4560"}]}
COMMAND: POST /session/ff12bb945472b7ca0752b083f0a6a649/element - {"using":"css selector","value":"#shell-header-logo"}
COMMAND: GET /session/ff12bb945472b7ca0752b083f0a6a649/screenshot - {}
RESULT: {"using":"css selector","value":"#shell-header-logo"}
COMMAND: POST /session/ff12bb945472b7ca0752b083f0a6a649/element/f.83A52D51DE7EE447A745C47B9BBA803D.d.9C63445CB24D14180CBE0652E34AEBFC.e.3684/click - {}
RESULT: {}
RESULT: {}
COMMAND: GET /session/ff12bb945472b7ca0752b083f0a6a649/screenshot - {}
RESULT: {}
]]></system-out>
    </testcase>
    <testcase classname="chrome.136_0_7103_93.windows.Billing_Transfer_-_Intracompany_US127249" name="Should manage conditions" time="68.053">
      <system-out><![CDATA[
COMMAND: POST /session/ff12bb945472b7ca0752b083f0a6a649/execute/async - {"script":"<script> [1562 bytes]","args":[{"selector":{"controlType":"sap.m.GenericTile","properties":{"header":"Manage Conditions & Prices"}},"wdio_ui5_key":"sapm.GenericTile{\"header\":\"Manage Conditions & Prices\"}"}]}
RESULT: {"script":"<script> [1562 bytes]","args":[{"selector":{"controlType":"sap.m.GenericTile","properties":{"header":"Manage Conditions & Prices"}},"wdio_ui5_key":"sapm.GenericTile{\"header\":\"Manage Conditions & Prices\"}"}]}
RESULT: undefined
COMMAND: POST /session/ff12bb945472b7ca0752b083f0a6a649/element - {"using":"xpath","value":"//*[@id=\"__tile93\"]"}
RESULT: {"using":"xpath","value":"//*[@id=\"__tile93\"]"}
COMMAND: POST /session/ff12bb945472b7ca0752b083f0a6a649/element/f.83A52D51DE7EE447A745C47B9BBA803D.d.9C63445CB24D14180CBE0652E34AEBFC.e.3668/click - {}
RESULT: {}
COMMAND: GET /session/ff12bb945472b7ca0752b083f0a6a649/screenshot - {}
RESULT: {}
COMMAND: POST /session/ff12bb945472b7ca0752b083f0a6a649/elements - {"using":"xpath","value":"//span[text()='Error']"}
RESULT: {"using":"xpath","value":"//span[text()='Error']"}
COMMAND: POST /session/ff12bb945472b7ca0752b083f0a6a649/element - {"using":"xpath","value":"//button[@aria-label=\"Create\"]"}
RESULT: {"using":"xpath","value":"//button[@aria-label=\"Create\"]"}
COMMAND: POST /session/ff12bb945472b7ca0752b083f0a6a649/elements - {"using":"xpath","value":"//button[@aria-label=\"Create\"]"}
RESULT: {"using":"xpath","value":"//button[@aria-label=\"Create\"]"}
COMMAND: POST /session/ff12bb945472b7ca0752b083f0a6a649/execute/sync - {"script":"<script> [8489 bytes]","args":[{"element-6066-11e4-a52e-4f735466cecf":"f.83A52D51DE7EE447A745C47B9BBA803D.d.9C63445CB24D14180CBE0652E34AEBFC.e.4594","ELEMENT":"f.83A52D51DE7EE447A745C47B9BBA803D.d.9C63445CB24D14180CBE0652E34AEBFC.e.4594"}]}
RESULT: {"script":"<script> [8489 bytes]","args":[{"element-6066-11e4-a52e-4f735466cecf":"f.83A52D51DE7EE447A745C47B9BBA803D.d.9C63445CB24D14180CBE0652E34AEBFC.e.4594","ELEMENT":"f.83A52D51DE7EE447A745C47B9BBA803D.d.9C63445CB24D14180CBE0652E34AEBFC.e.4594"}]}
COMMAND: GET /session/ff12bb945472b7ca0752b083f0a6a649/element/f.83A52D51DE7EE447A745C47B9BBA803D.d.9C63445CB24D14180CBE0652E34AEBFC.e.4594/enabled - {}
COMMAND: GET /session/ff12bb945472b7ca0752b083f0a6a649/screenshot - {}
RESULT: {}
COMMAND: POST /session/ff12bb945472b7ca0752b083f0a6a649/execute/sync - {"script":"<script> [8489 bytes]","args":[{"element-6066-11e4-a52e-4f735466cecf":"f.83A52D51DE7EE447A745C47B9BBA803D.d.9C63445CB24D14180CBE0652E34AEBFC.e.4594","ELEMENT":"f.83A52D51DE7EE447A745C47B9BBA803D.d.9C63445CB24D14180CBE0652E34AEBFC.e.4594"}]}
COMMAND: GET /session/ff12bb945472b7ca0752b083f0a6a649/screenshot - {}
RESULT: {}
RESULT: {"script":"<script> [8489 bytes]","args":[{"element-6066-11e4-a52e-4f735466cecf":"f.83A52D51DE7EE447A745C47B9BBA803D.d.9C63445CB24D14180CBE0652E34AEBFC.e.4594","ELEMENT":"f.83A52D51DE7EE447A745C47B9BBA803D.d.9C63445CB24D14180CBE0652E34AEBFC.e.4594"}]}
COMMAND: POST /session/ff12bb945472b7ca0752b083f0a6a649/execute/sync - {"script":"<script> [5351 bytes]","args":[{"element-6066-11e4-a52e-4f735466cecf":"f.83A52D51DE7EE447A745C47B9BBA803D.d.9C63445CB24D14180CBE0652E34AEBFC.e.4594","ELEMENT":"f.83A52D51DE7EE447A745C47B9BBA803D.d.9C63445CB24D14180CBE0652E34AEBFC.e.4594"}]}
COMMAND: GET /session/ff12bb945472b7ca0752b083f0a6a649/screenshot - {}
RESULT: {}
RESULT: {"script":"<script> [5351 bytes]","args":[{"element-6066-11e4-a52e-4f735466cecf":"f.83A52D51DE7EE447A745C47B9BBA803D.d.9C63445CB24D14180CBE0652E34AEBFC.e.4594","ELEMENT":"f.83A52D51DE7EE447A745C47B9BBA803D.d.9C63445CB24D14180CBE0652E34AEBFC.e.4594"}]}
COMMAND: POST /session/ff12bb945472b7ca0752b083f0a6a649/element/f.83A52D51DE7EE447A745C47B9BBA803D.d.9C63445CB24D14180CBE0652E34AEBFC.e.4594/click - {}
COMMAND: GET /session/ff12bb945472b7ca0752b083f0a6a649/screenshot - {}
RESULT: {}
RESULT: {}
COMMAND: GET /session/ff12bb945472b7ca0752b083f0a6a649/screenshot - {}
RESULT: {}
RESULT: {}
COMMAND: POST /session/ff12bb945472b7ca0752b083f0a6a649/actions - {"actions":[{"id":"action16","type":"key","parameters":{},"actions":[{"type":"keyDown","value":"î€‡"},{"type":"pause","duration":10},{"type":"keyUp","value":"î€‡"}]}]}
RESULT: {"actions":[{"id":"action16","type":"key","parameters":{},"actions":[{"type":"keyDown","value":"î€‡"},{"type":"pause","duration":10},{"type":"keyUp","value":"î€‡"}]}]}
COMMAND: GET /session/ff12bb945472b7ca0752b083f0a6a649/screenshot - {}
RESULT: {}
COMMAND: POST /session/ff12bb945472b7ca0752b083f0a6a649/execute/async - {"script":"<script> [1562 bytes]","args":[{"selector":{"id":"application-manageconditionprice-display-component---newCondition--condBillCond-arrow"},"wdio_ui5_key":"applicationmanageconditionprice-display-component---newCondition--condBillCond-arrow"}]}
RESULT: {"script":"<script> [1562 bytes]","args":[{"selector":{"id":"application-manageconditionprice-display-component---newCondition--condBillCond-arrow"},"wdio_ui5_key":"applicationmanageconditionprice-display-component---newCondition--condBillCond-arrow"}]}
RESULT: undefined
COMMAND: POST /session/ff12bb945472b7ca0752b083f0a6a649/element - {"using":"xpath","value":"//*[@id=\"application-manageconditionprice-display-component---newCondition--condBillCond-arrow\"]"}
RESULT: {"using":"xpath","value":"//*[@id=\"application-manageconditionprice-display-component---newCondition--condBillCond-arrow\"]"}
COMMAND: POST /session/ff12bb945472b7ca0752b083f0a6a649/element/f.83A52D51DE7EE447A745C47B9BBA803D.d.9C63445CB24D14180CBE0652E34AEBFC.e.4789/click - {}
RESULT: {}
COMMAND: GET /session/ff12bb945472b7ca0752b083f0a6a649/screenshot - {}
RESULT: {}
COMMAND: POST /session/ff12bb945472b7ca0752b083f0a6a649/element - {"using":"xpath","value":"//li[.//span[contains(text(), \"DISP - D&I special price\")]]"}
RESULT: {"using":"xpath","value":"//li[.//span[contains(text(), \"DISP - D&I special price\")]]"}
COMMAND: POST /session/ff12bb945472b7ca0752b083f0a6a649/element/f.83A52D51DE7EE447A745C47B9BBA803D.d.9C63445CB24D14180CBE0652E34AEBFC.e.4792/click - {}
RESULT: {}
COMMAND: GET /session/ff12bb945472b7ca0752b083f0a6a649/screenshot - {}
RESULT: {}
COMMAND: POST /session/ff12bb945472b7ca0752b083f0a6a649/execute/async - {"script":"<script> [1562 bytes]","args":[{"selector":{"id":"application-manageconditionprice-display-component---newCondition--condValidTo","interaction":{"idSuffix":"inner"}},"wdio_ui5_key":"applicationmanageconditionprice-display-component---newCondition--condValidTo"}]}
RESULT: {"script":"<script> [1562 bytes]","args":[{"selector":{"id":"application-manageconditionprice-display-component---newCondition--condValidTo","interaction":{"idSuffix":"inner"}},"wdio_ui5_key":"applicationmanageconditionprice-display-component---newCondition--condValidTo"}]}
RESULT: undefined
COMMAND: POST /session/ff12bb945472b7ca0752b083f0a6a649/execute/async - {"script":"<script> [776 bytes]","args":[{"enterText":"1/19/26","selector":{"id":"application-manageconditionprice-display-component---newCondition--condValidTo","interaction":{"idSuffix":"inner"}},"clearTextFirst":true,"interactionType":"ENTER_TEXT"}]}
RESULT: {"script":"<script> [776 bytes]","args":[{"enterText":"1/19/26","selector":{"id":"application-manageconditionprice-display-component---newCondition--condValidTo","interaction":{"idSuffix":"inner"}},"clearTextFirst":true,"interactionType":"ENTER_TEXT"}]}
COMMAND: POST /session/ff12bb945472b7ca0752b083f0a6a649/element - {"using":"xpath","value":"//input[@id=\"application-manageconditionprice-display-component---newCondition--condRU-inner\"]"}
RESULT: {"using":"xpath","value":"//input[@id=\"application-manageconditionprice-display-component---newCondition--condRU-inner\"]"}
COMMAND: POST /session/ff12bb945472b7ca0752b083f0a6a649/element/f.83A52D51DE7EE447A745C47B9BBA803D.d.9C63445CB24D14180CBE0652E34AEBFC.e.4652/clear - {}
RESULT: {}
COMMAND: POST /session/ff12bb945472b7ca0752b083f0a6a649/element/f.83A52D51DE7EE447A745C47B9BBA803D.d.9C63445CB24D14180CBE0652E34AEBFC.e.4652/value - {"text":"D421cmKWDE"}
COMMAND: GET /session/ff12bb945472b7ca0752b083f0a6a649/screenshot - {}
RESULT: {"text":"D421cmKWDE"}
COMMAND: GET /session/ff12bb945472b7ca0752b083f0a6a649/screenshot - {}
RESULT: {}
RESULT: {}
COMMAND: POST /session/ff12bb945472b7ca0752b083f0a6a649/actions - {"actions":[{"id":"action17","type":"key","parameters":{},"actions":[{"type":"keyDown","value":"î€‡"},{"type":"pause","duration":10},{"type":"keyUp","value":"î€‡"}]}]}
RESULT: {"actions":[{"id":"action17","type":"key","parameters":{},"actions":[{"type":"keyDown","value":"î€‡"},{"type":"pause","duration":10},{"type":"keyUp","value":"î€‡"}]}]}
COMMAND: POST /session/ff12bb945472b7ca0752b083f0a6a649/execute/async - {"script":"<script> [1562 bytes]","args":[{"selector":{"id":"application-manageconditionprice-display-component---newCondition--condBaseQty","interaction":{"idSuffix":"inner"}},"wdio_ui5_key":"applicationmanageconditionprice-display-component---newCondition--condBaseQty"}]}
COMMAND: GET /session/ff12bb945472b7ca0752b083f0a6a649/screenshot - {}
RESULT: {"script":"<script> [1562 bytes]","args":[{"selector":{"id":"application-manageconditionprice-display-component---newCondition--condBaseQty","interaction":{"idSuffix":"inner"}},"wdio_ui5_key":"applicationmanageconditionprice-display-component---newCondition--condBaseQty"}]}
RESULT: undefined
COMMAND: POST /session/ff12bb945472b7ca0752b083f0a6a649/execute/async - {"script":"<script> [776 bytes]","args":[{"enterText":"1","selector":{"id":"application-manageconditionprice-display-component---newCondition--condBaseQty","interaction":{"idSuffix":"inner"}},"clearTextFirst":true,"interactionType":"ENTER_TEXT"}]}
RESULT: {}
RESULT: {"script":"<script> [776 bytes]","args":[{"enterText":"1","selector":{"id":"application-manageconditionprice-display-component---newCondition--condBaseQty","interaction":{"idSuffix":"inner"}},"clearTextFirst":true,"interactionType":"ENTER_TEXT"}]}
COMMAND: POST /session/ff12bb945472b7ca0752b083f0a6a649/execute/async - {"script":"<script> [1562 bytes]","args":[{"selector":{"id":"application-manageconditionprice-display-component---newCondition--condValue","interaction":{"idSuffix":"inner"}},"wdio_ui5_key":"applicationmanageconditionprice-display-component---newCondition--condValue"}]}
RESULT: {"script":"<script> [1562 bytes]","args":[{"selector":{"id":"application-manageconditionprice-display-component---newCondition--condValue","interaction":{"idSuffix":"inner"}},"wdio_ui5_key":"applicationmanageconditionprice-display-component---newCondition--condValue"}]}
RESULT: undefined
COMMAND: POST /session/ff12bb945472b7ca0752b083f0a6a649/execute/async - {"script":"<script> [776 bytes]","args":[{"enterText":"200","selector":{"id":"application-manageconditionprice-display-component---newCondition--condValue","interaction":{"idSuffix":"inner"}},"clearTextFirst":true,"interactionType":"ENTER_TEXT"}]}
RESULT: {"script":"<script> [776 bytes]","args":[{"enterText":"200","selector":{"id":"application-manageconditionprice-display-component---newCondition--condValue","interaction":{"idSuffix":"inner"}},"clearTextFirst":true,"interactionType":"ENTER_TEXT"}]}
COMMAND: POST /session/ff12bb945472b7ca0752b083f0a6a649/execute/async - {"script":"<script> [1562 bytes]","args":[{"selector":{"id":"application-manageconditionprice-display-component---newCondition--condCurr-arrow"},"wdio_ui5_key":"applicationmanageconditionprice-display-component---newCondition--condCurr-arrow"}]}
RESULT: {"script":"<script> [1562 bytes]","args":[{"selector":{"id":"application-manageconditionprice-display-component---newCondition--condCurr-arrow"},"wdio_ui5_key":"applicationmanageconditionprice-display-component---newCondition--condCurr-arrow"}]}
RESULT: undefined
COMMAND: POST /session/ff12bb945472b7ca0752b083f0a6a649/element - {"using":"xpath","value":"//*[@id=\"application-manageconditionprice-display-component---newCondition--condCurr-arrow\"]"}
RESULT: {"using":"xpath","value":"//*[@id=\"application-manageconditionprice-display-component---newCondition--condCurr-arrow\"]"}
COMMAND: POST /session/ff12bb945472b7ca0752b083f0a6a649/element/f.83A52D51DE7EE447A745C47B9BBA803D.d.9C63445CB24D14180CBE0652E34AEBFC.e.4756/click - {}
RESULT: {}
COMMAND: POST /session/ff12bb945472b7ca0752b083f0a6a649/element - {"using":"xpath","value":"//span[contains(text(), \"Euro\")]"}
COMMAND: GET /session/ff12bb945472b7ca0752b083f0a6a649/screenshot - {}
RESULT: {"using":"xpath","value":"//span[contains(text(), \"Euro\")]"}
COMMAND: POST /session/ff12bb945472b7ca0752b083f0a6a649/element/f.83A52D51DE7EE447A745C47B9BBA803D.d.9C63445CB24D14180CBE0652E34AEBFC.e.4829/click - {}
RESULT: {}
RESULT: {}
COMMAND: POST /session/ff12bb945472b7ca0752b083f0a6a649/element - {"using":"xpath","value":"//button[@data-kt=\"saveButton\"]"}
COMMAND: GET /session/ff12bb945472b7ca0752b083f0a6a649/screenshot - {}
RESULT: {"using":"xpath","value":"//button[@data-kt=\"saveButton\"]"}
COMMAND: POST /session/ff12bb945472b7ca0752b083f0a6a649/element/f.83A52D51DE7EE447A745C47B9BBA803D.d.9C63445CB24D14180CBE0652E34AEBFC.e.4757/click - {}
RESULT: {}
RESULT: {}
COMMAND: GET /session/ff12bb945472b7ca0752b083f0a6a649/screenshot - {}
RESULT: {}
COMMAND: POST /session/ff12bb945472b7ca0752b083f0a6a649/execute/async - {"script":"<script> [1562 bytes]","args":[{"selector":{"id":"application-manageconditionprice-display-component---conditions--smartFilterBar-btnBasicSearch","interaction":{"idSuffix":"I"}},"wdio_ui5_key":"applicationmanageconditionprice-display-component---conditions--smartFilterBar-btnBasicSearch"}]}
RESULT: {"script":"<script> [1562 bytes]","args":[{"selector":{"id":"application-manageconditionprice-display-component---conditions--smartFilterBar-btnBasicSearch","interaction":{"idSuffix":"I"}},"wdio_ui5_key":"applicationmanageconditionprice-display-component---conditions--smartFilterBar-btnBasicSearch"}]}
RESULT: undefined
COMMAND: POST /session/ff12bb945472b7ca0752b083f0a6a649/execute/async - {"script":"<script> [776 bytes]","args":[{"enterText":"D421cmKWDE","selector":{"id":"application-manageconditionprice-display-component---conditions--smartFilterBar-btnBasicSearch","interaction":{"idSuffix":"I"}},"clearTextFirst":true,"interactionType":"ENTER_TEXT"}]}
RESULT: {"script":"<script> [776 bytes]","args":[{"enterText":"D421cmKWDE","selector":{"id":"application-manageconditionprice-display-component---conditions--smartFilterBar-btnBasicSearch","interaction":{"idSuffix":"I"}},"clearTextFirst":true,"interactionType":"ENTER_TEXT"}]}
COMMAND: POST /session/ff12bb945472b7ca0752b083f0a6a649/actions - {"actions":[{"id":"action18","type":"key","parameters":{},"actions":[{"type":"keyDown","value":"î€‡"},{"type":"pause","duration":10},{"type":"keyUp","value":"î€‡"}]}]}
RESULT: {"actions":[{"id":"action18","type":"key","parameters":{},"actions":[{"type":"keyDown","value":"î€‡"},{"type":"pause","duration":10},{"type":"keyUp","value":"î€‡"}]}]}
COMMAND: GET /session/ff12bb945472b7ca0752b083f0a6a649/screenshot - {}
RESULT: {}
COMMAND: POST /session/ff12bb945472b7ca0752b083f0a6a649/execute/async - {"script":"<script> [1562 bytes]","args":[{"selector":{"id":"application-manageconditionprice-display-component---conditions--smartFilterBar-filterItemControl_BASIC-BILL_TYPES-vhi"},"wdio_ui5_key":"applicationmanageconditionprice-display-component---conditions--smartFilterBar-filterItemControl_BASIC-BILL_TYPES-vhi"}]}
RESULT: {"script":"<script> [1562 bytes]","args":[{"selector":{"id":"application-manageconditionprice-display-component---conditions--smartFilterBar-filterItemControl_BASIC-BILL_TYPES-vhi"},"wdio_ui5_key":"applicationmanageconditionprice-display-component---conditions--smartFilterBar-filterItemControl_BASIC-BILL_TYPES-vhi"}]}
RESULT: undefined
COMMAND: POST /session/ff12bb945472b7ca0752b083f0a6a649/element - {"using":"xpath","value":"//*[@id=\"application-manageconditionprice-display-component---conditions--smartFilterBar-filterItemControl_BASIC-BILL_TYPES-vhi\"]"}
RESULT: {"using":"xpath","value":"//*[@id=\"application-manageconditionprice-display-component---conditions--smartFilterBar-filterItemControl_BASIC-BILL_TYPES-vhi\"]"}
COMMAND: POST /session/ff12bb945472b7ca0752b083f0a6a649/element/f.83A52D51DE7EE447A745C47B9BBA803D.d.9C63445CB24D14180CBE0652E34AEBFC.e.4936/click - {}
RESULT: {}
COMMAND: POST /session/ff12bb945472b7ca0752b083f0a6a649/execute/async - {"script":"<script> [1562 bytes]","args":[{"selector":{"id":"application-manageconditionprice-display-component---conditions--smartFilterBar-filterItemControl_BASIC-BILL_TYPES-valueHelpDialog-smartFilterBar-btnBasicSearch","searchOpenDialogs":true,"interaction":{"idSuffix":"I"}},"wdio_ui5_key":"applicationmanageconditionprice-display-component---conditions--smartFilterBar-filterItemControl_BASIC-BILL_TYPES-valueHelpDialog-smartFilterBar-btnBasicSearch"}]}
COMMAND: GET /session/ff12bb945472b7ca0752b083f0a6a649/screenshot - {}
RESULT: {"script":"<script> [1562 bytes]","args":[{"selector":{"id":"application-manageconditionprice-display-component---conditions--smartFilterBar-filterItemControl_BASIC-BILL_TYPES-valueHelpDialog-smartFilterBar-btnBasicSearch","searchOpenDialogs":true,"interaction":{"idSuffix":"I"}},"wdio_ui5_key":"applicationmanageconditionprice-display-component---conditions--smartFilterBar-filterItemControl_BASIC-BILL_TYPES-valueHelpDialog-smartFilterBar-btnBasicSearch"}]}
RESULT: undefined
COMMAND: POST /session/ff12bb945472b7ca0752b083f0a6a649/execute/async - {"script":"<script> [776 bytes]","args":[{"enterText":"TB","selector":{"id":"application-manageconditionprice-display-component---conditions--smartFilterBar-filterItemControl_BASIC-BILL_TYPES-valueHelpDialog-smartFilterBar-btnBasicSearch","searchOpenDialogs":true,"interaction":{"idSuffix":"I"}},"clearTextFirst":true,"interactionType":"ENTER_TEXT"}]}
RESULT: {}
RESULT: {"script":"<script> [776 bytes]","args":[{"enterText":"TB","selector":{"id":"application-manageconditionprice-display-component---conditions--smartFilterBar-filterItemControl_BASIC-BILL_TYPES-valueHelpDialog-smartFilterBar-btnBasicSearch","searchOpenDialogs":true,"interaction":{"idSuffix":"I"}},"clearTextFirst":true,"interactionType":"ENTER_TEXT"}]}
COMMAND: POST /session/ff12bb945472b7ca0752b083f0a6a649/actions - {"actions":[{"id":"action19","type":"key","parameters":{},"actions":[{"type":"keyDown","value":"î€‡"},{"type":"pause","duration":10},{"type":"keyUp","value":"î€‡"}]}]}
RESULT: {"actions":[{"id":"action19","type":"key","parameters":{},"actions":[{"type":"keyDown","value":"î€‡"},{"type":"pause","duration":10},{"type":"keyUp","value":"î€‡"}]}]}
COMMAND: GET /session/ff12bb945472b7ca0752b083f0a6a649/screenshot - {}
RESULT: {}
COMMAND: POST /session/ff12bb945472b7ca0752b083f0a6a649/element - {"using":"xpath","value":"//div[contains(@id, 'application-manageconditionprice-display-component---conditions--smartFilterBar-filterItemControl_BASIC-BILL_TYPES-valueHelpDialog-table-rowsel0')]"}
RESULT: {"using":"xpath","value":"//div[contains(@id, 'application-manageconditionprice-display-component---conditions--smartFilterBar-filterItemControl_BASIC-BILL_TYPES-valueHelpDialog-table-rowsel0')]"}
COMMAND: POST /session/ff12bb945472b7ca0752b083f0a6a649/element/f.83A52D51DE7EE447A745C47B9BBA803D.d.9C63445CB24D14180CBE0652E34AEBFC.e.4945/click - {}
RESULT: {}
COMMAND: GET /session/ff12bb945472b7ca0752b083f0a6a649/screenshot - {}
RESULT: {}
COMMAND: POST /session/ff12bb945472b7ca0752b083f0a6a649/element - {"using":"xpath","value":"//bdi[contains(text(), \"OK\")]"}
RESULT: {"using":"xpath","value":"//bdi[contains(text(), \"OK\")]"}
COMMAND: POST /session/ff12bb945472b7ca0752b083f0a6a649/element/f.83A52D51DE7EE447A745C47B9BBA803D.d.9C63445CB24D14180CBE0652E34AEBFC.e.4947/click - {}
RESULT: {}
COMMAND: GET /session/ff12bb945472b7ca0752b083f0a6a649/screenshot - {}
RESULT: {}
COMMAND: POST /session/ff12bb945472b7ca0752b083f0a6a649/element - {"using":"xpath","value":"//span[@id=\"application-manageconditionprice-display-component---conditions--smartTable-header-inner\"]"}
RESULT: {"using":"xpath","value":"//span[@id=\"application-manageconditionprice-display-component---conditions--smartTable-header-inner\"]"}
COMMAND: POST /session/ff12bb945472b7ca0752b083f0a6a649/elements - {"using":"xpath","value":"//span[@id=\"application-manageconditionprice-display-component---conditions--smartTable-header-inner\"]"}
RESULT: {"using":"xpath","value":"//span[@id=\"application-manageconditionprice-display-component---conditions--smartTable-header-inner\"]"}
COMMAND: POST /session/ff12bb945472b7ca0752b083f0a6a649/execute/sync - {"script":"<script> [56 bytes]","args":[{"element-6066-11e4-a52e-4f735466cecf":"f.83A52D51DE7EE447A745C47B9BBA803D.d.9C63445CB24D14180CBE0652E34AEBFC.e.4950","ELEMENT":"f.83A52D51DE7EE447A745C47B9BBA803D.d.9C63445CB24D14180CBE0652E34AEBFC.e.4950"}]}
RESULT: {"script":"<script> [56 bytes]","args":[{"element-6066-11e4-a52e-4f735466cecf":"f.83A52D51DE7EE447A745C47B9BBA803D.d.9C63445CB24D14180CBE0652E34AEBFC.e.4950","ELEMENT":"f.83A52D51DE7EE447A745C47B9BBA803D.d.9C63445CB24D14180CBE0652E34AEBFC.e.4950"}]}
COMMAND: POST /session/ff12bb945472b7ca0752b083f0a6a649/element - {"using":"css selector","value":"#shell-header-logo"}
COMMAND: GET /session/ff12bb945472b7ca0752b083f0a6a649/screenshot - {}
RESULT: {"using":"css selector","value":"#shell-header-logo"}
COMMAND: POST /session/ff12bb945472b7ca0752b083f0a6a649/element/f.83A52D51DE7EE447A745C47B9BBA803D.d.9C63445CB24D14180CBE0652E34AEBFC.e.4564/click - {}
RESULT: {}
RESULT: {}
COMMAND: GET /session/ff12bb945472b7ca0752b083f0a6a649/screenshot - {}
RESULT: {}
]]></system-out>
    </testcase>
    <testcase classname="chrome.136_0_7103_93.windows.Billing_Transfer_-_Intracompany_US127249" name="Should do a stock increase handover" time="98.852">
      <system-out><![CDATA[
COMMAND: POST /session/ff12bb945472b7ca0752b083f0a6a649/execute/async - {"script":"<script> [1562 bytes]","args":[{"selector":{"controlType":"sap.m.GenericTile","properties":{"header":"Manage Handovers"}},"wdio_ui5_key":"sapm.GenericTile{\"header\":\"Manage Handovers\"}"}]}
RESULT: {"script":"<script> [1562 bytes]","args":[{"selector":{"controlType":"sap.m.GenericTile","properties":{"header":"Manage Handovers"}},"wdio_ui5_key":"sapm.GenericTile{\"header\":\"Manage Handovers\"}"}]}
RESULT: undefined
COMMAND: POST /session/ff12bb945472b7ca0752b083f0a6a649/element - {"using":"xpath","value":"//*[@id=\"__tile133\"]"}
RESULT: {"using":"xpath","value":"//*[@id=\"__tile133\"]"}
COMMAND: POST /session/ff12bb945472b7ca0752b083f0a6a649/element/f.83A52D51DE7EE447A745C47B9BBA803D.d.9C63445CB24D14180CBE0652E34AEBFC.e.3632/click - {}
RESULT: {}
COMMAND: GET /session/ff12bb945472b7ca0752b083f0a6a649/screenshot - {}
RESULT: {}
COMMAND: POST /session/ff12bb945472b7ca0752b083f0a6a649/elements - {"using":"xpath","value":"//span[text()='Error']"}
RESULT: {"using":"xpath","value":"//span[text()='Error']"}
COMMAND: POST /session/ff12bb945472b7ca0752b083f0a6a649/element - {"using":"xpath","value":"//button[@data-kt=\"masterHOAddButton\"]"}
RESULT: {"using":"xpath","value":"//button[@data-kt=\"masterHOAddButton\"]"}
COMMAND: POST /session/ff12bb945472b7ca0752b083f0a6a649/elements - {"using":"xpath","value":"//button[@data-kt=\"masterHOAddButton\"]"}
RESULT: {"using":"xpath","value":"//button[@data-kt=\"masterHOAddButton\"]"}
COMMAND: POST /session/ff12bb945472b7ca0752b083f0a6a649/elements - {"using":"xpath","value":"//button[@data-kt=\"masterHOAddButton\"]"}
RESULT: {"using":"xpath","value":"//button[@data-kt=\"masterHOAddButton\"]"}
COMMAND: POST /session/ff12bb945472b7ca0752b083f0a6a649/element - {"using":"xpath","value":"//button[@data-kt=\"masterHOAddButton\"]"}
RESULT: {"using":"xpath","value":"//button[@data-kt=\"masterHOAddButton\"]"}
COMMAND: POST /session/ff12bb945472b7ca0752b083f0a6a649/execute/sync - {"script":"<script> [8489 bytes]","args":[{"element-6066-11e4-a52e-4f735466cecf":"f.83A52D51DE7EE447A745C47B9BBA803D.d.9C63445CB24D14180CBE0652E34AEBFC.e.4981","ELEMENT":"f.83A52D51DE7EE447A745C47B9BBA803D.d.9C63445CB24D14180CBE0652E34AEBFC.e.4981"}]}
RESULT: {"script":"<script> [8489 bytes]","args":[{"element-6066-11e4-a52e-4f735466cecf":"f.83A52D51DE7EE447A745C47B9BBA803D.d.9C63445CB24D14180CBE0652E34AEBFC.e.4981","ELEMENT":"f.83A52D51DE7EE447A745C47B9BBA803D.d.9C63445CB24D14180CBE0652E34AEBFC.e.4981"}]}
COMMAND: GET /session/ff12bb945472b7ca0752b083f0a6a649/element/f.83A52D51DE7EE447A745C47B9BBA803D.d.9C63445CB24D14180CBE0652E34AEBFC.e.4981/enabled - {}
COMMAND: GET /session/ff12bb945472b7ca0752b083f0a6a649/screenshot - {}
RESULT: {}
COMMAND: POST /session/ff12bb945472b7ca0752b083f0a6a649/execute/sync - {"script":"<script> [8489 bytes]","args":[{"element-6066-11e4-a52e-4f735466cecf":"f.83A52D51DE7EE447A745C47B9BBA803D.d.9C63445CB24D14180CBE0652E34AEBFC.e.4981","ELEMENT":"f.83A52D51DE7EE447A745C47B9BBA803D.d.9C63445CB24D14180CBE0652E34AEBFC.e.4981"}]}
COMMAND: GET /session/ff12bb945472b7ca0752b083f0a6a649/screenshot - {}
RESULT: {}
RESULT: {"script":"<script> [8489 bytes]","args":[{"element-6066-11e4-a52e-4f735466cecf":"f.83A52D51DE7EE447A745C47B9BBA803D.d.9C63445CB24D14180CBE0652E34AEBFC.e.4981","ELEMENT":"f.83A52D51DE7EE447A745C47B9BBA803D.d.9C63445CB24D14180CBE0652E34AEBFC.e.4981"}]}
COMMAND: POST /session/ff12bb945472b7ca0752b083f0a6a649/execute/sync - {"script":"<script> [5351 bytes]","args":[{"element-6066-11e4-a52e-4f735466cecf":"f.83A52D51DE7EE447A745C47B9BBA803D.d.9C63445CB24D14180CBE0652E34AEBFC.e.4981","ELEMENT":"f.83A52D51DE7EE447A745C47B9BBA803D.d.9C63445CB24D14180CBE0652E34AEBFC.e.4981"}]}
COMMAND: GET /session/ff12bb945472b7ca0752b083f0a6a649/screenshot - {}
RESULT: {}
RESULT: {"script":"<script> [5351 bytes]","args":[{"element-6066-11e4-a52e-4f735466cecf":"f.83A52D51DE7EE447A745C47B9BBA803D.d.9C63445CB24D14180CBE0652E34AEBFC.e.4981","ELEMENT":"f.83A52D51DE7EE447A745C47B9BBA803D.d.9C63445CB24D14180CBE0652E34AEBFC.e.4981"}]}
COMMAND: POST /session/ff12bb945472b7ca0752b083f0a6a649/element/f.83A52D51DE7EE447A745C47B9BBA803D.d.9C63445CB24D14180CBE0652E34AEBFC.e.4981/click - {}
COMMAND: GET /session/ff12bb945472b7ca0752b083f0a6a649/screenshot - {}
RESULT: {}
RESULT: {}
COMMAND: GET /session/ff12bb945472b7ca0752b083f0a6a649/screenshot - {}
RESULT: {}
RESULT: {}
COMMAND: POST /session/ff12bb945472b7ca0752b083f0a6a649/element - {"using":"xpath","value":"//span[contains(@id ,\"AddNewHO--typeSelect-arrow\")]"}
RESULT: {"using":"xpath","value":"//span[contains(@id ,\"AddNewHO--typeSelect-arrow\")]"}
COMMAND: POST /session/ff12bb945472b7ca0752b083f0a6a649/element/f.83A52D51DE7EE447A745C47B9BBA803D.d.9C63445CB24D14180CBE0652E34AEBFC.e.5356/click - {}
RESULT: {}
COMMAND: GET /session/ff12bb945472b7ca0752b083f0a6a649/screenshot - {}
RESULT: {}
COMMAND: POST /session/ff12bb945472b7ca0752b083f0a6a649/element - {"using":"xpath","value":"(//li[contains(text(), \"stock increase yard\")])[1]"}
RESULT: {"using":"xpath","value":"(//li[contains(text(), \"stock increase yard\")])[1]"}
COMMAND: POST /session/ff12bb945472b7ca0752b083f0a6a649/element/f.83A52D51DE7EE447A745C47B9BBA803D.d.9C63445CB24D14180CBE0652E34AEBFC.e.5357/click - {}
RESULT: {}
COMMAND: GET /session/ff12bb945472b7ca0752b083f0a6a649/screenshot - {}
RESULT: {}
COMMAND: POST /session/ff12bb945472b7ca0752b083f0a6a649/execute/async - {"script":"<script> [1562 bytes]","args":[{"selector":{"id":"application-managehandovers-display-component---AddNewHO--dueDate","interaction":{"idSuffix":"inner"}},"wdio_ui5_key":"applicationmanagehandovers-display-component---AddNewHO--dueDate"}]}
RESULT: {"script":"<script> [1562 bytes]","args":[{"selector":{"id":"application-managehandovers-display-component---AddNewHO--dueDate","interaction":{"idSuffix":"inner"}},"wdio_ui5_key":"applicationmanagehandovers-display-component---AddNewHO--dueDate"}]}
RESULT: undefined
COMMAND: POST /session/ff12bb945472b7ca0752b083f0a6a649/execute/async - {"script":"<script> [6424 bytes]","args":[{"element-6066-11e4-a52e-4f735466cecf":"f.83A52D51DE7EE447A745C47B9BBA803D.d.9C63445CB24D14180CBE0652E34AEBFC.e.5359"},"setValue",["5/19/25"]]}
RESULT: {"script":"<script> [6424 bytes]","args":[{"element-6066-11e4-a52e-4f735466cecf":"f.83A52D51DE7EE447A745C47B9BBA803D.d.9C63445CB24D14180CBE0652E34AEBFC.e.5359"},"setValue",["5/19/25"]]}
COMMAND: POST /session/ff12bb945472b7ca0752b083f0a6a649/element - {"using":"xpath","value":"//input[@id=\"generalSectionFrg--receiveYard-inner\"]"}
RESULT: {"using":"xpath","value":"//input[@id=\"generalSectionFrg--receiveYard-inner\"]"}
COMMAND: POST /session/ff12bb945472b7ca0752b083f0a6a649/element/f.83A52D51DE7EE447A745C47B9BBA803D.d.9C63445CB24D14180CBE0652E34AEBFC.e.5363/clear - {}
RESULT: {}
COMMAND: POST /session/ff12bb945472b7ca0752b083f0a6a649/element/f.83A52D51DE7EE447A745C47B9BBA803D.d.9C63445CB24D14180CBE0652E34AEBFC.e.5363/value - {"text":"567"}
COMMAND: GET /session/ff12bb945472b7ca0752b083f0a6a649/screenshot - {}
RESULT: {"text":"567"}
COMMAND: GET /session/ff12bb945472b7ca0752b083f0a6a649/screenshot - {}
RESULT: {}
RESULT: {}
COMMAND: POST /session/ff12bb945472b7ca0752b083f0a6a649/element - {"using":"xpath","value":"//li[.//span[text()='567']]"}
RESULT: {"using":"xpath","value":"//li[.//span[text()='567']]"}
COMMAND: POST /session/ff12bb945472b7ca0752b083f0a6a649/element/f.83A52D51DE7EE447A745C47B9BBA803D.d.9C63445CB24D14180CBE0652E34AEBFC.e.5381/click - {}
RESULT: {}
COMMAND: GET /session/ff12bb945472b7ca0752b083f0a6a649/screenshot - {}
RESULT: {}
COMMAND: POST /session/ff12bb945472b7ca0752b083f0a6a649/execute/async - {"script":"<script> [1562 bytes]","args":[{"selector":{"id":"application-managehandovers-display-component---AddNewHO--ObjectPageLayout-anchBar-application-managehandovers-display-component---AddNewHO--section4-anchor","interaction":{"idSuffix":"BDI-content"}},"wdio_ui5_key":"applicationmanagehandovers-display-component---AddNewHO--ObjectPageLayout-anchBar-application-managehandovers-display-component---AddNewHO--section4-anchor"}]}
RESULT: {"script":"<script> [1562 bytes]","args":[{"selector":{"id":"application-managehandovers-display-component---AddNewHO--ObjectPageLayout-anchBar-application-managehandovers-display-component---AddNewHO--section4-anchor","interaction":{"idSuffix":"BDI-content"}},"wdio_ui5_key":"applicationmanagehandovers-display-component---AddNewHO--ObjectPageLayout-anchBar-application-managehandovers-display-component---AddNewHO--section4-anchor"}]}
RESULT: undefined
COMMAND: POST /session/ff12bb945472b7ca0752b083f0a6a649/element - {"using":"xpath","value":"//*[@id=\"application-managehandovers-display-component---AddNewHO--ObjectPageLayout-anchBar-application-managehandovers-display-component---AddNewHO--section4-anchor\"]"}
RESULT: {"using":"xpath","value":"//*[@id=\"application-managehandovers-display-component---AddNewHO--ObjectPageLayout-anchBar-application-managehandovers-display-component---AddNewHO--section4-anchor\"]"}
COMMAND: POST /session/ff12bb945472b7ca0752b083f0a6a649/element/f.83A52D51DE7EE447A745C47B9BBA803D.d.9C63445CB24D14180CBE0652E34AEBFC.e.5383/click - {}
RESULT: {}
COMMAND: POST /session/ff12bb945472b7ca0752b083f0a6a649/element - {"using":"xpath","value":"//button[@aria-label=\"Add\"]"}
COMMAND: GET /session/ff12bb945472b7ca0752b083f0a6a649/screenshot - {}
RESULT: {"using":"xpath","value":"//button[@aria-label=\"Add\"]"}
COMMAND: POST /session/ff12bb945472b7ca0752b083f0a6a649/element/f.83A52D51DE7EE447A745C47B9BBA803D.d.9C63445CB24D14180CBE0652E34AEBFC.e.5385/click - {}
RESULT: {}
RESULT: {}
COMMAND: GET /session/ff12bb945472b7ca0752b083f0a6a649/screenshot - {}
RESULT: {}
COMMAND: POST /session/ff12bb945472b7ca0752b083f0a6a649/execute/async - {"script":"<script> [1562 bytes]","args":[{"selector":{"id":"application-managehandovers-display-component---AddNewHO--smartFilterBar-btnBasicSearch","searchOpenDialogs":true,"interaction":{"idSuffix":"I"}},"wdio_ui5_key":"applicationmanagehandovers-display-component---AddNewHO--smartFilterBar-btnBasicSearch"}]}
RESULT: {"script":"<script> [1562 bytes]","args":[{"selector":{"id":"application-managehandovers-display-component---AddNewHO--smartFilterBar-btnBasicSearch","searchOpenDialogs":true,"interaction":{"idSuffix":"I"}},"wdio_ui5_key":"applicationmanagehandovers-display-component---AddNewHO--smartFilterBar-btnBasicSearch"}]}
RESULT: undefined
COMMAND: POST /session/ff12bb945472b7ca0752b083f0a6a649/execute/async - {"script":"<script> [776 bytes]","args":[{"enterText":"D421cmKWDE","selector":{"id":"application-managehandovers-display-component---AddNewHO--smartFilterBar-btnBasicSearch","searchOpenDialogs":true,"interaction":{"idSuffix":"I"}},"clearTextFirst":true,"interactionType":"ENTER_TEXT"}]}
RESULT: {"script":"<script> [776 bytes]","args":[{"enterText":"D421cmKWDE","selector":{"id":"application-managehandovers-display-component---AddNewHO--smartFilterBar-btnBasicSearch","searchOpenDialogs":true,"interaction":{"idSuffix":"I"}},"clearTextFirst":true,"interactionType":"ENTER_TEXT"}]}
COMMAND: POST /session/ff12bb945472b7ca0752b083f0a6a649/actions - {"actions":[{"id":"action20","type":"key","parameters":{},"actions":[{"type":"keyDown","value":"î€‡"},{"type":"pause","duration":10},{"type":"keyUp","value":"î€‡"}]}]}
RESULT: {"actions":[{"id":"action20","type":"key","parameters":{},"actions":[{"type":"keyDown","value":"î€‡"},{"type":"pause","duration":10},{"type":"keyUp","value":"î€‡"}]}]}
COMMAND: GET /session/ff12bb945472b7ca0752b083f0a6a649/screenshot - {}
RESULT: {}
COMMAND: POST /session/ff12bb945472b7ca0752b083f0a6a649/execute/async - {"script":"<script> [1562 bytes]","args":[{"selector":{"id":"application-managehandovers-display-component---AddNewHO--popup-sa","searchOpenDialogs":true,"interaction":{"idSuffix":"CbBg"}},"wdio_ui5_key":"applicationmanagehandovers-display-component---AddNewHO--popup-sa"}]}
RESULT: {"script":"<script> [1562 bytes]","args":[{"selector":{"id":"application-managehandovers-display-component---AddNewHO--popup-sa","searchOpenDialogs":true,"interaction":{"idSuffix":"CbBg"}},"wdio_ui5_key":"applicationmanagehandovers-display-component---AddNewHO--popup-sa"}]}
RESULT: undefined
COMMAND: POST /session/ff12bb945472b7ca0752b083f0a6a649/element - {"using":"xpath","value":"//*[@id=\"application-managehandovers-display-component---AddNewHO--popup-sa\"]"}
RESULT: {"using":"xpath","value":"//*[@id=\"application-managehandovers-display-component---AddNewHO--popup-sa\"]"}
COMMAND: POST /session/ff12bb945472b7ca0752b083f0a6a649/element/f.83A52D51DE7EE447A745C47B9BBA803D.d.9C63445CB24D14180CBE0652E34AEBFC.e.5539/click - {}
RESULT: {}
COMMAND: GET /session/ff12bb945472b7ca0752b083f0a6a649/screenshot - {}
RESULT: {}
COMMAND: POST /session/ff12bb945472b7ca0752b083f0a6a649/element - {"using":"xpath","value":"//bdi[contains(text(), \"Select\")]"}
RESULT: {"using":"xpath","value":"//bdi[contains(text(), \"Select\")]"}
COMMAND: POST /session/ff12bb945472b7ca0752b083f0a6a649/element/f.83A52D51DE7EE447A745C47B9BBA803D.d.9C63445CB24D14180CBE0652E34AEBFC.e.5540/click - {}
RESULT: {}
COMMAND: GET /session/ff12bb945472b7ca0752b083f0a6a649/screenshot - {}
RESULT: {}
COMMAND: POST /session/ff12bb945472b7ca0752b083f0a6a649/element - {"using":"xpath","value":"//button[@data-kt=\"AddNewHOSaveButton\"]"}
RESULT: {"using":"xpath","value":"//button[@data-kt=\"AddNewHOSaveButton\"]"}
COMMAND: POST /session/ff12bb945472b7ca0752b083f0a6a649/element/f.83A52D51DE7EE447A745C47B9BBA803D.d.9C63445CB24D14180CBE0652E34AEBFC.e.5544/click - {}
RESULT: {}
COMMAND: GET /session/ff12bb945472b7ca0752b083f0a6a649/screenshot - {}
RESULT: {}
COMMAND: POST /session/ff12bb945472b7ca0752b083f0a6a649/execute/async - {"script":"<script> [1562 bytes]","args":[{"selector":{"id":"receiptDatePicker","viewName":"etm.portal.ui.managehandovers.view.DetailExecuteHO","interaction":{"idSuffix":"inner"}},"wdio_ui5_key":"receiptDatePickeretmportal.ui.managehandovers.view.DetailExecuteHO"}]}
RESULT: {"script":"<script> [1562 bytes]","args":[{"selector":{"id":"receiptDatePicker","viewName":"etm.portal.ui.managehandovers.view.DetailExecuteHO","interaction":{"idSuffix":"inner"}},"wdio_ui5_key":"receiptDatePickeretmportal.ui.managehandovers.view.DetailExecuteHO"}]}
RESULT: undefined
COMMAND: POST /session/ff12bb945472b7ca0752b083f0a6a649/execute/async - {"script":"<script> [6424 bytes]","args":[{"element-6066-11e4-a52e-4f735466cecf":"f.83A52D51DE7EE447A745C47B9BBA803D.d.9C63445CB24D14180CBE0652E34AEBFC.e.5565"},"setValue",["5/19/25"]]}
RESULT: {"script":"<script> [6424 bytes]","args":[{"element-6066-11e4-a52e-4f735466cecf":"f.83A52D51DE7EE447A745C47B9BBA803D.d.9C63445CB24D14180CBE0652E34AEBFC.e.5565"},"setValue",["5/19/25"]]}
COMMAND: POST /session/ff12bb945472b7ca0752b083f0a6a649/element - {"using":"xpath","value":"//button[@data-kt=\"PickingTableConfirmAllButton\"]"}
RESULT: {"using":"xpath","value":"//button[@data-kt=\"PickingTableConfirmAllButton\"]"}
COMMAND: POST /session/ff12bb945472b7ca0752b083f0a6a649/element/f.83A52D51DE7EE447A745C47B9BBA803D.d.9C63445CB24D14180CBE0652E34AEBFC.e.5580/click - {}
RESULT: {}
COMMAND: GET /session/ff12bb945472b7ca0752b083f0a6a649/screenshot - {}
RESULT: {}
COMMAND: POST /session/ff12bb945472b7ca0752b083f0a6a649/element - {"using":"xpath","value":"//bdi[contains(text(), \"OK\")]"}
RESULT: {"using":"xpath","value":"//bdi[contains(text(), \"OK\")]"}
COMMAND: POST /session/ff12bb945472b7ca0752b083f0a6a649/element/f.83A52D51DE7EE447A745C47B9BBA803D.d.9C63445CB24D14180CBE0652E34AEBFC.e.5582/click - {}
RESULT: {}
COMMAND: GET /session/ff12bb945472b7ca0752b083f0a6a649/screenshot - {}
RESULT: {}
COMMAND: POST /session/ff12bb945472b7ca0752b083f0a6a649/element - {"using":"xpath","value":"(//bdi[contains(text(), \"Receive\")])[2]"}
RESULT: {"using":"xpath","value":"(//bdi[contains(text(), \"Receive\")])[2]"}
COMMAND: POST /session/ff12bb945472b7ca0752b083f0a6a649/element/f.83A52D51DE7EE447A745C47B9BBA803D.d.9C63445CB24D14180CBE0652E34AEBFC.e.5584/click - {}
RESULT: {}
COMMAND: GET /session/ff12bb945472b7ca0752b083f0a6a649/screenshot - {}
RESULT: {}
COMMAND: POST /session/ff12bb945472b7ca0752b083f0a6a649/element - {"using":"css selector","value":"#shell-header-logo"}
RESULT: {"using":"css selector","value":"#shell-header-logo"}
COMMAND: POST /session/ff12bb945472b7ca0752b083f0a6a649/element/f.83A52D51DE7EE447A745C47B9BBA803D.d.9C63445CB24D14180CBE0652E34AEBFC.e.4957/click - {}
RESULT: {}
COMMAND: GET /session/ff12bb945472b7ca0752b083f0a6a649/screenshot - {}
RESULT: {}
]]></system-out>
    </testcase>
    <testcase classname="chrome.136_0_7103_93.windows.Billing_Transfer_-_Intracompany_US127249" name="Should create a new contract" time="66.262">
      <system-out><![CDATA[
COMMAND: POST /session/ff12bb945472b7ca0752b083f0a6a649/execute/async - {"script":"<script> [1562 bytes]","args":[{"selector":{"controlType":"sap.m.GenericTile","properties":{"header":"Manage Contracts"}},"wdio_ui5_key":"sapm.GenericTile{\"header\":\"Manage Contracts\"}"}]}
RESULT: {"script":"<script> [1562 bytes]","args":[{"selector":{"controlType":"sap.m.GenericTile","properties":{"header":"Manage Contracts"}},"wdio_ui5_key":"sapm.GenericTile{\"header\":\"Manage Contracts\"}"}]}
RESULT: undefined
COMMAND: POST /session/ff12bb945472b7ca0752b083f0a6a649/element - {"using":"xpath","value":"//*[@id=\"__tile130\"]"}
RESULT: {"using":"xpath","value":"//*[@id=\"__tile130\"]"}
COMMAND: POST /session/ff12bb945472b7ca0752b083f0a6a649/element/f.83A52D51DE7EE447A745C47B9BBA803D.d.9C63445CB24D14180CBE0652E34AEBFC.e.3621/click - {}
RESULT: {}
COMMAND: GET /session/ff12bb945472b7ca0752b083f0a6a649/screenshot - {}
RESULT: {}
COMMAND: POST /session/ff12bb945472b7ca0752b083f0a6a649/elements - {"using":"xpath","value":"//span[text()='Error']"}
RESULT: {"using":"xpath","value":"//span[text()='Error']"}
COMMAND: POST /session/ff12bb945472b7ca0752b083f0a6a649/element - {"using":"xpath","value":"//button[@data-kt=\"addButton\"]"}
RESULT: {"using":"xpath","value":"//button[@data-kt=\"addButton\"]"}
COMMAND: POST /session/ff12bb945472b7ca0752b083f0a6a649/elements - {"using":"xpath","value":"//button[@data-kt=\"addButton\"]"}
RESULT: {"using":"xpath","value":"//button[@data-kt=\"addButton\"]"}
COMMAND: POST /session/ff12bb945472b7ca0752b083f0a6a649/execute/sync - {"script":"<script> [8489 bytes]","args":[{"element-6066-11e4-a52e-4f735466cecf":"f.83A52D51DE7EE447A745C47B9BBA803D.d.9C63445CB24D14180CBE0652E34AEBFC.e.5805","ELEMENT":"f.83A52D51DE7EE447A745C47B9BBA803D.d.9C63445CB24D14180CBE0652E34AEBFC.e.5805"}]}
RESULT: {"script":"<script> [8489 bytes]","args":[{"element-6066-11e4-a52e-4f735466cecf":"f.83A52D51DE7EE447A745C47B9BBA803D.d.9C63445CB24D14180CBE0652E34AEBFC.e.5805","ELEMENT":"f.83A52D51DE7EE447A745C47B9BBA803D.d.9C63445CB24D14180CBE0652E34AEBFC.e.5805"}]}
COMMAND: GET /session/ff12bb945472b7ca0752b083f0a6a649/element/f.83A52D51DE7EE447A745C47B9BBA803D.d.9C63445CB24D14180CBE0652E34AEBFC.e.5805/enabled - {}
COMMAND: GET /session/ff12bb945472b7ca0752b083f0a6a649/screenshot - {}
RESULT: {}
COMMAND: POST /session/ff12bb945472b7ca0752b083f0a6a649/execute/sync - {"script":"<script> [8489 bytes]","args":[{"element-6066-11e4-a52e-4f735466cecf":"f.83A52D51DE7EE447A745C47B9BBA803D.d.9C63445CB24D14180CBE0652E34AEBFC.e.5805","ELEMENT":"f.83A52D51DE7EE447A745C47B9BBA803D.d.9C63445CB24D14180CBE0652E34AEBFC.e.5805"}]}
COMMAND: GET /session/ff12bb945472b7ca0752b083f0a6a649/screenshot - {}
RESULT: {}
RESULT: {"script":"<script> [8489 bytes]","args":[{"element-6066-11e4-a52e-4f735466cecf":"f.83A52D51DE7EE447A745C47B9BBA803D.d.9C63445CB24D14180CBE0652E34AEBFC.e.5805","ELEMENT":"f.83A52D51DE7EE447A745C47B9BBA803D.d.9C63445CB24D14180CBE0652E34AEBFC.e.5805"}]}
COMMAND: POST /session/ff12bb945472b7ca0752b083f0a6a649/execute/sync - {"script":"<script> [5351 bytes]","args":[{"element-6066-11e4-a52e-4f735466cecf":"f.83A52D51DE7EE447A745C47B9BBA803D.d.9C63445CB24D14180CBE0652E34AEBFC.e.5805","ELEMENT":"f.83A52D51DE7EE447A745C47B9BBA803D.d.9C63445CB24D14180CBE0652E34AEBFC.e.5805"}]}
COMMAND: GET /session/ff12bb945472b7ca0752b083f0a6a649/screenshot - {}
RESULT: {}
RESULT: {"script":"<script> [5351 bytes]","args":[{"element-6066-11e4-a52e-4f735466cecf":"f.83A52D51DE7EE447A745C47B9BBA803D.d.9C63445CB24D14180CBE0652E34AEBFC.e.5805","ELEMENT":"f.83A52D51DE7EE447A745C47B9BBA803D.d.9C63445CB24D14180CBE0652E34AEBFC.e.5805"}]}
COMMAND: GET /session/ff12bb945472b7ca0752b083f0a6a649/screenshot - {}
RESULT: {}
RESULT: {}
COMMAND: POST /session/ff12bb945472b7ca0752b083f0a6a649/element/f.83A52D51DE7EE447A745C47B9BBA803D.d.9C63445CB24D14180CBE0652E34AEBFC.e.5805/click - {}
RESULT: {}
COMMAND: GET /session/ff12bb945472b7ca0752b083f0a6a649/screenshot - {}
RESULT: {}
COMMAND: POST /session/ff12bb945472b7ca0752b083f0a6a649/execute/async - {"script":"<script> [1562 bytes]","args":[{"selector":{"id":"application-managecontracts-display-component---AddNewContract--projectDescription","interaction":{"idSuffix":"inner"}},"wdio_ui5_key":"applicationmanagecontracts-display-component---AddNewContract--projectDescription"}]}
RESULT: {"script":"<script> [1562 bytes]","args":[{"selector":{"id":"application-managecontracts-display-component---AddNewContract--projectDescription","interaction":{"idSuffix":"inner"}},"wdio_ui5_key":"applicationmanagecontracts-display-component---AddNewContract--projectDescription"}]}
RESULT: undefined
COMMAND: POST /session/ff12bb945472b7ca0752b083f0a6a649/execute/async - {"script":"<script> [776 bytes]","args":[{"enterText":"Contract WDIO","selector":{"id":"application-managecontracts-display-component---AddNewContract--projectDescription","interaction":{"idSuffix":"inner"}},"clearTextFirst":true,"interactionType":"ENTER_TEXT"}]}
RESULT: {"script":"<script> [776 bytes]","args":[{"enterText":"Contract WDIO","selector":{"id":"application-managecontracts-display-component---AddNewContract--projectDescription","interaction":{"idSuffix":"inner"}},"clearTextFirst":true,"interactionType":"ENTER_TEXT"}]}
COMMAND: POST /session/ff12bb945472b7ca0752b083f0a6a649/element - {"using":"xpath","value":"//input[@id=\"application-managecontracts-display-component---AddNewContract--site-inner\"]"}
RESULT: {"using":"xpath","value":"//input[@id=\"application-managecontracts-display-component---AddNewContract--site-inner\"]"}
COMMAND: POST /session/ff12bb945472b7ca0752b083f0a6a649/element/f.83A52D51DE7EE447A745C47B9BBA803D.d.9C63445CB24D14180CBE0652E34AEBFC.e.6161/clear - {}
RESULT: {}
COMMAND: POST /session/ff12bb945472b7ca0752b083f0a6a649/element/f.83A52D51DE7EE447A745C47B9BBA803D.d.9C63445CB24D14180CBE0652E34AEBFC.e.6161/value - {"text":"2285"}
COMMAND: GET /session/ff12bb945472b7ca0752b083f0a6a649/screenshot - {}
RESULT: {"text":"2285"}
COMMAND: GET /session/ff12bb945472b7ca0752b083f0a6a649/screenshot - {}
RESULT: {}
RESULT: {}
COMMAND: POST /session/ff12bb945472b7ca0752b083f0a6a649/element - {"using":"xpath","value":"//li[.//span[text()='2285']]"}
RESULT: {"using":"xpath","value":"//li[.//span[text()='2285']]"}
COMMAND: POST /session/ff12bb945472b7ca0752b083f0a6a649/element/f.83A52D51DE7EE447A745C47B9BBA803D.d.9C63445CB24D14180CBE0652E34AEBFC.e.6192/click - {}
RESULT: {}
COMMAND: GET /session/ff12bb945472b7ca0752b083f0a6a649/screenshot - {}
RESULT: {}
COMMAND: POST /session/ff12bb945472b7ca0752b083f0a6a649/element - {"using":"xpath","value":"//input[@id=\"application-managecontracts-display-component---AddNewContract--yardId-inner\"]"}
RESULT: {"using":"xpath","value":"//input[@id=\"application-managecontracts-display-component---AddNewContract--yardId-inner\"]"}
COMMAND: GET /session/ff12bb945472b7ca0752b083f0a6a649/element/f.83A52D51DE7EE447A745C47B9BBA803D.d.9C63445CB24D14180CBE0652E34AEBFC.e.6162/property/value - {}
RESULT: {}
COMMAND: POST /session/ff12bb945472b7ca0752b083f0a6a649/element - {"using":"xpath","value":"//input[@id=\"application-managecontracts-display-component---AddNewContract--customerSelect-inner\"]"}
COMMAND: GET /session/ff12bb945472b7ca0752b083f0a6a649/screenshot - {}
RESULT: {"using":"xpath","value":"//input[@id=\"application-managecontracts-display-component---AddNewContract--customerSelect-inner\"]"}
COMMAND: POST /session/ff12bb945472b7ca0752b083f0a6a649/element/f.83A52D51DE7EE447A745C47B9BBA803D.d.9C63445CB24D14180CBE0652E34AEBFC.e.6160/clear - {}
RESULT: {}
RESULT: {}
COMMAND: POST /session/ff12bb945472b7ca0752b083f0a6a649/element/f.83A52D51DE7EE447A745C47B9BBA803D.d.9C63445CB24D14180CBE0652E34AEBFC.e.6160/value - {"text":"1338"}
COMMAND: GET /session/ff12bb945472b7ca0752b083f0a6a649/screenshot - {}
RESULT: {"text":"1338"}
COMMAND: GET /session/ff12bb945472b7ca0752b083f0a6a649/screenshot - {}
RESULT: {}
RESULT: {}
COMMAND: POST /session/ff12bb945472b7ca0752b083f0a6a649/element - {"using":"xpath","value":"//li[.//span[text()='1338']]"}
RESULT: {"using":"xpath","value":"//li[.//span[text()='1338']]"}
COMMAND: POST /session/ff12bb945472b7ca0752b083f0a6a649/element/f.83A52D51DE7EE447A745C47B9BBA803D.d.9C63445CB24D14180CBE0652E34AEBFC.e.6195/click - {}
RESULT: {}
COMMAND: GET /session/ff12bb945472b7ca0752b083f0a6a649/screenshot - {}
RESULT: {}
COMMAND: POST /session/ff12bb945472b7ca0752b083f0a6a649/element - {"using":"xpath","value":"//button[@data-kt=\"saveButton\"]"}
RESULT: {"using":"xpath","value":"//button[@data-kt=\"saveButton\"]"}
COMMAND: POST /session/ff12bb945472b7ca0752b083f0a6a649/element/f.83A52D51DE7EE447A745C47B9BBA803D.d.9C63445CB24D14180CBE0652E34AEBFC.e.6196/click - {}
RESULT: {}
COMMAND: GET /session/ff12bb945472b7ca0752b083f0a6a649/screenshot - {}
RESULT: {}
COMMAND: POST /session/ff12bb945472b7ca0752b083f0a6a649/element - {"using":"xpath","value":"//span[contains(@id ,\"contractDetailTitleNoExpanded\")]"}
RESULT: {"using":"xpath","value":"//span[contains(@id ,\"contractDetailTitleNoExpanded\")]"}
COMMAND: POST /session/ff12bb945472b7ca0752b083f0a6a649/elements - {"using":"xpath","value":"//span[contains(@id ,\"contractDetailTitleNoExpanded\")]"}
RESULT: {"using":"xpath","value":"//span[contains(@id ,\"contractDetailTitleNoExpanded\")]"}
COMMAND: POST /session/ff12bb945472b7ca0752b083f0a6a649/execute/sync - {"script":"<script> [56 bytes]","args":[{"element-6066-11e4-a52e-4f735466cecf":"f.83A52D51DE7EE447A745C47B9BBA803D.d.9C63445CB24D14180CBE0652E34AEBFC.e.6210","ELEMENT":"f.83A52D51DE7EE447A745C47B9BBA803D.d.9C63445CB24D14180CBE0652E34AEBFC.e.6210"}]}
RESULT: {"script":"<script> [56 bytes]","args":[{"element-6066-11e4-a52e-4f735466cecf":"f.83A52D51DE7EE447A745C47B9BBA803D.d.9C63445CB24D14180CBE0652E34AEBFC.e.6210","ELEMENT":"f.83A52D51DE7EE447A745C47B9BBA803D.d.9C63445CB24D14180CBE0652E34AEBFC.e.6210"}]}
COMMAND: GET /session/ff12bb945472b7ca0752b083f0a6a649/screenshot - {}
RESULT: {}
]]></system-out>
    </testcase>
    <testcase classname="chrome.136_0_7103_93.windows.Billing_Transfer_-_Intracompany_US127249" name="Should add equipment to the contract" time="45.902">
      <system-out><![CDATA[
COMMAND: POST /session/ff12bb945472b7ca0752b083f0a6a649/element - {"using":"xpath","value":"//button[@data-kt=\"contractDetailEditBtnButton\"]"}
RESULT: {"using":"xpath","value":"//button[@data-kt=\"contractDetailEditBtnButton\"]"}
COMMAND: POST /session/ff12bb945472b7ca0752b083f0a6a649/element/f.83A52D51DE7EE447A745C47B9BBA803D.d.9C63445CB24D14180CBE0652E34AEBFC.e.6212/click - {}
RESULT: {}
COMMAND: GET /session/ff12bb945472b7ca0752b083f0a6a649/screenshot - {}
RESULT: {}
COMMAND: POST /session/ff12bb945472b7ca0752b083f0a6a649/element - {"using":"xpath","value":"(//span[contains(text(), \"Additional Addresses\")])[2]"}
RESULT: {"using":"xpath","value":"(//span[contains(text(), \"Additional Addresses\")])[2]"}
COMMAND: POST /session/ff12bb945472b7ca0752b083f0a6a649/element/f.83A52D51DE7EE447A745C47B9BBA803D.d.9C63445CB24D14180CBE0652E34AEBFC.e.6267/click - {}
RESULT: {}
COMMAND: GET /session/ff12bb945472b7ca0752b083f0a6a649/screenshot - {}
RESULT: {}
COMMAND: POST /session/ff12bb945472b7ca0752b083f0a6a649/element - {"using":"xpath","value":"//button[@data-kt=\"btnAddTableRowOverflowToolbarButton\"]"}
RESULT: {"using":"xpath","value":"//button[@data-kt=\"btnAddTableRowOverflowToolbarButton\"]"}
COMMAND: POST /session/ff12bb945472b7ca0752b083f0a6a649/element/f.83A52D51DE7EE447A745C47B9BBA803D.d.9C63445CB24D14180CBE0652E34AEBFC.e.6269/click - {}
RESULT: {}
COMMAND: GET /session/ff12bb945472b7ca0752b083f0a6a649/screenshot - {}
RESULT: {}
COMMAND: POST /session/ff12bb945472b7ca0752b083f0a6a649/element - {"using":"xpath","value":"//div[(text() = 'Standard Entry' or . = 'Standard Entry')]"}
RESULT: {"using":"xpath","value":"//div[(text() = 'Standard Entry' or . = 'Standard Entry')]"}
COMMAND: POST /session/ff12bb945472b7ca0752b083f0a6a649/element/f.83A52D51DE7EE447A745C47B9BBA803D.d.9C63445CB24D14180CBE0652E34AEBFC.e.6271/click - {}
RESULT: {}
COMMAND: GET /session/ff12bb945472b7ca0752b083f0a6a649/screenshot - {}
RESULT: {}
COMMAND: POST /session/ff12bb945472b7ca0752b083f0a6a649/element - {"using":"xpath","value":"//td[7]/div/div/input"}
RESULT: {"using":"xpath","value":"//td[7]/div/div/input"}
COMMAND: POST /session/ff12bb945472b7ca0752b083f0a6a649/element/f.83A52D51DE7EE447A745C47B9BBA803D.d.9C63445CB24D14180CBE0652E34AEBFC.e.6280/clear - {}
RESULT: {}
COMMAND: POST /session/ff12bb945472b7ca0752b083f0a6a649/element/f.83A52D51DE7EE447A745C47B9BBA803D.d.9C63445CB24D14180CBE0652E34AEBFC.e.6280/value - {"text":"D421cmKWDE"}
COMMAND: GET /session/ff12bb945472b7ca0752b083f0a6a649/screenshot - {}
RESULT: {"text":"D421cmKWDE"}
COMMAND: GET /session/ff12bb945472b7ca0752b083f0a6a649/screenshot - {}
RESULT: {}
RESULT: {}
COMMAND: POST /session/ff12bb945472b7ca0752b083f0a6a649/actions - {"actions":[{"id":"action21","type":"key","parameters":{},"actions":[{"type":"keyDown","value":"î€‡"},{"type":"pause","duration":10},{"type":"keyUp","value":"î€‡"}]}]}
RESULT: {"actions":[{"id":"action21","type":"key","parameters":{},"actions":[{"type":"keyDown","value":"î€‡"},{"type":"pause","duration":10},{"type":"keyUp","value":"î€‡"}]}]}
COMMAND: GET /session/ff12bb945472b7ca0752b083f0a6a649/screenshot - {}
RESULT: {}
COMMAND: POST /session/ff12bb945472b7ca0752b083f0a6a649/execute/sync - {"script":"<script> [276 bytes]","args":["No pricing information was found"]}
RESULT: {"script":"<script> [276 bytes]","args":["No pricing information was found"]}
COMMAND: POST /session/ff12bb945472b7ca0752b083f0a6a649/element - {"using":"xpath","value":"(//button[@data-kt=\"saveButton\"])[2]"}
COMMAND: GET /session/ff12bb945472b7ca0752b083f0a6a649/screenshot - {}
RESULT: {"using":"xpath","value":"(//button[@data-kt=\"saveButton\"])[2]"}
COMMAND: POST /session/ff12bb945472b7ca0752b083f0a6a649/element/f.83A52D51DE7EE447A745C47B9BBA803D.d.9C63445CB24D14180CBE0652E34AEBFC.e.6295/click - {}
RESULT: {}
RESULT: {}
COMMAND: GET /session/ff12bb945472b7ca0752b083f0a6a649/screenshot - {}
RESULT: {}
COMMAND: POST /session/ff12bb945472b7ca0752b083f0a6a649/execute/sync - {"script":"<script> [276 bytes]","args":["Some contract items are having rental validity exceeding header rental validity"]}
RESULT: {"script":"<script> [276 bytes]","args":["Some contract items are having rental validity exceeding header rental validity"]}
COMMAND: GET /session/ff12bb945472b7ca0752b083f0a6a649/screenshot - {}
RESULT: {}
COMMAND: POST /session/ff12bb945472b7ca0752b083f0a6a649/element - {"using":"xpath","value":"//span[contains(@id ,\"contractItemsSmartTable-header-inner\")]"}
RESULT: {"using":"xpath","value":"//span[contains(@id ,\"contractItemsSmartTable-header-inner\")]"}
COMMAND: POST /session/ff12bb945472b7ca0752b083f0a6a649/elements - {"using":"xpath","value":"//span[contains(@id ,\"contractItemsSmartTable-header-inner\")]"}
RESULT: {"using":"xpath","value":"//span[contains(@id ,\"contractItemsSmartTable-header-inner\")]"}
COMMAND: POST /session/ff12bb945472b7ca0752b083f0a6a649/execute/sync - {"script":"<script> [56 bytes]","args":[{"element-6066-11e4-a52e-4f735466cecf":"f.83A52D51DE7EE447A745C47B9BBA803D.d.9C63445CB24D14180CBE0652E34AEBFC.e.6302","ELEMENT":"f.83A52D51DE7EE447A745C47B9BBA803D.d.9C63445CB24D14180CBE0652E34AEBFC.e.6302"}]}
RESULT: {"script":"<script> [56 bytes]","args":[{"element-6066-11e4-a52e-4f735466cecf":"f.83A52D51DE7EE447A745C47B9BBA803D.d.9C63445CB24D14180CBE0652E34AEBFC.e.6302","ELEMENT":"f.83A52D51DE7EE447A745C47B9BBA803D.d.9C63445CB24D14180CBE0652E34AEBFC.e.6302"}]}
COMMAND: GET /session/ff12bb945472b7ca0752b083f0a6a649/screenshot - {}
]]></system-out>
    </testcase>
    <testcase classname="chrome.136_0_7103_93.windows.Billing_Transfer_-_Intracompany_US127249" name="Should do a provide to site handover" time="73.262">
      <system-out><![CDATA[
COMMAND: POST /session/ff12bb945472b7ca0752b083f0a6a649/element - {"using":"xpath","value":"//button[@data-kt=\"provideButton\"]"}
RESULT: {}
RESULT: {"using":"xpath","value":"//button[@data-kt=\"provideButton\"]"}
COMMAND: POST /session/ff12bb945472b7ca0752b083f0a6a649/element/f.83A52D51DE7EE447A745C47B9BBA803D.d.9C63445CB24D14180CBE0652E34AEBFC.e.6303/click - {}
RESULT: {}
COMMAND: GET /session/ff12bb945472b7ca0752b083f0a6a649/screenshot - {}
RESULT: undefined
COMMAND: POST /session/ff12bb945472b7ca0752b083f0a6a649/execute/async - {"script":"<script> [6424 bytes]","args":[{"element-6066-11e4-a52e-4f735466cecf":"f.83A52D51DE7EE447A745C47B9BBA803D.d.9C63445CB24D14180CBE0652E34AEBFC.e.5359"},"setValue",["5/19/25"]]}
RESULT: {}
COMMAND: POST /session/ff12bb945472b7ca0752b083f0a6a649/execute/async - {"script":"<script> [1562 bytes]","args":[{"selector":{"id":"application-managehandovers-display-component---AddNewHO--dueDate","interaction":{"idSuffix":"inner"}},"wdio_ui5_key":"applicationmanagehandovers-display-component---AddNewHO--dueDate"}]}
RESULT: {"script":"<script> [1562 bytes]","args":[{"selector":{"id":"application-managehandovers-display-component---AddNewHO--dueDate","interaction":{"idSuffix":"inner"}},"wdio_ui5_key":"applicationmanagehandovers-display-component---AddNewHO--dueDate"}]}
COMMAND: POST /session/ff12bb945472b7ca0752b083f0a6a649/execute/async - {"script":"<script> [6424 bytes]","args":[{"element-6066-11e4-a52e-4f735466cecf":"f.83A52D51DE7EE447A745C47B9BBA803D.d.9C63445CB24D14180CBE0652E34AEBFC.e.6360"},"setValue",["5/19/25"]]}
RESULT: {"script":"<script> [6424 bytes]","args":[{"element-6066-11e4-a52e-4f735466cecf":"f.83A52D51DE7EE447A745C47B9BBA803D.d.9C63445CB24D14180CBE0652E34AEBFC.e.6360"},"setValue",["5/19/25"]]}
COMMAND: POST /session/ff12bb945472b7ca0752b083f0a6a649/element - {"using":"xpath","value":"//bdi[contains(text(), \"Instructions\")]"}
RESULT: {"using":"xpath","value":"//bdi[contains(text(), \"Instructions\")]"}
COMMAND: POST /session/ff12bb945472b7ca0752b083f0a6a649/element/f.83A52D51DE7EE447A745C47B9BBA803D.d.9C63445CB24D14180CBE0652E34AEBFC.e.6609/click - {}
RESULT: {}
COMMAND: GET /session/ff12bb945472b7ca0752b083f0a6a649/screenshot - {}
RESULT: {}
COMMAND: POST /session/ff12bb945472b7ca0752b083f0a6a649/element - {"using":"xpath","value":"//button[@data-kt=\"AddNewHOProvideAddItemsButton\"]"}
RESULT: {"using":"xpath","value":"//button[@data-kt=\"AddNewHOProvideAddItemsButton\"]"}
COMMAND: POST /session/ff12bb945472b7ca0752b083f0a6a649/element/f.83A52D51DE7EE447A745C47B9BBA803D.d.9C63445CB24D14180CBE0652E34AEBFC.e.6613/click - {}
RESULT: {}
COMMAND: GET /session/ff12bb945472b7ca0752b083f0a6a649/screenshot - {}
RESULT: {}
RESULT: undefined
COMMAND: POST /session/ff12bb945472b7ca0752b083f0a6a649/element - {"using":"xpath","value":"//*[@id=\"application-managehandovers-display-component---AddNewHO--popup-sa\"]"}
RESULT: {"using":"xpath","value":"//*[@id=\"application-managehandovers-display-component---AddNewHO--popup-sa\"]"}
COMMAND: POST /session/ff12bb945472b7ca0752b083f0a6a649/element/f.83A52D51DE7EE447A745C47B9BBA803D.d.9C63445CB24D14180CBE0652E34AEBFC.e.6627/click - {}
RESULT: {}
COMMAND: GET /session/ff12bb945472b7ca0752b083f0a6a649/screenshot - {}
RESULT: {}
COMMAND: POST /session/ff12bb945472b7ca0752b083f0a6a649/element - {"using":"xpath","value":"//*[contains(@id ,\"BDI-content\")][contains(text(), \"Select\")]"}
RESULT: {"using":"xpath","value":"//*[contains(@id ,\"BDI-content\")][contains(text(), \"Select\")]"}
COMMAND: POST /session/ff12bb945472b7ca0752b083f0a6a649/element/f.83A52D51DE7EE447A745C47B9BBA803D.d.9C63445CB24D14180CBE0652E34AEBFC.e.6629/click - {}
RESULT: {}
COMMAND: GET /session/ff12bb945472b7ca0752b083f0a6a649/screenshot - {}
RESULT: {}
COMMAND: POST /session/ff12bb945472b7ca0752b083f0a6a649/execute/async - {"script":"<script> [1562 bytes]","args":[{"selector":{"id":"application-managehandovers-display-component---AddNewHO--confirmCreationButton","interaction":{"idSuffix":"BDI-content"}},"wdio_ui5_key":"applicationmanagehandovers-display-component---AddNewHO--confirmCreationButton"}]}
RESULT: {"script":"<script> [1562 bytes]","args":[{"selector":{"id":"application-managehandovers-display-component---AddNewHO--confirmCreationButton","interaction":{"idSuffix":"BDI-content"}},"wdio_ui5_key":"applicationmanagehandovers-display-component---AddNewHO--confirmCreationButton"}]}
RESULT: undefined
COMMAND: POST /session/ff12bb945472b7ca0752b083f0a6a649/element - {"using":"xpath","value":"//*[@id=\"application-managehandovers-display-component---AddNewHO--confirmCreationButton\"]"}
RESULT: {"using":"xpath","value":"//*[@id=\"application-managehandovers-display-component---AddNewHO--confirmCreationButton\"]"}
COMMAND: POST /session/ff12bb945472b7ca0752b083f0a6a649/element/f.83A52D51DE7EE447A745C47B9BBA803D.d.9C63445CB24D14180CBE0652E34AEBFC.e.6438/click - {}
RESULT: {}
COMMAND: GET /session/ff12bb945472b7ca0752b083f0a6a649/screenshot - {}
RESULT: {}
COMMAND: POST /session/ff12bb945472b7ca0752b083f0a6a649/execute/async - {"script":"<script> [1562 bytes]","args":[{"selector":{"id":"issueDatePicker","viewName":"etm.portal.ui.managehandovers.view.DetailExecuteHO","interaction":{"idSuffix":"inner"}},"wdio_ui5_key":"issueDatePickeretmportal.ui.managehandovers.view.DetailExecuteHO"}]}
RESULT: {"script":"<script> [1562 bytes]","args":[{"selector":{"id":"issueDatePicker","viewName":"etm.portal.ui.managehandovers.view.DetailExecuteHO","interaction":{"idSuffix":"inner"}},"wdio_ui5_key":"issueDatePickeretmportal.ui.managehandovers.view.DetailExecuteHO"}]}
RESULT: undefined
COMMAND: POST /session/ff12bb945472b7ca0752b083f0a6a649/execute/async - {"script":"<script> [776 bytes]","args":[{"enterText":"5/19/25","selector":{"id":"issueDatePicker","viewName":"etm.portal.ui.managehandovers.view.DetailExecuteHO","interaction":{"idSuffix":"inner"}},"clearTextFirst":true,"interactionType":"ENTER_TEXT"}]}
RESULT: {"script":"<script> [776 bytes]","args":[{"enterText":"5/19/25","selector":{"id":"issueDatePicker","viewName":"etm.portal.ui.managehandovers.view.DetailExecuteHO","interaction":{"idSuffix":"inner"}},"clearTextFirst":true,"interactionType":"ENTER_TEXT"}]}
COMMAND: POST /session/ff12bb945472b7ca0752b083f0a6a649/element - {"using":"xpath","value":"//bdi[contains(text(), \"OK\")]"}
RESULT: {"using":"xpath","value":"//bdi[contains(text(), \"OK\")]"}
COMMAND: POST /session/ff12bb945472b7ca0752b083f0a6a649/element/f.83A52D51DE7EE447A745C47B9BBA803D.d.9C63445CB24D14180CBE0652E34AEBFC.e.6678/click - {}
RESULT: {}
COMMAND: GET /session/ff12bb945472b7ca0752b083f0a6a649/screenshot - {}
RESULT: {}
COMMAND: POST /session/ff12bb945472b7ca0752b083f0a6a649/element - {"using":"xpath","value":"//button[@data-kt=\"PickingTableConfirmAllButton\"]"}
RESULT: {"using":"xpath","value":"//button[@data-kt=\"PickingTableConfirmAllButton\"]"}
COMMAND: POST /session/ff12bb945472b7ca0752b083f0a6a649/element/f.83A52D51DE7EE447A745C47B9BBA803D.d.9C63445CB24D14180CBE0652E34AEBFC.e.6685/click - {}
RESULT: {}
COMMAND: GET /session/ff12bb945472b7ca0752b083f0a6a649/screenshot - {}
RESULT: {}
COMMAND: POST /session/ff12bb945472b7ca0752b083f0a6a649/element - {"using":"xpath","value":"//bdi[contains(text(), \"OK\")]"}
RESULT: {"using":"xpath","value":"//bdi[contains(text(), \"OK\")]"}
COMMAND: POST /session/ff12bb945472b7ca0752b083f0a6a649/element/f.83A52D51DE7EE447A745C47B9BBA803D.d.9C63445CB24D14180CBE0652E34AEBFC.e.6688/click - {}
RESULT: {}
COMMAND: GET /session/ff12bb945472b7ca0752b083f0a6a649/screenshot - {}
RESULT: {}
COMMAND: POST /session/ff12bb945472b7ca0752b083f0a6a649/element - {"using":"xpath","value":"//bdi[contains(text(), \"Issue\")]"}
RESULT: {"using":"xpath","value":"//bdi[contains(text(), \"Issue\")]"}
COMMAND: POST /session/ff12bb945472b7ca0752b083f0a6a649/element/f.83A52D51DE7EE447A745C47B9BBA803D.d.9C63445CB24D14180CBE0652E34AEBFC.e.6690/click - {}
RESULT: {}
COMMAND: GET /session/ff12bb945472b7ca0752b083f0a6a649/screenshot - {}
RESULT: {}
COMMAND: POST /session/ff12bb945472b7ca0752b083f0a6a649/element - {"using":"css selector","value":"#shell-header-logo"}
RESULT: {"using":"css selector","value":"#shell-header-logo"}
COMMAND: POST /session/ff12bb945472b7ca0752b083f0a6a649/element/f.83A52D51DE7EE447A745C47B9BBA803D.d.9C63445CB24D14180CBE0652E34AEBFC.e.5757/click - {}
RESULT: {}
COMMAND: GET /session/ff12bb945472b7ca0752b083f0a6a649/screenshot - {}
RESULT: {}
]]></system-out>
    </testcase>
    <testcase classname="chrome.136_0_7103_93.windows.Billing_Transfer_-_Intracompany_US127249" name="Should go navigate to Manage Billings and trigger contract calculation check result" time="60.805">
      <system-out><![CDATA[
COMMAND: POST /session/ff12bb945472b7ca0752b083f0a6a649/execute/async - {"script":"<script> [1562 bytes]","args":[{"selector":{"controlType":"sap.m.GenericTile","properties":{"header":"Manage Billings"}},"wdio_ui5_key":"sapm.GenericTile{\"header\":\"Manage Billings\"}"}]}
RESULT: {"script":"<script> [1562 bytes]","args":[{"selector":{"controlType":"sap.m.GenericTile","properties":{"header":"Manage Billings"}},"wdio_ui5_key":"sapm.GenericTile{\"header\":\"Manage Billings\"}"}]}
RESULT: undefined
COMMAND: POST /session/ff12bb945472b7ca0752b083f0a6a649/element - {"using":"xpath","value":"//*[@id=\"__tile91\"]"}
RESULT: {"using":"xpath","value":"//*[@id=\"__tile91\"]"}
COMMAND: POST /session/ff12bb945472b7ca0752b083f0a6a649/element/f.83A52D51DE7EE447A745C47B9BBA803D.d.9C63445CB24D14180CBE0652E34AEBFC.e.3662/click - {}
RESULT: {}
COMMAND: GET /session/ff12bb945472b7ca0752b083f0a6a649/screenshot - {}
RESULT: {}
COMMAND: POST /session/ff12bb945472b7ca0752b083f0a6a649/elements - {"using":"xpath","value":"//span[text()='Error']"}
RESULT: {"using":"xpath","value":"//span[text()='Error']"}
COMMAND: POST /session/ff12bb945472b7ca0752b083f0a6a649/execute/async - {"script":"<script> [1562 bytes]","args":[{"selector":{"id":"application-managebillings-display-component---billRunCalcResult--smartFilterBar-btnBasicSearch","interaction":{"idSuffix":"I"}},"wdio_ui5_key":"applicationmanagebillings-display-component---billRunCalcResult--smartFilterBar-btnBasicSearch"}]}
RESULT: {"script":"<script> [1562 bytes]","args":[{"selector":{"id":"application-managebillings-display-component---billRunCalcResult--smartFilterBar-btnBasicSearch","interaction":{"idSuffix":"I"}},"wdio_ui5_key":"applicationmanagebillings-display-component---billRunCalcResult--smartFilterBar-btnBasicSearch"}]}
RESULT: undefined
COMMAND: POST /session/ff12bb945472b7ca0752b083f0a6a649/execute/async - {"script":"<script> [776 bytes]","args":[{"enterText":"10399","selector":{"id":"application-managebillings-display-component---billRunCalcResult--smartFilterBar-btnBasicSearch","interaction":{"idSuffix":"I"}},"clearTextFirst":true,"interactionType":"ENTER_TEXT"}]}
RESULT: {"script":"<script> [776 bytes]","args":[{"enterText":"10399","selector":{"id":"application-managebillings-display-component---billRunCalcResult--smartFilterBar-btnBasicSearch","interaction":{"idSuffix":"I"}},"clearTextFirst":true,"interactionType":"ENTER_TEXT"}]}
COMMAND: POST /session/ff12bb945472b7ca0752b083f0a6a649/actions - {"actions":[{"id":"action22","type":"key","parameters":{},"actions":[{"type":"keyDown","value":"î€‡"},{"type":"pause","duration":10},{"type":"keyUp","value":"î€‡"}]}]}
RESULT: {"actions":[{"id":"action22","type":"key","parameters":{},"actions":[{"type":"keyDown","value":"î€‡"},{"type":"pause","duration":10},{"type":"keyUp","value":"î€‡"}]}]}
COMMAND: GET /session/ff12bb945472b7ca0752b083f0a6a649/screenshot - {}
RESULT: {}
COMMAND: POST /session/ff12bb945472b7ca0752b083f0a6a649/element - {"using":"xpath","value":"//td[@aria-colindex=\"1\"]/div/div[contains(@class, \"sapMCbBg\")]"}
RESULT: {"using":"xpath","value":"//td[@aria-colindex=\"1\"]/div/div[contains(@class, \"sapMCbBg\")]"}
COMMAND: POST /session/ff12bb945472b7ca0752b083f0a6a649/element/f.83A52D51DE7EE447A745C47B9BBA803D.d.9C63445CB24D14180CBE0652E34AEBFC.e.7076/click - {}
RESULT: {}
COMMAND: GET /session/ff12bb945472b7ca0752b083f0a6a649/screenshot - {}
RESULT: {}
COMMAND: POST /session/ff12bb945472b7ca0752b083f0a6a649/execute/async - {"script":"<script> [1562 bytes]","args":[{"selector":{"id":"application-managebillings-display-component---billRunCalcResult--contractBillRunDate","interaction":{"idSuffix":"inner"}},"wdio_ui5_key":"applicationmanagebillings-display-component---billRunCalcResult--contractBillRunDate"}]}
RESULT: {"script":"<script> [1562 bytes]","args":[{"selector":{"id":"application-managebillings-display-component---billRunCalcResult--contractBillRunDate","interaction":{"idSuffix":"inner"}},"wdio_ui5_key":"applicationmanagebillings-display-component---billRunCalcResult--contractBillRunDate"}]}
RESULT: undefined
COMMAND: POST /session/ff12bb945472b7ca0752b083f0a6a649/execute/async - {"script":"<script> [776 bytes]","args":[{"enterText":"5/19/25","selector":{"id":"application-managebillings-display-component---billRunCalcResult--contractBillRunDate","interaction":{"idSuffix":"inner"}},"clearTextFirst":true,"interactionType":"ENTER_TEXT"}]}
RESULT: {"script":"<script> [776 bytes]","args":[{"enterText":"5/19/25","selector":{"id":"application-managebillings-display-component---billRunCalcResult--contractBillRunDate","interaction":{"idSuffix":"inner"}},"clearTextFirst":true,"interactionType":"ENTER_TEXT"}]}
COMMAND: POST /session/ff12bb945472b7ca0752b083f0a6a649/element - {"using":"xpath","value":"//bdi[contains(text(), \"Trigger Calculation\")]"}
RESULT: {"using":"xpath","value":"//bdi[contains(text(), \"Trigger Calculation\")]"}
COMMAND: POST /session/ff12bb945472b7ca0752b083f0a6a649/element/f.83A52D51DE7EE447A745C47B9BBA803D.d.9C63445CB24D14180CBE0652E34AEBFC.e.7126/click - {}
RESULT: {}
COMMAND: GET /session/ff12bb945472b7ca0752b083f0a6a649/screenshot - {}
RESULT: {}
COMMAND: POST /session/ff12bb945472b7ca0752b083f0a6a649/element - {"using":"xpath","value":"(//span[contains(@id, \"imgNav\")])[1]"}
RESULT: {"using":"xpath","value":"(//span[contains(@id, \"imgNav\")])[1]"}
COMMAND: POST /session/ff12bb945472b7ca0752b083f0a6a649/element/f.83A52D51DE7EE447A745C47B9BBA803D.d.9C63445CB24D14180CBE0652E34AEBFC.e.7077/click - {}
RESULT: {}
COMMAND: GET /session/ff12bb945472b7ca0752b083f0a6a649/screenshot - {}
RESULT: {}
COMMAND: POST /session/ff12bb945472b7ca0752b083f0a6a649/element - {"using":"xpath","value":"//tr/td[6]/div[1]/span[1]/span[1]"}
RESULT: {"using":"xpath","value":"//tr/td[6]/div[1]/span[1]/span[1]"}
COMMAND: GET /session/ff12bb945472b7ca0752b083f0a6a649/element/f.83A52D51DE7EE447A745C47B9BBA803D.d.9C63445CB24D14180CBE0652E34AEBFC.e.7131/text - {}
RESULT: {}
COMMAND: POST /session/ff12bb945472b7ca0752b083f0a6a649/element - {"using":"xpath","value":"(//span[contains(@id, \"imgNav\")])[2]"}
RESULT: {"using":"xpath","value":"(//span[contains(@id, \"imgNav\")])[2]"}
COMMAND: POST /session/ff12bb945472b7ca0752b083f0a6a649/element/f.83A52D51DE7EE447A745C47B9BBA803D.d.9C63445CB24D14180CBE0652E34AEBFC.e.7132/click - {}
RESULT: {}
COMMAND: POST /session/ff12bb945472b7ca0752b083f0a6a649/element - {"using":"xpath","value":"//bdi[contains(text(), \"Business Confirm\")]"}
COMMAND: GET /session/ff12bb945472b7ca0752b083f0a6a649/screenshot - {}
RESULT: {"using":"xpath","value":"//bdi[contains(text(), \"Business Confirm\")]"}
COMMAND: POST /session/ff12bb945472b7ca0752b083f0a6a649/elements - {"using":"xpath","value":"//bdi[contains(text(), \"Business Confirm\")]"}
RESULT: {}
RESULT: {"using":"xpath","value":"//bdi[contains(text(), \"Business Confirm\")]"}
COMMAND: POST /session/ff12bb945472b7ca0752b083f0a6a649/element - {"using":"xpath","value":"//bdi[contains(text(), \"Business Confirm\")]"}
RESULT: {"using":"xpath","value":"//bdi[contains(text(), \"Business Confirm\")]"}
COMMAND: POST /session/ff12bb945472b7ca0752b083f0a6a649/element/f.83A52D51DE7EE447A745C47B9BBA803D.d.9C63445CB24D14180CBE0652E34AEBFC.e.7202/click - {}
RESULT: {}
COMMAND: POST /session/ff12bb945472b7ca0752b083f0a6a649/element - {"using":"css selector","value":"#shell-header-logo"}
COMMAND: GET /session/ff12bb945472b7ca0752b083f0a6a649/screenshot - {}
RESULT: {"using":"css selector","value":"#shell-header-logo"}
COMMAND: POST /session/ff12bb945472b7ca0752b083f0a6a649/element/f.83A52D51DE7EE447A745C47B9BBA803D.d.9C63445CB24D14180CBE0652E34AEBFC.e.6870/click - {}
RESULT: {}
RESULT: {}
COMMAND: GET /session/ff12bb945472b7ca0752b083f0a6a649/screenshot - {}
RESULT: {}
]]></system-out>
    </testcase>
    <testcase classname="chrome.136_0_7103_93.windows.Billing_Transfer_-_Intracompany_US127249" name="Should navigate to billing transfer and invoice the contract" time="94.153">
      <system-out><![CDATA[
COMMAND: POST /session/ff12bb945472b7ca0752b083f0a6a649/execute/async - {"script":"<script> [1562 bytes]","args":[{"selector":{"controlType":"sap.m.GenericTile","properties":{"header":"Billing Transfer"}},"wdio_ui5_key":"sapm.GenericTile{\"header\":\"Billing Transfer\"}"}]}
RESULT: {"script":"<script> [1562 bytes]","args":[{"selector":{"controlType":"sap.m.GenericTile","properties":{"header":"Billing Transfer"}},"wdio_ui5_key":"sapm.GenericTile{\"header\":\"Billing Transfer\"}"}]}
RESULT: undefined
COMMAND: POST /session/ff12bb945472b7ca0752b083f0a6a649/element - {"using":"xpath","value":"//*[@id=\"__tile90\"]"}
RESULT: {"using":"xpath","value":"//*[@id=\"__tile90\"]"}
COMMAND: POST /session/ff12bb945472b7ca0752b083f0a6a649/element/f.83A52D51DE7EE447A745C47B9BBA803D.d.9C63445CB24D14180CBE0652E34AEBFC.e.3659/click - {}
RESULT: {}
COMMAND: GET /session/ff12bb945472b7ca0752b083f0a6a649/screenshot - {}
RESULT: {}
COMMAND: POST /session/ff12bb945472b7ca0752b083f0a6a649/elements - {"using":"xpath","value":"//span[text()='Error']"}
RESULT: {"using":"xpath","value":"//span[text()='Error']"}
COMMAND: POST /session/ff12bb945472b7ca0752b083f0a6a649/element - {"using":"xpath","value":"//input[contains(@id ,\"application-billingtransfer-display-component---billingWorkbench--smartFilterBar-btnBasicSearch\")]"}
RESULT: {"using":"xpath","value":"//input[contains(@id ,\"application-billingtransfer-display-component---billingWorkbench--smartFilterBar-btnBasicSearch\")]"}
COMMAND: POST /session/ff12bb945472b7ca0752b083f0a6a649/elements - {"using":"xpath","value":"//input[contains(@id ,\"application-billingtransfer-display-component---billingWorkbench--smartFilterBar-btnBasicSearch\")]"}
RESULT: {"using":"xpath","value":"//input[contains(@id ,\"application-billingtransfer-display-component---billingWorkbench--smartFilterBar-btnBasicSearch\")]"}
COMMAND: POST /session/ff12bb945472b7ca0752b083f0a6a649/execute/sync - {"script":"<script> [8489 bytes]","args":[{"element-6066-11e4-a52e-4f735466cecf":"f.83A52D51DE7EE447A745C47B9BBA803D.d.9C63445CB24D14180CBE0652E34AEBFC.e.7210","ELEMENT":"f.83A52D51DE7EE447A745C47B9BBA803D.d.9C63445CB24D14180CBE0652E34AEBFC.e.7210"}]}
RESULT: {"script":"<script> [8489 bytes]","args":[{"element-6066-11e4-a52e-4f735466cecf":"f.83A52D51DE7EE447A745C47B9BBA803D.d.9C63445CB24D14180CBE0652E34AEBFC.e.7210","ELEMENT":"f.83A52D51DE7EE447A745C47B9BBA803D.d.9C63445CB24D14180CBE0652E34AEBFC.e.7210"}]}
COMMAND: GET /session/ff12bb945472b7ca0752b083f0a6a649/element/f.83A52D51DE7EE447A745C47B9BBA803D.d.9C63445CB24D14180CBE0652E34AEBFC.e.7210/enabled - {}
COMMAND: GET /session/ff12bb945472b7ca0752b083f0a6a649/screenshot - {}
RESULT: {}
COMMAND: POST /session/ff12bb945472b7ca0752b083f0a6a649/element/f.83A52D51DE7EE447A745C47B9BBA803D.d.9C63445CB24D14180CBE0652E34AEBFC.e.7210/click - {}
COMMAND: GET /session/ff12bb945472b7ca0752b083f0a6a649/screenshot - {}
RESULT: {}
RESULT: {}
COMMAND: GET /session/ff12bb945472b7ca0752b083f0a6a649/screenshot - {}
RESULT: {}
RESULT: {}
COMMAND: POST /session/ff12bb945472b7ca0752b083f0a6a649/element/f.83A52D51DE7EE447A745C47B9BBA803D.d.9C63445CB24D14180CBE0652E34AEBFC.e.7210/clear - {}
RESULT: {}
COMMAND: POST /session/ff12bb945472b7ca0752b083f0a6a649/element/f.83A52D51DE7EE447A745C47B9BBA803D.d.9C63445CB24D14180CBE0652E34AEBFC.e.7210/value - {"text":"10399"}
COMMAND: GET /session/ff12bb945472b7ca0752b083f0a6a649/screenshot - {}
RESULT: {"text":"10399"}
COMMAND: POST /session/ff12bb945472b7ca0752b083f0a6a649/actions - {"actions":[{"id":"action23","type":"key","parameters":{},"actions":[{"type":"keyDown","value":"î€‡"},{"type":"pause","duration":10},{"type":"keyUp","value":"î€‡"}]}]}
COMMAND: GET /session/ff12bb945472b7ca0752b083f0a6a649/screenshot - {}
RESULT: {}
RESULT: {"actions":[{"id":"action23","type":"key","parameters":{},"actions":[{"type":"keyDown","value":"î€‡"},{"type":"pause","duration":10},{"type":"keyUp","value":"î€‡"}]}]}
COMMAND: GET /session/ff12bb945472b7ca0752b083f0a6a649/screenshot - {}
RESULT: {}
RESULT: {}
COMMAND: POST /session/ff12bb945472b7ca0752b083f0a6a649/element - {"using":"xpath","value":"//span[contains(@id ,\"application-billingtransfer-display-component---billingWorkbench--smartTableBillingRuns-header-inner\")]"}
RESULT: {"using":"xpath","value":"//span[contains(@id ,\"application-billingtransfer-display-component---billingWorkbench--smartTableBillingRuns-header-inner\")]"}
COMMAND: POST /session/ff12bb945472b7ca0752b083f0a6a649/elements - {"using":"xpath","value":"//span[contains(@id ,\"application-billingtransfer-display-component---billingWorkbench--smartTableBillingRuns-header-inner\")]"}
RESULT: {"using":"xpath","value":"//span[contains(@id ,\"application-billingtransfer-display-component---billingWorkbench--smartTableBillingRuns-header-inner\")]"}
COMMAND: POST /session/ff12bb945472b7ca0752b083f0a6a649/execute/sync - {"script":"<script> [56 bytes]","args":[{"element-6066-11e4-a52e-4f735466cecf":"f.83A52D51DE7EE447A745C47B9BBA803D.d.9C63445CB24D14180CBE0652E34AEBFC.e.7375","ELEMENT":"f.83A52D51DE7EE447A745C47B9BBA803D.d.9C63445CB24D14180CBE0652E34AEBFC.e.7375"}]}
RESULT: {"script":"<script> [56 bytes]","args":[{"element-6066-11e4-a52e-4f735466cecf":"f.83A52D51DE7EE447A745C47B9BBA803D.d.9C63445CB24D14180CBE0652E34AEBFC.e.7375","ELEMENT":"f.83A52D51DE7EE447A745C47B9BBA803D.d.9C63445CB24D14180CBE0652E34AEBFC.e.7375"}]}
COMMAND: POST /session/ff12bb945472b7ca0752b083f0a6a649/element - {"using":"xpath","value":"//td[@aria-colindex=\"1\"]/div/div[contains(@class, \"sapMCbBg\")]"}
COMMAND: GET /session/ff12bb945472b7ca0752b083f0a6a649/screenshot - {}
RESULT: {"using":"xpath","value":"//td[@aria-colindex=\"1\"]/div/div[contains(@class, \"sapMCbBg\")]"}
COMMAND: POST /session/ff12bb945472b7ca0752b083f0a6a649/element/f.83A52D51DE7EE447A745C47B9BBA803D.d.9C63445CB24D14180CBE0652E34AEBFC.e.7327/click - {}
RESULT: {}
RESULT: {}
COMMAND: GET /session/ff12bb945472b7ca0752b083f0a6a649/screenshot - {}
RESULT: {}
COMMAND: POST /session/ff12bb945472b7ca0752b083f0a6a649/element - {"using":"xpath","value":"//bdi[contains(text(), \"Check\")]"}
RESULT: {"using":"xpath","value":"//bdi[contains(text(), \"Check\")]"}
COMMAND: POST /session/ff12bb945472b7ca0752b083f0a6a649/element/f.83A52D51DE7EE447A745C47B9BBA803D.d.9C63445CB24D14180CBE0652E34AEBFC.e.7376/click - {}
RESULT: {}
COMMAND: GET /session/ff12bb945472b7ca0752b083f0a6a649/screenshot - {}
RESULT: {}
COMMAND: POST /session/ff12bb945472b7ca0752b083f0a6a649/element - {"using":"xpath","value":"//bdi[contains(text(), \"OK\")]"}
RESULT: {"using":"xpath","value":"//bdi[contains(text(), \"OK\")]"}
COMMAND: POST /session/ff12bb945472b7ca0752b083f0a6a649/element/f.83A52D51DE7EE447A745C47B9BBA803D.d.9C63445CB24D14180CBE0652E34AEBFC.e.7379/click - {}
RESULT: {}
COMMAND: GET /session/ff12bb945472b7ca0752b083f0a6a649/screenshot - {}
RESULT: {}
COMMAND: POST /session/ff12bb945472b7ca0752b083f0a6a649/element - {"using":"xpath","value":"(//span[contains(text(), \"CO/SD checked\")]/parent::div/preceding-sibling::div/span)[1]"}
RESULT: {"using":"xpath","value":"(//span[contains(text(), \"CO/SD checked\")]/parent::div/preceding-sibling::div/span)[1]"}
COMMAND: POST /session/ff12bb945472b7ca0752b083f0a6a649/element/f.83A52D51DE7EE447A745C47B9BBA803D.d.9C63445CB24D14180CBE0652E34AEBFC.e.7380/click - {}
RESULT: {}
COMMAND: GET /session/ff12bb945472b7ca0752b083f0a6a649/screenshot - {}
RESULT: {}
COMMAND: POST /session/ff12bb945472b7ca0752b083f0a6a649/element - {"using":"xpath","value":"//input[contains(@id ,\"application-billingtransfer-display-component---billingWorkbench--smartFilterBar-btnBasicSearch\")]"}
RESULT: {"using":"xpath","value":"//input[contains(@id ,\"application-billingtransfer-display-component---billingWorkbench--smartFilterBar-btnBasicSearch\")]"}
COMMAND: POST /session/ff12bb945472b7ca0752b083f0a6a649/elements - {"using":"xpath","value":"//input[contains(@id ,\"application-billingtransfer-display-component---billingWorkbench--smartFilterBar-btnBasicSearch\")]"}
RESULT: {"using":"xpath","value":"//input[contains(@id ,\"application-billingtransfer-display-component---billingWorkbench--smartFilterBar-btnBasicSearch\")]"}
COMMAND: POST /session/ff12bb945472b7ca0752b083f0a6a649/execute/sync - {"script":"<script> [8489 bytes]","args":[{"element-6066-11e4-a52e-4f735466cecf":"f.83A52D51DE7EE447A745C47B9BBA803D.d.9C63445CB24D14180CBE0652E34AEBFC.e.7210","ELEMENT":"f.83A52D51DE7EE447A745C47B9BBA803D.d.9C63445CB24D14180CBE0652E34AEBFC.e.7210"}]}
RESULT: {"script":"<script> [8489 bytes]","args":[{"element-6066-11e4-a52e-4f735466cecf":"f.83A52D51DE7EE447A745C47B9BBA803D.d.9C63445CB24D14180CBE0652E34AEBFC.e.7210","ELEMENT":"f.83A52D51DE7EE447A745C47B9BBA803D.d.9C63445CB24D14180CBE0652E34AEBFC.e.7210"}]}
COMMAND: GET /session/ff12bb945472b7ca0752b083f0a6a649/element/f.83A52D51DE7EE447A745C47B9BBA803D.d.9C63445CB24D14180CBE0652E34AEBFC.e.7210/enabled - {}
COMMAND: GET /session/ff12bb945472b7ca0752b083f0a6a649/screenshot - {}
RESULT: {}
COMMAND: POST /session/ff12bb945472b7ca0752b083f0a6a649/element/f.83A52D51DE7EE447A745C47B9BBA803D.d.9C63445CB24D14180CBE0652E34AEBFC.e.7210/click - {}
COMMAND: GET /session/ff12bb945472b7ca0752b083f0a6a649/screenshot - {}
RESULT: {}
RESULT: {}
COMMAND: GET /session/ff12bb945472b7ca0752b083f0a6a649/screenshot - {}
RESULT: {}
RESULT: {}
COMMAND: POST /session/ff12bb945472b7ca0752b083f0a6a649/element/f.83A52D51DE7EE447A745C47B9BBA803D.d.9C63445CB24D14180CBE0652E34AEBFC.e.7210/clear - {}
RESULT: {}
COMMAND: POST /session/ff12bb945472b7ca0752b083f0a6a649/element/f.83A52D51DE7EE447A745C47B9BBA803D.d.9C63445CB24D14180CBE0652E34AEBFC.e.7210/value - {"text":"10399"}
COMMAND: GET /session/ff12bb945472b7ca0752b083f0a6a649/screenshot - {}
RESULT: {"text":"10399"}
COMMAND: POST /session/ff12bb945472b7ca0752b083f0a6a649/actions - {"actions":[{"id":"action24","type":"key","parameters":{},"actions":[{"type":"keyDown","value":"î€‡"},{"type":"pause","duration":10},{"type":"keyUp","value":"î€‡"}]}]}
COMMAND: GET /session/ff12bb945472b7ca0752b083f0a6a649/screenshot - {}
RESULT: {}
RESULT: {"actions":[{"id":"action24","type":"key","parameters":{},"actions":[{"type":"keyDown","value":"î€‡"},{"type":"pause","duration":10},{"type":"keyUp","value":"î€‡"}]}]}
COMMAND: GET /session/ff12bb945472b7ca0752b083f0a6a649/screenshot - {}
RESULT: {}
RESULT: {}
COMMAND: POST /session/ff12bb945472b7ca0752b083f0a6a649/element - {"using":"xpath","value":"//span[contains(@id ,\"application-billingtransfer-display-component---billingWorkbench--smartTableBillingRuns-header-inner\")]"}
RESULT: {"using":"xpath","value":"//span[contains(@id ,\"application-billingtransfer-display-component---billingWorkbench--smartTableBillingRuns-header-inner\")]"}
COMMAND: POST /session/ff12bb945472b7ca0752b083f0a6a649/elements - {"using":"xpath","value":"//span[contains(@id ,\"application-billingtransfer-display-component---billingWorkbench--smartTableBillingRuns-header-inner\")]"}
RESULT: {"using":"xpath","value":"//span[contains(@id ,\"application-billingtransfer-display-component---billingWorkbench--smartTableBillingRuns-header-inner\")]"}
COMMAND: POST /session/ff12bb945472b7ca0752b083f0a6a649/execute/sync - {"script":"<script> [56 bytes]","args":[{"element-6066-11e4-a52e-4f735466cecf":"f.83A52D51DE7EE447A745C47B9BBA803D.d.9C63445CB24D14180CBE0652E34AEBFC.e.7375","ELEMENT":"f.83A52D51DE7EE447A745C47B9BBA803D.d.9C63445CB24D14180CBE0652E34AEBFC.e.7375"}]}
RESULT: {"script":"<script> [56 bytes]","args":[{"element-6066-11e4-a52e-4f735466cecf":"f.83A52D51DE7EE447A745C47B9BBA803D.d.9C63445CB24D14180CBE0652E34AEBFC.e.7375","ELEMENT":"f.83A52D51DE7EE447A745C47B9BBA803D.d.9C63445CB24D14180CBE0652E34AEBFC.e.7375"}]}
COMMAND: GET /session/ff12bb945472b7ca0752b083f0a6a649/screenshot - {}
RESULT: {}
COMMAND: POST /session/ff12bb945472b7ca0752b083f0a6a649/execute/sync - {"script":"<script> [56 bytes]","args":[{"element-6066-11e4-a52e-4f735466cecf":"f.83A52D51DE7EE447A745C47B9BBA803D.d.9C63445CB24D14180CBE0652E34AEBFC.e.7375","ELEMENT":"f.83A52D51DE7EE447A745C47B9BBA803D.d.9C63445CB24D14180CBE0652E34AEBFC.e.7375"}]}
RESULT: {"script":"<script> [56 bytes]","args":[{"element-6066-11e4-a52e-4f735466cecf":"f.83A52D51DE7EE447A745C47B9BBA803D.d.9C63445CB24D14180CBE0652E34AEBFC.e.7375","ELEMENT":"f.83A52D51DE7EE447A745C47B9BBA803D.d.9C63445CB24D14180CBE0652E34AEBFC.e.7375"}]}
COMMAND: GET /session/ff12bb945472b7ca0752b083f0a6a649/screenshot - {}
RESULT: {}
COMMAND: POST /session/ff12bb945472b7ca0752b083f0a6a649/execute/sync - {"script":"<script> [56 bytes]","args":[{"element-6066-11e4-a52e-4f735466cecf":"f.83A52D51DE7EE447A745C47B9BBA803D.d.9C63445CB24D14180CBE0652E34AEBFC.e.7375","ELEMENT":"f.83A52D51DE7EE447A745C47B9BBA803D.d.9C63445CB24D14180CBE0652E34AEBFC.e.7375"}]}
RESULT: {"script":"<script> [56 bytes]","args":[{"element-6066-11e4-a52e-4f735466cecf":"f.83A52D51DE7EE447A745C47B9BBA803D.d.9C63445CB24D14180CBE0652E34AEBFC.e.7375","ELEMENT":"f.83A52D51DE7EE447A745C47B9BBA803D.d.9C63445CB24D14180CBE0652E34AEBFC.e.7375"}]}
COMMAND: GET /session/ff12bb945472b7ca0752b083f0a6a649/screenshot - {}
RESULT: {}
COMMAND: POST /session/ff12bb945472b7ca0752b083f0a6a649/execute/sync - {"script":"<script> [56 bytes]","args":[{"element-6066-11e4-a52e-4f735466cecf":"f.83A52D51DE7EE447A745C47B9BBA803D.d.9C63445CB24D14180CBE0652E34AEBFC.e.7375","ELEMENT":"f.83A52D51DE7EE447A745C47B9BBA803D.d.9C63445CB24D14180CBE0652E34AEBFC.e.7375"}]}
RESULT: {"script":"<script> [56 bytes]","args":[{"element-6066-11e4-a52e-4f735466cecf":"f.83A52D51DE7EE447A745C47B9BBA803D.d.9C63445CB24D14180CBE0652E34AEBFC.e.7375","ELEMENT":"f.83A52D51DE7EE447A745C47B9BBA803D.d.9C63445CB24D14180CBE0652E34AEBFC.e.7375"}]}
COMMAND: GET /session/ff12bb945472b7ca0752b083f0a6a649/screenshot - {}
RESULT: {}
COMMAND: POST /session/ff12bb945472b7ca0752b083f0a6a649/execute/sync - {"script":"<script> [56 bytes]","args":[{"element-6066-11e4-a52e-4f735466cecf":"f.83A52D51DE7EE447A745C47B9BBA803D.d.9C63445CB24D14180CBE0652E34AEBFC.e.7375","ELEMENT":"f.83A52D51DE7EE447A745C47B9BBA803D.d.9C63445CB24D14180CBE0652E34AEBFC.e.7375"}]}
RESULT: {"script":"<script> [56 bytes]","args":[{"element-6066-11e4-a52e-4f735466cecf":"f.83A52D51DE7EE447A745C47B9BBA803D.d.9C63445CB24D14180CBE0652E34AEBFC.e.7375","ELEMENT":"f.83A52D51DE7EE447A745C47B9BBA803D.d.9C63445CB24D14180CBE0652E34AEBFC.e.7375"}]}
COMMAND: GET /session/ff12bb945472b7ca0752b083f0a6a649/screenshot - {}
RESULT: {}
COMMAND: POST /session/ff12bb945472b7ca0752b083f0a6a649/execute/sync - {"script":"<script> [56 bytes]","args":[{"element-6066-11e4-a52e-4f735466cecf":"f.83A52D51DE7EE447A745C47B9BBA803D.d.9C63445CB24D14180CBE0652E34AEBFC.e.7375","ELEMENT":"f.83A52D51DE7EE447A745C47B9BBA803D.d.9C63445CB24D14180CBE0652E34AEBFC.e.7375"}]}
RESULT: {"script":"<script> [56 bytes]","args":[{"element-6066-11e4-a52e-4f735466cecf":"f.83A52D51DE7EE447A745C47B9BBA803D.d.9C63445CB24D14180CBE0652E34AEBFC.e.7375","ELEMENT":"f.83A52D51DE7EE447A745C47B9BBA803D.d.9C63445CB24D14180CBE0652E34AEBFC.e.7375"}]}
COMMAND: GET /session/ff12bb945472b7ca0752b083f0a6a649/screenshot - {}
RESULT: {}
COMMAND: POST /session/ff12bb945472b7ca0752b083f0a6a649/execute/sync - {"script":"<script> [56 bytes]","args":[{"element-6066-11e4-a52e-4f735466cecf":"f.83A52D51DE7EE447A745C47B9BBA803D.d.9C63445CB24D14180CBE0652E34AEBFC.e.7375","ELEMENT":"f.83A52D51DE7EE447A745C47B9BBA803D.d.9C63445CB24D14180CBE0652E34AEBFC.e.7375"}]}
RESULT: {"script":"<script> [56 bytes]","args":[{"element-6066-11e4-a52e-4f735466cecf":"f.83A52D51DE7EE447A745C47B9BBA803D.d.9C63445CB24D14180CBE0652E34AEBFC.e.7375","ELEMENT":"f.83A52D51DE7EE447A745C47B9BBA803D.d.9C63445CB24D14180CBE0652E34AEBFC.e.7375"}]}
COMMAND: GET /session/ff12bb945472b7ca0752b083f0a6a649/screenshot - {}
RESULT: {}
COMMAND: POST /session/ff12bb945472b7ca0752b083f0a6a649/execute/sync - {"script":"<script> [56 bytes]","args":[{"element-6066-11e4-a52e-4f735466cecf":"f.83A52D51DE7EE447A745C47B9BBA803D.d.9C63445CB24D14180CBE0652E34AEBFC.e.7375","ELEMENT":"f.83A52D51DE7EE447A745C47B9BBA803D.d.9C63445CB24D14180CBE0652E34AEBFC.e.7375"}]}
RESULT: {"script":"<script> [56 bytes]","args":[{"element-6066-11e4-a52e-4f735466cecf":"f.83A52D51DE7EE447A745C47B9BBA803D.d.9C63445CB24D14180CBE0652E34AEBFC.e.7375","ELEMENT":"f.83A52D51DE7EE447A745C47B9BBA803D.d.9C63445CB24D14180CBE0652E34AEBFC.e.7375"}]}
COMMAND: GET /session/ff12bb945472b7ca0752b083f0a6a649/screenshot - {}
RESULT: {}
COMMAND: POST /session/ff12bb945472b7ca0752b083f0a6a649/execute/sync - {"script":"<script> [56 bytes]","args":[{"element-6066-11e4-a52e-4f735466cecf":"f.83A52D51DE7EE447A745C47B9BBA803D.d.9C63445CB24D14180CBE0652E34AEBFC.e.7375","ELEMENT":"f.83A52D51DE7EE447A745C47B9BBA803D.d.9C63445CB24D14180CBE0652E34AEBFC.e.7375"}]}
RESULT: {"script":"<script> [56 bytes]","args":[{"element-6066-11e4-a52e-4f735466cecf":"f.83A52D51DE7EE447A745C47B9BBA803D.d.9C63445CB24D14180CBE0652E34AEBFC.e.7375","ELEMENT":"f.83A52D51DE7EE447A745C47B9BBA803D.d.9C63445CB24D14180CBE0652E34AEBFC.e.7375"}]}
COMMAND: GET /session/ff12bb945472b7ca0752b083f0a6a649/screenshot - {}
RESULT: {}
COMMAND: POST /session/ff12bb945472b7ca0752b083f0a6a649/execute/sync - {"script":"<script> [56 bytes]","args":[{"element-6066-11e4-a52e-4f735466cecf":"f.83A52D51DE7EE447A745C47B9BBA803D.d.9C63445CB24D14180CBE0652E34AEBFC.e.7375","ELEMENT":"f.83A52D51DE7EE447A745C47B9BBA803D.d.9C63445CB24D14180CBE0652E34AEBFC.e.7375"}]}
RESULT: {"script":"<script> [56 bytes]","args":[{"element-6066-11e4-a52e-4f735466cecf":"f.83A52D51DE7EE447A745C47B9BBA803D.d.9C63445CB24D14180CBE0652E34AEBFC.e.7375","ELEMENT":"f.83A52D51DE7EE447A745C47B9BBA803D.d.9C63445CB24D14180CBE0652E34AEBFC.e.7375"}]}
COMMAND: GET /session/ff12bb945472b7ca0752b083f0a6a649/screenshot - {}
RESULT: {}
COMMAND: POST /session/ff12bb945472b7ca0752b083f0a6a649/execute/sync - {"script":"<script> [56 bytes]","args":[{"element-6066-11e4-a52e-4f735466cecf":"f.83A52D51DE7EE447A745C47B9BBA803D.d.9C63445CB24D14180CBE0652E34AEBFC.e.7375","ELEMENT":"f.83A52D51DE7EE447A745C47B9BBA803D.d.9C63445CB24D14180CBE0652E34AEBFC.e.7375"}]}
RESULT: {"script":"<script> [56 bytes]","args":[{"element-6066-11e4-a52e-4f735466cecf":"f.83A52D51DE7EE447A745C47B9BBA803D.d.9C63445CB24D14180CBE0652E34AEBFC.e.7375","ELEMENT":"f.83A52D51DE7EE447A745C47B9BBA803D.d.9C63445CB24D14180CBE0652E34AEBFC.e.7375"}]}
COMMAND: GET /session/ff12bb945472b7ca0752b083f0a6a649/screenshot - {}
RESULT: {}
COMMAND: POST /session/ff12bb945472b7ca0752b083f0a6a649/execute/sync - {"script":"<script> [56 bytes]","args":[{"element-6066-11e4-a52e-4f735466cecf":"f.83A52D51DE7EE447A745C47B9BBA803D.d.9C63445CB24D14180CBE0652E34AEBFC.e.7375","ELEMENT":"f.83A52D51DE7EE447A745C47B9BBA803D.d.9C63445CB24D14180CBE0652E34AEBFC.e.7375"}]}
RESULT: {"script":"<script> [56 bytes]","args":[{"element-6066-11e4-a52e-4f735466cecf":"f.83A52D51DE7EE447A745C47B9BBA803D.d.9C63445CB24D14180CBE0652E34AEBFC.e.7375","ELEMENT":"f.83A52D51DE7EE447A745C47B9BBA803D.d.9C63445CB24D14180CBE0652E34AEBFC.e.7375"}]}
COMMAND: GET /session/ff12bb945472b7ca0752b083f0a6a649/screenshot - {}
RESULT: {}
COMMAND: POST /session/ff12bb945472b7ca0752b083f0a6a649/execute/sync - {"script":"<script> [56 bytes]","args":[{"element-6066-11e4-a52e-4f735466cecf":"f.83A52D51DE7EE447A745C47B9BBA803D.d.9C63445CB24D14180CBE0652E34AEBFC.e.7375","ELEMENT":"f.83A52D51DE7EE447A745C47B9BBA803D.d.9C63445CB24D14180CBE0652E34AEBFC.e.7375"}]}
RESULT: {"script":"<script> [56 bytes]","args":[{"element-6066-11e4-a52e-4f735466cecf":"f.83A52D51DE7EE447A745C47B9BBA803D.d.9C63445CB24D14180CBE0652E34AEBFC.e.7375","ELEMENT":"f.83A52D51DE7EE447A745C47B9BBA803D.d.9C63445CB24D14180CBE0652E34AEBFC.e.7375"}]}
COMMAND: GET /session/ff12bb945472b7ca0752b083f0a6a649/screenshot - {}
COMMAND: POST /session/ff12bb945472b7ca0752b083f0a6a649/execute/sync - {"script":"<script> [56 bytes]","args":[{"element-6066-11e4-a52e-4f735466cecf":"f.83A52D51DE7EE447A745C47B9BBA803D.d.9C63445CB24D14180CBE0652E34AEBFC.e.7375","ELEMENT":"f.83A52D51DE7EE447A745C47B9BBA803D.d.9C63445CB24D14180CBE0652E34AEBFC.e.7375"}]}
RESULT: {}
RESULT: {"script":"<script> [56 bytes]","args":[{"element-6066-11e4-a52e-4f735466cecf":"f.83A52D51DE7EE447A745C47B9BBA803D.d.9C63445CB24D14180CBE0652E34AEBFC.e.7375","ELEMENT":"f.83A52D51DE7EE447A745C47B9BBA803D.d.9C63445CB24D14180CBE0652E34AEBFC.e.7375"}]}
COMMAND: GET /session/ff12bb945472b7ca0752b083f0a6a649/screenshot - {}
RESULT: {}
COMMAND: POST /session/ff12bb945472b7ca0752b083f0a6a649/execute/sync - {"script":"<script> [56 bytes]","args":[{"element-6066-11e4-a52e-4f735466cecf":"f.83A52D51DE7EE447A745C47B9BBA803D.d.9C63445CB24D14180CBE0652E34AEBFC.e.7375","ELEMENT":"f.83A52D51DE7EE447A745C47B9BBA803D.d.9C63445CB24D14180CBE0652E34AEBFC.e.7375"}]}
RESULT: {"script":"<script> [56 bytes]","args":[{"element-6066-11e4-a52e-4f735466cecf":"f.83A52D51DE7EE447A745C47B9BBA803D.d.9C63445CB24D14180CBE0652E34AEBFC.e.7375","ELEMENT":"f.83A52D51DE7EE447A745C47B9BBA803D.d.9C63445CB24D14180CBE0652E34AEBFC.e.7375"}]}
COMMAND: GET /session/ff12bb945472b7ca0752b083f0a6a649/screenshot - {}
RESULT: {}
COMMAND: POST /session/ff12bb945472b7ca0752b083f0a6a649/execute/sync - {"script":"<script> [56 bytes]","args":[{"element-6066-11e4-a52e-4f735466cecf":"f.83A52D51DE7EE447A745C47B9BBA803D.d.9C63445CB24D14180CBE0652E34AEBFC.e.7375","ELEMENT":"f.83A52D51DE7EE447A745C47B9BBA803D.d.9C63445CB24D14180CBE0652E34AEBFC.e.7375"}]}
RESULT: {"script":"<script> [56 bytes]","args":[{"element-6066-11e4-a52e-4f735466cecf":"f.83A52D51DE7EE447A745C47B9BBA803D.d.9C63445CB24D14180CBE0652E34AEBFC.e.7375","ELEMENT":"f.83A52D51DE7EE447A745C47B9BBA803D.d.9C63445CB24D14180CBE0652E34AEBFC.e.7375"}]}
COMMAND: GET /session/ff12bb945472b7ca0752b083f0a6a649/screenshot - {}
RESULT: {}
COMMAND: POST /session/ff12bb945472b7ca0752b083f0a6a649/execute/sync - {"script":"<script> [56 bytes]","args":[{"element-6066-11e4-a52e-4f735466cecf":"f.83A52D51DE7EE447A745C47B9BBA803D.d.9C63445CB24D14180CBE0652E34AEBFC.e.7375","ELEMENT":"f.83A52D51DE7EE447A745C47B9BBA803D.d.9C63445CB24D14180CBE0652E34AEBFC.e.7375"}]}
RESULT: {"script":"<script> [56 bytes]","args":[{"element-6066-11e4-a52e-4f735466cecf":"f.83A52D51DE7EE447A745C47B9BBA803D.d.9C63445CB24D14180CBE0652E34AEBFC.e.7375","ELEMENT":"f.83A52D51DE7EE447A745C47B9BBA803D.d.9C63445CB24D14180CBE0652E34AEBFC.e.7375"}]}
COMMAND: GET /session/ff12bb945472b7ca0752b083f0a6a649/screenshot - {}
RESULT: {}
COMMAND: POST /session/ff12bb945472b7ca0752b083f0a6a649/execute/sync - {"script":"<script> [56 bytes]","args":[{"element-6066-11e4-a52e-4f735466cecf":"f.83A52D51DE7EE447A745C47B9BBA803D.d.9C63445CB24D14180CBE0652E34AEBFC.e.7375","ELEMENT":"f.83A52D51DE7EE447A745C47B9BBA803D.d.9C63445CB24D14180CBE0652E34AEBFC.e.7375"}]}
RESULT: {"script":"<script> [56 bytes]","args":[{"element-6066-11e4-a52e-4f735466cecf":"f.83A52D51DE7EE447A745C47B9BBA803D.d.9C63445CB24D14180CBE0652E34AEBFC.e.7375","ELEMENT":"f.83A52D51DE7EE447A745C47B9BBA803D.d.9C63445CB24D14180CBE0652E34AEBFC.e.7375"}]}
COMMAND: GET /session/ff12bb945472b7ca0752b083f0a6a649/screenshot - {}
RESULT: {}
COMMAND: POST /session/ff12bb945472b7ca0752b083f0a6a649/execute/sync - {"script":"<script> [56 bytes]","args":[{"element-6066-11e4-a52e-4f735466cecf":"f.83A52D51DE7EE447A745C47B9BBA803D.d.9C63445CB24D14180CBE0652E34AEBFC.e.7375","ELEMENT":"f.83A52D51DE7EE447A745C47B9BBA803D.d.9C63445CB24D14180CBE0652E34AEBFC.e.7375"}]}
RESULT: {"script":"<script> [56 bytes]","args":[{"element-6066-11e4-a52e-4f735466cecf":"f.83A52D51DE7EE447A745C47B9BBA803D.d.9C63445CB24D14180CBE0652E34AEBFC.e.7375","ELEMENT":"f.83A52D51DE7EE447A745C47B9BBA803D.d.9C63445CB24D14180CBE0652E34AEBFC.e.7375"}]}
COMMAND: GET /session/ff12bb945472b7ca0752b083f0a6a649/screenshot - {}
RESULT: {}
COMMAND: POST /session/ff12bb945472b7ca0752b083f0a6a649/execute/sync - {"script":"<script> [56 bytes]","args":[{"element-6066-11e4-a52e-4f735466cecf":"f.83A52D51DE7EE447A745C47B9BBA803D.d.9C63445CB24D14180CBE0652E34AEBFC.e.7375","ELEMENT":"f.83A52D51DE7EE447A745C47B9BBA803D.d.9C63445CB24D14180CBE0652E34AEBFC.e.7375"}]}
RESULT: {"script":"<script> [56 bytes]","args":[{"element-6066-11e4-a52e-4f735466cecf":"f.83A52D51DE7EE447A745C47B9BBA803D.d.9C63445CB24D14180CBE0652E34AEBFC.e.7375","ELEMENT":"f.83A52D51DE7EE447A745C47B9BBA803D.d.9C63445CB24D14180CBE0652E34AEBFC.e.7375"}]}
COMMAND: GET /session/ff12bb945472b7ca0752b083f0a6a649/screenshot - {}
RESULT: {}
COMMAND: POST /session/ff12bb945472b7ca0752b083f0a6a649/execute/sync - {"script":"<script> [56 bytes]","args":[{"element-6066-11e4-a52e-4f735466cecf":"f.83A52D51DE7EE447A745C47B9BBA803D.d.9C63445CB24D14180CBE0652E34AEBFC.e.7375","ELEMENT":"f.83A52D51DE7EE447A745C47B9BBA803D.d.9C63445CB24D14180CBE0652E34AEBFC.e.7375"}]}
RESULT: {"script":"<script> [56 bytes]","args":[{"element-6066-11e4-a52e-4f735466cecf":"f.83A52D51DE7EE447A745C47B9BBA803D.d.9C63445CB24D14180CBE0652E34AEBFC.e.7375","ELEMENT":"f.83A52D51DE7EE447A745C47B9BBA803D.d.9C63445CB24D14180CBE0652E34AEBFC.e.7375"}]}
COMMAND: GET /session/ff12bb945472b7ca0752b083f0a6a649/screenshot - {}
RESULT: {}
COMMAND: POST /session/ff12bb945472b7ca0752b083f0a6a649/execute/sync - {"script":"<script> [56 bytes]","args":[{"element-6066-11e4-a52e-4f735466cecf":"f.83A52D51DE7EE447A745C47B9BBA803D.d.9C63445CB24D14180CBE0652E34AEBFC.e.7375","ELEMENT":"f.83A52D51DE7EE447A745C47B9BBA803D.d.9C63445CB24D14180CBE0652E34AEBFC.e.7375"}]}
RESULT: {"script":"<script> [56 bytes]","args":[{"element-6066-11e4-a52e-4f735466cecf":"f.83A52D51DE7EE447A745C47B9BBA803D.d.9C63445CB24D14180CBE0652E34AEBFC.e.7375","ELEMENT":"f.83A52D51DE7EE447A745C47B9BBA803D.d.9C63445CB24D14180CBE0652E34AEBFC.e.7375"}]}
COMMAND: GET /session/ff12bb945472b7ca0752b083f0a6a649/screenshot - {}
RESULT: {}
COMMAND: POST /session/ff12bb945472b7ca0752b083f0a6a649/execute/sync - {"script":"<script> [56 bytes]","args":[{"element-6066-11e4-a52e-4f735466cecf":"f.83A52D51DE7EE447A745C47B9BBA803D.d.9C63445CB24D14180CBE0652E34AEBFC.e.7375","ELEMENT":"f.83A52D51DE7EE447A745C47B9BBA803D.d.9C63445CB24D14180CBE0652E34AEBFC.e.7375"}]}
RESULT: {"script":"<script> [56 bytes]","args":[{"element-6066-11e4-a52e-4f735466cecf":"f.83A52D51DE7EE447A745C47B9BBA803D.d.9C63445CB24D14180CBE0652E34AEBFC.e.7375","ELEMENT":"f.83A52D51DE7EE447A745C47B9BBA803D.d.9C63445CB24D14180CBE0652E34AEBFC.e.7375"}]}
COMMAND: GET /session/ff12bb945472b7ca0752b083f0a6a649/screenshot - {}
RESULT: {}
COMMAND: POST /session/ff12bb945472b7ca0752b083f0a6a649/execute/sync - {"script":"<script> [56 bytes]","args":[{"element-6066-11e4-a52e-4f735466cecf":"f.83A52D51DE7EE447A745C47B9BBA803D.d.9C63445CB24D14180CBE0652E34AEBFC.e.7375","ELEMENT":"f.83A52D51DE7EE447A745C47B9BBA803D.d.9C63445CB24D14180CBE0652E34AEBFC.e.7375"}]}
RESULT: {"script":"<script> [56 bytes]","args":[{"element-6066-11e4-a52e-4f735466cecf":"f.83A52D51DE7EE447A745C47B9BBA803D.d.9C63445CB24D14180CBE0652E34AEBFC.e.7375","ELEMENT":"f.83A52D51DE7EE447A745C47B9BBA803D.d.9C63445CB24D14180CBE0652E34AEBFC.e.7375"}]}
COMMAND: GET /session/ff12bb945472b7ca0752b083f0a6a649/screenshot - {}
RESULT: {}
COMMAND: POST /session/ff12bb945472b7ca0752b083f0a6a649/execute/sync - {"script":"<script> [56 bytes]","args":[{"element-6066-11e4-a52e-4f735466cecf":"f.83A52D51DE7EE447A745C47B9BBA803D.d.9C63445CB24D14180CBE0652E34AEBFC.e.7375","ELEMENT":"f.83A52D51DE7EE447A745C47B9BBA803D.d.9C63445CB24D14180CBE0652E34AEBFC.e.7375"}]}
RESULT: {"script":"<script> [56 bytes]","args":[{"element-6066-11e4-a52e-4f735466cecf":"f.83A52D51DE7EE447A745C47B9BBA803D.d.9C63445CB24D14180CBE0652E34AEBFC.e.7375","ELEMENT":"f.83A52D51DE7EE447A745C47B9BBA803D.d.9C63445CB24D14180CBE0652E34AEBFC.e.7375"}]}
COMMAND: GET /session/ff12bb945472b7ca0752b083f0a6a649/screenshot - {}
RESULT: {}
COMMAND: POST /session/ff12bb945472b7ca0752b083f0a6a649/execute/sync - {"script":"<script> [56 bytes]","args":[{"element-6066-11e4-a52e-4f735466cecf":"f.83A52D51DE7EE447A745C47B9BBA803D.d.9C63445CB24D14180CBE0652E34AEBFC.e.7375","ELEMENT":"f.83A52D51DE7EE447A745C47B9BBA803D.d.9C63445CB24D14180CBE0652E34AEBFC.e.7375"}]}
RESULT: {"script":"<script> [56 bytes]","args":[{"element-6066-11e4-a52e-4f735466cecf":"f.83A52D51DE7EE447A745C47B9BBA803D.d.9C63445CB24D14180CBE0652E34AEBFC.e.7375","ELEMENT":"f.83A52D51DE7EE447A745C47B9BBA803D.d.9C63445CB24D14180CBE0652E34AEBFC.e.7375"}]}
COMMAND: GET /session/ff12bb945472b7ca0752b083f0a6a649/screenshot - {}
RESULT: {}
COMMAND: POST /session/ff12bb945472b7ca0752b083f0a6a649/execute/sync - {"script":"<script> [56 bytes]","args":[{"element-6066-11e4-a52e-4f735466cecf":"f.83A52D51DE7EE447A745C47B9BBA803D.d.9C63445CB24D14180CBE0652E34AEBFC.e.7375","ELEMENT":"f.83A52D51DE7EE447A745C47B9BBA803D.d.9C63445CB24D14180CBE0652E34AEBFC.e.7375"}]}
RESULT: {"script":"<script> [56 bytes]","args":[{"element-6066-11e4-a52e-4f735466cecf":"f.83A52D51DE7EE447A745C47B9BBA803D.d.9C63445CB24D14180CBE0652E34AEBFC.e.7375","ELEMENT":"f.83A52D51DE7EE447A745C47B9BBA803D.d.9C63445CB24D14180CBE0652E34AEBFC.e.7375"}]}
COMMAND: GET /session/ff12bb945472b7ca0752b083f0a6a649/screenshot - {}
RESULT: {}
COMMAND: POST /session/ff12bb945472b7ca0752b083f0a6a649/execute/sync - {"script":"<script> [56 bytes]","args":[{"element-6066-11e4-a52e-4f735466cecf":"f.83A52D51DE7EE447A745C47B9BBA803D.d.9C63445CB24D14180CBE0652E34AEBFC.e.7375","ELEMENT":"f.83A52D51DE7EE447A745C47B9BBA803D.d.9C63445CB24D14180CBE0652E34AEBFC.e.7375"}]}
RESULT: {"script":"<script> [56 bytes]","args":[{"element-6066-11e4-a52e-4f735466cecf":"f.83A52D51DE7EE447A745C47B9BBA803D.d.9C63445CB24D14180CBE0652E34AEBFC.e.7375","ELEMENT":"f.83A52D51DE7EE447A745C47B9BBA803D.d.9C63445CB24D14180CBE0652E34AEBFC.e.7375"}]}
COMMAND: GET /session/ff12bb945472b7ca0752b083f0a6a649/screenshot - {}
COMMAND: POST /session/ff12bb945472b7ca0752b083f0a6a649/execute/sync - {"script":"<script> [56 bytes]","args":[{"element-6066-11e4-a52e-4f735466cecf":"f.83A52D51DE7EE447A745C47B9BBA803D.d.9C63445CB24D14180CBE0652E34AEBFC.e.7375","ELEMENT":"f.83A52D51DE7EE447A745C47B9BBA803D.d.9C63445CB24D14180CBE0652E34AEBFC.e.7375"}]}
RESULT: {}
RESULT: {"script":"<script> [56 bytes]","args":[{"element-6066-11e4-a52e-4f735466cecf":"f.83A52D51DE7EE447A745C47B9BBA803D.d.9C63445CB24D14180CBE0652E34AEBFC.e.7375","ELEMENT":"f.83A52D51DE7EE447A745C47B9BBA803D.d.9C63445CB24D14180CBE0652E34AEBFC.e.7375"}]}
COMMAND: POST /session/ff12bb945472b7ca0752b083f0a6a649/element - {"using":"xpath","value":"//td[@aria-colindex=\"1\"]/div/div[contains(@class, \"sapMCbBg\")]"}
COMMAND: GET /session/ff12bb945472b7ca0752b083f0a6a649/screenshot - {}
RESULT: {"using":"xpath","value":"//td[@aria-colindex=\"1\"]/div/div[contains(@class, \"sapMCbBg\")]"}
COMMAND: POST /session/ff12bb945472b7ca0752b083f0a6a649/element/f.83A52D51DE7EE447A745C47B9BBA803D.d.9C63445CB24D14180CBE0652E34AEBFC.e.7384/click - {}
RESULT: {}
RESULT: {}
COMMAND: GET /session/ff12bb945472b7ca0752b083f0a6a649/screenshot - {}
RESULT: {}
COMMAND: POST /session/ff12bb945472b7ca0752b083f0a6a649/element - {"using":"xpath","value":"//bdi[text()=\"Transfer\"]"}
RESULT: {"using":"xpath","value":"//bdi[text()=\"Transfer\"]"}
COMMAND: POST /session/ff12bb945472b7ca0752b083f0a6a649/element/f.83A52D51DE7EE447A745C47B9BBA803D.d.9C63445CB24D14180CBE0652E34AEBFC.e.7385/click - {}
RESULT: {}
COMMAND: GET /session/ff12bb945472b7ca0752b083f0a6a649/screenshot - {}
RESULT: {}
COMMAND: POST /session/ff12bb945472b7ca0752b083f0a6a649/element - {"using":"xpath","value":"//bdi[contains(text(), \"OK\")]"}
RESULT: {"using":"xpath","value":"//bdi[contains(text(), \"OK\")]"}
COMMAND: POST /session/ff12bb945472b7ca0752b083f0a6a649/element/f.83A52D51DE7EE447A745C47B9BBA803D.d.9C63445CB24D14180CBE0652E34AEBFC.e.7388/click - {}
RESULT: {}
COMMAND: GET /session/ff12bb945472b7ca0752b083f0a6a649/screenshot - {}
RESULT: {}
COMMAND: POST /session/ff12bb945472b7ca0752b083f0a6a649/element - {"using":"xpath","value":"(//span[contains(text(), \"Completed\")]/parent::div/preceding-sibling::div/span)[1]"}
RESULT: {"using":"xpath","value":"(//span[contains(text(), \"Completed\")]/parent::div/preceding-sibling::div/span)[1]"}
COMMAND: POST /session/ff12bb945472b7ca0752b083f0a6a649/element/f.83A52D51DE7EE447A745C47B9BBA803D.d.9C63445CB24D14180CBE0652E34AEBFC.e.7396/click - {}
RESULT: {}
COMMAND: POST /session/ff12bb945472b7ca0752b083f0a6a649/element - {"using":"xpath","value":"//input[contains(@id ,\"application-billingtransfer-display-component---billingWorkbench--smartFilterBar-btnBasicSearch\")]"}
COMMAND: GET /session/ff12bb945472b7ca0752b083f0a6a649/screenshot - {}
RESULT: {"using":"xpath","value":"//input[contains(@id ,\"application-billingtransfer-display-component---billingWorkbench--smartFilterBar-btnBasicSearch\")]"}
COMMAND: POST /session/ff12bb945472b7ca0752b083f0a6a649/elements - {"using":"xpath","value":"//input[contains(@id ,\"application-billingtransfer-display-component---billingWorkbench--smartFilterBar-btnBasicSearch\")]"}
RESULT: {}
RESULT: {"using":"xpath","value":"//input[contains(@id ,\"application-billingtransfer-display-component---billingWorkbench--smartFilterBar-btnBasicSearch\")]"}
COMMAND: POST /session/ff12bb945472b7ca0752b083f0a6a649/execute/sync - {"script":"<script> [8489 bytes]","args":[{"element-6066-11e4-a52e-4f735466cecf":"f.83A52D51DE7EE447A745C47B9BBA803D.d.9C63445CB24D14180CBE0652E34AEBFC.e.7210","ELEMENT":"f.83A52D51DE7EE447A745C47B9BBA803D.d.9C63445CB24D14180CBE0652E34AEBFC.e.7210"}]}
RESULT: {"script":"<script> [8489 bytes]","args":[{"element-6066-11e4-a52e-4f735466cecf":"f.83A52D51DE7EE447A745C47B9BBA803D.d.9C63445CB24D14180CBE0652E34AEBFC.e.7210","ELEMENT":"f.83A52D51DE7EE447A745C47B9BBA803D.d.9C63445CB24D14180CBE0652E34AEBFC.e.7210"}]}
COMMAND: GET /session/ff12bb945472b7ca0752b083f0a6a649/element/f.83A52D51DE7EE447A745C47B9BBA803D.d.9C63445CB24D14180CBE0652E34AEBFC.e.7210/enabled - {}
COMMAND: GET /session/ff12bb945472b7ca0752b083f0a6a649/screenshot - {}
RESULT: {}
COMMAND: POST /session/ff12bb945472b7ca0752b083f0a6a649/element/f.83A52D51DE7EE447A745C47B9BBA803D.d.9C63445CB24D14180CBE0652E34AEBFC.e.7210/click - {}
COMMAND: GET /session/ff12bb945472b7ca0752b083f0a6a649/screenshot - {}
RESULT: {}
RESULT: {}
COMMAND: GET /session/ff12bb945472b7ca0752b083f0a6a649/screenshot - {}
RESULT: {}
RESULT: {}
COMMAND: POST /session/ff12bb945472b7ca0752b083f0a6a649/element/f.83A52D51DE7EE447A745C47B9BBA803D.d.9C63445CB24D14180CBE0652E34AEBFC.e.7210/clear - {}
RESULT: {}
COMMAND: POST /session/ff12bb945472b7ca0752b083f0a6a649/element/f.83A52D51DE7EE447A745C47B9BBA803D.d.9C63445CB24D14180CBE0652E34AEBFC.e.7210/value - {"text":"10399"}
COMMAND: GET /session/ff12bb945472b7ca0752b083f0a6a649/screenshot - {}
RESULT: {"text":"10399"}
COMMAND: POST /session/ff12bb945472b7ca0752b083f0a6a649/actions - {"actions":[{"id":"action25","type":"key","parameters":{},"actions":[{"type":"keyDown","value":"î€‡"},{"type":"pause","duration":10},{"type":"keyUp","value":"î€‡"}]}]}
COMMAND: GET /session/ff12bb945472b7ca0752b083f0a6a649/screenshot - {}
RESULT: {}
RESULT: {"actions":[{"id":"action25","type":"key","parameters":{},"actions":[{"type":"keyDown","value":"î€‡"},{"type":"pause","duration":10},{"type":"keyUp","value":"î€‡"}]}]}
COMMAND: GET /session/ff12bb945472b7ca0752b083f0a6a649/screenshot - {}
RESULT: {}
RESULT: {}
COMMAND: POST /session/ff12bb945472b7ca0752b083f0a6a649/element - {"using":"xpath","value":"//span[contains(@id ,\"application-billingtransfer-display-component---billingWorkbench--smartTableBillingRuns-header-inner\")]"}
RESULT: {"using":"xpath","value":"//span[contains(@id ,\"application-billingtransfer-display-component---billingWorkbench--smartTableBillingRuns-header-inner\")]"}
COMMAND: POST /session/ff12bb945472b7ca0752b083f0a6a649/elements - {"using":"xpath","value":"//span[contains(@id ,\"application-billingtransfer-display-component---billingWorkbench--smartTableBillingRuns-header-inner\")]"}
RESULT: {"using":"xpath","value":"//span[contains(@id ,\"application-billingtransfer-display-component---billingWorkbench--smartTableBillingRuns-header-inner\")]"}
COMMAND: POST /session/ff12bb945472b7ca0752b083f0a6a649/execute/sync - {"script":"<script> [56 bytes]","args":[{"element-6066-11e4-a52e-4f735466cecf":"f.83A52D51DE7EE447A745C47B9BBA803D.d.9C63445CB24D14180CBE0652E34AEBFC.e.7375","ELEMENT":"f.83A52D51DE7EE447A745C47B9BBA803D.d.9C63445CB24D14180CBE0652E34AEBFC.e.7375"}]}
RESULT: {"script":"<script> [56 bytes]","args":[{"element-6066-11e4-a52e-4f735466cecf":"f.83A52D51DE7EE447A745C47B9BBA803D.d.9C63445CB24D14180CBE0652E34AEBFC.e.7375","ELEMENT":"f.83A52D51DE7EE447A745C47B9BBA803D.d.9C63445CB24D14180CBE0652E34AEBFC.e.7375"}]}
COMMAND: GET /session/ff12bb945472b7ca0752b083f0a6a649/screenshot - {}
RESULT: {}
COMMAND: POST /session/ff12bb945472b7ca0752b083f0a6a649/execute/sync - {"script":"<script> [56 bytes]","args":[{"element-6066-11e4-a52e-4f735466cecf":"f.83A52D51DE7EE447A745C47B9BBA803D.d.9C63445CB24D14180CBE0652E34AEBFC.e.7375","ELEMENT":"f.83A52D51DE7EE447A745C47B9BBA803D.d.9C63445CB24D14180CBE0652E34AEBFC.e.7375"}]}
RESULT: {"script":"<script> [56 bytes]","args":[{"element-6066-11e4-a52e-4f735466cecf":"f.83A52D51DE7EE447A745C47B9BBA803D.d.9C63445CB24D14180CBE0652E34AEBFC.e.7375","ELEMENT":"f.83A52D51DE7EE447A745C47B9BBA803D.d.9C63445CB24D14180CBE0652E34AEBFC.e.7375"}]}
COMMAND: GET /session/ff12bb945472b7ca0752b083f0a6a649/screenshot - {}
RESULT: {}
COMMAND: POST /session/ff12bb945472b7ca0752b083f0a6a649/execute/sync - {"script":"<script> [56 bytes]","args":[{"element-6066-11e4-a52e-4f735466cecf":"f.83A52D51DE7EE447A745C47B9BBA803D.d.9C63445CB24D14180CBE0652E34AEBFC.e.7375","ELEMENT":"f.83A52D51DE7EE447A745C47B9BBA803D.d.9C63445CB24D14180CBE0652E34AEBFC.e.7375"}]}
RESULT: {"script":"<script> [56 bytes]","args":[{"element-6066-11e4-a52e-4f735466cecf":"f.83A52D51DE7EE447A745C47B9BBA803D.d.9C63445CB24D14180CBE0652E34AEBFC.e.7375","ELEMENT":"f.83A52D51DE7EE447A745C47B9BBA803D.d.9C63445CB24D14180CBE0652E34AEBFC.e.7375"}]}
COMMAND: GET /session/ff12bb945472b7ca0752b083f0a6a649/screenshot - {}
RESULT: {}
COMMAND: POST /session/ff12bb945472b7ca0752b083f0a6a649/execute/sync - {"script":"<script> [56 bytes]","args":[{"element-6066-11e4-a52e-4f735466cecf":"f.83A52D51DE7EE447A745C47B9BBA803D.d.9C63445CB24D14180CBE0652E34AEBFC.e.7375","ELEMENT":"f.83A52D51DE7EE447A745C47B9BBA803D.d.9C63445CB24D14180CBE0652E34AEBFC.e.7375"}]}
RESULT: {"script":"<script> [56 bytes]","args":[{"element-6066-11e4-a52e-4f735466cecf":"f.83A52D51DE7EE447A745C47B9BBA803D.d.9C63445CB24D14180CBE0652E34AEBFC.e.7375","ELEMENT":"f.83A52D51DE7EE447A745C47B9BBA803D.d.9C63445CB24D14180CBE0652E34AEBFC.e.7375"}]}
COMMAND: GET /session/ff12bb945472b7ca0752b083f0a6a649/screenshot - {}
RESULT: {}
COMMAND: POST /session/ff12bb945472b7ca0752b083f0a6a649/execute/sync - {"script":"<script> [56 bytes]","args":[{"element-6066-11e4-a52e-4f735466cecf":"f.83A52D51DE7EE447A745C47B9BBA803D.d.9C63445CB24D14180CBE0652E34AEBFC.e.7375","ELEMENT":"f.83A52D51DE7EE447A745C47B9BBA803D.d.9C63445CB24D14180CBE0652E34AEBFC.e.7375"}]}
RESULT: {"script":"<script> [56 bytes]","args":[{"element-6066-11e4-a52e-4f735466cecf":"f.83A52D51DE7EE447A745C47B9BBA803D.d.9C63445CB24D14180CBE0652E34AEBFC.e.7375","ELEMENT":"f.83A52D51DE7EE447A745C47B9BBA803D.d.9C63445CB24D14180CBE0652E34AEBFC.e.7375"}]}
COMMAND: POST /session/ff12bb945472b7ca0752b083f0a6a649/element - {"using":"css selector","value":"#shell-header-logo"}
COMMAND: GET /session/ff12bb945472b7ca0752b083f0a6a649/screenshot - {}
RESULT: {"using":"css selector","value":"#shell-header-logo"}
COMMAND: POST /session/ff12bb945472b7ca0752b083f0a6a649/element/f.83A52D51DE7EE447A745C47B9BBA803D.d.9C63445CB24D14180CBE0652E34AEBFC.e.7208/click - {}
RESULT: {}
RESULT: {}
COMMAND: GET /session/ff12bb945472b7ca0752b083f0a6a649/screenshot - {}
RESULT: {}
COMMAND: POST /session/ff12bb945472b7ca0752b083f0a6a649/element - {"using":"css selector","value":"#j_username"}
COMMAND: POST /session/ff12bb945472b7ca0752b083f0a6a649/url - {"url":"https://qa-testing-00-live-etm-ui.cfapps.eu10-004.hana.ondemand.com/"}
RESULT: {"using":"css selector","value":"#j_username"}
COMMAND: POST /session/ff12bb945472b7ca0752b083f0a6a649/element - {"using":"css selector","value":"#j_username"}
RESULT: {"url":"https://qa-testing-00-live-etm-ui.cfapps.eu10-004.hana.ondemand.com/"}
RESULT: undefined
COMMAND: GET /session/ff12bb945472b7ca0752b083f0a6a649/screenshot - {}
RESULT: {"using":"css selector","value":"#j_username"}
COMMAND: POST /session/ff12bb945472b7ca0752b083f0a6a649/element - {"using":"css selector","value":"#shell-header-logo"}
RESULT: {}
RESULT: {"using":"css selector","value":"#shell-header-logo"}
COMMAND: POST /session/ff12bb945472b7ca0752b083f0a6a649/execute/sync - {"script":"<script> [8489 bytes]","args":[{"element-6066-11e4-a52e-4f735466cecf":"f.83A52D51DE7EE447A745C47B9BBA803D.d.F36D82883BAB19702870580398CF8871.e.7413","ELEMENT":"f.83A52D51DE7EE447A745C47B9BBA803D.d.F36D82883BAB19702870580398CF8871.e.7413"}]}
RESULT: {"script":"<script> [8489 bytes]","args":[{"element-6066-11e4-a52e-4f735466cecf":"f.83A52D51DE7EE447A745C47B9BBA803D.d.F36D82883BAB19702870580398CF8871.e.7413","ELEMENT":"f.83A52D51DE7EE447A745C47B9BBA803D.d.F36D82883BAB19702870580398CF8871.e.7413"}]}
COMMAND: POST /session/ff12bb945472b7ca0752b083f0a6a649/element - {"using":"css selector","value":"#shell-header-logo"}
COMMAND: GET /session/ff12bb945472b7ca0752b083f0a6a649/screenshot - {}
RESULT: {"using":"css selector","value":"#shell-header-logo"}
COMMAND: POST /session/ff12bb945472b7ca0752b083f0a6a649/execute/sync - {"script":"<script> [8489 bytes]","args":[{"element-6066-11e4-a52e-4f735466cecf":"f.83A52D51DE7EE447A745C47B9BBA803D.d.F36D82883BAB19702870580398CF8871.e.7413","ELEMENT":"f.83A52D51DE7EE447A745C47B9BBA803D.d.F36D82883BAB19702870580398CF8871.e.7413"}]}
RESULT: {}
RESULT: {"script":"<script> [8489 bytes]","args":[{"element-6066-11e4-a52e-4f735466cecf":"f.83A52D51DE7EE447A745C47B9BBA803D.d.F36D82883BAB19702870580398CF8871.e.7413","ELEMENT":"f.83A52D51DE7EE447A745C47B9BBA803D.d.F36D82883BAB19702870580398CF8871.e.7413"}]}
COMMAND: POST /session/ff12bb945472b7ca0752b083f0a6a649/execute/sync - {"script":"<script> [5351 bytes]","args":[{"element-6066-11e4-a52e-4f735466cecf":"f.83A52D51DE7EE447A745C47B9BBA803D.d.F36D82883BAB19702870580398CF8871.e.7413","ELEMENT":"f.83A52D51DE7EE447A745C47B9BBA803D.d.F36D82883BAB19702870580398CF8871.e.7413"}]}
COMMAND: GET /session/ff12bb945472b7ca0752b083f0a6a649/screenshot - {}
RESULT: {"script":"<script> [5351 bytes]","args":[{"element-6066-11e4-a52e-4f735466cecf":"f.83A52D51DE7EE447A745C47B9BBA803D.d.F36D82883BAB19702870580398CF8871.e.7413","ELEMENT":"f.83A52D51DE7EE447A745C47B9BBA803D.d.F36D82883BAB19702870580398CF8871.e.7413"}]}
COMMAND: POST /session/ff12bb945472b7ca0752b083f0a6a649/element - {"using":"css selector","value":"#shell-header-logo"}
COMMAND: GET /session/ff12bb945472b7ca0752b083f0a6a649/screenshot - {}
RESULT: {}
RESULT: {"using":"css selector","value":"#shell-header-logo"}
COMMAND: POST /session/ff12bb945472b7ca0752b083f0a6a649/element/f.83A52D51DE7EE447A745C47B9BBA803D.d.F36D82883BAB19702870580398CF8871.e.7413/click - {}
RESULT: {}
RESULT: {}
COMMAND: GET /session/ff12bb945472b7ca0752b083f0a6a649/screenshot - {}
RESULT: {}
COMMAND: POST /session/ff12bb945472b7ca0752b083f0a6a649/execute/async - {"script":"<script> [189 bytes]","args":[]}
RESULT: {"script":"<script> [189 bytes]","args":[]}
COMMAND: POST /session/ff12bb945472b7ca0752b083f0a6a649/execute/async - {"script":"<script> [123 bytes]","args":[]}
RESULT: {"script":"<script> [123 bytes]","args":[]}
COMMAND: POST /session/ff12bb945472b7ca0752b083f0a6a649/timeouts - {"script":"<number>"}
RESULT: {"script":"<number>"}
COMMAND: GET /session/ff12bb945472b7ca0752b083f0a6a649/timeouts - {}
RESULT: {}
RESULT: undefined
COMMAND: POST /session/ff12bb945472b7ca0752b083f0a6a649/execute/async - {"script":"<script> [2676 bytes]","args":[]}
RESULT: {"script":"<script> [2676 bytes]","args":[]}
COMMAND: POST /session/ff12bb945472b7ca0752b083f0a6a649/execute/async - {"script":"<script> [2342 bytes]","args":[{"protocol":"http","hostname":"0.0.0.0","path":"/","capabilities":{"browserName":"chrome","goog:chromeOptions":{"binary":"C:\\Program Files\\Google\\Chrome\\Application\\chrome.exe","args":["--start-maximized"]}},"logLevel":"warn","connectionRetryTimeout":120000,"connectionRetryCount":3,"logLevels":{},"enableDirectConnect":true,"strictSSL":true,"_":"65 more keys: [\"cacheDir\",\"port\",\"requestedCapabilities\",\"automationProtocol\",\"baseUrl\",\"waitforInterval\",\"waitforTimeout\",\"onReload\",\"beforeCommand\",\"afterCommand\",\"rootDir\",\"specs\",\"suites\",\"exclude\",\"groupLogsByTestSpec\",\"excludeDriverLogs\",\"bail\",\"framework\",\"reporters\",\"services\",\"maxInstances\",\"maxInstancesPerCapability\",\"injectGlobals\",\"filesToWatch\",\"execArgv\",\"runnerEnv\",\"runner\",\"shard\",\"specFileRetries\",\"specFileRetriesDelay\",\"specFileRetriesDeferred\",\"reporterSyncInterval\",\"reporterSyncTimeout\",\"cucumberFeaturesWithLineNumbers\",\"autoCompileOpts\",\"mochaOpts\",\"jasmineOpts\",\"cucumberOpts\",\"onPrepare\",\"onWorkerStart\",\"onWorkerEnd\",\"before\",\"beforeSession\",\"beforeSuite\",\"beforeHook\",\"beforeTest\",\"afterTest\",\"afterHook\",\"afterSuite\",\"afterSession\",\"after\",\"onComplete\",\"beforeAssertion\",\"afterAssertion\",\"beforeFeature\",\"beforeScenario\",\"beforeStep\",\"afterStep\",\"afterScenario\",\"afterFeature\",\"_\",\"suite\",\"$0\",\"ignoredWorkerServices\",\"wdi5\"]"}]}
RESULT: {"script":"<script> [2342 bytes]","args":[{"protocol":"http","hostname":"0.0.0.0","path":"/","capabilities":{"browserName":"chrome","goog:chromeOptions":{"binary":"C:\\Program Files\\Google\\Chrome\\Application\\chrome.exe","args":["--start-maximized"]}},"logLevel":"warn","connectionRetryTimeout":120000,"connectionRetryCount":3,"logLevels":{},"enableDirectConnect":true,"strictSSL":true,"_":"65 more keys: [\"cacheDir\",\"port\",\"requestedCapabilities\",\"automationProtocol\",\"baseUrl\",\"waitforInterval\",\"waitforTimeout\",\"onReload\",\"beforeCommand\",\"afterCommand\",\"rootDir\",\"specs\",\"suites\",\"exclude\",\"groupLogsByTestSpec\",\"excludeDriverLogs\",\"bail\",\"framework\",\"reporters\",\"services\",\"maxInstances\",\"maxInstancesPerCapability\",\"injectGlobals\",\"filesToWatch\",\"execArgv\",\"runnerEnv\",\"runner\",\"shard\",\"specFileRetries\",\"specFileRetriesDelay\",\"specFileRetriesDeferred\",\"reporterSyncInterval\",\"reporterSyncTimeout\",\"cucumberFeaturesWithLineNumbers\",\"autoCompileOpts\",\"mochaOpts\",\"jasmineOpts\",\"cucumberOpts\",\"onPrepare\",\"onWorkerStart\",\"onWorkerEnd\",\"before\",\"beforeSession\",\"beforeSuite\",\"beforeHook\",\"beforeTest\",\"afterTest\",\"afterHook\",\"afterSuite\",\"afterSession\",\"after\",\"onComplete\",\"beforeAssertion\",\"afterAssertion\",\"beforeFeature\",\"beforeScenario\",\"beforeStep\",\"afterStep\",\"afterScenario\",\"afterFeature\",\"_\",\"suite\",\"$0\",\"ignoredWorkerServices\",\"wdi5\"]"}]}
COMMAND: POST /session/ff12bb945472b7ca0752b083f0a6a649/execute/async - {"script":"<script> [21126 bytes]","args":[35000]}
RESULT: {"script":"<script> [21126 bytes]","args":[35000]}
COMMAND: POST /session/ff12bb945472b7ca0752b083f0a6a649/window/maximize - {}
RESULT: {}
COMMAND: POST /session/ff12bb945472b7ca0752b083f0a6a649/execute/async - {"script":"<script> [1562 bytes]","args":[{"selector":{"id":"shell-header","interaction":{"idSuffix":"icon"}},"wdio_ui5_key":"shellheader"}]}
COMMAND: GET /session/ff12bb945472b7ca0752b083f0a6a649/screenshot - {}
RESULT: {"script":"<script> [1562 bytes]","args":[{"selector":{"id":"shell-header","interaction":{"idSuffix":"icon"}},"wdio_ui5_key":"shellheader"}]}
RESULT: undefined
COMMAND: POST /session/ff12bb945472b7ca0752b083f0a6a649/refresh - {}
RESULT: {}
RESULT: {}
COMMAND: GET /session/ff12bb945472b7ca0752b083f0a6a649/screenshot - {}
RESULT: {}
COMMAND: POST /session/ff12bb945472b7ca0752b083f0a6a649/refresh - {}
RESULT: {}
COMMAND: GET /session/ff12bb945472b7ca0752b083f0a6a649/screenshot - {}
RESULT: {}
COMMAND: POST /session/ff12bb945472b7ca0752b083f0a6a649/window/fullscreen - {}
RESULT: {}
COMMAND: POST /session/ff12bb945472b7ca0752b083f0a6a649/execute/async - {"script":"<script> [189 bytes]","args":[]}
RESULT: {"script":"<script> [189 bytes]","args":[]}
COMMAND: POST /session/ff12bb945472b7ca0752b083f0a6a649/execute/async - {"script":"<script> [123 bytes]","args":[]}
RESULT: {"script":"<script> [123 bytes]","args":[]}
COMMAND: POST /session/ff12bb945472b7ca0752b083f0a6a649/timeouts - {"script":"<number>"}
RESULT: {"script":"<number>"}
COMMAND: GET /session/ff12bb945472b7ca0752b083f0a6a649/timeouts - {}
RESULT: {}
RESULT: undefined
COMMAND: POST /session/ff12bb945472b7ca0752b083f0a6a649/execute/async - {"script":"<script> [2676 bytes]","args":[]}
RESULT: {"script":"<script> [2676 bytes]","args":[]}
COMMAND: POST /session/ff12bb945472b7ca0752b083f0a6a649/execute/async - {"script":"<script> [2342 bytes]","args":[{"protocol":"http","hostname":"0.0.0.0","path":"/","capabilities":{"browserName":"chrome","goog:chromeOptions":{"binary":"C:\\Program Files\\Google\\Chrome\\Application\\chrome.exe","args":["--start-maximized"]}},"logLevel":"warn","connectionRetryTimeout":120000,"connectionRetryCount":3,"logLevels":{},"enableDirectConnect":true,"strictSSL":true,"_":"65 more keys: [\"cacheDir\",\"port\",\"requestedCapabilities\",\"automationProtocol\",\"baseUrl\",\"waitforInterval\",\"waitforTimeout\",\"onReload\",\"beforeCommand\",\"afterCommand\",\"rootDir\",\"specs\",\"suites\",\"exclude\",\"groupLogsByTestSpec\",\"excludeDriverLogs\",\"bail\",\"framework\",\"reporters\",\"services\",\"maxInstances\",\"maxInstancesPerCapability\",\"injectGlobals\",\"filesToWatch\",\"execArgv\",\"runnerEnv\",\"runner\",\"shard\",\"specFileRetries\",\"specFileRetriesDelay\",\"specFileRetriesDeferred\",\"reporterSyncInterval\",\"reporterSyncTimeout\",\"cucumberFeaturesWithLineNumbers\",\"autoCompileOpts\",\"mochaOpts\",\"jasmineOpts\",\"cucumberOpts\",\"onPrepare\",\"onWorkerStart\",\"onWorkerEnd\",\"before\",\"beforeSession\",\"beforeSuite\",\"beforeHook\",\"beforeTest\",\"afterTest\",\"afterHook\",\"afterSuite\",\"afterSession\",\"after\",\"onComplete\",\"beforeAssertion\",\"afterAssertion\",\"beforeFeature\",\"beforeScenario\",\"beforeStep\",\"afterStep\",\"afterScenario\",\"afterFeature\",\"_\",\"suite\",\"$0\",\"ignoredWorkerServices\",\"wdi5\"]"}]}
RESULT: {"script":"<script> [2342 bytes]","args":[{"protocol":"http","hostname":"0.0.0.0","path":"/","capabilities":{"browserName":"chrome","goog:chromeOptions":{"binary":"C:\\Program Files\\Google\\Chrome\\Application\\chrome.exe","args":["--start-maximized"]}},"logLevel":"warn","connectionRetryTimeout":120000,"connectionRetryCount":3,"logLevels":{},"enableDirectConnect":true,"strictSSL":true,"_":"65 more keys: [\"cacheDir\",\"port\",\"requestedCapabilities\",\"automationProtocol\",\"baseUrl\",\"waitforInterval\",\"waitforTimeout\",\"onReload\",\"beforeCommand\",\"afterCommand\",\"rootDir\",\"specs\",\"suites\",\"exclude\",\"groupLogsByTestSpec\",\"excludeDriverLogs\",\"bail\",\"framework\",\"reporters\",\"services\",\"maxInstances\",\"maxInstancesPerCapability\",\"injectGlobals\",\"filesToWatch\",\"execArgv\",\"runnerEnv\",\"runner\",\"shard\",\"specFileRetries\",\"specFileRetriesDelay\",\"specFileRetriesDeferred\",\"reporterSyncInterval\",\"reporterSyncTimeout\",\"cucumberFeaturesWithLineNumbers\",\"autoCompileOpts\",\"mochaOpts\",\"jasmineOpts\",\"cucumberOpts\",\"onPrepare\",\"onWorkerStart\",\"onWorkerEnd\",\"before\",\"beforeSession\",\"beforeSuite\",\"beforeHook\",\"beforeTest\",\"afterTest\",\"afterHook\",\"afterSuite\",\"afterSession\",\"after\",\"onComplete\",\"beforeAssertion\",\"afterAssertion\",\"beforeFeature\",\"beforeScenario\",\"beforeStep\",\"afterStep\",\"afterScenario\",\"afterFeature\",\"_\",\"suite\",\"$0\",\"ignoredWorkerServices\",\"wdi5\"]"}]}
COMMAND: POST /session/ff12bb945472b7ca0752b083f0a6a649/execute/async - {"script":"<script> [21126 bytes]","args":[35000]}
RESULT: {"script":"<script> [21126 bytes]","args":[35000]}
]]></system-out>
    </testcase>
  </testsuite>
  <testsuite timestamp="2025-05-19T17:51:01" time="753.169" tests="12" failures="0" errors="0" skipped="0">
    <properties>
      <property name="specId" value="0" />
      <property name="suiteName" value="Billing transfer US117289" />
      <property name="capabilities" value="chrome.136_0_7103_93.windows" />
      <property name="file" value="file:///D:/a/1/s/test/specs/BTS/billing-transfer.spec.js" />
    </properties>
    <testcase classname="chrome.136_0_7103_93.windows.Billing_transfer_US117289" name="Should create a new yard" time="0.014">
      <system-out><![CDATA[
COMMAND: POST /session/ff12bb945472b7ca0752b083f0a6a649/window/fullscreen - {}
RESULT: {}
]]></system-out>
    </testcase>
    <testcase classname="chrome.136_0_7103_93.windows.Billing_transfer_US117289" name="Should create a new partner" time="0.004" />
    <testcase classname="chrome.136_0_7103_93.windows.Billing_transfer_US117289" name="Should create a new site" time="0.004" />
    <testcase classname="chrome.136_0_7103_93.windows.Billing_transfer_US117289" name="Should create a new equipment" time="148.239">
      <system-out><![CDATA[
COMMAND: POST /session/ff12bb945472b7ca0752b083f0a6a649/execute/async - {"script":"<script> [1562 bytes]","args":[{"selector":{"controlType":"sap.m.GenericTile","properties":{"header":"Manage Resources"}},"wdio_ui5_key":"sapm.GenericTile{\"header\":\"Manage Resources\"}"}]}
RESULT: {"script":"<script> [1562 bytes]","args":[{"selector":{"controlType":"sap.m.GenericTile","properties":{"header":"Manage Resources"}},"wdio_ui5_key":"sapm.GenericTile{\"header\":\"Manage Resources\"}"}]}
RESULT: undefined
COMMAND: POST /session/ff12bb945472b7ca0752b083f0a6a649/element - {"using":"xpath","value":"//*[@id=\"__tile39\"]"}
RESULT: {"using":"xpath","value":"//*[@id=\"__tile39\"]"}
COMMAND: POST /session/ff12bb945472b7ca0752b083f0a6a649/element/f.83A52D51DE7EE447A745C47B9BBA803D.d.EC9F30B1070AD9932BFD215B3A978266.e.7564/click - {}
RESULT: {}
COMMAND: GET /session/ff12bb945472b7ca0752b083f0a6a649/screenshot - {}
RESULT: {}
COMMAND: POST /session/ff12bb945472b7ca0752b083f0a6a649/elements - {"using":"xpath","value":"//span[text()='Error']"}
RESULT: {"using":"xpath","value":"//span[text()='Error']"}
COMMAND: POST /session/ff12bb945472b7ca0752b083f0a6a649/element - {"using":"xpath","value":"//button[@data-kt=\"addNewRUOverflowToolbarButton\"]"}
RESULT: {"using":"xpath","value":"//button[@data-kt=\"addNewRUOverflowToolbarButton\"]"}
COMMAND: POST /session/ff12bb945472b7ca0752b083f0a6a649/elements - {"using":"xpath","value":"//button[@data-kt=\"addNewRUOverflowToolbarButton\"]"}
RESULT: {"using":"xpath","value":"//button[@data-kt=\"addNewRUOverflowToolbarButton\"]"}
COMMAND: POST /session/ff12bb945472b7ca0752b083f0a6a649/elements - {"using":"xpath","value":"//button[@data-kt=\"addNewRUOverflowToolbarButton\"]"}
RESULT: {"using":"xpath","value":"//button[@data-kt=\"addNewRUOverflowToolbarButton\"]"}
COMMAND: POST /session/ff12bb945472b7ca0752b083f0a6a649/elements - {"using":"xpath","value":"//button[@data-kt=\"addNewRUOverflowToolbarButton\"]"}
RESULT: {"using":"xpath","value":"//button[@data-kt=\"addNewRUOverflowToolbarButton\"]"}
COMMAND: POST /session/ff12bb945472b7ca0752b083f0a6a649/elements - {"using":"xpath","value":"//button[@data-kt=\"addNewRUOverflowToolbarButton\"]"}
RESULT: {"using":"xpath","value":"//button[@data-kt=\"addNewRUOverflowToolbarButton\"]"}
COMMAND: POST /session/ff12bb945472b7ca0752b083f0a6a649/elements - {"using":"xpath","value":"//button[@data-kt=\"addNewRUOverflowToolbarButton\"]"}
RESULT: {"using":"xpath","value":"//button[@data-kt=\"addNewRUOverflowToolbarButton\"]"}
COMMAND: POST /session/ff12bb945472b7ca0752b083f0a6a649/elements - {"using":"xpath","value":"//button[@data-kt=\"addNewRUOverflowToolbarButton\"]"}
RESULT: {"using":"xpath","value":"//button[@data-kt=\"addNewRUOverflowToolbarButton\"]"}
COMMAND: POST /session/ff12bb945472b7ca0752b083f0a6a649/elements - {"using":"xpath","value":"//button[@data-kt=\"addNewRUOverflowToolbarButton\"]"}
RESULT: {"using":"xpath","value":"//button[@data-kt=\"addNewRUOverflowToolbarButton\"]"}
COMMAND: POST /session/ff12bb945472b7ca0752b083f0a6a649/elements - {"using":"xpath","value":"//button[@data-kt=\"addNewRUOverflowToolbarButton\"]"}
RESULT: {"using":"xpath","value":"//button[@data-kt=\"addNewRUOverflowToolbarButton\"]"}
COMMAND: POST /session/ff12bb945472b7ca0752b083f0a6a649/elements - {"using":"xpath","value":"//button[@data-kt=\"addNewRUOverflowToolbarButton\"]"}
RESULT: {"using":"xpath","value":"//button[@data-kt=\"addNewRUOverflowToolbarButton\"]"}
COMMAND: POST /session/ff12bb945472b7ca0752b083f0a6a649/elements - {"using":"xpath","value":"//button[@data-kt=\"addNewRUOverflowToolbarButton\"]"}
RESULT: {"using":"xpath","value":"//button[@data-kt=\"addNewRUOverflowToolbarButton\"]"}
COMMAND: POST /session/ff12bb945472b7ca0752b083f0a6a649/elements - {"using":"xpath","value":"//button[@data-kt=\"addNewRUOverflowToolbarButton\"]"}
RESULT: {"using":"xpath","value":"//button[@data-kt=\"addNewRUOverflowToolbarButton\"]"}
COMMAND: POST /session/ff12bb945472b7ca0752b083f0a6a649/elements - {"using":"xpath","value":"//button[@data-kt=\"addNewRUOverflowToolbarButton\"]"}
RESULT: {"using":"xpath","value":"//button[@data-kt=\"addNewRUOverflowToolbarButton\"]"}
COMMAND: POST /session/ff12bb945472b7ca0752b083f0a6a649/elements - {"using":"xpath","value":"//button[@data-kt=\"addNewRUOverflowToolbarButton\"]"}
RESULT: {"using":"xpath","value":"//button[@data-kt=\"addNewRUOverflowToolbarButton\"]"}
COMMAND: POST /session/ff12bb945472b7ca0752b083f0a6a649/elements - {"using":"xpath","value":"//button[@data-kt=\"addNewRUOverflowToolbarButton\"]"}
RESULT: {"using":"xpath","value":"//button[@data-kt=\"addNewRUOverflowToolbarButton\"]"}
COMMAND: POST /session/ff12bb945472b7ca0752b083f0a6a649/elements - {"using":"xpath","value":"//button[@data-kt=\"addNewRUOverflowToolbarButton\"]"}
RESULT: {"using":"xpath","value":"//button[@data-kt=\"addNewRUOverflowToolbarButton\"]"}
COMMAND: POST /session/ff12bb945472b7ca0752b083f0a6a649/elements - {"using":"xpath","value":"//button[@data-kt=\"addNewRUOverflowToolbarButton\"]"}
RESULT: {"using":"xpath","value":"//button[@data-kt=\"addNewRUOverflowToolbarButton\"]"}
COMMAND: POST /session/ff12bb945472b7ca0752b083f0a6a649/elements - {"using":"xpath","value":"//button[@data-kt=\"addNewRUOverflowToolbarButton\"]"}
RESULT: {"using":"xpath","value":"//button[@data-kt=\"addNewRUOverflowToolbarButton\"]"}
COMMAND: POST /session/ff12bb945472b7ca0752b083f0a6a649/elements - {"using":"xpath","value":"//button[@data-kt=\"addNewRUOverflowToolbarButton\"]"}
RESULT: {"using":"xpath","value":"//button[@data-kt=\"addNewRUOverflowToolbarButton\"]"}
COMMAND: POST /session/ff12bb945472b7ca0752b083f0a6a649/elements - {"using":"xpath","value":"//button[@data-kt=\"addNewRUOverflowToolbarButton\"]"}
RESULT: {"using":"xpath","value":"//button[@data-kt=\"addNewRUOverflowToolbarButton\"]"}
COMMAND: POST /session/ff12bb945472b7ca0752b083f0a6a649/elements - {"using":"xpath","value":"//button[@data-kt=\"addNewRUOverflowToolbarButton\"]"}
RESULT: {"using":"xpath","value":"//button[@data-kt=\"addNewRUOverflowToolbarButton\"]"}
COMMAND: POST /session/ff12bb945472b7ca0752b083f0a6a649/elements - {"using":"xpath","value":"//button[@data-kt=\"addNewRUOverflowToolbarButton\"]"}
RESULT: {"using":"xpath","value":"//button[@data-kt=\"addNewRUOverflowToolbarButton\"]"}
COMMAND: POST /session/ff12bb945472b7ca0752b083f0a6a649/element - {"using":"xpath","value":"//button[@data-kt=\"addNewRUOverflowToolbarButton\"]"}
RESULT: {"using":"xpath","value":"//button[@data-kt=\"addNewRUOverflowToolbarButton\"]"}
COMMAND: POST /session/ff12bb945472b7ca0752b083f0a6a649/execute/sync - {"script":"<script> [8489 bytes]","args":[{"element-6066-11e4-a52e-4f735466cecf":"f.83A52D51DE7EE447A745C47B9BBA803D.d.EC9F30B1070AD9932BFD215B3A978266.e.7715","ELEMENT":"f.83A52D51DE7EE447A745C47B9BBA803D.d.EC9F30B1070AD9932BFD215B3A978266.e.7715"}]}
RESULT: {"script":"<script> [8489 bytes]","args":[{"element-6066-11e4-a52e-4f735466cecf":"f.83A52D51DE7EE447A745C47B9BBA803D.d.EC9F30B1070AD9932BFD215B3A978266.e.7715","ELEMENT":"f.83A52D51DE7EE447A745C47B9BBA803D.d.EC9F30B1070AD9932BFD215B3A978266.e.7715"}]}
COMMAND: GET /session/ff12bb945472b7ca0752b083f0a6a649/element/f.83A52D51DE7EE447A745C47B9BBA803D.d.EC9F30B1070AD9932BFD215B3A978266.e.7715/enabled - {}
COMMAND: GET /session/ff12bb945472b7ca0752b083f0a6a649/screenshot - {}
RESULT: {}
COMMAND: POST /session/ff12bb945472b7ca0752b083f0a6a649/execute/sync - {"script":"<script> [8489 bytes]","args":[{"element-6066-11e4-a52e-4f735466cecf":"f.83A52D51DE7EE447A745C47B9BBA803D.d.EC9F30B1070AD9932BFD215B3A978266.e.7715","ELEMENT":"f.83A52D51DE7EE447A745C47B9BBA803D.d.EC9F30B1070AD9932BFD215B3A978266.e.7715"}]}
COMMAND: GET /session/ff12bb945472b7ca0752b083f0a6a649/screenshot - {}
RESULT: {}
RESULT: {"script":"<script> [8489 bytes]","args":[{"element-6066-11e4-a52e-4f735466cecf":"f.83A52D51DE7EE447A745C47B9BBA803D.d.EC9F30B1070AD9932BFD215B3A978266.e.7715","ELEMENT":"f.83A52D51DE7EE447A745C47B9BBA803D.d.EC9F30B1070AD9932BFD215B3A978266.e.7715"}]}
COMMAND: POST /session/ff12bb945472b7ca0752b083f0a6a649/execute/sync - {"script":"<script> [5351 bytes]","args":[{"element-6066-11e4-a52e-4f735466cecf":"f.83A52D51DE7EE447A745C47B9BBA803D.d.EC9F30B1070AD9932BFD215B3A978266.e.7715","ELEMENT":"f.83A52D51DE7EE447A745C47B9BBA803D.d.EC9F30B1070AD9932BFD215B3A978266.e.7715"}]}
COMMAND: GET /session/ff12bb945472b7ca0752b083f0a6a649/screenshot - {}
RESULT: {}
RESULT: {"script":"<script> [5351 bytes]","args":[{"element-6066-11e4-a52e-4f735466cecf":"f.83A52D51DE7EE447A745C47B9BBA803D.d.EC9F30B1070AD9932BFD215B3A978266.e.7715","ELEMENT":"f.83A52D51DE7EE447A745C47B9BBA803D.d.EC9F30B1070AD9932BFD215B3A978266.e.7715"}]}
COMMAND: POST /session/ff12bb945472b7ca0752b083f0a6a649/element/f.83A52D51DE7EE447A745C47B9BBA803D.d.EC9F30B1070AD9932BFD215B3A978266.e.7715/click - {}
COMMAND: GET /session/ff12bb945472b7ca0752b083f0a6a649/screenshot - {}
RESULT: {}
RESULT: {}
COMMAND: GET /session/ff12bb945472b7ca0752b083f0a6a649/screenshot - {}
RESULT: {}
RESULT: {}
COMMAND: POST /session/ff12bb945472b7ca0752b083f0a6a649/execute/async - {"script":"<script> [1562 bytes]","args":[{"selector":{"id":"application-manageresources-display-component---newResourceUnit--TYPE-arrow"},"wdio_ui5_key":"applicationmanageresources-display-component---newResourceUnit--TYPE-arrow"}]}
RESULT: {"script":"<script> [1562 bytes]","args":[{"selector":{"id":"application-manageresources-display-component---newResourceUnit--TYPE-arrow"},"wdio_ui5_key":"applicationmanageresources-display-component---newResourceUnit--TYPE-arrow"}]}
RESULT: undefined
COMMAND: POST /session/ff12bb945472b7ca0752b083f0a6a649/element - {"using":"xpath","value":"//*[@id=\"application-manageresources-display-component---newResourceUnit--TYPE-arrow\"]"}
RESULT: {"using":"xpath","value":"//*[@id=\"application-manageresources-display-component---newResourceUnit--TYPE-arrow\"]"}
COMMAND: POST /session/ff12bb945472b7ca0752b083f0a6a649/element/f.83A52D51DE7EE447A745C47B9BBA803D.d.EC9F30B1070AD9932BFD215B3A978266.e.8064/click - {}
RESULT: {}
COMMAND: POST /session/ff12bb945472b7ca0752b083f0a6a649/element - {"using":"xpath","value":"//input[@id=\"application-manageresources-display-component---newResourceUnit--TYPE-inner\"]"}
COMMAND: GET /session/ff12bb945472b7ca0752b083f0a6a649/screenshot - {}
RESULT: {"using":"xpath","value":"//input[@id=\"application-manageresources-display-component---newResourceUnit--TYPE-inner\"]"}
COMMAND: POST /session/ff12bb945472b7ca0752b083f0a6a649/element/f.83A52D51DE7EE447A745C47B9BBA803D.d.EC9F30B1070AD9932BFD215B3A978266.e.8054/clear - {}
RESULT: {}
RESULT: {}
COMMAND: POST /session/ff12bb945472b7ca0752b083f0a6a649/element/f.83A52D51DE7EE447A745C47B9BBA803D.d.EC9F30B1070AD9932BFD215B3A978266.e.8054/value - {"text":"Equipment"}
COMMAND: GET /session/ff12bb945472b7ca0752b083f0a6a649/screenshot - {}
RESULT: {"text":"Equipment"}
COMMAND: GET /session/ff12bb945472b7ca0752b083f0a6a649/screenshot - {}
RESULT: {}
RESULT: {}
COMMAND: POST /session/ff12bb945472b7ca0752b083f0a6a649/actions - {"actions":[{"id":"action26","type":"key","parameters":{},"actions":[{"type":"keyDown","value":"î€‡"},{"type":"pause","duration":10},{"type":"keyUp","value":"î€‡"}]}]}
RESULT: {"actions":[{"id":"action26","type":"key","parameters":{},"actions":[{"type":"keyDown","value":"î€‡"},{"type":"pause","duration":10},{"type":"keyUp","value":"î€‡"}]}]}
COMMAND: POST /session/ff12bb945472b7ca0752b083f0a6a649/execute/async - {"script":"<script> [1562 bytes]","args":[{"selector":{"id":"application-manageresources-display-component---newResourceUnit--resourceId","interaction":{"idSuffix":"inner"}},"wdio_ui5_key":"applicationmanageresources-display-component---newResourceUnit--resourceId"}]}
COMMAND: GET /session/ff12bb945472b7ca0752b083f0a6a649/screenshot - {}
RESULT: {"script":"<script> [1562 bytes]","args":[{"selector":{"id":"application-manageresources-display-component---newResourceUnit--resourceId","interaction":{"idSuffix":"inner"}},"wdio_ui5_key":"applicationmanageresources-display-component---newResourceUnit--resourceId"}]}
RESULT: undefined
COMMAND: POST /session/ff12bb945472b7ca0752b083f0a6a649/execute/async - {"script":"<script> [776 bytes]","args":[{"enterText":"VknaIVQAEL","selector":{"id":"application-manageresources-display-component---newResourceUnit--resourceId","interaction":{"idSuffix":"inner"}},"clearTextFirst":true,"interactionType":"ENTER_TEXT"}]}
RESULT: {}
RESULT: {"script":"<script> [776 bytes]","args":[{"enterText":"VknaIVQAEL","selector":{"id":"application-manageresources-display-component---newResourceUnit--resourceId","interaction":{"idSuffix":"inner"}},"clearTextFirst":true,"interactionType":"ENTER_TEXT"}]}
COMMAND: POST /session/ff12bb945472b7ca0752b083f0a6a649/execute/async - {"script":"<script> [1562 bytes]","args":[{"selector":{"id":"application-manageresources-display-component---newResourceUnit--SHORT_TEXT","interaction":{"idSuffix":"inner"}},"wdio_ui5_key":"applicationmanageresources-display-component---newResourceUnit--SHORT_TEXT"}]}
RESULT: {"script":"<script> [1562 bytes]","args":[{"selector":{"id":"application-manageresources-display-component---newResourceUnit--SHORT_TEXT","interaction":{"idSuffix":"inner"}},"wdio_ui5_key":"applicationmanageresources-display-component---newResourceUnit--SHORT_TEXT"}]}
RESULT: undefined
COMMAND: POST /session/ff12bb945472b7ca0752b083f0a6a649/execute/async - {"script":"<script> [776 bytes]","args":[{"enterText":"Intercompany Equipment WDIO","selector":{"id":"application-manageresources-display-component---newResourceUnit--SHORT_TEXT","interaction":{"idSuffix":"inner"}},"clearTextFirst":true,"interactionType":"ENTER_TEXT"}]}
RESULT: {"script":"<script> [776 bytes]","args":[{"enterText":"Intercompany Equipment WDIO","selector":{"id":"application-manageresources-display-component---newResourceUnit--SHORT_TEXT","interaction":{"idSuffix":"inner"}},"clearTextFirst":true,"interactionType":"ENTER_TEXT"}]}
COMMAND: POST /session/ff12bb945472b7ca0752b083f0a6a649/execute/async - {"script":"<script> [1562 bytes]","args":[{"selector":{"id":"application-manageresources-display-component---newResourceUnit--BASE_UNIT_OF_MEASURE","interaction":{"idSuffix":"inner"}},"wdio_ui5_key":"applicationmanageresources-display-component---newResourceUnit--BASE_UNIT_OF_MEASURE"}]}
RESULT: {"script":"<script> [1562 bytes]","args":[{"selector":{"id":"application-manageresources-display-component---newResourceUnit--BASE_UNIT_OF_MEASURE","interaction":{"idSuffix":"inner"}},"wdio_ui5_key":"applicationmanageresources-display-component---newResourceUnit--BASE_UNIT_OF_MEASURE"}]}
RESULT: undefined
COMMAND: POST /session/ff12bb945472b7ca0752b083f0a6a649/execute/async - {"script":"<script> [776 bytes]","args":[{"enterText":"Piece","selector":{"id":"application-manageresources-display-component---newResourceUnit--BASE_UNIT_OF_MEASURE","interaction":{"idSuffix":"inner"}},"clearTextFirst":true,"interactionType":"ENTER_TEXT"}]}
RESULT: {"script":"<script> [776 bytes]","args":[{"enterText":"Piece","selector":{"id":"application-manageresources-display-component---newResourceUnit--BASE_UNIT_OF_MEASURE","interaction":{"idSuffix":"inner"}},"clearTextFirst":true,"interactionType":"ENTER_TEXT"}]}
COMMAND: POST /session/ff12bb945472b7ca0752b083f0a6a649/execute/async - {"script":"<script> [1562 bytes]","args":[{"selector":{"id":"application-manageresources-display-component---newResourceUnit--WEIGHT_UNIT","interaction":{"idSuffix":"inner"}},"wdio_ui5_key":"applicationmanageresources-display-component---newResourceUnit--WEIGHT_UNIT"}]}
RESULT: {"script":"<script> [1562 bytes]","args":[{"selector":{"id":"application-manageresources-display-component---newResourceUnit--WEIGHT_UNIT","interaction":{"idSuffix":"inner"}},"wdio_ui5_key":"applicationmanageresources-display-component---newResourceUnit--WEIGHT_UNIT"}]}
RESULT: undefined
COMMAND: POST /session/ff12bb945472b7ca0752b083f0a6a649/execute/async - {"script":"<script> [776 bytes]","args":[{"enterText":"Gram","selector":{"id":"application-manageresources-display-component---newResourceUnit--WEIGHT_UNIT","interaction":{"idSuffix":"inner"}},"clearTextFirst":true,"interactionType":"ENTER_TEXT"}]}
RESULT: {"script":"<script> [776 bytes]","args":[{"enterText":"Gram","selector":{"id":"application-manageresources-display-component---newResourceUnit--WEIGHT_UNIT","interaction":{"idSuffix":"inner"}},"clearTextFirst":true,"interactionType":"ENTER_TEXT"}]}
COMMAND: POST /session/ff12bb945472b7ca0752b083f0a6a649/execute/async - {"script":"<script> [1562 bytes]","args":[{"selector":{"id":"application-manageresources-display-component---newResourceUnit--DIMENSION_UNIT","interaction":{"idSuffix":"inner"}},"wdio_ui5_key":"applicationmanageresources-display-component---newResourceUnit--DIMENSION_UNIT"}]}
RESULT: {"script":"<script> [1562 bytes]","args":[{"selector":{"id":"application-manageresources-display-component---newResourceUnit--DIMENSION_UNIT","interaction":{"idSuffix":"inner"}},"wdio_ui5_key":"applicationmanageresources-display-component---newResourceUnit--DIMENSION_UNIT"}]}
RESULT: undefined
COMMAND: POST /session/ff12bb945472b7ca0752b083f0a6a649/execute/async - {"script":"<script> [776 bytes]","args":[{"enterText":"Meter","selector":{"id":"application-manageresources-display-component---newResourceUnit--DIMENSION_UNIT","interaction":{"idSuffix":"inner"}},"clearTextFirst":true,"interactionType":"ENTER_TEXT"}]}
RESULT: {"script":"<script> [776 bytes]","args":[{"enterText":"Meter","selector":{"id":"application-manageresources-display-component---newResourceUnit--DIMENSION_UNIT","interaction":{"idSuffix":"inner"}},"clearTextFirst":true,"interactionType":"ENTER_TEXT"}]}
COMMAND: POST /session/ff12bb945472b7ca0752b083f0a6a649/execute/async - {"script":"<script> [1562 bytes]","args":[{"selector":{"id":"application-manageresources-display-component---newResourceUnit--newRRUPage-anchBar-application-manageresources-display-component---newResourceUnit--control-anchor","interaction":{"idSuffix":"BDI-content"}},"wdio_ui5_key":"applicationmanageresources-display-component---newResourceUnit--newRRUPage-anchBar-application-manageresources-display-component---newResourceUnit--control-anchor"}]}
RESULT: {"script":"<script> [1562 bytes]","args":[{"selector":{"id":"application-manageresources-display-component---newResourceUnit--newRRUPage-anchBar-application-manageresources-display-component---newResourceUnit--control-anchor","interaction":{"idSuffix":"BDI-content"}},"wdio_ui5_key":"applicationmanageresources-display-component---newResourceUnit--newRRUPage-anchBar-application-manageresources-display-component---newResourceUnit--control-anchor"}]}
RESULT: undefined
COMMAND: POST /session/ff12bb945472b7ca0752b083f0a6a649/element - {"using":"xpath","value":"//*[@id=\"application-manageresources-display-component---newResourceUnit--newRRUPage-anchBar-application-manageresources-display-component---newResourceUnit--control-anchor\"]"}
RESULT: {"using":"xpath","value":"//*[@id=\"application-manageresources-display-component---newResourceUnit--newRRUPage-anchBar-application-manageresources-display-component---newResourceUnit--control-anchor\"]"}
COMMAND: POST /session/ff12bb945472b7ca0752b083f0a6a649/element/f.83A52D51DE7EE447A745C47B9BBA803D.d.EC9F30B1070AD9932BFD215B3A978266.e.8197/click - {}
RESULT: {}
COMMAND: POST /session/ff12bb945472b7ca0752b083f0a6a649/execute/async - {"script":"<script> [1562 bytes]","args":[{"selector":{"id":"application-manageresources-display-component---newResourceUnit--PLANNING_GROUP","interaction":{"idSuffix":"inner"}},"wdio_ui5_key":"applicationmanageresources-display-component---newResourceUnit--PLANNING_GROUP"}]}
COMMAND: GET /session/ff12bb945472b7ca0752b083f0a6a649/screenshot - {}
RESULT: {"script":"<script> [1562 bytes]","args":[{"selector":{"id":"application-manageresources-display-component---newResourceUnit--PLANNING_GROUP","interaction":{"idSuffix":"inner"}},"wdio_ui5_key":"applicationmanageresources-display-component---newResourceUnit--PLANNING_GROUP"}]}
RESULT: undefined
COMMAND: POST /session/ff12bb945472b7ca0752b083f0a6a649/execute/async - {"script":"<script> [776 bytes]","args":[{"enterText":"Heavy Equi","selector":{"id":"application-manageresources-display-component---newResourceUnit--PLANNING_GROUP","interaction":{"idSuffix":"inner"}},"clearTextFirst":true,"interactionType":"ENTER_TEXT"}]}
RESULT: {}
RESULT: {"script":"<script> [776 bytes]","args":[{"enterText":"Heavy Equi","selector":{"id":"application-manageresources-display-component---newResourceUnit--PLANNING_GROUP","interaction":{"idSuffix":"inner"}},"clearTextFirst":true,"interactionType":"ENTER_TEXT"}]}
COMMAND: POST /session/ff12bb945472b7ca0752b083f0a6a649/execute/async - {"script":"<script> [1562 bytes]","args":[{"selector":{"id":"application-manageresources-display-component---newResourceUnit--ITEM_TYPE-arrow"},"wdio_ui5_key":"applicationmanageresources-display-component---newResourceUnit--ITEM_TYPE-arrow"}]}
RESULT: {"script":"<script> [1562 bytes]","args":[{"selector":{"id":"application-manageresources-display-component---newResourceUnit--ITEM_TYPE-arrow"},"wdio_ui5_key":"applicationmanageresources-display-component---newResourceUnit--ITEM_TYPE-arrow"}]}
RESULT: undefined
COMMAND: POST /session/ff12bb945472b7ca0752b083f0a6a649/element - {"using":"xpath","value":"//*[@id=\"application-manageresources-display-component---newResourceUnit--ITEM_TYPE-arrow\"]"}
RESULT: {"using":"xpath","value":"//*[@id=\"application-manageresources-display-component---newResourceUnit--ITEM_TYPE-arrow\"]"}
COMMAND: POST /session/ff12bb945472b7ca0752b083f0a6a649/element/f.83A52D51DE7EE447A745C47B9BBA803D.d.EC9F30B1070AD9932BFD215B3A978266.e.8206/click - {}
RESULT: {}
COMMAND: POST /session/ff12bb945472b7ca0752b083f0a6a649/element - {"using":"xpath","value":"(//span[contains(text(), \"Resource Unit\")])[2]"}
COMMAND: GET /session/ff12bb945472b7ca0752b083f0a6a649/screenshot - {}
RESULT: {"using":"xpath","value":"(//span[contains(text(), \"Resource Unit\")])[2]"}
COMMAND: POST /session/ff12bb945472b7ca0752b083f0a6a649/element/f.83A52D51DE7EE447A745C47B9BBA803D.d.EC9F30B1070AD9932BFD215B3A978266.e.8207/click - {}
RESULT: {}
RESULT: {}
COMMAND: GET /session/ff12bb945472b7ca0752b083f0a6a649/screenshot - {}
RESULT: {}
COMMAND: POST /session/ff12bb945472b7ca0752b083f0a6a649/element - {"using":"css selector","value":"#application-manageresources-display-component---newResourceUnit--btnAddTimeSegment"}
RESULT: {"using":"css selector","value":"#application-manageresources-display-component---newResourceUnit--btnAddTimeSegment"}
COMMAND: GET /session/ff12bb945472b7ca0752b083f0a6a649/element/f.83A52D51DE7EE447A745C47B9BBA803D.d.EC9F30B1070AD9932BFD215B3A978266.e.8208/rect - {}
RESULT: {}
COMMAND: GET /session/ff12bb945472b7ca0752b083f0a6a649/window/rect - {}
RESULT: {}
COMMAND: POST /session/ff12bb945472b7ca0752b083f0a6a649/execute/sync - {"script":"<script> [92 bytes]","args":[]}
RESULT: {"script":"<script> [92 bytes]","args":[]}
COMMAND: POST /session/ff12bb945472b7ca0752b083f0a6a649/actions - {"actions":[{"id":"action27","type":"wheel","parameters":{},"actions":[{"type":"scroll","x":-1888,"y":-32,"deltaX":0,"deltaY":0,"duration":0,"origin":{"element-6066-11e4-a52e-4f735466cecf":"f.83A52D51DE7EE447A745C47B9BBA803D.d.EC9F30B1070AD9932BFD215B3A978266.e.8208"}}]}]}
COMMAND: GET /session/ff12bb945472b7ca0752b083f0a6a649/screenshot - {}
RESULT: {}
COMMAND: POST /session/ff12bb945472b7ca0752b083f0a6a649/execute/sync - {"script":"<script> [79 bytes]","args":[{"element-6066-11e4-a52e-4f735466cecf":"f.83A52D51DE7EE447A745C47B9BBA803D.d.EC9F30B1070AD9932BFD215B3A978266.e.8208","ELEMENT":"f.83A52D51DE7EE447A745C47B9BBA803D.d.EC9F30B1070AD9932BFD215B3A978266.e.8208"},{"block":"start","inline":"nearest"}]}
RESULT: {"script":"<script> [79 bytes]","args":[{"element-6066-11e4-a52e-4f735466cecf":"f.83A52D51DE7EE447A745C47B9BBA803D.d.EC9F30B1070AD9932BFD215B3A978266.e.8208","ELEMENT":"f.83A52D51DE7EE447A745C47B9BBA803D.d.EC9F30B1070AD9932BFD215B3A978266.e.8208"},{"block":"start","inline":"nearest"}]}
COMMAND: POST /session/ff12bb945472b7ca0752b083f0a6a649/execute/async - {"script":"<script> [1562 bytes]","args":[{"selector":{"id":"application-manageresources-display-component---newResourceUnit--btnAddTimeSegment","interaction":{"idSuffix":"inner"}},"wdio_ui5_key":"applicationmanageresources-display-component---newResourceUnit--btnAddTimeSegment"}]}
COMMAND: GET /session/ff12bb945472b7ca0752b083f0a6a649/screenshot - {}
RESULT: {"script":"<script> [1562 bytes]","args":[{"selector":{"id":"application-manageresources-display-component---newResourceUnit--btnAddTimeSegment","interaction":{"idSuffix":"inner"}},"wdio_ui5_key":"applicationmanageresources-display-component---newResourceUnit--btnAddTimeSegment"}]}
RESULT: undefined
COMMAND: POST /session/ff12bb945472b7ca0752b083f0a6a649/element - {"using":"xpath","value":"//*[@id=\"application-manageresources-display-component---newResourceUnit--btnAddTimeSegment\"]"}
RESULT: {}
RESULT: {"using":"xpath","value":"//*[@id=\"application-manageresources-display-component---newResourceUnit--btnAddTimeSegment\"]"}
COMMAND: POST /session/ff12bb945472b7ca0752b083f0a6a649/element/f.83A52D51DE7EE447A745C47B9BBA803D.d.EC9F30B1070AD9932BFD215B3A978266.e.8208/click - {}
RESULT: {}
COMMAND: GET /session/ff12bb945472b7ca0752b083f0a6a649/screenshot - {}
RESULT: {}
COMMAND: POST /session/ff12bb945472b7ca0752b083f0a6a649/element - {"using":"xpath","value":"//input[@id=\"application-manageresources-display-component---newResourceUnit--idRuTSAdmin-application-manageresources-display-component---newResourceUnit--RUTimeSegment-0-inner\"]"}
RESULT: {"using":"xpath","value":"//input[@id=\"application-manageresources-display-component---newResourceUnit--idRuTSAdmin-application-manageresources-display-component---newResourceUnit--RUTimeSegment-0-inner\"]"}
COMMAND: POST /session/ff12bb945472b7ca0752b083f0a6a649/element/f.83A52D51DE7EE447A745C47B9BBA803D.d.EC9F30B1070AD9932BFD215B3A978266.e.8214/clear - {}
RESULT: {}
COMMAND: POST /session/ff12bb945472b7ca0752b083f0a6a649/element/f.83A52D51DE7EE447A745C47B9BBA803D.d.EC9F30B1070AD9932BFD215B3A978266.e.8214/value - {"text":"567"}
COMMAND: GET /session/ff12bb945472b7ca0752b083f0a6a649/screenshot - {}
RESULT: {"text":"567"}
COMMAND: GET /session/ff12bb945472b7ca0752b083f0a6a649/screenshot - {}
RESULT: {}
RESULT: {}
COMMAND: POST /session/ff12bb945472b7ca0752b083f0a6a649/element - {"using":"xpath","value":"//li[.//span[text()='567']]"}
RESULT: {"using":"xpath","value":"//li[.//span[text()='567']]"}
COMMAND: POST /session/ff12bb945472b7ca0752b083f0a6a649/element/f.83A52D51DE7EE447A745C47B9BBA803D.d.EC9F30B1070AD9932BFD215B3A978266.e.8226/click - {}
RESULT: {}
COMMAND: GET /session/ff12bb945472b7ca0752b083f0a6a649/screenshot - {}
RESULT: {}
COMMAND: POST /session/ff12bb945472b7ca0752b083f0a6a649/element - {"using":"xpath","value":"(//span[contains(@id, \"-application-manageresources-display-component---newResourceUnit--RUTimeSegment-0-arrow\")])[6]"}
RESULT: {"using":"xpath","value":"(//span[contains(@id, \"-application-manageresources-display-component---newResourceUnit--RUTimeSegment-0-arrow\")])[6]"}
COMMAND: POST /session/ff12bb945472b7ca0752b083f0a6a649/element/f.83A52D51DE7EE447A745C47B9BBA803D.d.EC9F30B1070AD9932BFD215B3A978266.e.8227/click - {}
RESULT: {}
COMMAND: GET /session/ff12bb945472b7ca0752b083f0a6a649/screenshot - {}
RESULT: {}
COMMAND: POST /session/ff12bb945472b7ca0752b083f0a6a649/element - {"using":"xpath","value":"//span[contains(text(), \"PM Order\")]"}
RESULT: {"using":"xpath","value":"//span[contains(text(), \"PM Order\")]"}
COMMAND: POST /session/ff12bb945472b7ca0752b083f0a6a649/element/f.83A52D51DE7EE447A745C47B9BBA803D.d.EC9F30B1070AD9932BFD215B3A978266.e.8230/click - {}
RESULT: {}
COMMAND: GET /session/ff12bb945472b7ca0752b083f0a6a649/screenshot - {}
RESULT: {}
COMMAND: POST /session/ff12bb945472b7ca0752b083f0a6a649/element - {"using":"xpath","value":"(//span[contains(@id ,\"manageresources-display-component---newResourceUnit--RUTimeSegment-0-vhi\")])[1]"}
RESULT: {"using":"xpath","value":"(//span[contains(@id ,\"manageresources-display-component---newResourceUnit--RUTimeSegment-0-vhi\")])[1]"}
COMMAND: GET /session/ff12bb945472b7ca0752b083f0a6a649/element/f.83A52D51DE7EE447A745C47B9BBA803D.d.EC9F30B1070AD9932BFD215B3A978266.e.8234/rect - {}
RESULT: {}
COMMAND: GET /session/ff12bb945472b7ca0752b083f0a6a649/window/rect - {}
RESULT: {}
COMMAND: POST /session/ff12bb945472b7ca0752b083f0a6a649/execute/sync - {"script":"<script> [92 bytes]","args":[]}
RESULT: {"script":"<script> [92 bytes]","args":[]}
COMMAND: POST /session/ff12bb945472b7ca0752b083f0a6a649/actions - {"actions":[{"id":"action28","type":"wheel","parameters":{},"actions":[{"type":"scroll","x":-869,"y":-24,"deltaX":0,"deltaY":0,"duration":0,"origin":{"element-6066-11e4-a52e-4f735466cecf":"f.83A52D51DE7EE447A745C47B9BBA803D.d.EC9F30B1070AD9932BFD215B3A978266.e.8234"}}]}]}
COMMAND: GET /session/ff12bb945472b7ca0752b083f0a6a649/screenshot - {}
RESULT: {"actions":[{"id":"action28","type":"wheel","parameters":{},"actions":[{"type":"scroll","x":-869,"y":-24,"deltaX":0,"deltaY":0,"duration":0,"origin":{"element-6066-11e4-a52e-4f735466cecf":"f.83A52D51DE7EE447A745C47B9BBA803D.d.EC9F30B1070AD9932BFD215B3A978266.e.8234"}}]}]}
COMMAND: DELETE /session/ff12bb945472b7ca0752b083f0a6a649/actions - {}
COMMAND: GET /session/ff12bb945472b7ca0752b083f0a6a649/screenshot - {}
RESULT: {}
RESULT: {}
COMMAND: GET /session/ff12bb945472b7ca0752b083f0a6a649/screenshot - {}
RESULT: {}
RESULT: {}
COMMAND: POST /session/ff12bb945472b7ca0752b083f0a6a649/element/f.83A52D51DE7EE447A745C47B9BBA803D.d.EC9F30B1070AD9932BFD215B3A978266.e.8234/click - {}
RESULT: {}
COMMAND: GET /session/ff12bb945472b7ca0752b083f0a6a649/screenshot - {}
RESULT: {}
COMMAND: POST /session/ff12bb945472b7ca0752b083f0a6a649/execute/async - {"script":"<script> [1562 bytes]","args":[{"selector":{"controlType":"sap.m.SearchField","properties":{"placeholder":"Search"},"searchOpenDialogs":true,"interaction":{"idSuffix":"I"}},"wdio_ui5_key":"sapm.SearchField{\"placeholder\":\"Search\"}"}]}
RESULT: {"script":"<script> [1562 bytes]","args":[{"selector":{"controlType":"sap.m.SearchField","properties":{"placeholder":"Search"},"searchOpenDialogs":true,"interaction":{"idSuffix":"I"}},"wdio_ui5_key":"sapm.SearchField{\"placeholder\":\"Search\"}"}]}
RESULT: undefined
COMMAND: POST /session/ff12bb945472b7ca0752b083f0a6a649/execute/async - {"script":"<script> [776 bytes]","args":[{"enterText":"4000360","selector":{"controlType":"sap.m.SearchField","properties":{"placeholder":"Search"},"searchOpenDialogs":true,"interaction":{"idSuffix":"I"}},"clearTextFirst":true,"interactionType":"ENTER_TEXT"}]}
RESULT: {"script":"<script> [776 bytes]","args":[{"enterText":"4000360","selector":{"controlType":"sap.m.SearchField","properties":{"placeholder":"Search"},"searchOpenDialogs":true,"interaction":{"idSuffix":"I"}},"clearTextFirst":true,"interactionType":"ENTER_TEXT"}]}
COMMAND: POST /session/ff12bb945472b7ca0752b083f0a6a649/actions - {"actions":[{"id":"action29","type":"key","parameters":{},"actions":[{"type":"keyDown","value":"î€‡"},{"type":"pause","duration":10},{"type":"keyUp","value":"î€‡"}]}]}
RESULT: {"actions":[{"id":"action29","type":"key","parameters":{},"actions":[{"type":"keyDown","value":"î€‡"},{"type":"pause","duration":10},{"type":"keyUp","value":"î€‡"}]}]}
COMMAND: GET /session/ff12bb945472b7ca0752b083f0a6a649/screenshot - {}
RESULT: {}
COMMAND: POST /session/ff12bb945472b7ca0752b083f0a6a649/element - {"using":"xpath","value":"//td/div/span[contains(text(), \"BGL Vehicles\")]"}
RESULT: {"using":"xpath","value":"//td/div/span[contains(text(), \"BGL Vehicles\")]"}
COMMAND: POST /session/ff12bb945472b7ca0752b083f0a6a649/element/f.83A52D51DE7EE447A745C47B9BBA803D.d.EC9F30B1070AD9932BFD215B3A978266.e.8256/click - {}
RESULT: {}
COMMAND: GET /session/ff12bb945472b7ca0752b083f0a6a649/screenshot - {}
RESULT: {}
COMMAND: POST /session/ff12bb945472b7ca0752b083f0a6a649/element - {"using":"xpath","value":"//bdi[contains(text(), \"OK\")]"}
RESULT: {"using":"xpath","value":"//bdi[contains(text(), \"OK\")]"}
COMMAND: POST /session/ff12bb945472b7ca0752b083f0a6a649/element/f.83A52D51DE7EE447A745C47B9BBA803D.d.EC9F30B1070AD9932BFD215B3A978266.e.8257/click - {}
RESULT: {}
COMMAND: GET /session/ff12bb945472b7ca0752b083f0a6a649/screenshot - {}
RESULT: {}
COMMAND: POST /session/ff12bb945472b7ca0752b083f0a6a649/execute/async - {"script":"<script> [1562 bytes]","args":[{"selector":{"id":"application-manageresources-display-component---newResourceUnit--newRRUPage-anchBar-application-manageresources-display-component---newResourceUnit--resource-anchor","interaction":{"idSuffix":"BDI-content"}},"wdio_ui5_key":"applicationmanageresources-display-component---newResourceUnit--newRRUPage-anchBar-application-manageresources-display-component---newResourceUnit--resource-anchor"}]}
RESULT: {"script":"<script> [1562 bytes]","args":[{"selector":{"id":"application-manageresources-display-component---newResourceUnit--newRRUPage-anchBar-application-manageresources-display-component---newResourceUnit--resource-anchor","interaction":{"idSuffix":"BDI-content"}},"wdio_ui5_key":"applicationmanageresources-display-component---newResourceUnit--newRRUPage-anchBar-application-manageresources-display-component---newResourceUnit--resource-anchor"}]}
RESULT: undefined
COMMAND: POST /session/ff12bb945472b7ca0752b083f0a6a649/element - {"using":"xpath","value":"//*[@id=\"application-manageresources-display-component---newResourceUnit--newRRUPage-anchBar-application-manageresources-display-component---newResourceUnit--resource-anchor\"]"}
RESULT: {"using":"xpath","value":"//*[@id=\"application-manageresources-display-component---newResourceUnit--newRRUPage-anchBar-application-manageresources-display-component---newResourceUnit--resource-anchor\"]"}
COMMAND: POST /session/ff12bb945472b7ca0752b083f0a6a649/element/f.83A52D51DE7EE447A745C47B9BBA803D.d.EC9F30B1070AD9932BFD215B3A978266.e.8261/click - {}
RESULT: {}
COMMAND: POST /session/ff12bb945472b7ca0752b083f0a6a649/execute/async - {"script":"<script> [1562 bytes]","args":[{"selector":{"id":"application-manageresources-display-component---newResourceUnit--PLANNED_DELIVERY_DATE","interaction":{"idSuffix":"inner"}},"wdio_ui5_key":"applicationmanageresources-display-component---newResourceUnit--PLANNED_DELIVERY_DATE"}]}
COMMAND: GET /session/ff12bb945472b7ca0752b083f0a6a649/screenshot - {}
RESULT: {"script":"<script> [1562 bytes]","args":[{"selector":{"id":"application-manageresources-display-component---newResourceUnit--PLANNED_DELIVERY_DATE","interaction":{"idSuffix":"inner"}},"wdio_ui5_key":"applicationmanageresources-display-component---newResourceUnit--PLANNED_DELIVERY_DATE"}]}
RESULT: undefined
COMMAND: POST /session/ff12bb945472b7ca0752b083f0a6a649/execute/async - {"script":"<script> [6424 bytes]","args":[{"element-6066-11e4-a52e-4f735466cecf":"f.83A52D51DE7EE447A745C47B9BBA803D.d.EC9F30B1070AD9932BFD215B3A978266.e.8121"},"setValue",["5/19/25"]]}
RESULT: {}
RESULT: {"script":"<script> [6424 bytes]","args":[{"element-6066-11e4-a52e-4f735466cecf":"f.83A52D51DE7EE447A745C47B9BBA803D.d.EC9F30B1070AD9932BFD215B3A978266.e.8121"},"setValue",["5/19/25"]]}
COMMAND: POST /session/ff12bb945472b7ca0752b083f0a6a649/element - {"using":"xpath","value":"//label[contains(@class, 'sapMLabelRequired') and .//bdi[contains(text(), 'Planned Retirement')]]"}
RESULT: {"using":"xpath","value":"//label[contains(@class, 'sapMLabelRequired') and .//bdi[contains(text(), 'Planned Retirement')]]"}
COMMAND: POST /session/ff12bb945472b7ca0752b083f0a6a649/elements - {"using":"xpath","value":"//label[contains(@class, 'sapMLabelRequired') and .//bdi[contains(text(), 'Planned Retirement')]]"}
RESULT: {"using":"xpath","value":"//label[contains(@class, 'sapMLabelRequired') and .//bdi[contains(text(), 'Planned Retirement')]]"}
COMMAND: POST /session/ff12bb945472b7ca0752b083f0a6a649/element - {"using":"xpath","value":"//button[@data-kt=\"resourceUnitSaveButton\"]"}
RESULT: {"using":"xpath","value":"//button[@data-kt=\"resourceUnitSaveButton\"]"}
COMMAND: POST /session/ff12bb945472b7ca0752b083f0a6a649/element/f.83A52D51DE7EE447A745C47B9BBA803D.d.EC9F30B1070AD9932BFD215B3A978266.e.8081/click - {}
RESULT: {}
COMMAND: GET /session/ff12bb945472b7ca0752b083f0a6a649/screenshot - {}
RESULT: {}
COMMAND: POST /session/ff12bb945472b7ca0752b083f0a6a649/element - {"using":"xpath","value":"//bdi[contains(text(), \"Close\")]"}
RESULT: {"using":"xpath","value":"//bdi[contains(text(), \"Close\")]"}
COMMAND: POST /session/ff12bb945472b7ca0752b083f0a6a649/element/f.83A52D51DE7EE447A745C47B9BBA803D.d.EC9F30B1070AD9932BFD215B3A978266.e.8269/click - {}
RESULT: {}
COMMAND: GET /session/ff12bb945472b7ca0752b083f0a6a649/screenshot - {}
RESULT: {}
COMMAND: POST /session/ff12bb945472b7ca0752b083f0a6a649/element - {"using":"xpath","value":"(//button[contains(@id ,\"actionsToolbar-overflowButton\")])[1]"}
RESULT: {"using":"xpath","value":"(//button[contains(@id ,\"actionsToolbar-overflowButton\")])[1]"}
COMMAND: POST /session/ff12bb945472b7ca0752b083f0a6a649/element/f.83A52D51DE7EE447A745C47B9BBA803D.d.EC9F30B1070AD9932BFD215B3A978266.e.8304/click - {}
RESULT: {}
COMMAND: GET /session/ff12bb945472b7ca0752b083f0a6a649/screenshot - {}
RESULT: {}
COMMAND: POST /session/ff12bb945472b7ca0752b083f0a6a649/element - {"using":"xpath","value":"//button[@data-kt=\"priceInfoButton\"]"}
RESULT: {"using":"xpath","value":"//button[@data-kt=\"priceInfoButton\"]"}
COMMAND: POST /session/ff12bb945472b7ca0752b083f0a6a649/element/f.83A52D51DE7EE447A745C47B9BBA803D.d.EC9F30B1070AD9932BFD215B3A978266.e.8306/click - {}
RESULT: {}
COMMAND: GET /session/ff12bb945472b7ca0752b083f0a6a649/screenshot - {}
]]></system-out>
    </testcase>
    <testcase classname="chrome.136_0_7103_93.windows.Billing_transfer_US117289" name="Should create new pricing rule" time="54.664">
      <system-out><![CDATA[
COMMAND: POST /session/ff12bb945472b7ca0752b083f0a6a649/element - {"using":"xpath","value":"//button[@data-kt=\"addButton\"]"}
RESULT: {}
RESULT: {"using":"xpath","value":"//button[@data-kt=\"addButton\"]"}
COMMAND: POST /session/ff12bb945472b7ca0752b083f0a6a649/elements - {"using":"xpath","value":"//button[@data-kt=\"addButton\"]"}
RESULT: {"using":"xpath","value":"//button[@data-kt=\"addButton\"]"}
COMMAND: POST /session/ff12bb945472b7ca0752b083f0a6a649/execute/sync - {"script":"<script> [8489 bytes]","args":[{"element-6066-11e4-a52e-4f735466cecf":"f.83A52D51DE7EE447A745C47B9BBA803D.d.EC9F30B1070AD9932BFD215B3A978266.e.8342","ELEMENT":"f.83A52D51DE7EE447A745C47B9BBA803D.d.EC9F30B1070AD9932BFD215B3A978266.e.8342"}]}
RESULT: {"script":"<script> [8489 bytes]","args":[{"element-6066-11e4-a52e-4f735466cecf":"f.83A52D51DE7EE447A745C47B9BBA803D.d.EC9F30B1070AD9932BFD215B3A978266.e.8342","ELEMENT":"f.83A52D51DE7EE447A745C47B9BBA803D.d.EC9F30B1070AD9932BFD215B3A978266.e.8342"}]}
COMMAND: GET /session/ff12bb945472b7ca0752b083f0a6a649/element/f.83A52D51DE7EE447A745C47B9BBA803D.d.EC9F30B1070AD9932BFD215B3A978266.e.8342/enabled - {}
COMMAND: GET /session/ff12bb945472b7ca0752b083f0a6a649/screenshot - {}
RESULT: {}
COMMAND: POST /session/ff12bb945472b7ca0752b083f0a6a649/execute/sync - {"script":"<script> [8489 bytes]","args":[{"element-6066-11e4-a52e-4f735466cecf":"f.83A52D51DE7EE447A745C47B9BBA803D.d.EC9F30B1070AD9932BFD215B3A978266.e.8342","ELEMENT":"f.83A52D51DE7EE447A745C47B9BBA803D.d.EC9F30B1070AD9932BFD215B3A978266.e.8342"}]}
COMMAND: GET /session/ff12bb945472b7ca0752b083f0a6a649/screenshot - {}
RESULT: {}
RESULT: {"script":"<script> [8489 bytes]","args":[{"element-6066-11e4-a52e-4f735466cecf":"f.83A52D51DE7EE447A745C47B9BBA803D.d.EC9F30B1070AD9932BFD215B3A978266.e.8342","ELEMENT":"f.83A52D51DE7EE447A745C47B9BBA803D.d.EC9F30B1070AD9932BFD215B3A978266.e.8342"}]}
COMMAND: POST /session/ff12bb945472b7ca0752b083f0a6a649/execute/sync - {"script":"<script> [5351 bytes]","args":[{"element-6066-11e4-a52e-4f735466cecf":"f.83A52D51DE7EE447A745C47B9BBA803D.d.EC9F30B1070AD9932BFD215B3A978266.e.8342","ELEMENT":"f.83A52D51DE7EE447A745C47B9BBA803D.d.EC9F30B1070AD9932BFD215B3A978266.e.8342"}]}
COMMAND: GET /session/ff12bb945472b7ca0752b083f0a6a649/screenshot - {}
RESULT: {}
RESULT: {"script":"<script> [5351 bytes]","args":[{"element-6066-11e4-a52e-4f735466cecf":"f.83A52D51DE7EE447A745C47B9BBA803D.d.EC9F30B1070AD9932BFD215B3A978266.e.8342","ELEMENT":"f.83A52D51DE7EE447A745C47B9BBA803D.d.EC9F30B1070AD9932BFD215B3A978266.e.8342"}]}
COMMAND: POST /session/ff12bb945472b7ca0752b083f0a6a649/element/f.83A52D51DE7EE447A745C47B9BBA803D.d.EC9F30B1070AD9932BFD215B3A978266.e.8342/click - {}
COMMAND: GET /session/ff12bb945472b7ca0752b083f0a6a649/screenshot - {}
RESULT: {}
RESULT: {}
COMMAND: GET /session/ff12bb945472b7ca0752b083f0a6a649/screenshot - {}
RESULT: {}
RESULT: {}
COMMAND: POST /session/ff12bb945472b7ca0752b083f0a6a649/execute/async - {"script":"<script> [1562 bytes]","args":[{"selector":{"controlType":"sap.m.Title","viewName":"etm.portal.ui.managepricingrules.view.NewItem","viewId":"application-managepricingrules-display-component---newInfoPriceItem","properties":{"text":"New Pricing Rules - Item Level"}},"wdio_ui5_key":"etmportal.ui.managepricingrules.view.NewItemsap.m.Title{\"text\":\"New Pricing Rules - Item Level\"}"}]}
RESULT: {"script":"<script> [1562 bytes]","args":[{"selector":{"controlType":"sap.m.Title","viewName":"etm.portal.ui.managepricingrules.view.NewItem","viewId":"application-managepricingrules-display-component---newInfoPriceItem","properties":{"text":"New Pricing Rules - Item Level"}},"wdio_ui5_key":"etmportal.ui.managepricingrules.view.NewItemsap.m.Title{\"text\":\"New Pricing Rules - Item Level\"}"}]}
RESULT: undefined
COMMAND: POST /session/ff12bb945472b7ca0752b083f0a6a649/execute/async - {"script":"<script> [6424 bytes]","args":[{"element-6066-11e4-a52e-4f735466cecf":"f.83A52D51DE7EE447A745C47B9BBA803D.d.EC9F30B1070AD9932BFD215B3A978266.e.8515"},"getText",[]]}
RESULT: {"script":"<script> [6424 bytes]","args":[{"element-6066-11e4-a52e-4f735466cecf":"f.83A52D51DE7EE447A745C47B9BBA803D.d.EC9F30B1070AD9932BFD215B3A978266.e.8515"},"getText",[]]}
COMMAND: POST /session/ff12bb945472b7ca0752b083f0a6a649/execute/async - {"script":"<script> [1562 bytes]","args":[{"selector":{"id":"application-managepricingrules-display-component---newInfoPriceItem--condValidTo","interaction":{"idSuffix":"inner"}},"wdio_ui5_key":"applicationmanagepricingrules-display-component---newInfoPriceItem--condValidTo"}]}
RESULT: {"script":"<script> [1562 bytes]","args":[{"selector":{"id":"application-managepricingrules-display-component---newInfoPriceItem--condValidTo","interaction":{"idSuffix":"inner"}},"wdio_ui5_key":"applicationmanagepricingrules-display-component---newInfoPriceItem--condValidTo"}]}
RESULT: undefined
COMMAND: POST /session/ff12bb945472b7ca0752b083f0a6a649/execute/async - {"script":"<script> [776 bytes]","args":[{"enterText":"1/19/26","selector":{"id":"application-managepricingrules-display-component---newInfoPriceItem--condValidTo","interaction":{"idSuffix":"inner"}},"clearTextFirst":true,"interactionType":"ENTER_TEXT"}]}
RESULT: {"script":"<script> [776 bytes]","args":[{"enterText":"1/19/26","selector":{"id":"application-managepricingrules-display-component---newInfoPriceItem--condValidTo","interaction":{"idSuffix":"inner"}},"clearTextFirst":true,"interactionType":"ENTER_TEXT"}]}
COMMAND: POST /session/ff12bb945472b7ca0752b083f0a6a649/execute/async - {"script":"<script> [1562 bytes]","args":[{"selector":{"id":"application-managepricingrules-display-component---newInfoPriceItem--billType-arrow"},"wdio_ui5_key":"applicationmanagepricingrules-display-component---newInfoPriceItem--billType-arrow"}]}
RESULT: {"script":"<script> [1562 bytes]","args":[{"selector":{"id":"application-managepricingrules-display-component---newInfoPriceItem--billType-arrow"},"wdio_ui5_key":"applicationmanagepricingrules-display-component---newInfoPriceItem--billType-arrow"}]}
RESULT: undefined
COMMAND: POST /session/ff12bb945472b7ca0752b083f0a6a649/element - {"using":"xpath","value":"//*[@id=\"application-managepricingrules-display-component---newInfoPriceItem--billType-arrow\"]"}
RESULT: {"using":"xpath","value":"//*[@id=\"application-managepricingrules-display-component---newInfoPriceItem--billType-arrow\"]"}
COMMAND: POST /session/ff12bb945472b7ca0752b083f0a6a649/element/f.83A52D51DE7EE447A745C47B9BBA803D.d.EC9F30B1070AD9932BFD215B3A978266.e.8473/click - {}
RESULT: {}
COMMAND: POST /session/ff12bb945472b7ca0752b083f0a6a649/element - {"using":"xpath","value":"//span[contains(text(), \"TB - Time based\")]"}
COMMAND: GET /session/ff12bb945472b7ca0752b083f0a6a649/screenshot - {}
RESULT: {"using":"xpath","value":"//span[contains(text(), \"TB - Time based\")]"}
COMMAND: POST /session/ff12bb945472b7ca0752b083f0a6a649/element/f.83A52D51DE7EE447A745C47B9BBA803D.d.EC9F30B1070AD9932BFD215B3A978266.e.8517/click - {}
RESULT: {}
RESULT: {}
COMMAND: POST /session/ff12bb945472b7ca0752b083f0a6a649/execute/async - {"script":"<script> [1562 bytes]","args":[{"selector":{"id":"application-managepricingrules-display-component---newInfoPriceItem--priceProc-arrow"},"wdio_ui5_key":"applicationmanagepricingrules-display-component---newInfoPriceItem--priceProc-arrow"}]}
COMMAND: GET /session/ff12bb945472b7ca0752b083f0a6a649/screenshot - {}
RESULT: {"script":"<script> [1562 bytes]","args":[{"selector":{"id":"application-managepricingrules-display-component---newInfoPriceItem--priceProc-arrow"},"wdio_ui5_key":"applicationmanagepricingrules-display-component---newInfoPriceItem--priceProc-arrow"}]}
RESULT: undefined
COMMAND: POST /session/ff12bb945472b7ca0752b083f0a6a649/element - {"using":"xpath","value":"//*[@id=\"application-managepricingrules-display-component---newInfoPriceItem--priceProc-arrow\"]"}
RESULT: {}
RESULT: {"using":"xpath","value":"//*[@id=\"application-managepricingrules-display-component---newInfoPriceItem--priceProc-arrow\"]"}
COMMAND: POST /session/ff12bb945472b7ca0752b083f0a6a649/element/f.83A52D51DE7EE447A745C47B9BBA803D.d.EC9F30B1070AD9932BFD215B3A978266.e.8480/click - {}
RESULT: {}
COMMAND: POST /session/ff12bb945472b7ca0752b083f0a6a649/element - {"using":"xpath","value":"//span[contains(text(), \"TBS - Time based standard\")]"}
COMMAND: GET /session/ff12bb945472b7ca0752b083f0a6a649/screenshot - {}
RESULT: {"using":"xpath","value":"//span[contains(text(), \"TBS - Time based standard\")]"}
COMMAND: POST /session/ff12bb945472b7ca0752b083f0a6a649/element/f.83A52D51DE7EE447A745C47B9BBA803D.d.EC9F30B1070AD9932BFD215B3A978266.e.8518/click - {}
RESULT: {}
RESULT: {}
COMMAND: POST /session/ff12bb945472b7ca0752b083f0a6a649/execute/async - {"script":"<script> [1562 bytes]","args":[{"selector":{"id":"application-managepricingrules-display-component---newInfoPriceItem--calcBase-arrow"},"wdio_ui5_key":"applicationmanagepricingrules-display-component---newInfoPriceItem--calcBase-arrow"}]}
COMMAND: GET /session/ff12bb945472b7ca0752b083f0a6a649/screenshot - {}
RESULT: {"script":"<script> [1562 bytes]","args":[{"selector":{"id":"application-managepricingrules-display-component---newInfoPriceItem--calcBase-arrow"},"wdio_ui5_key":"applicationmanagepricingrules-display-component---newInfoPriceItem--calcBase-arrow"}]}
RESULT: undefined
COMMAND: POST /session/ff12bb945472b7ca0752b083f0a6a649/element - {"using":"xpath","value":"//*[@id=\"application-managepricingrules-display-component---newInfoPriceItem--calcBase-arrow\"]"}
RESULT: {}
RESULT: {"using":"xpath","value":"//*[@id=\"application-managepricingrules-display-component---newInfoPriceItem--calcBase-arrow\"]"}
COMMAND: POST /session/ff12bb945472b7ca0752b083f0a6a649/element/f.83A52D51DE7EE447A745C47B9BBA803D.d.EC9F30B1070AD9932BFD215B3A978266.e.8487/click - {}
RESULT: {}
COMMAND: GET /session/ff12bb945472b7ca0752b083f0a6a649/screenshot - {}
RESULT: {}
COMMAND: POST /session/ff12bb945472b7ca0752b083f0a6a649/element - {"using":"xpath","value":"//span[contains(text(), \"0006 - TB(calendar days)\")]"}
RESULT: {"using":"xpath","value":"//span[contains(text(), \"0006 - TB(calendar days)\")]"}
COMMAND: POST /session/ff12bb945472b7ca0752b083f0a6a649/element/f.83A52D51DE7EE447A745C47B9BBA803D.d.EC9F30B1070AD9932BFD215B3A978266.e.8519/click - {}
RESULT: {}
COMMAND: GET /session/ff12bb945472b7ca0752b083f0a6a649/screenshot - {}
RESULT: {}
COMMAND: POST /session/ff12bb945472b7ca0752b083f0a6a649/execute/async - {"script":"<script> [1562 bytes]","args":[{"selector":{"id":"application-managepricingrules-display-component---newInfoPriceItem--daysMonth","interaction":{"idSuffix":"inner"}},"wdio_ui5_key":"applicationmanagepricingrules-display-component---newInfoPriceItem--daysMonth"}]}
RESULT: {"script":"<script> [1562 bytes]","args":[{"selector":{"id":"application-managepricingrules-display-component---newInfoPriceItem--daysMonth","interaction":{"idSuffix":"inner"}},"wdio_ui5_key":"applicationmanagepricingrules-display-component---newInfoPriceItem--daysMonth"}]}
RESULT: undefined
COMMAND: POST /session/ff12bb945472b7ca0752b083f0a6a649/execute/async - {"script":"<script> [776 bytes]","args":[{"enterText":"30","selector":{"id":"application-managepricingrules-display-component---newInfoPriceItem--daysMonth","interaction":{"idSuffix":"inner"}},"clearTextFirst":true,"interactionType":"ENTER_TEXT"}]}
RESULT: {"script":"<script> [776 bytes]","args":[{"enterText":"30","selector":{"id":"application-managepricingrules-display-component---newInfoPriceItem--daysMonth","interaction":{"idSuffix":"inner"}},"clearTextFirst":true,"interactionType":"ENTER_TEXT"}]}
COMMAND: POST /session/ff12bb945472b7ca0752b083f0a6a649/element - {"using":"xpath","value":"//button[@data-kt=\"saveNewRuleButton\"]"}
RESULT: {"using":"xpath","value":"//button[@data-kt=\"saveNewRuleButton\"]"}
COMMAND: POST /session/ff12bb945472b7ca0752b083f0a6a649/element/f.83A52D51DE7EE447A745C47B9BBA803D.d.EC9F30B1070AD9932BFD215B3A978266.e.8507/click - {}
RESULT: {}
COMMAND: GET /session/ff12bb945472b7ca0752b083f0a6a649/screenshot - {}
RESULT: {}
COMMAND: POST /session/ff12bb945472b7ca0752b083f0a6a649/execute/async - {"script":"<script> [1562 bytes]","args":[{"selector":{"id":"application-managepricingrules-display-component---priceInfoItem--smartFilterBar-btnBasicSearch","interaction":{"idSuffix":"I"}},"wdio_ui5_key":"applicationmanagepricingrules-display-component---priceInfoItem--smartFilterBar-btnBasicSearch"}]}
RESULT: {"script":"<script> [1562 bytes]","args":[{"selector":{"id":"application-managepricingrules-display-component---priceInfoItem--smartFilterBar-btnBasicSearch","interaction":{"idSuffix":"I"}},"wdio_ui5_key":"applicationmanagepricingrules-display-component---priceInfoItem--smartFilterBar-btnBasicSearch"}]}
RESULT: undefined
COMMAND: POST /session/ff12bb945472b7ca0752b083f0a6a649/execute/async - {"script":"<script> [776 bytes]","args":[{"enterText":"VknaIVQAEL","selector":{"id":"application-managepricingrules-display-component---priceInfoItem--smartFilterBar-btnBasicSearch","interaction":{"idSuffix":"I"}},"clearTextFirst":true,"interactionType":"ENTER_TEXT"}]}
RESULT: {"script":"<script> [776 bytes]","args":[{"enterText":"VknaIVQAEL","selector":{"id":"application-managepricingrules-display-component---priceInfoItem--smartFilterBar-btnBasicSearch","interaction":{"idSuffix":"I"}},"clearTextFirst":true,"interactionType":"ENTER_TEXT"}]}
COMMAND: POST /session/ff12bb945472b7ca0752b083f0a6a649/actions - {"actions":[{"id":"action30","type":"key","parameters":{},"actions":[{"type":"keyDown","value":"î€‡"},{"type":"pause","duration":10},{"type":"keyUp","value":"î€‡"}]}]}
RESULT: {"actions":[{"id":"action30","type":"key","parameters":{},"actions":[{"type":"keyDown","value":"î€‡"},{"type":"pause","duration":10},{"type":"keyUp","value":"î€‡"}]}]}
COMMAND: GET /session/ff12bb945472b7ca0752b083f0a6a649/screenshot - {}
RESULT: {}
COMMAND: POST /session/ff12bb945472b7ca0752b083f0a6a649/element - {"using":"xpath","value":"//span[@id=\"application-managepricingrules-display-component---priceInfoItem--smartTable-header-inner\"]"}
RESULT: {"using":"xpath","value":"//span[@id=\"application-managepricingrules-display-component---priceInfoItem--smartTable-header-inner\"]"}
COMMAND: POST /session/ff12bb945472b7ca0752b083f0a6a649/elements - {"using":"xpath","value":"//span[@id=\"application-managepricingrules-display-component---priceInfoItem--smartTable-header-inner\"]"}
RESULT: {"using":"xpath","value":"//span[@id=\"application-managepricingrules-display-component---priceInfoItem--smartTable-header-inner\"]"}
COMMAND: POST /session/ff12bb945472b7ca0752b083f0a6a649/execute/sync - {"script":"<script> [56 bytes]","args":[{"element-6066-11e4-a52e-4f735466cecf":"f.83A52D51DE7EE447A745C47B9BBA803D.d.EC9F30B1070AD9932BFD215B3A978266.e.8542","ELEMENT":"f.83A52D51DE7EE447A745C47B9BBA803D.d.EC9F30B1070AD9932BFD215B3A978266.e.8542"}]}
RESULT: {"script":"<script> [56 bytes]","args":[{"element-6066-11e4-a52e-4f735466cecf":"f.83A52D51DE7EE447A745C47B9BBA803D.d.EC9F30B1070AD9932BFD215B3A978266.e.8542","ELEMENT":"f.83A52D51DE7EE447A745C47B9BBA803D.d.EC9F30B1070AD9932BFD215B3A978266.e.8542"}]}
COMMAND: POST /session/ff12bb945472b7ca0752b083f0a6a649/element - {"using":"css selector","value":"#shell-header-logo"}
COMMAND: GET /session/ff12bb945472b7ca0752b083f0a6a649/screenshot - {}
RESULT: {"using":"css selector","value":"#shell-header-logo"}
COMMAND: POST /session/ff12bb945472b7ca0752b083f0a6a649/element/f.83A52D51DE7EE447A745C47B9BBA803D.d.EC9F30B1070AD9932BFD215B3A978266.e.7673/click - {}
RESULT: {}
RESULT: {}
COMMAND: GET /session/ff12bb945472b7ca0752b083f0a6a649/screenshot - {}
RESULT: {}
]]></system-out>
    </testcase>
    <testcase classname="chrome.136_0_7103_93.windows.Billing_transfer_US117289" name="Should create new condition for equipment" time="65.266">
      <system-out><![CDATA[
COMMAND: POST /session/ff12bb945472b7ca0752b083f0a6a649/execute/async - {"script":"<script> [1562 bytes]","args":[{"selector":{"controlType":"sap.m.GenericTile","properties":{"header":"Manage Conditions & Prices"}},"wdio_ui5_key":"sapm.GenericTile{\"header\":\"Manage Conditions & Prices\"}"}]}
RESULT: {"script":"<script> [1562 bytes]","args":[{"selector":{"controlType":"sap.m.GenericTile","properties":{"header":"Manage Conditions & Prices"}},"wdio_ui5_key":"sapm.GenericTile{\"header\":\"Manage Conditions & Prices\"}"}]}
RESULT: undefined
COMMAND: POST /session/ff12bb945472b7ca0752b083f0a6a649/element - {"using":"xpath","value":"//*[@id=\"__tile53\"]"}
RESULT: {"using":"xpath","value":"//*[@id=\"__tile53\"]"}
COMMAND: POST /session/ff12bb945472b7ca0752b083f0a6a649/element/f.83A52D51DE7EE447A745C47B9BBA803D.d.EC9F30B1070AD9932BFD215B3A978266.e.7611/click - {}
RESULT: {}
COMMAND: GET /session/ff12bb945472b7ca0752b083f0a6a649/screenshot - {}
RESULT: {}
COMMAND: POST /session/ff12bb945472b7ca0752b083f0a6a649/elements - {"using":"xpath","value":"//span[text()='Error']"}
RESULT: {"using":"xpath","value":"//span[text()='Error']"}
COMMAND: POST /session/ff12bb945472b7ca0752b083f0a6a649/element - {"using":"xpath","value":"//button[@aria-label=\"Create\"]"}
RESULT: {"using":"xpath","value":"//button[@aria-label=\"Create\"]"}
COMMAND: POST /session/ff12bb945472b7ca0752b083f0a6a649/elements - {"using":"xpath","value":"//button[@aria-label=\"Create\"]"}
RESULT: {"using":"xpath","value":"//button[@aria-label=\"Create\"]"}
COMMAND: POST /session/ff12bb945472b7ca0752b083f0a6a649/execute/sync - {"script":"<script> [8489 bytes]","args":[{"element-6066-11e4-a52e-4f735466cecf":"f.83A52D51DE7EE447A745C47B9BBA803D.d.EC9F30B1070AD9932BFD215B3A978266.e.8577","ELEMENT":"f.83A52D51DE7EE447A745C47B9BBA803D.d.EC9F30B1070AD9932BFD215B3A978266.e.8577"}]}
RESULT: {"script":"<script> [8489 bytes]","args":[{"element-6066-11e4-a52e-4f735466cecf":"f.83A52D51DE7EE447A745C47B9BBA803D.d.EC9F30B1070AD9932BFD215B3A978266.e.8577","ELEMENT":"f.83A52D51DE7EE447A745C47B9BBA803D.d.EC9F30B1070AD9932BFD215B3A978266.e.8577"}]}
COMMAND: GET /session/ff12bb945472b7ca0752b083f0a6a649/element/f.83A52D51DE7EE447A745C47B9BBA803D.d.EC9F30B1070AD9932BFD215B3A978266.e.8577/enabled - {}
COMMAND: GET /session/ff12bb945472b7ca0752b083f0a6a649/screenshot - {}
RESULT: {}
COMMAND: POST /session/ff12bb945472b7ca0752b083f0a6a649/execute/sync - {"script":"<script> [8489 bytes]","args":[{"element-6066-11e4-a52e-4f735466cecf":"f.83A52D51DE7EE447A745C47B9BBA803D.d.EC9F30B1070AD9932BFD215B3A978266.e.8577","ELEMENT":"f.83A52D51DE7EE447A745C47B9BBA803D.d.EC9F30B1070AD9932BFD215B3A978266.e.8577"}]}
COMMAND: GET /session/ff12bb945472b7ca0752b083f0a6a649/screenshot - {}
RESULT: {}
RESULT: {"script":"<script> [8489 bytes]","args":[{"element-6066-11e4-a52e-4f735466cecf":"f.83A52D51DE7EE447A745C47B9BBA803D.d.EC9F30B1070AD9932BFD215B3A978266.e.8577","ELEMENT":"f.83A52D51DE7EE447A745C47B9BBA803D.d.EC9F30B1070AD9932BFD215B3A978266.e.8577"}]}
COMMAND: POST /session/ff12bb945472b7ca0752b083f0a6a649/execute/sync - {"script":"<script> [5351 bytes]","args":[{"element-6066-11e4-a52e-4f735466cecf":"f.83A52D51DE7EE447A745C47B9BBA803D.d.EC9F30B1070AD9932BFD215B3A978266.e.8577","ELEMENT":"f.83A52D51DE7EE447A745C47B9BBA803D.d.EC9F30B1070AD9932BFD215B3A978266.e.8577"}]}
COMMAND: GET /session/ff12bb945472b7ca0752b083f0a6a649/screenshot - {}
RESULT: {}
RESULT: {"script":"<script> [5351 bytes]","args":[{"element-6066-11e4-a52e-4f735466cecf":"f.83A52D51DE7EE447A745C47B9BBA803D.d.EC9F30B1070AD9932BFD215B3A978266.e.8577","ELEMENT":"f.83A52D51DE7EE447A745C47B9BBA803D.d.EC9F30B1070AD9932BFD215B3A978266.e.8577"}]}
COMMAND: POST /session/ff12bb945472b7ca0752b083f0a6a649/element/f.83A52D51DE7EE447A745C47B9BBA803D.d.EC9F30B1070AD9932BFD215B3A978266.e.8577/click - {}
COMMAND: GET /session/ff12bb945472b7ca0752b083f0a6a649/screenshot - {}
RESULT: {}
RESULT: {}
COMMAND: GET /session/ff12bb945472b7ca0752b083f0a6a649/screenshot - {}
RESULT: {}
RESULT: {}
COMMAND: POST /session/ff12bb945472b7ca0752b083f0a6a649/actions - {"actions":[{"id":"action31","type":"key","parameters":{},"actions":[{"type":"keyDown","value":"î€‡"},{"type":"pause","duration":10},{"type":"keyUp","value":"î€‡"}]}]}
RESULT: {"actions":[{"id":"action31","type":"key","parameters":{},"actions":[{"type":"keyDown","value":"î€‡"},{"type":"pause","duration":10},{"type":"keyUp","value":"î€‡"}]}]}
COMMAND: GET /session/ff12bb945472b7ca0752b083f0a6a649/screenshot - {}
RESULT: {}
COMMAND: POST /session/ff12bb945472b7ca0752b083f0a6a649/execute/async - {"script":"<script> [1562 bytes]","args":[{"selector":{"id":"application-manageconditionprice-display-component---newCondition--condBillCond-arrow"},"wdio_ui5_key":"applicationmanageconditionprice-display-component---newCondition--condBillCond-arrow"}]}
RESULT: {"script":"<script> [1562 bytes]","args":[{"selector":{"id":"application-manageconditionprice-display-component---newCondition--condBillCond-arrow"},"wdio_ui5_key":"applicationmanageconditionprice-display-component---newCondition--condBillCond-arrow"}]}
RESULT: undefined
COMMAND: POST /session/ff12bb945472b7ca0752b083f0a6a649/element - {"using":"xpath","value":"//*[@id=\"application-manageconditionprice-display-component---newCondition--condBillCond-arrow\"]"}
RESULT: {"using":"xpath","value":"//*[@id=\"application-manageconditionprice-display-component---newCondition--condBillCond-arrow\"]"}
COMMAND: POST /session/ff12bb945472b7ca0752b083f0a6a649/element/f.83A52D51DE7EE447A745C47B9BBA803D.d.EC9F30B1070AD9932BFD215B3A978266.e.8754/click - {}
RESULT: {}
COMMAND: GET /session/ff12bb945472b7ca0752b083f0a6a649/screenshot - {}
RESULT: {}
COMMAND: POST /session/ff12bb945472b7ca0752b083f0a6a649/element - {"using":"xpath","value":"//li[.//span[contains(text(), \"DISP - D&I special price\")]]"}
RESULT: {"using":"xpath","value":"//li[.//span[contains(text(), \"DISP - D&I special price\")]]"}
COMMAND: POST /session/ff12bb945472b7ca0752b083f0a6a649/element/f.83A52D51DE7EE447A745C47B9BBA803D.d.EC9F30B1070AD9932BFD215B3A978266.e.8757/click - {}
RESULT: {}
COMMAND: GET /session/ff12bb945472b7ca0752b083f0a6a649/screenshot - {}
RESULT: {}
COMMAND: POST /session/ff12bb945472b7ca0752b083f0a6a649/execute/async - {"script":"<script> [1562 bytes]","args":[{"selector":{"id":"application-manageconditionprice-display-component---newCondition--condValidTo","interaction":{"idSuffix":"inner"}},"wdio_ui5_key":"applicationmanageconditionprice-display-component---newCondition--condValidTo"}]}
RESULT: {"script":"<script> [1562 bytes]","args":[{"selector":{"id":"application-manageconditionprice-display-component---newCondition--condValidTo","interaction":{"idSuffix":"inner"}},"wdio_ui5_key":"applicationmanageconditionprice-display-component---newCondition--condValidTo"}]}
RESULT: undefined
COMMAND: POST /session/ff12bb945472b7ca0752b083f0a6a649/execute/async - {"script":"<script> [776 bytes]","args":[{"enterText":"1/19/26","selector":{"id":"application-manageconditionprice-display-component---newCondition--condValidTo","interaction":{"idSuffix":"inner"}},"clearTextFirst":true,"interactionType":"ENTER_TEXT"}]}
RESULT: {"script":"<script> [776 bytes]","args":[{"enterText":"1/19/26","selector":{"id":"application-manageconditionprice-display-component---newCondition--condValidTo","interaction":{"idSuffix":"inner"}},"clearTextFirst":true,"interactionType":"ENTER_TEXT"}]}
COMMAND: POST /session/ff12bb945472b7ca0752b083f0a6a649/element - {"using":"xpath","value":"//input[@id=\"application-manageconditionprice-display-component---newCondition--condRU-inner\"]"}
RESULT: {"using":"xpath","value":"//input[@id=\"application-manageconditionprice-display-component---newCondition--condRU-inner\"]"}
COMMAND: POST /session/ff12bb945472b7ca0752b083f0a6a649/element/f.83A52D51DE7EE447A745C47B9BBA803D.d.EC9F30B1070AD9932BFD215B3A978266.e.8619/clear - {}
RESULT: {}
COMMAND: POST /session/ff12bb945472b7ca0752b083f0a6a649/element/f.83A52D51DE7EE447A745C47B9BBA803D.d.EC9F30B1070AD9932BFD215B3A978266.e.8619/value - {"text":"VknaIVQAEL"}
COMMAND: GET /session/ff12bb945472b7ca0752b083f0a6a649/screenshot - {}
RESULT: {"text":"VknaIVQAEL"}
COMMAND: GET /session/ff12bb945472b7ca0752b083f0a6a649/screenshot - {}
RESULT: {}
RESULT: {}
COMMAND: POST /session/ff12bb945472b7ca0752b083f0a6a649/actions - {"actions":[{"id":"action32","type":"key","parameters":{},"actions":[{"type":"keyDown","value":"î€‡"},{"type":"pause","duration":10},{"type":"keyUp","value":"î€‡"}]}]}
RESULT: {"actions":[{"id":"action32","type":"key","parameters":{},"actions":[{"type":"keyDown","value":"î€‡"},{"type":"pause","duration":10},{"type":"keyUp","value":"î€‡"}]}]}
COMMAND: POST /session/ff12bb945472b7ca0752b083f0a6a649/execute/async - {"script":"<script> [1562 bytes]","args":[{"selector":{"id":"application-manageconditionprice-display-component---newCondition--condBaseQty","interaction":{"idSuffix":"inner"}},"wdio_ui5_key":"applicationmanageconditionprice-display-component---newCondition--condBaseQty"}]}
COMMAND: GET /session/ff12bb945472b7ca0752b083f0a6a649/screenshot - {}
RESULT: {"script":"<script> [1562 bytes]","args":[{"selector":{"id":"application-manageconditionprice-display-component---newCondition--condBaseQty","interaction":{"idSuffix":"inner"}},"wdio_ui5_key":"applicationmanageconditionprice-display-component---newCondition--condBaseQty"}]}
RESULT: undefined
COMMAND: POST /session/ff12bb945472b7ca0752b083f0a6a649/execute/async - {"script":"<script> [776 bytes]","args":[{"enterText":"1","selector":{"id":"application-manageconditionprice-display-component---newCondition--condBaseQty","interaction":{"idSuffix":"inner"}},"clearTextFirst":true,"interactionType":"ENTER_TEXT"}]}
RESULT: {}
RESULT: {"script":"<script> [776 bytes]","args":[{"enterText":"1","selector":{"id":"application-manageconditionprice-display-component---newCondition--condBaseQty","interaction":{"idSuffix":"inner"}},"clearTextFirst":true,"interactionType":"ENTER_TEXT"}]}
COMMAND: POST /session/ff12bb945472b7ca0752b083f0a6a649/execute/async - {"script":"<script> [1562 bytes]","args":[{"selector":{"id":"application-manageconditionprice-display-component---newCondition--condValue","interaction":{"idSuffix":"inner"}},"wdio_ui5_key":"applicationmanageconditionprice-display-component---newCondition--condValue"}]}
RESULT: {"script":"<script> [1562 bytes]","args":[{"selector":{"id":"application-manageconditionprice-display-component---newCondition--condValue","interaction":{"idSuffix":"inner"}},"wdio_ui5_key":"applicationmanageconditionprice-display-component---newCondition--condValue"}]}
RESULT: undefined
COMMAND: POST /session/ff12bb945472b7ca0752b083f0a6a649/execute/async - {"script":"<script> [776 bytes]","args":[{"enterText":"100","selector":{"id":"application-manageconditionprice-display-component---newCondition--condValue","interaction":{"idSuffix":"inner"}},"clearTextFirst":true,"interactionType":"ENTER_TEXT"}]}
RESULT: {"script":"<script> [776 bytes]","args":[{"enterText":"100","selector":{"id":"application-manageconditionprice-display-component---newCondition--condValue","interaction":{"idSuffix":"inner"}},"clearTextFirst":true,"interactionType":"ENTER_TEXT"}]}
COMMAND: POST /session/ff12bb945472b7ca0752b083f0a6a649/execute/async - {"script":"<script> [1562 bytes]","args":[{"selector":{"id":"application-manageconditionprice-display-component---newCondition--condCurr-arrow"},"wdio_ui5_key":"applicationmanageconditionprice-display-component---newCondition--condCurr-arrow"}]}
RESULT: {"script":"<script> [1562 bytes]","args":[{"selector":{"id":"application-manageconditionprice-display-component---newCondition--condCurr-arrow"},"wdio_ui5_key":"applicationmanageconditionprice-display-component---newCondition--condCurr-arrow"}]}
RESULT: undefined
COMMAND: POST /session/ff12bb945472b7ca0752b083f0a6a649/element - {"using":"xpath","value":"//*[@id=\"application-manageconditionprice-display-component---newCondition--condCurr-arrow\"]"}
RESULT: {"using":"xpath","value":"//*[@id=\"application-manageconditionprice-display-component---newCondition--condCurr-arrow\"]"}
COMMAND: POST /session/ff12bb945472b7ca0752b083f0a6a649/element/f.83A52D51DE7EE447A745C47B9BBA803D.d.EC9F30B1070AD9932BFD215B3A978266.e.8722/click - {}
RESULT: {}
COMMAND: POST /session/ff12bb945472b7ca0752b083f0a6a649/element - {"using":"xpath","value":"//span[contains(text(), \"Euro\")]"}
COMMAND: GET /session/ff12bb945472b7ca0752b083f0a6a649/screenshot - {}
RESULT: {"using":"xpath","value":"//span[contains(text(), \"Euro\")]"}
COMMAND: POST /session/ff12bb945472b7ca0752b083f0a6a649/element/f.83A52D51DE7EE447A745C47B9BBA803D.d.EC9F30B1070AD9932BFD215B3A978266.e.8792/click - {}
RESULT: {}
RESULT: {}
COMMAND: POST /session/ff12bb945472b7ca0752b083f0a6a649/element - {"using":"xpath","value":"//button[@data-kt=\"saveButton\"]"}
COMMAND: GET /session/ff12bb945472b7ca0752b083f0a6a649/screenshot - {}
RESULT: {"using":"xpath","value":"//button[@data-kt=\"saveButton\"]"}
COMMAND: POST /session/ff12bb945472b7ca0752b083f0a6a649/element/f.83A52D51DE7EE447A745C47B9BBA803D.d.EC9F30B1070AD9932BFD215B3A978266.e.8723/click - {}
RESULT: {}
RESULT: {}
COMMAND: GET /session/ff12bb945472b7ca0752b083f0a6a649/screenshot - {}
RESULT: {}
COMMAND: POST /session/ff12bb945472b7ca0752b083f0a6a649/execute/async - {"script":"<script> [1562 bytes]","args":[{"selector":{"id":"application-manageconditionprice-display-component---conditions--smartFilterBar-btnBasicSearch","interaction":{"idSuffix":"I"}},"wdio_ui5_key":"applicationmanageconditionprice-display-component---conditions--smartFilterBar-btnBasicSearch"}]}
RESULT: {"script":"<script> [1562 bytes]","args":[{"selector":{"id":"application-manageconditionprice-display-component---conditions--smartFilterBar-btnBasicSearch","interaction":{"idSuffix":"I"}},"wdio_ui5_key":"applicationmanageconditionprice-display-component---conditions--smartFilterBar-btnBasicSearch"}]}
RESULT: undefined
COMMAND: POST /session/ff12bb945472b7ca0752b083f0a6a649/execute/async - {"script":"<script> [776 bytes]","args":[{"enterText":"VknaIVQAEL","selector":{"id":"application-manageconditionprice-display-component---conditions--smartFilterBar-btnBasicSearch","interaction":{"idSuffix":"I"}},"clearTextFirst":true,"interactionType":"ENTER_TEXT"}]}
RESULT: {"script":"<script> [776 bytes]","args":[{"enterText":"VknaIVQAEL","selector":{"id":"application-manageconditionprice-display-component---conditions--smartFilterBar-btnBasicSearch","interaction":{"idSuffix":"I"}},"clearTextFirst":true,"interactionType":"ENTER_TEXT"}]}
COMMAND: POST /session/ff12bb945472b7ca0752b083f0a6a649/actions - {"actions":[{"id":"action33","type":"key","parameters":{},"actions":[{"type":"keyDown","value":"î€‡"},{"type":"pause","duration":10},{"type":"keyUp","value":"î€‡"}]}]}
RESULT: {"actions":[{"id":"action33","type":"key","parameters":{},"actions":[{"type":"keyDown","value":"î€‡"},{"type":"pause","duration":10},{"type":"keyUp","value":"î€‡"}]}]}
COMMAND: GET /session/ff12bb945472b7ca0752b083f0a6a649/screenshot - {}
RESULT: {}
COMMAND: POST /session/ff12bb945472b7ca0752b083f0a6a649/execute/async - {"script":"<script> [1562 bytes]","args":[{"selector":{"id":"application-manageconditionprice-display-component---conditions--smartFilterBar-filterItemControl_BASIC-BILL_TYPES-vhi"},"wdio_ui5_key":"applicationmanageconditionprice-display-component---conditions--smartFilterBar-filterItemControl_BASIC-BILL_TYPES-vhi"}]}
RESULT: {"script":"<script> [1562 bytes]","args":[{"selector":{"id":"application-manageconditionprice-display-component---conditions--smartFilterBar-filterItemControl_BASIC-BILL_TYPES-vhi"},"wdio_ui5_key":"applicationmanageconditionprice-display-component---conditions--smartFilterBar-filterItemControl_BASIC-BILL_TYPES-vhi"}]}
RESULT: undefined
COMMAND: POST /session/ff12bb945472b7ca0752b083f0a6a649/element - {"using":"xpath","value":"//*[@id=\"application-manageconditionprice-display-component---conditions--smartFilterBar-filterItemControl_BASIC-BILL_TYPES-vhi\"]"}
RESULT: {"using":"xpath","value":"//*[@id=\"application-manageconditionprice-display-component---conditions--smartFilterBar-filterItemControl_BASIC-BILL_TYPES-vhi\"]"}
COMMAND: POST /session/ff12bb945472b7ca0752b083f0a6a649/element/f.83A52D51DE7EE447A745C47B9BBA803D.d.EC9F30B1070AD9932BFD215B3A978266.e.8899/click - {}
RESULT: {}
COMMAND: POST /session/ff12bb945472b7ca0752b083f0a6a649/execute/async - {"script":"<script> [1562 bytes]","args":[{"selector":{"id":"application-manageconditionprice-display-component---conditions--smartFilterBar-filterItemControl_BASIC-BILL_TYPES-valueHelpDialog-smartFilterBar-btnBasicSearch","searchOpenDialogs":true,"interaction":{"idSuffix":"I"}},"wdio_ui5_key":"applicationmanageconditionprice-display-component---conditions--smartFilterBar-filterItemControl_BASIC-BILL_TYPES-valueHelpDialog-smartFilterBar-btnBasicSearch"}]}
COMMAND: GET /session/ff12bb945472b7ca0752b083f0a6a649/screenshot - {}
RESULT: {"script":"<script> [1562 bytes]","args":[{"selector":{"id":"application-manageconditionprice-display-component---conditions--smartFilterBar-filterItemControl_BASIC-BILL_TYPES-valueHelpDialog-smartFilterBar-btnBasicSearch","searchOpenDialogs":true,"interaction":{"idSuffix":"I"}},"wdio_ui5_key":"applicationmanageconditionprice-display-component---conditions--smartFilterBar-filterItemControl_BASIC-BILL_TYPES-valueHelpDialog-smartFilterBar-btnBasicSearch"}]}
RESULT: undefined
COMMAND: POST /session/ff12bb945472b7ca0752b083f0a6a649/execute/async - {"script":"<script> [776 bytes]","args":[{"enterText":"TB","selector":{"id":"application-manageconditionprice-display-component---conditions--smartFilterBar-filterItemControl_BASIC-BILL_TYPES-valueHelpDialog-smartFilterBar-btnBasicSearch","searchOpenDialogs":true,"interaction":{"idSuffix":"I"}},"clearTextFirst":true,"interactionType":"ENTER_TEXT"}]}
RESULT: {}
RESULT: {"script":"<script> [776 bytes]","args":[{"enterText":"TB","selector":{"id":"application-manageconditionprice-display-component---conditions--smartFilterBar-filterItemControl_BASIC-BILL_TYPES-valueHelpDialog-smartFilterBar-btnBasicSearch","searchOpenDialogs":true,"interaction":{"idSuffix":"I"}},"clearTextFirst":true,"interactionType":"ENTER_TEXT"}]}
COMMAND: POST /session/ff12bb945472b7ca0752b083f0a6a649/actions - {"actions":[{"id":"action34","type":"key","parameters":{},"actions":[{"type":"keyDown","value":"î€‡"},{"type":"pause","duration":10},{"type":"keyUp","value":"î€‡"}]}]}
RESULT: {"actions":[{"id":"action34","type":"key","parameters":{},"actions":[{"type":"keyDown","value":"î€‡"},{"type":"pause","duration":10},{"type":"keyUp","value":"î€‡"}]}]}
COMMAND: GET /session/ff12bb945472b7ca0752b083f0a6a649/screenshot - {}
RESULT: {}
COMMAND: POST /session/ff12bb945472b7ca0752b083f0a6a649/element - {"using":"xpath","value":"//div[contains(@id, 'application-manageconditionprice-display-component---conditions--smartFilterBar-filterItemControl_BASIC-BILL_TYPES-valueHelpDialog-table-rowsel0')]"}
RESULT: {"using":"xpath","value":"//div[contains(@id, 'application-manageconditionprice-display-component---conditions--smartFilterBar-filterItemControl_BASIC-BILL_TYPES-valueHelpDialog-table-rowsel0')]"}
COMMAND: POST /session/ff12bb945472b7ca0752b083f0a6a649/element/f.83A52D51DE7EE447A745C47B9BBA803D.d.EC9F30B1070AD9932BFD215B3A978266.e.8908/click - {}
RESULT: {}
COMMAND: GET /session/ff12bb945472b7ca0752b083f0a6a649/screenshot - {}
RESULT: {}
COMMAND: POST /session/ff12bb945472b7ca0752b083f0a6a649/element - {"using":"xpath","value":"//bdi[contains(text(), \"OK\")]"}
RESULT: {"using":"xpath","value":"//bdi[contains(text(), \"OK\")]"}
COMMAND: POST /session/ff12bb945472b7ca0752b083f0a6a649/element/f.83A52D51DE7EE447A745C47B9BBA803D.d.EC9F30B1070AD9932BFD215B3A978266.e.8910/click - {}
RESULT: {}
COMMAND: GET /session/ff12bb945472b7ca0752b083f0a6a649/screenshot - {}
RESULT: {}
COMMAND: POST /session/ff12bb945472b7ca0752b083f0a6a649/element - {"using":"xpath","value":"//span[@id=\"application-manageconditionprice-display-component---conditions--smartTable-header-inner\"]"}
RESULT: {"using":"xpath","value":"//span[@id=\"application-manageconditionprice-display-component---conditions--smartTable-header-inner\"]"}
COMMAND: POST /session/ff12bb945472b7ca0752b083f0a6a649/elements - {"using":"xpath","value":"//span[@id=\"application-manageconditionprice-display-component---conditions--smartTable-header-inner\"]"}
RESULT: {"using":"xpath","value":"//span[@id=\"application-manageconditionprice-display-component---conditions--smartTable-header-inner\"]"}
COMMAND: POST /session/ff12bb945472b7ca0752b083f0a6a649/execute/sync - {"script":"<script> [56 bytes]","args":[{"element-6066-11e4-a52e-4f735466cecf":"f.83A52D51DE7EE447A745C47B9BBA803D.d.EC9F30B1070AD9932BFD215B3A978266.e.8913","ELEMENT":"f.83A52D51DE7EE447A745C47B9BBA803D.d.EC9F30B1070AD9932BFD215B3A978266.e.8913"}]}
RESULT: {"script":"<script> [56 bytes]","args":[{"element-6066-11e4-a52e-4f735466cecf":"f.83A52D51DE7EE447A745C47B9BBA803D.d.EC9F30B1070AD9932BFD215B3A978266.e.8913","ELEMENT":"f.83A52D51DE7EE447A745C47B9BBA803D.d.EC9F30B1070AD9932BFD215B3A978266.e.8913"}]}
COMMAND: POST /session/ff12bb945472b7ca0752b083f0a6a649/element - {"using":"css selector","value":"#shell-header-logo"}
COMMAND: GET /session/ff12bb945472b7ca0752b083f0a6a649/screenshot - {}
RESULT: {"using":"css selector","value":"#shell-header-logo"}
COMMAND: POST /session/ff12bb945472b7ca0752b083f0a6a649/element/f.83A52D51DE7EE447A745C47B9BBA803D.d.EC9F30B1070AD9932BFD215B3A978266.e.8545/click - {}
RESULT: {}
RESULT: {}
COMMAND: GET /session/ff12bb945472b7ca0752b083f0a6a649/screenshot - {}
RESULT: {}
]]></system-out>
    </testcase>
    <testcase classname="chrome.136_0_7103_93.windows.Billing_transfer_US117289" name="Should do a stock increase" time="101.139">
      <system-out><![CDATA[
COMMAND: POST /session/ff12bb945472b7ca0752b083f0a6a649/execute/async - {"script":"<script> [1562 bytes]","args":[{"selector":{"controlType":"sap.m.GenericTile","properties":{"header":"Manage Handovers"}},"wdio_ui5_key":"sapm.GenericTile{\"header\":\"Manage Handovers\"}"}]}
RESULT: {"script":"<script> [1562 bytes]","args":[{"selector":{"controlType":"sap.m.GenericTile","properties":{"header":"Manage Handovers"}},"wdio_ui5_key":"sapm.GenericTile{\"header\":\"Manage Handovers\"}"}]}
RESULT: undefined
COMMAND: POST /session/ff12bb945472b7ca0752b083f0a6a649/element - {"using":"xpath","value":"//*[@id=\"__tile132\"]"}
RESULT: {"using":"xpath","value":"//*[@id=\"__tile132\"]"}
COMMAND: POST /session/ff12bb945472b7ca0752b083f0a6a649/element/f.83A52D51DE7EE447A745C47B9BBA803D.d.EC9F30B1070AD9932BFD215B3A978266.e.7647/click - {}
RESULT: {}
COMMAND: GET /session/ff12bb945472b7ca0752b083f0a6a649/screenshot - {}
RESULT: {}
COMMAND: POST /session/ff12bb945472b7ca0752b083f0a6a649/elements - {"using":"xpath","value":"//span[text()='Error']"}
RESULT: {"using":"xpath","value":"//span[text()='Error']"}
COMMAND: POST /session/ff12bb945472b7ca0752b083f0a6a649/element - {"using":"xpath","value":"//button[@data-kt=\"masterHOAddButton\"]"}
RESULT: {"using":"xpath","value":"//button[@data-kt=\"masterHOAddButton\"]"}
COMMAND: POST /session/ff12bb945472b7ca0752b083f0a6a649/elements - {"using":"xpath","value":"//button[@data-kt=\"masterHOAddButton\"]"}
RESULT: {"using":"xpath","value":"//button[@data-kt=\"masterHOAddButton\"]"}
COMMAND: POST /session/ff12bb945472b7ca0752b083f0a6a649/execute/sync - {"script":"<script> [8489 bytes]","args":[{"element-6066-11e4-a52e-4f735466cecf":"f.83A52D51DE7EE447A745C47B9BBA803D.d.EC9F30B1070AD9932BFD215B3A978266.e.8958","ELEMENT":"f.83A52D51DE7EE447A745C47B9BBA803D.d.EC9F30B1070AD9932BFD215B3A978266.e.8958"}]}
RESULT: {"script":"<script> [8489 bytes]","args":[{"element-6066-11e4-a52e-4f735466cecf":"f.83A52D51DE7EE447A745C47B9BBA803D.d.EC9F30B1070AD9932BFD215B3A978266.e.8958","ELEMENT":"f.83A52D51DE7EE447A745C47B9BBA803D.d.EC9F30B1070AD9932BFD215B3A978266.e.8958"}]}
COMMAND: GET /session/ff12bb945472b7ca0752b083f0a6a649/element/f.83A52D51DE7EE447A745C47B9BBA803D.d.EC9F30B1070AD9932BFD215B3A978266.e.8958/enabled - {}
COMMAND: GET /session/ff12bb945472b7ca0752b083f0a6a649/screenshot - {}
RESULT: {}
COMMAND: POST /session/ff12bb945472b7ca0752b083f0a6a649/execute/sync - {"script":"<script> [8489 bytes]","args":[{"element-6066-11e4-a52e-4f735466cecf":"f.83A52D51DE7EE447A745C47B9BBA803D.d.EC9F30B1070AD9932BFD215B3A978266.e.8958","ELEMENT":"f.83A52D51DE7EE447A745C47B9BBA803D.d.EC9F30B1070AD9932BFD215B3A978266.e.8958"}]}
COMMAND: GET /session/ff12bb945472b7ca0752b083f0a6a649/screenshot - {}
RESULT: {}
RESULT: {"script":"<script> [8489 bytes]","args":[{"element-6066-11e4-a52e-4f735466cecf":"f.83A52D51DE7EE447A745C47B9BBA803D.d.EC9F30B1070AD9932BFD215B3A978266.e.8958","ELEMENT":"f.83A52D51DE7EE447A745C47B9BBA803D.d.EC9F30B1070AD9932BFD215B3A978266.e.8958"}]}
COMMAND: POST /session/ff12bb945472b7ca0752b083f0a6a649/execute/sync - {"script":"<script> [5351 bytes]","args":[{"element-6066-11e4-a52e-4f735466cecf":"f.83A52D51DE7EE447A745C47B9BBA803D.d.EC9F30B1070AD9932BFD215B3A978266.e.8958","ELEMENT":"f.83A52D51DE7EE447A745C47B9BBA803D.d.EC9F30B1070AD9932BFD215B3A978266.e.8958"}]}
COMMAND: GET /session/ff12bb945472b7ca0752b083f0a6a649/screenshot - {}
RESULT: {}
RESULT: {"script":"<script> [5351 bytes]","args":[{"element-6066-11e4-a52e-4f735466cecf":"f.83A52D51DE7EE447A745C47B9BBA803D.d.EC9F30B1070AD9932BFD215B3A978266.e.8958","ELEMENT":"f.83A52D51DE7EE447A745C47B9BBA803D.d.EC9F30B1070AD9932BFD215B3A978266.e.8958"}]}
COMMAND: POST /session/ff12bb945472b7ca0752b083f0a6a649/element/f.83A52D51DE7EE447A745C47B9BBA803D.d.EC9F30B1070AD9932BFD215B3A978266.e.8958/click - {}
COMMAND: GET /session/ff12bb945472b7ca0752b083f0a6a649/screenshot - {}
RESULT: {}
RESULT: {}
COMMAND: GET /session/ff12bb945472b7ca0752b083f0a6a649/screenshot - {}
COMMAND: POST /session/ff12bb945472b7ca0752b083f0a6a649/element - {"using":"xpath","value":"//span[contains(@id ,\"AddNewHO--typeSelect-arrow\")]"}
RESULT: {}
RESULT: {}
RESULT: {"using":"xpath","value":"//span[contains(@id ,\"AddNewHO--typeSelect-arrow\")]"}
COMMAND: POST /session/ff12bb945472b7ca0752b083f0a6a649/element/f.83A52D51DE7EE447A745C47B9BBA803D.d.EC9F30B1070AD9932BFD215B3A978266.e.9310/click - {}
RESULT: {}
COMMAND: GET /session/ff12bb945472b7ca0752b083f0a6a649/screenshot - {}
RESULT: {}
COMMAND: POST /session/ff12bb945472b7ca0752b083f0a6a649/element - {"using":"xpath","value":"(//li[contains(text(), \"stock increase yard\")])[1]"}
RESULT: {"using":"xpath","value":"(//li[contains(text(), \"stock increase yard\")])[1]"}
COMMAND: POST /session/ff12bb945472b7ca0752b083f0a6a649/element/f.83A52D51DE7EE447A745C47B9BBA803D.d.EC9F30B1070AD9932BFD215B3A978266.e.9311/click - {}
RESULT: {}
COMMAND: GET /session/ff12bb945472b7ca0752b083f0a6a649/screenshot - {}
RESULT: {}
COMMAND: POST /session/ff12bb945472b7ca0752b083f0a6a649/execute/async - {"script":"<script> [1562 bytes]","args":[{"selector":{"id":"application-managehandovers-display-component---AddNewHO--dueDate","interaction":{"idSuffix":"inner"}},"wdio_ui5_key":"applicationmanagehandovers-display-component---AddNewHO--dueDate"}]}
RESULT: {"script":"<script> [1562 bytes]","args":[{"selector":{"id":"application-managehandovers-display-component---AddNewHO--dueDate","interaction":{"idSuffix":"inner"}},"wdio_ui5_key":"applicationmanagehandovers-display-component---AddNewHO--dueDate"}]}
RESULT: undefined
COMMAND: POST /session/ff12bb945472b7ca0752b083f0a6a649/execute/async - {"script":"<script> [6424 bytes]","args":[{"element-6066-11e4-a52e-4f735466cecf":"f.83A52D51DE7EE447A745C47B9BBA803D.d.EC9F30B1070AD9932BFD215B3A978266.e.9313"},"setValue",["5/19/25"]]}
RESULT: {"script":"<script> [6424 bytes]","args":[{"element-6066-11e4-a52e-4f735466cecf":"f.83A52D51DE7EE447A745C47B9BBA803D.d.EC9F30B1070AD9932BFD215B3A978266.e.9313"},"setValue",["5/19/25"]]}
COMMAND: POST /session/ff12bb945472b7ca0752b083f0a6a649/element - {"using":"xpath","value":"//input[@id=\"generalSectionFrg--receiveYard-inner\"]"}
RESULT: {"using":"xpath","value":"//input[@id=\"generalSectionFrg--receiveYard-inner\"]"}
COMMAND: POST /session/ff12bb945472b7ca0752b083f0a6a649/element/f.83A52D51DE7EE447A745C47B9BBA803D.d.EC9F30B1070AD9932BFD215B3A978266.e.9317/clear - {}
RESULT: {}
COMMAND: POST /session/ff12bb945472b7ca0752b083f0a6a649/element/f.83A52D51DE7EE447A745C47B9BBA803D.d.EC9F30B1070AD9932BFD215B3A978266.e.9317/value - {"text":"567"}
COMMAND: GET /session/ff12bb945472b7ca0752b083f0a6a649/screenshot - {}
RESULT: {"text":"567"}
COMMAND: GET /session/ff12bb945472b7ca0752b083f0a6a649/screenshot - {}
RESULT: {}
RESULT: {}
COMMAND: POST /session/ff12bb945472b7ca0752b083f0a6a649/element - {"using":"xpath","value":"//li[.//span[text()='567']]"}
RESULT: {"using":"xpath","value":"//li[.//span[text()='567']]"}
COMMAND: POST /session/ff12bb945472b7ca0752b083f0a6a649/element/f.83A52D51DE7EE447A745C47B9BBA803D.d.EC9F30B1070AD9932BFD215B3A978266.e.9335/click - {}
RESULT: {}
COMMAND: GET /session/ff12bb945472b7ca0752b083f0a6a649/screenshot - {}
RESULT: {}
COMMAND: POST /session/ff12bb945472b7ca0752b083f0a6a649/execute/async - {"script":"<script> [1562 bytes]","args":[{"selector":{"id":"application-managehandovers-display-component---AddNewHO--ObjectPageLayout-anchBar-application-managehandovers-display-component---AddNewHO--section4-anchor","interaction":{"idSuffix":"BDI-content"}},"wdio_ui5_key":"applicationmanagehandovers-display-component---AddNewHO--ObjectPageLayout-anchBar-application-managehandovers-display-component---AddNewHO--section4-anchor"}]}
RESULT: {"script":"<script> [1562 bytes]","args":[{"selector":{"id":"application-managehandovers-display-component---AddNewHO--ObjectPageLayout-anchBar-application-managehandovers-display-component---AddNewHO--section4-anchor","interaction":{"idSuffix":"BDI-content"}},"wdio_ui5_key":"applicationmanagehandovers-display-component---AddNewHO--ObjectPageLayout-anchBar-application-managehandovers-display-component---AddNewHO--section4-anchor"}]}
RESULT: undefined
COMMAND: POST /session/ff12bb945472b7ca0752b083f0a6a649/element - {"using":"xpath","value":"//*[@id=\"application-managehandovers-display-component---AddNewHO--ObjectPageLayout-anchBar-application-managehandovers-display-component---AddNewHO--section4-anchor\"]"}
RESULT: {"using":"xpath","value":"//*[@id=\"application-managehandovers-display-component---AddNewHO--ObjectPageLayout-anchBar-application-managehandovers-display-component---AddNewHO--section4-anchor\"]"}
COMMAND: POST /session/ff12bb945472b7ca0752b083f0a6a649/element/f.83A52D51DE7EE447A745C47B9BBA803D.d.EC9F30B1070AD9932BFD215B3A978266.e.9337/click - {}
RESULT: {}
COMMAND: POST /session/ff12bb945472b7ca0752b083f0a6a649/element - {"using":"xpath","value":"//button[@aria-label=\"Add\"]"}
COMMAND: GET /session/ff12bb945472b7ca0752b083f0a6a649/screenshot - {}
RESULT: {"using":"xpath","value":"//button[@aria-label=\"Add\"]"}
COMMAND: POST /session/ff12bb945472b7ca0752b083f0a6a649/element/f.83A52D51DE7EE447A745C47B9BBA803D.d.EC9F30B1070AD9932BFD215B3A978266.e.9339/click - {}
RESULT: {}
RESULT: {}
COMMAND: GET /session/ff12bb945472b7ca0752b083f0a6a649/screenshot - {}
RESULT: {}
COMMAND: POST /session/ff12bb945472b7ca0752b083f0a6a649/execute/async - {"script":"<script> [1562 bytes]","args":[{"selector":{"id":"application-managehandovers-display-component---AddNewHO--smartFilterBar-btnBasicSearch","searchOpenDialogs":true,"interaction":{"idSuffix":"I"}},"wdio_ui5_key":"applicationmanagehandovers-display-component---AddNewHO--smartFilterBar-btnBasicSearch"}]}
RESULT: {"script":"<script> [1562 bytes]","args":[{"selector":{"id":"application-managehandovers-display-component---AddNewHO--smartFilterBar-btnBasicSearch","searchOpenDialogs":true,"interaction":{"idSuffix":"I"}},"wdio_ui5_key":"applicationmanagehandovers-display-component---AddNewHO--smartFilterBar-btnBasicSearch"}]}
RESULT: undefined
COMMAND: POST /session/ff12bb945472b7ca0752b083f0a6a649/execute/async - {"script":"<script> [776 bytes]","args":[{"enterText":"VknaIVQAEL","selector":{"id":"application-managehandovers-display-component---AddNewHO--smartFilterBar-btnBasicSearch","searchOpenDialogs":true,"interaction":{"idSuffix":"I"}},"clearTextFirst":true,"interactionType":"ENTER_TEXT"}]}
RESULT: {"script":"<script> [776 bytes]","args":[{"enterText":"VknaIVQAEL","selector":{"id":"application-managehandovers-display-component---AddNewHO--smartFilterBar-btnBasicSearch","searchOpenDialogs":true,"interaction":{"idSuffix":"I"}},"clearTextFirst":true,"interactionType":"ENTER_TEXT"}]}
COMMAND: POST /session/ff12bb945472b7ca0752b083f0a6a649/actions - {"actions":[{"id":"action35","type":"key","parameters":{},"actions":[{"type":"keyDown","value":"î€‡"},{"type":"pause","duration":10},{"type":"keyUp","value":"î€‡"}]}]}
RESULT: {"actions":[{"id":"action35","type":"key","parameters":{},"actions":[{"type":"keyDown","value":"î€‡"},{"type":"pause","duration":10},{"type":"keyUp","value":"î€‡"}]}]}
COMMAND: GET /session/ff12bb945472b7ca0752b083f0a6a649/screenshot - {}
RESULT: {}
COMMAND: POST /session/ff12bb945472b7ca0752b083f0a6a649/execute/async - {"script":"<script> [1562 bytes]","args":[{"selector":{"id":"application-managehandovers-display-component---AddNewHO--popup-sa","searchOpenDialogs":true,"interaction":{"idSuffix":"CbBg"}},"wdio_ui5_key":"applicationmanagehandovers-display-component---AddNewHO--popup-sa"}]}
RESULT: {"script":"<script> [1562 bytes]","args":[{"selector":{"id":"application-managehandovers-display-component---AddNewHO--popup-sa","searchOpenDialogs":true,"interaction":{"idSuffix":"CbBg"}},"wdio_ui5_key":"applicationmanagehandovers-display-component---AddNewHO--popup-sa"}]}
RESULT: undefined
COMMAND: POST /session/ff12bb945472b7ca0752b083f0a6a649/element - {"using":"xpath","value":"//*[@id=\"application-managehandovers-display-component---AddNewHO--popup-sa\"]"}
RESULT: {"using":"xpath","value":"//*[@id=\"application-managehandovers-display-component---AddNewHO--popup-sa\"]"}
COMMAND: POST /session/ff12bb945472b7ca0752b083f0a6a649/element/f.83A52D51DE7EE447A745C47B9BBA803D.d.EC9F30B1070AD9932BFD215B3A978266.e.9493/click - {}
RESULT: {}
COMMAND: GET /session/ff12bb945472b7ca0752b083f0a6a649/screenshot - {}
RESULT: {}
COMMAND: POST /session/ff12bb945472b7ca0752b083f0a6a649/element - {"using":"xpath","value":"//bdi[contains(text(), \"Select\")]"}
RESULT: {"using":"xpath","value":"//bdi[contains(text(), \"Select\")]"}
COMMAND: POST /session/ff12bb945472b7ca0752b083f0a6a649/element/f.83A52D51DE7EE447A745C47B9BBA803D.d.EC9F30B1070AD9932BFD215B3A978266.e.9494/click - {}
RESULT: {}
COMMAND: GET /session/ff12bb945472b7ca0752b083f0a6a649/screenshot - {}
RESULT: {}
COMMAND: POST /session/ff12bb945472b7ca0752b083f0a6a649/element - {"using":"xpath","value":"//button[@data-kt=\"AddNewHOSaveButton\"]"}
RESULT: {"using":"xpath","value":"//button[@data-kt=\"AddNewHOSaveButton\"]"}
COMMAND: POST /session/ff12bb945472b7ca0752b083f0a6a649/element/f.83A52D51DE7EE447A745C47B9BBA803D.d.EC9F30B1070AD9932BFD215B3A978266.e.9498/click - {}
RESULT: {}
COMMAND: GET /session/ff12bb945472b7ca0752b083f0a6a649/screenshot - {}
RESULT: {}
COMMAND: POST /session/ff12bb945472b7ca0752b083f0a6a649/execute/async - {"script":"<script> [1562 bytes]","args":[{"selector":{"id":"receiptDatePicker","viewName":"etm.portal.ui.managehandovers.view.DetailExecuteHO","interaction":{"idSuffix":"inner"}},"wdio_ui5_key":"receiptDatePickeretmportal.ui.managehandovers.view.DetailExecuteHO"}]}
RESULT: {"script":"<script> [1562 bytes]","args":[{"selector":{"id":"receiptDatePicker","viewName":"etm.portal.ui.managehandovers.view.DetailExecuteHO","interaction":{"idSuffix":"inner"}},"wdio_ui5_key":"receiptDatePickeretmportal.ui.managehandovers.view.DetailExecuteHO"}]}
RESULT: undefined
COMMAND: POST /session/ff12bb945472b7ca0752b083f0a6a649/execute/async - {"script":"<script> [6424 bytes]","args":[{"element-6066-11e4-a52e-4f735466cecf":"f.83A52D51DE7EE447A745C47B9BBA803D.d.EC9F30B1070AD9932BFD215B3A978266.e.9519"},"setValue",["5/19/25"]]}
RESULT: {"script":"<script> [6424 bytes]","args":[{"element-6066-11e4-a52e-4f735466cecf":"f.83A52D51DE7EE447A745C47B9BBA803D.d.EC9F30B1070AD9932BFD215B3A978266.e.9519"},"setValue",["5/19/25"]]}
COMMAND: POST /session/ff12bb945472b7ca0752b083f0a6a649/element - {"using":"xpath","value":"//button[@data-kt=\"PickingTableConfirmAllButton\"]"}
RESULT: {"using":"xpath","value":"//button[@data-kt=\"PickingTableConfirmAllButton\"]"}
COMMAND: POST /session/ff12bb945472b7ca0752b083f0a6a649/element/f.83A52D51DE7EE447A745C47B9BBA803D.d.EC9F30B1070AD9932BFD215B3A978266.e.9534/click - {}
RESULT: {}
COMMAND: GET /session/ff12bb945472b7ca0752b083f0a6a649/screenshot - {}
RESULT: {}
COMMAND: POST /session/ff12bb945472b7ca0752b083f0a6a649/element - {"using":"xpath","value":"//bdi[contains(text(), \"OK\")]"}
RESULT: {"using":"xpath","value":"//bdi[contains(text(), \"OK\")]"}
COMMAND: POST /session/ff12bb945472b7ca0752b083f0a6a649/element/f.83A52D51DE7EE447A745C47B9BBA803D.d.EC9F30B1070AD9932BFD215B3A978266.e.9536/click - {}
RESULT: {}
COMMAND: GET /session/ff12bb945472b7ca0752b083f0a6a649/screenshot - {}
RESULT: {}
COMMAND: POST /session/ff12bb945472b7ca0752b083f0a6a649/element - {"using":"xpath","value":"(//bdi[contains(text(), \"Receive\")])[2]"}
RESULT: {"using":"xpath","value":"(//bdi[contains(text(), \"Receive\")])[2]"}
COMMAND: POST /session/ff12bb945472b7ca0752b083f0a6a649/element/f.83A52D51DE7EE447A745C47B9BBA803D.d.EC9F30B1070AD9932BFD215B3A978266.e.9538/click - {}
RESULT: {}
COMMAND: GET /session/ff12bb945472b7ca0752b083f0a6a649/screenshot - {}
RESULT: {}
COMMAND: POST /session/ff12bb945472b7ca0752b083f0a6a649/element - {"using":"css selector","value":"#shell-header-logo"}
RESULT: {"using":"css selector","value":"#shell-header-logo"}
COMMAND: POST /session/ff12bb945472b7ca0752b083f0a6a649/element/f.83A52D51DE7EE447A745C47B9BBA803D.d.EC9F30B1070AD9932BFD215B3A978266.e.8919/click - {}
RESULT: {}
COMMAND: GET /session/ff12bb945472b7ca0752b083f0a6a649/screenshot - {}
RESULT: {}
]]></system-out>
    </testcase>
    <testcase classname="chrome.136_0_7103_93.windows.Billing_transfer_US117289" name="Should create a new contract" time="66.706">
      <system-out><![CDATA[
COMMAND: POST /session/ff12bb945472b7ca0752b083f0a6a649/execute/async - {"script":"<script> [1562 bytes]","args":[{"selector":{"controlType":"sap.m.GenericTile","properties":{"header":"Manage Contracts"}},"wdio_ui5_key":"sapm.GenericTile{\"header\":\"Manage Contracts\"}"}]}
RESULT: {"script":"<script> [1562 bytes]","args":[{"selector":{"controlType":"sap.m.GenericTile","properties":{"header":"Manage Contracts"}},"wdio_ui5_key":"sapm.GenericTile{\"header\":\"Manage Contracts\"}"}]}
RESULT: undefined
COMMAND: POST /session/ff12bb945472b7ca0752b083f0a6a649/element - {"using":"xpath","value":"//*[@id=\"__tile130\"]"}
RESULT: {"using":"xpath","value":"//*[@id=\"__tile130\"]"}
COMMAND: POST /session/ff12bb945472b7ca0752b083f0a6a649/element/f.83A52D51DE7EE447A745C47B9BBA803D.d.EC9F30B1070AD9932BFD215B3A978266.e.7580/click - {}
RESULT: {}
COMMAND: GET /session/ff12bb945472b7ca0752b083f0a6a649/screenshot - {}
RESULT: {}
COMMAND: POST /session/ff12bb945472b7ca0752b083f0a6a649/elements - {"using":"xpath","value":"//span[text()='Error']"}
RESULT: {"using":"xpath","value":"//span[text()='Error']"}
COMMAND: POST /session/ff12bb945472b7ca0752b083f0a6a649/element - {"using":"xpath","value":"//button[@data-kt=\"addButton\"]"}
RESULT: {"using":"xpath","value":"//button[@data-kt=\"addButton\"]"}
COMMAND: POST /session/ff12bb945472b7ca0752b083f0a6a649/elements - {"using":"xpath","value":"//button[@data-kt=\"addButton\"]"}
RESULT: {"using":"xpath","value":"//button[@data-kt=\"addButton\"]"}
COMMAND: POST /session/ff12bb945472b7ca0752b083f0a6a649/execute/sync - {"script":"<script> [8489 bytes]","args":[{"element-6066-11e4-a52e-4f735466cecf":"f.83A52D51DE7EE447A745C47B9BBA803D.d.EC9F30B1070AD9932BFD215B3A978266.e.9758","ELEMENT":"f.83A52D51DE7EE447A745C47B9BBA803D.d.EC9F30B1070AD9932BFD215B3A978266.e.9758"}]}
RESULT: {"script":"<script> [8489 bytes]","args":[{"element-6066-11e4-a52e-4f735466cecf":"f.83A52D51DE7EE447A745C47B9BBA803D.d.EC9F30B1070AD9932BFD215B3A978266.e.9758","ELEMENT":"f.83A52D51DE7EE447A745C47B9BBA803D.d.EC9F30B1070AD9932BFD215B3A978266.e.9758"}]}
COMMAND: GET /session/ff12bb945472b7ca0752b083f0a6a649/element/f.83A52D51DE7EE447A745C47B9BBA803D.d.EC9F30B1070AD9932BFD215B3A978266.e.9758/enabled - {}
COMMAND: GET /session/ff12bb945472b7ca0752b083f0a6a649/screenshot - {}
RESULT: {}
COMMAND: POST /session/ff12bb945472b7ca0752b083f0a6a649/execute/sync - {"script":"<script> [8489 bytes]","args":[{"element-6066-11e4-a52e-4f735466cecf":"f.83A52D51DE7EE447A745C47B9BBA803D.d.EC9F30B1070AD9932BFD215B3A978266.e.9758","ELEMENT":"f.83A52D51DE7EE447A745C47B9BBA803D.d.EC9F30B1070AD9932BFD215B3A978266.e.9758"}]}
COMMAND: GET /session/ff12bb945472b7ca0752b083f0a6a649/screenshot - {}
RESULT: {}
RESULT: {"script":"<script> [8489 bytes]","args":[{"element-6066-11e4-a52e-4f735466cecf":"f.83A52D51DE7EE447A745C47B9BBA803D.d.EC9F30B1070AD9932BFD215B3A978266.e.9758","ELEMENT":"f.83A52D51DE7EE447A745C47B9BBA803D.d.EC9F30B1070AD9932BFD215B3A978266.e.9758"}]}
COMMAND: POST /session/ff12bb945472b7ca0752b083f0a6a649/execute/sync - {"script":"<script> [5351 bytes]","args":[{"element-6066-11e4-a52e-4f735466cecf":"f.83A52D51DE7EE447A745C47B9BBA803D.d.EC9F30B1070AD9932BFD215B3A978266.e.9758","ELEMENT":"f.83A52D51DE7EE447A745C47B9BBA803D.d.EC9F30B1070AD9932BFD215B3A978266.e.9758"}]}
COMMAND: GET /session/ff12bb945472b7ca0752b083f0a6a649/screenshot - {}
RESULT: {}
RESULT: {"script":"<script> [5351 bytes]","args":[{"element-6066-11e4-a52e-4f735466cecf":"f.83A52D51DE7EE447A745C47B9BBA803D.d.EC9F30B1070AD9932BFD215B3A978266.e.9758","ELEMENT":"f.83A52D51DE7EE447A745C47B9BBA803D.d.EC9F30B1070AD9932BFD215B3A978266.e.9758"}]}
COMMAND: GET /session/ff12bb945472b7ca0752b083f0a6a649/screenshot - {}
RESULT: {}
RESULT: {}
COMMAND: POST /session/ff12bb945472b7ca0752b083f0a6a649/element/f.83A52D51DE7EE447A745C47B9BBA803D.d.EC9F30B1070AD9932BFD215B3A978266.e.9758/click - {}
RESULT: {}
COMMAND: GET /session/ff12bb945472b7ca0752b083f0a6a649/screenshot - {}
COMMAND: POST /session/ff12bb945472b7ca0752b083f0a6a649/execute/async - {"script":"<script> [1562 bytes]","args":[{"selector":{"id":"application-managecontracts-display-component---AddNewContract--projectDescription","interaction":{"idSuffix":"inner"}},"wdio_ui5_key":"applicationmanagecontracts-display-component---AddNewContract--projectDescription"}]}
RESULT: {}
RESULT: {"script":"<script> [1562 bytes]","args":[{"selector":{"id":"application-managecontracts-display-component---AddNewContract--projectDescription","interaction":{"idSuffix":"inner"}},"wdio_ui5_key":"applicationmanagecontracts-display-component---AddNewContract--projectDescription"}]}
RESULT: undefined
COMMAND: POST /session/ff12bb945472b7ca0752b083f0a6a649/execute/async - {"script":"<script> [776 bytes]","args":[{"enterText":"Contract WDIO","selector":{"id":"application-managecontracts-display-component---AddNewContract--projectDescription","interaction":{"idSuffix":"inner"}},"clearTextFirst":true,"interactionType":"ENTER_TEXT"}]}
RESULT: {"script":"<script> [776 bytes]","args":[{"enterText":"Contract WDIO","selector":{"id":"application-managecontracts-display-component---AddNewContract--projectDescription","interaction":{"idSuffix":"inner"}},"clearTextFirst":true,"interactionType":"ENTER_TEXT"}]}
COMMAND: POST /session/ff12bb945472b7ca0752b083f0a6a649/element - {"using":"xpath","value":"//input[@id=\"application-managecontracts-display-component---AddNewContract--site-inner\"]"}
RESULT: {"using":"xpath","value":"//input[@id=\"application-managecontracts-display-component---AddNewContract--site-inner\"]"}
COMMAND: POST /session/ff12bb945472b7ca0752b083f0a6a649/element/f.83A52D51DE7EE447A745C47B9BBA803D.d.EC9F30B1070AD9932BFD215B3A978266.e.10122/clear - {}
RESULT: {}
COMMAND: POST /session/ff12bb945472b7ca0752b083f0a6a649/element/f.83A52D51DE7EE447A745C47B9BBA803D.d.EC9F30B1070AD9932BFD215B3A978266.e.10122/value - {"text":"2285"}
COMMAND: GET /session/ff12bb945472b7ca0752b083f0a6a649/screenshot - {}
RESULT: {"text":"2285"}
COMMAND: GET /session/ff12bb945472b7ca0752b083f0a6a649/screenshot - {}
RESULT: {}
RESULT: {}
COMMAND: POST /session/ff12bb945472b7ca0752b083f0a6a649/element - {"using":"xpath","value":"//li[.//span[text()='2285']]"}
RESULT: {"using":"xpath","value":"//li[.//span[text()='2285']]"}
COMMAND: POST /session/ff12bb945472b7ca0752b083f0a6a649/element/f.83A52D51DE7EE447A745C47B9BBA803D.d.EC9F30B1070AD9932BFD215B3A978266.e.10149/click - {}
RESULT: {}
COMMAND: GET /session/ff12bb945472b7ca0752b083f0a6a649/screenshot - {}
RESULT: {}
COMMAND: POST /session/ff12bb945472b7ca0752b083f0a6a649/element - {"using":"xpath","value":"//input[@id=\"application-managecontracts-display-component---AddNewContract--yardId-inner\"]"}
RESULT: {"using":"xpath","value":"//input[@id=\"application-managecontracts-display-component---AddNewContract--yardId-inner\"]"}
COMMAND: GET /session/ff12bb945472b7ca0752b083f0a6a649/element/f.83A52D51DE7EE447A745C47B9BBA803D.d.EC9F30B1070AD9932BFD215B3A978266.e.10123/property/value - {}
RESULT: {}
COMMAND: POST /session/ff12bb945472b7ca0752b083f0a6a649/element - {"using":"xpath","value":"//input[@id=\"application-managecontracts-display-component---AddNewContract--customerSelect-inner\"]"}
COMMAND: GET /session/ff12bb945472b7ca0752b083f0a6a649/screenshot - {}
RESULT: {"using":"xpath","value":"//input[@id=\"application-managecontracts-display-component---AddNewContract--customerSelect-inner\"]"}
COMMAND: POST /session/ff12bb945472b7ca0752b083f0a6a649/element/f.83A52D51DE7EE447A745C47B9BBA803D.d.EC9F30B1070AD9932BFD215B3A978266.e.10121/clear - {}
RESULT: {}
RESULT: {}
COMMAND: POST /session/ff12bb945472b7ca0752b083f0a6a649/element/f.83A52D51DE7EE447A745C47B9BBA803D.d.EC9F30B1070AD9932BFD215B3A978266.e.10121/value - {"text":"1338"}
COMMAND: GET /session/ff12bb945472b7ca0752b083f0a6a649/screenshot - {}
RESULT: {"text":"1338"}
COMMAND: GET /session/ff12bb945472b7ca0752b083f0a6a649/screenshot - {}
RESULT: {}
RESULT: {}
COMMAND: POST /session/ff12bb945472b7ca0752b083f0a6a649/element - {"using":"xpath","value":"//li[.//span[text()='1338']]"}
RESULT: {"using":"xpath","value":"//li[.//span[text()='1338']]"}
COMMAND: POST /session/ff12bb945472b7ca0752b083f0a6a649/element/f.83A52D51DE7EE447A745C47B9BBA803D.d.EC9F30B1070AD9932BFD215B3A978266.e.10152/click - {}
RESULT: {}
COMMAND: GET /session/ff12bb945472b7ca0752b083f0a6a649/screenshot - {}
RESULT: {}
COMMAND: POST /session/ff12bb945472b7ca0752b083f0a6a649/element - {"using":"xpath","value":"//button[@data-kt=\"saveButton\"]"}
RESULT: {"using":"xpath","value":"//button[@data-kt=\"saveButton\"]"}
COMMAND: POST /session/ff12bb945472b7ca0752b083f0a6a649/element/f.83A52D51DE7EE447A745C47B9BBA803D.d.EC9F30B1070AD9932BFD215B3A978266.e.10153/click - {}
RESULT: {}
COMMAND: GET /session/ff12bb945472b7ca0752b083f0a6a649/screenshot - {}
RESULT: {}
COMMAND: POST /session/ff12bb945472b7ca0752b083f0a6a649/element - {"using":"xpath","value":"//span[contains(@id ,\"contractDetailTitleNoExpanded\")]"}
RESULT: {"using":"xpath","value":"//span[contains(@id ,\"contractDetailTitleNoExpanded\")]"}
COMMAND: POST /session/ff12bb945472b7ca0752b083f0a6a649/elements - {"using":"xpath","value":"//span[contains(@id ,\"contractDetailTitleNoExpanded\")]"}
RESULT: {"using":"xpath","value":"//span[contains(@id ,\"contractDetailTitleNoExpanded\")]"}
COMMAND: POST /session/ff12bb945472b7ca0752b083f0a6a649/execute/sync - {"script":"<script> [56 bytes]","args":[{"element-6066-11e4-a52e-4f735466cecf":"f.83A52D51DE7EE447A745C47B9BBA803D.d.EC9F30B1070AD9932BFD215B3A978266.e.10226","ELEMENT":"f.83A52D51DE7EE447A745C47B9BBA803D.d.EC9F30B1070AD9932BFD215B3A978266.e.10226"}]}
RESULT: {"script":"<script> [56 bytes]","args":[{"element-6066-11e4-a52e-4f735466cecf":"f.83A52D51DE7EE447A745C47B9BBA803D.d.EC9F30B1070AD9932BFD215B3A978266.e.10226","ELEMENT":"f.83A52D51DE7EE447A745C47B9BBA803D.d.EC9F30B1070AD9932BFD215B3A978266.e.10226"}]}
COMMAND: GET /session/ff12bb945472b7ca0752b083f0a6a649/screenshot - {}
RESULT: {}
]]></system-out>
    </testcase>
    <testcase classname="chrome.136_0_7103_93.windows.Billing_transfer_US117289" name="Should add created equipment to contract" time="48.827">
      <system-out><![CDATA[
COMMAND: POST /session/ff12bb945472b7ca0752b083f0a6a649/element - {"using":"xpath","value":"//button[@data-kt=\"contractDetailEditBtnButton\"]"}
RESULT: {"using":"xpath","value":"//button[@data-kt=\"contractDetailEditBtnButton\"]"}
COMMAND: POST /session/ff12bb945472b7ca0752b083f0a6a649/element/f.83A52D51DE7EE447A745C47B9BBA803D.d.EC9F30B1070AD9932BFD215B3A978266.e.10227/click - {}
RESULT: {}
COMMAND: GET /session/ff12bb945472b7ca0752b083f0a6a649/screenshot - {}
RESULT: {}
COMMAND: POST /session/ff12bb945472b7ca0752b083f0a6a649/element - {"using":"xpath","value":"(//span[contains(text(), \"Additional Addresses\")])[2]"}
RESULT: {"using":"xpath","value":"(//span[contains(text(), \"Additional Addresses\")])[2]"}
COMMAND: POST /session/ff12bb945472b7ca0752b083f0a6a649/element/f.83A52D51DE7EE447A745C47B9BBA803D.d.EC9F30B1070AD9932BFD215B3A978266.e.10282/click - {}
RESULT: {}
COMMAND: GET /session/ff12bb945472b7ca0752b083f0a6a649/screenshot - {}
RESULT: {}
COMMAND: POST /session/ff12bb945472b7ca0752b083f0a6a649/element - {"using":"xpath","value":"//button[@data-kt=\"btnAddTableRowOverflowToolbarButton\"]"}
RESULT: {"using":"xpath","value":"//button[@data-kt=\"btnAddTableRowOverflowToolbarButton\"]"}
COMMAND: POST /session/ff12bb945472b7ca0752b083f0a6a649/element/f.83A52D51DE7EE447A745C47B9BBA803D.d.EC9F30B1070AD9932BFD215B3A978266.e.10285/click - {}
RESULT: {}
COMMAND: GET /session/ff12bb945472b7ca0752b083f0a6a649/screenshot - {}
RESULT: {}
COMMAND: POST /session/ff12bb945472b7ca0752b083f0a6a649/element - {"using":"xpath","value":"//div[(text() = 'Standard Entry' or . = 'Standard Entry')]"}
RESULT: {"using":"xpath","value":"//div[(text() = 'Standard Entry' or . = 'Standard Entry')]"}
COMMAND: POST /session/ff12bb945472b7ca0752b083f0a6a649/element/f.83A52D51DE7EE447A745C47B9BBA803D.d.EC9F30B1070AD9932BFD215B3A978266.e.10287/click - {}
RESULT: {}
COMMAND: GET /session/ff12bb945472b7ca0752b083f0a6a649/screenshot - {}
RESULT: {}
COMMAND: POST /session/ff12bb945472b7ca0752b083f0a6a649/element - {"using":"xpath","value":"//td[7]/div/div/input"}
RESULT: {"using":"xpath","value":"//td[7]/div/div/input"}
COMMAND: POST /session/ff12bb945472b7ca0752b083f0a6a649/element/f.83A52D51DE7EE447A745C47B9BBA803D.d.EC9F30B1070AD9932BFD215B3A978266.e.10296/clear - {}
RESULT: {}
COMMAND: POST /session/ff12bb945472b7ca0752b083f0a6a649/element/f.83A52D51DE7EE447A745C47B9BBA803D.d.EC9F30B1070AD9932BFD215B3A978266.e.10296/value - {"text":"VknaIVQAEL"}
COMMAND: GET /session/ff12bb945472b7ca0752b083f0a6a649/screenshot - {}
RESULT: {"text":"VknaIVQAEL"}
COMMAND: GET /session/ff12bb945472b7ca0752b083f0a6a649/screenshot - {}
RESULT: {}
RESULT: {}
COMMAND: POST /session/ff12bb945472b7ca0752b083f0a6a649/actions - {"actions":[{"id":"action36","type":"key","parameters":{},"actions":[{"type":"keyDown","value":"î€‡"},{"type":"pause","duration":10},{"type":"keyUp","value":"î€‡"}]}]}
RESULT: {"actions":[{"id":"action36","type":"key","parameters":{},"actions":[{"type":"keyDown","value":"î€‡"},{"type":"pause","duration":10},{"type":"keyUp","value":"î€‡"}]}]}
COMMAND: GET /session/ff12bb945472b7ca0752b083f0a6a649/screenshot - {}
RESULT: {}
COMMAND: POST /session/ff12bb945472b7ca0752b083f0a6a649/execute/sync - {"script":"<script> [276 bytes]","args":["No pricing information was found"]}
RESULT: {"script":"<script> [276 bytes]","args":["No pricing information was found"]}
COMMAND: POST /session/ff12bb945472b7ca0752b083f0a6a649/element - {"using":"xpath","value":"(//button[@data-kt=\"saveButton\"])[2]"}
COMMAND: GET /session/ff12bb945472b7ca0752b083f0a6a649/screenshot - {}
RESULT: {}
RESULT: {"using":"xpath","value":"(//button[@data-kt=\"saveButton\"])[2]"}
COMMAND: POST /session/ff12bb945472b7ca0752b083f0a6a649/element/f.83A52D51DE7EE447A745C47B9BBA803D.d.EC9F30B1070AD9932BFD215B3A978266.e.10311/click - {}
RESULT: {}
COMMAND: GET /session/ff12bb945472b7ca0752b083f0a6a649/screenshot - {}
RESULT: {}
COMMAND: POST /session/ff12bb945472b7ca0752b083f0a6a649/execute/sync - {"script":"<script> [276 bytes]","args":["Some contract items are having rental validity exceeding header rental validity"]}
RESULT: {"script":"<script> [276 bytes]","args":["Some contract items are having rental validity exceeding header rental validity"]}
COMMAND: GET /session/ff12bb945472b7ca0752b083f0a6a649/screenshot - {}
RESULT: {}
COMMAND: POST /session/ff12bb945472b7ca0752b083f0a6a649/element - {"using":"xpath","value":"//span[contains(@id ,\"contractItemsSmartTable-header-inner\")]"}
RESULT: {"using":"xpath","value":"//span[contains(@id ,\"contractItemsSmartTable-header-inner\")]"}
COMMAND: POST /session/ff12bb945472b7ca0752b083f0a6a649/elements - {"using":"xpath","value":"//span[contains(@id ,\"contractItemsSmartTable-header-inner\")]"}
RESULT: {"using":"xpath","value":"//span[contains(@id ,\"contractItemsSmartTable-header-inner\")]"}
COMMAND: POST /session/ff12bb945472b7ca0752b083f0a6a649/execute/sync - {"script":"<script> [56 bytes]","args":[{"element-6066-11e4-a52e-4f735466cecf":"f.83A52D51DE7EE447A745C47B9BBA803D.d.EC9F30B1070AD9932BFD215B3A978266.e.10316","ELEMENT":"f.83A52D51DE7EE447A745C47B9BBA803D.d.EC9F30B1070AD9932BFD215B3A978266.e.10316"}]}
RESULT: {"script":"<script> [56 bytes]","args":[{"element-6066-11e4-a52e-4f735466cecf":"f.83A52D51DE7EE447A745C47B9BBA803D.d.EC9F30B1070AD9932BFD215B3A978266.e.10316","ELEMENT":"f.83A52D51DE7EE447A745C47B9BBA803D.d.EC9F30B1070AD9932BFD215B3A978266.e.10316"}]}
]]></system-out>
    </testcase>
    <testcase classname="chrome.136_0_7103_93.windows.Billing_transfer_US117289" name="Should do a provide to site handover" time="66.238">
      <system-out><![CDATA[
COMMAND: POST /session/ff12bb945472b7ca0752b083f0a6a649/element - {"using":"xpath","value":"//button[@data-kt=\"provideButton\"]"}
COMMAND: GET /session/ff12bb945472b7ca0752b083f0a6a649/screenshot - {}
RESULT: {"using":"xpath","value":"//button[@data-kt=\"provideButton\"]"}
COMMAND: POST /session/ff12bb945472b7ca0752b083f0a6a649/element/f.83A52D51DE7EE447A745C47B9BBA803D.d.EC9F30B1070AD9932BFD215B3A978266.e.10317/click - {}
RESULT: {}
RESULT: {}
COMMAND: GET /session/ff12bb945472b7ca0752b083f0a6a649/screenshot - {}
RESULT: {}
RESULT: undefined
COMMAND: POST /session/ff12bb945472b7ca0752b083f0a6a649/execute/async - {"script":"<script> [6424 bytes]","args":[{"element-6066-11e4-a52e-4f735466cecf":"f.83A52D51DE7EE447A745C47B9BBA803D.d.EC9F30B1070AD9932BFD215B3A978266.e.9313"},"setValue",["5/19/25"]]}
COMMAND: POST /session/ff12bb945472b7ca0752b083f0a6a649/execute/async - {"script":"<script> [1562 bytes]","args":[{"selector":{"id":"application-managehandovers-display-component---AddNewHO--dueDate","interaction":{"idSuffix":"inner"}},"wdio_ui5_key":"applicationmanagehandovers-display-component---AddNewHO--dueDate"}]}
RESULT: {"script":"<script> [1562 bytes]","args":[{"selector":{"id":"application-managehandovers-display-component---AddNewHO--dueDate","interaction":{"idSuffix":"inner"}},"wdio_ui5_key":"applicationmanagehandovers-display-component---AddNewHO--dueDate"}]}
COMMAND: POST /session/ff12bb945472b7ca0752b083f0a6a649/execute/async - {"script":"<script> [6424 bytes]","args":[{"element-6066-11e4-a52e-4f735466cecf":"f.83A52D51DE7EE447A745C47B9BBA803D.d.EC9F30B1070AD9932BFD215B3A978266.e.10373"},"setValue",["5/19/25"]]}
RESULT: {"script":"<script> [6424 bytes]","args":[{"element-6066-11e4-a52e-4f735466cecf":"f.83A52D51DE7EE447A745C47B9BBA803D.d.EC9F30B1070AD9932BFD215B3A978266.e.10373"},"setValue",["5/19/25"]]}
COMMAND: POST /session/ff12bb945472b7ca0752b083f0a6a649/element - {"using":"xpath","value":"//bdi[contains(text(), \"Instructions\")]"}
RESULT: {"using":"xpath","value":"//bdi[contains(text(), \"Instructions\")]"}
COMMAND: POST /session/ff12bb945472b7ca0752b083f0a6a649/element/f.83A52D51DE7EE447A745C47B9BBA803D.d.EC9F30B1070AD9932BFD215B3A978266.e.10628/click - {}
RESULT: {}
COMMAND: GET /session/ff12bb945472b7ca0752b083f0a6a649/screenshot - {}
RESULT: {}
COMMAND: POST /session/ff12bb945472b7ca0752b083f0a6a649/element - {"using":"xpath","value":"//button[@data-kt=\"AddNewHOProvideAddItemsButton\"]"}
RESULT: {"using":"xpath","value":"//button[@data-kt=\"AddNewHOProvideAddItemsButton\"]"}
COMMAND: POST /session/ff12bb945472b7ca0752b083f0a6a649/element/f.83A52D51DE7EE447A745C47B9BBA803D.d.EC9F30B1070AD9932BFD215B3A978266.e.10632/click - {}
RESULT: {}
COMMAND: GET /session/ff12bb945472b7ca0752b083f0a6a649/screenshot - {}
RESULT: {}
RESULT: undefined
COMMAND: POST /session/ff12bb945472b7ca0752b083f0a6a649/element - {"using":"xpath","value":"//*[@id=\"application-managehandovers-display-component---AddNewHO--popup-sa\"]"}
RESULT: {"using":"xpath","value":"//*[@id=\"application-managehandovers-display-component---AddNewHO--popup-sa\"]"}
COMMAND: POST /session/ff12bb945472b7ca0752b083f0a6a649/element/f.83A52D51DE7EE447A745C47B9BBA803D.d.EC9F30B1070AD9932BFD215B3A978266.e.10647/click - {}
RESULT: {}
COMMAND: GET /session/ff12bb945472b7ca0752b083f0a6a649/screenshot - {}
RESULT: {}
COMMAND: POST /session/ff12bb945472b7ca0752b083f0a6a649/element - {"using":"xpath","value":"//*[contains(@id ,\"BDI-content\")][contains(text(), \"Select\")]"}
RESULT: {"using":"xpath","value":"//*[contains(@id ,\"BDI-content\")][contains(text(), \"Select\")]"}
COMMAND: POST /session/ff12bb945472b7ca0752b083f0a6a649/element/f.83A52D51DE7EE447A745C47B9BBA803D.d.EC9F30B1070AD9932BFD215B3A978266.e.10649/click - {}
RESULT: {}
COMMAND: GET /session/ff12bb945472b7ca0752b083f0a6a649/screenshot - {}
RESULT: {}
COMMAND: POST /session/ff12bb945472b7ca0752b083f0a6a649/execute/async - {"script":"<script> [1562 bytes]","args":[{"selector":{"id":"application-managehandovers-display-component---AddNewHO--confirmCreationButton","interaction":{"idSuffix":"BDI-content"}},"wdio_ui5_key":"applicationmanagehandovers-display-component---AddNewHO--confirmCreationButton"}]}
RESULT: {"script":"<script> [1562 bytes]","args":[{"selector":{"id":"application-managehandovers-display-component---AddNewHO--confirmCreationButton","interaction":{"idSuffix":"BDI-content"}},"wdio_ui5_key":"applicationmanagehandovers-display-component---AddNewHO--confirmCreationButton"}]}
RESULT: undefined
COMMAND: POST /session/ff12bb945472b7ca0752b083f0a6a649/element - {"using":"xpath","value":"//*[@id=\"application-managehandovers-display-component---AddNewHO--confirmCreationButton\"]"}
RESULT: {"using":"xpath","value":"//*[@id=\"application-managehandovers-display-component---AddNewHO--confirmCreationButton\"]"}
COMMAND: POST /session/ff12bb945472b7ca0752b083f0a6a649/element/f.83A52D51DE7EE447A745C47B9BBA803D.d.EC9F30B1070AD9932BFD215B3A978266.e.10439/click - {}
RESULT: {}
COMMAND: GET /session/ff12bb945472b7ca0752b083f0a6a649/screenshot - {}
RESULT: {}
COMMAND: POST /session/ff12bb945472b7ca0752b083f0a6a649/execute/async - {"script":"<script> [1562 bytes]","args":[{"selector":{"id":"issueDatePicker","viewName":"etm.portal.ui.managehandovers.view.DetailExecuteHO","interaction":{"idSuffix":"inner"}},"wdio_ui5_key":"issueDatePickeretmportal.ui.managehandovers.view.DetailExecuteHO"}]}
RESULT: {"script":"<script> [1562 bytes]","args":[{"selector":{"id":"issueDatePicker","viewName":"etm.portal.ui.managehandovers.view.DetailExecuteHO","interaction":{"idSuffix":"inner"}},"wdio_ui5_key":"issueDatePickeretmportal.ui.managehandovers.view.DetailExecuteHO"}]}
RESULT: undefined
COMMAND: POST /session/ff12bb945472b7ca0752b083f0a6a649/execute/async - {"script":"<script> [776 bytes]","args":[{"enterText":"5/19/25","selector":{"id":"issueDatePicker","viewName":"etm.portal.ui.managehandovers.view.DetailExecuteHO","interaction":{"idSuffix":"inner"}},"clearTextFirst":true,"interactionType":"ENTER_TEXT"}]}
RESULT: {"script":"<script> [776 bytes]","args":[{"enterText":"5/19/25","selector":{"id":"issueDatePicker","viewName":"etm.portal.ui.managehandovers.view.DetailExecuteHO","interaction":{"idSuffix":"inner"}},"clearTextFirst":true,"interactionType":"ENTER_TEXT"}]}
COMMAND: POST /session/ff12bb945472b7ca0752b083f0a6a649/element - {"using":"xpath","value":"//bdi[contains(text(), \"OK\")]"}
RESULT: {"using":"xpath","value":"//bdi[contains(text(), \"OK\")]"}
COMMAND: POST /session/ff12bb945472b7ca0752b083f0a6a649/element/f.83A52D51DE7EE447A745C47B9BBA803D.d.EC9F30B1070AD9932BFD215B3A978266.e.10714/click - {}
RESULT: {}
COMMAND: GET /session/ff12bb945472b7ca0752b083f0a6a649/screenshot - {}
RESULT: {}
COMMAND: POST /session/ff12bb945472b7ca0752b083f0a6a649/element - {"using":"xpath","value":"//button[@data-kt=\"PickingTableConfirmAllButton\"]"}
RESULT: {"using":"xpath","value":"//button[@data-kt=\"PickingTableConfirmAllButton\"]"}
COMMAND: POST /session/ff12bb945472b7ca0752b083f0a6a649/element/f.83A52D51DE7EE447A745C47B9BBA803D.d.EC9F30B1070AD9932BFD215B3A978266.e.10721/click - {}
RESULT: {}
COMMAND: GET /session/ff12bb945472b7ca0752b083f0a6a649/screenshot - {}
RESULT: {}
COMMAND: POST /session/ff12bb945472b7ca0752b083f0a6a649/element - {"using":"xpath","value":"//bdi[contains(text(), \"OK\")]"}
RESULT: {"using":"xpath","value":"//bdi[contains(text(), \"OK\")]"}
COMMAND: POST /session/ff12bb945472b7ca0752b083f0a6a649/element/f.83A52D51DE7EE447A745C47B9BBA803D.d.EC9F30B1070AD9932BFD215B3A978266.e.10724/click - {}
RESULT: {}
COMMAND: GET /session/ff12bb945472b7ca0752b083f0a6a649/screenshot - {}
RESULT: {}
COMMAND: POST /session/ff12bb945472b7ca0752b083f0a6a649/element - {"using":"xpath","value":"//bdi[contains(text(), \"Issue\")]"}
RESULT: {"using":"xpath","value":"//bdi[contains(text(), \"Issue\")]"}
COMMAND: POST /session/ff12bb945472b7ca0752b083f0a6a649/element/f.83A52D51DE7EE447A745C47B9BBA803D.d.EC9F30B1070AD9932BFD215B3A978266.e.10726/click - {}
RESULT: {}
COMMAND: GET /session/ff12bb945472b7ca0752b083f0a6a649/screenshot - {}
RESULT: {}
COMMAND: POST /session/ff12bb945472b7ca0752b083f0a6a649/element - {"using":"css selector","value":"#shell-header-logo"}
RESULT: {"using":"css selector","value":"#shell-header-logo"}
COMMAND: POST /session/ff12bb945472b7ca0752b083f0a6a649/element/f.83A52D51DE7EE447A745C47B9BBA803D.d.EC9F30B1070AD9932BFD215B3A978266.e.9709/click - {}
RESULT: {}
COMMAND: GET /session/ff12bb945472b7ca0752b083f0a6a649/screenshot - {}
RESULT: {}
]]></system-out>
    </testcase>
    <testcase classname="chrome.136_0_7103_93.windows.Billing_transfer_US117289" name="Should navigate to Manage Billings and trigger contract calculation business confirm it" time="67.221">
      <system-out><![CDATA[
COMMAND: POST /session/ff12bb945472b7ca0752b083f0a6a649/execute/async - {"script":"<script> [1562 bytes]","args":[{"selector":{"controlType":"sap.m.GenericTile","properties":{"header":"Manage Billings"}},"wdio_ui5_key":"sapm.GenericTile{\"header\":\"Manage Billings\"}"}]}
RESULT: {"script":"<script> [1562 bytes]","args":[{"selector":{"controlType":"sap.m.GenericTile","properties":{"header":"Manage Billings"}},"wdio_ui5_key":"sapm.GenericTile{\"header\":\"Manage Billings\"}"}]}
RESULT: undefined
COMMAND: POST /session/ff12bb945472b7ca0752b083f0a6a649/element - {"using":"xpath","value":"//*[@id=\"__tile51\"]"}
RESULT: {"using":"xpath","value":"//*[@id=\"__tile51\"]"}
COMMAND: POST /session/ff12bb945472b7ca0752b083f0a6a649/element/f.83A52D51DE7EE447A745C47B9BBA803D.d.EC9F30B1070AD9932BFD215B3A978266.e.7607/click - {}
RESULT: {}
COMMAND: GET /session/ff12bb945472b7ca0752b083f0a6a649/screenshot - {}
RESULT: {}
COMMAND: POST /session/ff12bb945472b7ca0752b083f0a6a649/elements - {"using":"xpath","value":"//span[text()='Error']"}
RESULT: {"using":"xpath","value":"//span[text()='Error']"}
COMMAND: POST /session/ff12bb945472b7ca0752b083f0a6a649/execute/async - {"script":"<script> [1562 bytes]","args":[{"selector":{"id":"application-managebillings-display-component---billRunCalcResult--smartFilterBar-btnBasicSearch","interaction":{"idSuffix":"I"}},"wdio_ui5_key":"applicationmanagebillings-display-component---billRunCalcResult--smartFilterBar-btnBasicSearch"}]}
RESULT: {"script":"<script> [1562 bytes]","args":[{"selector":{"id":"application-managebillings-display-component---billRunCalcResult--smartFilterBar-btnBasicSearch","interaction":{"idSuffix":"I"}},"wdio_ui5_key":"applicationmanagebillings-display-component---billRunCalcResult--smartFilterBar-btnBasicSearch"}]}
RESULT: undefined
COMMAND: POST /session/ff12bb945472b7ca0752b083f0a6a649/execute/async - {"script":"<script> [776 bytes]","args":[{"enterText":"10401","selector":{"id":"application-managebillings-display-component---billRunCalcResult--smartFilterBar-btnBasicSearch","interaction":{"idSuffix":"I"}},"clearTextFirst":true,"interactionType":"ENTER_TEXT"}]}
RESULT: {"script":"<script> [776 bytes]","args":[{"enterText":"10401","selector":{"id":"application-managebillings-display-component---billRunCalcResult--smartFilterBar-btnBasicSearch","interaction":{"idSuffix":"I"}},"clearTextFirst":true,"interactionType":"ENTER_TEXT"}]}
COMMAND: POST /session/ff12bb945472b7ca0752b083f0a6a649/actions - {"actions":[{"id":"action37","type":"key","parameters":{},"actions":[{"type":"keyDown","value":"î€‡"},{"type":"pause","duration":10},{"type":"keyUp","value":"î€‡"}]}]}
RESULT: {"actions":[{"id":"action37","type":"key","parameters":{},"actions":[{"type":"keyDown","value":"î€‡"},{"type":"pause","duration":10},{"type":"keyUp","value":"î€‡"}]}]}
COMMAND: GET /session/ff12bb945472b7ca0752b083f0a6a649/screenshot - {}
RESULT: {}
COMMAND: POST /session/ff12bb945472b7ca0752b083f0a6a649/element - {"using":"xpath","value":"//td[@aria-colindex=\"1\"]/div/div[contains(@class, \"sapMCbBg\")]"}
RESULT: {"using":"xpath","value":"//td[@aria-colindex=\"1\"]/div/div[contains(@class, \"sapMCbBg\")]"}
COMMAND: POST /session/ff12bb945472b7ca0752b083f0a6a649/element/f.83A52D51DE7EE447A745C47B9BBA803D.d.EC9F30B1070AD9932BFD215B3A978266.e.11117/click - {}
RESULT: {}
COMMAND: GET /session/ff12bb945472b7ca0752b083f0a6a649/screenshot - {}
RESULT: {}
COMMAND: POST /session/ff12bb945472b7ca0752b083f0a6a649/execute/async - {"script":"<script> [1562 bytes]","args":[{"selector":{"id":"application-managebillings-display-component---billRunCalcResult--contractBillRunDate","interaction":{"idSuffix":"inner"}},"wdio_ui5_key":"applicationmanagebillings-display-component---billRunCalcResult--contractBillRunDate"}]}
RESULT: {"script":"<script> [1562 bytes]","args":[{"selector":{"id":"application-managebillings-display-component---billRunCalcResult--contractBillRunDate","interaction":{"idSuffix":"inner"}},"wdio_ui5_key":"applicationmanagebillings-display-component---billRunCalcResult--contractBillRunDate"}]}
RESULT: undefined
COMMAND: POST /session/ff12bb945472b7ca0752b083f0a6a649/execute/async - {"script":"<script> [776 bytes]","args":[{"enterText":"6/19/25","selector":{"id":"application-managebillings-display-component---billRunCalcResult--contractBillRunDate","interaction":{"idSuffix":"inner"}},"clearTextFirst":true,"interactionType":"ENTER_TEXT"}]}
RESULT: {"script":"<script> [776 bytes]","args":[{"enterText":"6/19/25","selector":{"id":"application-managebillings-display-component---billRunCalcResult--contractBillRunDate","interaction":{"idSuffix":"inner"}},"clearTextFirst":true,"interactionType":"ENTER_TEXT"}]}
COMMAND: POST /session/ff12bb945472b7ca0752b083f0a6a649/element - {"using":"xpath","value":"//bdi[contains(text(), \"Trigger Calculation\")]"}
RESULT: {"using":"xpath","value":"//bdi[contains(text(), \"Trigger Calculation\")]"}
COMMAND: POST /session/ff12bb945472b7ca0752b083f0a6a649/element/f.83A52D51DE7EE447A745C47B9BBA803D.d.EC9F30B1070AD9932BFD215B3A978266.e.11168/click - {}
RESULT: {}
COMMAND: GET /session/ff12bb945472b7ca0752b083f0a6a649/screenshot - {}
RESULT: {}
COMMAND: POST /session/ff12bb945472b7ca0752b083f0a6a649/element - {"using":"xpath","value":"(//span[contains(@id, \"imgNav\")])[1]"}
RESULT: {"using":"xpath","value":"(//span[contains(@id, \"imgNav\")])[1]"}
COMMAND: POST /session/ff12bb945472b7ca0752b083f0a6a649/element/f.83A52D51DE7EE447A745C47B9BBA803D.d.EC9F30B1070AD9932BFD215B3A978266.e.11118/click - {}
RESULT: {}
COMMAND: GET /session/ff12bb945472b7ca0752b083f0a6a649/screenshot - {}
RESULT: {}
COMMAND: POST /session/ff12bb945472b7ca0752b083f0a6a649/execute/async - {"script":"<script> [1562 bytes]","args":[{"selector":{"controlType":"sap.ui.core.Icon","viewName":"etm.portal.ui.managebillings.view.Master","viewId":"application-managebillings-display-component---billRunCalcResult","properties":{"src":{"regex":{"source":"slim\\-arrow\\-right"}}}},"wdio_ui5_key":"etmportal.ui.managebillings.view.Mastersap.ui.core.Icon{\"src\":{\"regex\":{\"source\":\"slim\\\\-arrow\\\\-right\"}}}"}]}
RESULT: {"script":"<script> [1562 bytes]","args":[{"selector":{"controlType":"sap.ui.core.Icon","viewName":"etm.portal.ui.managebillings.view.Master","viewId":"application-managebillings-display-component---billRunCalcResult","properties":{"src":{"regex":{"source":"slim\\-arrow\\-right"}}}},"wdio_ui5_key":"etmportal.ui.managebillings.view.Mastersap.ui.core.Icon{\"src\":{\"regex\":{\"source\":\"slim\\\\-arrow\\\\-right\"}}}"}]}
RESULT: undefined
COMMAND: POST /session/ff12bb945472b7ca0752b083f0a6a649/element - {"using":"xpath","value":"//*[@id=\"__item2066-application-managebillings-display-component---billRunCalcResult--billingRunsTable-0-imgNav\"]"}
RESULT: {"using":"xpath","value":"//*[@id=\"__item2066-application-managebillings-display-component---billRunCalcResult--billingRunsTable-0-imgNav\"]"}
COMMAND: POST /session/ff12bb945472b7ca0752b083f0a6a649/element/f.83A52D51DE7EE447A745C47B9BBA803D.d.EC9F30B1070AD9932BFD215B3A978266.e.11173/click - {}
RESULT: {}
COMMAND: POST /session/ff12bb945472b7ca0752b083f0a6a649/execute/async - {"script":"<script> [1562 bytes]","args":[{"selector":{"id":"application-managebillings-display-component---billRunCalcResult--btnConf","interaction":{"idSuffix":"BDI-content"}},"wdio_ui5_key":"applicationmanagebillings-display-component---billRunCalcResult--btnConf"}]}
COMMAND: GET /session/ff12bb945472b7ca0752b083f0a6a649/screenshot - {}
RESULT: {"script":"<script> [1562 bytes]","args":[{"selector":{"id":"application-managebillings-display-component---billRunCalcResult--btnConf","interaction":{"idSuffix":"BDI-content"}},"wdio_ui5_key":"applicationmanagebillings-display-component---billRunCalcResult--btnConf"}]}
RESULT: undefined
COMMAND: POST /session/ff12bb945472b7ca0752b083f0a6a649/element - {"using":"xpath","value":"//*[@id=\"application-managebillings-display-component---billRunCalcResult--btnConf\"]"}
RESULT: {}
RESULT: {"using":"xpath","value":"//*[@id=\"application-managebillings-display-component---billRunCalcResult--btnConf\"]"}
COMMAND: POST /session/ff12bb945472b7ca0752b083f0a6a649/element/f.83A52D51DE7EE447A745C47B9BBA803D.d.EC9F30B1070AD9932BFD215B3A978266.e.11216/click - {}
RESULT: {}
COMMAND: POST /session/ff12bb945472b7ca0752b083f0a6a649/element - {"using":"css selector","value":"#shell-header-logo"}
COMMAND: GET /session/ff12bb945472b7ca0752b083f0a6a649/screenshot - {}
RESULT: {"using":"css selector","value":"#shell-header-logo"}
COMMAND: POST /session/ff12bb945472b7ca0752b083f0a6a649/element/f.83A52D51DE7EE447A745C47B9BBA803D.d.EC9F30B1070AD9932BFD215B3A978266.e.10908/click - {}
RESULT: {}
RESULT: {}
COMMAND: GET /session/ff12bb945472b7ca0752b083f0a6a649/screenshot - {}
RESULT: {}
]]></system-out>
    </testcase>
    <testcase classname="chrome.136_0_7103_93.windows.Billing_transfer_US117289" name="Should trigger Billing Transfer process all the way to completion" time="81.37">
      <system-out><![CDATA[
COMMAND: POST /session/ff12bb945472b7ca0752b083f0a6a649/execute/async - {"script":"<script> [1562 bytes]","args":[{"selector":{"controlType":"sap.m.GenericTile","properties":{"header":"Billing Transfer"}},"wdio_ui5_key":"sapm.GenericTile{\"header\":\"Billing Transfer\"}"}]}
RESULT: {"script":"<script> [1562 bytes]","args":[{"selector":{"controlType":"sap.m.GenericTile","properties":{"header":"Billing Transfer"}},"wdio_ui5_key":"sapm.GenericTile{\"header\":\"Billing Transfer\"}"}]}
RESULT: undefined
COMMAND: POST /session/ff12bb945472b7ca0752b083f0a6a649/element - {"using":"xpath","value":"//*[@id=\"__tile50\"]"}
RESULT: {"using":"xpath","value":"//*[@id=\"__tile50\"]"}
COMMAND: POST /session/ff12bb945472b7ca0752b083f0a6a649/element/f.83A52D51DE7EE447A745C47B9BBA803D.d.EC9F30B1070AD9932BFD215B3A978266.e.7605/click - {}
RESULT: {}
COMMAND: GET /session/ff12bb945472b7ca0752b083f0a6a649/screenshot - {}
RESULT: {}
COMMAND: POST /session/ff12bb945472b7ca0752b083f0a6a649/elements - {"using":"xpath","value":"//span[text()='Error']"}
RESULT: {"using":"xpath","value":"//span[text()='Error']"}
COMMAND: POST /session/ff12bb945472b7ca0752b083f0a6a649/element - {"using":"xpath","value":"//input[contains(@id ,\"application-billingtransfer-display-component---billingWorkbench--smartFilterBar-btnBasicSearch\")]"}
RESULT: {"using":"xpath","value":"//input[contains(@id ,\"application-billingtransfer-display-component---billingWorkbench--smartFilterBar-btnBasicSearch\")]"}
COMMAND: POST /session/ff12bb945472b7ca0752b083f0a6a649/elements - {"using":"xpath","value":"//input[contains(@id ,\"application-billingtransfer-display-component---billingWorkbench--smartFilterBar-btnBasicSearch\")]"}
RESULT: {"using":"xpath","value":"//input[contains(@id ,\"application-billingtransfer-display-component---billingWorkbench--smartFilterBar-btnBasicSearch\")]"}
COMMAND: POST /session/ff12bb945472b7ca0752b083f0a6a649/execute/sync - {"script":"<script> [8489 bytes]","args":[{"element-6066-11e4-a52e-4f735466cecf":"f.83A52D51DE7EE447A745C47B9BBA803D.d.EC9F30B1070AD9932BFD215B3A978266.e.11255","ELEMENT":"f.83A52D51DE7EE447A745C47B9BBA803D.d.EC9F30B1070AD9932BFD215B3A978266.e.11255"}]}
RESULT: {"script":"<script> [8489 bytes]","args":[{"element-6066-11e4-a52e-4f735466cecf":"f.83A52D51DE7EE447A745C47B9BBA803D.d.EC9F30B1070AD9932BFD215B3A978266.e.11255","ELEMENT":"f.83A52D51DE7EE447A745C47B9BBA803D.d.EC9F30B1070AD9932BFD215B3A978266.e.11255"}]}
COMMAND: GET /session/ff12bb945472b7ca0752b083f0a6a649/element/f.83A52D51DE7EE447A745C47B9BBA803D.d.EC9F30B1070AD9932BFD215B3A978266.e.11255/enabled - {}
COMMAND: GET /session/ff12bb945472b7ca0752b083f0a6a649/screenshot - {}
RESULT: {}
COMMAND: POST /session/ff12bb945472b7ca0752b083f0a6a649/element/f.83A52D51DE7EE447A745C47B9BBA803D.d.EC9F30B1070AD9932BFD215B3A978266.e.11255/click - {}
COMMAND: GET /session/ff12bb945472b7ca0752b083f0a6a649/screenshot - {}
RESULT: {}
RESULT: {}
COMMAND: GET /session/ff12bb945472b7ca0752b083f0a6a649/screenshot - {}
RESULT: {}
RESULT: {}
COMMAND: POST /session/ff12bb945472b7ca0752b083f0a6a649/element/f.83A52D51DE7EE447A745C47B9BBA803D.d.EC9F30B1070AD9932BFD215B3A978266.e.11255/clear - {}
RESULT: {}
COMMAND: POST /session/ff12bb945472b7ca0752b083f0a6a649/element/f.83A52D51DE7EE447A745C47B9BBA803D.d.EC9F30B1070AD9932BFD215B3A978266.e.11255/value - {"text":"10401"}
COMMAND: GET /session/ff12bb945472b7ca0752b083f0a6a649/screenshot - {}
RESULT: {"text":"10401"}
COMMAND: POST /session/ff12bb945472b7ca0752b083f0a6a649/actions - {"actions":[{"id":"action38","type":"key","parameters":{},"actions":[{"type":"keyDown","value":"î€‡"},{"type":"pause","duration":10},{"type":"keyUp","value":"î€‡"}]}]}
COMMAND: GET /session/ff12bb945472b7ca0752b083f0a6a649/screenshot - {}
RESULT: {}
RESULT: {"actions":[{"id":"action38","type":"key","parameters":{},"actions":[{"type":"keyDown","value":"î€‡"},{"type":"pause","duration":10},{"type":"keyUp","value":"î€‡"}]}]}
COMMAND: GET /session/ff12bb945472b7ca0752b083f0a6a649/screenshot - {}
RESULT: {}
RESULT: {}
COMMAND: POST /session/ff12bb945472b7ca0752b083f0a6a649/element - {"using":"xpath","value":"//span[contains(@id ,\"application-billingtransfer-display-component---billingWorkbench--smartTableBillingRuns-header-inner\")]"}
RESULT: {"using":"xpath","value":"//span[contains(@id ,\"application-billingtransfer-display-component---billingWorkbench--smartTableBillingRuns-header-inner\")]"}
COMMAND: POST /session/ff12bb945472b7ca0752b083f0a6a649/elements - {"using":"xpath","value":"//span[contains(@id ,\"application-billingtransfer-display-component---billingWorkbench--smartTableBillingRuns-header-inner\")]"}
RESULT: {"using":"xpath","value":"//span[contains(@id ,\"application-billingtransfer-display-component---billingWorkbench--smartTableBillingRuns-header-inner\")]"}
COMMAND: POST /session/ff12bb945472b7ca0752b083f0a6a649/execute/sync - {"script":"<script> [56 bytes]","args":[{"element-6066-11e4-a52e-4f735466cecf":"f.83A52D51DE7EE447A745C47B9BBA803D.d.EC9F30B1070AD9932BFD215B3A978266.e.11423","ELEMENT":"f.83A52D51DE7EE447A745C47B9BBA803D.d.EC9F30B1070AD9932BFD215B3A978266.e.11423"}]}
RESULT: {"script":"<script> [56 bytes]","args":[{"element-6066-11e4-a52e-4f735466cecf":"f.83A52D51DE7EE447A745C47B9BBA803D.d.EC9F30B1070AD9932BFD215B3A978266.e.11423","ELEMENT":"f.83A52D51DE7EE447A745C47B9BBA803D.d.EC9F30B1070AD9932BFD215B3A978266.e.11423"}]}
COMMAND: POST /session/ff12bb945472b7ca0752b083f0a6a649/element - {"using":"xpath","value":"//td[@aria-colindex=\"1\"]/div/div[contains(@class, \"sapMCbBg\")]"}
COMMAND: GET /session/ff12bb945472b7ca0752b083f0a6a649/screenshot - {}
RESULT: {"using":"xpath","value":"//td[@aria-colindex=\"1\"]/div/div[contains(@class, \"sapMCbBg\")]"}
COMMAND: POST /session/ff12bb945472b7ca0752b083f0a6a649/element/f.83A52D51DE7EE447A745C47B9BBA803D.d.EC9F30B1070AD9932BFD215B3A978266.e.11407/click - {}
RESULT: {}
RESULT: {}
COMMAND: GET /session/ff12bb945472b7ca0752b083f0a6a649/screenshot - {}
RESULT: {}
COMMAND: POST /session/ff12bb945472b7ca0752b083f0a6a649/element - {"using":"xpath","value":"//bdi[contains(text(), \"Check\")]"}
RESULT: {"using":"xpath","value":"//bdi[contains(text(), \"Check\")]"}
COMMAND: POST /session/ff12bb945472b7ca0752b083f0a6a649/element/f.83A52D51DE7EE447A745C47B9BBA803D.d.EC9F30B1070AD9932BFD215B3A978266.e.11424/click - {}
RESULT: {}
COMMAND: GET /session/ff12bb945472b7ca0752b083f0a6a649/screenshot - {}
RESULT: {}
COMMAND: POST /session/ff12bb945472b7ca0752b083f0a6a649/element - {"using":"xpath","value":"//bdi[contains(text(), \"OK\")]"}
RESULT: {"using":"xpath","value":"//bdi[contains(text(), \"OK\")]"}
COMMAND: POST /session/ff12bb945472b7ca0752b083f0a6a649/element/f.83A52D51DE7EE447A745C47B9BBA803D.d.EC9F30B1070AD9932BFD215B3A978266.e.11427/click - {}
RESULT: {}
COMMAND: GET /session/ff12bb945472b7ca0752b083f0a6a649/screenshot - {}
RESULT: {}
COMMAND: POST /session/ff12bb945472b7ca0752b083f0a6a649/element - {"using":"xpath","value":"(//span[contains(text(), \"CO/SD checked\")]/parent::div/preceding-sibling::div/span)[1]"}
RESULT: {"using":"xpath","value":"(//span[contains(text(), \"CO/SD checked\")]/parent::div/preceding-sibling::div/span)[1]"}
COMMAND: POST /session/ff12bb945472b7ca0752b083f0a6a649/element/f.83A52D51DE7EE447A745C47B9BBA803D.d.EC9F30B1070AD9932BFD215B3A978266.e.11429/click - {}
RESULT: {}
COMMAND: GET /session/ff12bb945472b7ca0752b083f0a6a649/screenshot - {}
RESULT: {}
COMMAND: POST /session/ff12bb945472b7ca0752b083f0a6a649/element - {"using":"xpath","value":"//input[contains(@id ,\"application-billingtransfer-display-component---billingWorkbench--smartFilterBar-btnBasicSearch\")]"}
RESULT: {"using":"xpath","value":"//input[contains(@id ,\"application-billingtransfer-display-component---billingWorkbench--smartFilterBar-btnBasicSearch\")]"}
COMMAND: POST /session/ff12bb945472b7ca0752b083f0a6a649/elements - {"using":"xpath","value":"//input[contains(@id ,\"application-billingtransfer-display-component---billingWorkbench--smartFilterBar-btnBasicSearch\")]"}
RESULT: {"using":"xpath","value":"//input[contains(@id ,\"application-billingtransfer-display-component---billingWorkbench--smartFilterBar-btnBasicSearch\")]"}
COMMAND: POST /session/ff12bb945472b7ca0752b083f0a6a649/execute/sync - {"script":"<script> [8489 bytes]","args":[{"element-6066-11e4-a52e-4f735466cecf":"f.83A52D51DE7EE447A745C47B9BBA803D.d.EC9F30B1070AD9932BFD215B3A978266.e.11255","ELEMENT":"f.83A52D51DE7EE447A745C47B9BBA803D.d.EC9F30B1070AD9932BFD215B3A978266.e.11255"}]}
RESULT: {"script":"<script> [8489 bytes]","args":[{"element-6066-11e4-a52e-4f735466cecf":"f.83A52D51DE7EE447A745C47B9BBA803D.d.EC9F30B1070AD9932BFD215B3A978266.e.11255","ELEMENT":"f.83A52D51DE7EE447A745C47B9BBA803D.d.EC9F30B1070AD9932BFD215B3A978266.e.11255"}]}
COMMAND: GET /session/ff12bb945472b7ca0752b083f0a6a649/element/f.83A52D51DE7EE447A745C47B9BBA803D.d.EC9F30B1070AD9932BFD215B3A978266.e.11255/enabled - {}
COMMAND: GET /session/ff12bb945472b7ca0752b083f0a6a649/screenshot - {}
RESULT: {}
COMMAND: POST /session/ff12bb945472b7ca0752b083f0a6a649/element/f.83A52D51DE7EE447A745C47B9BBA803D.d.EC9F30B1070AD9932BFD215B3A978266.e.11255/click - {}
COMMAND: GET /session/ff12bb945472b7ca0752b083f0a6a649/screenshot - {}
RESULT: {}
RESULT: {}
COMMAND: GET /session/ff12bb945472b7ca0752b083f0a6a649/screenshot - {}
RESULT: {}
RESULT: {}
COMMAND: POST /session/ff12bb945472b7ca0752b083f0a6a649/element/f.83A52D51DE7EE447A745C47B9BBA803D.d.EC9F30B1070AD9932BFD215B3A978266.e.11255/clear - {}
RESULT: {}
COMMAND: POST /session/ff12bb945472b7ca0752b083f0a6a649/element/f.83A52D51DE7EE447A745C47B9BBA803D.d.EC9F30B1070AD9932BFD215B3A978266.e.11255/value - {"text":"10401"}
COMMAND: GET /session/ff12bb945472b7ca0752b083f0a6a649/screenshot - {}
RESULT: {"text":"10401"}
COMMAND: POST /session/ff12bb945472b7ca0752b083f0a6a649/actions - {"actions":[{"id":"action39","type":"key","parameters":{},"actions":[{"type":"keyDown","value":"î€‡"},{"type":"pause","duration":10},{"type":"keyUp","value":"î€‡"}]}]}
COMMAND: GET /session/ff12bb945472b7ca0752b083f0a6a649/screenshot - {}
RESULT: {}
RESULT: {"actions":[{"id":"action39","type":"key","parameters":{},"actions":[{"type":"keyDown","value":"î€‡"},{"type":"pause","duration":10},{"type":"keyUp","value":"î€‡"}]}]}
COMMAND: GET /session/ff12bb945472b7ca0752b083f0a6a649/screenshot - {}
RESULT: {}
RESULT: {}
COMMAND: POST /session/ff12bb945472b7ca0752b083f0a6a649/element - {"using":"xpath","value":"//span[contains(@id ,\"application-billingtransfer-display-component---billingWorkbench--smartTableBillingRuns-header-inner\")]"}
RESULT: {"using":"xpath","value":"//span[contains(@id ,\"application-billingtransfer-display-component---billingWorkbench--smartTableBillingRuns-header-inner\")]"}
COMMAND: POST /session/ff12bb945472b7ca0752b083f0a6a649/elements - {"using":"xpath","value":"//span[contains(@id ,\"application-billingtransfer-display-component---billingWorkbench--smartTableBillingRuns-header-inner\")]"}
RESULT: {"using":"xpath","value":"//span[contains(@id ,\"application-billingtransfer-display-component---billingWorkbench--smartTableBillingRuns-header-inner\")]"}
COMMAND: POST /session/ff12bb945472b7ca0752b083f0a6a649/execute/sync - {"script":"<script> [56 bytes]","args":[{"element-6066-11e4-a52e-4f735466cecf":"f.83A52D51DE7EE447A745C47B9BBA803D.d.EC9F30B1070AD9932BFD215B3A978266.e.11423","ELEMENT":"f.83A52D51DE7EE447A745C47B9BBA803D.d.EC9F30B1070AD9932BFD215B3A978266.e.11423"}]}
RESULT: {"script":"<script> [56 bytes]","args":[{"element-6066-11e4-a52e-4f735466cecf":"f.83A52D51DE7EE447A745C47B9BBA803D.d.EC9F30B1070AD9932BFD215B3A978266.e.11423","ELEMENT":"f.83A52D51DE7EE447A745C47B9BBA803D.d.EC9F30B1070AD9932BFD215B3A978266.e.11423"}]}
COMMAND: POST /session/ff12bb945472b7ca0752b083f0a6a649/element - {"using":"xpath","value":"//td[@aria-colindex=\"1\"]/div/div[contains(@class, \"sapMCbBg\")]"}
COMMAND: GET /session/ff12bb945472b7ca0752b083f0a6a649/screenshot - {}
RESULT: {"using":"xpath","value":"//td[@aria-colindex=\"1\"]/div/div[contains(@class, \"sapMCbBg\")]"}
COMMAND: POST /session/ff12bb945472b7ca0752b083f0a6a649/element/f.83A52D51DE7EE447A745C47B9BBA803D.d.EC9F30B1070AD9932BFD215B3A978266.e.11433/click - {}
RESULT: {}
RESULT: {}
COMMAND: GET /session/ff12bb945472b7ca0752b083f0a6a649/screenshot - {}
RESULT: {}
COMMAND: POST /session/ff12bb945472b7ca0752b083f0a6a649/element - {"using":"xpath","value":"//bdi[text()=\"Transfer\"]"}
RESULT: {"using":"xpath","value":"//bdi[text()=\"Transfer\"]"}
COMMAND: POST /session/ff12bb945472b7ca0752b083f0a6a649/element/f.83A52D51DE7EE447A745C47B9BBA803D.d.EC9F30B1070AD9932BFD215B3A978266.e.11434/click - {}
RESULT: {}
COMMAND: GET /session/ff12bb945472b7ca0752b083f0a6a649/screenshot - {}
RESULT: {}
COMMAND: POST /session/ff12bb945472b7ca0752b083f0a6a649/element - {"using":"xpath","value":"//bdi[contains(text(), \"OK\")]"}
RESULT: {"using":"xpath","value":"//bdi[contains(text(), \"OK\")]"}
COMMAND: POST /session/ff12bb945472b7ca0752b083f0a6a649/element/f.83A52D51DE7EE447A745C47B9BBA803D.d.EC9F30B1070AD9932BFD215B3A978266.e.11437/click - {}
RESULT: {}
COMMAND: GET /session/ff12bb945472b7ca0752b083f0a6a649/screenshot - {}
RESULT: {}
COMMAND: POST /session/ff12bb945472b7ca0752b083f0a6a649/element - {"using":"xpath","value":"(//span[contains(text(), \"Completed\")]/parent::div/preceding-sibling::div/span)[1]"}
RESULT: {"using":"xpath","value":"(//span[contains(text(), \"Completed\")]/parent::div/preceding-sibling::div/span)[1]"}
COMMAND: POST /session/ff12bb945472b7ca0752b083f0a6a649/element/f.83A52D51DE7EE447A745C47B9BBA803D.d.EC9F30B1070AD9932BFD215B3A978266.e.11446/click - {}
RESULT: {}
COMMAND: POST /session/ff12bb945472b7ca0752b083f0a6a649/element - {"using":"xpath","value":"//input[contains(@id ,\"application-billingtransfer-display-component---billingWorkbench--smartFilterBar-btnBasicSearch\")]"}
COMMAND: GET /session/ff12bb945472b7ca0752b083f0a6a649/screenshot - {}
RESULT: {"using":"xpath","value":"//input[contains(@id ,\"application-billingtransfer-display-component---billingWorkbench--smartFilterBar-btnBasicSearch\")]"}
COMMAND: POST /session/ff12bb945472b7ca0752b083f0a6a649/elements - {"using":"xpath","value":"//input[contains(@id ,\"application-billingtransfer-display-component---billingWorkbench--smartFilterBar-btnBasicSearch\")]"}
RESULT: {}
RESULT: {"using":"xpath","value":"//input[contains(@id ,\"application-billingtransfer-display-component---billingWorkbench--smartFilterBar-btnBasicSearch\")]"}
COMMAND: POST /session/ff12bb945472b7ca0752b083f0a6a649/execute/sync - {"script":"<script> [8489 bytes]","args":[{"element-6066-11e4-a52e-4f735466cecf":"f.83A52D51DE7EE447A745C47B9BBA803D.d.EC9F30B1070AD9932BFD215B3A978266.e.11255","ELEMENT":"f.83A52D51DE7EE447A745C47B9BBA803D.d.EC9F30B1070AD9932BFD215B3A978266.e.11255"}]}
RESULT: {"script":"<script> [8489 bytes]","args":[{"element-6066-11e4-a52e-4f735466cecf":"f.83A52D51DE7EE447A745C47B9BBA803D.d.EC9F30B1070AD9932BFD215B3A978266.e.11255","ELEMENT":"f.83A52D51DE7EE447A745C47B9BBA803D.d.EC9F30B1070AD9932BFD215B3A978266.e.11255"}]}
COMMAND: GET /session/ff12bb945472b7ca0752b083f0a6a649/element/f.83A52D51DE7EE447A745C47B9BBA803D.d.EC9F30B1070AD9932BFD215B3A978266.e.11255/enabled - {}
COMMAND: GET /session/ff12bb945472b7ca0752b083f0a6a649/screenshot - {}
RESULT: {}
COMMAND: POST /session/ff12bb945472b7ca0752b083f0a6a649/element/f.83A52D51DE7EE447A745C47B9BBA803D.d.EC9F30B1070AD9932BFD215B3A978266.e.11255/click - {}
COMMAND: GET /session/ff12bb945472b7ca0752b083f0a6a649/screenshot - {}
RESULT: {}
RESULT: {}
COMMAND: GET /session/ff12bb945472b7ca0752b083f0a6a649/screenshot - {}
RESULT: {}
RESULT: {}
COMMAND: POST /session/ff12bb945472b7ca0752b083f0a6a649/element/f.83A52D51DE7EE447A745C47B9BBA803D.d.EC9F30B1070AD9932BFD215B3A978266.e.11255/clear - {}
RESULT: {}
COMMAND: POST /session/ff12bb945472b7ca0752b083f0a6a649/element/f.83A52D51DE7EE447A745C47B9BBA803D.d.EC9F30B1070AD9932BFD215B3A978266.e.11255/value - {"text":"10401"}
COMMAND: GET /session/ff12bb945472b7ca0752b083f0a6a649/screenshot - {}
RESULT: {"text":"10401"}
COMMAND: POST /session/ff12bb945472b7ca0752b083f0a6a649/actions - {"actions":[{"id":"action40","type":"key","parameters":{},"actions":[{"type":"keyDown","value":"î€‡"},{"type":"pause","duration":10},{"type":"keyUp","value":"î€‡"}]}]}
COMMAND: GET /session/ff12bb945472b7ca0752b083f0a6a649/screenshot - {}
RESULT: {}
RESULT: {"actions":[{"id":"action40","type":"key","parameters":{},"actions":[{"type":"keyDown","value":"î€‡"},{"type":"pause","duration":10},{"type":"keyUp","value":"î€‡"}]}]}
COMMAND: GET /session/ff12bb945472b7ca0752b083f0a6a649/screenshot - {}
RESULT: {}
RESULT: {}
COMMAND: POST /session/ff12bb945472b7ca0752b083f0a6a649/element - {"using":"xpath","value":"//span[contains(@id ,\"application-billingtransfer-display-component---billingWorkbench--smartTableBillingRuns-header-inner\")]"}
RESULT: {"using":"xpath","value":"//span[contains(@id ,\"application-billingtransfer-display-component---billingWorkbench--smartTableBillingRuns-header-inner\")]"}
COMMAND: POST /session/ff12bb945472b7ca0752b083f0a6a649/elements - {"using":"xpath","value":"//span[contains(@id ,\"application-billingtransfer-display-component---billingWorkbench--smartTableBillingRuns-header-inner\")]"}
RESULT: {"using":"xpath","value":"//span[contains(@id ,\"application-billingtransfer-display-component---billingWorkbench--smartTableBillingRuns-header-inner\")]"}
COMMAND: POST /session/ff12bb945472b7ca0752b083f0a6a649/execute/sync - {"script":"<script> [56 bytes]","args":[{"element-6066-11e4-a52e-4f735466cecf":"f.83A52D51DE7EE447A745C47B9BBA803D.d.EC9F30B1070AD9932BFD215B3A978266.e.11423","ELEMENT":"f.83A52D51DE7EE447A745C47B9BBA803D.d.EC9F30B1070AD9932BFD215B3A978266.e.11423"}]}
RESULT: {"script":"<script> [56 bytes]","args":[{"element-6066-11e4-a52e-4f735466cecf":"f.83A52D51DE7EE447A745C47B9BBA803D.d.EC9F30B1070AD9932BFD215B3A978266.e.11423","ELEMENT":"f.83A52D51DE7EE447A745C47B9BBA803D.d.EC9F30B1070AD9932BFD215B3A978266.e.11423"}]}
COMMAND: GET /session/ff12bb945472b7ca0752b083f0a6a649/screenshot - {}
RESULT: {}
COMMAND: POST /session/ff12bb945472b7ca0752b083f0a6a649/execute/sync - {"script":"<script> [56 bytes]","args":[{"element-6066-11e4-a52e-4f735466cecf":"f.83A52D51DE7EE447A745C47B9BBA803D.d.EC9F30B1070AD9932BFD215B3A978266.e.11423","ELEMENT":"f.83A52D51DE7EE447A745C47B9BBA803D.d.EC9F30B1070AD9932BFD215B3A978266.e.11423"}]}
RESULT: {"script":"<script> [56 bytes]","args":[{"element-6066-11e4-a52e-4f735466cecf":"f.83A52D51DE7EE447A745C47B9BBA803D.d.EC9F30B1070AD9932BFD215B3A978266.e.11423","ELEMENT":"f.83A52D51DE7EE447A745C47B9BBA803D.d.EC9F30B1070AD9932BFD215B3A978266.e.11423"}]}
COMMAND: GET /session/ff12bb945472b7ca0752b083f0a6a649/screenshot - {}
RESULT: {}
COMMAND: POST /session/ff12bb945472b7ca0752b083f0a6a649/execute/sync - {"script":"<script> [56 bytes]","args":[{"element-6066-11e4-a52e-4f735466cecf":"f.83A52D51DE7EE447A745C47B9BBA803D.d.EC9F30B1070AD9932BFD215B3A978266.e.11423","ELEMENT":"f.83A52D51DE7EE447A745C47B9BBA803D.d.EC9F30B1070AD9932BFD215B3A978266.e.11423"}]}
RESULT: {"script":"<script> [56 bytes]","args":[{"element-6066-11e4-a52e-4f735466cecf":"f.83A52D51DE7EE447A745C47B9BBA803D.d.EC9F30B1070AD9932BFD215B3A978266.e.11423","ELEMENT":"f.83A52D51DE7EE447A745C47B9BBA803D.d.EC9F30B1070AD9932BFD215B3A978266.e.11423"}]}
COMMAND: GET /session/ff12bb945472b7ca0752b083f0a6a649/screenshot - {}
RESULT: {}
COMMAND: POST /session/ff12bb945472b7ca0752b083f0a6a649/execute/sync - {"script":"<script> [56 bytes]","args":[{"element-6066-11e4-a52e-4f735466cecf":"f.83A52D51DE7EE447A745C47B9BBA803D.d.EC9F30B1070AD9932BFD215B3A978266.e.11423","ELEMENT":"f.83A52D51DE7EE447A745C47B9BBA803D.d.EC9F30B1070AD9932BFD215B3A978266.e.11423"}]}
RESULT: {"script":"<script> [56 bytes]","args":[{"element-6066-11e4-a52e-4f735466cecf":"f.83A52D51DE7EE447A745C47B9BBA803D.d.EC9F30B1070AD9932BFD215B3A978266.e.11423","ELEMENT":"f.83A52D51DE7EE447A745C47B9BBA803D.d.EC9F30B1070AD9932BFD215B3A978266.e.11423"}]}
COMMAND: GET /session/ff12bb945472b7ca0752b083f0a6a649/screenshot - {}
RESULT: {}
COMMAND: POST /session/ff12bb945472b7ca0752b083f0a6a649/execute/sync - {"script":"<script> [56 bytes]","args":[{"element-6066-11e4-a52e-4f735466cecf":"f.83A52D51DE7EE447A745C47B9BBA803D.d.EC9F30B1070AD9932BFD215B3A978266.e.11423","ELEMENT":"f.83A52D51DE7EE447A745C47B9BBA803D.d.EC9F30B1070AD9932BFD215B3A978266.e.11423"}]}
RESULT: {"script":"<script> [56 bytes]","args":[{"element-6066-11e4-a52e-4f735466cecf":"f.83A52D51DE7EE447A745C47B9BBA803D.d.EC9F30B1070AD9932BFD215B3A978266.e.11423","ELEMENT":"f.83A52D51DE7EE447A745C47B9BBA803D.d.EC9F30B1070AD9932BFD215B3A978266.e.11423"}]}
COMMAND: GET /session/ff12bb945472b7ca0752b083f0a6a649/screenshot - {}
RESULT: {}
COMMAND: POST /session/ff12bb945472b7ca0752b083f0a6a649/execute/sync - {"script":"<script> [56 bytes]","args":[{"element-6066-11e4-a52e-4f735466cecf":"f.83A52D51DE7EE447A745C47B9BBA803D.d.EC9F30B1070AD9932BFD215B3A978266.e.11423","ELEMENT":"f.83A52D51DE7EE447A745C47B9BBA803D.d.EC9F30B1070AD9932BFD215B3A978266.e.11423"}]}
RESULT: {"script":"<script> [56 bytes]","args":[{"element-6066-11e4-a52e-4f735466cecf":"f.83A52D51DE7EE447A745C47B9BBA803D.d.EC9F30B1070AD9932BFD215B3A978266.e.11423","ELEMENT":"f.83A52D51DE7EE447A745C47B9BBA803D.d.EC9F30B1070AD9932BFD215B3A978266.e.11423"}]}
COMMAND: GET /session/ff12bb945472b7ca0752b083f0a6a649/screenshot - {}
RESULT: {}
COMMAND: POST /session/ff12bb945472b7ca0752b083f0a6a649/execute/sync - {"script":"<script> [56 bytes]","args":[{"element-6066-11e4-a52e-4f735466cecf":"f.83A52D51DE7EE447A745C47B9BBA803D.d.EC9F30B1070AD9932BFD215B3A978266.e.11423","ELEMENT":"f.83A52D51DE7EE447A745C47B9BBA803D.d.EC9F30B1070AD9932BFD215B3A978266.e.11423"}]}
RESULT: {"script":"<script> [56 bytes]","args":[{"element-6066-11e4-a52e-4f735466cecf":"f.83A52D51DE7EE447A745C47B9BBA803D.d.EC9F30B1070AD9932BFD215B3A978266.e.11423","ELEMENT":"f.83A52D51DE7EE447A745C47B9BBA803D.d.EC9F30B1070AD9932BFD215B3A978266.e.11423"}]}
COMMAND: GET /session/ff12bb945472b7ca0752b083f0a6a649/screenshot - {}
RESULT: {}
COMMAND: POST /session/ff12bb945472b7ca0752b083f0a6a649/execute/sync - {"script":"<script> [56 bytes]","args":[{"element-6066-11e4-a52e-4f735466cecf":"f.83A52D51DE7EE447A745C47B9BBA803D.d.EC9F30B1070AD9932BFD215B3A978266.e.11423","ELEMENT":"f.83A52D51DE7EE447A745C47B9BBA803D.d.EC9F30B1070AD9932BFD215B3A978266.e.11423"}]}
RESULT: {"script":"<script> [56 bytes]","args":[{"element-6066-11e4-a52e-4f735466cecf":"f.83A52D51DE7EE447A745C47B9BBA803D.d.EC9F30B1070AD9932BFD215B3A978266.e.11423","ELEMENT":"f.83A52D51DE7EE447A745C47B9BBA803D.d.EC9F30B1070AD9932BFD215B3A978266.e.11423"}]}
COMMAND: GET /session/ff12bb945472b7ca0752b083f0a6a649/screenshot - {}
RESULT: {}
COMMAND: POST /session/ff12bb945472b7ca0752b083f0a6a649/execute/sync - {"script":"<script> [56 bytes]","args":[{"element-6066-11e4-a52e-4f735466cecf":"f.83A52D51DE7EE447A745C47B9BBA803D.d.EC9F30B1070AD9932BFD215B3A978266.e.11423","ELEMENT":"f.83A52D51DE7EE447A745C47B9BBA803D.d.EC9F30B1070AD9932BFD215B3A978266.e.11423"}]}
RESULT: {"script":"<script> [56 bytes]","args":[{"element-6066-11e4-a52e-4f735466cecf":"f.83A52D51DE7EE447A745C47B9BBA803D.d.EC9F30B1070AD9932BFD215B3A978266.e.11423","ELEMENT":"f.83A52D51DE7EE447A745C47B9BBA803D.d.EC9F30B1070AD9932BFD215B3A978266.e.11423"}]}
COMMAND: GET /session/ff12bb945472b7ca0752b083f0a6a649/screenshot - {}
RESULT: {}
COMMAND: POST /session/ff12bb945472b7ca0752b083f0a6a649/execute/sync - {"script":"<script> [56 bytes]","args":[{"element-6066-11e4-a52e-4f735466cecf":"f.83A52D51DE7EE447A745C47B9BBA803D.d.EC9F30B1070AD9932BFD215B3A978266.e.11423","ELEMENT":"f.83A52D51DE7EE447A745C47B9BBA803D.d.EC9F30B1070AD9932BFD215B3A978266.e.11423"}]}
RESULT: {"script":"<script> [56 bytes]","args":[{"element-6066-11e4-a52e-4f735466cecf":"f.83A52D51DE7EE447A745C47B9BBA803D.d.EC9F30B1070AD9932BFD215B3A978266.e.11423","ELEMENT":"f.83A52D51DE7EE447A745C47B9BBA803D.d.EC9F30B1070AD9932BFD215B3A978266.e.11423"}]}
COMMAND: GET /session/ff12bb945472b7ca0752b083f0a6a649/screenshot - {}
RESULT: {}
COMMAND: POST /session/ff12bb945472b7ca0752b083f0a6a649/execute/sync - {"script":"<script> [56 bytes]","args":[{"element-6066-11e4-a52e-4f735466cecf":"f.83A52D51DE7EE447A745C47B9BBA803D.d.EC9F30B1070AD9932BFD215B3A978266.e.11423","ELEMENT":"f.83A52D51DE7EE447A745C47B9BBA803D.d.EC9F30B1070AD9932BFD215B3A978266.e.11423"}]}
RESULT: {"script":"<script> [56 bytes]","args":[{"element-6066-11e4-a52e-4f735466cecf":"f.83A52D51DE7EE447A745C47B9BBA803D.d.EC9F30B1070AD9932BFD215B3A978266.e.11423","ELEMENT":"f.83A52D51DE7EE447A745C47B9BBA803D.d.EC9F30B1070AD9932BFD215B3A978266.e.11423"}]}
COMMAND: GET /session/ff12bb945472b7ca0752b083f0a6a649/screenshot - {}
RESULT: {}
COMMAND: POST /session/ff12bb945472b7ca0752b083f0a6a649/execute/sync - {"script":"<script> [56 bytes]","args":[{"element-6066-11e4-a52e-4f735466cecf":"f.83A52D51DE7EE447A745C47B9BBA803D.d.EC9F30B1070AD9932BFD215B3A978266.e.11423","ELEMENT":"f.83A52D51DE7EE447A745C47B9BBA803D.d.EC9F30B1070AD9932BFD215B3A978266.e.11423"}]}
RESULT: {"script":"<script> [56 bytes]","args":[{"element-6066-11e4-a52e-4f735466cecf":"f.83A52D51DE7EE447A745C47B9BBA803D.d.EC9F30B1070AD9932BFD215B3A978266.e.11423","ELEMENT":"f.83A52D51DE7EE447A745C47B9BBA803D.d.EC9F30B1070AD9932BFD215B3A978266.e.11423"}]}
COMMAND: GET /session/ff12bb945472b7ca0752b083f0a6a649/screenshot - {}
RESULT: {}
COMMAND: POST /session/ff12bb945472b7ca0752b083f0a6a649/execute/sync - {"script":"<script> [56 bytes]","args":[{"element-6066-11e4-a52e-4f735466cecf":"f.83A52D51DE7EE447A745C47B9BBA803D.d.EC9F30B1070AD9932BFD215B3A978266.e.11423","ELEMENT":"f.83A52D51DE7EE447A745C47B9BBA803D.d.EC9F30B1070AD9932BFD215B3A978266.e.11423"}]}
RESULT: {"script":"<script> [56 bytes]","args":[{"element-6066-11e4-a52e-4f735466cecf":"f.83A52D51DE7EE447A745C47B9BBA803D.d.EC9F30B1070AD9932BFD215B3A978266.e.11423","ELEMENT":"f.83A52D51DE7EE447A745C47B9BBA803D.d.EC9F30B1070AD9932BFD215B3A978266.e.11423"}]}
COMMAND: GET /session/ff12bb945472b7ca0752b083f0a6a649/screenshot - {}
RESULT: {}
COMMAND: POST /session/ff12bb945472b7ca0752b083f0a6a649/execute/sync - {"script":"<script> [56 bytes]","args":[{"element-6066-11e4-a52e-4f735466cecf":"f.83A52D51DE7EE447A745C47B9BBA803D.d.EC9F30B1070AD9932BFD215B3A978266.e.11423","ELEMENT":"f.83A52D51DE7EE447A745C47B9BBA803D.d.EC9F30B1070AD9932BFD215B3A978266.e.11423"}]}
RESULT: {"script":"<script> [56 bytes]","args":[{"element-6066-11e4-a52e-4f735466cecf":"f.83A52D51DE7EE447A745C47B9BBA803D.d.EC9F30B1070AD9932BFD215B3A978266.e.11423","ELEMENT":"f.83A52D51DE7EE447A745C47B9BBA803D.d.EC9F30B1070AD9932BFD215B3A978266.e.11423"}]}
COMMAND: GET /session/ff12bb945472b7ca0752b083f0a6a649/screenshot - {}
RESULT: {}
COMMAND: POST /session/ff12bb945472b7ca0752b083f0a6a649/execute/sync - {"script":"<script> [56 bytes]","args":[{"element-6066-11e4-a52e-4f735466cecf":"f.83A52D51DE7EE447A745C47B9BBA803D.d.EC9F30B1070AD9932BFD215B3A978266.e.11423","ELEMENT":"f.83A52D51DE7EE447A745C47B9BBA803D.d.EC9F30B1070AD9932BFD215B3A978266.e.11423"}]}
RESULT: {"script":"<script> [56 bytes]","args":[{"element-6066-11e4-a52e-4f735466cecf":"f.83A52D51DE7EE447A745C47B9BBA803D.d.EC9F30B1070AD9932BFD215B3A978266.e.11423","ELEMENT":"f.83A52D51DE7EE447A745C47B9BBA803D.d.EC9F30B1070AD9932BFD215B3A978266.e.11423"}]}
COMMAND: GET /session/ff12bb945472b7ca0752b083f0a6a649/screenshot - {}
RESULT: {}
COMMAND: POST /session/ff12bb945472b7ca0752b083f0a6a649/execute/sync - {"script":"<script> [56 bytes]","args":[{"element-6066-11e4-a52e-4f735466cecf":"f.83A52D51DE7EE447A745C47B9BBA803D.d.EC9F30B1070AD9932BFD215B3A978266.e.11423","ELEMENT":"f.83A52D51DE7EE447A745C47B9BBA803D.d.EC9F30B1070AD9932BFD215B3A978266.e.11423"}]}
RESULT: {"script":"<script> [56 bytes]","args":[{"element-6066-11e4-a52e-4f735466cecf":"f.83A52D51DE7EE447A745C47B9BBA803D.d.EC9F30B1070AD9932BFD215B3A978266.e.11423","ELEMENT":"f.83A52D51DE7EE447A745C47B9BBA803D.d.EC9F30B1070AD9932BFD215B3A978266.e.11423"}]}
COMMAND: GET /session/ff12bb945472b7ca0752b083f0a6a649/screenshot - {}
RESULT: {}
COMMAND: POST /session/ff12bb945472b7ca0752b083f0a6a649/execute/sync - {"script":"<script> [56 bytes]","args":[{"element-6066-11e4-a52e-4f735466cecf":"f.83A52D51DE7EE447A745C47B9BBA803D.d.EC9F30B1070AD9932BFD215B3A978266.e.11423","ELEMENT":"f.83A52D51DE7EE447A745C47B9BBA803D.d.EC9F30B1070AD9932BFD215B3A978266.e.11423"}]}
RESULT: {"script":"<script> [56 bytes]","args":[{"element-6066-11e4-a52e-4f735466cecf":"f.83A52D51DE7EE447A745C47B9BBA803D.d.EC9F30B1070AD9932BFD215B3A978266.e.11423","ELEMENT":"f.83A52D51DE7EE447A745C47B9BBA803D.d.EC9F30B1070AD9932BFD215B3A978266.e.11423"}]}
COMMAND: GET /session/ff12bb945472b7ca0752b083f0a6a649/screenshot - {}
RESULT: {}
COMMAND: POST /session/ff12bb945472b7ca0752b083f0a6a649/execute/sync - {"script":"<script> [56 bytes]","args":[{"element-6066-11e4-a52e-4f735466cecf":"f.83A52D51DE7EE447A745C47B9BBA803D.d.EC9F30B1070AD9932BFD215B3A978266.e.11423","ELEMENT":"f.83A52D51DE7EE447A745C47B9BBA803D.d.EC9F30B1070AD9932BFD215B3A978266.e.11423"}]}
RESULT: {"script":"<script> [56 bytes]","args":[{"element-6066-11e4-a52e-4f735466cecf":"f.83A52D51DE7EE447A745C47B9BBA803D.d.EC9F30B1070AD9932BFD215B3A978266.e.11423","ELEMENT":"f.83A52D51DE7EE447A745C47B9BBA803D.d.EC9F30B1070AD9932BFD215B3A978266.e.11423"}]}
COMMAND: GET /session/ff12bb945472b7ca0752b083f0a6a649/screenshot - {}
RESULT: {}
COMMAND: POST /session/ff12bb945472b7ca0752b083f0a6a649/execute/sync - {"script":"<script> [56 bytes]","args":[{"element-6066-11e4-a52e-4f735466cecf":"f.83A52D51DE7EE447A745C47B9BBA803D.d.EC9F30B1070AD9932BFD215B3A978266.e.11423","ELEMENT":"f.83A52D51DE7EE447A745C47B9BBA803D.d.EC9F30B1070AD9932BFD215B3A978266.e.11423"}]}
RESULT: {"script":"<script> [56 bytes]","args":[{"element-6066-11e4-a52e-4f735466cecf":"f.83A52D51DE7EE447A745C47B9BBA803D.d.EC9F30B1070AD9932BFD215B3A978266.e.11423","ELEMENT":"f.83A52D51DE7EE447A745C47B9BBA803D.d.EC9F30B1070AD9932BFD215B3A978266.e.11423"}]}
COMMAND: POST /session/ff12bb945472b7ca0752b083f0a6a649/element - {"using":"css selector","value":"#shell-header-logo"}
COMMAND: GET /session/ff12bb945472b7ca0752b083f0a6a649/screenshot - {}
RESULT: {"using":"css selector","value":"#shell-header-logo"}
COMMAND: POST /session/ff12bb945472b7ca0752b083f0a6a649/element/f.83A52D51DE7EE447A745C47B9BBA803D.d.EC9F30B1070AD9932BFD215B3A978266.e.11253/click - {}
RESULT: {}
RESULT: {}
COMMAND: GET /session/ff12bb945472b7ca0752b083f0a6a649/screenshot - {}
RESULT: {}
COMMAND: POST /session/ff12bb945472b7ca0752b083f0a6a649/element - {"using":"css selector","value":"#j_username"}
COMMAND: POST /session/ff12bb945472b7ca0752b083f0a6a649/url - {"url":"https://qa-testing-00-live-etm-ui.cfapps.eu10-004.hana.ondemand.com/"}
RESULT: {"using":"css selector","value":"#j_username"}
COMMAND: POST /session/ff12bb945472b7ca0752b083f0a6a649/element - {"using":"css selector","value":"#j_username"}
RESULT: {"url":"https://qa-testing-00-live-etm-ui.cfapps.eu10-004.hana.ondemand.com/"}
RESULT: undefined
COMMAND: GET /session/ff12bb945472b7ca0752b083f0a6a649/screenshot - {}
RESULT: {"using":"css selector","value":"#j_username"}
COMMAND: POST /session/ff12bb945472b7ca0752b083f0a6a649/element - {"using":"css selector","value":"#shell-header-logo"}
RESULT: {}
RESULT: {"using":"css selector","value":"#shell-header-logo"}
COMMAND: POST /session/ff12bb945472b7ca0752b083f0a6a649/execute/sync - {"script":"<script> [8489 bytes]","args":[{"element-6066-11e4-a52e-4f735466cecf":"f.83A52D51DE7EE447A745C47B9BBA803D.d.BFC05C45C10E1C7E1E2FE8977F85BE86.e.11465","ELEMENT":"f.83A52D51DE7EE447A745C47B9BBA803D.d.BFC05C45C10E1C7E1E2FE8977F85BE86.e.11465"}]}
RESULT: {"script":"<script> [8489 bytes]","args":[{"element-6066-11e4-a52e-4f735466cecf":"f.83A52D51DE7EE447A745C47B9BBA803D.d.BFC05C45C10E1C7E1E2FE8977F85BE86.e.11465","ELEMENT":"f.83A52D51DE7EE447A745C47B9BBA803D.d.BFC05C45C10E1C7E1E2FE8977F85BE86.e.11465"}]}
COMMAND: POST /session/ff12bb945472b7ca0752b083f0a6a649/element - {"using":"css selector","value":"#shell-header-logo"}
COMMAND: GET /session/ff12bb945472b7ca0752b083f0a6a649/screenshot - {}
RESULT: {"using":"css selector","value":"#shell-header-logo"}
COMMAND: POST /session/ff12bb945472b7ca0752b083f0a6a649/execute/sync - {"script":"<script> [8489 bytes]","args":[{"element-6066-11e4-a52e-4f735466cecf":"f.83A52D51DE7EE447A745C47B9BBA803D.d.BFC05C45C10E1C7E1E2FE8977F85BE86.e.11465","ELEMENT":"f.83A52D51DE7EE447A745C47B9BBA803D.d.BFC05C45C10E1C7E1E2FE8977F85BE86.e.11465"}]}
RESULT: {}
RESULT: {"script":"<script> [8489 bytes]","args":[{"element-6066-11e4-a52e-4f735466cecf":"f.83A52D51DE7EE447A745C47B9BBA803D.d.BFC05C45C10E1C7E1E2FE8977F85BE86.e.11465","ELEMENT":"f.83A52D51DE7EE447A745C47B9BBA803D.d.BFC05C45C10E1C7E1E2FE8977F85BE86.e.11465"}]}
COMMAND: POST /session/ff12bb945472b7ca0752b083f0a6a649/execute/sync - {"script":"<script> [5351 bytes]","args":[{"element-6066-11e4-a52e-4f735466cecf":"f.83A52D51DE7EE447A745C47B9BBA803D.d.BFC05C45C10E1C7E1E2FE8977F85BE86.e.11465","ELEMENT":"f.83A52D51DE7EE447A745C47B9BBA803D.d.BFC05C45C10E1C7E1E2FE8977F85BE86.e.11465"}]}
COMMAND: GET /session/ff12bb945472b7ca0752b083f0a6a649/screenshot - {}
RESULT: {"script":"<script> [5351 bytes]","args":[{"element-6066-11e4-a52e-4f735466cecf":"f.83A52D51DE7EE447A745C47B9BBA803D.d.BFC05C45C10E1C7E1E2FE8977F85BE86.e.11465","ELEMENT":"f.83A52D51DE7EE447A745C47B9BBA803D.d.BFC05C45C10E1C7E1E2FE8977F85BE86.e.11465"}]}
COMMAND: POST /session/ff12bb945472b7ca0752b083f0a6a649/element - {"using":"css selector","value":"#shell-header-logo"}
COMMAND: GET /session/ff12bb945472b7ca0752b083f0a6a649/screenshot - {}
RESULT: {}
RESULT: {"using":"css selector","value":"#shell-header-logo"}
COMMAND: POST /session/ff12bb945472b7ca0752b083f0a6a649/element/f.83A52D51DE7EE447A745C47B9BBA803D.d.BFC05C45C10E1C7E1E2FE8977F85BE86.e.11465/click - {}
RESULT: {}
RESULT: {}
COMMAND: GET /session/ff12bb945472b7ca0752b083f0a6a649/screenshot - {}
RESULT: {}
COMMAND: POST /session/ff12bb945472b7ca0752b083f0a6a649/execute/async - {"script":"<script> [189 bytes]","args":[]}
RESULT: {"script":"<script> [189 bytes]","args":[]}
COMMAND: POST /session/ff12bb945472b7ca0752b083f0a6a649/execute/async - {"script":"<script> [123 bytes]","args":[]}
RESULT: {"script":"<script> [123 bytes]","args":[]}
COMMAND: POST /session/ff12bb945472b7ca0752b083f0a6a649/timeouts - {"script":"<number>"}
RESULT: {"script":"<number>"}
COMMAND: GET /session/ff12bb945472b7ca0752b083f0a6a649/timeouts - {}
RESULT: {}
RESULT: undefined
COMMAND: POST /session/ff12bb945472b7ca0752b083f0a6a649/execute/async - {"script":"<script> [2676 bytes]","args":[]}
RESULT: {"script":"<script> [2676 bytes]","args":[]}
COMMAND: POST /session/ff12bb945472b7ca0752b083f0a6a649/execute/async - {"script":"<script> [2342 bytes]","args":[{"protocol":"http","hostname":"0.0.0.0","path":"/","capabilities":{"browserName":"chrome","goog:chromeOptions":{"binary":"C:\\Program Files\\Google\\Chrome\\Application\\chrome.exe","args":["--start-maximized"]}},"logLevel":"warn","connectionRetryTimeout":120000,"connectionRetryCount":3,"logLevels":{},"enableDirectConnect":true,"strictSSL":true,"_":"65 more keys: [\"cacheDir\",\"port\",\"requestedCapabilities\",\"automationProtocol\",\"baseUrl\",\"waitforInterval\",\"waitforTimeout\",\"onReload\",\"beforeCommand\",\"afterCommand\",\"rootDir\",\"specs\",\"suites\",\"exclude\",\"groupLogsByTestSpec\",\"excludeDriverLogs\",\"bail\",\"framework\",\"reporters\",\"services\",\"maxInstances\",\"maxInstancesPerCapability\",\"injectGlobals\",\"filesToWatch\",\"execArgv\",\"runnerEnv\",\"runner\",\"shard\",\"specFileRetries\",\"specFileRetriesDelay\",\"specFileRetriesDeferred\",\"reporterSyncInterval\",\"reporterSyncTimeout\",\"cucumberFeaturesWithLineNumbers\",\"autoCompileOpts\",\"mochaOpts\",\"jasmineOpts\",\"cucumberOpts\",\"onPrepare\",\"onWorkerStart\",\"onWorkerEnd\",\"before\",\"beforeSession\",\"beforeSuite\",\"beforeHook\",\"beforeTest\",\"afterTest\",\"afterHook\",\"afterSuite\",\"afterSession\",\"after\",\"onComplete\",\"beforeAssertion\",\"afterAssertion\",\"beforeFeature\",\"beforeScenario\",\"beforeStep\",\"afterStep\",\"afterScenario\",\"afterFeature\",\"_\",\"suite\",\"$0\",\"ignoredWorkerServices\",\"wdi5\"]"}]}
RESULT: {"script":"<script> [2342 bytes]","args":[{"protocol":"http","hostname":"0.0.0.0","path":"/","capabilities":{"browserName":"chrome","goog:chromeOptions":{"binary":"C:\\Program Files\\Google\\Chrome\\Application\\chrome.exe","args":["--start-maximized"]}},"logLevel":"warn","connectionRetryTimeout":120000,"connectionRetryCount":3,"logLevels":{},"enableDirectConnect":true,"strictSSL":true,"_":"65 more keys: [\"cacheDir\",\"port\",\"requestedCapabilities\",\"automationProtocol\",\"baseUrl\",\"waitforInterval\",\"waitforTimeout\",\"onReload\",\"beforeCommand\",\"afterCommand\",\"rootDir\",\"specs\",\"suites\",\"exclude\",\"groupLogsByTestSpec\",\"excludeDriverLogs\",\"bail\",\"framework\",\"reporters\",\"services\",\"maxInstances\",\"maxInstancesPerCapability\",\"injectGlobals\",\"filesToWatch\",\"execArgv\",\"runnerEnv\",\"runner\",\"shard\",\"specFileRetries\",\"specFileRetriesDelay\",\"specFileRetriesDeferred\",\"reporterSyncInterval\",\"reporterSyncTimeout\",\"cucumberFeaturesWithLineNumbers\",\"autoCompileOpts\",\"mochaOpts\",\"jasmineOpts\",\"cucumberOpts\",\"onPrepare\",\"onWorkerStart\",\"onWorkerEnd\",\"before\",\"beforeSession\",\"beforeSuite\",\"beforeHook\",\"beforeTest\",\"afterTest\",\"afterHook\",\"afterSuite\",\"afterSession\",\"after\",\"onComplete\",\"beforeAssertion\",\"afterAssertion\",\"beforeFeature\",\"beforeScenario\",\"beforeStep\",\"afterStep\",\"afterScenario\",\"afterFeature\",\"_\",\"suite\",\"$0\",\"ignoredWorkerServices\",\"wdi5\"]"}]}
COMMAND: POST /session/ff12bb945472b7ca0752b083f0a6a649/execute/async - {"script":"<script> [21126 bytes]","args":[35000]}
RESULT: {"script":"<script> [21126 bytes]","args":[35000]}
COMMAND: POST /session/ff12bb945472b7ca0752b083f0a6a649/window/maximize - {}
RESULT: {}
COMMAND: POST /session/ff12bb945472b7ca0752b083f0a6a649/execute/async - {"script":"<script> [1562 bytes]","args":[{"selector":{"id":"shell-header","interaction":{"idSuffix":"icon"}},"wdio_ui5_key":"shellheader"}]}
COMMAND: GET /session/ff12bb945472b7ca0752b083f0a6a649/screenshot - {}
RESULT: {"script":"<script> [1562 bytes]","args":[{"selector":{"id":"shell-header","interaction":{"idSuffix":"icon"}},"wdio_ui5_key":"shellheader"}]}
RESULT: undefined
COMMAND: POST /session/ff12bb945472b7ca0752b083f0a6a649/refresh - {}
RESULT: {}
RESULT: {}
COMMAND: GET /session/ff12bb945472b7ca0752b083f0a6a649/screenshot - {}
RESULT: {}
COMMAND: POST /session/ff12bb945472b7ca0752b083f0a6a649/refresh - {}
RESULT: {}
COMMAND: GET /session/ff12bb945472b7ca0752b083f0a6a649/screenshot - {}
RESULT: {}
COMMAND: POST /session/ff12bb945472b7ca0752b083f0a6a649/window/fullscreen - {}
RESULT: {}
COMMAND: POST /session/ff12bb945472b7ca0752b083f0a6a649/execute/async - {"script":"<script> [189 bytes]","args":[]}
RESULT: {"script":"<script> [189 bytes]","args":[]}
COMMAND: POST /session/ff12bb945472b7ca0752b083f0a6a649/execute/async - {"script":"<script> [123 bytes]","args":[]}
RESULT: {"script":"<script> [123 bytes]","args":[]}
COMMAND: POST /session/ff12bb945472b7ca0752b083f0a6a649/timeouts - {"script":"<number>"}
RESULT: {"script":"<number>"}
COMMAND: GET /session/ff12bb945472b7ca0752b083f0a6a649/timeouts - {}
RESULT: {}
RESULT: undefined
COMMAND: POST /session/ff12bb945472b7ca0752b083f0a6a649/execute/async - {"script":"<script> [2676 bytes]","args":[]}
RESULT: {"script":"<script> [2676 bytes]","args":[]}
COMMAND: POST /session/ff12bb945472b7ca0752b083f0a6a649/execute/async - {"script":"<script> [2342 bytes]","args":[{"protocol":"http","hostname":"0.0.0.0","path":"/","capabilities":{"browserName":"chrome","goog:chromeOptions":{"binary":"C:\\Program Files\\Google\\Chrome\\Application\\chrome.exe","args":["--start-maximized"]}},"logLevel":"warn","connectionRetryTimeout":120000,"connectionRetryCount":3,"logLevels":{},"enableDirectConnect":true,"strictSSL":true,"_":"65 more keys: [\"cacheDir\",\"port\",\"requestedCapabilities\",\"automationProtocol\",\"baseUrl\",\"waitforInterval\",\"waitforTimeout\",\"onReload\",\"beforeCommand\",\"afterCommand\",\"rootDir\",\"specs\",\"suites\",\"exclude\",\"groupLogsByTestSpec\",\"excludeDriverLogs\",\"bail\",\"framework\",\"reporters\",\"services\",\"maxInstances\",\"maxInstancesPerCapability\",\"injectGlobals\",\"filesToWatch\",\"execArgv\",\"runnerEnv\",\"runner\",\"shard\",\"specFileRetries\",\"specFileRetriesDelay\",\"specFileRetriesDeferred\",\"reporterSyncInterval\",\"reporterSyncTimeout\",\"cucumberFeaturesWithLineNumbers\",\"autoCompileOpts\",\"mochaOpts\",\"jasmineOpts\",\"cucumberOpts\",\"onPrepare\",\"onWorkerStart\",\"onWorkerEnd\",\"before\",\"beforeSession\",\"beforeSuite\",\"beforeHook\",\"beforeTest\",\"afterTest\",\"afterHook\",\"afterSuite\",\"afterSession\",\"after\",\"onComplete\",\"beforeAssertion\",\"afterAssertion\",\"beforeFeature\",\"beforeScenario\",\"beforeStep\",\"afterStep\",\"afterScenario\",\"afterFeature\",\"_\",\"suite\",\"$0\",\"ignoredWorkerServices\",\"wdi5\"]"}]}
RESULT: {"script":"<script> [2342 bytes]","args":[{"protocol":"http","hostname":"0.0.0.0","path":"/","capabilities":{"browserName":"chrome","goog:chromeOptions":{"binary":"C:\\Program Files\\Google\\Chrome\\Application\\chrome.exe","args":["--start-maximized"]}},"logLevel":"warn","connectionRetryTimeout":120000,"connectionRetryCount":3,"logLevels":{},"enableDirectConnect":true,"strictSSL":true,"_":"65 more keys: [\"cacheDir\",\"port\",\"requestedCapabilities\",\"automationProtocol\",\"baseUrl\",\"waitforInterval\",\"waitforTimeout\",\"onReload\",\"beforeCommand\",\"afterCommand\",\"rootDir\",\"specs\",\"suites\",\"exclude\",\"groupLogsByTestSpec\",\"excludeDriverLogs\",\"bail\",\"framework\",\"reporters\",\"services\",\"maxInstances\",\"maxInstancesPerCapability\",\"injectGlobals\",\"filesToWatch\",\"execArgv\",\"runnerEnv\",\"runner\",\"shard\",\"specFileRetries\",\"specFileRetriesDelay\",\"specFileRetriesDeferred\",\"reporterSyncInterval\",\"reporterSyncTimeout\",\"cucumberFeaturesWithLineNumbers\",\"autoCompileOpts\",\"mochaOpts\",\"jasmineOpts\",\"cucumberOpts\",\"onPrepare\",\"onWorkerStart\",\"onWorkerEnd\",\"before\",\"beforeSession\",\"beforeSuite\",\"beforeHook\",\"beforeTest\",\"afterTest\",\"afterHook\",\"afterSuite\",\"afterSession\",\"after\",\"onComplete\",\"beforeAssertion\",\"afterAssertion\",\"beforeFeature\",\"beforeScenario\",\"beforeStep\",\"afterStep\",\"afterScenario\",\"afterFeature\",\"_\",\"suite\",\"$0\",\"ignoredWorkerServices\",\"wdi5\"]"}]}
COMMAND: POST /session/ff12bb945472b7ca0752b083f0a6a649/execute/async - {"script":"<script> [21126 bytes]","args":[35000]}
RESULT: {"script":"<script> [21126 bytes]","args":[35000]}
]]></system-out>
    </testcase>
  </testsuite>
  <testsuite timestamp="2025-05-19T18:03:34" time="687.78" tests="12" failures="0" errors="0" skipped="0">
    <properties>
      <property name="specId" value="0" />
      <property name="suiteName" value="Create Reverse Billing US127248" />
      <property name="capabilities" value="chrome.136_0_7103_93.windows" />
      <property name="file" value="file:///D:/a/1/s/test/specs/BTS/reverse-billing.spec.js" />
    </properties>
    <testcase classname="chrome.136_0_7103_93.windows.Create_Reverse_Billing_US127248" name="Should create a new yard" time="0.013">
      <system-out><![CDATA[
COMMAND: POST /session/ff12bb945472b7ca0752b083f0a6a649/window/fullscreen - {}
RESULT: {}
]]></system-out>
    </testcase>
    <testcase classname="chrome.136_0_7103_93.windows.Create_Reverse_Billing_US127248" name="Should create a new partner" time="0.004" />
    <testcase classname="chrome.136_0_7103_93.windows.Create_Reverse_Billing_US127248" name="Should create a new site" time="0.004" />
    <testcase classname="chrome.136_0_7103_93.windows.Create_Reverse_Billing_US127248" name="Should create a resource" time="132.997">
      <system-out><![CDATA[
COMMAND: POST /session/ff12bb945472b7ca0752b083f0a6a649/execute/async - {"script":"<script> [1562 bytes]","args":[{"selector":{"controlType":"sap.m.GenericTile","properties":{"header":"Manage Resources"}},"wdio_ui5_key":"sapm.GenericTile{\"header\":\"Manage Resources\"}"}]}
RESULT: {"script":"<script> [1562 bytes]","args":[{"selector":{"controlType":"sap.m.GenericTile","properties":{"header":"Manage Resources"}},"wdio_ui5_key":"sapm.GenericTile{\"header\":\"Manage Resources\"}"}]}
RESULT: undefined
COMMAND: POST /session/ff12bb945472b7ca0752b083f0a6a649/element - {"using":"xpath","value":"//*[@id=\"__tile39\"]"}
RESULT: {"using":"xpath","value":"//*[@id=\"__tile39\"]"}
COMMAND: POST /session/ff12bb945472b7ca0752b083f0a6a649/element/f.83A52D51DE7EE447A745C47B9BBA803D.d.A69C160F2B716E9957072A45B269258C.e.11615/click - {}
RESULT: {}
COMMAND: GET /session/ff12bb945472b7ca0752b083f0a6a649/screenshot - {}
RESULT: {}
COMMAND: POST /session/ff12bb945472b7ca0752b083f0a6a649/elements - {"using":"xpath","value":"//span[text()='Error']"}
RESULT: {"using":"xpath","value":"//span[text()='Error']"}
COMMAND: POST /session/ff12bb945472b7ca0752b083f0a6a649/element - {"using":"xpath","value":"//button[@data-kt=\"addNewRUOverflowToolbarButton\"]"}
RESULT: {"using":"xpath","value":"//button[@data-kt=\"addNewRUOverflowToolbarButton\"]"}
COMMAND: POST /session/ff12bb945472b7ca0752b083f0a6a649/elements - {"using":"xpath","value":"//button[@data-kt=\"addNewRUOverflowToolbarButton\"]"}
RESULT: {"using":"xpath","value":"//button[@data-kt=\"addNewRUOverflowToolbarButton\"]"}
COMMAND: POST /session/ff12bb945472b7ca0752b083f0a6a649/elements - {"using":"xpath","value":"//button[@data-kt=\"addNewRUOverflowToolbarButton\"]"}
RESULT: {"using":"xpath","value":"//button[@data-kt=\"addNewRUOverflowToolbarButton\"]"}
COMMAND: POST /session/ff12bb945472b7ca0752b083f0a6a649/element - {"using":"xpath","value":"//button[@data-kt=\"addNewRUOverflowToolbarButton\"]"}
RESULT: {"using":"xpath","value":"//button[@data-kt=\"addNewRUOverflowToolbarButton\"]"}
COMMAND: POST /session/ff12bb945472b7ca0752b083f0a6a649/execute/sync - {"script":"<script> [8489 bytes]","args":[{"element-6066-11e4-a52e-4f735466cecf":"f.83A52D51DE7EE447A745C47B9BBA803D.d.A69C160F2B716E9957072A45B269258C.e.11755","ELEMENT":"f.83A52D51DE7EE447A745C47B9BBA803D.d.A69C160F2B716E9957072A45B269258C.e.11755"}]}
RESULT: {"script":"<script> [8489 bytes]","args":[{"element-6066-11e4-a52e-4f735466cecf":"f.83A52D51DE7EE447A745C47B9BBA803D.d.A69C160F2B716E9957072A45B269258C.e.11755","ELEMENT":"f.83A52D51DE7EE447A745C47B9BBA803D.d.A69C160F2B716E9957072A45B269258C.e.11755"}]}
COMMAND: GET /session/ff12bb945472b7ca0752b083f0a6a649/element/f.83A52D51DE7EE447A745C47B9BBA803D.d.A69C160F2B716E9957072A45B269258C.e.11755/enabled - {}
COMMAND: GET /session/ff12bb945472b7ca0752b083f0a6a649/screenshot - {}
RESULT: {}
COMMAND: POST /session/ff12bb945472b7ca0752b083f0a6a649/execute/sync - {"script":"<script> [8489 bytes]","args":[{"element-6066-11e4-a52e-4f735466cecf":"f.83A52D51DE7EE447A745C47B9BBA803D.d.A69C160F2B716E9957072A45B269258C.e.11755","ELEMENT":"f.83A52D51DE7EE447A745C47B9BBA803D.d.A69C160F2B716E9957072A45B269258C.e.11755"}]}
COMMAND: GET /session/ff12bb945472b7ca0752b083f0a6a649/screenshot - {}
RESULT: {}
RESULT: {"script":"<script> [8489 bytes]","args":[{"element-6066-11e4-a52e-4f735466cecf":"f.83A52D51DE7EE447A745C47B9BBA803D.d.A69C160F2B716E9957072A45B269258C.e.11755","ELEMENT":"f.83A52D51DE7EE447A745C47B9BBA803D.d.A69C160F2B716E9957072A45B269258C.e.11755"}]}
COMMAND: POST /session/ff12bb945472b7ca0752b083f0a6a649/execute/sync - {"script":"<script> [5351 bytes]","args":[{"element-6066-11e4-a52e-4f735466cecf":"f.83A52D51DE7EE447A745C47B9BBA803D.d.A69C160F2B716E9957072A45B269258C.e.11755","ELEMENT":"f.83A52D51DE7EE447A745C47B9BBA803D.d.A69C160F2B716E9957072A45B269258C.e.11755"}]}
COMMAND: GET /session/ff12bb945472b7ca0752b083f0a6a649/screenshot - {}
RESULT: {}
RESULT: {"script":"<script> [5351 bytes]","args":[{"element-6066-11e4-a52e-4f735466cecf":"f.83A52D51DE7EE447A745C47B9BBA803D.d.A69C160F2B716E9957072A45B269258C.e.11755","ELEMENT":"f.83A52D51DE7EE447A745C47B9BBA803D.d.A69C160F2B716E9957072A45B269258C.e.11755"}]}
COMMAND: POST /session/ff12bb945472b7ca0752b083f0a6a649/element/f.83A52D51DE7EE447A745C47B9BBA803D.d.A69C160F2B716E9957072A45B269258C.e.11755/click - {}
COMMAND: GET /session/ff12bb945472b7ca0752b083f0a6a649/screenshot - {}
RESULT: {}
RESULT: {}
COMMAND: GET /session/ff12bb945472b7ca0752b083f0a6a649/screenshot - {}
RESULT: {}
RESULT: {}
COMMAND: POST /session/ff12bb945472b7ca0752b083f0a6a649/execute/async - {"script":"<script> [1562 bytes]","args":[{"selector":{"id":"application-manageresources-display-component---newResourceUnit--TYPE-arrow"},"wdio_ui5_key":"applicationmanageresources-display-component---newResourceUnit--TYPE-arrow"}]}
RESULT: {"script":"<script> [1562 bytes]","args":[{"selector":{"id":"application-manageresources-display-component---newResourceUnit--TYPE-arrow"},"wdio_ui5_key":"applicationmanageresources-display-component---newResourceUnit--TYPE-arrow"}]}
RESULT: undefined
COMMAND: POST /session/ff12bb945472b7ca0752b083f0a6a649/element - {"using":"xpath","value":"//*[@id=\"application-manageresources-display-component---newResourceUnit--TYPE-arrow\"]"}
RESULT: {"using":"xpath","value":"//*[@id=\"application-manageresources-display-component---newResourceUnit--TYPE-arrow\"]"}
COMMAND: POST /session/ff12bb945472b7ca0752b083f0a6a649/element/f.83A52D51DE7EE447A745C47B9BBA803D.d.A69C160F2B716E9957072A45B269258C.e.12117/click - {}
RESULT: {}
COMMAND: POST /session/ff12bb945472b7ca0752b083f0a6a649/element - {"using":"xpath","value":"//input[@id=\"application-manageresources-display-component---newResourceUnit--TYPE-inner\"]"}
COMMAND: GET /session/ff12bb945472b7ca0752b083f0a6a649/screenshot - {}
RESULT: {"using":"xpath","value":"//input[@id=\"application-manageresources-display-component---newResourceUnit--TYPE-inner\"]"}
COMMAND: POST /session/ff12bb945472b7ca0752b083f0a6a649/element/f.83A52D51DE7EE447A745C47B9BBA803D.d.A69C160F2B716E9957072A45B269258C.e.12107/clear - {}
RESULT: {}
RESULT: {}
COMMAND: POST /session/ff12bb945472b7ca0752b083f0a6a649/element/f.83A52D51DE7EE447A745C47B9BBA803D.d.A69C160F2B716E9957072A45B269258C.e.12107/value - {"text":"Equipment"}
COMMAND: GET /session/ff12bb945472b7ca0752b083f0a6a649/screenshot - {}
RESULT: {"text":"Equipment"}
COMMAND: GET /session/ff12bb945472b7ca0752b083f0a6a649/screenshot - {}
RESULT: {}
RESULT: {}
COMMAND: POST /session/ff12bb945472b7ca0752b083f0a6a649/actions - {"actions":[{"id":"action41","type":"key","parameters":{},"actions":[{"type":"keyDown","value":"î€‡"},{"type":"pause","duration":10},{"type":"keyUp","value":"î€‡"}]}]}
RESULT: {"actions":[{"id":"action41","type":"key","parameters":{},"actions":[{"type":"keyDown","value":"î€‡"},{"type":"pause","duration":10},{"type":"keyUp","value":"î€‡"}]}]}
COMMAND: POST /session/ff12bb945472b7ca0752b083f0a6a649/execute/async - {"script":"<script> [1562 bytes]","args":[{"selector":{"id":"application-manageresources-display-component---newResourceUnit--resourceId","interaction":{"idSuffix":"inner"}},"wdio_ui5_key":"applicationmanageresources-display-component---newResourceUnit--resourceId"}]}
COMMAND: GET /session/ff12bb945472b7ca0752b083f0a6a649/screenshot - {}
RESULT: {"script":"<script> [1562 bytes]","args":[{"selector":{"id":"application-manageresources-display-component---newResourceUnit--resourceId","interaction":{"idSuffix":"inner"}},"wdio_ui5_key":"applicationmanageresources-display-component---newResourceUnit--resourceId"}]}
RESULT: undefined
COMMAND: POST /session/ff12bb945472b7ca0752b083f0a6a649/execute/async - {"script":"<script> [776 bytes]","args":[{"enterText":"grjQT0t10h","selector":{"id":"application-manageresources-display-component---newResourceUnit--resourceId","interaction":{"idSuffix":"inner"}},"clearTextFirst":true,"interactionType":"ENTER_TEXT"}]}
RESULT: {}
RESULT: {"script":"<script> [776 bytes]","args":[{"enterText":"grjQT0t10h","selector":{"id":"application-manageresources-display-component---newResourceUnit--resourceId","interaction":{"idSuffix":"inner"}},"clearTextFirst":true,"interactionType":"ENTER_TEXT"}]}
COMMAND: POST /session/ff12bb945472b7ca0752b083f0a6a649/execute/async - {"script":"<script> [1562 bytes]","args":[{"selector":{"id":"application-manageresources-display-component---newResourceUnit--SHORT_TEXT","interaction":{"idSuffix":"inner"}},"wdio_ui5_key":"applicationmanageresources-display-component---newResourceUnit--SHORT_TEXT"}]}
RESULT: {"script":"<script> [1562 bytes]","args":[{"selector":{"id":"application-manageresources-display-component---newResourceUnit--SHORT_TEXT","interaction":{"idSuffix":"inner"}},"wdio_ui5_key":"applicationmanageresources-display-component---newResourceUnit--SHORT_TEXT"}]}
RESULT: undefined
COMMAND: POST /session/ff12bb945472b7ca0752b083f0a6a649/execute/async - {"script":"<script> [776 bytes]","args":[{"enterText":"Intercompany Equipment WDIO","selector":{"id":"application-manageresources-display-component---newResourceUnit--SHORT_TEXT","interaction":{"idSuffix":"inner"}},"clearTextFirst":true,"interactionType":"ENTER_TEXT"}]}
RESULT: {"script":"<script> [776 bytes]","args":[{"enterText":"Intercompany Equipment WDIO","selector":{"id":"application-manageresources-display-component---newResourceUnit--SHORT_TEXT","interaction":{"idSuffix":"inner"}},"clearTextFirst":true,"interactionType":"ENTER_TEXT"}]}
COMMAND: POST /session/ff12bb945472b7ca0752b083f0a6a649/execute/async - {"script":"<script> [1562 bytes]","args":[{"selector":{"id":"application-manageresources-display-component---newResourceUnit--BASE_UNIT_OF_MEASURE","interaction":{"idSuffix":"inner"}},"wdio_ui5_key":"applicationmanageresources-display-component---newResourceUnit--BASE_UNIT_OF_MEASURE"}]}
RESULT: {"script":"<script> [1562 bytes]","args":[{"selector":{"id":"application-manageresources-display-component---newResourceUnit--BASE_UNIT_OF_MEASURE","interaction":{"idSuffix":"inner"}},"wdio_ui5_key":"applicationmanageresources-display-component---newResourceUnit--BASE_UNIT_OF_MEASURE"}]}
RESULT: undefined
COMMAND: POST /session/ff12bb945472b7ca0752b083f0a6a649/execute/async - {"script":"<script> [776 bytes]","args":[{"enterText":"Piece","selector":{"id":"application-manageresources-display-component---newResourceUnit--BASE_UNIT_OF_MEASURE","interaction":{"idSuffix":"inner"}},"clearTextFirst":true,"interactionType":"ENTER_TEXT"}]}
RESULT: {"script":"<script> [776 bytes]","args":[{"enterText":"Piece","selector":{"id":"application-manageresources-display-component---newResourceUnit--BASE_UNIT_OF_MEASURE","interaction":{"idSuffix":"inner"}},"clearTextFirst":true,"interactionType":"ENTER_TEXT"}]}
COMMAND: POST /session/ff12bb945472b7ca0752b083f0a6a649/execute/async - {"script":"<script> [1562 bytes]","args":[{"selector":{"id":"application-manageresources-display-component---newResourceUnit--WEIGHT_UNIT","interaction":{"idSuffix":"inner"}},"wdio_ui5_key":"applicationmanageresources-display-component---newResourceUnit--WEIGHT_UNIT"}]}
RESULT: {"script":"<script> [1562 bytes]","args":[{"selector":{"id":"application-manageresources-display-component---newResourceUnit--WEIGHT_UNIT","interaction":{"idSuffix":"inner"}},"wdio_ui5_key":"applicationmanageresources-display-component---newResourceUnit--WEIGHT_UNIT"}]}
RESULT: undefined
COMMAND: POST /session/ff12bb945472b7ca0752b083f0a6a649/execute/async - {"script":"<script> [776 bytes]","args":[{"enterText":"Gram","selector":{"id":"application-manageresources-display-component---newResourceUnit--WEIGHT_UNIT","interaction":{"idSuffix":"inner"}},"clearTextFirst":true,"interactionType":"ENTER_TEXT"}]}
RESULT: {"script":"<script> [776 bytes]","args":[{"enterText":"Gram","selector":{"id":"application-manageresources-display-component---newResourceUnit--WEIGHT_UNIT","interaction":{"idSuffix":"inner"}},"clearTextFirst":true,"interactionType":"ENTER_TEXT"}]}
COMMAND: POST /session/ff12bb945472b7ca0752b083f0a6a649/execute/async - {"script":"<script> [1562 bytes]","args":[{"selector":{"id":"application-manageresources-display-component---newResourceUnit--DIMENSION_UNIT","interaction":{"idSuffix":"inner"}},"wdio_ui5_key":"applicationmanageresources-display-component---newResourceUnit--DIMENSION_UNIT"}]}
RESULT: {"script":"<script> [1562 bytes]","args":[{"selector":{"id":"application-manageresources-display-component---newResourceUnit--DIMENSION_UNIT","interaction":{"idSuffix":"inner"}},"wdio_ui5_key":"applicationmanageresources-display-component---newResourceUnit--DIMENSION_UNIT"}]}
RESULT: undefined
COMMAND: POST /session/ff12bb945472b7ca0752b083f0a6a649/execute/async - {"script":"<script> [776 bytes]","args":[{"enterText":"Meter","selector":{"id":"application-manageresources-display-component---newResourceUnit--DIMENSION_UNIT","interaction":{"idSuffix":"inner"}},"clearTextFirst":true,"interactionType":"ENTER_TEXT"}]}
RESULT: {"script":"<script> [776 bytes]","args":[{"enterText":"Meter","selector":{"id":"application-manageresources-display-component---newResourceUnit--DIMENSION_UNIT","interaction":{"idSuffix":"inner"}},"clearTextFirst":true,"interactionType":"ENTER_TEXT"}]}
COMMAND: POST /session/ff12bb945472b7ca0752b083f0a6a649/execute/async - {"script":"<script> [1562 bytes]","args":[{"selector":{"id":"application-manageresources-display-component---newResourceUnit--newRRUPage-anchBar-application-manageresources-display-component---newResourceUnit--control-anchor","interaction":{"idSuffix":"BDI-content"}},"wdio_ui5_key":"applicationmanageresources-display-component---newResourceUnit--newRRUPage-anchBar-application-manageresources-display-component---newResourceUnit--control-anchor"}]}
RESULT: {"script":"<script> [1562 bytes]","args":[{"selector":{"id":"application-manageresources-display-component---newResourceUnit--newRRUPage-anchBar-application-manageresources-display-component---newResourceUnit--control-anchor","interaction":{"idSuffix":"BDI-content"}},"wdio_ui5_key":"applicationmanageresources-display-component---newResourceUnit--newRRUPage-anchBar-application-manageresources-display-component---newResourceUnit--control-anchor"}]}
RESULT: undefined
COMMAND: POST /session/ff12bb945472b7ca0752b083f0a6a649/element - {"using":"xpath","value":"//*[@id=\"application-manageresources-display-component---newResourceUnit--newRRUPage-anchBar-application-manageresources-display-component---newResourceUnit--control-anchor\"]"}
RESULT: {"using":"xpath","value":"//*[@id=\"application-manageresources-display-component---newResourceUnit--newRRUPage-anchBar-application-manageresources-display-component---newResourceUnit--control-anchor\"]"}
COMMAND: POST /session/ff12bb945472b7ca0752b083f0a6a649/element/f.83A52D51DE7EE447A745C47B9BBA803D.d.A69C160F2B716E9957072A45B269258C.e.12250/click - {}
RESULT: {}
COMMAND: POST /session/ff12bb945472b7ca0752b083f0a6a649/execute/async - {"script":"<script> [1562 bytes]","args":[{"selector":{"id":"application-manageresources-display-component---newResourceUnit--PLANNING_GROUP","interaction":{"idSuffix":"inner"}},"wdio_ui5_key":"applicationmanageresources-display-component---newResourceUnit--PLANNING_GROUP"}]}
COMMAND: GET /session/ff12bb945472b7ca0752b083f0a6a649/screenshot - {}
RESULT: {"script":"<script> [1562 bytes]","args":[{"selector":{"id":"application-manageresources-display-component---newResourceUnit--PLANNING_GROUP","interaction":{"idSuffix":"inner"}},"wdio_ui5_key":"applicationmanageresources-display-component---newResourceUnit--PLANNING_GROUP"}]}
RESULT: undefined
COMMAND: POST /session/ff12bb945472b7ca0752b083f0a6a649/execute/async - {"script":"<script> [776 bytes]","args":[{"enterText":"Heavy Equi","selector":{"id":"application-manageresources-display-component---newResourceUnit--PLANNING_GROUP","interaction":{"idSuffix":"inner"}},"clearTextFirst":true,"interactionType":"ENTER_TEXT"}]}
RESULT: {}
RESULT: {"script":"<script> [776 bytes]","args":[{"enterText":"Heavy Equi","selector":{"id":"application-manageresources-display-component---newResourceUnit--PLANNING_GROUP","interaction":{"idSuffix":"inner"}},"clearTextFirst":true,"interactionType":"ENTER_TEXT"}]}
COMMAND: POST /session/ff12bb945472b7ca0752b083f0a6a649/execute/async - {"script":"<script> [1562 bytes]","args":[{"selector":{"id":"application-manageresources-display-component---newResourceUnit--ITEM_TYPE-arrow"},"wdio_ui5_key":"applicationmanageresources-display-component---newResourceUnit--ITEM_TYPE-arrow"}]}
RESULT: {"script":"<script> [1562 bytes]","args":[{"selector":{"id":"application-manageresources-display-component---newResourceUnit--ITEM_TYPE-arrow"},"wdio_ui5_key":"applicationmanageresources-display-component---newResourceUnit--ITEM_TYPE-arrow"}]}
RESULT: undefined
COMMAND: POST /session/ff12bb945472b7ca0752b083f0a6a649/element - {"using":"xpath","value":"//*[@id=\"application-manageresources-display-component---newResourceUnit--ITEM_TYPE-arrow\"]"}
RESULT: {"using":"xpath","value":"//*[@id=\"application-manageresources-display-component---newResourceUnit--ITEM_TYPE-arrow\"]"}
COMMAND: POST /session/ff12bb945472b7ca0752b083f0a6a649/element/f.83A52D51DE7EE447A745C47B9BBA803D.d.A69C160F2B716E9957072A45B269258C.e.12257/click - {}
RESULT: {}
COMMAND: POST /session/ff12bb945472b7ca0752b083f0a6a649/element - {"using":"xpath","value":"(//span[contains(text(), \"Resource Unit\")])[2]"}
COMMAND: GET /session/ff12bb945472b7ca0752b083f0a6a649/screenshot - {}
RESULT: {"using":"xpath","value":"(//span[contains(text(), \"Resource Unit\")])[2]"}
COMMAND: POST /session/ff12bb945472b7ca0752b083f0a6a649/element/f.83A52D51DE7EE447A745C47B9BBA803D.d.A69C160F2B716E9957072A45B269258C.e.12258/click - {}
RESULT: {}
RESULT: {}
COMMAND: GET /session/ff12bb945472b7ca0752b083f0a6a649/screenshot - {}
RESULT: {}
COMMAND: POST /session/ff12bb945472b7ca0752b083f0a6a649/element - {"using":"css selector","value":"#application-manageresources-display-component---newResourceUnit--btnAddTimeSegment"}
RESULT: {"using":"css selector","value":"#application-manageresources-display-component---newResourceUnit--btnAddTimeSegment"}
COMMAND: GET /session/ff12bb945472b7ca0752b083f0a6a649/element/f.83A52D51DE7EE447A745C47B9BBA803D.d.A69C160F2B716E9957072A45B269258C.e.12259/rect - {}
RESULT: {}
COMMAND: GET /session/ff12bb945472b7ca0752b083f0a6a649/window/rect - {}
RESULT: {}
COMMAND: POST /session/ff12bb945472b7ca0752b083f0a6a649/execute/sync - {"script":"<script> [92 bytes]","args":[]}
RESULT: {"script":"<script> [92 bytes]","args":[]}
COMMAND: POST /session/ff12bb945472b7ca0752b083f0a6a649/actions - {"actions":[{"id":"action42","type":"wheel","parameters":{},"actions":[{"type":"scroll","x":-1888,"y":-32,"deltaX":0,"deltaY":0,"duration":0,"origin":{"element-6066-11e4-a52e-4f735466cecf":"f.83A52D51DE7EE447A745C47B9BBA803D.d.A69C160F2B716E9957072A45B269258C.e.12259"}}]}]}
COMMAND: GET /session/ff12bb945472b7ca0752b083f0a6a649/screenshot - {}
RESULT: {}
COMMAND: POST /session/ff12bb945472b7ca0752b083f0a6a649/execute/sync - {"script":"<script> [79 bytes]","args":[{"element-6066-11e4-a52e-4f735466cecf":"f.83A52D51DE7EE447A745C47B9BBA803D.d.A69C160F2B716E9957072A45B269258C.e.12259","ELEMENT":"f.83A52D51DE7EE447A745C47B9BBA803D.d.A69C160F2B716E9957072A45B269258C.e.12259"},{"block":"start","inline":"nearest"}]}
RESULT: {"script":"<script> [79 bytes]","args":[{"element-6066-11e4-a52e-4f735466cecf":"f.83A52D51DE7EE447A745C47B9BBA803D.d.A69C160F2B716E9957072A45B269258C.e.12259","ELEMENT":"f.83A52D51DE7EE447A745C47B9BBA803D.d.A69C160F2B716E9957072A45B269258C.e.12259"},{"block":"start","inline":"nearest"}]}
COMMAND: POST /session/ff12bb945472b7ca0752b083f0a6a649/execute/async - {"script":"<script> [1562 bytes]","args":[{"selector":{"id":"application-manageresources-display-component---newResourceUnit--btnAddTimeSegment","interaction":{"idSuffix":"inner"}},"wdio_ui5_key":"applicationmanageresources-display-component---newResourceUnit--btnAddTimeSegment"}]}
COMMAND: GET /session/ff12bb945472b7ca0752b083f0a6a649/screenshot - {}
RESULT: {"script":"<script> [1562 bytes]","args":[{"selector":{"id":"application-manageresources-display-component---newResourceUnit--btnAddTimeSegment","interaction":{"idSuffix":"inner"}},"wdio_ui5_key":"applicationmanageresources-display-component---newResourceUnit--btnAddTimeSegment"}]}
RESULT: undefined
COMMAND: POST /session/ff12bb945472b7ca0752b083f0a6a649/element - {"using":"xpath","value":"//*[@id=\"application-manageresources-display-component---newResourceUnit--btnAddTimeSegment\"]"}
RESULT: {}
RESULT: {"using":"xpath","value":"//*[@id=\"application-manageresources-display-component---newResourceUnit--btnAddTimeSegment\"]"}
COMMAND: POST /session/ff12bb945472b7ca0752b083f0a6a649/element/f.83A52D51DE7EE447A745C47B9BBA803D.d.A69C160F2B716E9957072A45B269258C.e.12259/click - {}
RESULT: {}
COMMAND: GET /session/ff12bb945472b7ca0752b083f0a6a649/screenshot - {}
RESULT: {}
COMMAND: POST /session/ff12bb945472b7ca0752b083f0a6a649/element - {"using":"xpath","value":"//input[@id=\"application-manageresources-display-component---newResourceUnit--idRuTSAdmin-application-manageresources-display-component---newResourceUnit--RUTimeSegment-0-inner\"]"}
RESULT: {"using":"xpath","value":"//input[@id=\"application-manageresources-display-component---newResourceUnit--idRuTSAdmin-application-manageresources-display-component---newResourceUnit--RUTimeSegment-0-inner\"]"}
COMMAND: POST /session/ff12bb945472b7ca0752b083f0a6a649/element/f.83A52D51DE7EE447A745C47B9BBA803D.d.A69C160F2B716E9957072A45B269258C.e.12265/clear - {}
RESULT: {}
COMMAND: POST /session/ff12bb945472b7ca0752b083f0a6a649/element/f.83A52D51DE7EE447A745C47B9BBA803D.d.A69C160F2B716E9957072A45B269258C.e.12265/value - {"text":"567"}
COMMAND: GET /session/ff12bb945472b7ca0752b083f0a6a649/screenshot - {}
RESULT: {"text":"567"}
COMMAND: GET /session/ff12bb945472b7ca0752b083f0a6a649/screenshot - {}
RESULT: {}
RESULT: {}
COMMAND: POST /session/ff12bb945472b7ca0752b083f0a6a649/element - {"using":"xpath","value":"//li[.//span[text()='567']]"}
RESULT: {"using":"xpath","value":"//li[.//span[text()='567']]"}
COMMAND: POST /session/ff12bb945472b7ca0752b083f0a6a649/element/f.83A52D51DE7EE447A745C47B9BBA803D.d.A69C160F2B716E9957072A45B269258C.e.12277/click - {}
RESULT: {}
COMMAND: GET /session/ff12bb945472b7ca0752b083f0a6a649/screenshot - {}
RESULT: {}
COMMAND: POST /session/ff12bb945472b7ca0752b083f0a6a649/element - {"using":"xpath","value":"(//span[contains(@id, \"-application-manageresources-display-component---newResourceUnit--RUTimeSegment-0-arrow\")])[6]"}
RESULT: {"using":"xpath","value":"(//span[contains(@id, \"-application-manageresources-display-component---newResourceUnit--RUTimeSegment-0-arrow\")])[6]"}
COMMAND: POST /session/ff12bb945472b7ca0752b083f0a6a649/element/f.83A52D51DE7EE447A745C47B9BBA803D.d.A69C160F2B716E9957072A45B269258C.e.12278/click - {}
RESULT: {}
COMMAND: GET /session/ff12bb945472b7ca0752b083f0a6a649/screenshot - {}
RESULT: {}
COMMAND: POST /session/ff12bb945472b7ca0752b083f0a6a649/element - {"using":"xpath","value":"//span[contains(text(), \"PM Order\")]"}
RESULT: {"using":"xpath","value":"//span[contains(text(), \"PM Order\")]"}
COMMAND: POST /session/ff12bb945472b7ca0752b083f0a6a649/element/f.83A52D51DE7EE447A745C47B9BBA803D.d.A69C160F2B716E9957072A45B269258C.e.12281/click - {}
RESULT: {}
COMMAND: GET /session/ff12bb945472b7ca0752b083f0a6a649/screenshot - {}
RESULT: {}
COMMAND: POST /session/ff12bb945472b7ca0752b083f0a6a649/element - {"using":"xpath","value":"(//span[contains(@id ,\"manageresources-display-component---newResourceUnit--RUTimeSegment-0-vhi\")])[1]"}
RESULT: {"using":"xpath","value":"(//span[contains(@id ,\"manageresources-display-component---newResourceUnit--RUTimeSegment-0-vhi\")])[1]"}
COMMAND: GET /session/ff12bb945472b7ca0752b083f0a6a649/element/f.83A52D51DE7EE447A745C47B9BBA803D.d.A69C160F2B716E9957072A45B269258C.e.12285/rect - {}
RESULT: {}
COMMAND: GET /session/ff12bb945472b7ca0752b083f0a6a649/window/rect - {}
RESULT: {}
COMMAND: POST /session/ff12bb945472b7ca0752b083f0a6a649/execute/sync - {"script":"<script> [92 bytes]","args":[]}
RESULT: {"script":"<script> [92 bytes]","args":[]}
COMMAND: POST /session/ff12bb945472b7ca0752b083f0a6a649/actions - {"actions":[{"id":"action43","type":"wheel","parameters":{},"actions":[{"type":"scroll","x":-869,"y":-24,"deltaX":0,"deltaY":0,"duration":0,"origin":{"element-6066-11e4-a52e-4f735466cecf":"f.83A52D51DE7EE447A745C47B9BBA803D.d.A69C160F2B716E9957072A45B269258C.e.12285"}}]}]}
COMMAND: GET /session/ff12bb945472b7ca0752b083f0a6a649/screenshot - {}
RESULT: {"actions":[{"id":"action43","type":"wheel","parameters":{},"actions":[{"type":"scroll","x":-869,"y":-24,"deltaX":0,"deltaY":0,"duration":0,"origin":{"element-6066-11e4-a52e-4f735466cecf":"f.83A52D51DE7EE447A745C47B9BBA803D.d.A69C160F2B716E9957072A45B269258C.e.12285"}}]}]}
COMMAND: DELETE /session/ff12bb945472b7ca0752b083f0a6a649/actions - {}
COMMAND: GET /session/ff12bb945472b7ca0752b083f0a6a649/screenshot - {}
RESULT: {}
RESULT: {}
COMMAND: GET /session/ff12bb945472b7ca0752b083f0a6a649/screenshot - {}
RESULT: {}
RESULT: {}
COMMAND: POST /session/ff12bb945472b7ca0752b083f0a6a649/element/f.83A52D51DE7EE447A745C47B9BBA803D.d.A69C160F2B716E9957072A45B269258C.e.12285/click - {}
RESULT: {}
COMMAND: GET /session/ff12bb945472b7ca0752b083f0a6a649/screenshot - {}
RESULT: {}
COMMAND: POST /session/ff12bb945472b7ca0752b083f0a6a649/execute/async - {"script":"<script> [1562 bytes]","args":[{"selector":{"controlType":"sap.m.SearchField","properties":{"placeholder":"Search"},"searchOpenDialogs":true,"interaction":{"idSuffix":"I"}},"wdio_ui5_key":"sapm.SearchField{\"placeholder\":\"Search\"}"}]}
RESULT: {"script":"<script> [1562 bytes]","args":[{"selector":{"controlType":"sap.m.SearchField","properties":{"placeholder":"Search"},"searchOpenDialogs":true,"interaction":{"idSuffix":"I"}},"wdio_ui5_key":"sapm.SearchField{\"placeholder\":\"Search\"}"}]}
RESULT: undefined
COMMAND: POST /session/ff12bb945472b7ca0752b083f0a6a649/execute/async - {"script":"<script> [776 bytes]","args":[{"enterText":"4000360","selector":{"controlType":"sap.m.SearchField","properties":{"placeholder":"Search"},"searchOpenDialogs":true,"interaction":{"idSuffix":"I"}},"clearTextFirst":true,"interactionType":"ENTER_TEXT"}]}
RESULT: {"script":"<script> [776 bytes]","args":[{"enterText":"4000360","selector":{"controlType":"sap.m.SearchField","properties":{"placeholder":"Search"},"searchOpenDialogs":true,"interaction":{"idSuffix":"I"}},"clearTextFirst":true,"interactionType":"ENTER_TEXT"}]}
COMMAND: POST /session/ff12bb945472b7ca0752b083f0a6a649/actions - {"actions":[{"id":"action44","type":"key","parameters":{},"actions":[{"type":"keyDown","value":"î€‡"},{"type":"pause","duration":10},{"type":"keyUp","value":"î€‡"}]}]}
RESULT: {"actions":[{"id":"action44","type":"key","parameters":{},"actions":[{"type":"keyDown","value":"î€‡"},{"type":"pause","duration":10},{"type":"keyUp","value":"î€‡"}]}]}
COMMAND: GET /session/ff12bb945472b7ca0752b083f0a6a649/screenshot - {}
RESULT: {}
COMMAND: POST /session/ff12bb945472b7ca0752b083f0a6a649/element - {"using":"xpath","value":"//td/div/span[contains(text(), \"BGL Vehicles\")]"}
RESULT: {"using":"xpath","value":"//td/div/span[contains(text(), \"BGL Vehicles\")]"}
COMMAND: POST /session/ff12bb945472b7ca0752b083f0a6a649/element/f.83A52D51DE7EE447A745C47B9BBA803D.d.A69C160F2B716E9957072A45B269258C.e.12307/click - {}
RESULT: {}
COMMAND: GET /session/ff12bb945472b7ca0752b083f0a6a649/screenshot - {}
RESULT: {}
COMMAND: POST /session/ff12bb945472b7ca0752b083f0a6a649/element - {"using":"xpath","value":"//bdi[contains(text(), \"OK\")]"}
RESULT: {"using":"xpath","value":"//bdi[contains(text(), \"OK\")]"}
COMMAND: POST /session/ff12bb945472b7ca0752b083f0a6a649/element/f.83A52D51DE7EE447A745C47B9BBA803D.d.A69C160F2B716E9957072A45B269258C.e.12308/click - {}
RESULT: {}
COMMAND: GET /session/ff12bb945472b7ca0752b083f0a6a649/screenshot - {}
RESULT: {}
COMMAND: POST /session/ff12bb945472b7ca0752b083f0a6a649/execute/async - {"script":"<script> [1562 bytes]","args":[{"selector":{"id":"application-manageresources-display-component---newResourceUnit--newRRUPage-anchBar-application-manageresources-display-component---newResourceUnit--resource-anchor","interaction":{"idSuffix":"BDI-content"}},"wdio_ui5_key":"applicationmanageresources-display-component---newResourceUnit--newRRUPage-anchBar-application-manageresources-display-component---newResourceUnit--resource-anchor"}]}
RESULT: {"script":"<script> [1562 bytes]","args":[{"selector":{"id":"application-manageresources-display-component---newResourceUnit--newRRUPage-anchBar-application-manageresources-display-component---newResourceUnit--resource-anchor","interaction":{"idSuffix":"BDI-content"}},"wdio_ui5_key":"applicationmanageresources-display-component---newResourceUnit--newRRUPage-anchBar-application-manageresources-display-component---newResourceUnit--resource-anchor"}]}
RESULT: undefined
COMMAND: POST /session/ff12bb945472b7ca0752b083f0a6a649/element - {"using":"xpath","value":"//*[@id=\"application-manageresources-display-component---newResourceUnit--newRRUPage-anchBar-application-manageresources-display-component---newResourceUnit--resource-anchor\"]"}
RESULT: {"using":"xpath","value":"//*[@id=\"application-manageresources-display-component---newResourceUnit--newRRUPage-anchBar-application-manageresources-display-component---newResourceUnit--resource-anchor\"]"}
COMMAND: POST /session/ff12bb945472b7ca0752b083f0a6a649/element/f.83A52D51DE7EE447A745C47B9BBA803D.d.A69C160F2B716E9957072A45B269258C.e.12312/click - {}
RESULT: {}
COMMAND: POST /session/ff12bb945472b7ca0752b083f0a6a649/execute/async - {"script":"<script> [1562 bytes]","args":[{"selector":{"id":"application-manageresources-display-component---newResourceUnit--PLANNED_DELIVERY_DATE","interaction":{"idSuffix":"inner"}},"wdio_ui5_key":"applicationmanageresources-display-component---newResourceUnit--PLANNED_DELIVERY_DATE"}]}
COMMAND: GET /session/ff12bb945472b7ca0752b083f0a6a649/screenshot - {}
RESULT: {"script":"<script> [1562 bytes]","args":[{"selector":{"id":"application-manageresources-display-component---newResourceUnit--PLANNED_DELIVERY_DATE","interaction":{"idSuffix":"inner"}},"wdio_ui5_key":"applicationmanageresources-display-component---newResourceUnit--PLANNED_DELIVERY_DATE"}]}
RESULT: undefined
COMMAND: POST /session/ff12bb945472b7ca0752b083f0a6a649/execute/async - {"script":"<script> [6424 bytes]","args":[{"element-6066-11e4-a52e-4f735466cecf":"f.83A52D51DE7EE447A745C47B9BBA803D.d.A69C160F2B716E9957072A45B269258C.e.12175"},"setValue",["5/19/25"]]}
RESULT: {}
RESULT: {"script":"<script> [6424 bytes]","args":[{"element-6066-11e4-a52e-4f735466cecf":"f.83A52D51DE7EE447A745C47B9BBA803D.d.A69C160F2B716E9957072A45B269258C.e.12175"},"setValue",["5/19/25"]]}
COMMAND: POST /session/ff12bb945472b7ca0752b083f0a6a649/element - {"using":"xpath","value":"//label[contains(@class, 'sapMLabelRequired') and .//bdi[contains(text(), 'Planned Retirement')]]"}
RESULT: {"using":"xpath","value":"//label[contains(@class, 'sapMLabelRequired') and .//bdi[contains(text(), 'Planned Retirement')]]"}
COMMAND: POST /session/ff12bb945472b7ca0752b083f0a6a649/elements - {"using":"xpath","value":"//label[contains(@class, 'sapMLabelRequired') and .//bdi[contains(text(), 'Planned Retirement')]]"}
RESULT: {"using":"xpath","value":"//label[contains(@class, 'sapMLabelRequired') and .//bdi[contains(text(), 'Planned Retirement')]]"}
COMMAND: POST /session/ff12bb945472b7ca0752b083f0a6a649/element - {"using":"xpath","value":"//button[@data-kt=\"resourceUnitSaveButton\"]"}
RESULT: {"using":"xpath","value":"//button[@data-kt=\"resourceUnitSaveButton\"]"}
COMMAND: POST /session/ff12bb945472b7ca0752b083f0a6a649/element/f.83A52D51DE7EE447A745C47B9BBA803D.d.A69C160F2B716E9957072A45B269258C.e.12135/click - {}
RESULT: {}
COMMAND: GET /session/ff12bb945472b7ca0752b083f0a6a649/screenshot - {}
RESULT: {}
COMMAND: POST /session/ff12bb945472b7ca0752b083f0a6a649/element - {"using":"xpath","value":"//bdi[contains(text(), \"Close\")]"}
RESULT: {"using":"xpath","value":"//bdi[contains(text(), \"Close\")]"}
COMMAND: POST /session/ff12bb945472b7ca0752b083f0a6a649/element/f.83A52D51DE7EE447A745C47B9BBA803D.d.A69C160F2B716E9957072A45B269258C.e.12320/click - {}
RESULT: {}
COMMAND: GET /session/ff12bb945472b7ca0752b083f0a6a649/screenshot - {}
RESULT: {}
COMMAND: POST /session/ff12bb945472b7ca0752b083f0a6a649/element - {"using":"xpath","value":"(//button[contains(@id ,\"actionsToolbar-overflowButton\")])[1]"}
RESULT: {"using":"xpath","value":"(//button[contains(@id ,\"actionsToolbar-overflowButton\")])[1]"}
COMMAND: POST /session/ff12bb945472b7ca0752b083f0a6a649/element/f.83A52D51DE7EE447A745C47B9BBA803D.d.A69C160F2B716E9957072A45B269258C.e.12352/click - {}
RESULT: {}
COMMAND: GET /session/ff12bb945472b7ca0752b083f0a6a649/screenshot - {}
RESULT: {}
COMMAND: POST /session/ff12bb945472b7ca0752b083f0a6a649/element - {"using":"xpath","value":"//button[@data-kt=\"priceInfoButton\"]"}
RESULT: {"using":"xpath","value":"//button[@data-kt=\"priceInfoButton\"]"}
COMMAND: POST /session/ff12bb945472b7ca0752b083f0a6a649/element/f.83A52D51DE7EE447A745C47B9BBA803D.d.A69C160F2B716E9957072A45B269258C.e.12354/click - {}
RESULT: {}
COMMAND: GET /session/ff12bb945472b7ca0752b083f0a6a649/screenshot - {}
RESULT: {}
]]></system-out>
    </testcase>
    <testcase classname="chrome.136_0_7103_93.windows.Create_Reverse_Billing_US127248" name="Should create a pricing procedure" time="49.056">
      <system-out><![CDATA[
COMMAND: POST /session/ff12bb945472b7ca0752b083f0a6a649/element - {"using":"xpath","value":"//button[@data-kt=\"addButton\"]"}
RESULT: {"using":"xpath","value":"//button[@data-kt=\"addButton\"]"}
COMMAND: POST /session/ff12bb945472b7ca0752b083f0a6a649/elements - {"using":"xpath","value":"//button[@data-kt=\"addButton\"]"}
RESULT: {"using":"xpath","value":"//button[@data-kt=\"addButton\"]"}
COMMAND: POST /session/ff12bb945472b7ca0752b083f0a6a649/elements - {"using":"xpath","value":"//button[@data-kt=\"addButton\"]"}
RESULT: {"using":"xpath","value":"//button[@data-kt=\"addButton\"]"}
COMMAND: POST /session/ff12bb945472b7ca0752b083f0a6a649/element - {"using":"xpath","value":"//button[@data-kt=\"addButton\"]"}
RESULT: {"using":"xpath","value":"//button[@data-kt=\"addButton\"]"}
COMMAND: POST /session/ff12bb945472b7ca0752b083f0a6a649/execute/sync - {"script":"<script> [8489 bytes]","args":[{"element-6066-11e4-a52e-4f735466cecf":"f.83A52D51DE7EE447A745C47B9BBA803D.d.A69C160F2B716E9957072A45B269258C.e.12390","ELEMENT":"f.83A52D51DE7EE447A745C47B9BBA803D.d.A69C160F2B716E9957072A45B269258C.e.12390"}]}
RESULT: {"script":"<script> [8489 bytes]","args":[{"element-6066-11e4-a52e-4f735466cecf":"f.83A52D51DE7EE447A745C47B9BBA803D.d.A69C160F2B716E9957072A45B269258C.e.12390","ELEMENT":"f.83A52D51DE7EE447A745C47B9BBA803D.d.A69C160F2B716E9957072A45B269258C.e.12390"}]}
COMMAND: GET /session/ff12bb945472b7ca0752b083f0a6a649/element/f.83A52D51DE7EE447A745C47B9BBA803D.d.A69C160F2B716E9957072A45B269258C.e.12390/enabled - {}
COMMAND: GET /session/ff12bb945472b7ca0752b083f0a6a649/screenshot - {}
RESULT: {}
COMMAND: POST /session/ff12bb945472b7ca0752b083f0a6a649/execute/sync - {"script":"<script> [8489 bytes]","args":[{"element-6066-11e4-a52e-4f735466cecf":"f.83A52D51DE7EE447A745C47B9BBA803D.d.A69C160F2B716E9957072A45B269258C.e.12390","ELEMENT":"f.83A52D51DE7EE447A745C47B9BBA803D.d.A69C160F2B716E9957072A45B269258C.e.12390"}]}
COMMAND: GET /session/ff12bb945472b7ca0752b083f0a6a649/screenshot - {}
RESULT: {}
RESULT: {"script":"<script> [8489 bytes]","args":[{"element-6066-11e4-a52e-4f735466cecf":"f.83A52D51DE7EE447A745C47B9BBA803D.d.A69C160F2B716E9957072A45B269258C.e.12390","ELEMENT":"f.83A52D51DE7EE447A745C47B9BBA803D.d.A69C160F2B716E9957072A45B269258C.e.12390"}]}
COMMAND: POST /session/ff12bb945472b7ca0752b083f0a6a649/execute/sync - {"script":"<script> [5351 bytes]","args":[{"element-6066-11e4-a52e-4f735466cecf":"f.83A52D51DE7EE447A745C47B9BBA803D.d.A69C160F2B716E9957072A45B269258C.e.12390","ELEMENT":"f.83A52D51DE7EE447A745C47B9BBA803D.d.A69C160F2B716E9957072A45B269258C.e.12390"}]}
COMMAND: GET /session/ff12bb945472b7ca0752b083f0a6a649/screenshot - {}
RESULT: {}
RESULT: {"script":"<script> [5351 bytes]","args":[{"element-6066-11e4-a52e-4f735466cecf":"f.83A52D51DE7EE447A745C47B9BBA803D.d.A69C160F2B716E9957072A45B269258C.e.12390","ELEMENT":"f.83A52D51DE7EE447A745C47B9BBA803D.d.A69C160F2B716E9957072A45B269258C.e.12390"}]}
COMMAND: POST /session/ff12bb945472b7ca0752b083f0a6a649/element/f.83A52D51DE7EE447A745C47B9BBA803D.d.A69C160F2B716E9957072A45B269258C.e.12390/click - {}
COMMAND: GET /session/ff12bb945472b7ca0752b083f0a6a649/screenshot - {}
RESULT: {}
RESULT: {}
COMMAND: GET /session/ff12bb945472b7ca0752b083f0a6a649/screenshot - {}
RESULT: {}
RESULT: {}
COMMAND: POST /session/ff12bb945472b7ca0752b083f0a6a649/execute/async - {"script":"<script> [1562 bytes]","args":[{"selector":{"controlType":"sap.m.Title","viewName":"etm.portal.ui.managepricingrules.view.NewItem","viewId":"application-managepricingrules-display-component---newInfoPriceItem","properties":{"text":"New Pricing Rules - Item Level"}},"wdio_ui5_key":"etmportal.ui.managepricingrules.view.NewItemsap.m.Title{\"text\":\"New Pricing Rules - Item Level\"}"}]}
RESULT: {"script":"<script> [1562 bytes]","args":[{"selector":{"controlType":"sap.m.Title","viewName":"etm.portal.ui.managepricingrules.view.NewItem","viewId":"application-managepricingrules-display-component---newInfoPriceItem","properties":{"text":"New Pricing Rules - Item Level"}},"wdio_ui5_key":"etmportal.ui.managepricingrules.view.NewItemsap.m.Title{\"text\":\"New Pricing Rules - Item Level\"}"}]}
RESULT: undefined
COMMAND: POST /session/ff12bb945472b7ca0752b083f0a6a649/execute/async - {"script":"<script> [6424 bytes]","args":[{"element-6066-11e4-a52e-4f735466cecf":"f.83A52D51DE7EE447A745C47B9BBA803D.d.A69C160F2B716E9957072A45B269258C.e.12563"},"getText",[]]}
RESULT: {"script":"<script> [6424 bytes]","args":[{"element-6066-11e4-a52e-4f735466cecf":"f.83A52D51DE7EE447A745C47B9BBA803D.d.A69C160F2B716E9957072A45B269258C.e.12563"},"getText",[]]}
COMMAND: POST /session/ff12bb945472b7ca0752b083f0a6a649/execute/async - {"script":"<script> [1562 bytes]","args":[{"selector":{"id":"application-managepricingrules-display-component---newInfoPriceItem--condValidTo","interaction":{"idSuffix":"inner"}},"wdio_ui5_key":"applicationmanagepricingrules-display-component---newInfoPriceItem--condValidTo"}]}
RESULT: {"script":"<script> [1562 bytes]","args":[{"selector":{"id":"application-managepricingrules-display-component---newInfoPriceItem--condValidTo","interaction":{"idSuffix":"inner"}},"wdio_ui5_key":"applicationmanagepricingrules-display-component---newInfoPriceItem--condValidTo"}]}
RESULT: undefined
COMMAND: POST /session/ff12bb945472b7ca0752b083f0a6a649/execute/async - {"script":"<script> [776 bytes]","args":[{"enterText":"1/19/26","selector":{"id":"application-managepricingrules-display-component---newInfoPriceItem--condValidTo","interaction":{"idSuffix":"inner"}},"clearTextFirst":true,"interactionType":"ENTER_TEXT"}]}
RESULT: {"script":"<script> [776 bytes]","args":[{"enterText":"1/19/26","selector":{"id":"application-managepricingrules-display-component---newInfoPriceItem--condValidTo","interaction":{"idSuffix":"inner"}},"clearTextFirst":true,"interactionType":"ENTER_TEXT"}]}
COMMAND: POST /session/ff12bb945472b7ca0752b083f0a6a649/execute/async - {"script":"<script> [1562 bytes]","args":[{"selector":{"id":"application-managepricingrules-display-component---newInfoPriceItem--billType-arrow"},"wdio_ui5_key":"applicationmanagepricingrules-display-component---newInfoPriceItem--billType-arrow"}]}
RESULT: {"script":"<script> [1562 bytes]","args":[{"selector":{"id":"application-managepricingrules-display-component---newInfoPriceItem--billType-arrow"},"wdio_ui5_key":"applicationmanagepricingrules-display-component---newInfoPriceItem--billType-arrow"}]}
RESULT: undefined
COMMAND: POST /session/ff12bb945472b7ca0752b083f0a6a649/element - {"using":"xpath","value":"//*[@id=\"application-managepricingrules-display-component---newInfoPriceItem--billType-arrow\"]"}
RESULT: {"using":"xpath","value":"//*[@id=\"application-managepricingrules-display-component---newInfoPriceItem--billType-arrow\"]"}
COMMAND: POST /session/ff12bb945472b7ca0752b083f0a6a649/element/f.83A52D51DE7EE447A745C47B9BBA803D.d.A69C160F2B716E9957072A45B269258C.e.12520/click - {}
RESULT: {}
COMMAND: POST /session/ff12bb945472b7ca0752b083f0a6a649/element - {"using":"xpath","value":"//span[contains(text(), \"TB - Time based\")]"}
COMMAND: GET /session/ff12bb945472b7ca0752b083f0a6a649/screenshot - {}
RESULT: {"using":"xpath","value":"//span[contains(text(), \"TB - Time based\")]"}
COMMAND: POST /session/ff12bb945472b7ca0752b083f0a6a649/element/f.83A52D51DE7EE447A745C47B9BBA803D.d.A69C160F2B716E9957072A45B269258C.e.12565/click - {}
RESULT: {}
RESULT: {}
COMMAND: POST /session/ff12bb945472b7ca0752b083f0a6a649/execute/async - {"script":"<script> [1562 bytes]","args":[{"selector":{"id":"application-managepricingrules-display-component---newInfoPriceItem--priceProc-arrow"},"wdio_ui5_key":"applicationmanagepricingrules-display-component---newInfoPriceItem--priceProc-arrow"}]}
COMMAND: GET /session/ff12bb945472b7ca0752b083f0a6a649/screenshot - {}
RESULT: {"script":"<script> [1562 bytes]","args":[{"selector":{"id":"application-managepricingrules-display-component---newInfoPriceItem--priceProc-arrow"},"wdio_ui5_key":"applicationmanagepricingrules-display-component---newInfoPriceItem--priceProc-arrow"}]}
RESULT: undefined
COMMAND: POST /session/ff12bb945472b7ca0752b083f0a6a649/element - {"using":"xpath","value":"//*[@id=\"application-managepricingrules-display-component---newInfoPriceItem--priceProc-arrow\"]"}
RESULT: {}
RESULT: {"using":"xpath","value":"//*[@id=\"application-managepricingrules-display-component---newInfoPriceItem--priceProc-arrow\"]"}
COMMAND: POST /session/ff12bb945472b7ca0752b083f0a6a649/element/f.83A52D51DE7EE447A745C47B9BBA803D.d.A69C160F2B716E9957072A45B269258C.e.12527/click - {}
RESULT: {}
COMMAND: POST /session/ff12bb945472b7ca0752b083f0a6a649/element - {"using":"xpath","value":"//span[contains(text(), \"TBS - Time based standard\")]"}
COMMAND: GET /session/ff12bb945472b7ca0752b083f0a6a649/screenshot - {}
RESULT: {"using":"xpath","value":"//span[contains(text(), \"TBS - Time based standard\")]"}
COMMAND: POST /session/ff12bb945472b7ca0752b083f0a6a649/element/f.83A52D51DE7EE447A745C47B9BBA803D.d.A69C160F2B716E9957072A45B269258C.e.12566/click - {}
RESULT: {}
RESULT: {}
COMMAND: POST /session/ff12bb945472b7ca0752b083f0a6a649/execute/async - {"script":"<script> [1562 bytes]","args":[{"selector":{"id":"application-managepricingrules-display-component---newInfoPriceItem--calcBase-arrow"},"wdio_ui5_key":"applicationmanagepricingrules-display-component---newInfoPriceItem--calcBase-arrow"}]}
COMMAND: GET /session/ff12bb945472b7ca0752b083f0a6a649/screenshot - {}
RESULT: {"script":"<script> [1562 bytes]","args":[{"selector":{"id":"application-managepricingrules-display-component---newInfoPriceItem--calcBase-arrow"},"wdio_ui5_key":"applicationmanagepricingrules-display-component---newInfoPriceItem--calcBase-arrow"}]}
RESULT: undefined
COMMAND: POST /session/ff12bb945472b7ca0752b083f0a6a649/element - {"using":"xpath","value":"//*[@id=\"application-managepricingrules-display-component---newInfoPriceItem--calcBase-arrow\"]"}
RESULT: {}
RESULT: {"using":"xpath","value":"//*[@id=\"application-managepricingrules-display-component---newInfoPriceItem--calcBase-arrow\"]"}
COMMAND: POST /session/ff12bb945472b7ca0752b083f0a6a649/element/f.83A52D51DE7EE447A745C47B9BBA803D.d.A69C160F2B716E9957072A45B269258C.e.12534/click - {}
RESULT: {}
COMMAND: GET /session/ff12bb945472b7ca0752b083f0a6a649/screenshot - {}
RESULT: {}
COMMAND: POST /session/ff12bb945472b7ca0752b083f0a6a649/element - {"using":"xpath","value":"//span[contains(text(), \"0006 - TB(calendar days)\")]"}
RESULT: {"using":"xpath","value":"//span[contains(text(), \"0006 - TB(calendar days)\")]"}
COMMAND: POST /session/ff12bb945472b7ca0752b083f0a6a649/element/f.83A52D51DE7EE447A745C47B9BBA803D.d.A69C160F2B716E9957072A45B269258C.e.12567/click - {}
RESULT: {}
COMMAND: GET /session/ff12bb945472b7ca0752b083f0a6a649/screenshot - {}
RESULT: {}
COMMAND: POST /session/ff12bb945472b7ca0752b083f0a6a649/execute/async - {"script":"<script> [1562 bytes]","args":[{"selector":{"id":"application-managepricingrules-display-component---newInfoPriceItem--daysMonth","interaction":{"idSuffix":"inner"}},"wdio_ui5_key":"applicationmanagepricingrules-display-component---newInfoPriceItem--daysMonth"}]}
RESULT: {"script":"<script> [1562 bytes]","args":[{"selector":{"id":"application-managepricingrules-display-component---newInfoPriceItem--daysMonth","interaction":{"idSuffix":"inner"}},"wdio_ui5_key":"applicationmanagepricingrules-display-component---newInfoPriceItem--daysMonth"}]}
RESULT: undefined
COMMAND: POST /session/ff12bb945472b7ca0752b083f0a6a649/execute/async - {"script":"<script> [776 bytes]","args":[{"enterText":"30","selector":{"id":"application-managepricingrules-display-component---newInfoPriceItem--daysMonth","interaction":{"idSuffix":"inner"}},"clearTextFirst":true,"interactionType":"ENTER_TEXT"}]}
RESULT: {"script":"<script> [776 bytes]","args":[{"enterText":"30","selector":{"id":"application-managepricingrules-display-component---newInfoPriceItem--daysMonth","interaction":{"idSuffix":"inner"}},"clearTextFirst":true,"interactionType":"ENTER_TEXT"}]}
COMMAND: POST /session/ff12bb945472b7ca0752b083f0a6a649/element - {"using":"xpath","value":"//button[@data-kt=\"saveNewRuleButton\"]"}
RESULT: {"using":"xpath","value":"//button[@data-kt=\"saveNewRuleButton\"]"}
COMMAND: POST /session/ff12bb945472b7ca0752b083f0a6a649/element/f.83A52D51DE7EE447A745C47B9BBA803D.d.A69C160F2B716E9957072A45B269258C.e.12554/click - {}
RESULT: {}
COMMAND: GET /session/ff12bb945472b7ca0752b083f0a6a649/screenshot - {}
RESULT: {}
COMMAND: POST /session/ff12bb945472b7ca0752b083f0a6a649/execute/async - {"script":"<script> [1562 bytes]","args":[{"selector":{"id":"application-managepricingrules-display-component---priceInfoItem--smartFilterBar-btnBasicSearch","interaction":{"idSuffix":"I"}},"wdio_ui5_key":"applicationmanagepricingrules-display-component---priceInfoItem--smartFilterBar-btnBasicSearch"}]}
RESULT: {"script":"<script> [1562 bytes]","args":[{"selector":{"id":"application-managepricingrules-display-component---priceInfoItem--smartFilterBar-btnBasicSearch","interaction":{"idSuffix":"I"}},"wdio_ui5_key":"applicationmanagepricingrules-display-component---priceInfoItem--smartFilterBar-btnBasicSearch"}]}
RESULT: undefined
COMMAND: POST /session/ff12bb945472b7ca0752b083f0a6a649/execute/async - {"script":"<script> [776 bytes]","args":[{"enterText":"grjQT0t10h","selector":{"id":"application-managepricingrules-display-component---priceInfoItem--smartFilterBar-btnBasicSearch","interaction":{"idSuffix":"I"}},"clearTextFirst":true,"interactionType":"ENTER_TEXT"}]}
RESULT: {"script":"<script> [776 bytes]","args":[{"enterText":"grjQT0t10h","selector":{"id":"application-managepricingrules-display-component---priceInfoItem--smartFilterBar-btnBasicSearch","interaction":{"idSuffix":"I"}},"clearTextFirst":true,"interactionType":"ENTER_TEXT"}]}
COMMAND: POST /session/ff12bb945472b7ca0752b083f0a6a649/actions - {"actions":[{"id":"action45","type":"key","parameters":{},"actions":[{"type":"keyDown","value":"î€‡"},{"type":"pause","duration":10},{"type":"keyUp","value":"î€‡"}]}]}
RESULT: {"actions":[{"id":"action45","type":"key","parameters":{},"actions":[{"type":"keyDown","value":"î€‡"},{"type":"pause","duration":10},{"type":"keyUp","value":"î€‡"}]}]}
COMMAND: GET /session/ff12bb945472b7ca0752b083f0a6a649/screenshot - {}
RESULT: {}
COMMAND: POST /session/ff12bb945472b7ca0752b083f0a6a649/element - {"using":"xpath","value":"//span[@id=\"application-managepricingrules-display-component---priceInfoItem--smartTable-header-inner\"]"}
RESULT: {"using":"xpath","value":"//span[@id=\"application-managepricingrules-display-component---priceInfoItem--smartTable-header-inner\"]"}
COMMAND: POST /session/ff12bb945472b7ca0752b083f0a6a649/elements - {"using":"xpath","value":"//span[@id=\"application-managepricingrules-display-component---priceInfoItem--smartTable-header-inner\"]"}
RESULT: {"using":"xpath","value":"//span[@id=\"application-managepricingrules-display-component---priceInfoItem--smartTable-header-inner\"]"}
COMMAND: POST /session/ff12bb945472b7ca0752b083f0a6a649/execute/sync - {"script":"<script> [56 bytes]","args":[{"element-6066-11e4-a52e-4f735466cecf":"f.83A52D51DE7EE447A745C47B9BBA803D.d.A69C160F2B716E9957072A45B269258C.e.12591","ELEMENT":"f.83A52D51DE7EE447A745C47B9BBA803D.d.A69C160F2B716E9957072A45B269258C.e.12591"}]}
RESULT: {"script":"<script> [56 bytes]","args":[{"element-6066-11e4-a52e-4f735466cecf":"f.83A52D51DE7EE447A745C47B9BBA803D.d.A69C160F2B716E9957072A45B269258C.e.12591","ELEMENT":"f.83A52D51DE7EE447A745C47B9BBA803D.d.A69C160F2B716E9957072A45B269258C.e.12591"}]}
COMMAND: POST /session/ff12bb945472b7ca0752b083f0a6a649/element - {"using":"css selector","value":"#shell-header-logo"}
COMMAND: GET /session/ff12bb945472b7ca0752b083f0a6a649/screenshot - {}
RESULT: {"using":"css selector","value":"#shell-header-logo"}
COMMAND: POST /session/ff12bb945472b7ca0752b083f0a6a649/element/f.83A52D51DE7EE447A745C47B9BBA803D.d.A69C160F2B716E9957072A45B269258C.e.11724/click - {}
RESULT: {}
RESULT: {}
COMMAND: GET /session/ff12bb945472b7ca0752b083f0a6a649/screenshot - {}
RESULT: {}
]]></system-out>
    </testcase>
    <testcase classname="chrome.136_0_7103_93.windows.Create_Reverse_Billing_US127248" name="Should manage conditions" time="67.626">
      <system-out><![CDATA[
COMMAND: POST /session/ff12bb945472b7ca0752b083f0a6a649/execute/async - {"script":"<script> [1562 bytes]","args":[{"selector":{"controlType":"sap.m.GenericTile","properties":{"header":"Manage Conditions & Prices"}},"wdio_ui5_key":"sapm.GenericTile{\"header\":\"Manage Conditions & Prices\"}"}]}
RESULT: {"script":"<script> [1562 bytes]","args":[{"selector":{"controlType":"sap.m.GenericTile","properties":{"header":"Manage Conditions & Prices"}},"wdio_ui5_key":"sapm.GenericTile{\"header\":\"Manage Conditions & Prices\"}"}]}
RESULT: undefined
COMMAND: POST /session/ff12bb945472b7ca0752b083f0a6a649/element - {"using":"xpath","value":"//*[@id=\"__tile53\"]"}
RESULT: {"using":"xpath","value":"//*[@id=\"__tile53\"]"}
COMMAND: POST /session/ff12bb945472b7ca0752b083f0a6a649/element/f.83A52D51DE7EE447A745C47B9BBA803D.d.A69C160F2B716E9957072A45B269258C.e.11662/click - {}
RESULT: {}
COMMAND: GET /session/ff12bb945472b7ca0752b083f0a6a649/screenshot - {}
RESULT: {}
COMMAND: POST /session/ff12bb945472b7ca0752b083f0a6a649/elements - {"using":"xpath","value":"//span[text()='Error']"}
RESULT: {"using":"xpath","value":"//span[text()='Error']"}
COMMAND: POST /session/ff12bb945472b7ca0752b083f0a6a649/element - {"using":"xpath","value":"//button[@aria-label=\"Create\"]"}
RESULT: {"using":"xpath","value":"//button[@aria-label=\"Create\"]"}
COMMAND: POST /session/ff12bb945472b7ca0752b083f0a6a649/elements - {"using":"xpath","value":"//button[@aria-label=\"Create\"]"}
RESULT: {"using":"xpath","value":"//button[@aria-label=\"Create\"]"}
COMMAND: POST /session/ff12bb945472b7ca0752b083f0a6a649/execute/sync - {"script":"<script> [8489 bytes]","args":[{"element-6066-11e4-a52e-4f735466cecf":"f.83A52D51DE7EE447A745C47B9BBA803D.d.A69C160F2B716E9957072A45B269258C.e.12626","ELEMENT":"f.83A52D51DE7EE447A745C47B9BBA803D.d.A69C160F2B716E9957072A45B269258C.e.12626"}]}
RESULT: {"script":"<script> [8489 bytes]","args":[{"element-6066-11e4-a52e-4f735466cecf":"f.83A52D51DE7EE447A745C47B9BBA803D.d.A69C160F2B716E9957072A45B269258C.e.12626","ELEMENT":"f.83A52D51DE7EE447A745C47B9BBA803D.d.A69C160F2B716E9957072A45B269258C.e.12626"}]}
COMMAND: GET /session/ff12bb945472b7ca0752b083f0a6a649/element/f.83A52D51DE7EE447A745C47B9BBA803D.d.A69C160F2B716E9957072A45B269258C.e.12626/enabled - {}
COMMAND: GET /session/ff12bb945472b7ca0752b083f0a6a649/screenshot - {}
RESULT: {}
COMMAND: POST /session/ff12bb945472b7ca0752b083f0a6a649/execute/sync - {"script":"<script> [8489 bytes]","args":[{"element-6066-11e4-a52e-4f735466cecf":"f.83A52D51DE7EE447A745C47B9BBA803D.d.A69C160F2B716E9957072A45B269258C.e.12626","ELEMENT":"f.83A52D51DE7EE447A745C47B9BBA803D.d.A69C160F2B716E9957072A45B269258C.e.12626"}]}
COMMAND: GET /session/ff12bb945472b7ca0752b083f0a6a649/screenshot - {}
RESULT: {}
RESULT: {"script":"<script> [8489 bytes]","args":[{"element-6066-11e4-a52e-4f735466cecf":"f.83A52D51DE7EE447A745C47B9BBA803D.d.A69C160F2B716E9957072A45B269258C.e.12626","ELEMENT":"f.83A52D51DE7EE447A745C47B9BBA803D.d.A69C160F2B716E9957072A45B269258C.e.12626"}]}
COMMAND: POST /session/ff12bb945472b7ca0752b083f0a6a649/execute/sync - {"script":"<script> [5351 bytes]","args":[{"element-6066-11e4-a52e-4f735466cecf":"f.83A52D51DE7EE447A745C47B9BBA803D.d.A69C160F2B716E9957072A45B269258C.e.12626","ELEMENT":"f.83A52D51DE7EE447A745C47B9BBA803D.d.A69C160F2B716E9957072A45B269258C.e.12626"}]}
COMMAND: GET /session/ff12bb945472b7ca0752b083f0a6a649/screenshot - {}
RESULT: {}
RESULT: {"script":"<script> [5351 bytes]","args":[{"element-6066-11e4-a52e-4f735466cecf":"f.83A52D51DE7EE447A745C47B9BBA803D.d.A69C160F2B716E9957072A45B269258C.e.12626","ELEMENT":"f.83A52D51DE7EE447A745C47B9BBA803D.d.A69C160F2B716E9957072A45B269258C.e.12626"}]}
COMMAND: POST /session/ff12bb945472b7ca0752b083f0a6a649/element/f.83A52D51DE7EE447A745C47B9BBA803D.d.A69C160F2B716E9957072A45B269258C.e.12626/click - {}
COMMAND: GET /session/ff12bb945472b7ca0752b083f0a6a649/screenshot - {}
RESULT: {}
RESULT: {}
COMMAND: GET /session/ff12bb945472b7ca0752b083f0a6a649/screenshot - {}
RESULT: {}
RESULT: {}
COMMAND: POST /session/ff12bb945472b7ca0752b083f0a6a649/actions - {"actions":[{"id":"action46","type":"key","parameters":{},"actions":[{"type":"keyDown","value":"î€‡"},{"type":"pause","duration":10},{"type":"keyUp","value":"î€‡"}]}]}
RESULT: {"actions":[{"id":"action46","type":"key","parameters":{},"actions":[{"type":"keyDown","value":"î€‡"},{"type":"pause","duration":10},{"type":"keyUp","value":"î€‡"}]}]}
COMMAND: GET /session/ff12bb945472b7ca0752b083f0a6a649/screenshot - {}
RESULT: {}
COMMAND: POST /session/ff12bb945472b7ca0752b083f0a6a649/execute/async - {"script":"<script> [1562 bytes]","args":[{"selector":{"id":"application-manageconditionprice-display-component---newCondition--condBillCond-arrow"},"wdio_ui5_key":"applicationmanageconditionprice-display-component---newCondition--condBillCond-arrow"}]}
RESULT: {"script":"<script> [1562 bytes]","args":[{"selector":{"id":"application-manageconditionprice-display-component---newCondition--condBillCond-arrow"},"wdio_ui5_key":"applicationmanageconditionprice-display-component---newCondition--condBillCond-arrow"}]}
RESULT: undefined
COMMAND: POST /session/ff12bb945472b7ca0752b083f0a6a649/element - {"using":"xpath","value":"//*[@id=\"application-manageconditionprice-display-component---newCondition--condBillCond-arrow\"]"}
RESULT: {"using":"xpath","value":"//*[@id=\"application-manageconditionprice-display-component---newCondition--condBillCond-arrow\"]"}
COMMAND: POST /session/ff12bb945472b7ca0752b083f0a6a649/element/f.83A52D51DE7EE447A745C47B9BBA803D.d.A69C160F2B716E9957072A45B269258C.e.12806/click - {}
RESULT: {}
COMMAND: GET /session/ff12bb945472b7ca0752b083f0a6a649/screenshot - {}
RESULT: {}
COMMAND: POST /session/ff12bb945472b7ca0752b083f0a6a649/element - {"using":"xpath","value":"//li[.//span[contains(text(), \"DISP - D&I special price\")]]"}
RESULT: {"using":"xpath","value":"//li[.//span[contains(text(), \"DISP - D&I special price\")]]"}
COMMAND: POST /session/ff12bb945472b7ca0752b083f0a6a649/element/f.83A52D51DE7EE447A745C47B9BBA803D.d.A69C160F2B716E9957072A45B269258C.e.12809/click - {}
RESULT: {}
COMMAND: GET /session/ff12bb945472b7ca0752b083f0a6a649/screenshot - {}
RESULT: {}
COMMAND: POST /session/ff12bb945472b7ca0752b083f0a6a649/execute/async - {"script":"<script> [1562 bytes]","args":[{"selector":{"id":"application-manageconditionprice-display-component---newCondition--condValidTo","interaction":{"idSuffix":"inner"}},"wdio_ui5_key":"applicationmanageconditionprice-display-component---newCondition--condValidTo"}]}
RESULT: {"script":"<script> [1562 bytes]","args":[{"selector":{"id":"application-manageconditionprice-display-component---newCondition--condValidTo","interaction":{"idSuffix":"inner"}},"wdio_ui5_key":"applicationmanageconditionprice-display-component---newCondition--condValidTo"}]}
RESULT: undefined
COMMAND: POST /session/ff12bb945472b7ca0752b083f0a6a649/execute/async - {"script":"<script> [776 bytes]","args":[{"enterText":"1/19/26","selector":{"id":"application-manageconditionprice-display-component---newCondition--condValidTo","interaction":{"idSuffix":"inner"}},"clearTextFirst":true,"interactionType":"ENTER_TEXT"}]}
RESULT: {"script":"<script> [776 bytes]","args":[{"enterText":"1/19/26","selector":{"id":"application-manageconditionprice-display-component---newCondition--condValidTo","interaction":{"idSuffix":"inner"}},"clearTextFirst":true,"interactionType":"ENTER_TEXT"}]}
COMMAND: POST /session/ff12bb945472b7ca0752b083f0a6a649/element - {"using":"xpath","value":"//input[@id=\"application-manageconditionprice-display-component---newCondition--condRU-inner\"]"}
RESULT: {"using":"xpath","value":"//input[@id=\"application-manageconditionprice-display-component---newCondition--condRU-inner\"]"}
COMMAND: POST /session/ff12bb945472b7ca0752b083f0a6a649/element/f.83A52D51DE7EE447A745C47B9BBA803D.d.A69C160F2B716E9957072A45B269258C.e.12642/clear - {}
RESULT: {}
COMMAND: POST /session/ff12bb945472b7ca0752b083f0a6a649/element/f.83A52D51DE7EE447A745C47B9BBA803D.d.A69C160F2B716E9957072A45B269258C.e.12642/value - {"text":"grjQT0t10h"}
COMMAND: GET /session/ff12bb945472b7ca0752b083f0a6a649/screenshot - {}
RESULT: {"text":"grjQT0t10h"}
COMMAND: GET /session/ff12bb945472b7ca0752b083f0a6a649/screenshot - {}
RESULT: {}
RESULT: {}
COMMAND: POST /session/ff12bb945472b7ca0752b083f0a6a649/actions - {"actions":[{"id":"action47","type":"key","parameters":{},"actions":[{"type":"keyDown","value":"î€‡"},{"type":"pause","duration":10},{"type":"keyUp","value":"î€‡"}]}]}
RESULT: {"actions":[{"id":"action47","type":"key","parameters":{},"actions":[{"type":"keyDown","value":"î€‡"},{"type":"pause","duration":10},{"type":"keyUp","value":"î€‡"}]}]}
COMMAND: POST /session/ff12bb945472b7ca0752b083f0a6a649/execute/async - {"script":"<script> [1562 bytes]","args":[{"selector":{"id":"application-manageconditionprice-display-component---newCondition--condBaseQty","interaction":{"idSuffix":"inner"}},"wdio_ui5_key":"applicationmanageconditionprice-display-component---newCondition--condBaseQty"}]}
COMMAND: GET /session/ff12bb945472b7ca0752b083f0a6a649/screenshot - {}
RESULT: {"script":"<script> [1562 bytes]","args":[{"selector":{"id":"application-manageconditionprice-display-component---newCondition--condBaseQty","interaction":{"idSuffix":"inner"}},"wdio_ui5_key":"applicationmanageconditionprice-display-component---newCondition--condBaseQty"}]}
RESULT: undefined
COMMAND: POST /session/ff12bb945472b7ca0752b083f0a6a649/execute/async - {"script":"<script> [776 bytes]","args":[{"enterText":"1","selector":{"id":"application-manageconditionprice-display-component---newCondition--condBaseQty","interaction":{"idSuffix":"inner"}},"clearTextFirst":true,"interactionType":"ENTER_TEXT"}]}
RESULT: {}
RESULT: {"script":"<script> [776 bytes]","args":[{"enterText":"1","selector":{"id":"application-manageconditionprice-display-component---newCondition--condBaseQty","interaction":{"idSuffix":"inner"}},"clearTextFirst":true,"interactionType":"ENTER_TEXT"}]}
COMMAND: POST /session/ff12bb945472b7ca0752b083f0a6a649/execute/async - {"script":"<script> [1562 bytes]","args":[{"selector":{"id":"application-manageconditionprice-display-component---newCondition--condValue","interaction":{"idSuffix":"inner"}},"wdio_ui5_key":"applicationmanageconditionprice-display-component---newCondition--condValue"}]}
RESULT: {"script":"<script> [1562 bytes]","args":[{"selector":{"id":"application-manageconditionprice-display-component---newCondition--condValue","interaction":{"idSuffix":"inner"}},"wdio_ui5_key":"applicationmanageconditionprice-display-component---newCondition--condValue"}]}
RESULT: undefined
COMMAND: POST /session/ff12bb945472b7ca0752b083f0a6a649/execute/async - {"script":"<script> [776 bytes]","args":[{"enterText":"200","selector":{"id":"application-manageconditionprice-display-component---newCondition--condValue","interaction":{"idSuffix":"inner"}},"clearTextFirst":true,"interactionType":"ENTER_TEXT"}]}
RESULT: {"script":"<script> [776 bytes]","args":[{"enterText":"200","selector":{"id":"application-manageconditionprice-display-component---newCondition--condValue","interaction":{"idSuffix":"inner"}},"clearTextFirst":true,"interactionType":"ENTER_TEXT"}]}
COMMAND: POST /session/ff12bb945472b7ca0752b083f0a6a649/execute/async - {"script":"<script> [1562 bytes]","args":[{"selector":{"id":"application-manageconditionprice-display-component---newCondition--condCurr-arrow"},"wdio_ui5_key":"applicationmanageconditionprice-display-component---newCondition--condCurr-arrow"}]}
RESULT: {"script":"<script> [1562 bytes]","args":[{"selector":{"id":"application-manageconditionprice-display-component---newCondition--condCurr-arrow"},"wdio_ui5_key":"applicationmanageconditionprice-display-component---newCondition--condCurr-arrow"}]}
RESULT: undefined
COMMAND: POST /session/ff12bb945472b7ca0752b083f0a6a649/element - {"using":"xpath","value":"//*[@id=\"application-manageconditionprice-display-component---newCondition--condCurr-arrow\"]"}
RESULT: {"using":"xpath","value":"//*[@id=\"application-manageconditionprice-display-component---newCondition--condCurr-arrow\"]"}
COMMAND: POST /session/ff12bb945472b7ca0752b083f0a6a649/element/f.83A52D51DE7EE447A745C47B9BBA803D.d.A69C160F2B716E9957072A45B269258C.e.12784/click - {}
RESULT: {}
COMMAND: POST /session/ff12bb945472b7ca0752b083f0a6a649/element - {"using":"xpath","value":"//span[contains(text(), \"Euro\")]"}
COMMAND: GET /session/ff12bb945472b7ca0752b083f0a6a649/screenshot - {}
RESULT: {"using":"xpath","value":"//span[contains(text(), \"Euro\")]"}
COMMAND: POST /session/ff12bb945472b7ca0752b083f0a6a649/element/f.83A52D51DE7EE447A745C47B9BBA803D.d.A69C160F2B716E9957072A45B269258C.e.12846/click - {}
RESULT: {}
RESULT: {}
COMMAND: POST /session/ff12bb945472b7ca0752b083f0a6a649/element - {"using":"xpath","value":"//button[@data-kt=\"saveButton\"]"}
COMMAND: GET /session/ff12bb945472b7ca0752b083f0a6a649/screenshot - {}
RESULT: {"using":"xpath","value":"//button[@data-kt=\"saveButton\"]"}
COMMAND: POST /session/ff12bb945472b7ca0752b083f0a6a649/element/f.83A52D51DE7EE447A745C47B9BBA803D.d.A69C160F2B716E9957072A45B269258C.e.12785/click - {}
RESULT: {}
RESULT: {}
COMMAND: GET /session/ff12bb945472b7ca0752b083f0a6a649/screenshot - {}
RESULT: {}
COMMAND: POST /session/ff12bb945472b7ca0752b083f0a6a649/execute/async - {"script":"<script> [1562 bytes]","args":[{"selector":{"id":"application-manageconditionprice-display-component---conditions--smartFilterBar-btnBasicSearch","interaction":{"idSuffix":"I"}},"wdio_ui5_key":"applicationmanageconditionprice-display-component---conditions--smartFilterBar-btnBasicSearch"}]}
RESULT: {"script":"<script> [1562 bytes]","args":[{"selector":{"id":"application-manageconditionprice-display-component---conditions--smartFilterBar-btnBasicSearch","interaction":{"idSuffix":"I"}},"wdio_ui5_key":"applicationmanageconditionprice-display-component---conditions--smartFilterBar-btnBasicSearch"}]}
RESULT: undefined
COMMAND: POST /session/ff12bb945472b7ca0752b083f0a6a649/execute/async - {"script":"<script> [776 bytes]","args":[{"enterText":"grjQT0t10h","selector":{"id":"application-manageconditionprice-display-component---conditions--smartFilterBar-btnBasicSearch","interaction":{"idSuffix":"I"}},"clearTextFirst":true,"interactionType":"ENTER_TEXT"}]}
RESULT: {"script":"<script> [776 bytes]","args":[{"enterText":"grjQT0t10h","selector":{"id":"application-manageconditionprice-display-component---conditions--smartFilterBar-btnBasicSearch","interaction":{"idSuffix":"I"}},"clearTextFirst":true,"interactionType":"ENTER_TEXT"}]}
COMMAND: POST /session/ff12bb945472b7ca0752b083f0a6a649/actions - {"actions":[{"id":"action48","type":"key","parameters":{},"actions":[{"type":"keyDown","value":"î€‡"},{"type":"pause","duration":10},{"type":"keyUp","value":"î€‡"}]}]}
RESULT: {"actions":[{"id":"action48","type":"key","parameters":{},"actions":[{"type":"keyDown","value":"î€‡"},{"type":"pause","duration":10},{"type":"keyUp","value":"î€‡"}]}]}
COMMAND: GET /session/ff12bb945472b7ca0752b083f0a6a649/screenshot - {}
RESULT: {}
COMMAND: POST /session/ff12bb945472b7ca0752b083f0a6a649/execute/async - {"script":"<script> [1562 bytes]","args":[{"selector":{"id":"application-manageconditionprice-display-component---conditions--smartFilterBar-filterItemControl_BASIC-BILL_TYPES-vhi"},"wdio_ui5_key":"applicationmanageconditionprice-display-component---conditions--smartFilterBar-filterItemControl_BASIC-BILL_TYPES-vhi"}]}
RESULT: {"script":"<script> [1562 bytes]","args":[{"selector":{"id":"application-manageconditionprice-display-component---conditions--smartFilterBar-filterItemControl_BASIC-BILL_TYPES-vhi"},"wdio_ui5_key":"applicationmanageconditionprice-display-component---conditions--smartFilterBar-filterItemControl_BASIC-BILL_TYPES-vhi"}]}
RESULT: undefined
COMMAND: POST /session/ff12bb945472b7ca0752b083f0a6a649/element - {"using":"xpath","value":"//*[@id=\"application-manageconditionprice-display-component---conditions--smartFilterBar-filterItemControl_BASIC-BILL_TYPES-vhi\"]"}
RESULT: {"using":"xpath","value":"//*[@id=\"application-manageconditionprice-display-component---conditions--smartFilterBar-filterItemControl_BASIC-BILL_TYPES-vhi\"]"}
COMMAND: POST /session/ff12bb945472b7ca0752b083f0a6a649/element/f.83A52D51DE7EE447A745C47B9BBA803D.d.A69C160F2B716E9957072A45B269258C.e.12952/click - {}
RESULT: {}
COMMAND: POST /session/ff12bb945472b7ca0752b083f0a6a649/execute/async - {"script":"<script> [1562 bytes]","args":[{"selector":{"id":"application-manageconditionprice-display-component---conditions--smartFilterBar-filterItemControl_BASIC-BILL_TYPES-valueHelpDialog-smartFilterBar-btnBasicSearch","searchOpenDialogs":true,"interaction":{"idSuffix":"I"}},"wdio_ui5_key":"applicationmanageconditionprice-display-component---conditions--smartFilterBar-filterItemControl_BASIC-BILL_TYPES-valueHelpDialog-smartFilterBar-btnBasicSearch"}]}
COMMAND: GET /session/ff12bb945472b7ca0752b083f0a6a649/screenshot - {}
RESULT: {"script":"<script> [1562 bytes]","args":[{"selector":{"id":"application-manageconditionprice-display-component---conditions--smartFilterBar-filterItemControl_BASIC-BILL_TYPES-valueHelpDialog-smartFilterBar-btnBasicSearch","searchOpenDialogs":true,"interaction":{"idSuffix":"I"}},"wdio_ui5_key":"applicationmanageconditionprice-display-component---conditions--smartFilterBar-filterItemControl_BASIC-BILL_TYPES-valueHelpDialog-smartFilterBar-btnBasicSearch"}]}
RESULT: undefined
COMMAND: POST /session/ff12bb945472b7ca0752b083f0a6a649/execute/async - {"script":"<script> [776 bytes]","args":[{"enterText":"TB","selector":{"id":"application-manageconditionprice-display-component---conditions--smartFilterBar-filterItemControl_BASIC-BILL_TYPES-valueHelpDialog-smartFilterBar-btnBasicSearch","searchOpenDialogs":true,"interaction":{"idSuffix":"I"}},"clearTextFirst":true,"interactionType":"ENTER_TEXT"}]}
RESULT: {}
RESULT: {"script":"<script> [776 bytes]","args":[{"enterText":"TB","selector":{"id":"application-manageconditionprice-display-component---conditions--smartFilterBar-filterItemControl_BASIC-BILL_TYPES-valueHelpDialog-smartFilterBar-btnBasicSearch","searchOpenDialogs":true,"interaction":{"idSuffix":"I"}},"clearTextFirst":true,"interactionType":"ENTER_TEXT"}]}
COMMAND: POST /session/ff12bb945472b7ca0752b083f0a6a649/actions - {"actions":[{"id":"action49","type":"key","parameters":{},"actions":[{"type":"keyDown","value":"î€‡"},{"type":"pause","duration":10},{"type":"keyUp","value":"î€‡"}]}]}
RESULT: {"actions":[{"id":"action49","type":"key","parameters":{},"actions":[{"type":"keyDown","value":"î€‡"},{"type":"pause","duration":10},{"type":"keyUp","value":"î€‡"}]}]}
COMMAND: GET /session/ff12bb945472b7ca0752b083f0a6a649/screenshot - {}
RESULT: {}
COMMAND: POST /session/ff12bb945472b7ca0752b083f0a6a649/element - {"using":"xpath","value":"//div[contains(@id, 'application-manageconditionprice-display-component---conditions--smartFilterBar-filterItemControl_BASIC-BILL_TYPES-valueHelpDialog-table-rowsel0')]"}
RESULT: {"using":"xpath","value":"//div[contains(@id, 'application-manageconditionprice-display-component---conditions--smartFilterBar-filterItemControl_BASIC-BILL_TYPES-valueHelpDialog-table-rowsel0')]"}
COMMAND: POST /session/ff12bb945472b7ca0752b083f0a6a649/element/f.83A52D51DE7EE447A745C47B9BBA803D.d.A69C160F2B716E9957072A45B269258C.e.12962/click - {}
RESULT: {}
COMMAND: GET /session/ff12bb945472b7ca0752b083f0a6a649/screenshot - {}
RESULT: {}
COMMAND: POST /session/ff12bb945472b7ca0752b083f0a6a649/element - {"using":"xpath","value":"//bdi[contains(text(), \"OK\")]"}
RESULT: {"using":"xpath","value":"//bdi[contains(text(), \"OK\")]"}
COMMAND: POST /session/ff12bb945472b7ca0752b083f0a6a649/element/f.83A52D51DE7EE447A745C47B9BBA803D.d.A69C160F2B716E9957072A45B269258C.e.12964/click - {}
RESULT: {}
COMMAND: GET /session/ff12bb945472b7ca0752b083f0a6a649/screenshot - {}
RESULT: {}
COMMAND: POST /session/ff12bb945472b7ca0752b083f0a6a649/element - {"using":"xpath","value":"//span[@id=\"application-manageconditionprice-display-component---conditions--smartTable-header-inner\"]"}
RESULT: {"using":"xpath","value":"//span[@id=\"application-manageconditionprice-display-component---conditions--smartTable-header-inner\"]"}
COMMAND: POST /session/ff12bb945472b7ca0752b083f0a6a649/elements - {"using":"xpath","value":"//span[@id=\"application-manageconditionprice-display-component---conditions--smartTable-header-inner\"]"}
RESULT: {"using":"xpath","value":"//span[@id=\"application-manageconditionprice-display-component---conditions--smartTable-header-inner\"]"}
COMMAND: POST /session/ff12bb945472b7ca0752b083f0a6a649/execute/sync - {"script":"<script> [56 bytes]","args":[{"element-6066-11e4-a52e-4f735466cecf":"f.83A52D51DE7EE447A745C47B9BBA803D.d.A69C160F2B716E9957072A45B269258C.e.12967","ELEMENT":"f.83A52D51DE7EE447A745C47B9BBA803D.d.A69C160F2B716E9957072A45B269258C.e.12967"}]}
RESULT: {"script":"<script> [56 bytes]","args":[{"element-6066-11e4-a52e-4f735466cecf":"f.83A52D51DE7EE447A745C47B9BBA803D.d.A69C160F2B716E9957072A45B269258C.e.12967","ELEMENT":"f.83A52D51DE7EE447A745C47B9BBA803D.d.A69C160F2B716E9957072A45B269258C.e.12967"}]}
COMMAND: POST /session/ff12bb945472b7ca0752b083f0a6a649/element - {"using":"css selector","value":"#shell-header-logo"}
COMMAND: GET /session/ff12bb945472b7ca0752b083f0a6a649/screenshot - {}
RESULT: {}
RESULT: {"using":"css selector","value":"#shell-header-logo"}
COMMAND: POST /session/ff12bb945472b7ca0752b083f0a6a649/element/f.83A52D51DE7EE447A745C47B9BBA803D.d.A69C160F2B716E9957072A45B269258C.e.12594/click - {}
RESULT: {}
COMMAND: GET /session/ff12bb945472b7ca0752b083f0a6a649/screenshot - {}
RESULT: {}
]]></system-out>
    </testcase>
    <testcase classname="chrome.136_0_7103_93.windows.Create_Reverse_Billing_US127248" name="Should do a stock increase handover" time="90.819">
      <system-out><![CDATA[
COMMAND: POST /session/ff12bb945472b7ca0752b083f0a6a649/execute/async - {"script":"<script> [1562 bytes]","args":[{"selector":{"controlType":"sap.m.GenericTile","properties":{"header":"Manage Handovers"}},"wdio_ui5_key":"sapm.GenericTile{\"header\":\"Manage Handovers\"}"}]}
RESULT: {"script":"<script> [1562 bytes]","args":[{"selector":{"controlType":"sap.m.GenericTile","properties":{"header":"Manage Handovers"}},"wdio_ui5_key":"sapm.GenericTile{\"header\":\"Manage Handovers\"}"}]}
RESULT: undefined
COMMAND: POST /session/ff12bb945472b7ca0752b083f0a6a649/element - {"using":"xpath","value":"//*[@id=\"__tile132\"]"}
RESULT: {"using":"xpath","value":"//*[@id=\"__tile132\"]"}
COMMAND: POST /session/ff12bb945472b7ca0752b083f0a6a649/element/f.83A52D51DE7EE447A745C47B9BBA803D.d.A69C160F2B716E9957072A45B269258C.e.11700/click - {}
RESULT: {}
COMMAND: GET /session/ff12bb945472b7ca0752b083f0a6a649/screenshot - {}
RESULT: {}
COMMAND: POST /session/ff12bb945472b7ca0752b083f0a6a649/elements - {"using":"xpath","value":"//span[text()='Error']"}
RESULT: {"using":"xpath","value":"//span[text()='Error']"}
COMMAND: POST /session/ff12bb945472b7ca0752b083f0a6a649/element - {"using":"xpath","value":"//button[@data-kt=\"masterHOAddButton\"]"}
RESULT: {"using":"xpath","value":"//button[@data-kt=\"masterHOAddButton\"]"}
COMMAND: POST /session/ff12bb945472b7ca0752b083f0a6a649/elements - {"using":"xpath","value":"//button[@data-kt=\"masterHOAddButton\"]"}
RESULT: {"using":"xpath","value":"//button[@data-kt=\"masterHOAddButton\"]"}
COMMAND: POST /session/ff12bb945472b7ca0752b083f0a6a649/execute/sync - {"script":"<script> [8489 bytes]","args":[{"element-6066-11e4-a52e-4f735466cecf":"f.83A52D51DE7EE447A745C47B9BBA803D.d.A69C160F2B716E9957072A45B269258C.e.13011","ELEMENT":"f.83A52D51DE7EE447A745C47B9BBA803D.d.A69C160F2B716E9957072A45B269258C.e.13011"}]}
RESULT: {"script":"<script> [8489 bytes]","args":[{"element-6066-11e4-a52e-4f735466cecf":"f.83A52D51DE7EE447A745C47B9BBA803D.d.A69C160F2B716E9957072A45B269258C.e.13011","ELEMENT":"f.83A52D51DE7EE447A745C47B9BBA803D.d.A69C160F2B716E9957072A45B269258C.e.13011"}]}
COMMAND: GET /session/ff12bb945472b7ca0752b083f0a6a649/element/f.83A52D51DE7EE447A745C47B9BBA803D.d.A69C160F2B716E9957072A45B269258C.e.13011/enabled - {}
COMMAND: GET /session/ff12bb945472b7ca0752b083f0a6a649/screenshot - {}
RESULT: {}
COMMAND: POST /session/ff12bb945472b7ca0752b083f0a6a649/execute/sync - {"script":"<script> [8489 bytes]","args":[{"element-6066-11e4-a52e-4f735466cecf":"f.83A52D51DE7EE447A745C47B9BBA803D.d.A69C160F2B716E9957072A45B269258C.e.13011","ELEMENT":"f.83A52D51DE7EE447A745C47B9BBA803D.d.A69C160F2B716E9957072A45B269258C.e.13011"}]}
COMMAND: GET /session/ff12bb945472b7ca0752b083f0a6a649/screenshot - {}
RESULT: {}
RESULT: {"script":"<script> [8489 bytes]","args":[{"element-6066-11e4-a52e-4f735466cecf":"f.83A52D51DE7EE447A745C47B9BBA803D.d.A69C160F2B716E9957072A45B269258C.e.13011","ELEMENT":"f.83A52D51DE7EE447A745C47B9BBA803D.d.A69C160F2B716E9957072A45B269258C.e.13011"}]}
COMMAND: POST /session/ff12bb945472b7ca0752b083f0a6a649/execute/sync - {"script":"<script> [5351 bytes]","args":[{"element-6066-11e4-a52e-4f735466cecf":"f.83A52D51DE7EE447A745C47B9BBA803D.d.A69C160F2B716E9957072A45B269258C.e.13011","ELEMENT":"f.83A52D51DE7EE447A745C47B9BBA803D.d.A69C160F2B716E9957072A45B269258C.e.13011"}]}
COMMAND: GET /session/ff12bb945472b7ca0752b083f0a6a649/screenshot - {}
RESULT: {}
RESULT: {"script":"<script> [5351 bytes]","args":[{"element-6066-11e4-a52e-4f735466cecf":"f.83A52D51DE7EE447A745C47B9BBA803D.d.A69C160F2B716E9957072A45B269258C.e.13011","ELEMENT":"f.83A52D51DE7EE447A745C47B9BBA803D.d.A69C160F2B716E9957072A45B269258C.e.13011"}]}
COMMAND: POST /session/ff12bb945472b7ca0752b083f0a6a649/element/f.83A52D51DE7EE447A745C47B9BBA803D.d.A69C160F2B716E9957072A45B269258C.e.13011/click - {}
COMMAND: GET /session/ff12bb945472b7ca0752b083f0a6a649/screenshot - {}
RESULT: {}
RESULT: {}
COMMAND: GET /session/ff12bb945472b7ca0752b083f0a6a649/screenshot - {}
RESULT: {}
COMMAND: POST /session/ff12bb945472b7ca0752b083f0a6a649/element - {"using":"xpath","value":"//span[contains(@id ,\"AddNewHO--typeSelect-arrow\")]"}
RESULT: {}
RESULT: {"using":"xpath","value":"//span[contains(@id ,\"AddNewHO--typeSelect-arrow\")]"}
COMMAND: POST /session/ff12bb945472b7ca0752b083f0a6a649/element/f.83A52D51DE7EE447A745C47B9BBA803D.d.A69C160F2B716E9957072A45B269258C.e.13362/click - {}
RESULT: {}
COMMAND: GET /session/ff12bb945472b7ca0752b083f0a6a649/screenshot - {}
RESULT: {}
COMMAND: POST /session/ff12bb945472b7ca0752b083f0a6a649/element - {"using":"xpath","value":"(//li[contains(text(), \"stock increase yard\")])[1]"}
RESULT: {"using":"xpath","value":"(//li[contains(text(), \"stock increase yard\")])[1]"}
COMMAND: POST /session/ff12bb945472b7ca0752b083f0a6a649/element/f.83A52D51DE7EE447A745C47B9BBA803D.d.A69C160F2B716E9957072A45B269258C.e.13363/click - {}
RESULT: {}
COMMAND: GET /session/ff12bb945472b7ca0752b083f0a6a649/screenshot - {}
RESULT: {}
COMMAND: POST /session/ff12bb945472b7ca0752b083f0a6a649/execute/async - {"script":"<script> [1562 bytes]","args":[{"selector":{"id":"application-managehandovers-display-component---AddNewHO--dueDate","interaction":{"idSuffix":"inner"}},"wdio_ui5_key":"applicationmanagehandovers-display-component---AddNewHO--dueDate"}]}
RESULT: {"script":"<script> [1562 bytes]","args":[{"selector":{"id":"application-managehandovers-display-component---AddNewHO--dueDate","interaction":{"idSuffix":"inner"}},"wdio_ui5_key":"applicationmanagehandovers-display-component---AddNewHO--dueDate"}]}
RESULT: undefined
COMMAND: POST /session/ff12bb945472b7ca0752b083f0a6a649/execute/async - {"script":"<script> [6424 bytes]","args":[{"element-6066-11e4-a52e-4f735466cecf":"f.83A52D51DE7EE447A745C47B9BBA803D.d.A69C160F2B716E9957072A45B269258C.e.13365"},"setValue",["5/19/25"]]}
RESULT: {"script":"<script> [6424 bytes]","args":[{"element-6066-11e4-a52e-4f735466cecf":"f.83A52D51DE7EE447A745C47B9BBA803D.d.A69C160F2B716E9957072A45B269258C.e.13365"},"setValue",["5/19/25"]]}
COMMAND: POST /session/ff12bb945472b7ca0752b083f0a6a649/element - {"using":"xpath","value":"//input[@id=\"generalSectionFrg--receiveYard-inner\"]"}
RESULT: {"using":"xpath","value":"//input[@id=\"generalSectionFrg--receiveYard-inner\"]"}
COMMAND: POST /session/ff12bb945472b7ca0752b083f0a6a649/element/f.83A52D51DE7EE447A745C47B9BBA803D.d.A69C160F2B716E9957072A45B269258C.e.13369/clear - {}
RESULT: {}
COMMAND: POST /session/ff12bb945472b7ca0752b083f0a6a649/element/f.83A52D51DE7EE447A745C47B9BBA803D.d.A69C160F2B716E9957072A45B269258C.e.13369/value - {"text":"567"}
COMMAND: GET /session/ff12bb945472b7ca0752b083f0a6a649/screenshot - {}
RESULT: {"text":"567"}
COMMAND: GET /session/ff12bb945472b7ca0752b083f0a6a649/screenshot - {}
RESULT: {}
RESULT: {}
COMMAND: POST /session/ff12bb945472b7ca0752b083f0a6a649/element - {"using":"xpath","value":"//li[.//span[text()='567']]"}
RESULT: {"using":"xpath","value":"//li[.//span[text()='567']]"}
COMMAND: POST /session/ff12bb945472b7ca0752b083f0a6a649/element/f.83A52D51DE7EE447A745C47B9BBA803D.d.A69C160F2B716E9957072A45B269258C.e.13387/click - {}
RESULT: {}
COMMAND: GET /session/ff12bb945472b7ca0752b083f0a6a649/screenshot - {}
RESULT: {}
COMMAND: POST /session/ff12bb945472b7ca0752b083f0a6a649/execute/async - {"script":"<script> [1562 bytes]","args":[{"selector":{"id":"application-managehandovers-display-component---AddNewHO--ObjectPageLayout-anchBar-application-managehandovers-display-component---AddNewHO--section4-anchor","interaction":{"idSuffix":"BDI-content"}},"wdio_ui5_key":"applicationmanagehandovers-display-component---AddNewHO--ObjectPageLayout-anchBar-application-managehandovers-display-component---AddNewHO--section4-anchor"}]}
RESULT: {"script":"<script> [1562 bytes]","args":[{"selector":{"id":"application-managehandovers-display-component---AddNewHO--ObjectPageLayout-anchBar-application-managehandovers-display-component---AddNewHO--section4-anchor","interaction":{"idSuffix":"BDI-content"}},"wdio_ui5_key":"applicationmanagehandovers-display-component---AddNewHO--ObjectPageLayout-anchBar-application-managehandovers-display-component---AddNewHO--section4-anchor"}]}
RESULT: undefined
COMMAND: POST /session/ff12bb945472b7ca0752b083f0a6a649/element - {"using":"xpath","value":"//*[@id=\"application-managehandovers-display-component---AddNewHO--ObjectPageLayout-anchBar-application-managehandovers-display-component---AddNewHO--section4-anchor\"]"}
RESULT: {"using":"xpath","value":"//*[@id=\"application-managehandovers-display-component---AddNewHO--ObjectPageLayout-anchBar-application-managehandovers-display-component---AddNewHO--section4-anchor\"]"}
COMMAND: POST /session/ff12bb945472b7ca0752b083f0a6a649/element/f.83A52D51DE7EE447A745C47B9BBA803D.d.A69C160F2B716E9957072A45B269258C.e.13389/click - {}
RESULT: {}
COMMAND: POST /session/ff12bb945472b7ca0752b083f0a6a649/element - {"using":"xpath","value":"//button[@aria-label=\"Add\"]"}
COMMAND: GET /session/ff12bb945472b7ca0752b083f0a6a649/screenshot - {}
RESULT: {"using":"xpath","value":"//button[@aria-label=\"Add\"]"}
COMMAND: POST /session/ff12bb945472b7ca0752b083f0a6a649/element/f.83A52D51DE7EE447A745C47B9BBA803D.d.A69C160F2B716E9957072A45B269258C.e.13391/click - {}
RESULT: {}
RESULT: {}
COMMAND: GET /session/ff12bb945472b7ca0752b083f0a6a649/screenshot - {}
RESULT: {}
COMMAND: POST /session/ff12bb945472b7ca0752b083f0a6a649/execute/async - {"script":"<script> [1562 bytes]","args":[{"selector":{"id":"application-managehandovers-display-component---AddNewHO--smartFilterBar-btnBasicSearch","searchOpenDialogs":true,"interaction":{"idSuffix":"I"}},"wdio_ui5_key":"applicationmanagehandovers-display-component---AddNewHO--smartFilterBar-btnBasicSearch"}]}
RESULT: {"script":"<script> [1562 bytes]","args":[{"selector":{"id":"application-managehandovers-display-component---AddNewHO--smartFilterBar-btnBasicSearch","searchOpenDialogs":true,"interaction":{"idSuffix":"I"}},"wdio_ui5_key":"applicationmanagehandovers-display-component---AddNewHO--smartFilterBar-btnBasicSearch"}]}
RESULT: undefined
COMMAND: POST /session/ff12bb945472b7ca0752b083f0a6a649/execute/async - {"script":"<script> [776 bytes]","args":[{"enterText":"grjQT0t10h","selector":{"id":"application-managehandovers-display-component---AddNewHO--smartFilterBar-btnBasicSearch","searchOpenDialogs":true,"interaction":{"idSuffix":"I"}},"clearTextFirst":true,"interactionType":"ENTER_TEXT"}]}
RESULT: {"script":"<script> [776 bytes]","args":[{"enterText":"grjQT0t10h","selector":{"id":"application-managehandovers-display-component---AddNewHO--smartFilterBar-btnBasicSearch","searchOpenDialogs":true,"interaction":{"idSuffix":"I"}},"clearTextFirst":true,"interactionType":"ENTER_TEXT"}]}
COMMAND: POST /session/ff12bb945472b7ca0752b083f0a6a649/actions - {"actions":[{"id":"action50","type":"key","parameters":{},"actions":[{"type":"keyDown","value":"î€‡"},{"type":"pause","duration":10},{"type":"keyUp","value":"î€‡"}]}]}
RESULT: {"actions":[{"id":"action50","type":"key","parameters":{},"actions":[{"type":"keyDown","value":"î€‡"},{"type":"pause","duration":10},{"type":"keyUp","value":"î€‡"}]}]}
COMMAND: GET /session/ff12bb945472b7ca0752b083f0a6a649/screenshot - {}
RESULT: {}
COMMAND: POST /session/ff12bb945472b7ca0752b083f0a6a649/execute/async - {"script":"<script> [1562 bytes]","args":[{"selector":{"id":"application-managehandovers-display-component---AddNewHO--popup-sa","searchOpenDialogs":true,"interaction":{"idSuffix":"CbBg"}},"wdio_ui5_key":"applicationmanagehandovers-display-component---AddNewHO--popup-sa"}]}
RESULT: {"script":"<script> [1562 bytes]","args":[{"selector":{"id":"application-managehandovers-display-component---AddNewHO--popup-sa","searchOpenDialogs":true,"interaction":{"idSuffix":"CbBg"}},"wdio_ui5_key":"applicationmanagehandovers-display-component---AddNewHO--popup-sa"}]}
RESULT: undefined
COMMAND: POST /session/ff12bb945472b7ca0752b083f0a6a649/element - {"using":"xpath","value":"//*[@id=\"application-managehandovers-display-component---AddNewHO--popup-sa\"]"}
RESULT: {"using":"xpath","value":"//*[@id=\"application-managehandovers-display-component---AddNewHO--popup-sa\"]"}
COMMAND: POST /session/ff12bb945472b7ca0752b083f0a6a649/element/f.83A52D51DE7EE447A745C47B9BBA803D.d.A69C160F2B716E9957072A45B269258C.e.13545/click - {}
RESULT: {}
COMMAND: GET /session/ff12bb945472b7ca0752b083f0a6a649/screenshot - {}
RESULT: {}
COMMAND: POST /session/ff12bb945472b7ca0752b083f0a6a649/element - {"using":"xpath","value":"//bdi[contains(text(), \"Select\")]"}
RESULT: {"using":"xpath","value":"//bdi[contains(text(), \"Select\")]"}
COMMAND: POST /session/ff12bb945472b7ca0752b083f0a6a649/element/f.83A52D51DE7EE447A745C47B9BBA803D.d.A69C160F2B716E9957072A45B269258C.e.13546/click - {}
RESULT: {}
COMMAND: GET /session/ff12bb945472b7ca0752b083f0a6a649/screenshot - {}
RESULT: {}
COMMAND: POST /session/ff12bb945472b7ca0752b083f0a6a649/element - {"using":"xpath","value":"//button[@data-kt=\"AddNewHOSaveButton\"]"}
RESULT: {"using":"xpath","value":"//button[@data-kt=\"AddNewHOSaveButton\"]"}
COMMAND: POST /session/ff12bb945472b7ca0752b083f0a6a649/element/f.83A52D51DE7EE447A745C47B9BBA803D.d.A69C160F2B716E9957072A45B269258C.e.13550/click - {}
RESULT: {}
COMMAND: GET /session/ff12bb945472b7ca0752b083f0a6a649/screenshot - {}
RESULT: {}
COMMAND: POST /session/ff12bb945472b7ca0752b083f0a6a649/execute/async - {"script":"<script> [1562 bytes]","args":[{"selector":{"id":"receiptDatePicker","viewName":"etm.portal.ui.managehandovers.view.DetailExecuteHO","interaction":{"idSuffix":"inner"}},"wdio_ui5_key":"receiptDatePickeretmportal.ui.managehandovers.view.DetailExecuteHO"}]}
RESULT: {"script":"<script> [1562 bytes]","args":[{"selector":{"id":"receiptDatePicker","viewName":"etm.portal.ui.managehandovers.view.DetailExecuteHO","interaction":{"idSuffix":"inner"}},"wdio_ui5_key":"receiptDatePickeretmportal.ui.managehandovers.view.DetailExecuteHO"}]}
RESULT: undefined
COMMAND: POST /session/ff12bb945472b7ca0752b083f0a6a649/execute/async - {"script":"<script> [6424 bytes]","args":[{"element-6066-11e4-a52e-4f735466cecf":"f.83A52D51DE7EE447A745C47B9BBA803D.d.A69C160F2B716E9957072A45B269258C.e.13570"},"setValue",["5/19/25"]]}
RESULT: {"script":"<script> [6424 bytes]","args":[{"element-6066-11e4-a52e-4f735466cecf":"f.83A52D51DE7EE447A745C47B9BBA803D.d.A69C160F2B716E9957072A45B269258C.e.13570"},"setValue",["5/19/25"]]}
COMMAND: POST /session/ff12bb945472b7ca0752b083f0a6a649/element - {"using":"xpath","value":"//button[@data-kt=\"PickingTableConfirmAllButton\"]"}
RESULT: {"using":"xpath","value":"//button[@data-kt=\"PickingTableConfirmAllButton\"]"}
COMMAND: POST /session/ff12bb945472b7ca0752b083f0a6a649/element/f.83A52D51DE7EE447A745C47B9BBA803D.d.A69C160F2B716E9957072A45B269258C.e.13584/click - {}
RESULT: {}
COMMAND: GET /session/ff12bb945472b7ca0752b083f0a6a649/screenshot - {}
RESULT: {}
COMMAND: POST /session/ff12bb945472b7ca0752b083f0a6a649/element - {"using":"xpath","value":"//bdi[contains(text(), \"OK\")]"}
RESULT: {"using":"xpath","value":"//bdi[contains(text(), \"OK\")]"}
COMMAND: POST /session/ff12bb945472b7ca0752b083f0a6a649/element/f.83A52D51DE7EE447A745C47B9BBA803D.d.A69C160F2B716E9957072A45B269258C.e.13586/click - {}
RESULT: {}
COMMAND: GET /session/ff12bb945472b7ca0752b083f0a6a649/screenshot - {}
RESULT: {}
COMMAND: POST /session/ff12bb945472b7ca0752b083f0a6a649/element - {"using":"xpath","value":"(//bdi[contains(text(), \"Receive\")])[2]"}
RESULT: {"using":"xpath","value":"(//bdi[contains(text(), \"Receive\")])[2]"}
COMMAND: POST /session/ff12bb945472b7ca0752b083f0a6a649/element/f.83A52D51DE7EE447A745C47B9BBA803D.d.A69C160F2B716E9957072A45B269258C.e.13588/click - {}
RESULT: {}
COMMAND: GET /session/ff12bb945472b7ca0752b083f0a6a649/screenshot - {}
RESULT: {}
COMMAND: POST /session/ff12bb945472b7ca0752b083f0a6a649/element - {"using":"css selector","value":"#shell-header-logo"}
RESULT: {"using":"css selector","value":"#shell-header-logo"}
COMMAND: POST /session/ff12bb945472b7ca0752b083f0a6a649/element/f.83A52D51DE7EE447A745C47B9BBA803D.d.A69C160F2B716E9957072A45B269258C.e.12973/click - {}
RESULT: {}
COMMAND: GET /session/ff12bb945472b7ca0752b083f0a6a649/screenshot - {}
RESULT: {}
]]></system-out>
    </testcase>
    <testcase classname="chrome.136_0_7103_93.windows.Create_Reverse_Billing_US127248" name="Should create a new contract" time="61.654">
      <system-out><![CDATA[
COMMAND: POST /session/ff12bb945472b7ca0752b083f0a6a649/execute/async - {"script":"<script> [1562 bytes]","args":[{"selector":{"controlType":"sap.m.GenericTile","properties":{"header":"Manage Contracts"}},"wdio_ui5_key":"sapm.GenericTile{\"header\":\"Manage Contracts\"}"}]}
RESULT: {"script":"<script> [1562 bytes]","args":[{"selector":{"controlType":"sap.m.GenericTile","properties":{"header":"Manage Contracts"}},"wdio_ui5_key":"sapm.GenericTile{\"header\":\"Manage Contracts\"}"}]}
RESULT: undefined
COMMAND: POST /session/ff12bb945472b7ca0752b083f0a6a649/element - {"using":"xpath","value":"//*[@id=\"__tile131\"]"}
RESULT: {"using":"xpath","value":"//*[@id=\"__tile131\"]"}
COMMAND: POST /session/ff12bb945472b7ca0752b083f0a6a649/element/f.83A52D51DE7EE447A745C47B9BBA803D.d.A69C160F2B716E9957072A45B269258C.e.11631/click - {}
RESULT: {}
COMMAND: GET /session/ff12bb945472b7ca0752b083f0a6a649/screenshot - {}
RESULT: {}
COMMAND: POST /session/ff12bb945472b7ca0752b083f0a6a649/elements - {"using":"xpath","value":"//span[text()='Error']"}
RESULT: {"using":"xpath","value":"//span[text()='Error']"}
COMMAND: POST /session/ff12bb945472b7ca0752b083f0a6a649/element - {"using":"xpath","value":"//button[@data-kt=\"addButton\"]"}
RESULT: {"using":"xpath","value":"//button[@data-kt=\"addButton\"]"}
COMMAND: POST /session/ff12bb945472b7ca0752b083f0a6a649/elements - {"using":"xpath","value":"//button[@data-kt=\"addButton\"]"}
RESULT: {"using":"xpath","value":"//button[@data-kt=\"addButton\"]"}
COMMAND: POST /session/ff12bb945472b7ca0752b083f0a6a649/execute/sync - {"script":"<script> [8489 bytes]","args":[{"element-6066-11e4-a52e-4f735466cecf":"f.83A52D51DE7EE447A745C47B9BBA803D.d.A69C160F2B716E9957072A45B269258C.e.13805","ELEMENT":"f.83A52D51DE7EE447A745C47B9BBA803D.d.A69C160F2B716E9957072A45B269258C.e.13805"}]}
RESULT: {"script":"<script> [8489 bytes]","args":[{"element-6066-11e4-a52e-4f735466cecf":"f.83A52D51DE7EE447A745C47B9BBA803D.d.A69C160F2B716E9957072A45B269258C.e.13805","ELEMENT":"f.83A52D51DE7EE447A745C47B9BBA803D.d.A69C160F2B716E9957072A45B269258C.e.13805"}]}
COMMAND: GET /session/ff12bb945472b7ca0752b083f0a6a649/element/f.83A52D51DE7EE447A745C47B9BBA803D.d.A69C160F2B716E9957072A45B269258C.e.13805/enabled - {}
COMMAND: GET /session/ff12bb945472b7ca0752b083f0a6a649/screenshot - {}
RESULT: {}
COMMAND: POST /session/ff12bb945472b7ca0752b083f0a6a649/execute/sync - {"script":"<script> [8489 bytes]","args":[{"element-6066-11e4-a52e-4f735466cecf":"f.83A52D51DE7EE447A745C47B9BBA803D.d.A69C160F2B716E9957072A45B269258C.e.13805","ELEMENT":"f.83A52D51DE7EE447A745C47B9BBA803D.d.A69C160F2B716E9957072A45B269258C.e.13805"}]}
COMMAND: GET /session/ff12bb945472b7ca0752b083f0a6a649/screenshot - {}
RESULT: {}
RESULT: {"script":"<script> [8489 bytes]","args":[{"element-6066-11e4-a52e-4f735466cecf":"f.83A52D51DE7EE447A745C47B9BBA803D.d.A69C160F2B716E9957072A45B269258C.e.13805","ELEMENT":"f.83A52D51DE7EE447A745C47B9BBA803D.d.A69C160F2B716E9957072A45B269258C.e.13805"}]}
COMMAND: POST /session/ff12bb945472b7ca0752b083f0a6a649/execute/sync - {"script":"<script> [5351 bytes]","args":[{"element-6066-11e4-a52e-4f735466cecf":"f.83A52D51DE7EE447A745C47B9BBA803D.d.A69C160F2B716E9957072A45B269258C.e.13805","ELEMENT":"f.83A52D51DE7EE447A745C47B9BBA803D.d.A69C160F2B716E9957072A45B269258C.e.13805"}]}
COMMAND: GET /session/ff12bb945472b7ca0752b083f0a6a649/screenshot - {}
RESULT: {}
RESULT: {"script":"<script> [5351 bytes]","args":[{"element-6066-11e4-a52e-4f735466cecf":"f.83A52D51DE7EE447A745C47B9BBA803D.d.A69C160F2B716E9957072A45B269258C.e.13805","ELEMENT":"f.83A52D51DE7EE447A745C47B9BBA803D.d.A69C160F2B716E9957072A45B269258C.e.13805"}]}
COMMAND: GET /session/ff12bb945472b7ca0752b083f0a6a649/screenshot - {}
RESULT: {}
RESULT: {}
COMMAND: POST /session/ff12bb945472b7ca0752b083f0a6a649/element/f.83A52D51DE7EE447A745C47B9BBA803D.d.A69C160F2B716E9957072A45B269258C.e.13805/click - {}
RESULT: {}
COMMAND: GET /session/ff12bb945472b7ca0752b083f0a6a649/screenshot - {}
COMMAND: POST /session/ff12bb945472b7ca0752b083f0a6a649/execute/async - {"script":"<script> [1562 bytes]","args":[{"selector":{"id":"application-managecontracts-display-component---AddNewContract--projectDescription","interaction":{"idSuffix":"inner"}},"wdio_ui5_key":"applicationmanagecontracts-display-component---AddNewContract--projectDescription"}]}
RESULT: {}
RESULT: {"script":"<script> [1562 bytes]","args":[{"selector":{"id":"application-managecontracts-display-component---AddNewContract--projectDescription","interaction":{"idSuffix":"inner"}},"wdio_ui5_key":"applicationmanagecontracts-display-component---AddNewContract--projectDescription"}]}
RESULT: undefined
COMMAND: POST /session/ff12bb945472b7ca0752b083f0a6a649/execute/async - {"script":"<script> [776 bytes]","args":[{"enterText":"Contract WDIO","selector":{"id":"application-managecontracts-display-component---AddNewContract--projectDescription","interaction":{"idSuffix":"inner"}},"clearTextFirst":true,"interactionType":"ENTER_TEXT"}]}
RESULT: {"script":"<script> [776 bytes]","args":[{"enterText":"Contract WDIO","selector":{"id":"application-managecontracts-display-component---AddNewContract--projectDescription","interaction":{"idSuffix":"inner"}},"clearTextFirst":true,"interactionType":"ENTER_TEXT"}]}
COMMAND: POST /session/ff12bb945472b7ca0752b083f0a6a649/element - {"using":"xpath","value":"//input[@id=\"application-managecontracts-display-component---AddNewContract--site-inner\"]"}
RESULT: {"using":"xpath","value":"//input[@id=\"application-managecontracts-display-component---AddNewContract--site-inner\"]"}
COMMAND: POST /session/ff12bb945472b7ca0752b083f0a6a649/element/f.83A52D51DE7EE447A745C47B9BBA803D.d.A69C160F2B716E9957072A45B269258C.e.14167/clear - {}
RESULT: {}
COMMAND: POST /session/ff12bb945472b7ca0752b083f0a6a649/element/f.83A52D51DE7EE447A745C47B9BBA803D.d.A69C160F2B716E9957072A45B269258C.e.14167/value - {"text":"2285"}
COMMAND: GET /session/ff12bb945472b7ca0752b083f0a6a649/screenshot - {}
RESULT: {"text":"2285"}
COMMAND: GET /session/ff12bb945472b7ca0752b083f0a6a649/screenshot - {}
RESULT: {}
RESULT: {}
COMMAND: POST /session/ff12bb945472b7ca0752b083f0a6a649/element - {"using":"xpath","value":"//li[.//span[text()='2285']]"}
RESULT: {"using":"xpath","value":"//li[.//span[text()='2285']]"}
COMMAND: POST /session/ff12bb945472b7ca0752b083f0a6a649/element/f.83A52D51DE7EE447A745C47B9BBA803D.d.A69C160F2B716E9957072A45B269258C.e.14204/click - {}
RESULT: {}
COMMAND: GET /session/ff12bb945472b7ca0752b083f0a6a649/screenshot - {}
RESULT: {}
COMMAND: POST /session/ff12bb945472b7ca0752b083f0a6a649/element - {"using":"xpath","value":"//input[@id=\"application-managecontracts-display-component---AddNewContract--yardId-inner\"]"}
RESULT: {"using":"xpath","value":"//input[@id=\"application-managecontracts-display-component---AddNewContract--yardId-inner\"]"}
COMMAND: GET /session/ff12bb945472b7ca0752b083f0a6a649/element/f.83A52D51DE7EE447A745C47B9BBA803D.d.A69C160F2B716E9957072A45B269258C.e.14168/property/value - {}
RESULT: {}
COMMAND: POST /session/ff12bb945472b7ca0752b083f0a6a649/element - {"using":"xpath","value":"//input[@id=\"application-managecontracts-display-component---AddNewContract--customerSelect-inner\"]"}
COMMAND: GET /session/ff12bb945472b7ca0752b083f0a6a649/screenshot - {}
RESULT: {"using":"xpath","value":"//input[@id=\"application-managecontracts-display-component---AddNewContract--customerSelect-inner\"]"}
COMMAND: POST /session/ff12bb945472b7ca0752b083f0a6a649/element/f.83A52D51DE7EE447A745C47B9BBA803D.d.A69C160F2B716E9957072A45B269258C.e.14166/clear - {}
RESULT: {}
RESULT: {}
COMMAND: POST /session/ff12bb945472b7ca0752b083f0a6a649/element/f.83A52D51DE7EE447A745C47B9BBA803D.d.A69C160F2B716E9957072A45B269258C.e.14166/value - {"text":"1338"}
COMMAND: GET /session/ff12bb945472b7ca0752b083f0a6a649/screenshot - {}
RESULT: {"text":"1338"}
COMMAND: GET /session/ff12bb945472b7ca0752b083f0a6a649/screenshot - {}
RESULT: {}
RESULT: {}
COMMAND: POST /session/ff12bb945472b7ca0752b083f0a6a649/element - {"using":"xpath","value":"//li[.//span[text()='1338']]"}
RESULT: {"using":"xpath","value":"//li[.//span[text()='1338']]"}
COMMAND: POST /session/ff12bb945472b7ca0752b083f0a6a649/element/f.83A52D51DE7EE447A745C47B9BBA803D.d.A69C160F2B716E9957072A45B269258C.e.14207/click - {}
RESULT: {}
COMMAND: GET /session/ff12bb945472b7ca0752b083f0a6a649/screenshot - {}
RESULT: {}
COMMAND: POST /session/ff12bb945472b7ca0752b083f0a6a649/element - {"using":"xpath","value":"//button[@data-kt=\"saveButton\"]"}
RESULT: {"using":"xpath","value":"//button[@data-kt=\"saveButton\"]"}
COMMAND: POST /session/ff12bb945472b7ca0752b083f0a6a649/element/f.83A52D51DE7EE447A745C47B9BBA803D.d.A69C160F2B716E9957072A45B269258C.e.14208/click - {}
RESULT: {}
COMMAND: GET /session/ff12bb945472b7ca0752b083f0a6a649/screenshot - {}
RESULT: {}
COMMAND: POST /session/ff12bb945472b7ca0752b083f0a6a649/element - {"using":"xpath","value":"//span[contains(@id ,\"contractDetailTitleNoExpanded\")]"}
RESULT: {"using":"xpath","value":"//span[contains(@id ,\"contractDetailTitleNoExpanded\")]"}
COMMAND: POST /session/ff12bb945472b7ca0752b083f0a6a649/elements - {"using":"xpath","value":"//span[contains(@id ,\"contractDetailTitleNoExpanded\")]"}
RESULT: {"using":"xpath","value":"//span[contains(@id ,\"contractDetailTitleNoExpanded\")]"}
COMMAND: POST /session/ff12bb945472b7ca0752b083f0a6a649/execute/sync - {"script":"<script> [56 bytes]","args":[{"element-6066-11e4-a52e-4f735466cecf":"f.83A52D51DE7EE447A745C47B9BBA803D.d.A69C160F2B716E9957072A45B269258C.e.14279","ELEMENT":"f.83A52D51DE7EE447A745C47B9BBA803D.d.A69C160F2B716E9957072A45B269258C.e.14279"}]}
RESULT: {"script":"<script> [56 bytes]","args":[{"element-6066-11e4-a52e-4f735466cecf":"f.83A52D51DE7EE447A745C47B9BBA803D.d.A69C160F2B716E9957072A45B269258C.e.14279","ELEMENT":"f.83A52D51DE7EE447A745C47B9BBA803D.d.A69C160F2B716E9957072A45B269258C.e.14279"}]}
COMMAND: GET /session/ff12bb945472b7ca0752b083f0a6a649/screenshot - {}
RESULT: {}
]]></system-out>
    </testcase>
    <testcase classname="chrome.136_0_7103_93.windows.Create_Reverse_Billing_US127248" name="Should add equipment to the contract" time="49.101">
      <system-out><![CDATA[
COMMAND: POST /session/ff12bb945472b7ca0752b083f0a6a649/element - {"using":"xpath","value":"//button[@data-kt=\"contractDetailEditBtnButton\"]"}
RESULT: {"using":"xpath","value":"//button[@data-kt=\"contractDetailEditBtnButton\"]"}
COMMAND: POST /session/ff12bb945472b7ca0752b083f0a6a649/element/f.83A52D51DE7EE447A745C47B9BBA803D.d.A69C160F2B716E9957072A45B269258C.e.14282/click - {}
RESULT: {}
COMMAND: GET /session/ff12bb945472b7ca0752b083f0a6a649/screenshot - {}
RESULT: {}
COMMAND: POST /session/ff12bb945472b7ca0752b083f0a6a649/element - {"using":"xpath","value":"(//span[contains(text(), \"Additional Addresses\")])[2]"}
RESULT: {"using":"xpath","value":"(//span[contains(text(), \"Additional Addresses\")])[2]"}
COMMAND: POST /session/ff12bb945472b7ca0752b083f0a6a649/element/f.83A52D51DE7EE447A745C47B9BBA803D.d.A69C160F2B716E9957072A45B269258C.e.14338/click - {}
RESULT: {}
COMMAND: GET /session/ff12bb945472b7ca0752b083f0a6a649/screenshot - {}
RESULT: {}
COMMAND: POST /session/ff12bb945472b7ca0752b083f0a6a649/element - {"using":"xpath","value":"//button[@data-kt=\"btnAddTableRowOverflowToolbarButton\"]"}
RESULT: {"using":"xpath","value":"//button[@data-kt=\"btnAddTableRowOverflowToolbarButton\"]"}
COMMAND: POST /session/ff12bb945472b7ca0752b083f0a6a649/element/f.83A52D51DE7EE447A745C47B9BBA803D.d.A69C160F2B716E9957072A45B269258C.e.14340/click - {}
RESULT: {}
COMMAND: GET /session/ff12bb945472b7ca0752b083f0a6a649/screenshot - {}
RESULT: {}
COMMAND: POST /session/ff12bb945472b7ca0752b083f0a6a649/element - {"using":"xpath","value":"//div[(text() = 'Standard Entry' or . = 'Standard Entry')]"}
RESULT: {"using":"xpath","value":"//div[(text() = 'Standard Entry' or . = 'Standard Entry')]"}
COMMAND: POST /session/ff12bb945472b7ca0752b083f0a6a649/element/f.83A52D51DE7EE447A745C47B9BBA803D.d.A69C160F2B716E9957072A45B269258C.e.14342/click - {}
RESULT: {}
COMMAND: GET /session/ff12bb945472b7ca0752b083f0a6a649/screenshot - {}
RESULT: {}
COMMAND: POST /session/ff12bb945472b7ca0752b083f0a6a649/element - {"using":"xpath","value":"//td[7]/div/div/input"}
RESULT: {"using":"xpath","value":"//td[7]/div/div/input"}
COMMAND: POST /session/ff12bb945472b7ca0752b083f0a6a649/element/f.83A52D51DE7EE447A745C47B9BBA803D.d.A69C160F2B716E9957072A45B269258C.e.14351/clear - {}
RESULT: {}
COMMAND: POST /session/ff12bb945472b7ca0752b083f0a6a649/element/f.83A52D51DE7EE447A745C47B9BBA803D.d.A69C160F2B716E9957072A45B269258C.e.14351/value - {"text":"grjQT0t10h"}
COMMAND: GET /session/ff12bb945472b7ca0752b083f0a6a649/screenshot - {}
RESULT: {"text":"grjQT0t10h"}
COMMAND: GET /session/ff12bb945472b7ca0752b083f0a6a649/screenshot - {}
RESULT: {}
RESULT: {}
COMMAND: POST /session/ff12bb945472b7ca0752b083f0a6a649/actions - {"actions":[{"id":"action51","type":"key","parameters":{},"actions":[{"type":"keyDown","value":"î€‡"},{"type":"pause","duration":10},{"type":"keyUp","value":"î€‡"}]}]}
RESULT: {"actions":[{"id":"action51","type":"key","parameters":{},"actions":[{"type":"keyDown","value":"î€‡"},{"type":"pause","duration":10},{"type":"keyUp","value":"î€‡"}]}]}
COMMAND: GET /session/ff12bb945472b7ca0752b083f0a6a649/screenshot - {}
RESULT: {}
COMMAND: POST /session/ff12bb945472b7ca0752b083f0a6a649/execute/sync - {"script":"<script> [276 bytes]","args":["No pricing information was found"]}
RESULT: {"script":"<script> [276 bytes]","args":["No pricing information was found"]}
COMMAND: POST /session/ff12bb945472b7ca0752b083f0a6a649/element - {"using":"xpath","value":"(//button[@data-kt=\"saveButton\"])[2]"}
COMMAND: GET /session/ff12bb945472b7ca0752b083f0a6a649/screenshot - {}
RESULT: {"using":"xpath","value":"(//button[@data-kt=\"saveButton\"])[2]"}
COMMAND: POST /session/ff12bb945472b7ca0752b083f0a6a649/element/f.83A52D51DE7EE447A745C47B9BBA803D.d.A69C160F2B716E9957072A45B269258C.e.14366/click - {}
RESULT: {}
RESULT: {}
COMMAND: GET /session/ff12bb945472b7ca0752b083f0a6a649/screenshot - {}
RESULT: {}
COMMAND: POST /session/ff12bb945472b7ca0752b083f0a6a649/execute/sync - {"script":"<script> [276 bytes]","args":["Some contract items are having rental validity exceeding header rental validity"]}
RESULT: {"script":"<script> [276 bytes]","args":["Some contract items are having rental validity exceeding header rental validity"]}
COMMAND: GET /session/ff12bb945472b7ca0752b083f0a6a649/screenshot - {}
RESULT: {}
COMMAND: POST /session/ff12bb945472b7ca0752b083f0a6a649/element - {"using":"xpath","value":"//span[contains(@id ,\"contractItemsSmartTable-header-inner\")]"}
RESULT: {"using":"xpath","value":"//span[contains(@id ,\"contractItemsSmartTable-header-inner\")]"}
COMMAND: POST /session/ff12bb945472b7ca0752b083f0a6a649/elements - {"using":"xpath","value":"//span[contains(@id ,\"contractItemsSmartTable-header-inner\")]"}
RESULT: {"using":"xpath","value":"//span[contains(@id ,\"contractItemsSmartTable-header-inner\")]"}
COMMAND: POST /session/ff12bb945472b7ca0752b083f0a6a649/execute/sync - {"script":"<script> [56 bytes]","args":[{"element-6066-11e4-a52e-4f735466cecf":"f.83A52D51DE7EE447A745C47B9BBA803D.d.A69C160F2B716E9957072A45B269258C.e.14371","ELEMENT":"f.83A52D51DE7EE447A745C47B9BBA803D.d.A69C160F2B716E9957072A45B269258C.e.14371"}]}
RESULT: {"script":"<script> [56 bytes]","args":[{"element-6066-11e4-a52e-4f735466cecf":"f.83A52D51DE7EE447A745C47B9BBA803D.d.A69C160F2B716E9957072A45B269258C.e.14371","ELEMENT":"f.83A52D51DE7EE447A745C47B9BBA803D.d.A69C160F2B716E9957072A45B269258C.e.14371"}]}
COMMAND: GET /session/ff12bb945472b7ca0752b083f0a6a649/screenshot - {}
]]></system-out>
    </testcase>
    <testcase classname="chrome.136_0_7103_93.windows.Create_Reverse_Billing_US127248" name="Should do a provide to site handover" time="64.43">
      <system-out><![CDATA[
COMMAND: POST /session/ff12bb945472b7ca0752b083f0a6a649/element - {"using":"xpath","value":"//button[@data-kt=\"provideButton\"]"}
RESULT: {}
RESULT: {"using":"xpath","value":"//button[@data-kt=\"provideButton\"]"}
COMMAND: POST /session/ff12bb945472b7ca0752b083f0a6a649/element/f.83A52D51DE7EE447A745C47B9BBA803D.d.A69C160F2B716E9957072A45B269258C.e.14372/click - {}
RESULT: {}
COMMAND: GET /session/ff12bb945472b7ca0752b083f0a6a649/screenshot - {}
RESULT: undefined
COMMAND: POST /session/ff12bb945472b7ca0752b083f0a6a649/execute/async - {"script":"<script> [6424 bytes]","args":[{"element-6066-11e4-a52e-4f735466cecf":"f.83A52D51DE7EE447A745C47B9BBA803D.d.A69C160F2B716E9957072A45B269258C.e.13365"},"setValue",["5/19/25"]]}
RESULT: {}
COMMAND: POST /session/ff12bb945472b7ca0752b083f0a6a649/execute/async - {"script":"<script> [1562 bytes]","args":[{"selector":{"id":"application-managehandovers-display-component---AddNewHO--dueDate","interaction":{"idSuffix":"inner"}},"wdio_ui5_key":"applicationmanagehandovers-display-component---AddNewHO--dueDate"}]}
RESULT: {"script":"<script> [1562 bytes]","args":[{"selector":{"id":"application-managehandovers-display-component---AddNewHO--dueDate","interaction":{"idSuffix":"inner"}},"wdio_ui5_key":"applicationmanagehandovers-display-component---AddNewHO--dueDate"}]}
COMMAND: POST /session/ff12bb945472b7ca0752b083f0a6a649/execute/async - {"script":"<script> [6424 bytes]","args":[{"element-6066-11e4-a52e-4f735466cecf":"f.83A52D51DE7EE447A745C47B9BBA803D.d.A69C160F2B716E9957072A45B269258C.e.14429"},"setValue",["5/19/25"]]}
RESULT: {"script":"<script> [6424 bytes]","args":[{"element-6066-11e4-a52e-4f735466cecf":"f.83A52D51DE7EE447A745C47B9BBA803D.d.A69C160F2B716E9957072A45B269258C.e.14429"},"setValue",["5/19/25"]]}
COMMAND: POST /session/ff12bb945472b7ca0752b083f0a6a649/element - {"using":"xpath","value":"//bdi[contains(text(), \"Instructions\")]"}
RESULT: {"using":"xpath","value":"//bdi[contains(text(), \"Instructions\")]"}
COMMAND: POST /session/ff12bb945472b7ca0752b083f0a6a649/element/f.83A52D51DE7EE447A745C47B9BBA803D.d.A69C160F2B716E9957072A45B269258C.e.14682/click - {}
RESULT: {}
COMMAND: GET /session/ff12bb945472b7ca0752b083f0a6a649/screenshot - {}
RESULT: {}
COMMAND: POST /session/ff12bb945472b7ca0752b083f0a6a649/element - {"using":"xpath","value":"//button[@data-kt=\"AddNewHOProvideAddItemsButton\"]"}
RESULT: {"using":"xpath","value":"//button[@data-kt=\"AddNewHOProvideAddItemsButton\"]"}
COMMAND: POST /session/ff12bb945472b7ca0752b083f0a6a649/element/f.83A52D51DE7EE447A745C47B9BBA803D.d.A69C160F2B716E9957072A45B269258C.e.14688/click - {}
RESULT: {}
COMMAND: GET /session/ff12bb945472b7ca0752b083f0a6a649/screenshot - {}
RESULT: {}
RESULT: undefined
COMMAND: POST /session/ff12bb945472b7ca0752b083f0a6a649/element - {"using":"xpath","value":"//*[@id=\"application-managehandovers-display-component---AddNewHO--popup-sa\"]"}
RESULT: {"using":"xpath","value":"//*[@id=\"application-managehandovers-display-component---AddNewHO--popup-sa\"]"}
COMMAND: POST /session/ff12bb945472b7ca0752b083f0a6a649/element/f.83A52D51DE7EE447A745C47B9BBA803D.d.A69C160F2B716E9957072A45B269258C.e.14704/click - {}
RESULT: {}
COMMAND: GET /session/ff12bb945472b7ca0752b083f0a6a649/screenshot - {}
RESULT: {}
COMMAND: POST /session/ff12bb945472b7ca0752b083f0a6a649/element - {"using":"xpath","value":"//*[contains(@id ,\"BDI-content\")][contains(text(), \"Select\")]"}
RESULT: {"using":"xpath","value":"//*[contains(@id ,\"BDI-content\")][contains(text(), \"Select\")]"}
COMMAND: POST /session/ff12bb945472b7ca0752b083f0a6a649/element/f.83A52D51DE7EE447A745C47B9BBA803D.d.A69C160F2B716E9957072A45B269258C.e.14705/click - {}
RESULT: {}
COMMAND: GET /session/ff12bb945472b7ca0752b083f0a6a649/screenshot - {}
RESULT: {}
COMMAND: POST /session/ff12bb945472b7ca0752b083f0a6a649/execute/async - {"script":"<script> [1562 bytes]","args":[{"selector":{"id":"application-managehandovers-display-component---AddNewHO--confirmCreationButton","interaction":{"idSuffix":"BDI-content"}},"wdio_ui5_key":"applicationmanagehandovers-display-component---AddNewHO--confirmCreationButton"}]}
RESULT: {"script":"<script> [1562 bytes]","args":[{"selector":{"id":"application-managehandovers-display-component---AddNewHO--confirmCreationButton","interaction":{"idSuffix":"BDI-content"}},"wdio_ui5_key":"applicationmanagehandovers-display-component---AddNewHO--confirmCreationButton"}]}
RESULT: undefined
COMMAND: POST /session/ff12bb945472b7ca0752b083f0a6a649/element - {"using":"xpath","value":"//*[@id=\"application-managehandovers-display-component---AddNewHO--confirmCreationButton\"]"}
RESULT: {"using":"xpath","value":"//*[@id=\"application-managehandovers-display-component---AddNewHO--confirmCreationButton\"]"}
COMMAND: POST /session/ff12bb945472b7ca0752b083f0a6a649/element/f.83A52D51DE7EE447A745C47B9BBA803D.d.A69C160F2B716E9957072A45B269258C.e.14508/click - {}
RESULT: {}
COMMAND: GET /session/ff12bb945472b7ca0752b083f0a6a649/screenshot - {}
RESULT: {}
COMMAND: POST /session/ff12bb945472b7ca0752b083f0a6a649/execute/async - {"script":"<script> [1562 bytes]","args":[{"selector":{"id":"issueDatePicker","viewName":"etm.portal.ui.managehandovers.view.DetailExecuteHO","interaction":{"idSuffix":"inner"}},"wdio_ui5_key":"issueDatePickeretmportal.ui.managehandovers.view.DetailExecuteHO"}]}
RESULT: {"script":"<script> [1562 bytes]","args":[{"selector":{"id":"issueDatePicker","viewName":"etm.portal.ui.managehandovers.view.DetailExecuteHO","interaction":{"idSuffix":"inner"}},"wdio_ui5_key":"issueDatePickeretmportal.ui.managehandovers.view.DetailExecuteHO"}]}
RESULT: undefined
COMMAND: POST /session/ff12bb945472b7ca0752b083f0a6a649/execute/async - {"script":"<script> [776 bytes]","args":[{"enterText":"5/19/25","selector":{"id":"issueDatePicker","viewName":"etm.portal.ui.managehandovers.view.DetailExecuteHO","interaction":{"idSuffix":"inner"}},"clearTextFirst":true,"interactionType":"ENTER_TEXT"}]}
RESULT: {"script":"<script> [776 bytes]","args":[{"enterText":"5/19/25","selector":{"id":"issueDatePicker","viewName":"etm.portal.ui.managehandovers.view.DetailExecuteHO","interaction":{"idSuffix":"inner"}},"clearTextFirst":true,"interactionType":"ENTER_TEXT"}]}
COMMAND: POST /session/ff12bb945472b7ca0752b083f0a6a649/element - {"using":"xpath","value":"//bdi[contains(text(), \"OK\")]"}
RESULT: {"using":"xpath","value":"//bdi[contains(text(), \"OK\")]"}
COMMAND: POST /session/ff12bb945472b7ca0752b083f0a6a649/element/f.83A52D51DE7EE447A745C47B9BBA803D.d.A69C160F2B716E9957072A45B269258C.e.14753/click - {}
RESULT: {}
COMMAND: GET /session/ff12bb945472b7ca0752b083f0a6a649/screenshot - {}
RESULT: {}
COMMAND: POST /session/ff12bb945472b7ca0752b083f0a6a649/element - {"using":"xpath","value":"//button[@data-kt=\"PickingTableConfirmAllButton\"]"}
RESULT: {"using":"xpath","value":"//button[@data-kt=\"PickingTableConfirmAllButton\"]"}
COMMAND: POST /session/ff12bb945472b7ca0752b083f0a6a649/element/f.83A52D51DE7EE447A745C47B9BBA803D.d.A69C160F2B716E9957072A45B269258C.e.14760/click - {}
RESULT: {}
COMMAND: GET /session/ff12bb945472b7ca0752b083f0a6a649/screenshot - {}
RESULT: {}
COMMAND: POST /session/ff12bb945472b7ca0752b083f0a6a649/element - {"using":"xpath","value":"//bdi[contains(text(), \"OK\")]"}
RESULT: {"using":"xpath","value":"//bdi[contains(text(), \"OK\")]"}
COMMAND: POST /session/ff12bb945472b7ca0752b083f0a6a649/element/f.83A52D51DE7EE447A745C47B9BBA803D.d.A69C160F2B716E9957072A45B269258C.e.14763/click - {}
RESULT: {}
COMMAND: GET /session/ff12bb945472b7ca0752b083f0a6a649/screenshot - {}
RESULT: {}
COMMAND: POST /session/ff12bb945472b7ca0752b083f0a6a649/element - {"using":"xpath","value":"//bdi[contains(text(), \"Issue\")]"}
RESULT: {"using":"xpath","value":"//bdi[contains(text(), \"Issue\")]"}
COMMAND: POST /session/ff12bb945472b7ca0752b083f0a6a649/element/f.83A52D51DE7EE447A745C47B9BBA803D.d.A69C160F2B716E9957072A45B269258C.e.14765/click - {}
RESULT: {}
COMMAND: GET /session/ff12bb945472b7ca0752b083f0a6a649/screenshot - {}
RESULT: {}
COMMAND: POST /session/ff12bb945472b7ca0752b083f0a6a649/element - {"using":"css selector","value":"#shell-header-logo"}
RESULT: {"using":"css selector","value":"#shell-header-logo"}
COMMAND: POST /session/ff12bb945472b7ca0752b083f0a6a649/element/f.83A52D51DE7EE447A745C47B9BBA803D.d.A69C160F2B716E9957072A45B269258C.e.13760/click - {}
RESULT: {}
COMMAND: GET /session/ff12bb945472b7ca0752b083f0a6a649/screenshot - {}
RESULT: {}
]]></system-out>
    </testcase>
    <testcase classname="chrome.136_0_7103_93.windows.Create_Reverse_Billing_US127248" name="Should go navigate to Manage Billings and trigger contract calculation check result" time="75.713">
      <system-out><![CDATA[
COMMAND: POST /session/ff12bb945472b7ca0752b083f0a6a649/execute/async - {"script":"<script> [1562 bytes]","args":[{"selector":{"controlType":"sap.m.GenericTile","properties":{"header":"Manage Billings"}},"wdio_ui5_key":"sapm.GenericTile{\"header\":\"Manage Billings\"}"}]}
RESULT: {"script":"<script> [1562 bytes]","args":[{"selector":{"controlType":"sap.m.GenericTile","properties":{"header":"Manage Billings"}},"wdio_ui5_key":"sapm.GenericTile{\"header\":\"Manage Billings\"}"}]}
RESULT: undefined
COMMAND: POST /session/ff12bb945472b7ca0752b083f0a6a649/element - {"using":"xpath","value":"//*[@id=\"__tile51\"]"}
RESULT: {"using":"xpath","value":"//*[@id=\"__tile51\"]"}
COMMAND: POST /session/ff12bb945472b7ca0752b083f0a6a649/element/f.83A52D51DE7EE447A745C47B9BBA803D.d.A69C160F2B716E9957072A45B269258C.e.11658/click - {}
RESULT: {}
COMMAND: GET /session/ff12bb945472b7ca0752b083f0a6a649/screenshot - {}
RESULT: {}
COMMAND: POST /session/ff12bb945472b7ca0752b083f0a6a649/elements - {"using":"xpath","value":"//span[text()='Error']"}
RESULT: {"using":"xpath","value":"//span[text()='Error']"}
COMMAND: POST /session/ff12bb945472b7ca0752b083f0a6a649/execute/async - {"script":"<script> [1562 bytes]","args":[{"selector":{"id":"application-managebillings-display-component---billRunCalcResult--smartFilterBar-btnBasicSearch","interaction":{"idSuffix":"I"}},"wdio_ui5_key":"applicationmanagebillings-display-component---billRunCalcResult--smartFilterBar-btnBasicSearch"}]}
RESULT: {"script":"<script> [1562 bytes]","args":[{"selector":{"id":"application-managebillings-display-component---billRunCalcResult--smartFilterBar-btnBasicSearch","interaction":{"idSuffix":"I"}},"wdio_ui5_key":"applicationmanagebillings-display-component---billRunCalcResult--smartFilterBar-btnBasicSearch"}]}
RESULT: undefined
COMMAND: POST /session/ff12bb945472b7ca0752b083f0a6a649/execute/async - {"script":"<script> [776 bytes]","args":[{"enterText":"10406","selector":{"id":"application-managebillings-display-component---billRunCalcResult--smartFilterBar-btnBasicSearch","interaction":{"idSuffix":"I"}},"clearTextFirst":true,"interactionType":"ENTER_TEXT"}]}
RESULT: {"script":"<script> [776 bytes]","args":[{"enterText":"10406","selector":{"id":"application-managebillings-display-component---billRunCalcResult--smartFilterBar-btnBasicSearch","interaction":{"idSuffix":"I"}},"clearTextFirst":true,"interactionType":"ENTER_TEXT"}]}
COMMAND: POST /session/ff12bb945472b7ca0752b083f0a6a649/actions - {"actions":[{"id":"action52","type":"key","parameters":{},"actions":[{"type":"keyDown","value":"î€‡"},{"type":"pause","duration":10},{"type":"keyUp","value":"î€‡"}]}]}
RESULT: {"actions":[{"id":"action52","type":"key","parameters":{},"actions":[{"type":"keyDown","value":"î€‡"},{"type":"pause","duration":10},{"type":"keyUp","value":"î€‡"}]}]}
COMMAND: GET /session/ff12bb945472b7ca0752b083f0a6a649/screenshot - {}
RESULT: {}
COMMAND: POST /session/ff12bb945472b7ca0752b083f0a6a649/element - {"using":"xpath","value":"//td[@aria-colindex=\"1\"]/div/div[contains(@class, \"sapMCbBg\")]"}
RESULT: {"using":"xpath","value":"//td[@aria-colindex=\"1\"]/div/div[contains(@class, \"sapMCbBg\")]"}
COMMAND: POST /session/ff12bb945472b7ca0752b083f0a6a649/element/f.83A52D51DE7EE447A745C47B9BBA803D.d.A69C160F2B716E9957072A45B269258C.e.15357/click - {}
RESULT: {}
COMMAND: GET /session/ff12bb945472b7ca0752b083f0a6a649/screenshot - {}
RESULT: {}
COMMAND: POST /session/ff12bb945472b7ca0752b083f0a6a649/execute/async - {"script":"<script> [1562 bytes]","args":[{"selector":{"id":"application-managebillings-display-component---billRunCalcResult--contractBillRunDate","interaction":{"idSuffix":"inner"}},"wdio_ui5_key":"applicationmanagebillings-display-component---billRunCalcResult--contractBillRunDate"}]}
RESULT: {"script":"<script> [1562 bytes]","args":[{"selector":{"id":"application-managebillings-display-component---billRunCalcResult--contractBillRunDate","interaction":{"idSuffix":"inner"}},"wdio_ui5_key":"applicationmanagebillings-display-component---billRunCalcResult--contractBillRunDate"}]}
RESULT: undefined
COMMAND: POST /session/ff12bb945472b7ca0752b083f0a6a649/execute/async - {"script":"<script> [776 bytes]","args":[{"enterText":"6/19/25","selector":{"id":"application-managebillings-display-component---billRunCalcResult--contractBillRunDate","interaction":{"idSuffix":"inner"}},"clearTextFirst":true,"interactionType":"ENTER_TEXT"}]}
RESULT: {"script":"<script> [776 bytes]","args":[{"enterText":"6/19/25","selector":{"id":"application-managebillings-display-component---billRunCalcResult--contractBillRunDate","interaction":{"idSuffix":"inner"}},"clearTextFirst":true,"interactionType":"ENTER_TEXT"}]}
COMMAND: POST /session/ff12bb945472b7ca0752b083f0a6a649/element - {"using":"xpath","value":"//bdi[contains(text(), \"Trigger Calculation\")]"}
RESULT: {"using":"xpath","value":"//bdi[contains(text(), \"Trigger Calculation\")]"}
COMMAND: POST /session/ff12bb945472b7ca0752b083f0a6a649/element/f.83A52D51DE7EE447A745C47B9BBA803D.d.A69C160F2B716E9957072A45B269258C.e.15381/click - {}
RESULT: {}
COMMAND: GET /session/ff12bb945472b7ca0752b083f0a6a649/screenshot - {}
RESULT: {}
COMMAND: POST /session/ff12bb945472b7ca0752b083f0a6a649/element - {"using":"xpath","value":"(//span[contains(@id, \"imgNav\")])[1]"}
RESULT: {"using":"xpath","value":"(//span[contains(@id, \"imgNav\")])[1]"}
COMMAND: POST /session/ff12bb945472b7ca0752b083f0a6a649/element/f.83A52D51DE7EE447A745C47B9BBA803D.d.A69C160F2B716E9957072A45B269258C.e.15371/click - {}
RESULT: {}
COMMAND: GET /session/ff12bb945472b7ca0752b083f0a6a649/screenshot - {}
RESULT: {}
COMMAND: POST /session/ff12bb945472b7ca0752b083f0a6a649/element - {"using":"xpath","value":"//tr/td[6]/div[1]/span[1]/span[1]"}
RESULT: {"using":"xpath","value":"//tr/td[6]/div[1]/span[1]/span[1]"}
COMMAND: GET /session/ff12bb945472b7ca0752b083f0a6a649/element/f.83A52D51DE7EE447A745C47B9BBA803D.d.A69C160F2B716E9957072A45B269258C.e.15386/text - {}
RESULT: {}
COMMAND: POST /session/ff12bb945472b7ca0752b083f0a6a649/element - {"using":"xpath","value":"(//span[contains(@id, \"imgNav\")])[2]"}
RESULT: {"using":"xpath","value":"(//span[contains(@id, \"imgNav\")])[2]"}
COMMAND: POST /session/ff12bb945472b7ca0752b083f0a6a649/element/f.83A52D51DE7EE447A745C47B9BBA803D.d.A69C160F2B716E9957072A45B269258C.e.15387/click - {}
RESULT: {}
COMMAND: POST /session/ff12bb945472b7ca0752b083f0a6a649/element - {"using":"xpath","value":"//bdi[contains(text(), \"Business Confirm\")]"}
COMMAND: GET /session/ff12bb945472b7ca0752b083f0a6a649/screenshot - {}
RESULT: {"using":"xpath","value":"//bdi[contains(text(), \"Business Confirm\")]"}
COMMAND: POST /session/ff12bb945472b7ca0752b083f0a6a649/elements - {"using":"xpath","value":"//bdi[contains(text(), \"Business Confirm\")]"}
RESULT: {}
RESULT: {"using":"xpath","value":"//bdi[contains(text(), \"Business Confirm\")]"}
COMMAND: POST /session/ff12bb945472b7ca0752b083f0a6a649/element - {"using":"xpath","value":"//bdi[contains(text(), \"Business Confirm\")]"}
RESULT: {"using":"xpath","value":"//bdi[contains(text(), \"Business Confirm\")]"}
COMMAND: POST /session/ff12bb945472b7ca0752b083f0a6a649/element/f.83A52D51DE7EE447A745C47B9BBA803D.d.A69C160F2B716E9957072A45B269258C.e.15390/click - {}
COMMAND: POST /session/ff12bb945472b7ca0752b083f0a6a649/element - {"using":"xpath","value":"//bdi[contains(text(), \"Business Confirm\")]"}
RESULT: {"using":"xpath","value":"//bdi[contains(text(), \"Business Confirm\")]"}
COMMAND: POST /session/ff12bb945472b7ca0752b083f0a6a649/element/f.83A52D51DE7EE447A745C47B9BBA803D.d.A69C160F2B716E9957072A45B269258C.e.15390/click - {}
COMMAND: POST /session/ff12bb945472b7ca0752b083f0a6a649/element - {"using":"xpath","value":"//bdi[contains(text(), \"Business Confirm\")]"}
RESULT: {"using":"xpath","value":"//bdi[contains(text(), \"Business Confirm\")]"}
COMMAND: POST /session/ff12bb945472b7ca0752b083f0a6a649/element/f.83A52D51DE7EE447A745C47B9BBA803D.d.A69C160F2B716E9957072A45B269258C.e.15430/click - {}
RESULT: {}
COMMAND: POST /session/ff12bb945472b7ca0752b083f0a6a649/element - {"using":"css selector","value":"#shell-header-logo"}
COMMAND: GET /session/ff12bb945472b7ca0752b083f0a6a649/screenshot - {}
RESULT: {"using":"css selector","value":"#shell-header-logo"}
COMMAND: POST /session/ff12bb945472b7ca0752b083f0a6a649/element/f.83A52D51DE7EE447A745C47B9BBA803D.d.A69C160F2B716E9957072A45B269258C.e.14956/click - {}
RESULT: {}
RESULT: {}
COMMAND: GET /session/ff12bb945472b7ca0752b083f0a6a649/screenshot - {}
RESULT: {}
]]></system-out>
    </testcase>
    <testcase classname="chrome.136_0_7103_93.windows.Create_Reverse_Billing_US127248" name="Should go into Billing Transfer and reverse the billing" time="39.521">
      <system-out><![CDATA[
COMMAND: POST /session/ff12bb945472b7ca0752b083f0a6a649/execute/async - {"script":"<script> [1562 bytes]","args":[{"selector":{"controlType":"sap.m.GenericTile","properties":{"header":"Billing Transfer"}},"wdio_ui5_key":"sapm.GenericTile{\"header\":\"Billing Transfer\"}"}]}
RESULT: {"script":"<script> [1562 bytes]","args":[{"selector":{"controlType":"sap.m.GenericTile","properties":{"header":"Billing Transfer"}},"wdio_ui5_key":"sapm.GenericTile{\"header\":\"Billing Transfer\"}"}]}
RESULT: undefined
COMMAND: POST /session/ff12bb945472b7ca0752b083f0a6a649/element - {"using":"xpath","value":"//*[@id=\"__tile50\"]"}
RESULT: {"using":"xpath","value":"//*[@id=\"__tile50\"]"}
COMMAND: POST /session/ff12bb945472b7ca0752b083f0a6a649/element/f.83A52D51DE7EE447A745C47B9BBA803D.d.A69C160F2B716E9957072A45B269258C.e.11656/click - {}
RESULT: {}
COMMAND: GET /session/ff12bb945472b7ca0752b083f0a6a649/screenshot - {}
RESULT: {}
COMMAND: POST /session/ff12bb945472b7ca0752b083f0a6a649/elements - {"using":"xpath","value":"//span[text()='Error']"}
RESULT: {"using":"xpath","value":"//span[text()='Error']"}
COMMAND: POST /session/ff12bb945472b7ca0752b083f0a6a649/element - {"using":"xpath","value":"//input[contains(@id ,\"application-billingtransfer-display-component---billingWorkbench--smartFilterBar-btnBasicSearch\")]"}
RESULT: {"using":"xpath","value":"//input[contains(@id ,\"application-billingtransfer-display-component---billingWorkbench--smartFilterBar-btnBasicSearch\")]"}
COMMAND: POST /session/ff12bb945472b7ca0752b083f0a6a649/elements - {"using":"xpath","value":"//input[contains(@id ,\"application-billingtransfer-display-component---billingWorkbench--smartFilterBar-btnBasicSearch\")]"}
RESULT: {"using":"xpath","value":"//input[contains(@id ,\"application-billingtransfer-display-component---billingWorkbench--smartFilterBar-btnBasicSearch\")]"}
COMMAND: POST /session/ff12bb945472b7ca0752b083f0a6a649/execute/sync - {"script":"<script> [8489 bytes]","args":[{"element-6066-11e4-a52e-4f735466cecf":"f.83A52D51DE7EE447A745C47B9BBA803D.d.A69C160F2B716E9957072A45B269258C.e.15464","ELEMENT":"f.83A52D51DE7EE447A745C47B9BBA803D.d.A69C160F2B716E9957072A45B269258C.e.15464"}]}
RESULT: {"script":"<script> [8489 bytes]","args":[{"element-6066-11e4-a52e-4f735466cecf":"f.83A52D51DE7EE447A745C47B9BBA803D.d.A69C160F2B716E9957072A45B269258C.e.15464","ELEMENT":"f.83A52D51DE7EE447A745C47B9BBA803D.d.A69C160F2B716E9957072A45B269258C.e.15464"}]}
COMMAND: GET /session/ff12bb945472b7ca0752b083f0a6a649/element/f.83A52D51DE7EE447A745C47B9BBA803D.d.A69C160F2B716E9957072A45B269258C.e.15464/enabled - {}
COMMAND: GET /session/ff12bb945472b7ca0752b083f0a6a649/screenshot - {}
RESULT: {}
COMMAND: POST /session/ff12bb945472b7ca0752b083f0a6a649/element/f.83A52D51DE7EE447A745C47B9BBA803D.d.A69C160F2B716E9957072A45B269258C.e.15464/click - {}
COMMAND: GET /session/ff12bb945472b7ca0752b083f0a6a649/screenshot - {}
RESULT: {}
RESULT: {}
COMMAND: GET /session/ff12bb945472b7ca0752b083f0a6a649/screenshot - {}
RESULT: {}
RESULT: {}
COMMAND: POST /session/ff12bb945472b7ca0752b083f0a6a649/element/f.83A52D51DE7EE447A745C47B9BBA803D.d.A69C160F2B716E9957072A45B269258C.e.15464/clear - {}
RESULT: {}
COMMAND: POST /session/ff12bb945472b7ca0752b083f0a6a649/element/f.83A52D51DE7EE447A745C47B9BBA803D.d.A69C160F2B716E9957072A45B269258C.e.15464/value - {"text":"10406"}
COMMAND: GET /session/ff12bb945472b7ca0752b083f0a6a649/screenshot - {}
RESULT: {"text":"10406"}
COMMAND: POST /session/ff12bb945472b7ca0752b083f0a6a649/actions - {"actions":[{"id":"action53","type":"key","parameters":{},"actions":[{"type":"keyDown","value":"î€‡"},{"type":"pause","duration":10},{"type":"keyUp","value":"î€‡"}]}]}
COMMAND: GET /session/ff12bb945472b7ca0752b083f0a6a649/screenshot - {}
RESULT: {}
RESULT: {"actions":[{"id":"action53","type":"key","parameters":{},"actions":[{"type":"keyDown","value":"î€‡"},{"type":"pause","duration":10},{"type":"keyUp","value":"î€‡"}]}]}
COMMAND: GET /session/ff12bb945472b7ca0752b083f0a6a649/screenshot - {}
RESULT: {}
RESULT: {}
COMMAND: POST /session/ff12bb945472b7ca0752b083f0a6a649/element - {"using":"xpath","value":"//span[contains(@id ,\"application-billingtransfer-display-component---billingWorkbench--smartTableBillingRuns-header-inner\")]"}
RESULT: {"using":"xpath","value":"//span[contains(@id ,\"application-billingtransfer-display-component---billingWorkbench--smartTableBillingRuns-header-inner\")]"}
COMMAND: POST /session/ff12bb945472b7ca0752b083f0a6a649/elements - {"using":"xpath","value":"//span[contains(@id ,\"application-billingtransfer-display-component---billingWorkbench--smartTableBillingRuns-header-inner\")]"}
RESULT: {"using":"xpath","value":"//span[contains(@id ,\"application-billingtransfer-display-component---billingWorkbench--smartTableBillingRuns-header-inner\")]"}
COMMAND: POST /session/ff12bb945472b7ca0752b083f0a6a649/execute/sync - {"script":"<script> [56 bytes]","args":[{"element-6066-11e4-a52e-4f735466cecf":"f.83A52D51DE7EE447A745C47B9BBA803D.d.A69C160F2B716E9957072A45B269258C.e.15636","ELEMENT":"f.83A52D51DE7EE447A745C47B9BBA803D.d.A69C160F2B716E9957072A45B269258C.e.15636"}]}
RESULT: {"script":"<script> [56 bytes]","args":[{"element-6066-11e4-a52e-4f735466cecf":"f.83A52D51DE7EE447A745C47B9BBA803D.d.A69C160F2B716E9957072A45B269258C.e.15636","ELEMENT":"f.83A52D51DE7EE447A745C47B9BBA803D.d.A69C160F2B716E9957072A45B269258C.e.15636"}]}
COMMAND: POST /session/ff12bb945472b7ca0752b083f0a6a649/element - {"using":"xpath","value":"//td[@aria-colindex=\"1\"]/div/div[contains(@class, \"sapMCbBg\")]"}
COMMAND: GET /session/ff12bb945472b7ca0752b083f0a6a649/screenshot - {}
RESULT: {"using":"xpath","value":"//td[@aria-colindex=\"1\"]/div/div[contains(@class, \"sapMCbBg\")]"}
COMMAND: POST /session/ff12bb945472b7ca0752b083f0a6a649/element/f.83A52D51DE7EE447A745C47B9BBA803D.d.A69C160F2B716E9957072A45B269258C.e.15595/click - {}
RESULT: {}
RESULT: {}
COMMAND: GET /session/ff12bb945472b7ca0752b083f0a6a649/screenshot - {}
RESULT: {}
COMMAND: POST /session/ff12bb945472b7ca0752b083f0a6a649/element - {"using":"xpath","value":"//bdi[contains(text(), \"Reverse\")]"}
RESULT: {"using":"xpath","value":"//bdi[contains(text(), \"Reverse\")]"}
COMMAND: POST /session/ff12bb945472b7ca0752b083f0a6a649/element/f.83A52D51DE7EE447A745C47B9BBA803D.d.A69C160F2B716E9957072A45B269258C.e.15637/click - {}
RESULT: {}
COMMAND: GET /session/ff12bb945472b7ca0752b083f0a6a649/screenshot - {}
RESULT: {}
COMMAND: POST /session/ff12bb945472b7ca0752b083f0a6a649/element - {"using":"xpath","value":"//input[contains(@id ,\"application-billingtransfer-display-component---billingWorkbench--smartFilterBar-btnBasicSearch\")]"}
RESULT: {"using":"xpath","value":"//input[contains(@id ,\"application-billingtransfer-display-component---billingWorkbench--smartFilterBar-btnBasicSearch\")]"}
COMMAND: POST /session/ff12bb945472b7ca0752b083f0a6a649/elements - {"using":"xpath","value":"//input[contains(@id ,\"application-billingtransfer-display-component---billingWorkbench--smartFilterBar-btnBasicSearch\")]"}
RESULT: {"using":"xpath","value":"//input[contains(@id ,\"application-billingtransfer-display-component---billingWorkbench--smartFilterBar-btnBasicSearch\")]"}
COMMAND: POST /session/ff12bb945472b7ca0752b083f0a6a649/execute/sync - {"script":"<script> [8489 bytes]","args":[{"element-6066-11e4-a52e-4f735466cecf":"f.83A52D51DE7EE447A745C47B9BBA803D.d.A69C160F2B716E9957072A45B269258C.e.15464","ELEMENT":"f.83A52D51DE7EE447A745C47B9BBA803D.d.A69C160F2B716E9957072A45B269258C.e.15464"}]}
RESULT: {"script":"<script> [8489 bytes]","args":[{"element-6066-11e4-a52e-4f735466cecf":"f.83A52D51DE7EE447A745C47B9BBA803D.d.A69C160F2B716E9957072A45B269258C.e.15464","ELEMENT":"f.83A52D51DE7EE447A745C47B9BBA803D.d.A69C160F2B716E9957072A45B269258C.e.15464"}]}
COMMAND: GET /session/ff12bb945472b7ca0752b083f0a6a649/element/f.83A52D51DE7EE447A745C47B9BBA803D.d.A69C160F2B716E9957072A45B269258C.e.15464/enabled - {}
COMMAND: GET /session/ff12bb945472b7ca0752b083f0a6a649/screenshot - {}
RESULT: {}
COMMAND: POST /session/ff12bb945472b7ca0752b083f0a6a649/element/f.83A52D51DE7EE447A745C47B9BBA803D.d.A69C160F2B716E9957072A45B269258C.e.15464/click - {}
COMMAND: GET /session/ff12bb945472b7ca0752b083f0a6a649/screenshot - {}
RESULT: {}
RESULT: {}
COMMAND: GET /session/ff12bb945472b7ca0752b083f0a6a649/screenshot - {}
RESULT: {}
RESULT: {}
COMMAND: POST /session/ff12bb945472b7ca0752b083f0a6a649/element/f.83A52D51DE7EE447A745C47B9BBA803D.d.A69C160F2B716E9957072A45B269258C.e.15464/clear - {}
RESULT: {}
COMMAND: POST /session/ff12bb945472b7ca0752b083f0a6a649/element/f.83A52D51DE7EE447A745C47B9BBA803D.d.A69C160F2B716E9957072A45B269258C.e.15464/value - {"text":"10406"}
COMMAND: GET /session/ff12bb945472b7ca0752b083f0a6a649/screenshot - {}
RESULT: {"text":"10406"}
COMMAND: POST /session/ff12bb945472b7ca0752b083f0a6a649/actions - {"actions":[{"id":"action54","type":"key","parameters":{},"actions":[{"type":"keyDown","value":"î€‡"},{"type":"pause","duration":10},{"type":"keyUp","value":"î€‡"}]}]}
COMMAND: GET /session/ff12bb945472b7ca0752b083f0a6a649/screenshot - {}
RESULT: {}
RESULT: {"actions":[{"id":"action54","type":"key","parameters":{},"actions":[{"type":"keyDown","value":"î€‡"},{"type":"pause","duration":10},{"type":"keyUp","value":"î€‡"}]}]}
COMMAND: GET /session/ff12bb945472b7ca0752b083f0a6a649/screenshot - {}
RESULT: {}
RESULT: {}
COMMAND: POST /session/ff12bb945472b7ca0752b083f0a6a649/element - {"using":"xpath","value":"//span[contains(@id ,\"application-billingtransfer-display-component---billingWorkbench--smartTableBillingRuns-header-inner\")]"}
RESULT: {"using":"xpath","value":"//span[contains(@id ,\"application-billingtransfer-display-component---billingWorkbench--smartTableBillingRuns-header-inner\")]"}
COMMAND: POST /session/ff12bb945472b7ca0752b083f0a6a649/elements - {"using":"xpath","value":"//span[contains(@id ,\"application-billingtransfer-display-component---billingWorkbench--smartTableBillingRuns-header-inner\")]"}
RESULT: {"using":"xpath","value":"//span[contains(@id ,\"application-billingtransfer-display-component---billingWorkbench--smartTableBillingRuns-header-inner\")]"}
COMMAND: POST /session/ff12bb945472b7ca0752b083f0a6a649/execute/sync - {"script":"<script> [56 bytes]","args":[{"element-6066-11e4-a52e-4f735466cecf":"f.83A52D51DE7EE447A745C47B9BBA803D.d.A69C160F2B716E9957072A45B269258C.e.15636","ELEMENT":"f.83A52D51DE7EE447A745C47B9BBA803D.d.A69C160F2B716E9957072A45B269258C.e.15636"}]}
RESULT: {"script":"<script> [56 bytes]","args":[{"element-6066-11e4-a52e-4f735466cecf":"f.83A52D51DE7EE447A745C47B9BBA803D.d.A69C160F2B716E9957072A45B269258C.e.15636","ELEMENT":"f.83A52D51DE7EE447A745C47B9BBA803D.d.A69C160F2B716E9957072A45B269258C.e.15636"}]}
COMMAND: POST /session/ff12bb945472b7ca0752b083f0a6a649/element - {"using":"css selector","value":"#shell-header-logo"}
COMMAND: GET /session/ff12bb945472b7ca0752b083f0a6a649/screenshot - {}
RESULT: {"using":"css selector","value":"#shell-header-logo"}
COMMAND: POST /session/ff12bb945472b7ca0752b083f0a6a649/element/f.83A52D51DE7EE447A745C47B9BBA803D.d.A69C160F2B716E9957072A45B269258C.e.15462/click - {}
RESULT: {}
RESULT: {}
COMMAND: GET /session/ff12bb945472b7ca0752b083f0a6a649/screenshot - {}
RESULT: {}
COMMAND: DELETE /session/ff12bb945472b7ca0752b083f0a6a649 - {}
RESULT: {}
]]></system-out>
    </testcase>
  </testsuite>
</testsuites>