<?xml version="1.0" encoding="UTF-8"?>
<testsuites tests="53" failures="24" errors="24" skipped="0">
  <testsuite timestamp="2025-06-12T17:18:54" time="269.807" tests="5" failures="0" errors="0" skipped="0">
    <properties>
      <property name="specId" value="0" />
      <property name="suiteName" value="Tests for DXCW CAE environment, including specific login to the system US" />
      <property name="capabilities" value="chrome.137_0_7151_69.windows" />
      <property name="file" value="file:///D:/a/1/s/test/specs/BTS/dxcw-cae.spec.js" />
    </properties>
    <testcase classname="chrome.137_0_7151_69.windows.Tests_for_DXCW_CAE_environment,_including_specific_login_to_the_system_US" name="Should login to the DXCW CAE env US156289" time="25.783">
      <system-out><![CDATA[
COMMAND: POST /session/f7ba017eaa8b816e24f68d76f73d024d/url - {"url":"https://qa-testing-00-live-dxcw-portal.cfapps.eu10-004.hana.ondemand.com/"}
RESULT: {"url":"https://qa-testing-00-live-dxcw-portal.cfapps.eu10-004.hana.ondemand.com/"}
COMMAND: GET /session/f7ba017eaa8b816e24f68d76f73d024d/screenshot - {}
RESULT: {}
COMMAND: POST /session/f7ba017eaa8b816e24f68d76f73d024d/element - {"using":"xpath","value":"//input[@id = \"j_username\"]"}
RESULT: {"using":"xpath","value":"//input[@id = \"j_username\"]"}
COMMAND: POST /session/f7ba017eaa8b816e24f68d76f73d024d/execute/sync - {"script":"<script> [8489 bytes]","args":[{"element-6066-11e4-a52e-4f735466cecf":"f.7D4F3E7B3A7890F64A3201E4749DC685.d.6380F2A312BF3798622C0EAE1F2D91E2.e.39","ELEMENT":"f.7D4F3E7B3A7890F64A3201E4749DC685.d.6380F2A312BF3798622C0EAE1F2D91E2.e.39"}]}
RESULT: {"script":"<script> [8489 bytes]","args":[{"element-6066-11e4-a52e-4f735466cecf":"f.7D4F3E7B3A7890F64A3201E4749DC685.d.6380F2A312BF3798622C0EAE1F2D91E2.e.39","ELEMENT":"f.7D4F3E7B3A7890F64A3201E4749DC685.d.6380F2A312BF3798622C0EAE1F2D91E2.e.39"}]}
COMMAND: POST /session/f7ba017eaa8b816e24f68d76f73d024d/element - {"using":"xpath","value":"//input[@id = \"j_username\"]"}
COMMAND: GET /session/f7ba017eaa8b816e24f68d76f73d024d/screenshot - {}
RESULT: {"using":"xpath","value":"//input[@id = \"j_username\"]"}
COMMAND: POST /session/f7ba017eaa8b816e24f68d76f73d024d/element/f.7D4F3E7B3A7890F64A3201E4749DC685.d.6380F2A312BF3798622C0EAE1F2D91E2.e.39/clear - {}
RESULT: {}
RESULT: {}
COMMAND: POST /session/f7ba017eaa8b816e24f68d76f73d024d/element/f.7D4F3E7B3A7890F64A3201E4749DC685.d.6380F2A312BF3798622C0EAE1F2D91E2.e.39/value - {"text":"test1etm@bearingpoint.com"}
COMMAND: GET /session/f7ba017eaa8b816e24f68d76f73d024d/screenshot - {}
RESULT: {"text":"test1etm@bearingpoint.com"}
COMMAND: POST /session/f7ba017eaa8b816e24f68d76f73d024d/element - {"using":"xpath","value":"//input[@id = \"j_password\"]"}
COMMAND: GET /session/f7ba017eaa8b816e24f68d76f73d024d/screenshot - {}
RESULT: {}
RESULT: {"using":"xpath","value":"//input[@id = \"j_password\"]"}
COMMAND: POST /session/f7ba017eaa8b816e24f68d76f73d024d/element/f.7D4F3E7B3A7890F64A3201E4749DC685.d.6380F2A312BF3798622C0EAE1F2D91E2.e.41/clear - {}
RESULT: {}
RESULT: {}
COMMAND: POST /session/f7ba017eaa8b816e24f68d76f73d024d/element/f.7D4F3E7B3A7890F64A3201E4749DC685.d.6380F2A312BF3798622C0EAE1F2D91E2.e.41/value - {"text":"ETM.next2024"}
COMMAND: GET /session/f7ba017eaa8b816e24f68d76f73d024d/screenshot - {}
RESULT: {"text":"ETM.next2024"}
COMMAND: GET /session/f7ba017eaa8b816e24f68d76f73d024d/screenshot - {}
RESULT: {}
RESULT: {}
COMMAND: POST /session/f7ba017eaa8b816e24f68d76f73d024d/element - {"using":"css selector","value":"button[type=\"submit\"]"}
RESULT: {"using":"css selector","value":"button[type=\"submit\"]"}
COMMAND: POST /session/f7ba017eaa8b816e24f68d76f73d024d/element/f.7D4F3E7B3A7890F64A3201E4749DC685.d.6380F2A312BF3798622C0EAE1F2D91E2.e.62/click - {}
RESULT: {}
COMMAND: POST /session/f7ba017eaa8b816e24f68d76f73d024d/element - {"using":"xpath","value":"//a[contains(@aria-label,\"Migration Service\")]"}
COMMAND: GET /session/f7ba017eaa8b816e24f68d76f73d024d/screenshot - {}
RESULT: {"using":"xpath","value":"//a[contains(@aria-label,\"Migration Service\")]"}
COMMAND: POST /session/f7ba017eaa8b816e24f68d76f73d024d/execute/sync - {"script":"<script> [8489 bytes]","args":[{"element-6066-11e4-a52e-4f735466cecf":"f.7D4F3E7B3A7890F64A3201E4749DC685.d.0B17AA83D07A327F908BD92146148E6E.e.76","ELEMENT":"f.7D4F3E7B3A7890F64A3201E4749DC685.d.0B17AA83D07A327F908BD92146148E6E.e.76"}]}
RESULT: {}
COMMAND: POST /session/f7ba017eaa8b816e24f68d76f73d024d/element - {"using":"xpath","value":"//a[contains(@aria-label,\"Migration Service\")]"}
RESULT: {"using":"xpath","value":"//a[contains(@aria-label,\"Migration Service\")]"}
COMMAND: POST /session/f7ba017eaa8b816e24f68d76f73d024d/execute/sync - {"script":"<script> [8489 bytes]","args":[{"element-6066-11e4-a52e-4f735466cecf":"f.7D4F3E7B3A7890F64A3201E4749DC685.d.0B17AA83D07A327F908BD92146148E6E.e.77","ELEMENT":"f.7D4F3E7B3A7890F64A3201E4749DC685.d.0B17AA83D07A327F908BD92146148E6E.e.77"}]}
RESULT: {"script":"<script> [8489 bytes]","args":[{"element-6066-11e4-a52e-4f735466cecf":"f.7D4F3E7B3A7890F64A3201E4749DC685.d.0B17AA83D07A327F908BD92146148E6E.e.77","ELEMENT":"f.7D4F3E7B3A7890F64A3201E4749DC685.d.0B17AA83D07A327F908BD92146148E6E.e.77"}]}
COMMAND: POST /session/f7ba017eaa8b816e24f68d76f73d024d/execute/sync - {"script":"<script> [8489 bytes]","args":[{"element-6066-11e4-a52e-4f735466cecf":"f.7D4F3E7B3A7890F64A3201E4749DC685.d.0B17AA83D07A327F908BD92146148E6E.e.77","ELEMENT":"f.7D4F3E7B3A7890F64A3201E4749DC685.d.0B17AA83D07A327F908BD92146148E6E.e.77"}]}
COMMAND: GET /session/f7ba017eaa8b816e24f68d76f73d024d/screenshot - {}
RESULT: {"script":"<script> [8489 bytes]","args":[{"element-6066-11e4-a52e-4f735466cecf":"f.7D4F3E7B3A7890F64A3201E4749DC685.d.0B17AA83D07A327F908BD92146148E6E.e.77","ELEMENT":"f.7D4F3E7B3A7890F64A3201E4749DC685.d.0B17AA83D07A327F908BD92146148E6E.e.77"}]}
COMMAND: POST /session/f7ba017eaa8b816e24f68d76f73d024d/window/fullscreen - {}
COMMAND: GET /session/f7ba017eaa8b816e24f68d76f73d024d/screenshot - {}
RESULT: {}
RESULT: {}
COMMAND: POST /session/f7ba017eaa8b816e24f68d76f73d024d/execute/async - {"script":"<script> [189 bytes]","args":[]}
RESULT: {}
RESULT: {"script":"<script> [189 bytes]","args":[]}
COMMAND: POST /session/f7ba017eaa8b816e24f68d76f73d024d/execute/async - {"script":"<script> [123 bytes]","args":[]}
RESULT: {"script":"<script> [123 bytes]","args":[]}
COMMAND: POST /session/f7ba017eaa8b816e24f68d76f73d024d/timeouts - {"script":"<number>"}
RESULT: {"script":"<number>"}
COMMAND: GET /session/f7ba017eaa8b816e24f68d76f73d024d/timeouts - {}
RESULT: {}
COMMAND: POST /session/f7ba017eaa8b816e24f68d76f73d024d/execute/async - {"script":"<script> [78 bytes]","args":[]}
RESULT: {"script":"<script> [78 bytes]","args":[]}
RESULT: undefined
COMMAND: POST /session/f7ba017eaa8b816e24f68d76f73d024d/execute/async - {"script":"<script> [2676 bytes]","args":[]}
RESULT: {"script":"<script> [2676 bytes]","args":[]}
COMMAND: POST /session/f7ba017eaa8b816e24f68d76f73d024d/execute/async - {"script":"<script> [2342 bytes]","args":[{"protocol":"http","hostname":"0.0.0.0","path":"/","capabilities":{"browserName":"chrome","goog:chromeOptions":{"binary":"C:\\Program Files\\Google\\Chrome\\Application\\chrome.exe","args":["--start-maximized"]}},"logLevel":"warn","connectionRetryTimeout":120000,"connectionRetryCount":3,"logLevels":{},"enableDirectConnect":true,"strictSSL":true,"_":"65 more keys: [\"cacheDir\",\"port\",\"requestedCapabilities\",\"automationProtocol\",\"baseUrl\",\"waitforInterval\",\"waitforTimeout\",\"onReload\",\"beforeCommand\",\"afterCommand\",\"rootDir\",\"specs\",\"suites\",\"exclude\",\"groupLogsByTestSpec\",\"excludeDriverLogs\",\"bail\",\"framework\",\"reporters\",\"services\",\"maxInstances\",\"maxInstancesPerCapability\",\"injectGlobals\",\"filesToWatch\",\"execArgv\",\"runnerEnv\",\"runner\",\"shard\",\"specFileRetries\",\"specFileRetriesDelay\",\"specFileRetriesDeferred\",\"reporterSyncInterval\",\"reporterSyncTimeout\",\"cucumberFeaturesWithLineNumbers\",\"autoCompileOpts\",\"mochaOpts\",\"jasmineOpts\",\"cucumberOpts\",\"onPrepare\",\"onWorkerStart\",\"onWorkerEnd\",\"before\",\"beforeSession\",\"beforeSuite\",\"beforeHook\",\"beforeTest\",\"afterTest\",\"afterHook\",\"afterSuite\",\"afterSession\",\"after\",\"onComplete\",\"beforeAssertion\",\"afterAssertion\",\"beforeFeature\",\"beforeScenario\",\"beforeStep\",\"afterStep\",\"afterScenario\",\"afterFeature\",\"_\",\"suite\",\"$0\",\"ignoredWorkerServices\",\"wdi5\"]"}]}
RESULT: {"script":"<script> [2342 bytes]","args":[{"protocol":"http","hostname":"0.0.0.0","path":"/","capabilities":{"browserName":"chrome","goog:chromeOptions":{"binary":"C:\\Program Files\\Google\\Chrome\\Application\\chrome.exe","args":["--start-maximized"]}},"logLevel":"warn","connectionRetryTimeout":120000,"connectionRetryCount":3,"logLevels":{},"enableDirectConnect":true,"strictSSL":true,"_":"65 more keys: [\"cacheDir\",\"port\",\"requestedCapabilities\",\"automationProtocol\",\"baseUrl\",\"waitforInterval\",\"waitforTimeout\",\"onReload\",\"beforeCommand\",\"afterCommand\",\"rootDir\",\"specs\",\"suites\",\"exclude\",\"groupLogsByTestSpec\",\"excludeDriverLogs\",\"bail\",\"framework\",\"reporters\",\"services\",\"maxInstances\",\"maxInstancesPerCapability\",\"injectGlobals\",\"filesToWatch\",\"execArgv\",\"runnerEnv\",\"runner\",\"shard\",\"specFileRetries\",\"specFileRetriesDelay\",\"specFileRetriesDeferred\",\"reporterSyncInterval\",\"reporterSyncTimeout\",\"cucumberFeaturesWithLineNumbers\",\"autoCompileOpts\",\"mochaOpts\",\"jasmineOpts\",\"cucumberOpts\",\"onPrepare\",\"onWorkerStart\",\"onWorkerEnd\",\"before\",\"beforeSession\",\"beforeSuite\",\"beforeHook\",\"beforeTest\",\"afterTest\",\"afterHook\",\"afterSuite\",\"afterSession\",\"after\",\"onComplete\",\"beforeAssertion\",\"afterAssertion\",\"beforeFeature\",\"beforeScenario\",\"beforeStep\",\"afterStep\",\"afterScenario\",\"afterFeature\",\"_\",\"suite\",\"$0\",\"ignoredWorkerServices\",\"wdi5\"]"}]}
COMMAND: POST /session/f7ba017eaa8b816e24f68d76f73d024d/execute/async - {"script":"<script> [21126 bytes]","args":[35000]}
RESULT: {"script":"<script> [21126 bytes]","args":[35000]}
]]></system-out>
    </testcase>
    <testcase classname="chrome.137_0_7151_69.windows.Tests_for_DXCW_CAE_environment,_including_specific_login_to_the_system_US" name="Should upload address file entry used for later tests as master data US156291" time="79.079">
      <system-out><![CDATA[
COMMAND: POST /session/f7ba017eaa8b816e24f68d76f73d024d/execute/async - {"script":"<script> [1562 bytes]","args":[{"selector":{"controlType":"sap.m.GenericTile","properties":{"header":"Migration Service"}},"wdio_ui5_key":"sapm.GenericTile{\"header\":\"Migration Service\"}"}]}
RESULT: {"script":"<script> [1562 bytes]","args":[{"selector":{"controlType":"sap.m.GenericTile","properties":{"header":"Migration Service"}},"wdio_ui5_key":"sapm.GenericTile{\"header\":\"Migration Service\"}"}]}
RESULT: undefined
COMMAND: POST /session/f7ba017eaa8b816e24f68d76f73d024d/element - {"using":"xpath","value":"//*[@id=\"__tile25\"]"}
RESULT: {"using":"xpath","value":"//*[@id=\"__tile25\"]"}
COMMAND: POST /session/f7ba017eaa8b816e24f68d76f73d024d/element/f.7D4F3E7B3A7890F64A3201E4749DC685.d.0B17AA83D07A327F908BD92146148E6E.e.77/click - {}
RESULT: {}
COMMAND: GET /session/f7ba017eaa8b816e24f68d76f73d024d/screenshot - {}
RESULT: {}
RESULT: undefined
RESULT: undefined
RESULT: undefined
RESULT: undefined
COMMAND: POST /session/f7ba017eaa8b816e24f68d76f73d024d/elements - {"using":"xpath","value":"//span[text()='Error']"}
RESULT: {"using":"xpath","value":"//span[text()='Error']"}
COMMAND: POST /session/f7ba017eaa8b816e24f68d76f73d024d/execute/async - {"script":"<script> [1562 bytes]","args":[{"selector":{"controlType":"sap.m.GenericTile","viewName":"bbs.dxcw.migration.view.Home","i18NText":{"propertyName":"header","key":"migrationService"}},"wdio_ui5_key":"bbsdxcw.migration.view.Homesap.m.GenericTile{\"propertyName\":\"header\",\"key\":\"migrationService\"}"}]}
RESULT: {"script":"<script> [1562 bytes]","args":[{"selector":{"controlType":"sap.m.GenericTile","viewName":"bbs.dxcw.migration.view.Home","i18NText":{"propertyName":"header","key":"migrationService"}},"wdio_ui5_key":"bbsdxcw.migration.view.Homesap.m.GenericTile{\"propertyName\":\"header\",\"key\":\"migrationService\"}"}]}
RESULT: undefined
COMMAND: POST /session/f7ba017eaa8b816e24f68d76f73d024d/element - {"using":"xpath","value":"//*[@id=\"__tile26\"]"}
RESULT: {"using":"xpath","value":"//*[@id=\"__tile26\"]"}
COMMAND: POST /session/f7ba017eaa8b816e24f68d76f73d024d/element/f.7D4F3E7B3A7890F64A3201E4749DC685.d.0B17AA83D07A327F908BD92146148E6E.e.124/click - {}
RESULT: {}
COMMAND: GET /session/f7ba017eaa8b816e24f68d76f73d024d/screenshot - {}
RESULT: {}
COMMAND: POST /session/f7ba017eaa8b816e24f68d76f73d024d/element - {"using":"xpath","value":"//bdi[contains(text(), \"Create new Draft\")]"}
RESULT: {"using":"xpath","value":"//bdi[contains(text(), \"Create new Draft\")]"}
COMMAND: POST /session/f7ba017eaa8b816e24f68d76f73d024d/elements - {"using":"xpath","value":"//bdi[contains(text(), \"Create new Draft\")]"}
RESULT: {"using":"xpath","value":"//bdi[contains(text(), \"Create new Draft\")]"}
COMMAND: POST /session/f7ba017eaa8b816e24f68d76f73d024d/execute/sync - {"script":"<script> [8489 bytes]","args":[{"element-6066-11e4-a52e-4f735466cecf":"f.7D4F3E7B3A7890F64A3201E4749DC685.d.0B17AA83D07A327F908BD92146148E6E.e.145","ELEMENT":"f.7D4F3E7B3A7890F64A3201E4749DC685.d.0B17AA83D07A327F908BD92146148E6E.e.145"}]}
RESULT: {"script":"<script> [8489 bytes]","args":[{"element-6066-11e4-a52e-4f735466cecf":"f.7D4F3E7B3A7890F64A3201E4749DC685.d.0B17AA83D07A327F908BD92146148E6E.e.145","ELEMENT":"f.7D4F3E7B3A7890F64A3201E4749DC685.d.0B17AA83D07A327F908BD92146148E6E.e.145"}]}
COMMAND: GET /session/f7ba017eaa8b816e24f68d76f73d024d/element/f.7D4F3E7B3A7890F64A3201E4749DC685.d.0B17AA83D07A327F908BD92146148E6E.e.145/enabled - {}
COMMAND: GET /session/f7ba017eaa8b816e24f68d76f73d024d/screenshot - {}
RESULT: {}
COMMAND: POST /session/f7ba017eaa8b816e24f68d76f73d024d/execute/sync - {"script":"<script> [8489 bytes]","args":[{"element-6066-11e4-a52e-4f735466cecf":"f.7D4F3E7B3A7890F64A3201E4749DC685.d.0B17AA83D07A327F908BD92146148E6E.e.145","ELEMENT":"f.7D4F3E7B3A7890F64A3201E4749DC685.d.0B17AA83D07A327F908BD92146148E6E.e.145"}]}
COMMAND: GET /session/f7ba017eaa8b816e24f68d76f73d024d/screenshot - {}
RESULT: {}
RESULT: {"script":"<script> [8489 bytes]","args":[{"element-6066-11e4-a52e-4f735466cecf":"f.7D4F3E7B3A7890F64A3201E4749DC685.d.0B17AA83D07A327F908BD92146148E6E.e.145","ELEMENT":"f.7D4F3E7B3A7890F64A3201E4749DC685.d.0B17AA83D07A327F908BD92146148E6E.e.145"}]}
COMMAND: POST /session/f7ba017eaa8b816e24f68d76f73d024d/execute/sync - {"script":"<script> [5351 bytes]","args":[{"element-6066-11e4-a52e-4f735466cecf":"f.7D4F3E7B3A7890F64A3201E4749DC685.d.0B17AA83D07A327F908BD92146148E6E.e.145","ELEMENT":"f.7D4F3E7B3A7890F64A3201E4749DC685.d.0B17AA83D07A327F908BD92146148E6E.e.145"}]}
COMMAND: GET /session/f7ba017eaa8b816e24f68d76f73d024d/screenshot - {}
RESULT: {}
RESULT: {"script":"<script> [5351 bytes]","args":[{"element-6066-11e4-a52e-4f735466cecf":"f.7D4F3E7B3A7890F64A3201E4749DC685.d.0B17AA83D07A327F908BD92146148E6E.e.145","ELEMENT":"f.7D4F3E7B3A7890F64A3201E4749DC685.d.0B17AA83D07A327F908BD92146148E6E.e.145"}]}
COMMAND: GET /session/f7ba017eaa8b816e24f68d76f73d024d/screenshot - {}
RESULT: {}
RESULT: {}
COMMAND: POST /session/f7ba017eaa8b816e24f68d76f73d024d/element - {"using":"xpath","value":"//bdi[contains(text(), \"Create new Draft\")]"}
RESULT: {"using":"xpath","value":"//bdi[contains(text(), \"Create new Draft\")]"}
COMMAND: POST /session/f7ba017eaa8b816e24f68d76f73d024d/element/f.7D4F3E7B3A7890F64A3201E4749DC685.d.0B17AA83D07A327F908BD92146148E6E.e.145/click - {}
RESULT: {}
COMMAND: GET /session/f7ba017eaa8b816e24f68d76f73d024d/screenshot - {}
RESULT: {}
COMMAND: POST /session/f7ba017eaa8b816e24f68d76f73d024d/element - {"using":"xpath","value":"//li[.//div[text()=\"Address\"]]"}
RESULT: {"using":"xpath","value":"//li[.//div[text()=\"Address\"]]"}
COMMAND: POST /session/f7ba017eaa8b816e24f68d76f73d024d/element/f.7D4F3E7B3A7890F64A3201E4749DC685.d.0B17AA83D07A327F908BD92146148E6E.e.291/click - {}
RESULT: {}
COMMAND: GET /session/f7ba017eaa8b816e24f68d76f73d024d/screenshot - {}
COMMAND: POST /session/f7ba017eaa8b816e24f68d76f73d024d/file - {"file":"[base64] 7080 bytes"}
RESULT: {}
RESULT: {"file":"[base64] 7080 bytes"}
COMMAND: POST /session/f7ba017eaa8b816e24f68d76f73d024d/element - {"using":"xpath","value":"//input[(@type=\"file\") and contains(@id,\"BOList-10-0-1-uploader-fu\")]"}
RESULT: {"using":"xpath","value":"//input[(@type=\"file\") and contains(@id,\"BOList-10-0-1-uploader-fu\")]"}
COMMAND: POST /session/f7ba017eaa8b816e24f68d76f73d024d/element/f.7D4F3E7B3A7890F64A3201E4749DC685.d.0B17AA83D07A327F908BD92146148E6E.e.293/clear - {}
RESULT: {}
COMMAND: POST /session/f7ba017eaa8b816e24f68d76f73d024d/element/f.7D4F3E7B3A7890F64A3201E4749DC685.d.0B17AA83D07A327F908BD92146148E6E.e.293/value - {"text":"C:\\Windows\\SystemTemp\\scoped_dir2076_638691251\\upload2076_682363632\\Address.xlsx"}
COMMAND: GET /session/f7ba017eaa8b816e24f68d76f73d024d/screenshot - {}
RESULT: {"text":"C:\\Windows\\SystemTemp\\scoped_dir2076_638691251\\upload2076_682363632\\Address.xlsx"}
COMMAND: GET /session/f7ba017eaa8b816e24f68d76f73d024d/screenshot - {}
RESULT: {}
RESULT: {}
COMMAND: POST /session/f7ba017eaa8b816e24f68d76f73d024d/element - {"using":"xpath","value":"//bdi[contains(text(), \"Match by name\")]"}
RESULT: {"using":"xpath","value":"//bdi[contains(text(), \"Match by name\")]"}
COMMAND: POST /session/f7ba017eaa8b816e24f68d76f73d024d/element/f.7D4F3E7B3A7890F64A3201E4749DC685.d.0B17AA83D07A327F908BD92146148E6E.e.307/click - {}
RESULT: {}
COMMAND: GET /session/f7ba017eaa8b816e24f68d76f73d024d/screenshot - {}
RESULT: {}
COMMAND: POST /session/f7ba017eaa8b816e24f68d76f73d024d/element - {"using":"xpath","value":"//bdi[text() = \"OK\"]"}
RESULT: {"using":"xpath","value":"//bdi[text() = \"OK\"]"}
COMMAND: POST /session/f7ba017eaa8b816e24f68d76f73d024d/element/f.7D4F3E7B3A7890F64A3201E4749DC685.d.0B17AA83D07A327F908BD92146148E6E.e.308/click - {}
RESULT: {}
COMMAND: GET /session/f7ba017eaa8b816e24f68d76f73d024d/screenshot - {}
RESULT: {}
COMMAND: POST /session/f7ba017eaa8b816e24f68d76f73d024d/element - {"using":"xpath","value":"//button[contains(@id,\"uploadBtn\")]"}
RESULT: {"using":"xpath","value":"//button[contains(@id,\"uploadBtn\")]"}
COMMAND: POST /session/f7ba017eaa8b816e24f68d76f73d024d/element/f.7D4F3E7B3A7890F64A3201E4749DC685.d.0B17AA83D07A327F908BD92146148E6E.e.189/click - {}
RESULT: {}
COMMAND: GET /session/f7ba017eaa8b816e24f68d76f73d024d/screenshot - {}
RESULT: {}
COMMAND: POST /session/f7ba017eaa8b816e24f68d76f73d024d/element - {"using":"xpath","value":"//button[.//bdi[contains(text(),\"Refresh Logs\")]]"}
RESULT: {"using":"xpath","value":"//button[.//bdi[contains(text(),\"Refresh Logs\")]]"}
COMMAND: POST /session/f7ba017eaa8b816e24f68d76f73d024d/element/f.7D4F3E7B3A7890F64A3201E4749DC685.d.0B17AA83D07A327F908BD92146148E6E.e.317/click - {}
RESULT: {}
COMMAND: GET /session/f7ba017eaa8b816e24f68d76f73d024d/screenshot - {}
RESULT: {}
COMMAND: POST /session/f7ba017eaa8b816e24f68d76f73d024d/element - {"using":"xpath","value":"//table[contains(@id,\"customHandoversTable-listUl\")]/tbody/tr[1]/td[4]/span"}
RESULT: {"using":"xpath","value":"//table[contains(@id,\"customHandoversTable-listUl\")]/tbody/tr[1]/td[4]/span"}
COMMAND: POST /session/f7ba017eaa8b816e24f68d76f73d024d/execute/sync - {"script":"<script> [56 bytes]","args":[{"element-6066-11e4-a52e-4f735466cecf":"f.7D4F3E7B3A7890F64A3201E4749DC685.d.0B17AA83D07A327F908BD92146148E6E.e.600","ELEMENT":"f.7D4F3E7B3A7890F64A3201E4749DC685.d.0B17AA83D07A327F908BD92146148E6E.e.600"}]}
RESULT: {"script":"<script> [56 bytes]","args":[{"element-6066-11e4-a52e-4f735466cecf":"f.7D4F3E7B3A7890F64A3201E4749DC685.d.0B17AA83D07A327F908BD92146148E6E.e.600","ELEMENT":"f.7D4F3E7B3A7890F64A3201E4749DC685.d.0B17AA83D07A327F908BD92146148E6E.e.600"}]}
COMMAND: POST /session/f7ba017eaa8b816e24f68d76f73d024d/element - {"using":"xpath","value":"//table[contains(@id,\"customHandoversTable-listUl\")]/tbody/tr[1]/td[7]/div/span[2]"}
COMMAND: GET /session/f7ba017eaa8b816e24f68d76f73d024d/screenshot - {}
RESULT: {"using":"xpath","value":"//table[contains(@id,\"customHandoversTable-listUl\")]/tbody/tr[1]/td[7]/div/span[2]"}
COMMAND: POST /session/f7ba017eaa8b816e24f68d76f73d024d/execute/sync - {"script":"<script> [56 bytes]","args":[{"element-6066-11e4-a52e-4f735466cecf":"f.7D4F3E7B3A7890F64A3201E4749DC685.d.0B17AA83D07A327F908BD92146148E6E.e.601","ELEMENT":"f.7D4F3E7B3A7890F64A3201E4749DC685.d.0B17AA83D07A327F908BD92146148E6E.e.601"}]}
RESULT: {}
RESULT: {"script":"<script> [56 bytes]","args":[{"element-6066-11e4-a52e-4f735466cecf":"f.7D4F3E7B3A7890F64A3201E4749DC685.d.0B17AA83D07A327F908BD92146148E6E.e.601","ELEMENT":"f.7D4F3E7B3A7890F64A3201E4749DC685.d.0B17AA83D07A327F908BD92146148E6E.e.601"}]}
COMMAND: POST /session/f7ba017eaa8b816e24f68d76f73d024d/element - {"using":"xpath","value":"//table[contains(@id,\"customHandoversTable-listUl\")]/tbody/tr[1]/td[8]/div/span[2]"}
COMMAND: GET /session/f7ba017eaa8b816e24f68d76f73d024d/screenshot - {}
RESULT: {"using":"xpath","value":"//table[contains(@id,\"customHandoversTable-listUl\")]/tbody/tr[1]/td[8]/div/span[2]"}
COMMAND: POST /session/f7ba017eaa8b816e24f68d76f73d024d/execute/sync - {"script":"<script> [56 bytes]","args":[{"element-6066-11e4-a52e-4f735466cecf":"f.7D4F3E7B3A7890F64A3201E4749DC685.d.0B17AA83D07A327F908BD92146148E6E.e.604","ELEMENT":"f.7D4F3E7B3A7890F64A3201E4749DC685.d.0B17AA83D07A327F908BD92146148E6E.e.604"}]}
RESULT: {}
RESULT: {"script":"<script> [56 bytes]","args":[{"element-6066-11e4-a52e-4f735466cecf":"f.7D4F3E7B3A7890F64A3201E4749DC685.d.0B17AA83D07A327F908BD92146148E6E.e.604","ELEMENT":"f.7D4F3E7B3A7890F64A3201E4749DC685.d.0B17AA83D07A327F908BD92146148E6E.e.604"}]}
COMMAND: GET /session/f7ba017eaa8b816e24f68d76f73d024d/screenshot - {}
RESULT: {}
COMMAND: POST /session/f7ba017eaa8b816e24f68d76f73d024d/execute/async - {"script":"<script> [1562 bytes]","args":[{"selector":{"controlType":"sap.ui.core.Icon","viewName":"bbs.dxcw.migration.view.migration.MigrationMaster","properties":{"src":{"regex":{"source":"notes"}}}},"wdio_ui5_key":"bbsdxcw.migration.view.migration.MigrationMastersap.ui.core.Icon{\"src\":{\"regex\":{\"source\":\"notes\"}}}"}]}
RESULT: {"script":"<script> [1562 bytes]","args":[{"selector":{"controlType":"sap.ui.core.Icon","viewName":"bbs.dxcw.migration.view.migration.MigrationMaster","properties":{"src":{"regex":{"source":"notes"}}}},"wdio_ui5_key":"bbsdxcw.migration.view.migration.MigrationMastersap.ui.core.Icon{\"src\":{\"regex\":{\"source\":\"notes\"}}}"}]}
RESULT: undefined
COMMAND: POST /session/f7ba017eaa8b816e24f68d76f73d024d/element - {"using":"xpath","value":"//*[@id=\"__filter0-icon\"]"}
RESULT: {"using":"xpath","value":"//*[@id=\"__filter0-icon\"]"}
COMMAND: POST /session/f7ba017eaa8b816e24f68d76f73d024d/element/f.7D4F3E7B3A7890F64A3201E4749DC685.d.0B17AA83D07A327F908BD92146148E6E.e.605/click - {}
RESULT: {}
COMMAND: GET /session/f7ba017eaa8b816e24f68d76f73d024d/screenshot - {}
RESULT: {}
]]></system-out>
    </testcase>
    <testcase classname="chrome.137_0_7151_69.windows.Tests_for_DXCW_CAE_environment,_including_specific_login_to_the_system_US" name="Should upload yard file entry used for later tests as master data US156291" time="47.729">
      <system-out><![CDATA[
COMMAND: POST /session/f7ba017eaa8b816e24f68d76f73d024d/element - {"using":"xpath","value":"//bdi[contains(text(), \"Create new Draft\")]"}
RESULT: {"using":"xpath","value":"//bdi[contains(text(), \"Create new Draft\")]"}
COMMAND: POST /session/f7ba017eaa8b816e24f68d76f73d024d/element/f.7D4F3E7B3A7890F64A3201E4749DC685.d.0B17AA83D07A327F908BD92146148E6E.e.609/click - {}
RESULT: {}
COMMAND: GET /session/f7ba017eaa8b816e24f68d76f73d024d/screenshot - {}
RESULT: {}
COMMAND: POST /session/f7ba017eaa8b816e24f68d76f73d024d/element - {"using":"xpath","value":"//li[.//div[text()=\"Yards\"]]"}
RESULT: {"using":"xpath","value":"//li[.//div[text()=\"Yards\"]]"}
COMMAND: POST /session/f7ba017eaa8b816e24f68d76f73d024d/element/f.7D4F3E7B3A7890F64A3201E4749DC685.d.0B17AA83D07A327F908BD92146148E6E.e.727/click - {}
RESULT: {}
COMMAND: GET /session/f7ba017eaa8b816e24f68d76f73d024d/screenshot - {}
COMMAND: POST /session/f7ba017eaa8b816e24f68d76f73d024d/file - {"file":"[base64] 6816 bytes"}
RESULT: {}
RESULT: {"file":"[base64] 6816 bytes"}
COMMAND: POST /session/f7ba017eaa8b816e24f68d76f73d024d/element - {"using":"xpath","value":"//input[(@type=\"file\") and contains(@id,\"BOList-15-0-1-uploader-fu\")]"}
RESULT: {"using":"xpath","value":"//input[(@type=\"file\") and contains(@id,\"BOList-15-0-1-uploader-fu\")]"}
COMMAND: POST /session/f7ba017eaa8b816e24f68d76f73d024d/element/f.7D4F3E7B3A7890F64A3201E4749DC685.d.0B17AA83D07A327F908BD92146148E6E.e.730/clear - {}
RESULT: {}
COMMAND: POST /session/f7ba017eaa8b816e24f68d76f73d024d/element/f.7D4F3E7B3A7890F64A3201E4749DC685.d.0B17AA83D07A327F908BD92146148E6E.e.730/value - {"text":"C:\\Windows\\SystemTemp\\scoped_dir2076_638691251\\upload2076_60253414\\Yards.xlsx"}
COMMAND: GET /session/f7ba017eaa8b816e24f68d76f73d024d/screenshot - {}
RESULT: {"text":"C:\\Windows\\SystemTemp\\scoped_dir2076_638691251\\upload2076_60253414\\Yards.xlsx"}
COMMAND: GET /session/f7ba017eaa8b816e24f68d76f73d024d/screenshot - {}
RESULT: {}
RESULT: {}
COMMAND: POST /session/f7ba017eaa8b816e24f68d76f73d024d/element - {"using":"xpath","value":"//bdi[contains(text(), \"Match by name\")]"}
RESULT: {"using":"xpath","value":"//bdi[contains(text(), \"Match by name\")]"}
COMMAND: POST /session/f7ba017eaa8b816e24f68d76f73d024d/element/f.7D4F3E7B3A7890F64A3201E4749DC685.d.0B17AA83D07A327F908BD92146148E6E.e.738/click - {}
RESULT: {}
COMMAND: GET /session/f7ba017eaa8b816e24f68d76f73d024d/screenshot - {}
RESULT: {}
COMMAND: POST /session/f7ba017eaa8b816e24f68d76f73d024d/element - {"using":"xpath","value":"//bdi[text() = \"OK\"]"}
RESULT: {"using":"xpath","value":"//bdi[text() = \"OK\"]"}
COMMAND: POST /session/f7ba017eaa8b816e24f68d76f73d024d/element/f.7D4F3E7B3A7890F64A3201E4749DC685.d.0B17AA83D07A327F908BD92146148E6E.e.739/click - {}
RESULT: {}
COMMAND: GET /session/f7ba017eaa8b816e24f68d76f73d024d/screenshot - {}
RESULT: {}
COMMAND: POST /session/f7ba017eaa8b816e24f68d76f73d024d/element - {"using":"xpath","value":"//button[contains(@id,\"uploadBtn\")]"}
RESULT: {"using":"xpath","value":"//button[contains(@id,\"uploadBtn\")]"}
COMMAND: POST /session/f7ba017eaa8b816e24f68d76f73d024d/element/f.7D4F3E7B3A7890F64A3201E4749DC685.d.0B17AA83D07A327F908BD92146148E6E.e.189/click - {}
RESULT: {}
COMMAND: GET /session/f7ba017eaa8b816e24f68d76f73d024d/screenshot - {}
RESULT: {}
COMMAND: POST /session/f7ba017eaa8b816e24f68d76f73d024d/element - {"using":"xpath","value":"//button[.//bdi[contains(text(),\"Refresh Logs\")]]"}
RESULT: {"using":"xpath","value":"//button[.//bdi[contains(text(),\"Refresh Logs\")]]"}
COMMAND: POST /session/f7ba017eaa8b816e24f68d76f73d024d/element/f.7D4F3E7B3A7890F64A3201E4749DC685.d.0B17AA83D07A327F908BD92146148E6E.e.746/click - {}
RESULT: {}
COMMAND: GET /session/f7ba017eaa8b816e24f68d76f73d024d/screenshot - {}
RESULT: {}
COMMAND: POST /session/f7ba017eaa8b816e24f68d76f73d024d/element - {"using":"xpath","value":"//table[contains(@id,\"customHandoversTable-listUl\")]/tbody/tr[1]/td[4]/span"}
RESULT: {"using":"xpath","value":"//table[contains(@id,\"customHandoversTable-listUl\")]/tbody/tr[1]/td[4]/span"}
COMMAND: POST /session/f7ba017eaa8b816e24f68d76f73d024d/execute/sync - {"script":"<script> [56 bytes]","args":[{"element-6066-11e4-a52e-4f735466cecf":"f.7D4F3E7B3A7890F64A3201E4749DC685.d.0B17AA83D07A327F908BD92146148E6E.e.1037","ELEMENT":"f.7D4F3E7B3A7890F64A3201E4749DC685.d.0B17AA83D07A327F908BD92146148E6E.e.1037"}]}
RESULT: {"script":"<script> [56 bytes]","args":[{"element-6066-11e4-a52e-4f735466cecf":"f.7D4F3E7B3A7890F64A3201E4749DC685.d.0B17AA83D07A327F908BD92146148E6E.e.1037","ELEMENT":"f.7D4F3E7B3A7890F64A3201E4749DC685.d.0B17AA83D07A327F908BD92146148E6E.e.1037"}]}
COMMAND: POST /session/f7ba017eaa8b816e24f68d76f73d024d/element - {"using":"xpath","value":"//table[contains(@id,\"customHandoversTable-listUl\")]/tbody/tr[1]/td[7]/div/span[2]"}
COMMAND: GET /session/f7ba017eaa8b816e24f68d76f73d024d/screenshot - {}
RESULT: {"using":"xpath","value":"//table[contains(@id,\"customHandoversTable-listUl\")]/tbody/tr[1]/td[7]/div/span[2]"}
COMMAND: POST /session/f7ba017eaa8b816e24f68d76f73d024d/execute/sync - {"script":"<script> [56 bytes]","args":[{"element-6066-11e4-a52e-4f735466cecf":"f.7D4F3E7B3A7890F64A3201E4749DC685.d.0B17AA83D07A327F908BD92146148E6E.e.1038","ELEMENT":"f.7D4F3E7B3A7890F64A3201E4749DC685.d.0B17AA83D07A327F908BD92146148E6E.e.1038"}]}
RESULT: {}
RESULT: {"script":"<script> [56 bytes]","args":[{"element-6066-11e4-a52e-4f735466cecf":"f.7D4F3E7B3A7890F64A3201E4749DC685.d.0B17AA83D07A327F908BD92146148E6E.e.1038","ELEMENT":"f.7D4F3E7B3A7890F64A3201E4749DC685.d.0B17AA83D07A327F908BD92146148E6E.e.1038"}]}
COMMAND: POST /session/f7ba017eaa8b816e24f68d76f73d024d/element - {"using":"xpath","value":"//table[contains(@id,\"customHandoversTable-listUl\")]/tbody/tr[1]/td[8]/div/span[2]"}
COMMAND: GET /session/f7ba017eaa8b816e24f68d76f73d024d/screenshot - {}
RESULT: {"using":"xpath","value":"//table[contains(@id,\"customHandoversTable-listUl\")]/tbody/tr[1]/td[8]/div/span[2]"}
COMMAND: POST /session/f7ba017eaa8b816e24f68d76f73d024d/execute/sync - {"script":"<script> [56 bytes]","args":[{"element-6066-11e4-a52e-4f735466cecf":"f.7D4F3E7B3A7890F64A3201E4749DC685.d.0B17AA83D07A327F908BD92146148E6E.e.1041","ELEMENT":"f.7D4F3E7B3A7890F64A3201E4749DC685.d.0B17AA83D07A327F908BD92146148E6E.e.1041"}]}
RESULT: {}
RESULT: {"script":"<script> [56 bytes]","args":[{"element-6066-11e4-a52e-4f735466cecf":"f.7D4F3E7B3A7890F64A3201E4749DC685.d.0B17AA83D07A327F908BD92146148E6E.e.1041","ELEMENT":"f.7D4F3E7B3A7890F64A3201E4749DC685.d.0B17AA83D07A327F908BD92146148E6E.e.1041"}]}
COMMAND: GET /session/f7ba017eaa8b816e24f68d76f73d024d/screenshot - {}
RESULT: {}
RESULT: undefined
COMMAND: POST /session/f7ba017eaa8b816e24f68d76f73d024d/element - {"using":"xpath","value":"//*[@id=\"__filter0-icon\"]"}
RESULT: {"using":"xpath","value":"//*[@id=\"__filter0-icon\"]"}
COMMAND: POST /session/f7ba017eaa8b816e24f68d76f73d024d/element/f.7D4F3E7B3A7890F64A3201E4749DC685.d.0B17AA83D07A327F908BD92146148E6E.e.605/click - {}
RESULT: {}
COMMAND: GET /session/f7ba017eaa8b816e24f68d76f73d024d/screenshot - {}
RESULT: {}
]]></system-out>
    </testcase>
    <testcase classname="chrome.137_0_7151_69.windows.Tests_for_DXCW_CAE_environment,_including_specific_login_to_the_system_US" name="Should upload compound partner files entry used for later tests as master data US156291" time="63.419">
      <system-out><![CDATA[
COMMAND: POST /session/f7ba017eaa8b816e24f68d76f73d024d/element - {"using":"xpath","value":"//bdi[contains(text(), \"Create new Draft\")]"}
RESULT: {"using":"xpath","value":"//bdi[contains(text(), \"Create new Draft\")]"}
COMMAND: POST /session/f7ba017eaa8b816e24f68d76f73d024d/element/f.7D4F3E7B3A7890F64A3201E4749DC685.d.0B17AA83D07A327F908BD92146148E6E.e.1045/click - {}
RESULT: {}
COMMAND: GET /session/f7ba017eaa8b816e24f68d76f73d024d/screenshot - {}
RESULT: {}
COMMAND: POST /session/f7ba017eaa8b816e24f68d76f73d024d/element - {"using":"xpath","value":"//li[.//div[text()=\"Partners\"]]"}
RESULT: {"using":"xpath","value":"//li[.//div[text()=\"Partners\"]]"}
COMMAND: POST /session/f7ba017eaa8b816e24f68d76f73d024d/element/f.7D4F3E7B3A7890F64A3201E4749DC685.d.0B17AA83D07A327F908BD92146148E6E.e.1161/click - {}
RESULT: {}
COMMAND: GET /session/f7ba017eaa8b816e24f68d76f73d024d/screenshot - {}
COMMAND: POST /session/f7ba017eaa8b816e24f68d76f73d024d/file - {"file":"[base64] 6748 bytes"}
RESULT: {}
RESULT: {"file":"[base64] 6748 bytes"}
COMMAND: POST /session/f7ba017eaa8b816e24f68d76f73d024d/element - {"using":"xpath","value":"//input[(@type=\"file\") and contains(@id,\"BOList-4-0-1-uploader-fu\")]"}
RESULT: {"using":"xpath","value":"//input[(@type=\"file\") and contains(@id,\"BOList-4-0-1-uploader-fu\")]"}
COMMAND: POST /session/f7ba017eaa8b816e24f68d76f73d024d/element/f.7D4F3E7B3A7890F64A3201E4749DC685.d.0B17AA83D07A327F908BD92146148E6E.e.1170/clear - {}
RESULT: {}
COMMAND: POST /session/f7ba017eaa8b816e24f68d76f73d024d/element/f.7D4F3E7B3A7890F64A3201E4749DC685.d.0B17AA83D07A327F908BD92146148E6E.e.1170/value - {"text":"C:\\Windows\\SystemTemp\\scoped_dir2076_638691251\\upload2076_450321704\\Partners.xlsx"}
COMMAND: GET /session/f7ba017eaa8b816e24f68d76f73d024d/screenshot - {}
RESULT: {"text":"C:\\Windows\\SystemTemp\\scoped_dir2076_638691251\\upload2076_450321704\\Partners.xlsx"}
COMMAND: GET /session/f7ba017eaa8b816e24f68d76f73d024d/screenshot - {}
RESULT: {}
RESULT: {}
COMMAND: POST /session/f7ba017eaa8b816e24f68d76f73d024d/element - {"using":"xpath","value":"//bdi[contains(text(), \"Match by name\")]"}
RESULT: {"using":"xpath","value":"//bdi[contains(text(), \"Match by name\")]"}
COMMAND: POST /session/f7ba017eaa8b816e24f68d76f73d024d/element/f.7D4F3E7B3A7890F64A3201E4749DC685.d.0B17AA83D07A327F908BD92146148E6E.e.1181/click - {}
RESULT: {}
COMMAND: GET /session/f7ba017eaa8b816e24f68d76f73d024d/screenshot - {}
RESULT: {}
COMMAND: POST /session/f7ba017eaa8b816e24f68d76f73d024d/element - {"using":"xpath","value":"//bdi[text() = \"OK\"]"}
RESULT: {"using":"xpath","value":"//bdi[text() = \"OK\"]"}
COMMAND: POST /session/f7ba017eaa8b816e24f68d76f73d024d/element/f.7D4F3E7B3A7890F64A3201E4749DC685.d.0B17AA83D07A327F908BD92146148E6E.e.1182/click - {}
RESULT: {}
COMMAND: GET /session/f7ba017eaa8b816e24f68d76f73d024d/screenshot - {}
RESULT: {}
COMMAND: POST /session/f7ba017eaa8b816e24f68d76f73d024d/file - {"file":"[base64] 6420 bytes"}
RESULT: {"file":"[base64] 6420 bytes"}
COMMAND: POST /session/f7ba017eaa8b816e24f68d76f73d024d/element - {"using":"xpath","value":"//input[(@type=\"file\") and contains(@id,\"BOList-4-1-1-uploader-fu\")]"}
RESULT: {"using":"xpath","value":"//input[(@type=\"file\") and contains(@id,\"BOList-4-1-1-uploader-fu\")]"}
COMMAND: POST /session/f7ba017eaa8b816e24f68d76f73d024d/element/f.7D4F3E7B3A7890F64A3201E4749DC685.d.0B17AA83D07A327F908BD92146148E6E.e.1185/clear - {}
RESULT: {}
COMMAND: POST /session/f7ba017eaa8b816e24f68d76f73d024d/element/f.7D4F3E7B3A7890F64A3201E4749DC685.d.0B17AA83D07A327F908BD92146148E6E.e.1185/value - {"text":"C:\\Windows\\SystemTemp\\scoped_dir2076_638691251\\upload2076_168888176\\YardsPartners.xlsx"}
COMMAND: GET /session/f7ba017eaa8b816e24f68d76f73d024d/screenshot - {}
RESULT: {"text":"C:\\Windows\\SystemTemp\\scoped_dir2076_638691251\\upload2076_168888176\\YardsPartners.xlsx"}
COMMAND: GET /session/f7ba017eaa8b816e24f68d76f73d024d/screenshot - {}
RESULT: {}
RESULT: {}
COMMAND: POST /session/f7ba017eaa8b816e24f68d76f73d024d/element - {"using":"xpath","value":"//bdi[contains(text(), \"Match by name\")]"}
RESULT: {"using":"xpath","value":"//bdi[contains(text(), \"Match by name\")]"}
COMMAND: POST /session/f7ba017eaa8b816e24f68d76f73d024d/element/f.7D4F3E7B3A7890F64A3201E4749DC685.d.0B17AA83D07A327F908BD92146148E6E.e.1193/click - {}
RESULT: {}
COMMAND: GET /session/f7ba017eaa8b816e24f68d76f73d024d/screenshot - {}
RESULT: {}
COMMAND: POST /session/f7ba017eaa8b816e24f68d76f73d024d/element - {"using":"xpath","value":"//bdi[text() = \"OK\"]"}
RESULT: {"using":"xpath","value":"//bdi[text() = \"OK\"]"}
COMMAND: POST /session/f7ba017eaa8b816e24f68d76f73d024d/element/f.7D4F3E7B3A7890F64A3201E4749DC685.d.0B17AA83D07A327F908BD92146148E6E.e.1194/click - {}
RESULT: {}
COMMAND: GET /session/f7ba017eaa8b816e24f68d76f73d024d/screenshot - {}
RESULT: {}
COMMAND: POST /session/f7ba017eaa8b816e24f68d76f73d024d/execute/async - {"script":"<script> [1562 bytes]","args":[{"selector":{"controlType":"sap.m.Switch","viewName":"bbs.dxcw.migration.view.migration.MigrationNewDraft","bindingPath":{"path":"","propertyPath":"/isComposition","modelName":"ContentModel"},"interaction":{"idSuffix":"textoff"}},"wdio_ui5_key":"bbsdxcw.migration.view.migration.MigrationNewDraftsap.m.Switch{\"path\":\"\",\"propertyPath\":\"/isComposition\",\"modelName\":\"ContentModel\"}"}]}
RESULT: {"script":"<script> [1562 bytes]","args":[{"selector":{"controlType":"sap.m.Switch","viewName":"bbs.dxcw.migration.view.migration.MigrationNewDraft","bindingPath":{"path":"","propertyPath":"/isComposition","modelName":"ContentModel"},"interaction":{"idSuffix":"textoff"}},"wdio_ui5_key":"bbsdxcw.migration.view.migration.MigrationNewDraftsap.m.Switch{\"path\":\"\",\"propertyPath\":\"/isComposition\",\"modelName\":\"ContentModel\"}"}]}
RESULT: undefined
COMMAND: POST /session/f7ba017eaa8b816e24f68d76f73d024d/element - {"using":"xpath","value":"//*[@id=\"__switch0\"]"}
RESULT: {"using":"xpath","value":"//*[@id=\"__switch0\"]"}
COMMAND: POST /session/f7ba017eaa8b816e24f68d76f73d024d/element/f.7D4F3E7B3A7890F64A3201E4749DC685.d.0B17AA83D07A327F908BD92146148E6E.e.181/click - {}
RESULT: {}
COMMAND: POST /session/f7ba017eaa8b816e24f68d76f73d024d/element - {"using":"xpath","value":"//button[contains(@id,\"uploadBtn\")]"}
COMMAND: GET /session/f7ba017eaa8b816e24f68d76f73d024d/screenshot - {}
RESULT: {"using":"xpath","value":"//button[contains(@id,\"uploadBtn\")]"}
COMMAND: POST /session/f7ba017eaa8b816e24f68d76f73d024d/element/f.7D4F3E7B3A7890F64A3201E4749DC685.d.0B17AA83D07A327F908BD92146148E6E.e.189/click - {}
RESULT: {}
RESULT: {}
COMMAND: GET /session/f7ba017eaa8b816e24f68d76f73d024d/screenshot - {}
RESULT: {}
COMMAND: POST /session/f7ba017eaa8b816e24f68d76f73d024d/element - {"using":"xpath","value":"//button[.//bdi[contains(text(),\"Refresh Logs\")]]"}
RESULT: {"using":"xpath","value":"//button[.//bdi[contains(text(),\"Refresh Logs\")]]"}
COMMAND: POST /session/f7ba017eaa8b816e24f68d76f73d024d/element/f.7D4F3E7B3A7890F64A3201E4749DC685.d.0B17AA83D07A327F908BD92146148E6E.e.1206/click - {}
RESULT: {}
COMMAND: GET /session/f7ba017eaa8b816e24f68d76f73d024d/screenshot - {}
RESULT: {}
COMMAND: POST /session/f7ba017eaa8b816e24f68d76f73d024d/element - {"using":"xpath","value":"//table[contains(@id,\"customHandoversTable-listUl\")]/tbody/tr[1]/td[4]/span"}
RESULT: {"using":"xpath","value":"//table[contains(@id,\"customHandoversTable-listUl\")]/tbody/tr[1]/td[4]/span"}
COMMAND: POST /session/f7ba017eaa8b816e24f68d76f73d024d/execute/sync - {"script":"<script> [56 bytes]","args":[{"element-6066-11e4-a52e-4f735466cecf":"f.7D4F3E7B3A7890F64A3201E4749DC685.d.0B17AA83D07A327F908BD92146148E6E.e.1498","ELEMENT":"f.7D4F3E7B3A7890F64A3201E4749DC685.d.0B17AA83D07A327F908BD92146148E6E.e.1498"}]}
RESULT: {"script":"<script> [56 bytes]","args":[{"element-6066-11e4-a52e-4f735466cecf":"f.7D4F3E7B3A7890F64A3201E4749DC685.d.0B17AA83D07A327F908BD92146148E6E.e.1498","ELEMENT":"f.7D4F3E7B3A7890F64A3201E4749DC685.d.0B17AA83D07A327F908BD92146148E6E.e.1498"}]}
COMMAND: POST /session/f7ba017eaa8b816e24f68d76f73d024d/element - {"using":"xpath","value":"//table[contains(@id,\"customHandoversTable-listUl\")]/tbody/tr[1]/td[7]/div/span[2]"}
COMMAND: GET /session/f7ba017eaa8b816e24f68d76f73d024d/screenshot - {}
RESULT: {"using":"xpath","value":"//table[contains(@id,\"customHandoversTable-listUl\")]/tbody/tr[1]/td[7]/div/span[2]"}
COMMAND: POST /session/f7ba017eaa8b816e24f68d76f73d024d/execute/sync - {"script":"<script> [56 bytes]","args":[{"element-6066-11e4-a52e-4f735466cecf":"f.7D4F3E7B3A7890F64A3201E4749DC685.d.0B17AA83D07A327F908BD92146148E6E.e.1499","ELEMENT":"f.7D4F3E7B3A7890F64A3201E4749DC685.d.0B17AA83D07A327F908BD92146148E6E.e.1499"}]}
RESULT: {}
RESULT: {"script":"<script> [56 bytes]","args":[{"element-6066-11e4-a52e-4f735466cecf":"f.7D4F3E7B3A7890F64A3201E4749DC685.d.0B17AA83D07A327F908BD92146148E6E.e.1499","ELEMENT":"f.7D4F3E7B3A7890F64A3201E4749DC685.d.0B17AA83D07A327F908BD92146148E6E.e.1499"}]}
COMMAND: POST /session/f7ba017eaa8b816e24f68d76f73d024d/element - {"using":"xpath","value":"//table[contains(@id,\"customHandoversTable-listUl\")]/tbody/tr[1]/td[8]/div/span[2]"}
COMMAND: GET /session/f7ba017eaa8b816e24f68d76f73d024d/screenshot - {}
RESULT: {"using":"xpath","value":"//table[contains(@id,\"customHandoversTable-listUl\")]/tbody/tr[1]/td[8]/div/span[2]"}
COMMAND: POST /session/f7ba017eaa8b816e24f68d76f73d024d/execute/sync - {"script":"<script> [56 bytes]","args":[{"element-6066-11e4-a52e-4f735466cecf":"f.7D4F3E7B3A7890F64A3201E4749DC685.d.0B17AA83D07A327F908BD92146148E6E.e.1502","ELEMENT":"f.7D4F3E7B3A7890F64A3201E4749DC685.d.0B17AA83D07A327F908BD92146148E6E.e.1502"}]}
RESULT: {}
RESULT: {"script":"<script> [56 bytes]","args":[{"element-6066-11e4-a52e-4f735466cecf":"f.7D4F3E7B3A7890F64A3201E4749DC685.d.0B17AA83D07A327F908BD92146148E6E.e.1502","ELEMENT":"f.7D4F3E7B3A7890F64A3201E4749DC685.d.0B17AA83D07A327F908BD92146148E6E.e.1502"}]}
COMMAND: GET /session/f7ba017eaa8b816e24f68d76f73d024d/screenshot - {}
RESULT: {}
RESULT: undefined
COMMAND: POST /session/f7ba017eaa8b816e24f68d76f73d024d/element - {"using":"xpath","value":"//*[@id=\"__filter0-icon\"]"}
RESULT: {"using":"xpath","value":"//*[@id=\"__filter0-icon\"]"}
COMMAND: POST /session/f7ba017eaa8b816e24f68d76f73d024d/element/f.7D4F3E7B3A7890F64A3201E4749DC685.d.0B17AA83D07A327F908BD92146148E6E.e.605/click - {}
RESULT: {}
COMMAND: GET /session/f7ba017eaa8b816e24f68d76f73d024d/screenshot - {}
RESULT: {}
]]></system-out>
    </testcase>
    <testcase classname="chrome.137_0_7151_69.windows.Tests_for_DXCW_CAE_environment,_including_specific_login_to_the_system_US" name="Should upload site file entry used for later tests as master data US156291" time="53.574">
      <system-out><![CDATA[
COMMAND: POST /session/f7ba017eaa8b816e24f68d76f73d024d/element - {"using":"xpath","value":"//bdi[contains(text(), \"Create new Draft\")]"}
RESULT: {"using":"xpath","value":"//bdi[contains(text(), \"Create new Draft\")]"}
COMMAND: POST /session/f7ba017eaa8b816e24f68d76f73d024d/element/f.7D4F3E7B3A7890F64A3201E4749DC685.d.0B17AA83D07A327F908BD92146148E6E.e.1506/click - {}
RESULT: {}
COMMAND: GET /session/f7ba017eaa8b816e24f68d76f73d024d/screenshot - {}
RESULT: {}
COMMAND: POST /session/f7ba017eaa8b816e24f68d76f73d024d/element - {"using":"xpath","value":"//li[.//div[text()=\"Sites\"]]"}
RESULT: {"using":"xpath","value":"//li[.//div[text()=\"Sites\"]]"}
COMMAND: POST /session/f7ba017eaa8b816e24f68d76f73d024d/element/f.7D4F3E7B3A7890F64A3201E4749DC685.d.0B17AA83D07A327F908BD92146148E6E.e.1166/click - {}
RESULT: {}
COMMAND: GET /session/f7ba017eaa8b816e24f68d76f73d024d/screenshot - {}
COMMAND: POST /session/f7ba017eaa8b816e24f68d76f73d024d/file - {"file":"[base64] 6440 bytes"}
RESULT: {}
RESULT: {"file":"[base64] 6440 bytes"}
COMMAND: POST /session/f7ba017eaa8b816e24f68d76f73d024d/element - {"using":"xpath","value":"//input[(@type=\"file\") and contains(@id,\"BOList-9-0-1-uploader-fu\")]"}
RESULT: {"using":"xpath","value":"//input[(@type=\"file\") and contains(@id,\"BOList-9-0-1-uploader-fu\")]"}
COMMAND: POST /session/f7ba017eaa8b816e24f68d76f73d024d/element/f.7D4F3E7B3A7890F64A3201E4749DC685.d.0B17AA83D07A327F908BD92146148E6E.e.1628/clear - {}
RESULT: {}
COMMAND: POST /session/f7ba017eaa8b816e24f68d76f73d024d/element/f.7D4F3E7B3A7890F64A3201E4749DC685.d.0B17AA83D07A327F908BD92146148E6E.e.1628/value - {"text":"C:\\Windows\\SystemTemp\\scoped_dir2076_638691251\\upload2076_1187439504\\Sites.xlsx"}
COMMAND: GET /session/f7ba017eaa8b816e24f68d76f73d024d/screenshot - {}
RESULT: {"text":"C:\\Windows\\SystemTemp\\scoped_dir2076_638691251\\upload2076_1187439504\\Sites.xlsx"}
COMMAND: GET /session/f7ba017eaa8b816e24f68d76f73d024d/screenshot - {}
RESULT: {}
RESULT: {}
COMMAND: POST /session/f7ba017eaa8b816e24f68d76f73d024d/element - {"using":"xpath","value":"//bdi[contains(text(), \"Match by name\")]"}
RESULT: {"using":"xpath","value":"//bdi[contains(text(), \"Match by name\")]"}
COMMAND: POST /session/f7ba017eaa8b816e24f68d76f73d024d/element/f.7D4F3E7B3A7890F64A3201E4749DC685.d.0B17AA83D07A327F908BD92146148E6E.e.1637/click - {}
RESULT: {}
COMMAND: GET /session/f7ba017eaa8b816e24f68d76f73d024d/screenshot - {}
RESULT: {}
COMMAND: POST /session/f7ba017eaa8b816e24f68d76f73d024d/element - {"using":"xpath","value":"//bdi[text() = \"OK\"]"}
RESULT: {"using":"xpath","value":"//bdi[text() = \"OK\"]"}
COMMAND: POST /session/f7ba017eaa8b816e24f68d76f73d024d/element/f.7D4F3E7B3A7890F64A3201E4749DC685.d.0B17AA83D07A327F908BD92146148E6E.e.1638/click - {}
RESULT: {}
COMMAND: GET /session/f7ba017eaa8b816e24f68d76f73d024d/screenshot - {}
RESULT: {}
COMMAND: POST /session/f7ba017eaa8b816e24f68d76f73d024d/element - {"using":"xpath","value":"//button[contains(@id,\"uploadBtn\")]"}
RESULT: {"using":"xpath","value":"//button[contains(@id,\"uploadBtn\")]"}
COMMAND: POST /session/f7ba017eaa8b816e24f68d76f73d024d/element/f.7D4F3E7B3A7890F64A3201E4749DC685.d.0B17AA83D07A327F908BD92146148E6E.e.189/click - {}
RESULT: {}
COMMAND: GET /session/f7ba017eaa8b816e24f68d76f73d024d/screenshot - {}
RESULT: {}
COMMAND: POST /session/f7ba017eaa8b816e24f68d76f73d024d/element - {"using":"xpath","value":"//button[.//bdi[contains(text(),\"Refresh Logs\")]]"}
RESULT: {"using":"xpath","value":"//button[.//bdi[contains(text(),\"Refresh Logs\")]]"}
COMMAND: POST /session/f7ba017eaa8b816e24f68d76f73d024d/element/f.7D4F3E7B3A7890F64A3201E4749DC685.d.0B17AA83D07A327F908BD92146148E6E.e.1645/click - {}
RESULT: {}
COMMAND: GET /session/f7ba017eaa8b816e24f68d76f73d024d/screenshot - {}
RESULT: {}
COMMAND: POST /session/f7ba017eaa8b816e24f68d76f73d024d/element - {"using":"xpath","value":"//table[contains(@id,\"customHandoversTable-listUl\")]/tbody/tr[1]/td[4]/span"}
RESULT: {"using":"xpath","value":"//table[contains(@id,\"customHandoversTable-listUl\")]/tbody/tr[1]/td[4]/span"}
COMMAND: POST /session/f7ba017eaa8b816e24f68d76f73d024d/execute/sync - {"script":"<script> [56 bytes]","args":[{"element-6066-11e4-a52e-4f735466cecf":"f.7D4F3E7B3A7890F64A3201E4749DC685.d.0B17AA83D07A327F908BD92146148E6E.e.1933","ELEMENT":"f.7D4F3E7B3A7890F64A3201E4749DC685.d.0B17AA83D07A327F908BD92146148E6E.e.1933"}]}
RESULT: {"script":"<script> [56 bytes]","args":[{"element-6066-11e4-a52e-4f735466cecf":"f.7D4F3E7B3A7890F64A3201E4749DC685.d.0B17AA83D07A327F908BD92146148E6E.e.1933","ELEMENT":"f.7D4F3E7B3A7890F64A3201E4749DC685.d.0B17AA83D07A327F908BD92146148E6E.e.1933"}]}
COMMAND: POST /session/f7ba017eaa8b816e24f68d76f73d024d/element - {"using":"xpath","value":"//table[contains(@id,\"customHandoversTable-listUl\")]/tbody/tr[1]/td[7]/div/span[2]"}
COMMAND: GET /session/f7ba017eaa8b816e24f68d76f73d024d/screenshot - {}
RESULT: {"using":"xpath","value":"//table[contains(@id,\"customHandoversTable-listUl\")]/tbody/tr[1]/td[7]/div/span[2]"}
COMMAND: POST /session/f7ba017eaa8b816e24f68d76f73d024d/execute/sync - {"script":"<script> [56 bytes]","args":[{"element-6066-11e4-a52e-4f735466cecf":"f.7D4F3E7B3A7890F64A3201E4749DC685.d.0B17AA83D07A327F908BD92146148E6E.e.1934","ELEMENT":"f.7D4F3E7B3A7890F64A3201E4749DC685.d.0B17AA83D07A327F908BD92146148E6E.e.1934"}]}
RESULT: {}
RESULT: {"script":"<script> [56 bytes]","args":[{"element-6066-11e4-a52e-4f735466cecf":"f.7D4F3E7B3A7890F64A3201E4749DC685.d.0B17AA83D07A327F908BD92146148E6E.e.1934","ELEMENT":"f.7D4F3E7B3A7890F64A3201E4749DC685.d.0B17AA83D07A327F908BD92146148E6E.e.1934"}]}
COMMAND: POST /session/f7ba017eaa8b816e24f68d76f73d024d/element - {"using":"xpath","value":"//table[contains(@id,\"customHandoversTable-listUl\")]/tbody/tr[1]/td[8]/div/span[2]"}
COMMAND: GET /session/f7ba017eaa8b816e24f68d76f73d024d/screenshot - {}
RESULT: {"using":"xpath","value":"//table[contains(@id,\"customHandoversTable-listUl\")]/tbody/tr[1]/td[8]/div/span[2]"}
COMMAND: POST /session/f7ba017eaa8b816e24f68d76f73d024d/execute/sync - {"script":"<script> [56 bytes]","args":[{"element-6066-11e4-a52e-4f735466cecf":"f.7D4F3E7B3A7890F64A3201E4749DC685.d.0B17AA83D07A327F908BD92146148E6E.e.1937","ELEMENT":"f.7D4F3E7B3A7890F64A3201E4749DC685.d.0B17AA83D07A327F908BD92146148E6E.e.1937"}]}
RESULT: {}
RESULT: {"script":"<script> [56 bytes]","args":[{"element-6066-11e4-a52e-4f735466cecf":"f.7D4F3E7B3A7890F64A3201E4749DC685.d.0B17AA83D07A327F908BD92146148E6E.e.1937","ELEMENT":"f.7D4F3E7B3A7890F64A3201E4749DC685.d.0B17AA83D07A327F908BD92146148E6E.e.1937"}]}
COMMAND: GET /session/f7ba017eaa8b816e24f68d76f73d024d/screenshot - {}
RESULT: {}
RESULT: undefined
COMMAND: POST /session/f7ba017eaa8b816e24f68d76f73d024d/element - {"using":"xpath","value":"//*[@id=\"__filter0-icon\"]"}
RESULT: {"using":"xpath","value":"//*[@id=\"__filter0-icon\"]"}
COMMAND: POST /session/f7ba017eaa8b816e24f68d76f73d024d/element/f.7D4F3E7B3A7890F64A3201E4749DC685.d.0B17AA83D07A327F908BD92146148E6E.e.605/click - {}
RESULT: {}
COMMAND: GET /session/f7ba017eaa8b816e24f68d76f73d024d/screenshot - {}
RESULT: {}
COMMAND: POST /session/f7ba017eaa8b816e24f68d76f73d024d/element - {"using":"css selector","value":"#shell-header-logo"}
RESULT: {"using":"css selector","value":"#shell-header-logo"}
COMMAND: POST /session/f7ba017eaa8b816e24f68d76f73d024d/element/f.7D4F3E7B3A7890F64A3201E4749DC685.d.0B17AA83D07A327F908BD92146148E6E.e.122/click - {}
RESULT: {}
COMMAND: GET /session/f7ba017eaa8b816e24f68d76f73d024d/screenshot - {}
RESULT: {}
COMMAND: POST /session/f7ba017eaa8b816e24f68d76f73d024d/element - {"using":"css selector","value":"#j_username"}
COMMAND: POST /session/f7ba017eaa8b816e24f68d76f73d024d/url - {"url":"https://qa-testing-00-live-etm-ui.cfapps.eu10-004.hana.ondemand.com/"}
RESULT: {"using":"css selector","value":"#j_username"}
COMMAND: POST /session/f7ba017eaa8b816e24f68d76f73d024d/element - {"using":"css selector","value":"#j_username"}
RESULT: {"url":"https://qa-testing-00-live-etm-ui.cfapps.eu10-004.hana.ondemand.com/"}
RESULT: undefined
COMMAND: GET /session/f7ba017eaa8b816e24f68d76f73d024d/screenshot - {}
RESULT: {"using":"css selector","value":"#j_username"}
COMMAND: POST /session/f7ba017eaa8b816e24f68d76f73d024d/element - {"using":"css selector","value":"#shell-header-logo"}
RESULT: {}
RESULT: {"using":"css selector","value":"#shell-header-logo"}
COMMAND: POST /session/f7ba017eaa8b816e24f68d76f73d024d/execute/sync - {"script":"<script> [8489 bytes]","args":[{"element-6066-11e4-a52e-4f735466cecf":"f.7D4F3E7B3A7890F64A3201E4749DC685.d.7836A364C47C430B9A04F56B6B57531A.e.1947","ELEMENT":"f.7D4F3E7B3A7890F64A3201E4749DC685.d.7836A364C47C430B9A04F56B6B57531A.e.1947"}]}
RESULT: {"script":"<script> [8489 bytes]","args":[{"element-6066-11e4-a52e-4f735466cecf":"f.7D4F3E7B3A7890F64A3201E4749DC685.d.7836A364C47C430B9A04F56B6B57531A.e.1947","ELEMENT":"f.7D4F3E7B3A7890F64A3201E4749DC685.d.7836A364C47C430B9A04F56B6B57531A.e.1947"}]}
COMMAND: POST /session/f7ba017eaa8b816e24f68d76f73d024d/element - {"using":"css selector","value":"#shell-header-logo"}
COMMAND: GET /session/f7ba017eaa8b816e24f68d76f73d024d/screenshot - {}
RESULT: {"using":"css selector","value":"#shell-header-logo"}
COMMAND: POST /session/f7ba017eaa8b816e24f68d76f73d024d/execute/sync - {"script":"<script> [8489 bytes]","args":[{"element-6066-11e4-a52e-4f735466cecf":"f.7D4F3E7B3A7890F64A3201E4749DC685.d.7836A364C47C430B9A04F56B6B57531A.e.1947","ELEMENT":"f.7D4F3E7B3A7890F64A3201E4749DC685.d.7836A364C47C430B9A04F56B6B57531A.e.1947"}]}
RESULT: {}
RESULT: {"script":"<script> [8489 bytes]","args":[{"element-6066-11e4-a52e-4f735466cecf":"f.7D4F3E7B3A7890F64A3201E4749DC685.d.7836A364C47C430B9A04F56B6B57531A.e.1947","ELEMENT":"f.7D4F3E7B3A7890F64A3201E4749DC685.d.7836A364C47C430B9A04F56B6B57531A.e.1947"}]}
COMMAND: POST /session/f7ba017eaa8b816e24f68d76f73d024d/execute/sync - {"script":"<script> [5351 bytes]","args":[{"element-6066-11e4-a52e-4f735466cecf":"f.7D4F3E7B3A7890F64A3201E4749DC685.d.7836A364C47C430B9A04F56B6B57531A.e.1947","ELEMENT":"f.7D4F3E7B3A7890F64A3201E4749DC685.d.7836A364C47C430B9A04F56B6B57531A.e.1947"}]}
COMMAND: GET /session/f7ba017eaa8b816e24f68d76f73d024d/screenshot - {}
RESULT: {"script":"<script> [5351 bytes]","args":[{"element-6066-11e4-a52e-4f735466cecf":"f.7D4F3E7B3A7890F64A3201E4749DC685.d.7836A364C47C430B9A04F56B6B57531A.e.1947","ELEMENT":"f.7D4F3E7B3A7890F64A3201E4749DC685.d.7836A364C47C430B9A04F56B6B57531A.e.1947"}]}
COMMAND: POST /session/f7ba017eaa8b816e24f68d76f73d024d/element - {"using":"css selector","value":"#shell-header-logo"}
COMMAND: GET /session/f7ba017eaa8b816e24f68d76f73d024d/screenshot - {}
RESULT: {}
RESULT: {"using":"css selector","value":"#shell-header-logo"}
COMMAND: POST /session/f7ba017eaa8b816e24f68d76f73d024d/element/f.7D4F3E7B3A7890F64A3201E4749DC685.d.7836A364C47C430B9A04F56B6B57531A.e.1947/click - {}
RESULT: {}
RESULT: {}
COMMAND: GET /session/f7ba017eaa8b816e24f68d76f73d024d/screenshot - {}
RESULT: {}
COMMAND: POST /session/f7ba017eaa8b816e24f68d76f73d024d/execute/async - {"script":"<script> [189 bytes]","args":[]}
RESULT: {"script":"<script> [189 bytes]","args":[]}
COMMAND: POST /session/f7ba017eaa8b816e24f68d76f73d024d/execute/async - {"script":"<script> [123 bytes]","args":[]}
RESULT: {"script":"<script> [123 bytes]","args":[]}
COMMAND: POST /session/f7ba017eaa8b816e24f68d76f73d024d/timeouts - {"script":"<number>"}
RESULT: {"script":"<number>"}
COMMAND: GET /session/f7ba017eaa8b816e24f68d76f73d024d/timeouts - {}
RESULT: {}
RESULT: undefined
COMMAND: POST /session/f7ba017eaa8b816e24f68d76f73d024d/execute/async - {"script":"<script> [2676 bytes]","args":[]}
RESULT: {"script":"<script> [2676 bytes]","args":[]}
COMMAND: POST /session/f7ba017eaa8b816e24f68d76f73d024d/execute/async - {"script":"<script> [2342 bytes]","args":[{"protocol":"http","hostname":"0.0.0.0","path":"/","capabilities":{"browserName":"chrome","goog:chromeOptions":{"binary":"C:\\Program Files\\Google\\Chrome\\Application\\chrome.exe","args":["--start-maximized"]}},"logLevel":"warn","connectionRetryTimeout":120000,"connectionRetryCount":3,"logLevels":{},"enableDirectConnect":true,"strictSSL":true,"_":"65 more keys: [\"cacheDir\",\"port\",\"requestedCapabilities\",\"automationProtocol\",\"baseUrl\",\"waitforInterval\",\"waitforTimeout\",\"onReload\",\"beforeCommand\",\"afterCommand\",\"rootDir\",\"specs\",\"suites\",\"exclude\",\"groupLogsByTestSpec\",\"excludeDriverLogs\",\"bail\",\"framework\",\"reporters\",\"services\",\"maxInstances\",\"maxInstancesPerCapability\",\"injectGlobals\",\"filesToWatch\",\"execArgv\",\"runnerEnv\",\"runner\",\"shard\",\"specFileRetries\",\"specFileRetriesDelay\",\"specFileRetriesDeferred\",\"reporterSyncInterval\",\"reporterSyncTimeout\",\"cucumberFeaturesWithLineNumbers\",\"autoCompileOpts\",\"mochaOpts\",\"jasmineOpts\",\"cucumberOpts\",\"onPrepare\",\"onWorkerStart\",\"onWorkerEnd\",\"before\",\"beforeSession\",\"beforeSuite\",\"beforeHook\",\"beforeTest\",\"afterTest\",\"afterHook\",\"afterSuite\",\"afterSession\",\"after\",\"onComplete\",\"beforeAssertion\",\"afterAssertion\",\"beforeFeature\",\"beforeScenario\",\"beforeStep\",\"afterStep\",\"afterScenario\",\"afterFeature\",\"_\",\"suite\",\"$0\",\"ignoredWorkerServices\",\"wdi5\"]"}]}
RESULT: {"script":"<script> [2342 bytes]","args":[{"protocol":"http","hostname":"0.0.0.0","path":"/","capabilities":{"browserName":"chrome","goog:chromeOptions":{"binary":"C:\\Program Files\\Google\\Chrome\\Application\\chrome.exe","args":["--start-maximized"]}},"logLevel":"warn","connectionRetryTimeout":120000,"connectionRetryCount":3,"logLevels":{},"enableDirectConnect":true,"strictSSL":true,"_":"65 more keys: [\"cacheDir\",\"port\",\"requestedCapabilities\",\"automationProtocol\",\"baseUrl\",\"waitforInterval\",\"waitforTimeout\",\"onReload\",\"beforeCommand\",\"afterCommand\",\"rootDir\",\"specs\",\"suites\",\"exclude\",\"groupLogsByTestSpec\",\"excludeDriverLogs\",\"bail\",\"framework\",\"reporters\",\"services\",\"maxInstances\",\"maxInstancesPerCapability\",\"injectGlobals\",\"filesToWatch\",\"execArgv\",\"runnerEnv\",\"runner\",\"shard\",\"specFileRetries\",\"specFileRetriesDelay\",\"specFileRetriesDeferred\",\"reporterSyncInterval\",\"reporterSyncTimeout\",\"cucumberFeaturesWithLineNumbers\",\"autoCompileOpts\",\"mochaOpts\",\"jasmineOpts\",\"cucumberOpts\",\"onPrepare\",\"onWorkerStart\",\"onWorkerEnd\",\"before\",\"beforeSession\",\"beforeSuite\",\"beforeHook\",\"beforeTest\",\"afterTest\",\"afterHook\",\"afterSuite\",\"afterSession\",\"after\",\"onComplete\",\"beforeAssertion\",\"afterAssertion\",\"beforeFeature\",\"beforeScenario\",\"beforeStep\",\"afterStep\",\"afterScenario\",\"afterFeature\",\"_\",\"suite\",\"$0\",\"ignoredWorkerServices\",\"wdi5\"]"}]}
COMMAND: POST /session/f7ba017eaa8b816e24f68d76f73d024d/execute/async - {"script":"<script> [21126 bytes]","args":[35000]}
RESULT: {"script":"<script> [21126 bytes]","args":[35000]}
COMMAND: POST /session/f7ba017eaa8b816e24f68d76f73d024d/window/maximize - {}
RESULT: {}
COMMAND: POST /session/f7ba017eaa8b816e24f68d76f73d024d/execute/async - {"script":"<script> [1562 bytes]","args":[{"selector":{"id":"shell-header","interaction":{"idSuffix":"icon"}},"wdio_ui5_key":"shellheader"}]}
COMMAND: GET /session/f7ba017eaa8b816e24f68d76f73d024d/screenshot - {}
RESULT: {"script":"<script> [1562 bytes]","args":[{"selector":{"id":"shell-header","interaction":{"idSuffix":"icon"}},"wdio_ui5_key":"shellheader"}]}
RESULT: undefined
COMMAND: POST /session/f7ba017eaa8b816e24f68d76f73d024d/refresh - {}
RESULT: {}
RESULT: {}
COMMAND: GET /session/f7ba017eaa8b816e24f68d76f73d024d/screenshot - {}
RESULT: {}
COMMAND: POST /session/f7ba017eaa8b816e24f68d76f73d024d/refresh - {}
RESULT: {}
COMMAND: GET /session/f7ba017eaa8b816e24f68d76f73d024d/screenshot - {}
RESULT: {}
COMMAND: POST /session/f7ba017eaa8b816e24f68d76f73d024d/window/fullscreen - {}
RESULT: {}
COMMAND: POST /session/f7ba017eaa8b816e24f68d76f73d024d/execute/async - {"script":"<script> [189 bytes]","args":[]}
RESULT: {"script":"<script> [189 bytes]","args":[]}
COMMAND: POST /session/f7ba017eaa8b816e24f68d76f73d024d/execute/async - {"script":"<script> [123 bytes]","args":[]}
RESULT: {"script":"<script> [123 bytes]","args":[]}
COMMAND: POST /session/f7ba017eaa8b816e24f68d76f73d024d/timeouts - {"script":"<number>"}
RESULT: {"script":"<number>"}
COMMAND: GET /session/f7ba017eaa8b816e24f68d76f73d024d/timeouts - {}
RESULT: {}
RESULT: undefined
COMMAND: POST /session/f7ba017eaa8b816e24f68d76f73d024d/execute/async - {"script":"<script> [2676 bytes]","args":[]}
RESULT: {"script":"<script> [2676 bytes]","args":[]}
COMMAND: POST /session/f7ba017eaa8b816e24f68d76f73d024d/execute/async - {"script":"<script> [2342 bytes]","args":[{"protocol":"http","hostname":"0.0.0.0","path":"/","capabilities":{"browserName":"chrome","goog:chromeOptions":{"binary":"C:\\Program Files\\Google\\Chrome\\Application\\chrome.exe","args":["--start-maximized"]}},"logLevel":"warn","connectionRetryTimeout":120000,"connectionRetryCount":3,"logLevels":{},"enableDirectConnect":true,"strictSSL":true,"_":"65 more keys: [\"cacheDir\",\"port\",\"requestedCapabilities\",\"automationProtocol\",\"baseUrl\",\"waitforInterval\",\"waitforTimeout\",\"onReload\",\"beforeCommand\",\"afterCommand\",\"rootDir\",\"specs\",\"suites\",\"exclude\",\"groupLogsByTestSpec\",\"excludeDriverLogs\",\"bail\",\"framework\",\"reporters\",\"services\",\"maxInstances\",\"maxInstancesPerCapability\",\"injectGlobals\",\"filesToWatch\",\"execArgv\",\"runnerEnv\",\"runner\",\"shard\",\"specFileRetries\",\"specFileRetriesDelay\",\"specFileRetriesDeferred\",\"reporterSyncInterval\",\"reporterSyncTimeout\",\"cucumberFeaturesWithLineNumbers\",\"autoCompileOpts\",\"mochaOpts\",\"jasmineOpts\",\"cucumberOpts\",\"onPrepare\",\"onWorkerStart\",\"onWorkerEnd\",\"before\",\"beforeSession\",\"beforeSuite\",\"beforeHook\",\"beforeTest\",\"afterTest\",\"afterHook\",\"afterSuite\",\"afterSession\",\"after\",\"onComplete\",\"beforeAssertion\",\"afterAssertion\",\"beforeFeature\",\"beforeScenario\",\"beforeStep\",\"afterStep\",\"afterScenario\",\"afterFeature\",\"_\",\"suite\",\"$0\",\"ignoredWorkerServices\",\"wdi5\"]"}]}
RESULT: {"script":"<script> [2342 bytes]","args":[{"protocol":"http","hostname":"0.0.0.0","path":"/","capabilities":{"browserName":"chrome","goog:chromeOptions":{"binary":"C:\\Program Files\\Google\\Chrome\\Application\\chrome.exe","args":["--start-maximized"]}},"logLevel":"warn","connectionRetryTimeout":120000,"connectionRetryCount":3,"logLevels":{},"enableDirectConnect":true,"strictSSL":true,"_":"65 more keys: [\"cacheDir\",\"port\",\"requestedCapabilities\",\"automationProtocol\",\"baseUrl\",\"waitforInterval\",\"waitforTimeout\",\"onReload\",\"beforeCommand\",\"afterCommand\",\"rootDir\",\"specs\",\"suites\",\"exclude\",\"groupLogsByTestSpec\",\"excludeDriverLogs\",\"bail\",\"framework\",\"reporters\",\"services\",\"maxInstances\",\"maxInstancesPerCapability\",\"injectGlobals\",\"filesToWatch\",\"execArgv\",\"runnerEnv\",\"runner\",\"shard\",\"specFileRetries\",\"specFileRetriesDelay\",\"specFileRetriesDeferred\",\"reporterSyncInterval\",\"reporterSyncTimeout\",\"cucumberFeaturesWithLineNumbers\",\"autoCompileOpts\",\"mochaOpts\",\"jasmineOpts\",\"cucumberOpts\",\"onPrepare\",\"onWorkerStart\",\"onWorkerEnd\",\"before\",\"beforeSession\",\"beforeSuite\",\"beforeHook\",\"beforeTest\",\"afterTest\",\"afterHook\",\"afterSuite\",\"afterSession\",\"after\",\"onComplete\",\"beforeAssertion\",\"afterAssertion\",\"beforeFeature\",\"beforeScenario\",\"beforeStep\",\"afterStep\",\"afterScenario\",\"afterFeature\",\"_\",\"suite\",\"$0\",\"ignoredWorkerServices\",\"wdi5\"]"}]}
COMMAND: POST /session/f7ba017eaa8b816e24f68d76f73d024d/execute/async - {"script":"<script> [21126 bytes]","args":[35000]}
RESULT: {"script":"<script> [21126 bytes]","args":[35000]}
]]></system-out>
    </testcase>
  </testsuite>
  <testsuite timestamp="2025-06-12T17:23:23" time="1064.674" tests="12" failures="6" errors="6" skipped="0">
    <properties>
      <property name="specId" value="0" />
      <property name="suiteName" value="Billing Transfer - Master data &amp; Intercompany US127250" />
      <property name="capabilities" value="chrome.137_0_7151_69.windows" />
      <property name="file" value="file:///D:/a/1/s/test/specs/BTS/billing-transfer-intercompany.spec.js" />
    </properties>
    <testcase classname="chrome.137_0_7151_69.windows.Billing_Transfer_-_Master_data_&amp;_Intercompany_US127250" name="Should create a new yard" time="122.206">
      <system-out><![CDATA[
COMMAND: POST /session/f7ba017eaa8b816e24f68d76f73d024d/window/fullscreen - {}
RESULT: {}
COMMAND: POST /session/f7ba017eaa8b816e24f68d76f73d024d/execute/async - {"script":"<script> [1562 bytes]","args":[{"selector":{"controlType":"sap.m.GenericTile","properties":{"header":"Manage Yards"}},"wdio_ui5_key":"sapm.GenericTile{\"header\":\"Manage Yards\"}"}]}
RESULT: {"script":"<script> [1562 bytes]","args":[{"selector":{"controlType":"sap.m.GenericTile","properties":{"header":"Manage Yards"}},"wdio_ui5_key":"sapm.GenericTile{\"header\":\"Manage Yards\"}"}]}
RESULT: undefined
COMMAND: POST /session/f7ba017eaa8b816e24f68d76f73d024d/element - {"using":"xpath","value":"//*[@id=\"__tile42\"]"}
RESULT: {"using":"xpath","value":"//*[@id=\"__tile42\"]"}
COMMAND: POST /session/f7ba017eaa8b816e24f68d76f73d024d/element/f.7D4F3E7B3A7890F64A3201E4749DC685.d.81E4ADB2B4F94C5B448EE6ACAB82085A.e.2114/click - {}
RESULT: {}
COMMAND: GET /session/f7ba017eaa8b816e24f68d76f73d024d/screenshot - {}
RESULT: {}
COMMAND: POST /session/f7ba017eaa8b816e24f68d76f73d024d/elements - {"using":"xpath","value":"//span[text()='Error']"}
RESULT: {"using":"xpath","value":"//span[text()='Error']"}
COMMAND: POST /session/f7ba017eaa8b816e24f68d76f73d024d/element - {"using":"xpath","value":"//button[@data-kt=\"addNewYardOverflowToolbarButton\"]"}
RESULT: {"using":"xpath","value":"//button[@data-kt=\"addNewYardOverflowToolbarButton\"]"}
COMMAND: POST /session/f7ba017eaa8b816e24f68d76f73d024d/elements - {"using":"xpath","value":"//button[@data-kt=\"addNewYardOverflowToolbarButton\"]"}
RESULT: {"using":"xpath","value":"//button[@data-kt=\"addNewYardOverflowToolbarButton\"]"}
COMMAND: POST /session/f7ba017eaa8b816e24f68d76f73d024d/elements - {"using":"xpath","value":"//button[@data-kt=\"addNewYardOverflowToolbarButton\"]"}
RESULT: {"using":"xpath","value":"//button[@data-kt=\"addNewYardOverflowToolbarButton\"]"}
COMMAND: POST /session/f7ba017eaa8b816e24f68d76f73d024d/elements - {"using":"xpath","value":"//button[@data-kt=\"addNewYardOverflowToolbarButton\"]"}
RESULT: {"using":"xpath","value":"//button[@data-kt=\"addNewYardOverflowToolbarButton\"]"}
COMMAND: POST /session/f7ba017eaa8b816e24f68d76f73d024d/element - {"using":"xpath","value":"//button[@data-kt=\"addNewYardOverflowToolbarButton\"]"}
RESULT: {"using":"xpath","value":"//button[@data-kt=\"addNewYardOverflowToolbarButton\"]"}
COMMAND: POST /session/f7ba017eaa8b816e24f68d76f73d024d/execute/sync - {"script":"<script> [8489 bytes]","args":[{"element-6066-11e4-a52e-4f735466cecf":"f.7D4F3E7B3A7890F64A3201E4749DC685.d.81E4ADB2B4F94C5B448EE6ACAB82085A.e.2251","ELEMENT":"f.7D4F3E7B3A7890F64A3201E4749DC685.d.81E4ADB2B4F94C5B448EE6ACAB82085A.e.2251"}]}
RESULT: {"script":"<script> [8489 bytes]","args":[{"element-6066-11e4-a52e-4f735466cecf":"f.7D4F3E7B3A7890F64A3201E4749DC685.d.81E4ADB2B4F94C5B448EE6ACAB82085A.e.2251","ELEMENT":"f.7D4F3E7B3A7890F64A3201E4749DC685.d.81E4ADB2B4F94C5B448EE6ACAB82085A.e.2251"}]}
COMMAND: GET /session/f7ba017eaa8b816e24f68d76f73d024d/element/f.7D4F3E7B3A7890F64A3201E4749DC685.d.81E4ADB2B4F94C5B448EE6ACAB82085A.e.2251/enabled - {}
COMMAND: GET /session/f7ba017eaa8b816e24f68d76f73d024d/screenshot - {}
RESULT: {}
RESULT: {}
COMMAND: POST /session/f7ba017eaa8b816e24f68d76f73d024d/execute/sync - {"script":"<script> [8489 bytes]","args":[{"element-6066-11e4-a52e-4f735466cecf":"f.7D4F3E7B3A7890F64A3201E4749DC685.d.81E4ADB2B4F94C5B448EE6ACAB82085A.e.2251","ELEMENT":"f.7D4F3E7B3A7890F64A3201E4749DC685.d.81E4ADB2B4F94C5B448EE6ACAB82085A.e.2251"}]}
COMMAND: GET /session/f7ba017eaa8b816e24f68d76f73d024d/screenshot - {}
RESULT: {"script":"<script> [8489 bytes]","args":[{"element-6066-11e4-a52e-4f735466cecf":"f.7D4F3E7B3A7890F64A3201E4749DC685.d.81E4ADB2B4F94C5B448EE6ACAB82085A.e.2251","ELEMENT":"f.7D4F3E7B3A7890F64A3201E4749DC685.d.81E4ADB2B4F94C5B448EE6ACAB82085A.e.2251"}]}
COMMAND: POST /session/f7ba017eaa8b816e24f68d76f73d024d/execute/sync - {"script":"<script> [5351 bytes]","args":[{"element-6066-11e4-a52e-4f735466cecf":"f.7D4F3E7B3A7890F64A3201E4749DC685.d.81E4ADB2B4F94C5B448EE6ACAB82085A.e.2251","ELEMENT":"f.7D4F3E7B3A7890F64A3201E4749DC685.d.81E4ADB2B4F94C5B448EE6ACAB82085A.e.2251"}]}
COMMAND: GET /session/f7ba017eaa8b816e24f68d76f73d024d/screenshot - {}
RESULT: {}
RESULT: {"script":"<script> [5351 bytes]","args":[{"element-6066-11e4-a52e-4f735466cecf":"f.7D4F3E7B3A7890F64A3201E4749DC685.d.81E4ADB2B4F94C5B448EE6ACAB82085A.e.2251","ELEMENT":"f.7D4F3E7B3A7890F64A3201E4749DC685.d.81E4ADB2B4F94C5B448EE6ACAB82085A.e.2251"}]}
COMMAND: POST /session/f7ba017eaa8b816e24f68d76f73d024d/element/f.7D4F3E7B3A7890F64A3201E4749DC685.d.81E4ADB2B4F94C5B448EE6ACAB82085A.e.2251/click - {}
COMMAND: GET /session/f7ba017eaa8b816e24f68d76f73d024d/screenshot - {}
RESULT: {}
RESULT: {}
COMMAND: GET /session/f7ba017eaa8b816e24f68d76f73d024d/screenshot - {}
RESULT: {}
RESULT: {}
COMMAND: POST /session/f7ba017eaa8b816e24f68d76f73d024d/element - {"using":"xpath","value":"//input[@id=\"application-manageyards-display-component---NewYard--yardId-inner\"]"}
RESULT: {"using":"xpath","value":"//input[@id=\"application-manageyards-display-component---NewYard--yardId-inner\"]"}
COMMAND: POST /session/f7ba017eaa8b816e24f68d76f73d024d/element - {"using":"xpath","value":"//input[@id=\"application-manageyards-display-component---NewYard--yardId-inner\"]"}
RESULT: {"using":"xpath","value":"//input[@id=\"application-manageyards-display-component---NewYard--yardId-inner\"]"}
COMMAND: POST /session/f7ba017eaa8b816e24f68d76f73d024d/execute/async - {"script":"<script> [1562 bytes]","args":[{"selector":{"id":"application-manageyards-display-component---NewYard--addressDetailDetailsName1","interaction":{"idSuffix":"inner"}},"wdio_ui5_key":"applicationmanageyards-display-component---NewYard--addressDetailDetailsName1"}]}
RESULT: {"script":"<script> [1562 bytes]","args":[{"selector":{"id":"application-manageyards-display-component---NewYard--addressDetailDetailsName1","interaction":{"idSuffix":"inner"}},"wdio_ui5_key":"applicationmanageyards-display-component---NewYard--addressDetailDetailsName1"}]}
RESULT: undefined
COMMAND: POST /session/f7ba017eaa8b816e24f68d76f73d024d/execute/async - {"script":"<script> [776 bytes]","args":[{"enterText":"Intercompany Yard wdIO","selector":{"id":"application-manageyards-display-component---NewYard--addressDetailDetailsName1","interaction":{"idSuffix":"inner"}},"clearTextFirst":true,"interactionType":"ENTER_TEXT"}]}
RESULT: {"script":"<script> [776 bytes]","args":[{"enterText":"Intercompany Yard wdIO","selector":{"id":"application-manageyards-display-component---NewYard--addressDetailDetailsName1","interaction":{"idSuffix":"inner"}},"clearTextFirst":true,"interactionType":"ENTER_TEXT"}]}
COMMAND: POST /session/f7ba017eaa8b816e24f68d76f73d024d/execute/async - {"script":"<script> [1562 bytes]","args":[{"selector":{"id":"application-manageyards-display-component---NewYard--addressDetailDetailsLanguage-arrow"},"wdio_ui5_key":"applicationmanageyards-display-component---NewYard--addressDetailDetailsLanguage-arrow"}]}
RESULT: {"script":"<script> [1562 bytes]","args":[{"selector":{"id":"application-manageyards-display-component---NewYard--addressDetailDetailsLanguage-arrow"},"wdio_ui5_key":"applicationmanageyards-display-component---NewYard--addressDetailDetailsLanguage-arrow"}]}
RESULT: undefined
COMMAND: POST /session/f7ba017eaa8b816e24f68d76f73d024d/element - {"using":"xpath","value":"//*[@id=\"application-manageyards-display-component---NewYard--addressDetailDetailsLanguage-arrow\"]"}
RESULT: {"using":"xpath","value":"//*[@id=\"application-manageyards-display-component---NewYard--addressDetailDetailsLanguage-arrow\"]"}
COMMAND: POST /session/f7ba017eaa8b816e24f68d76f73d024d/element/f.7D4F3E7B3A7890F64A3201E4749DC685.d.81E4ADB2B4F94C5B448EE6ACAB82085A.e.2669/click - {}
RESULT: {}
COMMAND: POST /session/f7ba017eaa8b816e24f68d76f73d024d/element - {"using":"xpath","value":"//span[contains(text(), \"English\")]"}
COMMAND: GET /session/f7ba017eaa8b816e24f68d76f73d024d/screenshot - {}
RESULT: {"using":"xpath","value":"//span[contains(text(), \"English\")]"}
COMMAND: POST /session/f7ba017eaa8b816e24f68d76f73d024d/element/f.7D4F3E7B3A7890F64A3201E4749DC685.d.81E4ADB2B4F94C5B448EE6ACAB82085A.e.2670/click - {}
RESULT: {}
RESULT: {}
COMMAND: POST /session/f7ba017eaa8b816e24f68d76f73d024d/execute/async - {"script":"<script> [1562 bytes]","args":[{"selector":{"id":"application-manageyards-display-component---NewYard--addressDetailDetailsCity1","interaction":{"idSuffix":"inner"}},"wdio_ui5_key":"applicationmanageyards-display-component---NewYard--addressDetailDetailsCity1"}]}
COMMAND: GET /session/f7ba017eaa8b816e24f68d76f73d024d/screenshot - {}
RESULT: {"script":"<script> [1562 bytes]","args":[{"selector":{"id":"application-manageyards-display-component---NewYard--addressDetailDetailsCity1","interaction":{"idSuffix":"inner"}},"wdio_ui5_key":"applicationmanageyards-display-component---NewYard--addressDetailDetailsCity1"}]}
RESULT: undefined
COMMAND: POST /session/f7ba017eaa8b816e24f68d76f73d024d/execute/async - {"script":"<script> [776 bytes]","args":[{"enterText":"Rosario","selector":{"id":"application-manageyards-display-component---NewYard--addressDetailDetailsCity1","interaction":{"idSuffix":"inner"}},"clearTextFirst":true,"interactionType":"ENTER_TEXT"}]}
RESULT: {}
RESULT: {"script":"<script> [776 bytes]","args":[{"enterText":"Rosario","selector":{"id":"application-manageyards-display-component---NewYard--addressDetailDetailsCity1","interaction":{"idSuffix":"inner"}},"clearTextFirst":true,"interactionType":"ENTER_TEXT"}]}
COMMAND: POST /session/f7ba017eaa8b816e24f68d76f73d024d/execute/async - {"script":"<script> [1562 bytes]","args":[{"selector":{"id":"application-manageyards-display-component---NewYard--addressDetailDetailsCountry-arrow"},"wdio_ui5_key":"applicationmanageyards-display-component---NewYard--addressDetailDetailsCountry-arrow"}]}
RESULT: {"script":"<script> [1562 bytes]","args":[{"selector":{"id":"application-manageyards-display-component---NewYard--addressDetailDetailsCountry-arrow"},"wdio_ui5_key":"applicationmanageyards-display-component---NewYard--addressDetailDetailsCountry-arrow"}]}
RESULT: undefined
COMMAND: POST /session/f7ba017eaa8b816e24f68d76f73d024d/element - {"using":"xpath","value":"//*[@id=\"application-manageyards-display-component---NewYard--addressDetailDetailsCountry-arrow\"]"}
RESULT: {"using":"xpath","value":"//*[@id=\"application-manageyards-display-component---NewYard--addressDetailDetailsCountry-arrow\"]"}
COMMAND: POST /session/f7ba017eaa8b816e24f68d76f73d024d/element/f.7D4F3E7B3A7890F64A3201E4749DC685.d.81E4ADB2B4F94C5B448EE6ACAB82085A.e.2672/click - {}
RESULT: {}
COMMAND: POST /session/f7ba017eaa8b816e24f68d76f73d024d/element - {"using":"xpath","value":"//span[contains(text(), \"Argentina\")]"}
COMMAND: GET /session/f7ba017eaa8b816e24f68d76f73d024d/screenshot - {}
RESULT: {"using":"xpath","value":"//span[contains(text(), \"Argentina\")]"}
COMMAND: POST /session/f7ba017eaa8b816e24f68d76f73d024d/element/f.7D4F3E7B3A7890F64A3201E4749DC685.d.81E4ADB2B4F94C5B448EE6ACAB82085A.e.2673/click - {}
RESULT: {}
RESULT: {}
COMMAND: POST /session/f7ba017eaa8b816e24f68d76f73d024d/execute/async - {"script":"<script> [1562 bytes]","args":[{"selector":{"id":"application-manageyards-display-component---NewYard--addressEditDetailsCostObjectCstType-arrow"},"wdio_ui5_key":"applicationmanageyards-display-component---NewYard--addressEditDetailsCostObjectCstType-arrow"}]}
COMMAND: GET /session/f7ba017eaa8b816e24f68d76f73d024d/screenshot - {}
RESULT: {"script":"<script> [1562 bytes]","args":[{"selector":{"id":"application-manageyards-display-component---NewYard--addressEditDetailsCostObjectCstType-arrow"},"wdio_ui5_key":"applicationmanageyards-display-component---NewYard--addressEditDetailsCostObjectCstType-arrow"}]}
RESULT: undefined
COMMAND: POST /session/f7ba017eaa8b816e24f68d76f73d024d/element - {"using":"xpath","value":"//*[@id=\"application-manageyards-display-component---NewYard--addressEditDetailsCostObjectCstType-arrow\"]"}
RESULT: {}
RESULT: {"using":"xpath","value":"//*[@id=\"application-manageyards-display-component---NewYard--addressEditDetailsCostObjectCstType-arrow\"]"}
COMMAND: POST /session/f7ba017eaa8b816e24f68d76f73d024d/element/f.7D4F3E7B3A7890F64A3201E4749DC685.d.81E4ADB2B4F94C5B448EE6ACAB82085A.e.2675/click - {}
RESULT: {}
COMMAND: POST /session/f7ba017eaa8b816e24f68d76f73d024d/element - {"using":"xpath","value":"//span[contains(text(), \"Cost Center\")]"}
COMMAND: GET /session/f7ba017eaa8b816e24f68d76f73d024d/screenshot - {}
RESULT: {"using":"xpath","value":"//span[contains(text(), \"Cost Center\")]"}
COMMAND: POST /session/f7ba017eaa8b816e24f68d76f73d024d/element/f.7D4F3E7B3A7890F64A3201E4749DC685.d.81E4ADB2B4F94C5B448EE6ACAB82085A.e.2676/click - {}
RESULT: {}
RESULT: {}
COMMAND: GET /session/f7ba017eaa8b816e24f68d76f73d024d/screenshot - {}
RESULT: {}
COMMAND: POST /session/f7ba017eaa8b816e24f68d76f73d024d/element - {"using":"xpath","value":"//span[@id=\"application-manageyards-display-component---NewYard--addressNewCostObjectCstID-vhi\"]"}
RESULT: {"using":"xpath","value":"//span[@id=\"application-manageyards-display-component---NewYard--addressNewCostObjectCstID-vhi\"]"}
COMMAND: POST /session/f7ba017eaa8b816e24f68d76f73d024d/execute/sync - {"script":"<script> [8489 bytes]","args":[{"element-6066-11e4-a52e-4f735466cecf":"f.7D4F3E7B3A7890F64A3201E4749DC685.d.81E4ADB2B4F94C5B448EE6ACAB82085A.e.2680","ELEMENT":"f.7D4F3E7B3A7890F64A3201E4749DC685.d.81E4ADB2B4F94C5B448EE6ACAB82085A.e.2680"}]}
RESULT: {"script":"<script> [8489 bytes]","args":[{"element-6066-11e4-a52e-4f735466cecf":"f.7D4F3E7B3A7890F64A3201E4749DC685.d.81E4ADB2B4F94C5B448EE6ACAB82085A.e.2680","ELEMENT":"f.7D4F3E7B3A7890F64A3201E4749DC685.d.81E4ADB2B4F94C5B448EE6ACAB82085A.e.2680"}]}
COMMAND: POST /session/f7ba017eaa8b816e24f68d76f73d024d/execute/async - {"script":"<script> [1562 bytes]","args":[{"selector":{"id":"application-manageyards-display-component---NewYard--addressNewCostObjectCstID-vhi"},"wdio_ui5_key":"applicationmanageyards-display-component---NewYard--addressNewCostObjectCstID-vhi"}]}
COMMAND: GET /session/f7ba017eaa8b816e24f68d76f73d024d/screenshot - {}
RESULT: {"script":"<script> [1562 bytes]","args":[{"selector":{"id":"application-manageyards-display-component---NewYard--addressNewCostObjectCstID-vhi"},"wdio_ui5_key":"applicationmanageyards-display-component---NewYard--addressNewCostObjectCstID-vhi"}]}
RESULT: undefined
COMMAND: POST /session/f7ba017eaa8b816e24f68d76f73d024d/element - {"using":"xpath","value":"//*[@id=\"application-manageyards-display-component---NewYard--addressNewCostObjectCstID-vhi\"]"}
RESULT: {}
RESULT: {"using":"xpath","value":"//*[@id=\"application-manageyards-display-component---NewYard--addressNewCostObjectCstID-vhi\"]"}
COMMAND: POST /session/f7ba017eaa8b816e24f68d76f73d024d/element/f.7D4F3E7B3A7890F64A3201E4749DC685.d.81E4ADB2B4F94C5B448EE6ACAB82085A.e.2680/click - {}
RESULT: {}
COMMAND: GET /session/f7ba017eaa8b816e24f68d76f73d024d/screenshot - {}
RESULT: {}
COMMAND: POST /session/f7ba017eaa8b816e24f68d76f73d024d/execute/async - {"script":"<script> [1562 bytes]","args":[{"selector":{"controlType":"sap.m.SearchField","properties":{"placeholder":"Search"},"searchOpenDialogs":true,"interaction":{"idSuffix":"I"}},"wdio_ui5_key":"sapm.SearchField{\"placeholder\":\"Search\"}"}]}
RESULT: {"script":"<script> [1562 bytes]","args":[{"selector":{"controlType":"sap.m.SearchField","properties":{"placeholder":"Search"},"searchOpenDialogs":true,"interaction":{"idSuffix":"I"}},"wdio_ui5_key":"sapm.SearchField{\"placeholder\":\"Search\"}"}]}
RESULT: undefined
COMMAND: POST /session/f7ba017eaa8b816e24f68d76f73d024d/execute/async - {"script":"<script> [776 bytes]","args":[{"enterText":"bauh_b","selector":{"controlType":"sap.m.SearchField","properties":{"placeholder":"Search"},"searchOpenDialogs":true,"interaction":{"idSuffix":"I"}},"clearTextFirst":true,"interactionType":"ENTER_TEXT"}]}
RESULT: {"script":"<script> [776 bytes]","args":[{"enterText":"bauh_b","selector":{"controlType":"sap.m.SearchField","properties":{"placeholder":"Search"},"searchOpenDialogs":true,"interaction":{"idSuffix":"I"}},"clearTextFirst":true,"interactionType":"ENTER_TEXT"}]}
COMMAND: POST /session/f7ba017eaa8b816e24f68d76f73d024d/actions - {"actions":[{"id":"action1","type":"key","parameters":{},"actions":[{"type":"keyDown","value":"î€‡"},{"type":"pause","duration":10},{"type":"keyUp","value":"î€‡"}]}]}
RESULT: {"actions":[{"id":"action1","type":"key","parameters":{},"actions":[{"type":"keyDown","value":"î€‡"},{"type":"pause","duration":10},{"type":"keyUp","value":"î€‡"}]}]}
COMMAND: GET /session/f7ba017eaa8b816e24f68d76f73d024d/screenshot - {}
RESULT: {}
COMMAND: POST /session/f7ba017eaa8b816e24f68d76f73d024d/element - {"using":"xpath","value":"//span[contains(text(), \"Demo Yard\")]"}
RESULT: {"using":"xpath","value":"//span[contains(text(), \"Demo Yard\")]"}
COMMAND: POST /session/f7ba017eaa8b816e24f68d76f73d024d/element/f.7D4F3E7B3A7890F64A3201E4749DC685.d.81E4ADB2B4F94C5B448EE6ACAB82085A.e.2722/click - {}
RESULT: {}
COMMAND: GET /session/f7ba017eaa8b816e24f68d76f73d024d/screenshot - {}
RESULT: {}
COMMAND: POST /session/f7ba017eaa8b816e24f68d76f73d024d/element - {"using":"xpath","value":"//bdi[contains(text(), \"OK\")]"}
RESULT: {"using":"xpath","value":"//bdi[contains(text(), \"OK\")]"}
COMMAND: POST /session/f7ba017eaa8b816e24f68d76f73d024d/element/f.7D4F3E7B3A7890F64A3201E4749DC685.d.81E4ADB2B4F94C5B448EE6ACAB82085A.e.2723/click - {}
RESULT: {}
COMMAND: GET /session/f7ba017eaa8b816e24f68d76f73d024d/screenshot - {}
RESULT: {}
COMMAND: POST /session/f7ba017eaa8b816e24f68d76f73d024d/execute/async - {"script":"<script> [1562 bytes]","args":[{"selector":{"id":"application-manageyards-display-component---NewYard--addressEditDetailsCurrency-arrow"},"wdio_ui5_key":"applicationmanageyards-display-component---NewYard--addressEditDetailsCurrency-arrow"}]}
RESULT: {"script":"<script> [1562 bytes]","args":[{"selector":{"id":"application-manageyards-display-component---NewYard--addressEditDetailsCurrency-arrow"},"wdio_ui5_key":"applicationmanageyards-display-component---NewYard--addressEditDetailsCurrency-arrow"}]}
RESULT: undefined
COMMAND: POST /session/f7ba017eaa8b816e24f68d76f73d024d/element - {"using":"xpath","value":"//*[@id=\"application-manageyards-display-component---NewYard--addressEditDetailsCurrency-arrow\"]"}
RESULT: {"using":"xpath","value":"//*[@id=\"application-manageyards-display-component---NewYard--addressEditDetailsCurrency-arrow\"]"}
COMMAND: POST /session/f7ba017eaa8b816e24f68d76f73d024d/element/f.7D4F3E7B3A7890F64A3201E4749DC685.d.81E4ADB2B4F94C5B448EE6ACAB82085A.e.2726/click - {}
RESULT: {}
COMMAND: POST /session/f7ba017eaa8b816e24f68d76f73d024d/element - {"using":"xpath","value":"//span[contains(text(), \"Euro\")]"}
COMMAND: GET /session/f7ba017eaa8b816e24f68d76f73d024d/screenshot - {}
RESULT: {"using":"xpath","value":"//span[contains(text(), \"Euro\")]"}
COMMAND: POST /session/f7ba017eaa8b816e24f68d76f73d024d/element/f.7D4F3E7B3A7890F64A3201E4749DC685.d.81E4ADB2B4F94C5B448EE6ACAB82085A.e.2727/click - {}
RESULT: {}
RESULT: {}
COMMAND: POST /session/f7ba017eaa8b816e24f68d76f73d024d/execute/async - {"script":"<script> [1562 bytes]","args":[{"selector":{"controlType":"sap.m.Input","viewName":"etm.portal.ui.manageyards.view.New","viewId":"application-manageyards-display-component---NewYard","bindingPath":{"path":"","propertyPath":"/CONTROLLING_AREA","modelName":"NewYardModel"},"interaction":{"idSuffix":"inner"}},"wdio_ui5_key":"etmportal.ui.manageyards.view.Newsap.m.Input{\"path\":\"\",\"propertyPath\":\"/CONTROLLING_AREA\",\"modelName\":\"NewYardModel\"}"}]}
COMMAND: GET /session/f7ba017eaa8b816e24f68d76f73d024d/screenshot - {}
RESULT: {"script":"<script> [1562 bytes]","args":[{"selector":{"controlType":"sap.m.Input","viewName":"etm.portal.ui.manageyards.view.New","viewId":"application-manageyards-display-component---NewYard","bindingPath":{"path":"","propertyPath":"/CONTROLLING_AREA","modelName":"NewYardModel"},"interaction":{"idSuffix":"inner"}},"wdio_ui5_key":"etmportal.ui.manageyards.view.Newsap.m.Input{\"path\":\"\",\"propertyPath\":\"/CONTROLLING_AREA\",\"modelName\":\"NewYardModel\"}"}]}
RESULT: undefined
COMMAND: POST /session/f7ba017eaa8b816e24f68d76f73d024d/execute/async - {"script":"<script> [776 bytes]","args":[{"enterText":"Z001","selector":{"controlType":"sap.m.Input","viewName":"etm.portal.ui.manageyards.view.New","viewId":"application-manageyards-display-component---NewYard","bindingPath":{"path":"","propertyPath":"/CONTROLLING_AREA","modelName":"NewYardModel"},"interaction":{"idSuffix":"inner"}},"clearTextFirst":true,"interactionType":"ENTER_TEXT"}]}
RESULT: {}
RESULT: {"script":"<script> [776 bytes]","args":[{"enterText":"Z001","selector":{"controlType":"sap.m.Input","viewName":"etm.portal.ui.manageyards.view.New","viewId":"application-manageyards-display-component---NewYard","bindingPath":{"path":"","propertyPath":"/CONTROLLING_AREA","modelName":"NewYardModel"},"interaction":{"idSuffix":"inner"}},"clearTextFirst":true,"interactionType":"ENTER_TEXT"}]}
COMMAND: POST /session/f7ba017eaa8b816e24f68d76f73d024d/execute/async - {"script":"<script> [1562 bytes]","args":[{"selector":{"id":"application-manageyards-display-component---NewYard--companyCodeComboBox","interaction":{"idSuffix":"inner"}},"wdio_ui5_key":"applicationmanageyards-display-component---NewYard--companyCodeComboBox"}]}
RESULT: {"script":"<script> [1562 bytes]","args":[{"selector":{"id":"application-manageyards-display-component---NewYard--companyCodeComboBox","interaction":{"idSuffix":"inner"}},"wdio_ui5_key":"applicationmanageyards-display-component---NewYard--companyCodeComboBox"}]}
RESULT: undefined
COMMAND: POST /session/f7ba017eaa8b816e24f68d76f73d024d/execute/async - {"script":"<script> [776 bytes]","args":[{"enterText":"1000","selector":{"id":"application-manageyards-display-component---NewYard--companyCodeComboBox","interaction":{"idSuffix":"inner"}},"clearTextFirst":true,"interactionType":"ENTER_TEXT"}]}
RESULT: {"script":"<script> [776 bytes]","args":[{"enterText":"1000","selector":{"id":"application-manageyards-display-component---NewYard--companyCodeComboBox","interaction":{"idSuffix":"inner"}},"clearTextFirst":true,"interactionType":"ENTER_TEXT"}]}
COMMAND: POST /session/f7ba017eaa8b816e24f68d76f73d024d/execute/async - {"script":"<script> [1562 bytes]","args":[{"selector":{"controlType":"sap.m.Input","viewName":"etm.portal.ui.manageyards.view.New","viewId":"application-manageyards-display-component---NewYard","bindingPath":{"path":"","propertyPath":"/PLANT","modelName":"NewYardModel"},"interaction":{"idSuffix":"inner"}},"wdio_ui5_key":"etmportal.ui.manageyards.view.Newsap.m.Input{\"path\":\"\",\"propertyPath\":\"/PLANT\",\"modelName\":\"NewYardModel\"}"}]}
RESULT: {"script":"<script> [1562 bytes]","args":[{"selector":{"controlType":"sap.m.Input","viewName":"etm.portal.ui.manageyards.view.New","viewId":"application-manageyards-display-component---NewYard","bindingPath":{"path":"","propertyPath":"/PLANT","modelName":"NewYardModel"},"interaction":{"idSuffix":"inner"}},"wdio_ui5_key":"etmportal.ui.manageyards.view.Newsap.m.Input{\"path\":\"\",\"propertyPath\":\"/PLANT\",\"modelName\":\"NewYardModel\"}"}]}
RESULT: undefined
COMMAND: POST /session/f7ba017eaa8b816e24f68d76f73d024d/execute/async - {"script":"<script> [776 bytes]","args":[{"enterText":"1001","selector":{"controlType":"sap.m.Input","viewName":"etm.portal.ui.manageyards.view.New","viewId":"application-manageyards-display-component---NewYard","bindingPath":{"path":"","propertyPath":"/PLANT","modelName":"NewYardModel"},"interaction":{"idSuffix":"inner"}},"clearTextFirst":true,"interactionType":"ENTER_TEXT"}]}
RESULT: {"script":"<script> [776 bytes]","args":[{"enterText":"1001","selector":{"controlType":"sap.m.Input","viewName":"etm.portal.ui.manageyards.view.New","viewId":"application-manageyards-display-component---NewYard","bindingPath":{"path":"","propertyPath":"/PLANT","modelName":"NewYardModel"},"interaction":{"idSuffix":"inner"}},"clearTextFirst":true,"interactionType":"ENTER_TEXT"}]}
COMMAND: POST /session/f7ba017eaa8b816e24f68d76f73d024d/execute/async - {"script":"<script> [1562 bytes]","args":[{"selector":{"controlType":"sap.m.Input","viewName":"etm.portal.ui.manageyards.view.New","viewId":"application-manageyards-display-component---NewYard","bindingPath":{"path":"","propertyPath":"/SALES_AREA_VKORG","modelName":"NewYardModel"},"interaction":{"idSuffix":"inner"}},"wdio_ui5_key":"etmportal.ui.manageyards.view.Newsap.m.Input{\"path\":\"\",\"propertyPath\":\"/SALES_AREA_VKORG\",\"modelName\":\"NewYardModel\"}"}]}
RESULT: {"script":"<script> [1562 bytes]","args":[{"selector":{"controlType":"sap.m.Input","viewName":"etm.portal.ui.manageyards.view.New","viewId":"application-manageyards-display-component---NewYard","bindingPath":{"path":"","propertyPath":"/SALES_AREA_VKORG","modelName":"NewYardModel"},"interaction":{"idSuffix":"inner"}},"wdio_ui5_key":"etmportal.ui.manageyards.view.Newsap.m.Input{\"path\":\"\",\"propertyPath\":\"/SALES_AREA_VKORG\",\"modelName\":\"NewYardModel\"}"}]}
RESULT: undefined
COMMAND: POST /session/f7ba017eaa8b816e24f68d76f73d024d/execute/async - {"script":"<script> [776 bytes]","args":[{"enterText":"C002","selector":{"controlType":"sap.m.Input","viewName":"etm.portal.ui.manageyards.view.New","viewId":"application-manageyards-display-component---NewYard","bindingPath":{"path":"","propertyPath":"/SALES_AREA_VKORG","modelName":"NewYardModel"},"interaction":{"idSuffix":"inner"}},"clearTextFirst":true,"interactionType":"ENTER_TEXT"}]}
RESULT: {"script":"<script> [776 bytes]","args":[{"enterText":"C002","selector":{"controlType":"sap.m.Input","viewName":"etm.portal.ui.manageyards.view.New","viewId":"application-manageyards-display-component---NewYard","bindingPath":{"path":"","propertyPath":"/SALES_AREA_VKORG","modelName":"NewYardModel"},"interaction":{"idSuffix":"inner"}},"clearTextFirst":true,"interactionType":"ENTER_TEXT"}]}
COMMAND: POST /session/f7ba017eaa8b816e24f68d76f73d024d/execute/async - {"script":"<script> [1562 bytes]","args":[{"selector":{"controlType":"sap.m.Input","viewName":"etm.portal.ui.manageyards.view.New","viewId":"application-manageyards-display-component---NewYard","bindingPath":{"path":"","propertyPath":"/SALES_AREA_VTWEG","modelName":"NewYardModel"},"interaction":{"idSuffix":"inner"}},"wdio_ui5_key":"etmportal.ui.manageyards.view.Newsap.m.Input{\"path\":\"\",\"propertyPath\":\"/SALES_AREA_VTWEG\",\"modelName\":\"NewYardModel\"}"}]}
RESULT: {"script":"<script> [1562 bytes]","args":[{"selector":{"controlType":"sap.m.Input","viewName":"etm.portal.ui.manageyards.view.New","viewId":"application-manageyards-display-component---NewYard","bindingPath":{"path":"","propertyPath":"/SALES_AREA_VTWEG","modelName":"NewYardModel"},"interaction":{"idSuffix":"inner"}},"wdio_ui5_key":"etmportal.ui.manageyards.view.Newsap.m.Input{\"path\":\"\",\"propertyPath\":\"/SALES_AREA_VTWEG\",\"modelName\":\"NewYardModel\"}"}]}
RESULT: undefined
COMMAND: POST /session/f7ba017eaa8b816e24f68d76f73d024d/execute/async - {"script":"<script> [776 bytes]","args":[{"enterText":"C2","selector":{"controlType":"sap.m.Input","viewName":"etm.portal.ui.manageyards.view.New","viewId":"application-manageyards-display-component---NewYard","bindingPath":{"path":"","propertyPath":"/SALES_AREA_VTWEG","modelName":"NewYardModel"},"interaction":{"idSuffix":"inner"}},"clearTextFirst":true,"interactionType":"ENTER_TEXT"}]}
RESULT: {"script":"<script> [776 bytes]","args":[{"enterText":"C2","selector":{"controlType":"sap.m.Input","viewName":"etm.portal.ui.manageyards.view.New","viewId":"application-manageyards-display-component---NewYard","bindingPath":{"path":"","propertyPath":"/SALES_AREA_VTWEG","modelName":"NewYardModel"},"interaction":{"idSuffix":"inner"}},"clearTextFirst":true,"interactionType":"ENTER_TEXT"}]}
COMMAND: POST /session/f7ba017eaa8b816e24f68d76f73d024d/execute/async - {"script":"<script> [1562 bytes]","args":[{"selector":{"controlType":"sap.m.Input","viewName":"etm.portal.ui.manageyards.view.New","viewId":"application-manageyards-display-component---NewYard","bindingPath":{"path":"","propertyPath":"/SALES_AREA_SPART","modelName":"NewYardModel"},"interaction":{"idSuffix":"inner"}},"wdio_ui5_key":"etmportal.ui.manageyards.view.Newsap.m.Input{\"path\":\"\",\"propertyPath\":\"/SALES_AREA_SPART\",\"modelName\":\"NewYardModel\"}"}]}
RESULT: {"script":"<script> [1562 bytes]","args":[{"selector":{"controlType":"sap.m.Input","viewName":"etm.portal.ui.manageyards.view.New","viewId":"application-manageyards-display-component---NewYard","bindingPath":{"path":"","propertyPath":"/SALES_AREA_SPART","modelName":"NewYardModel"},"interaction":{"idSuffix":"inner"}},"wdio_ui5_key":"etmportal.ui.manageyards.view.Newsap.m.Input{\"path\":\"\",\"propertyPath\":\"/SALES_AREA_SPART\",\"modelName\":\"NewYardModel\"}"}]}
RESULT: undefined
COMMAND: POST /session/f7ba017eaa8b816e24f68d76f73d024d/execute/async - {"script":"<script> [776 bytes]","args":[{"enterText":"C2","selector":{"controlType":"sap.m.Input","viewName":"etm.portal.ui.manageyards.view.New","viewId":"application-manageyards-display-component---NewYard","bindingPath":{"path":"","propertyPath":"/SALES_AREA_SPART","modelName":"NewYardModel"},"interaction":{"idSuffix":"inner"}},"clearTextFirst":true,"interactionType":"ENTER_TEXT"}]}
RESULT: {"script":"<script> [776 bytes]","args":[{"enterText":"C2","selector":{"controlType":"sap.m.Input","viewName":"etm.portal.ui.manageyards.view.New","viewId":"application-manageyards-display-component---NewYard","bindingPath":{"path":"","propertyPath":"/SALES_AREA_SPART","modelName":"NewYardModel"},"interaction":{"idSuffix":"inner"}},"clearTextFirst":true,"interactionType":"ENTER_TEXT"}]}
COMMAND: POST /session/f7ba017eaa8b816e24f68d76f73d024d/execute/async - {"script":"<script> [1562 bytes]","args":[{"selector":{"controlType":"sap.m.Input","viewName":"etm.portal.ui.manageyards.view.New","viewId":"application-manageyards-display-component---NewYard","bindingPath":{"path":"","propertyPath":"/SHIP_POINT","modelName":"NewYardModel"},"interaction":{"idSuffix":"inner"}},"wdio_ui5_key":"etmportal.ui.manageyards.view.Newsap.m.Input{\"path\":\"\",\"propertyPath\":\"/SHIP_POINT\",\"modelName\":\"NewYardModel\"}"}]}
RESULT: {"script":"<script> [1562 bytes]","args":[{"selector":{"controlType":"sap.m.Input","viewName":"etm.portal.ui.manageyards.view.New","viewId":"application-manageyards-display-component---NewYard","bindingPath":{"path":"","propertyPath":"/SHIP_POINT","modelName":"NewYardModel"},"interaction":{"idSuffix":"inner"}},"wdio_ui5_key":"etmportal.ui.manageyards.view.Newsap.m.Input{\"path\":\"\",\"propertyPath\":\"/SHIP_POINT\",\"modelName\":\"NewYardModel\"}"}]}
RESULT: undefined
COMMAND: POST /session/f7ba017eaa8b816e24f68d76f73d024d/execute/async - {"script":"<script> [776 bytes]","args":[{"enterText":"1710","selector":{"controlType":"sap.m.Input","viewName":"etm.portal.ui.manageyards.view.New","viewId":"application-manageyards-display-component---NewYard","bindingPath":{"path":"","propertyPath":"/SHIP_POINT","modelName":"NewYardModel"},"interaction":{"idSuffix":"inner"}},"clearTextFirst":true,"interactionType":"ENTER_TEXT"}]}
RESULT: {"script":"<script> [776 bytes]","args":[{"enterText":"1710","selector":{"controlType":"sap.m.Input","viewName":"etm.portal.ui.manageyards.view.New","viewId":"application-manageyards-display-component---NewYard","bindingPath":{"path":"","propertyPath":"/SHIP_POINT","modelName":"NewYardModel"},"interaction":{"idSuffix":"inner"}},"clearTextFirst":true,"interactionType":"ENTER_TEXT"}]}
COMMAND: POST /session/f7ba017eaa8b816e24f68d76f73d024d/execute/async - {"script":"<script> [1562 bytes]","args":[{"selector":{"controlType":"sap.m.Input","viewName":"etm.portal.ui.manageyards.view.New","viewId":"application-manageyards-display-component---NewYard","bindingPath":{"path":"","propertyPath":"/DELIVERY_TYPE","modelName":"NewYardModel"},"interaction":{"idSuffix":"inner"}},"wdio_ui5_key":"etmportal.ui.manageyards.view.Newsap.m.Input{\"path\":\"\",\"propertyPath\":\"/DELIVERY_TYPE\",\"modelName\":\"NewYardModel\"}"}]}
RESULT: {"script":"<script> [1562 bytes]","args":[{"selector":{"controlType":"sap.m.Input","viewName":"etm.portal.ui.manageyards.view.New","viewId":"application-manageyards-display-component---NewYard","bindingPath":{"path":"","propertyPath":"/DELIVERY_TYPE","modelName":"NewYardModel"},"interaction":{"idSuffix":"inner"}},"wdio_ui5_key":"etmportal.ui.manageyards.view.Newsap.m.Input{\"path\":\"\",\"propertyPath\":\"/DELIVERY_TYPE\",\"modelName\":\"NewYardModel\"}"}]}
RESULT: undefined
COMMAND: POST /session/f7ba017eaa8b816e24f68d76f73d024d/execute/async - {"script":"<script> [776 bytes]","args":[{"enterText":"ZL01","selector":{"controlType":"sap.m.Input","viewName":"etm.portal.ui.manageyards.view.New","viewId":"application-manageyards-display-component---NewYard","bindingPath":{"path":"","propertyPath":"/DELIVERY_TYPE","modelName":"NewYardModel"},"interaction":{"idSuffix":"inner"}},"clearTextFirst":true,"interactionType":"ENTER_TEXT"}]}
RESULT: {"script":"<script> [776 bytes]","args":[{"enterText":"ZL01","selector":{"controlType":"sap.m.Input","viewName":"etm.portal.ui.manageyards.view.New","viewId":"application-manageyards-display-component---NewYard","bindingPath":{"path":"","propertyPath":"/DELIVERY_TYPE","modelName":"NewYardModel"},"interaction":{"idSuffix":"inner"}},"clearTextFirst":true,"interactionType":"ENTER_TEXT"}]}
COMMAND: POST /session/f7ba017eaa8b816e24f68d76f73d024d/execute/async - {"script":"<script> [1562 bytes]","args":[{"selector":{"controlType":"sap.m.Input","viewName":"etm.portal.ui.manageyards.view.New","viewId":"application-manageyards-display-component---NewYard","bindingPath":{"path":"","propertyPath":"/AUART","modelName":"NewYardModel"},"interaction":{"idSuffix":"inner"}},"wdio_ui5_key":"etmportal.ui.manageyards.view.Newsap.m.Input{\"path\":\"\",\"propertyPath\":\"/AUART\",\"modelName\":\"NewYardModel\"}"}]}
RESULT: {"script":"<script> [1562 bytes]","args":[{"selector":{"controlType":"sap.m.Input","viewName":"etm.portal.ui.manageyards.view.New","viewId":"application-manageyards-display-component---NewYard","bindingPath":{"path":"","propertyPath":"/AUART","modelName":"NewYardModel"},"interaction":{"idSuffix":"inner"}},"wdio_ui5_key":"etmportal.ui.manageyards.view.Newsap.m.Input{\"path\":\"\",\"propertyPath\":\"/AUART\",\"modelName\":\"NewYardModel\"}"}]}
RESULT: undefined
COMMAND: POST /session/f7ba017eaa8b816e24f68d76f73d024d/execute/async - {"script":"<script> [776 bytes]","args":[{"enterText":"TA","selector":{"controlType":"sap.m.Input","viewName":"etm.portal.ui.manageyards.view.New","viewId":"application-manageyards-display-component---NewYard","bindingPath":{"path":"","propertyPath":"/AUART","modelName":"NewYardModel"},"interaction":{"idSuffix":"inner"}},"clearTextFirst":true,"interactionType":"ENTER_TEXT"}]}
RESULT: {"script":"<script> [776 bytes]","args":[{"enterText":"TA","selector":{"controlType":"sap.m.Input","viewName":"etm.portal.ui.manageyards.view.New","viewId":"application-manageyards-display-component---NewYard","bindingPath":{"path":"","propertyPath":"/AUART","modelName":"NewYardModel"},"interaction":{"idSuffix":"inner"}},"clearTextFirst":true,"interactionType":"ENTER_TEXT"}]}
COMMAND: POST /session/f7ba017eaa8b816e24f68d76f73d024d/element - {"using":"xpath","value":"//button[@data-kt=\"newYardSaveButton\"]"}
RESULT: {"using":"xpath","value":"//button[@data-kt=\"newYardSaveButton\"]"}
COMMAND: POST /session/f7ba017eaa8b816e24f68d76f73d024d/element/f.7D4F3E7B3A7890F64A3201E4749DC685.d.81E4ADB2B4F94C5B448EE6ACAB82085A.e.2650/click - {}
RESULT: {}
COMMAND: GET /session/f7ba017eaa8b816e24f68d76f73d024d/screenshot - {}
RESULT: {}
COMMAND: POST /session/f7ba017eaa8b816e24f68d76f73d024d/element - {"using":"xpath","value":"//header[contains(@id, 'ObjectPageLayout-headerTitle')]/div[1]/div[2]/div[1]/span[1]"}
RESULT: {"using":"xpath","value":"//header[contains(@id, 'ObjectPageLayout-headerTitle')]/div[1]/div[2]/div[1]/span[1]"}
COMMAND: POST /session/f7ba017eaa8b816e24f68d76f73d024d/elements - {"using":"xpath","value":"//header[contains(@id, 'ObjectPageLayout-headerTitle')]/div[1]/div[2]/div[1]/span[1]"}
RESULT: {"using":"xpath","value":"//header[contains(@id, 'ObjectPageLayout-headerTitle')]/div[1]/div[2]/div[1]/span[1]"}
COMMAND: POST /session/f7ba017eaa8b816e24f68d76f73d024d/execute/sync - {"script":"<script> [56 bytes]","args":[{"element-6066-11e4-a52e-4f735466cecf":"f.7D4F3E7B3A7890F64A3201E4749DC685.d.81E4ADB2B4F94C5B448EE6ACAB82085A.e.2945","ELEMENT":"f.7D4F3E7B3A7890F64A3201E4749DC685.d.81E4ADB2B4F94C5B448EE6ACAB82085A.e.2945"}]}
RESULT: {"script":"<script> [56 bytes]","args":[{"element-6066-11e4-a52e-4f735466cecf":"f.7D4F3E7B3A7890F64A3201E4749DC685.d.81E4ADB2B4F94C5B448EE6ACAB82085A.e.2945","ELEMENT":"f.7D4F3E7B3A7890F64A3201E4749DC685.d.81E4ADB2B4F94C5B448EE6ACAB82085A.e.2945"}]}
COMMAND: GET /session/f7ba017eaa8b816e24f68d76f73d024d/screenshot - {}
RESULT: {}
COMMAND: POST /session/f7ba017eaa8b816e24f68d76f73d024d/element - {"using":"css selector","value":"#shell-header-logo"}
RESULT: {"using":"css selector","value":"#shell-header-logo"}
COMMAND: POST /session/f7ba017eaa8b816e24f68d76f73d024d/element/f.7D4F3E7B3A7890F64A3201E4749DC685.d.81E4ADB2B4F94C5B448EE6ACAB82085A.e.2220/click - {}
RESULT: {}
COMMAND: GET /session/f7ba017eaa8b816e24f68d76f73d024d/screenshot - {}
RESULT: {}
COMMAND: POST /session/f7ba017eaa8b816e24f68d76f73d024d/execute/sync - {"script":"<script> [299 bytes]","args":[["getModel","getResource"]]}
RESULT: {"script":"<script> [299 bytes]","args":[["getModel","getResource"]]}
COMMAND: GET /session/f7ba017eaa8b816e24f68d76f73d024d/screenshot - {}
]]></system-out>
    </testcase>
    <testcase classname="chrome.137_0_7151_69.windows.Billing_Transfer_-_Master_data_&amp;_Intercompany_US127250" name="Should create a new partner" time="135.785">
      <system-out><![CDATA[
COMMAND: POST /session/f7ba017eaa8b816e24f68d76f73d024d/window/fullscreen - {}
RESULT: {}
RESULT: {}
COMMAND: POST /session/f7ba017eaa8b816e24f68d76f73d024d/execute/async - {"script":"<script> [1562 bytes]","args":[{"selector":{"controlType":"sap.m.GenericTile","properties":{"header":"Manage Partners"}},"wdio_ui5_key":"sapm.GenericTile{\"header\":\"Manage Partners\"}"}]}
RESULT: {"script":"<script> [1562 bytes]","args":[{"selector":{"controlType":"sap.m.GenericTile","properties":{"header":"Manage Partners"}},"wdio_ui5_key":"sapm.GenericTile{\"header\":\"Manage Partners\"}"}]}
RESULT: undefined
COMMAND: POST /session/f7ba017eaa8b816e24f68d76f73d024d/element - {"using":"xpath","value":"//*[@id=\"__tile39\"]"}
RESULT: {"using":"xpath","value":"//*[@id=\"__tile39\"]"}
COMMAND: POST /session/f7ba017eaa8b816e24f68d76f73d024d/element/f.7D4F3E7B3A7890F64A3201E4749DC685.d.81E4ADB2B4F94C5B448EE6ACAB82085A.e.2105/click - {}
RESULT: {}
COMMAND: GET /session/f7ba017eaa8b816e24f68d76f73d024d/screenshot - {}
RESULT: {}
COMMAND: POST /session/f7ba017eaa8b816e24f68d76f73d024d/elements - {"using":"xpath","value":"//span[text()='Error']"}
RESULT: {"using":"xpath","value":"//span[text()='Error']"}
COMMAND: POST /session/f7ba017eaa8b816e24f68d76f73d024d/element - {"using":"xpath","value":"//button[@data-kt=\"addButton\"]"}
RESULT: {"using":"xpath","value":"//button[@data-kt=\"addButton\"]"}
COMMAND: POST /session/f7ba017eaa8b816e24f68d76f73d024d/elements - {"using":"xpath","value":"//button[@data-kt=\"addButton\"]"}
RESULT: {"using":"xpath","value":"//button[@data-kt=\"addButton\"]"}
COMMAND: POST /session/f7ba017eaa8b816e24f68d76f73d024d/execute/sync - {"script":"<script> [8489 bytes]","args":[{"element-6066-11e4-a52e-4f735466cecf":"f.7D4F3E7B3A7890F64A3201E4749DC685.d.81E4ADB2B4F94C5B448EE6ACAB82085A.e.2996","ELEMENT":"f.7D4F3E7B3A7890F64A3201E4749DC685.d.81E4ADB2B4F94C5B448EE6ACAB82085A.e.2996"}]}
RESULT: {"script":"<script> [8489 bytes]","args":[{"element-6066-11e4-a52e-4f735466cecf":"f.7D4F3E7B3A7890F64A3201E4749DC685.d.81E4ADB2B4F94C5B448EE6ACAB82085A.e.2996","ELEMENT":"f.7D4F3E7B3A7890F64A3201E4749DC685.d.81E4ADB2B4F94C5B448EE6ACAB82085A.e.2996"}]}
COMMAND: GET /session/f7ba017eaa8b816e24f68d76f73d024d/element/f.7D4F3E7B3A7890F64A3201E4749DC685.d.81E4ADB2B4F94C5B448EE6ACAB82085A.e.2996/enabled - {}
COMMAND: GET /session/f7ba017eaa8b816e24f68d76f73d024d/screenshot - {}
RESULT: {}
COMMAND: POST /session/f7ba017eaa8b816e24f68d76f73d024d/execute/sync - {"script":"<script> [8489 bytes]","args":[{"element-6066-11e4-a52e-4f735466cecf":"f.7D4F3E7B3A7890F64A3201E4749DC685.d.81E4ADB2B4F94C5B448EE6ACAB82085A.e.2996","ELEMENT":"f.7D4F3E7B3A7890F64A3201E4749DC685.d.81E4ADB2B4F94C5B448EE6ACAB82085A.e.2996"}]}
COMMAND: GET /session/f7ba017eaa8b816e24f68d76f73d024d/screenshot - {}
RESULT: {}
RESULT: {"script":"<script> [8489 bytes]","args":[{"element-6066-11e4-a52e-4f735466cecf":"f.7D4F3E7B3A7890F64A3201E4749DC685.d.81E4ADB2B4F94C5B448EE6ACAB82085A.e.2996","ELEMENT":"f.7D4F3E7B3A7890F64A3201E4749DC685.d.81E4ADB2B4F94C5B448EE6ACAB82085A.e.2996"}]}
COMMAND: POST /session/f7ba017eaa8b816e24f68d76f73d024d/execute/sync - {"script":"<script> [5351 bytes]","args":[{"element-6066-11e4-a52e-4f735466cecf":"f.7D4F3E7B3A7890F64A3201E4749DC685.d.81E4ADB2B4F94C5B448EE6ACAB82085A.e.2996","ELEMENT":"f.7D4F3E7B3A7890F64A3201E4749DC685.d.81E4ADB2B4F94C5B448EE6ACAB82085A.e.2996"}]}
COMMAND: GET /session/f7ba017eaa8b816e24f68d76f73d024d/screenshot - {}
RESULT: {}
RESULT: {"script":"<script> [5351 bytes]","args":[{"element-6066-11e4-a52e-4f735466cecf":"f.7D4F3E7B3A7890F64A3201E4749DC685.d.81E4ADB2B4F94C5B448EE6ACAB82085A.e.2996","ELEMENT":"f.7D4F3E7B3A7890F64A3201E4749DC685.d.81E4ADB2B4F94C5B448EE6ACAB82085A.e.2996"}]}
COMMAND: POST /session/f7ba017eaa8b816e24f68d76f73d024d/element/f.7D4F3E7B3A7890F64A3201E4749DC685.d.81E4ADB2B4F94C5B448EE6ACAB82085A.e.2996/click - {}
COMMAND: GET /session/f7ba017eaa8b816e24f68d76f73d024d/screenshot - {}
RESULT: {}
RESULT: {}
COMMAND: GET /session/f7ba017eaa8b816e24f68d76f73d024d/screenshot - {}
COMMAND: POST /session/f7ba017eaa8b816e24f68d76f73d024d/execute/async - {"script":"<script> [1562 bytes]","args":[{"selector":{"id":"application-managepartners-display-component---NewPartner--addressDetailDetailsName1","interaction":{"idSuffix":"inner"}},"wdio_ui5_key":"applicationmanagepartners-display-component---NewPartner--addressDetailDetailsName1"}]}
RESULT: {}
RESULT: {}
RESULT: {"script":"<script> [1562 bytes]","args":[{"selector":{"id":"application-managepartners-display-component---NewPartner--addressDetailDetailsName1","interaction":{"idSuffix":"inner"}},"wdio_ui5_key":"applicationmanagepartners-display-component---NewPartner--addressDetailDetailsName1"}]}
RESULT: undefined
COMMAND: POST /session/f7ba017eaa8b816e24f68d76f73d024d/execute/async - {"script":"<script> [776 bytes]","args":[{"enterText":"Intercompany Partner WDIO","selector":{"id":"application-managepartners-display-component---NewPartner--addressDetailDetailsName1","interaction":{"idSuffix":"inner"}},"clearTextFirst":true,"interactionType":"ENTER_TEXT"}]}
RESULT: {"script":"<script> [776 bytes]","args":[{"enterText":"Intercompany Partner WDIO","selector":{"id":"application-managepartners-display-component---NewPartner--addressDetailDetailsName1","interaction":{"idSuffix":"inner"}},"clearTextFirst":true,"interactionType":"ENTER_TEXT"}]}
COMMAND: POST /session/f7ba017eaa8b816e24f68d76f73d024d/execute/async - {"script":"<script> [1562 bytes]","args":[{"selector":{"id":"application-managepartners-display-component---NewPartner--addressDetailDetailsLanguage-arrow"},"wdio_ui5_key":"applicationmanagepartners-display-component---NewPartner--addressDetailDetailsLanguage-arrow"}]}
RESULT: {"script":"<script> [1562 bytes]","args":[{"selector":{"id":"application-managepartners-display-component---NewPartner--addressDetailDetailsLanguage-arrow"},"wdio_ui5_key":"applicationmanagepartners-display-component---NewPartner--addressDetailDetailsLanguage-arrow"}]}
RESULT: undefined
COMMAND: POST /session/f7ba017eaa8b816e24f68d76f73d024d/element - {"using":"xpath","value":"//*[@id=\"application-managepartners-display-component---NewPartner--addressDetailDetailsLanguage-arrow\"]"}
RESULT: {"using":"xpath","value":"//*[@id=\"application-managepartners-display-component---NewPartner--addressDetailDetailsLanguage-arrow\"]"}
COMMAND: POST /session/f7ba017eaa8b816e24f68d76f73d024d/element/f.7D4F3E7B3A7890F64A3201E4749DC685.d.81E4ADB2B4F94C5B448EE6ACAB82085A.e.3332/click - {}
RESULT: {}
COMMAND: POST /session/f7ba017eaa8b816e24f68d76f73d024d/element - {"using":"xpath","value":"//span[contains(text(), \"English\")]"}
COMMAND: GET /session/f7ba017eaa8b816e24f68d76f73d024d/screenshot - {}
RESULT: {"using":"xpath","value":"//span[contains(text(), \"English\")]"}
COMMAND: POST /session/f7ba017eaa8b816e24f68d76f73d024d/element/f.7D4F3E7B3A7890F64A3201E4749DC685.d.81E4ADB2B4F94C5B448EE6ACAB82085A.e.3333/click - {}
RESULT: {}
RESULT: {}
COMMAND: GET /session/f7ba017eaa8b816e24f68d76f73d024d/screenshot - {}
RESULT: {}
COMMAND: POST /session/f7ba017eaa8b816e24f68d76f73d024d/execute/async - {"script":"<script> [1562 bytes]","args":[{"selector":{"id":"application-managepartners-display-component---NewPartner--addressDetailDetailsCity1","interaction":{"idSuffix":"inner"}},"wdio_ui5_key":"applicationmanagepartners-display-component---NewPartner--addressDetailDetailsCity1"}]}
RESULT: {"script":"<script> [1562 bytes]","args":[{"selector":{"id":"application-managepartners-display-component---NewPartner--addressDetailDetailsCity1","interaction":{"idSuffix":"inner"}},"wdio_ui5_key":"applicationmanagepartners-display-component---NewPartner--addressDetailDetailsCity1"}]}
RESULT: undefined
COMMAND: POST /session/f7ba017eaa8b816e24f68d76f73d024d/execute/async - {"script":"<script> [776 bytes]","args":[{"enterText":"Rosario","selector":{"id":"application-managepartners-display-component---NewPartner--addressDetailDetailsCity1","interaction":{"idSuffix":"inner"}},"clearTextFirst":true,"interactionType":"ENTER_TEXT"}]}
RESULT: {"script":"<script> [776 bytes]","args":[{"enterText":"Rosario","selector":{"id":"application-managepartners-display-component---NewPartner--addressDetailDetailsCity1","interaction":{"idSuffix":"inner"}},"clearTextFirst":true,"interactionType":"ENTER_TEXT"}]}
COMMAND: POST /session/f7ba017eaa8b816e24f68d76f73d024d/execute/async - {"script":"<script> [1562 bytes]","args":[{"selector":{"id":"application-managepartners-display-component---NewPartner--addressDetailDetailsCountry-arrow"},"wdio_ui5_key":"applicationmanagepartners-display-component---NewPartner--addressDetailDetailsCountry-arrow"}]}
RESULT: {"script":"<script> [1562 bytes]","args":[{"selector":{"id":"application-managepartners-display-component---NewPartner--addressDetailDetailsCountry-arrow"},"wdio_ui5_key":"applicationmanagepartners-display-component---NewPartner--addressDetailDetailsCountry-arrow"}]}
RESULT: undefined
COMMAND: POST /session/f7ba017eaa8b816e24f68d76f73d024d/element - {"using":"xpath","value":"//*[@id=\"application-managepartners-display-component---NewPartner--addressDetailDetailsCountry-arrow\"]"}
RESULT: {"using":"xpath","value":"//*[@id=\"application-managepartners-display-component---NewPartner--addressDetailDetailsCountry-arrow\"]"}
COMMAND: POST /session/f7ba017eaa8b816e24f68d76f73d024d/element/f.7D4F3E7B3A7890F64A3201E4749DC685.d.81E4ADB2B4F94C5B448EE6ACAB82085A.e.3300/click - {}
RESULT: {}
COMMAND: POST /session/f7ba017eaa8b816e24f68d76f73d024d/element - {"using":"xpath","value":"//span[contains(text(), \"Argentina\")]"}
COMMAND: GET /session/f7ba017eaa8b816e24f68d76f73d024d/screenshot - {}
RESULT: {"using":"xpath","value":"//span[contains(text(), \"Argentina\")]"}
COMMAND: POST /session/f7ba017eaa8b816e24f68d76f73d024d/element/f.7D4F3E7B3A7890F64A3201E4749DC685.d.81E4ADB2B4F94C5B448EE6ACAB82085A.e.3335/click - {}
RESULT: {}
RESULT: {}
COMMAND: GET /session/f7ba017eaa8b816e24f68d76f73d024d/screenshot - {}
RESULT: {}
COMMAND: POST /session/f7ba017eaa8b816e24f68d76f73d024d/element - {"using":"xpath","value":"//bdi[contains(text(), \"Commercial\")]"}
RESULT: {"using":"xpath","value":"//bdi[contains(text(), \"Commercial\")]"}
COMMAND: POST /session/f7ba017eaa8b816e24f68d76f73d024d/element/f.7D4F3E7B3A7890F64A3201E4749DC685.d.81E4ADB2B4F94C5B448EE6ACAB82085A.e.3336/click - {}
RESULT: {}
COMMAND: GET /session/f7ba017eaa8b816e24f68d76f73d024d/screenshot - {}
RESULT: {}
COMMAND: POST /session/f7ba017eaa8b816e24f68d76f73d024d/execute/async - {"script":"<script> [1562 bytes]","args":[{"selector":{"id":"application-managepartners-display-component---NewPartner--partnerDetailInternal-arrow"},"wdio_ui5_key":"applicationmanagepartners-display-component---NewPartner--partnerDetailInternal-arrow"}]}
RESULT: {"script":"<script> [1562 bytes]","args":[{"selector":{"id":"application-managepartners-display-component---NewPartner--partnerDetailInternal-arrow"},"wdio_ui5_key":"applicationmanagepartners-display-component---NewPartner--partnerDetailInternal-arrow"}]}
RESULT: undefined
COMMAND: POST /session/f7ba017eaa8b816e24f68d76f73d024d/element - {"using":"xpath","value":"//*[@id=\"application-managepartners-display-component---NewPartner--partnerDetailInternal-arrow\"]"}
RESULT: {"using":"xpath","value":"//*[@id=\"application-managepartners-display-component---NewPartner--partnerDetailInternal-arrow\"]"}
COMMAND: POST /session/f7ba017eaa8b816e24f68d76f73d024d/element/f.7D4F3E7B3A7890F64A3201E4749DC685.d.81E4ADB2B4F94C5B448EE6ACAB82085A.e.3342/click - {}
RESULT: {}
COMMAND: POST /session/f7ba017eaa8b816e24f68d76f73d024d/element - {"using":"xpath","value":"//span[contains(text(), \"Affiliated company\")]"}
COMMAND: GET /session/f7ba017eaa8b816e24f68d76f73d024d/screenshot - {}
RESULT: {"using":"xpath","value":"//span[contains(text(), \"Affiliated company\")]"}
COMMAND: POST /session/f7ba017eaa8b816e24f68d76f73d024d/element/f.7D4F3E7B3A7890F64A3201E4749DC685.d.81E4ADB2B4F94C5B448EE6ACAB82085A.e.3345/click - {}
RESULT: {}
RESULT: {}
COMMAND: POST /session/f7ba017eaa8b816e24f68d76f73d024d/execute/async - {"script":"<script> [1562 bytes]","args":[{"selector":{"id":"application-managepartners-display-component---NewPartner--partnerDetailsCurrency-arrow"},"wdio_ui5_key":"applicationmanagepartners-display-component---NewPartner--partnerDetailsCurrency-arrow"}]}
COMMAND: GET /session/f7ba017eaa8b816e24f68d76f73d024d/screenshot - {}
RESULT: {"script":"<script> [1562 bytes]","args":[{"selector":{"id":"application-managepartners-display-component---NewPartner--partnerDetailsCurrency-arrow"},"wdio_ui5_key":"applicationmanagepartners-display-component---NewPartner--partnerDetailsCurrency-arrow"}]}
RESULT: undefined
COMMAND: POST /session/f7ba017eaa8b816e24f68d76f73d024d/element - {"using":"xpath","value":"//*[@id=\"application-managepartners-display-component---NewPartner--partnerDetailsCurrency-arrow\"]"}
RESULT: {}
RESULT: {"using":"xpath","value":"//*[@id=\"application-managepartners-display-component---NewPartner--partnerDetailsCurrency-arrow\"]"}
COMMAND: POST /session/f7ba017eaa8b816e24f68d76f73d024d/element/f.7D4F3E7B3A7890F64A3201E4749DC685.d.81E4ADB2B4F94C5B448EE6ACAB82085A.e.3352/click - {}
RESULT: {}
COMMAND: POST /session/f7ba017eaa8b816e24f68d76f73d024d/element - {"using":"xpath","value":"//span[contains(text(), \"Euro\")]"}
COMMAND: GET /session/f7ba017eaa8b816e24f68d76f73d024d/screenshot - {}
RESULT: {"using":"xpath","value":"//span[contains(text(), \"Euro\")]"}
COMMAND: POST /session/f7ba017eaa8b816e24f68d76f73d024d/element/f.7D4F3E7B3A7890F64A3201E4749DC685.d.81E4ADB2B4F94C5B448EE6ACAB82085A.e.3353/click - {}
RESULT: {}
RESULT: {}
COMMAND: POST /session/f7ba017eaa8b816e24f68d76f73d024d/execute/async - {"script":"<script> [1562 bytes]","args":[{"selector":{"id":"application-managepartners-display-component---NewPartner--addressEditDetailsCostObjectCstType-arrow"},"wdio_ui5_key":"applicationmanagepartners-display-component---NewPartner--addressEditDetailsCostObjectCstType-arrow"}]}
COMMAND: GET /session/f7ba017eaa8b816e24f68d76f73d024d/screenshot - {}
RESULT: {"script":"<script> [1562 bytes]","args":[{"selector":{"id":"application-managepartners-display-component---NewPartner--addressEditDetailsCostObjectCstType-arrow"},"wdio_ui5_key":"applicationmanagepartners-display-component---NewPartner--addressEditDetailsCostObjectCstType-arrow"}]}
RESULT: undefined
COMMAND: POST /session/f7ba017eaa8b816e24f68d76f73d024d/element - {"using":"xpath","value":"//*[@id=\"application-managepartners-display-component---NewPartner--addressEditDetailsCostObjectCstType-arrow\"]"}
RESULT: {}
RESULT: {"using":"xpath","value":"//*[@id=\"application-managepartners-display-component---NewPartner--addressEditDetailsCostObjectCstType-arrow\"]"}
COMMAND: POST /session/f7ba017eaa8b816e24f68d76f73d024d/element/f.7D4F3E7B3A7890F64A3201E4749DC685.d.81E4ADB2B4F94C5B448EE6ACAB82085A.e.3354/click - {}
RESULT: {}
COMMAND: POST /session/f7ba017eaa8b816e24f68d76f73d024d/element - {"using":"xpath","value":"//span[contains(text(), \"Cost Center\")]"}
COMMAND: GET /session/f7ba017eaa8b816e24f68d76f73d024d/screenshot - {}
RESULT: {"using":"xpath","value":"//span[contains(text(), \"Cost Center\")]"}
COMMAND: POST /session/f7ba017eaa8b816e24f68d76f73d024d/element/f.7D4F3E7B3A7890F64A3201E4749DC685.d.81E4ADB2B4F94C5B448EE6ACAB82085A.e.3355/click - {}
RESULT: {}
RESULT: {}
COMMAND: GET /session/f7ba017eaa8b816e24f68d76f73d024d/screenshot - {}
RESULT: {}
COMMAND: POST /session/f7ba017eaa8b816e24f68d76f73d024d/element - {"using":"xpath","value":"//span[@id=\"application-managepartners-display-component---NewPartner--addressNewCostObjectCstID-vhi\"]"}
RESULT: {"using":"xpath","value":"//span[@id=\"application-managepartners-display-component---NewPartner--addressNewCostObjectCstID-vhi\"]"}
COMMAND: POST /session/f7ba017eaa8b816e24f68d76f73d024d/execute/sync - {"script":"<script> [8489 bytes]","args":[{"element-6066-11e4-a52e-4f735466cecf":"f.7D4F3E7B3A7890F64A3201E4749DC685.d.81E4ADB2B4F94C5B448EE6ACAB82085A.e.3359","ELEMENT":"f.7D4F3E7B3A7890F64A3201E4749DC685.d.81E4ADB2B4F94C5B448EE6ACAB82085A.e.3359"}]}
RESULT: {"script":"<script> [8489 bytes]","args":[{"element-6066-11e4-a52e-4f735466cecf":"f.7D4F3E7B3A7890F64A3201E4749DC685.d.81E4ADB2B4F94C5B448EE6ACAB82085A.e.3359","ELEMENT":"f.7D4F3E7B3A7890F64A3201E4749DC685.d.81E4ADB2B4F94C5B448EE6ACAB82085A.e.3359"}]}
COMMAND: POST /session/f7ba017eaa8b816e24f68d76f73d024d/execute/async - {"script":"<script> [1562 bytes]","args":[{"selector":{"id":"application-managepartners-display-component---NewPartner--addressNewCostObjectCstID-vhi"},"wdio_ui5_key":"applicationmanagepartners-display-component---NewPartner--addressNewCostObjectCstID-vhi"}]}
COMMAND: GET /session/f7ba017eaa8b816e24f68d76f73d024d/screenshot - {}
RESULT: {"script":"<script> [1562 bytes]","args":[{"selector":{"id":"application-managepartners-display-component---NewPartner--addressNewCostObjectCstID-vhi"},"wdio_ui5_key":"applicationmanagepartners-display-component---NewPartner--addressNewCostObjectCstID-vhi"}]}
RESULT: undefined
COMMAND: POST /session/f7ba017eaa8b816e24f68d76f73d024d/element - {"using":"xpath","value":"//*[@id=\"application-managepartners-display-component---NewPartner--addressNewCostObjectCstID-vhi\"]"}
RESULT: {}
RESULT: {"using":"xpath","value":"//*[@id=\"application-managepartners-display-component---NewPartner--addressNewCostObjectCstID-vhi\"]"}
COMMAND: POST /session/f7ba017eaa8b816e24f68d76f73d024d/element/f.7D4F3E7B3A7890F64A3201E4749DC685.d.81E4ADB2B4F94C5B448EE6ACAB82085A.e.3359/click - {}
RESULT: {}
COMMAND: GET /session/f7ba017eaa8b816e24f68d76f73d024d/screenshot - {}
RESULT: {}
RESULT: undefined
COMMAND: POST /session/f7ba017eaa8b816e24f68d76f73d024d/execute/async - {"script":"<script> [776 bytes]","args":[{"enterText":"10001013","selector":{"controlType":"sap.m.SearchField","properties":{"placeholder":"Search"},"searchOpenDialogs":true,"interaction":{"idSuffix":"I"}},"clearTextFirst":true,"interactionType":"ENTER_TEXT"}]}
RESULT: {"script":"<script> [776 bytes]","args":[{"enterText":"10001013","selector":{"controlType":"sap.m.SearchField","properties":{"placeholder":"Search"},"searchOpenDialogs":true,"interaction":{"idSuffix":"I"}},"clearTextFirst":true,"interactionType":"ENTER_TEXT"}]}
COMMAND: POST /session/f7ba017eaa8b816e24f68d76f73d024d/actions - {"actions":[{"id":"action2","type":"key","parameters":{},"actions":[{"type":"keyDown","value":"î€‡"},{"type":"pause","duration":10},{"type":"keyUp","value":"î€‡"}]}]}
RESULT: {"actions":[{"id":"action2","type":"key","parameters":{},"actions":[{"type":"keyDown","value":"î€‡"},{"type":"pause","duration":10},{"type":"keyUp","value":"î€‡"}]}]}
COMMAND: GET /session/f7ba017eaa8b816e24f68d76f73d024d/screenshot - {}
RESULT: {}
COMMAND: POST /session/f7ba017eaa8b816e24f68d76f73d024d/element - {"using":"xpath","value":"//span[contains(text(), \"General Management\")]"}
RESULT: {"using":"xpath","value":"//span[contains(text(), \"General Management\")]"}
COMMAND: POST /session/f7ba017eaa8b816e24f68d76f73d024d/element/f.7D4F3E7B3A7890F64A3201E4749DC685.d.81E4ADB2B4F94C5B448EE6ACAB82085A.e.3398/click - {}
RESULT: {}
COMMAND: GET /session/f7ba017eaa8b816e24f68d76f73d024d/screenshot - {}
RESULT: {}
COMMAND: POST /session/f7ba017eaa8b816e24f68d76f73d024d/element - {"using":"xpath","value":"//bdi[contains(text(), \"OK\")]"}
RESULT: {"using":"xpath","value":"//bdi[contains(text(), \"OK\")]"}
COMMAND: POST /session/f7ba017eaa8b816e24f68d76f73d024d/element/f.7D4F3E7B3A7890F64A3201E4749DC685.d.81E4ADB2B4F94C5B448EE6ACAB82085A.e.3399/click - {}
RESULT: {}
COMMAND: GET /session/f7ba017eaa8b816e24f68d76f73d024d/screenshot - {}
RESULT: {}
COMMAND: POST /session/f7ba017eaa8b816e24f68d76f73d024d/element - {"using":"xpath","value":"//input[@id=\"application-managepartners-display-component---NewPartner--companyCodeComboBox-inner\"]"}
RESULT: {"using":"xpath","value":"//input[@id=\"application-managepartners-display-component---NewPartner--companyCodeComboBox-inner\"]"}
COMMAND: POST /session/f7ba017eaa8b816e24f68d76f73d024d/element/f.7D4F3E7B3A7890F64A3201E4749DC685.d.81E4ADB2B4F94C5B448EE6ACAB82085A.e.3188/clear - {}
RESULT: {}
COMMAND: POST /session/f7ba017eaa8b816e24f68d76f73d024d/element/f.7D4F3E7B3A7890F64A3201E4749DC685.d.81E4ADB2B4F94C5B448EE6ACAB82085A.e.3188/value - {"text":"C002"}
COMMAND: GET /session/f7ba017eaa8b816e24f68d76f73d024d/screenshot - {}
RESULT: {"text":"C002"}
COMMAND: GET /session/f7ba017eaa8b816e24f68d76f73d024d/screenshot - {}
RESULT: {}
RESULT: {}
COMMAND: POST /session/f7ba017eaa8b816e24f68d76f73d024d/element - {"using":"xpath","value":"//li[.//span[text()= \"C002\"]]"}
RESULT: {"using":"xpath","value":"//li[.//span[text()= \"C002\"]]"}
COMMAND: POST /session/f7ba017eaa8b816e24f68d76f73d024d/element/f.7D4F3E7B3A7890F64A3201E4749DC685.d.81E4ADB2B4F94C5B448EE6ACAB82085A.e.3405/click - {}
RESULT: {}
COMMAND: GET /session/f7ba017eaa8b816e24f68d76f73d024d/screenshot - {}
RESULT: {}
COMMAND: POST /session/f7ba017eaa8b816e24f68d76f73d024d/execute/async - {"script":"<script> [1562 bytes]","args":[{"selector":{"id":"application-managepartners-display-component---NewPartner--btnAddTableRow-img"},"wdio_ui5_key":"applicationmanagepartners-display-component---NewPartner--btnAddTableRow-img"}]}
RESULT: {"script":"<script> [1562 bytes]","args":[{"selector":{"id":"application-managepartners-display-component---NewPartner--btnAddTableRow-img"},"wdio_ui5_key":"applicationmanagepartners-display-component---NewPartner--btnAddTableRow-img"}]}
RESULT: undefined
COMMAND: POST /session/f7ba017eaa8b816e24f68d76f73d024d/element - {"using":"xpath","value":"//*[@id=\"application-managepartners-display-component---NewPartner--btnAddTableRow-img\"]"}
RESULT: {"using":"xpath","value":"//*[@id=\"application-managepartners-display-component---NewPartner--btnAddTableRow-img\"]"}
COMMAND: POST /session/f7ba017eaa8b816e24f68d76f73d024d/element/f.7D4F3E7B3A7890F64A3201E4749DC685.d.81E4ADB2B4F94C5B448EE6ACAB82085A.e.3406/click - {}
RESULT: {}
COMMAND: GET /session/f7ba017eaa8b816e24f68d76f73d024d/screenshot - {}
RESULT: {}
COMMAND: POST /session/f7ba017eaa8b816e24f68d76f73d024d/element - {"using":"xpath","value":"//input[@id=\"application-managepartners-display-component---NewPartner--assignmentYard-application-managepartners-display-component---NewPartner--assignmentsTable-0-inner\"]"}
RESULT: {"using":"xpath","value":"//input[@id=\"application-managepartners-display-component---NewPartner--assignmentYard-application-managepartners-display-component---NewPartner--assignmentsTable-0-inner\"]"}
COMMAND: POST /session/f7ba017eaa8b816e24f68d76f73d024d/element/f.7D4F3E7B3A7890F64A3201E4749DC685.d.81E4ADB2B4F94C5B448EE6ACAB82085A.e.3409/clear - {}
RESULT: {}
COMMAND: POST /session/f7ba017eaa8b816e24f68d76f73d024d/element/f.7D4F3E7B3A7890F64A3201E4749DC685.d.81E4ADB2B4F94C5B448EE6ACAB82085A.e.3409/value - {"text":"194"}
COMMAND: GET /session/f7ba017eaa8b816e24f68d76f73d024d/screenshot - {}
RESULT: {"text":"194"}
COMMAND: GET /session/f7ba017eaa8b816e24f68d76f73d024d/screenshot - {}
RESULT: {}
RESULT: {}
COMMAND: POST /session/f7ba017eaa8b816e24f68d76f73d024d/element - {"using":"xpath","value":"//li[.//span[text()='194']]"}
RESULT: {"using":"xpath","value":"//li[.//span[text()='194']]"}
COMMAND: POST /session/f7ba017eaa8b816e24f68d76f73d024d/element/f.7D4F3E7B3A7890F64A3201E4749DC685.d.81E4ADB2B4F94C5B448EE6ACAB82085A.e.3418/click - {}
RESULT: {}
COMMAND: GET /session/f7ba017eaa8b816e24f68d76f73d024d/screenshot - {}
RESULT: {}
COMMAND: POST /session/f7ba017eaa8b816e24f68d76f73d024d/actions - {"actions":[{"id":"action3","type":"key","parameters":{},"actions":[{"type":"keyDown","value":"î€‡"},{"type":"pause","duration":10},{"type":"keyUp","value":"î€‡"}]}]}
RESULT: {"actions":[{"id":"action3","type":"key","parameters":{},"actions":[{"type":"keyDown","value":"î€‡"},{"type":"pause","duration":10},{"type":"keyUp","value":"î€‡"}]}]}
COMMAND: POST /session/f7ba017eaa8b816e24f68d76f73d024d/execute/async - {"script":"<script> [1562 bytes]","args":[{"selector":{"id":"application-managepartners-display-component---NewPartner--externalCustomerComboBox-application-managepartners-display-component---NewPartner--assignmentsTable-0-vhi"},"wdio_ui5_key":"applicationmanagepartners-display-component---NewPartner--externalCustomerComboBox-application-managepartners-display-component---NewPartner--assignmentsTable-0-vhi"}]}
COMMAND: GET /session/f7ba017eaa8b816e24f68d76f73d024d/screenshot - {}
RESULT: {"script":"<script> [1562 bytes]","args":[{"selector":{"id":"application-managepartners-display-component---NewPartner--externalCustomerComboBox-application-managepartners-display-component---NewPartner--assignmentsTable-0-vhi"},"wdio_ui5_key":"applicationmanagepartners-display-component---NewPartner--externalCustomerComboBox-application-managepartners-display-component---NewPartner--assignmentsTable-0-vhi"}]}
RESULT: undefined
COMMAND: POST /session/f7ba017eaa8b816e24f68d76f73d024d/element - {"using":"xpath","value":"//*[@id=\"application-managepartners-display-component---NewPartner--externalCustomerComboBox-application-managepartners-display-component---NewPartner--assignmentsTable-0-vhi\"]"}
RESULT: {}
RESULT: {"using":"xpath","value":"//*[@id=\"application-managepartners-display-component---NewPartner--externalCustomerComboBox-application-managepartners-display-component---NewPartner--assignmentsTable-0-vhi\"]"}
COMMAND: POST /session/f7ba017eaa8b816e24f68d76f73d024d/element/f.7D4F3E7B3A7890F64A3201E4749DC685.d.81E4ADB2B4F94C5B448EE6ACAB82085A.e.3422/click - {}
RESULT: {}
RESULT: undefined
COMMAND: POST /session/f7ba017eaa8b816e24f68d76f73d024d/execute/async - {"script":"<script> [776 bytes]","args":[{"enterText":"300003","selector":{"controlType":"sap.m.SearchField","properties":{"placeholder":"Search"},"searchOpenDialogs":true,"interaction":{"idSuffix":"I"}},"clearTextFirst":true,"interactionType":"ENTER_TEXT"}]}
COMMAND: GET /session/f7ba017eaa8b816e24f68d76f73d024d/screenshot - {}
RESULT: {"script":"<script> [776 bytes]","args":[{"enterText":"300003","selector":{"controlType":"sap.m.SearchField","properties":{"placeholder":"Search"},"searchOpenDialogs":true,"interaction":{"idSuffix":"I"}},"clearTextFirst":true,"interactionType":"ENTER_TEXT"}]}
COMMAND: POST /session/f7ba017eaa8b816e24f68d76f73d024d/actions - {"actions":[{"id":"action4","type":"key","parameters":{},"actions":[{"type":"keyDown","value":"î€‡"},{"type":"pause","duration":10},{"type":"keyUp","value":"î€‡"}]}]}
RESULT: {}
RESULT: {"actions":[{"id":"action4","type":"key","parameters":{},"actions":[{"type":"keyDown","value":"î€‡"},{"type":"pause","duration":10},{"type":"keyUp","value":"î€‡"}]}]}
COMMAND: GET /session/f7ba017eaa8b816e24f68d76f73d024d/screenshot - {}
RESULT: {}
COMMAND: POST /session/f7ba017eaa8b816e24f68d76f73d024d/element - {"using":"xpath","value":"//span[contains(text(), \"300003\")]"}
RESULT: {"using":"xpath","value":"//span[contains(text(), \"300003\")]"}
COMMAND: POST /session/f7ba017eaa8b816e24f68d76f73d024d/element/f.7D4F3E7B3A7890F64A3201E4749DC685.d.81E4ADB2B4F94C5B448EE6ACAB82085A.e.3472/click - {}
RESULT: {}
COMMAND: GET /session/f7ba017eaa8b816e24f68d76f73d024d/screenshot - {}
RESULT: {}
COMMAND: POST /session/f7ba017eaa8b816e24f68d76f73d024d/element - {"using":"xpath","value":"//bdi[contains(text(), \"OK\")]"}
RESULT: {"using":"xpath","value":"//bdi[contains(text(), \"OK\")]"}
COMMAND: POST /session/f7ba017eaa8b816e24f68d76f73d024d/element/f.7D4F3E7B3A7890F64A3201E4749DC685.d.81E4ADB2B4F94C5B448EE6ACAB82085A.e.3474/click - {}
RESULT: {}
COMMAND: GET /session/f7ba017eaa8b816e24f68d76f73d024d/screenshot - {}
RESULT: {}
COMMAND: POST /session/f7ba017eaa8b816e24f68d76f73d024d/execute/async - {"script":"<script> [1562 bytes]","args":[{"selector":{"id":"application-managepartners-display-component---NewPartner--intercompVendorComboBox-application-managepartners-display-component---NewPartner--assignmentsTable-0-vhi"},"wdio_ui5_key":"applicationmanagepartners-display-component---NewPartner--intercompVendorComboBox-application-managepartners-display-component---NewPartner--assignmentsTable-0-vhi"}]}
RESULT: {"script":"<script> [1562 bytes]","args":[{"selector":{"id":"application-managepartners-display-component---NewPartner--intercompVendorComboBox-application-managepartners-display-component---NewPartner--assignmentsTable-0-vhi"},"wdio_ui5_key":"applicationmanagepartners-display-component---NewPartner--intercompVendorComboBox-application-managepartners-display-component---NewPartner--assignmentsTable-0-vhi"}]}
RESULT: undefined
COMMAND: POST /session/f7ba017eaa8b816e24f68d76f73d024d/element - {"using":"xpath","value":"//*[@id=\"application-managepartners-display-component---NewPartner--intercompVendorComboBox-application-managepartners-display-component---NewPartner--assignmentsTable-0-vhi\"]"}
RESULT: {"using":"xpath","value":"//*[@id=\"application-managepartners-display-component---NewPartner--intercompVendorComboBox-application-managepartners-display-component---NewPartner--assignmentsTable-0-vhi\"]"}
COMMAND: POST /session/f7ba017eaa8b816e24f68d76f73d024d/element/f.7D4F3E7B3A7890F64A3201E4749DC685.d.81E4ADB2B4F94C5B448EE6ACAB82085A.e.3477/click - {}
RESULT: {}
RESULT: undefined
COMMAND: POST /session/f7ba017eaa8b816e24f68d76f73d024d/execute/async - {"script":"<script> [776 bytes]","args":[{"enterText":"100005","selector":{"controlType":"sap.m.SearchField","properties":{"placeholder":"Search"},"searchOpenDialogs":true,"interaction":{"idSuffix":"I"}},"clearTextFirst":true,"interactionType":"ENTER_TEXT"}]}
COMMAND: GET /session/f7ba017eaa8b816e24f68d76f73d024d/screenshot - {}
RESULT: {"script":"<script> [776 bytes]","args":[{"enterText":"100005","selector":{"controlType":"sap.m.SearchField","properties":{"placeholder":"Search"},"searchOpenDialogs":true,"interaction":{"idSuffix":"I"}},"clearTextFirst":true,"interactionType":"ENTER_TEXT"}]}
COMMAND: POST /session/f7ba017eaa8b816e24f68d76f73d024d/actions - {"actions":[{"id":"action5","type":"key","parameters":{},"actions":[{"type":"keyDown","value":"î€‡"},{"type":"pause","duration":10},{"type":"keyUp","value":"î€‡"}]}]}
RESULT: {}
RESULT: {"actions":[{"id":"action5","type":"key","parameters":{},"actions":[{"type":"keyDown","value":"î€‡"},{"type":"pause","duration":10},{"type":"keyUp","value":"î€‡"}]}]}
COMMAND: GET /session/f7ba017eaa8b816e24f68d76f73d024d/screenshot - {}
RESULT: {}
COMMAND: POST /session/f7ba017eaa8b816e24f68d76f73d024d/element - {"using":"xpath","value":"//span[contains(text(), \"Penguins - Field/12345 Berlin\")]"}
RESULT: {"using":"xpath","value":"//span[contains(text(), \"Penguins - Field/12345 Berlin\")]"}
COMMAND: POST /session/f7ba017eaa8b816e24f68d76f73d024d/element/f.7D4F3E7B3A7890F64A3201E4749DC685.d.81E4ADB2B4F94C5B448EE6ACAB82085A.e.3495/click - {}
RESULT: {}
COMMAND: GET /session/f7ba017eaa8b816e24f68d76f73d024d/screenshot - {}
RESULT: {}
COMMAND: POST /session/f7ba017eaa8b816e24f68d76f73d024d/element - {"using":"xpath","value":"//bdi[contains(text(), \"OK\")]"}
RESULT: {"using":"xpath","value":"//bdi[contains(text(), \"OK\")]"}
COMMAND: POST /session/f7ba017eaa8b816e24f68d76f73d024d/element/f.7D4F3E7B3A7890F64A3201E4749DC685.d.81E4ADB2B4F94C5B448EE6ACAB82085A.e.3496/click - {}
RESULT: {}
COMMAND: GET /session/f7ba017eaa8b816e24f68d76f73d024d/screenshot - {}
RESULT: {}
COMMAND: POST /session/f7ba017eaa8b816e24f68d76f73d024d/element - {"using":"xpath","value":"//button[@data-kt=\"saveButton\"]"}
RESULT: {"using":"xpath","value":"//button[@data-kt=\"saveButton\"]"}
COMMAND: POST /session/f7ba017eaa8b816e24f68d76f73d024d/element/f.7D4F3E7B3A7890F64A3201E4749DC685.d.81E4ADB2B4F94C5B448EE6ACAB82085A.e.3269/click - {}
RESULT: {}
COMMAND: GET /session/f7ba017eaa8b816e24f68d76f73d024d/screenshot - {}
RESULT: {}
COMMAND: POST /session/f7ba017eaa8b816e24f68d76f73d024d/element - {"using":"xpath","value":"//header[contains(@id, 'ObjectPageLayout-headerTitle')]/div[1]/div[2]/div[2]/span[1]"}
RESULT: {"using":"xpath","value":"//header[contains(@id, 'ObjectPageLayout-headerTitle')]/div[1]/div[2]/div[2]/span[1]"}
COMMAND: POST /session/f7ba017eaa8b816e24f68d76f73d024d/elements - {"using":"xpath","value":"//header[contains(@id, 'ObjectPageLayout-headerTitle')]/div[1]/div[2]/div[2]/span[1]"}
RESULT: {"using":"xpath","value":"//header[contains(@id, 'ObjectPageLayout-headerTitle')]/div[1]/div[2]/div[2]/span[1]"}
COMMAND: POST /session/f7ba017eaa8b816e24f68d76f73d024d/execute/sync - {"script":"<script> [56 bytes]","args":[{"element-6066-11e4-a52e-4f735466cecf":"f.7D4F3E7B3A7890F64A3201E4749DC685.d.81E4ADB2B4F94C5B448EE6ACAB82085A.e.3606","ELEMENT":"f.7D4F3E7B3A7890F64A3201E4749DC685.d.81E4ADB2B4F94C5B448EE6ACAB82085A.e.3606"}]}
RESULT: {"script":"<script> [56 bytes]","args":[{"element-6066-11e4-a52e-4f735466cecf":"f.7D4F3E7B3A7890F64A3201E4749DC685.d.81E4ADB2B4F94C5B448EE6ACAB82085A.e.3606","ELEMENT":"f.7D4F3E7B3A7890F64A3201E4749DC685.d.81E4ADB2B4F94C5B448EE6ACAB82085A.e.3606"}]}
COMMAND: POST /session/f7ba017eaa8b816e24f68d76f73d024d/element - {"using":"css selector","value":"#shell-header-logo"}
COMMAND: GET /session/f7ba017eaa8b816e24f68d76f73d024d/screenshot - {}
RESULT: {"using":"css selector","value":"#shell-header-logo"}
COMMAND: POST /session/f7ba017eaa8b816e24f68d76f73d024d/element/f.7D4F3E7B3A7890F64A3201E4749DC685.d.81E4ADB2B4F94C5B448EE6ACAB82085A.e.2951/click - {}
RESULT: {}
RESULT: {}
COMMAND: GET /session/f7ba017eaa8b816e24f68d76f73d024d/screenshot - {}
RESULT: {}
COMMAND: POST /session/f7ba017eaa8b816e24f68d76f73d024d/execute/sync - {"script":"<script> [299 bytes]","args":[["getModel","getResource"]]}
RESULT: {"script":"<script> [299 bytes]","args":[["getModel","getResource"]]}
]]></system-out>
    </testcase>
    <testcase classname="chrome.137_0_7151_69.windows.Billing_Transfer_-_Master_data_&amp;_Intercompany_US127250" name="Should create a new site" time="159.078">
      <system-out><![CDATA[
COMMAND: GET /session/f7ba017eaa8b816e24f68d76f73d024d/screenshot - {}
COMMAND: POST /session/f7ba017eaa8b816e24f68d76f73d024d/execute/async - {"script":"<script> [1562 bytes]","args":[{"selector":{"controlType":"sap.m.GenericTile","properties":{"header":"Manage Sites"}},"wdio_ui5_key":"sapm.GenericTile{\"header\":\"Manage Sites\"}"}]}
RESULT: {}
RESULT: {"script":"<script> [1562 bytes]","args":[{"selector":{"controlType":"sap.m.GenericTile","properties":{"header":"Manage Sites"}},"wdio_ui5_key":"sapm.GenericTile{\"header\":\"Manage Sites\"}"}]}
RESULT: undefined
COMMAND: POST /session/f7ba017eaa8b816e24f68d76f73d024d/element - {"using":"xpath","value":"//*[@id=\"__tile41\"]"}
RESULT: {"using":"xpath","value":"//*[@id=\"__tile41\"]"}
COMMAND: POST /session/f7ba017eaa8b816e24f68d76f73d024d/element/f.7D4F3E7B3A7890F64A3201E4749DC685.d.81E4ADB2B4F94C5B448EE6ACAB82085A.e.2111/click - {}
RESULT: {}
COMMAND: GET /session/f7ba017eaa8b816e24f68d76f73d024d/screenshot - {}
RESULT: {}
COMMAND: POST /session/f7ba017eaa8b816e24f68d76f73d024d/elements - {"using":"xpath","value":"//span[text()='Error']"}
RESULT: {"using":"xpath","value":"//span[text()='Error']"}
COMMAND: POST /session/f7ba017eaa8b816e24f68d76f73d024d/element - {"using":"xpath","value":"//button[@data-kt=\"addOverflowToolbarButton\"]"}
RESULT: {"using":"xpath","value":"//button[@data-kt=\"addOverflowToolbarButton\"]"}
COMMAND: POST /session/f7ba017eaa8b816e24f68d76f73d024d/elements - {"using":"xpath","value":"//button[@data-kt=\"addOverflowToolbarButton\"]"}
RESULT: {"using":"xpath","value":"//button[@data-kt=\"addOverflowToolbarButton\"]"}
COMMAND: POST /session/f7ba017eaa8b816e24f68d76f73d024d/execute/sync - {"script":"<script> [8489 bytes]","args":[{"element-6066-11e4-a52e-4f735466cecf":"f.7D4F3E7B3A7890F64A3201E4749DC685.d.81E4ADB2B4F94C5B448EE6ACAB82085A.e.3655","ELEMENT":"f.7D4F3E7B3A7890F64A3201E4749DC685.d.81E4ADB2B4F94C5B448EE6ACAB82085A.e.3655"}]}
RESULT: {"script":"<script> [8489 bytes]","args":[{"element-6066-11e4-a52e-4f735466cecf":"f.7D4F3E7B3A7890F64A3201E4749DC685.d.81E4ADB2B4F94C5B448EE6ACAB82085A.e.3655","ELEMENT":"f.7D4F3E7B3A7890F64A3201E4749DC685.d.81E4ADB2B4F94C5B448EE6ACAB82085A.e.3655"}]}
COMMAND: GET /session/f7ba017eaa8b816e24f68d76f73d024d/element/f.7D4F3E7B3A7890F64A3201E4749DC685.d.81E4ADB2B4F94C5B448EE6ACAB82085A.e.3655/enabled - {}
COMMAND: GET /session/f7ba017eaa8b816e24f68d76f73d024d/screenshot - {}
RESULT: {}
COMMAND: POST /session/f7ba017eaa8b816e24f68d76f73d024d/execute/sync - {"script":"<script> [8489 bytes]","args":[{"element-6066-11e4-a52e-4f735466cecf":"f.7D4F3E7B3A7890F64A3201E4749DC685.d.81E4ADB2B4F94C5B448EE6ACAB82085A.e.3655","ELEMENT":"f.7D4F3E7B3A7890F64A3201E4749DC685.d.81E4ADB2B4F94C5B448EE6ACAB82085A.e.3655"}]}
COMMAND: GET /session/f7ba017eaa8b816e24f68d76f73d024d/screenshot - {}
RESULT: {}
RESULT: {"script":"<script> [8489 bytes]","args":[{"element-6066-11e4-a52e-4f735466cecf":"f.7D4F3E7B3A7890F64A3201E4749DC685.d.81E4ADB2B4F94C5B448EE6ACAB82085A.e.3655","ELEMENT":"f.7D4F3E7B3A7890F64A3201E4749DC685.d.81E4ADB2B4F94C5B448EE6ACAB82085A.e.3655"}]}
COMMAND: POST /session/f7ba017eaa8b816e24f68d76f73d024d/execute/sync - {"script":"<script> [5351 bytes]","args":[{"element-6066-11e4-a52e-4f735466cecf":"f.7D4F3E7B3A7890F64A3201E4749DC685.d.81E4ADB2B4F94C5B448EE6ACAB82085A.e.3655","ELEMENT":"f.7D4F3E7B3A7890F64A3201E4749DC685.d.81E4ADB2B4F94C5B448EE6ACAB82085A.e.3655"}]}
COMMAND: GET /session/f7ba017eaa8b816e24f68d76f73d024d/screenshot - {}
RESULT: {}
RESULT: {"script":"<script> [5351 bytes]","args":[{"element-6066-11e4-a52e-4f735466cecf":"f.7D4F3E7B3A7890F64A3201E4749DC685.d.81E4ADB2B4F94C5B448EE6ACAB82085A.e.3655","ELEMENT":"f.7D4F3E7B3A7890F64A3201E4749DC685.d.81E4ADB2B4F94C5B448EE6ACAB82085A.e.3655"}]}
COMMAND: POST /session/f7ba017eaa8b816e24f68d76f73d024d/element/f.7D4F3E7B3A7890F64A3201E4749DC685.d.81E4ADB2B4F94C5B448EE6ACAB82085A.e.3655/click - {}
COMMAND: GET /session/f7ba017eaa8b816e24f68d76f73d024d/screenshot - {}
RESULT: {}
RESULT: {}
COMMAND: GET /session/f7ba017eaa8b816e24f68d76f73d024d/screenshot - {}
RESULT: {}
RESULT: {}
COMMAND: POST /session/f7ba017eaa8b816e24f68d76f73d024d/element - {"using":"xpath","value":"//input[@id=\"application-managesites-display-component---NewSite--siteId-inner\"]"}
RESULT: {"using":"xpath","value":"//input[@id=\"application-managesites-display-component---NewSite--siteId-inner\"]"}
COMMAND: POST /session/f7ba017eaa8b816e24f68d76f73d024d/element - {"using":"xpath","value":"//input[@id=\"application-managesites-display-component---NewSite--siteId-inner\"]"}
RESULT: {"using":"xpath","value":"//input[@id=\"application-managesites-display-component---NewSite--siteId-inner\"]"}
COMMAND: POST /session/f7ba017eaa8b816e24f68d76f73d024d/execute/async - {"script":"<script> [1562 bytes]","args":[{"selector":{"id":"application-managesites-display-component---NewSite--addressDetailDetailsName1","interaction":{"idSuffix":"inner"}},"wdio_ui5_key":"applicationmanagesites-display-component---NewSite--addressDetailDetailsName1"}]}
RESULT: {"script":"<script> [1562 bytes]","args":[{"selector":{"id":"application-managesites-display-component---NewSite--addressDetailDetailsName1","interaction":{"idSuffix":"inner"}},"wdio_ui5_key":"applicationmanagesites-display-component---NewSite--addressDetailDetailsName1"}]}
RESULT: undefined
COMMAND: POST /session/f7ba017eaa8b816e24f68d76f73d024d/execute/async - {"script":"<script> [776 bytes]","args":[{"enterText":"Intercompany Site wdIO","selector":{"id":"application-managesites-display-component---NewSite--addressDetailDetailsName1","interaction":{"idSuffix":"inner"}},"clearTextFirst":true,"interactionType":"ENTER_TEXT"}]}
RESULT: {"script":"<script> [776 bytes]","args":[{"enterText":"Intercompany Site wdIO","selector":{"id":"application-managesites-display-component---NewSite--addressDetailDetailsName1","interaction":{"idSuffix":"inner"}},"clearTextFirst":true,"interactionType":"ENTER_TEXT"}]}
COMMAND: POST /session/f7ba017eaa8b816e24f68d76f73d024d/execute/async - {"script":"<script> [1562 bytes]","args":[{"selector":{"id":"application-managesites-display-component---NewSite--addressDetailDetailsLanguage-arrow"},"wdio_ui5_key":"applicationmanagesites-display-component---NewSite--addressDetailDetailsLanguage-arrow"}]}
RESULT: {"script":"<script> [1562 bytes]","args":[{"selector":{"id":"application-managesites-display-component---NewSite--addressDetailDetailsLanguage-arrow"},"wdio_ui5_key":"applicationmanagesites-display-component---NewSite--addressDetailDetailsLanguage-arrow"}]}
RESULT: undefined
COMMAND: POST /session/f7ba017eaa8b816e24f68d76f73d024d/element - {"using":"xpath","value":"//*[@id=\"application-managesites-display-component---NewSite--addressDetailDetailsLanguage-arrow\"]"}
RESULT: {"using":"xpath","value":"//*[@id=\"application-managesites-display-component---NewSite--addressDetailDetailsLanguage-arrow\"]"}
COMMAND: POST /session/f7ba017eaa8b816e24f68d76f73d024d/element/f.7D4F3E7B3A7890F64A3201E4749DC685.d.81E4ADB2B4F94C5B448EE6ACAB82085A.e.3965/click - {}
RESULT: {}
COMMAND: POST /session/f7ba017eaa8b816e24f68d76f73d024d/element - {"using":"xpath","value":"//span[contains(text(), \"English\")]"}
COMMAND: GET /session/f7ba017eaa8b816e24f68d76f73d024d/screenshot - {}
RESULT: {"using":"xpath","value":"//span[contains(text(), \"English\")]"}
COMMAND: POST /session/f7ba017eaa8b816e24f68d76f73d024d/element/f.7D4F3E7B3A7890F64A3201E4749DC685.d.81E4ADB2B4F94C5B448EE6ACAB82085A.e.3966/click - {}
RESULT: {}
RESULT: {}
COMMAND: POST /session/f7ba017eaa8b816e24f68d76f73d024d/execute/async - {"script":"<script> [1562 bytes]","args":[{"selector":{"id":"application-managesites-display-component---NewSite--addressDetailDetailsCity1","interaction":{"idSuffix":"inner"}},"wdio_ui5_key":"applicationmanagesites-display-component---NewSite--addressDetailDetailsCity1"}]}
COMMAND: GET /session/f7ba017eaa8b816e24f68d76f73d024d/screenshot - {}
RESULT: {"script":"<script> [1562 bytes]","args":[{"selector":{"id":"application-managesites-display-component---NewSite--addressDetailDetailsCity1","interaction":{"idSuffix":"inner"}},"wdio_ui5_key":"applicationmanagesites-display-component---NewSite--addressDetailDetailsCity1"}]}
RESULT: undefined
COMMAND: POST /session/f7ba017eaa8b816e24f68d76f73d024d/execute/async - {"script":"<script> [776 bytes]","args":[{"enterText":"Rosario","selector":{"id":"application-managesites-display-component---NewSite--addressDetailDetailsCity1","interaction":{"idSuffix":"inner"}},"clearTextFirst":true,"interactionType":"ENTER_TEXT"}]}
RESULT: {}
RESULT: {"script":"<script> [776 bytes]","args":[{"enterText":"Rosario","selector":{"id":"application-managesites-display-component---NewSite--addressDetailDetailsCity1","interaction":{"idSuffix":"inner"}},"clearTextFirst":true,"interactionType":"ENTER_TEXT"}]}
COMMAND: POST /session/f7ba017eaa8b816e24f68d76f73d024d/execute/async - {"script":"<script> [1562 bytes]","args":[{"selector":{"id":"application-managesites-display-component---NewSite--addressDetailDetailsCountry-arrow"},"wdio_ui5_key":"applicationmanagesites-display-component---NewSite--addressDetailDetailsCountry-arrow"}]}
RESULT: {"script":"<script> [1562 bytes]","args":[{"selector":{"id":"application-managesites-display-component---NewSite--addressDetailDetailsCountry-arrow"},"wdio_ui5_key":"applicationmanagesites-display-component---NewSite--addressDetailDetailsCountry-arrow"}]}
RESULT: undefined
COMMAND: POST /session/f7ba017eaa8b816e24f68d76f73d024d/element - {"using":"xpath","value":"//*[@id=\"application-managesites-display-component---NewSite--addressDetailDetailsCountry-arrow\"]"}
RESULT: {"using":"xpath","value":"//*[@id=\"application-managesites-display-component---NewSite--addressDetailDetailsCountry-arrow\"]"}
COMMAND: POST /session/f7ba017eaa8b816e24f68d76f73d024d/element/f.7D4F3E7B3A7890F64A3201E4749DC685.d.81E4ADB2B4F94C5B448EE6ACAB82085A.e.3968/click - {}
RESULT: {}
COMMAND: POST /session/f7ba017eaa8b816e24f68d76f73d024d/element - {"using":"xpath","value":"//span[contains(text(), \"Argentina\")]"}
COMMAND: GET /session/f7ba017eaa8b816e24f68d76f73d024d/screenshot - {}
RESULT: {"using":"xpath","value":"//span[contains(text(), \"Argentina\")]"}
COMMAND: POST /session/f7ba017eaa8b816e24f68d76f73d024d/element/f.7D4F3E7B3A7890F64A3201E4749DC685.d.81E4ADB2B4F94C5B448EE6ACAB82085A.e.3969/click - {}
RESULT: {}
RESULT: {}
COMMAND: GET /session/f7ba017eaa8b816e24f68d76f73d024d/screenshot - {}
RESULT: {}
COMMAND: POST /session/f7ba017eaa8b816e24f68d76f73d024d/execute/async - {"script":"<script> [1562 bytes]","args":[{"selector":{"id":"application-managesites-display-component---NewSite--addressEditDetailsCostObjectCstType-arrow"},"wdio_ui5_key":"applicationmanagesites-display-component---NewSite--addressEditDetailsCostObjectCstType-arrow"}]}
RESULT: {"script":"<script> [1562 bytes]","args":[{"selector":{"id":"application-managesites-display-component---NewSite--addressEditDetailsCostObjectCstType-arrow"},"wdio_ui5_key":"applicationmanagesites-display-component---NewSite--addressEditDetailsCostObjectCstType-arrow"}]}
RESULT: undefined
COMMAND: POST /session/f7ba017eaa8b816e24f68d76f73d024d/element - {"using":"xpath","value":"//*[@id=\"application-managesites-display-component---NewSite--addressEditDetailsCostObjectCstType-arrow\"]"}
RESULT: {"using":"xpath","value":"//*[@id=\"application-managesites-display-component---NewSite--addressEditDetailsCostObjectCstType-arrow\"]"}
COMMAND: POST /session/f7ba017eaa8b816e24f68d76f73d024d/element/f.7D4F3E7B3A7890F64A3201E4749DC685.d.81E4ADB2B4F94C5B448EE6ACAB82085A.e.3971/click - {}
RESULT: {}
COMMAND: POST /session/f7ba017eaa8b816e24f68d76f73d024d/element - {"using":"xpath","value":"//span[contains(text(), \"Cost Center\")]"}
COMMAND: GET /session/f7ba017eaa8b816e24f68d76f73d024d/screenshot - {}
RESULT: {"using":"xpath","value":"//span[contains(text(), \"Cost Center\")]"}
COMMAND: POST /session/f7ba017eaa8b816e24f68d76f73d024d/element/f.7D4F3E7B3A7890F64A3201E4749DC685.d.81E4ADB2B4F94C5B448EE6ACAB82085A.e.3972/click - {}
RESULT: {}
RESULT: {}
COMMAND: GET /session/f7ba017eaa8b816e24f68d76f73d024d/screenshot - {}
RESULT: {}
COMMAND: POST /session/f7ba017eaa8b816e24f68d76f73d024d/element - {"using":"xpath","value":"//span[@id=\"application-managesites-display-component---NewSite--addressNewCostObjectCstID-vhi\"]"}
RESULT: {"using":"xpath","value":"//span[@id=\"application-managesites-display-component---NewSite--addressNewCostObjectCstID-vhi\"]"}
COMMAND: POST /session/f7ba017eaa8b816e24f68d76f73d024d/execute/sync - {"script":"<script> [8489 bytes]","args":[{"element-6066-11e4-a52e-4f735466cecf":"f.7D4F3E7B3A7890F64A3201E4749DC685.d.81E4ADB2B4F94C5B448EE6ACAB82085A.e.3977","ELEMENT":"f.7D4F3E7B3A7890F64A3201E4749DC685.d.81E4ADB2B4F94C5B448EE6ACAB82085A.e.3977"}]}
RESULT: {"script":"<script> [8489 bytes]","args":[{"element-6066-11e4-a52e-4f735466cecf":"f.7D4F3E7B3A7890F64A3201E4749DC685.d.81E4ADB2B4F94C5B448EE6ACAB82085A.e.3977","ELEMENT":"f.7D4F3E7B3A7890F64A3201E4749DC685.d.81E4ADB2B4F94C5B448EE6ACAB82085A.e.3977"}]}
COMMAND: POST /session/f7ba017eaa8b816e24f68d76f73d024d/execute/async - {"script":"<script> [1562 bytes]","args":[{"selector":{"id":"application-managesites-display-component---NewSite--addressNewCostObjectCstID-vhi"},"wdio_ui5_key":"applicationmanagesites-display-component---NewSite--addressNewCostObjectCstID-vhi"}]}
COMMAND: GET /session/f7ba017eaa8b816e24f68d76f73d024d/screenshot - {}
RESULT: {"script":"<script> [1562 bytes]","args":[{"selector":{"id":"application-managesites-display-component---NewSite--addressNewCostObjectCstID-vhi"},"wdio_ui5_key":"applicationmanagesites-display-component---NewSite--addressNewCostObjectCstID-vhi"}]}
RESULT: undefined
COMMAND: POST /session/f7ba017eaa8b816e24f68d76f73d024d/element - {"using":"xpath","value":"//*[@id=\"application-managesites-display-component---NewSite--addressNewCostObjectCstID-vhi\"]"}
RESULT: {}
RESULT: {"using":"xpath","value":"//*[@id=\"application-managesites-display-component---NewSite--addressNewCostObjectCstID-vhi\"]"}
COMMAND: POST /session/f7ba017eaa8b816e24f68d76f73d024d/element/f.7D4F3E7B3A7890F64A3201E4749DC685.d.81E4ADB2B4F94C5B448EE6ACAB82085A.e.3977/click - {}
RESULT: {}
COMMAND: GET /session/f7ba017eaa8b816e24f68d76f73d024d/screenshot - {}
RESULT: {}
RESULT: undefined
COMMAND: POST /session/f7ba017eaa8b816e24f68d76f73d024d/execute/async - {"script":"<script> [776 bytes]","args":[{"enterText":"10001013","selector":{"controlType":"sap.m.SearchField","properties":{"placeholder":"Search"},"searchOpenDialogs":true,"interaction":{"idSuffix":"I"}},"clearTextFirst":true,"interactionType":"ENTER_TEXT"}]}
RESULT: {"script":"<script> [776 bytes]","args":[{"enterText":"10001013","selector":{"controlType":"sap.m.SearchField","properties":{"placeholder":"Search"},"searchOpenDialogs":true,"interaction":{"idSuffix":"I"}},"clearTextFirst":true,"interactionType":"ENTER_TEXT"}]}
COMMAND: POST /session/f7ba017eaa8b816e24f68d76f73d024d/actions - {"actions":[{"id":"action6","type":"key","parameters":{},"actions":[{"type":"keyDown","value":"î€‡"},{"type":"pause","duration":10},{"type":"keyUp","value":"î€‡"}]}]}
RESULT: {"actions":[{"id":"action6","type":"key","parameters":{},"actions":[{"type":"keyDown","value":"î€‡"},{"type":"pause","duration":10},{"type":"keyUp","value":"î€‡"}]}]}
COMMAND: GET /session/f7ba017eaa8b816e24f68d76f73d024d/screenshot - {}
RESULT: {}
COMMAND: POST /session/f7ba017eaa8b816e24f68d76f73d024d/element - {"using":"xpath","value":"//span[contains(text(), \"General Management\")]"}
RESULT: {"using":"xpath","value":"//span[contains(text(), \"General Management\")]"}
COMMAND: POST /session/f7ba017eaa8b816e24f68d76f73d024d/element/f.7D4F3E7B3A7890F64A3201E4749DC685.d.81E4ADB2B4F94C5B448EE6ACAB82085A.e.4016/click - {}
RESULT: {}
COMMAND: GET /session/f7ba017eaa8b816e24f68d76f73d024d/screenshot - {}
RESULT: {}
COMMAND: POST /session/f7ba017eaa8b816e24f68d76f73d024d/element - {"using":"xpath","value":"//bdi[contains(text(), \"OK\")]"}
RESULT: {"using":"xpath","value":"//bdi[contains(text(), \"OK\")]"}
COMMAND: POST /session/f7ba017eaa8b816e24f68d76f73d024d/element/f.7D4F3E7B3A7890F64A3201E4749DC685.d.81E4ADB2B4F94C5B448EE6ACAB82085A.e.4017/click - {}
RESULT: {}
COMMAND: GET /session/f7ba017eaa8b816e24f68d76f73d024d/screenshot - {}
RESULT: {}
COMMAND: POST /session/f7ba017eaa8b816e24f68d76f73d024d/element - {"using":"xpath","value":"//input[@id=\"application-managesites-display-component---NewSite--addressDetailDetailsCalendar-inner\"]"}
RESULT: {"using":"xpath","value":"//input[@id=\"application-managesites-display-component---NewSite--addressDetailDetailsCalendar-inner\"]"}
COMMAND: POST /session/f7ba017eaa8b816e24f68d76f73d024d/element/f.7D4F3E7B3A7890F64A3201E4749DC685.d.81E4ADB2B4F94C5B448EE6ACAB82085A.e.3800/clear - {}
RESULT: {}
COMMAND: POST /session/f7ba017eaa8b816e24f68d76f73d024d/element/f.7D4F3E7B3A7890F64A3201E4749DC685.d.81E4ADB2B4F94C5B448EE6ACAB82085A.e.3800/value - {"text":"Unit"}
COMMAND: GET /session/f7ba017eaa8b816e24f68d76f73d024d/screenshot - {}
RESULT: {"text":"Unit"}
COMMAND: GET /session/f7ba017eaa8b816e24f68d76f73d024d/screenshot - {}
RESULT: {}
RESULT: {}
COMMAND: POST /session/f7ba017eaa8b816e24f68d76f73d024d/actions - {"actions":[{"id":"action7","type":"key","parameters":{},"actions":[{"type":"keyDown","value":"î€‡"},{"type":"pause","duration":10},{"type":"keyUp","value":"î€‡"}]}]}
RESULT: {"actions":[{"id":"action7","type":"key","parameters":{},"actions":[{"type":"keyDown","value":"î€‡"},{"type":"pause","duration":10},{"type":"keyUp","value":"î€‡"}]}]}
COMMAND: POST /session/f7ba017eaa8b816e24f68d76f73d024d/element - {"using":"xpath","value":"//input[@id=\"application-managesites-display-component---NewSite--addressDetailDetailsYard-inner\"]"}
COMMAND: GET /session/f7ba017eaa8b816e24f68d76f73d024d/screenshot - {}
RESULT: {"using":"xpath","value":"//input[@id=\"application-managesites-display-component---NewSite--addressDetailDetailsYard-inner\"]"}
COMMAND: POST /session/f7ba017eaa8b816e24f68d76f73d024d/element/f.7D4F3E7B3A7890F64A3201E4749DC685.d.81E4ADB2B4F94C5B448EE6ACAB82085A.e.3801/clear - {}
RESULT: {}
RESULT: {}
COMMAND: POST /session/f7ba017eaa8b816e24f68d76f73d024d/element/f.7D4F3E7B3A7890F64A3201E4749DC685.d.81E4ADB2B4F94C5B448EE6ACAB82085A.e.3801/value - {"text":"194"}
COMMAND: GET /session/f7ba017eaa8b816e24f68d76f73d024d/screenshot - {}
RESULT: {"text":"194"}
COMMAND: GET /session/f7ba017eaa8b816e24f68d76f73d024d/screenshot - {}
RESULT: {}
RESULT: {}
COMMAND: POST /session/f7ba017eaa8b816e24f68d76f73d024d/element - {"using":"xpath","value":"//li[.//span[text()='194']]"}
RESULT: {"using":"xpath","value":"//li[.//span[text()='194']]"}
COMMAND: POST /session/f7ba017eaa8b816e24f68d76f73d024d/element/f.7D4F3E7B3A7890F64A3201E4749DC685.d.81E4ADB2B4F94C5B448EE6ACAB82085A.e.4025/click - {}
RESULT: {}
COMMAND: GET /session/f7ba017eaa8b816e24f68d76f73d024d/screenshot - {}
RESULT: {}
COMMAND: POST /session/f7ba017eaa8b816e24f68d76f73d024d/element - {"using":"xpath","value":"//input[@id=\"application-managesites-display-component---NewSite--addressDetailDetailsPartner-inner\"]"}
RESULT: {"using":"xpath","value":"//input[@id=\"application-managesites-display-component---NewSite--addressDetailDetailsPartner-inner\"]"}
COMMAND: POST /session/f7ba017eaa8b816e24f68d76f73d024d/element - {"using":"xpath","value":"//input[@id=\"application-managesites-display-component---NewSite--addressDetailDetailsPartner-inner\"]"}
RESULT: {"using":"xpath","value":"//input[@id=\"application-managesites-display-component---NewSite--addressDetailDetailsPartner-inner\"]"}
COMMAND: POST /session/f7ba017eaa8b816e24f68d76f73d024d/element - {"using":"xpath","value":"//button[@data-kt=\"saveButton\"]"}
RESULT: {"using":"xpath","value":"//button[@data-kt=\"saveButton\"]"}
COMMAND: POST /session/f7ba017eaa8b816e24f68d76f73d024d/element/f.7D4F3E7B3A7890F64A3201E4749DC685.d.81E4ADB2B4F94C5B448EE6ACAB82085A.e.3949/click - {}
RESULT: {}
COMMAND: GET /session/f7ba017eaa8b816e24f68d76f73d024d/screenshot - {}
RESULT: {}
COMMAND: POST /session/f7ba017eaa8b816e24f68d76f73d024d/element - {"using":"xpath","value":"//header[contains(@id, 'ObjectPageLayout-headerTitle')]/div[1]/div[2]/div[2]/span[1]"}
RESULT: {"using":"xpath","value":"//header[contains(@id, 'ObjectPageLayout-headerTitle')]/div[1]/div[2]/div[2]/span[1]"}
COMMAND: POST /session/f7ba017eaa8b816e24f68d76f73d024d/elements - {"using":"xpath","value":"//header[contains(@id, 'ObjectPageLayout-headerTitle')]/div[1]/div[2]/div[2]/span[1]"}
RESULT: {"using":"xpath","value":"//header[contains(@id, 'ObjectPageLayout-headerTitle')]/div[1]/div[2]/div[2]/span[1]"}
COMMAND: POST /session/f7ba017eaa8b816e24f68d76f73d024d/execute/sync - {"script":"<script> [56 bytes]","args":[{"element-6066-11e4-a52e-4f735466cecf":"f.7D4F3E7B3A7890F64A3201E4749DC685.d.81E4ADB2B4F94C5B448EE6ACAB82085A.e.4180","ELEMENT":"f.7D4F3E7B3A7890F64A3201E4749DC685.d.81E4ADB2B4F94C5B448EE6ACAB82085A.e.4180"}]}
RESULT: {"script":"<script> [56 bytes]","args":[{"element-6066-11e4-a52e-4f735466cecf":"f.7D4F3E7B3A7890F64A3201E4749DC685.d.81E4ADB2B4F94C5B448EE6ACAB82085A.e.4180","ELEMENT":"f.7D4F3E7B3A7890F64A3201E4749DC685.d.81E4ADB2B4F94C5B448EE6ACAB82085A.e.4180"}]}
COMMAND: POST /session/f7ba017eaa8b816e24f68d76f73d024d/element - {"using":"css selector","value":"#shell-header-logo"}
COMMAND: GET /session/f7ba017eaa8b816e24f68d76f73d024d/screenshot - {}
RESULT: {"using":"css selector","value":"#shell-header-logo"}
COMMAND: POST /session/f7ba017eaa8b816e24f68d76f73d024d/element/f.7D4F3E7B3A7890F64A3201E4749DC685.d.81E4ADB2B4F94C5B448EE6ACAB82085A.e.3612/click - {}
RESULT: {}
RESULT: {}
COMMAND: GET /session/f7ba017eaa8b816e24f68d76f73d024d/screenshot - {}
RESULT: {}
COMMAND: POST /session/f7ba017eaa8b816e24f68d76f73d024d/execute/sync - {"script":"<script> [299 bytes]","args":[["getModel","getResource"]]}
RESULT: {"script":"<script> [299 bytes]","args":[["getModel","getResource"]]}
COMMAND: POST /session/f7ba017eaa8b816e24f68d76f73d024d/actions - {"actions":[{"id":"action8","type":"key","parameters":{},"actions":[{"type":"keyDown","value":"î€‡"},{"type":"pause","duration":10},{"type":"keyUp","value":"î€‡"}]}]}
COMMAND: GET /session/f7ba017eaa8b816e24f68d76f73d024d/screenshot - {}
RESULT: {"actions":[{"id":"action8","type":"key","parameters":{},"actions":[{"type":"keyDown","value":"î€‡"},{"type":"pause","duration":10},{"type":"keyUp","value":"î€‡"}]}]}
COMMAND: GET /session/f7ba017eaa8b816e24f68d76f73d024d/screenshot - {}
RESULT: {}
RESULT: {}
COMMAND: POST /session/f7ba017eaa8b816e24f68d76f73d024d/refresh - {}
RESULT: {}
COMMAND: GET /session/f7ba017eaa8b816e24f68d76f73d024d/screenshot - {}
RESULT: {}
COMMAND: POST /session/f7ba017eaa8b816e24f68d76f73d024d/refresh - {}
RESULT: {}
COMMAND: GET /session/f7ba017eaa8b816e24f68d76f73d024d/screenshot - {}
RESULT: {}
COMMAND: POST /session/f7ba017eaa8b816e24f68d76f73d024d/window/fullscreen - {}
RESULT: {}
COMMAND: POST /session/f7ba017eaa8b816e24f68d76f73d024d/execute/async - {"script":"<script> [189 bytes]","args":[]}
RESULT: {"script":"<script> [189 bytes]","args":[]}
COMMAND: POST /session/f7ba017eaa8b816e24f68d76f73d024d/execute/async - {"script":"<script> [123 bytes]","args":[]}
RESULT: {"script":"<script> [123 bytes]","args":[]}
COMMAND: POST /session/f7ba017eaa8b816e24f68d76f73d024d/timeouts - {"script":"<number>"}
RESULT: {"script":"<number>"}
COMMAND: GET /session/f7ba017eaa8b816e24f68d76f73d024d/timeouts - {}
RESULT: {}
RESULT: undefined
COMMAND: POST /session/f7ba017eaa8b816e24f68d76f73d024d/execute/async - {"script":"<script> [2676 bytes]","args":[]}
RESULT: {"script":"<script> [2676 bytes]","args":[]}
COMMAND: POST /session/f7ba017eaa8b816e24f68d76f73d024d/execute/async - {"script":"<script> [2342 bytes]","args":[{"protocol":"http","hostname":"0.0.0.0","path":"/","capabilities":{"browserName":"chrome","goog:chromeOptions":{"binary":"C:\\Program Files\\Google\\Chrome\\Application\\chrome.exe","args":["--start-maximized"]}},"logLevel":"warn","connectionRetryTimeout":120000,"connectionRetryCount":3,"logLevels":{},"enableDirectConnect":true,"strictSSL":true,"_":"65 more keys: [\"cacheDir\",\"port\",\"requestedCapabilities\",\"automationProtocol\",\"baseUrl\",\"waitforInterval\",\"waitforTimeout\",\"onReload\",\"beforeCommand\",\"afterCommand\",\"rootDir\",\"specs\",\"suites\",\"exclude\",\"groupLogsByTestSpec\",\"excludeDriverLogs\",\"bail\",\"framework\",\"reporters\",\"services\",\"maxInstances\",\"maxInstancesPerCapability\",\"injectGlobals\",\"filesToWatch\",\"execArgv\",\"runnerEnv\",\"runner\",\"shard\",\"specFileRetries\",\"specFileRetriesDelay\",\"specFileRetriesDeferred\",\"reporterSyncInterval\",\"reporterSyncTimeout\",\"cucumberFeaturesWithLineNumbers\",\"autoCompileOpts\",\"mochaOpts\",\"jasmineOpts\",\"cucumberOpts\",\"onPrepare\",\"onWorkerStart\",\"onWorkerEnd\",\"before\",\"beforeSession\",\"beforeSuite\",\"beforeHook\",\"beforeTest\",\"afterTest\",\"afterHook\",\"afterSuite\",\"afterSession\",\"after\",\"onComplete\",\"beforeAssertion\",\"afterAssertion\",\"beforeFeature\",\"beforeScenario\",\"beforeStep\",\"afterStep\",\"afterScenario\",\"afterFeature\",\"_\",\"suite\",\"$0\",\"ignoredWorkerServices\",\"wdi5\"]"}]}
RESULT: {"script":"<script> [2342 bytes]","args":[{"protocol":"http","hostname":"0.0.0.0","path":"/","capabilities":{"browserName":"chrome","goog:chromeOptions":{"binary":"C:\\Program Files\\Google\\Chrome\\Application\\chrome.exe","args":["--start-maximized"]}},"logLevel":"warn","connectionRetryTimeout":120000,"connectionRetryCount":3,"logLevels":{},"enableDirectConnect":true,"strictSSL":true,"_":"65 more keys: [\"cacheDir\",\"port\",\"requestedCapabilities\",\"automationProtocol\",\"baseUrl\",\"waitforInterval\",\"waitforTimeout\",\"onReload\",\"beforeCommand\",\"afterCommand\",\"rootDir\",\"specs\",\"suites\",\"exclude\",\"groupLogsByTestSpec\",\"excludeDriverLogs\",\"bail\",\"framework\",\"reporters\",\"services\",\"maxInstances\",\"maxInstancesPerCapability\",\"injectGlobals\",\"filesToWatch\",\"execArgv\",\"runnerEnv\",\"runner\",\"shard\",\"specFileRetries\",\"specFileRetriesDelay\",\"specFileRetriesDeferred\",\"reporterSyncInterval\",\"reporterSyncTimeout\",\"cucumberFeaturesWithLineNumbers\",\"autoCompileOpts\",\"mochaOpts\",\"jasmineOpts\",\"cucumberOpts\",\"onPrepare\",\"onWorkerStart\",\"onWorkerEnd\",\"before\",\"beforeSession\",\"beforeSuite\",\"beforeHook\",\"beforeTest\",\"afterTest\",\"afterHook\",\"afterSuite\",\"afterSession\",\"after\",\"onComplete\",\"beforeAssertion\",\"afterAssertion\",\"beforeFeature\",\"beforeScenario\",\"beforeStep\",\"afterStep\",\"afterScenario\",\"afterFeature\",\"_\",\"suite\",\"$0\",\"ignoredWorkerServices\",\"wdi5\"]"}]}
COMMAND: POST /session/f7ba017eaa8b816e24f68d76f73d024d/execute/async - {"script":"<script> [21126 bytes]","args":[35000]}
RESULT: {"script":"<script> [21126 bytes]","args":[35000]}
COMMAND: POST /session/f7ba017eaa8b816e24f68d76f73d024d/window/fullscreen - {}
RESULT: {}
]]></system-out>
    </testcase>
    <testcase classname="chrome.137_0_7151_69.windows.Billing_Transfer_-_Master_data_&amp;_Intercompany_US127250" name="Should create a new equipment" time="140.847">
      <system-out><![CDATA[
COMMAND: POST /session/f7ba017eaa8b816e24f68d76f73d024d/execute/async - {"script":"<script> [1562 bytes]","args":[{"selector":{"controlType":"sap.m.GenericTile","properties":{"header":"Manage Resources"}},"wdio_ui5_key":"sapm.GenericTile{\"header\":\"Manage Resources\"}"}]}
RESULT: {"script":"<script> [1562 bytes]","args":[{"selector":{"controlType":"sap.m.GenericTile","properties":{"header":"Manage Resources"}},"wdio_ui5_key":"sapm.GenericTile{\"header\":\"Manage Resources\"}"}]}
RESULT: undefined
COMMAND: POST /session/f7ba017eaa8b816e24f68d76f73d024d/element - {"using":"xpath","value":"//*[@id=\"__tile32\"]"}
RESULT: {"using":"xpath","value":"//*[@id=\"__tile32\"]"}
COMMAND: POST /session/f7ba017eaa8b816e24f68d76f73d024d/element/f.7D4F3E7B3A7890F64A3201E4749DC685.d.C9B83B0EF5B7E97B651D264E154A4915.e.4253/click - {}
RESULT: {}
COMMAND: GET /session/f7ba017eaa8b816e24f68d76f73d024d/screenshot - {}
RESULT: {}
COMMAND: POST /session/f7ba017eaa8b816e24f68d76f73d024d/elements - {"using":"xpath","value":"//span[text()='Error']"}
RESULT: {"using":"xpath","value":"//span[text()='Error']"}
COMMAND: POST /session/f7ba017eaa8b816e24f68d76f73d024d/element - {"using":"xpath","value":"//button[@data-kt=\"addNewRUOverflowToolbarButton\"]"}
RESULT: {"using":"xpath","value":"//button[@data-kt=\"addNewRUOverflowToolbarButton\"]"}
COMMAND: POST /session/f7ba017eaa8b816e24f68d76f73d024d/elements - {"using":"xpath","value":"//button[@data-kt=\"addNewRUOverflowToolbarButton\"]"}
RESULT: {"using":"xpath","value":"//button[@data-kt=\"addNewRUOverflowToolbarButton\"]"}
COMMAND: POST /session/f7ba017eaa8b816e24f68d76f73d024d/elements - {"using":"xpath","value":"//button[@data-kt=\"addNewRUOverflowToolbarButton\"]"}
RESULT: {"using":"xpath","value":"//button[@data-kt=\"addNewRUOverflowToolbarButton\"]"}
COMMAND: POST /session/f7ba017eaa8b816e24f68d76f73d024d/elements - {"using":"xpath","value":"//button[@data-kt=\"addNewRUOverflowToolbarButton\"]"}
RESULT: {"using":"xpath","value":"//button[@data-kt=\"addNewRUOverflowToolbarButton\"]"}
COMMAND: POST /session/f7ba017eaa8b816e24f68d76f73d024d/element - {"using":"xpath","value":"//button[@data-kt=\"addNewRUOverflowToolbarButton\"]"}
RESULT: {"using":"xpath","value":"//button[@data-kt=\"addNewRUOverflowToolbarButton\"]"}
COMMAND: POST /session/f7ba017eaa8b816e24f68d76f73d024d/execute/sync - {"script":"<script> [8489 bytes]","args":[{"element-6066-11e4-a52e-4f735466cecf":"f.7D4F3E7B3A7890F64A3201E4749DC685.d.C9B83B0EF5B7E97B651D264E154A4915.e.4377","ELEMENT":"f.7D4F3E7B3A7890F64A3201E4749DC685.d.C9B83B0EF5B7E97B651D264E154A4915.e.4377"}]}
RESULT: {"script":"<script> [8489 bytes]","args":[{"element-6066-11e4-a52e-4f735466cecf":"f.7D4F3E7B3A7890F64A3201E4749DC685.d.C9B83B0EF5B7E97B651D264E154A4915.e.4377","ELEMENT":"f.7D4F3E7B3A7890F64A3201E4749DC685.d.C9B83B0EF5B7E97B651D264E154A4915.e.4377"}]}
COMMAND: GET /session/f7ba017eaa8b816e24f68d76f73d024d/element/f.7D4F3E7B3A7890F64A3201E4749DC685.d.C9B83B0EF5B7E97B651D264E154A4915.e.4377/enabled - {}
COMMAND: GET /session/f7ba017eaa8b816e24f68d76f73d024d/screenshot - {}
RESULT: {}
COMMAND: POST /session/f7ba017eaa8b816e24f68d76f73d024d/execute/sync - {"script":"<script> [8489 bytes]","args":[{"element-6066-11e4-a52e-4f735466cecf":"f.7D4F3E7B3A7890F64A3201E4749DC685.d.C9B83B0EF5B7E97B651D264E154A4915.e.4377","ELEMENT":"f.7D4F3E7B3A7890F64A3201E4749DC685.d.C9B83B0EF5B7E97B651D264E154A4915.e.4377"}]}
COMMAND: GET /session/f7ba017eaa8b816e24f68d76f73d024d/screenshot - {}
RESULT: {}
RESULT: {"script":"<script> [8489 bytes]","args":[{"element-6066-11e4-a52e-4f735466cecf":"f.7D4F3E7B3A7890F64A3201E4749DC685.d.C9B83B0EF5B7E97B651D264E154A4915.e.4377","ELEMENT":"f.7D4F3E7B3A7890F64A3201E4749DC685.d.C9B83B0EF5B7E97B651D264E154A4915.e.4377"}]}
COMMAND: POST /session/f7ba017eaa8b816e24f68d76f73d024d/execute/sync - {"script":"<script> [5351 bytes]","args":[{"element-6066-11e4-a52e-4f735466cecf":"f.7D4F3E7B3A7890F64A3201E4749DC685.d.C9B83B0EF5B7E97B651D264E154A4915.e.4377","ELEMENT":"f.7D4F3E7B3A7890F64A3201E4749DC685.d.C9B83B0EF5B7E97B651D264E154A4915.e.4377"}]}
COMMAND: GET /session/f7ba017eaa8b816e24f68d76f73d024d/screenshot - {}
RESULT: {}
RESULT: {"script":"<script> [5351 bytes]","args":[{"element-6066-11e4-a52e-4f735466cecf":"f.7D4F3E7B3A7890F64A3201E4749DC685.d.C9B83B0EF5B7E97B651D264E154A4915.e.4377","ELEMENT":"f.7D4F3E7B3A7890F64A3201E4749DC685.d.C9B83B0EF5B7E97B651D264E154A4915.e.4377"}]}
COMMAND: POST /session/f7ba017eaa8b816e24f68d76f73d024d/element/f.7D4F3E7B3A7890F64A3201E4749DC685.d.C9B83B0EF5B7E97B651D264E154A4915.e.4377/click - {}
COMMAND: GET /session/f7ba017eaa8b816e24f68d76f73d024d/screenshot - {}
RESULT: {}
RESULT: {}
COMMAND: GET /session/f7ba017eaa8b816e24f68d76f73d024d/screenshot - {}
RESULT: {}
RESULT: {}
COMMAND: POST /session/f7ba017eaa8b816e24f68d76f73d024d/execute/async - {"script":"<script> [1562 bytes]","args":[{"selector":{"id":"application-manageresources-display-component---newResourceUnit--TYPE-arrow"},"wdio_ui5_key":"applicationmanageresources-display-component---newResourceUnit--TYPE-arrow"}]}
RESULT: {"script":"<script> [1562 bytes]","args":[{"selector":{"id":"application-manageresources-display-component---newResourceUnit--TYPE-arrow"},"wdio_ui5_key":"applicationmanageresources-display-component---newResourceUnit--TYPE-arrow"}]}
RESULT: undefined
COMMAND: POST /session/f7ba017eaa8b816e24f68d76f73d024d/element - {"using":"xpath","value":"//*[@id=\"application-manageresources-display-component---newResourceUnit--TYPE-arrow\"]"}
RESULT: {"using":"xpath","value":"//*[@id=\"application-manageresources-display-component---newResourceUnit--TYPE-arrow\"]"}
COMMAND: POST /session/f7ba017eaa8b816e24f68d76f73d024d/element/f.7D4F3E7B3A7890F64A3201E4749DC685.d.C9B83B0EF5B7E97B651D264E154A4915.e.4721/click - {}
RESULT: {}
COMMAND: POST /session/f7ba017eaa8b816e24f68d76f73d024d/element - {"using":"xpath","value":"//input[@id=\"application-manageresources-display-component---newResourceUnit--TYPE-inner\"]"}
COMMAND: GET /session/f7ba017eaa8b816e24f68d76f73d024d/screenshot - {}
RESULT: {"using":"xpath","value":"//input[@id=\"application-manageresources-display-component---newResourceUnit--TYPE-inner\"]"}
COMMAND: POST /session/f7ba017eaa8b816e24f68d76f73d024d/element/f.7D4F3E7B3A7890F64A3201E4749DC685.d.C9B83B0EF5B7E97B651D264E154A4915.e.4717/clear - {}
RESULT: {}
RESULT: {}
COMMAND: POST /session/f7ba017eaa8b816e24f68d76f73d024d/element/f.7D4F3E7B3A7890F64A3201E4749DC685.d.C9B83B0EF5B7E97B651D264E154A4915.e.4717/value - {"text":"Equipment"}
COMMAND: GET /session/f7ba017eaa8b816e24f68d76f73d024d/screenshot - {}
RESULT: {"text":"Equipment"}
COMMAND: GET /session/f7ba017eaa8b816e24f68d76f73d024d/screenshot - {}
RESULT: {}
RESULT: {}
COMMAND: POST /session/f7ba017eaa8b816e24f68d76f73d024d/actions - {"actions":[{"id":"action9","type":"key","parameters":{},"actions":[{"type":"keyDown","value":"î€‡"},{"type":"pause","duration":10},{"type":"keyUp","value":"î€‡"}]}]}
RESULT: {"actions":[{"id":"action9","type":"key","parameters":{},"actions":[{"type":"keyDown","value":"î€‡"},{"type":"pause","duration":10},{"type":"keyUp","value":"î€‡"}]}]}
COMMAND: POST /session/f7ba017eaa8b816e24f68d76f73d024d/execute/async - {"script":"<script> [1562 bytes]","args":[{"selector":{"id":"application-manageresources-display-component---newResourceUnit--resourceId","interaction":{"idSuffix":"inner"}},"wdio_ui5_key":"applicationmanageresources-display-component---newResourceUnit--resourceId"}]}
COMMAND: GET /session/f7ba017eaa8b816e24f68d76f73d024d/screenshot - {}
RESULT: {"script":"<script> [1562 bytes]","args":[{"selector":{"id":"application-manageresources-display-component---newResourceUnit--resourceId","interaction":{"idSuffix":"inner"}},"wdio_ui5_key":"applicationmanageresources-display-component---newResourceUnit--resourceId"}]}
RESULT: undefined
COMMAND: POST /session/f7ba017eaa8b816e24f68d76f73d024d/execute/async - {"script":"<script> [776 bytes]","args":[{"enterText":"A4O7Er5yeT","selector":{"id":"application-manageresources-display-component---newResourceUnit--resourceId","interaction":{"idSuffix":"inner"}},"clearTextFirst":true,"interactionType":"ENTER_TEXT"}]}
RESULT: {}
RESULT: {"script":"<script> [776 bytes]","args":[{"enterText":"A4O7Er5yeT","selector":{"id":"application-manageresources-display-component---newResourceUnit--resourceId","interaction":{"idSuffix":"inner"}},"clearTextFirst":true,"interactionType":"ENTER_TEXT"}]}
COMMAND: POST /session/f7ba017eaa8b816e24f68d76f73d024d/execute/async - {"script":"<script> [1562 bytes]","args":[{"selector":{"id":"application-manageresources-display-component---newResourceUnit--SHORT_TEXT","interaction":{"idSuffix":"inner"}},"wdio_ui5_key":"applicationmanageresources-display-component---newResourceUnit--SHORT_TEXT"}]}
RESULT: {"script":"<script> [1562 bytes]","args":[{"selector":{"id":"application-manageresources-display-component---newResourceUnit--SHORT_TEXT","interaction":{"idSuffix":"inner"}},"wdio_ui5_key":"applicationmanageresources-display-component---newResourceUnit--SHORT_TEXT"}]}
RESULT: undefined
COMMAND: POST /session/f7ba017eaa8b816e24f68d76f73d024d/execute/async - {"script":"<script> [776 bytes]","args":[{"enterText":"Intercompany Equipment WDIO","selector":{"id":"application-manageresources-display-component---newResourceUnit--SHORT_TEXT","interaction":{"idSuffix":"inner"}},"clearTextFirst":true,"interactionType":"ENTER_TEXT"}]}
RESULT: {"script":"<script> [776 bytes]","args":[{"enterText":"Intercompany Equipment WDIO","selector":{"id":"application-manageresources-display-component---newResourceUnit--SHORT_TEXT","interaction":{"idSuffix":"inner"}},"clearTextFirst":true,"interactionType":"ENTER_TEXT"}]}
COMMAND: POST /session/f7ba017eaa8b816e24f68d76f73d024d/execute/async - {"script":"<script> [1562 bytes]","args":[{"selector":{"id":"application-manageresources-display-component---newResourceUnit--BASE_UNIT_OF_MEASURE","interaction":{"idSuffix":"inner"}},"wdio_ui5_key":"applicationmanageresources-display-component---newResourceUnit--BASE_UNIT_OF_MEASURE"}]}
RESULT: {"script":"<script> [1562 bytes]","args":[{"selector":{"id":"application-manageresources-display-component---newResourceUnit--BASE_UNIT_OF_MEASURE","interaction":{"idSuffix":"inner"}},"wdio_ui5_key":"applicationmanageresources-display-component---newResourceUnit--BASE_UNIT_OF_MEASURE"}]}
RESULT: undefined
COMMAND: POST /session/f7ba017eaa8b816e24f68d76f73d024d/execute/async - {"script":"<script> [776 bytes]","args":[{"enterText":"Piece","selector":{"id":"application-manageresources-display-component---newResourceUnit--BASE_UNIT_OF_MEASURE","interaction":{"idSuffix":"inner"}},"clearTextFirst":true,"interactionType":"ENTER_TEXT"}]}
RESULT: {"script":"<script> [776 bytes]","args":[{"enterText":"Piece","selector":{"id":"application-manageresources-display-component---newResourceUnit--BASE_UNIT_OF_MEASURE","interaction":{"idSuffix":"inner"}},"clearTextFirst":true,"interactionType":"ENTER_TEXT"}]}
COMMAND: POST /session/f7ba017eaa8b816e24f68d76f73d024d/execute/async - {"script":"<script> [1562 bytes]","args":[{"selector":{"id":"application-manageresources-display-component---newResourceUnit--WEIGHT_UNIT","interaction":{"idSuffix":"inner"}},"wdio_ui5_key":"applicationmanageresources-display-component---newResourceUnit--WEIGHT_UNIT"}]}
RESULT: {"script":"<script> [1562 bytes]","args":[{"selector":{"id":"application-manageresources-display-component---newResourceUnit--WEIGHT_UNIT","interaction":{"idSuffix":"inner"}},"wdio_ui5_key":"applicationmanageresources-display-component---newResourceUnit--WEIGHT_UNIT"}]}
RESULT: undefined
COMMAND: POST /session/f7ba017eaa8b816e24f68d76f73d024d/execute/async - {"script":"<script> [776 bytes]","args":[{"enterText":"Gram","selector":{"id":"application-manageresources-display-component---newResourceUnit--WEIGHT_UNIT","interaction":{"idSuffix":"inner"}},"clearTextFirst":true,"interactionType":"ENTER_TEXT"}]}
RESULT: {"script":"<script> [776 bytes]","args":[{"enterText":"Gram","selector":{"id":"application-manageresources-display-component---newResourceUnit--WEIGHT_UNIT","interaction":{"idSuffix":"inner"}},"clearTextFirst":true,"interactionType":"ENTER_TEXT"}]}
COMMAND: POST /session/f7ba017eaa8b816e24f68d76f73d024d/execute/async - {"script":"<script> [1562 bytes]","args":[{"selector":{"id":"application-manageresources-display-component---newResourceUnit--DIMENSION_UNIT","interaction":{"idSuffix":"inner"}},"wdio_ui5_key":"applicationmanageresources-display-component---newResourceUnit--DIMENSION_UNIT"}]}
RESULT: {"script":"<script> [1562 bytes]","args":[{"selector":{"id":"application-manageresources-display-component---newResourceUnit--DIMENSION_UNIT","interaction":{"idSuffix":"inner"}},"wdio_ui5_key":"applicationmanageresources-display-component---newResourceUnit--DIMENSION_UNIT"}]}
RESULT: undefined
COMMAND: POST /session/f7ba017eaa8b816e24f68d76f73d024d/execute/async - {"script":"<script> [776 bytes]","args":[{"enterText":"Meter","selector":{"id":"application-manageresources-display-component---newResourceUnit--DIMENSION_UNIT","interaction":{"idSuffix":"inner"}},"clearTextFirst":true,"interactionType":"ENTER_TEXT"}]}
RESULT: {"script":"<script> [776 bytes]","args":[{"enterText":"Meter","selector":{"id":"application-manageresources-display-component---newResourceUnit--DIMENSION_UNIT","interaction":{"idSuffix":"inner"}},"clearTextFirst":true,"interactionType":"ENTER_TEXT"}]}
COMMAND: POST /session/f7ba017eaa8b816e24f68d76f73d024d/execute/async - {"script":"<script> [1562 bytes]","args":[{"selector":{"id":"application-manageresources-display-component---newResourceUnit--newRRUPage-anchBar-application-manageresources-display-component---newResourceUnit--control-anchor","interaction":{"idSuffix":"BDI-content"}},"wdio_ui5_key":"applicationmanageresources-display-component---newResourceUnit--newRRUPage-anchBar-application-manageresources-display-component---newResourceUnit--control-anchor"}]}
RESULT: {"script":"<script> [1562 bytes]","args":[{"selector":{"id":"application-manageresources-display-component---newResourceUnit--newRRUPage-anchBar-application-manageresources-display-component---newResourceUnit--control-anchor","interaction":{"idSuffix":"BDI-content"}},"wdio_ui5_key":"applicationmanageresources-display-component---newResourceUnit--newRRUPage-anchBar-application-manageresources-display-component---newResourceUnit--control-anchor"}]}
RESULT: undefined
COMMAND: POST /session/f7ba017eaa8b816e24f68d76f73d024d/element - {"using":"xpath","value":"//*[@id=\"application-manageresources-display-component---newResourceUnit--newRRUPage-anchBar-application-manageresources-display-component---newResourceUnit--control-anchor\"]"}
RESULT: {"using":"xpath","value":"//*[@id=\"application-manageresources-display-component---newResourceUnit--newRRUPage-anchBar-application-manageresources-display-component---newResourceUnit--control-anchor\"]"}
COMMAND: POST /session/f7ba017eaa8b816e24f68d76f73d024d/element/f.7D4F3E7B3A7890F64A3201E4749DC685.d.C9B83B0EF5B7E97B651D264E154A4915.e.4881/click - {}
RESULT: {}
COMMAND: POST /session/f7ba017eaa8b816e24f68d76f73d024d/execute/async - {"script":"<script> [1562 bytes]","args":[{"selector":{"id":"application-manageresources-display-component---newResourceUnit--PLANNING_GROUP","interaction":{"idSuffix":"inner"}},"wdio_ui5_key":"applicationmanageresources-display-component---newResourceUnit--PLANNING_GROUP"}]}
COMMAND: GET /session/f7ba017eaa8b816e24f68d76f73d024d/screenshot - {}
RESULT: {"script":"<script> [1562 bytes]","args":[{"selector":{"id":"application-manageresources-display-component---newResourceUnit--PLANNING_GROUP","interaction":{"idSuffix":"inner"}},"wdio_ui5_key":"applicationmanageresources-display-component---newResourceUnit--PLANNING_GROUP"}]}
RESULT: undefined
COMMAND: POST /session/f7ba017eaa8b816e24f68d76f73d024d/execute/async - {"script":"<script> [776 bytes]","args":[{"enterText":"Heavy Equi","selector":{"id":"application-manageresources-display-component---newResourceUnit--PLANNING_GROUP","interaction":{"idSuffix":"inner"}},"clearTextFirst":true,"interactionType":"ENTER_TEXT"}]}
RESULT: {}
RESULT: {"script":"<script> [776 bytes]","args":[{"enterText":"Heavy Equi","selector":{"id":"application-manageresources-display-component---newResourceUnit--PLANNING_GROUP","interaction":{"idSuffix":"inner"}},"clearTextFirst":true,"interactionType":"ENTER_TEXT"}]}
COMMAND: POST /session/f7ba017eaa8b816e24f68d76f73d024d/execute/async - {"script":"<script> [1562 bytes]","args":[{"selector":{"id":"application-manageresources-display-component---newResourceUnit--ITEM_TYPE-arrow"},"wdio_ui5_key":"applicationmanageresources-display-component---newResourceUnit--ITEM_TYPE-arrow"}]}
RESULT: {"script":"<script> [1562 bytes]","args":[{"selector":{"id":"application-manageresources-display-component---newResourceUnit--ITEM_TYPE-arrow"},"wdio_ui5_key":"applicationmanageresources-display-component---newResourceUnit--ITEM_TYPE-arrow"}]}
RESULT: undefined
COMMAND: POST /session/f7ba017eaa8b816e24f68d76f73d024d/element - {"using":"xpath","value":"//*[@id=\"application-manageresources-display-component---newResourceUnit--ITEM_TYPE-arrow\"]"}
RESULT: {"using":"xpath","value":"//*[@id=\"application-manageresources-display-component---newResourceUnit--ITEM_TYPE-arrow\"]"}
COMMAND: POST /session/f7ba017eaa8b816e24f68d76f73d024d/element/f.7D4F3E7B3A7890F64A3201E4749DC685.d.C9B83B0EF5B7E97B651D264E154A4915.e.4890/click - {}
RESULT: {}
COMMAND: POST /session/f7ba017eaa8b816e24f68d76f73d024d/element - {"using":"xpath","value":"//ul[contains(@id,\"ITEM_TYPE-popup-list-listUl\")]//li[.//span[contains(text(),\"Resource Unit\")]]"}
COMMAND: GET /session/f7ba017eaa8b816e24f68d76f73d024d/screenshot - {}
RESULT: {"using":"xpath","value":"//ul[contains(@id,\"ITEM_TYPE-popup-list-listUl\")]//li[.//span[contains(text(),\"Resource Unit\")]]"}
COMMAND: POST /session/f7ba017eaa8b816e24f68d76f73d024d/element/f.7D4F3E7B3A7890F64A3201E4749DC685.d.C9B83B0EF5B7E97B651D264E154A4915.e.4891/click - {}
RESULT: {}
RESULT: {}
COMMAND: GET /session/f7ba017eaa8b816e24f68d76f73d024d/screenshot - {}
RESULT: {}
COMMAND: POST /session/f7ba017eaa8b816e24f68d76f73d024d/element - {"using":"css selector","value":"#application-manageresources-display-component---newResourceUnit--btnAddTimeSegment"}
RESULT: {"using":"css selector","value":"#application-manageresources-display-component---newResourceUnit--btnAddTimeSegment"}
COMMAND: GET /session/f7ba017eaa8b816e24f68d76f73d024d/element/f.7D4F3E7B3A7890F64A3201E4749DC685.d.C9B83B0EF5B7E97B651D264E154A4915.e.4900/rect - {}
RESULT: {}
COMMAND: GET /session/f7ba017eaa8b816e24f68d76f73d024d/window/rect - {}
RESULT: {}
COMMAND: POST /session/f7ba017eaa8b816e24f68d76f73d024d/execute/sync - {"script":"<script> [92 bytes]","args":[]}
RESULT: {"script":"<script> [92 bytes]","args":[]}
COMMAND: POST /session/f7ba017eaa8b816e24f68d76f73d024d/actions - {"actions":[{"id":"action10","type":"wheel","parameters":{},"actions":[{"type":"scroll","x":-1888,"y":-32,"deltaX":0,"deltaY":0,"duration":0,"origin":{"element-6066-11e4-a52e-4f735466cecf":"f.7D4F3E7B3A7890F64A3201E4749DC685.d.C9B83B0EF5B7E97B651D264E154A4915.e.4900"}}]}]}
COMMAND: GET /session/f7ba017eaa8b816e24f68d76f73d024d/screenshot - {}
RESULT: {}
COMMAND: POST /session/f7ba017eaa8b816e24f68d76f73d024d/execute/sync - {"script":"<script> [79 bytes]","args":[{"element-6066-11e4-a52e-4f735466cecf":"f.7D4F3E7B3A7890F64A3201E4749DC685.d.C9B83B0EF5B7E97B651D264E154A4915.e.4900","ELEMENT":"f.7D4F3E7B3A7890F64A3201E4749DC685.d.C9B83B0EF5B7E97B651D264E154A4915.e.4900"},{"block":"start","inline":"nearest"}]}
RESULT: {"script":"<script> [79 bytes]","args":[{"element-6066-11e4-a52e-4f735466cecf":"f.7D4F3E7B3A7890F64A3201E4749DC685.d.C9B83B0EF5B7E97B651D264E154A4915.e.4900","ELEMENT":"f.7D4F3E7B3A7890F64A3201E4749DC685.d.C9B83B0EF5B7E97B651D264E154A4915.e.4900"},{"block":"start","inline":"nearest"}]}
COMMAND: POST /session/f7ba017eaa8b816e24f68d76f73d024d/execute/async - {"script":"<script> [1562 bytes]","args":[{"selector":{"id":"application-manageresources-display-component---newResourceUnit--btnAddTimeSegment","interaction":{"idSuffix":"inner"}},"wdio_ui5_key":"applicationmanageresources-display-component---newResourceUnit--btnAddTimeSegment"}]}
COMMAND: GET /session/f7ba017eaa8b816e24f68d76f73d024d/screenshot - {}
RESULT: {"script":"<script> [1562 bytes]","args":[{"selector":{"id":"application-manageresources-display-component---newResourceUnit--btnAddTimeSegment","interaction":{"idSuffix":"inner"}},"wdio_ui5_key":"applicationmanageresources-display-component---newResourceUnit--btnAddTimeSegment"}]}
RESULT: undefined
COMMAND: POST /session/f7ba017eaa8b816e24f68d76f73d024d/element - {"using":"xpath","value":"//*[@id=\"application-manageresources-display-component---newResourceUnit--btnAddTimeSegment\"]"}
RESULT: {}
RESULT: {"using":"xpath","value":"//*[@id=\"application-manageresources-display-component---newResourceUnit--btnAddTimeSegment\"]"}
COMMAND: POST /session/f7ba017eaa8b816e24f68d76f73d024d/element/f.7D4F3E7B3A7890F64A3201E4749DC685.d.C9B83B0EF5B7E97B651D264E154A4915.e.4900/click - {}
RESULT: {}
COMMAND: GET /session/f7ba017eaa8b816e24f68d76f73d024d/screenshot - {}
RESULT: {}
COMMAND: POST /session/f7ba017eaa8b816e24f68d76f73d024d/element - {"using":"xpath","value":"//input[@id=\"application-manageresources-display-component---newResourceUnit--idRuTSAdmin-application-manageresources-display-component---newResourceUnit--RUTimeSegment-0-inner\"]"}
RESULT: {"using":"xpath","value":"//input[@id=\"application-manageresources-display-component---newResourceUnit--idRuTSAdmin-application-manageresources-display-component---newResourceUnit--RUTimeSegment-0-inner\"]"}
COMMAND: POST /session/f7ba017eaa8b816e24f68d76f73d024d/element/f.7D4F3E7B3A7890F64A3201E4749DC685.d.C9B83B0EF5B7E97B651D264E154A4915.e.4906/clear - {}
RESULT: {}
COMMAND: POST /session/f7ba017eaa8b816e24f68d76f73d024d/element/f.7D4F3E7B3A7890F64A3201E4749DC685.d.C9B83B0EF5B7E97B651D264E154A4915.e.4906/value - {"text":"194"}
COMMAND: GET /session/f7ba017eaa8b816e24f68d76f73d024d/screenshot - {}
RESULT: {"text":"194"}
COMMAND: GET /session/f7ba017eaa8b816e24f68d76f73d024d/screenshot - {}
RESULT: {}
RESULT: {}
COMMAND: POST /session/f7ba017eaa8b816e24f68d76f73d024d/element - {"using":"xpath","value":"//li[.//span[text()='194']]"}
RESULT: {"using":"xpath","value":"//li[.//span[text()='194']]"}
COMMAND: POST /session/f7ba017eaa8b816e24f68d76f73d024d/element/f.7D4F3E7B3A7890F64A3201E4749DC685.d.C9B83B0EF5B7E97B651D264E154A4915.e.4918/click - {}
RESULT: {}
COMMAND: GET /session/f7ba017eaa8b816e24f68d76f73d024d/screenshot - {}
RESULT: {}
COMMAND: POST /session/f7ba017eaa8b816e24f68d76f73d024d/element - {"using":"xpath","value":"(//span[contains(@id, \"-application-manageresources-display-component---newResourceUnit--RUTimeSegment-0-arrow\")])[6]"}
RESULT: {"using":"xpath","value":"(//span[contains(@id, \"-application-manageresources-display-component---newResourceUnit--RUTimeSegment-0-arrow\")])[6]"}
COMMAND: POST /session/f7ba017eaa8b816e24f68d76f73d024d/element/f.7D4F3E7B3A7890F64A3201E4749DC685.d.C9B83B0EF5B7E97B651D264E154A4915.e.4919/click - {}
RESULT: {}
COMMAND: GET /session/f7ba017eaa8b816e24f68d76f73d024d/screenshot - {}
RESULT: {}
COMMAND: POST /session/f7ba017eaa8b816e24f68d76f73d024d/element - {"using":"xpath","value":"//span[contains(text(), \"PM Order\")]"}
RESULT: {"using":"xpath","value":"//span[contains(text(), \"PM Order\")]"}
COMMAND: POST /session/f7ba017eaa8b816e24f68d76f73d024d/element/f.7D4F3E7B3A7890F64A3201E4749DC685.d.C9B83B0EF5B7E97B651D264E154A4915.e.4922/click - {}
RESULT: {}
COMMAND: GET /session/f7ba017eaa8b816e24f68d76f73d024d/screenshot - {}
RESULT: {}
COMMAND: POST /session/f7ba017eaa8b816e24f68d76f73d024d/element - {"using":"xpath","value":"(//span[contains(@id ,\"manageresources-display-component---newResourceUnit--RUTimeSegment-0-vhi\")])[1]"}
RESULT: {"using":"xpath","value":"(//span[contains(@id ,\"manageresources-display-component---newResourceUnit--RUTimeSegment-0-vhi\")])[1]"}
COMMAND: GET /session/f7ba017eaa8b816e24f68d76f73d024d/element/f.7D4F3E7B3A7890F64A3201E4749DC685.d.C9B83B0EF5B7E97B651D264E154A4915.e.4926/rect - {}
RESULT: {}
COMMAND: GET /session/f7ba017eaa8b816e24f68d76f73d024d/window/rect - {}
RESULT: {}
COMMAND: POST /session/f7ba017eaa8b816e24f68d76f73d024d/execute/sync - {"script":"<script> [92 bytes]","args":[]}
RESULT: {"script":"<script> [92 bytes]","args":[]}
COMMAND: POST /session/f7ba017eaa8b816e24f68d76f73d024d/actions - {"actions":[{"id":"action11","type":"wheel","parameters":{},"actions":[{"type":"scroll","x":-869,"y":-24,"deltaX":0,"deltaY":0,"duration":0,"origin":{"element-6066-11e4-a52e-4f735466cecf":"f.7D4F3E7B3A7890F64A3201E4749DC685.d.C9B83B0EF5B7E97B651D264E154A4915.e.4926"}}]}]}
COMMAND: GET /session/f7ba017eaa8b816e24f68d76f73d024d/screenshot - {}
RESULT: {"actions":[{"id":"action11","type":"wheel","parameters":{},"actions":[{"type":"scroll","x":-869,"y":-24,"deltaX":0,"deltaY":0,"duration":0,"origin":{"element-6066-11e4-a52e-4f735466cecf":"f.7D4F3E7B3A7890F64A3201E4749DC685.d.C9B83B0EF5B7E97B651D264E154A4915.e.4926"}}]}]}
COMMAND: DELETE /session/f7ba017eaa8b816e24f68d76f73d024d/actions - {}
COMMAND: GET /session/f7ba017eaa8b816e24f68d76f73d024d/screenshot - {}
RESULT: {}
RESULT: {}
COMMAND: GET /session/f7ba017eaa8b816e24f68d76f73d024d/screenshot - {}
RESULT: {}
RESULT: {}
COMMAND: POST /session/f7ba017eaa8b816e24f68d76f73d024d/element/f.7D4F3E7B3A7890F64A3201E4749DC685.d.C9B83B0EF5B7E97B651D264E154A4915.e.4926/click - {}
RESULT: {}
COMMAND: GET /session/f7ba017eaa8b816e24f68d76f73d024d/screenshot - {}
RESULT: {}
COMMAND: POST /session/f7ba017eaa8b816e24f68d76f73d024d/execute/async - {"script":"<script> [1562 bytes]","args":[{"selector":{"controlType":"sap.m.SearchField","properties":{"placeholder":"Search"},"searchOpenDialogs":true,"interaction":{"idSuffix":"I"}},"wdio_ui5_key":"sapm.SearchField{\"placeholder\":\"Search\"}"}]}
RESULT: {"script":"<script> [1562 bytes]","args":[{"selector":{"controlType":"sap.m.SearchField","properties":{"placeholder":"Search"},"searchOpenDialogs":true,"interaction":{"idSuffix":"I"}},"wdio_ui5_key":"sapm.SearchField{\"placeholder\":\"Search\"}"}]}
RESULT: undefined
COMMAND: POST /session/f7ba017eaa8b816e24f68d76f73d024d/execute/async - {"script":"<script> [776 bytes]","args":[{"enterText":"4000360","selector":{"controlType":"sap.m.SearchField","properties":{"placeholder":"Search"},"searchOpenDialogs":true,"interaction":{"idSuffix":"I"}},"clearTextFirst":true,"interactionType":"ENTER_TEXT"}]}
RESULT: {"script":"<script> [776 bytes]","args":[{"enterText":"4000360","selector":{"controlType":"sap.m.SearchField","properties":{"placeholder":"Search"},"searchOpenDialogs":true,"interaction":{"idSuffix":"I"}},"clearTextFirst":true,"interactionType":"ENTER_TEXT"}]}
COMMAND: POST /session/f7ba017eaa8b816e24f68d76f73d024d/actions - {"actions":[{"id":"action12","type":"key","parameters":{},"actions":[{"type":"keyDown","value":"î€‡"},{"type":"pause","duration":10},{"type":"keyUp","value":"î€‡"}]}]}
RESULT: {"actions":[{"id":"action12","type":"key","parameters":{},"actions":[{"type":"keyDown","value":"î€‡"},{"type":"pause","duration":10},{"type":"keyUp","value":"î€‡"}]}]}
COMMAND: GET /session/f7ba017eaa8b816e24f68d76f73d024d/screenshot - {}
RESULT: {}
COMMAND: POST /session/f7ba017eaa8b816e24f68d76f73d024d/element - {"using":"xpath","value":"//td/div/span[contains(text(), \"BGL Vehicles\")]"}
RESULT: {"using":"xpath","value":"//td/div/span[contains(text(), \"BGL Vehicles\")]"}
COMMAND: POST /session/f7ba017eaa8b816e24f68d76f73d024d/element/f.7D4F3E7B3A7890F64A3201E4749DC685.d.C9B83B0EF5B7E97B651D264E154A4915.e.4948/click - {}
RESULT: {}
COMMAND: GET /session/f7ba017eaa8b816e24f68d76f73d024d/screenshot - {}
RESULT: {}
COMMAND: POST /session/f7ba017eaa8b816e24f68d76f73d024d/element - {"using":"xpath","value":"//bdi[contains(text(), \"OK\")]"}
RESULT: {"using":"xpath","value":"//bdi[contains(text(), \"OK\")]"}
COMMAND: POST /session/f7ba017eaa8b816e24f68d76f73d024d/element/f.7D4F3E7B3A7890F64A3201E4749DC685.d.C9B83B0EF5B7E97B651D264E154A4915.e.4949/click - {}
RESULT: {}
COMMAND: GET /session/f7ba017eaa8b816e24f68d76f73d024d/screenshot - {}
RESULT: {}
COMMAND: POST /session/f7ba017eaa8b816e24f68d76f73d024d/execute/async - {"script":"<script> [1562 bytes]","args":[{"selector":{"id":"application-manageresources-display-component---newResourceUnit--newRRUPage-anchBar-application-manageresources-display-component---newResourceUnit--resource-anchor","interaction":{"idSuffix":"BDI-content"}},"wdio_ui5_key":"applicationmanageresources-display-component---newResourceUnit--newRRUPage-anchBar-application-manageresources-display-component---newResourceUnit--resource-anchor"}]}
RESULT: {"script":"<script> [1562 bytes]","args":[{"selector":{"id":"application-manageresources-display-component---newResourceUnit--newRRUPage-anchBar-application-manageresources-display-component---newResourceUnit--resource-anchor","interaction":{"idSuffix":"BDI-content"}},"wdio_ui5_key":"applicationmanageresources-display-component---newResourceUnit--newRRUPage-anchBar-application-manageresources-display-component---newResourceUnit--resource-anchor"}]}
RESULT: undefined
COMMAND: POST /session/f7ba017eaa8b816e24f68d76f73d024d/element - {"using":"xpath","value":"//*[@id=\"application-manageresources-display-component---newResourceUnit--newRRUPage-anchBar-application-manageresources-display-component---newResourceUnit--resource-anchor\"]"}
RESULT: {"using":"xpath","value":"//*[@id=\"application-manageresources-display-component---newResourceUnit--newRRUPage-anchBar-application-manageresources-display-component---newResourceUnit--resource-anchor\"]"}
COMMAND: POST /session/f7ba017eaa8b816e24f68d76f73d024d/element/f.7D4F3E7B3A7890F64A3201E4749DC685.d.C9B83B0EF5B7E97B651D264E154A4915.e.4953/click - {}
RESULT: {}
COMMAND: POST /session/f7ba017eaa8b816e24f68d76f73d024d/execute/async - {"script":"<script> [1562 bytes]","args":[{"selector":{"id":"application-manageresources-display-component---newResourceUnit--PLANNED_DELIVERY_DATE","interaction":{"idSuffix":"inner"}},"wdio_ui5_key":"applicationmanageresources-display-component---newResourceUnit--PLANNED_DELIVERY_DATE"}]}
COMMAND: GET /session/f7ba017eaa8b816e24f68d76f73d024d/screenshot - {}
RESULT: {"script":"<script> [1562 bytes]","args":[{"selector":{"id":"application-manageresources-display-component---newResourceUnit--PLANNED_DELIVERY_DATE","interaction":{"idSuffix":"inner"}},"wdio_ui5_key":"applicationmanageresources-display-component---newResourceUnit--PLANNED_DELIVERY_DATE"}]}
RESULT: undefined
COMMAND: POST /session/f7ba017eaa8b816e24f68d76f73d024d/execute/async - {"script":"<script> [6424 bytes]","args":[{"element-6066-11e4-a52e-4f735466cecf":"f.7D4F3E7B3A7890F64A3201E4749DC685.d.C9B83B0EF5B7E97B651D264E154A4915.e.4779"},"setValue",["6/12/25"]]}
RESULT: {}
RESULT: {"script":"<script> [6424 bytes]","args":[{"element-6066-11e4-a52e-4f735466cecf":"f.7D4F3E7B3A7890F64A3201E4749DC685.d.C9B83B0EF5B7E97B651D264E154A4915.e.4779"},"setValue",["6/12/25"]]}
COMMAND: POST /session/f7ba017eaa8b816e24f68d76f73d024d/element - {"using":"xpath","value":"//label[contains(@class, 'sapMLabelRequired') and .//bdi[contains(text(), 'Planned Retirement')]]"}
RESULT: {"using":"xpath","value":"//label[contains(@class, 'sapMLabelRequired') and .//bdi[contains(text(), 'Planned Retirement')]]"}
COMMAND: POST /session/f7ba017eaa8b816e24f68d76f73d024d/elements - {"using":"xpath","value":"//label[contains(@class, 'sapMLabelRequired') and .//bdi[contains(text(), 'Planned Retirement')]]"}
RESULT: {"using":"xpath","value":"//label[contains(@class, 'sapMLabelRequired') and .//bdi[contains(text(), 'Planned Retirement')]]"}
COMMAND: POST /session/f7ba017eaa8b816e24f68d76f73d024d/element - {"using":"xpath","value":"//button[@data-kt=\"resourceUnitSaveButton\"]"}
RESULT: {"using":"xpath","value":"//button[@data-kt=\"resourceUnitSaveButton\"]"}
COMMAND: POST /session/f7ba017eaa8b816e24f68d76f73d024d/element/f.7D4F3E7B3A7890F64A3201E4749DC685.d.C9B83B0EF5B7E97B651D264E154A4915.e.4738/click - {}
RESULT: {}
COMMAND: GET /session/f7ba017eaa8b816e24f68d76f73d024d/screenshot - {}
RESULT: {}
COMMAND: POST /session/f7ba017eaa8b816e24f68d76f73d024d/element - {"using":"xpath","value":"//bdi[contains(text(), \"Close\")]"}
RESULT: {"using":"xpath","value":"//bdi[contains(text(), \"Close\")]"}
COMMAND: POST /session/f7ba017eaa8b816e24f68d76f73d024d/element/f.7D4F3E7B3A7890F64A3201E4749DC685.d.C9B83B0EF5B7E97B651D264E154A4915.e.4963/click - {}
RESULT: {}
COMMAND: GET /session/f7ba017eaa8b816e24f68d76f73d024d/screenshot - {}
RESULT: {}
COMMAND: POST /session/f7ba017eaa8b816e24f68d76f73d024d/element - {"using":"xpath","value":"(//button[contains(@id ,\"actionsToolbar-overflowButton\")])[1]"}
RESULT: {"using":"xpath","value":"(//button[contains(@id ,\"actionsToolbar-overflowButton\")])[1]"}
COMMAND: POST /session/f7ba017eaa8b816e24f68d76f73d024d/element/f.7D4F3E7B3A7890F64A3201E4749DC685.d.C9B83B0EF5B7E97B651D264E154A4915.e.5020/click - {}
RESULT: {}
COMMAND: GET /session/f7ba017eaa8b816e24f68d76f73d024d/screenshot - {}
RESULT: {}
COMMAND: POST /session/f7ba017eaa8b816e24f68d76f73d024d/element - {"using":"xpath","value":"//button[@data-kt=\"priceInfoButton\"]"}
RESULT: {"using":"xpath","value":"//button[@data-kt=\"priceInfoButton\"]"}
COMMAND: POST /session/f7ba017eaa8b816e24f68d76f73d024d/element/f.7D4F3E7B3A7890F64A3201E4749DC685.d.C9B83B0EF5B7E97B651D264E154A4915.e.5022/click - {}
RESULT: {}
COMMAND: GET /session/f7ba017eaa8b816e24f68d76f73d024d/screenshot - {}
RESULT: {}
]]></system-out>
    </testcase>
    <testcase classname="chrome.137_0_7151_69.windows.Billing_Transfer_-_Master_data_&amp;_Intercompany_US127250" name="Should create new pricing rule TB on the equipment TB" time="54.606">
      <system-out><![CDATA[
COMMAND: POST /session/f7ba017eaa8b816e24f68d76f73d024d/element - {"using":"xpath","value":"//button[@data-kt=\"addButton\"]"}
RESULT: {"using":"xpath","value":"//button[@data-kt=\"addButton\"]"}
COMMAND: POST /session/f7ba017eaa8b816e24f68d76f73d024d/elements - {"using":"xpath","value":"//button[@data-kt=\"addButton\"]"}
RESULT: {"using":"xpath","value":"//button[@data-kt=\"addButton\"]"}
COMMAND: POST /session/f7ba017eaa8b816e24f68d76f73d024d/execute/sync - {"script":"<script> [8489 bytes]","args":[{"element-6066-11e4-a52e-4f735466cecf":"f.7D4F3E7B3A7890F64A3201E4749DC685.d.C9B83B0EF5B7E97B651D264E154A4915.e.5068","ELEMENT":"f.7D4F3E7B3A7890F64A3201E4749DC685.d.C9B83B0EF5B7E97B651D264E154A4915.e.5068"}]}
RESULT: {"script":"<script> [8489 bytes]","args":[{"element-6066-11e4-a52e-4f735466cecf":"f.7D4F3E7B3A7890F64A3201E4749DC685.d.C9B83B0EF5B7E97B651D264E154A4915.e.5068","ELEMENT":"f.7D4F3E7B3A7890F64A3201E4749DC685.d.C9B83B0EF5B7E97B651D264E154A4915.e.5068"}]}
COMMAND: GET /session/f7ba017eaa8b816e24f68d76f73d024d/element/f.7D4F3E7B3A7890F64A3201E4749DC685.d.C9B83B0EF5B7E97B651D264E154A4915.e.5068/enabled - {}
COMMAND: GET /session/f7ba017eaa8b816e24f68d76f73d024d/screenshot - {}
RESULT: {}
COMMAND: POST /session/f7ba017eaa8b816e24f68d76f73d024d/execute/sync - {"script":"<script> [8489 bytes]","args":[{"element-6066-11e4-a52e-4f735466cecf":"f.7D4F3E7B3A7890F64A3201E4749DC685.d.C9B83B0EF5B7E97B651D264E154A4915.e.5068","ELEMENT":"f.7D4F3E7B3A7890F64A3201E4749DC685.d.C9B83B0EF5B7E97B651D264E154A4915.e.5068"}]}
COMMAND: GET /session/f7ba017eaa8b816e24f68d76f73d024d/screenshot - {}
RESULT: {}
RESULT: {"script":"<script> [8489 bytes]","args":[{"element-6066-11e4-a52e-4f735466cecf":"f.7D4F3E7B3A7890F64A3201E4749DC685.d.C9B83B0EF5B7E97B651D264E154A4915.e.5068","ELEMENT":"f.7D4F3E7B3A7890F64A3201E4749DC685.d.C9B83B0EF5B7E97B651D264E154A4915.e.5068"}]}
COMMAND: POST /session/f7ba017eaa8b816e24f68d76f73d024d/execute/sync - {"script":"<script> [5351 bytes]","args":[{"element-6066-11e4-a52e-4f735466cecf":"f.7D4F3E7B3A7890F64A3201E4749DC685.d.C9B83B0EF5B7E97B651D264E154A4915.e.5068","ELEMENT":"f.7D4F3E7B3A7890F64A3201E4749DC685.d.C9B83B0EF5B7E97B651D264E154A4915.e.5068"}]}
COMMAND: GET /session/f7ba017eaa8b816e24f68d76f73d024d/screenshot - {}
RESULT: {}
RESULT: {"script":"<script> [5351 bytes]","args":[{"element-6066-11e4-a52e-4f735466cecf":"f.7D4F3E7B3A7890F64A3201E4749DC685.d.C9B83B0EF5B7E97B651D264E154A4915.e.5068","ELEMENT":"f.7D4F3E7B3A7890F64A3201E4749DC685.d.C9B83B0EF5B7E97B651D264E154A4915.e.5068"}]}
COMMAND: POST /session/f7ba017eaa8b816e24f68d76f73d024d/element/f.7D4F3E7B3A7890F64A3201E4749DC685.d.C9B83B0EF5B7E97B651D264E154A4915.e.5068/click - {}
COMMAND: GET /session/f7ba017eaa8b816e24f68d76f73d024d/screenshot - {}
RESULT: {}
RESULT: {}
COMMAND: GET /session/f7ba017eaa8b816e24f68d76f73d024d/screenshot - {}
RESULT: {}
RESULT: {}
COMMAND: POST /session/f7ba017eaa8b816e24f68d76f73d024d/execute/async - {"script":"<script> [1562 bytes]","args":[{"selector":{"controlType":"sap.m.Title","viewName":"etm.portal.ui.managepricingrules.view.NewItem","viewId":"application-managepricingrules-display-component---newInfoPriceItem","properties":{"text":"New Pricing Rules - Item Level"}},"wdio_ui5_key":"etmportal.ui.managepricingrules.view.NewItemsap.m.Title{\"text\":\"New Pricing Rules - Item Level\"}"}]}
RESULT: {"script":"<script> [1562 bytes]","args":[{"selector":{"controlType":"sap.m.Title","viewName":"etm.portal.ui.managepricingrules.view.NewItem","viewId":"application-managepricingrules-display-component---newInfoPriceItem","properties":{"text":"New Pricing Rules - Item Level"}},"wdio_ui5_key":"etmportal.ui.managepricingrules.view.NewItemsap.m.Title{\"text\":\"New Pricing Rules - Item Level\"}"}]}
RESULT: undefined
COMMAND: POST /session/f7ba017eaa8b816e24f68d76f73d024d/execute/async - {"script":"<script> [6424 bytes]","args":[{"element-6066-11e4-a52e-4f735466cecf":"f.7D4F3E7B3A7890F64A3201E4749DC685.d.C9B83B0EF5B7E97B651D264E154A4915.e.5253"},"getText",[]]}
RESULT: {"script":"<script> [6424 bytes]","args":[{"element-6066-11e4-a52e-4f735466cecf":"f.7D4F3E7B3A7890F64A3201E4749DC685.d.C9B83B0EF5B7E97B651D264E154A4915.e.5253"},"getText",[]]}
COMMAND: POST /session/f7ba017eaa8b816e24f68d76f73d024d/execute/async - {"script":"<script> [1562 bytes]","args":[{"selector":{"id":"application-managepricingrules-display-component---newInfoPriceItem--condValidTo","interaction":{"idSuffix":"inner"}},"wdio_ui5_key":"applicationmanagepricingrules-display-component---newInfoPriceItem--condValidTo"}]}
RESULT: {"script":"<script> [1562 bytes]","args":[{"selector":{"id":"application-managepricingrules-display-component---newInfoPriceItem--condValidTo","interaction":{"idSuffix":"inner"}},"wdio_ui5_key":"applicationmanagepricingrules-display-component---newInfoPriceItem--condValidTo"}]}
RESULT: undefined
COMMAND: POST /session/f7ba017eaa8b816e24f68d76f73d024d/execute/async - {"script":"<script> [776 bytes]","args":[{"enterText":"2/12/26","selector":{"id":"application-managepricingrules-display-component---newInfoPriceItem--condValidTo","interaction":{"idSuffix":"inner"}},"clearTextFirst":true,"interactionType":"ENTER_TEXT"}]}
RESULT: {"script":"<script> [776 bytes]","args":[{"enterText":"2/12/26","selector":{"id":"application-managepricingrules-display-component---newInfoPriceItem--condValidTo","interaction":{"idSuffix":"inner"}},"clearTextFirst":true,"interactionType":"ENTER_TEXT"}]}
COMMAND: POST /session/f7ba017eaa8b816e24f68d76f73d024d/execute/async - {"script":"<script> [1562 bytes]","args":[{"selector":{"id":"application-managepricingrules-display-component---newInfoPriceItem--billType-arrow"},"wdio_ui5_key":"applicationmanagepricingrules-display-component---newInfoPriceItem--billType-arrow"}]}
RESULT: {"script":"<script> [1562 bytes]","args":[{"selector":{"id":"application-managepricingrules-display-component---newInfoPriceItem--billType-arrow"},"wdio_ui5_key":"applicationmanagepricingrules-display-component---newInfoPriceItem--billType-arrow"}]}
RESULT: undefined
COMMAND: POST /session/f7ba017eaa8b816e24f68d76f73d024d/element - {"using":"xpath","value":"//*[@id=\"application-managepricingrules-display-component---newInfoPriceItem--billType-arrow\"]"}
RESULT: {"using":"xpath","value":"//*[@id=\"application-managepricingrules-display-component---newInfoPriceItem--billType-arrow\"]"}
COMMAND: POST /session/f7ba017eaa8b816e24f68d76f73d024d/element/f.7D4F3E7B3A7890F64A3201E4749DC685.d.C9B83B0EF5B7E97B651D264E154A4915.e.5211/click - {}
RESULT: {}
COMMAND: POST /session/f7ba017eaa8b816e24f68d76f73d024d/element - {"using":"xpath","value":"//span[contains(text(), \"TB - Time based\")]"}
COMMAND: GET /session/f7ba017eaa8b816e24f68d76f73d024d/screenshot - {}
RESULT: {"using":"xpath","value":"//span[contains(text(), \"TB - Time based\")]"}
COMMAND: POST /session/f7ba017eaa8b816e24f68d76f73d024d/element/f.7D4F3E7B3A7890F64A3201E4749DC685.d.C9B83B0EF5B7E97B651D264E154A4915.e.5255/click - {}
RESULT: {}
RESULT: {}
COMMAND: POST /session/f7ba017eaa8b816e24f68d76f73d024d/execute/async - {"script":"<script> [1562 bytes]","args":[{"selector":{"id":"application-managepricingrules-display-component---newInfoPriceItem--priceProc-arrow"},"wdio_ui5_key":"applicationmanagepricingrules-display-component---newInfoPriceItem--priceProc-arrow"}]}
COMMAND: GET /session/f7ba017eaa8b816e24f68d76f73d024d/screenshot - {}
RESULT: {"script":"<script> [1562 bytes]","args":[{"selector":{"id":"application-managepricingrules-display-component---newInfoPriceItem--priceProc-arrow"},"wdio_ui5_key":"applicationmanagepricingrules-display-component---newInfoPriceItem--priceProc-arrow"}]}
RESULT: undefined
COMMAND: POST /session/f7ba017eaa8b816e24f68d76f73d024d/element - {"using":"xpath","value":"//*[@id=\"application-managepricingrules-display-component---newInfoPriceItem--priceProc-arrow\"]"}
RESULT: {}
RESULT: {"using":"xpath","value":"//*[@id=\"application-managepricingrules-display-component---newInfoPriceItem--priceProc-arrow\"]"}
COMMAND: POST /session/f7ba017eaa8b816e24f68d76f73d024d/element/f.7D4F3E7B3A7890F64A3201E4749DC685.d.C9B83B0EF5B7E97B651D264E154A4915.e.5218/click - {}
RESULT: {}
COMMAND: POST /session/f7ba017eaa8b816e24f68d76f73d024d/element - {"using":"xpath","value":"//span[contains(text(), \"TBS - Time based standard\")]"}
COMMAND: GET /session/f7ba017eaa8b816e24f68d76f73d024d/screenshot - {}
RESULT: {"using":"xpath","value":"//span[contains(text(), \"TBS - Time based standard\")]"}
COMMAND: POST /session/f7ba017eaa8b816e24f68d76f73d024d/element/f.7D4F3E7B3A7890F64A3201E4749DC685.d.C9B83B0EF5B7E97B651D264E154A4915.e.5256/click - {}
RESULT: {}
RESULT: {}
COMMAND: POST /session/f7ba017eaa8b816e24f68d76f73d024d/execute/async - {"script":"<script> [1562 bytes]","args":[{"selector":{"id":"application-managepricingrules-display-component---newInfoPriceItem--calcBase-arrow"},"wdio_ui5_key":"applicationmanagepricingrules-display-component---newInfoPriceItem--calcBase-arrow"}]}
COMMAND: GET /session/f7ba017eaa8b816e24f68d76f73d024d/screenshot - {}
RESULT: {"script":"<script> [1562 bytes]","args":[{"selector":{"id":"application-managepricingrules-display-component---newInfoPriceItem--calcBase-arrow"},"wdio_ui5_key":"applicationmanagepricingrules-display-component---newInfoPriceItem--calcBase-arrow"}]}
RESULT: undefined
COMMAND: POST /session/f7ba017eaa8b816e24f68d76f73d024d/element - {"using":"xpath","value":"//*[@id=\"application-managepricingrules-display-component---newInfoPriceItem--calcBase-arrow\"]"}
RESULT: {}
RESULT: {"using":"xpath","value":"//*[@id=\"application-managepricingrules-display-component---newInfoPriceItem--calcBase-arrow\"]"}
COMMAND: POST /session/f7ba017eaa8b816e24f68d76f73d024d/element/f.7D4F3E7B3A7890F64A3201E4749DC685.d.C9B83B0EF5B7E97B651D264E154A4915.e.5225/click - {}
RESULT: {}
COMMAND: GET /session/f7ba017eaa8b816e24f68d76f73d024d/screenshot - {}
RESULT: {}
COMMAND: POST /session/f7ba017eaa8b816e24f68d76f73d024d/element - {"using":"xpath","value":"//span[contains(text(), \"0006 - TB(calendar days)\")]"}
RESULT: {"using":"xpath","value":"//span[contains(text(), \"0006 - TB(calendar days)\")]"}
COMMAND: POST /session/f7ba017eaa8b816e24f68d76f73d024d/element/f.7D4F3E7B3A7890F64A3201E4749DC685.d.C9B83B0EF5B7E97B651D264E154A4915.e.5257/click - {}
RESULT: {}
COMMAND: GET /session/f7ba017eaa8b816e24f68d76f73d024d/screenshot - {}
RESULT: {}
COMMAND: POST /session/f7ba017eaa8b816e24f68d76f73d024d/execute/async - {"script":"<script> [1562 bytes]","args":[{"selector":{"id":"application-managepricingrules-display-component---newInfoPriceItem--daysMonth","interaction":{"idSuffix":"inner"}},"wdio_ui5_key":"applicationmanagepricingrules-display-component---newInfoPriceItem--daysMonth"}]}
RESULT: {"script":"<script> [1562 bytes]","args":[{"selector":{"id":"application-managepricingrules-display-component---newInfoPriceItem--daysMonth","interaction":{"idSuffix":"inner"}},"wdio_ui5_key":"applicationmanagepricingrules-display-component---newInfoPriceItem--daysMonth"}]}
RESULT: undefined
COMMAND: POST /session/f7ba017eaa8b816e24f68d76f73d024d/execute/async - {"script":"<script> [776 bytes]","args":[{"enterText":"30","selector":{"id":"application-managepricingrules-display-component---newInfoPriceItem--daysMonth","interaction":{"idSuffix":"inner"}},"clearTextFirst":true,"interactionType":"ENTER_TEXT"}]}
RESULT: {"script":"<script> [776 bytes]","args":[{"enterText":"30","selector":{"id":"application-managepricingrules-display-component---newInfoPriceItem--daysMonth","interaction":{"idSuffix":"inner"}},"clearTextFirst":true,"interactionType":"ENTER_TEXT"}]}
COMMAND: POST /session/f7ba017eaa8b816e24f68d76f73d024d/element - {"using":"xpath","value":"//button[@data-kt=\"saveNewRuleButton\"]"}
RESULT: {"using":"xpath","value":"//button[@data-kt=\"saveNewRuleButton\"]"}
COMMAND: POST /session/f7ba017eaa8b816e24f68d76f73d024d/element/f.7D4F3E7B3A7890F64A3201E4749DC685.d.C9B83B0EF5B7E97B651D264E154A4915.e.5245/click - {}
RESULT: {}
COMMAND: GET /session/f7ba017eaa8b816e24f68d76f73d024d/screenshot - {}
RESULT: {}
COMMAND: POST /session/f7ba017eaa8b816e24f68d76f73d024d/execute/async - {"script":"<script> [1562 bytes]","args":[{"selector":{"id":"application-managepricingrules-display-component---priceInfoItem--smartFilterBar-btnBasicSearch","interaction":{"idSuffix":"I"}},"wdio_ui5_key":"applicationmanagepricingrules-display-component---priceInfoItem--smartFilterBar-btnBasicSearch"}]}
RESULT: {"script":"<script> [1562 bytes]","args":[{"selector":{"id":"application-managepricingrules-display-component---priceInfoItem--smartFilterBar-btnBasicSearch","interaction":{"idSuffix":"I"}},"wdio_ui5_key":"applicationmanagepricingrules-display-component---priceInfoItem--smartFilterBar-btnBasicSearch"}]}
RESULT: undefined
COMMAND: POST /session/f7ba017eaa8b816e24f68d76f73d024d/execute/async - {"script":"<script> [776 bytes]","args":[{"enterText":"A4O7Er5yeT","selector":{"id":"application-managepricingrules-display-component---priceInfoItem--smartFilterBar-btnBasicSearch","interaction":{"idSuffix":"I"}},"clearTextFirst":true,"interactionType":"ENTER_TEXT"}]}
RESULT: {"script":"<script> [776 bytes]","args":[{"enterText":"A4O7Er5yeT","selector":{"id":"application-managepricingrules-display-component---priceInfoItem--smartFilterBar-btnBasicSearch","interaction":{"idSuffix":"I"}},"clearTextFirst":true,"interactionType":"ENTER_TEXT"}]}
COMMAND: POST /session/f7ba017eaa8b816e24f68d76f73d024d/actions - {"actions":[{"id":"action13","type":"key","parameters":{},"actions":[{"type":"keyDown","value":"î€‡"},{"type":"pause","duration":10},{"type":"keyUp","value":"î€‡"}]}]}
RESULT: {"actions":[{"id":"action13","type":"key","parameters":{},"actions":[{"type":"keyDown","value":"î€‡"},{"type":"pause","duration":10},{"type":"keyUp","value":"î€‡"}]}]}
COMMAND: GET /session/f7ba017eaa8b816e24f68d76f73d024d/screenshot - {}
RESULT: {}
COMMAND: POST /session/f7ba017eaa8b816e24f68d76f73d024d/element - {"using":"xpath","value":"//span[@id=\"application-managepricingrules-display-component---priceInfoItem--smartTable-header-inner\"]"}
RESULT: {"using":"xpath","value":"//span[@id=\"application-managepricingrules-display-component---priceInfoItem--smartTable-header-inner\"]"}
COMMAND: POST /session/f7ba017eaa8b816e24f68d76f73d024d/elements - {"using":"xpath","value":"//span[@id=\"application-managepricingrules-display-component---priceInfoItem--smartTable-header-inner\"]"}
RESULT: {"using":"xpath","value":"//span[@id=\"application-managepricingrules-display-component---priceInfoItem--smartTable-header-inner\"]"}
COMMAND: POST /session/f7ba017eaa8b816e24f68d76f73d024d/execute/sync - {"script":"<script> [56 bytes]","args":[{"element-6066-11e4-a52e-4f735466cecf":"f.7D4F3E7B3A7890F64A3201E4749DC685.d.C9B83B0EF5B7E97B651D264E154A4915.e.5273","ELEMENT":"f.7D4F3E7B3A7890F64A3201E4749DC685.d.C9B83B0EF5B7E97B651D264E154A4915.e.5273"}]}
RESULT: {"script":"<script> [56 bytes]","args":[{"element-6066-11e4-a52e-4f735466cecf":"f.7D4F3E7B3A7890F64A3201E4749DC685.d.C9B83B0EF5B7E97B651D264E154A4915.e.5273","ELEMENT":"f.7D4F3E7B3A7890F64A3201E4749DC685.d.C9B83B0EF5B7E97B651D264E154A4915.e.5273"}]}
COMMAND: POST /session/f7ba017eaa8b816e24f68d76f73d024d/element - {"using":"css selector","value":"#shell-header-logo"}
COMMAND: GET /session/f7ba017eaa8b816e24f68d76f73d024d/screenshot - {}
RESULT: {"using":"css selector","value":"#shell-header-logo"}
COMMAND: POST /session/f7ba017eaa8b816e24f68d76f73d024d/element/f.7D4F3E7B3A7890F64A3201E4749DC685.d.C9B83B0EF5B7E97B651D264E154A4915.e.4335/click - {}
RESULT: {}
RESULT: {}
COMMAND: GET /session/f7ba017eaa8b816e24f68d76f73d024d/screenshot - {}
RESULT: {}
]]></system-out>
    </testcase>
    <testcase classname="chrome.137_0_7151_69.windows.Billing_Transfer_-_Master_data_&amp;_Intercompany_US127250" name="Should create new condition for equipment TB" time="67.209">
      <system-out><![CDATA[
COMMAND: POST /session/f7ba017eaa8b816e24f68d76f73d024d/execute/async - {"script":"<script> [1562 bytes]","args":[{"selector":{"controlType":"sap.m.GenericTile","properties":{"header":"Manage Conditions & Prices"}},"wdio_ui5_key":"sapm.GenericTile{\"header\":\"Manage Conditions & Prices\"}"}]}
RESULT: {"script":"<script> [1562 bytes]","args":[{"selector":{"controlType":"sap.m.GenericTile","properties":{"header":"Manage Conditions & Prices"}},"wdio_ui5_key":"sapm.GenericTile{\"header\":\"Manage Conditions & Prices\"}"}]}
RESULT: undefined
COMMAND: POST /session/f7ba017eaa8b816e24f68d76f73d024d/element - {"using":"xpath","value":"//*[@id=\"__tile95\"]"}
RESULT: {"using":"xpath","value":"//*[@id=\"__tile95\"]"}
COMMAND: POST /session/f7ba017eaa8b816e24f68d76f73d024d/element/f.7D4F3E7B3A7890F64A3201E4749DC685.d.C9B83B0EF5B7E97B651D264E154A4915.e.4319/click - {}
RESULT: {}
COMMAND: GET /session/f7ba017eaa8b816e24f68d76f73d024d/screenshot - {}
RESULT: {}
COMMAND: POST /session/f7ba017eaa8b816e24f68d76f73d024d/elements - {"using":"xpath","value":"//span[text()='Error']"}
RESULT: {"using":"xpath","value":"//span[text()='Error']"}
COMMAND: POST /session/f7ba017eaa8b816e24f68d76f73d024d/element - {"using":"xpath","value":"//button[@aria-label=\"Create\"]"}
RESULT: {"using":"xpath","value":"//button[@aria-label=\"Create\"]"}
COMMAND: POST /session/f7ba017eaa8b816e24f68d76f73d024d/elements - {"using":"xpath","value":"//button[@aria-label=\"Create\"]"}
RESULT: {"using":"xpath","value":"//button[@aria-label=\"Create\"]"}
COMMAND: POST /session/f7ba017eaa8b816e24f68d76f73d024d/execute/sync - {"script":"<script> [8489 bytes]","args":[{"element-6066-11e4-a52e-4f735466cecf":"f.7D4F3E7B3A7890F64A3201E4749DC685.d.C9B83B0EF5B7E97B651D264E154A4915.e.5309","ELEMENT":"f.7D4F3E7B3A7890F64A3201E4749DC685.d.C9B83B0EF5B7E97B651D264E154A4915.e.5309"}]}
RESULT: {"script":"<script> [8489 bytes]","args":[{"element-6066-11e4-a52e-4f735466cecf":"f.7D4F3E7B3A7890F64A3201E4749DC685.d.C9B83B0EF5B7E97B651D264E154A4915.e.5309","ELEMENT":"f.7D4F3E7B3A7890F64A3201E4749DC685.d.C9B83B0EF5B7E97B651D264E154A4915.e.5309"}]}
COMMAND: GET /session/f7ba017eaa8b816e24f68d76f73d024d/element/f.7D4F3E7B3A7890F64A3201E4749DC685.d.C9B83B0EF5B7E97B651D264E154A4915.e.5309/enabled - {}
COMMAND: GET /session/f7ba017eaa8b816e24f68d76f73d024d/screenshot - {}
RESULT: {}
COMMAND: POST /session/f7ba017eaa8b816e24f68d76f73d024d/execute/sync - {"script":"<script> [8489 bytes]","args":[{"element-6066-11e4-a52e-4f735466cecf":"f.7D4F3E7B3A7890F64A3201E4749DC685.d.C9B83B0EF5B7E97B651D264E154A4915.e.5309","ELEMENT":"f.7D4F3E7B3A7890F64A3201E4749DC685.d.C9B83B0EF5B7E97B651D264E154A4915.e.5309"}]}
COMMAND: GET /session/f7ba017eaa8b816e24f68d76f73d024d/screenshot - {}
RESULT: {}
RESULT: {"script":"<script> [8489 bytes]","args":[{"element-6066-11e4-a52e-4f735466cecf":"f.7D4F3E7B3A7890F64A3201E4749DC685.d.C9B83B0EF5B7E97B651D264E154A4915.e.5309","ELEMENT":"f.7D4F3E7B3A7890F64A3201E4749DC685.d.C9B83B0EF5B7E97B651D264E154A4915.e.5309"}]}
COMMAND: POST /session/f7ba017eaa8b816e24f68d76f73d024d/execute/sync - {"script":"<script> [5351 bytes]","args":[{"element-6066-11e4-a52e-4f735466cecf":"f.7D4F3E7B3A7890F64A3201E4749DC685.d.C9B83B0EF5B7E97B651D264E154A4915.e.5309","ELEMENT":"f.7D4F3E7B3A7890F64A3201E4749DC685.d.C9B83B0EF5B7E97B651D264E154A4915.e.5309"}]}
COMMAND: GET /session/f7ba017eaa8b816e24f68d76f73d024d/screenshot - {}
RESULT: {}
RESULT: {"script":"<script> [5351 bytes]","args":[{"element-6066-11e4-a52e-4f735466cecf":"f.7D4F3E7B3A7890F64A3201E4749DC685.d.C9B83B0EF5B7E97B651D264E154A4915.e.5309","ELEMENT":"f.7D4F3E7B3A7890F64A3201E4749DC685.d.C9B83B0EF5B7E97B651D264E154A4915.e.5309"}]}
COMMAND: POST /session/f7ba017eaa8b816e24f68d76f73d024d/element/f.7D4F3E7B3A7890F64A3201E4749DC685.d.C9B83B0EF5B7E97B651D264E154A4915.e.5309/click - {}
COMMAND: GET /session/f7ba017eaa8b816e24f68d76f73d024d/screenshot - {}
RESULT: {}
RESULT: {}
COMMAND: GET /session/f7ba017eaa8b816e24f68d76f73d024d/screenshot - {}
RESULT: {}
RESULT: {}
COMMAND: POST /session/f7ba017eaa8b816e24f68d76f73d024d/actions - {"actions":[{"id":"action14","type":"key","parameters":{},"actions":[{"type":"keyDown","value":"î€‡"},{"type":"pause","duration":10},{"type":"keyUp","value":"î€‡"}]}]}
RESULT: {"actions":[{"id":"action14","type":"key","parameters":{},"actions":[{"type":"keyDown","value":"î€‡"},{"type":"pause","duration":10},{"type":"keyUp","value":"î€‡"}]}]}
COMMAND: GET /session/f7ba017eaa8b816e24f68d76f73d024d/screenshot - {}
RESULT: {}
COMMAND: POST /session/f7ba017eaa8b816e24f68d76f73d024d/execute/async - {"script":"<script> [1562 bytes]","args":[{"selector":{"id":"application-manageconditionprice-display-component---newCondition--condBillCond-arrow"},"wdio_ui5_key":"applicationmanageconditionprice-display-component---newCondition--condBillCond-arrow"}]}
RESULT: {"script":"<script> [1562 bytes]","args":[{"selector":{"id":"application-manageconditionprice-display-component---newCondition--condBillCond-arrow"},"wdio_ui5_key":"applicationmanageconditionprice-display-component---newCondition--condBillCond-arrow"}]}
RESULT: undefined
COMMAND: POST /session/f7ba017eaa8b816e24f68d76f73d024d/element - {"using":"xpath","value":"//*[@id=\"application-manageconditionprice-display-component---newCondition--condBillCond-arrow\"]"}
RESULT: {"using":"xpath","value":"//*[@id=\"application-manageconditionprice-display-component---newCondition--condBillCond-arrow\"]"}
COMMAND: POST /session/f7ba017eaa8b816e24f68d76f73d024d/element/f.7D4F3E7B3A7890F64A3201E4749DC685.d.C9B83B0EF5B7E97B651D264E154A4915.e.5486/click - {}
RESULT: {}
COMMAND: GET /session/f7ba017eaa8b816e24f68d76f73d024d/screenshot - {}
RESULT: {}
COMMAND: POST /session/f7ba017eaa8b816e24f68d76f73d024d/element - {"using":"xpath","value":"//li[.//span[contains(text(), \"DISP - D&I special price\")]]"}
RESULT: {"using":"xpath","value":"//li[.//span[contains(text(), \"DISP - D&I special price\")]]"}
COMMAND: POST /session/f7ba017eaa8b816e24f68d76f73d024d/element/f.7D4F3E7B3A7890F64A3201E4749DC685.d.C9B83B0EF5B7E97B651D264E154A4915.e.5489/click - {}
RESULT: {}
COMMAND: GET /session/f7ba017eaa8b816e24f68d76f73d024d/screenshot - {}
RESULT: {}
COMMAND: POST /session/f7ba017eaa8b816e24f68d76f73d024d/execute/async - {"script":"<script> [1562 bytes]","args":[{"selector":{"id":"application-manageconditionprice-display-component---newCondition--condValidTo","interaction":{"idSuffix":"inner"}},"wdio_ui5_key":"applicationmanageconditionprice-display-component---newCondition--condValidTo"}]}
RESULT: {"script":"<script> [1562 bytes]","args":[{"selector":{"id":"application-manageconditionprice-display-component---newCondition--condValidTo","interaction":{"idSuffix":"inner"}},"wdio_ui5_key":"applicationmanageconditionprice-display-component---newCondition--condValidTo"}]}
RESULT: undefined
COMMAND: POST /session/f7ba017eaa8b816e24f68d76f73d024d/execute/async - {"script":"<script> [776 bytes]","args":[{"enterText":"2/12/26","selector":{"id":"application-manageconditionprice-display-component---newCondition--condValidTo","interaction":{"idSuffix":"inner"}},"clearTextFirst":true,"interactionType":"ENTER_TEXT"}]}
RESULT: {"script":"<script> [776 bytes]","args":[{"enterText":"2/12/26","selector":{"id":"application-manageconditionprice-display-component---newCondition--condValidTo","interaction":{"idSuffix":"inner"}},"clearTextFirst":true,"interactionType":"ENTER_TEXT"}]}
COMMAND: POST /session/f7ba017eaa8b816e24f68d76f73d024d/element - {"using":"xpath","value":"//input[@id=\"application-manageconditionprice-display-component---newCondition--condRU-inner\"]"}
RESULT: {"using":"xpath","value":"//input[@id=\"application-manageconditionprice-display-component---newCondition--condRU-inner\"]"}
COMMAND: POST /session/f7ba017eaa8b816e24f68d76f73d024d/element/f.7D4F3E7B3A7890F64A3201E4749DC685.d.C9B83B0EF5B7E97B651D264E154A4915.e.5351/clear - {}
RESULT: {}
COMMAND: POST /session/f7ba017eaa8b816e24f68d76f73d024d/element/f.7D4F3E7B3A7890F64A3201E4749DC685.d.C9B83B0EF5B7E97B651D264E154A4915.e.5351/value - {"text":"A4O7Er5yeT"}
COMMAND: GET /session/f7ba017eaa8b816e24f68d76f73d024d/screenshot - {}
RESULT: {"text":"A4O7Er5yeT"}
COMMAND: GET /session/f7ba017eaa8b816e24f68d76f73d024d/screenshot - {}
RESULT: {}
RESULT: {}
COMMAND: POST /session/f7ba017eaa8b816e24f68d76f73d024d/actions - {"actions":[{"id":"action15","type":"key","parameters":{},"actions":[{"type":"keyDown","value":"î€‡"},{"type":"pause","duration":10},{"type":"keyUp","value":"î€‡"}]}]}
RESULT: {"actions":[{"id":"action15","type":"key","parameters":{},"actions":[{"type":"keyDown","value":"î€‡"},{"type":"pause","duration":10},{"type":"keyUp","value":"î€‡"}]}]}
COMMAND: POST /session/f7ba017eaa8b816e24f68d76f73d024d/execute/async - {"script":"<script> [1562 bytes]","args":[{"selector":{"id":"application-manageconditionprice-display-component---newCondition--condBaseQty","interaction":{"idSuffix":"inner"}},"wdio_ui5_key":"applicationmanageconditionprice-display-component---newCondition--condBaseQty"}]}
COMMAND: GET /session/f7ba017eaa8b816e24f68d76f73d024d/screenshot - {}
RESULT: {"script":"<script> [1562 bytes]","args":[{"selector":{"id":"application-manageconditionprice-display-component---newCondition--condBaseQty","interaction":{"idSuffix":"inner"}},"wdio_ui5_key":"applicationmanageconditionprice-display-component---newCondition--condBaseQty"}]}
RESULT: undefined
COMMAND: POST /session/f7ba017eaa8b816e24f68d76f73d024d/execute/async - {"script":"<script> [776 bytes]","args":[{"enterText":"1","selector":{"id":"application-manageconditionprice-display-component---newCondition--condBaseQty","interaction":{"idSuffix":"inner"}},"clearTextFirst":true,"interactionType":"ENTER_TEXT"}]}
RESULT: {}
RESULT: {"script":"<script> [776 bytes]","args":[{"enterText":"1","selector":{"id":"application-manageconditionprice-display-component---newCondition--condBaseQty","interaction":{"idSuffix":"inner"}},"clearTextFirst":true,"interactionType":"ENTER_TEXT"}]}
COMMAND: POST /session/f7ba017eaa8b816e24f68d76f73d024d/execute/async - {"script":"<script> [1562 bytes]","args":[{"selector":{"id":"application-manageconditionprice-display-component---newCondition--condValue","interaction":{"idSuffix":"inner"}},"wdio_ui5_key":"applicationmanageconditionprice-display-component---newCondition--condValue"}]}
RESULT: {"script":"<script> [1562 bytes]","args":[{"selector":{"id":"application-manageconditionprice-display-component---newCondition--condValue","interaction":{"idSuffix":"inner"}},"wdio_ui5_key":"applicationmanageconditionprice-display-component---newCondition--condValue"}]}
RESULT: undefined
COMMAND: POST /session/f7ba017eaa8b816e24f68d76f73d024d/execute/async - {"script":"<script> [776 bytes]","args":[{"enterText":"100","selector":{"id":"application-manageconditionprice-display-component---newCondition--condValue","interaction":{"idSuffix":"inner"}},"clearTextFirst":true,"interactionType":"ENTER_TEXT"}]}
RESULT: {"script":"<script> [776 bytes]","args":[{"enterText":"100","selector":{"id":"application-manageconditionprice-display-component---newCondition--condValue","interaction":{"idSuffix":"inner"}},"clearTextFirst":true,"interactionType":"ENTER_TEXT"}]}
COMMAND: POST /session/f7ba017eaa8b816e24f68d76f73d024d/execute/async - {"script":"<script> [1562 bytes]","args":[{"selector":{"id":"application-manageconditionprice-display-component---newCondition--condCurr-arrow"},"wdio_ui5_key":"applicationmanageconditionprice-display-component---newCondition--condCurr-arrow"}]}
RESULT: {"script":"<script> [1562 bytes]","args":[{"selector":{"id":"application-manageconditionprice-display-component---newCondition--condCurr-arrow"},"wdio_ui5_key":"applicationmanageconditionprice-display-component---newCondition--condCurr-arrow"}]}
RESULT: undefined
COMMAND: POST /session/f7ba017eaa8b816e24f68d76f73d024d/element - {"using":"xpath","value":"//*[@id=\"application-manageconditionprice-display-component---newCondition--condCurr-arrow\"]"}
RESULT: {"using":"xpath","value":"//*[@id=\"application-manageconditionprice-display-component---newCondition--condCurr-arrow\"]"}
COMMAND: POST /session/f7ba017eaa8b816e24f68d76f73d024d/element/f.7D4F3E7B3A7890F64A3201E4749DC685.d.C9B83B0EF5B7E97B651D264E154A4915.e.5468/click - {}
RESULT: {}
COMMAND: POST /session/f7ba017eaa8b816e24f68d76f73d024d/element - {"using":"xpath","value":"//span[contains(text(), \"Euro\")]"}
COMMAND: GET /session/f7ba017eaa8b816e24f68d76f73d024d/screenshot - {}
RESULT: {"using":"xpath","value":"//span[contains(text(), \"Euro\")]"}
COMMAND: POST /session/f7ba017eaa8b816e24f68d76f73d024d/element/f.7D4F3E7B3A7890F64A3201E4749DC685.d.C9B83B0EF5B7E97B651D264E154A4915.e.5526/click - {}
RESULT: {}
RESULT: {}
COMMAND: POST /session/f7ba017eaa8b816e24f68d76f73d024d/element - {"using":"xpath","value":"//button[@data-kt=\"saveButton\"]"}
COMMAND: GET /session/f7ba017eaa8b816e24f68d76f73d024d/screenshot - {}
RESULT: {"using":"xpath","value":"//button[@data-kt=\"saveButton\"]"}
COMMAND: POST /session/f7ba017eaa8b816e24f68d76f73d024d/element/f.7D4F3E7B3A7890F64A3201E4749DC685.d.C9B83B0EF5B7E97B651D264E154A4915.e.5469/click - {}
RESULT: {}
RESULT: {}
COMMAND: GET /session/f7ba017eaa8b816e24f68d76f73d024d/screenshot - {}
RESULT: {}
COMMAND: POST /session/f7ba017eaa8b816e24f68d76f73d024d/execute/async - {"script":"<script> [1562 bytes]","args":[{"selector":{"id":"application-manageconditionprice-display-component---conditions--smartFilterBar-btnBasicSearch","interaction":{"idSuffix":"I"}},"wdio_ui5_key":"applicationmanageconditionprice-display-component---conditions--smartFilterBar-btnBasicSearch"}]}
RESULT: {"script":"<script> [1562 bytes]","args":[{"selector":{"id":"application-manageconditionprice-display-component---conditions--smartFilterBar-btnBasicSearch","interaction":{"idSuffix":"I"}},"wdio_ui5_key":"applicationmanageconditionprice-display-component---conditions--smartFilterBar-btnBasicSearch"}]}
RESULT: undefined
COMMAND: POST /session/f7ba017eaa8b816e24f68d76f73d024d/execute/async - {"script":"<script> [776 bytes]","args":[{"enterText":"A4O7Er5yeT","selector":{"id":"application-manageconditionprice-display-component---conditions--smartFilterBar-btnBasicSearch","interaction":{"idSuffix":"I"}},"clearTextFirst":true,"interactionType":"ENTER_TEXT"}]}
RESULT: {"script":"<script> [776 bytes]","args":[{"enterText":"A4O7Er5yeT","selector":{"id":"application-manageconditionprice-display-component---conditions--smartFilterBar-btnBasicSearch","interaction":{"idSuffix":"I"}},"clearTextFirst":true,"interactionType":"ENTER_TEXT"}]}
COMMAND: POST /session/f7ba017eaa8b816e24f68d76f73d024d/actions - {"actions":[{"id":"action16","type":"key","parameters":{},"actions":[{"type":"keyDown","value":"î€‡"},{"type":"pause","duration":10},{"type":"keyUp","value":"î€‡"}]}]}
RESULT: {"actions":[{"id":"action16","type":"key","parameters":{},"actions":[{"type":"keyDown","value":"î€‡"},{"type":"pause","duration":10},{"type":"keyUp","value":"î€‡"}]}]}
COMMAND: GET /session/f7ba017eaa8b816e24f68d76f73d024d/screenshot - {}
RESULT: {}
COMMAND: POST /session/f7ba017eaa8b816e24f68d76f73d024d/execute/async - {"script":"<script> [1562 bytes]","args":[{"selector":{"id":"application-manageconditionprice-display-component---conditions--smartFilterBar-filterItemControl_BASIC-BILL_TYPES-vhi"},"wdio_ui5_key":"applicationmanageconditionprice-display-component---conditions--smartFilterBar-filterItemControl_BASIC-BILL_TYPES-vhi"}]}
RESULT: {"script":"<script> [1562 bytes]","args":[{"selector":{"id":"application-manageconditionprice-display-component---conditions--smartFilterBar-filterItemControl_BASIC-BILL_TYPES-vhi"},"wdio_ui5_key":"applicationmanageconditionprice-display-component---conditions--smartFilterBar-filterItemControl_BASIC-BILL_TYPES-vhi"}]}
RESULT: undefined
COMMAND: POST /session/f7ba017eaa8b816e24f68d76f73d024d/element - {"using":"xpath","value":"//*[@id=\"application-manageconditionprice-display-component---conditions--smartFilterBar-filterItemControl_BASIC-BILL_TYPES-vhi\"]"}
RESULT: {"using":"xpath","value":"//*[@id=\"application-manageconditionprice-display-component---conditions--smartFilterBar-filterItemControl_BASIC-BILL_TYPES-vhi\"]"}
COMMAND: POST /session/f7ba017eaa8b816e24f68d76f73d024d/element/f.7D4F3E7B3A7890F64A3201E4749DC685.d.C9B83B0EF5B7E97B651D264E154A4915.e.5634/click - {}
RESULT: {}
COMMAND: POST /session/f7ba017eaa8b816e24f68d76f73d024d/execute/async - {"script":"<script> [1562 bytes]","args":[{"selector":{"id":"application-manageconditionprice-display-component---conditions--smartFilterBar-filterItemControl_BASIC-BILL_TYPES-valueHelpDialog-smartFilterBar-btnBasicSearch","searchOpenDialogs":true,"interaction":{"idSuffix":"I"}},"wdio_ui5_key":"applicationmanageconditionprice-display-component---conditions--smartFilterBar-filterItemControl_BASIC-BILL_TYPES-valueHelpDialog-smartFilterBar-btnBasicSearch"}]}
COMMAND: GET /session/f7ba017eaa8b816e24f68d76f73d024d/screenshot - {}
RESULT: {"script":"<script> [1562 bytes]","args":[{"selector":{"id":"application-manageconditionprice-display-component---conditions--smartFilterBar-filterItemControl_BASIC-BILL_TYPES-valueHelpDialog-smartFilterBar-btnBasicSearch","searchOpenDialogs":true,"interaction":{"idSuffix":"I"}},"wdio_ui5_key":"applicationmanageconditionprice-display-component---conditions--smartFilterBar-filterItemControl_BASIC-BILL_TYPES-valueHelpDialog-smartFilterBar-btnBasicSearch"}]}
RESULT: undefined
COMMAND: POST /session/f7ba017eaa8b816e24f68d76f73d024d/execute/async - {"script":"<script> [776 bytes]","args":[{"enterText":"TB","selector":{"id":"application-manageconditionprice-display-component---conditions--smartFilterBar-filterItemControl_BASIC-BILL_TYPES-valueHelpDialog-smartFilterBar-btnBasicSearch","searchOpenDialogs":true,"interaction":{"idSuffix":"I"}},"clearTextFirst":true,"interactionType":"ENTER_TEXT"}]}
RESULT: {}
RESULT: {"script":"<script> [776 bytes]","args":[{"enterText":"TB","selector":{"id":"application-manageconditionprice-display-component---conditions--smartFilterBar-filterItemControl_BASIC-BILL_TYPES-valueHelpDialog-smartFilterBar-btnBasicSearch","searchOpenDialogs":true,"interaction":{"idSuffix":"I"}},"clearTextFirst":true,"interactionType":"ENTER_TEXT"}]}
COMMAND: POST /session/f7ba017eaa8b816e24f68d76f73d024d/actions - {"actions":[{"id":"action17","type":"key","parameters":{},"actions":[{"type":"keyDown","value":"î€‡"},{"type":"pause","duration":10},{"type":"keyUp","value":"î€‡"}]}]}
RESULT: {"actions":[{"id":"action17","type":"key","parameters":{},"actions":[{"type":"keyDown","value":"î€‡"},{"type":"pause","duration":10},{"type":"keyUp","value":"î€‡"}]}]}
COMMAND: GET /session/f7ba017eaa8b816e24f68d76f73d024d/screenshot - {}
RESULT: {}
COMMAND: POST /session/f7ba017eaa8b816e24f68d76f73d024d/element - {"using":"xpath","value":"//div[contains(@id, 'application-manageconditionprice-display-component---conditions--smartFilterBar-filterItemControl_BASIC-BILL_TYPES-valueHelpDialog-table-rowsel0')]"}
RESULT: {"using":"xpath","value":"//div[contains(@id, 'application-manageconditionprice-display-component---conditions--smartFilterBar-filterItemControl_BASIC-BILL_TYPES-valueHelpDialog-table-rowsel0')]"}
COMMAND: POST /session/f7ba017eaa8b816e24f68d76f73d024d/element/f.7D4F3E7B3A7890F64A3201E4749DC685.d.C9B83B0EF5B7E97B651D264E154A4915.e.5643/click - {}
RESULT: {}
COMMAND: GET /session/f7ba017eaa8b816e24f68d76f73d024d/screenshot - {}
RESULT: {}
COMMAND: POST /session/f7ba017eaa8b816e24f68d76f73d024d/element - {"using":"xpath","value":"//bdi[contains(text(), \"OK\")]"}
RESULT: {"using":"xpath","value":"//bdi[contains(text(), \"OK\")]"}
COMMAND: POST /session/f7ba017eaa8b816e24f68d76f73d024d/element/f.7D4F3E7B3A7890F64A3201E4749DC685.d.C9B83B0EF5B7E97B651D264E154A4915.e.5645/click - {}
RESULT: {}
COMMAND: GET /session/f7ba017eaa8b816e24f68d76f73d024d/screenshot - {}
RESULT: {}
COMMAND: POST /session/f7ba017eaa8b816e24f68d76f73d024d/element - {"using":"xpath","value":"//span[@id=\"application-manageconditionprice-display-component---conditions--smartTable-header-inner\"]"}
RESULT: {"using":"xpath","value":"//span[@id=\"application-manageconditionprice-display-component---conditions--smartTable-header-inner\"]"}
COMMAND: POST /session/f7ba017eaa8b816e24f68d76f73d024d/elements - {"using":"xpath","value":"//span[@id=\"application-manageconditionprice-display-component---conditions--smartTable-header-inner\"]"}
RESULT: {"using":"xpath","value":"//span[@id=\"application-manageconditionprice-display-component---conditions--smartTable-header-inner\"]"}
COMMAND: POST /session/f7ba017eaa8b816e24f68d76f73d024d/execute/sync - {"script":"<script> [56 bytes]","args":[{"element-6066-11e4-a52e-4f735466cecf":"f.7D4F3E7B3A7890F64A3201E4749DC685.d.C9B83B0EF5B7E97B651D264E154A4915.e.5648","ELEMENT":"f.7D4F3E7B3A7890F64A3201E4749DC685.d.C9B83B0EF5B7E97B651D264E154A4915.e.5648"}]}
RESULT: {"script":"<script> [56 bytes]","args":[{"element-6066-11e4-a52e-4f735466cecf":"f.7D4F3E7B3A7890F64A3201E4749DC685.d.C9B83B0EF5B7E97B651D264E154A4915.e.5648","ELEMENT":"f.7D4F3E7B3A7890F64A3201E4749DC685.d.C9B83B0EF5B7E97B651D264E154A4915.e.5648"}]}
COMMAND: POST /session/f7ba017eaa8b816e24f68d76f73d024d/element - {"using":"css selector","value":"#shell-header-logo"}
COMMAND: GET /session/f7ba017eaa8b816e24f68d76f73d024d/screenshot - {}
RESULT: {"using":"css selector","value":"#shell-header-logo"}
COMMAND: POST /session/f7ba017eaa8b816e24f68d76f73d024d/element/f.7D4F3E7B3A7890F64A3201E4749DC685.d.C9B83B0EF5B7E97B651D264E154A4915.e.5277/click - {}
RESULT: {}
RESULT: {}
COMMAND: GET /session/f7ba017eaa8b816e24f68d76f73d024d/screenshot - {}
RESULT: {}
]]></system-out>
    </testcase>
  </testsuite>
  <testsuite timestamp="2025-06-12T17:41:08" time="1010.88" tests="12" failures="6" errors="6" skipped="0">
    <properties>
      <property name="specId" value="0" />
      <property name="suiteName" value="Billing Transfer - Intracompany US127249" />
      <property name="capabilities" value="chrome.137_0_7151_69.windows" />
      <property name="file" value="file:///D:/a/1/s/test/specs/BTS/billing-transfer-intracompany.spec.js" />
    </properties>
    <testcase classname="chrome.137_0_7151_69.windows.Billing_Transfer_-_Intracompany_US127249" name="Should create a new yard" time="122.294">
      <system-out><![CDATA[
COMMAND: POST /session/f7ba017eaa8b816e24f68d76f73d024d/window/fullscreen - {}
RESULT: {}
COMMAND: POST /session/f7ba017eaa8b816e24f68d76f73d024d/execute/async - {"script":"<script> [1562 bytes]","args":[{"selector":{"controlType":"sap.m.GenericTile","properties":{"header":"Manage Yards"}},"wdio_ui5_key":"sapm.GenericTile{\"header\":\"Manage Yards\"}"}]}
RESULT: {"script":"<script> [1562 bytes]","args":[{"selector":{"controlType":"sap.m.GenericTile","properties":{"header":"Manage Yards"}},"wdio_ui5_key":"sapm.GenericTile{\"header\":\"Manage Yards\"}"}]}
RESULT: undefined
COMMAND: POST /session/f7ba017eaa8b816e24f68d76f73d024d/element - {"using":"xpath","value":"//*[@id=\"__tile42\"]"}
RESULT: {"using":"xpath","value":"//*[@id=\"__tile42\"]"}
COMMAND: POST /session/f7ba017eaa8b816e24f68d76f73d024d/element/f.7D4F3E7B3A7890F64A3201E4749DC685.d.F1CAB52E4C67CE221CEB5953868769BA.e.6441/click - {}
RESULT: {}
COMMAND: GET /session/f7ba017eaa8b816e24f68d76f73d024d/screenshot - {}
RESULT: {}
COMMAND: POST /session/f7ba017eaa8b816e24f68d76f73d024d/elements - {"using":"xpath","value":"//span[text()='Error']"}
RESULT: {"using":"xpath","value":"//span[text()='Error']"}
COMMAND: POST /session/f7ba017eaa8b816e24f68d76f73d024d/element - {"using":"xpath","value":"//button[@data-kt=\"addNewYardOverflowToolbarButton\"]"}
RESULT: {"using":"xpath","value":"//button[@data-kt=\"addNewYardOverflowToolbarButton\"]"}
COMMAND: POST /session/f7ba017eaa8b816e24f68d76f73d024d/elements - {"using":"xpath","value":"//button[@data-kt=\"addNewYardOverflowToolbarButton\"]"}
RESULT: {"using":"xpath","value":"//button[@data-kt=\"addNewYardOverflowToolbarButton\"]"}
COMMAND: POST /session/f7ba017eaa8b816e24f68d76f73d024d/elements - {"using":"xpath","value":"//button[@data-kt=\"addNewYardOverflowToolbarButton\"]"}
RESULT: {"using":"xpath","value":"//button[@data-kt=\"addNewYardOverflowToolbarButton\"]"}
COMMAND: POST /session/f7ba017eaa8b816e24f68d76f73d024d/element - {"using":"xpath","value":"//button[@data-kt=\"addNewYardOverflowToolbarButton\"]"}
RESULT: {"using":"xpath","value":"//button[@data-kt=\"addNewYardOverflowToolbarButton\"]"}
COMMAND: POST /session/f7ba017eaa8b816e24f68d76f73d024d/execute/sync - {"script":"<script> [8489 bytes]","args":[{"element-6066-11e4-a52e-4f735466cecf":"f.7D4F3E7B3A7890F64A3201E4749DC685.d.F1CAB52E4C67CE221CEB5953868769BA.e.6580","ELEMENT":"f.7D4F3E7B3A7890F64A3201E4749DC685.d.F1CAB52E4C67CE221CEB5953868769BA.e.6580"}]}
RESULT: {"script":"<script> [8489 bytes]","args":[{"element-6066-11e4-a52e-4f735466cecf":"f.7D4F3E7B3A7890F64A3201E4749DC685.d.F1CAB52E4C67CE221CEB5953868769BA.e.6580","ELEMENT":"f.7D4F3E7B3A7890F64A3201E4749DC685.d.F1CAB52E4C67CE221CEB5953868769BA.e.6580"}]}
COMMAND: GET /session/f7ba017eaa8b816e24f68d76f73d024d/element/f.7D4F3E7B3A7890F64A3201E4749DC685.d.F1CAB52E4C67CE221CEB5953868769BA.e.6580/enabled - {}
COMMAND: GET /session/f7ba017eaa8b816e24f68d76f73d024d/screenshot - {}
RESULT: {}
COMMAND: POST /session/f7ba017eaa8b816e24f68d76f73d024d/execute/sync - {"script":"<script> [8489 bytes]","args":[{"element-6066-11e4-a52e-4f735466cecf":"f.7D4F3E7B3A7890F64A3201E4749DC685.d.F1CAB52E4C67CE221CEB5953868769BA.e.6580","ELEMENT":"f.7D4F3E7B3A7890F64A3201E4749DC685.d.F1CAB52E4C67CE221CEB5953868769BA.e.6580"}]}
COMMAND: GET /session/f7ba017eaa8b816e24f68d76f73d024d/screenshot - {}
RESULT: {}
RESULT: {"script":"<script> [8489 bytes]","args":[{"element-6066-11e4-a52e-4f735466cecf":"f.7D4F3E7B3A7890F64A3201E4749DC685.d.F1CAB52E4C67CE221CEB5953868769BA.e.6580","ELEMENT":"f.7D4F3E7B3A7890F64A3201E4749DC685.d.F1CAB52E4C67CE221CEB5953868769BA.e.6580"}]}
COMMAND: POST /session/f7ba017eaa8b816e24f68d76f73d024d/execute/sync - {"script":"<script> [5351 bytes]","args":[{"element-6066-11e4-a52e-4f735466cecf":"f.7D4F3E7B3A7890F64A3201E4749DC685.d.F1CAB52E4C67CE221CEB5953868769BA.e.6580","ELEMENT":"f.7D4F3E7B3A7890F64A3201E4749DC685.d.F1CAB52E4C67CE221CEB5953868769BA.e.6580"}]}
COMMAND: GET /session/f7ba017eaa8b816e24f68d76f73d024d/screenshot - {}
RESULT: {}
RESULT: {"script":"<script> [5351 bytes]","args":[{"element-6066-11e4-a52e-4f735466cecf":"f.7D4F3E7B3A7890F64A3201E4749DC685.d.F1CAB52E4C67CE221CEB5953868769BA.e.6580","ELEMENT":"f.7D4F3E7B3A7890F64A3201E4749DC685.d.F1CAB52E4C67CE221CEB5953868769BA.e.6580"}]}
COMMAND: POST /session/f7ba017eaa8b816e24f68d76f73d024d/element/f.7D4F3E7B3A7890F64A3201E4749DC685.d.F1CAB52E4C67CE221CEB5953868769BA.e.6580/click - {}
COMMAND: GET /session/f7ba017eaa8b816e24f68d76f73d024d/screenshot - {}
RESULT: {}
RESULT: {}
COMMAND: GET /session/f7ba017eaa8b816e24f68d76f73d024d/screenshot - {}
RESULT: {}
RESULT: {}
COMMAND: POST /session/f7ba017eaa8b816e24f68d76f73d024d/element - {"using":"xpath","value":"//input[@id=\"application-manageyards-display-component---NewYard--yardId-inner\"]"}
RESULT: {"using":"xpath","value":"//input[@id=\"application-manageyards-display-component---NewYard--yardId-inner\"]"}
COMMAND: POST /session/f7ba017eaa8b816e24f68d76f73d024d/element - {"using":"xpath","value":"//input[@id=\"application-manageyards-display-component---NewYard--yardId-inner\"]"}
RESULT: {"using":"xpath","value":"//input[@id=\"application-manageyards-display-component---NewYard--yardId-inner\"]"}
COMMAND: POST /session/f7ba017eaa8b816e24f68d76f73d024d/execute/async - {"script":"<script> [1562 bytes]","args":[{"selector":{"id":"application-manageyards-display-component---NewYard--addressDetailDetailsName1","interaction":{"idSuffix":"inner"}},"wdio_ui5_key":"applicationmanageyards-display-component---NewYard--addressDetailDetailsName1"}]}
RESULT: {"script":"<script> [1562 bytes]","args":[{"selector":{"id":"application-manageyards-display-component---NewYard--addressDetailDetailsName1","interaction":{"idSuffix":"inner"}},"wdio_ui5_key":"applicationmanageyards-display-component---NewYard--addressDetailDetailsName1"}]}
RESULT: undefined
COMMAND: POST /session/f7ba017eaa8b816e24f68d76f73d024d/execute/async - {"script":"<script> [776 bytes]","args":[{"enterText":"Intracompany Yard wdIO","selector":{"id":"application-manageyards-display-component---NewYard--addressDetailDetailsName1","interaction":{"idSuffix":"inner"}},"clearTextFirst":true,"interactionType":"ENTER_TEXT"}]}
RESULT: {"script":"<script> [776 bytes]","args":[{"enterText":"Intracompany Yard wdIO","selector":{"id":"application-manageyards-display-component---NewYard--addressDetailDetailsName1","interaction":{"idSuffix":"inner"}},"clearTextFirst":true,"interactionType":"ENTER_TEXT"}]}
COMMAND: POST /session/f7ba017eaa8b816e24f68d76f73d024d/execute/async - {"script":"<script> [1562 bytes]","args":[{"selector":{"id":"application-manageyards-display-component---NewYard--addressDetailDetailsLanguage-arrow"},"wdio_ui5_key":"applicationmanageyards-display-component---NewYard--addressDetailDetailsLanguage-arrow"}]}
RESULT: {"script":"<script> [1562 bytes]","args":[{"selector":{"id":"application-manageyards-display-component---NewYard--addressDetailDetailsLanguage-arrow"},"wdio_ui5_key":"applicationmanageyards-display-component---NewYard--addressDetailDetailsLanguage-arrow"}]}
RESULT: undefined
COMMAND: POST /session/f7ba017eaa8b816e24f68d76f73d024d/element - {"using":"xpath","value":"//*[@id=\"application-manageyards-display-component---NewYard--addressDetailDetailsLanguage-arrow\"]"}
RESULT: {"using":"xpath","value":"//*[@id=\"application-manageyards-display-component---NewYard--addressDetailDetailsLanguage-arrow\"]"}
COMMAND: POST /session/f7ba017eaa8b816e24f68d76f73d024d/element/f.7D4F3E7B3A7890F64A3201E4749DC685.d.F1CAB52E4C67CE221CEB5953868769BA.e.6841/click - {}
RESULT: {}
COMMAND: POST /session/f7ba017eaa8b816e24f68d76f73d024d/element - {"using":"xpath","value":"//span[contains(text(), \"English\")]"}
COMMAND: GET /session/f7ba017eaa8b816e24f68d76f73d024d/screenshot - {}
RESULT: {"using":"xpath","value":"//span[contains(text(), \"English\")]"}
COMMAND: POST /session/f7ba017eaa8b816e24f68d76f73d024d/element/f.7D4F3E7B3A7890F64A3201E4749DC685.d.F1CAB52E4C67CE221CEB5953868769BA.e.6842/click - {}
RESULT: {}
RESULT: {}
COMMAND: POST /session/f7ba017eaa8b816e24f68d76f73d024d/execute/async - {"script":"<script> [1562 bytes]","args":[{"selector":{"id":"application-manageyards-display-component---NewYard--addressDetailDetailsCity1","interaction":{"idSuffix":"inner"}},"wdio_ui5_key":"applicationmanageyards-display-component---NewYard--addressDetailDetailsCity1"}]}
COMMAND: GET /session/f7ba017eaa8b816e24f68d76f73d024d/screenshot - {}
RESULT: {"script":"<script> [1562 bytes]","args":[{"selector":{"id":"application-manageyards-display-component---NewYard--addressDetailDetailsCity1","interaction":{"idSuffix":"inner"}},"wdio_ui5_key":"applicationmanageyards-display-component---NewYard--addressDetailDetailsCity1"}]}
RESULT: undefined
COMMAND: POST /session/f7ba017eaa8b816e24f68d76f73d024d/execute/async - {"script":"<script> [776 bytes]","args":[{"enterText":"Rosario","selector":{"id":"application-manageyards-display-component---NewYard--addressDetailDetailsCity1","interaction":{"idSuffix":"inner"}},"clearTextFirst":true,"interactionType":"ENTER_TEXT"}]}
RESULT: {}
RESULT: {"script":"<script> [776 bytes]","args":[{"enterText":"Rosario","selector":{"id":"application-manageyards-display-component---NewYard--addressDetailDetailsCity1","interaction":{"idSuffix":"inner"}},"clearTextFirst":true,"interactionType":"ENTER_TEXT"}]}
COMMAND: POST /session/f7ba017eaa8b816e24f68d76f73d024d/execute/async - {"script":"<script> [1562 bytes]","args":[{"selector":{"id":"application-manageyards-display-component---NewYard--addressDetailDetailsCountry-arrow"},"wdio_ui5_key":"applicationmanageyards-display-component---NewYard--addressDetailDetailsCountry-arrow"}]}
RESULT: {"script":"<script> [1562 bytes]","args":[{"selector":{"id":"application-manageyards-display-component---NewYard--addressDetailDetailsCountry-arrow"},"wdio_ui5_key":"applicationmanageyards-display-component---NewYard--addressDetailDetailsCountry-arrow"}]}
RESULT: undefined
COMMAND: POST /session/f7ba017eaa8b816e24f68d76f73d024d/element - {"using":"xpath","value":"//*[@id=\"application-manageyards-display-component---NewYard--addressDetailDetailsCountry-arrow\"]"}
RESULT: {"using":"xpath","value":"//*[@id=\"application-manageyards-display-component---NewYard--addressDetailDetailsCountry-arrow\"]"}
COMMAND: POST /session/f7ba017eaa8b816e24f68d76f73d024d/element/f.7D4F3E7B3A7890F64A3201E4749DC685.d.F1CAB52E4C67CE221CEB5953868769BA.e.6844/click - {}
RESULT: {}
COMMAND: POST /session/f7ba017eaa8b816e24f68d76f73d024d/element - {"using":"xpath","value":"//span[contains(text(), \"Argentina\")]"}
COMMAND: GET /session/f7ba017eaa8b816e24f68d76f73d024d/screenshot - {}
RESULT: {"using":"xpath","value":"//span[contains(text(), \"Argentina\")]"}
COMMAND: POST /session/f7ba017eaa8b816e24f68d76f73d024d/element/f.7D4F3E7B3A7890F64A3201E4749DC685.d.F1CAB52E4C67CE221CEB5953868769BA.e.6845/click - {}
RESULT: {}
RESULT: {}
COMMAND: POST /session/f7ba017eaa8b816e24f68d76f73d024d/execute/async - {"script":"<script> [1562 bytes]","args":[{"selector":{"id":"application-manageyards-display-component---NewYard--addressEditDetailsCostObjectCstType-arrow"},"wdio_ui5_key":"applicationmanageyards-display-component---NewYard--addressEditDetailsCostObjectCstType-arrow"}]}
COMMAND: GET /session/f7ba017eaa8b816e24f68d76f73d024d/screenshot - {}
RESULT: {"script":"<script> [1562 bytes]","args":[{"selector":{"id":"application-manageyards-display-component---NewYard--addressEditDetailsCostObjectCstType-arrow"},"wdio_ui5_key":"applicationmanageyards-display-component---NewYard--addressEditDetailsCostObjectCstType-arrow"}]}
RESULT: undefined
COMMAND: POST /session/f7ba017eaa8b816e24f68d76f73d024d/element - {"using":"xpath","value":"//*[@id=\"application-manageyards-display-component---NewYard--addressEditDetailsCostObjectCstType-arrow\"]"}
RESULT: {}
RESULT: {"using":"xpath","value":"//*[@id=\"application-manageyards-display-component---NewYard--addressEditDetailsCostObjectCstType-arrow\"]"}
COMMAND: POST /session/f7ba017eaa8b816e24f68d76f73d024d/element/f.7D4F3E7B3A7890F64A3201E4749DC685.d.F1CAB52E4C67CE221CEB5953868769BA.e.6847/click - {}
RESULT: {}
COMMAND: POST /session/f7ba017eaa8b816e24f68d76f73d024d/element - {"using":"xpath","value":"//span[contains(text(), \"Cost Center\")]"}
COMMAND: GET /session/f7ba017eaa8b816e24f68d76f73d024d/screenshot - {}
RESULT: {"using":"xpath","value":"//span[contains(text(), \"Cost Center\")]"}
COMMAND: POST /session/f7ba017eaa8b816e24f68d76f73d024d/element/f.7D4F3E7B3A7890F64A3201E4749DC685.d.F1CAB52E4C67CE221CEB5953868769BA.e.6848/click - {}
RESULT: {}
RESULT: {}
COMMAND: GET /session/f7ba017eaa8b816e24f68d76f73d024d/screenshot - {}
RESULT: {}
COMMAND: POST /session/f7ba017eaa8b816e24f68d76f73d024d/element - {"using":"xpath","value":"//span[@id=\"application-manageyards-display-component---NewYard--addressNewCostObjectCstID-vhi\"]"}
RESULT: {"using":"xpath","value":"//span[@id=\"application-manageyards-display-component---NewYard--addressNewCostObjectCstID-vhi\"]"}
COMMAND: POST /session/f7ba017eaa8b816e24f68d76f73d024d/execute/sync - {"script":"<script> [8489 bytes]","args":[{"element-6066-11e4-a52e-4f735466cecf":"f.7D4F3E7B3A7890F64A3201E4749DC685.d.F1CAB52E4C67CE221CEB5953868769BA.e.6852","ELEMENT":"f.7D4F3E7B3A7890F64A3201E4749DC685.d.F1CAB52E4C67CE221CEB5953868769BA.e.6852"}]}
RESULT: {"script":"<script> [8489 bytes]","args":[{"element-6066-11e4-a52e-4f735466cecf":"f.7D4F3E7B3A7890F64A3201E4749DC685.d.F1CAB52E4C67CE221CEB5953868769BA.e.6852","ELEMENT":"f.7D4F3E7B3A7890F64A3201E4749DC685.d.F1CAB52E4C67CE221CEB5953868769BA.e.6852"}]}
COMMAND: POST /session/f7ba017eaa8b816e24f68d76f73d024d/execute/async - {"script":"<script> [1562 bytes]","args":[{"selector":{"id":"application-manageyards-display-component---NewYard--addressNewCostObjectCstID-vhi"},"wdio_ui5_key":"applicationmanageyards-display-component---NewYard--addressNewCostObjectCstID-vhi"}]}
COMMAND: GET /session/f7ba017eaa8b816e24f68d76f73d024d/screenshot - {}
RESULT: {"script":"<script> [1562 bytes]","args":[{"selector":{"id":"application-manageyards-display-component---NewYard--addressNewCostObjectCstID-vhi"},"wdio_ui5_key":"applicationmanageyards-display-component---NewYard--addressNewCostObjectCstID-vhi"}]}
RESULT: undefined
COMMAND: POST /session/f7ba017eaa8b816e24f68d76f73d024d/element - {"using":"xpath","value":"//*[@id=\"application-manageyards-display-component---NewYard--addressNewCostObjectCstID-vhi\"]"}
RESULT: {}
RESULT: {"using":"xpath","value":"//*[@id=\"application-manageyards-display-component---NewYard--addressNewCostObjectCstID-vhi\"]"}
COMMAND: POST /session/f7ba017eaa8b816e24f68d76f73d024d/element/f.7D4F3E7B3A7890F64A3201E4749DC685.d.F1CAB52E4C67CE221CEB5953868769BA.e.6852/click - {}
RESULT: {}
COMMAND: GET /session/f7ba017eaa8b816e24f68d76f73d024d/screenshot - {}
RESULT: {}
COMMAND: POST /session/f7ba017eaa8b816e24f68d76f73d024d/execute/async - {"script":"<script> [1562 bytes]","args":[{"selector":{"controlType":"sap.m.SearchField","properties":{"placeholder":"Search"},"searchOpenDialogs":true,"interaction":{"idSuffix":"I"}},"wdio_ui5_key":"sapm.SearchField{\"placeholder\":\"Search\"}"}]}
RESULT: {"script":"<script> [1562 bytes]","args":[{"selector":{"controlType":"sap.m.SearchField","properties":{"placeholder":"Search"},"searchOpenDialogs":true,"interaction":{"idSuffix":"I"}},"wdio_ui5_key":"sapm.SearchField{\"placeholder\":\"Search\"}"}]}
RESULT: undefined
COMMAND: POST /session/f7ba017eaa8b816e24f68d76f73d024d/execute/async - {"script":"<script> [776 bytes]","args":[{"enterText":"bauh_b","selector":{"controlType":"sap.m.SearchField","properties":{"placeholder":"Search"},"searchOpenDialogs":true,"interaction":{"idSuffix":"I"}},"clearTextFirst":true,"interactionType":"ENTER_TEXT"}]}
RESULT: {"script":"<script> [776 bytes]","args":[{"enterText":"bauh_b","selector":{"controlType":"sap.m.SearchField","properties":{"placeholder":"Search"},"searchOpenDialogs":true,"interaction":{"idSuffix":"I"}},"clearTextFirst":true,"interactionType":"ENTER_TEXT"}]}
COMMAND: POST /session/f7ba017eaa8b816e24f68d76f73d024d/actions - {"actions":[{"id":"action20","type":"key","parameters":{},"actions":[{"type":"keyDown","value":"î€‡"},{"type":"pause","duration":10},{"type":"keyUp","value":"î€‡"}]}]}
RESULT: {"actions":[{"id":"action20","type":"key","parameters":{},"actions":[{"type":"keyDown","value":"î€‡"},{"type":"pause","duration":10},{"type":"keyUp","value":"î€‡"}]}]}
COMMAND: GET /session/f7ba017eaa8b816e24f68d76f73d024d/screenshot - {}
RESULT: {}
COMMAND: POST /session/f7ba017eaa8b816e24f68d76f73d024d/element - {"using":"xpath","value":"//span[contains(text(), \"Demo Yard\")]"}
RESULT: {"using":"xpath","value":"//span[contains(text(), \"Demo Yard\")]"}
COMMAND: POST /session/f7ba017eaa8b816e24f68d76f73d024d/element/f.7D4F3E7B3A7890F64A3201E4749DC685.d.F1CAB52E4C67CE221CEB5953868769BA.e.6892/click - {}
RESULT: {}
COMMAND: GET /session/f7ba017eaa8b816e24f68d76f73d024d/screenshot - {}
RESULT: {}
COMMAND: POST /session/f7ba017eaa8b816e24f68d76f73d024d/element - {"using":"xpath","value":"//bdi[contains(text(), \"OK\")]"}
RESULT: {"using":"xpath","value":"//bdi[contains(text(), \"OK\")]"}
COMMAND: POST /session/f7ba017eaa8b816e24f68d76f73d024d/element/f.7D4F3E7B3A7890F64A3201E4749DC685.d.F1CAB52E4C67CE221CEB5953868769BA.e.6893/click - {}
RESULT: {}
COMMAND: GET /session/f7ba017eaa8b816e24f68d76f73d024d/screenshot - {}
RESULT: {}
COMMAND: POST /session/f7ba017eaa8b816e24f68d76f73d024d/execute/async - {"script":"<script> [1562 bytes]","args":[{"selector":{"id":"application-manageyards-display-component---NewYard--addressEditDetailsCurrency-arrow"},"wdio_ui5_key":"applicationmanageyards-display-component---NewYard--addressEditDetailsCurrency-arrow"}]}
RESULT: {"script":"<script> [1562 bytes]","args":[{"selector":{"id":"application-manageyards-display-component---NewYard--addressEditDetailsCurrency-arrow"},"wdio_ui5_key":"applicationmanageyards-display-component---NewYard--addressEditDetailsCurrency-arrow"}]}
RESULT: undefined
COMMAND: POST /session/f7ba017eaa8b816e24f68d76f73d024d/element - {"using":"xpath","value":"//*[@id=\"application-manageyards-display-component---NewYard--addressEditDetailsCurrency-arrow\"]"}
RESULT: {"using":"xpath","value":"//*[@id=\"application-manageyards-display-component---NewYard--addressEditDetailsCurrency-arrow\"]"}
COMMAND: POST /session/f7ba017eaa8b816e24f68d76f73d024d/element/f.7D4F3E7B3A7890F64A3201E4749DC685.d.F1CAB52E4C67CE221CEB5953868769BA.e.6896/click - {}
RESULT: {}
COMMAND: POST /session/f7ba017eaa8b816e24f68d76f73d024d/element - {"using":"xpath","value":"//span[contains(text(), \"Euro\")]"}
COMMAND: GET /session/f7ba017eaa8b816e24f68d76f73d024d/screenshot - {}
RESULT: {"using":"xpath","value":"//span[contains(text(), \"Euro\")]"}
COMMAND: POST /session/f7ba017eaa8b816e24f68d76f73d024d/element/f.7D4F3E7B3A7890F64A3201E4749DC685.d.F1CAB52E4C67CE221CEB5953868769BA.e.6897/click - {}
RESULT: {}
RESULT: {}
COMMAND: POST /session/f7ba017eaa8b816e24f68d76f73d024d/execute/async - {"script":"<script> [1562 bytes]","args":[{"selector":{"controlType":"sap.m.Input","viewName":"etm.portal.ui.manageyards.view.New","viewId":"application-manageyards-display-component---NewYard","bindingPath":{"path":"","propertyPath":"/CONTROLLING_AREA","modelName":"NewYardModel"},"interaction":{"idSuffix":"inner"}},"wdio_ui5_key":"etmportal.ui.manageyards.view.Newsap.m.Input{\"path\":\"\",\"propertyPath\":\"/CONTROLLING_AREA\",\"modelName\":\"NewYardModel\"}"}]}
COMMAND: GET /session/f7ba017eaa8b816e24f68d76f73d024d/screenshot - {}
RESULT: {"script":"<script> [1562 bytes]","args":[{"selector":{"controlType":"sap.m.Input","viewName":"etm.portal.ui.manageyards.view.New","viewId":"application-manageyards-display-component---NewYard","bindingPath":{"path":"","propertyPath":"/CONTROLLING_AREA","modelName":"NewYardModel"},"interaction":{"idSuffix":"inner"}},"wdio_ui5_key":"etmportal.ui.manageyards.view.Newsap.m.Input{\"path\":\"\",\"propertyPath\":\"/CONTROLLING_AREA\",\"modelName\":\"NewYardModel\"}"}]}
RESULT: undefined
COMMAND: POST /session/f7ba017eaa8b816e24f68d76f73d024d/execute/async - {"script":"<script> [776 bytes]","args":[{"enterText":"Z001","selector":{"controlType":"sap.m.Input","viewName":"etm.portal.ui.manageyards.view.New","viewId":"application-manageyards-display-component---NewYard","bindingPath":{"path":"","propertyPath":"/CONTROLLING_AREA","modelName":"NewYardModel"},"interaction":{"idSuffix":"inner"}},"clearTextFirst":true,"interactionType":"ENTER_TEXT"}]}
RESULT: {}
RESULT: {"script":"<script> [776 bytes]","args":[{"enterText":"Z001","selector":{"controlType":"sap.m.Input","viewName":"etm.portal.ui.manageyards.view.New","viewId":"application-manageyards-display-component---NewYard","bindingPath":{"path":"","propertyPath":"/CONTROLLING_AREA","modelName":"NewYardModel"},"interaction":{"idSuffix":"inner"}},"clearTextFirst":true,"interactionType":"ENTER_TEXT"}]}
COMMAND: POST /session/f7ba017eaa8b816e24f68d76f73d024d/execute/async - {"script":"<script> [1562 bytes]","args":[{"selector":{"id":"application-manageyards-display-component---NewYard--companyCodeComboBox","interaction":{"idSuffix":"inner"}},"wdio_ui5_key":"applicationmanageyards-display-component---NewYard--companyCodeComboBox"}]}
RESULT: {"script":"<script> [1562 bytes]","args":[{"selector":{"id":"application-manageyards-display-component---NewYard--companyCodeComboBox","interaction":{"idSuffix":"inner"}},"wdio_ui5_key":"applicationmanageyards-display-component---NewYard--companyCodeComboBox"}]}
RESULT: undefined
COMMAND: POST /session/f7ba017eaa8b816e24f68d76f73d024d/execute/async - {"script":"<script> [776 bytes]","args":[{"enterText":"1000","selector":{"id":"application-manageyards-display-component---NewYard--companyCodeComboBox","interaction":{"idSuffix":"inner"}},"clearTextFirst":true,"interactionType":"ENTER_TEXT"}]}
RESULT: {"script":"<script> [776 bytes]","args":[{"enterText":"1000","selector":{"id":"application-manageyards-display-component---NewYard--companyCodeComboBox","interaction":{"idSuffix":"inner"}},"clearTextFirst":true,"interactionType":"ENTER_TEXT"}]}
COMMAND: POST /session/f7ba017eaa8b816e24f68d76f73d024d/execute/async - {"script":"<script> [1562 bytes]","args":[{"selector":{"controlType":"sap.m.Input","viewName":"etm.portal.ui.manageyards.view.New","viewId":"application-manageyards-display-component---NewYard","bindingPath":{"path":"","propertyPath":"/PLANT","modelName":"NewYardModel"},"interaction":{"idSuffix":"inner"}},"wdio_ui5_key":"etmportal.ui.manageyards.view.Newsap.m.Input{\"path\":\"\",\"propertyPath\":\"/PLANT\",\"modelName\":\"NewYardModel\"}"}]}
RESULT: {"script":"<script> [1562 bytes]","args":[{"selector":{"controlType":"sap.m.Input","viewName":"etm.portal.ui.manageyards.view.New","viewId":"application-manageyards-display-component---NewYard","bindingPath":{"path":"","propertyPath":"/PLANT","modelName":"NewYardModel"},"interaction":{"idSuffix":"inner"}},"wdio_ui5_key":"etmportal.ui.manageyards.view.Newsap.m.Input{\"path\":\"\",\"propertyPath\":\"/PLANT\",\"modelName\":\"NewYardModel\"}"}]}
RESULT: undefined
COMMAND: POST /session/f7ba017eaa8b816e24f68d76f73d024d/execute/async - {"script":"<script> [776 bytes]","args":[{"enterText":"1001","selector":{"controlType":"sap.m.Input","viewName":"etm.portal.ui.manageyards.view.New","viewId":"application-manageyards-display-component---NewYard","bindingPath":{"path":"","propertyPath":"/PLANT","modelName":"NewYardModel"},"interaction":{"idSuffix":"inner"}},"clearTextFirst":true,"interactionType":"ENTER_TEXT"}]}
RESULT: {"script":"<script> [776 bytes]","args":[{"enterText":"1001","selector":{"controlType":"sap.m.Input","viewName":"etm.portal.ui.manageyards.view.New","viewId":"application-manageyards-display-component---NewYard","bindingPath":{"path":"","propertyPath":"/PLANT","modelName":"NewYardModel"},"interaction":{"idSuffix":"inner"}},"clearTextFirst":true,"interactionType":"ENTER_TEXT"}]}
COMMAND: POST /session/f7ba017eaa8b816e24f68d76f73d024d/execute/async - {"script":"<script> [1562 bytes]","args":[{"selector":{"controlType":"sap.m.Input","viewName":"etm.portal.ui.manageyards.view.New","viewId":"application-manageyards-display-component---NewYard","bindingPath":{"path":"","propertyPath":"/SALES_AREA_VKORG","modelName":"NewYardModel"},"interaction":{"idSuffix":"inner"}},"wdio_ui5_key":"etmportal.ui.manageyards.view.Newsap.m.Input{\"path\":\"\",\"propertyPath\":\"/SALES_AREA_VKORG\",\"modelName\":\"NewYardModel\"}"}]}
RESULT: {"script":"<script> [1562 bytes]","args":[{"selector":{"controlType":"sap.m.Input","viewName":"etm.portal.ui.manageyards.view.New","viewId":"application-manageyards-display-component---NewYard","bindingPath":{"path":"","propertyPath":"/SALES_AREA_VKORG","modelName":"NewYardModel"},"interaction":{"idSuffix":"inner"}},"wdio_ui5_key":"etmportal.ui.manageyards.view.Newsap.m.Input{\"path\":\"\",\"propertyPath\":\"/SALES_AREA_VKORG\",\"modelName\":\"NewYardModel\"}"}]}
RESULT: undefined
COMMAND: POST /session/f7ba017eaa8b816e24f68d76f73d024d/execute/async - {"script":"<script> [776 bytes]","args":[{"enterText":"C002","selector":{"controlType":"sap.m.Input","viewName":"etm.portal.ui.manageyards.view.New","viewId":"application-manageyards-display-component---NewYard","bindingPath":{"path":"","propertyPath":"/SALES_AREA_VKORG","modelName":"NewYardModel"},"interaction":{"idSuffix":"inner"}},"clearTextFirst":true,"interactionType":"ENTER_TEXT"}]}
RESULT: {"script":"<script> [776 bytes]","args":[{"enterText":"C002","selector":{"controlType":"sap.m.Input","viewName":"etm.portal.ui.manageyards.view.New","viewId":"application-manageyards-display-component---NewYard","bindingPath":{"path":"","propertyPath":"/SALES_AREA_VKORG","modelName":"NewYardModel"},"interaction":{"idSuffix":"inner"}},"clearTextFirst":true,"interactionType":"ENTER_TEXT"}]}
COMMAND: POST /session/f7ba017eaa8b816e24f68d76f73d024d/execute/async - {"script":"<script> [1562 bytes]","args":[{"selector":{"controlType":"sap.m.Input","viewName":"etm.portal.ui.manageyards.view.New","viewId":"application-manageyards-display-component---NewYard","bindingPath":{"path":"","propertyPath":"/SALES_AREA_VTWEG","modelName":"NewYardModel"},"interaction":{"idSuffix":"inner"}},"wdio_ui5_key":"etmportal.ui.manageyards.view.Newsap.m.Input{\"path\":\"\",\"propertyPath\":\"/SALES_AREA_VTWEG\",\"modelName\":\"NewYardModel\"}"}]}
RESULT: {"script":"<script> [1562 bytes]","args":[{"selector":{"controlType":"sap.m.Input","viewName":"etm.portal.ui.manageyards.view.New","viewId":"application-manageyards-display-component---NewYard","bindingPath":{"path":"","propertyPath":"/SALES_AREA_VTWEG","modelName":"NewYardModel"},"interaction":{"idSuffix":"inner"}},"wdio_ui5_key":"etmportal.ui.manageyards.view.Newsap.m.Input{\"path\":\"\",\"propertyPath\":\"/SALES_AREA_VTWEG\",\"modelName\":\"NewYardModel\"}"}]}
RESULT: undefined
COMMAND: POST /session/f7ba017eaa8b816e24f68d76f73d024d/execute/async - {"script":"<script> [776 bytes]","args":[{"enterText":"C2","selector":{"controlType":"sap.m.Input","viewName":"etm.portal.ui.manageyards.view.New","viewId":"application-manageyards-display-component---NewYard","bindingPath":{"path":"","propertyPath":"/SALES_AREA_VTWEG","modelName":"NewYardModel"},"interaction":{"idSuffix":"inner"}},"clearTextFirst":true,"interactionType":"ENTER_TEXT"}]}
RESULT: {"script":"<script> [776 bytes]","args":[{"enterText":"C2","selector":{"controlType":"sap.m.Input","viewName":"etm.portal.ui.manageyards.view.New","viewId":"application-manageyards-display-component---NewYard","bindingPath":{"path":"","propertyPath":"/SALES_AREA_VTWEG","modelName":"NewYardModel"},"interaction":{"idSuffix":"inner"}},"clearTextFirst":true,"interactionType":"ENTER_TEXT"}]}
COMMAND: POST /session/f7ba017eaa8b816e24f68d76f73d024d/execute/async - {"script":"<script> [1562 bytes]","args":[{"selector":{"controlType":"sap.m.Input","viewName":"etm.portal.ui.manageyards.view.New","viewId":"application-manageyards-display-component---NewYard","bindingPath":{"path":"","propertyPath":"/SALES_AREA_SPART","modelName":"NewYardModel"},"interaction":{"idSuffix":"inner"}},"wdio_ui5_key":"etmportal.ui.manageyards.view.Newsap.m.Input{\"path\":\"\",\"propertyPath\":\"/SALES_AREA_SPART\",\"modelName\":\"NewYardModel\"}"}]}
RESULT: {"script":"<script> [1562 bytes]","args":[{"selector":{"controlType":"sap.m.Input","viewName":"etm.portal.ui.manageyards.view.New","viewId":"application-manageyards-display-component---NewYard","bindingPath":{"path":"","propertyPath":"/SALES_AREA_SPART","modelName":"NewYardModel"},"interaction":{"idSuffix":"inner"}},"wdio_ui5_key":"etmportal.ui.manageyards.view.Newsap.m.Input{\"path\":\"\",\"propertyPath\":\"/SALES_AREA_SPART\",\"modelName\":\"NewYardModel\"}"}]}
RESULT: undefined
COMMAND: POST /session/f7ba017eaa8b816e24f68d76f73d024d/execute/async - {"script":"<script> [776 bytes]","args":[{"enterText":"C2","selector":{"controlType":"sap.m.Input","viewName":"etm.portal.ui.manageyards.view.New","viewId":"application-manageyards-display-component---NewYard","bindingPath":{"path":"","propertyPath":"/SALES_AREA_SPART","modelName":"NewYardModel"},"interaction":{"idSuffix":"inner"}},"clearTextFirst":true,"interactionType":"ENTER_TEXT"}]}
RESULT: {"script":"<script> [776 bytes]","args":[{"enterText":"C2","selector":{"controlType":"sap.m.Input","viewName":"etm.portal.ui.manageyards.view.New","viewId":"application-manageyards-display-component---NewYard","bindingPath":{"path":"","propertyPath":"/SALES_AREA_SPART","modelName":"NewYardModel"},"interaction":{"idSuffix":"inner"}},"clearTextFirst":true,"interactionType":"ENTER_TEXT"}]}
COMMAND: POST /session/f7ba017eaa8b816e24f68d76f73d024d/execute/async - {"script":"<script> [1562 bytes]","args":[{"selector":{"controlType":"sap.m.Input","viewName":"etm.portal.ui.manageyards.view.New","viewId":"application-manageyards-display-component---NewYard","bindingPath":{"path":"","propertyPath":"/SHIP_POINT","modelName":"NewYardModel"},"interaction":{"idSuffix":"inner"}},"wdio_ui5_key":"etmportal.ui.manageyards.view.Newsap.m.Input{\"path\":\"\",\"propertyPath\":\"/SHIP_POINT\",\"modelName\":\"NewYardModel\"}"}]}
RESULT: {"script":"<script> [1562 bytes]","args":[{"selector":{"controlType":"sap.m.Input","viewName":"etm.portal.ui.manageyards.view.New","viewId":"application-manageyards-display-component---NewYard","bindingPath":{"path":"","propertyPath":"/SHIP_POINT","modelName":"NewYardModel"},"interaction":{"idSuffix":"inner"}},"wdio_ui5_key":"etmportal.ui.manageyards.view.Newsap.m.Input{\"path\":\"\",\"propertyPath\":\"/SHIP_POINT\",\"modelName\":\"NewYardModel\"}"}]}
RESULT: undefined
COMMAND: POST /session/f7ba017eaa8b816e24f68d76f73d024d/execute/async - {"script":"<script> [776 bytes]","args":[{"enterText":"1710","selector":{"controlType":"sap.m.Input","viewName":"etm.portal.ui.manageyards.view.New","viewId":"application-manageyards-display-component---NewYard","bindingPath":{"path":"","propertyPath":"/SHIP_POINT","modelName":"NewYardModel"},"interaction":{"idSuffix":"inner"}},"clearTextFirst":true,"interactionType":"ENTER_TEXT"}]}
RESULT: {"script":"<script> [776 bytes]","args":[{"enterText":"1710","selector":{"controlType":"sap.m.Input","viewName":"etm.portal.ui.manageyards.view.New","viewId":"application-manageyards-display-component---NewYard","bindingPath":{"path":"","propertyPath":"/SHIP_POINT","modelName":"NewYardModel"},"interaction":{"idSuffix":"inner"}},"clearTextFirst":true,"interactionType":"ENTER_TEXT"}]}
COMMAND: POST /session/f7ba017eaa8b816e24f68d76f73d024d/execute/async - {"script":"<script> [1562 bytes]","args":[{"selector":{"controlType":"sap.m.Input","viewName":"etm.portal.ui.manageyards.view.New","viewId":"application-manageyards-display-component---NewYard","bindingPath":{"path":"","propertyPath":"/DELIVERY_TYPE","modelName":"NewYardModel"},"interaction":{"idSuffix":"inner"}},"wdio_ui5_key":"etmportal.ui.manageyards.view.Newsap.m.Input{\"path\":\"\",\"propertyPath\":\"/DELIVERY_TYPE\",\"modelName\":\"NewYardModel\"}"}]}
RESULT: {"script":"<script> [1562 bytes]","args":[{"selector":{"controlType":"sap.m.Input","viewName":"etm.portal.ui.manageyards.view.New","viewId":"application-manageyards-display-component---NewYard","bindingPath":{"path":"","propertyPath":"/DELIVERY_TYPE","modelName":"NewYardModel"},"interaction":{"idSuffix":"inner"}},"wdio_ui5_key":"etmportal.ui.manageyards.view.Newsap.m.Input{\"path\":\"\",\"propertyPath\":\"/DELIVERY_TYPE\",\"modelName\":\"NewYardModel\"}"}]}
RESULT: undefined
COMMAND: POST /session/f7ba017eaa8b816e24f68d76f73d024d/execute/async - {"script":"<script> [776 bytes]","args":[{"enterText":"ZL01","selector":{"controlType":"sap.m.Input","viewName":"etm.portal.ui.manageyards.view.New","viewId":"application-manageyards-display-component---NewYard","bindingPath":{"path":"","propertyPath":"/DELIVERY_TYPE","modelName":"NewYardModel"},"interaction":{"idSuffix":"inner"}},"clearTextFirst":true,"interactionType":"ENTER_TEXT"}]}
RESULT: {"script":"<script> [776 bytes]","args":[{"enterText":"ZL01","selector":{"controlType":"sap.m.Input","viewName":"etm.portal.ui.manageyards.view.New","viewId":"application-manageyards-display-component---NewYard","bindingPath":{"path":"","propertyPath":"/DELIVERY_TYPE","modelName":"NewYardModel"},"interaction":{"idSuffix":"inner"}},"clearTextFirst":true,"interactionType":"ENTER_TEXT"}]}
COMMAND: POST /session/f7ba017eaa8b816e24f68d76f73d024d/execute/async - {"script":"<script> [1562 bytes]","args":[{"selector":{"controlType":"sap.m.Input","viewName":"etm.portal.ui.manageyards.view.New","viewId":"application-manageyards-display-component---NewYard","bindingPath":{"path":"","propertyPath":"/AUART","modelName":"NewYardModel"},"interaction":{"idSuffix":"inner"}},"wdio_ui5_key":"etmportal.ui.manageyards.view.Newsap.m.Input{\"path\":\"\",\"propertyPath\":\"/AUART\",\"modelName\":\"NewYardModel\"}"}]}
RESULT: {"script":"<script> [1562 bytes]","args":[{"selector":{"controlType":"sap.m.Input","viewName":"etm.portal.ui.manageyards.view.New","viewId":"application-manageyards-display-component---NewYard","bindingPath":{"path":"","propertyPath":"/AUART","modelName":"NewYardModel"},"interaction":{"idSuffix":"inner"}},"wdio_ui5_key":"etmportal.ui.manageyards.view.Newsap.m.Input{\"path\":\"\",\"propertyPath\":\"/AUART\",\"modelName\":\"NewYardModel\"}"}]}
RESULT: undefined
COMMAND: POST /session/f7ba017eaa8b816e24f68d76f73d024d/execute/async - {"script":"<script> [776 bytes]","args":[{"enterText":"TA","selector":{"controlType":"sap.m.Input","viewName":"etm.portal.ui.manageyards.view.New","viewId":"application-manageyards-display-component---NewYard","bindingPath":{"path":"","propertyPath":"/AUART","modelName":"NewYardModel"},"interaction":{"idSuffix":"inner"}},"clearTextFirst":true,"interactionType":"ENTER_TEXT"}]}
RESULT: {"script":"<script> [776 bytes]","args":[{"enterText":"TA","selector":{"controlType":"sap.m.Input","viewName":"etm.portal.ui.manageyards.view.New","viewId":"application-manageyards-display-component---NewYard","bindingPath":{"path":"","propertyPath":"/AUART","modelName":"NewYardModel"},"interaction":{"idSuffix":"inner"}},"clearTextFirst":true,"interactionType":"ENTER_TEXT"}]}
COMMAND: POST /session/f7ba017eaa8b816e24f68d76f73d024d/element - {"using":"xpath","value":"//button[@data-kt=\"newYardSaveButton\"]"}
RESULT: {"using":"xpath","value":"//button[@data-kt=\"newYardSaveButton\"]"}
COMMAND: POST /session/f7ba017eaa8b816e24f68d76f73d024d/element/f.7D4F3E7B3A7890F64A3201E4749DC685.d.F1CAB52E4C67CE221CEB5953868769BA.e.6681/click - {}
RESULT: {}
COMMAND: GET /session/f7ba017eaa8b816e24f68d76f73d024d/screenshot - {}
RESULT: {}
COMMAND: POST /session/f7ba017eaa8b816e24f68d76f73d024d/element - {"using":"xpath","value":"//header[contains(@id, 'ObjectPageLayout-headerTitle')]/div[1]/div[2]/div[1]/span[1]"}
RESULT: {"using":"xpath","value":"//header[contains(@id, 'ObjectPageLayout-headerTitle')]/div[1]/div[2]/div[1]/span[1]"}
COMMAND: POST /session/f7ba017eaa8b816e24f68d76f73d024d/elements - {"using":"xpath","value":"//header[contains(@id, 'ObjectPageLayout-headerTitle')]/div[1]/div[2]/div[1]/span[1]"}
RESULT: {"using":"xpath","value":"//header[contains(@id, 'ObjectPageLayout-headerTitle')]/div[1]/div[2]/div[1]/span[1]"}
COMMAND: POST /session/f7ba017eaa8b816e24f68d76f73d024d/execute/sync - {"script":"<script> [56 bytes]","args":[{"element-6066-11e4-a52e-4f735466cecf":"f.7D4F3E7B3A7890F64A3201E4749DC685.d.F1CAB52E4C67CE221CEB5953868769BA.e.7118","ELEMENT":"f.7D4F3E7B3A7890F64A3201E4749DC685.d.F1CAB52E4C67CE221CEB5953868769BA.e.7118"}]}
RESULT: {"script":"<script> [56 bytes]","args":[{"element-6066-11e4-a52e-4f735466cecf":"f.7D4F3E7B3A7890F64A3201E4749DC685.d.F1CAB52E4C67CE221CEB5953868769BA.e.7118","ELEMENT":"f.7D4F3E7B3A7890F64A3201E4749DC685.d.F1CAB52E4C67CE221CEB5953868769BA.e.7118"}]}
COMMAND: GET /session/f7ba017eaa8b816e24f68d76f73d024d/screenshot - {}
RESULT: {}
COMMAND: POST /session/f7ba017eaa8b816e24f68d76f73d024d/element - {"using":"css selector","value":"#shell-header-logo"}
RESULT: {"using":"css selector","value":"#shell-header-logo"}
COMMAND: POST /session/f7ba017eaa8b816e24f68d76f73d024d/element/f.7D4F3E7B3A7890F64A3201E4749DC685.d.F1CAB52E4C67CE221CEB5953868769BA.e.6547/click - {}
RESULT: {}
COMMAND: GET /session/f7ba017eaa8b816e24f68d76f73d024d/screenshot - {}
RESULT: {}
COMMAND: POST /session/f7ba017eaa8b816e24f68d76f73d024d/execute/sync - {"script":"<script> [299 bytes]","args":[["getModel","getResource"]]}
RESULT: {"script":"<script> [299 bytes]","args":[["getModel","getResource"]]}
]]></system-out>
    </testcase>
    <testcase classname="chrome.137_0_7151_69.windows.Billing_Transfer_-_Intracompany_US127249" name="Should create a new partner" time="135.626">
      <system-out><![CDATA[
COMMAND: POST /session/f7ba017eaa8b816e24f68d76f73d024d/window/fullscreen - {}
COMMAND: GET /session/f7ba017eaa8b816e24f68d76f73d024d/screenshot - {}
RESULT: {}
COMMAND: POST /session/f7ba017eaa8b816e24f68d76f73d024d/execute/async - {"script":"<script> [1562 bytes]","args":[{"selector":{"controlType":"sap.m.GenericTile","properties":{"header":"Manage Partners"}},"wdio_ui5_key":"sapm.GenericTile{\"header\":\"Manage Partners\"}"}]}
RESULT: {}
RESULT: {"script":"<script> [1562 bytes]","args":[{"selector":{"controlType":"sap.m.GenericTile","properties":{"header":"Manage Partners"}},"wdio_ui5_key":"sapm.GenericTile{\"header\":\"Manage Partners\"}"}]}
RESULT: undefined
COMMAND: POST /session/f7ba017eaa8b816e24f68d76f73d024d/element - {"using":"xpath","value":"//*[@id=\"__tile39\"]"}
RESULT: {"using":"xpath","value":"//*[@id=\"__tile39\"]"}
COMMAND: POST /session/f7ba017eaa8b816e24f68d76f73d024d/element/f.7D4F3E7B3A7890F64A3201E4749DC685.d.F1CAB52E4C67CE221CEB5953868769BA.e.6432/click - {}
RESULT: {}
COMMAND: GET /session/f7ba017eaa8b816e24f68d76f73d024d/screenshot - {}
RESULT: {}
COMMAND: POST /session/f7ba017eaa8b816e24f68d76f73d024d/elements - {"using":"xpath","value":"//span[text()='Error']"}
RESULT: {"using":"xpath","value":"//span[text()='Error']"}
COMMAND: POST /session/f7ba017eaa8b816e24f68d76f73d024d/element - {"using":"xpath","value":"//button[@data-kt=\"addButton\"]"}
RESULT: {"using":"xpath","value":"//button[@data-kt=\"addButton\"]"}
COMMAND: POST /session/f7ba017eaa8b816e24f68d76f73d024d/elements - {"using":"xpath","value":"//button[@data-kt=\"addButton\"]"}
RESULT: {"using":"xpath","value":"//button[@data-kt=\"addButton\"]"}
COMMAND: POST /session/f7ba017eaa8b816e24f68d76f73d024d/execute/sync - {"script":"<script> [8489 bytes]","args":[{"element-6066-11e4-a52e-4f735466cecf":"f.7D4F3E7B3A7890F64A3201E4749DC685.d.F1CAB52E4C67CE221CEB5953868769BA.e.7156","ELEMENT":"f.7D4F3E7B3A7890F64A3201E4749DC685.d.F1CAB52E4C67CE221CEB5953868769BA.e.7156"}]}
RESULT: {"script":"<script> [8489 bytes]","args":[{"element-6066-11e4-a52e-4f735466cecf":"f.7D4F3E7B3A7890F64A3201E4749DC685.d.F1CAB52E4C67CE221CEB5953868769BA.e.7156","ELEMENT":"f.7D4F3E7B3A7890F64A3201E4749DC685.d.F1CAB52E4C67CE221CEB5953868769BA.e.7156"}]}
COMMAND: GET /session/f7ba017eaa8b816e24f68d76f73d024d/element/f.7D4F3E7B3A7890F64A3201E4749DC685.d.F1CAB52E4C67CE221CEB5953868769BA.e.7156/enabled - {}
COMMAND: GET /session/f7ba017eaa8b816e24f68d76f73d024d/screenshot - {}
RESULT: {}
COMMAND: POST /session/f7ba017eaa8b816e24f68d76f73d024d/execute/sync - {"script":"<script> [8489 bytes]","args":[{"element-6066-11e4-a52e-4f735466cecf":"f.7D4F3E7B3A7890F64A3201E4749DC685.d.F1CAB52E4C67CE221CEB5953868769BA.e.7156","ELEMENT":"f.7D4F3E7B3A7890F64A3201E4749DC685.d.F1CAB52E4C67CE221CEB5953868769BA.e.7156"}]}
COMMAND: GET /session/f7ba017eaa8b816e24f68d76f73d024d/screenshot - {}
RESULT: {}
RESULT: {"script":"<script> [8489 bytes]","args":[{"element-6066-11e4-a52e-4f735466cecf":"f.7D4F3E7B3A7890F64A3201E4749DC685.d.F1CAB52E4C67CE221CEB5953868769BA.e.7156","ELEMENT":"f.7D4F3E7B3A7890F64A3201E4749DC685.d.F1CAB52E4C67CE221CEB5953868769BA.e.7156"}]}
COMMAND: POST /session/f7ba017eaa8b816e24f68d76f73d024d/execute/sync - {"script":"<script> [5351 bytes]","args":[{"element-6066-11e4-a52e-4f735466cecf":"f.7D4F3E7B3A7890F64A3201E4749DC685.d.F1CAB52E4C67CE221CEB5953868769BA.e.7156","ELEMENT":"f.7D4F3E7B3A7890F64A3201E4749DC685.d.F1CAB52E4C67CE221CEB5953868769BA.e.7156"}]}
COMMAND: GET /session/f7ba017eaa8b816e24f68d76f73d024d/screenshot - {}
RESULT: {}
RESULT: {"script":"<script> [5351 bytes]","args":[{"element-6066-11e4-a52e-4f735466cecf":"f.7D4F3E7B3A7890F64A3201E4749DC685.d.F1CAB52E4C67CE221CEB5953868769BA.e.7156","ELEMENT":"f.7D4F3E7B3A7890F64A3201E4749DC685.d.F1CAB52E4C67CE221CEB5953868769BA.e.7156"}]}
COMMAND: POST /session/f7ba017eaa8b816e24f68d76f73d024d/element/f.7D4F3E7B3A7890F64A3201E4749DC685.d.F1CAB52E4C67CE221CEB5953868769BA.e.7156/click - {}
COMMAND: GET /session/f7ba017eaa8b816e24f68d76f73d024d/screenshot - {}
RESULT: {}
RESULT: {}
COMMAND: GET /session/f7ba017eaa8b816e24f68d76f73d024d/screenshot - {}
RESULT: {}
COMMAND: POST /session/f7ba017eaa8b816e24f68d76f73d024d/execute/async - {"script":"<script> [1562 bytes]","args":[{"selector":{"id":"application-managepartners-display-component---NewPartner--addressDetailDetailsName1","interaction":{"idSuffix":"inner"}},"wdio_ui5_key":"applicationmanagepartners-display-component---NewPartner--addressDetailDetailsName1"}]}
RESULT: {}
RESULT: {"script":"<script> [1562 bytes]","args":[{"selector":{"id":"application-managepartners-display-component---NewPartner--addressDetailDetailsName1","interaction":{"idSuffix":"inner"}},"wdio_ui5_key":"applicationmanagepartners-display-component---NewPartner--addressDetailDetailsName1"}]}
RESULT: undefined
COMMAND: POST /session/f7ba017eaa8b816e24f68d76f73d024d/execute/async - {"script":"<script> [776 bytes]","args":[{"enterText":"Intracompany Partner WDIO","selector":{"id":"application-managepartners-display-component---NewPartner--addressDetailDetailsName1","interaction":{"idSuffix":"inner"}},"clearTextFirst":true,"interactionType":"ENTER_TEXT"}]}
RESULT: {"script":"<script> [776 bytes]","args":[{"enterText":"Intracompany Partner WDIO","selector":{"id":"application-managepartners-display-component---NewPartner--addressDetailDetailsName1","interaction":{"idSuffix":"inner"}},"clearTextFirst":true,"interactionType":"ENTER_TEXT"}]}
COMMAND: POST /session/f7ba017eaa8b816e24f68d76f73d024d/execute/async - {"script":"<script> [1562 bytes]","args":[{"selector":{"id":"application-managepartners-display-component---NewPartner--addressDetailDetailsLanguage-arrow"},"wdio_ui5_key":"applicationmanagepartners-display-component---NewPartner--addressDetailDetailsLanguage-arrow"}]}
RESULT: {"script":"<script> [1562 bytes]","args":[{"selector":{"id":"application-managepartners-display-component---NewPartner--addressDetailDetailsLanguage-arrow"},"wdio_ui5_key":"applicationmanagepartners-display-component---NewPartner--addressDetailDetailsLanguage-arrow"}]}
RESULT: undefined
COMMAND: POST /session/f7ba017eaa8b816e24f68d76f73d024d/element - {"using":"xpath","value":"//*[@id=\"application-managepartners-display-component---NewPartner--addressDetailDetailsLanguage-arrow\"]"}
RESULT: {"using":"xpath","value":"//*[@id=\"application-managepartners-display-component---NewPartner--addressDetailDetailsLanguage-arrow\"]"}
COMMAND: POST /session/f7ba017eaa8b816e24f68d76f73d024d/element/f.7D4F3E7B3A7890F64A3201E4749DC685.d.F1CAB52E4C67CE221CEB5953868769BA.e.7511/click - {}
RESULT: {}
COMMAND: POST /session/f7ba017eaa8b816e24f68d76f73d024d/element - {"using":"xpath","value":"//span[contains(text(), \"English\")]"}
COMMAND: GET /session/f7ba017eaa8b816e24f68d76f73d024d/screenshot - {}
RESULT: {"using":"xpath","value":"//span[contains(text(), \"English\")]"}
COMMAND: POST /session/f7ba017eaa8b816e24f68d76f73d024d/element/f.7D4F3E7B3A7890F64A3201E4749DC685.d.F1CAB52E4C67CE221CEB5953868769BA.e.7512/click - {}
RESULT: {}
RESULT: {}
COMMAND: GET /session/f7ba017eaa8b816e24f68d76f73d024d/screenshot - {}
RESULT: {}
COMMAND: POST /session/f7ba017eaa8b816e24f68d76f73d024d/execute/async - {"script":"<script> [1562 bytes]","args":[{"selector":{"id":"application-managepartners-display-component---NewPartner--addressDetailDetailsCity1","interaction":{"idSuffix":"inner"}},"wdio_ui5_key":"applicationmanagepartners-display-component---NewPartner--addressDetailDetailsCity1"}]}
RESULT: {"script":"<script> [1562 bytes]","args":[{"selector":{"id":"application-managepartners-display-component---NewPartner--addressDetailDetailsCity1","interaction":{"idSuffix":"inner"}},"wdio_ui5_key":"applicationmanagepartners-display-component---NewPartner--addressDetailDetailsCity1"}]}
RESULT: undefined
COMMAND: POST /session/f7ba017eaa8b816e24f68d76f73d024d/execute/async - {"script":"<script> [776 bytes]","args":[{"enterText":"Rosario","selector":{"id":"application-managepartners-display-component---NewPartner--addressDetailDetailsCity1","interaction":{"idSuffix":"inner"}},"clearTextFirst":true,"interactionType":"ENTER_TEXT"}]}
RESULT: {"script":"<script> [776 bytes]","args":[{"enterText":"Rosario","selector":{"id":"application-managepartners-display-component---NewPartner--addressDetailDetailsCity1","interaction":{"idSuffix":"inner"}},"clearTextFirst":true,"interactionType":"ENTER_TEXT"}]}
COMMAND: POST /session/f7ba017eaa8b816e24f68d76f73d024d/execute/async - {"script":"<script> [1562 bytes]","args":[{"selector":{"id":"application-managepartners-display-component---NewPartner--addressDetailDetailsCountry-arrow"},"wdio_ui5_key":"applicationmanagepartners-display-component---NewPartner--addressDetailDetailsCountry-arrow"}]}
RESULT: {"script":"<script> [1562 bytes]","args":[{"selector":{"id":"application-managepartners-display-component---NewPartner--addressDetailDetailsCountry-arrow"},"wdio_ui5_key":"applicationmanagepartners-display-component---NewPartner--addressDetailDetailsCountry-arrow"}]}
RESULT: undefined
COMMAND: POST /session/f7ba017eaa8b816e24f68d76f73d024d/element - {"using":"xpath","value":"//*[@id=\"application-managepartners-display-component---NewPartner--addressDetailDetailsCountry-arrow\"]"}
RESULT: {"using":"xpath","value":"//*[@id=\"application-managepartners-display-component---NewPartner--addressDetailDetailsCountry-arrow\"]"}
COMMAND: POST /session/f7ba017eaa8b816e24f68d76f73d024d/element/f.7D4F3E7B3A7890F64A3201E4749DC685.d.F1CAB52E4C67CE221CEB5953868769BA.e.7498/click - {}
RESULT: {}
COMMAND: POST /session/f7ba017eaa8b816e24f68d76f73d024d/element - {"using":"xpath","value":"//span[contains(text(), \"Argentina\")]"}
COMMAND: GET /session/f7ba017eaa8b816e24f68d76f73d024d/screenshot - {}
RESULT: {"using":"xpath","value":"//span[contains(text(), \"Argentina\")]"}
COMMAND: POST /session/f7ba017eaa8b816e24f68d76f73d024d/element/f.7D4F3E7B3A7890F64A3201E4749DC685.d.F1CAB52E4C67CE221CEB5953868769BA.e.7514/click - {}
RESULT: {}
RESULT: {}
COMMAND: GET /session/f7ba017eaa8b816e24f68d76f73d024d/screenshot - {}
RESULT: {}
COMMAND: POST /session/f7ba017eaa8b816e24f68d76f73d024d/element - {"using":"xpath","value":"//bdi[contains(text(), \"Commercial\")]"}
RESULT: {"using":"xpath","value":"//bdi[contains(text(), \"Commercial\")]"}
COMMAND: POST /session/f7ba017eaa8b816e24f68d76f73d024d/element/f.7D4F3E7B3A7890F64A3201E4749DC685.d.F1CAB52E4C67CE221CEB5953868769BA.e.7515/click - {}
RESULT: {}
COMMAND: GET /session/f7ba017eaa8b816e24f68d76f73d024d/screenshot - {}
RESULT: {}
COMMAND: POST /session/f7ba017eaa8b816e24f68d76f73d024d/execute/async - {"script":"<script> [1562 bytes]","args":[{"selector":{"id":"application-managepartners-display-component---NewPartner--partnerDetailInternal-arrow"},"wdio_ui5_key":"applicationmanagepartners-display-component---NewPartner--partnerDetailInternal-arrow"}]}
RESULT: {"script":"<script> [1562 bytes]","args":[{"selector":{"id":"application-managepartners-display-component---NewPartner--partnerDetailInternal-arrow"},"wdio_ui5_key":"applicationmanagepartners-display-component---NewPartner--partnerDetailInternal-arrow"}]}
RESULT: undefined
COMMAND: POST /session/f7ba017eaa8b816e24f68d76f73d024d/element - {"using":"xpath","value":"//*[@id=\"application-managepartners-display-component---NewPartner--partnerDetailInternal-arrow\"]"}
RESULT: {"using":"xpath","value":"//*[@id=\"application-managepartners-display-component---NewPartner--partnerDetailInternal-arrow\"]"}
COMMAND: POST /session/f7ba017eaa8b816e24f68d76f73d024d/element/f.7D4F3E7B3A7890F64A3201E4749DC685.d.F1CAB52E4C67CE221CEB5953868769BA.e.7521/click - {}
RESULT: {}
COMMAND: POST /session/f7ba017eaa8b816e24f68d76f73d024d/element - {"using":"xpath","value":"//span[contains(text(), \"Affiliated company\")]"}
COMMAND: GET /session/f7ba017eaa8b816e24f68d76f73d024d/screenshot - {}
RESULT: {"using":"xpath","value":"//span[contains(text(), \"Affiliated company\")]"}
COMMAND: POST /session/f7ba017eaa8b816e24f68d76f73d024d/element/f.7D4F3E7B3A7890F64A3201E4749DC685.d.F1CAB52E4C67CE221CEB5953868769BA.e.7524/click - {}
RESULT: {}
RESULT: {}
COMMAND: POST /session/f7ba017eaa8b816e24f68d76f73d024d/execute/async - {"script":"<script> [1562 bytes]","args":[{"selector":{"id":"application-managepartners-display-component---NewPartner--partnerDetailsCurrency-arrow"},"wdio_ui5_key":"applicationmanagepartners-display-component---NewPartner--partnerDetailsCurrency-arrow"}]}
COMMAND: GET /session/f7ba017eaa8b816e24f68d76f73d024d/screenshot - {}
RESULT: {"script":"<script> [1562 bytes]","args":[{"selector":{"id":"application-managepartners-display-component---NewPartner--partnerDetailsCurrency-arrow"},"wdio_ui5_key":"applicationmanagepartners-display-component---NewPartner--partnerDetailsCurrency-arrow"}]}
RESULT: undefined
COMMAND: POST /session/f7ba017eaa8b816e24f68d76f73d024d/element - {"using":"xpath","value":"//*[@id=\"application-managepartners-display-component---NewPartner--partnerDetailsCurrency-arrow\"]"}
RESULT: {}
RESULT: {"using":"xpath","value":"//*[@id=\"application-managepartners-display-component---NewPartner--partnerDetailsCurrency-arrow\"]"}
COMMAND: POST /session/f7ba017eaa8b816e24f68d76f73d024d/element/f.7D4F3E7B3A7890F64A3201E4749DC685.d.F1CAB52E4C67CE221CEB5953868769BA.e.7531/click - {}
RESULT: {}
COMMAND: POST /session/f7ba017eaa8b816e24f68d76f73d024d/element - {"using":"xpath","value":"//span[contains(text(), \"Euro\")]"}
COMMAND: GET /session/f7ba017eaa8b816e24f68d76f73d024d/screenshot - {}
RESULT: {"using":"xpath","value":"//span[contains(text(), \"Euro\")]"}
COMMAND: POST /session/f7ba017eaa8b816e24f68d76f73d024d/element/f.7D4F3E7B3A7890F64A3201E4749DC685.d.F1CAB52E4C67CE221CEB5953868769BA.e.7532/click - {}
RESULT: {}
RESULT: {}
COMMAND: POST /session/f7ba017eaa8b816e24f68d76f73d024d/execute/async - {"script":"<script> [1562 bytes]","args":[{"selector":{"id":"application-managepartners-display-component---NewPartner--addressEditDetailsCostObjectCstType-arrow"},"wdio_ui5_key":"applicationmanagepartners-display-component---NewPartner--addressEditDetailsCostObjectCstType-arrow"}]}
COMMAND: GET /session/f7ba017eaa8b816e24f68d76f73d024d/screenshot - {}
RESULT: {"script":"<script> [1562 bytes]","args":[{"selector":{"id":"application-managepartners-display-component---NewPartner--addressEditDetailsCostObjectCstType-arrow"},"wdio_ui5_key":"applicationmanagepartners-display-component---NewPartner--addressEditDetailsCostObjectCstType-arrow"}]}
RESULT: undefined
COMMAND: POST /session/f7ba017eaa8b816e24f68d76f73d024d/element - {"using":"xpath","value":"//*[@id=\"application-managepartners-display-component---NewPartner--addressEditDetailsCostObjectCstType-arrow\"]"}
RESULT: {}
RESULT: {"using":"xpath","value":"//*[@id=\"application-managepartners-display-component---NewPartner--addressEditDetailsCostObjectCstType-arrow\"]"}
COMMAND: POST /session/f7ba017eaa8b816e24f68d76f73d024d/element/f.7D4F3E7B3A7890F64A3201E4749DC685.d.F1CAB52E4C67CE221CEB5953868769BA.e.7533/click - {}
RESULT: {}
COMMAND: POST /session/f7ba017eaa8b816e24f68d76f73d024d/element - {"using":"xpath","value":"//span[contains(text(), \"Cost Center\")]"}
COMMAND: GET /session/f7ba017eaa8b816e24f68d76f73d024d/screenshot - {}
RESULT: {"using":"xpath","value":"//span[contains(text(), \"Cost Center\")]"}
COMMAND: POST /session/f7ba017eaa8b816e24f68d76f73d024d/element/f.7D4F3E7B3A7890F64A3201E4749DC685.d.F1CAB52E4C67CE221CEB5953868769BA.e.7534/click - {}
RESULT: {}
RESULT: {}
COMMAND: GET /session/f7ba017eaa8b816e24f68d76f73d024d/screenshot - {}
RESULT: {}
COMMAND: POST /session/f7ba017eaa8b816e24f68d76f73d024d/element - {"using":"xpath","value":"//span[@id=\"application-managepartners-display-component---NewPartner--addressNewCostObjectCstID-vhi\"]"}
RESULT: {"using":"xpath","value":"//span[@id=\"application-managepartners-display-component---NewPartner--addressNewCostObjectCstID-vhi\"]"}
COMMAND: POST /session/f7ba017eaa8b816e24f68d76f73d024d/execute/sync - {"script":"<script> [8489 bytes]","args":[{"element-6066-11e4-a52e-4f735466cecf":"f.7D4F3E7B3A7890F64A3201E4749DC685.d.F1CAB52E4C67CE221CEB5953868769BA.e.7538","ELEMENT":"f.7D4F3E7B3A7890F64A3201E4749DC685.d.F1CAB52E4C67CE221CEB5953868769BA.e.7538"}]}
RESULT: {"script":"<script> [8489 bytes]","args":[{"element-6066-11e4-a52e-4f735466cecf":"f.7D4F3E7B3A7890F64A3201E4749DC685.d.F1CAB52E4C67CE221CEB5953868769BA.e.7538","ELEMENT":"f.7D4F3E7B3A7890F64A3201E4749DC685.d.F1CAB52E4C67CE221CEB5953868769BA.e.7538"}]}
COMMAND: POST /session/f7ba017eaa8b816e24f68d76f73d024d/execute/async - {"script":"<script> [1562 bytes]","args":[{"selector":{"id":"application-managepartners-display-component---NewPartner--addressNewCostObjectCstID-vhi"},"wdio_ui5_key":"applicationmanagepartners-display-component---NewPartner--addressNewCostObjectCstID-vhi"}]}
COMMAND: GET /session/f7ba017eaa8b816e24f68d76f73d024d/screenshot - {}
RESULT: {"script":"<script> [1562 bytes]","args":[{"selector":{"id":"application-managepartners-display-component---NewPartner--addressNewCostObjectCstID-vhi"},"wdio_ui5_key":"applicationmanagepartners-display-component---NewPartner--addressNewCostObjectCstID-vhi"}]}
RESULT: undefined
COMMAND: POST /session/f7ba017eaa8b816e24f68d76f73d024d/element - {"using":"xpath","value":"//*[@id=\"application-managepartners-display-component---NewPartner--addressNewCostObjectCstID-vhi\"]"}
RESULT: {}
RESULT: {"using":"xpath","value":"//*[@id=\"application-managepartners-display-component---NewPartner--addressNewCostObjectCstID-vhi\"]"}
COMMAND: POST /session/f7ba017eaa8b816e24f68d76f73d024d/element/f.7D4F3E7B3A7890F64A3201E4749DC685.d.F1CAB52E4C67CE221CEB5953868769BA.e.7538/click - {}
RESULT: {}
COMMAND: GET /session/f7ba017eaa8b816e24f68d76f73d024d/screenshot - {}
RESULT: {}
RESULT: undefined
COMMAND: POST /session/f7ba017eaa8b816e24f68d76f73d024d/execute/async - {"script":"<script> [776 bytes]","args":[{"enterText":"10001013","selector":{"controlType":"sap.m.SearchField","properties":{"placeholder":"Search"},"searchOpenDialogs":true,"interaction":{"idSuffix":"I"}},"clearTextFirst":true,"interactionType":"ENTER_TEXT"}]}
RESULT: {"script":"<script> [776 bytes]","args":[{"enterText":"10001013","selector":{"controlType":"sap.m.SearchField","properties":{"placeholder":"Search"},"searchOpenDialogs":true,"interaction":{"idSuffix":"I"}},"clearTextFirst":true,"interactionType":"ENTER_TEXT"}]}
COMMAND: POST /session/f7ba017eaa8b816e24f68d76f73d024d/actions - {"actions":[{"id":"action21","type":"key","parameters":{},"actions":[{"type":"keyDown","value":"î€‡"},{"type":"pause","duration":10},{"type":"keyUp","value":"î€‡"}]}]}
RESULT: {"actions":[{"id":"action21","type":"key","parameters":{},"actions":[{"type":"keyDown","value":"î€‡"},{"type":"pause","duration":10},{"type":"keyUp","value":"î€‡"}]}]}
COMMAND: GET /session/f7ba017eaa8b816e24f68d76f73d024d/screenshot - {}
RESULT: {}
COMMAND: POST /session/f7ba017eaa8b816e24f68d76f73d024d/element - {"using":"xpath","value":"//span[contains(text(), \"General Management\")]"}
RESULT: {"using":"xpath","value":"//span[contains(text(), \"General Management\")]"}
COMMAND: POST /session/f7ba017eaa8b816e24f68d76f73d024d/element/f.7D4F3E7B3A7890F64A3201E4749DC685.d.F1CAB52E4C67CE221CEB5953868769BA.e.7578/click - {}
RESULT: {}
COMMAND: GET /session/f7ba017eaa8b816e24f68d76f73d024d/screenshot - {}
RESULT: {}
COMMAND: POST /session/f7ba017eaa8b816e24f68d76f73d024d/element - {"using":"xpath","value":"//bdi[contains(text(), \"OK\")]"}
RESULT: {"using":"xpath","value":"//bdi[contains(text(), \"OK\")]"}
COMMAND: POST /session/f7ba017eaa8b816e24f68d76f73d024d/element/f.7D4F3E7B3A7890F64A3201E4749DC685.d.F1CAB52E4C67CE221CEB5953868769BA.e.7579/click - {}
RESULT: {}
COMMAND: GET /session/f7ba017eaa8b816e24f68d76f73d024d/screenshot - {}
RESULT: {}
COMMAND: POST /session/f7ba017eaa8b816e24f68d76f73d024d/element - {"using":"xpath","value":"//input[@id=\"application-managepartners-display-component---NewPartner--companyCodeComboBox-inner\"]"}
RESULT: {"using":"xpath","value":"//input[@id=\"application-managepartners-display-component---NewPartner--companyCodeComboBox-inner\"]"}
COMMAND: POST /session/f7ba017eaa8b816e24f68d76f73d024d/element/f.7D4F3E7B3A7890F64A3201E4749DC685.d.F1CAB52E4C67CE221CEB5953868769BA.e.7366/clear - {}
RESULT: {}
COMMAND: POST /session/f7ba017eaa8b816e24f68d76f73d024d/element/f.7D4F3E7B3A7890F64A3201E4749DC685.d.F1CAB52E4C67CE221CEB5953868769BA.e.7366/value - {"text":"1000"}
COMMAND: GET /session/f7ba017eaa8b816e24f68d76f73d024d/screenshot - {}
RESULT: {"text":"1000"}
COMMAND: GET /session/f7ba017eaa8b816e24f68d76f73d024d/screenshot - {}
RESULT: {}
RESULT: {}
COMMAND: POST /session/f7ba017eaa8b816e24f68d76f73d024d/element - {"using":"xpath","value":"//li[.//span[text()= \"1000\"]]"}
RESULT: {"using":"xpath","value":"//li[.//span[text()= \"1000\"]]"}
COMMAND: POST /session/f7ba017eaa8b816e24f68d76f73d024d/element/f.7D4F3E7B3A7890F64A3201E4749DC685.d.F1CAB52E4C67CE221CEB5953868769BA.e.7585/click - {}
RESULT: {}
COMMAND: GET /session/f7ba017eaa8b816e24f68d76f73d024d/screenshot - {}
RESULT: {}
COMMAND: POST /session/f7ba017eaa8b816e24f68d76f73d024d/execute/async - {"script":"<script> [1562 bytes]","args":[{"selector":{"id":"application-managepartners-display-component---NewPartner--btnAddTableRow-img"},"wdio_ui5_key":"applicationmanagepartners-display-component---NewPartner--btnAddTableRow-img"}]}
RESULT: {"script":"<script> [1562 bytes]","args":[{"selector":{"id":"application-managepartners-display-component---NewPartner--btnAddTableRow-img"},"wdio_ui5_key":"applicationmanagepartners-display-component---NewPartner--btnAddTableRow-img"}]}
RESULT: undefined
COMMAND: POST /session/f7ba017eaa8b816e24f68d76f73d024d/element - {"using":"xpath","value":"//*[@id=\"application-managepartners-display-component---NewPartner--btnAddTableRow-img\"]"}
RESULT: {"using":"xpath","value":"//*[@id=\"application-managepartners-display-component---NewPartner--btnAddTableRow-img\"]"}
COMMAND: POST /session/f7ba017eaa8b816e24f68d76f73d024d/element/f.7D4F3E7B3A7890F64A3201E4749DC685.d.F1CAB52E4C67CE221CEB5953868769BA.e.7586/click - {}
RESULT: {}
COMMAND: GET /session/f7ba017eaa8b816e24f68d76f73d024d/screenshot - {}
RESULT: {}
COMMAND: POST /session/f7ba017eaa8b816e24f68d76f73d024d/element - {"using":"xpath","value":"//input[@id=\"application-managepartners-display-component---NewPartner--assignmentYard-application-managepartners-display-component---NewPartner--assignmentsTable-0-inner\"]"}
RESULT: {"using":"xpath","value":"//input[@id=\"application-managepartners-display-component---NewPartner--assignmentYard-application-managepartners-display-component---NewPartner--assignmentsTable-0-inner\"]"}
COMMAND: POST /session/f7ba017eaa8b816e24f68d76f73d024d/element/f.7D4F3E7B3A7890F64A3201E4749DC685.d.F1CAB52E4C67CE221CEB5953868769BA.e.7589/clear - {}
RESULT: {}
COMMAND: POST /session/f7ba017eaa8b816e24f68d76f73d024d/element/f.7D4F3E7B3A7890F64A3201E4749DC685.d.F1CAB52E4C67CE221CEB5953868769BA.e.7589/value - {"text":"197"}
COMMAND: GET /session/f7ba017eaa8b816e24f68d76f73d024d/screenshot - {}
RESULT: {"text":"197"}
COMMAND: GET /session/f7ba017eaa8b816e24f68d76f73d024d/screenshot - {}
RESULT: {}
RESULT: {}
COMMAND: POST /session/f7ba017eaa8b816e24f68d76f73d024d/element - {"using":"xpath","value":"//li[.//span[text()='197']]"}
RESULT: {"using":"xpath","value":"//li[.//span[text()='197']]"}
COMMAND: POST /session/f7ba017eaa8b816e24f68d76f73d024d/element/f.7D4F3E7B3A7890F64A3201E4749DC685.d.F1CAB52E4C67CE221CEB5953868769BA.e.7598/click - {}
RESULT: {}
COMMAND: GET /session/f7ba017eaa8b816e24f68d76f73d024d/screenshot - {}
RESULT: {}
COMMAND: POST /session/f7ba017eaa8b816e24f68d76f73d024d/actions - {"actions":[{"id":"action22","type":"key","parameters":{},"actions":[{"type":"keyDown","value":"î€‡"},{"type":"pause","duration":10},{"type":"keyUp","value":"î€‡"}]}]}
RESULT: {"actions":[{"id":"action22","type":"key","parameters":{},"actions":[{"type":"keyDown","value":"î€‡"},{"type":"pause","duration":10},{"type":"keyUp","value":"î€‡"}]}]}
COMMAND: POST /session/f7ba017eaa8b816e24f68d76f73d024d/execute/async - {"script":"<script> [1562 bytes]","args":[{"selector":{"id":"application-managepartners-display-component---NewPartner--externalCustomerComboBox-application-managepartners-display-component---NewPartner--assignmentsTable-0-vhi"},"wdio_ui5_key":"applicationmanagepartners-display-component---NewPartner--externalCustomerComboBox-application-managepartners-display-component---NewPartner--assignmentsTable-0-vhi"}]}
COMMAND: GET /session/f7ba017eaa8b816e24f68d76f73d024d/screenshot - {}
RESULT: {"script":"<script> [1562 bytes]","args":[{"selector":{"id":"application-managepartners-display-component---NewPartner--externalCustomerComboBox-application-managepartners-display-component---NewPartner--assignmentsTable-0-vhi"},"wdio_ui5_key":"applicationmanagepartners-display-component---NewPartner--externalCustomerComboBox-application-managepartners-display-component---NewPartner--assignmentsTable-0-vhi"}]}
RESULT: undefined
COMMAND: POST /session/f7ba017eaa8b816e24f68d76f73d024d/element - {"using":"xpath","value":"//*[@id=\"application-managepartners-display-component---NewPartner--externalCustomerComboBox-application-managepartners-display-component---NewPartner--assignmentsTable-0-vhi\"]"}
RESULT: {}
RESULT: {"using":"xpath","value":"//*[@id=\"application-managepartners-display-component---NewPartner--externalCustomerComboBox-application-managepartners-display-component---NewPartner--assignmentsTable-0-vhi\"]"}
COMMAND: POST /session/f7ba017eaa8b816e24f68d76f73d024d/element/f.7D4F3E7B3A7890F64A3201E4749DC685.d.F1CAB52E4C67CE221CEB5953868769BA.e.7602/click - {}
RESULT: {}
RESULT: undefined
COMMAND: POST /session/f7ba017eaa8b816e24f68d76f73d024d/execute/async - {"script":"<script> [776 bytes]","args":[{"enterText":"300003","selector":{"controlType":"sap.m.SearchField","properties":{"placeholder":"Search"},"searchOpenDialogs":true,"interaction":{"idSuffix":"I"}},"clearTextFirst":true,"interactionType":"ENTER_TEXT"}]}
COMMAND: GET /session/f7ba017eaa8b816e24f68d76f73d024d/screenshot - {}
RESULT: {"script":"<script> [776 bytes]","args":[{"enterText":"300003","selector":{"controlType":"sap.m.SearchField","properties":{"placeholder":"Search"},"searchOpenDialogs":true,"interaction":{"idSuffix":"I"}},"clearTextFirst":true,"interactionType":"ENTER_TEXT"}]}
COMMAND: POST /session/f7ba017eaa8b816e24f68d76f73d024d/actions - {"actions":[{"id":"action23","type":"key","parameters":{},"actions":[{"type":"keyDown","value":"î€‡"},{"type":"pause","duration":10},{"type":"keyUp","value":"î€‡"}]}]}
RESULT: {}
RESULT: {"actions":[{"id":"action23","type":"key","parameters":{},"actions":[{"type":"keyDown","value":"î€‡"},{"type":"pause","duration":10},{"type":"keyUp","value":"î€‡"}]}]}
COMMAND: GET /session/f7ba017eaa8b816e24f68d76f73d024d/screenshot - {}
RESULT: {}
COMMAND: POST /session/f7ba017eaa8b816e24f68d76f73d024d/element - {"using":"xpath","value":"//span[contains(text(), \"300003\")]"}
RESULT: {"using":"xpath","value":"//span[contains(text(), \"300003\")]"}
COMMAND: POST /session/f7ba017eaa8b816e24f68d76f73d024d/element/f.7D4F3E7B3A7890F64A3201E4749DC685.d.F1CAB52E4C67CE221CEB5953868769BA.e.7651/click - {}
RESULT: {}
COMMAND: GET /session/f7ba017eaa8b816e24f68d76f73d024d/screenshot - {}
RESULT: {}
COMMAND: POST /session/f7ba017eaa8b816e24f68d76f73d024d/element - {"using":"xpath","value":"//bdi[contains(text(), \"OK\")]"}
RESULT: {"using":"xpath","value":"//bdi[contains(text(), \"OK\")]"}
COMMAND: POST /session/f7ba017eaa8b816e24f68d76f73d024d/element/f.7D4F3E7B3A7890F64A3201E4749DC685.d.F1CAB52E4C67CE221CEB5953868769BA.e.7653/click - {}
RESULT: {}
COMMAND: GET /session/f7ba017eaa8b816e24f68d76f73d024d/screenshot - {}
RESULT: {}
COMMAND: POST /session/f7ba017eaa8b816e24f68d76f73d024d/execute/async - {"script":"<script> [1562 bytes]","args":[{"selector":{"id":"application-managepartners-display-component---NewPartner--intercompVendorComboBox-application-managepartners-display-component---NewPartner--assignmentsTable-0-vhi"},"wdio_ui5_key":"applicationmanagepartners-display-component---NewPartner--intercompVendorComboBox-application-managepartners-display-component---NewPartner--assignmentsTable-0-vhi"}]}
RESULT: {"script":"<script> [1562 bytes]","args":[{"selector":{"id":"application-managepartners-display-component---NewPartner--intercompVendorComboBox-application-managepartners-display-component---NewPartner--assignmentsTable-0-vhi"},"wdio_ui5_key":"applicationmanagepartners-display-component---NewPartner--intercompVendorComboBox-application-managepartners-display-component---NewPartner--assignmentsTable-0-vhi"}]}
RESULT: undefined
COMMAND: POST /session/f7ba017eaa8b816e24f68d76f73d024d/element - {"using":"xpath","value":"//*[@id=\"application-managepartners-display-component---NewPartner--intercompVendorComboBox-application-managepartners-display-component---NewPartner--assignmentsTable-0-vhi\"]"}
RESULT: {"using":"xpath","value":"//*[@id=\"application-managepartners-display-component---NewPartner--intercompVendorComboBox-application-managepartners-display-component---NewPartner--assignmentsTable-0-vhi\"]"}
COMMAND: POST /session/f7ba017eaa8b816e24f68d76f73d024d/element/f.7D4F3E7B3A7890F64A3201E4749DC685.d.F1CAB52E4C67CE221CEB5953868769BA.e.7656/click - {}
RESULT: {}
RESULT: undefined
COMMAND: POST /session/f7ba017eaa8b816e24f68d76f73d024d/execute/async - {"script":"<script> [776 bytes]","args":[{"enterText":"100005","selector":{"controlType":"sap.m.SearchField","properties":{"placeholder":"Search"},"searchOpenDialogs":true,"interaction":{"idSuffix":"I"}},"clearTextFirst":true,"interactionType":"ENTER_TEXT"}]}
COMMAND: GET /session/f7ba017eaa8b816e24f68d76f73d024d/screenshot - {}
RESULT: {"script":"<script> [776 bytes]","args":[{"enterText":"100005","selector":{"controlType":"sap.m.SearchField","properties":{"placeholder":"Search"},"searchOpenDialogs":true,"interaction":{"idSuffix":"I"}},"clearTextFirst":true,"interactionType":"ENTER_TEXT"}]}
COMMAND: POST /session/f7ba017eaa8b816e24f68d76f73d024d/actions - {"actions":[{"id":"action24","type":"key","parameters":{},"actions":[{"type":"keyDown","value":"î€‡"},{"type":"pause","duration":10},{"type":"keyUp","value":"î€‡"}]}]}
RESULT: {}
RESULT: {"actions":[{"id":"action24","type":"key","parameters":{},"actions":[{"type":"keyDown","value":"î€‡"},{"type":"pause","duration":10},{"type":"keyUp","value":"î€‡"}]}]}
COMMAND: GET /session/f7ba017eaa8b816e24f68d76f73d024d/screenshot - {}
RESULT: {}
COMMAND: POST /session/f7ba017eaa8b816e24f68d76f73d024d/element - {"using":"xpath","value":"//span[contains(text(), \"Penguins - Field/12345 Berlin\")]"}
RESULT: {"using":"xpath","value":"//span[contains(text(), \"Penguins - Field/12345 Berlin\")]"}
COMMAND: POST /session/f7ba017eaa8b816e24f68d76f73d024d/element/f.7D4F3E7B3A7890F64A3201E4749DC685.d.F1CAB52E4C67CE221CEB5953868769BA.e.7674/click - {}
RESULT: {}
COMMAND: GET /session/f7ba017eaa8b816e24f68d76f73d024d/screenshot - {}
RESULT: {}
COMMAND: POST /session/f7ba017eaa8b816e24f68d76f73d024d/element - {"using":"xpath","value":"//bdi[contains(text(), \"OK\")]"}
RESULT: {"using":"xpath","value":"//bdi[contains(text(), \"OK\")]"}
COMMAND: POST /session/f7ba017eaa8b816e24f68d76f73d024d/element/f.7D4F3E7B3A7890F64A3201E4749DC685.d.F1CAB52E4C67CE221CEB5953868769BA.e.7675/click - {}
RESULT: {}
COMMAND: GET /session/f7ba017eaa8b816e24f68d76f73d024d/screenshot - {}
RESULT: {}
COMMAND: POST /session/f7ba017eaa8b816e24f68d76f73d024d/element - {"using":"xpath","value":"//button[@data-kt=\"saveButton\"]"}
RESULT: {"using":"xpath","value":"//button[@data-kt=\"saveButton\"]"}
COMMAND: POST /session/f7ba017eaa8b816e24f68d76f73d024d/element/f.7D4F3E7B3A7890F64A3201E4749DC685.d.F1CAB52E4C67CE221CEB5953868769BA.e.7475/click - {}
RESULT: {}
COMMAND: GET /session/f7ba017eaa8b816e24f68d76f73d024d/screenshot - {}
RESULT: {}
COMMAND: POST /session/f7ba017eaa8b816e24f68d76f73d024d/element - {"using":"xpath","value":"//header[contains(@id, 'ObjectPageLayout-headerTitle')]/div[1]/div[2]/div[2]/span[1]"}
RESULT: {"using":"xpath","value":"//header[contains(@id, 'ObjectPageLayout-headerTitle')]/div[1]/div[2]/div[2]/span[1]"}
COMMAND: POST /session/f7ba017eaa8b816e24f68d76f73d024d/elements - {"using":"xpath","value":"//header[contains(@id, 'ObjectPageLayout-headerTitle')]/div[1]/div[2]/div[2]/span[1]"}
RESULT: {"using":"xpath","value":"//header[contains(@id, 'ObjectPageLayout-headerTitle')]/div[1]/div[2]/div[2]/span[1]"}
COMMAND: POST /session/f7ba017eaa8b816e24f68d76f73d024d/execute/sync - {"script":"<script> [56 bytes]","args":[{"element-6066-11e4-a52e-4f735466cecf":"f.7D4F3E7B3A7890F64A3201E4749DC685.d.F1CAB52E4C67CE221CEB5953868769BA.e.7790","ELEMENT":"f.7D4F3E7B3A7890F64A3201E4749DC685.d.F1CAB52E4C67CE221CEB5953868769BA.e.7790"}]}
RESULT: {"script":"<script> [56 bytes]","args":[{"element-6066-11e4-a52e-4f735466cecf":"f.7D4F3E7B3A7890F64A3201E4749DC685.d.F1CAB52E4C67CE221CEB5953868769BA.e.7790","ELEMENT":"f.7D4F3E7B3A7890F64A3201E4749DC685.d.F1CAB52E4C67CE221CEB5953868769BA.e.7790"}]}
COMMAND: POST /session/f7ba017eaa8b816e24f68d76f73d024d/element - {"using":"css selector","value":"#shell-header-logo"}
COMMAND: GET /session/f7ba017eaa8b816e24f68d76f73d024d/screenshot - {}
RESULT: {"using":"css selector","value":"#shell-header-logo"}
COMMAND: POST /session/f7ba017eaa8b816e24f68d76f73d024d/element/f.7D4F3E7B3A7890F64A3201E4749DC685.d.F1CAB52E4C67CE221CEB5953868769BA.e.7122/click - {}
RESULT: {}
RESULT: {}
COMMAND: GET /session/f7ba017eaa8b816e24f68d76f73d024d/screenshot - {}
RESULT: {}
COMMAND: POST /session/f7ba017eaa8b816e24f68d76f73d024d/execute/sync - {"script":"<script> [299 bytes]","args":[["getModel","getResource"]]}
RESULT: {"script":"<script> [299 bytes]","args":[["getModel","getResource"]]}
]]></system-out>
    </testcase>
    <testcase classname="chrome.137_0_7151_69.windows.Billing_Transfer_-_Intracompany_US127249" name="Should create a new site" time="92.033">
      <system-out><![CDATA[
COMMAND: POST /session/f7ba017eaa8b816e24f68d76f73d024d/execute/async - {"script":"<script> [1562 bytes]","args":[{"selector":{"controlType":"sap.m.GenericTile","properties":{"header":"Manage Sites"}},"wdio_ui5_key":"sapm.GenericTile{\"header\":\"Manage Sites\"}"}]}
COMMAND: GET /session/f7ba017eaa8b816e24f68d76f73d024d/screenshot - {}
RESULT: {"script":"<script> [1562 bytes]","args":[{"selector":{"controlType":"sap.m.GenericTile","properties":{"header":"Manage Sites"}},"wdio_ui5_key":"sapm.GenericTile{\"header\":\"Manage Sites\"}"}]}
RESULT: undefined
COMMAND: POST /session/f7ba017eaa8b816e24f68d76f73d024d/element - {"using":"xpath","value":"//*[@id=\"__tile41\"]"}
RESULT: {}
RESULT: {"using":"xpath","value":"//*[@id=\"__tile41\"]"}
COMMAND: POST /session/f7ba017eaa8b816e24f68d76f73d024d/element/f.7D4F3E7B3A7890F64A3201E4749DC685.d.F1CAB52E4C67CE221CEB5953868769BA.e.6438/click - {}
RESULT: {}
COMMAND: GET /session/f7ba017eaa8b816e24f68d76f73d024d/screenshot - {}
RESULT: {}
COMMAND: POST /session/f7ba017eaa8b816e24f68d76f73d024d/elements - {"using":"xpath","value":"//span[text()='Error']"}
RESULT: {"using":"xpath","value":"//span[text()='Error']"}
COMMAND: POST /session/f7ba017eaa8b816e24f68d76f73d024d/element - {"using":"xpath","value":"//button[@data-kt=\"addOverflowToolbarButton\"]"}
RESULT: {"using":"xpath","value":"//button[@data-kt=\"addOverflowToolbarButton\"]"}
COMMAND: POST /session/f7ba017eaa8b816e24f68d76f73d024d/elements - {"using":"xpath","value":"//button[@data-kt=\"addOverflowToolbarButton\"]"}
RESULT: {"using":"xpath","value":"//button[@data-kt=\"addOverflowToolbarButton\"]"}
COMMAND: POST /session/f7ba017eaa8b816e24f68d76f73d024d/execute/sync - {"script":"<script> [8489 bytes]","args":[{"element-6066-11e4-a52e-4f735466cecf":"f.7D4F3E7B3A7890F64A3201E4749DC685.d.F1CAB52E4C67CE221CEB5953868769BA.e.7836","ELEMENT":"f.7D4F3E7B3A7890F64A3201E4749DC685.d.F1CAB52E4C67CE221CEB5953868769BA.e.7836"}]}
RESULT: {"script":"<script> [8489 bytes]","args":[{"element-6066-11e4-a52e-4f735466cecf":"f.7D4F3E7B3A7890F64A3201E4749DC685.d.F1CAB52E4C67CE221CEB5953868769BA.e.7836","ELEMENT":"f.7D4F3E7B3A7890F64A3201E4749DC685.d.F1CAB52E4C67CE221CEB5953868769BA.e.7836"}]}
COMMAND: GET /session/f7ba017eaa8b816e24f68d76f73d024d/element/f.7D4F3E7B3A7890F64A3201E4749DC685.d.F1CAB52E4C67CE221CEB5953868769BA.e.7836/enabled - {}
COMMAND: GET /session/f7ba017eaa8b816e24f68d76f73d024d/screenshot - {}
RESULT: {}
COMMAND: POST /session/f7ba017eaa8b816e24f68d76f73d024d/execute/sync - {"script":"<script> [8489 bytes]","args":[{"element-6066-11e4-a52e-4f735466cecf":"f.7D4F3E7B3A7890F64A3201E4749DC685.d.F1CAB52E4C67CE221CEB5953868769BA.e.7836","ELEMENT":"f.7D4F3E7B3A7890F64A3201E4749DC685.d.F1CAB52E4C67CE221CEB5953868769BA.e.7836"}]}
COMMAND: GET /session/f7ba017eaa8b816e24f68d76f73d024d/screenshot - {}
RESULT: {}
RESULT: {"script":"<script> [8489 bytes]","args":[{"element-6066-11e4-a52e-4f735466cecf":"f.7D4F3E7B3A7890F64A3201E4749DC685.d.F1CAB52E4C67CE221CEB5953868769BA.e.7836","ELEMENT":"f.7D4F3E7B3A7890F64A3201E4749DC685.d.F1CAB52E4C67CE221CEB5953868769BA.e.7836"}]}
COMMAND: POST /session/f7ba017eaa8b816e24f68d76f73d024d/execute/sync - {"script":"<script> [5351 bytes]","args":[{"element-6066-11e4-a52e-4f735466cecf":"f.7D4F3E7B3A7890F64A3201E4749DC685.d.F1CAB52E4C67CE221CEB5953868769BA.e.7836","ELEMENT":"f.7D4F3E7B3A7890F64A3201E4749DC685.d.F1CAB52E4C67CE221CEB5953868769BA.e.7836"}]}
COMMAND: GET /session/f7ba017eaa8b816e24f68d76f73d024d/screenshot - {}
RESULT: {}
RESULT: {"script":"<script> [5351 bytes]","args":[{"element-6066-11e4-a52e-4f735466cecf":"f.7D4F3E7B3A7890F64A3201E4749DC685.d.F1CAB52E4C67CE221CEB5953868769BA.e.7836","ELEMENT":"f.7D4F3E7B3A7890F64A3201E4749DC685.d.F1CAB52E4C67CE221CEB5953868769BA.e.7836"}]}
COMMAND: POST /session/f7ba017eaa8b816e24f68d76f73d024d/element/f.7D4F3E7B3A7890F64A3201E4749DC685.d.F1CAB52E4C67CE221CEB5953868769BA.e.7836/click - {}
COMMAND: GET /session/f7ba017eaa8b816e24f68d76f73d024d/screenshot - {}
RESULT: {}
RESULT: {}
COMMAND: GET /session/f7ba017eaa8b816e24f68d76f73d024d/screenshot - {}
RESULT: {}
COMMAND: POST /session/f7ba017eaa8b816e24f68d76f73d024d/element - {"using":"xpath","value":"//input[@id=\"application-managesites-display-component---NewSite--siteId-inner\"]"}
RESULT: {}
RESULT: {"using":"xpath","value":"//input[@id=\"application-managesites-display-component---NewSite--siteId-inner\"]"}
COMMAND: POST /session/f7ba017eaa8b816e24f68d76f73d024d/element - {"using":"xpath","value":"//input[@id=\"application-managesites-display-component---NewSite--siteId-inner\"]"}
RESULT: {"using":"xpath","value":"//input[@id=\"application-managesites-display-component---NewSite--siteId-inner\"]"}
COMMAND: POST /session/f7ba017eaa8b816e24f68d76f73d024d/execute/async - {"script":"<script> [1562 bytes]","args":[{"selector":{"id":"application-managesites-display-component---NewSite--addressDetailDetailsName1","interaction":{"idSuffix":"inner"}},"wdio_ui5_key":"applicationmanagesites-display-component---NewSite--addressDetailDetailsName1"}]}
RESULT: {"script":"<script> [1562 bytes]","args":[{"selector":{"id":"application-managesites-display-component---NewSite--addressDetailDetailsName1","interaction":{"idSuffix":"inner"}},"wdio_ui5_key":"applicationmanagesites-display-component---NewSite--addressDetailDetailsName1"}]}
RESULT: undefined
COMMAND: POST /session/f7ba017eaa8b816e24f68d76f73d024d/execute/async - {"script":"<script> [776 bytes]","args":[{"enterText":"Intracompany Site wdIO","selector":{"id":"application-managesites-display-component---NewSite--addressDetailDetailsName1","interaction":{"idSuffix":"inner"}},"clearTextFirst":true,"interactionType":"ENTER_TEXT"}]}
RESULT: {"script":"<script> [776 bytes]","args":[{"enterText":"Intracompany Site wdIO","selector":{"id":"application-managesites-display-component---NewSite--addressDetailDetailsName1","interaction":{"idSuffix":"inner"}},"clearTextFirst":true,"interactionType":"ENTER_TEXT"}]}
COMMAND: POST /session/f7ba017eaa8b816e24f68d76f73d024d/execute/async - {"script":"<script> [1562 bytes]","args":[{"selector":{"id":"application-managesites-display-component---NewSite--addressDetailDetailsLanguage-arrow"},"wdio_ui5_key":"applicationmanagesites-display-component---NewSite--addressDetailDetailsLanguage-arrow"}]}
RESULT: {"script":"<script> [1562 bytes]","args":[{"selector":{"id":"application-managesites-display-component---NewSite--addressDetailDetailsLanguage-arrow"},"wdio_ui5_key":"applicationmanagesites-display-component---NewSite--addressDetailDetailsLanguage-arrow"}]}
RESULT: undefined
COMMAND: POST /session/f7ba017eaa8b816e24f68d76f73d024d/element - {"using":"xpath","value":"//*[@id=\"application-managesites-display-component---NewSite--addressDetailDetailsLanguage-arrow\"]"}
RESULT: {"using":"xpath","value":"//*[@id=\"application-managesites-display-component---NewSite--addressDetailDetailsLanguage-arrow\"]"}
COMMAND: POST /session/f7ba017eaa8b816e24f68d76f73d024d/element/f.7D4F3E7B3A7890F64A3201E4749DC685.d.F1CAB52E4C67CE221CEB5953868769BA.e.8124/click - {}
RESULT: {}
COMMAND: POST /session/f7ba017eaa8b816e24f68d76f73d024d/element - {"using":"xpath","value":"//span[contains(text(), \"English\")]"}
COMMAND: GET /session/f7ba017eaa8b816e24f68d76f73d024d/screenshot - {}
RESULT: {"using":"xpath","value":"//span[contains(text(), \"English\")]"}
COMMAND: POST /session/f7ba017eaa8b816e24f68d76f73d024d/element/f.7D4F3E7B3A7890F64A3201E4749DC685.d.F1CAB52E4C67CE221CEB5953868769BA.e.8125/click - {}
RESULT: {}
RESULT: {}
COMMAND: POST /session/f7ba017eaa8b816e24f68d76f73d024d/execute/async - {"script":"<script> [1562 bytes]","args":[{"selector":{"id":"application-managesites-display-component---NewSite--addressDetailDetailsCity1","interaction":{"idSuffix":"inner"}},"wdio_ui5_key":"applicationmanagesites-display-component---NewSite--addressDetailDetailsCity1"}]}
COMMAND: GET /session/f7ba017eaa8b816e24f68d76f73d024d/screenshot - {}
RESULT: {"script":"<script> [1562 bytes]","args":[{"selector":{"id":"application-managesites-display-component---NewSite--addressDetailDetailsCity1","interaction":{"idSuffix":"inner"}},"wdio_ui5_key":"applicationmanagesites-display-component---NewSite--addressDetailDetailsCity1"}]}
RESULT: undefined
COMMAND: POST /session/f7ba017eaa8b816e24f68d76f73d024d/execute/async - {"script":"<script> [776 bytes]","args":[{"enterText":"Rosario","selector":{"id":"application-managesites-display-component---NewSite--addressDetailDetailsCity1","interaction":{"idSuffix":"inner"}},"clearTextFirst":true,"interactionType":"ENTER_TEXT"}]}
RESULT: {}
RESULT: {"script":"<script> [776 bytes]","args":[{"enterText":"Rosario","selector":{"id":"application-managesites-display-component---NewSite--addressDetailDetailsCity1","interaction":{"idSuffix":"inner"}},"clearTextFirst":true,"interactionType":"ENTER_TEXT"}]}
COMMAND: POST /session/f7ba017eaa8b816e24f68d76f73d024d/execute/async - {"script":"<script> [1562 bytes]","args":[{"selector":{"id":"application-managesites-display-component---NewSite--addressDetailDetailsCountry-arrow"},"wdio_ui5_key":"applicationmanagesites-display-component---NewSite--addressDetailDetailsCountry-arrow"}]}
RESULT: {"script":"<script> [1562 bytes]","args":[{"selector":{"id":"application-managesites-display-component---NewSite--addressDetailDetailsCountry-arrow"},"wdio_ui5_key":"applicationmanagesites-display-component---NewSite--addressDetailDetailsCountry-arrow"}]}
RESULT: undefined
COMMAND: POST /session/f7ba017eaa8b816e24f68d76f73d024d/element - {"using":"xpath","value":"//*[@id=\"application-managesites-display-component---NewSite--addressDetailDetailsCountry-arrow\"]"}
RESULT: {"using":"xpath","value":"//*[@id=\"application-managesites-display-component---NewSite--addressDetailDetailsCountry-arrow\"]"}
COMMAND: POST /session/f7ba017eaa8b816e24f68d76f73d024d/element/f.7D4F3E7B3A7890F64A3201E4749DC685.d.F1CAB52E4C67CE221CEB5953868769BA.e.8127/click - {}
RESULT: {}
COMMAND: POST /session/f7ba017eaa8b816e24f68d76f73d024d/element - {"using":"xpath","value":"//span[contains(text(), \"Argentina\")]"}
COMMAND: GET /session/f7ba017eaa8b816e24f68d76f73d024d/screenshot - {}
RESULT: {"using":"xpath","value":"//span[contains(text(), \"Argentina\")]"}
COMMAND: POST /session/f7ba017eaa8b816e24f68d76f73d024d/element/f.7D4F3E7B3A7890F64A3201E4749DC685.d.F1CAB52E4C67CE221CEB5953868769BA.e.8129/click - {}
RESULT: {}
RESULT: {}
COMMAND: GET /session/f7ba017eaa8b816e24f68d76f73d024d/screenshot - {}
RESULT: {}
COMMAND: POST /session/f7ba017eaa8b816e24f68d76f73d024d/execute/async - {"script":"<script> [1562 bytes]","args":[{"selector":{"id":"application-managesites-display-component---NewSite--addressEditDetailsCostObjectCstType-arrow"},"wdio_ui5_key":"applicationmanagesites-display-component---NewSite--addressEditDetailsCostObjectCstType-arrow"}]}
RESULT: {"script":"<script> [1562 bytes]","args":[{"selector":{"id":"application-managesites-display-component---NewSite--addressEditDetailsCostObjectCstType-arrow"},"wdio_ui5_key":"applicationmanagesites-display-component---NewSite--addressEditDetailsCostObjectCstType-arrow"}]}
RESULT: undefined
COMMAND: POST /session/f7ba017eaa8b816e24f68d76f73d024d/element - {"using":"xpath","value":"//*[@id=\"application-managesites-display-component---NewSite--addressEditDetailsCostObjectCstType-arrow\"]"}
RESULT: {"using":"xpath","value":"//*[@id=\"application-managesites-display-component---NewSite--addressEditDetailsCostObjectCstType-arrow\"]"}
COMMAND: POST /session/f7ba017eaa8b816e24f68d76f73d024d/element/f.7D4F3E7B3A7890F64A3201E4749DC685.d.F1CAB52E4C67CE221CEB5953868769BA.e.8130/click - {}
RESULT: {}
COMMAND: POST /session/f7ba017eaa8b816e24f68d76f73d024d/element - {"using":"xpath","value":"//span[contains(text(), \"Cost Center\")]"}
COMMAND: GET /session/f7ba017eaa8b816e24f68d76f73d024d/screenshot - {}
RESULT: {"using":"xpath","value":"//span[contains(text(), \"Cost Center\")]"}
COMMAND: POST /session/f7ba017eaa8b816e24f68d76f73d024d/element/f.7D4F3E7B3A7890F64A3201E4749DC685.d.F1CAB52E4C67CE221CEB5953868769BA.e.8131/click - {}
RESULT: {}
RESULT: {}
COMMAND: GET /session/f7ba017eaa8b816e24f68d76f73d024d/screenshot - {}
RESULT: {}
COMMAND: POST /session/f7ba017eaa8b816e24f68d76f73d024d/element - {"using":"xpath","value":"//span[@id=\"application-managesites-display-component---NewSite--addressNewCostObjectCstID-vhi\"]"}
RESULT: {"using":"xpath","value":"//span[@id=\"application-managesites-display-component---NewSite--addressNewCostObjectCstID-vhi\"]"}
COMMAND: POST /session/f7ba017eaa8b816e24f68d76f73d024d/execute/sync - {"script":"<script> [8489 bytes]","args":[{"element-6066-11e4-a52e-4f735466cecf":"f.7D4F3E7B3A7890F64A3201E4749DC685.d.F1CAB52E4C67CE221CEB5953868769BA.e.8136","ELEMENT":"f.7D4F3E7B3A7890F64A3201E4749DC685.d.F1CAB52E4C67CE221CEB5953868769BA.e.8136"}]}
RESULT: {"script":"<script> [8489 bytes]","args":[{"element-6066-11e4-a52e-4f735466cecf":"f.7D4F3E7B3A7890F64A3201E4749DC685.d.F1CAB52E4C67CE221CEB5953868769BA.e.8136","ELEMENT":"f.7D4F3E7B3A7890F64A3201E4749DC685.d.F1CAB52E4C67CE221CEB5953868769BA.e.8136"}]}
COMMAND: POST /session/f7ba017eaa8b816e24f68d76f73d024d/execute/async - {"script":"<script> [1562 bytes]","args":[{"selector":{"id":"application-managesites-display-component---NewSite--addressNewCostObjectCstID-vhi"},"wdio_ui5_key":"applicationmanagesites-display-component---NewSite--addressNewCostObjectCstID-vhi"}]}
COMMAND: GET /session/f7ba017eaa8b816e24f68d76f73d024d/screenshot - {}
RESULT: {}
RESULT: {"script":"<script> [1562 bytes]","args":[{"selector":{"id":"application-managesites-display-component---NewSite--addressNewCostObjectCstID-vhi"},"wdio_ui5_key":"applicationmanagesites-display-component---NewSite--addressNewCostObjectCstID-vhi"}]}
RESULT: undefined
COMMAND: POST /session/f7ba017eaa8b816e24f68d76f73d024d/element - {"using":"xpath","value":"//*[@id=\"application-managesites-display-component---NewSite--addressNewCostObjectCstID-vhi\"]"}
RESULT: {"using":"xpath","value":"//*[@id=\"application-managesites-display-component---NewSite--addressNewCostObjectCstID-vhi\"]"}
COMMAND: POST /session/f7ba017eaa8b816e24f68d76f73d024d/element/f.7D4F3E7B3A7890F64A3201E4749DC685.d.F1CAB52E4C67CE221CEB5953868769BA.e.8136/click - {}
RESULT: {}
COMMAND: GET /session/f7ba017eaa8b816e24f68d76f73d024d/screenshot - {}
RESULT: {}
RESULT: undefined
COMMAND: POST /session/f7ba017eaa8b816e24f68d76f73d024d/execute/async - {"script":"<script> [776 bytes]","args":[{"enterText":"10001013","selector":{"controlType":"sap.m.SearchField","properties":{"placeholder":"Search"},"searchOpenDialogs":true,"interaction":{"idSuffix":"I"}},"clearTextFirst":true,"interactionType":"ENTER_TEXT"}]}
RESULT: {"script":"<script> [776 bytes]","args":[{"enterText":"10001013","selector":{"controlType":"sap.m.SearchField","properties":{"placeholder":"Search"},"searchOpenDialogs":true,"interaction":{"idSuffix":"I"}},"clearTextFirst":true,"interactionType":"ENTER_TEXT"}]}
COMMAND: POST /session/f7ba017eaa8b816e24f68d76f73d024d/actions - {"actions":[{"id":"action25","type":"key","parameters":{},"actions":[{"type":"keyDown","value":"î€‡"},{"type":"pause","duration":10},{"type":"keyUp","value":"î€‡"}]}]}
RESULT: {"actions":[{"id":"action25","type":"key","parameters":{},"actions":[{"type":"keyDown","value":"î€‡"},{"type":"pause","duration":10},{"type":"keyUp","value":"î€‡"}]}]}
COMMAND: GET /session/f7ba017eaa8b816e24f68d76f73d024d/screenshot - {}
RESULT: {}
COMMAND: POST /session/f7ba017eaa8b816e24f68d76f73d024d/element - {"using":"xpath","value":"//span[contains(text(), \"General Management\")]"}
RESULT: {"using":"xpath","value":"//span[contains(text(), \"General Management\")]"}
COMMAND: POST /session/f7ba017eaa8b816e24f68d76f73d024d/element/f.7D4F3E7B3A7890F64A3201E4749DC685.d.F1CAB52E4C67CE221CEB5953868769BA.e.8174/click - {}
RESULT: {}
COMMAND: GET /session/f7ba017eaa8b816e24f68d76f73d024d/screenshot - {}
RESULT: {}
COMMAND: POST /session/f7ba017eaa8b816e24f68d76f73d024d/element - {"using":"xpath","value":"//bdi[contains(text(), \"OK\")]"}
RESULT: {"using":"xpath","value":"//bdi[contains(text(), \"OK\")]"}
COMMAND: POST /session/f7ba017eaa8b816e24f68d76f73d024d/element/f.7D4F3E7B3A7890F64A3201E4749DC685.d.F1CAB52E4C67CE221CEB5953868769BA.e.8175/click - {}
RESULT: {}
COMMAND: GET /session/f7ba017eaa8b816e24f68d76f73d024d/screenshot - {}
RESULT: {}
COMMAND: POST /session/f7ba017eaa8b816e24f68d76f73d024d/element - {"using":"xpath","value":"//input[@id=\"application-managesites-display-component---NewSite--addressDetailDetailsCalendar-inner\"]"}
RESULT: {"using":"xpath","value":"//input[@id=\"application-managesites-display-component---NewSite--addressDetailDetailsCalendar-inner\"]"}
COMMAND: POST /session/f7ba017eaa8b816e24f68d76f73d024d/element/f.7D4F3E7B3A7890F64A3201E4749DC685.d.F1CAB52E4C67CE221CEB5953868769BA.e.8005/clear - {}
RESULT: {}
COMMAND: POST /session/f7ba017eaa8b816e24f68d76f73d024d/element/f.7D4F3E7B3A7890F64A3201E4749DC685.d.F1CAB52E4C67CE221CEB5953868769BA.e.8005/value - {"text":"Unit"}
COMMAND: GET /session/f7ba017eaa8b816e24f68d76f73d024d/screenshot - {}
RESULT: {"text":"Unit"}
COMMAND: GET /session/f7ba017eaa8b816e24f68d76f73d024d/screenshot - {}
RESULT: {}
RESULT: {}
COMMAND: POST /session/f7ba017eaa8b816e24f68d76f73d024d/actions - {"actions":[{"id":"action26","type":"key","parameters":{},"actions":[{"type":"keyDown","value":"î€‡"},{"type":"pause","duration":10},{"type":"keyUp","value":"î€‡"}]}]}
RESULT: {"actions":[{"id":"action26","type":"key","parameters":{},"actions":[{"type":"keyDown","value":"î€‡"},{"type":"pause","duration":10},{"type":"keyUp","value":"î€‡"}]}]}
COMMAND: POST /session/f7ba017eaa8b816e24f68d76f73d024d/element - {"using":"xpath","value":"//input[@id=\"application-managesites-display-component---NewSite--addressDetailDetailsYard-inner\"]"}
COMMAND: GET /session/f7ba017eaa8b816e24f68d76f73d024d/screenshot - {}
RESULT: {"using":"xpath","value":"//input[@id=\"application-managesites-display-component---NewSite--addressDetailDetailsYard-inner\"]"}
COMMAND: POST /session/f7ba017eaa8b816e24f68d76f73d024d/element/f.7D4F3E7B3A7890F64A3201E4749DC685.d.F1CAB52E4C67CE221CEB5953868769BA.e.8006/clear - {}
RESULT: {}
RESULT: {}
COMMAND: POST /session/f7ba017eaa8b816e24f68d76f73d024d/element/f.7D4F3E7B3A7890F64A3201E4749DC685.d.F1CAB52E4C67CE221CEB5953868769BA.e.8006/value - {"text":"197"}
COMMAND: GET /session/f7ba017eaa8b816e24f68d76f73d024d/screenshot - {}
RESULT: {"text":"197"}
COMMAND: GET /session/f7ba017eaa8b816e24f68d76f73d024d/screenshot - {}
RESULT: {}
RESULT: {}
COMMAND: POST /session/f7ba017eaa8b816e24f68d76f73d024d/element - {"using":"xpath","value":"//li[.//span[text()='197']]"}
RESULT: {"using":"xpath","value":"//li[.//span[text()='197']]"}
COMMAND: POST /session/f7ba017eaa8b816e24f68d76f73d024d/element/f.7D4F3E7B3A7890F64A3201E4749DC685.d.F1CAB52E4C67CE221CEB5953868769BA.e.8183/click - {}
RESULT: {}
COMMAND: GET /session/f7ba017eaa8b816e24f68d76f73d024d/screenshot - {}
RESULT: {}
COMMAND: POST /session/f7ba017eaa8b816e24f68d76f73d024d/element - {"using":"xpath","value":"//input[@id=\"application-managesites-display-component---NewSite--addressDetailDetailsPartner-inner\"]"}
RESULT: {"using":"xpath","value":"//input[@id=\"application-managesites-display-component---NewSite--addressDetailDetailsPartner-inner\"]"}
COMMAND: POST /session/f7ba017eaa8b816e24f68d76f73d024d/element - {"using":"xpath","value":"//input[@id=\"application-managesites-display-component---NewSite--addressDetailDetailsPartner-inner\"]"}
RESULT: {"using":"xpath","value":"//input[@id=\"application-managesites-display-component---NewSite--addressDetailDetailsPartner-inner\"]"}
COMMAND: POST /session/f7ba017eaa8b816e24f68d76f73d024d/element - {"using":"xpath","value":"//button[@data-kt=\"saveButton\"]"}
RESULT: {"using":"xpath","value":"//button[@data-kt=\"saveButton\"]"}
COMMAND: POST /session/f7ba017eaa8b816e24f68d76f73d024d/element/f.7D4F3E7B3A7890F64A3201E4749DC685.d.F1CAB52E4C67CE221CEB5953868769BA.e.8102/click - {}
RESULT: {}
COMMAND: GET /session/f7ba017eaa8b816e24f68d76f73d024d/screenshot - {}
RESULT: {}
COMMAND: POST /session/f7ba017eaa8b816e24f68d76f73d024d/element - {"using":"xpath","value":"//header[contains(@id, 'ObjectPageLayout-headerTitle')]/div[1]/div[2]/div[2]/span[1]"}
RESULT: {"using":"xpath","value":"//header[contains(@id, 'ObjectPageLayout-headerTitle')]/div[1]/div[2]/div[2]/span[1]"}
COMMAND: POST /session/f7ba017eaa8b816e24f68d76f73d024d/elements - {"using":"xpath","value":"//header[contains(@id, 'ObjectPageLayout-headerTitle')]/div[1]/div[2]/div[2]/span[1]"}
RESULT: {"using":"xpath","value":"//header[contains(@id, 'ObjectPageLayout-headerTitle')]/div[1]/div[2]/div[2]/span[1]"}
COMMAND: POST /session/f7ba017eaa8b816e24f68d76f73d024d/execute/sync - {"script":"<script> [56 bytes]","args":[{"element-6066-11e4-a52e-4f735466cecf":"f.7D4F3E7B3A7890F64A3201E4749DC685.d.F1CAB52E4C67CE221CEB5953868769BA.e.8338","ELEMENT":"f.7D4F3E7B3A7890F64A3201E4749DC685.d.F1CAB52E4C67CE221CEB5953868769BA.e.8338"}]}
RESULT: {"script":"<script> [56 bytes]","args":[{"element-6066-11e4-a52e-4f735466cecf":"f.7D4F3E7B3A7890F64A3201E4749DC685.d.F1CAB52E4C67CE221CEB5953868769BA.e.8338","ELEMENT":"f.7D4F3E7B3A7890F64A3201E4749DC685.d.F1CAB52E4C67CE221CEB5953868769BA.e.8338"}]}
COMMAND: POST /session/f7ba017eaa8b816e24f68d76f73d024d/element - {"using":"css selector","value":"#shell-header-logo"}
COMMAND: GET /session/f7ba017eaa8b816e24f68d76f73d024d/screenshot - {}
RESULT: {"using":"css selector","value":"#shell-header-logo"}
COMMAND: POST /session/f7ba017eaa8b816e24f68d76f73d024d/element/f.7D4F3E7B3A7890F64A3201E4749DC685.d.F1CAB52E4C67CE221CEB5953868769BA.e.7794/click - {}
RESULT: {}
RESULT: {}
COMMAND: GET /session/f7ba017eaa8b816e24f68d76f73d024d/screenshot - {}
RESULT: {}
COMMAND: POST /session/f7ba017eaa8b816e24f68d76f73d024d/execute/sync - {"script":"<script> [299 bytes]","args":[["getModel","getResource"]]}
RESULT: {"script":"<script> [299 bytes]","args":[["getModel","getResource"]]}
]]></system-out>
    </testcase>
    <testcase classname="chrome.137_0_7151_69.windows.Billing_Transfer_-_Intracompany_US127249" name="Should create a new equipment" time="137.143">
      <system-out><![CDATA[
COMMAND: GET /session/f7ba017eaa8b816e24f68d76f73d024d/screenshot - {}
COMMAND: POST /session/f7ba017eaa8b816e24f68d76f73d024d/execute/async - {"script":"<script> [1562 bytes]","args":[{"selector":{"controlType":"sap.m.GenericTile","properties":{"header":"Manage Resources"}},"wdio_ui5_key":"sapm.GenericTile{\"header\":\"Manage Resources\"}"}]}
RESULT: {}
RESULT: {"script":"<script> [1562 bytes]","args":[{"selector":{"controlType":"sap.m.GenericTile","properties":{"header":"Manage Resources"}},"wdio_ui5_key":"sapm.GenericTile{\"header\":\"Manage Resources\"}"}]}
RESULT: undefined
COMMAND: POST /session/f7ba017eaa8b816e24f68d76f73d024d/element - {"using":"xpath","value":"//*[@id=\"__tile40\"]"}
RESULT: {"using":"xpath","value":"//*[@id=\"__tile40\"]"}
COMMAND: POST /session/f7ba017eaa8b816e24f68d76f73d024d/element/f.7D4F3E7B3A7890F64A3201E4749DC685.d.F1CAB52E4C67CE221CEB5953868769BA.e.6435/click - {}
RESULT: {}
COMMAND: GET /session/f7ba017eaa8b816e24f68d76f73d024d/screenshot - {}
RESULT: {}
COMMAND: POST /session/f7ba017eaa8b816e24f68d76f73d024d/elements - {"using":"xpath","value":"//span[text()='Error']"}
RESULT: {"using":"xpath","value":"//span[text()='Error']"}
COMMAND: POST /session/f7ba017eaa8b816e24f68d76f73d024d/element - {"using":"xpath","value":"//button[@data-kt=\"addNewRUOverflowToolbarButton\"]"}
RESULT: {"using":"xpath","value":"//button[@data-kt=\"addNewRUOverflowToolbarButton\"]"}
COMMAND: POST /session/f7ba017eaa8b816e24f68d76f73d024d/elements - {"using":"xpath","value":"//button[@data-kt=\"addNewRUOverflowToolbarButton\"]"}
RESULT: {"using":"xpath","value":"//button[@data-kt=\"addNewRUOverflowToolbarButton\"]"}
COMMAND: POST /session/f7ba017eaa8b816e24f68d76f73d024d/execute/sync - {"script":"<script> [8489 bytes]","args":[{"element-6066-11e4-a52e-4f735466cecf":"f.7D4F3E7B3A7890F64A3201E4749DC685.d.F1CAB52E4C67CE221CEB5953868769BA.e.8383","ELEMENT":"f.7D4F3E7B3A7890F64A3201E4749DC685.d.F1CAB52E4C67CE221CEB5953868769BA.e.8383"}]}
RESULT: {"script":"<script> [8489 bytes]","args":[{"element-6066-11e4-a52e-4f735466cecf":"f.7D4F3E7B3A7890F64A3201E4749DC685.d.F1CAB52E4C67CE221CEB5953868769BA.e.8383","ELEMENT":"f.7D4F3E7B3A7890F64A3201E4749DC685.d.F1CAB52E4C67CE221CEB5953868769BA.e.8383"}]}
COMMAND: GET /session/f7ba017eaa8b816e24f68d76f73d024d/element/f.7D4F3E7B3A7890F64A3201E4749DC685.d.F1CAB52E4C67CE221CEB5953868769BA.e.8383/enabled - {}
COMMAND: GET /session/f7ba017eaa8b816e24f68d76f73d024d/screenshot - {}
RESULT: {}
COMMAND: POST /session/f7ba017eaa8b816e24f68d76f73d024d/execute/sync - {"script":"<script> [8489 bytes]","args":[{"element-6066-11e4-a52e-4f735466cecf":"f.7D4F3E7B3A7890F64A3201E4749DC685.d.F1CAB52E4C67CE221CEB5953868769BA.e.8383","ELEMENT":"f.7D4F3E7B3A7890F64A3201E4749DC685.d.F1CAB52E4C67CE221CEB5953868769BA.e.8383"}]}
COMMAND: GET /session/f7ba017eaa8b816e24f68d76f73d024d/screenshot - {}
RESULT: {}
RESULT: {"script":"<script> [8489 bytes]","args":[{"element-6066-11e4-a52e-4f735466cecf":"f.7D4F3E7B3A7890F64A3201E4749DC685.d.F1CAB52E4C67CE221CEB5953868769BA.e.8383","ELEMENT":"f.7D4F3E7B3A7890F64A3201E4749DC685.d.F1CAB52E4C67CE221CEB5953868769BA.e.8383"}]}
COMMAND: POST /session/f7ba017eaa8b816e24f68d76f73d024d/execute/sync - {"script":"<script> [5351 bytes]","args":[{"element-6066-11e4-a52e-4f735466cecf":"f.7D4F3E7B3A7890F64A3201E4749DC685.d.F1CAB52E4C67CE221CEB5953868769BA.e.8383","ELEMENT":"f.7D4F3E7B3A7890F64A3201E4749DC685.d.F1CAB52E4C67CE221CEB5953868769BA.e.8383"}]}
COMMAND: GET /session/f7ba017eaa8b816e24f68d76f73d024d/screenshot - {}
RESULT: {}
RESULT: {"script":"<script> [5351 bytes]","args":[{"element-6066-11e4-a52e-4f735466cecf":"f.7D4F3E7B3A7890F64A3201E4749DC685.d.F1CAB52E4C67CE221CEB5953868769BA.e.8383","ELEMENT":"f.7D4F3E7B3A7890F64A3201E4749DC685.d.F1CAB52E4C67CE221CEB5953868769BA.e.8383"}]}
COMMAND: POST /session/f7ba017eaa8b816e24f68d76f73d024d/element/f.7D4F3E7B3A7890F64A3201E4749DC685.d.F1CAB52E4C67CE221CEB5953868769BA.e.8383/click - {}
COMMAND: GET /session/f7ba017eaa8b816e24f68d76f73d024d/screenshot - {}
RESULT: {}
RESULT: {}
COMMAND: GET /session/f7ba017eaa8b816e24f68d76f73d024d/screenshot - {}
RESULT: {}
COMMAND: POST /session/f7ba017eaa8b816e24f68d76f73d024d/execute/async - {"script":"<script> [1562 bytes]","args":[{"selector":{"id":"application-manageresources-display-component---newResourceUnit--TYPE-arrow"},"wdio_ui5_key":"applicationmanageresources-display-component---newResourceUnit--TYPE-arrow"}]}
RESULT: {}
RESULT: {"script":"<script> [1562 bytes]","args":[{"selector":{"id":"application-manageresources-display-component---newResourceUnit--TYPE-arrow"},"wdio_ui5_key":"applicationmanageresources-display-component---newResourceUnit--TYPE-arrow"}]}
RESULT: undefined
COMMAND: POST /session/f7ba017eaa8b816e24f68d76f73d024d/element - {"using":"xpath","value":"//*[@id=\"application-manageresources-display-component---newResourceUnit--TYPE-arrow\"]"}
RESULT: {"using":"xpath","value":"//*[@id=\"application-manageresources-display-component---newResourceUnit--TYPE-arrow\"]"}
COMMAND: POST /session/f7ba017eaa8b816e24f68d76f73d024d/element/f.7D4F3E7B3A7890F64A3201E4749DC685.d.F1CAB52E4C67CE221CEB5953868769BA.e.8730/click - {}
RESULT: {}
COMMAND: POST /session/f7ba017eaa8b816e24f68d76f73d024d/element - {"using":"xpath","value":"//input[@id=\"application-manageresources-display-component---newResourceUnit--TYPE-inner\"]"}
COMMAND: GET /session/f7ba017eaa8b816e24f68d76f73d024d/screenshot - {}
RESULT: {"using":"xpath","value":"//input[@id=\"application-manageresources-display-component---newResourceUnit--TYPE-inner\"]"}
COMMAND: POST /session/f7ba017eaa8b816e24f68d76f73d024d/element/f.7D4F3E7B3A7890F64A3201E4749DC685.d.F1CAB52E4C67CE221CEB5953868769BA.e.8723/clear - {}
RESULT: {}
RESULT: {}
COMMAND: POST /session/f7ba017eaa8b816e24f68d76f73d024d/element/f.7D4F3E7B3A7890F64A3201E4749DC685.d.F1CAB52E4C67CE221CEB5953868769BA.e.8723/value - {"text":"Equipment"}
COMMAND: GET /session/f7ba017eaa8b816e24f68d76f73d024d/screenshot - {}
RESULT: {"text":"Equipment"}
COMMAND: GET /session/f7ba017eaa8b816e24f68d76f73d024d/screenshot - {}
RESULT: {}
RESULT: {}
COMMAND: POST /session/f7ba017eaa8b816e24f68d76f73d024d/actions - {"actions":[{"id":"action27","type":"key","parameters":{},"actions":[{"type":"keyDown","value":"î€‡"},{"type":"pause","duration":10},{"type":"keyUp","value":"î€‡"}]}]}
RESULT: {"actions":[{"id":"action27","type":"key","parameters":{},"actions":[{"type":"keyDown","value":"î€‡"},{"type":"pause","duration":10},{"type":"keyUp","value":"î€‡"}]}]}
COMMAND: POST /session/f7ba017eaa8b816e24f68d76f73d024d/execute/async - {"script":"<script> [1562 bytes]","args":[{"selector":{"id":"application-manageresources-display-component---newResourceUnit--resourceId","interaction":{"idSuffix":"inner"}},"wdio_ui5_key":"applicationmanageresources-display-component---newResourceUnit--resourceId"}]}
COMMAND: GET /session/f7ba017eaa8b816e24f68d76f73d024d/screenshot - {}
RESULT: {"script":"<script> [1562 bytes]","args":[{"selector":{"id":"application-manageresources-display-component---newResourceUnit--resourceId","interaction":{"idSuffix":"inner"}},"wdio_ui5_key":"applicationmanageresources-display-component---newResourceUnit--resourceId"}]}
RESULT: undefined
COMMAND: POST /session/f7ba017eaa8b816e24f68d76f73d024d/execute/async - {"script":"<script> [776 bytes]","args":[{"enterText":"fsi7oHLlPv","selector":{"id":"application-manageresources-display-component---newResourceUnit--resourceId","interaction":{"idSuffix":"inner"}},"clearTextFirst":true,"interactionType":"ENTER_TEXT"}]}
RESULT: {}
RESULT: {"script":"<script> [776 bytes]","args":[{"enterText":"fsi7oHLlPv","selector":{"id":"application-manageresources-display-component---newResourceUnit--resourceId","interaction":{"idSuffix":"inner"}},"clearTextFirst":true,"interactionType":"ENTER_TEXT"}]}
COMMAND: POST /session/f7ba017eaa8b816e24f68d76f73d024d/execute/async - {"script":"<script> [1562 bytes]","args":[{"selector":{"id":"application-manageresources-display-component---newResourceUnit--SHORT_TEXT","interaction":{"idSuffix":"inner"}},"wdio_ui5_key":"applicationmanageresources-display-component---newResourceUnit--SHORT_TEXT"}]}
RESULT: {"script":"<script> [1562 bytes]","args":[{"selector":{"id":"application-manageresources-display-component---newResourceUnit--SHORT_TEXT","interaction":{"idSuffix":"inner"}},"wdio_ui5_key":"applicationmanageresources-display-component---newResourceUnit--SHORT_TEXT"}]}
RESULT: undefined
COMMAND: POST /session/f7ba017eaa8b816e24f68d76f73d024d/execute/async - {"script":"<script> [776 bytes]","args":[{"enterText":"Intercompany Equipment WDIO","selector":{"id":"application-manageresources-display-component---newResourceUnit--SHORT_TEXT","interaction":{"idSuffix":"inner"}},"clearTextFirst":true,"interactionType":"ENTER_TEXT"}]}
RESULT: {"script":"<script> [776 bytes]","args":[{"enterText":"Intercompany Equipment WDIO","selector":{"id":"application-manageresources-display-component---newResourceUnit--SHORT_TEXT","interaction":{"idSuffix":"inner"}},"clearTextFirst":true,"interactionType":"ENTER_TEXT"}]}
COMMAND: POST /session/f7ba017eaa8b816e24f68d76f73d024d/execute/async - {"script":"<script> [1562 bytes]","args":[{"selector":{"id":"application-manageresources-display-component---newResourceUnit--BASE_UNIT_OF_MEASURE","interaction":{"idSuffix":"inner"}},"wdio_ui5_key":"applicationmanageresources-display-component---newResourceUnit--BASE_UNIT_OF_MEASURE"}]}
RESULT: {"script":"<script> [1562 bytes]","args":[{"selector":{"id":"application-manageresources-display-component---newResourceUnit--BASE_UNIT_OF_MEASURE","interaction":{"idSuffix":"inner"}},"wdio_ui5_key":"applicationmanageresources-display-component---newResourceUnit--BASE_UNIT_OF_MEASURE"}]}
RESULT: undefined
COMMAND: POST /session/f7ba017eaa8b816e24f68d76f73d024d/execute/async - {"script":"<script> [776 bytes]","args":[{"enterText":"Piece","selector":{"id":"application-manageresources-display-component---newResourceUnit--BASE_UNIT_OF_MEASURE","interaction":{"idSuffix":"inner"}},"clearTextFirst":true,"interactionType":"ENTER_TEXT"}]}
RESULT: {"script":"<script> [776 bytes]","args":[{"enterText":"Piece","selector":{"id":"application-manageresources-display-component---newResourceUnit--BASE_UNIT_OF_MEASURE","interaction":{"idSuffix":"inner"}},"clearTextFirst":true,"interactionType":"ENTER_TEXT"}]}
COMMAND: POST /session/f7ba017eaa8b816e24f68d76f73d024d/execute/async - {"script":"<script> [1562 bytes]","args":[{"selector":{"id":"application-manageresources-display-component---newResourceUnit--WEIGHT_UNIT","interaction":{"idSuffix":"inner"}},"wdio_ui5_key":"applicationmanageresources-display-component---newResourceUnit--WEIGHT_UNIT"}]}
RESULT: {"script":"<script> [1562 bytes]","args":[{"selector":{"id":"application-manageresources-display-component---newResourceUnit--WEIGHT_UNIT","interaction":{"idSuffix":"inner"}},"wdio_ui5_key":"applicationmanageresources-display-component---newResourceUnit--WEIGHT_UNIT"}]}
RESULT: undefined
COMMAND: POST /session/f7ba017eaa8b816e24f68d76f73d024d/execute/async - {"script":"<script> [776 bytes]","args":[{"enterText":"Gram","selector":{"id":"application-manageresources-display-component---newResourceUnit--WEIGHT_UNIT","interaction":{"idSuffix":"inner"}},"clearTextFirst":true,"interactionType":"ENTER_TEXT"}]}
RESULT: {"script":"<script> [776 bytes]","args":[{"enterText":"Gram","selector":{"id":"application-manageresources-display-component---newResourceUnit--WEIGHT_UNIT","interaction":{"idSuffix":"inner"}},"clearTextFirst":true,"interactionType":"ENTER_TEXT"}]}
COMMAND: POST /session/f7ba017eaa8b816e24f68d76f73d024d/execute/async - {"script":"<script> [1562 bytes]","args":[{"selector":{"id":"application-manageresources-display-component---newResourceUnit--DIMENSION_UNIT","interaction":{"idSuffix":"inner"}},"wdio_ui5_key":"applicationmanageresources-display-component---newResourceUnit--DIMENSION_UNIT"}]}
RESULT: {"script":"<script> [1562 bytes]","args":[{"selector":{"id":"application-manageresources-display-component---newResourceUnit--DIMENSION_UNIT","interaction":{"idSuffix":"inner"}},"wdio_ui5_key":"applicationmanageresources-display-component---newResourceUnit--DIMENSION_UNIT"}]}
RESULT: undefined
COMMAND: POST /session/f7ba017eaa8b816e24f68d76f73d024d/execute/async - {"script":"<script> [776 bytes]","args":[{"enterText":"Meter","selector":{"id":"application-manageresources-display-component---newResourceUnit--DIMENSION_UNIT","interaction":{"idSuffix":"inner"}},"clearTextFirst":true,"interactionType":"ENTER_TEXT"}]}
RESULT: {"script":"<script> [776 bytes]","args":[{"enterText":"Meter","selector":{"id":"application-manageresources-display-component---newResourceUnit--DIMENSION_UNIT","interaction":{"idSuffix":"inner"}},"clearTextFirst":true,"interactionType":"ENTER_TEXT"}]}
COMMAND: POST /session/f7ba017eaa8b816e24f68d76f73d024d/execute/async - {"script":"<script> [1562 bytes]","args":[{"selector":{"id":"application-manageresources-display-component---newResourceUnit--newRRUPage-anchBar-application-manageresources-display-component---newResourceUnit--control-anchor","interaction":{"idSuffix":"BDI-content"}},"wdio_ui5_key":"applicationmanageresources-display-component---newResourceUnit--newRRUPage-anchBar-application-manageresources-display-component---newResourceUnit--control-anchor"}]}
RESULT: {"script":"<script> [1562 bytes]","args":[{"selector":{"id":"application-manageresources-display-component---newResourceUnit--newRRUPage-anchBar-application-manageresources-display-component---newResourceUnit--control-anchor","interaction":{"idSuffix":"BDI-content"}},"wdio_ui5_key":"applicationmanageresources-display-component---newResourceUnit--newRRUPage-anchBar-application-manageresources-display-component---newResourceUnit--control-anchor"}]}
RESULT: undefined
COMMAND: POST /session/f7ba017eaa8b816e24f68d76f73d024d/element - {"using":"xpath","value":"//*[@id=\"application-manageresources-display-component---newResourceUnit--newRRUPage-anchBar-application-manageresources-display-component---newResourceUnit--control-anchor\"]"}
RESULT: {"using":"xpath","value":"//*[@id=\"application-manageresources-display-component---newResourceUnit--newRRUPage-anchBar-application-manageresources-display-component---newResourceUnit--control-anchor\"]"}
COMMAND: POST /session/f7ba017eaa8b816e24f68d76f73d024d/element/f.7D4F3E7B3A7890F64A3201E4749DC685.d.F1CAB52E4C67CE221CEB5953868769BA.e.8889/click - {}
RESULT: {}
COMMAND: POST /session/f7ba017eaa8b816e24f68d76f73d024d/execute/async - {"script":"<script> [1562 bytes]","args":[{"selector":{"id":"application-manageresources-display-component---newResourceUnit--PLANNING_GROUP","interaction":{"idSuffix":"inner"}},"wdio_ui5_key":"applicationmanageresources-display-component---newResourceUnit--PLANNING_GROUP"}]}
COMMAND: GET /session/f7ba017eaa8b816e24f68d76f73d024d/screenshot - {}
RESULT: {"script":"<script> [1562 bytes]","args":[{"selector":{"id":"application-manageresources-display-component---newResourceUnit--PLANNING_GROUP","interaction":{"idSuffix":"inner"}},"wdio_ui5_key":"applicationmanageresources-display-component---newResourceUnit--PLANNING_GROUP"}]}
RESULT: undefined
COMMAND: POST /session/f7ba017eaa8b816e24f68d76f73d024d/execute/async - {"script":"<script> [776 bytes]","args":[{"enterText":"Heavy Equi","selector":{"id":"application-manageresources-display-component---newResourceUnit--PLANNING_GROUP","interaction":{"idSuffix":"inner"}},"clearTextFirst":true,"interactionType":"ENTER_TEXT"}]}
RESULT: {}
RESULT: {"script":"<script> [776 bytes]","args":[{"enterText":"Heavy Equi","selector":{"id":"application-manageresources-display-component---newResourceUnit--PLANNING_GROUP","interaction":{"idSuffix":"inner"}},"clearTextFirst":true,"interactionType":"ENTER_TEXT"}]}
COMMAND: POST /session/f7ba017eaa8b816e24f68d76f73d024d/execute/async - {"script":"<script> [1562 bytes]","args":[{"selector":{"id":"application-manageresources-display-component---newResourceUnit--ITEM_TYPE-arrow"},"wdio_ui5_key":"applicationmanageresources-display-component---newResourceUnit--ITEM_TYPE-arrow"}]}
RESULT: {"script":"<script> [1562 bytes]","args":[{"selector":{"id":"application-manageresources-display-component---newResourceUnit--ITEM_TYPE-arrow"},"wdio_ui5_key":"applicationmanageresources-display-component---newResourceUnit--ITEM_TYPE-arrow"}]}
RESULT: undefined
COMMAND: POST /session/f7ba017eaa8b816e24f68d76f73d024d/element - {"using":"xpath","value":"//*[@id=\"application-manageresources-display-component---newResourceUnit--ITEM_TYPE-arrow\"]"}
RESULT: {"using":"xpath","value":"//*[@id=\"application-manageresources-display-component---newResourceUnit--ITEM_TYPE-arrow\"]"}
COMMAND: POST /session/f7ba017eaa8b816e24f68d76f73d024d/element/f.7D4F3E7B3A7890F64A3201E4749DC685.d.F1CAB52E4C67CE221CEB5953868769BA.e.8896/click - {}
RESULT: {}
COMMAND: POST /session/f7ba017eaa8b816e24f68d76f73d024d/element - {"using":"xpath","value":"//ul[contains(@id,\"ITEM_TYPE-popup-list-listUl\")]//li[.//span[contains(text(),\"Resource Unit\")]]"}
COMMAND: GET /session/f7ba017eaa8b816e24f68d76f73d024d/screenshot - {}
RESULT: {"using":"xpath","value":"//ul[contains(@id,\"ITEM_TYPE-popup-list-listUl\")]//li[.//span[contains(text(),\"Resource Unit\")]]"}
COMMAND: POST /session/f7ba017eaa8b816e24f68d76f73d024d/element/f.7D4F3E7B3A7890F64A3201E4749DC685.d.F1CAB52E4C67CE221CEB5953868769BA.e.8897/click - {}
RESULT: {}
RESULT: {}
COMMAND: GET /session/f7ba017eaa8b816e24f68d76f73d024d/screenshot - {}
RESULT: {}
COMMAND: POST /session/f7ba017eaa8b816e24f68d76f73d024d/element - {"using":"css selector","value":"#application-manageresources-display-component---newResourceUnit--btnAddTimeSegment"}
RESULT: {"using":"css selector","value":"#application-manageresources-display-component---newResourceUnit--btnAddTimeSegment"}
COMMAND: GET /session/f7ba017eaa8b816e24f68d76f73d024d/element/f.7D4F3E7B3A7890F64A3201E4749DC685.d.F1CAB52E4C67CE221CEB5953868769BA.e.8905/rect - {}
RESULT: {}
COMMAND: GET /session/f7ba017eaa8b816e24f68d76f73d024d/window/rect - {}
RESULT: {}
COMMAND: POST /session/f7ba017eaa8b816e24f68d76f73d024d/execute/sync - {"script":"<script> [92 bytes]","args":[]}
RESULT: {"script":"<script> [92 bytes]","args":[]}
COMMAND: POST /session/f7ba017eaa8b816e24f68d76f73d024d/actions - {"actions":[{"id":"action28","type":"wheel","parameters":{},"actions":[{"type":"scroll","x":-1888,"y":-32,"deltaX":0,"deltaY":0,"duration":0,"origin":{"element-6066-11e4-a52e-4f735466cecf":"f.7D4F3E7B3A7890F64A3201E4749DC685.d.F1CAB52E4C67CE221CEB5953868769BA.e.8905"}}]}]}
COMMAND: GET /session/f7ba017eaa8b816e24f68d76f73d024d/screenshot - {}
RESULT: {}
COMMAND: POST /session/f7ba017eaa8b816e24f68d76f73d024d/execute/sync - {"script":"<script> [79 bytes]","args":[{"element-6066-11e4-a52e-4f735466cecf":"f.7D4F3E7B3A7890F64A3201E4749DC685.d.F1CAB52E4C67CE221CEB5953868769BA.e.8905","ELEMENT":"f.7D4F3E7B3A7890F64A3201E4749DC685.d.F1CAB52E4C67CE221CEB5953868769BA.e.8905"},{"block":"start","inline":"nearest"}]}
RESULT: {"script":"<script> [79 bytes]","args":[{"element-6066-11e4-a52e-4f735466cecf":"f.7D4F3E7B3A7890F64A3201E4749DC685.d.F1CAB52E4C67CE221CEB5953868769BA.e.8905","ELEMENT":"f.7D4F3E7B3A7890F64A3201E4749DC685.d.F1CAB52E4C67CE221CEB5953868769BA.e.8905"},{"block":"start","inline":"nearest"}]}
COMMAND: POST /session/f7ba017eaa8b816e24f68d76f73d024d/execute/async - {"script":"<script> [1562 bytes]","args":[{"selector":{"id":"application-manageresources-display-component---newResourceUnit--btnAddTimeSegment","interaction":{"idSuffix":"inner"}},"wdio_ui5_key":"applicationmanageresources-display-component---newResourceUnit--btnAddTimeSegment"}]}
COMMAND: GET /session/f7ba017eaa8b816e24f68d76f73d024d/screenshot - {}
RESULT: {"script":"<script> [1562 bytes]","args":[{"selector":{"id":"application-manageresources-display-component---newResourceUnit--btnAddTimeSegment","interaction":{"idSuffix":"inner"}},"wdio_ui5_key":"applicationmanageresources-display-component---newResourceUnit--btnAddTimeSegment"}]}
RESULT: undefined
COMMAND: POST /session/f7ba017eaa8b816e24f68d76f73d024d/element - {"using":"xpath","value":"//*[@id=\"application-manageresources-display-component---newResourceUnit--btnAddTimeSegment\"]"}
RESULT: {}
RESULT: {"using":"xpath","value":"//*[@id=\"application-manageresources-display-component---newResourceUnit--btnAddTimeSegment\"]"}
COMMAND: POST /session/f7ba017eaa8b816e24f68d76f73d024d/element/f.7D4F3E7B3A7890F64A3201E4749DC685.d.F1CAB52E4C67CE221CEB5953868769BA.e.8905/click - {}
RESULT: {}
COMMAND: GET /session/f7ba017eaa8b816e24f68d76f73d024d/screenshot - {}
RESULT: {}
COMMAND: POST /session/f7ba017eaa8b816e24f68d76f73d024d/element - {"using":"xpath","value":"//input[@id=\"application-manageresources-display-component---newResourceUnit--idRuTSAdmin-application-manageresources-display-component---newResourceUnit--RUTimeSegment-0-inner\"]"}
RESULT: {"using":"xpath","value":"//input[@id=\"application-manageresources-display-component---newResourceUnit--idRuTSAdmin-application-manageresources-display-component---newResourceUnit--RUTimeSegment-0-inner\"]"}
COMMAND: POST /session/f7ba017eaa8b816e24f68d76f73d024d/element/f.7D4F3E7B3A7890F64A3201E4749DC685.d.F1CAB52E4C67CE221CEB5953868769BA.e.8911/clear - {}
RESULT: {}
COMMAND: POST /session/f7ba017eaa8b816e24f68d76f73d024d/element/f.7D4F3E7B3A7890F64A3201E4749DC685.d.F1CAB52E4C67CE221CEB5953868769BA.e.8911/value - {"text":"197"}
COMMAND: GET /session/f7ba017eaa8b816e24f68d76f73d024d/screenshot - {}
RESULT: {"text":"197"}
COMMAND: GET /session/f7ba017eaa8b816e24f68d76f73d024d/screenshot - {}
RESULT: {}
RESULT: {}
COMMAND: POST /session/f7ba017eaa8b816e24f68d76f73d024d/element - {"using":"xpath","value":"//li[.//span[text()='197']]"}
RESULT: {"using":"xpath","value":"//li[.//span[text()='197']]"}
COMMAND: POST /session/f7ba017eaa8b816e24f68d76f73d024d/element/f.7D4F3E7B3A7890F64A3201E4749DC685.d.F1CAB52E4C67CE221CEB5953868769BA.e.8923/click - {}
RESULT: {}
COMMAND: GET /session/f7ba017eaa8b816e24f68d76f73d024d/screenshot - {}
RESULT: {}
COMMAND: POST /session/f7ba017eaa8b816e24f68d76f73d024d/element - {"using":"xpath","value":"(//span[contains(@id, \"-application-manageresources-display-component---newResourceUnit--RUTimeSegment-0-arrow\")])[6]"}
RESULT: {"using":"xpath","value":"(//span[contains(@id, \"-application-manageresources-display-component---newResourceUnit--RUTimeSegment-0-arrow\")])[6]"}
COMMAND: POST /session/f7ba017eaa8b816e24f68d76f73d024d/element/f.7D4F3E7B3A7890F64A3201E4749DC685.d.F1CAB52E4C67CE221CEB5953868769BA.e.8924/click - {}
RESULT: {}
COMMAND: GET /session/f7ba017eaa8b816e24f68d76f73d024d/screenshot - {}
RESULT: {}
COMMAND: POST /session/f7ba017eaa8b816e24f68d76f73d024d/element - {"using":"xpath","value":"//span[contains(text(), \"PM Order\")]"}
RESULT: {"using":"xpath","value":"//span[contains(text(), \"PM Order\")]"}
COMMAND: POST /session/f7ba017eaa8b816e24f68d76f73d024d/element/f.7D4F3E7B3A7890F64A3201E4749DC685.d.F1CAB52E4C67CE221CEB5953868769BA.e.8927/click - {}
RESULT: {}
COMMAND: GET /session/f7ba017eaa8b816e24f68d76f73d024d/screenshot - {}
RESULT: {}
COMMAND: POST /session/f7ba017eaa8b816e24f68d76f73d024d/element - {"using":"xpath","value":"(//span[contains(@id ,\"manageresources-display-component---newResourceUnit--RUTimeSegment-0-vhi\")])[1]"}
RESULT: {"using":"xpath","value":"(//span[contains(@id ,\"manageresources-display-component---newResourceUnit--RUTimeSegment-0-vhi\")])[1]"}
COMMAND: GET /session/f7ba017eaa8b816e24f68d76f73d024d/element/f.7D4F3E7B3A7890F64A3201E4749DC685.d.F1CAB52E4C67CE221CEB5953868769BA.e.8931/rect - {}
RESULT: {}
COMMAND: GET /session/f7ba017eaa8b816e24f68d76f73d024d/window/rect - {}
RESULT: {}
COMMAND: POST /session/f7ba017eaa8b816e24f68d76f73d024d/execute/sync - {"script":"<script> [92 bytes]","args":[]}
RESULT: {"script":"<script> [92 bytes]","args":[]}
COMMAND: POST /session/f7ba017eaa8b816e24f68d76f73d024d/actions - {"actions":[{"id":"action29","type":"wheel","parameters":{},"actions":[{"type":"scroll","x":-869,"y":-24,"deltaX":0,"deltaY":0,"duration":0,"origin":{"element-6066-11e4-a52e-4f735466cecf":"f.7D4F3E7B3A7890F64A3201E4749DC685.d.F1CAB52E4C67CE221CEB5953868769BA.e.8931"}}]}]}
COMMAND: GET /session/f7ba017eaa8b816e24f68d76f73d024d/screenshot - {}
RESULT: {"actions":[{"id":"action29","type":"wheel","parameters":{},"actions":[{"type":"scroll","x":-869,"y":-24,"deltaX":0,"deltaY":0,"duration":0,"origin":{"element-6066-11e4-a52e-4f735466cecf":"f.7D4F3E7B3A7890F64A3201E4749DC685.d.F1CAB52E4C67CE221CEB5953868769BA.e.8931"}}]}]}
COMMAND: DELETE /session/f7ba017eaa8b816e24f68d76f73d024d/actions - {}
COMMAND: GET /session/f7ba017eaa8b816e24f68d76f73d024d/screenshot - {}
RESULT: {}
RESULT: {}
COMMAND: GET /session/f7ba017eaa8b816e24f68d76f73d024d/screenshot - {}
RESULT: {}
RESULT: {}
COMMAND: POST /session/f7ba017eaa8b816e24f68d76f73d024d/element/f.7D4F3E7B3A7890F64A3201E4749DC685.d.F1CAB52E4C67CE221CEB5953868769BA.e.8931/click - {}
RESULT: {}
COMMAND: GET /session/f7ba017eaa8b816e24f68d76f73d024d/screenshot - {}
RESULT: {}
RESULT: undefined
COMMAND: POST /session/f7ba017eaa8b816e24f68d76f73d024d/execute/async - {"script":"<script> [776 bytes]","args":[{"enterText":"4000360","selector":{"controlType":"sap.m.SearchField","properties":{"placeholder":"Search"},"searchOpenDialogs":true,"interaction":{"idSuffix":"I"}},"clearTextFirst":true,"interactionType":"ENTER_TEXT"}]}
RESULT: {"script":"<script> [776 bytes]","args":[{"enterText":"4000360","selector":{"controlType":"sap.m.SearchField","properties":{"placeholder":"Search"},"searchOpenDialogs":true,"interaction":{"idSuffix":"I"}},"clearTextFirst":true,"interactionType":"ENTER_TEXT"}]}
COMMAND: POST /session/f7ba017eaa8b816e24f68d76f73d024d/actions - {"actions":[{"id":"action30","type":"key","parameters":{},"actions":[{"type":"keyDown","value":"î€‡"},{"type":"pause","duration":10},{"type":"keyUp","value":"î€‡"}]}]}
RESULT: {"actions":[{"id":"action30","type":"key","parameters":{},"actions":[{"type":"keyDown","value":"î€‡"},{"type":"pause","duration":10},{"type":"keyUp","value":"î€‡"}]}]}
COMMAND: GET /session/f7ba017eaa8b816e24f68d76f73d024d/screenshot - {}
RESULT: {}
COMMAND: POST /session/f7ba017eaa8b816e24f68d76f73d024d/element - {"using":"xpath","value":"//td/div/span[contains(text(), \"BGL Vehicles\")]"}
RESULT: {"using":"xpath","value":"//td/div/span[contains(text(), \"BGL Vehicles\")]"}
COMMAND: POST /session/f7ba017eaa8b816e24f68d76f73d024d/element/f.7D4F3E7B3A7890F64A3201E4749DC685.d.F1CAB52E4C67CE221CEB5953868769BA.e.8951/click - {}
RESULT: {}
COMMAND: GET /session/f7ba017eaa8b816e24f68d76f73d024d/screenshot - {}
RESULT: {}
COMMAND: POST /session/f7ba017eaa8b816e24f68d76f73d024d/element - {"using":"xpath","value":"//bdi[contains(text(), \"OK\")]"}
RESULT: {"using":"xpath","value":"//bdi[contains(text(), \"OK\")]"}
COMMAND: POST /session/f7ba017eaa8b816e24f68d76f73d024d/element/f.7D4F3E7B3A7890F64A3201E4749DC685.d.F1CAB52E4C67CE221CEB5953868769BA.e.8952/click - {}
RESULT: {}
COMMAND: GET /session/f7ba017eaa8b816e24f68d76f73d024d/screenshot - {}
RESULT: {}
COMMAND: POST /session/f7ba017eaa8b816e24f68d76f73d024d/execute/async - {"script":"<script> [1562 bytes]","args":[{"selector":{"id":"application-manageresources-display-component---newResourceUnit--newRRUPage-anchBar-application-manageresources-display-component---newResourceUnit--resource-anchor","interaction":{"idSuffix":"BDI-content"}},"wdio_ui5_key":"applicationmanageresources-display-component---newResourceUnit--newRRUPage-anchBar-application-manageresources-display-component---newResourceUnit--resource-anchor"}]}
RESULT: {"script":"<script> [1562 bytes]","args":[{"selector":{"id":"application-manageresources-display-component---newResourceUnit--newRRUPage-anchBar-application-manageresources-display-component---newResourceUnit--resource-anchor","interaction":{"idSuffix":"BDI-content"}},"wdio_ui5_key":"applicationmanageresources-display-component---newResourceUnit--newRRUPage-anchBar-application-manageresources-display-component---newResourceUnit--resource-anchor"}]}
RESULT: undefined
COMMAND: POST /session/f7ba017eaa8b816e24f68d76f73d024d/element - {"using":"xpath","value":"//*[@id=\"application-manageresources-display-component---newResourceUnit--newRRUPage-anchBar-application-manageresources-display-component---newResourceUnit--resource-anchor\"]"}
RESULT: {"using":"xpath","value":"//*[@id=\"application-manageresources-display-component---newResourceUnit--newRRUPage-anchBar-application-manageresources-display-component---newResourceUnit--resource-anchor\"]"}
COMMAND: POST /session/f7ba017eaa8b816e24f68d76f73d024d/element/f.7D4F3E7B3A7890F64A3201E4749DC685.d.F1CAB52E4C67CE221CEB5953868769BA.e.8956/click - {}
RESULT: {}
COMMAND: POST /session/f7ba017eaa8b816e24f68d76f73d024d/execute/async - {"script":"<script> [1562 bytes]","args":[{"selector":{"id":"application-manageresources-display-component---newResourceUnit--PLANNED_DELIVERY_DATE","interaction":{"idSuffix":"inner"}},"wdio_ui5_key":"applicationmanageresources-display-component---newResourceUnit--PLANNED_DELIVERY_DATE"}]}
COMMAND: GET /session/f7ba017eaa8b816e24f68d76f73d024d/screenshot - {}
RESULT: {"script":"<script> [1562 bytes]","args":[{"selector":{"id":"application-manageresources-display-component---newResourceUnit--PLANNED_DELIVERY_DATE","interaction":{"idSuffix":"inner"}},"wdio_ui5_key":"applicationmanageresources-display-component---newResourceUnit--PLANNED_DELIVERY_DATE"}]}
RESULT: undefined
COMMAND: POST /session/f7ba017eaa8b816e24f68d76f73d024d/execute/async - {"script":"<script> [6424 bytes]","args":[{"element-6066-11e4-a52e-4f735466cecf":"f.7D4F3E7B3A7890F64A3201E4749DC685.d.F1CAB52E4C67CE221CEB5953868769BA.e.8788"},"setValue",["6/12/25"]]}
RESULT: {}
RESULT: {"script":"<script> [6424 bytes]","args":[{"element-6066-11e4-a52e-4f735466cecf":"f.7D4F3E7B3A7890F64A3201E4749DC685.d.F1CAB52E4C67CE221CEB5953868769BA.e.8788"},"setValue",["6/12/25"]]}
COMMAND: POST /session/f7ba017eaa8b816e24f68d76f73d024d/element - {"using":"xpath","value":"//label[contains(@class, 'sapMLabelRequired') and .//bdi[contains(text(), 'Planned Retirement')]]"}
RESULT: {"using":"xpath","value":"//label[contains(@class, 'sapMLabelRequired') and .//bdi[contains(text(), 'Planned Retirement')]]"}
COMMAND: POST /session/f7ba017eaa8b816e24f68d76f73d024d/elements - {"using":"xpath","value":"//label[contains(@class, 'sapMLabelRequired') and .//bdi[contains(text(), 'Planned Retirement')]]"}
RESULT: {"using":"xpath","value":"//label[contains(@class, 'sapMLabelRequired') and .//bdi[contains(text(), 'Planned Retirement')]]"}
COMMAND: POST /session/f7ba017eaa8b816e24f68d76f73d024d/element - {"using":"xpath","value":"//button[@data-kt=\"resourceUnitSaveButton\"]"}
RESULT: {"using":"xpath","value":"//button[@data-kt=\"resourceUnitSaveButton\"]"}
COMMAND: POST /session/f7ba017eaa8b816e24f68d76f73d024d/element/f.7D4F3E7B3A7890F64A3201E4749DC685.d.F1CAB52E4C67CE221CEB5953868769BA.e.8747/click - {}
RESULT: {}
COMMAND: GET /session/f7ba017eaa8b816e24f68d76f73d024d/screenshot - {}
RESULT: {}
COMMAND: POST /session/f7ba017eaa8b816e24f68d76f73d024d/element - {"using":"xpath","value":"//bdi[contains(text(), \"Close\")]"}
RESULT: {"using":"xpath","value":"//bdi[contains(text(), \"Close\")]"}
COMMAND: POST /session/f7ba017eaa8b816e24f68d76f73d024d/element/f.7D4F3E7B3A7890F64A3201E4749DC685.d.F1CAB52E4C67CE221CEB5953868769BA.e.8964/click - {}
RESULT: {}
COMMAND: GET /session/f7ba017eaa8b816e24f68d76f73d024d/screenshot - {}
RESULT: {}
COMMAND: POST /session/f7ba017eaa8b816e24f68d76f73d024d/element - {"using":"xpath","value":"(//button[contains(@id ,\"actionsToolbar-overflowButton\")])[1]"}
RESULT: {"using":"xpath","value":"(//button[contains(@id ,\"actionsToolbar-overflowButton\")])[1]"}
COMMAND: POST /session/f7ba017eaa8b816e24f68d76f73d024d/element/f.7D4F3E7B3A7890F64A3201E4749DC685.d.F1CAB52E4C67CE221CEB5953868769BA.e.8998/click - {}
RESULT: {}
COMMAND: GET /session/f7ba017eaa8b816e24f68d76f73d024d/screenshot - {}
RESULT: {}
COMMAND: POST /session/f7ba017eaa8b816e24f68d76f73d024d/element - {"using":"xpath","value":"//button[@data-kt=\"priceInfoButton\"]"}
RESULT: {"using":"xpath","value":"//button[@data-kt=\"priceInfoButton\"]"}
COMMAND: POST /session/f7ba017eaa8b816e24f68d76f73d024d/element/f.7D4F3E7B3A7890F64A3201E4749DC685.d.F1CAB52E4C67CE221CEB5953868769BA.e.9000/click - {}
RESULT: {}
COMMAND: GET /session/f7ba017eaa8b816e24f68d76f73d024d/screenshot - {}
]]></system-out>
    </testcase>
    <testcase classname="chrome.137_0_7151_69.windows.Billing_Transfer_-_Intracompany_US127249" name="Should create a pricing procedure" time="56.097">
      <system-out><![CDATA[
COMMAND: POST /session/f7ba017eaa8b816e24f68d76f73d024d/element - {"using":"xpath","value":"//button[@data-kt=\"addButton\"]"}
RESULT: {}
RESULT: {"using":"xpath","value":"//button[@data-kt=\"addButton\"]"}
COMMAND: POST /session/f7ba017eaa8b816e24f68d76f73d024d/elements - {"using":"xpath","value":"//button[@data-kt=\"addButton\"]"}
RESULT: {"using":"xpath","value":"//button[@data-kt=\"addButton\"]"}
COMMAND: POST /session/f7ba017eaa8b816e24f68d76f73d024d/execute/sync - {"script":"<script> [8489 bytes]","args":[{"element-6066-11e4-a52e-4f735466cecf":"f.7D4F3E7B3A7890F64A3201E4749DC685.d.F1CAB52E4C67CE221CEB5953868769BA.e.9046","ELEMENT":"f.7D4F3E7B3A7890F64A3201E4749DC685.d.F1CAB52E4C67CE221CEB5953868769BA.e.9046"}]}
RESULT: {"script":"<script> [8489 bytes]","args":[{"element-6066-11e4-a52e-4f735466cecf":"f.7D4F3E7B3A7890F64A3201E4749DC685.d.F1CAB52E4C67CE221CEB5953868769BA.e.9046","ELEMENT":"f.7D4F3E7B3A7890F64A3201E4749DC685.d.F1CAB52E4C67CE221CEB5953868769BA.e.9046"}]}
COMMAND: GET /session/f7ba017eaa8b816e24f68d76f73d024d/element/f.7D4F3E7B3A7890F64A3201E4749DC685.d.F1CAB52E4C67CE221CEB5953868769BA.e.9046/enabled - {}
COMMAND: GET /session/f7ba017eaa8b816e24f68d76f73d024d/screenshot - {}
RESULT: {}
COMMAND: POST /session/f7ba017eaa8b816e24f68d76f73d024d/execute/sync - {"script":"<script> [8489 bytes]","args":[{"element-6066-11e4-a52e-4f735466cecf":"f.7D4F3E7B3A7890F64A3201E4749DC685.d.F1CAB52E4C67CE221CEB5953868769BA.e.9046","ELEMENT":"f.7D4F3E7B3A7890F64A3201E4749DC685.d.F1CAB52E4C67CE221CEB5953868769BA.e.9046"}]}
COMMAND: GET /session/f7ba017eaa8b816e24f68d76f73d024d/screenshot - {}
RESULT: {}
RESULT: {"script":"<script> [8489 bytes]","args":[{"element-6066-11e4-a52e-4f735466cecf":"f.7D4F3E7B3A7890F64A3201E4749DC685.d.F1CAB52E4C67CE221CEB5953868769BA.e.9046","ELEMENT":"f.7D4F3E7B3A7890F64A3201E4749DC685.d.F1CAB52E4C67CE221CEB5953868769BA.e.9046"}]}
COMMAND: POST /session/f7ba017eaa8b816e24f68d76f73d024d/execute/sync - {"script":"<script> [5351 bytes]","args":[{"element-6066-11e4-a52e-4f735466cecf":"f.7D4F3E7B3A7890F64A3201E4749DC685.d.F1CAB52E4C67CE221CEB5953868769BA.e.9046","ELEMENT":"f.7D4F3E7B3A7890F64A3201E4749DC685.d.F1CAB52E4C67CE221CEB5953868769BA.e.9046"}]}
COMMAND: GET /session/f7ba017eaa8b816e24f68d76f73d024d/screenshot - {}
RESULT: {}
RESULT: {"script":"<script> [5351 bytes]","args":[{"element-6066-11e4-a52e-4f735466cecf":"f.7D4F3E7B3A7890F64A3201E4749DC685.d.F1CAB52E4C67CE221CEB5953868769BA.e.9046","ELEMENT":"f.7D4F3E7B3A7890F64A3201E4749DC685.d.F1CAB52E4C67CE221CEB5953868769BA.e.9046"}]}
COMMAND: POST /session/f7ba017eaa8b816e24f68d76f73d024d/element/f.7D4F3E7B3A7890F64A3201E4749DC685.d.F1CAB52E4C67CE221CEB5953868769BA.e.9046/click - {}
COMMAND: GET /session/f7ba017eaa8b816e24f68d76f73d024d/screenshot - {}
RESULT: {}
RESULT: {}
COMMAND: GET /session/f7ba017eaa8b816e24f68d76f73d024d/screenshot - {}
RESULT: {}
RESULT: {}
COMMAND: POST /session/f7ba017eaa8b816e24f68d76f73d024d/execute/async - {"script":"<script> [1562 bytes]","args":[{"selector":{"controlType":"sap.m.Title","viewName":"etm.portal.ui.managepricingrules.view.NewItem","viewId":"application-managepricingrules-display-component---newInfoPriceItem","properties":{"text":"New Pricing Rules - Item Level"}},"wdio_ui5_key":"etmportal.ui.managepricingrules.view.NewItemsap.m.Title{\"text\":\"New Pricing Rules - Item Level\"}"}]}
RESULT: {"script":"<script> [1562 bytes]","args":[{"selector":{"controlType":"sap.m.Title","viewName":"etm.portal.ui.managepricingrules.view.NewItem","viewId":"application-managepricingrules-display-component---newInfoPriceItem","properties":{"text":"New Pricing Rules - Item Level"}},"wdio_ui5_key":"etmportal.ui.managepricingrules.view.NewItemsap.m.Title{\"text\":\"New Pricing Rules - Item Level\"}"}]}
RESULT: undefined
COMMAND: POST /session/f7ba017eaa8b816e24f68d76f73d024d/execute/async - {"script":"<script> [6424 bytes]","args":[{"element-6066-11e4-a52e-4f735466cecf":"f.7D4F3E7B3A7890F64A3201E4749DC685.d.F1CAB52E4C67CE221CEB5953868769BA.e.9231"},"getText",[]]}
RESULT: {"script":"<script> [6424 bytes]","args":[{"element-6066-11e4-a52e-4f735466cecf":"f.7D4F3E7B3A7890F64A3201E4749DC685.d.F1CAB52E4C67CE221CEB5953868769BA.e.9231"},"getText",[]]}
COMMAND: POST /session/f7ba017eaa8b816e24f68d76f73d024d/execute/async - {"script":"<script> [1562 bytes]","args":[{"selector":{"id":"application-managepricingrules-display-component---newInfoPriceItem--condValidTo","interaction":{"idSuffix":"inner"}},"wdio_ui5_key":"applicationmanagepricingrules-display-component---newInfoPriceItem--condValidTo"}]}
RESULT: {"script":"<script> [1562 bytes]","args":[{"selector":{"id":"application-managepricingrules-display-component---newInfoPriceItem--condValidTo","interaction":{"idSuffix":"inner"}},"wdio_ui5_key":"applicationmanagepricingrules-display-component---newInfoPriceItem--condValidTo"}]}
RESULT: undefined
COMMAND: POST /session/f7ba017eaa8b816e24f68d76f73d024d/execute/async - {"script":"<script> [776 bytes]","args":[{"enterText":"2/12/26","selector":{"id":"application-managepricingrules-display-component---newInfoPriceItem--condValidTo","interaction":{"idSuffix":"inner"}},"clearTextFirst":true,"interactionType":"ENTER_TEXT"}]}
RESULT: {"script":"<script> [776 bytes]","args":[{"enterText":"2/12/26","selector":{"id":"application-managepricingrules-display-component---newInfoPriceItem--condValidTo","interaction":{"idSuffix":"inner"}},"clearTextFirst":true,"interactionType":"ENTER_TEXT"}]}
COMMAND: POST /session/f7ba017eaa8b816e24f68d76f73d024d/execute/async - {"script":"<script> [1562 bytes]","args":[{"selector":{"id":"application-managepricingrules-display-component---newInfoPriceItem--billType-arrow"},"wdio_ui5_key":"applicationmanagepricingrules-display-component---newInfoPriceItem--billType-arrow"}]}
RESULT: {"script":"<script> [1562 bytes]","args":[{"selector":{"id":"application-managepricingrules-display-component---newInfoPriceItem--billType-arrow"},"wdio_ui5_key":"applicationmanagepricingrules-display-component---newInfoPriceItem--billType-arrow"}]}
RESULT: undefined
COMMAND: POST /session/f7ba017eaa8b816e24f68d76f73d024d/element - {"using":"xpath","value":"//*[@id=\"application-managepricingrules-display-component---newInfoPriceItem--billType-arrow\"]"}
RESULT: {"using":"xpath","value":"//*[@id=\"application-managepricingrules-display-component---newInfoPriceItem--billType-arrow\"]"}
COMMAND: POST /session/f7ba017eaa8b816e24f68d76f73d024d/element/f.7D4F3E7B3A7890F64A3201E4749DC685.d.F1CAB52E4C67CE221CEB5953868769BA.e.9190/click - {}
RESULT: {}
COMMAND: POST /session/f7ba017eaa8b816e24f68d76f73d024d/element - {"using":"xpath","value":"//span[contains(text(), \"TB - Time based\")]"}
COMMAND: GET /session/f7ba017eaa8b816e24f68d76f73d024d/screenshot - {}
RESULT: {"using":"xpath","value":"//span[contains(text(), \"TB - Time based\")]"}
COMMAND: POST /session/f7ba017eaa8b816e24f68d76f73d024d/element/f.7D4F3E7B3A7890F64A3201E4749DC685.d.F1CAB52E4C67CE221CEB5953868769BA.e.9233/click - {}
RESULT: {}
RESULT: {}
COMMAND: POST /session/f7ba017eaa8b816e24f68d76f73d024d/execute/async - {"script":"<script> [1562 bytes]","args":[{"selector":{"id":"application-managepricingrules-display-component---newInfoPriceItem--priceProc-arrow"},"wdio_ui5_key":"applicationmanagepricingrules-display-component---newInfoPriceItem--priceProc-arrow"}]}
COMMAND: GET /session/f7ba017eaa8b816e24f68d76f73d024d/screenshot - {}
RESULT: {"script":"<script> [1562 bytes]","args":[{"selector":{"id":"application-managepricingrules-display-component---newInfoPriceItem--priceProc-arrow"},"wdio_ui5_key":"applicationmanagepricingrules-display-component---newInfoPriceItem--priceProc-arrow"}]}
RESULT: undefined
COMMAND: POST /session/f7ba017eaa8b816e24f68d76f73d024d/element - {"using":"xpath","value":"//*[@id=\"application-managepricingrules-display-component---newInfoPriceItem--priceProc-arrow\"]"}
RESULT: {}
RESULT: {"using":"xpath","value":"//*[@id=\"application-managepricingrules-display-component---newInfoPriceItem--priceProc-arrow\"]"}
COMMAND: POST /session/f7ba017eaa8b816e24f68d76f73d024d/element/f.7D4F3E7B3A7890F64A3201E4749DC685.d.F1CAB52E4C67CE221CEB5953868769BA.e.9197/click - {}
RESULT: {}
COMMAND: POST /session/f7ba017eaa8b816e24f68d76f73d024d/element - {"using":"xpath","value":"//span[contains(text(), \"TBS - Time based standard\")]"}
COMMAND: GET /session/f7ba017eaa8b816e24f68d76f73d024d/screenshot - {}
RESULT: {"using":"xpath","value":"//span[contains(text(), \"TBS - Time based standard\")]"}
COMMAND: POST /session/f7ba017eaa8b816e24f68d76f73d024d/element/f.7D4F3E7B3A7890F64A3201E4749DC685.d.F1CAB52E4C67CE221CEB5953868769BA.e.9234/click - {}
RESULT: {}
RESULT: {}
COMMAND: POST /session/f7ba017eaa8b816e24f68d76f73d024d/execute/async - {"script":"<script> [1562 bytes]","args":[{"selector":{"id":"application-managepricingrules-display-component---newInfoPriceItem--calcBase-arrow"},"wdio_ui5_key":"applicationmanagepricingrules-display-component---newInfoPriceItem--calcBase-arrow"}]}
COMMAND: GET /session/f7ba017eaa8b816e24f68d76f73d024d/screenshot - {}
RESULT: {"script":"<script> [1562 bytes]","args":[{"selector":{"id":"application-managepricingrules-display-component---newInfoPriceItem--calcBase-arrow"},"wdio_ui5_key":"applicationmanagepricingrules-display-component---newInfoPriceItem--calcBase-arrow"}]}
RESULT: undefined
COMMAND: POST /session/f7ba017eaa8b816e24f68d76f73d024d/element - {"using":"xpath","value":"//*[@id=\"application-managepricingrules-display-component---newInfoPriceItem--calcBase-arrow\"]"}
RESULT: {}
RESULT: {"using":"xpath","value":"//*[@id=\"application-managepricingrules-display-component---newInfoPriceItem--calcBase-arrow\"]"}
COMMAND: POST /session/f7ba017eaa8b816e24f68d76f73d024d/element/f.7D4F3E7B3A7890F64A3201E4749DC685.d.F1CAB52E4C67CE221CEB5953868769BA.e.9204/click - {}
RESULT: {}
COMMAND: GET /session/f7ba017eaa8b816e24f68d76f73d024d/screenshot - {}
RESULT: {}
COMMAND: POST /session/f7ba017eaa8b816e24f68d76f73d024d/element - {"using":"xpath","value":"//span[contains(text(), \"0006 - TB(calendar days)\")]"}
RESULT: {"using":"xpath","value":"//span[contains(text(), \"0006 - TB(calendar days)\")]"}
COMMAND: POST /session/f7ba017eaa8b816e24f68d76f73d024d/element/f.7D4F3E7B3A7890F64A3201E4749DC685.d.F1CAB52E4C67CE221CEB5953868769BA.e.9235/click - {}
RESULT: {}
COMMAND: GET /session/f7ba017eaa8b816e24f68d76f73d024d/screenshot - {}
RESULT: {}
COMMAND: POST /session/f7ba017eaa8b816e24f68d76f73d024d/execute/async - {"script":"<script> [1562 bytes]","args":[{"selector":{"id":"application-managepricingrules-display-component---newInfoPriceItem--daysMonth","interaction":{"idSuffix":"inner"}},"wdio_ui5_key":"applicationmanagepricingrules-display-component---newInfoPriceItem--daysMonth"}]}
RESULT: {"script":"<script> [1562 bytes]","args":[{"selector":{"id":"application-managepricingrules-display-component---newInfoPriceItem--daysMonth","interaction":{"idSuffix":"inner"}},"wdio_ui5_key":"applicationmanagepricingrules-display-component---newInfoPriceItem--daysMonth"}]}
RESULT: undefined
COMMAND: POST /session/f7ba017eaa8b816e24f68d76f73d024d/execute/async - {"script":"<script> [776 bytes]","args":[{"enterText":"30","selector":{"id":"application-managepricingrules-display-component---newInfoPriceItem--daysMonth","interaction":{"idSuffix":"inner"}},"clearTextFirst":true,"interactionType":"ENTER_TEXT"}]}
RESULT: {"script":"<script> [776 bytes]","args":[{"enterText":"30","selector":{"id":"application-managepricingrules-display-component---newInfoPriceItem--daysMonth","interaction":{"idSuffix":"inner"}},"clearTextFirst":true,"interactionType":"ENTER_TEXT"}]}
COMMAND: POST /session/f7ba017eaa8b816e24f68d76f73d024d/element - {"using":"xpath","value":"//button[@data-kt=\"saveNewRuleButton\"]"}
RESULT: {"using":"xpath","value":"//button[@data-kt=\"saveNewRuleButton\"]"}
COMMAND: POST /session/f7ba017eaa8b816e24f68d76f73d024d/element/f.7D4F3E7B3A7890F64A3201E4749DC685.d.F1CAB52E4C67CE221CEB5953868769BA.e.9224/click - {}
RESULT: {}
COMMAND: GET /session/f7ba017eaa8b816e24f68d76f73d024d/screenshot - {}
RESULT: {}
COMMAND: POST /session/f7ba017eaa8b816e24f68d76f73d024d/execute/async - {"script":"<script> [1562 bytes]","args":[{"selector":{"id":"application-managepricingrules-display-component---priceInfoItem--smartFilterBar-btnBasicSearch","interaction":{"idSuffix":"I"}},"wdio_ui5_key":"applicationmanagepricingrules-display-component---priceInfoItem--smartFilterBar-btnBasicSearch"}]}
RESULT: {"script":"<script> [1562 bytes]","args":[{"selector":{"id":"application-managepricingrules-display-component---priceInfoItem--smartFilterBar-btnBasicSearch","interaction":{"idSuffix":"I"}},"wdio_ui5_key":"applicationmanagepricingrules-display-component---priceInfoItem--smartFilterBar-btnBasicSearch"}]}
RESULT: undefined
COMMAND: POST /session/f7ba017eaa8b816e24f68d76f73d024d/execute/async - {"script":"<script> [776 bytes]","args":[{"enterText":"fsi7oHLlPv","selector":{"id":"application-managepricingrules-display-component---priceInfoItem--smartFilterBar-btnBasicSearch","interaction":{"idSuffix":"I"}},"clearTextFirst":true,"interactionType":"ENTER_TEXT"}]}
RESULT: {"script":"<script> [776 bytes]","args":[{"enterText":"fsi7oHLlPv","selector":{"id":"application-managepricingrules-display-component---priceInfoItem--smartFilterBar-btnBasicSearch","interaction":{"idSuffix":"I"}},"clearTextFirst":true,"interactionType":"ENTER_TEXT"}]}
COMMAND: POST /session/f7ba017eaa8b816e24f68d76f73d024d/actions - {"actions":[{"id":"action31","type":"key","parameters":{},"actions":[{"type":"keyDown","value":"î€‡"},{"type":"pause","duration":10},{"type":"keyUp","value":"î€‡"}]}]}
RESULT: {"actions":[{"id":"action31","type":"key","parameters":{},"actions":[{"type":"keyDown","value":"î€‡"},{"type":"pause","duration":10},{"type":"keyUp","value":"î€‡"}]}]}
COMMAND: GET /session/f7ba017eaa8b816e24f68d76f73d024d/screenshot - {}
RESULT: {}
COMMAND: POST /session/f7ba017eaa8b816e24f68d76f73d024d/element - {"using":"xpath","value":"//span[@id=\"application-managepricingrules-display-component---priceInfoItem--smartTable-header-inner\"]"}
RESULT: {"using":"xpath","value":"//span[@id=\"application-managepricingrules-display-component---priceInfoItem--smartTable-header-inner\"]"}
COMMAND: POST /session/f7ba017eaa8b816e24f68d76f73d024d/elements - {"using":"xpath","value":"//span[@id=\"application-managepricingrules-display-component---priceInfoItem--smartTable-header-inner\"]"}
RESULT: {"using":"xpath","value":"//span[@id=\"application-managepricingrules-display-component---priceInfoItem--smartTable-header-inner\"]"}
COMMAND: POST /session/f7ba017eaa8b816e24f68d76f73d024d/execute/sync - {"script":"<script> [56 bytes]","args":[{"element-6066-11e4-a52e-4f735466cecf":"f.7D4F3E7B3A7890F64A3201E4749DC685.d.F1CAB52E4C67CE221CEB5953868769BA.e.9262","ELEMENT":"f.7D4F3E7B3A7890F64A3201E4749DC685.d.F1CAB52E4C67CE221CEB5953868769BA.e.9262"}]}
RESULT: {"script":"<script> [56 bytes]","args":[{"element-6066-11e4-a52e-4f735466cecf":"f.7D4F3E7B3A7890F64A3201E4749DC685.d.F1CAB52E4C67CE221CEB5953868769BA.e.9262","ELEMENT":"f.7D4F3E7B3A7890F64A3201E4749DC685.d.F1CAB52E4C67CE221CEB5953868769BA.e.9262"}]}
COMMAND: POST /session/f7ba017eaa8b816e24f68d76f73d024d/element - {"using":"css selector","value":"#shell-header-logo"}
COMMAND: GET /session/f7ba017eaa8b816e24f68d76f73d024d/screenshot - {}
RESULT: {"using":"css selector","value":"#shell-header-logo"}
COMMAND: POST /session/f7ba017eaa8b816e24f68d76f73d024d/element/f.7D4F3E7B3A7890F64A3201E4749DC685.d.F1CAB52E4C67CE221CEB5953868769BA.e.8343/click - {}
RESULT: {}
RESULT: {}
COMMAND: GET /session/f7ba017eaa8b816e24f68d76f73d024d/screenshot - {}
RESULT: {}
]]></system-out>
    </testcase>
    <testcase classname="chrome.137_0_7151_69.windows.Billing_Transfer_-_Intracompany_US127249" name="Should manage conditions" time="66.996">
      <system-out><![CDATA[
COMMAND: POST /session/f7ba017eaa8b816e24f68d76f73d024d/execute/async - {"script":"<script> [1562 bytes]","args":[{"selector":{"controlType":"sap.m.GenericTile","properties":{"header":"Manage Conditions & Prices"}},"wdio_ui5_key":"sapm.GenericTile{\"header\":\"Manage Conditions & Prices\"}"}]}
RESULT: {"script":"<script> [1562 bytes]","args":[{"selector":{"controlType":"sap.m.GenericTile","properties":{"header":"Manage Conditions & Prices"}},"wdio_ui5_key":"sapm.GenericTile{\"header\":\"Manage Conditions & Prices\"}"}]}
RESULT: undefined
COMMAND: POST /session/f7ba017eaa8b816e24f68d76f73d024d/element - {"using":"xpath","value":"//*[@id=\"__tile55\"]"}
RESULT: {"using":"xpath","value":"//*[@id=\"__tile55\"]"}
COMMAND: POST /session/f7ba017eaa8b816e24f68d76f73d024d/element/f.7D4F3E7B3A7890F64A3201E4749DC685.d.F1CAB52E4C67CE221CEB5953868769BA.e.6485/click - {}
RESULT: {}
COMMAND: GET /session/f7ba017eaa8b816e24f68d76f73d024d/screenshot - {}
RESULT: {}
COMMAND: POST /session/f7ba017eaa8b816e24f68d76f73d024d/elements - {"using":"xpath","value":"//span[text()='Error']"}
RESULT: {"using":"xpath","value":"//span[text()='Error']"}
COMMAND: POST /session/f7ba017eaa8b816e24f68d76f73d024d/element - {"using":"xpath","value":"//button[@aria-label=\"Create\"]"}
RESULT: {"using":"xpath","value":"//button[@aria-label=\"Create\"]"}
COMMAND: POST /session/f7ba017eaa8b816e24f68d76f73d024d/elements - {"using":"xpath","value":"//button[@aria-label=\"Create\"]"}
RESULT: {"using":"xpath","value":"//button[@aria-label=\"Create\"]"}
COMMAND: POST /session/f7ba017eaa8b816e24f68d76f73d024d/execute/sync - {"script":"<script> [8489 bytes]","args":[{"element-6066-11e4-a52e-4f735466cecf":"f.7D4F3E7B3A7890F64A3201E4749DC685.d.F1CAB52E4C67CE221CEB5953868769BA.e.9298","ELEMENT":"f.7D4F3E7B3A7890F64A3201E4749DC685.d.F1CAB52E4C67CE221CEB5953868769BA.e.9298"}]}
RESULT: {"script":"<script> [8489 bytes]","args":[{"element-6066-11e4-a52e-4f735466cecf":"f.7D4F3E7B3A7890F64A3201E4749DC685.d.F1CAB52E4C67CE221CEB5953868769BA.e.9298","ELEMENT":"f.7D4F3E7B3A7890F64A3201E4749DC685.d.F1CAB52E4C67CE221CEB5953868769BA.e.9298"}]}
COMMAND: GET /session/f7ba017eaa8b816e24f68d76f73d024d/element/f.7D4F3E7B3A7890F64A3201E4749DC685.d.F1CAB52E4C67CE221CEB5953868769BA.e.9298/enabled - {}
COMMAND: GET /session/f7ba017eaa8b816e24f68d76f73d024d/screenshot - {}
RESULT: {}
COMMAND: POST /session/f7ba017eaa8b816e24f68d76f73d024d/execute/sync - {"script":"<script> [8489 bytes]","args":[{"element-6066-11e4-a52e-4f735466cecf":"f.7D4F3E7B3A7890F64A3201E4749DC685.d.F1CAB52E4C67CE221CEB5953868769BA.e.9298","ELEMENT":"f.7D4F3E7B3A7890F64A3201E4749DC685.d.F1CAB52E4C67CE221CEB5953868769BA.e.9298"}]}
COMMAND: GET /session/f7ba017eaa8b816e24f68d76f73d024d/screenshot - {}
RESULT: {}
RESULT: {"script":"<script> [8489 bytes]","args":[{"element-6066-11e4-a52e-4f735466cecf":"f.7D4F3E7B3A7890F64A3201E4749DC685.d.F1CAB52E4C67CE221CEB5953868769BA.e.9298","ELEMENT":"f.7D4F3E7B3A7890F64A3201E4749DC685.d.F1CAB52E4C67CE221CEB5953868769BA.e.9298"}]}
COMMAND: POST /session/f7ba017eaa8b816e24f68d76f73d024d/execute/sync - {"script":"<script> [5351 bytes]","args":[{"element-6066-11e4-a52e-4f735466cecf":"f.7D4F3E7B3A7890F64A3201E4749DC685.d.F1CAB52E4C67CE221CEB5953868769BA.e.9298","ELEMENT":"f.7D4F3E7B3A7890F64A3201E4749DC685.d.F1CAB52E4C67CE221CEB5953868769BA.e.9298"}]}
COMMAND: GET /session/f7ba017eaa8b816e24f68d76f73d024d/screenshot - {}
RESULT: {}
RESULT: {"script":"<script> [5351 bytes]","args":[{"element-6066-11e4-a52e-4f735466cecf":"f.7D4F3E7B3A7890F64A3201E4749DC685.d.F1CAB52E4C67CE221CEB5953868769BA.e.9298","ELEMENT":"f.7D4F3E7B3A7890F64A3201E4749DC685.d.F1CAB52E4C67CE221CEB5953868769BA.e.9298"}]}
COMMAND: POST /session/f7ba017eaa8b816e24f68d76f73d024d/element/f.7D4F3E7B3A7890F64A3201E4749DC685.d.F1CAB52E4C67CE221CEB5953868769BA.e.9298/click - {}
COMMAND: GET /session/f7ba017eaa8b816e24f68d76f73d024d/screenshot - {}
RESULT: {}
RESULT: {}
COMMAND: GET /session/f7ba017eaa8b816e24f68d76f73d024d/screenshot - {}
RESULT: {}
RESULT: {}
COMMAND: POST /session/f7ba017eaa8b816e24f68d76f73d024d/actions - {"actions":[{"id":"action32","type":"key","parameters":{},"actions":[{"type":"keyDown","value":"î€‡"},{"type":"pause","duration":10},{"type":"keyUp","value":"î€‡"}]}]}
RESULT: {"actions":[{"id":"action32","type":"key","parameters":{},"actions":[{"type":"keyDown","value":"î€‡"},{"type":"pause","duration":10},{"type":"keyUp","value":"î€‡"}]}]}
COMMAND: GET /session/f7ba017eaa8b816e24f68d76f73d024d/screenshot - {}
RESULT: {}
COMMAND: POST /session/f7ba017eaa8b816e24f68d76f73d024d/execute/async - {"script":"<script> [1562 bytes]","args":[{"selector":{"id":"application-manageconditionprice-display-component---newCondition--condBillCond-arrow"},"wdio_ui5_key":"applicationmanageconditionprice-display-component---newCondition--condBillCond-arrow"}]}
RESULT: {"script":"<script> [1562 bytes]","args":[{"selector":{"id":"application-manageconditionprice-display-component---newCondition--condBillCond-arrow"},"wdio_ui5_key":"applicationmanageconditionprice-display-component---newCondition--condBillCond-arrow"}]}
RESULT: undefined
COMMAND: POST /session/f7ba017eaa8b816e24f68d76f73d024d/element - {"using":"xpath","value":"//*[@id=\"application-manageconditionprice-display-component---newCondition--condBillCond-arrow\"]"}
RESULT: {"using":"xpath","value":"//*[@id=\"application-manageconditionprice-display-component---newCondition--condBillCond-arrow\"]"}
COMMAND: POST /session/f7ba017eaa8b816e24f68d76f73d024d/element/f.7D4F3E7B3A7890F64A3201E4749DC685.d.F1CAB52E4C67CE221CEB5953868769BA.e.9478/click - {}
RESULT: {}
COMMAND: GET /session/f7ba017eaa8b816e24f68d76f73d024d/screenshot - {}
RESULT: {}
COMMAND: POST /session/f7ba017eaa8b816e24f68d76f73d024d/element - {"using":"xpath","value":"//li[.//span[contains(text(), \"DISP - D&I special price\")]]"}
RESULT: {"using":"xpath","value":"//li[.//span[contains(text(), \"DISP - D&I special price\")]]"}
COMMAND: POST /session/f7ba017eaa8b816e24f68d76f73d024d/element/f.7D4F3E7B3A7890F64A3201E4749DC685.d.F1CAB52E4C67CE221CEB5953868769BA.e.9481/click - {}
RESULT: {}
COMMAND: GET /session/f7ba017eaa8b816e24f68d76f73d024d/screenshot - {}
RESULT: {}
COMMAND: POST /session/f7ba017eaa8b816e24f68d76f73d024d/execute/async - {"script":"<script> [1562 bytes]","args":[{"selector":{"id":"application-manageconditionprice-display-component---newCondition--condValidTo","interaction":{"idSuffix":"inner"}},"wdio_ui5_key":"applicationmanageconditionprice-display-component---newCondition--condValidTo"}]}
RESULT: {"script":"<script> [1562 bytes]","args":[{"selector":{"id":"application-manageconditionprice-display-component---newCondition--condValidTo","interaction":{"idSuffix":"inner"}},"wdio_ui5_key":"applicationmanageconditionprice-display-component---newCondition--condValidTo"}]}
RESULT: undefined
COMMAND: POST /session/f7ba017eaa8b816e24f68d76f73d024d/execute/async - {"script":"<script> [776 bytes]","args":[{"enterText":"2/12/26","selector":{"id":"application-manageconditionprice-display-component---newCondition--condValidTo","interaction":{"idSuffix":"inner"}},"clearTextFirst":true,"interactionType":"ENTER_TEXT"}]}
RESULT: {"script":"<script> [776 bytes]","args":[{"enterText":"2/12/26","selector":{"id":"application-manageconditionprice-display-component---newCondition--condValidTo","interaction":{"idSuffix":"inner"}},"clearTextFirst":true,"interactionType":"ENTER_TEXT"}]}
COMMAND: POST /session/f7ba017eaa8b816e24f68d76f73d024d/element - {"using":"xpath","value":"//input[@id=\"application-manageconditionprice-display-component---newCondition--condRU-inner\"]"}
RESULT: {"using":"xpath","value":"//input[@id=\"application-manageconditionprice-display-component---newCondition--condRU-inner\"]"}
COMMAND: POST /session/f7ba017eaa8b816e24f68d76f73d024d/element/f.7D4F3E7B3A7890F64A3201E4749DC685.d.F1CAB52E4C67CE221CEB5953868769BA.e.9342/clear - {}
RESULT: {}
COMMAND: POST /session/f7ba017eaa8b816e24f68d76f73d024d/element/f.7D4F3E7B3A7890F64A3201E4749DC685.d.F1CAB52E4C67CE221CEB5953868769BA.e.9342/value - {"text":"fsi7oHLlPv"}
COMMAND: GET /session/f7ba017eaa8b816e24f68d76f73d024d/screenshot - {}
RESULT: {"text":"fsi7oHLlPv"}
COMMAND: GET /session/f7ba017eaa8b816e24f68d76f73d024d/screenshot - {}
RESULT: {}
RESULT: {}
COMMAND: POST /session/f7ba017eaa8b816e24f68d76f73d024d/actions - {"actions":[{"id":"action33","type":"key","parameters":{},"actions":[{"type":"keyDown","value":"î€‡"},{"type":"pause","duration":10},{"type":"keyUp","value":"î€‡"}]}]}
RESULT: {"actions":[{"id":"action33","type":"key","parameters":{},"actions":[{"type":"keyDown","value":"î€‡"},{"type":"pause","duration":10},{"type":"keyUp","value":"î€‡"}]}]}
COMMAND: POST /session/f7ba017eaa8b816e24f68d76f73d024d/execute/async - {"script":"<script> [1562 bytes]","args":[{"selector":{"id":"application-manageconditionprice-display-component---newCondition--condBaseQty","interaction":{"idSuffix":"inner"}},"wdio_ui5_key":"applicationmanageconditionprice-display-component---newCondition--condBaseQty"}]}
COMMAND: GET /session/f7ba017eaa8b816e24f68d76f73d024d/screenshot - {}
RESULT: {"script":"<script> [1562 bytes]","args":[{"selector":{"id":"application-manageconditionprice-display-component---newCondition--condBaseQty","interaction":{"idSuffix":"inner"}},"wdio_ui5_key":"applicationmanageconditionprice-display-component---newCondition--condBaseQty"}]}
RESULT: undefined
COMMAND: POST /session/f7ba017eaa8b816e24f68d76f73d024d/execute/async - {"script":"<script> [776 bytes]","args":[{"enterText":"1","selector":{"id":"application-manageconditionprice-display-component---newCondition--condBaseQty","interaction":{"idSuffix":"inner"}},"clearTextFirst":true,"interactionType":"ENTER_TEXT"}]}
RESULT: {}
RESULT: {"script":"<script> [776 bytes]","args":[{"enterText":"1","selector":{"id":"application-manageconditionprice-display-component---newCondition--condBaseQty","interaction":{"idSuffix":"inner"}},"clearTextFirst":true,"interactionType":"ENTER_TEXT"}]}
COMMAND: POST /session/f7ba017eaa8b816e24f68d76f73d024d/execute/async - {"script":"<script> [1562 bytes]","args":[{"selector":{"id":"application-manageconditionprice-display-component---newCondition--condValue","interaction":{"idSuffix":"inner"}},"wdio_ui5_key":"applicationmanageconditionprice-display-component---newCondition--condValue"}]}
RESULT: {"script":"<script> [1562 bytes]","args":[{"selector":{"id":"application-manageconditionprice-display-component---newCondition--condValue","interaction":{"idSuffix":"inner"}},"wdio_ui5_key":"applicationmanageconditionprice-display-component---newCondition--condValue"}]}
RESULT: undefined
COMMAND: POST /session/f7ba017eaa8b816e24f68d76f73d024d/execute/async - {"script":"<script> [776 bytes]","args":[{"enterText":"200","selector":{"id":"application-manageconditionprice-display-component---newCondition--condValue","interaction":{"idSuffix":"inner"}},"clearTextFirst":true,"interactionType":"ENTER_TEXT"}]}
RESULT: {"script":"<script> [776 bytes]","args":[{"enterText":"200","selector":{"id":"application-manageconditionprice-display-component---newCondition--condValue","interaction":{"idSuffix":"inner"}},"clearTextFirst":true,"interactionType":"ENTER_TEXT"}]}
COMMAND: POST /session/f7ba017eaa8b816e24f68d76f73d024d/execute/async - {"script":"<script> [1562 bytes]","args":[{"selector":{"id":"application-manageconditionprice-display-component---newCondition--condCurr-arrow"},"wdio_ui5_key":"applicationmanageconditionprice-display-component---newCondition--condCurr-arrow"}]}
RESULT: {"script":"<script> [1562 bytes]","args":[{"selector":{"id":"application-manageconditionprice-display-component---newCondition--condCurr-arrow"},"wdio_ui5_key":"applicationmanageconditionprice-display-component---newCondition--condCurr-arrow"}]}
RESULT: undefined
COMMAND: POST /session/f7ba017eaa8b816e24f68d76f73d024d/element - {"using":"xpath","value":"//*[@id=\"application-manageconditionprice-display-component---newCondition--condCurr-arrow\"]"}
RESULT: {"using":"xpath","value":"//*[@id=\"application-manageconditionprice-display-component---newCondition--condCurr-arrow\"]"}
COMMAND: POST /session/f7ba017eaa8b816e24f68d76f73d024d/element/f.7D4F3E7B3A7890F64A3201E4749DC685.d.F1CAB52E4C67CE221CEB5953868769BA.e.9460/click - {}
RESULT: {}
COMMAND: POST /session/f7ba017eaa8b816e24f68d76f73d024d/element - {"using":"xpath","value":"//span[contains(text(), \"Euro\")]"}
COMMAND: GET /session/f7ba017eaa8b816e24f68d76f73d024d/screenshot - {}
RESULT: {"using":"xpath","value":"//span[contains(text(), \"Euro\")]"}
COMMAND: POST /session/f7ba017eaa8b816e24f68d76f73d024d/element/f.7D4F3E7B3A7890F64A3201E4749DC685.d.F1CAB52E4C67CE221CEB5953868769BA.e.9519/click - {}
RESULT: {}
RESULT: {}
COMMAND: POST /session/f7ba017eaa8b816e24f68d76f73d024d/element - {"using":"xpath","value":"//button[@data-kt=\"saveButton\"]"}
COMMAND: GET /session/f7ba017eaa8b816e24f68d76f73d024d/screenshot - {}
RESULT: {"using":"xpath","value":"//button[@data-kt=\"saveButton\"]"}
COMMAND: POST /session/f7ba017eaa8b816e24f68d76f73d024d/element/f.7D4F3E7B3A7890F64A3201E4749DC685.d.F1CAB52E4C67CE221CEB5953868769BA.e.9461/click - {}
RESULT: {}
RESULT: {}
COMMAND: GET /session/f7ba017eaa8b816e24f68d76f73d024d/screenshot - {}
RESULT: {}
COMMAND: POST /session/f7ba017eaa8b816e24f68d76f73d024d/execute/async - {"script":"<script> [1562 bytes]","args":[{"selector":{"id":"application-manageconditionprice-display-component---conditions--smartFilterBar-btnBasicSearch","interaction":{"idSuffix":"I"}},"wdio_ui5_key":"applicationmanageconditionprice-display-component---conditions--smartFilterBar-btnBasicSearch"}]}
RESULT: {"script":"<script> [1562 bytes]","args":[{"selector":{"id":"application-manageconditionprice-display-component---conditions--smartFilterBar-btnBasicSearch","interaction":{"idSuffix":"I"}},"wdio_ui5_key":"applicationmanageconditionprice-display-component---conditions--smartFilterBar-btnBasicSearch"}]}
RESULT: undefined
COMMAND: POST /session/f7ba017eaa8b816e24f68d76f73d024d/execute/async - {"script":"<script> [776 bytes]","args":[{"enterText":"fsi7oHLlPv","selector":{"id":"application-manageconditionprice-display-component---conditions--smartFilterBar-btnBasicSearch","interaction":{"idSuffix":"I"}},"clearTextFirst":true,"interactionType":"ENTER_TEXT"}]}
RESULT: {"script":"<script> [776 bytes]","args":[{"enterText":"fsi7oHLlPv","selector":{"id":"application-manageconditionprice-display-component---conditions--smartFilterBar-btnBasicSearch","interaction":{"idSuffix":"I"}},"clearTextFirst":true,"interactionType":"ENTER_TEXT"}]}
COMMAND: POST /session/f7ba017eaa8b816e24f68d76f73d024d/actions - {"actions":[{"id":"action34","type":"key","parameters":{},"actions":[{"type":"keyDown","value":"î€‡"},{"type":"pause","duration":10},{"type":"keyUp","value":"î€‡"}]}]}
RESULT: {"actions":[{"id":"action34","type":"key","parameters":{},"actions":[{"type":"keyDown","value":"î€‡"},{"type":"pause","duration":10},{"type":"keyUp","value":"î€‡"}]}]}
COMMAND: GET /session/f7ba017eaa8b816e24f68d76f73d024d/screenshot - {}
RESULT: {}
COMMAND: POST /session/f7ba017eaa8b816e24f68d76f73d024d/execute/async - {"script":"<script> [1562 bytes]","args":[{"selector":{"id":"application-manageconditionprice-display-component---conditions--smartFilterBar-filterItemControl_BASIC-BILL_TYPES-vhi"},"wdio_ui5_key":"applicationmanageconditionprice-display-component---conditions--smartFilterBar-filterItemControl_BASIC-BILL_TYPES-vhi"}]}
RESULT: {"script":"<script> [1562 bytes]","args":[{"selector":{"id":"application-manageconditionprice-display-component---conditions--smartFilterBar-filterItemControl_BASIC-BILL_TYPES-vhi"},"wdio_ui5_key":"applicationmanageconditionprice-display-component---conditions--smartFilterBar-filterItemControl_BASIC-BILL_TYPES-vhi"}]}
RESULT: undefined
COMMAND: POST /session/f7ba017eaa8b816e24f68d76f73d024d/element - {"using":"xpath","value":"//*[@id=\"application-manageconditionprice-display-component---conditions--smartFilterBar-filterItemControl_BASIC-BILL_TYPES-vhi\"]"}
RESULT: {"using":"xpath","value":"//*[@id=\"application-manageconditionprice-display-component---conditions--smartFilterBar-filterItemControl_BASIC-BILL_TYPES-vhi\"]"}
COMMAND: POST /session/f7ba017eaa8b816e24f68d76f73d024d/element/f.7D4F3E7B3A7890F64A3201E4749DC685.d.F1CAB52E4C67CE221CEB5953868769BA.e.9625/click - {}
RESULT: {}
COMMAND: POST /session/f7ba017eaa8b816e24f68d76f73d024d/execute/async - {"script":"<script> [1562 bytes]","args":[{"selector":{"id":"application-manageconditionprice-display-component---conditions--smartFilterBar-filterItemControl_BASIC-BILL_TYPES-valueHelpDialog-smartFilterBar-btnBasicSearch","searchOpenDialogs":true,"interaction":{"idSuffix":"I"}},"wdio_ui5_key":"applicationmanageconditionprice-display-component---conditions--smartFilterBar-filterItemControl_BASIC-BILL_TYPES-valueHelpDialog-smartFilterBar-btnBasicSearch"}]}
COMMAND: GET /session/f7ba017eaa8b816e24f68d76f73d024d/screenshot - {}
RESULT: {"script":"<script> [1562 bytes]","args":[{"selector":{"id":"application-manageconditionprice-display-component---conditions--smartFilterBar-filterItemControl_BASIC-BILL_TYPES-valueHelpDialog-smartFilterBar-btnBasicSearch","searchOpenDialogs":true,"interaction":{"idSuffix":"I"}},"wdio_ui5_key":"applicationmanageconditionprice-display-component---conditions--smartFilterBar-filterItemControl_BASIC-BILL_TYPES-valueHelpDialog-smartFilterBar-btnBasicSearch"}]}
RESULT: undefined
COMMAND: POST /session/f7ba017eaa8b816e24f68d76f73d024d/execute/async - {"script":"<script> [776 bytes]","args":[{"enterText":"TB","selector":{"id":"application-manageconditionprice-display-component---conditions--smartFilterBar-filterItemControl_BASIC-BILL_TYPES-valueHelpDialog-smartFilterBar-btnBasicSearch","searchOpenDialogs":true,"interaction":{"idSuffix":"I"}},"clearTextFirst":true,"interactionType":"ENTER_TEXT"}]}
RESULT: {}
RESULT: {"script":"<script> [776 bytes]","args":[{"enterText":"TB","selector":{"id":"application-manageconditionprice-display-component---conditions--smartFilterBar-filterItemControl_BASIC-BILL_TYPES-valueHelpDialog-smartFilterBar-btnBasicSearch","searchOpenDialogs":true,"interaction":{"idSuffix":"I"}},"clearTextFirst":true,"interactionType":"ENTER_TEXT"}]}
COMMAND: POST /session/f7ba017eaa8b816e24f68d76f73d024d/actions - {"actions":[{"id":"action35","type":"key","parameters":{},"actions":[{"type":"keyDown","value":"î€‡"},{"type":"pause","duration":10},{"type":"keyUp","value":"î€‡"}]}]}
RESULT: {"actions":[{"id":"action35","type":"key","parameters":{},"actions":[{"type":"keyDown","value":"î€‡"},{"type":"pause","duration":10},{"type":"keyUp","value":"î€‡"}]}]}
COMMAND: GET /session/f7ba017eaa8b816e24f68d76f73d024d/screenshot - {}
RESULT: {}
COMMAND: POST /session/f7ba017eaa8b816e24f68d76f73d024d/element - {"using":"xpath","value":"//div[contains(@id, 'application-manageconditionprice-display-component---conditions--smartFilterBar-filterItemControl_BASIC-BILL_TYPES-valueHelpDialog-table-rowsel0')]"}
RESULT: {"using":"xpath","value":"//div[contains(@id, 'application-manageconditionprice-display-component---conditions--smartFilterBar-filterItemControl_BASIC-BILL_TYPES-valueHelpDialog-table-rowsel0')]"}
COMMAND: POST /session/f7ba017eaa8b816e24f68d76f73d024d/element/f.7D4F3E7B3A7890F64A3201E4749DC685.d.F1CAB52E4C67CE221CEB5953868769BA.e.9635/click - {}
RESULT: {}
COMMAND: GET /session/f7ba017eaa8b816e24f68d76f73d024d/screenshot - {}
RESULT: {}
COMMAND: POST /session/f7ba017eaa8b816e24f68d76f73d024d/element - {"using":"xpath","value":"//bdi[contains(text(), \"OK\")]"}
RESULT: {"using":"xpath","value":"//bdi[contains(text(), \"OK\")]"}
COMMAND: POST /session/f7ba017eaa8b816e24f68d76f73d024d/element/f.7D4F3E7B3A7890F64A3201E4749DC685.d.F1CAB52E4C67CE221CEB5953868769BA.e.9637/click - {}
RESULT: {}
COMMAND: GET /session/f7ba017eaa8b816e24f68d76f73d024d/screenshot - {}
RESULT: {}
COMMAND: POST /session/f7ba017eaa8b816e24f68d76f73d024d/element - {"using":"xpath","value":"//span[@id=\"application-manageconditionprice-display-component---conditions--smartTable-header-inner\"]"}
RESULT: {"using":"xpath","value":"//span[@id=\"application-manageconditionprice-display-component---conditions--smartTable-header-inner\"]"}
COMMAND: POST /session/f7ba017eaa8b816e24f68d76f73d024d/elements - {"using":"xpath","value":"//span[@id=\"application-manageconditionprice-display-component---conditions--smartTable-header-inner\"]"}
RESULT: {"using":"xpath","value":"//span[@id=\"application-manageconditionprice-display-component---conditions--smartTable-header-inner\"]"}
COMMAND: POST /session/f7ba017eaa8b816e24f68d76f73d024d/execute/sync - {"script":"<script> [56 bytes]","args":[{"element-6066-11e4-a52e-4f735466cecf":"f.7D4F3E7B3A7890F64A3201E4749DC685.d.F1CAB52E4C67CE221CEB5953868769BA.e.9640","ELEMENT":"f.7D4F3E7B3A7890F64A3201E4749DC685.d.F1CAB52E4C67CE221CEB5953868769BA.e.9640"}]}
RESULT: {"script":"<script> [56 bytes]","args":[{"element-6066-11e4-a52e-4f735466cecf":"f.7D4F3E7B3A7890F64A3201E4749DC685.d.F1CAB52E4C67CE221CEB5953868769BA.e.9640","ELEMENT":"f.7D4F3E7B3A7890F64A3201E4749DC685.d.F1CAB52E4C67CE221CEB5953868769BA.e.9640"}]}
COMMAND: POST /session/f7ba017eaa8b816e24f68d76f73d024d/element - {"using":"css selector","value":"#shell-header-logo"}
COMMAND: GET /session/f7ba017eaa8b816e24f68d76f73d024d/screenshot - {}
RESULT: {"using":"css selector","value":"#shell-header-logo"}
COMMAND: POST /session/f7ba017eaa8b816e24f68d76f73d024d/element/f.7D4F3E7B3A7890F64A3201E4749DC685.d.F1CAB52E4C67CE221CEB5953868769BA.e.9266/click - {}
RESULT: {}
RESULT: {}
COMMAND: GET /session/f7ba017eaa8b816e24f68d76f73d024d/screenshot - {}
RESULT: {}
]]></system-out>
    </testcase>
  </testsuite>
  <testsuite timestamp="2025-06-12T17:57:59" time="644.633" tests="12" failures="6" errors="6" skipped="0">
    <properties>
      <property name="specId" value="0" />
      <property name="suiteName" value="Billing transfer US117289" />
      <property name="capabilities" value="chrome.137_0_7151_69.windows" />
      <property name="file" value="file:///D:/a/1/s/test/specs/BTS/billing-transfer.spec.js" />
    </properties>
    <testcase classname="chrome.137_0_7151_69.windows.Billing_transfer_US117289" name="Should create a new yard" time="0.012">
      <system-out><![CDATA[
COMMAND: POST /session/f7ba017eaa8b816e24f68d76f73d024d/window/fullscreen - {}
RESULT: {}
]]></system-out>
    </testcase>
    <testcase classname="chrome.137_0_7151_69.windows.Billing_transfer_US117289" name="Should create a new partner" time="0.003" />
    <testcase classname="chrome.137_0_7151_69.windows.Billing_transfer_US117289" name="Should create a new site" time="0.001" />
    <testcase classname="chrome.137_0_7151_69.windows.Billing_transfer_US117289" name="Should create a new equipment" time="138.368">
      <system-out><![CDATA[
COMMAND: POST /session/f7ba017eaa8b816e24f68d76f73d024d/execute/async - {"script":"<script> [1562 bytes]","args":[{"selector":{"controlType":"sap.m.GenericTile","properties":{"header":"Manage Resources"}},"wdio_ui5_key":"sapm.GenericTile{\"header\":\"Manage Resources\"}"}]}
RESULT: {"script":"<script> [1562 bytes]","args":[{"selector":{"controlType":"sap.m.GenericTile","properties":{"header":"Manage Resources"}},"wdio_ui5_key":"sapm.GenericTile{\"header\":\"Manage Resources\"}"}]}
RESULT: undefined
COMMAND: POST /session/f7ba017eaa8b816e24f68d76f73d024d/element - {"using":"xpath","value":"//*[@id=\"__tile40\"]"}
RESULT: {"using":"xpath","value":"//*[@id=\"__tile40\"]"}
COMMAND: POST /session/f7ba017eaa8b816e24f68d76f73d024d/element/f.7D4F3E7B3A7890F64A3201E4749DC685.d.BC03315827B433730CDA5E3C055755A7.e.10428/click - {}
RESULT: {}
COMMAND: GET /session/f7ba017eaa8b816e24f68d76f73d024d/screenshot - {}
RESULT: {}
COMMAND: POST /session/f7ba017eaa8b816e24f68d76f73d024d/elements - {"using":"xpath","value":"//span[text()='Error']"}
RESULT: {"using":"xpath","value":"//span[text()='Error']"}
COMMAND: POST /session/f7ba017eaa8b816e24f68d76f73d024d/element - {"using":"xpath","value":"//button[@data-kt=\"addNewRUOverflowToolbarButton\"]"}
RESULT: {"using":"xpath","value":"//button[@data-kt=\"addNewRUOverflowToolbarButton\"]"}
COMMAND: POST /session/f7ba017eaa8b816e24f68d76f73d024d/elements - {"using":"xpath","value":"//button[@data-kt=\"addNewRUOverflowToolbarButton\"]"}
RESULT: {"using":"xpath","value":"//button[@data-kt=\"addNewRUOverflowToolbarButton\"]"}
COMMAND: POST /session/f7ba017eaa8b816e24f68d76f73d024d/elements - {"using":"xpath","value":"//button[@data-kt=\"addNewRUOverflowToolbarButton\"]"}
RESULT: {"using":"xpath","value":"//button[@data-kt=\"addNewRUOverflowToolbarButton\"]"}
COMMAND: POST /session/f7ba017eaa8b816e24f68d76f73d024d/element - {"using":"xpath","value":"//button[@data-kt=\"addNewRUOverflowToolbarButton\"]"}
RESULT: {"using":"xpath","value":"//button[@data-kt=\"addNewRUOverflowToolbarButton\"]"}
COMMAND: POST /session/f7ba017eaa8b816e24f68d76f73d024d/execute/sync - {"script":"<script> [8489 bytes]","args":[{"element-6066-11e4-a52e-4f735466cecf":"f.7D4F3E7B3A7890F64A3201E4749DC685.d.BC03315827B433730CDA5E3C055755A7.e.10566","ELEMENT":"f.7D4F3E7B3A7890F64A3201E4749DC685.d.BC03315827B433730CDA5E3C055755A7.e.10566"}]}
RESULT: {"script":"<script> [8489 bytes]","args":[{"element-6066-11e4-a52e-4f735466cecf":"f.7D4F3E7B3A7890F64A3201E4749DC685.d.BC03315827B433730CDA5E3C055755A7.e.10566","ELEMENT":"f.7D4F3E7B3A7890F64A3201E4749DC685.d.BC03315827B433730CDA5E3C055755A7.e.10566"}]}
COMMAND: GET /session/f7ba017eaa8b816e24f68d76f73d024d/element/f.7D4F3E7B3A7890F64A3201E4749DC685.d.BC03315827B433730CDA5E3C055755A7.e.10566/enabled - {}
COMMAND: GET /session/f7ba017eaa8b816e24f68d76f73d024d/screenshot - {}
RESULT: {}
COMMAND: POST /session/f7ba017eaa8b816e24f68d76f73d024d/execute/sync - {"script":"<script> [8489 bytes]","args":[{"element-6066-11e4-a52e-4f735466cecf":"f.7D4F3E7B3A7890F64A3201E4749DC685.d.BC03315827B433730CDA5E3C055755A7.e.10566","ELEMENT":"f.7D4F3E7B3A7890F64A3201E4749DC685.d.BC03315827B433730CDA5E3C055755A7.e.10566"}]}
COMMAND: GET /session/f7ba017eaa8b816e24f68d76f73d024d/screenshot - {}
RESULT: {}
RESULT: {"script":"<script> [8489 bytes]","args":[{"element-6066-11e4-a52e-4f735466cecf":"f.7D4F3E7B3A7890F64A3201E4749DC685.d.BC03315827B433730CDA5E3C055755A7.e.10566","ELEMENT":"f.7D4F3E7B3A7890F64A3201E4749DC685.d.BC03315827B433730CDA5E3C055755A7.e.10566"}]}
COMMAND: POST /session/f7ba017eaa8b816e24f68d76f73d024d/execute/sync - {"script":"<script> [5351 bytes]","args":[{"element-6066-11e4-a52e-4f735466cecf":"f.7D4F3E7B3A7890F64A3201E4749DC685.d.BC03315827B433730CDA5E3C055755A7.e.10566","ELEMENT":"f.7D4F3E7B3A7890F64A3201E4749DC685.d.BC03315827B433730CDA5E3C055755A7.e.10566"}]}
COMMAND: GET /session/f7ba017eaa8b816e24f68d76f73d024d/screenshot - {}
RESULT: {}
RESULT: {"script":"<script> [5351 bytes]","args":[{"element-6066-11e4-a52e-4f735466cecf":"f.7D4F3E7B3A7890F64A3201E4749DC685.d.BC03315827B433730CDA5E3C055755A7.e.10566","ELEMENT":"f.7D4F3E7B3A7890F64A3201E4749DC685.d.BC03315827B433730CDA5E3C055755A7.e.10566"}]}
COMMAND: POST /session/f7ba017eaa8b816e24f68d76f73d024d/element/f.7D4F3E7B3A7890F64A3201E4749DC685.d.BC03315827B433730CDA5E3C055755A7.e.10566/click - {}
COMMAND: GET /session/f7ba017eaa8b816e24f68d76f73d024d/screenshot - {}
RESULT: {}
RESULT: {}
COMMAND: GET /session/f7ba017eaa8b816e24f68d76f73d024d/screenshot - {}
RESULT: {}
COMMAND: POST /session/f7ba017eaa8b816e24f68d76f73d024d/execute/async - {"script":"<script> [1562 bytes]","args":[{"selector":{"id":"application-manageresources-display-component---newResourceUnit--TYPE-arrow"},"wdio_ui5_key":"applicationmanageresources-display-component---newResourceUnit--TYPE-arrow"}]}
RESULT: {}
RESULT: {"script":"<script> [1562 bytes]","args":[{"selector":{"id":"application-manageresources-display-component---newResourceUnit--TYPE-arrow"},"wdio_ui5_key":"applicationmanageresources-display-component---newResourceUnit--TYPE-arrow"}]}
RESULT: undefined
COMMAND: POST /session/f7ba017eaa8b816e24f68d76f73d024d/element - {"using":"xpath","value":"//*[@id=\"application-manageresources-display-component---newResourceUnit--TYPE-arrow\"]"}
RESULT: {"using":"xpath","value":"//*[@id=\"application-manageresources-display-component---newResourceUnit--TYPE-arrow\"]"}
COMMAND: POST /session/f7ba017eaa8b816e24f68d76f73d024d/element/f.7D4F3E7B3A7890F64A3201E4749DC685.d.BC03315827B433730CDA5E3C055755A7.e.10928/click - {}
RESULT: {}
COMMAND: POST /session/f7ba017eaa8b816e24f68d76f73d024d/element - {"using":"xpath","value":"//input[@id=\"application-manageresources-display-component---newResourceUnit--TYPE-inner\"]"}
COMMAND: GET /session/f7ba017eaa8b816e24f68d76f73d024d/screenshot - {}
RESULT: {"using":"xpath","value":"//input[@id=\"application-manageresources-display-component---newResourceUnit--TYPE-inner\"]"}
COMMAND: POST /session/f7ba017eaa8b816e24f68d76f73d024d/element/f.7D4F3E7B3A7890F64A3201E4749DC685.d.BC03315827B433730CDA5E3C055755A7.e.10924/clear - {}
RESULT: {}
RESULT: {}
COMMAND: POST /session/f7ba017eaa8b816e24f68d76f73d024d/element/f.7D4F3E7B3A7890F64A3201E4749DC685.d.BC03315827B433730CDA5E3C055755A7.e.10924/value - {"text":"Equipment"}
COMMAND: GET /session/f7ba017eaa8b816e24f68d76f73d024d/screenshot - {}
RESULT: {"text":"Equipment"}
COMMAND: GET /session/f7ba017eaa8b816e24f68d76f73d024d/screenshot - {}
RESULT: {}
RESULT: {}
COMMAND: POST /session/f7ba017eaa8b816e24f68d76f73d024d/actions - {"actions":[{"id":"action38","type":"key","parameters":{},"actions":[{"type":"keyDown","value":"î€‡"},{"type":"pause","duration":10},{"type":"keyUp","value":"î€‡"}]}]}
RESULT: {"actions":[{"id":"action38","type":"key","parameters":{},"actions":[{"type":"keyDown","value":"î€‡"},{"type":"pause","duration":10},{"type":"keyUp","value":"î€‡"}]}]}
COMMAND: POST /session/f7ba017eaa8b816e24f68d76f73d024d/execute/async - {"script":"<script> [1562 bytes]","args":[{"selector":{"id":"application-manageresources-display-component---newResourceUnit--resourceId","interaction":{"idSuffix":"inner"}},"wdio_ui5_key":"applicationmanageresources-display-component---newResourceUnit--resourceId"}]}
COMMAND: GET /session/f7ba017eaa8b816e24f68d76f73d024d/screenshot - {}
RESULT: {"script":"<script> [1562 bytes]","args":[{"selector":{"id":"application-manageresources-display-component---newResourceUnit--resourceId","interaction":{"idSuffix":"inner"}},"wdio_ui5_key":"applicationmanageresources-display-component---newResourceUnit--resourceId"}]}
RESULT: undefined
COMMAND: POST /session/f7ba017eaa8b816e24f68d76f73d024d/execute/async - {"script":"<script> [776 bytes]","args":[{"enterText":"2O08Hwc5nl","selector":{"id":"application-manageresources-display-component---newResourceUnit--resourceId","interaction":{"idSuffix":"inner"}},"clearTextFirst":true,"interactionType":"ENTER_TEXT"}]}
RESULT: {}
RESULT: {"script":"<script> [776 bytes]","args":[{"enterText":"2O08Hwc5nl","selector":{"id":"application-manageresources-display-component---newResourceUnit--resourceId","interaction":{"idSuffix":"inner"}},"clearTextFirst":true,"interactionType":"ENTER_TEXT"}]}
COMMAND: POST /session/f7ba017eaa8b816e24f68d76f73d024d/execute/async - {"script":"<script> [1562 bytes]","args":[{"selector":{"id":"application-manageresources-display-component---newResourceUnit--SHORT_TEXT","interaction":{"idSuffix":"inner"}},"wdio_ui5_key":"applicationmanageresources-display-component---newResourceUnit--SHORT_TEXT"}]}
RESULT: {"script":"<script> [1562 bytes]","args":[{"selector":{"id":"application-manageresources-display-component---newResourceUnit--SHORT_TEXT","interaction":{"idSuffix":"inner"}},"wdio_ui5_key":"applicationmanageresources-display-component---newResourceUnit--SHORT_TEXT"}]}
RESULT: undefined
COMMAND: POST /session/f7ba017eaa8b816e24f68d76f73d024d/execute/async - {"script":"<script> [776 bytes]","args":[{"enterText":"Intercompany Equipment WDIO","selector":{"id":"application-manageresources-display-component---newResourceUnit--SHORT_TEXT","interaction":{"idSuffix":"inner"}},"clearTextFirst":true,"interactionType":"ENTER_TEXT"}]}
RESULT: {"script":"<script> [776 bytes]","args":[{"enterText":"Intercompany Equipment WDIO","selector":{"id":"application-manageresources-display-component---newResourceUnit--SHORT_TEXT","interaction":{"idSuffix":"inner"}},"clearTextFirst":true,"interactionType":"ENTER_TEXT"}]}
COMMAND: POST /session/f7ba017eaa8b816e24f68d76f73d024d/execute/async - {"script":"<script> [1562 bytes]","args":[{"selector":{"id":"application-manageresources-display-component---newResourceUnit--BASE_UNIT_OF_MEASURE","interaction":{"idSuffix":"inner"}},"wdio_ui5_key":"applicationmanageresources-display-component---newResourceUnit--BASE_UNIT_OF_MEASURE"}]}
RESULT: {"script":"<script> [1562 bytes]","args":[{"selector":{"id":"application-manageresources-display-component---newResourceUnit--BASE_UNIT_OF_MEASURE","interaction":{"idSuffix":"inner"}},"wdio_ui5_key":"applicationmanageresources-display-component---newResourceUnit--BASE_UNIT_OF_MEASURE"}]}
RESULT: undefined
COMMAND: POST /session/f7ba017eaa8b816e24f68d76f73d024d/execute/async - {"script":"<script> [776 bytes]","args":[{"enterText":"Piece","selector":{"id":"application-manageresources-display-component---newResourceUnit--BASE_UNIT_OF_MEASURE","interaction":{"idSuffix":"inner"}},"clearTextFirst":true,"interactionType":"ENTER_TEXT"}]}
RESULT: {"script":"<script> [776 bytes]","args":[{"enterText":"Piece","selector":{"id":"application-manageresources-display-component---newResourceUnit--BASE_UNIT_OF_MEASURE","interaction":{"idSuffix":"inner"}},"clearTextFirst":true,"interactionType":"ENTER_TEXT"}]}
COMMAND: POST /session/f7ba017eaa8b816e24f68d76f73d024d/execute/async - {"script":"<script> [1562 bytes]","args":[{"selector":{"id":"application-manageresources-display-component---newResourceUnit--WEIGHT_UNIT","interaction":{"idSuffix":"inner"}},"wdio_ui5_key":"applicationmanageresources-display-component---newResourceUnit--WEIGHT_UNIT"}]}
RESULT: {"script":"<script> [1562 bytes]","args":[{"selector":{"id":"application-manageresources-display-component---newResourceUnit--WEIGHT_UNIT","interaction":{"idSuffix":"inner"}},"wdio_ui5_key":"applicationmanageresources-display-component---newResourceUnit--WEIGHT_UNIT"}]}
RESULT: undefined
COMMAND: POST /session/f7ba017eaa8b816e24f68d76f73d024d/execute/async - {"script":"<script> [776 bytes]","args":[{"enterText":"Gram","selector":{"id":"application-manageresources-display-component---newResourceUnit--WEIGHT_UNIT","interaction":{"idSuffix":"inner"}},"clearTextFirst":true,"interactionType":"ENTER_TEXT"}]}
RESULT: {"script":"<script> [776 bytes]","args":[{"enterText":"Gram","selector":{"id":"application-manageresources-display-component---newResourceUnit--WEIGHT_UNIT","interaction":{"idSuffix":"inner"}},"clearTextFirst":true,"interactionType":"ENTER_TEXT"}]}
COMMAND: POST /session/f7ba017eaa8b816e24f68d76f73d024d/execute/async - {"script":"<script> [1562 bytes]","args":[{"selector":{"id":"application-manageresources-display-component---newResourceUnit--DIMENSION_UNIT","interaction":{"idSuffix":"inner"}},"wdio_ui5_key":"applicationmanageresources-display-component---newResourceUnit--DIMENSION_UNIT"}]}
RESULT: {"script":"<script> [1562 bytes]","args":[{"selector":{"id":"application-manageresources-display-component---newResourceUnit--DIMENSION_UNIT","interaction":{"idSuffix":"inner"}},"wdio_ui5_key":"applicationmanageresources-display-component---newResourceUnit--DIMENSION_UNIT"}]}
RESULT: undefined
COMMAND: POST /session/f7ba017eaa8b816e24f68d76f73d024d/execute/async - {"script":"<script> [776 bytes]","args":[{"enterText":"Meter","selector":{"id":"application-manageresources-display-component---newResourceUnit--DIMENSION_UNIT","interaction":{"idSuffix":"inner"}},"clearTextFirst":true,"interactionType":"ENTER_TEXT"}]}
RESULT: {"script":"<script> [776 bytes]","args":[{"enterText":"Meter","selector":{"id":"application-manageresources-display-component---newResourceUnit--DIMENSION_UNIT","interaction":{"idSuffix":"inner"}},"clearTextFirst":true,"interactionType":"ENTER_TEXT"}]}
COMMAND: POST /session/f7ba017eaa8b816e24f68d76f73d024d/execute/async - {"script":"<script> [1562 bytes]","args":[{"selector":{"id":"application-manageresources-display-component---newResourceUnit--newRRUPage-anchBar-application-manageresources-display-component---newResourceUnit--control-anchor","interaction":{"idSuffix":"BDI-content"}},"wdio_ui5_key":"applicationmanageresources-display-component---newResourceUnit--newRRUPage-anchBar-application-manageresources-display-component---newResourceUnit--control-anchor"}]}
RESULT: {"script":"<script> [1562 bytes]","args":[{"selector":{"id":"application-manageresources-display-component---newResourceUnit--newRRUPage-anchBar-application-manageresources-display-component---newResourceUnit--control-anchor","interaction":{"idSuffix":"BDI-content"}},"wdio_ui5_key":"applicationmanageresources-display-component---newResourceUnit--newRRUPage-anchBar-application-manageresources-display-component---newResourceUnit--control-anchor"}]}
RESULT: undefined
COMMAND: POST /session/f7ba017eaa8b816e24f68d76f73d024d/element - {"using":"xpath","value":"//*[@id=\"application-manageresources-display-component---newResourceUnit--newRRUPage-anchBar-application-manageresources-display-component---newResourceUnit--control-anchor\"]"}
RESULT: {"using":"xpath","value":"//*[@id=\"application-manageresources-display-component---newResourceUnit--newRRUPage-anchBar-application-manageresources-display-component---newResourceUnit--control-anchor\"]"}
COMMAND: POST /session/f7ba017eaa8b816e24f68d76f73d024d/element/f.7D4F3E7B3A7890F64A3201E4749DC685.d.BC03315827B433730CDA5E3C055755A7.e.11085/click - {}
RESULT: {}
COMMAND: POST /session/f7ba017eaa8b816e24f68d76f73d024d/execute/async - {"script":"<script> [1562 bytes]","args":[{"selector":{"id":"application-manageresources-display-component---newResourceUnit--PLANNING_GROUP","interaction":{"idSuffix":"inner"}},"wdio_ui5_key":"applicationmanageresources-display-component---newResourceUnit--PLANNING_GROUP"}]}
COMMAND: GET /session/f7ba017eaa8b816e24f68d76f73d024d/screenshot - {}
RESULT: {"script":"<script> [1562 bytes]","args":[{"selector":{"id":"application-manageresources-display-component---newResourceUnit--PLANNING_GROUP","interaction":{"idSuffix":"inner"}},"wdio_ui5_key":"applicationmanageresources-display-component---newResourceUnit--PLANNING_GROUP"}]}
RESULT: undefined
COMMAND: POST /session/f7ba017eaa8b816e24f68d76f73d024d/execute/async - {"script":"<script> [776 bytes]","args":[{"enterText":"Heavy Equi","selector":{"id":"application-manageresources-display-component---newResourceUnit--PLANNING_GROUP","interaction":{"idSuffix":"inner"}},"clearTextFirst":true,"interactionType":"ENTER_TEXT"}]}
RESULT: {}
RESULT: {"script":"<script> [776 bytes]","args":[{"enterText":"Heavy Equi","selector":{"id":"application-manageresources-display-component---newResourceUnit--PLANNING_GROUP","interaction":{"idSuffix":"inner"}},"clearTextFirst":true,"interactionType":"ENTER_TEXT"}]}
COMMAND: POST /session/f7ba017eaa8b816e24f68d76f73d024d/execute/async - {"script":"<script> [1562 bytes]","args":[{"selector":{"id":"application-manageresources-display-component---newResourceUnit--ITEM_TYPE-arrow"},"wdio_ui5_key":"applicationmanageresources-display-component---newResourceUnit--ITEM_TYPE-arrow"}]}
RESULT: {"script":"<script> [1562 bytes]","args":[{"selector":{"id":"application-manageresources-display-component---newResourceUnit--ITEM_TYPE-arrow"},"wdio_ui5_key":"applicationmanageresources-display-component---newResourceUnit--ITEM_TYPE-arrow"}]}
RESULT: undefined
COMMAND: POST /session/f7ba017eaa8b816e24f68d76f73d024d/element - {"using":"xpath","value":"//*[@id=\"application-manageresources-display-component---newResourceUnit--ITEM_TYPE-arrow\"]"}
RESULT: {"using":"xpath","value":"//*[@id=\"application-manageresources-display-component---newResourceUnit--ITEM_TYPE-arrow\"]"}
COMMAND: POST /session/f7ba017eaa8b816e24f68d76f73d024d/element/f.7D4F3E7B3A7890F64A3201E4749DC685.d.BC03315827B433730CDA5E3C055755A7.e.11092/click - {}
RESULT: {}
COMMAND: POST /session/f7ba017eaa8b816e24f68d76f73d024d/element - {"using":"xpath","value":"//ul[contains(@id,\"ITEM_TYPE-popup-list-listUl\")]//li[.//span[contains(text(),\"Resource Unit\")]]"}
COMMAND: GET /session/f7ba017eaa8b816e24f68d76f73d024d/screenshot - {}
RESULT: {"using":"xpath","value":"//ul[contains(@id,\"ITEM_TYPE-popup-list-listUl\")]//li[.//span[contains(text(),\"Resource Unit\")]]"}
COMMAND: POST /session/f7ba017eaa8b816e24f68d76f73d024d/element/f.7D4F3E7B3A7890F64A3201E4749DC685.d.BC03315827B433730CDA5E3C055755A7.e.11093/click - {}
RESULT: {}
RESULT: {}
COMMAND: GET /session/f7ba017eaa8b816e24f68d76f73d024d/screenshot - {}
RESULT: {}
COMMAND: POST /session/f7ba017eaa8b816e24f68d76f73d024d/element - {"using":"css selector","value":"#application-manageresources-display-component---newResourceUnit--btnAddTimeSegment"}
RESULT: {"using":"css selector","value":"#application-manageresources-display-component---newResourceUnit--btnAddTimeSegment"}
COMMAND: GET /session/f7ba017eaa8b816e24f68d76f73d024d/element/f.7D4F3E7B3A7890F64A3201E4749DC685.d.BC03315827B433730CDA5E3C055755A7.e.11101/rect - {}
RESULT: {}
COMMAND: GET /session/f7ba017eaa8b816e24f68d76f73d024d/window/rect - {}
RESULT: {}
COMMAND: POST /session/f7ba017eaa8b816e24f68d76f73d024d/execute/sync - {"script":"<script> [92 bytes]","args":[]}
RESULT: {"script":"<script> [92 bytes]","args":[]}
COMMAND: POST /session/f7ba017eaa8b816e24f68d76f73d024d/actions - {"actions":[{"id":"action39","type":"wheel","parameters":{},"actions":[{"type":"scroll","x":-1888,"y":-32,"deltaX":0,"deltaY":0,"duration":0,"origin":{"element-6066-11e4-a52e-4f735466cecf":"f.7D4F3E7B3A7890F64A3201E4749DC685.d.BC03315827B433730CDA5E3C055755A7.e.11101"}}]}]}
COMMAND: GET /session/f7ba017eaa8b816e24f68d76f73d024d/screenshot - {}
RESULT: {}
COMMAND: POST /session/f7ba017eaa8b816e24f68d76f73d024d/execute/sync - {"script":"<script> [79 bytes]","args":[{"element-6066-11e4-a52e-4f735466cecf":"f.7D4F3E7B3A7890F64A3201E4749DC685.d.BC03315827B433730CDA5E3C055755A7.e.11101","ELEMENT":"f.7D4F3E7B3A7890F64A3201E4749DC685.d.BC03315827B433730CDA5E3C055755A7.e.11101"},{"block":"start","inline":"nearest"}]}
RESULT: {"script":"<script> [79 bytes]","args":[{"element-6066-11e4-a52e-4f735466cecf":"f.7D4F3E7B3A7890F64A3201E4749DC685.d.BC03315827B433730CDA5E3C055755A7.e.11101","ELEMENT":"f.7D4F3E7B3A7890F64A3201E4749DC685.d.BC03315827B433730CDA5E3C055755A7.e.11101"},{"block":"start","inline":"nearest"}]}
COMMAND: POST /session/f7ba017eaa8b816e24f68d76f73d024d/execute/async - {"script":"<script> [1562 bytes]","args":[{"selector":{"id":"application-manageresources-display-component---newResourceUnit--btnAddTimeSegment","interaction":{"idSuffix":"inner"}},"wdio_ui5_key":"applicationmanageresources-display-component---newResourceUnit--btnAddTimeSegment"}]}
COMMAND: GET /session/f7ba017eaa8b816e24f68d76f73d024d/screenshot - {}
RESULT: {"script":"<script> [1562 bytes]","args":[{"selector":{"id":"application-manageresources-display-component---newResourceUnit--btnAddTimeSegment","interaction":{"idSuffix":"inner"}},"wdio_ui5_key":"applicationmanageresources-display-component---newResourceUnit--btnAddTimeSegment"}]}
RESULT: undefined
COMMAND: POST /session/f7ba017eaa8b816e24f68d76f73d024d/element - {"using":"xpath","value":"//*[@id=\"application-manageresources-display-component---newResourceUnit--btnAddTimeSegment\"]"}
RESULT: {}
RESULT: {"using":"xpath","value":"//*[@id=\"application-manageresources-display-component---newResourceUnit--btnAddTimeSegment\"]"}
COMMAND: POST /session/f7ba017eaa8b816e24f68d76f73d024d/element/f.7D4F3E7B3A7890F64A3201E4749DC685.d.BC03315827B433730CDA5E3C055755A7.e.11101/click - {}
RESULT: {}
COMMAND: GET /session/f7ba017eaa8b816e24f68d76f73d024d/screenshot - {}
RESULT: {}
COMMAND: POST /session/f7ba017eaa8b816e24f68d76f73d024d/element - {"using":"xpath","value":"//input[@id=\"application-manageresources-display-component---newResourceUnit--idRuTSAdmin-application-manageresources-display-component---newResourceUnit--RUTimeSegment-0-inner\"]"}
RESULT: {"using":"xpath","value":"//input[@id=\"application-manageresources-display-component---newResourceUnit--idRuTSAdmin-application-manageresources-display-component---newResourceUnit--RUTimeSegment-0-inner\"]"}
COMMAND: POST /session/f7ba017eaa8b816e24f68d76f73d024d/element/f.7D4F3E7B3A7890F64A3201E4749DC685.d.BC03315827B433730CDA5E3C055755A7.e.11107/clear - {}
RESULT: {}
COMMAND: POST /session/f7ba017eaa8b816e24f68d76f73d024d/element/f.7D4F3E7B3A7890F64A3201E4749DC685.d.BC03315827B433730CDA5E3C055755A7.e.11107/value - {"text":"197"}
COMMAND: GET /session/f7ba017eaa8b816e24f68d76f73d024d/screenshot - {}
RESULT: {"text":"197"}
COMMAND: GET /session/f7ba017eaa8b816e24f68d76f73d024d/screenshot - {}
RESULT: {}
RESULT: {}
COMMAND: POST /session/f7ba017eaa8b816e24f68d76f73d024d/element - {"using":"xpath","value":"//li[.//span[text()='197']]"}
RESULT: {"using":"xpath","value":"//li[.//span[text()='197']]"}
COMMAND: POST /session/f7ba017eaa8b816e24f68d76f73d024d/element/f.7D4F3E7B3A7890F64A3201E4749DC685.d.BC03315827B433730CDA5E3C055755A7.e.11118/click - {}
RESULT: {}
COMMAND: GET /session/f7ba017eaa8b816e24f68d76f73d024d/screenshot - {}
RESULT: {}
COMMAND: POST /session/f7ba017eaa8b816e24f68d76f73d024d/element - {"using":"xpath","value":"(//span[contains(@id, \"-application-manageresources-display-component---newResourceUnit--RUTimeSegment-0-arrow\")])[6]"}
RESULT: {"using":"xpath","value":"(//span[contains(@id, \"-application-manageresources-display-component---newResourceUnit--RUTimeSegment-0-arrow\")])[6]"}
COMMAND: POST /session/f7ba017eaa8b816e24f68d76f73d024d/element/f.7D4F3E7B3A7890F64A3201E4749DC685.d.BC03315827B433730CDA5E3C055755A7.e.11119/click - {}
RESULT: {}
COMMAND: GET /session/f7ba017eaa8b816e24f68d76f73d024d/screenshot - {}
RESULT: {}
COMMAND: POST /session/f7ba017eaa8b816e24f68d76f73d024d/element - {"using":"xpath","value":"//span[contains(text(), \"PM Order\")]"}
RESULT: {"using":"xpath","value":"//span[contains(text(), \"PM Order\")]"}
COMMAND: POST /session/f7ba017eaa8b816e24f68d76f73d024d/element/f.7D4F3E7B3A7890F64A3201E4749DC685.d.BC03315827B433730CDA5E3C055755A7.e.11122/click - {}
RESULT: {}
COMMAND: GET /session/f7ba017eaa8b816e24f68d76f73d024d/screenshot - {}
RESULT: {}
COMMAND: POST /session/f7ba017eaa8b816e24f68d76f73d024d/element - {"using":"xpath","value":"(//span[contains(@id ,\"manageresources-display-component---newResourceUnit--RUTimeSegment-0-vhi\")])[1]"}
RESULT: {"using":"xpath","value":"(//span[contains(@id ,\"manageresources-display-component---newResourceUnit--RUTimeSegment-0-vhi\")])[1]"}
COMMAND: GET /session/f7ba017eaa8b816e24f68d76f73d024d/element/f.7D4F3E7B3A7890F64A3201E4749DC685.d.BC03315827B433730CDA5E3C055755A7.e.11126/rect - {}
RESULT: {}
COMMAND: GET /session/f7ba017eaa8b816e24f68d76f73d024d/window/rect - {}
RESULT: {}
COMMAND: POST /session/f7ba017eaa8b816e24f68d76f73d024d/execute/sync - {"script":"<script> [92 bytes]","args":[]}
RESULT: {"script":"<script> [92 bytes]","args":[]}
COMMAND: POST /session/f7ba017eaa8b816e24f68d76f73d024d/actions - {"actions":[{"id":"action40","type":"wheel","parameters":{},"actions":[{"type":"scroll","x":-869,"y":-24,"deltaX":0,"deltaY":0,"duration":0,"origin":{"element-6066-11e4-a52e-4f735466cecf":"f.7D4F3E7B3A7890F64A3201E4749DC685.d.BC03315827B433730CDA5E3C055755A7.e.11126"}}]}]}
COMMAND: GET /session/f7ba017eaa8b816e24f68d76f73d024d/screenshot - {}
RESULT: {"actions":[{"id":"action40","type":"wheel","parameters":{},"actions":[{"type":"scroll","x":-869,"y":-24,"deltaX":0,"deltaY":0,"duration":0,"origin":{"element-6066-11e4-a52e-4f735466cecf":"f.7D4F3E7B3A7890F64A3201E4749DC685.d.BC03315827B433730CDA5E3C055755A7.e.11126"}}]}]}
COMMAND: DELETE /session/f7ba017eaa8b816e24f68d76f73d024d/actions - {}
COMMAND: GET /session/f7ba017eaa8b816e24f68d76f73d024d/screenshot - {}
RESULT: {}
RESULT: {}
COMMAND: GET /session/f7ba017eaa8b816e24f68d76f73d024d/screenshot - {}
RESULT: {}
RESULT: {}
COMMAND: POST /session/f7ba017eaa8b816e24f68d76f73d024d/element/f.7D4F3E7B3A7890F64A3201E4749DC685.d.BC03315827B433730CDA5E3C055755A7.e.11126/click - {}
RESULT: {}
COMMAND: GET /session/f7ba017eaa8b816e24f68d76f73d024d/screenshot - {}
RESULT: {}
COMMAND: POST /session/f7ba017eaa8b816e24f68d76f73d024d/execute/async - {"script":"<script> [1562 bytes]","args":[{"selector":{"controlType":"sap.m.SearchField","properties":{"placeholder":"Search"},"searchOpenDialogs":true,"interaction":{"idSuffix":"I"}},"wdio_ui5_key":"sapm.SearchField{\"placeholder\":\"Search\"}"}]}
RESULT: {"script":"<script> [1562 bytes]","args":[{"selector":{"controlType":"sap.m.SearchField","properties":{"placeholder":"Search"},"searchOpenDialogs":true,"interaction":{"idSuffix":"I"}},"wdio_ui5_key":"sapm.SearchField{\"placeholder\":\"Search\"}"}]}
RESULT: undefined
COMMAND: POST /session/f7ba017eaa8b816e24f68d76f73d024d/execute/async - {"script":"<script> [776 bytes]","args":[{"enterText":"4000360","selector":{"controlType":"sap.m.SearchField","properties":{"placeholder":"Search"},"searchOpenDialogs":true,"interaction":{"idSuffix":"I"}},"clearTextFirst":true,"interactionType":"ENTER_TEXT"}]}
RESULT: {"script":"<script> [776 bytes]","args":[{"enterText":"4000360","selector":{"controlType":"sap.m.SearchField","properties":{"placeholder":"Search"},"searchOpenDialogs":true,"interaction":{"idSuffix":"I"}},"clearTextFirst":true,"interactionType":"ENTER_TEXT"}]}
COMMAND: POST /session/f7ba017eaa8b816e24f68d76f73d024d/actions - {"actions":[{"id":"action41","type":"key","parameters":{},"actions":[{"type":"keyDown","value":"î€‡"},{"type":"pause","duration":10},{"type":"keyUp","value":"î€‡"}]}]}
RESULT: {"actions":[{"id":"action41","type":"key","parameters":{},"actions":[{"type":"keyDown","value":"î€‡"},{"type":"pause","duration":10},{"type":"keyUp","value":"î€‡"}]}]}
COMMAND: GET /session/f7ba017eaa8b816e24f68d76f73d024d/screenshot - {}
RESULT: {}
COMMAND: POST /session/f7ba017eaa8b816e24f68d76f73d024d/element - {"using":"xpath","value":"//td/div/span[contains(text(), \"BGL Vehicles\")]"}
RESULT: {"using":"xpath","value":"//td/div/span[contains(text(), \"BGL Vehicles\")]"}
COMMAND: POST /session/f7ba017eaa8b816e24f68d76f73d024d/element/f.7D4F3E7B3A7890F64A3201E4749DC685.d.BC03315827B433730CDA5E3C055755A7.e.11148/click - {}
RESULT: {}
COMMAND: GET /session/f7ba017eaa8b816e24f68d76f73d024d/screenshot - {}
RESULT: {}
COMMAND: POST /session/f7ba017eaa8b816e24f68d76f73d024d/element - {"using":"xpath","value":"//bdi[contains(text(), \"OK\")]"}
RESULT: {"using":"xpath","value":"//bdi[contains(text(), \"OK\")]"}
COMMAND: POST /session/f7ba017eaa8b816e24f68d76f73d024d/element/f.7D4F3E7B3A7890F64A3201E4749DC685.d.BC03315827B433730CDA5E3C055755A7.e.11149/click - {}
RESULT: {}
COMMAND: GET /session/f7ba017eaa8b816e24f68d76f73d024d/screenshot - {}
RESULT: {}
COMMAND: POST /session/f7ba017eaa8b816e24f68d76f73d024d/execute/async - {"script":"<script> [1562 bytes]","args":[{"selector":{"id":"application-manageresources-display-component---newResourceUnit--newRRUPage-anchBar-application-manageresources-display-component---newResourceUnit--resource-anchor","interaction":{"idSuffix":"BDI-content"}},"wdio_ui5_key":"applicationmanageresources-display-component---newResourceUnit--newRRUPage-anchBar-application-manageresources-display-component---newResourceUnit--resource-anchor"}]}
RESULT: {"script":"<script> [1562 bytes]","args":[{"selector":{"id":"application-manageresources-display-component---newResourceUnit--newRRUPage-anchBar-application-manageresources-display-component---newResourceUnit--resource-anchor","interaction":{"idSuffix":"BDI-content"}},"wdio_ui5_key":"applicationmanageresources-display-component---newResourceUnit--newRRUPage-anchBar-application-manageresources-display-component---newResourceUnit--resource-anchor"}]}
RESULT: undefined
COMMAND: POST /session/f7ba017eaa8b816e24f68d76f73d024d/element - {"using":"xpath","value":"//*[@id=\"application-manageresources-display-component---newResourceUnit--newRRUPage-anchBar-application-manageresources-display-component---newResourceUnit--resource-anchor\"]"}
RESULT: {"using":"xpath","value":"//*[@id=\"application-manageresources-display-component---newResourceUnit--newRRUPage-anchBar-application-manageresources-display-component---newResourceUnit--resource-anchor\"]"}
COMMAND: POST /session/f7ba017eaa8b816e24f68d76f73d024d/element/f.7D4F3E7B3A7890F64A3201E4749DC685.d.BC03315827B433730CDA5E3C055755A7.e.11153/click - {}
RESULT: {}
COMMAND: POST /session/f7ba017eaa8b816e24f68d76f73d024d/execute/async - {"script":"<script> [1562 bytes]","args":[{"selector":{"id":"application-manageresources-display-component---newResourceUnit--PLANNED_DELIVERY_DATE","interaction":{"idSuffix":"inner"}},"wdio_ui5_key":"applicationmanageresources-display-component---newResourceUnit--PLANNED_DELIVERY_DATE"}]}
COMMAND: GET /session/f7ba017eaa8b816e24f68d76f73d024d/screenshot - {}
RESULT: {"script":"<script> [1562 bytes]","args":[{"selector":{"id":"application-manageresources-display-component---newResourceUnit--PLANNED_DELIVERY_DATE","interaction":{"idSuffix":"inner"}},"wdio_ui5_key":"applicationmanageresources-display-component---newResourceUnit--PLANNED_DELIVERY_DATE"}]}
RESULT: undefined
COMMAND: POST /session/f7ba017eaa8b816e24f68d76f73d024d/execute/async - {"script":"<script> [6424 bytes]","args":[{"element-6066-11e4-a52e-4f735466cecf":"f.7D4F3E7B3A7890F64A3201E4749DC685.d.BC03315827B433730CDA5E3C055755A7.e.10985"},"setValue",["6/12/25"]]}
RESULT: {}
RESULT: {"script":"<script> [6424 bytes]","args":[{"element-6066-11e4-a52e-4f735466cecf":"f.7D4F3E7B3A7890F64A3201E4749DC685.d.BC03315827B433730CDA5E3C055755A7.e.10985"},"setValue",["6/12/25"]]}
COMMAND: POST /session/f7ba017eaa8b816e24f68d76f73d024d/element - {"using":"xpath","value":"//label[contains(@class, 'sapMLabelRequired') and .//bdi[contains(text(), 'Planned Retirement')]]"}
RESULT: {"using":"xpath","value":"//label[contains(@class, 'sapMLabelRequired') and .//bdi[contains(text(), 'Planned Retirement')]]"}
COMMAND: POST /session/f7ba017eaa8b816e24f68d76f73d024d/elements - {"using":"xpath","value":"//label[contains(@class, 'sapMLabelRequired') and .//bdi[contains(text(), 'Planned Retirement')]]"}
RESULT: {"using":"xpath","value":"//label[contains(@class, 'sapMLabelRequired') and .//bdi[contains(text(), 'Planned Retirement')]]"}
COMMAND: POST /session/f7ba017eaa8b816e24f68d76f73d024d/element - {"using":"xpath","value":"//button[@data-kt=\"resourceUnitSaveButton\"]"}
RESULT: {"using":"xpath","value":"//button[@data-kt=\"resourceUnitSaveButton\"]"}
COMMAND: POST /session/f7ba017eaa8b816e24f68d76f73d024d/element/f.7D4F3E7B3A7890F64A3201E4749DC685.d.BC03315827B433730CDA5E3C055755A7.e.10944/click - {}
RESULT: {}
COMMAND: GET /session/f7ba017eaa8b816e24f68d76f73d024d/screenshot - {}
RESULT: {}
COMMAND: POST /session/f7ba017eaa8b816e24f68d76f73d024d/element - {"using":"xpath","value":"//bdi[contains(text(), \"Close\")]"}
RESULT: {"using":"xpath","value":"//bdi[contains(text(), \"Close\")]"}
COMMAND: POST /session/f7ba017eaa8b816e24f68d76f73d024d/element/f.7D4F3E7B3A7890F64A3201E4749DC685.d.BC03315827B433730CDA5E3C055755A7.e.11161/click - {}
RESULT: {}
COMMAND: GET /session/f7ba017eaa8b816e24f68d76f73d024d/screenshot - {}
RESULT: {}
COMMAND: POST /session/f7ba017eaa8b816e24f68d76f73d024d/element - {"using":"xpath","value":"(//button[contains(@id ,\"actionsToolbar-overflowButton\")])[1]"}
RESULT: {"using":"xpath","value":"(//button[contains(@id ,\"actionsToolbar-overflowButton\")])[1]"}
COMMAND: POST /session/f7ba017eaa8b816e24f68d76f73d024d/element/f.7D4F3E7B3A7890F64A3201E4749DC685.d.BC03315827B433730CDA5E3C055755A7.e.11194/click - {}
RESULT: {}
COMMAND: GET /session/f7ba017eaa8b816e24f68d76f73d024d/screenshot - {}
RESULT: {}
COMMAND: POST /session/f7ba017eaa8b816e24f68d76f73d024d/element - {"using":"xpath","value":"//button[@data-kt=\"priceInfoButton\"]"}
RESULT: {"using":"xpath","value":"//button[@data-kt=\"priceInfoButton\"]"}
COMMAND: POST /session/f7ba017eaa8b816e24f68d76f73d024d/element/f.7D4F3E7B3A7890F64A3201E4749DC685.d.BC03315827B433730CDA5E3C055755A7.e.11196/click - {}
RESULT: {}
COMMAND: GET /session/f7ba017eaa8b816e24f68d76f73d024d/screenshot - {}
]]></system-out>
    </testcase>
    <testcase classname="chrome.137_0_7151_69.windows.Billing_transfer_US117289" name="Should create new pricing rule" time="52.654">
      <system-out><![CDATA[
COMMAND: POST /session/f7ba017eaa8b816e24f68d76f73d024d/element - {"using":"xpath","value":"//button[@data-kt=\"addButton\"]"}
RESULT: {}
RESULT: {"using":"xpath","value":"//button[@data-kt=\"addButton\"]"}
COMMAND: POST /session/f7ba017eaa8b816e24f68d76f73d024d/elements - {"using":"xpath","value":"//button[@data-kt=\"addButton\"]"}
RESULT: {"using":"xpath","value":"//button[@data-kt=\"addButton\"]"}
COMMAND: POST /session/f7ba017eaa8b816e24f68d76f73d024d/execute/sync - {"script":"<script> [8489 bytes]","args":[{"element-6066-11e4-a52e-4f735466cecf":"f.7D4F3E7B3A7890F64A3201E4749DC685.d.BC03315827B433730CDA5E3C055755A7.e.11242","ELEMENT":"f.7D4F3E7B3A7890F64A3201E4749DC685.d.BC03315827B433730CDA5E3C055755A7.e.11242"}]}
RESULT: {"script":"<script> [8489 bytes]","args":[{"element-6066-11e4-a52e-4f735466cecf":"f.7D4F3E7B3A7890F64A3201E4749DC685.d.BC03315827B433730CDA5E3C055755A7.e.11242","ELEMENT":"f.7D4F3E7B3A7890F64A3201E4749DC685.d.BC03315827B433730CDA5E3C055755A7.e.11242"}]}
COMMAND: GET /session/f7ba017eaa8b816e24f68d76f73d024d/element/f.7D4F3E7B3A7890F64A3201E4749DC685.d.BC03315827B433730CDA5E3C055755A7.e.11242/enabled - {}
COMMAND: GET /session/f7ba017eaa8b816e24f68d76f73d024d/screenshot - {}
RESULT: {}
COMMAND: POST /session/f7ba017eaa8b816e24f68d76f73d024d/execute/sync - {"script":"<script> [8489 bytes]","args":[{"element-6066-11e4-a52e-4f735466cecf":"f.7D4F3E7B3A7890F64A3201E4749DC685.d.BC03315827B433730CDA5E3C055755A7.e.11242","ELEMENT":"f.7D4F3E7B3A7890F64A3201E4749DC685.d.BC03315827B433730CDA5E3C055755A7.e.11242"}]}
COMMAND: GET /session/f7ba017eaa8b816e24f68d76f73d024d/screenshot - {}
RESULT: {}
RESULT: {"script":"<script> [8489 bytes]","args":[{"element-6066-11e4-a52e-4f735466cecf":"f.7D4F3E7B3A7890F64A3201E4749DC685.d.BC03315827B433730CDA5E3C055755A7.e.11242","ELEMENT":"f.7D4F3E7B3A7890F64A3201E4749DC685.d.BC03315827B433730CDA5E3C055755A7.e.11242"}]}
COMMAND: POST /session/f7ba017eaa8b816e24f68d76f73d024d/execute/sync - {"script":"<script> [5351 bytes]","args":[{"element-6066-11e4-a52e-4f735466cecf":"f.7D4F3E7B3A7890F64A3201E4749DC685.d.BC03315827B433730CDA5E3C055755A7.e.11242","ELEMENT":"f.7D4F3E7B3A7890F64A3201E4749DC685.d.BC03315827B433730CDA5E3C055755A7.e.11242"}]}
COMMAND: GET /session/f7ba017eaa8b816e24f68d76f73d024d/screenshot - {}
RESULT: {}
RESULT: {"script":"<script> [5351 bytes]","args":[{"element-6066-11e4-a52e-4f735466cecf":"f.7D4F3E7B3A7890F64A3201E4749DC685.d.BC03315827B433730CDA5E3C055755A7.e.11242","ELEMENT":"f.7D4F3E7B3A7890F64A3201E4749DC685.d.BC03315827B433730CDA5E3C055755A7.e.11242"}]}
COMMAND: POST /session/f7ba017eaa8b816e24f68d76f73d024d/element/f.7D4F3E7B3A7890F64A3201E4749DC685.d.BC03315827B433730CDA5E3C055755A7.e.11242/click - {}
COMMAND: GET /session/f7ba017eaa8b816e24f68d76f73d024d/screenshot - {}
RESULT: {}
RESULT: {}
COMMAND: GET /session/f7ba017eaa8b816e24f68d76f73d024d/screenshot - {}
RESULT: {}
RESULT: {}
COMMAND: POST /session/f7ba017eaa8b816e24f68d76f73d024d/execute/async - {"script":"<script> [1562 bytes]","args":[{"selector":{"controlType":"sap.m.Title","viewName":"etm.portal.ui.managepricingrules.view.NewItem","viewId":"application-managepricingrules-display-component---newInfoPriceItem","properties":{"text":"New Pricing Rules - Item Level"}},"wdio_ui5_key":"etmportal.ui.managepricingrules.view.NewItemsap.m.Title{\"text\":\"New Pricing Rules - Item Level\"}"}]}
RESULT: {"script":"<script> [1562 bytes]","args":[{"selector":{"controlType":"sap.m.Title","viewName":"etm.portal.ui.managepricingrules.view.NewItem","viewId":"application-managepricingrules-display-component---newInfoPriceItem","properties":{"text":"New Pricing Rules - Item Level"}},"wdio_ui5_key":"etmportal.ui.managepricingrules.view.NewItemsap.m.Title{\"text\":\"New Pricing Rules - Item Level\"}"}]}
RESULT: undefined
COMMAND: POST /session/f7ba017eaa8b816e24f68d76f73d024d/execute/async - {"script":"<script> [6424 bytes]","args":[{"element-6066-11e4-a52e-4f735466cecf":"f.7D4F3E7B3A7890F64A3201E4749DC685.d.BC03315827B433730CDA5E3C055755A7.e.11326"},"getText",[]]}
RESULT: {"script":"<script> [6424 bytes]","args":[{"element-6066-11e4-a52e-4f735466cecf":"f.7D4F3E7B3A7890F64A3201E4749DC685.d.BC03315827B433730CDA5E3C055755A7.e.11326"},"getText",[]]}
COMMAND: POST /session/f7ba017eaa8b816e24f68d76f73d024d/execute/async - {"script":"<script> [1562 bytes]","args":[{"selector":{"id":"application-managepricingrules-display-component---newInfoPriceItem--condValidTo","interaction":{"idSuffix":"inner"}},"wdio_ui5_key":"applicationmanagepricingrules-display-component---newInfoPriceItem--condValidTo"}]}
RESULT: {"script":"<script> [1562 bytes]","args":[{"selector":{"id":"application-managepricingrules-display-component---newInfoPriceItem--condValidTo","interaction":{"idSuffix":"inner"}},"wdio_ui5_key":"applicationmanagepricingrules-display-component---newInfoPriceItem--condValidTo"}]}
RESULT: undefined
COMMAND: POST /session/f7ba017eaa8b816e24f68d76f73d024d/execute/async - {"script":"<script> [776 bytes]","args":[{"enterText":"2/12/26","selector":{"id":"application-managepricingrules-display-component---newInfoPriceItem--condValidTo","interaction":{"idSuffix":"inner"}},"clearTextFirst":true,"interactionType":"ENTER_TEXT"}]}
RESULT: {"script":"<script> [776 bytes]","args":[{"enterText":"2/12/26","selector":{"id":"application-managepricingrules-display-component---newInfoPriceItem--condValidTo","interaction":{"idSuffix":"inner"}},"clearTextFirst":true,"interactionType":"ENTER_TEXT"}]}
COMMAND: POST /session/f7ba017eaa8b816e24f68d76f73d024d/execute/async - {"script":"<script> [1562 bytes]","args":[{"selector":{"id":"application-managepricingrules-display-component---newInfoPriceItem--billType-arrow"},"wdio_ui5_key":"applicationmanagepricingrules-display-component---newInfoPriceItem--billType-arrow"}]}
RESULT: {"script":"<script> [1562 bytes]","args":[{"selector":{"id":"application-managepricingrules-display-component---newInfoPriceItem--billType-arrow"},"wdio_ui5_key":"applicationmanagepricingrules-display-component---newInfoPriceItem--billType-arrow"}]}
RESULT: undefined
COMMAND: POST /session/f7ba017eaa8b816e24f68d76f73d024d/element - {"using":"xpath","value":"//*[@id=\"application-managepricingrules-display-component---newInfoPriceItem--billType-arrow\"]"}
RESULT: {"using":"xpath","value":"//*[@id=\"application-managepricingrules-display-component---newInfoPriceItem--billType-arrow\"]"}
COMMAND: POST /session/f7ba017eaa8b816e24f68d76f73d024d/element/f.7D4F3E7B3A7890F64A3201E4749DC685.d.BC03315827B433730CDA5E3C055755A7.e.11328/click - {}
RESULT: {}
COMMAND: POST /session/f7ba017eaa8b816e24f68d76f73d024d/element - {"using":"xpath","value":"//span[contains(text(), \"TB - Time based\")]"}
COMMAND: GET /session/f7ba017eaa8b816e24f68d76f73d024d/screenshot - {}
RESULT: {"using":"xpath","value":"//span[contains(text(), \"TB - Time based\")]"}
COMMAND: POST /session/f7ba017eaa8b816e24f68d76f73d024d/element/f.7D4F3E7B3A7890F64A3201E4749DC685.d.BC03315827B433730CDA5E3C055755A7.e.11329/click - {}
RESULT: {}
RESULT: {}
COMMAND: POST /session/f7ba017eaa8b816e24f68d76f73d024d/execute/async - {"script":"<script> [1562 bytes]","args":[{"selector":{"id":"application-managepricingrules-display-component---newInfoPriceItem--priceProc-arrow"},"wdio_ui5_key":"applicationmanagepricingrules-display-component---newInfoPriceItem--priceProc-arrow"}]}
COMMAND: GET /session/f7ba017eaa8b816e24f68d76f73d024d/screenshot - {}
RESULT: {"script":"<script> [1562 bytes]","args":[{"selector":{"id":"application-managepricingrules-display-component---newInfoPriceItem--priceProc-arrow"},"wdio_ui5_key":"applicationmanagepricingrules-display-component---newInfoPriceItem--priceProc-arrow"}]}
RESULT: undefined
COMMAND: POST /session/f7ba017eaa8b816e24f68d76f73d024d/element - {"using":"xpath","value":"//*[@id=\"application-managepricingrules-display-component---newInfoPriceItem--priceProc-arrow\"]"}
RESULT: {}
RESULT: {"using":"xpath","value":"//*[@id=\"application-managepricingrules-display-component---newInfoPriceItem--priceProc-arrow\"]"}
COMMAND: POST /session/f7ba017eaa8b816e24f68d76f73d024d/element/f.7D4F3E7B3A7890F64A3201E4749DC685.d.BC03315827B433730CDA5E3C055755A7.e.11330/click - {}
RESULT: {}
COMMAND: POST /session/f7ba017eaa8b816e24f68d76f73d024d/element - {"using":"xpath","value":"//span[contains(text(), \"TBS - Time based standard\")]"}
COMMAND: GET /session/f7ba017eaa8b816e24f68d76f73d024d/screenshot - {}
RESULT: {"using":"xpath","value":"//span[contains(text(), \"TBS - Time based standard\")]"}
COMMAND: POST /session/f7ba017eaa8b816e24f68d76f73d024d/element/f.7D4F3E7B3A7890F64A3201E4749DC685.d.BC03315827B433730CDA5E3C055755A7.e.11331/click - {}
RESULT: {}
RESULT: {}
COMMAND: POST /session/f7ba017eaa8b816e24f68d76f73d024d/execute/async - {"script":"<script> [1562 bytes]","args":[{"selector":{"id":"application-managepricingrules-display-component---newInfoPriceItem--calcBase-arrow"},"wdio_ui5_key":"applicationmanagepricingrules-display-component---newInfoPriceItem--calcBase-arrow"}]}
COMMAND: GET /session/f7ba017eaa8b816e24f68d76f73d024d/screenshot - {}
RESULT: {"script":"<script> [1562 bytes]","args":[{"selector":{"id":"application-managepricingrules-display-component---newInfoPriceItem--calcBase-arrow"},"wdio_ui5_key":"applicationmanagepricingrules-display-component---newInfoPriceItem--calcBase-arrow"}]}
RESULT: undefined
COMMAND: POST /session/f7ba017eaa8b816e24f68d76f73d024d/element - {"using":"xpath","value":"//*[@id=\"application-managepricingrules-display-component---newInfoPriceItem--calcBase-arrow\"]"}
RESULT: {}
RESULT: {"using":"xpath","value":"//*[@id=\"application-managepricingrules-display-component---newInfoPriceItem--calcBase-arrow\"]"}
COMMAND: POST /session/f7ba017eaa8b816e24f68d76f73d024d/element/f.7D4F3E7B3A7890F64A3201E4749DC685.d.BC03315827B433730CDA5E3C055755A7.e.11332/click - {}
RESULT: {}
COMMAND: GET /session/f7ba017eaa8b816e24f68d76f73d024d/screenshot - {}
RESULT: {}
COMMAND: POST /session/f7ba017eaa8b816e24f68d76f73d024d/element - {"using":"xpath","value":"//span[contains(text(), \"0006 - TB(calendar days)\")]"}
RESULT: {"using":"xpath","value":"//span[contains(text(), \"0006 - TB(calendar days)\")]"}
COMMAND: POST /session/f7ba017eaa8b816e24f68d76f73d024d/element/f.7D4F3E7B3A7890F64A3201E4749DC685.d.BC03315827B433730CDA5E3C055755A7.e.11333/click - {}
RESULT: {}
COMMAND: GET /session/f7ba017eaa8b816e24f68d76f73d024d/screenshot - {}
RESULT: {}
COMMAND: POST /session/f7ba017eaa8b816e24f68d76f73d024d/execute/async - {"script":"<script> [1562 bytes]","args":[{"selector":{"id":"application-managepricingrules-display-component---newInfoPriceItem--daysMonth","interaction":{"idSuffix":"inner"}},"wdio_ui5_key":"applicationmanagepricingrules-display-component---newInfoPriceItem--daysMonth"}]}
RESULT: {"script":"<script> [1562 bytes]","args":[{"selector":{"id":"application-managepricingrules-display-component---newInfoPriceItem--daysMonth","interaction":{"idSuffix":"inner"}},"wdio_ui5_key":"applicationmanagepricingrules-display-component---newInfoPriceItem--daysMonth"}]}
RESULT: undefined
COMMAND: POST /session/f7ba017eaa8b816e24f68d76f73d024d/execute/async - {"script":"<script> [776 bytes]","args":[{"enterText":"30","selector":{"id":"application-managepricingrules-display-component---newInfoPriceItem--daysMonth","interaction":{"idSuffix":"inner"}},"clearTextFirst":true,"interactionType":"ENTER_TEXT"}]}
RESULT: {"script":"<script> [776 bytes]","args":[{"enterText":"30","selector":{"id":"application-managepricingrules-display-component---newInfoPriceItem--daysMonth","interaction":{"idSuffix":"inner"}},"clearTextFirst":true,"interactionType":"ENTER_TEXT"}]}
COMMAND: POST /session/f7ba017eaa8b816e24f68d76f73d024d/element - {"using":"xpath","value":"//button[@data-kt=\"saveNewRuleButton\"]"}
RESULT: {"using":"xpath","value":"//button[@data-kt=\"saveNewRuleButton\"]"}
COMMAND: POST /session/f7ba017eaa8b816e24f68d76f73d024d/element/f.7D4F3E7B3A7890F64A3201E4749DC685.d.BC03315827B433730CDA5E3C055755A7.e.11335/click - {}
RESULT: {}
COMMAND: GET /session/f7ba017eaa8b816e24f68d76f73d024d/screenshot - {}
RESULT: {}
COMMAND: POST /session/f7ba017eaa8b816e24f68d76f73d024d/execute/async - {"script":"<script> [1562 bytes]","args":[{"selector":{"id":"application-managepricingrules-display-component---priceInfoItem--smartFilterBar-btnBasicSearch","interaction":{"idSuffix":"I"}},"wdio_ui5_key":"applicationmanagepricingrules-display-component---priceInfoItem--smartFilterBar-btnBasicSearch"}]}
RESULT: {"script":"<script> [1562 bytes]","args":[{"selector":{"id":"application-managepricingrules-display-component---priceInfoItem--smartFilterBar-btnBasicSearch","interaction":{"idSuffix":"I"}},"wdio_ui5_key":"applicationmanagepricingrules-display-component---priceInfoItem--smartFilterBar-btnBasicSearch"}]}
RESULT: undefined
COMMAND: POST /session/f7ba017eaa8b816e24f68d76f73d024d/execute/async - {"script":"<script> [776 bytes]","args":[{"enterText":"2O08Hwc5nl","selector":{"id":"application-managepricingrules-display-component---priceInfoItem--smartFilterBar-btnBasicSearch","interaction":{"idSuffix":"I"}},"clearTextFirst":true,"interactionType":"ENTER_TEXT"}]}
RESULT: {"script":"<script> [776 bytes]","args":[{"enterText":"2O08Hwc5nl","selector":{"id":"application-managepricingrules-display-component---priceInfoItem--smartFilterBar-btnBasicSearch","interaction":{"idSuffix":"I"}},"clearTextFirst":true,"interactionType":"ENTER_TEXT"}]}
COMMAND: POST /session/f7ba017eaa8b816e24f68d76f73d024d/actions - {"actions":[{"id":"action42","type":"key","parameters":{},"actions":[{"type":"keyDown","value":"î€‡"},{"type":"pause","duration":10},{"type":"keyUp","value":"î€‡"}]}]}
RESULT: {"actions":[{"id":"action42","type":"key","parameters":{},"actions":[{"type":"keyDown","value":"î€‡"},{"type":"pause","duration":10},{"type":"keyUp","value":"î€‡"}]}]}
COMMAND: GET /session/f7ba017eaa8b816e24f68d76f73d024d/screenshot - {}
RESULT: {}
COMMAND: POST /session/f7ba017eaa8b816e24f68d76f73d024d/element - {"using":"xpath","value":"//span[@id=\"application-managepricingrules-display-component---priceInfoItem--smartTable-header-inner\"]"}
RESULT: {"using":"xpath","value":"//span[@id=\"application-managepricingrules-display-component---priceInfoItem--smartTable-header-inner\"]"}
COMMAND: POST /session/f7ba017eaa8b816e24f68d76f73d024d/elements - {"using":"xpath","value":"//span[@id=\"application-managepricingrules-display-component---priceInfoItem--smartTable-header-inner\"]"}
RESULT: {"using":"xpath","value":"//span[@id=\"application-managepricingrules-display-component---priceInfoItem--smartTable-header-inner\"]"}
COMMAND: POST /session/f7ba017eaa8b816e24f68d76f73d024d/execute/sync - {"script":"<script> [56 bytes]","args":[{"element-6066-11e4-a52e-4f735466cecf":"f.7D4F3E7B3A7890F64A3201E4749DC685.d.BC03315827B433730CDA5E3C055755A7.e.11361","ELEMENT":"f.7D4F3E7B3A7890F64A3201E4749DC685.d.BC03315827B433730CDA5E3C055755A7.e.11361"}]}
RESULT: {"script":"<script> [56 bytes]","args":[{"element-6066-11e4-a52e-4f735466cecf":"f.7D4F3E7B3A7890F64A3201E4749DC685.d.BC03315827B433730CDA5E3C055755A7.e.11361","ELEMENT":"f.7D4F3E7B3A7890F64A3201E4749DC685.d.BC03315827B433730CDA5E3C055755A7.e.11361"}]}
COMMAND: POST /session/f7ba017eaa8b816e24f68d76f73d024d/element - {"using":"css selector","value":"#shell-header-logo"}
COMMAND: GET /session/f7ba017eaa8b816e24f68d76f73d024d/screenshot - {}
RESULT: {"using":"css selector","value":"#shell-header-logo"}
COMMAND: POST /session/f7ba017eaa8b816e24f68d76f73d024d/element/f.7D4F3E7B3A7890F64A3201E4749DC685.d.BC03315827B433730CDA5E3C055755A7.e.10540/click - {}
RESULT: {}
RESULT: {}
COMMAND: GET /session/f7ba017eaa8b816e24f68d76f73d024d/screenshot - {}
RESULT: {}
]]></system-out>
    </testcase>
    <testcase classname="chrome.137_0_7151_69.windows.Billing_transfer_US117289" name="Should create new condition for equipment" time="65.973">
      <system-out><![CDATA[
COMMAND: POST /session/f7ba017eaa8b816e24f68d76f73d024d/execute/async - {"script":"<script> [1562 bytes]","args":[{"selector":{"controlType":"sap.m.GenericTile","properties":{"header":"Manage Conditions & Prices"}},"wdio_ui5_key":"sapm.GenericTile{\"header\":\"Manage Conditions & Prices\"}"}]}
RESULT: {"script":"<script> [1562 bytes]","args":[{"selector":{"controlType":"sap.m.GenericTile","properties":{"header":"Manage Conditions & Prices"}},"wdio_ui5_key":"sapm.GenericTile{\"header\":\"Manage Conditions & Prices\"}"}]}
RESULT: undefined
COMMAND: POST /session/f7ba017eaa8b816e24f68d76f73d024d/element - {"using":"xpath","value":"//*[@id=\"__tile55\"]"}
RESULT: {"using":"xpath","value":"//*[@id=\"__tile55\"]"}
COMMAND: POST /session/f7ba017eaa8b816e24f68d76f73d024d/element/f.7D4F3E7B3A7890F64A3201E4749DC685.d.BC03315827B433730CDA5E3C055755A7.e.10478/click - {}
RESULT: {}
COMMAND: GET /session/f7ba017eaa8b816e24f68d76f73d024d/screenshot - {}
RESULT: {}
COMMAND: POST /session/f7ba017eaa8b816e24f68d76f73d024d/elements - {"using":"xpath","value":"//span[text()='Error']"}
RESULT: {"using":"xpath","value":"//span[text()='Error']"}
COMMAND: POST /session/f7ba017eaa8b816e24f68d76f73d024d/element - {"using":"xpath","value":"//button[@aria-label=\"Create\"]"}
RESULT: {"using":"xpath","value":"//button[@aria-label=\"Create\"]"}
COMMAND: POST /session/f7ba017eaa8b816e24f68d76f73d024d/elements - {"using":"xpath","value":"//button[@aria-label=\"Create\"]"}
RESULT: {"using":"xpath","value":"//button[@aria-label=\"Create\"]"}
COMMAND: POST /session/f7ba017eaa8b816e24f68d76f73d024d/execute/sync - {"script":"<script> [8489 bytes]","args":[{"element-6066-11e4-a52e-4f735466cecf":"f.7D4F3E7B3A7890F64A3201E4749DC685.d.BC03315827B433730CDA5E3C055755A7.e.11396","ELEMENT":"f.7D4F3E7B3A7890F64A3201E4749DC685.d.BC03315827B433730CDA5E3C055755A7.e.11396"}]}
RESULT: {"script":"<script> [8489 bytes]","args":[{"element-6066-11e4-a52e-4f735466cecf":"f.7D4F3E7B3A7890F64A3201E4749DC685.d.BC03315827B433730CDA5E3C055755A7.e.11396","ELEMENT":"f.7D4F3E7B3A7890F64A3201E4749DC685.d.BC03315827B433730CDA5E3C055755A7.e.11396"}]}
COMMAND: GET /session/f7ba017eaa8b816e24f68d76f73d024d/element/f.7D4F3E7B3A7890F64A3201E4749DC685.d.BC03315827B433730CDA5E3C055755A7.e.11396/enabled - {}
COMMAND: GET /session/f7ba017eaa8b816e24f68d76f73d024d/screenshot - {}
RESULT: {}
COMMAND: POST /session/f7ba017eaa8b816e24f68d76f73d024d/execute/sync - {"script":"<script> [8489 bytes]","args":[{"element-6066-11e4-a52e-4f735466cecf":"f.7D4F3E7B3A7890F64A3201E4749DC685.d.BC03315827B433730CDA5E3C055755A7.e.11396","ELEMENT":"f.7D4F3E7B3A7890F64A3201E4749DC685.d.BC03315827B433730CDA5E3C055755A7.e.11396"}]}
COMMAND: GET /session/f7ba017eaa8b816e24f68d76f73d024d/screenshot - {}
RESULT: {}
RESULT: {"script":"<script> [8489 bytes]","args":[{"element-6066-11e4-a52e-4f735466cecf":"f.7D4F3E7B3A7890F64A3201E4749DC685.d.BC03315827B433730CDA5E3C055755A7.e.11396","ELEMENT":"f.7D4F3E7B3A7890F64A3201E4749DC685.d.BC03315827B433730CDA5E3C055755A7.e.11396"}]}
COMMAND: POST /session/f7ba017eaa8b816e24f68d76f73d024d/execute/sync - {"script":"<script> [5351 bytes]","args":[{"element-6066-11e4-a52e-4f735466cecf":"f.7D4F3E7B3A7890F64A3201E4749DC685.d.BC03315827B433730CDA5E3C055755A7.e.11396","ELEMENT":"f.7D4F3E7B3A7890F64A3201E4749DC685.d.BC03315827B433730CDA5E3C055755A7.e.11396"}]}
COMMAND: GET /session/f7ba017eaa8b816e24f68d76f73d024d/screenshot - {}
RESULT: {}
RESULT: {"script":"<script> [5351 bytes]","args":[{"element-6066-11e4-a52e-4f735466cecf":"f.7D4F3E7B3A7890F64A3201E4749DC685.d.BC03315827B433730CDA5E3C055755A7.e.11396","ELEMENT":"f.7D4F3E7B3A7890F64A3201E4749DC685.d.BC03315827B433730CDA5E3C055755A7.e.11396"}]}
COMMAND: POST /session/f7ba017eaa8b816e24f68d76f73d024d/element/f.7D4F3E7B3A7890F64A3201E4749DC685.d.BC03315827B433730CDA5E3C055755A7.e.11396/click - {}
COMMAND: GET /session/f7ba017eaa8b816e24f68d76f73d024d/screenshot - {}
RESULT: {}
RESULT: {}
COMMAND: GET /session/f7ba017eaa8b816e24f68d76f73d024d/screenshot - {}
RESULT: {}
RESULT: {}
COMMAND: POST /session/f7ba017eaa8b816e24f68d76f73d024d/actions - {"actions":[{"id":"action43","type":"key","parameters":{},"actions":[{"type":"keyDown","value":"î€‡"},{"type":"pause","duration":10},{"type":"keyUp","value":"î€‡"}]}]}
RESULT: {"actions":[{"id":"action43","type":"key","parameters":{},"actions":[{"type":"keyDown","value":"î€‡"},{"type":"pause","duration":10},{"type":"keyUp","value":"î€‡"}]}]}
COMMAND: GET /session/f7ba017eaa8b816e24f68d76f73d024d/screenshot - {}
RESULT: {}
COMMAND: POST /session/f7ba017eaa8b816e24f68d76f73d024d/execute/async - {"script":"<script> [1562 bytes]","args":[{"selector":{"id":"application-manageconditionprice-display-component---newCondition--condBillCond-arrow"},"wdio_ui5_key":"applicationmanageconditionprice-display-component---newCondition--condBillCond-arrow"}]}
RESULT: {"script":"<script> [1562 bytes]","args":[{"selector":{"id":"application-manageconditionprice-display-component---newCondition--condBillCond-arrow"},"wdio_ui5_key":"applicationmanageconditionprice-display-component---newCondition--condBillCond-arrow"}]}
RESULT: undefined
COMMAND: POST /session/f7ba017eaa8b816e24f68d76f73d024d/element - {"using":"xpath","value":"//*[@id=\"application-manageconditionprice-display-component---newCondition--condBillCond-arrow\"]"}
RESULT: {"using":"xpath","value":"//*[@id=\"application-manageconditionprice-display-component---newCondition--condBillCond-arrow\"]"}
COMMAND: POST /session/f7ba017eaa8b816e24f68d76f73d024d/element/f.7D4F3E7B3A7890F64A3201E4749DC685.d.BC03315827B433730CDA5E3C055755A7.e.11567/click - {}
RESULT: {}
COMMAND: GET /session/f7ba017eaa8b816e24f68d76f73d024d/screenshot - {}
RESULT: {}
COMMAND: POST /session/f7ba017eaa8b816e24f68d76f73d024d/element - {"using":"xpath","value":"//li[.//span[contains(text(), \"DISP - D&I special price\")]]"}
RESULT: {"using":"xpath","value":"//li[.//span[contains(text(), \"DISP - D&I special price\")]]"}
COMMAND: POST /session/f7ba017eaa8b816e24f68d76f73d024d/element/f.7D4F3E7B3A7890F64A3201E4749DC685.d.BC03315827B433730CDA5E3C055755A7.e.11571/click - {}
RESULT: {}
COMMAND: GET /session/f7ba017eaa8b816e24f68d76f73d024d/screenshot - {}
RESULT: {}
COMMAND: POST /session/f7ba017eaa8b816e24f68d76f73d024d/execute/async - {"script":"<script> [1562 bytes]","args":[{"selector":{"id":"application-manageconditionprice-display-component---newCondition--condValidTo","interaction":{"idSuffix":"inner"}},"wdio_ui5_key":"applicationmanageconditionprice-display-component---newCondition--condValidTo"}]}
RESULT: {"script":"<script> [1562 bytes]","args":[{"selector":{"id":"application-manageconditionprice-display-component---newCondition--condValidTo","interaction":{"idSuffix":"inner"}},"wdio_ui5_key":"applicationmanageconditionprice-display-component---newCondition--condValidTo"}]}
RESULT: undefined
COMMAND: POST /session/f7ba017eaa8b816e24f68d76f73d024d/execute/async - {"script":"<script> [776 bytes]","args":[{"enterText":"2/12/26","selector":{"id":"application-manageconditionprice-display-component---newCondition--condValidTo","interaction":{"idSuffix":"inner"}},"clearTextFirst":true,"interactionType":"ENTER_TEXT"}]}
RESULT: {"script":"<script> [776 bytes]","args":[{"enterText":"2/12/26","selector":{"id":"application-manageconditionprice-display-component---newCondition--condValidTo","interaction":{"idSuffix":"inner"}},"clearTextFirst":true,"interactionType":"ENTER_TEXT"}]}
COMMAND: POST /session/f7ba017eaa8b816e24f68d76f73d024d/element - {"using":"xpath","value":"//input[@id=\"application-manageconditionprice-display-component---newCondition--condRU-inner\"]"}
RESULT: {"using":"xpath","value":"//input[@id=\"application-manageconditionprice-display-component---newCondition--condRU-inner\"]"}
COMMAND: POST /session/f7ba017eaa8b816e24f68d76f73d024d/element/f.7D4F3E7B3A7890F64A3201E4749DC685.d.BC03315827B433730CDA5E3C055755A7.e.11438/clear - {}
RESULT: {}
COMMAND: POST /session/f7ba017eaa8b816e24f68d76f73d024d/element/f.7D4F3E7B3A7890F64A3201E4749DC685.d.BC03315827B433730CDA5E3C055755A7.e.11438/value - {"text":"2O08Hwc5nl"}
COMMAND: GET /session/f7ba017eaa8b816e24f68d76f73d024d/screenshot - {}
RESULT: {"text":"2O08Hwc5nl"}
COMMAND: GET /session/f7ba017eaa8b816e24f68d76f73d024d/screenshot - {}
RESULT: {}
RESULT: {}
COMMAND: POST /session/f7ba017eaa8b816e24f68d76f73d024d/actions - {"actions":[{"id":"action44","type":"key","parameters":{},"actions":[{"type":"keyDown","value":"î€‡"},{"type":"pause","duration":10},{"type":"keyUp","value":"î€‡"}]}]}
RESULT: {"actions":[{"id":"action44","type":"key","parameters":{},"actions":[{"type":"keyDown","value":"î€‡"},{"type":"pause","duration":10},{"type":"keyUp","value":"î€‡"}]}]}
COMMAND: POST /session/f7ba017eaa8b816e24f68d76f73d024d/execute/async - {"script":"<script> [1562 bytes]","args":[{"selector":{"id":"application-manageconditionprice-display-component---newCondition--condBaseQty","interaction":{"idSuffix":"inner"}},"wdio_ui5_key":"applicationmanageconditionprice-display-component---newCondition--condBaseQty"}]}
COMMAND: GET /session/f7ba017eaa8b816e24f68d76f73d024d/screenshot - {}
RESULT: {"script":"<script> [1562 bytes]","args":[{"selector":{"id":"application-manageconditionprice-display-component---newCondition--condBaseQty","interaction":{"idSuffix":"inner"}},"wdio_ui5_key":"applicationmanageconditionprice-display-component---newCondition--condBaseQty"}]}
RESULT: undefined
COMMAND: POST /session/f7ba017eaa8b816e24f68d76f73d024d/execute/async - {"script":"<script> [776 bytes]","args":[{"enterText":"1","selector":{"id":"application-manageconditionprice-display-component---newCondition--condBaseQty","interaction":{"idSuffix":"inner"}},"clearTextFirst":true,"interactionType":"ENTER_TEXT"}]}
RESULT: {}
RESULT: {"script":"<script> [776 bytes]","args":[{"enterText":"1","selector":{"id":"application-manageconditionprice-display-component---newCondition--condBaseQty","interaction":{"idSuffix":"inner"}},"clearTextFirst":true,"interactionType":"ENTER_TEXT"}]}
COMMAND: POST /session/f7ba017eaa8b816e24f68d76f73d024d/execute/async - {"script":"<script> [1562 bytes]","args":[{"selector":{"id":"application-manageconditionprice-display-component---newCondition--condValue","interaction":{"idSuffix":"inner"}},"wdio_ui5_key":"applicationmanageconditionprice-display-component---newCondition--condValue"}]}
RESULT: {"script":"<script> [1562 bytes]","args":[{"selector":{"id":"application-manageconditionprice-display-component---newCondition--condValue","interaction":{"idSuffix":"inner"}},"wdio_ui5_key":"applicationmanageconditionprice-display-component---newCondition--condValue"}]}
RESULT: undefined
COMMAND: POST /session/f7ba017eaa8b816e24f68d76f73d024d/execute/async - {"script":"<script> [776 bytes]","args":[{"enterText":"100","selector":{"id":"application-manageconditionprice-display-component---newCondition--condValue","interaction":{"idSuffix":"inner"}},"clearTextFirst":true,"interactionType":"ENTER_TEXT"}]}
RESULT: {"script":"<script> [776 bytes]","args":[{"enterText":"100","selector":{"id":"application-manageconditionprice-display-component---newCondition--condValue","interaction":{"idSuffix":"inner"}},"clearTextFirst":true,"interactionType":"ENTER_TEXT"}]}
COMMAND: POST /session/f7ba017eaa8b816e24f68d76f73d024d/execute/async - {"script":"<script> [1562 bytes]","args":[{"selector":{"id":"application-manageconditionprice-display-component---newCondition--condCurr-arrow"},"wdio_ui5_key":"applicationmanageconditionprice-display-component---newCondition--condCurr-arrow"}]}
RESULT: {"script":"<script> [1562 bytes]","args":[{"selector":{"id":"application-manageconditionprice-display-component---newCondition--condCurr-arrow"},"wdio_ui5_key":"applicationmanageconditionprice-display-component---newCondition--condCurr-arrow"}]}
RESULT: undefined
COMMAND: POST /session/f7ba017eaa8b816e24f68d76f73d024d/element - {"using":"xpath","value":"//*[@id=\"application-manageconditionprice-display-component---newCondition--condCurr-arrow\"]"}
RESULT: {"using":"xpath","value":"//*[@id=\"application-manageconditionprice-display-component---newCondition--condCurr-arrow\"]"}
COMMAND: POST /session/f7ba017eaa8b816e24f68d76f73d024d/element/f.7D4F3E7B3A7890F64A3201E4749DC685.d.BC03315827B433730CDA5E3C055755A7.e.11536/click - {}
RESULT: {}
COMMAND: POST /session/f7ba017eaa8b816e24f68d76f73d024d/element - {"using":"xpath","value":"//span[contains(text(), \"Euro\")]"}
COMMAND: GET /session/f7ba017eaa8b816e24f68d76f73d024d/screenshot - {}
RESULT: {"using":"xpath","value":"//span[contains(text(), \"Euro\")]"}
COMMAND: POST /session/f7ba017eaa8b816e24f68d76f73d024d/element/f.7D4F3E7B3A7890F64A3201E4749DC685.d.BC03315827B433730CDA5E3C055755A7.e.11608/click - {}
RESULT: {}
RESULT: {}
COMMAND: POST /session/f7ba017eaa8b816e24f68d76f73d024d/element - {"using":"xpath","value":"//button[@data-kt=\"saveButton\"]"}
COMMAND: GET /session/f7ba017eaa8b816e24f68d76f73d024d/screenshot - {}
RESULT: {"using":"xpath","value":"//button[@data-kt=\"saveButton\"]"}
COMMAND: POST /session/f7ba017eaa8b816e24f68d76f73d024d/element/f.7D4F3E7B3A7890F64A3201E4749DC685.d.BC03315827B433730CDA5E3C055755A7.e.11537/click - {}
RESULT: {}
RESULT: {}
COMMAND: GET /session/f7ba017eaa8b816e24f68d76f73d024d/screenshot - {}
RESULT: {}
COMMAND: POST /session/f7ba017eaa8b816e24f68d76f73d024d/execute/async - {"script":"<script> [1562 bytes]","args":[{"selector":{"id":"application-manageconditionprice-display-component---conditions--smartFilterBar-btnBasicSearch","interaction":{"idSuffix":"I"}},"wdio_ui5_key":"applicationmanageconditionprice-display-component---conditions--smartFilterBar-btnBasicSearch"}]}
RESULT: {"script":"<script> [1562 bytes]","args":[{"selector":{"id":"application-manageconditionprice-display-component---conditions--smartFilterBar-btnBasicSearch","interaction":{"idSuffix":"I"}},"wdio_ui5_key":"applicationmanageconditionprice-display-component---conditions--smartFilterBar-btnBasicSearch"}]}
RESULT: undefined
COMMAND: POST /session/f7ba017eaa8b816e24f68d76f73d024d/execute/async - {"script":"<script> [776 bytes]","args":[{"enterText":"2O08Hwc5nl","selector":{"id":"application-manageconditionprice-display-component---conditions--smartFilterBar-btnBasicSearch","interaction":{"idSuffix":"I"}},"clearTextFirst":true,"interactionType":"ENTER_TEXT"}]}
RESULT: {"script":"<script> [776 bytes]","args":[{"enterText":"2O08Hwc5nl","selector":{"id":"application-manageconditionprice-display-component---conditions--smartFilterBar-btnBasicSearch","interaction":{"idSuffix":"I"}},"clearTextFirst":true,"interactionType":"ENTER_TEXT"}]}
COMMAND: POST /session/f7ba017eaa8b816e24f68d76f73d024d/actions - {"actions":[{"id":"action45","type":"key","parameters":{},"actions":[{"type":"keyDown","value":"î€‡"},{"type":"pause","duration":10},{"type":"keyUp","value":"î€‡"}]}]}
RESULT: {"actions":[{"id":"action45","type":"key","parameters":{},"actions":[{"type":"keyDown","value":"î€‡"},{"type":"pause","duration":10},{"type":"keyUp","value":"î€‡"}]}]}
COMMAND: GET /session/f7ba017eaa8b816e24f68d76f73d024d/screenshot - {}
RESULT: {}
COMMAND: POST /session/f7ba017eaa8b816e24f68d76f73d024d/execute/async - {"script":"<script> [1562 bytes]","args":[{"selector":{"id":"application-manageconditionprice-display-component---conditions--smartFilterBar-filterItemControl_BASIC-BILL_TYPES-vhi"},"wdio_ui5_key":"applicationmanageconditionprice-display-component---conditions--smartFilterBar-filterItemControl_BASIC-BILL_TYPES-vhi"}]}
RESULT: {"script":"<script> [1562 bytes]","args":[{"selector":{"id":"application-manageconditionprice-display-component---conditions--smartFilterBar-filterItemControl_BASIC-BILL_TYPES-vhi"},"wdio_ui5_key":"applicationmanageconditionprice-display-component---conditions--smartFilterBar-filterItemControl_BASIC-BILL_TYPES-vhi"}]}
RESULT: undefined
COMMAND: POST /session/f7ba017eaa8b816e24f68d76f73d024d/element - {"using":"xpath","value":"//*[@id=\"application-manageconditionprice-display-component---conditions--smartFilterBar-filterItemControl_BASIC-BILL_TYPES-vhi\"]"}
RESULT: {"using":"xpath","value":"//*[@id=\"application-manageconditionprice-display-component---conditions--smartFilterBar-filterItemControl_BASIC-BILL_TYPES-vhi\"]"}
COMMAND: POST /session/f7ba017eaa8b816e24f68d76f73d024d/element/f.7D4F3E7B3A7890F64A3201E4749DC685.d.BC03315827B433730CDA5E3C055755A7.e.11715/click - {}
RESULT: {}
COMMAND: POST /session/f7ba017eaa8b816e24f68d76f73d024d/execute/async - {"script":"<script> [1562 bytes]","args":[{"selector":{"id":"application-manageconditionprice-display-component---conditions--smartFilterBar-filterItemControl_BASIC-BILL_TYPES-valueHelpDialog-smartFilterBar-btnBasicSearch","searchOpenDialogs":true,"interaction":{"idSuffix":"I"}},"wdio_ui5_key":"applicationmanageconditionprice-display-component---conditions--smartFilterBar-filterItemControl_BASIC-BILL_TYPES-valueHelpDialog-smartFilterBar-btnBasicSearch"}]}
COMMAND: GET /session/f7ba017eaa8b816e24f68d76f73d024d/screenshot - {}
RESULT: {"script":"<script> [1562 bytes]","args":[{"selector":{"id":"application-manageconditionprice-display-component---conditions--smartFilterBar-filterItemControl_BASIC-BILL_TYPES-valueHelpDialog-smartFilterBar-btnBasicSearch","searchOpenDialogs":true,"interaction":{"idSuffix":"I"}},"wdio_ui5_key":"applicationmanageconditionprice-display-component---conditions--smartFilterBar-filterItemControl_BASIC-BILL_TYPES-valueHelpDialog-smartFilterBar-btnBasicSearch"}]}
RESULT: undefined
COMMAND: POST /session/f7ba017eaa8b816e24f68d76f73d024d/execute/async - {"script":"<script> [776 bytes]","args":[{"enterText":"TB","selector":{"id":"application-manageconditionprice-display-component---conditions--smartFilterBar-filterItemControl_BASIC-BILL_TYPES-valueHelpDialog-smartFilterBar-btnBasicSearch","searchOpenDialogs":true,"interaction":{"idSuffix":"I"}},"clearTextFirst":true,"interactionType":"ENTER_TEXT"}]}
RESULT: {}
RESULT: {"script":"<script> [776 bytes]","args":[{"enterText":"TB","selector":{"id":"application-manageconditionprice-display-component---conditions--smartFilterBar-filterItemControl_BASIC-BILL_TYPES-valueHelpDialog-smartFilterBar-btnBasicSearch","searchOpenDialogs":true,"interaction":{"idSuffix":"I"}},"clearTextFirst":true,"interactionType":"ENTER_TEXT"}]}
COMMAND: POST /session/f7ba017eaa8b816e24f68d76f73d024d/actions - {"actions":[{"id":"action46","type":"key","parameters":{},"actions":[{"type":"keyDown","value":"î€‡"},{"type":"pause","duration":10},{"type":"keyUp","value":"î€‡"}]}]}
RESULT: {"actions":[{"id":"action46","type":"key","parameters":{},"actions":[{"type":"keyDown","value":"î€‡"},{"type":"pause","duration":10},{"type":"keyUp","value":"î€‡"}]}]}
COMMAND: GET /session/f7ba017eaa8b816e24f68d76f73d024d/screenshot - {}
RESULT: {}
COMMAND: POST /session/f7ba017eaa8b816e24f68d76f73d024d/element - {"using":"xpath","value":"//div[contains(@id, 'application-manageconditionprice-display-component---conditions--smartFilterBar-filterItemControl_BASIC-BILL_TYPES-valueHelpDialog-table-rowsel0')]"}
RESULT: {"using":"xpath","value":"//div[contains(@id, 'application-manageconditionprice-display-component---conditions--smartFilterBar-filterItemControl_BASIC-BILL_TYPES-valueHelpDialog-table-rowsel0')]"}
COMMAND: POST /session/f7ba017eaa8b816e24f68d76f73d024d/element/f.7D4F3E7B3A7890F64A3201E4749DC685.d.BC03315827B433730CDA5E3C055755A7.e.11723/click - {}
RESULT: {}
COMMAND: GET /session/f7ba017eaa8b816e24f68d76f73d024d/screenshot - {}
RESULT: {}
COMMAND: POST /session/f7ba017eaa8b816e24f68d76f73d024d/element - {"using":"xpath","value":"//bdi[contains(text(), \"OK\")]"}
RESULT: {"using":"xpath","value":"//bdi[contains(text(), \"OK\")]"}
COMMAND: POST /session/f7ba017eaa8b816e24f68d76f73d024d/element/f.7D4F3E7B3A7890F64A3201E4749DC685.d.BC03315827B433730CDA5E3C055755A7.e.11725/click - {}
RESULT: {}
COMMAND: GET /session/f7ba017eaa8b816e24f68d76f73d024d/screenshot - {}
RESULT: {}
COMMAND: POST /session/f7ba017eaa8b816e24f68d76f73d024d/element - {"using":"xpath","value":"//span[@id=\"application-manageconditionprice-display-component---conditions--smartTable-header-inner\"]"}
RESULT: {"using":"xpath","value":"//span[@id=\"application-manageconditionprice-display-component---conditions--smartTable-header-inner\"]"}
COMMAND: POST /session/f7ba017eaa8b816e24f68d76f73d024d/elements - {"using":"xpath","value":"//span[@id=\"application-manageconditionprice-display-component---conditions--smartTable-header-inner\"]"}
RESULT: {"using":"xpath","value":"//span[@id=\"application-manageconditionprice-display-component---conditions--smartTable-header-inner\"]"}
COMMAND: POST /session/f7ba017eaa8b816e24f68d76f73d024d/execute/sync - {"script":"<script> [56 bytes]","args":[{"element-6066-11e4-a52e-4f735466cecf":"f.7D4F3E7B3A7890F64A3201E4749DC685.d.BC03315827B433730CDA5E3C055755A7.e.11728","ELEMENT":"f.7D4F3E7B3A7890F64A3201E4749DC685.d.BC03315827B433730CDA5E3C055755A7.e.11728"}]}
RESULT: {"script":"<script> [56 bytes]","args":[{"element-6066-11e4-a52e-4f735466cecf":"f.7D4F3E7B3A7890F64A3201E4749DC685.d.BC03315827B433730CDA5E3C055755A7.e.11728","ELEMENT":"f.7D4F3E7B3A7890F64A3201E4749DC685.d.BC03315827B433730CDA5E3C055755A7.e.11728"}]}
COMMAND: POST /session/f7ba017eaa8b816e24f68d76f73d024d/element - {"using":"css selector","value":"#shell-header-logo"}
COMMAND: GET /session/f7ba017eaa8b816e24f68d76f73d024d/screenshot - {}
RESULT: {"using":"css selector","value":"#shell-header-logo"}
COMMAND: POST /session/f7ba017eaa8b816e24f68d76f73d024d/element/f.7D4F3E7B3A7890F64A3201E4749DC685.d.BC03315827B433730CDA5E3C055755A7.e.11364/click - {}
RESULT: {}
RESULT: {}
COMMAND: GET /session/f7ba017eaa8b816e24f68d76f73d024d/screenshot - {}
RESULT: {}
]]></system-out>
    </testcase>
  </testsuite>
  <testsuite timestamp="2025-06-12T18:08:44" time="655.732" tests="12" failures="6" errors="6" skipped="0">
    <properties>
      <property name="specId" value="0" />
      <property name="suiteName" value="Create Reverse Billing US127248" />
      <property name="capabilities" value="chrome.137_0_7151_69.windows" />
      <property name="file" value="file:///D:/a/1/s/test/specs/BTS/reverse-billing.spec.js" />
    </properties>
    <testcase classname="chrome.137_0_7151_69.windows.Create_Reverse_Billing_US127248" name="Should create a new yard" time="2.255">
      <system-out><![CDATA[
COMMAND: POST /session/f7ba017eaa8b816e24f68d76f73d024d/window/fullscreen - {}
RESULT: {}
]]></system-out>
    </testcase>
    <testcase classname="chrome.137_0_7151_69.windows.Create_Reverse_Billing_US127248" name="Should create a new partner" time="0.002" />
    <testcase classname="chrome.137_0_7151_69.windows.Create_Reverse_Billing_US127248" name="Should create a new site" time="0.002" />
    <testcase classname="chrome.137_0_7151_69.windows.Create_Reverse_Billing_US127248" name="Should create a resource" time="144.359">
      <system-out><![CDATA[
COMMAND: POST /session/f7ba017eaa8b816e24f68d76f73d024d/execute/async - {"script":"<script> [1562 bytes]","args":[{"selector":{"controlType":"sap.m.GenericTile","properties":{"header":"Manage Resources"}},"wdio_ui5_key":"sapm.GenericTile{\"header\":\"Manage Resources\"}"}]}
RESULT: {"script":"<script> [1562 bytes]","args":[{"selector":{"controlType":"sap.m.GenericTile","properties":{"header":"Manage Resources"}},"wdio_ui5_key":"sapm.GenericTile{\"header\":\"Manage Resources\"}"}]}
RESULT: undefined
COMMAND: POST /session/f7ba017eaa8b816e24f68d76f73d024d/element - {"using":"xpath","value":"//*[@id=\"__tile40\"]"}
RESULT: {"using":"xpath","value":"//*[@id=\"__tile40\"]"}
COMMAND: POST /session/f7ba017eaa8b816e24f68d76f73d024d/element/f.7D4F3E7B3A7890F64A3201E4749DC685.d.67C570683513AC8B7311346C51962A4B.e.12524/click - {}
RESULT: {}
COMMAND: GET /session/f7ba017eaa8b816e24f68d76f73d024d/screenshot - {}
RESULT: {}
COMMAND: POST /session/f7ba017eaa8b816e24f68d76f73d024d/elements - {"using":"xpath","value":"//span[text()='Error']"}
RESULT: {"using":"xpath","value":"//span[text()='Error']"}
COMMAND: POST /session/f7ba017eaa8b816e24f68d76f73d024d/element - {"using":"xpath","value":"//button[@data-kt=\"addNewRUOverflowToolbarButton\"]"}
RESULT: {"using":"xpath","value":"//button[@data-kt=\"addNewRUOverflowToolbarButton\"]"}
COMMAND: POST /session/f7ba017eaa8b816e24f68d76f73d024d/elements - {"using":"xpath","value":"//button[@data-kt=\"addNewRUOverflowToolbarButton\"]"}
RESULT: {"using":"xpath","value":"//button[@data-kt=\"addNewRUOverflowToolbarButton\"]"}
COMMAND: POST /session/f7ba017eaa8b816e24f68d76f73d024d/elements - {"using":"xpath","value":"//button[@data-kt=\"addNewRUOverflowToolbarButton\"]"}
RESULT: {"using":"xpath","value":"//button[@data-kt=\"addNewRUOverflowToolbarButton\"]"}
COMMAND: POST /session/f7ba017eaa8b816e24f68d76f73d024d/elements - {"using":"xpath","value":"//button[@data-kt=\"addNewRUOverflowToolbarButton\"]"}
RESULT: {"using":"xpath","value":"//button[@data-kt=\"addNewRUOverflowToolbarButton\"]"}
COMMAND: POST /session/f7ba017eaa8b816e24f68d76f73d024d/elements - {"using":"xpath","value":"//button[@data-kt=\"addNewRUOverflowToolbarButton\"]"}
RESULT: {"using":"xpath","value":"//button[@data-kt=\"addNewRUOverflowToolbarButton\"]"}
COMMAND: POST /session/f7ba017eaa8b816e24f68d76f73d024d/elements - {"using":"xpath","value":"//button[@data-kt=\"addNewRUOverflowToolbarButton\"]"}
RESULT: {"using":"xpath","value":"//button[@data-kt=\"addNewRUOverflowToolbarButton\"]"}
COMMAND: POST /session/f7ba017eaa8b816e24f68d76f73d024d/elements - {"using":"xpath","value":"//button[@data-kt=\"addNewRUOverflowToolbarButton\"]"}
RESULT: {"using":"xpath","value":"//button[@data-kt=\"addNewRUOverflowToolbarButton\"]"}
COMMAND: POST /session/f7ba017eaa8b816e24f68d76f73d024d/elements - {"using":"xpath","value":"//button[@data-kt=\"addNewRUOverflowToolbarButton\"]"}
RESULT: {"using":"xpath","value":"//button[@data-kt=\"addNewRUOverflowToolbarButton\"]"}
COMMAND: POST /session/f7ba017eaa8b816e24f68d76f73d024d/elements - {"using":"xpath","value":"//button[@data-kt=\"addNewRUOverflowToolbarButton\"]"}
RESULT: {"using":"xpath","value":"//button[@data-kt=\"addNewRUOverflowToolbarButton\"]"}
COMMAND: POST /session/f7ba017eaa8b816e24f68d76f73d024d/elements - {"using":"xpath","value":"//button[@data-kt=\"addNewRUOverflowToolbarButton\"]"}
RESULT: {"using":"xpath","value":"//button[@data-kt=\"addNewRUOverflowToolbarButton\"]"}
COMMAND: POST /session/f7ba017eaa8b816e24f68d76f73d024d/elements - {"using":"xpath","value":"//button[@data-kt=\"addNewRUOverflowToolbarButton\"]"}
RESULT: {"using":"xpath","value":"//button[@data-kt=\"addNewRUOverflowToolbarButton\"]"}
COMMAND: POST /session/f7ba017eaa8b816e24f68d76f73d024d/elements - {"using":"xpath","value":"//button[@data-kt=\"addNewRUOverflowToolbarButton\"]"}
RESULT: {"using":"xpath","value":"//button[@data-kt=\"addNewRUOverflowToolbarButton\"]"}
COMMAND: POST /session/f7ba017eaa8b816e24f68d76f73d024d/elements - {"using":"xpath","value":"//button[@data-kt=\"addNewRUOverflowToolbarButton\"]"}
RESULT: {"using":"xpath","value":"//button[@data-kt=\"addNewRUOverflowToolbarButton\"]"}
COMMAND: POST /session/f7ba017eaa8b816e24f68d76f73d024d/elements - {"using":"xpath","value":"//button[@data-kt=\"addNewRUOverflowToolbarButton\"]"}
RESULT: {"using":"xpath","value":"//button[@data-kt=\"addNewRUOverflowToolbarButton\"]"}
COMMAND: POST /session/f7ba017eaa8b816e24f68d76f73d024d/elements - {"using":"xpath","value":"//button[@data-kt=\"addNewRUOverflowToolbarButton\"]"}
RESULT: {"using":"xpath","value":"//button[@data-kt=\"addNewRUOverflowToolbarButton\"]"}
COMMAND: POST /session/f7ba017eaa8b816e24f68d76f73d024d/elements - {"using":"xpath","value":"//button[@data-kt=\"addNewRUOverflowToolbarButton\"]"}
RESULT: {"using":"xpath","value":"//button[@data-kt=\"addNewRUOverflowToolbarButton\"]"}
COMMAND: POST /session/f7ba017eaa8b816e24f68d76f73d024d/elements - {"using":"xpath","value":"//button[@data-kt=\"addNewRUOverflowToolbarButton\"]"}
RESULT: {"using":"xpath","value":"//button[@data-kt=\"addNewRUOverflowToolbarButton\"]"}
COMMAND: POST /session/f7ba017eaa8b816e24f68d76f73d024d/elements - {"using":"xpath","value":"//button[@data-kt=\"addNewRUOverflowToolbarButton\"]"}
RESULT: {"using":"xpath","value":"//button[@data-kt=\"addNewRUOverflowToolbarButton\"]"}
COMMAND: POST /session/f7ba017eaa8b816e24f68d76f73d024d/elements - {"using":"xpath","value":"//button[@data-kt=\"addNewRUOverflowToolbarButton\"]"}
RESULT: {"using":"xpath","value":"//button[@data-kt=\"addNewRUOverflowToolbarButton\"]"}
COMMAND: POST /session/f7ba017eaa8b816e24f68d76f73d024d/elements - {"using":"xpath","value":"//button[@data-kt=\"addNewRUOverflowToolbarButton\"]"}
RESULT: {"using":"xpath","value":"//button[@data-kt=\"addNewRUOverflowToolbarButton\"]"}
COMMAND: POST /session/f7ba017eaa8b816e24f68d76f73d024d/elements - {"using":"xpath","value":"//button[@data-kt=\"addNewRUOverflowToolbarButton\"]"}
RESULT: {"using":"xpath","value":"//button[@data-kt=\"addNewRUOverflowToolbarButton\"]"}
COMMAND: POST /session/f7ba017eaa8b816e24f68d76f73d024d/elements - {"using":"xpath","value":"//button[@data-kt=\"addNewRUOverflowToolbarButton\"]"}
RESULT: {"using":"xpath","value":"//button[@data-kt=\"addNewRUOverflowToolbarButton\"]"}
COMMAND: POST /session/f7ba017eaa8b816e24f68d76f73d024d/element - {"using":"xpath","value":"//button[@data-kt=\"addNewRUOverflowToolbarButton\"]"}
RESULT: {"using":"xpath","value":"//button[@data-kt=\"addNewRUOverflowToolbarButton\"]"}
COMMAND: POST /session/f7ba017eaa8b816e24f68d76f73d024d/execute/sync - {"script":"<script> [8489 bytes]","args":[{"element-6066-11e4-a52e-4f735466cecf":"f.7D4F3E7B3A7890F64A3201E4749DC685.d.67C570683513AC8B7311346C51962A4B.e.12678","ELEMENT":"f.7D4F3E7B3A7890F64A3201E4749DC685.d.67C570683513AC8B7311346C51962A4B.e.12678"}]}
RESULT: {"script":"<script> [8489 bytes]","args":[{"element-6066-11e4-a52e-4f735466cecf":"f.7D4F3E7B3A7890F64A3201E4749DC685.d.67C570683513AC8B7311346C51962A4B.e.12678","ELEMENT":"f.7D4F3E7B3A7890F64A3201E4749DC685.d.67C570683513AC8B7311346C51962A4B.e.12678"}]}
COMMAND: GET /session/f7ba017eaa8b816e24f68d76f73d024d/element/f.7D4F3E7B3A7890F64A3201E4749DC685.d.67C570683513AC8B7311346C51962A4B.e.12678/enabled - {}
COMMAND: GET /session/f7ba017eaa8b816e24f68d76f73d024d/screenshot - {}
RESULT: {}
COMMAND: POST /session/f7ba017eaa8b816e24f68d76f73d024d/execute/sync - {"script":"<script> [8489 bytes]","args":[{"element-6066-11e4-a52e-4f735466cecf":"f.7D4F3E7B3A7890F64A3201E4749DC685.d.67C570683513AC8B7311346C51962A4B.e.12678","ELEMENT":"f.7D4F3E7B3A7890F64A3201E4749DC685.d.67C570683513AC8B7311346C51962A4B.e.12678"}]}
COMMAND: GET /session/f7ba017eaa8b816e24f68d76f73d024d/screenshot - {}
RESULT: {}
RESULT: {"script":"<script> [8489 bytes]","args":[{"element-6066-11e4-a52e-4f735466cecf":"f.7D4F3E7B3A7890F64A3201E4749DC685.d.67C570683513AC8B7311346C51962A4B.e.12678","ELEMENT":"f.7D4F3E7B3A7890F64A3201E4749DC685.d.67C570683513AC8B7311346C51962A4B.e.12678"}]}
COMMAND: POST /session/f7ba017eaa8b816e24f68d76f73d024d/execute/sync - {"script":"<script> [5351 bytes]","args":[{"element-6066-11e4-a52e-4f735466cecf":"f.7D4F3E7B3A7890F64A3201E4749DC685.d.67C570683513AC8B7311346C51962A4B.e.12678","ELEMENT":"f.7D4F3E7B3A7890F64A3201E4749DC685.d.67C570683513AC8B7311346C51962A4B.e.12678"}]}
COMMAND: GET /session/f7ba017eaa8b816e24f68d76f73d024d/screenshot - {}
RESULT: {}
RESULT: {"script":"<script> [5351 bytes]","args":[{"element-6066-11e4-a52e-4f735466cecf":"f.7D4F3E7B3A7890F64A3201E4749DC685.d.67C570683513AC8B7311346C51962A4B.e.12678","ELEMENT":"f.7D4F3E7B3A7890F64A3201E4749DC685.d.67C570683513AC8B7311346C51962A4B.e.12678"}]}
COMMAND: POST /session/f7ba017eaa8b816e24f68d76f73d024d/element/f.7D4F3E7B3A7890F64A3201E4749DC685.d.67C570683513AC8B7311346C51962A4B.e.12678/click - {}
COMMAND: GET /session/f7ba017eaa8b816e24f68d76f73d024d/screenshot - {}
RESULT: {}
RESULT: {}
COMMAND: GET /session/f7ba017eaa8b816e24f68d76f73d024d/screenshot - {}
COMMAND: POST /session/f7ba017eaa8b816e24f68d76f73d024d/execute/async - {"script":"<script> [1562 bytes]","args":[{"selector":{"id":"application-manageresources-display-component---newResourceUnit--TYPE-arrow"},"wdio_ui5_key":"applicationmanageresources-display-component---newResourceUnit--TYPE-arrow"}]}
RESULT: {}
RESULT: {}
RESULT: {"script":"<script> [1562 bytes]","args":[{"selector":{"id":"application-manageresources-display-component---newResourceUnit--TYPE-arrow"},"wdio_ui5_key":"applicationmanageresources-display-component---newResourceUnit--TYPE-arrow"}]}
RESULT: undefined
COMMAND: POST /session/f7ba017eaa8b816e24f68d76f73d024d/element - {"using":"xpath","value":"//*[@id=\"application-manageresources-display-component---newResourceUnit--TYPE-arrow\"]"}
RESULT: {"using":"xpath","value":"//*[@id=\"application-manageresources-display-component---newResourceUnit--TYPE-arrow\"]"}
COMMAND: POST /session/f7ba017eaa8b816e24f68d76f73d024d/element/f.7D4F3E7B3A7890F64A3201E4749DC685.d.67C570683513AC8B7311346C51962A4B.e.13032/click - {}
RESULT: {}
COMMAND: POST /session/f7ba017eaa8b816e24f68d76f73d024d/element - {"using":"xpath","value":"//input[@id=\"application-manageresources-display-component---newResourceUnit--TYPE-inner\"]"}
COMMAND: GET /session/f7ba017eaa8b816e24f68d76f73d024d/screenshot - {}
RESULT: {"using":"xpath","value":"//input[@id=\"application-manageresources-display-component---newResourceUnit--TYPE-inner\"]"}
COMMAND: POST /session/f7ba017eaa8b816e24f68d76f73d024d/element/f.7D4F3E7B3A7890F64A3201E4749DC685.d.67C570683513AC8B7311346C51962A4B.e.13023/clear - {}
RESULT: {}
RESULT: {}
COMMAND: POST /session/f7ba017eaa8b816e24f68d76f73d024d/element/f.7D4F3E7B3A7890F64A3201E4749DC685.d.67C570683513AC8B7311346C51962A4B.e.13023/value - {"text":"Equipment"}
COMMAND: GET /session/f7ba017eaa8b816e24f68d76f73d024d/screenshot - {}
RESULT: {"text":"Equipment"}
COMMAND: GET /session/f7ba017eaa8b816e24f68d76f73d024d/screenshot - {}
RESULT: {}
RESULT: {}
COMMAND: POST /session/f7ba017eaa8b816e24f68d76f73d024d/actions - {"actions":[{"id":"action49","type":"key","parameters":{},"actions":[{"type":"keyDown","value":"î€‡"},{"type":"pause","duration":10},{"type":"keyUp","value":"î€‡"}]}]}
RESULT: {"actions":[{"id":"action49","type":"key","parameters":{},"actions":[{"type":"keyDown","value":"î€‡"},{"type":"pause","duration":10},{"type":"keyUp","value":"î€‡"}]}]}
COMMAND: POST /session/f7ba017eaa8b816e24f68d76f73d024d/execute/async - {"script":"<script> [1562 bytes]","args":[{"selector":{"id":"application-manageresources-display-component---newResourceUnit--resourceId","interaction":{"idSuffix":"inner"}},"wdio_ui5_key":"applicationmanageresources-display-component---newResourceUnit--resourceId"}]}
COMMAND: GET /session/f7ba017eaa8b816e24f68d76f73d024d/screenshot - {}
RESULT: {"script":"<script> [1562 bytes]","args":[{"selector":{"id":"application-manageresources-display-component---newResourceUnit--resourceId","interaction":{"idSuffix":"inner"}},"wdio_ui5_key":"applicationmanageresources-display-component---newResourceUnit--resourceId"}]}
RESULT: undefined
COMMAND: POST /session/f7ba017eaa8b816e24f68d76f73d024d/execute/async - {"script":"<script> [776 bytes]","args":[{"enterText":"WrJQGoaOiV","selector":{"id":"application-manageresources-display-component---newResourceUnit--resourceId","interaction":{"idSuffix":"inner"}},"clearTextFirst":true,"interactionType":"ENTER_TEXT"}]}
RESULT: {}
RESULT: {"script":"<script> [776 bytes]","args":[{"enterText":"WrJQGoaOiV","selector":{"id":"application-manageresources-display-component---newResourceUnit--resourceId","interaction":{"idSuffix":"inner"}},"clearTextFirst":true,"interactionType":"ENTER_TEXT"}]}
COMMAND: POST /session/f7ba017eaa8b816e24f68d76f73d024d/execute/async - {"script":"<script> [1562 bytes]","args":[{"selector":{"id":"application-manageresources-display-component---newResourceUnit--SHORT_TEXT","interaction":{"idSuffix":"inner"}},"wdio_ui5_key":"applicationmanageresources-display-component---newResourceUnit--SHORT_TEXT"}]}
RESULT: {"script":"<script> [1562 bytes]","args":[{"selector":{"id":"application-manageresources-display-component---newResourceUnit--SHORT_TEXT","interaction":{"idSuffix":"inner"}},"wdio_ui5_key":"applicationmanageresources-display-component---newResourceUnit--SHORT_TEXT"}]}
RESULT: undefined
COMMAND: POST /session/f7ba017eaa8b816e24f68d76f73d024d/execute/async - {"script":"<script> [776 bytes]","args":[{"enterText":"Intercompany Equipment WDIO","selector":{"id":"application-manageresources-display-component---newResourceUnit--SHORT_TEXT","interaction":{"idSuffix":"inner"}},"clearTextFirst":true,"interactionType":"ENTER_TEXT"}]}
RESULT: {"script":"<script> [776 bytes]","args":[{"enterText":"Intercompany Equipment WDIO","selector":{"id":"application-manageresources-display-component---newResourceUnit--SHORT_TEXT","interaction":{"idSuffix":"inner"}},"clearTextFirst":true,"interactionType":"ENTER_TEXT"}]}
COMMAND: POST /session/f7ba017eaa8b816e24f68d76f73d024d/execute/async - {"script":"<script> [1562 bytes]","args":[{"selector":{"id":"application-manageresources-display-component---newResourceUnit--BASE_UNIT_OF_MEASURE","interaction":{"idSuffix":"inner"}},"wdio_ui5_key":"applicationmanageresources-display-component---newResourceUnit--BASE_UNIT_OF_MEASURE"}]}
RESULT: {"script":"<script> [1562 bytes]","args":[{"selector":{"id":"application-manageresources-display-component---newResourceUnit--BASE_UNIT_OF_MEASURE","interaction":{"idSuffix":"inner"}},"wdio_ui5_key":"applicationmanageresources-display-component---newResourceUnit--BASE_UNIT_OF_MEASURE"}]}
RESULT: undefined
COMMAND: POST /session/f7ba017eaa8b816e24f68d76f73d024d/execute/async - {"script":"<script> [776 bytes]","args":[{"enterText":"Piece","selector":{"id":"application-manageresources-display-component---newResourceUnit--BASE_UNIT_OF_MEASURE","interaction":{"idSuffix":"inner"}},"clearTextFirst":true,"interactionType":"ENTER_TEXT"}]}
RESULT: {"script":"<script> [776 bytes]","args":[{"enterText":"Piece","selector":{"id":"application-manageresources-display-component---newResourceUnit--BASE_UNIT_OF_MEASURE","interaction":{"idSuffix":"inner"}},"clearTextFirst":true,"interactionType":"ENTER_TEXT"}]}
COMMAND: POST /session/f7ba017eaa8b816e24f68d76f73d024d/execute/async - {"script":"<script> [1562 bytes]","args":[{"selector":{"id":"application-manageresources-display-component---newResourceUnit--WEIGHT_UNIT","interaction":{"idSuffix":"inner"}},"wdio_ui5_key":"applicationmanageresources-display-component---newResourceUnit--WEIGHT_UNIT"}]}
RESULT: {"script":"<script> [1562 bytes]","args":[{"selector":{"id":"application-manageresources-display-component---newResourceUnit--WEIGHT_UNIT","interaction":{"idSuffix":"inner"}},"wdio_ui5_key":"applicationmanageresources-display-component---newResourceUnit--WEIGHT_UNIT"}]}
RESULT: undefined
COMMAND: POST /session/f7ba017eaa8b816e24f68d76f73d024d/execute/async - {"script":"<script> [776 bytes]","args":[{"enterText":"Gram","selector":{"id":"application-manageresources-display-component---newResourceUnit--WEIGHT_UNIT","interaction":{"idSuffix":"inner"}},"clearTextFirst":true,"interactionType":"ENTER_TEXT"}]}
RESULT: {"script":"<script> [776 bytes]","args":[{"enterText":"Gram","selector":{"id":"application-manageresources-display-component---newResourceUnit--WEIGHT_UNIT","interaction":{"idSuffix":"inner"}},"clearTextFirst":true,"interactionType":"ENTER_TEXT"}]}
COMMAND: POST /session/f7ba017eaa8b816e24f68d76f73d024d/execute/async - {"script":"<script> [1562 bytes]","args":[{"selector":{"id":"application-manageresources-display-component---newResourceUnit--DIMENSION_UNIT","interaction":{"idSuffix":"inner"}},"wdio_ui5_key":"applicationmanageresources-display-component---newResourceUnit--DIMENSION_UNIT"}]}
RESULT: {"script":"<script> [1562 bytes]","args":[{"selector":{"id":"application-manageresources-display-component---newResourceUnit--DIMENSION_UNIT","interaction":{"idSuffix":"inner"}},"wdio_ui5_key":"applicationmanageresources-display-component---newResourceUnit--DIMENSION_UNIT"}]}
RESULT: undefined
COMMAND: POST /session/f7ba017eaa8b816e24f68d76f73d024d/execute/async - {"script":"<script> [776 bytes]","args":[{"enterText":"Meter","selector":{"id":"application-manageresources-display-component---newResourceUnit--DIMENSION_UNIT","interaction":{"idSuffix":"inner"}},"clearTextFirst":true,"interactionType":"ENTER_TEXT"}]}
RESULT: {"script":"<script> [776 bytes]","args":[{"enterText":"Meter","selector":{"id":"application-manageresources-display-component---newResourceUnit--DIMENSION_UNIT","interaction":{"idSuffix":"inner"}},"clearTextFirst":true,"interactionType":"ENTER_TEXT"}]}
COMMAND: POST /session/f7ba017eaa8b816e24f68d76f73d024d/execute/async - {"script":"<script> [1562 bytes]","args":[{"selector":{"id":"application-manageresources-display-component---newResourceUnit--newRRUPage-anchBar-application-manageresources-display-component---newResourceUnit--control-anchor","interaction":{"idSuffix":"BDI-content"}},"wdio_ui5_key":"applicationmanageresources-display-component---newResourceUnit--newRRUPage-anchBar-application-manageresources-display-component---newResourceUnit--control-anchor"}]}
RESULT: {"script":"<script> [1562 bytes]","args":[{"selector":{"id":"application-manageresources-display-component---newResourceUnit--newRRUPage-anchBar-application-manageresources-display-component---newResourceUnit--control-anchor","interaction":{"idSuffix":"BDI-content"}},"wdio_ui5_key":"applicationmanageresources-display-component---newResourceUnit--newRRUPage-anchBar-application-manageresources-display-component---newResourceUnit--control-anchor"}]}
RESULT: undefined
COMMAND: POST /session/f7ba017eaa8b816e24f68d76f73d024d/element - {"using":"xpath","value":"//*[@id=\"application-manageresources-display-component---newResourceUnit--newRRUPage-anchBar-application-manageresources-display-component---newResourceUnit--control-anchor\"]"}
RESULT: {"using":"xpath","value":"//*[@id=\"application-manageresources-display-component---newResourceUnit--newRRUPage-anchBar-application-manageresources-display-component---newResourceUnit--control-anchor\"]"}
COMMAND: POST /session/f7ba017eaa8b816e24f68d76f73d024d/element/f.7D4F3E7B3A7890F64A3201E4749DC685.d.67C570683513AC8B7311346C51962A4B.e.13189/click - {}
RESULT: {}
COMMAND: POST /session/f7ba017eaa8b816e24f68d76f73d024d/execute/async - {"script":"<script> [1562 bytes]","args":[{"selector":{"id":"application-manageresources-display-component---newResourceUnit--PLANNING_GROUP","interaction":{"idSuffix":"inner"}},"wdio_ui5_key":"applicationmanageresources-display-component---newResourceUnit--PLANNING_GROUP"}]}
COMMAND: GET /session/f7ba017eaa8b816e24f68d76f73d024d/screenshot - {}
RESULT: {"script":"<script> [1562 bytes]","args":[{"selector":{"id":"application-manageresources-display-component---newResourceUnit--PLANNING_GROUP","interaction":{"idSuffix":"inner"}},"wdio_ui5_key":"applicationmanageresources-display-component---newResourceUnit--PLANNING_GROUP"}]}
RESULT: undefined
COMMAND: POST /session/f7ba017eaa8b816e24f68d76f73d024d/execute/async - {"script":"<script> [776 bytes]","args":[{"enterText":"Heavy Equi","selector":{"id":"application-manageresources-display-component---newResourceUnit--PLANNING_GROUP","interaction":{"idSuffix":"inner"}},"clearTextFirst":true,"interactionType":"ENTER_TEXT"}]}
RESULT: {}
RESULT: {"script":"<script> [776 bytes]","args":[{"enterText":"Heavy Equi","selector":{"id":"application-manageresources-display-component---newResourceUnit--PLANNING_GROUP","interaction":{"idSuffix":"inner"}},"clearTextFirst":true,"interactionType":"ENTER_TEXT"}]}
COMMAND: POST /session/f7ba017eaa8b816e24f68d76f73d024d/execute/async - {"script":"<script> [1562 bytes]","args":[{"selector":{"id":"application-manageresources-display-component---newResourceUnit--ITEM_TYPE-arrow"},"wdio_ui5_key":"applicationmanageresources-display-component---newResourceUnit--ITEM_TYPE-arrow"}]}
RESULT: {"script":"<script> [1562 bytes]","args":[{"selector":{"id":"application-manageresources-display-component---newResourceUnit--ITEM_TYPE-arrow"},"wdio_ui5_key":"applicationmanageresources-display-component---newResourceUnit--ITEM_TYPE-arrow"}]}
RESULT: undefined
COMMAND: POST /session/f7ba017eaa8b816e24f68d76f73d024d/element - {"using":"xpath","value":"//*[@id=\"application-manageresources-display-component---newResourceUnit--ITEM_TYPE-arrow\"]"}
RESULT: {"using":"xpath","value":"//*[@id=\"application-manageresources-display-component---newResourceUnit--ITEM_TYPE-arrow\"]"}
COMMAND: POST /session/f7ba017eaa8b816e24f68d76f73d024d/element/f.7D4F3E7B3A7890F64A3201E4749DC685.d.67C570683513AC8B7311346C51962A4B.e.13196/click - {}
RESULT: {}
COMMAND: POST /session/f7ba017eaa8b816e24f68d76f73d024d/element - {"using":"xpath","value":"//ul[contains(@id,\"ITEM_TYPE-popup-list-listUl\")]//li[.//span[contains(text(),\"Resource Unit\")]]"}
COMMAND: GET /session/f7ba017eaa8b816e24f68d76f73d024d/screenshot - {}
RESULT: {"using":"xpath","value":"//ul[contains(@id,\"ITEM_TYPE-popup-list-listUl\")]//li[.//span[contains(text(),\"Resource Unit\")]]"}
COMMAND: POST /session/f7ba017eaa8b816e24f68d76f73d024d/element/f.7D4F3E7B3A7890F64A3201E4749DC685.d.67C570683513AC8B7311346C51962A4B.e.13197/click - {}
RESULT: {}
RESULT: {}
COMMAND: GET /session/f7ba017eaa8b816e24f68d76f73d024d/screenshot - {}
RESULT: {}
COMMAND: POST /session/f7ba017eaa8b816e24f68d76f73d024d/element - {"using":"css selector","value":"#application-manageresources-display-component---newResourceUnit--btnAddTimeSegment"}
RESULT: {"using":"css selector","value":"#application-manageresources-display-component---newResourceUnit--btnAddTimeSegment"}
COMMAND: GET /session/f7ba017eaa8b816e24f68d76f73d024d/element/f.7D4F3E7B3A7890F64A3201E4749DC685.d.67C570683513AC8B7311346C51962A4B.e.13205/rect - {}
RESULT: {}
COMMAND: GET /session/f7ba017eaa8b816e24f68d76f73d024d/window/rect - {}
RESULT: {}
COMMAND: POST /session/f7ba017eaa8b816e24f68d76f73d024d/execute/sync - {"script":"<script> [92 bytes]","args":[]}
RESULT: {"script":"<script> [92 bytes]","args":[]}
COMMAND: POST /session/f7ba017eaa8b816e24f68d76f73d024d/actions - {"actions":[{"id":"action50","type":"wheel","parameters":{},"actions":[{"type":"scroll","x":-1888,"y":-32,"deltaX":0,"deltaY":0,"duration":0,"origin":{"element-6066-11e4-a52e-4f735466cecf":"f.7D4F3E7B3A7890F64A3201E4749DC685.d.67C570683513AC8B7311346C51962A4B.e.13205"}}]}]}
COMMAND: GET /session/f7ba017eaa8b816e24f68d76f73d024d/screenshot - {}
RESULT: {}
COMMAND: POST /session/f7ba017eaa8b816e24f68d76f73d024d/execute/sync - {"script":"<script> [79 bytes]","args":[{"element-6066-11e4-a52e-4f735466cecf":"f.7D4F3E7B3A7890F64A3201E4749DC685.d.67C570683513AC8B7311346C51962A4B.e.13205","ELEMENT":"f.7D4F3E7B3A7890F64A3201E4749DC685.d.67C570683513AC8B7311346C51962A4B.e.13205"},{"block":"start","inline":"nearest"}]}
RESULT: {"script":"<script> [79 bytes]","args":[{"element-6066-11e4-a52e-4f735466cecf":"f.7D4F3E7B3A7890F64A3201E4749DC685.d.67C570683513AC8B7311346C51962A4B.e.13205","ELEMENT":"f.7D4F3E7B3A7890F64A3201E4749DC685.d.67C570683513AC8B7311346C51962A4B.e.13205"},{"block":"start","inline":"nearest"}]}
COMMAND: POST /session/f7ba017eaa8b816e24f68d76f73d024d/execute/async - {"script":"<script> [1562 bytes]","args":[{"selector":{"id":"application-manageresources-display-component---newResourceUnit--btnAddTimeSegment","interaction":{"idSuffix":"inner"}},"wdio_ui5_key":"applicationmanageresources-display-component---newResourceUnit--btnAddTimeSegment"}]}
COMMAND: GET /session/f7ba017eaa8b816e24f68d76f73d024d/screenshot - {}
RESULT: {"script":"<script> [1562 bytes]","args":[{"selector":{"id":"application-manageresources-display-component---newResourceUnit--btnAddTimeSegment","interaction":{"idSuffix":"inner"}},"wdio_ui5_key":"applicationmanageresources-display-component---newResourceUnit--btnAddTimeSegment"}]}
RESULT: undefined
COMMAND: POST /session/f7ba017eaa8b816e24f68d76f73d024d/element - {"using":"xpath","value":"//*[@id=\"application-manageresources-display-component---newResourceUnit--btnAddTimeSegment\"]"}
RESULT: {}
RESULT: {"using":"xpath","value":"//*[@id=\"application-manageresources-display-component---newResourceUnit--btnAddTimeSegment\"]"}
COMMAND: POST /session/f7ba017eaa8b816e24f68d76f73d024d/element/f.7D4F3E7B3A7890F64A3201E4749DC685.d.67C570683513AC8B7311346C51962A4B.e.13205/click - {}
RESULT: {}
COMMAND: GET /session/f7ba017eaa8b816e24f68d76f73d024d/screenshot - {}
RESULT: {}
COMMAND: POST /session/f7ba017eaa8b816e24f68d76f73d024d/element - {"using":"xpath","value":"//input[@id=\"application-manageresources-display-component---newResourceUnit--idRuTSAdmin-application-manageresources-display-component---newResourceUnit--RUTimeSegment-0-inner\"]"}
RESULT: {"using":"xpath","value":"//input[@id=\"application-manageresources-display-component---newResourceUnit--idRuTSAdmin-application-manageresources-display-component---newResourceUnit--RUTimeSegment-0-inner\"]"}
COMMAND: POST /session/f7ba017eaa8b816e24f68d76f73d024d/element/f.7D4F3E7B3A7890F64A3201E4749DC685.d.67C570683513AC8B7311346C51962A4B.e.13211/clear - {}
RESULT: {}
COMMAND: POST /session/f7ba017eaa8b816e24f68d76f73d024d/element/f.7D4F3E7B3A7890F64A3201E4749DC685.d.67C570683513AC8B7311346C51962A4B.e.13211/value - {"text":"197"}
COMMAND: GET /session/f7ba017eaa8b816e24f68d76f73d024d/screenshot - {}
RESULT: {"text":"197"}
COMMAND: GET /session/f7ba017eaa8b816e24f68d76f73d024d/screenshot - {}
RESULT: {}
RESULT: {}
COMMAND: POST /session/f7ba017eaa8b816e24f68d76f73d024d/element - {"using":"xpath","value":"//li[.//span[text()='197']]"}
RESULT: {"using":"xpath","value":"//li[.//span[text()='197']]"}
COMMAND: POST /session/f7ba017eaa8b816e24f68d76f73d024d/element/f.7D4F3E7B3A7890F64A3201E4749DC685.d.67C570683513AC8B7311346C51962A4B.e.13221/click - {}
RESULT: {}
COMMAND: GET /session/f7ba017eaa8b816e24f68d76f73d024d/screenshot - {}
RESULT: {}
COMMAND: POST /session/f7ba017eaa8b816e24f68d76f73d024d/element - {"using":"xpath","value":"(//span[contains(@id, \"-application-manageresources-display-component---newResourceUnit--RUTimeSegment-0-arrow\")])[6]"}
RESULT: {"using":"xpath","value":"(//span[contains(@id, \"-application-manageresources-display-component---newResourceUnit--RUTimeSegment-0-arrow\")])[6]"}
COMMAND: POST /session/f7ba017eaa8b816e24f68d76f73d024d/element/f.7D4F3E7B3A7890F64A3201E4749DC685.d.67C570683513AC8B7311346C51962A4B.e.13222/click - {}
RESULT: {}
COMMAND: GET /session/f7ba017eaa8b816e24f68d76f73d024d/screenshot - {}
RESULT: {}
COMMAND: POST /session/f7ba017eaa8b816e24f68d76f73d024d/element - {"using":"xpath","value":"//span[contains(text(), \"PM Order\")]"}
RESULT: {"using":"xpath","value":"//span[contains(text(), \"PM Order\")]"}
COMMAND: POST /session/f7ba017eaa8b816e24f68d76f73d024d/element/f.7D4F3E7B3A7890F64A3201E4749DC685.d.67C570683513AC8B7311346C51962A4B.e.13225/click - {}
RESULT: {}
COMMAND: GET /session/f7ba017eaa8b816e24f68d76f73d024d/screenshot - {}
RESULT: {}
COMMAND: POST /session/f7ba017eaa8b816e24f68d76f73d024d/element - {"using":"xpath","value":"(//span[contains(@id ,\"manageresources-display-component---newResourceUnit--RUTimeSegment-0-vhi\")])[1]"}
RESULT: {"using":"xpath","value":"(//span[contains(@id ,\"manageresources-display-component---newResourceUnit--RUTimeSegment-0-vhi\")])[1]"}
COMMAND: GET /session/f7ba017eaa8b816e24f68d76f73d024d/element/f.7D4F3E7B3A7890F64A3201E4749DC685.d.67C570683513AC8B7311346C51962A4B.e.13229/rect - {}
RESULT: {}
COMMAND: GET /session/f7ba017eaa8b816e24f68d76f73d024d/window/rect - {}
RESULT: {}
COMMAND: POST /session/f7ba017eaa8b816e24f68d76f73d024d/execute/sync - {"script":"<script> [92 bytes]","args":[]}
RESULT: {"script":"<script> [92 bytes]","args":[]}
COMMAND: POST /session/f7ba017eaa8b816e24f68d76f73d024d/actions - {"actions":[{"id":"action51","type":"wheel","parameters":{},"actions":[{"type":"scroll","x":-869,"y":-24,"deltaX":0,"deltaY":0,"duration":0,"origin":{"element-6066-11e4-a52e-4f735466cecf":"f.7D4F3E7B3A7890F64A3201E4749DC685.d.67C570683513AC8B7311346C51962A4B.e.13229"}}]}]}
COMMAND: GET /session/f7ba017eaa8b816e24f68d76f73d024d/screenshot - {}
RESULT: {"actions":[{"id":"action51","type":"wheel","parameters":{},"actions":[{"type":"scroll","x":-869,"y":-24,"deltaX":0,"deltaY":0,"duration":0,"origin":{"element-6066-11e4-a52e-4f735466cecf":"f.7D4F3E7B3A7890F64A3201E4749DC685.d.67C570683513AC8B7311346C51962A4B.e.13229"}}]}]}
COMMAND: DELETE /session/f7ba017eaa8b816e24f68d76f73d024d/actions - {}
COMMAND: GET /session/f7ba017eaa8b816e24f68d76f73d024d/screenshot - {}
RESULT: {}
RESULT: {}
RESULT: {}
COMMAND: GET /session/f7ba017eaa8b816e24f68d76f73d024d/screenshot - {}
RESULT: {}
COMMAND: POST /session/f7ba017eaa8b816e24f68d76f73d024d/element/f.7D4F3E7B3A7890F64A3201E4749DC685.d.67C570683513AC8B7311346C51962A4B.e.13229/click - {}
RESULT: {}
COMMAND: GET /session/f7ba017eaa8b816e24f68d76f73d024d/screenshot - {}
RESULT: {}
COMMAND: POST /session/f7ba017eaa8b816e24f68d76f73d024d/execute/async - {"script":"<script> [1562 bytes]","args":[{"selector":{"controlType":"sap.m.SearchField","properties":{"placeholder":"Search"},"searchOpenDialogs":true,"interaction":{"idSuffix":"I"}},"wdio_ui5_key":"sapm.SearchField{\"placeholder\":\"Search\"}"}]}
RESULT: {"script":"<script> [1562 bytes]","args":[{"selector":{"controlType":"sap.m.SearchField","properties":{"placeholder":"Search"},"searchOpenDialogs":true,"interaction":{"idSuffix":"I"}},"wdio_ui5_key":"sapm.SearchField{\"placeholder\":\"Search\"}"}]}
RESULT: undefined
COMMAND: POST /session/f7ba017eaa8b816e24f68d76f73d024d/execute/async - {"script":"<script> [776 bytes]","args":[{"enterText":"4000360","selector":{"controlType":"sap.m.SearchField","properties":{"placeholder":"Search"},"searchOpenDialogs":true,"interaction":{"idSuffix":"I"}},"clearTextFirst":true,"interactionType":"ENTER_TEXT"}]}
RESULT: {"script":"<script> [776 bytes]","args":[{"enterText":"4000360","selector":{"controlType":"sap.m.SearchField","properties":{"placeholder":"Search"},"searchOpenDialogs":true,"interaction":{"idSuffix":"I"}},"clearTextFirst":true,"interactionType":"ENTER_TEXT"}]}
COMMAND: POST /session/f7ba017eaa8b816e24f68d76f73d024d/actions - {"actions":[{"id":"action52","type":"key","parameters":{},"actions":[{"type":"keyDown","value":"î€‡"},{"type":"pause","duration":10},{"type":"keyUp","value":"î€‡"}]}]}
RESULT: {"actions":[{"id":"action52","type":"key","parameters":{},"actions":[{"type":"keyDown","value":"î€‡"},{"type":"pause","duration":10},{"type":"keyUp","value":"î€‡"}]}]}
COMMAND: GET /session/f7ba017eaa8b816e24f68d76f73d024d/screenshot - {}
RESULT: {}
COMMAND: POST /session/f7ba017eaa8b816e24f68d76f73d024d/element - {"using":"xpath","value":"//td/div/span[contains(text(), \"BGL Vehicles\")]"}
RESULT: {"using":"xpath","value":"//td/div/span[contains(text(), \"BGL Vehicles\")]"}
COMMAND: POST /session/f7ba017eaa8b816e24f68d76f73d024d/element/f.7D4F3E7B3A7890F64A3201E4749DC685.d.67C570683513AC8B7311346C51962A4B.e.13251/click - {}
RESULT: {}
COMMAND: GET /session/f7ba017eaa8b816e24f68d76f73d024d/screenshot - {}
RESULT: {}
COMMAND: POST /session/f7ba017eaa8b816e24f68d76f73d024d/element - {"using":"xpath","value":"//bdi[contains(text(), \"OK\")]"}
RESULT: {"using":"xpath","value":"//bdi[contains(text(), \"OK\")]"}
COMMAND: POST /session/f7ba017eaa8b816e24f68d76f73d024d/element/f.7D4F3E7B3A7890F64A3201E4749DC685.d.67C570683513AC8B7311346C51962A4B.e.13252/click - {}
RESULT: {}
COMMAND: GET /session/f7ba017eaa8b816e24f68d76f73d024d/screenshot - {}
RESULT: {}
COMMAND: POST /session/f7ba017eaa8b816e24f68d76f73d024d/execute/async - {"script":"<script> [1562 bytes]","args":[{"selector":{"id":"application-manageresources-display-component---newResourceUnit--newRRUPage-anchBar-application-manageresources-display-component---newResourceUnit--resource-anchor","interaction":{"idSuffix":"BDI-content"}},"wdio_ui5_key":"applicationmanageresources-display-component---newResourceUnit--newRRUPage-anchBar-application-manageresources-display-component---newResourceUnit--resource-anchor"}]}
RESULT: {"script":"<script> [1562 bytes]","args":[{"selector":{"id":"application-manageresources-display-component---newResourceUnit--newRRUPage-anchBar-application-manageresources-display-component---newResourceUnit--resource-anchor","interaction":{"idSuffix":"BDI-content"}},"wdio_ui5_key":"applicationmanageresources-display-component---newResourceUnit--newRRUPage-anchBar-application-manageresources-display-component---newResourceUnit--resource-anchor"}]}
RESULT: undefined
COMMAND: POST /session/f7ba017eaa8b816e24f68d76f73d024d/element - {"using":"xpath","value":"//*[@id=\"application-manageresources-display-component---newResourceUnit--newRRUPage-anchBar-application-manageresources-display-component---newResourceUnit--resource-anchor\"]"}
RESULT: {"using":"xpath","value":"//*[@id=\"application-manageresources-display-component---newResourceUnit--newRRUPage-anchBar-application-manageresources-display-component---newResourceUnit--resource-anchor\"]"}
COMMAND: POST /session/f7ba017eaa8b816e24f68d76f73d024d/element/f.7D4F3E7B3A7890F64A3201E4749DC685.d.67C570683513AC8B7311346C51962A4B.e.13256/click - {}
RESULT: {}
COMMAND: POST /session/f7ba017eaa8b816e24f68d76f73d024d/execute/async - {"script":"<script> [1562 bytes]","args":[{"selector":{"id":"application-manageresources-display-component---newResourceUnit--PLANNED_DELIVERY_DATE","interaction":{"idSuffix":"inner"}},"wdio_ui5_key":"applicationmanageresources-display-component---newResourceUnit--PLANNED_DELIVERY_DATE"}]}
COMMAND: GET /session/f7ba017eaa8b816e24f68d76f73d024d/screenshot - {}
RESULT: {"script":"<script> [1562 bytes]","args":[{"selector":{"id":"application-manageresources-display-component---newResourceUnit--PLANNED_DELIVERY_DATE","interaction":{"idSuffix":"inner"}},"wdio_ui5_key":"applicationmanageresources-display-component---newResourceUnit--PLANNED_DELIVERY_DATE"}]}
RESULT: undefined
COMMAND: POST /session/f7ba017eaa8b816e24f68d76f73d024d/execute/async - {"script":"<script> [6424 bytes]","args":[{"element-6066-11e4-a52e-4f735466cecf":"f.7D4F3E7B3A7890F64A3201E4749DC685.d.67C570683513AC8B7311346C51962A4B.e.13089"},"setValue",["6/12/25"]]}
RESULT: {}
RESULT: {"script":"<script> [6424 bytes]","args":[{"element-6066-11e4-a52e-4f735466cecf":"f.7D4F3E7B3A7890F64A3201E4749DC685.d.67C570683513AC8B7311346C51962A4B.e.13089"},"setValue",["6/12/25"]]}
COMMAND: POST /session/f7ba017eaa8b816e24f68d76f73d024d/element - {"using":"xpath","value":"//label[contains(@class, 'sapMLabelRequired') and .//bdi[contains(text(), 'Planned Retirement')]]"}
RESULT: {"using":"xpath","value":"//label[contains(@class, 'sapMLabelRequired') and .//bdi[contains(text(), 'Planned Retirement')]]"}
COMMAND: POST /session/f7ba017eaa8b816e24f68d76f73d024d/elements - {"using":"xpath","value":"//label[contains(@class, 'sapMLabelRequired') and .//bdi[contains(text(), 'Planned Retirement')]]"}
RESULT: {"using":"xpath","value":"//label[contains(@class, 'sapMLabelRequired') and .//bdi[contains(text(), 'Planned Retirement')]]"}
COMMAND: POST /session/f7ba017eaa8b816e24f68d76f73d024d/element - {"using":"xpath","value":"//button[@data-kt=\"resourceUnitSaveButton\"]"}
RESULT: {"using":"xpath","value":"//button[@data-kt=\"resourceUnitSaveButton\"]"}
COMMAND: POST /session/f7ba017eaa8b816e24f68d76f73d024d/element/f.7D4F3E7B3A7890F64A3201E4749DC685.d.67C570683513AC8B7311346C51962A4B.e.13048/click - {}
RESULT: {}
COMMAND: GET /session/f7ba017eaa8b816e24f68d76f73d024d/screenshot - {}
RESULT: {}
COMMAND: POST /session/f7ba017eaa8b816e24f68d76f73d024d/element - {"using":"xpath","value":"//bdi[contains(text(), \"Close\")]"}
RESULT: {"using":"xpath","value":"//bdi[contains(text(), \"Close\")]"}
COMMAND: POST /session/f7ba017eaa8b816e24f68d76f73d024d/element/f.7D4F3E7B3A7890F64A3201E4749DC685.d.67C570683513AC8B7311346C51962A4B.e.13265/click - {}
RESULT: {}
COMMAND: GET /session/f7ba017eaa8b816e24f68d76f73d024d/screenshot - {}
RESULT: {}
COMMAND: POST /session/f7ba017eaa8b816e24f68d76f73d024d/element - {"using":"xpath","value":"(//button[contains(@id ,\"actionsToolbar-overflowButton\")])[1]"}
RESULT: {"using":"xpath","value":"(//button[contains(@id ,\"actionsToolbar-overflowButton\")])[1]"}
COMMAND: POST /session/f7ba017eaa8b816e24f68d76f73d024d/element/f.7D4F3E7B3A7890F64A3201E4749DC685.d.67C570683513AC8B7311346C51962A4B.e.13297/click - {}
RESULT: {}
COMMAND: GET /session/f7ba017eaa8b816e24f68d76f73d024d/screenshot - {}
RESULT: {}
COMMAND: POST /session/f7ba017eaa8b816e24f68d76f73d024d/element - {"using":"xpath","value":"//button[@data-kt=\"priceInfoButton\"]"}
RESULT: {"using":"xpath","value":"//button[@data-kt=\"priceInfoButton\"]"}
COMMAND: POST /session/f7ba017eaa8b816e24f68d76f73d024d/element/f.7D4F3E7B3A7890F64A3201E4749DC685.d.67C570683513AC8B7311346C51962A4B.e.13299/click - {}
RESULT: {}
COMMAND: GET /session/f7ba017eaa8b816e24f68d76f73d024d/screenshot - {}
RESULT: {}
]]></system-out>
    </testcase>
    <testcase classname="chrome.137_0_7151_69.windows.Create_Reverse_Billing_US127248" name="Should create a pricing procedure" time="52.454">
      <system-out><![CDATA[
COMMAND: POST /session/f7ba017eaa8b816e24f68d76f73d024d/element - {"using":"xpath","value":"//button[@data-kt=\"addButton\"]"}
RESULT: {"using":"xpath","value":"//button[@data-kt=\"addButton\"]"}
COMMAND: POST /session/f7ba017eaa8b816e24f68d76f73d024d/elements - {"using":"xpath","value":"//button[@data-kt=\"addButton\"]"}
RESULT: {"using":"xpath","value":"//button[@data-kt=\"addButton\"]"}
COMMAND: POST /session/f7ba017eaa8b816e24f68d76f73d024d/execute/sync - {"script":"<script> [8489 bytes]","args":[{"element-6066-11e4-a52e-4f735466cecf":"f.7D4F3E7B3A7890F64A3201E4749DC685.d.67C570683513AC8B7311346C51962A4B.e.13345","ELEMENT":"f.7D4F3E7B3A7890F64A3201E4749DC685.d.67C570683513AC8B7311346C51962A4B.e.13345"}]}
RESULT: {"script":"<script> [8489 bytes]","args":[{"element-6066-11e4-a52e-4f735466cecf":"f.7D4F3E7B3A7890F64A3201E4749DC685.d.67C570683513AC8B7311346C51962A4B.e.13345","ELEMENT":"f.7D4F3E7B3A7890F64A3201E4749DC685.d.67C570683513AC8B7311346C51962A4B.e.13345"}]}
COMMAND: GET /session/f7ba017eaa8b816e24f68d76f73d024d/element/f.7D4F3E7B3A7890F64A3201E4749DC685.d.67C570683513AC8B7311346C51962A4B.e.13345/enabled - {}
COMMAND: GET /session/f7ba017eaa8b816e24f68d76f73d024d/screenshot - {}
RESULT: {}
COMMAND: POST /session/f7ba017eaa8b816e24f68d76f73d024d/execute/sync - {"script":"<script> [8489 bytes]","args":[{"element-6066-11e4-a52e-4f735466cecf":"f.7D4F3E7B3A7890F64A3201E4749DC685.d.67C570683513AC8B7311346C51962A4B.e.13345","ELEMENT":"f.7D4F3E7B3A7890F64A3201E4749DC685.d.67C570683513AC8B7311346C51962A4B.e.13345"}]}
COMMAND: GET /session/f7ba017eaa8b816e24f68d76f73d024d/screenshot - {}
RESULT: {}
RESULT: {"script":"<script> [8489 bytes]","args":[{"element-6066-11e4-a52e-4f735466cecf":"f.7D4F3E7B3A7890F64A3201E4749DC685.d.67C570683513AC8B7311346C51962A4B.e.13345","ELEMENT":"f.7D4F3E7B3A7890F64A3201E4749DC685.d.67C570683513AC8B7311346C51962A4B.e.13345"}]}
COMMAND: POST /session/f7ba017eaa8b816e24f68d76f73d024d/execute/sync - {"script":"<script> [5351 bytes]","args":[{"element-6066-11e4-a52e-4f735466cecf":"f.7D4F3E7B3A7890F64A3201E4749DC685.d.67C570683513AC8B7311346C51962A4B.e.13345","ELEMENT":"f.7D4F3E7B3A7890F64A3201E4749DC685.d.67C570683513AC8B7311346C51962A4B.e.13345"}]}
COMMAND: GET /session/f7ba017eaa8b816e24f68d76f73d024d/screenshot - {}
RESULT: {}
RESULT: {"script":"<script> [5351 bytes]","args":[{"element-6066-11e4-a52e-4f735466cecf":"f.7D4F3E7B3A7890F64A3201E4749DC685.d.67C570683513AC8B7311346C51962A4B.e.13345","ELEMENT":"f.7D4F3E7B3A7890F64A3201E4749DC685.d.67C570683513AC8B7311346C51962A4B.e.13345"}]}
COMMAND: POST /session/f7ba017eaa8b816e24f68d76f73d024d/element/f.7D4F3E7B3A7890F64A3201E4749DC685.d.67C570683513AC8B7311346C51962A4B.e.13345/click - {}
COMMAND: GET /session/f7ba017eaa8b816e24f68d76f73d024d/screenshot - {}
RESULT: {}
RESULT: {}
COMMAND: GET /session/f7ba017eaa8b816e24f68d76f73d024d/screenshot - {}
RESULT: {}
RESULT: {}
COMMAND: POST /session/f7ba017eaa8b816e24f68d76f73d024d/execute/async - {"script":"<script> [1562 bytes]","args":[{"selector":{"controlType":"sap.m.Title","viewName":"etm.portal.ui.managepricingrules.view.NewItem","viewId":"application-managepricingrules-display-component---newInfoPriceItem","properties":{"text":"New Pricing Rules - Item Level"}},"wdio_ui5_key":"etmportal.ui.managepricingrules.view.NewItemsap.m.Title{\"text\":\"New Pricing Rules - Item Level\"}"}]}
RESULT: {"script":"<script> [1562 bytes]","args":[{"selector":{"controlType":"sap.m.Title","viewName":"etm.portal.ui.managepricingrules.view.NewItem","viewId":"application-managepricingrules-display-component---newInfoPriceItem","properties":{"text":"New Pricing Rules - Item Level"}},"wdio_ui5_key":"etmportal.ui.managepricingrules.view.NewItemsap.m.Title{\"text\":\"New Pricing Rules - Item Level\"}"}]}
RESULT: undefined
COMMAND: POST /session/f7ba017eaa8b816e24f68d76f73d024d/execute/async - {"script":"<script> [6424 bytes]","args":[{"element-6066-11e4-a52e-4f735466cecf":"f.7D4F3E7B3A7890F64A3201E4749DC685.d.67C570683513AC8B7311346C51962A4B.e.13524"},"getText",[]]}
RESULT: {"script":"<script> [6424 bytes]","args":[{"element-6066-11e4-a52e-4f735466cecf":"f.7D4F3E7B3A7890F64A3201E4749DC685.d.67C570683513AC8B7311346C51962A4B.e.13524"},"getText",[]]}
COMMAND: POST /session/f7ba017eaa8b816e24f68d76f73d024d/execute/async - {"script":"<script> [1562 bytes]","args":[{"selector":{"id":"application-managepricingrules-display-component---newInfoPriceItem--condValidTo","interaction":{"idSuffix":"inner"}},"wdio_ui5_key":"applicationmanagepricingrules-display-component---newInfoPriceItem--condValidTo"}]}
RESULT: {"script":"<script> [1562 bytes]","args":[{"selector":{"id":"application-managepricingrules-display-component---newInfoPriceItem--condValidTo","interaction":{"idSuffix":"inner"}},"wdio_ui5_key":"applicationmanagepricingrules-display-component---newInfoPriceItem--condValidTo"}]}
RESULT: undefined
COMMAND: POST /session/f7ba017eaa8b816e24f68d76f73d024d/execute/async - {"script":"<script> [776 bytes]","args":[{"enterText":"2/12/26","selector":{"id":"application-managepricingrules-display-component---newInfoPriceItem--condValidTo","interaction":{"idSuffix":"inner"}},"clearTextFirst":true,"interactionType":"ENTER_TEXT"}]}
RESULT: {"script":"<script> [776 bytes]","args":[{"enterText":"2/12/26","selector":{"id":"application-managepricingrules-display-component---newInfoPriceItem--condValidTo","interaction":{"idSuffix":"inner"}},"clearTextFirst":true,"interactionType":"ENTER_TEXT"}]}
COMMAND: POST /session/f7ba017eaa8b816e24f68d76f73d024d/execute/async - {"script":"<script> [1562 bytes]","args":[{"selector":{"id":"application-managepricingrules-display-component---newInfoPriceItem--billType-arrow"},"wdio_ui5_key":"applicationmanagepricingrules-display-component---newInfoPriceItem--billType-arrow"}]}
RESULT: {"script":"<script> [1562 bytes]","args":[{"selector":{"id":"application-managepricingrules-display-component---newInfoPriceItem--billType-arrow"},"wdio_ui5_key":"applicationmanagepricingrules-display-component---newInfoPriceItem--billType-arrow"}]}
RESULT: undefined
COMMAND: POST /session/f7ba017eaa8b816e24f68d76f73d024d/element - {"using":"xpath","value":"//*[@id=\"application-managepricingrules-display-component---newInfoPriceItem--billType-arrow\"]"}
RESULT: {"using":"xpath","value":"//*[@id=\"application-managepricingrules-display-component---newInfoPriceItem--billType-arrow\"]"}
COMMAND: POST /session/f7ba017eaa8b816e24f68d76f73d024d/element/f.7D4F3E7B3A7890F64A3201E4749DC685.d.67C570683513AC8B7311346C51962A4B.e.13526/click - {}
RESULT: {}
COMMAND: POST /session/f7ba017eaa8b816e24f68d76f73d024d/element - {"using":"xpath","value":"//span[contains(text(), \"TB - Time based\")]"}
COMMAND: GET /session/f7ba017eaa8b816e24f68d76f73d024d/screenshot - {}
RESULT: {"using":"xpath","value":"//span[contains(text(), \"TB - Time based\")]"}
COMMAND: POST /session/f7ba017eaa8b816e24f68d76f73d024d/element/f.7D4F3E7B3A7890F64A3201E4749DC685.d.67C570683513AC8B7311346C51962A4B.e.13527/click - {}
RESULT: {}
RESULT: {}
COMMAND: POST /session/f7ba017eaa8b816e24f68d76f73d024d/execute/async - {"script":"<script> [1562 bytes]","args":[{"selector":{"id":"application-managepricingrules-display-component---newInfoPriceItem--priceProc-arrow"},"wdio_ui5_key":"applicationmanagepricingrules-display-component---newInfoPriceItem--priceProc-arrow"}]}
COMMAND: GET /session/f7ba017eaa8b816e24f68d76f73d024d/screenshot - {}
RESULT: {"script":"<script> [1562 bytes]","args":[{"selector":{"id":"application-managepricingrules-display-component---newInfoPriceItem--priceProc-arrow"},"wdio_ui5_key":"applicationmanagepricingrules-display-component---newInfoPriceItem--priceProc-arrow"}]}
RESULT: undefined
COMMAND: POST /session/f7ba017eaa8b816e24f68d76f73d024d/element - {"using":"xpath","value":"//*[@id=\"application-managepricingrules-display-component---newInfoPriceItem--priceProc-arrow\"]"}
RESULT: {}
RESULT: {"using":"xpath","value":"//*[@id=\"application-managepricingrules-display-component---newInfoPriceItem--priceProc-arrow\"]"}
COMMAND: POST /session/f7ba017eaa8b816e24f68d76f73d024d/element/f.7D4F3E7B3A7890F64A3201E4749DC685.d.67C570683513AC8B7311346C51962A4B.e.13492/click - {}
RESULT: {}
COMMAND: POST /session/f7ba017eaa8b816e24f68d76f73d024d/element - {"using":"xpath","value":"//span[contains(text(), \"TBS - Time based standard\")]"}
COMMAND: GET /session/f7ba017eaa8b816e24f68d76f73d024d/screenshot - {}
RESULT: {"using":"xpath","value":"//span[contains(text(), \"TBS - Time based standard\")]"}
COMMAND: POST /session/f7ba017eaa8b816e24f68d76f73d024d/element/f.7D4F3E7B3A7890F64A3201E4749DC685.d.67C570683513AC8B7311346C51962A4B.e.13528/click - {}
RESULT: {}
RESULT: {}
COMMAND: POST /session/f7ba017eaa8b816e24f68d76f73d024d/execute/async - {"script":"<script> [1562 bytes]","args":[{"selector":{"id":"application-managepricingrules-display-component---newInfoPriceItem--calcBase-arrow"},"wdio_ui5_key":"applicationmanagepricingrules-display-component---newInfoPriceItem--calcBase-arrow"}]}
COMMAND: GET /session/f7ba017eaa8b816e24f68d76f73d024d/screenshot - {}
RESULT: {"script":"<script> [1562 bytes]","args":[{"selector":{"id":"application-managepricingrules-display-component---newInfoPriceItem--calcBase-arrow"},"wdio_ui5_key":"applicationmanagepricingrules-display-component---newInfoPriceItem--calcBase-arrow"}]}
RESULT: undefined
COMMAND: POST /session/f7ba017eaa8b816e24f68d76f73d024d/element - {"using":"xpath","value":"//*[@id=\"application-managepricingrules-display-component---newInfoPriceItem--calcBase-arrow\"]"}
RESULT: {}
RESULT: {"using":"xpath","value":"//*[@id=\"application-managepricingrules-display-component---newInfoPriceItem--calcBase-arrow\"]"}
COMMAND: POST /session/f7ba017eaa8b816e24f68d76f73d024d/element/f.7D4F3E7B3A7890F64A3201E4749DC685.d.67C570683513AC8B7311346C51962A4B.e.13499/click - {}
RESULT: {}
COMMAND: GET /session/f7ba017eaa8b816e24f68d76f73d024d/screenshot - {}
RESULT: {}
COMMAND: POST /session/f7ba017eaa8b816e24f68d76f73d024d/element - {"using":"xpath","value":"//span[contains(text(), \"0006 - TB(calendar days)\")]"}
RESULT: {"using":"xpath","value":"//span[contains(text(), \"0006 - TB(calendar days)\")]"}
COMMAND: POST /session/f7ba017eaa8b816e24f68d76f73d024d/element/f.7D4F3E7B3A7890F64A3201E4749DC685.d.67C570683513AC8B7311346C51962A4B.e.13529/click - {}
RESULT: {}
COMMAND: GET /session/f7ba017eaa8b816e24f68d76f73d024d/screenshot - {}
RESULT: {}
COMMAND: POST /session/f7ba017eaa8b816e24f68d76f73d024d/execute/async - {"script":"<script> [1562 bytes]","args":[{"selector":{"id":"application-managepricingrules-display-component---newInfoPriceItem--daysMonth","interaction":{"idSuffix":"inner"}},"wdio_ui5_key":"applicationmanagepricingrules-display-component---newInfoPriceItem--daysMonth"}]}
RESULT: {"script":"<script> [1562 bytes]","args":[{"selector":{"id":"application-managepricingrules-display-component---newInfoPriceItem--daysMonth","interaction":{"idSuffix":"inner"}},"wdio_ui5_key":"applicationmanagepricingrules-display-component---newInfoPriceItem--daysMonth"}]}
RESULT: undefined
COMMAND: POST /session/f7ba017eaa8b816e24f68d76f73d024d/execute/async - {"script":"<script> [776 bytes]","args":[{"enterText":"30","selector":{"id":"application-managepricingrules-display-component---newInfoPriceItem--daysMonth","interaction":{"idSuffix":"inner"}},"clearTextFirst":true,"interactionType":"ENTER_TEXT"}]}
RESULT: {"script":"<script> [776 bytes]","args":[{"enterText":"30","selector":{"id":"application-managepricingrules-display-component---newInfoPriceItem--daysMonth","interaction":{"idSuffix":"inner"}},"clearTextFirst":true,"interactionType":"ENTER_TEXT"}]}
COMMAND: POST /session/f7ba017eaa8b816e24f68d76f73d024d/element - {"using":"xpath","value":"//button[@data-kt=\"saveNewRuleButton\"]"}
RESULT: {"using":"xpath","value":"//button[@data-kt=\"saveNewRuleButton\"]"}
COMMAND: POST /session/f7ba017eaa8b816e24f68d76f73d024d/element/f.7D4F3E7B3A7890F64A3201E4749DC685.d.67C570683513AC8B7311346C51962A4B.e.13515/click - {}
RESULT: {}
COMMAND: GET /session/f7ba017eaa8b816e24f68d76f73d024d/screenshot - {}
RESULT: {}
COMMAND: POST /session/f7ba017eaa8b816e24f68d76f73d024d/execute/async - {"script":"<script> [1562 bytes]","args":[{"selector":{"id":"application-managepricingrules-display-component---priceInfoItem--smartFilterBar-btnBasicSearch","interaction":{"idSuffix":"I"}},"wdio_ui5_key":"applicationmanagepricingrules-display-component---priceInfoItem--smartFilterBar-btnBasicSearch"}]}
RESULT: {"script":"<script> [1562 bytes]","args":[{"selector":{"id":"application-managepricingrules-display-component---priceInfoItem--smartFilterBar-btnBasicSearch","interaction":{"idSuffix":"I"}},"wdio_ui5_key":"applicationmanagepricingrules-display-component---priceInfoItem--smartFilterBar-btnBasicSearch"}]}
RESULT: undefined
COMMAND: POST /session/f7ba017eaa8b816e24f68d76f73d024d/execute/async - {"script":"<script> [776 bytes]","args":[{"enterText":"WrJQGoaOiV","selector":{"id":"application-managepricingrules-display-component---priceInfoItem--smartFilterBar-btnBasicSearch","interaction":{"idSuffix":"I"}},"clearTextFirst":true,"interactionType":"ENTER_TEXT"}]}
RESULT: {"script":"<script> [776 bytes]","args":[{"enterText":"WrJQGoaOiV","selector":{"id":"application-managepricingrules-display-component---priceInfoItem--smartFilterBar-btnBasicSearch","interaction":{"idSuffix":"I"}},"clearTextFirst":true,"interactionType":"ENTER_TEXT"}]}
COMMAND: POST /session/f7ba017eaa8b816e24f68d76f73d024d/actions - {"actions":[{"id":"action53","type":"key","parameters":{},"actions":[{"type":"keyDown","value":"î€‡"},{"type":"pause","duration":10},{"type":"keyUp","value":"î€‡"}]}]}
RESULT: {"actions":[{"id":"action53","type":"key","parameters":{},"actions":[{"type":"keyDown","value":"î€‡"},{"type":"pause","duration":10},{"type":"keyUp","value":"î€‡"}]}]}
COMMAND: GET /session/f7ba017eaa8b816e24f68d76f73d024d/screenshot - {}
RESULT: {}
COMMAND: POST /session/f7ba017eaa8b816e24f68d76f73d024d/element - {"using":"xpath","value":"//span[@id=\"application-managepricingrules-display-component---priceInfoItem--smartTable-header-inner\"]"}
RESULT: {"using":"xpath","value":"//span[@id=\"application-managepricingrules-display-component---priceInfoItem--smartTable-header-inner\"]"}
COMMAND: POST /session/f7ba017eaa8b816e24f68d76f73d024d/elements - {"using":"xpath","value":"//span[@id=\"application-managepricingrules-display-component---priceInfoItem--smartTable-header-inner\"]"}
RESULT: {"using":"xpath","value":"//span[@id=\"application-managepricingrules-display-component---priceInfoItem--smartTable-header-inner\"]"}
COMMAND: POST /session/f7ba017eaa8b816e24f68d76f73d024d/execute/sync - {"script":"<script> [56 bytes]","args":[{"element-6066-11e4-a52e-4f735466cecf":"f.7D4F3E7B3A7890F64A3201E4749DC685.d.67C570683513AC8B7311346C51962A4B.e.13557","ELEMENT":"f.7D4F3E7B3A7890F64A3201E4749DC685.d.67C570683513AC8B7311346C51962A4B.e.13557"}]}
RESULT: {"script":"<script> [56 bytes]","args":[{"element-6066-11e4-a52e-4f735466cecf":"f.7D4F3E7B3A7890F64A3201E4749DC685.d.67C570683513AC8B7311346C51962A4B.e.13557","ELEMENT":"f.7D4F3E7B3A7890F64A3201E4749DC685.d.67C570683513AC8B7311346C51962A4B.e.13557"}]}
COMMAND: POST /session/f7ba017eaa8b816e24f68d76f73d024d/element - {"using":"css selector","value":"#shell-header-logo"}
COMMAND: GET /session/f7ba017eaa8b816e24f68d76f73d024d/screenshot - {}
RESULT: {"using":"css selector","value":"#shell-header-logo"}
COMMAND: POST /session/f7ba017eaa8b816e24f68d76f73d024d/element/f.7D4F3E7B3A7890F64A3201E4749DC685.d.67C570683513AC8B7311346C51962A4B.e.12636/click - {}
RESULT: {}
RESULT: {}
COMMAND: GET /session/f7ba017eaa8b816e24f68d76f73d024d/screenshot - {}
RESULT: {}
]]></system-out>
    </testcase>
    <testcase classname="chrome.137_0_7151_69.windows.Create_Reverse_Billing_US127248" name="Should manage conditions" time="67.799">
      <system-out><![CDATA[
COMMAND: POST /session/f7ba017eaa8b816e24f68d76f73d024d/execute/async - {"script":"<script> [1562 bytes]","args":[{"selector":{"controlType":"sap.m.GenericTile","properties":{"header":"Manage Conditions & Prices"}},"wdio_ui5_key":"sapm.GenericTile{\"header\":\"Manage Conditions & Prices\"}"}]}
RESULT: {"script":"<script> [1562 bytes]","args":[{"selector":{"controlType":"sap.m.GenericTile","properties":{"header":"Manage Conditions & Prices"}},"wdio_ui5_key":"sapm.GenericTile{\"header\":\"Manage Conditions & Prices\"}"}]}
RESULT: undefined
COMMAND: POST /session/f7ba017eaa8b816e24f68d76f73d024d/element - {"using":"xpath","value":"//*[@id=\"__tile55\"]"}
RESULT: {"using":"xpath","value":"//*[@id=\"__tile55\"]"}
COMMAND: POST /session/f7ba017eaa8b816e24f68d76f73d024d/element/f.7D4F3E7B3A7890F64A3201E4749DC685.d.67C570683513AC8B7311346C51962A4B.e.12574/click - {}
RESULT: {}
COMMAND: GET /session/f7ba017eaa8b816e24f68d76f73d024d/screenshot - {}
RESULT: {}
COMMAND: POST /session/f7ba017eaa8b816e24f68d76f73d024d/elements - {"using":"xpath","value":"//span[text()='Error']"}
RESULT: {"using":"xpath","value":"//span[text()='Error']"}
COMMAND: POST /session/f7ba017eaa8b816e24f68d76f73d024d/element - {"using":"xpath","value":"//button[@aria-label=\"Create\"]"}
RESULT: {"using":"xpath","value":"//button[@aria-label=\"Create\"]"}
COMMAND: POST /session/f7ba017eaa8b816e24f68d76f73d024d/elements - {"using":"xpath","value":"//button[@aria-label=\"Create\"]"}
RESULT: {"using":"xpath","value":"//button[@aria-label=\"Create\"]"}
COMMAND: POST /session/f7ba017eaa8b816e24f68d76f73d024d/execute/sync - {"script":"<script> [8489 bytes]","args":[{"element-6066-11e4-a52e-4f735466cecf":"f.7D4F3E7B3A7890F64A3201E4749DC685.d.67C570683513AC8B7311346C51962A4B.e.13592","ELEMENT":"f.7D4F3E7B3A7890F64A3201E4749DC685.d.67C570683513AC8B7311346C51962A4B.e.13592"}]}
RESULT: {"script":"<script> [8489 bytes]","args":[{"element-6066-11e4-a52e-4f735466cecf":"f.7D4F3E7B3A7890F64A3201E4749DC685.d.67C570683513AC8B7311346C51962A4B.e.13592","ELEMENT":"f.7D4F3E7B3A7890F64A3201E4749DC685.d.67C570683513AC8B7311346C51962A4B.e.13592"}]}
COMMAND: GET /session/f7ba017eaa8b816e24f68d76f73d024d/element/f.7D4F3E7B3A7890F64A3201E4749DC685.d.67C570683513AC8B7311346C51962A4B.e.13592/enabled - {}
COMMAND: GET /session/f7ba017eaa8b816e24f68d76f73d024d/screenshot - {}
RESULT: {}
COMMAND: POST /session/f7ba017eaa8b816e24f68d76f73d024d/execute/sync - {"script":"<script> [8489 bytes]","args":[{"element-6066-11e4-a52e-4f735466cecf":"f.7D4F3E7B3A7890F64A3201E4749DC685.d.67C570683513AC8B7311346C51962A4B.e.13592","ELEMENT":"f.7D4F3E7B3A7890F64A3201E4749DC685.d.67C570683513AC8B7311346C51962A4B.e.13592"}]}
COMMAND: GET /session/f7ba017eaa8b816e24f68d76f73d024d/screenshot - {}
RESULT: {}
RESULT: {"script":"<script> [8489 bytes]","args":[{"element-6066-11e4-a52e-4f735466cecf":"f.7D4F3E7B3A7890F64A3201E4749DC685.d.67C570683513AC8B7311346C51962A4B.e.13592","ELEMENT":"f.7D4F3E7B3A7890F64A3201E4749DC685.d.67C570683513AC8B7311346C51962A4B.e.13592"}]}
COMMAND: POST /session/f7ba017eaa8b816e24f68d76f73d024d/execute/sync - {"script":"<script> [5351 bytes]","args":[{"element-6066-11e4-a52e-4f735466cecf":"f.7D4F3E7B3A7890F64A3201E4749DC685.d.67C570683513AC8B7311346C51962A4B.e.13592","ELEMENT":"f.7D4F3E7B3A7890F64A3201E4749DC685.d.67C570683513AC8B7311346C51962A4B.e.13592"}]}
COMMAND: GET /session/f7ba017eaa8b816e24f68d76f73d024d/screenshot - {}
RESULT: {}
RESULT: {"script":"<script> [5351 bytes]","args":[{"element-6066-11e4-a52e-4f735466cecf":"f.7D4F3E7B3A7890F64A3201E4749DC685.d.67C570683513AC8B7311346C51962A4B.e.13592","ELEMENT":"f.7D4F3E7B3A7890F64A3201E4749DC685.d.67C570683513AC8B7311346C51962A4B.e.13592"}]}
COMMAND: POST /session/f7ba017eaa8b816e24f68d76f73d024d/element/f.7D4F3E7B3A7890F64A3201E4749DC685.d.67C570683513AC8B7311346C51962A4B.e.13592/click - {}
COMMAND: GET /session/f7ba017eaa8b816e24f68d76f73d024d/screenshot - {}
RESULT: {}
RESULT: {}
COMMAND: GET /session/f7ba017eaa8b816e24f68d76f73d024d/screenshot - {}
RESULT: {}
RESULT: {}
COMMAND: POST /session/f7ba017eaa8b816e24f68d76f73d024d/actions - {"actions":[{"id":"action54","type":"key","parameters":{},"actions":[{"type":"keyDown","value":"î€‡"},{"type":"pause","duration":10},{"type":"keyUp","value":"î€‡"}]}]}
RESULT: {"actions":[{"id":"action54","type":"key","parameters":{},"actions":[{"type":"keyDown","value":"î€‡"},{"type":"pause","duration":10},{"type":"keyUp","value":"î€‡"}]}]}
COMMAND: GET /session/f7ba017eaa8b816e24f68d76f73d024d/screenshot - {}
RESULT: {}
COMMAND: POST /session/f7ba017eaa8b816e24f68d76f73d024d/execute/async - {"script":"<script> [1562 bytes]","args":[{"selector":{"id":"application-manageconditionprice-display-component---newCondition--condBillCond-arrow"},"wdio_ui5_key":"applicationmanageconditionprice-display-component---newCondition--condBillCond-arrow"}]}
RESULT: {"script":"<script> [1562 bytes]","args":[{"selector":{"id":"application-manageconditionprice-display-component---newCondition--condBillCond-arrow"},"wdio_ui5_key":"applicationmanageconditionprice-display-component---newCondition--condBillCond-arrow"}]}
RESULT: undefined
COMMAND: POST /session/f7ba017eaa8b816e24f68d76f73d024d/element - {"using":"xpath","value":"//*[@id=\"application-manageconditionprice-display-component---newCondition--condBillCond-arrow\"]"}
RESULT: {"using":"xpath","value":"//*[@id=\"application-manageconditionprice-display-component---newCondition--condBillCond-arrow\"]"}
COMMAND: POST /session/f7ba017eaa8b816e24f68d76f73d024d/element/f.7D4F3E7B3A7890F64A3201E4749DC685.d.67C570683513AC8B7311346C51962A4B.e.13769/click - {}
RESULT: {}
COMMAND: GET /session/f7ba017eaa8b816e24f68d76f73d024d/screenshot - {}
RESULT: {}
COMMAND: POST /session/f7ba017eaa8b816e24f68d76f73d024d/element - {"using":"xpath","value":"//li[.//span[contains(text(), \"DISP - D&I special price\")]]"}
RESULT: {"using":"xpath","value":"//li[.//span[contains(text(), \"DISP - D&I special price\")]]"}
COMMAND: POST /session/f7ba017eaa8b816e24f68d76f73d024d/element/f.7D4F3E7B3A7890F64A3201E4749DC685.d.67C570683513AC8B7311346C51962A4B.e.13772/click - {}
RESULT: {}
COMMAND: GET /session/f7ba017eaa8b816e24f68d76f73d024d/screenshot - {}
RESULT: {}
COMMAND: POST /session/f7ba017eaa8b816e24f68d76f73d024d/execute/async - {"script":"<script> [1562 bytes]","args":[{"selector":{"id":"application-manageconditionprice-display-component---newCondition--condValidTo","interaction":{"idSuffix":"inner"}},"wdio_ui5_key":"applicationmanageconditionprice-display-component---newCondition--condValidTo"}]}
RESULT: {"script":"<script> [1562 bytes]","args":[{"selector":{"id":"application-manageconditionprice-display-component---newCondition--condValidTo","interaction":{"idSuffix":"inner"}},"wdio_ui5_key":"applicationmanageconditionprice-display-component---newCondition--condValidTo"}]}
RESULT: undefined
COMMAND: POST /session/f7ba017eaa8b816e24f68d76f73d024d/execute/async - {"script":"<script> [776 bytes]","args":[{"enterText":"2/12/26","selector":{"id":"application-manageconditionprice-display-component---newCondition--condValidTo","interaction":{"idSuffix":"inner"}},"clearTextFirst":true,"interactionType":"ENTER_TEXT"}]}
RESULT: {"script":"<script> [776 bytes]","args":[{"enterText":"2/12/26","selector":{"id":"application-manageconditionprice-display-component---newCondition--condValidTo","interaction":{"idSuffix":"inner"}},"clearTextFirst":true,"interactionType":"ENTER_TEXT"}]}
COMMAND: POST /session/f7ba017eaa8b816e24f68d76f73d024d/element - {"using":"xpath","value":"//input[@id=\"application-manageconditionprice-display-component---newCondition--condRU-inner\"]"}
RESULT: {"using":"xpath","value":"//input[@id=\"application-manageconditionprice-display-component---newCondition--condRU-inner\"]"}
COMMAND: POST /session/f7ba017eaa8b816e24f68d76f73d024d/element/f.7D4F3E7B3A7890F64A3201E4749DC685.d.67C570683513AC8B7311346C51962A4B.e.13634/clear - {}
RESULT: {}
COMMAND: POST /session/f7ba017eaa8b816e24f68d76f73d024d/element/f.7D4F3E7B3A7890F64A3201E4749DC685.d.67C570683513AC8B7311346C51962A4B.e.13634/value - {"text":"WrJQGoaOiV"}
COMMAND: GET /session/f7ba017eaa8b816e24f68d76f73d024d/screenshot - {}
RESULT: {"text":"WrJQGoaOiV"}
COMMAND: GET /session/f7ba017eaa8b816e24f68d76f73d024d/screenshot - {}
RESULT: {}
RESULT: {}
COMMAND: POST /session/f7ba017eaa8b816e24f68d76f73d024d/actions - {"actions":[{"id":"action55","type":"key","parameters":{},"actions":[{"type":"keyDown","value":"î€‡"},{"type":"pause","duration":10},{"type":"keyUp","value":"î€‡"}]}]}
RESULT: {"actions":[{"id":"action55","type":"key","parameters":{},"actions":[{"type":"keyDown","value":"î€‡"},{"type":"pause","duration":10},{"type":"keyUp","value":"î€‡"}]}]}
COMMAND: POST /session/f7ba017eaa8b816e24f68d76f73d024d/execute/async - {"script":"<script> [1562 bytes]","args":[{"selector":{"id":"application-manageconditionprice-display-component---newCondition--condBaseQty","interaction":{"idSuffix":"inner"}},"wdio_ui5_key":"applicationmanageconditionprice-display-component---newCondition--condBaseQty"}]}
COMMAND: GET /session/f7ba017eaa8b816e24f68d76f73d024d/screenshot - {}
RESULT: {"script":"<script> [1562 bytes]","args":[{"selector":{"id":"application-manageconditionprice-display-component---newCondition--condBaseQty","interaction":{"idSuffix":"inner"}},"wdio_ui5_key":"applicationmanageconditionprice-display-component---newCondition--condBaseQty"}]}
RESULT: undefined
COMMAND: POST /session/f7ba017eaa8b816e24f68d76f73d024d/execute/async - {"script":"<script> [776 bytes]","args":[{"enterText":"1","selector":{"id":"application-manageconditionprice-display-component---newCondition--condBaseQty","interaction":{"idSuffix":"inner"}},"clearTextFirst":true,"interactionType":"ENTER_TEXT"}]}
RESULT: {}
RESULT: {"script":"<script> [776 bytes]","args":[{"enterText":"1","selector":{"id":"application-manageconditionprice-display-component---newCondition--condBaseQty","interaction":{"idSuffix":"inner"}},"clearTextFirst":true,"interactionType":"ENTER_TEXT"}]}
COMMAND: POST /session/f7ba017eaa8b816e24f68d76f73d024d/execute/async - {"script":"<script> [1562 bytes]","args":[{"selector":{"id":"application-manageconditionprice-display-component---newCondition--condValue","interaction":{"idSuffix":"inner"}},"wdio_ui5_key":"applicationmanageconditionprice-display-component---newCondition--condValue"}]}
RESULT: {"script":"<script> [1562 bytes]","args":[{"selector":{"id":"application-manageconditionprice-display-component---newCondition--condValue","interaction":{"idSuffix":"inner"}},"wdio_ui5_key":"applicationmanageconditionprice-display-component---newCondition--condValue"}]}
RESULT: undefined
COMMAND: POST /session/f7ba017eaa8b816e24f68d76f73d024d/execute/async - {"script":"<script> [776 bytes]","args":[{"enterText":"200","selector":{"id":"application-manageconditionprice-display-component---newCondition--condValue","interaction":{"idSuffix":"inner"}},"clearTextFirst":true,"interactionType":"ENTER_TEXT"}]}
RESULT: {"script":"<script> [776 bytes]","args":[{"enterText":"200","selector":{"id":"application-manageconditionprice-display-component---newCondition--condValue","interaction":{"idSuffix":"inner"}},"clearTextFirst":true,"interactionType":"ENTER_TEXT"}]}
COMMAND: POST /session/f7ba017eaa8b816e24f68d76f73d024d/execute/async - {"script":"<script> [1562 bytes]","args":[{"selector":{"id":"application-manageconditionprice-display-component---newCondition--condCurr-arrow"},"wdio_ui5_key":"applicationmanageconditionprice-display-component---newCondition--condCurr-arrow"}]}
RESULT: {"script":"<script> [1562 bytes]","args":[{"selector":{"id":"application-manageconditionprice-display-component---newCondition--condCurr-arrow"},"wdio_ui5_key":"applicationmanageconditionprice-display-component---newCondition--condCurr-arrow"}]}
RESULT: undefined
COMMAND: POST /session/f7ba017eaa8b816e24f68d76f73d024d/element - {"using":"xpath","value":"//*[@id=\"application-manageconditionprice-display-component---newCondition--condCurr-arrow\"]"}
RESULT: {"using":"xpath","value":"//*[@id=\"application-manageconditionprice-display-component---newCondition--condCurr-arrow\"]"}
COMMAND: POST /session/f7ba017eaa8b816e24f68d76f73d024d/element/f.7D4F3E7B3A7890F64A3201E4749DC685.d.67C570683513AC8B7311346C51962A4B.e.13733/click - {}
RESULT: {}
COMMAND: POST /session/f7ba017eaa8b816e24f68d76f73d024d/element - {"using":"xpath","value":"//span[contains(text(), \"Euro\")]"}
COMMAND: GET /session/f7ba017eaa8b816e24f68d76f73d024d/screenshot - {}
RESULT: {"using":"xpath","value":"//span[contains(text(), \"Euro\")]"}
COMMAND: POST /session/f7ba017eaa8b816e24f68d76f73d024d/element/f.7D4F3E7B3A7890F64A3201E4749DC685.d.67C570683513AC8B7311346C51962A4B.e.13809/click - {}
RESULT: {}
RESULT: {}
COMMAND: POST /session/f7ba017eaa8b816e24f68d76f73d024d/element - {"using":"xpath","value":"//button[@data-kt=\"saveButton\"]"}
COMMAND: GET /session/f7ba017eaa8b816e24f68d76f73d024d/screenshot - {}
RESULT: {"using":"xpath","value":"//button[@data-kt=\"saveButton\"]"}
COMMAND: POST /session/f7ba017eaa8b816e24f68d76f73d024d/element/f.7D4F3E7B3A7890F64A3201E4749DC685.d.67C570683513AC8B7311346C51962A4B.e.13734/click - {}
RESULT: {}
RESULT: {}
COMMAND: GET /session/f7ba017eaa8b816e24f68d76f73d024d/screenshot - {}
RESULT: {}
COMMAND: POST /session/f7ba017eaa8b816e24f68d76f73d024d/execute/async - {"script":"<script> [1562 bytes]","args":[{"selector":{"id":"application-manageconditionprice-display-component---conditions--smartFilterBar-btnBasicSearch","interaction":{"idSuffix":"I"}},"wdio_ui5_key":"applicationmanageconditionprice-display-component---conditions--smartFilterBar-btnBasicSearch"}]}
RESULT: {"script":"<script> [1562 bytes]","args":[{"selector":{"id":"application-manageconditionprice-display-component---conditions--smartFilterBar-btnBasicSearch","interaction":{"idSuffix":"I"}},"wdio_ui5_key":"applicationmanageconditionprice-display-component---conditions--smartFilterBar-btnBasicSearch"}]}
RESULT: undefined
COMMAND: POST /session/f7ba017eaa8b816e24f68d76f73d024d/execute/async - {"script":"<script> [776 bytes]","args":[{"enterText":"WrJQGoaOiV","selector":{"id":"application-manageconditionprice-display-component---conditions--smartFilterBar-btnBasicSearch","interaction":{"idSuffix":"I"}},"clearTextFirst":true,"interactionType":"ENTER_TEXT"}]}
RESULT: {"script":"<script> [776 bytes]","args":[{"enterText":"WrJQGoaOiV","selector":{"id":"application-manageconditionprice-display-component---conditions--smartFilterBar-btnBasicSearch","interaction":{"idSuffix":"I"}},"clearTextFirst":true,"interactionType":"ENTER_TEXT"}]}
COMMAND: POST /session/f7ba017eaa8b816e24f68d76f73d024d/actions - {"actions":[{"id":"action56","type":"key","parameters":{},"actions":[{"type":"keyDown","value":"î€‡"},{"type":"pause","duration":10},{"type":"keyUp","value":"î€‡"}]}]}
RESULT: {"actions":[{"id":"action56","type":"key","parameters":{},"actions":[{"type":"keyDown","value":"î€‡"},{"type":"pause","duration":10},{"type":"keyUp","value":"î€‡"}]}]}
COMMAND: GET /session/f7ba017eaa8b816e24f68d76f73d024d/screenshot - {}
RESULT: {}
COMMAND: POST /session/f7ba017eaa8b816e24f68d76f73d024d/execute/async - {"script":"<script> [1562 bytes]","args":[{"selector":{"id":"application-manageconditionprice-display-component---conditions--smartFilterBar-filterItemControl_BASIC-BILL_TYPES-vhi"},"wdio_ui5_key":"applicationmanageconditionprice-display-component---conditions--smartFilterBar-filterItemControl_BASIC-BILL_TYPES-vhi"}]}
RESULT: {"script":"<script> [1562 bytes]","args":[{"selector":{"id":"application-manageconditionprice-display-component---conditions--smartFilterBar-filterItemControl_BASIC-BILL_TYPES-vhi"},"wdio_ui5_key":"applicationmanageconditionprice-display-component---conditions--smartFilterBar-filterItemControl_BASIC-BILL_TYPES-vhi"}]}
RESULT: undefined
COMMAND: POST /session/f7ba017eaa8b816e24f68d76f73d024d/element - {"using":"xpath","value":"//*[@id=\"application-manageconditionprice-display-component---conditions--smartFilterBar-filterItemControl_BASIC-BILL_TYPES-vhi\"]"}
RESULT: {"using":"xpath","value":"//*[@id=\"application-manageconditionprice-display-component---conditions--smartFilterBar-filterItemControl_BASIC-BILL_TYPES-vhi\"]"}
COMMAND: POST /session/f7ba017eaa8b816e24f68d76f73d024d/element/f.7D4F3E7B3A7890F64A3201E4749DC685.d.67C570683513AC8B7311346C51962A4B.e.13825/click - {}
RESULT: {}
COMMAND: POST /session/f7ba017eaa8b816e24f68d76f73d024d/execute/async - {"script":"<script> [1562 bytes]","args":[{"selector":{"id":"application-manageconditionprice-display-component---conditions--smartFilterBar-filterItemControl_BASIC-BILL_TYPES-valueHelpDialog-smartFilterBar-btnBasicSearch","searchOpenDialogs":true,"interaction":{"idSuffix":"I"}},"wdio_ui5_key":"applicationmanageconditionprice-display-component---conditions--smartFilterBar-filterItemControl_BASIC-BILL_TYPES-valueHelpDialog-smartFilterBar-btnBasicSearch"}]}
COMMAND: GET /session/f7ba017eaa8b816e24f68d76f73d024d/screenshot - {}
RESULT: {"script":"<script> [1562 bytes]","args":[{"selector":{"id":"application-manageconditionprice-display-component---conditions--smartFilterBar-filterItemControl_BASIC-BILL_TYPES-valueHelpDialog-smartFilterBar-btnBasicSearch","searchOpenDialogs":true,"interaction":{"idSuffix":"I"}},"wdio_ui5_key":"applicationmanageconditionprice-display-component---conditions--smartFilterBar-filterItemControl_BASIC-BILL_TYPES-valueHelpDialog-smartFilterBar-btnBasicSearch"}]}
RESULT: undefined
COMMAND: POST /session/f7ba017eaa8b816e24f68d76f73d024d/execute/async - {"script":"<script> [776 bytes]","args":[{"enterText":"TB","selector":{"id":"application-manageconditionprice-display-component---conditions--smartFilterBar-filterItemControl_BASIC-BILL_TYPES-valueHelpDialog-smartFilterBar-btnBasicSearch","searchOpenDialogs":true,"interaction":{"idSuffix":"I"}},"clearTextFirst":true,"interactionType":"ENTER_TEXT"}]}
RESULT: {}
RESULT: {"script":"<script> [776 bytes]","args":[{"enterText":"TB","selector":{"id":"application-manageconditionprice-display-component---conditions--smartFilterBar-filterItemControl_BASIC-BILL_TYPES-valueHelpDialog-smartFilterBar-btnBasicSearch","searchOpenDialogs":true,"interaction":{"idSuffix":"I"}},"clearTextFirst":true,"interactionType":"ENTER_TEXT"}]}
COMMAND: POST /session/f7ba017eaa8b816e24f68d76f73d024d/actions - {"actions":[{"id":"action57","type":"key","parameters":{},"actions":[{"type":"keyDown","value":"î€‡"},{"type":"pause","duration":10},{"type":"keyUp","value":"î€‡"}]}]}
RESULT: {"actions":[{"id":"action57","type":"key","parameters":{},"actions":[{"type":"keyDown","value":"î€‡"},{"type":"pause","duration":10},{"type":"keyUp","value":"î€‡"}]}]}
COMMAND: GET /session/f7ba017eaa8b816e24f68d76f73d024d/screenshot - {}
RESULT: {}
COMMAND: POST /session/f7ba017eaa8b816e24f68d76f73d024d/element - {"using":"xpath","value":"//div[contains(@id, 'application-manageconditionprice-display-component---conditions--smartFilterBar-filterItemControl_BASIC-BILL_TYPES-valueHelpDialog-table-rowsel0')]"}
RESULT: {"using":"xpath","value":"//div[contains(@id, 'application-manageconditionprice-display-component---conditions--smartFilterBar-filterItemControl_BASIC-BILL_TYPES-valueHelpDialog-table-rowsel0')]"}
COMMAND: POST /session/f7ba017eaa8b816e24f68d76f73d024d/element/f.7D4F3E7B3A7890F64A3201E4749DC685.d.67C570683513AC8B7311346C51962A4B.e.13833/click - {}
RESULT: {}
COMMAND: GET /session/f7ba017eaa8b816e24f68d76f73d024d/screenshot - {}
RESULT: {}
COMMAND: POST /session/f7ba017eaa8b816e24f68d76f73d024d/element - {"using":"xpath","value":"//bdi[contains(text(), \"OK\")]"}
RESULT: {"using":"xpath","value":"//bdi[contains(text(), \"OK\")]"}
COMMAND: POST /session/f7ba017eaa8b816e24f68d76f73d024d/element/f.7D4F3E7B3A7890F64A3201E4749DC685.d.67C570683513AC8B7311346C51962A4B.e.13835/click - {}
RESULT: {}
COMMAND: GET /session/f7ba017eaa8b816e24f68d76f73d024d/screenshot - {}
RESULT: {}
COMMAND: POST /session/f7ba017eaa8b816e24f68d76f73d024d/element - {"using":"xpath","value":"//span[@id=\"application-manageconditionprice-display-component---conditions--smartTable-header-inner\"]"}
RESULT: {"using":"xpath","value":"//span[@id=\"application-manageconditionprice-display-component---conditions--smartTable-header-inner\"]"}
COMMAND: POST /session/f7ba017eaa8b816e24f68d76f73d024d/elements - {"using":"xpath","value":"//span[@id=\"application-manageconditionprice-display-component---conditions--smartTable-header-inner\"]"}
RESULT: {"using":"xpath","value":"//span[@id=\"application-manageconditionprice-display-component---conditions--smartTable-header-inner\"]"}
COMMAND: POST /session/f7ba017eaa8b816e24f68d76f73d024d/execute/sync - {"script":"<script> [56 bytes]","args":[{"element-6066-11e4-a52e-4f735466cecf":"f.7D4F3E7B3A7890F64A3201E4749DC685.d.67C570683513AC8B7311346C51962A4B.e.13838","ELEMENT":"f.7D4F3E7B3A7890F64A3201E4749DC685.d.67C570683513AC8B7311346C51962A4B.e.13838"}]}
RESULT: {"script":"<script> [56 bytes]","args":[{"element-6066-11e4-a52e-4f735466cecf":"f.7D4F3E7B3A7890F64A3201E4749DC685.d.67C570683513AC8B7311346C51962A4B.e.13838","ELEMENT":"f.7D4F3E7B3A7890F64A3201E4749DC685.d.67C570683513AC8B7311346C51962A4B.e.13838"}]}
COMMAND: POST /session/f7ba017eaa8b816e24f68d76f73d024d/element - {"using":"css selector","value":"#shell-header-logo"}
COMMAND: GET /session/f7ba017eaa8b816e24f68d76f73d024d/screenshot - {}
RESULT: {"using":"css selector","value":"#shell-header-logo"}
COMMAND: POST /session/f7ba017eaa8b816e24f68d76f73d024d/element/f.7D4F3E7B3A7890F64A3201E4749DC685.d.67C570683513AC8B7311346C51962A4B.e.13560/click - {}
RESULT: {}
RESULT: {}
COMMAND: GET /session/f7ba017eaa8b816e24f68d76f73d024d/screenshot - {}
RESULT: {}
]]></system-out>
    </testcase>
  </testsuite>
</testsuites>