<?xml version="1.0" encoding="UTF-8"?>
<testsuites tests="49" failures="0" errors="0" skipped="0">
  <testsuite timestamp="2025-05-23T15:10:18" time="1924.111" tests="49" failures="0" errors="0" skipped="0">
    <properties>
      <property name="specId" value="0"/>
      <property name="suiteName" value="Sanity Tests US104253"/>
      <property name="capabilities" value="chrome.136_0_7103_93.windows"/>
      <property name="file" value="file:///D:/a/1/s/test/specs/General/sanity.spec.js"/>
    </properties>
    <testcase classname="chrome.136_0_7103_93.windows.Sanity_Tests_US104253" name="Should open Manage Partners page" time="46.369">
      <system-out><![CDATA[
COMMAND: POST /session/7f8ec675ea4d0b709012fb067697b535/execute/async - {"script":"<script> [1562 bytes]","args":[{"selector":{"controlType":"sap.m.GenericTile","properties":{"header":"Manage Partners"}},"wdio_ui5_key":"sapm.GenericTile{\"header\":\"Manage Partners\"}"}]}
RESULT: {"script":"<script> [1562 bytes]","args":[{"selector":{"controlType":"sap.m.GenericTile","properties":{"header":"Manage Partners"}},"wdio_ui5_key":"sapm.GenericTile{\"header\":\"Manage Partners\"}"}]}
RESULT: undefined
COMMAND: POST /session/7f8ec675ea4d0b709012fb067697b535/element - {"using":"xpath","value":"//*[@id=\"__tile38\"]"}
RESULT: {"using":"xpath","value":"//*[@id=\"__tile38\"]"}
COMMAND: POST /session/7f8ec675ea4d0b709012fb067697b535/element/f.680E24C7220655CA6643778340C03ECC.d.CAA6E1DCB14110F1B977E5E6F1F702D3.e.112/click - {}
RESULT: {}
COMMAND: GET /session/7f8ec675ea4d0b709012fb067697b535/screenshot - {}
RESULT: {}
COMMAND: POST /session/7f8ec675ea4d0b709012fb067697b535/elements - {"using":"xpath","value":"//span[text()='Error']"}
RESULT: {"using":"xpath","value":"//span[text()='Error']"}
RESULT: undefined
COMMAND: POST /session/7f8ec675ea4d0b709012fb067697b535/element - {"using":"xpath","value":"//*[@id=\"__tile38\"]"}
RESULT: {"using":"xpath","value":"//*[@id=\"__tile38\"]"}
COMMAND: POST /session/7f8ec675ea4d0b709012fb067697b535/element/f.680E24C7220655CA6643778340C03ECC.d.CAA6E1DCB14110F1B977E5E6F1F702D3.e.112/click - {}
RESULT: undefined
COMMAND: POST /session/7f8ec675ea4d0b709012fb067697b535/element - {"using":"xpath","value":"//*[@id=\"__tile38\"]"}
RESULT: {"using":"xpath","value":"//*[@id=\"__tile38\"]"}
COMMAND: POST /session/7f8ec675ea4d0b709012fb067697b535/element/f.680E24C7220655CA6643778340C03ECC.d.CAA6E1DCB14110F1B977E5E6F1F702D3.e.112/click - {}
COMMAND: POST /session/7f8ec675ea4d0b709012fb067697b535/execute/async - {"script":"<script> [1562 bytes]","args":[{"selector":{"id":"shellAppTitle"},"wdio_ui5_key":"shellAppTitle"}]}
RESULT: {"script":"<script> [1562 bytes]","args":[{"selector":{"id":"shellAppTitle"},"wdio_ui5_key":"shellAppTitle"}]}
RESULT: undefined
COMMAND: POST /session/7f8ec675ea4d0b709012fb067697b535/execute/async - {"script":"<script> [6424 bytes]","args":[{"element-6066-11e4-a52e-4f735466cecf":"f.680E24C7220655CA6643778340C03ECC.d.CAA6E1DCB14110F1B977E5E6F1F702D3.e.249"},"getTitle",[]]}
RESULT: {"script":"<script> [6424 bytes]","args":[{"element-6066-11e4-a52e-4f735466cecf":"f.680E24C7220655CA6643778340C03ECC.d.CAA6E1DCB14110F1B977E5E6F1F702D3.e.249"},"getTitle",[]]}
COMMAND: POST /session/7f8ec675ea4d0b709012fb067697b535/execute/async - {"script":"<script> [1562 bytes]","args":[{"selector":{"id":"backBtn"},"wdio_ui5_key":"backBtn"}]}
RESULT: {"script":"<script> [1562 bytes]","args":[{"selector":{"id":"backBtn"},"wdio_ui5_key":"backBtn"}]}
RESULT: undefined
COMMAND: POST /session/7f8ec675ea4d0b709012fb067697b535/element - {"using":"xpath","value":"//*[@id=\"backBtn\"]"}
RESULT: {"using":"xpath","value":"//*[@id=\"backBtn\"]"}
COMMAND: POST /session/7f8ec675ea4d0b709012fb067697b535/element/f.680E24C7220655CA6643778340C03ECC.d.CAA6E1DCB14110F1B977E5E6F1F702D3.e.250/click - {}
RESULT: {}
COMMAND: GET /session/7f8ec675ea4d0b709012fb067697b535/screenshot - {}
RESULT: {}
]]></system-out>
    </testcase>
    <testcase classname="chrome.136_0_7103_93.windows.Sanity_Tests_US104253" name="Should open Manage Sites page" time="37.478">
      <system-out><![CDATA[
COMMAND: POST /session/7f8ec675ea4d0b709012fb067697b535/execute/async - {"script":"<script> [1562 bytes]","args":[{"selector":{"controlType":"sap.m.GenericTile","properties":{"header":"Manage Sites"}},"wdio_ui5_key":"sapm.GenericTile{\"header\":\"Manage Sites\"}"}]}
RESULT: {"script":"<script> [1562 bytes]","args":[{"selector":{"controlType":"sap.m.GenericTile","properties":{"header":"Manage Sites"}},"wdio_ui5_key":"sapm.GenericTile{\"header\":\"Manage Sites\"}"}]}
RESULT: undefined
COMMAND: POST /session/7f8ec675ea4d0b709012fb067697b535/element - {"using":"xpath","value":"//*[@id=\"__tile40\"]"}
RESULT: {"using":"xpath","value":"//*[@id=\"__tile40\"]"}
COMMAND: POST /session/7f8ec675ea4d0b709012fb067697b535/element/f.680E24C7220655CA6643778340C03ECC.d.CAA6E1DCB14110F1B977E5E6F1F702D3.e.252/click - {}
RESULT: {}
COMMAND: GET /session/7f8ec675ea4d0b709012fb067697b535/screenshot - {}
RESULT: {}
COMMAND: POST /session/7f8ec675ea4d0b709012fb067697b535/elements - {"using":"xpath","value":"//span[text()='Error']"}
RESULT: {"using":"xpath","value":"//span[text()='Error']"}
RESULT: undefined
COMMAND: POST /session/7f8ec675ea4d0b709012fb067697b535/element - {"using":"xpath","value":"//*[@id=\"__tile40\"]"}
RESULT: {"using":"xpath","value":"//*[@id=\"__tile40\"]"}
COMMAND: POST /session/7f8ec675ea4d0b709012fb067697b535/element/f.680E24C7220655CA6643778340C03ECC.d.CAA6E1DCB14110F1B977E5E6F1F702D3.e.252/click - {}
RESULT: undefined
COMMAND: POST /session/7f8ec675ea4d0b709012fb067697b535/element - {"using":"xpath","value":"//*[@id=\"__tile40\"]"}
RESULT: {"using":"xpath","value":"//*[@id=\"__tile40\"]"}
COMMAND: POST /session/7f8ec675ea4d0b709012fb067697b535/element/f.680E24C7220655CA6643778340C03ECC.d.CAA6E1DCB14110F1B977E5E6F1F702D3.e.252/click - {}
RESULT: undefined
COMMAND: POST /session/7f8ec675ea4d0b709012fb067697b535/execute/async - {"script":"<script> [6424 bytes]","args":[{"element-6066-11e4-a52e-4f735466cecf":"f.680E24C7220655CA6643778340C03ECC.d.CAA6E1DCB14110F1B977E5E6F1F702D3.e.249"},"getTitle",[]]}
COMMAND: POST /session/7f8ec675ea4d0b709012fb067697b535/execute/async - {"script":"<script> [1562 bytes]","args":[{"selector":{"id":"shellAppTitle"},"wdio_ui5_key":"shellAppTitle"}]}
RESULT: {"script":"<script> [1562 bytes]","args":[{"selector":{"id":"shellAppTitle"},"wdio_ui5_key":"shellAppTitle"}]}
COMMAND: POST /session/7f8ec675ea4d0b709012fb067697b535/execute/async - {"script":"<script> [6424 bytes]","args":[{"element-6066-11e4-a52e-4f735466cecf":"f.680E24C7220655CA6643778340C03ECC.d.CAA6E1DCB14110F1B977E5E6F1F702D3.e.393"},"getTitle",[]]}
RESULT: {"script":"<script> [6424 bytes]","args":[{"element-6066-11e4-a52e-4f735466cecf":"f.680E24C7220655CA6643778340C03ECC.d.CAA6E1DCB14110F1B977E5E6F1F702D3.e.393"},"getTitle",[]]}
RESULT: undefined
COMMAND: POST /session/7f8ec675ea4d0b709012fb067697b535/element/f.680E24C7220655CA6643778340C03ECC.d.CAA6E1DCB14110F1B977E5E6F1F702D3.e.250/click - {}
RESULT: {}
COMMAND: GET /session/7f8ec675ea4d0b709012fb067697b535/screenshot - {}
RESULT: {}
]]></system-out>
    </testcase>
    <testcase classname="chrome.136_0_7103_93.windows.Sanity_Tests_US104253" name="Should open Manage Resources page" time="37.499">
      <system-out><![CDATA[
COMMAND: POST /session/7f8ec675ea4d0b709012fb067697b535/execute/async - {"script":"<script> [1562 bytes]","args":[{"selector":{"controlType":"sap.m.GenericTile","properties":{"header":"Manage Resources"}},"wdio_ui5_key":"sapm.GenericTile{\"header\":\"Manage Resources\"}"}]}
RESULT: {"script":"<script> [1562 bytes]","args":[{"selector":{"controlType":"sap.m.GenericTile","properties":{"header":"Manage Resources"}},"wdio_ui5_key":"sapm.GenericTile{\"header\":\"Manage Resources\"}"}]}
RESULT: undefined
COMMAND: POST /session/7f8ec675ea4d0b709012fb067697b535/element - {"using":"xpath","value":"//*[@id=\"__tile39\"]"}
RESULT: {"using":"xpath","value":"//*[@id=\"__tile39\"]"}
COMMAND: POST /session/7f8ec675ea4d0b709012fb067697b535/element/f.680E24C7220655CA6643778340C03ECC.d.CAA6E1DCB14110F1B977E5E6F1F702D3.e.395/click - {}
RESULT: {}
COMMAND: GET /session/7f8ec675ea4d0b709012fb067697b535/screenshot - {}
RESULT: {}
COMMAND: POST /session/7f8ec675ea4d0b709012fb067697b535/elements - {"using":"xpath","value":"//span[text()='Error']"}
RESULT: {"using":"xpath","value":"//span[text()='Error']"}
RESULT: undefined
COMMAND: POST /session/7f8ec675ea4d0b709012fb067697b535/element - {"using":"xpath","value":"//*[@id=\"__tile39\"]"}
RESULT: {"using":"xpath","value":"//*[@id=\"__tile39\"]"}
COMMAND: POST /session/7f8ec675ea4d0b709012fb067697b535/element/f.680E24C7220655CA6643778340C03ECC.d.CAA6E1DCB14110F1B977E5E6F1F702D3.e.395/click - {}
RESULT: undefined
COMMAND: POST /session/7f8ec675ea4d0b709012fb067697b535/element - {"using":"xpath","value":"//*[@id=\"__tile39\"]"}
RESULT: {"using":"xpath","value":"//*[@id=\"__tile39\"]"}
COMMAND: POST /session/7f8ec675ea4d0b709012fb067697b535/element/f.680E24C7220655CA6643778340C03ECC.d.CAA6E1DCB14110F1B977E5E6F1F702D3.e.395/click - {}
RESULT: undefined
COMMAND: POST /session/7f8ec675ea4d0b709012fb067697b535/execute/async - {"script":"<script> [6424 bytes]","args":[{"element-6066-11e4-a52e-4f735466cecf":"f.680E24C7220655CA6643778340C03ECC.d.CAA6E1DCB14110F1B977E5E6F1F702D3.e.249"},"getTitle",[]]}
COMMAND: POST /session/7f8ec675ea4d0b709012fb067697b535/execute/async - {"script":"<script> [1562 bytes]","args":[{"selector":{"id":"shellAppTitle"},"wdio_ui5_key":"shellAppTitle"}]}
RESULT: {"script":"<script> [1562 bytes]","args":[{"selector":{"id":"shellAppTitle"},"wdio_ui5_key":"shellAppTitle"}]}
COMMAND: POST /session/7f8ec675ea4d0b709012fb067697b535/execute/async - {"script":"<script> [6424 bytes]","args":[{"element-6066-11e4-a52e-4f735466cecf":"f.680E24C7220655CA6643778340C03ECC.d.CAA6E1DCB14110F1B977E5E6F1F702D3.e.570"},"getTitle",[]]}
RESULT: {"script":"<script> [6424 bytes]","args":[{"element-6066-11e4-a52e-4f735466cecf":"f.680E24C7220655CA6643778340C03ECC.d.CAA6E1DCB14110F1B977E5E6F1F702D3.e.570"},"getTitle",[]]}
RESULT: undefined
COMMAND: POST /session/7f8ec675ea4d0b709012fb067697b535/element/f.680E24C7220655CA6643778340C03ECC.d.CAA6E1DCB14110F1B977E5E6F1F702D3.e.250/click - {}
COMMAND: POST /session/7f8ec675ea4d0b709012fb067697b535/element - {"using":"xpath","value":"//*[@id=\"backBtn\"]"}
RESULT: {"using":"xpath","value":"//*[@id=\"backBtn\"]"}
COMMAND: POST /session/7f8ec675ea4d0b709012fb067697b535/element/f.680E24C7220655CA6643778340C03ECC.d.CAA6E1DCB14110F1B977E5E6F1F702D3.e.250/click - {}
COMMAND: POST /session/7f8ec675ea4d0b709012fb067697b535/element - {"using":"xpath","value":"//*[@id=\"backBtn\"]"}
RESULT: {"using":"xpath","value":"//*[@id=\"backBtn\"]"}
COMMAND: POST /session/7f8ec675ea4d0b709012fb067697b535/element/f.680E24C7220655CA6643778340C03ECC.d.CAA6E1DCB14110F1B977E5E6F1F702D3.e.571/click - {}
RESULT: {}
COMMAND: GET /session/7f8ec675ea4d0b709012fb067697b535/screenshot - {}
RESULT: {}
]]></system-out>
    </testcase>
    <testcase classname="chrome.136_0_7103_93.windows.Sanity_Tests_US104253" name="Should open Manage Catalogs page" time="36.847">
      <system-out><![CDATA[
COMMAND: POST /session/7f8ec675ea4d0b709012fb067697b535/execute/async - {"script":"<script> [1562 bytes]","args":[{"selector":{"controlType":"sap.m.GenericTile","properties":{"header":"Manage Catalogs"}},"wdio_ui5_key":"sapm.GenericTile{\"header\":\"Manage Catalogs\"}"}]}
RESULT: {"script":"<script> [1562 bytes]","args":[{"selector":{"controlType":"sap.m.GenericTile","properties":{"header":"Manage Catalogs"}},"wdio_ui5_key":"sapm.GenericTile{\"header\":\"Manage Catalogs\"}"}]}
RESULT: undefined
COMMAND: POST /session/7f8ec675ea4d0b709012fb067697b535/element - {"using":"xpath","value":"//*[@id=\"__tile37\"]"}
RESULT: {"using":"xpath","value":"//*[@id=\"__tile37\"]"}
COMMAND: POST /session/7f8ec675ea4d0b709012fb067697b535/element/f.680E24C7220655CA6643778340C03ECC.d.CAA6E1DCB14110F1B977E5E6F1F702D3.e.573/click - {}
RESULT: {}
COMMAND: GET /session/7f8ec675ea4d0b709012fb067697b535/screenshot - {}
RESULT: {}
COMMAND: POST /session/7f8ec675ea4d0b709012fb067697b535/elements - {"using":"xpath","value":"//span[text()='Error']"}
RESULT: {"using":"xpath","value":"//span[text()='Error']"}
RESULT: undefined
COMMAND: POST /session/7f8ec675ea4d0b709012fb067697b535/element - {"using":"xpath","value":"//*[@id=\"__tile37\"]"}
RESULT: {"using":"xpath","value":"//*[@id=\"__tile37\"]"}
COMMAND: POST /session/7f8ec675ea4d0b709012fb067697b535/element/f.680E24C7220655CA6643778340C03ECC.d.CAA6E1DCB14110F1B977E5E6F1F702D3.e.573/click - {}
RESULT: undefined
COMMAND: POST /session/7f8ec675ea4d0b709012fb067697b535/element - {"using":"xpath","value":"//*[@id=\"__tile37\"]"}
RESULT: {"using":"xpath","value":"//*[@id=\"__tile37\"]"}
COMMAND: POST /session/7f8ec675ea4d0b709012fb067697b535/element/f.680E24C7220655CA6643778340C03ECC.d.CAA6E1DCB14110F1B977E5E6F1F702D3.e.573/click - {}
RESULT: undefined
COMMAND: POST /session/7f8ec675ea4d0b709012fb067697b535/execute/async - {"script":"<script> [6424 bytes]","args":[{"element-6066-11e4-a52e-4f735466cecf":"f.680E24C7220655CA6643778340C03ECC.d.CAA6E1DCB14110F1B977E5E6F1F702D3.e.249"},"getTitle",[]]}
COMMAND: POST /session/7f8ec675ea4d0b709012fb067697b535/execute/async - {"script":"<script> [1562 bytes]","args":[{"selector":{"id":"shellAppTitle"},"wdio_ui5_key":"shellAppTitle"}]}
RESULT: {"script":"<script> [1562 bytes]","args":[{"selector":{"id":"shellAppTitle"},"wdio_ui5_key":"shellAppTitle"}]}
COMMAND: POST /session/7f8ec675ea4d0b709012fb067697b535/execute/async - {"script":"<script> [6424 bytes]","args":[{"element-6066-11e4-a52e-4f735466cecf":"f.680E24C7220655CA6643778340C03ECC.d.CAA6E1DCB14110F1B977E5E6F1F702D3.e.642"},"getTitle",[]]}
RESULT: {"script":"<script> [6424 bytes]","args":[{"element-6066-11e4-a52e-4f735466cecf":"f.680E24C7220655CA6643778340C03ECC.d.CAA6E1DCB14110F1B977E5E6F1F702D3.e.642"},"getTitle",[]]}
RESULT: undefined
COMMAND: POST /session/7f8ec675ea4d0b709012fb067697b535/element/f.680E24C7220655CA6643778340C03ECC.d.CAA6E1DCB14110F1B977E5E6F1F702D3.e.571/click - {}
RESULT: {}
COMMAND: GET /session/7f8ec675ea4d0b709012fb067697b535/screenshot - {}
RESULT: {}
]]></system-out>
    </testcase>
    <testcase classname="chrome.136_0_7103_93.windows.Sanity_Tests_US104253" name="Should open Manage Calendars page" time="36.249">
      <system-out><![CDATA[
COMMAND: POST /session/7f8ec675ea4d0b709012fb067697b535/execute/async - {"script":"<script> [1562 bytes]","args":[{"selector":{"controlType":"sap.m.GenericTile","properties":{"header":"Manage Calendars"}},"wdio_ui5_key":"sapm.GenericTile{\"header\":\"Manage Calendars\"}"}]}
RESULT: {"script":"<script> [1562 bytes]","args":[{"selector":{"controlType":"sap.m.GenericTile","properties":{"header":"Manage Calendars"}},"wdio_ui5_key":"sapm.GenericTile{\"header\":\"Manage Calendars\"}"}]}
RESULT: undefined
COMMAND: POST /session/7f8ec675ea4d0b709012fb067697b535/element - {"using":"xpath","value":"//*[@id=\"__tile36\"]"}
RESULT: {"using":"xpath","value":"//*[@id=\"__tile36\"]"}
COMMAND: POST /session/7f8ec675ea4d0b709012fb067697b535/element/f.680E24C7220655CA6643778340C03ECC.d.CAA6E1DCB14110F1B977E5E6F1F702D3.e.645/click - {}
RESULT: {}
COMMAND: GET /session/7f8ec675ea4d0b709012fb067697b535/screenshot - {}
RESULT: {}
COMMAND: POST /session/7f8ec675ea4d0b709012fb067697b535/elements - {"using":"xpath","value":"//span[text()='Error']"}
RESULT: {"using":"xpath","value":"//span[text()='Error']"}
RESULT: undefined
COMMAND: POST /session/7f8ec675ea4d0b709012fb067697b535/element - {"using":"xpath","value":"//*[@id=\"__tile36\"]"}
RESULT: {"using":"xpath","value":"//*[@id=\"__tile36\"]"}
COMMAND: POST /session/7f8ec675ea4d0b709012fb067697b535/element/f.680E24C7220655CA6643778340C03ECC.d.CAA6E1DCB14110F1B977E5E6F1F702D3.e.645/click - {}
RESULT: undefined
COMMAND: POST /session/7f8ec675ea4d0b709012fb067697b535/element - {"using":"xpath","value":"//*[@id=\"__tile36\"]"}
RESULT: {"using":"xpath","value":"//*[@id=\"__tile36\"]"}
COMMAND: POST /session/7f8ec675ea4d0b709012fb067697b535/element/f.680E24C7220655CA6643778340C03ECC.d.CAA6E1DCB14110F1B977E5E6F1F702D3.e.645/click - {}
RESULT: undefined
COMMAND: POST /session/7f8ec675ea4d0b709012fb067697b535/execute/async - {"script":"<script> [6424 bytes]","args":[{"element-6066-11e4-a52e-4f735466cecf":"f.680E24C7220655CA6643778340C03ECC.d.CAA6E1DCB14110F1B977E5E6F1F702D3.e.249"},"getTitle",[]]}
COMMAND: POST /session/7f8ec675ea4d0b709012fb067697b535/execute/async - {"script":"<script> [1562 bytes]","args":[{"selector":{"id":"shellAppTitle"},"wdio_ui5_key":"shellAppTitle"}]}
RESULT: {"script":"<script> [1562 bytes]","args":[{"selector":{"id":"shellAppTitle"},"wdio_ui5_key":"shellAppTitle"}]}
COMMAND: POST /session/7f8ec675ea4d0b709012fb067697b535/execute/async - {"script":"<script> [6424 bytes]","args":[{"element-6066-11e4-a52e-4f735466cecf":"f.680E24C7220655CA6643778340C03ECC.d.CAA6E1DCB14110F1B977E5E6F1F702D3.e.719"},"getTitle",[]]}
RESULT: {"script":"<script> [6424 bytes]","args":[{"element-6066-11e4-a52e-4f735466cecf":"f.680E24C7220655CA6643778340C03ECC.d.CAA6E1DCB14110F1B977E5E6F1F702D3.e.719"},"getTitle",[]]}
RESULT: undefined
COMMAND: POST /session/7f8ec675ea4d0b709012fb067697b535/element/f.680E24C7220655CA6643778340C03ECC.d.CAA6E1DCB14110F1B977E5E6F1F702D3.e.571/click - {}
COMMAND: POST /session/7f8ec675ea4d0b709012fb067697b535/element - {"using":"xpath","value":"//*[@id=\"backBtn\"]"}
RESULT: {"using":"xpath","value":"//*[@id=\"backBtn\"]"}
COMMAND: POST /session/7f8ec675ea4d0b709012fb067697b535/element/f.680E24C7220655CA6643778340C03ECC.d.CAA6E1DCB14110F1B977E5E6F1F702D3.e.571/click - {}
COMMAND: POST /session/7f8ec675ea4d0b709012fb067697b535/element - {"using":"xpath","value":"//*[@id=\"backBtn\"]"}
RESULT: {"using":"xpath","value":"//*[@id=\"backBtn\"]"}
COMMAND: POST /session/7f8ec675ea4d0b709012fb067697b535/element/f.680E24C7220655CA6643778340C03ECC.d.CAA6E1DCB14110F1B977E5E6F1F702D3.e.720/click - {}
RESULT: {}
COMMAND: GET /session/7f8ec675ea4d0b709012fb067697b535/screenshot - {}
RESULT: {}
]]></system-out>
    </testcase>
    <testcase classname="chrome.136_0_7103_93.windows.Sanity_Tests_US104253" name="Should open Address Management page" time="36.182">
      <system-out><![CDATA[
COMMAND: POST /session/7f8ec675ea4d0b709012fb067697b535/execute/async - {"script":"<script> [1562 bytes]","args":[{"selector":{"controlType":"sap.m.GenericTile","properties":{"header":"Address Management"}},"wdio_ui5_key":"sapm.GenericTile{\"header\":\"Address Management\"}"}]}
RESULT: {"script":"<script> [1562 bytes]","args":[{"selector":{"controlType":"sap.m.GenericTile","properties":{"header":"Address Management"}},"wdio_ui5_key":"sapm.GenericTile{\"header\":\"Address Management\"}"}]}
RESULT: undefined
COMMAND: POST /session/7f8ec675ea4d0b709012fb067697b535/element - {"using":"xpath","value":"//*[@id=\"__tile33\"]"}
RESULT: {"using":"xpath","value":"//*[@id=\"__tile33\"]"}
COMMAND: POST /session/7f8ec675ea4d0b709012fb067697b535/element/f.680E24C7220655CA6643778340C03ECC.d.CAA6E1DCB14110F1B977E5E6F1F702D3.e.722/click - {}
RESULT: {}
COMMAND: GET /session/7f8ec675ea4d0b709012fb067697b535/screenshot - {}
RESULT: {}
COMMAND: POST /session/7f8ec675ea4d0b709012fb067697b535/elements - {"using":"xpath","value":"//span[text()='Error']"}
RESULT: {"using":"xpath","value":"//span[text()='Error']"}
RESULT: undefined
COMMAND: POST /session/7f8ec675ea4d0b709012fb067697b535/element - {"using":"xpath","value":"//*[@id=\"__tile33\"]"}
RESULT: {"using":"xpath","value":"//*[@id=\"__tile33\"]"}
COMMAND: POST /session/7f8ec675ea4d0b709012fb067697b535/element/f.680E24C7220655CA6643778340C03ECC.d.CAA6E1DCB14110F1B977E5E6F1F702D3.e.722/click - {}
RESULT: undefined
COMMAND: POST /session/7f8ec675ea4d0b709012fb067697b535/element - {"using":"xpath","value":"//*[@id=\"__tile33\"]"}
RESULT: {"using":"xpath","value":"//*[@id=\"__tile33\"]"}
COMMAND: POST /session/7f8ec675ea4d0b709012fb067697b535/element/f.680E24C7220655CA6643778340C03ECC.d.CAA6E1DCB14110F1B977E5E6F1F702D3.e.722/click - {}
RESULT: undefined
COMMAND: POST /session/7f8ec675ea4d0b709012fb067697b535/execute/async - {"script":"<script> [6424 bytes]","args":[{"element-6066-11e4-a52e-4f735466cecf":"f.680E24C7220655CA6643778340C03ECC.d.CAA6E1DCB14110F1B977E5E6F1F702D3.e.249"},"getTitle",[]]}
COMMAND: POST /session/7f8ec675ea4d0b709012fb067697b535/execute/async - {"script":"<script> [1562 bytes]","args":[{"selector":{"id":"shellAppTitle"},"wdio_ui5_key":"shellAppTitle"}]}
RESULT: {"script":"<script> [1562 bytes]","args":[{"selector":{"id":"shellAppTitle"},"wdio_ui5_key":"shellAppTitle"}]}
COMMAND: POST /session/7f8ec675ea4d0b709012fb067697b535/execute/async - {"script":"<script> [6424 bytes]","args":[{"element-6066-11e4-a52e-4f735466cecf":"f.680E24C7220655CA6643778340C03ECC.d.CAA6E1DCB14110F1B977E5E6F1F702D3.e.915"},"getTitle",[]]}
RESULT: {"script":"<script> [6424 bytes]","args":[{"element-6066-11e4-a52e-4f735466cecf":"f.680E24C7220655CA6643778340C03ECC.d.CAA6E1DCB14110F1B977E5E6F1F702D3.e.915"},"getTitle",[]]}
RESULT: undefined
COMMAND: POST /session/7f8ec675ea4d0b709012fb067697b535/element/f.680E24C7220655CA6643778340C03ECC.d.CAA6E1DCB14110F1B977E5E6F1F702D3.e.720/click - {}
RESULT: {}
COMMAND: GET /session/7f8ec675ea4d0b709012fb067697b535/screenshot - {}
RESULT: {}
]]></system-out>
    </testcase>
    <testcase classname="chrome.136_0_7103_93.windows.Sanity_Tests_US104253" name="Should open Bill Of Resources page" time="45.419">
      <system-out><![CDATA[
COMMAND: POST /session/7f8ec675ea4d0b709012fb067697b535/execute/async - {"script":"<script> [1562 bytes]","args":[{"selector":{"controlType":"sap.m.GenericTile","properties":{"header":"Bill Of Resources"}},"wdio_ui5_key":"sapm.GenericTile{\"header\":\"Bill Of Resources\"}"}]}
RESULT: {"script":"<script> [1562 bytes]","args":[{"selector":{"controlType":"sap.m.GenericTile","properties":{"header":"Bill Of Resources"}},"wdio_ui5_key":"sapm.GenericTile{\"header\":\"Bill Of Resources\"}"}]}
RESULT: undefined
COMMAND: POST /session/7f8ec675ea4d0b709012fb067697b535/element - {"using":"xpath","value":"//*[@id=\"__tile34\"]"}
RESULT: {"using":"xpath","value":"//*[@id=\"__tile34\"]"}
COMMAND: POST /session/7f8ec675ea4d0b709012fb067697b535/element/f.680E24C7220655CA6643778340C03ECC.d.CAA6E1DCB14110F1B977E5E6F1F702D3.e.917/click - {}
RESULT: {}
COMMAND: GET /session/7f8ec675ea4d0b709012fb067697b535/screenshot - {}
RESULT: {}
COMMAND: POST /session/7f8ec675ea4d0b709012fb067697b535/elements - {"using":"xpath","value":"//span[text()='Error']"}
RESULT: {"using":"xpath","value":"//span[text()='Error']"}
RESULT: undefined
COMMAND: POST /session/7f8ec675ea4d0b709012fb067697b535/element - {"using":"xpath","value":"//*[@id=\"__tile34\"]"}
RESULT: {"using":"xpath","value":"//*[@id=\"__tile34\"]"}
COMMAND: POST /session/7f8ec675ea4d0b709012fb067697b535/element/f.680E24C7220655CA6643778340C03ECC.d.CAA6E1DCB14110F1B977E5E6F1F702D3.e.917/click - {}
RESULT: undefined
COMMAND: POST /session/7f8ec675ea4d0b709012fb067697b535/element - {"using":"xpath","value":"//*[@id=\"__tile34\"]"}
RESULT: {"using":"xpath","value":"//*[@id=\"__tile34\"]"}
COMMAND: POST /session/7f8ec675ea4d0b709012fb067697b535/element/f.680E24C7220655CA6643778340C03ECC.d.CAA6E1DCB14110F1B977E5E6F1F702D3.e.917/click - {}
RESULT: undefined
COMMAND: POST /session/7f8ec675ea4d0b709012fb067697b535/execute/async - {"script":"<script> [6424 bytes]","args":[{"element-6066-11e4-a52e-4f735466cecf":"f.680E24C7220655CA6643778340C03ECC.d.CAA6E1DCB14110F1B977E5E6F1F702D3.e.249"},"getTitle",[]]}
COMMAND: POST /session/7f8ec675ea4d0b709012fb067697b535/execute/async - {"script":"<script> [1562 bytes]","args":[{"selector":{"id":"shellAppTitle"},"wdio_ui5_key":"shellAppTitle"}]}
RESULT: {"script":"<script> [1562 bytes]","args":[{"selector":{"id":"shellAppTitle"},"wdio_ui5_key":"shellAppTitle"}]}
COMMAND: POST /session/7f8ec675ea4d0b709012fb067697b535/execute/async - {"script":"<script> [6424 bytes]","args":[{"element-6066-11e4-a52e-4f735466cecf":"f.680E24C7220655CA6643778340C03ECC.d.CAA6E1DCB14110F1B977E5E6F1F702D3.e.1014"},"getTitle",[]]}
RESULT: {"script":"<script> [6424 bytes]","args":[{"element-6066-11e4-a52e-4f735466cecf":"f.680E24C7220655CA6643778340C03ECC.d.CAA6E1DCB14110F1B977E5E6F1F702D3.e.1014"},"getTitle",[]]}
RESULT: undefined
COMMAND: POST /session/7f8ec675ea4d0b709012fb067697b535/element/f.680E24C7220655CA6643778340C03ECC.d.CAA6E1DCB14110F1B977E5E6F1F702D3.e.720/click - {}
COMMAND: POST /session/7f8ec675ea4d0b709012fb067697b535/element - {"using":"xpath","value":"//*[@id=\"backBtn\"]"}
RESULT: {"using":"xpath","value":"//*[@id=\"backBtn\"]"}
COMMAND: POST /session/7f8ec675ea4d0b709012fb067697b535/element/f.680E24C7220655CA6643778340C03ECC.d.CAA6E1DCB14110F1B977E5E6F1F702D3.e.720/click - {}
COMMAND: POST /session/7f8ec675ea4d0b709012fb067697b535/element - {"using":"xpath","value":"//*[@id=\"backBtn\"]"}
RESULT: {"using":"xpath","value":"//*[@id=\"backBtn\"]"}
COMMAND: POST /session/7f8ec675ea4d0b709012fb067697b535/element/f.680E24C7220655CA6643778340C03ECC.d.CAA6E1DCB14110F1B977E5E6F1F702D3.e.1015/click - {}
RESULT: {}
COMMAND: GET /session/7f8ec675ea4d0b709012fb067697b535/screenshot - {}
RESULT: {}
]]></system-out>
    </testcase>
    <testcase classname="chrome.136_0_7103_93.windows.Sanity_Tests_US104253" name="Should open Manage Yards page" time="37.64">
      <system-out><![CDATA[
COMMAND: POST /session/7f8ec675ea4d0b709012fb067697b535/execute/async - {"script":"<script> [1562 bytes]","args":[{"selector":{"controlType":"sap.m.GenericTile","properties":{"header":"Manage Yards"}},"wdio_ui5_key":"sapm.GenericTile{\"header\":\"Manage Yards\"}"}]}
RESULT: {"script":"<script> [1562 bytes]","args":[{"selector":{"controlType":"sap.m.GenericTile","properties":{"header":"Manage Yards"}},"wdio_ui5_key":"sapm.GenericTile{\"header\":\"Manage Yards\"}"}]}
RESULT: undefined
COMMAND: POST /session/7f8ec675ea4d0b709012fb067697b535/element - {"using":"xpath","value":"//*[@id=\"__tile41\"]"}
RESULT: {"using":"xpath","value":"//*[@id=\"__tile41\"]"}
COMMAND: POST /session/7f8ec675ea4d0b709012fb067697b535/element/f.680E24C7220655CA6643778340C03ECC.d.CAA6E1DCB14110F1B977E5E6F1F702D3.e.1017/click - {}
RESULT: {}
COMMAND: GET /session/7f8ec675ea4d0b709012fb067697b535/screenshot - {}
RESULT: {}
COMMAND: POST /session/7f8ec675ea4d0b709012fb067697b535/elements - {"using":"xpath","value":"//span[text()='Error']"}
RESULT: {"using":"xpath","value":"//span[text()='Error']"}
RESULT: undefined
COMMAND: POST /session/7f8ec675ea4d0b709012fb067697b535/element - {"using":"xpath","value":"//*[@id=\"__tile41\"]"}
RESULT: {"using":"xpath","value":"//*[@id=\"__tile41\"]"}
COMMAND: POST /session/7f8ec675ea4d0b709012fb067697b535/element/f.680E24C7220655CA6643778340C03ECC.d.CAA6E1DCB14110F1B977E5E6F1F702D3.e.1017/click - {}
RESULT: undefined
COMMAND: POST /session/7f8ec675ea4d0b709012fb067697b535/element - {"using":"xpath","value":"//*[@id=\"__tile41\"]"}
RESULT: {"using":"xpath","value":"//*[@id=\"__tile41\"]"}
COMMAND: POST /session/7f8ec675ea4d0b709012fb067697b535/element/f.680E24C7220655CA6643778340C03ECC.d.CAA6E1DCB14110F1B977E5E6F1F702D3.e.1017/click - {}
RESULT: undefined
COMMAND: POST /session/7f8ec675ea4d0b709012fb067697b535/execute/async - {"script":"<script> [6424 bytes]","args":[{"element-6066-11e4-a52e-4f735466cecf":"f.680E24C7220655CA6643778340C03ECC.d.CAA6E1DCB14110F1B977E5E6F1F702D3.e.249"},"getTitle",[]]}
COMMAND: POST /session/7f8ec675ea4d0b709012fb067697b535/execute/async - {"script":"<script> [1562 bytes]","args":[{"selector":{"id":"shellAppTitle"},"wdio_ui5_key":"shellAppTitle"}]}
RESULT: {"script":"<script> [1562 bytes]","args":[{"selector":{"id":"shellAppTitle"},"wdio_ui5_key":"shellAppTitle"}]}
COMMAND: POST /session/7f8ec675ea4d0b709012fb067697b535/execute/async - {"script":"<script> [6424 bytes]","args":[{"element-6066-11e4-a52e-4f735466cecf":"f.680E24C7220655CA6643778340C03ECC.d.CAA6E1DCB14110F1B977E5E6F1F702D3.e.1348"},"getTitle",[]]}
RESULT: {"script":"<script> [6424 bytes]","args":[{"element-6066-11e4-a52e-4f735466cecf":"f.680E24C7220655CA6643778340C03ECC.d.CAA6E1DCB14110F1B977E5E6F1F702D3.e.1348"},"getTitle",[]]}
RESULT: undefined
COMMAND: POST /session/7f8ec675ea4d0b709012fb067697b535/element/f.680E24C7220655CA6643778340C03ECC.d.CAA6E1DCB14110F1B977E5E6F1F702D3.e.1015/click - {}
RESULT: {}
COMMAND: GET /session/7f8ec675ea4d0b709012fb067697b535/screenshot - {}
RESULT: {}
]]></system-out>
    </testcase>
    <testcase classname="chrome.136_0_7103_93.windows.Sanity_Tests_US104253" name="Should open Manage Requests page" time="37.91">
      <system-out><![CDATA[
COMMAND: POST /session/7f8ec675ea4d0b709012fb067697b535/execute/async - {"script":"<script> [1562 bytes]","args":[{"selector":{"controlType":"sap.m.GenericTile","properties":{"header":"Manage Requests"}},"wdio_ui5_key":"sapm.GenericTile{\"header\":\"Manage Requests\"}"}]}
RESULT: {"script":"<script> [1562 bytes]","args":[{"selector":{"controlType":"sap.m.GenericTile","properties":{"header":"Manage Requests"}},"wdio_ui5_key":"sapm.GenericTile{\"header\":\"Manage Requests\"}"}]}
RESULT: undefined
COMMAND: POST /session/7f8ec675ea4d0b709012fb067697b535/element - {"using":"xpath","value":"//*[@id=\"__tile47\"]"}
RESULT: {"using":"xpath","value":"//*[@id=\"__tile47\"]"}
COMMAND: POST /session/7f8ec675ea4d0b709012fb067697b535/element/f.680E24C7220655CA6643778340C03ECC.d.CAA6E1DCB14110F1B977E5E6F1F702D3.e.1350/click - {}
RESULT: {}
COMMAND: GET /session/7f8ec675ea4d0b709012fb067697b535/screenshot - {}
RESULT: {}
COMMAND: POST /session/7f8ec675ea4d0b709012fb067697b535/elements - {"using":"xpath","value":"//span[text()='Error']"}
RESULT: {"using":"xpath","value":"//span[text()='Error']"}
RESULT: undefined
COMMAND: POST /session/7f8ec675ea4d0b709012fb067697b535/element - {"using":"xpath","value":"//*[@id=\"__tile47\"]"}
RESULT: {"using":"xpath","value":"//*[@id=\"__tile47\"]"}
COMMAND: POST /session/7f8ec675ea4d0b709012fb067697b535/element/f.680E24C7220655CA6643778340C03ECC.d.CAA6E1DCB14110F1B977E5E6F1F702D3.e.1350/click - {}
RESULT: undefined
COMMAND: POST /session/7f8ec675ea4d0b709012fb067697b535/element - {"using":"xpath","value":"//*[@id=\"__tile47\"]"}
RESULT: {"using":"xpath","value":"//*[@id=\"__tile47\"]"}
COMMAND: POST /session/7f8ec675ea4d0b709012fb067697b535/element/f.680E24C7220655CA6643778340C03ECC.d.CAA6E1DCB14110F1B977E5E6F1F702D3.e.1350/click - {}
RESULT: undefined
COMMAND: POST /session/7f8ec675ea4d0b709012fb067697b535/execute/async - {"script":"<script> [6424 bytes]","args":[{"element-6066-11e4-a52e-4f735466cecf":"f.680E24C7220655CA6643778340C03ECC.d.CAA6E1DCB14110F1B977E5E6F1F702D3.e.249"},"getTitle",[]]}
COMMAND: POST /session/7f8ec675ea4d0b709012fb067697b535/execute/async - {"script":"<script> [1562 bytes]","args":[{"selector":{"id":"shellAppTitle"},"wdio_ui5_key":"shellAppTitle"}]}
RESULT: {"script":"<script> [1562 bytes]","args":[{"selector":{"id":"shellAppTitle"},"wdio_ui5_key":"shellAppTitle"}]}
COMMAND: POST /session/7f8ec675ea4d0b709012fb067697b535/execute/async - {"script":"<script> [6424 bytes]","args":[{"element-6066-11e4-a52e-4f735466cecf":"f.680E24C7220655CA6643778340C03ECC.d.CAA6E1DCB14110F1B977E5E6F1F702D3.e.1444"},"getTitle",[]]}
RESULT: {"script":"<script> [6424 bytes]","args":[{"element-6066-11e4-a52e-4f735466cecf":"f.680E24C7220655CA6643778340C03ECC.d.CAA6E1DCB14110F1B977E5E6F1F702D3.e.1444"},"getTitle",[]]}
RESULT: undefined
COMMAND: POST /session/7f8ec675ea4d0b709012fb067697b535/element/f.680E24C7220655CA6643778340C03ECC.d.CAA6E1DCB14110F1B977E5E6F1F702D3.e.1015/click - {}
COMMAND: POST /session/7f8ec675ea4d0b709012fb067697b535/element - {"using":"xpath","value":"//*[@id=\"backBtn\"]"}
RESULT: {"using":"xpath","value":"//*[@id=\"backBtn\"]"}
COMMAND: POST /session/7f8ec675ea4d0b709012fb067697b535/element/f.680E24C7220655CA6643778340C03ECC.d.CAA6E1DCB14110F1B977E5E6F1F702D3.e.1015/click - {}
COMMAND: POST /session/7f8ec675ea4d0b709012fb067697b535/element - {"using":"xpath","value":"//*[@id=\"backBtn\"]"}
RESULT: {"using":"xpath","value":"//*[@id=\"backBtn\"]"}
COMMAND: POST /session/7f8ec675ea4d0b709012fb067697b535/element/f.680E24C7220655CA6643778340C03ECC.d.CAA6E1DCB14110F1B977E5E6F1F702D3.e.1445/click - {}
RESULT: {}
COMMAND: GET /session/7f8ec675ea4d0b709012fb067697b535/screenshot - {}
RESULT: {}
]]></system-out>
    </testcase>
    <testcase classname="chrome.136_0_7103_93.windows.Sanity_Tests_US104253" name="Should open Manage Purchasing page" time="36.683">
      <system-out><![CDATA[
COMMAND: POST /session/7f8ec675ea4d0b709012fb067697b535/execute/async - {"script":"<script> [1562 bytes]","args":[{"selector":{"controlType":"sap.m.GenericTile","properties":{"header":"Manage Purchasing"}},"wdio_ui5_key":"sapm.GenericTile{\"header\":\"Manage Purchasing\"}"}]}
RESULT: {"script":"<script> [1562 bytes]","args":[{"selector":{"controlType":"sap.m.GenericTile","properties":{"header":"Manage Purchasing"}},"wdio_ui5_key":"sapm.GenericTile{\"header\":\"Manage Purchasing\"}"}]}
RESULT: undefined
COMMAND: POST /session/7f8ec675ea4d0b709012fb067697b535/element - {"using":"xpath","value":"//*[@id=\"__tile46\"]"}
RESULT: {"using":"xpath","value":"//*[@id=\"__tile46\"]"}
COMMAND: POST /session/7f8ec675ea4d0b709012fb067697b535/element/f.680E24C7220655CA6643778340C03ECC.d.CAA6E1DCB14110F1B977E5E6F1F702D3.e.1448/click - {}
RESULT: {}
COMMAND: GET /session/7f8ec675ea4d0b709012fb067697b535/screenshot - {}
RESULT: {}
COMMAND: POST /session/7f8ec675ea4d0b709012fb067697b535/elements - {"using":"xpath","value":"//span[text()='Error']"}
RESULT: {"using":"xpath","value":"//span[text()='Error']"}
RESULT: undefined
COMMAND: POST /session/7f8ec675ea4d0b709012fb067697b535/element - {"using":"xpath","value":"//*[@id=\"__tile46\"]"}
RESULT: {"using":"xpath","value":"//*[@id=\"__tile46\"]"}
COMMAND: POST /session/7f8ec675ea4d0b709012fb067697b535/element/f.680E24C7220655CA6643778340C03ECC.d.CAA6E1DCB14110F1B977E5E6F1F702D3.e.1448/click - {}
RESULT: undefined
COMMAND: POST /session/7f8ec675ea4d0b709012fb067697b535/element - {"using":"xpath","value":"//*[@id=\"__tile46\"]"}
RESULT: {"using":"xpath","value":"//*[@id=\"__tile46\"]"}
COMMAND: POST /session/7f8ec675ea4d0b709012fb067697b535/element/f.680E24C7220655CA6643778340C03ECC.d.CAA6E1DCB14110F1B977E5E6F1F702D3.e.1448/click - {}
RESULT: undefined
COMMAND: POST /session/7f8ec675ea4d0b709012fb067697b535/execute/async - {"script":"<script> [6424 bytes]","args":[{"element-6066-11e4-a52e-4f735466cecf":"f.680E24C7220655CA6643778340C03ECC.d.CAA6E1DCB14110F1B977E5E6F1F702D3.e.249"},"getTitle",[]]}
COMMAND: POST /session/7f8ec675ea4d0b709012fb067697b535/execute/async - {"script":"<script> [1562 bytes]","args":[{"selector":{"id":"shellAppTitle"},"wdio_ui5_key":"shellAppTitle"}]}
RESULT: {"script":"<script> [1562 bytes]","args":[{"selector":{"id":"shellAppTitle"},"wdio_ui5_key":"shellAppTitle"}]}
COMMAND: POST /session/7f8ec675ea4d0b709012fb067697b535/execute/async - {"script":"<script> [6424 bytes]","args":[{"element-6066-11e4-a52e-4f735466cecf":"f.680E24C7220655CA6643778340C03ECC.d.CAA6E1DCB14110F1B977E5E6F1F702D3.e.1527"},"getTitle",[]]}
RESULT: {"script":"<script> [6424 bytes]","args":[{"element-6066-11e4-a52e-4f735466cecf":"f.680E24C7220655CA6643778340C03ECC.d.CAA6E1DCB14110F1B977E5E6F1F702D3.e.1527"},"getTitle",[]]}
RESULT: undefined
COMMAND: POST /session/7f8ec675ea4d0b709012fb067697b535/element/f.680E24C7220655CA6643778340C03ECC.d.CAA6E1DCB14110F1B977E5E6F1F702D3.e.1445/click - {}
RESULT: {}
COMMAND: GET /session/7f8ec675ea4d0b709012fb067697b535/screenshot - {}
RESULT: {}
]]></system-out>
    </testcase>
    <testcase classname="chrome.136_0_7103_93.windows.Sanity_Tests_US104253" name="Should open Planning Board page" time="36.534">
      <system-out><![CDATA[
COMMAND: POST /session/7f8ec675ea4d0b709012fb067697b535/execute/async - {"script":"<script> [1562 bytes]","args":[{"selector":{"controlType":"sap.m.GenericTile","properties":{"header":"Planning Board"}},"wdio_ui5_key":"sapm.GenericTile{\"header\":\"Planning Board\"}"}]}
RESULT: {"script":"<script> [1562 bytes]","args":[{"selector":{"controlType":"sap.m.GenericTile","properties":{"header":"Planning Board"}},"wdio_ui5_key":"sapm.GenericTile{\"header\":\"Planning Board\"}"}]}
RESULT: undefined
COMMAND: POST /session/7f8ec675ea4d0b709012fb067697b535/element - {"using":"xpath","value":"//*[@id=\"__tile133\"]"}
RESULT: {"using":"xpath","value":"//*[@id=\"__tile133\"]"}
COMMAND: POST /session/7f8ec675ea4d0b709012fb067697b535/element/f.680E24C7220655CA6643778340C03ECC.d.CAA6E1DCB14110F1B977E5E6F1F702D3.e.1529/click - {}
RESULT: {}
COMMAND: GET /session/7f8ec675ea4d0b709012fb067697b535/screenshot - {}
RESULT: {}
COMMAND: POST /session/7f8ec675ea4d0b709012fb067697b535/elements - {"using":"xpath","value":"//span[text()='Error']"}
RESULT: {"using":"xpath","value":"//span[text()='Error']"}
RESULT: undefined
COMMAND: POST /session/7f8ec675ea4d0b709012fb067697b535/element - {"using":"xpath","value":"//*[@id=\"__tile133\"]"}
RESULT: {"using":"xpath","value":"//*[@id=\"__tile133\"]"}
COMMAND: POST /session/7f8ec675ea4d0b709012fb067697b535/element/f.680E24C7220655CA6643778340C03ECC.d.CAA6E1DCB14110F1B977E5E6F1F702D3.e.1529/click - {}
RESULT: undefined
COMMAND: POST /session/7f8ec675ea4d0b709012fb067697b535/element - {"using":"xpath","value":"//*[@id=\"__tile133\"]"}
RESULT: {"using":"xpath","value":"//*[@id=\"__tile133\"]"}
COMMAND: POST /session/7f8ec675ea4d0b709012fb067697b535/element/f.680E24C7220655CA6643778340C03ECC.d.CAA6E1DCB14110F1B977E5E6F1F702D3.e.1529/click - {}
RESULT: undefined
COMMAND: POST /session/7f8ec675ea4d0b709012fb067697b535/execute/async - {"script":"<script> [6424 bytes]","args":[{"element-6066-11e4-a52e-4f735466cecf":"f.680E24C7220655CA6643778340C03ECC.d.CAA6E1DCB14110F1B977E5E6F1F702D3.e.249"},"getTitle",[]]}
COMMAND: POST /session/7f8ec675ea4d0b709012fb067697b535/execute/async - {"script":"<script> [1562 bytes]","args":[{"selector":{"id":"shellAppTitle"},"wdio_ui5_key":"shellAppTitle"}]}
RESULT: {"script":"<script> [1562 bytes]","args":[{"selector":{"id":"shellAppTitle"},"wdio_ui5_key":"shellAppTitle"}]}
COMMAND: POST /session/7f8ec675ea4d0b709012fb067697b535/execute/async - {"script":"<script> [6424 bytes]","args":[{"element-6066-11e4-a52e-4f735466cecf":"f.680E24C7220655CA6643778340C03ECC.d.CAA6E1DCB14110F1B977E5E6F1F702D3.e.1575"},"getTitle",[]]}
RESULT: {"script":"<script> [6424 bytes]","args":[{"element-6066-11e4-a52e-4f735466cecf":"f.680E24C7220655CA6643778340C03ECC.d.CAA6E1DCB14110F1B977E5E6F1F702D3.e.1575"},"getTitle",[]]}
RESULT: undefined
COMMAND: POST /session/7f8ec675ea4d0b709012fb067697b535/element/f.680E24C7220655CA6643778340C03ECC.d.CAA6E1DCB14110F1B977E5E6F1F702D3.e.1445/click - {}
COMMAND: POST /session/7f8ec675ea4d0b709012fb067697b535/element/f.680E24C7220655CA6643778340C03ECC.d.CAA6E1DCB14110F1B977E5E6F1F702D3.e.1445/click - {}
COMMAND: POST /session/7f8ec675ea4d0b709012fb067697b535/element - {"using":"xpath","value":"//*[@id=\"backBtn\"]"}
COMMAND: POST /session/7f8ec675ea4d0b709012fb067697b535/element - {"using":"xpath","value":"//*[@id=\"backBtn\"]"}
RESULT: {"using":"xpath","value":"//*[@id=\"backBtn\"]"}
COMMAND: POST /session/7f8ec675ea4d0b709012fb067697b535/element/f.680E24C7220655CA6643778340C03ECC.d.CAA6E1DCB14110F1B977E5E6F1F702D3.e.1445/click - {}
RESULT: {"using":"xpath","value":"//*[@id=\"backBtn\"]"}
COMMAND: POST /session/7f8ec675ea4d0b709012fb067697b535/element/f.680E24C7220655CA6643778340C03ECC.d.CAA6E1DCB14110F1B977E5E6F1F702D3.e.1445/click - {}
COMMAND: POST /session/7f8ec675ea4d0b709012fb067697b535/element - {"using":"xpath","value":"//*[@id=\"backBtn\"]"}
COMMAND: POST /session/7f8ec675ea4d0b709012fb067697b535/element - {"using":"xpath","value":"//*[@id=\"backBtn\"]"}
RESULT: {"using":"xpath","value":"//*[@id=\"backBtn\"]"}
COMMAND: POST /session/7f8ec675ea4d0b709012fb067697b535/element/f.680E24C7220655CA6643778340C03ECC.d.CAA6E1DCB14110F1B977E5E6F1F702D3.e.1576/click - {}
RESULT: {"using":"xpath","value":"//*[@id=\"backBtn\"]"}
COMMAND: POST /session/7f8ec675ea4d0b709012fb067697b535/element/f.680E24C7220655CA6643778340C03ECC.d.CAA6E1DCB14110F1B977E5E6F1F702D3.e.1576/click - {}
RESULT: {}
COMMAND: GET /session/7f8ec675ea4d0b709012fb067697b535/screenshot - {}
RESULT: {}
COMMAND: GET /session/7f8ec675ea4d0b709012fb067697b535/screenshot - {}
RESULT: {}
RESULT: {}
]]></system-out>
    </testcase>
    <testcase classname="chrome.136_0_7103_93.windows.Sanity_Tests_US104253" name="Should open Manage Contracts page" time="36.975">
      <system-out><![CDATA[
COMMAND: POST /session/7f8ec675ea4d0b709012fb067697b535/execute/async - {"script":"<script> [1562 bytes]","args":[{"selector":{"controlType":"sap.m.GenericTile","properties":{"header":"Manage Contracts"}},"wdio_ui5_key":"sapm.GenericTile{\"header\":\"Manage Contracts\"}"}]}
RESULT: {"script":"<script> [1562 bytes]","args":[{"selector":{"controlType":"sap.m.GenericTile","properties":{"header":"Manage Contracts"}},"wdio_ui5_key":"sapm.GenericTile{\"header\":\"Manage Contracts\"}"}]}
RESULT: undefined
COMMAND: POST /session/7f8ec675ea4d0b709012fb067697b535/element - {"using":"xpath","value":"//*[@id=\"__tile131\"]"}
RESULT: {"using":"xpath","value":"//*[@id=\"__tile131\"]"}
COMMAND: POST /session/7f8ec675ea4d0b709012fb067697b535/element/f.680E24C7220655CA6643778340C03ECC.d.CAA6E1DCB14110F1B977E5E6F1F702D3.e.1578/click - {}
RESULT: {}
COMMAND: GET /session/7f8ec675ea4d0b709012fb067697b535/screenshot - {}
RESULT: {}
COMMAND: POST /session/7f8ec675ea4d0b709012fb067697b535/elements - {"using":"xpath","value":"//span[text()='Error']"}
RESULT: {"using":"xpath","value":"//span[text()='Error']"}
RESULT: undefined
COMMAND: POST /session/7f8ec675ea4d0b709012fb067697b535/element - {"using":"xpath","value":"//*[@id=\"__tile131\"]"}
RESULT: {"using":"xpath","value":"//*[@id=\"__tile131\"]"}
COMMAND: POST /session/7f8ec675ea4d0b709012fb067697b535/element/f.680E24C7220655CA6643778340C03ECC.d.CAA6E1DCB14110F1B977E5E6F1F702D3.e.1578/click - {}
RESULT: undefined
COMMAND: POST /session/7f8ec675ea4d0b709012fb067697b535/element - {"using":"xpath","value":"//*[@id=\"__tile131\"]"}
RESULT: {"using":"xpath","value":"//*[@id=\"__tile131\"]"}
COMMAND: POST /session/7f8ec675ea4d0b709012fb067697b535/element/f.680E24C7220655CA6643778340C03ECC.d.CAA6E1DCB14110F1B977E5E6F1F702D3.e.1578/click - {}
RESULT: undefined
COMMAND: POST /session/7f8ec675ea4d0b709012fb067697b535/execute/async - {"script":"<script> [6424 bytes]","args":[{"element-6066-11e4-a52e-4f735466cecf":"f.680E24C7220655CA6643778340C03ECC.d.CAA6E1DCB14110F1B977E5E6F1F702D3.e.249"},"getTitle",[]]}
COMMAND: POST /session/7f8ec675ea4d0b709012fb067697b535/execute/async - {"script":"<script> [1562 bytes]","args":[{"selector":{"id":"shellAppTitle"},"wdio_ui5_key":"shellAppTitle"}]}
RESULT: {"script":"<script> [1562 bytes]","args":[{"selector":{"id":"shellAppTitle"},"wdio_ui5_key":"shellAppTitle"}]}
COMMAND: POST /session/7f8ec675ea4d0b709012fb067697b535/execute/async - {"script":"<script> [6424 bytes]","args":[{"element-6066-11e4-a52e-4f735466cecf":"f.680E24C7220655CA6643778340C03ECC.d.CAA6E1DCB14110F1B977E5E6F1F702D3.e.1642"},"getTitle",[]]}
RESULT: {"script":"<script> [6424 bytes]","args":[{"element-6066-11e4-a52e-4f735466cecf":"f.680E24C7220655CA6643778340C03ECC.d.CAA6E1DCB14110F1B977E5E6F1F702D3.e.1642"},"getTitle",[]]}
RESULT: undefined
COMMAND: POST /session/7f8ec675ea4d0b709012fb067697b535/element/f.680E24C7220655CA6643778340C03ECC.d.CAA6E1DCB14110F1B977E5E6F1F702D3.e.1576/click - {}
RESULT: {}
COMMAND: GET /session/7f8ec675ea4d0b709012fb067697b535/screenshot - {}
RESULT: {}
]]></system-out>
    </testcase>
    <testcase classname="chrome.136_0_7103_93.windows.Sanity_Tests_US104253" name="Should open Manage Quotations page" time="36.903">
      <system-out><![CDATA[
COMMAND: POST /session/7f8ec675ea4d0b709012fb067697b535/execute/async - {"script":"<script> [1562 bytes]","args":[{"selector":{"controlType":"sap.m.GenericTile","properties":{"header":"Manage Quotations"}},"wdio_ui5_key":"sapm.GenericTile{\"header\":\"Manage Quotations\"}"}]}
RESULT: {"script":"<script> [1562 bytes]","args":[{"selector":{"controlType":"sap.m.GenericTile","properties":{"header":"Manage Quotations"}},"wdio_ui5_key":"sapm.GenericTile{\"header\":\"Manage Quotations\"}"}]}
RESULT: undefined
COMMAND: POST /session/7f8ec675ea4d0b709012fb067697b535/element - {"using":"xpath","value":"//*[@id=\"__tile132\"]"}
RESULT: {"using":"xpath","value":"//*[@id=\"__tile132\"]"}
COMMAND: POST /session/7f8ec675ea4d0b709012fb067697b535/element/f.680E24C7220655CA6643778340C03ECC.d.CAA6E1DCB14110F1B977E5E6F1F702D3.e.1644/click - {}
RESULT: {}
COMMAND: GET /session/7f8ec675ea4d0b709012fb067697b535/screenshot - {}
RESULT: {}
COMMAND: POST /session/7f8ec675ea4d0b709012fb067697b535/elements - {"using":"xpath","value":"//span[text()='Error']"}
RESULT: {"using":"xpath","value":"//span[text()='Error']"}
RESULT: undefined
COMMAND: POST /session/7f8ec675ea4d0b709012fb067697b535/element - {"using":"xpath","value":"//*[@id=\"__tile132\"]"}
RESULT: {"using":"xpath","value":"//*[@id=\"__tile132\"]"}
COMMAND: POST /session/7f8ec675ea4d0b709012fb067697b535/element/f.680E24C7220655CA6643778340C03ECC.d.CAA6E1DCB14110F1B977E5E6F1F702D3.e.1644/click - {}
RESULT: undefined
COMMAND: POST /session/7f8ec675ea4d0b709012fb067697b535/element - {"using":"xpath","value":"//*[@id=\"__tile132\"]"}
RESULT: {"using":"xpath","value":"//*[@id=\"__tile132\"]"}
COMMAND: POST /session/7f8ec675ea4d0b709012fb067697b535/element/f.680E24C7220655CA6643778340C03ECC.d.CAA6E1DCB14110F1B977E5E6F1F702D3.e.1644/click - {}
RESULT: undefined
COMMAND: POST /session/7f8ec675ea4d0b709012fb067697b535/execute/async - {"script":"<script> [6424 bytes]","args":[{"element-6066-11e4-a52e-4f735466cecf":"f.680E24C7220655CA6643778340C03ECC.d.CAA6E1DCB14110F1B977E5E6F1F702D3.e.249"},"getTitle",[]]}
COMMAND: POST /session/7f8ec675ea4d0b709012fb067697b535/execute/async - {"script":"<script> [1562 bytes]","args":[{"selector":{"id":"shellAppTitle"},"wdio_ui5_key":"shellAppTitle"}]}
RESULT: {"script":"<script> [1562 bytes]","args":[{"selector":{"id":"shellAppTitle"},"wdio_ui5_key":"shellAppTitle"}]}
COMMAND: POST /session/7f8ec675ea4d0b709012fb067697b535/execute/async - {"script":"<script> [6424 bytes]","args":[{"element-6066-11e4-a52e-4f735466cecf":"f.680E24C7220655CA6643778340C03ECC.d.CAA6E1DCB14110F1B977E5E6F1F702D3.e.1717"},"getTitle",[]]}
RESULT: {"script":"<script> [6424 bytes]","args":[{"element-6066-11e4-a52e-4f735466cecf":"f.680E24C7220655CA6643778340C03ECC.d.CAA6E1DCB14110F1B977E5E6F1F702D3.e.1717"},"getTitle",[]]}
RESULT: undefined
COMMAND: POST /session/7f8ec675ea4d0b709012fb067697b535/element/f.680E24C7220655CA6643778340C03ECC.d.CAA6E1DCB14110F1B977E5E6F1F702D3.e.1576/click - {}
COMMAND: POST /session/7f8ec675ea4d0b709012fb067697b535/element - {"using":"xpath","value":"//*[@id=\"backBtn\"]"}
RESULT: {"using":"xpath","value":"//*[@id=\"backBtn\"]"}
COMMAND: POST /session/7f8ec675ea4d0b709012fb067697b535/element/f.680E24C7220655CA6643778340C03ECC.d.CAA6E1DCB14110F1B977E5E6F1F702D3.e.1576/click - {}
COMMAND: POST /session/7f8ec675ea4d0b709012fb067697b535/element - {"using":"xpath","value":"//*[@id=\"backBtn\"]"}
RESULT: {"using":"xpath","value":"//*[@id=\"backBtn\"]"}
COMMAND: POST /session/7f8ec675ea4d0b709012fb067697b535/element/f.680E24C7220655CA6643778340C03ECC.d.CAA6E1DCB14110F1B977E5E6F1F702D3.e.1718/click - {}
RESULT: {}
COMMAND: GET /session/7f8ec675ea4d0b709012fb067697b535/screenshot - {}
RESULT: {}
]]></system-out>
    </testcase>
    <testcase classname="chrome.136_0_7103_93.windows.Sanity_Tests_US104253" name="Should open Manage Handovers page" time="36.202">
      <system-out><![CDATA[
COMMAND: POST /session/7f8ec675ea4d0b709012fb067697b535/execute/async - {"script":"<script> [1562 bytes]","args":[{"selector":{"controlType":"sap.m.GenericTile","properties":{"header":"Manage Handovers"}},"wdio_ui5_key":"sapm.GenericTile{\"header\":\"Manage Handovers\"}"}]}
RESULT: {"script":"<script> [1562 bytes]","args":[{"selector":{"controlType":"sap.m.GenericTile","properties":{"header":"Manage Handovers"}},"wdio_ui5_key":"sapm.GenericTile{\"header\":\"Manage Handovers\"}"}]}
RESULT: undefined
COMMAND: POST /session/7f8ec675ea4d0b709012fb067697b535/element - {"using":"xpath","value":"//*[@id=\"__tile130\"]"}
RESULT: {"using":"xpath","value":"//*[@id=\"__tile130\"]"}
COMMAND: POST /session/7f8ec675ea4d0b709012fb067697b535/element/f.680E24C7220655CA6643778340C03ECC.d.CAA6E1DCB14110F1B977E5E6F1F702D3.e.1720/click - {}
RESULT: {}
COMMAND: GET /session/7f8ec675ea4d0b709012fb067697b535/screenshot - {}
RESULT: {}
COMMAND: POST /session/7f8ec675ea4d0b709012fb067697b535/elements - {"using":"xpath","value":"//span[text()='Error']"}
RESULT: {"using":"xpath","value":"//span[text()='Error']"}
RESULT: undefined
COMMAND: POST /session/7f8ec675ea4d0b709012fb067697b535/element - {"using":"xpath","value":"//*[@id=\"__tile130\"]"}
RESULT: {"using":"xpath","value":"//*[@id=\"__tile130\"]"}
COMMAND: POST /session/7f8ec675ea4d0b709012fb067697b535/element/f.680E24C7220655CA6643778340C03ECC.d.CAA6E1DCB14110F1B977E5E6F1F702D3.e.1720/click - {}
RESULT: undefined
COMMAND: POST /session/7f8ec675ea4d0b709012fb067697b535/element - {"using":"xpath","value":"//*[@id=\"__tile130\"]"}
RESULT: {"using":"xpath","value":"//*[@id=\"__tile130\"]"}
COMMAND: POST /session/7f8ec675ea4d0b709012fb067697b535/element/f.680E24C7220655CA6643778340C03ECC.d.CAA6E1DCB14110F1B977E5E6F1F702D3.e.1720/click - {}
RESULT: undefined
COMMAND: POST /session/7f8ec675ea4d0b709012fb067697b535/execute/async - {"script":"<script> [6424 bytes]","args":[{"element-6066-11e4-a52e-4f735466cecf":"f.680E24C7220655CA6643778340C03ECC.d.CAA6E1DCB14110F1B977E5E6F1F702D3.e.249"},"getTitle",[]]}
COMMAND: POST /session/7f8ec675ea4d0b709012fb067697b535/execute/async - {"script":"<script> [1562 bytes]","args":[{"selector":{"id":"shellAppTitle"},"wdio_ui5_key":"shellAppTitle"}]}
RESULT: {"script":"<script> [1562 bytes]","args":[{"selector":{"id":"shellAppTitle"},"wdio_ui5_key":"shellAppTitle"}]}
COMMAND: POST /session/7f8ec675ea4d0b709012fb067697b535/execute/async - {"script":"<script> [6424 bytes]","args":[{"element-6066-11e4-a52e-4f735466cecf":"f.680E24C7220655CA6643778340C03ECC.d.CAA6E1DCB14110F1B977E5E6F1F702D3.e.1824"},"getTitle",[]]}
RESULT: {"script":"<script> [6424 bytes]","args":[{"element-6066-11e4-a52e-4f735466cecf":"f.680E24C7220655CA6643778340C03ECC.d.CAA6E1DCB14110F1B977E5E6F1F702D3.e.1824"},"getTitle",[]]}
RESULT: undefined
COMMAND: POST /session/7f8ec675ea4d0b709012fb067697b535/element/f.680E24C7220655CA6643778340C03ECC.d.CAA6E1DCB14110F1B977E5E6F1F702D3.e.1718/click - {}
RESULT: {}
COMMAND: GET /session/7f8ec675ea4d0b709012fb067697b535/screenshot - {}
RESULT: {}
]]></system-out>
    </testcase>
    <testcase classname="chrome.136_0_7103_93.windows.Sanity_Tests_US104253" name="Should open Delivery Monitor page" time="39.664">
      <system-out><![CDATA[
COMMAND: POST /session/7f8ec675ea4d0b709012fb067697b535/execute/async - {"script":"<script> [1562 bytes]","args":[{"selector":{"controlType":"sap.m.GenericTile","properties":{"header":"Delivery Monitor"}},"wdio_ui5_key":"sapm.GenericTile{\"header\":\"Delivery Monitor\"}"}]}
RESULT: {"script":"<script> [1562 bytes]","args":[{"selector":{"controlType":"sap.m.GenericTile","properties":{"header":"Delivery Monitor"}},"wdio_ui5_key":"sapm.GenericTile{\"header\":\"Delivery Monitor\"}"}]}
RESULT: undefined
COMMAND: POST /session/7f8ec675ea4d0b709012fb067697b535/element - {"using":"xpath","value":"//*[@id=\"__tile43\"]"}
RESULT: {"using":"xpath","value":"//*[@id=\"__tile43\"]"}
COMMAND: POST /session/7f8ec675ea4d0b709012fb067697b535/element/f.680E24C7220655CA6643778340C03ECC.d.CAA6E1DCB14110F1B977E5E6F1F702D3.e.1826/click - {}
RESULT: {}
COMMAND: GET /session/7f8ec675ea4d0b709012fb067697b535/screenshot - {}
RESULT: {}
COMMAND: POST /session/7f8ec675ea4d0b709012fb067697b535/elements - {"using":"xpath","value":"//span[text()='Error']"}
RESULT: {"using":"xpath","value":"//span[text()='Error']"}
RESULT: undefined
COMMAND: POST /session/7f8ec675ea4d0b709012fb067697b535/element - {"using":"xpath","value":"//*[@id=\"__tile43\"]"}
RESULT: {"using":"xpath","value":"//*[@id=\"__tile43\"]"}
COMMAND: POST /session/7f8ec675ea4d0b709012fb067697b535/element/f.680E24C7220655CA6643778340C03ECC.d.CAA6E1DCB14110F1B977E5E6F1F702D3.e.1826/click - {}
RESULT: undefined
COMMAND: POST /session/7f8ec675ea4d0b709012fb067697b535/element - {"using":"xpath","value":"//*[@id=\"__tile43\"]"}
RESULT: {"using":"xpath","value":"//*[@id=\"__tile43\"]"}
COMMAND: POST /session/7f8ec675ea4d0b709012fb067697b535/element/f.680E24C7220655CA6643778340C03ECC.d.CAA6E1DCB14110F1B977E5E6F1F702D3.e.1826/click - {}
RESULT: undefined
COMMAND: POST /session/7f8ec675ea4d0b709012fb067697b535/execute/async - {"script":"<script> [6424 bytes]","args":[{"element-6066-11e4-a52e-4f735466cecf":"f.680E24C7220655CA6643778340C03ECC.d.CAA6E1DCB14110F1B977E5E6F1F702D3.e.249"},"getTitle",[]]}
COMMAND: POST /session/7f8ec675ea4d0b709012fb067697b535/execute/async - {"script":"<script> [1562 bytes]","args":[{"selector":{"id":"shellAppTitle"},"wdio_ui5_key":"shellAppTitle"}]}
RESULT: {"script":"<script> [1562 bytes]","args":[{"selector":{"id":"shellAppTitle"},"wdio_ui5_key":"shellAppTitle"}]}
COMMAND: POST /session/7f8ec675ea4d0b709012fb067697b535/execute/async - {"script":"<script> [6424 bytes]","args":[{"element-6066-11e4-a52e-4f735466cecf":"f.680E24C7220655CA6643778340C03ECC.d.CAA6E1DCB14110F1B977E5E6F1F702D3.e.1926"},"getTitle",[]]}
RESULT: {"script":"<script> [6424 bytes]","args":[{"element-6066-11e4-a52e-4f735466cecf":"f.680E24C7220655CA6643778340C03ECC.d.CAA6E1DCB14110F1B977E5E6F1F702D3.e.1926"},"getTitle",[]]}
RESULT: undefined
COMMAND: POST /session/7f8ec675ea4d0b709012fb067697b535/element/f.680E24C7220655CA6643778340C03ECC.d.CAA6E1DCB14110F1B977E5E6F1F702D3.e.1718/click - {}
COMMAND: POST /session/7f8ec675ea4d0b709012fb067697b535/element - {"using":"xpath","value":"//*[@id=\"backBtn\"]"}
RESULT: {"using":"xpath","value":"//*[@id=\"backBtn\"]"}
COMMAND: POST /session/7f8ec675ea4d0b709012fb067697b535/element/f.680E24C7220655CA6643778340C03ECC.d.CAA6E1DCB14110F1B977E5E6F1F702D3.e.1718/click - {}
COMMAND: POST /session/7f8ec675ea4d0b709012fb067697b535/element - {"using":"xpath","value":"//*[@id=\"backBtn\"]"}
RESULT: {"using":"xpath","value":"//*[@id=\"backBtn\"]"}
COMMAND: POST /session/7f8ec675ea4d0b709012fb067697b535/element/f.680E24C7220655CA6643778340C03ECC.d.CAA6E1DCB14110F1B977E5E6F1F702D3.e.1927/click - {}
RESULT: {}
COMMAND: GET /session/7f8ec675ea4d0b709012fb067697b535/screenshot - {}
RESULT: {}
]]></system-out>
    </testcase>
    <testcase classname="chrome.136_0_7103_93.windows.Sanity_Tests_US104253" name="Should open Manage Calendar Exceptions page" time="37.026">
      <system-out><![CDATA[
COMMAND: POST /session/7f8ec675ea4d0b709012fb067697b535/execute/async - {"script":"<script> [1562 bytes]","args":[{"selector":{"controlType":"sap.m.GenericTile","properties":{"header":"Manage Calendar Exceptions"}},"wdio_ui5_key":"sapm.GenericTile{\"header\":\"Manage Calendar Exceptions\"}"}]}
RESULT: {"script":"<script> [1562 bytes]","args":[{"selector":{"controlType":"sap.m.GenericTile","properties":{"header":"Manage Calendar Exceptions"}},"wdio_ui5_key":"sapm.GenericTile{\"header\":\"Manage Calendar Exceptions\"}"}]}
RESULT: undefined
COMMAND: POST /session/7f8ec675ea4d0b709012fb067697b535/element - {"using":"xpath","value":"//*[@id=\"__tile52\"]"}
RESULT: {"using":"xpath","value":"//*[@id=\"__tile52\"]"}
COMMAND: POST /session/7f8ec675ea4d0b709012fb067697b535/element/f.680E24C7220655CA6643778340C03ECC.d.CAA6E1DCB14110F1B977E5E6F1F702D3.e.1929/click - {}
RESULT: {}
COMMAND: GET /session/7f8ec675ea4d0b709012fb067697b535/screenshot - {}
RESULT: {}
COMMAND: POST /session/7f8ec675ea4d0b709012fb067697b535/elements - {"using":"xpath","value":"//span[text()='Error']"}
RESULT: {"using":"xpath","value":"//span[text()='Error']"}
RESULT: undefined
COMMAND: POST /session/7f8ec675ea4d0b709012fb067697b535/element - {"using":"xpath","value":"//*[@id=\"__tile52\"]"}
RESULT: {"using":"xpath","value":"//*[@id=\"__tile52\"]"}
COMMAND: POST /session/7f8ec675ea4d0b709012fb067697b535/element/f.680E24C7220655CA6643778340C03ECC.d.CAA6E1DCB14110F1B977E5E6F1F702D3.e.1929/click - {}
RESULT: undefined
COMMAND: POST /session/7f8ec675ea4d0b709012fb067697b535/element - {"using":"xpath","value":"//*[@id=\"__tile52\"]"}
RESULT: {"using":"xpath","value":"//*[@id=\"__tile52\"]"}
COMMAND: POST /session/7f8ec675ea4d0b709012fb067697b535/element/f.680E24C7220655CA6643778340C03ECC.d.CAA6E1DCB14110F1B977E5E6F1F702D3.e.1929/click - {}
RESULT: undefined
COMMAND: POST /session/7f8ec675ea4d0b709012fb067697b535/execute/async - {"script":"<script> [6424 bytes]","args":[{"element-6066-11e4-a52e-4f735466cecf":"f.680E24C7220655CA6643778340C03ECC.d.CAA6E1DCB14110F1B977E5E6F1F702D3.e.249"},"getTitle",[]]}
COMMAND: POST /session/7f8ec675ea4d0b709012fb067697b535/execute/async - {"script":"<script> [1562 bytes]","args":[{"selector":{"id":"shellAppTitle"},"wdio_ui5_key":"shellAppTitle"}]}
RESULT: {"script":"<script> [1562 bytes]","args":[{"selector":{"id":"shellAppTitle"},"wdio_ui5_key":"shellAppTitle"}]}
COMMAND: POST /session/7f8ec675ea4d0b709012fb067697b535/execute/async - {"script":"<script> [6424 bytes]","args":[{"element-6066-11e4-a52e-4f735466cecf":"f.680E24C7220655CA6643778340C03ECC.d.CAA6E1DCB14110F1B977E5E6F1F702D3.e.1983"},"getTitle",[]]}
RESULT: {"script":"<script> [6424 bytes]","args":[{"element-6066-11e4-a52e-4f735466cecf":"f.680E24C7220655CA6643778340C03ECC.d.CAA6E1DCB14110F1B977E5E6F1F702D3.e.1983"},"getTitle",[]]}
RESULT: undefined
COMMAND: POST /session/7f8ec675ea4d0b709012fb067697b535/element/f.680E24C7220655CA6643778340C03ECC.d.CAA6E1DCB14110F1B977E5E6F1F702D3.e.1927/click - {}
RESULT: {}
COMMAND: GET /session/7f8ec675ea4d0b709012fb067697b535/screenshot - {}
RESULT: {}
]]></system-out>
    </testcase>
    <testcase classname="chrome.136_0_7103_93.windows.Sanity_Tests_US104253" name="Should open Manage States Performance page" time="36.756">
      <system-out><![CDATA[
COMMAND: POST /session/7f8ec675ea4d0b709012fb067697b535/execute/async - {"script":"<script> [1562 bytes]","args":[{"selector":{"controlType":"sap.m.GenericTile","properties":{"header":"Manage States & Performance"}},"wdio_ui5_key":"sapm.GenericTile{\"header\":\"Manage States & Performance\"}"}]}
RESULT: {"script":"<script> [1562 bytes]","args":[{"selector":{"controlType":"sap.m.GenericTile","properties":{"header":"Manage States & Performance"}},"wdio_ui5_key":"sapm.GenericTile{\"header\":\"Manage States & Performance\"}"}]}
RESULT: undefined
COMMAND: POST /session/7f8ec675ea4d0b709012fb067697b535/element - {"using":"xpath","value":"//*[@id=\"__tile56\"]"}
RESULT: {"using":"xpath","value":"//*[@id=\"__tile56\"]"}
COMMAND: POST /session/7f8ec675ea4d0b709012fb067697b535/element/f.680E24C7220655CA6643778340C03ECC.d.CAA6E1DCB14110F1B977E5E6F1F702D3.e.1987/click - {}
RESULT: {}
COMMAND: GET /session/7f8ec675ea4d0b709012fb067697b535/screenshot - {}
RESULT: {}
COMMAND: POST /session/7f8ec675ea4d0b709012fb067697b535/elements - {"using":"xpath","value":"//span[text()='Error']"}
RESULT: {"using":"xpath","value":"//span[text()='Error']"}
RESULT: undefined
COMMAND: POST /session/7f8ec675ea4d0b709012fb067697b535/element - {"using":"xpath","value":"//*[@id=\"__tile56\"]"}
RESULT: {"using":"xpath","value":"//*[@id=\"__tile56\"]"}
COMMAND: POST /session/7f8ec675ea4d0b709012fb067697b535/element/f.680E24C7220655CA6643778340C03ECC.d.CAA6E1DCB14110F1B977E5E6F1F702D3.e.1987/click - {}
RESULT: undefined
COMMAND: POST /session/7f8ec675ea4d0b709012fb067697b535/element - {"using":"xpath","value":"//*[@id=\"__tile56\"]"}
RESULT: {"using":"xpath","value":"//*[@id=\"__tile56\"]"}
COMMAND: POST /session/7f8ec675ea4d0b709012fb067697b535/element/f.680E24C7220655CA6643778340C03ECC.d.CAA6E1DCB14110F1B977E5E6F1F702D3.e.1987/click - {}
RESULT: undefined
COMMAND: POST /session/7f8ec675ea4d0b709012fb067697b535/execute/async - {"script":"<script> [6424 bytes]","args":[{"element-6066-11e4-a52e-4f735466cecf":"f.680E24C7220655CA6643778340C03ECC.d.CAA6E1DCB14110F1B977E5E6F1F702D3.e.249"},"getTitle",[]]}
COMMAND: POST /session/7f8ec675ea4d0b709012fb067697b535/execute/async - {"script":"<script> [1562 bytes]","args":[{"selector":{"id":"shellAppTitle"},"wdio_ui5_key":"shellAppTitle"}]}
RESULT: {"script":"<script> [1562 bytes]","args":[{"selector":{"id":"shellAppTitle"},"wdio_ui5_key":"shellAppTitle"}]}
COMMAND: POST /session/7f8ec675ea4d0b709012fb067697b535/execute/async - {"script":"<script> [6424 bytes]","args":[{"element-6066-11e4-a52e-4f735466cecf":"f.680E24C7220655CA6643778340C03ECC.d.CAA6E1DCB14110F1B977E5E6F1F702D3.e.2088"},"getTitle",[]]}
RESULT: {"script":"<script> [6424 bytes]","args":[{"element-6066-11e4-a52e-4f735466cecf":"f.680E24C7220655CA6643778340C03ECC.d.CAA6E1DCB14110F1B977E5E6F1F702D3.e.2088"},"getTitle",[]]}
RESULT: undefined
COMMAND: POST /session/7f8ec675ea4d0b709012fb067697b535/element/f.680E24C7220655CA6643778340C03ECC.d.CAA6E1DCB14110F1B977E5E6F1F702D3.e.1927/click - {}
COMMAND: POST /session/7f8ec675ea4d0b709012fb067697b535/element - {"using":"xpath","value":"//*[@id=\"backBtn\"]"}
RESULT: {"using":"xpath","value":"//*[@id=\"backBtn\"]"}
COMMAND: POST /session/7f8ec675ea4d0b709012fb067697b535/element/f.680E24C7220655CA6643778340C03ECC.d.CAA6E1DCB14110F1B977E5E6F1F702D3.e.1927/click - {}
COMMAND: POST /session/7f8ec675ea4d0b709012fb067697b535/element - {"using":"xpath","value":"//*[@id=\"backBtn\"]"}
RESULT: {"using":"xpath","value":"//*[@id=\"backBtn\"]"}
COMMAND: POST /session/7f8ec675ea4d0b709012fb067697b535/element/f.680E24C7220655CA6643778340C03ECC.d.CAA6E1DCB14110F1B977E5E6F1F702D3.e.2089/click - {}
RESULT: {}
COMMAND: GET /session/7f8ec675ea4d0b709012fb067697b535/screenshot - {}
RESULT: {}
]]></system-out>
    </testcase>
    <testcase classname="chrome.136_0_7103_93.windows.Sanity_Tests_US104253" name="Should open Manage Billings page" time="41.373">
      <system-out><![CDATA[
COMMAND: POST /session/7f8ec675ea4d0b709012fb067697b535/execute/async - {"script":"<script> [1562 bytes]","args":[{"selector":{"controlType":"sap.m.GenericTile","properties":{"header":"Manage Billings"}},"wdio_ui5_key":"sapm.GenericTile{\"header\":\"Manage Billings\"}"}]}
RESULT: {"script":"<script> [1562 bytes]","args":[{"selector":{"controlType":"sap.m.GenericTile","properties":{"header":"Manage Billings"}},"wdio_ui5_key":"sapm.GenericTile{\"header\":\"Manage Billings\"}"}]}
RESULT: undefined
COMMAND: POST /session/7f8ec675ea4d0b709012fb067697b535/element - {"using":"xpath","value":"//*[@id=\"__tile51\"]"}
RESULT: {"using":"xpath","value":"//*[@id=\"__tile51\"]"}
COMMAND: POST /session/7f8ec675ea4d0b709012fb067697b535/element/f.680E24C7220655CA6643778340C03ECC.d.CAA6E1DCB14110F1B977E5E6F1F702D3.e.2091/click - {}
RESULT: {}
COMMAND: GET /session/7f8ec675ea4d0b709012fb067697b535/screenshot - {}
RESULT: {}
COMMAND: POST /session/7f8ec675ea4d0b709012fb067697b535/elements - {"using":"xpath","value":"//span[text()='Error']"}
RESULT: {"using":"xpath","value":"//span[text()='Error']"}
RESULT: undefined
COMMAND: POST /session/7f8ec675ea4d0b709012fb067697b535/element - {"using":"xpath","value":"//*[@id=\"__tile51\"]"}
RESULT: {"using":"xpath","value":"//*[@id=\"__tile51\"]"}
COMMAND: POST /session/7f8ec675ea4d0b709012fb067697b535/element/f.680E24C7220655CA6643778340C03ECC.d.CAA6E1DCB14110F1B977E5E6F1F702D3.e.2091/click - {}
RESULT: undefined
COMMAND: POST /session/7f8ec675ea4d0b709012fb067697b535/element - {"using":"xpath","value":"//*[@id=\"__tile51\"]"}
RESULT: {"using":"xpath","value":"//*[@id=\"__tile51\"]"}
COMMAND: POST /session/7f8ec675ea4d0b709012fb067697b535/element/f.680E24C7220655CA6643778340C03ECC.d.CAA6E1DCB14110F1B977E5E6F1F702D3.e.2091/click - {}
RESULT: undefined
COMMAND: POST /session/7f8ec675ea4d0b709012fb067697b535/execute/async - {"script":"<script> [6424 bytes]","args":[{"element-6066-11e4-a52e-4f735466cecf":"f.680E24C7220655CA6643778340C03ECC.d.CAA6E1DCB14110F1B977E5E6F1F702D3.e.249"},"getTitle",[]]}
COMMAND: POST /session/7f8ec675ea4d0b709012fb067697b535/execute/async - {"script":"<script> [1562 bytes]","args":[{"selector":{"id":"shellAppTitle"},"wdio_ui5_key":"shellAppTitle"}]}
RESULT: {"script":"<script> [1562 bytes]","args":[{"selector":{"id":"shellAppTitle"},"wdio_ui5_key":"shellAppTitle"}]}
COMMAND: POST /session/7f8ec675ea4d0b709012fb067697b535/execute/async - {"script":"<script> [6424 bytes]","args":[{"element-6066-11e4-a52e-4f735466cecf":"f.680E24C7220655CA6643778340C03ECC.d.CAA6E1DCB14110F1B977E5E6F1F702D3.e.2280"},"getTitle",[]]}
RESULT: {"script":"<script> [6424 bytes]","args":[{"element-6066-11e4-a52e-4f735466cecf":"f.680E24C7220655CA6643778340C03ECC.d.CAA6E1DCB14110F1B977E5E6F1F702D3.e.2280"},"getTitle",[]]}
RESULT: undefined
COMMAND: POST /session/7f8ec675ea4d0b709012fb067697b535/element/f.680E24C7220655CA6643778340C03ECC.d.CAA6E1DCB14110F1B977E5E6F1F702D3.e.2089/click - {}
COMMAND: POST /session/7f8ec675ea4d0b709012fb067697b535/element/f.680E24C7220655CA6643778340C03ECC.d.CAA6E1DCB14110F1B977E5E6F1F702D3.e.2089/click - {}
RESULT: {}
COMMAND: GET /session/7f8ec675ea4d0b709012fb067697b535/screenshot - {}
COMMAND: POST /session/7f8ec675ea4d0b709012fb067697b535/element - {"using":"xpath","value":"//*[@id=\"backBtn\"]"}
RESULT: {}
RESULT: {"using":"xpath","value":"//*[@id=\"backBtn\"]"}
COMMAND: POST /session/7f8ec675ea4d0b709012fb067697b535/elements - {"using":"xpath","value":"//*[@id=\"backBtn\"]"}
RESULT: {"using":"xpath","value":"//*[@id=\"backBtn\"]"}
COMMAND: POST /session/7f8ec675ea4d0b709012fb067697b535/elements - {"using":"xpath","value":"//*[@id=\"backBtn\"]"}
RESULT: {"using":"xpath","value":"//*[@id=\"backBtn\"]"}
COMMAND: POST /session/7f8ec675ea4d0b709012fb067697b535/elements - {"using":"xpath","value":"//*[@id=\"backBtn\"]"}
RESULT: {"using":"xpath","value":"//*[@id=\"backBtn\"]"}
COMMAND: POST /session/7f8ec675ea4d0b709012fb067697b535/elements - {"using":"xpath","value":"//*[@id=\"backBtn\"]"}
RESULT: {"using":"xpath","value":"//*[@id=\"backBtn\"]"}
COMMAND: POST /session/7f8ec675ea4d0b709012fb067697b535/elements - {"using":"xpath","value":"//*[@id=\"backBtn\"]"}
RESULT: {"using":"xpath","value":"//*[@id=\"backBtn\"]"}
COMMAND: POST /session/7f8ec675ea4d0b709012fb067697b535/elements - {"using":"xpath","value":"//*[@id=\"backBtn\"]"}
RESULT: {"using":"xpath","value":"//*[@id=\"backBtn\"]"}
COMMAND: POST /session/7f8ec675ea4d0b709012fb067697b535/elements - {"using":"xpath","value":"//*[@id=\"backBtn\"]"}
RESULT: {"using":"xpath","value":"//*[@id=\"backBtn\"]"}
COMMAND: POST /session/7f8ec675ea4d0b709012fb067697b535/elements - {"using":"xpath","value":"//*[@id=\"backBtn\"]"}
RESULT: {"using":"xpath","value":"//*[@id=\"backBtn\"]"}
COMMAND: POST /session/7f8ec675ea4d0b709012fb067697b535/elements - {"using":"xpath","value":"//*[@id=\"backBtn\"]"}
RESULT: {"using":"xpath","value":"//*[@id=\"backBtn\"]"}
COMMAND: POST /session/7f8ec675ea4d0b709012fb067697b535/elements - {"using":"xpath","value":"//*[@id=\"backBtn\"]"}
RESULT: {"using":"xpath","value":"//*[@id=\"backBtn\"]"}
COMMAND: POST /session/7f8ec675ea4d0b709012fb067697b535/elements - {"using":"xpath","value":"//*[@id=\"backBtn\"]"}
RESULT: {"using":"xpath","value":"//*[@id=\"backBtn\"]"}
COMMAND: POST /session/7f8ec675ea4d0b709012fb067697b535/elements - {"using":"xpath","value":"//*[@id=\"backBtn\"]"}
RESULT: {"using":"xpath","value":"//*[@id=\"backBtn\"]"}
COMMAND: POST /session/7f8ec675ea4d0b709012fb067697b535/elements - {"using":"xpath","value":"//*[@id=\"backBtn\"]"}
RESULT: {"using":"xpath","value":"//*[@id=\"backBtn\"]"}
COMMAND: POST /session/7f8ec675ea4d0b709012fb067697b535/elements - {"using":"xpath","value":"//*[@id=\"backBtn\"]"}
RESULT: {"using":"xpath","value":"//*[@id=\"backBtn\"]"}
COMMAND: POST /session/7f8ec675ea4d0b709012fb067697b535/elements - {"using":"xpath","value":"//*[@id=\"backBtn\"]"}
RESULT: {"using":"xpath","value":"//*[@id=\"backBtn\"]"}
COMMAND: POST /session/7f8ec675ea4d0b709012fb067697b535/elements - {"using":"xpath","value":"//*[@id=\"backBtn\"]"}
RESULT: {"using":"xpath","value":"//*[@id=\"backBtn\"]"}
COMMAND: POST /session/7f8ec675ea4d0b709012fb067697b535/elements - {"using":"xpath","value":"//*[@id=\"backBtn\"]"}
RESULT: {"using":"xpath","value":"//*[@id=\"backBtn\"]"}
]]></system-out>
    </testcase>
    <testcase classname="chrome.136_0_7103_93.windows.Sanity_Tests_US104253" name="Should open Manage Conditions Prices page" time="45.951">
      <system-out><![CDATA[
COMMAND: POST /session/7f8ec675ea4d0b709012fb067697b535/execute/async - {"script":"<script> [1562 bytes]","args":[{"selector":{"controlType":"sap.m.GenericTile","properties":{"header":"Manage Conditions & Prices"}},"wdio_ui5_key":"sapm.GenericTile{\"header\":\"Manage Conditions & Prices\"}"}]}
COMMAND: POST /session/7f8ec675ea4d0b709012fb067697b535/elements - {"using":"xpath","value":"//*[@id=\"backBtn\"]"}
RESULT: {"script":"<script> [1562 bytes]","args":[{"selector":{"controlType":"sap.m.GenericTile","properties":{"header":"Manage Conditions & Prices"}},"wdio_ui5_key":"sapm.GenericTile{\"header\":\"Manage Conditions & Prices\"}"}]}
RESULT: undefined
COMMAND: POST /session/7f8ec675ea4d0b709012fb067697b535/element - {"using":"xpath","value":"//*[@id=\"__tile53\"]"}
RESULT: {"using":"xpath","value":"//*[@id=\"backBtn\"]"}
RESULT: {"using":"xpath","value":"//*[@id=\"__tile53\"]"}
COMMAND: POST /session/7f8ec675ea4d0b709012fb067697b535/element/f.680E24C7220655CA6643778340C03ECC.d.CAA6E1DCB14110F1B977E5E6F1F702D3.e.2282/click - {}
COMMAND: POST /session/7f8ec675ea4d0b709012fb067697b535/elements - {"using":"xpath","value":"//*[@id=\"backBtn\"]"}
RESULT: {}
COMMAND: GET /session/7f8ec675ea4d0b709012fb067697b535/screenshot - {}
RESULT: {"using":"xpath","value":"//*[@id=\"backBtn\"]"}
RESULT: {}
COMMAND: POST /session/7f8ec675ea4d0b709012fb067697b535/elements - {"using":"xpath","value":"//*[@id=\"backBtn\"]"}
RESULT: {"using":"xpath","value":"//*[@id=\"backBtn\"]"}
COMMAND: POST /session/7f8ec675ea4d0b709012fb067697b535/elements - {"using":"xpath","value":"//*[@id=\"backBtn\"]"}
RESULT: {"using":"xpath","value":"//*[@id=\"backBtn\"]"}
COMMAND: POST /session/7f8ec675ea4d0b709012fb067697b535/elements - {"using":"xpath","value":"//*[@id=\"backBtn\"]"}
RESULT: {"using":"xpath","value":"//*[@id=\"backBtn\"]"}
COMMAND: POST /session/7f8ec675ea4d0b709012fb067697b535/elements - {"using":"xpath","value":"//*[@id=\"backBtn\"]"}
COMMAND: POST /session/7f8ec675ea4d0b709012fb067697b535/elements - {"using":"xpath","value":"//span[text()='Error']"}
RESULT: {"using":"xpath","value":"//*[@id=\"backBtn\"]"}
COMMAND: POST /session/7f8ec675ea4d0b709012fb067697b535/element - {"using":"xpath","value":"//*[@id=\"backBtn\"]"}
RESULT: {"using":"xpath","value":"//span[text()='Error']"}
RESULT: {"using":"xpath","value":"//*[@id=\"backBtn\"]"}
COMMAND: POST /session/7f8ec675ea4d0b709012fb067697b535/element/f.680E24C7220655CA6643778340C03ECC.d.CAA6E1DCB14110F1B977E5E6F1F702D3.e.2089/click - {}
COMMAND: POST /session/7f8ec675ea4d0b709012fb067697b535/element - {"using":"xpath","value":"//*[@id=\"backBtn\"]"}
RESULT: {"using":"xpath","value":"//*[@id=\"backBtn\"]"}
COMMAND: POST /session/7f8ec675ea4d0b709012fb067697b535/element/f.680E24C7220655CA6643778340C03ECC.d.CAA6E1DCB14110F1B977E5E6F1F702D3.e.2286/click - {}
RESULT: {}
COMMAND: GET /session/7f8ec675ea4d0b709012fb067697b535/screenshot - {}
RESULT: {}
RESULT: undefined
COMMAND: POST /session/7f8ec675ea4d0b709012fb067697b535/element - {"using":"xpath","value":"//*[@id=\"__tile53\"]"}
RESULT: {"using":"xpath","value":"//*[@id=\"__tile53\"]"}
COMMAND: POST /session/7f8ec675ea4d0b709012fb067697b535/element/f.680E24C7220655CA6643778340C03ECC.d.CAA6E1DCB14110F1B977E5E6F1F702D3.e.2282/click - {}
RESULT: {}
RESULT: undefined
COMMAND: POST /session/7f8ec675ea4d0b709012fb067697b535/element - {"using":"xpath","value":"//*[@id=\"__tile53\"]"}
COMMAND: GET /session/7f8ec675ea4d0b709012fb067697b535/screenshot - {}
RESULT: {"using":"xpath","value":"//*[@id=\"__tile53\"]"}
COMMAND: POST /session/7f8ec675ea4d0b709012fb067697b535/element/f.680E24C7220655CA6643778340C03ECC.d.CAA6E1DCB14110F1B977E5E6F1F702D3.e.2282/click - {}
RESULT: {}
RESULT: undefined
COMMAND: POST /session/7f8ec675ea4d0b709012fb067697b535/execute/async - {"script":"<script> [6424 bytes]","args":[{"element-6066-11e4-a52e-4f735466cecf":"f.680E24C7220655CA6643778340C03ECC.d.CAA6E1DCB14110F1B977E5E6F1F702D3.e.249"},"getTitle",[]]}
COMMAND: POST /session/7f8ec675ea4d0b709012fb067697b535/execute/async - {"script":"<script> [1562 bytes]","args":[{"selector":{"id":"shellAppTitle"},"wdio_ui5_key":"shellAppTitle"}]}
RESULT: {"script":"<script> [1562 bytes]","args":[{"selector":{"id":"shellAppTitle"},"wdio_ui5_key":"shellAppTitle"}]}
COMMAND: POST /session/7f8ec675ea4d0b709012fb067697b535/execute/async - {"script":"<script> [6424 bytes]","args":[{"element-6066-11e4-a52e-4f735466cecf":"f.680E24C7220655CA6643778340C03ECC.d.CAA6E1DCB14110F1B977E5E6F1F702D3.e.2421"},"getTitle",[]]}
RESULT: {"script":"<script> [6424 bytes]","args":[{"element-6066-11e4-a52e-4f735466cecf":"f.680E24C7220655CA6643778340C03ECC.d.CAA6E1DCB14110F1B977E5E6F1F702D3.e.2421"},"getTitle",[]]}
RESULT: undefined
COMMAND: POST /session/7f8ec675ea4d0b709012fb067697b535/element/f.680E24C7220655CA6643778340C03ECC.d.CAA6E1DCB14110F1B977E5E6F1F702D3.e.2286/click - {}
RESULT: {}
COMMAND: GET /session/7f8ec675ea4d0b709012fb067697b535/screenshot - {}
RESULT: {}
]]></system-out>
    </testcase>
    <testcase classname="chrome.136_0_7103_93.windows.Sanity_Tests_US104253" name="Should open Billing Transfer page" time="37.718">
      <system-out><![CDATA[
COMMAND: POST /session/7f8ec675ea4d0b709012fb067697b535/execute/async - {"script":"<script> [1562 bytes]","args":[{"selector":{"controlType":"sap.m.GenericTile","properties":{"header":"Billing Transfer"}},"wdio_ui5_key":"sapm.GenericTile{\"header\":\"Billing Transfer\"}"}]}
RESULT: {"script":"<script> [1562 bytes]","args":[{"selector":{"controlType":"sap.m.GenericTile","properties":{"header":"Billing Transfer"}},"wdio_ui5_key":"sapm.GenericTile{\"header\":\"Billing Transfer\"}"}]}
RESULT: undefined
COMMAND: POST /session/7f8ec675ea4d0b709012fb067697b535/element - {"using":"xpath","value":"//*[@id=\"__tile50\"]"}
RESULT: {"using":"xpath","value":"//*[@id=\"__tile50\"]"}
COMMAND: POST /session/7f8ec675ea4d0b709012fb067697b535/element/f.680E24C7220655CA6643778340C03ECC.d.CAA6E1DCB14110F1B977E5E6F1F702D3.e.2423/click - {}
RESULT: {}
COMMAND: GET /session/7f8ec675ea4d0b709012fb067697b535/screenshot - {}
RESULT: {}
COMMAND: POST /session/7f8ec675ea4d0b709012fb067697b535/elements - {"using":"xpath","value":"//span[text()='Error']"}
RESULT: {"using":"xpath","value":"//span[text()='Error']"}
RESULT: undefined
COMMAND: POST /session/7f8ec675ea4d0b709012fb067697b535/element - {"using":"xpath","value":"//*[@id=\"__tile50\"]"}
RESULT: {"using":"xpath","value":"//*[@id=\"__tile50\"]"}
COMMAND: POST /session/7f8ec675ea4d0b709012fb067697b535/element/f.680E24C7220655CA6643778340C03ECC.d.CAA6E1DCB14110F1B977E5E6F1F702D3.e.2423/click - {}
RESULT: undefined
COMMAND: POST /session/7f8ec675ea4d0b709012fb067697b535/element - {"using":"xpath","value":"//*[@id=\"__tile50\"]"}
RESULT: {"using":"xpath","value":"//*[@id=\"__tile50\"]"}
COMMAND: POST /session/7f8ec675ea4d0b709012fb067697b535/element/f.680E24C7220655CA6643778340C03ECC.d.CAA6E1DCB14110F1B977E5E6F1F702D3.e.2423/click - {}
RESULT: undefined
COMMAND: POST /session/7f8ec675ea4d0b709012fb067697b535/execute/async - {"script":"<script> [6424 bytes]","args":[{"element-6066-11e4-a52e-4f735466cecf":"f.680E24C7220655CA6643778340C03ECC.d.CAA6E1DCB14110F1B977E5E6F1F702D3.e.249"},"getTitle",[]]}
COMMAND: POST /session/7f8ec675ea4d0b709012fb067697b535/execute/async - {"script":"<script> [1562 bytes]","args":[{"selector":{"id":"shellAppTitle"},"wdio_ui5_key":"shellAppTitle"}]}
RESULT: {"script":"<script> [1562 bytes]","args":[{"selector":{"id":"shellAppTitle"},"wdio_ui5_key":"shellAppTitle"}]}
COMMAND: POST /session/7f8ec675ea4d0b709012fb067697b535/execute/async - {"script":"<script> [6424 bytes]","args":[{"element-6066-11e4-a52e-4f735466cecf":"f.680E24C7220655CA6643778340C03ECC.d.CAA6E1DCB14110F1B977E5E6F1F702D3.e.2514"},"getTitle",[]]}
RESULT: {"script":"<script> [6424 bytes]","args":[{"element-6066-11e4-a52e-4f735466cecf":"f.680E24C7220655CA6643778340C03ECC.d.CAA6E1DCB14110F1B977E5E6F1F702D3.e.2514"},"getTitle",[]]}
RESULT: undefined
COMMAND: POST /session/7f8ec675ea4d0b709012fb067697b535/element/f.680E24C7220655CA6643778340C03ECC.d.CAA6E1DCB14110F1B977E5E6F1F702D3.e.2286/click - {}
COMMAND: POST /session/7f8ec675ea4d0b709012fb067697b535/element - {"using":"xpath","value":"//*[@id=\"backBtn\"]"}
RESULT: {"using":"xpath","value":"//*[@id=\"backBtn\"]"}
COMMAND: POST /session/7f8ec675ea4d0b709012fb067697b535/element/f.680E24C7220655CA6643778340C03ECC.d.CAA6E1DCB14110F1B977E5E6F1F702D3.e.2286/click - {}
COMMAND: POST /session/7f8ec675ea4d0b709012fb067697b535/element - {"using":"xpath","value":"//*[@id=\"backBtn\"]"}
RESULT: {"using":"xpath","value":"//*[@id=\"backBtn\"]"}
COMMAND: POST /session/7f8ec675ea4d0b709012fb067697b535/element/f.680E24C7220655CA6643778340C03ECC.d.CAA6E1DCB14110F1B977E5E6F1F702D3.e.2515/click - {}
RESULT: {}
COMMAND: GET /session/7f8ec675ea4d0b709012fb067697b535/screenshot - {}
RESULT: {}
]]></system-out>
    </testcase>
    <testcase classname="chrome.136_0_7103_93.windows.Sanity_Tests_US104253" name="Should open Manage Pricing Rules page" time="36.628">
      <system-out><![CDATA[
COMMAND: POST /session/7f8ec675ea4d0b709012fb067697b535/execute/async - {"script":"<script> [1562 bytes]","args":[{"selector":{"controlType":"sap.m.GenericTile","properties":{"header":"Manage Pricing Rules"}},"wdio_ui5_key":"sapm.GenericTile{\"header\":\"Manage Pricing Rules\"}"}]}
RESULT: {"script":"<script> [1562 bytes]","args":[{"selector":{"controlType":"sap.m.GenericTile","properties":{"header":"Manage Pricing Rules"}},"wdio_ui5_key":"sapm.GenericTile{\"header\":\"Manage Pricing Rules\"}"}]}
RESULT: undefined
COMMAND: POST /session/7f8ec675ea4d0b709012fb067697b535/element - {"using":"xpath","value":"//*[@id=\"__tile55\"]"}
RESULT: {"using":"xpath","value":"//*[@id=\"__tile55\"]"}
COMMAND: POST /session/7f8ec675ea4d0b709012fb067697b535/element/f.680E24C7220655CA6643778340C03ECC.d.CAA6E1DCB14110F1B977E5E6F1F702D3.e.2517/click - {}
RESULT: {}
COMMAND: GET /session/7f8ec675ea4d0b709012fb067697b535/screenshot - {}
RESULT: {}
COMMAND: POST /session/7f8ec675ea4d0b709012fb067697b535/elements - {"using":"xpath","value":"//span[text()='Error']"}
RESULT: {"using":"xpath","value":"//span[text()='Error']"}
RESULT: undefined
COMMAND: POST /session/7f8ec675ea4d0b709012fb067697b535/element - {"using":"xpath","value":"//*[@id=\"__tile55\"]"}
RESULT: {"using":"xpath","value":"//*[@id=\"__tile55\"]"}
COMMAND: POST /session/7f8ec675ea4d0b709012fb067697b535/element/f.680E24C7220655CA6643778340C03ECC.d.CAA6E1DCB14110F1B977E5E6F1F702D3.e.2517/click - {}
RESULT: undefined
COMMAND: POST /session/7f8ec675ea4d0b709012fb067697b535/element - {"using":"xpath","value":"//*[@id=\"__tile55\"]"}
RESULT: {"using":"xpath","value":"//*[@id=\"__tile55\"]"}
COMMAND: POST /session/7f8ec675ea4d0b709012fb067697b535/element/f.680E24C7220655CA6643778340C03ECC.d.CAA6E1DCB14110F1B977E5E6F1F702D3.e.2517/click - {}
RESULT: undefined
COMMAND: POST /session/7f8ec675ea4d0b709012fb067697b535/execute/async - {"script":"<script> [6424 bytes]","args":[{"element-6066-11e4-a52e-4f735466cecf":"f.680E24C7220655CA6643778340C03ECC.d.CAA6E1DCB14110F1B977E5E6F1F702D3.e.249"},"getTitle",[]]}
COMMAND: POST /session/7f8ec675ea4d0b709012fb067697b535/execute/async - {"script":"<script> [1562 bytes]","args":[{"selector":{"id":"shellAppTitle"},"wdio_ui5_key":"shellAppTitle"}]}
RESULT: {"script":"<script> [1562 bytes]","args":[{"selector":{"id":"shellAppTitle"},"wdio_ui5_key":"shellAppTitle"}]}
COMMAND: POST /session/7f8ec675ea4d0b709012fb067697b535/execute/async - {"script":"<script> [6424 bytes]","args":[{"element-6066-11e4-a52e-4f735466cecf":"f.680E24C7220655CA6643778340C03ECC.d.CAA6E1DCB14110F1B977E5E6F1F702D3.e.2565"},"getTitle",[]]}
RESULT: {"script":"<script> [6424 bytes]","args":[{"element-6066-11e4-a52e-4f735466cecf":"f.680E24C7220655CA6643778340C03ECC.d.CAA6E1DCB14110F1B977E5E6F1F702D3.e.2565"},"getTitle",[]]}
RESULT: undefined
COMMAND: POST /session/7f8ec675ea4d0b709012fb067697b535/element/f.680E24C7220655CA6643778340C03ECC.d.CAA6E1DCB14110F1B977E5E6F1F702D3.e.2515/click - {}
RESULT: {}
COMMAND: GET /session/7f8ec675ea4d0b709012fb067697b535/screenshot - {}
RESULT: {}
]]></system-out>
    </testcase>
    <testcase classname="chrome.136_0_7103_93.windows.Sanity_Tests_US104253" name="Should open Manage Price Determination Matrices page" time="37.793">
      <system-out><![CDATA[
COMMAND: POST /session/7f8ec675ea4d0b709012fb067697b535/execute/async - {"script":"<script> [1562 bytes]","args":[{"selector":{"controlType":"sap.m.GenericTile","properties":{"header":"Manage Price Determination Matrices"}},"wdio_ui5_key":"sapm.GenericTile{\"header\":\"Manage Price Determination Matrices\"}"}]}
RESULT: {"script":"<script> [1562 bytes]","args":[{"selector":{"controlType":"sap.m.GenericTile","properties":{"header":"Manage Price Determination Matrices"}},"wdio_ui5_key":"sapm.GenericTile{\"header\":\"Manage Price Determination Matrices\"}"}]}
RESULT: undefined
COMMAND: POST /session/7f8ec675ea4d0b709012fb067697b535/element - {"using":"xpath","value":"//*[@id=\"__tile54\"]"}
RESULT: {"using":"xpath","value":"//*[@id=\"__tile54\"]"}
COMMAND: POST /session/7f8ec675ea4d0b709012fb067697b535/element/f.680E24C7220655CA6643778340C03ECC.d.CAA6E1DCB14110F1B977E5E6F1F702D3.e.2567/click - {}
RESULT: {}
COMMAND: GET /session/7f8ec675ea4d0b709012fb067697b535/screenshot - {}
RESULT: {}
COMMAND: POST /session/7f8ec675ea4d0b709012fb067697b535/elements - {"using":"xpath","value":"//span[text()='Error']"}
RESULT: {"using":"xpath","value":"//span[text()='Error']"}
RESULT: undefined
COMMAND: POST /session/7f8ec675ea4d0b709012fb067697b535/element - {"using":"xpath","value":"//*[@id=\"__tile54\"]"}
RESULT: {"using":"xpath","value":"//*[@id=\"__tile54\"]"}
COMMAND: POST /session/7f8ec675ea4d0b709012fb067697b535/element/f.680E24C7220655CA6643778340C03ECC.d.CAA6E1DCB14110F1B977E5E6F1F702D3.e.2567/click - {}
RESULT: undefined
COMMAND: POST /session/7f8ec675ea4d0b709012fb067697b535/element - {"using":"xpath","value":"//*[@id=\"__tile54\"]"}
RESULT: {"using":"xpath","value":"//*[@id=\"__tile54\"]"}
COMMAND: POST /session/7f8ec675ea4d0b709012fb067697b535/element/f.680E24C7220655CA6643778340C03ECC.d.CAA6E1DCB14110F1B977E5E6F1F702D3.e.2567/click - {}
RESULT: undefined
COMMAND: POST /session/7f8ec675ea4d0b709012fb067697b535/execute/async - {"script":"<script> [6424 bytes]","args":[{"element-6066-11e4-a52e-4f735466cecf":"f.680E24C7220655CA6643778340C03ECC.d.CAA6E1DCB14110F1B977E5E6F1F702D3.e.249"},"getTitle",[]]}
COMMAND: POST /session/7f8ec675ea4d0b709012fb067697b535/execute/async - {"script":"<script> [1562 bytes]","args":[{"selector":{"id":"shellAppTitle"},"wdio_ui5_key":"shellAppTitle"}]}
RESULT: {"script":"<script> [1562 bytes]","args":[{"selector":{"id":"shellAppTitle"},"wdio_ui5_key":"shellAppTitle"}]}
COMMAND: POST /session/7f8ec675ea4d0b709012fb067697b535/execute/async - {"script":"<script> [6424 bytes]","args":[{"element-6066-11e4-a52e-4f735466cecf":"f.680E24C7220655CA6643778340C03ECC.d.CAA6E1DCB14110F1B977E5E6F1F702D3.e.2670"},"getTitle",[]]}
RESULT: {"script":"<script> [6424 bytes]","args":[{"element-6066-11e4-a52e-4f735466cecf":"f.680E24C7220655CA6643778340C03ECC.d.CAA6E1DCB14110F1B977E5E6F1F702D3.e.2670"},"getTitle",[]]}
RESULT: undefined
COMMAND: POST /session/7f8ec675ea4d0b709012fb067697b535/element/f.680E24C7220655CA6643778340C03ECC.d.CAA6E1DCB14110F1B977E5E6F1F702D3.e.2515/click - {}
COMMAND: POST /session/7f8ec675ea4d0b709012fb067697b535/element - {"using":"xpath","value":"//*[@id=\"backBtn\"]"}
RESULT: {"using":"xpath","value":"//*[@id=\"backBtn\"]"}
COMMAND: POST /session/7f8ec675ea4d0b709012fb067697b535/element/f.680E24C7220655CA6643778340C03ECC.d.CAA6E1DCB14110F1B977E5E6F1F702D3.e.2515/click - {}
COMMAND: POST /session/7f8ec675ea4d0b709012fb067697b535/element - {"using":"xpath","value":"//*[@id=\"backBtn\"]"}
RESULT: {"using":"xpath","value":"//*[@id=\"backBtn\"]"}
COMMAND: POST /session/7f8ec675ea4d0b709012fb067697b535/element/f.680E24C7220655CA6643778340C03ECC.d.CAA6E1DCB14110F1B977E5E6F1F702D3.e.2671/click - {}
RESULT: {}
COMMAND: GET /session/7f8ec675ea4d0b709012fb067697b535/screenshot - {}
RESULT: {}
]]></system-out>
    </testcase>
    <testcase classname="chrome.136_0_7103_93.windows.Sanity_Tests_US104253" name="Should open Yard Overview page" time="38.771">
      <system-out><![CDATA[
COMMAND: POST /session/7f8ec675ea4d0b709012fb067697b535/execute/async - {"script":"<script> [1562 bytes]","args":[{"selector":{"controlType":"sap.m.GenericTile","properties":{"header":"Yard Overview"}},"wdio_ui5_key":"sapm.GenericTile{\"header\":\"Yard Overview\"}"}]}
RESULT: {"script":"<script> [1562 bytes]","args":[{"selector":{"controlType":"sap.m.GenericTile","properties":{"header":"Yard Overview"}},"wdio_ui5_key":"sapm.GenericTile{\"header\":\"Yard Overview\"}"}]}
RESULT: undefined
COMMAND: POST /session/7f8ec675ea4d0b709012fb067697b535/element - {"using":"xpath","value":"//*[@id=\"__tile102\"]"}
RESULT: {"using":"xpath","value":"//*[@id=\"__tile102\"]"}
COMMAND: POST /session/7f8ec675ea4d0b709012fb067697b535/element/f.680E24C7220655CA6643778340C03ECC.d.CAA6E1DCB14110F1B977E5E6F1F702D3.e.2673/click - {}
RESULT: {}
COMMAND: GET /session/7f8ec675ea4d0b709012fb067697b535/screenshot - {}
RESULT: {}
COMMAND: POST /session/7f8ec675ea4d0b709012fb067697b535/elements - {"using":"xpath","value":"//span[text()='Error']"}
RESULT: {"using":"xpath","value":"//span[text()='Error']"}
RESULT: undefined
COMMAND: POST /session/7f8ec675ea4d0b709012fb067697b535/element - {"using":"xpath","value":"//*[@id=\"__tile102\"]"}
RESULT: {"using":"xpath","value":"//*[@id=\"__tile102\"]"}
COMMAND: POST /session/7f8ec675ea4d0b709012fb067697b535/element/f.680E24C7220655CA6643778340C03ECC.d.CAA6E1DCB14110F1B977E5E6F1F702D3.e.2673/click - {}
RESULT: undefined
COMMAND: POST /session/7f8ec675ea4d0b709012fb067697b535/element - {"using":"xpath","value":"//*[@id=\"__tile102\"]"}
RESULT: {"using":"xpath","value":"//*[@id=\"__tile102\"]"}
COMMAND: POST /session/7f8ec675ea4d0b709012fb067697b535/element/f.680E24C7220655CA6643778340C03ECC.d.CAA6E1DCB14110F1B977E5E6F1F702D3.e.2673/click - {}
RESULT: undefined
COMMAND: POST /session/7f8ec675ea4d0b709012fb067697b535/execute/async - {"script":"<script> [6424 bytes]","args":[{"element-6066-11e4-a52e-4f735466cecf":"f.680E24C7220655CA6643778340C03ECC.d.CAA6E1DCB14110F1B977E5E6F1F702D3.e.249"},"getTitle",[]]}
COMMAND: POST /session/7f8ec675ea4d0b709012fb067697b535/execute/async - {"script":"<script> [1562 bytes]","args":[{"selector":{"id":"shellAppTitle"},"wdio_ui5_key":"shellAppTitle"}]}
RESULT: {"script":"<script> [1562 bytes]","args":[{"selector":{"id":"shellAppTitle"},"wdio_ui5_key":"shellAppTitle"}]}
COMMAND: POST /session/7f8ec675ea4d0b709012fb067697b535/execute/async - {"script":"<script> [6424 bytes]","args":[{"element-6066-11e4-a52e-4f735466cecf":"f.680E24C7220655CA6643778340C03ECC.d.CAA6E1DCB14110F1B977E5E6F1F702D3.e.2751"},"getTitle",[]]}
RESULT: {"script":"<script> [6424 bytes]","args":[{"element-6066-11e4-a52e-4f735466cecf":"f.680E24C7220655CA6643778340C03ECC.d.CAA6E1DCB14110F1B977E5E6F1F702D3.e.2751"},"getTitle",[]]}
RESULT: undefined
COMMAND: POST /session/7f8ec675ea4d0b709012fb067697b535/element/f.680E24C7220655CA6643778340C03ECC.d.CAA6E1DCB14110F1B977E5E6F1F702D3.e.2671/click - {}
RESULT: {}
COMMAND: GET /session/7f8ec675ea4d0b709012fb067697b535/screenshot - {}
RESULT: {}
]]></system-out>
    </testcase>
    <testcase classname="chrome.136_0_7103_93.windows.Sanity_Tests_US104253" name="Should open Site Overview page" time="37.544">
      <system-out><![CDATA[
COMMAND: POST /session/7f8ec675ea4d0b709012fb067697b535/execute/async - {"script":"<script> [1562 bytes]","args":[{"selector":{"controlType":"sap.m.GenericTile","properties":{"header":"Site Overview"}},"wdio_ui5_key":"sapm.GenericTile{\"header\":\"Site Overview\"}"}]}
RESULT: {"script":"<script> [1562 bytes]","args":[{"selector":{"controlType":"sap.m.GenericTile","properties":{"header":"Site Overview"}},"wdio_ui5_key":"sapm.GenericTile{\"header\":\"Site Overview\"}"}]}
RESULT: undefined
COMMAND: POST /session/7f8ec675ea4d0b709012fb067697b535/element - {"using":"xpath","value":"//*[@id=\"__tile100\"]"}
RESULT: {"using":"xpath","value":"//*[@id=\"__tile100\"]"}
COMMAND: POST /session/7f8ec675ea4d0b709012fb067697b535/element/f.680E24C7220655CA6643778340C03ECC.d.CAA6E1DCB14110F1B977E5E6F1F702D3.e.2754/click - {}
RESULT: {}
COMMAND: GET /session/7f8ec675ea4d0b709012fb067697b535/screenshot - {}
RESULT: {}
COMMAND: POST /session/7f8ec675ea4d0b709012fb067697b535/elements - {"using":"xpath","value":"//span[text()='Error']"}
RESULT: {"using":"xpath","value":"//span[text()='Error']"}
RESULT: undefined
COMMAND: POST /session/7f8ec675ea4d0b709012fb067697b535/element - {"using":"xpath","value":"//*[@id=\"__tile100\"]"}
RESULT: {"using":"xpath","value":"//*[@id=\"__tile100\"]"}
COMMAND: POST /session/7f8ec675ea4d0b709012fb067697b535/element/f.680E24C7220655CA6643778340C03ECC.d.CAA6E1DCB14110F1B977E5E6F1F702D3.e.2754/click - {}
RESULT: undefined
COMMAND: POST /session/7f8ec675ea4d0b709012fb067697b535/element - {"using":"xpath","value":"//*[@id=\"__tile100\"]"}
RESULT: {"using":"xpath","value":"//*[@id=\"__tile100\"]"}
COMMAND: POST /session/7f8ec675ea4d0b709012fb067697b535/element/f.680E24C7220655CA6643778340C03ECC.d.CAA6E1DCB14110F1B977E5E6F1F702D3.e.2754/click - {}
RESULT: undefined
COMMAND: POST /session/7f8ec675ea4d0b709012fb067697b535/execute/async - {"script":"<script> [6424 bytes]","args":[{"element-6066-11e4-a52e-4f735466cecf":"f.680E24C7220655CA6643778340C03ECC.d.CAA6E1DCB14110F1B977E5E6F1F702D3.e.249"},"getTitle",[]]}
COMMAND: POST /session/7f8ec675ea4d0b709012fb067697b535/execute/async - {"script":"<script> [1562 bytes]","args":[{"selector":{"id":"shellAppTitle"},"wdio_ui5_key":"shellAppTitle"}]}
RESULT: {"script":"<script> [1562 bytes]","args":[{"selector":{"id":"shellAppTitle"},"wdio_ui5_key":"shellAppTitle"}]}
COMMAND: POST /session/7f8ec675ea4d0b709012fb067697b535/execute/async - {"script":"<script> [6424 bytes]","args":[{"element-6066-11e4-a52e-4f735466cecf":"f.680E24C7220655CA6643778340C03ECC.d.CAA6E1DCB14110F1B977E5E6F1F702D3.e.2866"},"getTitle",[]]}
RESULT: {"script":"<script> [6424 bytes]","args":[{"element-6066-11e4-a52e-4f735466cecf":"f.680E24C7220655CA6643778340C03ECC.d.CAA6E1DCB14110F1B977E5E6F1F702D3.e.2866"},"getTitle",[]]}
RESULT: undefined
COMMAND: POST /session/7f8ec675ea4d0b709012fb067697b535/element/f.680E24C7220655CA6643778340C03ECC.d.CAA6E1DCB14110F1B977E5E6F1F702D3.e.2671/click - {}
COMMAND: POST /session/7f8ec675ea4d0b709012fb067697b535/element - {"using":"xpath","value":"//*[@id=\"backBtn\"]"}
RESULT: {"using":"xpath","value":"//*[@id=\"backBtn\"]"}
COMMAND: POST /session/7f8ec675ea4d0b709012fb067697b535/element/f.680E24C7220655CA6643778340C03ECC.d.CAA6E1DCB14110F1B977E5E6F1F702D3.e.2671/click - {}
COMMAND: POST /session/7f8ec675ea4d0b709012fb067697b535/element - {"using":"xpath","value":"//*[@id=\"backBtn\"]"}
RESULT: {"using":"xpath","value":"//*[@id=\"backBtn\"]"}
COMMAND: POST /session/7f8ec675ea4d0b709012fb067697b535/element/f.680E24C7220655CA6643778340C03ECC.d.CAA6E1DCB14110F1B977E5E6F1F702D3.e.2867/click - {}
RESULT: {}
COMMAND: GET /session/7f8ec675ea4d0b709012fb067697b535/screenshot - {}
RESULT: {}
]]></system-out>
    </testcase>
    <testcase classname="chrome.136_0_7103_93.windows.Sanity_Tests_US104253" name="Should open Trace Track Resources page" time="37.889">
      <system-out><![CDATA[
COMMAND: POST /session/7f8ec675ea4d0b709012fb067697b535/execute/async - {"script":"<script> [1562 bytes]","args":[{"selector":{"controlType":"sap.m.GenericTile","properties":{"header":"Trace & Track Resources"}},"wdio_ui5_key":"sapm.GenericTile{\"header\":\"Trace & Track Resources\"}"}]}
RESULT: {"script":"<script> [1562 bytes]","args":[{"selector":{"controlType":"sap.m.GenericTile","properties":{"header":"Trace & Track Resources"}},"wdio_ui5_key":"sapm.GenericTile{\"header\":\"Trace & Track Resources\"}"}]}
RESULT: undefined
COMMAND: POST /session/7f8ec675ea4d0b709012fb067697b535/element - {"using":"xpath","value":"//*[@id=\"__tile101\"]"}
RESULT: {"using":"xpath","value":"//*[@id=\"__tile101\"]"}
COMMAND: POST /session/7f8ec675ea4d0b709012fb067697b535/element/f.680E24C7220655CA6643778340C03ECC.d.CAA6E1DCB14110F1B977E5E6F1F702D3.e.2869/click - {}
RESULT: {}
COMMAND: GET /session/7f8ec675ea4d0b709012fb067697b535/screenshot - {}
RESULT: {}
COMMAND: POST /session/7f8ec675ea4d0b709012fb067697b535/elements - {"using":"xpath","value":"//span[text()='Error']"}
RESULT: {"using":"xpath","value":"//span[text()='Error']"}
RESULT: undefined
COMMAND: POST /session/7f8ec675ea4d0b709012fb067697b535/element - {"using":"xpath","value":"//*[@id=\"__tile101\"]"}
RESULT: {"using":"xpath","value":"//*[@id=\"__tile101\"]"}
COMMAND: POST /session/7f8ec675ea4d0b709012fb067697b535/element/f.680E24C7220655CA6643778340C03ECC.d.CAA6E1DCB14110F1B977E5E6F1F702D3.e.2869/click - {}
RESULT: undefined
COMMAND: POST /session/7f8ec675ea4d0b709012fb067697b535/element - {"using":"xpath","value":"//*[@id=\"__tile101\"]"}
RESULT: {"using":"xpath","value":"//*[@id=\"__tile101\"]"}
COMMAND: POST /session/7f8ec675ea4d0b709012fb067697b535/element/f.680E24C7220655CA6643778340C03ECC.d.CAA6E1DCB14110F1B977E5E6F1F702D3.e.2869/click - {}
RESULT: undefined
COMMAND: POST /session/7f8ec675ea4d0b709012fb067697b535/execute/async - {"script":"<script> [6424 bytes]","args":[{"element-6066-11e4-a52e-4f735466cecf":"f.680E24C7220655CA6643778340C03ECC.d.CAA6E1DCB14110F1B977E5E6F1F702D3.e.249"},"getTitle",[]]}
COMMAND: POST /session/7f8ec675ea4d0b709012fb067697b535/execute/async - {"script":"<script> [1562 bytes]","args":[{"selector":{"id":"shellAppTitle"},"wdio_ui5_key":"shellAppTitle"}]}
RESULT: {"script":"<script> [1562 bytes]","args":[{"selector":{"id":"shellAppTitle"},"wdio_ui5_key":"shellAppTitle"}]}
COMMAND: POST /session/7f8ec675ea4d0b709012fb067697b535/execute/async - {"script":"<script> [6424 bytes]","args":[{"element-6066-11e4-a52e-4f735466cecf":"f.680E24C7220655CA6643778340C03ECC.d.CAA6E1DCB14110F1B977E5E6F1F702D3.e.2901"},"getTitle",[]]}
RESULT: {"script":"<script> [6424 bytes]","args":[{"element-6066-11e4-a52e-4f735466cecf":"f.680E24C7220655CA6643778340C03ECC.d.CAA6E1DCB14110F1B977E5E6F1F702D3.e.2901"},"getTitle",[]]}
RESULT: undefined
COMMAND: POST /session/7f8ec675ea4d0b709012fb067697b535/element/f.680E24C7220655CA6643778340C03ECC.d.CAA6E1DCB14110F1B977E5E6F1F702D3.e.2867/click - {}
RESULT: {}
COMMAND: GET /session/7f8ec675ea4d0b709012fb067697b535/screenshot - {}
RESULT: {}
]]></system-out>
    </testcase>
    <testcase classname="chrome.136_0_7103_93.windows.Sanity_Tests_US104253" name="Should open RU Inventory List page" time="39.276">
      <system-out><![CDATA[
COMMAND: POST /session/7f8ec675ea4d0b709012fb067697b535/execute/async - {"script":"<script> [1562 bytes]","args":[{"selector":{"controlType":"sap.m.GenericTile","properties":{"header":"RU Inventory List"}},"wdio_ui5_key":"sapm.GenericTile{\"header\":\"RU Inventory List\"}"}]}
RESULT: {"script":"<script> [1562 bytes]","args":[{"selector":{"controlType":"sap.m.GenericTile","properties":{"header":"RU Inventory List"}},"wdio_ui5_key":"sapm.GenericTile{\"header\":\"RU Inventory List\"}"}]}
RESULT: undefined
COMMAND: POST /session/7f8ec675ea4d0b709012fb067697b535/element - {"using":"xpath","value":"//*[@id=\"__tile99\"]"}
RESULT: {"using":"xpath","value":"//*[@id=\"__tile99\"]"}
COMMAND: POST /session/7f8ec675ea4d0b709012fb067697b535/element/f.680E24C7220655CA6643778340C03ECC.d.CAA6E1DCB14110F1B977E5E6F1F702D3.e.2903/click - {}
RESULT: {}
COMMAND: GET /session/7f8ec675ea4d0b709012fb067697b535/screenshot - {}
RESULT: {}
COMMAND: POST /session/7f8ec675ea4d0b709012fb067697b535/elements - {"using":"xpath","value":"//span[text()='Error']"}
RESULT: {"using":"xpath","value":"//span[text()='Error']"}
RESULT: undefined
COMMAND: POST /session/7f8ec675ea4d0b709012fb067697b535/element - {"using":"xpath","value":"//*[@id=\"__tile99\"]"}
RESULT: {"using":"xpath","value":"//*[@id=\"__tile99\"]"}
COMMAND: POST /session/7f8ec675ea4d0b709012fb067697b535/element/f.680E24C7220655CA6643778340C03ECC.d.CAA6E1DCB14110F1B977E5E6F1F702D3.e.2903/click - {}
RESULT: undefined
COMMAND: POST /session/7f8ec675ea4d0b709012fb067697b535/element - {"using":"xpath","value":"//*[@id=\"__tile99\"]"}
RESULT: {"using":"xpath","value":"//*[@id=\"__tile99\"]"}
COMMAND: POST /session/7f8ec675ea4d0b709012fb067697b535/element/f.680E24C7220655CA6643778340C03ECC.d.CAA6E1DCB14110F1B977E5E6F1F702D3.e.2903/click - {}
RESULT: undefined
COMMAND: POST /session/7f8ec675ea4d0b709012fb067697b535/execute/async - {"script":"<script> [6424 bytes]","args":[{"element-6066-11e4-a52e-4f735466cecf":"f.680E24C7220655CA6643778340C03ECC.d.CAA6E1DCB14110F1B977E5E6F1F702D3.e.249"},"getTitle",[]]}
COMMAND: POST /session/7f8ec675ea4d0b709012fb067697b535/execute/async - {"script":"<script> [1562 bytes]","args":[{"selector":{"id":"shellAppTitle"},"wdio_ui5_key":"shellAppTitle"}]}
RESULT: {"script":"<script> [1562 bytes]","args":[{"selector":{"id":"shellAppTitle"},"wdio_ui5_key":"shellAppTitle"}]}
COMMAND: POST /session/7f8ec675ea4d0b709012fb067697b535/execute/async - {"script":"<script> [6424 bytes]","args":[{"element-6066-11e4-a52e-4f735466cecf":"f.680E24C7220655CA6643778340C03ECC.d.CAA6E1DCB14110F1B977E5E6F1F702D3.e.3096"},"getTitle",[]]}
RESULT: {"script":"<script> [6424 bytes]","args":[{"element-6066-11e4-a52e-4f735466cecf":"f.680E24C7220655CA6643778340C03ECC.d.CAA6E1DCB14110F1B977E5E6F1F702D3.e.3096"},"getTitle",[]]}
RESULT: undefined
COMMAND: POST /session/7f8ec675ea4d0b709012fb067697b535/element/f.680E24C7220655CA6643778340C03ECC.d.CAA6E1DCB14110F1B977E5E6F1F702D3.e.2867/click - {}
COMMAND: POST /session/7f8ec675ea4d0b709012fb067697b535/element - {"using":"xpath","value":"//*[@id=\"backBtn\"]"}
RESULT: {"using":"xpath","value":"//*[@id=\"backBtn\"]"}
COMMAND: POST /session/7f8ec675ea4d0b709012fb067697b535/element/f.680E24C7220655CA6643778340C03ECC.d.CAA6E1DCB14110F1B977E5E6F1F702D3.e.2867/click - {}
COMMAND: POST /session/7f8ec675ea4d0b709012fb067697b535/element - {"using":"xpath","value":"//*[@id=\"backBtn\"]"}
RESULT: {"using":"xpath","value":"//*[@id=\"backBtn\"]"}
COMMAND: POST /session/7f8ec675ea4d0b709012fb067697b535/element/f.680E24C7220655CA6643778340C03ECC.d.CAA6E1DCB14110F1B977E5E6F1F702D3.e.3097/click - {}
RESULT: {}
COMMAND: GET /session/7f8ec675ea4d0b709012fb067697b535/screenshot - {}
RESULT: {}
]]></system-out>
    </testcase>
    <testcase classname="chrome.136_0_7103_93.windows.Sanity_Tests_US104253" name="Should open Contracts Dashboard page" time="45.363">
      <system-out><![CDATA[
COMMAND: POST /session/7f8ec675ea4d0b709012fb067697b535/execute/async - {"script":"<script> [1562 bytes]","args":[{"selector":{"controlType":"sap.m.GenericTile","properties":{"header":"Contracts Dashboard"}},"wdio_ui5_key":"sapm.GenericTile{\"header\":\"Contracts Dashboard\"}"}]}
RESULT: {"script":"<script> [1562 bytes]","args":[{"selector":{"controlType":"sap.m.GenericTile","properties":{"header":"Contracts Dashboard"}},"wdio_ui5_key":"sapm.GenericTile{\"header\":\"Contracts Dashboard\"}"}]}
RESULT: undefined
COMMAND: POST /session/7f8ec675ea4d0b709012fb067697b535/element - {"using":"xpath","value":"//*[@id=\"__tile97\"]"}
RESULT: {"using":"xpath","value":"//*[@id=\"__tile97\"]"}
COMMAND: POST /session/7f8ec675ea4d0b709012fb067697b535/element/f.680E24C7220655CA6643778340C03ECC.d.CAA6E1DCB14110F1B977E5E6F1F702D3.e.3099/click - {}
RESULT: {}
COMMAND: GET /session/7f8ec675ea4d0b709012fb067697b535/screenshot - {}
RESULT: {}
COMMAND: POST /session/7f8ec675ea4d0b709012fb067697b535/elements - {"using":"xpath","value":"//span[text()='Error']"}
RESULT: {"using":"xpath","value":"//span[text()='Error']"}
RESULT: undefined
COMMAND: POST /session/7f8ec675ea4d0b709012fb067697b535/element - {"using":"xpath","value":"//*[@id=\"__tile97\"]"}
RESULT: {"using":"xpath","value":"//*[@id=\"__tile97\"]"}
COMMAND: POST /session/7f8ec675ea4d0b709012fb067697b535/element/f.680E24C7220655CA6643778340C03ECC.d.CAA6E1DCB14110F1B977E5E6F1F702D3.e.3099/click - {}
RESULT: undefined
COMMAND: POST /session/7f8ec675ea4d0b709012fb067697b535/element - {"using":"xpath","value":"//*[@id=\"__tile97\"]"}
RESULT: {"using":"xpath","value":"//*[@id=\"__tile97\"]"}
COMMAND: POST /session/7f8ec675ea4d0b709012fb067697b535/element/f.680E24C7220655CA6643778340C03ECC.d.CAA6E1DCB14110F1B977E5E6F1F702D3.e.3099/click - {}
RESULT: undefined
COMMAND: POST /session/7f8ec675ea4d0b709012fb067697b535/execute/async - {"script":"<script> [6424 bytes]","args":[{"element-6066-11e4-a52e-4f735466cecf":"f.680E24C7220655CA6643778340C03ECC.d.CAA6E1DCB14110F1B977E5E6F1F702D3.e.249"},"getTitle",[]]}
COMMAND: POST /session/7f8ec675ea4d0b709012fb067697b535/execute/async - {"script":"<script> [1562 bytes]","args":[{"selector":{"id":"shellAppTitle"},"wdio_ui5_key":"shellAppTitle"}]}
RESULT: {"script":"<script> [1562 bytes]","args":[{"selector":{"id":"shellAppTitle"},"wdio_ui5_key":"shellAppTitle"}]}
COMMAND: POST /session/7f8ec675ea4d0b709012fb067697b535/execute/async - {"script":"<script> [6424 bytes]","args":[{"element-6066-11e4-a52e-4f735466cecf":"f.680E24C7220655CA6643778340C03ECC.d.CAA6E1DCB14110F1B977E5E6F1F702D3.e.3121"},"getTitle",[]]}
RESULT: {"script":"<script> [6424 bytes]","args":[{"element-6066-11e4-a52e-4f735466cecf":"f.680E24C7220655CA6643778340C03ECC.d.CAA6E1DCB14110F1B977E5E6F1F702D3.e.3121"},"getTitle",[]]}
RESULT: undefined
COMMAND: POST /session/7f8ec675ea4d0b709012fb067697b535/element/f.680E24C7220655CA6643778340C03ECC.d.CAA6E1DCB14110F1B977E5E6F1F702D3.e.3097/click - {}
RESULT: {}
COMMAND: GET /session/7f8ec675ea4d0b709012fb067697b535/screenshot - {}
RESULT: {}
]]></system-out>
    </testcase>
    <testcase classname="chrome.136_0_7103_93.windows.Sanity_Tests_US104253" name="Should open Bin Status Report page" time="42.829">
      <system-out><![CDATA[
COMMAND: POST /session/7f8ec675ea4d0b709012fb067697b535/execute/async - {"script":"<script> [1562 bytes]","args":[{"selector":{"controlType":"sap.m.GenericTile","properties":{"header":"Bin Status Report"}},"wdio_ui5_key":"sapm.GenericTile{\"header\":\"Bin Status Report\"}"}]}
RESULT: {"script":"<script> [1562 bytes]","args":[{"selector":{"controlType":"sap.m.GenericTile","properties":{"header":"Bin Status Report"}},"wdio_ui5_key":"sapm.GenericTile{\"header\":\"Bin Status Report\"}"}]}
RESULT: undefined
COMMAND: POST /session/7f8ec675ea4d0b709012fb067697b535/element - {"using":"xpath","value":"//*[@id=\"__tile104\"]"}
RESULT: {"using":"xpath","value":"//*[@id=\"__tile104\"]"}
COMMAND: POST /session/7f8ec675ea4d0b709012fb067697b535/element/f.680E24C7220655CA6643778340C03ECC.d.CAA6E1DCB14110F1B977E5E6F1F702D3.e.3123/click - {}
RESULT: {}
COMMAND: GET /session/7f8ec675ea4d0b709012fb067697b535/screenshot - {}
RESULT: {}
COMMAND: POST /session/7f8ec675ea4d0b709012fb067697b535/elements - {"using":"xpath","value":"//span[text()='Error']"}
RESULT: {"using":"xpath","value":"//span[text()='Error']"}
RESULT: undefined
COMMAND: POST /session/7f8ec675ea4d0b709012fb067697b535/element - {"using":"xpath","value":"//*[@id=\"__tile104\"]"}
RESULT: {"using":"xpath","value":"//*[@id=\"__tile104\"]"}
COMMAND: POST /session/7f8ec675ea4d0b709012fb067697b535/element/f.680E24C7220655CA6643778340C03ECC.d.CAA6E1DCB14110F1B977E5E6F1F702D3.e.3123/click - {}
RESULT: undefined
COMMAND: POST /session/7f8ec675ea4d0b709012fb067697b535/element - {"using":"xpath","value":"//*[@id=\"__tile104\"]"}
RESULT: {"using":"xpath","value":"//*[@id=\"__tile104\"]"}
COMMAND: POST /session/7f8ec675ea4d0b709012fb067697b535/element/f.680E24C7220655CA6643778340C03ECC.d.CAA6E1DCB14110F1B977E5E6F1F702D3.e.3123/click - {}
RESULT: undefined
COMMAND: POST /session/7f8ec675ea4d0b709012fb067697b535/execute/async - {"script":"<script> [6424 bytes]","args":[{"element-6066-11e4-a52e-4f735466cecf":"f.680E24C7220655CA6643778340C03ECC.d.CAA6E1DCB14110F1B977E5E6F1F702D3.e.249"},"getTitle",[]]}
COMMAND: POST /session/7f8ec675ea4d0b709012fb067697b535/execute/async - {"script":"<script> [1562 bytes]","args":[{"selector":{"id":"shellAppTitle"},"wdio_ui5_key":"shellAppTitle"}]}
RESULT: {"script":"<script> [1562 bytes]","args":[{"selector":{"id":"shellAppTitle"},"wdio_ui5_key":"shellAppTitle"}]}
COMMAND: POST /session/7f8ec675ea4d0b709012fb067697b535/execute/async - {"script":"<script> [6424 bytes]","args":[{"element-6066-11e4-a52e-4f735466cecf":"f.680E24C7220655CA6643778340C03ECC.d.CAA6E1DCB14110F1B977E5E6F1F702D3.e.3199"},"getTitle",[]]}
RESULT: {"script":"<script> [6424 bytes]","args":[{"element-6066-11e4-a52e-4f735466cecf":"f.680E24C7220655CA6643778340C03ECC.d.CAA6E1DCB14110F1B977E5E6F1F702D3.e.3199"},"getTitle",[]]}
RESULT: undefined
COMMAND: POST /session/7f8ec675ea4d0b709012fb067697b535/element/f.680E24C7220655CA6643778340C03ECC.d.CAA6E1DCB14110F1B977E5E6F1F702D3.e.3097/click - {}
COMMAND: POST /session/7f8ec675ea4d0b709012fb067697b535/element - {"using":"xpath","value":"//*[@id=\"backBtn\"]"}
RESULT: {"using":"xpath","value":"//*[@id=\"backBtn\"]"}
COMMAND: POST /session/7f8ec675ea4d0b709012fb067697b535/element/f.680E24C7220655CA6643778340C03ECC.d.CAA6E1DCB14110F1B977E5E6F1F702D3.e.3097/click - {}
COMMAND: POST /session/7f8ec675ea4d0b709012fb067697b535/element - {"using":"xpath","value":"//*[@id=\"backBtn\"]"}
RESULT: {"using":"xpath","value":"//*[@id=\"backBtn\"]"}
COMMAND: POST /session/7f8ec675ea4d0b709012fb067697b535/element/f.680E24C7220655CA6643778340C03ECC.d.CAA6E1DCB14110F1B977E5E6F1F702D3.e.3200/click - {}
RESULT: {}
COMMAND: GET /session/7f8ec675ea4d0b709012fb067697b535/screenshot - {}
RESULT: {}
]]></system-out>
    </testcase>
    <testcase classname="chrome.136_0_7103_93.windows.Sanity_Tests_US104253" name="Should open Manage Warehouse Movements page" time="38.877">
      <system-out><![CDATA[
COMMAND: POST /session/7f8ec675ea4d0b709012fb067697b535/execute/async - {"script":"<script> [1562 bytes]","args":[{"selector":{"controlType":"sap.m.GenericTile","properties":{"header":"Manage Warehouse Movements"}},"wdio_ui5_key":"sapm.GenericTile{\"header\":\"Manage Warehouse Movements\"}"}]}
RESULT: {"script":"<script> [1562 bytes]","args":[{"selector":{"controlType":"sap.m.GenericTile","properties":{"header":"Manage Warehouse Movements"}},"wdio_ui5_key":"sapm.GenericTile{\"header\":\"Manage Warehouse Movements\"}"}]}
RESULT: undefined
COMMAND: POST /session/7f8ec675ea4d0b709012fb067697b535/element - {"using":"xpath","value":"//*[@id=\"__tile105\"]"}
RESULT: {"using":"xpath","value":"//*[@id=\"__tile105\"]"}
COMMAND: POST /session/7f8ec675ea4d0b709012fb067697b535/element/f.680E24C7220655CA6643778340C03ECC.d.CAA6E1DCB14110F1B977E5E6F1F702D3.e.3204/click - {}
RESULT: {}
COMMAND: GET /session/7f8ec675ea4d0b709012fb067697b535/screenshot - {}
RESULT: {}
COMMAND: POST /session/7f8ec675ea4d0b709012fb067697b535/elements - {"using":"xpath","value":"//span[text()='Error']"}
RESULT: {"using":"xpath","value":"//span[text()='Error']"}
RESULT: undefined
COMMAND: POST /session/7f8ec675ea4d0b709012fb067697b535/element - {"using":"xpath","value":"//*[@id=\"__tile105\"]"}
RESULT: {"using":"xpath","value":"//*[@id=\"__tile105\"]"}
COMMAND: POST /session/7f8ec675ea4d0b709012fb067697b535/element/f.680E24C7220655CA6643778340C03ECC.d.CAA6E1DCB14110F1B977E5E6F1F702D3.e.3204/click - {}
RESULT: undefined
COMMAND: POST /session/7f8ec675ea4d0b709012fb067697b535/element - {"using":"xpath","value":"//*[@id=\"__tile105\"]"}
RESULT: {"using":"xpath","value":"//*[@id=\"__tile105\"]"}
COMMAND: POST /session/7f8ec675ea4d0b709012fb067697b535/element/f.680E24C7220655CA6643778340C03ECC.d.CAA6E1DCB14110F1B977E5E6F1F702D3.e.3204/click - {}
RESULT: undefined
COMMAND: POST /session/7f8ec675ea4d0b709012fb067697b535/execute/async - {"script":"<script> [6424 bytes]","args":[{"element-6066-11e4-a52e-4f735466cecf":"f.680E24C7220655CA6643778340C03ECC.d.CAA6E1DCB14110F1B977E5E6F1F702D3.e.249"},"getTitle",[]]}
COMMAND: POST /session/7f8ec675ea4d0b709012fb067697b535/execute/async - {"script":"<script> [1562 bytes]","args":[{"selector":{"id":"shellAppTitle"},"wdio_ui5_key":"shellAppTitle"}]}
RESULT: {"script":"<script> [1562 bytes]","args":[{"selector":{"id":"shellAppTitle"},"wdio_ui5_key":"shellAppTitle"}]}
COMMAND: POST /session/7f8ec675ea4d0b709012fb067697b535/execute/async - {"script":"<script> [6424 bytes]","args":[{"element-6066-11e4-a52e-4f735466cecf":"f.680E24C7220655CA6643778340C03ECC.d.CAA6E1DCB14110F1B977E5E6F1F702D3.e.3290"},"getTitle",[]]}
RESULT: {"script":"<script> [6424 bytes]","args":[{"element-6066-11e4-a52e-4f735466cecf":"f.680E24C7220655CA6643778340C03ECC.d.CAA6E1DCB14110F1B977E5E6F1F702D3.e.3290"},"getTitle",[]]}
RESULT: undefined
COMMAND: POST /session/7f8ec675ea4d0b709012fb067697b535/element/f.680E24C7220655CA6643778340C03ECC.d.CAA6E1DCB14110F1B977E5E6F1F702D3.e.3200/click - {}
RESULT: {}
COMMAND: GET /session/7f8ec675ea4d0b709012fb067697b535/screenshot - {}
RESULT: {}
]]></system-out>
    </testcase>
    <testcase classname="chrome.136_0_7103_93.windows.Sanity_Tests_US104253" name="Should open Bin Inventory List page" time="39.738">
      <system-out><![CDATA[
COMMAND: POST /session/7f8ec675ea4d0b709012fb067697b535/execute/async - {"script":"<script> [1562 bytes]","args":[{"selector":{"controlType":"sap.m.GenericTile","properties":{"header":"Bin Inventory List"}},"wdio_ui5_key":"sapm.GenericTile{\"header\":\"Bin Inventory List\"}"}]}
RESULT: {"script":"<script> [1562 bytes]","args":[{"selector":{"controlType":"sap.m.GenericTile","properties":{"header":"Bin Inventory List"}},"wdio_ui5_key":"sapm.GenericTile{\"header\":\"Bin Inventory List\"}"}]}
RESULT: undefined
COMMAND: POST /session/7f8ec675ea4d0b709012fb067697b535/element - {"using":"xpath","value":"//*[@id=\"__tile103\"]"}
RESULT: {"using":"xpath","value":"//*[@id=\"__tile103\"]"}
COMMAND: POST /session/7f8ec675ea4d0b709012fb067697b535/element/f.680E24C7220655CA6643778340C03ECC.d.CAA6E1DCB14110F1B977E5E6F1F702D3.e.3292/click - {}
RESULT: {}
COMMAND: GET /session/7f8ec675ea4d0b709012fb067697b535/screenshot - {}
RESULT: {}
COMMAND: POST /session/7f8ec675ea4d0b709012fb067697b535/elements - {"using":"xpath","value":"//span[text()='Error']"}
RESULT: {"using":"xpath","value":"//span[text()='Error']"}
RESULT: undefined
COMMAND: POST /session/7f8ec675ea4d0b709012fb067697b535/element - {"using":"xpath","value":"//*[@id=\"__tile103\"]"}
RESULT: {"using":"xpath","value":"//*[@id=\"__tile103\"]"}
COMMAND: POST /session/7f8ec675ea4d0b709012fb067697b535/element/f.680E24C7220655CA6643778340C03ECC.d.CAA6E1DCB14110F1B977E5E6F1F702D3.e.3292/click - {}
RESULT: undefined
COMMAND: POST /session/7f8ec675ea4d0b709012fb067697b535/element - {"using":"xpath","value":"//*[@id=\"__tile103\"]"}
RESULT: {"using":"xpath","value":"//*[@id=\"__tile103\"]"}
COMMAND: POST /session/7f8ec675ea4d0b709012fb067697b535/element/f.680E24C7220655CA6643778340C03ECC.d.CAA6E1DCB14110F1B977E5E6F1F702D3.e.3292/click - {}
RESULT: undefined
COMMAND: POST /session/7f8ec675ea4d0b709012fb067697b535/execute/async - {"script":"<script> [6424 bytes]","args":[{"element-6066-11e4-a52e-4f735466cecf":"f.680E24C7220655CA6643778340C03ECC.d.CAA6E1DCB14110F1B977E5E6F1F702D3.e.249"},"getTitle",[]]}
COMMAND: POST /session/7f8ec675ea4d0b709012fb067697b535/execute/async - {"script":"<script> [1562 bytes]","args":[{"selector":{"id":"shellAppTitle"},"wdio_ui5_key":"shellAppTitle"}]}
RESULT: {"script":"<script> [1562 bytes]","args":[{"selector":{"id":"shellAppTitle"},"wdio_ui5_key":"shellAppTitle"}]}
COMMAND: POST /session/7f8ec675ea4d0b709012fb067697b535/execute/async - {"script":"<script> [6424 bytes]","args":[{"element-6066-11e4-a52e-4f735466cecf":"f.680E24C7220655CA6643778340C03ECC.d.CAA6E1DCB14110F1B977E5E6F1F702D3.e.3379"},"getTitle",[]]}
RESULT: {"script":"<script> [6424 bytes]","args":[{"element-6066-11e4-a52e-4f735466cecf":"f.680E24C7220655CA6643778340C03ECC.d.CAA6E1DCB14110F1B977E5E6F1F702D3.e.3379"},"getTitle",[]]}
RESULT: undefined
COMMAND: POST /session/7f8ec675ea4d0b709012fb067697b535/element/f.680E24C7220655CA6643778340C03ECC.d.CAA6E1DCB14110F1B977E5E6F1F702D3.e.3200/click - {}
COMMAND: POST /session/7f8ec675ea4d0b709012fb067697b535/element - {"using":"xpath","value":"//*[@id=\"backBtn\"]"}
RESULT: {"using":"xpath","value":"//*[@id=\"backBtn\"]"}
COMMAND: POST /session/7f8ec675ea4d0b709012fb067697b535/element/f.680E24C7220655CA6643778340C03ECC.d.CAA6E1DCB14110F1B977E5E6F1F702D3.e.3200/click - {}
COMMAND: POST /session/7f8ec675ea4d0b709012fb067697b535/element - {"using":"xpath","value":"//*[@id=\"backBtn\"]"}
RESULT: {"using":"xpath","value":"//*[@id=\"backBtn\"]"}
COMMAND: POST /session/7f8ec675ea4d0b709012fb067697b535/element/f.680E24C7220655CA6643778340C03ECC.d.CAA6E1DCB14110F1B977E5E6F1F702D3.e.3380/click - {}
RESULT: {}
COMMAND: GET /session/7f8ec675ea4d0b709012fb067697b535/screenshot - {}
RESULT: {}
]]></system-out>
    </testcase>
    <testcase classname="chrome.136_0_7103_93.windows.Sanity_Tests_US104253" name="Should open ISC Templates page" time="37.057">
      <system-out><![CDATA[
COMMAND: POST /session/7f8ec675ea4d0b709012fb067697b535/execute/async - {"script":"<script> [1562 bytes]","args":[{"selector":{"controlType":"sap.m.GenericTile","properties":{"header":"ISC Templates"}},"wdio_ui5_key":"sapm.GenericTile{\"header\":\"ISC Templates\"}"}]}
RESULT: {"script":"<script> [1562 bytes]","args":[{"selector":{"controlType":"sap.m.GenericTile","properties":{"header":"ISC Templates"}},"wdio_ui5_key":"sapm.GenericTile{\"header\":\"ISC Templates\"}"}]}
RESULT: undefined
COMMAND: POST /session/7f8ec675ea4d0b709012fb067697b535/element - {"using":"xpath","value":"//*[@id=\"__tile111\"]"}
RESULT: {"using":"xpath","value":"//*[@id=\"__tile111\"]"}
COMMAND: POST /session/7f8ec675ea4d0b709012fb067697b535/element/f.680E24C7220655CA6643778340C03ECC.d.CAA6E1DCB14110F1B977E5E6F1F702D3.e.3382/click - {}
RESULT: {}
COMMAND: GET /session/7f8ec675ea4d0b709012fb067697b535/screenshot - {}
RESULT: {}
COMMAND: POST /session/7f8ec675ea4d0b709012fb067697b535/elements - {"using":"xpath","value":"//span[text()='Error']"}
RESULT: {"using":"xpath","value":"//span[text()='Error']"}
RESULT: undefined
COMMAND: POST /session/7f8ec675ea4d0b709012fb067697b535/element - {"using":"xpath","value":"//*[@id=\"__tile111\"]"}
RESULT: {"using":"xpath","value":"//*[@id=\"__tile111\"]"}
COMMAND: POST /session/7f8ec675ea4d0b709012fb067697b535/element/f.680E24C7220655CA6643778340C03ECC.d.CAA6E1DCB14110F1B977E5E6F1F702D3.e.3382/click - {}
RESULT: undefined
COMMAND: POST /session/7f8ec675ea4d0b709012fb067697b535/element - {"using":"xpath","value":"//*[@id=\"__tile111\"]"}
RESULT: {"using":"xpath","value":"//*[@id=\"__tile111\"]"}
COMMAND: POST /session/7f8ec675ea4d0b709012fb067697b535/element/f.680E24C7220655CA6643778340C03ECC.d.CAA6E1DCB14110F1B977E5E6F1F702D3.e.3382/click - {}
RESULT: undefined
COMMAND: POST /session/7f8ec675ea4d0b709012fb067697b535/execute/async - {"script":"<script> [6424 bytes]","args":[{"element-6066-11e4-a52e-4f735466cecf":"f.680E24C7220655CA6643778340C03ECC.d.CAA6E1DCB14110F1B977E5E6F1F702D3.e.249"},"getTitle",[]]}
COMMAND: POST /session/7f8ec675ea4d0b709012fb067697b535/execute/async - {"script":"<script> [1562 bytes]","args":[{"selector":{"id":"shellAppTitle"},"wdio_ui5_key":"shellAppTitle"}]}
RESULT: {"script":"<script> [1562 bytes]","args":[{"selector":{"id":"shellAppTitle"},"wdio_ui5_key":"shellAppTitle"}]}
COMMAND: POST /session/7f8ec675ea4d0b709012fb067697b535/execute/async - {"script":"<script> [6424 bytes]","args":[{"element-6066-11e4-a52e-4f735466cecf":"f.680E24C7220655CA6643778340C03ECC.d.CAA6E1DCB14110F1B977E5E6F1F702D3.e.3449"},"getTitle",[]]}
RESULT: {"script":"<script> [6424 bytes]","args":[{"element-6066-11e4-a52e-4f735466cecf":"f.680E24C7220655CA6643778340C03ECC.d.CAA6E1DCB14110F1B977E5E6F1F702D3.e.3449"},"getTitle",[]]}
RESULT: undefined
COMMAND: POST /session/7f8ec675ea4d0b709012fb067697b535/element/f.680E24C7220655CA6643778340C03ECC.d.CAA6E1DCB14110F1B977E5E6F1F702D3.e.3380/click - {}
RESULT: {}
COMMAND: GET /session/7f8ec675ea4d0b709012fb067697b535/screenshot - {}
RESULT: {}
]]></system-out>
    </testcase>
    <testcase classname="chrome.136_0_7103_93.windows.Sanity_Tests_US104253" name="Should open ISC Schedules page" time="36.946">
      <system-out><![CDATA[
COMMAND: POST /session/7f8ec675ea4d0b709012fb067697b535/execute/async - {"script":"<script> [1562 bytes]","args":[{"selector":{"controlType":"sap.m.GenericTile","properties":{"header":"ISC Schedules"}},"wdio_ui5_key":"sapm.GenericTile{\"header\":\"ISC Schedules\"}"}]}
RESULT: {"script":"<script> [1562 bytes]","args":[{"selector":{"controlType":"sap.m.GenericTile","properties":{"header":"ISC Schedules"}},"wdio_ui5_key":"sapm.GenericTile{\"header\":\"ISC Schedules\"}"}]}
RESULT: undefined
COMMAND: POST /session/7f8ec675ea4d0b709012fb067697b535/element - {"using":"xpath","value":"//*[@id=\"__tile109\"]"}
RESULT: {"using":"xpath","value":"//*[@id=\"__tile109\"]"}
COMMAND: POST /session/7f8ec675ea4d0b709012fb067697b535/element/f.680E24C7220655CA6643778340C03ECC.d.CAA6E1DCB14110F1B977E5E6F1F702D3.e.3452/click - {}
RESULT: {}
COMMAND: GET /session/7f8ec675ea4d0b709012fb067697b535/screenshot - {}
RESULT: {}
COMMAND: POST /session/7f8ec675ea4d0b709012fb067697b535/elements - {"using":"xpath","value":"//span[text()='Error']"}
RESULT: {"using":"xpath","value":"//span[text()='Error']"}
RESULT: undefined
COMMAND: POST /session/7f8ec675ea4d0b709012fb067697b535/element - {"using":"xpath","value":"//*[@id=\"__tile109\"]"}
RESULT: {"using":"xpath","value":"//*[@id=\"__tile109\"]"}
COMMAND: POST /session/7f8ec675ea4d0b709012fb067697b535/element/f.680E24C7220655CA6643778340C03ECC.d.CAA6E1DCB14110F1B977E5E6F1F702D3.e.3452/click - {}
RESULT: undefined
COMMAND: POST /session/7f8ec675ea4d0b709012fb067697b535/element - {"using":"xpath","value":"//*[@id=\"__tile109\"]"}
RESULT: {"using":"xpath","value":"//*[@id=\"__tile109\"]"}
COMMAND: POST /session/7f8ec675ea4d0b709012fb067697b535/element/f.680E24C7220655CA6643778340C03ECC.d.CAA6E1DCB14110F1B977E5E6F1F702D3.e.3452/click - {}
RESULT: undefined
COMMAND: POST /session/7f8ec675ea4d0b709012fb067697b535/execute/async - {"script":"<script> [6424 bytes]","args":[{"element-6066-11e4-a52e-4f735466cecf":"f.680E24C7220655CA6643778340C03ECC.d.CAA6E1DCB14110F1B977E5E6F1F702D3.e.249"},"getTitle",[]]}
COMMAND: POST /session/7f8ec675ea4d0b709012fb067697b535/execute/async - {"script":"<script> [1562 bytes]","args":[{"selector":{"id":"shellAppTitle"},"wdio_ui5_key":"shellAppTitle"}]}
RESULT: {"script":"<script> [1562 bytes]","args":[{"selector":{"id":"shellAppTitle"},"wdio_ui5_key":"shellAppTitle"}]}
COMMAND: POST /session/7f8ec675ea4d0b709012fb067697b535/execute/async - {"script":"<script> [6424 bytes]","args":[{"element-6066-11e4-a52e-4f735466cecf":"f.680E24C7220655CA6643778340C03ECC.d.CAA6E1DCB14110F1B977E5E6F1F702D3.e.3655"},"getTitle",[]]}
RESULT: {"script":"<script> [6424 bytes]","args":[{"element-6066-11e4-a52e-4f735466cecf":"f.680E24C7220655CA6643778340C03ECC.d.CAA6E1DCB14110F1B977E5E6F1F702D3.e.3655"},"getTitle",[]]}
RESULT: undefined
COMMAND: POST /session/7f8ec675ea4d0b709012fb067697b535/element/f.680E24C7220655CA6643778340C03ECC.d.CAA6E1DCB14110F1B977E5E6F1F702D3.e.3380/click - {}
COMMAND: POST /session/7f8ec675ea4d0b709012fb067697b535/element - {"using":"xpath","value":"//*[@id=\"backBtn\"]"}
RESULT: {"using":"xpath","value":"//*[@id=\"backBtn\"]"}
COMMAND: POST /session/7f8ec675ea4d0b709012fb067697b535/element/f.680E24C7220655CA6643778340C03ECC.d.CAA6E1DCB14110F1B977E5E6F1F702D3.e.3380/click - {}
COMMAND: POST /session/7f8ec675ea4d0b709012fb067697b535/element - {"using":"xpath","value":"//*[@id=\"backBtn\"]"}
RESULT: {"using":"xpath","value":"//*[@id=\"backBtn\"]"}
COMMAND: POST /session/7f8ec675ea4d0b709012fb067697b535/element/f.680E24C7220655CA6643778340C03ECC.d.CAA6E1DCB14110F1B977E5E6F1F702D3.e.3656/click - {}
RESULT: {}
COMMAND: GET /session/7f8ec675ea4d0b709012fb067697b535/screenshot - {}
RESULT: {}
]]></system-out>
    </testcase>
    <testcase classname="chrome.136_0_7103_93.windows.Sanity_Tests_US104253" name="Should open ISC Dashboard page" time="37.521">
      <system-out><![CDATA[
COMMAND: POST /session/7f8ec675ea4d0b709012fb067697b535/execute/async - {"script":"<script> [1562 bytes]","args":[{"selector":{"controlType":"sap.m.GenericTile","properties":{"header":"ISC Dashboard"}},"wdio_ui5_key":"sapm.GenericTile{\"header\":\"ISC Dashboard\"}"}]}
RESULT: {"script":"<script> [1562 bytes]","args":[{"selector":{"controlType":"sap.m.GenericTile","properties":{"header":"ISC Dashboard"}},"wdio_ui5_key":"sapm.GenericTile{\"header\":\"ISC Dashboard\"}"}]}
RESULT: undefined
COMMAND: POST /session/7f8ec675ea4d0b709012fb067697b535/element - {"using":"xpath","value":"//*[@id=\"__tile106\"]"}
RESULT: {"using":"xpath","value":"//*[@id=\"__tile106\"]"}
COMMAND: POST /session/7f8ec675ea4d0b709012fb067697b535/element/f.680E24C7220655CA6643778340C03ECC.d.CAA6E1DCB14110F1B977E5E6F1F702D3.e.3658/click - {}
RESULT: {}
COMMAND: GET /session/7f8ec675ea4d0b709012fb067697b535/screenshot - {}
RESULT: {}
COMMAND: POST /session/7f8ec675ea4d0b709012fb067697b535/elements - {"using":"xpath","value":"//span[text()='Error']"}
RESULT: {"using":"xpath","value":"//span[text()='Error']"}
RESULT: undefined
COMMAND: POST /session/7f8ec675ea4d0b709012fb067697b535/element - {"using":"xpath","value":"//*[@id=\"__tile106\"]"}
RESULT: {"using":"xpath","value":"//*[@id=\"__tile106\"]"}
COMMAND: POST /session/7f8ec675ea4d0b709012fb067697b535/element/f.680E24C7220655CA6643778340C03ECC.d.CAA6E1DCB14110F1B977E5E6F1F702D3.e.3658/click - {}
RESULT: undefined
COMMAND: POST /session/7f8ec675ea4d0b709012fb067697b535/element - {"using":"xpath","value":"//*[@id=\"__tile106\"]"}
RESULT: {"using":"xpath","value":"//*[@id=\"__tile106\"]"}
COMMAND: POST /session/7f8ec675ea4d0b709012fb067697b535/element/f.680E24C7220655CA6643778340C03ECC.d.CAA6E1DCB14110F1B977E5E6F1F702D3.e.3658/click - {}
RESULT: undefined
COMMAND: POST /session/7f8ec675ea4d0b709012fb067697b535/execute/async - {"script":"<script> [6424 bytes]","args":[{"element-6066-11e4-a52e-4f735466cecf":"f.680E24C7220655CA6643778340C03ECC.d.CAA6E1DCB14110F1B977E5E6F1F702D3.e.249"},"getTitle",[]]}
COMMAND: POST /session/7f8ec675ea4d0b709012fb067697b535/execute/async - {"script":"<script> [1562 bytes]","args":[{"selector":{"id":"shellAppTitle"},"wdio_ui5_key":"shellAppTitle"}]}
RESULT: {"script":"<script> [1562 bytes]","args":[{"selector":{"id":"shellAppTitle"},"wdio_ui5_key":"shellAppTitle"}]}
COMMAND: POST /session/7f8ec675ea4d0b709012fb067697b535/execute/async - {"script":"<script> [6424 bytes]","args":[{"element-6066-11e4-a52e-4f735466cecf":"f.680E24C7220655CA6643778340C03ECC.d.CAA6E1DCB14110F1B977E5E6F1F702D3.e.3778"},"getTitle",[]]}
RESULT: {"script":"<script> [6424 bytes]","args":[{"element-6066-11e4-a52e-4f735466cecf":"f.680E24C7220655CA6643778340C03ECC.d.CAA6E1DCB14110F1B977E5E6F1F702D3.e.3778"},"getTitle",[]]}
RESULT: undefined
COMMAND: POST /session/7f8ec675ea4d0b709012fb067697b535/element/f.680E24C7220655CA6643778340C03ECC.d.CAA6E1DCB14110F1B977E5E6F1F702D3.e.3656/click - {}
RESULT: {}
COMMAND: GET /session/7f8ec675ea4d0b709012fb067697b535/screenshot - {}
RESULT: {}
]]></system-out>
    </testcase>
    <testcase classname="chrome.136_0_7103_93.windows.Sanity_Tests_US104253" name="Should open ISC Orders page" time="38.784">
      <system-out><![CDATA[
COMMAND: POST /session/7f8ec675ea4d0b709012fb067697b535/execute/async - {"script":"<script> [1562 bytes]","args":[{"selector":{"controlType":"sap.m.GenericTile","properties":{"header":"ISC Orders"}},"wdio_ui5_key":"sapm.GenericTile{\"header\":\"ISC Orders\"}"}]}
RESULT: {"script":"<script> [1562 bytes]","args":[{"selector":{"controlType":"sap.m.GenericTile","properties":{"header":"ISC Orders"}},"wdio_ui5_key":"sapm.GenericTile{\"header\":\"ISC Orders\"}"}]}
RESULT: undefined
COMMAND: POST /session/7f8ec675ea4d0b709012fb067697b535/element - {"using":"xpath","value":"//*[@id=\"__tile108\"]"}
RESULT: {"using":"xpath","value":"//*[@id=\"__tile108\"]"}
COMMAND: POST /session/7f8ec675ea4d0b709012fb067697b535/element/f.680E24C7220655CA6643778340C03ECC.d.CAA6E1DCB14110F1B977E5E6F1F702D3.e.3780/click - {}
RESULT: {}
COMMAND: GET /session/7f8ec675ea4d0b709012fb067697b535/screenshot - {}
RESULT: {}
COMMAND: POST /session/7f8ec675ea4d0b709012fb067697b535/elements - {"using":"xpath","value":"//span[text()='Error']"}
RESULT: {"using":"xpath","value":"//span[text()='Error']"}
RESULT: undefined
COMMAND: POST /session/7f8ec675ea4d0b709012fb067697b535/element - {"using":"xpath","value":"//*[@id=\"__tile108\"]"}
RESULT: {"using":"xpath","value":"//*[@id=\"__tile108\"]"}
COMMAND: POST /session/7f8ec675ea4d0b709012fb067697b535/element/f.680E24C7220655CA6643778340C03ECC.d.CAA6E1DCB14110F1B977E5E6F1F702D3.e.3780/click - {}
RESULT: undefined
COMMAND: POST /session/7f8ec675ea4d0b709012fb067697b535/element - {"using":"xpath","value":"//*[@id=\"__tile108\"]"}
RESULT: {"using":"xpath","value":"//*[@id=\"__tile108\"]"}
COMMAND: POST /session/7f8ec675ea4d0b709012fb067697b535/element/f.680E24C7220655CA6643778340C03ECC.d.CAA6E1DCB14110F1B977E5E6F1F702D3.e.3780/click - {}
RESULT: undefined
COMMAND: POST /session/7f8ec675ea4d0b709012fb067697b535/execute/async - {"script":"<script> [6424 bytes]","args":[{"element-6066-11e4-a52e-4f735466cecf":"f.680E24C7220655CA6643778340C03ECC.d.CAA6E1DCB14110F1B977E5E6F1F702D3.e.249"},"getTitle",[]]}
COMMAND: POST /session/7f8ec675ea4d0b709012fb067697b535/execute/async - {"script":"<script> [1562 bytes]","args":[{"selector":{"id":"shellAppTitle"},"wdio_ui5_key":"shellAppTitle"}]}
RESULT: {"script":"<script> [1562 bytes]","args":[{"selector":{"id":"shellAppTitle"},"wdio_ui5_key":"shellAppTitle"}]}
COMMAND: POST /session/7f8ec675ea4d0b709012fb067697b535/execute/async - {"script":"<script> [6424 bytes]","args":[{"element-6066-11e4-a52e-4f735466cecf":"f.680E24C7220655CA6643778340C03ECC.d.CAA6E1DCB14110F1B977E5E6F1F702D3.e.3897"},"getTitle",[]]}
RESULT: {"script":"<script> [6424 bytes]","args":[{"element-6066-11e4-a52e-4f735466cecf":"f.680E24C7220655CA6643778340C03ECC.d.CAA6E1DCB14110F1B977E5E6F1F702D3.e.3897"},"getTitle",[]]}
RESULT: undefined
COMMAND: POST /session/7f8ec675ea4d0b709012fb067697b535/element/f.680E24C7220655CA6643778340C03ECC.d.CAA6E1DCB14110F1B977E5E6F1F702D3.e.3656/click - {}
COMMAND: POST /session/7f8ec675ea4d0b709012fb067697b535/element - {"using":"xpath","value":"//*[@id=\"backBtn\"]"}
RESULT: {"using":"xpath","value":"//*[@id=\"backBtn\"]"}
COMMAND: POST /session/7f8ec675ea4d0b709012fb067697b535/element/f.680E24C7220655CA6643778340C03ECC.d.CAA6E1DCB14110F1B977E5E6F1F702D3.e.3656/click - {}
COMMAND: POST /session/7f8ec675ea4d0b709012fb067697b535/element - {"using":"xpath","value":"//*[@id=\"backBtn\"]"}
RESULT: {"using":"xpath","value":"//*[@id=\"backBtn\"]"}
COMMAND: POST /session/7f8ec675ea4d0b709012fb067697b535/element/f.680E24C7220655CA6643778340C03ECC.d.CAA6E1DCB14110F1B977E5E6F1F702D3.e.3898/click - {}
RESULT: {}
COMMAND: GET /session/7f8ec675ea4d0b709012fb067697b535/screenshot - {}
RESULT: {}
]]></system-out>
    </testcase>
    <testcase classname="chrome.136_0_7103_93.windows.Sanity_Tests_US104253" name="Should open ISC Tasks page" time="39.639">
      <system-out><![CDATA[
COMMAND: POST /session/7f8ec675ea4d0b709012fb067697b535/execute/async - {"script":"<script> [1562 bytes]","args":[{"selector":{"controlType":"sap.m.GenericTile","properties":{"header":"ISC Tasks"}},"wdio_ui5_key":"sapm.GenericTile{\"header\":\"ISC Tasks\"}"}]}
RESULT: {"script":"<script> [1562 bytes]","args":[{"selector":{"controlType":"sap.m.GenericTile","properties":{"header":"ISC Tasks"}},"wdio_ui5_key":"sapm.GenericTile{\"header\":\"ISC Tasks\"}"}]}
RESULT: undefined
COMMAND: POST /session/7f8ec675ea4d0b709012fb067697b535/element - {"using":"xpath","value":"//*[@id=\"__tile110\"]"}
RESULT: {"using":"xpath","value":"//*[@id=\"__tile110\"]"}
COMMAND: POST /session/7f8ec675ea4d0b709012fb067697b535/element/f.680E24C7220655CA6643778340C03ECC.d.CAA6E1DCB14110F1B977E5E6F1F702D3.e.3900/click - {}
RESULT: {}
COMMAND: GET /session/7f8ec675ea4d0b709012fb067697b535/screenshot - {}
RESULT: {}
COMMAND: POST /session/7f8ec675ea4d0b709012fb067697b535/elements - {"using":"xpath","value":"//span[text()='Error']"}
RESULT: {"using":"xpath","value":"//span[text()='Error']"}
RESULT: undefined
COMMAND: POST /session/7f8ec675ea4d0b709012fb067697b535/element - {"using":"xpath","value":"//*[@id=\"__tile110\"]"}
RESULT: {"using":"xpath","value":"//*[@id=\"__tile110\"]"}
COMMAND: POST /session/7f8ec675ea4d0b709012fb067697b535/element/f.680E24C7220655CA6643778340C03ECC.d.CAA6E1DCB14110F1B977E5E6F1F702D3.e.3900/click - {}
RESULT: undefined
COMMAND: POST /session/7f8ec675ea4d0b709012fb067697b535/element - {"using":"xpath","value":"//*[@id=\"__tile110\"]"}
RESULT: {"using":"xpath","value":"//*[@id=\"__tile110\"]"}
COMMAND: POST /session/7f8ec675ea4d0b709012fb067697b535/element/f.680E24C7220655CA6643778340C03ECC.d.CAA6E1DCB14110F1B977E5E6F1F702D3.e.3900/click - {}
RESULT: undefined
COMMAND: POST /session/7f8ec675ea4d0b709012fb067697b535/execute/async - {"script":"<script> [6424 bytes]","args":[{"element-6066-11e4-a52e-4f735466cecf":"f.680E24C7220655CA6643778340C03ECC.d.CAA6E1DCB14110F1B977E5E6F1F702D3.e.249"},"getTitle",[]]}
COMMAND: POST /session/7f8ec675ea4d0b709012fb067697b535/execute/async - {"script":"<script> [1562 bytes]","args":[{"selector":{"id":"shellAppTitle"},"wdio_ui5_key":"shellAppTitle"}]}
RESULT: {"script":"<script> [1562 bytes]","args":[{"selector":{"id":"shellAppTitle"},"wdio_ui5_key":"shellAppTitle"}]}
COMMAND: POST /session/7f8ec675ea4d0b709012fb067697b535/execute/async - {"script":"<script> [6424 bytes]","args":[{"element-6066-11e4-a52e-4f735466cecf":"f.680E24C7220655CA6643778340C03ECC.d.CAA6E1DCB14110F1B977E5E6F1F702D3.e.3993"},"getTitle",[]]}
RESULT: {"script":"<script> [6424 bytes]","args":[{"element-6066-11e4-a52e-4f735466cecf":"f.680E24C7220655CA6643778340C03ECC.d.CAA6E1DCB14110F1B977E5E6F1F702D3.e.3993"},"getTitle",[]]}
RESULT: undefined
COMMAND: POST /session/7f8ec675ea4d0b709012fb067697b535/element/f.680E24C7220655CA6643778340C03ECC.d.CAA6E1DCB14110F1B977E5E6F1F702D3.e.3898/click - {}
RESULT: {}
COMMAND: GET /session/7f8ec675ea4d0b709012fb067697b535/screenshot - {}
RESULT: {}
]]></system-out>
    </testcase>
    <testcase classname="chrome.136_0_7103_93.windows.Sanity_Tests_US104253" name="Should open Manage Resource Logbook page" time="37.049">
      <system-out><![CDATA[
COMMAND: POST /session/7f8ec675ea4d0b709012fb067697b535/execute/async - {"script":"<script> [1562 bytes]","args":[{"selector":{"controlType":"sap.m.GenericTile","properties":{"header":"Manage Resource Logbook"}},"wdio_ui5_key":"sapm.GenericTile{\"header\":\"Manage Resource Logbook\"}"}]}
RESULT: {"script":"<script> [1562 bytes]","args":[{"selector":{"controlType":"sap.m.GenericTile","properties":{"header":"Manage Resource Logbook"}},"wdio_ui5_key":"sapm.GenericTile{\"header\":\"Manage Resource Logbook\"}"}]}
RESULT: undefined
COMMAND: POST /session/7f8ec675ea4d0b709012fb067697b535/element - {"using":"xpath","value":"//*[@id=\"__tile113\"]"}
RESULT: {"using":"xpath","value":"//*[@id=\"__tile113\"]"}
COMMAND: POST /session/7f8ec675ea4d0b709012fb067697b535/element/f.680E24C7220655CA6643778340C03ECC.d.CAA6E1DCB14110F1B977E5E6F1F702D3.e.3995/click - {}
RESULT: {}
COMMAND: GET /session/7f8ec675ea4d0b709012fb067697b535/screenshot - {}
RESULT: {}
COMMAND: POST /session/7f8ec675ea4d0b709012fb067697b535/elements - {"using":"xpath","value":"//span[text()='Error']"}
RESULT: {"using":"xpath","value":"//span[text()='Error']"}
RESULT: undefined
COMMAND: POST /session/7f8ec675ea4d0b709012fb067697b535/element - {"using":"xpath","value":"//*[@id=\"__tile113\"]"}
RESULT: {"using":"xpath","value":"//*[@id=\"__tile113\"]"}
COMMAND: POST /session/7f8ec675ea4d0b709012fb067697b535/element/f.680E24C7220655CA6643778340C03ECC.d.CAA6E1DCB14110F1B977E5E6F1F702D3.e.3995/click - {}
RESULT: undefined
COMMAND: POST /session/7f8ec675ea4d0b709012fb067697b535/element - {"using":"xpath","value":"//*[@id=\"__tile113\"]"}
RESULT: {"using":"xpath","value":"//*[@id=\"__tile113\"]"}
COMMAND: POST /session/7f8ec675ea4d0b709012fb067697b535/element/f.680E24C7220655CA6643778340C03ECC.d.CAA6E1DCB14110F1B977E5E6F1F702D3.e.3995/click - {}
RESULT: undefined
COMMAND: POST /session/7f8ec675ea4d0b709012fb067697b535/execute/async - {"script":"<script> [6424 bytes]","args":[{"element-6066-11e4-a52e-4f735466cecf":"f.680E24C7220655CA6643778340C03ECC.d.CAA6E1DCB14110F1B977E5E6F1F702D3.e.249"},"getTitle",[]]}
COMMAND: POST /session/7f8ec675ea4d0b709012fb067697b535/execute/async - {"script":"<script> [1562 bytes]","args":[{"selector":{"id":"shellAppTitle"},"wdio_ui5_key":"shellAppTitle"}]}
RESULT: {"script":"<script> [1562 bytes]","args":[{"selector":{"id":"shellAppTitle"},"wdio_ui5_key":"shellAppTitle"}]}
COMMAND: POST /session/7f8ec675ea4d0b709012fb067697b535/execute/async - {"script":"<script> [6424 bytes]","args":[{"element-6066-11e4-a52e-4f735466cecf":"f.680E24C7220655CA6643778340C03ECC.d.CAA6E1DCB14110F1B977E5E6F1F702D3.e.4101"},"getTitle",[]]}
RESULT: {"script":"<script> [6424 bytes]","args":[{"element-6066-11e4-a52e-4f735466cecf":"f.680E24C7220655CA6643778340C03ECC.d.CAA6E1DCB14110F1B977E5E6F1F702D3.e.4101"},"getTitle",[]]}
RESULT: undefined
COMMAND: POST /session/7f8ec675ea4d0b709012fb067697b535/element/f.680E24C7220655CA6643778340C03ECC.d.CAA6E1DCB14110F1B977E5E6F1F702D3.e.3898/click - {}
COMMAND: POST /session/7f8ec675ea4d0b709012fb067697b535/element - {"using":"xpath","value":"//*[@id=\"backBtn\"]"}
RESULT: {"using":"xpath","value":"//*[@id=\"backBtn\"]"}
COMMAND: POST /session/7f8ec675ea4d0b709012fb067697b535/element/f.680E24C7220655CA6643778340C03ECC.d.CAA6E1DCB14110F1B977E5E6F1F702D3.e.3898/click - {}
COMMAND: POST /session/7f8ec675ea4d0b709012fb067697b535/element - {"using":"xpath","value":"//*[@id=\"backBtn\"]"}
RESULT: {"using":"xpath","value":"//*[@id=\"backBtn\"]"}
COMMAND: POST /session/7f8ec675ea4d0b709012fb067697b535/element/f.680E24C7220655CA6643778340C03ECC.d.CAA6E1DCB14110F1B977E5E6F1F702D3.e.4102/click - {}
RESULT: {}
COMMAND: GET /session/7f8ec675ea4d0b709012fb067697b535/screenshot - {}
RESULT: {}
]]></system-out>
    </testcase>
    <testcase classname="chrome.136_0_7103_93.windows.Sanity_Tests_US104253" name="Should open Manage Logbook page" time="38.998">
      <system-out><![CDATA[
COMMAND: POST /session/7f8ec675ea4d0b709012fb067697b535/execute/async - {"script":"<script> [1562 bytes]","args":[{"selector":{"controlType":"sap.m.GenericTile","properties":{"header":"Manage Logbook"}},"wdio_ui5_key":"sapm.GenericTile{\"header\":\"Manage Logbook\"}"}]}
RESULT: {"script":"<script> [1562 bytes]","args":[{"selector":{"controlType":"sap.m.GenericTile","properties":{"header":"Manage Logbook"}},"wdio_ui5_key":"sapm.GenericTile{\"header\":\"Manage Logbook\"}"}]}
RESULT: undefined
COMMAND: POST /session/7f8ec675ea4d0b709012fb067697b535/element - {"using":"xpath","value":"//*[@id=\"__tile112\"]"}
RESULT: {"using":"xpath","value":"//*[@id=\"__tile112\"]"}
COMMAND: POST /session/7f8ec675ea4d0b709012fb067697b535/element/f.680E24C7220655CA6643778340C03ECC.d.CAA6E1DCB14110F1B977E5E6F1F702D3.e.4104/click - {}
RESULT: {}
COMMAND: GET /session/7f8ec675ea4d0b709012fb067697b535/screenshot - {}
RESULT: {}
COMMAND: POST /session/7f8ec675ea4d0b709012fb067697b535/elements - {"using":"xpath","value":"//span[text()='Error']"}
RESULT: {"using":"xpath","value":"//span[text()='Error']"}
RESULT: undefined
COMMAND: POST /session/7f8ec675ea4d0b709012fb067697b535/element - {"using":"xpath","value":"//*[@id=\"__tile112\"]"}
RESULT: {"using":"xpath","value":"//*[@id=\"__tile112\"]"}
COMMAND: POST /session/7f8ec675ea4d0b709012fb067697b535/element/f.680E24C7220655CA6643778340C03ECC.d.CAA6E1DCB14110F1B977E5E6F1F702D3.e.4104/click - {}
RESULT: undefined
COMMAND: POST /session/7f8ec675ea4d0b709012fb067697b535/element - {"using":"xpath","value":"//*[@id=\"__tile112\"]"}
RESULT: {"using":"xpath","value":"//*[@id=\"__tile112\"]"}
COMMAND: POST /session/7f8ec675ea4d0b709012fb067697b535/element/f.680E24C7220655CA6643778340C03ECC.d.CAA6E1DCB14110F1B977E5E6F1F702D3.e.4104/click - {}
RESULT: undefined
COMMAND: POST /session/7f8ec675ea4d0b709012fb067697b535/execute/async - {"script":"<script> [6424 bytes]","args":[{"element-6066-11e4-a52e-4f735466cecf":"f.680E24C7220655CA6643778340C03ECC.d.CAA6E1DCB14110F1B977E5E6F1F702D3.e.249"},"getTitle",[]]}
COMMAND: POST /session/7f8ec675ea4d0b709012fb067697b535/execute/async - {"script":"<script> [1562 bytes]","args":[{"selector":{"id":"shellAppTitle"},"wdio_ui5_key":"shellAppTitle"}]}
RESULT: {"script":"<script> [1562 bytes]","args":[{"selector":{"id":"shellAppTitle"},"wdio_ui5_key":"shellAppTitle"}]}
COMMAND: POST /session/7f8ec675ea4d0b709012fb067697b535/execute/async - {"script":"<script> [6424 bytes]","args":[{"element-6066-11e4-a52e-4f735466cecf":"f.680E24C7220655CA6643778340C03ECC.d.CAA6E1DCB14110F1B977E5E6F1F702D3.e.4189"},"getTitle",[]]}
RESULT: {"script":"<script> [6424 bytes]","args":[{"element-6066-11e4-a52e-4f735466cecf":"f.680E24C7220655CA6643778340C03ECC.d.CAA6E1DCB14110F1B977E5E6F1F702D3.e.4189"},"getTitle",[]]}
RESULT: undefined
COMMAND: POST /session/7f8ec675ea4d0b709012fb067697b535/element/f.680E24C7220655CA6643778340C03ECC.d.CAA6E1DCB14110F1B977E5E6F1F702D3.e.4102/click - {}
RESULT: {}
COMMAND: GET /session/7f8ec675ea4d0b709012fb067697b535/screenshot - {}
RESULT: {}
]]></system-out>
    </testcase>
    <testcase classname="chrome.136_0_7103_93.windows.Sanity_Tests_US104253" name="Should open ISC Orders Calendar page" time="39.346">
      <system-out><![CDATA[
COMMAND: POST /session/7f8ec675ea4d0b709012fb067697b535/execute/async - {"script":"<script> [1562 bytes]","args":[{"selector":{"controlType":"sap.m.GenericTile","properties":{"header":"ISC Orders Calendar"}},"wdio_ui5_key":"sapm.GenericTile{\"header\":\"ISC Orders Calendar\"}"}]}
RESULT: {"script":"<script> [1562 bytes]","args":[{"selector":{"controlType":"sap.m.GenericTile","properties":{"header":"ISC Orders Calendar"}},"wdio_ui5_key":"sapm.GenericTile{\"header\":\"ISC Orders Calendar\"}"}]}
RESULT: undefined
COMMAND: POST /session/7f8ec675ea4d0b709012fb067697b535/element - {"using":"xpath","value":"//*[@id=\"__tile107\"]"}
RESULT: {"using":"xpath","value":"//*[@id=\"__tile107\"]"}
COMMAND: POST /session/7f8ec675ea4d0b709012fb067697b535/element/f.680E24C7220655CA6643778340C03ECC.d.CAA6E1DCB14110F1B977E5E6F1F702D3.e.4191/click - {}
RESULT: {}
COMMAND: GET /session/7f8ec675ea4d0b709012fb067697b535/screenshot - {}
RESULT: {}
COMMAND: POST /session/7f8ec675ea4d0b709012fb067697b535/elements - {"using":"xpath","value":"//span[text()='Error']"}
RESULT: {"using":"xpath","value":"//span[text()='Error']"}
RESULT: undefined
COMMAND: POST /session/7f8ec675ea4d0b709012fb067697b535/element - {"using":"xpath","value":"//*[@id=\"__tile107\"]"}
RESULT: {"using":"xpath","value":"//*[@id=\"__tile107\"]"}
COMMAND: POST /session/7f8ec675ea4d0b709012fb067697b535/element/f.680E24C7220655CA6643778340C03ECC.d.CAA6E1DCB14110F1B977E5E6F1F702D3.e.4191/click - {}
RESULT: undefined
COMMAND: POST /session/7f8ec675ea4d0b709012fb067697b535/element - {"using":"xpath","value":"//*[@id=\"__tile107\"]"}
RESULT: {"using":"xpath","value":"//*[@id=\"__tile107\"]"}
COMMAND: POST /session/7f8ec675ea4d0b709012fb067697b535/element/f.680E24C7220655CA6643778340C03ECC.d.CAA6E1DCB14110F1B977E5E6F1F702D3.e.4191/click - {}
RESULT: undefined
COMMAND: POST /session/7f8ec675ea4d0b709012fb067697b535/execute/async - {"script":"<script> [6424 bytes]","args":[{"element-6066-11e4-a52e-4f735466cecf":"f.680E24C7220655CA6643778340C03ECC.d.CAA6E1DCB14110F1B977E5E6F1F702D3.e.249"},"getTitle",[]]}
COMMAND: POST /session/7f8ec675ea4d0b709012fb067697b535/execute/async - {"script":"<script> [1562 bytes]","args":[{"selector":{"id":"shellAppTitle"},"wdio_ui5_key":"shellAppTitle"}]}
RESULT: {"script":"<script> [1562 bytes]","args":[{"selector":{"id":"shellAppTitle"},"wdio_ui5_key":"shellAppTitle"}]}
COMMAND: POST /session/7f8ec675ea4d0b709012fb067697b535/execute/async - {"script":"<script> [6424 bytes]","args":[{"element-6066-11e4-a52e-4f735466cecf":"f.680E24C7220655CA6643778340C03ECC.d.CAA6E1DCB14110F1B977E5E6F1F702D3.e.4397"},"getTitle",[]]}
RESULT: {"script":"<script> [6424 bytes]","args":[{"element-6066-11e4-a52e-4f735466cecf":"f.680E24C7220655CA6643778340C03ECC.d.CAA6E1DCB14110F1B977E5E6F1F702D3.e.4397"},"getTitle",[]]}
RESULT: undefined
COMMAND: POST /session/7f8ec675ea4d0b709012fb067697b535/element/f.680E24C7220655CA6643778340C03ECC.d.CAA6E1DCB14110F1B977E5E6F1F702D3.e.4102/click - {}
COMMAND: POST /session/7f8ec675ea4d0b709012fb067697b535/element - {"using":"xpath","value":"//*[@id=\"backBtn\"]"}
RESULT: {"using":"xpath","value":"//*[@id=\"backBtn\"]"}
COMMAND: POST /session/7f8ec675ea4d0b709012fb067697b535/element/f.680E24C7220655CA6643778340C03ECC.d.CAA6E1DCB14110F1B977E5E6F1F702D3.e.4102/click - {}
COMMAND: POST /session/7f8ec675ea4d0b709012fb067697b535/element - {"using":"xpath","value":"//*[@id=\"backBtn\"]"}
RESULT: {"using":"xpath","value":"//*[@id=\"backBtn\"]"}
COMMAND: POST /session/7f8ec675ea4d0b709012fb067697b535/element/f.680E24C7220655CA6643778340C03ECC.d.CAA6E1DCB14110F1B977E5E6F1F702D3.e.4398/click - {}
RESULT: {}
COMMAND: GET /session/7f8ec675ea4d0b709012fb067697b535/screenshot - {}
RESULT: {}
]]></system-out>
    </testcase>
    <testcase classname="chrome.136_0_7103_93.windows.Sanity_Tests_US104253" name="Should open Configure System page" time="38.311">
      <system-out><![CDATA[
COMMAND: POST /session/7f8ec675ea4d0b709012fb067697b535/execute/async - {"script":"<script> [1562 bytes]","args":[{"selector":{"controlType":"sap.m.GenericTile","properties":{"header":"Configure System"}},"wdio_ui5_key":"sapm.GenericTile{\"header\":\"Configure System\"}"}]}
RESULT: {"script":"<script> [1562 bytes]","args":[{"selector":{"controlType":"sap.m.GenericTile","properties":{"header":"Configure System"}},"wdio_ui5_key":"sapm.GenericTile{\"header\":\"Configure System\"}"}]}
RESULT: undefined
COMMAND: POST /session/7f8ec675ea4d0b709012fb067697b535/element - {"using":"xpath","value":"//*[@id=\"__tile114\"]"}
RESULT: {"using":"xpath","value":"//*[@id=\"__tile114\"]"}
COMMAND: POST /session/7f8ec675ea4d0b709012fb067697b535/element/f.680E24C7220655CA6643778340C03ECC.d.CAA6E1DCB14110F1B977E5E6F1F702D3.e.4400/click - {}
RESULT: {}
COMMAND: GET /session/7f8ec675ea4d0b709012fb067697b535/screenshot - {}
RESULT: {}
COMMAND: POST /session/7f8ec675ea4d0b709012fb067697b535/elements - {"using":"xpath","value":"//span[text()='Error']"}
RESULT: {"using":"xpath","value":"//span[text()='Error']"}
RESULT: undefined
COMMAND: POST /session/7f8ec675ea4d0b709012fb067697b535/element - {"using":"xpath","value":"//*[@id=\"__tile114\"]"}
RESULT: {"using":"xpath","value":"//*[@id=\"__tile114\"]"}
COMMAND: POST /session/7f8ec675ea4d0b709012fb067697b535/element/f.680E24C7220655CA6643778340C03ECC.d.CAA6E1DCB14110F1B977E5E6F1F702D3.e.4400/click - {}
RESULT: undefined
COMMAND: POST /session/7f8ec675ea4d0b709012fb067697b535/element - {"using":"xpath","value":"//*[@id=\"__tile114\"]"}
RESULT: {"using":"xpath","value":"//*[@id=\"__tile114\"]"}
COMMAND: POST /session/7f8ec675ea4d0b709012fb067697b535/element/f.680E24C7220655CA6643778340C03ECC.d.CAA6E1DCB14110F1B977E5E6F1F702D3.e.4400/click - {}
RESULT: undefined
COMMAND: POST /session/7f8ec675ea4d0b709012fb067697b535/execute/async - {"script":"<script> [6424 bytes]","args":[{"element-6066-11e4-a52e-4f735466cecf":"f.680E24C7220655CA6643778340C03ECC.d.CAA6E1DCB14110F1B977E5E6F1F702D3.e.249"},"getTitle",[]]}
COMMAND: POST /session/7f8ec675ea4d0b709012fb067697b535/execute/async - {"script":"<script> [1562 bytes]","args":[{"selector":{"id":"shellAppTitle"},"wdio_ui5_key":"shellAppTitle"}]}
RESULT: {"script":"<script> [1562 bytes]","args":[{"selector":{"id":"shellAppTitle"},"wdio_ui5_key":"shellAppTitle"}]}
COMMAND: POST /session/7f8ec675ea4d0b709012fb067697b535/execute/async - {"script":"<script> [6424 bytes]","args":[{"element-6066-11e4-a52e-4f735466cecf":"f.680E24C7220655CA6643778340C03ECC.d.CAA6E1DCB14110F1B977E5E6F1F702D3.e.4434"},"getTitle",[]]}
RESULT: {"script":"<script> [6424 bytes]","args":[{"element-6066-11e4-a52e-4f735466cecf":"f.680E24C7220655CA6643778340C03ECC.d.CAA6E1DCB14110F1B977E5E6F1F702D3.e.4434"},"getTitle",[]]}
RESULT: undefined
COMMAND: POST /session/7f8ec675ea4d0b709012fb067697b535/element/f.680E24C7220655CA6643778340C03ECC.d.CAA6E1DCB14110F1B977E5E6F1F702D3.e.4398/click - {}
RESULT: {}
COMMAND: GET /session/7f8ec675ea4d0b709012fb067697b535/screenshot - {}
RESULT: {}
]]></system-out>
    </testcase>
    <testcase classname="chrome.136_0_7103_93.windows.Sanity_Tests_US104253" name="Should open Manage Classifications page" time="37.015">
      <system-out><![CDATA[
COMMAND: POST /session/7f8ec675ea4d0b709012fb067697b535/execute/async - {"script":"<script> [1562 bytes]","args":[{"selector":{"controlType":"sap.m.GenericTile","properties":{"header":"Manage Classifications"}},"wdio_ui5_key":"sapm.GenericTile{\"header\":\"Manage Classifications\"}"}]}
RESULT: {"script":"<script> [1562 bytes]","args":[{"selector":{"controlType":"sap.m.GenericTile","properties":{"header":"Manage Classifications"}},"wdio_ui5_key":"sapm.GenericTile{\"header\":\"Manage Classifications\"}"}]}
RESULT: undefined
COMMAND: POST /session/7f8ec675ea4d0b709012fb067697b535/element - {"using":"xpath","value":"//*[@id=\"__tile115\"]"}
RESULT: {"using":"xpath","value":"//*[@id=\"__tile115\"]"}
COMMAND: POST /session/7f8ec675ea4d0b709012fb067697b535/element/f.680E24C7220655CA6643778340C03ECC.d.CAA6E1DCB14110F1B977E5E6F1F702D3.e.4438/click - {}
RESULT: {}
COMMAND: GET /session/7f8ec675ea4d0b709012fb067697b535/screenshot - {}
RESULT: {}
COMMAND: POST /session/7f8ec675ea4d0b709012fb067697b535/elements - {"using":"xpath","value":"//span[text()='Error']"}
RESULT: {"using":"xpath","value":"//span[text()='Error']"}
RESULT: undefined
COMMAND: POST /session/7f8ec675ea4d0b709012fb067697b535/element - {"using":"xpath","value":"//*[@id=\"__tile115\"]"}
RESULT: {"using":"xpath","value":"//*[@id=\"__tile115\"]"}
COMMAND: POST /session/7f8ec675ea4d0b709012fb067697b535/element/f.680E24C7220655CA6643778340C03ECC.d.CAA6E1DCB14110F1B977E5E6F1F702D3.e.4438/click - {}
RESULT: undefined
COMMAND: POST /session/7f8ec675ea4d0b709012fb067697b535/element - {"using":"xpath","value":"//*[@id=\"__tile115\"]"}
RESULT: {"using":"xpath","value":"//*[@id=\"__tile115\"]"}
COMMAND: POST /session/7f8ec675ea4d0b709012fb067697b535/element/f.680E24C7220655CA6643778340C03ECC.d.CAA6E1DCB14110F1B977E5E6F1F702D3.e.4438/click - {}
RESULT: undefined
COMMAND: POST /session/7f8ec675ea4d0b709012fb067697b535/execute/async - {"script":"<script> [6424 bytes]","args":[{"element-6066-11e4-a52e-4f735466cecf":"f.680E24C7220655CA6643778340C03ECC.d.CAA6E1DCB14110F1B977E5E6F1F702D3.e.249"},"getTitle",[]]}
COMMAND: POST /session/7f8ec675ea4d0b709012fb067697b535/execute/async - {"script":"<script> [1562 bytes]","args":[{"selector":{"id":"shellAppTitle"},"wdio_ui5_key":"shellAppTitle"}]}
RESULT: {"script":"<script> [1562 bytes]","args":[{"selector":{"id":"shellAppTitle"},"wdio_ui5_key":"shellAppTitle"}]}
COMMAND: POST /session/7f8ec675ea4d0b709012fb067697b535/execute/async - {"script":"<script> [6424 bytes]","args":[{"element-6066-11e4-a52e-4f735466cecf":"f.680E24C7220655CA6643778340C03ECC.d.CAA6E1DCB14110F1B977E5E6F1F702D3.e.4528"},"getTitle",[]]}
RESULT: {"script":"<script> [6424 bytes]","args":[{"element-6066-11e4-a52e-4f735466cecf":"f.680E24C7220655CA6643778340C03ECC.d.CAA6E1DCB14110F1B977E5E6F1F702D3.e.4528"},"getTitle",[]]}
RESULT: undefined
COMMAND: POST /session/7f8ec675ea4d0b709012fb067697b535/element/f.680E24C7220655CA6643778340C03ECC.d.CAA6E1DCB14110F1B977E5E6F1F702D3.e.4398/click - {}
COMMAND: POST /session/7f8ec675ea4d0b709012fb067697b535/element - {"using":"xpath","value":"//*[@id=\"backBtn\"]"}
RESULT: {"using":"xpath","value":"//*[@id=\"backBtn\"]"}
COMMAND: POST /session/7f8ec675ea4d0b709012fb067697b535/element/f.680E24C7220655CA6643778340C03ECC.d.CAA6E1DCB14110F1B977E5E6F1F702D3.e.4398/click - {}
COMMAND: POST /session/7f8ec675ea4d0b709012fb067697b535/element - {"using":"xpath","value":"//*[@id=\"backBtn\"]"}
RESULT: {"using":"xpath","value":"//*[@id=\"backBtn\"]"}
COMMAND: POST /session/7f8ec675ea4d0b709012fb067697b535/element/f.680E24C7220655CA6643778340C03ECC.d.CAA6E1DCB14110F1B977E5E6F1F702D3.e.4529/click - {}
RESULT: {}
COMMAND: GET /session/7f8ec675ea4d0b709012fb067697b535/screenshot - {}
RESULT: {}
]]></system-out>
    </testcase>
    <testcase classname="chrome.136_0_7103_93.windows.Sanity_Tests_US104253" name="Should open Data Explorer page" time="41.192">
      <system-out><![CDATA[
COMMAND: POST /session/7f8ec675ea4d0b709012fb067697b535/execute/async - {"script":"<script> [1562 bytes]","args":[{"selector":{"controlType":"sap.m.GenericTile","properties":{"header":"Data Explorer"}},"wdio_ui5_key":"sapm.GenericTile{\"header\":\"Data Explorer\"}"}]}
RESULT: {"script":"<script> [1562 bytes]","args":[{"selector":{"controlType":"sap.m.GenericTile","properties":{"header":"Data Explorer"}},"wdio_ui5_key":"sapm.GenericTile{\"header\":\"Data Explorer\"}"}]}
RESULT: undefined
COMMAND: POST /session/7f8ec675ea4d0b709012fb067697b535/element - {"using":"xpath","value":"//*[@id=\"__tile117\"]"}
RESULT: {"using":"xpath","value":"//*[@id=\"__tile117\"]"}
COMMAND: POST /session/7f8ec675ea4d0b709012fb067697b535/element/f.680E24C7220655CA6643778340C03ECC.d.CAA6E1DCB14110F1B977E5E6F1F702D3.e.4531/click - {}
RESULT: {}
COMMAND: GET /session/7f8ec675ea4d0b709012fb067697b535/screenshot - {}
RESULT: {}
COMMAND: POST /session/7f8ec675ea4d0b709012fb067697b535/elements - {"using":"xpath","value":"//span[text()='Error']"}
RESULT: {"using":"xpath","value":"//span[text()='Error']"}
RESULT: undefined
COMMAND: POST /session/7f8ec675ea4d0b709012fb067697b535/element - {"using":"xpath","value":"//*[@id=\"__tile117\"]"}
RESULT: {"using":"xpath","value":"//*[@id=\"__tile117\"]"}
COMMAND: POST /session/7f8ec675ea4d0b709012fb067697b535/element/f.680E24C7220655CA6643778340C03ECC.d.CAA6E1DCB14110F1B977E5E6F1F702D3.e.4531/click - {}
RESULT: undefined
COMMAND: POST /session/7f8ec675ea4d0b709012fb067697b535/element - {"using":"xpath","value":"//*[@id=\"__tile117\"]"}
RESULT: {"using":"xpath","value":"//*[@id=\"__tile117\"]"}
COMMAND: POST /session/7f8ec675ea4d0b709012fb067697b535/element/f.680E24C7220655CA6643778340C03ECC.d.CAA6E1DCB14110F1B977E5E6F1F702D3.e.4531/click - {}
RESULT: undefined
COMMAND: POST /session/7f8ec675ea4d0b709012fb067697b535/execute/async - {"script":"<script> [6424 bytes]","args":[{"element-6066-11e4-a52e-4f735466cecf":"f.680E24C7220655CA6643778340C03ECC.d.CAA6E1DCB14110F1B977E5E6F1F702D3.e.249"},"getTitle",[]]}
COMMAND: POST /session/7f8ec675ea4d0b709012fb067697b535/execute/async - {"script":"<script> [1562 bytes]","args":[{"selector":{"id":"shellAppTitle"},"wdio_ui5_key":"shellAppTitle"}]}
RESULT: {"script":"<script> [1562 bytes]","args":[{"selector":{"id":"shellAppTitle"},"wdio_ui5_key":"shellAppTitle"}]}
COMMAND: POST /session/7f8ec675ea4d0b709012fb067697b535/execute/async - {"script":"<script> [6424 bytes]","args":[{"element-6066-11e4-a52e-4f735466cecf":"f.680E24C7220655CA6643778340C03ECC.d.CAA6E1DCB14110F1B977E5E6F1F702D3.e.4712"},"getTitle",[]]}
RESULT: {"script":"<script> [6424 bytes]","args":[{"element-6066-11e4-a52e-4f735466cecf":"f.680E24C7220655CA6643778340C03ECC.d.CAA6E1DCB14110F1B977E5E6F1F702D3.e.4712"},"getTitle",[]]}
RESULT: undefined
COMMAND: POST /session/7f8ec675ea4d0b709012fb067697b535/element/f.680E24C7220655CA6643778340C03ECC.d.CAA6E1DCB14110F1B977E5E6F1F702D3.e.4529/click - {}
RESULT: {}
COMMAND: GET /session/7f8ec675ea4d0b709012fb067697b535/screenshot - {}
RESULT: {}
]]></system-out>
    </testcase>
    <testcase classname="chrome.136_0_7103_93.windows.Sanity_Tests_US104253" name="Should open Performance Monitor page" time="37.406">
      <system-out><![CDATA[
COMMAND: POST /session/7f8ec675ea4d0b709012fb067697b535/execute/async - {"script":"<script> [1562 bytes]","args":[{"selector":{"controlType":"sap.m.GenericTile","properties":{"header":"Performance Monitor"}},"wdio_ui5_key":"sapm.GenericTile{\"header\":\"Performance Monitor\"}"}]}
RESULT: {"script":"<script> [1562 bytes]","args":[{"selector":{"controlType":"sap.m.GenericTile","properties":{"header":"Performance Monitor"}},"wdio_ui5_key":"sapm.GenericTile{\"header\":\"Performance Monitor\"}"}]}
RESULT: undefined
COMMAND: POST /session/7f8ec675ea4d0b709012fb067697b535/element - {"using":"xpath","value":"//*[@id=\"__tile116\"]"}
RESULT: {"using":"xpath","value":"//*[@id=\"__tile116\"]"}
COMMAND: POST /session/7f8ec675ea4d0b709012fb067697b535/element/f.680E24C7220655CA6643778340C03ECC.d.CAA6E1DCB14110F1B977E5E6F1F702D3.e.4714/click - {}
RESULT: {}
COMMAND: GET /session/7f8ec675ea4d0b709012fb067697b535/screenshot - {}
RESULT: {}
COMMAND: POST /session/7f8ec675ea4d0b709012fb067697b535/elements - {"using":"xpath","value":"//span[text()='Error']"}
RESULT: {"using":"xpath","value":"//span[text()='Error']"}
RESULT: undefined
COMMAND: POST /session/7f8ec675ea4d0b709012fb067697b535/element - {"using":"xpath","value":"//*[@id=\"__tile116\"]"}
RESULT: {"using":"xpath","value":"//*[@id=\"__tile116\"]"}
COMMAND: POST /session/7f8ec675ea4d0b709012fb067697b535/element/f.680E24C7220655CA6643778340C03ECC.d.CAA6E1DCB14110F1B977E5E6F1F702D3.e.4714/click - {}
RESULT: undefined
COMMAND: POST /session/7f8ec675ea4d0b709012fb067697b535/element - {"using":"xpath","value":"//*[@id=\"__tile116\"]"}
RESULT: {"using":"xpath","value":"//*[@id=\"__tile116\"]"}
COMMAND: POST /session/7f8ec675ea4d0b709012fb067697b535/element/f.680E24C7220655CA6643778340C03ECC.d.CAA6E1DCB14110F1B977E5E6F1F702D3.e.4714/click - {}
RESULT: undefined
COMMAND: POST /session/7f8ec675ea4d0b709012fb067697b535/execute/async - {"script":"<script> [6424 bytes]","args":[{"element-6066-11e4-a52e-4f735466cecf":"f.680E24C7220655CA6643778340C03ECC.d.CAA6E1DCB14110F1B977E5E6F1F702D3.e.249"},"getTitle",[]]}
COMMAND: POST /session/7f8ec675ea4d0b709012fb067697b535/execute/async - {"script":"<script> [1562 bytes]","args":[{"selector":{"id":"shellAppTitle"},"wdio_ui5_key":"shellAppTitle"}]}
RESULT: {"script":"<script> [1562 bytes]","args":[{"selector":{"id":"shellAppTitle"},"wdio_ui5_key":"shellAppTitle"}]}
COMMAND: POST /session/7f8ec675ea4d0b709012fb067697b535/execute/async - {"script":"<script> [6424 bytes]","args":[{"element-6066-11e4-a52e-4f735466cecf":"f.680E24C7220655CA6643778340C03ECC.d.CAA6E1DCB14110F1B977E5E6F1F702D3.e.4756"},"getTitle",[]]}
RESULT: {"script":"<script> [6424 bytes]","args":[{"element-6066-11e4-a52e-4f735466cecf":"f.680E24C7220655CA6643778340C03ECC.d.CAA6E1DCB14110F1B977E5E6F1F702D3.e.4756"},"getTitle",[]]}
RESULT: undefined
COMMAND: POST /session/7f8ec675ea4d0b709012fb067697b535/element/f.680E24C7220655CA6643778340C03ECC.d.CAA6E1DCB14110F1B977E5E6F1F702D3.e.4529/click - {}
COMMAND: POST /session/7f8ec675ea4d0b709012fb067697b535/element - {"using":"xpath","value":"//*[@id=\"backBtn\"]"}
RESULT: {"using":"xpath","value":"//*[@id=\"backBtn\"]"}
COMMAND: POST /session/7f8ec675ea4d0b709012fb067697b535/element/f.680E24C7220655CA6643778340C03ECC.d.CAA6E1DCB14110F1B977E5E6F1F702D3.e.4529/click - {}
COMMAND: POST /session/7f8ec675ea4d0b709012fb067697b535/element - {"using":"xpath","value":"//*[@id=\"backBtn\"]"}
RESULT: {"using":"xpath","value":"//*[@id=\"backBtn\"]"}
COMMAND: POST /session/7f8ec675ea4d0b709012fb067697b535/element/f.680E24C7220655CA6643778340C03ECC.d.CAA6E1DCB14110F1B977E5E6F1F702D3.e.4757/click - {}
RESULT: {}
COMMAND: GET /session/7f8ec675ea4d0b709012fb067697b535/screenshot - {}
RESULT: {}
]]></system-out>
    </testcase>
    <testcase classname="chrome.136_0_7103_93.windows.Sanity_Tests_US104253" name="Should open Organizational Model page" time="37.447">
      <system-out><![CDATA[
COMMAND: POST /session/7f8ec675ea4d0b709012fb067697b535/execute/async - {"script":"<script> [1562 bytes]","args":[{"selector":{"controlType":"sap.m.GenericTile","properties":{"header":"Organizational Model"}},"wdio_ui5_key":"sapm.GenericTile{\"header\":\"Organizational Model\"}"}]}
RESULT: {"script":"<script> [1562 bytes]","args":[{"selector":{"controlType":"sap.m.GenericTile","properties":{"header":"Organizational Model"}},"wdio_ui5_key":"sapm.GenericTile{\"header\":\"Organizational Model\"}"}]}
RESULT: undefined
COMMAND: POST /session/7f8ec675ea4d0b709012fb067697b535/element - {"using":"xpath","value":"//*[@id=\"__tile120\"]"}
RESULT: {"using":"xpath","value":"//*[@id=\"__tile120\"]"}
COMMAND: POST /session/7f8ec675ea4d0b709012fb067697b535/element/f.680E24C7220655CA6643778340C03ECC.d.CAA6E1DCB14110F1B977E5E6F1F702D3.e.4759/click - {}
RESULT: {}
COMMAND: GET /session/7f8ec675ea4d0b709012fb067697b535/screenshot - {}
RESULT: {}
COMMAND: POST /session/7f8ec675ea4d0b709012fb067697b535/elements - {"using":"xpath","value":"//span[text()='Error']"}
RESULT: {"using":"xpath","value":"//span[text()='Error']"}
RESULT: undefined
COMMAND: POST /session/7f8ec675ea4d0b709012fb067697b535/element - {"using":"xpath","value":"//*[@id=\"__tile120\"]"}
RESULT: {"using":"xpath","value":"//*[@id=\"__tile120\"]"}
COMMAND: POST /session/7f8ec675ea4d0b709012fb067697b535/element/f.680E24C7220655CA6643778340C03ECC.d.CAA6E1DCB14110F1B977E5E6F1F702D3.e.4759/click - {}
RESULT: undefined
COMMAND: POST /session/7f8ec675ea4d0b709012fb067697b535/element - {"using":"xpath","value":"//*[@id=\"__tile120\"]"}
RESULT: {"using":"xpath","value":"//*[@id=\"__tile120\"]"}
COMMAND: POST /session/7f8ec675ea4d0b709012fb067697b535/element/f.680E24C7220655CA6643778340C03ECC.d.CAA6E1DCB14110F1B977E5E6F1F702D3.e.4759/click - {}
RESULT: undefined
COMMAND: POST /session/7f8ec675ea4d0b709012fb067697b535/execute/async - {"script":"<script> [6424 bytes]","args":[{"element-6066-11e4-a52e-4f735466cecf":"f.680E24C7220655CA6643778340C03ECC.d.CAA6E1DCB14110F1B977E5E6F1F702D3.e.249"},"getTitle",[]]}
COMMAND: POST /session/7f8ec675ea4d0b709012fb067697b535/execute/async - {"script":"<script> [1562 bytes]","args":[{"selector":{"id":"shellAppTitle"},"wdio_ui5_key":"shellAppTitle"}]}
RESULT: {"script":"<script> [1562 bytes]","args":[{"selector":{"id":"shellAppTitle"},"wdio_ui5_key":"shellAppTitle"}]}
COMMAND: POST /session/7f8ec675ea4d0b709012fb067697b535/execute/async - {"script":"<script> [6424 bytes]","args":[{"element-6066-11e4-a52e-4f735466cecf":"f.680E24C7220655CA6643778340C03ECC.d.CAA6E1DCB14110F1B977E5E6F1F702D3.e.4778"},"getTitle",[]]}
RESULT: {"script":"<script> [6424 bytes]","args":[{"element-6066-11e4-a52e-4f735466cecf":"f.680E24C7220655CA6643778340C03ECC.d.CAA6E1DCB14110F1B977E5E6F1F702D3.e.4778"},"getTitle",[]]}
RESULT: undefined
COMMAND: POST /session/7f8ec675ea4d0b709012fb067697b535/element/f.680E24C7220655CA6643778340C03ECC.d.CAA6E1DCB14110F1B977E5E6F1F702D3.e.4757/click - {}
RESULT: {}
COMMAND: GET /session/7f8ec675ea4d0b709012fb067697b535/screenshot - {}
RESULT: {}
]]></system-out>
    </testcase>
    <testcase classname="chrome.136_0_7103_93.windows.Sanity_Tests_US104253" name="Should open Manage Roles page" time="38.781">
      <system-out><![CDATA[
COMMAND: POST /session/7f8ec675ea4d0b709012fb067697b535/execute/async - {"script":"<script> [1562 bytes]","args":[{"selector":{"controlType":"sap.m.GenericTile","properties":{"header":"Manage Roles"}},"wdio_ui5_key":"sapm.GenericTile{\"header\":\"Manage Roles\"}"}]}
RESULT: {"script":"<script> [1562 bytes]","args":[{"selector":{"controlType":"sap.m.GenericTile","properties":{"header":"Manage Roles"}},"wdio_ui5_key":"sapm.GenericTile{\"header\":\"Manage Roles\"}"}]}
RESULT: undefined
COMMAND: POST /session/7f8ec675ea4d0b709012fb067697b535/element - {"using":"xpath","value":"//*[@id=\"__tile119\"]"}
RESULT: {"using":"xpath","value":"//*[@id=\"__tile119\"]"}
COMMAND: POST /session/7f8ec675ea4d0b709012fb067697b535/element/f.680E24C7220655CA6643778340C03ECC.d.CAA6E1DCB14110F1B977E5E6F1F702D3.e.4780/click - {}
RESULT: {}
COMMAND: GET /session/7f8ec675ea4d0b709012fb067697b535/screenshot - {}
RESULT: {}
COMMAND: POST /session/7f8ec675ea4d0b709012fb067697b535/elements - {"using":"xpath","value":"//span[text()='Error']"}
RESULT: {"using":"xpath","value":"//span[text()='Error']"}
RESULT: undefined
COMMAND: POST /session/7f8ec675ea4d0b709012fb067697b535/element - {"using":"xpath","value":"//*[@id=\"__tile119\"]"}
RESULT: {"using":"xpath","value":"//*[@id=\"__tile119\"]"}
COMMAND: POST /session/7f8ec675ea4d0b709012fb067697b535/element/f.680E24C7220655CA6643778340C03ECC.d.CAA6E1DCB14110F1B977E5E6F1F702D3.e.4780/click - {}
RESULT: undefined
COMMAND: POST /session/7f8ec675ea4d0b709012fb067697b535/element - {"using":"xpath","value":"//*[@id=\"__tile119\"]"}
RESULT: {"using":"xpath","value":"//*[@id=\"__tile119\"]"}
COMMAND: POST /session/7f8ec675ea4d0b709012fb067697b535/element/f.680E24C7220655CA6643778340C03ECC.d.CAA6E1DCB14110F1B977E5E6F1F702D3.e.4780/click - {}
RESULT: undefined
COMMAND: POST /session/7f8ec675ea4d0b709012fb067697b535/execute/async - {"script":"<script> [6424 bytes]","args":[{"element-6066-11e4-a52e-4f735466cecf":"f.680E24C7220655CA6643778340C03ECC.d.CAA6E1DCB14110F1B977E5E6F1F702D3.e.249"},"getTitle",[]]}
COMMAND: POST /session/7f8ec675ea4d0b709012fb067697b535/execute/async - {"script":"<script> [1562 bytes]","args":[{"selector":{"id":"shellAppTitle"},"wdio_ui5_key":"shellAppTitle"}]}
RESULT: {"script":"<script> [1562 bytes]","args":[{"selector":{"id":"shellAppTitle"},"wdio_ui5_key":"shellAppTitle"}]}
COMMAND: POST /session/7f8ec675ea4d0b709012fb067697b535/execute/async - {"script":"<script> [6424 bytes]","args":[{"element-6066-11e4-a52e-4f735466cecf":"f.680E24C7220655CA6643778340C03ECC.d.CAA6E1DCB14110F1B977E5E6F1F702D3.e.4827"},"getTitle",[]]}
RESULT: {"script":"<script> [6424 bytes]","args":[{"element-6066-11e4-a52e-4f735466cecf":"f.680E24C7220655CA6643778340C03ECC.d.CAA6E1DCB14110F1B977E5E6F1F702D3.e.4827"},"getTitle",[]]}
RESULT: undefined
COMMAND: POST /session/7f8ec675ea4d0b709012fb067697b535/element/f.680E24C7220655CA6643778340C03ECC.d.CAA6E1DCB14110F1B977E5E6F1F702D3.e.4757/click - {}
COMMAND: POST /session/7f8ec675ea4d0b709012fb067697b535/element - {"using":"xpath","value":"//*[@id=\"backBtn\"]"}
RESULT: {"using":"xpath","value":"//*[@id=\"backBtn\"]"}
COMMAND: POST /session/7f8ec675ea4d0b709012fb067697b535/element/f.680E24C7220655CA6643778340C03ECC.d.CAA6E1DCB14110F1B977E5E6F1F702D3.e.4757/click - {}
COMMAND: POST /session/7f8ec675ea4d0b709012fb067697b535/element - {"using":"xpath","value":"//*[@id=\"backBtn\"]"}
RESULT: {"using":"xpath","value":"//*[@id=\"backBtn\"]"}
COMMAND: POST /session/7f8ec675ea4d0b709012fb067697b535/element/f.680E24C7220655CA6643778340C03ECC.d.CAA6E1DCB14110F1B977E5E6F1F702D3.e.4828/click - {}
RESULT: {}
COMMAND: GET /session/7f8ec675ea4d0b709012fb067697b535/screenshot - {}
RESULT: {}
]]></system-out>
    </testcase>
    <testcase classname="chrome.136_0_7103_93.windows.Sanity_Tests_US104253" name="Should open Authorization Tables page" time="37.979">
      <system-out><![CDATA[
COMMAND: POST /session/7f8ec675ea4d0b709012fb067697b535/execute/async - {"script":"<script> [1562 bytes]","args":[{"selector":{"controlType":"sap.m.GenericTile","properties":{"header":"Authorization Tables"}},"wdio_ui5_key":"sapm.GenericTile{\"header\":\"Authorization Tables\"}"}]}
RESULT: {"script":"<script> [1562 bytes]","args":[{"selector":{"controlType":"sap.m.GenericTile","properties":{"header":"Authorization Tables"}},"wdio_ui5_key":"sapm.GenericTile{\"header\":\"Authorization Tables\"}"}]}
RESULT: undefined
COMMAND: POST /session/7f8ec675ea4d0b709012fb067697b535/element - {"using":"xpath","value":"//*[@id=\"__tile118\"]"}
RESULT: {"using":"xpath","value":"//*[@id=\"__tile118\"]"}
COMMAND: POST /session/7f8ec675ea4d0b709012fb067697b535/element/f.680E24C7220655CA6643778340C03ECC.d.CAA6E1DCB14110F1B977E5E6F1F702D3.e.4830/click - {}
RESULT: {}
COMMAND: GET /session/7f8ec675ea4d0b709012fb067697b535/screenshot - {}
RESULT: {}
COMMAND: POST /session/7f8ec675ea4d0b709012fb067697b535/elements - {"using":"xpath","value":"//span[text()='Error']"}
RESULT: {"using":"xpath","value":"//span[text()='Error']"}
RESULT: undefined
COMMAND: POST /session/7f8ec675ea4d0b709012fb067697b535/element - {"using":"xpath","value":"//*[@id=\"__tile118\"]"}
RESULT: {"using":"xpath","value":"//*[@id=\"__tile118\"]"}
COMMAND: POST /session/7f8ec675ea4d0b709012fb067697b535/element/f.680E24C7220655CA6643778340C03ECC.d.CAA6E1DCB14110F1B977E5E6F1F702D3.e.4830/click - {}
RESULT: undefined
COMMAND: POST /session/7f8ec675ea4d0b709012fb067697b535/element - {"using":"xpath","value":"//*[@id=\"__tile118\"]"}
RESULT: {"using":"xpath","value":"//*[@id=\"__tile118\"]"}
COMMAND: POST /session/7f8ec675ea4d0b709012fb067697b535/element/f.680E24C7220655CA6643778340C03ECC.d.CAA6E1DCB14110F1B977E5E6F1F702D3.e.4830/click - {}
RESULT: undefined
COMMAND: POST /session/7f8ec675ea4d0b709012fb067697b535/execute/async - {"script":"<script> [6424 bytes]","args":[{"element-6066-11e4-a52e-4f735466cecf":"f.680E24C7220655CA6643778340C03ECC.d.CAA6E1DCB14110F1B977E5E6F1F702D3.e.249"},"getTitle",[]]}
COMMAND: POST /session/7f8ec675ea4d0b709012fb067697b535/execute/async - {"script":"<script> [1562 bytes]","args":[{"selector":{"id":"shellAppTitle"},"wdio_ui5_key":"shellAppTitle"}]}
RESULT: {"script":"<script> [1562 bytes]","args":[{"selector":{"id":"shellAppTitle"},"wdio_ui5_key":"shellAppTitle"}]}
COMMAND: POST /session/7f8ec675ea4d0b709012fb067697b535/execute/async - {"script":"<script> [6424 bytes]","args":[{"element-6066-11e4-a52e-4f735466cecf":"f.680E24C7220655CA6643778340C03ECC.d.CAA6E1DCB14110F1B977E5E6F1F702D3.e.4921"},"getTitle",[]]}
RESULT: {"script":"<script> [6424 bytes]","args":[{"element-6066-11e4-a52e-4f735466cecf":"f.680E24C7220655CA6643778340C03ECC.d.CAA6E1DCB14110F1B977E5E6F1F702D3.e.4921"},"getTitle",[]]}
RESULT: undefined
COMMAND: POST /session/7f8ec675ea4d0b709012fb067697b535/element/f.680E24C7220655CA6643778340C03ECC.d.CAA6E1DCB14110F1B977E5E6F1F702D3.e.4828/click - {}
RESULT: {}
COMMAND: GET /session/7f8ec675ea4d0b709012fb067697b535/screenshot - {}
RESULT: {}
]]></system-out>
    </testcase>
    <testcase classname="chrome.136_0_7103_93.windows.Sanity_Tests_US104253" name="Should open User Maintenance page" time="36.527">
      <system-out><![CDATA[
COMMAND: POST /session/7f8ec675ea4d0b709012fb067697b535/execute/async - {"script":"<script> [1562 bytes]","args":[{"selector":{"controlType":"sap.m.GenericTile","properties":{"header":"User Maintenance"}},"wdio_ui5_key":"sapm.GenericTile{\"header\":\"User Maintenance\"}"}]}
RESULT: {"script":"<script> [1562 bytes]","args":[{"selector":{"controlType":"sap.m.GenericTile","properties":{"header":"User Maintenance"}},"wdio_ui5_key":"sapm.GenericTile{\"header\":\"User Maintenance\"}"}]}
RESULT: undefined
COMMAND: POST /session/7f8ec675ea4d0b709012fb067697b535/element - {"using":"xpath","value":"//*[@id=\"__tile121\"]"}
RESULT: {"using":"xpath","value":"//*[@id=\"__tile121\"]"}
COMMAND: POST /session/7f8ec675ea4d0b709012fb067697b535/element/f.680E24C7220655CA6643778340C03ECC.d.CAA6E1DCB14110F1B977E5E6F1F702D3.e.4923/click - {}
RESULT: {}
COMMAND: GET /session/7f8ec675ea4d0b709012fb067697b535/screenshot - {}
RESULT: {}
COMMAND: POST /session/7f8ec675ea4d0b709012fb067697b535/elements - {"using":"xpath","value":"//span[text()='Error']"}
RESULT: {"using":"xpath","value":"//span[text()='Error']"}
RESULT: undefined
COMMAND: POST /session/7f8ec675ea4d0b709012fb067697b535/element - {"using":"xpath","value":"//*[@id=\"__tile121\"]"}
RESULT: {"using":"xpath","value":"//*[@id=\"__tile121\"]"}
COMMAND: POST /session/7f8ec675ea4d0b709012fb067697b535/element/f.680E24C7220655CA6643778340C03ECC.d.CAA6E1DCB14110F1B977E5E6F1F702D3.e.4923/click - {}
RESULT: undefined
COMMAND: POST /session/7f8ec675ea4d0b709012fb067697b535/element - {"using":"xpath","value":"//*[@id=\"__tile121\"]"}
RESULT: {"using":"xpath","value":"//*[@id=\"__tile121\"]"}
COMMAND: POST /session/7f8ec675ea4d0b709012fb067697b535/element/f.680E24C7220655CA6643778340C03ECC.d.CAA6E1DCB14110F1B977E5E6F1F702D3.e.4923/click - {}
RESULT: undefined
COMMAND: POST /session/7f8ec675ea4d0b709012fb067697b535/execute/async - {"script":"<script> [6424 bytes]","args":[{"element-6066-11e4-a52e-4f735466cecf":"f.680E24C7220655CA6643778340C03ECC.d.CAA6E1DCB14110F1B977E5E6F1F702D3.e.249"},"getTitle",[]]}
COMMAND: POST /session/7f8ec675ea4d0b709012fb067697b535/execute/async - {"script":"<script> [1562 bytes]","args":[{"selector":{"id":"shellAppTitle"},"wdio_ui5_key":"shellAppTitle"}]}
RESULT: {"script":"<script> [1562 bytes]","args":[{"selector":{"id":"shellAppTitle"},"wdio_ui5_key":"shellAppTitle"}]}
COMMAND: POST /session/7f8ec675ea4d0b709012fb067697b535/execute/async - {"script":"<script> [6424 bytes]","args":[{"element-6066-11e4-a52e-4f735466cecf":"f.680E24C7220655CA6643778340C03ECC.d.CAA6E1DCB14110F1B977E5E6F1F702D3.e.5015"},"getTitle",[]]}
RESULT: {"script":"<script> [6424 bytes]","args":[{"element-6066-11e4-a52e-4f735466cecf":"f.680E24C7220655CA6643778340C03ECC.d.CAA6E1DCB14110F1B977E5E6F1F702D3.e.5015"},"getTitle",[]]}
RESULT: undefined
COMMAND: POST /session/7f8ec675ea4d0b709012fb067697b535/element/f.680E24C7220655CA6643778340C03ECC.d.CAA6E1DCB14110F1B977E5E6F1F702D3.e.4828/click - {}
COMMAND: POST /session/7f8ec675ea4d0b709012fb067697b535/element - {"using":"xpath","value":"//*[@id=\"backBtn\"]"}
RESULT: {"using":"xpath","value":"//*[@id=\"backBtn\"]"}
COMMAND: POST /session/7f8ec675ea4d0b709012fb067697b535/element/f.680E24C7220655CA6643778340C03ECC.d.CAA6E1DCB14110F1B977E5E6F1F702D3.e.4828/click - {}
COMMAND: POST /session/7f8ec675ea4d0b709012fb067697b535/element - {"using":"xpath","value":"//*[@id=\"backBtn\"]"}
RESULT: {"using":"xpath","value":"//*[@id=\"backBtn\"]"}
COMMAND: POST /session/7f8ec675ea4d0b709012fb067697b535/element/f.680E24C7220655CA6643778340C03ECC.d.CAA6E1DCB14110F1B977E5E6F1F702D3.e.5016/click - {}
RESULT: {}
COMMAND: GET /session/7f8ec675ea4d0b709012fb067697b535/screenshot - {}
RESULT: {}
]]></system-out>
    </testcase>
    <testcase classname="chrome.136_0_7103_93.windows.Sanity_Tests_US104253" name="Should open Schedule Jobs page" time="37.037">
      <system-out><![CDATA[
COMMAND: POST /session/7f8ec675ea4d0b709012fb067697b535/execute/async - {"script":"<script> [1562 bytes]","args":[{"selector":{"controlType":"sap.m.GenericTile","properties":{"header":"Schedule Jobs"}},"wdio_ui5_key":"sapm.GenericTile{\"header\":\"Schedule Jobs\"}"}]}
RESULT: {"script":"<script> [1562 bytes]","args":[{"selector":{"controlType":"sap.m.GenericTile","properties":{"header":"Schedule Jobs"}},"wdio_ui5_key":"sapm.GenericTile{\"header\":\"Schedule Jobs\"}"}]}
RESULT: undefined
COMMAND: POST /session/7f8ec675ea4d0b709012fb067697b535/element - {"using":"xpath","value":"//*[@id=\"__tile127\"]"}
RESULT: {"using":"xpath","value":"//*[@id=\"__tile127\"]"}
COMMAND: POST /session/7f8ec675ea4d0b709012fb067697b535/element/f.680E24C7220655CA6643778340C03ECC.d.CAA6E1DCB14110F1B977E5E6F1F702D3.e.5020/click - {}
RESULT: {}
COMMAND: GET /session/7f8ec675ea4d0b709012fb067697b535/screenshot - {}
RESULT: {}
COMMAND: POST /session/7f8ec675ea4d0b709012fb067697b535/elements - {"using":"xpath","value":"//span[text()='Error']"}
RESULT: {"using":"xpath","value":"//span[text()='Error']"}
RESULT: undefined
COMMAND: POST /session/7f8ec675ea4d0b709012fb067697b535/element - {"using":"xpath","value":"//*[@id=\"__tile127\"]"}
RESULT: {"using":"xpath","value":"//*[@id=\"__tile127\"]"}
COMMAND: POST /session/7f8ec675ea4d0b709012fb067697b535/element/f.680E24C7220655CA6643778340C03ECC.d.CAA6E1DCB14110F1B977E5E6F1F702D3.e.5020/click - {}
RESULT: undefined
COMMAND: POST /session/7f8ec675ea4d0b709012fb067697b535/element - {"using":"xpath","value":"//*[@id=\"__tile127\"]"}
RESULT: {"using":"xpath","value":"//*[@id=\"__tile127\"]"}
COMMAND: POST /session/7f8ec675ea4d0b709012fb067697b535/element/f.680E24C7220655CA6643778340C03ECC.d.CAA6E1DCB14110F1B977E5E6F1F702D3.e.5020/click - {}
RESULT: undefined
COMMAND: POST /session/7f8ec675ea4d0b709012fb067697b535/execute/async - {"script":"<script> [6424 bytes]","args":[{"element-6066-11e4-a52e-4f735466cecf":"f.680E24C7220655CA6643778340C03ECC.d.CAA6E1DCB14110F1B977E5E6F1F702D3.e.249"},"getTitle",[]]}
COMMAND: POST /session/7f8ec675ea4d0b709012fb067697b535/execute/async - {"script":"<script> [1562 bytes]","args":[{"selector":{"id":"shellAppTitle"},"wdio_ui5_key":"shellAppTitle"}]}
RESULT: {"script":"<script> [1562 bytes]","args":[{"selector":{"id":"shellAppTitle"},"wdio_ui5_key":"shellAppTitle"}]}
COMMAND: POST /session/7f8ec675ea4d0b709012fb067697b535/execute/async - {"script":"<script> [6424 bytes]","args":[{"element-6066-11e4-a52e-4f735466cecf":"f.680E24C7220655CA6643778340C03ECC.d.CAA6E1DCB14110F1B977E5E6F1F702D3.e.5057"},"getTitle",[]]}
RESULT: {"script":"<script> [6424 bytes]","args":[{"element-6066-11e4-a52e-4f735466cecf":"f.680E24C7220655CA6643778340C03ECC.d.CAA6E1DCB14110F1B977E5E6F1F702D3.e.5057"},"getTitle",[]]}
RESULT: undefined
COMMAND: POST /session/7f8ec675ea4d0b709012fb067697b535/element/f.680E24C7220655CA6643778340C03ECC.d.CAA6E1DCB14110F1B977E5E6F1F702D3.e.5016/click - {}
COMMAND: POST /session/7f8ec675ea4d0b709012fb067697b535/element/f.680E24C7220655CA6643778340C03ECC.d.CAA6E1DCB14110F1B977E5E6F1F702D3.e.5016/click - {}
RESULT: {}
COMMAND: GET /session/7f8ec675ea4d0b709012fb067697b535/screenshot - {}
COMMAND: POST /session/7f8ec675ea4d0b709012fb067697b535/element - {"using":"xpath","value":"//*[@id=\"backBtn\"]"}
RESULT: {}
RESULT: {"using":"xpath","value":"//*[@id=\"backBtn\"]"}
COMMAND: POST /session/7f8ec675ea4d0b709012fb067697b535/elements - {"using":"xpath","value":"//*[@id=\"backBtn\"]"}
RESULT: {"using":"xpath","value":"//*[@id=\"backBtn\"]"}
COMMAND: POST /session/7f8ec675ea4d0b709012fb067697b535/elements - {"using":"xpath","value":"//*[@id=\"backBtn\"]"}
RESULT: {"using":"xpath","value":"//*[@id=\"backBtn\"]"}
COMMAND: POST /session/7f8ec675ea4d0b709012fb067697b535/elements - {"using":"xpath","value":"//*[@id=\"backBtn\"]"}
RESULT: {"using":"xpath","value":"//*[@id=\"backBtn\"]"}
COMMAND: POST /session/7f8ec675ea4d0b709012fb067697b535/elements - {"using":"xpath","value":"//*[@id=\"backBtn\"]"}
RESULT: {"using":"xpath","value":"//*[@id=\"backBtn\"]"}
COMMAND: POST /session/7f8ec675ea4d0b709012fb067697b535/elements - {"using":"xpath","value":"//*[@id=\"backBtn\"]"}
RESULT: {"using":"xpath","value":"//*[@id=\"backBtn\"]"}
COMMAND: POST /session/7f8ec675ea4d0b709012fb067697b535/elements - {"using":"xpath","value":"//*[@id=\"backBtn\"]"}
RESULT: {"using":"xpath","value":"//*[@id=\"backBtn\"]"}
COMMAND: POST /session/7f8ec675ea4d0b709012fb067697b535/elements - {"using":"xpath","value":"//*[@id=\"backBtn\"]"}
RESULT: {"using":"xpath","value":"//*[@id=\"backBtn\"]"}
COMMAND: POST /session/7f8ec675ea4d0b709012fb067697b535/elements - {"using":"xpath","value":"//*[@id=\"backBtn\"]"}
RESULT: {"using":"xpath","value":"//*[@id=\"backBtn\"]"}
COMMAND: POST /session/7f8ec675ea4d0b709012fb067697b535/elements - {"using":"xpath","value":"//*[@id=\"backBtn\"]"}
RESULT: {"using":"xpath","value":"//*[@id=\"backBtn\"]"}
COMMAND: POST /session/7f8ec675ea4d0b709012fb067697b535/elements - {"using":"xpath","value":"//*[@id=\"backBtn\"]"}
RESULT: {"using":"xpath","value":"//*[@id=\"backBtn\"]"}
COMMAND: POST /session/7f8ec675ea4d0b709012fb067697b535/elements - {"using":"xpath","value":"//*[@id=\"backBtn\"]"}
RESULT: {"using":"xpath","value":"//*[@id=\"backBtn\"]"}
COMMAND: POST /session/7f8ec675ea4d0b709012fb067697b535/elements - {"using":"xpath","value":"//*[@id=\"backBtn\"]"}
RESULT: {"using":"xpath","value":"//*[@id=\"backBtn\"]"}
COMMAND: POST /session/7f8ec675ea4d0b709012fb067697b535/elements - {"using":"xpath","value":"//*[@id=\"backBtn\"]"}
RESULT: {"using":"xpath","value":"//*[@id=\"backBtn\"]"}
COMMAND: POST /session/7f8ec675ea4d0b709012fb067697b535/elements - {"using":"xpath","value":"//*[@id=\"backBtn\"]"}
RESULT: {"using":"xpath","value":"//*[@id=\"backBtn\"]"}
COMMAND: POST /session/7f8ec675ea4d0b709012fb067697b535/elements - {"using":"xpath","value":"//*[@id=\"backBtn\"]"}
RESULT: {"using":"xpath","value":"//*[@id=\"backBtn\"]"}
COMMAND: POST /session/7f8ec675ea4d0b709012fb067697b535/elements - {"using":"xpath","value":"//*[@id=\"backBtn\"]"}
RESULT: {"using":"xpath","value":"//*[@id=\"backBtn\"]"}
COMMAND: POST /session/7f8ec675ea4d0b709012fb067697b535/elements - {"using":"xpath","value":"//*[@id=\"backBtn\"]"}
RESULT: {"using":"xpath","value":"//*[@id=\"backBtn\"]"}
COMMAND: POST /session/7f8ec675ea4d0b709012fb067697b535/elements - {"using":"xpath","value":"//*[@id=\"backBtn\"]"}
RESULT: {"using":"xpath","value":"//*[@id=\"backBtn\"]"}
COMMAND: POST /session/7f8ec675ea4d0b709012fb067697b535/elements - {"using":"xpath","value":"//*[@id=\"backBtn\"]"}
RESULT: {"using":"xpath","value":"//*[@id=\"backBtn\"]"}
]]></system-out>
    </testcase>
    <testcase classname="chrome.136_0_7103_93.windows.Sanity_Tests_US104253" name="Should open Jobs Setup page" time="35.931">
      <system-out><![CDATA[
COMMAND: POST /session/7f8ec675ea4d0b709012fb067697b535/execute/async - {"script":"<script> [1562 bytes]","args":[{"selector":{"controlType":"sap.m.GenericTile","properties":{"header":"Jobs Setup"}},"wdio_ui5_key":"sapm.GenericTile{\"header\":\"Jobs Setup\"}"}]}
COMMAND: POST /session/7f8ec675ea4d0b709012fb067697b535/elements - {"using":"xpath","value":"//*[@id=\"backBtn\"]"}
RESULT: {"script":"<script> [1562 bytes]","args":[{"selector":{"controlType":"sap.m.GenericTile","properties":{"header":"Jobs Setup"}},"wdio_ui5_key":"sapm.GenericTile{\"header\":\"Jobs Setup\"}"}]}
RESULT: undefined
COMMAND: POST /session/7f8ec675ea4d0b709012fb067697b535/element - {"using":"xpath","value":"//*[@id=\"__tile128\"]"}
RESULT: {"using":"xpath","value":"//*[@id=\"backBtn\"]"}
RESULT: {"using":"xpath","value":"//*[@id=\"__tile128\"]"}
COMMAND: POST /session/7f8ec675ea4d0b709012fb067697b535/element/f.680E24C7220655CA6643778340C03ECC.d.CAA6E1DCB14110F1B977E5E6F1F702D3.e.5059/click - {}
COMMAND: POST /session/7f8ec675ea4d0b709012fb067697b535/elements - {"using":"xpath","value":"//*[@id=\"backBtn\"]"}
RESULT: {}
COMMAND: GET /session/7f8ec675ea4d0b709012fb067697b535/screenshot - {}
RESULT: {"using":"xpath","value":"//*[@id=\"backBtn\"]"}
RESULT: {}
COMMAND: POST /session/7f8ec675ea4d0b709012fb067697b535/elements - {"using":"xpath","value":"//*[@id=\"backBtn\"]"}
RESULT: {"using":"xpath","value":"//*[@id=\"backBtn\"]"}
COMMAND: POST /session/7f8ec675ea4d0b709012fb067697b535/element - {"using":"xpath","value":"//*[@id=\"backBtn\"]"}
RESULT: {"using":"xpath","value":"//*[@id=\"backBtn\"]"}
COMMAND: POST /session/7f8ec675ea4d0b709012fb067697b535/element/f.680E24C7220655CA6643778340C03ECC.d.CAA6E1DCB14110F1B977E5E6F1F702D3.e.5016/click - {}
COMMAND: POST /session/7f8ec675ea4d0b709012fb067697b535/element - {"using":"xpath","value":"//*[@id=\"backBtn\"]"}
RESULT: {"using":"xpath","value":"//*[@id=\"backBtn\"]"}
COMMAND: POST /session/7f8ec675ea4d0b709012fb067697b535/element/f.680E24C7220655CA6643778340C03ECC.d.CAA6E1DCB14110F1B977E5E6F1F702D3.e.5119/click - {}
RESULT: {}
COMMAND: GET /session/7f8ec675ea4d0b709012fb067697b535/screenshot - {}
RESULT: {}
COMMAND: POST /session/7f8ec675ea4d0b709012fb067697b535/elements - {"using":"xpath","value":"//span[text()='Error']"}
RESULT: {"using":"xpath","value":"//span[text()='Error']"}
RESULT: undefined
COMMAND: POST /session/7f8ec675ea4d0b709012fb067697b535/element - {"using":"xpath","value":"//*[@id=\"__tile128\"]"}
RESULT: {"using":"xpath","value":"//*[@id=\"__tile128\"]"}
COMMAND: POST /session/7f8ec675ea4d0b709012fb067697b535/element/f.680E24C7220655CA6643778340C03ECC.d.CAA6E1DCB14110F1B977E5E6F1F702D3.e.5059/click - {}
RESULT: undefined
COMMAND: POST /session/7f8ec675ea4d0b709012fb067697b535/element - {"using":"xpath","value":"//*[@id=\"__tile128\"]"}
RESULT: {"using":"xpath","value":"//*[@id=\"__tile128\"]"}
COMMAND: POST /session/7f8ec675ea4d0b709012fb067697b535/element/f.680E24C7220655CA6643778340C03ECC.d.CAA6E1DCB14110F1B977E5E6F1F702D3.e.5059/click - {}
RESULT: undefined
COMMAND: POST /session/7f8ec675ea4d0b709012fb067697b535/execute/async - {"script":"<script> [6424 bytes]","args":[{"element-6066-11e4-a52e-4f735466cecf":"f.680E24C7220655CA6643778340C03ECC.d.CAA6E1DCB14110F1B977E5E6F1F702D3.e.249"},"getTitle",[]]}
COMMAND: POST /session/7f8ec675ea4d0b709012fb067697b535/execute/async - {"script":"<script> [1562 bytes]","args":[{"selector":{"id":"shellAppTitle"},"wdio_ui5_key":"shellAppTitle"}]}
RESULT: {"script":"<script> [1562 bytes]","args":[{"selector":{"id":"shellAppTitle"},"wdio_ui5_key":"shellAppTitle"}]}
COMMAND: POST /session/7f8ec675ea4d0b709012fb067697b535/execute/async - {"script":"<script> [6424 bytes]","args":[{"element-6066-11e4-a52e-4f735466cecf":"f.680E24C7220655CA6643778340C03ECC.d.CAA6E1DCB14110F1B977E5E6F1F702D3.e.5147"},"getTitle",[]]}
RESULT: {"script":"<script> [6424 bytes]","args":[{"element-6066-11e4-a52e-4f735466cecf":"f.680E24C7220655CA6643778340C03ECC.d.CAA6E1DCB14110F1B977E5E6F1F702D3.e.5147"},"getTitle",[]]}
RESULT: undefined
COMMAND: POST /session/7f8ec675ea4d0b709012fb067697b535/element/f.680E24C7220655CA6643778340C03ECC.d.CAA6E1DCB14110F1B977E5E6F1F702D3.e.5119/click - {}
COMMAND: POST /session/7f8ec675ea4d0b709012fb067697b535/element/f.680E24C7220655CA6643778340C03ECC.d.CAA6E1DCB14110F1B977E5E6F1F702D3.e.5119/click - {}
RESULT: {}
COMMAND: GET /session/7f8ec675ea4d0b709012fb067697b535/screenshot - {}
RESULT: {}
COMMAND: GET /session/7f8ec675ea4d0b709012fb067697b535/screenshot - {}
RESULT: {}
RESULT: {}
]]></system-out>
    </testcase>
    <testcase classname="chrome.136_0_7103_93.windows.Sanity_Tests_US104253" name="Should open Target Systems Configuration page" time="36.92">
      <system-out><![CDATA[
COMMAND: POST /session/7f8ec675ea4d0b709012fb067697b535/execute/async - {"script":"<script> [1562 bytes]","args":[{"selector":{"controlType":"sap.m.GenericTile","properties":{"header":"Target Systems Configuration"}},"wdio_ui5_key":"sapm.GenericTile{\"header\":\"Target Systems Configuration\"}"}]}
RESULT: {"script":"<script> [1562 bytes]","args":[{"selector":{"controlType":"sap.m.GenericTile","properties":{"header":"Target Systems Configuration"}},"wdio_ui5_key":"sapm.GenericTile{\"header\":\"Target Systems Configuration\"}"}]}
RESULT: undefined
COMMAND: POST /session/7f8ec675ea4d0b709012fb067697b535/element - {"using":"xpath","value":"//*[@id=\"__tile129\"]"}
RESULT: {"using":"xpath","value":"//*[@id=\"__tile129\"]"}
COMMAND: POST /session/7f8ec675ea4d0b709012fb067697b535/element/f.680E24C7220655CA6643778340C03ECC.d.CAA6E1DCB14110F1B977E5E6F1F702D3.e.5149/click - {}
RESULT: {}
COMMAND: GET /session/7f8ec675ea4d0b709012fb067697b535/screenshot - {}
RESULT: {}
COMMAND: POST /session/7f8ec675ea4d0b709012fb067697b535/elements - {"using":"xpath","value":"//span[text()='Error']"}
RESULT: {"using":"xpath","value":"//span[text()='Error']"}
RESULT: undefined
COMMAND: POST /session/7f8ec675ea4d0b709012fb067697b535/element - {"using":"xpath","value":"//*[@id=\"__tile129\"]"}
RESULT: {"using":"xpath","value":"//*[@id=\"__tile129\"]"}
COMMAND: POST /session/7f8ec675ea4d0b709012fb067697b535/element/f.680E24C7220655CA6643778340C03ECC.d.CAA6E1DCB14110F1B977E5E6F1F702D3.e.5149/click - {}
RESULT: undefined
COMMAND: POST /session/7f8ec675ea4d0b709012fb067697b535/element - {"using":"xpath","value":"//*[@id=\"__tile129\"]"}
RESULT: {"using":"xpath","value":"//*[@id=\"__tile129\"]"}
COMMAND: POST /session/7f8ec675ea4d0b709012fb067697b535/element/f.680E24C7220655CA6643778340C03ECC.d.CAA6E1DCB14110F1B977E5E6F1F702D3.e.5149/click - {}
RESULT: undefined
COMMAND: POST /session/7f8ec675ea4d0b709012fb067697b535/execute/async - {"script":"<script> [6424 bytes]","args":[{"element-6066-11e4-a52e-4f735466cecf":"f.680E24C7220655CA6643778340C03ECC.d.CAA6E1DCB14110F1B977E5E6F1F702D3.e.249"},"getTitle",[]]}
COMMAND: POST /session/7f8ec675ea4d0b709012fb067697b535/execute/async - {"script":"<script> [1562 bytes]","args":[{"selector":{"id":"shellAppTitle"},"wdio_ui5_key":"shellAppTitle"}]}
RESULT: {"script":"<script> [1562 bytes]","args":[{"selector":{"id":"shellAppTitle"},"wdio_ui5_key":"shellAppTitle"}]}
COMMAND: POST /session/7f8ec675ea4d0b709012fb067697b535/execute/async - {"script":"<script> [6424 bytes]","args":[{"element-6066-11e4-a52e-4f735466cecf":"f.680E24C7220655CA6643778340C03ECC.d.CAA6E1DCB14110F1B977E5E6F1F702D3.e.5202"},"getTitle",[]]}
RESULT: {"script":"<script> [6424 bytes]","args":[{"element-6066-11e4-a52e-4f735466cecf":"f.680E24C7220655CA6643778340C03ECC.d.CAA6E1DCB14110F1B977E5E6F1F702D3.e.5202"},"getTitle",[]]}
RESULT: undefined
COMMAND: POST /session/7f8ec675ea4d0b709012fb067697b535/element/f.680E24C7220655CA6643778340C03ECC.d.CAA6E1DCB14110F1B977E5E6F1F702D3.e.5119/click - {}
COMMAND: POST /session/7f8ec675ea4d0b709012fb067697b535/element/f.680E24C7220655CA6643778340C03ECC.d.CAA6E1DCB14110F1B977E5E6F1F702D3.e.5119/click - {}
RESULT: {}
COMMAND: GET /session/7f8ec675ea4d0b709012fb067697b535/screenshot - {}
COMMAND: POST /session/7f8ec675ea4d0b709012fb067697b535/element - {"using":"xpath","value":"//*[@id=\"backBtn\"]"}
RESULT: {}
RESULT: {"using":"xpath","value":"//*[@id=\"backBtn\"]"}
COMMAND: POST /session/7f8ec675ea4d0b709012fb067697b535/elements - {"using":"xpath","value":"//*[@id=\"backBtn\"]"}
RESULT: {"using":"xpath","value":"//*[@id=\"backBtn\"]"}
COMMAND: POST /session/7f8ec675ea4d0b709012fb067697b535/elements - {"using":"xpath","value":"//*[@id=\"backBtn\"]"}
RESULT: {"using":"xpath","value":"//*[@id=\"backBtn\"]"}
COMMAND: POST /session/7f8ec675ea4d0b709012fb067697b535/elements - {"using":"xpath","value":"//*[@id=\"backBtn\"]"}
RESULT: {"using":"xpath","value":"//*[@id=\"backBtn\"]"}
COMMAND: POST /session/7f8ec675ea4d0b709012fb067697b535/elements - {"using":"xpath","value":"//*[@id=\"backBtn\"]"}
RESULT: {"using":"xpath","value":"//*[@id=\"backBtn\"]"}
COMMAND: POST /session/7f8ec675ea4d0b709012fb067697b535/elements - {"using":"xpath","value":"//*[@id=\"backBtn\"]"}
RESULT: {"using":"xpath","value":"//*[@id=\"backBtn\"]"}
COMMAND: POST /session/7f8ec675ea4d0b709012fb067697b535/elements - {"using":"xpath","value":"//*[@id=\"backBtn\"]"}
RESULT: {"using":"xpath","value":"//*[@id=\"backBtn\"]"}
COMMAND: POST /session/7f8ec675ea4d0b709012fb067697b535/elements - {"using":"xpath","value":"//*[@id=\"backBtn\"]"}
RESULT: {"using":"xpath","value":"//*[@id=\"backBtn\"]"}
COMMAND: POST /session/7f8ec675ea4d0b709012fb067697b535/elements - {"using":"xpath","value":"//*[@id=\"backBtn\"]"}
RESULT: {"using":"xpath","value":"//*[@id=\"backBtn\"]"}
COMMAND: POST /session/7f8ec675ea4d0b709012fb067697b535/elements - {"using":"xpath","value":"//*[@id=\"backBtn\"]"}
RESULT: {"using":"xpath","value":"//*[@id=\"backBtn\"]"}
COMMAND: POST /session/7f8ec675ea4d0b709012fb067697b535/elements - {"using":"xpath","value":"//*[@id=\"backBtn\"]"}
RESULT: {"using":"xpath","value":"//*[@id=\"backBtn\"]"}
COMMAND: POST /session/7f8ec675ea4d0b709012fb067697b535/elements - {"using":"xpath","value":"//*[@id=\"backBtn\"]"}
RESULT: {"using":"xpath","value":"//*[@id=\"backBtn\"]"}
COMMAND: POST /session/7f8ec675ea4d0b709012fb067697b535/elements - {"using":"xpath","value":"//*[@id=\"backBtn\"]"}
RESULT: {"using":"xpath","value":"//*[@id=\"backBtn\"]"}
COMMAND: POST /session/7f8ec675ea4d0b709012fb067697b535/elements - {"using":"xpath","value":"//*[@id=\"backBtn\"]"}
RESULT: {"using":"xpath","value":"//*[@id=\"backBtn\"]"}
COMMAND: POST /session/7f8ec675ea4d0b709012fb067697b535/elements - {"using":"xpath","value":"//*[@id=\"backBtn\"]"}
RESULT: {"using":"xpath","value":"//*[@id=\"backBtn\"]"}
COMMAND: POST /session/7f8ec675ea4d0b709012fb067697b535/elements - {"using":"xpath","value":"//*[@id=\"backBtn\"]"}
RESULT: {"using":"xpath","value":"//*[@id=\"backBtn\"]"}
COMMAND: POST /session/7f8ec675ea4d0b709012fb067697b535/elements - {"using":"xpath","value":"//*[@id=\"backBtn\"]"}
RESULT: {"using":"xpath","value":"//*[@id=\"backBtn\"]"}
COMMAND: POST /session/7f8ec675ea4d0b709012fb067697b535/elements - {"using":"xpath","value":"//*[@id=\"backBtn\"]"}
RESULT: {"using":"xpath","value":"//*[@id=\"backBtn\"]"}
COMMAND: POST /session/7f8ec675ea4d0b709012fb067697b535/elements - {"using":"xpath","value":"//*[@id=\"backBtn\"]"}
RESULT: {"using":"xpath","value":"//*[@id=\"backBtn\"]"}
COMMAND: POST /session/7f8ec675ea4d0b709012fb067697b535/elements - {"using":"xpath","value":"//*[@id=\"backBtn\"]"}
RESULT: {"using":"xpath","value":"//*[@id=\"backBtn\"]"}
COMMAND: POST /session/7f8ec675ea4d0b709012fb067697b535/elements - {"using":"xpath","value":"//*[@id=\"backBtn\"]"}
RESULT: {"using":"xpath","value":"//*[@id=\"backBtn\"]"}
COMMAND: POST /session/7f8ec675ea4d0b709012fb067697b535/elements - {"using":"xpath","value":"//*[@id=\"backBtn\"]"}
RESULT: {"using":"xpath","value":"//*[@id=\"backBtn\"]"}
COMMAND: POST /session/7f8ec675ea4d0b709012fb067697b535/elements - {"using":"xpath","value":"//*[@id=\"backBtn\"]"}
RESULT: {"using":"xpath","value":"//*[@id=\"backBtn\"]"}
COMMAND: POST /session/7f8ec675ea4d0b709012fb067697b535/elements - {"using":"xpath","value":"//*[@id=\"backBtn\"]"}
RESULT: {"using":"xpath","value":"//*[@id=\"backBtn\"]"}
COMMAND: POST /session/7f8ec675ea4d0b709012fb067697b535/elements - {"using":"xpath","value":"//*[@id=\"backBtn\"]"}
RESULT: {"using":"xpath","value":"//*[@id=\"backBtn\"]"}
COMMAND: POST /session/7f8ec675ea4d0b709012fb067697b535/elements - {"using":"xpath","value":"//*[@id=\"backBtn\"]"}
RESULT: {"using":"xpath","value":"//*[@id=\"backBtn\"]"}
COMMAND: POST /session/7f8ec675ea4d0b709012fb067697b535/elements - {"using":"xpath","value":"//*[@id=\"backBtn\"]"}
RESULT: {"using":"xpath","value":"//*[@id=\"backBtn\"]"}
COMMAND: POST /session/7f8ec675ea4d0b709012fb067697b535/elements - {"using":"xpath","value":"//*[@id=\"backBtn\"]"}
RESULT: {"using":"xpath","value":"//*[@id=\"backBtn\"]"}
COMMAND: POST /session/7f8ec675ea4d0b709012fb067697b535/elements - {"using":"xpath","value":"//*[@id=\"backBtn\"]"}
RESULT: {"using":"xpath","value":"//*[@id=\"backBtn\"]"}
COMMAND: POST /session/7f8ec675ea4d0b709012fb067697b535/elements - {"using":"xpath","value":"//*[@id=\"backBtn\"]"}
RESULT: {"using":"xpath","value":"//*[@id=\"backBtn\"]"}
COMMAND: POST /session/7f8ec675ea4d0b709012fb067697b535/elements - {"using":"xpath","value":"//*[@id=\"backBtn\"]"}
RESULT: {"using":"xpath","value":"//*[@id=\"backBtn\"]"}
COMMAND: POST /session/7f8ec675ea4d0b709012fb067697b535/elements - {"using":"xpath","value":"//*[@id=\"backBtn\"]"}
RESULT: {"using":"xpath","value":"//*[@id=\"backBtn\"]"}
COMMAND: POST /session/7f8ec675ea4d0b709012fb067697b535/elements - {"using":"xpath","value":"//*[@id=\"backBtn\"]"}
RESULT: {"using":"xpath","value":"//*[@id=\"backBtn\"]"}
COMMAND: POST /session/7f8ec675ea4d0b709012fb067697b535/elements - {"using":"xpath","value":"//*[@id=\"backBtn\"]"}
RESULT: {"using":"xpath","value":"//*[@id=\"backBtn\"]"}
COMMAND: POST /session/7f8ec675ea4d0b709012fb067697b535/elements - {"using":"xpath","value":"//*[@id=\"backBtn\"]"}
RESULT: {"using":"xpath","value":"//*[@id=\"backBtn\"]"}
COMMAND: POST /session/7f8ec675ea4d0b709012fb067697b535/elements - {"using":"xpath","value":"//*[@id=\"backBtn\"]"}
RESULT: {"using":"xpath","value":"//*[@id=\"backBtn\"]"}
COMMAND: POST /session/7f8ec675ea4d0b709012fb067697b535/elements - {"using":"xpath","value":"//*[@id=\"backBtn\"]"}
RESULT: {"using":"xpath","value":"//*[@id=\"backBtn\"]"}
COMMAND: POST /session/7f8ec675ea4d0b709012fb067697b535/elements - {"using":"xpath","value":"//*[@id=\"backBtn\"]"}
RESULT: {"using":"xpath","value":"//*[@id=\"backBtn\"]"}
COMMAND: POST /session/7f8ec675ea4d0b709012fb067697b535/elements - {"using":"xpath","value":"//*[@id=\"backBtn\"]"}
RESULT: {"using":"xpath","value":"//*[@id=\"backBtn\"]"}
COMMAND: POST /session/7f8ec675ea4d0b709012fb067697b535/elements - {"using":"xpath","value":"//*[@id=\"backBtn\"]"}
RESULT: {"using":"xpath","value":"//*[@id=\"backBtn\"]"}
COMMAND: DELETE /session/7f8ec675ea4d0b709012fb067697b535 - {}
RESULT: {}
]]></system-out>
    </testcase>
  </testsuite>
</testsuites>