<?xml version="1.0" encoding="UTF-8"?>
<testsuites tests="18" failures="1" errors="1" skipped="0">
  <testsuite timestamp="2025-04-25T15:22:12" time="55.95" tests="2" failures="0" errors="0" skipped="0">
    <properties>
      <property name="specId" value="0" />
      <property name="suiteName" value="Assign the user test user id to an address" />
      <property name="capabilities" value="chrome.135_0_7049_96.windows" />
      <property name="file" value="file:///D:/a/1/s/test/specs/R2C/assign-user-id-to-an-address.spec.js" />
    </properties>
    <testcase classname="chrome.135_0_7049_96.windows.Assign_the_user_test_user_id_to_an_address" name="Should search for test1ETM create only if not present" time="9.926">
      <system-out><![CDATA[
COMMAND: POST /session/d1a395b1624be07bc117af6a930c8232/execute/async - {"script":"<script> [1562 bytes]","args":[{"selector":{"id":"application-addressmanagement-display-component---masterAdm--smartFilterBar-filterItemControl_BASIC-NAME-vhi"},"wdio_ui5_key":"applicationaddressmanagement-display-component---masterAdm--smartFilterBar-filterItemControl_BASIC-NAME-vhi"}]}
RESULT: {"script":"<script> [1562 bytes]","args":[{"selector":{"id":"application-addressmanagement-display-component---masterAdm--smartFilterBar-filterItemControl_BASIC-NAME-vhi"},"wdio_ui5_key":"applicationaddressmanagement-display-component---masterAdm--smartFilterBar-filterItemControl_BASIC-NAME-vhi"}]}
RESULT: undefined
COMMAND: POST /session/d1a395b1624be07bc117af6a930c8232/element - {"using":"xpath","value":"//*[@id=\"application-addressmanagement-display-component---masterAdm--smartFilterBar-filterItemControl_BASIC-NAME-vhi\"]"}
RESULT: {"using":"xpath","value":"//*[@id=\"application-addressmanagement-display-component---masterAdm--smartFilterBar-filterItemControl_BASIC-NAME-vhi\"]"}
COMMAND: POST /session/d1a395b1624be07bc117af6a930c8232/element/f.AB5CB7F68D9467DB6E6600E6EA1FB744.d.B0723B4868FEAE3993B95D22E4F24DD2.e.295/click - {}
RESULT: {}
COMMAND: POST /session/d1a395b1624be07bc117af6a930c8232/execute/async - {"script":"<script> [1562 bytes]","args":[{"selector":{"controlType":"sap.m.Input","viewName":"etm.portal.ui.addressmanagement.view.Master","viewId":"application-addressmanagement-display-component---masterAdm","properties":{"valueState":"None"},"searchOpenDialogs":true,"interaction":{"idSuffix":"inner"}},"wdio_ui5_key":"etmportal.ui.addressmanagement.view.Mastersap.m.Input{\"valueState\":\"None\"}"}]}
COMMAND: GET /session/d1a395b1624be07bc117af6a930c8232/screenshot - {}
RESULT: {"script":"<script> [1562 bytes]","args":[{"selector":{"controlType":"sap.m.Input","viewName":"etm.portal.ui.addressmanagement.view.Master","viewId":"application-addressmanagement-display-component---masterAdm","properties":{"valueState":"None"},"searchOpenDialogs":true,"interaction":{"idSuffix":"inner"}},"wdio_ui5_key":"etmportal.ui.addressmanagement.view.Mastersap.m.Input{\"valueState\":\"None\"}"}]}
RESULT: undefined
COMMAND: POST /session/d1a395b1624be07bc117af6a930c8232/execute/async - {"script":"<script> [776 bytes]","args":[{"enterText":"Test1ETM","selector":{"controlType":"sap.m.Input","viewName":"etm.portal.ui.addressmanagement.view.Master","viewId":"application-addressmanagement-display-component---masterAdm","properties":{"valueState":"None"},"searchOpenDialogs":true,"interaction":{"idSuffix":"inner"}},"clearTextFirst":true,"interactionType":"ENTER_TEXT"}]}
RESULT: {}
RESULT: {"script":"<script> [776 bytes]","args":[{"enterText":"Test1ETM","selector":{"controlType":"sap.m.Input","viewName":"etm.portal.ui.addressmanagement.view.Master","viewId":"application-addressmanagement-display-component---masterAdm","properties":{"valueState":"None"},"searchOpenDialogs":true,"interaction":{"idSuffix":"inner"}},"clearTextFirst":true,"interactionType":"ENTER_TEXT"}]}
COMMAND: POST /session/d1a395b1624be07bc117af6a930c8232/actions - {"actions":[{"id":"action1","type":"key","parameters":{},"actions":[{"type":"keyDown","value":"î€‡"},{"type":"pause","duration":10},{"type":"keyUp","value":"î€‡"}]}]}
RESULT: {"actions":[{"id":"action1","type":"key","parameters":{},"actions":[{"type":"keyDown","value":"î€‡"},{"type":"pause","duration":10},{"type":"keyUp","value":"î€‡"}]}]}
COMMAND: POST /session/d1a395b1624be07bc117af6a930c8232/execute/async - {"script":"<script> [1562 bytes]","args":[{"selector":{"id":"application-addressmanagement-display-component---masterAdm--smartFilterBar-filterItemControl_BASIC-NAME-valueHelpDialog-ok","searchOpenDialogs":true,"interaction":{"idSuffix":"BDI-content"}},"wdio_ui5_key":"applicationaddressmanagement-display-component---masterAdm--smartFilterBar-filterItemControl_BASIC-NAME-valueHelpDialog-ok"}]}
COMMAND: GET /session/d1a395b1624be07bc117af6a930c8232/screenshot - {}
RESULT: {"script":"<script> [1562 bytes]","args":[{"selector":{"id":"application-addressmanagement-display-component---masterAdm--smartFilterBar-filterItemControl_BASIC-NAME-valueHelpDialog-ok","searchOpenDialogs":true,"interaction":{"idSuffix":"BDI-content"}},"wdio_ui5_key":"applicationaddressmanagement-display-component---masterAdm--smartFilterBar-filterItemControl_BASIC-NAME-valueHelpDialog-ok"}]}
RESULT: undefined
COMMAND: POST /session/d1a395b1624be07bc117af6a930c8232/element - {"using":"xpath","value":"//*[@id=\"application-addressmanagement-display-component---masterAdm--smartFilterBar-filterItemControl_BASIC-NAME-valueHelpDialog-ok\"]"}
RESULT: {}
RESULT: {"using":"xpath","value":"//*[@id=\"application-addressmanagement-display-component---masterAdm--smartFilterBar-filterItemControl_BASIC-NAME-valueHelpDialog-ok\"]"}
COMMAND: POST /session/d1a395b1624be07bc117af6a930c8232/element/f.AB5CB7F68D9467DB6E6600E6EA1FB744.d.B0723B4868FEAE3993B95D22E4F24DD2.e.304/click - {}
RESULT: {}
COMMAND: GET /session/d1a395b1624be07bc117af6a930c8232/screenshot - {}
RESULT: {}
COMMAND: POST /session/d1a395b1624be07bc117af6a930c8232/element - {"using":"xpath","value":"(//span[text()=\"Active\"])[1]"}
RESULT: {"using":"xpath","value":"(//span[text()=\"Active\"])[1]"}
COMMAND: POST /session/d1a395b1624be07bc117af6a930c8232/elements - {"using":"xpath","value":"(//span[text()=\"Active\"])[1]"}
RESULT: {"using":"xpath","value":"(//span[text()=\"Active\"])[1]"}
COMMAND: POST /session/d1a395b1624be07bc117af6a930c8232/execute/sync - {"script":"<script> [8489 bytes]","args":[{"element-6066-11e4-a52e-4f735466cecf":"f.AB5CB7F68D9467DB6E6600E6EA1FB744.d.B0723B4868FEAE3993B95D22E4F24DD2.e.319","ELEMENT":"f.AB5CB7F68D9467DB6E6600E6EA1FB744.d.B0723B4868FEAE3993B95D22E4F24DD2.e.319"}]}
RESULT: {"script":"<script> [8489 bytes]","args":[{"element-6066-11e4-a52e-4f735466cecf":"f.AB5CB7F68D9467DB6E6600E6EA1FB744.d.B0723B4868FEAE3993B95D22E4F24DD2.e.319","ELEMENT":"f.AB5CB7F68D9467DB6E6600E6EA1FB744.d.B0723B4868FEAE3993B95D22E4F24DD2.e.319"}]}
COMMAND: POST /session/d1a395b1624be07bc117af6a930c8232/execute/sync - {"script":"<script> [5351 bytes]","args":[{"element-6066-11e4-a52e-4f735466cecf":"f.AB5CB7F68D9467DB6E6600E6EA1FB744.d.B0723B4868FEAE3993B95D22E4F24DD2.e.319","ELEMENT":"f.AB5CB7F68D9467DB6E6600E6EA1FB744.d.B0723B4868FEAE3993B95D22E4F24DD2.e.319"}]}
COMMAND: GET /session/d1a395b1624be07bc117af6a930c8232/screenshot - {}
RESULT: {"script":"<script> [5351 bytes]","args":[{"element-6066-11e4-a52e-4f735466cecf":"f.AB5CB7F68D9467DB6E6600E6EA1FB744.d.B0723B4868FEAE3993B95D22E4F24DD2.e.319","ELEMENT":"f.AB5CB7F68D9467DB6E6600E6EA1FB744.d.B0723B4868FEAE3993B95D22E4F24DD2.e.319"}]}
COMMAND: POST /session/d1a395b1624be07bc117af6a930c8232/element/f.AB5CB7F68D9467DB6E6600E6EA1FB744.d.B0723B4868FEAE3993B95D22E4F24DD2.e.319/click - {}
COMMAND: GET /session/d1a395b1624be07bc117af6a930c8232/screenshot - {}
RESULT: {}
RESULT: {}
COMMAND: POST /session/d1a395b1624be07bc117af6a930c8232/element - {"using":"xpath","value":"//span[@id=\"application-addressmanagement-display-component---detailAdm--addressDetailDetailsName1\"]"}
COMMAND: GET /session/d1a395b1624be07bc117af6a930c8232/screenshot - {}
RESULT: {}
RESULT: {"using":"xpath","value":"//span[@id=\"application-addressmanagement-display-component---detailAdm--addressDetailDetailsName1\"]"}
COMMAND: POST /session/d1a395b1624be07bc117af6a930c8232/execute/sync - {"script":"<script> [8489 bytes]","args":[{"element-6066-11e4-a52e-4f735466cecf":"f.AB5CB7F68D9467DB6E6600E6EA1FB744.d.B0723B4868FEAE3993B95D22E4F24DD2.e.398","ELEMENT":"f.AB5CB7F68D9467DB6E6600E6EA1FB744.d.B0723B4868FEAE3993B95D22E4F24DD2.e.398"}]}
RESULT: {}
RESULT: {"script":"<script> [8489 bytes]","args":[{"element-6066-11e4-a52e-4f735466cecf":"f.AB5CB7F68D9467DB6E6600E6EA1FB744.d.B0723B4868FEAE3993B95D22E4F24DD2.e.398","ELEMENT":"f.AB5CB7F68D9467DB6E6600E6EA1FB744.d.B0723B4868FEAE3993B95D22E4F24DD2.e.398"}]}
]]></system-out>
    </testcase>
    <testcase classname="chrome.135_0_7049_96.windows.Assign_the_user_test_user_id_to_an_address" name="Should edit the title of the created found address" time="11.068">
      <system-out><![CDATA[
COMMAND: GET /session/d1a395b1624be07bc117af6a930c8232/screenshot - {}
COMMAND: POST /session/d1a395b1624be07bc117af6a930c8232/execute/async - {"script":"<script> [1562 bytes]","args":[{"selector":{"controlType":"sap.m.Button","viewName":"etm.portal.ui.addressmanagement.view.Detail","viewId":"application-addressmanagement-display-component---detailAdm","i18NText":{"propertyName":"text","key":"edit"}},"wdio_ui5_key":"etmportal.ui.addressmanagement.view.Detailsap.m.Button{\"propertyName\":\"text\",\"key\":\"edit\"}"}]}
RESULT: {}
RESULT: {"script":"<script> [1562 bytes]","args":[{"selector":{"controlType":"sap.m.Button","viewName":"etm.portal.ui.addressmanagement.view.Detail","viewId":"application-addressmanagement-display-component---detailAdm","i18NText":{"propertyName":"text","key":"edit"}},"wdio_ui5_key":"etmportal.ui.addressmanagement.view.Detailsap.m.Button{\"propertyName\":\"text\",\"key\":\"edit\"}"}]}
RESULT: undefined
COMMAND: POST /session/d1a395b1624be07bc117af6a930c8232/element - {"using":"xpath","value":"//*[@id=\"__button16\"]"}
RESULT: {"using":"xpath","value":"//*[@id=\"__button16\"]"}
COMMAND: POST /session/d1a395b1624be07bc117af6a930c8232/element/f.AB5CB7F68D9467DB6E6600E6EA1FB744.d.B0723B4868FEAE3993B95D22E4F24DD2.e.406/click - {}
RESULT: {}
COMMAND: POST /session/d1a395b1624be07bc117af6a930c8232/execute/async - {"script":"<script> [1562 bytes]","args":[{"selector":{"controlType":"sap.ui.core.Icon","viewName":"etm.portal.ui.addressmanagement.view.EditDetail","properties":{"src":{"regex":{"source":"slim\\-arrow\\-down"}}},"ancestor":{"id":"addressTitle","viewName":"etm.portal.ui.addressmanagement.view.EditDetail"}},"wdio_ui5_key":"etmportal.ui.addressmanagement.view.EditDetailsap.ui.core.Icon{\"src\":{\"regex\":{\"source\":\"slim\\\\-arrow\\\\-down\"}}}{\"id\":\"addressTitle\",\"viewName\":\"etm.portal.ui.addressmanagement.view.EditDetail\"}"}]}
COMMAND: GET /session/d1a395b1624be07bc117af6a930c8232/screenshot - {}
RESULT: {"script":"<script> [1562 bytes]","args":[{"selector":{"controlType":"sap.ui.core.Icon","viewName":"etm.portal.ui.addressmanagement.view.EditDetail","properties":{"src":{"regex":{"source":"slim\\-arrow\\-down"}}},"ancestor":{"id":"addressTitle","viewName":"etm.portal.ui.addressmanagement.view.EditDetail"}},"wdio_ui5_key":"etmportal.ui.addressmanagement.view.EditDetailsap.ui.core.Icon{\"src\":{\"regex\":{\"source\":\"slim\\\\-arrow\\\\-down\"}}}{\"id\":\"addressTitle\",\"viewName\":\"etm.portal.ui.addressmanagement.view.EditDetail\"}"}]}
RESULT: undefined
COMMAND: POST /session/d1a395b1624be07bc117af6a930c8232/element - {"using":"xpath","value":"//*[@id=\"__xmlview58--addressTitle-arrow\"]"}
RESULT: {}
RESULT: {"using":"xpath","value":"//*[@id=\"__xmlview58--addressTitle-arrow\"]"}
COMMAND: POST /session/d1a395b1624be07bc117af6a930c8232/element/f.AB5CB7F68D9467DB6E6600E6EA1FB744.d.B0723B4868FEAE3993B95D22E4F24DD2.e.458/click - {}
RESULT: {}
COMMAND: POST /session/d1a395b1624be07bc117af6a930c8232/execute/async - {"script":"<script> [1562 bytes]","args":[{"selector":{"controlType":"sap.m.StandardListItem","viewName":"etm.portal.ui.addressmanagement.view.EditDetail","properties":{"title":"Dr."},"searchOpenDialogs":true},"wdio_ui5_key":"etmportal.ui.addressmanagement.view.EditDetailsap.m.StandardListItem{\"title\":\"Dr.\"}"}]}
COMMAND: GET /session/d1a395b1624be07bc117af6a930c8232/screenshot - {}
RESULT: {"script":"<script> [1562 bytes]","args":[{"selector":{"controlType":"sap.m.StandardListItem","viewName":"etm.portal.ui.addressmanagement.view.EditDetail","properties":{"title":"Dr."},"searchOpenDialogs":true},"wdio_ui5_key":"etmportal.ui.addressmanagement.view.EditDetailsap.m.StandardListItem{\"title\":\"Dr.\"}"}]}
RESULT: undefined
COMMAND: POST /session/d1a395b1624be07bc117af6a930c8232/element - {"using":"xpath","value":"//*[@id=\"__item229\"]"}
RESULT: {}
RESULT: {"using":"xpath","value":"//*[@id=\"__item229\"]"}
COMMAND: POST /session/d1a395b1624be07bc117af6a930c8232/element/f.AB5CB7F68D9467DB6E6600E6EA1FB744.d.B0723B4868FEAE3993B95D22E4F24DD2.e.459/click - {}
RESULT: {}
COMMAND: POST /session/d1a395b1624be07bc117af6a930c8232/execute/async - {"script":"<script> [1562 bytes]","args":[{"selector":{"controlType":"sap.m.Button","viewName":"etm.portal.ui.addressmanagement.view.EditDetail","i18NText":{"propertyName":"text","key":"save"}},"wdio_ui5_key":"etmportal.ui.addressmanagement.view.EditDetailsap.m.Button{\"propertyName\":\"text\",\"key\":\"save\"}"}]}
COMMAND: GET /session/d1a395b1624be07bc117af6a930c8232/screenshot - {}
RESULT: {"script":"<script> [1562 bytes]","args":[{"selector":{"controlType":"sap.m.Button","viewName":"etm.portal.ui.addressmanagement.view.EditDetail","i18NText":{"propertyName":"text","key":"save"}},"wdio_ui5_key":"etmportal.ui.addressmanagement.view.EditDetailsap.m.Button{\"propertyName\":\"text\",\"key\":\"save\"}"}]}
RESULT: undefined
COMMAND: POST /session/d1a395b1624be07bc117af6a930c8232/element - {"using":"xpath","value":"//*[@id=\"__button39\"]"}
RESULT: {}
RESULT: {"using":"xpath","value":"//*[@id=\"__button39\"]"}
COMMAND: POST /session/d1a395b1624be07bc117af6a930c8232/element/f.AB5CB7F68D9467DB6E6600E6EA1FB744.d.B0723B4868FEAE3993B95D22E4F24DD2.e.460/click - {}
RESULT: {}
COMMAND: GET /session/d1a395b1624be07bc117af6a930c8232/screenshot - {}
RESULT: {}
COMMAND: POST /session/d1a395b1624be07bc117af6a930c8232/element - {"using":"xpath","value":"//span[@id=\"application-addressmanagement-display-component---detailAdm--addressTitle\"]"}
RESULT: {"using":"xpath","value":"//span[@id=\"application-addressmanagement-display-component---detailAdm--addressTitle\"]"}
COMMAND: GET /session/d1a395b1624be07bc117af6a930c8232/element/f.AB5CB7F68D9467DB6E6600E6EA1FB744.d.B0723B4868FEAE3993B95D22E4F24DD2.e.471/text - {}
RESULT: {}
COMMAND: POST /session/d1a395b1624be07bc117af6a930c8232/element - {"using":"xpath","value":"//span[@id=\"application-addressmanagement-display-component---detailAdm--addressDetailDetailsName1\"]"}
RESULT: {"using":"xpath","value":"//span[@id=\"application-addressmanagement-display-component---detailAdm--addressDetailDetailsName1\"]"}
COMMAND: GET /session/d1a395b1624be07bc117af6a930c8232/element/f.AB5CB7F68D9467DB6E6600E6EA1FB744.d.B0723B4868FEAE3993B95D22E4F24DD2.e.398/text - {}
RESULT: {}
COMMAND: POST /session/d1a395b1624be07bc117af6a930c8232/refresh - {}
RESULT: {}
COMMAND: GET /session/d1a395b1624be07bc117af6a930c8232/screenshot - {}
RESULT: {}
COMMAND: POST /session/d1a395b1624be07bc117af6a930c8232/refresh - {}
RESULT: {}
COMMAND: GET /session/d1a395b1624be07bc117af6a930c8232/screenshot - {}
RESULT: {}
COMMAND: POST /session/d1a395b1624be07bc117af6a930c8232/window/fullscreen - {}
RESULT: {}
COMMAND: POST /session/d1a395b1624be07bc117af6a930c8232/execute/async - {"script":"<script> [189 bytes]","args":[]}
RESULT: {"script":"<script> [189 bytes]","args":[]}
COMMAND: POST /session/d1a395b1624be07bc117af6a930c8232/execute/async - {"script":"<script> [123 bytes]","args":[]}
RESULT: {"script":"<script> [123 bytes]","args":[]}
COMMAND: POST /session/d1a395b1624be07bc117af6a930c8232/timeouts - {"script":"<number>"}
RESULT: {"script":"<number>"}
COMMAND: GET /session/d1a395b1624be07bc117af6a930c8232/timeouts - {}
RESULT: {}
RESULT: undefined
COMMAND: POST /session/d1a395b1624be07bc117af6a930c8232/execute/async - {"script":"<script> [2676 bytes]","args":[]}
RESULT: {"script":"<script> [2676 bytes]","args":[]}
COMMAND: POST /session/d1a395b1624be07bc117af6a930c8232/execute/async - {"script":"<script> [2342 bytes]","args":[{"protocol":"http","hostname":"0.0.0.0","path":"/","capabilities":{"browserName":"chrome","goog:chromeOptions":{"binary":"C:\\Program Files\\Google\\Chrome\\Application\\chrome.exe","args":["--start-maximized"]}},"logLevel":"warn","connectionRetryTimeout":120000,"connectionRetryCount":3,"logLevels":{},"enableDirectConnect":true,"strictSSL":true,"_":"65 more keys: [\"cacheDir\",\"port\",\"requestedCapabilities\",\"automationProtocol\",\"baseUrl\",\"waitforInterval\",\"waitforTimeout\",\"onReload\",\"beforeCommand\",\"afterCommand\",\"rootDir\",\"specs\",\"suites\",\"exclude\",\"groupLogsByTestSpec\",\"excludeDriverLogs\",\"bail\",\"framework\",\"reporters\",\"services\",\"maxInstances\",\"maxInstancesPerCapability\",\"injectGlobals\",\"filesToWatch\",\"execArgv\",\"runnerEnv\",\"runner\",\"shard\",\"specFileRetries\",\"specFileRetriesDelay\",\"specFileRetriesDeferred\",\"reporterSyncInterval\",\"reporterSyncTimeout\",\"cucumberFeaturesWithLineNumbers\",\"autoCompileOpts\",\"mochaOpts\",\"jasmineOpts\",\"cucumberOpts\",\"onPrepare\",\"onWorkerStart\",\"onWorkerEnd\",\"before\",\"beforeSession\",\"beforeSuite\",\"beforeHook\",\"beforeTest\",\"afterTest\",\"afterHook\",\"afterSuite\",\"afterSession\",\"after\",\"onComplete\",\"beforeAssertion\",\"afterAssertion\",\"beforeFeature\",\"beforeScenario\",\"beforeStep\",\"afterStep\",\"afterScenario\",\"afterFeature\",\"_\",\"suite\",\"$0\",\"ignoredWorkerServices\",\"wdi5\"]"}]}
RESULT: {"script":"<script> [2342 bytes]","args":[{"protocol":"http","hostname":"0.0.0.0","path":"/","capabilities":{"browserName":"chrome","goog:chromeOptions":{"binary":"C:\\Program Files\\Google\\Chrome\\Application\\chrome.exe","args":["--start-maximized"]}},"logLevel":"warn","connectionRetryTimeout":120000,"connectionRetryCount":3,"logLevels":{},"enableDirectConnect":true,"strictSSL":true,"_":"65 more keys: [\"cacheDir\",\"port\",\"requestedCapabilities\",\"automationProtocol\",\"baseUrl\",\"waitforInterval\",\"waitforTimeout\",\"onReload\",\"beforeCommand\",\"afterCommand\",\"rootDir\",\"specs\",\"suites\",\"exclude\",\"groupLogsByTestSpec\",\"excludeDriverLogs\",\"bail\",\"framework\",\"reporters\",\"services\",\"maxInstances\",\"maxInstancesPerCapability\",\"injectGlobals\",\"filesToWatch\",\"execArgv\",\"runnerEnv\",\"runner\",\"shard\",\"specFileRetries\",\"specFileRetriesDelay\",\"specFileRetriesDeferred\",\"reporterSyncInterval\",\"reporterSyncTimeout\",\"cucumberFeaturesWithLineNumbers\",\"autoCompileOpts\",\"mochaOpts\",\"jasmineOpts\",\"cucumberOpts\",\"onPrepare\",\"onWorkerStart\",\"onWorkerEnd\",\"before\",\"beforeSession\",\"beforeSuite\",\"beforeHook\",\"beforeTest\",\"afterTest\",\"afterHook\",\"afterSuite\",\"afterSession\",\"after\",\"onComplete\",\"beforeAssertion\",\"afterAssertion\",\"beforeFeature\",\"beforeScenario\",\"beforeStep\",\"afterStep\",\"afterScenario\",\"afterFeature\",\"_\",\"suite\",\"$0\",\"ignoredWorkerServices\",\"wdi5\"]"}]}
COMMAND: POST /session/d1a395b1624be07bc117af6a930c8232/execute/async - {"script":"<script> [21126 bytes]","args":[35000]}
RESULT: {"script":"<script> [21126 bytes]","args":[35000]}
COMMAND: POST /session/d1a395b1624be07bc117af6a930c8232/element - {"using":"css selector","value":"#shell-header-logo"}
RESULT: {"using":"css selector","value":"#shell-header-logo"}
COMMAND: POST /session/d1a395b1624be07bc117af6a930c8232/element/f.AB5CB7F68D9467DB6E6600E6EA1FB744.d.41AC394BC1387F8DDB725D963DA38382.e.484/click - {}
RESULT: {}
COMMAND: GET /session/d1a395b1624be07bc117af6a930c8232/screenshot - {}
RESULT: {}
COMMAND: POST /session/d1a395b1624be07bc117af6a930c8232/execute/async - {"script":"<script> [1562 bytes]","args":[{"selector":{"controlType":"sap.m.GenericTile","properties":{"header":"Manage Yards"}},"wdio_ui5_key":"sapm.GenericTile{\"header\":\"Manage Yards\"}"}]}
RESULT: {"script":"<script> [1562 bytes]","args":[{"selector":{"controlType":"sap.m.GenericTile","properties":{"header":"Manage Yards"}},"wdio_ui5_key":"sapm.GenericTile{\"header\":\"Manage Yards\"}"}]}
RESULT: undefined
COMMAND: POST /session/d1a395b1624be07bc117af6a930c8232/element - {"using":"xpath","value":"//*[@id=\"__tile52\"]"}
RESULT: {"using":"xpath","value":"//*[@id=\"__tile52\"]"}
COMMAND: POST /session/d1a395b1624be07bc117af6a930c8232/element/f.AB5CB7F68D9467DB6E6600E6EA1FB744.d.41AC394BC1387F8DDB725D963DA38382.e.725/click - {}
RESULT: {}
]]></system-out>
    </testcase>
  </testsuite>
  <testsuite timestamp="2025-04-25T15:23:08" time="239.488" tests="2" failures="0" errors="0" skipped="0">
    <properties>
      <property name="specId" value="0" />
      <property name="suiteName" value="Create 2 Yards US112496" />
      <property name="capabilities" value="chrome.135_0_7049_96.windows" />
      <property name="file" value="file:///D:/a/1/s/test/specs/R2C/create-yard.spec.js" />
    </properties>
    <testcase classname="chrome.135_0_7049_96.windows.Create_2_Yards_US112496" name="Should create a new simple yard" time="115.2">
      <system-out><![CDATA[
COMMAND: GET /session/d1a395b1624be07bc117af6a930c8232/screenshot - {}
RESULT: {}
COMMAND: POST /session/d1a395b1624be07bc117af6a930c8232/execute/async - {"script":"<script> [1562 bytes]","args":[{"selector":{"controlType":"sap.ui.core.Icon","viewName":"etm.portal.ui.manageyards.view.Master","viewId":"application-manageyards-display-component---masterYard","properties":{"src":{"regex":{"source":"add"}}}},"wdio_ui5_key":"etmportal.ui.manageyards.view.Mastersap.ui.core.Icon{\"src\":{\"regex\":{\"source\":\"add\"}}}"}]}
RESULT: {"script":"<script> [1562 bytes]","args":[{"selector":{"controlType":"sap.ui.core.Icon","viewName":"etm.portal.ui.manageyards.view.Master","viewId":"application-manageyards-display-component---masterYard","properties":{"src":{"regex":{"source":"add"}}}},"wdio_ui5_key":"etmportal.ui.manageyards.view.Mastersap.ui.core.Icon{\"src\":{\"regex\":{\"source\":\"add\"}}}"}]}
RESULT: undefined
COMMAND: POST /session/d1a395b1624be07bc117af6a930c8232/element - {"using":"xpath","value":"//*[@id=\"__button25-img\"]"}
RESULT: {"using":"xpath","value":"//*[@id=\"__button25-img\"]"}
COMMAND: POST /session/d1a395b1624be07bc117af6a930c8232/element/f.AB5CB7F68D9467DB6E6600E6EA1FB744.d.41AC394BC1387F8DDB725D963DA38382.e.772/click - {}
RESULT: {}
COMMAND: GET /session/d1a395b1624be07bc117af6a930c8232/screenshot - {}
RESULT: {}
COMMAND: POST /session/d1a395b1624be07bc117af6a930c8232/execute/async - {"script":"<script> [1562 bytes]","args":[{"selector":{"id":"application-manageyards-display-component---NewYard--yardId","interaction":{"idSuffix":"inner"}},"wdio_ui5_key":"applicationmanageyards-display-component---NewYard--yardId"}]}
RESULT: {"script":"<script> [1562 bytes]","args":[{"selector":{"id":"application-manageyards-display-component---NewYard--yardId","interaction":{"idSuffix":"inner"}},"wdio_ui5_key":"applicationmanageyards-display-component---NewYard--yardId"}]}
RESULT: undefined
COMMAND: POST /session/d1a395b1624be07bc117af6a930c8232/element - {"using":"xpath","value":"//*[@id=\"application-manageyards-display-component---NewYard--addressDetailDetailsName1-inner\"]"}
RESULT: {"using":"xpath","value":"//*[@id=\"application-manageyards-display-component---NewYard--addressDetailDetailsName1-inner\"]"}
COMMAND: POST /session/d1a395b1624be07bc117af6a930c8232/element/f.AB5CB7F68D9467DB6E6600E6EA1FB744.d.41AC394BC1387F8DDB725D963DA38382.e.995/clear - {}
RESULT: {}
COMMAND: POST /session/d1a395b1624be07bc117af6a930c8232/element/f.AB5CB7F68D9467DB6E6600E6EA1FB744.d.41AC394BC1387F8DDB725D963DA38382.e.995/value - {"text":"Webdriver Yard xrpt1"}
COMMAND: GET /session/d1a395b1624be07bc117af6a930c8232/screenshot - {}
RESULT: {"text":"Webdriver Yard xrpt1"}
COMMAND: POST /session/d1a395b1624be07bc117af6a930c8232/element - {"using":"xpath","value":"//*[@id=\"application-manageyards-display-component---NewYard--addressDetailDetailsLanguage-inner\"]"}
COMMAND: GET /session/d1a395b1624be07bc117af6a930c8232/screenshot - {}
RESULT: {}
RESULT: {"using":"xpath","value":"//*[@id=\"application-manageyards-display-component---NewYard--addressDetailDetailsLanguage-inner\"]"}
COMMAND: POST /session/d1a395b1624be07bc117af6a930c8232/element/f.AB5CB7F68D9467DB6E6600E6EA1FB744.d.41AC394BC1387F8DDB725D963DA38382.e.996/clear - {}
RESULT: {}
RESULT: {}
COMMAND: POST /session/d1a395b1624be07bc117af6a930c8232/element/f.AB5CB7F68D9467DB6E6600E6EA1FB744.d.41AC394BC1387F8DDB725D963DA38382.e.996/value - {"text":"Romanian"}
COMMAND: GET /session/d1a395b1624be07bc117af6a930c8232/screenshot - {}
RESULT: {"text":"Romanian"}
COMMAND: GET /session/d1a395b1624be07bc117af6a930c8232/screenshot - {}
RESULT: {}
RESULT: {}
COMMAND: POST /session/d1a395b1624be07bc117af6a930c8232/element - {"using":"xpath","value":"//*[@id=\"application-manageyards-display-component---NewYard--addressDetailDetailsCity1-inner\"]"}
RESULT: {"using":"xpath","value":"//*[@id=\"application-manageyards-display-component---NewYard--addressDetailDetailsCity1-inner\"]"}
COMMAND: POST /session/d1a395b1624be07bc117af6a930c8232/element/f.AB5CB7F68D9467DB6E6600E6EA1FB744.d.41AC394BC1387F8DDB725D963DA38382.e.998/clear - {}
RESULT: {}
COMMAND: POST /session/d1a395b1624be07bc117af6a930c8232/element/f.AB5CB7F68D9467DB6E6600E6EA1FB744.d.41AC394BC1387F8DDB725D963DA38382.e.998/value - {"text":"Bucuresti"}
COMMAND: GET /session/d1a395b1624be07bc117af6a930c8232/screenshot - {}
RESULT: {"text":"Bucuresti"}
COMMAND: GET /session/d1a395b1624be07bc117af6a930c8232/screenshot - {}
RESULT: {}
RESULT: {}
COMMAND: POST /session/d1a395b1624be07bc117af6a930c8232/element - {"using":"xpath","value":"//*[@id=\"application-manageyards-display-component---NewYard--addressDetailDetailsCountry-inner\"]"}
RESULT: {"using":"xpath","value":"//*[@id=\"application-manageyards-display-component---NewYard--addressDetailDetailsCountry-inner\"]"}
COMMAND: POST /session/d1a395b1624be07bc117af6a930c8232/element/f.AB5CB7F68D9467DB6E6600E6EA1FB744.d.41AC394BC1387F8DDB725D963DA38382.e.1002/clear - {}
RESULT: {}
COMMAND: POST /session/d1a395b1624be07bc117af6a930c8232/element/f.AB5CB7F68D9467DB6E6600E6EA1FB744.d.41AC394BC1387F8DDB725D963DA38382.e.1002/value - {"text":"Romania"}
COMMAND: GET /session/d1a395b1624be07bc117af6a930c8232/screenshot - {}
RESULT: {"text":"Romania"}
COMMAND: GET /session/d1a395b1624be07bc117af6a930c8232/screenshot - {}
RESULT: {}
COMMAND: POST /session/d1a395b1624be07bc117af6a930c8232/element - {"using":"xpath","value":"//div[contains(text(), \"Commercial\")]"}
RESULT: {}
RESULT: {"using":"xpath","value":"//div[contains(text(), \"Commercial\")]"}
COMMAND: GET /session/d1a395b1624be07bc117af6a930c8232/element/f.AB5CB7F68D9467DB6E6600E6EA1FB744.d.41AC394BC1387F8DDB725D963DA38382.e.1194/rect - {}
RESULT: {}
COMMAND: GET /session/d1a395b1624be07bc117af6a930c8232/window/rect - {}
RESULT: {}
COMMAND: POST /session/d1a395b1624be07bc117af6a930c8232/execute/sync - {"script":"<script> [92 bytes]","args":[]}
RESULT: {"script":"<script> [92 bytes]","args":[]}
COMMAND: POST /session/d1a395b1624be07bc117af6a930c8232/actions - {"actions":[{"id":"action2","type":"wheel","parameters":{},"actions":[{"type":"scroll","x":-1825,"y":-44,"deltaX":0,"deltaY":0,"duration":0,"origin":{"element-6066-11e4-a52e-4f735466cecf":"f.AB5CB7F68D9467DB6E6600E6EA1FB744.d.41AC394BC1387F8DDB725D963DA38382.e.1194"}}]}]}
COMMAND: GET /session/d1a395b1624be07bc117af6a930c8232/screenshot - {}
RESULT: {}
COMMAND: POST /session/d1a395b1624be07bc117af6a930c8232/execute/sync - {"script":"<script> [79 bytes]","args":[{"element-6066-11e4-a52e-4f735466cecf":"f.AB5CB7F68D9467DB6E6600E6EA1FB744.d.41AC394BC1387F8DDB725D963DA38382.e.1194","ELEMENT":"f.AB5CB7F68D9467DB6E6600E6EA1FB744.d.41AC394BC1387F8DDB725D963DA38382.e.1194"},{"block":"start","inline":"nearest"}]}
RESULT: {"script":"<script> [79 bytes]","args":[{"element-6066-11e4-a52e-4f735466cecf":"f.AB5CB7F68D9467DB6E6600E6EA1FB744.d.41AC394BC1387F8DDB725D963DA38382.e.1194","ELEMENT":"f.AB5CB7F68D9467DB6E6600E6EA1FB744.d.41AC394BC1387F8DDB725D963DA38382.e.1194"},{"block":"start","inline":"nearest"}]}
COMMAND: GET /session/d1a395b1624be07bc117af6a930c8232/screenshot - {}
RESULT: {}
COMMAND: POST /session/d1a395b1624be07bc117af6a930c8232/element - {"using":"xpath","value":"//input[@id='application-manageyards-display-component---NewYard--addressEditDetailsCostObjectCstType-inner']"}
RESULT: {"using":"xpath","value":"//input[@id='application-manageyards-display-component---NewYard--addressEditDetailsCostObjectCstType-inner']"}
COMMAND: POST /session/d1a395b1624be07bc117af6a930c8232/execute/sync - {"script":"<script> [8489 bytes]","args":[{"element-6066-11e4-a52e-4f735466cecf":"f.AB5CB7F68D9467DB6E6600E6EA1FB744.d.41AC394BC1387F8DDB725D963DA38382.e.1008","ELEMENT":"f.AB5CB7F68D9467DB6E6600E6EA1FB744.d.41AC394BC1387F8DDB725D963DA38382.e.1008"}]}
RESULT: {"script":"<script> [8489 bytes]","args":[{"element-6066-11e4-a52e-4f735466cecf":"f.AB5CB7F68D9467DB6E6600E6EA1FB744.d.41AC394BC1387F8DDB725D963DA38382.e.1008","ELEMENT":"f.AB5CB7F68D9467DB6E6600E6EA1FB744.d.41AC394BC1387F8DDB725D963DA38382.e.1008"}]}
COMMAND: POST /session/d1a395b1624be07bc117af6a930c8232/element/f.AB5CB7F68D9467DB6E6600E6EA1FB744.d.41AC394BC1387F8DDB725D963DA38382.e.1008/clear - {}
COMMAND: GET /session/d1a395b1624be07bc117af6a930c8232/screenshot - {}
RESULT: {}
COMMAND: POST /session/d1a395b1624be07bc117af6a930c8232/element/f.AB5CB7F68D9467DB6E6600E6EA1FB744.d.41AC394BC1387F8DDB725D963DA38382.e.1008/value - {"text":"Cost"}
COMMAND: GET /session/d1a395b1624be07bc117af6a930c8232/screenshot - {}
RESULT: {}
RESULT: {"text":"Cost"}
COMMAND: GET /session/d1a395b1624be07bc117af6a930c8232/screenshot - {}
RESULT: {}
RESULT: {}
COMMAND: POST /session/d1a395b1624be07bc117af6a930c8232/execute/async - {"script":"<script> [1562 bytes]","args":[{"selector":{"id":"application-manageyards-display-component---NewYard--addressNewCostObjectCstID","interaction":{"idSuffix":"inner"}},"wdio_ui5_key":"applicationmanageyards-display-component---NewYard--addressNewCostObjectCstID"}]}
RESULT: {"script":"<script> [1562 bytes]","args":[{"selector":{"id":"application-manageyards-display-component---NewYard--addressNewCostObjectCstID","interaction":{"idSuffix":"inner"}},"wdio_ui5_key":"applicationmanageyards-display-component---NewYard--addressNewCostObjectCstID"}]}
RESULT: undefined
COMMAND: POST /session/d1a395b1624be07bc117af6a930c8232/execute/async - {"script":"<script> [776 bytes]","args":[{"enterText":"10001013","selector":{"id":"application-manageyards-display-component---NewYard--addressNewCostObjectCstID","interaction":{"idSuffix":"inner"}},"clearTextFirst":true,"interactionType":"ENTER_TEXT"}]}
RESULT: {"script":"<script> [776 bytes]","args":[{"enterText":"10001013","selector":{"id":"application-manageyards-display-component---NewYard--addressNewCostObjectCstID","interaction":{"idSuffix":"inner"}},"clearTextFirst":true,"interactionType":"ENTER_TEXT"}]}
COMMAND: POST /session/d1a395b1624be07bc117af6a930c8232/actions - {"actions":[{"id":"action3","type":"key","parameters":{},"actions":[{"type":"keyDown","value":"î€‡"},{"type":"pause","duration":10},{"type":"keyUp","value":"î€‡"}]}]}
RESULT: {"actions":[{"id":"action3","type":"key","parameters":{},"actions":[{"type":"keyDown","value":"î€‡"},{"type":"pause","duration":10},{"type":"keyUp","value":"î€‡"}]}]}
COMMAND: GET /session/d1a395b1624be07bc117af6a930c8232/screenshot - {}
RESULT: {}
COMMAND: POST /session/d1a395b1624be07bc117af6a930c8232/execute/async - {"script":"<script> [1562 bytes]","args":[{"selector":{"controlType":"sap.m.Button","viewName":"etm.portal.ui.manageyards.view.New","viewId":"application-manageyards-display-component---NewYard","i18NText":{"propertyName":"text","key":"save"},"interaction":{"idSuffix":"inner"}},"wdio_ui5_key":"etmportal.ui.manageyards.view.Newsap.m.Button{\"propertyName\":\"text\",\"key\":\"save\"}"}]}
RESULT: {"script":"<script> [1562 bytes]","args":[{"selector":{"controlType":"sap.m.Button","viewName":"etm.portal.ui.manageyards.view.New","viewId":"application-manageyards-display-component---NewYard","i18NText":{"propertyName":"text","key":"save"},"interaction":{"idSuffix":"inner"}},"wdio_ui5_key":"etmportal.ui.manageyards.view.Newsap.m.Button{\"propertyName\":\"text\",\"key\":\"save\"}"}]}
RESULT: undefined
COMMAND: POST /session/d1a395b1624be07bc117af6a930c8232/element - {"using":"xpath","value":"//*[@id=\"__button39\"]"}
RESULT: {"using":"xpath","value":"//*[@id=\"__button39\"]"}
COMMAND: POST /session/d1a395b1624be07bc117af6a930c8232/element/f.AB5CB7F68D9467DB6E6600E6EA1FB744.d.41AC394BC1387F8DDB725D963DA38382.e.1175/click - {}
RESULT: {}
COMMAND: GET /session/d1a395b1624be07bc117af6a930c8232/screenshot - {}
RESULT: {}
COMMAND: POST /session/d1a395b1624be07bc117af6a930c8232/element - {"using":"xpath","value":"//header/div/div/div/div/div/div[2]/div/span"}
RESULT: {"using":"xpath","value":"//header/div/div/div/div/div/div[2]/div/span"}
COMMAND: GET /session/d1a395b1624be07bc117af6a930c8232/element/f.AB5CB7F68D9467DB6E6600E6EA1FB744.d.41AC394BC1387F8DDB725D963DA38382.e.1415/text - {}
RESULT: {}
COMMAND: POST /session/d1a395b1624be07bc117af6a930c8232/element - {"using":"xpath","value":"//header/div/div[2]/div[2]/span"}
RESULT: {"using":"xpath","value":"//header/div/div[2]/div[2]/span"}
COMMAND: GET /session/d1a395b1624be07bc117af6a930c8232/element/f.AB5CB7F68D9467DB6E6600E6EA1FB744.d.41AC394BC1387F8DDB725D963DA38382.e.1416/text - {}
RESULT: {}
COMMAND: POST /session/d1a395b1624be07bc117af6a930c8232/execute/async - {"script":"<script> [1562 bytes]","args":[{"selector":{"controlType":"sap.m.OverflowToolbarButton","viewName":"etm.portal.ui.manageyards.view.Detail","viewId":"application-manageyards-display-component---detailYard","i18NText":{"propertyName":"tooltip","key":"closeColumn"},"interaction":{"idSuffix":"inner"}},"wdio_ui5_key":"etmportal.ui.manageyards.view.Detailsap.m.OverflowToolbarButton{\"propertyName\":\"tooltip\",\"key\":\"closeColumn\"}"}]}
RESULT: {"script":"<script> [1562 bytes]","args":[{"selector":{"controlType":"sap.m.OverflowToolbarButton","viewName":"etm.portal.ui.manageyards.view.Detail","viewId":"application-manageyards-display-component---detailYard","i18NText":{"propertyName":"tooltip","key":"closeColumn"},"interaction":{"idSuffix":"inner"}},"wdio_ui5_key":"etmportal.ui.manageyards.view.Detailsap.m.OverflowToolbarButton{\"propertyName\":\"tooltip\",\"key\":\"closeColumn\"}"}]}
RESULT: undefined
COMMAND: POST /session/d1a395b1624be07bc117af6a930c8232/element - {"using":"xpath","value":"//*[@id=\"__button62\"]"}
RESULT: {"using":"xpath","value":"//*[@id=\"__button62\"]"}
COMMAND: POST /session/d1a395b1624be07bc117af6a930c8232/element/f.AB5CB7F68D9467DB6E6600E6EA1FB744.d.41AC394BC1387F8DDB725D963DA38382.e.1418/click - {}
RESULT: {}
COMMAND: POST /session/d1a395b1624be07bc117af6a930c8232/refresh - {}
COMMAND: GET /session/d1a395b1624be07bc117af6a930c8232/screenshot - {}
RESULT: {}
COMMAND: GET /session/d1a395b1624be07bc117af6a930c8232/screenshot - {}
RESULT: {}
RESULT: {}
COMMAND: POST /session/d1a395b1624be07bc117af6a930c8232/refresh - {}
RESULT: {}
COMMAND: GET /session/d1a395b1624be07bc117af6a930c8232/screenshot - {}
RESULT: {}
COMMAND: POST /session/d1a395b1624be07bc117af6a930c8232/window/fullscreen - {}
RESULT: {}
COMMAND: POST /session/d1a395b1624be07bc117af6a930c8232/execute/async - {"script":"<script> [189 bytes]","args":[]}
RESULT: {"script":"<script> [189 bytes]","args":[]}
COMMAND: POST /session/d1a395b1624be07bc117af6a930c8232/execute/async - {"script":"<script> [123 bytes]","args":[]}
RESULT: {"script":"<script> [123 bytes]","args":[]}
COMMAND: POST /session/d1a395b1624be07bc117af6a930c8232/timeouts - {"script":"<number>"}
RESULT: {"script":"<number>"}
COMMAND: GET /session/d1a395b1624be07bc117af6a930c8232/timeouts - {}
RESULT: {}
RESULT: undefined
COMMAND: POST /session/d1a395b1624be07bc117af6a930c8232/execute/async - {"script":"<script> [2676 bytes]","args":[]}
RESULT: {"script":"<script> [2676 bytes]","args":[]}
COMMAND: POST /session/d1a395b1624be07bc117af6a930c8232/execute/async - {"script":"<script> [2342 bytes]","args":[{"protocol":"http","hostname":"0.0.0.0","path":"/","capabilities":{"browserName":"chrome","goog:chromeOptions":{"binary":"C:\\Program Files\\Google\\Chrome\\Application\\chrome.exe","args":["--start-maximized"]}},"logLevel":"warn","connectionRetryTimeout":120000,"connectionRetryCount":3,"logLevels":{},"enableDirectConnect":true,"strictSSL":true,"_":"65 more keys: [\"cacheDir\",\"port\",\"requestedCapabilities\",\"automationProtocol\",\"baseUrl\",\"waitforInterval\",\"waitforTimeout\",\"onReload\",\"beforeCommand\",\"afterCommand\",\"rootDir\",\"specs\",\"suites\",\"exclude\",\"groupLogsByTestSpec\",\"excludeDriverLogs\",\"bail\",\"framework\",\"reporters\",\"services\",\"maxInstances\",\"maxInstancesPerCapability\",\"injectGlobals\",\"filesToWatch\",\"execArgv\",\"runnerEnv\",\"runner\",\"shard\",\"specFileRetries\",\"specFileRetriesDelay\",\"specFileRetriesDeferred\",\"reporterSyncInterval\",\"reporterSyncTimeout\",\"cucumberFeaturesWithLineNumbers\",\"autoCompileOpts\",\"mochaOpts\",\"jasmineOpts\",\"cucumberOpts\",\"onPrepare\",\"onWorkerStart\",\"onWorkerEnd\",\"before\",\"beforeSession\",\"beforeSuite\",\"beforeHook\",\"beforeTest\",\"afterTest\",\"afterHook\",\"afterSuite\",\"afterSession\",\"after\",\"onComplete\",\"beforeAssertion\",\"afterAssertion\",\"beforeFeature\",\"beforeScenario\",\"beforeStep\",\"afterStep\",\"afterScenario\",\"afterFeature\",\"_\",\"suite\",\"$0\",\"ignoredWorkerServices\",\"wdi5\"]"}]}
RESULT: {"script":"<script> [2342 bytes]","args":[{"protocol":"http","hostname":"0.0.0.0","path":"/","capabilities":{"browserName":"chrome","goog:chromeOptions":{"binary":"C:\\Program Files\\Google\\Chrome\\Application\\chrome.exe","args":["--start-maximized"]}},"logLevel":"warn","connectionRetryTimeout":120000,"connectionRetryCount":3,"logLevels":{},"enableDirectConnect":true,"strictSSL":true,"_":"65 more keys: [\"cacheDir\",\"port\",\"requestedCapabilities\",\"automationProtocol\",\"baseUrl\",\"waitforInterval\",\"waitforTimeout\",\"onReload\",\"beforeCommand\",\"afterCommand\",\"rootDir\",\"specs\",\"suites\",\"exclude\",\"groupLogsByTestSpec\",\"excludeDriverLogs\",\"bail\",\"framework\",\"reporters\",\"services\",\"maxInstances\",\"maxInstancesPerCapability\",\"injectGlobals\",\"filesToWatch\",\"execArgv\",\"runnerEnv\",\"runner\",\"shard\",\"specFileRetries\",\"specFileRetriesDelay\",\"specFileRetriesDeferred\",\"reporterSyncInterval\",\"reporterSyncTimeout\",\"cucumberFeaturesWithLineNumbers\",\"autoCompileOpts\",\"mochaOpts\",\"jasmineOpts\",\"cucumberOpts\",\"onPrepare\",\"onWorkerStart\",\"onWorkerEnd\",\"before\",\"beforeSession\",\"beforeSuite\",\"beforeHook\",\"beforeTest\",\"afterTest\",\"afterHook\",\"afterSuite\",\"afterSession\",\"after\",\"onComplete\",\"beforeAssertion\",\"afterAssertion\",\"beforeFeature\",\"beforeScenario\",\"beforeStep\",\"afterStep\",\"afterScenario\",\"afterFeature\",\"_\",\"suite\",\"$0\",\"ignoredWorkerServices\",\"wdi5\"]"}]}
COMMAND: POST /session/d1a395b1624be07bc117af6a930c8232/execute/async - {"script":"<script> [21126 bytes]","args":[35000]}
RESULT: {"script":"<script> [21126 bytes]","args":[35000]}
]]></system-out>
    </testcase>
    <testcase classname="chrome.135_0_7049_96.windows.Create_2_Yards_US112496" name="Should create a WHM yard" time="67.029">
      <system-out><![CDATA[
COMMAND: POST /session/d1a395b1624be07bc117af6a930c8232/execute/async - {"script":"<script> [1562 bytes]","args":[{"selector":{"controlType":"sap.ui.core.Icon","viewName":"etm.portal.ui.manageyards.view.Master","viewId":"application-manageyards-display-component---masterYard","properties":{"src":{"regex":{"source":"add"}}}},"wdio_ui5_key":"etmportal.ui.manageyards.view.Mastersap.ui.core.Icon{\"src\":{\"regex\":{\"source\":\"add\"}}}"}]}
RESULT: {"script":"<script> [1562 bytes]","args":[{"selector":{"controlType":"sap.ui.core.Icon","viewName":"etm.portal.ui.manageyards.view.Master","viewId":"application-manageyards-display-component---masterYard","properties":{"src":{"regex":{"source":"add"}}}},"wdio_ui5_key":"etmportal.ui.manageyards.view.Mastersap.ui.core.Icon{\"src\":{\"regex\":{\"source\":\"add\"}}}"}]}
RESULT: undefined
COMMAND: POST /session/d1a395b1624be07bc117af6a930c8232/element - {"using":"xpath","value":"//*[@id=\"__button9-img\"]"}
RESULT: {"using":"xpath","value":"//*[@id=\"__button9-img\"]"}
COMMAND: POST /session/d1a395b1624be07bc117af6a930c8232/element/f.AB5CB7F68D9467DB6E6600E6EA1FB744.d.1EB0BE00CA856EB26DDD0A4D118017F0.e.1882/click - {}
RESULT: {}
COMMAND: GET /session/d1a395b1624be07bc117af6a930c8232/screenshot - {}
RESULT: {}
COMMAND: POST /session/d1a395b1624be07bc117af6a930c8232/execute/async - {"script":"<script> [1562 bytes]","args":[{"selector":{"id":"application-manageyards-display-component---NewYard--yardId","interaction":{"idSuffix":"inner"}},"wdio_ui5_key":"applicationmanageyards-display-component---NewYard--yardId"}]}
RESULT: {"script":"<script> [1562 bytes]","args":[{"selector":{"id":"application-manageyards-display-component---NewYard--yardId","interaction":{"idSuffix":"inner"}},"wdio_ui5_key":"applicationmanageyards-display-component---NewYard--yardId"}]}
RESULT: undefined
COMMAND: POST /session/d1a395b1624be07bc117af6a930c8232/element - {"using":"xpath","value":"//*[@id=\"application-manageyards-display-component---NewYard--addressDetailDetailsName1-inner\"]"}
RESULT: {"using":"xpath","value":"//*[@id=\"application-manageyards-display-component---NewYard--addressDetailDetailsName1-inner\"]"}
COMMAND: POST /session/d1a395b1624be07bc117af6a930c8232/element/f.AB5CB7F68D9467DB6E6600E6EA1FB744.d.1EB0BE00CA856EB26DDD0A4D118017F0.e.2058/clear - {}
RESULT: {}
COMMAND: POST /session/d1a395b1624be07bc117af6a930c8232/element/f.AB5CB7F68D9467DB6E6600E6EA1FB744.d.1EB0BE00CA856EB26DDD0A4D118017F0.e.2058/value - {"text":"Webdriver WHM Yard taw7z"}
COMMAND: GET /session/d1a395b1624be07bc117af6a930c8232/screenshot - {}
RESULT: {"text":"Webdriver WHM Yard taw7z"}
COMMAND: POST /session/d1a395b1624be07bc117af6a930c8232/element - {"using":"xpath","value":"//*[@id=\"application-manageyards-display-component---NewYard--addressDetailDetailsLanguage-inner\"]"}
COMMAND: GET /session/d1a395b1624be07bc117af6a930c8232/screenshot - {}
RESULT: {}
RESULT: {"using":"xpath","value":"//*[@id=\"application-manageyards-display-component---NewYard--addressDetailDetailsLanguage-inner\"]"}
COMMAND: POST /session/d1a395b1624be07bc117af6a930c8232/element/f.AB5CB7F68D9467DB6E6600E6EA1FB744.d.1EB0BE00CA856EB26DDD0A4D118017F0.e.2059/clear - {}
RESULT: {}
RESULT: {}
COMMAND: POST /session/d1a395b1624be07bc117af6a930c8232/element/f.AB5CB7F68D9467DB6E6600E6EA1FB744.d.1EB0BE00CA856EB26DDD0A4D118017F0.e.2059/value - {"text":"Romanian"}
COMMAND: GET /session/d1a395b1624be07bc117af6a930c8232/screenshot - {}
RESULT: {"text":"Romanian"}
COMMAND: GET /session/d1a395b1624be07bc117af6a930c8232/screenshot - {}
RESULT: {}
RESULT: {}
COMMAND: POST /session/d1a395b1624be07bc117af6a930c8232/element - {"using":"xpath","value":"//*[@id=\"application-manageyards-display-component---NewYard--addressDetailDetailsCity1-inner\"]"}
RESULT: {"using":"xpath","value":"//*[@id=\"application-manageyards-display-component---NewYard--addressDetailDetailsCity1-inner\"]"}
COMMAND: POST /session/d1a395b1624be07bc117af6a930c8232/element/f.AB5CB7F68D9467DB6E6600E6EA1FB744.d.1EB0BE00CA856EB26DDD0A4D118017F0.e.2061/clear - {}
RESULT: {}
COMMAND: POST /session/d1a395b1624be07bc117af6a930c8232/element/f.AB5CB7F68D9467DB6E6600E6EA1FB744.d.1EB0BE00CA856EB26DDD0A4D118017F0.e.2061/value - {"text":"Bucuresti"}
COMMAND: GET /session/d1a395b1624be07bc117af6a930c8232/screenshot - {}
RESULT: {"text":"Bucuresti"}
COMMAND: GET /session/d1a395b1624be07bc117af6a930c8232/screenshot - {}
RESULT: {}
RESULT: {}
COMMAND: POST /session/d1a395b1624be07bc117af6a930c8232/element - {"using":"xpath","value":"//*[@id=\"application-manageyards-display-component---NewYard--addressDetailDetailsCountry-inner\"]"}
RESULT: {"using":"xpath","value":"//*[@id=\"application-manageyards-display-component---NewYard--addressDetailDetailsCountry-inner\"]"}
COMMAND: POST /session/d1a395b1624be07bc117af6a930c8232/element/f.AB5CB7F68D9467DB6E6600E6EA1FB744.d.1EB0BE00CA856EB26DDD0A4D118017F0.e.2065/clear - {}
RESULT: {}
COMMAND: POST /session/d1a395b1624be07bc117af6a930c8232/element/f.AB5CB7F68D9467DB6E6600E6EA1FB744.d.1EB0BE00CA856EB26DDD0A4D118017F0.e.2065/value - {"text":"Romania"}
COMMAND: GET /session/d1a395b1624be07bc117af6a930c8232/screenshot - {}
RESULT: {"text":"Romania"}
COMMAND: GET /session/d1a395b1624be07bc117af6a930c8232/screenshot - {}
RESULT: {}
RESULT: {}
COMMAND: POST /session/d1a395b1624be07bc117af6a930c8232/execute/async - {"script":"<script> [1562 bytes]","args":[{"selector":{"controlType":"sap.m.Button","viewName":"etm.portal.ui.manageyards.view.New","viewId":"application-manageyards-display-component---NewYard","properties":{"text":"Commercial"},"interaction":{"idSuffix":"BDI-content"}},"wdio_ui5_key":"etmportal.ui.manageyards.view.Newsap.m.Button{\"text\":\"Commercial\"}"}]}
RESULT: {"script":"<script> [1562 bytes]","args":[{"selector":{"controlType":"sap.m.Button","viewName":"etm.portal.ui.manageyards.view.New","viewId":"application-manageyards-display-component---NewYard","properties":{"text":"Commercial"},"interaction":{"idSuffix":"BDI-content"}},"wdio_ui5_key":"etmportal.ui.manageyards.view.Newsap.m.Button{\"text\":\"Commercial\"}"}]}
RESULT: undefined
COMMAND: POST /session/d1a395b1624be07bc117af6a930c8232/element - {"using":"xpath","value":"//*[@id=\"application-manageyards-display-component---NewYard--ObjectPageLayout-anchBar-__section18-anchor\"]"}
RESULT: {"using":"xpath","value":"//*[@id=\"application-manageyards-display-component---NewYard--ObjectPageLayout-anchBar-__section18-anchor\"]"}
COMMAND: POST /session/d1a395b1624be07bc117af6a930c8232/element/f.AB5CB7F68D9467DB6E6600E6EA1FB744.d.1EB0BE00CA856EB26DDD0A4D118017F0.e.2210/click - {}
RESULT: {}
COMMAND: GET /session/d1a395b1624be07bc117af6a930c8232/screenshot - {}
RESULT: {}
COMMAND: POST /session/d1a395b1624be07bc117af6a930c8232/element - {"using":"xpath","value":"//input[@id='application-manageyards-display-component---NewYard--addressEditDetailsCostObjectCstType-inner']"}
RESULT: {"using":"xpath","value":"//input[@id='application-manageyards-display-component---NewYard--addressEditDetailsCostObjectCstType-inner']"}
COMMAND: POST /session/d1a395b1624be07bc117af6a930c8232/execute/sync - {"script":"<script> [8489 bytes]","args":[{"element-6066-11e4-a52e-4f735466cecf":"f.AB5CB7F68D9467DB6E6600E6EA1FB744.d.1EB0BE00CA856EB26DDD0A4D118017F0.e.2071","ELEMENT":"f.AB5CB7F68D9467DB6E6600E6EA1FB744.d.1EB0BE00CA856EB26DDD0A4D118017F0.e.2071"}]}
RESULT: {"script":"<script> [8489 bytes]","args":[{"element-6066-11e4-a52e-4f735466cecf":"f.AB5CB7F68D9467DB6E6600E6EA1FB744.d.1EB0BE00CA856EB26DDD0A4D118017F0.e.2071","ELEMENT":"f.AB5CB7F68D9467DB6E6600E6EA1FB744.d.1EB0BE00CA856EB26DDD0A4D118017F0.e.2071"}]}
COMMAND: POST /session/d1a395b1624be07bc117af6a930c8232/element/f.AB5CB7F68D9467DB6E6600E6EA1FB744.d.1EB0BE00CA856EB26DDD0A4D118017F0.e.2071/clear - {}
COMMAND: GET /session/d1a395b1624be07bc117af6a930c8232/screenshot - {}
RESULT: {}
COMMAND: POST /session/d1a395b1624be07bc117af6a930c8232/element/f.AB5CB7F68D9467DB6E6600E6EA1FB744.d.1EB0BE00CA856EB26DDD0A4D118017F0.e.2071/value - {"text":"Cost"}
COMMAND: GET /session/d1a395b1624be07bc117af6a930c8232/screenshot - {}
RESULT: {}
RESULT: {"text":"Cost"}
COMMAND: GET /session/d1a395b1624be07bc117af6a930c8232/screenshot - {}
RESULT: {}
RESULT: {}
COMMAND: POST /session/d1a395b1624be07bc117af6a930c8232/execute/async - {"script":"<script> [1562 bytes]","args":[{"selector":{"id":"application-manageyards-display-component---NewYard--addressNewCostObjectCstID","interaction":{"idSuffix":"inner"}},"wdio_ui5_key":"applicationmanageyards-display-component---NewYard--addressNewCostObjectCstID"}]}
RESULT: {"script":"<script> [1562 bytes]","args":[{"selector":{"id":"application-manageyards-display-component---NewYard--addressNewCostObjectCstID","interaction":{"idSuffix":"inner"}},"wdio_ui5_key":"applicationmanageyards-display-component---NewYard--addressNewCostObjectCstID"}]}
RESULT: undefined
COMMAND: POST /session/d1a395b1624be07bc117af6a930c8232/execute/async - {"script":"<script> [776 bytes]","args":[{"enterText":"10001013","selector":{"id":"application-manageyards-display-component---NewYard--addressNewCostObjectCstID","interaction":{"idSuffix":"inner"}},"clearTextFirst":true,"interactionType":"ENTER_TEXT"}]}
RESULT: {"script":"<script> [776 bytes]","args":[{"enterText":"10001013","selector":{"id":"application-manageyards-display-component---NewYard--addressNewCostObjectCstID","interaction":{"idSuffix":"inner"}},"clearTextFirst":true,"interactionType":"ENTER_TEXT"}]}
COMMAND: POST /session/d1a395b1624be07bc117af6a930c8232/actions - {"actions":[{"id":"action4","type":"key","parameters":{},"actions":[{"type":"keyDown","value":"î€‡"},{"type":"pause","duration":10},{"type":"keyUp","value":"î€‡"}]}]}
RESULT: {"actions":[{"id":"action4","type":"key","parameters":{},"actions":[{"type":"keyDown","value":"î€‡"},{"type":"pause","duration":10},{"type":"keyUp","value":"î€‡"}]}]}
COMMAND: POST /session/d1a395b1624be07bc117af6a930c8232/execute/async - {"script":"<script> [1562 bytes]","args":[{"selector":{"id":"application-manageyards-display-component---NewYard--addressEditDetailsCurrency","interaction":{"idSuffix":"inner"}},"wdio_ui5_key":"applicationmanageyards-display-component---NewYard--addressEditDetailsCurrency"}]}
COMMAND: GET /session/d1a395b1624be07bc117af6a930c8232/screenshot - {}
RESULT: {"script":"<script> [1562 bytes]","args":[{"selector":{"id":"application-manageyards-display-component---NewYard--addressEditDetailsCurrency","interaction":{"idSuffix":"inner"}},"wdio_ui5_key":"applicationmanageyards-display-component---NewYard--addressEditDetailsCurrency"}]}
RESULT: undefined
COMMAND: POST /session/d1a395b1624be07bc117af6a930c8232/execute/async - {"script":"<script> [776 bytes]","args":[{"enterText":"Euro","selector":{"id":"application-manageyards-display-component---NewYard--addressEditDetailsCurrency","interaction":{"idSuffix":"inner"}},"clearTextFirst":true,"interactionType":"ENTER_TEXT"}]}
RESULT: {}
RESULT: {"script":"<script> [776 bytes]","args":[{"enterText":"Euro","selector":{"id":"application-manageyards-display-component---NewYard--addressEditDetailsCurrency","interaction":{"idSuffix":"inner"}},"clearTextFirst":true,"interactionType":"ENTER_TEXT"}]}
COMMAND: POST /session/d1a395b1624be07bc117af6a930c8232/execute/async - {"script":"<script> [1562 bytes]","args":[{"selector":{"controlType":"sap.m.Input","viewName":"etm.portal.ui.manageyards.view.New","viewId":"application-manageyards-display-component---NewYard","bindingPath":{"path":"","propertyPath":"/CONTROLLING_AREA","modelName":"NewYardModel"},"interaction":{"idSuffix":"inner"}},"wdio_ui5_key":"etmportal.ui.manageyards.view.Newsap.m.Input{\"path\":\"\",\"propertyPath\":\"/CONTROLLING_AREA\",\"modelName\":\"NewYardModel\"}"}]}
RESULT: {"script":"<script> [1562 bytes]","args":[{"selector":{"controlType":"sap.m.Input","viewName":"etm.portal.ui.manageyards.view.New","viewId":"application-manageyards-display-component---NewYard","bindingPath":{"path":"","propertyPath":"/CONTROLLING_AREA","modelName":"NewYardModel"},"interaction":{"idSuffix":"inner"}},"wdio_ui5_key":"etmportal.ui.manageyards.view.Newsap.m.Input{\"path\":\"\",\"propertyPath\":\"/CONTROLLING_AREA\",\"modelName\":\"NewYardModel\"}"}]}
RESULT: undefined
COMMAND: POST /session/d1a395b1624be07bc117af6a930c8232/execute/async - {"script":"<script> [776 bytes]","args":[{"enterText":"Z001","selector":{"controlType":"sap.m.Input","viewName":"etm.portal.ui.manageyards.view.New","viewId":"application-manageyards-display-component---NewYard","bindingPath":{"path":"","propertyPath":"/CONTROLLING_AREA","modelName":"NewYardModel"},"interaction":{"idSuffix":"inner"}},"clearTextFirst":true,"interactionType":"ENTER_TEXT"}]}
RESULT: {"script":"<script> [776 bytes]","args":[{"enterText":"Z001","selector":{"controlType":"sap.m.Input","viewName":"etm.portal.ui.manageyards.view.New","viewId":"application-manageyards-display-component---NewYard","bindingPath":{"path":"","propertyPath":"/CONTROLLING_AREA","modelName":"NewYardModel"},"interaction":{"idSuffix":"inner"}},"clearTextFirst":true,"interactionType":"ENTER_TEXT"}]}
COMMAND: POST /session/d1a395b1624be07bc117af6a930c8232/execute/async - {"script":"<script> [1562 bytes]","args":[{"selector":{"id":"application-manageyards-display-component---NewYard--companyCodeComboBox","interaction":{"idSuffix":"inner"}},"wdio_ui5_key":"applicationmanageyards-display-component---NewYard--companyCodeComboBox"}]}
RESULT: {"script":"<script> [1562 bytes]","args":[{"selector":{"id":"application-manageyards-display-component---NewYard--companyCodeComboBox","interaction":{"idSuffix":"inner"}},"wdio_ui5_key":"applicationmanageyards-display-component---NewYard--companyCodeComboBox"}]}
RESULT: undefined
COMMAND: POST /session/d1a395b1624be07bc117af6a930c8232/execute/async - {"script":"<script> [776 bytes]","args":[{"enterText":"1000","selector":{"id":"application-manageyards-display-component---NewYard--companyCodeComboBox","interaction":{"idSuffix":"inner"}},"clearTextFirst":true,"interactionType":"ENTER_TEXT"}]}
RESULT: {"script":"<script> [776 bytes]","args":[{"enterText":"1000","selector":{"id":"application-manageyards-display-component---NewYard--companyCodeComboBox","interaction":{"idSuffix":"inner"}},"clearTextFirst":true,"interactionType":"ENTER_TEXT"}]}
COMMAND: POST /session/d1a395b1624be07bc117af6a930c8232/actions - {"actions":[{"id":"action5","type":"key","parameters":{},"actions":[{"type":"keyDown","value":"î€‡"},{"type":"pause","duration":10},{"type":"keyUp","value":"î€‡"}]}]}
RESULT: {"actions":[{"id":"action5","type":"key","parameters":{},"actions":[{"type":"keyDown","value":"î€‡"},{"type":"pause","duration":10},{"type":"keyUp","value":"î€‡"}]}]}
COMMAND: POST /session/d1a395b1624be07bc117af6a930c8232/execute/async - {"script":"<script> [1562 bytes]","args":[{"selector":{"controlType":"sap.m.Input","viewName":"etm.portal.ui.manageyards.view.New","viewId":"application-manageyards-display-component---NewYard","bindingPath":{"path":"","propertyPath":"/PLANT","modelName":"NewYardModel"},"interaction":{"idSuffix":"inner"}},"wdio_ui5_key":"etmportal.ui.manageyards.view.Newsap.m.Input{\"path\":\"\",\"propertyPath\":\"/PLANT\",\"modelName\":\"NewYardModel\"}"}]}
COMMAND: GET /session/d1a395b1624be07bc117af6a930c8232/screenshot - {}
RESULT: {"script":"<script> [1562 bytes]","args":[{"selector":{"controlType":"sap.m.Input","viewName":"etm.portal.ui.manageyards.view.New","viewId":"application-manageyards-display-component---NewYard","bindingPath":{"path":"","propertyPath":"/PLANT","modelName":"NewYardModel"},"interaction":{"idSuffix":"inner"}},"wdio_ui5_key":"etmportal.ui.manageyards.view.Newsap.m.Input{\"path\":\"\",\"propertyPath\":\"/PLANT\",\"modelName\":\"NewYardModel\"}"}]}
RESULT: undefined
COMMAND: POST /session/d1a395b1624be07bc117af6a930c8232/execute/async - {"script":"<script> [776 bytes]","args":[{"enterText":"1001","selector":{"controlType":"sap.m.Input","viewName":"etm.portal.ui.manageyards.view.New","viewId":"application-manageyards-display-component---NewYard","bindingPath":{"path":"","propertyPath":"/PLANT","modelName":"NewYardModel"},"interaction":{"idSuffix":"inner"}},"clearTextFirst":true,"interactionType":"ENTER_TEXT"}]}
RESULT: {}
RESULT: {"script":"<script> [776 bytes]","args":[{"enterText":"1001","selector":{"controlType":"sap.m.Input","viewName":"etm.portal.ui.manageyards.view.New","viewId":"application-manageyards-display-component---NewYard","bindingPath":{"path":"","propertyPath":"/PLANT","modelName":"NewYardModel"},"interaction":{"idSuffix":"inner"}},"clearTextFirst":true,"interactionType":"ENTER_TEXT"}]}
COMMAND: POST /session/d1a395b1624be07bc117af6a930c8232/execute/async - {"script":"<script> [1562 bytes]","args":[{"selector":{"controlType":"sap.m.Input","viewName":"etm.portal.ui.manageyards.view.New","viewId":"application-manageyards-display-component---NewYard","bindingPath":{"path":"","propertyPath":"/SALES_AREA_VKORG","modelName":"NewYardModel"},"interaction":{"idSuffix":"inner"}},"wdio_ui5_key":"etmportal.ui.manageyards.view.Newsap.m.Input{\"path\":\"\",\"propertyPath\":\"/SALES_AREA_VKORG\",\"modelName\":\"NewYardModel\"}"}]}
RESULT: {"script":"<script> [1562 bytes]","args":[{"selector":{"controlType":"sap.m.Input","viewName":"etm.portal.ui.manageyards.view.New","viewId":"application-manageyards-display-component---NewYard","bindingPath":{"path":"","propertyPath":"/SALES_AREA_VKORG","modelName":"NewYardModel"},"interaction":{"idSuffix":"inner"}},"wdio_ui5_key":"etmportal.ui.manageyards.view.Newsap.m.Input{\"path\":\"\",\"propertyPath\":\"/SALES_AREA_VKORG\",\"modelName\":\"NewYardModel\"}"}]}
RESULT: undefined
COMMAND: POST /session/d1a395b1624be07bc117af6a930c8232/execute/async - {"script":"<script> [776 bytes]","args":[{"enterText":"C002","selector":{"controlType":"sap.m.Input","viewName":"etm.portal.ui.manageyards.view.New","viewId":"application-manageyards-display-component---NewYard","bindingPath":{"path":"","propertyPath":"/SALES_AREA_VKORG","modelName":"NewYardModel"},"interaction":{"idSuffix":"inner"}},"clearTextFirst":true,"interactionType":"ENTER_TEXT"}]}
RESULT: {"script":"<script> [776 bytes]","args":[{"enterText":"C002","selector":{"controlType":"sap.m.Input","viewName":"etm.portal.ui.manageyards.view.New","viewId":"application-manageyards-display-component---NewYard","bindingPath":{"path":"","propertyPath":"/SALES_AREA_VKORG","modelName":"NewYardModel"},"interaction":{"idSuffix":"inner"}},"clearTextFirst":true,"interactionType":"ENTER_TEXT"}]}
COMMAND: POST /session/d1a395b1624be07bc117af6a930c8232/execute/async - {"script":"<script> [1562 bytes]","args":[{"selector":{"controlType":"sap.m.Input","viewName":"etm.portal.ui.manageyards.view.New","viewId":"application-manageyards-display-component---NewYard","bindingPath":{"path":"","propertyPath":"/SALES_AREA_VTWEG","modelName":"NewYardModel"},"interaction":{"idSuffix":"inner"}},"wdio_ui5_key":"etmportal.ui.manageyards.view.Newsap.m.Input{\"path\":\"\",\"propertyPath\":\"/SALES_AREA_VTWEG\",\"modelName\":\"NewYardModel\"}"}]}
RESULT: {"script":"<script> [1562 bytes]","args":[{"selector":{"controlType":"sap.m.Input","viewName":"etm.portal.ui.manageyards.view.New","viewId":"application-manageyards-display-component---NewYard","bindingPath":{"path":"","propertyPath":"/SALES_AREA_VTWEG","modelName":"NewYardModel"},"interaction":{"idSuffix":"inner"}},"wdio_ui5_key":"etmportal.ui.manageyards.view.Newsap.m.Input{\"path\":\"\",\"propertyPath\":\"/SALES_AREA_VTWEG\",\"modelName\":\"NewYardModel\"}"}]}
RESULT: undefined
COMMAND: POST /session/d1a395b1624be07bc117af6a930c8232/execute/async - {"script":"<script> [776 bytes]","args":[{"enterText":"C2","selector":{"controlType":"sap.m.Input","viewName":"etm.portal.ui.manageyards.view.New","viewId":"application-manageyards-display-component---NewYard","bindingPath":{"path":"","propertyPath":"/SALES_AREA_VTWEG","modelName":"NewYardModel"},"interaction":{"idSuffix":"inner"}},"clearTextFirst":true,"interactionType":"ENTER_TEXT"}]}
RESULT: {"script":"<script> [776 bytes]","args":[{"enterText":"C2","selector":{"controlType":"sap.m.Input","viewName":"etm.portal.ui.manageyards.view.New","viewId":"application-manageyards-display-component---NewYard","bindingPath":{"path":"","propertyPath":"/SALES_AREA_VTWEG","modelName":"NewYardModel"},"interaction":{"idSuffix":"inner"}},"clearTextFirst":true,"interactionType":"ENTER_TEXT"}]}
COMMAND: POST /session/d1a395b1624be07bc117af6a930c8232/execute/async - {"script":"<script> [1562 bytes]","args":[{"selector":{"controlType":"sap.m.Input","viewName":"etm.portal.ui.manageyards.view.New","viewId":"application-manageyards-display-component---NewYard","bindingPath":{"path":"","propertyPath":"/SALES_AREA_SPART","modelName":"NewYardModel"},"interaction":{"idSuffix":"inner"}},"wdio_ui5_key":"etmportal.ui.manageyards.view.Newsap.m.Input{\"path\":\"\",\"propertyPath\":\"/SALES_AREA_SPART\",\"modelName\":\"NewYardModel\"}"}]}
RESULT: {"script":"<script> [1562 bytes]","args":[{"selector":{"controlType":"sap.m.Input","viewName":"etm.portal.ui.manageyards.view.New","viewId":"application-manageyards-display-component---NewYard","bindingPath":{"path":"","propertyPath":"/SALES_AREA_SPART","modelName":"NewYardModel"},"interaction":{"idSuffix":"inner"}},"wdio_ui5_key":"etmportal.ui.manageyards.view.Newsap.m.Input{\"path\":\"\",\"propertyPath\":\"/SALES_AREA_SPART\",\"modelName\":\"NewYardModel\"}"}]}
RESULT: undefined
COMMAND: POST /session/d1a395b1624be07bc117af6a930c8232/execute/async - {"script":"<script> [776 bytes]","args":[{"enterText":"C2","selector":{"controlType":"sap.m.Input","viewName":"etm.portal.ui.manageyards.view.New","viewId":"application-manageyards-display-component---NewYard","bindingPath":{"path":"","propertyPath":"/SALES_AREA_SPART","modelName":"NewYardModel"},"interaction":{"idSuffix":"inner"}},"clearTextFirst":true,"interactionType":"ENTER_TEXT"}]}
RESULT: {"script":"<script> [776 bytes]","args":[{"enterText":"C2","selector":{"controlType":"sap.m.Input","viewName":"etm.portal.ui.manageyards.view.New","viewId":"application-manageyards-display-component---NewYard","bindingPath":{"path":"","propertyPath":"/SALES_AREA_SPART","modelName":"NewYardModel"},"interaction":{"idSuffix":"inner"}},"clearTextFirst":true,"interactionType":"ENTER_TEXT"}]}
COMMAND: POST /session/d1a395b1624be07bc117af6a930c8232/execute/async - {"script":"<script> [1562 bytes]","args":[{"selector":{"id":"application-manageyards-display-component---NewYard--whmCheckBox","interaction":{"idSuffix":"CbBg"}},"wdio_ui5_key":"applicationmanageyards-display-component---NewYard--whmCheckBox"}]}
RESULT: {"script":"<script> [1562 bytes]","args":[{"selector":{"id":"application-manageyards-display-component---NewYard--whmCheckBox","interaction":{"idSuffix":"CbBg"}},"wdio_ui5_key":"applicationmanageyards-display-component---NewYard--whmCheckBox"}]}
RESULT: undefined
COMMAND: POST /session/d1a395b1624be07bc117af6a930c8232/element - {"using":"xpath","value":"//*[@id=\"application-manageyards-display-component---NewYard--whmCheckBox\"]"}
RESULT: {"using":"xpath","value":"//*[@id=\"application-manageyards-display-component---NewYard--whmCheckBox\"]"}
COMMAND: POST /session/d1a395b1624be07bc117af6a930c8232/element/f.AB5CB7F68D9467DB6E6600E6EA1FB744.d.1EB0BE00CA856EB26DDD0A4D118017F0.e.2237/click - {}
RESULT: {}
COMMAND: POST /session/d1a395b1624be07bc117af6a930c8232/execute/async - {"script":"<script> [1562 bytes]","args":[{"selector":{"controlType":"sap.m.Button","viewName":"etm.portal.ui.manageyards.view.New","viewId":"application-manageyards-display-component---NewYard","i18NText":{"propertyName":"text","key":"save"},"interaction":{"idSuffix":"inner"}},"wdio_ui5_key":"etmportal.ui.manageyards.view.Newsap.m.Button{\"propertyName\":\"text\",\"key\":\"save\"}"}]}
COMMAND: GET /session/d1a395b1624be07bc117af6a930c8232/screenshot - {}
RESULT: {"script":"<script> [1562 bytes]","args":[{"selector":{"controlType":"sap.m.Button","viewName":"etm.portal.ui.manageyards.view.New","viewId":"application-manageyards-display-component---NewYard","i18NText":{"propertyName":"text","key":"save"},"interaction":{"idSuffix":"inner"}},"wdio_ui5_key":"etmportal.ui.manageyards.view.Newsap.m.Button{\"propertyName\":\"text\",\"key\":\"save\"}"}]}
RESULT: undefined
COMMAND: POST /session/d1a395b1624be07bc117af6a930c8232/element - {"using":"xpath","value":"//*[@id=\"__button43\"]"}
RESULT: {}
RESULT: {"using":"xpath","value":"//*[@id=\"__button43\"]"}
COMMAND: POST /session/d1a395b1624be07bc117af6a930c8232/element/f.AB5CB7F68D9467DB6E6600E6EA1FB744.d.1EB0BE00CA856EB26DDD0A4D118017F0.e.2195/click - {}
RESULT: {}
COMMAND: GET /session/d1a395b1624be07bc117af6a930c8232/screenshot - {}
RESULT: {}
COMMAND: POST /session/d1a395b1624be07bc117af6a930c8232/element - {"using":"xpath","value":"//header/div/div/div/div/div/div[2]/div/span"}
RESULT: {"using":"xpath","value":"//header/div/div/div/div/div/div[2]/div/span"}
COMMAND: GET /session/d1a395b1624be07bc117af6a930c8232/element/f.AB5CB7F68D9467DB6E6600E6EA1FB744.d.1EB0BE00CA856EB26DDD0A4D118017F0.e.2443/text - {}
RESULT: {}
COMMAND: POST /session/d1a395b1624be07bc117af6a930c8232/element - {"using":"xpath","value":"//header/div/div[2]/div[2]/span"}
RESULT: {"using":"xpath","value":"//header/div/div[2]/div[2]/span"}
COMMAND: GET /session/d1a395b1624be07bc117af6a930c8232/element/f.AB5CB7F68D9467DB6E6600E6EA1FB744.d.1EB0BE00CA856EB26DDD0A4D118017F0.e.2444/text - {}
RESULT: {}
COMMAND: POST /session/d1a395b1624be07bc117af6a930c8232/element - {"using":"css selector","value":"#j_username"}
COMMAND: POST /session/d1a395b1624be07bc117af6a930c8232/url - {"url":"https://qa-testing-00-live-etm-ui.cfapps.eu10-004.hana.ondemand.com/"}
RESULT: {"url":"https://qa-testing-00-live-etm-ui.cfapps.eu10-004.hana.ondemand.com/"}
RESULT: undefined
COMMAND: GET /session/d1a395b1624be07bc117af6a930c8232/screenshot - {}
RESULT: {"using":"css selector","value":"#j_username"}
COMMAND: POST /session/d1a395b1624be07bc117af6a930c8232/element - {"using":"css selector","value":"#j_username"}
RESULT: {}
RESULT: {"using":"css selector","value":"#j_username"}
COMMAND: POST /session/d1a395b1624be07bc117af6a930c8232/element - {"using":"css selector","value":"#shell-header-logo"}
RESULT: {"using":"css selector","value":"#shell-header-logo"}
COMMAND: POST /session/d1a395b1624be07bc117af6a930c8232/execute/sync - {"script":"<script> [8489 bytes]","args":[{"element-6066-11e4-a52e-4f735466cecf":"f.AB5CB7F68D9467DB6E6600E6EA1FB744.d.C6C1BDFA8DF0B0ACFBBA02DBED0C106D.e.2454","ELEMENT":"f.AB5CB7F68D9467DB6E6600E6EA1FB744.d.C6C1BDFA8DF0B0ACFBBA02DBED0C106D.e.2454"}]}
RESULT: {"script":"<script> [8489 bytes]","args":[{"element-6066-11e4-a52e-4f735466cecf":"f.AB5CB7F68D9467DB6E6600E6EA1FB744.d.C6C1BDFA8DF0B0ACFBBA02DBED0C106D.e.2454","ELEMENT":"f.AB5CB7F68D9467DB6E6600E6EA1FB744.d.C6C1BDFA8DF0B0ACFBBA02DBED0C106D.e.2454"}]}
COMMAND: POST /session/d1a395b1624be07bc117af6a930c8232/element - {"using":"css selector","value":"#shell-header-logo"}
COMMAND: GET /session/d1a395b1624be07bc117af6a930c8232/screenshot - {}
RESULT: {"using":"css selector","value":"#shell-header-logo"}
COMMAND: POST /session/d1a395b1624be07bc117af6a930c8232/execute/sync - {"script":"<script> [8489 bytes]","args":[{"element-6066-11e4-a52e-4f735466cecf":"f.AB5CB7F68D9467DB6E6600E6EA1FB744.d.C6C1BDFA8DF0B0ACFBBA02DBED0C106D.e.2454","ELEMENT":"f.AB5CB7F68D9467DB6E6600E6EA1FB744.d.C6C1BDFA8DF0B0ACFBBA02DBED0C106D.e.2454"}]}
RESULT: {}
RESULT: {"script":"<script> [8489 bytes]","args":[{"element-6066-11e4-a52e-4f735466cecf":"f.AB5CB7F68D9467DB6E6600E6EA1FB744.d.C6C1BDFA8DF0B0ACFBBA02DBED0C106D.e.2454","ELEMENT":"f.AB5CB7F68D9467DB6E6600E6EA1FB744.d.C6C1BDFA8DF0B0ACFBBA02DBED0C106D.e.2454"}]}
COMMAND: POST /session/d1a395b1624be07bc117af6a930c8232/execute/sync - {"script":"<script> [5351 bytes]","args":[{"element-6066-11e4-a52e-4f735466cecf":"f.AB5CB7F68D9467DB6E6600E6EA1FB744.d.C6C1BDFA8DF0B0ACFBBA02DBED0C106D.e.2454","ELEMENT":"f.AB5CB7F68D9467DB6E6600E6EA1FB744.d.C6C1BDFA8DF0B0ACFBBA02DBED0C106D.e.2454"}]}
COMMAND: GET /session/d1a395b1624be07bc117af6a930c8232/screenshot - {}
RESULT: {"script":"<script> [5351 bytes]","args":[{"element-6066-11e4-a52e-4f735466cecf":"f.AB5CB7F68D9467DB6E6600E6EA1FB744.d.C6C1BDFA8DF0B0ACFBBA02DBED0C106D.e.2454","ELEMENT":"f.AB5CB7F68D9467DB6E6600E6EA1FB744.d.C6C1BDFA8DF0B0ACFBBA02DBED0C106D.e.2454"}]}
COMMAND: POST /session/d1a395b1624be07bc117af6a930c8232/element - {"using":"css selector","value":"#shell-header-logo"}
COMMAND: GET /session/d1a395b1624be07bc117af6a930c8232/screenshot - {}
RESULT: {}
RESULT: {"using":"css selector","value":"#shell-header-logo"}
COMMAND: POST /session/d1a395b1624be07bc117af6a930c8232/element/f.AB5CB7F68D9467DB6E6600E6EA1FB744.d.C6C1BDFA8DF0B0ACFBBA02DBED0C106D.e.2454/click - {}
RESULT: {}
RESULT: {}
COMMAND: GET /session/d1a395b1624be07bc117af6a930c8232/screenshot - {}
RESULT: {}
COMMAND: POST /session/d1a395b1624be07bc117af6a930c8232/execute/async - {"script":"<script> [189 bytes]","args":[]}
RESULT: {"script":"<script> [189 bytes]","args":[]}
COMMAND: POST /session/d1a395b1624be07bc117af6a930c8232/execute/async - {"script":"<script> [123 bytes]","args":[]}
RESULT: {"script":"<script> [123 bytes]","args":[]}
COMMAND: POST /session/d1a395b1624be07bc117af6a930c8232/timeouts - {"script":"<number>"}
RESULT: {"script":"<number>"}
COMMAND: GET /session/d1a395b1624be07bc117af6a930c8232/timeouts - {}
RESULT: {}
RESULT: undefined
COMMAND: POST /session/d1a395b1624be07bc117af6a930c8232/execute/async - {"script":"<script> [2676 bytes]","args":[]}
RESULT: {"script":"<script> [2676 bytes]","args":[]}
COMMAND: POST /session/d1a395b1624be07bc117af6a930c8232/execute/async - {"script":"<script> [2342 bytes]","args":[{"protocol":"http","hostname":"0.0.0.0","path":"/","capabilities":{"browserName":"chrome","goog:chromeOptions":{"binary":"C:\\Program Files\\Google\\Chrome\\Application\\chrome.exe","args":["--start-maximized"]}},"logLevel":"warn","connectionRetryTimeout":120000,"connectionRetryCount":3,"logLevels":{},"enableDirectConnect":true,"strictSSL":true,"_":"65 more keys: [\"cacheDir\",\"port\",\"requestedCapabilities\",\"automationProtocol\",\"baseUrl\",\"waitforInterval\",\"waitforTimeout\",\"onReload\",\"beforeCommand\",\"afterCommand\",\"rootDir\",\"specs\",\"suites\",\"exclude\",\"groupLogsByTestSpec\",\"excludeDriverLogs\",\"bail\",\"framework\",\"reporters\",\"services\",\"maxInstances\",\"maxInstancesPerCapability\",\"injectGlobals\",\"filesToWatch\",\"execArgv\",\"runnerEnv\",\"runner\",\"shard\",\"specFileRetries\",\"specFileRetriesDelay\",\"specFileRetriesDeferred\",\"reporterSyncInterval\",\"reporterSyncTimeout\",\"cucumberFeaturesWithLineNumbers\",\"autoCompileOpts\",\"mochaOpts\",\"jasmineOpts\",\"cucumberOpts\",\"onPrepare\",\"onWorkerStart\",\"onWorkerEnd\",\"before\",\"beforeSession\",\"beforeSuite\",\"beforeHook\",\"beforeTest\",\"afterTest\",\"afterHook\",\"afterSuite\",\"afterSession\",\"after\",\"onComplete\",\"beforeAssertion\",\"afterAssertion\",\"beforeFeature\",\"beforeScenario\",\"beforeStep\",\"afterStep\",\"afterScenario\",\"afterFeature\",\"_\",\"suite\",\"$0\",\"ignoredWorkerServices\",\"wdi5\"]"}]}
RESULT: {"script":"<script> [2342 bytes]","args":[{"protocol":"http","hostname":"0.0.0.0","path":"/","capabilities":{"browserName":"chrome","goog:chromeOptions":{"binary":"C:\\Program Files\\Google\\Chrome\\Application\\chrome.exe","args":["--start-maximized"]}},"logLevel":"warn","connectionRetryTimeout":120000,"connectionRetryCount":3,"logLevels":{},"enableDirectConnect":true,"strictSSL":true,"_":"65 more keys: [\"cacheDir\",\"port\",\"requestedCapabilities\",\"automationProtocol\",\"baseUrl\",\"waitforInterval\",\"waitforTimeout\",\"onReload\",\"beforeCommand\",\"afterCommand\",\"rootDir\",\"specs\",\"suites\",\"exclude\",\"groupLogsByTestSpec\",\"excludeDriverLogs\",\"bail\",\"framework\",\"reporters\",\"services\",\"maxInstances\",\"maxInstancesPerCapability\",\"injectGlobals\",\"filesToWatch\",\"execArgv\",\"runnerEnv\",\"runner\",\"shard\",\"specFileRetries\",\"specFileRetriesDelay\",\"specFileRetriesDeferred\",\"reporterSyncInterval\",\"reporterSyncTimeout\",\"cucumberFeaturesWithLineNumbers\",\"autoCompileOpts\",\"mochaOpts\",\"jasmineOpts\",\"cucumberOpts\",\"onPrepare\",\"onWorkerStart\",\"onWorkerEnd\",\"before\",\"beforeSession\",\"beforeSuite\",\"beforeHook\",\"beforeTest\",\"afterTest\",\"afterHook\",\"afterSuite\",\"afterSession\",\"after\",\"onComplete\",\"beforeAssertion\",\"afterAssertion\",\"beforeFeature\",\"beforeScenario\",\"beforeStep\",\"afterStep\",\"afterScenario\",\"afterFeature\",\"_\",\"suite\",\"$0\",\"ignoredWorkerServices\",\"wdi5\"]"}]}
COMMAND: POST /session/d1a395b1624be07bc117af6a930c8232/execute/async - {"script":"<script> [21126 bytes]","args":[35000]}
RESULT: {"script":"<script> [21126 bytes]","args":[35000]}
COMMAND: POST /session/d1a395b1624be07bc117af6a930c8232/window/maximize - {}
RESULT: {}
COMMAND: POST /session/d1a395b1624be07bc117af6a930c8232/execute/async - {"script":"<script> [1562 bytes]","args":[{"selector":{"id":"shell-header","interaction":{"idSuffix":"icon"}},"wdio_ui5_key":"shellheader"}]}
COMMAND: GET /session/d1a395b1624be07bc117af6a930c8232/screenshot - {}
RESULT: {"script":"<script> [1562 bytes]","args":[{"selector":{"id":"shell-header","interaction":{"idSuffix":"icon"}},"wdio_ui5_key":"shellheader"}]}
RESULT: undefined
COMMAND: POST /session/d1a395b1624be07bc117af6a930c8232/refresh - {}
RESULT: {}
RESULT: {}
COMMAND: GET /session/d1a395b1624be07bc117af6a930c8232/screenshot - {}
RESULT: {}
COMMAND: POST /session/d1a395b1624be07bc117af6a930c8232/refresh - {}
RESULT: {}
COMMAND: GET /session/d1a395b1624be07bc117af6a930c8232/screenshot - {}
RESULT: {}
COMMAND: POST /session/d1a395b1624be07bc117af6a930c8232/window/fullscreen - {}
RESULT: {}
COMMAND: POST /session/d1a395b1624be07bc117af6a930c8232/execute/async - {"script":"<script> [189 bytes]","args":[]}
RESULT: {"script":"<script> [189 bytes]","args":[]}
COMMAND: POST /session/d1a395b1624be07bc117af6a930c8232/execute/async - {"script":"<script> [123 bytes]","args":[]}
RESULT: {"script":"<script> [123 bytes]","args":[]}
COMMAND: POST /session/d1a395b1624be07bc117af6a930c8232/timeouts - {"script":"<number>"}
RESULT: {"script":"<number>"}
COMMAND: GET /session/d1a395b1624be07bc117af6a930c8232/timeouts - {}
RESULT: {}
RESULT: undefined
COMMAND: POST /session/d1a395b1624be07bc117af6a930c8232/execute/async - {"script":"<script> [2676 bytes]","args":[]}
RESULT: {"script":"<script> [2676 bytes]","args":[]}
COMMAND: POST /session/d1a395b1624be07bc117af6a930c8232/execute/async - {"script":"<script> [2342 bytes]","args":[{"protocol":"http","hostname":"0.0.0.0","path":"/","capabilities":{"browserName":"chrome","goog:chromeOptions":{"binary":"C:\\Program Files\\Google\\Chrome\\Application\\chrome.exe","args":["--start-maximized"]}},"logLevel":"warn","connectionRetryTimeout":120000,"connectionRetryCount":3,"logLevels":{},"enableDirectConnect":true,"strictSSL":true,"_":"65 more keys: [\"cacheDir\",\"port\",\"requestedCapabilities\",\"automationProtocol\",\"baseUrl\",\"waitforInterval\",\"waitforTimeout\",\"onReload\",\"beforeCommand\",\"afterCommand\",\"rootDir\",\"specs\",\"suites\",\"exclude\",\"groupLogsByTestSpec\",\"excludeDriverLogs\",\"bail\",\"framework\",\"reporters\",\"services\",\"maxInstances\",\"maxInstancesPerCapability\",\"injectGlobals\",\"filesToWatch\",\"execArgv\",\"runnerEnv\",\"runner\",\"shard\",\"specFileRetries\",\"specFileRetriesDelay\",\"specFileRetriesDeferred\",\"reporterSyncInterval\",\"reporterSyncTimeout\",\"cucumberFeaturesWithLineNumbers\",\"autoCompileOpts\",\"mochaOpts\",\"jasmineOpts\",\"cucumberOpts\",\"onPrepare\",\"onWorkerStart\",\"onWorkerEnd\",\"before\",\"beforeSession\",\"beforeSuite\",\"beforeHook\",\"beforeTest\",\"afterTest\",\"afterHook\",\"afterSuite\",\"afterSession\",\"after\",\"onComplete\",\"beforeAssertion\",\"afterAssertion\",\"beforeFeature\",\"beforeScenario\",\"beforeStep\",\"afterStep\",\"afterScenario\",\"afterFeature\",\"_\",\"suite\",\"$0\",\"ignoredWorkerServices\",\"wdi5\"]"}]}
RESULT: {"script":"<script> [2342 bytes]","args":[{"protocol":"http","hostname":"0.0.0.0","path":"/","capabilities":{"browserName":"chrome","goog:chromeOptions":{"binary":"C:\\Program Files\\Google\\Chrome\\Application\\chrome.exe","args":["--start-maximized"]}},"logLevel":"warn","connectionRetryTimeout":120000,"connectionRetryCount":3,"logLevels":{},"enableDirectConnect":true,"strictSSL":true,"_":"65 more keys: [\"cacheDir\",\"port\",\"requestedCapabilities\",\"automationProtocol\",\"baseUrl\",\"waitforInterval\",\"waitforTimeout\",\"onReload\",\"beforeCommand\",\"afterCommand\",\"rootDir\",\"specs\",\"suites\",\"exclude\",\"groupLogsByTestSpec\",\"excludeDriverLogs\",\"bail\",\"framework\",\"reporters\",\"services\",\"maxInstances\",\"maxInstancesPerCapability\",\"injectGlobals\",\"filesToWatch\",\"execArgv\",\"runnerEnv\",\"runner\",\"shard\",\"specFileRetries\",\"specFileRetriesDelay\",\"specFileRetriesDeferred\",\"reporterSyncInterval\",\"reporterSyncTimeout\",\"cucumberFeaturesWithLineNumbers\",\"autoCompileOpts\",\"mochaOpts\",\"jasmineOpts\",\"cucumberOpts\",\"onPrepare\",\"onWorkerStart\",\"onWorkerEnd\",\"before\",\"beforeSession\",\"beforeSuite\",\"beforeHook\",\"beforeTest\",\"afterTest\",\"afterHook\",\"afterSuite\",\"afterSession\",\"after\",\"onComplete\",\"beforeAssertion\",\"afterAssertion\",\"beforeFeature\",\"beforeScenario\",\"beforeStep\",\"afterStep\",\"afterScenario\",\"afterFeature\",\"_\",\"suite\",\"$0\",\"ignoredWorkerServices\",\"wdi5\"]"}]}
COMMAND: POST /session/d1a395b1624be07bc117af6a930c8232/execute/async - {"script":"<script> [21126 bytes]","args":[35000]}
RESULT: {"script":"<script> [21126 bytes]","args":[35000]}
]]></system-out>
    </testcase>
  </testsuite>
  <testsuite timestamp="2025-04-25T15:27:08" time="195.977" tests="2" failures="0" errors="0" skipped="0">
    <properties>
      <property name="specId" value="0" />
      <property name="suiteName" value="Create partner US118246" />
      <property name="capabilities" value="chrome.135_0_7049_96.windows" />
      <property name="file" value="file:///D:/a/1/s/test/specs/BTS/create-partner.spec.js" />
    </properties>
    <testcase classname="chrome.135_0_7049_96.windows.Create_partner_US118246" name="Should create new external partner" time="77.323">
      <system-out><![CDATA[
COMMAND: POST /session/d1a395b1624be07bc117af6a930c8232/window/fullscreen - {}
RESULT: {}
COMMAND: POST /session/d1a395b1624be07bc117af6a930c8232/execute/async - {"script":"<script> [1562 bytes]","args":[{"selector":{"controlType":"sap.m.GenericTile","properties":{"header":"Manage Partners"}},"wdio_ui5_key":"sapm.GenericTile{\"header\":\"Manage Partners\"}"}]}
RESULT: {"script":"<script> [1562 bytes]","args":[{"selector":{"controlType":"sap.m.GenericTile","properties":{"header":"Manage Partners"}},"wdio_ui5_key":"sapm.GenericTile{\"header\":\"Manage Partners\"}"}]}
RESULT: undefined
COMMAND: POST /session/d1a395b1624be07bc117af6a930c8232/element - {"using":"xpath","value":"//*[@id=\"__tile38\"]"}
RESULT: {"using":"xpath","value":"//*[@id=\"__tile38\"]"}
COMMAND: POST /session/d1a395b1624be07bc117af6a930c8232/element/f.AB5CB7F68D9467DB6E6600E6EA1FB744.d.A2C589C13DAAF0B898F5BE96569C4ADB.e.2614/click - {}
RESULT: {}
COMMAND: POST /session/d1a395b1624be07bc117af6a930c8232/element - {"using":"xpath","value":"//button[@data-kt=\"addButton\"]"}
COMMAND: GET /session/d1a395b1624be07bc117af6a930c8232/screenshot - {}
RESULT: {"using":"xpath","value":"//button[@data-kt=\"addButton\"]"}
COMMAND: POST /session/d1a395b1624be07bc117af6a930c8232/elements - {"using":"xpath","value":"//button[@data-kt=\"addButton\"]"}
RESULT: {}
RESULT: {"using":"xpath","value":"//button[@data-kt=\"addButton\"]"}
COMMAND: POST /session/d1a395b1624be07bc117af6a930c8232/elements - {"using":"xpath","value":"//button[@data-kt=\"addButton\"]"}
RESULT: {"using":"xpath","value":"//button[@data-kt=\"addButton\"]"}
COMMAND: POST /session/d1a395b1624be07bc117af6a930c8232/elements - {"using":"xpath","value":"//button[@data-kt=\"addButton\"]"}
RESULT: {"using":"xpath","value":"//button[@data-kt=\"addButton\"]"}
COMMAND: POST /session/d1a395b1624be07bc117af6a930c8232/elements - {"using":"xpath","value":"//button[@data-kt=\"addButton\"]"}
RESULT: {"using":"xpath","value":"//button[@data-kt=\"addButton\"]"}
COMMAND: POST /session/d1a395b1624be07bc117af6a930c8232/elements - {"using":"xpath","value":"//button[@data-kt=\"addButton\"]"}
RESULT: {"using":"xpath","value":"//button[@data-kt=\"addButton\"]"}
COMMAND: POST /session/d1a395b1624be07bc117af6a930c8232/elements - {"using":"xpath","value":"//button[@data-kt=\"addButton\"]"}
RESULT: {"using":"xpath","value":"//button[@data-kt=\"addButton\"]"}
COMMAND: POST /session/d1a395b1624be07bc117af6a930c8232/elements - {"using":"xpath","value":"//button[@data-kt=\"addButton\"]"}
RESULT: {"using":"xpath","value":"//button[@data-kt=\"addButton\"]"}
COMMAND: POST /session/d1a395b1624be07bc117af6a930c8232/elements - {"using":"xpath","value":"//button[@data-kt=\"addButton\"]"}
RESULT: {"using":"xpath","value":"//button[@data-kt=\"addButton\"]"}
COMMAND: POST /session/d1a395b1624be07bc117af6a930c8232/elements - {"using":"xpath","value":"//button[@data-kt=\"addButton\"]"}
RESULT: {"using":"xpath","value":"//button[@data-kt=\"addButton\"]"}
COMMAND: POST /session/d1a395b1624be07bc117af6a930c8232/elements - {"using":"xpath","value":"//button[@data-kt=\"addButton\"]"}
RESULT: {"using":"xpath","value":"//button[@data-kt=\"addButton\"]"}
COMMAND: POST /session/d1a395b1624be07bc117af6a930c8232/elements - {"using":"xpath","value":"//button[@data-kt=\"addButton\"]"}
RESULT: {"using":"xpath","value":"//button[@data-kt=\"addButton\"]"}
COMMAND: POST /session/d1a395b1624be07bc117af6a930c8232/elements - {"using":"xpath","value":"//button[@data-kt=\"addButton\"]"}
RESULT: {"using":"xpath","value":"//button[@data-kt=\"addButton\"]"}
COMMAND: POST /session/d1a395b1624be07bc117af6a930c8232/elements - {"using":"xpath","value":"//button[@data-kt=\"addButton\"]"}
RESULT: {"using":"xpath","value":"//button[@data-kt=\"addButton\"]"}
COMMAND: POST /session/d1a395b1624be07bc117af6a930c8232/elements - {"using":"xpath","value":"//button[@data-kt=\"addButton\"]"}
RESULT: {"using":"xpath","value":"//button[@data-kt=\"addButton\"]"}
COMMAND: POST /session/d1a395b1624be07bc117af6a930c8232/elements - {"using":"xpath","value":"//button[@data-kt=\"addButton\"]"}
RESULT: {"using":"xpath","value":"//button[@data-kt=\"addButton\"]"}
COMMAND: POST /session/d1a395b1624be07bc117af6a930c8232/elements - {"using":"xpath","value":"//button[@data-kt=\"addButton\"]"}
RESULT: {"using":"xpath","value":"//button[@data-kt=\"addButton\"]"}
COMMAND: POST /session/d1a395b1624be07bc117af6a930c8232/elements - {"using":"xpath","value":"//button[@data-kt=\"addButton\"]"}
RESULT: {"using":"xpath","value":"//button[@data-kt=\"addButton\"]"}
COMMAND: POST /session/d1a395b1624be07bc117af6a930c8232/elements - {"using":"xpath","value":"//button[@data-kt=\"addButton\"]"}
RESULT: {"using":"xpath","value":"//button[@data-kt=\"addButton\"]"}
COMMAND: POST /session/d1a395b1624be07bc117af6a930c8232/elements - {"using":"xpath","value":"//button[@data-kt=\"addButton\"]"}
RESULT: {"using":"xpath","value":"//button[@data-kt=\"addButton\"]"}
COMMAND: POST /session/d1a395b1624be07bc117af6a930c8232/elements - {"using":"xpath","value":"//button[@data-kt=\"addButton\"]"}
RESULT: {"using":"xpath","value":"//button[@data-kt=\"addButton\"]"}
COMMAND: POST /session/d1a395b1624be07bc117af6a930c8232/element - {"using":"xpath","value":"//button[@data-kt=\"addButton\"]"}
RESULT: {"using":"xpath","value":"//button[@data-kt=\"addButton\"]"}
COMMAND: POST /session/d1a395b1624be07bc117af6a930c8232/execute/sync - {"script":"<script> [8489 bytes]","args":[{"element-6066-11e4-a52e-4f735466cecf":"f.AB5CB7F68D9467DB6E6600E6EA1FB744.d.A2C589C13DAAF0B898F5BE96569C4ADB.e.2761","ELEMENT":"f.AB5CB7F68D9467DB6E6600E6EA1FB744.d.A2C589C13DAAF0B898F5BE96569C4ADB.e.2761"}]}
RESULT: {"script":"<script> [8489 bytes]","args":[{"element-6066-11e4-a52e-4f735466cecf":"f.AB5CB7F68D9467DB6E6600E6EA1FB744.d.A2C589C13DAAF0B898F5BE96569C4ADB.e.2761","ELEMENT":"f.AB5CB7F68D9467DB6E6600E6EA1FB744.d.A2C589C13DAAF0B898F5BE96569C4ADB.e.2761"}]}
COMMAND: GET /session/d1a395b1624be07bc117af6a930c8232/element/f.AB5CB7F68D9467DB6E6600E6EA1FB744.d.A2C589C13DAAF0B898F5BE96569C4ADB.e.2761/enabled - {}
COMMAND: GET /session/d1a395b1624be07bc117af6a930c8232/screenshot - {}
RESULT: {}
COMMAND: POST /session/d1a395b1624be07bc117af6a930c8232/execute/sync - {"script":"<script> [8489 bytes]","args":[{"element-6066-11e4-a52e-4f735466cecf":"f.AB5CB7F68D9467DB6E6600E6EA1FB744.d.A2C589C13DAAF0B898F5BE96569C4ADB.e.2761","ELEMENT":"f.AB5CB7F68D9467DB6E6600E6EA1FB744.d.A2C589C13DAAF0B898F5BE96569C4ADB.e.2761"}]}
COMMAND: GET /session/d1a395b1624be07bc117af6a930c8232/screenshot - {}
RESULT: {}
RESULT: {"script":"<script> [8489 bytes]","args":[{"element-6066-11e4-a52e-4f735466cecf":"f.AB5CB7F68D9467DB6E6600E6EA1FB744.d.A2C589C13DAAF0B898F5BE96569C4ADB.e.2761","ELEMENT":"f.AB5CB7F68D9467DB6E6600E6EA1FB744.d.A2C589C13DAAF0B898F5BE96569C4ADB.e.2761"}]}
COMMAND: POST /session/d1a395b1624be07bc117af6a930c8232/execute/sync - {"script":"<script> [5351 bytes]","args":[{"element-6066-11e4-a52e-4f735466cecf":"f.AB5CB7F68D9467DB6E6600E6EA1FB744.d.A2C589C13DAAF0B898F5BE96569C4ADB.e.2761","ELEMENT":"f.AB5CB7F68D9467DB6E6600E6EA1FB744.d.A2C589C13DAAF0B898F5BE96569C4ADB.e.2761"}]}
COMMAND: GET /session/d1a395b1624be07bc117af6a930c8232/screenshot - {}
RESULT: {}
RESULT: {"script":"<script> [5351 bytes]","args":[{"element-6066-11e4-a52e-4f735466cecf":"f.AB5CB7F68D9467DB6E6600E6EA1FB744.d.A2C589C13DAAF0B898F5BE96569C4ADB.e.2761","ELEMENT":"f.AB5CB7F68D9467DB6E6600E6EA1FB744.d.A2C589C13DAAF0B898F5BE96569C4ADB.e.2761"}]}
COMMAND: POST /session/d1a395b1624be07bc117af6a930c8232/element/f.AB5CB7F68D9467DB6E6600E6EA1FB744.d.A2C589C13DAAF0B898F5BE96569C4ADB.e.2761/click - {}
COMMAND: GET /session/d1a395b1624be07bc117af6a930c8232/screenshot - {}
RESULT: {}
RESULT: {}
COMMAND: GET /session/d1a395b1624be07bc117af6a930c8232/screenshot - {}
RESULT: {}
COMMAND: POST /session/d1a395b1624be07bc117af6a930c8232/execute/async - {"script":"<script> [1562 bytes]","args":[{"selector":{"id":"application-managepartners-display-component---NewPartner--addressDetailDetailsName1","interaction":{"idSuffix":"inner"}},"wdio_ui5_key":"applicationmanagepartners-display-component---NewPartner--addressDetailDetailsName1"}]}
RESULT: {}
RESULT: {"script":"<script> [1562 bytes]","args":[{"selector":{"id":"application-managepartners-display-component---NewPartner--addressDetailDetailsName1","interaction":{"idSuffix":"inner"}},"wdio_ui5_key":"applicationmanagepartners-display-component---NewPartner--addressDetailDetailsName1"}]}
RESULT: undefined
COMMAND: POST /session/d1a395b1624be07bc117af6a930c8232/execute/async - {"script":"<script> [776 bytes]","args":[{"enterText":"External Partner WDIO","selector":{"id":"application-managepartners-display-component---NewPartner--addressDetailDetailsName1","interaction":{"idSuffix":"inner"}},"clearTextFirst":true,"interactionType":"ENTER_TEXT"}]}
RESULT: {"script":"<script> [776 bytes]","args":[{"enterText":"External Partner WDIO","selector":{"id":"application-managepartners-display-component---NewPartner--addressDetailDetailsName1","interaction":{"idSuffix":"inner"}},"clearTextFirst":true,"interactionType":"ENTER_TEXT"}]}
COMMAND: POST /session/d1a395b1624be07bc117af6a930c8232/execute/async - {"script":"<script> [1562 bytes]","args":[{"selector":{"id":"application-managepartners-display-component---NewPartner--addressDetailDetailsLanguage-arrow"},"wdio_ui5_key":"applicationmanagepartners-display-component---NewPartner--addressDetailDetailsLanguage-arrow"}]}
RESULT: {"script":"<script> [1562 bytes]","args":[{"selector":{"id":"application-managepartners-display-component---NewPartner--addressDetailDetailsLanguage-arrow"},"wdio_ui5_key":"applicationmanagepartners-display-component---NewPartner--addressDetailDetailsLanguage-arrow"}]}
RESULT: undefined
COMMAND: POST /session/d1a395b1624be07bc117af6a930c8232/element - {"using":"xpath","value":"//*[@id=\"application-managepartners-display-component---NewPartner--addressDetailDetailsLanguage-arrow\"]"}
RESULT: {"using":"xpath","value":"//*[@id=\"application-managepartners-display-component---NewPartner--addressDetailDetailsLanguage-arrow\"]"}
COMMAND: POST /session/d1a395b1624be07bc117af6a930c8232/element/f.AB5CB7F68D9467DB6E6600E6EA1FB744.d.A2C589C13DAAF0B898F5BE96569C4ADB.e.3163/click - {}
RESULT: {}
COMMAND: POST /session/d1a395b1624be07bc117af6a930c8232/element - {"using":"xpath","value":"//span[contains(text(), \"English\")]"}
COMMAND: GET /session/d1a395b1624be07bc117af6a930c8232/screenshot - {}
RESULT: {"using":"xpath","value":"//span[contains(text(), \"English\")]"}
COMMAND: POST /session/d1a395b1624be07bc117af6a930c8232/element/f.AB5CB7F68D9467DB6E6600E6EA1FB744.d.A2C589C13DAAF0B898F5BE96569C4ADB.e.3164/click - {}
RESULT: {}
RESULT: {}
COMMAND: GET /session/d1a395b1624be07bc117af6a930c8232/screenshot - {}
RESULT: {}
COMMAND: POST /session/d1a395b1624be07bc117af6a930c8232/execute/async - {"script":"<script> [1562 bytes]","args":[{"selector":{"id":"application-managepartners-display-component---NewPartner--addressDetailDetailsCity1","interaction":{"idSuffix":"inner"}},"wdio_ui5_key":"applicationmanagepartners-display-component---NewPartner--addressDetailDetailsCity1"}]}
RESULT: {"script":"<script> [1562 bytes]","args":[{"selector":{"id":"application-managepartners-display-component---NewPartner--addressDetailDetailsCity1","interaction":{"idSuffix":"inner"}},"wdio_ui5_key":"applicationmanagepartners-display-component---NewPartner--addressDetailDetailsCity1"}]}
RESULT: undefined
COMMAND: POST /session/d1a395b1624be07bc117af6a930c8232/execute/async - {"script":"<script> [776 bytes]","args":[{"enterText":"Rosario","selector":{"id":"application-managepartners-display-component---NewPartner--addressDetailDetailsCity1","interaction":{"idSuffix":"inner"}},"clearTextFirst":true,"interactionType":"ENTER_TEXT"}]}
RESULT: {"script":"<script> [776 bytes]","args":[{"enterText":"Rosario","selector":{"id":"application-managepartners-display-component---NewPartner--addressDetailDetailsCity1","interaction":{"idSuffix":"inner"}},"clearTextFirst":true,"interactionType":"ENTER_TEXT"}]}
COMMAND: POST /session/d1a395b1624be07bc117af6a930c8232/execute/async - {"script":"<script> [1562 bytes]","args":[{"selector":{"id":"application-managepartners-display-component---NewPartner--addressDetailDetailsCountry-arrow"},"wdio_ui5_key":"applicationmanagepartners-display-component---NewPartner--addressDetailDetailsCountry-arrow"}]}
RESULT: {"script":"<script> [1562 bytes]","args":[{"selector":{"id":"application-managepartners-display-component---NewPartner--addressDetailDetailsCountry-arrow"},"wdio_ui5_key":"applicationmanagepartners-display-component---NewPartner--addressDetailDetailsCountry-arrow"}]}
RESULT: undefined
COMMAND: POST /session/d1a395b1624be07bc117af6a930c8232/element - {"using":"xpath","value":"//*[@id=\"application-managepartners-display-component---NewPartner--addressDetailDetailsCountry-arrow\"]"}
RESULT: {"using":"xpath","value":"//*[@id=\"application-managepartners-display-component---NewPartner--addressDetailDetailsCountry-arrow\"]"}
COMMAND: POST /session/d1a395b1624be07bc117af6a930c8232/element/f.AB5CB7F68D9467DB6E6600E6EA1FB744.d.A2C589C13DAAF0B898F5BE96569C4ADB.e.3149/click - {}
RESULT: {}
COMMAND: POST /session/d1a395b1624be07bc117af6a930c8232/element - {"using":"xpath","value":"//span[contains(text(), \"Argentina\")]"}
COMMAND: GET /session/d1a395b1624be07bc117af6a930c8232/screenshot - {}
RESULT: {"using":"xpath","value":"//span[contains(text(), \"Argentina\")]"}
COMMAND: POST /session/d1a395b1624be07bc117af6a930c8232/element/f.AB5CB7F68D9467DB6E6600E6EA1FB744.d.A2C589C13DAAF0B898F5BE96569C4ADB.e.3166/click - {}
RESULT: {}
RESULT: {}
COMMAND: GET /session/d1a395b1624be07bc117af6a930c8232/screenshot - {}
RESULT: {}
COMMAND: POST /session/d1a395b1624be07bc117af6a930c8232/element - {"using":"xpath","value":"//bdi[contains(text(), \"Commercial\")]"}
RESULT: {"using":"xpath","value":"//bdi[contains(text(), \"Commercial\")]"}
COMMAND: POST /session/d1a395b1624be07bc117af6a930c8232/element/f.AB5CB7F68D9467DB6E6600E6EA1FB744.d.A2C589C13DAAF0B898F5BE96569C4ADB.e.3167/click - {}
RESULT: {}
COMMAND: GET /session/d1a395b1624be07bc117af6a930c8232/screenshot - {}
RESULT: {}
COMMAND: POST /session/d1a395b1624be07bc117af6a930c8232/execute/async - {"script":"<script> [1562 bytes]","args":[{"selector":{"id":"application-managepartners-display-component---NewPartner--partnerDetailInternal-arrow"},"wdio_ui5_key":"applicationmanagepartners-display-component---NewPartner--partnerDetailInternal-arrow"}]}
RESULT: {"script":"<script> [1562 bytes]","args":[{"selector":{"id":"application-managepartners-display-component---NewPartner--partnerDetailInternal-arrow"},"wdio_ui5_key":"applicationmanagepartners-display-component---NewPartner--partnerDetailInternal-arrow"}]}
RESULT: undefined
COMMAND: POST /session/d1a395b1624be07bc117af6a930c8232/element - {"using":"xpath","value":"//*[@id=\"application-managepartners-display-component---NewPartner--partnerDetailInternal-arrow\"]"}
RESULT: {"using":"xpath","value":"//*[@id=\"application-managepartners-display-component---NewPartner--partnerDetailInternal-arrow\"]"}
COMMAND: POST /session/d1a395b1624be07bc117af6a930c8232/element/f.AB5CB7F68D9467DB6E6600E6EA1FB744.d.A2C589C13DAAF0B898F5BE96569C4ADB.e.3175/click - {}
RESULT: {}
COMMAND: POST /session/d1a395b1624be07bc117af6a930c8232/element - {"using":"xpath","value":"//span[contains(text(), \"External partner\")]"}
COMMAND: GET /session/d1a395b1624be07bc117af6a930c8232/screenshot - {}
RESULT: {"using":"xpath","value":"//span[contains(text(), \"External partner\")]"}
COMMAND: POST /session/d1a395b1624be07bc117af6a930c8232/element/f.AB5CB7F68D9467DB6E6600E6EA1FB744.d.A2C589C13DAAF0B898F5BE96569C4ADB.e.3176/click - {}
RESULT: {}
RESULT: {}
COMMAND: POST /session/d1a395b1624be07bc117af6a930c8232/execute/async - {"script":"<script> [1562 bytes]","args":[{"selector":{"id":"application-managepartners-display-component---NewPartner--partnerDetailsCurrency-arrow"},"wdio_ui5_key":"applicationmanagepartners-display-component---NewPartner--partnerDetailsCurrency-arrow"}]}
COMMAND: GET /session/d1a395b1624be07bc117af6a930c8232/screenshot - {}
RESULT: {"script":"<script> [1562 bytes]","args":[{"selector":{"id":"application-managepartners-display-component---NewPartner--partnerDetailsCurrency-arrow"},"wdio_ui5_key":"applicationmanagepartners-display-component---NewPartner--partnerDetailsCurrency-arrow"}]}
RESULT: undefined
COMMAND: POST /session/d1a395b1624be07bc117af6a930c8232/element - {"using":"xpath","value":"//*[@id=\"application-managepartners-display-component---NewPartner--partnerDetailsCurrency-arrow\"]"}
RESULT: {}
RESULT: {"using":"xpath","value":"//*[@id=\"application-managepartners-display-component---NewPartner--partnerDetailsCurrency-arrow\"]"}
COMMAND: POST /session/d1a395b1624be07bc117af6a930c8232/element/f.AB5CB7F68D9467DB6E6600E6EA1FB744.d.A2C589C13DAAF0B898F5BE96569C4ADB.e.3181/click - {}
RESULT: {}
COMMAND: POST /session/d1a395b1624be07bc117af6a930c8232/element - {"using":"xpath","value":"//span[contains(text(), \"US Dollar\")]"}
COMMAND: GET /session/d1a395b1624be07bc117af6a930c8232/screenshot - {}
RESULT: {"using":"xpath","value":"//span[contains(text(), \"US Dollar\")]"}
COMMAND: POST /session/d1a395b1624be07bc117af6a930c8232/element/f.AB5CB7F68D9467DB6E6600E6EA1FB744.d.A2C589C13DAAF0B898F5BE96569C4ADB.e.3182/click - {}
RESULT: {}
RESULT: {}
COMMAND: GET /session/d1a395b1624be07bc117af6a930c8232/screenshot - {}
RESULT: {}
COMMAND: POST /session/d1a395b1624be07bc117af6a930c8232/element - {"using":"xpath","value":"//input[@id=\"application-managepartners-display-component---NewPartner--companyCodeComboBox-inner\"]"}
RESULT: {"using":"xpath","value":"//input[@id=\"application-managepartners-display-component---NewPartner--companyCodeComboBox-inner\"]"}
COMMAND: POST /session/d1a395b1624be07bc117af6a930c8232/element/f.AB5CB7F68D9467DB6E6600E6EA1FB744.d.A2C589C13DAAF0B898F5BE96569C4ADB.e.3022/clear - {}
RESULT: {}
COMMAND: POST /session/d1a395b1624be07bc117af6a930c8232/element/f.AB5CB7F68D9467DB6E6600E6EA1FB744.d.A2C589C13DAAF0B898F5BE96569C4ADB.e.3022/value - {"text":"C002"}
COMMAND: GET /session/d1a395b1624be07bc117af6a930c8232/screenshot - {}
RESULT: {"text":"C002"}
COMMAND: GET /session/d1a395b1624be07bc117af6a930c8232/screenshot - {}
RESULT: {}
RESULT: {}
COMMAND: POST /session/d1a395b1624be07bc117af6a930c8232/element - {"using":"xpath","value":"//span[contains(text(), \"C002\")]"}
RESULT: {"using":"xpath","value":"//span[contains(text(), \"C002\")]"}
COMMAND: POST /session/d1a395b1624be07bc117af6a930c8232/element/f.AB5CB7F68D9467DB6E6600E6EA1FB744.d.A2C589C13DAAF0B898F5BE96569C4ADB.e.3186/click - {}
RESULT: {}
COMMAND: GET /session/d1a395b1624be07bc117af6a930c8232/screenshot - {}
RESULT: {}
COMMAND: POST /session/d1a395b1624be07bc117af6a930c8232/execute/async - {"script":"<script> [1562 bytes]","args":[{"selector":{"id":"application-managepartners-display-component---NewPartner--btnAddTableRow-img"},"wdio_ui5_key":"applicationmanagepartners-display-component---NewPartner--btnAddTableRow-img"}]}
RESULT: {"script":"<script> [1562 bytes]","args":[{"selector":{"id":"application-managepartners-display-component---NewPartner--btnAddTableRow-img"},"wdio_ui5_key":"applicationmanagepartners-display-component---NewPartner--btnAddTableRow-img"}]}
RESULT: undefined
COMMAND: POST /session/d1a395b1624be07bc117af6a930c8232/element - {"using":"xpath","value":"//*[@id=\"application-managepartners-display-component---NewPartner--btnAddTableRow-img\"]"}
RESULT: {"using":"xpath","value":"//*[@id=\"application-managepartners-display-component---NewPartner--btnAddTableRow-img\"]"}
COMMAND: POST /session/d1a395b1624be07bc117af6a930c8232/element/f.AB5CB7F68D9467DB6E6600E6EA1FB744.d.A2C589C13DAAF0B898F5BE96569C4ADB.e.3187/click - {}
RESULT: {}
COMMAND: GET /session/d1a395b1624be07bc117af6a930c8232/screenshot - {}
RESULT: {}
COMMAND: POST /session/d1a395b1624be07bc117af6a930c8232/element - {"using":"xpath","value":"//input[@id=\"application-managepartners-display-component---NewPartner--assignmentYard-application-managepartners-display-component---NewPartner--assignmentsTable-0-inner\"]"}
RESULT: {"using":"xpath","value":"//input[@id=\"application-managepartners-display-component---NewPartner--assignmentYard-application-managepartners-display-component---NewPartner--assignmentsTable-0-inner\"]"}
COMMAND: POST /session/d1a395b1624be07bc117af6a930c8232/element/f.AB5CB7F68D9467DB6E6600E6EA1FB744.d.A2C589C13DAAF0B898F5BE96569C4ADB.e.3190/clear - {}
RESULT: {}
COMMAND: POST /session/d1a395b1624be07bc117af6a930c8232/element/f.AB5CB7F68D9467DB6E6600E6EA1FB744.d.A2C589C13DAAF0B898F5BE96569C4ADB.e.3190/value - {"text":"222"}
COMMAND: GET /session/d1a395b1624be07bc117af6a930c8232/screenshot - {}
RESULT: {"text":"222"}
COMMAND: GET /session/d1a395b1624be07bc117af6a930c8232/screenshot - {}
RESULT: {}
RESULT: {}
COMMAND: POST /session/d1a395b1624be07bc117af6a930c8232/element - {"using":"xpath","value":"//li[.//span[text()='222']]"}
RESULT: {"using":"xpath","value":"//li[.//span[text()='222']]"}
COMMAND: POST /session/d1a395b1624be07bc117af6a930c8232/element/f.AB5CB7F68D9467DB6E6600E6EA1FB744.d.A2C589C13DAAF0B898F5BE96569C4ADB.e.3198/click - {}
RESULT: {}
COMMAND: GET /session/d1a395b1624be07bc117af6a930c8232/screenshot - {}
RESULT: {}
COMMAND: POST /session/d1a395b1624be07bc117af6a930c8232/actions - {"actions":[{"id":"action6","type":"key","parameters":{},"actions":[{"type":"keyDown","value":"î€‡"},{"type":"pause","duration":10},{"type":"keyUp","value":"î€‡"}]}]}
RESULT: {"actions":[{"id":"action6","type":"key","parameters":{},"actions":[{"type":"keyDown","value":"î€‡"},{"type":"pause","duration":10},{"type":"keyUp","value":"î€‡"}]}]}
COMMAND: POST /session/d1a395b1624be07bc117af6a930c8232/element - {"using":"xpath","value":"//td[contains(@id, \"assignmentsTable-0-cell2\")]/div/div"}
COMMAND: GET /session/d1a395b1624be07bc117af6a930c8232/screenshot - {}
RESULT: {"using":"xpath","value":"//td[contains(@id, \"assignmentsTable-0-cell2\")]/div/div"}
COMMAND: POST /session/d1a395b1624be07bc117af6a930c8232/element/f.AB5CB7F68D9467DB6E6600E6EA1FB744.d.A2C589C13DAAF0B898F5BE96569C4ADB.e.3201/click - {}
RESULT: {}
RESULT: {}
COMMAND: GET /session/d1a395b1624be07bc117af6a930c8232/screenshot - {}
RESULT: {}
COMMAND: POST /session/d1a395b1624be07bc117af6a930c8232/element - {"using":"xpath","value":"//button[@data-kt=\"saveButton\"]"}
RESULT: {"using":"xpath","value":"//button[@data-kt=\"saveButton\"]"}
COMMAND: POST /session/d1a395b1624be07bc117af6a930c8232/element/f.AB5CB7F68D9467DB6E6600E6EA1FB744.d.A2C589C13DAAF0B898F5BE96569C4ADB.e.3077/click - {}
RESULT: {}
COMMAND: GET /session/d1a395b1624be07bc117af6a930c8232/screenshot - {}
RESULT: {}
COMMAND: POST /session/d1a395b1624be07bc117af6a930c8232/element - {"using":"xpath","value":"//header[contains(@id, 'ObjectPageLayout-headerTitle')]/div[1]/div[2]/div[2]/span[1]"}
RESULT: {"using":"xpath","value":"//header[contains(@id, 'ObjectPageLayout-headerTitle')]/div[1]/div[2]/div[2]/span[1]"}
COMMAND: POST /session/d1a395b1624be07bc117af6a930c8232/elements - {"using":"xpath","value":"//header[contains(@id, 'ObjectPageLayout-headerTitle')]/div[1]/div[2]/div[2]/span[1]"}
RESULT: {"using":"xpath","value":"//header[contains(@id, 'ObjectPageLayout-headerTitle')]/div[1]/div[2]/div[2]/span[1]"}
COMMAND: POST /session/d1a395b1624be07bc117af6a930c8232/execute/sync - {"script":"<script> [56 bytes]","args":[{"element-6066-11e4-a52e-4f735466cecf":"f.AB5CB7F68D9467DB6E6600E6EA1FB744.d.A2C589C13DAAF0B898F5BE96569C4ADB.e.3338","ELEMENT":"f.AB5CB7F68D9467DB6E6600E6EA1FB744.d.A2C589C13DAAF0B898F5BE96569C4ADB.e.3338"}]}
RESULT: {"script":"<script> [56 bytes]","args":[{"element-6066-11e4-a52e-4f735466cecf":"f.AB5CB7F68D9467DB6E6600E6EA1FB744.d.A2C589C13DAAF0B898F5BE96569C4ADB.e.3338","ELEMENT":"f.AB5CB7F68D9467DB6E6600E6EA1FB744.d.A2C589C13DAAF0B898F5BE96569C4ADB.e.3338"}]}
COMMAND: POST /session/d1a395b1624be07bc117af6a930c8232/element - {"using":"css selector","value":"#shell-header-logo"}
COMMAND: GET /session/d1a395b1624be07bc117af6a930c8232/screenshot - {}
RESULT: {"using":"css selector","value":"#shell-header-logo"}
COMMAND: POST /session/d1a395b1624be07bc117af6a930c8232/element/f.AB5CB7F68D9467DB6E6600E6EA1FB744.d.A2C589C13DAAF0B898F5BE96569C4ADB.e.2726/click - {}
RESULT: {}
RESULT: {}
COMMAND: GET /session/d1a395b1624be07bc117af6a930c8232/screenshot - {}
RESULT: {}
COMMAND: POST /session/d1a395b1624be07bc117af6a930c8232/execute/sync - {"script":"<script> [299 bytes]","args":[["getModel","getResource"]]}
RESULT: {"script":"<script> [299 bytes]","args":[["getModel","getResource"]]}
COMMAND: GET /session/d1a395b1624be07bc117af6a930c8232/screenshot - {}
]]></system-out>
    </testcase>
    <testcase classname="chrome.135_0_7049_96.windows.Create_partner_US118246" name="Should create new external WHM partner" time="69.514">
      <system-out><![CDATA[
COMMAND: POST /session/d1a395b1624be07bc117af6a930c8232/window/fullscreen - {}
RESULT: {}
RESULT: {}
RESULT: undefined
COMMAND: POST /session/d1a395b1624be07bc117af6a930c8232/element - {"using":"xpath","value":"//*[@id=\"__tile38\"]"}
RESULT: {"using":"xpath","value":"//*[@id=\"__tile38\"]"}
COMMAND: POST /session/d1a395b1624be07bc117af6a930c8232/element/f.AB5CB7F68D9467DB6E6600E6EA1FB744.d.A2C589C13DAAF0B898F5BE96569C4ADB.e.2614/click - {}
RESULT: {}
COMMAND: POST /session/d1a395b1624be07bc117af6a930c8232/element - {"using":"xpath","value":"//button[@data-kt=\"addButton\"]"}
COMMAND: GET /session/d1a395b1624be07bc117af6a930c8232/screenshot - {}
RESULT: {"using":"xpath","value":"//button[@data-kt=\"addButton\"]"}
COMMAND: POST /session/d1a395b1624be07bc117af6a930c8232/elements - {"using":"xpath","value":"//button[@data-kt=\"addButton\"]"}
RESULT: {}
RESULT: {"using":"xpath","value":"//button[@data-kt=\"addButton\"]"}
COMMAND: POST /session/d1a395b1624be07bc117af6a930c8232/elements - {"using":"xpath","value":"//button[@data-kt=\"addButton\"]"}
RESULT: {"using":"xpath","value":"//button[@data-kt=\"addButton\"]"}
COMMAND: POST /session/d1a395b1624be07bc117af6a930c8232/elements - {"using":"xpath","value":"//button[@data-kt=\"addButton\"]"}
RESULT: {"using":"xpath","value":"//button[@data-kt=\"addButton\"]"}
COMMAND: POST /session/d1a395b1624be07bc117af6a930c8232/elements - {"using":"xpath","value":"//button[@data-kt=\"addButton\"]"}
RESULT: {"using":"xpath","value":"//button[@data-kt=\"addButton\"]"}
COMMAND: POST /session/d1a395b1624be07bc117af6a930c8232/elements - {"using":"xpath","value":"//button[@data-kt=\"addButton\"]"}
RESULT: {"using":"xpath","value":"//button[@data-kt=\"addButton\"]"}
COMMAND: POST /session/d1a395b1624be07bc117af6a930c8232/elements - {"using":"xpath","value":"//button[@data-kt=\"addButton\"]"}
RESULT: {"using":"xpath","value":"//button[@data-kt=\"addButton\"]"}
COMMAND: POST /session/d1a395b1624be07bc117af6a930c8232/elements - {"using":"xpath","value":"//button[@data-kt=\"addButton\"]"}
RESULT: {"using":"xpath","value":"//button[@data-kt=\"addButton\"]"}
COMMAND: POST /session/d1a395b1624be07bc117af6a930c8232/elements - {"using":"xpath","value":"//button[@data-kt=\"addButton\"]"}
RESULT: {"using":"xpath","value":"//button[@data-kt=\"addButton\"]"}
COMMAND: POST /session/d1a395b1624be07bc117af6a930c8232/elements - {"using":"xpath","value":"//button[@data-kt=\"addButton\"]"}
RESULT: {"using":"xpath","value":"//button[@data-kt=\"addButton\"]"}
COMMAND: POST /session/d1a395b1624be07bc117af6a930c8232/elements - {"using":"xpath","value":"//button[@data-kt=\"addButton\"]"}
RESULT: {"using":"xpath","value":"//button[@data-kt=\"addButton\"]"}
COMMAND: POST /session/d1a395b1624be07bc117af6a930c8232/elements - {"using":"xpath","value":"//button[@data-kt=\"addButton\"]"}
RESULT: {"using":"xpath","value":"//button[@data-kt=\"addButton\"]"}
COMMAND: POST /session/d1a395b1624be07bc117af6a930c8232/elements - {"using":"xpath","value":"//button[@data-kt=\"addButton\"]"}
RESULT: {"using":"xpath","value":"//button[@data-kt=\"addButton\"]"}
COMMAND: POST /session/d1a395b1624be07bc117af6a930c8232/element - {"using":"xpath","value":"//button[@data-kt=\"addButton\"]"}
RESULT: {"using":"xpath","value":"//button[@data-kt=\"addButton\"]"}
COMMAND: POST /session/d1a395b1624be07bc117af6a930c8232/execute/sync - {"script":"<script> [8489 bytes]","args":[{"element-6066-11e4-a52e-4f735466cecf":"f.AB5CB7F68D9467DB6E6600E6EA1FB744.d.A2C589C13DAAF0B898F5BE96569C4ADB.e.3385","ELEMENT":"f.AB5CB7F68D9467DB6E6600E6EA1FB744.d.A2C589C13DAAF0B898F5BE96569C4ADB.e.3385"}]}
RESULT: {"script":"<script> [8489 bytes]","args":[{"element-6066-11e4-a52e-4f735466cecf":"f.AB5CB7F68D9467DB6E6600E6EA1FB744.d.A2C589C13DAAF0B898F5BE96569C4ADB.e.3385","ELEMENT":"f.AB5CB7F68D9467DB6E6600E6EA1FB744.d.A2C589C13DAAF0B898F5BE96569C4ADB.e.3385"}]}
COMMAND: GET /session/d1a395b1624be07bc117af6a930c8232/element/f.AB5CB7F68D9467DB6E6600E6EA1FB744.d.A2C589C13DAAF0B898F5BE96569C4ADB.e.3385/enabled - {}
COMMAND: GET /session/d1a395b1624be07bc117af6a930c8232/screenshot - {}
RESULT: {}
COMMAND: POST /session/d1a395b1624be07bc117af6a930c8232/execute/sync - {"script":"<script> [8489 bytes]","args":[{"element-6066-11e4-a52e-4f735466cecf":"f.AB5CB7F68D9467DB6E6600E6EA1FB744.d.A2C589C13DAAF0B898F5BE96569C4ADB.e.3385","ELEMENT":"f.AB5CB7F68D9467DB6E6600E6EA1FB744.d.A2C589C13DAAF0B898F5BE96569C4ADB.e.3385"}]}
COMMAND: GET /session/d1a395b1624be07bc117af6a930c8232/screenshot - {}
RESULT: {}
RESULT: {"script":"<script> [8489 bytes]","args":[{"element-6066-11e4-a52e-4f735466cecf":"f.AB5CB7F68D9467DB6E6600E6EA1FB744.d.A2C589C13DAAF0B898F5BE96569C4ADB.e.3385","ELEMENT":"f.AB5CB7F68D9467DB6E6600E6EA1FB744.d.A2C589C13DAAF0B898F5BE96569C4ADB.e.3385"}]}
COMMAND: POST /session/d1a395b1624be07bc117af6a930c8232/execute/sync - {"script":"<script> [5351 bytes]","args":[{"element-6066-11e4-a52e-4f735466cecf":"f.AB5CB7F68D9467DB6E6600E6EA1FB744.d.A2C589C13DAAF0B898F5BE96569C4ADB.e.3385","ELEMENT":"f.AB5CB7F68D9467DB6E6600E6EA1FB744.d.A2C589C13DAAF0B898F5BE96569C4ADB.e.3385"}]}
COMMAND: GET /session/d1a395b1624be07bc117af6a930c8232/screenshot - {}
RESULT: {}
RESULT: {"script":"<script> [5351 bytes]","args":[{"element-6066-11e4-a52e-4f735466cecf":"f.AB5CB7F68D9467DB6E6600E6EA1FB744.d.A2C589C13DAAF0B898F5BE96569C4ADB.e.3385","ELEMENT":"f.AB5CB7F68D9467DB6E6600E6EA1FB744.d.A2C589C13DAAF0B898F5BE96569C4ADB.e.3385"}]}
COMMAND: POST /session/d1a395b1624be07bc117af6a930c8232/element/f.AB5CB7F68D9467DB6E6600E6EA1FB744.d.A2C589C13DAAF0B898F5BE96569C4ADB.e.3385/click - {}
COMMAND: GET /session/d1a395b1624be07bc117af6a930c8232/screenshot - {}
RESULT: {}
RESULT: {}
COMMAND: GET /session/d1a395b1624be07bc117af6a930c8232/screenshot - {}
RESULT: undefined
COMMAND: POST /session/d1a395b1624be07bc117af6a930c8232/execute/async - {"script":"<script> [776 bytes]","args":[{"enterText":"WHM Partner WDIO","selector":{"id":"application-managepartners-display-component---NewPartner--addressDetailDetailsName1","interaction":{"idSuffix":"inner"}},"clearTextFirst":true,"interactionType":"ENTER_TEXT"}]}
RESULT: {}
RESULT: {}
RESULT: {"script":"<script> [776 bytes]","args":[{"enterText":"WHM Partner WDIO","selector":{"id":"application-managepartners-display-component---NewPartner--addressDetailDetailsName1","interaction":{"idSuffix":"inner"}},"clearTextFirst":true,"interactionType":"ENTER_TEXT"}]}
RESULT: undefined
COMMAND: POST /session/d1a395b1624be07bc117af6a930c8232/element - {"using":"xpath","value":"//*[@id=\"application-managepartners-display-component---NewPartner--addressDetailDetailsLanguage-arrow\"]"}
RESULT: {"using":"xpath","value":"//*[@id=\"application-managepartners-display-component---NewPartner--addressDetailDetailsLanguage-arrow\"]"}
COMMAND: POST /session/d1a395b1624be07bc117af6a930c8232/element/f.AB5CB7F68D9467DB6E6600E6EA1FB744.d.A2C589C13DAAF0B898F5BE96569C4ADB.e.3781/click - {}
RESULT: {}
COMMAND: POST /session/d1a395b1624be07bc117af6a930c8232/element - {"using":"xpath","value":"//span[contains(text(), \"English\")]"}
COMMAND: GET /session/d1a395b1624be07bc117af6a930c8232/screenshot - {}
RESULT: {"using":"xpath","value":"//span[contains(text(), \"English\")]"}
COMMAND: POST /session/d1a395b1624be07bc117af6a930c8232/element/f.AB5CB7F68D9467DB6E6600E6EA1FB744.d.A2C589C13DAAF0B898F5BE96569C4ADB.e.3782/click - {}
RESULT: {}
RESULT: {}
COMMAND: GET /session/d1a395b1624be07bc117af6a930c8232/screenshot - {}
RESULT: {}
RESULT: undefined
COMMAND: POST /session/d1a395b1624be07bc117af6a930c8232/execute/async - {"script":"<script> [776 bytes]","args":[{"enterText":"Rosario","selector":{"id":"application-managepartners-display-component---NewPartner--addressDetailDetailsCity1","interaction":{"idSuffix":"inner"}},"clearTextFirst":true,"interactionType":"ENTER_TEXT"}]}
RESULT: {"script":"<script> [776 bytes]","args":[{"enterText":"Rosario","selector":{"id":"application-managepartners-display-component---NewPartner--addressDetailDetailsCity1","interaction":{"idSuffix":"inner"}},"clearTextFirst":true,"interactionType":"ENTER_TEXT"}]}
RESULT: undefined
COMMAND: POST /session/d1a395b1624be07bc117af6a930c8232/element - {"using":"xpath","value":"//*[@id=\"application-managepartners-display-component---NewPartner--addressDetailDetailsCountry-arrow\"]"}
RESULT: {"using":"xpath","value":"//*[@id=\"application-managepartners-display-component---NewPartner--addressDetailDetailsCountry-arrow\"]"}
COMMAND: POST /session/d1a395b1624be07bc117af6a930c8232/element/f.AB5CB7F68D9467DB6E6600E6EA1FB744.d.A2C589C13DAAF0B898F5BE96569C4ADB.e.3769/click - {}
RESULT: {}
COMMAND: POST /session/d1a395b1624be07bc117af6a930c8232/element - {"using":"xpath","value":"//span[contains(text(), \"Argentina\")]"}
COMMAND: GET /session/d1a395b1624be07bc117af6a930c8232/screenshot - {}
RESULT: {"using":"xpath","value":"//span[contains(text(), \"Argentina\")]"}
COMMAND: POST /session/d1a395b1624be07bc117af6a930c8232/element/f.AB5CB7F68D9467DB6E6600E6EA1FB744.d.A2C589C13DAAF0B898F5BE96569C4ADB.e.3783/click - {}
RESULT: {}
RESULT: {}
COMMAND: GET /session/d1a395b1624be07bc117af6a930c8232/screenshot - {}
RESULT: {}
COMMAND: POST /session/d1a395b1624be07bc117af6a930c8232/element - {"using":"xpath","value":"//bdi[contains(text(), \"Commercial\")]"}
RESULT: {"using":"xpath","value":"//bdi[contains(text(), \"Commercial\")]"}
COMMAND: POST /session/d1a395b1624be07bc117af6a930c8232/element/f.AB5CB7F68D9467DB6E6600E6EA1FB744.d.A2C589C13DAAF0B898F5BE96569C4ADB.e.3784/click - {}
RESULT: {}
COMMAND: GET /session/d1a395b1624be07bc117af6a930c8232/screenshot - {}
RESULT: {}
RESULT: undefined
COMMAND: POST /session/d1a395b1624be07bc117af6a930c8232/element - {"using":"xpath","value":"//*[@id=\"application-managepartners-display-component---NewPartner--partnerDetailInternal-arrow\"]"}
RESULT: {"using":"xpath","value":"//*[@id=\"application-managepartners-display-component---NewPartner--partnerDetailInternal-arrow\"]"}
COMMAND: POST /session/d1a395b1624be07bc117af6a930c8232/element/f.AB5CB7F68D9467DB6E6600E6EA1FB744.d.A2C589C13DAAF0B898F5BE96569C4ADB.e.3792/click - {}
RESULT: {}
COMMAND: POST /session/d1a395b1624be07bc117af6a930c8232/element - {"using":"xpath","value":"//span[contains(text(), \"External partner\")]"}
COMMAND: GET /session/d1a395b1624be07bc117af6a930c8232/screenshot - {}
RESULT: {"using":"xpath","value":"//span[contains(text(), \"External partner\")]"}
COMMAND: POST /session/d1a395b1624be07bc117af6a930c8232/element/f.AB5CB7F68D9467DB6E6600E6EA1FB744.d.A2C589C13DAAF0B898F5BE96569C4ADB.e.3793/click - {}
RESULT: {}
RESULT: {}
RESULT: undefined
COMMAND: POST /session/d1a395b1624be07bc117af6a930c8232/element - {"using":"xpath","value":"//*[@id=\"application-managepartners-display-component---NewPartner--partnerDetailsCurrency-arrow\"]"}
COMMAND: GET /session/d1a395b1624be07bc117af6a930c8232/screenshot - {}
RESULT: {"using":"xpath","value":"//*[@id=\"application-managepartners-display-component---NewPartner--partnerDetailsCurrency-arrow\"]"}
COMMAND: POST /session/d1a395b1624be07bc117af6a930c8232/element/f.AB5CB7F68D9467DB6E6600E6EA1FB744.d.A2C589C13DAAF0B898F5BE96569C4ADB.e.3794/click - {}
RESULT: {}
RESULT: {}
COMMAND: POST /session/d1a395b1624be07bc117af6a930c8232/element - {"using":"xpath","value":"//span[contains(text(), \"US Dollar\")]"}
COMMAND: GET /session/d1a395b1624be07bc117af6a930c8232/screenshot - {}
RESULT: {"using":"xpath","value":"//span[contains(text(), \"US Dollar\")]"}
COMMAND: POST /session/d1a395b1624be07bc117af6a930c8232/element/f.AB5CB7F68D9467DB6E6600E6EA1FB744.d.A2C589C13DAAF0B898F5BE96569C4ADB.e.3799/click - {}
RESULT: {}
RESULT: {}
COMMAND: GET /session/d1a395b1624be07bc117af6a930c8232/screenshot - {}
RESULT: {}
COMMAND: POST /session/d1a395b1624be07bc117af6a930c8232/element - {"using":"xpath","value":"//input[@id=\"application-managepartners-display-component---NewPartner--companyCodeComboBox-inner\"]"}
RESULT: {"using":"xpath","value":"//input[@id=\"application-managepartners-display-component---NewPartner--companyCodeComboBox-inner\"]"}
COMMAND: POST /session/d1a395b1624be07bc117af6a930c8232/element/f.AB5CB7F68D9467DB6E6600E6EA1FB744.d.A2C589C13DAAF0B898F5BE96569C4ADB.e.3637/clear - {}
RESULT: {}
COMMAND: POST /session/d1a395b1624be07bc117af6a930c8232/element/f.AB5CB7F68D9467DB6E6600E6EA1FB744.d.A2C589C13DAAF0B898F5BE96569C4ADB.e.3637/value - {"text":"C002"}
COMMAND: GET /session/d1a395b1624be07bc117af6a930c8232/screenshot - {}
RESULT: {"text":"C002"}
COMMAND: GET /session/d1a395b1624be07bc117af6a930c8232/screenshot - {}
RESULT: {}
RESULT: {}
COMMAND: POST /session/d1a395b1624be07bc117af6a930c8232/element - {"using":"xpath","value":"//span[contains(text(), \"C002\")]"}
RESULT: {"using":"xpath","value":"//span[contains(text(), \"C002\")]"}
COMMAND: POST /session/d1a395b1624be07bc117af6a930c8232/element/f.AB5CB7F68D9467DB6E6600E6EA1FB744.d.A2C589C13DAAF0B898F5BE96569C4ADB.e.3803/click - {}
RESULT: {}
COMMAND: GET /session/d1a395b1624be07bc117af6a930c8232/screenshot - {}
RESULT: {}
RESULT: undefined
COMMAND: POST /session/d1a395b1624be07bc117af6a930c8232/element - {"using":"xpath","value":"//*[@id=\"application-managepartners-display-component---NewPartner--btnAddTableRow-img\"]"}
RESULT: {"using":"xpath","value":"//*[@id=\"application-managepartners-display-component---NewPartner--btnAddTableRow-img\"]"}
COMMAND: POST /session/d1a395b1624be07bc117af6a930c8232/element/f.AB5CB7F68D9467DB6E6600E6EA1FB744.d.A2C589C13DAAF0B898F5BE96569C4ADB.e.3804/click - {}
RESULT: {}
COMMAND: GET /session/d1a395b1624be07bc117af6a930c8232/screenshot - {}
RESULT: {}
COMMAND: POST /session/d1a395b1624be07bc117af6a930c8232/element - {"using":"xpath","value":"//input[@id=\"application-managepartners-display-component---NewPartner--assignmentYard-application-managepartners-display-component---NewPartner--assignmentsTable-0-inner\"]"}
RESULT: {"using":"xpath","value":"//input[@id=\"application-managepartners-display-component---NewPartner--assignmentYard-application-managepartners-display-component---NewPartner--assignmentsTable-0-inner\"]"}
COMMAND: POST /session/d1a395b1624be07bc117af6a930c8232/element/f.AB5CB7F68D9467DB6E6600E6EA1FB744.d.A2C589C13DAAF0B898F5BE96569C4ADB.e.3807/clear - {}
RESULT: {}
COMMAND: POST /session/d1a395b1624be07bc117af6a930c8232/element/f.AB5CB7F68D9467DB6E6600E6EA1FB744.d.A2C589C13DAAF0B898F5BE96569C4ADB.e.3807/value - {"text":"223"}
COMMAND: GET /session/d1a395b1624be07bc117af6a930c8232/screenshot - {}
RESULT: {"text":"223"}
COMMAND: GET /session/d1a395b1624be07bc117af6a930c8232/screenshot - {}
RESULT: {}
RESULT: {}
COMMAND: POST /session/d1a395b1624be07bc117af6a930c8232/element - {"using":"xpath","value":"//li[.//span[text()='223']]"}
RESULT: {"using":"xpath","value":"//li[.//span[text()='223']]"}
COMMAND: POST /session/d1a395b1624be07bc117af6a930c8232/element/f.AB5CB7F68D9467DB6E6600E6EA1FB744.d.A2C589C13DAAF0B898F5BE96569C4ADB.e.3815/click - {}
RESULT: {}
COMMAND: GET /session/d1a395b1624be07bc117af6a930c8232/screenshot - {}
RESULT: {}
COMMAND: POST /session/d1a395b1624be07bc117af6a930c8232/actions - {"actions":[{"id":"action7","type":"key","parameters":{},"actions":[{"type":"keyDown","value":"î€‡"},{"type":"pause","duration":10},{"type":"keyUp","value":"î€‡"}]}]}
RESULT: {"actions":[{"id":"action7","type":"key","parameters":{},"actions":[{"type":"keyDown","value":"î€‡"},{"type":"pause","duration":10},{"type":"keyUp","value":"î€‡"}]}]}
COMMAND: POST /session/d1a395b1624be07bc117af6a930c8232/element - {"using":"xpath","value":"//td[contains(@id, \"assignmentsTable-0-cell2\")]/div/div"}
COMMAND: GET /session/d1a395b1624be07bc117af6a930c8232/screenshot - {}
RESULT: {"using":"xpath","value":"//td[contains(@id, \"assignmentsTable-0-cell2\")]/div/div"}
COMMAND: POST /session/d1a395b1624be07bc117af6a930c8232/element/f.AB5CB7F68D9467DB6E6600E6EA1FB744.d.A2C589C13DAAF0B898F5BE96569C4ADB.e.3818/click - {}
RESULT: {}
RESULT: {}
COMMAND: GET /session/d1a395b1624be07bc117af6a930c8232/screenshot - {}
RESULT: {}
COMMAND: POST /session/d1a395b1624be07bc117af6a930c8232/element - {"using":"xpath","value":"//button[@data-kt=\"saveButton\"]"}
RESULT: {"using":"xpath","value":"//button[@data-kt=\"saveButton\"]"}
COMMAND: POST /session/d1a395b1624be07bc117af6a930c8232/element/f.AB5CB7F68D9467DB6E6600E6EA1FB744.d.A2C589C13DAAF0B898F5BE96569C4ADB.e.3719/click - {}
RESULT: {}
COMMAND: GET /session/d1a395b1624be07bc117af6a930c8232/screenshot - {}
RESULT: {}
COMMAND: POST /session/d1a395b1624be07bc117af6a930c8232/element - {"using":"xpath","value":"//header[contains(@id, 'ObjectPageLayout-headerTitle')]/div[1]/div[2]/div[2]/span[1]"}
RESULT: {"using":"xpath","value":"//header[contains(@id, 'ObjectPageLayout-headerTitle')]/div[1]/div[2]/div[2]/span[1]"}
COMMAND: POST /session/d1a395b1624be07bc117af6a930c8232/elements - {"using":"xpath","value":"//header[contains(@id, 'ObjectPageLayout-headerTitle')]/div[1]/div[2]/div[2]/span[1]"}
RESULT: {"using":"xpath","value":"//header[contains(@id, 'ObjectPageLayout-headerTitle')]/div[1]/div[2]/div[2]/span[1]"}
COMMAND: POST /session/d1a395b1624be07bc117af6a930c8232/execute/sync - {"script":"<script> [56 bytes]","args":[{"element-6066-11e4-a52e-4f735466cecf":"f.AB5CB7F68D9467DB6E6600E6EA1FB744.d.A2C589C13DAAF0B898F5BE96569C4ADB.e.3959","ELEMENT":"f.AB5CB7F68D9467DB6E6600E6EA1FB744.d.A2C589C13DAAF0B898F5BE96569C4ADB.e.3959"}]}
RESULT: {"script":"<script> [56 bytes]","args":[{"element-6066-11e4-a52e-4f735466cecf":"f.AB5CB7F68D9467DB6E6600E6EA1FB744.d.A2C589C13DAAF0B898F5BE96569C4ADB.e.3959","ELEMENT":"f.AB5CB7F68D9467DB6E6600E6EA1FB744.d.A2C589C13DAAF0B898F5BE96569C4ADB.e.3959"}]}
COMMAND: POST /session/d1a395b1624be07bc117af6a930c8232/element - {"using":"css selector","value":"#shell-header-logo"}
COMMAND: GET /session/d1a395b1624be07bc117af6a930c8232/screenshot - {}
RESULT: {"using":"css selector","value":"#shell-header-logo"}
COMMAND: POST /session/d1a395b1624be07bc117af6a930c8232/element/f.AB5CB7F68D9467DB6E6600E6EA1FB744.d.A2C589C13DAAF0B898F5BE96569C4ADB.e.3341/click - {}
RESULT: {}
RESULT: {}
COMMAND: GET /session/d1a395b1624be07bc117af6a930c8232/screenshot - {}
RESULT: {}
COMMAND: POST /session/d1a395b1624be07bc117af6a930c8232/execute/sync - {"script":"<script> [299 bytes]","args":[["getModel","getResource"]]}
RESULT: {"script":"<script> [299 bytes]","args":[["getModel","getResource"]]}
COMMAND: POST /session/d1a395b1624be07bc117af6a930c8232/refresh - {}
COMMAND: GET /session/d1a395b1624be07bc117af6a930c8232/screenshot - {}
RESULT: {}
COMMAND: GET /session/d1a395b1624be07bc117af6a930c8232/screenshot - {}
RESULT: {}
RESULT: {}
COMMAND: POST /session/d1a395b1624be07bc117af6a930c8232/refresh - {}
RESULT: {}
COMMAND: GET /session/d1a395b1624be07bc117af6a930c8232/screenshot - {}
RESULT: {}
COMMAND: POST /session/d1a395b1624be07bc117af6a930c8232/window/fullscreen - {}
RESULT: {}
COMMAND: POST /session/d1a395b1624be07bc117af6a930c8232/execute/async - {"script":"<script> [189 bytes]","args":[]}
RESULT: {"script":"<script> [189 bytes]","args":[]}
COMMAND: POST /session/d1a395b1624be07bc117af6a930c8232/execute/async - {"script":"<script> [123 bytes]","args":[]}
RESULT: {"script":"<script> [123 bytes]","args":[]}
COMMAND: POST /session/d1a395b1624be07bc117af6a930c8232/timeouts - {"script":"<number>"}
RESULT: {"script":"<number>"}
COMMAND: GET /session/d1a395b1624be07bc117af6a930c8232/timeouts - {}
RESULT: {}
RESULT: undefined
COMMAND: POST /session/d1a395b1624be07bc117af6a930c8232/execute/async - {"script":"<script> [2676 bytes]","args":[]}
RESULT: {"script":"<script> [2676 bytes]","args":[]}
COMMAND: POST /session/d1a395b1624be07bc117af6a930c8232/execute/async - {"script":"<script> [2342 bytes]","args":[{"protocol":"http","hostname":"0.0.0.0","path":"/","capabilities":{"browserName":"chrome","goog:chromeOptions":{"binary":"C:\\Program Files\\Google\\Chrome\\Application\\chrome.exe","args":["--start-maximized"]}},"logLevel":"warn","connectionRetryTimeout":120000,"connectionRetryCount":3,"logLevels":{},"enableDirectConnect":true,"strictSSL":true,"_":"65 more keys: [\"cacheDir\",\"port\",\"requestedCapabilities\",\"automationProtocol\",\"baseUrl\",\"waitforInterval\",\"waitforTimeout\",\"onReload\",\"beforeCommand\",\"afterCommand\",\"rootDir\",\"specs\",\"suites\",\"exclude\",\"groupLogsByTestSpec\",\"excludeDriverLogs\",\"bail\",\"framework\",\"reporters\",\"services\",\"maxInstances\",\"maxInstancesPerCapability\",\"injectGlobals\",\"filesToWatch\",\"execArgv\",\"runnerEnv\",\"runner\",\"shard\",\"specFileRetries\",\"specFileRetriesDelay\",\"specFileRetriesDeferred\",\"reporterSyncInterval\",\"reporterSyncTimeout\",\"cucumberFeaturesWithLineNumbers\",\"autoCompileOpts\",\"mochaOpts\",\"jasmineOpts\",\"cucumberOpts\",\"onPrepare\",\"onWorkerStart\",\"onWorkerEnd\",\"before\",\"beforeSession\",\"beforeSuite\",\"beforeHook\",\"beforeTest\",\"afterTest\",\"afterHook\",\"afterSuite\",\"afterSession\",\"after\",\"onComplete\",\"beforeAssertion\",\"afterAssertion\",\"beforeFeature\",\"beforeScenario\",\"beforeStep\",\"afterStep\",\"afterScenario\",\"afterFeature\",\"_\",\"suite\",\"$0\",\"ignoredWorkerServices\",\"wdi5\"]"}]}
RESULT: {"script":"<script> [2342 bytes]","args":[{"protocol":"http","hostname":"0.0.0.0","path":"/","capabilities":{"browserName":"chrome","goog:chromeOptions":{"binary":"C:\\Program Files\\Google\\Chrome\\Application\\chrome.exe","args":["--start-maximized"]}},"logLevel":"warn","connectionRetryTimeout":120000,"connectionRetryCount":3,"logLevels":{},"enableDirectConnect":true,"strictSSL":true,"_":"65 more keys: [\"cacheDir\",\"port\",\"requestedCapabilities\",\"automationProtocol\",\"baseUrl\",\"waitforInterval\",\"waitforTimeout\",\"onReload\",\"beforeCommand\",\"afterCommand\",\"rootDir\",\"specs\",\"suites\",\"exclude\",\"groupLogsByTestSpec\",\"excludeDriverLogs\",\"bail\",\"framework\",\"reporters\",\"services\",\"maxInstances\",\"maxInstancesPerCapability\",\"injectGlobals\",\"filesToWatch\",\"execArgv\",\"runnerEnv\",\"runner\",\"shard\",\"specFileRetries\",\"specFileRetriesDelay\",\"specFileRetriesDeferred\",\"reporterSyncInterval\",\"reporterSyncTimeout\",\"cucumberFeaturesWithLineNumbers\",\"autoCompileOpts\",\"mochaOpts\",\"jasmineOpts\",\"cucumberOpts\",\"onPrepare\",\"onWorkerStart\",\"onWorkerEnd\",\"before\",\"beforeSession\",\"beforeSuite\",\"beforeHook\",\"beforeTest\",\"afterTest\",\"afterHook\",\"afterSuite\",\"afterSession\",\"after\",\"onComplete\",\"beforeAssertion\",\"afterAssertion\",\"beforeFeature\",\"beforeScenario\",\"beforeStep\",\"afterStep\",\"afterScenario\",\"afterFeature\",\"_\",\"suite\",\"$0\",\"ignoredWorkerServices\",\"wdi5\"]"}]}
COMMAND: POST /session/d1a395b1624be07bc117af6a930c8232/execute/async - {"script":"<script> [21126 bytes]","args":[35000]}
RESULT: {"script":"<script> [21126 bytes]","args":[35000]}
COMMAND: POST /session/d1a395b1624be07bc117af6a930c8232/element - {"using":"css selector","value":"#shell-header-logo"}
RESULT: {"using":"css selector","value":"#shell-header-logo"}
COMMAND: POST /session/d1a395b1624be07bc117af6a930c8232/element/f.AB5CB7F68D9467DB6E6600E6EA1FB744.d.61F92ABB5BC9CEBA9ABBA0287E5D5960.e.4105/click - {}
RESULT: {}
COMMAND: GET /session/d1a395b1624be07bc117af6a930c8232/screenshot - {}
RESULT: {}
COMMAND: POST /session/d1a395b1624be07bc117af6a930c8232/execute/async - {"script":"<script> [1562 bytes]","args":[{"selector":{"controlType":"sap.m.GenericTile","properties":{"header":"Manage Sites"}},"wdio_ui5_key":"sapm.GenericTile{\"header\":\"Manage Sites\"}"}]}
RESULT: {"script":"<script> [1562 bytes]","args":[{"selector":{"controlType":"sap.m.GenericTile","properties":{"header":"Manage Sites"}},"wdio_ui5_key":"sapm.GenericTile{\"header\":\"Manage Sites\"}"}]}
RESULT: undefined
COMMAND: POST /session/d1a395b1624be07bc117af6a930c8232/element - {"using":"xpath","value":"//*[@id=\"__tile32\"]"}
RESULT: {"using":"xpath","value":"//*[@id=\"__tile32\"]"}
COMMAND: POST /session/d1a395b1624be07bc117af6a930c8232/element/f.AB5CB7F68D9467DB6E6600E6EA1FB744.d.61F92ABB5BC9CEBA9ABBA0287E5D5960.e.4033/click - {}
RESULT: {}
]]></system-out>
    </testcase>
  </testsuite>
  <testsuite timestamp="2025-04-25T15:30:24" time="171.197" tests="2" failures="0" errors="0" skipped="0">
    <properties>
      <property name="specId" value="0" />
      <property name="suiteName" value="Create 2 sites US118246" />
      <property name="capabilities" value="chrome.135_0_7049_96.windows" />
      <property name="file" value="file:///D:/a/1/s/test/specs/R2C/create-site.spec.js" />
    </properties>
    <testcase classname="chrome.135_0_7049_96.windows.Create_2_sites_US118246" name="Should create new site" time="73.733">
      <system-out><![CDATA[
COMMAND: GET /session/d1a395b1624be07bc117af6a930c8232/screenshot - {}
COMMAND: POST /session/d1a395b1624be07bc117af6a930c8232/execute/async - {"script":"<script> [1562 bytes]","args":[{"selector":{"controlType":"sap.m.Title","viewName":"etm.portal.ui.managesites.view.Master","viewId":"application-managesites-display-component---masterSite","i18NText":{"propertyName":"text","key":"sites"}},"wdio_ui5_key":"etmportal.ui.managesites.view.Mastersap.m.Title{\"propertyName\":\"text\",\"key\":\"sites\"}"}]}
RESULT: {}
RESULT: {"script":"<script> [1562 bytes]","args":[{"selector":{"controlType":"sap.m.Title","viewName":"etm.portal.ui.managesites.view.Master","viewId":"application-managesites-display-component---masterSite","i18NText":{"propertyName":"text","key":"sites"}},"wdio_ui5_key":"etmportal.ui.managesites.view.Mastersap.m.Title{\"propertyName\":\"text\",\"key\":\"sites\"}"}]}
RESULT: undefined
COMMAND: POST /session/d1a395b1624be07bc117af6a930c8232/execute/async - {"script":"<script> [6424 bytes]","args":[{"element-6066-11e4-a52e-4f735466cecf":"f.AB5CB7F68D9467DB6E6600E6EA1FB744.d.61F92ABB5BC9CEBA9ABBA0287E5D5960.e.4256"},"getText",[]]}
RESULT: {"script":"<script> [6424 bytes]","args":[{"element-6066-11e4-a52e-4f735466cecf":"f.AB5CB7F68D9467DB6E6600E6EA1FB744.d.61F92ABB5BC9CEBA9ABBA0287E5D5960.e.4256"},"getText",[]]}
COMMAND: POST /session/d1a395b1624be07bc117af6a930c8232/execute/async - {"script":"<script> [1562 bytes]","args":[{"selector":{"controlType":"sap.ui.core.Icon","viewName":"etm.portal.ui.managesites.view.Master","viewId":"application-managesites-display-component---masterSite","properties":{"src":{"regex":{"source":"add"}}}},"wdio_ui5_key":"etmportal.ui.managesites.view.Mastersap.ui.core.Icon{\"src\":{\"regex\":{\"source\":\"add\"}}}"}]}
RESULT: {"script":"<script> [1562 bytes]","args":[{"selector":{"controlType":"sap.ui.core.Icon","viewName":"etm.portal.ui.managesites.view.Master","viewId":"application-managesites-display-component---masterSite","properties":{"src":{"regex":{"source":"add"}}}},"wdio_ui5_key":"etmportal.ui.managesites.view.Mastersap.ui.core.Icon{\"src\":{\"regex\":{\"source\":\"add\"}}}"}]}
RESULT: undefined
COMMAND: POST /session/d1a395b1624be07bc117af6a930c8232/element - {"using":"xpath","value":"//*[@id=\"__button4-img\"]"}
RESULT: {"using":"xpath","value":"//*[@id=\"__button4-img\"]"}
COMMAND: POST /session/d1a395b1624be07bc117af6a930c8232/element/f.AB5CB7F68D9467DB6E6600E6EA1FB744.d.61F92ABB5BC9CEBA9ABBA0287E5D5960.e.4154/click - {}
RESULT: {}
COMMAND: POST /session/d1a395b1624be07bc117af6a930c8232/execute/async - {"script":"<script> [1562 bytes]","args":[{"selector":{"id":"application-managesites-display-component---NewSite--siteId","interaction":{"idSuffix":"inner"}},"wdio_ui5_key":"applicationmanagesites-display-component---NewSite--siteId"}]}
COMMAND: GET /session/d1a395b1624be07bc117af6a930c8232/screenshot - {}
RESULT: {"script":"<script> [1562 bytes]","args":[{"selector":{"id":"application-managesites-display-component---NewSite--siteId","interaction":{"idSuffix":"inner"}},"wdio_ui5_key":"applicationmanagesites-display-component---NewSite--siteId"}]}
RESULT: undefined
COMMAND: POST /session/d1a395b1624be07bc117af6a930c8232/execute/async - {"script":"<script> [1562 bytes]","args":[{"selector":{"id":"application-managesites-display-component---NewSite--addressDetailDetailsName1","interaction":{"idSuffix":"inner"}},"wdio_ui5_key":"applicationmanagesites-display-component---NewSite--addressDetailDetailsName1"}]}
RESULT: {}
RESULT: {"script":"<script> [1562 bytes]","args":[{"selector":{"id":"application-managesites-display-component---NewSite--addressDetailDetailsName1","interaction":{"idSuffix":"inner"}},"wdio_ui5_key":"applicationmanagesites-display-component---NewSite--addressDetailDetailsName1"}]}
RESULT: undefined
COMMAND: POST /session/d1a395b1624be07bc117af6a930c8232/execute/async - {"script":"<script> [776 bytes]","args":[{"enterText":"Webdriver Site mckkyh","selector":{"id":"application-managesites-display-component---NewSite--addressDetailDetailsName1","interaction":{"idSuffix":"inner"}},"clearTextFirst":true,"interactionType":"ENTER_TEXT"}]}
RESULT: {"script":"<script> [776 bytes]","args":[{"enterText":"Webdriver Site mckkyh","selector":{"id":"application-managesites-display-component---NewSite--addressDetailDetailsName1","interaction":{"idSuffix":"inner"}},"clearTextFirst":true,"interactionType":"ENTER_TEXT"}]}
COMMAND: POST /session/d1a395b1624be07bc117af6a930c8232/execute/async - {"script":"<script> [1562 bytes]","args":[{"selector":{"id":"application-managesites-display-component---NewSite--addressDetailDetailsLanguage","interaction":{"idSuffix":"inner"}},"wdio_ui5_key":"applicationmanagesites-display-component---NewSite--addressDetailDetailsLanguage"}]}
RESULT: {"script":"<script> [1562 bytes]","args":[{"selector":{"id":"application-managesites-display-component---NewSite--addressDetailDetailsLanguage","interaction":{"idSuffix":"inner"}},"wdio_ui5_key":"applicationmanagesites-display-component---NewSite--addressDetailDetailsLanguage"}]}
RESULT: undefined
COMMAND: POST /session/d1a395b1624be07bc117af6a930c8232/execute/async - {"script":"<script> [776 bytes]","args":[{"enterText":"Romanian","selector":{"id":"application-managesites-display-component---NewSite--addressDetailDetailsLanguage","interaction":{"idSuffix":"inner"}},"clearTextFirst":true,"interactionType":"ENTER_TEXT"}]}
RESULT: {"script":"<script> [776 bytes]","args":[{"enterText":"Romanian","selector":{"id":"application-managesites-display-component---NewSite--addressDetailDetailsLanguage","interaction":{"idSuffix":"inner"}},"clearTextFirst":true,"interactionType":"ENTER_TEXT"}]}
COMMAND: POST /session/d1a395b1624be07bc117af6a930c8232/execute/async - {"script":"<script> [1562 bytes]","args":[{"selector":{"id":"application-managesites-display-component---NewSite--addressDetailDetailsCity1","interaction":{"idSuffix":"inner"}},"wdio_ui5_key":"applicationmanagesites-display-component---NewSite--addressDetailDetailsCity1"}]}
RESULT: {"script":"<script> [1562 bytes]","args":[{"selector":{"id":"application-managesites-display-component---NewSite--addressDetailDetailsCity1","interaction":{"idSuffix":"inner"}},"wdio_ui5_key":"applicationmanagesites-display-component---NewSite--addressDetailDetailsCity1"}]}
RESULT: undefined
COMMAND: POST /session/d1a395b1624be07bc117af6a930c8232/execute/async - {"script":"<script> [776 bytes]","args":[{"enterText":"Bucharest","selector":{"id":"application-managesites-display-component---NewSite--addressDetailDetailsCity1","interaction":{"idSuffix":"inner"}},"clearTextFirst":true,"interactionType":"ENTER_TEXT"}]}
RESULT: {"script":"<script> [776 bytes]","args":[{"enterText":"Bucharest","selector":{"id":"application-managesites-display-component---NewSite--addressDetailDetailsCity1","interaction":{"idSuffix":"inner"}},"clearTextFirst":true,"interactionType":"ENTER_TEXT"}]}
COMMAND: POST /session/d1a395b1624be07bc117af6a930c8232/execute/async - {"script":"<script> [1562 bytes]","args":[{"selector":{"id":"application-managesites-display-component---NewSite--addressDetailDetailsCountry","interaction":{"idSuffix":"inner"}},"wdio_ui5_key":"applicationmanagesites-display-component---NewSite--addressDetailDetailsCountry"}]}
RESULT: {"script":"<script> [1562 bytes]","args":[{"selector":{"id":"application-managesites-display-component---NewSite--addressDetailDetailsCountry","interaction":{"idSuffix":"inner"}},"wdio_ui5_key":"applicationmanagesites-display-component---NewSite--addressDetailDetailsCountry"}]}
RESULT: undefined
COMMAND: POST /session/d1a395b1624be07bc117af6a930c8232/execute/async - {"script":"<script> [776 bytes]","args":[{"enterText":"Romania","selector":{"id":"application-managesites-display-component---NewSite--addressDetailDetailsCountry","interaction":{"idSuffix":"inner"}},"clearTextFirst":true,"interactionType":"ENTER_TEXT"}]}
RESULT: {"script":"<script> [776 bytes]","args":[{"enterText":"Romania","selector":{"id":"application-managesites-display-component---NewSite--addressDetailDetailsCountry","interaction":{"idSuffix":"inner"}},"clearTextFirst":true,"interactionType":"ENTER_TEXT"}]}
COMMAND: POST /session/d1a395b1624be07bc117af6a930c8232/execute/async - {"script":"<script> [1562 bytes]","args":[{"selector":{"id":"application-managesites-display-component---NewSite--addressDetailDetailsCalendar","interaction":{"idSuffix":"inner"}},"wdio_ui5_key":"applicationmanagesites-display-component---NewSite--addressDetailDetailsCalendar"}]}
RESULT: {"script":"<script> [1562 bytes]","args":[{"selector":{"id":"application-managesites-display-component---NewSite--addressDetailDetailsCalendar","interaction":{"idSuffix":"inner"}},"wdio_ui5_key":"applicationmanagesites-display-component---NewSite--addressDetailDetailsCalendar"}]}
RESULT: undefined
COMMAND: POST /session/d1a395b1624be07bc117af6a930c8232/execute/async - {"script":"<script> [776 bytes]","args":[{"enterText":"Germany","selector":{"id":"application-managesites-display-component---NewSite--addressDetailDetailsCalendar","interaction":{"idSuffix":"inner"}},"clearTextFirst":true,"interactionType":"ENTER_TEXT"}]}
RESULT: {"script":"<script> [776 bytes]","args":[{"enterText":"Germany","selector":{"id":"application-managesites-display-component---NewSite--addressDetailDetailsCalendar","interaction":{"idSuffix":"inner"}},"clearTextFirst":true,"interactionType":"ENTER_TEXT"}]}
COMMAND: POST /session/d1a395b1624be07bc117af6a930c8232/execute/async - {"script":"<script> [1562 bytes]","args":[{"selector":{"id":"application-managesites-display-component---NewSite--addressEditDetailsCostObjectCstType-arrow"},"wdio_ui5_key":"applicationmanagesites-display-component---NewSite--addressEditDetailsCostObjectCstType-arrow"}]}
RESULT: {"script":"<script> [1562 bytes]","args":[{"selector":{"id":"application-managesites-display-component---NewSite--addressEditDetailsCostObjectCstType-arrow"},"wdio_ui5_key":"applicationmanagesites-display-component---NewSite--addressEditDetailsCostObjectCstType-arrow"}]}
RESULT: undefined
COMMAND: POST /session/d1a395b1624be07bc117af6a930c8232/element - {"using":"xpath","value":"//*[@id=\"application-managesites-display-component---NewSite--addressEditDetailsCostObjectCstType-arrow\"]"}
RESULT: {"using":"xpath","value":"//*[@id=\"application-managesites-display-component---NewSite--addressEditDetailsCostObjectCstType-arrow\"]"}
COMMAND: POST /session/d1a395b1624be07bc117af6a930c8232/element/f.AB5CB7F68D9467DB6E6600E6EA1FB744.d.61F92ABB5BC9CEBA9ABBA0287E5D5960.e.4501/click - {}
RESULT: {}
COMMAND: POST /session/d1a395b1624be07bc117af6a930c8232/element - {"using":"xpath","value":"//span[contains(text(), \"Work Breakdown Structure\")]"}
COMMAND: GET /session/d1a395b1624be07bc117af6a930c8232/screenshot - {}
RESULT: {"using":"xpath","value":"//span[contains(text(), \"Work Breakdown Structure\")]"}
COMMAND: POST /session/d1a395b1624be07bc117af6a930c8232/element/f.AB5CB7F68D9467DB6E6600E6EA1FB744.d.61F92ABB5BC9CEBA9ABBA0287E5D5960.e.4502/click - {}
RESULT: {}
RESULT: {}
COMMAND: GET /session/d1a395b1624be07bc117af6a930c8232/screenshot - {}
RESULT: {}
COMMAND: POST /session/d1a395b1624be07bc117af6a930c8232/execute/async - {"script":"<script> [1562 bytes]","args":[{"selector":{"id":"application-managesites-display-component---NewSite--addressNewCostObjectCstID-vhi"},"wdio_ui5_key":"applicationmanagesites-display-component---NewSite--addressNewCostObjectCstID-vhi"}]}
RESULT: {"script":"<script> [1562 bytes]","args":[{"selector":{"id":"application-managesites-display-component---NewSite--addressNewCostObjectCstID-vhi"},"wdio_ui5_key":"applicationmanagesites-display-component---NewSite--addressNewCostObjectCstID-vhi"}]}
RESULT: undefined
COMMAND: POST /session/d1a395b1624be07bc117af6a930c8232/element - {"using":"xpath","value":"//*[@id=\"application-managesites-display-component---NewSite--addressNewCostObjectCstID-vhi\"]"}
RESULT: {"using":"xpath","value":"//*[@id=\"application-managesites-display-component---NewSite--addressNewCostObjectCstID-vhi\"]"}
COMMAND: POST /session/d1a395b1624be07bc117af6a930c8232/element/f.AB5CB7F68D9467DB6E6600E6EA1FB744.d.61F92ABB5BC9CEBA9ABBA0287E5D5960.e.4507/click - {}
RESULT: {}
COMMAND: GET /session/d1a395b1624be07bc117af6a930c8232/screenshot - {}
RESULT: {}
COMMAND: POST /session/d1a395b1624be07bc117af6a930c8232/execute/async - {"script":"<script> [1562 bytes]","args":[{"selector":{"controlType":"sap.m.SearchField","properties":{"placeholder":"Search"},"searchOpenDialogs":true,"interaction":{"idSuffix":"I"}},"wdio_ui5_key":"sapm.SearchField{\"placeholder\":\"Search\"}"}]}
RESULT: {"script":"<script> [1562 bytes]","args":[{"selector":{"controlType":"sap.m.SearchField","properties":{"placeholder":"Search"},"searchOpenDialogs":true,"interaction":{"idSuffix":"I"}},"wdio_ui5_key":"sapm.SearchField{\"placeholder\":\"Search\"}"}]}
RESULT: undefined
COMMAND: POST /session/d1a395b1624be07bc117af6a930c8232/execute/async - {"script":"<script> [776 bytes]","args":[{"enterText":"A1-000100-01","selector":{"controlType":"sap.m.SearchField","properties":{"placeholder":"Search"},"searchOpenDialogs":true,"interaction":{"idSuffix":"I"}},"clearTextFirst":true,"interactionType":"ENTER_TEXT"}]}
RESULT: {"script":"<script> [776 bytes]","args":[{"enterText":"A1-000100-01","selector":{"controlType":"sap.m.SearchField","properties":{"placeholder":"Search"},"searchOpenDialogs":true,"interaction":{"idSuffix":"I"}},"clearTextFirst":true,"interactionType":"ENTER_TEXT"}]}
COMMAND: POST /session/d1a395b1624be07bc117af6a930c8232/actions - {"actions":[{"id":"action8","type":"key","parameters":{},"actions":[{"type":"keyDown","value":"î€‡"},{"type":"pause","duration":10},{"type":"keyUp","value":"î€‡"}]}]}
RESULT: {"actions":[{"id":"action8","type":"key","parameters":{},"actions":[{"type":"keyDown","value":"î€‡"},{"type":"pause","duration":10},{"type":"keyUp","value":"î€‡"}]}]}
COMMAND: GET /session/d1a395b1624be07bc117af6a930c8232/screenshot - {}
RESULT: {}
COMMAND: POST /session/d1a395b1624be07bc117af6a930c8232/element - {"using":"xpath","value":"//span[contains(text(), \"Template for ETO-Process\")]"}
RESULT: {"using":"xpath","value":"//span[contains(text(), \"Template for ETO-Process\")]"}
COMMAND: POST /session/d1a395b1624be07bc117af6a930c8232/element/f.AB5CB7F68D9467DB6E6600E6EA1FB744.d.61F92ABB5BC9CEBA9ABBA0287E5D5960.e.4527/click - {}
RESULT: {}
COMMAND: GET /session/d1a395b1624be07bc117af6a930c8232/screenshot - {}
RESULT: {}
COMMAND: POST /session/d1a395b1624be07bc117af6a930c8232/element - {"using":"xpath","value":"//bdi[contains(text(), \"OK\")]"}
RESULT: {"using":"xpath","value":"//bdi[contains(text(), \"OK\")]"}
COMMAND: POST /session/d1a395b1624be07bc117af6a930c8232/element/f.AB5CB7F68D9467DB6E6600E6EA1FB744.d.61F92ABB5BC9CEBA9ABBA0287E5D5960.e.4528/click - {}
RESULT: {}
COMMAND: GET /session/d1a395b1624be07bc117af6a930c8232/screenshot - {}
RESULT: {}
COMMAND: POST /session/d1a395b1624be07bc117af6a930c8232/element - {"using":"xpath","value":"//input[@id=\"application-managesites-display-component---NewSite--addressDetailDetailsYard-inner\"]"}
RESULT: {"using":"xpath","value":"//input[@id=\"application-managesites-display-component---NewSite--addressDetailDetailsYard-inner\"]"}
COMMAND: POST /session/d1a395b1624be07bc117af6a930c8232/element/f.AB5CB7F68D9467DB6E6600E6EA1FB744.d.61F92ABB5BC9CEBA9ABBA0287E5D5960.e.4316/value - {"text":"222"}
RESULT: {"text":"222"}
COMMAND: GET /session/d1a395b1624be07bc117af6a930c8232/screenshot - {}
RESULT: {}
COMMAND: POST /session/d1a395b1624be07bc117af6a930c8232/actions - {"actions":[{"id":"action9","type":"key","parameters":{},"actions":[{"type":"keyDown","value":"î€‡"},{"type":"pause","duration":10},{"type":"keyUp","value":"î€‡"}]}]}
RESULT: {"actions":[{"id":"action9","type":"key","parameters":{},"actions":[{"type":"keyDown","value":"î€‡"},{"type":"pause","duration":10},{"type":"keyUp","value":"î€‡"}]}]}
COMMAND: GET /session/d1a395b1624be07bc117af6a930c8232/screenshot - {}
RESULT: {}
COMMAND: POST /session/d1a395b1624be07bc117af6a930c8232/element - {"using":"xpath","value":"//input[@id=\"application-managesites-display-component---NewSite--addressDetailDetailsPartner-inner\"]"}
RESULT: {"using":"xpath","value":"//input[@id=\"application-managesites-display-component---NewSite--addressDetailDetailsPartner-inner\"]"}
COMMAND: POST /session/d1a395b1624be07bc117af6a930c8232/elements - {"using":"xpath","value":"//input[@id=\"application-managesites-display-component---NewSite--addressDetailDetailsPartner-inner\"]"}
RESULT: {"using":"xpath","value":"//input[@id=\"application-managesites-display-component---NewSite--addressDetailDetailsPartner-inner\"]"}
COMMAND: POST /session/d1a395b1624be07bc117af6a930c8232/execute/async - {"script":"<script> [1562 bytes]","args":[{"selector":{"controlType":"sap.m.Button","viewName":"etm.portal.ui.managesites.view.NewSmartSite","viewId":"application-managesites-display-component---NewSite","properties":{"text":"Commercial"},"interaction":{"idSuffix":"BDI-content"}},"wdio_ui5_key":"etmportal.ui.managesites.view.NewSmartSitesap.m.Button{\"text\":\"Commercial\"}"}]}
RESULT: {"script":"<script> [1562 bytes]","args":[{"selector":{"controlType":"sap.m.Button","viewName":"etm.portal.ui.managesites.view.NewSmartSite","viewId":"application-managesites-display-component---NewSite","properties":{"text":"Commercial"},"interaction":{"idSuffix":"BDI-content"}},"wdio_ui5_key":"etmportal.ui.managesites.view.NewSmartSitesap.m.Button{\"text\":\"Commercial\"}"}]}
RESULT: undefined
COMMAND: POST /session/d1a395b1624be07bc117af6a930c8232/element - {"using":"xpath","value":"//*[@id=\"application-managesites-display-component---NewSite--ObjectPageLayout-anchBar-__section5-anchor\"]"}
RESULT: {"using":"xpath","value":"//*[@id=\"application-managesites-display-component---NewSite--ObjectPageLayout-anchBar-__section5-anchor\"]"}
COMMAND: POST /session/d1a395b1624be07bc117af6a930c8232/element/f.AB5CB7F68D9467DB6E6600E6EA1FB744.d.61F92ABB5BC9CEBA9ABBA0287E5D5960.e.4535/click - {}
RESULT: {}
COMMAND: POST /session/d1a395b1624be07bc117af6a930c8232/execute/async - {"script":"<script> [1562 bytes]","args":[{"selector":{"controlType":"sap.m.Button","viewName":"etm.portal.ui.managesites.view.NewSmartSite","viewId":"application-managesites-display-component---NewSite","i18NText":{"propertyName":"text","key":"save"},"interaction":{"idSuffix":"BDI-content"}},"wdio_ui5_key":"etmportal.ui.managesites.view.NewSmartSitesap.m.Button{\"propertyName\":\"text\",\"key\":\"save\"}"}]}
COMMAND: GET /session/d1a395b1624be07bc117af6a930c8232/screenshot - {}
RESULT: {}
RESULT: {"script":"<script> [1562 bytes]","args":[{"selector":{"controlType":"sap.m.Button","viewName":"etm.portal.ui.managesites.view.NewSmartSite","viewId":"application-managesites-display-component---NewSite","i18NText":{"propertyName":"text","key":"save"},"interaction":{"idSuffix":"BDI-content"}},"wdio_ui5_key":"etmportal.ui.managesites.view.NewSmartSitesap.m.Button{\"propertyName\":\"text\",\"key\":\"save\"}"}]}
RESULT: undefined
COMMAND: POST /session/d1a395b1624be07bc117af6a930c8232/element - {"using":"xpath","value":"//*[@id=\"__button16\"]"}
RESULT: {"using":"xpath","value":"//*[@id=\"__button16\"]"}
COMMAND: POST /session/d1a395b1624be07bc117af6a930c8232/element/f.AB5CB7F68D9467DB6E6600E6EA1FB744.d.61F92ABB5BC9CEBA9ABBA0287E5D5960.e.4444/click - {}
RESULT: {}
COMMAND: GET /session/d1a395b1624be07bc117af6a930c8232/screenshot - {}
RESULT: {}
COMMAND: POST /session/d1a395b1624be07bc117af6a930c8232/execute/async - {"script":"<script> [1562 bytes]","args":[{"selector":{"id":"application-managesites-display-component---detailSite--addressDetailDetailsYardText"},"wdio_ui5_key":"applicationmanagesites-display-component---detailSite--addressDetailDetailsYardText"}]}
RESULT: {"script":"<script> [1562 bytes]","args":[{"selector":{"id":"application-managesites-display-component---detailSite--addressDetailDetailsYardText"},"wdio_ui5_key":"applicationmanagesites-display-component---detailSite--addressDetailDetailsYardText"}]}
RESULT: undefined
COMMAND: POST /session/d1a395b1624be07bc117af6a930c8232/element - {"using":"xpath","value":"//header/div/div[2]/div[2]/span"}
RESULT: {"using":"xpath","value":"//header/div/div[2]/div[2]/span"}
COMMAND: GET /session/d1a395b1624be07bc117af6a930c8232/element/f.AB5CB7F68D9467DB6E6600E6EA1FB744.d.61F92ABB5BC9CEBA9ABBA0287E5D5960.e.4744/text - {}
RESULT: {}
COMMAND: POST /session/d1a395b1624be07bc117af6a930c8232/execute/async - {"script":"<script> [1562 bytes]","args":[{"selector":{"controlType":"sap.m.Label","viewName":"etm.portal.ui.managesites.view.Detail","viewId":"application-managesites-display-component---detailSite","i18NText":{"propertyName":"text","key":"status"}},"wdio_ui5_key":"etmportal.ui.managesites.view.Detailsap.m.Label{\"propertyName\":\"text\",\"key\":\"status\"}"}]}
RESULT: {"script":"<script> [1562 bytes]","args":[{"selector":{"controlType":"sap.m.Label","viewName":"etm.portal.ui.managesites.view.Detail","viewId":"application-managesites-display-component---detailSite","i18NText":{"propertyName":"text","key":"status"}},"wdio_ui5_key":"etmportal.ui.managesites.view.Detailsap.m.Label{\"propertyName\":\"text\",\"key\":\"status\"}"}]}
RESULT: undefined
COMMAND: POST /session/d1a395b1624be07bc117af6a930c8232/execute/async - {"script":"<script> [6424 bytes]","args":[{"element-6066-11e4-a52e-4f735466cecf":"f.AB5CB7F68D9467DB6E6600E6EA1FB744.d.61F92ABB5BC9CEBA9ABBA0287E5D5960.e.4731"},"getText",[]]}
RESULT: {"script":"<script> [6424 bytes]","args":[{"element-6066-11e4-a52e-4f735466cecf":"f.AB5CB7F68D9467DB6E6600E6EA1FB744.d.61F92ABB5BC9CEBA9ABBA0287E5D5960.e.4731"},"getText",[]]}
]]></system-out>
    </testcase>
    <testcase classname="chrome.135_0_7049_96.windows.Create_2_sites_US118246" name="Should create WHM site" time="52.628">
      <system-out><![CDATA[
RESULT: undefined
COMMAND: POST /session/d1a395b1624be07bc117af6a930c8232/element - {"using":"xpath","value":"//*[@id=\"__button4-img\"]"}
RESULT: {"using":"xpath","value":"//*[@id=\"__button4-img\"]"}
COMMAND: POST /session/d1a395b1624be07bc117af6a930c8232/element/f.AB5CB7F68D9467DB6E6600E6EA1FB744.d.61F92ABB5BC9CEBA9ABBA0287E5D5960.e.4745/click - {}
RESULT: {}
COMMAND: GET /session/d1a395b1624be07bc117af6a930c8232/screenshot - {}
RESULT: {}
RESULT: undefined
COMMAND: POST /session/d1a395b1624be07bc117af6a930c8232/execute/async - {"script":"<script> [1562 bytes]","args":[{"selector":{"controlType":"sap.m.Button","viewName":"etm.portal.ui.managesites.view.NewSmartSite","viewId":"application-managesites-display-component---NewSite","properties":{"text":"General Information"},"interaction":{"idSuffix":"BDI-content"}},"wdio_ui5_key":"etmportal.ui.managesites.view.NewSmartSitesap.m.Button{\"text\":\"General Information\"}"}]}
RESULT: {"script":"<script> [1562 bytes]","args":[{"selector":{"controlType":"sap.m.Button","viewName":"etm.portal.ui.managesites.view.NewSmartSite","viewId":"application-managesites-display-component---NewSite","properties":{"text":"General Information"},"interaction":{"idSuffix":"BDI-content"}},"wdio_ui5_key":"etmportal.ui.managesites.view.NewSmartSitesap.m.Button{\"text\":\"General Information\"}"}]}
RESULT: undefined
COMMAND: POST /session/d1a395b1624be07bc117af6a930c8232/element - {"using":"xpath","value":"//*[@id=\"application-managesites-display-component---NewSite--ObjectPageLayout-anchBar-__section3-anchor\"]"}
RESULT: {"using":"xpath","value":"//*[@id=\"application-managesites-display-component---NewSite--ObjectPageLayout-anchBar-__section3-anchor\"]"}
COMMAND: POST /session/d1a395b1624be07bc117af6a930c8232/element/f.AB5CB7F68D9467DB6E6600E6EA1FB744.d.61F92ABB5BC9CEBA9ABBA0287E5D5960.e.4902/click - {}
RESULT: {}
RESULT: undefined
COMMAND: POST /session/d1a395b1624be07bc117af6a930c8232/execute/async - {"script":"<script> [776 bytes]","args":[{"enterText":"Webdriver WHM Site yq0qi","selector":{"id":"application-managesites-display-component---NewSite--addressDetailDetailsName1","interaction":{"idSuffix":"inner"}},"clearTextFirst":true,"interactionType":"ENTER_TEXT"}]}
COMMAND: GET /session/d1a395b1624be07bc117af6a930c8232/screenshot - {}
RESULT: {"script":"<script> [776 bytes]","args":[{"enterText":"Webdriver WHM Site yq0qi","selector":{"id":"application-managesites-display-component---NewSite--addressDetailDetailsName1","interaction":{"idSuffix":"inner"}},"clearTextFirst":true,"interactionType":"ENTER_TEXT"}]}
RESULT: {}
RESULT: undefined
COMMAND: POST /session/d1a395b1624be07bc117af6a930c8232/execute/async - {"script":"<script> [776 bytes]","args":[{"enterText":"Romanian","selector":{"id":"application-managesites-display-component---NewSite--addressDetailDetailsLanguage","interaction":{"idSuffix":"inner"}},"clearTextFirst":true,"interactionType":"ENTER_TEXT"}]}
RESULT: {"script":"<script> [776 bytes]","args":[{"enterText":"Romanian","selector":{"id":"application-managesites-display-component---NewSite--addressDetailDetailsLanguage","interaction":{"idSuffix":"inner"}},"clearTextFirst":true,"interactionType":"ENTER_TEXT"}]}
COMMAND: POST /session/d1a395b1624be07bc117af6a930c8232/actions - {"actions":[{"id":"action10","type":"key","parameters":{},"actions":[{"type":"keyDown","value":"î€‡"},{"type":"pause","duration":10},{"type":"keyUp","value":"î€‡"}]}]}
RESULT: {"actions":[{"id":"action10","type":"key","parameters":{},"actions":[{"type":"keyDown","value":"î€‡"},{"type":"pause","duration":10},{"type":"keyUp","value":"î€‡"}]}]}
RESULT: undefined
COMMAND: POST /session/d1a395b1624be07bc117af6a930c8232/execute/async - {"script":"<script> [776 bytes]","args":[{"enterText":"Bucharest","selector":{"id":"application-managesites-display-component---NewSite--addressDetailDetailsCity1","interaction":{"idSuffix":"inner"}},"clearTextFirst":true,"interactionType":"ENTER_TEXT"}]}
COMMAND: GET /session/d1a395b1624be07bc117af6a930c8232/screenshot - {}
RESULT: {"script":"<script> [776 bytes]","args":[{"enterText":"Bucharest","selector":{"id":"application-managesites-display-component---NewSite--addressDetailDetailsCity1","interaction":{"idSuffix":"inner"}},"clearTextFirst":true,"interactionType":"ENTER_TEXT"}]}
RESULT: {}
COMMAND: POST /session/d1a395b1624be07bc117af6a930c8232/actions - {"actions":[{"id":"action11","type":"key","parameters":{},"actions":[{"type":"keyDown","value":"î€‡"},{"type":"pause","duration":10},{"type":"keyUp","value":"î€‡"}]}]}
RESULT: {"actions":[{"id":"action11","type":"key","parameters":{},"actions":[{"type":"keyDown","value":"î€‡"},{"type":"pause","duration":10},{"type":"keyUp","value":"î€‡"}]}]}
RESULT: undefined
COMMAND: POST /session/d1a395b1624be07bc117af6a930c8232/execute/async - {"script":"<script> [6424 bytes]","args":[{"element-6066-11e4-a52e-4f735466cecf":"f.AB5CB7F68D9467DB6E6600E6EA1FB744.d.61F92ABB5BC9CEBA9ABBA0287E5D5960.e.4305"},"setValue",["Romania"]]}
COMMAND: GET /session/d1a395b1624be07bc117af6a930c8232/screenshot - {}
COMMAND: POST /session/d1a395b1624be07bc117af6a930c8232/execute/async - {"script":"<script> [1562 bytes]","args":[{"selector":{"id":"application-managesites-display-component---NewSite--addressDetailDetailsCountry","interaction":{"idSuffix":"inner"}},"wdio_ui5_key":"applicationmanagesites-display-component---NewSite--addressDetailDetailsCountry"}]}
RESULT: {}
RESULT: {"script":"<script> [1562 bytes]","args":[{"selector":{"id":"application-managesites-display-component---NewSite--addressDetailDetailsCountry","interaction":{"idSuffix":"inner"}},"wdio_ui5_key":"applicationmanagesites-display-component---NewSite--addressDetailDetailsCountry"}]}
COMMAND: POST /session/d1a395b1624be07bc117af6a930c8232/execute/async - {"script":"<script> [6424 bytes]","args":[{"element-6066-11e4-a52e-4f735466cecf":"f.AB5CB7F68D9467DB6E6600E6EA1FB744.d.61F92ABB5BC9CEBA9ABBA0287E5D5960.e.4796"},"setValue",["Romania"]]}
RESULT: {"script":"<script> [6424 bytes]","args":[{"element-6066-11e4-a52e-4f735466cecf":"f.AB5CB7F68D9467DB6E6600E6EA1FB744.d.61F92ABB5BC9CEBA9ABBA0287E5D5960.e.4796"},"setValue",["Romania"]]}
COMMAND: POST /session/d1a395b1624be07bc117af6a930c8232/actions - {"actions":[{"id":"action12","type":"key","parameters":{},"actions":[{"type":"keyDown","value":"î€‡"},{"type":"pause","duration":10},{"type":"keyUp","value":"î€‡"}]}]}
RESULT: {"actions":[{"id":"action12","type":"key","parameters":{},"actions":[{"type":"keyDown","value":"î€‡"},{"type":"pause","duration":10},{"type":"keyUp","value":"î€‡"}]}]}
RESULT: undefined
COMMAND: POST /session/d1a395b1624be07bc117af6a930c8232/execute/async - {"script":"<script> [776 bytes]","args":[{"enterText":"Germany","selector":{"id":"application-managesites-display-component---NewSite--addressDetailDetailsCalendar","interaction":{"idSuffix":"inner"}},"clearTextFirst":true,"interactionType":"ENTER_TEXT"}]}
COMMAND: GET /session/d1a395b1624be07bc117af6a930c8232/screenshot - {}
RESULT: {"script":"<script> [776 bytes]","args":[{"enterText":"Germany","selector":{"id":"application-managesites-display-component---NewSite--addressDetailDetailsCalendar","interaction":{"idSuffix":"inner"}},"clearTextFirst":true,"interactionType":"ENTER_TEXT"}]}
RESULT: {}
COMMAND: POST /session/d1a395b1624be07bc117af6a930c8232/actions - {"actions":[{"id":"action13","type":"key","parameters":{},"actions":[{"type":"keyDown","value":"î€‡"},{"type":"pause","duration":10},{"type":"keyUp","value":"î€‡"}]}]}
RESULT: {"actions":[{"id":"action13","type":"key","parameters":{},"actions":[{"type":"keyDown","value":"î€‡"},{"type":"pause","duration":10},{"type":"keyUp","value":"î€‡"}]}]}
COMMAND: POST /session/d1a395b1624be07bc117af6a930c8232/execute/async - {"script":"<script> [1562 bytes]","args":[{"selector":{"id":"application-managesites-display-component---NewSite--addressEditDetailsCostObjectCstType","interaction":{"idSuffix":"inner"}},"wdio_ui5_key":"applicationmanagesites-display-component---NewSite--addressEditDetailsCostObjectCstType"}]}
COMMAND: GET /session/d1a395b1624be07bc117af6a930c8232/screenshot - {}
RESULT: {"script":"<script> [1562 bytes]","args":[{"selector":{"id":"application-managesites-display-component---NewSite--addressEditDetailsCostObjectCstType","interaction":{"idSuffix":"inner"}},"wdio_ui5_key":"applicationmanagesites-display-component---NewSite--addressEditDetailsCostObjectCstType"}]}
RESULT: undefined
COMMAND: POST /session/d1a395b1624be07bc117af6a930c8232/execute/async - {"script":"<script> [776 bytes]","args":[{"enterText":"Cost","selector":{"id":"application-managesites-display-component---NewSite--addressEditDetailsCostObjectCstType","interaction":{"idSuffix":"inner"}},"clearTextFirst":true,"interactionType":"ENTER_TEXT"}]}
RESULT: {}
RESULT: {"script":"<script> [776 bytes]","args":[{"enterText":"Cost","selector":{"id":"application-managesites-display-component---NewSite--addressEditDetailsCostObjectCstType","interaction":{"idSuffix":"inner"}},"clearTextFirst":true,"interactionType":"ENTER_TEXT"}]}
COMMAND: POST /session/d1a395b1624be07bc117af6a930c8232/actions - {"actions":[{"id":"action14","type":"key","parameters":{},"actions":[{"type":"keyDown","value":"î€‡"},{"type":"pause","duration":10},{"type":"keyUp","value":"î€‡"}]}]}
RESULT: {"actions":[{"id":"action14","type":"key","parameters":{},"actions":[{"type":"keyDown","value":"î€‡"},{"type":"pause","duration":10},{"type":"keyUp","value":"î€‡"}]}]}
COMMAND: POST /session/d1a395b1624be07bc117af6a930c8232/execute/async - {"script":"<script> [1562 bytes]","args":[{"selector":{"id":"application-managesites-display-component---NewSite--addressNewCostObjectCstID","interaction":{"idSuffix":"inner"}},"wdio_ui5_key":"applicationmanagesites-display-component---NewSite--addressNewCostObjectCstID"}]}
COMMAND: GET /session/d1a395b1624be07bc117af6a930c8232/screenshot - {}
RESULT: {"script":"<script> [1562 bytes]","args":[{"selector":{"id":"application-managesites-display-component---NewSite--addressNewCostObjectCstID","interaction":{"idSuffix":"inner"}},"wdio_ui5_key":"applicationmanagesites-display-component---NewSite--addressNewCostObjectCstID"}]}
RESULT: undefined
COMMAND: POST /session/d1a395b1624be07bc117af6a930c8232/execute/async - {"script":"<script> [776 bytes]","args":[{"enterText":"1001","selector":{"id":"application-managesites-display-component---NewSite--addressNewCostObjectCstID","interaction":{"idSuffix":"inner"}},"clearTextFirst":true,"interactionType":"ENTER_TEXT"}]}
RESULT: {}
RESULT: {"script":"<script> [776 bytes]","args":[{"enterText":"1001","selector":{"id":"application-managesites-display-component---NewSite--addressNewCostObjectCstID","interaction":{"idSuffix":"inner"}},"clearTextFirst":true,"interactionType":"ENTER_TEXT"}]}
COMMAND: POST /session/d1a395b1624be07bc117af6a930c8232/actions - {"actions":[{"id":"action15","type":"key","parameters":{},"actions":[{"type":"keyDown","value":"î€‡"},{"type":"pause","duration":10},{"type":"keyUp","value":"î€‡"}]}]}
RESULT: {"actions":[{"id":"action15","type":"key","parameters":{},"actions":[{"type":"keyDown","value":"î€‡"},{"type":"pause","duration":10},{"type":"keyUp","value":"î€‡"}]}]}
COMMAND: POST /session/d1a395b1624be07bc117af6a930c8232/element - {"using":"xpath","value":"//input[@id=\"application-managesites-display-component---NewSite--addressDetailDetailsYard-inner\"]"}
COMMAND: GET /session/d1a395b1624be07bc117af6a930c8232/screenshot - {}
RESULT: {"using":"xpath","value":"//input[@id=\"application-managesites-display-component---NewSite--addressDetailDetailsYard-inner\"]"}
COMMAND: POST /session/d1a395b1624be07bc117af6a930c8232/element/f.AB5CB7F68D9467DB6E6600E6EA1FB744.d.61F92ABB5BC9CEBA9ABBA0287E5D5960.e.4807/value - {"text":"223"}
RESULT: {}
RESULT: {"text":"223"}
COMMAND: GET /session/d1a395b1624be07bc117af6a930c8232/screenshot - {}
RESULT: {}
COMMAND: POST /session/d1a395b1624be07bc117af6a930c8232/actions - {"actions":[{"id":"action16","type":"key","parameters":{},"actions":[{"type":"keyDown","value":"î€‡"},{"type":"pause","duration":10},{"type":"keyUp","value":"î€‡"}]}]}
RESULT: {"actions":[{"id":"action16","type":"key","parameters":{},"actions":[{"type":"keyDown","value":"î€‡"},{"type":"pause","duration":10},{"type":"keyUp","value":"î€‡"}]}]}
COMMAND: GET /session/d1a395b1624be07bc117af6a930c8232/screenshot - {}
RESULT: {}
COMMAND: POST /session/d1a395b1624be07bc117af6a930c8232/element - {"using":"xpath","value":"//input[@id=\"application-managesites-display-component---NewSite--addressDetailDetailsPartner-inner\"]"}
RESULT: {"using":"xpath","value":"//input[@id=\"application-managesites-display-component---NewSite--addressDetailDetailsPartner-inner\"]"}
COMMAND: POST /session/d1a395b1624be07bc117af6a930c8232/elements - {"using":"xpath","value":"//input[@id=\"application-managesites-display-component---NewSite--addressDetailDetailsPartner-inner\"]"}
RESULT: {"using":"xpath","value":"//input[@id=\"application-managesites-display-component---NewSite--addressDetailDetailsPartner-inner\"]"}
RESULT: undefined
COMMAND: POST /session/d1a395b1624be07bc117af6a930c8232/element - {"using":"xpath","value":"//*[@id=\"application-managesites-display-component---NewSite--ObjectPageLayout-anchBar-__section5-anchor\"]"}
RESULT: {"using":"xpath","value":"//*[@id=\"application-managesites-display-component---NewSite--ObjectPageLayout-anchBar-__section5-anchor\"]"}
COMMAND: POST /session/d1a395b1624be07bc117af6a930c8232/element/f.AB5CB7F68D9467DB6E6600E6EA1FB744.d.61F92ABB5BC9CEBA9ABBA0287E5D5960.e.4909/click - {}
RESULT: {}
COMMAND: POST /session/d1a395b1624be07bc117af6a930c8232/execute/async - {"script":"<script> [1562 bytes]","args":[{"selector":{"id":"application-managesites-display-component---NewSite--siteWhmCheckBox-label","interaction":{"idSuffix":"bdi"}},"wdio_ui5_key":"applicationmanagesites-display-component---NewSite--siteWhmCheckBox-label"}]}
COMMAND: GET /session/d1a395b1624be07bc117af6a930c8232/screenshot - {}
RESULT: {"script":"<script> [1562 bytes]","args":[{"selector":{"id":"application-managesites-display-component---NewSite--siteWhmCheckBox-label","interaction":{"idSuffix":"bdi"}},"wdio_ui5_key":"applicationmanagesites-display-component---NewSite--siteWhmCheckBox-label"}]}
RESULT: undefined
COMMAND: POST /session/d1a395b1624be07bc117af6a930c8232/element - {"using":"xpath","value":"//*[@id=\"application-managesites-display-component---NewSite--siteWhmCheckBox-label\"]"}
RESULT: {}
RESULT: {"using":"xpath","value":"//*[@id=\"application-managesites-display-component---NewSite--siteWhmCheckBox-label\"]"}
COMMAND: POST /session/d1a395b1624be07bc117af6a930c8232/element/f.AB5CB7F68D9467DB6E6600E6EA1FB744.d.61F92ABB5BC9CEBA9ABBA0287E5D5960.e.4913/click - {}
RESULT: {}
RESULT: undefined
COMMAND: POST /session/d1a395b1624be07bc117af6a930c8232/element - {"using":"xpath","value":"//*[@id=\"__button16\"]"}
COMMAND: GET /session/d1a395b1624be07bc117af6a930c8232/screenshot - {}
RESULT: {"using":"xpath","value":"//*[@id=\"__button16\"]"}
COMMAND: POST /session/d1a395b1624be07bc117af6a930c8232/element/f.AB5CB7F68D9467DB6E6600E6EA1FB744.d.61F92ABB5BC9CEBA9ABBA0287E5D5960.e.4914/click - {}
RESULT: {}
RESULT: {}
COMMAND: GET /session/d1a395b1624be07bc117af6a930c8232/screenshot - {}
RESULT: {}
COMMAND: POST /session/d1a395b1624be07bc117af6a930c8232/element - {"using":"xpath","value":"//header/div/div[2]/div[2]/span"}
RESULT: {"using":"xpath","value":"//header/div/div[2]/div[2]/span"}
COMMAND: GET /session/d1a395b1624be07bc117af6a930c8232/element/f.AB5CB7F68D9467DB6E6600E6EA1FB744.d.61F92ABB5BC9CEBA9ABBA0287E5D5960.e.5091/text - {}
RESULT: {}
RESULT: undefined
RESULT: undefined
COMMAND: POST /session/d1a395b1624be07bc117af6a930c8232/execute/async - {"script":"<script> [6424 bytes]","args":[{"element-6066-11e4-a52e-4f735466cecf":"f.AB5CB7F68D9467DB6E6600E6EA1FB744.d.61F92ABB5BC9CEBA9ABBA0287E5D5960.e.4731"},"getText",[]]}
COMMAND: POST /session/d1a395b1624be07bc117af6a930c8232/execute/async - {"script":"<script> [1562 bytes]","args":[{"selector":{"controlType":"sap.m.Label","viewName":"etm.portal.ui.managesites.view.Detail","viewId":"application-managesites-display-component---detailSite","i18NText":{"propertyName":"text","key":"status"}},"wdio_ui5_key":"etmportal.ui.managesites.view.Detailsap.m.Label{\"propertyName\":\"text\",\"key\":\"status\"}"}]}
RESULT: {"script":"<script> [1562 bytes]","args":[{"selector":{"controlType":"sap.m.Label","viewName":"etm.portal.ui.managesites.view.Detail","viewId":"application-managesites-display-component---detailSite","i18NText":{"propertyName":"text","key":"status"}},"wdio_ui5_key":"etmportal.ui.managesites.view.Detailsap.m.Label{\"propertyName\":\"text\",\"key\":\"status\"}"}]}
COMMAND: POST /session/d1a395b1624be07bc117af6a930c8232/execute/async - {"script":"<script> [6424 bytes]","args":[{"element-6066-11e4-a52e-4f735466cecf":"f.AB5CB7F68D9467DB6E6600E6EA1FB744.d.61F92ABB5BC9CEBA9ABBA0287E5D5960.e.5081"},"getText",[]]}
RESULT: {"script":"<script> [6424 bytes]","args":[{"element-6066-11e4-a52e-4f735466cecf":"f.AB5CB7F68D9467DB6E6600E6EA1FB744.d.61F92ABB5BC9CEBA9ABBA0287E5D5960.e.5081"},"getText",[]]}
COMMAND: POST /session/d1a395b1624be07bc117af6a930c8232/execute/async - {"script":"<script> [1562 bytes]","args":[{"selector":{"id":"shell-header","interaction":{"idSuffix":"icon"}},"wdio_ui5_key":"shellheader"}]}
RESULT: {"script":"<script> [1562 bytes]","args":[{"selector":{"id":"shell-header","interaction":{"idSuffix":"icon"}},"wdio_ui5_key":"shellheader"}]}
RESULT: undefined
COMMAND: POST /session/d1a395b1624be07bc117af6a930c8232/element - {"using":"xpath","value":"//*[@id=\"shell-header\"]"}
RESULT: {"using":"xpath","value":"//*[@id=\"shell-header\"]"}
COMMAND: POST /session/d1a395b1624be07bc117af6a930c8232/element/f.AB5CB7F68D9467DB6E6600E6EA1FB744.d.61F92ABB5BC9CEBA9ABBA0287E5D5960.e.5092/click - {}
RESULT: {}
COMMAND: POST /session/d1a395b1624be07bc117af6a930c8232/refresh - {}
COMMAND: GET /session/d1a395b1624be07bc117af6a930c8232/screenshot - {}
RESULT: {}
COMMAND: GET /session/d1a395b1624be07bc117af6a930c8232/screenshot - {}
RESULT: {}
RESULT: {}
COMMAND: POST /session/d1a395b1624be07bc117af6a930c8232/refresh - {}
RESULT: {}
COMMAND: GET /session/d1a395b1624be07bc117af6a930c8232/screenshot - {}
RESULT: {}
COMMAND: POST /session/d1a395b1624be07bc117af6a930c8232/window/fullscreen - {}
RESULT: {}
COMMAND: POST /session/d1a395b1624be07bc117af6a930c8232/execute/async - {"script":"<script> [189 bytes]","args":[]}
RESULT: {"script":"<script> [189 bytes]","args":[]}
COMMAND: POST /session/d1a395b1624be07bc117af6a930c8232/execute/async - {"script":"<script> [123 bytes]","args":[]}
RESULT: {"script":"<script> [123 bytes]","args":[]}
COMMAND: POST /session/d1a395b1624be07bc117af6a930c8232/timeouts - {"script":"<number>"}
RESULT: {"script":"<number>"}
COMMAND: GET /session/d1a395b1624be07bc117af6a930c8232/timeouts - {}
RESULT: {}
RESULT: undefined
COMMAND: POST /session/d1a395b1624be07bc117af6a930c8232/execute/async - {"script":"<script> [2676 bytes]","args":[]}
RESULT: {"script":"<script> [2676 bytes]","args":[]}
COMMAND: POST /session/d1a395b1624be07bc117af6a930c8232/execute/async - {"script":"<script> [2342 bytes]","args":[{"protocol":"http","hostname":"0.0.0.0","path":"/","capabilities":{"browserName":"chrome","goog:chromeOptions":{"binary":"C:\\Program Files\\Google\\Chrome\\Application\\chrome.exe","args":["--start-maximized"]}},"logLevel":"warn","connectionRetryTimeout":120000,"connectionRetryCount":3,"logLevels":{},"enableDirectConnect":true,"strictSSL":true,"_":"65 more keys: [\"cacheDir\",\"port\",\"requestedCapabilities\",\"automationProtocol\",\"baseUrl\",\"waitforInterval\",\"waitforTimeout\",\"onReload\",\"beforeCommand\",\"afterCommand\",\"rootDir\",\"specs\",\"suites\",\"exclude\",\"groupLogsByTestSpec\",\"excludeDriverLogs\",\"bail\",\"framework\",\"reporters\",\"services\",\"maxInstances\",\"maxInstancesPerCapability\",\"injectGlobals\",\"filesToWatch\",\"execArgv\",\"runnerEnv\",\"runner\",\"shard\",\"specFileRetries\",\"specFileRetriesDelay\",\"specFileRetriesDeferred\",\"reporterSyncInterval\",\"reporterSyncTimeout\",\"cucumberFeaturesWithLineNumbers\",\"autoCompileOpts\",\"mochaOpts\",\"jasmineOpts\",\"cucumberOpts\",\"onPrepare\",\"onWorkerStart\",\"onWorkerEnd\",\"before\",\"beforeSession\",\"beforeSuite\",\"beforeHook\",\"beforeTest\",\"afterTest\",\"afterHook\",\"afterSuite\",\"afterSession\",\"after\",\"onComplete\",\"beforeAssertion\",\"afterAssertion\",\"beforeFeature\",\"beforeScenario\",\"beforeStep\",\"afterStep\",\"afterScenario\",\"afterFeature\",\"_\",\"suite\",\"$0\",\"ignoredWorkerServices\",\"wdi5\"]"}]}
RESULT: {"script":"<script> [2342 bytes]","args":[{"protocol":"http","hostname":"0.0.0.0","path":"/","capabilities":{"browserName":"chrome","goog:chromeOptions":{"binary":"C:\\Program Files\\Google\\Chrome\\Application\\chrome.exe","args":["--start-maximized"]}},"logLevel":"warn","connectionRetryTimeout":120000,"connectionRetryCount":3,"logLevels":{},"enableDirectConnect":true,"strictSSL":true,"_":"65 more keys: [\"cacheDir\",\"port\",\"requestedCapabilities\",\"automationProtocol\",\"baseUrl\",\"waitforInterval\",\"waitforTimeout\",\"onReload\",\"beforeCommand\",\"afterCommand\",\"rootDir\",\"specs\",\"suites\",\"exclude\",\"groupLogsByTestSpec\",\"excludeDriverLogs\",\"bail\",\"framework\",\"reporters\",\"services\",\"maxInstances\",\"maxInstancesPerCapability\",\"injectGlobals\",\"filesToWatch\",\"execArgv\",\"runnerEnv\",\"runner\",\"shard\",\"specFileRetries\",\"specFileRetriesDelay\",\"specFileRetriesDeferred\",\"reporterSyncInterval\",\"reporterSyncTimeout\",\"cucumberFeaturesWithLineNumbers\",\"autoCompileOpts\",\"mochaOpts\",\"jasmineOpts\",\"cucumberOpts\",\"onPrepare\",\"onWorkerStart\",\"onWorkerEnd\",\"before\",\"beforeSession\",\"beforeSuite\",\"beforeHook\",\"beforeTest\",\"afterTest\",\"afterHook\",\"afterSuite\",\"afterSession\",\"after\",\"onComplete\",\"beforeAssertion\",\"afterAssertion\",\"beforeFeature\",\"beforeScenario\",\"beforeStep\",\"afterStep\",\"afterScenario\",\"afterFeature\",\"_\",\"suite\",\"$0\",\"ignoredWorkerServices\",\"wdi5\"]"}]}
COMMAND: POST /session/d1a395b1624be07bc117af6a930c8232/execute/async - {"script":"<script> [21126 bytes]","args":[35000]}
RESULT: {"script":"<script> [21126 bytes]","args":[35000]}
COMMAND: POST /session/d1a395b1624be07bc117af6a930c8232/element - {"using":"css selector","value":"#j_username"}
COMMAND: POST /session/d1a395b1624be07bc117af6a930c8232/url - {"url":"https://qa-testing-00-live-etm-ui.cfapps.eu10-004.hana.ondemand.com/"}
RESULT: {"using":"css selector","value":"#j_username"}
COMMAND: POST /session/d1a395b1624be07bc117af6a930c8232/element - {"using":"css selector","value":"#j_username"}
RESULT: {"url":"https://qa-testing-00-live-etm-ui.cfapps.eu10-004.hana.ondemand.com/"}
RESULT: undefined
COMMAND: GET /session/d1a395b1624be07bc117af6a930c8232/screenshot - {}
RESULT: {"using":"css selector","value":"#j_username"}
COMMAND: POST /session/d1a395b1624be07bc117af6a930c8232/element - {"using":"css selector","value":"#shell-header-logo"}
RESULT: {}
RESULT: {"using":"css selector","value":"#shell-header-logo"}
COMMAND: POST /session/d1a395b1624be07bc117af6a930c8232/execute/sync - {"script":"<script> [8489 bytes]","args":[{"element-6066-11e4-a52e-4f735466cecf":"f.AB5CB7F68D9467DB6E6600E6EA1FB744.d.27067A380D9E9450B19E9299EE482B9A.e.5717","ELEMENT":"f.AB5CB7F68D9467DB6E6600E6EA1FB744.d.27067A380D9E9450B19E9299EE482B9A.e.5717"}]}
RESULT: {"script":"<script> [8489 bytes]","args":[{"element-6066-11e4-a52e-4f735466cecf":"f.AB5CB7F68D9467DB6E6600E6EA1FB744.d.27067A380D9E9450B19E9299EE482B9A.e.5717","ELEMENT":"f.AB5CB7F68D9467DB6E6600E6EA1FB744.d.27067A380D9E9450B19E9299EE482B9A.e.5717"}]}
COMMAND: POST /session/d1a395b1624be07bc117af6a930c8232/element - {"using":"css selector","value":"#shell-header-logo"}
COMMAND: GET /session/d1a395b1624be07bc117af6a930c8232/screenshot - {}
RESULT: {"using":"css selector","value":"#shell-header-logo"}
COMMAND: POST /session/d1a395b1624be07bc117af6a930c8232/execute/sync - {"script":"<script> [8489 bytes]","args":[{"element-6066-11e4-a52e-4f735466cecf":"f.AB5CB7F68D9467DB6E6600E6EA1FB744.d.27067A380D9E9450B19E9299EE482B9A.e.5717","ELEMENT":"f.AB5CB7F68D9467DB6E6600E6EA1FB744.d.27067A380D9E9450B19E9299EE482B9A.e.5717"}]}
RESULT: {}
RESULT: {"script":"<script> [8489 bytes]","args":[{"element-6066-11e4-a52e-4f735466cecf":"f.AB5CB7F68D9467DB6E6600E6EA1FB744.d.27067A380D9E9450B19E9299EE482B9A.e.5717","ELEMENT":"f.AB5CB7F68D9467DB6E6600E6EA1FB744.d.27067A380D9E9450B19E9299EE482B9A.e.5717"}]}
COMMAND: POST /session/d1a395b1624be07bc117af6a930c8232/execute/sync - {"script":"<script> [5351 bytes]","args":[{"element-6066-11e4-a52e-4f735466cecf":"f.AB5CB7F68D9467DB6E6600E6EA1FB744.d.27067A380D9E9450B19E9299EE482B9A.e.5717","ELEMENT":"f.AB5CB7F68D9467DB6E6600E6EA1FB744.d.27067A380D9E9450B19E9299EE482B9A.e.5717"}]}
COMMAND: GET /session/d1a395b1624be07bc117af6a930c8232/screenshot - {}
RESULT: {}
RESULT: {"script":"<script> [5351 bytes]","args":[{"element-6066-11e4-a52e-4f735466cecf":"f.AB5CB7F68D9467DB6E6600E6EA1FB744.d.27067A380D9E9450B19E9299EE482B9A.e.5717","ELEMENT":"f.AB5CB7F68D9467DB6E6600E6EA1FB744.d.27067A380D9E9450B19E9299EE482B9A.e.5717"}]}
COMMAND: POST /session/d1a395b1624be07bc117af6a930c8232/element - {"using":"css selector","value":"#shell-header-logo"}
COMMAND: GET /session/d1a395b1624be07bc117af6a930c8232/screenshot - {}
RESULT: {"using":"css selector","value":"#shell-header-logo"}
COMMAND: POST /session/d1a395b1624be07bc117af6a930c8232/element/f.AB5CB7F68D9467DB6E6600E6EA1FB744.d.27067A380D9E9450B19E9299EE482B9A.e.5717/click - {}
RESULT: {}
RESULT: {}
COMMAND: GET /session/d1a395b1624be07bc117af6a930c8232/screenshot - {}
RESULT: {}
COMMAND: POST /session/d1a395b1624be07bc117af6a930c8232/execute/async - {"script":"<script> [189 bytes]","args":[]}
RESULT: {"script":"<script> [189 bytes]","args":[]}
COMMAND: POST /session/d1a395b1624be07bc117af6a930c8232/execute/async - {"script":"<script> [123 bytes]","args":[]}
RESULT: {"script":"<script> [123 bytes]","args":[]}
COMMAND: POST /session/d1a395b1624be07bc117af6a930c8232/timeouts - {"script":"<number>"}
RESULT: {"script":"<number>"}
COMMAND: GET /session/d1a395b1624be07bc117af6a930c8232/timeouts - {}
RESULT: {}
RESULT: undefined
COMMAND: POST /session/d1a395b1624be07bc117af6a930c8232/execute/async - {"script":"<script> [2676 bytes]","args":[]}
RESULT: {"script":"<script> [2676 bytes]","args":[]}
COMMAND: POST /session/d1a395b1624be07bc117af6a930c8232/execute/async - {"script":"<script> [2342 bytes]","args":[{"protocol":"http","hostname":"0.0.0.0","path":"/","capabilities":{"browserName":"chrome","goog:chromeOptions":{"binary":"C:\\Program Files\\Google\\Chrome\\Application\\chrome.exe","args":["--start-maximized"]}},"logLevel":"warn","connectionRetryTimeout":120000,"connectionRetryCount":3,"logLevels":{},"enableDirectConnect":true,"strictSSL":true,"_":"65 more keys: [\"cacheDir\",\"port\",\"requestedCapabilities\",\"automationProtocol\",\"baseUrl\",\"waitforInterval\",\"waitforTimeout\",\"onReload\",\"beforeCommand\",\"afterCommand\",\"rootDir\",\"specs\",\"suites\",\"exclude\",\"groupLogsByTestSpec\",\"excludeDriverLogs\",\"bail\",\"framework\",\"reporters\",\"services\",\"maxInstances\",\"maxInstancesPerCapability\",\"injectGlobals\",\"filesToWatch\",\"execArgv\",\"runnerEnv\",\"runner\",\"shard\",\"specFileRetries\",\"specFileRetriesDelay\",\"specFileRetriesDeferred\",\"reporterSyncInterval\",\"reporterSyncTimeout\",\"cucumberFeaturesWithLineNumbers\",\"autoCompileOpts\",\"mochaOpts\",\"jasmineOpts\",\"cucumberOpts\",\"onPrepare\",\"onWorkerStart\",\"onWorkerEnd\",\"before\",\"beforeSession\",\"beforeSuite\",\"beforeHook\",\"beforeTest\",\"afterTest\",\"afterHook\",\"afterSuite\",\"afterSession\",\"after\",\"onComplete\",\"beforeAssertion\",\"afterAssertion\",\"beforeFeature\",\"beforeScenario\",\"beforeStep\",\"afterStep\",\"afterScenario\",\"afterFeature\",\"_\",\"suite\",\"$0\",\"ignoredWorkerServices\",\"wdi5\"]"}]}
RESULT: {"script":"<script> [2342 bytes]","args":[{"protocol":"http","hostname":"0.0.0.0","path":"/","capabilities":{"browserName":"chrome","goog:chromeOptions":{"binary":"C:\\Program Files\\Google\\Chrome\\Application\\chrome.exe","args":["--start-maximized"]}},"logLevel":"warn","connectionRetryTimeout":120000,"connectionRetryCount":3,"logLevels":{},"enableDirectConnect":true,"strictSSL":true,"_":"65 more keys: [\"cacheDir\",\"port\",\"requestedCapabilities\",\"automationProtocol\",\"baseUrl\",\"waitforInterval\",\"waitforTimeout\",\"onReload\",\"beforeCommand\",\"afterCommand\",\"rootDir\",\"specs\",\"suites\",\"exclude\",\"groupLogsByTestSpec\",\"excludeDriverLogs\",\"bail\",\"framework\",\"reporters\",\"services\",\"maxInstances\",\"maxInstancesPerCapability\",\"injectGlobals\",\"filesToWatch\",\"execArgv\",\"runnerEnv\",\"runner\",\"shard\",\"specFileRetries\",\"specFileRetriesDelay\",\"specFileRetriesDeferred\",\"reporterSyncInterval\",\"reporterSyncTimeout\",\"cucumberFeaturesWithLineNumbers\",\"autoCompileOpts\",\"mochaOpts\",\"jasmineOpts\",\"cucumberOpts\",\"onPrepare\",\"onWorkerStart\",\"onWorkerEnd\",\"before\",\"beforeSession\",\"beforeSuite\",\"beforeHook\",\"beforeTest\",\"afterTest\",\"afterHook\",\"afterSuite\",\"afterSession\",\"after\",\"onComplete\",\"beforeAssertion\",\"afterAssertion\",\"beforeFeature\",\"beforeScenario\",\"beforeStep\",\"afterStep\",\"afterScenario\",\"afterFeature\",\"_\",\"suite\",\"$0\",\"ignoredWorkerServices\",\"wdi5\"]"}]}
COMMAND: POST /session/d1a395b1624be07bc117af6a930c8232/execute/async - {"script":"<script> [21126 bytes]","args":[35000]}
RESULT: {"script":"<script> [21126 bytes]","args":[35000]}
COMMAND: POST /session/d1a395b1624be07bc117af6a930c8232/window/maximize - {}
RESULT: {}
COMMAND: POST /session/d1a395b1624be07bc117af6a930c8232/execute/async - {"script":"<script> [1562 bytes]","args":[{"selector":{"id":"shell-header","interaction":{"idSuffix":"icon"}},"wdio_ui5_key":"shellheader"}]}
COMMAND: GET /session/d1a395b1624be07bc117af6a930c8232/screenshot - {}
RESULT: {"script":"<script> [1562 bytes]","args":[{"selector":{"id":"shell-header","interaction":{"idSuffix":"icon"}},"wdio_ui5_key":"shellheader"}]}
RESULT: undefined
RESULT: {}
COMMAND: POST /session/d1a395b1624be07bc117af6a930c8232/execute/async - {"script":"<script> [1562 bytes]","args":[{"selector":{"controlType":"sap.m.Title","i18NText":{"propertyName":"text","key":"dataCollectionAgreement"},"searchOpenDialogs":true},"wdio_ui5_key":"sapm.Title{\"propertyName\":\"text\",\"key\":\"dataCollectionAgreement\"}"}]}
RESULT: {"script":"<script> [1562 bytes]","args":[{"selector":{"controlType":"sap.m.Title","i18NText":{"propertyName":"text","key":"dataCollectionAgreement"},"searchOpenDialogs":true},"wdio_ui5_key":"sapm.Title{\"propertyName\":\"text\",\"key\":\"dataCollectionAgreement\"}"}]}
RESULT: undefined
COMMAND: POST /session/d1a395b1624be07bc117af6a930c8232/execute/async - {"script":"<script> [1562 bytes]","args":[{"selector":{"controlType":"sap.m.GenericTile","properties":{"header":"Manage Resources"}},"wdio_ui5_key":"sapm.GenericTile{\"header\":\"Manage Resources\"}"}]}
RESULT: {"script":"<script> [1562 bytes]","args":[{"selector":{"controlType":"sap.m.GenericTile","properties":{"header":"Manage Resources"}},"wdio_ui5_key":"sapm.GenericTile{\"header\":\"Manage Resources\"}"}]}
RESULT: undefined
COMMAND: POST /session/d1a395b1624be07bc117af6a930c8232/element - {"using":"xpath","value":"//*[@id=\"__tile31\"]"}
RESULT: {"using":"xpath","value":"//*[@id=\"__tile31\"]"}
COMMAND: POST /session/d1a395b1624be07bc117af6a930c8232/element/f.AB5CB7F68D9467DB6E6600E6EA1FB744.d.27067A380D9E9450B19E9299EE482B9A.e.5742/click - {}
RESULT: {}
COMMAND: GET /session/d1a395b1624be07bc117af6a930c8232/screenshot - {}
RESULT: {}
]]></system-out>
    </testcase>
  </testsuite>
  <testsuite timestamp="2025-04-25T15:33:15" time="500.773" tests="2" failures="0" errors="0" skipped="0">
    <properties>
      <property name="specId" value="0" />
      <property name="suiteName" value="Create 2 RU material US118246" />
      <property name="capabilities" value="chrome.135_0_7049_96.windows" />
      <property name="file" value="file:///D:/a/1/s/test/specs/R2C/create-material.spec.js" />
    </properties>
    <testcase classname="chrome.135_0_7049_96.windows.Create_2_RU_material_US118246" name="Create material" time="231.905">
      <system-out><![CDATA[
COMMAND: POST /session/d1a395b1624be07bc117af6a930c8232/element - {"using":"xpath","value":"//button[@data-kt=\"addNewRUOverflowToolbarButton\"]"}
RESULT: {"using":"xpath","value":"//button[@data-kt=\"addNewRUOverflowToolbarButton\"]"}
COMMAND: POST /session/d1a395b1624be07bc117af6a930c8232/execute/sync - {"script":"<script> [8489 bytes]","args":[{"element-6066-11e4-a52e-4f735466cecf":"f.AB5CB7F68D9467DB6E6600E6EA1FB744.d.27067A380D9E9450B19E9299EE482B9A.e.5880","ELEMENT":"f.AB5CB7F68D9467DB6E6600E6EA1FB744.d.27067A380D9E9450B19E9299EE482B9A.e.5880"}]}
RESULT: {"script":"<script> [8489 bytes]","args":[{"element-6066-11e4-a52e-4f735466cecf":"f.AB5CB7F68D9467DB6E6600E6EA1FB744.d.27067A380D9E9450B19E9299EE482B9A.e.5880","ELEMENT":"f.AB5CB7F68D9467DB6E6600E6EA1FB744.d.27067A380D9E9450B19E9299EE482B9A.e.5880"}]}
COMMAND: POST /session/d1a395b1624be07bc117af6a930c8232/element/f.AB5CB7F68D9467DB6E6600E6EA1FB744.d.27067A380D9E9450B19E9299EE482B9A.e.5880/click - {}
COMMAND: GET /session/d1a395b1624be07bc117af6a930c8232/screenshot - {}
RESULT: {}
COMMAND: GET /session/d1a395b1624be07bc117af6a930c8232/screenshot - {}
RESULT: {}
RESULT: {}
COMMAND: POST /session/d1a395b1624be07bc117af6a930c8232/execute/async - {"script":"<script> [1562 bytes]","args":[{"selector":{"controlType":"sap.m.ComboBox","viewName":"reusables.view.manageresources.NewResourceUnit","viewId":"application-manageresources-display-component---newResourceUnit","bindingPath":{"path":"","propertyPath":"/RuTypes","modelName":"catalogModel"},"searchOpenDialogs":true},"wdio_ui5_key":"reusablesview.manageresources.NewResourceUnitsap.m.ComboBox{\"path\":\"\",\"propertyPath\":\"/RuTypes\",\"modelName\":\"catalogModel\"}"}]}
RESULT: {"script":"<script> [1562 bytes]","args":[{"selector":{"controlType":"sap.m.ComboBox","viewName":"reusables.view.manageresources.NewResourceUnit","viewId":"application-manageresources-display-component---newResourceUnit","bindingPath":{"path":"","propertyPath":"/RuTypes","modelName":"catalogModel"},"searchOpenDialogs":true},"wdio_ui5_key":"reusablesview.manageresources.NewResourceUnitsap.m.ComboBox{\"path\":\"\",\"propertyPath\":\"/RuTypes\",\"modelName\":\"catalogModel\"}"}]}
RESULT: undefined
COMMAND: POST /session/d1a395b1624be07bc117af6a930c8232/execute/async - {"script":"<script> [1562 bytes]","args":[{"selector":{"controlType":"sap.m.ComboBox","viewName":"reusables.view.manageresources.NewResourceUnit","viewId":"application-manageresources-display-component---newResourceUnit","bindingPath":{"path":"","propertyPath":"/Yards","modelName":"catalogModel"},"searchOpenDialogs":true},"wdio_ui5_key":"reusablesview.manageresources.NewResourceUnitsap.m.ComboBox{\"path\":\"\",\"propertyPath\":\"/Yards\",\"modelName\":\"catalogModel\"}"}]}
RESULT: {"script":"<script> [1562 bytes]","args":[{"selector":{"controlType":"sap.m.ComboBox","viewName":"reusables.view.manageresources.NewResourceUnit","viewId":"application-manageresources-display-component---newResourceUnit","bindingPath":{"path":"","propertyPath":"/Yards","modelName":"catalogModel"},"searchOpenDialogs":true},"wdio_ui5_key":"reusablesview.manageresources.NewResourceUnitsap.m.ComboBox{\"path\":\"\",\"propertyPath\":\"/Yards\",\"modelName\":\"catalogModel\"}"}]}
RESULT: undefined
COMMAND: POST /session/d1a395b1624be07bc117af6a930c8232/execute/async - {"script":"<script> [1562 bytes]","args":[{"selector":{"controlType":"etm.portal.ui.reusables.customControls.LiveSearchComboBox","viewName":"reusables.view.manageresources.NewResourceUnit","viewId":"application-manageresources-display-component---newResourceUnit","bindingPath":{"path":"","propertyPath":"/CatalogItems","modelName":"catalogModel"},"searchOpenDialogs":true},"wdio_ui5_key":"reusablesview.manageresources.NewResourceUnitetm.portal.ui.reusables.customControls.LiveSearchComboBox{\"path\":\"\",\"propertyPath\":\"/CatalogItems\",\"modelName\":\"catalogModel\"}"}]}
RESULT: {"script":"<script> [1562 bytes]","args":[{"selector":{"controlType":"etm.portal.ui.reusables.customControls.LiveSearchComboBox","viewName":"reusables.view.manageresources.NewResourceUnit","viewId":"application-manageresources-display-component---newResourceUnit","bindingPath":{"path":"","propertyPath":"/CatalogItems","modelName":"catalogModel"},"searchOpenDialogs":true},"wdio_ui5_key":"reusablesview.manageresources.NewResourceUnitetm.portal.ui.reusables.customControls.LiveSearchComboBox{\"path\":\"\",\"propertyPath\":\"/CatalogItems\",\"modelName\":\"catalogModel\"}"}]}
RESULT: undefined
COMMAND: POST /session/d1a395b1624be07bc117af6a930c8232/element - {"using":"xpath","value":"//bdi[text()=\"OK\"]"}
RESULT: {"using":"xpath","value":"//bdi[text()=\"OK\"]"}
COMMAND: POST /session/d1a395b1624be07bc117af6a930c8232/elements - {"using":"xpath","value":"//bdi[text()=\"OK\"]"}
RESULT: {"using":"xpath","value":"//bdi[text()=\"OK\"]"}
COMMAND: POST /session/d1a395b1624be07bc117af6a930c8232/elements - {"using":"xpath","value":"//bdi[text()=\"OK\"]"}
RESULT: {"using":"xpath","value":"//bdi[text()=\"OK\"]"}
COMMAND: POST /session/d1a395b1624be07bc117af6a930c8232/elements - {"using":"xpath","value":"//bdi[text()=\"OK\"]"}
RESULT: {"using":"xpath","value":"//bdi[text()=\"OK\"]"}
COMMAND: POST /session/d1a395b1624be07bc117af6a930c8232/elements - {"using":"xpath","value":"//bdi[text()=\"OK\"]"}
RESULT: {"using":"xpath","value":"//bdi[text()=\"OK\"]"}
COMMAND: POST /session/d1a395b1624be07bc117af6a930c8232/elements - {"using":"xpath","value":"//bdi[text()=\"OK\"]"}
RESULT: {"using":"xpath","value":"//bdi[text()=\"OK\"]"}
COMMAND: POST /session/d1a395b1624be07bc117af6a930c8232/elements - {"using":"xpath","value":"//bdi[text()=\"OK\"]"}
RESULT: {"using":"xpath","value":"//bdi[text()=\"OK\"]"}
COMMAND: POST /session/d1a395b1624be07bc117af6a930c8232/elements - {"using":"xpath","value":"//bdi[text()=\"OK\"]"}
RESULT: {"using":"xpath","value":"//bdi[text()=\"OK\"]"}
COMMAND: POST /session/d1a395b1624be07bc117af6a930c8232/elements - {"using":"xpath","value":"//bdi[text()=\"OK\"]"}
RESULT: {"using":"xpath","value":"//bdi[text()=\"OK\"]"}
COMMAND: POST /session/d1a395b1624be07bc117af6a930c8232/elements - {"using":"xpath","value":"//bdi[text()=\"OK\"]"}
RESULT: {"using":"xpath","value":"//bdi[text()=\"OK\"]"}
COMMAND: POST /session/d1a395b1624be07bc117af6a930c8232/elements - {"using":"xpath","value":"//bdi[text()=\"OK\"]"}
RESULT: {"using":"xpath","value":"//bdi[text()=\"OK\"]"}
COMMAND: POST /session/d1a395b1624be07bc117af6a930c8232/elements - {"using":"xpath","value":"//bdi[text()=\"OK\"]"}
RESULT: {"using":"xpath","value":"//bdi[text()=\"OK\"]"}
COMMAND: POST /session/d1a395b1624be07bc117af6a930c8232/elements - {"using":"xpath","value":"//bdi[text()=\"OK\"]"}
RESULT: {"using":"xpath","value":"//bdi[text()=\"OK\"]"}
COMMAND: POST /session/d1a395b1624be07bc117af6a930c8232/elements - {"using":"xpath","value":"//bdi[text()=\"OK\"]"}
RESULT: {"using":"xpath","value":"//bdi[text()=\"OK\"]"}
COMMAND: POST /session/d1a395b1624be07bc117af6a930c8232/elements - {"using":"xpath","value":"//bdi[text()=\"OK\"]"}
RESULT: {"using":"xpath","value":"//bdi[text()=\"OK\"]"}
COMMAND: POST /session/d1a395b1624be07bc117af6a930c8232/elements - {"using":"xpath","value":"//bdi[text()=\"OK\"]"}
RESULT: {"using":"xpath","value":"//bdi[text()=\"OK\"]"}
COMMAND: POST /session/d1a395b1624be07bc117af6a930c8232/elements - {"using":"xpath","value":"//bdi[text()=\"OK\"]"}
RESULT: {"using":"xpath","value":"//bdi[text()=\"OK\"]"}
COMMAND: POST /session/d1a395b1624be07bc117af6a930c8232/elements - {"using":"xpath","value":"//bdi[text()=\"OK\"]"}
RESULT: {"using":"xpath","value":"//bdi[text()=\"OK\"]"}
COMMAND: POST /session/d1a395b1624be07bc117af6a930c8232/elements - {"using":"xpath","value":"//bdi[text()=\"OK\"]"}
RESULT: {"using":"xpath","value":"//bdi[text()=\"OK\"]"}
COMMAND: POST /session/d1a395b1624be07bc117af6a930c8232/elements - {"using":"xpath","value":"//bdi[text()=\"OK\"]"}
RESULT: {"using":"xpath","value":"//bdi[text()=\"OK\"]"}
COMMAND: POST /session/d1a395b1624be07bc117af6a930c8232/elements - {"using":"xpath","value":"//bdi[text()=\"OK\"]"}
RESULT: {"using":"xpath","value":"//bdi[text()=\"OK\"]"}
COMMAND: POST /session/d1a395b1624be07bc117af6a930c8232/elements - {"using":"xpath","value":"//bdi[text()=\"OK\"]"}
RESULT: {"using":"xpath","value":"//bdi[text()=\"OK\"]"}
COMMAND: POST /session/d1a395b1624be07bc117af6a930c8232/elements - {"using":"xpath","value":"//bdi[text()=\"OK\"]"}
RESULT: {"using":"xpath","value":"//bdi[text()=\"OK\"]"}
COMMAND: POST /session/d1a395b1624be07bc117af6a930c8232/elements - {"using":"xpath","value":"//bdi[text()=\"OK\"]"}
RESULT: {"using":"xpath","value":"//bdi[text()=\"OK\"]"}
COMMAND: POST /session/d1a395b1624be07bc117af6a930c8232/elements - {"using":"xpath","value":"//bdi[text()=\"OK\"]"}
RESULT: {"using":"xpath","value":"//bdi[text()=\"OK\"]"}
COMMAND: POST /session/d1a395b1624be07bc117af6a930c8232/elements - {"using":"xpath","value":"//bdi[text()=\"OK\"]"}
RESULT: {"using":"xpath","value":"//bdi[text()=\"OK\"]"}
COMMAND: POST /session/d1a395b1624be07bc117af6a930c8232/elements - {"using":"xpath","value":"//bdi[text()=\"OK\"]"}
RESULT: {"using":"xpath","value":"//bdi[text()=\"OK\"]"}
COMMAND: POST /session/d1a395b1624be07bc117af6a930c8232/elements - {"using":"xpath","value":"//bdi[text()=\"OK\"]"}
RESULT: {"using":"xpath","value":"//bdi[text()=\"OK\"]"}
COMMAND: POST /session/d1a395b1624be07bc117af6a930c8232/elements - {"using":"xpath","value":"//bdi[text()=\"OK\"]"}
RESULT: {"using":"xpath","value":"//bdi[text()=\"OK\"]"}
COMMAND: POST /session/d1a395b1624be07bc117af6a930c8232/elements - {"using":"xpath","value":"//bdi[text()=\"OK\"]"}
RESULT: {"using":"xpath","value":"//bdi[text()=\"OK\"]"}
COMMAND: POST /session/d1a395b1624be07bc117af6a930c8232/elements - {"using":"xpath","value":"//bdi[text()=\"OK\"]"}
RESULT: {"using":"xpath","value":"//bdi[text()=\"OK\"]"}
COMMAND: POST /session/d1a395b1624be07bc117af6a930c8232/elements - {"using":"xpath","value":"//bdi[text()=\"OK\"]"}
RESULT: {"using":"xpath","value":"//bdi[text()=\"OK\"]"}
COMMAND: POST /session/d1a395b1624be07bc117af6a930c8232/elements - {"using":"xpath","value":"//bdi[text()=\"OK\"]"}
RESULT: {"using":"xpath","value":"//bdi[text()=\"OK\"]"}
COMMAND: POST /session/d1a395b1624be07bc117af6a930c8232/elements - {"using":"xpath","value":"//bdi[text()=\"OK\"]"}
RESULT: {"using":"xpath","value":"//bdi[text()=\"OK\"]"}
COMMAND: POST /session/d1a395b1624be07bc117af6a930c8232/elements - {"using":"xpath","value":"//bdi[text()=\"OK\"]"}
RESULT: {"using":"xpath","value":"//bdi[text()=\"OK\"]"}
COMMAND: POST /session/d1a395b1624be07bc117af6a930c8232/elements - {"using":"xpath","value":"//bdi[text()=\"OK\"]"}
RESULT: {"using":"xpath","value":"//bdi[text()=\"OK\"]"}
COMMAND: POST /session/d1a395b1624be07bc117af6a930c8232/elements - {"using":"xpath","value":"//bdi[text()=\"OK\"]"}
RESULT: {"using":"xpath","value":"//bdi[text()=\"OK\"]"}
COMMAND: POST /session/d1a395b1624be07bc117af6a930c8232/elements - {"using":"xpath","value":"//bdi[text()=\"OK\"]"}
RESULT: {"using":"xpath","value":"//bdi[text()=\"OK\"]"}
COMMAND: POST /session/d1a395b1624be07bc117af6a930c8232/elements - {"using":"xpath","value":"//bdi[text()=\"OK\"]"}
RESULT: {"using":"xpath","value":"//bdi[text()=\"OK\"]"}
COMMAND: POST /session/d1a395b1624be07bc117af6a930c8232/elements - {"using":"xpath","value":"//bdi[text()=\"OK\"]"}
RESULT: {"using":"xpath","value":"//bdi[text()=\"OK\"]"}
COMMAND: POST /session/d1a395b1624be07bc117af6a930c8232/elements - {"using":"xpath","value":"//bdi[text()=\"OK\"]"}
RESULT: {"using":"xpath","value":"//bdi[text()=\"OK\"]"}
COMMAND: POST /session/d1a395b1624be07bc117af6a930c8232/elements - {"using":"xpath","value":"//bdi[text()=\"OK\"]"}
RESULT: {"using":"xpath","value":"//bdi[text()=\"OK\"]"}
COMMAND: POST /session/d1a395b1624be07bc117af6a930c8232/elements - {"using":"xpath","value":"//bdi[text()=\"OK\"]"}
RESULT: {"using":"xpath","value":"//bdi[text()=\"OK\"]"}
COMMAND: POST /session/d1a395b1624be07bc117af6a930c8232/elements - {"using":"xpath","value":"//bdi[text()=\"OK\"]"}
RESULT: {"using":"xpath","value":"//bdi[text()=\"OK\"]"}
COMMAND: POST /session/d1a395b1624be07bc117af6a930c8232/elements - {"using":"xpath","value":"//bdi[text()=\"OK\"]"}
RESULT: {"using":"xpath","value":"//bdi[text()=\"OK\"]"}
COMMAND: POST /session/d1a395b1624be07bc117af6a930c8232/elements - {"using":"xpath","value":"//bdi[text()=\"OK\"]"}
RESULT: {"using":"xpath","value":"//bdi[text()=\"OK\"]"}
COMMAND: POST /session/d1a395b1624be07bc117af6a930c8232/elements - {"using":"xpath","value":"//bdi[text()=\"OK\"]"}
RESULT: {"using":"xpath","value":"//bdi[text()=\"OK\"]"}
COMMAND: POST /session/d1a395b1624be07bc117af6a930c8232/elements - {"using":"xpath","value":"//bdi[text()=\"OK\"]"}
RESULT: {"using":"xpath","value":"//bdi[text()=\"OK\"]"}
COMMAND: POST /session/d1a395b1624be07bc117af6a930c8232/elements - {"using":"xpath","value":"//bdi[text()=\"OK\"]"}
RESULT: {"using":"xpath","value":"//bdi[text()=\"OK\"]"}
COMMAND: POST /session/d1a395b1624be07bc117af6a930c8232/elements - {"using":"xpath","value":"//bdi[text()=\"OK\"]"}
RESULT: {"using":"xpath","value":"//bdi[text()=\"OK\"]"}
COMMAND: POST /session/d1a395b1624be07bc117af6a930c8232/elements - {"using":"xpath","value":"//bdi[text()=\"OK\"]"}
RESULT: {"using":"xpath","value":"//bdi[text()=\"OK\"]"}
COMMAND: POST /session/d1a395b1624be07bc117af6a930c8232/elements - {"using":"xpath","value":"//bdi[text()=\"OK\"]"}
RESULT: {"using":"xpath","value":"//bdi[text()=\"OK\"]"}
COMMAND: POST /session/d1a395b1624be07bc117af6a930c8232/elements - {"using":"xpath","value":"//bdi[text()=\"OK\"]"}
RESULT: {"using":"xpath","value":"//bdi[text()=\"OK\"]"}
COMMAND: POST /session/d1a395b1624be07bc117af6a930c8232/elements - {"using":"xpath","value":"//bdi[text()=\"OK\"]"}
RESULT: {"using":"xpath","value":"//bdi[text()=\"OK\"]"}
COMMAND: POST /session/d1a395b1624be07bc117af6a930c8232/elements - {"using":"xpath","value":"//bdi[text()=\"OK\"]"}
RESULT: {"using":"xpath","value":"//bdi[text()=\"OK\"]"}
COMMAND: POST /session/d1a395b1624be07bc117af6a930c8232/elements - {"using":"xpath","value":"//bdi[text()=\"OK\"]"}
RESULT: {"using":"xpath","value":"//bdi[text()=\"OK\"]"}
COMMAND: POST /session/d1a395b1624be07bc117af6a930c8232/elements - {"using":"xpath","value":"//bdi[text()=\"OK\"]"}
RESULT: {"using":"xpath","value":"//bdi[text()=\"OK\"]"}
COMMAND: POST /session/d1a395b1624be07bc117af6a930c8232/elements - {"using":"xpath","value":"//bdi[text()=\"OK\"]"}
RESULT: {"using":"xpath","value":"//bdi[text()=\"OK\"]"}
COMMAND: POST /session/d1a395b1624be07bc117af6a930c8232/elements - {"using":"xpath","value":"//bdi[text()=\"OK\"]"}
RESULT: {"using":"xpath","value":"//bdi[text()=\"OK\"]"}
COMMAND: POST /session/d1a395b1624be07bc117af6a930c8232/elements - {"using":"xpath","value":"//bdi[text()=\"OK\"]"}
RESULT: {"using":"xpath","value":"//bdi[text()=\"OK\"]"}
COMMAND: POST /session/d1a395b1624be07bc117af6a930c8232/elements - {"using":"xpath","value":"//bdi[text()=\"OK\"]"}
RESULT: {"using":"xpath","value":"//bdi[text()=\"OK\"]"}
COMMAND: POST /session/d1a395b1624be07bc117af6a930c8232/elements - {"using":"xpath","value":"//bdi[text()=\"OK\"]"}
RESULT: {"using":"xpath","value":"//bdi[text()=\"OK\"]"}
COMMAND: POST /session/d1a395b1624be07bc117af6a930c8232/elements - {"using":"xpath","value":"//bdi[text()=\"OK\"]"}
RESULT: {"using":"xpath","value":"//bdi[text()=\"OK\"]"}
COMMAND: POST /session/d1a395b1624be07bc117af6a930c8232/elements - {"using":"xpath","value":"//bdi[text()=\"OK\"]"}
RESULT: {"using":"xpath","value":"//bdi[text()=\"OK\"]"}
COMMAND: POST /session/d1a395b1624be07bc117af6a930c8232/elements - {"using":"xpath","value":"//bdi[text()=\"OK\"]"}
RESULT: {"using":"xpath","value":"//bdi[text()=\"OK\"]"}
COMMAND: POST /session/d1a395b1624be07bc117af6a930c8232/elements - {"using":"xpath","value":"//bdi[text()=\"OK\"]"}
RESULT: {"using":"xpath","value":"//bdi[text()=\"OK\"]"}
COMMAND: POST /session/d1a395b1624be07bc117af6a930c8232/elements - {"using":"xpath","value":"//bdi[text()=\"OK\"]"}
RESULT: {"using":"xpath","value":"//bdi[text()=\"OK\"]"}
COMMAND: POST /session/d1a395b1624be07bc117af6a930c8232/elements - {"using":"xpath","value":"//bdi[text()=\"OK\"]"}
RESULT: {"using":"xpath","value":"//bdi[text()=\"OK\"]"}
COMMAND: POST /session/d1a395b1624be07bc117af6a930c8232/elements - {"using":"xpath","value":"//bdi[text()=\"OK\"]"}
RESULT: {"using":"xpath","value":"//bdi[text()=\"OK\"]"}
COMMAND: POST /session/d1a395b1624be07bc117af6a930c8232/elements - {"using":"xpath","value":"//bdi[text()=\"OK\"]"}
RESULT: {"using":"xpath","value":"//bdi[text()=\"OK\"]"}
COMMAND: POST /session/d1a395b1624be07bc117af6a930c8232/elements - {"using":"xpath","value":"//bdi[text()=\"OK\"]"}
RESULT: {"using":"xpath","value":"//bdi[text()=\"OK\"]"}
COMMAND: POST /session/d1a395b1624be07bc117af6a930c8232/elements - {"using":"xpath","value":"//bdi[text()=\"OK\"]"}
RESULT: {"using":"xpath","value":"//bdi[text()=\"OK\"]"}
COMMAND: POST /session/d1a395b1624be07bc117af6a930c8232/elements - {"using":"xpath","value":"//bdi[text()=\"OK\"]"}
RESULT: {"using":"xpath","value":"//bdi[text()=\"OK\"]"}
COMMAND: POST /session/d1a395b1624be07bc117af6a930c8232/elements - {"using":"xpath","value":"//bdi[text()=\"OK\"]"}
RESULT: {"using":"xpath","value":"//bdi[text()=\"OK\"]"}
COMMAND: POST /session/d1a395b1624be07bc117af6a930c8232/elements - {"using":"xpath","value":"//bdi[text()=\"OK\"]"}
RESULT: {"using":"xpath","value":"//bdi[text()=\"OK\"]"}
COMMAND: POST /session/d1a395b1624be07bc117af6a930c8232/elements - {"using":"xpath","value":"//bdi[text()=\"OK\"]"}
RESULT: {"using":"xpath","value":"//bdi[text()=\"OK\"]"}
COMMAND: POST /session/d1a395b1624be07bc117af6a930c8232/elements - {"using":"xpath","value":"//bdi[text()=\"OK\"]"}
RESULT: {"using":"xpath","value":"//bdi[text()=\"OK\"]"}
COMMAND: POST /session/d1a395b1624be07bc117af6a930c8232/elements - {"using":"xpath","value":"//bdi[text()=\"OK\"]"}
RESULT: {"using":"xpath","value":"//bdi[text()=\"OK\"]"}
COMMAND: POST /session/d1a395b1624be07bc117af6a930c8232/elements - {"using":"xpath","value":"//bdi[text()=\"OK\"]"}
RESULT: {"using":"xpath","value":"//bdi[text()=\"OK\"]"}
COMMAND: POST /session/d1a395b1624be07bc117af6a930c8232/elements - {"using":"xpath","value":"//bdi[text()=\"OK\"]"}
RESULT: {"using":"xpath","value":"//bdi[text()=\"OK\"]"}
COMMAND: POST /session/d1a395b1624be07bc117af6a930c8232/elements - {"using":"xpath","value":"//bdi[text()=\"OK\"]"}
RESULT: {"using":"xpath","value":"//bdi[text()=\"OK\"]"}
COMMAND: POST /session/d1a395b1624be07bc117af6a930c8232/elements - {"using":"xpath","value":"//bdi[text()=\"OK\"]"}
RESULT: {"using":"xpath","value":"//bdi[text()=\"OK\"]"}
COMMAND: POST /session/d1a395b1624be07bc117af6a930c8232/elements - {"using":"xpath","value":"//bdi[text()=\"OK\"]"}
RESULT: {"using":"xpath","value":"//bdi[text()=\"OK\"]"}
COMMAND: POST /session/d1a395b1624be07bc117af6a930c8232/elements - {"using":"xpath","value":"//bdi[text()=\"OK\"]"}
RESULT: {"using":"xpath","value":"//bdi[text()=\"OK\"]"}
COMMAND: POST /session/d1a395b1624be07bc117af6a930c8232/elements - {"using":"xpath","value":"//bdi[text()=\"OK\"]"}
RESULT: {"using":"xpath","value":"//bdi[text()=\"OK\"]"}
COMMAND: POST /session/d1a395b1624be07bc117af6a930c8232/elements - {"using":"xpath","value":"//bdi[text()=\"OK\"]"}
RESULT: {"using":"xpath","value":"//bdi[text()=\"OK\"]"}
COMMAND: POST /session/d1a395b1624be07bc117af6a930c8232/elements - {"using":"xpath","value":"//bdi[text()=\"OK\"]"}
RESULT: {"using":"xpath","value":"//bdi[text()=\"OK\"]"}
COMMAND: POST /session/d1a395b1624be07bc117af6a930c8232/elements - {"using":"xpath","value":"//bdi[text()=\"OK\"]"}
RESULT: {"using":"xpath","value":"//bdi[text()=\"OK\"]"}
COMMAND: POST /session/d1a395b1624be07bc117af6a930c8232/elements - {"using":"xpath","value":"//bdi[text()=\"OK\"]"}
RESULT: {"using":"xpath","value":"//bdi[text()=\"OK\"]"}
COMMAND: POST /session/d1a395b1624be07bc117af6a930c8232/elements - {"using":"xpath","value":"//bdi[text()=\"OK\"]"}
RESULT: {"using":"xpath","value":"//bdi[text()=\"OK\"]"}
COMMAND: POST /session/d1a395b1624be07bc117af6a930c8232/elements - {"using":"xpath","value":"//bdi[text()=\"OK\"]"}
RESULT: {"using":"xpath","value":"//bdi[text()=\"OK\"]"}
COMMAND: POST /session/d1a395b1624be07bc117af6a930c8232/elements - {"using":"xpath","value":"//bdi[text()=\"OK\"]"}
RESULT: {"using":"xpath","value":"//bdi[text()=\"OK\"]"}
COMMAND: POST /session/d1a395b1624be07bc117af6a930c8232/elements - {"using":"xpath","value":"//bdi[text()=\"OK\"]"}
RESULT: {"using":"xpath","value":"//bdi[text()=\"OK\"]"}
COMMAND: POST /session/d1a395b1624be07bc117af6a930c8232/elements - {"using":"xpath","value":"//bdi[text()=\"OK\"]"}
RESULT: {"using":"xpath","value":"//bdi[text()=\"OK\"]"}
COMMAND: POST /session/d1a395b1624be07bc117af6a930c8232/elements - {"using":"xpath","value":"//bdi[text()=\"OK\"]"}
RESULT: {"using":"xpath","value":"//bdi[text()=\"OK\"]"}
COMMAND: POST /session/d1a395b1624be07bc117af6a930c8232/elements - {"using":"xpath","value":"//bdi[text()=\"OK\"]"}
RESULT: {"using":"xpath","value":"//bdi[text()=\"OK\"]"}
COMMAND: POST /session/d1a395b1624be07bc117af6a930c8232/elements - {"using":"xpath","value":"//bdi[text()=\"OK\"]"}
RESULT: {"using":"xpath","value":"//bdi[text()=\"OK\"]"}
COMMAND: POST /session/d1a395b1624be07bc117af6a930c8232/elements - {"using":"xpath","value":"//bdi[text()=\"OK\"]"}
RESULT: {"using":"xpath","value":"//bdi[text()=\"OK\"]"}
COMMAND: POST /session/d1a395b1624be07bc117af6a930c8232/elements - {"using":"xpath","value":"//bdi[text()=\"OK\"]"}
RESULT: {"using":"xpath","value":"//bdi[text()=\"OK\"]"}
COMMAND: POST /session/d1a395b1624be07bc117af6a930c8232/elements - {"using":"xpath","value":"//bdi[text()=\"OK\"]"}
RESULT: {"using":"xpath","value":"//bdi[text()=\"OK\"]"}
COMMAND: POST /session/d1a395b1624be07bc117af6a930c8232/elements - {"using":"xpath","value":"//bdi[text()=\"OK\"]"}
RESULT: {"using":"xpath","value":"//bdi[text()=\"OK\"]"}
COMMAND: POST /session/d1a395b1624be07bc117af6a930c8232/elements - {"using":"xpath","value":"//bdi[text()=\"OK\"]"}
RESULT: {"using":"xpath","value":"//bdi[text()=\"OK\"]"}
COMMAND: POST /session/d1a395b1624be07bc117af6a930c8232/elements - {"using":"xpath","value":"//bdi[text()=\"OK\"]"}
RESULT: {"using":"xpath","value":"//bdi[text()=\"OK\"]"}
COMMAND: POST /session/d1a395b1624be07bc117af6a930c8232/elements - {"using":"xpath","value":"//bdi[text()=\"OK\"]"}
RESULT: {"using":"xpath","value":"//bdi[text()=\"OK\"]"}
COMMAND: POST /session/d1a395b1624be07bc117af6a930c8232/elements - {"using":"xpath","value":"//bdi[text()=\"OK\"]"}
RESULT: {"using":"xpath","value":"//bdi[text()=\"OK\"]"}
COMMAND: POST /session/d1a395b1624be07bc117af6a930c8232/elements - {"using":"xpath","value":"//bdi[text()=\"OK\"]"}
RESULT: {"using":"xpath","value":"//bdi[text()=\"OK\"]"}
COMMAND: POST /session/d1a395b1624be07bc117af6a930c8232/elements - {"using":"xpath","value":"//bdi[text()=\"OK\"]"}
RESULT: {"using":"xpath","value":"//bdi[text()=\"OK\"]"}
COMMAND: POST /session/d1a395b1624be07bc117af6a930c8232/elements - {"using":"xpath","value":"//bdi[text()=\"OK\"]"}
RESULT: {"using":"xpath","value":"//bdi[text()=\"OK\"]"}
COMMAND: POST /session/d1a395b1624be07bc117af6a930c8232/elements - {"using":"xpath","value":"//bdi[text()=\"OK\"]"}
RESULT: {"using":"xpath","value":"//bdi[text()=\"OK\"]"}
COMMAND: POST /session/d1a395b1624be07bc117af6a930c8232/elements - {"using":"xpath","value":"//bdi[text()=\"OK\"]"}
RESULT: {"using":"xpath","value":"//bdi[text()=\"OK\"]"}
COMMAND: POST /session/d1a395b1624be07bc117af6a930c8232/elements - {"using":"xpath","value":"//bdi[text()=\"OK\"]"}
RESULT: {"using":"xpath","value":"//bdi[text()=\"OK\"]"}
COMMAND: POST /session/d1a395b1624be07bc117af6a930c8232/elements - {"using":"xpath","value":"//bdi[text()=\"OK\"]"}
RESULT: {"using":"xpath","value":"//bdi[text()=\"OK\"]"}
COMMAND: POST /session/d1a395b1624be07bc117af6a930c8232/elements - {"using":"xpath","value":"//bdi[text()=\"OK\"]"}
RESULT: {"using":"xpath","value":"//bdi[text()=\"OK\"]"}
COMMAND: POST /session/d1a395b1624be07bc117af6a930c8232/elements - {"using":"xpath","value":"//bdi[text()=\"OK\"]"}
RESULT: {"using":"xpath","value":"//bdi[text()=\"OK\"]"}
COMMAND: POST /session/d1a395b1624be07bc117af6a930c8232/elements - {"using":"xpath","value":"//bdi[text()=\"OK\"]"}
RESULT: {"using":"xpath","value":"//bdi[text()=\"OK\"]"}
COMMAND: POST /session/d1a395b1624be07bc117af6a930c8232/elements - {"using":"xpath","value":"//bdi[text()=\"OK\"]"}
RESULT: {"using":"xpath","value":"//bdi[text()=\"OK\"]"}
COMMAND: POST /session/d1a395b1624be07bc117af6a930c8232/elements - {"using":"xpath","value":"//bdi[text()=\"OK\"]"}
RESULT: {"using":"xpath","value":"//bdi[text()=\"OK\"]"}
COMMAND: POST /session/d1a395b1624be07bc117af6a930c8232/elements - {"using":"xpath","value":"//bdi[text()=\"OK\"]"}
RESULT: {"using":"xpath","value":"//bdi[text()=\"OK\"]"}
COMMAND: POST /session/d1a395b1624be07bc117af6a930c8232/elements - {"using":"xpath","value":"//bdi[text()=\"OK\"]"}
RESULT: {"using":"xpath","value":"//bdi[text()=\"OK\"]"}
COMMAND: POST /session/d1a395b1624be07bc117af6a930c8232/elements - {"using":"xpath","value":"//bdi[text()=\"OK\"]"}
RESULT: {"using":"xpath","value":"//bdi[text()=\"OK\"]"}
COMMAND: POST /session/d1a395b1624be07bc117af6a930c8232/elements - {"using":"xpath","value":"//bdi[text()=\"OK\"]"}
RESULT: {"using":"xpath","value":"//bdi[text()=\"OK\"]"}
COMMAND: POST /session/d1a395b1624be07bc117af6a930c8232/elements - {"using":"xpath","value":"//bdi[text()=\"OK\"]"}
COMMAND: POST /session/d1a395b1624be07bc117af6a930c8232/element - {"using":"xpath","value":"//bdi[text()=\"OK\"]"}
RESULT: {"using":"xpath","value":"//bdi[text()=\"OK\"]"}
RESULT: {"using":"xpath","value":"//bdi[text()=\"OK\"]"}
COMMAND: POST /session/d1a395b1624be07bc117af6a930c8232/elements - {"using":"xpath","value":"//bdi[text()=\"OK\"]"}
RESULT: {"using":"xpath","value":"//bdi[text()=\"OK\"]"}
COMMAND: POST /session/d1a395b1624be07bc117af6a930c8232/elements - {"using":"xpath","value":"//bdi[text()=\"OK\"]"}
RESULT: {"using":"xpath","value":"//bdi[text()=\"OK\"]"}
COMMAND: POST /session/d1a395b1624be07bc117af6a930c8232/elements - {"using":"xpath","value":"//bdi[text()=\"OK\"]"}
RESULT: {"using":"xpath","value":"//bdi[text()=\"OK\"]"}
COMMAND: POST /session/d1a395b1624be07bc117af6a930c8232/elements - {"using":"xpath","value":"//bdi[text()=\"OK\"]"}
RESULT: {"using":"xpath","value":"//bdi[text()=\"OK\"]"}
COMMAND: POST /session/d1a395b1624be07bc117af6a930c8232/elements - {"using":"xpath","value":"//bdi[text()=\"OK\"]"}
RESULT: {"using":"xpath","value":"//bdi[text()=\"OK\"]"}
COMMAND: POST /session/d1a395b1624be07bc117af6a930c8232/elements - {"using":"xpath","value":"//bdi[text()=\"OK\"]"}
RESULT: {"using":"xpath","value":"//bdi[text()=\"OK\"]"}
COMMAND: POST /session/d1a395b1624be07bc117af6a930c8232/elements - {"using":"xpath","value":"//bdi[text()=\"OK\"]"}
RESULT: {"using":"xpath","value":"//bdi[text()=\"OK\"]"}
COMMAND: POST /session/d1a395b1624be07bc117af6a930c8232/elements - {"using":"xpath","value":"//bdi[text()=\"OK\"]"}
RESULT: {"using":"xpath","value":"//bdi[text()=\"OK\"]"}
COMMAND: POST /session/d1a395b1624be07bc117af6a930c8232/elements - {"using":"xpath","value":"//bdi[text()=\"OK\"]"}
RESULT: {"using":"xpath","value":"//bdi[text()=\"OK\"]"}
COMMAND: POST /session/d1a395b1624be07bc117af6a930c8232/elements - {"using":"xpath","value":"//bdi[text()=\"OK\"]"}
RESULT: {"using":"xpath","value":"//bdi[text()=\"OK\"]"}
COMMAND: POST /session/d1a395b1624be07bc117af6a930c8232/elements - {"using":"xpath","value":"//bdi[text()=\"OK\"]"}
RESULT: {"using":"xpath","value":"//bdi[text()=\"OK\"]"}
COMMAND: POST /session/d1a395b1624be07bc117af6a930c8232/elements - {"using":"xpath","value":"//bdi[text()=\"OK\"]"}
RESULT: {"using":"xpath","value":"//bdi[text()=\"OK\"]"}
COMMAND: POST /session/d1a395b1624be07bc117af6a930c8232/elements - {"using":"xpath","value":"//bdi[text()=\"OK\"]"}
RESULT: {"using":"xpath","value":"//bdi[text()=\"OK\"]"}
COMMAND: POST /session/d1a395b1624be07bc117af6a930c8232/elements - {"using":"xpath","value":"//bdi[text()=\"OK\"]"}
RESULT: {"using":"xpath","value":"//bdi[text()=\"OK\"]"}
COMMAND: POST /session/d1a395b1624be07bc117af6a930c8232/elements - {"using":"xpath","value":"//bdi[text()=\"OK\"]"}
RESULT: {"using":"xpath","value":"//bdi[text()=\"OK\"]"}
COMMAND: POST /session/d1a395b1624be07bc117af6a930c8232/elements - {"using":"xpath","value":"//bdi[text()=\"OK\"]"}
RESULT: {"using":"xpath","value":"//bdi[text()=\"OK\"]"}
COMMAND: POST /session/d1a395b1624be07bc117af6a930c8232/elements - {"using":"xpath","value":"//bdi[text()=\"OK\"]"}
RESULT: {"using":"xpath","value":"//bdi[text()=\"OK\"]"}
COMMAND: POST /session/d1a395b1624be07bc117af6a930c8232/elements - {"using":"xpath","value":"//bdi[text()=\"OK\"]"}
RESULT: {"using":"xpath","value":"//bdi[text()=\"OK\"]"}
COMMAND: POST /session/d1a395b1624be07bc117af6a930c8232/elements - {"using":"xpath","value":"//bdi[text()=\"OK\"]"}
RESULT: {"using":"xpath","value":"//bdi[text()=\"OK\"]"}
COMMAND: POST /session/d1a395b1624be07bc117af6a930c8232/elements - {"using":"xpath","value":"//bdi[text()=\"OK\"]"}
RESULT: {"using":"xpath","value":"//bdi[text()=\"OK\"]"}
COMMAND: POST /session/d1a395b1624be07bc117af6a930c8232/elements - {"using":"xpath","value":"//bdi[text()=\"OK\"]"}
RESULT: {"using":"xpath","value":"//bdi[text()=\"OK\"]"}
COMMAND: POST /session/d1a395b1624be07bc117af6a930c8232/elements - {"using":"xpath","value":"//bdi[text()=\"OK\"]"}
RESULT: {"using":"xpath","value":"//bdi[text()=\"OK\"]"}
COMMAND: POST /session/d1a395b1624be07bc117af6a930c8232/elements - {"using":"xpath","value":"//bdi[text()=\"OK\"]"}
RESULT: {"using":"xpath","value":"//bdi[text()=\"OK\"]"}
COMMAND: POST /session/d1a395b1624be07bc117af6a930c8232/elements - {"using":"xpath","value":"//bdi[text()=\"OK\"]"}
RESULT: {"using":"xpath","value":"//bdi[text()=\"OK\"]"}
COMMAND: POST /session/d1a395b1624be07bc117af6a930c8232/elements - {"using":"xpath","value":"//bdi[text()=\"OK\"]"}
RESULT: {"using":"xpath","value":"//bdi[text()=\"OK\"]"}
COMMAND: POST /session/d1a395b1624be07bc117af6a930c8232/elements - {"using":"xpath","value":"//bdi[text()=\"OK\"]"}
RESULT: {"using":"xpath","value":"//bdi[text()=\"OK\"]"}
COMMAND: POST /session/d1a395b1624be07bc117af6a930c8232/elements - {"using":"xpath","value":"//bdi[text()=\"OK\"]"}
RESULT: {"using":"xpath","value":"//bdi[text()=\"OK\"]"}
COMMAND: POST /session/d1a395b1624be07bc117af6a930c8232/elements - {"using":"xpath","value":"//bdi[text()=\"OK\"]"}
RESULT: {"using":"xpath","value":"//bdi[text()=\"OK\"]"}
COMMAND: POST /session/d1a395b1624be07bc117af6a930c8232/elements - {"using":"xpath","value":"//bdi[text()=\"OK\"]"}
RESULT: {"using":"xpath","value":"//bdi[text()=\"OK\"]"}
COMMAND: POST /session/d1a395b1624be07bc117af6a930c8232/elements - {"using":"xpath","value":"//bdi[text()=\"OK\"]"}
RESULT: {"using":"xpath","value":"//bdi[text()=\"OK\"]"}
COMMAND: POST /session/d1a395b1624be07bc117af6a930c8232/elements - {"using":"xpath","value":"//bdi[text()=\"OK\"]"}
RESULT: {"using":"xpath","value":"//bdi[text()=\"OK\"]"}
COMMAND: POST /session/d1a395b1624be07bc117af6a930c8232/elements - {"using":"xpath","value":"//bdi[text()=\"OK\"]"}
RESULT: {"using":"xpath","value":"//bdi[text()=\"OK\"]"}
COMMAND: POST /session/d1a395b1624be07bc117af6a930c8232/elements - {"using":"xpath","value":"//bdi[text()=\"OK\"]"}
RESULT: {"using":"xpath","value":"//bdi[text()=\"OK\"]"}
COMMAND: POST /session/d1a395b1624be07bc117af6a930c8232/elements - {"using":"xpath","value":"//bdi[text()=\"OK\"]"}
RESULT: {"using":"xpath","value":"//bdi[text()=\"OK\"]"}
COMMAND: POST /session/d1a395b1624be07bc117af6a930c8232/elements - {"using":"xpath","value":"//bdi[text()=\"OK\"]"}
RESULT: {"using":"xpath","value":"//bdi[text()=\"OK\"]"}
COMMAND: POST /session/d1a395b1624be07bc117af6a930c8232/elements - {"using":"xpath","value":"//bdi[text()=\"OK\"]"}
RESULT: {"using":"xpath","value":"//bdi[text()=\"OK\"]"}
COMMAND: POST /session/d1a395b1624be07bc117af6a930c8232/elements - {"using":"xpath","value":"//bdi[text()=\"OK\"]"}
RESULT: {"using":"xpath","value":"//bdi[text()=\"OK\"]"}
COMMAND: POST /session/d1a395b1624be07bc117af6a930c8232/elements - {"using":"xpath","value":"//bdi[text()=\"OK\"]"}
RESULT: {"using":"xpath","value":"//bdi[text()=\"OK\"]"}
COMMAND: POST /session/d1a395b1624be07bc117af6a930c8232/elements - {"using":"xpath","value":"//bdi[text()=\"OK\"]"}
RESULT: {"using":"xpath","value":"//bdi[text()=\"OK\"]"}
COMMAND: POST /session/d1a395b1624be07bc117af6a930c8232/elements - {"using":"xpath","value":"//bdi[text()=\"OK\"]"}
RESULT: {"using":"xpath","value":"//bdi[text()=\"OK\"]"}
COMMAND: POST /session/d1a395b1624be07bc117af6a930c8232/elements - {"using":"xpath","value":"//bdi[text()=\"OK\"]"}
RESULT: {"using":"xpath","value":"//bdi[text()=\"OK\"]"}
COMMAND: POST /session/d1a395b1624be07bc117af6a930c8232/elements - {"using":"xpath","value":"//bdi[text()=\"OK\"]"}
RESULT: {"using":"xpath","value":"//bdi[text()=\"OK\"]"}
COMMAND: POST /session/d1a395b1624be07bc117af6a930c8232/elements - {"using":"xpath","value":"//bdi[text()=\"OK\"]"}
RESULT: {"using":"xpath","value":"//bdi[text()=\"OK\"]"}
COMMAND: POST /session/d1a395b1624be07bc117af6a930c8232/elements - {"using":"xpath","value":"//bdi[text()=\"OK\"]"}
RESULT: {"using":"xpath","value":"//bdi[text()=\"OK\"]"}
COMMAND: POST /session/d1a395b1624be07bc117af6a930c8232/elements - {"using":"xpath","value":"//bdi[text()=\"OK\"]"}
RESULT: {"using":"xpath","value":"//bdi[text()=\"OK\"]"}
COMMAND: POST /session/d1a395b1624be07bc117af6a930c8232/elements - {"using":"xpath","value":"//bdi[text()=\"OK\"]"}
RESULT: {"using":"xpath","value":"//bdi[text()=\"OK\"]"}
COMMAND: POST /session/d1a395b1624be07bc117af6a930c8232/elements - {"using":"xpath","value":"//bdi[text()=\"OK\"]"}
RESULT: {"using":"xpath","value":"//bdi[text()=\"OK\"]"}
COMMAND: POST /session/d1a395b1624be07bc117af6a930c8232/elements - {"using":"xpath","value":"//bdi[text()=\"OK\"]"}
RESULT: {"using":"xpath","value":"//bdi[text()=\"OK\"]"}
COMMAND: POST /session/d1a395b1624be07bc117af6a930c8232/elements - {"using":"xpath","value":"//bdi[text()=\"OK\"]"}
RESULT: {"using":"xpath","value":"//bdi[text()=\"OK\"]"}
COMMAND: POST /session/d1a395b1624be07bc117af6a930c8232/elements - {"using":"xpath","value":"//bdi[text()=\"OK\"]"}
RESULT: {"using":"xpath","value":"//bdi[text()=\"OK\"]"}
COMMAND: POST /session/d1a395b1624be07bc117af6a930c8232/elements - {"using":"xpath","value":"//bdi[text()=\"OK\"]"}
RESULT: {"using":"xpath","value":"//bdi[text()=\"OK\"]"}
COMMAND: POST /session/d1a395b1624be07bc117af6a930c8232/elements - {"using":"xpath","value":"//bdi[text()=\"OK\"]"}
RESULT: {"using":"xpath","value":"//bdi[text()=\"OK\"]"}
COMMAND: POST /session/d1a395b1624be07bc117af6a930c8232/elements - {"using":"xpath","value":"//bdi[text()=\"OK\"]"}
RESULT: {"using":"xpath","value":"//bdi[text()=\"OK\"]"}
COMMAND: POST /session/d1a395b1624be07bc117af6a930c8232/elements - {"using":"xpath","value":"//bdi[text()=\"OK\"]"}
RESULT: {"using":"xpath","value":"//bdi[text()=\"OK\"]"}
COMMAND: POST /session/d1a395b1624be07bc117af6a930c8232/elements - {"using":"xpath","value":"//bdi[text()=\"OK\"]"}
RESULT: {"using":"xpath","value":"//bdi[text()=\"OK\"]"}
COMMAND: POST /session/d1a395b1624be07bc117af6a930c8232/elements - {"using":"xpath","value":"//bdi[text()=\"OK\"]"}
RESULT: {"using":"xpath","value":"//bdi[text()=\"OK\"]"}
COMMAND: POST /session/d1a395b1624be07bc117af6a930c8232/elements - {"using":"xpath","value":"//bdi[text()=\"OK\"]"}
RESULT: {"using":"xpath","value":"//bdi[text()=\"OK\"]"}
COMMAND: POST /session/d1a395b1624be07bc117af6a930c8232/elements - {"using":"xpath","value":"//bdi[text()=\"OK\"]"}
RESULT: {"using":"xpath","value":"//bdi[text()=\"OK\"]"}
COMMAND: POST /session/d1a395b1624be07bc117af6a930c8232/elements - {"using":"xpath","value":"//bdi[text()=\"OK\"]"}
RESULT: {"using":"xpath","value":"//bdi[text()=\"OK\"]"}
COMMAND: POST /session/d1a395b1624be07bc117af6a930c8232/elements - {"using":"xpath","value":"//bdi[text()=\"OK\"]"}
RESULT: {"using":"xpath","value":"//bdi[text()=\"OK\"]"}
COMMAND: POST /session/d1a395b1624be07bc117af6a930c8232/elements - {"using":"xpath","value":"//bdi[text()=\"OK\"]"}
RESULT: {"using":"xpath","value":"//bdi[text()=\"OK\"]"}
COMMAND: POST /session/d1a395b1624be07bc117af6a930c8232/elements - {"using":"xpath","value":"//bdi[text()=\"OK\"]"}
RESULT: {"using":"xpath","value":"//bdi[text()=\"OK\"]"}
COMMAND: POST /session/d1a395b1624be07bc117af6a930c8232/elements - {"using":"xpath","value":"//bdi[text()=\"OK\"]"}
RESULT: {"using":"xpath","value":"//bdi[text()=\"OK\"]"}
COMMAND: POST /session/d1a395b1624be07bc117af6a930c8232/elements - {"using":"xpath","value":"//bdi[text()=\"OK\"]"}
RESULT: {"using":"xpath","value":"//bdi[text()=\"OK\"]"}
COMMAND: POST /session/d1a395b1624be07bc117af6a930c8232/elements - {"using":"xpath","value":"//bdi[text()=\"OK\"]"}
RESULT: {"using":"xpath","value":"//bdi[text()=\"OK\"]"}
COMMAND: POST /session/d1a395b1624be07bc117af6a930c8232/elements - {"using":"xpath","value":"//bdi[text()=\"OK\"]"}
RESULT: {"using":"xpath","value":"//bdi[text()=\"OK\"]"}
COMMAND: POST /session/d1a395b1624be07bc117af6a930c8232/elements - {"using":"xpath","value":"//bdi[text()=\"OK\"]"}
RESULT: {"using":"xpath","value":"//bdi[text()=\"OK\"]"}
COMMAND: POST /session/d1a395b1624be07bc117af6a930c8232/elements - {"using":"xpath","value":"//bdi[text()=\"OK\"]"}
RESULT: {"using":"xpath","value":"//bdi[text()=\"OK\"]"}
COMMAND: POST /session/d1a395b1624be07bc117af6a930c8232/elements - {"using":"xpath","value":"//bdi[text()=\"OK\"]"}
RESULT: {"using":"xpath","value":"//bdi[text()=\"OK\"]"}
COMMAND: POST /session/d1a395b1624be07bc117af6a930c8232/elements - {"using":"xpath","value":"//bdi[text()=\"OK\"]"}
RESULT: {"using":"xpath","value":"//bdi[text()=\"OK\"]"}
COMMAND: POST /session/d1a395b1624be07bc117af6a930c8232/elements - {"using":"xpath","value":"//bdi[text()=\"OK\"]"}
RESULT: {"using":"xpath","value":"//bdi[text()=\"OK\"]"}
COMMAND: POST /session/d1a395b1624be07bc117af6a930c8232/elements - {"using":"xpath","value":"//bdi[text()=\"OK\"]"}
RESULT: {"using":"xpath","value":"//bdi[text()=\"OK\"]"}
COMMAND: POST /session/d1a395b1624be07bc117af6a930c8232/elements - {"using":"xpath","value":"//bdi[text()=\"OK\"]"}
RESULT: {"using":"xpath","value":"//bdi[text()=\"OK\"]"}
COMMAND: POST /session/d1a395b1624be07bc117af6a930c8232/elements - {"using":"xpath","value":"//bdi[text()=\"OK\"]"}
RESULT: {"using":"xpath","value":"//bdi[text()=\"OK\"]"}
COMMAND: POST /session/d1a395b1624be07bc117af6a930c8232/elements - {"using":"xpath","value":"//bdi[text()=\"OK\"]"}
RESULT: {"using":"xpath","value":"//bdi[text()=\"OK\"]"}
COMMAND: POST /session/d1a395b1624be07bc117af6a930c8232/elements - {"using":"xpath","value":"//bdi[text()=\"OK\"]"}
RESULT: {"using":"xpath","value":"//bdi[text()=\"OK\"]"}
COMMAND: POST /session/d1a395b1624be07bc117af6a930c8232/elements - {"using":"xpath","value":"//bdi[text()=\"OK\"]"}
RESULT: {"using":"xpath","value":"//bdi[text()=\"OK\"]"}
COMMAND: POST /session/d1a395b1624be07bc117af6a930c8232/elements - {"using":"xpath","value":"//bdi[text()=\"OK\"]"}
RESULT: {"using":"xpath","value":"//bdi[text()=\"OK\"]"}
COMMAND: POST /session/d1a395b1624be07bc117af6a930c8232/elements - {"using":"xpath","value":"//bdi[text()=\"OK\"]"}
RESULT: {"using":"xpath","value":"//bdi[text()=\"OK\"]"}
COMMAND: POST /session/d1a395b1624be07bc117af6a930c8232/elements - {"using":"xpath","value":"//bdi[text()=\"OK\"]"}
RESULT: {"using":"xpath","value":"//bdi[text()=\"OK\"]"}
COMMAND: POST /session/d1a395b1624be07bc117af6a930c8232/elements - {"using":"xpath","value":"//bdi[text()=\"OK\"]"}
RESULT: {"using":"xpath","value":"//bdi[text()=\"OK\"]"}
COMMAND: POST /session/d1a395b1624be07bc117af6a930c8232/elements - {"using":"xpath","value":"//bdi[text()=\"OK\"]"}
RESULT: {"using":"xpath","value":"//bdi[text()=\"OK\"]"}
COMMAND: POST /session/d1a395b1624be07bc117af6a930c8232/elements - {"using":"xpath","value":"//bdi[text()=\"OK\"]"}
RESULT: {"using":"xpath","value":"//bdi[text()=\"OK\"]"}
COMMAND: POST /session/d1a395b1624be07bc117af6a930c8232/elements - {"using":"xpath","value":"//bdi[text()=\"OK\"]"}
RESULT: {"using":"xpath","value":"//bdi[text()=\"OK\"]"}
COMMAND: POST /session/d1a395b1624be07bc117af6a930c8232/elements - {"using":"xpath","value":"//bdi[text()=\"OK\"]"}
RESULT: {"using":"xpath","value":"//bdi[text()=\"OK\"]"}
COMMAND: POST /session/d1a395b1624be07bc117af6a930c8232/elements - {"using":"xpath","value":"//bdi[text()=\"OK\"]"}
RESULT: {"using":"xpath","value":"//bdi[text()=\"OK\"]"}
COMMAND: POST /session/d1a395b1624be07bc117af6a930c8232/elements - {"using":"xpath","value":"//bdi[text()=\"OK\"]"}
RESULT: {"using":"xpath","value":"//bdi[text()=\"OK\"]"}
COMMAND: POST /session/d1a395b1624be07bc117af6a930c8232/elements - {"using":"xpath","value":"//bdi[text()=\"OK\"]"}
RESULT: {"using":"xpath","value":"//bdi[text()=\"OK\"]"}
COMMAND: POST /session/d1a395b1624be07bc117af6a930c8232/elements - {"using":"xpath","value":"//bdi[text()=\"OK\"]"}
RESULT: {"using":"xpath","value":"//bdi[text()=\"OK\"]"}
COMMAND: POST /session/d1a395b1624be07bc117af6a930c8232/elements - {"using":"xpath","value":"//bdi[text()=\"OK\"]"}
RESULT: {"using":"xpath","value":"//bdi[text()=\"OK\"]"}
COMMAND: POST /session/d1a395b1624be07bc117af6a930c8232/elements - {"using":"xpath","value":"//bdi[text()=\"OK\"]"}
RESULT: {"using":"xpath","value":"//bdi[text()=\"OK\"]"}
COMMAND: POST /session/d1a395b1624be07bc117af6a930c8232/elements - {"using":"xpath","value":"//bdi[text()=\"OK\"]"}
RESULT: {"using":"xpath","value":"//bdi[text()=\"OK\"]"}
COMMAND: POST /session/d1a395b1624be07bc117af6a930c8232/elements - {"using":"xpath","value":"//bdi[text()=\"OK\"]"}
RESULT: {"using":"xpath","value":"//bdi[text()=\"OK\"]"}
COMMAND: POST /session/d1a395b1624be07bc117af6a930c8232/elements - {"using":"xpath","value":"//bdi[text()=\"OK\"]"}
RESULT: {"using":"xpath","value":"//bdi[text()=\"OK\"]"}
COMMAND: POST /session/d1a395b1624be07bc117af6a930c8232/elements - {"using":"xpath","value":"//bdi[text()=\"OK\"]"}
RESULT: {"using":"xpath","value":"//bdi[text()=\"OK\"]"}
COMMAND: POST /session/d1a395b1624be07bc117af6a930c8232/elements - {"using":"xpath","value":"//bdi[text()=\"OK\"]"}
RESULT: {"using":"xpath","value":"//bdi[text()=\"OK\"]"}
COMMAND: POST /session/d1a395b1624be07bc117af6a930c8232/elements - {"using":"xpath","value":"//bdi[text()=\"OK\"]"}
RESULT: {"using":"xpath","value":"//bdi[text()=\"OK\"]"}
COMMAND: POST /session/d1a395b1624be07bc117af6a930c8232/elements - {"using":"xpath","value":"//bdi[text()=\"OK\"]"}
RESULT: {"using":"xpath","value":"//bdi[text()=\"OK\"]"}
COMMAND: POST /session/d1a395b1624be07bc117af6a930c8232/elements - {"using":"xpath","value":"//bdi[text()=\"OK\"]"}
RESULT: {"using":"xpath","value":"//bdi[text()=\"OK\"]"}
COMMAND: POST /session/d1a395b1624be07bc117af6a930c8232/elements - {"using":"xpath","value":"//bdi[text()=\"OK\"]"}
RESULT: {"using":"xpath","value":"//bdi[text()=\"OK\"]"}
COMMAND: POST /session/d1a395b1624be07bc117af6a930c8232/elements - {"using":"xpath","value":"//bdi[text()=\"OK\"]"}
RESULT: {"using":"xpath","value":"//bdi[text()=\"OK\"]"}
COMMAND: POST /session/d1a395b1624be07bc117af6a930c8232/elements - {"using":"xpath","value":"//bdi[text()=\"OK\"]"}
RESULT: {"using":"xpath","value":"//bdi[text()=\"OK\"]"}
COMMAND: POST /session/d1a395b1624be07bc117af6a930c8232/elements - {"using":"xpath","value":"//bdi[text()=\"OK\"]"}
RESULT: {"using":"xpath","value":"//bdi[text()=\"OK\"]"}
COMMAND: POST /session/d1a395b1624be07bc117af6a930c8232/elements - {"using":"xpath","value":"//bdi[text()=\"OK\"]"}
RESULT: {"using":"xpath","value":"//bdi[text()=\"OK\"]"}
COMMAND: POST /session/d1a395b1624be07bc117af6a930c8232/elements - {"using":"xpath","value":"//bdi[text()=\"OK\"]"}
RESULT: {"using":"xpath","value":"//bdi[text()=\"OK\"]"}
COMMAND: POST /session/d1a395b1624be07bc117af6a930c8232/elements - {"using":"xpath","value":"//bdi[text()=\"OK\"]"}
RESULT: {"using":"xpath","value":"//bdi[text()=\"OK\"]"}
COMMAND: POST /session/d1a395b1624be07bc117af6a930c8232/elements - {"using":"xpath","value":"//bdi[text()=\"OK\"]"}
RESULT: {"using":"xpath","value":"//bdi[text()=\"OK\"]"}
COMMAND: POST /session/d1a395b1624be07bc117af6a930c8232/elements - {"using":"xpath","value":"//bdi[text()=\"OK\"]"}
RESULT: {"using":"xpath","value":"//bdi[text()=\"OK\"]"}
COMMAND: POST /session/d1a395b1624be07bc117af6a930c8232/elements - {"using":"xpath","value":"//bdi[text()=\"OK\"]"}
RESULT: {"using":"xpath","value":"//bdi[text()=\"OK\"]"}
COMMAND: POST /session/d1a395b1624be07bc117af6a930c8232/elements - {"using":"xpath","value":"//bdi[text()=\"OK\"]"}
RESULT: {"using":"xpath","value":"//bdi[text()=\"OK\"]"}
COMMAND: POST /session/d1a395b1624be07bc117af6a930c8232/elements - {"using":"xpath","value":"//bdi[text()=\"OK\"]"}
RESULT: {"using":"xpath","value":"//bdi[text()=\"OK\"]"}
COMMAND: POST /session/d1a395b1624be07bc117af6a930c8232/elements - {"using":"xpath","value":"//bdi[text()=\"OK\"]"}
RESULT: {"using":"xpath","value":"//bdi[text()=\"OK\"]"}
COMMAND: POST /session/d1a395b1624be07bc117af6a930c8232/elements - {"using":"xpath","value":"//bdi[text()=\"OK\"]"}
RESULT: {"using":"xpath","value":"//bdi[text()=\"OK\"]"}
COMMAND: POST /session/d1a395b1624be07bc117af6a930c8232/elements - {"using":"xpath","value":"//bdi[text()=\"OK\"]"}
RESULT: {"using":"xpath","value":"//bdi[text()=\"OK\"]"}
COMMAND: POST /session/d1a395b1624be07bc117af6a930c8232/elements - {"using":"xpath","value":"//bdi[text()=\"OK\"]"}
RESULT: {"using":"xpath","value":"//bdi[text()=\"OK\"]"}
COMMAND: POST /session/d1a395b1624be07bc117af6a930c8232/elements - {"using":"xpath","value":"//bdi[text()=\"OK\"]"}
RESULT: {"using":"xpath","value":"//bdi[text()=\"OK\"]"}
COMMAND: POST /session/d1a395b1624be07bc117af6a930c8232/elements - {"using":"xpath","value":"//bdi[text()=\"OK\"]"}
RESULT: {"using":"xpath","value":"//bdi[text()=\"OK\"]"}
COMMAND: POST /session/d1a395b1624be07bc117af6a930c8232/elements - {"using":"xpath","value":"//bdi[text()=\"OK\"]"}
RESULT: {"using":"xpath","value":"//bdi[text()=\"OK\"]"}
COMMAND: POST /session/d1a395b1624be07bc117af6a930c8232/elements - {"using":"xpath","value":"//bdi[text()=\"OK\"]"}
RESULT: {"using":"xpath","value":"//bdi[text()=\"OK\"]"}
COMMAND: POST /session/d1a395b1624be07bc117af6a930c8232/elements - {"using":"xpath","value":"//bdi[text()=\"OK\"]"}
RESULT: {"using":"xpath","value":"//bdi[text()=\"OK\"]"}
COMMAND: POST /session/d1a395b1624be07bc117af6a930c8232/elements - {"using":"xpath","value":"//bdi[text()=\"OK\"]"}
COMMAND: POST /session/d1a395b1624be07bc117af6a930c8232/execute/async - {"script":"<script> [1562 bytes]","args":[{"selector":{"id":"application-manageresources-display-component---newResourceUnit--TYPE-arrow"},"wdio_ui5_key":"applicationmanageresources-display-component---newResourceUnit--TYPE-arrow"}]}
RESULT: {"using":"xpath","value":"//bdi[text()=\"OK\"]"}
RESULT: {"script":"<script> [1562 bytes]","args":[{"selector":{"id":"application-manageresources-display-component---newResourceUnit--TYPE-arrow"},"wdio_ui5_key":"applicationmanageresources-display-component---newResourceUnit--TYPE-arrow"}]}
RESULT: undefined
COMMAND: POST /session/d1a395b1624be07bc117af6a930c8232/element - {"using":"xpath","value":"//*[@id=\"application-manageresources-display-component---newResourceUnit--TYPE-arrow\"]"}
RESULT: {"using":"xpath","value":"//*[@id=\"application-manageresources-display-component---newResourceUnit--TYPE-arrow\"]"}
COMMAND: POST /session/d1a395b1624be07bc117af6a930c8232/element/f.AB5CB7F68D9467DB6E6600E6EA1FB744.d.27067A380D9E9450B19E9299EE482B9A.e.6203/click - {}
RESULT: {}
COMMAND: POST /session/d1a395b1624be07bc117af6a930c8232/execute/async - {"script":"<script> [1562 bytes]","args":[{"selector":{"controlType":"sap.m.StandardListItem","viewName":"reusables.view.manageresources.NewResourceUnit","viewId":"application-manageresources-display-component---newResourceUnit","properties":{"title":"Material"},"searchOpenDialogs":true,"interaction":{"idSuffix":"titleText"}},"wdio_ui5_key":"reusablesview.manageresources.NewResourceUnitsap.m.StandardListItem{\"title\":\"Material\"}"}]}
COMMAND: GET /session/d1a395b1624be07bc117af6a930c8232/screenshot - {}
RESULT: {"script":"<script> [1562 bytes]","args":[{"selector":{"controlType":"sap.m.StandardListItem","viewName":"reusables.view.manageresources.NewResourceUnit","viewId":"application-manageresources-display-component---newResourceUnit","properties":{"title":"Material"},"searchOpenDialogs":true,"interaction":{"idSuffix":"titleText"}},"wdio_ui5_key":"reusablesview.manageresources.NewResourceUnitsap.m.StandardListItem{\"title\":\"Material\"}"}]}
RESULT: undefined
COMMAND: POST /session/d1a395b1624be07bc117af6a930c8232/element - {"using":"xpath","value":"//*[@id=\"__item142\"]"}
RESULT: {}
RESULT: {"using":"xpath","value":"//*[@id=\"__item142\"]"}
COMMAND: POST /session/d1a395b1624be07bc117af6a930c8232/element/f.AB5CB7F68D9467DB6E6600E6EA1FB744.d.27067A380D9E9450B19E9299EE482B9A.e.6206/click - {}
RESULT: {}
COMMAND: POST /session/d1a395b1624be07bc117af6a930c8232/execute/async - {"script":"<script> [1562 bytes]","args":[{"selector":{"id":"application-manageresources-display-component---newResourceUnit--SHORT_TEXT","interaction":{"idSuffix":"inner"}},"wdio_ui5_key":"applicationmanageresources-display-component---newResourceUnit--SHORT_TEXT"}]}
COMMAND: GET /session/d1a395b1624be07bc117af6a930c8232/screenshot - {}
RESULT: {"script":"<script> [1562 bytes]","args":[{"selector":{"id":"application-manageresources-display-component---newResourceUnit--SHORT_TEXT","interaction":{"idSuffix":"inner"}},"wdio_ui5_key":"applicationmanageresources-display-component---newResourceUnit--SHORT_TEXT"}]}
RESULT: undefined
COMMAND: POST /session/d1a395b1624be07bc117af6a930c8232/execute/async - {"script":"<script> [776 bytes]","args":[{"enterText":"WebdriverRU R2Cmczy","selector":{"id":"application-manageresources-display-component---newResourceUnit--SHORT_TEXT","interaction":{"idSuffix":"inner"}},"clearTextFirst":true,"interactionType":"ENTER_TEXT"}]}
RESULT: {}
RESULT: {"script":"<script> [776 bytes]","args":[{"enterText":"WebdriverRU R2Cmczy","selector":{"id":"application-manageresources-display-component---newResourceUnit--SHORT_TEXT","interaction":{"idSuffix":"inner"}},"clearTextFirst":true,"interactionType":"ENTER_TEXT"}]}
COMMAND: POST /session/d1a395b1624be07bc117af6a930c8232/execute/async - {"script":"<script> [1562 bytes]","args":[{"selector":{"id":"application-manageresources-display-component---newResourceUnit--BASE_UNIT_OF_MEASURE-arrow"},"wdio_ui5_key":"applicationmanageresources-display-component---newResourceUnit--BASE_UNIT_OF_MEASURE-arrow"}]}
RESULT: {"script":"<script> [1562 bytes]","args":[{"selector":{"id":"application-manageresources-display-component---newResourceUnit--BASE_UNIT_OF_MEASURE-arrow"},"wdio_ui5_key":"applicationmanageresources-display-component---newResourceUnit--BASE_UNIT_OF_MEASURE-arrow"}]}
RESULT: undefined
COMMAND: POST /session/d1a395b1624be07bc117af6a930c8232/element - {"using":"xpath","value":"//*[@id=\"application-manageresources-display-component---newResourceUnit--BASE_UNIT_OF_MEASURE-arrow\"]"}
RESULT: {"using":"xpath","value":"//*[@id=\"application-manageresources-display-component---newResourceUnit--BASE_UNIT_OF_MEASURE-arrow\"]"}
COMMAND: POST /session/d1a395b1624be07bc117af6a930c8232/element/f.AB5CB7F68D9467DB6E6600E6EA1FB744.d.27067A380D9E9450B19E9299EE482B9A.e.6264/click - {}
RESULT: {}
COMMAND: POST /session/d1a395b1624be07bc117af6a930c8232/execute/async - {"script":"<script> [1562 bytes]","args":[{"selector":{"controlType":"sap.m.StandardListItem","viewName":"reusables.view.manageresources.NewResourceUnit","viewId":"application-manageresources-display-component---newResourceUnit","properties":{"title":"Piece"},"searchOpenDialogs":true,"interaction":{"idSuffix":"titleText"}},"wdio_ui5_key":"reusablesview.manageresources.NewResourceUnitsap.m.StandardListItem{\"title\":\"Piece\"}"}]}
COMMAND: GET /session/d1a395b1624be07bc117af6a930c8232/screenshot - {}
RESULT: {"script":"<script> [1562 bytes]","args":[{"selector":{"controlType":"sap.m.StandardListItem","viewName":"reusables.view.manageresources.NewResourceUnit","viewId":"application-manageresources-display-component---newResourceUnit","properties":{"title":"Piece"},"searchOpenDialogs":true,"interaction":{"idSuffix":"titleText"}},"wdio_ui5_key":"reusablesview.manageresources.NewResourceUnitsap.m.StandardListItem{\"title\":\"Piece\"}"}]}
RESULT: undefined
COMMAND: POST /session/d1a395b1624be07bc117af6a930c8232/element - {"using":"xpath","value":"//*[@id=\"__item186\"]"}
RESULT: {}
RESULT: {"using":"xpath","value":"//*[@id=\"__item186\"]"}
COMMAND: POST /session/d1a395b1624be07bc117af6a930c8232/element/f.AB5CB7F68D9467DB6E6600E6EA1FB744.d.27067A380D9E9450B19E9299EE482B9A.e.6266/click - {}
RESULT: {}
COMMAND: POST /session/d1a395b1624be07bc117af6a930c8232/execute/async - {"script":"<script> [1562 bytes]","args":[{"selector":{"id":"application-manageresources-display-component---newResourceUnit--WEIGHT_UNIT-arrow"},"wdio_ui5_key":"applicationmanageresources-display-component---newResourceUnit--WEIGHT_UNIT-arrow"}]}
COMMAND: GET /session/d1a395b1624be07bc117af6a930c8232/screenshot - {}
RESULT: {"script":"<script> [1562 bytes]","args":[{"selector":{"id":"application-manageresources-display-component---newResourceUnit--WEIGHT_UNIT-arrow"},"wdio_ui5_key":"applicationmanageresources-display-component---newResourceUnit--WEIGHT_UNIT-arrow"}]}
RESULT: undefined
COMMAND: POST /session/d1a395b1624be07bc117af6a930c8232/element - {"using":"xpath","value":"//*[@id=\"application-manageresources-display-component---newResourceUnit--WEIGHT_UNIT-arrow\"]"}
RESULT: {}
RESULT: {"using":"xpath","value":"//*[@id=\"application-manageresources-display-component---newResourceUnit--WEIGHT_UNIT-arrow\"]"}
COMMAND: POST /session/d1a395b1624be07bc117af6a930c8232/element/f.AB5CB7F68D9467DB6E6600E6EA1FB744.d.27067A380D9E9450B19E9299EE482B9A.e.6267/click - {}
RESULT: {}
COMMAND: POST /session/d1a395b1624be07bc117af6a930c8232/execute/async - {"script":"<script> [1562 bytes]","args":[{"selector":{"controlType":"sap.m.StandardListItem","viewName":"reusables.view.manageresources.NewResourceUnit","viewId":"application-manageresources-display-component---newResourceUnit","properties":{"title":"Gram"},"searchOpenDialogs":true,"interaction":{"idSuffix":"content"}},"wdio_ui5_key":"reusablesview.manageresources.NewResourceUnitsap.m.StandardListItem{\"title\":\"Gram\"}"}]}
COMMAND: GET /session/d1a395b1624be07bc117af6a930c8232/screenshot - {}
RESULT: {"script":"<script> [1562 bytes]","args":[{"selector":{"controlType":"sap.m.StandardListItem","viewName":"reusables.view.manageresources.NewResourceUnit","viewId":"application-manageresources-display-component---newResourceUnit","properties":{"title":"Gram"},"searchOpenDialogs":true,"interaction":{"idSuffix":"content"}},"wdio_ui5_key":"reusablesview.manageresources.NewResourceUnitsap.m.StandardListItem{\"title\":\"Gram\"}"}]}
RESULT: undefined
COMMAND: POST /session/d1a395b1624be07bc117af6a930c8232/element - {"using":"xpath","value":"//*[@id=\"__item251\"]"}
RESULT: {}
RESULT: {"using":"xpath","value":"//*[@id=\"__item251\"]"}
COMMAND: POST /session/d1a395b1624be07bc117af6a930c8232/element/f.AB5CB7F68D9467DB6E6600E6EA1FB744.d.27067A380D9E9450B19E9299EE482B9A.e.6269/click - {}
RESULT: {}
COMMAND: GET /session/d1a395b1624be07bc117af6a930c8232/screenshot - {}
RESULT: {}
COMMAND: POST /session/d1a395b1624be07bc117af6a930c8232/execute/async - {"script":"<script> [1562 bytes]","args":[{"selector":{"id":"application-manageresources-display-component---newResourceUnit--newRRUPage-OPHeaderContent-collapseBtn-img"},"wdio_ui5_key":"applicationmanageresources-display-component---newResourceUnit--newRRUPage-OPHeaderContent-collapseBtn-img"}]}
RESULT: {"script":"<script> [1562 bytes]","args":[{"selector":{"id":"application-manageresources-display-component---newResourceUnit--newRRUPage-OPHeaderContent-collapseBtn-img"},"wdio_ui5_key":"applicationmanageresources-display-component---newResourceUnit--newRRUPage-OPHeaderContent-collapseBtn-img"}]}
RESULT: undefined
COMMAND: POST /session/d1a395b1624be07bc117af6a930c8232/element - {"using":"xpath","value":"//*[@id=\"application-manageresources-display-component---newResourceUnit--newRRUPage-OPHeaderContent-collapseBtn-img\"]"}
RESULT: {"using":"xpath","value":"//*[@id=\"application-manageresources-display-component---newResourceUnit--newRRUPage-OPHeaderContent-collapseBtn-img\"]"}
COMMAND: POST /session/d1a395b1624be07bc117af6a930c8232/element/f.AB5CB7F68D9467DB6E6600E6EA1FB744.d.27067A380D9E9450B19E9299EE482B9A.e.6215/click - {}
RESULT: {}
COMMAND: GET /session/d1a395b1624be07bc117af6a930c8232/screenshot - {}
RESULT: {}
COMMAND: POST /session/d1a395b1624be07bc117af6a930c8232/element - {"using":"xpath","value":"(//span[contains(@id ,\"application-manageresources-display-component---newResourceUnit--DIMENSION_UNIT-arrow\")])[1]"}
RESULT: {"using":"xpath","value":"(//span[contains(@id ,\"application-manageresources-display-component---newResourceUnit--DIMENSION_UNIT-arrow\")])[1]"}
COMMAND: POST /session/d1a395b1624be07bc117af6a930c8232/element/f.AB5CB7F68D9467DB6E6600E6EA1FB744.d.27067A380D9E9450B19E9299EE482B9A.e.6275/click - {}
RESULT: {}
COMMAND: GET /session/d1a395b1624be07bc117af6a930c8232/screenshot - {}
RESULT: {}
COMMAND: POST /session/d1a395b1624be07bc117af6a930c8232/execute/async - {"script":"<script> [1562 bytes]","args":[{"selector":{"controlType":"sap.m.StandardListItem","viewName":"reusables.view.manageresources.NewResourceUnit","viewId":"application-manageresources-display-component---newResourceUnit","properties":{"title":"Centimeter"},"searchOpenDialogs":true,"interaction":{"idSuffix":"titleText"}},"wdio_ui5_key":"reusablesview.manageresources.NewResourceUnitsap.m.StandardListItem{\"title\":\"Centimeter\"}"}]}
RESULT: {"script":"<script> [1562 bytes]","args":[{"selector":{"controlType":"sap.m.StandardListItem","viewName":"reusables.view.manageresources.NewResourceUnit","viewId":"application-manageresources-display-component---newResourceUnit","properties":{"title":"Centimeter"},"searchOpenDialogs":true,"interaction":{"idSuffix":"titleText"}},"wdio_ui5_key":"reusablesview.manageresources.NewResourceUnitsap.m.StandardListItem{\"title\":\"Centimeter\"}"}]}
RESULT: undefined
COMMAND: POST /session/d1a395b1624be07bc117af6a930c8232/element - {"using":"xpath","value":"//*[@id=\"__item254\"]"}
RESULT: {"using":"xpath","value":"//*[@id=\"__item254\"]"}
COMMAND: POST /session/d1a395b1624be07bc117af6a930c8232/element/f.AB5CB7F68D9467DB6E6600E6EA1FB744.d.27067A380D9E9450B19E9299EE482B9A.e.6277/click - {}
RESULT: {}
COMMAND: GET /session/d1a395b1624be07bc117af6a930c8232/screenshot - {}
RESULT: {}
COMMAND: POST /session/d1a395b1624be07bc117af6a930c8232/execute/async - {"script":"<script> [1562 bytes]","args":[{"selector":{"id":"application-manageresources-display-component---newResourceUnit--newRRUPage-anchBar-application-manageresources-display-component---newResourceUnit--reference-anchor","interaction":{"idSuffix":"BDI-content"}},"wdio_ui5_key":"applicationmanageresources-display-component---newResourceUnit--newRRUPage-anchBar-application-manageresources-display-component---newResourceUnit--reference-anchor"}]}
RESULT: {"script":"<script> [1562 bytes]","args":[{"selector":{"id":"application-manageresources-display-component---newResourceUnit--newRRUPage-anchBar-application-manageresources-display-component---newResourceUnit--reference-anchor","interaction":{"idSuffix":"BDI-content"}},"wdio_ui5_key":"applicationmanageresources-display-component---newResourceUnit--newRRUPage-anchBar-application-manageresources-display-component---newResourceUnit--reference-anchor"}]}
RESULT: undefined
COMMAND: POST /session/d1a395b1624be07bc117af6a930c8232/element - {"using":"xpath","value":"//*[@id=\"application-manageresources-display-component---newResourceUnit--newRRUPage-anchBar-application-manageresources-display-component---newResourceUnit--reference-anchor\"]"}
RESULT: {"using":"xpath","value":"//*[@id=\"application-manageresources-display-component---newResourceUnit--newRRUPage-anchBar-application-manageresources-display-component---newResourceUnit--reference-anchor\"]"}
COMMAND: POST /session/d1a395b1624be07bc117af6a930c8232/element/f.AB5CB7F68D9467DB6E6600E6EA1FB744.d.27067A380D9E9450B19E9299EE482B9A.e.6279/click - {}
RESULT: {}
COMMAND: POST /session/d1a395b1624be07bc117af6a930c8232/execute/async - {"script":"<script> [1562 bytes]","args":[{"selector":{"id":"application-manageresources-display-component---newResourceUnit--PLANNING_GROUP-arrow"},"wdio_ui5_key":"applicationmanageresources-display-component---newResourceUnit--PLANNING_GROUP-arrow"}]}
COMMAND: GET /session/d1a395b1624be07bc117af6a930c8232/screenshot - {}
RESULT: {"script":"<script> [1562 bytes]","args":[{"selector":{"id":"application-manageresources-display-component---newResourceUnit--PLANNING_GROUP-arrow"},"wdio_ui5_key":"applicationmanageresources-display-component---newResourceUnit--PLANNING_GROUP-arrow"}]}
RESULT: undefined
COMMAND: POST /session/d1a395b1624be07bc117af6a930c8232/element - {"using":"xpath","value":"//*[@id=\"application-manageresources-display-component---newResourceUnit--PLANNING_GROUP-arrow\"]"}
RESULT: {}
RESULT: {"using":"xpath","value":"//*[@id=\"application-manageresources-display-component---newResourceUnit--PLANNING_GROUP-arrow\"]"}
COMMAND: POST /session/d1a395b1624be07bc117af6a930c8232/element/f.AB5CB7F68D9467DB6E6600E6EA1FB744.d.27067A380D9E9450B19E9299EE482B9A.e.6283/click - {}
RESULT: {}
COMMAND: POST /session/d1a395b1624be07bc117af6a930c8232/execute/async - {"script":"<script> [1562 bytes]","args":[{"selector":{"controlType":"sap.m.StandardListItem","viewName":"reusables.view.manageresources.NewResourceUnit","viewId":"application-manageresources-display-component---newResourceUnit","properties":{"title":"Heavy Equi"},"searchOpenDialogs":true,"interaction":{"idSuffix":"content"}},"wdio_ui5_key":"reusablesview.manageresources.NewResourceUnitsap.m.StandardListItem{\"title\":\"Heavy Equi\"}"}]}
COMMAND: GET /session/d1a395b1624be07bc117af6a930c8232/screenshot - {}
RESULT: {"script":"<script> [1562 bytes]","args":[{"selector":{"controlType":"sap.m.StandardListItem","viewName":"reusables.view.manageresources.NewResourceUnit","viewId":"application-manageresources-display-component---newResourceUnit","properties":{"title":"Heavy Equi"},"searchOpenDialogs":true,"interaction":{"idSuffix":"content"}},"wdio_ui5_key":"reusablesview.manageresources.NewResourceUnitsap.m.StandardListItem{\"title\":\"Heavy Equi\"}"}]}
RESULT: undefined
COMMAND: POST /session/d1a395b1624be07bc117af6a930c8232/element - {"using":"xpath","value":"//*[@id=\"__item262\"]"}
RESULT: {}
RESULT: {"using":"xpath","value":"//*[@id=\"__item262\"]"}
COMMAND: POST /session/d1a395b1624be07bc117af6a930c8232/element/f.AB5CB7F68D9467DB6E6600E6EA1FB744.d.27067A380D9E9450B19E9299EE482B9A.e.6285/click - {}
RESULT: {}
COMMAND: GET /session/d1a395b1624be07bc117af6a930c8232/screenshot - {}
RESULT: {}
COMMAND: POST /session/d1a395b1624be07bc117af6a930c8232/execute/async - {"script":"<script> [1562 bytes]","args":[{"selector":{"id":"application-manageresources-display-component---newResourceUnit--PLANNING_INDICATOR-arrow"},"wdio_ui5_key":"applicationmanageresources-display-component---newResourceUnit--PLANNING_INDICATOR-arrow"}]}
RESULT: {"script":"<script> [1562 bytes]","args":[{"selector":{"id":"application-manageresources-display-component---newResourceUnit--PLANNING_INDICATOR-arrow"},"wdio_ui5_key":"applicationmanageresources-display-component---newResourceUnit--PLANNING_INDICATOR-arrow"}]}
RESULT: undefined
COMMAND: POST /session/d1a395b1624be07bc117af6a930c8232/element - {"using":"xpath","value":"//*[@id=\"application-manageresources-display-component---newResourceUnit--PLANNING_INDICATOR-arrow\"]"}
RESULT: {"using":"xpath","value":"//*[@id=\"application-manageresources-display-component---newResourceUnit--PLANNING_INDICATOR-arrow\"]"}
COMMAND: POST /session/d1a395b1624be07bc117af6a930c8232/element/f.AB5CB7F68D9467DB6E6600E6EA1FB744.d.27067A380D9E9450B19E9299EE482B9A.e.6286/click - {}
RESULT: {}
COMMAND: POST /session/d1a395b1624be07bc117af6a930c8232/execute/async - {"script":"<script> [1562 bytes]","args":[{"selector":{"controlType":"sap.m.StandardListItem","viewName":"reusables.view.manageresources.NewResourceUnit","viewId":"application-manageresources-display-component---newResourceUnit","properties":{"title":"10 - infinite"},"searchOpenDialogs":true,"interaction":{"idSuffix":"content"}},"wdio_ui5_key":"reusablesview.manageresources.NewResourceUnitsap.m.StandardListItem{\"title\":\"10 - infinite\"}"}]}
COMMAND: GET /session/d1a395b1624be07bc117af6a930c8232/screenshot - {}
RESULT: {"script":"<script> [1562 bytes]","args":[{"selector":{"controlType":"sap.m.StandardListItem","viewName":"reusables.view.manageresources.NewResourceUnit","viewId":"application-manageresources-display-component---newResourceUnit","properties":{"title":"10 - infinite"},"searchOpenDialogs":true,"interaction":{"idSuffix":"content"}},"wdio_ui5_key":"reusablesview.manageresources.NewResourceUnitsap.m.StandardListItem{\"title\":\"10 - infinite\"}"}]}
RESULT: undefined
COMMAND: POST /session/d1a395b1624be07bc117af6a930c8232/element - {"using":"xpath","value":"//*[@id=\"__item272\"]"}
RESULT: {}
RESULT: {"using":"xpath","value":"//*[@id=\"__item272\"]"}
COMMAND: POST /session/d1a395b1624be07bc117af6a930c8232/element/f.AB5CB7F68D9467DB6E6600E6EA1FB744.d.27067A380D9E9450B19E9299EE482B9A.e.6288/click - {}
RESULT: {}
COMMAND: GET /session/d1a395b1624be07bc117af6a930c8232/screenshot - {}
RESULT: {}
COMMAND: POST /session/d1a395b1624be07bc117af6a930c8232/element - {"using":"xpath","value":"//bdi[contains(text(), \"Time Segment\")]"}
RESULT: {"using":"xpath","value":"//bdi[contains(text(), \"Time Segment\")]"}
COMMAND: GET /session/d1a395b1624be07bc117af6a930c8232/element/f.AB5CB7F68D9467DB6E6600E6EA1FB744.d.27067A380D9E9450B19E9299EE482B9A.e.6289/rect - {}
RESULT: {}
COMMAND: GET /session/d1a395b1624be07bc117af6a930c8232/window/rect - {}
RESULT: {}
COMMAND: POST /session/d1a395b1624be07bc117af6a930c8232/execute/sync - {"script":"<script> [92 bytes]","args":[]}
RESULT: {"script":"<script> [92 bytes]","args":[]}
COMMAND: POST /session/d1a395b1624be07bc117af6a930c8232/actions - {"actions":[{"id":"action17","type":"wheel","parameters":{},"actions":[{"type":"scroll","x":-1820,"y":-21,"deltaX":0,"deltaY":0,"duration":0,"origin":{"element-6066-11e4-a52e-4f735466cecf":"f.AB5CB7F68D9467DB6E6600E6EA1FB744.d.27067A380D9E9450B19E9299EE482B9A.e.6289"}}]}]}
COMMAND: GET /session/d1a395b1624be07bc117af6a930c8232/screenshot - {}
RESULT: {}
COMMAND: POST /session/d1a395b1624be07bc117af6a930c8232/execute/sync - {"script":"<script> [79 bytes]","args":[{"element-6066-11e4-a52e-4f735466cecf":"f.AB5CB7F68D9467DB6E6600E6EA1FB744.d.27067A380D9E9450B19E9299EE482B9A.e.6289","ELEMENT":"f.AB5CB7F68D9467DB6E6600E6EA1FB744.d.27067A380D9E9450B19E9299EE482B9A.e.6289"},{"block":"start","inline":"nearest"}]}
RESULT: {"script":"<script> [79 bytes]","args":[{"element-6066-11e4-a52e-4f735466cecf":"f.AB5CB7F68D9467DB6E6600E6EA1FB744.d.27067A380D9E9450B19E9299EE482B9A.e.6289","ELEMENT":"f.AB5CB7F68D9467DB6E6600E6EA1FB744.d.27067A380D9E9450B19E9299EE482B9A.e.6289"},{"block":"start","inline":"nearest"}]}
COMMAND: GET /session/d1a395b1624be07bc117af6a930c8232/screenshot - {}
RESULT: {}
COMMAND: POST /session/d1a395b1624be07bc117af6a930c8232/element - {"using":"xpath","value":"//span[@id=\"application-manageresources-display-component---newResourceUnit--btnAddTimeSegment-img\"]"}
RESULT: {"using":"xpath","value":"//span[@id=\"application-manageresources-display-component---newResourceUnit--btnAddTimeSegment-img\"]"}
COMMAND: POST /session/d1a395b1624be07bc117af6a930c8232/execute/sync - {"script":"<script> [8489 bytes]","args":[{"element-6066-11e4-a52e-4f735466cecf":"f.AB5CB7F68D9467DB6E6600E6EA1FB744.d.27067A380D9E9450B19E9299EE482B9A.e.6292","ELEMENT":"f.AB5CB7F68D9467DB6E6600E6EA1FB744.d.27067A380D9E9450B19E9299EE482B9A.e.6292"}]}
RESULT: {"script":"<script> [8489 bytes]","args":[{"element-6066-11e4-a52e-4f735466cecf":"f.AB5CB7F68D9467DB6E6600E6EA1FB744.d.27067A380D9E9450B19E9299EE482B9A.e.6292","ELEMENT":"f.AB5CB7F68D9467DB6E6600E6EA1FB744.d.27067A380D9E9450B19E9299EE482B9A.e.6292"}]}
COMMAND: POST /session/d1a395b1624be07bc117af6a930c8232/element/f.AB5CB7F68D9467DB6E6600E6EA1FB744.d.27067A380D9E9450B19E9299EE482B9A.e.6292/click - {}
COMMAND: GET /session/d1a395b1624be07bc117af6a930c8232/screenshot - {}
RESULT: {}
COMMAND: GET /session/d1a395b1624be07bc117af6a930c8232/screenshot - {}
RESULT: {}
RESULT: {}
COMMAND: POST /session/d1a395b1624be07bc117af6a930c8232/element - {"using":"xpath","value":"//input[@id=\"application-manageresources-display-component---newResourceUnit--idRuTSAdmin-application-manageresources-display-component---newResourceUnit--RUTimeSegment-0-inner\"]"}
RESULT: {"using":"xpath","value":"//input[@id=\"application-manageresources-display-component---newResourceUnit--idRuTSAdmin-application-manageresources-display-component---newResourceUnit--RUTimeSegment-0-inner\"]"}
COMMAND: POST /session/d1a395b1624be07bc117af6a930c8232/element/f.AB5CB7F68D9467DB6E6600E6EA1FB744.d.27067A380D9E9450B19E9299EE482B9A.e.6295/clear - {}
RESULT: {}
COMMAND: POST /session/d1a395b1624be07bc117af6a930c8232/element/f.AB5CB7F68D9467DB6E6600E6EA1FB744.d.27067A380D9E9450B19E9299EE482B9A.e.6295/value - {"text":"222"}
COMMAND: GET /session/d1a395b1624be07bc117af6a930c8232/screenshot - {}
RESULT: {"text":"222"}
COMMAND: GET /session/d1a395b1624be07bc117af6a930c8232/screenshot - {}
RESULT: {}
RESULT: {}
COMMAND: POST /session/d1a395b1624be07bc117af6a930c8232/actions - {"actions":[{"id":"action18","type":"key","parameters":{},"actions":[{"type":"keyDown","value":"î€‡"},{"type":"pause","duration":10},{"type":"keyUp","value":"î€‡"}]}]}
RESULT: {"actions":[{"id":"action18","type":"key","parameters":{},"actions":[{"type":"keyDown","value":"î€‡"},{"type":"pause","duration":10},{"type":"keyUp","value":"î€‡"}]}]}
COMMAND: GET /session/d1a395b1624be07bc117af6a930c8232/screenshot - {}
RESULT: {}
COMMAND: POST /session/d1a395b1624be07bc117af6a930c8232/execute/async - {"script":"<script> [1562 bytes]","args":[{"selector":{"controlType":"sap.m.Button","viewName":"reusables.view.manageresources.NewResourceUnit","viewId":"application-manageresources-display-component---newResourceUnit","i18NText":{"propertyName":"tooltip","key":"save"},"interaction":{"idSuffix":"BDI-content"}},"wdio_ui5_key":"reusablesview.manageresources.NewResourceUnitsap.m.Button{\"propertyName\":\"tooltip\",\"key\":\"save\"}"}]}
RESULT: {"script":"<script> [1562 bytes]","args":[{"selector":{"controlType":"sap.m.Button","viewName":"reusables.view.manageresources.NewResourceUnit","viewId":"application-manageresources-display-component---newResourceUnit","i18NText":{"propertyName":"tooltip","key":"save"},"interaction":{"idSuffix":"BDI-content"}},"wdio_ui5_key":"reusablesview.manageresources.NewResourceUnitsap.m.Button{\"propertyName\":\"tooltip\",\"key\":\"save\"}"}]}
RESULT: undefined
COMMAND: POST /session/d1a395b1624be07bc117af6a930c8232/element - {"using":"xpath","value":"//*[@id=\"application-manageresources-display-component---newResourceUnit--createRuButton\"]"}
RESULT: {"using":"xpath","value":"//*[@id=\"application-manageresources-display-component---newResourceUnit--createRuButton\"]"}
COMMAND: POST /session/d1a395b1624be07bc117af6a930c8232/element/f.AB5CB7F68D9467DB6E6600E6EA1FB744.d.27067A380D9E9450B19E9299EE482B9A.e.6221/click - {}
RESULT: {}
COMMAND: GET /session/d1a395b1624be07bc117af6a930c8232/screenshot - {}
RESULT: {}
COMMAND: POST /session/d1a395b1624be07bc117af6a930c8232/execute/async - {"script":"<script> [1562 bytes]","args":[{"selector":{"controlType":"sap.m.Title","properties":{"text":"Success"},"searchOpenDialogs":true},"wdio_ui5_key":"sapm.Title{\"text\":\"Success\"}"}]}
RESULT: {"script":"<script> [1562 bytes]","args":[{"selector":{"controlType":"sap.m.Title","properties":{"text":"Success"},"searchOpenDialogs":true},"wdio_ui5_key":"sapm.Title{\"text\":\"Success\"}"}]}
RESULT: undefined
COMMAND: POST /session/d1a395b1624be07bc117af6a930c8232/execute/async - {"script":"<script> [6424 bytes]","args":[{"element-6066-11e4-a52e-4f735466cecf":"f.AB5CB7F68D9467DB6E6600E6EA1FB744.d.27067A380D9E9450B19E9299EE482B9A.e.6310"},"getText",[]]}
RESULT: {"script":"<script> [6424 bytes]","args":[{"element-6066-11e4-a52e-4f735466cecf":"f.AB5CB7F68D9467DB6E6600E6EA1FB744.d.27067A380D9E9450B19E9299EE482B9A.e.6310"},"getText",[]]}
COMMAND: POST /session/d1a395b1624be07bc117af6a930c8232/element - {"using":"xpath","value":"//*[contains(@id, '__text') and (contains(text(), 'successfully created') or contains(., 'successfully created'))]"}
RESULT: {"using":"xpath","value":"//*[contains(@id, '__text') and (contains(text(), 'successfully created') or contains(., 'successfully created'))]"}
COMMAND: GET /session/d1a395b1624be07bc117af6a930c8232/element/f.AB5CB7F68D9467DB6E6600E6EA1FB744.d.27067A380D9E9450B19E9299EE482B9A.e.6309/text - {}
RESULT: {}
COMMAND: POST /session/d1a395b1624be07bc117af6a930c8232/execute/async - {"script":"<script> [1562 bytes]","args":[{"selector":{"controlType":"sap.m.Button","properties":{"text":"Close"},"searchOpenDialogs":true,"interaction":{"idSuffix":"BDI-content"}},"wdio_ui5_key":"sapm.Button{\"text\":\"Close\"}"}]}
RESULT: {"script":"<script> [1562 bytes]","args":[{"selector":{"controlType":"sap.m.Button","properties":{"text":"Close"},"searchOpenDialogs":true,"interaction":{"idSuffix":"BDI-content"}},"wdio_ui5_key":"sapm.Button{\"text\":\"Close\"}"}]}
RESULT: undefined
COMMAND: POST /session/d1a395b1624be07bc117af6a930c8232/element - {"using":"xpath","value":"//*[@id=\"__mbox-btn-0\"]"}
RESULT: {"using":"xpath","value":"//*[@id=\"__mbox-btn-0\"]"}
COMMAND: POST /session/d1a395b1624be07bc117af6a930c8232/element/f.AB5CB7F68D9467DB6E6600E6EA1FB744.d.27067A380D9E9450B19E9299EE482B9A.e.6306/click - {}
RESULT: {}
COMMAND: GET /session/d1a395b1624be07bc117af6a930c8232/screenshot - {}
RESULT: {}
COMMAND: POST /session/d1a395b1624be07bc117af6a930c8232/execute/async - {"script":"<script> [1562 bytes]","args":[{"selector":{"controlType":"sap.ui.core.Icon","viewName":"etm.portal.ui.manageresources.view.Detail","viewId":"application-manageresources-display-component---detailRU","properties":{"src":{"regex":{"source":"overflow"}}}},"wdio_ui5_key":"etmportal.ui.manageresources.view.Detailsap.ui.core.Icon{\"src\":{\"regex\":{\"source\":\"overflow\"}}}"}]}
RESULT: {"script":"<script> [1562 bytes]","args":[{"selector":{"controlType":"sap.ui.core.Icon","viewName":"etm.portal.ui.manageresources.view.Detail","viewId":"application-manageresources-display-component---detailRU","properties":{"src":{"regex":{"source":"overflow"}}}},"wdio_ui5_key":"etmportal.ui.manageresources.view.Detailsap.ui.core.Icon{\"src\":{\"regex\":{\"source\":\"overflow\"}}}"}]}
RESULT: undefined
COMMAND: POST /session/d1a395b1624be07bc117af6a930c8232/element - {"using":"xpath","value":"//*[@id=\"__title15-_actionsToolbar-overflowButton-img\"]"}
RESULT: {"using":"xpath","value":"//*[@id=\"__title15-_actionsToolbar-overflowButton-img\"]"}
COMMAND: POST /session/d1a395b1624be07bc117af6a930c8232/element/f.AB5CB7F68D9467DB6E6600E6EA1FB744.d.27067A380D9E9450B19E9299EE482B9A.e.6341/click - {}
RESULT: {}
COMMAND: POST /session/d1a395b1624be07bc117af6a930c8232/execute/async - {"script":"<script> [1562 bytes]","args":[{"selector":{"controlType":"sap.m.Button","viewName":"etm.portal.ui.manageresources.view.Detail","viewId":"application-manageresources-display-component---detailRU","i18NText":{"propertyName":"tooltip","key":"closeColumn"},"searchOpenDialogs":true,"interaction":{"idSuffix":"inner"}},"wdio_ui5_key":"etmportal.ui.manageresources.view.Detailsap.m.Button{\"propertyName\":\"tooltip\",\"key\":\"closeColumn\"}"}]}
COMMAND: GET /session/d1a395b1624be07bc117af6a930c8232/screenshot - {}
RESULT: {"script":"<script> [1562 bytes]","args":[{"selector":{"controlType":"sap.m.Button","viewName":"etm.portal.ui.manageresources.view.Detail","viewId":"application-manageresources-display-component---detailRU","i18NText":{"propertyName":"tooltip","key":"closeColumn"},"searchOpenDialogs":true,"interaction":{"idSuffix":"inner"}},"wdio_ui5_key":"etmportal.ui.manageresources.view.Detailsap.m.Button{\"propertyName\":\"tooltip\",\"key\":\"closeColumn\"}"}]}
RESULT: undefined
COMMAND: POST /session/d1a395b1624be07bc117af6a930c8232/element - {"using":"xpath","value":"//*[@id=\"__button43\"]"}
RESULT: {}
RESULT: {"using":"xpath","value":"//*[@id=\"__button43\"]"}
COMMAND: POST /session/d1a395b1624be07bc117af6a930c8232/element/f.AB5CB7F68D9467DB6E6600E6EA1FB744.d.27067A380D9E9450B19E9299EE482B9A.e.6345/click - {}
RESULT: {}
COMMAND: GET /session/d1a395b1624be07bc117af6a930c8232/screenshot - {}
RESULT: {}
COMMAND: POST /session/d1a395b1624be07bc117af6a930c8232/refresh - {}
RESULT: {}
COMMAND: GET /session/d1a395b1624be07bc117af6a930c8232/screenshot - {}
RESULT: {}
COMMAND: POST /session/d1a395b1624be07bc117af6a930c8232/refresh - {}
RESULT: {}
COMMAND: GET /session/d1a395b1624be07bc117af6a930c8232/screenshot - {}
RESULT: {}
COMMAND: POST /session/d1a395b1624be07bc117af6a930c8232/window/fullscreen - {}
RESULT: {}
COMMAND: POST /session/d1a395b1624be07bc117af6a930c8232/execute/async - {"script":"<script> [189 bytes]","args":[]}
RESULT: {"script":"<script> [189 bytes]","args":[]}
COMMAND: POST /session/d1a395b1624be07bc117af6a930c8232/execute/async - {"script":"<script> [123 bytes]","args":[]}
RESULT: {"script":"<script> [123 bytes]","args":[]}
COMMAND: POST /session/d1a395b1624be07bc117af6a930c8232/timeouts - {"script":"<number>"}
RESULT: {"script":"<number>"}
COMMAND: GET /session/d1a395b1624be07bc117af6a930c8232/timeouts - {}
RESULT: {}
RESULT: undefined
COMMAND: POST /session/d1a395b1624be07bc117af6a930c8232/execute/async - {"script":"<script> [2676 bytes]","args":[]}
RESULT: {"script":"<script> [2676 bytes]","args":[]}
COMMAND: POST /session/d1a395b1624be07bc117af6a930c8232/execute/async - {"script":"<script> [2342 bytes]","args":[{"protocol":"http","hostname":"0.0.0.0","path":"/","capabilities":{"browserName":"chrome","goog:chromeOptions":{"binary":"C:\\Program Files\\Google\\Chrome\\Application\\chrome.exe","args":["--start-maximized"]}},"logLevel":"warn","connectionRetryTimeout":120000,"connectionRetryCount":3,"logLevels":{},"enableDirectConnect":true,"strictSSL":true,"_":"65 more keys: [\"cacheDir\",\"port\",\"requestedCapabilities\",\"automationProtocol\",\"baseUrl\",\"waitforInterval\",\"waitforTimeout\",\"onReload\",\"beforeCommand\",\"afterCommand\",\"rootDir\",\"specs\",\"suites\",\"exclude\",\"groupLogsByTestSpec\",\"excludeDriverLogs\",\"bail\",\"framework\",\"reporters\",\"services\",\"maxInstances\",\"maxInstancesPerCapability\",\"injectGlobals\",\"filesToWatch\",\"execArgv\",\"runnerEnv\",\"runner\",\"shard\",\"specFileRetries\",\"specFileRetriesDelay\",\"specFileRetriesDeferred\",\"reporterSyncInterval\",\"reporterSyncTimeout\",\"cucumberFeaturesWithLineNumbers\",\"autoCompileOpts\",\"mochaOpts\",\"jasmineOpts\",\"cucumberOpts\",\"onPrepare\",\"onWorkerStart\",\"onWorkerEnd\",\"before\",\"beforeSession\",\"beforeSuite\",\"beforeHook\",\"beforeTest\",\"afterTest\",\"afterHook\",\"afterSuite\",\"afterSession\",\"after\",\"onComplete\",\"beforeAssertion\",\"afterAssertion\",\"beforeFeature\",\"beforeScenario\",\"beforeStep\",\"afterStep\",\"afterScenario\",\"afterFeature\",\"_\",\"suite\",\"$0\",\"ignoredWorkerServices\",\"wdi5\"]"}]}
RESULT: {"script":"<script> [2342 bytes]","args":[{"protocol":"http","hostname":"0.0.0.0","path":"/","capabilities":{"browserName":"chrome","goog:chromeOptions":{"binary":"C:\\Program Files\\Google\\Chrome\\Application\\chrome.exe","args":["--start-maximized"]}},"logLevel":"warn","connectionRetryTimeout":120000,"connectionRetryCount":3,"logLevels":{},"enableDirectConnect":true,"strictSSL":true,"_":"65 more keys: [\"cacheDir\",\"port\",\"requestedCapabilities\",\"automationProtocol\",\"baseUrl\",\"waitforInterval\",\"waitforTimeout\",\"onReload\",\"beforeCommand\",\"afterCommand\",\"rootDir\",\"specs\",\"suites\",\"exclude\",\"groupLogsByTestSpec\",\"excludeDriverLogs\",\"bail\",\"framework\",\"reporters\",\"services\",\"maxInstances\",\"maxInstancesPerCapability\",\"injectGlobals\",\"filesToWatch\",\"execArgv\",\"runnerEnv\",\"runner\",\"shard\",\"specFileRetries\",\"specFileRetriesDelay\",\"specFileRetriesDeferred\",\"reporterSyncInterval\",\"reporterSyncTimeout\",\"cucumberFeaturesWithLineNumbers\",\"autoCompileOpts\",\"mochaOpts\",\"jasmineOpts\",\"cucumberOpts\",\"onPrepare\",\"onWorkerStart\",\"onWorkerEnd\",\"before\",\"beforeSession\",\"beforeSuite\",\"beforeHook\",\"beforeTest\",\"afterTest\",\"afterHook\",\"afterSuite\",\"afterSession\",\"after\",\"onComplete\",\"beforeAssertion\",\"afterAssertion\",\"beforeFeature\",\"beforeScenario\",\"beforeStep\",\"afterStep\",\"afterScenario\",\"afterFeature\",\"_\",\"suite\",\"$0\",\"ignoredWorkerServices\",\"wdi5\"]"}]}
COMMAND: POST /session/d1a395b1624be07bc117af6a930c8232/execute/async - {"script":"<script> [21126 bytes]","args":[35000]}
RESULT: {"script":"<script> [21126 bytes]","args":[35000]}
]]></system-out>
    </testcase>
    <testcase classname="chrome.135_0_7049_96.windows.Create_2_RU_material_US118246" name="Create WHM material" time="184.941">
      <system-out><![CDATA[
COMMAND: POST /session/d1a395b1624be07bc117af6a930c8232/element - {"using":"xpath","value":"//button[@data-kt=\"addNewRUOverflowToolbarButton\"]"}
RESULT: {"using":"xpath","value":"//button[@data-kt=\"addNewRUOverflowToolbarButton\"]"}
COMMAND: POST /session/d1a395b1624be07bc117af6a930c8232/execute/sync - {"script":"<script> [8489 bytes]","args":[{"element-6066-11e4-a52e-4f735466cecf":"f.AB5CB7F68D9467DB6E6600E6EA1FB744.d.9284597479D92371337C52FD984C5BD3.e.6562","ELEMENT":"f.AB5CB7F68D9467DB6E6600E6EA1FB744.d.9284597479D92371337C52FD984C5BD3.e.6562"}]}
RESULT: {"script":"<script> [8489 bytes]","args":[{"element-6066-11e4-a52e-4f735466cecf":"f.AB5CB7F68D9467DB6E6600E6EA1FB744.d.9284597479D92371337C52FD984C5BD3.e.6562","ELEMENT":"f.AB5CB7F68D9467DB6E6600E6EA1FB744.d.9284597479D92371337C52FD984C5BD3.e.6562"}]}
COMMAND: POST /session/d1a395b1624be07bc117af6a930c8232/element/f.AB5CB7F68D9467DB6E6600E6EA1FB744.d.9284597479D92371337C52FD984C5BD3.e.6562/click - {}
COMMAND: GET /session/d1a395b1624be07bc117af6a930c8232/screenshot - {}
RESULT: {}
COMMAND: GET /session/d1a395b1624be07bc117af6a930c8232/screenshot - {}
RESULT: {}
RESULT: {}
COMMAND: POST /session/d1a395b1624be07bc117af6a930c8232/execute/async - {"script":"<script> [1562 bytes]","args":[{"selector":{"controlType":"sap.m.ComboBox","viewName":"reusables.view.manageresources.NewResourceUnit","viewId":"application-manageresources-display-component---newResourceUnit","bindingPath":{"path":"","propertyPath":"/RuTypes","modelName":"catalogModel"},"searchOpenDialogs":true},"wdio_ui5_key":"reusablesview.manageresources.NewResourceUnitsap.m.ComboBox{\"path\":\"\",\"propertyPath\":\"/RuTypes\",\"modelName\":\"catalogModel\"}"}]}
RESULT: {"script":"<script> [1562 bytes]","args":[{"selector":{"controlType":"sap.m.ComboBox","viewName":"reusables.view.manageresources.NewResourceUnit","viewId":"application-manageresources-display-component---newResourceUnit","bindingPath":{"path":"","propertyPath":"/RuTypes","modelName":"catalogModel"},"searchOpenDialogs":true},"wdio_ui5_key":"reusablesview.manageresources.NewResourceUnitsap.m.ComboBox{\"path\":\"\",\"propertyPath\":\"/RuTypes\",\"modelName\":\"catalogModel\"}"}]}
RESULT: undefined
COMMAND: POST /session/d1a395b1624be07bc117af6a930c8232/execute/async - {"script":"<script> [1562 bytes]","args":[{"selector":{"controlType":"sap.m.ComboBox","viewName":"reusables.view.manageresources.NewResourceUnit","viewId":"application-manageresources-display-component---newResourceUnit","bindingPath":{"path":"","propertyPath":"/Yards","modelName":"catalogModel"},"searchOpenDialogs":true},"wdio_ui5_key":"reusablesview.manageresources.NewResourceUnitsap.m.ComboBox{\"path\":\"\",\"propertyPath\":\"/Yards\",\"modelName\":\"catalogModel\"}"}]}
RESULT: {"script":"<script> [1562 bytes]","args":[{"selector":{"controlType":"sap.m.ComboBox","viewName":"reusables.view.manageresources.NewResourceUnit","viewId":"application-manageresources-display-component---newResourceUnit","bindingPath":{"path":"","propertyPath":"/Yards","modelName":"catalogModel"},"searchOpenDialogs":true},"wdio_ui5_key":"reusablesview.manageresources.NewResourceUnitsap.m.ComboBox{\"path\":\"\",\"propertyPath\":\"/Yards\",\"modelName\":\"catalogModel\"}"}]}
RESULT: undefined
COMMAND: POST /session/d1a395b1624be07bc117af6a930c8232/execute/async - {"script":"<script> [1562 bytes]","args":[{"selector":{"controlType":"etm.portal.ui.reusables.customControls.LiveSearchComboBox","viewName":"reusables.view.manageresources.NewResourceUnit","viewId":"application-manageresources-display-component---newResourceUnit","bindingPath":{"path":"","propertyPath":"/CatalogItems","modelName":"catalogModel"},"searchOpenDialogs":true},"wdio_ui5_key":"reusablesview.manageresources.NewResourceUnitetm.portal.ui.reusables.customControls.LiveSearchComboBox{\"path\":\"\",\"propertyPath\":\"/CatalogItems\",\"modelName\":\"catalogModel\"}"}]}
RESULT: {"script":"<script> [1562 bytes]","args":[{"selector":{"controlType":"etm.portal.ui.reusables.customControls.LiveSearchComboBox","viewName":"reusables.view.manageresources.NewResourceUnit","viewId":"application-manageresources-display-component---newResourceUnit","bindingPath":{"path":"","propertyPath":"/CatalogItems","modelName":"catalogModel"},"searchOpenDialogs":true},"wdio_ui5_key":"reusablesview.manageresources.NewResourceUnitetm.portal.ui.reusables.customControls.LiveSearchComboBox{\"path\":\"\",\"propertyPath\":\"/CatalogItems\",\"modelName\":\"catalogModel\"}"}]}
RESULT: undefined
COMMAND: POST /session/d1a395b1624be07bc117af6a930c8232/element - {"using":"xpath","value":"//bdi[text()=\"OK\"]"}
RESULT: {"using":"xpath","value":"//bdi[text()=\"OK\"]"}
COMMAND: POST /session/d1a395b1624be07bc117af6a930c8232/elements - {"using":"xpath","value":"//bdi[text()=\"OK\"]"}
RESULT: {"using":"xpath","value":"//bdi[text()=\"OK\"]"}
COMMAND: POST /session/d1a395b1624be07bc117af6a930c8232/elements - {"using":"xpath","value":"//bdi[text()=\"OK\"]"}
RESULT: {"using":"xpath","value":"//bdi[text()=\"OK\"]"}
COMMAND: POST /session/d1a395b1624be07bc117af6a930c8232/elements - {"using":"xpath","value":"//bdi[text()=\"OK\"]"}
RESULT: {"using":"xpath","value":"//bdi[text()=\"OK\"]"}
COMMAND: POST /session/d1a395b1624be07bc117af6a930c8232/elements - {"using":"xpath","value":"//bdi[text()=\"OK\"]"}
RESULT: {"using":"xpath","value":"//bdi[text()=\"OK\"]"}
COMMAND: POST /session/d1a395b1624be07bc117af6a930c8232/elements - {"using":"xpath","value":"//bdi[text()=\"OK\"]"}
RESULT: {"using":"xpath","value":"//bdi[text()=\"OK\"]"}
COMMAND: POST /session/d1a395b1624be07bc117af6a930c8232/elements - {"using":"xpath","value":"//bdi[text()=\"OK\"]"}
RESULT: {"using":"xpath","value":"//bdi[text()=\"OK\"]"}
COMMAND: POST /session/d1a395b1624be07bc117af6a930c8232/elements - {"using":"xpath","value":"//bdi[text()=\"OK\"]"}
RESULT: {"using":"xpath","value":"//bdi[text()=\"OK\"]"}
COMMAND: POST /session/d1a395b1624be07bc117af6a930c8232/elements - {"using":"xpath","value":"//bdi[text()=\"OK\"]"}
RESULT: {"using":"xpath","value":"//bdi[text()=\"OK\"]"}
COMMAND: POST /session/d1a395b1624be07bc117af6a930c8232/elements - {"using":"xpath","value":"//bdi[text()=\"OK\"]"}
RESULT: {"using":"xpath","value":"//bdi[text()=\"OK\"]"}
COMMAND: POST /session/d1a395b1624be07bc117af6a930c8232/elements - {"using":"xpath","value":"//bdi[text()=\"OK\"]"}
RESULT: {"using":"xpath","value":"//bdi[text()=\"OK\"]"}
COMMAND: POST /session/d1a395b1624be07bc117af6a930c8232/elements - {"using":"xpath","value":"//bdi[text()=\"OK\"]"}
RESULT: {"using":"xpath","value":"//bdi[text()=\"OK\"]"}
COMMAND: POST /session/d1a395b1624be07bc117af6a930c8232/elements - {"using":"xpath","value":"//bdi[text()=\"OK\"]"}
RESULT: {"using":"xpath","value":"//bdi[text()=\"OK\"]"}
COMMAND: POST /session/d1a395b1624be07bc117af6a930c8232/elements - {"using":"xpath","value":"//bdi[text()=\"OK\"]"}
RESULT: {"using":"xpath","value":"//bdi[text()=\"OK\"]"}
COMMAND: POST /session/d1a395b1624be07bc117af6a930c8232/elements - {"using":"xpath","value":"//bdi[text()=\"OK\"]"}
RESULT: {"using":"xpath","value":"//bdi[text()=\"OK\"]"}
COMMAND: POST /session/d1a395b1624be07bc117af6a930c8232/elements - {"using":"xpath","value":"//bdi[text()=\"OK\"]"}
RESULT: {"using":"xpath","value":"//bdi[text()=\"OK\"]"}
COMMAND: POST /session/d1a395b1624be07bc117af6a930c8232/elements - {"using":"xpath","value":"//bdi[text()=\"OK\"]"}
RESULT: {"using":"xpath","value":"//bdi[text()=\"OK\"]"}
COMMAND: POST /session/d1a395b1624be07bc117af6a930c8232/elements - {"using":"xpath","value":"//bdi[text()=\"OK\"]"}
RESULT: {"using":"xpath","value":"//bdi[text()=\"OK\"]"}
COMMAND: POST /session/d1a395b1624be07bc117af6a930c8232/elements - {"using":"xpath","value":"//bdi[text()=\"OK\"]"}
RESULT: {"using":"xpath","value":"//bdi[text()=\"OK\"]"}
COMMAND: POST /session/d1a395b1624be07bc117af6a930c8232/elements - {"using":"xpath","value":"//bdi[text()=\"OK\"]"}
RESULT: {"using":"xpath","value":"//bdi[text()=\"OK\"]"}
COMMAND: POST /session/d1a395b1624be07bc117af6a930c8232/elements - {"using":"xpath","value":"//bdi[text()=\"OK\"]"}
RESULT: {"using":"xpath","value":"//bdi[text()=\"OK\"]"}
COMMAND: POST /session/d1a395b1624be07bc117af6a930c8232/elements - {"using":"xpath","value":"//bdi[text()=\"OK\"]"}
RESULT: {"using":"xpath","value":"//bdi[text()=\"OK\"]"}
COMMAND: POST /session/d1a395b1624be07bc117af6a930c8232/elements - {"using":"xpath","value":"//bdi[text()=\"OK\"]"}
RESULT: {"using":"xpath","value":"//bdi[text()=\"OK\"]"}
COMMAND: POST /session/d1a395b1624be07bc117af6a930c8232/elements - {"using":"xpath","value":"//bdi[text()=\"OK\"]"}
RESULT: {"using":"xpath","value":"//bdi[text()=\"OK\"]"}
COMMAND: POST /session/d1a395b1624be07bc117af6a930c8232/elements - {"using":"xpath","value":"//bdi[text()=\"OK\"]"}
RESULT: {"using":"xpath","value":"//bdi[text()=\"OK\"]"}
COMMAND: POST /session/d1a395b1624be07bc117af6a930c8232/elements - {"using":"xpath","value":"//bdi[text()=\"OK\"]"}
RESULT: {"using":"xpath","value":"//bdi[text()=\"OK\"]"}
COMMAND: POST /session/d1a395b1624be07bc117af6a930c8232/elements - {"using":"xpath","value":"//bdi[text()=\"OK\"]"}
RESULT: {"using":"xpath","value":"//bdi[text()=\"OK\"]"}
COMMAND: POST /session/d1a395b1624be07bc117af6a930c8232/elements - {"using":"xpath","value":"//bdi[text()=\"OK\"]"}
RESULT: {"using":"xpath","value":"//bdi[text()=\"OK\"]"}
COMMAND: POST /session/d1a395b1624be07bc117af6a930c8232/elements - {"using":"xpath","value":"//bdi[text()=\"OK\"]"}
RESULT: {"using":"xpath","value":"//bdi[text()=\"OK\"]"}
COMMAND: POST /session/d1a395b1624be07bc117af6a930c8232/elements - {"using":"xpath","value":"//bdi[text()=\"OK\"]"}
RESULT: {"using":"xpath","value":"//bdi[text()=\"OK\"]"}
COMMAND: POST /session/d1a395b1624be07bc117af6a930c8232/elements - {"using":"xpath","value":"//bdi[text()=\"OK\"]"}
RESULT: {"using":"xpath","value":"//bdi[text()=\"OK\"]"}
COMMAND: POST /session/d1a395b1624be07bc117af6a930c8232/elements - {"using":"xpath","value":"//bdi[text()=\"OK\"]"}
RESULT: {"using":"xpath","value":"//bdi[text()=\"OK\"]"}
COMMAND: POST /session/d1a395b1624be07bc117af6a930c8232/elements - {"using":"xpath","value":"//bdi[text()=\"OK\"]"}
RESULT: {"using":"xpath","value":"//bdi[text()=\"OK\"]"}
COMMAND: POST /session/d1a395b1624be07bc117af6a930c8232/elements - {"using":"xpath","value":"//bdi[text()=\"OK\"]"}
RESULT: {"using":"xpath","value":"//bdi[text()=\"OK\"]"}
COMMAND: POST /session/d1a395b1624be07bc117af6a930c8232/elements - {"using":"xpath","value":"//bdi[text()=\"OK\"]"}
RESULT: {"using":"xpath","value":"//bdi[text()=\"OK\"]"}
COMMAND: POST /session/d1a395b1624be07bc117af6a930c8232/elements - {"using":"xpath","value":"//bdi[text()=\"OK\"]"}
RESULT: {"using":"xpath","value":"//bdi[text()=\"OK\"]"}
COMMAND: POST /session/d1a395b1624be07bc117af6a930c8232/elements - {"using":"xpath","value":"//bdi[text()=\"OK\"]"}
RESULT: {"using":"xpath","value":"//bdi[text()=\"OK\"]"}
COMMAND: POST /session/d1a395b1624be07bc117af6a930c8232/elements - {"using":"xpath","value":"//bdi[text()=\"OK\"]"}
RESULT: {"using":"xpath","value":"//bdi[text()=\"OK\"]"}
COMMAND: POST /session/d1a395b1624be07bc117af6a930c8232/elements - {"using":"xpath","value":"//bdi[text()=\"OK\"]"}
RESULT: {"using":"xpath","value":"//bdi[text()=\"OK\"]"}
COMMAND: POST /session/d1a395b1624be07bc117af6a930c8232/elements - {"using":"xpath","value":"//bdi[text()=\"OK\"]"}
RESULT: {"using":"xpath","value":"//bdi[text()=\"OK\"]"}
COMMAND: POST /session/d1a395b1624be07bc117af6a930c8232/elements - {"using":"xpath","value":"//bdi[text()=\"OK\"]"}
RESULT: {"using":"xpath","value":"//bdi[text()=\"OK\"]"}
COMMAND: POST /session/d1a395b1624be07bc117af6a930c8232/elements - {"using":"xpath","value":"//bdi[text()=\"OK\"]"}
RESULT: {"using":"xpath","value":"//bdi[text()=\"OK\"]"}
COMMAND: POST /session/d1a395b1624be07bc117af6a930c8232/elements - {"using":"xpath","value":"//bdi[text()=\"OK\"]"}
RESULT: {"using":"xpath","value":"//bdi[text()=\"OK\"]"}
COMMAND: POST /session/d1a395b1624be07bc117af6a930c8232/elements - {"using":"xpath","value":"//bdi[text()=\"OK\"]"}
RESULT: {"using":"xpath","value":"//bdi[text()=\"OK\"]"}
COMMAND: POST /session/d1a395b1624be07bc117af6a930c8232/elements - {"using":"xpath","value":"//bdi[text()=\"OK\"]"}
RESULT: {"using":"xpath","value":"//bdi[text()=\"OK\"]"}
COMMAND: POST /session/d1a395b1624be07bc117af6a930c8232/elements - {"using":"xpath","value":"//bdi[text()=\"OK\"]"}
RESULT: {"using":"xpath","value":"//bdi[text()=\"OK\"]"}
COMMAND: POST /session/d1a395b1624be07bc117af6a930c8232/elements - {"using":"xpath","value":"//bdi[text()=\"OK\"]"}
RESULT: {"using":"xpath","value":"//bdi[text()=\"OK\"]"}
COMMAND: POST /session/d1a395b1624be07bc117af6a930c8232/elements - {"using":"xpath","value":"//bdi[text()=\"OK\"]"}
RESULT: {"using":"xpath","value":"//bdi[text()=\"OK\"]"}
COMMAND: POST /session/d1a395b1624be07bc117af6a930c8232/elements - {"using":"xpath","value":"//bdi[text()=\"OK\"]"}
RESULT: {"using":"xpath","value":"//bdi[text()=\"OK\"]"}
COMMAND: POST /session/d1a395b1624be07bc117af6a930c8232/elements - {"using":"xpath","value":"//bdi[text()=\"OK\"]"}
RESULT: {"using":"xpath","value":"//bdi[text()=\"OK\"]"}
COMMAND: POST /session/d1a395b1624be07bc117af6a930c8232/elements - {"using":"xpath","value":"//bdi[text()=\"OK\"]"}
RESULT: {"using":"xpath","value":"//bdi[text()=\"OK\"]"}
COMMAND: POST /session/d1a395b1624be07bc117af6a930c8232/elements - {"using":"xpath","value":"//bdi[text()=\"OK\"]"}
RESULT: {"using":"xpath","value":"//bdi[text()=\"OK\"]"}
COMMAND: POST /session/d1a395b1624be07bc117af6a930c8232/elements - {"using":"xpath","value":"//bdi[text()=\"OK\"]"}
RESULT: {"using":"xpath","value":"//bdi[text()=\"OK\"]"}
COMMAND: POST /session/d1a395b1624be07bc117af6a930c8232/elements - {"using":"xpath","value":"//bdi[text()=\"OK\"]"}
RESULT: {"using":"xpath","value":"//bdi[text()=\"OK\"]"}
COMMAND: POST /session/d1a395b1624be07bc117af6a930c8232/elements - {"using":"xpath","value":"//bdi[text()=\"OK\"]"}
RESULT: {"using":"xpath","value":"//bdi[text()=\"OK\"]"}
COMMAND: POST /session/d1a395b1624be07bc117af6a930c8232/elements - {"using":"xpath","value":"//bdi[text()=\"OK\"]"}
RESULT: {"using":"xpath","value":"//bdi[text()=\"OK\"]"}
COMMAND: POST /session/d1a395b1624be07bc117af6a930c8232/elements - {"using":"xpath","value":"//bdi[text()=\"OK\"]"}
RESULT: {"using":"xpath","value":"//bdi[text()=\"OK\"]"}
COMMAND: POST /session/d1a395b1624be07bc117af6a930c8232/elements - {"using":"xpath","value":"//bdi[text()=\"OK\"]"}
RESULT: {"using":"xpath","value":"//bdi[text()=\"OK\"]"}
COMMAND: POST /session/d1a395b1624be07bc117af6a930c8232/elements - {"using":"xpath","value":"//bdi[text()=\"OK\"]"}
RESULT: {"using":"xpath","value":"//bdi[text()=\"OK\"]"}
COMMAND: POST /session/d1a395b1624be07bc117af6a930c8232/elements - {"using":"xpath","value":"//bdi[text()=\"OK\"]"}
RESULT: {"using":"xpath","value":"//bdi[text()=\"OK\"]"}
COMMAND: POST /session/d1a395b1624be07bc117af6a930c8232/elements - {"using":"xpath","value":"//bdi[text()=\"OK\"]"}
RESULT: {"using":"xpath","value":"//bdi[text()=\"OK\"]"}
COMMAND: POST /session/d1a395b1624be07bc117af6a930c8232/elements - {"using":"xpath","value":"//bdi[text()=\"OK\"]"}
RESULT: {"using":"xpath","value":"//bdi[text()=\"OK\"]"}
COMMAND: POST /session/d1a395b1624be07bc117af6a930c8232/elements - {"using":"xpath","value":"//bdi[text()=\"OK\"]"}
RESULT: {"using":"xpath","value":"//bdi[text()=\"OK\"]"}
COMMAND: POST /session/d1a395b1624be07bc117af6a930c8232/elements - {"using":"xpath","value":"//bdi[text()=\"OK\"]"}
RESULT: {"using":"xpath","value":"//bdi[text()=\"OK\"]"}
COMMAND: POST /session/d1a395b1624be07bc117af6a930c8232/elements - {"using":"xpath","value":"//bdi[text()=\"OK\"]"}
RESULT: {"using":"xpath","value":"//bdi[text()=\"OK\"]"}
COMMAND: POST /session/d1a395b1624be07bc117af6a930c8232/elements - {"using":"xpath","value":"//bdi[text()=\"OK\"]"}
RESULT: {"using":"xpath","value":"//bdi[text()=\"OK\"]"}
COMMAND: POST /session/d1a395b1624be07bc117af6a930c8232/elements - {"using":"xpath","value":"//bdi[text()=\"OK\"]"}
RESULT: {"using":"xpath","value":"//bdi[text()=\"OK\"]"}
COMMAND: POST /session/d1a395b1624be07bc117af6a930c8232/elements - {"using":"xpath","value":"//bdi[text()=\"OK\"]"}
RESULT: {"using":"xpath","value":"//bdi[text()=\"OK\"]"}
COMMAND: POST /session/d1a395b1624be07bc117af6a930c8232/elements - {"using":"xpath","value":"//bdi[text()=\"OK\"]"}
RESULT: {"using":"xpath","value":"//bdi[text()=\"OK\"]"}
COMMAND: POST /session/d1a395b1624be07bc117af6a930c8232/elements - {"using":"xpath","value":"//bdi[text()=\"OK\"]"}
RESULT: {"using":"xpath","value":"//bdi[text()=\"OK\"]"}
COMMAND: POST /session/d1a395b1624be07bc117af6a930c8232/elements - {"using":"xpath","value":"//bdi[text()=\"OK\"]"}
RESULT: {"using":"xpath","value":"//bdi[text()=\"OK\"]"}
COMMAND: POST /session/d1a395b1624be07bc117af6a930c8232/elements - {"using":"xpath","value":"//bdi[text()=\"OK\"]"}
RESULT: {"using":"xpath","value":"//bdi[text()=\"OK\"]"}
COMMAND: POST /session/d1a395b1624be07bc117af6a930c8232/elements - {"using":"xpath","value":"//bdi[text()=\"OK\"]"}
RESULT: {"using":"xpath","value":"//bdi[text()=\"OK\"]"}
COMMAND: POST /session/d1a395b1624be07bc117af6a930c8232/elements - {"using":"xpath","value":"//bdi[text()=\"OK\"]"}
RESULT: {"using":"xpath","value":"//bdi[text()=\"OK\"]"}
COMMAND: POST /session/d1a395b1624be07bc117af6a930c8232/elements - {"using":"xpath","value":"//bdi[text()=\"OK\"]"}
RESULT: {"using":"xpath","value":"//bdi[text()=\"OK\"]"}
COMMAND: POST /session/d1a395b1624be07bc117af6a930c8232/elements - {"using":"xpath","value":"//bdi[text()=\"OK\"]"}
RESULT: {"using":"xpath","value":"//bdi[text()=\"OK\"]"}
COMMAND: POST /session/d1a395b1624be07bc117af6a930c8232/elements - {"using":"xpath","value":"//bdi[text()=\"OK\"]"}
RESULT: {"using":"xpath","value":"//bdi[text()=\"OK\"]"}
COMMAND: POST /session/d1a395b1624be07bc117af6a930c8232/elements - {"using":"xpath","value":"//bdi[text()=\"OK\"]"}
RESULT: {"using":"xpath","value":"//bdi[text()=\"OK\"]"}
COMMAND: POST /session/d1a395b1624be07bc117af6a930c8232/elements - {"using":"xpath","value":"//bdi[text()=\"OK\"]"}
RESULT: {"using":"xpath","value":"//bdi[text()=\"OK\"]"}
COMMAND: POST /session/d1a395b1624be07bc117af6a930c8232/elements - {"using":"xpath","value":"//bdi[text()=\"OK\"]"}
RESULT: {"using":"xpath","value":"//bdi[text()=\"OK\"]"}
COMMAND: POST /session/d1a395b1624be07bc117af6a930c8232/elements - {"using":"xpath","value":"//bdi[text()=\"OK\"]"}
RESULT: {"using":"xpath","value":"//bdi[text()=\"OK\"]"}
COMMAND: POST /session/d1a395b1624be07bc117af6a930c8232/elements - {"using":"xpath","value":"//bdi[text()=\"OK\"]"}
RESULT: {"using":"xpath","value":"//bdi[text()=\"OK\"]"}
COMMAND: POST /session/d1a395b1624be07bc117af6a930c8232/elements - {"using":"xpath","value":"//bdi[text()=\"OK\"]"}
RESULT: {"using":"xpath","value":"//bdi[text()=\"OK\"]"}
COMMAND: POST /session/d1a395b1624be07bc117af6a930c8232/elements - {"using":"xpath","value":"//bdi[text()=\"OK\"]"}
RESULT: {"using":"xpath","value":"//bdi[text()=\"OK\"]"}
COMMAND: POST /session/d1a395b1624be07bc117af6a930c8232/elements - {"using":"xpath","value":"//bdi[text()=\"OK\"]"}
RESULT: {"using":"xpath","value":"//bdi[text()=\"OK\"]"}
COMMAND: POST /session/d1a395b1624be07bc117af6a930c8232/elements - {"using":"xpath","value":"//bdi[text()=\"OK\"]"}
RESULT: {"using":"xpath","value":"//bdi[text()=\"OK\"]"}
COMMAND: POST /session/d1a395b1624be07bc117af6a930c8232/elements - {"using":"xpath","value":"//bdi[text()=\"OK\"]"}
RESULT: {"using":"xpath","value":"//bdi[text()=\"OK\"]"}
COMMAND: POST /session/d1a395b1624be07bc117af6a930c8232/elements - {"using":"xpath","value":"//bdi[text()=\"OK\"]"}
RESULT: {"using":"xpath","value":"//bdi[text()=\"OK\"]"}
COMMAND: POST /session/d1a395b1624be07bc117af6a930c8232/elements - {"using":"xpath","value":"//bdi[text()=\"OK\"]"}
RESULT: {"using":"xpath","value":"//bdi[text()=\"OK\"]"}
COMMAND: POST /session/d1a395b1624be07bc117af6a930c8232/elements - {"using":"xpath","value":"//bdi[text()=\"OK\"]"}
RESULT: {"using":"xpath","value":"//bdi[text()=\"OK\"]"}
COMMAND: POST /session/d1a395b1624be07bc117af6a930c8232/elements - {"using":"xpath","value":"//bdi[text()=\"OK\"]"}
RESULT: {"using":"xpath","value":"//bdi[text()=\"OK\"]"}
COMMAND: POST /session/d1a395b1624be07bc117af6a930c8232/elements - {"using":"xpath","value":"//bdi[text()=\"OK\"]"}
RESULT: {"using":"xpath","value":"//bdi[text()=\"OK\"]"}
COMMAND: POST /session/d1a395b1624be07bc117af6a930c8232/elements - {"using":"xpath","value":"//bdi[text()=\"OK\"]"}
RESULT: {"using":"xpath","value":"//bdi[text()=\"OK\"]"}
COMMAND: POST /session/d1a395b1624be07bc117af6a930c8232/elements - {"using":"xpath","value":"//bdi[text()=\"OK\"]"}
RESULT: {"using":"xpath","value":"//bdi[text()=\"OK\"]"}
COMMAND: POST /session/d1a395b1624be07bc117af6a930c8232/elements - {"using":"xpath","value":"//bdi[text()=\"OK\"]"}
RESULT: {"using":"xpath","value":"//bdi[text()=\"OK\"]"}
COMMAND: POST /session/d1a395b1624be07bc117af6a930c8232/elements - {"using":"xpath","value":"//bdi[text()=\"OK\"]"}
RESULT: {"using":"xpath","value":"//bdi[text()=\"OK\"]"}
COMMAND: POST /session/d1a395b1624be07bc117af6a930c8232/elements - {"using":"xpath","value":"//bdi[text()=\"OK\"]"}
RESULT: {"using":"xpath","value":"//bdi[text()=\"OK\"]"}
COMMAND: POST /session/d1a395b1624be07bc117af6a930c8232/elements - {"using":"xpath","value":"//bdi[text()=\"OK\"]"}
RESULT: {"using":"xpath","value":"//bdi[text()=\"OK\"]"}
COMMAND: POST /session/d1a395b1624be07bc117af6a930c8232/elements - {"using":"xpath","value":"//bdi[text()=\"OK\"]"}
RESULT: {"using":"xpath","value":"//bdi[text()=\"OK\"]"}
COMMAND: POST /session/d1a395b1624be07bc117af6a930c8232/elements - {"using":"xpath","value":"//bdi[text()=\"OK\"]"}
RESULT: {"using":"xpath","value":"//bdi[text()=\"OK\"]"}
COMMAND: POST /session/d1a395b1624be07bc117af6a930c8232/elements - {"using":"xpath","value":"//bdi[text()=\"OK\"]"}
RESULT: {"using":"xpath","value":"//bdi[text()=\"OK\"]"}
COMMAND: POST /session/d1a395b1624be07bc117af6a930c8232/elements - {"using":"xpath","value":"//bdi[text()=\"OK\"]"}
RESULT: {"using":"xpath","value":"//bdi[text()=\"OK\"]"}
COMMAND: POST /session/d1a395b1624be07bc117af6a930c8232/elements - {"using":"xpath","value":"//bdi[text()=\"OK\"]"}
RESULT: {"using":"xpath","value":"//bdi[text()=\"OK\"]"}
COMMAND: POST /session/d1a395b1624be07bc117af6a930c8232/elements - {"using":"xpath","value":"//bdi[text()=\"OK\"]"}
RESULT: {"using":"xpath","value":"//bdi[text()=\"OK\"]"}
COMMAND: POST /session/d1a395b1624be07bc117af6a930c8232/elements - {"using":"xpath","value":"//bdi[text()=\"OK\"]"}
RESULT: {"using":"xpath","value":"//bdi[text()=\"OK\"]"}
COMMAND: POST /session/d1a395b1624be07bc117af6a930c8232/elements - {"using":"xpath","value":"//bdi[text()=\"OK\"]"}
RESULT: {"using":"xpath","value":"//bdi[text()=\"OK\"]"}
COMMAND: POST /session/d1a395b1624be07bc117af6a930c8232/elements - {"using":"xpath","value":"//bdi[text()=\"OK\"]"}
RESULT: {"using":"xpath","value":"//bdi[text()=\"OK\"]"}
COMMAND: POST /session/d1a395b1624be07bc117af6a930c8232/elements - {"using":"xpath","value":"//bdi[text()=\"OK\"]"}
RESULT: {"using":"xpath","value":"//bdi[text()=\"OK\"]"}
COMMAND: POST /session/d1a395b1624be07bc117af6a930c8232/elements - {"using":"xpath","value":"//bdi[text()=\"OK\"]"}
RESULT: {"using":"xpath","value":"//bdi[text()=\"OK\"]"}
COMMAND: POST /session/d1a395b1624be07bc117af6a930c8232/elements - {"using":"xpath","value":"//bdi[text()=\"OK\"]"}
RESULT: {"using":"xpath","value":"//bdi[text()=\"OK\"]"}
COMMAND: POST /session/d1a395b1624be07bc117af6a930c8232/elements - {"using":"xpath","value":"//bdi[text()=\"OK\"]"}
RESULT: {"using":"xpath","value":"//bdi[text()=\"OK\"]"}
COMMAND: POST /session/d1a395b1624be07bc117af6a930c8232/elements - {"using":"xpath","value":"//bdi[text()=\"OK\"]"}
RESULT: {"using":"xpath","value":"//bdi[text()=\"OK\"]"}
COMMAND: POST /session/d1a395b1624be07bc117af6a930c8232/elements - {"using":"xpath","value":"//bdi[text()=\"OK\"]"}
RESULT: {"using":"xpath","value":"//bdi[text()=\"OK\"]"}
COMMAND: POST /session/d1a395b1624be07bc117af6a930c8232/elements - {"using":"xpath","value":"//bdi[text()=\"OK\"]"}
RESULT: {"using":"xpath","value":"//bdi[text()=\"OK\"]"}
COMMAND: POST /session/d1a395b1624be07bc117af6a930c8232/elements - {"using":"xpath","value":"//bdi[text()=\"OK\"]"}
RESULT: {"using":"xpath","value":"//bdi[text()=\"OK\"]"}
COMMAND: POST /session/d1a395b1624be07bc117af6a930c8232/elements - {"using":"xpath","value":"//bdi[text()=\"OK\"]"}
RESULT: {"using":"xpath","value":"//bdi[text()=\"OK\"]"}
COMMAND: POST /session/d1a395b1624be07bc117af6a930c8232/elements - {"using":"xpath","value":"//bdi[text()=\"OK\"]"}
RESULT: {"using":"xpath","value":"//bdi[text()=\"OK\"]"}
COMMAND: POST /session/d1a395b1624be07bc117af6a930c8232/elements - {"using":"xpath","value":"//bdi[text()=\"OK\"]"}
RESULT: {"using":"xpath","value":"//bdi[text()=\"OK\"]"}
COMMAND: POST /session/d1a395b1624be07bc117af6a930c8232/elements - {"using":"xpath","value":"//bdi[text()=\"OK\"]"}
RESULT: {"using":"xpath","value":"//bdi[text()=\"OK\"]"}
COMMAND: POST /session/d1a395b1624be07bc117af6a930c8232/elements - {"using":"xpath","value":"//bdi[text()=\"OK\"]"}
RESULT: {"using":"xpath","value":"//bdi[text()=\"OK\"]"}
COMMAND: POST /session/d1a395b1624be07bc117af6a930c8232/elements - {"using":"xpath","value":"//bdi[text()=\"OK\"]"}
RESULT: {"using":"xpath","value":"//bdi[text()=\"OK\"]"}
COMMAND: POST /session/d1a395b1624be07bc117af6a930c8232/element - {"using":"xpath","value":"//bdi[text()=\"OK\"]"}
RESULT: {"using":"xpath","value":"//bdi[text()=\"OK\"]"}
COMMAND: POST /session/d1a395b1624be07bc117af6a930c8232/elements - {"using":"xpath","value":"//bdi[text()=\"OK\"]"}
RESULT: {"using":"xpath","value":"//bdi[text()=\"OK\"]"}
COMMAND: POST /session/d1a395b1624be07bc117af6a930c8232/elements - {"using":"xpath","value":"//bdi[text()=\"OK\"]"}
RESULT: {"using":"xpath","value":"//bdi[text()=\"OK\"]"}
COMMAND: POST /session/d1a395b1624be07bc117af6a930c8232/elements - {"using":"xpath","value":"//bdi[text()=\"OK\"]"}
RESULT: {"using":"xpath","value":"//bdi[text()=\"OK\"]"}
COMMAND: POST /session/d1a395b1624be07bc117af6a930c8232/elements - {"using":"xpath","value":"//bdi[text()=\"OK\"]"}
RESULT: {"using":"xpath","value":"//bdi[text()=\"OK\"]"}
COMMAND: POST /session/d1a395b1624be07bc117af6a930c8232/elements - {"using":"xpath","value":"//bdi[text()=\"OK\"]"}
RESULT: {"using":"xpath","value":"//bdi[text()=\"OK\"]"}
COMMAND: POST /session/d1a395b1624be07bc117af6a930c8232/elements - {"using":"xpath","value":"//bdi[text()=\"OK\"]"}
RESULT: {"using":"xpath","value":"//bdi[text()=\"OK\"]"}
COMMAND: POST /session/d1a395b1624be07bc117af6a930c8232/elements - {"using":"xpath","value":"//bdi[text()=\"OK\"]"}
RESULT: {"using":"xpath","value":"//bdi[text()=\"OK\"]"}
COMMAND: POST /session/d1a395b1624be07bc117af6a930c8232/elements - {"using":"xpath","value":"//bdi[text()=\"OK\"]"}
RESULT: {"using":"xpath","value":"//bdi[text()=\"OK\"]"}
COMMAND: POST /session/d1a395b1624be07bc117af6a930c8232/elements - {"using":"xpath","value":"//bdi[text()=\"OK\"]"}
RESULT: {"using":"xpath","value":"//bdi[text()=\"OK\"]"}
COMMAND: POST /session/d1a395b1624be07bc117af6a930c8232/elements - {"using":"xpath","value":"//bdi[text()=\"OK\"]"}
RESULT: {"using":"xpath","value":"//bdi[text()=\"OK\"]"}
COMMAND: POST /session/d1a395b1624be07bc117af6a930c8232/elements - {"using":"xpath","value":"//bdi[text()=\"OK\"]"}
RESULT: {"using":"xpath","value":"//bdi[text()=\"OK\"]"}
COMMAND: POST /session/d1a395b1624be07bc117af6a930c8232/elements - {"using":"xpath","value":"//bdi[text()=\"OK\"]"}
RESULT: {"using":"xpath","value":"//bdi[text()=\"OK\"]"}
COMMAND: POST /session/d1a395b1624be07bc117af6a930c8232/elements - {"using":"xpath","value":"//bdi[text()=\"OK\"]"}
RESULT: {"using":"xpath","value":"//bdi[text()=\"OK\"]"}
COMMAND: POST /session/d1a395b1624be07bc117af6a930c8232/elements - {"using":"xpath","value":"//bdi[text()=\"OK\"]"}
RESULT: {"using":"xpath","value":"//bdi[text()=\"OK\"]"}
COMMAND: POST /session/d1a395b1624be07bc117af6a930c8232/elements - {"using":"xpath","value":"//bdi[text()=\"OK\"]"}
RESULT: {"using":"xpath","value":"//bdi[text()=\"OK\"]"}
COMMAND: POST /session/d1a395b1624be07bc117af6a930c8232/elements - {"using":"xpath","value":"//bdi[text()=\"OK\"]"}
RESULT: {"using":"xpath","value":"//bdi[text()=\"OK\"]"}
COMMAND: POST /session/d1a395b1624be07bc117af6a930c8232/elements - {"using":"xpath","value":"//bdi[text()=\"OK\"]"}
RESULT: {"using":"xpath","value":"//bdi[text()=\"OK\"]"}
COMMAND: POST /session/d1a395b1624be07bc117af6a930c8232/elements - {"using":"xpath","value":"//bdi[text()=\"OK\"]"}
RESULT: {"using":"xpath","value":"//bdi[text()=\"OK\"]"}
COMMAND: POST /session/d1a395b1624be07bc117af6a930c8232/elements - {"using":"xpath","value":"//bdi[text()=\"OK\"]"}
RESULT: {"using":"xpath","value":"//bdi[text()=\"OK\"]"}
COMMAND: POST /session/d1a395b1624be07bc117af6a930c8232/elements - {"using":"xpath","value":"//bdi[text()=\"OK\"]"}
RESULT: {"using":"xpath","value":"//bdi[text()=\"OK\"]"}
COMMAND: POST /session/d1a395b1624be07bc117af6a930c8232/elements - {"using":"xpath","value":"//bdi[text()=\"OK\"]"}
RESULT: {"using":"xpath","value":"//bdi[text()=\"OK\"]"}
COMMAND: POST /session/d1a395b1624be07bc117af6a930c8232/elements - {"using":"xpath","value":"//bdi[text()=\"OK\"]"}
RESULT: {"using":"xpath","value":"//bdi[text()=\"OK\"]"}
COMMAND: POST /session/d1a395b1624be07bc117af6a930c8232/elements - {"using":"xpath","value":"//bdi[text()=\"OK\"]"}
RESULT: {"using":"xpath","value":"//bdi[text()=\"OK\"]"}
COMMAND: POST /session/d1a395b1624be07bc117af6a930c8232/elements - {"using":"xpath","value":"//bdi[text()=\"OK\"]"}
RESULT: {"using":"xpath","value":"//bdi[text()=\"OK\"]"}
COMMAND: POST /session/d1a395b1624be07bc117af6a930c8232/elements - {"using":"xpath","value":"//bdi[text()=\"OK\"]"}
RESULT: {"using":"xpath","value":"//bdi[text()=\"OK\"]"}
COMMAND: POST /session/d1a395b1624be07bc117af6a930c8232/elements - {"using":"xpath","value":"//bdi[text()=\"OK\"]"}
RESULT: {"using":"xpath","value":"//bdi[text()=\"OK\"]"}
COMMAND: POST /session/d1a395b1624be07bc117af6a930c8232/elements - {"using":"xpath","value":"//bdi[text()=\"OK\"]"}
RESULT: {"using":"xpath","value":"//bdi[text()=\"OK\"]"}
COMMAND: POST /session/d1a395b1624be07bc117af6a930c8232/elements - {"using":"xpath","value":"//bdi[text()=\"OK\"]"}
RESULT: {"using":"xpath","value":"//bdi[text()=\"OK\"]"}
COMMAND: POST /session/d1a395b1624be07bc117af6a930c8232/elements - {"using":"xpath","value":"//bdi[text()=\"OK\"]"}
RESULT: {"using":"xpath","value":"//bdi[text()=\"OK\"]"}
COMMAND: POST /session/d1a395b1624be07bc117af6a930c8232/elements - {"using":"xpath","value":"//bdi[text()=\"OK\"]"}
RESULT: {"using":"xpath","value":"//bdi[text()=\"OK\"]"}
COMMAND: POST /session/d1a395b1624be07bc117af6a930c8232/elements - {"using":"xpath","value":"//bdi[text()=\"OK\"]"}
RESULT: {"using":"xpath","value":"//bdi[text()=\"OK\"]"}
COMMAND: POST /session/d1a395b1624be07bc117af6a930c8232/elements - {"using":"xpath","value":"//bdi[text()=\"OK\"]"}
RESULT: {"using":"xpath","value":"//bdi[text()=\"OK\"]"}
COMMAND: POST /session/d1a395b1624be07bc117af6a930c8232/elements - {"using":"xpath","value":"//bdi[text()=\"OK\"]"}
RESULT: {"using":"xpath","value":"//bdi[text()=\"OK\"]"}
COMMAND: POST /session/d1a395b1624be07bc117af6a930c8232/elements - {"using":"xpath","value":"//bdi[text()=\"OK\"]"}
RESULT: {"using":"xpath","value":"//bdi[text()=\"OK\"]"}
COMMAND: POST /session/d1a395b1624be07bc117af6a930c8232/elements - {"using":"xpath","value":"//bdi[text()=\"OK\"]"}
RESULT: {"using":"xpath","value":"//bdi[text()=\"OK\"]"}
COMMAND: POST /session/d1a395b1624be07bc117af6a930c8232/elements - {"using":"xpath","value":"//bdi[text()=\"OK\"]"}
RESULT: {"using":"xpath","value":"//bdi[text()=\"OK\"]"}
COMMAND: POST /session/d1a395b1624be07bc117af6a930c8232/elements - {"using":"xpath","value":"//bdi[text()=\"OK\"]"}
RESULT: {"using":"xpath","value":"//bdi[text()=\"OK\"]"}
COMMAND: POST /session/d1a395b1624be07bc117af6a930c8232/elements - {"using":"xpath","value":"//bdi[text()=\"OK\"]"}
RESULT: {"using":"xpath","value":"//bdi[text()=\"OK\"]"}
COMMAND: POST /session/d1a395b1624be07bc117af6a930c8232/elements - {"using":"xpath","value":"//bdi[text()=\"OK\"]"}
RESULT: {"using":"xpath","value":"//bdi[text()=\"OK\"]"}
COMMAND: POST /session/d1a395b1624be07bc117af6a930c8232/elements - {"using":"xpath","value":"//bdi[text()=\"OK\"]"}
RESULT: {"using":"xpath","value":"//bdi[text()=\"OK\"]"}
COMMAND: POST /session/d1a395b1624be07bc117af6a930c8232/elements - {"using":"xpath","value":"//bdi[text()=\"OK\"]"}
RESULT: {"using":"xpath","value":"//bdi[text()=\"OK\"]"}
COMMAND: POST /session/d1a395b1624be07bc117af6a930c8232/elements - {"using":"xpath","value":"//bdi[text()=\"OK\"]"}
RESULT: {"using":"xpath","value":"//bdi[text()=\"OK\"]"}
COMMAND: POST /session/d1a395b1624be07bc117af6a930c8232/elements - {"using":"xpath","value":"//bdi[text()=\"OK\"]"}
RESULT: {"using":"xpath","value":"//bdi[text()=\"OK\"]"}
COMMAND: POST /session/d1a395b1624be07bc117af6a930c8232/elements - {"using":"xpath","value":"//bdi[text()=\"OK\"]"}
RESULT: {"using":"xpath","value":"//bdi[text()=\"OK\"]"}
COMMAND: POST /session/d1a395b1624be07bc117af6a930c8232/elements - {"using":"xpath","value":"//bdi[text()=\"OK\"]"}
RESULT: {"using":"xpath","value":"//bdi[text()=\"OK\"]"}
COMMAND: POST /session/d1a395b1624be07bc117af6a930c8232/elements - {"using":"xpath","value":"//bdi[text()=\"OK\"]"}
RESULT: {"using":"xpath","value":"//bdi[text()=\"OK\"]"}
COMMAND: POST /session/d1a395b1624be07bc117af6a930c8232/elements - {"using":"xpath","value":"//bdi[text()=\"OK\"]"}
RESULT: {"using":"xpath","value":"//bdi[text()=\"OK\"]"}
COMMAND: POST /session/d1a395b1624be07bc117af6a930c8232/elements - {"using":"xpath","value":"//bdi[text()=\"OK\"]"}
RESULT: {"using":"xpath","value":"//bdi[text()=\"OK\"]"}
COMMAND: POST /session/d1a395b1624be07bc117af6a930c8232/elements - {"using":"xpath","value":"//bdi[text()=\"OK\"]"}
RESULT: {"using":"xpath","value":"//bdi[text()=\"OK\"]"}
COMMAND: POST /session/d1a395b1624be07bc117af6a930c8232/elements - {"using":"xpath","value":"//bdi[text()=\"OK\"]"}
RESULT: {"using":"xpath","value":"//bdi[text()=\"OK\"]"}
COMMAND: POST /session/d1a395b1624be07bc117af6a930c8232/elements - {"using":"xpath","value":"//bdi[text()=\"OK\"]"}
RESULT: {"using":"xpath","value":"//bdi[text()=\"OK\"]"}
COMMAND: POST /session/d1a395b1624be07bc117af6a930c8232/elements - {"using":"xpath","value":"//bdi[text()=\"OK\"]"}
RESULT: {"using":"xpath","value":"//bdi[text()=\"OK\"]"}
COMMAND: POST /session/d1a395b1624be07bc117af6a930c8232/elements - {"using":"xpath","value":"//bdi[text()=\"OK\"]"}
RESULT: {"using":"xpath","value":"//bdi[text()=\"OK\"]"}
COMMAND: POST /session/d1a395b1624be07bc117af6a930c8232/elements - {"using":"xpath","value":"//bdi[text()=\"OK\"]"}
RESULT: {"using":"xpath","value":"//bdi[text()=\"OK\"]"}
COMMAND: POST /session/d1a395b1624be07bc117af6a930c8232/elements - {"using":"xpath","value":"//bdi[text()=\"OK\"]"}
RESULT: {"using":"xpath","value":"//bdi[text()=\"OK\"]"}
COMMAND: POST /session/d1a395b1624be07bc117af6a930c8232/elements - {"using":"xpath","value":"//bdi[text()=\"OK\"]"}
RESULT: {"using":"xpath","value":"//bdi[text()=\"OK\"]"}
COMMAND: POST /session/d1a395b1624be07bc117af6a930c8232/elements - {"using":"xpath","value":"//bdi[text()=\"OK\"]"}
RESULT: {"using":"xpath","value":"//bdi[text()=\"OK\"]"}
COMMAND: POST /session/d1a395b1624be07bc117af6a930c8232/elements - {"using":"xpath","value":"//bdi[text()=\"OK\"]"}
RESULT: {"using":"xpath","value":"//bdi[text()=\"OK\"]"}
COMMAND: POST /session/d1a395b1624be07bc117af6a930c8232/elements - {"using":"xpath","value":"//bdi[text()=\"OK\"]"}
RESULT: {"using":"xpath","value":"//bdi[text()=\"OK\"]"}
COMMAND: POST /session/d1a395b1624be07bc117af6a930c8232/elements - {"using":"xpath","value":"//bdi[text()=\"OK\"]"}
RESULT: {"using":"xpath","value":"//bdi[text()=\"OK\"]"}
COMMAND: POST /session/d1a395b1624be07bc117af6a930c8232/elements - {"using":"xpath","value":"//bdi[text()=\"OK\"]"}
RESULT: {"using":"xpath","value":"//bdi[text()=\"OK\"]"}
COMMAND: POST /session/d1a395b1624be07bc117af6a930c8232/elements - {"using":"xpath","value":"//bdi[text()=\"OK\"]"}
RESULT: {"using":"xpath","value":"//bdi[text()=\"OK\"]"}
COMMAND: POST /session/d1a395b1624be07bc117af6a930c8232/elements - {"using":"xpath","value":"//bdi[text()=\"OK\"]"}
RESULT: {"using":"xpath","value":"//bdi[text()=\"OK\"]"}
COMMAND: POST /session/d1a395b1624be07bc117af6a930c8232/elements - {"using":"xpath","value":"//bdi[text()=\"OK\"]"}
RESULT: {"using":"xpath","value":"//bdi[text()=\"OK\"]"}
COMMAND: POST /session/d1a395b1624be07bc117af6a930c8232/elements - {"using":"xpath","value":"//bdi[text()=\"OK\"]"}
RESULT: {"using":"xpath","value":"//bdi[text()=\"OK\"]"}
COMMAND: POST /session/d1a395b1624be07bc117af6a930c8232/elements - {"using":"xpath","value":"//bdi[text()=\"OK\"]"}
RESULT: {"using":"xpath","value":"//bdi[text()=\"OK\"]"}
COMMAND: POST /session/d1a395b1624be07bc117af6a930c8232/elements - {"using":"xpath","value":"//bdi[text()=\"OK\"]"}
RESULT: {"using":"xpath","value":"//bdi[text()=\"OK\"]"}
COMMAND: POST /session/d1a395b1624be07bc117af6a930c8232/elements - {"using":"xpath","value":"//bdi[text()=\"OK\"]"}
RESULT: {"using":"xpath","value":"//bdi[text()=\"OK\"]"}
COMMAND: POST /session/d1a395b1624be07bc117af6a930c8232/elements - {"using":"xpath","value":"//bdi[text()=\"OK\"]"}
RESULT: {"using":"xpath","value":"//bdi[text()=\"OK\"]"}
COMMAND: POST /session/d1a395b1624be07bc117af6a930c8232/elements - {"using":"xpath","value":"//bdi[text()=\"OK\"]"}
RESULT: {"using":"xpath","value":"//bdi[text()=\"OK\"]"}
COMMAND: POST /session/d1a395b1624be07bc117af6a930c8232/elements - {"using":"xpath","value":"//bdi[text()=\"OK\"]"}
RESULT: {"using":"xpath","value":"//bdi[text()=\"OK\"]"}
COMMAND: POST /session/d1a395b1624be07bc117af6a930c8232/elements - {"using":"xpath","value":"//bdi[text()=\"OK\"]"}
RESULT: {"using":"xpath","value":"//bdi[text()=\"OK\"]"}
COMMAND: POST /session/d1a395b1624be07bc117af6a930c8232/elements - {"using":"xpath","value":"//bdi[text()=\"OK\"]"}
RESULT: {"using":"xpath","value":"//bdi[text()=\"OK\"]"}
COMMAND: POST /session/d1a395b1624be07bc117af6a930c8232/elements - {"using":"xpath","value":"//bdi[text()=\"OK\"]"}
RESULT: {"using":"xpath","value":"//bdi[text()=\"OK\"]"}
COMMAND: POST /session/d1a395b1624be07bc117af6a930c8232/elements - {"using":"xpath","value":"//bdi[text()=\"OK\"]"}
RESULT: {"using":"xpath","value":"//bdi[text()=\"OK\"]"}
COMMAND: POST /session/d1a395b1624be07bc117af6a930c8232/elements - {"using":"xpath","value":"//bdi[text()=\"OK\"]"}
RESULT: {"using":"xpath","value":"//bdi[text()=\"OK\"]"}
COMMAND: POST /session/d1a395b1624be07bc117af6a930c8232/elements - {"using":"xpath","value":"//bdi[text()=\"OK\"]"}
RESULT: {"using":"xpath","value":"//bdi[text()=\"OK\"]"}
COMMAND: POST /session/d1a395b1624be07bc117af6a930c8232/elements - {"using":"xpath","value":"//bdi[text()=\"OK\"]"}
RESULT: {"using":"xpath","value":"//bdi[text()=\"OK\"]"}
COMMAND: POST /session/d1a395b1624be07bc117af6a930c8232/elements - {"using":"xpath","value":"//bdi[text()=\"OK\"]"}
RESULT: {"using":"xpath","value":"//bdi[text()=\"OK\"]"}
COMMAND: POST /session/d1a395b1624be07bc117af6a930c8232/elements - {"using":"xpath","value":"//bdi[text()=\"OK\"]"}
RESULT: {"using":"xpath","value":"//bdi[text()=\"OK\"]"}
COMMAND: POST /session/d1a395b1624be07bc117af6a930c8232/elements - {"using":"xpath","value":"//bdi[text()=\"OK\"]"}
RESULT: {"using":"xpath","value":"//bdi[text()=\"OK\"]"}
COMMAND: POST /session/d1a395b1624be07bc117af6a930c8232/elements - {"using":"xpath","value":"//bdi[text()=\"OK\"]"}
RESULT: {"using":"xpath","value":"//bdi[text()=\"OK\"]"}
COMMAND: POST /session/d1a395b1624be07bc117af6a930c8232/elements - {"using":"xpath","value":"//bdi[text()=\"OK\"]"}
RESULT: {"using":"xpath","value":"//bdi[text()=\"OK\"]"}
COMMAND: POST /session/d1a395b1624be07bc117af6a930c8232/elements - {"using":"xpath","value":"//bdi[text()=\"OK\"]"}
RESULT: {"using":"xpath","value":"//bdi[text()=\"OK\"]"}
COMMAND: POST /session/d1a395b1624be07bc117af6a930c8232/elements - {"using":"xpath","value":"//bdi[text()=\"OK\"]"}
RESULT: {"using":"xpath","value":"//bdi[text()=\"OK\"]"}
COMMAND: POST /session/d1a395b1624be07bc117af6a930c8232/elements - {"using":"xpath","value":"//bdi[text()=\"OK\"]"}
RESULT: {"using":"xpath","value":"//bdi[text()=\"OK\"]"}
COMMAND: POST /session/d1a395b1624be07bc117af6a930c8232/elements - {"using":"xpath","value":"//bdi[text()=\"OK\"]"}
RESULT: {"using":"xpath","value":"//bdi[text()=\"OK\"]"}
COMMAND: POST /session/d1a395b1624be07bc117af6a930c8232/elements - {"using":"xpath","value":"//bdi[text()=\"OK\"]"}
RESULT: {"using":"xpath","value":"//bdi[text()=\"OK\"]"}
COMMAND: POST /session/d1a395b1624be07bc117af6a930c8232/elements - {"using":"xpath","value":"//bdi[text()=\"OK\"]"}
RESULT: {"using":"xpath","value":"//bdi[text()=\"OK\"]"}
COMMAND: POST /session/d1a395b1624be07bc117af6a930c8232/elements - {"using":"xpath","value":"//bdi[text()=\"OK\"]"}
RESULT: {"using":"xpath","value":"//bdi[text()=\"OK\"]"}
COMMAND: POST /session/d1a395b1624be07bc117af6a930c8232/elements - {"using":"xpath","value":"//bdi[text()=\"OK\"]"}
RESULT: {"using":"xpath","value":"//bdi[text()=\"OK\"]"}
COMMAND: POST /session/d1a395b1624be07bc117af6a930c8232/elements - {"using":"xpath","value":"//bdi[text()=\"OK\"]"}
RESULT: {"using":"xpath","value":"//bdi[text()=\"OK\"]"}
COMMAND: POST /session/d1a395b1624be07bc117af6a930c8232/elements - {"using":"xpath","value":"//bdi[text()=\"OK\"]"}
RESULT: {"using":"xpath","value":"//bdi[text()=\"OK\"]"}
COMMAND: POST /session/d1a395b1624be07bc117af6a930c8232/elements - {"using":"xpath","value":"//bdi[text()=\"OK\"]"}
RESULT: {"using":"xpath","value":"//bdi[text()=\"OK\"]"}
COMMAND: POST /session/d1a395b1624be07bc117af6a930c8232/elements - {"using":"xpath","value":"//bdi[text()=\"OK\"]"}
RESULT: {"using":"xpath","value":"//bdi[text()=\"OK\"]"}
COMMAND: POST /session/d1a395b1624be07bc117af6a930c8232/elements - {"using":"xpath","value":"//bdi[text()=\"OK\"]"}
RESULT: {"using":"xpath","value":"//bdi[text()=\"OK\"]"}
COMMAND: POST /session/d1a395b1624be07bc117af6a930c8232/elements - {"using":"xpath","value":"//bdi[text()=\"OK\"]"}
RESULT: {"using":"xpath","value":"//bdi[text()=\"OK\"]"}
COMMAND: POST /session/d1a395b1624be07bc117af6a930c8232/elements - {"using":"xpath","value":"//bdi[text()=\"OK\"]"}
RESULT: {"using":"xpath","value":"//bdi[text()=\"OK\"]"}
COMMAND: POST /session/d1a395b1624be07bc117af6a930c8232/elements - {"using":"xpath","value":"//bdi[text()=\"OK\"]"}
RESULT: {"using":"xpath","value":"//bdi[text()=\"OK\"]"}
COMMAND: POST /session/d1a395b1624be07bc117af6a930c8232/elements - {"using":"xpath","value":"//bdi[text()=\"OK\"]"}
RESULT: {"using":"xpath","value":"//bdi[text()=\"OK\"]"}
COMMAND: POST /session/d1a395b1624be07bc117af6a930c8232/elements - {"using":"xpath","value":"//bdi[text()=\"OK\"]"}
RESULT: {"using":"xpath","value":"//bdi[text()=\"OK\"]"}
COMMAND: POST /session/d1a395b1624be07bc117af6a930c8232/elements - {"using":"xpath","value":"//bdi[text()=\"OK\"]"}
RESULT: {"using":"xpath","value":"//bdi[text()=\"OK\"]"}
COMMAND: POST /session/d1a395b1624be07bc117af6a930c8232/elements - {"using":"xpath","value":"//bdi[text()=\"OK\"]"}
RESULT: {"using":"xpath","value":"//bdi[text()=\"OK\"]"}
COMMAND: POST /session/d1a395b1624be07bc117af6a930c8232/elements - {"using":"xpath","value":"//bdi[text()=\"OK\"]"}
RESULT: {"using":"xpath","value":"//bdi[text()=\"OK\"]"}
COMMAND: POST /session/d1a395b1624be07bc117af6a930c8232/elements - {"using":"xpath","value":"//bdi[text()=\"OK\"]"}
RESULT: {"using":"xpath","value":"//bdi[text()=\"OK\"]"}
COMMAND: POST /session/d1a395b1624be07bc117af6a930c8232/elements - {"using":"xpath","value":"//bdi[text()=\"OK\"]"}
RESULT: {"using":"xpath","value":"//bdi[text()=\"OK\"]"}
COMMAND: POST /session/d1a395b1624be07bc117af6a930c8232/elements - {"using":"xpath","value":"//bdi[text()=\"OK\"]"}
RESULT: {"using":"xpath","value":"//bdi[text()=\"OK\"]"}
COMMAND: POST /session/d1a395b1624be07bc117af6a930c8232/elements - {"using":"xpath","value":"//bdi[text()=\"OK\"]"}
RESULT: {"using":"xpath","value":"//bdi[text()=\"OK\"]"}
COMMAND: POST /session/d1a395b1624be07bc117af6a930c8232/elements - {"using":"xpath","value":"//bdi[text()=\"OK\"]"}
RESULT: {"using":"xpath","value":"//bdi[text()=\"OK\"]"}
COMMAND: POST /session/d1a395b1624be07bc117af6a930c8232/elements - {"using":"xpath","value":"//bdi[text()=\"OK\"]"}
RESULT: {"using":"xpath","value":"//bdi[text()=\"OK\"]"}
COMMAND: POST /session/d1a395b1624be07bc117af6a930c8232/elements - {"using":"xpath","value":"//bdi[text()=\"OK\"]"}
RESULT: {"using":"xpath","value":"//bdi[text()=\"OK\"]"}
COMMAND: POST /session/d1a395b1624be07bc117af6a930c8232/elements - {"using":"xpath","value":"//bdi[text()=\"OK\"]"}
RESULT: {"using":"xpath","value":"//bdi[text()=\"OK\"]"}
COMMAND: POST /session/d1a395b1624be07bc117af6a930c8232/elements - {"using":"xpath","value":"//bdi[text()=\"OK\"]"}
RESULT: {"using":"xpath","value":"//bdi[text()=\"OK\"]"}
COMMAND: POST /session/d1a395b1624be07bc117af6a930c8232/elements - {"using":"xpath","value":"//bdi[text()=\"OK\"]"}
RESULT: {"using":"xpath","value":"//bdi[text()=\"OK\"]"}
COMMAND: POST /session/d1a395b1624be07bc117af6a930c8232/elements - {"using":"xpath","value":"//bdi[text()=\"OK\"]"}
RESULT: {"using":"xpath","value":"//bdi[text()=\"OK\"]"}
COMMAND: POST /session/d1a395b1624be07bc117af6a930c8232/elements - {"using":"xpath","value":"//bdi[text()=\"OK\"]"}
RESULT: {"using":"xpath","value":"//bdi[text()=\"OK\"]"}
COMMAND: POST /session/d1a395b1624be07bc117af6a930c8232/elements - {"using":"xpath","value":"//bdi[text()=\"OK\"]"}
RESULT: {"using":"xpath","value":"//bdi[text()=\"OK\"]"}
COMMAND: POST /session/d1a395b1624be07bc117af6a930c8232/elements - {"using":"xpath","value":"//bdi[text()=\"OK\"]"}
RESULT: {"using":"xpath","value":"//bdi[text()=\"OK\"]"}
COMMAND: POST /session/d1a395b1624be07bc117af6a930c8232/elements - {"using":"xpath","value":"//bdi[text()=\"OK\"]"}
RESULT: {"using":"xpath","value":"//bdi[text()=\"OK\"]"}
COMMAND: POST /session/d1a395b1624be07bc117af6a930c8232/elements - {"using":"xpath","value":"//bdi[text()=\"OK\"]"}
RESULT: {"using":"xpath","value":"//bdi[text()=\"OK\"]"}
COMMAND: POST /session/d1a395b1624be07bc117af6a930c8232/execute/async - {"script":"<script> [1562 bytes]","args":[{"selector":{"id":"application-manageresources-display-component---newResourceUnit--TYPE-arrow"},"wdio_ui5_key":"applicationmanageresources-display-component---newResourceUnit--TYPE-arrow"}]}
RESULT: {"script":"<script> [1562 bytes]","args":[{"selector":{"id":"application-manageresources-display-component---newResourceUnit--TYPE-arrow"},"wdio_ui5_key":"applicationmanageresources-display-component---newResourceUnit--TYPE-arrow"}]}
RESULT: undefined
COMMAND: POST /session/d1a395b1624be07bc117af6a930c8232/element - {"using":"xpath","value":"//*[@id=\"application-manageresources-display-component---newResourceUnit--TYPE-arrow\"]"}
RESULT: {"using":"xpath","value":"//*[@id=\"application-manageresources-display-component---newResourceUnit--TYPE-arrow\"]"}
COMMAND: POST /session/d1a395b1624be07bc117af6a930c8232/element/f.AB5CB7F68D9467DB6E6600E6EA1FB744.d.9284597479D92371337C52FD984C5BD3.e.6918/click - {}
RESULT: {}
COMMAND: POST /session/d1a395b1624be07bc117af6a930c8232/execute/async - {"script":"<script> [1562 bytes]","args":[{"selector":{"controlType":"sap.m.StandardListItem","viewName":"reusables.view.manageresources.NewResourceUnit","viewId":"application-manageresources-display-component---newResourceUnit","properties":{"title":"Material"},"searchOpenDialogs":true,"interaction":{"idSuffix":"titleText"}},"wdio_ui5_key":"reusablesview.manageresources.NewResourceUnitsap.m.StandardListItem{\"title\":\"Material\"}"}]}
COMMAND: GET /session/d1a395b1624be07bc117af6a930c8232/screenshot - {}
RESULT: {"script":"<script> [1562 bytes]","args":[{"selector":{"controlType":"sap.m.StandardListItem","viewName":"reusables.view.manageresources.NewResourceUnit","viewId":"application-manageresources-display-component---newResourceUnit","properties":{"title":"Material"},"searchOpenDialogs":true,"interaction":{"idSuffix":"titleText"}},"wdio_ui5_key":"reusablesview.manageresources.NewResourceUnitsap.m.StandardListItem{\"title\":\"Material\"}"}]}
RESULT: undefined
COMMAND: POST /session/d1a395b1624be07bc117af6a930c8232/element - {"using":"xpath","value":"//*[@id=\"__item143\"]"}
RESULT: {}
RESULT: {"using":"xpath","value":"//*[@id=\"__item143\"]"}
COMMAND: POST /session/d1a395b1624be07bc117af6a930c8232/element/f.AB5CB7F68D9467DB6E6600E6EA1FB744.d.9284597479D92371337C52FD984C5BD3.e.6921/click - {}
RESULT: {}
COMMAND: POST /session/d1a395b1624be07bc117af6a930c8232/execute/async - {"script":"<script> [1562 bytes]","args":[{"selector":{"id":"application-manageresources-display-component---newResourceUnit--SHORT_TEXT","interaction":{"idSuffix":"inner"}},"wdio_ui5_key":"applicationmanageresources-display-component---newResourceUnit--SHORT_TEXT"}]}
COMMAND: GET /session/d1a395b1624be07bc117af6a930c8232/screenshot - {}
RESULT: {"script":"<script> [1562 bytes]","args":[{"selector":{"id":"application-manageresources-display-component---newResourceUnit--SHORT_TEXT","interaction":{"idSuffix":"inner"}},"wdio_ui5_key":"applicationmanageresources-display-component---newResourceUnit--SHORT_TEXT"}]}
RESULT: undefined
COMMAND: POST /session/d1a395b1624be07bc117af6a930c8232/execute/async - {"script":"<script> [776 bytes]","args":[{"enterText":"WebdriverWHM_RU R2Clc8z4","selector":{"id":"application-manageresources-display-component---newResourceUnit--SHORT_TEXT","interaction":{"idSuffix":"inner"}},"clearTextFirst":true,"interactionType":"ENTER_TEXT"}]}
RESULT: {}
RESULT: {"script":"<script> [776 bytes]","args":[{"enterText":"WebdriverWHM_RU R2Clc8z4","selector":{"id":"application-manageresources-display-component---newResourceUnit--SHORT_TEXT","interaction":{"idSuffix":"inner"}},"clearTextFirst":true,"interactionType":"ENTER_TEXT"}]}
COMMAND: POST /session/d1a395b1624be07bc117af6a930c8232/execute/async - {"script":"<script> [1562 bytes]","args":[{"selector":{"id":"application-manageresources-display-component---newResourceUnit--BASE_UNIT_OF_MEASURE-arrow"},"wdio_ui5_key":"applicationmanageresources-display-component---newResourceUnit--BASE_UNIT_OF_MEASURE-arrow"}]}
RESULT: {"script":"<script> [1562 bytes]","args":[{"selector":{"id":"application-manageresources-display-component---newResourceUnit--BASE_UNIT_OF_MEASURE-arrow"},"wdio_ui5_key":"applicationmanageresources-display-component---newResourceUnit--BASE_UNIT_OF_MEASURE-arrow"}]}
RESULT: undefined
COMMAND: POST /session/d1a395b1624be07bc117af6a930c8232/element - {"using":"xpath","value":"//*[@id=\"application-manageresources-display-component---newResourceUnit--BASE_UNIT_OF_MEASURE-arrow\"]"}
RESULT: {"using":"xpath","value":"//*[@id=\"application-manageresources-display-component---newResourceUnit--BASE_UNIT_OF_MEASURE-arrow\"]"}
COMMAND: POST /session/d1a395b1624be07bc117af6a930c8232/element/f.AB5CB7F68D9467DB6E6600E6EA1FB744.d.9284597479D92371337C52FD984C5BD3.e.6979/click - {}
RESULT: {}
COMMAND: POST /session/d1a395b1624be07bc117af6a930c8232/execute/async - {"script":"<script> [1562 bytes]","args":[{"selector":{"controlType":"sap.m.StandardListItem","viewName":"reusables.view.manageresources.NewResourceUnit","viewId":"application-manageresources-display-component---newResourceUnit","properties":{"title":"Piece"},"searchOpenDialogs":true,"interaction":{"idSuffix":"content"}},"wdio_ui5_key":"reusablesview.manageresources.NewResourceUnitsap.m.StandardListItem{\"title\":\"Piece\"}"}]}
COMMAND: GET /session/d1a395b1624be07bc117af6a930c8232/screenshot - {}
RESULT: {"script":"<script> [1562 bytes]","args":[{"selector":{"controlType":"sap.m.StandardListItem","viewName":"reusables.view.manageresources.NewResourceUnit","viewId":"application-manageresources-display-component---newResourceUnit","properties":{"title":"Piece"},"searchOpenDialogs":true,"interaction":{"idSuffix":"content"}},"wdio_ui5_key":"reusablesview.manageresources.NewResourceUnitsap.m.StandardListItem{\"title\":\"Piece\"}"}]}
RESULT: undefined
COMMAND: POST /session/d1a395b1624be07bc117af6a930c8232/element - {"using":"xpath","value":"//*[@id=\"__item187\"]"}
RESULT: {}
RESULT: {"using":"xpath","value":"//*[@id=\"__item187\"]"}
COMMAND: POST /session/d1a395b1624be07bc117af6a930c8232/element/f.AB5CB7F68D9467DB6E6600E6EA1FB744.d.9284597479D92371337C52FD984C5BD3.e.6981/click - {}
RESULT: {}
COMMAND: POST /session/d1a395b1624be07bc117af6a930c8232/execute/async - {"script":"<script> [1562 bytes]","args":[{"selector":{"id":"application-manageresources-display-component---newResourceUnit--WEIGHT_UNIT-arrow"},"wdio_ui5_key":"applicationmanageresources-display-component---newResourceUnit--WEIGHT_UNIT-arrow"}]}
COMMAND: GET /session/d1a395b1624be07bc117af6a930c8232/screenshot - {}
RESULT: {"script":"<script> [1562 bytes]","args":[{"selector":{"id":"application-manageresources-display-component---newResourceUnit--WEIGHT_UNIT-arrow"},"wdio_ui5_key":"applicationmanageresources-display-component---newResourceUnit--WEIGHT_UNIT-arrow"}]}
RESULT: undefined
COMMAND: POST /session/d1a395b1624be07bc117af6a930c8232/element - {"using":"xpath","value":"//*[@id=\"application-manageresources-display-component---newResourceUnit--WEIGHT_UNIT-arrow\"]"}
RESULT: {}
RESULT: {"using":"xpath","value":"//*[@id=\"application-manageresources-display-component---newResourceUnit--WEIGHT_UNIT-arrow\"]"}
COMMAND: POST /session/d1a395b1624be07bc117af6a930c8232/element/f.AB5CB7F68D9467DB6E6600E6EA1FB744.d.9284597479D92371337C52FD984C5BD3.e.6982/click - {}
RESULT: {}
COMMAND: POST /session/d1a395b1624be07bc117af6a930c8232/execute/async - {"script":"<script> [1562 bytes]","args":[{"selector":{"controlType":"sap.m.StandardListItem","viewName":"reusables.view.manageresources.NewResourceUnit","viewId":"application-manageresources-display-component---newResourceUnit","properties":{"title":"Gram"},"searchOpenDialogs":true,"interaction":{"idSuffix":"content"}},"wdio_ui5_key":"reusablesview.manageresources.NewResourceUnitsap.m.StandardListItem{\"title\":\"Gram\"}"}]}
COMMAND: GET /session/d1a395b1624be07bc117af6a930c8232/screenshot - {}
RESULT: {"script":"<script> [1562 bytes]","args":[{"selector":{"controlType":"sap.m.StandardListItem","viewName":"reusables.view.manageresources.NewResourceUnit","viewId":"application-manageresources-display-component---newResourceUnit","properties":{"title":"Gram"},"searchOpenDialogs":true,"interaction":{"idSuffix":"content"}},"wdio_ui5_key":"reusablesview.manageresources.NewResourceUnitsap.m.StandardListItem{\"title\":\"Gram\"}"}]}
RESULT: undefined
COMMAND: POST /session/d1a395b1624be07bc117af6a930c8232/element - {"using":"xpath","value":"//*[@id=\"__item252\"]"}
RESULT: {}
RESULT: {"using":"xpath","value":"//*[@id=\"__item252\"]"}
COMMAND: POST /session/d1a395b1624be07bc117af6a930c8232/element/f.AB5CB7F68D9467DB6E6600E6EA1FB744.d.9284597479D92371337C52FD984C5BD3.e.6984/click - {}
RESULT: {}
COMMAND: GET /session/d1a395b1624be07bc117af6a930c8232/screenshot - {}
RESULT: {}
COMMAND: POST /session/d1a395b1624be07bc117af6a930c8232/execute/async - {"script":"<script> [1562 bytes]","args":[{"selector":{"id":"application-manageresources-display-component---newResourceUnit--newRRUPage-OPHeaderContent-collapseBtn-img"},"wdio_ui5_key":"applicationmanageresources-display-component---newResourceUnit--newRRUPage-OPHeaderContent-collapseBtn-img"}]}
RESULT: {"script":"<script> [1562 bytes]","args":[{"selector":{"id":"application-manageresources-display-component---newResourceUnit--newRRUPage-OPHeaderContent-collapseBtn-img"},"wdio_ui5_key":"applicationmanageresources-display-component---newResourceUnit--newRRUPage-OPHeaderContent-collapseBtn-img"}]}
RESULT: undefined
COMMAND: POST /session/d1a395b1624be07bc117af6a930c8232/element - {"using":"xpath","value":"//*[@id=\"application-manageresources-display-component---newResourceUnit--newRRUPage-OPHeaderContent-collapseBtn-img\"]"}
RESULT: {"using":"xpath","value":"//*[@id=\"application-manageresources-display-component---newResourceUnit--newRRUPage-OPHeaderContent-collapseBtn-img\"]"}
COMMAND: POST /session/d1a395b1624be07bc117af6a930c8232/element/f.AB5CB7F68D9467DB6E6600E6EA1FB744.d.9284597479D92371337C52FD984C5BD3.e.6929/click - {}
RESULT: {}
COMMAND: GET /session/d1a395b1624be07bc117af6a930c8232/screenshot - {}
RESULT: {}
COMMAND: POST /session/d1a395b1624be07bc117af6a930c8232/element - {"using":"xpath","value":"(//span[contains(@id ,\"application-manageresources-display-component---newResourceUnit--DIMENSION_UNIT-arrow\")])[1]"}
RESULT: {"using":"xpath","value":"(//span[contains(@id ,\"application-manageresources-display-component---newResourceUnit--DIMENSION_UNIT-arrow\")])[1]"}
COMMAND: POST /session/d1a395b1624be07bc117af6a930c8232/element/f.AB5CB7F68D9467DB6E6600E6EA1FB744.d.9284597479D92371337C52FD984C5BD3.e.6990/click - {}
RESULT: {}
COMMAND: GET /session/d1a395b1624be07bc117af6a930c8232/screenshot - {}
RESULT: {}
COMMAND: POST /session/d1a395b1624be07bc117af6a930c8232/execute/async - {"script":"<script> [1562 bytes]","args":[{"selector":{"controlType":"sap.m.StandardListItem","viewName":"reusables.view.manageresources.NewResourceUnit","viewId":"application-manageresources-display-component---newResourceUnit","properties":{"title":"Centimeter"},"searchOpenDialogs":true,"interaction":{"idSuffix":"titleText"}},"wdio_ui5_key":"reusablesview.manageresources.NewResourceUnitsap.m.StandardListItem{\"title\":\"Centimeter\"}"}]}
RESULT: {"script":"<script> [1562 bytes]","args":[{"selector":{"controlType":"sap.m.StandardListItem","viewName":"reusables.view.manageresources.NewResourceUnit","viewId":"application-manageresources-display-component---newResourceUnit","properties":{"title":"Centimeter"},"searchOpenDialogs":true,"interaction":{"idSuffix":"titleText"}},"wdio_ui5_key":"reusablesview.manageresources.NewResourceUnitsap.m.StandardListItem{\"title\":\"Centimeter\"}"}]}
RESULT: undefined
COMMAND: POST /session/d1a395b1624be07bc117af6a930c8232/element - {"using":"xpath","value":"//*[@id=\"__item255\"]"}
RESULT: {"using":"xpath","value":"//*[@id=\"__item255\"]"}
COMMAND: POST /session/d1a395b1624be07bc117af6a930c8232/element/f.AB5CB7F68D9467DB6E6600E6EA1FB744.d.9284597479D92371337C52FD984C5BD3.e.6992/click - {}
RESULT: {}
COMMAND: GET /session/d1a395b1624be07bc117af6a930c8232/screenshot - {}
RESULT: {}
COMMAND: POST /session/d1a395b1624be07bc117af6a930c8232/execute/async - {"script":"<script> [1562 bytes]","args":[{"selector":{"id":"application-manageresources-display-component---newResourceUnit--newRRUPage-anchBar-application-manageresources-display-component---newResourceUnit--reference-anchor","interaction":{"idSuffix":"BDI-content"}},"wdio_ui5_key":"applicationmanageresources-display-component---newResourceUnit--newRRUPage-anchBar-application-manageresources-display-component---newResourceUnit--reference-anchor"}]}
RESULT: {"script":"<script> [1562 bytes]","args":[{"selector":{"id":"application-manageresources-display-component---newResourceUnit--newRRUPage-anchBar-application-manageresources-display-component---newResourceUnit--reference-anchor","interaction":{"idSuffix":"BDI-content"}},"wdio_ui5_key":"applicationmanageresources-display-component---newResourceUnit--newRRUPage-anchBar-application-manageresources-display-component---newResourceUnit--reference-anchor"}]}
RESULT: undefined
COMMAND: POST /session/d1a395b1624be07bc117af6a930c8232/element - {"using":"xpath","value":"//*[@id=\"application-manageresources-display-component---newResourceUnit--newRRUPage-anchBar-application-manageresources-display-component---newResourceUnit--reference-anchor\"]"}
RESULT: {"using":"xpath","value":"//*[@id=\"application-manageresources-display-component---newResourceUnit--newRRUPage-anchBar-application-manageresources-display-component---newResourceUnit--reference-anchor\"]"}
COMMAND: POST /session/d1a395b1624be07bc117af6a930c8232/element/f.AB5CB7F68D9467DB6E6600E6EA1FB744.d.9284597479D92371337C52FD984C5BD3.e.6994/click - {}
RESULT: {}
COMMAND: POST /session/d1a395b1624be07bc117af6a930c8232/execute/async - {"script":"<script> [1562 bytes]","args":[{"selector":{"id":"application-manageresources-display-component---newResourceUnit--PLANNING_GROUP-arrow"},"wdio_ui5_key":"applicationmanageresources-display-component---newResourceUnit--PLANNING_GROUP-arrow"}]}
COMMAND: GET /session/d1a395b1624be07bc117af6a930c8232/screenshot - {}
RESULT: {"script":"<script> [1562 bytes]","args":[{"selector":{"id":"application-manageresources-display-component---newResourceUnit--PLANNING_GROUP-arrow"},"wdio_ui5_key":"applicationmanageresources-display-component---newResourceUnit--PLANNING_GROUP-arrow"}]}
RESULT: undefined
COMMAND: POST /session/d1a395b1624be07bc117af6a930c8232/element - {"using":"xpath","value":"//*[@id=\"application-manageresources-display-component---newResourceUnit--PLANNING_GROUP-arrow\"]"}
RESULT: {}
RESULT: {"using":"xpath","value":"//*[@id=\"application-manageresources-display-component---newResourceUnit--PLANNING_GROUP-arrow\"]"}
COMMAND: POST /session/d1a395b1624be07bc117af6a930c8232/element/f.AB5CB7F68D9467DB6E6600E6EA1FB744.d.9284597479D92371337C52FD984C5BD3.e.6998/click - {}
RESULT: {}
COMMAND: POST /session/d1a395b1624be07bc117af6a930c8232/execute/async - {"script":"<script> [1562 bytes]","args":[{"selector":{"controlType":"sap.m.StandardListItem","viewName":"reusables.view.manageresources.NewResourceUnit","viewId":"application-manageresources-display-component---newResourceUnit","properties":{"title":"Heavy Equi"},"searchOpenDialogs":true,"interaction":{"idSuffix":"content"}},"wdio_ui5_key":"reusablesview.manageresources.NewResourceUnitsap.m.StandardListItem{\"title\":\"Heavy Equi\"}"}]}
COMMAND: GET /session/d1a395b1624be07bc117af6a930c8232/screenshot - {}
RESULT: {"script":"<script> [1562 bytes]","args":[{"selector":{"controlType":"sap.m.StandardListItem","viewName":"reusables.view.manageresources.NewResourceUnit","viewId":"application-manageresources-display-component---newResourceUnit","properties":{"title":"Heavy Equi"},"searchOpenDialogs":true,"interaction":{"idSuffix":"content"}},"wdio_ui5_key":"reusablesview.manageresources.NewResourceUnitsap.m.StandardListItem{\"title\":\"Heavy Equi\"}"}]}
RESULT: undefined
COMMAND: POST /session/d1a395b1624be07bc117af6a930c8232/element - {"using":"xpath","value":"//*[@id=\"__item263\"]"}
RESULT: {}
RESULT: {"using":"xpath","value":"//*[@id=\"__item263\"]"}
COMMAND: POST /session/d1a395b1624be07bc117af6a930c8232/element/f.AB5CB7F68D9467DB6E6600E6EA1FB744.d.9284597479D92371337C52FD984C5BD3.e.7000/click - {}
RESULT: {}
COMMAND: GET /session/d1a395b1624be07bc117af6a930c8232/screenshot - {}
RESULT: {}
COMMAND: POST /session/d1a395b1624be07bc117af6a930c8232/execute/async - {"script":"<script> [1562 bytes]","args":[{"selector":{"id":"application-manageresources-display-component---newResourceUnit--PLANNING_INDICATOR-arrow"},"wdio_ui5_key":"applicationmanageresources-display-component---newResourceUnit--PLANNING_INDICATOR-arrow"}]}
RESULT: {"script":"<script> [1562 bytes]","args":[{"selector":{"id":"application-manageresources-display-component---newResourceUnit--PLANNING_INDICATOR-arrow"},"wdio_ui5_key":"applicationmanageresources-display-component---newResourceUnit--PLANNING_INDICATOR-arrow"}]}
RESULT: undefined
COMMAND: POST /session/d1a395b1624be07bc117af6a930c8232/element - {"using":"xpath","value":"//*[@id=\"application-manageresources-display-component---newResourceUnit--PLANNING_INDICATOR-arrow\"]"}
RESULT: {"using":"xpath","value":"//*[@id=\"application-manageresources-display-component---newResourceUnit--PLANNING_INDICATOR-arrow\"]"}
COMMAND: POST /session/d1a395b1624be07bc117af6a930c8232/element/f.AB5CB7F68D9467DB6E6600E6EA1FB744.d.9284597479D92371337C52FD984C5BD3.e.7001/click - {}
RESULT: {}
COMMAND: POST /session/d1a395b1624be07bc117af6a930c8232/execute/async - {"script":"<script> [1562 bytes]","args":[{"selector":{"controlType":"sap.m.StandardListItem","viewName":"reusables.view.manageresources.NewResourceUnit","viewId":"application-manageresources-display-component---newResourceUnit","properties":{"title":"10 - infinite"},"searchOpenDialogs":true,"interaction":{"idSuffix":"content"}},"wdio_ui5_key":"reusablesview.manageresources.NewResourceUnitsap.m.StandardListItem{\"title\":\"10 - infinite\"}"}]}
COMMAND: GET /session/d1a395b1624be07bc117af6a930c8232/screenshot - {}
RESULT: {"script":"<script> [1562 bytes]","args":[{"selector":{"controlType":"sap.m.StandardListItem","viewName":"reusables.view.manageresources.NewResourceUnit","viewId":"application-manageresources-display-component---newResourceUnit","properties":{"title":"10 - infinite"},"searchOpenDialogs":true,"interaction":{"idSuffix":"content"}},"wdio_ui5_key":"reusablesview.manageresources.NewResourceUnitsap.m.StandardListItem{\"title\":\"10 - infinite\"}"}]}
RESULT: undefined
COMMAND: POST /session/d1a395b1624be07bc117af6a930c8232/element - {"using":"xpath","value":"//*[@id=\"__item273\"]"}
RESULT: {}
RESULT: {"using":"xpath","value":"//*[@id=\"__item273\"]"}
COMMAND: POST /session/d1a395b1624be07bc117af6a930c8232/element/f.AB5CB7F68D9467DB6E6600E6EA1FB744.d.9284597479D92371337C52FD984C5BD3.e.7003/click - {}
RESULT: {}
COMMAND: GET /session/d1a395b1624be07bc117af6a930c8232/screenshot - {}
RESULT: {}
COMMAND: POST /session/d1a395b1624be07bc117af6a930c8232/element - {"using":"xpath","value":"//bdi[contains(text(), \"Time Segment\")]"}
RESULT: {"using":"xpath","value":"//bdi[contains(text(), \"Time Segment\")]"}
COMMAND: GET /session/d1a395b1624be07bc117af6a930c8232/element/f.AB5CB7F68D9467DB6E6600E6EA1FB744.d.9284597479D92371337C52FD984C5BD3.e.7004/rect - {}
RESULT: {}
COMMAND: GET /session/d1a395b1624be07bc117af6a930c8232/window/rect - {}
RESULT: {}
COMMAND: POST /session/d1a395b1624be07bc117af6a930c8232/execute/sync - {"script":"<script> [92 bytes]","args":[]}
RESULT: {"script":"<script> [92 bytes]","args":[]}
COMMAND: POST /session/d1a395b1624be07bc117af6a930c8232/actions - {"actions":[{"id":"action19","type":"wheel","parameters":{},"actions":[{"type":"scroll","x":-1804,"y":-21,"deltaX":0,"deltaY":0,"duration":0,"origin":{"element-6066-11e4-a52e-4f735466cecf":"f.AB5CB7F68D9467DB6E6600E6EA1FB744.d.9284597479D92371337C52FD984C5BD3.e.7004"}}]}]}
COMMAND: GET /session/d1a395b1624be07bc117af6a930c8232/screenshot - {}
RESULT: {}
COMMAND: POST /session/d1a395b1624be07bc117af6a930c8232/execute/sync - {"script":"<script> [79 bytes]","args":[{"element-6066-11e4-a52e-4f735466cecf":"f.AB5CB7F68D9467DB6E6600E6EA1FB744.d.9284597479D92371337C52FD984C5BD3.e.7004","ELEMENT":"f.AB5CB7F68D9467DB6E6600E6EA1FB744.d.9284597479D92371337C52FD984C5BD3.e.7004"},{"block":"start","inline":"nearest"}]}
RESULT: {"script":"<script> [79 bytes]","args":[{"element-6066-11e4-a52e-4f735466cecf":"f.AB5CB7F68D9467DB6E6600E6EA1FB744.d.9284597479D92371337C52FD984C5BD3.e.7004","ELEMENT":"f.AB5CB7F68D9467DB6E6600E6EA1FB744.d.9284597479D92371337C52FD984C5BD3.e.7004"},{"block":"start","inline":"nearest"}]}
COMMAND: GET /session/d1a395b1624be07bc117af6a930c8232/screenshot - {}
RESULT: {}
COMMAND: POST /session/d1a395b1624be07bc117af6a930c8232/element - {"using":"xpath","value":"//span[@id=\"application-manageresources-display-component---newResourceUnit--btnAddTimeSegment-img\"]"}
RESULT: {"using":"xpath","value":"//span[@id=\"application-manageresources-display-component---newResourceUnit--btnAddTimeSegment-img\"]"}
COMMAND: POST /session/d1a395b1624be07bc117af6a930c8232/execute/sync - {"script":"<script> [8489 bytes]","args":[{"element-6066-11e4-a52e-4f735466cecf":"f.AB5CB7F68D9467DB6E6600E6EA1FB744.d.9284597479D92371337C52FD984C5BD3.e.7007","ELEMENT":"f.AB5CB7F68D9467DB6E6600E6EA1FB744.d.9284597479D92371337C52FD984C5BD3.e.7007"}]}
RESULT: {"script":"<script> [8489 bytes]","args":[{"element-6066-11e4-a52e-4f735466cecf":"f.AB5CB7F68D9467DB6E6600E6EA1FB744.d.9284597479D92371337C52FD984C5BD3.e.7007","ELEMENT":"f.AB5CB7F68D9467DB6E6600E6EA1FB744.d.9284597479D92371337C52FD984C5BD3.e.7007"}]}
COMMAND: POST /session/d1a395b1624be07bc117af6a930c8232/element/f.AB5CB7F68D9467DB6E6600E6EA1FB744.d.9284597479D92371337C52FD984C5BD3.e.7007/click - {}
COMMAND: GET /session/d1a395b1624be07bc117af6a930c8232/screenshot - {}
RESULT: {}
COMMAND: GET /session/d1a395b1624be07bc117af6a930c8232/screenshot - {}
RESULT: {}
COMMAND: POST /session/d1a395b1624be07bc117af6a930c8232/element - {"using":"xpath","value":"//input[@id=\"application-manageresources-display-component---newResourceUnit--idRuTSAdmin-application-manageresources-display-component---newResourceUnit--RUTimeSegment-0-inner\"]"}
RESULT: {}
RESULT: {"using":"xpath","value":"//input[@id=\"application-manageresources-display-component---newResourceUnit--idRuTSAdmin-application-manageresources-display-component---newResourceUnit--RUTimeSegment-0-inner\"]"}
COMMAND: POST /session/d1a395b1624be07bc117af6a930c8232/element/f.AB5CB7F68D9467DB6E6600E6EA1FB744.d.9284597479D92371337C52FD984C5BD3.e.7010/clear - {}
RESULT: {}
COMMAND: POST /session/d1a395b1624be07bc117af6a930c8232/element/f.AB5CB7F68D9467DB6E6600E6EA1FB744.d.9284597479D92371337C52FD984C5BD3.e.7010/value - {"text":"223"}
COMMAND: GET /session/d1a395b1624be07bc117af6a930c8232/screenshot - {}
RESULT: {"text":"223"}
COMMAND: GET /session/d1a395b1624be07bc117af6a930c8232/screenshot - {}
RESULT: {}
RESULT: {}
COMMAND: POST /session/d1a395b1624be07bc117af6a930c8232/actions - {"actions":[{"id":"action20","type":"key","parameters":{},"actions":[{"type":"keyDown","value":"î€‡"},{"type":"pause","duration":10},{"type":"keyUp","value":"î€‡"}]}]}
RESULT: {"actions":[{"id":"action20","type":"key","parameters":{},"actions":[{"type":"keyDown","value":"î€‡"},{"type":"pause","duration":10},{"type":"keyUp","value":"î€‡"}]}]}
COMMAND: POST /session/d1a395b1624be07bc117af6a930c8232/execute/async - {"script":"<script> [1562 bytes]","args":[{"selector":{"controlType":"sap.m.Button","viewName":"reusables.view.manageresources.NewResourceUnit","viewId":"application-manageresources-display-component---newResourceUnit","i18NText":{"propertyName":"tooltip","key":"save"},"interaction":{"idSuffix":"BDI-content"}},"wdio_ui5_key":"reusablesview.manageresources.NewResourceUnitsap.m.Button{\"propertyName\":\"tooltip\",\"key\":\"save\"}"}]}
COMMAND: GET /session/d1a395b1624be07bc117af6a930c8232/screenshot - {}
RESULT: {"script":"<script> [1562 bytes]","args":[{"selector":{"controlType":"sap.m.Button","viewName":"reusables.view.manageresources.NewResourceUnit","viewId":"application-manageresources-display-component---newResourceUnit","i18NText":{"propertyName":"tooltip","key":"save"},"interaction":{"idSuffix":"BDI-content"}},"wdio_ui5_key":"reusablesview.manageresources.NewResourceUnitsap.m.Button{\"propertyName\":\"tooltip\",\"key\":\"save\"}"}]}
RESULT: undefined
COMMAND: POST /session/d1a395b1624be07bc117af6a930c8232/element - {"using":"xpath","value":"//*[@id=\"application-manageresources-display-component---newResourceUnit--createRuButton\"]"}
RESULT: {}
RESULT: {"using":"xpath","value":"//*[@id=\"application-manageresources-display-component---newResourceUnit--createRuButton\"]"}
COMMAND: POST /session/d1a395b1624be07bc117af6a930c8232/element/f.AB5CB7F68D9467DB6E6600E6EA1FB744.d.9284597479D92371337C52FD984C5BD3.e.6935/click - {}
RESULT: {}
COMMAND: GET /session/d1a395b1624be07bc117af6a930c8232/screenshot - {}
RESULT: {}
COMMAND: POST /session/d1a395b1624be07bc117af6a930c8232/execute/async - {"script":"<script> [1562 bytes]","args":[{"selector":{"controlType":"sap.m.Title","properties":{"text":"Success"},"searchOpenDialogs":true},"wdio_ui5_key":"sapm.Title{\"text\":\"Success\"}"}]}
RESULT: {"script":"<script> [1562 bytes]","args":[{"selector":{"controlType":"sap.m.Title","properties":{"text":"Success"},"searchOpenDialogs":true},"wdio_ui5_key":"sapm.Title{\"text\":\"Success\"}"}]}
RESULT: undefined
COMMAND: POST /session/d1a395b1624be07bc117af6a930c8232/execute/async - {"script":"<script> [6424 bytes]","args":[{"element-6066-11e4-a52e-4f735466cecf":"f.AB5CB7F68D9467DB6E6600E6EA1FB744.d.9284597479D92371337C52FD984C5BD3.e.7025"},"getText",[]]}
RESULT: {"script":"<script> [6424 bytes]","args":[{"element-6066-11e4-a52e-4f735466cecf":"f.AB5CB7F68D9467DB6E6600E6EA1FB744.d.9284597479D92371337C52FD984C5BD3.e.7025"},"getText",[]]}
COMMAND: POST /session/d1a395b1624be07bc117af6a930c8232/element - {"using":"xpath","value":"//*[contains(@id, '__text') and (contains(text(), 'successfully created') or contains(., 'successfully created'))]"}
RESULT: {"using":"xpath","value":"//*[contains(@id, '__text') and (contains(text(), 'successfully created') or contains(., 'successfully created'))]"}
COMMAND: GET /session/d1a395b1624be07bc117af6a930c8232/element/f.AB5CB7F68D9467DB6E6600E6EA1FB744.d.9284597479D92371337C52FD984C5BD3.e.7023/text - {}
RESULT: {}
COMMAND: POST /session/d1a395b1624be07bc117af6a930c8232/execute/async - {"script":"<script> [1562 bytes]","args":[{"selector":{"controlType":"sap.m.Button","properties":{"text":"Close"},"searchOpenDialogs":true,"interaction":{"idSuffix":"BDI-content"}},"wdio_ui5_key":"sapm.Button{\"text\":\"Close\"}"}]}
RESULT: {"script":"<script> [1562 bytes]","args":[{"selector":{"controlType":"sap.m.Button","properties":{"text":"Close"},"searchOpenDialogs":true,"interaction":{"idSuffix":"BDI-content"}},"wdio_ui5_key":"sapm.Button{\"text\":\"Close\"}"}]}
RESULT: undefined
COMMAND: POST /session/d1a395b1624be07bc117af6a930c8232/element - {"using":"xpath","value":"//*[@id=\"__mbox-btn-0\"]"}
RESULT: {"using":"xpath","value":"//*[@id=\"__mbox-btn-0\"]"}
COMMAND: POST /session/d1a395b1624be07bc117af6a930c8232/element/f.AB5CB7F68D9467DB6E6600E6EA1FB744.d.9284597479D92371337C52FD984C5BD3.e.7021/click - {}
RESULT: {}
COMMAND: GET /session/d1a395b1624be07bc117af6a930c8232/screenshot - {}
RESULT: {}
COMMAND: POST /session/d1a395b1624be07bc117af6a930c8232/execute/async - {"script":"<script> [1562 bytes]","args":[{"selector":{"controlType":"sap.ui.core.Icon","viewName":"etm.portal.ui.manageresources.view.Detail","viewId":"application-manageresources-display-component---detailRU","properties":{"src":{"regex":{"source":"overflow"}}}},"wdio_ui5_key":"etmportal.ui.manageresources.view.Detailsap.ui.core.Icon{\"src\":{\"regex\":{\"source\":\"overflow\"}}}"}]}
RESULT: {"script":"<script> [1562 bytes]","args":[{"selector":{"controlType":"sap.ui.core.Icon","viewName":"etm.portal.ui.manageresources.view.Detail","viewId":"application-manageresources-display-component---detailRU","properties":{"src":{"regex":{"source":"overflow"}}}},"wdio_ui5_key":"etmportal.ui.manageresources.view.Detailsap.ui.core.Icon{\"src\":{\"regex\":{\"source\":\"overflow\"}}}"}]}
RESULT: undefined
COMMAND: POST /session/d1a395b1624be07bc117af6a930c8232/element - {"using":"xpath","value":"//*[@id=\"__title15-_actionsToolbar-overflowButton-img\"]"}
RESULT: {"using":"xpath","value":"//*[@id=\"__title15-_actionsToolbar-overflowButton-img\"]"}
COMMAND: POST /session/d1a395b1624be07bc117af6a930c8232/element/f.AB5CB7F68D9467DB6E6600E6EA1FB744.d.9284597479D92371337C52FD984C5BD3.e.7051/click - {}
RESULT: {}
COMMAND: POST /session/d1a395b1624be07bc117af6a930c8232/execute/async - {"script":"<script> [1562 bytes]","args":[{"selector":{"controlType":"sap.m.Button","viewName":"etm.portal.ui.manageresources.view.Detail","viewId":"application-manageresources-display-component---detailRU","i18NText":{"propertyName":"tooltip","key":"closeColumn"},"searchOpenDialogs":true,"interaction":{"idSuffix":"inner"}},"wdio_ui5_key":"etmportal.ui.manageresources.view.Detailsap.m.Button{\"propertyName\":\"tooltip\",\"key\":\"closeColumn\"}"}]}
COMMAND: GET /session/d1a395b1624be07bc117af6a930c8232/screenshot - {}
RESULT: {"script":"<script> [1562 bytes]","args":[{"selector":{"controlType":"sap.m.Button","viewName":"etm.portal.ui.manageresources.view.Detail","viewId":"application-manageresources-display-component---detailRU","i18NText":{"propertyName":"tooltip","key":"closeColumn"},"searchOpenDialogs":true,"interaction":{"idSuffix":"inner"}},"wdio_ui5_key":"etmportal.ui.manageresources.view.Detailsap.m.Button{\"propertyName\":\"tooltip\",\"key\":\"closeColumn\"}"}]}
RESULT: undefined
COMMAND: POST /session/d1a395b1624be07bc117af6a930c8232/element - {"using":"xpath","value":"//*[@id=\"__button41\"]"}
RESULT: {}
RESULT: {"using":"xpath","value":"//*[@id=\"__button41\"]"}
COMMAND: POST /session/d1a395b1624be07bc117af6a930c8232/element/f.AB5CB7F68D9467DB6E6600E6EA1FB744.d.9284597479D92371337C52FD984C5BD3.e.7053/click - {}
RESULT: {}
COMMAND: POST /session/d1a395b1624be07bc117af6a930c8232/element - {"using":"css selector","value":"#j_username"}
COMMAND: POST /session/d1a395b1624be07bc117af6a930c8232/url - {"url":"https://qa-testing-00-live-etm-ui.cfapps.eu10-004.hana.ondemand.com/"}
COMMAND: GET /session/d1a395b1624be07bc117af6a930c8232/screenshot - {}
RESULT: {"url":"https://qa-testing-00-live-etm-ui.cfapps.eu10-004.hana.ondemand.com/"}
RESULT: undefined
COMMAND: GET /session/d1a395b1624be07bc117af6a930c8232/screenshot - {}
RESULT: {"using":"css selector","value":"#j_username"}
COMMAND: POST /session/d1a395b1624be07bc117af6a930c8232/element - {"using":"css selector","value":"#j_username"}
RESULT: {}
RESULT: {}
RESULT: {"using":"css selector","value":"#j_username"}
COMMAND: POST /session/d1a395b1624be07bc117af6a930c8232/element - {"using":"css selector","value":"#shell-header-logo"}
RESULT: {"using":"css selector","value":"#shell-header-logo"}
COMMAND: POST /session/d1a395b1624be07bc117af6a930c8232/execute/sync - {"script":"<script> [8489 bytes]","args":[{"element-6066-11e4-a52e-4f735466cecf":"f.AB5CB7F68D9467DB6E6600E6EA1FB744.d.AD7C1B3940DFCC6DE7B3B106BB420E29.e.7157","ELEMENT":"f.AB5CB7F68D9467DB6E6600E6EA1FB744.d.AD7C1B3940DFCC6DE7B3B106BB420E29.e.7157"}]}
RESULT: {"script":"<script> [8489 bytes]","args":[{"element-6066-11e4-a52e-4f735466cecf":"f.AB5CB7F68D9467DB6E6600E6EA1FB744.d.AD7C1B3940DFCC6DE7B3B106BB420E29.e.7157","ELEMENT":"f.AB5CB7F68D9467DB6E6600E6EA1FB744.d.AD7C1B3940DFCC6DE7B3B106BB420E29.e.7157"}]}
COMMAND: POST /session/d1a395b1624be07bc117af6a930c8232/element - {"using":"css selector","value":"#shell-header-logo"}
COMMAND: GET /session/d1a395b1624be07bc117af6a930c8232/screenshot - {}
RESULT: {"using":"css selector","value":"#shell-header-logo"}
COMMAND: POST /session/d1a395b1624be07bc117af6a930c8232/execute/sync - {"script":"<script> [8489 bytes]","args":[{"element-6066-11e4-a52e-4f735466cecf":"f.AB5CB7F68D9467DB6E6600E6EA1FB744.d.AD7C1B3940DFCC6DE7B3B106BB420E29.e.7157","ELEMENT":"f.AB5CB7F68D9467DB6E6600E6EA1FB744.d.AD7C1B3940DFCC6DE7B3B106BB420E29.e.7157"}]}
RESULT: {}
RESULT: {"script":"<script> [8489 bytes]","args":[{"element-6066-11e4-a52e-4f735466cecf":"f.AB5CB7F68D9467DB6E6600E6EA1FB744.d.AD7C1B3940DFCC6DE7B3B106BB420E29.e.7157","ELEMENT":"f.AB5CB7F68D9467DB6E6600E6EA1FB744.d.AD7C1B3940DFCC6DE7B3B106BB420E29.e.7157"}]}
COMMAND: POST /session/d1a395b1624be07bc117af6a930c8232/execute/sync - {"script":"<script> [5351 bytes]","args":[{"element-6066-11e4-a52e-4f735466cecf":"f.AB5CB7F68D9467DB6E6600E6EA1FB744.d.AD7C1B3940DFCC6DE7B3B106BB420E29.e.7157","ELEMENT":"f.AB5CB7F68D9467DB6E6600E6EA1FB744.d.AD7C1B3940DFCC6DE7B3B106BB420E29.e.7157"}]}
COMMAND: GET /session/d1a395b1624be07bc117af6a930c8232/screenshot - {}
RESULT: {"script":"<script> [5351 bytes]","args":[{"element-6066-11e4-a52e-4f735466cecf":"f.AB5CB7F68D9467DB6E6600E6EA1FB744.d.AD7C1B3940DFCC6DE7B3B106BB420E29.e.7157","ELEMENT":"f.AB5CB7F68D9467DB6E6600E6EA1FB744.d.AD7C1B3940DFCC6DE7B3B106BB420E29.e.7157"}]}
COMMAND: POST /session/d1a395b1624be07bc117af6a930c8232/element - {"using":"css selector","value":"#shell-header-logo"}
COMMAND: GET /session/d1a395b1624be07bc117af6a930c8232/screenshot - {}
RESULT: {}
RESULT: {"using":"css selector","value":"#shell-header-logo"}
COMMAND: POST /session/d1a395b1624be07bc117af6a930c8232/element/f.AB5CB7F68D9467DB6E6600E6EA1FB744.d.AD7C1B3940DFCC6DE7B3B106BB420E29.e.7157/click - {}
RESULT: {}
RESULT: {}
COMMAND: GET /session/d1a395b1624be07bc117af6a930c8232/screenshot - {}
RESULT: {}
COMMAND: POST /session/d1a395b1624be07bc117af6a930c8232/execute/async - {"script":"<script> [189 bytes]","args":[]}
RESULT: {"script":"<script> [189 bytes]","args":[]}
COMMAND: POST /session/d1a395b1624be07bc117af6a930c8232/execute/async - {"script":"<script> [123 bytes]","args":[]}
RESULT: {"script":"<script> [123 bytes]","args":[]}
COMMAND: POST /session/d1a395b1624be07bc117af6a930c8232/timeouts - {"script":"<number>"}
RESULT: {"script":"<number>"}
COMMAND: GET /session/d1a395b1624be07bc117af6a930c8232/timeouts - {}
RESULT: {}
RESULT: undefined
COMMAND: POST /session/d1a395b1624be07bc117af6a930c8232/execute/async - {"script":"<script> [2676 bytes]","args":[]}
RESULT: {"script":"<script> [2676 bytes]","args":[]}
COMMAND: POST /session/d1a395b1624be07bc117af6a930c8232/execute/async - {"script":"<script> [2342 bytes]","args":[{"protocol":"http","hostname":"0.0.0.0","path":"/","capabilities":{"browserName":"chrome","goog:chromeOptions":{"binary":"C:\\Program Files\\Google\\Chrome\\Application\\chrome.exe","args":["--start-maximized"]}},"logLevel":"warn","connectionRetryTimeout":120000,"connectionRetryCount":3,"logLevels":{},"enableDirectConnect":true,"strictSSL":true,"_":"65 more keys: [\"cacheDir\",\"port\",\"requestedCapabilities\",\"automationProtocol\",\"baseUrl\",\"waitforInterval\",\"waitforTimeout\",\"onReload\",\"beforeCommand\",\"afterCommand\",\"rootDir\",\"specs\",\"suites\",\"exclude\",\"groupLogsByTestSpec\",\"excludeDriverLogs\",\"bail\",\"framework\",\"reporters\",\"services\",\"maxInstances\",\"maxInstancesPerCapability\",\"injectGlobals\",\"filesToWatch\",\"execArgv\",\"runnerEnv\",\"runner\",\"shard\",\"specFileRetries\",\"specFileRetriesDelay\",\"specFileRetriesDeferred\",\"reporterSyncInterval\",\"reporterSyncTimeout\",\"cucumberFeaturesWithLineNumbers\",\"autoCompileOpts\",\"mochaOpts\",\"jasmineOpts\",\"cucumberOpts\",\"onPrepare\",\"onWorkerStart\",\"onWorkerEnd\",\"before\",\"beforeSession\",\"beforeSuite\",\"beforeHook\",\"beforeTest\",\"afterTest\",\"afterHook\",\"afterSuite\",\"afterSession\",\"after\",\"onComplete\",\"beforeAssertion\",\"afterAssertion\",\"beforeFeature\",\"beforeScenario\",\"beforeStep\",\"afterStep\",\"afterScenario\",\"afterFeature\",\"_\",\"suite\",\"$0\",\"ignoredWorkerServices\",\"wdi5\"]"}]}
RESULT: {"script":"<script> [2342 bytes]","args":[{"protocol":"http","hostname":"0.0.0.0","path":"/","capabilities":{"browserName":"chrome","goog:chromeOptions":{"binary":"C:\\Program Files\\Google\\Chrome\\Application\\chrome.exe","args":["--start-maximized"]}},"logLevel":"warn","connectionRetryTimeout":120000,"connectionRetryCount":3,"logLevels":{},"enableDirectConnect":true,"strictSSL":true,"_":"65 more keys: [\"cacheDir\",\"port\",\"requestedCapabilities\",\"automationProtocol\",\"baseUrl\",\"waitforInterval\",\"waitforTimeout\",\"onReload\",\"beforeCommand\",\"afterCommand\",\"rootDir\",\"specs\",\"suites\",\"exclude\",\"groupLogsByTestSpec\",\"excludeDriverLogs\",\"bail\",\"framework\",\"reporters\",\"services\",\"maxInstances\",\"maxInstancesPerCapability\",\"injectGlobals\",\"filesToWatch\",\"execArgv\",\"runnerEnv\",\"runner\",\"shard\",\"specFileRetries\",\"specFileRetriesDelay\",\"specFileRetriesDeferred\",\"reporterSyncInterval\",\"reporterSyncTimeout\",\"cucumberFeaturesWithLineNumbers\",\"autoCompileOpts\",\"mochaOpts\",\"jasmineOpts\",\"cucumberOpts\",\"onPrepare\",\"onWorkerStart\",\"onWorkerEnd\",\"before\",\"beforeSession\",\"beforeSuite\",\"beforeHook\",\"beforeTest\",\"afterTest\",\"afterHook\",\"afterSuite\",\"afterSession\",\"after\",\"onComplete\",\"beforeAssertion\",\"afterAssertion\",\"beforeFeature\",\"beforeScenario\",\"beforeStep\",\"afterStep\",\"afterScenario\",\"afterFeature\",\"_\",\"suite\",\"$0\",\"ignoredWorkerServices\",\"wdi5\"]"}]}
COMMAND: POST /session/d1a395b1624be07bc117af6a930c8232/execute/async - {"script":"<script> [21126 bytes]","args":[35000]}
RESULT: {"script":"<script> [21126 bytes]","args":[35000]}
COMMAND: POST /session/d1a395b1624be07bc117af6a930c8232/window/maximize - {}
RESULT: {}
COMMAND: POST /session/d1a395b1624be07bc117af6a930c8232/execute/async - {"script":"<script> [1562 bytes]","args":[{"selector":{"id":"shell-header","interaction":{"idSuffix":"icon"}},"wdio_ui5_key":"shellheader"}]}
COMMAND: GET /session/d1a395b1624be07bc117af6a930c8232/screenshot - {}
RESULT: {"script":"<script> [1562 bytes]","args":[{"selector":{"id":"shell-header","interaction":{"idSuffix":"icon"}},"wdio_ui5_key":"shellheader"}]}
RESULT: undefined
]]></system-out>
    </testcase>
  </testsuite>
  <testsuite timestamp="2025-04-25T15:41:36" time="208.596" tests="1" failures="1" errors="1" skipped="0">
    <properties>
      <property name="specId" value="0" />
      <property name="suiteName" value="create-equipment" />
      <property name="capabilities" value="chrome.135_0_7049_96.windows" />
      <property name="file" value="file:///D:/a/1/s/test/specs/R2C/create-equipment.spec.js" />
    </properties>
  </testsuite>
  <testsuite timestamp="2025-04-25T15:45:04" time="71.779" tests="2" failures="0" errors="0" skipped="0">
    <properties>
      <property name="specId" value="0" />
      <property name="suiteName" value="Personnel creation and reference material verification  US120163" />
      <property name="capabilities" value="chrome.135_0_7049_96.windows" />
      <property name="file" value="file:///D:/a/1/s/test/specs/R2C/create-personnel-no-material-reference.spec.js" />
    </properties>
    <testcase classname="chrome.135_0_7049_96.windows.Personnel_creation_and_reference_material_verification__US120163" name="Should create a new personnel and verify if the material reference is visible" time="51.629">
      <system-out><![CDATA[
RESULT: undefined
COMMAND: POST /session/d1a395b1624be07bc117af6a930c8232/element - {"using":"xpath","value":"//*[@id=\"__tile31\"]"}
RESULT: {"using":"xpath","value":"//*[@id=\"__tile31\"]"}
COMMAND: POST /session/d1a395b1624be07bc117af6a930c8232/element/f.AB5CB7F68D9467DB6E6600E6EA1FB744.d.AD7C1B3940DFCC6DE7B3B106BB420E29.e.7174/click - {}
RESULT: {}
COMMAND: GET /session/d1a395b1624be07bc117af6a930c8232/screenshot - {}
RESULT: {}
COMMAND: POST /session/d1a395b1624be07bc117af6a930c8232/element - {"using":"xpath","value":"//button[@data-kt=\"addNewRUOverflowToolbarButton\"]"}
RESULT: {"using":"xpath","value":"//button[@data-kt=\"addNewRUOverflowToolbarButton\"]"}
COMMAND: POST /session/d1a395b1624be07bc117af6a930c8232/execute/sync - {"script":"<script> [8489 bytes]","args":[{"element-6066-11e4-a52e-4f735466cecf":"f.AB5CB7F68D9467DB6E6600E6EA1FB744.d.AD7C1B3940DFCC6DE7B3B106BB420E29.e.7980","ELEMENT":"f.AB5CB7F68D9467DB6E6600E6EA1FB744.d.AD7C1B3940DFCC6DE7B3B106BB420E29.e.7980"}]}
RESULT: {"script":"<script> [8489 bytes]","args":[{"element-6066-11e4-a52e-4f735466cecf":"f.AB5CB7F68D9467DB6E6600E6EA1FB744.d.AD7C1B3940DFCC6DE7B3B106BB420E29.e.7980","ELEMENT":"f.AB5CB7F68D9467DB6E6600E6EA1FB744.d.AD7C1B3940DFCC6DE7B3B106BB420E29.e.7980"}]}
COMMAND: POST /session/d1a395b1624be07bc117af6a930c8232/element/f.AB5CB7F68D9467DB6E6600E6EA1FB744.d.AD7C1B3940DFCC6DE7B3B106BB420E29.e.7980/click - {}
COMMAND: GET /session/d1a395b1624be07bc117af6a930c8232/screenshot - {}
RESULT: {}
RESULT: undefined
COMMAND: POST /session/d1a395b1624be07bc117af6a930c8232/element - {"using":"xpath","value":"//*[@id=\"application-manageresources-display-component---newResourceUnit--TYPE-arrow\"]"}
COMMAND: GET /session/d1a395b1624be07bc117af6a930c8232/screenshot - {}
RESULT: {}
RESULT: {"using":"xpath","value":"//*[@id=\"application-manageresources-display-component---newResourceUnit--TYPE-arrow\"]"}
COMMAND: POST /session/d1a395b1624be07bc117af6a930c8232/element/f.AB5CB7F68D9467DB6E6600E6EA1FB744.d.AD7C1B3940DFCC6DE7B3B106BB420E29.e.8190/click - {}
RESULT: {}
RESULT: {}
COMMAND: POST /session/d1a395b1624be07bc117af6a930c8232/execute/async - {"script":"<script> [1562 bytes]","args":[{"selector":{"controlType":"sap.m.StandardListItem","viewName":"reusables.view.manageresources.NewResourceUnit","viewId":"application-manageresources-display-component---newResourceUnit","properties":{"title":"Personnel"},"searchOpenDialogs":true,"interaction":{"idSuffix":"titleText"}},"wdio_ui5_key":"reusablesview.manageresources.NewResourceUnitsap.m.StandardListItem{\"title\":\"Personnel\"}"}]}
COMMAND: GET /session/d1a395b1624be07bc117af6a930c8232/screenshot - {}
RESULT: {"script":"<script> [1562 bytes]","args":[{"selector":{"controlType":"sap.m.StandardListItem","viewName":"reusables.view.manageresources.NewResourceUnit","viewId":"application-manageresources-display-component---newResourceUnit","properties":{"title":"Personnel"},"searchOpenDialogs":true,"interaction":{"idSuffix":"titleText"}},"wdio_ui5_key":"reusablesview.manageresources.NewResourceUnitsap.m.StandardListItem{\"title\":\"Personnel\"}"}]}
RESULT: undefined
COMMAND: POST /session/d1a395b1624be07bc117af6a930c8232/element - {"using":"xpath","value":"//*[@id=\"__item461\"]"}
RESULT: {}
RESULT: {"using":"xpath","value":"//*[@id=\"__item461\"]"}
COMMAND: POST /session/d1a395b1624be07bc117af6a930c8232/element/f.AB5CB7F68D9467DB6E6600E6EA1FB744.d.AD7C1B3940DFCC6DE7B3B106BB420E29.e.8197/click - {}
RESULT: {}
RESULT: undefined
COMMAND: POST /session/d1a395b1624be07bc117af6a930c8232/execute/async - {"script":"<script> [776 bytes]","args":[{"enterText":"WdIOPersonnel0fm4tk","selector":{"id":"application-manageresources-display-component---newResourceUnit--SHORT_TEXT","interaction":{"idSuffix":"inner"}},"clearTextFirst":true,"interactionType":"ENTER_TEXT"}]}
COMMAND: GET /session/d1a395b1624be07bc117af6a930c8232/screenshot - {}
RESULT: {"script":"<script> [776 bytes]","args":[{"enterText":"WdIOPersonnel0fm4tk","selector":{"id":"application-manageresources-display-component---newResourceUnit--SHORT_TEXT","interaction":{"idSuffix":"inner"}},"clearTextFirst":true,"interactionType":"ENTER_TEXT"}]}
COMMAND: POST /session/d1a395b1624be07bc117af6a930c8232/element - {"using":"xpath","value":"//bdi[contains(text(), \"Material\")]"}
RESULT: {}
RESULT: {"using":"xpath","value":"//bdi[contains(text(), \"Material\")]"}
COMMAND: POST /session/d1a395b1624be07bc117af6a930c8232/element - {"using":"xpath","value":"//bdi[contains(text(), \"Material\")]"}
RESULT: {"using":"xpath","value":"//bdi[contains(text(), \"Material\")]"}
COMMAND: POST /session/d1a395b1624be07bc117af6a930c8232/execute/async - {"script":"<script> [1562 bytes]","args":[{"selector":{"id":"application-manageresources-display-component---newResourceUnit--BASE_UNIT_OF_MEASURE-arrow"},"wdio_ui5_key":"applicationmanageresources-display-component---newResourceUnit--BASE_UNIT_OF_MEASURE-arrow"}]}
RESULT: {"script":"<script> [1562 bytes]","args":[{"selector":{"id":"application-manageresources-display-component---newResourceUnit--BASE_UNIT_OF_MEASURE-arrow"},"wdio_ui5_key":"applicationmanageresources-display-component---newResourceUnit--BASE_UNIT_OF_MEASURE-arrow"}]}
RESULT: undefined
COMMAND: POST /session/d1a395b1624be07bc117af6a930c8232/element - {"using":"xpath","value":"//*[@id=\"application-manageresources-display-component---newResourceUnit--BASE_UNIT_OF_MEASURE-arrow\"]"}
RESULT: {"using":"xpath","value":"//*[@id=\"application-manageresources-display-component---newResourceUnit--BASE_UNIT_OF_MEASURE-arrow\"]"}
COMMAND: POST /session/d1a395b1624be07bc117af6a930c8232/element/f.AB5CB7F68D9467DB6E6600E6EA1FB744.d.AD7C1B3940DFCC6DE7B3B106BB420E29.e.8239/click - {}
RESULT: {}
COMMAND: POST /session/d1a395b1624be07bc117af6a930c8232/execute/async - {"script":"<script> [1562 bytes]","args":[{"selector":{"controlType":"sap.m.StandardListItem","viewName":"reusables.view.manageresources.NewResourceUnit","viewId":"application-manageresources-display-component---newResourceUnit","properties":{"title":"Percent"},"searchOpenDialogs":true,"interaction":{"idSuffix":"titleText"}},"wdio_ui5_key":"reusablesview.manageresources.NewResourceUnitsap.m.StandardListItem{\"title\":\"Percent\"}"}]}
COMMAND: GET /session/d1a395b1624be07bc117af6a930c8232/screenshot - {}
RESULT: {"script":"<script> [1562 bytes]","args":[{"selector":{"controlType":"sap.m.StandardListItem","viewName":"reusables.view.manageresources.NewResourceUnit","viewId":"application-manageresources-display-component---newResourceUnit","properties":{"title":"Percent"},"searchOpenDialogs":true,"interaction":{"idSuffix":"titleText"}},"wdio_ui5_key":"reusablesview.manageresources.NewResourceUnitsap.m.StandardListItem{\"title\":\"Percent\"}"}]}
RESULT: undefined
COMMAND: POST /session/d1a395b1624be07bc117af6a930c8232/element - {"using":"xpath","value":"//*[@id=\"__item483\"]"}
RESULT: {}
RESULT: {"using":"xpath","value":"//*[@id=\"__item483\"]"}
COMMAND: POST /session/d1a395b1624be07bc117af6a930c8232/element/f.AB5CB7F68D9467DB6E6600E6EA1FB744.d.AD7C1B3940DFCC6DE7B3B106BB420E29.e.8241/click - {}
RESULT: {}
COMMAND: POST /session/d1a395b1624be07bc117af6a930c8232/execute/async - {"script":"<script> [1562 bytes]","args":[{"selector":{"id":"application-manageresources-display-component---newResourceUnit--PLANNING_GROUP-arrow"},"wdio_ui5_key":"applicationmanageresources-display-component---newResourceUnit--PLANNING_GROUP-arrow"}]}
COMMAND: GET /session/d1a395b1624be07bc117af6a930c8232/screenshot - {}
RESULT: {"script":"<script> [1562 bytes]","args":[{"selector":{"id":"application-manageresources-display-component---newResourceUnit--PLANNING_GROUP-arrow"},"wdio_ui5_key":"applicationmanageresources-display-component---newResourceUnit--PLANNING_GROUP-arrow"}]}
RESULT: undefined
COMMAND: POST /session/d1a395b1624be07bc117af6a930c8232/element - {"using":"xpath","value":"//*[@id=\"application-manageresources-display-component---newResourceUnit--PLANNING_GROUP-arrow\"]"}
RESULT: {}
RESULT: {"using":"xpath","value":"//*[@id=\"application-manageresources-display-component---newResourceUnit--PLANNING_GROUP-arrow\"]"}
COMMAND: POST /session/d1a395b1624be07bc117af6a930c8232/element/f.AB5CB7F68D9467DB6E6600E6EA1FB744.d.AD7C1B3940DFCC6DE7B3B106BB420E29.e.8242/click - {}
RESULT: {}
COMMAND: GET /session/d1a395b1624be07bc117af6a930c8232/screenshot - {}
RESULT: {}
COMMAND: POST /session/d1a395b1624be07bc117af6a930c8232/execute/async - {"script":"<script> [1562 bytes]","args":[{"selector":{"controlType":"sap.m.StandardListItem","viewName":"reusables.view.manageresources.NewResourceUnit","viewId":"application-manageresources-display-component---newResourceUnit","properties":{"title":"Operating personnel"},"searchOpenDialogs":true,"interaction":{"idSuffix":"titleText"}},"wdio_ui5_key":"reusablesview.manageresources.NewResourceUnitsap.m.StandardListItem{\"title\":\"Operating personnel\"}"}]}
RESULT: {"script":"<script> [1562 bytes]","args":[{"selector":{"controlType":"sap.m.StandardListItem","viewName":"reusables.view.manageresources.NewResourceUnit","viewId":"application-manageresources-display-component---newResourceUnit","properties":{"title":"Operating personnel"},"searchOpenDialogs":true,"interaction":{"idSuffix":"titleText"}},"wdio_ui5_key":"reusablesview.manageresources.NewResourceUnitsap.m.StandardListItem{\"title\":\"Operating personnel\"}"}]}
RESULT: undefined
COMMAND: POST /session/d1a395b1624be07bc117af6a930c8232/element - {"using":"xpath","value":"//*[@id=\"__item492\"]"}
RESULT: {"using":"xpath","value":"//*[@id=\"__item492\"]"}
COMMAND: POST /session/d1a395b1624be07bc117af6a930c8232/element/f.AB5CB7F68D9467DB6E6600E6EA1FB744.d.AD7C1B3940DFCC6DE7B3B106BB420E29.e.8244/click - {}
RESULT: {}
COMMAND: GET /session/d1a395b1624be07bc117af6a930c8232/screenshot - {}
RESULT: {}
COMMAND: POST /session/d1a395b1624be07bc117af6a930c8232/element - {"using":"xpath","value":"//bdi[contains(text(), \"Time Segment\")]"}
RESULT: {"using":"xpath","value":"//bdi[contains(text(), \"Time Segment\")]"}
COMMAND: GET /session/d1a395b1624be07bc117af6a930c8232/element/f.AB5CB7F68D9467DB6E6600E6EA1FB744.d.AD7C1B3940DFCC6DE7B3B106BB420E29.e.8245/rect - {}
RESULT: {}
COMMAND: GET /session/d1a395b1624be07bc117af6a930c8232/window/rect - {}
RESULT: {}
COMMAND: POST /session/d1a395b1624be07bc117af6a930c8232/execute/sync - {"script":"<script> [92 bytes]","args":[]}
RESULT: {"script":"<script> [92 bytes]","args":[]}
COMMAND: POST /session/d1a395b1624be07bc117af6a930c8232/actions - {"actions":[{"id":"action23","type":"wheel","parameters":{},"actions":[{"type":"scroll","x":-1820,"y":804,"deltaX":0,"deltaY":0,"duration":0,"origin":{"element-6066-11e4-a52e-4f735466cecf":"f.AB5CB7F68D9467DB6E6600E6EA1FB744.d.AD7C1B3940DFCC6DE7B3B106BB420E29.e.8245"}}]}]}
COMMAND: GET /session/d1a395b1624be07bc117af6a930c8232/screenshot - {}
RESULT: {}
COMMAND: POST /session/d1a395b1624be07bc117af6a930c8232/execute/sync - {"script":"<script> [79 bytes]","args":[{"element-6066-11e4-a52e-4f735466cecf":"f.AB5CB7F68D9467DB6E6600E6EA1FB744.d.AD7C1B3940DFCC6DE7B3B106BB420E29.e.8245","ELEMENT":"f.AB5CB7F68D9467DB6E6600E6EA1FB744.d.AD7C1B3940DFCC6DE7B3B106BB420E29.e.8245"},{"block":"start","inline":"nearest"}]}
RESULT: {"script":"<script> [79 bytes]","args":[{"element-6066-11e4-a52e-4f735466cecf":"f.AB5CB7F68D9467DB6E6600E6EA1FB744.d.AD7C1B3940DFCC6DE7B3B106BB420E29.e.8245","ELEMENT":"f.AB5CB7F68D9467DB6E6600E6EA1FB744.d.AD7C1B3940DFCC6DE7B3B106BB420E29.e.8245"},{"block":"start","inline":"nearest"}]}
COMMAND: GET /session/d1a395b1624be07bc117af6a930c8232/screenshot - {}
RESULT: {}
COMMAND: POST /session/d1a395b1624be07bc117af6a930c8232/element - {"using":"xpath","value":"//span[@id=\"application-manageresources-display-component---newResourceUnit--btnAddTimeSegment-img\"]"}
RESULT: {"using":"xpath","value":"//span[@id=\"application-manageresources-display-component---newResourceUnit--btnAddTimeSegment-img\"]"}
COMMAND: POST /session/d1a395b1624be07bc117af6a930c8232/execute/sync - {"script":"<script> [8489 bytes]","args":[{"element-6066-11e4-a52e-4f735466cecf":"f.AB5CB7F68D9467DB6E6600E6EA1FB744.d.AD7C1B3940DFCC6DE7B3B106BB420E29.e.8250","ELEMENT":"f.AB5CB7F68D9467DB6E6600E6EA1FB744.d.AD7C1B3940DFCC6DE7B3B106BB420E29.e.8250"}]}
RESULT: {"script":"<script> [8489 bytes]","args":[{"element-6066-11e4-a52e-4f735466cecf":"f.AB5CB7F68D9467DB6E6600E6EA1FB744.d.AD7C1B3940DFCC6DE7B3B106BB420E29.e.8250","ELEMENT":"f.AB5CB7F68D9467DB6E6600E6EA1FB744.d.AD7C1B3940DFCC6DE7B3B106BB420E29.e.8250"}]}
COMMAND: POST /session/d1a395b1624be07bc117af6a930c8232/element/f.AB5CB7F68D9467DB6E6600E6EA1FB744.d.AD7C1B3940DFCC6DE7B3B106BB420E29.e.8250/click - {}
COMMAND: GET /session/d1a395b1624be07bc117af6a930c8232/screenshot - {}
RESULT: {}
COMMAND: GET /session/d1a395b1624be07bc117af6a930c8232/screenshot - {}
RESULT: {}
RESULT: {}
COMMAND: POST /session/d1a395b1624be07bc117af6a930c8232/element - {"using":"xpath","value":"//input[@id=\"application-manageresources-display-component---newResourceUnit--idRuTSAdmin-application-manageresources-display-component---newResourceUnit--RUTimeSegment-0-inner\"]"}
RESULT: {"using":"xpath","value":"//input[@id=\"application-manageresources-display-component---newResourceUnit--idRuTSAdmin-application-manageresources-display-component---newResourceUnit--RUTimeSegment-0-inner\"]"}
COMMAND: POST /session/d1a395b1624be07bc117af6a930c8232/element/f.AB5CB7F68D9467DB6E6600E6EA1FB744.d.AD7C1B3940DFCC6DE7B3B106BB420E29.e.8253/clear - {}
RESULT: {}
COMMAND: POST /session/d1a395b1624be07bc117af6a930c8232/element/f.AB5CB7F68D9467DB6E6600E6EA1FB744.d.AD7C1B3940DFCC6DE7B3B106BB420E29.e.8253/value - {"text":"webdriveryard"}
COMMAND: GET /session/d1a395b1624be07bc117af6a930c8232/screenshot - {}
RESULT: {"text":"webdriveryard"}
COMMAND: GET /session/d1a395b1624be07bc117af6a930c8232/screenshot - {}
RESULT: {}
RESULT: {}
COMMAND: POST /session/d1a395b1624be07bc117af6a930c8232/actions - {"actions":[{"id":"action24","type":"key","parameters":{},"actions":[{"type":"keyDown","value":"î€‡"},{"type":"pause","duration":10},{"type":"keyUp","value":"î€‡"}]}]}
RESULT: {"actions":[{"id":"action24","type":"key","parameters":{},"actions":[{"type":"keyDown","value":"î€‡"},{"type":"pause","duration":10},{"type":"keyUp","value":"î€‡"}]}]}
COMMAND: GET /session/d1a395b1624be07bc117af6a930c8232/screenshot - {}
RESULT: {}
COMMAND: POST /session/d1a395b1624be07bc117af6a930c8232/element - {"using":"xpath","value":"//input[contains(@id, \"application-manageresources-display-component---newResourceUnit--newControlDataDateRangePicker-inner\")]"}
RESULT: {"using":"xpath","value":"//input[contains(@id, \"application-manageresources-display-component---newResourceUnit--newControlDataDateRangePicker-inner\")]"}
COMMAND: POST /session/d1a395b1624be07bc117af6a930c8232/element/f.AB5CB7F68D9467DB6E6600E6EA1FB744.d.AD7C1B3940DFCC6DE7B3B106BB420E29.e.8227/clear - {}
RESULT: {}
COMMAND: POST /session/d1a395b1624be07bc117af6a930c8232/element/f.AB5CB7F68D9467DB6E6600E6EA1FB744.d.AD7C1B3940DFCC6DE7B3B106BB420E29.e.8227/value - {"text":"12/17/26 - 2/18/27"}
COMMAND: GET /session/d1a395b1624be07bc117af6a930c8232/screenshot - {}
RESULT: {"text":"12/17/26 - 2/18/27"}
COMMAND: POST /session/d1a395b1624be07bc117af6a930c8232/element - {"using":"xpath","value":"//bdi[contains(@id, \"application-manageresources-display-component---newResourceUnit--createRuButton-BDI-content\")]"}
COMMAND: GET /session/d1a395b1624be07bc117af6a930c8232/screenshot - {}
RESULT: {}
RESULT: {"using":"xpath","value":"//bdi[contains(@id, \"application-manageresources-display-component---newResourceUnit--createRuButton-BDI-content\")]"}
COMMAND: POST /session/d1a395b1624be07bc117af6a930c8232/element/f.AB5CB7F68D9467DB6E6600E6EA1FB744.d.AD7C1B3940DFCC6DE7B3B106BB420E29.e.8266/click - {}
RESULT: {}
RESULT: {}
COMMAND: GET /session/d1a395b1624be07bc117af6a930c8232/screenshot - {}
RESULT: {}
COMMAND: POST /session/d1a395b1624be07bc117af6a930c8232/actions - {"actions":[{"id":"action25","type":"key","parameters":{},"actions":[{"type":"keyDown","value":"î€‡"},{"type":"pause","duration":10},{"type":"keyUp","value":"î€‡"}]}]}
RESULT: {"actions":[{"id":"action25","type":"key","parameters":{},"actions":[{"type":"keyDown","value":"î€‡"},{"type":"pause","duration":10},{"type":"keyUp","value":"î€‡"}]}]}
COMMAND: GET /session/d1a395b1624be07bc117af6a930c8232/screenshot - {}
RESULT: {}
]]></system-out>
    </testcase>
    <testcase classname="chrome.135_0_7049_96.windows.Personnel_creation_and_reference_material_verification__US120163" name="Should verify if the reference material is visible in edit and detail mode" time="15.62">
      <system-out><![CDATA[
COMMAND: POST /session/d1a395b1624be07bc117af6a930c8232/element - {"using":"xpath","value":"//bdi[contains(text(), \"Edit\")]"}
RESULT: {"using":"xpath","value":"//bdi[contains(text(), \"Edit\")]"}
COMMAND: POST /session/d1a395b1624be07bc117af6a930c8232/element/f.AB5CB7F68D9467DB6E6600E6EA1FB744.d.AD7C1B3940DFCC6DE7B3B106BB420E29.e.8291/click - {}
RESULT: {}
COMMAND: GET /session/d1a395b1624be07bc117af6a930c8232/screenshot - {}
RESULT: {}
COMMAND: POST /session/d1a395b1624be07bc117af6a930c8232/element - {"using":"xpath","value":"//bdi[contains(text(), \"Material\")]"}
RESULT: {"using":"xpath","value":"//bdi[contains(text(), \"Material\")]"}
COMMAND: POST /session/d1a395b1624be07bc117af6a930c8232/element - {"using":"xpath","value":"//bdi[contains(text(), \"Material\")]"}
RESULT: {"using":"xpath","value":"//bdi[contains(text(), \"Material\")]"}
COMMAND: POST /session/d1a395b1624be07bc117af6a930c8232/element - {"using":"xpath","value":"(//bdi[contains(text(), \"Save\")])[2]"}
RESULT: {"using":"xpath","value":"(//bdi[contains(text(), \"Save\")])[2]"}
COMMAND: POST /session/d1a395b1624be07bc117af6a930c8232/element/f.AB5CB7F68D9467DB6E6600E6EA1FB744.d.AD7C1B3940DFCC6DE7B3B106BB420E29.e.8343/click - {}
RESULT: {}
COMMAND: GET /session/d1a395b1624be07bc117af6a930c8232/screenshot - {}
RESULT: {}
COMMAND: POST /session/d1a395b1624be07bc117af6a930c8232/element - {"using":"css selector","value":"#j_username"}
COMMAND: POST /session/d1a395b1624be07bc117af6a930c8232/url - {"url":"https://qa-testing-00-live-etm-ui.cfapps.eu10-004.hana.ondemand.com/"}
RESULT: {"using":"css selector","value":"#j_username"}
COMMAND: POST /session/d1a395b1624be07bc117af6a930c8232/element - {"using":"css selector","value":"#j_username"}
RESULT: {"url":"https://qa-testing-00-live-etm-ui.cfapps.eu10-004.hana.ondemand.com/"}
RESULT: undefined
COMMAND: GET /session/d1a395b1624be07bc117af6a930c8232/screenshot - {}
RESULT: {"using":"css selector","value":"#j_username"}
COMMAND: POST /session/d1a395b1624be07bc117af6a930c8232/element - {"using":"css selector","value":"#shell-header-logo"}
RESULT: {}
RESULT: {"using":"css selector","value":"#shell-header-logo"}
COMMAND: POST /session/d1a395b1624be07bc117af6a930c8232/execute/sync - {"script":"<script> [8489 bytes]","args":[{"element-6066-11e4-a52e-4f735466cecf":"f.AB5CB7F68D9467DB6E6600E6EA1FB744.d.64BFE7A1C5167F178822C49FC25F4807.e.8364","ELEMENT":"f.AB5CB7F68D9467DB6E6600E6EA1FB744.d.64BFE7A1C5167F178822C49FC25F4807.e.8364"}]}
RESULT: {"script":"<script> [8489 bytes]","args":[{"element-6066-11e4-a52e-4f735466cecf":"f.AB5CB7F68D9467DB6E6600E6EA1FB744.d.64BFE7A1C5167F178822C49FC25F4807.e.8364","ELEMENT":"f.AB5CB7F68D9467DB6E6600E6EA1FB744.d.64BFE7A1C5167F178822C49FC25F4807.e.8364"}]}
COMMAND: POST /session/d1a395b1624be07bc117af6a930c8232/element - {"using":"css selector","value":"#shell-header-logo"}
COMMAND: GET /session/d1a395b1624be07bc117af6a930c8232/screenshot - {}
RESULT: {"using":"css selector","value":"#shell-header-logo"}
COMMAND: POST /session/d1a395b1624be07bc117af6a930c8232/execute/sync - {"script":"<script> [8489 bytes]","args":[{"element-6066-11e4-a52e-4f735466cecf":"f.AB5CB7F68D9467DB6E6600E6EA1FB744.d.64BFE7A1C5167F178822C49FC25F4807.e.8364","ELEMENT":"f.AB5CB7F68D9467DB6E6600E6EA1FB744.d.64BFE7A1C5167F178822C49FC25F4807.e.8364"}]}
RESULT: {}
RESULT: {"script":"<script> [8489 bytes]","args":[{"element-6066-11e4-a52e-4f735466cecf":"f.AB5CB7F68D9467DB6E6600E6EA1FB744.d.64BFE7A1C5167F178822C49FC25F4807.e.8364","ELEMENT":"f.AB5CB7F68D9467DB6E6600E6EA1FB744.d.64BFE7A1C5167F178822C49FC25F4807.e.8364"}]}
COMMAND: POST /session/d1a395b1624be07bc117af6a930c8232/execute/sync - {"script":"<script> [5351 bytes]","args":[{"element-6066-11e4-a52e-4f735466cecf":"f.AB5CB7F68D9467DB6E6600E6EA1FB744.d.64BFE7A1C5167F178822C49FC25F4807.e.8364","ELEMENT":"f.AB5CB7F68D9467DB6E6600E6EA1FB744.d.64BFE7A1C5167F178822C49FC25F4807.e.8364"}]}
COMMAND: GET /session/d1a395b1624be07bc117af6a930c8232/screenshot - {}
RESULT: {"script":"<script> [5351 bytes]","args":[{"element-6066-11e4-a52e-4f735466cecf":"f.AB5CB7F68D9467DB6E6600E6EA1FB744.d.64BFE7A1C5167F178822C49FC25F4807.e.8364","ELEMENT":"f.AB5CB7F68D9467DB6E6600E6EA1FB744.d.64BFE7A1C5167F178822C49FC25F4807.e.8364"}]}
COMMAND: POST /session/d1a395b1624be07bc117af6a930c8232/element - {"using":"css selector","value":"#shell-header-logo"}
COMMAND: GET /session/d1a395b1624be07bc117af6a930c8232/screenshot - {}
RESULT: {}
RESULT: {"using":"css selector","value":"#shell-header-logo"}
COMMAND: POST /session/d1a395b1624be07bc117af6a930c8232/element/f.AB5CB7F68D9467DB6E6600E6EA1FB744.d.64BFE7A1C5167F178822C49FC25F4807.e.8364/click - {}
RESULT: {}
RESULT: {}
COMMAND: GET /session/d1a395b1624be07bc117af6a930c8232/screenshot - {}
RESULT: {}
COMMAND: POST /session/d1a395b1624be07bc117af6a930c8232/execute/async - {"script":"<script> [189 bytes]","args":[]}
RESULT: {"script":"<script> [189 bytes]","args":[]}
COMMAND: POST /session/d1a395b1624be07bc117af6a930c8232/execute/async - {"script":"<script> [123 bytes]","args":[]}
RESULT: {"script":"<script> [123 bytes]","args":[]}
COMMAND: POST /session/d1a395b1624be07bc117af6a930c8232/timeouts - {"script":"<number>"}
RESULT: {"script":"<number>"}
COMMAND: GET /session/d1a395b1624be07bc117af6a930c8232/timeouts - {}
RESULT: {}
RESULT: undefined
COMMAND: POST /session/d1a395b1624be07bc117af6a930c8232/execute/async - {"script":"<script> [2676 bytes]","args":[]}
RESULT: {"script":"<script> [2676 bytes]","args":[]}
COMMAND: POST /session/d1a395b1624be07bc117af6a930c8232/execute/async - {"script":"<script> [2342 bytes]","args":[{"protocol":"http","hostname":"0.0.0.0","path":"/","capabilities":{"browserName":"chrome","goog:chromeOptions":{"binary":"C:\\Program Files\\Google\\Chrome\\Application\\chrome.exe","args":["--start-maximized"]}},"logLevel":"warn","connectionRetryTimeout":120000,"connectionRetryCount":3,"logLevels":{},"enableDirectConnect":true,"strictSSL":true,"_":"65 more keys: [\"cacheDir\",\"port\",\"requestedCapabilities\",\"automationProtocol\",\"baseUrl\",\"waitforInterval\",\"waitforTimeout\",\"onReload\",\"beforeCommand\",\"afterCommand\",\"rootDir\",\"specs\",\"suites\",\"exclude\",\"groupLogsByTestSpec\",\"excludeDriverLogs\",\"bail\",\"framework\",\"reporters\",\"services\",\"maxInstances\",\"maxInstancesPerCapability\",\"injectGlobals\",\"filesToWatch\",\"execArgv\",\"runnerEnv\",\"runner\",\"shard\",\"specFileRetries\",\"specFileRetriesDelay\",\"specFileRetriesDeferred\",\"reporterSyncInterval\",\"reporterSyncTimeout\",\"cucumberFeaturesWithLineNumbers\",\"autoCompileOpts\",\"mochaOpts\",\"jasmineOpts\",\"cucumberOpts\",\"onPrepare\",\"onWorkerStart\",\"onWorkerEnd\",\"before\",\"beforeSession\",\"beforeSuite\",\"beforeHook\",\"beforeTest\",\"afterTest\",\"afterHook\",\"afterSuite\",\"afterSession\",\"after\",\"onComplete\",\"beforeAssertion\",\"afterAssertion\",\"beforeFeature\",\"beforeScenario\",\"beforeStep\",\"afterStep\",\"afterScenario\",\"afterFeature\",\"_\",\"suite\",\"$0\",\"ignoredWorkerServices\",\"wdi5\"]"}]}
RESULT: {"script":"<script> [2342 bytes]","args":[{"protocol":"http","hostname":"0.0.0.0","path":"/","capabilities":{"browserName":"chrome","goog:chromeOptions":{"binary":"C:\\Program Files\\Google\\Chrome\\Application\\chrome.exe","args":["--start-maximized"]}},"logLevel":"warn","connectionRetryTimeout":120000,"connectionRetryCount":3,"logLevels":{},"enableDirectConnect":true,"strictSSL":true,"_":"65 more keys: [\"cacheDir\",\"port\",\"requestedCapabilities\",\"automationProtocol\",\"baseUrl\",\"waitforInterval\",\"waitforTimeout\",\"onReload\",\"beforeCommand\",\"afterCommand\",\"rootDir\",\"specs\",\"suites\",\"exclude\",\"groupLogsByTestSpec\",\"excludeDriverLogs\",\"bail\",\"framework\",\"reporters\",\"services\",\"maxInstances\",\"maxInstancesPerCapability\",\"injectGlobals\",\"filesToWatch\",\"execArgv\",\"runnerEnv\",\"runner\",\"shard\",\"specFileRetries\",\"specFileRetriesDelay\",\"specFileRetriesDeferred\",\"reporterSyncInterval\",\"reporterSyncTimeout\",\"cucumberFeaturesWithLineNumbers\",\"autoCompileOpts\",\"mochaOpts\",\"jasmineOpts\",\"cucumberOpts\",\"onPrepare\",\"onWorkerStart\",\"onWorkerEnd\",\"before\",\"beforeSession\",\"beforeSuite\",\"beforeHook\",\"beforeTest\",\"afterTest\",\"afterHook\",\"afterSuite\",\"afterSession\",\"after\",\"onComplete\",\"beforeAssertion\",\"afterAssertion\",\"beforeFeature\",\"beforeScenario\",\"beforeStep\",\"afterStep\",\"afterScenario\",\"afterFeature\",\"_\",\"suite\",\"$0\",\"ignoredWorkerServices\",\"wdi5\"]"}]}
COMMAND: POST /session/d1a395b1624be07bc117af6a930c8232/execute/async - {"script":"<script> [21126 bytes]","args":[35000]}
RESULT: {"script":"<script> [21126 bytes]","args":[35000]}
COMMAND: POST /session/d1a395b1624be07bc117af6a930c8232/window/maximize - {}
RESULT: {}
COMMAND: POST /session/d1a395b1624be07bc117af6a930c8232/execute/async - {"script":"<script> [1562 bytes]","args":[{"selector":{"id":"shell-header","interaction":{"idSuffix":"icon"}},"wdio_ui5_key":"shellheader"}]}
COMMAND: GET /session/d1a395b1624be07bc117af6a930c8232/screenshot - {}
RESULT: {"script":"<script> [1562 bytes]","args":[{"selector":{"id":"shell-header","interaction":{"idSuffix":"icon"}},"wdio_ui5_key":"shellheader"}]}
RESULT: undefined
RESULT: {}
]]></system-out>
    </testcase>
  </testsuite>
  <testsuite timestamp="2025-04-25T15:46:16" time="430.195" tests="5" failures="0" errors="0" skipped="0">
    <properties>
      <property name="specId" value="0" />
      <property name="suiteName" value="Warehouse movements inventory test" />
      <property name="capabilities" value="chrome.135_0_7049_96.windows" />
      <property name="file" value="file:///D:/a/1/s/test/specs/R2C/create-resource.spec.js" />
    </properties>
    <testcase classname="chrome.135_0_7049_96.windows.Warehouse_movements_inventory_test" name="Should create a new WHM yard" time="125.233">
      <system-out><![CDATA[
COMMAND: POST /session/d1a395b1624be07bc117af6a930c8232/execute/async - {"script":"<script> [1562 bytes]","args":[{"selector":{"controlType":"sap.m.GenericTile","properties":{"header":"Manage Yards"}},"wdio_ui5_key":"sapm.GenericTile{\"header\":\"Manage Yards\"}"}]}
RESULT: {"script":"<script> [1562 bytes]","args":[{"selector":{"controlType":"sap.m.GenericTile","properties":{"header":"Manage Yards"}},"wdio_ui5_key":"sapm.GenericTile{\"header\":\"Manage Yards\"}"}]}
RESULT: undefined
COMMAND: POST /session/d1a395b1624be07bc117af6a930c8232/element - {"using":"xpath","value":"//*[@id=\"__tile41\"]"}
RESULT: {"using":"xpath","value":"//*[@id=\"__tile41\"]"}
COMMAND: POST /session/d1a395b1624be07bc117af6a930c8232/element/f.AB5CB7F68D9467DB6E6600E6EA1FB744.d.64BFE7A1C5167F178822C49FC25F4807.e.8378/click - {}
RESULT: {}
COMMAND: GET /session/d1a395b1624be07bc117af6a930c8232/screenshot - {}
RESULT: {}
COMMAND: POST /session/d1a395b1624be07bc117af6a930c8232/execute/async - {"script":"<script> [1562 bytes]","args":[{"selector":{"controlType":"sap.ui.core.Icon","viewName":"etm.portal.ui.manageyards.view.Master","viewId":"application-manageyards-display-component---masterYard","properties":{"src":{"regex":{"source":"add"}}}},"wdio_ui5_key":"etmportal.ui.manageyards.view.Mastersap.ui.core.Icon{\"src\":{\"regex\":{\"source\":\"add\"}}}"}]}
RESULT: {"script":"<script> [1562 bytes]","args":[{"selector":{"controlType":"sap.ui.core.Icon","viewName":"etm.portal.ui.manageyards.view.Master","viewId":"application-manageyards-display-component---masterYard","properties":{"src":{"regex":{"source":"add"}}}},"wdio_ui5_key":"etmportal.ui.manageyards.view.Mastersap.ui.core.Icon{\"src\":{\"regex\":{\"source\":\"add\"}}}"}]}
RESULT: undefined
COMMAND: POST /session/d1a395b1624be07bc117af6a930c8232/element - {"using":"xpath","value":"//*[@id=\"__button4-img\"]"}
RESULT: {"using":"xpath","value":"//*[@id=\"__button4-img\"]"}
COMMAND: POST /session/d1a395b1624be07bc117af6a930c8232/element/f.AB5CB7F68D9467DB6E6600E6EA1FB744.d.64BFE7A1C5167F178822C49FC25F4807.e.8424/click - {}
RESULT: {}
COMMAND: GET /session/d1a395b1624be07bc117af6a930c8232/screenshot - {}
RESULT: {}
COMMAND: POST /session/d1a395b1624be07bc117af6a930c8232/execute/async - {"script":"<script> [1562 bytes]","args":[{"selector":{"id":"application-manageyards-display-component---NewYard--yardId","interaction":{"idSuffix":"inner"}},"wdio_ui5_key":"applicationmanageyards-display-component---NewYard--yardId"}]}
RESULT: {"script":"<script> [1562 bytes]","args":[{"selector":{"id":"application-manageyards-display-component---NewYard--yardId","interaction":{"idSuffix":"inner"}},"wdio_ui5_key":"applicationmanageyards-display-component---NewYard--yardId"}]}
RESULT: undefined
COMMAND: POST /session/d1a395b1624be07bc117af6a930c8232/element - {"using":"xpath","value":"//*[@id=\"application-manageyards-display-component---NewYard--addressDetailDetailsName1-inner\"]"}
RESULT: {"using":"xpath","value":"//*[@id=\"application-manageyards-display-component---NewYard--addressDetailDetailsName1-inner\"]"}
COMMAND: POST /session/d1a395b1624be07bc117af6a930c8232/element/f.AB5CB7F68D9467DB6E6600E6EA1FB744.d.64BFE7A1C5167F178822C49FC25F4807.e.8636/clear - {}
RESULT: {}
COMMAND: POST /session/d1a395b1624be07bc117af6a930c8232/element/f.AB5CB7F68D9467DB6E6600E6EA1FB744.d.64BFE7A1C5167F178822C49FC25F4807.e.8636/value - {"text":"WebdriverWHMYardo49le"}
COMMAND: GET /session/d1a395b1624be07bc117af6a930c8232/screenshot - {}
RESULT: {"text":"WebdriverWHMYardo49le"}
COMMAND: POST /session/d1a395b1624be07bc117af6a930c8232/element - {"using":"xpath","value":"//*[@id=\"application-manageyards-display-component---NewYard--addressDetailDetailsLanguage-inner\"]"}
COMMAND: GET /session/d1a395b1624be07bc117af6a930c8232/screenshot - {}
RESULT: {}
RESULT: {"using":"xpath","value":"//*[@id=\"application-manageyards-display-component---NewYard--addressDetailDetailsLanguage-inner\"]"}
COMMAND: POST /session/d1a395b1624be07bc117af6a930c8232/element/f.AB5CB7F68D9467DB6E6600E6EA1FB744.d.64BFE7A1C5167F178822C49FC25F4807.e.8637/clear - {}
RESULT: {}
RESULT: {}
COMMAND: POST /session/d1a395b1624be07bc117af6a930c8232/element/f.AB5CB7F68D9467DB6E6600E6EA1FB744.d.64BFE7A1C5167F178822C49FC25F4807.e.8637/value - {"text":"Romanian"}
COMMAND: GET /session/d1a395b1624be07bc117af6a930c8232/screenshot - {}
RESULT: {"text":"Romanian"}
COMMAND: POST /session/d1a395b1624be07bc117af6a930c8232/element - {"using":"xpath","value":"//input[contains(@id ,\"application-manageyards-display-component---NewYard--addressDetailDetailsName1-inner\")]"}
COMMAND: GET /session/d1a395b1624be07bc117af6a930c8232/screenshot - {}
RESULT: {}
RESULT: {"using":"xpath","value":"//input[contains(@id ,\"application-manageyards-display-component---NewYard--addressDetailDetailsName1-inner\")]"}
COMMAND: GET /session/d1a395b1624be07bc117af6a930c8232/element/f.AB5CB7F68D9467DB6E6600E6EA1FB744.d.64BFE7A1C5167F178822C49FC25F4807.e.8636/property/value - {}
RESULT: {}
RESULT: {}
COMMAND: GET /session/d1a395b1624be07bc117af6a930c8232/screenshot - {}
RESULT: {}
COMMAND: POST /session/d1a395b1624be07bc117af6a930c8232/element - {"using":"xpath","value":"//*[@id=\"application-manageyards-display-component---NewYard--addressDetailDetailsCity1-inner\"]"}
RESULT: {"using":"xpath","value":"//*[@id=\"application-manageyards-display-component---NewYard--addressDetailDetailsCity1-inner\"]"}
COMMAND: POST /session/d1a395b1624be07bc117af6a930c8232/element/f.AB5CB7F68D9467DB6E6600E6EA1FB744.d.64BFE7A1C5167F178822C49FC25F4807.e.8639/clear - {}
RESULT: {}
COMMAND: POST /session/d1a395b1624be07bc117af6a930c8232/element/f.AB5CB7F68D9467DB6E6600E6EA1FB744.d.64BFE7A1C5167F178822C49FC25F4807.e.8639/value - {"text":"Bucuresti"}
COMMAND: GET /session/d1a395b1624be07bc117af6a930c8232/screenshot - {}
RESULT: {"text":"Bucuresti"}
COMMAND: GET /session/d1a395b1624be07bc117af6a930c8232/screenshot - {}
RESULT: {}
RESULT: {}
COMMAND: POST /session/d1a395b1624be07bc117af6a930c8232/element - {"using":"xpath","value":"//*[@id=\"application-manageyards-display-component---NewYard--addressDetailDetailsCountry-inner\"]"}
RESULT: {"using":"xpath","value":"//*[@id=\"application-manageyards-display-component---NewYard--addressDetailDetailsCountry-inner\"]"}
COMMAND: POST /session/d1a395b1624be07bc117af6a930c8232/element/f.AB5CB7F68D9467DB6E6600E6EA1FB744.d.64BFE7A1C5167F178822C49FC25F4807.e.8643/clear - {}
RESULT: {}
COMMAND: POST /session/d1a395b1624be07bc117af6a930c8232/element/f.AB5CB7F68D9467DB6E6600E6EA1FB744.d.64BFE7A1C5167F178822C49FC25F4807.e.8643/value - {"text":"Romania"}
COMMAND: GET /session/d1a395b1624be07bc117af6a930c8232/screenshot - {}
RESULT: {"text":"Romania"}
COMMAND: GET /session/d1a395b1624be07bc117af6a930c8232/screenshot - {}
COMMAND: POST /session/d1a395b1624be07bc117af6a930c8232/execute/async - {"script":"<script> [1562 bytes]","args":[{"selector":{"controlType":"sap.m.Button","viewName":"etm.portal.ui.manageyards.view.New","viewId":"application-manageyards-display-component---NewYard","properties":{"text":"Commercial"},"interaction":{"idSuffix":"BDI-content"}},"wdio_ui5_key":"etmportal.ui.manageyards.view.Newsap.m.Button{\"text\":\"Commercial\"}"}]}
RESULT: {}
RESULT: {}
RESULT: {"script":"<script> [1562 bytes]","args":[{"selector":{"controlType":"sap.m.Button","viewName":"etm.portal.ui.manageyards.view.New","viewId":"application-manageyards-display-component---NewYard","properties":{"text":"Commercial"},"interaction":{"idSuffix":"BDI-content"}},"wdio_ui5_key":"etmportal.ui.manageyards.view.Newsap.m.Button{\"text\":\"Commercial\"}"}]}
RESULT: undefined
COMMAND: POST /session/d1a395b1624be07bc117af6a930c8232/element - {"using":"xpath","value":"//*[@id=\"application-manageyards-display-component---NewYard--ObjectPageLayout-anchBar-__section5-anchor\"]"}
RESULT: {"using":"xpath","value":"//*[@id=\"application-manageyards-display-component---NewYard--ObjectPageLayout-anchBar-__section5-anchor\"]"}
COMMAND: POST /session/d1a395b1624be07bc117af6a930c8232/element/f.AB5CB7F68D9467DB6E6600E6EA1FB744.d.64BFE7A1C5167F178822C49FC25F4807.e.8841/click - {}
RESULT: {}
COMMAND: GET /session/d1a395b1624be07bc117af6a930c8232/screenshot - {}
RESULT: {}
COMMAND: POST /session/d1a395b1624be07bc117af6a930c8232/element - {"using":"xpath","value":"//div[contains(text(), \"Commercial\")]"}
RESULT: {"using":"xpath","value":"//div[contains(text(), \"Commercial\")]"}
COMMAND: GET /session/d1a395b1624be07bc117af6a930c8232/element/f.AB5CB7F68D9467DB6E6600E6EA1FB744.d.64BFE7A1C5167F178822C49FC25F4807.e.8855/rect - {}
RESULT: {}
COMMAND: GET /session/d1a395b1624be07bc117af6a930c8232/window/rect - {}
RESULT: {}
COMMAND: POST /session/d1a395b1624be07bc117af6a930c8232/execute/sync - {"script":"<script> [92 bytes]","args":[]}
RESULT: {"script":"<script> [92 bytes]","args":[]}
COMMAND: POST /session/d1a395b1624be07bc117af6a930c8232/actions - {"actions":[{"id":"action26","type":"wheel","parameters":{},"actions":[{"type":"scroll","x":-1841,"y":-44,"deltaX":0,"deltaY":0,"duration":0,"origin":{"element-6066-11e4-a52e-4f735466cecf":"f.AB5CB7F68D9467DB6E6600E6EA1FB744.d.64BFE7A1C5167F178822C49FC25F4807.e.8855"}}]}]}
COMMAND: GET /session/d1a395b1624be07bc117af6a930c8232/screenshot - {}
RESULT: {}
COMMAND: POST /session/d1a395b1624be07bc117af6a930c8232/execute/sync - {"script":"<script> [79 bytes]","args":[{"element-6066-11e4-a52e-4f735466cecf":"f.AB5CB7F68D9467DB6E6600E6EA1FB744.d.64BFE7A1C5167F178822C49FC25F4807.e.8855","ELEMENT":"f.AB5CB7F68D9467DB6E6600E6EA1FB744.d.64BFE7A1C5167F178822C49FC25F4807.e.8855"},{"block":"start","inline":"nearest"}]}
RESULT: {"script":"<script> [79 bytes]","args":[{"element-6066-11e4-a52e-4f735466cecf":"f.AB5CB7F68D9467DB6E6600E6EA1FB744.d.64BFE7A1C5167F178822C49FC25F4807.e.8855","ELEMENT":"f.AB5CB7F68D9467DB6E6600E6EA1FB744.d.64BFE7A1C5167F178822C49FC25F4807.e.8855"},{"block":"start","inline":"nearest"}]}
COMMAND: GET /session/d1a395b1624be07bc117af6a930c8232/screenshot - {}
RESULT: {}
COMMAND: POST /session/d1a395b1624be07bc117af6a930c8232/execute/async - {"script":"<script> [1562 bytes]","args":[{"selector":{"id":"application-manageyards-display-component---NewYard--addressEditDetailsCostObjectCstType-arrow"},"wdio_ui5_key":"applicationmanageyards-display-component---NewYard--addressEditDetailsCostObjectCstType-arrow"}]}
RESULT: {"script":"<script> [1562 bytes]","args":[{"selector":{"id":"application-manageyards-display-component---NewYard--addressEditDetailsCostObjectCstType-arrow"},"wdio_ui5_key":"applicationmanageyards-display-component---NewYard--addressEditDetailsCostObjectCstType-arrow"}]}
RESULT: undefined
COMMAND: POST /session/d1a395b1624be07bc117af6a930c8232/element - {"using":"xpath","value":"//*[@id=\"application-manageyards-display-component---NewYard--addressEditDetailsCostObjectCstType-arrow\"]"}
RESULT: {"using":"xpath","value":"//*[@id=\"application-manageyards-display-component---NewYard--addressEditDetailsCostObjectCstType-arrow\"]"}
COMMAND: POST /session/d1a395b1624be07bc117af6a930c8232/element/f.AB5CB7F68D9467DB6E6600E6EA1FB744.d.64BFE7A1C5167F178822C49FC25F4807.e.8856/click - {}
RESULT: {}
COMMAND: POST /session/d1a395b1624be07bc117af6a930c8232/element - {"using":"xpath","value":"//span[contains(text(), \"Cost Center\")]"}
COMMAND: GET /session/d1a395b1624be07bc117af6a930c8232/screenshot - {}
RESULT: {"using":"xpath","value":"//span[contains(text(), \"Cost Center\")]"}
COMMAND: POST /session/d1a395b1624be07bc117af6a930c8232/element/f.AB5CB7F68D9467DB6E6600E6EA1FB744.d.64BFE7A1C5167F178822C49FC25F4807.e.8857/click - {}
RESULT: {}
RESULT: {}
COMMAND: GET /session/d1a395b1624be07bc117af6a930c8232/screenshot - {}
RESULT: {}
COMMAND: POST /session/d1a395b1624be07bc117af6a930c8232/execute/async - {"script":"<script> [1562 bytes]","args":[{"selector":{"id":"application-manageyards-display-component---NewYard--addressNewCostObjectCstID-vhi"},"wdio_ui5_key":"applicationmanageyards-display-component---NewYard--addressNewCostObjectCstID-vhi"}]}
RESULT: {"script":"<script> [1562 bytes]","args":[{"selector":{"id":"application-manageyards-display-component---NewYard--addressNewCostObjectCstID-vhi"},"wdio_ui5_key":"applicationmanageyards-display-component---NewYard--addressNewCostObjectCstID-vhi"}]}
RESULT: undefined
COMMAND: POST /session/d1a395b1624be07bc117af6a930c8232/element - {"using":"xpath","value":"//*[@id=\"application-manageyards-display-component---NewYard--addressNewCostObjectCstID-vhi\"]"}
RESULT: {"using":"xpath","value":"//*[@id=\"application-manageyards-display-component---NewYard--addressNewCostObjectCstID-vhi\"]"}
COMMAND: POST /session/d1a395b1624be07bc117af6a930c8232/element/f.AB5CB7F68D9467DB6E6600E6EA1FB744.d.64BFE7A1C5167F178822C49FC25F4807.e.8861/click - {}
RESULT: {}
COMMAND: GET /session/d1a395b1624be07bc117af6a930c8232/screenshot - {}
RESULT: {}
COMMAND: POST /session/d1a395b1624be07bc117af6a930c8232/execute/async - {"script":"<script> [1562 bytes]","args":[{"selector":{"controlType":"sap.m.SearchField","properties":{"placeholder":"Search"},"searchOpenDialogs":true,"interaction":{"idSuffix":"I"}},"wdio_ui5_key":"sapm.SearchField{\"placeholder\":\"Search\"}"}]}
RESULT: {"script":"<script> [1562 bytes]","args":[{"selector":{"controlType":"sap.m.SearchField","properties":{"placeholder":"Search"},"searchOpenDialogs":true,"interaction":{"idSuffix":"I"}},"wdio_ui5_key":"sapm.SearchField{\"placeholder\":\"Search\"}"}]}
RESULT: undefined
COMMAND: POST /session/d1a395b1624be07bc117af6a930c8232/execute/async - {"script":"<script> [776 bytes]","args":[{"enterText":"10001013","selector":{"controlType":"sap.m.SearchField","properties":{"placeholder":"Search"},"searchOpenDialogs":true,"interaction":{"idSuffix":"I"}},"clearTextFirst":true,"interactionType":"ENTER_TEXT"}]}
RESULT: {"script":"<script> [776 bytes]","args":[{"enterText":"10001013","selector":{"controlType":"sap.m.SearchField","properties":{"placeholder":"Search"},"searchOpenDialogs":true,"interaction":{"idSuffix":"I"}},"clearTextFirst":true,"interactionType":"ENTER_TEXT"}]}
COMMAND: POST /session/d1a395b1624be07bc117af6a930c8232/actions - {"actions":[{"id":"action27","type":"key","parameters":{},"actions":[{"type":"keyDown","value":"î€‡"},{"type":"pause","duration":10},{"type":"keyUp","value":"î€‡"}]}]}
RESULT: {"actions":[{"id":"action27","type":"key","parameters":{},"actions":[{"type":"keyDown","value":"î€‡"},{"type":"pause","duration":10},{"type":"keyUp","value":"î€‡"}]}]}
COMMAND: GET /session/d1a395b1624be07bc117af6a930c8232/screenshot - {}
RESULT: {}
COMMAND: POST /session/d1a395b1624be07bc117af6a930c8232/element - {"using":"xpath","value":"//span[contains(text(), \"General Management\")]"}
RESULT: {"using":"xpath","value":"//span[contains(text(), \"General Management\")]"}
COMMAND: POST /session/d1a395b1624be07bc117af6a930c8232/element/f.AB5CB7F68D9467DB6E6600E6EA1FB744.d.64BFE7A1C5167F178822C49FC25F4807.e.8901/click - {}
RESULT: {}
COMMAND: GET /session/d1a395b1624be07bc117af6a930c8232/screenshot - {}
RESULT: {}
COMMAND: POST /session/d1a395b1624be07bc117af6a930c8232/element - {"using":"xpath","value":"//bdi[contains(text(), \"OK\")]"}
RESULT: {"using":"xpath","value":"//bdi[contains(text(), \"OK\")]"}
COMMAND: POST /session/d1a395b1624be07bc117af6a930c8232/element/f.AB5CB7F68D9467DB6E6600E6EA1FB744.d.64BFE7A1C5167F178822C49FC25F4807.e.8902/click - {}
RESULT: {}
COMMAND: GET /session/d1a395b1624be07bc117af6a930c8232/screenshot - {}
RESULT: {}
COMMAND: POST /session/d1a395b1624be07bc117af6a930c8232/execute/async - {"script":"<script> [1562 bytes]","args":[{"selector":{"id":"application-manageyards-display-component---NewYard--addressEditDetailsCurrency","interaction":{"idSuffix":"inner"}},"wdio_ui5_key":"applicationmanageyards-display-component---NewYard--addressEditDetailsCurrency"}]}
RESULT: {"script":"<script> [1562 bytes]","args":[{"selector":{"id":"application-manageyards-display-component---NewYard--addressEditDetailsCurrency","interaction":{"idSuffix":"inner"}},"wdio_ui5_key":"applicationmanageyards-display-component---NewYard--addressEditDetailsCurrency"}]}
RESULT: undefined
COMMAND: POST /session/d1a395b1624be07bc117af6a930c8232/execute/async - {"script":"<script> [776 bytes]","args":[{"enterText":"Euro","selector":{"id":"application-manageyards-display-component---NewYard--addressEditDetailsCurrency","interaction":{"idSuffix":"inner"}},"clearTextFirst":true,"interactionType":"ENTER_TEXT"}]}
RESULT: {"script":"<script> [776 bytes]","args":[{"enterText":"Euro","selector":{"id":"application-manageyards-display-component---NewYard--addressEditDetailsCurrency","interaction":{"idSuffix":"inner"}},"clearTextFirst":true,"interactionType":"ENTER_TEXT"}]}
COMMAND: POST /session/d1a395b1624be07bc117af6a930c8232/execute/async - {"script":"<script> [1562 bytes]","args":[{"selector":{"controlType":"sap.m.Input","viewName":"etm.portal.ui.manageyards.view.New","viewId":"application-manageyards-display-component---NewYard","bindingPath":{"path":"","propertyPath":"/CONTROLLING_AREA","modelName":"NewYardModel"},"interaction":{"idSuffix":"inner"}},"wdio_ui5_key":"etmportal.ui.manageyards.view.Newsap.m.Input{\"path\":\"\",\"propertyPath\":\"/CONTROLLING_AREA\",\"modelName\":\"NewYardModel\"}"}]}
RESULT: {"script":"<script> [1562 bytes]","args":[{"selector":{"controlType":"sap.m.Input","viewName":"etm.portal.ui.manageyards.view.New","viewId":"application-manageyards-display-component---NewYard","bindingPath":{"path":"","propertyPath":"/CONTROLLING_AREA","modelName":"NewYardModel"},"interaction":{"idSuffix":"inner"}},"wdio_ui5_key":"etmportal.ui.manageyards.view.Newsap.m.Input{\"path\":\"\",\"propertyPath\":\"/CONTROLLING_AREA\",\"modelName\":\"NewYardModel\"}"}]}
RESULT: undefined
COMMAND: POST /session/d1a395b1624be07bc117af6a930c8232/execute/async - {"script":"<script> [776 bytes]","args":[{"enterText":"Z001","selector":{"controlType":"sap.m.Input","viewName":"etm.portal.ui.manageyards.view.New","viewId":"application-manageyards-display-component---NewYard","bindingPath":{"path":"","propertyPath":"/CONTROLLING_AREA","modelName":"NewYardModel"},"interaction":{"idSuffix":"inner"}},"clearTextFirst":true,"interactionType":"ENTER_TEXT"}]}
RESULT: {"script":"<script> [776 bytes]","args":[{"enterText":"Z001","selector":{"controlType":"sap.m.Input","viewName":"etm.portal.ui.manageyards.view.New","viewId":"application-manageyards-display-component---NewYard","bindingPath":{"path":"","propertyPath":"/CONTROLLING_AREA","modelName":"NewYardModel"},"interaction":{"idSuffix":"inner"}},"clearTextFirst":true,"interactionType":"ENTER_TEXT"}]}
COMMAND: POST /session/d1a395b1624be07bc117af6a930c8232/execute/async - {"script":"<script> [1562 bytes]","args":[{"selector":{"id":"application-manageyards-display-component---NewYard--companyCodeComboBox","interaction":{"idSuffix":"inner"}},"wdio_ui5_key":"applicationmanageyards-display-component---NewYard--companyCodeComboBox"}]}
RESULT: {"script":"<script> [1562 bytes]","args":[{"selector":{"id":"application-manageyards-display-component---NewYard--companyCodeComboBox","interaction":{"idSuffix":"inner"}},"wdio_ui5_key":"applicationmanageyards-display-component---NewYard--companyCodeComboBox"}]}
RESULT: undefined
COMMAND: POST /session/d1a395b1624be07bc117af6a930c8232/execute/async - {"script":"<script> [776 bytes]","args":[{"enterText":"1000","selector":{"id":"application-manageyards-display-component---NewYard--companyCodeComboBox","interaction":{"idSuffix":"inner"}},"clearTextFirst":true,"interactionType":"ENTER_TEXT"}]}
RESULT: {"script":"<script> [776 bytes]","args":[{"enterText":"1000","selector":{"id":"application-manageyards-display-component---NewYard--companyCodeComboBox","interaction":{"idSuffix":"inner"}},"clearTextFirst":true,"interactionType":"ENTER_TEXT"}]}
COMMAND: POST /session/d1a395b1624be07bc117af6a930c8232/actions - {"actions":[{"id":"action28","type":"key","parameters":{},"actions":[{"type":"keyDown","value":"î€‡"},{"type":"pause","duration":10},{"type":"keyUp","value":"î€‡"}]}]}
RESULT: {"actions":[{"id":"action28","type":"key","parameters":{},"actions":[{"type":"keyDown","value":"î€‡"},{"type":"pause","duration":10},{"type":"keyUp","value":"î€‡"}]}]}
COMMAND: POST /session/d1a395b1624be07bc117af6a930c8232/execute/async - {"script":"<script> [1562 bytes]","args":[{"selector":{"controlType":"sap.m.Input","viewName":"etm.portal.ui.manageyards.view.New","viewId":"application-manageyards-display-component---NewYard","bindingPath":{"path":"","propertyPath":"/PLANT","modelName":"NewYardModel"},"interaction":{"idSuffix":"inner"}},"wdio_ui5_key":"etmportal.ui.manageyards.view.Newsap.m.Input{\"path\":\"\",\"propertyPath\":\"/PLANT\",\"modelName\":\"NewYardModel\"}"}]}
COMMAND: GET /session/d1a395b1624be07bc117af6a930c8232/screenshot - {}
RESULT: {"script":"<script> [1562 bytes]","args":[{"selector":{"controlType":"sap.m.Input","viewName":"etm.portal.ui.manageyards.view.New","viewId":"application-manageyards-display-component---NewYard","bindingPath":{"path":"","propertyPath":"/PLANT","modelName":"NewYardModel"},"interaction":{"idSuffix":"inner"}},"wdio_ui5_key":"etmportal.ui.manageyards.view.Newsap.m.Input{\"path\":\"\",\"propertyPath\":\"/PLANT\",\"modelName\":\"NewYardModel\"}"}]}
RESULT: undefined
COMMAND: POST /session/d1a395b1624be07bc117af6a930c8232/execute/async - {"script":"<script> [776 bytes]","args":[{"enterText":"1001","selector":{"controlType":"sap.m.Input","viewName":"etm.portal.ui.manageyards.view.New","viewId":"application-manageyards-display-component---NewYard","bindingPath":{"path":"","propertyPath":"/PLANT","modelName":"NewYardModel"},"interaction":{"idSuffix":"inner"}},"clearTextFirst":true,"interactionType":"ENTER_TEXT"}]}
RESULT: {}
RESULT: {"script":"<script> [776 bytes]","args":[{"enterText":"1001","selector":{"controlType":"sap.m.Input","viewName":"etm.portal.ui.manageyards.view.New","viewId":"application-manageyards-display-component---NewYard","bindingPath":{"path":"","propertyPath":"/PLANT","modelName":"NewYardModel"},"interaction":{"idSuffix":"inner"}},"clearTextFirst":true,"interactionType":"ENTER_TEXT"}]}
COMMAND: POST /session/d1a395b1624be07bc117af6a930c8232/execute/async - {"script":"<script> [1562 bytes]","args":[{"selector":{"controlType":"sap.m.Input","viewName":"etm.portal.ui.manageyards.view.New","viewId":"application-manageyards-display-component---NewYard","bindingPath":{"path":"","propertyPath":"/SALES_AREA_VKORG","modelName":"NewYardModel"},"interaction":{"idSuffix":"inner"}},"wdio_ui5_key":"etmportal.ui.manageyards.view.Newsap.m.Input{\"path\":\"\",\"propertyPath\":\"/SALES_AREA_VKORG\",\"modelName\":\"NewYardModel\"}"}]}
RESULT: {"script":"<script> [1562 bytes]","args":[{"selector":{"controlType":"sap.m.Input","viewName":"etm.portal.ui.manageyards.view.New","viewId":"application-manageyards-display-component---NewYard","bindingPath":{"path":"","propertyPath":"/SALES_AREA_VKORG","modelName":"NewYardModel"},"interaction":{"idSuffix":"inner"}},"wdio_ui5_key":"etmportal.ui.manageyards.view.Newsap.m.Input{\"path\":\"\",\"propertyPath\":\"/SALES_AREA_VKORG\",\"modelName\":\"NewYardModel\"}"}]}
RESULT: undefined
COMMAND: POST /session/d1a395b1624be07bc117af6a930c8232/execute/async - {"script":"<script> [776 bytes]","args":[{"enterText":"C002","selector":{"controlType":"sap.m.Input","viewName":"etm.portal.ui.manageyards.view.New","viewId":"application-manageyards-display-component---NewYard","bindingPath":{"path":"","propertyPath":"/SALES_AREA_VKORG","modelName":"NewYardModel"},"interaction":{"idSuffix":"inner"}},"clearTextFirst":true,"interactionType":"ENTER_TEXT"}]}
RESULT: {"script":"<script> [776 bytes]","args":[{"enterText":"C002","selector":{"controlType":"sap.m.Input","viewName":"etm.portal.ui.manageyards.view.New","viewId":"application-manageyards-display-component---NewYard","bindingPath":{"path":"","propertyPath":"/SALES_AREA_VKORG","modelName":"NewYardModel"},"interaction":{"idSuffix":"inner"}},"clearTextFirst":true,"interactionType":"ENTER_TEXT"}]}
COMMAND: POST /session/d1a395b1624be07bc117af6a930c8232/execute/async - {"script":"<script> [1562 bytes]","args":[{"selector":{"controlType":"sap.m.Input","viewName":"etm.portal.ui.manageyards.view.New","viewId":"application-manageyards-display-component---NewYard","bindingPath":{"path":"","propertyPath":"/SALES_AREA_VTWEG","modelName":"NewYardModel"},"interaction":{"idSuffix":"inner"}},"wdio_ui5_key":"etmportal.ui.manageyards.view.Newsap.m.Input{\"path\":\"\",\"propertyPath\":\"/SALES_AREA_VTWEG\",\"modelName\":\"NewYardModel\"}"}]}
RESULT: {"script":"<script> [1562 bytes]","args":[{"selector":{"controlType":"sap.m.Input","viewName":"etm.portal.ui.manageyards.view.New","viewId":"application-manageyards-display-component---NewYard","bindingPath":{"path":"","propertyPath":"/SALES_AREA_VTWEG","modelName":"NewYardModel"},"interaction":{"idSuffix":"inner"}},"wdio_ui5_key":"etmportal.ui.manageyards.view.Newsap.m.Input{\"path\":\"\",\"propertyPath\":\"/SALES_AREA_VTWEG\",\"modelName\":\"NewYardModel\"}"}]}
RESULT: undefined
COMMAND: POST /session/d1a395b1624be07bc117af6a930c8232/execute/async - {"script":"<script> [776 bytes]","args":[{"enterText":"C2","selector":{"controlType":"sap.m.Input","viewName":"etm.portal.ui.manageyards.view.New","viewId":"application-manageyards-display-component---NewYard","bindingPath":{"path":"","propertyPath":"/SALES_AREA_VTWEG","modelName":"NewYardModel"},"interaction":{"idSuffix":"inner"}},"clearTextFirst":true,"interactionType":"ENTER_TEXT"}]}
RESULT: {"script":"<script> [776 bytes]","args":[{"enterText":"C2","selector":{"controlType":"sap.m.Input","viewName":"etm.portal.ui.manageyards.view.New","viewId":"application-manageyards-display-component---NewYard","bindingPath":{"path":"","propertyPath":"/SALES_AREA_VTWEG","modelName":"NewYardModel"},"interaction":{"idSuffix":"inner"}},"clearTextFirst":true,"interactionType":"ENTER_TEXT"}]}
COMMAND: POST /session/d1a395b1624be07bc117af6a930c8232/execute/async - {"script":"<script> [1562 bytes]","args":[{"selector":{"controlType":"sap.m.Input","viewName":"etm.portal.ui.manageyards.view.New","viewId":"application-manageyards-display-component---NewYard","bindingPath":{"path":"","propertyPath":"/SALES_AREA_SPART","modelName":"NewYardModel"},"interaction":{"idSuffix":"inner"}},"wdio_ui5_key":"etmportal.ui.manageyards.view.Newsap.m.Input{\"path\":\"\",\"propertyPath\":\"/SALES_AREA_SPART\",\"modelName\":\"NewYardModel\"}"}]}
RESULT: {"script":"<script> [1562 bytes]","args":[{"selector":{"controlType":"sap.m.Input","viewName":"etm.portal.ui.manageyards.view.New","viewId":"application-manageyards-display-component---NewYard","bindingPath":{"path":"","propertyPath":"/SALES_AREA_SPART","modelName":"NewYardModel"},"interaction":{"idSuffix":"inner"}},"wdio_ui5_key":"etmportal.ui.manageyards.view.Newsap.m.Input{\"path\":\"\",\"propertyPath\":\"/SALES_AREA_SPART\",\"modelName\":\"NewYardModel\"}"}]}
RESULT: undefined
COMMAND: POST /session/d1a395b1624be07bc117af6a930c8232/execute/async - {"script":"<script> [776 bytes]","args":[{"enterText":"C2","selector":{"controlType":"sap.m.Input","viewName":"etm.portal.ui.manageyards.view.New","viewId":"application-manageyards-display-component---NewYard","bindingPath":{"path":"","propertyPath":"/SALES_AREA_SPART","modelName":"NewYardModel"},"interaction":{"idSuffix":"inner"}},"clearTextFirst":true,"interactionType":"ENTER_TEXT"}]}
RESULT: {"script":"<script> [776 bytes]","args":[{"enterText":"C2","selector":{"controlType":"sap.m.Input","viewName":"etm.portal.ui.manageyards.view.New","viewId":"application-manageyards-display-component---NewYard","bindingPath":{"path":"","propertyPath":"/SALES_AREA_SPART","modelName":"NewYardModel"},"interaction":{"idSuffix":"inner"}},"clearTextFirst":true,"interactionType":"ENTER_TEXT"}]}
COMMAND: POST /session/d1a395b1624be07bc117af6a930c8232/execute/async - {"script":"<script> [1562 bytes]","args":[{"selector":{"id":"application-manageyards-display-component---NewYard--whmCheckBox","interaction":{"idSuffix":"CbBg"}},"wdio_ui5_key":"applicationmanageyards-display-component---NewYard--whmCheckBox"}]}
RESULT: {"script":"<script> [1562 bytes]","args":[{"selector":{"id":"application-manageyards-display-component---NewYard--whmCheckBox","interaction":{"idSuffix":"CbBg"}},"wdio_ui5_key":"applicationmanageyards-display-component---NewYard--whmCheckBox"}]}
RESULT: undefined
COMMAND: POST /session/d1a395b1624be07bc117af6a930c8232/element - {"using":"xpath","value":"//*[@id=\"application-manageyards-display-component---NewYard--whmCheckBox\"]"}
RESULT: {"using":"xpath","value":"//*[@id=\"application-manageyards-display-component---NewYard--whmCheckBox\"]"}
COMMAND: POST /session/d1a395b1624be07bc117af6a930c8232/element/f.AB5CB7F68D9467DB6E6600E6EA1FB744.d.64BFE7A1C5167F178822C49FC25F4807.e.8913/click - {}
RESULT: {}
COMMAND: POST /session/d1a395b1624be07bc117af6a930c8232/execute/async - {"script":"<script> [1562 bytes]","args":[{"selector":{"controlType":"sap.m.Button","viewName":"etm.portal.ui.manageyards.view.New","viewId":"application-manageyards-display-component---NewYard","i18NText":{"propertyName":"text","key":"save"},"interaction":{"idSuffix":"inner"}},"wdio_ui5_key":"etmportal.ui.manageyards.view.Newsap.m.Button{\"propertyName\":\"text\",\"key\":\"save\"}"}]}
COMMAND: GET /session/d1a395b1624be07bc117af6a930c8232/screenshot - {}
RESULT: {"script":"<script> [1562 bytes]","args":[{"selector":{"controlType":"sap.m.Button","viewName":"etm.portal.ui.manageyards.view.New","viewId":"application-manageyards-display-component---NewYard","i18NText":{"propertyName":"text","key":"save"},"interaction":{"idSuffix":"inner"}},"wdio_ui5_key":"etmportal.ui.manageyards.view.Newsap.m.Button{\"propertyName\":\"text\",\"key\":\"save\"}"}]}
RESULT: undefined
COMMAND: POST /session/d1a395b1624be07bc117af6a930c8232/element - {"using":"xpath","value":"//*[@id=\"__button18\"]"}
RESULT: {}
RESULT: {"using":"xpath","value":"//*[@id=\"__button18\"]"}
COMMAND: POST /session/d1a395b1624be07bc117af6a930c8232/element/f.AB5CB7F68D9467DB6E6600E6EA1FB744.d.64BFE7A1C5167F178822C49FC25F4807.e.8816/click - {}
RESULT: {}
COMMAND: GET /session/d1a395b1624be07bc117af6a930c8232/screenshot - {}
RESULT: {}
COMMAND: POST /session/d1a395b1624be07bc117af6a930c8232/element - {"using":"css selector","value":"#shell-header-logo"}
RESULT: {"using":"css selector","value":"#shell-header-logo"}
COMMAND: POST /session/d1a395b1624be07bc117af6a930c8232/element/f.AB5CB7F68D9467DB6E6600E6EA1FB744.d.64BFE7A1C5167F178822C49FC25F4807.e.8364/click - {}
RESULT: {}
COMMAND: GET /session/d1a395b1624be07bc117af6a930c8232/screenshot - {}
RESULT: {}
COMMAND: POST /session/d1a395b1624be07bc117af6a930c8232/refresh - {}
RESULT: {}
COMMAND: GET /session/d1a395b1624be07bc117af6a930c8232/screenshot - {}
RESULT: {}
COMMAND: POST /session/d1a395b1624be07bc117af6a930c8232/execute/async - {"script":"<script> [189 bytes]","args":[]}
RESULT: {"script":"<script> [189 bytes]","args":[]}
COMMAND: POST /session/d1a395b1624be07bc117af6a930c8232/execute/async - {"script":"<script> [123 bytes]","args":[]}
RESULT: {"script":"<script> [123 bytes]","args":[]}
COMMAND: POST /session/d1a395b1624be07bc117af6a930c8232/timeouts - {"script":"<number>"}
RESULT: {"script":"<number>"}
COMMAND: GET /session/d1a395b1624be07bc117af6a930c8232/timeouts - {}
RESULT: {}
RESULT: undefined
COMMAND: POST /session/d1a395b1624be07bc117af6a930c8232/execute/async - {"script":"<script> [2676 bytes]","args":[]}
RESULT: {"script":"<script> [2676 bytes]","args":[]}
COMMAND: POST /session/d1a395b1624be07bc117af6a930c8232/execute/async - {"script":"<script> [2342 bytes]","args":[{"protocol":"http","hostname":"0.0.0.0","path":"/","capabilities":{"browserName":"chrome","goog:chromeOptions":{"binary":"C:\\Program Files\\Google\\Chrome\\Application\\chrome.exe","args":["--start-maximized"]}},"logLevel":"warn","connectionRetryTimeout":120000,"connectionRetryCount":3,"logLevels":{},"enableDirectConnect":true,"strictSSL":true,"_":"65 more keys: [\"cacheDir\",\"port\",\"requestedCapabilities\",\"automationProtocol\",\"baseUrl\",\"waitforInterval\",\"waitforTimeout\",\"onReload\",\"beforeCommand\",\"afterCommand\",\"rootDir\",\"specs\",\"suites\",\"exclude\",\"groupLogsByTestSpec\",\"excludeDriverLogs\",\"bail\",\"framework\",\"reporters\",\"services\",\"maxInstances\",\"maxInstancesPerCapability\",\"injectGlobals\",\"filesToWatch\",\"execArgv\",\"runnerEnv\",\"runner\",\"shard\",\"specFileRetries\",\"specFileRetriesDelay\",\"specFileRetriesDeferred\",\"reporterSyncInterval\",\"reporterSyncTimeout\",\"cucumberFeaturesWithLineNumbers\",\"autoCompileOpts\",\"mochaOpts\",\"jasmineOpts\",\"cucumberOpts\",\"onPrepare\",\"onWorkerStart\",\"onWorkerEnd\",\"before\",\"beforeSession\",\"beforeSuite\",\"beforeHook\",\"beforeTest\",\"afterTest\",\"afterHook\",\"afterSuite\",\"afterSession\",\"after\",\"onComplete\",\"beforeAssertion\",\"afterAssertion\",\"beforeFeature\",\"beforeScenario\",\"beforeStep\",\"afterStep\",\"afterScenario\",\"afterFeature\",\"_\",\"suite\",\"$0\",\"ignoredWorkerServices\",\"wdi5\"]"}]}
RESULT: {"script":"<script> [2342 bytes]","args":[{"protocol":"http","hostname":"0.0.0.0","path":"/","capabilities":{"browserName":"chrome","goog:chromeOptions":{"binary":"C:\\Program Files\\Google\\Chrome\\Application\\chrome.exe","args":["--start-maximized"]}},"logLevel":"warn","connectionRetryTimeout":120000,"connectionRetryCount":3,"logLevels":{},"enableDirectConnect":true,"strictSSL":true,"_":"65 more keys: [\"cacheDir\",\"port\",\"requestedCapabilities\",\"automationProtocol\",\"baseUrl\",\"waitforInterval\",\"waitforTimeout\",\"onReload\",\"beforeCommand\",\"afterCommand\",\"rootDir\",\"specs\",\"suites\",\"exclude\",\"groupLogsByTestSpec\",\"excludeDriverLogs\",\"bail\",\"framework\",\"reporters\",\"services\",\"maxInstances\",\"maxInstancesPerCapability\",\"injectGlobals\",\"filesToWatch\",\"execArgv\",\"runnerEnv\",\"runner\",\"shard\",\"specFileRetries\",\"specFileRetriesDelay\",\"specFileRetriesDeferred\",\"reporterSyncInterval\",\"reporterSyncTimeout\",\"cucumberFeaturesWithLineNumbers\",\"autoCompileOpts\",\"mochaOpts\",\"jasmineOpts\",\"cucumberOpts\",\"onPrepare\",\"onWorkerStart\",\"onWorkerEnd\",\"before\",\"beforeSession\",\"beforeSuite\",\"beforeHook\",\"beforeTest\",\"afterTest\",\"afterHook\",\"afterSuite\",\"afterSession\",\"after\",\"onComplete\",\"beforeAssertion\",\"afterAssertion\",\"beforeFeature\",\"beforeScenario\",\"beforeStep\",\"afterStep\",\"afterScenario\",\"afterFeature\",\"_\",\"suite\",\"$0\",\"ignoredWorkerServices\",\"wdi5\"]"}]}
COMMAND: POST /session/d1a395b1624be07bc117af6a930c8232/execute/async - {"script":"<script> [21126 bytes]","args":[35000]}
RESULT: {"script":"<script> [21126 bytes]","args":[35000]}
]]></system-out>
    </testcase>
    <testcase classname="chrome.135_0_7049_96.windows.Warehouse_movements_inventory_test" name="Should create a new warehouse organization" time="49.608">
      <system-out><![CDATA[
COMMAND: POST /session/d1a395b1624be07bc117af6a930c8232/execute/async - {"script":"<script> [1562 bytes]","args":[{"selector":{"controlType":"sap.m.GenericTile","properties":{"header":"Bin Status Report"}},"wdio_ui5_key":"sapm.GenericTile{\"header\":\"Bin Status Report\"}"}]}
RESULT: {"script":"<script> [1562 bytes]","args":[{"selector":{"controlType":"sap.m.GenericTile","properties":{"header":"Bin Status Report"}},"wdio_ui5_key":"sapm.GenericTile{\"header\":\"Bin Status Report\"}"}]}
RESULT: undefined
COMMAND: POST /session/d1a395b1624be07bc117af6a930c8232/element - {"using":"xpath","value":"//*[@id=\"__tile104\"]"}
RESULT: {"using":"xpath","value":"//*[@id=\"__tile104\"]"}
COMMAND: POST /session/d1a395b1624be07bc117af6a930c8232/element/f.AB5CB7F68D9467DB6E6600E6EA1FB744.d.DC0506175587C79BBF5A6DD0A6137289.e.9128/click - {}
RESULT: {}
COMMAND: GET /session/d1a395b1624be07bc117af6a930c8232/screenshot - {}
RESULT: {}
COMMAND: POST /session/d1a395b1624be07bc117af6a930c8232/execute/async - {"script":"<script> [1562 bytes]","args":[{"selector":{"id":"application-binstatusreport-display-component---warehousing--createOrgBtn","interaction":{"idSuffix":"BDI-content"}},"wdio_ui5_key":"applicationbinstatusreport-display-component---warehousing--createOrgBtn"}]}
RESULT: {"script":"<script> [1562 bytes]","args":[{"selector":{"id":"application-binstatusreport-display-component---warehousing--createOrgBtn","interaction":{"idSuffix":"BDI-content"}},"wdio_ui5_key":"applicationbinstatusreport-display-component---warehousing--createOrgBtn"}]}
RESULT: undefined
COMMAND: POST /session/d1a395b1624be07bc117af6a930c8232/element - {"using":"xpath","value":"//*[@id=\"application-binstatusreport-display-component---warehousing--createOrgBtn\"]"}
RESULT: {"using":"xpath","value":"//*[@id=\"application-binstatusreport-display-component---warehousing--createOrgBtn\"]"}
COMMAND: POST /session/d1a395b1624be07bc117af6a930c8232/element/f.AB5CB7F68D9467DB6E6600E6EA1FB744.d.DC0506175587C79BBF5A6DD0A6137289.e.9175/click - {}
RESULT: {}
COMMAND: GET /session/d1a395b1624be07bc117af6a930c8232/screenshot - {}
RESULT: {}
COMMAND: POST /session/d1a395b1624be07bc117af6a930c8232/execute/async - {"script":"<script> [1562 bytes]","args":[{"selector":{"id":"createOrganizationPop--sectionInput","searchOpenDialogs":true,"interaction":{"idSuffix":"inner"}},"wdio_ui5_key":"createOrganizationPopsectionInput"}]}
RESULT: {"script":"<script> [1562 bytes]","args":[{"selector":{"id":"createOrganizationPop--sectionInput","searchOpenDialogs":true,"interaction":{"idSuffix":"inner"}},"wdio_ui5_key":"createOrganizationPopsectionInput"}]}
RESULT: undefined
COMMAND: POST /session/d1a395b1624be07bc117af6a930c8232/execute/async - {"script":"<script> [776 bytes]","args":[{"enterText":"Secpd3vh","selector":{"id":"createOrganizationPop--sectionInput","searchOpenDialogs":true,"interaction":{"idSuffix":"inner"}},"clearTextFirst":true,"interactionType":"ENTER_TEXT"}]}
RESULT: {"script":"<script> [776 bytes]","args":[{"enterText":"Secpd3vh","selector":{"id":"createOrganizationPop--sectionInput","searchOpenDialogs":true,"interaction":{"idSuffix":"inner"}},"clearTextFirst":true,"interactionType":"ENTER_TEXT"}]}
COMMAND: POST /session/d1a395b1624be07bc117af6a930c8232/execute/async - {"script":"<script> [1562 bytes]","args":[{"selector":{"id":"createOrganizationPop--descriptionInput","searchOpenDialogs":true,"interaction":{"idSuffix":"inner"}},"wdio_ui5_key":"createOrganizationPopdescriptionInput"}]}
RESULT: {"script":"<script> [1562 bytes]","args":[{"selector":{"id":"createOrganizationPop--descriptionInput","searchOpenDialogs":true,"interaction":{"idSuffix":"inner"}},"wdio_ui5_key":"createOrganizationPopdescriptionInput"}]}
RESULT: undefined
COMMAND: POST /session/d1a395b1624be07bc117af6a930c8232/execute/async - {"script":"<script> [776 bytes]","args":[{"enterText":"OrgNameq2n74k","selector":{"id":"createOrganizationPop--descriptionInput","searchOpenDialogs":true,"interaction":{"idSuffix":"inner"}},"clearTextFirst":true,"interactionType":"ENTER_TEXT"}]}
RESULT: {"script":"<script> [776 bytes]","args":[{"enterText":"OrgNameq2n74k","selector":{"id":"createOrganizationPop--descriptionInput","searchOpenDialogs":true,"interaction":{"idSuffix":"inner"}},"clearTextFirst":true,"interactionType":"ENTER_TEXT"}]}
COMMAND: POST /session/d1a395b1624be07bc117af6a930c8232/element - {"using":"xpath","value":"//input[contains(@id ,\"createOrganizationPop--yardOrg-inner\")]"}
RESULT: {"using":"xpath","value":"//input[contains(@id ,\"createOrganizationPop--yardOrg-inner\")]"}
COMMAND: POST /session/d1a395b1624be07bc117af6a930c8232/element/f.AB5CB7F68D9467DB6E6600E6EA1FB744.d.DC0506175587C79BBF5A6DD0A6137289.e.9213/clear - {}
RESULT: {}
COMMAND: POST /session/d1a395b1624be07bc117af6a930c8232/element/f.AB5CB7F68D9467DB6E6600E6EA1FB744.d.DC0506175587C79BBF5A6DD0A6137289.e.9213/value - {"text":"WebdriverWHMYardo49le"}
COMMAND: GET /session/d1a395b1624be07bc117af6a930c8232/screenshot - {}
RESULT: {"text":"WebdriverWHMYardo49le"}
COMMAND: GET /session/d1a395b1624be07bc117af6a930c8232/screenshot - {}
RESULT: {}
RESULT: {}
COMMAND: POST /session/d1a395b1624be07bc117af6a930c8232/actions - {"actions":[{"id":"action29","type":"key","parameters":{},"actions":[{"type":"keyDown","value":"î€‡"},{"type":"pause","duration":10},{"type":"keyUp","value":"î€‡"}]}]}
RESULT: {"actions":[{"id":"action29","type":"key","parameters":{},"actions":[{"type":"keyDown","value":"î€‡"},{"type":"pause","duration":10},{"type":"keyUp","value":"î€‡"}]}]}
COMMAND: GET /session/d1a395b1624be07bc117af6a930c8232/screenshot - {}
RESULT: {}
COMMAND: POST /session/d1a395b1624be07bc117af6a930c8232/execute/async - {"script":"<script> [1562 bytes]","args":[{"selector":{"id":"createOrganizationPop--grZone","searchOpenDialogs":true,"interaction":{"idSuffix":"CbBg"}},"wdio_ui5_key":"createOrganizationPopgrZone"}]}
RESULT: {"script":"<script> [1562 bytes]","args":[{"selector":{"id":"createOrganizationPop--grZone","searchOpenDialogs":true,"interaction":{"idSuffix":"CbBg"}},"wdio_ui5_key":"createOrganizationPopgrZone"}]}
RESULT: undefined
COMMAND: POST /session/d1a395b1624be07bc117af6a930c8232/element - {"using":"xpath","value":"//*[@id=\"createOrganizationPop--grZone\"]"}
RESULT: {"using":"xpath","value":"//*[@id=\"createOrganizationPop--grZone\"]"}
COMMAND: POST /session/d1a395b1624be07bc117af6a930c8232/element/f.AB5CB7F68D9467DB6E6600E6EA1FB744.d.DC0506175587C79BBF5A6DD0A6137289.e.9235/click - {}
RESULT: {}
COMMAND: POST /session/d1a395b1624be07bc117af6a930c8232/execute/async - {"script":"<script> [1562 bytes]","args":[{"selector":{"id":"createOrganizationPop--giZone","searchOpenDialogs":true,"interaction":{"idSuffix":"CbBg"}},"wdio_ui5_key":"createOrganizationPopgiZone"}]}
COMMAND: GET /session/d1a395b1624be07bc117af6a930c8232/screenshot - {}
RESULT: {"script":"<script> [1562 bytes]","args":[{"selector":{"id":"createOrganizationPop--giZone","searchOpenDialogs":true,"interaction":{"idSuffix":"CbBg"}},"wdio_ui5_key":"createOrganizationPopgiZone"}]}
RESULT: undefined
COMMAND: POST /session/d1a395b1624be07bc117af6a930c8232/element - {"using":"xpath","value":"//*[@id=\"createOrganizationPop--giZone\"]"}
RESULT: {}
RESULT: {"using":"xpath","value":"//*[@id=\"createOrganizationPop--giZone\"]"}
COMMAND: POST /session/d1a395b1624be07bc117af6a930c8232/element/f.AB5CB7F68D9467DB6E6600E6EA1FB744.d.DC0506175587C79BBF5A6DD0A6137289.e.9237/click - {}
RESULT: {}
COMMAND: POST /session/d1a395b1624be07bc117af6a930c8232/execute/async - {"script":"<script> [1562 bytes]","args":[{"selector":{"id":"createOrganizationPop--binNoInput","searchOpenDialogs":true,"interaction":{"idSuffix":"inner"}},"wdio_ui5_key":"createOrganizationPopbinNoInput"}]}
COMMAND: GET /session/d1a395b1624be07bc117af6a930c8232/screenshot - {}
RESULT: {"script":"<script> [1562 bytes]","args":[{"selector":{"id":"createOrganizationPop--binNoInput","searchOpenDialogs":true,"interaction":{"idSuffix":"inner"}},"wdio_ui5_key":"createOrganizationPopbinNoInput"}]}
RESULT: undefined
COMMAND: POST /session/d1a395b1624be07bc117af6a930c8232/execute/async - {"script":"<script> [776 bytes]","args":[{"enterText":"Binag0jp","selector":{"id":"createOrganizationPop--binNoInput","searchOpenDialogs":true,"interaction":{"idSuffix":"inner"}},"clearTextFirst":true,"interactionType":"ENTER_TEXT"}]}
RESULT: {}
RESULT: {"script":"<script> [776 bytes]","args":[{"enterText":"Binag0jp","selector":{"id":"createOrganizationPop--binNoInput","searchOpenDialogs":true,"interaction":{"idSuffix":"inner"}},"clearTextFirst":true,"interactionType":"ENTER_TEXT"}]}
COMMAND: POST /session/d1a395b1624be07bc117af6a930c8232/execute/async - {"script":"<script> [1562 bytes]","args":[{"selector":{"id":"createOrganizationPop--descriptionId","searchOpenDialogs":true,"interaction":{"idSuffix":"inner"}},"wdio_ui5_key":"createOrganizationPopdescriptionId"}]}
RESULT: {"script":"<script> [1562 bytes]","args":[{"selector":{"id":"createOrganizationPop--descriptionId","searchOpenDialogs":true,"interaction":{"idSuffix":"inner"}},"wdio_ui5_key":"createOrganizationPopdescriptionId"}]}
RESULT: undefined
COMMAND: POST /session/d1a395b1624be07bc117af6a930c8232/execute/async - {"script":"<script> [776 bytes]","args":[{"enterText":"Bin3x1h8k","selector":{"id":"createOrganizationPop--descriptionId","searchOpenDialogs":true,"interaction":{"idSuffix":"inner"}},"clearTextFirst":true,"interactionType":"ENTER_TEXT"}]}
RESULT: {"script":"<script> [776 bytes]","args":[{"enterText":"Bin3x1h8k","selector":{"id":"createOrganizationPop--descriptionId","searchOpenDialogs":true,"interaction":{"idSuffix":"inner"}},"clearTextFirst":true,"interactionType":"ENTER_TEXT"}]}
COMMAND: POST /session/d1a395b1624be07bc117af6a930c8232/execute/async - {"script":"<script> [1562 bytes]","args":[{"selector":{"controlType":"sap.m.CheckBox","viewName":"etm.portal.ui.binstatusreport.view.MasterWareBins","viewId":"application-binstatusreport-display-component---warehousing","bindingPath":{"path":"","propertyPath":"/ZONE","modelName":"newBin"},"searchOpenDialogs":true,"interaction":{"idSuffix":"CbBg"}},"wdio_ui5_key":"etmportal.ui.binstatusreport.view.MasterWareBinssap.m.CheckBox{\"path\":\"\",\"propertyPath\":\"/ZONE\",\"modelName\":\"newBin\"}"}]}
RESULT: {"script":"<script> [1562 bytes]","args":[{"selector":{"controlType":"sap.m.CheckBox","viewName":"etm.portal.ui.binstatusreport.view.MasterWareBins","viewId":"application-binstatusreport-display-component---warehousing","bindingPath":{"path":"","propertyPath":"/ZONE","modelName":"newBin"},"searchOpenDialogs":true,"interaction":{"idSuffix":"CbBg"}},"wdio_ui5_key":"etmportal.ui.binstatusreport.view.MasterWareBinssap.m.CheckBox{\"path\":\"\",\"propertyPath\":\"/ZONE\",\"modelName\":\"newBin\"}"}]}
RESULT: undefined
COMMAND: POST /session/d1a395b1624be07bc117af6a930c8232/element - {"using":"xpath","value":"//*[@id=\"__box12\"]"}
RESULT: {"using":"xpath","value":"//*[@id=\"__box12\"]"}
COMMAND: POST /session/d1a395b1624be07bc117af6a930c8232/element/f.AB5CB7F68D9467DB6E6600E6EA1FB744.d.DC0506175587C79BBF5A6DD0A6137289.e.9241/click - {}
RESULT: {}
COMMAND: POST /session/d1a395b1624be07bc117af6a930c8232/execute/async - {"script":"<script> [1562 bytes]","args":[{"selector":{"id":"createOrganizationPop--binTypesCB-arrow","searchOpenDialogs":true},"wdio_ui5_key":"createOrganizationPopbinTypesCB-arrow"}]}
COMMAND: GET /session/d1a395b1624be07bc117af6a930c8232/screenshot - {}
RESULT: {"script":"<script> [1562 bytes]","args":[{"selector":{"id":"createOrganizationPop--binTypesCB-arrow","searchOpenDialogs":true},"wdio_ui5_key":"createOrganizationPopbinTypesCB-arrow"}]}
RESULT: undefined
COMMAND: POST /session/d1a395b1624be07bc117af6a930c8232/element - {"using":"xpath","value":"//*[@id=\"createOrganizationPop--binTypesCB-arrow\"]"}
RESULT: {}
RESULT: {"using":"xpath","value":"//*[@id=\"createOrganizationPop--binTypesCB-arrow\"]"}
COMMAND: POST /session/d1a395b1624be07bc117af6a930c8232/element/f.AB5CB7F68D9467DB6E6600E6EA1FB744.d.DC0506175587C79BBF5A6DD0A6137289.e.9242/click - {}
RESULT: {}
COMMAND: POST /session/d1a395b1624be07bc117af6a930c8232/execute/async - {"script":"<script> [1562 bytes]","args":[{"selector":{"controlType":"sap.m.StandardListItem","viewName":"etm.portal.ui.binstatusreport.view.MasterWareBins","viewId":"application-binstatusreport-display-component---warehousing","properties":{"title":"1 - General / No capacity check"},"searchOpenDialogs":true,"interaction":{"idSuffix":"content"}},"wdio_ui5_key":"etmportal.ui.binstatusreport.view.MasterWareBinssap.m.StandardListItem{\"title\":\"1 - General / No capacity check\"}"}]}
COMMAND: GET /session/d1a395b1624be07bc117af6a930c8232/screenshot - {}
RESULT: {"script":"<script> [1562 bytes]","args":[{"selector":{"controlType":"sap.m.StandardListItem","viewName":"etm.portal.ui.binstatusreport.view.MasterWareBins","viewId":"application-binstatusreport-display-component---warehousing","properties":{"title":"1 - General / No capacity check"},"searchOpenDialogs":true,"interaction":{"idSuffix":"content"}},"wdio_ui5_key":"etmportal.ui.binstatusreport.view.MasterWareBinssap.m.StandardListItem{\"title\":\"1 - General / No capacity check\"}"}]}
RESULT: undefined
COMMAND: POST /session/d1a395b1624be07bc117af6a930c8232/element - {"using":"xpath","value":"//*[@id=\"__item70\"]"}
RESULT: {}
RESULT: {"using":"xpath","value":"//*[@id=\"__item70\"]"}
COMMAND: POST /session/d1a395b1624be07bc117af6a930c8232/element/f.AB5CB7F68D9467DB6E6600E6EA1FB744.d.DC0506175587C79BBF5A6DD0A6137289.e.9244/click - {}
RESULT: {}
COMMAND: POST /session/d1a395b1624be07bc117af6a930c8232/execute/async - {"script":"<script> [1562 bytes]","args":[{"selector":{"id":"createOrganizationPop--finishBtn","searchOpenDialogs":true,"interaction":{"idSuffix":"BDI-content"}},"wdio_ui5_key":"createOrganizationPopfinishBtn"}]}
COMMAND: GET /session/d1a395b1624be07bc117af6a930c8232/screenshot - {}
RESULT: {"script":"<script> [1562 bytes]","args":[{"selector":{"id":"createOrganizationPop--finishBtn","searchOpenDialogs":true,"interaction":{"idSuffix":"BDI-content"}},"wdio_ui5_key":"createOrganizationPopfinishBtn"}]}
RESULT: undefined
COMMAND: POST /session/d1a395b1624be07bc117af6a930c8232/element - {"using":"xpath","value":"//*[@id=\"createOrganizationPop--finishBtn\"]"}
RESULT: {}
RESULT: {"using":"xpath","value":"//*[@id=\"createOrganizationPop--finishBtn\"]"}
COMMAND: POST /session/d1a395b1624be07bc117af6a930c8232/element/f.AB5CB7F68D9467DB6E6600E6EA1FB744.d.DC0506175587C79BBF5A6DD0A6137289.e.9246/click - {}
RESULT: {}
COMMAND: GET /session/d1a395b1624be07bc117af6a930c8232/screenshot - {}
RESULT: {}
COMMAND: POST /session/d1a395b1624be07bc117af6a930c8232/element - {"using":"css selector","value":"#shell-header-logo"}
RESULT: {"using":"css selector","value":"#shell-header-logo"}
COMMAND: POST /session/d1a395b1624be07bc117af6a930c8232/element/f.AB5CB7F68D9467DB6E6600E6EA1FB744.d.DC0506175587C79BBF5A6DD0A6137289.e.9133/click - {}
RESULT: {}
COMMAND: GET /session/d1a395b1624be07bc117af6a930c8232/screenshot - {}
RESULT: {}
]]></system-out>
    </testcase>
    <testcase classname="chrome.135_0_7049_96.windows.Warehouse_movements_inventory_test" name="Should Create new material for WHM yard" time="126.04">
      <system-out><![CDATA[
COMMAND: POST /session/d1a395b1624be07bc117af6a930c8232/execute/async - {"script":"<script> [1562 bytes]","args":[{"selector":{"controlType":"sap.m.GenericTile","properties":{"header":"Manage Resources"}},"wdio_ui5_key":"sapm.GenericTile{\"header\":\"Manage Resources\"}"}]}
RESULT: {"script":"<script> [1562 bytes]","args":[{"selector":{"controlType":"sap.m.GenericTile","properties":{"header":"Manage Resources"}},"wdio_ui5_key":"sapm.GenericTile{\"header\":\"Manage Resources\"}"}]}
RESULT: undefined
COMMAND: POST /session/d1a395b1624be07bc117af6a930c8232/element - {"using":"xpath","value":"//*[@id=\"__tile39\"]"}
RESULT: {"using":"xpath","value":"//*[@id=\"__tile39\"]"}
COMMAND: POST /session/d1a395b1624be07bc117af6a930c8232/element/f.AB5CB7F68D9467DB6E6600E6EA1FB744.d.DC0506175587C79BBF5A6DD0A6137289.e.9253/click - {}
RESULT: {}
COMMAND: GET /session/d1a395b1624be07bc117af6a930c8232/screenshot - {}
RESULT: {}
COMMAND: POST /session/d1a395b1624be07bc117af6a930c8232/element - {"using":"xpath","value":"//button[@data-kt=\"addNewRUOverflowToolbarButton\"]"}
RESULT: {"using":"xpath","value":"//button[@data-kt=\"addNewRUOverflowToolbarButton\"]"}
COMMAND: POST /session/d1a395b1624be07bc117af6a930c8232/execute/sync - {"script":"<script> [8489 bytes]","args":[{"element-6066-11e4-a52e-4f735466cecf":"f.AB5CB7F68D9467DB6E6600E6EA1FB744.d.DC0506175587C79BBF5A6DD0A6137289.e.9283","ELEMENT":"f.AB5CB7F68D9467DB6E6600E6EA1FB744.d.DC0506175587C79BBF5A6DD0A6137289.e.9283"}]}
RESULT: {"script":"<script> [8489 bytes]","args":[{"element-6066-11e4-a52e-4f735466cecf":"f.AB5CB7F68D9467DB6E6600E6EA1FB744.d.DC0506175587C79BBF5A6DD0A6137289.e.9283","ELEMENT":"f.AB5CB7F68D9467DB6E6600E6EA1FB744.d.DC0506175587C79BBF5A6DD0A6137289.e.9283"}]}
COMMAND: POST /session/d1a395b1624be07bc117af6a930c8232/element/f.AB5CB7F68D9467DB6E6600E6EA1FB744.d.DC0506175587C79BBF5A6DD0A6137289.e.9283/click - {}
COMMAND: GET /session/d1a395b1624be07bc117af6a930c8232/screenshot - {}
RESULT: {}
COMMAND: POST /session/d1a395b1624be07bc117af6a930c8232/execute/async - {"script":"<script> [1562 bytes]","args":[{"selector":{"id":"application-manageresources-display-component---newResourceUnit--TYPE-arrow"},"wdio_ui5_key":"applicationmanageresources-display-component---newResourceUnit--TYPE-arrow"}]}
COMMAND: GET /session/d1a395b1624be07bc117af6a930c8232/screenshot - {}
RESULT: {}
RESULT: {"script":"<script> [1562 bytes]","args":[{"selector":{"id":"application-manageresources-display-component---newResourceUnit--TYPE-arrow"},"wdio_ui5_key":"applicationmanageresources-display-component---newResourceUnit--TYPE-arrow"}]}
RESULT: undefined
COMMAND: POST /session/d1a395b1624be07bc117af6a930c8232/element - {"using":"xpath","value":"//*[@id=\"application-manageresources-display-component---newResourceUnit--TYPE-arrow\"]"}
RESULT: {}
RESULT: {"using":"xpath","value":"//*[@id=\"application-manageresources-display-component---newResourceUnit--TYPE-arrow\"]"}
COMMAND: POST /session/d1a395b1624be07bc117af6a930c8232/element/f.AB5CB7F68D9467DB6E6600E6EA1FB744.d.DC0506175587C79BBF5A6DD0A6137289.e.9621/click - {}
RESULT: {}
COMMAND: POST /session/d1a395b1624be07bc117af6a930c8232/execute/async - {"script":"<script> [1562 bytes]","args":[{"selector":{"controlType":"sap.m.StandardListItem","viewName":"reusables.view.manageresources.NewResourceUnit","viewId":"application-manageresources-display-component---newResourceUnit","properties":{"title":"Material"},"searchOpenDialogs":true,"interaction":{"idSuffix":"titleText"}},"wdio_ui5_key":"reusablesview.manageresources.NewResourceUnitsap.m.StandardListItem{\"title\":\"Material\"}"}]}
COMMAND: GET /session/d1a395b1624be07bc117af6a930c8232/screenshot - {}
RESULT: {"script":"<script> [1562 bytes]","args":[{"selector":{"controlType":"sap.m.StandardListItem","viewName":"reusables.view.manageresources.NewResourceUnit","viewId":"application-manageresources-display-component---newResourceUnit","properties":{"title":"Material"},"searchOpenDialogs":true,"interaction":{"idSuffix":"titleText"}},"wdio_ui5_key":"reusablesview.manageresources.NewResourceUnitsap.m.StandardListItem{\"title\":\"Material\"}"}]}
RESULT: undefined
COMMAND: POST /session/d1a395b1624be07bc117af6a930c8232/element - {"using":"xpath","value":"//*[@id=\"__item200\"]"}
RESULT: {}
RESULT: {"using":"xpath","value":"//*[@id=\"__item200\"]"}
COMMAND: POST /session/d1a395b1624be07bc117af6a930c8232/element/f.AB5CB7F68D9467DB6E6600E6EA1FB744.d.DC0506175587C79BBF5A6DD0A6137289.e.9624/click - {}
RESULT: {}
COMMAND: POST /session/d1a395b1624be07bc117af6a930c8232/execute/async - {"script":"<script> [1562 bytes]","args":[{"selector":{"id":"application-manageresources-display-component---newResourceUnit--SHORT_TEXT","interaction":{"idSuffix":"inner"}},"wdio_ui5_key":"applicationmanageresources-display-component---newResourceUnit--SHORT_TEXT"}]}
COMMAND: GET /session/d1a395b1624be07bc117af6a930c8232/screenshot - {}
RESULT: {"script":"<script> [1562 bytes]","args":[{"selector":{"id":"application-manageresources-display-component---newResourceUnit--SHORT_TEXT","interaction":{"idSuffix":"inner"}},"wdio_ui5_key":"applicationmanageresources-display-component---newResourceUnit--SHORT_TEXT"}]}
RESULT: undefined
COMMAND: POST /session/d1a395b1624be07bc117af6a930c8232/execute/async - {"script":"<script> [776 bytes]","args":[{"enterText":"WebdriverRUR2C2v84y","selector":{"id":"application-manageresources-display-component---newResourceUnit--SHORT_TEXT","interaction":{"idSuffix":"inner"}},"clearTextFirst":true,"interactionType":"ENTER_TEXT"}]}
RESULT: {}
RESULT: {"script":"<script> [776 bytes]","args":[{"enterText":"WebdriverRUR2C2v84y","selector":{"id":"application-manageresources-display-component---newResourceUnit--SHORT_TEXT","interaction":{"idSuffix":"inner"}},"clearTextFirst":true,"interactionType":"ENTER_TEXT"}]}
COMMAND: POST /session/d1a395b1624be07bc117af6a930c8232/execute/async - {"script":"<script> [1562 bytes]","args":[{"selector":{"id":"application-manageresources-display-component---newResourceUnit--BASE_UNIT_OF_MEASURE-arrow"},"wdio_ui5_key":"applicationmanageresources-display-component---newResourceUnit--BASE_UNIT_OF_MEASURE-arrow"}]}
RESULT: {"script":"<script> [1562 bytes]","args":[{"selector":{"id":"application-manageresources-display-component---newResourceUnit--BASE_UNIT_OF_MEASURE-arrow"},"wdio_ui5_key":"applicationmanageresources-display-component---newResourceUnit--BASE_UNIT_OF_MEASURE-arrow"}]}
RESULT: undefined
COMMAND: POST /session/d1a395b1624be07bc117af6a930c8232/element - {"using":"xpath","value":"//*[@id=\"application-manageresources-display-component---newResourceUnit--BASE_UNIT_OF_MEASURE-arrow\"]"}
RESULT: {"using":"xpath","value":"//*[@id=\"application-manageresources-display-component---newResourceUnit--BASE_UNIT_OF_MEASURE-arrow\"]"}
COMMAND: POST /session/d1a395b1624be07bc117af6a930c8232/element/f.AB5CB7F68D9467DB6E6600E6EA1FB744.d.DC0506175587C79BBF5A6DD0A6137289.e.9680/click - {}
RESULT: {}
COMMAND: POST /session/d1a395b1624be07bc117af6a930c8232/execute/async - {"script":"<script> [1562 bytes]","args":[{"selector":{"controlType":"sap.m.StandardListItem","viewName":"reusables.view.manageresources.NewResourceUnit","viewId":"application-manageresources-display-component---newResourceUnit","properties":{"title":"Piece"},"searchOpenDialogs":true,"interaction":{"idSuffix":"titleText"}},"wdio_ui5_key":"reusablesview.manageresources.NewResourceUnitsap.m.StandardListItem{\"title\":\"Piece\"}"}]}
COMMAND: GET /session/d1a395b1624be07bc117af6a930c8232/screenshot - {}
RESULT: {"script":"<script> [1562 bytes]","args":[{"selector":{"controlType":"sap.m.StandardListItem","viewName":"reusables.view.manageresources.NewResourceUnit","viewId":"application-manageresources-display-component---newResourceUnit","properties":{"title":"Piece"},"searchOpenDialogs":true,"interaction":{"idSuffix":"titleText"}},"wdio_ui5_key":"reusablesview.manageresources.NewResourceUnitsap.m.StandardListItem{\"title\":\"Piece\"}"}]}
RESULT: undefined
COMMAND: POST /session/d1a395b1624be07bc117af6a930c8232/element - {"using":"xpath","value":"//*[@id=\"__item244\"]"}
RESULT: {}
RESULT: {"using":"xpath","value":"//*[@id=\"__item244\"]"}
COMMAND: POST /session/d1a395b1624be07bc117af6a930c8232/element/f.AB5CB7F68D9467DB6E6600E6EA1FB744.d.DC0506175587C79BBF5A6DD0A6137289.e.9682/click - {}
RESULT: {}
COMMAND: POST /session/d1a395b1624be07bc117af6a930c8232/element - {"using":"xpath","value":"//input[contains(@id ,\"application-manageresources-display-component---newResourceUnit--SHORT_TEXT-inner\")]"}
COMMAND: GET /session/d1a395b1624be07bc117af6a930c8232/screenshot - {}
RESULT: {"using":"xpath","value":"//input[contains(@id ,\"application-manageresources-display-component---newResourceUnit--SHORT_TEXT-inner\")]"}
COMMAND: GET /session/d1a395b1624be07bc117af6a930c8232/element/f.AB5CB7F68D9467DB6E6600E6EA1FB744.d.DC0506175587C79BBF5A6DD0A6137289.e.9641/property/value - {}
RESULT: {}
RESULT: {}
COMMAND: POST /session/d1a395b1624be07bc117af6a930c8232/execute/async - {"script":"<script> [1562 bytes]","args":[{"selector":{"id":"application-manageresources-display-component---newResourceUnit--WEIGHT_UNIT-arrow"},"wdio_ui5_key":"applicationmanageresources-display-component---newResourceUnit--WEIGHT_UNIT-arrow"}]}
COMMAND: GET /session/d1a395b1624be07bc117af6a930c8232/screenshot - {}
RESULT: {"script":"<script> [1562 bytes]","args":[{"selector":{"id":"application-manageresources-display-component---newResourceUnit--WEIGHT_UNIT-arrow"},"wdio_ui5_key":"applicationmanageresources-display-component---newResourceUnit--WEIGHT_UNIT-arrow"}]}
RESULT: undefined
COMMAND: POST /session/d1a395b1624be07bc117af6a930c8232/element - {"using":"xpath","value":"//*[@id=\"application-manageresources-display-component---newResourceUnit--WEIGHT_UNIT-arrow\"]"}
RESULT: {}
RESULT: {"using":"xpath","value":"//*[@id=\"application-manageresources-display-component---newResourceUnit--WEIGHT_UNIT-arrow\"]"}
COMMAND: POST /session/d1a395b1624be07bc117af6a930c8232/element/f.AB5CB7F68D9467DB6E6600E6EA1FB744.d.DC0506175587C79BBF5A6DD0A6137289.e.9683/click - {}
RESULT: {}
COMMAND: POST /session/d1a395b1624be07bc117af6a930c8232/execute/async - {"script":"<script> [1562 bytes]","args":[{"selector":{"controlType":"sap.m.StandardListItem","viewName":"reusables.view.manageresources.NewResourceUnit","viewId":"application-manageresources-display-component---newResourceUnit","properties":{"title":"Gram"},"searchOpenDialogs":true,"interaction":{"idSuffix":"content"}},"wdio_ui5_key":"reusablesview.manageresources.NewResourceUnitsap.m.StandardListItem{\"title\":\"Gram\"}"}]}
COMMAND: GET /session/d1a395b1624be07bc117af6a930c8232/screenshot - {}
RESULT: {"script":"<script> [1562 bytes]","args":[{"selector":{"controlType":"sap.m.StandardListItem","viewName":"reusables.view.manageresources.NewResourceUnit","viewId":"application-manageresources-display-component---newResourceUnit","properties":{"title":"Gram"},"searchOpenDialogs":true,"interaction":{"idSuffix":"content"}},"wdio_ui5_key":"reusablesview.manageresources.NewResourceUnitsap.m.StandardListItem{\"title\":\"Gram\"}"}]}
RESULT: undefined
COMMAND: POST /session/d1a395b1624be07bc117af6a930c8232/element - {"using":"xpath","value":"//*[@id=\"__item309\"]"}
RESULT: {}
RESULT: {"using":"xpath","value":"//*[@id=\"__item309\"]"}
COMMAND: POST /session/d1a395b1624be07bc117af6a930c8232/element/f.AB5CB7F68D9467DB6E6600E6EA1FB744.d.DC0506175587C79BBF5A6DD0A6137289.e.9685/click - {}
RESULT: {}
COMMAND: POST /session/d1a395b1624be07bc117af6a930c8232/execute/async - {"script":"<script> [1562 bytes]","args":[{"selector":{"id":"application-manageresources-display-component---newResourceUnit--newRRUPage-OPHeaderContent-collapseBtn-img"},"wdio_ui5_key":"applicationmanageresources-display-component---newResourceUnit--newRRUPage-OPHeaderContent-collapseBtn-img"}]}
COMMAND: GET /session/d1a395b1624be07bc117af6a930c8232/screenshot - {}
RESULT: {"script":"<script> [1562 bytes]","args":[{"selector":{"id":"application-manageresources-display-component---newResourceUnit--newRRUPage-OPHeaderContent-collapseBtn-img"},"wdio_ui5_key":"applicationmanageresources-display-component---newResourceUnit--newRRUPage-OPHeaderContent-collapseBtn-img"}]}
RESULT: undefined
COMMAND: POST /session/d1a395b1624be07bc117af6a930c8232/element - {"using":"xpath","value":"//*[@id=\"application-manageresources-display-component---newResourceUnit--newRRUPage-OPHeaderContent-collapseBtn-img\"]"}
RESULT: {}
RESULT: {"using":"xpath","value":"//*[@id=\"application-manageresources-display-component---newResourceUnit--newRRUPage-OPHeaderContent-collapseBtn-img\"]"}
COMMAND: POST /session/d1a395b1624be07bc117af6a930c8232/element/f.AB5CB7F68D9467DB6E6600E6EA1FB744.d.DC0506175587C79BBF5A6DD0A6137289.e.9631/click - {}
RESULT: {}
COMMAND: GET /session/d1a395b1624be07bc117af6a930c8232/screenshot - {}
RESULT: {}
COMMAND: POST /session/d1a395b1624be07bc117af6a930c8232/element - {"using":"xpath","value":"(//span[contains(@id ,\"application-manageresources-display-component---newResourceUnit--DIMENSION_UNIT-arrow\")])[1]"}
RESULT: {"using":"xpath","value":"(//span[contains(@id ,\"application-manageresources-display-component---newResourceUnit--DIMENSION_UNIT-arrow\")])[1]"}
COMMAND: POST /session/d1a395b1624be07bc117af6a930c8232/element/f.AB5CB7F68D9467DB6E6600E6EA1FB744.d.DC0506175587C79BBF5A6DD0A6137289.e.9691/click - {}
RESULT: {}
COMMAND: GET /session/d1a395b1624be07bc117af6a930c8232/screenshot - {}
RESULT: {}
COMMAND: POST /session/d1a395b1624be07bc117af6a930c8232/execute/async - {"script":"<script> [1562 bytes]","args":[{"selector":{"controlType":"sap.m.StandardListItem","viewName":"reusables.view.manageresources.NewResourceUnit","viewId":"application-manageresources-display-component---newResourceUnit","properties":{"title":"Centimeter"},"searchOpenDialogs":true,"interaction":{"idSuffix":"titleText"}},"wdio_ui5_key":"reusablesview.manageresources.NewResourceUnitsap.m.StandardListItem{\"title\":\"Centimeter\"}"}]}
RESULT: {"script":"<script> [1562 bytes]","args":[{"selector":{"controlType":"sap.m.StandardListItem","viewName":"reusables.view.manageresources.NewResourceUnit","viewId":"application-manageresources-display-component---newResourceUnit","properties":{"title":"Centimeter"},"searchOpenDialogs":true,"interaction":{"idSuffix":"titleText"}},"wdio_ui5_key":"reusablesview.manageresources.NewResourceUnitsap.m.StandardListItem{\"title\":\"Centimeter\"}"}]}
RESULT: undefined
COMMAND: POST /session/d1a395b1624be07bc117af6a930c8232/element - {"using":"xpath","value":"//*[@id=\"__item312\"]"}
RESULT: {"using":"xpath","value":"//*[@id=\"__item312\"]"}
COMMAND: POST /session/d1a395b1624be07bc117af6a930c8232/element/f.AB5CB7F68D9467DB6E6600E6EA1FB744.d.DC0506175587C79BBF5A6DD0A6137289.e.9693/click - {}
RESULT: {}
COMMAND: POST /session/d1a395b1624be07bc117af6a930c8232/execute/async - {"script":"<script> [1562 bytes]","args":[{"selector":{"id":"application-manageresources-display-component---newResourceUnit--newRRUPage-anchBar-application-manageresources-display-component---newResourceUnit--reference-anchor","interaction":{"idSuffix":"BDI-content"}},"wdio_ui5_key":"applicationmanageresources-display-component---newResourceUnit--newRRUPage-anchBar-application-manageresources-display-component---newResourceUnit--reference-anchor"}]}
COMMAND: GET /session/d1a395b1624be07bc117af6a930c8232/screenshot - {}
RESULT: {"script":"<script> [1562 bytes]","args":[{"selector":{"id":"application-manageresources-display-component---newResourceUnit--newRRUPage-anchBar-application-manageresources-display-component---newResourceUnit--reference-anchor","interaction":{"idSuffix":"BDI-content"}},"wdio_ui5_key":"applicationmanageresources-display-component---newResourceUnit--newRRUPage-anchBar-application-manageresources-display-component---newResourceUnit--reference-anchor"}]}
RESULT: undefined
COMMAND: POST /session/d1a395b1624be07bc117af6a930c8232/element - {"using":"xpath","value":"//*[@id=\"application-manageresources-display-component---newResourceUnit--newRRUPage-anchBar-application-manageresources-display-component---newResourceUnit--reference-anchor\"]"}
RESULT: {}
RESULT: {"using":"xpath","value":"//*[@id=\"application-manageresources-display-component---newResourceUnit--newRRUPage-anchBar-application-manageresources-display-component---newResourceUnit--reference-anchor\"]"}
COMMAND: POST /session/d1a395b1624be07bc117af6a930c8232/element/f.AB5CB7F68D9467DB6E6600E6EA1FB744.d.DC0506175587C79BBF5A6DD0A6137289.e.9695/click - {}
RESULT: {}
COMMAND: POST /session/d1a395b1624be07bc117af6a930c8232/execute/async - {"script":"<script> [1562 bytes]","args":[{"selector":{"id":"application-manageresources-display-component---newResourceUnit--PLANNING_GROUP-arrow"},"wdio_ui5_key":"applicationmanageresources-display-component---newResourceUnit--PLANNING_GROUP-arrow"}]}
COMMAND: GET /session/d1a395b1624be07bc117af6a930c8232/screenshot - {}
RESULT: {"script":"<script> [1562 bytes]","args":[{"selector":{"id":"application-manageresources-display-component---newResourceUnit--PLANNING_GROUP-arrow"},"wdio_ui5_key":"applicationmanageresources-display-component---newResourceUnit--PLANNING_GROUP-arrow"}]}
RESULT: undefined
COMMAND: POST /session/d1a395b1624be07bc117af6a930c8232/element - {"using":"xpath","value":"//*[@id=\"application-manageresources-display-component---newResourceUnit--PLANNING_GROUP-arrow\"]"}
RESULT: {}
RESULT: {"using":"xpath","value":"//*[@id=\"application-manageresources-display-component---newResourceUnit--PLANNING_GROUP-arrow\"]"}
COMMAND: POST /session/d1a395b1624be07bc117af6a930c8232/element/f.AB5CB7F68D9467DB6E6600E6EA1FB744.d.DC0506175587C79BBF5A6DD0A6137289.e.9699/click - {}
RESULT: {}
COMMAND: POST /session/d1a395b1624be07bc117af6a930c8232/execute/async - {"script":"<script> [1562 bytes]","args":[{"selector":{"controlType":"sap.m.StandardListItem","viewName":"reusables.view.manageresources.NewResourceUnit","viewId":"application-manageresources-display-component---newResourceUnit","properties":{"title":"Heavy Equi"},"searchOpenDialogs":true,"interaction":{"idSuffix":"content"}},"wdio_ui5_key":"reusablesview.manageresources.NewResourceUnitsap.m.StandardListItem{\"title\":\"Heavy Equi\"}"}]}
COMMAND: GET /session/d1a395b1624be07bc117af6a930c8232/screenshot - {}
RESULT: {"script":"<script> [1562 bytes]","args":[{"selector":{"controlType":"sap.m.StandardListItem","viewName":"reusables.view.manageresources.NewResourceUnit","viewId":"application-manageresources-display-component---newResourceUnit","properties":{"title":"Heavy Equi"},"searchOpenDialogs":true,"interaction":{"idSuffix":"content"}},"wdio_ui5_key":"reusablesview.manageresources.NewResourceUnitsap.m.StandardListItem{\"title\":\"Heavy Equi\"}"}]}
RESULT: undefined
COMMAND: POST /session/d1a395b1624be07bc117af6a930c8232/element - {"using":"xpath","value":"//*[@id=\"__item320\"]"}
RESULT: {}
RESULT: {"using":"xpath","value":"//*[@id=\"__item320\"]"}
COMMAND: POST /session/d1a395b1624be07bc117af6a930c8232/element/f.AB5CB7F68D9467DB6E6600E6EA1FB744.d.DC0506175587C79BBF5A6DD0A6137289.e.9701/click - {}
RESULT: {}
COMMAND: GET /session/d1a395b1624be07bc117af6a930c8232/screenshot - {}
RESULT: {}
COMMAND: POST /session/d1a395b1624be07bc117af6a930c8232/execute/async - {"script":"<script> [1562 bytes]","args":[{"selector":{"id":"application-manageresources-display-component---newResourceUnit--PLANNING_INDICATOR-arrow"},"wdio_ui5_key":"applicationmanageresources-display-component---newResourceUnit--PLANNING_INDICATOR-arrow"}]}
RESULT: {"script":"<script> [1562 bytes]","args":[{"selector":{"id":"application-manageresources-display-component---newResourceUnit--PLANNING_INDICATOR-arrow"},"wdio_ui5_key":"applicationmanageresources-display-component---newResourceUnit--PLANNING_INDICATOR-arrow"}]}
RESULT: undefined
COMMAND: POST /session/d1a395b1624be07bc117af6a930c8232/element - {"using":"xpath","value":"//*[@id=\"application-manageresources-display-component---newResourceUnit--PLANNING_INDICATOR-arrow\"]"}
RESULT: {"using":"xpath","value":"//*[@id=\"application-manageresources-display-component---newResourceUnit--PLANNING_INDICATOR-arrow\"]"}
COMMAND: POST /session/d1a395b1624be07bc117af6a930c8232/element/f.AB5CB7F68D9467DB6E6600E6EA1FB744.d.DC0506175587C79BBF5A6DD0A6137289.e.9702/click - {}
RESULT: {}
COMMAND: POST /session/d1a395b1624be07bc117af6a930c8232/execute/async - {"script":"<script> [1562 bytes]","args":[{"selector":{"controlType":"sap.m.StandardListItem","viewName":"reusables.view.manageresources.NewResourceUnit","viewId":"application-manageresources-display-component---newResourceUnit","properties":{"title":"10 - infinite"},"searchOpenDialogs":true,"interaction":{"idSuffix":"content"}},"wdio_ui5_key":"reusablesview.manageresources.NewResourceUnitsap.m.StandardListItem{\"title\":\"10 - infinite\"}"}]}
COMMAND: GET /session/d1a395b1624be07bc117af6a930c8232/screenshot - {}
RESULT: {"script":"<script> [1562 bytes]","args":[{"selector":{"controlType":"sap.m.StandardListItem","viewName":"reusables.view.manageresources.NewResourceUnit","viewId":"application-manageresources-display-component---newResourceUnit","properties":{"title":"10 - infinite"},"searchOpenDialogs":true,"interaction":{"idSuffix":"content"}},"wdio_ui5_key":"reusablesview.manageresources.NewResourceUnitsap.m.StandardListItem{\"title\":\"10 - infinite\"}"}]}
RESULT: undefined
COMMAND: POST /session/d1a395b1624be07bc117af6a930c8232/element - {"using":"xpath","value":"//*[@id=\"__item330\"]"}
RESULT: {}
RESULT: {"using":"xpath","value":"//*[@id=\"__item330\"]"}
COMMAND: POST /session/d1a395b1624be07bc117af6a930c8232/element/f.AB5CB7F68D9467DB6E6600E6EA1FB744.d.DC0506175587C79BBF5A6DD0A6137289.e.9704/click - {}
RESULT: {}
COMMAND: GET /session/d1a395b1624be07bc117af6a930c8232/screenshot - {}
RESULT: {}
COMMAND: POST /session/d1a395b1624be07bc117af6a930c8232/element - {"using":"xpath","value":"//bdi[contains(text(), \"Time Segment\")]"}
RESULT: {"using":"xpath","value":"//bdi[contains(text(), \"Time Segment\")]"}
COMMAND: GET /session/d1a395b1624be07bc117af6a930c8232/element/f.AB5CB7F68D9467DB6E6600E6EA1FB744.d.DC0506175587C79BBF5A6DD0A6137289.e.9705/rect - {}
RESULT: {}
COMMAND: GET /session/d1a395b1624be07bc117af6a930c8232/window/rect - {}
RESULT: {}
COMMAND: POST /session/d1a395b1624be07bc117af6a930c8232/execute/sync - {"script":"<script> [92 bytes]","args":[]}
RESULT: {"script":"<script> [92 bytes]","args":[]}
COMMAND: POST /session/d1a395b1624be07bc117af6a930c8232/actions - {"actions":[{"id":"action30","type":"wheel","parameters":{},"actions":[{"type":"scroll","x":-1820,"y":-21,"deltaX":0,"deltaY":0,"duration":0,"origin":{"element-6066-11e4-a52e-4f735466cecf":"f.AB5CB7F68D9467DB6E6600E6EA1FB744.d.DC0506175587C79BBF5A6DD0A6137289.e.9705"}}]}]}
COMMAND: GET /session/d1a395b1624be07bc117af6a930c8232/screenshot - {}
RESULT: {}
COMMAND: POST /session/d1a395b1624be07bc117af6a930c8232/execute/sync - {"script":"<script> [79 bytes]","args":[{"element-6066-11e4-a52e-4f735466cecf":"f.AB5CB7F68D9467DB6E6600E6EA1FB744.d.DC0506175587C79BBF5A6DD0A6137289.e.9705","ELEMENT":"f.AB5CB7F68D9467DB6E6600E6EA1FB744.d.DC0506175587C79BBF5A6DD0A6137289.e.9705"},{"block":"start","inline":"nearest"}]}
RESULT: {"script":"<script> [79 bytes]","args":[{"element-6066-11e4-a52e-4f735466cecf":"f.AB5CB7F68D9467DB6E6600E6EA1FB744.d.DC0506175587C79BBF5A6DD0A6137289.e.9705","ELEMENT":"f.AB5CB7F68D9467DB6E6600E6EA1FB744.d.DC0506175587C79BBF5A6DD0A6137289.e.9705"},{"block":"start","inline":"nearest"}]}
COMMAND: GET /session/d1a395b1624be07bc117af6a930c8232/screenshot - {}
RESULT: {}
COMMAND: POST /session/d1a395b1624be07bc117af6a930c8232/element - {"using":"xpath","value":"//span[@id=\"application-manageresources-display-component---newResourceUnit--btnAddTimeSegment-img\"]"}
RESULT: {"using":"xpath","value":"//span[@id=\"application-manageresources-display-component---newResourceUnit--btnAddTimeSegment-img\"]"}
COMMAND: POST /session/d1a395b1624be07bc117af6a930c8232/execute/sync - {"script":"<script> [8489 bytes]","args":[{"element-6066-11e4-a52e-4f735466cecf":"f.AB5CB7F68D9467DB6E6600E6EA1FB744.d.DC0506175587C79BBF5A6DD0A6137289.e.9708","ELEMENT":"f.AB5CB7F68D9467DB6E6600E6EA1FB744.d.DC0506175587C79BBF5A6DD0A6137289.e.9708"}]}
RESULT: {"script":"<script> [8489 bytes]","args":[{"element-6066-11e4-a52e-4f735466cecf":"f.AB5CB7F68D9467DB6E6600E6EA1FB744.d.DC0506175587C79BBF5A6DD0A6137289.e.9708","ELEMENT":"f.AB5CB7F68D9467DB6E6600E6EA1FB744.d.DC0506175587C79BBF5A6DD0A6137289.e.9708"}]}
COMMAND: POST /session/d1a395b1624be07bc117af6a930c8232/element/f.AB5CB7F68D9467DB6E6600E6EA1FB744.d.DC0506175587C79BBF5A6DD0A6137289.e.9708/click - {}
COMMAND: GET /session/d1a395b1624be07bc117af6a930c8232/screenshot - {}
RESULT: {}
COMMAND: GET /session/d1a395b1624be07bc117af6a930c8232/screenshot - {}
RESULT: {}
COMMAND: POST /session/d1a395b1624be07bc117af6a930c8232/element - {"using":"xpath","value":"//input[@id=\"application-manageresources-display-component---newResourceUnit--idRuTSAdmin-application-manageresources-display-component---newResourceUnit--RUTimeSegment-0-inner\"]"}
RESULT: {}
RESULT: {"using":"xpath","value":"//input[@id=\"application-manageresources-display-component---newResourceUnit--idRuTSAdmin-application-manageresources-display-component---newResourceUnit--RUTimeSegment-0-inner\"]"}
COMMAND: POST /session/d1a395b1624be07bc117af6a930c8232/element/f.AB5CB7F68D9467DB6E6600E6EA1FB744.d.DC0506175587C79BBF5A6DD0A6137289.e.9711/clear - {}
RESULT: {}
COMMAND: POST /session/d1a395b1624be07bc117af6a930c8232/element/f.AB5CB7F68D9467DB6E6600E6EA1FB744.d.DC0506175587C79BBF5A6DD0A6137289.e.9711/value - {"text":"WebdriverWHMYardo49le"}
COMMAND: GET /session/d1a395b1624be07bc117af6a930c8232/screenshot - {}
RESULT: {"text":"WebdriverWHMYardo49le"}
COMMAND: GET /session/d1a395b1624be07bc117af6a930c8232/screenshot - {}
RESULT: {}
RESULT: {}
COMMAND: POST /session/d1a395b1624be07bc117af6a930c8232/actions - {"actions":[{"id":"action31","type":"key","parameters":{},"actions":[{"type":"keyDown","value":"î€‡"},{"type":"pause","duration":10},{"type":"keyUp","value":"î€‡"}]}]}
RESULT: {"actions":[{"id":"action31","type":"key","parameters":{},"actions":[{"type":"keyDown","value":"î€‡"},{"type":"pause","duration":10},{"type":"keyUp","value":"î€‡"}]}]}
COMMAND: GET /session/d1a395b1624be07bc117af6a930c8232/screenshot - {}
RESULT: {}
COMMAND: POST /session/d1a395b1624be07bc117af6a930c8232/execute/async - {"script":"<script> [1562 bytes]","args":[{"selector":{"controlType":"sap.m.Button","viewName":"reusables.view.manageresources.NewResourceUnit","viewId":"application-manageresources-display-component---newResourceUnit","i18NText":{"propertyName":"tooltip","key":"save"},"interaction":{"idSuffix":"BDI-content"}},"wdio_ui5_key":"reusablesview.manageresources.NewResourceUnitsap.m.Button{\"propertyName\":\"tooltip\",\"key\":\"save\"}"}]}
RESULT: {"script":"<script> [1562 bytes]","args":[{"selector":{"controlType":"sap.m.Button","viewName":"reusables.view.manageresources.NewResourceUnit","viewId":"application-manageresources-display-component---newResourceUnit","i18NText":{"propertyName":"tooltip","key":"save"},"interaction":{"idSuffix":"BDI-content"}},"wdio_ui5_key":"reusablesview.manageresources.NewResourceUnitsap.m.Button{\"propertyName\":\"tooltip\",\"key\":\"save\"}"}]}
RESULT: undefined
COMMAND: POST /session/d1a395b1624be07bc117af6a930c8232/element - {"using":"xpath","value":"//*[@id=\"application-manageresources-display-component---newResourceUnit--createRuButton\"]"}
RESULT: {"using":"xpath","value":"//*[@id=\"application-manageresources-display-component---newResourceUnit--createRuButton\"]"}
COMMAND: POST /session/d1a395b1624be07bc117af6a930c8232/element/f.AB5CB7F68D9467DB6E6600E6EA1FB744.d.DC0506175587C79BBF5A6DD0A6137289.e.9637/click - {}
RESULT: {}
COMMAND: GET /session/d1a395b1624be07bc117af6a930c8232/screenshot - {}
RESULT: {}
COMMAND: POST /session/d1a395b1624be07bc117af6a930c8232/execute/async - {"script":"<script> [1562 bytes]","args":[{"selector":{"controlType":"sap.m.Title","properties":{"text":"Success"},"searchOpenDialogs":true},"wdio_ui5_key":"sapm.Title{\"text\":\"Success\"}"}]}
RESULT: {"script":"<script> [1562 bytes]","args":[{"selector":{"controlType":"sap.m.Title","properties":{"text":"Success"},"searchOpenDialogs":true},"wdio_ui5_key":"sapm.Title{\"text\":\"Success\"}"}]}
RESULT: undefined
COMMAND: POST /session/d1a395b1624be07bc117af6a930c8232/execute/async - {"script":"<script> [6424 bytes]","args":[{"element-6066-11e4-a52e-4f735466cecf":"f.AB5CB7F68D9467DB6E6600E6EA1FB744.d.DC0506175587C79BBF5A6DD0A6137289.e.9726"},"getText",[]]}
RESULT: {"script":"<script> [6424 bytes]","args":[{"element-6066-11e4-a52e-4f735466cecf":"f.AB5CB7F68D9467DB6E6600E6EA1FB744.d.DC0506175587C79BBF5A6DD0A6137289.e.9726"},"getText",[]]}
COMMAND: POST /session/d1a395b1624be07bc117af6a930c8232/element - {"using":"xpath","value":"//*[contains(@id, '__text') and (contains(text(), 'successfully created') or contains(., 'successfully created'))]"}
RESULT: {"using":"xpath","value":"//*[contains(@id, '__text') and (contains(text(), 'successfully created') or contains(., 'successfully created'))]"}
COMMAND: GET /session/d1a395b1624be07bc117af6a930c8232/element/f.AB5CB7F68D9467DB6E6600E6EA1FB744.d.DC0506175587C79BBF5A6DD0A6137289.e.9725/text - {}
RESULT: {}
COMMAND: POST /session/d1a395b1624be07bc117af6a930c8232/execute/async - {"script":"<script> [1562 bytes]","args":[{"selector":{"controlType":"sap.m.Button","properties":{"text":"Close"},"searchOpenDialogs":true,"interaction":{"idSuffix":"BDI-content"}},"wdio_ui5_key":"sapm.Button{\"text\":\"Close\"}"}]}
RESULT: {"script":"<script> [1562 bytes]","args":[{"selector":{"controlType":"sap.m.Button","properties":{"text":"Close"},"searchOpenDialogs":true,"interaction":{"idSuffix":"BDI-content"}},"wdio_ui5_key":"sapm.Button{\"text\":\"Close\"}"}]}
RESULT: undefined
COMMAND: POST /session/d1a395b1624be07bc117af6a930c8232/element - {"using":"xpath","value":"//*[@id=\"__mbox-btn-0\"]"}
RESULT: {"using":"xpath","value":"//*[@id=\"__mbox-btn-0\"]"}
COMMAND: POST /session/d1a395b1624be07bc117af6a930c8232/element/f.AB5CB7F68D9467DB6E6600E6EA1FB744.d.DC0506175587C79BBF5A6DD0A6137289.e.9722/click - {}
RESULT: {}
COMMAND: GET /session/d1a395b1624be07bc117af6a930c8232/screenshot - {}
RESULT: {}
COMMAND: POST /session/d1a395b1624be07bc117af6a930c8232/execute/async - {"script":"<script> [1562 bytes]","args":[{"selector":{"controlType":"sap.ui.core.Icon","viewName":"etm.portal.ui.manageresources.view.Detail","viewId":"application-manageresources-display-component---detailRU","properties":{"src":{"regex":{"source":"overflow"}}}},"wdio_ui5_key":"etmportal.ui.manageresources.view.Detailsap.ui.core.Icon{\"src\":{\"regex\":{\"source\":\"overflow\"}}}"}]}
RESULT: {"script":"<script> [1562 bytes]","args":[{"selector":{"controlType":"sap.ui.core.Icon","viewName":"etm.portal.ui.manageresources.view.Detail","viewId":"application-manageresources-display-component---detailRU","properties":{"src":{"regex":{"source":"overflow"}}}},"wdio_ui5_key":"etmportal.ui.manageresources.view.Detailsap.ui.core.Icon{\"src\":{\"regex\":{\"source\":\"overflow\"}}}"}]}
RESULT: undefined
COMMAND: POST /session/d1a395b1624be07bc117af6a930c8232/element - {"using":"xpath","value":"//*[@id=\"__title18-_actionsToolbar-overflowButton-img\"]"}
RESULT: {"using":"xpath","value":"//*[@id=\"__title18-_actionsToolbar-overflowButton-img\"]"}
COMMAND: POST /session/d1a395b1624be07bc117af6a930c8232/element/f.AB5CB7F68D9467DB6E6600E6EA1FB744.d.DC0506175587C79BBF5A6DD0A6137289.e.9761/click - {}
RESULT: {}
COMMAND: POST /session/d1a395b1624be07bc117af6a930c8232/execute/async - {"script":"<script> [1562 bytes]","args":[{"selector":{"controlType":"sap.m.Button","viewName":"etm.portal.ui.manageresources.view.Detail","viewId":"application-manageresources-display-component---detailRU","i18NText":{"propertyName":"tooltip","key":"closeColumn"},"searchOpenDialogs":true,"interaction":{"idSuffix":"inner"}},"wdio_ui5_key":"etmportal.ui.manageresources.view.Detailsap.m.Button{\"propertyName\":\"tooltip\",\"key\":\"closeColumn\"}"}]}
COMMAND: GET /session/d1a395b1624be07bc117af6a930c8232/screenshot - {}
RESULT: {"script":"<script> [1562 bytes]","args":[{"selector":{"controlType":"sap.m.Button","viewName":"etm.portal.ui.manageresources.view.Detail","viewId":"application-manageresources-display-component---detailRU","i18NText":{"propertyName":"tooltip","key":"closeColumn"},"searchOpenDialogs":true,"interaction":{"idSuffix":"inner"}},"wdio_ui5_key":"etmportal.ui.manageresources.view.Detailsap.m.Button{\"propertyName\":\"tooltip\",\"key\":\"closeColumn\"}"}]}
RESULT: undefined
COMMAND: POST /session/d1a395b1624be07bc117af6a930c8232/element - {"using":"xpath","value":"//*[@id=\"__button47\"]"}
RESULT: {}
RESULT: {"using":"xpath","value":"//*[@id=\"__button47\"]"}
COMMAND: POST /session/d1a395b1624be07bc117af6a930c8232/element/f.AB5CB7F68D9467DB6E6600E6EA1FB744.d.DC0506175587C79BBF5A6DD0A6137289.e.9763/click - {}
RESULT: {}
COMMAND: GET /session/d1a395b1624be07bc117af6a930c8232/screenshot - {}
RESULT: {}
COMMAND: POST /session/d1a395b1624be07bc117af6a930c8232/refresh - {}
RESULT: {}
COMMAND: GET /session/d1a395b1624be07bc117af6a930c8232/screenshot - {}
RESULT: {}
COMMAND: POST /session/d1a395b1624be07bc117af6a930c8232/execute/async - {"script":"<script> [189 bytes]","args":[]}
RESULT: {"script":"<script> [189 bytes]","args":[]}
COMMAND: POST /session/d1a395b1624be07bc117af6a930c8232/execute/async - {"script":"<script> [123 bytes]","args":[]}
RESULT: {"script":"<script> [123 bytes]","args":[]}
COMMAND: POST /session/d1a395b1624be07bc117af6a930c8232/timeouts - {"script":"<number>"}
RESULT: {"script":"<number>"}
COMMAND: GET /session/d1a395b1624be07bc117af6a930c8232/timeouts - {}
RESULT: {}
RESULT: undefined
COMMAND: POST /session/d1a395b1624be07bc117af6a930c8232/execute/async - {"script":"<script> [2676 bytes]","args":[]}
RESULT: {"script":"<script> [2676 bytes]","args":[]}
COMMAND: POST /session/d1a395b1624be07bc117af6a930c8232/execute/async - {"script":"<script> [2342 bytes]","args":[{"protocol":"http","hostname":"0.0.0.0","path":"/","capabilities":{"browserName":"chrome","goog:chromeOptions":{"binary":"C:\\Program Files\\Google\\Chrome\\Application\\chrome.exe","args":["--start-maximized"]}},"logLevel":"warn","connectionRetryTimeout":120000,"connectionRetryCount":3,"logLevels":{},"enableDirectConnect":true,"strictSSL":true,"_":"65 more keys: [\"cacheDir\",\"port\",\"requestedCapabilities\",\"automationProtocol\",\"baseUrl\",\"waitforInterval\",\"waitforTimeout\",\"onReload\",\"beforeCommand\",\"afterCommand\",\"rootDir\",\"specs\",\"suites\",\"exclude\",\"groupLogsByTestSpec\",\"excludeDriverLogs\",\"bail\",\"framework\",\"reporters\",\"services\",\"maxInstances\",\"maxInstancesPerCapability\",\"injectGlobals\",\"filesToWatch\",\"execArgv\",\"runnerEnv\",\"runner\",\"shard\",\"specFileRetries\",\"specFileRetriesDelay\",\"specFileRetriesDeferred\",\"reporterSyncInterval\",\"reporterSyncTimeout\",\"cucumberFeaturesWithLineNumbers\",\"autoCompileOpts\",\"mochaOpts\",\"jasmineOpts\",\"cucumberOpts\",\"onPrepare\",\"onWorkerStart\",\"onWorkerEnd\",\"before\",\"beforeSession\",\"beforeSuite\",\"beforeHook\",\"beforeTest\",\"afterTest\",\"afterHook\",\"afterSuite\",\"afterSession\",\"after\",\"onComplete\",\"beforeAssertion\",\"afterAssertion\",\"beforeFeature\",\"beforeScenario\",\"beforeStep\",\"afterStep\",\"afterScenario\",\"afterFeature\",\"_\",\"suite\",\"$0\",\"ignoredWorkerServices\",\"wdi5\"]"}]}
RESULT: {"script":"<script> [2342 bytes]","args":[{"protocol":"http","hostname":"0.0.0.0","path":"/","capabilities":{"browserName":"chrome","goog:chromeOptions":{"binary":"C:\\Program Files\\Google\\Chrome\\Application\\chrome.exe","args":["--start-maximized"]}},"logLevel":"warn","connectionRetryTimeout":120000,"connectionRetryCount":3,"logLevels":{},"enableDirectConnect":true,"strictSSL":true,"_":"65 more keys: [\"cacheDir\",\"port\",\"requestedCapabilities\",\"automationProtocol\",\"baseUrl\",\"waitforInterval\",\"waitforTimeout\",\"onReload\",\"beforeCommand\",\"afterCommand\",\"rootDir\",\"specs\",\"suites\",\"exclude\",\"groupLogsByTestSpec\",\"excludeDriverLogs\",\"bail\",\"framework\",\"reporters\",\"services\",\"maxInstances\",\"maxInstancesPerCapability\",\"injectGlobals\",\"filesToWatch\",\"execArgv\",\"runnerEnv\",\"runner\",\"shard\",\"specFileRetries\",\"specFileRetriesDelay\",\"specFileRetriesDeferred\",\"reporterSyncInterval\",\"reporterSyncTimeout\",\"cucumberFeaturesWithLineNumbers\",\"autoCompileOpts\",\"mochaOpts\",\"jasmineOpts\",\"cucumberOpts\",\"onPrepare\",\"onWorkerStart\",\"onWorkerEnd\",\"before\",\"beforeSession\",\"beforeSuite\",\"beforeHook\",\"beforeTest\",\"afterTest\",\"afterHook\",\"afterSuite\",\"afterSession\",\"after\",\"onComplete\",\"beforeAssertion\",\"afterAssertion\",\"beforeFeature\",\"beforeScenario\",\"beforeStep\",\"afterStep\",\"afterScenario\",\"afterFeature\",\"_\",\"suite\",\"$0\",\"ignoredWorkerServices\",\"wdi5\"]"}]}
COMMAND: POST /session/d1a395b1624be07bc117af6a930c8232/execute/async - {"script":"<script> [21126 bytes]","args":[35000]}
RESULT: {"script":"<script> [21126 bytes]","args":[35000]}
COMMAND: POST /session/d1a395b1624be07bc117af6a930c8232/element - {"using":"css selector","value":"#shell-header-logo"}
RESULT: {"using":"css selector","value":"#shell-header-logo"}
COMMAND: POST /session/d1a395b1624be07bc117af6a930c8232/element/f.AB5CB7F68D9467DB6E6600E6EA1FB744.d.D22B37081E962E1284B79CB88AEB5FF0.e.9859/click - {}
RESULT: {}
COMMAND: GET /session/d1a395b1624be07bc117af6a930c8232/screenshot - {}
RESULT: {}
COMMAND: POST /session/d1a395b1624be07bc117af6a930c8232/element - {"using":"css selector","value":"#shell-header-logo"}
RESULT: {"using":"css selector","value":"#shell-header-logo"}
COMMAND: POST /session/d1a395b1624be07bc117af6a930c8232/element/f.AB5CB7F68D9467DB6E6600E6EA1FB744.d.D22B37081E962E1284B79CB88AEB5FF0.e.10038/click - {}
RESULT: {}
COMMAND: GET /session/d1a395b1624be07bc117af6a930c8232/screenshot - {}
RESULT: {}
]]></system-out>
    </testcase>
    <testcase classname="chrome.135_0_7049_96.windows.Warehouse_movements_inventory_test" name="Should do a stock increase handover" time="70.536">
      <system-out><![CDATA[
COMMAND: POST /session/d1a395b1624be07bc117af6a930c8232/execute/async - {"script":"<script> [1562 bytes]","args":[{"selector":{"controlType":"sap.m.Text","viewName":"etm.portal.ui.managehandoverstile.view.Master","properties":{"text":"Manage Handovers"},"interaction":{"idSuffix":"inner"}},"wdio_ui5_key":"etmportal.ui.managehandoverstile.view.Mastersap.m.Text{\"text\":\"Manage Handovers\"}"}]}
RESULT: {"script":"<script> [1562 bytes]","args":[{"selector":{"controlType":"sap.m.Text","viewName":"etm.portal.ui.managehandoverstile.view.Master","properties":{"text":"Manage Handovers"},"interaction":{"idSuffix":"inner"}},"wdio_ui5_key":"etmportal.ui.managehandoverstile.view.Mastersap.m.Text{\"text\":\"Manage Handovers\"}"}]}
RESULT: undefined
COMMAND: POST /session/d1a395b1624be07bc117af6a930c8232/element - {"using":"xpath","value":"//*[@id=\"__tile132-title\"]"}
RESULT: {"using":"xpath","value":"//*[@id=\"__tile132-title\"]"}
COMMAND: POST /session/d1a395b1624be07bc117af6a930c8232/element/f.AB5CB7F68D9467DB6E6600E6EA1FB744.d.D22B37081E962E1284B79CB88AEB5FF0.e.10042/click - {}
RESULT: {}
COMMAND: GET /session/d1a395b1624be07bc117af6a930c8232/screenshot - {}
RESULT: {}
COMMAND: POST /session/d1a395b1624be07bc117af6a930c8232/element - {"using":"xpath","value":"//button[(@data-kt = 'masterHOAddButton')]"}
RESULT: {"using":"xpath","value":"//button[(@data-kt = 'masterHOAddButton')]"}
COMMAND: POST /session/d1a395b1624be07bc117af6a930c8232/element/f.AB5CB7F68D9467DB6E6600E6EA1FB744.d.D22B37081E962E1284B79CB88AEB5FF0.e.10084/click - {}
RESULT: {}
COMMAND: GET /session/d1a395b1624be07bc117af6a930c8232/screenshot - {}
RESULT: {}
COMMAND: POST /session/d1a395b1624be07bc117af6a930c8232/element - {"using":"xpath","value":"//span[contains(@id ,\"AddNewHO--typeSelect-arrow\")]"}
RESULT: {"using":"xpath","value":"//span[contains(@id ,\"AddNewHO--typeSelect-arrow\")]"}
COMMAND: POST /session/d1a395b1624be07bc117af6a930c8232/element/f.AB5CB7F68D9467DB6E6600E6EA1FB744.d.D22B37081E962E1284B79CB88AEB5FF0.e.10387/click - {}
RESULT: {}
COMMAND: POST /session/d1a395b1624be07bc117af6a930c8232/element - {"using":"xpath","value":"(//li[contains(text(), \"stock increase yard\")])[1]"}
COMMAND: GET /session/d1a395b1624be07bc117af6a930c8232/screenshot - {}
RESULT: {"using":"xpath","value":"(//li[contains(text(), \"stock increase yard\")])[1]"}
COMMAND: POST /session/d1a395b1624be07bc117af6a930c8232/element/f.AB5CB7F68D9467DB6E6600E6EA1FB744.d.D22B37081E962E1284B79CB88AEB5FF0.e.10388/click - {}
RESULT: {}
RESULT: {}
COMMAND: GET /session/d1a395b1624be07bc117af6a930c8232/screenshot - {}
RESULT: {}
COMMAND: POST /session/d1a395b1624be07bc117af6a930c8232/execute/async - {"script":"<script> [1562 bytes]","args":[{"selector":{"id":"application-managehandovers-display-component---AddNewHO--dueDate","interaction":{"idSuffix":"inner"}},"wdio_ui5_key":"applicationmanagehandovers-display-component---AddNewHO--dueDate"}]}
RESULT: {"script":"<script> [1562 bytes]","args":[{"selector":{"id":"application-managehandovers-display-component---AddNewHO--dueDate","interaction":{"idSuffix":"inner"}},"wdio_ui5_key":"applicationmanagehandovers-display-component---AddNewHO--dueDate"}]}
RESULT: undefined
COMMAND: POST /session/d1a395b1624be07bc117af6a930c8232/execute/async - {"script":"<script> [6424 bytes]","args":[{"element-6066-11e4-a52e-4f735466cecf":"f.AB5CB7F68D9467DB6E6600E6EA1FB744.d.D22B37081E962E1284B79CB88AEB5FF0.e.10390"},"setValue",["04/25/2025"]]}
RESULT: {"script":"<script> [6424 bytes]","args":[{"element-6066-11e4-a52e-4f735466cecf":"f.AB5CB7F68D9467DB6E6600E6EA1FB744.d.D22B37081E962E1284B79CB88AEB5FF0.e.10390"},"setValue",["04/25/2025"]]}
COMMAND: POST /session/d1a395b1624be07bc117af6a930c8232/element - {"using":"xpath","value":"//input[@id=\"generalSectionFrg--receiveYard-inner\"]"}
RESULT: {"using":"xpath","value":"//input[@id=\"generalSectionFrg--receiveYard-inner\"]"}
COMMAND: POST /session/d1a395b1624be07bc117af6a930c8232/element/f.AB5CB7F68D9467DB6E6600E6EA1FB744.d.D22B37081E962E1284B79CB88AEB5FF0.e.10396/clear - {}
RESULT: {}
COMMAND: POST /session/d1a395b1624be07bc117af6a930c8232/element/f.AB5CB7F68D9467DB6E6600E6EA1FB744.d.D22B37081E962E1284B79CB88AEB5FF0.e.10396/value - {"text":"WebdriverWHMYardo49le"}
COMMAND: GET /session/d1a395b1624be07bc117af6a930c8232/screenshot - {}
RESULT: {"text":"WebdriverWHMYardo49le"}
COMMAND: GET /session/d1a395b1624be07bc117af6a930c8232/screenshot - {}
RESULT: {}
RESULT: {}
COMMAND: POST /session/d1a395b1624be07bc117af6a930c8232/execute/async - {"script":"<script> [1562 bytes]","args":[{"selector":{"id":"application-managehandovers-display-component---AddNewHO--ObjectPageLayout-anchBar-application-managehandovers-display-component---AddNewHO--section4-anchor","interaction":{"idSuffix":"BDI-content"}},"wdio_ui5_key":"applicationmanagehandovers-display-component---AddNewHO--ObjectPageLayout-anchBar-application-managehandovers-display-component---AddNewHO--section4-anchor"}]}
RESULT: {"script":"<script> [1562 bytes]","args":[{"selector":{"id":"application-managehandovers-display-component---AddNewHO--ObjectPageLayout-anchBar-application-managehandovers-display-component---AddNewHO--section4-anchor","interaction":{"idSuffix":"BDI-content"}},"wdio_ui5_key":"applicationmanagehandovers-display-component---AddNewHO--ObjectPageLayout-anchBar-application-managehandovers-display-component---AddNewHO--section4-anchor"}]}
RESULT: undefined
COMMAND: POST /session/d1a395b1624be07bc117af6a930c8232/element - {"using":"xpath","value":"//*[@id=\"application-managehandovers-display-component---AddNewHO--ObjectPageLayout-anchBar-application-managehandovers-display-component---AddNewHO--section4-anchor\"]"}
RESULT: {"using":"xpath","value":"//*[@id=\"application-managehandovers-display-component---AddNewHO--ObjectPageLayout-anchBar-application-managehandovers-display-component---AddNewHO--section4-anchor\"]"}
COMMAND: POST /session/d1a395b1624be07bc117af6a930c8232/element/f.AB5CB7F68D9467DB6E6600E6EA1FB744.d.D22B37081E962E1284B79CB88AEB5FF0.e.10414/click - {}
RESULT: {}
COMMAND: GET /session/d1a395b1624be07bc117af6a930c8232/screenshot - {}
RESULT: {}
COMMAND: POST /session/d1a395b1624be07bc117af6a930c8232/element - {"using":"xpath","value":"//button[@aria-label=\"Add\"]"}
RESULT: {"using":"xpath","value":"//button[@aria-label=\"Add\"]"}
COMMAND: POST /session/d1a395b1624be07bc117af6a930c8232/element/f.AB5CB7F68D9467DB6E6600E6EA1FB744.d.D22B37081E962E1284B79CB88AEB5FF0.e.10418/click - {}
RESULT: {}
COMMAND: GET /session/d1a395b1624be07bc117af6a930c8232/screenshot - {}
RESULT: {}
COMMAND: POST /session/d1a395b1624be07bc117af6a930c8232/execute/async - {"script":"<script> [1562 bytes]","args":[{"selector":{"id":"application-managehandovers-display-component---AddNewHO--smartFilterBar-btnBasicSearch","searchOpenDialogs":true,"interaction":{"idSuffix":"I"}},"wdio_ui5_key":"applicationmanagehandovers-display-component---AddNewHO--smartFilterBar-btnBasicSearch"}]}
RESULT: {"script":"<script> [1562 bytes]","args":[{"selector":{"id":"application-managehandovers-display-component---AddNewHO--smartFilterBar-btnBasicSearch","searchOpenDialogs":true,"interaction":{"idSuffix":"I"}},"wdio_ui5_key":"applicationmanagehandovers-display-component---AddNewHO--smartFilterBar-btnBasicSearch"}]}
RESULT: undefined
COMMAND: POST /session/d1a395b1624be07bc117af6a930c8232/execute/async - {"script":"<script> [776 bytes]","args":[{"enterText":"WebdriverRUR2C2v84y","selector":{"id":"application-managehandovers-display-component---AddNewHO--smartFilterBar-btnBasicSearch","searchOpenDialogs":true,"interaction":{"idSuffix":"I"}},"clearTextFirst":true,"interactionType":"ENTER_TEXT"}]}
RESULT: {"script":"<script> [776 bytes]","args":[{"enterText":"WebdriverRUR2C2v84y","selector":{"id":"application-managehandovers-display-component---AddNewHO--smartFilterBar-btnBasicSearch","searchOpenDialogs":true,"interaction":{"idSuffix":"I"}},"clearTextFirst":true,"interactionType":"ENTER_TEXT"}]}
COMMAND: POST /session/d1a395b1624be07bc117af6a930c8232/actions - {"actions":[{"id":"action32","type":"key","parameters":{},"actions":[{"type":"keyDown","value":"î€‡"},{"type":"pause","duration":10},{"type":"keyUp","value":"î€‡"}]}]}
RESULT: {"actions":[{"id":"action32","type":"key","parameters":{},"actions":[{"type":"keyDown","value":"î€‡"},{"type":"pause","duration":10},{"type":"keyUp","value":"î€‡"}]}]}
COMMAND: POST /session/d1a395b1624be07bc117af6a930c8232/execute/async - {"script":"<script> [1562 bytes]","args":[{"selector":{"id":"application-managehandovers-display-component---AddNewHO--popup-sa","searchOpenDialogs":true,"interaction":{"idSuffix":"CbBg"}},"wdio_ui5_key":"applicationmanagehandovers-display-component---AddNewHO--popup-sa"}]}
COMMAND: GET /session/d1a395b1624be07bc117af6a930c8232/screenshot - {}
RESULT: {"script":"<script> [1562 bytes]","args":[{"selector":{"id":"application-managehandovers-display-component---AddNewHO--popup-sa","searchOpenDialogs":true,"interaction":{"idSuffix":"CbBg"}},"wdio_ui5_key":"applicationmanagehandovers-display-component---AddNewHO--popup-sa"}]}
RESULT: undefined
COMMAND: POST /session/d1a395b1624be07bc117af6a930c8232/element - {"using":"xpath","value":"//*[@id=\"application-managehandovers-display-component---AddNewHO--popup-sa\"]"}
RESULT: {}
RESULT: {"using":"xpath","value":"//*[@id=\"application-managehandovers-display-component---AddNewHO--popup-sa\"]"}
COMMAND: POST /session/d1a395b1624be07bc117af6a930c8232/element/f.AB5CB7F68D9467DB6E6600E6EA1FB744.d.D22B37081E962E1284B79CB88AEB5FF0.e.10559/click - {}
RESULT: {}
COMMAND: GET /session/d1a395b1624be07bc117af6a930c8232/screenshot - {}
RESULT: {}
COMMAND: POST /session/d1a395b1624be07bc117af6a930c8232/element - {"using":"xpath","value":"//bdi[contains(text(), \"Select\")]"}
RESULT: {"using":"xpath","value":"//bdi[contains(text(), \"Select\")]"}
COMMAND: POST /session/d1a395b1624be07bc117af6a930c8232/element/f.AB5CB7F68D9467DB6E6600E6EA1FB744.d.D22B37081E962E1284B79CB88AEB5FF0.e.10560/click - {}
RESULT: {}
COMMAND: GET /session/d1a395b1624be07bc117af6a930c8232/screenshot - {}
RESULT: {}
COMMAND: POST /session/d1a395b1624be07bc117af6a930c8232/element - {"using":"xpath","value":"//button[@data-kt=\"AddNewHOSaveButton\"]"}
RESULT: {"using":"xpath","value":"//button[@data-kt=\"AddNewHOSaveButton\"]"}
COMMAND: POST /session/d1a395b1624be07bc117af6a930c8232/element/f.AB5CB7F68D9467DB6E6600E6EA1FB744.d.D22B37081E962E1284B79CB88AEB5FF0.e.10564/click - {}
RESULT: {}
COMMAND: GET /session/d1a395b1624be07bc117af6a930c8232/screenshot - {}
RESULT: {}
COMMAND: POST /session/d1a395b1624be07bc117af6a930c8232/execute/async - {"script":"<script> [1562 bytes]","args":[{"selector":{"id":"receiptDatePicker","viewName":"etm.portal.ui.managehandovers.view.DetailExecuteHO","interaction":{"idSuffix":"inner"}},"wdio_ui5_key":"receiptDatePickeretmportal.ui.managehandovers.view.DetailExecuteHO"}]}
RESULT: {"script":"<script> [1562 bytes]","args":[{"selector":{"id":"receiptDatePicker","viewName":"etm.portal.ui.managehandovers.view.DetailExecuteHO","interaction":{"idSuffix":"inner"}},"wdio_ui5_key":"receiptDatePickeretmportal.ui.managehandovers.view.DetailExecuteHO"}]}
RESULT: undefined
COMMAND: POST /session/d1a395b1624be07bc117af6a930c8232/execute/async - {"script":"<script> [6424 bytes]","args":[{"element-6066-11e4-a52e-4f735466cecf":"f.AB5CB7F68D9467DB6E6600E6EA1FB744.d.D22B37081E962E1284B79CB88AEB5FF0.e.10592"},"setValue",["04/25/2025"]]}
RESULT: {"script":"<script> [6424 bytes]","args":[{"element-6066-11e4-a52e-4f735466cecf":"f.AB5CB7F68D9467DB6E6600E6EA1FB744.d.D22B37081E962E1284B79CB88AEB5FF0.e.10592"},"setValue",["04/25/2025"]]}
COMMAND: POST /session/d1a395b1624be07bc117af6a930c8232/element - {"using":"xpath","value":"//button[@data-kt=\"PickingTableConfirmAllButton\"]"}
RESULT: {"using":"xpath","value":"//button[@data-kt=\"PickingTableConfirmAllButton\"]"}
COMMAND: POST /session/d1a395b1624be07bc117af6a930c8232/element/f.AB5CB7F68D9467DB6E6600E6EA1FB744.d.D22B37081E962E1284B79CB88AEB5FF0.e.10610/click - {}
RESULT: {}
COMMAND: GET /session/d1a395b1624be07bc117af6a930c8232/screenshot - {}
RESULT: {}
COMMAND: POST /session/d1a395b1624be07bc117af6a930c8232/element - {"using":"xpath","value":"//bdi[contains(text(), \"OK\")]"}
RESULT: {"using":"xpath","value":"//bdi[contains(text(), \"OK\")]"}
COMMAND: POST /session/d1a395b1624be07bc117af6a930c8232/element/f.AB5CB7F68D9467DB6E6600E6EA1FB744.d.D22B37081E962E1284B79CB88AEB5FF0.e.10612/click - {}
RESULT: {}
COMMAND: GET /session/d1a395b1624be07bc117af6a930c8232/screenshot - {}
RESULT: {}
COMMAND: POST /session/d1a395b1624be07bc117af6a930c8232/element - {"using":"xpath","value":"(//bdi[contains(text(), \"Receive\")])[2]"}
RESULT: {"using":"xpath","value":"(//bdi[contains(text(), \"Receive\")])[2]"}
COMMAND: POST /session/d1a395b1624be07bc117af6a930c8232/element/f.AB5CB7F68D9467DB6E6600E6EA1FB744.d.D22B37081E962E1284B79CB88AEB5FF0.e.10614/click - {}
RESULT: {}
COMMAND: GET /session/d1a395b1624be07bc117af6a930c8232/screenshot - {}
RESULT: {}
COMMAND: POST /session/d1a395b1624be07bc117af6a930c8232/element - {"using":"css selector","value":"#shell-header-logo"}
RESULT: {"using":"css selector","value":"#shell-header-logo"}
COMMAND: POST /session/d1a395b1624be07bc117af6a930c8232/element/f.AB5CB7F68D9467DB6E6600E6EA1FB744.d.D22B37081E962E1284B79CB88AEB5FF0.e.10038/click - {}
RESULT: {}
COMMAND: GET /session/d1a395b1624be07bc117af6a930c8232/screenshot - {}
]]></system-out>
    </testcase>
    <testcase classname="chrome.135_0_7049_96.windows.Warehouse_movements_inventory_test" name="Verify the warehouse movement" time="41.223">
      <system-out><![CDATA[
COMMAND: POST /session/d1a395b1624be07bc117af6a930c8232/execute/async - {"script":"<script> [1562 bytes]","args":[{"selector":{"controlType":"sap.m.GenericTile","properties":{"header":"Manage Warehouse Movements"}},"wdio_ui5_key":"sapm.GenericTile{\"header\":\"Manage Warehouse Movements\"}"}]}
RESULT: {}
RESULT: {"script":"<script> [1562 bytes]","args":[{"selector":{"controlType":"sap.m.GenericTile","properties":{"header":"Manage Warehouse Movements"}},"wdio_ui5_key":"sapm.GenericTile{\"header\":\"Manage Warehouse Movements\"}"}]}
RESULT: undefined
COMMAND: POST /session/d1a395b1624be07bc117af6a930c8232/element - {"using":"xpath","value":"//*[@id=\"__tile105\"]"}
RESULT: {"using":"xpath","value":"//*[@id=\"__tile105\"]"}
COMMAND: POST /session/d1a395b1624be07bc117af6a930c8232/element/f.AB5CB7F68D9467DB6E6600E6EA1FB744.d.D22B37081E962E1284B79CB88AEB5FF0.e.10761/click - {}
RESULT: {}
COMMAND: GET /session/d1a395b1624be07bc117af6a930c8232/screenshot - {}
RESULT: {}
COMMAND: POST /session/d1a395b1624be07bc117af6a930c8232/execute/async - {"script":"<script> [1562 bytes]","args":[{"selector":{"id":"application-warehousemovements-display-component---warehouseMovements--smartFilterBar-filterItemControl_BASIC-YARD-vhi"},"wdio_ui5_key":"applicationwarehousemovements-display-component---warehouseMovements--smartFilterBar-filterItemControl_BASIC-YARD-vhi"}]}
RESULT: {"script":"<script> [1562 bytes]","args":[{"selector":{"id":"application-warehousemovements-display-component---warehouseMovements--smartFilterBar-filterItemControl_BASIC-YARD-vhi"},"wdio_ui5_key":"applicationwarehousemovements-display-component---warehouseMovements--smartFilterBar-filterItemControl_BASIC-YARD-vhi"}]}
RESULT: undefined
COMMAND: POST /session/d1a395b1624be07bc117af6a930c8232/element - {"using":"xpath","value":"//*[@id=\"application-warehousemovements-display-component---warehouseMovements--smartFilterBar-filterItemControl_BASIC-YARD-vhi\"]"}
RESULT: {"using":"xpath","value":"//*[@id=\"application-warehousemovements-display-component---warehouseMovements--smartFilterBar-filterItemControl_BASIC-YARD-vhi\"]"}
COMMAND: POST /session/d1a395b1624be07bc117af6a930c8232/element/f.AB5CB7F68D9467DB6E6600E6EA1FB744.d.D22B37081E962E1284B79CB88AEB5FF0.e.10831/click - {}
RESULT: {}
COMMAND: GET /session/d1a395b1624be07bc117af6a930c8232/screenshot - {}
RESULT: {}
COMMAND: POST /session/d1a395b1624be07bc117af6a930c8232/execute/async - {"script":"<script> [1562 bytes]","args":[{"selector":{"id":"application-warehousemovements-display-component---warehouseMovements--smartFilterBar-filterItemControl_BASIC-YARD-valueHelpDialog-smartFilterBar-btnBasicSearch","searchOpenDialogs":true,"interaction":{"idSuffix":"I"}},"wdio_ui5_key":"applicationwarehousemovements-display-component---warehouseMovements--smartFilterBar-filterItemControl_BASIC-YARD-valueHelpDialog-smartFilterBar-btnBasicSearch"}]}
RESULT: {"script":"<script> [1562 bytes]","args":[{"selector":{"id":"application-warehousemovements-display-component---warehouseMovements--smartFilterBar-filterItemControl_BASIC-YARD-valueHelpDialog-smartFilterBar-btnBasicSearch","searchOpenDialogs":true,"interaction":{"idSuffix":"I"}},"wdio_ui5_key":"applicationwarehousemovements-display-component---warehouseMovements--smartFilterBar-filterItemControl_BASIC-YARD-valueHelpDialog-smartFilterBar-btnBasicSearch"}]}
RESULT: undefined
COMMAND: POST /session/d1a395b1624be07bc117af6a930c8232/execute/async - {"script":"<script> [776 bytes]","args":[{"enterText":"WebdriverWHMYardo49le","selector":{"id":"application-warehousemovements-display-component---warehouseMovements--smartFilterBar-filterItemControl_BASIC-YARD-valueHelpDialog-smartFilterBar-btnBasicSearch","searchOpenDialogs":true,"interaction":{"idSuffix":"I"}},"clearTextFirst":true,"interactionType":"ENTER_TEXT"}]}
RESULT: {"script":"<script> [776 bytes]","args":[{"enterText":"WebdriverWHMYardo49le","selector":{"id":"application-warehousemovements-display-component---warehouseMovements--smartFilterBar-filterItemControl_BASIC-YARD-valueHelpDialog-smartFilterBar-btnBasicSearch","searchOpenDialogs":true,"interaction":{"idSuffix":"I"}},"clearTextFirst":true,"interactionType":"ENTER_TEXT"}]}
COMMAND: POST /session/d1a395b1624be07bc117af6a930c8232/actions - {"actions":[{"id":"action33","type":"key","parameters":{},"actions":[{"type":"keyDown","value":"î€‡"},{"type":"pause","duration":10},{"type":"keyUp","value":"î€‡"}]}]}
RESULT: {"actions":[{"id":"action33","type":"key","parameters":{},"actions":[{"type":"keyDown","value":"î€‡"},{"type":"pause","duration":10},{"type":"keyUp","value":"î€‡"}]}]}
COMMAND: GET /session/d1a395b1624be07bc117af6a930c8232/screenshot - {}
RESULT: {}
COMMAND: POST /session/d1a395b1624be07bc117af6a930c8232/element - {"using":"xpath","value":"//div[@id='application-warehousemovements-display-component---warehouseMovements--smartFilterBar-filterItemControl_BASIC-YARD-valueHelpDialog-table-rowsel0']"}
RESULT: {"using":"xpath","value":"//div[@id='application-warehousemovements-display-component---warehouseMovements--smartFilterBar-filterItemControl_BASIC-YARD-valueHelpDialog-table-rowsel0']"}
COMMAND: POST /session/d1a395b1624be07bc117af6a930c8232/element/f.AB5CB7F68D9467DB6E6600E6EA1FB744.d.D22B37081E962E1284B79CB88AEB5FF0.e.10841/click - {}
RESULT: {}
COMMAND: POST /session/d1a395b1624be07bc117af6a930c8232/execute/async - {"script":"<script> [1562 bytes]","args":[{"selector":{"id":"application-warehousemovements-display-component---warehouseMovements--smartFilterBar-filterItemControl_BASIC-YARD-valueHelpDialog-ok","searchOpenDialogs":true,"interaction":{"idSuffix":"BDI-content"}},"wdio_ui5_key":"applicationwarehousemovements-display-component---warehouseMovements--smartFilterBar-filterItemControl_BASIC-YARD-valueHelpDialog-ok"}]}
COMMAND: GET /session/d1a395b1624be07bc117af6a930c8232/screenshot - {}
RESULT: {"script":"<script> [1562 bytes]","args":[{"selector":{"id":"application-warehousemovements-display-component---warehouseMovements--smartFilterBar-filterItemControl_BASIC-YARD-valueHelpDialog-ok","searchOpenDialogs":true,"interaction":{"idSuffix":"BDI-content"}},"wdio_ui5_key":"applicationwarehousemovements-display-component---warehouseMovements--smartFilterBar-filterItemControl_BASIC-YARD-valueHelpDialog-ok"}]}
RESULT: undefined
COMMAND: POST /session/d1a395b1624be07bc117af6a930c8232/element - {"using":"xpath","value":"//*[@id=\"application-warehousemovements-display-component---warehouseMovements--smartFilterBar-filterItemControl_BASIC-YARD-valueHelpDialog-ok\"]"}
RESULT: {}
RESULT: {"using":"xpath","value":"//*[@id=\"application-warehousemovements-display-component---warehouseMovements--smartFilterBar-filterItemControl_BASIC-YARD-valueHelpDialog-ok\"]"}
COMMAND: POST /session/d1a395b1624be07bc117af6a930c8232/element/f.AB5CB7F68D9467DB6E6600E6EA1FB744.d.D22B37081E962E1284B79CB88AEB5FF0.e.10844/click - {}
RESULT: {}
COMMAND: POST /session/d1a395b1624be07bc117af6a930c8232/execute/async - {"script":"<script> [1562 bytes]","args":[{"selector":{"controlType":"sap.ui.core.Icon","viewName":"etm.portal.ui.warehousemovements.view.MasterMovement","viewId":"application-warehousemovements-display-component---warehouseMovements","properties":{"src":{"regex":{"source":"add"}}}},"wdio_ui5_key":"etmportal.ui.warehousemovements.view.MasterMovementsap.ui.core.Icon{\"src\":{\"regex\":{\"source\":\"add\"}}}"}]}
COMMAND: GET /session/d1a395b1624be07bc117af6a930c8232/screenshot - {}
RESULT: {"script":"<script> [1562 bytes]","args":[{"selector":{"controlType":"sap.ui.core.Icon","viewName":"etm.portal.ui.warehousemovements.view.MasterMovement","viewId":"application-warehousemovements-display-component---warehouseMovements","properties":{"src":{"regex":{"source":"add"}}}},"wdio_ui5_key":"etmportal.ui.warehousemovements.view.MasterMovementsap.ui.core.Icon{\"src\":{\"regex\":{\"source\":\"add\"}}}"}]}
RESULT: undefined
COMMAND: POST /session/d1a395b1624be07bc117af6a930c8232/element - {"using":"xpath","value":"//*[@id=\"__button73-img\"]"}
RESULT: {}
RESULT: {"using":"xpath","value":"//*[@id=\"__button73-img\"]"}
COMMAND: POST /session/d1a395b1624be07bc117af6a930c8232/element/f.AB5CB7F68D9467DB6E6600E6EA1FB744.d.D22B37081E962E1284B79CB88AEB5FF0.e.10807/click - {}
RESULT: {}
COMMAND: POST /session/d1a395b1624be07bc117af6a930c8232/element - {"using":"xpath","value":"//input[contains(@id ,\"application-warehousemovements-display-component---addMovement--sectionsList-inner\")]"}
COMMAND: GET /session/d1a395b1624be07bc117af6a930c8232/screenshot - {}
RESULT: {"using":"xpath","value":"//input[contains(@id ,\"application-warehousemovements-display-component---addMovement--sectionsList-inner\")]"}
COMMAND: POST /session/d1a395b1624be07bc117af6a930c8232/elements - {"using":"xpath","value":"//input[contains(@id ,\"application-warehousemovements-display-component---addMovement--sectionsList-inner\")]"}
RESULT: {}
RESULT: {"using":"xpath","value":"//input[contains(@id ,\"application-warehousemovements-display-component---addMovement--sectionsList-inner\")]"}
COMMAND: POST /session/d1a395b1624be07bc117af6a930c8232/element - {"using":"xpath","value":"//input[contains(@id ,\"application-warehousemovements-display-component---addMovement--sectionsList-inner\")]"}
RESULT: {"using":"xpath","value":"//input[contains(@id ,\"application-warehousemovements-display-component---addMovement--sectionsList-inner\")]"}
COMMAND: POST /session/d1a395b1624be07bc117af6a930c8232/element/f.AB5CB7F68D9467DB6E6600E6EA1FB744.d.D22B37081E962E1284B79CB88AEB5FF0.e.10905/clear - {}
RESULT: {}
COMMAND: POST /session/d1a395b1624be07bc117af6a930c8232/element/f.AB5CB7F68D9467DB6E6600E6EA1FB744.d.D22B37081E962E1284B79CB88AEB5FF0.e.10905/value - {"text":"Secpd3vh"}
COMMAND: GET /session/d1a395b1624be07bc117af6a930c8232/screenshot - {}
RESULT: {"text":"Secpd3vh"}
COMMAND: GET /session/d1a395b1624be07bc117af6a930c8232/screenshot - {}
RESULT: {}
RESULT: {}
COMMAND: POST /session/d1a395b1624be07bc117af6a930c8232/actions - {"actions":[{"id":"action34","type":"key","parameters":{},"actions":[{"type":"keyDown","value":"î€‡"},{"type":"pause","duration":10},{"type":"keyUp","value":"î€‡"}]}]}
RESULT: {"actions":[{"id":"action34","type":"key","parameters":{},"actions":[{"type":"keyDown","value":"î€‡"},{"type":"pause","duration":10},{"type":"keyUp","value":"î€‡"}]}]}
COMMAND: GET /session/d1a395b1624be07bc117af6a930c8232/screenshot - {}
RESULT: {}
COMMAND: POST /session/d1a395b1624be07bc117af6a930c8232/execute/async - {"script":"<script> [1562 bytes]","args":[{"selector":{"id":"application-warehousemovements-display-component---addMovement--addItem-img"},"wdio_ui5_key":"applicationwarehousemovements-display-component---addMovement--addItem-img"}]}
RESULT: {"script":"<script> [1562 bytes]","args":[{"selector":{"id":"application-warehousemovements-display-component---addMovement--addItem-img"},"wdio_ui5_key":"applicationwarehousemovements-display-component---addMovement--addItem-img"}]}
RESULT: undefined
COMMAND: POST /session/d1a395b1624be07bc117af6a930c8232/element - {"using":"xpath","value":"//*[@id=\"application-warehousemovements-display-component---addMovement--addItem-img\"]"}
RESULT: {"using":"xpath","value":"//*[@id=\"application-warehousemovements-display-component---addMovement--addItem-img\"]"}
COMMAND: POST /session/d1a395b1624be07bc117af6a930c8232/element/f.AB5CB7F68D9467DB6E6600E6EA1FB744.d.D22B37081E962E1284B79CB88AEB5FF0.e.10889/click - {}
RESULT: {}
COMMAND: POST /session/d1a395b1624be07bc117af6a930c8232/execute/async - {"script":"<script> [1562 bytes]","args":[{"selector":{"id":"movementItemsPopUp--invSearch","searchOpenDialogs":true,"interaction":{"idSuffix":"I"}},"wdio_ui5_key":"movementItemsPopUpinvSearch"}]}
COMMAND: GET /session/d1a395b1624be07bc117af6a930c8232/screenshot - {}
RESULT: {"script":"<script> [1562 bytes]","args":[{"selector":{"id":"movementItemsPopUp--invSearch","searchOpenDialogs":true,"interaction":{"idSuffix":"I"}},"wdio_ui5_key":"movementItemsPopUpinvSearch"}]}
RESULT: undefined
COMMAND: POST /session/d1a395b1624be07bc117af6a930c8232/execute/async - {"script":"<script> [776 bytes]","args":[{"enterText":"WebdriverRUR2C2v84y","selector":{"id":"movementItemsPopUp--invSearch","searchOpenDialogs":true,"interaction":{"idSuffix":"I"}},"clearTextFirst":true,"interactionType":"ENTER_TEXT"}]}
RESULT: {}
RESULT: {"script":"<script> [776 bytes]","args":[{"enterText":"WebdriverRUR2C2v84y","selector":{"id":"movementItemsPopUp--invSearch","searchOpenDialogs":true,"interaction":{"idSuffix":"I"}},"clearTextFirst":true,"interactionType":"ENTER_TEXT"}]}
COMMAND: POST /session/d1a395b1624be07bc117af6a930c8232/execute/async - {"script":"<script> [1562 bytes]","args":[{"selector":{"id":"movementItemsPopUp--movementItemsTable-sa","searchOpenDialogs":true,"interaction":{"idSuffix":"CbBg"}},"wdio_ui5_key":"movementItemsPopUpmovementItemsTable-sa"}]}
RESULT: {"script":"<script> [1562 bytes]","args":[{"selector":{"id":"movementItemsPopUp--movementItemsTable-sa","searchOpenDialogs":true,"interaction":{"idSuffix":"CbBg"}},"wdio_ui5_key":"movementItemsPopUpmovementItemsTable-sa"}]}
RESULT: undefined
COMMAND: POST /session/d1a395b1624be07bc117af6a930c8232/element - {"using":"xpath","value":"//*[@id=\"movementItemsPopUp--movementItemsTable-sa\"]"}
RESULT: {"using":"xpath","value":"//*[@id=\"movementItemsPopUp--movementItemsTable-sa\"]"}
COMMAND: POST /session/d1a395b1624be07bc117af6a930c8232/element/f.AB5CB7F68D9467DB6E6600E6EA1FB744.d.D22B37081E962E1284B79CB88AEB5FF0.e.10986/click - {}
RESULT: {}
COMMAND: POST /session/d1a395b1624be07bc117af6a930c8232/execute/async - {"script":"<script> [1562 bytes]","args":[{"selector":{"id":"movementItemsPopUp--createBtn","searchOpenDialogs":true,"interaction":{"idSuffix":"BDI-content"}},"wdio_ui5_key":"movementItemsPopUpcreateBtn"}]}
COMMAND: GET /session/d1a395b1624be07bc117af6a930c8232/screenshot - {}
RESULT: {"script":"<script> [1562 bytes]","args":[{"selector":{"id":"movementItemsPopUp--createBtn","searchOpenDialogs":true,"interaction":{"idSuffix":"BDI-content"}},"wdio_ui5_key":"movementItemsPopUpcreateBtn"}]}
RESULT: undefined
COMMAND: POST /session/d1a395b1624be07bc117af6a930c8232/element - {"using":"xpath","value":"//*[@id=\"movementItemsPopUp--createBtn\"]"}
RESULT: {}
RESULT: {"using":"xpath","value":"//*[@id=\"movementItemsPopUp--createBtn\"]"}
COMMAND: POST /session/d1a395b1624be07bc117af6a930c8232/element/f.AB5CB7F68D9467DB6E6600E6EA1FB744.d.D22B37081E962E1284B79CB88AEB5FF0.e.10988/click - {}
RESULT: {}
COMMAND: GET /session/d1a395b1624be07bc117af6a930c8232/screenshot - {}
RESULT: {}
COMMAND: DELETE /session/d1a395b1624be07bc117af6a930c8232 - {}
RESULT: {}
]]></system-out>
    </testcase>
  </testsuite>
</testsuites>