<?xml version="1.0" encoding="UTF-8"?>
<testsuites tests="23" failures="0" errors="0" skipped="0">
  <testsuite timestamp="2025-05-15T08:02:49" time="1042.806" tests="6" failures="0" errors="0" skipped="0">
    <properties>
      <property name="specId" value="0" />
      <property name="suiteName" value="Standard contract - add contract items by Insert Request US118222" />
      <property name="capabilities" value="chrome.136_0_7103_49.windows" />
      <property name="file" value="file:///D:/a/1/s/test/specs/R2C/standard-contract-add-contract-items-by-insert-request.spec.js" />
    </properties>
    <testcase classname="chrome.136_0_7103_49.windows.Standard_contract_-_add_contract_items_by_Insert_Request_US118222" name="Should create prerequisites yard partner site material and equipment" time="295.748">
      <system-out><![CDATA[
COMMAND: POST /session/5f042fc1c64931e48653a4fe2329ff65/execute/async - {"script":"<script> [1562 bytes]","args":[{"selector":{"controlType":"sap.m.GenericTile","properties":{"header":"Manage Yards"}},"wdio_ui5_key":"sapm.GenericTile{\"header\":\"Manage Yards\"}"}]}
RESULT: {"script":"<script> [1562 bytes]","args":[{"selector":{"controlType":"sap.m.GenericTile","properties":{"header":"Manage Yards"}},"wdio_ui5_key":"sapm.GenericTile{\"header\":\"Manage Yards\"}"}]}
RESULT: undefined
COMMAND: POST /session/5f042fc1c64931e48653a4fe2329ff65/element - {"using":"xpath","value":"//*[@id=\"__tile41\"]"}
RESULT: {"using":"xpath","value":"//*[@id=\"__tile41\"]"}
COMMAND: POST /session/5f042fc1c64931e48653a4fe2329ff65/element/f.85A0C08C11805158FB40365BE7F8DFE2.d.887DC46C152AAAF5449BE7D78D6973C8.e.112/click - {}
RESULT: {}
COMMAND: GET /session/5f042fc1c64931e48653a4fe2329ff65/screenshot - {}
RESULT: {}
COMMAND: POST /session/5f042fc1c64931e48653a4fe2329ff65/elements - {"using":"xpath","value":"//span[text()='Error']"}
RESULT: {"using":"xpath","value":"//span[text()='Error']"}
COMMAND: POST /session/5f042fc1c64931e48653a4fe2329ff65/execute/async - {"script":"<script> [1562 bytes]","args":[{"selector":{"controlType":"sap.ui.core.Icon","viewName":"etm.portal.ui.manageyards.view.Master","viewId":"application-manageyards-display-component---masterYard","properties":{"src":{"regex":{"source":"add"}}}},"wdio_ui5_key":"etmportal.ui.manageyards.view.Mastersap.ui.core.Icon{\"src\":{\"regex\":{\"source\":\"add\"}}}"}]}
RESULT: {"script":"<script> [1562 bytes]","args":[{"selector":{"controlType":"sap.ui.core.Icon","viewName":"etm.portal.ui.manageyards.view.Master","viewId":"application-manageyards-display-component---masterYard","properties":{"src":{"regex":{"source":"add"}}}},"wdio_ui5_key":"etmportal.ui.manageyards.view.Mastersap.ui.core.Icon{\"src\":{\"regex\":{\"source\":\"add\"}}}"}]}
RESULT: undefined
COMMAND: POST /session/5f042fc1c64931e48653a4fe2329ff65/element - {"using":"xpath","value":"//*[@id=\"__button4-img\"]"}
RESULT: {"using":"xpath","value":"//*[@id=\"__button4-img\"]"}
COMMAND: POST /session/5f042fc1c64931e48653a4fe2329ff65/element/f.85A0C08C11805158FB40365BE7F8DFE2.d.887DC46C152AAAF5449BE7D78D6973C8.e.159/click - {}
RESULT: {}
COMMAND: GET /session/5f042fc1c64931e48653a4fe2329ff65/screenshot - {}
RESULT: {}
COMMAND: POST /session/5f042fc1c64931e48653a4fe2329ff65/execute/async - {"script":"<script> [1562 bytes]","args":[{"selector":{"id":"application-manageyards-display-component---NewYard--yardId","interaction":{"idSuffix":"inner"}},"wdio_ui5_key":"applicationmanageyards-display-component---NewYard--yardId"}]}
RESULT: {"script":"<script> [1562 bytes]","args":[{"selector":{"id":"application-manageyards-display-component---NewYard--yardId","interaction":{"idSuffix":"inner"}},"wdio_ui5_key":"applicationmanageyards-display-component---NewYard--yardId"}]}
RESULT: undefined
COMMAND: POST /session/5f042fc1c64931e48653a4fe2329ff65/element - {"using":"xpath","value":"//*[@id=\"application-manageyards-display-component---NewYard--addressDetailDetailsName1-inner\"]"}
RESULT: {"using":"xpath","value":"//*[@id=\"application-manageyards-display-component---NewYard--addressDetailDetailsName1-inner\"]"}
COMMAND: POST /session/5f042fc1c64931e48653a4fe2329ff65/element/f.85A0C08C11805158FB40365BE7F8DFE2.d.887DC46C152AAAF5449BE7D78D6973C8.e.374/clear - {}
RESULT: {}
COMMAND: POST /session/5f042fc1c64931e48653a4fe2329ff65/element/f.85A0C08C11805158FB40365BE7F8DFE2.d.887DC46C152AAAF5449BE7D78D6973C8.e.374/value - {"text":"WebdriverYardvzk7z"}
COMMAND: GET /session/5f042fc1c64931e48653a4fe2329ff65/screenshot - {}
RESULT: {"text":"WebdriverYardvzk7z"}
COMMAND: POST /session/5f042fc1c64931e48653a4fe2329ff65/element - {"using":"xpath","value":"//*[@id=\"application-manageyards-display-component---NewYard--addressDetailDetailsLanguage-inner\"]"}
COMMAND: GET /session/5f042fc1c64931e48653a4fe2329ff65/screenshot - {}
RESULT: {}
RESULT: {"using":"xpath","value":"//*[@id=\"application-manageyards-display-component---NewYard--addressDetailDetailsLanguage-inner\"]"}
COMMAND: POST /session/5f042fc1c64931e48653a4fe2329ff65/element/f.85A0C08C11805158FB40365BE7F8DFE2.d.887DC46C152AAAF5449BE7D78D6973C8.e.375/clear - {}
RESULT: {}
RESULT: {}
COMMAND: POST /session/5f042fc1c64931e48653a4fe2329ff65/element/f.85A0C08C11805158FB40365BE7F8DFE2.d.887DC46C152AAAF5449BE7D78D6973C8.e.375/value - {"text":"Romanian"}
COMMAND: GET /session/5f042fc1c64931e48653a4fe2329ff65/screenshot - {}
RESULT: {"text":"Romanian"}
COMMAND: POST /session/5f042fc1c64931e48653a4fe2329ff65/element - {"using":"xpath","value":"//input[contains(@id ,\"application-manageyards-display-component---NewYard--addressDetailDetailsName1-inner\")]"}
COMMAND: GET /session/5f042fc1c64931e48653a4fe2329ff65/screenshot - {}
RESULT: {}
RESULT: {"using":"xpath","value":"//input[contains(@id ,\"application-manageyards-display-component---NewYard--addressDetailDetailsName1-inner\")]"}
COMMAND: GET /session/5f042fc1c64931e48653a4fe2329ff65/element/f.85A0C08C11805158FB40365BE7F8DFE2.d.887DC46C152AAAF5449BE7D78D6973C8.e.374/property/value - {}
RESULT: {}
RESULT: {}
COMMAND: GET /session/5f042fc1c64931e48653a4fe2329ff65/screenshot - {}
RESULT: {}
COMMAND: POST /session/5f042fc1c64931e48653a4fe2329ff65/element - {"using":"xpath","value":"//*[@id=\"application-manageyards-display-component---NewYard--addressDetailDetailsCity1-inner\"]"}
RESULT: {"using":"xpath","value":"//*[@id=\"application-manageyards-display-component---NewYard--addressDetailDetailsCity1-inner\"]"}
COMMAND: POST /session/5f042fc1c64931e48653a4fe2329ff65/element/f.85A0C08C11805158FB40365BE7F8DFE2.d.887DC46C152AAAF5449BE7D78D6973C8.e.377/clear - {}
RESULT: {}
COMMAND: POST /session/5f042fc1c64931e48653a4fe2329ff65/element/f.85A0C08C11805158FB40365BE7F8DFE2.d.887DC46C152AAAF5449BE7D78D6973C8.e.377/value - {"text":"Bucuresti"}
COMMAND: GET /session/5f042fc1c64931e48653a4fe2329ff65/screenshot - {}
RESULT: {"text":"Bucuresti"}
COMMAND: GET /session/5f042fc1c64931e48653a4fe2329ff65/screenshot - {}
RESULT: {}
RESULT: {}
COMMAND: POST /session/5f042fc1c64931e48653a4fe2329ff65/element - {"using":"xpath","value":"//*[@id=\"application-manageyards-display-component---NewYard--addressDetailDetailsCountry-inner\"]"}
RESULT: {"using":"xpath","value":"//*[@id=\"application-manageyards-display-component---NewYard--addressDetailDetailsCountry-inner\"]"}
COMMAND: POST /session/5f042fc1c64931e48653a4fe2329ff65/element/f.85A0C08C11805158FB40365BE7F8DFE2.d.887DC46C152AAAF5449BE7D78D6973C8.e.381/clear - {}
RESULT: {}
COMMAND: POST /session/5f042fc1c64931e48653a4fe2329ff65/element/f.85A0C08C11805158FB40365BE7F8DFE2.d.887DC46C152AAAF5449BE7D78D6973C8.e.381/value - {"text":"Romania"}
COMMAND: GET /session/5f042fc1c64931e48653a4fe2329ff65/screenshot - {}
RESULT: {"text":"Romania"}
COMMAND: GET /session/5f042fc1c64931e48653a4fe2329ff65/screenshot - {}
RESULT: {}
RESULT: {}
COMMAND: POST /session/5f042fc1c64931e48653a4fe2329ff65/element - {"using":"xpath","value":"//div[contains(text(), \"Commercial\")]"}
RESULT: {"using":"xpath","value":"//div[contains(text(), \"Commercial\")]"}
COMMAND: GET /session/5f042fc1c64931e48653a4fe2329ff65/element/f.85A0C08C11805158FB40365BE7F8DFE2.d.887DC46C152AAAF5449BE7D78D6973C8.e.576/rect - {}
RESULT: {}
COMMAND: GET /session/5f042fc1c64931e48653a4fe2329ff65/window/rect - {}
RESULT: {}
COMMAND: POST /session/5f042fc1c64931e48653a4fe2329ff65/execute/sync - {"script":"<script> [92 bytes]","args":[]}
RESULT: {"script":"<script> [92 bytes]","args":[]}
COMMAND: POST /session/5f042fc1c64931e48653a4fe2329ff65/actions - {"actions":[{"id":"action1","type":"wheel","parameters":{},"actions":[{"type":"scroll","x":-1841,"y":-44,"deltaX":0,"deltaY":0,"duration":0,"origin":{"element-6066-11e4-a52e-4f735466cecf":"f.85A0C08C11805158FB40365BE7F8DFE2.d.887DC46C152AAAF5449BE7D78D6973C8.e.576"}}]}]}
COMMAND: GET /session/5f042fc1c64931e48653a4fe2329ff65/screenshot - {}
RESULT: {}
COMMAND: POST /session/5f042fc1c64931e48653a4fe2329ff65/execute/sync - {"script":"<script> [79 bytes]","args":[{"element-6066-11e4-a52e-4f735466cecf":"f.85A0C08C11805158FB40365BE7F8DFE2.d.887DC46C152AAAF5449BE7D78D6973C8.e.576","ELEMENT":"f.85A0C08C11805158FB40365BE7F8DFE2.d.887DC46C152AAAF5449BE7D78D6973C8.e.576"},{"block":"start","inline":"nearest"}]}
RESULT: {"script":"<script> [79 bytes]","args":[{"element-6066-11e4-a52e-4f735466cecf":"f.85A0C08C11805158FB40365BE7F8DFE2.d.887DC46C152AAAF5449BE7D78D6973C8.e.576","ELEMENT":"f.85A0C08C11805158FB40365BE7F8DFE2.d.887DC46C152AAAF5449BE7D78D6973C8.e.576"},{"block":"start","inline":"nearest"}]}
COMMAND: GET /session/5f042fc1c64931e48653a4fe2329ff65/screenshot - {}
RESULT: {}
COMMAND: POST /session/5f042fc1c64931e48653a4fe2329ff65/execute/async - {"script":"<script> [1562 bytes]","args":[{"selector":{"id":"application-manageyards-display-component---NewYard--addressEditDetailsCostObjectCstType-arrow"},"wdio_ui5_key":"applicationmanageyards-display-component---NewYard--addressEditDetailsCostObjectCstType-arrow"}]}
RESULT: {"script":"<script> [1562 bytes]","args":[{"selector":{"id":"application-manageyards-display-component---NewYard--addressEditDetailsCostObjectCstType-arrow"},"wdio_ui5_key":"applicationmanageyards-display-component---NewYard--addressEditDetailsCostObjectCstType-arrow"}]}
RESULT: undefined
COMMAND: POST /session/5f042fc1c64931e48653a4fe2329ff65/element - {"using":"xpath","value":"//*[@id=\"application-manageyards-display-component---NewYard--addressEditDetailsCostObjectCstType-arrow\"]"}
RESULT: {"using":"xpath","value":"//*[@id=\"application-manageyards-display-component---NewYard--addressEditDetailsCostObjectCstType-arrow\"]"}
COMMAND: POST /session/5f042fc1c64931e48653a4fe2329ff65/element/f.85A0C08C11805158FB40365BE7F8DFE2.d.887DC46C152AAAF5449BE7D78D6973C8.e.584/click - {}
RESULT: {}
COMMAND: POST /session/5f042fc1c64931e48653a4fe2329ff65/element - {"using":"xpath","value":"//span[contains(text(), \"Cost Center\")]"}
COMMAND: GET /session/5f042fc1c64931e48653a4fe2329ff65/screenshot - {}
RESULT: {"using":"xpath","value":"//span[contains(text(), \"Cost Center\")]"}
COMMAND: POST /session/5f042fc1c64931e48653a4fe2329ff65/element/f.85A0C08C11805158FB40365BE7F8DFE2.d.887DC46C152AAAF5449BE7D78D6973C8.e.585/click - {}
RESULT: {}
RESULT: {}
COMMAND: GET /session/5f042fc1c64931e48653a4fe2329ff65/screenshot - {}
RESULT: {}
COMMAND: POST /session/5f042fc1c64931e48653a4fe2329ff65/execute/async - {"script":"<script> [1562 bytes]","args":[{"selector":{"id":"application-manageyards-display-component---NewYard--addressNewCostObjectCstID-vhi"},"wdio_ui5_key":"applicationmanageyards-display-component---NewYard--addressNewCostObjectCstID-vhi"}]}
RESULT: {"script":"<script> [1562 bytes]","args":[{"selector":{"id":"application-manageyards-display-component---NewYard--addressNewCostObjectCstID-vhi"},"wdio_ui5_key":"applicationmanageyards-display-component---NewYard--addressNewCostObjectCstID-vhi"}]}
RESULT: undefined
COMMAND: POST /session/5f042fc1c64931e48653a4fe2329ff65/element - {"using":"xpath","value":"//*[@id=\"application-manageyards-display-component---NewYard--addressNewCostObjectCstID-vhi\"]"}
RESULT: {"using":"xpath","value":"//*[@id=\"application-manageyards-display-component---NewYard--addressNewCostObjectCstID-vhi\"]"}
COMMAND: POST /session/5f042fc1c64931e48653a4fe2329ff65/element/f.85A0C08C11805158FB40365BE7F8DFE2.d.887DC46C152AAAF5449BE7D78D6973C8.e.600/click - {}
RESULT: {}
COMMAND: GET /session/5f042fc1c64931e48653a4fe2329ff65/screenshot - {}
RESULT: {}
COMMAND: POST /session/5f042fc1c64931e48653a4fe2329ff65/execute/async - {"script":"<script> [1562 bytes]","args":[{"selector":{"controlType":"sap.m.SearchField","properties":{"placeholder":"Search"},"searchOpenDialogs":true,"interaction":{"idSuffix":"I"}},"wdio_ui5_key":"sapm.SearchField{\"placeholder\":\"Search\"}"}]}
RESULT: {"script":"<script> [1562 bytes]","args":[{"selector":{"controlType":"sap.m.SearchField","properties":{"placeholder":"Search"},"searchOpenDialogs":true,"interaction":{"idSuffix":"I"}},"wdio_ui5_key":"sapm.SearchField{\"placeholder\":\"Search\"}"}]}
RESULT: undefined
COMMAND: POST /session/5f042fc1c64931e48653a4fe2329ff65/execute/async - {"script":"<script> [776 bytes]","args":[{"enterText":"10001013","selector":{"controlType":"sap.m.SearchField","properties":{"placeholder":"Search"},"searchOpenDialogs":true,"interaction":{"idSuffix":"I"}},"clearTextFirst":true,"interactionType":"ENTER_TEXT"}]}
RESULT: {"script":"<script> [776 bytes]","args":[{"enterText":"10001013","selector":{"controlType":"sap.m.SearchField","properties":{"placeholder":"Search"},"searchOpenDialogs":true,"interaction":{"idSuffix":"I"}},"clearTextFirst":true,"interactionType":"ENTER_TEXT"}]}
COMMAND: POST /session/5f042fc1c64931e48653a4fe2329ff65/actions - {"actions":[{"id":"action2","type":"key","parameters":{},"actions":[{"type":"keyDown","value":"î€‡"},{"type":"pause","duration":10},{"type":"keyUp","value":"î€‡"}]}]}
RESULT: {"actions":[{"id":"action2","type":"key","parameters":{},"actions":[{"type":"keyDown","value":"î€‡"},{"type":"pause","duration":10},{"type":"keyUp","value":"î€‡"}]}]}
COMMAND: GET /session/5f042fc1c64931e48653a4fe2329ff65/screenshot - {}
RESULT: {}
COMMAND: POST /session/5f042fc1c64931e48653a4fe2329ff65/element - {"using":"xpath","value":"//span[contains(text(), \"General Management\")]"}
RESULT: {"using":"xpath","value":"//span[contains(text(), \"General Management\")]"}
COMMAND: POST /session/5f042fc1c64931e48653a4fe2329ff65/element/f.85A0C08C11805158FB40365BE7F8DFE2.d.887DC46C152AAAF5449BE7D78D6973C8.e.640/click - {}
RESULT: {}
COMMAND: GET /session/5f042fc1c64931e48653a4fe2329ff65/screenshot - {}
RESULT: {}
COMMAND: POST /session/5f042fc1c64931e48653a4fe2329ff65/element - {"using":"xpath","value":"//bdi[contains(text(), \"OK\")]"}
RESULT: {"using":"xpath","value":"//bdi[contains(text(), \"OK\")]"}
COMMAND: POST /session/5f042fc1c64931e48653a4fe2329ff65/element/f.85A0C08C11805158FB40365BE7F8DFE2.d.887DC46C152AAAF5449BE7D78D6973C8.e.641/click - {}
RESULT: {}
COMMAND: GET /session/5f042fc1c64931e48653a4fe2329ff65/screenshot - {}
RESULT: {}
COMMAND: POST /session/5f042fc1c64931e48653a4fe2329ff65/execute/async - {"script":"<script> [1562 bytes]","args":[{"selector":{"controlType":"sap.m.Button","viewName":"etm.portal.ui.manageyards.view.New","viewId":"application-manageyards-display-component---NewYard","i18NText":{"propertyName":"text","key":"save"},"interaction":{"idSuffix":"inner"}},"wdio_ui5_key":"etmportal.ui.manageyards.view.Newsap.m.Button{\"propertyName\":\"text\",\"key\":\"save\"}"}]}
RESULT: {"script":"<script> [1562 bytes]","args":[{"selector":{"controlType":"sap.m.Button","viewName":"etm.portal.ui.manageyards.view.New","viewId":"application-manageyards-display-component---NewYard","i18NText":{"propertyName":"text","key":"save"},"interaction":{"idSuffix":"inner"}},"wdio_ui5_key":"etmportal.ui.manageyards.view.Newsap.m.Button{\"propertyName\":\"text\",\"key\":\"save\"}"}]}
RESULT: undefined
COMMAND: POST /session/5f042fc1c64931e48653a4fe2329ff65/element - {"using":"xpath","value":"//*[@id=\"__button18\"]"}
RESULT: {"using":"xpath","value":"//*[@id=\"__button18\"]"}
COMMAND: POST /session/5f042fc1c64931e48653a4fe2329ff65/element/f.85A0C08C11805158FB40365BE7F8DFE2.d.887DC46C152AAAF5449BE7D78D6973C8.e.533/click - {}
RESULT: {}
COMMAND: GET /session/5f042fc1c64931e48653a4fe2329ff65/screenshot - {}
RESULT: {}
COMMAND: POST /session/5f042fc1c64931e48653a4fe2329ff65/element - {"using":"xpath","value":"//header/div/div[2]/div[2]/span"}
RESULT: {"using":"xpath","value":"//header/div/div[2]/div[2]/span"}
COMMAND: GET /session/5f042fc1c64931e48653a4fe2329ff65/element/f.85A0C08C11805158FB40365BE7F8DFE2.d.887DC46C152AAAF5449BE7D78D6973C8.e.841/text - {}
RESULT: {}
COMMAND: POST /session/5f042fc1c64931e48653a4fe2329ff65/execute/async - {"script":"<script> [1562 bytes]","args":[{"selector":{"controlType":"sap.m.OverflowToolbarButton","viewName":"etm.portal.ui.manageyards.view.Detail","viewId":"application-manageyards-display-component---detailYard","i18NText":{"propertyName":"tooltip","key":"closeColumn"},"interaction":{"idSuffix":"inner"}},"wdio_ui5_key":"etmportal.ui.manageyards.view.Detailsap.m.OverflowToolbarButton{\"propertyName\":\"tooltip\",\"key\":\"closeColumn\"}"}]}
RESULT: {"script":"<script> [1562 bytes]","args":[{"selector":{"controlType":"sap.m.OverflowToolbarButton","viewName":"etm.portal.ui.manageyards.view.Detail","viewId":"application-manageyards-display-component---detailYard","i18NText":{"propertyName":"tooltip","key":"closeColumn"},"interaction":{"idSuffix":"inner"}},"wdio_ui5_key":"etmportal.ui.manageyards.view.Detailsap.m.OverflowToolbarButton{\"propertyName\":\"tooltip\",\"key\":\"closeColumn\"}"}]}
RESULT: undefined
COMMAND: POST /session/5f042fc1c64931e48653a4fe2329ff65/element - {"using":"xpath","value":"//*[@id=\"__button40\"]"}
RESULT: {"using":"xpath","value":"//*[@id=\"__button40\"]"}
COMMAND: POST /session/5f042fc1c64931e48653a4fe2329ff65/element/f.85A0C08C11805158FB40365BE7F8DFE2.d.887DC46C152AAAF5449BE7D78D6973C8.e.843/click - {}
RESULT: {}
COMMAND: GET /session/5f042fc1c64931e48653a4fe2329ff65/screenshot - {}
RESULT: {}
COMMAND: POST /session/5f042fc1c64931e48653a4fe2329ff65/element - {"using":"css selector","value":"#shell-header-logo"}
RESULT: {"using":"css selector","value":"#shell-header-logo"}
COMMAND: POST /session/5f042fc1c64931e48653a4fe2329ff65/element/f.85A0C08C11805158FB40365BE7F8DFE2.d.887DC46C152AAAF5449BE7D78D6973C8.e.115/click - {}
RESULT: {}
COMMAND: GET /session/5f042fc1c64931e48653a4fe2329ff65/screenshot - {}
RESULT: {}
COMMAND: POST /session/5f042fc1c64931e48653a4fe2329ff65/refresh - {}
RESULT: {}
COMMAND: GET /session/5f042fc1c64931e48653a4fe2329ff65/screenshot - {}
RESULT: {}
COMMAND: POST /session/5f042fc1c64931e48653a4fe2329ff65/execute/async - {"script":"<script> [189 bytes]","args":[]}
RESULT: {"script":"<script> [189 bytes]","args":[]}
COMMAND: POST /session/5f042fc1c64931e48653a4fe2329ff65/execute/async - {"script":"<script> [123 bytes]","args":[]}
RESULT: {"script":"<script> [123 bytes]","args":[]}
COMMAND: POST /session/5f042fc1c64931e48653a4fe2329ff65/timeouts - {"script":"<number>"}
RESULT: {"script":"<number>"}
COMMAND: GET /session/5f042fc1c64931e48653a4fe2329ff65/timeouts - {}
RESULT: {}
RESULT: undefined
COMMAND: POST /session/5f042fc1c64931e48653a4fe2329ff65/execute/async - {"script":"<script> [2676 bytes]","args":[]}
RESULT: {"script":"<script> [2676 bytes]","args":[]}
COMMAND: POST /session/5f042fc1c64931e48653a4fe2329ff65/execute/async - {"script":"<script> [2342 bytes]","args":[{"protocol":"http","hostname":"0.0.0.0","path":"/","capabilities":{"browserName":"chrome","goog:chromeOptions":{"binary":"C:\\Program Files\\Google\\Chrome\\Application\\chrome.exe","args":["--start-maximized"]}},"logLevel":"warn","connectionRetryTimeout":120000,"connectionRetryCount":3,"logLevels":{},"enableDirectConnect":true,"strictSSL":true,"_":"65 more keys: [\"cacheDir\",\"port\",\"requestedCapabilities\",\"automationProtocol\",\"baseUrl\",\"waitforInterval\",\"waitforTimeout\",\"onReload\",\"beforeCommand\",\"afterCommand\",\"rootDir\",\"specs\",\"suites\",\"exclude\",\"groupLogsByTestSpec\",\"excludeDriverLogs\",\"bail\",\"framework\",\"reporters\",\"services\",\"maxInstances\",\"maxInstancesPerCapability\",\"injectGlobals\",\"filesToWatch\",\"execArgv\",\"runnerEnv\",\"runner\",\"shard\",\"specFileRetries\",\"specFileRetriesDelay\",\"specFileRetriesDeferred\",\"reporterSyncInterval\",\"reporterSyncTimeout\",\"cucumberFeaturesWithLineNumbers\",\"autoCompileOpts\",\"mochaOpts\",\"jasmineOpts\",\"cucumberOpts\",\"onPrepare\",\"onWorkerStart\",\"onWorkerEnd\",\"before\",\"beforeSession\",\"beforeSuite\",\"beforeHook\",\"beforeTest\",\"afterTest\",\"afterHook\",\"afterSuite\",\"afterSession\",\"after\",\"onComplete\",\"beforeAssertion\",\"afterAssertion\",\"beforeFeature\",\"beforeScenario\",\"beforeStep\",\"afterStep\",\"afterScenario\",\"afterFeature\",\"_\",\"suite\",\"$0\",\"ignoredWorkerServices\",\"wdi5\"]"}]}
RESULT: {"script":"<script> [2342 bytes]","args":[{"protocol":"http","hostname":"0.0.0.0","path":"/","capabilities":{"browserName":"chrome","goog:chromeOptions":{"binary":"C:\\Program Files\\Google\\Chrome\\Application\\chrome.exe","args":["--start-maximized"]}},"logLevel":"warn","connectionRetryTimeout":120000,"connectionRetryCount":3,"logLevels":{},"enableDirectConnect":true,"strictSSL":true,"_":"65 more keys: [\"cacheDir\",\"port\",\"requestedCapabilities\",\"automationProtocol\",\"baseUrl\",\"waitforInterval\",\"waitforTimeout\",\"onReload\",\"beforeCommand\",\"afterCommand\",\"rootDir\",\"specs\",\"suites\",\"exclude\",\"groupLogsByTestSpec\",\"excludeDriverLogs\",\"bail\",\"framework\",\"reporters\",\"services\",\"maxInstances\",\"maxInstancesPerCapability\",\"injectGlobals\",\"filesToWatch\",\"execArgv\",\"runnerEnv\",\"runner\",\"shard\",\"specFileRetries\",\"specFileRetriesDelay\",\"specFileRetriesDeferred\",\"reporterSyncInterval\",\"reporterSyncTimeout\",\"cucumberFeaturesWithLineNumbers\",\"autoCompileOpts\",\"mochaOpts\",\"jasmineOpts\",\"cucumberOpts\",\"onPrepare\",\"onWorkerStart\",\"onWorkerEnd\",\"before\",\"beforeSession\",\"beforeSuite\",\"beforeHook\",\"beforeTest\",\"afterTest\",\"afterHook\",\"afterSuite\",\"afterSession\",\"after\",\"onComplete\",\"beforeAssertion\",\"afterAssertion\",\"beforeFeature\",\"beforeScenario\",\"beforeStep\",\"afterStep\",\"afterScenario\",\"afterFeature\",\"_\",\"suite\",\"$0\",\"ignoredWorkerServices\",\"wdi5\"]"}]}
COMMAND: POST /session/5f042fc1c64931e48653a4fe2329ff65/execute/async - {"script":"<script> [21126 bytes]","args":[35000]}
RESULT: {"script":"<script> [21126 bytes]","args":[35000]}
COMMAND: POST /session/5f042fc1c64931e48653a4fe2329ff65/execute/async - {"script":"<script> [1562 bytes]","args":[{"selector":{"controlType":"sap.m.GenericTile","properties":{"header":"Manage Partners"}},"wdio_ui5_key":"sapm.GenericTile{\"header\":\"Manage Partners\"}"}]}
RESULT: {"script":"<script> [1562 bytes]","args":[{"selector":{"controlType":"sap.m.GenericTile","properties":{"header":"Manage Partners"}},"wdio_ui5_key":"sapm.GenericTile{\"header\":\"Manage Partners\"}"}]}
RESULT: undefined
COMMAND: POST /session/5f042fc1c64931e48653a4fe2329ff65/element - {"using":"xpath","value":"//*[@id=\"__tile38\"]"}
RESULT: {"using":"xpath","value":"//*[@id=\"__tile38\"]"}
COMMAND: POST /session/5f042fc1c64931e48653a4fe2329ff65/element/f.85A0C08C11805158FB40365BE7F8DFE2.d.AF2AAC36885E7E01D0F0D39A2264D343.e.1187/click - {}
RESULT: {}
COMMAND: GET /session/5f042fc1c64931e48653a4fe2329ff65/screenshot - {}
RESULT: {}
COMMAND: POST /session/5f042fc1c64931e48653a4fe2329ff65/elements - {"using":"xpath","value":"//span[text()='Error']"}
RESULT: {"using":"xpath","value":"//span[text()='Error']"}
COMMAND: POST /session/5f042fc1c64931e48653a4fe2329ff65/execute/async - {"script":"<script> [1562 bytes]","args":[{"selector":{"controlType":"sap.ui.core.Icon","viewName":"etm.portal.ui.managepartners.view.Master","viewId":"application-managepartners-display-component---masterPtm","properties":{"src":{"regex":{"source":"add"}}}},"wdio_ui5_key":"etmportal.ui.managepartners.view.Mastersap.ui.core.Icon{\"src\":{\"regex\":{\"source\":\"add\"}}}"}]}
RESULT: {"script":"<script> [1562 bytes]","args":[{"selector":{"controlType":"sap.ui.core.Icon","viewName":"etm.portal.ui.managepartners.view.Master","viewId":"application-managepartners-display-component---masterPtm","properties":{"src":{"regex":{"source":"add"}}}},"wdio_ui5_key":"etmportal.ui.managepartners.view.Mastersap.ui.core.Icon{\"src\":{\"regex\":{\"source\":\"add\"}}}"}]}
RESULT: undefined
COMMAND: POST /session/5f042fc1c64931e48653a4fe2329ff65/element - {"using":"xpath","value":"//*[@id=\"__button4-img\"]"}
RESULT: {"using":"xpath","value":"//*[@id=\"__button4-img\"]"}
COMMAND: POST /session/5f042fc1c64931e48653a4fe2329ff65/element/f.85A0C08C11805158FB40365BE7F8DFE2.d.AF2AAC36885E7E01D0F0D39A2264D343.e.1248/click - {}
RESULT: {}
COMMAND: GET /session/5f042fc1c64931e48653a4fe2329ff65/screenshot - {}
RESULT: {}
COMMAND: POST /session/5f042fc1c64931e48653a4fe2329ff65/execute/async - {"script":"<script> [1562 bytes]","args":[{"selector":{"id":"application-managepartners-display-component---NewPartner--partnerId","interaction":{"idSuffix":"inner"}},"wdio_ui5_key":"applicationmanagepartners-display-component---NewPartner--partnerId"}]}
RESULT: {"script":"<script> [1562 bytes]","args":[{"selector":{"id":"application-managepartners-display-component---NewPartner--partnerId","interaction":{"idSuffix":"inner"}},"wdio_ui5_key":"applicationmanagepartners-display-component---NewPartner--partnerId"}]}
RESULT: undefined
COMMAND: POST /session/5f042fc1c64931e48653a4fe2329ff65/execute/async - {"script":"<script> [1562 bytes]","args":[{"selector":{"id":"application-managepartners-display-component---NewPartner--addressDetailDetailsName1","interaction":{"idSuffix":"inner"}},"wdio_ui5_key":"applicationmanagepartners-display-component---NewPartner--addressDetailDetailsName1"}]}
RESULT: {"script":"<script> [1562 bytes]","args":[{"selector":{"id":"application-managepartners-display-component---NewPartner--addressDetailDetailsName1","interaction":{"idSuffix":"inner"}},"wdio_ui5_key":"applicationmanagepartners-display-component---NewPartner--addressDetailDetailsName1"}]}
RESULT: undefined
COMMAND: POST /session/5f042fc1c64931e48653a4fe2329ff65/execute/async - {"script":"<script> [776 bytes]","args":[{"enterText":"WebdriverPartner0w9kx","selector":{"id":"application-managepartners-display-component---NewPartner--addressDetailDetailsName1","interaction":{"idSuffix":"inner"}},"clearTextFirst":true,"interactionType":"ENTER_TEXT"}]}
RESULT: {"script":"<script> [776 bytes]","args":[{"enterText":"WebdriverPartner0w9kx","selector":{"id":"application-managepartners-display-component---NewPartner--addressDetailDetailsName1","interaction":{"idSuffix":"inner"}},"clearTextFirst":true,"interactionType":"ENTER_TEXT"}]}
COMMAND: POST /session/5f042fc1c64931e48653a4fe2329ff65/execute/async - {"script":"<script> [1562 bytes]","args":[{"selector":{"id":"application-managepartners-display-component---NewPartner--addressDetailDetailsLanguage","interaction":{"idSuffix":"inner"}},"wdio_ui5_key":"applicationmanagepartners-display-component---NewPartner--addressDetailDetailsLanguage"}]}
RESULT: {"script":"<script> [1562 bytes]","args":[{"selector":{"id":"application-managepartners-display-component---NewPartner--addressDetailDetailsLanguage","interaction":{"idSuffix":"inner"}},"wdio_ui5_key":"applicationmanagepartners-display-component---NewPartner--addressDetailDetailsLanguage"}]}
RESULT: undefined
COMMAND: POST /session/5f042fc1c64931e48653a4fe2329ff65/execute/async - {"script":"<script> [776 bytes]","args":[{"enterText":"Romanian","selector":{"id":"application-managepartners-display-component---NewPartner--addressDetailDetailsLanguage","interaction":{"idSuffix":"inner"}},"clearTextFirst":true,"interactionType":"ENTER_TEXT"}]}
RESULT: {"script":"<script> [776 bytes]","args":[{"enterText":"Romanian","selector":{"id":"application-managepartners-display-component---NewPartner--addressDetailDetailsLanguage","interaction":{"idSuffix":"inner"}},"clearTextFirst":true,"interactionType":"ENTER_TEXT"}]}
COMMAND: POST /session/5f042fc1c64931e48653a4fe2329ff65/element - {"using":"xpath","value":"//input[contains(@id ,\"application-managepartners-display-component---NewPartner--addressDetailDetailsName1-inner\")]"}
RESULT: {"using":"xpath","value":"//input[contains(@id ,\"application-managepartners-display-component---NewPartner--addressDetailDetailsName1-inner\")]"}
COMMAND: GET /session/5f042fc1c64931e48653a4fe2329ff65/element/f.85A0C08C11805158FB40365BE7F8DFE2.d.AF2AAC36885E7E01D0F0D39A2264D343.e.1432/property/value - {}
RESULT: {}
COMMAND: POST /session/5f042fc1c64931e48653a4fe2329ff65/execute/async - {"script":"<script> [1562 bytes]","args":[{"selector":{"id":"application-managepartners-display-component---NewPartner--addressDetailDetailsCity1","interaction":{"idSuffix":"inner"}},"wdio_ui5_key":"applicationmanagepartners-display-component---NewPartner--addressDetailDetailsCity1"}]}
COMMAND: GET /session/5f042fc1c64931e48653a4fe2329ff65/screenshot - {}
RESULT: {"script":"<script> [1562 bytes]","args":[{"selector":{"id":"application-managepartners-display-component---NewPartner--addressDetailDetailsCity1","interaction":{"idSuffix":"inner"}},"wdio_ui5_key":"applicationmanagepartners-display-component---NewPartner--addressDetailDetailsCity1"}]}
RESULT: undefined
COMMAND: POST /session/5f042fc1c64931e48653a4fe2329ff65/execute/async - {"script":"<script> [776 bytes]","args":[{"enterText":"Bucharest","selector":{"id":"application-managepartners-display-component---NewPartner--addressDetailDetailsCity1","interaction":{"idSuffix":"inner"}},"clearTextFirst":true,"interactionType":"ENTER_TEXT"}]}
RESULT: {}
RESULT: {"script":"<script> [776 bytes]","args":[{"enterText":"Bucharest","selector":{"id":"application-managepartners-display-component---NewPartner--addressDetailDetailsCity1","interaction":{"idSuffix":"inner"}},"clearTextFirst":true,"interactionType":"ENTER_TEXT"}]}
COMMAND: POST /session/5f042fc1c64931e48653a4fe2329ff65/execute/async - {"script":"<script> [1562 bytes]","args":[{"selector":{"id":"application-managepartners-display-component---NewPartner--addressDetailDetailsCountry","interaction":{"idSuffix":"inner"}},"wdio_ui5_key":"applicationmanagepartners-display-component---NewPartner--addressDetailDetailsCountry"}]}
RESULT: {"script":"<script> [1562 bytes]","args":[{"selector":{"id":"application-managepartners-display-component---NewPartner--addressDetailDetailsCountry","interaction":{"idSuffix":"inner"}},"wdio_ui5_key":"applicationmanagepartners-display-component---NewPartner--addressDetailDetailsCountry"}]}
RESULT: undefined
COMMAND: POST /session/5f042fc1c64931e48653a4fe2329ff65/execute/async - {"script":"<script> [6424 bytes]","args":[{"element-6066-11e4-a52e-4f735466cecf":"f.85A0C08C11805158FB40365BE7F8DFE2.d.AF2AAC36885E7E01D0F0D39A2264D343.e.1439"},"setValue",["Romania"]]}
RESULT: {"script":"<script> [6424 bytes]","args":[{"element-6066-11e4-a52e-4f735466cecf":"f.85A0C08C11805158FB40365BE7F8DFE2.d.AF2AAC36885E7E01D0F0D39A2264D343.e.1439"},"setValue",["Romania"]]}
COMMAND: POST /session/5f042fc1c64931e48653a4fe2329ff65/execute/async - {"script":"<script> [1562 bytes]","args":[{"selector":{"id":"application-managepartners-display-component---NewPartner--partnerDetailInternal","interaction":{"idSuffix":"inner"}},"wdio_ui5_key":"applicationmanagepartners-display-component---NewPartner--partnerDetailInternal"}]}
RESULT: {"script":"<script> [1562 bytes]","args":[{"selector":{"id":"application-managepartners-display-component---NewPartner--partnerDetailInternal","interaction":{"idSuffix":"inner"}},"wdio_ui5_key":"applicationmanagepartners-display-component---NewPartner--partnerDetailInternal"}]}
RESULT: undefined
COMMAND: POST /session/5f042fc1c64931e48653a4fe2329ff65/execute/async - {"script":"<script> [776 bytes]","args":[{"enterText":"External partner","selector":{"id":"application-managepartners-display-component---NewPartner--partnerDetailInternal","interaction":{"idSuffix":"inner"}},"clearTextFirst":true,"interactionType":"ENTER_TEXT"}]}
RESULT: {"script":"<script> [776 bytes]","args":[{"enterText":"External partner","selector":{"id":"application-managepartners-display-component---NewPartner--partnerDetailInternal","interaction":{"idSuffix":"inner"}},"clearTextFirst":true,"interactionType":"ENTER_TEXT"}]}
COMMAND: POST /session/5f042fc1c64931e48653a4fe2329ff65/execute/async - {"script":"<script> [1562 bytes]","args":[{"selector":{"id":"application-managepartners-display-component---NewPartner--partnerDetailsCurrency","interaction":{"idSuffix":"inner"}},"wdio_ui5_key":"applicationmanagepartners-display-component---NewPartner--partnerDetailsCurrency"}]}
RESULT: {"script":"<script> [1562 bytes]","args":[{"selector":{"id":"application-managepartners-display-component---NewPartner--partnerDetailsCurrency","interaction":{"idSuffix":"inner"}},"wdio_ui5_key":"applicationmanagepartners-display-component---NewPartner--partnerDetailsCurrency"}]}
RESULT: undefined
COMMAND: POST /session/5f042fc1c64931e48653a4fe2329ff65/execute/async - {"script":"<script> [776 bytes]","args":[{"enterText":"Euro","selector":{"id":"application-managepartners-display-component---NewPartner--partnerDetailsCurrency","interaction":{"idSuffix":"inner"}},"clearTextFirst":true,"interactionType":"ENTER_TEXT"}]}
RESULT: {"script":"<script> [776 bytes]","args":[{"enterText":"Euro","selector":{"id":"application-managepartners-display-component---NewPartner--partnerDetailsCurrency","interaction":{"idSuffix":"inner"}},"clearTextFirst":true,"interactionType":"ENTER_TEXT"}]}
COMMAND: POST /session/5f042fc1c64931e48653a4fe2329ff65/execute/async - {"script":"<script> [1562 bytes]","args":[{"selector":{"controlType":"sap.m.Button","viewName":"etm.portal.ui.managepartners.view.NewPartner","viewId":"application-managepartners-display-component---NewPartner","properties":{"text":"Commercial"},"interaction":{"idSuffix":"BDI-content"}},"wdio_ui5_key":"etmportal.ui.managepartners.view.NewPartnersap.m.Button{\"text\":\"Commercial\"}"}]}
RESULT: {"script":"<script> [1562 bytes]","args":[{"selector":{"controlType":"sap.m.Button","viewName":"etm.portal.ui.managepartners.view.NewPartner","viewId":"application-managepartners-display-component---NewPartner","properties":{"text":"Commercial"},"interaction":{"idSuffix":"BDI-content"}},"wdio_ui5_key":"etmportal.ui.managepartners.view.NewPartnersap.m.Button{\"text\":\"Commercial\"}"}]}
RESULT: undefined
COMMAND: POST /session/5f042fc1c64931e48653a4fe2329ff65/element - {"using":"xpath","value":"//*[@id=\"application-managepartners-display-component---NewPartner--ObjectPageLayout-anchBar-__section5-anchor\"]"}
RESULT: {"using":"xpath","value":"//*[@id=\"application-managepartners-display-component---NewPartner--ObjectPageLayout-anchBar-__section5-anchor\"]"}
COMMAND: POST /session/5f042fc1c64931e48653a4fe2329ff65/element/f.85A0C08C11805158FB40365BE7F8DFE2.d.AF2AAC36885E7E01D0F0D39A2264D343.e.1679/click - {}
RESULT: {}
COMMAND: GET /session/5f042fc1c64931e48653a4fe2329ff65/screenshot - {}
RESULT: {}
COMMAND: POST /session/5f042fc1c64931e48653a4fe2329ff65/execute/async - {"script":"<script> [1562 bytes]","args":[{"selector":{"id":"application-managepartners-display-component---NewPartner--btnAddTableRow-img"},"wdio_ui5_key":"applicationmanagepartners-display-component---NewPartner--btnAddTableRow-img"}]}
RESULT: {"script":"<script> [1562 bytes]","args":[{"selector":{"id":"application-managepartners-display-component---NewPartner--btnAddTableRow-img"},"wdio_ui5_key":"applicationmanagepartners-display-component---NewPartner--btnAddTableRow-img"}]}
RESULT: undefined
COMMAND: POST /session/5f042fc1c64931e48653a4fe2329ff65/element - {"using":"xpath","value":"//*[@id=\"application-managepartners-display-component---NewPartner--btnAddTableRow-img\"]"}
RESULT: {"using":"xpath","value":"//*[@id=\"application-managepartners-display-component---NewPartner--btnAddTableRow-img\"]"}
COMMAND: POST /session/5f042fc1c64931e48653a4fe2329ff65/element/f.85A0C08C11805158FB40365BE7F8DFE2.d.AF2AAC36885E7E01D0F0D39A2264D343.e.1687/click - {}
RESULT: {}
COMMAND: POST /session/5f042fc1c64931e48653a4fe2329ff65/element - {"using":"xpath","value":"//input[contains(@id ,\"application-managepartners-display-component---NewPartner--assignmentYard-application-managepartners-display-component---NewPartner\")]"}
COMMAND: GET /session/5f042fc1c64931e48653a4fe2329ff65/screenshot - {}
RESULT: {"using":"xpath","value":"//input[contains(@id ,\"application-managepartners-display-component---NewPartner--assignmentYard-application-managepartners-display-component---NewPartner\")]"}
COMMAND: POST /session/5f042fc1c64931e48653a4fe2329ff65/element/f.85A0C08C11805158FB40365BE7F8DFE2.d.AF2AAC36885E7E01D0F0D39A2264D343.e.1690/clear - {}
RESULT: {}
RESULT: {}
COMMAND: POST /session/5f042fc1c64931e48653a4fe2329ff65/element/f.85A0C08C11805158FB40365BE7F8DFE2.d.AF2AAC36885E7E01D0F0D39A2264D343.e.1690/value - {"text":"WebdriverYardvzk7z"}
COMMAND: GET /session/5f042fc1c64931e48653a4fe2329ff65/screenshot - {}
RESULT: {"text":"WebdriverYardvzk7z"}
COMMAND: GET /session/5f042fc1c64931e48653a4fe2329ff65/screenshot - {}
RESULT: {}
RESULT: {}
COMMAND: POST /session/5f042fc1c64931e48653a4fe2329ff65/execute/async - {"script":"<script> [1562 bytes]","args":[{"selector":{"controlType":"sap.m.Button","viewName":"etm.portal.ui.managepartners.view.NewPartner","viewId":"application-managepartners-display-component---NewPartner","i18NText":{"propertyName":"text","key":"save"},"interaction":{"idSuffix":"BDI-content"}},"wdio_ui5_key":"etmportal.ui.managepartners.view.NewPartnersap.m.Button{\"propertyName\":\"text\",\"key\":\"save\"}"}]}
RESULT: {"script":"<script> [1562 bytes]","args":[{"selector":{"controlType":"sap.m.Button","viewName":"etm.portal.ui.managepartners.view.NewPartner","viewId":"application-managepartners-display-component---NewPartner","i18NText":{"propertyName":"text","key":"save"},"interaction":{"idSuffix":"BDI-content"}},"wdio_ui5_key":"etmportal.ui.managepartners.view.NewPartnersap.m.Button{\"propertyName\":\"text\",\"key\":\"save\"}"}]}
RESULT: undefined
COMMAND: POST /session/5f042fc1c64931e48653a4fe2329ff65/element - {"using":"xpath","value":"//*[@id=\"__button12\"]"}
RESULT: {"using":"xpath","value":"//*[@id=\"__button12\"]"}
COMMAND: POST /session/5f042fc1c64931e48653a4fe2329ff65/element/f.85A0C08C11805158FB40365BE7F8DFE2.d.AF2AAC36885E7E01D0F0D39A2264D343.e.1618/click - {}
RESULT: {}
COMMAND: GET /session/5f042fc1c64931e48653a4fe2329ff65/screenshot - {}
RESULT: {}
COMMAND: POST /session/5f042fc1c64931e48653a4fe2329ff65/element - {"using":"xpath","value":"//header/div/div[2]/div[2]/span"}
RESULT: {"using":"xpath","value":"//header/div/div[2]/div[2]/span"}
COMMAND: GET /session/5f042fc1c64931e48653a4fe2329ff65/element/f.85A0C08C11805158FB40365BE7F8DFE2.d.AF2AAC36885E7E01D0F0D39A2264D343.e.1862/text - {}
RESULT: {}
COMMAND: POST /session/5f042fc1c64931e48653a4fe2329ff65/element - {"using":"xpath","value":"//header/div/div/div/div/div/div[2]/div/span"}
RESULT: {"using":"xpath","value":"//header/div/div/div/div/div/div[2]/div/span"}
COMMAND: GET /session/5f042fc1c64931e48653a4fe2329ff65/element/f.85A0C08C11805158FB40365BE7F8DFE2.d.AF2AAC36885E7E01D0F0D39A2264D343.e.1863/text - {}
RESULT: {}
COMMAND: POST /session/5f042fc1c64931e48653a4fe2329ff65/execute/async - {"script":"<script> [1562 bytes]","args":[{"selector":{"id":"application-managepartners-display-component---detailPtm--partnerType"},"wdio_ui5_key":"applicationmanagepartners-display-component---detailPtm--partnerType"}]}
RESULT: {"script":"<script> [1562 bytes]","args":[{"selector":{"id":"application-managepartners-display-component---detailPtm--partnerType"},"wdio_ui5_key":"applicationmanagepartners-display-component---detailPtm--partnerType"}]}
RESULT: undefined
COMMAND: POST /session/5f042fc1c64931e48653a4fe2329ff65/execute/async - {"script":"<script> [6424 bytes]","args":[{"element-6066-11e4-a52e-4f735466cecf":"f.85A0C08C11805158FB40365BE7F8DFE2.d.AF2AAC36885E7E01D0F0D39A2264D343.e.1864"},"getText",[]]}
RESULT: {"script":"<script> [6424 bytes]","args":[{"element-6066-11e4-a52e-4f735466cecf":"f.85A0C08C11805158FB40365BE7F8DFE2.d.AF2AAC36885E7E01D0F0D39A2264D343.e.1864"},"getText",[]]}
COMMAND: POST /session/5f042fc1c64931e48653a4fe2329ff65/element - {"using":"css selector","value":"#shell-header-logo"}
RESULT: {"using":"css selector","value":"#shell-header-logo"}
COMMAND: POST /session/5f042fc1c64931e48653a4fe2329ff65/element/f.85A0C08C11805158FB40365BE7F8DFE2.d.AF2AAC36885E7E01D0F0D39A2264D343.e.1200/click - {}
RESULT: {}
COMMAND: GET /session/5f042fc1c64931e48653a4fe2329ff65/screenshot - {}
RESULT: {}
COMMAND: POST /session/5f042fc1c64931e48653a4fe2329ff65/execute/async - {"script":"<script> [1562 bytes]","args":[{"selector":{"controlType":"sap.m.GenericTile","properties":{"header":"Manage Sites"}},"wdio_ui5_key":"sapm.GenericTile{\"header\":\"Manage Sites\"}"}]}
RESULT: {"script":"<script> [1562 bytes]","args":[{"selector":{"controlType":"sap.m.GenericTile","properties":{"header":"Manage Sites"}},"wdio_ui5_key":"sapm.GenericTile{\"header\":\"Manage Sites\"}"}]}
RESULT: undefined
COMMAND: POST /session/5f042fc1c64931e48653a4fe2329ff65/element - {"using":"xpath","value":"//*[@id=\"__tile40\"]"}
RESULT: {"using":"xpath","value":"//*[@id=\"__tile40\"]"}
COMMAND: POST /session/5f042fc1c64931e48653a4fe2329ff65/element/f.85A0C08C11805158FB40365BE7F8DFE2.d.AF2AAC36885E7E01D0F0D39A2264D343.e.1866/click - {}
RESULT: {}
COMMAND: GET /session/5f042fc1c64931e48653a4fe2329ff65/screenshot - {}
RESULT: {}
COMMAND: POST /session/5f042fc1c64931e48653a4fe2329ff65/elements - {"using":"xpath","value":"//span[text()='Error']"}
RESULT: {"using":"xpath","value":"//span[text()='Error']"}
COMMAND: POST /session/5f042fc1c64931e48653a4fe2329ff65/execute/async - {"script":"<script> [1562 bytes]","args":[{"selector":{"controlType":"sap.ui.core.Icon","viewName":"etm.portal.ui.managesites.view.Master","viewId":"application-managesites-display-component---masterSite","properties":{"src":{"regex":{"source":"add"}}}},"wdio_ui5_key":"etmportal.ui.managesites.view.Mastersap.ui.core.Icon{\"src\":{\"regex\":{\"source\":\"add\"}}}"}]}
RESULT: {"script":"<script> [1562 bytes]","args":[{"selector":{"controlType":"sap.ui.core.Icon","viewName":"etm.portal.ui.managesites.view.Master","viewId":"application-managesites-display-component---masterSite","properties":{"src":{"regex":{"source":"add"}}}},"wdio_ui5_key":"etmportal.ui.managesites.view.Mastersap.ui.core.Icon{\"src\":{\"regex\":{\"source\":\"add\"}}}"}]}
RESULT: undefined
COMMAND: POST /session/5f042fc1c64931e48653a4fe2329ff65/element - {"using":"xpath","value":"//*[@id=\"__button48-img\"]"}
RESULT: {"using":"xpath","value":"//*[@id=\"__button48-img\"]"}
COMMAND: POST /session/5f042fc1c64931e48653a4fe2329ff65/element/f.85A0C08C11805158FB40365BE7F8DFE2.d.AF2AAC36885E7E01D0F0D39A2264D343.e.1913/click - {}
RESULT: {}
COMMAND: POST /session/5f042fc1c64931e48653a4fe2329ff65/execute/async - {"script":"<script> [1562 bytes]","args":[{"selector":{"id":"application-managesites-display-component---NewSite--siteId","interaction":{"idSuffix":"inner"}},"wdio_ui5_key":"applicationmanagesites-display-component---NewSite--siteId"}]}
COMMAND: GET /session/5f042fc1c64931e48653a4fe2329ff65/screenshot - {}
RESULT: {"script":"<script> [1562 bytes]","args":[{"selector":{"id":"application-managesites-display-component---NewSite--siteId","interaction":{"idSuffix":"inner"}},"wdio_ui5_key":"applicationmanagesites-display-component---NewSite--siteId"}]}
RESULT: undefined
COMMAND: POST /session/5f042fc1c64931e48653a4fe2329ff65/execute/async - {"script":"<script> [1562 bytes]","args":[{"selector":{"id":"application-managesites-display-component---NewSite--addressDetailDetailsName1","interaction":{"idSuffix":"inner"}},"wdio_ui5_key":"applicationmanagesites-display-component---NewSite--addressDetailDetailsName1"}]}
RESULT: {}
RESULT: {"script":"<script> [1562 bytes]","args":[{"selector":{"id":"application-managesites-display-component---NewSite--addressDetailDetailsName1","interaction":{"idSuffix":"inner"}},"wdio_ui5_key":"applicationmanagesites-display-component---NewSite--addressDetailDetailsName1"}]}
RESULT: undefined
COMMAND: POST /session/5f042fc1c64931e48653a4fe2329ff65/execute/async - {"script":"<script> [776 bytes]","args":[{"enterText":"WebdriverSitex640o","selector":{"id":"application-managesites-display-component---NewSite--addressDetailDetailsName1","interaction":{"idSuffix":"inner"}},"clearTextFirst":true,"interactionType":"ENTER_TEXT"}]}
RESULT: {"script":"<script> [776 bytes]","args":[{"enterText":"WebdriverSitex640o","selector":{"id":"application-managesites-display-component---NewSite--addressDetailDetailsName1","interaction":{"idSuffix":"inner"}},"clearTextFirst":true,"interactionType":"ENTER_TEXT"}]}
COMMAND: POST /session/5f042fc1c64931e48653a4fe2329ff65/execute/async - {"script":"<script> [1562 bytes]","args":[{"selector":{"id":"application-managesites-display-component---NewSite--addressDetailDetailsLanguage","interaction":{"idSuffix":"inner"}},"wdio_ui5_key":"applicationmanagesites-display-component---NewSite--addressDetailDetailsLanguage"}]}
RESULT: {"script":"<script> [1562 bytes]","args":[{"selector":{"id":"application-managesites-display-component---NewSite--addressDetailDetailsLanguage","interaction":{"idSuffix":"inner"}},"wdio_ui5_key":"applicationmanagesites-display-component---NewSite--addressDetailDetailsLanguage"}]}
RESULT: undefined
COMMAND: POST /session/5f042fc1c64931e48653a4fe2329ff65/execute/async - {"script":"<script> [776 bytes]","args":[{"enterText":"Romanian","selector":{"id":"application-managesites-display-component---NewSite--addressDetailDetailsLanguage","interaction":{"idSuffix":"inner"}},"clearTextFirst":true,"interactionType":"ENTER_TEXT"}]}
RESULT: {"script":"<script> [776 bytes]","args":[{"enterText":"Romanian","selector":{"id":"application-managesites-display-component---NewSite--addressDetailDetailsLanguage","interaction":{"idSuffix":"inner"}},"clearTextFirst":true,"interactionType":"ENTER_TEXT"}]}
COMMAND: POST /session/5f042fc1c64931e48653a4fe2329ff65/execute/async - {"script":"<script> [1562 bytes]","args":[{"selector":{"id":"application-managesites-display-component---NewSite--addressDetailDetailsCity1","interaction":{"idSuffix":"inner"}},"wdio_ui5_key":"applicationmanagesites-display-component---NewSite--addressDetailDetailsCity1"}]}
RESULT: {"script":"<script> [1562 bytes]","args":[{"selector":{"id":"application-managesites-display-component---NewSite--addressDetailDetailsCity1","interaction":{"idSuffix":"inner"}},"wdio_ui5_key":"applicationmanagesites-display-component---NewSite--addressDetailDetailsCity1"}]}
RESULT: undefined
COMMAND: POST /session/5f042fc1c64931e48653a4fe2329ff65/execute/async - {"script":"<script> [776 bytes]","args":[{"enterText":"Bucharest","selector":{"id":"application-managesites-display-component---NewSite--addressDetailDetailsCity1","interaction":{"idSuffix":"inner"}},"clearTextFirst":true,"interactionType":"ENTER_TEXT"}]}
RESULT: {"script":"<script> [776 bytes]","args":[{"enterText":"Bucharest","selector":{"id":"application-managesites-display-component---NewSite--addressDetailDetailsCity1","interaction":{"idSuffix":"inner"}},"clearTextFirst":true,"interactionType":"ENTER_TEXT"}]}
COMMAND: POST /session/5f042fc1c64931e48653a4fe2329ff65/execute/async - {"script":"<script> [1562 bytes]","args":[{"selector":{"id":"application-managesites-display-component---NewSite--addressDetailDetailsCountry","interaction":{"idSuffix":"inner"}},"wdio_ui5_key":"applicationmanagesites-display-component---NewSite--addressDetailDetailsCountry"}]}
RESULT: {"script":"<script> [1562 bytes]","args":[{"selector":{"id":"application-managesites-display-component---NewSite--addressDetailDetailsCountry","interaction":{"idSuffix":"inner"}},"wdio_ui5_key":"applicationmanagesites-display-component---NewSite--addressDetailDetailsCountry"}]}
RESULT: undefined
COMMAND: POST /session/5f042fc1c64931e48653a4fe2329ff65/execute/async - {"script":"<script> [776 bytes]","args":[{"enterText":"Romania","selector":{"id":"application-managesites-display-component---NewSite--addressDetailDetailsCountry","interaction":{"idSuffix":"inner"}},"clearTextFirst":true,"interactionType":"ENTER_TEXT"}]}
RESULT: {"script":"<script> [776 bytes]","args":[{"enterText":"Romania","selector":{"id":"application-managesites-display-component---NewSite--addressDetailDetailsCountry","interaction":{"idSuffix":"inner"}},"clearTextFirst":true,"interactionType":"ENTER_TEXT"}]}
COMMAND: POST /session/5f042fc1c64931e48653a4fe2329ff65/element - {"using":"css selector","value":"#application-managesites-display-component---NewSite--addressDetailDetailsCalendar-inner"}
RESULT: {"using":"css selector","value":"#application-managesites-display-component---NewSite--addressDetailDetailsCalendar-inner"}
COMMAND: POST /session/5f042fc1c64931e48653a4fe2329ff65/element/f.85A0C08C11805158FB40365BE7F8DFE2.d.AF2AAC36885E7E01D0F0D39A2264D343.e.2117/clear - {}
RESULT: {}
COMMAND: POST /session/5f042fc1c64931e48653a4fe2329ff65/element/f.85A0C08C11805158FB40365BE7F8DFE2.d.AF2AAC36885E7E01D0F0D39A2264D343.e.2117/value - {"text":"Germany"}
COMMAND: GET /session/5f042fc1c64931e48653a4fe2329ff65/screenshot - {}
RESULT: {"text":"Germany"}
COMMAND: POST /session/5f042fc1c64931e48653a4fe2329ff65/execute/async - {"script":"<script> [1562 bytes]","args":[{"selector":{"id":"application-managesites-display-component---NewSite--addressEditDetailsCostObjectCstType-arrow"},"wdio_ui5_key":"applicationmanagesites-display-component---NewSite--addressEditDetailsCostObjectCstType-arrow"}]}
COMMAND: GET /session/5f042fc1c64931e48653a4fe2329ff65/screenshot - {}
RESULT: {}
RESULT: {"script":"<script> [1562 bytes]","args":[{"selector":{"id":"application-managesites-display-component---NewSite--addressEditDetailsCostObjectCstType-arrow"},"wdio_ui5_key":"applicationmanagesites-display-component---NewSite--addressEditDetailsCostObjectCstType-arrow"}]}
RESULT: undefined
COMMAND: POST /session/5f042fc1c64931e48653a4fe2329ff65/element - {"using":"xpath","value":"//*[@id=\"application-managesites-display-component---NewSite--addressEditDetailsCostObjectCstType-arrow\"]"}
RESULT: {}
RESULT: {"using":"xpath","value":"//*[@id=\"application-managesites-display-component---NewSite--addressEditDetailsCostObjectCstType-arrow\"]"}
COMMAND: POST /session/5f042fc1c64931e48653a4fe2329ff65/element/f.85A0C08C11805158FB40365BE7F8DFE2.d.AF2AAC36885E7E01D0F0D39A2264D343.e.2305/click - {}
RESULT: {}
COMMAND: POST /session/5f042fc1c64931e48653a4fe2329ff65/element - {"using":"xpath","value":"//span[contains(text(), \"Work Breakdown Structure\")]"}
COMMAND: GET /session/5f042fc1c64931e48653a4fe2329ff65/screenshot - {}
RESULT: {"using":"xpath","value":"//span[contains(text(), \"Work Breakdown Structure\")]"}
COMMAND: POST /session/5f042fc1c64931e48653a4fe2329ff65/element/f.85A0C08C11805158FB40365BE7F8DFE2.d.AF2AAC36885E7E01D0F0D39A2264D343.e.2306/click - {}
RESULT: {}
RESULT: {}
COMMAND: GET /session/5f042fc1c64931e48653a4fe2329ff65/screenshot - {}
RESULT: {}
COMMAND: POST /session/5f042fc1c64931e48653a4fe2329ff65/execute/async - {"script":"<script> [1562 bytes]","args":[{"selector":{"id":"application-managesites-display-component---NewSite--addressNewCostObjectCstID-vhi"},"wdio_ui5_key":"applicationmanagesites-display-component---NewSite--addressNewCostObjectCstID-vhi"}]}
RESULT: {"script":"<script> [1562 bytes]","args":[{"selector":{"id":"application-managesites-display-component---NewSite--addressNewCostObjectCstID-vhi"},"wdio_ui5_key":"applicationmanagesites-display-component---NewSite--addressNewCostObjectCstID-vhi"}]}
RESULT: undefined
COMMAND: POST /session/5f042fc1c64931e48653a4fe2329ff65/element - {"using":"xpath","value":"//*[@id=\"application-managesites-display-component---NewSite--addressNewCostObjectCstID-vhi\"]"}
RESULT: {"using":"xpath","value":"//*[@id=\"application-managesites-display-component---NewSite--addressNewCostObjectCstID-vhi\"]"}
COMMAND: POST /session/5f042fc1c64931e48653a4fe2329ff65/element/f.85A0C08C11805158FB40365BE7F8DFE2.d.AF2AAC36885E7E01D0F0D39A2264D343.e.2311/click - {}
RESULT: {}
COMMAND: GET /session/5f042fc1c64931e48653a4fe2329ff65/screenshot - {}
RESULT: {}
COMMAND: POST /session/5f042fc1c64931e48653a4fe2329ff65/execute/async - {"script":"<script> [1562 bytes]","args":[{"selector":{"controlType":"sap.m.SearchField","properties":{"placeholder":"Search"},"searchOpenDialogs":true,"interaction":{"idSuffix":"I"}},"wdio_ui5_key":"sapm.SearchField{\"placeholder\":\"Search\"}"}]}
RESULT: {"script":"<script> [1562 bytes]","args":[{"selector":{"controlType":"sap.m.SearchField","properties":{"placeholder":"Search"},"searchOpenDialogs":true,"interaction":{"idSuffix":"I"}},"wdio_ui5_key":"sapm.SearchField{\"placeholder\":\"Search\"}"}]}
RESULT: undefined
COMMAND: POST /session/5f042fc1c64931e48653a4fe2329ff65/execute/async - {"script":"<script> [776 bytes]","args":[{"enterText":"A1-000100-01","selector":{"controlType":"sap.m.SearchField","properties":{"placeholder":"Search"},"searchOpenDialogs":true,"interaction":{"idSuffix":"I"}},"clearTextFirst":true,"interactionType":"ENTER_TEXT"}]}
RESULT: {"script":"<script> [776 bytes]","args":[{"enterText":"A1-000100-01","selector":{"controlType":"sap.m.SearchField","properties":{"placeholder":"Search"},"searchOpenDialogs":true,"interaction":{"idSuffix":"I"}},"clearTextFirst":true,"interactionType":"ENTER_TEXT"}]}
COMMAND: POST /session/5f042fc1c64931e48653a4fe2329ff65/actions - {"actions":[{"id":"action3","type":"key","parameters":{},"actions":[{"type":"keyDown","value":"î€‡"},{"type":"pause","duration":10},{"type":"keyUp","value":"î€‡"}]}]}
RESULT: {"actions":[{"id":"action3","type":"key","parameters":{},"actions":[{"type":"keyDown","value":"î€‡"},{"type":"pause","duration":10},{"type":"keyUp","value":"î€‡"}]}]}
COMMAND: GET /session/5f042fc1c64931e48653a4fe2329ff65/screenshot - {}
RESULT: {}
COMMAND: POST /session/5f042fc1c64931e48653a4fe2329ff65/element - {"using":"xpath","value":"//span[contains(text(), \"Template for ETO-Process\")]"}
RESULT: {"using":"xpath","value":"//span[contains(text(), \"Template for ETO-Process\")]"}
COMMAND: POST /session/5f042fc1c64931e48653a4fe2329ff65/element/f.85A0C08C11805158FB40365BE7F8DFE2.d.AF2AAC36885E7E01D0F0D39A2264D343.e.2331/click - {}
RESULT: {}
COMMAND: GET /session/5f042fc1c64931e48653a4fe2329ff65/screenshot - {}
RESULT: {}
COMMAND: POST /session/5f042fc1c64931e48653a4fe2329ff65/element - {"using":"xpath","value":"//bdi[contains(text(), \"OK\")]"}
RESULT: {"using":"xpath","value":"//bdi[contains(text(), \"OK\")]"}
COMMAND: POST /session/5f042fc1c64931e48653a4fe2329ff65/element/f.85A0C08C11805158FB40365BE7F8DFE2.d.AF2AAC36885E7E01D0F0D39A2264D343.e.2332/click - {}
RESULT: {}
COMMAND: GET /session/5f042fc1c64931e48653a4fe2329ff65/screenshot - {}
RESULT: {}
COMMAND: POST /session/5f042fc1c64931e48653a4fe2329ff65/element - {"using":"xpath","value":"//input[@id=\"application-managesites-display-component---NewSite--addressDetailDetailsYard-inner\"]"}
RESULT: {"using":"xpath","value":"//input[@id=\"application-managesites-display-component---NewSite--addressDetailDetailsYard-inner\"]"}
COMMAND: POST /session/5f042fc1c64931e48653a4fe2329ff65/element/f.85A0C08C11805158FB40365BE7F8DFE2.d.AF2AAC36885E7E01D0F0D39A2264D343.e.2118/value - {"text":"WebdriverYardvzk7z"}
RESULT: {"text":"WebdriverYardvzk7z"}
COMMAND: GET /session/5f042fc1c64931e48653a4fe2329ff65/screenshot - {}
RESULT: {}
COMMAND: POST /session/5f042fc1c64931e48653a4fe2329ff65/actions - {"actions":[{"id":"action4","type":"key","parameters":{},"actions":[{"type":"keyDown","value":"î€‡"},{"type":"pause","duration":10},{"type":"keyUp","value":"î€‡"}]}]}
RESULT: {"actions":[{"id":"action4","type":"key","parameters":{},"actions":[{"type":"keyDown","value":"î€‡"},{"type":"pause","duration":10},{"type":"keyUp","value":"î€‡"}]}]}
COMMAND: GET /session/5f042fc1c64931e48653a4fe2329ff65/screenshot - {}
RESULT: {}
COMMAND: POST /session/5f042fc1c64931e48653a4fe2329ff65/element - {"using":"xpath","value":"//input[@id=\"application-managesites-display-component---NewSite--addressDetailDetailsPartner-inner\"]"}
RESULT: {"using":"xpath","value":"//input[@id=\"application-managesites-display-component---NewSite--addressDetailDetailsPartner-inner\"]"}
COMMAND: POST /session/5f042fc1c64931e48653a4fe2329ff65/elements - {"using":"xpath","value":"//input[@id=\"application-managesites-display-component---NewSite--addressDetailDetailsPartner-inner\"]"}
RESULT: {"using":"xpath","value":"//input[@id=\"application-managesites-display-component---NewSite--addressDetailDetailsPartner-inner\"]"}
COMMAND: POST /session/5f042fc1c64931e48653a4fe2329ff65/execute/async - {"script":"<script> [1562 bytes]","args":[{"selector":{"controlType":"sap.m.Button","viewName":"etm.portal.ui.managesites.view.NewSmartSite","viewId":"application-managesites-display-component---NewSite","properties":{"text":"Commercial"},"interaction":{"idSuffix":"BDI-content"}},"wdio_ui5_key":"etmportal.ui.managesites.view.NewSmartSitesap.m.Button{\"text\":\"Commercial\"}"}]}
RESULT: {"script":"<script> [1562 bytes]","args":[{"selector":{"controlType":"sap.m.Button","viewName":"etm.portal.ui.managesites.view.NewSmartSite","viewId":"application-managesites-display-component---NewSite","properties":{"text":"Commercial"},"interaction":{"idSuffix":"BDI-content"}},"wdio_ui5_key":"etmportal.ui.managesites.view.NewSmartSitesap.m.Button{\"text\":\"Commercial\"}"}]}
RESULT: undefined
COMMAND: POST /session/5f042fc1c64931e48653a4fe2329ff65/element - {"using":"xpath","value":"//*[@id=\"application-managesites-display-component---NewSite--ObjectPageLayout-anchBar-__section29-anchor\"]"}
RESULT: {"using":"xpath","value":"//*[@id=\"application-managesites-display-component---NewSite--ObjectPageLayout-anchBar-__section29-anchor\"]"}
COMMAND: POST /session/5f042fc1c64931e48653a4fe2329ff65/element/f.85A0C08C11805158FB40365BE7F8DFE2.d.AF2AAC36885E7E01D0F0D39A2264D343.e.2339/click - {}
RESULT: {}
COMMAND: POST /session/5f042fc1c64931e48653a4fe2329ff65/execute/async - {"script":"<script> [1562 bytes]","args":[{"selector":{"controlType":"sap.m.Button","viewName":"etm.portal.ui.managesites.view.NewSmartSite","viewId":"application-managesites-display-component---NewSite","i18NText":{"propertyName":"text","key":"save"},"interaction":{"idSuffix":"BDI-content"}},"wdio_ui5_key":"etmportal.ui.managesites.view.NewSmartSitesap.m.Button{\"propertyName\":\"text\",\"key\":\"save\"}"}]}
COMMAND: GET /session/5f042fc1c64931e48653a4fe2329ff65/screenshot - {}
RESULT: {"script":"<script> [1562 bytes]","args":[{"selector":{"controlType":"sap.m.Button","viewName":"etm.portal.ui.managesites.view.NewSmartSite","viewId":"application-managesites-display-component---NewSite","i18NText":{"propertyName":"text","key":"save"},"interaction":{"idSuffix":"BDI-content"}},"wdio_ui5_key":"etmportal.ui.managesites.view.NewSmartSitesap.m.Button{\"propertyName\":\"text\",\"key\":\"save\"}"}]}
RESULT: undefined
COMMAND: POST /session/5f042fc1c64931e48653a4fe2329ff65/element - {"using":"xpath","value":"//*[@id=\"__button60\"]"}
RESULT: {}
RESULT: {"using":"xpath","value":"//*[@id=\"__button60\"]"}
COMMAND: POST /session/5f042fc1c64931e48653a4fe2329ff65/element/f.85A0C08C11805158FB40365BE7F8DFE2.d.AF2AAC36885E7E01D0F0D39A2264D343.e.2243/click - {}
RESULT: {}
COMMAND: GET /session/5f042fc1c64931e48653a4fe2329ff65/screenshot - {}
RESULT: {}
COMMAND: POST /session/5f042fc1c64931e48653a4fe2329ff65/execute/async - {"script":"<script> [1562 bytes]","args":[{"selector":{"id":"application-managesites-display-component---detailSite--addressDetailDetailsYardText"},"wdio_ui5_key":"applicationmanagesites-display-component---detailSite--addressDetailDetailsYardText"}]}
RESULT: {"script":"<script> [1562 bytes]","args":[{"selector":{"id":"application-managesites-display-component---detailSite--addressDetailDetailsYardText"},"wdio_ui5_key":"applicationmanagesites-display-component---detailSite--addressDetailDetailsYardText"}]}
RESULT: undefined
COMMAND: POST /session/5f042fc1c64931e48653a4fe2329ff65/element - {"using":"xpath","value":"//header/div/div[2]/div[2]/span"}
RESULT: {"using":"xpath","value":"//header/div/div[2]/div[2]/span"}
COMMAND: GET /session/5f042fc1c64931e48653a4fe2329ff65/element/f.85A0C08C11805158FB40365BE7F8DFE2.d.AF2AAC36885E7E01D0F0D39A2264D343.e.2558/text - {}
RESULT: {}
COMMAND: POST /session/5f042fc1c64931e48653a4fe2329ff65/element - {"using":"xpath","value":"//header/div/div/div/div/div/div[2]/div/span"}
RESULT: {"using":"xpath","value":"//header/div/div/div/div/div/div[2]/div/span"}
COMMAND: GET /session/5f042fc1c64931e48653a4fe2329ff65/element/f.85A0C08C11805158FB40365BE7F8DFE2.d.AF2AAC36885E7E01D0F0D39A2264D343.e.2559/text - {}
RESULT: {}
COMMAND: POST /session/5f042fc1c64931e48653a4fe2329ff65/element - {"using":"css selector","value":"#shell-header-logo"}
RESULT: {"using":"css selector","value":"#shell-header-logo"}
COMMAND: POST /session/5f042fc1c64931e48653a4fe2329ff65/element/f.85A0C08C11805158FB40365BE7F8DFE2.d.AF2AAC36885E7E01D0F0D39A2264D343.e.1869/click - {}
RESULT: {}
COMMAND: GET /session/5f042fc1c64931e48653a4fe2329ff65/screenshot - {}
RESULT: {}
]]></system-out>
    </testcase>
    <testcase classname="chrome.136_0_7103_49.windows.Standard_contract_-_add_contract_items_by_Insert_Request_US118222" name="Should create 2 new resources and a catalog item" time="363.042">
      <system-out><![CDATA[
COMMAND: POST /session/5f042fc1c64931e48653a4fe2329ff65/execute/async - {"script":"<script> [1562 bytes]","args":[{"selector":{"controlType":"sap.m.GenericTile","properties":{"header":"Manage Resources"}},"wdio_ui5_key":"sapm.GenericTile{\"header\":\"Manage Resources\"}"}]}
RESULT: {"script":"<script> [1562 bytes]","args":[{"selector":{"controlType":"sap.m.GenericTile","properties":{"header":"Manage Resources"}},"wdio_ui5_key":"sapm.GenericTile{\"header\":\"Manage Resources\"}"}]}
RESULT: undefined
COMMAND: POST /session/5f042fc1c64931e48653a4fe2329ff65/element - {"using":"xpath","value":"//*[@id=\"__tile39\"]"}
RESULT: {"using":"xpath","value":"//*[@id=\"__tile39\"]"}
COMMAND: POST /session/5f042fc1c64931e48653a4fe2329ff65/element/f.85A0C08C11805158FB40365BE7F8DFE2.d.AF2AAC36885E7E01D0F0D39A2264D343.e.2561/click - {}
RESULT: {}
COMMAND: GET /session/5f042fc1c64931e48653a4fe2329ff65/screenshot - {}
RESULT: {}
COMMAND: POST /session/5f042fc1c64931e48653a4fe2329ff65/elements - {"using":"xpath","value":"//span[text()='Error']"}
RESULT: {"using":"xpath","value":"//span[text()='Error']"}
COMMAND: POST /session/5f042fc1c64931e48653a4fe2329ff65/element - {"using":"xpath","value":"//button[@data-kt=\"addNewRUOverflowToolbarButton\"]"}
RESULT: {"using":"xpath","value":"//button[@data-kt=\"addNewRUOverflowToolbarButton\"]"}
COMMAND: POST /session/5f042fc1c64931e48653a4fe2329ff65/execute/sync - {"script":"<script> [8489 bytes]","args":[{"element-6066-11e4-a52e-4f735466cecf":"f.85A0C08C11805158FB40365BE7F8DFE2.d.AF2AAC36885E7E01D0F0D39A2264D343.e.2605","ELEMENT":"f.85A0C08C11805158FB40365BE7F8DFE2.d.AF2AAC36885E7E01D0F0D39A2264D343.e.2605"}]}
RESULT: {"script":"<script> [8489 bytes]","args":[{"element-6066-11e4-a52e-4f735466cecf":"f.85A0C08C11805158FB40365BE7F8DFE2.d.AF2AAC36885E7E01D0F0D39A2264D343.e.2605","ELEMENT":"f.85A0C08C11805158FB40365BE7F8DFE2.d.AF2AAC36885E7E01D0F0D39A2264D343.e.2605"}]}
COMMAND: POST /session/5f042fc1c64931e48653a4fe2329ff65/element/f.85A0C08C11805158FB40365BE7F8DFE2.d.AF2AAC36885E7E01D0F0D39A2264D343.e.2605/click - {}
COMMAND: GET /session/5f042fc1c64931e48653a4fe2329ff65/screenshot - {}
RESULT: {}
COMMAND: POST /session/5f042fc1c64931e48653a4fe2329ff65/execute/async - {"script":"<script> [1562 bytes]","args":[{"selector":{"id":"application-manageresources-display-component---newResourceUnit--TYPE-arrow"},"wdio_ui5_key":"applicationmanageresources-display-component---newResourceUnit--TYPE-arrow"}]}
COMMAND: GET /session/5f042fc1c64931e48653a4fe2329ff65/screenshot - {}
RESULT: {}
RESULT: {"script":"<script> [1562 bytes]","args":[{"selector":{"id":"application-manageresources-display-component---newResourceUnit--TYPE-arrow"},"wdio_ui5_key":"applicationmanageresources-display-component---newResourceUnit--TYPE-arrow"}]}
RESULT: undefined
COMMAND: POST /session/5f042fc1c64931e48653a4fe2329ff65/element - {"using":"xpath","value":"//*[@id=\"application-manageresources-display-component---newResourceUnit--TYPE-arrow\"]"}
RESULT: {}
RESULT: {"using":"xpath","value":"//*[@id=\"application-manageresources-display-component---newResourceUnit--TYPE-arrow\"]"}
COMMAND: POST /session/5f042fc1c64931e48653a4fe2329ff65/element/f.85A0C08C11805158FB40365BE7F8DFE2.d.AF2AAC36885E7E01D0F0D39A2264D343.e.2932/click - {}
RESULT: {}
COMMAND: POST /session/5f042fc1c64931e48653a4fe2329ff65/execute/async - {"script":"<script> [1562 bytes]","args":[{"selector":{"controlType":"sap.m.StandardListItem","viewName":"reusables.view.manageresources.NewResourceUnit","viewId":"application-manageresources-display-component---newResourceUnit","properties":{"title":"Material"},"searchOpenDialogs":true,"interaction":{"idSuffix":"titleText"}},"wdio_ui5_key":"reusablesview.manageresources.NewResourceUnitsap.m.StandardListItem{\"title\":\"Material\"}"}]}
COMMAND: GET /session/5f042fc1c64931e48653a4fe2329ff65/screenshot - {}
RESULT: {"script":"<script> [1562 bytes]","args":[{"selector":{"controlType":"sap.m.StandardListItem","viewName":"reusables.view.manageresources.NewResourceUnit","viewId":"application-manageresources-display-component---newResourceUnit","properties":{"title":"Material"},"searchOpenDialogs":true,"interaction":{"idSuffix":"titleText"}},"wdio_ui5_key":"reusablesview.manageresources.NewResourceUnitsap.m.StandardListItem{\"title\":\"Material\"}"}]}
RESULT: undefined
COMMAND: POST /session/5f042fc1c64931e48653a4fe2329ff65/element - {"using":"xpath","value":"//*[@id=\"__item943\"]"}
RESULT: {}
RESULT: {"using":"xpath","value":"//*[@id=\"__item943\"]"}
COMMAND: POST /session/5f042fc1c64931e48653a4fe2329ff65/element/f.85A0C08C11805158FB40365BE7F8DFE2.d.AF2AAC36885E7E01D0F0D39A2264D343.e.2935/click - {}
RESULT: {}
COMMAND: POST /session/5f042fc1c64931e48653a4fe2329ff65/execute/async - {"script":"<script> [1562 bytes]","args":[{"selector":{"id":"application-manageresources-display-component---newResourceUnit--SHORT_TEXT","interaction":{"idSuffix":"inner"}},"wdio_ui5_key":"applicationmanageresources-display-component---newResourceUnit--SHORT_TEXT"}]}
COMMAND: GET /session/5f042fc1c64931e48653a4fe2329ff65/screenshot - {}
RESULT: {"script":"<script> [1562 bytes]","args":[{"selector":{"id":"application-manageresources-display-component---newResourceUnit--SHORT_TEXT","interaction":{"idSuffix":"inner"}},"wdio_ui5_key":"applicationmanageresources-display-component---newResourceUnit--SHORT_TEXT"}]}
RESULT: undefined
COMMAND: POST /session/5f042fc1c64931e48653a4fe2329ff65/execute/async - {"script":"<script> [776 bytes]","args":[{"enterText":"WebdriverRUR2Csduqk","selector":{"id":"application-manageresources-display-component---newResourceUnit--SHORT_TEXT","interaction":{"idSuffix":"inner"}},"clearTextFirst":true,"interactionType":"ENTER_TEXT"}]}
RESULT: {}
RESULT: {"script":"<script> [776 bytes]","args":[{"enterText":"WebdriverRUR2Csduqk","selector":{"id":"application-manageresources-display-component---newResourceUnit--SHORT_TEXT","interaction":{"idSuffix":"inner"}},"clearTextFirst":true,"interactionType":"ENTER_TEXT"}]}
COMMAND: POST /session/5f042fc1c64931e48653a4fe2329ff65/execute/async - {"script":"<script> [1562 bytes]","args":[{"selector":{"id":"application-manageresources-display-component---newResourceUnit--BASE_UNIT_OF_MEASURE-arrow"},"wdio_ui5_key":"applicationmanageresources-display-component---newResourceUnit--BASE_UNIT_OF_MEASURE-arrow"}]}
RESULT: {"script":"<script> [1562 bytes]","args":[{"selector":{"id":"application-manageresources-display-component---newResourceUnit--BASE_UNIT_OF_MEASURE-arrow"},"wdio_ui5_key":"applicationmanageresources-display-component---newResourceUnit--BASE_UNIT_OF_MEASURE-arrow"}]}
RESULT: undefined
COMMAND: POST /session/5f042fc1c64931e48653a4fe2329ff65/element - {"using":"xpath","value":"//*[@id=\"application-manageresources-display-component---newResourceUnit--BASE_UNIT_OF_MEASURE-arrow\"]"}
RESULT: {"using":"xpath","value":"//*[@id=\"application-manageresources-display-component---newResourceUnit--BASE_UNIT_OF_MEASURE-arrow\"]"}
COMMAND: POST /session/5f042fc1c64931e48653a4fe2329ff65/element/f.85A0C08C11805158FB40365BE7F8DFE2.d.AF2AAC36885E7E01D0F0D39A2264D343.e.2989/click - {}
RESULT: {}
COMMAND: POST /session/5f042fc1c64931e48653a4fe2329ff65/execute/async - {"script":"<script> [1562 bytes]","args":[{"selector":{"controlType":"sap.m.StandardListItem","viewName":"reusables.view.manageresources.NewResourceUnit","viewId":"application-manageresources-display-component---newResourceUnit","properties":{"title":"Piece"},"searchOpenDialogs":true,"interaction":{"idSuffix":"titleText"}},"wdio_ui5_key":"reusablesview.manageresources.NewResourceUnitsap.m.StandardListItem{\"title\":\"Piece\"}"}]}
COMMAND: GET /session/5f042fc1c64931e48653a4fe2329ff65/screenshot - {}
RESULT: {"script":"<script> [1562 bytes]","args":[{"selector":{"controlType":"sap.m.StandardListItem","viewName":"reusables.view.manageresources.NewResourceUnit","viewId":"application-manageresources-display-component---newResourceUnit","properties":{"title":"Piece"},"searchOpenDialogs":true,"interaction":{"idSuffix":"titleText"}},"wdio_ui5_key":"reusablesview.manageresources.NewResourceUnitsap.m.StandardListItem{\"title\":\"Piece\"}"}]}
RESULT: undefined
COMMAND: POST /session/5f042fc1c64931e48653a4fe2329ff65/element - {"using":"xpath","value":"//*[@id=\"__item985\"]"}
RESULT: {}
RESULT: {"using":"xpath","value":"//*[@id=\"__item985\"]"}
COMMAND: POST /session/5f042fc1c64931e48653a4fe2329ff65/element/f.85A0C08C11805158FB40365BE7F8DFE2.d.AF2AAC36885E7E01D0F0D39A2264D343.e.2991/click - {}
RESULT: {}
COMMAND: POST /session/5f042fc1c64931e48653a4fe2329ff65/element - {"using":"xpath","value":"//input[contains(@id ,\"application-manageresources-display-component---newResourceUnit--SHORT_TEXT-inner\")]"}
COMMAND: GET /session/5f042fc1c64931e48653a4fe2329ff65/screenshot - {}
RESULT: {"using":"xpath","value":"//input[contains(@id ,\"application-manageresources-display-component---newResourceUnit--SHORT_TEXT-inner\")]"}
COMMAND: GET /session/5f042fc1c64931e48653a4fe2329ff65/element/f.85A0C08C11805158FB40365BE7F8DFE2.d.AF2AAC36885E7E01D0F0D39A2264D343.e.2952/property/value - {}
RESULT: {}
RESULT: {}
COMMAND: POST /session/5f042fc1c64931e48653a4fe2329ff65/execute/async - {"script":"<script> [1562 bytes]","args":[{"selector":{"id":"application-manageresources-display-component---newResourceUnit--WEIGHT_UNIT-arrow"},"wdio_ui5_key":"applicationmanageresources-display-component---newResourceUnit--WEIGHT_UNIT-arrow"}]}
COMMAND: GET /session/5f042fc1c64931e48653a4fe2329ff65/screenshot - {}
RESULT: {"script":"<script> [1562 bytes]","args":[{"selector":{"id":"application-manageresources-display-component---newResourceUnit--WEIGHT_UNIT-arrow"},"wdio_ui5_key":"applicationmanageresources-display-component---newResourceUnit--WEIGHT_UNIT-arrow"}]}
RESULT: undefined
COMMAND: POST /session/5f042fc1c64931e48653a4fe2329ff65/element - {"using":"xpath","value":"//*[@id=\"application-manageresources-display-component---newResourceUnit--WEIGHT_UNIT-arrow\"]"}
RESULT: {}
RESULT: {"using":"xpath","value":"//*[@id=\"application-manageresources-display-component---newResourceUnit--WEIGHT_UNIT-arrow\"]"}
COMMAND: POST /session/5f042fc1c64931e48653a4fe2329ff65/element/f.85A0C08C11805158FB40365BE7F8DFE2.d.AF2AAC36885E7E01D0F0D39A2264D343.e.2992/click - {}
RESULT: {}
COMMAND: POST /session/5f042fc1c64931e48653a4fe2329ff65/execute/async - {"script":"<script> [1562 bytes]","args":[{"selector":{"controlType":"sap.m.StandardListItem","viewName":"reusables.view.manageresources.NewResourceUnit","viewId":"application-manageresources-display-component---newResourceUnit","properties":{"title":"Gram"},"searchOpenDialogs":true,"interaction":{"idSuffix":"content"}},"wdio_ui5_key":"reusablesview.manageresources.NewResourceUnitsap.m.StandardListItem{\"title\":\"Gram\"}"}]}
COMMAND: GET /session/5f042fc1c64931e48653a4fe2329ff65/screenshot - {}
RESULT: {"script":"<script> [1562 bytes]","args":[{"selector":{"controlType":"sap.m.StandardListItem","viewName":"reusables.view.manageresources.NewResourceUnit","viewId":"application-manageresources-display-component---newResourceUnit","properties":{"title":"Gram"},"searchOpenDialogs":true,"interaction":{"idSuffix":"content"}},"wdio_ui5_key":"reusablesview.manageresources.NewResourceUnitsap.m.StandardListItem{\"title\":\"Gram\"}"}]}
RESULT: undefined
COMMAND: POST /session/5f042fc1c64931e48653a4fe2329ff65/element - {"using":"xpath","value":"//*[@id=\"__item1050\"]"}
RESULT: {}
RESULT: {"using":"xpath","value":"//*[@id=\"__item1050\"]"}
COMMAND: POST /session/5f042fc1c64931e48653a4fe2329ff65/element/f.85A0C08C11805158FB40365BE7F8DFE2.d.AF2AAC36885E7E01D0F0D39A2264D343.e.2994/click - {}
RESULT: {}
COMMAND: POST /session/5f042fc1c64931e48653a4fe2329ff65/execute/async - {"script":"<script> [1562 bytes]","args":[{"selector":{"id":"application-manageresources-display-component---newResourceUnit--newRRUPage-OPHeaderContent-collapseBtn-img"},"wdio_ui5_key":"applicationmanageresources-display-component---newResourceUnit--newRRUPage-OPHeaderContent-collapseBtn-img"}]}
COMMAND: GET /session/5f042fc1c64931e48653a4fe2329ff65/screenshot - {}
RESULT: {"script":"<script> [1562 bytes]","args":[{"selector":{"id":"application-manageresources-display-component---newResourceUnit--newRRUPage-OPHeaderContent-collapseBtn-img"},"wdio_ui5_key":"applicationmanageresources-display-component---newResourceUnit--newRRUPage-OPHeaderContent-collapseBtn-img"}]}
RESULT: undefined
COMMAND: POST /session/5f042fc1c64931e48653a4fe2329ff65/element - {"using":"xpath","value":"//*[@id=\"application-manageresources-display-component---newResourceUnit--newRRUPage-OPHeaderContent-collapseBtn-img\"]"}
RESULT: {}
RESULT: {"using":"xpath","value":"//*[@id=\"application-manageresources-display-component---newResourceUnit--newRRUPage-OPHeaderContent-collapseBtn-img\"]"}
COMMAND: POST /session/5f042fc1c64931e48653a4fe2329ff65/element/f.85A0C08C11805158FB40365BE7F8DFE2.d.AF2AAC36885E7E01D0F0D39A2264D343.e.2942/click - {}
RESULT: {}
COMMAND: GET /session/5f042fc1c64931e48653a4fe2329ff65/screenshot - {}
RESULT: {}
COMMAND: POST /session/5f042fc1c64931e48653a4fe2329ff65/element - {"using":"xpath","value":"(//span[contains(@id ,\"application-manageresources-display-component---newResourceUnit--DIMENSION_UNIT-arrow\")])[1]"}
RESULT: {"using":"xpath","value":"(//span[contains(@id ,\"application-manageresources-display-component---newResourceUnit--DIMENSION_UNIT-arrow\")])[1]"}
COMMAND: POST /session/5f042fc1c64931e48653a4fe2329ff65/element/f.85A0C08C11805158FB40365BE7F8DFE2.d.AF2AAC36885E7E01D0F0D39A2264D343.e.3000/click - {}
RESULT: {}
COMMAND: GET /session/5f042fc1c64931e48653a4fe2329ff65/screenshot - {}
RESULT: {}
COMMAND: POST /session/5f042fc1c64931e48653a4fe2329ff65/execute/async - {"script":"<script> [1562 bytes]","args":[{"selector":{"controlType":"sap.m.StandardListItem","viewName":"reusables.view.manageresources.NewResourceUnit","viewId":"application-manageresources-display-component---newResourceUnit","properties":{"title":"Centimeter"},"searchOpenDialogs":true,"interaction":{"idSuffix":"titleText"}},"wdio_ui5_key":"reusablesview.manageresources.NewResourceUnitsap.m.StandardListItem{\"title\":\"Centimeter\"}"}]}
RESULT: {"script":"<script> [1562 bytes]","args":[{"selector":{"controlType":"sap.m.StandardListItem","viewName":"reusables.view.manageresources.NewResourceUnit","viewId":"application-manageresources-display-component---newResourceUnit","properties":{"title":"Centimeter"},"searchOpenDialogs":true,"interaction":{"idSuffix":"titleText"}},"wdio_ui5_key":"reusablesview.manageresources.NewResourceUnitsap.m.StandardListItem{\"title\":\"Centimeter\"}"}]}
RESULT: undefined
COMMAND: POST /session/5f042fc1c64931e48653a4fe2329ff65/element - {"using":"xpath","value":"//*[@id=\"__item1053\"]"}
RESULT: {"using":"xpath","value":"//*[@id=\"__item1053\"]"}
COMMAND: POST /session/5f042fc1c64931e48653a4fe2329ff65/element/f.85A0C08C11805158FB40365BE7F8DFE2.d.AF2AAC36885E7E01D0F0D39A2264D343.e.3002/click - {}
RESULT: {}
COMMAND: POST /session/5f042fc1c64931e48653a4fe2329ff65/execute/async - {"script":"<script> [1562 bytes]","args":[{"selector":{"id":"application-manageresources-display-component---newResourceUnit--newRRUPage-anchBar-application-manageresources-display-component---newResourceUnit--reference-anchor","interaction":{"idSuffix":"BDI-content"}},"wdio_ui5_key":"applicationmanageresources-display-component---newResourceUnit--newRRUPage-anchBar-application-manageresources-display-component---newResourceUnit--reference-anchor"}]}
COMMAND: GET /session/5f042fc1c64931e48653a4fe2329ff65/screenshot - {}
RESULT: {"script":"<script> [1562 bytes]","args":[{"selector":{"id":"application-manageresources-display-component---newResourceUnit--newRRUPage-anchBar-application-manageresources-display-component---newResourceUnit--reference-anchor","interaction":{"idSuffix":"BDI-content"}},"wdio_ui5_key":"applicationmanageresources-display-component---newResourceUnit--newRRUPage-anchBar-application-manageresources-display-component---newResourceUnit--reference-anchor"}]}
RESULT: undefined
COMMAND: POST /session/5f042fc1c64931e48653a4fe2329ff65/element - {"using":"xpath","value":"//*[@id=\"application-manageresources-display-component---newResourceUnit--newRRUPage-anchBar-application-manageresources-display-component---newResourceUnit--reference-anchor\"]"}
RESULT: {}
RESULT: {"using":"xpath","value":"//*[@id=\"application-manageresources-display-component---newResourceUnit--newRRUPage-anchBar-application-manageresources-display-component---newResourceUnit--reference-anchor\"]"}
COMMAND: POST /session/5f042fc1c64931e48653a4fe2329ff65/element/f.85A0C08C11805158FB40365BE7F8DFE2.d.AF2AAC36885E7E01D0F0D39A2264D343.e.3004/click - {}
RESULT: {}
COMMAND: POST /session/5f042fc1c64931e48653a4fe2329ff65/execute/async - {"script":"<script> [1562 bytes]","args":[{"selector":{"id":"application-manageresources-display-component---newResourceUnit--PLANNING_GROUP-arrow"},"wdio_ui5_key":"applicationmanageresources-display-component---newResourceUnit--PLANNING_GROUP-arrow"}]}
COMMAND: GET /session/5f042fc1c64931e48653a4fe2329ff65/screenshot - {}
RESULT: {"script":"<script> [1562 bytes]","args":[{"selector":{"id":"application-manageresources-display-component---newResourceUnit--PLANNING_GROUP-arrow"},"wdio_ui5_key":"applicationmanageresources-display-component---newResourceUnit--PLANNING_GROUP-arrow"}]}
RESULT: undefined
COMMAND: POST /session/5f042fc1c64931e48653a4fe2329ff65/element - {"using":"xpath","value":"//*[@id=\"application-manageresources-display-component---newResourceUnit--PLANNING_GROUP-arrow\"]"}
RESULT: {}
RESULT: {"using":"xpath","value":"//*[@id=\"application-manageresources-display-component---newResourceUnit--PLANNING_GROUP-arrow\"]"}
COMMAND: POST /session/5f042fc1c64931e48653a4fe2329ff65/element/f.85A0C08C11805158FB40365BE7F8DFE2.d.AF2AAC36885E7E01D0F0D39A2264D343.e.3008/click - {}
RESULT: {}
COMMAND: POST /session/5f042fc1c64931e48653a4fe2329ff65/execute/async - {"script":"<script> [1562 bytes]","args":[{"selector":{"controlType":"sap.m.StandardListItem","viewName":"reusables.view.manageresources.NewResourceUnit","viewId":"application-manageresources-display-component---newResourceUnit","properties":{"title":"Heavy Equi"},"searchOpenDialogs":true,"interaction":{"idSuffix":"content"}},"wdio_ui5_key":"reusablesview.manageresources.NewResourceUnitsap.m.StandardListItem{\"title\":\"Heavy Equi\"}"}]}
COMMAND: GET /session/5f042fc1c64931e48653a4fe2329ff65/screenshot - {}
RESULT: {"script":"<script> [1562 bytes]","args":[{"selector":{"controlType":"sap.m.StandardListItem","viewName":"reusables.view.manageresources.NewResourceUnit","viewId":"application-manageresources-display-component---newResourceUnit","properties":{"title":"Heavy Equi"},"searchOpenDialogs":true,"interaction":{"idSuffix":"content"}},"wdio_ui5_key":"reusablesview.manageresources.NewResourceUnitsap.m.StandardListItem{\"title\":\"Heavy Equi\"}"}]}
RESULT: undefined
COMMAND: POST /session/5f042fc1c64931e48653a4fe2329ff65/element - {"using":"xpath","value":"//*[@id=\"__item1061\"]"}
RESULT: {}
RESULT: {"using":"xpath","value":"//*[@id=\"__item1061\"]"}
COMMAND: POST /session/5f042fc1c64931e48653a4fe2329ff65/element/f.85A0C08C11805158FB40365BE7F8DFE2.d.AF2AAC36885E7E01D0F0D39A2264D343.e.3010/click - {}
RESULT: {}
COMMAND: GET /session/5f042fc1c64931e48653a4fe2329ff65/screenshot - {}
RESULT: {}
COMMAND: POST /session/5f042fc1c64931e48653a4fe2329ff65/execute/async - {"script":"<script> [1562 bytes]","args":[{"selector":{"id":"application-manageresources-display-component---newResourceUnit--PLANNING_INDICATOR-arrow"},"wdio_ui5_key":"applicationmanageresources-display-component---newResourceUnit--PLANNING_INDICATOR-arrow"}]}
RESULT: {"script":"<script> [1562 bytes]","args":[{"selector":{"id":"application-manageresources-display-component---newResourceUnit--PLANNING_INDICATOR-arrow"},"wdio_ui5_key":"applicationmanageresources-display-component---newResourceUnit--PLANNING_INDICATOR-arrow"}]}
RESULT: undefined
COMMAND: POST /session/5f042fc1c64931e48653a4fe2329ff65/element - {"using":"xpath","value":"//*[@id=\"application-manageresources-display-component---newResourceUnit--PLANNING_INDICATOR-arrow\"]"}
RESULT: {"using":"xpath","value":"//*[@id=\"application-manageresources-display-component---newResourceUnit--PLANNING_INDICATOR-arrow\"]"}
COMMAND: POST /session/5f042fc1c64931e48653a4fe2329ff65/element/f.85A0C08C11805158FB40365BE7F8DFE2.d.AF2AAC36885E7E01D0F0D39A2264D343.e.3011/click - {}
RESULT: {}
COMMAND: POST /session/5f042fc1c64931e48653a4fe2329ff65/execute/async - {"script":"<script> [1562 bytes]","args":[{"selector":{"controlType":"sap.m.StandardListItem","viewName":"reusables.view.manageresources.NewResourceUnit","viewId":"application-manageresources-display-component---newResourceUnit","properties":{"title":"10 - infinite"},"searchOpenDialogs":true,"interaction":{"idSuffix":"content"}},"wdio_ui5_key":"reusablesview.manageresources.NewResourceUnitsap.m.StandardListItem{\"title\":\"10 - infinite\"}"}]}
COMMAND: GET /session/5f042fc1c64931e48653a4fe2329ff65/screenshot - {}
RESULT: {"script":"<script> [1562 bytes]","args":[{"selector":{"controlType":"sap.m.StandardListItem","viewName":"reusables.view.manageresources.NewResourceUnit","viewId":"application-manageresources-display-component---newResourceUnit","properties":{"title":"10 - infinite"},"searchOpenDialogs":true,"interaction":{"idSuffix":"content"}},"wdio_ui5_key":"reusablesview.manageresources.NewResourceUnitsap.m.StandardListItem{\"title\":\"10 - infinite\"}"}]}
RESULT: undefined
COMMAND: POST /session/5f042fc1c64931e48653a4fe2329ff65/element - {"using":"xpath","value":"//*[@id=\"__item1071\"]"}
RESULT: {}
RESULT: {"using":"xpath","value":"//*[@id=\"__item1071\"]"}
COMMAND: POST /session/5f042fc1c64931e48653a4fe2329ff65/element/f.85A0C08C11805158FB40365BE7F8DFE2.d.AF2AAC36885E7E01D0F0D39A2264D343.e.3013/click - {}
RESULT: {}
COMMAND: GET /session/5f042fc1c64931e48653a4fe2329ff65/screenshot - {}
RESULT: {}
COMMAND: POST /session/5f042fc1c64931e48653a4fe2329ff65/element - {"using":"xpath","value":"//bdi[contains(text(), \"Time Segment\")]"}
RESULT: {"using":"xpath","value":"//bdi[contains(text(), \"Time Segment\")]"}
COMMAND: GET /session/5f042fc1c64931e48653a4fe2329ff65/element/f.85A0C08C11805158FB40365BE7F8DFE2.d.AF2AAC36885E7E01D0F0D39A2264D343.e.3014/rect - {}
RESULT: {}
COMMAND: GET /session/5f042fc1c64931e48653a4fe2329ff65/window/rect - {}
RESULT: {}
COMMAND: POST /session/5f042fc1c64931e48653a4fe2329ff65/execute/sync - {"script":"<script> [92 bytes]","args":[]}
RESULT: {"script":"<script> [92 bytes]","args":[]}
COMMAND: POST /session/5f042fc1c64931e48653a4fe2329ff65/actions - {"actions":[{"id":"action5","type":"wheel","parameters":{},"actions":[{"type":"scroll","x":-1820,"y":-21,"deltaX":0,"deltaY":0,"duration":0,"origin":{"element-6066-11e4-a52e-4f735466cecf":"f.85A0C08C11805158FB40365BE7F8DFE2.d.AF2AAC36885E7E01D0F0D39A2264D343.e.3014"}}]}]}
COMMAND: GET /session/5f042fc1c64931e48653a4fe2329ff65/screenshot - {}
RESULT: {}
COMMAND: POST /session/5f042fc1c64931e48653a4fe2329ff65/execute/sync - {"script":"<script> [79 bytes]","args":[{"element-6066-11e4-a52e-4f735466cecf":"f.85A0C08C11805158FB40365BE7F8DFE2.d.AF2AAC36885E7E01D0F0D39A2264D343.e.3014","ELEMENT":"f.85A0C08C11805158FB40365BE7F8DFE2.d.AF2AAC36885E7E01D0F0D39A2264D343.e.3014"},{"block":"start","inline":"nearest"}]}
RESULT: {"script":"<script> [79 bytes]","args":[{"element-6066-11e4-a52e-4f735466cecf":"f.85A0C08C11805158FB40365BE7F8DFE2.d.AF2AAC36885E7E01D0F0D39A2264D343.e.3014","ELEMENT":"f.85A0C08C11805158FB40365BE7F8DFE2.d.AF2AAC36885E7E01D0F0D39A2264D343.e.3014"},{"block":"start","inline":"nearest"}]}
COMMAND: GET /session/5f042fc1c64931e48653a4fe2329ff65/screenshot - {}
RESULT: {}
COMMAND: POST /session/5f042fc1c64931e48653a4fe2329ff65/element - {"using":"xpath","value":"//span[@id=\"application-manageresources-display-component---newResourceUnit--btnAddTimeSegment-img\"]"}
RESULT: {"using":"xpath","value":"//span[@id=\"application-manageresources-display-component---newResourceUnit--btnAddTimeSegment-img\"]"}
COMMAND: POST /session/5f042fc1c64931e48653a4fe2329ff65/execute/sync - {"script":"<script> [8489 bytes]","args":[{"element-6066-11e4-a52e-4f735466cecf":"f.85A0C08C11805158FB40365BE7F8DFE2.d.AF2AAC36885E7E01D0F0D39A2264D343.e.3017","ELEMENT":"f.85A0C08C11805158FB40365BE7F8DFE2.d.AF2AAC36885E7E01D0F0D39A2264D343.e.3017"}]}
RESULT: {"script":"<script> [8489 bytes]","args":[{"element-6066-11e4-a52e-4f735466cecf":"f.85A0C08C11805158FB40365BE7F8DFE2.d.AF2AAC36885E7E01D0F0D39A2264D343.e.3017","ELEMENT":"f.85A0C08C11805158FB40365BE7F8DFE2.d.AF2AAC36885E7E01D0F0D39A2264D343.e.3017"}]}
COMMAND: POST /session/5f042fc1c64931e48653a4fe2329ff65/element/f.85A0C08C11805158FB40365BE7F8DFE2.d.AF2AAC36885E7E01D0F0D39A2264D343.e.3017/click - {}
COMMAND: GET /session/5f042fc1c64931e48653a4fe2329ff65/screenshot - {}
RESULT: {}
COMMAND: GET /session/5f042fc1c64931e48653a4fe2329ff65/screenshot - {}
COMMAND: POST /session/5f042fc1c64931e48653a4fe2329ff65/element - {"using":"xpath","value":"//input[@id=\"application-manageresources-display-component---newResourceUnit--idRuTSAdmin-application-manageresources-display-component---newResourceUnit--RUTimeSegment-0-inner\"]"}
RESULT: {}
RESULT: {}
RESULT: {"using":"xpath","value":"//input[@id=\"application-manageresources-display-component---newResourceUnit--idRuTSAdmin-application-manageresources-display-component---newResourceUnit--RUTimeSegment-0-inner\"]"}
COMMAND: POST /session/5f042fc1c64931e48653a4fe2329ff65/element/f.85A0C08C11805158FB40365BE7F8DFE2.d.AF2AAC36885E7E01D0F0D39A2264D343.e.3020/clear - {}
RESULT: {}
COMMAND: POST /session/5f042fc1c64931e48653a4fe2329ff65/element/f.85A0C08C11805158FB40365BE7F8DFE2.d.AF2AAC36885E7E01D0F0D39A2264D343.e.3020/value - {"text":"WebdriverYardvzk7z"}
COMMAND: GET /session/5f042fc1c64931e48653a4fe2329ff65/screenshot - {}
RESULT: {"text":"WebdriverYardvzk7z"}
COMMAND: GET /session/5f042fc1c64931e48653a4fe2329ff65/screenshot - {}
RESULT: {}
RESULT: {}
COMMAND: POST /session/5f042fc1c64931e48653a4fe2329ff65/actions - {"actions":[{"id":"action6","type":"key","parameters":{},"actions":[{"type":"keyDown","value":"î€‡"},{"type":"pause","duration":10},{"type":"keyUp","value":"î€‡"}]}]}
RESULT: {"actions":[{"id":"action6","type":"key","parameters":{},"actions":[{"type":"keyDown","value":"î€‡"},{"type":"pause","duration":10},{"type":"keyUp","value":"î€‡"}]}]}
COMMAND: GET /session/5f042fc1c64931e48653a4fe2329ff65/screenshot - {}
RESULT: {}
COMMAND: POST /session/5f042fc1c64931e48653a4fe2329ff65/execute/async - {"script":"<script> [1562 bytes]","args":[{"selector":{"controlType":"sap.m.Button","viewName":"reusables.view.manageresources.NewResourceUnit","viewId":"application-manageresources-display-component---newResourceUnit","i18NText":{"propertyName":"tooltip","key":"save"},"interaction":{"idSuffix":"BDI-content"}},"wdio_ui5_key":"reusablesview.manageresources.NewResourceUnitsap.m.Button{\"propertyName\":\"tooltip\",\"key\":\"save\"}"}]}
RESULT: {"script":"<script> [1562 bytes]","args":[{"selector":{"controlType":"sap.m.Button","viewName":"reusables.view.manageresources.NewResourceUnit","viewId":"application-manageresources-display-component---newResourceUnit","i18NText":{"propertyName":"tooltip","key":"save"},"interaction":{"idSuffix":"BDI-content"}},"wdio_ui5_key":"reusablesview.manageresources.NewResourceUnitsap.m.Button{\"propertyName\":\"tooltip\",\"key\":\"save\"}"}]}
RESULT: undefined
COMMAND: POST /session/5f042fc1c64931e48653a4fe2329ff65/element - {"using":"xpath","value":"//*[@id=\"application-manageresources-display-component---newResourceUnit--createRuButton\"]"}
RESULT: {"using":"xpath","value":"//*[@id=\"application-manageresources-display-component---newResourceUnit--createRuButton\"]"}
COMMAND: POST /session/5f042fc1c64931e48653a4fe2329ff65/element/f.85A0C08C11805158FB40365BE7F8DFE2.d.AF2AAC36885E7E01D0F0D39A2264D343.e.2948/click - {}
RESULT: {}
COMMAND: GET /session/5f042fc1c64931e48653a4fe2329ff65/screenshot - {}
RESULT: {}
COMMAND: POST /session/5f042fc1c64931e48653a4fe2329ff65/execute/async - {"script":"<script> [1562 bytes]","args":[{"selector":{"controlType":"sap.m.Title","properties":{"text":"Success"},"searchOpenDialogs":true},"wdio_ui5_key":"sapm.Title{\"text\":\"Success\"}"}]}
RESULT: {"script":"<script> [1562 bytes]","args":[{"selector":{"controlType":"sap.m.Title","properties":{"text":"Success"},"searchOpenDialogs":true},"wdio_ui5_key":"sapm.Title{\"text\":\"Success\"}"}]}
RESULT: undefined
COMMAND: POST /session/5f042fc1c64931e48653a4fe2329ff65/execute/async - {"script":"<script> [6424 bytes]","args":[{"element-6066-11e4-a52e-4f735466cecf":"f.85A0C08C11805158FB40365BE7F8DFE2.d.AF2AAC36885E7E01D0F0D39A2264D343.e.3034"},"getText",[]]}
RESULT: {"script":"<script> [6424 bytes]","args":[{"element-6066-11e4-a52e-4f735466cecf":"f.85A0C08C11805158FB40365BE7F8DFE2.d.AF2AAC36885E7E01D0F0D39A2264D343.e.3034"},"getText",[]]}
COMMAND: POST /session/5f042fc1c64931e48653a4fe2329ff65/element - {"using":"xpath","value":"//*[contains(@id, '__text') and (contains(text(), 'successfully created') or contains(., 'successfully created'))]"}
RESULT: {"using":"xpath","value":"//*[contains(@id, '__text') and (contains(text(), 'successfully created') or contains(., 'successfully created'))]"}
COMMAND: GET /session/5f042fc1c64931e48653a4fe2329ff65/element/f.85A0C08C11805158FB40365BE7F8DFE2.d.AF2AAC36885E7E01D0F0D39A2264D343.e.3033/text - {}
RESULT: {}
COMMAND: POST /session/5f042fc1c64931e48653a4fe2329ff65/execute/async - {"script":"<script> [1562 bytes]","args":[{"selector":{"controlType":"sap.m.Button","properties":{"text":"Close"},"searchOpenDialogs":true,"interaction":{"idSuffix":"BDI-content"}},"wdio_ui5_key":"sapm.Button{\"text\":\"Close\"}"}]}
RESULT: {"script":"<script> [1562 bytes]","args":[{"selector":{"controlType":"sap.m.Button","properties":{"text":"Close"},"searchOpenDialogs":true,"interaction":{"idSuffix":"BDI-content"}},"wdio_ui5_key":"sapm.Button{\"text\":\"Close\"}"}]}
RESULT: undefined
COMMAND: POST /session/5f042fc1c64931e48653a4fe2329ff65/element - {"using":"xpath","value":"//*[@id=\"__mbox-btn-0\"]"}
RESULT: {"using":"xpath","value":"//*[@id=\"__mbox-btn-0\"]"}
COMMAND: POST /session/5f042fc1c64931e48653a4fe2329ff65/element/f.85A0C08C11805158FB40365BE7F8DFE2.d.AF2AAC36885E7E01D0F0D39A2264D343.e.3031/click - {}
RESULT: {}
COMMAND: GET /session/5f042fc1c64931e48653a4fe2329ff65/screenshot - {}
RESULT: {}
COMMAND: POST /session/5f042fc1c64931e48653a4fe2329ff65/execute/async - {"script":"<script> [1562 bytes]","args":[{"selector":{"controlType":"sap.ui.core.Icon","viewName":"etm.portal.ui.manageresources.view.Detail","viewId":"application-manageresources-display-component---detailRU","properties":{"src":{"regex":{"source":"overflow"}}}},"wdio_ui5_key":"etmportal.ui.manageresources.view.Detailsap.ui.core.Icon{\"src\":{\"regex\":{\"source\":\"overflow\"}}}"}]}
RESULT: {"script":"<script> [1562 bytes]","args":[{"selector":{"controlType":"sap.ui.core.Icon","viewName":"etm.portal.ui.manageresources.view.Detail","viewId":"application-manageresources-display-component---detailRU","properties":{"src":{"regex":{"source":"overflow"}}}},"wdio_ui5_key":"etmportal.ui.manageresources.view.Detailsap.ui.core.Icon{\"src\":{\"regex\":{\"source\":\"overflow\"}}}"}]}
RESULT: undefined
COMMAND: POST /session/5f042fc1c64931e48653a4fe2329ff65/element - {"using":"xpath","value":"//*[@id=\"__title31-_actionsToolbar-overflowButton-img\"]"}
RESULT: {"using":"xpath","value":"//*[@id=\"__title31-_actionsToolbar-overflowButton-img\"]"}
COMMAND: POST /session/5f042fc1c64931e48653a4fe2329ff65/element/f.85A0C08C11805158FB40365BE7F8DFE2.d.AF2AAC36885E7E01D0F0D39A2264D343.e.3065/click - {}
RESULT: {}
COMMAND: POST /session/5f042fc1c64931e48653a4fe2329ff65/execute/async - {"script":"<script> [1562 bytes]","args":[{"selector":{"controlType":"sap.m.Button","viewName":"etm.portal.ui.manageresources.view.Detail","viewId":"application-manageresources-display-component---detailRU","i18NText":{"propertyName":"tooltip","key":"closeColumn"},"searchOpenDialogs":true,"interaction":{"idSuffix":"inner"}},"wdio_ui5_key":"etmportal.ui.manageresources.view.Detailsap.m.Button{\"propertyName\":\"tooltip\",\"key\":\"closeColumn\"}"}]}
COMMAND: GET /session/5f042fc1c64931e48653a4fe2329ff65/screenshot - {}
RESULT: {"script":"<script> [1562 bytes]","args":[{"selector":{"controlType":"sap.m.Button","viewName":"etm.portal.ui.manageresources.view.Detail","viewId":"application-manageresources-display-component---detailRU","i18NText":{"propertyName":"tooltip","key":"closeColumn"},"searchOpenDialogs":true,"interaction":{"idSuffix":"inner"}},"wdio_ui5_key":"etmportal.ui.manageresources.view.Detailsap.m.Button{\"propertyName\":\"tooltip\",\"key\":\"closeColumn\"}"}]}
RESULT: undefined
COMMAND: POST /session/5f042fc1c64931e48653a4fe2329ff65/element - {"using":"xpath","value":"//*[@id=\"__button137\"]"}
RESULT: {}
RESULT: {"using":"xpath","value":"//*[@id=\"__button137\"]"}
COMMAND: POST /session/5f042fc1c64931e48653a4fe2329ff65/element/f.85A0C08C11805158FB40365BE7F8DFE2.d.AF2AAC36885E7E01D0F0D39A2264D343.e.3069/click - {}
RESULT: {}
COMMAND: GET /session/5f042fc1c64931e48653a4fe2329ff65/screenshot - {}
RESULT: {}
COMMAND: POST /session/5f042fc1c64931e48653a4fe2329ff65/refresh - {}
RESULT: {}
COMMAND: GET /session/5f042fc1c64931e48653a4fe2329ff65/screenshot - {}
RESULT: {}
COMMAND: POST /session/5f042fc1c64931e48653a4fe2329ff65/execute/async - {"script":"<script> [189 bytes]","args":[]}
RESULT: {"script":"<script> [189 bytes]","args":[]}
COMMAND: POST /session/5f042fc1c64931e48653a4fe2329ff65/execute/async - {"script":"<script> [123 bytes]","args":[]}
RESULT: {"script":"<script> [123 bytes]","args":[]}
COMMAND: POST /session/5f042fc1c64931e48653a4fe2329ff65/timeouts - {"script":"<number>"}
RESULT: {"script":"<number>"}
COMMAND: GET /session/5f042fc1c64931e48653a4fe2329ff65/timeouts - {}
RESULT: {}
RESULT: undefined
COMMAND: POST /session/5f042fc1c64931e48653a4fe2329ff65/execute/async - {"script":"<script> [2676 bytes]","args":[]}
RESULT: {"script":"<script> [2676 bytes]","args":[]}
COMMAND: POST /session/5f042fc1c64931e48653a4fe2329ff65/execute/async - {"script":"<script> [2342 bytes]","args":[{"protocol":"http","hostname":"0.0.0.0","path":"/","capabilities":{"browserName":"chrome","goog:chromeOptions":{"binary":"C:\\Program Files\\Google\\Chrome\\Application\\chrome.exe","args":["--start-maximized"]}},"logLevel":"warn","connectionRetryTimeout":120000,"connectionRetryCount":3,"logLevels":{},"enableDirectConnect":true,"strictSSL":true,"_":"65 more keys: [\"cacheDir\",\"port\",\"requestedCapabilities\",\"automationProtocol\",\"baseUrl\",\"waitforInterval\",\"waitforTimeout\",\"onReload\",\"beforeCommand\",\"afterCommand\",\"rootDir\",\"specs\",\"suites\",\"exclude\",\"groupLogsByTestSpec\",\"excludeDriverLogs\",\"bail\",\"framework\",\"reporters\",\"services\",\"maxInstances\",\"maxInstancesPerCapability\",\"injectGlobals\",\"filesToWatch\",\"execArgv\",\"runnerEnv\",\"runner\",\"shard\",\"specFileRetries\",\"specFileRetriesDelay\",\"specFileRetriesDeferred\",\"reporterSyncInterval\",\"reporterSyncTimeout\",\"cucumberFeaturesWithLineNumbers\",\"autoCompileOpts\",\"mochaOpts\",\"jasmineOpts\",\"cucumberOpts\",\"onPrepare\",\"onWorkerStart\",\"onWorkerEnd\",\"before\",\"beforeSession\",\"beforeSuite\",\"beforeHook\",\"beforeTest\",\"afterTest\",\"afterHook\",\"afterSuite\",\"afterSession\",\"after\",\"onComplete\",\"beforeAssertion\",\"afterAssertion\",\"beforeFeature\",\"beforeScenario\",\"beforeStep\",\"afterStep\",\"afterScenario\",\"afterFeature\",\"_\",\"suite\",\"$0\",\"ignoredWorkerServices\",\"wdi5\"]"}]}
RESULT: {"script":"<script> [2342 bytes]","args":[{"protocol":"http","hostname":"0.0.0.0","path":"/","capabilities":{"browserName":"chrome","goog:chromeOptions":{"binary":"C:\\Program Files\\Google\\Chrome\\Application\\chrome.exe","args":["--start-maximized"]}},"logLevel":"warn","connectionRetryTimeout":120000,"connectionRetryCount":3,"logLevels":{},"enableDirectConnect":true,"strictSSL":true,"_":"65 more keys: [\"cacheDir\",\"port\",\"requestedCapabilities\",\"automationProtocol\",\"baseUrl\",\"waitforInterval\",\"waitforTimeout\",\"onReload\",\"beforeCommand\",\"afterCommand\",\"rootDir\",\"specs\",\"suites\",\"exclude\",\"groupLogsByTestSpec\",\"excludeDriverLogs\",\"bail\",\"framework\",\"reporters\",\"services\",\"maxInstances\",\"maxInstancesPerCapability\",\"injectGlobals\",\"filesToWatch\",\"execArgv\",\"runnerEnv\",\"runner\",\"shard\",\"specFileRetries\",\"specFileRetriesDelay\",\"specFileRetriesDeferred\",\"reporterSyncInterval\",\"reporterSyncTimeout\",\"cucumberFeaturesWithLineNumbers\",\"autoCompileOpts\",\"mochaOpts\",\"jasmineOpts\",\"cucumberOpts\",\"onPrepare\",\"onWorkerStart\",\"onWorkerEnd\",\"before\",\"beforeSession\",\"beforeSuite\",\"beforeHook\",\"beforeTest\",\"afterTest\",\"afterHook\",\"afterSuite\",\"afterSession\",\"after\",\"onComplete\",\"beforeAssertion\",\"afterAssertion\",\"beforeFeature\",\"beforeScenario\",\"beforeStep\",\"afterStep\",\"afterScenario\",\"afterFeature\",\"_\",\"suite\",\"$0\",\"ignoredWorkerServices\",\"wdi5\"]"}]}
COMMAND: POST /session/5f042fc1c64931e48653a4fe2329ff65/execute/async - {"script":"<script> [21126 bytes]","args":[35000]}
RESULT: {"script":"<script> [21126 bytes]","args":[35000]}
COMMAND: POST /session/5f042fc1c64931e48653a4fe2329ff65/element - {"using":"css selector","value":"#shell-header-logo"}
RESULT: {"using":"css selector","value":"#shell-header-logo"}
COMMAND: POST /session/5f042fc1c64931e48653a4fe2329ff65/element/f.85A0C08C11805158FB40365BE7F8DFE2.d.665060175BED0939A6A7357C5CC057D4.e.3163/click - {}
RESULT: {}
COMMAND: GET /session/5f042fc1c64931e48653a4fe2329ff65/screenshot - {}
RESULT: {}
COMMAND: POST /session/5f042fc1c64931e48653a4fe2329ff65/execute/async - {"script":"<script> [1562 bytes]","args":[{"selector":{"controlType":"sap.m.GenericTile","properties":{"header":"Manage Resources"}},"wdio_ui5_key":"sapm.GenericTile{\"header\":\"Manage Resources\"}"}]}
RESULT: {"script":"<script> [1562 bytes]","args":[{"selector":{"controlType":"sap.m.GenericTile","properties":{"header":"Manage Resources"}},"wdio_ui5_key":"sapm.GenericTile{\"header\":\"Manage Resources\"}"}]}
RESULT: undefined
COMMAND: POST /session/5f042fc1c64931e48653a4fe2329ff65/element - {"using":"xpath","value":"//*[@id=\"__tile39\"]"}
RESULT: {"using":"xpath","value":"//*[@id=\"__tile39\"]"}
COMMAND: POST /session/5f042fc1c64931e48653a4fe2329ff65/element/f.85A0C08C11805158FB40365BE7F8DFE2.d.665060175BED0939A6A7357C5CC057D4.e.3347/click - {}
RESULT: {}
COMMAND: GET /session/5f042fc1c64931e48653a4fe2329ff65/screenshot - {}
RESULT: {}
COMMAND: POST /session/5f042fc1c64931e48653a4fe2329ff65/elements - {"using":"xpath","value":"//span[text()='Error']"}
RESULT: {"using":"xpath","value":"//span[text()='Error']"}
COMMAND: POST /session/5f042fc1c64931e48653a4fe2329ff65/element - {"using":"xpath","value":"//button[@data-kt=\"addNewRUOverflowToolbarButton\"]"}
RESULT: {"using":"xpath","value":"//button[@data-kt=\"addNewRUOverflowToolbarButton\"]"}
COMMAND: POST /session/5f042fc1c64931e48653a4fe2329ff65/execute/sync - {"script":"<script> [8489 bytes]","args":[{"element-6066-11e4-a52e-4f735466cecf":"f.85A0C08C11805158FB40365BE7F8DFE2.d.665060175BED0939A6A7357C5CC057D4.e.3387","ELEMENT":"f.85A0C08C11805158FB40365BE7F8DFE2.d.665060175BED0939A6A7357C5CC057D4.e.3387"}]}
RESULT: {"script":"<script> [8489 bytes]","args":[{"element-6066-11e4-a52e-4f735466cecf":"f.85A0C08C11805158FB40365BE7F8DFE2.d.665060175BED0939A6A7357C5CC057D4.e.3387","ELEMENT":"f.85A0C08C11805158FB40365BE7F8DFE2.d.665060175BED0939A6A7357C5CC057D4.e.3387"}]}
COMMAND: POST /session/5f042fc1c64931e48653a4fe2329ff65/element/f.85A0C08C11805158FB40365BE7F8DFE2.d.665060175BED0939A6A7357C5CC057D4.e.3387/click - {}
COMMAND: GET /session/5f042fc1c64931e48653a4fe2329ff65/screenshot - {}
RESULT: {}
COMMAND: GET /session/5f042fc1c64931e48653a4fe2329ff65/screenshot - {}
RESULT: {}
COMMAND: POST /session/5f042fc1c64931e48653a4fe2329ff65/execute/async - {"script":"<script> [1562 bytes]","args":[{"selector":{"id":"application-manageresources-display-component---newResourceUnit--TYPE-arrow"},"wdio_ui5_key":"applicationmanageresources-display-component---newResourceUnit--TYPE-arrow"}]}
RESULT: {}
RESULT: {"script":"<script> [1562 bytes]","args":[{"selector":{"id":"application-manageresources-display-component---newResourceUnit--TYPE-arrow"},"wdio_ui5_key":"applicationmanageresources-display-component---newResourceUnit--TYPE-arrow"}]}
RESULT: undefined
COMMAND: POST /session/5f042fc1c64931e48653a4fe2329ff65/element - {"using":"xpath","value":"//*[@id=\"application-manageresources-display-component---newResourceUnit--TYPE-arrow\"]"}
RESULT: {"using":"xpath","value":"//*[@id=\"application-manageresources-display-component---newResourceUnit--TYPE-arrow\"]"}
COMMAND: POST /session/5f042fc1c64931e48653a4fe2329ff65/element/f.85A0C08C11805158FB40365BE7F8DFE2.d.665060175BED0939A6A7357C5CC057D4.e.3711/click - {}
RESULT: {}
COMMAND: POST /session/5f042fc1c64931e48653a4fe2329ff65/execute/async - {"script":"<script> [1562 bytes]","args":[{"selector":{"controlType":"sap.m.StandardListItem","viewName":"reusables.view.manageresources.NewResourceUnit","viewId":"application-manageresources-display-component---newResourceUnit","properties":{"title":"Equipment"},"searchOpenDialogs":true,"interaction":{"idSuffix":"content"}},"wdio_ui5_key":"reusablesview.manageresources.NewResourceUnitsap.m.StandardListItem{\"title\":\"Equipment\"}"}]}
COMMAND: GET /session/5f042fc1c64931e48653a4fe2329ff65/screenshot - {}
RESULT: {"script":"<script> [1562 bytes]","args":[{"selector":{"controlType":"sap.m.StandardListItem","viewName":"reusables.view.manageresources.NewResourceUnit","viewId":"application-manageresources-display-component---newResourceUnit","properties":{"title":"Equipment"},"searchOpenDialogs":true,"interaction":{"idSuffix":"content"}},"wdio_ui5_key":"reusablesview.manageresources.NewResourceUnitsap.m.StandardListItem{\"title\":\"Equipment\"}"}]}
RESULT: undefined
COMMAND: POST /session/5f042fc1c64931e48653a4fe2329ff65/element - {"using":"xpath","value":"//*[@id=\"__item180\"]"}
RESULT: {}
RESULT: {"using":"xpath","value":"//*[@id=\"__item180\"]"}
COMMAND: POST /session/5f042fc1c64931e48653a4fe2329ff65/element/f.85A0C08C11805158FB40365BE7F8DFE2.d.665060175BED0939A6A7357C5CC057D4.e.3714/click - {}
RESULT: {}
COMMAND: POST /session/5f042fc1c64931e48653a4fe2329ff65/execute/async - {"script":"<script> [1562 bytes]","args":[{"selector":{"id":"application-manageresources-display-component---newResourceUnit--resourceId","interaction":{"idSuffix":"inner"}},"wdio_ui5_key":"applicationmanageresources-display-component---newResourceUnit--resourceId"}]}
COMMAND: GET /session/5f042fc1c64931e48653a4fe2329ff65/screenshot - {}
RESULT: {"script":"<script> [1562 bytes]","args":[{"selector":{"id":"application-manageresources-display-component---newResourceUnit--resourceId","interaction":{"idSuffix":"inner"}},"wdio_ui5_key":"applicationmanageresources-display-component---newResourceUnit--resourceId"}]}
RESULT: undefined
COMMAND: POST /session/5f042fc1c64931e48653a4fe2329ff65/execute/async - {"script":"<script> [776 bytes]","args":[{"enterText":"WdIOR2cEquip68k75","selector":{"id":"application-manageresources-display-component---newResourceUnit--resourceId","interaction":{"idSuffix":"inner"}},"clearTextFirst":true,"interactionType":"ENTER_TEXT"}]}
RESULT: {}
RESULT: {"script":"<script> [776 bytes]","args":[{"enterText":"WdIOR2cEquip68k75","selector":{"id":"application-manageresources-display-component---newResourceUnit--resourceId","interaction":{"idSuffix":"inner"}},"clearTextFirst":true,"interactionType":"ENTER_TEXT"}]}
COMMAND: POST /session/5f042fc1c64931e48653a4fe2329ff65/execute/async - {"script":"<script> [1562 bytes]","args":[{"selector":{"id":"application-manageresources-display-component---newResourceUnit--SHORT_TEXT","interaction":{"idSuffix":"inner"}},"wdio_ui5_key":"applicationmanageresources-display-component---newResourceUnit--SHORT_TEXT"}]}
RESULT: {"script":"<script> [1562 bytes]","args":[{"selector":{"id":"application-manageresources-display-component---newResourceUnit--SHORT_TEXT","interaction":{"idSuffix":"inner"}},"wdio_ui5_key":"applicationmanageresources-display-component---newResourceUnit--SHORT_TEXT"}]}
RESULT: undefined
COMMAND: POST /session/5f042fc1c64931e48653a4fe2329ff65/execute/async - {"script":"<script> [776 bytes]","args":[{"enterText":"WdIOR2cEquip68k75","selector":{"id":"application-manageresources-display-component---newResourceUnit--SHORT_TEXT","interaction":{"idSuffix":"inner"}},"clearTextFirst":true,"interactionType":"ENTER_TEXT"}]}
RESULT: {"script":"<script> [776 bytes]","args":[{"enterText":"WdIOR2cEquip68k75","selector":{"id":"application-manageresources-display-component---newResourceUnit--SHORT_TEXT","interaction":{"idSuffix":"inner"}},"clearTextFirst":true,"interactionType":"ENTER_TEXT"}]}
COMMAND: POST /session/5f042fc1c64931e48653a4fe2329ff65/execute/async - {"script":"<script> [1562 bytes]","args":[{"selector":{"id":"application-manageresources-display-component---newResourceUnit--BASE_UNIT_OF_MEASURE","interaction":{"idSuffix":"inner"}},"wdio_ui5_key":"applicationmanageresources-display-component---newResourceUnit--BASE_UNIT_OF_MEASURE"}]}
RESULT: {"script":"<script> [1562 bytes]","args":[{"selector":{"id":"application-manageresources-display-component---newResourceUnit--BASE_UNIT_OF_MEASURE","interaction":{"idSuffix":"inner"}},"wdio_ui5_key":"applicationmanageresources-display-component---newResourceUnit--BASE_UNIT_OF_MEASURE"}]}
RESULT: undefined
COMMAND: POST /session/5f042fc1c64931e48653a4fe2329ff65/execute/async - {"script":"<script> [776 bytes]","args":[{"enterText":"Piece","selector":{"id":"application-manageresources-display-component---newResourceUnit--BASE_UNIT_OF_MEASURE","interaction":{"idSuffix":"inner"}},"clearTextFirst":true,"interactionType":"ENTER_TEXT"}]}
RESULT: {"script":"<script> [776 bytes]","args":[{"enterText":"Piece","selector":{"id":"application-manageresources-display-component---newResourceUnit--BASE_UNIT_OF_MEASURE","interaction":{"idSuffix":"inner"}},"clearTextFirst":true,"interactionType":"ENTER_TEXT"}]}
COMMAND: POST /session/5f042fc1c64931e48653a4fe2329ff65/execute/async - {"script":"<script> [1562 bytes]","args":[{"selector":{"id":"application-manageresources-display-component---newResourceUnit--WEIGHT_UNIT","interaction":{"idSuffix":"inner"}},"wdio_ui5_key":"applicationmanageresources-display-component---newResourceUnit--WEIGHT_UNIT"}]}
RESULT: {"script":"<script> [1562 bytes]","args":[{"selector":{"id":"application-manageresources-display-component---newResourceUnit--WEIGHT_UNIT","interaction":{"idSuffix":"inner"}},"wdio_ui5_key":"applicationmanageresources-display-component---newResourceUnit--WEIGHT_UNIT"}]}
RESULT: undefined
COMMAND: POST /session/5f042fc1c64931e48653a4fe2329ff65/execute/async - {"script":"<script> [776 bytes]","args":[{"enterText":"Gram","selector":{"id":"application-manageresources-display-component---newResourceUnit--WEIGHT_UNIT","interaction":{"idSuffix":"inner"}},"clearTextFirst":true,"interactionType":"ENTER_TEXT"}]}
RESULT: {"script":"<script> [776 bytes]","args":[{"enterText":"Gram","selector":{"id":"application-manageresources-display-component---newResourceUnit--WEIGHT_UNIT","interaction":{"idSuffix":"inner"}},"clearTextFirst":true,"interactionType":"ENTER_TEXT"}]}
COMMAND: POST /session/5f042fc1c64931e48653a4fe2329ff65/execute/async - {"script":"<script> [1562 bytes]","args":[{"selector":{"id":"application-manageresources-display-component---newResourceUnit--newRRUPage-OPHeaderContent-collapseBtn-img"},"wdio_ui5_key":"applicationmanageresources-display-component---newResourceUnit--newRRUPage-OPHeaderContent-collapseBtn-img"}]}
RESULT: {"script":"<script> [1562 bytes]","args":[{"selector":{"id":"application-manageresources-display-component---newResourceUnit--newRRUPage-OPHeaderContent-collapseBtn-img"},"wdio_ui5_key":"applicationmanageresources-display-component---newResourceUnit--newRRUPage-OPHeaderContent-collapseBtn-img"}]}
RESULT: undefined
COMMAND: POST /session/5f042fc1c64931e48653a4fe2329ff65/element - {"using":"xpath","value":"//*[@id=\"application-manageresources-display-component---newResourceUnit--newRRUPage-OPHeaderContent-collapseBtn-img\"]"}
RESULT: {"using":"xpath","value":"//*[@id=\"application-manageresources-display-component---newResourceUnit--newRRUPage-OPHeaderContent-collapseBtn-img\"]"}
COMMAND: POST /session/5f042fc1c64931e48653a4fe2329ff65/element/f.85A0C08C11805158FB40365BE7F8DFE2.d.665060175BED0939A6A7357C5CC057D4.e.3722/click - {}
RESULT: {}
COMMAND: GET /session/5f042fc1c64931e48653a4fe2329ff65/screenshot - {}
RESULT: {}
COMMAND: POST /session/5f042fc1c64931e48653a4fe2329ff65/element - {"using":"xpath","value":"(//span[contains(@id ,\"application-manageresources-display-component---newResourceUnit--DIMENSION_UNIT-arrow\")])[1]"}
RESULT: {"using":"xpath","value":"(//span[contains(@id ,\"application-manageresources-display-component---newResourceUnit--DIMENSION_UNIT-arrow\")])[1]"}
COMMAND: POST /session/5f042fc1c64931e48653a4fe2329ff65/element/f.85A0C08C11805158FB40365BE7F8DFE2.d.665060175BED0939A6A7357C5CC057D4.e.3845/click - {}
RESULT: {}
COMMAND: GET /session/5f042fc1c64931e48653a4fe2329ff65/screenshot - {}
RESULT: {}
COMMAND: POST /session/5f042fc1c64931e48653a4fe2329ff65/execute/async - {"script":"<script> [1562 bytes]","args":[{"selector":{"controlType":"sap.m.StandardListItem","viewName":"reusables.view.manageresources.NewResourceUnit","viewId":"application-manageresources-display-component---newResourceUnit","properties":{"title":"Centimeter"},"searchOpenDialogs":true,"interaction":{"idSuffix":"titleText"}},"wdio_ui5_key":"reusablesview.manageresources.NewResourceUnitsap.m.StandardListItem{\"title\":\"Centimeter\"}"}]}
RESULT: {"script":"<script> [1562 bytes]","args":[{"selector":{"controlType":"sap.m.StandardListItem","viewName":"reusables.view.manageresources.NewResourceUnit","viewId":"application-manageresources-display-component---newResourceUnit","properties":{"title":"Centimeter"},"searchOpenDialogs":true,"interaction":{"idSuffix":"titleText"}},"wdio_ui5_key":"reusablesview.manageresources.NewResourceUnitsap.m.StandardListItem{\"title\":\"Centimeter\"}"}]}
RESULT: undefined
COMMAND: POST /session/5f042fc1c64931e48653a4fe2329ff65/element - {"using":"xpath","value":"//*[@id=\"__item221\"]"}
RESULT: {"using":"xpath","value":"//*[@id=\"__item221\"]"}
COMMAND: POST /session/5f042fc1c64931e48653a4fe2329ff65/element/f.85A0C08C11805158FB40365BE7F8DFE2.d.665060175BED0939A6A7357C5CC057D4.e.3847/click - {}
RESULT: {}
COMMAND: GET /session/5f042fc1c64931e48653a4fe2329ff65/screenshot - {}
RESULT: {}
COMMAND: POST /session/5f042fc1c64931e48653a4fe2329ff65/execute/async - {"script":"<script> [1562 bytes]","args":[{"selector":{"id":"application-manageresources-display-component---newResourceUnit--newRRUPage-anchBar-application-manageresources-display-component---newResourceUnit--control-anchor","interaction":{"idSuffix":"BDI-content"}},"wdio_ui5_key":"applicationmanageresources-display-component---newResourceUnit--newRRUPage-anchBar-application-manageresources-display-component---newResourceUnit--control-anchor"}]}
RESULT: {"script":"<script> [1562 bytes]","args":[{"selector":{"id":"application-manageresources-display-component---newResourceUnit--newRRUPage-anchBar-application-manageresources-display-component---newResourceUnit--control-anchor","interaction":{"idSuffix":"BDI-content"}},"wdio_ui5_key":"applicationmanageresources-display-component---newResourceUnit--newRRUPage-anchBar-application-manageresources-display-component---newResourceUnit--control-anchor"}]}
RESULT: undefined
COMMAND: POST /session/5f042fc1c64931e48653a4fe2329ff65/element - {"using":"xpath","value":"//*[@id=\"application-manageresources-display-component---newResourceUnit--newRRUPage-anchBar-application-manageresources-display-component---newResourceUnit--control-anchor\"]"}
RESULT: {"using":"xpath","value":"//*[@id=\"application-manageresources-display-component---newResourceUnit--newRRUPage-anchBar-application-manageresources-display-component---newResourceUnit--control-anchor\"]"}
COMMAND: POST /session/5f042fc1c64931e48653a4fe2329ff65/element/f.85A0C08C11805158FB40365BE7F8DFE2.d.665060175BED0939A6A7357C5CC057D4.e.3849/click - {}
RESULT: {}
COMMAND: POST /session/5f042fc1c64931e48653a4fe2329ff65/execute/async - {"script":"<script> [1562 bytes]","args":[{"selector":{"id":"application-manageresources-display-component---newResourceUnit--PLANNING_GROUP","interaction":{"idSuffix":"inner"}},"wdio_ui5_key":"applicationmanageresources-display-component---newResourceUnit--PLANNING_GROUP"}]}
COMMAND: GET /session/5f042fc1c64931e48653a4fe2329ff65/screenshot - {}
RESULT: {"script":"<script> [1562 bytes]","args":[{"selector":{"id":"application-manageresources-display-component---newResourceUnit--PLANNING_GROUP","interaction":{"idSuffix":"inner"}},"wdio_ui5_key":"applicationmanageresources-display-component---newResourceUnit--PLANNING_GROUP"}]}
RESULT: undefined
COMMAND: POST /session/5f042fc1c64931e48653a4fe2329ff65/execute/async - {"script":"<script> [776 bytes]","args":[{"enterText":"Heavy Equi","selector":{"id":"application-manageresources-display-component---newResourceUnit--PLANNING_GROUP","interaction":{"idSuffix":"inner"}},"clearTextFirst":true,"interactionType":"ENTER_TEXT"}]}
RESULT: {}
RESULT: {"script":"<script> [776 bytes]","args":[{"enterText":"Heavy Equi","selector":{"id":"application-manageresources-display-component---newResourceUnit--PLANNING_GROUP","interaction":{"idSuffix":"inner"}},"clearTextFirst":true,"interactionType":"ENTER_TEXT"}]}
COMMAND: POST /session/5f042fc1c64931e48653a4fe2329ff65/execute/async - {"script":"<script> [1562 bytes]","args":[{"selector":{"id":"application-manageresources-display-component---newResourceUnit--ITEM_TYPE-arrow"},"wdio_ui5_key":"applicationmanageresources-display-component---newResourceUnit--ITEM_TYPE-arrow"}]}
RESULT: {"script":"<script> [1562 bytes]","args":[{"selector":{"id":"application-manageresources-display-component---newResourceUnit--ITEM_TYPE-arrow"},"wdio_ui5_key":"applicationmanageresources-display-component---newResourceUnit--ITEM_TYPE-arrow"}]}
RESULT: undefined
COMMAND: POST /session/5f042fc1c64931e48653a4fe2329ff65/element - {"using":"xpath","value":"//*[@id=\"application-manageresources-display-component---newResourceUnit--ITEM_TYPE-arrow\"]"}
RESULT: {"using":"xpath","value":"//*[@id=\"application-manageresources-display-component---newResourceUnit--ITEM_TYPE-arrow\"]"}
COMMAND: POST /session/5f042fc1c64931e48653a4fe2329ff65/element/f.85A0C08C11805158FB40365BE7F8DFE2.d.665060175BED0939A6A7357C5CC057D4.e.3854/click - {}
RESULT: {}
COMMAND: POST /session/5f042fc1c64931e48653a4fe2329ff65/execute/async - {"script":"<script> [1562 bytes]","args":[{"selector":{"controlType":"sap.m.StandardListItem","viewName":"reusables.view.manageresources.NewResourceUnit","viewId":"application-manageresources-display-component---newResourceUnit","properties":{"title":"Resource Unit"},"searchOpenDialogs":true,"interaction":{"idSuffix":"titleText"}},"wdio_ui5_key":"reusablesview.manageresources.NewResourceUnitsap.m.StandardListItem{\"title\":\"Resource Unit\"}"}]}
COMMAND: GET /session/5f042fc1c64931e48653a4fe2329ff65/screenshot - {}
RESULT: {"script":"<script> [1562 bytes]","args":[{"selector":{"controlType":"sap.m.StandardListItem","viewName":"reusables.view.manageresources.NewResourceUnit","viewId":"application-manageresources-display-component---newResourceUnit","properties":{"title":"Resource Unit"},"searchOpenDialogs":true,"interaction":{"idSuffix":"titleText"}},"wdio_ui5_key":"reusablesview.manageresources.NewResourceUnitsap.m.StandardListItem{\"title\":\"Resource Unit\"}"}]}
RESULT: undefined
COMMAND: POST /session/5f042fc1c64931e48653a4fe2329ff65/element - {"using":"xpath","value":"//*[@id=\"__item243\"]"}
RESULT: {}
RESULT: {"using":"xpath","value":"//*[@id=\"__item243\"]"}
COMMAND: POST /session/5f042fc1c64931e48653a4fe2329ff65/element/f.85A0C08C11805158FB40365BE7F8DFE2.d.665060175BED0939A6A7357C5CC057D4.e.3856/click - {}
RESULT: {}
COMMAND: POST /session/5f042fc1c64931e48653a4fe2329ff65/element - {"using":"xpath","value":"//bdi[contains(text(), \"Time Segment\")]"}
COMMAND: GET /session/5f042fc1c64931e48653a4fe2329ff65/screenshot - {}
RESULT: {"using":"xpath","value":"//bdi[contains(text(), \"Time Segment\")]"}
COMMAND: GET /session/5f042fc1c64931e48653a4fe2329ff65/element/f.85A0C08C11805158FB40365BE7F8DFE2.d.665060175BED0939A6A7357C5CC057D4.e.3857/rect - {}
RESULT: {}
RESULT: {}
COMMAND: GET /session/5f042fc1c64931e48653a4fe2329ff65/window/rect - {}
RESULT: {}
COMMAND: POST /session/5f042fc1c64931e48653a4fe2329ff65/execute/sync - {"script":"<script> [92 bytes]","args":[]}
RESULT: {"script":"<script> [92 bytes]","args":[]}
COMMAND: POST /session/5f042fc1c64931e48653a4fe2329ff65/actions - {"actions":[{"id":"action7","type":"wheel","parameters":{},"actions":[{"type":"scroll","x":-1820,"y":-21,"deltaX":0,"deltaY":0,"duration":0,"origin":{"element-6066-11e4-a52e-4f735466cecf":"f.85A0C08C11805158FB40365BE7F8DFE2.d.665060175BED0939A6A7357C5CC057D4.e.3857"}}]}]}
COMMAND: GET /session/5f042fc1c64931e48653a4fe2329ff65/screenshot - {}
RESULT: {}
COMMAND: POST /session/5f042fc1c64931e48653a4fe2329ff65/execute/sync - {"script":"<script> [79 bytes]","args":[{"element-6066-11e4-a52e-4f735466cecf":"f.85A0C08C11805158FB40365BE7F8DFE2.d.665060175BED0939A6A7357C5CC057D4.e.3857","ELEMENT":"f.85A0C08C11805158FB40365BE7F8DFE2.d.665060175BED0939A6A7357C5CC057D4.e.3857"},{"block":"start","inline":"nearest"}]}
RESULT: {"script":"<script> [79 bytes]","args":[{"element-6066-11e4-a52e-4f735466cecf":"f.85A0C08C11805158FB40365BE7F8DFE2.d.665060175BED0939A6A7357C5CC057D4.e.3857","ELEMENT":"f.85A0C08C11805158FB40365BE7F8DFE2.d.665060175BED0939A6A7357C5CC057D4.e.3857"},{"block":"start","inline":"nearest"}]}
COMMAND: POST /session/5f042fc1c64931e48653a4fe2329ff65/execute/async - {"script":"<script> [1562 bytes]","args":[{"selector":{"id":"application-manageresources-display-component---newResourceUnit--btnAddTimeSegment-img"},"wdio_ui5_key":"applicationmanageresources-display-component---newResourceUnit--btnAddTimeSegment-img"}]}
COMMAND: GET /session/5f042fc1c64931e48653a4fe2329ff65/screenshot - {}
RESULT: {"script":"<script> [1562 bytes]","args":[{"selector":{"id":"application-manageresources-display-component---newResourceUnit--btnAddTimeSegment-img"},"wdio_ui5_key":"applicationmanageresources-display-component---newResourceUnit--btnAddTimeSegment-img"}]}
RESULT: undefined
COMMAND: POST /session/5f042fc1c64931e48653a4fe2329ff65/element - {"using":"xpath","value":"//*[@id=\"application-manageresources-display-component---newResourceUnit--btnAddTimeSegment-img\"]"}
RESULT: {}
RESULT: {"using":"xpath","value":"//*[@id=\"application-manageresources-display-component---newResourceUnit--btnAddTimeSegment-img\"]"}
COMMAND: POST /session/5f042fc1c64931e48653a4fe2329ff65/element/f.85A0C08C11805158FB40365BE7F8DFE2.d.665060175BED0939A6A7357C5CC057D4.e.3858/click - {}
RESULT: {}
COMMAND: GET /session/5f042fc1c64931e48653a4fe2329ff65/screenshot - {}
RESULT: {}
COMMAND: POST /session/5f042fc1c64931e48653a4fe2329ff65/element - {"using":"xpath","value":"//input[@id=\"application-manageresources-display-component---newResourceUnit--idRuTSAdmin-application-manageresources-display-component---newResourceUnit--RUTimeSegment-0-inner\"]"}
RESULT: {"using":"xpath","value":"//input[@id=\"application-manageresources-display-component---newResourceUnit--idRuTSAdmin-application-manageresources-display-component---newResourceUnit--RUTimeSegment-0-inner\"]"}
COMMAND: POST /session/5f042fc1c64931e48653a4fe2329ff65/element/f.85A0C08C11805158FB40365BE7F8DFE2.d.665060175BED0939A6A7357C5CC057D4.e.3864/clear - {}
RESULT: {}
COMMAND: POST /session/5f042fc1c64931e48653a4fe2329ff65/element/f.85A0C08C11805158FB40365BE7F8DFE2.d.665060175BED0939A6A7357C5CC057D4.e.3864/value - {"text":"WebdriverYardvzk7z"}
COMMAND: GET /session/5f042fc1c64931e48653a4fe2329ff65/screenshot - {}
RESULT: {"text":"WebdriverYardvzk7z"}
COMMAND: GET /session/5f042fc1c64931e48653a4fe2329ff65/screenshot - {}
RESULT: {}
RESULT: {}
COMMAND: POST /session/5f042fc1c64931e48653a4fe2329ff65/actions - {"actions":[{"id":"action8","type":"key","parameters":{},"actions":[{"type":"keyDown","value":"î€‡"},{"type":"pause","duration":10},{"type":"keyUp","value":"î€‡"}]}]}
RESULT: {"actions":[{"id":"action8","type":"key","parameters":{},"actions":[{"type":"keyDown","value":"î€‡"},{"type":"pause","duration":10},{"type":"keyUp","value":"î€‡"}]}]}
COMMAND: POST /session/5f042fc1c64931e48653a4fe2329ff65/execute/async - {"script":"<script> [1562 bytes]","args":[{"selector":{"controlType":"sap.ui.core.Icon","viewName":"reusables.view.manageresources.NewResourceUnit","viewId":"application-manageresources-display-component---newResourceUnit","properties":{"src":{"regex":{"source":"slim\\-arrow\\-down"}}},"ancestor":{"controlType":"sap.m.ComboBox","viewName":"reusables.view.manageresources.NewResourceUnit","viewId":"application-manageresources-display-component---newResourceUnit","bindingPath":{"path":"/RESOURCE_UNIT_TIME_SEQUENCES/0","propertyPath":"COST_OBJECT_ADMIN_CST_TYPE","modelName":"oNewRruModel"}}},"wdio_ui5_key":"reusablesview.manageresources.NewResourceUnitsap.ui.core.Icon{\"src\":{\"regex\":{\"source\":\"slim\\\\-arrow\\\\-down\"}}}{\"controlType\":\"sap.m.ComboBox\",\"viewName\":\"reusables.view.manageresources.NewResourceUnit\",\"viewId\":\"application-manageresources-display-component---newResourceUnit\",\"bindingPath\":{\"path\":\"/RESOURCE_UNIT_TIME_SEQUENCES/0\",\"propertyPath\":\"COST_OBJECT_ADMIN_CST_TYPE\",\"modelName\":\"oNewRruModel\"}}"}]}
COMMAND: GET /session/5f042fc1c64931e48653a4fe2329ff65/screenshot - {}
RESULT: {"script":"<script> [1562 bytes]","args":[{"selector":{"controlType":"sap.ui.core.Icon","viewName":"reusables.view.manageresources.NewResourceUnit","viewId":"application-manageresources-display-component---newResourceUnit","properties":{"src":{"regex":{"source":"slim\\-arrow\\-down"}}},"ancestor":{"controlType":"sap.m.ComboBox","viewName":"reusables.view.manageresources.NewResourceUnit","viewId":"application-manageresources-display-component---newResourceUnit","bindingPath":{"path":"/RESOURCE_UNIT_TIME_SEQUENCES/0","propertyPath":"COST_OBJECT_ADMIN_CST_TYPE","modelName":"oNewRruModel"}}},"wdio_ui5_key":"reusablesview.manageresources.NewResourceUnitsap.ui.core.Icon{\"src\":{\"regex\":{\"source\":\"slim\\\\-arrow\\\\-down\"}}}{\"controlType\":\"sap.m.ComboBox\",\"viewName\":\"reusables.view.manageresources.NewResourceUnit\",\"viewId\":\"application-manageresources-display-component---newResourceUnit\",\"bindingPath\":{\"path\":\"/RESOURCE_UNIT_TIME_SEQUENCES/0\",\"propertyPath\":\"COST_OBJECT_ADMIN_CST_TYPE\",\"modelName\":\"oNewRruModel\"}}"}]}
RESULT: undefined
COMMAND: POST /session/5f042fc1c64931e48653a4fe2329ff65/element - {"using":"xpath","value":"//*[@id=\"__box7-application-manageresources-display-component---newResourceUnit--RUTimeSegment-0-arrow\"]"}
RESULT: {}
RESULT: {"using":"xpath","value":"//*[@id=\"__box7-application-manageresources-display-component---newResourceUnit--RUTimeSegment-0-arrow\"]"}
COMMAND: POST /session/5f042fc1c64931e48653a4fe2329ff65/element/f.85A0C08C11805158FB40365BE7F8DFE2.d.665060175BED0939A6A7357C5CC057D4.e.3876/click - {}
RESULT: {}
COMMAND: POST /session/5f042fc1c64931e48653a4fe2329ff65/execute/async - {"script":"<script> [1562 bytes]","args":[{"selector":{"controlType":"sap.m.StandardListItem","viewName":"reusables.view.manageresources.NewResourceUnit","viewId":"application-manageresources-display-component---newResourceUnit","properties":{"title":"PM Order"},"searchOpenDialogs":true,"interaction":{"idSuffix":"titleText"}},"wdio_ui5_key":"reusablesview.manageresources.NewResourceUnitsap.m.StandardListItem{\"title\":\"PM Order\"}"}]}
COMMAND: GET /session/5f042fc1c64931e48653a4fe2329ff65/screenshot - {}
RESULT: {"script":"<script> [1562 bytes]","args":[{"selector":{"controlType":"sap.m.StandardListItem","viewName":"reusables.view.manageresources.NewResourceUnit","viewId":"application-manageresources-display-component---newResourceUnit","properties":{"title":"PM Order"},"searchOpenDialogs":true,"interaction":{"idSuffix":"titleText"}},"wdio_ui5_key":"reusablesview.manageresources.NewResourceUnitsap.m.StandardListItem{\"title\":\"PM Order\"}"}]}
RESULT: undefined
COMMAND: POST /session/5f042fc1c64931e48653a4fe2329ff65/element - {"using":"xpath","value":"//*[@id=\"__item529\"]"}
RESULT: {}
RESULT: {"using":"xpath","value":"//*[@id=\"__item529\"]"}
COMMAND: POST /session/5f042fc1c64931e48653a4fe2329ff65/element/f.85A0C08C11805158FB40365BE7F8DFE2.d.665060175BED0939A6A7357C5CC057D4.e.3880/click - {}
RESULT: {}
COMMAND: GET /session/5f042fc1c64931e48653a4fe2329ff65/screenshot - {}
RESULT: {}
COMMAND: POST /session/5f042fc1c64931e48653a4fe2329ff65/element - {"using":"xpath","value":"(//input[contains(@id ,\"-application-manageresources-display-component---newResourceUnit--RUTimeSegment-0-inner\")])[8]"}
RESULT: {"using":"xpath","value":"(//input[contains(@id ,\"-application-manageresources-display-component---newResourceUnit--RUTimeSegment-0-inner\")])[8]"}
COMMAND: POST /session/5f042fc1c64931e48653a4fe2329ff65/element/f.85A0C08C11805158FB40365BE7F8DFE2.d.665060175BED0939A6A7357C5CC057D4.e.3883/clear - {}
RESULT: {}
COMMAND: POST /session/5f042fc1c64931e48653a4fe2329ff65/element/f.85A0C08C11805158FB40365BE7F8DFE2.d.665060175BED0939A6A7357C5CC057D4.e.3883/value - {"text":"4000360"}
COMMAND: GET /session/5f042fc1c64931e48653a4fe2329ff65/screenshot - {}
RESULT: {"text":"4000360"}
COMMAND: GET /session/5f042fc1c64931e48653a4fe2329ff65/screenshot - {}
RESULT: {}
RESULT: {}
COMMAND: POST /session/5f042fc1c64931e48653a4fe2329ff65/actions - {"actions":[{"id":"action9","type":"key","parameters":{},"actions":[{"type":"keyDown","value":"î€‡"},{"type":"pause","duration":10},{"type":"keyUp","value":"î€‡"}]}]}
RESULT: {"actions":[{"id":"action9","type":"key","parameters":{},"actions":[{"type":"keyDown","value":"î€‡"},{"type":"pause","duration":10},{"type":"keyUp","value":"î€‡"}]}]}
COMMAND: GET /session/5f042fc1c64931e48653a4fe2329ff65/screenshot - {}
RESULT: {}
COMMAND: POST /session/5f042fc1c64931e48653a4fe2329ff65/element - {"using":"xpath","value":"//input[contains(@id ,\"application-manageresources-display-component---newResourceUnit--newTimeSegmentFromDatePicker-application-manageresources-display-component---newResourceUnit--RUTimeSegment-0-inner\")]"}
RESULT: {"using":"xpath","value":"//input[contains(@id ,\"application-manageresources-display-component---newResourceUnit--newTimeSegmentFromDatePicker-application-manageresources-display-component---newResourceUnit--RUTimeSegment-0-inner\")]"}
COMMAND: POST /session/5f042fc1c64931e48653a4fe2329ff65/element/f.85A0C08C11805158FB40365BE7F8DFE2.d.665060175BED0939A6A7357C5CC057D4.e.3871/clear - {}
RESULT: {}
COMMAND: POST /session/5f042fc1c64931e48653a4fe2329ff65/element/f.85A0C08C11805158FB40365BE7F8DFE2.d.665060175BED0939A6A7357C5CC057D4.e.3871/clear - {}
COMMAND: GET /session/5f042fc1c64931e48653a4fe2329ff65/screenshot - {}
RESULT: {}
COMMAND: POST /session/5f042fc1c64931e48653a4fe2329ff65/element/f.85A0C08C11805158FB40365BE7F8DFE2.d.665060175BED0939A6A7357C5CC057D4.e.3871/value - {"text":"06/15/24"}
COMMAND: GET /session/5f042fc1c64931e48653a4fe2329ff65/screenshot - {}
RESULT: {}
RESULT: {"text":"06/15/24"}
COMMAND: POST /session/5f042fc1c64931e48653a4fe2329ff65/execute/async - {"script":"<script> [1562 bytes]","args":[{"selector":{"id":"application-manageresources-display-component---newResourceUnit--newRRUPage-anchBar-application-manageresources-display-component---newResourceUnit--resource-anchor","interaction":{"idSuffix":"BDI-content"}},"wdio_ui5_key":"applicationmanageresources-display-component---newResourceUnit--newRRUPage-anchBar-application-manageresources-display-component---newResourceUnit--resource-anchor"}]}
COMMAND: GET /session/5f042fc1c64931e48653a4fe2329ff65/screenshot - {}
RESULT: {}
RESULT: {"script":"<script> [1562 bytes]","args":[{"selector":{"id":"application-manageresources-display-component---newResourceUnit--newRRUPage-anchBar-application-manageresources-display-component---newResourceUnit--resource-anchor","interaction":{"idSuffix":"BDI-content"}},"wdio_ui5_key":"applicationmanageresources-display-component---newResourceUnit--newRRUPage-anchBar-application-manageresources-display-component---newResourceUnit--resource-anchor"}]}
RESULT: undefined
COMMAND: POST /session/5f042fc1c64931e48653a4fe2329ff65/element - {"using":"xpath","value":"//*[@id=\"application-manageresources-display-component---newResourceUnit--newRRUPage-anchBar-application-manageresources-display-component---newResourceUnit--resource-anchor\"]"}
RESULT: {}
RESULT: {"using":"xpath","value":"//*[@id=\"application-manageresources-display-component---newResourceUnit--newRRUPage-anchBar-application-manageresources-display-component---newResourceUnit--resource-anchor\"]"}
COMMAND: POST /session/5f042fc1c64931e48653a4fe2329ff65/element/f.85A0C08C11805158FB40365BE7F8DFE2.d.665060175BED0939A6A7357C5CC057D4.e.3905/click - {}
RESULT: {}
COMMAND: POST /session/5f042fc1c64931e48653a4fe2329ff65/execute/async - {"script":"<script> [1562 bytes]","args":[{"selector":{"id":"application-manageresources-display-component---newResourceUnit--PLANNED_DELIVERY_DATE","interaction":{"idSuffix":"inner"}},"wdio_ui5_key":"applicationmanageresources-display-component---newResourceUnit--PLANNED_DELIVERY_DATE"}]}
COMMAND: GET /session/5f042fc1c64931e48653a4fe2329ff65/screenshot - {}
RESULT: {"script":"<script> [1562 bytes]","args":[{"selector":{"id":"application-manageresources-display-component---newResourceUnit--PLANNED_DELIVERY_DATE","interaction":{"idSuffix":"inner"}},"wdio_ui5_key":"applicationmanageresources-display-component---newResourceUnit--PLANNED_DELIVERY_DATE"}]}
RESULT: undefined
COMMAND: POST /session/5f042fc1c64931e48653a4fe2329ff65/execute/async - {"script":"<script> [6424 bytes]","args":[{"element-6066-11e4-a52e-4f735466cecf":"f.85A0C08C11805158FB40365BE7F8DFE2.d.665060175BED0939A6A7357C5CC057D4.e.3768"},"setValue",["06/15/24"]]}
RESULT: {}
RESULT: {"script":"<script> [6424 bytes]","args":[{"element-6066-11e4-a52e-4f735466cecf":"f.85A0C08C11805158FB40365BE7F8DFE2.d.665060175BED0939A6A7357C5CC057D4.e.3768"},"setValue",["06/15/24"]]}
COMMAND: POST /session/5f042fc1c64931e48653a4fe2329ff65/execute/async - {"script":"<script> [1562 bytes]","args":[{"selector":{"id":"application-manageresources-display-component---newResourceUnit--RETIRE_PLANNED_DATE","interaction":{"idSuffix":"inner"}},"wdio_ui5_key":"applicationmanageresources-display-component---newResourceUnit--RETIRE_PLANNED_DATE"}]}
RESULT: {"script":"<script> [1562 bytes]","args":[{"selector":{"id":"application-manageresources-display-component---newResourceUnit--RETIRE_PLANNED_DATE","interaction":{"idSuffix":"inner"}},"wdio_ui5_key":"applicationmanageresources-display-component---newResourceUnit--RETIRE_PLANNED_DATE"}]}
RESULT: undefined
COMMAND: POST /session/5f042fc1c64931e48653a4fe2329ff65/execute/async - {"script":"<script> [776 bytes]","args":[{"enterText":"3/14/29","selector":{"id":"application-manageresources-display-component---newResourceUnit--RETIRE_PLANNED_DATE","interaction":{"idSuffix":"inner"}},"clearTextFirst":true,"interactionType":"ENTER_TEXT"}]}
RESULT: {"script":"<script> [776 bytes]","args":[{"enterText":"3/14/29","selector":{"id":"application-manageresources-display-component---newResourceUnit--RETIRE_PLANNED_DATE","interaction":{"idSuffix":"inner"}},"clearTextFirst":true,"interactionType":"ENTER_TEXT"}]}
COMMAND: POST /session/5f042fc1c64931e48653a4fe2329ff65/execute/async - {"script":"<script> [1562 bytes]","args":[{"selector":{"controlType":"sap.m.Button","viewName":"reusables.view.manageresources.NewResourceUnit","viewId":"application-manageresources-display-component---newResourceUnit","i18NText":{"propertyName":"tooltip","key":"save"},"interaction":{"idSuffix":"BDI-content"}},"wdio_ui5_key":"reusablesview.manageresources.NewResourceUnitsap.m.Button{\"propertyName\":\"tooltip\",\"key\":\"save\"}"}]}
RESULT: {"script":"<script> [1562 bytes]","args":[{"selector":{"controlType":"sap.m.Button","viewName":"reusables.view.manageresources.NewResourceUnit","viewId":"application-manageresources-display-component---newResourceUnit","i18NText":{"propertyName":"tooltip","key":"save"},"interaction":{"idSuffix":"BDI-content"}},"wdio_ui5_key":"reusablesview.manageresources.NewResourceUnitsap.m.Button{\"propertyName\":\"tooltip\",\"key\":\"save\"}"}]}
RESULT: undefined
COMMAND: POST /session/5f042fc1c64931e48653a4fe2329ff65/element - {"using":"xpath","value":"//*[@id=\"application-manageresources-display-component---newResourceUnit--createRuButton\"]"}
RESULT: {"using":"xpath","value":"//*[@id=\"application-manageresources-display-component---newResourceUnit--createRuButton\"]"}
COMMAND: POST /session/5f042fc1c64931e48653a4fe2329ff65/element/f.85A0C08C11805158FB40365BE7F8DFE2.d.665060175BED0939A6A7357C5CC057D4.e.3728/click - {}
RESULT: {}
COMMAND: GET /session/5f042fc1c64931e48653a4fe2329ff65/screenshot - {}
RESULT: {}
COMMAND: POST /session/5f042fc1c64931e48653a4fe2329ff65/execute/async - {"script":"<script> [1562 bytes]","args":[{"selector":{"controlType":"sap.m.Button","properties":{"text":"Close"},"searchOpenDialogs":true,"interaction":{"idSuffix":"inner"}},"wdio_ui5_key":"sapm.Button{\"text\":\"Close\"}"}]}
RESULT: {"script":"<script> [1562 bytes]","args":[{"selector":{"controlType":"sap.m.Button","properties":{"text":"Close"},"searchOpenDialogs":true,"interaction":{"idSuffix":"inner"}},"wdio_ui5_key":"sapm.Button{\"text\":\"Close\"}"}]}
RESULT: undefined
COMMAND: POST /session/5f042fc1c64931e48653a4fe2329ff65/element - {"using":"xpath","value":"//*[@id=\"__mbox-btn-0\"]"}
RESULT: {"using":"xpath","value":"//*[@id=\"__mbox-btn-0\"]"}
COMMAND: POST /session/5f042fc1c64931e48653a4fe2329ff65/element/f.85A0C08C11805158FB40365BE7F8DFE2.d.665060175BED0939A6A7357C5CC057D4.e.3912/click - {}
RESULT: {}
COMMAND: GET /session/5f042fc1c64931e48653a4fe2329ff65/screenshot - {}
RESULT: {}
COMMAND: POST /session/5f042fc1c64931e48653a4fe2329ff65/execute/async - {"script":"<script> [1562 bytes]","args":[{"selector":{"controlType":"sap.m.Text","viewName":"etm.portal.ui.manageresources.view.Detail","viewId":"application-manageresources-display-component---detailRU","bindingPath":{"propertyPath":"ID","modelName":"catalogModel"}},"wdio_ui5_key":"etmportal.ui.manageresources.view.Detailsap.m.Text{\"propertyPath\":\"ID\",\"modelName\":\"catalogModel\"}"}]}
RESULT: {"script":"<script> [1562 bytes]","args":[{"selector":{"controlType":"sap.m.Text","viewName":"etm.portal.ui.manageresources.view.Detail","viewId":"application-manageresources-display-component---detailRU","bindingPath":{"propertyPath":"ID","modelName":"catalogModel"}},"wdio_ui5_key":"etmportal.ui.manageresources.view.Detailsap.m.Text{\"propertyPath\":\"ID\",\"modelName\":\"catalogModel\"}"}]}
RESULT: undefined
COMMAND: POST /session/5f042fc1c64931e48653a4fe2329ff65/execute/async - {"script":"<script> [6424 bytes]","args":[{"element-6066-11e4-a52e-4f735466cecf":"f.85A0C08C11805158FB40365BE7F8DFE2.d.665060175BED0939A6A7357C5CC057D4.e.3965"},"getText",[]]}
RESULT: {"script":"<script> [6424 bytes]","args":[{"element-6066-11e4-a52e-4f735466cecf":"f.85A0C08C11805158FB40365BE7F8DFE2.d.665060175BED0939A6A7357C5CC057D4.e.3965"},"getText",[]]}
COMMAND: POST /session/5f042fc1c64931e48653a4fe2329ff65/element - {"using":"css selector","value":"#shell-header-logo"}
RESULT: {"using":"css selector","value":"#shell-header-logo"}
COMMAND: POST /session/5f042fc1c64931e48653a4fe2329ff65/element/f.85A0C08C11805158FB40365BE7F8DFE2.d.665060175BED0939A6A7357C5CC057D4.e.3349/click - {}
RESULT: {}
COMMAND: GET /session/5f042fc1c64931e48653a4fe2329ff65/screenshot - {}
RESULT: {}
COMMAND: POST /session/5f042fc1c64931e48653a4fe2329ff65/execute/async - {"script":"<script> [1562 bytes]","args":[{"selector":{"controlType":"sap.m.GenericTile","properties":{"header":"Manage Catalogs"}},"wdio_ui5_key":"sapm.GenericTile{\"header\":\"Manage Catalogs\"}"}]}
RESULT: {"script":"<script> [1562 bytes]","args":[{"selector":{"controlType":"sap.m.GenericTile","properties":{"header":"Manage Catalogs"}},"wdio_ui5_key":"sapm.GenericTile{\"header\":\"Manage Catalogs\"}"}]}
RESULT: undefined
COMMAND: POST /session/5f042fc1c64931e48653a4fe2329ff65/element - {"using":"xpath","value":"//*[@id=\"__tile37\"]"}
RESULT: {"using":"xpath","value":"//*[@id=\"__tile37\"]"}
COMMAND: POST /session/5f042fc1c64931e48653a4fe2329ff65/element/f.85A0C08C11805158FB40365BE7F8DFE2.d.665060175BED0939A6A7357C5CC057D4.e.3967/click - {}
RESULT: {}
COMMAND: GET /session/5f042fc1c64931e48653a4fe2329ff65/screenshot - {}
RESULT: {}
COMMAND: POST /session/5f042fc1c64931e48653a4fe2329ff65/elements - {"using":"xpath","value":"//span[text()='Error']"}
RESULT: {"using":"xpath","value":"//span[text()='Error']"}
COMMAND: POST /session/5f042fc1c64931e48653a4fe2329ff65/execute/async - {"script":"<script> [1562 bytes]","args":[{"selector":{"controlType":"sap.m.Text","viewName":"etm.portal.ui.managecatalogs.view.MasterCatalogs","viewId":"application-managecatalogs-display-component---masterCatalogs","bindingPath":{"path":"/Catalogs('0D7502D073D53A0F1700BE067B89AFF9')","propertyPath":"DESCRIPTION","modelName":"catalogModel"}},"wdio_ui5_key":"etmportal.ui.managecatalogs.view.MasterCatalogssap.m.Text{\"path\":\"/Catalogs('0D7502D073D53A0F1700BE067B89AFF9')\",\"propertyPath\":\"DESCRIPTION\",\"modelName\":\"catalogModel\"}"}]}
RESULT: {"script":"<script> [1562 bytes]","args":[{"selector":{"controlType":"sap.m.Text","viewName":"etm.portal.ui.managecatalogs.view.MasterCatalogs","viewId":"application-managecatalogs-display-component---masterCatalogs","bindingPath":{"path":"/Catalogs('0D7502D073D53A0F1700BE067B89AFF9')","propertyPath":"DESCRIPTION","modelName":"catalogModel"}},"wdio_ui5_key":"etmportal.ui.managecatalogs.view.MasterCatalogssap.m.Text{\"path\":\"/Catalogs('0D7502D073D53A0F1700BE067B89AFF9')\",\"propertyPath\":\"DESCRIPTION\",\"modelName\":\"catalogModel\"}"}]}
RESULT: undefined
COMMAND: POST /session/5f042fc1c64931e48653a4fe2329ff65/element - {"using":"xpath","value":"//*[@id=\"__text919-application-managecatalogs-display-component---masterCatalogs--CatalogsTable-11\"]"}
RESULT: {"using":"xpath","value":"//*[@id=\"__text919-application-managecatalogs-display-component---masterCatalogs--CatalogsTable-11\"]"}
COMMAND: POST /session/5f042fc1c64931e48653a4fe2329ff65/element/f.85A0C08C11805158FB40365BE7F8DFE2.d.665060175BED0939A6A7357C5CC057D4.e.4038/click - {}
RESULT: {}
COMMAND: POST /session/5f042fc1c64931e48653a4fe2329ff65/execute/async - {"script":"<script> [1562 bytes]","args":[{"selector":{"controlType":"sap.ui.layout.HorizontalLayout","viewName":"etm.portal.ui.managecatalogs.view.MasterItems","viewId":"application-managecatalogs-display-component---masterCatalogItems","ancestor":{"id":"application-managecatalogs-display-component---masterCatalogItems--idCatalogItemsTree-rows-row0"}},"wdio_ui5_key":"etmportal.ui.managecatalogs.view.MasterItemssap.ui.layout.HorizontalLayout{\"id\":\"application-managecatalogs-display-component---masterCatalogItems--idCatalogItemsTree-rows-row0\"}"}]}
COMMAND: GET /session/5f042fc1c64931e48653a4fe2329ff65/screenshot - {}
RESULT: {"script":"<script> [1562 bytes]","args":[{"selector":{"controlType":"sap.ui.layout.HorizontalLayout","viewName":"etm.portal.ui.managecatalogs.view.MasterItems","viewId":"application-managecatalogs-display-component---masterCatalogItems","ancestor":{"id":"application-managecatalogs-display-component---masterCatalogItems--idCatalogItemsTree-rows-row0"}},"wdio_ui5_key":"etmportal.ui.managecatalogs.view.MasterItemssap.ui.layout.HorizontalLayout{\"id\":\"application-managecatalogs-display-component---masterCatalogItems--idCatalogItemsTree-rows-row0\"}"}]}
RESULT: undefined
COMMAND: POST /session/5f042fc1c64931e48653a4fe2329ff65/element - {"using":"xpath","value":"//*[@id=\"__layout279-__clone1428\"]"}
RESULT: {}
RESULT: {"using":"xpath","value":"//*[@id=\"__layout279-__clone1428\"]"}
COMMAND: POST /session/5f042fc1c64931e48653a4fe2329ff65/element/f.85A0C08C11805158FB40365BE7F8DFE2.d.665060175BED0939A6A7357C5CC057D4.e.4073/click - {}
RESULT: {}
COMMAND: GET /session/5f042fc1c64931e48653a4fe2329ff65/screenshot - {}
COMMAND: POST /session/5f042fc1c64931e48653a4fe2329ff65/execute/async - {"script":"<script> [1562 bytes]","args":[{"selector":{"controlType":"sap.m.Button","viewName":"etm.portal.ui.managecatalogs.view.Detail","viewId":"application-managecatalogs-display-component---detailCatalog","i18NText":{"propertyName":"text","key":"edit"},"interaction":{"idSuffix":"BDI-content"}},"wdio_ui5_key":"etmportal.ui.managecatalogs.view.Detailsap.m.Button{\"propertyName\":\"text\",\"key\":\"edit\"}"}]}
RESULT: {}
RESULT: {"script":"<script> [1562 bytes]","args":[{"selector":{"controlType":"sap.m.Button","viewName":"etm.portal.ui.managecatalogs.view.Detail","viewId":"application-managecatalogs-display-component---detailCatalog","i18NText":{"propertyName":"text","key":"edit"},"interaction":{"idSuffix":"BDI-content"}},"wdio_ui5_key":"etmportal.ui.managecatalogs.view.Detailsap.m.Button{\"propertyName\":\"text\",\"key\":\"edit\"}"}]}
RESULT: undefined
COMMAND: POST /session/5f042fc1c64931e48653a4fe2329ff65/element - {"using":"xpath","value":"//*[@id=\"__button118\"]"}
RESULT: {"using":"xpath","value":"//*[@id=\"__button118\"]"}
COMMAND: POST /session/5f042fc1c64931e48653a4fe2329ff65/element/f.85A0C08C11805158FB40365BE7F8DFE2.d.665060175BED0939A6A7357C5CC057D4.e.4185/click - {}
RESULT: {}
COMMAND: GET /session/5f042fc1c64931e48653a4fe2329ff65/screenshot - {}
RESULT: {}
COMMAND: POST /session/5f042fc1c64931e48653a4fe2329ff65/element - {"using":"xpath","value":"//bdi[contains(text(), \"Unlock\")]"}
RESULT: {"using":"xpath","value":"//bdi[contains(text(), \"Unlock\")]"}
COMMAND: POST /session/5f042fc1c64931e48653a4fe2329ff65/elements - {"using":"xpath","value":"//bdi[contains(text(), \"Unlock\")]"}
RESULT: {"using":"xpath","value":"//bdi[contains(text(), \"Unlock\")]"}
COMMAND: POST /session/5f042fc1c64931e48653a4fe2329ff65/execute/async - {"script":"<script> [1562 bytes]","args":[{"selector":{"controlType":"sap.ui.core.Icon","viewName":"etm.portal.ui.managecatalogs.view.Detail","viewId":"application-managecatalogs-display-component---detailCatalog","properties":{"src":{"regex":{"source":"add\\-folder"}}}},"wdio_ui5_key":"etmportal.ui.managecatalogs.view.Detailsap.ui.core.Icon{\"src\":{\"regex\":{\"source\":\"add\\\\-folder\"}}}"}]}
RESULT: {"script":"<script> [1562 bytes]","args":[{"selector":{"controlType":"sap.ui.core.Icon","viewName":"etm.portal.ui.managecatalogs.view.Detail","viewId":"application-managecatalogs-display-component---detailCatalog","properties":{"src":{"regex":{"source":"add\\-folder"}}}},"wdio_ui5_key":"etmportal.ui.managecatalogs.view.Detailsap.ui.core.Icon{\"src\":{\"regex\":{\"source\":\"add\\\\-folder\"}}}"}]}
RESULT: undefined
COMMAND: POST /session/5f042fc1c64931e48653a4fe2329ff65/element - {"using":"xpath","value":"//*[@id=\"__button126-img\"]"}
RESULT: {"using":"xpath","value":"//*[@id=\"__button126-img\"]"}
COMMAND: POST /session/5f042fc1c64931e48653a4fe2329ff65/element/f.85A0C08C11805158FB40365BE7F8DFE2.d.665060175BED0939A6A7357C5CC057D4.e.4192/click - {}
RESULT: {}
COMMAND: GET /session/5f042fc1c64931e48653a4fe2329ff65/screenshot - {}
RESULT: {}
COMMAND: POST /session/5f042fc1c64931e48653a4fe2329ff65/execute/async - {"script":"<script> [1562 bytes]","args":[{"selector":{"id":"application-managecatalogs-display-component---detailCatalog--numberInput","searchOpenDialogs":true,"interaction":{"idSuffix":"inner"}},"wdio_ui5_key":"applicationmanagecatalogs-display-component---detailCatalog--numberInput"}]}
RESULT: {"script":"<script> [1562 bytes]","args":[{"selector":{"id":"application-managecatalogs-display-component---detailCatalog--numberInput","searchOpenDialogs":true,"interaction":{"idSuffix":"inner"}},"wdio_ui5_key":"applicationmanagecatalogs-display-component---detailCatalog--numberInput"}]}
RESULT: undefined
COMMAND: POST /session/5f042fc1c64931e48653a4fe2329ff65/execute/async - {"script":"<script> [776 bytes]","args":[{"enterText":"Sectionsfhho","selector":{"id":"application-managecatalogs-display-component---detailCatalog--numberInput","searchOpenDialogs":true,"interaction":{"idSuffix":"inner"}},"clearTextFirst":true,"interactionType":"ENTER_TEXT"}]}
RESULT: {"script":"<script> [776 bytes]","args":[{"enterText":"Sectionsfhho","selector":{"id":"application-managecatalogs-display-component---detailCatalog--numberInput","searchOpenDialogs":true,"interaction":{"idSuffix":"inner"}},"clearTextFirst":true,"interactionType":"ENTER_TEXT"}]}
COMMAND: POST /session/5f042fc1c64931e48653a4fe2329ff65/element - {"using":"css selector","value":"#application-managecatalogs-display-component---detailCatalog--nameInput-inner"}
RESULT: {"using":"css selector","value":"#application-managecatalogs-display-component---detailCatalog--nameInput-inner"}
COMMAND: POST /session/5f042fc1c64931e48653a4fe2329ff65/elements - {"using":"css selector","value":"#application-managecatalogs-display-component---detailCatalog--nameInput-inner"}
RESULT: {"using":"css selector","value":"#application-managecatalogs-display-component---detailCatalog--nameInput-inner"}
COMMAND: POST /session/5f042fc1c64931e48653a4fe2329ff65/element/f.85A0C08C11805158FB40365BE7F8DFE2.d.665060175BED0939A6A7357C5CC057D4.e.4196/clear - {}
RESULT: {}
COMMAND: POST /session/5f042fc1c64931e48653a4fe2329ff65/element/f.85A0C08C11805158FB40365BE7F8DFE2.d.665060175BED0939A6A7357C5CC057D4.e.4196/value - {"text":"Webdrivers5kih"}
COMMAND: GET /session/5f042fc1c64931e48653a4fe2329ff65/screenshot - {}
RESULT: {"text":"Webdrivers5kih"}
COMMAND: POST /session/5f042fc1c64931e48653a4fe2329ff65/execute/async - {"script":"<script> [1562 bytes]","args":[{"selector":{"controlType":"sap.m.Button","viewName":"etm.portal.ui.managecatalogs.view.Detail","viewId":"application-managecatalogs-display-component---detailCatalog","i18NText":{"propertyName":"text","key":"create"},"searchOpenDialogs":true,"interaction":{"idSuffix":"BDI-content"}},"wdio_ui5_key":"etmportal.ui.managecatalogs.view.Detailsap.m.Button{\"propertyName\":\"text\",\"key\":\"create\"}"}]}
COMMAND: GET /session/5f042fc1c64931e48653a4fe2329ff65/screenshot - {}
RESULT: {}
RESULT: {"script":"<script> [1562 bytes]","args":[{"selector":{"controlType":"sap.m.Button","viewName":"etm.portal.ui.managecatalogs.view.Detail","viewId":"application-managecatalogs-display-component---detailCatalog","i18NText":{"propertyName":"text","key":"create"},"searchOpenDialogs":true,"interaction":{"idSuffix":"BDI-content"}},"wdio_ui5_key":"etmportal.ui.managecatalogs.view.Detailsap.m.Button{\"propertyName\":\"text\",\"key\":\"create\"}"}]}
RESULT: undefined
COMMAND: POST /session/5f042fc1c64931e48653a4fe2329ff65/element - {"using":"xpath","value":"//*[@id=\"__button96\"]"}
RESULT: {}
RESULT: {"using":"xpath","value":"//*[@id=\"__button96\"]"}
COMMAND: POST /session/5f042fc1c64931e48653a4fe2329ff65/element/f.85A0C08C11805158FB40365BE7F8DFE2.d.665060175BED0939A6A7357C5CC057D4.e.4201/click - {}
RESULT: {}
COMMAND: GET /session/5f042fc1c64931e48653a4fe2329ff65/screenshot - {}
RESULT: {}
COMMAND: POST /session/5f042fc1c64931e48653a4fe2329ff65/element - {"using":"xpath","value":"//button[@title=\"Save\"]"}
RESULT: {"using":"xpath","value":"//button[@title=\"Save\"]"}
COMMAND: POST /session/5f042fc1c64931e48653a4fe2329ff65/element/f.85A0C08C11805158FB40365BE7F8DFE2.d.665060175BED0939A6A7357C5CC057D4.e.4202/click - {}
RESULT: {}
COMMAND: POST /session/5f042fc1c64931e48653a4fe2329ff65/execute/async - {"script":"<script> [1562 bytes]","args":[{"selector":{"controlType":"sap.ui.core.Icon","viewName":"etm.portal.ui.managecatalogs.view.Detail","viewId":"application-managecatalogs-display-component---detailCatalog","properties":{"src":{"regex":{"source":"decline"}}}},"wdio_ui5_key":"etmportal.ui.managecatalogs.view.Detailsap.ui.core.Icon{\"src\":{\"regex\":{\"source\":\"decline\"}}}"}]}
COMMAND: GET /session/5f042fc1c64931e48653a4fe2329ff65/screenshot - {}
RESULT: {"script":"<script> [1562 bytes]","args":[{"selector":{"controlType":"sap.ui.core.Icon","viewName":"etm.portal.ui.managecatalogs.view.Detail","viewId":"application-managecatalogs-display-component---detailCatalog","properties":{"src":{"regex":{"source":"decline"}}}},"wdio_ui5_key":"etmportal.ui.managecatalogs.view.Detailsap.ui.core.Icon{\"src\":{\"regex\":{\"source\":\"decline\"}}}"}]}
RESULT: undefined
COMMAND: POST /session/5f042fc1c64931e48653a4fe2329ff65/element - {"using":"xpath","value":"//*[@id=\"__button121-img\"]"}
RESULT: {}
RESULT: {"using":"xpath","value":"//*[@id=\"__button121-img\"]"}
COMMAND: POST /session/5f042fc1c64931e48653a4fe2329ff65/element/f.85A0C08C11805158FB40365BE7F8DFE2.d.665060175BED0939A6A7357C5CC057D4.e.4207/click - {}
RESULT: {}
COMMAND: GET /session/5f042fc1c64931e48653a4fe2329ff65/screenshot - {}
RESULT: {}
COMMAND: POST /session/5f042fc1c64931e48653a4fe2329ff65/execute/async - {"script":"<script> [1562 bytes]","args":[{"selector":{"controlType":"sap.ui.core.Icon","viewName":"etm.portal.ui.managecatalogs.view.MasterItems","viewId":"application-managecatalogs-display-component---masterCatalogItems","properties":{"src":{"regex":{"source":"refresh"}}}},"wdio_ui5_key":"etmportal.ui.managecatalogs.view.MasterItemssap.ui.core.Icon{\"src\":{\"regex\":{\"source\":\"refresh\"}}}"}]}
RESULT: {"script":"<script> [1562 bytes]","args":[{"selector":{"controlType":"sap.ui.core.Icon","viewName":"etm.portal.ui.managecatalogs.view.MasterItems","viewId":"application-managecatalogs-display-component---masterCatalogItems","properties":{"src":{"regex":{"source":"refresh"}}}},"wdio_ui5_key":"etmportal.ui.managecatalogs.view.MasterItemssap.ui.core.Icon{\"src\":{\"regex\":{\"source\":\"refresh\"}}}"}]}
RESULT: undefined
COMMAND: POST /session/5f042fc1c64931e48653a4fe2329ff65/element - {"using":"xpath","value":"//*[@id=\"__button94-img\"]"}
RESULT: {"using":"xpath","value":"//*[@id=\"__button94-img\"]"}
COMMAND: POST /session/5f042fc1c64931e48653a4fe2329ff65/element/f.85A0C08C11805158FB40365BE7F8DFE2.d.665060175BED0939A6A7357C5CC057D4.e.4243/click - {}
RESULT: {}
COMMAND: POST /session/5f042fc1c64931e48653a4fe2329ff65/execute/async - {"script":"<script> [1562 bytes]","args":[{"selector":{"id":"application-managecatalogs-display-component---masterCatalogItems--searchItemsField","interaction":{"idSuffix":"I"}},"wdio_ui5_key":"applicationmanagecatalogs-display-component---masterCatalogItems--searchItemsField"}]}
COMMAND: GET /session/5f042fc1c64931e48653a4fe2329ff65/screenshot - {}
RESULT: {"script":"<script> [1562 bytes]","args":[{"selector":{"id":"application-managecatalogs-display-component---masterCatalogItems--searchItemsField","interaction":{"idSuffix":"I"}},"wdio_ui5_key":"applicationmanagecatalogs-display-component---masterCatalogItems--searchItemsField"}]}
RESULT: undefined
COMMAND: POST /session/5f042fc1c64931e48653a4fe2329ff65/execute/async - {"script":"<script> [776 bytes]","args":[{"enterText":"Webdrivers5kih","selector":{"id":"application-managecatalogs-display-component---masterCatalogItems--searchItemsField","interaction":{"idSuffix":"I"}},"clearTextFirst":true,"interactionType":"ENTER_TEXT"}]}
RESULT: {}
RESULT: {"script":"<script> [776 bytes]","args":[{"enterText":"Webdrivers5kih","selector":{"id":"application-managecatalogs-display-component---masterCatalogItems--searchItemsField","interaction":{"idSuffix":"I"}},"clearTextFirst":true,"interactionType":"ENTER_TEXT"}]}
COMMAND: POST /session/5f042fc1c64931e48653a4fe2329ff65/actions - {"actions":[{"id":"action10","type":"key","parameters":{},"actions":[{"type":"keyDown","value":"î€‡"},{"type":"pause","duration":10},{"type":"keyUp","value":"î€‡"}]}]}
RESULT: {"actions":[{"id":"action10","type":"key","parameters":{},"actions":[{"type":"keyDown","value":"î€‡"},{"type":"pause","duration":10},{"type":"keyUp","value":"î€‡"}]}]}
COMMAND: POST /session/5f042fc1c64931e48653a4fe2329ff65/element - {"using":"xpath","value":"(//span[contains(text(), \"Webdrivers5kih\")])[1]"}
COMMAND: GET /session/5f042fc1c64931e48653a4fe2329ff65/screenshot - {}
RESULT: {"using":"xpath","value":"(//span[contains(text(), \"Webdrivers5kih\")])[1]"}
COMMAND: POST /session/5f042fc1c64931e48653a4fe2329ff65/element/f.85A0C08C11805158FB40365BE7F8DFE2.d.665060175BED0939A6A7357C5CC057D4.e.4246/click - {}
RESULT: {}
RESULT: {}
COMMAND: GET /session/5f042fc1c64931e48653a4fe2329ff65/screenshot - {}
RESULT: {}
RESULT: undefined
COMMAND: POST /session/5f042fc1c64931e48653a4fe2329ff65/element - {"using":"xpath","value":"//*[@id=\"__button118\"]"}
RESULT: {"using":"xpath","value":"//*[@id=\"__button118\"]"}
COMMAND: POST /session/5f042fc1c64931e48653a4fe2329ff65/element/f.85A0C08C11805158FB40365BE7F8DFE2.d.665060175BED0939A6A7357C5CC057D4.e.4313/click - {}
RESULT: {}
COMMAND: GET /session/5f042fc1c64931e48653a4fe2329ff65/screenshot - {}
RESULT: {}
RESULT: undefined
COMMAND: POST /session/5f042fc1c64931e48653a4fe2329ff65/element - {"using":"xpath","value":"//*[@id=\"__button126-img\"]"}
RESULT: {"using":"xpath","value":"//*[@id=\"__button126-img\"]"}
COMMAND: POST /session/5f042fc1c64931e48653a4fe2329ff65/element/f.85A0C08C11805158FB40365BE7F8DFE2.d.665060175BED0939A6A7357C5CC057D4.e.4330/click - {}
RESULT: {}
COMMAND: GET /session/5f042fc1c64931e48653a4fe2329ff65/screenshot - {}
RESULT: {}
RESULT: undefined
COMMAND: POST /session/5f042fc1c64931e48653a4fe2329ff65/execute/async - {"script":"<script> [776 bytes]","args":[{"enterText":"SecondSection4kt0k","selector":{"id":"application-managecatalogs-display-component---detailCatalog--numberInput","searchOpenDialogs":true,"interaction":{"idSuffix":"inner"}},"clearTextFirst":true,"interactionType":"ENTER_TEXT"}]}
RESULT: {"script":"<script> [776 bytes]","args":[{"enterText":"SecondSection4kt0k","selector":{"id":"application-managecatalogs-display-component---detailCatalog--numberInput","searchOpenDialogs":true,"interaction":{"idSuffix":"inner"}},"clearTextFirst":true,"interactionType":"ENTER_TEXT"}]}
COMMAND: POST /session/5f042fc1c64931e48653a4fe2329ff65/element - {"using":"xpath","value":"//input[contains(@id ,\"application-managecatalogs-display-component---detailCatalog--nameInput-inner\")]"}
RESULT: {"using":"xpath","value":"//input[contains(@id ,\"application-managecatalogs-display-component---detailCatalog--nameInput-inner\")]"}
COMMAND: POST /session/5f042fc1c64931e48653a4fe2329ff65/elements - {"using":"xpath","value":"//input[contains(@id ,\"application-managecatalogs-display-component---detailCatalog--nameInput-inner\")]"}
RESULT: {"using":"xpath","value":"//input[contains(@id ,\"application-managecatalogs-display-component---detailCatalog--nameInput-inner\")]"}
COMMAND: POST /session/5f042fc1c64931e48653a4fe2329ff65/element/f.85A0C08C11805158FB40365BE7F8DFE2.d.665060175BED0939A6A7357C5CC057D4.e.4333/clear - {}
RESULT: {}
COMMAND: POST /session/5f042fc1c64931e48653a4fe2329ff65/element/f.85A0C08C11805158FB40365BE7F8DFE2.d.665060175BED0939A6A7357C5CC057D4.e.4333/value - {"text":"webdriversecondz67sw"}
COMMAND: GET /session/5f042fc1c64931e48653a4fe2329ff65/screenshot - {}
RESULT: {"text":"webdriversecondz67sw"}
RESULT: undefined
COMMAND: POST /session/5f042fc1c64931e48653a4fe2329ff65/element - {"using":"xpath","value":"//*[@id=\"__button96\"]"}
COMMAND: GET /session/5f042fc1c64931e48653a4fe2329ff65/screenshot - {}
RESULT: {}
RESULT: {"using":"xpath","value":"//*[@id=\"__button96\"]"}
COMMAND: POST /session/5f042fc1c64931e48653a4fe2329ff65/element/f.85A0C08C11805158FB40365BE7F8DFE2.d.665060175BED0939A6A7357C5CC057D4.e.4337/click - {}
RESULT: {}
RESULT: {}
COMMAND: GET /session/5f042fc1c64931e48653a4fe2329ff65/screenshot - {}
RESULT: {}
COMMAND: POST /session/5f042fc1c64931e48653a4fe2329ff65/element - {"using":"xpath","value":"//button[@title=\"Save\"]"}
RESULT: {"using":"xpath","value":"//button[@title=\"Save\"]"}
COMMAND: POST /session/5f042fc1c64931e48653a4fe2329ff65/element/f.85A0C08C11805158FB40365BE7F8DFE2.d.665060175BED0939A6A7357C5CC057D4.e.4317/click - {}
RESULT: {}
COMMAND: GET /session/5f042fc1c64931e48653a4fe2329ff65/screenshot - {}
RESULT: {}
RESULT: undefined
COMMAND: POST /session/5f042fc1c64931e48653a4fe2329ff65/element - {"using":"xpath","value":"//*[@id=\"__button121-img\"]"}
RESULT: {"using":"xpath","value":"//*[@id=\"__button121-img\"]"}
COMMAND: POST /session/5f042fc1c64931e48653a4fe2329ff65/element/f.85A0C08C11805158FB40365BE7F8DFE2.d.665060175BED0939A6A7357C5CC057D4.e.4341/click - {}
RESULT: {}
COMMAND: GET /session/5f042fc1c64931e48653a4fe2329ff65/screenshot - {}
RESULT: {}
RESULT: undefined
COMMAND: POST /session/5f042fc1c64931e48653a4fe2329ff65/element - {"using":"xpath","value":"//*[@id=\"__button94-img\"]"}
RESULT: {"using":"xpath","value":"//*[@id=\"__button94-img\"]"}
COMMAND: POST /session/5f042fc1c64931e48653a4fe2329ff65/element/f.85A0C08C11805158FB40365BE7F8DFE2.d.665060175BED0939A6A7357C5CC057D4.e.4376/click - {}
RESULT: {}
COMMAND: GET /session/5f042fc1c64931e48653a4fe2329ff65/screenshot - {}
RESULT: {}
RESULT: undefined
COMMAND: POST /session/5f042fc1c64931e48653a4fe2329ff65/execute/async - {"script":"<script> [776 bytes]","args":[{"enterText":"SecondSection4kt0k","selector":{"id":"application-managecatalogs-display-component---masterCatalogItems--searchItemsField","interaction":{"idSuffix":"I"}},"clearTextFirst":true,"interactionType":"ENTER_TEXT"}]}
RESULT: {"script":"<script> [776 bytes]","args":[{"enterText":"SecondSection4kt0k","selector":{"id":"application-managecatalogs-display-component---masterCatalogItems--searchItemsField","interaction":{"idSuffix":"I"}},"clearTextFirst":true,"interactionType":"ENTER_TEXT"}]}
COMMAND: POST /session/5f042fc1c64931e48653a4fe2329ff65/actions - {"actions":[{"id":"action11","type":"key","parameters":{},"actions":[{"type":"keyDown","value":"î€‡"},{"type":"pause","duration":10},{"type":"keyUp","value":"î€‡"}]}]}
RESULT: {"actions":[{"id":"action11","type":"key","parameters":{},"actions":[{"type":"keyDown","value":"î€‡"},{"type":"pause","duration":10},{"type":"keyUp","value":"î€‡"}]}]}
COMMAND: POST /session/5f042fc1c64931e48653a4fe2329ff65/element - {"using":"xpath","value":"(//span[contains(text(), \"SecondSection4kt0k\")])[1]"}
COMMAND: GET /session/5f042fc1c64931e48653a4fe2329ff65/screenshot - {}
RESULT: {"using":"xpath","value":"(//span[contains(text(), \"SecondSection4kt0k\")])[1]"}
COMMAND: POST /session/5f042fc1c64931e48653a4fe2329ff65/element/f.85A0C08C11805158FB40365BE7F8DFE2.d.665060175BED0939A6A7357C5CC057D4.e.4379/click - {}
RESULT: {}
RESULT: {}
COMMAND: POST /session/5f042fc1c64931e48653a4fe2329ff65/element - {"using":"xpath","value":"(//span[contains(text(), \"SecondSection4kt0k\")])[1]"}
COMMAND: GET /session/5f042fc1c64931e48653a4fe2329ff65/screenshot - {}
RESULT: {"using":"xpath","value":"(//span[contains(text(), \"SecondSection4kt0k\")])[1]"}
COMMAND: GET /session/5f042fc1c64931e48653a4fe2329ff65/element/f.85A0C08C11805158FB40365BE7F8DFE2.d.665060175BED0939A6A7357C5CC057D4.e.4379/text - {}
RESULT: {}
COMMAND: POST /session/5f042fc1c64931e48653a4fe2329ff65/element - {"using":"xpath","value":"(//span[contains(text(), \"SecondSection4kt0k\")])[1]"}
RESULT: {"using":"xpath","value":"(//span[contains(text(), \"SecondSection4kt0k\")])[1]"}
COMMAND: GET /session/5f042fc1c64931e48653a4fe2329ff65/element/f.85A0C08C11805158FB40365BE7F8DFE2.d.665060175BED0939A6A7357C5CC057D4.e.4379/text - {}
COMMAND: POST /session/5f042fc1c64931e48653a4fe2329ff65/element - {"using":"xpath","value":"(//span[contains(text(), \"SecondSection4kt0k\")])[1]"}
RESULT: {"using":"xpath","value":"(//span[contains(text(), \"SecondSection4kt0k\")])[1]"}
COMMAND: GET /session/5f042fc1c64931e48653a4fe2329ff65/element/f.85A0C08C11805158FB40365BE7F8DFE2.d.665060175BED0939A6A7357C5CC057D4.e.4431/text - {}
RESULT: {}
COMMAND: POST /session/5f042fc1c64931e48653a4fe2329ff65/refresh - {}
RESULT: {}
COMMAND: GET /session/5f042fc1c64931e48653a4fe2329ff65/screenshot - {}
RESULT: {}
COMMAND: POST /session/5f042fc1c64931e48653a4fe2329ff65/execute/async - {"script":"<script> [189 bytes]","args":[]}
RESULT: {"script":"<script> [189 bytes]","args":[]}
COMMAND: POST /session/5f042fc1c64931e48653a4fe2329ff65/execute/async - {"script":"<script> [123 bytes]","args":[]}
RESULT: {"script":"<script> [123 bytes]","args":[]}
COMMAND: POST /session/5f042fc1c64931e48653a4fe2329ff65/timeouts - {"script":"<number>"}
RESULT: {"script":"<number>"}
COMMAND: GET /session/5f042fc1c64931e48653a4fe2329ff65/timeouts - {}
RESULT: {}
RESULT: undefined
COMMAND: POST /session/5f042fc1c64931e48653a4fe2329ff65/execute/async - {"script":"<script> [2676 bytes]","args":[]}
RESULT: {"script":"<script> [2676 bytes]","args":[]}
COMMAND: POST /session/5f042fc1c64931e48653a4fe2329ff65/execute/async - {"script":"<script> [2342 bytes]","args":[{"protocol":"http","hostname":"0.0.0.0","path":"/","capabilities":{"browserName":"chrome","goog:chromeOptions":{"binary":"C:\\Program Files\\Google\\Chrome\\Application\\chrome.exe","args":["--start-maximized"]}},"logLevel":"warn","connectionRetryTimeout":120000,"connectionRetryCount":3,"logLevels":{},"enableDirectConnect":true,"strictSSL":true,"_":"65 more keys: [\"cacheDir\",\"port\",\"requestedCapabilities\",\"automationProtocol\",\"baseUrl\",\"waitforInterval\",\"waitforTimeout\",\"onReload\",\"beforeCommand\",\"afterCommand\",\"rootDir\",\"specs\",\"suites\",\"exclude\",\"groupLogsByTestSpec\",\"excludeDriverLogs\",\"bail\",\"framework\",\"reporters\",\"services\",\"maxInstances\",\"maxInstancesPerCapability\",\"injectGlobals\",\"filesToWatch\",\"execArgv\",\"runnerEnv\",\"runner\",\"shard\",\"specFileRetries\",\"specFileRetriesDelay\",\"specFileRetriesDeferred\",\"reporterSyncInterval\",\"reporterSyncTimeout\",\"cucumberFeaturesWithLineNumbers\",\"autoCompileOpts\",\"mochaOpts\",\"jasmineOpts\",\"cucumberOpts\",\"onPrepare\",\"onWorkerStart\",\"onWorkerEnd\",\"before\",\"beforeSession\",\"beforeSuite\",\"beforeHook\",\"beforeTest\",\"afterTest\",\"afterHook\",\"afterSuite\",\"afterSession\",\"after\",\"onComplete\",\"beforeAssertion\",\"afterAssertion\",\"beforeFeature\",\"beforeScenario\",\"beforeStep\",\"afterStep\",\"afterScenario\",\"afterFeature\",\"_\",\"suite\",\"$0\",\"ignoredWorkerServices\",\"wdi5\"]"}]}
RESULT: {"script":"<script> [2342 bytes]","args":[{"protocol":"http","hostname":"0.0.0.0","path":"/","capabilities":{"browserName":"chrome","goog:chromeOptions":{"binary":"C:\\Program Files\\Google\\Chrome\\Application\\chrome.exe","args":["--start-maximized"]}},"logLevel":"warn","connectionRetryTimeout":120000,"connectionRetryCount":3,"logLevels":{},"enableDirectConnect":true,"strictSSL":true,"_":"65 more keys: [\"cacheDir\",\"port\",\"requestedCapabilities\",\"automationProtocol\",\"baseUrl\",\"waitforInterval\",\"waitforTimeout\",\"onReload\",\"beforeCommand\",\"afterCommand\",\"rootDir\",\"specs\",\"suites\",\"exclude\",\"groupLogsByTestSpec\",\"excludeDriverLogs\",\"bail\",\"framework\",\"reporters\",\"services\",\"maxInstances\",\"maxInstancesPerCapability\",\"injectGlobals\",\"filesToWatch\",\"execArgv\",\"runnerEnv\",\"runner\",\"shard\",\"specFileRetries\",\"specFileRetriesDelay\",\"specFileRetriesDeferred\",\"reporterSyncInterval\",\"reporterSyncTimeout\",\"cucumberFeaturesWithLineNumbers\",\"autoCompileOpts\",\"mochaOpts\",\"jasmineOpts\",\"cucumberOpts\",\"onPrepare\",\"onWorkerStart\",\"onWorkerEnd\",\"before\",\"beforeSession\",\"beforeSuite\",\"beforeHook\",\"beforeTest\",\"afterTest\",\"afterHook\",\"afterSuite\",\"afterSession\",\"after\",\"onComplete\",\"beforeAssertion\",\"afterAssertion\",\"beforeFeature\",\"beforeScenario\",\"beforeStep\",\"afterStep\",\"afterScenario\",\"afterFeature\",\"_\",\"suite\",\"$0\",\"ignoredWorkerServices\",\"wdi5\"]"}]}
COMMAND: POST /session/5f042fc1c64931e48653a4fe2329ff65/execute/async - {"script":"<script> [21126 bytes]","args":[35000]}
RESULT: {"script":"<script> [21126 bytes]","args":[35000]}
COMMAND: POST /session/5f042fc1c64931e48653a4fe2329ff65/execute/async - {"script":"<script> [1562 bytes]","args":[{"selector":{"controlType":"sap.m.Button","viewName":"etm.portal.ui.managecatalogs.view.Detail","viewId":"application-managecatalogs-display-component---detailCatalog","i18NText":{"propertyName":"text","key":"edit"},"interaction":{"idSuffix":"BDI-content"}},"wdio_ui5_key":"etmportal.ui.managecatalogs.view.Detailsap.m.Button{\"propertyName\":\"text\",\"key\":\"edit\"}"}]}
RESULT: {"script":"<script> [1562 bytes]","args":[{"selector":{"controlType":"sap.m.Button","viewName":"etm.portal.ui.managecatalogs.view.Detail","viewId":"application-managecatalogs-display-component---detailCatalog","i18NText":{"propertyName":"text","key":"edit"},"interaction":{"idSuffix":"BDI-content"}},"wdio_ui5_key":"etmportal.ui.managecatalogs.view.Detailsap.m.Button{\"propertyName\":\"text\",\"key\":\"edit\"}"}]}
RESULT: undefined
COMMAND: POST /session/5f042fc1c64931e48653a4fe2329ff65/element - {"using":"xpath","value":"//*[@id=\"__button25\"]"}
RESULT: {"using":"xpath","value":"//*[@id=\"__button25\"]"}
COMMAND: POST /session/5f042fc1c64931e48653a4fe2329ff65/element/f.85A0C08C11805158FB40365BE7F8DFE2.d.673C1F728C97BA0B81AC9619757B37CF.e.4490/click - {}
RESULT: {}
COMMAND: GET /session/5f042fc1c64931e48653a4fe2329ff65/screenshot - {}
RESULT: {}
COMMAND: POST /session/5f042fc1c64931e48653a4fe2329ff65/element - {"using":"xpath","value":"//button[contains(@title ,\"Create Catalog Item\")]"}
RESULT: {"using":"xpath","value":"//button[contains(@title ,\"Create Catalog Item\")]"}
COMMAND: POST /session/5f042fc1c64931e48653a4fe2329ff65/element/f.85A0C08C11805158FB40365BE7F8DFE2.d.673C1F728C97BA0B81AC9619757B37CF.e.4494/click - {}
RESULT: {}
COMMAND: POST /session/5f042fc1c64931e48653a4fe2329ff65/execute/async - {"script":"<script> [1562 bytes]","args":[{"selector":{"id":"application-managecatalogs-display-component---detailCatalog--newItemNumberInput","searchOpenDialogs":true,"interaction":{"idSuffix":"inner"}},"wdio_ui5_key":"applicationmanagecatalogs-display-component---detailCatalog--newItemNumberInput"}]}
COMMAND: GET /session/5f042fc1c64931e48653a4fe2329ff65/screenshot - {}
RESULT: {"script":"<script> [1562 bytes]","args":[{"selector":{"id":"application-managecatalogs-display-component---detailCatalog--newItemNumberInput","searchOpenDialogs":true,"interaction":{"idSuffix":"inner"}},"wdio_ui5_key":"applicationmanagecatalogs-display-component---detailCatalog--newItemNumberInput"}]}
RESULT: undefined
COMMAND: POST /session/5f042fc1c64931e48653a4fe2329ff65/execute/async - {"script":"<script> [776 bytes]","args":[{"enterText":"catalogItemk28mg","selector":{"id":"application-managecatalogs-display-component---detailCatalog--newItemNumberInput","searchOpenDialogs":true,"interaction":{"idSuffix":"inner"}},"clearTextFirst":true,"interactionType":"ENTER_TEXT"}]}
RESULT: {}
RESULT: {"script":"<script> [776 bytes]","args":[{"enterText":"catalogItemk28mg","selector":{"id":"application-managecatalogs-display-component---detailCatalog--newItemNumberInput","searchOpenDialogs":true,"interaction":{"idSuffix":"inner"}},"clearTextFirst":true,"interactionType":"ENTER_TEXT"}]}
COMMAND: POST /session/5f042fc1c64931e48653a4fe2329ff65/execute/async - {"script":"<script> [1562 bytes]","args":[{"selector":{"controlType":"sap.m.Input","viewName":"etm.portal.ui.managecatalogs.view.Detail","viewId":"application-managecatalogs-display-component---detailCatalog","bindingPath":{"path":"","propertyPath":"/DESCRIPTION"},"searchOpenDialogs":true,"interaction":{"idSuffix":"inner"}},"wdio_ui5_key":"etmportal.ui.managecatalogs.view.Detailsap.m.Input{\"path\":\"\",\"propertyPath\":\"/DESCRIPTION\"}"}]}
RESULT: {"script":"<script> [1562 bytes]","args":[{"selector":{"controlType":"sap.m.Input","viewName":"etm.portal.ui.managecatalogs.view.Detail","viewId":"application-managecatalogs-display-component---detailCatalog","bindingPath":{"path":"","propertyPath":"/DESCRIPTION"},"searchOpenDialogs":true,"interaction":{"idSuffix":"inner"}},"wdio_ui5_key":"etmportal.ui.managecatalogs.view.Detailsap.m.Input{\"path\":\"\",\"propertyPath\":\"/DESCRIPTION\"}"}]}
RESULT: undefined
COMMAND: POST /session/5f042fc1c64931e48653a4fe2329ff65/execute/async - {"script":"<script> [776 bytes]","args":[{"enterText":"catalogItemNamem1aps","selector":{"controlType":"sap.m.Input","viewName":"etm.portal.ui.managecatalogs.view.Detail","viewId":"application-managecatalogs-display-component---detailCatalog","bindingPath":{"path":"","propertyPath":"/DESCRIPTION"},"searchOpenDialogs":true,"interaction":{"idSuffix":"inner"}},"clearTextFirst":true,"interactionType":"ENTER_TEXT"}]}
RESULT: {"script":"<script> [776 bytes]","args":[{"enterText":"catalogItemNamem1aps","selector":{"controlType":"sap.m.Input","viewName":"etm.portal.ui.managecatalogs.view.Detail","viewId":"application-managecatalogs-display-component---detailCatalog","bindingPath":{"path":"","propertyPath":"/DESCRIPTION"},"searchOpenDialogs":true,"interaction":{"idSuffix":"inner"}},"clearTextFirst":true,"interactionType":"ENTER_TEXT"}]}
COMMAND: POST /session/5f042fc1c64931e48653a4fe2329ff65/actions - {"actions":[{"id":"action12","type":"key","parameters":{},"actions":[{"type":"keyDown","value":"î€„"},{"type":"pause","duration":10},{"type":"keyUp","value":"î€„"}]}]}
RESULT: {"actions":[{"id":"action12","type":"key","parameters":{},"actions":[{"type":"keyDown","value":"î€„"},{"type":"pause","duration":10},{"type":"keyUp","value":"î€„"}]}]}
COMMAND: GET /session/5f042fc1c64931e48653a4fe2329ff65/screenshot - {}
RESULT: {}
COMMAND: POST /session/5f042fc1c64931e48653a4fe2329ff65/actions - {"actions":[{"id":"action13","type":"key","parameters":{},"actions":[{"type":"keyDown","value":"î€‡"},{"type":"pause","duration":10},{"type":"keyUp","value":"î€‡"}]}]}
RESULT: {"actions":[{"id":"action13","type":"key","parameters":{},"actions":[{"type":"keyDown","value":"î€‡"},{"type":"pause","duration":10},{"type":"keyUp","value":"î€‡"}]}]}
COMMAND: GET /session/5f042fc1c64931e48653a4fe2329ff65/screenshot - {}
RESULT: {}
COMMAND: POST /session/5f042fc1c64931e48653a4fe2329ff65/element - {"using":"xpath","value":"//button[@title=\"Save\"]"}
RESULT: {"using":"xpath","value":"//button[@title=\"Save\"]"}
COMMAND: POST /session/5f042fc1c64931e48653a4fe2329ff65/element/f.85A0C08C11805158FB40365BE7F8DFE2.d.673C1F728C97BA0B81AC9619757B37CF.e.4503/click - {}
RESULT: {}
COMMAND: GET /session/5f042fc1c64931e48653a4fe2329ff65/screenshot - {}
RESULT: {}
COMMAND: POST /session/5f042fc1c64931e48653a4fe2329ff65/execute/async - {"script":"<script> [1562 bytes]","args":[{"selector":{"controlType":"sap.ui.core.Icon","viewName":"etm.portal.ui.managecatalogs.view.Detail","viewId":"application-managecatalogs-display-component---detailCatalog","properties":{"src":{"regex":{"source":"decline"}}}},"wdio_ui5_key":"etmportal.ui.managecatalogs.view.Detailsap.ui.core.Icon{\"src\":{\"regex\":{\"source\":\"decline\"}}}"}]}
RESULT: {"script":"<script> [1562 bytes]","args":[{"selector":{"controlType":"sap.ui.core.Icon","viewName":"etm.portal.ui.managecatalogs.view.Detail","viewId":"application-managecatalogs-display-component---detailCatalog","properties":{"src":{"regex":{"source":"decline"}}}},"wdio_ui5_key":"etmportal.ui.managecatalogs.view.Detailsap.ui.core.Icon{\"src\":{\"regex\":{\"source\":\"decline\"}}}"}]}
RESULT: undefined
COMMAND: POST /session/5f042fc1c64931e48653a4fe2329ff65/element - {"using":"xpath","value":"//*[@id=\"__button28-img\"]"}
RESULT: {"using":"xpath","value":"//*[@id=\"__button28-img\"]"}
COMMAND: POST /session/5f042fc1c64931e48653a4fe2329ff65/element/f.85A0C08C11805158FB40365BE7F8DFE2.d.673C1F728C97BA0B81AC9619757B37CF.e.4508/click - {}
RESULT: {}
COMMAND: GET /session/5f042fc1c64931e48653a4fe2329ff65/screenshot - {}
RESULT: {}
COMMAND: POST /session/5f042fc1c64931e48653a4fe2329ff65/execute/async - {"script":"<script> [1562 bytes]","args":[{"selector":{"controlType":"sap.ui.core.Icon","viewName":"etm.portal.ui.managecatalogs.view.MasterItems","viewId":"application-managecatalogs-display-component---masterCatalogItems","properties":{"src":{"regex":{"source":"refresh"}}}},"wdio_ui5_key":"etmportal.ui.managecatalogs.view.MasterItemssap.ui.core.Icon{\"src\":{\"regex\":{\"source\":\"refresh\"}}}"}]}
RESULT: {"script":"<script> [1562 bytes]","args":[{"selector":{"controlType":"sap.ui.core.Icon","viewName":"etm.portal.ui.managecatalogs.view.MasterItems","viewId":"application-managecatalogs-display-component---masterCatalogItems","properties":{"src":{"regex":{"source":"refresh"}}}},"wdio_ui5_key":"etmportal.ui.managecatalogs.view.MasterItemssap.ui.core.Icon{\"src\":{\"regex\":{\"source\":\"refresh\"}}}"}]}
RESULT: undefined
COMMAND: POST /session/5f042fc1c64931e48653a4fe2329ff65/element - {"using":"xpath","value":"//*[@id=\"__button1-img\"]"}
RESULT: {"using":"xpath","value":"//*[@id=\"__button1-img\"]"}
COMMAND: POST /session/5f042fc1c64931e48653a4fe2329ff65/element/f.85A0C08C11805158FB40365BE7F8DFE2.d.673C1F728C97BA0B81AC9619757B37CF.e.4514/click - {}
RESULT: {}
COMMAND: GET /session/5f042fc1c64931e48653a4fe2329ff65/screenshot - {}
RESULT: {}
COMMAND: POST /session/5f042fc1c64931e48653a4fe2329ff65/execute/async - {"script":"<script> [1562 bytes]","args":[{"selector":{"id":"application-managecatalogs-display-component---masterCatalogItems--searchItemsField","interaction":{"idSuffix":"I"}},"wdio_ui5_key":"applicationmanagecatalogs-display-component---masterCatalogItems--searchItemsField"}]}
RESULT: {"script":"<script> [1562 bytes]","args":[{"selector":{"id":"application-managecatalogs-display-component---masterCatalogItems--searchItemsField","interaction":{"idSuffix":"I"}},"wdio_ui5_key":"applicationmanagecatalogs-display-component---masterCatalogItems--searchItemsField"}]}
RESULT: undefined
COMMAND: POST /session/5f042fc1c64931e48653a4fe2329ff65/execute/async - {"script":"<script> [776 bytes]","args":[{"enterText":"catalogItemNamem1aps","selector":{"id":"application-managecatalogs-display-component---masterCatalogItems--searchItemsField","interaction":{"idSuffix":"I"}},"clearTextFirst":true,"interactionType":"ENTER_TEXT"}]}
RESULT: {"script":"<script> [776 bytes]","args":[{"enterText":"catalogItemNamem1aps","selector":{"id":"application-managecatalogs-display-component---masterCatalogItems--searchItemsField","interaction":{"idSuffix":"I"}},"clearTextFirst":true,"interactionType":"ENTER_TEXT"}]}
COMMAND: POST /session/5f042fc1c64931e48653a4fe2329ff65/actions - {"actions":[{"id":"action14","type":"key","parameters":{},"actions":[{"type":"keyDown","value":"î€‡"},{"type":"pause","duration":10},{"type":"keyUp","value":"î€‡"}]}]}
RESULT: {"actions":[{"id":"action14","type":"key","parameters":{},"actions":[{"type":"keyDown","value":"î€‡"},{"type":"pause","duration":10},{"type":"keyUp","value":"î€‡"}]}]}
COMMAND: POST /session/5f042fc1c64931e48653a4fe2329ff65/element - {"using":"xpath","value":"(//span[contains(text(), \"catalogItemNamem1aps\")])[1]"}
COMMAND: GET /session/5f042fc1c64931e48653a4fe2329ff65/screenshot - {}
RESULT: {"using":"xpath","value":"(//span[contains(text(), \"catalogItemNamem1aps\")])[1]"}
COMMAND: POST /session/5f042fc1c64931e48653a4fe2329ff65/element/f.85A0C08C11805158FB40365BE7F8DFE2.d.673C1F728C97BA0B81AC9619757B37CF.e.4551/click - {}
RESULT: {}
RESULT: {}
COMMAND: GET /session/5f042fc1c64931e48653a4fe2329ff65/screenshot - {}
RESULT: {}
COMMAND: POST /session/5f042fc1c64931e48653a4fe2329ff65/element - {"using":"xpath","value":"//span[contains(text(), \"catalogItemk28mg\")]"}
RESULT: {"using":"xpath","value":"//span[contains(text(), \"catalogItemk28mg\")]"}
COMMAND: GET /session/5f042fc1c64931e48653a4fe2329ff65/element/f.85A0C08C11805158FB40365BE7F8DFE2.d.673C1F728C97BA0B81AC9619757B37CF.e.4612/text - {}
RESULT: {}
]]></system-out>
    </testcase>
    <testcase classname="chrome.136_0_7103_49.windows.Standard_contract_-_add_contract_items_by_Insert_Request_US118222" name="Should assign resources to the catalog item" time="50.625">
      <system-out><![CDATA[
RESULT: undefined
COMMAND: POST /session/5f042fc1c64931e48653a4fe2329ff65/element - {"using":"xpath","value":"//*[@id=\"__button25\"]"}
RESULT: {"using":"xpath","value":"//*[@id=\"__button25\"]"}
COMMAND: POST /session/5f042fc1c64931e48653a4fe2329ff65/element/f.85A0C08C11805158FB40365BE7F8DFE2.d.673C1F728C97BA0B81AC9619757B37CF.e.4613/click - {}
RESULT: {}
COMMAND: GET /session/5f042fc1c64931e48653a4fe2329ff65/screenshot - {}
RESULT: {}
COMMAND: POST /session/5f042fc1c64931e48653a4fe2329ff65/execute/async - {"script":"<script> [1562 bytes]","args":[{"selector":{"id":"application-managecatalogs-display-component---detailCatalog--BASE_UNIT_OF_MEASURE-arrow"},"wdio_ui5_key":"applicationmanagecatalogs-display-component---detailCatalog--BASE_UNIT_OF_MEASURE-arrow"}]}
RESULT: {"script":"<script> [1562 bytes]","args":[{"selector":{"id":"application-managecatalogs-display-component---detailCatalog--BASE_UNIT_OF_MEASURE-arrow"},"wdio_ui5_key":"applicationmanagecatalogs-display-component---detailCatalog--BASE_UNIT_OF_MEASURE-arrow"}]}
RESULT: undefined
COMMAND: POST /session/5f042fc1c64931e48653a4fe2329ff65/element - {"using":"xpath","value":"//*[@id=\"application-managecatalogs-display-component---detailCatalog--BASE_UNIT_OF_MEASURE-arrow\"]"}
RESULT: {"using":"xpath","value":"//*[@id=\"application-managecatalogs-display-component---detailCatalog--BASE_UNIT_OF_MEASURE-arrow\"]"}
COMMAND: POST /session/5f042fc1c64931e48653a4fe2329ff65/element/f.85A0C08C11805158FB40365BE7F8DFE2.d.673C1F728C97BA0B81AC9619757B37CF.e.4640/click - {}
RESULT: {}
COMMAND: POST /session/5f042fc1c64931e48653a4fe2329ff65/execute/async - {"script":"<script> [1562 bytes]","args":[{"selector":{"controlType":"sap.m.StandardListItem","viewName":"etm.portal.ui.managecatalogs.view.Detail","viewId":"application-managecatalogs-display-component---detailCatalog","properties":{"title":"Piece"},"searchOpenDialogs":true,"interaction":{"idSuffix":"titleText"}},"wdio_ui5_key":"etmportal.ui.managecatalogs.view.Detailsap.m.StandardListItem{\"title\":\"Piece\"}"}]}
COMMAND: GET /session/5f042fc1c64931e48653a4fe2329ff65/screenshot - {}
RESULT: {"script":"<script> [1562 bytes]","args":[{"selector":{"controlType":"sap.m.StandardListItem","viewName":"etm.portal.ui.managecatalogs.view.Detail","viewId":"application-managecatalogs-display-component---detailCatalog","properties":{"title":"Piece"},"searchOpenDialogs":true,"interaction":{"idSuffix":"titleText"}},"wdio_ui5_key":"etmportal.ui.managecatalogs.view.Detailsap.m.StandardListItem{\"title\":\"Piece\"}"}]}
RESULT: undefined
COMMAND: POST /session/5f042fc1c64931e48653a4fe2329ff65/element - {"using":"xpath","value":"//*[@id=\"__item227\"]"}
RESULT: {}
RESULT: {"using":"xpath","value":"//*[@id=\"__item227\"]"}
COMMAND: POST /session/5f042fc1c64931e48653a4fe2329ff65/element/f.85A0C08C11805158FB40365BE7F8DFE2.d.673C1F728C97BA0B81AC9619757B37CF.e.4642/click - {}
RESULT: {}
COMMAND: POST /session/5f042fc1c64931e48653a4fe2329ff65/execute/async - {"script":"<script> [1562 bytes]","args":[{"selector":{"id":"application-managecatalogs-display-component---detailCatalog--ObjectPageLayout-anchBar-application-managecatalogs-display-component---detailCatalog--sectionRUs-anchor","interaction":{"idSuffix":"BDI-content"}},"wdio_ui5_key":"applicationmanagecatalogs-display-component---detailCatalog--ObjectPageLayout-anchBar-application-managecatalogs-display-component---detailCatalog--sectionRUs-anchor"}]}
COMMAND: GET /session/5f042fc1c64931e48653a4fe2329ff65/screenshot - {}
RESULT: {"script":"<script> [1562 bytes]","args":[{"selector":{"id":"application-managecatalogs-display-component---detailCatalog--ObjectPageLayout-anchBar-application-managecatalogs-display-component---detailCatalog--sectionRUs-anchor","interaction":{"idSuffix":"BDI-content"}},"wdio_ui5_key":"applicationmanagecatalogs-display-component---detailCatalog--ObjectPageLayout-anchBar-application-managecatalogs-display-component---detailCatalog--sectionRUs-anchor"}]}
RESULT: undefined
COMMAND: POST /session/5f042fc1c64931e48653a4fe2329ff65/element - {"using":"xpath","value":"//*[@id=\"application-managecatalogs-display-component---detailCatalog--ObjectPageLayout-anchBar-application-managecatalogs-display-component---detailCatalog--sectionRUs-anchor\"]"}
RESULT: {}
RESULT: {"using":"xpath","value":"//*[@id=\"application-managecatalogs-display-component---detailCatalog--ObjectPageLayout-anchBar-application-managecatalogs-display-component---detailCatalog--sectionRUs-anchor\"]"}
COMMAND: POST /session/5f042fc1c64931e48653a4fe2329ff65/element/f.85A0C08C11805158FB40365BE7F8DFE2.d.673C1F728C97BA0B81AC9619757B37CF.e.4644/click - {}
RESULT: {}
COMMAND: POST /session/5f042fc1c64931e48653a4fe2329ff65/element - {"using":"xpath","value":"//button[contains(@data-kt ,\"catalogItemAssignRuButton\")]"}
COMMAND: GET /session/5f042fc1c64931e48653a4fe2329ff65/screenshot - {}
RESULT: {"using":"xpath","value":"//button[contains(@data-kt ,\"catalogItemAssignRuButton\")]"}
COMMAND: POST /session/5f042fc1c64931e48653a4fe2329ff65/element/f.85A0C08C11805158FB40365BE7F8DFE2.d.673C1F728C97BA0B81AC9619757B37CF.e.4650/click - {}
RESULT: {}
RESULT: {}
COMMAND: GET /session/5f042fc1c64931e48653a4fe2329ff65/screenshot - {}
RESULT: {}
COMMAND: POST /session/5f042fc1c64931e48653a4fe2329ff65/actions - {"actions":[{"id":"action15","type":"key","parameters":{},"actions":[{"type":"keyDown","value":"î€‡"},{"type":"pause","duration":10},{"type":"keyUp","value":"î€‡"}]}]}
RESULT: {"actions":[{"id":"action15","type":"key","parameters":{},"actions":[{"type":"keyDown","value":"î€‡"},{"type":"pause","duration":10},{"type":"keyUp","value":"î€‡"}]}]}
COMMAND: POST /session/5f042fc1c64931e48653a4fe2329ff65/execute/async - {"script":"<script> [1562 bytes]","args":[{"selector":{"id":"application-managecatalogs-display-component---detailCatalog--assignRUSearchField-vhi","searchOpenDialogs":true},"wdio_ui5_key":"applicationmanagecatalogs-display-component---detailCatalog--assignRUSearchField-vhi"}]}
COMMAND: GET /session/5f042fc1c64931e48653a4fe2329ff65/screenshot - {}
RESULT: {"script":"<script> [1562 bytes]","args":[{"selector":{"id":"application-managecatalogs-display-component---detailCatalog--assignRUSearchField-vhi","searchOpenDialogs":true},"wdio_ui5_key":"applicationmanagecatalogs-display-component---detailCatalog--assignRUSearchField-vhi"}]}
RESULT: undefined
COMMAND: POST /session/5f042fc1c64931e48653a4fe2329ff65/element - {"using":"xpath","value":"//*[@id=\"application-managecatalogs-display-component---detailCatalog--assignRUSearchField-vhi\"]"}
RESULT: {}
RESULT: {"using":"xpath","value":"//*[@id=\"application-managecatalogs-display-component---detailCatalog--assignRUSearchField-vhi\"]"}
COMMAND: POST /session/5f042fc1c64931e48653a4fe2329ff65/element/f.85A0C08C11805158FB40365BE7F8DFE2.d.673C1F728C97BA0B81AC9619757B37CF.e.4669/click - {}
RESULT: {}
COMMAND: GET /session/5f042fc1c64931e48653a4fe2329ff65/screenshot - {}
RESULT: {}
COMMAND: POST /session/5f042fc1c64931e48653a4fe2329ff65/element - {"using":"xpath","value":"//input[contains(@id ,\"searchField-I\")]"}
RESULT: {"using":"xpath","value":"//input[contains(@id ,\"searchField-I\")]"}
COMMAND: POST /session/5f042fc1c64931e48653a4fe2329ff65/element/f.85A0C08C11805158FB40365BE7F8DFE2.d.673C1F728C97BA0B81AC9619757B37CF.e.4673/clear - {}
RESULT: {}
COMMAND: POST /session/5f042fc1c64931e48653a4fe2329ff65/element/f.85A0C08C11805158FB40365BE7F8DFE2.d.673C1F728C97BA0B81AC9619757B37CF.e.4673/value - {"text":"WdIOR2cEquip68k75"}
COMMAND: GET /session/5f042fc1c64931e48653a4fe2329ff65/screenshot - {}
RESULT: {"text":"WdIOR2cEquip68k75"}
COMMAND: GET /session/5f042fc1c64931e48653a4fe2329ff65/screenshot - {}
RESULT: {}
RESULT: {}
COMMAND: POST /session/5f042fc1c64931e48653a4fe2329ff65/actions - {"actions":[{"id":"action16","type":"key","parameters":{},"actions":[{"type":"keyDown","value":"î€‡"},{"type":"pause","duration":10},{"type":"keyUp","value":"î€‡"}]}]}
RESULT: {"actions":[{"id":"action16","type":"key","parameters":{},"actions":[{"type":"keyDown","value":"î€‡"},{"type":"pause","duration":10},{"type":"keyUp","value":"î€‡"}]}]}
COMMAND: GET /session/5f042fc1c64931e48653a4fe2329ff65/screenshot - {}
RESULT: {}
COMMAND: POST /session/5f042fc1c64931e48653a4fe2329ff65/actions - {"actions":[{"id":"action17","type":"key","parameters":{},"actions":[{"type":"keyDown","value":"î€„"},{"type":"pause","duration":10},{"type":"keyUp","value":"î€„"}]}]}
RESULT: {"actions":[{"id":"action17","type":"key","parameters":{},"actions":[{"type":"keyDown","value":"î€„"},{"type":"pause","duration":10},{"type":"keyUp","value":"î€„"}]}]}
COMMAND: GET /session/5f042fc1c64931e48653a4fe2329ff65/screenshot - {}
RESULT: {}
COMMAND: POST /session/5f042fc1c64931e48653a4fe2329ff65/actions - {"actions":[{"id":"action18","type":"key","parameters":{},"actions":[{"type":"keyDown","value":"î€‡"},{"type":"pause","duration":10},{"type":"keyUp","value":"î€‡"}]}]}
RESULT: {"actions":[{"id":"action18","type":"key","parameters":{},"actions":[{"type":"keyDown","value":"î€‡"},{"type":"pause","duration":10},{"type":"keyUp","value":"î€‡"}]}]}
COMMAND: GET /session/5f042fc1c64931e48653a4fe2329ff65/screenshot - {}
RESULT: {}
COMMAND: POST /session/5f042fc1c64931e48653a4fe2329ff65/element - {"using":"xpath","value":"//bdi[contains(@id ,\"application-managecatalogs-display-component---detailCatalog--RUAssignmentSaveButton-BDI-content\")]"}
RESULT: {"using":"xpath","value":"//bdi[contains(@id ,\"application-managecatalogs-display-component---detailCatalog--RUAssignmentSaveButton-BDI-content\")]"}
COMMAND: POST /session/5f042fc1c64931e48653a4fe2329ff65/element/f.85A0C08C11805158FB40365BE7F8DFE2.d.673C1F728C97BA0B81AC9619757B37CF.e.4706/click - {}
RESULT: {}
COMMAND: GET /session/5f042fc1c64931e48653a4fe2329ff65/screenshot - {}
RESULT: {}
COMMAND: POST /session/5f042fc1c64931e48653a4fe2329ff65/element - {"using":"xpath","value":"//bdi[contains(@id ,\"application-managecatalogs-display-component---detailCatalog--ObjectPageLayout-anchBar-application-managecatalogs-display-component---detailCatalog--sectionRUs-anchor-BDI-content\")]"}
RESULT: {"using":"xpath","value":"//bdi[contains(@id ,\"application-managecatalogs-display-component---detailCatalog--ObjectPageLayout-anchBar-application-managecatalogs-display-component---detailCatalog--sectionRUs-anchor-BDI-content\")]"}
COMMAND: POST /session/5f042fc1c64931e48653a4fe2329ff65/element/f.85A0C08C11805158FB40365BE7F8DFE2.d.673C1F728C97BA0B81AC9619757B37CF.e.4732/click - {}
RESULT: {}
COMMAND: GET /session/5f042fc1c64931e48653a4fe2329ff65/screenshot - {}
RESULT: {}
COMMAND: POST /session/5f042fc1c64931e48653a4fe2329ff65/element - {"using":"xpath","value":"//button[contains(@data-kt ,\"catalogItemAssignRuButton\")]"}
RESULT: {"using":"xpath","value":"//button[contains(@data-kt ,\"catalogItemAssignRuButton\")]"}
COMMAND: POST /session/5f042fc1c64931e48653a4fe2329ff65/element/f.85A0C08C11805158FB40365BE7F8DFE2.d.673C1F728C97BA0B81AC9619757B37CF.e.4650/click - {}
RESULT: {}
COMMAND: GET /session/5f042fc1c64931e48653a4fe2329ff65/screenshot - {}
RESULT: {}
COMMAND: POST /session/5f042fc1c64931e48653a4fe2329ff65/actions - {"actions":[{"id":"action19","type":"key","parameters":{},"actions":[{"type":"keyDown","value":"î€‡"},{"type":"pause","duration":10},{"type":"keyUp","value":"î€‡"}]}]}
RESULT: {"actions":[{"id":"action19","type":"key","parameters":{},"actions":[{"type":"keyDown","value":"î€‡"},{"type":"pause","duration":10},{"type":"keyUp","value":"î€‡"}]}]}
RESULT: undefined
COMMAND: POST /session/5f042fc1c64931e48653a4fe2329ff65/element - {"using":"xpath","value":"//*[@id=\"application-managecatalogs-display-component---detailCatalog--assignRUSearchField-vhi\"]"}
COMMAND: GET /session/5f042fc1c64931e48653a4fe2329ff65/screenshot - {}
RESULT: {"using":"xpath","value":"//*[@id=\"application-managecatalogs-display-component---detailCatalog--assignRUSearchField-vhi\"]"}
COMMAND: POST /session/5f042fc1c64931e48653a4fe2329ff65/elements - {"using":"xpath","value":"//*[@id=\"application-managecatalogs-display-component---detailCatalog--assignRUSearchField-vhi\"]"}
RESULT: {}
RESULT: {"using":"xpath","value":"//*[@id=\"application-managecatalogs-display-component---detailCatalog--assignRUSearchField-vhi\"]"}
COMMAND: POST /session/5f042fc1c64931e48653a4fe2329ff65/element - {"using":"xpath","value":"//*[@id=\"application-managecatalogs-display-component---detailCatalog--assignRUSearchField-vhi\"]"}
RESULT: {"using":"xpath","value":"//*[@id=\"application-managecatalogs-display-component---detailCatalog--assignRUSearchField-vhi\"]"}
COMMAND: POST /session/5f042fc1c64931e48653a4fe2329ff65/element/f.85A0C08C11805158FB40365BE7F8DFE2.d.673C1F728C97BA0B81AC9619757B37CF.e.4750/click - {}
RESULT: {}
COMMAND: POST /session/5f042fc1c64931e48653a4fe2329ff65/execute/async - {"script":"<script> [1562 bytes]","args":[{"selector":{"controlType":"sap.m.SearchField","viewName":"etm.portal.ui.managecatalogs.view.Detail","viewId":"application-managecatalogs-display-component---detailCatalog","searchOpenDialogs":true,"interaction":{"idSuffix":"I"}},"wdio_ui5_key":"etmportal.ui.managecatalogs.view.Detailsap.m.SearchField"}]}
COMMAND: GET /session/5f042fc1c64931e48653a4fe2329ff65/screenshot - {}
RESULT: {"script":"<script> [1562 bytes]","args":[{"selector":{"controlType":"sap.m.SearchField","viewName":"etm.portal.ui.managecatalogs.view.Detail","viewId":"application-managecatalogs-display-component---detailCatalog","searchOpenDialogs":true,"interaction":{"idSuffix":"I"}},"wdio_ui5_key":"etmportal.ui.managecatalogs.view.Detailsap.m.SearchField"}]}
RESULT: undefined
COMMAND: POST /session/5f042fc1c64931e48653a4fe2329ff65/execute/async - {"script":"<script> [776 bytes]","args":[{"enterText":"WebdriverRUR2Csduqk","selector":{"controlType":"sap.m.SearchField","viewName":"etm.portal.ui.managecatalogs.view.Detail","viewId":"application-managecatalogs-display-component---detailCatalog","searchOpenDialogs":true,"interaction":{"idSuffix":"I"}},"clearTextFirst":true,"interactionType":"ENTER_TEXT"}]}
RESULT: {}
RESULT: {"script":"<script> [776 bytes]","args":[{"enterText":"WebdriverRUR2Csduqk","selector":{"controlType":"sap.m.SearchField","viewName":"etm.portal.ui.managecatalogs.view.Detail","viewId":"application-managecatalogs-display-component---detailCatalog","searchOpenDialogs":true,"interaction":{"idSuffix":"I"}},"clearTextFirst":true,"interactionType":"ENTER_TEXT"}]}
COMMAND: POST /session/5f042fc1c64931e48653a4fe2329ff65/actions - {"actions":[{"id":"action20","type":"key","parameters":{},"actions":[{"type":"keyDown","value":"î€‡"},{"type":"pause","duration":10},{"type":"keyUp","value":"î€‡"}]}]}
RESULT: {"actions":[{"id":"action20","type":"key","parameters":{},"actions":[{"type":"keyDown","value":"î€‡"},{"type":"pause","duration":10},{"type":"keyUp","value":"î€‡"}]}]}
COMMAND: GET /session/5f042fc1c64931e48653a4fe2329ff65/screenshot - {}
RESULT: {}
COMMAND: POST /session/5f042fc1c64931e48653a4fe2329ff65/element - {"using":"xpath","value":"(//span[contains(text(), \"WebdriverRUR2Csduqk\")])[1]"}
RESULT: {"using":"xpath","value":"(//span[contains(text(), \"WebdriverRUR2Csduqk\")])[1]"}
COMMAND: POST /session/5f042fc1c64931e48653a4fe2329ff65/element/f.85A0C08C11805158FB40365BE7F8DFE2.d.673C1F728C97BA0B81AC9619757B37CF.e.4768/click - {}
RESULT: {}
COMMAND: POST /session/5f042fc1c64931e48653a4fe2329ff65/execute/async - {"script":"<script> [1562 bytes]","args":[{"selector":{"id":"application-managecatalogs-display-component---detailCatalog--RUAssignmentSaveButton","searchOpenDialogs":true,"interaction":{"idSuffix":"BDI-content"}},"wdio_ui5_key":"applicationmanagecatalogs-display-component---detailCatalog--RUAssignmentSaveButton"}]}
COMMAND: GET /session/5f042fc1c64931e48653a4fe2329ff65/screenshot - {}
RESULT: {"script":"<script> [1562 bytes]","args":[{"selector":{"id":"application-managecatalogs-display-component---detailCatalog--RUAssignmentSaveButton","searchOpenDialogs":true,"interaction":{"idSuffix":"BDI-content"}},"wdio_ui5_key":"applicationmanagecatalogs-display-component---detailCatalog--RUAssignmentSaveButton"}]}
RESULT: undefined
COMMAND: POST /session/5f042fc1c64931e48653a4fe2329ff65/element - {"using":"xpath","value":"//*[@id=\"application-managecatalogs-display-component---detailCatalog--RUAssignmentSaveButton\"]"}
RESULT: {}
RESULT: {"using":"xpath","value":"//*[@id=\"application-managecatalogs-display-component---detailCatalog--RUAssignmentSaveButton\"]"}
COMMAND: POST /session/5f042fc1c64931e48653a4fe2329ff65/element/f.85A0C08C11805158FB40365BE7F8DFE2.d.673C1F728C97BA0B81AC9619757B37CF.e.4771/click - {}
RESULT: {}
COMMAND: GET /session/5f042fc1c64931e48653a4fe2329ff65/screenshot - {}
RESULT: {}
COMMAND: POST /session/5f042fc1c64931e48653a4fe2329ff65/element - {"using":"xpath","value":"//bdi[contains(text(), \"Save\")]"}
RESULT: {"using":"xpath","value":"//bdi[contains(text(), \"Save\")]"}
COMMAND: POST /session/5f042fc1c64931e48653a4fe2329ff65/element/f.85A0C08C11805158FB40365BE7F8DFE2.d.673C1F728C97BA0B81AC9619757B37CF.e.4781/click - {}
RESULT: {}
COMMAND: GET /session/5f042fc1c64931e48653a4fe2329ff65/screenshot - {}
RESULT: {}
COMMAND: POST /session/5f042fc1c64931e48653a4fe2329ff65/element - {"using":"css selector","value":"#shell-header-logo"}
RESULT: {"using":"css selector","value":"#shell-header-logo"}
COMMAND: POST /session/5f042fc1c64931e48653a4fe2329ff65/element/f.85A0C08C11805158FB40365BE7F8DFE2.d.673C1F728C97BA0B81AC9619757B37CF.e.4454/click - {}
RESULT: {}
COMMAND: GET /session/5f042fc1c64931e48653a4fe2329ff65/screenshot - {}
RESULT: {}
]]></system-out>
    </testcase>
    <testcase classname="chrome.136_0_7103_49.windows.Standard_contract_-_add_contract_items_by_Insert_Request_US118222" name="Should create a new contract" time="88.273">
      <system-out><![CDATA[
COMMAND: POST /session/5f042fc1c64931e48653a4fe2329ff65/execute/async - {"script":"<script> [1562 bytes]","args":[{"selector":{"controlType":"sap.m.GenericTile","properties":{"header":"Manage Contracts"}},"wdio_ui5_key":"sapm.GenericTile{\"header\":\"Manage Contracts\"}"}]}
RESULT: {"script":"<script> [1562 bytes]","args":[{"selector":{"controlType":"sap.m.GenericTile","properties":{"header":"Manage Contracts"}},"wdio_ui5_key":"sapm.GenericTile{\"header\":\"Manage Contracts\"}"}]}
RESULT: undefined
COMMAND: POST /session/5f042fc1c64931e48653a4fe2329ff65/element - {"using":"xpath","value":"//*[@id=\"__tile131\"]"}
RESULT: {"using":"xpath","value":"//*[@id=\"__tile131\"]"}
COMMAND: POST /session/5f042fc1c64931e48653a4fe2329ff65/element/f.85A0C08C11805158FB40365BE7F8DFE2.d.673C1F728C97BA0B81AC9619757B37CF.e.4809/click - {}
RESULT: {}
COMMAND: GET /session/5f042fc1c64931e48653a4fe2329ff65/screenshot - {}
RESULT: {}
COMMAND: POST /session/5f042fc1c64931e48653a4fe2329ff65/elements - {"using":"xpath","value":"//span[text()='Error']"}
RESULT: {"using":"xpath","value":"//span[text()='Error']"}
COMMAND: POST /session/5f042fc1c64931e48653a4fe2329ff65/element - {"using":"xpath","value":"//button[@data-kt=\"addButton\"]"}
RESULT: {"using":"xpath","value":"//button[@data-kt=\"addButton\"]"}
COMMAND: POST /session/5f042fc1c64931e48653a4fe2329ff65/element/f.85A0C08C11805158FB40365BE7F8DFE2.d.673C1F728C97BA0B81AC9619757B37CF.e.4864/click - {}
RESULT: {}
COMMAND: GET /session/5f042fc1c64931e48653a4fe2329ff65/screenshot - {}
RESULT: {}
COMMAND: POST /session/5f042fc1c64931e48653a4fe2329ff65/execute/async - {"script":"<script> [1562 bytes]","args":[{"selector":{"id":"application-managecontracts-display-component---AddNewContract--projectDescription","interaction":{"idSuffix":"inner"}},"wdio_ui5_key":"applicationmanagecontracts-display-component---AddNewContract--projectDescription"}]}
RESULT: {"script":"<script> [1562 bytes]","args":[{"selector":{"id":"application-managecontracts-display-component---AddNewContract--projectDescription","interaction":{"idSuffix":"inner"}},"wdio_ui5_key":"applicationmanagecontracts-display-component---AddNewContract--projectDescription"}]}
RESULT: undefined
COMMAND: POST /session/5f042fc1c64931e48653a4fe2329ff65/execute/async - {"script":"<script> [776 bytes]","args":[{"enterText":"WdIOR2cb0ng5","selector":{"id":"application-managecontracts-display-component---AddNewContract--projectDescription","interaction":{"idSuffix":"inner"}},"clearTextFirst":true,"interactionType":"ENTER_TEXT"}]}
RESULT: {"script":"<script> [776 bytes]","args":[{"enterText":"WdIOR2cb0ng5","selector":{"id":"application-managecontracts-display-component---AddNewContract--projectDescription","interaction":{"idSuffix":"inner"}},"clearTextFirst":true,"interactionType":"ENTER_TEXT"}]}
COMMAND: POST /session/5f042fc1c64931e48653a4fe2329ff65/element - {"using":"xpath","value":"//input[@id=\"application-managecontracts-display-component---AddNewContract--yardId-inner\"]"}
RESULT: {"using":"xpath","value":"//input[@id=\"application-managecontracts-display-component---AddNewContract--yardId-inner\"]"}
COMMAND: POST /session/5f042fc1c64931e48653a4fe2329ff65/element/f.85A0C08C11805158FB40365BE7F8DFE2.d.673C1F728C97BA0B81AC9619757B37CF.e.5165/clear - {}
RESULT: {}
COMMAND: POST /session/5f042fc1c64931e48653a4fe2329ff65/element/f.85A0C08C11805158FB40365BE7F8DFE2.d.673C1F728C97BA0B81AC9619757B37CF.e.5165/value - {"text":"WebdriverYardvzk7z"}
COMMAND: GET /session/5f042fc1c64931e48653a4fe2329ff65/screenshot - {}
RESULT: {"text":"WebdriverYardvzk7z"}
COMMAND: GET /session/5f042fc1c64931e48653a4fe2329ff65/screenshot - {}
RESULT: {}
RESULT: {}
COMMAND: POST /session/5f042fc1c64931e48653a4fe2329ff65/actions - {"actions":[{"id":"action21","type":"key","parameters":{},"actions":[{"type":"keyDown","value":"î€‡"},{"type":"pause","duration":10},{"type":"keyUp","value":"î€‡"}]}]}
RESULT: {"actions":[{"id":"action21","type":"key","parameters":{},"actions":[{"type":"keyDown","value":"î€‡"},{"type":"pause","duration":10},{"type":"keyUp","value":"î€‡"}]}]}
COMMAND: GET /session/5f042fc1c64931e48653a4fe2329ff65/screenshot - {}
RESULT: {}
COMMAND: POST /session/5f042fc1c64931e48653a4fe2329ff65/element - {"using":"xpath","value":"//input[@id=\"application-managecontracts-display-component---AddNewContract--customerSelect-inner\"]"}
RESULT: {"using":"xpath","value":"//input[@id=\"application-managecontracts-display-component---AddNewContract--customerSelect-inner\"]"}
COMMAND: POST /session/5f042fc1c64931e48653a4fe2329ff65/element/f.85A0C08C11805158FB40365BE7F8DFE2.d.673C1F728C97BA0B81AC9619757B37CF.e.5163/clear - {}
RESULT: {}
COMMAND: POST /session/5f042fc1c64931e48653a4fe2329ff65/element/f.85A0C08C11805158FB40365BE7F8DFE2.d.673C1F728C97BA0B81AC9619757B37CF.e.5163/value - {"text":"WebdriverPartner0w9kx"}
COMMAND: GET /session/5f042fc1c64931e48653a4fe2329ff65/screenshot - {}
RESULT: {"text":"WebdriverPartner0w9kx"}
COMMAND: GET /session/5f042fc1c64931e48653a4fe2329ff65/screenshot - {}
RESULT: {}
RESULT: {}
COMMAND: POST /session/5f042fc1c64931e48653a4fe2329ff65/actions - {"actions":[{"id":"action22","type":"key","parameters":{},"actions":[{"type":"keyDown","value":"î€‡"},{"type":"pause","duration":10},{"type":"keyUp","value":"î€‡"}]}]}
RESULT: {"actions":[{"id":"action22","type":"key","parameters":{},"actions":[{"type":"keyDown","value":"î€‡"},{"type":"pause","duration":10},{"type":"keyUp","value":"î€‡"}]}]}
COMMAND: GET /session/5f042fc1c64931e48653a4fe2329ff65/screenshot - {}
RESULT: {}
COMMAND: POST /session/5f042fc1c64931e48653a4fe2329ff65/element - {"using":"xpath","value":"//input[@id=\"application-managecontracts-display-component---AddNewContract--site-inner\"]"}
RESULT: {"using":"xpath","value":"//input[@id=\"application-managecontracts-display-component---AddNewContract--site-inner\"]"}
COMMAND: POST /session/5f042fc1c64931e48653a4fe2329ff65/element/f.85A0C08C11805158FB40365BE7F8DFE2.d.673C1F728C97BA0B81AC9619757B37CF.e.5164/clear - {}
RESULT: {}
COMMAND: POST /session/5f042fc1c64931e48653a4fe2329ff65/element/f.85A0C08C11805158FB40365BE7F8DFE2.d.673C1F728C97BA0B81AC9619757B37CF.e.5164/value - {"text":"WebdriverSitex640o"}
COMMAND: GET /session/5f042fc1c64931e48653a4fe2329ff65/screenshot - {}
RESULT: {"text":"WebdriverSitex640o"}
COMMAND: GET /session/5f042fc1c64931e48653a4fe2329ff65/screenshot - {}
RESULT: {}
RESULT: {}
COMMAND: POST /session/5f042fc1c64931e48653a4fe2329ff65/actions - {"actions":[{"id":"action23","type":"key","parameters":{},"actions":[{"type":"keyDown","value":"î€‡"},{"type":"pause","duration":10},{"type":"keyUp","value":"î€‡"}]}]}
RESULT: {"actions":[{"id":"action23","type":"key","parameters":{},"actions":[{"type":"keyDown","value":"î€‡"},{"type":"pause","duration":10},{"type":"keyUp","value":"î€‡"}]}]}
COMMAND: GET /session/5f042fc1c64931e48653a4fe2329ff65/screenshot - {}
RESULT: {}
COMMAND: POST /session/5f042fc1c64931e48653a4fe2329ff65/element - {"using":"xpath","value":"//button[@data-kt=\"saveButton\"]"}
RESULT: {"using":"xpath","value":"//button[@data-kt=\"saveButton\"]"}
COMMAND: POST /session/5f042fc1c64931e48653a4fe2329ff65/element/f.85A0C08C11805158FB40365BE7F8DFE2.d.673C1F728C97BA0B81AC9619757B37CF.e.5198/click - {}
RESULT: {}
COMMAND: GET /session/5f042fc1c64931e48653a4fe2329ff65/screenshot - {}
RESULT: {}
COMMAND: POST /session/5f042fc1c64931e48653a4fe2329ff65/execute/async - {"script":"<script> [1562 bytes]","args":[{"selector":{"id":"contractDetailTitleNoExpanded","viewName":"etm.portal.ui.managecontracts.view.Detail"},"wdio_ui5_key":"contractDetailTitleNoExpandedetmportal.ui.managecontracts.view.Detail"}]}
RESULT: {"script":"<script> [1562 bytes]","args":[{"selector":{"id":"contractDetailTitleNoExpanded","viewName":"etm.portal.ui.managecontracts.view.Detail"},"wdio_ui5_key":"contractDetailTitleNoExpandedetmportal.ui.managecontracts.view.Detail"}]}
RESULT: undefined
COMMAND: POST /session/5f042fc1c64931e48653a4fe2329ff65/execute/async - {"script":"<script> [6424 bytes]","args":[{"element-6066-11e4-a52e-4f735466cecf":"f.85A0C08C11805158FB40365BE7F8DFE2.d.673C1F728C97BA0B81AC9619757B37CF.e.5267"},"getText",[]]}
RESULT: {"script":"<script> [6424 bytes]","args":[{"element-6066-11e4-a52e-4f735466cecf":"f.85A0C08C11805158FB40365BE7F8DFE2.d.673C1F728C97BA0B81AC9619757B37CF.e.5267"},"getText",[]]}
]]></system-out>
    </testcase>
    <testcase classname="chrome.136_0_7103_49.windows.Standard_contract_-_add_contract_items_by_Insert_Request_US118222" name="Should create a new request and plan it" time="159.882">
      <system-out><![CDATA[
COMMAND: POST /session/5f042fc1c64931e48653a4fe2329ff65/element - {"using":"css selector","value":"#shell-header-logo"}
RESULT: {"using":"css selector","value":"#shell-header-logo"}
COMMAND: POST /session/5f042fc1c64931e48653a4fe2329ff65/element/f.85A0C08C11805158FB40365BE7F8DFE2.d.673C1F728C97BA0B81AC9619757B37CF.e.4818/click - {}
RESULT: {}
COMMAND: GET /session/5f042fc1c64931e48653a4fe2329ff65/screenshot - {}
RESULT: {}
COMMAND: POST /session/5f042fc1c64931e48653a4fe2329ff65/execute/async - {"script":"<script> [1562 bytes]","args":[{"selector":{"controlType":"sap.m.GenericTile","properties":{"header":"Manage Requests"}},"wdio_ui5_key":"sapm.GenericTile{\"header\":\"Manage Requests\"}"}]}
RESULT: {"script":"<script> [1562 bytes]","args":[{"selector":{"controlType":"sap.m.GenericTile","properties":{"header":"Manage Requests"}},"wdio_ui5_key":"sapm.GenericTile{\"header\":\"Manage Requests\"}"}]}
RESULT: undefined
COMMAND: POST /session/5f042fc1c64931e48653a4fe2329ff65/element - {"using":"xpath","value":"//*[@id=\"__tile47\"]"}
RESULT: {"using":"xpath","value":"//*[@id=\"__tile47\"]"}
COMMAND: POST /session/5f042fc1c64931e48653a4fe2329ff65/element/f.85A0C08C11805158FB40365BE7F8DFE2.d.673C1F728C97BA0B81AC9619757B37CF.e.5272/click - {}
RESULT: {}
COMMAND: GET /session/5f042fc1c64931e48653a4fe2329ff65/screenshot - {}
RESULT: {}
COMMAND: POST /session/5f042fc1c64931e48653a4fe2329ff65/elements - {"using":"xpath","value":"//span[text()='Error']"}
RESULT: {"using":"xpath","value":"//span[text()='Error']"}
COMMAND: POST /session/5f042fc1c64931e48653a4fe2329ff65/element - {"using":"xpath","value":"//button[contains(@data-kt ,\"btnCreateNewOverflowToolbarButton\")]"}
COMMAND: POST /session/5f042fc1c64931e48653a4fe2329ff65/element - {"using":"xpath","value":"(//span[contains(@class ,\"sapMObjStatusText\")])[1]"}
RESULT: {"using":"xpath","value":"//button[contains(@data-kt ,\"btnCreateNewOverflowToolbarButton\")]"}
COMMAND: POST /session/5f042fc1c64931e48653a4fe2329ff65/element/f.85A0C08C11805158FB40365BE7F8DFE2.d.673C1F728C97BA0B81AC9619757B37CF.e.5347/click - {}
RESULT: {"using":"xpath","value":"(//span[contains(@class ,\"sapMObjStatusText\")])[1]"}
COMMAND: POST /session/5f042fc1c64931e48653a4fe2329ff65/execute/sync - {"script":"<script> [8489 bytes]","args":[{"element-6066-11e4-a52e-4f735466cecf":"f.85A0C08C11805158FB40365BE7F8DFE2.d.673C1F728C97BA0B81AC9619757B37CF.e.5625","ELEMENT":"f.85A0C08C11805158FB40365BE7F8DFE2.d.673C1F728C97BA0B81AC9619757B37CF.e.5625"}]}
RESULT: {}
COMMAND: GET /session/5f042fc1c64931e48653a4fe2329ff65/screenshot - {}
RESULT: {"script":"<script> [8489 bytes]","args":[{"element-6066-11e4-a52e-4f735466cecf":"f.85A0C08C11805158FB40365BE7F8DFE2.d.673C1F728C97BA0B81AC9619757B37CF.e.5625","ELEMENT":"f.85A0C08C11805158FB40365BE7F8DFE2.d.673C1F728C97BA0B81AC9619757B37CF.e.5625"}]}
COMMAND: GET /session/5f042fc1c64931e48653a4fe2329ff65/screenshot - {}
RESULT: {}
RESULT: {}
COMMAND: POST /session/5f042fc1c64931e48653a4fe2329ff65/element - {"using":"xpath","value":"//input[contains(@id ,\"yardId-inner\")]"}
RESULT: {"using":"xpath","value":"//input[contains(@id ,\"yardId-inner\")]"}
COMMAND: POST /session/5f042fc1c64931e48653a4fe2329ff65/execute/sync - {"script":"<script> [8489 bytes]","args":[{"element-6066-11e4-a52e-4f735466cecf":"f.85A0C08C11805158FB40365BE7F8DFE2.d.673C1F728C97BA0B81AC9619757B37CF.e.5749","ELEMENT":"f.85A0C08C11805158FB40365BE7F8DFE2.d.673C1F728C97BA0B81AC9619757B37CF.e.5749"}]}
RESULT: {"script":"<script> [8489 bytes]","args":[{"element-6066-11e4-a52e-4f735466cecf":"f.85A0C08C11805158FB40365BE7F8DFE2.d.673C1F728C97BA0B81AC9619757B37CF.e.5749","ELEMENT":"f.85A0C08C11805158FB40365BE7F8DFE2.d.673C1F728C97BA0B81AC9619757B37CF.e.5749"}]}
COMMAND: POST /session/5f042fc1c64931e48653a4fe2329ff65/element - {"using":"xpath","value":"//input[contains(@id ,\"requestContractNo-inner\")]"}
COMMAND: POST /session/5f042fc1c64931e48653a4fe2329ff65/element - {"using":"xpath","value":"//input[contains(@id ,\"requestContractNo-inner\")]"}
COMMAND: GET /session/5f042fc1c64931e48653a4fe2329ff65/screenshot - {}
RESULT: {"using":"xpath","value":"//input[contains(@id ,\"requestContractNo-inner\")]"}
COMMAND: POST /session/5f042fc1c64931e48653a4fe2329ff65/element/f.85A0C08C11805158FB40365BE7F8DFE2.d.673C1F728C97BA0B81AC9619757B37CF.e.5746/value - {"text":"10235"}
RESULT: {"using":"xpath","value":"//input[contains(@id ,\"requestContractNo-inner\")]"}
COMMAND: GET /session/5f042fc1c64931e48653a4fe2329ff65/element/f.85A0C08C11805158FB40365BE7F8DFE2.d.673C1F728C97BA0B81AC9619757B37CF.e.5746/enabled - {}
RESULT: {}
RESULT: {"text":"10235"}
COMMAND: GET /session/5f042fc1c64931e48653a4fe2329ff65/screenshot - {}
RESULT: {}
COMMAND: GET /session/5f042fc1c64931e48653a4fe2329ff65/screenshot - {}
RESULT: {}
RESULT: {}
COMMAND: POST /session/5f042fc1c64931e48653a4fe2329ff65/actions - {"actions":[{"id":"action24","type":"key","parameters":{},"actions":[{"type":"keyDown","value":"î€‡"},{"type":"pause","duration":10},{"type":"keyUp","value":"î€‡"}]}]}
RESULT: {"actions":[{"id":"action24","type":"key","parameters":{},"actions":[{"type":"keyDown","value":"î€‡"},{"type":"pause","duration":10},{"type":"keyUp","value":"î€‡"}]}]}
COMMAND: GET /session/5f042fc1c64931e48653a4fe2329ff65/screenshot - {}
RESULT: {}
COMMAND: POST /session/5f042fc1c64931e48653a4fe2329ff65/execute/async - {"script":"<script> [1562 bytes]","args":[{"selector":{"controlType":"sap.ui.core.Icon","viewName":"etm.portal.ui.managerequests.view.NewRequest","properties":{"src":{"regex":{"source":"add"}}}},"wdio_ui5_key":"etmportal.ui.managerequests.view.NewRequestsap.ui.core.Icon{\"src\":{\"regex\":{\"source\":\"add\"}}}"}]}
RESULT: {"script":"<script> [1562 bytes]","args":[{"selector":{"controlType":"sap.ui.core.Icon","viewName":"etm.portal.ui.managerequests.view.NewRequest","properties":{"src":{"regex":{"source":"add"}}}},"wdio_ui5_key":"etmportal.ui.managerequests.view.NewRequestsap.ui.core.Icon{\"src\":{\"regex\":{\"source\":\"add\"}}}"}]}
RESULT: undefined
COMMAND: POST /session/5f042fc1c64931e48653a4fe2329ff65/element - {"using":"xpath","value":"//*[@id=\"__xmlview61--btnAddTableRow-img\"]"}
RESULT: {"using":"xpath","value":"//*[@id=\"__xmlview61--btnAddTableRow-img\"]"}
COMMAND: POST /session/5f042fc1c64931e48653a4fe2329ff65/element/f.85A0C08C11805158FB40365BE7F8DFE2.d.673C1F728C97BA0B81AC9619757B37CF.e.5893/click - {}
RESULT: {}
COMMAND: GET /session/5f042fc1c64931e48653a4fe2329ff65/screenshot - {}
RESULT: {}
COMMAND: POST /session/5f042fc1c64931e48653a4fe2329ff65/execute/async - {"script":"<script> [1562 bytes]","args":[{"selector":{"controlType":"sap.ui.unified.MenuItem","viewName":"etm.portal.ui.managerequests.view.NewRequest","i18NText":{"propertyName":"text","key":"standardEntry"},"searchOpenDialogs":true,"interaction":{"idSuffix":"txt"}},"wdio_ui5_key":"etmportal.ui.managerequests.view.NewRequestsap.ui.unified.MenuItem{\"propertyName\":\"text\",\"key\":\"standardEntry\"}"}]}
RESULT: {"script":"<script> [1562 bytes]","args":[{"selector":{"controlType":"sap.ui.unified.MenuItem","viewName":"etm.portal.ui.managerequests.view.NewRequest","i18NText":{"propertyName":"text","key":"standardEntry"},"searchOpenDialogs":true,"interaction":{"idSuffix":"txt"}},"wdio_ui5_key":"etmportal.ui.managerequests.view.NewRequestsap.ui.unified.MenuItem{\"propertyName\":\"text\",\"key\":\"standardEntry\"}"}]}
RESULT: undefined
COMMAND: POST /session/5f042fc1c64931e48653a4fe2329ff65/element - {"using":"xpath","value":"//*[@id=\"__item1441\"]"}
RESULT: {"using":"xpath","value":"//*[@id=\"__item1441\"]"}
COMMAND: POST /session/5f042fc1c64931e48653a4fe2329ff65/element/f.85A0C08C11805158FB40365BE7F8DFE2.d.673C1F728C97BA0B81AC9619757B37CF.e.5897/click - {}
RESULT: {}
COMMAND: GET /session/5f042fc1c64931e48653a4fe2329ff65/screenshot - {}
RESULT: {}
RESULT: undefined
COMMAND: POST /session/5f042fc1c64931e48653a4fe2329ff65/element - {"using":"xpath","value":"//*[@id=\"__xmlview61--btnAddTableRow-img\"]"}
RESULT: {"using":"xpath","value":"//*[@id=\"__xmlview61--btnAddTableRow-img\"]"}
COMMAND: POST /session/5f042fc1c64931e48653a4fe2329ff65/element/f.85A0C08C11805158FB40365BE7F8DFE2.d.673C1F728C97BA0B81AC9619757B37CF.e.5893/click - {}
RESULT: {}
COMMAND: GET /session/5f042fc1c64931e48653a4fe2329ff65/screenshot - {}
RESULT: {}
RESULT: undefined
COMMAND: POST /session/5f042fc1c64931e48653a4fe2329ff65/element - {"using":"xpath","value":"//*[@id=\"__item1441\"]"}
RESULT: {"using":"xpath","value":"//*[@id=\"__item1441\"]"}
COMMAND: POST /session/5f042fc1c64931e48653a4fe2329ff65/element/f.85A0C08C11805158FB40365BE7F8DFE2.d.673C1F728C97BA0B81AC9619757B37CF.e.5909/click - {}
RESULT: {}
COMMAND: GET /session/5f042fc1c64931e48653a4fe2329ff65/screenshot - {}
RESULT: {}
COMMAND: POST /session/5f042fc1c64931e48653a4fe2329ff65/element - {"using":"xpath","value":"(//input[contains(@id ,\"requestItemsTable-0-inner\")])[1]"}
RESULT: {"using":"xpath","value":"(//input[contains(@id ,\"requestItemsTable-0-inner\")])[1]"}
COMMAND: POST /session/5f042fc1c64931e48653a4fe2329ff65/element/f.85A0C08C11805158FB40365BE7F8DFE2.d.673C1F728C97BA0B81AC9619757B37CF.e.5899/clear - {}
RESULT: {}
COMMAND: POST /session/5f042fc1c64931e48653a4fe2329ff65/element/f.85A0C08C11805158FB40365BE7F8DFE2.d.673C1F728C97BA0B81AC9619757B37CF.e.5899/value - {"text":"catalogItemk28mg"}
COMMAND: GET /session/5f042fc1c64931e48653a4fe2329ff65/screenshot - {}
RESULT: {"text":"catalogItemk28mg"}
COMMAND: GET /session/5f042fc1c64931e48653a4fe2329ff65/screenshot - {}
RESULT: {}
RESULT: {}
COMMAND: POST /session/5f042fc1c64931e48653a4fe2329ff65/actions - {"actions":[{"id":"action25","type":"key","parameters":{},"actions":[{"type":"keyDown","value":"î€‡"},{"type":"pause","duration":10},{"type":"keyUp","value":"î€‡"}]}]}
RESULT: {"actions":[{"id":"action25","type":"key","parameters":{},"actions":[{"type":"keyDown","value":"î€‡"},{"type":"pause","duration":10},{"type":"keyUp","value":"î€‡"}]}]}
COMMAND: POST /session/5f042fc1c64931e48653a4fe2329ff65/element - {"using":"xpath","value":"(//input[contains(@id ,\"requestItemsTable-1-inner\")])[1]"}
COMMAND: GET /session/5f042fc1c64931e48653a4fe2329ff65/screenshot - {}
RESULT: {"using":"xpath","value":"(//input[contains(@id ,\"requestItemsTable-1-inner\")])[1]"}
COMMAND: POST /session/5f042fc1c64931e48653a4fe2329ff65/element/f.85A0C08C11805158FB40365BE7F8DFE2.d.673C1F728C97BA0B81AC9619757B37CF.e.5911/clear - {}
RESULT: {}
RESULT: {}
COMMAND: POST /session/5f042fc1c64931e48653a4fe2329ff65/element/f.85A0C08C11805158FB40365BE7F8DFE2.d.673C1F728C97BA0B81AC9619757B37CF.e.5911/value - {"text":"catalogItemk28mg"}
COMMAND: GET /session/5f042fc1c64931e48653a4fe2329ff65/screenshot - {}
RESULT: {"text":"catalogItemk28mg"}
COMMAND: GET /session/5f042fc1c64931e48653a4fe2329ff65/screenshot - {}
RESULT: {}
RESULT: {}
COMMAND: POST /session/5f042fc1c64931e48653a4fe2329ff65/actions - {"actions":[{"id":"action26","type":"key","parameters":{},"actions":[{"type":"keyDown","value":"î€‡"},{"type":"pause","duration":10},{"type":"keyUp","value":"î€‡"}]}]}
RESULT: {"actions":[{"id":"action26","type":"key","parameters":{},"actions":[{"type":"keyDown","value":"î€‡"},{"type":"pause","duration":10},{"type":"keyUp","value":"î€‡"}]}]}
COMMAND: GET /session/5f042fc1c64931e48653a4fe2329ff65/screenshot - {}
RESULT: {}
COMMAND: POST /session/5f042fc1c64931e48653a4fe2329ff65/execute/async - {"script":"<script> [1562 bytes]","args":[{"selector":{"controlType":"sap.ui.core.Icon","viewName":"etm.portal.ui.managerequests.view.NewRequest","properties":{"src":{"regex":{"source":"slim\\-arrow\\-down"}}},"ancestor":{"controlType":"sap.m.Button","viewName":"etm.portal.ui.managerequests.view.NewRequest","properties":{"icon":"sap-icon://slim-arrow-down"}}},"wdio_ui5_key":"etmportal.ui.managerequests.view.NewRequestsap.ui.core.Icon{\"src\":{\"regex\":{\"source\":\"slim\\\\-arrow\\\\-down\"}}}{\"controlType\":\"sap.m.Button\",\"viewName\":\"etm.portal.ui.managerequests.view.NewRequest\",\"properties\":{\"icon\":\"sap-icon://slim-arrow-down\"}}"}]}
RESULT: {"script":"<script> [1562 bytes]","args":[{"selector":{"controlType":"sap.ui.core.Icon","viewName":"etm.portal.ui.managerequests.view.NewRequest","properties":{"src":{"regex":{"source":"slim\\-arrow\\-down"}}},"ancestor":{"controlType":"sap.m.Button","viewName":"etm.portal.ui.managerequests.view.NewRequest","properties":{"icon":"sap-icon://slim-arrow-down"}}},"wdio_ui5_key":"etmportal.ui.managerequests.view.NewRequestsap.ui.core.Icon{\"src\":{\"regex\":{\"source\":\"slim\\\\-arrow\\\\-down\"}}}{\"controlType\":\"sap.m.Button\",\"viewName\":\"etm.portal.ui.managerequests.view.NewRequest\",\"properties\":{\"icon\":\"sap-icon://slim-arrow-down\"}}"}]}
RESULT: undefined
COMMAND: POST /session/5f042fc1c64931e48653a4fe2329ff65/element - {"using":"xpath","value":"//*[@id=\"__title45-expandBtn-img\"]"}
RESULT: {"using":"xpath","value":"//*[@id=\"__title45-expandBtn-img\"]"}
COMMAND: POST /session/5f042fc1c64931e48653a4fe2329ff65/element/f.85A0C08C11805158FB40365BE7F8DFE2.d.673C1F728C97BA0B81AC9619757B37CF.e.5931/click - {}
RESULT: {}
COMMAND: POST /session/5f042fc1c64931e48653a4fe2329ff65/element - {"using":"xpath","value":"//div[contains(@data-kt ,\"splitAllocationObjectStatus\")]"}
COMMAND: GET /session/5f042fc1c64931e48653a4fe2329ff65/screenshot - {}
RESULT: {"using":"xpath","value":"//div[contains(@data-kt ,\"splitAllocationObjectStatus\")]"}
COMMAND: POST /session/5f042fc1c64931e48653a4fe2329ff65/elements - {"using":"xpath","value":"//div[contains(@data-kt ,\"splitAllocationObjectStatus\")]"}
RESULT: {}
RESULT: {"using":"xpath","value":"//div[contains(@data-kt ,\"splitAllocationObjectStatus\")]"}
COMMAND: POST /session/5f042fc1c64931e48653a4fe2329ff65/execute/async - {"script":"<script> [1562 bytes]","args":[{"selector":{"controlType":"sap.ui.core.Icon","viewName":"etm.portal.ui.managerequests.view.NewRequest","properties":{"src":{"regex":{"source":"message\\-error"}}},"ancestor":{"controlType":"sap.m.ColumnListItem","viewName":"etm.portal.ui.managerequests.view.NewRequest","bindingPath":{"modelName":"newRequestItems","path":"/RequestItems/0"},"ancestor":{"id":"requestItemsTable","viewName":"etm.portal.ui.managerequests.view.NewRequest"}}},"wdio_ui5_key":"etmportal.ui.managerequests.view.NewRequestsap.ui.core.Icon{\"src\":{\"regex\":{\"source\":\"message\\\\-error\"}}}{\"controlType\":\"sap.m.ColumnListItem\",\"viewName\":\"etm.portal.ui.managerequests.view.NewRequest\",\"bindingPath\":{\"modelName\":\"newRequestItems\",\"path\":\"/RequestItems/0\"},\"ancestor\":{\"id\":\"requestItemsTable\",\"viewName\":\"etm.portal.ui.managerequests.view.NewRequest\"}}"}]}
RESULT: {"script":"<script> [1562 bytes]","args":[{"selector":{"controlType":"sap.ui.core.Icon","viewName":"etm.portal.ui.managerequests.view.NewRequest","properties":{"src":{"regex":{"source":"message\\-error"}}},"ancestor":{"controlType":"sap.m.ColumnListItem","viewName":"etm.portal.ui.managerequests.view.NewRequest","bindingPath":{"modelName":"newRequestItems","path":"/RequestItems/0"},"ancestor":{"id":"requestItemsTable","viewName":"etm.portal.ui.managerequests.view.NewRequest"}}},"wdio_ui5_key":"etmportal.ui.managerequests.view.NewRequestsap.ui.core.Icon{\"src\":{\"regex\":{\"source\":\"message\\\\-error\"}}}{\"controlType\":\"sap.m.ColumnListItem\",\"viewName\":\"etm.portal.ui.managerequests.view.NewRequest\",\"bindingPath\":{\"modelName\":\"newRequestItems\",\"path\":\"/RequestItems/0\"},\"ancestor\":{\"id\":\"requestItemsTable\",\"viewName\":\"etm.portal.ui.managerequests.view.NewRequest\"}}"}]}
RESULT: undefined
COMMAND: POST /session/5f042fc1c64931e48653a4fe2329ff65/element - {"using":"xpath","value":"//*[@id=\"__status15-__xmlview61--requestItemsTable-0-icon\"]"}
RESULT: {"using":"xpath","value":"//*[@id=\"__status15-__xmlview61--requestItemsTable-0-icon\"]"}
COMMAND: POST /session/5f042fc1c64931e48653a4fe2329ff65/element/f.85A0C08C11805158FB40365BE7F8DFE2.d.673C1F728C97BA0B81AC9619757B37CF.e.5937/click - {}
RESULT: {}
COMMAND: GET /session/5f042fc1c64931e48653a4fe2329ff65/screenshot - {}
RESULT: {}
COMMAND: POST /session/5f042fc1c64931e48653a4fe2329ff65/execute/async - {"script":"<script> [1562 bytes]","args":[{"selector":{"id":"costObjectAdminTypeComboBox","viewName":"etm.portal.ui.managerequests.view.NewRequest","searchOpenDialogs":true,"interaction":{"idSuffix":"inner"}},"wdio_ui5_key":"costObjectAdminTypeComboBoxetmportal.ui.managerequests.view.NewRequest"}]}
RESULT: {"script":"<script> [1562 bytes]","args":[{"selector":{"id":"costObjectAdminTypeComboBox","viewName":"etm.portal.ui.managerequests.view.NewRequest","searchOpenDialogs":true,"interaction":{"idSuffix":"inner"}},"wdio_ui5_key":"costObjectAdminTypeComboBoxetmportal.ui.managerequests.view.NewRequest"}]}
RESULT: undefined
COMMAND: POST /session/5f042fc1c64931e48653a4fe2329ff65/execute/async - {"script":"<script> [776 bytes]","args":[{"enterText":"Cost Center","selector":{"id":"costObjectAdminTypeComboBox","viewName":"etm.portal.ui.managerequests.view.NewRequest","searchOpenDialogs":true,"interaction":{"idSuffix":"inner"}},"clearTextFirst":true,"interactionType":"ENTER_TEXT"}]}
RESULT: {"script":"<script> [776 bytes]","args":[{"enterText":"Cost Center","selector":{"id":"costObjectAdminTypeComboBox","viewName":"etm.portal.ui.managerequests.view.NewRequest","searchOpenDialogs":true,"interaction":{"idSuffix":"inner"}},"clearTextFirst":true,"interactionType":"ENTER_TEXT"}]}
COMMAND: POST /session/5f042fc1c64931e48653a4fe2329ff65/actions - {"actions":[{"id":"action27","type":"key","parameters":{},"actions":[{"type":"keyDown","value":"î€‡"},{"type":"pause","duration":10},{"type":"keyUp","value":"î€‡"}]}]}
RESULT: {"actions":[{"id":"action27","type":"key","parameters":{},"actions":[{"type":"keyDown","value":"î€‡"},{"type":"pause","duration":10},{"type":"keyUp","value":"î€‡"}]}]}
COMMAND: GET /session/5f042fc1c64931e48653a4fe2329ff65/screenshot - {}
RESULT: {}
COMMAND: POST /session/5f042fc1c64931e48653a4fe2329ff65/execute/async - {"script":"<script> [1562 bytes]","args":[{"selector":{"controlType":"sap.ui.core.Icon","viewName":"etm.portal.ui.managerequests.view.NewRequest","properties":{"src":{"regex":{"source":"value\\-help"}}},"searchOpenDialogs":true},"wdio_ui5_key":"etmportal.ui.managerequests.view.NewRequestsap.ui.core.Icon{\"src\":{\"regex\":{\"source\":\"value\\\\-help\"}}}"}]}
RESULT: {"script":"<script> [1562 bytes]","args":[{"selector":{"controlType":"sap.ui.core.Icon","viewName":"etm.portal.ui.managerequests.view.NewRequest","properties":{"src":{"regex":{"source":"value\\-help"}}},"searchOpenDialogs":true},"wdio_ui5_key":"etmportal.ui.managerequests.view.NewRequestsap.ui.core.Icon{\"src\":{\"regex\":{\"source\":\"value\\\\-help\"}}}"}]}
RESULT: undefined
COMMAND: POST /session/5f042fc1c64931e48653a4fe2329ff65/element - {"using":"xpath","value":"//*[@id=\"__xmlview61--costObjectIdComboBox-vhi\"]"}
RESULT: {"using":"xpath","value":"//*[@id=\"__xmlview61--costObjectIdComboBox-vhi\"]"}
COMMAND: POST /session/5f042fc1c64931e48653a4fe2329ff65/element/f.85A0C08C11805158FB40365BE7F8DFE2.d.673C1F728C97BA0B81AC9619757B37CF.e.5949/click - {}
RESULT: {}
COMMAND: POST /session/5f042fc1c64931e48653a4fe2329ff65/execute/async - {"script":"<script> [1562 bytes]","args":[{"selector":{"controlType":"sap.m.SearchField","properties":{"placeholder":"Search"},"searchOpenDialogs":true,"interaction":{"idSuffix":"I"}},"wdio_ui5_key":"sapm.SearchField{\"placeholder\":\"Search\"}"}]}
COMMAND: GET /session/5f042fc1c64931e48653a4fe2329ff65/screenshot - {}
RESULT: {"script":"<script> [1562 bytes]","args":[{"selector":{"controlType":"sap.m.SearchField","properties":{"placeholder":"Search"},"searchOpenDialogs":true,"interaction":{"idSuffix":"I"}},"wdio_ui5_key":"sapm.SearchField{\"placeholder\":\"Search\"}"}]}
RESULT: undefined
COMMAND: POST /session/5f042fc1c64931e48653a4fe2329ff65/execute/async - {"script":"<script> [776 bytes]","args":[{"enterText":"10001013","selector":{"controlType":"sap.m.SearchField","properties":{"placeholder":"Search"},"searchOpenDialogs":true,"interaction":{"idSuffix":"I"}},"clearTextFirst":true,"interactionType":"ENTER_TEXT"}]}
RESULT: {}
RESULT: {"script":"<script> [776 bytes]","args":[{"enterText":"10001013","selector":{"controlType":"sap.m.SearchField","properties":{"placeholder":"Search"},"searchOpenDialogs":true,"interaction":{"idSuffix":"I"}},"clearTextFirst":true,"interactionType":"ENTER_TEXT"}]}
COMMAND: POST /session/5f042fc1c64931e48653a4fe2329ff65/actions - {"actions":[{"id":"action28","type":"key","parameters":{},"actions":[{"type":"keyDown","value":"î€‡"},{"type":"pause","duration":10},{"type":"keyUp","value":"î€‡"}]}]}
RESULT: {"actions":[{"id":"action28","type":"key","parameters":{},"actions":[{"type":"keyDown","value":"î€‡"},{"type":"pause","duration":10},{"type":"keyUp","value":"î€‡"}]}]}
COMMAND: GET /session/5f042fc1c64931e48653a4fe2329ff65/screenshot - {}
RESULT: {}
COMMAND: POST /session/5f042fc1c64931e48653a4fe2329ff65/element - {"using":"xpath","value":"//span[contains(text(), \"General Management\")]"}
RESULT: {"using":"xpath","value":"//span[contains(text(), \"General Management\")]"}
COMMAND: POST /session/5f042fc1c64931e48653a4fe2329ff65/element/f.85A0C08C11805158FB40365BE7F8DFE2.d.673C1F728C97BA0B81AC9619757B37CF.e.5988/click - {}
RESULT: {}
COMMAND: GET /session/5f042fc1c64931e48653a4fe2329ff65/screenshot - {}
RESULT: {}
COMMAND: POST /session/5f042fc1c64931e48653a4fe2329ff65/element - {"using":"xpath","value":"//bdi[contains(text(), \"OK\")]"}
RESULT: {"using":"xpath","value":"//bdi[contains(text(), \"OK\")]"}
COMMAND: POST /session/5f042fc1c64931e48653a4fe2329ff65/element/f.85A0C08C11805158FB40365BE7F8DFE2.d.673C1F728C97BA0B81AC9619757B37CF.e.5989/click - {}
RESULT: {}
COMMAND: GET /session/5f042fc1c64931e48653a4fe2329ff65/screenshot - {}
RESULT: {}
COMMAND: POST /session/5f042fc1c64931e48653a4fe2329ff65/element - {"using":"xpath","value":"(//bdi[contains(@id ,\"BDI-content\")][contains(text(), \"Save\")])[1]"}
RESULT: {"using":"xpath","value":"(//bdi[contains(@id ,\"BDI-content\")][contains(text(), \"Save\")])[1]"}
COMMAND: POST /session/5f042fc1c64931e48653a4fe2329ff65/element/f.85A0C08C11805158FB40365BE7F8DFE2.d.673C1F728C97BA0B81AC9619757B37CF.e.5993/click - {}
RESULT: {}
COMMAND: GET /session/5f042fc1c64931e48653a4fe2329ff65/screenshot - {}
RESULT: {}
COMMAND: POST /session/5f042fc1c64931e48653a4fe2329ff65/execute/async - {"script":"<script> [1562 bytes]","args":[{"selector":{"controlType":"sap.ui.core.Icon","viewName":"etm.portal.ui.managerequests.view.NewRequest","properties":{"src":{"regex":{"source":"message\\-error"}}},"ancestor":{"controlType":"sap.m.ColumnListItem","viewName":"etm.portal.ui.managerequests.view.NewRequest","bindingPath":{"modelName":"newRequestItems","path":"/RequestItems/1"},"ancestor":{"id":"requestItemsTable","viewName":"etm.portal.ui.managerequests.view.NewRequest"}}},"wdio_ui5_key":"etmportal.ui.managerequests.view.NewRequestsap.ui.core.Icon{\"src\":{\"regex\":{\"source\":\"message\\\\-error\"}}}{\"controlType\":\"sap.m.ColumnListItem\",\"viewName\":\"etm.portal.ui.managerequests.view.NewRequest\",\"bindingPath\":{\"modelName\":\"newRequestItems\",\"path\":\"/RequestItems/1\"},\"ancestor\":{\"id\":\"requestItemsTable\",\"viewName\":\"etm.portal.ui.managerequests.view.NewRequest\"}}"}]}
RESULT: {"script":"<script> [1562 bytes]","args":[{"selector":{"controlType":"sap.ui.core.Icon","viewName":"etm.portal.ui.managerequests.view.NewRequest","properties":{"src":{"regex":{"source":"message\\-error"}}},"ancestor":{"controlType":"sap.m.ColumnListItem","viewName":"etm.portal.ui.managerequests.view.NewRequest","bindingPath":{"modelName":"newRequestItems","path":"/RequestItems/1"},"ancestor":{"id":"requestItemsTable","viewName":"etm.portal.ui.managerequests.view.NewRequest"}}},"wdio_ui5_key":"etmportal.ui.managerequests.view.NewRequestsap.ui.core.Icon{\"src\":{\"regex\":{\"source\":\"message\\\\-error\"}}}{\"controlType\":\"sap.m.ColumnListItem\",\"viewName\":\"etm.portal.ui.managerequests.view.NewRequest\",\"bindingPath\":{\"modelName\":\"newRequestItems\",\"path\":\"/RequestItems/1\"},\"ancestor\":{\"id\":\"requestItemsTable\",\"viewName\":\"etm.portal.ui.managerequests.view.NewRequest\"}}"}]}
RESULT: undefined
COMMAND: POST /session/5f042fc1c64931e48653a4fe2329ff65/element - {"using":"xpath","value":"//*[@id=\"__status15-__xmlview61--requestItemsTable-1-icon\"]"}
RESULT: {"using":"xpath","value":"//*[@id=\"__status15-__xmlview61--requestItemsTable-1-icon\"]"}
COMMAND: POST /session/5f042fc1c64931e48653a4fe2329ff65/element/f.85A0C08C11805158FB40365BE7F8DFE2.d.673C1F728C97BA0B81AC9619757B37CF.e.5996/click - {}
RESULT: {}
COMMAND: GET /session/5f042fc1c64931e48653a4fe2329ff65/screenshot - {}
RESULT: {}
RESULT: undefined
COMMAND: POST /session/5f042fc1c64931e48653a4fe2329ff65/execute/async - {"script":"<script> [776 bytes]","args":[{"enterText":"Cost Center","selector":{"id":"costObjectAdminTypeComboBox","viewName":"etm.portal.ui.managerequests.view.NewRequest","searchOpenDialogs":true,"interaction":{"idSuffix":"inner"}},"clearTextFirst":true,"interactionType":"ENTER_TEXT"}]}
RESULT: {"script":"<script> [776 bytes]","args":[{"enterText":"Cost Center","selector":{"id":"costObjectAdminTypeComboBox","viewName":"etm.portal.ui.managerequests.view.NewRequest","searchOpenDialogs":true,"interaction":{"idSuffix":"inner"}},"clearTextFirst":true,"interactionType":"ENTER_TEXT"}]}
COMMAND: POST /session/5f042fc1c64931e48653a4fe2329ff65/actions - {"actions":[{"id":"action29","type":"key","parameters":{},"actions":[{"type":"keyDown","value":"î€‡"},{"type":"pause","duration":10},{"type":"keyUp","value":"î€‡"}]}]}
RESULT: {"actions":[{"id":"action29","type":"key","parameters":{},"actions":[{"type":"keyDown","value":"î€‡"},{"type":"pause","duration":10},{"type":"keyUp","value":"î€‡"}]}]}
COMMAND: GET /session/5f042fc1c64931e48653a4fe2329ff65/screenshot - {}
RESULT: {}
RESULT: undefined
COMMAND: POST /session/5f042fc1c64931e48653a4fe2329ff65/element - {"using":"xpath","value":"//*[@id=\"__xmlview61--costObjectIdComboBox-vhi\"]"}
RESULT: {"using":"xpath","value":"//*[@id=\"__xmlview61--costObjectIdComboBox-vhi\"]"}
COMMAND: POST /session/5f042fc1c64931e48653a4fe2329ff65/element/f.85A0C08C11805158FB40365BE7F8DFE2.d.673C1F728C97BA0B81AC9619757B37CF.e.6006/click - {}
RESULT: {}
RESULT: undefined
COMMAND: POST /session/5f042fc1c64931e48653a4fe2329ff65/execute/async - {"script":"<script> [776 bytes]","args":[{"enterText":"10001013","selector":{"controlType":"sap.m.SearchField","properties":{"placeholder":"Search"},"searchOpenDialogs":true,"interaction":{"idSuffix":"I"}},"clearTextFirst":true,"interactionType":"ENTER_TEXT"}]}
COMMAND: GET /session/5f042fc1c64931e48653a4fe2329ff65/screenshot - {}
RESULT: {"script":"<script> [776 bytes]","args":[{"enterText":"10001013","selector":{"controlType":"sap.m.SearchField","properties":{"placeholder":"Search"},"searchOpenDialogs":true,"interaction":{"idSuffix":"I"}},"clearTextFirst":true,"interactionType":"ENTER_TEXT"}]}
COMMAND: POST /session/5f042fc1c64931e48653a4fe2329ff65/actions - {"actions":[{"id":"action30","type":"key","parameters":{},"actions":[{"type":"keyDown","value":"î€‡"},{"type":"pause","duration":10},{"type":"keyUp","value":"î€‡"}]}]}
RESULT: {}
RESULT: {"actions":[{"id":"action30","type":"key","parameters":{},"actions":[{"type":"keyDown","value":"î€‡"},{"type":"pause","duration":10},{"type":"keyUp","value":"î€‡"}]}]}
COMMAND: GET /session/5f042fc1c64931e48653a4fe2329ff65/screenshot - {}
RESULT: {}
COMMAND: POST /session/5f042fc1c64931e48653a4fe2329ff65/element - {"using":"xpath","value":"//span[contains(text(), \"General Management\")]"}
RESULT: {"using":"xpath","value":"//span[contains(text(), \"General Management\")]"}
COMMAND: POST /session/5f042fc1c64931e48653a4fe2329ff65/element/f.85A0C08C11805158FB40365BE7F8DFE2.d.673C1F728C97BA0B81AC9619757B37CF.e.6044/click - {}
RESULT: {}
COMMAND: GET /session/5f042fc1c64931e48653a4fe2329ff65/screenshot - {}
RESULT: {}
COMMAND: POST /session/5f042fc1c64931e48653a4fe2329ff65/element - {"using":"xpath","value":"//bdi[contains(text(), \"OK\")]"}
RESULT: {"using":"xpath","value":"//bdi[contains(text(), \"OK\")]"}
COMMAND: POST /session/5f042fc1c64931e48653a4fe2329ff65/element/f.85A0C08C11805158FB40365BE7F8DFE2.d.673C1F728C97BA0B81AC9619757B37CF.e.6045/click - {}
RESULT: {}
COMMAND: GET /session/5f042fc1c64931e48653a4fe2329ff65/screenshot - {}
RESULT: {}
COMMAND: POST /session/5f042fc1c64931e48653a4fe2329ff65/element - {"using":"xpath","value":"(//bdi[contains(@id ,\"BDI-content\")][contains(text(), \"Save\")])[1]"}
RESULT: {"using":"xpath","value":"(//bdi[contains(@id ,\"BDI-content\")][contains(text(), \"Save\")])[1]"}
COMMAND: POST /session/5f042fc1c64931e48653a4fe2329ff65/element/f.85A0C08C11805158FB40365BE7F8DFE2.d.673C1F728C97BA0B81AC9619757B37CF.e.6049/click - {}
RESULT: {}
COMMAND: GET /session/5f042fc1c64931e48653a4fe2329ff65/screenshot - {}
RESULT: {}
COMMAND: POST /session/5f042fc1c64931e48653a4fe2329ff65/execute/async - {"script":"<script> [1562 bytes]","args":[{"selector":{"controlType":"sap.m.Button","viewName":"etm.portal.ui.managerequests.view.NewRequest","i18NText":{"propertyName":"tooltip","key":"save"},"interaction":{"idSuffix":"content"}},"wdio_ui5_key":"etmportal.ui.managerequests.view.NewRequestsap.m.Button{\"propertyName\":\"tooltip\",\"key\":\"save\"}"}]}
RESULT: {"script":"<script> [1562 bytes]","args":[{"selector":{"controlType":"sap.m.Button","viewName":"etm.portal.ui.managerequests.view.NewRequest","i18NText":{"propertyName":"tooltip","key":"save"},"interaction":{"idSuffix":"content"}},"wdio_ui5_key":"etmportal.ui.managerequests.view.NewRequestsap.m.Button{\"propertyName\":\"tooltip\",\"key\":\"save\"}"}]}
RESULT: undefined
COMMAND: POST /session/5f042fc1c64931e48653a4fe2329ff65/element - {"using":"xpath","value":"//*[@id=\"__button101\"]"}
RESULT: {"using":"xpath","value":"//*[@id=\"__button101\"]"}
COMMAND: POST /session/5f042fc1c64931e48653a4fe2329ff65/element/f.85A0C08C11805158FB40365BE7F8DFE2.d.673C1F728C97BA0B81AC9619757B37CF.e.5793/click - {}
RESULT: {}
COMMAND: GET /session/5f042fc1c64931e48653a4fe2329ff65/screenshot - {}
RESULT: {}
COMMAND: POST /session/5f042fc1c64931e48653a4fe2329ff65/execute/async - {"script":"<script> [1562 bytes]","args":[{"selector":{"controlType":"sap.m.Title","properties":{"text":"Success"},"searchOpenDialogs":true},"wdio_ui5_key":"sapm.Title{\"text\":\"Success\"}"}]}
RESULT: {"script":"<script> [1562 bytes]","args":[{"selector":{"controlType":"sap.m.Title","properties":{"text":"Success"},"searchOpenDialogs":true},"wdio_ui5_key":"sapm.Title{\"text\":\"Success\"}"}]}
RESULT: undefined
COMMAND: POST /session/5f042fc1c64931e48653a4fe2329ff65/execute/async - {"script":"<script> [6424 bytes]","args":[{"element-6066-11e4-a52e-4f735466cecf":"f.85A0C08C11805158FB40365BE7F8DFE2.d.673C1F728C97BA0B81AC9619757B37CF.e.6055"},"getText",[]]}
RESULT: {"script":"<script> [6424 bytes]","args":[{"element-6066-11e4-a52e-4f735466cecf":"f.85A0C08C11805158FB40365BE7F8DFE2.d.673C1F728C97BA0B81AC9619757B37CF.e.6055"},"getText",[]]}
COMMAND: POST /session/5f042fc1c64931e48653a4fe2329ff65/execute/async - {"script":"<script> [1562 bytes]","args":[{"selector":{"controlType":"sap.m.Button","properties":{"text":"Close"},"searchOpenDialogs":true,"interaction":{"idSuffix":"BDI-content"}},"wdio_ui5_key":"sapm.Button{\"text\":\"Close\"}"}]}
RESULT: {"script":"<script> [1562 bytes]","args":[{"selector":{"controlType":"sap.m.Button","properties":{"text":"Close"},"searchOpenDialogs":true,"interaction":{"idSuffix":"BDI-content"}},"wdio_ui5_key":"sapm.Button{\"text\":\"Close\"}"}]}
RESULT: undefined
COMMAND: POST /session/5f042fc1c64931e48653a4fe2329ff65/element - {"using":"xpath","value":"//*[@id=\"__mbox-btn-4\"]"}
RESULT: {"using":"xpath","value":"//*[@id=\"__mbox-btn-4\"]"}
COMMAND: POST /session/5f042fc1c64931e48653a4fe2329ff65/element/f.85A0C08C11805158FB40365BE7F8DFE2.d.673C1F728C97BA0B81AC9619757B37CF.e.6053/click - {}
RESULT: {}
COMMAND: GET /session/5f042fc1c64931e48653a4fe2329ff65/screenshot - {}
RESULT: {}
COMMAND: POST /session/5f042fc1c64931e48653a4fe2329ff65/execute/async - {"script":"<script> [1562 bytes]","args":[{"selector":{"controlType":"sap.m.Text","viewName":"etm.portal.ui.managerequests.view.Detail","bindingPath":{"propertyPath":"NO","modelName":"catalogModel"}},"wdio_ui5_key":"etmportal.ui.managerequests.view.Detailsap.m.Text{\"propertyPath\":\"NO\",\"modelName\":\"catalogModel\"}"}]}
RESULT: {"script":"<script> [1562 bytes]","args":[{"selector":{"controlType":"sap.m.Text","viewName":"etm.portal.ui.managerequests.view.Detail","bindingPath":{"propertyPath":"NO","modelName":"catalogModel"}},"wdio_ui5_key":"etmportal.ui.managerequests.view.Detailsap.m.Text{\"propertyPath\":\"NO\",\"modelName\":\"catalogModel\"}"}]}
RESULT: undefined
COMMAND: POST /session/5f042fc1c64931e48653a4fe2329ff65/execute/async - {"script":"<script> [6424 bytes]","args":[{"element-6066-11e4-a52e-4f735466cecf":"f.85A0C08C11805158FB40365BE7F8DFE2.d.673C1F728C97BA0B81AC9619757B37CF.e.6184"},"getText",[]]}
RESULT: {"script":"<script> [6424 bytes]","args":[{"element-6066-11e4-a52e-4f735466cecf":"f.85A0C08C11805158FB40365BE7F8DFE2.d.673C1F728C97BA0B81AC9619757B37CF.e.6184"},"getText",[]]}
COMMAND: POST /session/5f042fc1c64931e48653a4fe2329ff65/execute/async - {"script":"<script> [1562 bytes]","args":[{"selector":{"controlType":"sap.ui.core.Icon","viewName":"etm.portal.ui.managerequests.view.Detail","properties":{"src":{"regex":{"source":"date\\-time"}}},"ancestor":{"controlType":"sap.m.ColumnListItem","viewName":"etm.portal.ui.managerequests.view.Detail","bindingPath":{"path":"/SmartRequestItemsPlanningBoard(ITEM=10m,REQUEST='20107')"},"ancestor":{"id":"requestItemsTable","viewName":"etm.portal.ui.managerequests.view.Detail"}}},"wdio_ui5_key":"etmportal.ui.managerequests.view.Detailsap.ui.core.Icon{\"src\":{\"regex\":{\"source\":\"date\\\\-time\"}}}{\"controlType\":\"sap.m.ColumnListItem\",\"viewName\":\"etm.portal.ui.managerequests.view.Detail\",\"bindingPath\":{\"path\":\"/SmartRequestItemsPlanningBoard(ITEM=10m,REQUEST='20107')\"},\"ancestor\":{\"id\":\"requestItemsTable\",\"viewName\":\"etm.portal.ui.managerequests.view.Detail\"}}"}]}
RESULT: {"script":"<script> [1562 bytes]","args":[{"selector":{"controlType":"sap.ui.core.Icon","viewName":"etm.portal.ui.managerequests.view.Detail","properties":{"src":{"regex":{"source":"date\\-time"}}},"ancestor":{"controlType":"sap.m.ColumnListItem","viewName":"etm.portal.ui.managerequests.view.Detail","bindingPath":{"path":"/SmartRequestItemsPlanningBoard(ITEM=10m,REQUEST='20107')"},"ancestor":{"id":"requestItemsTable","viewName":"etm.portal.ui.managerequests.view.Detail"}}},"wdio_ui5_key":"etmportal.ui.managerequests.view.Detailsap.ui.core.Icon{\"src\":{\"regex\":{\"source\":\"date\\\\-time\"}}}{\"controlType\":\"sap.m.ColumnListItem\",\"viewName\":\"etm.portal.ui.managerequests.view.Detail\",\"bindingPath\":{\"path\":\"/SmartRequestItemsPlanningBoard(ITEM=10m,REQUEST='20107')\"},\"ancestor\":{\"id\":\"requestItemsTable\",\"viewName\":\"etm.portal.ui.managerequests.view.Detail\"}}"}]}
RESULT: undefined
COMMAND: POST /session/5f042fc1c64931e48653a4fe2329ff65/element - {"using":"xpath","value":"//*[@id=\"__button129-__clone5832-img\"]"}
RESULT: {"using":"xpath","value":"//*[@id=\"__button129-__clone5832-img\"]"}
COMMAND: POST /session/5f042fc1c64931e48653a4fe2329ff65/element/f.85A0C08C11805158FB40365BE7F8DFE2.d.673C1F728C97BA0B81AC9619757B37CF.e.6185/click - {}
RESULT: {}
COMMAND: POST /session/5f042fc1c64931e48653a4fe2329ff65/execute/async - {"script":"<script> [1562 bytes]","args":[{"selector":{"controlType":"sap.m.Button","viewName":"etm.portal.ui.managerequests.view.Detail","properties":{"text":"Close"},"searchOpenDialogs":true,"interaction":{"idSuffix":"BDI-content"}},"wdio_ui5_key":"etmportal.ui.managerequests.view.Detailsap.m.Button{\"text\":\"Close\"}"}]}
COMMAND: GET /session/5f042fc1c64931e48653a4fe2329ff65/screenshot - {}
RESULT: {"script":"<script> [1562 bytes]","args":[{"selector":{"controlType":"sap.m.Button","viewName":"etm.portal.ui.managerequests.view.Detail","properties":{"text":"Close"},"searchOpenDialogs":true,"interaction":{"idSuffix":"BDI-content"}},"wdio_ui5_key":"etmportal.ui.managerequests.view.Detailsap.m.Button{\"text\":\"Close\"}"}]}
RESULT: undefined
COMMAND: POST /session/5f042fc1c64931e48653a4fe2329ff65/element - {"using":"xpath","value":"//*[@id=\"__button137\"]"}
RESULT: {}
RESULT: {"using":"xpath","value":"//*[@id=\"__button137\"]"}
COMMAND: POST /session/5f042fc1c64931e48653a4fe2329ff65/element/f.85A0C08C11805158FB40365BE7F8DFE2.d.673C1F728C97BA0B81AC9619757B37CF.e.6188/click - {}
RESULT: {}
COMMAND: POST /session/5f042fc1c64931e48653a4fe2329ff65/execute/async - {"script":"<script> [1562 bytes]","args":[{"selector":{"controlType":"sap.ui.core.Icon","viewName":"etm.portal.ui.managerequests.view.Detail","properties":{"src":{"regex":{"source":"date\\-time"}}},"ancestor":{"controlType":"sap.m.ColumnListItem","viewName":"etm.portal.ui.managerequests.view.Detail","bindingPath":{"path":"/SmartRequestItemsPlanningBoard(ITEM=20m,REQUEST='20107')"},"ancestor":{"id":"requestItemsTable","viewName":"etm.portal.ui.managerequests.view.Detail"}}},"wdio_ui5_key":"etmportal.ui.managerequests.view.Detailsap.ui.core.Icon{\"src\":{\"regex\":{\"source\":\"date\\\\-time\"}}}{\"controlType\":\"sap.m.ColumnListItem\",\"viewName\":\"etm.portal.ui.managerequests.view.Detail\",\"bindingPath\":{\"path\":\"/SmartRequestItemsPlanningBoard(ITEM=20m,REQUEST='20107')\"},\"ancestor\":{\"id\":\"requestItemsTable\",\"viewName\":\"etm.portal.ui.managerequests.view.Detail\"}}"}]}
COMMAND: GET /session/5f042fc1c64931e48653a4fe2329ff65/screenshot - {}
RESULT: {"script":"<script> [1562 bytes]","args":[{"selector":{"controlType":"sap.ui.core.Icon","viewName":"etm.portal.ui.managerequests.view.Detail","properties":{"src":{"regex":{"source":"date\\-time"}}},"ancestor":{"controlType":"sap.m.ColumnListItem","viewName":"etm.portal.ui.managerequests.view.Detail","bindingPath":{"path":"/SmartRequestItemsPlanningBoard(ITEM=20m,REQUEST='20107')"},"ancestor":{"id":"requestItemsTable","viewName":"etm.portal.ui.managerequests.view.Detail"}}},"wdio_ui5_key":"etmportal.ui.managerequests.view.Detailsap.ui.core.Icon{\"src\":{\"regex\":{\"source\":\"date\\\\-time\"}}}{\"controlType\":\"sap.m.ColumnListItem\",\"viewName\":\"etm.portal.ui.managerequests.view.Detail\",\"bindingPath\":{\"path\":\"/SmartRequestItemsPlanningBoard(ITEM=20m,REQUEST='20107')\"},\"ancestor\":{\"id\":\"requestItemsTable\",\"viewName\":\"etm.portal.ui.managerequests.view.Detail\"}}"}]}
RESULT: undefined
COMMAND: POST /session/5f042fc1c64931e48653a4fe2329ff65/element - {"using":"xpath","value":"//*[@id=\"__button129-__clone5833-img\"]"}
RESULT: {}
RESULT: {"using":"xpath","value":"//*[@id=\"__button129-__clone5833-img\"]"}
COMMAND: POST /session/5f042fc1c64931e48653a4fe2329ff65/element/f.85A0C08C11805158FB40365BE7F8DFE2.d.673C1F728C97BA0B81AC9619757B37CF.e.6195/click - {}
RESULT: {}
RESULT: undefined
COMMAND: POST /session/5f042fc1c64931e48653a4fe2329ff65/element - {"using":"xpath","value":"//*[@id=\"__button137\"]"}
COMMAND: GET /session/5f042fc1c64931e48653a4fe2329ff65/screenshot - {}
RESULT: {"using":"xpath","value":"//*[@id=\"__button137\"]"}
COMMAND: POST /session/5f042fc1c64931e48653a4fe2329ff65/elements - {"using":"xpath","value":"//*[@id=\"__button137\"]"}
RESULT: {}
RESULT: {"using":"xpath","value":"//*[@id=\"__button137\"]"}
COMMAND: POST /session/5f042fc1c64931e48653a4fe2329ff65/element - {"using":"xpath","value":"//*[@id=\"__button137\"]"}
RESULT: {"using":"xpath","value":"//*[@id=\"__button137\"]"}
COMMAND: POST /session/5f042fc1c64931e48653a4fe2329ff65/element/f.85A0C08C11805158FB40365BE7F8DFE2.d.673C1F728C97BA0B81AC9619757B37CF.e.6202/click - {}
RESULT: {}
COMMAND: POST /session/5f042fc1c64931e48653a4fe2329ff65/element - {"using":"css selector","value":"#shell-header-logo"}
COMMAND: GET /session/5f042fc1c64931e48653a4fe2329ff65/screenshot - {}
RESULT: {"using":"css selector","value":"#shell-header-logo"}
COMMAND: POST /session/5f042fc1c64931e48653a4fe2329ff65/element/f.85A0C08C11805158FB40365BE7F8DFE2.d.673C1F728C97BA0B81AC9619757B37CF.e.5276/click - {}
RESULT: {}
RESULT: {}
COMMAND: GET /session/5f042fc1c64931e48653a4fe2329ff65/screenshot - {}
RESULT: {}
]]></system-out>
    </testcase>
    <testcase classname="chrome.136_0_7103_49.windows.Standard_contract_-_add_contract_items_by_Insert_Request_US118222" name="Should insert the request into the contract" time="54.297">
      <system-out><![CDATA[
RESULT: undefined
COMMAND: POST /session/5f042fc1c64931e48653a4fe2329ff65/element - {"using":"xpath","value":"//*[@id=\"__tile131\"]"}
RESULT: {"using":"xpath","value":"//*[@id=\"__tile131\"]"}
COMMAND: POST /session/5f042fc1c64931e48653a4fe2329ff65/element/f.85A0C08C11805158FB40365BE7F8DFE2.d.673C1F728C97BA0B81AC9619757B37CF.e.4809/click - {}
RESULT: {}
COMMAND: GET /session/5f042fc1c64931e48653a4fe2329ff65/screenshot - {}
RESULT: {}
COMMAND: POST /session/5f042fc1c64931e48653a4fe2329ff65/elements - {"using":"xpath","value":"//span[text()='Error']"}
RESULT: {"using":"xpath","value":"//span[text()='Error']"}
COMMAND: POST /session/5f042fc1c64931e48653a4fe2329ff65/execute/async - {"script":"<script> [1562 bytes]","args":[{"selector":{"controlType":"sap.m.SearchField","viewName":"etm.portal.ui.managecontracts.view.Master","bindingPath":{"path":"","propertyPath":"/_BASIC_SEARCH_FIELD","modelName":"fi1t3rM0d31"},"interaction":{"idSuffix":"I"}},"wdio_ui5_key":"etmportal.ui.managecontracts.view.Mastersap.m.SearchField{\"path\":\"\",\"propertyPath\":\"/_BASIC_SEARCH_FIELD\",\"modelName\":\"fi1t3rM0d31\"}"}]}
RESULT: {"script":"<script> [1562 bytes]","args":[{"selector":{"controlType":"sap.m.SearchField","viewName":"etm.portal.ui.managecontracts.view.Master","bindingPath":{"path":"","propertyPath":"/_BASIC_SEARCH_FIELD","modelName":"fi1t3rM0d31"},"interaction":{"idSuffix":"I"}},"wdio_ui5_key":"etmportal.ui.managecontracts.view.Mastersap.m.SearchField{\"path\":\"\",\"propertyPath\":\"/_BASIC_SEARCH_FIELD\",\"modelName\":\"fi1t3rM0d31\"}"}]}
RESULT: undefined
COMMAND: POST /session/5f042fc1c64931e48653a4fe2329ff65/execute/async - {"script":"<script> [776 bytes]","args":[{"enterText":"10235","selector":{"controlType":"sap.m.SearchField","viewName":"etm.portal.ui.managecontracts.view.Master","bindingPath":{"path":"","propertyPath":"/_BASIC_SEARCH_FIELD","modelName":"fi1t3rM0d31"},"interaction":{"idSuffix":"I"}},"clearTextFirst":true,"interactionType":"ENTER_TEXT"}]}
RESULT: {"script":"<script> [776 bytes]","args":[{"enterText":"10235","selector":{"controlType":"sap.m.SearchField","viewName":"etm.portal.ui.managecontracts.view.Master","bindingPath":{"path":"","propertyPath":"/_BASIC_SEARCH_FIELD","modelName":"fi1t3rM0d31"},"interaction":{"idSuffix":"I"}},"clearTextFirst":true,"interactionType":"ENTER_TEXT"}]}
COMMAND: POST /session/5f042fc1c64931e48653a4fe2329ff65/actions - {"actions":[{"id":"action31","type":"key","parameters":{},"actions":[{"type":"keyDown","value":"î€‡"},{"type":"pause","duration":10},{"type":"keyUp","value":"î€‡"}]}]}
RESULT: {"actions":[{"id":"action31","type":"key","parameters":{},"actions":[{"type":"keyDown","value":"î€‡"},{"type":"pause","duration":10},{"type":"keyUp","value":"î€‡"}]}]}
COMMAND: GET /session/5f042fc1c64931e48653a4fe2329ff65/screenshot - {}
RESULT: {}
COMMAND: POST /session/5f042fc1c64931e48653a4fe2329ff65/execute/async - {"script":"<script> [1562 bytes]","args":[{"selector":{"controlType":"sap.ui.core.Icon","viewName":"etm.portal.ui.managecontracts.view.Master","properties":{"src":{"regex":{"source":"slim\\-arrow\\-right"}}}},"wdio_ui5_key":"etmportal.ui.managecontracts.view.Mastersap.ui.core.Icon{\"src\":{\"regex\":{\"source\":\"slim\\\\-arrow\\\\-right\"}}}"}]}
RESULT: {"script":"<script> [1562 bytes]","args":[{"selector":{"controlType":"sap.ui.core.Icon","viewName":"etm.portal.ui.managecontracts.view.Master","properties":{"src":{"regex":{"source":"slim\\-arrow\\-right"}}}},"wdio_ui5_key":"etmportal.ui.managecontracts.view.Mastersap.ui.core.Icon{\"src\":{\"regex\":{\"source\":\"slim\\\\-arrow\\\\-right\"}}}"}]}
RESULT: undefined
COMMAND: POST /session/5f042fc1c64931e48653a4fe2329ff65/element - {"using":"xpath","value":"//*[@id=\"__item1722-__clone5944-imgNav\"]"}
RESULT: {"using":"xpath","value":"//*[@id=\"__item1722-__clone5944-imgNav\"]"}
COMMAND: POST /session/5f042fc1c64931e48653a4fe2329ff65/element/f.85A0C08C11805158FB40365BE7F8DFE2.d.673C1F728C97BA0B81AC9619757B37CF.e.6322/click - {}
RESULT: {}
COMMAND: POST /session/5f042fc1c64931e48653a4fe2329ff65/execute/async - {"script":"<script> [1562 bytes]","args":[{"selector":{"id":"addRequestItemBtn","viewName":"etm.portal.ui.managecontracts.view.Detail","interaction":{"idSuffix":"BDI-content"}},"wdio_ui5_key":"addRequestItemBtnetmportal.ui.managecontracts.view.Detail"}]}
COMMAND: GET /session/5f042fc1c64931e48653a4fe2329ff65/screenshot - {}
RESULT: {"script":"<script> [1562 bytes]","args":[{"selector":{"id":"addRequestItemBtn","viewName":"etm.portal.ui.managecontracts.view.Detail","interaction":{"idSuffix":"BDI-content"}},"wdio_ui5_key":"addRequestItemBtnetmportal.ui.managecontracts.view.Detail"}]}
RESULT: undefined
COMMAND: POST /session/5f042fc1c64931e48653a4fe2329ff65/element - {"using":"xpath","value":"//*[@id=\"__xmlview64--addRequestItemBtn\"]"}
RESULT: {}
RESULT: {"using":"xpath","value":"//*[@id=\"__xmlview64--addRequestItemBtn\"]"}
COMMAND: POST /session/5f042fc1c64931e48653a4fe2329ff65/element/f.85A0C08C11805158FB40365BE7F8DFE2.d.673C1F728C97BA0B81AC9619757B37CF.e.6397/click - {}
RESULT: {}
COMMAND: GET /session/5f042fc1c64931e48653a4fe2329ff65/screenshot - {}
RESULT: {}
COMMAND: POST /session/5f042fc1c64931e48653a4fe2329ff65/element - {"using":"xpath","value":"//div[contains(@id ,\"popupRequestTable-sa-CbBg\")]"}
RESULT: {"using":"xpath","value":"//div[contains(@id ,\"popupRequestTable-sa-CbBg\")]"}
COMMAND: POST /session/5f042fc1c64931e48653a4fe2329ff65/element/f.85A0C08C11805158FB40365BE7F8DFE2.d.673C1F728C97BA0B81AC9619757B37CF.e.6489/click - {}
RESULT: {}
COMMAND: GET /session/5f042fc1c64931e48653a4fe2329ff65/screenshot - {}
RESULT: {}
COMMAND: POST /session/5f042fc1c64931e48653a4fe2329ff65/execute/async - {"script":"<script> [1562 bytes]","args":[{"selector":{"controlType":"sap.m.Button","viewName":"etm.portal.ui.managecontracts.view.Detail","i18NText":{"propertyName":"text","key":"selectionDone"},"searchOpenDialogs":true,"interaction":{"idSuffix":"BDI-content"}},"wdio_ui5_key":"etmportal.ui.managecontracts.view.Detailsap.m.Button{\"propertyName\":\"text\",\"key\":\"selectionDone\"}"}]}
RESULT: {"script":"<script> [1562 bytes]","args":[{"selector":{"controlType":"sap.m.Button","viewName":"etm.portal.ui.managecontracts.view.Detail","i18NText":{"propertyName":"text","key":"selectionDone"},"searchOpenDialogs":true,"interaction":{"idSuffix":"BDI-content"}},"wdio_ui5_key":"etmportal.ui.managecontracts.view.Detailsap.m.Button{\"propertyName\":\"text\",\"key\":\"selectionDone\"}"}]}
RESULT: undefined
COMMAND: POST /session/5f042fc1c64931e48653a4fe2329ff65/element - {"using":"xpath","value":"//*[@id=\"__button148\"]"}
RESULT: {"using":"xpath","value":"//*[@id=\"__button148\"]"}
COMMAND: POST /session/5f042fc1c64931e48653a4fe2329ff65/element/f.85A0C08C11805158FB40365BE7F8DFE2.d.673C1F728C97BA0B81AC9619757B37CF.e.6492/click - {}
RESULT: {}
COMMAND: POST /session/5f042fc1c64931e48653a4fe2329ff65/execute/async - {"script":"<script> [1562 bytes]","args":[{"selector":{"controlType":"sap.m.Text","properties":{"text":"Started processing request items into the contract."},"searchOpenDialogs":true},"wdio_ui5_key":"sapm.Text{\"text\":\"Started processing request items into the contract.\"}"}]}
COMMAND: GET /session/5f042fc1c64931e48653a4fe2329ff65/screenshot - {}
RESULT: {"script":"<script> [1562 bytes]","args":[{"selector":{"controlType":"sap.m.Text","properties":{"text":"Started processing request items into the contract."},"searchOpenDialogs":true},"wdio_ui5_key":"sapm.Text{\"text\":\"Started processing request items into the contract.\"}"}]}
RESULT: undefined
COMMAND: POST /session/5f042fc1c64931e48653a4fe2329ff65/execute/async - {"script":"<script> [6424 bytes]","args":[{"element-6066-11e4-a52e-4f735466cecf":"f.85A0C08C11805158FB40365BE7F8DFE2.d.673C1F728C97BA0B81AC9619757B37CF.e.6494"},"getText",[]]}
RESULT: {}
RESULT: {"script":"<script> [6424 bytes]","args":[{"element-6066-11e4-a52e-4f735466cecf":"f.85A0C08C11805158FB40365BE7F8DFE2.d.673C1F728C97BA0B81AC9619757B37CF.e.6494"},"getText",[]]}
COMMAND: POST /session/5f042fc1c64931e48653a4fe2329ff65/execute/async - {"script":"<script> [1562 bytes]","args":[{"selector":{"controlType":"sap.m.Button","properties":{"text":"OK"},"searchOpenDialogs":true,"interaction":{"idSuffix":"inner"}},"wdio_ui5_key":"sapm.Button{\"text\":\"OK\"}"}]}
RESULT: {"script":"<script> [1562 bytes]","args":[{"selector":{"controlType":"sap.m.Button","properties":{"text":"OK"},"searchOpenDialogs":true,"interaction":{"idSuffix":"inner"}},"wdio_ui5_key":"sapm.Button{\"text\":\"OK\"}"}]}
RESULT: undefined
COMMAND: POST /session/5f042fc1c64931e48653a4fe2329ff65/element - {"using":"xpath","value":"//*[@id=\"__mbox-btn-5\"]"}
RESULT: {"using":"xpath","value":"//*[@id=\"__mbox-btn-5\"]"}
COMMAND: POST /session/5f042fc1c64931e48653a4fe2329ff65/element/f.85A0C08C11805158FB40365BE7F8DFE2.d.673C1F728C97BA0B81AC9619757B37CF.e.6493/click - {}
RESULT: {}
COMMAND: POST /session/5f042fc1c64931e48653a4fe2329ff65/execute/async - {"script":"<script> [1562 bytes]","args":[{"selector":{"id":"headerBillingItemsTabFilter","viewName":"etm.portal.ui.managecontracts.view.Detail","interaction":{"idSuffix":"text"}},"wdio_ui5_key":"headerBillingItemsTabFilteretmportal.ui.managecontracts.view.Detail"}]}
COMMAND: GET /session/5f042fc1c64931e48653a4fe2329ff65/screenshot - {}
RESULT: {"script":"<script> [1562 bytes]","args":[{"selector":{"id":"headerBillingItemsTabFilter","viewName":"etm.portal.ui.managecontracts.view.Detail","interaction":{"idSuffix":"text"}},"wdio_ui5_key":"headerBillingItemsTabFilteretmportal.ui.managecontracts.view.Detail"}]}
RESULT: undefined
COMMAND: POST /session/5f042fc1c64931e48653a4fe2329ff65/element - {"using":"xpath","value":"//*[@id=\"__xmlview64--headerBillingItemsTabFilter\"]"}
RESULT: {}
RESULT: {"using":"xpath","value":"//*[@id=\"__xmlview64--headerBillingItemsTabFilter\"]"}
COMMAND: POST /session/5f042fc1c64931e48653a4fe2329ff65/element/f.85A0C08C11805158FB40365BE7F8DFE2.d.673C1F728C97BA0B81AC9619757B37CF.e.6504/click - {}
RESULT: {}
COMMAND: GET /session/5f042fc1c64931e48653a4fe2329ff65/screenshot - {}
RESULT: {}
COMMAND: POST /session/5f042fc1c64931e48653a4fe2329ff65/execute/async - {"script":"<script> [1562 bytes]","args":[{"selector":{"controlType":"sap.ui.core.Icon","viewName":"etm.portal.ui.managecontracts.view.Detail","properties":{"src":{"regex":{"source":"synchronize"}}}},"wdio_ui5_key":"etmportal.ui.managecontracts.view.Detailsap.ui.core.Icon{\"src\":{\"regex\":{\"source\":\"synchronize\"}}}"}]}
RESULT: {"script":"<script> [1562 bytes]","args":[{"selector":{"controlType":"sap.ui.core.Icon","viewName":"etm.portal.ui.managecontracts.view.Detail","properties":{"src":{"regex":{"source":"synchronize"}}}},"wdio_ui5_key":"etmportal.ui.managecontracts.view.Detailsap.ui.core.Icon{\"src\":{\"regex\":{\"source\":\"synchronize\"}}}"}]}
RESULT: undefined
COMMAND: POST /session/5f042fc1c64931e48653a4fe2329ff65/element - {"using":"xpath","value":"//*[@id=\"__xmlview64--btnToggleUpdate-img\"]"}
RESULT: {"using":"xpath","value":"//*[@id=\"__xmlview64--btnToggleUpdate-img\"]"}
COMMAND: POST /session/5f042fc1c64931e48653a4fe2329ff65/element/f.85A0C08C11805158FB40365BE7F8DFE2.d.673C1F728C97BA0B81AC9619757B37CF.e.6396/click - {}
RESULT: {}
COMMAND: GET /session/5f042fc1c64931e48653a4fe2329ff65/screenshot - {}
RESULT: {}
RESULT: undefined
COMMAND: POST /session/5f042fc1c64931e48653a4fe2329ff65/element - {"using":"xpath","value":"//*[@id=\"__xmlview64--headerBillingItemsTabFilter\"]"}
RESULT: {"using":"xpath","value":"//*[@id=\"__xmlview64--headerBillingItemsTabFilter\"]"}
COMMAND: POST /session/5f042fc1c64931e48653a4fe2329ff65/element/f.85A0C08C11805158FB40365BE7F8DFE2.d.673C1F728C97BA0B81AC9619757B37CF.e.6504/click - {}
RESULT: {}
COMMAND: POST /session/5f042fc1c64931e48653a4fe2329ff65/execute/async - {"script":"<script> [1562 bytes]","args":[{"selector":{"controlType":"sap.m.Title","viewName":"etm.portal.ui.managecontracts.view.Detail","properties":{"text":"Contract Items (2)"}},"wdio_ui5_key":"etmportal.ui.managecontracts.view.Detailsap.m.Title{\"text\":\"Contract Items (2)\"}"}]}
COMMAND: GET /session/5f042fc1c64931e48653a4fe2329ff65/screenshot - {}
RESULT: {"script":"<script> [1562 bytes]","args":[{"selector":{"controlType":"sap.m.Title","viewName":"etm.portal.ui.managecontracts.view.Detail","properties":{"text":"Contract Items (2)"}},"wdio_ui5_key":"etmportal.ui.managecontracts.view.Detailsap.m.Title{\"text\":\"Contract Items (2)\"}"}]}
RESULT: undefined
COMMAND: POST /session/5f042fc1c64931e48653a4fe2329ff65/execute/async - {"script":"<script> [6424 bytes]","args":[{"element-6066-11e4-a52e-4f735466cecf":"f.85A0C08C11805158FB40365BE7F8DFE2.d.673C1F728C97BA0B81AC9619757B37CF.e.6512"},"getText",[]]}
RESULT: {}
RESULT: {"script":"<script> [6424 bytes]","args":[{"element-6066-11e4-a52e-4f735466cecf":"f.85A0C08C11805158FB40365BE7F8DFE2.d.673C1F728C97BA0B81AC9619757B37CF.e.6512"},"getText",[]]}
COMMAND: POST /session/5f042fc1c64931e48653a4fe2329ff65/execute/async - {"script":"<script> [1562 bytes]","args":[{"selector":{"controlType":"sap.m.ObjectStatus","viewName":"etm.portal.ui.managecontracts.view.Detail","bindingPath":{"path":"/SmartContractItems(CONTRACT='10235',ITEM=10m,SUB_ITEM=0m)","propertyPath":"STATUS"}},"wdio_ui5_key":"etmportal.ui.managecontracts.view.Detailsap.m.ObjectStatus{\"path\":\"/SmartContractItems(CONTRACT='10235',ITEM=10m,SUB_ITEM=0m)\",\"propertyPath\":\"STATUS\"}"}]}
RESULT: {"script":"<script> [1562 bytes]","args":[{"selector":{"controlType":"sap.m.ObjectStatus","viewName":"etm.portal.ui.managecontracts.view.Detail","bindingPath":{"path":"/SmartContractItems(CONTRACT='10235',ITEM=10m,SUB_ITEM=0m)","propertyPath":"STATUS"}},"wdio_ui5_key":"etmportal.ui.managecontracts.view.Detailsap.m.ObjectStatus{\"path\":\"/SmartContractItems(CONTRACT='10235',ITEM=10m,SUB_ITEM=0m)\",\"propertyPath\":\"STATUS\"}"}]}
RESULT: undefined
COMMAND: POST /session/5f042fc1c64931e48653a4fe2329ff65/execute/async - {"script":"<script> [6424 bytes]","args":[{"element-6066-11e4-a52e-4f735466cecf":"f.85A0C08C11805158FB40365BE7F8DFE2.d.673C1F728C97BA0B81AC9619757B37CF.e.6514"},"getText",[]]}
RESULT: {"script":"<script> [6424 bytes]","args":[{"element-6066-11e4-a52e-4f735466cecf":"f.85A0C08C11805158FB40365BE7F8DFE2.d.673C1F728C97BA0B81AC9619757B37CF.e.6514"},"getText",[]]}
COMMAND: POST /session/5f042fc1c64931e48653a4fe2329ff65/execute/async - {"script":"<script> [1562 bytes]","args":[{"selector":{"controlType":"sap.m.ObjectStatus","viewName":"etm.portal.ui.managecontracts.view.Detail","bindingPath":{"path":"/SmartContractItems(CONTRACT='10235',ITEM=20m,SUB_ITEM=0m)","propertyPath":"STATUS"}},"wdio_ui5_key":"etmportal.ui.managecontracts.view.Detailsap.m.ObjectStatus{\"path\":\"/SmartContractItems(CONTRACT='10235',ITEM=20m,SUB_ITEM=0m)\",\"propertyPath\":\"STATUS\"}"}]}
RESULT: {"script":"<script> [1562 bytes]","args":[{"selector":{"controlType":"sap.m.ObjectStatus","viewName":"etm.portal.ui.managecontracts.view.Detail","bindingPath":{"path":"/SmartContractItems(CONTRACT='10235',ITEM=20m,SUB_ITEM=0m)","propertyPath":"STATUS"}},"wdio_ui5_key":"etmportal.ui.managecontracts.view.Detailsap.m.ObjectStatus{\"path\":\"/SmartContractItems(CONTRACT='10235',ITEM=20m,SUB_ITEM=0m)\",\"propertyPath\":\"STATUS\"}"}]}
RESULT: undefined
COMMAND: POST /session/5f042fc1c64931e48653a4fe2329ff65/execute/async - {"script":"<script> [6424 bytes]","args":[{"element-6066-11e4-a52e-4f735466cecf":"f.85A0C08C11805158FB40365BE7F8DFE2.d.673C1F728C97BA0B81AC9619757B37CF.e.6515"},"getText",[]]}
RESULT: {"script":"<script> [6424 bytes]","args":[{"element-6066-11e4-a52e-4f735466cecf":"f.85A0C08C11805158FB40365BE7F8DFE2.d.673C1F728C97BA0B81AC9619757B37CF.e.6515"},"getText",[]]}
]]></system-out>
    </testcase>
  </testsuite>
  <testsuite timestamp="2025-05-15T08:20:12" time="73.631" tests="1" failures="0" errors="0" skipped="0">
    <properties>
      <property name="specId" value="0" />
      <property name="suiteName" value="Manage contracts - revert request US152962" />
      <property name="capabilities" value="chrome.136_0_7103_49.windows" />
      <property name="file" value="file:///D:/a/1/s/test/specs/R2C/manage-contracts-revert-request.spec.js" />
    </properties>
    <testcase classname="chrome.136_0_7103_49.windows.Manage_contracts_-_revert_request_US152962" name="Should revert the request" time="73.63">
      <system-out><![CDATA[
COMMAND: POST /session/5f042fc1c64931e48653a4fe2329ff65/execute/async - {"script":"<script> [1562 bytes]","args":[{"selector":{"id":"revertPlanningBtn","viewName":"etm.portal.ui.managecontracts.view.Detail","interaction":{"idSuffix":"BDI-content"}},"wdio_ui5_key":"revertPlanningBtnetmportal.ui.managecontracts.view.Detail"}]}
RESULT: {"script":"<script> [1562 bytes]","args":[{"selector":{"id":"revertPlanningBtn","viewName":"etm.portal.ui.managecontracts.view.Detail","interaction":{"idSuffix":"BDI-content"}},"wdio_ui5_key":"revertPlanningBtnetmportal.ui.managecontracts.view.Detail"}]}
RESULT: undefined
COMMAND: POST /session/5f042fc1c64931e48653a4fe2329ff65/element - {"using":"xpath","value":"//*[@id=\"__xmlview64--revertPlanningBtn\"]"}
RESULT: {"using":"xpath","value":"//*[@id=\"__xmlview64--revertPlanningBtn\"]"}
COMMAND: POST /session/5f042fc1c64931e48653a4fe2329ff65/element/f.85A0C08C11805158FB40365BE7F8DFE2.d.673C1F728C97BA0B81AC9619757B37CF.e.6400/click - {}
RESULT: {}
COMMAND: POST /session/5f042fc1c64931e48653a4fe2329ff65/element - {"using":"xpath","value":"(//div[contains(@id ,\"selectMulti-CbBg\")])[2]"}
COMMAND: GET /session/5f042fc1c64931e48653a4fe2329ff65/screenshot - {}
RESULT: {"using":"xpath","value":"(//div[contains(@id ,\"selectMulti-CbBg\")])[2]"}
COMMAND: POST /session/5f042fc1c64931e48653a4fe2329ff65/element/f.85A0C08C11805158FB40365BE7F8DFE2.d.673C1F728C97BA0B81AC9619757B37CF.e.6562/click - {}
RESULT: {}
RESULT: {}
COMMAND: GET /session/5f042fc1c64931e48653a4fe2329ff65/screenshot - {}
RESULT: {}
COMMAND: POST /session/5f042fc1c64931e48653a4fe2329ff65/element - {"using":"xpath","value":"//span[contains(@id ,\"executeRevertPlanningBtn-content\")]"}
RESULT: {"using":"xpath","value":"//span[contains(@id ,\"executeRevertPlanningBtn-content\")]"}
COMMAND: POST /session/5f042fc1c64931e48653a4fe2329ff65/element/f.85A0C08C11805158FB40365BE7F8DFE2.d.673C1F728C97BA0B81AC9619757B37CF.e.6563/click - {}
RESULT: {}
COMMAND: GET /session/5f042fc1c64931e48653a4fe2329ff65/screenshot - {}
RESULT: {}
COMMAND: POST /session/5f042fc1c64931e48653a4fe2329ff65/actions - {"actions":[{"id":"action32","type":"key","parameters":{},"actions":[{"type":"keyDown","value":"î€‡"},{"type":"pause","duration":10},{"type":"keyUp","value":"î€‡"}]}]}
RESULT: {"actions":[{"id":"action32","type":"key","parameters":{},"actions":[{"type":"keyDown","value":"î€‡"},{"type":"pause","duration":10},{"type":"keyUp","value":"î€‡"}]}]}
COMMAND: GET /session/5f042fc1c64931e48653a4fe2329ff65/screenshot - {}
RESULT: {}
COMMAND: POST /session/5f042fc1c64931e48653a4fe2329ff65/refresh - {}
RESULT: {}
COMMAND: GET /session/5f042fc1c64931e48653a4fe2329ff65/screenshot - {}
RESULT: {}
COMMAND: POST /session/5f042fc1c64931e48653a4fe2329ff65/execute/async - {"script":"<script> [189 bytes]","args":[]}
RESULT: {"script":"<script> [189 bytes]","args":[]}
COMMAND: POST /session/5f042fc1c64931e48653a4fe2329ff65/execute/async - {"script":"<script> [123 bytes]","args":[]}
RESULT: {"script":"<script> [123 bytes]","args":[]}
COMMAND: POST /session/5f042fc1c64931e48653a4fe2329ff65/timeouts - {"script":"<number>"}
RESULT: {"script":"<number>"}
COMMAND: GET /session/5f042fc1c64931e48653a4fe2329ff65/timeouts - {}
RESULT: {}
RESULT: undefined
COMMAND: POST /session/5f042fc1c64931e48653a4fe2329ff65/execute/async - {"script":"<script> [2676 bytes]","args":[]}
RESULT: {"script":"<script> [2676 bytes]","args":[]}
COMMAND: POST /session/5f042fc1c64931e48653a4fe2329ff65/execute/async - {"script":"<script> [2342 bytes]","args":[{"protocol":"http","hostname":"0.0.0.0","path":"/","capabilities":{"browserName":"chrome","goog:chromeOptions":{"binary":"C:\\Program Files\\Google\\Chrome\\Application\\chrome.exe","args":["--start-maximized"]}},"logLevel":"warn","connectionRetryTimeout":120000,"connectionRetryCount":3,"logLevels":{},"enableDirectConnect":true,"strictSSL":true,"_":"65 more keys: [\"cacheDir\",\"port\",\"requestedCapabilities\",\"automationProtocol\",\"baseUrl\",\"waitforInterval\",\"waitforTimeout\",\"onReload\",\"beforeCommand\",\"afterCommand\",\"rootDir\",\"specs\",\"suites\",\"exclude\",\"groupLogsByTestSpec\",\"excludeDriverLogs\",\"bail\",\"framework\",\"reporters\",\"services\",\"maxInstances\",\"maxInstancesPerCapability\",\"injectGlobals\",\"filesToWatch\",\"execArgv\",\"runnerEnv\",\"runner\",\"shard\",\"specFileRetries\",\"specFileRetriesDelay\",\"specFileRetriesDeferred\",\"reporterSyncInterval\",\"reporterSyncTimeout\",\"cucumberFeaturesWithLineNumbers\",\"autoCompileOpts\",\"mochaOpts\",\"jasmineOpts\",\"cucumberOpts\",\"onPrepare\",\"onWorkerStart\",\"onWorkerEnd\",\"before\",\"beforeSession\",\"beforeSuite\",\"beforeHook\",\"beforeTest\",\"afterTest\",\"afterHook\",\"afterSuite\",\"afterSession\",\"after\",\"onComplete\",\"beforeAssertion\",\"afterAssertion\",\"beforeFeature\",\"beforeScenario\",\"beforeStep\",\"afterStep\",\"afterScenario\",\"afterFeature\",\"_\",\"suite\",\"$0\",\"ignoredWorkerServices\",\"wdi5\"]"}]}
RESULT: {"script":"<script> [2342 bytes]","args":[{"protocol":"http","hostname":"0.0.0.0","path":"/","capabilities":{"browserName":"chrome","goog:chromeOptions":{"binary":"C:\\Program Files\\Google\\Chrome\\Application\\chrome.exe","args":["--start-maximized"]}},"logLevel":"warn","connectionRetryTimeout":120000,"connectionRetryCount":3,"logLevels":{},"enableDirectConnect":true,"strictSSL":true,"_":"65 more keys: [\"cacheDir\",\"port\",\"requestedCapabilities\",\"automationProtocol\",\"baseUrl\",\"waitforInterval\",\"waitforTimeout\",\"onReload\",\"beforeCommand\",\"afterCommand\",\"rootDir\",\"specs\",\"suites\",\"exclude\",\"groupLogsByTestSpec\",\"excludeDriverLogs\",\"bail\",\"framework\",\"reporters\",\"services\",\"maxInstances\",\"maxInstancesPerCapability\",\"injectGlobals\",\"filesToWatch\",\"execArgv\",\"runnerEnv\",\"runner\",\"shard\",\"specFileRetries\",\"specFileRetriesDelay\",\"specFileRetriesDeferred\",\"reporterSyncInterval\",\"reporterSyncTimeout\",\"cucumberFeaturesWithLineNumbers\",\"autoCompileOpts\",\"mochaOpts\",\"jasmineOpts\",\"cucumberOpts\",\"onPrepare\",\"onWorkerStart\",\"onWorkerEnd\",\"before\",\"beforeSession\",\"beforeSuite\",\"beforeHook\",\"beforeTest\",\"afterTest\",\"afterHook\",\"afterSuite\",\"afterSession\",\"after\",\"onComplete\",\"beforeAssertion\",\"afterAssertion\",\"beforeFeature\",\"beforeScenario\",\"beforeStep\",\"afterStep\",\"afterScenario\",\"afterFeature\",\"_\",\"suite\",\"$0\",\"ignoredWorkerServices\",\"wdi5\"]"}]}
COMMAND: POST /session/5f042fc1c64931e48653a4fe2329ff65/execute/async - {"script":"<script> [21126 bytes]","args":[35000]}
RESULT: {"script":"<script> [21126 bytes]","args":[35000]}
COMMAND: POST /session/5f042fc1c64931e48653a4fe2329ff65/execute/async - {"script":"<script> [1562 bytes]","args":[{"selector":{"controlType":"sap.m.Title","viewName":"etm.portal.ui.managecontracts.view.Detail","properties":{"text":"Contract Items (1)"}},"wdio_ui5_key":"etmportal.ui.managecontracts.view.Detailsap.m.Title{\"text\":\"Contract Items (1)\"}"}]}
RESULT: {"script":"<script> [1562 bytes]","args":[{"selector":{"controlType":"sap.m.Title","viewName":"etm.portal.ui.managecontracts.view.Detail","properties":{"text":"Contract Items (1)"}},"wdio_ui5_key":"etmportal.ui.managecontracts.view.Detailsap.m.Title{\"text\":\"Contract Items (1)\"}"}]}
RESULT: undefined
COMMAND: POST /session/5f042fc1c64931e48653a4fe2329ff65/execute/async - {"script":"<script> [6424 bytes]","args":[{"element-6066-11e4-a52e-4f735466cecf":"f.85A0C08C11805158FB40365BE7F8DFE2.d.14107A35EE72FF55AF46F95E1A2A3FEA.e.6801"},"getText",[]]}
RESULT: {"script":"<script> [6424 bytes]","args":[{"element-6066-11e4-a52e-4f735466cecf":"f.85A0C08C11805158FB40365BE7F8DFE2.d.14107A35EE72FF55AF46F95E1A2A3FEA.e.6801"},"getText",[]]}
COMMAND: POST /session/5f042fc1c64931e48653a4fe2329ff65/execute/async - {"script":"<script> [1562 bytes]","args":[{"selector":{"id":"contractDetailEditBtn","viewName":"etm.portal.ui.managecontracts.view.Detail","interaction":{"idSuffix":"inner"}},"wdio_ui5_key":"contractDetailEditBtnetmportal.ui.managecontracts.view.Detail"}]}
RESULT: {"script":"<script> [1562 bytes]","args":[{"selector":{"id":"contractDetailEditBtn","viewName":"etm.portal.ui.managecontracts.view.Detail","interaction":{"idSuffix":"inner"}},"wdio_ui5_key":"contractDetailEditBtnetmportal.ui.managecontracts.view.Detail"}]}
RESULT: undefined
COMMAND: POST /session/5f042fc1c64931e48653a4fe2329ff65/element - {"using":"xpath","value":"//*[@id=\"__xmlview1--contractDetailEditBtn\"]"}
RESULT: {"using":"xpath","value":"//*[@id=\"__xmlview1--contractDetailEditBtn\"]"}
COMMAND: POST /session/5f042fc1c64931e48653a4fe2329ff65/element/f.85A0C08C11805158FB40365BE7F8DFE2.d.14107A35EE72FF55AF46F95E1A2A3FEA.e.6635/click - {}
RESULT: {}
COMMAND: GET /session/5f042fc1c64931e48653a4fe2329ff65/screenshot - {}
RESULT: {}
COMMAND: POST /session/5f042fc1c64931e48653a4fe2329ff65/element - {"using":"xpath","value":"(//span[contains(text(), \"Header Billing Items\")])[2]"}
RESULT: {"using":"xpath","value":"(//span[contains(text(), \"Header Billing Items\")])[2]"}
COMMAND: POST /session/5f042fc1c64931e48653a4fe2329ff65/element/f.85A0C08C11805158FB40365BE7F8DFE2.d.14107A35EE72FF55AF46F95E1A2A3FEA.e.6866/click - {}
RESULT: {}
COMMAND: GET /session/5f042fc1c64931e48653a4fe2329ff65/screenshot - {}
RESULT: {}
COMMAND: POST /session/5f042fc1c64931e48653a4fe2329ff65/element - {"using":"xpath","value":"//div[contains(@id ,\"ProductsTable-sa-CbBg\")]"}
RESULT: {"using":"xpath","value":"//div[contains(@id ,\"ProductsTable-sa-CbBg\")]"}
COMMAND: POST /session/5f042fc1c64931e48653a4fe2329ff65/element/f.85A0C08C11805158FB40365BE7F8DFE2.d.14107A35EE72FF55AF46F95E1A2A3FEA.e.6869/click - {}
RESULT: {}
COMMAND: GET /session/5f042fc1c64931e48653a4fe2329ff65/screenshot - {}
RESULT: {}
COMMAND: POST /session/5f042fc1c64931e48653a4fe2329ff65/execute/async - {"script":"<script> [1562 bytes]","args":[{"selector":{"id":"deleteBtn","viewName":"etm.portal.ui.managecontracts.view.EditContract","interaction":{"idSuffix":"BDI-content"}},"wdio_ui5_key":"deleteBtnetmportal.ui.managecontracts.view.EditContract"}]}
RESULT: {"script":"<script> [1562 bytes]","args":[{"selector":{"id":"deleteBtn","viewName":"etm.portal.ui.managecontracts.view.EditContract","interaction":{"idSuffix":"BDI-content"}},"wdio_ui5_key":"deleteBtnetmportal.ui.managecontracts.view.EditContract"}]}
RESULT: undefined
COMMAND: POST /session/5f042fc1c64931e48653a4fe2329ff65/element - {"using":"xpath","value":"//*[@id=\"__xmlview2--deleteBtn\"]"}
RESULT: {"using":"xpath","value":"//*[@id=\"__xmlview2--deleteBtn\"]"}
COMMAND: POST /session/5f042fc1c64931e48653a4fe2329ff65/element/f.85A0C08C11805158FB40365BE7F8DFE2.d.14107A35EE72FF55AF46F95E1A2A3FEA.e.6872/click - {}
RESULT: {}
COMMAND: POST /session/5f042fc1c64931e48653a4fe2329ff65/element - {"using":"xpath","value":"//bdi[contains(@id ,\"BDI-content\")][contains(text(), \"OK\")]"}
COMMAND: GET /session/5f042fc1c64931e48653a4fe2329ff65/screenshot - {}
RESULT: {"using":"xpath","value":"//bdi[contains(@id ,\"BDI-content\")][contains(text(), \"OK\")]"}
COMMAND: POST /session/5f042fc1c64931e48653a4fe2329ff65/element/f.85A0C08C11805158FB40365BE7F8DFE2.d.14107A35EE72FF55AF46F95E1A2A3FEA.e.6874/click - {}
RESULT: {}
RESULT: {}
COMMAND: GET /session/5f042fc1c64931e48653a4fe2329ff65/screenshot - {}
RESULT: {}
COMMAND: POST /session/5f042fc1c64931e48653a4fe2329ff65/element - {"using":"xpath","value":"//bdi[contains(@id ,\"BDI-content\")][contains(text(), \"Save\")]"}
RESULT: {"using":"xpath","value":"//bdi[contains(@id ,\"BDI-content\")][contains(text(), \"Save\")]"}
COMMAND: POST /session/5f042fc1c64931e48653a4fe2329ff65/element/f.85A0C08C11805158FB40365BE7F8DFE2.d.14107A35EE72FF55AF46F95E1A2A3FEA.e.6876/click - {}
RESULT: {}
COMMAND: GET /session/5f042fc1c64931e48653a4fe2329ff65/screenshot - {}
RESULT: {}
COMMAND: POST /session/5f042fc1c64931e48653a4fe2329ff65/element - {"using":"xpath","value":"(//span[contains(text(), \"Header Billing Items\")])[1]"}
RESULT: {"using":"xpath","value":"(//span[contains(text(), \"Header Billing Items\")])[1]"}
COMMAND: POST /session/5f042fc1c64931e48653a4fe2329ff65/element/f.85A0C08C11805158FB40365BE7F8DFE2.d.14107A35EE72FF55AF46F95E1A2A3FEA.e.6879/click - {}
RESULT: {}
COMMAND: GET /session/5f042fc1c64931e48653a4fe2329ff65/screenshot - {}
RESULT: {}
COMMAND: POST /session/5f042fc1c64931e48653a4fe2329ff65/execute/async - {"script":"<script> [1562 bytes]","args":[{"selector":{"controlType":"sap.m.ObjectStatus","viewName":"etm.portal.ui.managecontracts.view.Detail","bindingPath":{"path":"/SmartContractItems(CONTRACT='10235',ITEM=10m,SUB_ITEM=0m)","propertyPath":"STATUS"}},"wdio_ui5_key":"etmportal.ui.managecontracts.view.Detailsap.m.ObjectStatus{\"path\":\"/SmartContractItems(CONTRACT='10235',ITEM=10m,SUB_ITEM=0m)\",\"propertyPath\":\"STATUS\"}"}]}
RESULT: {"script":"<script> [1562 bytes]","args":[{"selector":{"controlType":"sap.m.ObjectStatus","viewName":"etm.portal.ui.managecontracts.view.Detail","bindingPath":{"path":"/SmartContractItems(CONTRACT='10235',ITEM=10m,SUB_ITEM=0m)","propertyPath":"STATUS"}},"wdio_ui5_key":"etmportal.ui.managecontracts.view.Detailsap.m.ObjectStatus{\"path\":\"/SmartContractItems(CONTRACT='10235',ITEM=10m,SUB_ITEM=0m)\",\"propertyPath\":\"STATUS\"}"}]}
RESULT: undefined
COMMAND: POST /session/5f042fc1c64931e48653a4fe2329ff65/execute/async - {"script":"<script> [6424 bytes]","args":[{"element-6066-11e4-a52e-4f735466cecf":"f.85A0C08C11805158FB40365BE7F8DFE2.d.14107A35EE72FF55AF46F95E1A2A3FEA.e.6881"},"getText",[]]}
RESULT: {"script":"<script> [6424 bytes]","args":[{"element-6066-11e4-a52e-4f735466cecf":"f.85A0C08C11805158FB40365BE7F8DFE2.d.14107A35EE72FF55AF46F95E1A2A3FEA.e.6881"},"getText",[]]}
COMMAND: POST /session/5f042fc1c64931e48653a4fe2329ff65/element - {"using":"css selector","value":"#shell-header-logo"}
RESULT: {"using":"css selector","value":"#shell-header-logo"}
COMMAND: POST /session/5f042fc1c64931e48653a4fe2329ff65/element/f.85A0C08C11805158FB40365BE7F8DFE2.d.14107A35EE72FF55AF46F95E1A2A3FEA.e.6777/click - {}
RESULT: {}
COMMAND: GET /session/5f042fc1c64931e48653a4fe2329ff65/screenshot - {}
RESULT: {}
COMMAND: POST /session/5f042fc1c64931e48653a4fe2329ff65/execute/async - {"script":"<script> [1562 bytes]","args":[{"selector":{"controlType":"sap.m.GenericTile","properties":{"header":"Manage Requests"}},"wdio_ui5_key":"sapm.GenericTile{\"header\":\"Manage Requests\"}"}]}
RESULT: {"script":"<script> [1562 bytes]","args":[{"selector":{"controlType":"sap.m.GenericTile","properties":{"header":"Manage Requests"}},"wdio_ui5_key":"sapm.GenericTile{\"header\":\"Manage Requests\"}"}]}
RESULT: undefined
COMMAND: POST /session/5f042fc1c64931e48653a4fe2329ff65/element - {"using":"xpath","value":"//*[@id=\"__tile47\"]"}
RESULT: {"using":"xpath","value":"//*[@id=\"__tile47\"]"}
COMMAND: POST /session/5f042fc1c64931e48653a4fe2329ff65/element/f.85A0C08C11805158FB40365BE7F8DFE2.d.14107A35EE72FF55AF46F95E1A2A3FEA.e.6895/click - {}
RESULT: {}
COMMAND: GET /session/5f042fc1c64931e48653a4fe2329ff65/screenshot - {}
RESULT: {}
COMMAND: POST /session/5f042fc1c64931e48653a4fe2329ff65/execute/async - {"script":"<script> [1562 bytes]","args":[{"selector":{"controlType":"sap.m.SearchField","viewName":"etm.portal.ui.managerequests.view.Master","bindingPath":{"path":"","propertyPath":"/_BASIC_SEARCH_FIELD","modelName":"fi1t3rM0d31"},"interaction":{"idSuffix":"I"}},"wdio_ui5_key":"etmportal.ui.managerequests.view.Mastersap.m.SearchField{\"path\":\"\",\"propertyPath\":\"/_BASIC_SEARCH_FIELD\",\"modelName\":\"fi1t3rM0d31\"}"}]}
COMMAND: POST /session/5f042fc1c64931e48653a4fe2329ff65/elements - {"using":"xpath","value":"//span[text()='Error']"}
RESULT: {"script":"<script> [1562 bytes]","args":[{"selector":{"controlType":"sap.m.SearchField","viewName":"etm.portal.ui.managerequests.view.Master","bindingPath":{"path":"","propertyPath":"/_BASIC_SEARCH_FIELD","modelName":"fi1t3rM0d31"},"interaction":{"idSuffix":"I"}},"wdio_ui5_key":"etmportal.ui.managerequests.view.Mastersap.m.SearchField{\"path\":\"\",\"propertyPath\":\"/_BASIC_SEARCH_FIELD\",\"modelName\":\"fi1t3rM0d31\"}"}]}
RESULT: undefined
COMMAND: POST /session/5f042fc1c64931e48653a4fe2329ff65/execute/async - {"script":"<script> [776 bytes]","args":[{"enterText":"20107","selector":{"controlType":"sap.m.SearchField","viewName":"etm.portal.ui.managerequests.view.Master","bindingPath":{"path":"","propertyPath":"/_BASIC_SEARCH_FIELD","modelName":"fi1t3rM0d31"},"interaction":{"idSuffix":"I"}},"clearTextFirst":true,"interactionType":"ENTER_TEXT"}]}
RESULT: {"using":"xpath","value":"//span[text()='Error']"}
RESULT: {"script":"<script> [776 bytes]","args":[{"enterText":"20107","selector":{"controlType":"sap.m.SearchField","viewName":"etm.portal.ui.managerequests.view.Master","bindingPath":{"path":"","propertyPath":"/_BASIC_SEARCH_FIELD","modelName":"fi1t3rM0d31"},"interaction":{"idSuffix":"I"}},"clearTextFirst":true,"interactionType":"ENTER_TEXT"}]}
COMMAND: POST /session/5f042fc1c64931e48653a4fe2329ff65/actions - {"actions":[{"id":"action33","type":"key","parameters":{},"actions":[{"type":"keyDown","value":"î€‡"},{"type":"pause","duration":10},{"type":"keyUp","value":"î€‡"}]}]}
RESULT: {"actions":[{"id":"action33","type":"key","parameters":{},"actions":[{"type":"keyDown","value":"î€‡"},{"type":"pause","duration":10},{"type":"keyUp","value":"î€‡"}]}]}
COMMAND: GET /session/5f042fc1c64931e48653a4fe2329ff65/screenshot - {}
RESULT: {}
COMMAND: POST /session/5f042fc1c64931e48653a4fe2329ff65/execute/async - {"script":"<script> [1562 bytes]","args":[{"selector":{"controlType":"sap.m.Text","viewName":"etm.portal.ui.managerequests.view.Master","bindingPath":{"path":"/SmartManageRequests('20107')","propertyPath":"NO"}},"wdio_ui5_key":"etmportal.ui.managerequests.view.Mastersap.m.Text{\"path\":\"/SmartManageRequests('20107')\",\"propertyPath\":\"NO\"}"}]}
RESULT: {"script":"<script> [1562 bytes]","args":[{"selector":{"controlType":"sap.m.Text","viewName":"etm.portal.ui.managerequests.view.Master","bindingPath":{"path":"/SmartManageRequests('20107')","propertyPath":"NO"}},"wdio_ui5_key":"etmportal.ui.managerequests.view.Mastersap.m.Text{\"path\":\"/SmartManageRequests('20107')\",\"propertyPath\":\"NO\"}"}]}
RESULT: undefined
COMMAND: POST /session/5f042fc1c64931e48653a4fe2329ff65/element - {"using":"xpath","value":"//*[@id=\"__text463-__clone253\"]"}
RESULT: {"using":"xpath","value":"//*[@id=\"__text463-__clone253\"]"}
COMMAND: POST /session/5f042fc1c64931e48653a4fe2329ff65/element/f.85A0C08C11805158FB40365BE7F8DFE2.d.14107A35EE72FF55AF46F95E1A2A3FEA.e.7028/click - {}
RESULT: {}
COMMAND: GET /session/5f042fc1c64931e48653a4fe2329ff65/screenshot - {}
RESULT: {}
COMMAND: POST /session/5f042fc1c64931e48653a4fe2329ff65/execute/async - {"script":"<script> [1562 bytes]","args":[{"selector":{"controlType":"sap.ui.core.Icon","viewName":"etm.portal.ui.managerequests.view.Detail","properties":{"src":{"regex":{"source":"slim\\-arrow\\-up"}}}},"wdio_ui5_key":"etmportal.ui.managerequests.view.Detailsap.ui.core.Icon{\"src\":{\"regex\":{\"source\":\"slim\\\\-arrow\\\\-up\"}}}"}]}
RESULT: {"script":"<script> [1562 bytes]","args":[{"selector":{"controlType":"sap.ui.core.Icon","viewName":"etm.portal.ui.managerequests.view.Detail","properties":{"src":{"regex":{"source":"slim\\-arrow\\-up"}}}},"wdio_ui5_key":"etmportal.ui.managerequests.view.Detailsap.ui.core.Icon{\"src\":{\"regex\":{\"source\":\"slim\\\\-arrow\\\\-up\"}}}"}]}
RESULT: undefined
COMMAND: POST /session/5f042fc1c64931e48653a4fe2329ff65/element - {"using":"xpath","value":"//*[@id=\"__xmlview62--detailRequestPage-OPHeaderContent-collapseBtn-img\"]"}
RESULT: {"using":"xpath","value":"//*[@id=\"__xmlview62--detailRequestPage-OPHeaderContent-collapseBtn-img\"]"}
COMMAND: POST /session/5f042fc1c64931e48653a4fe2329ff65/element/f.85A0C08C11805158FB40365BE7F8DFE2.d.14107A35EE72FF55AF46F95E1A2A3FEA.e.7165/click - {}
RESULT: {}
COMMAND: GET /session/5f042fc1c64931e48653a4fe2329ff65/screenshot - {}
RESULT: {}
COMMAND: POST /session/5f042fc1c64931e48653a4fe2329ff65/execute/async - {"script":"<script> [1562 bytes]","args":[{"selector":{"controlType":"sap.m.Text","viewName":"etm.portal.ui.managerequests.view.Detail","bindingPath":{"path":"/SmartRequestItemsPlanningBoard(ITEM=20m,REQUEST='20107')","propertyPath":"STATUS_DESC"}},"wdio_ui5_key":"etmportal.ui.managerequests.view.Detailsap.m.Text{\"path\":\"/SmartRequestItemsPlanningBoard(ITEM=20m,REQUEST='20107')\",\"propertyPath\":\"STATUS_DESC\"}"}]}
RESULT: {"script":"<script> [1562 bytes]","args":[{"selector":{"controlType":"sap.m.Text","viewName":"etm.portal.ui.managerequests.view.Detail","bindingPath":{"path":"/SmartRequestItemsPlanningBoard(ITEM=20m,REQUEST='20107')","propertyPath":"STATUS_DESC"}},"wdio_ui5_key":"etmportal.ui.managerequests.view.Detailsap.m.Text{\"path\":\"/SmartRequestItemsPlanningBoard(ITEM=20m,REQUEST='20107')\",\"propertyPath\":\"STATUS_DESC\"}"}]}
RESULT: undefined
COMMAND: POST /session/5f042fc1c64931e48653a4fe2329ff65/execute/async - {"script":"<script> [6424 bytes]","args":[{"element-6066-11e4-a52e-4f735466cecf":"f.85A0C08C11805158FB40365BE7F8DFE2.d.14107A35EE72FF55AF46F95E1A2A3FEA.e.7227"},"getText",[]]}
RESULT: {"script":"<script> [6424 bytes]","args":[{"element-6066-11e4-a52e-4f735466cecf":"f.85A0C08C11805158FB40365BE7F8DFE2.d.14107A35EE72FF55AF46F95E1A2A3FEA.e.7227"},"getText",[]]}
COMMAND: POST /session/5f042fc1c64931e48653a4fe2329ff65/element - {"using":"css selector","value":"#shell-header-logo"}
RESULT: {"using":"css selector","value":"#shell-header-logo"}
COMMAND: POST /session/5f042fc1c64931e48653a4fe2329ff65/element/f.85A0C08C11805158FB40365BE7F8DFE2.d.14107A35EE72FF55AF46F95E1A2A3FEA.e.6901/click - {}
RESULT: {}
COMMAND: GET /session/5f042fc1c64931e48653a4fe2329ff65/screenshot - {}
RESULT: {}
]]></system-out>
    </testcase>
  </testsuite>
  <testsuite timestamp="2025-05-15T08:21:25" time="230.655" tests="4" failures="0" errors="0" skipped="0">
    <properties>
      <property name="specId" value="0" />
      <property name="suiteName" value="Standard contract close-reopen US111278" />
      <property name="capabilities" value="chrome.136_0_7103_49.windows" />
      <property name="file" value="file:///D:/a/1/s/test/specs/R2C/standard-contract-close-reopen.spec.js" />
    </properties>
    <testcase classname="chrome.136_0_7103_49.windows.Standard_contract_close-reopen_US111278" name="Should create a new contract and add an item" time="134.13">
      <system-out><![CDATA[
COMMAND: POST /session/5f042fc1c64931e48653a4fe2329ff65/execute/async - {"script":"<script> [1562 bytes]","args":[{"selector":{"controlType":"sap.m.GenericTile","properties":{"header":"Manage Contracts"}},"wdio_ui5_key":"sapm.GenericTile{\"header\":\"Manage Contracts\"}"}]}
RESULT: {"script":"<script> [1562 bytes]","args":[{"selector":{"controlType":"sap.m.GenericTile","properties":{"header":"Manage Contracts"}},"wdio_ui5_key":"sapm.GenericTile{\"header\":\"Manage Contracts\"}"}]}
RESULT: undefined
COMMAND: POST /session/5f042fc1c64931e48653a4fe2329ff65/element - {"using":"xpath","value":"//*[@id=\"__tile130\"]"}
RESULT: {"using":"xpath","value":"//*[@id=\"__tile130\"]"}
COMMAND: POST /session/5f042fc1c64931e48653a4fe2329ff65/element/f.85A0C08C11805158FB40365BE7F8DFE2.d.14107A35EE72FF55AF46F95E1A2A3FEA.e.7232/click - {}
RESULT: {}
COMMAND: GET /session/5f042fc1c64931e48653a4fe2329ff65/screenshot - {}
RESULT: {}
COMMAND: POST /session/5f042fc1c64931e48653a4fe2329ff65/elements - {"using":"xpath","value":"//span[text()='Error']"}
RESULT: {"using":"xpath","value":"//span[text()='Error']"}
COMMAND: POST /session/5f042fc1c64931e48653a4fe2329ff65/element - {"using":"xpath","value":"//button[@data-kt=\"addButton\"]"}
RESULT: {"using":"xpath","value":"//button[@data-kt=\"addButton\"]"}
COMMAND: POST /session/5f042fc1c64931e48653a4fe2329ff65/element/f.85A0C08C11805158FB40365BE7F8DFE2.d.14107A35EE72FF55AF46F95E1A2A3FEA.e.7281/click - {}
RESULT: {}
COMMAND: GET /session/5f042fc1c64931e48653a4fe2329ff65/screenshot - {}
RESULT: {}
COMMAND: POST /session/5f042fc1c64931e48653a4fe2329ff65/execute/async - {"script":"<script> [1562 bytes]","args":[{"selector":{"id":"application-managecontracts-display-component---AddNewContract--projectDescription","interaction":{"idSuffix":"inner"}},"wdio_ui5_key":"applicationmanagecontracts-display-component---AddNewContract--projectDescription"}]}
RESULT: {"script":"<script> [1562 bytes]","args":[{"selector":{"id":"application-managecontracts-display-component---AddNewContract--projectDescription","interaction":{"idSuffix":"inner"}},"wdio_ui5_key":"applicationmanagecontracts-display-component---AddNewContract--projectDescription"}]}
RESULT: undefined
COMMAND: POST /session/5f042fc1c64931e48653a4fe2329ff65/execute/async - {"script":"<script> [776 bytes]","args":[{"enterText":"WdIOR2chhx4vi","selector":{"id":"application-managecontracts-display-component---AddNewContract--projectDescription","interaction":{"idSuffix":"inner"}},"clearTextFirst":true,"interactionType":"ENTER_TEXT"}]}
RESULT: {"script":"<script> [776 bytes]","args":[{"enterText":"WdIOR2chhx4vi","selector":{"id":"application-managecontracts-display-component---AddNewContract--projectDescription","interaction":{"idSuffix":"inner"}},"clearTextFirst":true,"interactionType":"ENTER_TEXT"}]}
COMMAND: POST /session/5f042fc1c64931e48653a4fe2329ff65/element - {"using":"xpath","value":"//input[@id=\"application-managecontracts-display-component---AddNewContract--yardId-inner\"]"}
RESULT: {"using":"xpath","value":"//input[@id=\"application-managecontracts-display-component---AddNewContract--yardId-inner\"]"}
COMMAND: POST /session/5f042fc1c64931e48653a4fe2329ff65/element/f.85A0C08C11805158FB40365BE7F8DFE2.d.14107A35EE72FF55AF46F95E1A2A3FEA.e.7582/clear - {}
RESULT: {}
COMMAND: POST /session/5f042fc1c64931e48653a4fe2329ff65/element/f.85A0C08C11805158FB40365BE7F8DFE2.d.14107A35EE72FF55AF46F95E1A2A3FEA.e.7582/value - {"text":"WebdriverYardvzk7z"}
COMMAND: GET /session/5f042fc1c64931e48653a4fe2329ff65/screenshot - {}
RESULT: {"text":"WebdriverYardvzk7z"}
COMMAND: GET /session/5f042fc1c64931e48653a4fe2329ff65/screenshot - {}
RESULT: {}
RESULT: {}
COMMAND: POST /session/5f042fc1c64931e48653a4fe2329ff65/actions - {"actions":[{"id":"action34","type":"key","parameters":{},"actions":[{"type":"keyDown","value":"î€‡"},{"type":"pause","duration":10},{"type":"keyUp","value":"î€‡"}]}]}
RESULT: {"actions":[{"id":"action34","type":"key","parameters":{},"actions":[{"type":"keyDown","value":"î€‡"},{"type":"pause","duration":10},{"type":"keyUp","value":"î€‡"}]}]}
COMMAND: GET /session/5f042fc1c64931e48653a4fe2329ff65/screenshot - {}
RESULT: {}
COMMAND: POST /session/5f042fc1c64931e48653a4fe2329ff65/element - {"using":"xpath","value":"//input[@id=\"application-managecontracts-display-component---AddNewContract--customerSelect-inner\"]"}
RESULT: {"using":"xpath","value":"//input[@id=\"application-managecontracts-display-component---AddNewContract--customerSelect-inner\"]"}
COMMAND: POST /session/5f042fc1c64931e48653a4fe2329ff65/element/f.85A0C08C11805158FB40365BE7F8DFE2.d.14107A35EE72FF55AF46F95E1A2A3FEA.e.7580/clear - {}
RESULT: {}
COMMAND: POST /session/5f042fc1c64931e48653a4fe2329ff65/element/f.85A0C08C11805158FB40365BE7F8DFE2.d.14107A35EE72FF55AF46F95E1A2A3FEA.e.7580/value - {"text":"WebdriverPartner0w9kx"}
COMMAND: GET /session/5f042fc1c64931e48653a4fe2329ff65/screenshot - {}
RESULT: {"text":"WebdriverPartner0w9kx"}
COMMAND: GET /session/5f042fc1c64931e48653a4fe2329ff65/screenshot - {}
RESULT: {}
RESULT: {}
COMMAND: POST /session/5f042fc1c64931e48653a4fe2329ff65/actions - {"actions":[{"id":"action35","type":"key","parameters":{},"actions":[{"type":"keyDown","value":"î€‡"},{"type":"pause","duration":10},{"type":"keyUp","value":"î€‡"}]}]}
RESULT: {"actions":[{"id":"action35","type":"key","parameters":{},"actions":[{"type":"keyDown","value":"î€‡"},{"type":"pause","duration":10},{"type":"keyUp","value":"î€‡"}]}]}
COMMAND: GET /session/5f042fc1c64931e48653a4fe2329ff65/screenshot - {}
RESULT: {}
COMMAND: POST /session/5f042fc1c64931e48653a4fe2329ff65/element - {"using":"xpath","value":"//input[@id=\"application-managecontracts-display-component---AddNewContract--site-inner\"]"}
RESULT: {"using":"xpath","value":"//input[@id=\"application-managecontracts-display-component---AddNewContract--site-inner\"]"}
COMMAND: POST /session/5f042fc1c64931e48653a4fe2329ff65/element/f.85A0C08C11805158FB40365BE7F8DFE2.d.14107A35EE72FF55AF46F95E1A2A3FEA.e.7581/clear - {}
RESULT: {}
COMMAND: POST /session/5f042fc1c64931e48653a4fe2329ff65/element/f.85A0C08C11805158FB40365BE7F8DFE2.d.14107A35EE72FF55AF46F95E1A2A3FEA.e.7581/value - {"text":"WebdriverSitex640o"}
COMMAND: GET /session/5f042fc1c64931e48653a4fe2329ff65/screenshot - {}
RESULT: {"text":"WebdriverSitex640o"}
COMMAND: GET /session/5f042fc1c64931e48653a4fe2329ff65/screenshot - {}
RESULT: {}
RESULT: {}
COMMAND: POST /session/5f042fc1c64931e48653a4fe2329ff65/actions - {"actions":[{"id":"action36","type":"key","parameters":{},"actions":[{"type":"keyDown","value":"î€‡"},{"type":"pause","duration":10},{"type":"keyUp","value":"î€‡"}]}]}
RESULT: {"actions":[{"id":"action36","type":"key","parameters":{},"actions":[{"type":"keyDown","value":"î€‡"},{"type":"pause","duration":10},{"type":"keyUp","value":"î€‡"}]}]}
COMMAND: GET /session/5f042fc1c64931e48653a4fe2329ff65/screenshot - {}
RESULT: {}
COMMAND: POST /session/5f042fc1c64931e48653a4fe2329ff65/element - {"using":"xpath","value":"//button[@data-kt=\"saveButton\"]"}
RESULT: {"using":"xpath","value":"//button[@data-kt=\"saveButton\"]"}
COMMAND: POST /session/5f042fc1c64931e48653a4fe2329ff65/element/f.85A0C08C11805158FB40365BE7F8DFE2.d.14107A35EE72FF55AF46F95E1A2A3FEA.e.7615/click - {}
RESULT: {}
COMMAND: GET /session/5f042fc1c64931e48653a4fe2329ff65/screenshot - {}
RESULT: {}
COMMAND: POST /session/5f042fc1c64931e48653a4fe2329ff65/execute/async - {"script":"<script> [1562 bytes]","args":[{"selector":{"id":"contractDetailTitleNoExpanded","viewName":"etm.portal.ui.managecontracts.view.Detail"},"wdio_ui5_key":"contractDetailTitleNoExpandedetmportal.ui.managecontracts.view.Detail"}]}
RESULT: {"script":"<script> [1562 bytes]","args":[{"selector":{"id":"contractDetailTitleNoExpanded","viewName":"etm.portal.ui.managecontracts.view.Detail"},"wdio_ui5_key":"contractDetailTitleNoExpandedetmportal.ui.managecontracts.view.Detail"}]}
RESULT: undefined
COMMAND: POST /session/5f042fc1c64931e48653a4fe2329ff65/execute/async - {"script":"<script> [6424 bytes]","args":[{"element-6066-11e4-a52e-4f735466cecf":"f.85A0C08C11805158FB40365BE7F8DFE2.d.14107A35EE72FF55AF46F95E1A2A3FEA.e.7685"},"getText",[]]}
RESULT: {"script":"<script> [6424 bytes]","args":[{"element-6066-11e4-a52e-4f735466cecf":"f.85A0C08C11805158FB40365BE7F8DFE2.d.14107A35EE72FF55AF46F95E1A2A3FEA.e.7685"},"getText",[]]}
COMMAND: POST /session/5f042fc1c64931e48653a4fe2329ff65/execute/async - {"script":"<script> [1562 bytes]","args":[{"selector":{"id":"closeContractBtn","viewName":"etm.portal.ui.managecontracts.view.Detail"},"wdio_ui5_key":"closeContractBtnetmportal.ui.managecontracts.view.Detail"}]}
RESULT: {"script":"<script> [1562 bytes]","args":[{"selector":{"id":"closeContractBtn","viewName":"etm.portal.ui.managecontracts.view.Detail"},"wdio_ui5_key":"closeContractBtnetmportal.ui.managecontracts.view.Detail"}]}
RESULT: undefined
COMMAND: POST /session/5f042fc1c64931e48653a4fe2329ff65/execute/async - {"script":"<script> [6424 bytes]","args":[{"element-6066-11e4-a52e-4f735466cecf":"f.85A0C08C11805158FB40365BE7F8DFE2.d.14107A35EE72FF55AF46F95E1A2A3FEA.e.7686"},"getEnabled",[]]}
RESULT: {"script":"<script> [6424 bytes]","args":[{"element-6066-11e4-a52e-4f735466cecf":"f.85A0C08C11805158FB40365BE7F8DFE2.d.14107A35EE72FF55AF46F95E1A2A3FEA.e.7686"},"getEnabled",[]]}
COMMAND: POST /session/5f042fc1c64931e48653a4fe2329ff65/element - {"using":"xpath","value":"//button[@data-kt=\"contractDetailEditBtnButton\"]"}
RESULT: {"using":"xpath","value":"//button[@data-kt=\"contractDetailEditBtnButton\"]"}
COMMAND: POST /session/5f042fc1c64931e48653a4fe2329ff65/element/f.85A0C08C11805158FB40365BE7F8DFE2.d.14107A35EE72FF55AF46F95E1A2A3FEA.e.7687/click - {}
RESULT: {}
COMMAND: GET /session/5f042fc1c64931e48653a4fe2329ff65/screenshot - {}
RESULT: {}
COMMAND: POST /session/5f042fc1c64931e48653a4fe2329ff65/element - {"using":"xpath","value":"(//span[contains(text(), \"Additional Addresses\")])[2]"}
RESULT: {"using":"xpath","value":"(//span[contains(text(), \"Additional Addresses\")])[2]"}
COMMAND: POST /session/5f042fc1c64931e48653a4fe2329ff65/element/f.85A0C08C11805158FB40365BE7F8DFE2.d.14107A35EE72FF55AF46F95E1A2A3FEA.e.7746/click - {}
RESULT: {}
COMMAND: GET /session/5f042fc1c64931e48653a4fe2329ff65/screenshot - {}
RESULT: {}
COMMAND: POST /session/5f042fc1c64931e48653a4fe2329ff65/element - {"using":"xpath","value":"//button[@data-kt=\"btnAddTableRowOverflowToolbarButton\"]"}
RESULT: {"using":"xpath","value":"//button[@data-kt=\"btnAddTableRowOverflowToolbarButton\"]"}
COMMAND: POST /session/5f042fc1c64931e48653a4fe2329ff65/element/f.85A0C08C11805158FB40365BE7F8DFE2.d.14107A35EE72FF55AF46F95E1A2A3FEA.e.7748/click - {}
RESULT: {}
COMMAND: GET /session/5f042fc1c64931e48653a4fe2329ff65/screenshot - {}
RESULT: {}
COMMAND: POST /session/5f042fc1c64931e48653a4fe2329ff65/element - {"using":"xpath","value":"//div[(text() = 'Standard Entry' or . = 'Standard Entry')]"}
RESULT: {"using":"xpath","value":"//div[(text() = 'Standard Entry' or . = 'Standard Entry')]"}
COMMAND: POST /session/5f042fc1c64931e48653a4fe2329ff65/element/f.85A0C08C11805158FB40365BE7F8DFE2.d.14107A35EE72FF55AF46F95E1A2A3FEA.e.7750/click - {}
RESULT: {}
COMMAND: POST /session/5f042fc1c64931e48653a4fe2329ff65/element - {"using":"xpath","value":"//td[6]/div/div/input[1]"}
COMMAND: GET /session/5f042fc1c64931e48653a4fe2329ff65/screenshot - {}
RESULT: {"using":"xpath","value":"//td[6]/div/div/input[1]"}
COMMAND: POST /session/5f042fc1c64931e48653a4fe2329ff65/element/f.85A0C08C11805158FB40365BE7F8DFE2.d.14107A35EE72FF55AF46F95E1A2A3FEA.e.7752/click - {}
RESULT: {}
RESULT: {}
COMMAND: POST /session/5f042fc1c64931e48653a4fe2329ff65/actions - {"actions":[{"id":"action37","type":"key","parameters":{},"actions":[{"type":"keyDown","value":"î€ƒ"},{"type":"pause","duration":10},{"type":"keyUp","value":"î€ƒ"}]}]}
COMMAND: GET /session/5f042fc1c64931e48653a4fe2329ff65/screenshot - {}
RESULT: {"actions":[{"id":"action37","type":"key","parameters":{},"actions":[{"type":"keyDown","value":"î€ƒ"},{"type":"pause","duration":10},{"type":"keyUp","value":"î€ƒ"}]}]}
COMMAND: POST /session/5f042fc1c64931e48653a4fe2329ff65/element - {"using":"xpath","value":"//td[6]/div/div/input[1]"}
COMMAND: GET /session/5f042fc1c64931e48653a4fe2329ff65/screenshot - {}
RESULT: {}
RESULT: {"using":"xpath","value":"//td[6]/div/div/input[1]"}
COMMAND: POST /session/5f042fc1c64931e48653a4fe2329ff65/element/f.85A0C08C11805158FB40365BE7F8DFE2.d.14107A35EE72FF55AF46F95E1A2A3FEA.e.7752/clear - {}
RESULT: {}
RESULT: {}
COMMAND: POST /session/5f042fc1c64931e48653a4fe2329ff65/element/f.85A0C08C11805158FB40365BE7F8DFE2.d.14107A35EE72FF55AF46F95E1A2A3FEA.e.7752/value - {"text":"Material"}
COMMAND: GET /session/5f042fc1c64931e48653a4fe2329ff65/screenshot - {}
RESULT: {"text":"Material"}
COMMAND: GET /session/5f042fc1c64931e48653a4fe2329ff65/screenshot - {}
RESULT: {}
RESULT: {}
COMMAND: POST /session/5f042fc1c64931e48653a4fe2329ff65/actions - {"actions":[{"id":"action38","type":"key","parameters":{},"actions":[{"type":"keyDown","value":"î€‡"},{"type":"pause","duration":10},{"type":"keyUp","value":"î€‡"}]}]}
RESULT: {"actions":[{"id":"action38","type":"key","parameters":{},"actions":[{"type":"keyDown","value":"î€‡"},{"type":"pause","duration":10},{"type":"keyUp","value":"î€‡"}]}]}
COMMAND: GET /session/5f042fc1c64931e48653a4fe2329ff65/screenshot - {}
RESULT: {}
COMMAND: POST /session/5f042fc1c64931e48653a4fe2329ff65/actions - {"actions":[{"id":"action39","type":"key","parameters":{},"actions":[{"type":"keyDown","value":"î€‡"},{"type":"pause","duration":10},{"type":"keyUp","value":"î€‡"}]}]}
RESULT: {"actions":[{"id":"action39","type":"key","parameters":{},"actions":[{"type":"keyDown","value":"î€‡"},{"type":"pause","duration":10},{"type":"keyUp","value":"î€‡"}]}]}
COMMAND: POST /session/5f042fc1c64931e48653a4fe2329ff65/element - {"using":"xpath","value":"//td[7]/div/div/input"}
COMMAND: GET /session/5f042fc1c64931e48653a4fe2329ff65/screenshot - {}
RESULT: {"using":"xpath","value":"//td[7]/div/div/input"}
COMMAND: POST /session/5f042fc1c64931e48653a4fe2329ff65/element/f.85A0C08C11805158FB40365BE7F8DFE2.d.14107A35EE72FF55AF46F95E1A2A3FEA.e.7765/clear - {}
RESULT: {}
RESULT: {}
COMMAND: POST /session/5f042fc1c64931e48653a4fe2329ff65/element/f.85A0C08C11805158FB40365BE7F8DFE2.d.14107A35EE72FF55AF46F95E1A2A3FEA.e.7765/value - {"text":"WebdriverRUR2Csduqk"}
COMMAND: GET /session/5f042fc1c64931e48653a4fe2329ff65/screenshot - {}
RESULT: {"text":"WebdriverRUR2Csduqk"}
COMMAND: GET /session/5f042fc1c64931e48653a4fe2329ff65/screenshot - {}
RESULT: {}
RESULT: {}
COMMAND: POST /session/5f042fc1c64931e48653a4fe2329ff65/actions - {"actions":[{"id":"action40","type":"key","parameters":{},"actions":[{"type":"keyDown","value":"î€‡"},{"type":"pause","duration":10},{"type":"keyUp","value":"î€‡"}]}]}
RESULT: {"actions":[{"id":"action40","type":"key","parameters":{},"actions":[{"type":"keyDown","value":"î€‡"},{"type":"pause","duration":10},{"type":"keyUp","value":"î€‡"}]}]}
COMMAND: GET /session/5f042fc1c64931e48653a4fe2329ff65/screenshot - {}
RESULT: {}
COMMAND: POST /session/5f042fc1c64931e48653a4fe2329ff65/actions - {"actions":[{"id":"action41","type":"key","parameters":{},"actions":[{"type":"keyDown","value":"î€‡"},{"type":"pause","duration":10},{"type":"keyUp","value":"î€‡"}]}]}
RESULT: {"actions":[{"id":"action41","type":"key","parameters":{},"actions":[{"type":"keyDown","value":"î€‡"},{"type":"pause","duration":10},{"type":"keyUp","value":"î€‡"}]}]}
COMMAND: GET /session/5f042fc1c64931e48653a4fe2329ff65/screenshot - {}
RESULT: {}
COMMAND: POST /session/5f042fc1c64931e48653a4fe2329ff65/element - {"using":"xpath","value":"(//button[@data-kt=\"saveButton\"])[2]"}
RESULT: {"using":"xpath","value":"(//button[@data-kt=\"saveButton\"])[2]"}
COMMAND: POST /session/5f042fc1c64931e48653a4fe2329ff65/element/f.85A0C08C11805158FB40365BE7F8DFE2.d.14107A35EE72FF55AF46F95E1A2A3FEA.e.7791/click - {}
RESULT: {}
COMMAND: GET /session/5f042fc1c64931e48653a4fe2329ff65/screenshot - {}
RESULT: {}
]]></system-out>
    </testcase>
    <testcase classname="chrome.136_0_7103_49.windows.Standard_contract_close-reopen_US111278" name="It should close the contract" time="20.739">
      <system-out><![CDATA[
RESULT: undefined
COMMAND: POST /session/5f042fc1c64931e48653a4fe2329ff65/element - {"using":"xpath","value":"//*[@id=\"__xmlview64--closeContractBtn\"]"}
RESULT: {"using":"xpath","value":"//*[@id=\"__xmlview64--closeContractBtn\"]"}
COMMAND: POST /session/5f042fc1c64931e48653a4fe2329ff65/element/f.85A0C08C11805158FB40365BE7F8DFE2.d.14107A35EE72FF55AF46F95E1A2A3FEA.e.7686/click - {}
RESULT: {}
COMMAND: GET /session/5f042fc1c64931e48653a4fe2329ff65/screenshot - {}
RESULT: {}
COMMAND: POST /session/5f042fc1c64931e48653a4fe2329ff65/element - {"using":"xpath","value":"//span[contains(text(), \"Do you want to close the whole contract?\")]"}
RESULT: {"using":"xpath","value":"//span[contains(text(), \"Do you want to close the whole contract?\")]"}
COMMAND: POST /session/5f042fc1c64931e48653a4fe2329ff65/execute/sync - {"script":"<script> [8489 bytes]","args":[{"element-6066-11e4-a52e-4f735466cecf":"f.85A0C08C11805158FB40365BE7F8DFE2.d.14107A35EE72FF55AF46F95E1A2A3FEA.e.7795","ELEMENT":"f.85A0C08C11805158FB40365BE7F8DFE2.d.14107A35EE72FF55AF46F95E1A2A3FEA.e.7795"}]}
RESULT: {"script":"<script> [8489 bytes]","args":[{"element-6066-11e4-a52e-4f735466cecf":"f.85A0C08C11805158FB40365BE7F8DFE2.d.14107A35EE72FF55AF46F95E1A2A3FEA.e.7795","ELEMENT":"f.85A0C08C11805158FB40365BE7F8DFE2.d.14107A35EE72FF55AF46F95E1A2A3FEA.e.7795"}]}
COMMAND: POST /session/5f042fc1c64931e48653a4fe2329ff65/element - {"using":"xpath","value":"//bdi[contains(text(), \"OK\")]"}
COMMAND: GET /session/5f042fc1c64931e48653a4fe2329ff65/screenshot - {}
RESULT: {"using":"xpath","value":"//bdi[contains(text(), \"OK\")]"}
COMMAND: POST /session/5f042fc1c64931e48653a4fe2329ff65/element/f.85A0C08C11805158FB40365BE7F8DFE2.d.14107A35EE72FF55AF46F95E1A2A3FEA.e.7796/click - {}
RESULT: {}
RESULT: {}
COMMAND: GET /session/5f042fc1c64931e48653a4fe2329ff65/screenshot - {}
RESULT: {}
COMMAND: POST /session/5f042fc1c64931e48653a4fe2329ff65/element - {"using":"xpath","value":"//input[contains(@id ,\"smartContractFilterBar-btnBasicSearch-I\")]"}
RESULT: {"using":"xpath","value":"//input[contains(@id ,\"smartContractFilterBar-btnBasicSearch-I\")]"}
COMMAND: POST /session/5f042fc1c64931e48653a4fe2329ff65/element/f.85A0C08C11805158FB40365BE7F8DFE2.d.14107A35EE72FF55AF46F95E1A2A3FEA.e.7243/clear - {}
RESULT: {}
COMMAND: POST /session/5f042fc1c64931e48653a4fe2329ff65/element/f.85A0C08C11805158FB40365BE7F8DFE2.d.14107A35EE72FF55AF46F95E1A2A3FEA.e.7243/value - {"text":"10237"}
COMMAND: GET /session/5f042fc1c64931e48653a4fe2329ff65/screenshot - {}
RESULT: {"text":"10237"}
COMMAND: POST /session/5f042fc1c64931e48653a4fe2329ff65/actions - {"actions":[{"id":"action42","type":"key","parameters":{},"actions":[{"type":"keyDown","value":"î€‡"},{"type":"pause","duration":10},{"type":"keyUp","value":"î€‡"}]}]}
COMMAND: GET /session/5f042fc1c64931e48653a4fe2329ff65/screenshot - {}
RESULT: {}
RESULT: {"actions":[{"id":"action42","type":"key","parameters":{},"actions":[{"type":"keyDown","value":"î€‡"},{"type":"pause","duration":10},{"type":"keyUp","value":"î€‡"}]}]}
COMMAND: GET /session/5f042fc1c64931e48653a4fe2329ff65/screenshot - {}
RESULT: {}
RESULT: {}
COMMAND: POST /session/5f042fc1c64931e48653a4fe2329ff65/execute/async - {"script":"<script> [1562 bytes]","args":[{"selector":{"controlType":"sap.ui.core.Icon","viewName":"etm.portal.ui.managecontracts.view.Master","properties":{"src":{"regex":{"source":"slim\\-arrow\\-right"}}}},"wdio_ui5_key":"etmportal.ui.managecontracts.view.Mastersap.ui.core.Icon{\"src\":{\"regex\":{\"source\":\"slim\\\\-arrow\\\\-right\"}}}"}]}
RESULT: {"script":"<script> [1562 bytes]","args":[{"selector":{"controlType":"sap.ui.core.Icon","viewName":"etm.portal.ui.managecontracts.view.Master","properties":{"src":{"regex":{"source":"slim\\-arrow\\-right"}}}},"wdio_ui5_key":"etmportal.ui.managecontracts.view.Mastersap.ui.core.Icon{\"src\":{\"regex\":{\"source\":\"slim\\\\-arrow\\\\-right\"}}}"}]}
RESULT: undefined
COMMAND: POST /session/5f042fc1c64931e48653a4fe2329ff65/element - {"using":"xpath","value":"//*[@id=\"__item126-__clone3550-imgNav\"]"}
RESULT: {"using":"xpath","value":"//*[@id=\"__item126-__clone3550-imgNav\"]"}
COMMAND: POST /session/5f042fc1c64931e48653a4fe2329ff65/element/f.85A0C08C11805158FB40365BE7F8DFE2.d.14107A35EE72FF55AF46F95E1A2A3FEA.e.7966/click - {}
RESULT: {}
COMMAND: POST /session/5f042fc1c64931e48653a4fe2329ff65/execute/async - {"script":"<script> [1562 bytes]","args":[{"selector":{"controlType":"sap.m.ObjectStatus","viewName":"etm.portal.ui.managecontracts.view.Detail","bindingPath":{"propertyPath":"LINK_TO_LOGISTICAL_STATUS/DESCRIPTION","modelName":"catalogModel"}},"wdio_ui5_key":"etmportal.ui.managecontracts.view.Detailsap.m.ObjectStatus{\"propertyPath\":\"LINK_TO_LOGISTICAL_STATUS/DESCRIPTION\",\"modelName\":\"catalogModel\"}"}]}
COMMAND: GET /session/5f042fc1c64931e48653a4fe2329ff65/screenshot - {}
RESULT: {"script":"<script> [1562 bytes]","args":[{"selector":{"controlType":"sap.m.ObjectStatus","viewName":"etm.portal.ui.managecontracts.view.Detail","bindingPath":{"propertyPath":"LINK_TO_LOGISTICAL_STATUS/DESCRIPTION","modelName":"catalogModel"}},"wdio_ui5_key":"etmportal.ui.managecontracts.view.Detailsap.m.ObjectStatus{\"propertyPath\":\"LINK_TO_LOGISTICAL_STATUS/DESCRIPTION\",\"modelName\":\"catalogModel\"}"}]}
RESULT: undefined
COMMAND: POST /session/5f042fc1c64931e48653a4fe2329ff65/execute/async - {"script":"<script> [6424 bytes]","args":[{"element-6066-11e4-a52e-4f735466cecf":"f.85A0C08C11805158FB40365BE7F8DFE2.d.14107A35EE72FF55AF46F95E1A2A3FEA.e.7994"},"getText",[]]}
RESULT: {}
RESULT: {"script":"<script> [6424 bytes]","args":[{"element-6066-11e4-a52e-4f735466cecf":"f.85A0C08C11805158FB40365BE7F8DFE2.d.14107A35EE72FF55AF46F95E1A2A3FEA.e.7994"},"getText",[]]}
]]></system-out>
    </testcase>
    <testcase classname="chrome.136_0_7103_49.windows.Standard_contract_close-reopen_US111278" name="Should reopen the contract" time="9.86">
      <system-out><![CDATA[
COMMAND: POST /session/5f042fc1c64931e48653a4fe2329ff65/execute/async - {"script":"<script> [1562 bytes]","args":[{"selector":{"id":"openContractBtn","viewName":"etm.portal.ui.managecontracts.view.Detail"},"wdio_ui5_key":"openContractBtnetmportal.ui.managecontracts.view.Detail"}]}
RESULT: {"script":"<script> [1562 bytes]","args":[{"selector":{"id":"openContractBtn","viewName":"etm.portal.ui.managecontracts.view.Detail"},"wdio_ui5_key":"openContractBtnetmportal.ui.managecontracts.view.Detail"}]}
RESULT: undefined
COMMAND: POST /session/5f042fc1c64931e48653a4fe2329ff65/execute/async - {"script":"<script> [6424 bytes]","args":[{"element-6066-11e4-a52e-4f735466cecf":"f.85A0C08C11805158FB40365BE7F8DFE2.d.14107A35EE72FF55AF46F95E1A2A3FEA.e.7986"},"getEnabled",[]]}
RESULT: {"script":"<script> [6424 bytes]","args":[{"element-6066-11e4-a52e-4f735466cecf":"f.85A0C08C11805158FB40365BE7F8DFE2.d.14107A35EE72FF55AF46F95E1A2A3FEA.e.7986"},"getEnabled",[]]}
COMMAND: POST /session/5f042fc1c64931e48653a4fe2329ff65/element - {"using":"xpath","value":"//bdi[contains(text(), \"Edit\")]"}
RESULT: {"using":"xpath","value":"//bdi[contains(text(), \"Edit\")]"}
COMMAND: POST /session/5f042fc1c64931e48653a4fe2329ff65/element - {"using":"xpath","value":"//bdi[contains(text(), \"Edit\")]"}
RESULT: undefined
COMMAND: POST /session/5f042fc1c64931e48653a4fe2329ff65/element - {"using":"xpath","value":"//*[@id=\"__xmlview64--openContractBtn\"]"}
RESULT: {"using":"xpath","value":"//bdi[contains(text(), \"Edit\")]"}
RESULT: {"using":"xpath","value":"//*[@id=\"__xmlview64--openContractBtn\"]"}
COMMAND: POST /session/5f042fc1c64931e48653a4fe2329ff65/element/f.85A0C08C11805158FB40365BE7F8DFE2.d.14107A35EE72FF55AF46F95E1A2A3FEA.e.7986/click - {}
RESULT: {}
COMMAND: POST /session/5f042fc1c64931e48653a4fe2329ff65/execute/async - {"script":"<script> [1562 bytes]","args":[{"selector":{"controlType":"sap.m.Text","properties":{"text":"Contract has been reopened successfully"},"searchOpenDialogs":true},"wdio_ui5_key":"sapm.Text{\"text\":\"Contract has been reopened successfully\"}"}]}
COMMAND: GET /session/5f042fc1c64931e48653a4fe2329ff65/screenshot - {}
RESULT: {"script":"<script> [1562 bytes]","args":[{"selector":{"controlType":"sap.m.Text","properties":{"text":"Contract has been reopened successfully"},"searchOpenDialogs":true},"wdio_ui5_key":"sapm.Text{\"text\":\"Contract has been reopened successfully\"}"}]}
RESULT: undefined
COMMAND: POST /session/5f042fc1c64931e48653a4fe2329ff65/execute/async - {"script":"<script> [6424 bytes]","args":[{"element-6066-11e4-a52e-4f735466cecf":"f.85A0C08C11805158FB40365BE7F8DFE2.d.14107A35EE72FF55AF46F95E1A2A3FEA.e.7997"},"getText",[]]}
RESULT: {}
RESULT: {"script":"<script> [6424 bytes]","args":[{"element-6066-11e4-a52e-4f735466cecf":"f.85A0C08C11805158FB40365BE7F8DFE2.d.14107A35EE72FF55AF46F95E1A2A3FEA.e.7997"},"getText",[]]}
COMMAND: POST /session/5f042fc1c64931e48653a4fe2329ff65/element - {"using":"xpath","value":"//bdi[contains(text(), \"OK\")]"}
RESULT: {"using":"xpath","value":"//bdi[contains(text(), \"OK\")]"}
COMMAND: POST /session/5f042fc1c64931e48653a4fe2329ff65/element/f.85A0C08C11805158FB40365BE7F8DFE2.d.14107A35EE72FF55AF46F95E1A2A3FEA.e.7998/click - {}
RESULT: {}
COMMAND: GET /session/5f042fc1c64931e48653a4fe2329ff65/screenshot - {}
RESULT: {}
COMMAND: POST /session/5f042fc1c64931e48653a4fe2329ff65/element - {"using":"xpath","value":"//bdi[contains(text(), \"Edit\")]"}
RESULT: undefined
COMMAND: POST /session/5f042fc1c64931e48653a4fe2329ff65/execute/async - {"script":"<script> [6424 bytes]","args":[{"element-6066-11e4-a52e-4f735466cecf":"f.85A0C08C11805158FB40365BE7F8DFE2.d.14107A35EE72FF55AF46F95E1A2A3FEA.e.7686"},"getEnabled",[]]}
RESULT: {"using":"xpath","value":"//bdi[contains(text(), \"Edit\")]"}
COMMAND: POST /session/5f042fc1c64931e48653a4fe2329ff65/execute/sync - {"script":"<script> [8489 bytes]","args":[{"element-6066-11e4-a52e-4f735466cecf":"f.85A0C08C11805158FB40365BE7F8DFE2.d.14107A35EE72FF55AF46F95E1A2A3FEA.e.7999","ELEMENT":"f.85A0C08C11805158FB40365BE7F8DFE2.d.14107A35EE72FF55AF46F95E1A2A3FEA.e.7999"}]}
COMMAND: POST /session/5f042fc1c64931e48653a4fe2329ff65/execute/async - {"script":"<script> [1562 bytes]","args":[{"selector":{"id":"closeContractBtn","viewName":"etm.portal.ui.managecontracts.view.Detail"},"wdio_ui5_key":"closeContractBtnetmportal.ui.managecontracts.view.Detail"}]}
RESULT: {"script":"<script> [8489 bytes]","args":[{"element-6066-11e4-a52e-4f735466cecf":"f.85A0C08C11805158FB40365BE7F8DFE2.d.14107A35EE72FF55AF46F95E1A2A3FEA.e.7999","ELEMENT":"f.85A0C08C11805158FB40365BE7F8DFE2.d.14107A35EE72FF55AF46F95E1A2A3FEA.e.7999"}]}
COMMAND: GET /session/5f042fc1c64931e48653a4fe2329ff65/screenshot - {}
RESULT: {"script":"<script> [1562 bytes]","args":[{"selector":{"id":"closeContractBtn","viewName":"etm.portal.ui.managecontracts.view.Detail"},"wdio_ui5_key":"closeContractBtnetmportal.ui.managecontracts.view.Detail"}]}
COMMAND: POST /session/5f042fc1c64931e48653a4fe2329ff65/execute/async - {"script":"<script> [6424 bytes]","args":[{"element-6066-11e4-a52e-4f735466cecf":"f.85A0C08C11805158FB40365BE7F8DFE2.d.14107A35EE72FF55AF46F95E1A2A3FEA.e.8000"},"getEnabled",[]]}
RESULT: {}
RESULT: {"script":"<script> [6424 bytes]","args":[{"element-6066-11e4-a52e-4f735466cecf":"f.85A0C08C11805158FB40365BE7F8DFE2.d.14107A35EE72FF55AF46F95E1A2A3FEA.e.8000"},"getEnabled",[]]}
]]></system-out>
    </testcase>
    <testcase classname="chrome.136_0_7103_49.windows.Standard_contract_close-reopen_US111278" name="Should verify for multiple statuses that open button is not visible" time="62.319">
      <system-out><![CDATA[
COMMAND: POST /session/5f042fc1c64931e48653a4fe2329ff65/execute/async - {"script":"<script> [1562 bytes]","args":[{"selector":{"controlType":"sap.ui.core.Icon","viewName":"etm.portal.ui.managecontracts.view.Detail","properties":{"src":{"regex":{"source":"decline"}}}},"wdio_ui5_key":"etmportal.ui.managecontracts.view.Detailsap.ui.core.Icon{\"src\":{\"regex\":{\"source\":\"decline\"}}}"}]}
RESULT: {"script":"<script> [1562 bytes]","args":[{"selector":{"controlType":"sap.ui.core.Icon","viewName":"etm.portal.ui.managecontracts.view.Detail","properties":{"src":{"regex":{"source":"decline"}}}},"wdio_ui5_key":"etmportal.ui.managecontracts.view.Detailsap.ui.core.Icon{\"src\":{\"regex\":{\"source\":\"decline\"}}}"}]}
RESULT: undefined
COMMAND: POST /session/5f042fc1c64931e48653a4fe2329ff65/element - {"using":"xpath","value":"//*[@id=\"__xmlview64--closeColumnBtn-img\"]"}
RESULT: {"using":"xpath","value":"//*[@id=\"__xmlview64--closeColumnBtn-img\"]"}
COMMAND: POST /session/5f042fc1c64931e48653a4fe2329ff65/element/f.85A0C08C11805158FB40365BE7F8DFE2.d.14107A35EE72FF55AF46F95E1A2A3FEA.e.7984/click - {}
RESULT: {}
COMMAND: GET /session/5f042fc1c64931e48653a4fe2329ff65/screenshot - {}
COMMAND: POST /session/5f042fc1c64931e48653a4fe2329ff65/element - {"using":"xpath","value":"//div[contains(@id ,\"smartContractFilterBar-btnBasicSearch-reset\")]"}
RESULT: {}
RESULT: {"using":"xpath","value":"//div[contains(@id ,\"smartContractFilterBar-btnBasicSearch-reset\")]"}
COMMAND: POST /session/5f042fc1c64931e48653a4fe2329ff65/element/f.85A0C08C11805158FB40365BE7F8DFE2.d.14107A35EE72FF55AF46F95E1A2A3FEA.e.7985/click - {}
RESULT: {}
COMMAND: GET /session/5f042fc1c64931e48653a4fe2329ff65/screenshot - {}
RESULT: {}
COMMAND: POST /session/5f042fc1c64931e48653a4fe2329ff65/execute/async - {"script":"<script> [1562 bytes]","args":[{"selector":{"controlType":"sap.ui.core.Icon","viewName":"etm.portal.ui.managecontracts.view.Master","properties":{"src":{"regex":{"source":"slim\\-arrow\\-down"}}},"ancestor":{"id":"smartContractStatusFilter","viewName":"etm.portal.ui.managecontracts.view.Master"}},"wdio_ui5_key":"etmportal.ui.managecontracts.view.Mastersap.ui.core.Icon{\"src\":{\"regex\":{\"source\":\"slim\\\\-arrow\\\\-down\"}}}{\"id\":\"smartContractStatusFilter\",\"viewName\":\"etm.portal.ui.managecontracts.view.Master\"}"}]}
RESULT: {"script":"<script> [1562 bytes]","args":[{"selector":{"controlType":"sap.ui.core.Icon","viewName":"etm.portal.ui.managecontracts.view.Master","properties":{"src":{"regex":{"source":"slim\\-arrow\\-down"}}},"ancestor":{"id":"smartContractStatusFilter","viewName":"etm.portal.ui.managecontracts.view.Master"}},"wdio_ui5_key":"etmportal.ui.managecontracts.view.Mastersap.ui.core.Icon{\"src\":{\"regex\":{\"source\":\"slim\\\\-arrow\\\\-down\"}}}{\"id\":\"smartContractStatusFilter\",\"viewName\":\"etm.portal.ui.managecontracts.view.Master\"}"}]}
RESULT: undefined
COMMAND: POST /session/5f042fc1c64931e48653a4fe2329ff65/element - {"using":"xpath","value":"//*[@id=\"__xmlview63--smartContractStatusFilter-arrow\"]"}
RESULT: {"using":"xpath","value":"//*[@id=\"__xmlview63--smartContractStatusFilter-arrow\"]"}
COMMAND: POST /session/5f042fc1c64931e48653a4fe2329ff65/element/f.85A0C08C11805158FB40365BE7F8DFE2.d.14107A35EE72FF55AF46F95E1A2A3FEA.e.8048/click - {}
RESULT: {}
COMMAND: POST /session/5f042fc1c64931e48653a4fe2329ff65/execute/async - {"script":"<script> [1562 bytes]","args":[{"selector":{"controlType":"sap.m.CheckBox","viewName":"etm.portal.ui.managecontracts.view.Master","properties":{"editable":true},"searchOpenDialogs":true,"ancestor":{"controlType":"sap.m.StandardListItem","viewName":"etm.portal.ui.managecontracts.view.Master","properties":{"title":"partial provided"},"searchOpenDialogs":true},"interaction":{"idSuffix":"CbBg"}},"wdio_ui5_key":"etmportal.ui.managecontracts.view.Mastersap.m.CheckBox{\"editable\":true}{\"controlType\":\"sap.m.StandardListItem\",\"viewName\":\"etm.portal.ui.managecontracts.view.Master\",\"properties\":{\"title\":\"partial provided\"},\"searchOpenDialogs\":true}"}]}
COMMAND: GET /session/5f042fc1c64931e48653a4fe2329ff65/screenshot - {}
RESULT: {"script":"<script> [1562 bytes]","args":[{"selector":{"controlType":"sap.m.CheckBox","viewName":"etm.portal.ui.managecontracts.view.Master","properties":{"editable":true},"searchOpenDialogs":true,"ancestor":{"controlType":"sap.m.StandardListItem","viewName":"etm.portal.ui.managecontracts.view.Master","properties":{"title":"partial provided"},"searchOpenDialogs":true},"interaction":{"idSuffix":"CbBg"}},"wdio_ui5_key":"etmportal.ui.managecontracts.view.Mastersap.m.CheckBox{\"editable\":true}{\"controlType\":\"sap.m.StandardListItem\",\"viewName\":\"etm.portal.ui.managecontracts.view.Master\",\"properties\":{\"title\":\"partial provided\"},\"searchOpenDialogs\":true}"}]}
RESULT: undefined
COMMAND: POST /session/5f042fc1c64931e48653a4fe2329ff65/element - {"using":"xpath","value":"//*[@id=\"__item1202-selectMulti\"]"}
RESULT: {}
RESULT: {"using":"xpath","value":"//*[@id=\"__item1202-selectMulti\"]"}
COMMAND: POST /session/5f042fc1c64931e48653a4fe2329ff65/element/f.85A0C08C11805158FB40365BE7F8DFE2.d.14107A35EE72FF55AF46F95E1A2A3FEA.e.8058/click - {}
RESULT: {}
COMMAND: GET /session/5f042fc1c64931e48653a4fe2329ff65/screenshot - {}
RESULT: {}
COMMAND: POST /session/5f042fc1c64931e48653a4fe2329ff65/element - {"using":"xpath","value":"(//span[contains(@title ,\"Navigation\")])[2]"}
RESULT: {"using":"xpath","value":"(//span[contains(@title ,\"Navigation\")])[2]"}
COMMAND: POST /session/5f042fc1c64931e48653a4fe2329ff65/element/f.85A0C08C11805158FB40365BE7F8DFE2.d.14107A35EE72FF55AF46F95E1A2A3FEA.e.8087/click - {}
RESULT: {}
COMMAND: GET /session/5f042fc1c64931e48653a4fe2329ff65/screenshot - {}
RESULT: {}
COMMAND: POST /session/5f042fc1c64931e48653a4fe2329ff65/element - {"using":"xpath","value":"//bdi[contains(@id ,\"closeContractBtn-BDI-content\")]"}
RESULT: {"using":"xpath","value":"//bdi[contains(@id ,\"closeContractBtn-BDI-content\")]"}
COMMAND: POST /session/5f042fc1c64931e48653a4fe2329ff65/execute/sync - {"script":"<script> [8489 bytes]","args":[{"element-6066-11e4-a52e-4f735466cecf":"f.85A0C08C11805158FB40365BE7F8DFE2.d.14107A35EE72FF55AF46F95E1A2A3FEA.e.8276","ELEMENT":"f.85A0C08C11805158FB40365BE7F8DFE2.d.14107A35EE72FF55AF46F95E1A2A3FEA.e.8276"}]}
RESULT: undefined
COMMAND: POST /session/5f042fc1c64931e48653a4fe2329ff65/element - {"using":"xpath","value":"//*[@id=\"__xmlview64--closeColumnBtn-img\"]"}
RESULT: {"script":"<script> [8489 bytes]","args":[{"element-6066-11e4-a52e-4f735466cecf":"f.85A0C08C11805158FB40365BE7F8DFE2.d.14107A35EE72FF55AF46F95E1A2A3FEA.e.8276","ELEMENT":"f.85A0C08C11805158FB40365BE7F8DFE2.d.14107A35EE72FF55AF46F95E1A2A3FEA.e.8276"}]}
COMMAND: GET /session/5f042fc1c64931e48653a4fe2329ff65/screenshot - {}
RESULT: {"using":"xpath","value":"//*[@id=\"__xmlview64--closeColumnBtn-img\"]"}
COMMAND: POST /session/5f042fc1c64931e48653a4fe2329ff65/element/f.85A0C08C11805158FB40365BE7F8DFE2.d.14107A35EE72FF55AF46F95E1A2A3FEA.e.7984/click - {}
RESULT: {}
RESULT: {}
COMMAND: GET /session/5f042fc1c64931e48653a4fe2329ff65/screenshot - {}
COMMAND: POST /session/5f042fc1c64931e48653a4fe2329ff65/execute/sync - {"script":"<script> [8489 bytes]","args":[{"element-6066-11e4-a52e-4f735466cecf":"f.85A0C08C11805158FB40365BE7F8DFE2.d.14107A35EE72FF55AF46F95E1A2A3FEA.e.8276","ELEMENT":"f.85A0C08C11805158FB40365BE7F8DFE2.d.14107A35EE72FF55AF46F95E1A2A3FEA.e.8276"}]}
COMMAND: POST /session/5f042fc1c64931e48653a4fe2329ff65/refresh - {}
RESULT: {}
RESULT: {"script":"<script> [8489 bytes]","args":[{"element-6066-11e4-a52e-4f735466cecf":"f.85A0C08C11805158FB40365BE7F8DFE2.d.14107A35EE72FF55AF46F95E1A2A3FEA.e.8276","ELEMENT":"f.85A0C08C11805158FB40365BE7F8DFE2.d.14107A35EE72FF55AF46F95E1A2A3FEA.e.8276"}]}
COMMAND: GET /session/5f042fc1c64931e48653a4fe2329ff65/screenshot - {}
RESULT: {}
COMMAND: GET /session/5f042fc1c64931e48653a4fe2329ff65/screenshot - {}
RESULT: {}
RESULT: {}
COMMAND: POST /session/5f042fc1c64931e48653a4fe2329ff65/execute/async - {"script":"<script> [189 bytes]","args":[]}
RESULT: {"script":"<script> [189 bytes]","args":[]}
COMMAND: POST /session/5f042fc1c64931e48653a4fe2329ff65/execute/async - {"script":"<script> [123 bytes]","args":[]}
RESULT: {"script":"<script> [123 bytes]","args":[]}
COMMAND: POST /session/5f042fc1c64931e48653a4fe2329ff65/timeouts - {"script":"<number>"}
RESULT: {"script":"<number>"}
COMMAND: GET /session/5f042fc1c64931e48653a4fe2329ff65/timeouts - {}
RESULT: {}
RESULT: undefined
COMMAND: POST /session/5f042fc1c64931e48653a4fe2329ff65/execute/async - {"script":"<script> [2676 bytes]","args":[]}
RESULT: {"script":"<script> [2676 bytes]","args":[]}
COMMAND: POST /session/5f042fc1c64931e48653a4fe2329ff65/execute/async - {"script":"<script> [2342 bytes]","args":[{"protocol":"http","hostname":"0.0.0.0","path":"/","capabilities":{"browserName":"chrome","goog:chromeOptions":{"binary":"C:\\Program Files\\Google\\Chrome\\Application\\chrome.exe","args":["--start-maximized"]}},"logLevel":"warn","connectionRetryTimeout":120000,"connectionRetryCount":3,"logLevels":{},"enableDirectConnect":true,"strictSSL":true,"_":"65 more keys: [\"cacheDir\",\"port\",\"requestedCapabilities\",\"automationProtocol\",\"baseUrl\",\"waitforInterval\",\"waitforTimeout\",\"onReload\",\"beforeCommand\",\"afterCommand\",\"rootDir\",\"specs\",\"suites\",\"exclude\",\"groupLogsByTestSpec\",\"excludeDriverLogs\",\"bail\",\"framework\",\"reporters\",\"services\",\"maxInstances\",\"maxInstancesPerCapability\",\"injectGlobals\",\"filesToWatch\",\"execArgv\",\"runnerEnv\",\"runner\",\"shard\",\"specFileRetries\",\"specFileRetriesDelay\",\"specFileRetriesDeferred\",\"reporterSyncInterval\",\"reporterSyncTimeout\",\"cucumberFeaturesWithLineNumbers\",\"autoCompileOpts\",\"mochaOpts\",\"jasmineOpts\",\"cucumberOpts\",\"onPrepare\",\"onWorkerStart\",\"onWorkerEnd\",\"before\",\"beforeSession\",\"beforeSuite\",\"beforeHook\",\"beforeTest\",\"afterTest\",\"afterHook\",\"afterSuite\",\"afterSession\",\"after\",\"onComplete\",\"beforeAssertion\",\"afterAssertion\",\"beforeFeature\",\"beforeScenario\",\"beforeStep\",\"afterStep\",\"afterScenario\",\"afterFeature\",\"_\",\"suite\",\"$0\",\"ignoredWorkerServices\",\"wdi5\"]"}]}
RESULT: {"script":"<script> [2342 bytes]","args":[{"protocol":"http","hostname":"0.0.0.0","path":"/","capabilities":{"browserName":"chrome","goog:chromeOptions":{"binary":"C:\\Program Files\\Google\\Chrome\\Application\\chrome.exe","args":["--start-maximized"]}},"logLevel":"warn","connectionRetryTimeout":120000,"connectionRetryCount":3,"logLevels":{},"enableDirectConnect":true,"strictSSL":true,"_":"65 more keys: [\"cacheDir\",\"port\",\"requestedCapabilities\",\"automationProtocol\",\"baseUrl\",\"waitforInterval\",\"waitforTimeout\",\"onReload\",\"beforeCommand\",\"afterCommand\",\"rootDir\",\"specs\",\"suites\",\"exclude\",\"groupLogsByTestSpec\",\"excludeDriverLogs\",\"bail\",\"framework\",\"reporters\",\"services\",\"maxInstances\",\"maxInstancesPerCapability\",\"injectGlobals\",\"filesToWatch\",\"execArgv\",\"runnerEnv\",\"runner\",\"shard\",\"specFileRetries\",\"specFileRetriesDelay\",\"specFileRetriesDeferred\",\"reporterSyncInterval\",\"reporterSyncTimeout\",\"cucumberFeaturesWithLineNumbers\",\"autoCompileOpts\",\"mochaOpts\",\"jasmineOpts\",\"cucumberOpts\",\"onPrepare\",\"onWorkerStart\",\"onWorkerEnd\",\"before\",\"beforeSession\",\"beforeSuite\",\"beforeHook\",\"beforeTest\",\"afterTest\",\"afterHook\",\"afterSuite\",\"afterSession\",\"after\",\"onComplete\",\"beforeAssertion\",\"afterAssertion\",\"beforeFeature\",\"beforeScenario\",\"beforeStep\",\"afterStep\",\"afterScenario\",\"afterFeature\",\"_\",\"suite\",\"$0\",\"ignoredWorkerServices\",\"wdi5\"]"}]}
COMMAND: POST /session/5f042fc1c64931e48653a4fe2329ff65/execute/async - {"script":"<script> [21126 bytes]","args":[35000]}
RESULT: {"script":"<script> [21126 bytes]","args":[35000]}
COMMAND: POST /session/5f042fc1c64931e48653a4fe2329ff65/execute/async - {"script":"<script> [1562 bytes]","args":[{"selector":{"controlType":"sap.ui.core.Icon","viewName":"etm.portal.ui.managecontracts.view.Master","properties":{"src":{"regex":{"source":"slim\\-arrow\\-down"}}},"ancestor":{"id":"smartContractStatusFilter","viewName":"etm.portal.ui.managecontracts.view.Master"}},"wdio_ui5_key":"etmportal.ui.managecontracts.view.Mastersap.ui.core.Icon{\"src\":{\"regex\":{\"source\":\"slim\\\\-arrow\\\\-down\"}}}{\"id\":\"smartContractStatusFilter\",\"viewName\":\"etm.portal.ui.managecontracts.view.Master\"}"}]}
RESULT: {"script":"<script> [1562 bytes]","args":[{"selector":{"controlType":"sap.ui.core.Icon","viewName":"etm.portal.ui.managecontracts.view.Master","properties":{"src":{"regex":{"source":"slim\\-arrow\\-down"}}},"ancestor":{"id":"smartContractStatusFilter","viewName":"etm.portal.ui.managecontracts.view.Master"}},"wdio_ui5_key":"etmportal.ui.managecontracts.view.Mastersap.ui.core.Icon{\"src\":{\"regex\":{\"source\":\"slim\\\\-arrow\\\\-down\"}}}{\"id\":\"smartContractStatusFilter\",\"viewName\":\"etm.portal.ui.managecontracts.view.Master\"}"}]}
RESULT: undefined
COMMAND: POST /session/5f042fc1c64931e48653a4fe2329ff65/element - {"using":"xpath","value":"//*[@id=\"__xmlview0--smartContractStatusFilter-arrow\"]"}
RESULT: {"using":"xpath","value":"//*[@id=\"__xmlview0--smartContractStatusFilter-arrow\"]"}
COMMAND: POST /session/5f042fc1c64931e48653a4fe2329ff65/element/f.85A0C08C11805158FB40365BE7F8DFE2.d.7FDB61EF761173D40799D2322BB278D3.e.8526/click - {}
RESULT: {}
COMMAND: GET /session/5f042fc1c64931e48653a4fe2329ff65/screenshot - {}
RESULT: {}
COMMAND: POST /session/5f042fc1c64931e48653a4fe2329ff65/execute/async - {"script":"<script> [1562 bytes]","args":[{"selector":{"controlType":"sap.m.CheckBox","viewName":"etm.portal.ui.managecontracts.view.Master","properties":{"editable":true},"searchOpenDialogs":true,"ancestor":{"controlType":"sap.m.StandardListItem","viewName":"etm.portal.ui.managecontracts.view.Master","properties":{"title":"partial billed"},"searchOpenDialogs":true},"interaction":{"idSuffix":"CbBg"}},"wdio_ui5_key":"etmportal.ui.managecontracts.view.Mastersap.m.CheckBox{\"editable\":true}{\"controlType\":\"sap.m.StandardListItem\",\"viewName\":\"etm.portal.ui.managecontracts.view.Master\",\"properties\":{\"title\":\"partial billed\"},\"searchOpenDialogs\":true}"}]}
RESULT: {"script":"<script> [1562 bytes]","args":[{"selector":{"controlType":"sap.m.CheckBox","viewName":"etm.portal.ui.managecontracts.view.Master","properties":{"editable":true},"searchOpenDialogs":true,"ancestor":{"controlType":"sap.m.StandardListItem","viewName":"etm.portal.ui.managecontracts.view.Master","properties":{"title":"partial billed"},"searchOpenDialogs":true},"interaction":{"idSuffix":"CbBg"}},"wdio_ui5_key":"etmportal.ui.managecontracts.view.Mastersap.m.CheckBox{\"editable\":true}{\"controlType\":\"sap.m.StandardListItem\",\"viewName\":\"etm.portal.ui.managecontracts.view.Master\",\"properties\":{\"title\":\"partial billed\"},\"searchOpenDialogs\":true}"}]}
RESULT: undefined
COMMAND: POST /session/5f042fc1c64931e48653a4fe2329ff65/element - {"using":"xpath","value":"//*[@id=\"__item41-selectMulti\"]"}
RESULT: {"using":"xpath","value":"//*[@id=\"__item41-selectMulti\"]"}
COMMAND: POST /session/5f042fc1c64931e48653a4fe2329ff65/element/f.85A0C08C11805158FB40365BE7F8DFE2.d.7FDB61EF761173D40799D2322BB278D3.e.8535/click - {}
RESULT: {}
COMMAND: GET /session/5f042fc1c64931e48653a4fe2329ff65/screenshot - {}
RESULT: {}
COMMAND: POST /session/5f042fc1c64931e48653a4fe2329ff65/element - {"using":"xpath","value":"(//span[contains(@title ,\"Navigation\")])[2]"}
RESULT: {"using":"xpath","value":"(//span[contains(@title ,\"Navigation\")])[2]"}
COMMAND: POST /session/5f042fc1c64931e48653a4fe2329ff65/element/f.85A0C08C11805158FB40365BE7F8DFE2.d.7FDB61EF761173D40799D2322BB278D3.e.8568/click - {}
RESULT: {}
COMMAND: GET /session/5f042fc1c64931e48653a4fe2329ff65/screenshot - {}
RESULT: {}
COMMAND: POST /session/5f042fc1c64931e48653a4fe2329ff65/execute/sync - {"script":"<script> [8489 bytes]","args":[{"element-6066-11e4-a52e-4f735466cecf":"f.85A0C08C11805158FB40365BE7F8DFE2.d.14107A35EE72FF55AF46F95E1A2A3FEA.e.8276","ELEMENT":"f.85A0C08C11805158FB40365BE7F8DFE2.d.14107A35EE72FF55AF46F95E1A2A3FEA.e.8276"}]}
COMMAND: POST /session/5f042fc1c64931e48653a4fe2329ff65/element - {"using":"css selector","value":"#shell-header-logo"}
COMMAND: POST /session/5f042fc1c64931e48653a4fe2329ff65/element - {"using":"xpath","value":"//bdi[contains(@id ,\"closeContractBtn-BDI-content\")]"}
RESULT: {"using":"css selector","value":"#shell-header-logo"}
COMMAND: POST /session/5f042fc1c64931e48653a4fe2329ff65/element/f.85A0C08C11805158FB40365BE7F8DFE2.d.7FDB61EF761173D40799D2322BB278D3.e.8500/click - {}
RESULT: {"using":"xpath","value":"//bdi[contains(@id ,\"closeContractBtn-BDI-content\")]"}
COMMAND: POST /session/5f042fc1c64931e48653a4fe2329ff65/execute/sync - {"script":"<script> [8489 bytes]","args":[{"element-6066-11e4-a52e-4f735466cecf":"f.85A0C08C11805158FB40365BE7F8DFE2.d.7FDB61EF761173D40799D2322BB278D3.e.8883","ELEMENT":"f.85A0C08C11805158FB40365BE7F8DFE2.d.7FDB61EF761173D40799D2322BB278D3.e.8883"}]}
RESULT: {}
COMMAND: GET /session/5f042fc1c64931e48653a4fe2329ff65/screenshot - {}
RESULT: {}
COMMAND: POST /session/5f042fc1c64931e48653a4fe2329ff65/execute/sync - {"script":"<script> [8489 bytes]","args":[{"element-6066-11e4-a52e-4f735466cecf":"f.85A0C08C11805158FB40365BE7F8DFE2.d.7FDB61EF761173D40799D2322BB278D3.e.8883","ELEMENT":"f.85A0C08C11805158FB40365BE7F8DFE2.d.7FDB61EF761173D40799D2322BB278D3.e.8883"}]}
COMMAND: POST /session/5f042fc1c64931e48653a4fe2329ff65/element - {"using":"xpath","value":"//bdi[contains(@id ,\"closeContractBtn-BDI-content\")]"}
RESULT: {"using":"xpath","value":"//bdi[contains(@id ,\"closeContractBtn-BDI-content\")]"}
COMMAND: POST /session/5f042fc1c64931e48653a4fe2329ff65/element - {"using":"xpath","value":"//bdi[contains(@id ,\"closeContractBtn-BDI-content\")]"}
RESULT: {"using":"xpath","value":"//bdi[contains(@id ,\"closeContractBtn-BDI-content\")]"}
]]></system-out>
    </testcase>
  </testsuite>
  <testsuite timestamp="2025-05-15T08:25:16" time="51.962" tests="1" failures="0" errors="0" skipped="0">
    <properties>
      <property name="specId" value="0" />
      <property name="suiteName" value="Standard contract decline US151279" />
      <property name="capabilities" value="chrome.136_0_7103_49.windows" />
      <property name="file" value="file:///D:/a/1/s/test/specs/R2C/standard-contract-decline.spec.js" />
    </properties>
    <testcase classname="chrome.136_0_7103_49.windows.Standard_contract_decline_US151279" name="Should decline a contract" time="47.464">
      <system-out><![CDATA[
COMMAND: POST /session/5f042fc1c64931e48653a4fe2329ff65/execute/async - {"script":"<script> [1562 bytes]","args":[{"selector":{"controlType":"sap.m.GenericTile","properties":{"header":"Manage Contracts"}},"wdio_ui5_key":"sapm.GenericTile{\"header\":\"Manage Contracts\"}"}]}
RESULT: {"script":"<script> [1562 bytes]","args":[{"selector":{"controlType":"sap.m.GenericTile","properties":{"header":"Manage Contracts"}},"wdio_ui5_key":"sapm.GenericTile{\"header\":\"Manage Contracts\"}"}]}
RESULT: undefined
COMMAND: POST /session/5f042fc1c64931e48653a4fe2329ff65/element - {"using":"xpath","value":"//*[@id=\"__tile130\"]"}
RESULT: {"using":"xpath","value":"//*[@id=\"__tile130\"]"}
COMMAND: POST /session/5f042fc1c64931e48653a4fe2329ff65/element/f.85A0C08C11805158FB40365BE7F8DFE2.d.7FDB61EF761173D40799D2322BB278D3.e.8900/click - {}
RESULT: {}
COMMAND: GET /session/5f042fc1c64931e48653a4fe2329ff65/screenshot - {}
RESULT: {}
COMMAND: POST /session/5f042fc1c64931e48653a4fe2329ff65/elements - {"using":"xpath","value":"//span[text()='Error']"}
RESULT: {"using":"xpath","value":"//span[text()='Error']"}
COMMAND: POST /session/5f042fc1c64931e48653a4fe2329ff65/element - {"using":"xpath","value":"//input[contains(@id ,\"smartContractFilterBar-btnBasicSearch-I\")]"}
RESULT: {"using":"xpath","value":"//input[contains(@id ,\"smartContractFilterBar-btnBasicSearch-I\")]"}
COMMAND: POST /session/5f042fc1c64931e48653a4fe2329ff65/element/f.85A0C08C11805158FB40365BE7F8DFE2.d.7FDB61EF761173D40799D2322BB278D3.e.8911/clear - {}
RESULT: {}
COMMAND: POST /session/5f042fc1c64931e48653a4fe2329ff65/element/f.85A0C08C11805158FB40365BE7F8DFE2.d.7FDB61EF761173D40799D2322BB278D3.e.8911/value - {"text":"10237"}
COMMAND: GET /session/5f042fc1c64931e48653a4fe2329ff65/screenshot - {}
RESULT: {"text":"10237"}
COMMAND: POST /session/5f042fc1c64931e48653a4fe2329ff65/actions - {"actions":[{"id":"action43","type":"key","parameters":{},"actions":[{"type":"keyDown","value":"î€‡"},{"type":"pause","duration":10},{"type":"keyUp","value":"î€‡"}]}]}
COMMAND: GET /session/5f042fc1c64931e48653a4fe2329ff65/screenshot - {}
RESULT: {}
RESULT: {"actions":[{"id":"action43","type":"key","parameters":{},"actions":[{"type":"keyDown","value":"î€‡"},{"type":"pause","duration":10},{"type":"keyUp","value":"î€‡"}]}]}
COMMAND: GET /session/5f042fc1c64931e48653a4fe2329ff65/screenshot - {}
RESULT: {}
RESULT: {}
COMMAND: POST /session/5f042fc1c64931e48653a4fe2329ff65/execute/async - {"script":"<script> [1562 bytes]","args":[{"selector":{"controlType":"sap.ui.core.Icon","viewName":"etm.portal.ui.managecontracts.view.Master","properties":{"src":{"regex":{"source":"slim\\-arrow\\-right"}}}},"wdio_ui5_key":"etmportal.ui.managecontracts.view.Mastersap.ui.core.Icon{\"src\":{\"regex\":{\"source\":\"slim\\\\-arrow\\\\-right\"}}}"}]}
RESULT: {"script":"<script> [1562 bytes]","args":[{"selector":{"controlType":"sap.ui.core.Icon","viewName":"etm.portal.ui.managecontracts.view.Master","properties":{"src":{"regex":{"source":"slim\\-arrow\\-right"}}}},"wdio_ui5_key":"etmportal.ui.managecontracts.view.Mastersap.ui.core.Icon{\"src\":{\"regex\":{\"source\":\"slim\\\\-arrow\\\\-right\"}}}"}]}
RESULT: undefined
COMMAND: POST /session/5f042fc1c64931e48653a4fe2329ff65/element - {"using":"xpath","value":"//*[@id=\"__item77-__clone192-imgNav\"]"}
RESULT: {"using":"xpath","value":"//*[@id=\"__item77-__clone192-imgNav\"]"}
COMMAND: POST /session/5f042fc1c64931e48653a4fe2329ff65/element/f.85A0C08C11805158FB40365BE7F8DFE2.d.7FDB61EF761173D40799D2322BB278D3.e.9002/click - {}
RESULT: {}
COMMAND: GET /session/5f042fc1c64931e48653a4fe2329ff65/screenshot - {}
RESULT: {}
COMMAND: POST /session/5f042fc1c64931e48653a4fe2329ff65/execute/async - {"script":"<script> [1562 bytes]","args":[{"selector":{"id":"cancelContractBtn","viewName":"etm.portal.ui.managecontracts.view.Detail","interaction":{"idSuffix":"BDI-content"}},"wdio_ui5_key":"cancelContractBtnetmportal.ui.managecontracts.view.Detail"}]}
RESULT: {"script":"<script> [1562 bytes]","args":[{"selector":{"id":"cancelContractBtn","viewName":"etm.portal.ui.managecontracts.view.Detail","interaction":{"idSuffix":"BDI-content"}},"wdio_ui5_key":"cancelContractBtnetmportal.ui.managecontracts.view.Detail"}]}
RESULT: undefined
COMMAND: POST /session/5f042fc1c64931e48653a4fe2329ff65/element - {"using":"xpath","value":"//*[@id=\"__xmlview61--cancelContractBtn\"]"}
RESULT: {"using":"xpath","value":"//*[@id=\"__xmlview61--cancelContractBtn\"]"}
COMMAND: POST /session/5f042fc1c64931e48653a4fe2329ff65/element/f.85A0C08C11805158FB40365BE7F8DFE2.d.7FDB61EF761173D40799D2322BB278D3.e.9118/click - {}
RESULT: {}
COMMAND: GET /session/5f042fc1c64931e48653a4fe2329ff65/screenshot - {}
RESULT: {}
COMMAND: POST /session/5f042fc1c64931e48653a4fe2329ff65/execute/async - {"script":"<script> [1562 bytes]","args":[{"selector":{"controlType":"sap.m.Text","properties":{"text":"Do you want to cancel the whole contract?"},"searchOpenDialogs":true},"wdio_ui5_key":"sapm.Text{\"text\":\"Do you want to cancel the whole contract?\"}"}]}
RESULT: {"script":"<script> [1562 bytes]","args":[{"selector":{"controlType":"sap.m.Text","properties":{"text":"Do you want to cancel the whole contract?"},"searchOpenDialogs":true},"wdio_ui5_key":"sapm.Text{\"text\":\"Do you want to cancel the whole contract?\"}"}]}
RESULT: undefined
COMMAND: POST /session/5f042fc1c64931e48653a4fe2329ff65/execute/async - {"script":"<script> [6424 bytes]","args":[{"element-6066-11e4-a52e-4f735466cecf":"f.85A0C08C11805158FB40365BE7F8DFE2.d.7FDB61EF761173D40799D2322BB278D3.e.9165"},"getText",[]]}
RESULT: {"script":"<script> [6424 bytes]","args":[{"element-6066-11e4-a52e-4f735466cecf":"f.85A0C08C11805158FB40365BE7F8DFE2.d.7FDB61EF761173D40799D2322BB278D3.e.9165"},"getText",[]]}
COMMAND: POST /session/5f042fc1c64931e48653a4fe2329ff65/element - {"using":"xpath","value":"//bdi[contains(text(), \"OK\")]"}
RESULT: {"using":"xpath","value":"//bdi[contains(text(), \"OK\")]"}
COMMAND: POST /session/5f042fc1c64931e48653a4fe2329ff65/element/f.85A0C08C11805158FB40365BE7F8DFE2.d.7FDB61EF761173D40799D2322BB278D3.e.9166/click - {}
RESULT: {}
COMMAND: GET /session/5f042fc1c64931e48653a4fe2329ff65/screenshot - {}
RESULT: {}
COMMAND: POST /session/5f042fc1c64931e48653a4fe2329ff65/element - {"using":"xpath","value":"//input[contains(@id ,\"smartContractFilterBar-btnBasicSearch-I\")]"}
RESULT: {"using":"xpath","value":"//input[contains(@id ,\"smartContractFilterBar-btnBasicSearch-I\")]"}
COMMAND: POST /session/5f042fc1c64931e48653a4fe2329ff65/element/f.85A0C08C11805158FB40365BE7F8DFE2.d.7FDB61EF761173D40799D2322BB278D3.e.8911/clear - {}
RESULT: {}
COMMAND: POST /session/5f042fc1c64931e48653a4fe2329ff65/element/f.85A0C08C11805158FB40365BE7F8DFE2.d.7FDB61EF761173D40799D2322BB278D3.e.8911/value - {"text":"10237"}
COMMAND: GET /session/5f042fc1c64931e48653a4fe2329ff65/screenshot - {}
RESULT: {"text":"10237"}
COMMAND: POST /session/5f042fc1c64931e48653a4fe2329ff65/actions - {"actions":[{"id":"action44","type":"key","parameters":{},"actions":[{"type":"keyDown","value":"î€‡"},{"type":"pause","duration":10},{"type":"keyUp","value":"î€‡"}]}]}
COMMAND: GET /session/5f042fc1c64931e48653a4fe2329ff65/screenshot - {}
RESULT: {}
RESULT: {}
RESULT: {"actions":[{"id":"action44","type":"key","parameters":{},"actions":[{"type":"keyDown","value":"î€‡"},{"type":"pause","duration":10},{"type":"keyUp","value":"î€‡"}]}]}
COMMAND: GET /session/5f042fc1c64931e48653a4fe2329ff65/screenshot - {}
RESULT: {}
COMMAND: POST /session/5f042fc1c64931e48653a4fe2329ff65/execute/async - {"script":"<script> [1562 bytes]","args":[{"selector":{"controlType":"sap.m.ObjectStatus","viewName":"etm.portal.ui.managecontracts.view.Master","bindingPath":{"path":"/SmartContractHeaders('10237')","propertyPath":"STATUS_DESCRIPTION"}},"wdio_ui5_key":"etmportal.ui.managecontracts.view.Mastersap.m.ObjectStatus{\"path\":\"/SmartContractHeaders('10237')\",\"propertyPath\":\"STATUS_DESCRIPTION\"}"}]}
RESULT: {"script":"<script> [1562 bytes]","args":[{"selector":{"controlType":"sap.m.ObjectStatus","viewName":"etm.portal.ui.managecontracts.view.Master","bindingPath":{"path":"/SmartContractHeaders('10237')","propertyPath":"STATUS_DESCRIPTION"}},"wdio_ui5_key":"etmportal.ui.managecontracts.view.Mastersap.m.ObjectStatus{\"path\":\"/SmartContractHeaders('10237')\",\"propertyPath\":\"STATUS_DESCRIPTION\"}"}]}
RESULT: undefined
COMMAND: POST /session/5f042fc1c64931e48653a4fe2329ff65/execute/async - {"script":"<script> [6424 bytes]","args":[{"element-6066-11e4-a52e-4f735466cecf":"f.85A0C08C11805158FB40365BE7F8DFE2.d.7FDB61EF761173D40799D2322BB278D3.e.9227"},"getText",[]]}
RESULT: {"script":"<script> [6424 bytes]","args":[{"element-6066-11e4-a52e-4f735466cecf":"f.85A0C08C11805158FB40365BE7F8DFE2.d.7FDB61EF761173D40799D2322BB278D3.e.9227"},"getText",[]]}
RESULT: undefined
COMMAND: POST /session/5f042fc1c64931e48653a4fe2329ff65/element - {"using":"xpath","value":"//*[@id=\"__item77-__clone192-imgNav\"]"}
RESULT: {"using":"xpath","value":"//*[@id=\"__item77-__clone192-imgNav\"]"}
COMMAND: POST /session/5f042fc1c64931e48653a4fe2329ff65/element/f.85A0C08C11805158FB40365BE7F8DFE2.d.7FDB61EF761173D40799D2322BB278D3.e.9002/click - {}
RESULT: {}
COMMAND: GET /session/5f042fc1c64931e48653a4fe2329ff65/screenshot - {}
RESULT: {}
COMMAND: POST /session/5f042fc1c64931e48653a4fe2329ff65/execute/async - {"script":"<script> [1562 bytes]","args":[{"selector":{"controlType":"sap.m.ObjectStatus","viewName":"etm.portal.ui.managecontracts.view.Detail","bindingPath":{"path":"/SmartContractItems(CONTRACT='10237',ITEM=10m,SUB_ITEM=0m)","propertyPath":"STATUS"}},"wdio_ui5_key":"etmportal.ui.managecontracts.view.Detailsap.m.ObjectStatus{\"path\":\"/SmartContractItems(CONTRACT='10237',ITEM=10m,SUB_ITEM=0m)\",\"propertyPath\":\"STATUS\"}"}]}
RESULT: {"script":"<script> [1562 bytes]","args":[{"selector":{"controlType":"sap.m.ObjectStatus","viewName":"etm.portal.ui.managecontracts.view.Detail","bindingPath":{"path":"/SmartContractItems(CONTRACT='10237',ITEM=10m,SUB_ITEM=0m)","propertyPath":"STATUS"}},"wdio_ui5_key":"etmportal.ui.managecontracts.view.Detailsap.m.ObjectStatus{\"path\":\"/SmartContractItems(CONTRACT='10237',ITEM=10m,SUB_ITEM=0m)\",\"propertyPath\":\"STATUS\"}"}]}
RESULT: undefined
COMMAND: POST /session/5f042fc1c64931e48653a4fe2329ff65/execute/async - {"script":"<script> [6424 bytes]","args":[{"element-6066-11e4-a52e-4f735466cecf":"f.85A0C08C11805158FB40365BE7F8DFE2.d.7FDB61EF761173D40799D2322BB278D3.e.9245"},"getText",[]]}
RESULT: {"script":"<script> [6424 bytes]","args":[{"element-6066-11e4-a52e-4f735466cecf":"f.85A0C08C11805158FB40365BE7F8DFE2.d.7FDB61EF761173D40799D2322BB278D3.e.9245"},"getText",[]]}
COMMAND: POST /session/5f042fc1c64931e48653a4fe2329ff65/element - {"using":"css selector","value":"#shell-header-logo"}
RESULT: {"using":"css selector","value":"#shell-header-logo"}
COMMAND: POST /session/5f042fc1c64931e48653a4fe2329ff65/element/f.85A0C08C11805158FB40365BE7F8DFE2.d.7FDB61EF761173D40799D2322BB278D3.e.8902/click - {}
RESULT: {}
COMMAND: GET /session/5f042fc1c64931e48653a4fe2329ff65/screenshot - {}
RESULT: {}
]]></system-out>
    </testcase>
  </testsuite>
  <testsuite timestamp="2025-05-15T08:26:08" time="169.341" tests="2" failures="0" errors="0" skipped="0">
    <properties>
      <property name="specId" value="0" />
      <property name="suiteName" value="Insert service into a contract US152956" />
      <property name="capabilities" value="chrome.136_0_7103_49.windows" />
      <property name="file" value="file:///D:/a/1/s/test/specs/R2C/insert-service-into-a-contract.spec.js" />
    </properties>
    <testcase classname="chrome.136_0_7103_49.windows.Insert_service_into_a_contract_US152956" name="Should create a new contract" time="89.707">
      <system-out><![CDATA[
RESULT: undefined
COMMAND: POST /session/5f042fc1c64931e48653a4fe2329ff65/element - {"using":"xpath","value":"//*[@id=\"__tile130\"]"}
RESULT: {"using":"xpath","value":"//*[@id=\"__tile130\"]"}
COMMAND: POST /session/5f042fc1c64931e48653a4fe2329ff65/element/f.85A0C08C11805158FB40365BE7F8DFE2.d.7FDB61EF761173D40799D2322BB278D3.e.8900/click - {}
RESULT: {}
COMMAND: GET /session/5f042fc1c64931e48653a4fe2329ff65/screenshot - {}
RESULT: {}
COMMAND: POST /session/5f042fc1c64931e48653a4fe2329ff65/elements - {"using":"xpath","value":"//span[text()='Error']"}
RESULT: {"using":"xpath","value":"//span[text()='Error']"}
COMMAND: POST /session/5f042fc1c64931e48653a4fe2329ff65/element - {"using":"xpath","value":"//button[@data-kt=\"addButton\"]"}
RESULT: {"using":"xpath","value":"//button[@data-kt=\"addButton\"]"}
COMMAND: POST /session/5f042fc1c64931e48653a4fe2329ff65/element/f.85A0C08C11805158FB40365BE7F8DFE2.d.7FDB61EF761173D40799D2322BB278D3.e.9298/click - {}
RESULT: {}
COMMAND: GET /session/5f042fc1c64931e48653a4fe2329ff65/screenshot - {}
RESULT: {}
COMMAND: POST /session/5f042fc1c64931e48653a4fe2329ff65/execute/async - {"script":"<script> [1562 bytes]","args":[{"selector":{"id":"application-managecontracts-display-component---AddNewContract--projectDescription","interaction":{"idSuffix":"inner"}},"wdio_ui5_key":"applicationmanagecontracts-display-component---AddNewContract--projectDescription"}]}
RESULT: {"script":"<script> [1562 bytes]","args":[{"selector":{"id":"application-managecontracts-display-component---AddNewContract--projectDescription","interaction":{"idSuffix":"inner"}},"wdio_ui5_key":"applicationmanagecontracts-display-component---AddNewContract--projectDescription"}]}
RESULT: undefined
COMMAND: POST /session/5f042fc1c64931e48653a4fe2329ff65/execute/async - {"script":"<script> [776 bytes]","args":[{"enterText":"WdIOR2cpb0jb","selector":{"id":"application-managecontracts-display-component---AddNewContract--projectDescription","interaction":{"idSuffix":"inner"}},"clearTextFirst":true,"interactionType":"ENTER_TEXT"}]}
RESULT: {"script":"<script> [776 bytes]","args":[{"enterText":"WdIOR2cpb0jb","selector":{"id":"application-managecontracts-display-component---AddNewContract--projectDescription","interaction":{"idSuffix":"inner"}},"clearTextFirst":true,"interactionType":"ENTER_TEXT"}]}
COMMAND: POST /session/5f042fc1c64931e48653a4fe2329ff65/element - {"using":"xpath","value":"//input[@id=\"application-managecontracts-display-component---AddNewContract--yardId-inner\"]"}
RESULT: {"using":"xpath","value":"//input[@id=\"application-managecontracts-display-component---AddNewContract--yardId-inner\"]"}
COMMAND: POST /session/5f042fc1c64931e48653a4fe2329ff65/element/f.85A0C08C11805158FB40365BE7F8DFE2.d.7FDB61EF761173D40799D2322BB278D3.e.9599/clear - {}
RESULT: {}
COMMAND: POST /session/5f042fc1c64931e48653a4fe2329ff65/element/f.85A0C08C11805158FB40365BE7F8DFE2.d.7FDB61EF761173D40799D2322BB278D3.e.9599/value - {"text":"WebdriverYardvzk7z"}
COMMAND: GET /session/5f042fc1c64931e48653a4fe2329ff65/screenshot - {}
RESULT: {"text":"WebdriverYardvzk7z"}
COMMAND: GET /session/5f042fc1c64931e48653a4fe2329ff65/screenshot - {}
RESULT: {}
RESULT: {}
COMMAND: POST /session/5f042fc1c64931e48653a4fe2329ff65/actions - {"actions":[{"id":"action45","type":"key","parameters":{},"actions":[{"type":"keyDown","value":"î€‡"},{"type":"pause","duration":10},{"type":"keyUp","value":"î€‡"}]}]}
RESULT: {"actions":[{"id":"action45","type":"key","parameters":{},"actions":[{"type":"keyDown","value":"î€‡"},{"type":"pause","duration":10},{"type":"keyUp","value":"î€‡"}]}]}
COMMAND: GET /session/5f042fc1c64931e48653a4fe2329ff65/screenshot - {}
RESULT: {}
COMMAND: POST /session/5f042fc1c64931e48653a4fe2329ff65/element - {"using":"xpath","value":"//input[@id=\"application-managecontracts-display-component---AddNewContract--customerSelect-inner\"]"}
RESULT: {"using":"xpath","value":"//input[@id=\"application-managecontracts-display-component---AddNewContract--customerSelect-inner\"]"}
COMMAND: POST /session/5f042fc1c64931e48653a4fe2329ff65/element/f.85A0C08C11805158FB40365BE7F8DFE2.d.7FDB61EF761173D40799D2322BB278D3.e.9597/clear - {}
RESULT: {}
COMMAND: POST /session/5f042fc1c64931e48653a4fe2329ff65/element/f.85A0C08C11805158FB40365BE7F8DFE2.d.7FDB61EF761173D40799D2322BB278D3.e.9597/value - {"text":"WebdriverPartner0w9kx"}
COMMAND: GET /session/5f042fc1c64931e48653a4fe2329ff65/screenshot - {}
RESULT: {"text":"WebdriverPartner0w9kx"}
COMMAND: GET /session/5f042fc1c64931e48653a4fe2329ff65/screenshot - {}
RESULT: {}
RESULT: {}
COMMAND: POST /session/5f042fc1c64931e48653a4fe2329ff65/actions - {"actions":[{"id":"action46","type":"key","parameters":{},"actions":[{"type":"keyDown","value":"î€‡"},{"type":"pause","duration":10},{"type":"keyUp","value":"î€‡"}]}]}
RESULT: {"actions":[{"id":"action46","type":"key","parameters":{},"actions":[{"type":"keyDown","value":"î€‡"},{"type":"pause","duration":10},{"type":"keyUp","value":"î€‡"}]}]}
COMMAND: GET /session/5f042fc1c64931e48653a4fe2329ff65/screenshot - {}
RESULT: {}
COMMAND: POST /session/5f042fc1c64931e48653a4fe2329ff65/element - {"using":"xpath","value":"//input[@id=\"application-managecontracts-display-component---AddNewContract--site-inner\"]"}
RESULT: {"using":"xpath","value":"//input[@id=\"application-managecontracts-display-component---AddNewContract--site-inner\"]"}
COMMAND: POST /session/5f042fc1c64931e48653a4fe2329ff65/element/f.85A0C08C11805158FB40365BE7F8DFE2.d.7FDB61EF761173D40799D2322BB278D3.e.9598/clear - {}
RESULT: {}
COMMAND: POST /session/5f042fc1c64931e48653a4fe2329ff65/element/f.85A0C08C11805158FB40365BE7F8DFE2.d.7FDB61EF761173D40799D2322BB278D3.e.9598/value - {"text":"WebdriverSitex640o"}
COMMAND: GET /session/5f042fc1c64931e48653a4fe2329ff65/screenshot - {}
RESULT: {"text":"WebdriverSitex640o"}
COMMAND: GET /session/5f042fc1c64931e48653a4fe2329ff65/screenshot - {}
RESULT: {}
RESULT: {}
COMMAND: POST /session/5f042fc1c64931e48653a4fe2329ff65/actions - {"actions":[{"id":"action47","type":"key","parameters":{},"actions":[{"type":"keyDown","value":"î€‡"},{"type":"pause","duration":10},{"type":"keyUp","value":"î€‡"}]}]}
RESULT: {"actions":[{"id":"action47","type":"key","parameters":{},"actions":[{"type":"keyDown","value":"î€‡"},{"type":"pause","duration":10},{"type":"keyUp","value":"î€‡"}]}]}
COMMAND: GET /session/5f042fc1c64931e48653a4fe2329ff65/screenshot - {}
RESULT: {}
COMMAND: POST /session/5f042fc1c64931e48653a4fe2329ff65/element - {"using":"xpath","value":"//button[@data-kt=\"saveButton\"]"}
RESULT: {"using":"xpath","value":"//button[@data-kt=\"saveButton\"]"}
COMMAND: POST /session/5f042fc1c64931e48653a4fe2329ff65/element/f.85A0C08C11805158FB40365BE7F8DFE2.d.7FDB61EF761173D40799D2322BB278D3.e.9631/click - {}
RESULT: {}
COMMAND: GET /session/5f042fc1c64931e48653a4fe2329ff65/screenshot - {}
RESULT: {}
COMMAND: POST /session/5f042fc1c64931e48653a4fe2329ff65/execute/async - {"script":"<script> [1562 bytes]","args":[{"selector":{"id":"contractDetailTitleNoExpanded","viewName":"etm.portal.ui.managecontracts.view.Detail"},"wdio_ui5_key":"contractDetailTitleNoExpandedetmportal.ui.managecontracts.view.Detail"}]}
RESULT: {"script":"<script> [1562 bytes]","args":[{"selector":{"id":"contractDetailTitleNoExpanded","viewName":"etm.portal.ui.managecontracts.view.Detail"},"wdio_ui5_key":"contractDetailTitleNoExpandedetmportal.ui.managecontracts.view.Detail"}]}
RESULT: undefined
COMMAND: POST /session/5f042fc1c64931e48653a4fe2329ff65/execute/async - {"script":"<script> [6424 bytes]","args":[{"element-6066-11e4-a52e-4f735466cecf":"f.85A0C08C11805158FB40365BE7F8DFE2.d.7FDB61EF761173D40799D2322BB278D3.e.9703"},"getText",[]]}
RESULT: {"script":"<script> [6424 bytes]","args":[{"element-6066-11e4-a52e-4f735466cecf":"f.85A0C08C11805158FB40365BE7F8DFE2.d.7FDB61EF761173D40799D2322BB278D3.e.9703"},"getText",[]]}
]]></system-out>
    </testcase>
    <testcase classname="chrome.136_0_7103_49.windows.Insert_service_into_a_contract_US152956" name="Should add a service unit and a service group to the contract" time="75.64">
      <system-out><![CDATA[
COMMAND: POST /session/5f042fc1c64931e48653a4fe2329ff65/element - {"using":"xpath","value":"//button[@data-kt=\"contractDetailEditBtnButton\"]"}
RESULT: {"using":"xpath","value":"//button[@data-kt=\"contractDetailEditBtnButton\"]"}
COMMAND: POST /session/5f042fc1c64931e48653a4fe2329ff65/execute/sync - {"script":"<script> [8489 bytes]","args":[{"element-6066-11e4-a52e-4f735466cecf":"f.85A0C08C11805158FB40365BE7F8DFE2.d.7FDB61EF761173D40799D2322BB278D3.e.9704","ELEMENT":"f.85A0C08C11805158FB40365BE7F8DFE2.d.7FDB61EF761173D40799D2322BB278D3.e.9704"}]}
RESULT: {"script":"<script> [8489 bytes]","args":[{"element-6066-11e4-a52e-4f735466cecf":"f.85A0C08C11805158FB40365BE7F8DFE2.d.7FDB61EF761173D40799D2322BB278D3.e.9704","ELEMENT":"f.85A0C08C11805158FB40365BE7F8DFE2.d.7FDB61EF761173D40799D2322BB278D3.e.9704"}]}
COMMAND: POST /session/5f042fc1c64931e48653a4fe2329ff65/execute/sync - {"script":"<script> [8489 bytes]","args":[{"element-6066-11e4-a52e-4f735466cecf":"f.85A0C08C11805158FB40365BE7F8DFE2.d.7FDB61EF761173D40799D2322BB278D3.e.9704","ELEMENT":"f.85A0C08C11805158FB40365BE7F8DFE2.d.7FDB61EF761173D40799D2322BB278D3.e.9704"}]}
COMMAND: GET /session/5f042fc1c64931e48653a4fe2329ff65/screenshot - {}
RESULT: {"script":"<script> [8489 bytes]","args":[{"element-6066-11e4-a52e-4f735466cecf":"f.85A0C08C11805158FB40365BE7F8DFE2.d.7FDB61EF761173D40799D2322BB278D3.e.9704","ELEMENT":"f.85A0C08C11805158FB40365BE7F8DFE2.d.7FDB61EF761173D40799D2322BB278D3.e.9704"}]}
COMMAND: POST /session/5f042fc1c64931e48653a4fe2329ff65/execute/sync - {"script":"<script> [5351 bytes]","args":[{"element-6066-11e4-a52e-4f735466cecf":"f.85A0C08C11805158FB40365BE7F8DFE2.d.7FDB61EF761173D40799D2322BB278D3.e.9704","ELEMENT":"f.85A0C08C11805158FB40365BE7F8DFE2.d.7FDB61EF761173D40799D2322BB278D3.e.9704"}]}
COMMAND: GET /session/5f042fc1c64931e48653a4fe2329ff65/screenshot - {}
RESULT: {}
RESULT: {"script":"<script> [5351 bytes]","args":[{"element-6066-11e4-a52e-4f735466cecf":"f.85A0C08C11805158FB40365BE7F8DFE2.d.7FDB61EF761173D40799D2322BB278D3.e.9704","ELEMENT":"f.85A0C08C11805158FB40365BE7F8DFE2.d.7FDB61EF761173D40799D2322BB278D3.e.9704"}]}
COMMAND: POST /session/5f042fc1c64931e48653a4fe2329ff65/element/f.85A0C08C11805158FB40365BE7F8DFE2.d.7FDB61EF761173D40799D2322BB278D3.e.9704/click - {}
COMMAND: GET /session/5f042fc1c64931e48653a4fe2329ff65/screenshot - {}
RESULT: {}
RESULT: {}
COMMAND: GET /session/5f042fc1c64931e48653a4fe2329ff65/screenshot - {}
RESULT: {}
RESULT: {}
COMMAND: POST /session/5f042fc1c64931e48653a4fe2329ff65/element - {"using":"xpath","value":"(//span[contains(text(), \"Additional Addresses\")])[2]"}
RESULT: {"using":"xpath","value":"(//span[contains(text(), \"Additional Addresses\")])[2]"}
COMMAND: POST /session/5f042fc1c64931e48653a4fe2329ff65/element/f.85A0C08C11805158FB40365BE7F8DFE2.d.7FDB61EF761173D40799D2322BB278D3.e.9758/click - {}
RESULT: {}
COMMAND: GET /session/5f042fc1c64931e48653a4fe2329ff65/screenshot - {}
RESULT: {}
COMMAND: POST /session/5f042fc1c64931e48653a4fe2329ff65/element - {"using":"xpath","value":"//button[@data-kt=\"btnAddTableRowOverflowToolbarButton\"]"}
RESULT: {"using":"xpath","value":"//button[@data-kt=\"btnAddTableRowOverflowToolbarButton\"]"}
COMMAND: POST /session/5f042fc1c64931e48653a4fe2329ff65/element/f.85A0C08C11805158FB40365BE7F8DFE2.d.7FDB61EF761173D40799D2322BB278D3.e.9762/click - {}
RESULT: {}
COMMAND: GET /session/5f042fc1c64931e48653a4fe2329ff65/screenshot - {}
RESULT: {}
COMMAND: POST /session/5f042fc1c64931e48653a4fe2329ff65/element - {"using":"xpath","value":"//div[(text() = 'Standard Entry' or . = 'Standard Entry')]"}
RESULT: {"using":"xpath","value":"//div[(text() = 'Standard Entry' or . = 'Standard Entry')]"}
COMMAND: POST /session/5f042fc1c64931e48653a4fe2329ff65/element/f.85A0C08C11805158FB40365BE7F8DFE2.d.7FDB61EF761173D40799D2322BB278D3.e.9764/click - {}
RESULT: {}
COMMAND: POST /session/5f042fc1c64931e48653a4fe2329ff65/element - {"using":"xpath","value":"//button[@data-kt=\"btnAddTableRowOverflowToolbarButton\"]"}
COMMAND: GET /session/5f042fc1c64931e48653a4fe2329ff65/screenshot - {}
RESULT: {"using":"xpath","value":"//button[@data-kt=\"btnAddTableRowOverflowToolbarButton\"]"}
COMMAND: POST /session/5f042fc1c64931e48653a4fe2329ff65/element/f.85A0C08C11805158FB40365BE7F8DFE2.d.7FDB61EF761173D40799D2322BB278D3.e.9762/click - {}
RESULT: {}
RESULT: {}
COMMAND: GET /session/5f042fc1c64931e48653a4fe2329ff65/screenshot - {}
RESULT: {}
COMMAND: POST /session/5f042fc1c64931e48653a4fe2329ff65/element - {"using":"xpath","value":"//div[(text() = 'Standard Entry' or . = 'Standard Entry')]"}
RESULT: {"using":"xpath","value":"//div[(text() = 'Standard Entry' or . = 'Standard Entry')]"}
COMMAND: POST /session/5f042fc1c64931e48653a4fe2329ff65/element/f.85A0C08C11805158FB40365BE7F8DFE2.d.7FDB61EF761173D40799D2322BB278D3.e.9776/click - {}
RESULT: {}
COMMAND: POST /session/5f042fc1c64931e48653a4fe2329ff65/element - {"using":"xpath","value":"(//td[6]/div/div/input)[1]"}
COMMAND: GET /session/5f042fc1c64931e48653a4fe2329ff65/screenshot - {}
RESULT: {"using":"xpath","value":"(//td[6]/div/div/input)[1]"}
COMMAND: POST /session/5f042fc1c64931e48653a4fe2329ff65/element/f.85A0C08C11805158FB40365BE7F8DFE2.d.7FDB61EF761173D40799D2322BB278D3.e.9778/click - {}
RESULT: {}
RESULT: {}
COMMAND: POST /session/5f042fc1c64931e48653a4fe2329ff65/actions - {"actions":[{"id":"action48","type":"key","parameters":{},"actions":[{"type":"keyDown","value":"î€ƒ"},{"type":"pause","duration":10},{"type":"keyUp","value":"î€ƒ"}]}]}
COMMAND: GET /session/5f042fc1c64931e48653a4fe2329ff65/screenshot - {}
RESULT: {"actions":[{"id":"action48","type":"key","parameters":{},"actions":[{"type":"keyDown","value":"î€ƒ"},{"type":"pause","duration":10},{"type":"keyUp","value":"î€ƒ"}]}]}
COMMAND: POST /session/5f042fc1c64931e48653a4fe2329ff65/element - {"using":"xpath","value":"(//td[6]/div/div/input)[1]"}
COMMAND: GET /session/5f042fc1c64931e48653a4fe2329ff65/screenshot - {}
RESULT: {}
RESULT: {"using":"xpath","value":"(//td[6]/div/div/input)[1]"}
COMMAND: POST /session/5f042fc1c64931e48653a4fe2329ff65/element/f.85A0C08C11805158FB40365BE7F8DFE2.d.7FDB61EF761173D40799D2322BB278D3.e.9778/clear - {}
RESULT: {}
RESULT: {}
COMMAND: POST /session/5f042fc1c64931e48653a4fe2329ff65/element/f.85A0C08C11805158FB40365BE7F8DFE2.d.7FDB61EF761173D40799D2322BB278D3.e.9778/value - {"text":"Service Unit"}
COMMAND: GET /session/5f042fc1c64931e48653a4fe2329ff65/screenshot - {}
RESULT: {"text":"Service Unit"}
COMMAND: GET /session/5f042fc1c64931e48653a4fe2329ff65/screenshot - {}
RESULT: {}
RESULT: {}
COMMAND: POST /session/5f042fc1c64931e48653a4fe2329ff65/actions - {"actions":[{"id":"action49","type":"key","parameters":{},"actions":[{"type":"keyDown","value":"î€‡"},{"type":"pause","duration":10},{"type":"keyUp","value":"î€‡"}]}]}
RESULT: {"actions":[{"id":"action49","type":"key","parameters":{},"actions":[{"type":"keyDown","value":"î€‡"},{"type":"pause","duration":10},{"type":"keyUp","value":"î€‡"}]}]}
COMMAND: GET /session/5f042fc1c64931e48653a4fe2329ff65/screenshot - {}
RESULT: {}
COMMAND: POST /session/5f042fc1c64931e48653a4fe2329ff65/actions - {"actions":[{"id":"action50","type":"key","parameters":{},"actions":[{"type":"keyDown","value":"î€‡"},{"type":"pause","duration":10},{"type":"keyUp","value":"î€‡"}]}]}
RESULT: {"actions":[{"id":"action50","type":"key","parameters":{},"actions":[{"type":"keyDown","value":"î€‡"},{"type":"pause","duration":10},{"type":"keyUp","value":"î€‡"}]}]}
COMMAND: POST /session/5f042fc1c64931e48653a4fe2329ff65/element - {"using":"xpath","value":"(//td[7]/div/div/input)[1]"}
COMMAND: GET /session/5f042fc1c64931e48653a4fe2329ff65/screenshot - {}
RESULT: {"using":"xpath","value":"(//td[7]/div/div/input)[1]"}
COMMAND: POST /session/5f042fc1c64931e48653a4fe2329ff65/element/f.85A0C08C11805158FB40365BE7F8DFE2.d.7FDB61EF761173D40799D2322BB278D3.e.9794/clear - {}
RESULT: {}
RESULT: {}
COMMAND: POST /session/5f042fc1c64931e48653a4fe2329ff65/element/f.85A0C08C11805158FB40365BE7F8DFE2.d.7FDB61EF761173D40799D2322BB278D3.e.9794/value - {"text":"1000001"}
COMMAND: GET /session/5f042fc1c64931e48653a4fe2329ff65/screenshot - {}
RESULT: {"text":"1000001"}
COMMAND: GET /session/5f042fc1c64931e48653a4fe2329ff65/screenshot - {}
RESULT: {}
RESULT: {}
COMMAND: POST /session/5f042fc1c64931e48653a4fe2329ff65/actions - {"actions":[{"id":"action51","type":"key","parameters":{},"actions":[{"type":"keyDown","value":"î€‡"},{"type":"pause","duration":10},{"type":"keyUp","value":"î€‡"}]}]}
RESULT: {"actions":[{"id":"action51","type":"key","parameters":{},"actions":[{"type":"keyDown","value":"î€‡"},{"type":"pause","duration":10},{"type":"keyUp","value":"î€‡"}]}]}
COMMAND: GET /session/5f042fc1c64931e48653a4fe2329ff65/screenshot - {}
RESULT: {}
COMMAND: POST /session/5f042fc1c64931e48653a4fe2329ff65/actions - {"actions":[{"id":"action52","type":"key","parameters":{},"actions":[{"type":"keyDown","value":"î€‡"},{"type":"pause","duration":10},{"type":"keyUp","value":"î€‡"}]}]}
RESULT: {"actions":[{"id":"action52","type":"key","parameters":{},"actions":[{"type":"keyDown","value":"î€‡"},{"type":"pause","duration":10},{"type":"keyUp","value":"î€‡"}]}]}
COMMAND: GET /session/5f042fc1c64931e48653a4fe2329ff65/screenshot - {}
RESULT: {}
COMMAND: POST /session/5f042fc1c64931e48653a4fe2329ff65/element - {"using":"xpath","value":"(//td[6]/div/div/input)[2]"}
RESULT: {"using":"xpath","value":"(//td[6]/div/div/input)[2]"}
COMMAND: POST /session/5f042fc1c64931e48653a4fe2329ff65/element/f.85A0C08C11805158FB40365BE7F8DFE2.d.7FDB61EF761173D40799D2322BB278D3.e.9766/click - {}
RESULT: {}
COMMAND: POST /session/5f042fc1c64931e48653a4fe2329ff65/actions - {"actions":[{"id":"action53","type":"key","parameters":{},"actions":[{"type":"keyDown","value":"î€ƒ"},{"type":"pause","duration":10},{"type":"keyUp","value":"î€ƒ"}]}]}
COMMAND: GET /session/5f042fc1c64931e48653a4fe2329ff65/screenshot - {}
RESULT: {"actions":[{"id":"action53","type":"key","parameters":{},"actions":[{"type":"keyDown","value":"î€ƒ"},{"type":"pause","duration":10},{"type":"keyUp","value":"î€ƒ"}]}]}
COMMAND: POST /session/5f042fc1c64931e48653a4fe2329ff65/element - {"using":"xpath","value":"(//td[6]/div/div/input)[2]"}
COMMAND: GET /session/5f042fc1c64931e48653a4fe2329ff65/screenshot - {}
RESULT: {}
RESULT: {"using":"xpath","value":"(//td[6]/div/div/input)[2]"}
COMMAND: POST /session/5f042fc1c64931e48653a4fe2329ff65/element/f.85A0C08C11805158FB40365BE7F8DFE2.d.7FDB61EF761173D40799D2322BB278D3.e.9766/clear - {}
RESULT: {}
RESULT: {}
COMMAND: POST /session/5f042fc1c64931e48653a4fe2329ff65/element/f.85A0C08C11805158FB40365BE7F8DFE2.d.7FDB61EF761173D40799D2322BB278D3.e.9766/value - {"text":"Service Unit Group"}
COMMAND: GET /session/5f042fc1c64931e48653a4fe2329ff65/screenshot - {}
RESULT: {"text":"Service Unit Group"}
COMMAND: GET /session/5f042fc1c64931e48653a4fe2329ff65/screenshot - {}
RESULT: {}
RESULT: {}
COMMAND: POST /session/5f042fc1c64931e48653a4fe2329ff65/actions - {"actions":[{"id":"action54","type":"key","parameters":{},"actions":[{"type":"keyDown","value":"î€‡"},{"type":"pause","duration":10},{"type":"keyUp","value":"î€‡"}]}]}
RESULT: {"actions":[{"id":"action54","type":"key","parameters":{},"actions":[{"type":"keyDown","value":"î€‡"},{"type":"pause","duration":10},{"type":"keyUp","value":"î€‡"}]}]}
COMMAND: GET /session/5f042fc1c64931e48653a4fe2329ff65/screenshot - {}
RESULT: {}
COMMAND: POST /session/5f042fc1c64931e48653a4fe2329ff65/actions - {"actions":[{"id":"action55","type":"key","parameters":{},"actions":[{"type":"keyDown","value":"î€‡"},{"type":"pause","duration":10},{"type":"keyUp","value":"î€‡"}]}]}
RESULT: {"actions":[{"id":"action55","type":"key","parameters":{},"actions":[{"type":"keyDown","value":"î€‡"},{"type":"pause","duration":10},{"type":"keyUp","value":"î€‡"}]}]}
COMMAND: POST /session/5f042fc1c64931e48653a4fe2329ff65/element - {"using":"xpath","value":"(//td[7]/div/div/input)[2]"}
COMMAND: GET /session/5f042fc1c64931e48653a4fe2329ff65/screenshot - {}
RESULT: {"using":"xpath","value":"(//td[7]/div/div/input)[2]"}
COMMAND: POST /session/5f042fc1c64931e48653a4fe2329ff65/element/f.85A0C08C11805158FB40365BE7F8DFE2.d.7FDB61EF761173D40799D2322BB278D3.e.9823/clear - {}
RESULT: {}
RESULT: {}
COMMAND: POST /session/5f042fc1c64931e48653a4fe2329ff65/element/f.85A0C08C11805158FB40365BE7F8DFE2.d.7FDB61EF761173D40799D2322BB278D3.e.9823/value - {"text":"1100001"}
COMMAND: GET /session/5f042fc1c64931e48653a4fe2329ff65/screenshot - {}
RESULT: {"text":"1100001"}
COMMAND: GET /session/5f042fc1c64931e48653a4fe2329ff65/screenshot - {}
RESULT: {}
RESULT: {}
COMMAND: POST /session/5f042fc1c64931e48653a4fe2329ff65/actions - {"actions":[{"id":"action56","type":"key","parameters":{},"actions":[{"type":"keyDown","value":"î€‡"},{"type":"pause","duration":10},{"type":"keyUp","value":"î€‡"}]}]}
RESULT: {"actions":[{"id":"action56","type":"key","parameters":{},"actions":[{"type":"keyDown","value":"î€‡"},{"type":"pause","duration":10},{"type":"keyUp","value":"î€‡"}]}]}
COMMAND: GET /session/5f042fc1c64931e48653a4fe2329ff65/screenshot - {}
RESULT: {}
COMMAND: POST /session/5f042fc1c64931e48653a4fe2329ff65/actions - {"actions":[{"id":"action57","type":"key","parameters":{},"actions":[{"type":"keyDown","value":"î€‡"},{"type":"pause","duration":10},{"type":"keyUp","value":"î€‡"}]}]}
RESULT: {"actions":[{"id":"action57","type":"key","parameters":{},"actions":[{"type":"keyDown","value":"î€‡"},{"type":"pause","duration":10},{"type":"keyUp","value":"î€‡"}]}]}
COMMAND: GET /session/5f042fc1c64931e48653a4fe2329ff65/screenshot - {}
RESULT: {}
COMMAND: POST /session/5f042fc1c64931e48653a4fe2329ff65/element - {"using":"xpath","value":"(//button[@data-kt=\"saveButton\"])[2]"}
RESULT: {"using":"xpath","value":"(//button[@data-kt=\"saveButton\"])[2]"}
COMMAND: POST /session/5f042fc1c64931e48653a4fe2329ff65/element/f.85A0C08C11805158FB40365BE7F8DFE2.d.7FDB61EF761173D40799D2322BB278D3.e.9847/click - {}
RESULT: {}
COMMAND: GET /session/5f042fc1c64931e48653a4fe2329ff65/screenshot - {}
RESULT: {}
COMMAND: POST /session/5f042fc1c64931e48653a4fe2329ff65/element - {"using":"xpath","value":"(//span[contains(text(), \"Additional Addresses\")])[1]"}
RESULT: {"using":"xpath","value":"(//span[contains(text(), \"Additional Addresses\")])[1]"}
COMMAND: POST /session/5f042fc1c64931e48653a4fe2329ff65/element/f.85A0C08C11805158FB40365BE7F8DFE2.d.7FDB61EF761173D40799D2322BB278D3.e.9850/click - {}
RESULT: {}
COMMAND: GET /session/5f042fc1c64931e48653a4fe2329ff65/screenshot - {}
RESULT: {}
COMMAND: POST /session/5f042fc1c64931e48653a4fe2329ff65/execute/async - {"script":"<script> [1562 bytes]","args":[{"selector":{"controlType":"sap.m.Title","viewName":"etm.portal.ui.managecontracts.view.Detail","properties":{"text":"Contract Items (2)"}},"wdio_ui5_key":"etmportal.ui.managecontracts.view.Detailsap.m.Title{\"text\":\"Contract Items (2)\"}"}]}
RESULT: {"script":"<script> [1562 bytes]","args":[{"selector":{"controlType":"sap.m.Title","viewName":"etm.portal.ui.managecontracts.view.Detail","properties":{"text":"Contract Items (2)"}},"wdio_ui5_key":"etmportal.ui.managecontracts.view.Detailsap.m.Title{\"text\":\"Contract Items (2)\"}"}]}
RESULT: undefined
COMMAND: POST /session/5f042fc1c64931e48653a4fe2329ff65/execute/async - {"script":"<script> [6424 bytes]","args":[{"element-6066-11e4-a52e-4f735466cecf":"f.85A0C08C11805158FB40365BE7F8DFE2.d.7FDB61EF761173D40799D2322BB278D3.e.9852"},"getText",[]]}
RESULT: {"script":"<script> [6424 bytes]","args":[{"element-6066-11e4-a52e-4f735466cecf":"f.85A0C08C11805158FB40365BE7F8DFE2.d.7FDB61EF761173D40799D2322BB278D3.e.9852"},"getText",[]]}
COMMAND: POST /session/5f042fc1c64931e48653a4fe2329ff65/element - {"using":"xpath","value":"(//span[contains(@class ,\"sapMObjStatusText\")])[1]"}
RESULT: {"using":"xpath","value":"(//span[contains(@class ,\"sapMObjStatusText\")])[1]"}
COMMAND: GET /session/5f042fc1c64931e48653a4fe2329ff65/element/f.85A0C08C11805158FB40365BE7F8DFE2.d.7FDB61EF761173D40799D2322BB278D3.e.9853/text - {}
RESULT: {}
COMMAND: POST /session/5f042fc1c64931e48653a4fe2329ff65/element - {"using":"xpath","value":"(//span[contains(@class ,\"sapMObjStatusText\")])[4]"}
RESULT: {"using":"xpath","value":"(//span[contains(@class ,\"sapMObjStatusText\")])[4]"}
COMMAND: GET /session/5f042fc1c64931e48653a4fe2329ff65/element/f.85A0C08C11805158FB40365BE7F8DFE2.d.7FDB61EF761173D40799D2322BB278D3.e.9854/text - {}
RESULT: {}
COMMAND: POST /session/5f042fc1c64931e48653a4fe2329ff65/element - {"using":"css selector","value":"#shell-header-logo"}
RESULT: {"using":"css selector","value":"#shell-header-logo"}
COMMAND: POST /session/5f042fc1c64931e48653a4fe2329ff65/element/f.85A0C08C11805158FB40365BE7F8DFE2.d.7FDB61EF761173D40799D2322BB278D3.e.9249/click - {}
RESULT: {}
COMMAND: GET /session/5f042fc1c64931e48653a4fe2329ff65/screenshot - {}
RESULT: {}
]]></system-out>
    </testcase>
  </testsuite>
  <testsuite timestamp="2025-05-15T08:28:57" time="174.25" tests="2" failures="0" errors="0" skipped="0">
    <properties>
      <property name="specId" value="0" />
      <property name="suiteName" value="Reduced contract US151275" />
      <property name="capabilities" value="chrome.136_0_7103_49.windows" />
      <property name="file" value="file:///D:/a/1/s/test/specs/R2C/reduced-contract-creation.spec.js" />
    </properties>
    <testcase classname="chrome.136_0_7103_49.windows.Reduced_contract_US151275" name="Should create a new reduced contract" time="122.762">
      <system-out><![CDATA[
RESULT: undefined
COMMAND: POST /session/5f042fc1c64931e48653a4fe2329ff65/element - {"using":"xpath","value":"//*[@id=\"__tile130\"]"}
RESULT: {"using":"xpath","value":"//*[@id=\"__tile130\"]"}
COMMAND: POST /session/5f042fc1c64931e48653a4fe2329ff65/element/f.85A0C08C11805158FB40365BE7F8DFE2.d.7FDB61EF761173D40799D2322BB278D3.e.8900/click - {}
RESULT: {}
COMMAND: GET /session/5f042fc1c64931e48653a4fe2329ff65/screenshot - {}
RESULT: {}
COMMAND: POST /session/5f042fc1c64931e48653a4fe2329ff65/elements - {"using":"xpath","value":"//span[text()='Error']"}
RESULT: {"using":"xpath","value":"//span[text()='Error']"}
COMMAND: POST /session/5f042fc1c64931e48653a4fe2329ff65/element - {"using":"xpath","value":"//button[@data-kt=\"addButton\"]"}
RESULT: {"using":"xpath","value":"//button[@data-kt=\"addButton\"]"}
COMMAND: POST /session/5f042fc1c64931e48653a4fe2329ff65/element/f.85A0C08C11805158FB40365BE7F8DFE2.d.7FDB61EF761173D40799D2322BB278D3.e.9902/click - {}
RESULT: {}
COMMAND: GET /session/5f042fc1c64931e48653a4fe2329ff65/screenshot - {}
RESULT: {}
COMMAND: POST /session/5f042fc1c64931e48653a4fe2329ff65/refresh - {}
RESULT: {}
COMMAND: GET /session/5f042fc1c64931e48653a4fe2329ff65/screenshot - {}
RESULT: {}
COMMAND: POST /session/5f042fc1c64931e48653a4fe2329ff65/execute/async - {"script":"<script> [189 bytes]","args":[]}
RESULT: {"script":"<script> [189 bytes]","args":[]}
COMMAND: POST /session/5f042fc1c64931e48653a4fe2329ff65/execute/async - {"script":"<script> [123 bytes]","args":[]}
RESULT: {"script":"<script> [123 bytes]","args":[]}
COMMAND: POST /session/5f042fc1c64931e48653a4fe2329ff65/timeouts - {"script":"<number>"}
RESULT: {"script":"<number>"}
COMMAND: GET /session/5f042fc1c64931e48653a4fe2329ff65/timeouts - {}
RESULT: {}
RESULT: undefined
COMMAND: POST /session/5f042fc1c64931e48653a4fe2329ff65/execute/async - {"script":"<script> [2676 bytes]","args":[]}
RESULT: {"script":"<script> [2676 bytes]","args":[]}
COMMAND: POST /session/5f042fc1c64931e48653a4fe2329ff65/execute/async - {"script":"<script> [2342 bytes]","args":[{"protocol":"http","hostname":"0.0.0.0","path":"/","capabilities":{"browserName":"chrome","goog:chromeOptions":{"binary":"C:\\Program Files\\Google\\Chrome\\Application\\chrome.exe","args":["--start-maximized"]}},"logLevel":"warn","connectionRetryTimeout":120000,"connectionRetryCount":3,"logLevels":{},"enableDirectConnect":true,"strictSSL":true,"_":"65 more keys: [\"cacheDir\",\"port\",\"requestedCapabilities\",\"automationProtocol\",\"baseUrl\",\"waitforInterval\",\"waitforTimeout\",\"onReload\",\"beforeCommand\",\"afterCommand\",\"rootDir\",\"specs\",\"suites\",\"exclude\",\"groupLogsByTestSpec\",\"excludeDriverLogs\",\"bail\",\"framework\",\"reporters\",\"services\",\"maxInstances\",\"maxInstancesPerCapability\",\"injectGlobals\",\"filesToWatch\",\"execArgv\",\"runnerEnv\",\"runner\",\"shard\",\"specFileRetries\",\"specFileRetriesDelay\",\"specFileRetriesDeferred\",\"reporterSyncInterval\",\"reporterSyncTimeout\",\"cucumberFeaturesWithLineNumbers\",\"autoCompileOpts\",\"mochaOpts\",\"jasmineOpts\",\"cucumberOpts\",\"onPrepare\",\"onWorkerStart\",\"onWorkerEnd\",\"before\",\"beforeSession\",\"beforeSuite\",\"beforeHook\",\"beforeTest\",\"afterTest\",\"afterHook\",\"afterSuite\",\"afterSession\",\"after\",\"onComplete\",\"beforeAssertion\",\"afterAssertion\",\"beforeFeature\",\"beforeScenario\",\"beforeStep\",\"afterStep\",\"afterScenario\",\"afterFeature\",\"_\",\"suite\",\"$0\",\"ignoredWorkerServices\",\"wdi5\"]"}]}
RESULT: {"script":"<script> [2342 bytes]","args":[{"protocol":"http","hostname":"0.0.0.0","path":"/","capabilities":{"browserName":"chrome","goog:chromeOptions":{"binary":"C:\\Program Files\\Google\\Chrome\\Application\\chrome.exe","args":["--start-maximized"]}},"logLevel":"warn","connectionRetryTimeout":120000,"connectionRetryCount":3,"logLevels":{},"enableDirectConnect":true,"strictSSL":true,"_":"65 more keys: [\"cacheDir\",\"port\",\"requestedCapabilities\",\"automationProtocol\",\"baseUrl\",\"waitforInterval\",\"waitforTimeout\",\"onReload\",\"beforeCommand\",\"afterCommand\",\"rootDir\",\"specs\",\"suites\",\"exclude\",\"groupLogsByTestSpec\",\"excludeDriverLogs\",\"bail\",\"framework\",\"reporters\",\"services\",\"maxInstances\",\"maxInstancesPerCapability\",\"injectGlobals\",\"filesToWatch\",\"execArgv\",\"runnerEnv\",\"runner\",\"shard\",\"specFileRetries\",\"specFileRetriesDelay\",\"specFileRetriesDeferred\",\"reporterSyncInterval\",\"reporterSyncTimeout\",\"cucumberFeaturesWithLineNumbers\",\"autoCompileOpts\",\"mochaOpts\",\"jasmineOpts\",\"cucumberOpts\",\"onPrepare\",\"onWorkerStart\",\"onWorkerEnd\",\"before\",\"beforeSession\",\"beforeSuite\",\"beforeHook\",\"beforeTest\",\"afterTest\",\"afterHook\",\"afterSuite\",\"afterSession\",\"after\",\"onComplete\",\"beforeAssertion\",\"afterAssertion\",\"beforeFeature\",\"beforeScenario\",\"beforeStep\",\"afterStep\",\"afterScenario\",\"afterFeature\",\"_\",\"suite\",\"$0\",\"ignoredWorkerServices\",\"wdi5\"]"}]}
COMMAND: POST /session/5f042fc1c64931e48653a4fe2329ff65/execute/async - {"script":"<script> [21126 bytes]","args":[35000]}
RESULT: {"script":"<script> [21126 bytes]","args":[35000]}
COMMAND: POST /session/5f042fc1c64931e48653a4fe2329ff65/execute/async - {"script":"<script> [1562 bytes]","args":[{"selector":{"id":"application-managecontracts-display-component---AddNewContract--contractType","interaction":{"idSuffix":"arrow"}},"wdio_ui5_key":"applicationmanagecontracts-display-component---AddNewContract--contractType"}]}
RESULT: {"script":"<script> [1562 bytes]","args":[{"selector":{"id":"application-managecontracts-display-component---AddNewContract--contractType","interaction":{"idSuffix":"arrow"}},"wdio_ui5_key":"applicationmanagecontracts-display-component---AddNewContract--contractType"}]}
RESULT: undefined
COMMAND: POST /session/5f042fc1c64931e48653a4fe2329ff65/element - {"using":"xpath","value":"//*[@id=\"application-managecontracts-display-component---AddNewContract--contractType\"]"}
RESULT: {"using":"xpath","value":"//*[@id=\"application-managecontracts-display-component---AddNewContract--contractType\"]"}
COMMAND: POST /session/5f042fc1c64931e48653a4fe2329ff65/element/f.85A0C08C11805158FB40365BE7F8DFE2.d.FAD2DA76E3B05BB26BC5E62F22DA9E39.e.10428/click - {}
RESULT: {}
COMMAND: GET /session/5f042fc1c64931e48653a4fe2329ff65/screenshot - {}
RESULT: {}
COMMAND: POST /session/5f042fc1c64931e48653a4fe2329ff65/execute/async - {"script":"<script> [1562 bytes]","args":[{"selector":{"controlType":"sap.ui.core.Item","viewName":"etm.portal.ui.managecontracts.view.AddNewContract","viewId":"application-managecontracts-display-component---AddNewContract","bindingPath":{"path":"/ContractTypes('02')","propertyPath":"ID","modelName":"catalogModel"},"searchOpenDialogs":true},"wdio_ui5_key":"etmportal.ui.managecontracts.view.AddNewContractsap.ui.core.Item{\"path\":\"/ContractTypes('02')\",\"propertyPath\":\"ID\",\"modelName\":\"catalogModel\"}"}]}
RESULT: {"script":"<script> [1562 bytes]","args":[{"selector":{"controlType":"sap.ui.core.Item","viewName":"etm.portal.ui.managecontracts.view.AddNewContract","viewId":"application-managecontracts-display-component---AddNewContract","bindingPath":{"path":"/ContractTypes('02')","propertyPath":"ID","modelName":"catalogModel"},"searchOpenDialogs":true},"wdio_ui5_key":"etmportal.ui.managecontracts.view.AddNewContractsap.ui.core.Item{\"path\":\"/ContractTypes('02')\",\"propertyPath\":\"ID\",\"modelName\":\"catalogModel\"}"}]}
RESULT: undefined
COMMAND: POST /session/5f042fc1c64931e48653a4fe2329ff65/element - {"using":"xpath","value":"//*[@id=\"__item44-application-managecontracts-display-component---AddNewContract--contractType-1\"]"}
RESULT: {"using":"xpath","value":"//*[@id=\"__item44-application-managecontracts-display-component---AddNewContract--contractType-1\"]"}
COMMAND: POST /session/5f042fc1c64931e48653a4fe2329ff65/element/f.85A0C08C11805158FB40365BE7F8DFE2.d.FAD2DA76E3B05BB26BC5E62F22DA9E39.e.10429/click - {}
RESULT: {}
COMMAND: GET /session/5f042fc1c64931e48653a4fe2329ff65/screenshot - {}
RESULT: {}
COMMAND: POST /session/5f042fc1c64931e48653a4fe2329ff65/execute/async - {"script":"<script> [1562 bytes]","args":[{"selector":{"id":"application-managecontracts-display-component---AddNewContract--projectDescription","interaction":{"idSuffix":"inner"}},"wdio_ui5_key":"applicationmanagecontracts-display-component---AddNewContract--projectDescription"}]}
RESULT: {"script":"<script> [1562 bytes]","args":[{"selector":{"id":"application-managecontracts-display-component---AddNewContract--projectDescription","interaction":{"idSuffix":"inner"}},"wdio_ui5_key":"applicationmanagecontracts-display-component---AddNewContract--projectDescription"}]}
RESULT: undefined
COMMAND: POST /session/5f042fc1c64931e48653a4fe2329ff65/execute/async - {"script":"<script> [776 bytes]","args":[{"enterText":"WdIOReduced1maz5","selector":{"id":"application-managecontracts-display-component---AddNewContract--projectDescription","interaction":{"idSuffix":"inner"}},"clearTextFirst":true,"interactionType":"ENTER_TEXT"}]}
RESULT: {"script":"<script> [776 bytes]","args":[{"enterText":"WdIOReduced1maz5","selector":{"id":"application-managecontracts-display-component---AddNewContract--projectDescription","interaction":{"idSuffix":"inner"}},"clearTextFirst":true,"interactionType":"ENTER_TEXT"}]}
COMMAND: POST /session/5f042fc1c64931e48653a4fe2329ff65/element - {"using":"xpath","value":"//input[@id=\"application-managecontracts-display-component---AddNewContract--yardId-inner\"]"}
RESULT: {"using":"xpath","value":"//input[@id=\"application-managecontracts-display-component---AddNewContract--yardId-inner\"]"}
COMMAND: POST /session/5f042fc1c64931e48653a4fe2329ff65/element/f.85A0C08C11805158FB40365BE7F8DFE2.d.FAD2DA76E3B05BB26BC5E62F22DA9E39.e.10365/clear - {}
RESULT: {}
COMMAND: POST /session/5f042fc1c64931e48653a4fe2329ff65/element/f.85A0C08C11805158FB40365BE7F8DFE2.d.FAD2DA76E3B05BB26BC5E62F22DA9E39.e.10365/value - {"text":"WebdriverYardvzk7z"}
COMMAND: GET /session/5f042fc1c64931e48653a4fe2329ff65/screenshot - {}
RESULT: {"text":"WebdriverYardvzk7z"}
COMMAND: GET /session/5f042fc1c64931e48653a4fe2329ff65/screenshot - {}
RESULT: {}
RESULT: {}
COMMAND: POST /session/5f042fc1c64931e48653a4fe2329ff65/actions - {"actions":[{"id":"action58","type":"key","parameters":{},"actions":[{"type":"keyDown","value":"î€‡"},{"type":"pause","duration":10},{"type":"keyUp","value":"î€‡"}]}]}
RESULT: {"actions":[{"id":"action58","type":"key","parameters":{},"actions":[{"type":"keyDown","value":"î€‡"},{"type":"pause","duration":10},{"type":"keyUp","value":"î€‡"}]}]}
COMMAND: GET /session/5f042fc1c64931e48653a4fe2329ff65/screenshot - {}
RESULT: {}
COMMAND: POST /session/5f042fc1c64931e48653a4fe2329ff65/element - {"using":"xpath","value":"//input[@id=\"application-managecontracts-display-component---AddNewContract--customerSelect-inner\"]"}
RESULT: {"using":"xpath","value":"//input[@id=\"application-managecontracts-display-component---AddNewContract--customerSelect-inner\"]"}
COMMAND: POST /session/5f042fc1c64931e48653a4fe2329ff65/element/f.85A0C08C11805158FB40365BE7F8DFE2.d.FAD2DA76E3B05BB26BC5E62F22DA9E39.e.10363/clear - {}
RESULT: {}
COMMAND: POST /session/5f042fc1c64931e48653a4fe2329ff65/element/f.85A0C08C11805158FB40365BE7F8DFE2.d.FAD2DA76E3B05BB26BC5E62F22DA9E39.e.10363/value - {"text":"WebdriverPartner0w9kx"}
COMMAND: GET /session/5f042fc1c64931e48653a4fe2329ff65/screenshot - {}
RESULT: {"text":"WebdriverPartner0w9kx"}
COMMAND: GET /session/5f042fc1c64931e48653a4fe2329ff65/screenshot - {}
RESULT: {}
RESULT: {}
COMMAND: POST /session/5f042fc1c64931e48653a4fe2329ff65/actions - {"actions":[{"id":"action59","type":"key","parameters":{},"actions":[{"type":"keyDown","value":"î€‡"},{"type":"pause","duration":10},{"type":"keyUp","value":"î€‡"}]}]}
RESULT: {"actions":[{"id":"action59","type":"key","parameters":{},"actions":[{"type":"keyDown","value":"î€‡"},{"type":"pause","duration":10},{"type":"keyUp","value":"î€‡"}]}]}
COMMAND: GET /session/5f042fc1c64931e48653a4fe2329ff65/screenshot - {}
RESULT: {}
COMMAND: POST /session/5f042fc1c64931e48653a4fe2329ff65/execute/async - {"script":"<script> [1562 bytes]","args":[{"selector":{"id":"application-managecontracts-display-component---AddNewContract--calendarInput-arrow"},"wdio_ui5_key":"applicationmanagecontracts-display-component---AddNewContract--calendarInput-arrow"}]}
RESULT: {"script":"<script> [1562 bytes]","args":[{"selector":{"id":"application-managecontracts-display-component---AddNewContract--calendarInput-arrow"},"wdio_ui5_key":"applicationmanagecontracts-display-component---AddNewContract--calendarInput-arrow"}]}
RESULT: undefined
COMMAND: POST /session/5f042fc1c64931e48653a4fe2329ff65/element - {"using":"xpath","value":"//*[@id=\"application-managecontracts-display-component---AddNewContract--calendarInput-arrow\"]"}
RESULT: {"using":"xpath","value":"//*[@id=\"application-managecontracts-display-component---AddNewContract--calendarInput-arrow\"]"}
COMMAND: POST /session/5f042fc1c64931e48653a4fe2329ff65/element/f.85A0C08C11805158FB40365BE7F8DFE2.d.FAD2DA76E3B05BB26BC5E62F22DA9E39.e.10336/click - {}
RESULT: {}
COMMAND: GET /session/5f042fc1c64931e48653a4fe2329ff65/screenshot - {}
RESULT: {}
COMMAND: POST /session/5f042fc1c64931e48653a4fe2329ff65/execute/async - {"script":"<script> [1562 bytes]","args":[{"selector":{"controlType":"sap.m.StandardListItem","viewName":"etm.portal.ui.managecontracts.view.AddNewContract","viewId":"application-managecontracts-display-component---AddNewContract","properties":{"title":"1 - Calendar unit test patch"},"searchOpenDialogs":true,"interaction":{"idSuffix":"titleText"}},"wdio_ui5_key":"etmportal.ui.managecontracts.view.AddNewContractsap.m.StandardListItem{\"title\":\"1 - Calendar unit test patch\"}"}]}
RESULT: {"script":"<script> [1562 bytes]","args":[{"selector":{"controlType":"sap.m.StandardListItem","viewName":"etm.portal.ui.managecontracts.view.AddNewContract","viewId":"application-managecontracts-display-component---AddNewContract","properties":{"title":"1 - Calendar unit test patch"},"searchOpenDialogs":true,"interaction":{"idSuffix":"titleText"}},"wdio_ui5_key":"etmportal.ui.managecontracts.view.AddNewContractsap.m.StandardListItem{\"title\":\"1 - Calendar unit test patch\"}"}]}
RESULT: undefined
COMMAND: POST /session/5f042fc1c64931e48653a4fe2329ff65/element - {"using":"xpath","value":"//*[@id=\"__item531\"]"}
RESULT: {"using":"xpath","value":"//*[@id=\"__item531\"]"}
COMMAND: POST /session/5f042fc1c64931e48653a4fe2329ff65/element/f.85A0C08C11805158FB40365BE7F8DFE2.d.FAD2DA76E3B05BB26BC5E62F22DA9E39.e.10434/click - {}
RESULT: {}
COMMAND: GET /session/5f042fc1c64931e48653a4fe2329ff65/screenshot - {}
RESULT: {}
COMMAND: POST /session/5f042fc1c64931e48653a4fe2329ff65/execute/async - {"script":"<script> [1562 bytes]","args":[{"selector":{"id":"application-managecontracts-display-component---AddNewContract--streetInput","interaction":{"idSuffix":"inner"}},"wdio_ui5_key":"applicationmanagecontracts-display-component---AddNewContract--streetInput"}]}
RESULT: {"script":"<script> [1562 bytes]","args":[{"selector":{"id":"application-managecontracts-display-component---AddNewContract--streetInput","interaction":{"idSuffix":"inner"}},"wdio_ui5_key":"applicationmanagecontracts-display-component---AddNewContract--streetInput"}]}
RESULT: undefined
COMMAND: POST /session/5f042fc1c64931e48653a4fe2329ff65/execute/async - {"script":"<script> [776 bytes]","args":[{"enterText":"StreetWdIO","selector":{"id":"application-managecontracts-display-component---AddNewContract--streetInput","interaction":{"idSuffix":"inner"}},"clearTextFirst":true,"interactionType":"ENTER_TEXT"}]}
RESULT: {"script":"<script> [776 bytes]","args":[{"enterText":"StreetWdIO","selector":{"id":"application-managecontracts-display-component---AddNewContract--streetInput","interaction":{"idSuffix":"inner"}},"clearTextFirst":true,"interactionType":"ENTER_TEXT"}]}
COMMAND: POST /session/5f042fc1c64931e48653a4fe2329ff65/execute/async - {"script":"<script> [1562 bytes]","args":[{"selector":{"id":"application-managecontracts-display-component---AddNewContract--numberInput","interaction":{"idSuffix":"inner"}},"wdio_ui5_key":"applicationmanagecontracts-display-component---AddNewContract--numberInput"}]}
RESULT: {"script":"<script> [1562 bytes]","args":[{"selector":{"id":"application-managecontracts-display-component---AddNewContract--numberInput","interaction":{"idSuffix":"inner"}},"wdio_ui5_key":"applicationmanagecontracts-display-component---AddNewContract--numberInput"}]}
RESULT: undefined
COMMAND: POST /session/5f042fc1c64931e48653a4fe2329ff65/execute/async - {"script":"<script> [776 bytes]","args":[{"enterText":"3","selector":{"id":"application-managecontracts-display-component---AddNewContract--numberInput","interaction":{"idSuffix":"inner"}},"clearTextFirst":true,"interactionType":"ENTER_TEXT"}]}
RESULT: {"script":"<script> [776 bytes]","args":[{"enterText":"3","selector":{"id":"application-managecontracts-display-component---AddNewContract--numberInput","interaction":{"idSuffix":"inner"}},"clearTextFirst":true,"interactionType":"ENTER_TEXT"}]}
COMMAND: POST /session/5f042fc1c64931e48653a4fe2329ff65/execute/async - {"script":"<script> [1562 bytes]","args":[{"selector":{"id":"application-managecontracts-display-component---AddNewContract--cityInput","interaction":{"idSuffix":"inner"}},"wdio_ui5_key":"applicationmanagecontracts-display-component---AddNewContract--cityInput"}]}
RESULT: {"script":"<script> [1562 bytes]","args":[{"selector":{"id":"application-managecontracts-display-component---AddNewContract--cityInput","interaction":{"idSuffix":"inner"}},"wdio_ui5_key":"applicationmanagecontracts-display-component---AddNewContract--cityInput"}]}
RESULT: undefined
COMMAND: POST /session/5f042fc1c64931e48653a4fe2329ff65/execute/async - {"script":"<script> [776 bytes]","args":[{"enterText":"Bucharest","selector":{"id":"application-managecontracts-display-component---AddNewContract--cityInput","interaction":{"idSuffix":"inner"}},"clearTextFirst":true,"interactionType":"ENTER_TEXT"}]}
RESULT: {"script":"<script> [776 bytes]","args":[{"enterText":"Bucharest","selector":{"id":"application-managecontracts-display-component---AddNewContract--cityInput","interaction":{"idSuffix":"inner"}},"clearTextFirst":true,"interactionType":"ENTER_TEXT"}]}
COMMAND: POST /session/5f042fc1c64931e48653a4fe2329ff65/execute/async - {"script":"<script> [1562 bytes]","args":[{"selector":{"id":"application-managecontracts-display-component---AddNewContract--zipInput","interaction":{"idSuffix":"inner"}},"wdio_ui5_key":"applicationmanagecontracts-display-component---AddNewContract--zipInput"}]}
RESULT: {"script":"<script> [1562 bytes]","args":[{"selector":{"id":"application-managecontracts-display-component---AddNewContract--zipInput","interaction":{"idSuffix":"inner"}},"wdio_ui5_key":"applicationmanagecontracts-display-component---AddNewContract--zipInput"}]}
RESULT: undefined
COMMAND: POST /session/5f042fc1c64931e48653a4fe2329ff65/execute/async - {"script":"<script> [776 bytes]","args":[{"enterText":"021210","selector":{"id":"application-managecontracts-display-component---AddNewContract--zipInput","interaction":{"idSuffix":"inner"}},"clearTextFirst":true,"interactionType":"ENTER_TEXT"}]}
RESULT: {"script":"<script> [776 bytes]","args":[{"enterText":"021210","selector":{"id":"application-managecontracts-display-component---AddNewContract--zipInput","interaction":{"idSuffix":"inner"}},"clearTextFirst":true,"interactionType":"ENTER_TEXT"}]}
COMMAND: POST /session/5f042fc1c64931e48653a4fe2329ff65/element - {"using":"xpath","value":"//bdi[contains(@id ,\"application-managecontracts-display-component---AddNewContract--saveBtn-BDI-content\")]"}
RESULT: {"using":"xpath","value":"//bdi[contains(@id ,\"application-managecontracts-display-component---AddNewContract--saveBtn-BDI-content\")]"}
COMMAND: POST /session/5f042fc1c64931e48653a4fe2329ff65/element/f.85A0C08C11805158FB40365BE7F8DFE2.d.FAD2DA76E3B05BB26BC5E62F22DA9E39.e.10439/click - {}
RESULT: {}
COMMAND: GET /session/5f042fc1c64931e48653a4fe2329ff65/screenshot - {}
RESULT: {}
COMMAND: POST /session/5f042fc1c64931e48653a4fe2329ff65/element - {"using":"xpath","value":"//button[contains(@data-kt ,\"contractDetailEditBtnButton\")]"}
RESULT: {"using":"xpath","value":"//button[contains(@data-kt ,\"contractDetailEditBtnButton\")]"}
COMMAND: POST /session/5f042fc1c64931e48653a4fe2329ff65/execute/sync - {"script":"<script> [8489 bytes]","args":[{"element-6066-11e4-a52e-4f735466cecf":"f.85A0C08C11805158FB40365BE7F8DFE2.d.FAD2DA76E3B05BB26BC5E62F22DA9E39.e.10497","ELEMENT":"f.85A0C08C11805158FB40365BE7F8DFE2.d.FAD2DA76E3B05BB26BC5E62F22DA9E39.e.10497"}]}
RESULT: {"script":"<script> [8489 bytes]","args":[{"element-6066-11e4-a52e-4f735466cecf":"f.85A0C08C11805158FB40365BE7F8DFE2.d.FAD2DA76E3B05BB26BC5E62F22DA9E39.e.10497","ELEMENT":"f.85A0C08C11805158FB40365BE7F8DFE2.d.FAD2DA76E3B05BB26BC5E62F22DA9E39.e.10497"}]}
COMMAND: POST /session/5f042fc1c64931e48653a4fe2329ff65/execute/sync - {"script":"<script> [8489 bytes]","args":[{"element-6066-11e4-a52e-4f735466cecf":"f.85A0C08C11805158FB40365BE7F8DFE2.d.FAD2DA76E3B05BB26BC5E62F22DA9E39.e.10497","ELEMENT":"f.85A0C08C11805158FB40365BE7F8DFE2.d.FAD2DA76E3B05BB26BC5E62F22DA9E39.e.10497"}]}
COMMAND: GET /session/5f042fc1c64931e48653a4fe2329ff65/screenshot - {}
RESULT: {}
RESULT: {"script":"<script> [8489 bytes]","args":[{"element-6066-11e4-a52e-4f735466cecf":"f.85A0C08C11805158FB40365BE7F8DFE2.d.FAD2DA76E3B05BB26BC5E62F22DA9E39.e.10497","ELEMENT":"f.85A0C08C11805158FB40365BE7F8DFE2.d.FAD2DA76E3B05BB26BC5E62F22DA9E39.e.10497"}]}
COMMAND: POST /session/5f042fc1c64931e48653a4fe2329ff65/execute/sync - {"script":"<script> [5351 bytes]","args":[{"element-6066-11e4-a52e-4f735466cecf":"f.85A0C08C11805158FB40365BE7F8DFE2.d.FAD2DA76E3B05BB26BC5E62F22DA9E39.e.10497","ELEMENT":"f.85A0C08C11805158FB40365BE7F8DFE2.d.FAD2DA76E3B05BB26BC5E62F22DA9E39.e.10497"}]}
COMMAND: GET /session/5f042fc1c64931e48653a4fe2329ff65/screenshot - {}
RESULT: {"script":"<script> [5351 bytes]","args":[{"element-6066-11e4-a52e-4f735466cecf":"f.85A0C08C11805158FB40365BE7F8DFE2.d.FAD2DA76E3B05BB26BC5E62F22DA9E39.e.10497","ELEMENT":"f.85A0C08C11805158FB40365BE7F8DFE2.d.FAD2DA76E3B05BB26BC5E62F22DA9E39.e.10497"}]}
COMMAND: POST /session/5f042fc1c64931e48653a4fe2329ff65/execute/async - {"script":"<script> [1562 bytes]","args":[{"selector":{"controlType":"sap.m.Text","viewName":"etm.portal.ui.managecontracts.view.Detail","bindingPath":{"propertyPath":"LINK_TO_C_CONTRACT_TYPES/DESCRIPTION","modelName":"catalogModel"}},"wdio_ui5_key":"etmportal.ui.managecontracts.view.Detailsap.m.Text{\"propertyPath\":\"LINK_TO_C_CONTRACT_TYPES/DESCRIPTION\",\"modelName\":\"catalogModel\"}"}]}
COMMAND: GET /session/5f042fc1c64931e48653a4fe2329ff65/screenshot - {}
RESULT: {}
RESULT: {"script":"<script> [1562 bytes]","args":[{"selector":{"controlType":"sap.m.Text","viewName":"etm.portal.ui.managecontracts.view.Detail","bindingPath":{"propertyPath":"LINK_TO_C_CONTRACT_TYPES/DESCRIPTION","modelName":"catalogModel"}},"wdio_ui5_key":"etmportal.ui.managecontracts.view.Detailsap.m.Text{\"propertyPath\":\"LINK_TO_C_CONTRACT_TYPES/DESCRIPTION\",\"modelName\":\"catalogModel\"}"}]}
RESULT: undefined
COMMAND: POST /session/5f042fc1c64931e48653a4fe2329ff65/execute/async - {"script":"<script> [6424 bytes]","args":[{"element-6066-11e4-a52e-4f735466cecf":"f.85A0C08C11805158FB40365BE7F8DFE2.d.FAD2DA76E3B05BB26BC5E62F22DA9E39.e.10499"},"getText",[]]}
RESULT: {}
RESULT: {"script":"<script> [6424 bytes]","args":[{"element-6066-11e4-a52e-4f735466cecf":"f.85A0C08C11805158FB40365BE7F8DFE2.d.FAD2DA76E3B05BB26BC5E62F22DA9E39.e.10499"},"getText",[]]}
COMMAND: POST /session/5f042fc1c64931e48653a4fe2329ff65/element/f.85A0C08C11805158FB40365BE7F8DFE2.d.FAD2DA76E3B05BB26BC5E62F22DA9E39.e.10497/click - {}
RESULT: {}
COMMAND: GET /session/5f042fc1c64931e48653a4fe2329ff65/screenshot - {}
RESULT: {}
]]></system-out>
    </testcase>
    <testcase classname="chrome.136_0_7103_49.windows.Reduced_contract_US151275" name="Should add a RU to the contract" time="46.763">
      <system-out><![CDATA[
COMMAND: POST /session/5f042fc1c64931e48653a4fe2329ff65/element - {"using":"xpath","value":"(//span[contains(text(), \"Header Billing Items\")])[2]"}
RESULT: {"using":"xpath","value":"(//span[contains(text(), \"Header Billing Items\")])[2]"}
COMMAND: POST /session/5f042fc1c64931e48653a4fe2329ff65/element/f.85A0C08C11805158FB40365BE7F8DFE2.d.FAD2DA76E3B05BB26BC5E62F22DA9E39.e.10540/click - {}
RESULT: {}
COMMAND: GET /session/5f042fc1c64931e48653a4fe2329ff65/screenshot - {}
RESULT: {}
COMMAND: POST /session/5f042fc1c64931e48653a4fe2329ff65/element - {"using":"xpath","value":"//button[@data-kt=\"btnAddTableRowOverflowToolbarButton\"]"}
RESULT: {"using":"xpath","value":"//button[@data-kt=\"btnAddTableRowOverflowToolbarButton\"]"}
COMMAND: POST /session/5f042fc1c64931e48653a4fe2329ff65/element/f.85A0C08C11805158FB40365BE7F8DFE2.d.FAD2DA76E3B05BB26BC5E62F22DA9E39.e.10545/click - {}
RESULT: {}
COMMAND: GET /session/5f042fc1c64931e48653a4fe2329ff65/screenshot - {}
RESULT: {}
COMMAND: POST /session/5f042fc1c64931e48653a4fe2329ff65/element - {"using":"xpath","value":"//div[(text() = 'Standard Entry' or . = 'Standard Entry')]"}
RESULT: {"using":"xpath","value":"//div[(text() = 'Standard Entry' or . = 'Standard Entry')]"}
COMMAND: POST /session/5f042fc1c64931e48653a4fe2329ff65/element/f.85A0C08C11805158FB40365BE7F8DFE2.d.FAD2DA76E3B05BB26BC5E62F22DA9E39.e.10547/click - {}
RESULT: {}
COMMAND: POST /session/5f042fc1c64931e48653a4fe2329ff65/element - {"using":"xpath","value":"//td[6]/div/div/input[1]"}
COMMAND: GET /session/5f042fc1c64931e48653a4fe2329ff65/screenshot - {}
RESULT: {"using":"xpath","value":"//td[6]/div/div/input[1]"}
COMMAND: POST /session/5f042fc1c64931e48653a4fe2329ff65/element/f.85A0C08C11805158FB40365BE7F8DFE2.d.FAD2DA76E3B05BB26BC5E62F22DA9E39.e.10549/click - {}
RESULT: {}
RESULT: {}
COMMAND: POST /session/5f042fc1c64931e48653a4fe2329ff65/actions - {"actions":[{"id":"action60","type":"key","parameters":{},"actions":[{"type":"keyDown","value":"î€ƒ"},{"type":"pause","duration":10},{"type":"keyUp","value":"î€ƒ"}]}]}
COMMAND: GET /session/5f042fc1c64931e48653a4fe2329ff65/screenshot - {}
RESULT: {"actions":[{"id":"action60","type":"key","parameters":{},"actions":[{"type":"keyDown","value":"î€ƒ"},{"type":"pause","duration":10},{"type":"keyUp","value":"î€ƒ"}]}]}
COMMAND: POST /session/5f042fc1c64931e48653a4fe2329ff65/element - {"using":"xpath","value":"//td[6]/div/div/input[1]"}
COMMAND: GET /session/5f042fc1c64931e48653a4fe2329ff65/screenshot - {}
RESULT: {}
RESULT: {"using":"xpath","value":"//td[6]/div/div/input[1]"}
COMMAND: POST /session/5f042fc1c64931e48653a4fe2329ff65/element/f.85A0C08C11805158FB40365BE7F8DFE2.d.FAD2DA76E3B05BB26BC5E62F22DA9E39.e.10549/clear - {}
RESULT: {}
RESULT: {}
COMMAND: POST /session/5f042fc1c64931e48653a4fe2329ff65/element/f.85A0C08C11805158FB40365BE7F8DFE2.d.FAD2DA76E3B05BB26BC5E62F22DA9E39.e.10549/value - {"text":"Material"}
COMMAND: GET /session/5f042fc1c64931e48653a4fe2329ff65/screenshot - {}
RESULT: {"text":"Material"}
COMMAND: GET /session/5f042fc1c64931e48653a4fe2329ff65/screenshot - {}
RESULT: {}
RESULT: {}
COMMAND: POST /session/5f042fc1c64931e48653a4fe2329ff65/actions - {"actions":[{"id":"action61","type":"key","parameters":{},"actions":[{"type":"keyDown","value":"î€‡"},{"type":"pause","duration":10},{"type":"keyUp","value":"î€‡"}]}]}
RESULT: {"actions":[{"id":"action61","type":"key","parameters":{},"actions":[{"type":"keyDown","value":"î€‡"},{"type":"pause","duration":10},{"type":"keyUp","value":"î€‡"}]}]}
COMMAND: GET /session/5f042fc1c64931e48653a4fe2329ff65/screenshot - {}
RESULT: {}
COMMAND: POST /session/5f042fc1c64931e48653a4fe2329ff65/actions - {"actions":[{"id":"action62","type":"key","parameters":{},"actions":[{"type":"keyDown","value":"î€‡"},{"type":"pause","duration":10},{"type":"keyUp","value":"î€‡"}]}]}
RESULT: {"actions":[{"id":"action62","type":"key","parameters":{},"actions":[{"type":"keyDown","value":"î€‡"},{"type":"pause","duration":10},{"type":"keyUp","value":"î€‡"}]}]}
COMMAND: POST /session/5f042fc1c64931e48653a4fe2329ff65/element - {"using":"xpath","value":"//td[7]/div/div/input"}
COMMAND: GET /session/5f042fc1c64931e48653a4fe2329ff65/screenshot - {}
RESULT: {"using":"xpath","value":"//td[7]/div/div/input"}
COMMAND: POST /session/5f042fc1c64931e48653a4fe2329ff65/element/f.85A0C08C11805158FB40365BE7F8DFE2.d.FAD2DA76E3B05BB26BC5E62F22DA9E39.e.10562/clear - {}
RESULT: {}
RESULT: {}
COMMAND: POST /session/5f042fc1c64931e48653a4fe2329ff65/element/f.85A0C08C11805158FB40365BE7F8DFE2.d.FAD2DA76E3B05BB26BC5E62F22DA9E39.e.10562/value - {"text":"WebdriverRUR2C"}
COMMAND: GET /session/5f042fc1c64931e48653a4fe2329ff65/screenshot - {}
RESULT: {"text":"WebdriverRUR2C"}
COMMAND: GET /session/5f042fc1c64931e48653a4fe2329ff65/screenshot - {}
RESULT: {}
RESULT: {}
COMMAND: POST /session/5f042fc1c64931e48653a4fe2329ff65/actions - {"actions":[{"id":"action63","type":"key","parameters":{},"actions":[{"type":"keyDown","value":"î€‡"},{"type":"pause","duration":10},{"type":"keyUp","value":"î€‡"}]}]}
RESULT: {"actions":[{"id":"action63","type":"key","parameters":{},"actions":[{"type":"keyDown","value":"î€‡"},{"type":"pause","duration":10},{"type":"keyUp","value":"î€‡"}]}]}
COMMAND: GET /session/5f042fc1c64931e48653a4fe2329ff65/screenshot - {}
RESULT: {}
COMMAND: POST /session/5f042fc1c64931e48653a4fe2329ff65/actions - {"actions":[{"id":"action64","type":"key","parameters":{},"actions":[{"type":"keyDown","value":"î€‡"},{"type":"pause","duration":10},{"type":"keyUp","value":"î€‡"}]}]}
RESULT: {"actions":[{"id":"action64","type":"key","parameters":{},"actions":[{"type":"keyDown","value":"î€‡"},{"type":"pause","duration":10},{"type":"keyUp","value":"î€‡"}]}]}
COMMAND: GET /session/5f042fc1c64931e48653a4fe2329ff65/screenshot - {}
RESULT: {}
COMMAND: POST /session/5f042fc1c64931e48653a4fe2329ff65/element - {"using":"xpath","value":"(//button[@data-kt=\"saveButton\"])[2]"}
RESULT: {"using":"xpath","value":"(//button[@data-kt=\"saveButton\"])[2]"}
COMMAND: POST /session/5f042fc1c64931e48653a4fe2329ff65/element/f.85A0C08C11805158FB40365BE7F8DFE2.d.FAD2DA76E3B05BB26BC5E62F22DA9E39.e.10587/click - {}
RESULT: {}
COMMAND: GET /session/5f042fc1c64931e48653a4fe2329ff65/screenshot - {}
RESULT: {}
COMMAND: POST /session/5f042fc1c64931e48653a4fe2329ff65/element - {"using":"xpath","value":"//button[contains(@data-kt ,\"contractDetailEditBtnButton\")]"}
RESULT: {"using":"xpath","value":"//button[contains(@data-kt ,\"contractDetailEditBtnButton\")]"}
COMMAND: POST /session/5f042fc1c64931e48653a4fe2329ff65/execute/sync - {"script":"<script> [8489 bytes]","args":[{"element-6066-11e4-a52e-4f735466cecf":"f.85A0C08C11805158FB40365BE7F8DFE2.d.FAD2DA76E3B05BB26BC5E62F22DA9E39.e.10497","ELEMENT":"f.85A0C08C11805158FB40365BE7F8DFE2.d.FAD2DA76E3B05BB26BC5E62F22DA9E39.e.10497"}]}
RESULT: {"script":"<script> [8489 bytes]","args":[{"element-6066-11e4-a52e-4f735466cecf":"f.85A0C08C11805158FB40365BE7F8DFE2.d.FAD2DA76E3B05BB26BC5E62F22DA9E39.e.10497","ELEMENT":"f.85A0C08C11805158FB40365BE7F8DFE2.d.FAD2DA76E3B05BB26BC5E62F22DA9E39.e.10497"}]}
COMMAND: POST /session/5f042fc1c64931e48653a4fe2329ff65/execute/sync - {"script":"<script> [8489 bytes]","args":[{"element-6066-11e4-a52e-4f735466cecf":"f.85A0C08C11805158FB40365BE7F8DFE2.d.FAD2DA76E3B05BB26BC5E62F22DA9E39.e.10497","ELEMENT":"f.85A0C08C11805158FB40365BE7F8DFE2.d.FAD2DA76E3B05BB26BC5E62F22DA9E39.e.10497"}]}
COMMAND: GET /session/5f042fc1c64931e48653a4fe2329ff65/screenshot - {}
RESULT: {"script":"<script> [8489 bytes]","args":[{"element-6066-11e4-a52e-4f735466cecf":"f.85A0C08C11805158FB40365BE7F8DFE2.d.FAD2DA76E3B05BB26BC5E62F22DA9E39.e.10497","ELEMENT":"f.85A0C08C11805158FB40365BE7F8DFE2.d.FAD2DA76E3B05BB26BC5E62F22DA9E39.e.10497"}]}
COMMAND: POST /session/5f042fc1c64931e48653a4fe2329ff65/execute/sync - {"script":"<script> [5351 bytes]","args":[{"element-6066-11e4-a52e-4f735466cecf":"f.85A0C08C11805158FB40365BE7F8DFE2.d.FAD2DA76E3B05BB26BC5E62F22DA9E39.e.10497","ELEMENT":"f.85A0C08C11805158FB40365BE7F8DFE2.d.FAD2DA76E3B05BB26BC5E62F22DA9E39.e.10497"}]}
COMMAND: GET /session/5f042fc1c64931e48653a4fe2329ff65/screenshot - {}
RESULT: {}
RESULT: {"script":"<script> [5351 bytes]","args":[{"element-6066-11e4-a52e-4f735466cecf":"f.85A0C08C11805158FB40365BE7F8DFE2.d.FAD2DA76E3B05BB26BC5E62F22DA9E39.e.10497","ELEMENT":"f.85A0C08C11805158FB40365BE7F8DFE2.d.FAD2DA76E3B05BB26BC5E62F22DA9E39.e.10497"}]}
COMMAND: POST /session/5f042fc1c64931e48653a4fe2329ff65/element - {"using":"xpath","value":"(//span[contains(text(), \"Header Billing Items\")])[1]"}
COMMAND: GET /session/5f042fc1c64931e48653a4fe2329ff65/screenshot - {}
RESULT: {}
RESULT: {"using":"xpath","value":"(//span[contains(text(), \"Header Billing Items\")])[1]"}
COMMAND: POST /session/5f042fc1c64931e48653a4fe2329ff65/element/f.85A0C08C11805158FB40365BE7F8DFE2.d.FAD2DA76E3B05BB26BC5E62F22DA9E39.e.10590/click - {}
RESULT: {}
RESULT: {}
COMMAND: GET /session/5f042fc1c64931e48653a4fe2329ff65/screenshot - {}
RESULT: {}
COMMAND: POST /session/5f042fc1c64931e48653a4fe2329ff65/execute/async - {"script":"<script> [1562 bytes]","args":[{"selector":{"controlType":"sap.m.Title","viewName":"etm.portal.ui.managecontracts.view.Detail","properties":{"text":"Contract Items (1)"}},"wdio_ui5_key":"etmportal.ui.managecontracts.view.Detailsap.m.Title{\"text\":\"Contract Items (1)\"}"}]}
RESULT: {"script":"<script> [1562 bytes]","args":[{"selector":{"controlType":"sap.m.Title","viewName":"etm.portal.ui.managecontracts.view.Detail","properties":{"text":"Contract Items (1)"}},"wdio_ui5_key":"etmportal.ui.managecontracts.view.Detailsap.m.Title{\"text\":\"Contract Items (1)\"}"}]}
RESULT: undefined
COMMAND: POST /session/5f042fc1c64931e48653a4fe2329ff65/execute/async - {"script":"<script> [6424 bytes]","args":[{"element-6066-11e4-a52e-4f735466cecf":"f.85A0C08C11805158FB40365BE7F8DFE2.d.FAD2DA76E3B05BB26BC5E62F22DA9E39.e.10592"},"getText",[]]}
RESULT: {"script":"<script> [6424 bytes]","args":[{"element-6066-11e4-a52e-4f735466cecf":"f.85A0C08C11805158FB40365BE7F8DFE2.d.FAD2DA76E3B05BB26BC5E62F22DA9E39.e.10592"},"getText",[]]}
COMMAND: POST /session/5f042fc1c64931e48653a4fe2329ff65/element - {"using":"xpath","value":"(//span[contains(@class ,\"sapMObjStatusText\")])[1]"}
RESULT: {"using":"xpath","value":"(//span[contains(@class ,\"sapMObjStatusText\")])[1]"}
COMMAND: GET /session/5f042fc1c64931e48653a4fe2329ff65/element/f.85A0C08C11805158FB40365BE7F8DFE2.d.FAD2DA76E3B05BB26BC5E62F22DA9E39.e.10593/text - {}
RESULT: {}
COMMAND: POST /session/5f042fc1c64931e48653a4fe2329ff65/refresh - {}
RESULT: {}
COMMAND: GET /session/5f042fc1c64931e48653a4fe2329ff65/screenshot - {}
RESULT: {}
COMMAND: POST /session/5f042fc1c64931e48653a4fe2329ff65/execute/async - {"script":"<script> [189 bytes]","args":[]}
RESULT: {"script":"<script> [189 bytes]","args":[]}
COMMAND: POST /session/5f042fc1c64931e48653a4fe2329ff65/execute/async - {"script":"<script> [123 bytes]","args":[]}
RESULT: {"script":"<script> [123 bytes]","args":[]}
COMMAND: POST /session/5f042fc1c64931e48653a4fe2329ff65/timeouts - {"script":"<number>"}
RESULT: {"script":"<number>"}
COMMAND: GET /session/5f042fc1c64931e48653a4fe2329ff65/timeouts - {}
RESULT: {}
RESULT: undefined
COMMAND: POST /session/5f042fc1c64931e48653a4fe2329ff65/execute/async - {"script":"<script> [2676 bytes]","args":[]}
RESULT: {"script":"<script> [2676 bytes]","args":[]}
COMMAND: POST /session/5f042fc1c64931e48653a4fe2329ff65/execute/async - {"script":"<script> [2342 bytes]","args":[{"protocol":"http","hostname":"0.0.0.0","path":"/","capabilities":{"browserName":"chrome","goog:chromeOptions":{"binary":"C:\\Program Files\\Google\\Chrome\\Application\\chrome.exe","args":["--start-maximized"]}},"logLevel":"warn","connectionRetryTimeout":120000,"connectionRetryCount":3,"logLevels":{},"enableDirectConnect":true,"strictSSL":true,"_":"65 more keys: [\"cacheDir\",\"port\",\"requestedCapabilities\",\"automationProtocol\",\"baseUrl\",\"waitforInterval\",\"waitforTimeout\",\"onReload\",\"beforeCommand\",\"afterCommand\",\"rootDir\",\"specs\",\"suites\",\"exclude\",\"groupLogsByTestSpec\",\"excludeDriverLogs\",\"bail\",\"framework\",\"reporters\",\"services\",\"maxInstances\",\"maxInstancesPerCapability\",\"injectGlobals\",\"filesToWatch\",\"execArgv\",\"runnerEnv\",\"runner\",\"shard\",\"specFileRetries\",\"specFileRetriesDelay\",\"specFileRetriesDeferred\",\"reporterSyncInterval\",\"reporterSyncTimeout\",\"cucumberFeaturesWithLineNumbers\",\"autoCompileOpts\",\"mochaOpts\",\"jasmineOpts\",\"cucumberOpts\",\"onPrepare\",\"onWorkerStart\",\"onWorkerEnd\",\"before\",\"beforeSession\",\"beforeSuite\",\"beforeHook\",\"beforeTest\",\"afterTest\",\"afterHook\",\"afterSuite\",\"afterSession\",\"after\",\"onComplete\",\"beforeAssertion\",\"afterAssertion\",\"beforeFeature\",\"beforeScenario\",\"beforeStep\",\"afterStep\",\"afterScenario\",\"afterFeature\",\"_\",\"suite\",\"$0\",\"ignoredWorkerServices\",\"wdi5\"]"}]}
RESULT: {"script":"<script> [2342 bytes]","args":[{"protocol":"http","hostname":"0.0.0.0","path":"/","capabilities":{"browserName":"chrome","goog:chromeOptions":{"binary":"C:\\Program Files\\Google\\Chrome\\Application\\chrome.exe","args":["--start-maximized"]}},"logLevel":"warn","connectionRetryTimeout":120000,"connectionRetryCount":3,"logLevels":{},"enableDirectConnect":true,"strictSSL":true,"_":"65 more keys: [\"cacheDir\",\"port\",\"requestedCapabilities\",\"automationProtocol\",\"baseUrl\",\"waitforInterval\",\"waitforTimeout\",\"onReload\",\"beforeCommand\",\"afterCommand\",\"rootDir\",\"specs\",\"suites\",\"exclude\",\"groupLogsByTestSpec\",\"excludeDriverLogs\",\"bail\",\"framework\",\"reporters\",\"services\",\"maxInstances\",\"maxInstancesPerCapability\",\"injectGlobals\",\"filesToWatch\",\"execArgv\",\"runnerEnv\",\"runner\",\"shard\",\"specFileRetries\",\"specFileRetriesDelay\",\"specFileRetriesDeferred\",\"reporterSyncInterval\",\"reporterSyncTimeout\",\"cucumberFeaturesWithLineNumbers\",\"autoCompileOpts\",\"mochaOpts\",\"jasmineOpts\",\"cucumberOpts\",\"onPrepare\",\"onWorkerStart\",\"onWorkerEnd\",\"before\",\"beforeSession\",\"beforeSuite\",\"beforeHook\",\"beforeTest\",\"afterTest\",\"afterHook\",\"afterSuite\",\"afterSession\",\"after\",\"onComplete\",\"beforeAssertion\",\"afterAssertion\",\"beforeFeature\",\"beforeScenario\",\"beforeStep\",\"afterStep\",\"afterScenario\",\"afterFeature\",\"_\",\"suite\",\"$0\",\"ignoredWorkerServices\",\"wdi5\"]"}]}
COMMAND: POST /session/5f042fc1c64931e48653a4fe2329ff65/execute/async - {"script":"<script> [21126 bytes]","args":[35000]}
RESULT: {"script":"<script> [21126 bytes]","args":[35000]}
COMMAND: POST /session/5f042fc1c64931e48653a4fe2329ff65/element - {"using":"css selector","value":"#shell-header-logo"}
RESULT: {"using":"css selector","value":"#shell-header-logo"}
COMMAND: POST /session/5f042fc1c64931e48653a4fe2329ff65/element/f.85A0C08C11805158FB40365BE7F8DFE2.d.2322046B2F6BB943FFB46C7161C905CC.e.10790/click - {}
RESULT: {}
COMMAND: GET /session/5f042fc1c64931e48653a4fe2329ff65/screenshot - {}
RESULT: {}
]]></system-out>
    </testcase>
  </testsuite>
  <testsuite timestamp="2025-05-15T08:31:51" time="1258.946" tests="7" failures="0" errors="0" skipped="0">
    <properties>
      <property name="specId" value="0" />
      <property name="suiteName" value="E2E - Logistical and commercial statuses" />
      <property name="capabilities" value="chrome.136_0_7103_49.windows" />
      <property name="file" value="file:///D:/a/1/s/test/specs/R2C/E2E-Logistical-and-commercial-status.spec.js" />
    </properties>
    <testcase classname="chrome.136_0_7103_49.windows.E2E_-_Logistical_and_commercial_statuses" name="Should create prerequisites yard partner and site" time="289.817">
      <system-out><![CDATA[
COMMAND: POST /session/5f042fc1c64931e48653a4fe2329ff65/execute/async - {"script":"<script> [1562 bytes]","args":[{"selector":{"controlType":"sap.m.GenericTile","properties":{"header":"Manage Yards"}},"wdio_ui5_key":"sapm.GenericTile{\"header\":\"Manage Yards\"}"}]}
RESULT: {"script":"<script> [1562 bytes]","args":[{"selector":{"controlType":"sap.m.GenericTile","properties":{"header":"Manage Yards"}},"wdio_ui5_key":"sapm.GenericTile{\"header\":\"Manage Yards\"}"}]}
RESULT: undefined
COMMAND: POST /session/5f042fc1c64931e48653a4fe2329ff65/element - {"using":"xpath","value":"//*[@id=\"__tile41\"]"}
RESULT: {"using":"xpath","value":"//*[@id=\"__tile41\"]"}
COMMAND: POST /session/5f042fc1c64931e48653a4fe2329ff65/element/f.85A0C08C11805158FB40365BE7F8DFE2.d.2322046B2F6BB943FFB46C7161C905CC.e.10838/click - {}
RESULT: {}
COMMAND: GET /session/5f042fc1c64931e48653a4fe2329ff65/screenshot - {}
RESULT: {}
COMMAND: POST /session/5f042fc1c64931e48653a4fe2329ff65/elements - {"using":"xpath","value":"//span[text()='Error']"}
RESULT: {"using":"xpath","value":"//span[text()='Error']"}
COMMAND: POST /session/5f042fc1c64931e48653a4fe2329ff65/execute/async - {"script":"<script> [1562 bytes]","args":[{"selector":{"controlType":"sap.ui.core.Icon","viewName":"etm.portal.ui.manageyards.view.Master","viewId":"application-manageyards-display-component---masterYard","properties":{"src":{"regex":{"source":"add"}}}},"wdio_ui5_key":"etmportal.ui.manageyards.view.Mastersap.ui.core.Icon{\"src\":{\"regex\":{\"source\":\"add\"}}}"}]}
RESULT: {"script":"<script> [1562 bytes]","args":[{"selector":{"controlType":"sap.ui.core.Icon","viewName":"etm.portal.ui.manageyards.view.Master","viewId":"application-manageyards-display-component---masterYard","properties":{"src":{"regex":{"source":"add"}}}},"wdio_ui5_key":"etmportal.ui.manageyards.view.Mastersap.ui.core.Icon{\"src\":{\"regex\":{\"source\":\"add\"}}}"}]}
RESULT: undefined
COMMAND: POST /session/5f042fc1c64931e48653a4fe2329ff65/element - {"using":"xpath","value":"//*[@id=\"__button14-img\"]"}
RESULT: {"using":"xpath","value":"//*[@id=\"__button14-img\"]"}
COMMAND: POST /session/5f042fc1c64931e48653a4fe2329ff65/element/f.85A0C08C11805158FB40365BE7F8DFE2.d.2322046B2F6BB943FFB46C7161C905CC.e.10881/click - {}
RESULT: {}
COMMAND: GET /session/5f042fc1c64931e48653a4fe2329ff65/screenshot - {}
RESULT: {}
COMMAND: POST /session/5f042fc1c64931e48653a4fe2329ff65/execute/async - {"script":"<script> [1562 bytes]","args":[{"selector":{"id":"application-manageyards-display-component---NewYard--yardId","interaction":{"idSuffix":"inner"}},"wdio_ui5_key":"applicationmanageyards-display-component---NewYard--yardId"}]}
RESULT: {"script":"<script> [1562 bytes]","args":[{"selector":{"id":"application-manageyards-display-component---NewYard--yardId","interaction":{"idSuffix":"inner"}},"wdio_ui5_key":"applicationmanageyards-display-component---NewYard--yardId"}]}
RESULT: undefined
COMMAND: POST /session/5f042fc1c64931e48653a4fe2329ff65/element - {"using":"xpath","value":"//*[@id=\"application-manageyards-display-component---NewYard--addressDetailDetailsName1-inner\"]"}
RESULT: {"using":"xpath","value":"//*[@id=\"application-manageyards-display-component---NewYard--addressDetailDetailsName1-inner\"]"}
COMMAND: POST /session/5f042fc1c64931e48653a4fe2329ff65/element/f.85A0C08C11805158FB40365BE7F8DFE2.d.2322046B2F6BB943FFB46C7161C905CC.e.11066/clear - {}
RESULT: {}
COMMAND: POST /session/5f042fc1c64931e48653a4fe2329ff65/element/f.85A0C08C11805158FB40365BE7F8DFE2.d.2322046B2F6BB943FFB46C7161C905CC.e.11066/value - {"text":"WebdriverYardgi1xhj"}
COMMAND: GET /session/5f042fc1c64931e48653a4fe2329ff65/screenshot - {}
RESULT: {"text":"WebdriverYardgi1xhj"}
COMMAND: POST /session/5f042fc1c64931e48653a4fe2329ff65/element - {"using":"xpath","value":"//*[@id=\"application-manageyards-display-component---NewYard--addressDetailDetailsLanguage-inner\"]"}
COMMAND: GET /session/5f042fc1c64931e48653a4fe2329ff65/screenshot - {}
RESULT: {}
RESULT: {"using":"xpath","value":"//*[@id=\"application-manageyards-display-component---NewYard--addressDetailDetailsLanguage-inner\"]"}
COMMAND: POST /session/5f042fc1c64931e48653a4fe2329ff65/element/f.85A0C08C11805158FB40365BE7F8DFE2.d.2322046B2F6BB943FFB46C7161C905CC.e.11067/clear - {}
RESULT: {}
RESULT: {}
COMMAND: POST /session/5f042fc1c64931e48653a4fe2329ff65/element/f.85A0C08C11805158FB40365BE7F8DFE2.d.2322046B2F6BB943FFB46C7161C905CC.e.11067/value - {"text":"Romanian"}
COMMAND: GET /session/5f042fc1c64931e48653a4fe2329ff65/screenshot - {}
RESULT: {"text":"Romanian"}
COMMAND: POST /session/5f042fc1c64931e48653a4fe2329ff65/element - {"using":"xpath","value":"//input[contains(@id ,\"application-manageyards-display-component---NewYard--addressDetailDetailsName1-inner\")]"}
COMMAND: GET /session/5f042fc1c64931e48653a4fe2329ff65/screenshot - {}
RESULT: {}
RESULT: {"using":"xpath","value":"//input[contains(@id ,\"application-manageyards-display-component---NewYard--addressDetailDetailsName1-inner\")]"}
COMMAND: GET /session/5f042fc1c64931e48653a4fe2329ff65/element/f.85A0C08C11805158FB40365BE7F8DFE2.d.2322046B2F6BB943FFB46C7161C905CC.e.11066/property/value - {}
RESULT: {}
RESULT: {}
COMMAND: GET /session/5f042fc1c64931e48653a4fe2329ff65/screenshot - {}
RESULT: {}
COMMAND: POST /session/5f042fc1c64931e48653a4fe2329ff65/element - {"using":"xpath","value":"//*[@id=\"application-manageyards-display-component---NewYard--addressDetailDetailsCity1-inner\"]"}
RESULT: {"using":"xpath","value":"//*[@id=\"application-manageyards-display-component---NewYard--addressDetailDetailsCity1-inner\"]"}
COMMAND: POST /session/5f042fc1c64931e48653a4fe2329ff65/element/f.85A0C08C11805158FB40365BE7F8DFE2.d.2322046B2F6BB943FFB46C7161C905CC.e.11069/clear - {}
RESULT: {}
COMMAND: POST /session/5f042fc1c64931e48653a4fe2329ff65/element/f.85A0C08C11805158FB40365BE7F8DFE2.d.2322046B2F6BB943FFB46C7161C905CC.e.11069/value - {"text":"Bucuresti"}
COMMAND: GET /session/5f042fc1c64931e48653a4fe2329ff65/screenshot - {}
RESULT: {"text":"Bucuresti"}
COMMAND: GET /session/5f042fc1c64931e48653a4fe2329ff65/screenshot - {}
RESULT: {}
RESULT: {}
COMMAND: POST /session/5f042fc1c64931e48653a4fe2329ff65/element - {"using":"xpath","value":"//*[@id=\"application-manageyards-display-component---NewYard--addressDetailDetailsCountry-inner\"]"}
RESULT: {"using":"xpath","value":"//*[@id=\"application-manageyards-display-component---NewYard--addressDetailDetailsCountry-inner\"]"}
COMMAND: POST /session/5f042fc1c64931e48653a4fe2329ff65/element/f.85A0C08C11805158FB40365BE7F8DFE2.d.2322046B2F6BB943FFB46C7161C905CC.e.11073/clear - {}
RESULT: {}
COMMAND: POST /session/5f042fc1c64931e48653a4fe2329ff65/element/f.85A0C08C11805158FB40365BE7F8DFE2.d.2322046B2F6BB943FFB46C7161C905CC.e.11073/value - {"text":"Romania"}
COMMAND: GET /session/5f042fc1c64931e48653a4fe2329ff65/screenshot - {}
RESULT: {"text":"Romania"}
COMMAND: GET /session/5f042fc1c64931e48653a4fe2329ff65/screenshot - {}
RESULT: {}
RESULT: {}
COMMAND: POST /session/5f042fc1c64931e48653a4fe2329ff65/element - {"using":"xpath","value":"//div[contains(text(), \"Commercial\")]"}
RESULT: {"using":"xpath","value":"//div[contains(text(), \"Commercial\")]"}
COMMAND: GET /session/5f042fc1c64931e48653a4fe2329ff65/element/f.85A0C08C11805158FB40365BE7F8DFE2.d.2322046B2F6BB943FFB46C7161C905CC.e.11309/rect - {}
RESULT: {}
COMMAND: GET /session/5f042fc1c64931e48653a4fe2329ff65/window/rect - {}
RESULT: {}
COMMAND: POST /session/5f042fc1c64931e48653a4fe2329ff65/execute/sync - {"script":"<script> [92 bytes]","args":[]}
RESULT: {"script":"<script> [92 bytes]","args":[]}
COMMAND: POST /session/5f042fc1c64931e48653a4fe2329ff65/actions - {"actions":[{"id":"action65","type":"wheel","parameters":{},"actions":[{"type":"scroll","x":-1841,"y":-44,"deltaX":0,"deltaY":0,"duration":0,"origin":{"element-6066-11e4-a52e-4f735466cecf":"f.85A0C08C11805158FB40365BE7F8DFE2.d.2322046B2F6BB943FFB46C7161C905CC.e.11309"}}]}]}
COMMAND: GET /session/5f042fc1c64931e48653a4fe2329ff65/screenshot - {}
RESULT: {}
COMMAND: POST /session/5f042fc1c64931e48653a4fe2329ff65/execute/sync - {"script":"<script> [79 bytes]","args":[{"element-6066-11e4-a52e-4f735466cecf":"f.85A0C08C11805158FB40365BE7F8DFE2.d.2322046B2F6BB943FFB46C7161C905CC.e.11309","ELEMENT":"f.85A0C08C11805158FB40365BE7F8DFE2.d.2322046B2F6BB943FFB46C7161C905CC.e.11309"},{"block":"start","inline":"nearest"}]}
RESULT: {"script":"<script> [79 bytes]","args":[{"element-6066-11e4-a52e-4f735466cecf":"f.85A0C08C11805158FB40365BE7F8DFE2.d.2322046B2F6BB943FFB46C7161C905CC.e.11309","ELEMENT":"f.85A0C08C11805158FB40365BE7F8DFE2.d.2322046B2F6BB943FFB46C7161C905CC.e.11309"},{"block":"start","inline":"nearest"}]}
COMMAND: GET /session/5f042fc1c64931e48653a4fe2329ff65/screenshot - {}
RESULT: {}
COMMAND: POST /session/5f042fc1c64931e48653a4fe2329ff65/execute/async - {"script":"<script> [1562 bytes]","args":[{"selector":{"id":"application-manageyards-display-component---NewYard--addressEditDetailsCostObjectCstType-arrow"},"wdio_ui5_key":"applicationmanageyards-display-component---NewYard--addressEditDetailsCostObjectCstType-arrow"}]}
RESULT: {"script":"<script> [1562 bytes]","args":[{"selector":{"id":"application-manageyards-display-component---NewYard--addressEditDetailsCostObjectCstType-arrow"},"wdio_ui5_key":"applicationmanageyards-display-component---NewYard--addressEditDetailsCostObjectCstType-arrow"}]}
RESULT: undefined
COMMAND: POST /session/5f042fc1c64931e48653a4fe2329ff65/element - {"using":"xpath","value":"//*[@id=\"application-manageyards-display-component---NewYard--addressEditDetailsCostObjectCstType-arrow\"]"}
RESULT: {"using":"xpath","value":"//*[@id=\"application-manageyards-display-component---NewYard--addressEditDetailsCostObjectCstType-arrow\"]"}
COMMAND: POST /session/5f042fc1c64931e48653a4fe2329ff65/element/f.85A0C08C11805158FB40365BE7F8DFE2.d.2322046B2F6BB943FFB46C7161C905CC.e.11317/click - {}
RESULT: {}
COMMAND: POST /session/5f042fc1c64931e48653a4fe2329ff65/element - {"using":"xpath","value":"//span[contains(text(), \"Cost Center\")]"}
COMMAND: GET /session/5f042fc1c64931e48653a4fe2329ff65/screenshot - {}
RESULT: {"using":"xpath","value":"//span[contains(text(), \"Cost Center\")]"}
COMMAND: POST /session/5f042fc1c64931e48653a4fe2329ff65/element/f.85A0C08C11805158FB40365BE7F8DFE2.d.2322046B2F6BB943FFB46C7161C905CC.e.11318/click - {}
RESULT: {}
RESULT: {}
COMMAND: GET /session/5f042fc1c64931e48653a4fe2329ff65/screenshot - {}
RESULT: {}
COMMAND: POST /session/5f042fc1c64931e48653a4fe2329ff65/execute/async - {"script":"<script> [1562 bytes]","args":[{"selector":{"id":"application-manageyards-display-component---NewYard--addressNewCostObjectCstID-vhi"},"wdio_ui5_key":"applicationmanageyards-display-component---NewYard--addressNewCostObjectCstID-vhi"}]}
RESULT: {"script":"<script> [1562 bytes]","args":[{"selector":{"id":"application-manageyards-display-component---NewYard--addressNewCostObjectCstID-vhi"},"wdio_ui5_key":"applicationmanageyards-display-component---NewYard--addressNewCostObjectCstID-vhi"}]}
RESULT: undefined
COMMAND: POST /session/5f042fc1c64931e48653a4fe2329ff65/element - {"using":"xpath","value":"//*[@id=\"application-manageyards-display-component---NewYard--addressNewCostObjectCstID-vhi\"]"}
RESULT: {"using":"xpath","value":"//*[@id=\"application-manageyards-display-component---NewYard--addressNewCostObjectCstID-vhi\"]"}
COMMAND: POST /session/5f042fc1c64931e48653a4fe2329ff65/element/f.85A0C08C11805158FB40365BE7F8DFE2.d.2322046B2F6BB943FFB46C7161C905CC.e.11322/click - {}
RESULT: {}
COMMAND: GET /session/5f042fc1c64931e48653a4fe2329ff65/screenshot - {}
RESULT: {}
COMMAND: POST /session/5f042fc1c64931e48653a4fe2329ff65/execute/async - {"script":"<script> [1562 bytes]","args":[{"selector":{"controlType":"sap.m.SearchField","properties":{"placeholder":"Search"},"searchOpenDialogs":true,"interaction":{"idSuffix":"I"}},"wdio_ui5_key":"sapm.SearchField{\"placeholder\":\"Search\"}"}]}
RESULT: {"script":"<script> [1562 bytes]","args":[{"selector":{"controlType":"sap.m.SearchField","properties":{"placeholder":"Search"},"searchOpenDialogs":true,"interaction":{"idSuffix":"I"}},"wdio_ui5_key":"sapm.SearchField{\"placeholder\":\"Search\"}"}]}
RESULT: undefined
COMMAND: POST /session/5f042fc1c64931e48653a4fe2329ff65/execute/async - {"script":"<script> [776 bytes]","args":[{"enterText":"10001013","selector":{"controlType":"sap.m.SearchField","properties":{"placeholder":"Search"},"searchOpenDialogs":true,"interaction":{"idSuffix":"I"}},"clearTextFirst":true,"interactionType":"ENTER_TEXT"}]}
RESULT: {"script":"<script> [776 bytes]","args":[{"enterText":"10001013","selector":{"controlType":"sap.m.SearchField","properties":{"placeholder":"Search"},"searchOpenDialogs":true,"interaction":{"idSuffix":"I"}},"clearTextFirst":true,"interactionType":"ENTER_TEXT"}]}
COMMAND: POST /session/5f042fc1c64931e48653a4fe2329ff65/actions - {"actions":[{"id":"action66","type":"key","parameters":{},"actions":[{"type":"keyDown","value":"î€‡"},{"type":"pause","duration":10},{"type":"keyUp","value":"î€‡"}]}]}
RESULT: {"actions":[{"id":"action66","type":"key","parameters":{},"actions":[{"type":"keyDown","value":"î€‡"},{"type":"pause","duration":10},{"type":"keyUp","value":"î€‡"}]}]}
COMMAND: GET /session/5f042fc1c64931e48653a4fe2329ff65/screenshot - {}
RESULT: {}
COMMAND: POST /session/5f042fc1c64931e48653a4fe2329ff65/element - {"using":"xpath","value":"//span[contains(text(), \"General Management\")]"}
RESULT: {"using":"xpath","value":"//span[contains(text(), \"General Management\")]"}
COMMAND: POST /session/5f042fc1c64931e48653a4fe2329ff65/element/f.85A0C08C11805158FB40365BE7F8DFE2.d.2322046B2F6BB943FFB46C7161C905CC.e.11363/click - {}
RESULT: {}
COMMAND: GET /session/5f042fc1c64931e48653a4fe2329ff65/screenshot - {}
RESULT: {}
COMMAND: POST /session/5f042fc1c64931e48653a4fe2329ff65/element - {"using":"xpath","value":"//bdi[contains(text(), \"OK\")]"}
RESULT: {"using":"xpath","value":"//bdi[contains(text(), \"OK\")]"}
COMMAND: POST /session/5f042fc1c64931e48653a4fe2329ff65/element/f.85A0C08C11805158FB40365BE7F8DFE2.d.2322046B2F6BB943FFB46C7161C905CC.e.11364/click - {}
RESULT: {}
COMMAND: GET /session/5f042fc1c64931e48653a4fe2329ff65/screenshot - {}
RESULT: {}
COMMAND: POST /session/5f042fc1c64931e48653a4fe2329ff65/execute/async - {"script":"<script> [1562 bytes]","args":[{"selector":{"controlType":"sap.m.Button","viewName":"etm.portal.ui.manageyards.view.New","viewId":"application-manageyards-display-component---NewYard","i18NText":{"propertyName":"text","key":"save"},"interaction":{"idSuffix":"inner"}},"wdio_ui5_key":"etmportal.ui.manageyards.view.Newsap.m.Button{\"propertyName\":\"text\",\"key\":\"save\"}"}]}
RESULT: {"script":"<script> [1562 bytes]","args":[{"selector":{"controlType":"sap.m.Button","viewName":"etm.portal.ui.manageyards.view.New","viewId":"application-manageyards-display-component---NewYard","i18NText":{"propertyName":"text","key":"save"},"interaction":{"idSuffix":"inner"}},"wdio_ui5_key":"etmportal.ui.manageyards.view.Newsap.m.Button{\"propertyName\":\"text\",\"key\":\"save\"}"}]}
RESULT: undefined
COMMAND: POST /session/5f042fc1c64931e48653a4fe2329ff65/element - {"using":"xpath","value":"//*[@id=\"__button28\"]"}
RESULT: {"using":"xpath","value":"//*[@id=\"__button28\"]"}
COMMAND: POST /session/5f042fc1c64931e48653a4fe2329ff65/element/f.85A0C08C11805158FB40365BE7F8DFE2.d.2322046B2F6BB943FFB46C7161C905CC.e.11268/click - {}
RESULT: {}
COMMAND: GET /session/5f042fc1c64931e48653a4fe2329ff65/screenshot - {}
RESULT: {}
COMMAND: POST /session/5f042fc1c64931e48653a4fe2329ff65/element - {"using":"xpath","value":"//header/div/div[2]/div[2]/span"}
RESULT: {"using":"xpath","value":"//header/div/div[2]/div[2]/span"}
COMMAND: GET /session/5f042fc1c64931e48653a4fe2329ff65/element/f.85A0C08C11805158FB40365BE7F8DFE2.d.2322046B2F6BB943FFB46C7161C905CC.e.11562/text - {}
RESULT: {}
COMMAND: POST /session/5f042fc1c64931e48653a4fe2329ff65/execute/async - {"script":"<script> [1562 bytes]","args":[{"selector":{"controlType":"sap.m.OverflowToolbarButton","viewName":"etm.portal.ui.manageyards.view.Detail","viewId":"application-manageyards-display-component---detailYard","i18NText":{"propertyName":"tooltip","key":"closeColumn"},"interaction":{"idSuffix":"inner"}},"wdio_ui5_key":"etmportal.ui.manageyards.view.Detailsap.m.OverflowToolbarButton{\"propertyName\":\"tooltip\",\"key\":\"closeColumn\"}"}]}
RESULT: {"script":"<script> [1562 bytes]","args":[{"selector":{"controlType":"sap.m.OverflowToolbarButton","viewName":"etm.portal.ui.manageyards.view.Detail","viewId":"application-manageyards-display-component---detailYard","i18NText":{"propertyName":"tooltip","key":"closeColumn"},"interaction":{"idSuffix":"inner"}},"wdio_ui5_key":"etmportal.ui.manageyards.view.Detailsap.m.OverflowToolbarButton{\"propertyName\":\"tooltip\",\"key\":\"closeColumn\"}"}]}
RESULT: undefined
COMMAND: POST /session/5f042fc1c64931e48653a4fe2329ff65/element - {"using":"xpath","value":"//*[@id=\"__button50\"]"}
RESULT: {"using":"xpath","value":"//*[@id=\"__button50\"]"}
COMMAND: POST /session/5f042fc1c64931e48653a4fe2329ff65/element/f.85A0C08C11805158FB40365BE7F8DFE2.d.2322046B2F6BB943FFB46C7161C905CC.e.11564/click - {}
RESULT: {}
COMMAND: GET /session/5f042fc1c64931e48653a4fe2329ff65/screenshot - {}
RESULT: {}
COMMAND: POST /session/5f042fc1c64931e48653a4fe2329ff65/element - {"using":"css selector","value":"#shell-header-logo"}
RESULT: {"using":"css selector","value":"#shell-header-logo"}
COMMAND: POST /session/5f042fc1c64931e48653a4fe2329ff65/element/f.85A0C08C11805158FB40365BE7F8DFE2.d.2322046B2F6BB943FFB46C7161C905CC.e.10841/click - {}
RESULT: {}
COMMAND: GET /session/5f042fc1c64931e48653a4fe2329ff65/screenshot - {}
RESULT: {}
COMMAND: POST /session/5f042fc1c64931e48653a4fe2329ff65/refresh - {}
RESULT: {}
COMMAND: GET /session/5f042fc1c64931e48653a4fe2329ff65/screenshot - {}
RESULT: {}
COMMAND: POST /session/5f042fc1c64931e48653a4fe2329ff65/execute/async - {"script":"<script> [189 bytes]","args":[]}
RESULT: {"script":"<script> [189 bytes]","args":[]}
COMMAND: POST /session/5f042fc1c64931e48653a4fe2329ff65/execute/async - {"script":"<script> [123 bytes]","args":[]}
RESULT: {"script":"<script> [123 bytes]","args":[]}
COMMAND: POST /session/5f042fc1c64931e48653a4fe2329ff65/timeouts - {"script":"<number>"}
RESULT: {"script":"<number>"}
COMMAND: GET /session/5f042fc1c64931e48653a4fe2329ff65/timeouts - {}
RESULT: {}
RESULT: undefined
COMMAND: POST /session/5f042fc1c64931e48653a4fe2329ff65/execute/async - {"script":"<script> [2676 bytes]","args":[]}
RESULT: {"script":"<script> [2676 bytes]","args":[]}
COMMAND: POST /session/5f042fc1c64931e48653a4fe2329ff65/execute/async - {"script":"<script> [2342 bytes]","args":[{"protocol":"http","hostname":"0.0.0.0","path":"/","capabilities":{"browserName":"chrome","goog:chromeOptions":{"binary":"C:\\Program Files\\Google\\Chrome\\Application\\chrome.exe","args":["--start-maximized"]}},"logLevel":"warn","connectionRetryTimeout":120000,"connectionRetryCount":3,"logLevels":{},"enableDirectConnect":true,"strictSSL":true,"_":"65 more keys: [\"cacheDir\",\"port\",\"requestedCapabilities\",\"automationProtocol\",\"baseUrl\",\"waitforInterval\",\"waitforTimeout\",\"onReload\",\"beforeCommand\",\"afterCommand\",\"rootDir\",\"specs\",\"suites\",\"exclude\",\"groupLogsByTestSpec\",\"excludeDriverLogs\",\"bail\",\"framework\",\"reporters\",\"services\",\"maxInstances\",\"maxInstancesPerCapability\",\"injectGlobals\",\"filesToWatch\",\"execArgv\",\"runnerEnv\",\"runner\",\"shard\",\"specFileRetries\",\"specFileRetriesDelay\",\"specFileRetriesDeferred\",\"reporterSyncInterval\",\"reporterSyncTimeout\",\"cucumberFeaturesWithLineNumbers\",\"autoCompileOpts\",\"mochaOpts\",\"jasmineOpts\",\"cucumberOpts\",\"onPrepare\",\"onWorkerStart\",\"onWorkerEnd\",\"before\",\"beforeSession\",\"beforeSuite\",\"beforeHook\",\"beforeTest\",\"afterTest\",\"afterHook\",\"afterSuite\",\"afterSession\",\"after\",\"onComplete\",\"beforeAssertion\",\"afterAssertion\",\"beforeFeature\",\"beforeScenario\",\"beforeStep\",\"afterStep\",\"afterScenario\",\"afterFeature\",\"_\",\"suite\",\"$0\",\"ignoredWorkerServices\",\"wdi5\"]"}]}
RESULT: {"script":"<script> [2342 bytes]","args":[{"protocol":"http","hostname":"0.0.0.0","path":"/","capabilities":{"browserName":"chrome","goog:chromeOptions":{"binary":"C:\\Program Files\\Google\\Chrome\\Application\\chrome.exe","args":["--start-maximized"]}},"logLevel":"warn","connectionRetryTimeout":120000,"connectionRetryCount":3,"logLevels":{},"enableDirectConnect":true,"strictSSL":true,"_":"65 more keys: [\"cacheDir\",\"port\",\"requestedCapabilities\",\"automationProtocol\",\"baseUrl\",\"waitforInterval\",\"waitforTimeout\",\"onReload\",\"beforeCommand\",\"afterCommand\",\"rootDir\",\"specs\",\"suites\",\"exclude\",\"groupLogsByTestSpec\",\"excludeDriverLogs\",\"bail\",\"framework\",\"reporters\",\"services\",\"maxInstances\",\"maxInstancesPerCapability\",\"injectGlobals\",\"filesToWatch\",\"execArgv\",\"runnerEnv\",\"runner\",\"shard\",\"specFileRetries\",\"specFileRetriesDelay\",\"specFileRetriesDeferred\",\"reporterSyncInterval\",\"reporterSyncTimeout\",\"cucumberFeaturesWithLineNumbers\",\"autoCompileOpts\",\"mochaOpts\",\"jasmineOpts\",\"cucumberOpts\",\"onPrepare\",\"onWorkerStart\",\"onWorkerEnd\",\"before\",\"beforeSession\",\"beforeSuite\",\"beforeHook\",\"beforeTest\",\"afterTest\",\"afterHook\",\"afterSuite\",\"afterSession\",\"after\",\"onComplete\",\"beforeAssertion\",\"afterAssertion\",\"beforeFeature\",\"beforeScenario\",\"beforeStep\",\"afterStep\",\"afterScenario\",\"afterFeature\",\"_\",\"suite\",\"$0\",\"ignoredWorkerServices\",\"wdi5\"]"}]}
COMMAND: POST /session/5f042fc1c64931e48653a4fe2329ff65/execute/async - {"script":"<script> [21126 bytes]","args":[35000]}
RESULT: {"script":"<script> [21126 bytes]","args":[35000]}
COMMAND: POST /session/5f042fc1c64931e48653a4fe2329ff65/execute/async - {"script":"<script> [1562 bytes]","args":[{"selector":{"controlType":"sap.m.GenericTile","properties":{"header":"Manage Partners"}},"wdio_ui5_key":"sapm.GenericTile{\"header\":\"Manage Partners\"}"}]}
RESULT: {"script":"<script> [1562 bytes]","args":[{"selector":{"controlType":"sap.m.GenericTile","properties":{"header":"Manage Partners"}},"wdio_ui5_key":"sapm.GenericTile{\"header\":\"Manage Partners\"}"}]}
RESULT: undefined
COMMAND: POST /session/5f042fc1c64931e48653a4fe2329ff65/element - {"using":"xpath","value":"//*[@id=\"__tile38\"]"}
RESULT: {"using":"xpath","value":"//*[@id=\"__tile38\"]"}
COMMAND: POST /session/5f042fc1c64931e48653a4fe2329ff65/element/f.85A0C08C11805158FB40365BE7F8DFE2.d.11E849997CCA6579E1185EE50C758A33.e.11920/click - {}
RESULT: {}
COMMAND: GET /session/5f042fc1c64931e48653a4fe2329ff65/screenshot - {}
RESULT: {}
COMMAND: POST /session/5f042fc1c64931e48653a4fe2329ff65/elements - {"using":"xpath","value":"//span[text()='Error']"}
RESULT: {"using":"xpath","value":"//span[text()='Error']"}
COMMAND: POST /session/5f042fc1c64931e48653a4fe2329ff65/execute/async - {"script":"<script> [1562 bytes]","args":[{"selector":{"controlType":"sap.ui.core.Icon","viewName":"etm.portal.ui.managepartners.view.Master","viewId":"application-managepartners-display-component---masterPtm","properties":{"src":{"regex":{"source":"add"}}}},"wdio_ui5_key":"etmportal.ui.managepartners.view.Mastersap.ui.core.Icon{\"src\":{\"regex\":{\"source\":\"add\"}}}"}]}
RESULT: {"script":"<script> [1562 bytes]","args":[{"selector":{"controlType":"sap.ui.core.Icon","viewName":"etm.portal.ui.managepartners.view.Master","viewId":"application-managepartners-display-component---masterPtm","properties":{"src":{"regex":{"source":"add"}}}},"wdio_ui5_key":"etmportal.ui.managepartners.view.Mastersap.ui.core.Icon{\"src\":{\"regex\":{\"source\":\"add\"}}}"}]}
RESULT: undefined
COMMAND: POST /session/5f042fc1c64931e48653a4fe2329ff65/element - {"using":"xpath","value":"//*[@id=\"__button4-img\"]"}
RESULT: {"using":"xpath","value":"//*[@id=\"__button4-img\"]"}
COMMAND: POST /session/5f042fc1c64931e48653a4fe2329ff65/element/f.85A0C08C11805158FB40365BE7F8DFE2.d.11E849997CCA6579E1185EE50C758A33.e.11970/click - {}
RESULT: {}
COMMAND: GET /session/5f042fc1c64931e48653a4fe2329ff65/screenshot - {}
RESULT: {}
COMMAND: POST /session/5f042fc1c64931e48653a4fe2329ff65/execute/async - {"script":"<script> [1562 bytes]","args":[{"selector":{"id":"application-managepartners-display-component---NewPartner--partnerId","interaction":{"idSuffix":"inner"}},"wdio_ui5_key":"applicationmanagepartners-display-component---NewPartner--partnerId"}]}
RESULT: {"script":"<script> [1562 bytes]","args":[{"selector":{"id":"application-managepartners-display-component---NewPartner--partnerId","interaction":{"idSuffix":"inner"}},"wdio_ui5_key":"applicationmanagepartners-display-component---NewPartner--partnerId"}]}
RESULT: undefined
COMMAND: POST /session/5f042fc1c64931e48653a4fe2329ff65/execute/async - {"script":"<script> [1562 bytes]","args":[{"selector":{"id":"application-managepartners-display-component---NewPartner--addressDetailDetailsName1","interaction":{"idSuffix":"inner"}},"wdio_ui5_key":"applicationmanagepartners-display-component---NewPartner--addressDetailDetailsName1"}]}
RESULT: {"script":"<script> [1562 bytes]","args":[{"selector":{"id":"application-managepartners-display-component---NewPartner--addressDetailDetailsName1","interaction":{"idSuffix":"inner"}},"wdio_ui5_key":"applicationmanagepartners-display-component---NewPartner--addressDetailDetailsName1"}]}
RESULT: undefined
COMMAND: POST /session/5f042fc1c64931e48653a4fe2329ff65/execute/async - {"script":"<script> [776 bytes]","args":[{"enterText":"WebdriverPartnern3jkg","selector":{"id":"application-managepartners-display-component---NewPartner--addressDetailDetailsName1","interaction":{"idSuffix":"inner"}},"clearTextFirst":true,"interactionType":"ENTER_TEXT"}]}
RESULT: {"script":"<script> [776 bytes]","args":[{"enterText":"WebdriverPartnern3jkg","selector":{"id":"application-managepartners-display-component---NewPartner--addressDetailDetailsName1","interaction":{"idSuffix":"inner"}},"clearTextFirst":true,"interactionType":"ENTER_TEXT"}]}
COMMAND: POST /session/5f042fc1c64931e48653a4fe2329ff65/execute/async - {"script":"<script> [1562 bytes]","args":[{"selector":{"id":"application-managepartners-display-component---NewPartner--addressDetailDetailsLanguage","interaction":{"idSuffix":"inner"}},"wdio_ui5_key":"applicationmanagepartners-display-component---NewPartner--addressDetailDetailsLanguage"}]}
RESULT: {"script":"<script> [1562 bytes]","args":[{"selector":{"id":"application-managepartners-display-component---NewPartner--addressDetailDetailsLanguage","interaction":{"idSuffix":"inner"}},"wdio_ui5_key":"applicationmanagepartners-display-component---NewPartner--addressDetailDetailsLanguage"}]}
RESULT: undefined
COMMAND: POST /session/5f042fc1c64931e48653a4fe2329ff65/execute/async - {"script":"<script> [776 bytes]","args":[{"enterText":"Romanian","selector":{"id":"application-managepartners-display-component---NewPartner--addressDetailDetailsLanguage","interaction":{"idSuffix":"inner"}},"clearTextFirst":true,"interactionType":"ENTER_TEXT"}]}
RESULT: {"script":"<script> [776 bytes]","args":[{"enterText":"Romanian","selector":{"id":"application-managepartners-display-component---NewPartner--addressDetailDetailsLanguage","interaction":{"idSuffix":"inner"}},"clearTextFirst":true,"interactionType":"ENTER_TEXT"}]}
COMMAND: POST /session/5f042fc1c64931e48653a4fe2329ff65/element - {"using":"xpath","value":"//input[contains(@id ,\"application-managepartners-display-component---NewPartner--addressDetailDetailsName1-inner\")]"}
RESULT: {"using":"xpath","value":"//input[contains(@id ,\"application-managepartners-display-component---NewPartner--addressDetailDetailsName1-inner\")]"}
COMMAND: GET /session/5f042fc1c64931e48653a4fe2329ff65/element/f.85A0C08C11805158FB40365BE7F8DFE2.d.11E849997CCA6579E1185EE50C758A33.e.12154/property/value - {}
RESULT: {}
COMMAND: POST /session/5f042fc1c64931e48653a4fe2329ff65/execute/async - {"script":"<script> [1562 bytes]","args":[{"selector":{"id":"application-managepartners-display-component---NewPartner--addressDetailDetailsCity1","interaction":{"idSuffix":"inner"}},"wdio_ui5_key":"applicationmanagepartners-display-component---NewPartner--addressDetailDetailsCity1"}]}
COMMAND: GET /session/5f042fc1c64931e48653a4fe2329ff65/screenshot - {}
RESULT: {"script":"<script> [1562 bytes]","args":[{"selector":{"id":"application-managepartners-display-component---NewPartner--addressDetailDetailsCity1","interaction":{"idSuffix":"inner"}},"wdio_ui5_key":"applicationmanagepartners-display-component---NewPartner--addressDetailDetailsCity1"}]}
RESULT: undefined
COMMAND: POST /session/5f042fc1c64931e48653a4fe2329ff65/execute/async - {"script":"<script> [776 bytes]","args":[{"enterText":"Bucharest","selector":{"id":"application-managepartners-display-component---NewPartner--addressDetailDetailsCity1","interaction":{"idSuffix":"inner"}},"clearTextFirst":true,"interactionType":"ENTER_TEXT"}]}
RESULT: {}
RESULT: {"script":"<script> [776 bytes]","args":[{"enterText":"Bucharest","selector":{"id":"application-managepartners-display-component---NewPartner--addressDetailDetailsCity1","interaction":{"idSuffix":"inner"}},"clearTextFirst":true,"interactionType":"ENTER_TEXT"}]}
COMMAND: POST /session/5f042fc1c64931e48653a4fe2329ff65/execute/async - {"script":"<script> [1562 bytes]","args":[{"selector":{"id":"application-managepartners-display-component---NewPartner--addressDetailDetailsCountry","interaction":{"idSuffix":"inner"}},"wdio_ui5_key":"applicationmanagepartners-display-component---NewPartner--addressDetailDetailsCountry"}]}
RESULT: {"script":"<script> [1562 bytes]","args":[{"selector":{"id":"application-managepartners-display-component---NewPartner--addressDetailDetailsCountry","interaction":{"idSuffix":"inner"}},"wdio_ui5_key":"applicationmanagepartners-display-component---NewPartner--addressDetailDetailsCountry"}]}
RESULT: undefined
COMMAND: POST /session/5f042fc1c64931e48653a4fe2329ff65/execute/async - {"script":"<script> [6424 bytes]","args":[{"element-6066-11e4-a52e-4f735466cecf":"f.85A0C08C11805158FB40365BE7F8DFE2.d.11E849997CCA6579E1185EE50C758A33.e.12161"},"setValue",["Romania"]]}
RESULT: {"script":"<script> [6424 bytes]","args":[{"element-6066-11e4-a52e-4f735466cecf":"f.85A0C08C11805158FB40365BE7F8DFE2.d.11E849997CCA6579E1185EE50C758A33.e.12161"},"setValue",["Romania"]]}
COMMAND: POST /session/5f042fc1c64931e48653a4fe2329ff65/execute/async - {"script":"<script> [1562 bytes]","args":[{"selector":{"id":"application-managepartners-display-component---NewPartner--partnerDetailInternal","interaction":{"idSuffix":"inner"}},"wdio_ui5_key":"applicationmanagepartners-display-component---NewPartner--partnerDetailInternal"}]}
RESULT: {"script":"<script> [1562 bytes]","args":[{"selector":{"id":"application-managepartners-display-component---NewPartner--partnerDetailInternal","interaction":{"idSuffix":"inner"}},"wdio_ui5_key":"applicationmanagepartners-display-component---NewPartner--partnerDetailInternal"}]}
RESULT: undefined
COMMAND: POST /session/5f042fc1c64931e48653a4fe2329ff65/execute/async - {"script":"<script> [776 bytes]","args":[{"enterText":"External partner","selector":{"id":"application-managepartners-display-component---NewPartner--partnerDetailInternal","interaction":{"idSuffix":"inner"}},"clearTextFirst":true,"interactionType":"ENTER_TEXT"}]}
RESULT: {"script":"<script> [776 bytes]","args":[{"enterText":"External partner","selector":{"id":"application-managepartners-display-component---NewPartner--partnerDetailInternal","interaction":{"idSuffix":"inner"}},"clearTextFirst":true,"interactionType":"ENTER_TEXT"}]}
COMMAND: POST /session/5f042fc1c64931e48653a4fe2329ff65/execute/async - {"script":"<script> [1562 bytes]","args":[{"selector":{"id":"application-managepartners-display-component---NewPartner--partnerDetailsCurrency","interaction":{"idSuffix":"inner"}},"wdio_ui5_key":"applicationmanagepartners-display-component---NewPartner--partnerDetailsCurrency"}]}
RESULT: {"script":"<script> [1562 bytes]","args":[{"selector":{"id":"application-managepartners-display-component---NewPartner--partnerDetailsCurrency","interaction":{"idSuffix":"inner"}},"wdio_ui5_key":"applicationmanagepartners-display-component---NewPartner--partnerDetailsCurrency"}]}
RESULT: undefined
COMMAND: POST /session/5f042fc1c64931e48653a4fe2329ff65/execute/async - {"script":"<script> [776 bytes]","args":[{"enterText":"Euro","selector":{"id":"application-managepartners-display-component---NewPartner--partnerDetailsCurrency","interaction":{"idSuffix":"inner"}},"clearTextFirst":true,"interactionType":"ENTER_TEXT"}]}
RESULT: {"script":"<script> [776 bytes]","args":[{"enterText":"Euro","selector":{"id":"application-managepartners-display-component---NewPartner--partnerDetailsCurrency","interaction":{"idSuffix":"inner"}},"clearTextFirst":true,"interactionType":"ENTER_TEXT"}]}
COMMAND: POST /session/5f042fc1c64931e48653a4fe2329ff65/execute/async - {"script":"<script> [1562 bytes]","args":[{"selector":{"controlType":"sap.m.Button","viewName":"etm.portal.ui.managepartners.view.NewPartner","viewId":"application-managepartners-display-component---NewPartner","properties":{"text":"Commercial"},"interaction":{"idSuffix":"BDI-content"}},"wdio_ui5_key":"etmportal.ui.managepartners.view.NewPartnersap.m.Button{\"text\":\"Commercial\"}"}]}
RESULT: {"script":"<script> [1562 bytes]","args":[{"selector":{"controlType":"sap.m.Button","viewName":"etm.portal.ui.managepartners.view.NewPartner","viewId":"application-managepartners-display-component---NewPartner","properties":{"text":"Commercial"},"interaction":{"idSuffix":"BDI-content"}},"wdio_ui5_key":"etmportal.ui.managepartners.view.NewPartnersap.m.Button{\"text\":\"Commercial\"}"}]}
RESULT: undefined
COMMAND: POST /session/5f042fc1c64931e48653a4fe2329ff65/element - {"using":"xpath","value":"//*[@id=\"application-managepartners-display-component---NewPartner--ObjectPageLayout-anchBar-__section5-anchor\"]"}
RESULT: {"using":"xpath","value":"//*[@id=\"application-managepartners-display-component---NewPartner--ObjectPageLayout-anchBar-__section5-anchor\"]"}
COMMAND: POST /session/5f042fc1c64931e48653a4fe2329ff65/element/f.85A0C08C11805158FB40365BE7F8DFE2.d.11E849997CCA6579E1185EE50C758A33.e.12401/click - {}
RESULT: {}
COMMAND: GET /session/5f042fc1c64931e48653a4fe2329ff65/screenshot - {}
RESULT: {}
COMMAND: POST /session/5f042fc1c64931e48653a4fe2329ff65/execute/async - {"script":"<script> [1562 bytes]","args":[{"selector":{"id":"application-managepartners-display-component---NewPartner--btnAddTableRow-img"},"wdio_ui5_key":"applicationmanagepartners-display-component---NewPartner--btnAddTableRow-img"}]}
RESULT: {"script":"<script> [1562 bytes]","args":[{"selector":{"id":"application-managepartners-display-component---NewPartner--btnAddTableRow-img"},"wdio_ui5_key":"applicationmanagepartners-display-component---NewPartner--btnAddTableRow-img"}]}
RESULT: undefined
COMMAND: POST /session/5f042fc1c64931e48653a4fe2329ff65/element - {"using":"xpath","value":"//*[@id=\"application-managepartners-display-component---NewPartner--btnAddTableRow-img\"]"}
RESULT: {"using":"xpath","value":"//*[@id=\"application-managepartners-display-component---NewPartner--btnAddTableRow-img\"]"}
COMMAND: POST /session/5f042fc1c64931e48653a4fe2329ff65/element/f.85A0C08C11805158FB40365BE7F8DFE2.d.11E849997CCA6579E1185EE50C758A33.e.12407/click - {}
RESULT: {}
COMMAND: POST /session/5f042fc1c64931e48653a4fe2329ff65/element - {"using":"xpath","value":"//input[contains(@id ,\"application-managepartners-display-component---NewPartner--assignmentYard-application-managepartners-display-component---NewPartner\")]"}
COMMAND: GET /session/5f042fc1c64931e48653a4fe2329ff65/screenshot - {}
RESULT: {"using":"xpath","value":"//input[contains(@id ,\"application-managepartners-display-component---NewPartner--assignmentYard-application-managepartners-display-component---NewPartner\")]"}
COMMAND: POST /session/5f042fc1c64931e48653a4fe2329ff65/element/f.85A0C08C11805158FB40365BE7F8DFE2.d.11E849997CCA6579E1185EE50C758A33.e.12410/clear - {}
RESULT: {}
RESULT: {}
COMMAND: POST /session/5f042fc1c64931e48653a4fe2329ff65/element/f.85A0C08C11805158FB40365BE7F8DFE2.d.11E849997CCA6579E1185EE50C758A33.e.12410/value - {"text":"WebdriverYardgi1xhj"}
COMMAND: GET /session/5f042fc1c64931e48653a4fe2329ff65/screenshot - {}
RESULT: {"text":"WebdriverYardgi1xhj"}
COMMAND: GET /session/5f042fc1c64931e48653a4fe2329ff65/screenshot - {}
RESULT: {}
RESULT: {}
COMMAND: POST /session/5f042fc1c64931e48653a4fe2329ff65/execute/async - {"script":"<script> [1562 bytes]","args":[{"selector":{"controlType":"sap.m.Button","viewName":"etm.portal.ui.managepartners.view.NewPartner","viewId":"application-managepartners-display-component---NewPartner","i18NText":{"propertyName":"text","key":"save"},"interaction":{"idSuffix":"BDI-content"}},"wdio_ui5_key":"etmportal.ui.managepartners.view.NewPartnersap.m.Button{\"propertyName\":\"text\",\"key\":\"save\"}"}]}
RESULT: {"script":"<script> [1562 bytes]","args":[{"selector":{"controlType":"sap.m.Button","viewName":"etm.portal.ui.managepartners.view.NewPartner","viewId":"application-managepartners-display-component---NewPartner","i18NText":{"propertyName":"text","key":"save"},"interaction":{"idSuffix":"BDI-content"}},"wdio_ui5_key":"etmportal.ui.managepartners.view.NewPartnersap.m.Button{\"propertyName\":\"text\",\"key\":\"save\"}"}]}
RESULT: undefined
COMMAND: POST /session/5f042fc1c64931e48653a4fe2329ff65/element - {"using":"xpath","value":"//*[@id=\"__button12\"]"}
RESULT: {"using":"xpath","value":"//*[@id=\"__button12\"]"}
COMMAND: POST /session/5f042fc1c64931e48653a4fe2329ff65/element/f.85A0C08C11805158FB40365BE7F8DFE2.d.11E849997CCA6579E1185EE50C758A33.e.12304/click - {}
RESULT: {}
COMMAND: GET /session/5f042fc1c64931e48653a4fe2329ff65/screenshot - {}
RESULT: {}
COMMAND: POST /session/5f042fc1c64931e48653a4fe2329ff65/element - {"using":"xpath","value":"//header/div/div[2]/div[2]/span"}
RESULT: {"using":"xpath","value":"//header/div/div[2]/div[2]/span"}
COMMAND: GET /session/5f042fc1c64931e48653a4fe2329ff65/element/f.85A0C08C11805158FB40365BE7F8DFE2.d.11E849997CCA6579E1185EE50C758A33.e.12581/text - {}
RESULT: {}
COMMAND: POST /session/5f042fc1c64931e48653a4fe2329ff65/element - {"using":"xpath","value":"//header/div/div/div/div/div/div[2]/div/span"}
RESULT: {"using":"xpath","value":"//header/div/div/div/div/div/div[2]/div/span"}
COMMAND: GET /session/5f042fc1c64931e48653a4fe2329ff65/element/f.85A0C08C11805158FB40365BE7F8DFE2.d.11E849997CCA6579E1185EE50C758A33.e.12582/text - {}
RESULT: {}
COMMAND: POST /session/5f042fc1c64931e48653a4fe2329ff65/execute/async - {"script":"<script> [1562 bytes]","args":[{"selector":{"id":"application-managepartners-display-component---detailPtm--partnerType"},"wdio_ui5_key":"applicationmanagepartners-display-component---detailPtm--partnerType"}]}
RESULT: {"script":"<script> [1562 bytes]","args":[{"selector":{"id":"application-managepartners-display-component---detailPtm--partnerType"},"wdio_ui5_key":"applicationmanagepartners-display-component---detailPtm--partnerType"}]}
RESULT: undefined
COMMAND: POST /session/5f042fc1c64931e48653a4fe2329ff65/execute/async - {"script":"<script> [6424 bytes]","args":[{"element-6066-11e4-a52e-4f735466cecf":"f.85A0C08C11805158FB40365BE7F8DFE2.d.11E849997CCA6579E1185EE50C758A33.e.12583"},"getText",[]]}
RESULT: {"script":"<script> [6424 bytes]","args":[{"element-6066-11e4-a52e-4f735466cecf":"f.85A0C08C11805158FB40365BE7F8DFE2.d.11E849997CCA6579E1185EE50C758A33.e.12583"},"getText",[]]}
COMMAND: POST /session/5f042fc1c64931e48653a4fe2329ff65/element - {"using":"css selector","value":"#shell-header-logo"}
RESULT: {"using":"css selector","value":"#shell-header-logo"}
COMMAND: POST /session/5f042fc1c64931e48653a4fe2329ff65/element/f.85A0C08C11805158FB40365BE7F8DFE2.d.11E849997CCA6579E1185EE50C758A33.e.11921/click - {}
RESULT: {}
COMMAND: GET /session/5f042fc1c64931e48653a4fe2329ff65/screenshot - {}
RESULT: {}
COMMAND: POST /session/5f042fc1c64931e48653a4fe2329ff65/execute/async - {"script":"<script> [1562 bytes]","args":[{"selector":{"controlType":"sap.m.GenericTile","properties":{"header":"Manage Sites"}},"wdio_ui5_key":"sapm.GenericTile{\"header\":\"Manage Sites\"}"}]}
RESULT: {"script":"<script> [1562 bytes]","args":[{"selector":{"controlType":"sap.m.GenericTile","properties":{"header":"Manage Sites"}},"wdio_ui5_key":"sapm.GenericTile{\"header\":\"Manage Sites\"}"}]}
RESULT: undefined
COMMAND: POST /session/5f042fc1c64931e48653a4fe2329ff65/element - {"using":"xpath","value":"//*[@id=\"__tile40\"]"}
RESULT: {"using":"xpath","value":"//*[@id=\"__tile40\"]"}
COMMAND: POST /session/5f042fc1c64931e48653a4fe2329ff65/element/f.85A0C08C11805158FB40365BE7F8DFE2.d.11E849997CCA6579E1185EE50C758A33.e.12585/click - {}
RESULT: {}
COMMAND: GET /session/5f042fc1c64931e48653a4fe2329ff65/screenshot - {}
RESULT: {}
COMMAND: POST /session/5f042fc1c64931e48653a4fe2329ff65/elements - {"using":"xpath","value":"//span[text()='Error']"}
RESULT: {"using":"xpath","value":"//span[text()='Error']"}
COMMAND: POST /session/5f042fc1c64931e48653a4fe2329ff65/execute/async - {"script":"<script> [1562 bytes]","args":[{"selector":{"controlType":"sap.ui.core.Icon","viewName":"etm.portal.ui.managesites.view.Master","viewId":"application-managesites-display-component---masterSite","properties":{"src":{"regex":{"source":"add"}}}},"wdio_ui5_key":"etmportal.ui.managesites.view.Mastersap.ui.core.Icon{\"src\":{\"regex\":{\"source\":\"add\"}}}"}]}
RESULT: {"script":"<script> [1562 bytes]","args":[{"selector":{"controlType":"sap.ui.core.Icon","viewName":"etm.portal.ui.managesites.view.Master","viewId":"application-managesites-display-component---masterSite","properties":{"src":{"regex":{"source":"add"}}}},"wdio_ui5_key":"etmportal.ui.managesites.view.Mastersap.ui.core.Icon{\"src\":{\"regex\":{\"source\":\"add\"}}}"}]}
RESULT: undefined
COMMAND: POST /session/5f042fc1c64931e48653a4fe2329ff65/element - {"using":"xpath","value":"//*[@id=\"__button48-img\"]"}
RESULT: {"using":"xpath","value":"//*[@id=\"__button48-img\"]"}
COMMAND: POST /session/5f042fc1c64931e48653a4fe2329ff65/element/f.85A0C08C11805158FB40365BE7F8DFE2.d.11E849997CCA6579E1185EE50C758A33.e.12632/click - {}
RESULT: {}
COMMAND: POST /session/5f042fc1c64931e48653a4fe2329ff65/execute/async - {"script":"<script> [1562 bytes]","args":[{"selector":{"id":"application-managesites-display-component---NewSite--siteId","interaction":{"idSuffix":"inner"}},"wdio_ui5_key":"applicationmanagesites-display-component---NewSite--siteId"}]}
COMMAND: GET /session/5f042fc1c64931e48653a4fe2329ff65/screenshot - {}
RESULT: {"script":"<script> [1562 bytes]","args":[{"selector":{"id":"application-managesites-display-component---NewSite--siteId","interaction":{"idSuffix":"inner"}},"wdio_ui5_key":"applicationmanagesites-display-component---NewSite--siteId"}]}
RESULT: undefined
COMMAND: POST /session/5f042fc1c64931e48653a4fe2329ff65/execute/async - {"script":"<script> [1562 bytes]","args":[{"selector":{"id":"application-managesites-display-component---NewSite--addressDetailDetailsName1","interaction":{"idSuffix":"inner"}},"wdio_ui5_key":"applicationmanagesites-display-component---NewSite--addressDetailDetailsName1"}]}
RESULT: {}
RESULT: {"script":"<script> [1562 bytes]","args":[{"selector":{"id":"application-managesites-display-component---NewSite--addressDetailDetailsName1","interaction":{"idSuffix":"inner"}},"wdio_ui5_key":"applicationmanagesites-display-component---NewSite--addressDetailDetailsName1"}]}
RESULT: undefined
COMMAND: POST /session/5f042fc1c64931e48653a4fe2329ff65/execute/async - {"script":"<script> [776 bytes]","args":[{"enterText":"WebdriverSite5npjx","selector":{"id":"application-managesites-display-component---NewSite--addressDetailDetailsName1","interaction":{"idSuffix":"inner"}},"clearTextFirst":true,"interactionType":"ENTER_TEXT"}]}
RESULT: {"script":"<script> [776 bytes]","args":[{"enterText":"WebdriverSite5npjx","selector":{"id":"application-managesites-display-component---NewSite--addressDetailDetailsName1","interaction":{"idSuffix":"inner"}},"clearTextFirst":true,"interactionType":"ENTER_TEXT"}]}
COMMAND: POST /session/5f042fc1c64931e48653a4fe2329ff65/execute/async - {"script":"<script> [1562 bytes]","args":[{"selector":{"id":"application-managesites-display-component---NewSite--addressDetailDetailsLanguage","interaction":{"idSuffix":"inner"}},"wdio_ui5_key":"applicationmanagesites-display-component---NewSite--addressDetailDetailsLanguage"}]}
RESULT: {"script":"<script> [1562 bytes]","args":[{"selector":{"id":"application-managesites-display-component---NewSite--addressDetailDetailsLanguage","interaction":{"idSuffix":"inner"}},"wdio_ui5_key":"applicationmanagesites-display-component---NewSite--addressDetailDetailsLanguage"}]}
RESULT: undefined
COMMAND: POST /session/5f042fc1c64931e48653a4fe2329ff65/execute/async - {"script":"<script> [776 bytes]","args":[{"enterText":"Romanian","selector":{"id":"application-managesites-display-component---NewSite--addressDetailDetailsLanguage","interaction":{"idSuffix":"inner"}},"clearTextFirst":true,"interactionType":"ENTER_TEXT"}]}
RESULT: {"script":"<script> [776 bytes]","args":[{"enterText":"Romanian","selector":{"id":"application-managesites-display-component---NewSite--addressDetailDetailsLanguage","interaction":{"idSuffix":"inner"}},"clearTextFirst":true,"interactionType":"ENTER_TEXT"}]}
COMMAND: POST /session/5f042fc1c64931e48653a4fe2329ff65/execute/async - {"script":"<script> [1562 bytes]","args":[{"selector":{"id":"application-managesites-display-component---NewSite--addressDetailDetailsCity1","interaction":{"idSuffix":"inner"}},"wdio_ui5_key":"applicationmanagesites-display-component---NewSite--addressDetailDetailsCity1"}]}
RESULT: {"script":"<script> [1562 bytes]","args":[{"selector":{"id":"application-managesites-display-component---NewSite--addressDetailDetailsCity1","interaction":{"idSuffix":"inner"}},"wdio_ui5_key":"applicationmanagesites-display-component---NewSite--addressDetailDetailsCity1"}]}
RESULT: undefined
COMMAND: POST /session/5f042fc1c64931e48653a4fe2329ff65/execute/async - {"script":"<script> [776 bytes]","args":[{"enterText":"Bucharest","selector":{"id":"application-managesites-display-component---NewSite--addressDetailDetailsCity1","interaction":{"idSuffix":"inner"}},"clearTextFirst":true,"interactionType":"ENTER_TEXT"}]}
RESULT: {"script":"<script> [776 bytes]","args":[{"enterText":"Bucharest","selector":{"id":"application-managesites-display-component---NewSite--addressDetailDetailsCity1","interaction":{"idSuffix":"inner"}},"clearTextFirst":true,"interactionType":"ENTER_TEXT"}]}
COMMAND: POST /session/5f042fc1c64931e48653a4fe2329ff65/execute/async - {"script":"<script> [1562 bytes]","args":[{"selector":{"id":"application-managesites-display-component---NewSite--addressDetailDetailsCountry","interaction":{"idSuffix":"inner"}},"wdio_ui5_key":"applicationmanagesites-display-component---NewSite--addressDetailDetailsCountry"}]}
RESULT: {"script":"<script> [1562 bytes]","args":[{"selector":{"id":"application-managesites-display-component---NewSite--addressDetailDetailsCountry","interaction":{"idSuffix":"inner"}},"wdio_ui5_key":"applicationmanagesites-display-component---NewSite--addressDetailDetailsCountry"}]}
RESULT: undefined
COMMAND: POST /session/5f042fc1c64931e48653a4fe2329ff65/execute/async - {"script":"<script> [776 bytes]","args":[{"enterText":"Romania","selector":{"id":"application-managesites-display-component---NewSite--addressDetailDetailsCountry","interaction":{"idSuffix":"inner"}},"clearTextFirst":true,"interactionType":"ENTER_TEXT"}]}
RESULT: {"script":"<script> [776 bytes]","args":[{"enterText":"Romania","selector":{"id":"application-managesites-display-component---NewSite--addressDetailDetailsCountry","interaction":{"idSuffix":"inner"}},"clearTextFirst":true,"interactionType":"ENTER_TEXT"}]}
COMMAND: POST /session/5f042fc1c64931e48653a4fe2329ff65/element - {"using":"css selector","value":"#application-managesites-display-component---NewSite--addressDetailDetailsCalendar-inner"}
RESULT: {"using":"css selector","value":"#application-managesites-display-component---NewSite--addressDetailDetailsCalendar-inner"}
COMMAND: POST /session/5f042fc1c64931e48653a4fe2329ff65/element/f.85A0C08C11805158FB40365BE7F8DFE2.d.11E849997CCA6579E1185EE50C758A33.e.13019/clear - {}
RESULT: {}
COMMAND: POST /session/5f042fc1c64931e48653a4fe2329ff65/element/f.85A0C08C11805158FB40365BE7F8DFE2.d.11E849997CCA6579E1185EE50C758A33.e.13019/value - {"text":"Germany"}
COMMAND: GET /session/5f042fc1c64931e48653a4fe2329ff65/screenshot - {}
RESULT: {"text":"Germany"}
COMMAND: POST /session/5f042fc1c64931e48653a4fe2329ff65/execute/async - {"script":"<script> [1562 bytes]","args":[{"selector":{"id":"application-managesites-display-component---NewSite--addressEditDetailsCostObjectCstType-arrow"},"wdio_ui5_key":"applicationmanagesites-display-component---NewSite--addressEditDetailsCostObjectCstType-arrow"}]}
COMMAND: GET /session/5f042fc1c64931e48653a4fe2329ff65/screenshot - {}
RESULT: {}
RESULT: {"script":"<script> [1562 bytes]","args":[{"selector":{"id":"application-managesites-display-component---NewSite--addressEditDetailsCostObjectCstType-arrow"},"wdio_ui5_key":"applicationmanagesites-display-component---NewSite--addressEditDetailsCostObjectCstType-arrow"}]}
RESULT: undefined
COMMAND: POST /session/5f042fc1c64931e48653a4fe2329ff65/element - {"using":"xpath","value":"//*[@id=\"application-managesites-display-component---NewSite--addressEditDetailsCostObjectCstType-arrow\"]"}
RESULT: {}
RESULT: {"using":"xpath","value":"//*[@id=\"application-managesites-display-component---NewSite--addressEditDetailsCostObjectCstType-arrow\"]"}
COMMAND: POST /session/5f042fc1c64931e48653a4fe2329ff65/element/f.85A0C08C11805158FB40365BE7F8DFE2.d.11E849997CCA6579E1185EE50C758A33.e.13224/click - {}
RESULT: {}
COMMAND: POST /session/5f042fc1c64931e48653a4fe2329ff65/element - {"using":"xpath","value":"//span[contains(text(), \"Work Breakdown Structure\")]"}
COMMAND: GET /session/5f042fc1c64931e48653a4fe2329ff65/screenshot - {}
RESULT: {"using":"xpath","value":"//span[contains(text(), \"Work Breakdown Structure\")]"}
COMMAND: POST /session/5f042fc1c64931e48653a4fe2329ff65/element/f.85A0C08C11805158FB40365BE7F8DFE2.d.11E849997CCA6579E1185EE50C758A33.e.13225/click - {}
RESULT: {}
RESULT: {}
COMMAND: GET /session/5f042fc1c64931e48653a4fe2329ff65/screenshot - {}
RESULT: {}
COMMAND: POST /session/5f042fc1c64931e48653a4fe2329ff65/execute/async - {"script":"<script> [1562 bytes]","args":[{"selector":{"id":"application-managesites-display-component---NewSite--addressNewCostObjectCstID-vhi"},"wdio_ui5_key":"applicationmanagesites-display-component---NewSite--addressNewCostObjectCstID-vhi"}]}
RESULT: {"script":"<script> [1562 bytes]","args":[{"selector":{"id":"application-managesites-display-component---NewSite--addressNewCostObjectCstID-vhi"},"wdio_ui5_key":"applicationmanagesites-display-component---NewSite--addressNewCostObjectCstID-vhi"}]}
RESULT: undefined
COMMAND: POST /session/5f042fc1c64931e48653a4fe2329ff65/element - {"using":"xpath","value":"//*[@id=\"application-managesites-display-component---NewSite--addressNewCostObjectCstID-vhi\"]"}
RESULT: {"using":"xpath","value":"//*[@id=\"application-managesites-display-component---NewSite--addressNewCostObjectCstID-vhi\"]"}
COMMAND: POST /session/5f042fc1c64931e48653a4fe2329ff65/element/f.85A0C08C11805158FB40365BE7F8DFE2.d.11E849997CCA6579E1185EE50C758A33.e.13229/click - {}
RESULT: {}
COMMAND: GET /session/5f042fc1c64931e48653a4fe2329ff65/screenshot - {}
RESULT: {}
COMMAND: POST /session/5f042fc1c64931e48653a4fe2329ff65/execute/async - {"script":"<script> [1562 bytes]","args":[{"selector":{"controlType":"sap.m.SearchField","properties":{"placeholder":"Search"},"searchOpenDialogs":true,"interaction":{"idSuffix":"I"}},"wdio_ui5_key":"sapm.SearchField{\"placeholder\":\"Search\"}"}]}
RESULT: {"script":"<script> [1562 bytes]","args":[{"selector":{"controlType":"sap.m.SearchField","properties":{"placeholder":"Search"},"searchOpenDialogs":true,"interaction":{"idSuffix":"I"}},"wdio_ui5_key":"sapm.SearchField{\"placeholder\":\"Search\"}"}]}
RESULT: undefined
COMMAND: POST /session/5f042fc1c64931e48653a4fe2329ff65/execute/async - {"script":"<script> [776 bytes]","args":[{"enterText":"A1-000100-01","selector":{"controlType":"sap.m.SearchField","properties":{"placeholder":"Search"},"searchOpenDialogs":true,"interaction":{"idSuffix":"I"}},"clearTextFirst":true,"interactionType":"ENTER_TEXT"}]}
RESULT: {"script":"<script> [776 bytes]","args":[{"enterText":"A1-000100-01","selector":{"controlType":"sap.m.SearchField","properties":{"placeholder":"Search"},"searchOpenDialogs":true,"interaction":{"idSuffix":"I"}},"clearTextFirst":true,"interactionType":"ENTER_TEXT"}]}
COMMAND: POST /session/5f042fc1c64931e48653a4fe2329ff65/actions - {"actions":[{"id":"action67","type":"key","parameters":{},"actions":[{"type":"keyDown","value":"î€‡"},{"type":"pause","duration":10},{"type":"keyUp","value":"î€‡"}]}]}
RESULT: {"actions":[{"id":"action67","type":"key","parameters":{},"actions":[{"type":"keyDown","value":"î€‡"},{"type":"pause","duration":10},{"type":"keyUp","value":"î€‡"}]}]}
COMMAND: GET /session/5f042fc1c64931e48653a4fe2329ff65/screenshot - {}
RESULT: {}
COMMAND: POST /session/5f042fc1c64931e48653a4fe2329ff65/element - {"using":"xpath","value":"//span[contains(text(), \"Template for ETO-Process\")]"}
RESULT: {"using":"xpath","value":"//span[contains(text(), \"Template for ETO-Process\")]"}
COMMAND: POST /session/5f042fc1c64931e48653a4fe2329ff65/element/f.85A0C08C11805158FB40365BE7F8DFE2.d.11E849997CCA6579E1185EE50C758A33.e.13248/click - {}
RESULT: {}
COMMAND: GET /session/5f042fc1c64931e48653a4fe2329ff65/screenshot - {}
RESULT: {}
COMMAND: POST /session/5f042fc1c64931e48653a4fe2329ff65/element - {"using":"xpath","value":"//bdi[contains(text(), \"OK\")]"}
RESULT: {"using":"xpath","value":"//bdi[contains(text(), \"OK\")]"}
COMMAND: POST /session/5f042fc1c64931e48653a4fe2329ff65/element/f.85A0C08C11805158FB40365BE7F8DFE2.d.11E849997CCA6579E1185EE50C758A33.e.13249/click - {}
RESULT: {}
COMMAND: GET /session/5f042fc1c64931e48653a4fe2329ff65/screenshot - {}
RESULT: {}
COMMAND: POST /session/5f042fc1c64931e48653a4fe2329ff65/element - {"using":"xpath","value":"//input[@id=\"application-managesites-display-component---NewSite--addressDetailDetailsYard-inner\"]"}
RESULT: {"using":"xpath","value":"//input[@id=\"application-managesites-display-component---NewSite--addressDetailDetailsYard-inner\"]"}
COMMAND: POST /session/5f042fc1c64931e48653a4fe2329ff65/element/f.85A0C08C11805158FB40365BE7F8DFE2.d.11E849997CCA6579E1185EE50C758A33.e.13020/value - {"text":"WebdriverYardgi1xhj"}
RESULT: {"text":"WebdriverYardgi1xhj"}
COMMAND: GET /session/5f042fc1c64931e48653a4fe2329ff65/screenshot - {}
RESULT: {}
COMMAND: POST /session/5f042fc1c64931e48653a4fe2329ff65/actions - {"actions":[{"id":"action68","type":"key","parameters":{},"actions":[{"type":"keyDown","value":"î€‡"},{"type":"pause","duration":10},{"type":"keyUp","value":"î€‡"}]}]}
RESULT: {"actions":[{"id":"action68","type":"key","parameters":{},"actions":[{"type":"keyDown","value":"î€‡"},{"type":"pause","duration":10},{"type":"keyUp","value":"î€‡"}]}]}
COMMAND: GET /session/5f042fc1c64931e48653a4fe2329ff65/screenshot - {}
RESULT: {}
COMMAND: POST /session/5f042fc1c64931e48653a4fe2329ff65/element - {"using":"xpath","value":"//input[@id=\"application-managesites-display-component---NewSite--addressDetailDetailsPartner-inner\"]"}
RESULT: {"using":"xpath","value":"//input[@id=\"application-managesites-display-component---NewSite--addressDetailDetailsPartner-inner\"]"}
COMMAND: POST /session/5f042fc1c64931e48653a4fe2329ff65/elements - {"using":"xpath","value":"//input[@id=\"application-managesites-display-component---NewSite--addressDetailDetailsPartner-inner\"]"}
RESULT: {"using":"xpath","value":"//input[@id=\"application-managesites-display-component---NewSite--addressDetailDetailsPartner-inner\"]"}
COMMAND: POST /session/5f042fc1c64931e48653a4fe2329ff65/execute/async - {"script":"<script> [1562 bytes]","args":[{"selector":{"controlType":"sap.m.Button","viewName":"etm.portal.ui.managesites.view.NewSmartSite","viewId":"application-managesites-display-component---NewSite","properties":{"text":"Commercial"},"interaction":{"idSuffix":"BDI-content"}},"wdio_ui5_key":"etmportal.ui.managesites.view.NewSmartSitesap.m.Button{\"text\":\"Commercial\"}"}]}
RESULT: {"script":"<script> [1562 bytes]","args":[{"selector":{"controlType":"sap.m.Button","viewName":"etm.portal.ui.managesites.view.NewSmartSite","viewId":"application-managesites-display-component---NewSite","properties":{"text":"Commercial"},"interaction":{"idSuffix":"BDI-content"}},"wdio_ui5_key":"etmportal.ui.managesites.view.NewSmartSitesap.m.Button{\"text\":\"Commercial\"}"}]}
RESULT: undefined
COMMAND: POST /session/5f042fc1c64931e48653a4fe2329ff65/element - {"using":"xpath","value":"//*[@id=\"application-managesites-display-component---NewSite--ObjectPageLayout-anchBar-__section29-anchor\"]"}
RESULT: {"using":"xpath","value":"//*[@id=\"application-managesites-display-component---NewSite--ObjectPageLayout-anchBar-__section29-anchor\"]"}
COMMAND: POST /session/5f042fc1c64931e48653a4fe2329ff65/element/f.85A0C08C11805158FB40365BE7F8DFE2.d.11E849997CCA6579E1185EE50C758A33.e.13256/click - {}
RESULT: {}
COMMAND: POST /session/5f042fc1c64931e48653a4fe2329ff65/execute/async - {"script":"<script> [1562 bytes]","args":[{"selector":{"controlType":"sap.m.Button","viewName":"etm.portal.ui.managesites.view.NewSmartSite","viewId":"application-managesites-display-component---NewSite","i18NText":{"propertyName":"text","key":"save"},"interaction":{"idSuffix":"BDI-content"}},"wdio_ui5_key":"etmportal.ui.managesites.view.NewSmartSitesap.m.Button{\"propertyName\":\"text\",\"key\":\"save\"}"}]}
COMMAND: GET /session/5f042fc1c64931e48653a4fe2329ff65/screenshot - {}
RESULT: {"script":"<script> [1562 bytes]","args":[{"selector":{"controlType":"sap.m.Button","viewName":"etm.portal.ui.managesites.view.NewSmartSite","viewId":"application-managesites-display-component---NewSite","i18NText":{"propertyName":"text","key":"save"},"interaction":{"idSuffix":"BDI-content"}},"wdio_ui5_key":"etmportal.ui.managesites.view.NewSmartSitesap.m.Button{\"propertyName\":\"text\",\"key\":\"save\"}"}]}
RESULT: undefined
COMMAND: POST /session/5f042fc1c64931e48653a4fe2329ff65/element - {"using":"xpath","value":"//*[@id=\"__button60\"]"}
RESULT: {}
RESULT: {"using":"xpath","value":"//*[@id=\"__button60\"]"}
COMMAND: POST /session/5f042fc1c64931e48653a4fe2329ff65/element/f.85A0C08C11805158FB40365BE7F8DFE2.d.11E849997CCA6579E1185EE50C758A33.e.13153/click - {}
RESULT: {}
COMMAND: GET /session/5f042fc1c64931e48653a4fe2329ff65/screenshot - {}
RESULT: {}
COMMAND: POST /session/5f042fc1c64931e48653a4fe2329ff65/execute/async - {"script":"<script> [1562 bytes]","args":[{"selector":{"id":"application-managesites-display-component---detailSite--addressDetailDetailsYardText"},"wdio_ui5_key":"applicationmanagesites-display-component---detailSite--addressDetailDetailsYardText"}]}
RESULT: {"script":"<script> [1562 bytes]","args":[{"selector":{"id":"application-managesites-display-component---detailSite--addressDetailDetailsYardText"},"wdio_ui5_key":"applicationmanagesites-display-component---detailSite--addressDetailDetailsYardText"}]}
RESULT: undefined
COMMAND: POST /session/5f042fc1c64931e48653a4fe2329ff65/element - {"using":"xpath","value":"//header/div/div[2]/div[2]/span"}
RESULT: {"using":"xpath","value":"//header/div/div[2]/div[2]/span"}
COMMAND: GET /session/5f042fc1c64931e48653a4fe2329ff65/element/f.85A0C08C11805158FB40365BE7F8DFE2.d.11E849997CCA6579E1185EE50C758A33.e.13458/text - {}
RESULT: {}
COMMAND: POST /session/5f042fc1c64931e48653a4fe2329ff65/element - {"using":"xpath","value":"//header/div/div/div/div/div/div[2]/div/span"}
RESULT: {"using":"xpath","value":"//header/div/div/div/div/div/div[2]/div/span"}
COMMAND: GET /session/5f042fc1c64931e48653a4fe2329ff65/element/f.85A0C08C11805158FB40365BE7F8DFE2.d.11E849997CCA6579E1185EE50C758A33.e.13459/text - {}
RESULT: {}
COMMAND: POST /session/5f042fc1c64931e48653a4fe2329ff65/element - {"using":"css selector","value":"#shell-header-logo"}
RESULT: {"using":"css selector","value":"#shell-header-logo"}
COMMAND: POST /session/5f042fc1c64931e48653a4fe2329ff65/element/f.85A0C08C11805158FB40365BE7F8DFE2.d.11E849997CCA6579E1185EE50C758A33.e.12588/click - {}
RESULT: {}
COMMAND: GET /session/5f042fc1c64931e48653a4fe2329ff65/screenshot - {}
RESULT: {}
]]></system-out>
    </testcase>
    <testcase classname="chrome.136_0_7103_49.windows.E2E_-_Logistical_and_commercial_statuses" name="It should stock increase the resource" time="206.445">
      <system-out><![CDATA[
COMMAND: POST /session/5f042fc1c64931e48653a4fe2329ff65/execute/async - {"script":"<script> [1562 bytes]","args":[{"selector":{"controlType":"sap.m.GenericTile","properties":{"header":"Manage Resources"}},"wdio_ui5_key":"sapm.GenericTile{\"header\":\"Manage Resources\"}"}]}
RESULT: {"script":"<script> [1562 bytes]","args":[{"selector":{"controlType":"sap.m.GenericTile","properties":{"header":"Manage Resources"}},"wdio_ui5_key":"sapm.GenericTile{\"header\":\"Manage Resources\"}"}]}
RESULT: undefined
COMMAND: POST /session/5f042fc1c64931e48653a4fe2329ff65/element - {"using":"xpath","value":"//*[@id=\"__tile39\"]"}
RESULT: {"using":"xpath","value":"//*[@id=\"__tile39\"]"}
COMMAND: POST /session/5f042fc1c64931e48653a4fe2329ff65/element/f.85A0C08C11805158FB40365BE7F8DFE2.d.11E849997CCA6579E1185EE50C758A33.e.13461/click - {}
RESULT: {}
COMMAND: GET /session/5f042fc1c64931e48653a4fe2329ff65/screenshot - {}
RESULT: {}
COMMAND: POST /session/5f042fc1c64931e48653a4fe2329ff65/elements - {"using":"xpath","value":"//span[text()='Error']"}
RESULT: {"using":"xpath","value":"//span[text()='Error']"}
COMMAND: POST /session/5f042fc1c64931e48653a4fe2329ff65/element - {"using":"xpath","value":"//button[@data-kt=\"addNewRUOverflowToolbarButton\"]"}
RESULT: {"using":"xpath","value":"//button[@data-kt=\"addNewRUOverflowToolbarButton\"]"}
COMMAND: POST /session/5f042fc1c64931e48653a4fe2329ff65/execute/sync - {"script":"<script> [8489 bytes]","args":[{"element-6066-11e4-a52e-4f735466cecf":"f.85A0C08C11805158FB40365BE7F8DFE2.d.11E849997CCA6579E1185EE50C758A33.e.13502","ELEMENT":"f.85A0C08C11805158FB40365BE7F8DFE2.d.11E849997CCA6579E1185EE50C758A33.e.13502"}]}
RESULT: {"script":"<script> [8489 bytes]","args":[{"element-6066-11e4-a52e-4f735466cecf":"f.85A0C08C11805158FB40365BE7F8DFE2.d.11E849997CCA6579E1185EE50C758A33.e.13502","ELEMENT":"f.85A0C08C11805158FB40365BE7F8DFE2.d.11E849997CCA6579E1185EE50C758A33.e.13502"}]}
COMMAND: POST /session/5f042fc1c64931e48653a4fe2329ff65/element/f.85A0C08C11805158FB40365BE7F8DFE2.d.11E849997CCA6579E1185EE50C758A33.e.13502/click - {}
COMMAND: GET /session/5f042fc1c64931e48653a4fe2329ff65/screenshot - {}
RESULT: {}
COMMAND: POST /session/5f042fc1c64931e48653a4fe2329ff65/execute/async - {"script":"<script> [1562 bytes]","args":[{"selector":{"id":"application-manageresources-display-component---newResourceUnit--TYPE-arrow"},"wdio_ui5_key":"applicationmanageresources-display-component---newResourceUnit--TYPE-arrow"}]}
COMMAND: GET /session/5f042fc1c64931e48653a4fe2329ff65/screenshot - {}
RESULT: {}
RESULT: {"script":"<script> [1562 bytes]","args":[{"selector":{"id":"application-manageresources-display-component---newResourceUnit--TYPE-arrow"},"wdio_ui5_key":"applicationmanageresources-display-component---newResourceUnit--TYPE-arrow"}]}
RESULT: undefined
COMMAND: POST /session/5f042fc1c64931e48653a4fe2329ff65/element - {"using":"xpath","value":"//*[@id=\"application-manageresources-display-component---newResourceUnit--TYPE-arrow\"]"}
RESULT: {}
RESULT: {"using":"xpath","value":"//*[@id=\"application-manageresources-display-component---newResourceUnit--TYPE-arrow\"]"}
COMMAND: POST /session/5f042fc1c64931e48653a4fe2329ff65/element/f.85A0C08C11805158FB40365BE7F8DFE2.d.11E849997CCA6579E1185EE50C758A33.e.13829/click - {}
RESULT: {}
COMMAND: POST /session/5f042fc1c64931e48653a4fe2329ff65/execute/async - {"script":"<script> [1562 bytes]","args":[{"selector":{"controlType":"sap.m.StandardListItem","viewName":"reusables.view.manageresources.NewResourceUnit","viewId":"application-manageresources-display-component---newResourceUnit","properties":{"title":"Material"},"searchOpenDialogs":true,"interaction":{"idSuffix":"titleText"}},"wdio_ui5_key":"reusablesview.manageresources.NewResourceUnitsap.m.StandardListItem{\"title\":\"Material\"}"}]}
COMMAND: GET /session/5f042fc1c64931e48653a4fe2329ff65/screenshot - {}
RESULT: {"script":"<script> [1562 bytes]","args":[{"selector":{"controlType":"sap.m.StandardListItem","viewName":"reusables.view.manageresources.NewResourceUnit","viewId":"application-manageresources-display-component---newResourceUnit","properties":{"title":"Material"},"searchOpenDialogs":true,"interaction":{"idSuffix":"titleText"}},"wdio_ui5_key":"reusablesview.manageresources.NewResourceUnitsap.m.StandardListItem{\"title\":\"Material\"}"}]}
RESULT: undefined
COMMAND: POST /session/5f042fc1c64931e48653a4fe2329ff65/element - {"using":"xpath","value":"//*[@id=\"__item940\"]"}
RESULT: {}
RESULT: {"using":"xpath","value":"//*[@id=\"__item940\"]"}
COMMAND: POST /session/5f042fc1c64931e48653a4fe2329ff65/element/f.85A0C08C11805158FB40365BE7F8DFE2.d.11E849997CCA6579E1185EE50C758A33.e.13832/click - {}
RESULT: {}
COMMAND: POST /session/5f042fc1c64931e48653a4fe2329ff65/execute/async - {"script":"<script> [1562 bytes]","args":[{"selector":{"id":"application-manageresources-display-component---newResourceUnit--SHORT_TEXT","interaction":{"idSuffix":"inner"}},"wdio_ui5_key":"applicationmanageresources-display-component---newResourceUnit--SHORT_TEXT"}]}
COMMAND: GET /session/5f042fc1c64931e48653a4fe2329ff65/screenshot - {}
RESULT: {"script":"<script> [1562 bytes]","args":[{"selector":{"id":"application-manageresources-display-component---newResourceUnit--SHORT_TEXT","interaction":{"idSuffix":"inner"}},"wdio_ui5_key":"applicationmanageresources-display-component---newResourceUnit--SHORT_TEXT"}]}
RESULT: undefined
COMMAND: POST /session/5f042fc1c64931e48653a4fe2329ff65/execute/async - {"script":"<script> [776 bytes]","args":[{"enterText":"WebdriverRUR2Cb6mjd","selector":{"id":"application-manageresources-display-component---newResourceUnit--SHORT_TEXT","interaction":{"idSuffix":"inner"}},"clearTextFirst":true,"interactionType":"ENTER_TEXT"}]}
RESULT: {}
RESULT: {"script":"<script> [776 bytes]","args":[{"enterText":"WebdriverRUR2Cb6mjd","selector":{"id":"application-manageresources-display-component---newResourceUnit--SHORT_TEXT","interaction":{"idSuffix":"inner"}},"clearTextFirst":true,"interactionType":"ENTER_TEXT"}]}
COMMAND: POST /session/5f042fc1c64931e48653a4fe2329ff65/execute/async - {"script":"<script> [1562 bytes]","args":[{"selector":{"id":"application-manageresources-display-component---newResourceUnit--BASE_UNIT_OF_MEASURE-arrow"},"wdio_ui5_key":"applicationmanageresources-display-component---newResourceUnit--BASE_UNIT_OF_MEASURE-arrow"}]}
RESULT: {"script":"<script> [1562 bytes]","args":[{"selector":{"id":"application-manageresources-display-component---newResourceUnit--BASE_UNIT_OF_MEASURE-arrow"},"wdio_ui5_key":"applicationmanageresources-display-component---newResourceUnit--BASE_UNIT_OF_MEASURE-arrow"}]}
RESULT: undefined
COMMAND: POST /session/5f042fc1c64931e48653a4fe2329ff65/element - {"using":"xpath","value":"//*[@id=\"application-manageresources-display-component---newResourceUnit--BASE_UNIT_OF_MEASURE-arrow\"]"}
RESULT: {"using":"xpath","value":"//*[@id=\"application-manageresources-display-component---newResourceUnit--BASE_UNIT_OF_MEASURE-arrow\"]"}
COMMAND: POST /session/5f042fc1c64931e48653a4fe2329ff65/element/f.85A0C08C11805158FB40365BE7F8DFE2.d.11E849997CCA6579E1185EE50C758A33.e.13886/click - {}
RESULT: {}
COMMAND: POST /session/5f042fc1c64931e48653a4fe2329ff65/execute/async - {"script":"<script> [1562 bytes]","args":[{"selector":{"controlType":"sap.m.StandardListItem","viewName":"reusables.view.manageresources.NewResourceUnit","viewId":"application-manageresources-display-component---newResourceUnit","properties":{"title":"Piece"},"searchOpenDialogs":true,"interaction":{"idSuffix":"titleText"}},"wdio_ui5_key":"reusablesview.manageresources.NewResourceUnitsap.m.StandardListItem{\"title\":\"Piece\"}"}]}
COMMAND: GET /session/5f042fc1c64931e48653a4fe2329ff65/screenshot - {}
RESULT: {"script":"<script> [1562 bytes]","args":[{"selector":{"controlType":"sap.m.StandardListItem","viewName":"reusables.view.manageresources.NewResourceUnit","viewId":"application-manageresources-display-component---newResourceUnit","properties":{"title":"Piece"},"searchOpenDialogs":true,"interaction":{"idSuffix":"titleText"}},"wdio_ui5_key":"reusablesview.manageresources.NewResourceUnitsap.m.StandardListItem{\"title\":\"Piece\"}"}]}
RESULT: undefined
COMMAND: POST /session/5f042fc1c64931e48653a4fe2329ff65/element - {"using":"xpath","value":"//*[@id=\"__item982\"]"}
RESULT: {}
RESULT: {"using":"xpath","value":"//*[@id=\"__item982\"]"}
COMMAND: POST /session/5f042fc1c64931e48653a4fe2329ff65/element/f.85A0C08C11805158FB40365BE7F8DFE2.d.11E849997CCA6579E1185EE50C758A33.e.13888/click - {}
RESULT: {}
COMMAND: POST /session/5f042fc1c64931e48653a4fe2329ff65/element - {"using":"xpath","value":"//input[contains(@id ,\"application-manageresources-display-component---newResourceUnit--SHORT_TEXT-inner\")]"}
COMMAND: GET /session/5f042fc1c64931e48653a4fe2329ff65/screenshot - {}
RESULT: {"using":"xpath","value":"//input[contains(@id ,\"application-manageresources-display-component---newResourceUnit--SHORT_TEXT-inner\")]"}
COMMAND: GET /session/5f042fc1c64931e48653a4fe2329ff65/element/f.85A0C08C11805158FB40365BE7F8DFE2.d.11E849997CCA6579E1185EE50C758A33.e.13849/property/value - {}
RESULT: {}
RESULT: {}
COMMAND: POST /session/5f042fc1c64931e48653a4fe2329ff65/execute/async - {"script":"<script> [1562 bytes]","args":[{"selector":{"id":"application-manageresources-display-component---newResourceUnit--WEIGHT_UNIT-arrow"},"wdio_ui5_key":"applicationmanageresources-display-component---newResourceUnit--WEIGHT_UNIT-arrow"}]}
COMMAND: GET /session/5f042fc1c64931e48653a4fe2329ff65/screenshot - {}
RESULT: {"script":"<script> [1562 bytes]","args":[{"selector":{"id":"application-manageresources-display-component---newResourceUnit--WEIGHT_UNIT-arrow"},"wdio_ui5_key":"applicationmanageresources-display-component---newResourceUnit--WEIGHT_UNIT-arrow"}]}
RESULT: undefined
COMMAND: POST /session/5f042fc1c64931e48653a4fe2329ff65/element - {"using":"xpath","value":"//*[@id=\"application-manageresources-display-component---newResourceUnit--WEIGHT_UNIT-arrow\"]"}
RESULT: {}
RESULT: {"using":"xpath","value":"//*[@id=\"application-manageresources-display-component---newResourceUnit--WEIGHT_UNIT-arrow\"]"}
COMMAND: POST /session/5f042fc1c64931e48653a4fe2329ff65/element/f.85A0C08C11805158FB40365BE7F8DFE2.d.11E849997CCA6579E1185EE50C758A33.e.13889/click - {}
RESULT: {}
COMMAND: POST /session/5f042fc1c64931e48653a4fe2329ff65/execute/async - {"script":"<script> [1562 bytes]","args":[{"selector":{"controlType":"sap.m.StandardListItem","viewName":"reusables.view.manageresources.NewResourceUnit","viewId":"application-manageresources-display-component---newResourceUnit","properties":{"title":"Gram"},"searchOpenDialogs":true,"interaction":{"idSuffix":"content"}},"wdio_ui5_key":"reusablesview.manageresources.NewResourceUnitsap.m.StandardListItem{\"title\":\"Gram\"}"}]}
COMMAND: GET /session/5f042fc1c64931e48653a4fe2329ff65/screenshot - {}
RESULT: {"script":"<script> [1562 bytes]","args":[{"selector":{"controlType":"sap.m.StandardListItem","viewName":"reusables.view.manageresources.NewResourceUnit","viewId":"application-manageresources-display-component---newResourceUnit","properties":{"title":"Gram"},"searchOpenDialogs":true,"interaction":{"idSuffix":"content"}},"wdio_ui5_key":"reusablesview.manageresources.NewResourceUnitsap.m.StandardListItem{\"title\":\"Gram\"}"}]}
RESULT: undefined
COMMAND: POST /session/5f042fc1c64931e48653a4fe2329ff65/element - {"using":"xpath","value":"//*[@id=\"__item1047\"]"}
RESULT: {}
RESULT: {"using":"xpath","value":"//*[@id=\"__item1047\"]"}
COMMAND: POST /session/5f042fc1c64931e48653a4fe2329ff65/element/f.85A0C08C11805158FB40365BE7F8DFE2.d.11E849997CCA6579E1185EE50C758A33.e.13891/click - {}
RESULT: {}
COMMAND: POST /session/5f042fc1c64931e48653a4fe2329ff65/execute/async - {"script":"<script> [1562 bytes]","args":[{"selector":{"id":"application-manageresources-display-component---newResourceUnit--newRRUPage-OPHeaderContent-collapseBtn-img"},"wdio_ui5_key":"applicationmanageresources-display-component---newResourceUnit--newRRUPage-OPHeaderContent-collapseBtn-img"}]}
COMMAND: GET /session/5f042fc1c64931e48653a4fe2329ff65/screenshot - {}
RESULT: {"script":"<script> [1562 bytes]","args":[{"selector":{"id":"application-manageresources-display-component---newResourceUnit--newRRUPage-OPHeaderContent-collapseBtn-img"},"wdio_ui5_key":"applicationmanageresources-display-component---newResourceUnit--newRRUPage-OPHeaderContent-collapseBtn-img"}]}
RESULT: undefined
COMMAND: POST /session/5f042fc1c64931e48653a4fe2329ff65/element - {"using":"xpath","value":"//*[@id=\"application-manageresources-display-component---newResourceUnit--newRRUPage-OPHeaderContent-collapseBtn-img\"]"}
RESULT: {}
RESULT: {"using":"xpath","value":"//*[@id=\"application-manageresources-display-component---newResourceUnit--newRRUPage-OPHeaderContent-collapseBtn-img\"]"}
COMMAND: POST /session/5f042fc1c64931e48653a4fe2329ff65/element/f.85A0C08C11805158FB40365BE7F8DFE2.d.11E849997CCA6579E1185EE50C758A33.e.13839/click - {}
RESULT: {}
COMMAND: GET /session/5f042fc1c64931e48653a4fe2329ff65/screenshot - {}
RESULT: {}
COMMAND: POST /session/5f042fc1c64931e48653a4fe2329ff65/element - {"using":"xpath","value":"(//span[contains(@id ,\"application-manageresources-display-component---newResourceUnit--DIMENSION_UNIT-arrow\")])[1]"}
RESULT: {"using":"xpath","value":"(//span[contains(@id ,\"application-manageresources-display-component---newResourceUnit--DIMENSION_UNIT-arrow\")])[1]"}
COMMAND: POST /session/5f042fc1c64931e48653a4fe2329ff65/element/f.85A0C08C11805158FB40365BE7F8DFE2.d.11E849997CCA6579E1185EE50C758A33.e.13895/click - {}
RESULT: {}
COMMAND: GET /session/5f042fc1c64931e48653a4fe2329ff65/screenshot - {}
RESULT: {}
COMMAND: POST /session/5f042fc1c64931e48653a4fe2329ff65/execute/async - {"script":"<script> [1562 bytes]","args":[{"selector":{"controlType":"sap.m.StandardListItem","viewName":"reusables.view.manageresources.NewResourceUnit","viewId":"application-manageresources-display-component---newResourceUnit","properties":{"title":"Centimeter"},"searchOpenDialogs":true,"interaction":{"idSuffix":"titleText"}},"wdio_ui5_key":"reusablesview.manageresources.NewResourceUnitsap.m.StandardListItem{\"title\":\"Centimeter\"}"}]}
RESULT: {"script":"<script> [1562 bytes]","args":[{"selector":{"controlType":"sap.m.StandardListItem","viewName":"reusables.view.manageresources.NewResourceUnit","viewId":"application-manageresources-display-component---newResourceUnit","properties":{"title":"Centimeter"},"searchOpenDialogs":true,"interaction":{"idSuffix":"titleText"}},"wdio_ui5_key":"reusablesview.manageresources.NewResourceUnitsap.m.StandardListItem{\"title\":\"Centimeter\"}"}]}
RESULT: undefined
COMMAND: POST /session/5f042fc1c64931e48653a4fe2329ff65/element - {"using":"xpath","value":"//*[@id=\"__item1050\"]"}
RESULT: {"using":"xpath","value":"//*[@id=\"__item1050\"]"}
COMMAND: POST /session/5f042fc1c64931e48653a4fe2329ff65/element/f.85A0C08C11805158FB40365BE7F8DFE2.d.11E849997CCA6579E1185EE50C758A33.e.13899/click - {}
RESULT: {}
COMMAND: POST /session/5f042fc1c64931e48653a4fe2329ff65/execute/async - {"script":"<script> [1562 bytes]","args":[{"selector":{"id":"application-manageresources-display-component---newResourceUnit--newRRUPage-anchBar-application-manageresources-display-component---newResourceUnit--reference-anchor","interaction":{"idSuffix":"BDI-content"}},"wdio_ui5_key":"applicationmanageresources-display-component---newResourceUnit--newRRUPage-anchBar-application-manageresources-display-component---newResourceUnit--reference-anchor"}]}
COMMAND: GET /session/5f042fc1c64931e48653a4fe2329ff65/screenshot - {}
RESULT: {"script":"<script> [1562 bytes]","args":[{"selector":{"id":"application-manageresources-display-component---newResourceUnit--newRRUPage-anchBar-application-manageresources-display-component---newResourceUnit--reference-anchor","interaction":{"idSuffix":"BDI-content"}},"wdio_ui5_key":"applicationmanageresources-display-component---newResourceUnit--newRRUPage-anchBar-application-manageresources-display-component---newResourceUnit--reference-anchor"}]}
RESULT: undefined
COMMAND: POST /session/5f042fc1c64931e48653a4fe2329ff65/element - {"using":"xpath","value":"//*[@id=\"application-manageresources-display-component---newResourceUnit--newRRUPage-anchBar-application-manageresources-display-component---newResourceUnit--reference-anchor\"]"}
RESULT: {}
RESULT: {"using":"xpath","value":"//*[@id=\"application-manageresources-display-component---newResourceUnit--newRRUPage-anchBar-application-manageresources-display-component---newResourceUnit--reference-anchor\"]"}
COMMAND: POST /session/5f042fc1c64931e48653a4fe2329ff65/element/f.85A0C08C11805158FB40365BE7F8DFE2.d.11E849997CCA6579E1185EE50C758A33.e.13901/click - {}
RESULT: {}
COMMAND: POST /session/5f042fc1c64931e48653a4fe2329ff65/execute/async - {"script":"<script> [1562 bytes]","args":[{"selector":{"id":"application-manageresources-display-component---newResourceUnit--PLANNING_GROUP-arrow"},"wdio_ui5_key":"applicationmanageresources-display-component---newResourceUnit--PLANNING_GROUP-arrow"}]}
COMMAND: GET /session/5f042fc1c64931e48653a4fe2329ff65/screenshot - {}
RESULT: {"script":"<script> [1562 bytes]","args":[{"selector":{"id":"application-manageresources-display-component---newResourceUnit--PLANNING_GROUP-arrow"},"wdio_ui5_key":"applicationmanageresources-display-component---newResourceUnit--PLANNING_GROUP-arrow"}]}
RESULT: undefined
COMMAND: POST /session/5f042fc1c64931e48653a4fe2329ff65/element - {"using":"xpath","value":"//*[@id=\"application-manageresources-display-component---newResourceUnit--PLANNING_GROUP-arrow\"]"}
RESULT: {}
RESULT: {"using":"xpath","value":"//*[@id=\"application-manageresources-display-component---newResourceUnit--PLANNING_GROUP-arrow\"]"}
COMMAND: POST /session/5f042fc1c64931e48653a4fe2329ff65/element/f.85A0C08C11805158FB40365BE7F8DFE2.d.11E849997CCA6579E1185EE50C758A33.e.13905/click - {}
RESULT: {}
COMMAND: POST /session/5f042fc1c64931e48653a4fe2329ff65/execute/async - {"script":"<script> [1562 bytes]","args":[{"selector":{"controlType":"sap.m.StandardListItem","viewName":"reusables.view.manageresources.NewResourceUnit","viewId":"application-manageresources-display-component---newResourceUnit","properties":{"title":"Heavy Equi"},"searchOpenDialogs":true,"interaction":{"idSuffix":"content"}},"wdio_ui5_key":"reusablesview.manageresources.NewResourceUnitsap.m.StandardListItem{\"title\":\"Heavy Equi\"}"}]}
COMMAND: GET /session/5f042fc1c64931e48653a4fe2329ff65/screenshot - {}
RESULT: {"script":"<script> [1562 bytes]","args":[{"selector":{"controlType":"sap.m.StandardListItem","viewName":"reusables.view.manageresources.NewResourceUnit","viewId":"application-manageresources-display-component---newResourceUnit","properties":{"title":"Heavy Equi"},"searchOpenDialogs":true,"interaction":{"idSuffix":"content"}},"wdio_ui5_key":"reusablesview.manageresources.NewResourceUnitsap.m.StandardListItem{\"title\":\"Heavy Equi\"}"}]}
RESULT: undefined
COMMAND: POST /session/5f042fc1c64931e48653a4fe2329ff65/element - {"using":"xpath","value":"//*[@id=\"__item1058\"]"}
RESULT: {}
RESULT: {"using":"xpath","value":"//*[@id=\"__item1058\"]"}
COMMAND: POST /session/5f042fc1c64931e48653a4fe2329ff65/element/f.85A0C08C11805158FB40365BE7F8DFE2.d.11E849997CCA6579E1185EE50C758A33.e.13909/click - {}
RESULT: {}
COMMAND: GET /session/5f042fc1c64931e48653a4fe2329ff65/screenshot - {}
RESULT: {}
COMMAND: POST /session/5f042fc1c64931e48653a4fe2329ff65/execute/async - {"script":"<script> [1562 bytes]","args":[{"selector":{"id":"application-manageresources-display-component---newResourceUnit--PLANNING_INDICATOR-arrow"},"wdio_ui5_key":"applicationmanageresources-display-component---newResourceUnit--PLANNING_INDICATOR-arrow"}]}
RESULT: {"script":"<script> [1562 bytes]","args":[{"selector":{"id":"application-manageresources-display-component---newResourceUnit--PLANNING_INDICATOR-arrow"},"wdio_ui5_key":"applicationmanageresources-display-component---newResourceUnit--PLANNING_INDICATOR-arrow"}]}
RESULT: undefined
COMMAND: POST /session/5f042fc1c64931e48653a4fe2329ff65/element - {"using":"xpath","value":"//*[@id=\"application-manageresources-display-component---newResourceUnit--PLANNING_INDICATOR-arrow\"]"}
RESULT: {"using":"xpath","value":"//*[@id=\"application-manageresources-display-component---newResourceUnit--PLANNING_INDICATOR-arrow\"]"}
COMMAND: POST /session/5f042fc1c64931e48653a4fe2329ff65/element/f.85A0C08C11805158FB40365BE7F8DFE2.d.11E849997CCA6579E1185EE50C758A33.e.13910/click - {}
RESULT: {}
COMMAND: POST /session/5f042fc1c64931e48653a4fe2329ff65/execute/async - {"script":"<script> [1562 bytes]","args":[{"selector":{"controlType":"sap.m.StandardListItem","viewName":"reusables.view.manageresources.NewResourceUnit","viewId":"application-manageresources-display-component---newResourceUnit","properties":{"title":"10 - infinite"},"searchOpenDialogs":true,"interaction":{"idSuffix":"content"}},"wdio_ui5_key":"reusablesview.manageresources.NewResourceUnitsap.m.StandardListItem{\"title\":\"10 - infinite\"}"}]}
COMMAND: GET /session/5f042fc1c64931e48653a4fe2329ff65/screenshot - {}
RESULT: {"script":"<script> [1562 bytes]","args":[{"selector":{"controlType":"sap.m.StandardListItem","viewName":"reusables.view.manageresources.NewResourceUnit","viewId":"application-manageresources-display-component---newResourceUnit","properties":{"title":"10 - infinite"},"searchOpenDialogs":true,"interaction":{"idSuffix":"content"}},"wdio_ui5_key":"reusablesview.manageresources.NewResourceUnitsap.m.StandardListItem{\"title\":\"10 - infinite\"}"}]}
RESULT: undefined
COMMAND: POST /session/5f042fc1c64931e48653a4fe2329ff65/element - {"using":"xpath","value":"//*[@id=\"__item1068\"]"}
RESULT: {}
RESULT: {"using":"xpath","value":"//*[@id=\"__item1068\"]"}
COMMAND: POST /session/5f042fc1c64931e48653a4fe2329ff65/element/f.85A0C08C11805158FB40365BE7F8DFE2.d.11E849997CCA6579E1185EE50C758A33.e.13912/click - {}
RESULT: {}
COMMAND: GET /session/5f042fc1c64931e48653a4fe2329ff65/screenshot - {}
RESULT: {}
COMMAND: POST /session/5f042fc1c64931e48653a4fe2329ff65/element - {"using":"xpath","value":"//bdi[contains(text(), \"Time Segment\")]"}
RESULT: {"using":"xpath","value":"//bdi[contains(text(), \"Time Segment\")]"}
COMMAND: GET /session/5f042fc1c64931e48653a4fe2329ff65/element/f.85A0C08C11805158FB40365BE7F8DFE2.d.11E849997CCA6579E1185EE50C758A33.e.13913/rect - {}
RESULT: {}
COMMAND: GET /session/5f042fc1c64931e48653a4fe2329ff65/window/rect - {}
RESULT: {}
COMMAND: POST /session/5f042fc1c64931e48653a4fe2329ff65/execute/sync - {"script":"<script> [92 bytes]","args":[]}
RESULT: {"script":"<script> [92 bytes]","args":[]}
COMMAND: POST /session/5f042fc1c64931e48653a4fe2329ff65/actions - {"actions":[{"id":"action69","type":"wheel","parameters":{},"actions":[{"type":"scroll","x":-1820,"y":-21,"deltaX":0,"deltaY":0,"duration":0,"origin":{"element-6066-11e4-a52e-4f735466cecf":"f.85A0C08C11805158FB40365BE7F8DFE2.d.11E849997CCA6579E1185EE50C758A33.e.13913"}}]}]}
COMMAND: GET /session/5f042fc1c64931e48653a4fe2329ff65/screenshot - {}
RESULT: {}
COMMAND: POST /session/5f042fc1c64931e48653a4fe2329ff65/execute/sync - {"script":"<script> [79 bytes]","args":[{"element-6066-11e4-a52e-4f735466cecf":"f.85A0C08C11805158FB40365BE7F8DFE2.d.11E849997CCA6579E1185EE50C758A33.e.13913","ELEMENT":"f.85A0C08C11805158FB40365BE7F8DFE2.d.11E849997CCA6579E1185EE50C758A33.e.13913"},{"block":"start","inline":"nearest"}]}
RESULT: {"script":"<script> [79 bytes]","args":[{"element-6066-11e4-a52e-4f735466cecf":"f.85A0C08C11805158FB40365BE7F8DFE2.d.11E849997CCA6579E1185EE50C758A33.e.13913","ELEMENT":"f.85A0C08C11805158FB40365BE7F8DFE2.d.11E849997CCA6579E1185EE50C758A33.e.13913"},{"block":"start","inline":"nearest"}]}
COMMAND: GET /session/5f042fc1c64931e48653a4fe2329ff65/screenshot - {}
RESULT: {}
COMMAND: POST /session/5f042fc1c64931e48653a4fe2329ff65/element - {"using":"xpath","value":"//span[@id=\"application-manageresources-display-component---newResourceUnit--btnAddTimeSegment-img\"]"}
RESULT: {"using":"xpath","value":"//span[@id=\"application-manageresources-display-component---newResourceUnit--btnAddTimeSegment-img\"]"}
COMMAND: POST /session/5f042fc1c64931e48653a4fe2329ff65/execute/sync - {"script":"<script> [8489 bytes]","args":[{"element-6066-11e4-a52e-4f735466cecf":"f.85A0C08C11805158FB40365BE7F8DFE2.d.11E849997CCA6579E1185EE50C758A33.e.13916","ELEMENT":"f.85A0C08C11805158FB40365BE7F8DFE2.d.11E849997CCA6579E1185EE50C758A33.e.13916"}]}
RESULT: {"script":"<script> [8489 bytes]","args":[{"element-6066-11e4-a52e-4f735466cecf":"f.85A0C08C11805158FB40365BE7F8DFE2.d.11E849997CCA6579E1185EE50C758A33.e.13916","ELEMENT":"f.85A0C08C11805158FB40365BE7F8DFE2.d.11E849997CCA6579E1185EE50C758A33.e.13916"}]}
COMMAND: POST /session/5f042fc1c64931e48653a4fe2329ff65/element/f.85A0C08C11805158FB40365BE7F8DFE2.d.11E849997CCA6579E1185EE50C758A33.e.13916/click - {}
COMMAND: GET /session/5f042fc1c64931e48653a4fe2329ff65/screenshot - {}
RESULT: {}
COMMAND: GET /session/5f042fc1c64931e48653a4fe2329ff65/screenshot - {}
RESULT: {}
RESULT: {}
COMMAND: POST /session/5f042fc1c64931e48653a4fe2329ff65/element - {"using":"xpath","value":"//input[@id=\"application-manageresources-display-component---newResourceUnit--idRuTSAdmin-application-manageresources-display-component---newResourceUnit--RUTimeSegment-0-inner\"]"}
RESULT: {"using":"xpath","value":"//input[@id=\"application-manageresources-display-component---newResourceUnit--idRuTSAdmin-application-manageresources-display-component---newResourceUnit--RUTimeSegment-0-inner\"]"}
COMMAND: POST /session/5f042fc1c64931e48653a4fe2329ff65/element/f.85A0C08C11805158FB40365BE7F8DFE2.d.11E849997CCA6579E1185EE50C758A33.e.13919/clear - {}
RESULT: {}
COMMAND: POST /session/5f042fc1c64931e48653a4fe2329ff65/element/f.85A0C08C11805158FB40365BE7F8DFE2.d.11E849997CCA6579E1185EE50C758A33.e.13919/value - {"text":"WebdriverYardgi1xhj"}
COMMAND: GET /session/5f042fc1c64931e48653a4fe2329ff65/screenshot - {}
RESULT: {"text":"WebdriverYardgi1xhj"}
COMMAND: GET /session/5f042fc1c64931e48653a4fe2329ff65/screenshot - {}
RESULT: {}
RESULT: {}
COMMAND: POST /session/5f042fc1c64931e48653a4fe2329ff65/actions - {"actions":[{"id":"action70","type":"key","parameters":{},"actions":[{"type":"keyDown","value":"î€‡"},{"type":"pause","duration":10},{"type":"keyUp","value":"î€‡"}]}]}
RESULT: {"actions":[{"id":"action70","type":"key","parameters":{},"actions":[{"type":"keyDown","value":"î€‡"},{"type":"pause","duration":10},{"type":"keyUp","value":"î€‡"}]}]}
COMMAND: GET /session/5f042fc1c64931e48653a4fe2329ff65/screenshot - {}
RESULT: {}
COMMAND: POST /session/5f042fc1c64931e48653a4fe2329ff65/execute/async - {"script":"<script> [1562 bytes]","args":[{"selector":{"controlType":"sap.m.Button","viewName":"reusables.view.manageresources.NewResourceUnit","viewId":"application-manageresources-display-component---newResourceUnit","i18NText":{"propertyName":"tooltip","key":"save"},"interaction":{"idSuffix":"BDI-content"}},"wdio_ui5_key":"reusablesview.manageresources.NewResourceUnitsap.m.Button{\"propertyName\":\"tooltip\",\"key\":\"save\"}"}]}
RESULT: {"script":"<script> [1562 bytes]","args":[{"selector":{"controlType":"sap.m.Button","viewName":"reusables.view.manageresources.NewResourceUnit","viewId":"application-manageresources-display-component---newResourceUnit","i18NText":{"propertyName":"tooltip","key":"save"},"interaction":{"idSuffix":"BDI-content"}},"wdio_ui5_key":"reusablesview.manageresources.NewResourceUnitsap.m.Button{\"propertyName\":\"tooltip\",\"key\":\"save\"}"}]}
RESULT: undefined
COMMAND: POST /session/5f042fc1c64931e48653a4fe2329ff65/element - {"using":"xpath","value":"//*[@id=\"application-manageresources-display-component---newResourceUnit--createRuButton\"]"}
RESULT: {"using":"xpath","value":"//*[@id=\"application-manageresources-display-component---newResourceUnit--createRuButton\"]"}
COMMAND: POST /session/5f042fc1c64931e48653a4fe2329ff65/element/f.85A0C08C11805158FB40365BE7F8DFE2.d.11E849997CCA6579E1185EE50C758A33.e.13845/click - {}
RESULT: {}
COMMAND: GET /session/5f042fc1c64931e48653a4fe2329ff65/screenshot - {}
RESULT: {}
COMMAND: POST /session/5f042fc1c64931e48653a4fe2329ff65/execute/async - {"script":"<script> [1562 bytes]","args":[{"selector":{"controlType":"sap.m.Title","properties":{"text":"Success"},"searchOpenDialogs":true},"wdio_ui5_key":"sapm.Title{\"text\":\"Success\"}"}]}
RESULT: {"script":"<script> [1562 bytes]","args":[{"selector":{"controlType":"sap.m.Title","properties":{"text":"Success"},"searchOpenDialogs":true},"wdio_ui5_key":"sapm.Title{\"text\":\"Success\"}"}]}
RESULT: undefined
COMMAND: POST /session/5f042fc1c64931e48653a4fe2329ff65/execute/async - {"script":"<script> [6424 bytes]","args":[{"element-6066-11e4-a52e-4f735466cecf":"f.85A0C08C11805158FB40365BE7F8DFE2.d.11E849997CCA6579E1185EE50C758A33.e.13933"},"getText",[]]}
RESULT: {"script":"<script> [6424 bytes]","args":[{"element-6066-11e4-a52e-4f735466cecf":"f.85A0C08C11805158FB40365BE7F8DFE2.d.11E849997CCA6579E1185EE50C758A33.e.13933"},"getText",[]]}
COMMAND: POST /session/5f042fc1c64931e48653a4fe2329ff65/element - {"using":"xpath","value":"//*[contains(@id, '__text') and (contains(text(), 'successfully created') or contains(., 'successfully created'))]"}
RESULT: {"using":"xpath","value":"//*[contains(@id, '__text') and (contains(text(), 'successfully created') or contains(., 'successfully created'))]"}
COMMAND: GET /session/5f042fc1c64931e48653a4fe2329ff65/element/f.85A0C08C11805158FB40365BE7F8DFE2.d.11E849997CCA6579E1185EE50C758A33.e.13932/text - {}
RESULT: {}
COMMAND: POST /session/5f042fc1c64931e48653a4fe2329ff65/execute/async - {"script":"<script> [1562 bytes]","args":[{"selector":{"controlType":"sap.m.Button","properties":{"text":"Close"},"searchOpenDialogs":true,"interaction":{"idSuffix":"BDI-content"}},"wdio_ui5_key":"sapm.Button{\"text\":\"Close\"}"}]}
RESULT: {"script":"<script> [1562 bytes]","args":[{"selector":{"controlType":"sap.m.Button","properties":{"text":"Close"},"searchOpenDialogs":true,"interaction":{"idSuffix":"BDI-content"}},"wdio_ui5_key":"sapm.Button{\"text\":\"Close\"}"}]}
RESULT: undefined
COMMAND: POST /session/5f042fc1c64931e48653a4fe2329ff65/element - {"using":"xpath","value":"//*[@id=\"__mbox-btn-0\"]"}
RESULT: {"using":"xpath","value":"//*[@id=\"__mbox-btn-0\"]"}
COMMAND: POST /session/5f042fc1c64931e48653a4fe2329ff65/element/f.85A0C08C11805158FB40365BE7F8DFE2.d.11E849997CCA6579E1185EE50C758A33.e.13930/click - {}
RESULT: {}
COMMAND: GET /session/5f042fc1c64931e48653a4fe2329ff65/screenshot - {}
RESULT: {}
COMMAND: POST /session/5f042fc1c64931e48653a4fe2329ff65/execute/async - {"script":"<script> [1562 bytes]","args":[{"selector":{"controlType":"sap.ui.core.Icon","viewName":"etm.portal.ui.manageresources.view.Detail","viewId":"application-manageresources-display-component---detailRU","properties":{"src":{"regex":{"source":"overflow"}}}},"wdio_ui5_key":"etmportal.ui.manageresources.view.Detailsap.ui.core.Icon{\"src\":{\"regex\":{\"source\":\"overflow\"}}}"}]}
RESULT: {"script":"<script> [1562 bytes]","args":[{"selector":{"controlType":"sap.ui.core.Icon","viewName":"etm.portal.ui.manageresources.view.Detail","viewId":"application-manageresources-display-component---detailRU","properties":{"src":{"regex":{"source":"overflow"}}}},"wdio_ui5_key":"etmportal.ui.manageresources.view.Detailsap.ui.core.Icon{\"src\":{\"regex\":{\"source\":\"overflow\"}}}"}]}
RESULT: undefined
COMMAND: POST /session/5f042fc1c64931e48653a4fe2329ff65/element - {"using":"xpath","value":"//*[@id=\"__title31-_actionsToolbar-overflowButton-img\"]"}
RESULT: {"using":"xpath","value":"//*[@id=\"__title31-_actionsToolbar-overflowButton-img\"]"}
COMMAND: POST /session/5f042fc1c64931e48653a4fe2329ff65/element/f.85A0C08C11805158FB40365BE7F8DFE2.d.11E849997CCA6579E1185EE50C758A33.e.13960/click - {}
RESULT: {}
COMMAND: POST /session/5f042fc1c64931e48653a4fe2329ff65/execute/async - {"script":"<script> [1562 bytes]","args":[{"selector":{"controlType":"sap.m.Button","viewName":"etm.portal.ui.manageresources.view.Detail","viewId":"application-manageresources-display-component---detailRU","i18NText":{"propertyName":"tooltip","key":"closeColumn"},"searchOpenDialogs":true,"interaction":{"idSuffix":"inner"}},"wdio_ui5_key":"etmportal.ui.manageresources.view.Detailsap.m.Button{\"propertyName\":\"tooltip\",\"key\":\"closeColumn\"}"}]}
COMMAND: GET /session/5f042fc1c64931e48653a4fe2329ff65/screenshot - {}
RESULT: {"script":"<script> [1562 bytes]","args":[{"selector":{"controlType":"sap.m.Button","viewName":"etm.portal.ui.manageresources.view.Detail","viewId":"application-manageresources-display-component---detailRU","i18NText":{"propertyName":"tooltip","key":"closeColumn"},"searchOpenDialogs":true,"interaction":{"idSuffix":"inner"}},"wdio_ui5_key":"etmportal.ui.manageresources.view.Detailsap.m.Button{\"propertyName\":\"tooltip\",\"key\":\"closeColumn\"}"}]}
RESULT: undefined
COMMAND: POST /session/5f042fc1c64931e48653a4fe2329ff65/element - {"using":"xpath","value":"//*[@id=\"__button137\"]"}
RESULT: {}
RESULT: {"using":"xpath","value":"//*[@id=\"__button137\"]"}
COMMAND: POST /session/5f042fc1c64931e48653a4fe2329ff65/element/f.85A0C08C11805158FB40365BE7F8DFE2.d.11E849997CCA6579E1185EE50C758A33.e.13962/click - {}
RESULT: {}
COMMAND: GET /session/5f042fc1c64931e48653a4fe2329ff65/screenshot - {}
RESULT: {}
COMMAND: POST /session/5f042fc1c64931e48653a4fe2329ff65/refresh - {}
RESULT: {}
COMMAND: GET /session/5f042fc1c64931e48653a4fe2329ff65/screenshot - {}
RESULT: {}
COMMAND: POST /session/5f042fc1c64931e48653a4fe2329ff65/execute/async - {"script":"<script> [189 bytes]","args":[]}
RESULT: {"script":"<script> [189 bytes]","args":[]}
COMMAND: POST /session/5f042fc1c64931e48653a4fe2329ff65/execute/async - {"script":"<script> [123 bytes]","args":[]}
RESULT: {"script":"<script> [123 bytes]","args":[]}
COMMAND: POST /session/5f042fc1c64931e48653a4fe2329ff65/timeouts - {"script":"<number>"}
RESULT: {"script":"<number>"}
COMMAND: GET /session/5f042fc1c64931e48653a4fe2329ff65/timeouts - {}
RESULT: {}
RESULT: undefined
COMMAND: POST /session/5f042fc1c64931e48653a4fe2329ff65/execute/async - {"script":"<script> [2676 bytes]","args":[]}
RESULT: {"script":"<script> [2676 bytes]","args":[]}
COMMAND: POST /session/5f042fc1c64931e48653a4fe2329ff65/execute/async - {"script":"<script> [2342 bytes]","args":[{"protocol":"http","hostname":"0.0.0.0","path":"/","capabilities":{"browserName":"chrome","goog:chromeOptions":{"binary":"C:\\Program Files\\Google\\Chrome\\Application\\chrome.exe","args":["--start-maximized"]}},"logLevel":"warn","connectionRetryTimeout":120000,"connectionRetryCount":3,"logLevels":{},"enableDirectConnect":true,"strictSSL":true,"_":"65 more keys: [\"cacheDir\",\"port\",\"requestedCapabilities\",\"automationProtocol\",\"baseUrl\",\"waitforInterval\",\"waitforTimeout\",\"onReload\",\"beforeCommand\",\"afterCommand\",\"rootDir\",\"specs\",\"suites\",\"exclude\",\"groupLogsByTestSpec\",\"excludeDriverLogs\",\"bail\",\"framework\",\"reporters\",\"services\",\"maxInstances\",\"maxInstancesPerCapability\",\"injectGlobals\",\"filesToWatch\",\"execArgv\",\"runnerEnv\",\"runner\",\"shard\",\"specFileRetries\",\"specFileRetriesDelay\",\"specFileRetriesDeferred\",\"reporterSyncInterval\",\"reporterSyncTimeout\",\"cucumberFeaturesWithLineNumbers\",\"autoCompileOpts\",\"mochaOpts\",\"jasmineOpts\",\"cucumberOpts\",\"onPrepare\",\"onWorkerStart\",\"onWorkerEnd\",\"before\",\"beforeSession\",\"beforeSuite\",\"beforeHook\",\"beforeTest\",\"afterTest\",\"afterHook\",\"afterSuite\",\"afterSession\",\"after\",\"onComplete\",\"beforeAssertion\",\"afterAssertion\",\"beforeFeature\",\"beforeScenario\",\"beforeStep\",\"afterStep\",\"afterScenario\",\"afterFeature\",\"_\",\"suite\",\"$0\",\"ignoredWorkerServices\",\"wdi5\"]"}]}
RESULT: {"script":"<script> [2342 bytes]","args":[{"protocol":"http","hostname":"0.0.0.0","path":"/","capabilities":{"browserName":"chrome","goog:chromeOptions":{"binary":"C:\\Program Files\\Google\\Chrome\\Application\\chrome.exe","args":["--start-maximized"]}},"logLevel":"warn","connectionRetryTimeout":120000,"connectionRetryCount":3,"logLevels":{},"enableDirectConnect":true,"strictSSL":true,"_":"65 more keys: [\"cacheDir\",\"port\",\"requestedCapabilities\",\"automationProtocol\",\"baseUrl\",\"waitforInterval\",\"waitforTimeout\",\"onReload\",\"beforeCommand\",\"afterCommand\",\"rootDir\",\"specs\",\"suites\",\"exclude\",\"groupLogsByTestSpec\",\"excludeDriverLogs\",\"bail\",\"framework\",\"reporters\",\"services\",\"maxInstances\",\"maxInstancesPerCapability\",\"injectGlobals\",\"filesToWatch\",\"execArgv\",\"runnerEnv\",\"runner\",\"shard\",\"specFileRetries\",\"specFileRetriesDelay\",\"specFileRetriesDeferred\",\"reporterSyncInterval\",\"reporterSyncTimeout\",\"cucumberFeaturesWithLineNumbers\",\"autoCompileOpts\",\"mochaOpts\",\"jasmineOpts\",\"cucumberOpts\",\"onPrepare\",\"onWorkerStart\",\"onWorkerEnd\",\"before\",\"beforeSession\",\"beforeSuite\",\"beforeHook\",\"beforeTest\",\"afterTest\",\"afterHook\",\"afterSuite\",\"afterSession\",\"after\",\"onComplete\",\"beforeAssertion\",\"afterAssertion\",\"beforeFeature\",\"beforeScenario\",\"beforeStep\",\"afterStep\",\"afterScenario\",\"afterFeature\",\"_\",\"suite\",\"$0\",\"ignoredWorkerServices\",\"wdi5\"]"}]}
COMMAND: POST /session/5f042fc1c64931e48653a4fe2329ff65/execute/async - {"script":"<script> [21126 bytes]","args":[35000]}
RESULT: {"script":"<script> [21126 bytes]","args":[35000]}
COMMAND: POST /session/5f042fc1c64931e48653a4fe2329ff65/element - {"using":"css selector","value":"#shell-header-logo"}
RESULT: {"using":"css selector","value":"#shell-header-logo"}
COMMAND: POST /session/5f042fc1c64931e48653a4fe2329ff65/element/f.85A0C08C11805158FB40365BE7F8DFE2.d.A363144A912039B3A54DE2A9E5D39274.e.14084/click - {}
RESULT: {}
COMMAND: GET /session/5f042fc1c64931e48653a4fe2329ff65/screenshot - {}
RESULT: {}
COMMAND: POST /session/5f042fc1c64931e48653a4fe2329ff65/execute/async - {"script":"<script> [1562 bytes]","args":[{"selector":{"controlType":"sap.m.GenericTile","properties":{"header":"Manage Handovers"}},"wdio_ui5_key":"sapm.GenericTile{\"header\":\"Manage Handovers\"}"}]}
RESULT: {"script":"<script> [1562 bytes]","args":[{"selector":{"controlType":"sap.m.GenericTile","properties":{"header":"Manage Handovers"}},"wdio_ui5_key":"sapm.GenericTile{\"header\":\"Manage Handovers\"}"}]}
RESULT: undefined
COMMAND: POST /session/5f042fc1c64931e48653a4fe2329ff65/element - {"using":"xpath","value":"//*[@id=\"__tile131\"]"}
RESULT: {"using":"xpath","value":"//*[@id=\"__tile131\"]"}
COMMAND: POST /session/5f042fc1c64931e48653a4fe2329ff65/element/f.85A0C08C11805158FB40365BE7F8DFE2.d.A363144A912039B3A54DE2A9E5D39274.e.14273/click - {}
RESULT: {}
COMMAND: GET /session/5f042fc1c64931e48653a4fe2329ff65/screenshot - {}
RESULT: {}
COMMAND: POST /session/5f042fc1c64931e48653a4fe2329ff65/elements - {"using":"xpath","value":"//span[text()='Error']"}
RESULT: {"using":"xpath","value":"//span[text()='Error']"}
COMMAND: POST /session/5f042fc1c64931e48653a4fe2329ff65/element - {"using":"xpath","value":"//button[@data-kt=\"masterHOAddButton\"]"}
RESULT: {"using":"xpath","value":"//button[@data-kt=\"masterHOAddButton\"]"}
COMMAND: POST /session/5f042fc1c64931e48653a4fe2329ff65/execute/sync - {"script":"<script> [8489 bytes]","args":[{"element-6066-11e4-a52e-4f735466cecf":"f.85A0C08C11805158FB40365BE7F8DFE2.d.A363144A912039B3A54DE2A9E5D39274.e.14316","ELEMENT":"f.85A0C08C11805158FB40365BE7F8DFE2.d.A363144A912039B3A54DE2A9E5D39274.e.14316"}]}
RESULT: {"script":"<script> [8489 bytes]","args":[{"element-6066-11e4-a52e-4f735466cecf":"f.85A0C08C11805158FB40365BE7F8DFE2.d.A363144A912039B3A54DE2A9E5D39274.e.14316","ELEMENT":"f.85A0C08C11805158FB40365BE7F8DFE2.d.A363144A912039B3A54DE2A9E5D39274.e.14316"}]}
COMMAND: POST /session/5f042fc1c64931e48653a4fe2329ff65/element/f.85A0C08C11805158FB40365BE7F8DFE2.d.A363144A912039B3A54DE2A9E5D39274.e.14316/click - {}
COMMAND: GET /session/5f042fc1c64931e48653a4fe2329ff65/screenshot - {}
RESULT: {}
COMMAND: GET /session/5f042fc1c64931e48653a4fe2329ff65/screenshot - {}
COMMAND: POST /session/5f042fc1c64931e48653a4fe2329ff65/element - {"using":"xpath","value":"//span[contains(@id ,\"AddNewHO--typeSelect-arrow\")]"}
RESULT: {}
RESULT: {}
RESULT: {"using":"xpath","value":"//span[contains(@id ,\"AddNewHO--typeSelect-arrow\")]"}
COMMAND: POST /session/5f042fc1c64931e48653a4fe2329ff65/element/f.85A0C08C11805158FB40365BE7F8DFE2.d.A363144A912039B3A54DE2A9E5D39274.e.14618/click - {}
RESULT: {}
COMMAND: GET /session/5f042fc1c64931e48653a4fe2329ff65/screenshot - {}
RESULT: {}
COMMAND: POST /session/5f042fc1c64931e48653a4fe2329ff65/element - {"using":"xpath","value":"(//li[contains(text(), \"stock increase yard\")])[1]"}
RESULT: {"using":"xpath","value":"(//li[contains(text(), \"stock increase yard\")])[1]"}
COMMAND: POST /session/5f042fc1c64931e48653a4fe2329ff65/element/f.85A0C08C11805158FB40365BE7F8DFE2.d.A363144A912039B3A54DE2A9E5D39274.e.14619/click - {}
RESULT: {}
COMMAND: GET /session/5f042fc1c64931e48653a4fe2329ff65/screenshot - {}
RESULT: {}
COMMAND: POST /session/5f042fc1c64931e48653a4fe2329ff65/execute/async - {"script":"<script> [1562 bytes]","args":[{"selector":{"id":"application-managehandovers-display-component---AddNewHO--dueDate","interaction":{"idSuffix":"inner"}},"wdio_ui5_key":"applicationmanagehandovers-display-component---AddNewHO--dueDate"}]}
RESULT: {"script":"<script> [1562 bytes]","args":[{"selector":{"id":"application-managehandovers-display-component---AddNewHO--dueDate","interaction":{"idSuffix":"inner"}},"wdio_ui5_key":"applicationmanagehandovers-display-component---AddNewHO--dueDate"}]}
RESULT: undefined
COMMAND: POST /session/5f042fc1c64931e48653a4fe2329ff65/execute/async - {"script":"<script> [6424 bytes]","args":[{"element-6066-11e4-a52e-4f735466cecf":"f.85A0C08C11805158FB40365BE7F8DFE2.d.A363144A912039B3A54DE2A9E5D39274.e.14621"},"setValue",["5/15/25"]]}
RESULT: {"script":"<script> [6424 bytes]","args":[{"element-6066-11e4-a52e-4f735466cecf":"f.85A0C08C11805158FB40365BE7F8DFE2.d.A363144A912039B3A54DE2A9E5D39274.e.14621"},"setValue",["5/15/25"]]}
COMMAND: POST /session/5f042fc1c64931e48653a4fe2329ff65/element - {"using":"xpath","value":"//input[@id=\"generalSectionFrg--receiveYard-inner\"]"}
RESULT: {"using":"xpath","value":"//input[@id=\"generalSectionFrg--receiveYard-inner\"]"}
COMMAND: POST /session/5f042fc1c64931e48653a4fe2329ff65/element/f.85A0C08C11805158FB40365BE7F8DFE2.d.A363144A912039B3A54DE2A9E5D39274.e.14625/clear - {}
RESULT: {}
COMMAND: POST /session/5f042fc1c64931e48653a4fe2329ff65/element/f.85A0C08C11805158FB40365BE7F8DFE2.d.A363144A912039B3A54DE2A9E5D39274.e.14625/value - {"text":"WebdriverYardgi1xhj"}
COMMAND: GET /session/5f042fc1c64931e48653a4fe2329ff65/screenshot - {}
RESULT: {"text":"WebdriverYardgi1xhj"}
COMMAND: GET /session/5f042fc1c64931e48653a4fe2329ff65/screenshot - {}
RESULT: {}
RESULT: {}
COMMAND: POST /session/5f042fc1c64931e48653a4fe2329ff65/execute/async - {"script":"<script> [1562 bytes]","args":[{"selector":{"id":"application-managehandovers-display-component---AddNewHO--ObjectPageLayout-anchBar-application-managehandovers-display-component---AddNewHO--section4-anchor","interaction":{"idSuffix":"BDI-content"}},"wdio_ui5_key":"applicationmanagehandovers-display-component---AddNewHO--ObjectPageLayout-anchBar-application-managehandovers-display-component---AddNewHO--section4-anchor"}]}
RESULT: {"script":"<script> [1562 bytes]","args":[{"selector":{"id":"application-managehandovers-display-component---AddNewHO--ObjectPageLayout-anchBar-application-managehandovers-display-component---AddNewHO--section4-anchor","interaction":{"idSuffix":"BDI-content"}},"wdio_ui5_key":"applicationmanagehandovers-display-component---AddNewHO--ObjectPageLayout-anchBar-application-managehandovers-display-component---AddNewHO--section4-anchor"}]}
RESULT: undefined
COMMAND: POST /session/5f042fc1c64931e48653a4fe2329ff65/element - {"using":"xpath","value":"//*[@id=\"application-managehandovers-display-component---AddNewHO--ObjectPageLayout-anchBar-application-managehandovers-display-component---AddNewHO--section4-anchor\"]"}
RESULT: {"using":"xpath","value":"//*[@id=\"application-managehandovers-display-component---AddNewHO--ObjectPageLayout-anchBar-application-managehandovers-display-component---AddNewHO--section4-anchor\"]"}
COMMAND: POST /session/5f042fc1c64931e48653a4fe2329ff65/element/f.85A0C08C11805158FB40365BE7F8DFE2.d.A363144A912039B3A54DE2A9E5D39274.e.14645/click - {}
RESULT: {}
COMMAND: GET /session/5f042fc1c64931e48653a4fe2329ff65/screenshot - {}
RESULT: {}
COMMAND: POST /session/5f042fc1c64931e48653a4fe2329ff65/element - {"using":"xpath","value":"//button[@aria-label=\"Add\"]"}
RESULT: {"using":"xpath","value":"//button[@aria-label=\"Add\"]"}
COMMAND: POST /session/5f042fc1c64931e48653a4fe2329ff65/element/f.85A0C08C11805158FB40365BE7F8DFE2.d.A363144A912039B3A54DE2A9E5D39274.e.14649/click - {}
RESULT: {}
COMMAND: GET /session/5f042fc1c64931e48653a4fe2329ff65/screenshot - {}
RESULT: {}
COMMAND: POST /session/5f042fc1c64931e48653a4fe2329ff65/execute/async - {"script":"<script> [1562 bytes]","args":[{"selector":{"id":"application-managehandovers-display-component---AddNewHO--smartFilterBar-btnBasicSearch","searchOpenDialogs":true,"interaction":{"idSuffix":"I"}},"wdio_ui5_key":"applicationmanagehandovers-display-component---AddNewHO--smartFilterBar-btnBasicSearch"}]}
RESULT: {"script":"<script> [1562 bytes]","args":[{"selector":{"id":"application-managehandovers-display-component---AddNewHO--smartFilterBar-btnBasicSearch","searchOpenDialogs":true,"interaction":{"idSuffix":"I"}},"wdio_ui5_key":"applicationmanagehandovers-display-component---AddNewHO--smartFilterBar-btnBasicSearch"}]}
RESULT: undefined
COMMAND: POST /session/5f042fc1c64931e48653a4fe2329ff65/execute/async - {"script":"<script> [776 bytes]","args":[{"enterText":"WebdriverRUR2Cb6mjd","selector":{"id":"application-managehandovers-display-component---AddNewHO--smartFilterBar-btnBasicSearch","searchOpenDialogs":true,"interaction":{"idSuffix":"I"}},"clearTextFirst":true,"interactionType":"ENTER_TEXT"}]}
RESULT: {"script":"<script> [776 bytes]","args":[{"enterText":"WebdriverRUR2Cb6mjd","selector":{"id":"application-managehandovers-display-component---AddNewHO--smartFilterBar-btnBasicSearch","searchOpenDialogs":true,"interaction":{"idSuffix":"I"}},"clearTextFirst":true,"interactionType":"ENTER_TEXT"}]}
COMMAND: POST /session/5f042fc1c64931e48653a4fe2329ff65/actions - {"actions":[{"id":"action71","type":"key","parameters":{},"actions":[{"type":"keyDown","value":"î€‡"},{"type":"pause","duration":10},{"type":"keyUp","value":"î€‡"}]}]}
RESULT: {"actions":[{"id":"action71","type":"key","parameters":{},"actions":[{"type":"keyDown","value":"î€‡"},{"type":"pause","duration":10},{"type":"keyUp","value":"î€‡"}]}]}
COMMAND: POST /session/5f042fc1c64931e48653a4fe2329ff65/execute/async - {"script":"<script> [1562 bytes]","args":[{"selector":{"id":"application-managehandovers-display-component---AddNewHO--popup-sa","searchOpenDialogs":true,"interaction":{"idSuffix":"CbBg"}},"wdio_ui5_key":"applicationmanagehandovers-display-component---AddNewHO--popup-sa"}]}
COMMAND: GET /session/5f042fc1c64931e48653a4fe2329ff65/screenshot - {}
RESULT: {"script":"<script> [1562 bytes]","args":[{"selector":{"id":"application-managehandovers-display-component---AddNewHO--popup-sa","searchOpenDialogs":true,"interaction":{"idSuffix":"CbBg"}},"wdio_ui5_key":"applicationmanagehandovers-display-component---AddNewHO--popup-sa"}]}
RESULT: undefined
COMMAND: POST /session/5f042fc1c64931e48653a4fe2329ff65/element - {"using":"xpath","value":"//*[@id=\"application-managehandovers-display-component---AddNewHO--popup-sa\"]"}
RESULT: {}
RESULT: {"using":"xpath","value":"//*[@id=\"application-managehandovers-display-component---AddNewHO--popup-sa\"]"}
COMMAND: POST /session/5f042fc1c64931e48653a4fe2329ff65/element/f.85A0C08C11805158FB40365BE7F8DFE2.d.A363144A912039B3A54DE2A9E5D39274.e.14748/click - {}
RESULT: {}
COMMAND: GET /session/5f042fc1c64931e48653a4fe2329ff65/screenshot - {}
RESULT: {}
COMMAND: POST /session/5f042fc1c64931e48653a4fe2329ff65/element - {"using":"xpath","value":"//bdi[contains(text(), \"Select\")]"}
RESULT: {"using":"xpath","value":"//bdi[contains(text(), \"Select\")]"}
COMMAND: POST /session/5f042fc1c64931e48653a4fe2329ff65/element/f.85A0C08C11805158FB40365BE7F8DFE2.d.A363144A912039B3A54DE2A9E5D39274.e.14749/click - {}
RESULT: {}
COMMAND: GET /session/5f042fc1c64931e48653a4fe2329ff65/screenshot - {}
RESULT: {}
COMMAND: POST /session/5f042fc1c64931e48653a4fe2329ff65/execute/async - {"script":"<script> [1562 bytes]","args":[{"selector":{"controlType":"sap.m.Input","viewName":"etm.portal.ui.managehandovers.view.AddNewHO","viewId":"application-managehandovers-display-component---AddNewHO","bindingPath":{"path":"/items/0","propertyPath":"TYPE","modelName":"hoItemsModel"},"interaction":{"idSuffix":"inner"}},"wdio_ui5_key":"etmportal.ui.managehandovers.view.AddNewHOsap.m.Input{\"path\":\"/items/0\",\"propertyPath\":\"TYPE\",\"modelName\":\"hoItemsModel\"}"}]}
RESULT: {"script":"<script> [1562 bytes]","args":[{"selector":{"controlType":"sap.m.Input","viewName":"etm.portal.ui.managehandovers.view.AddNewHO","viewId":"application-managehandovers-display-component---AddNewHO","bindingPath":{"path":"/items/0","propertyPath":"TYPE","modelName":"hoItemsModel"},"interaction":{"idSuffix":"inner"}},"wdio_ui5_key":"etmportal.ui.managehandovers.view.AddNewHOsap.m.Input{\"path\":\"/items/0\",\"propertyPath\":\"TYPE\",\"modelName\":\"hoItemsModel\"}"}]}
RESULT: undefined
COMMAND: POST /session/5f042fc1c64931e48653a4fe2329ff65/execute/async - {"script":"<script> [776 bytes]","args":[{"enterText":"100","selector":{"controlType":"sap.m.Input","viewName":"etm.portal.ui.managehandovers.view.AddNewHO","viewId":"application-managehandovers-display-component---AddNewHO","bindingPath":{"path":"/items/0","propertyPath":"TYPE","modelName":"hoItemsModel"},"interaction":{"idSuffix":"inner"}},"clearTextFirst":true,"interactionType":"ENTER_TEXT"}]}
RESULT: {"script":"<script> [776 bytes]","args":[{"enterText":"100","selector":{"controlType":"sap.m.Input","viewName":"etm.portal.ui.managehandovers.view.AddNewHO","viewId":"application-managehandovers-display-component---AddNewHO","bindingPath":{"path":"/items/0","propertyPath":"TYPE","modelName":"hoItemsModel"},"interaction":{"idSuffix":"inner"}},"clearTextFirst":true,"interactionType":"ENTER_TEXT"}]}
COMMAND: POST /session/5f042fc1c64931e48653a4fe2329ff65/element - {"using":"xpath","value":"//button[@data-kt=\"AddNewHOSaveButton\"]"}
RESULT: {"using":"xpath","value":"//button[@data-kt=\"AddNewHOSaveButton\"]"}
COMMAND: POST /session/5f042fc1c64931e48653a4fe2329ff65/element/f.85A0C08C11805158FB40365BE7F8DFE2.d.A363144A912039B3A54DE2A9E5D39274.e.14754/click - {}
RESULT: {}
COMMAND: GET /session/5f042fc1c64931e48653a4fe2329ff65/screenshot - {}
RESULT: {}
COMMAND: POST /session/5f042fc1c64931e48653a4fe2329ff65/execute/async - {"script":"<script> [1562 bytes]","args":[{"selector":{"id":"receiptDatePicker","viewName":"etm.portal.ui.managehandovers.view.DetailExecuteHO","interaction":{"idSuffix":"inner"}},"wdio_ui5_key":"receiptDatePickeretmportal.ui.managehandovers.view.DetailExecuteHO"}]}
RESULT: {"script":"<script> [1562 bytes]","args":[{"selector":{"id":"receiptDatePicker","viewName":"etm.portal.ui.managehandovers.view.DetailExecuteHO","interaction":{"idSuffix":"inner"}},"wdio_ui5_key":"receiptDatePickeretmportal.ui.managehandovers.view.DetailExecuteHO"}]}
RESULT: undefined
COMMAND: POST /session/5f042fc1c64931e48653a4fe2329ff65/execute/async - {"script":"<script> [6424 bytes]","args":[{"element-6066-11e4-a52e-4f735466cecf":"f.85A0C08C11805158FB40365BE7F8DFE2.d.A363144A912039B3A54DE2A9E5D39274.e.14774"},"setValue",["5/15/25"]]}
RESULT: {"script":"<script> [6424 bytes]","args":[{"element-6066-11e4-a52e-4f735466cecf":"f.85A0C08C11805158FB40365BE7F8DFE2.d.A363144A912039B3A54DE2A9E5D39274.e.14774"},"setValue",["5/15/25"]]}
COMMAND: POST /session/5f042fc1c64931e48653a4fe2329ff65/element - {"using":"xpath","value":"//button[@data-kt=\"PickingTableConfirmAllButton\"]"}
RESULT: {"using":"xpath","value":"//button[@data-kt=\"PickingTableConfirmAllButton\"]"}
COMMAND: POST /session/5f042fc1c64931e48653a4fe2329ff65/element/f.85A0C08C11805158FB40365BE7F8DFE2.d.A363144A912039B3A54DE2A9E5D39274.e.14789/click - {}
RESULT: {}
COMMAND: GET /session/5f042fc1c64931e48653a4fe2329ff65/screenshot - {}
RESULT: {}
COMMAND: POST /session/5f042fc1c64931e48653a4fe2329ff65/element - {"using":"xpath","value":"//bdi[contains(text(), \"OK\")]"}
RESULT: {"using":"xpath","value":"//bdi[contains(text(), \"OK\")]"}
COMMAND: POST /session/5f042fc1c64931e48653a4fe2329ff65/element/f.85A0C08C11805158FB40365BE7F8DFE2.d.A363144A912039B3A54DE2A9E5D39274.e.14791/click - {}
RESULT: {}
COMMAND: GET /session/5f042fc1c64931e48653a4fe2329ff65/screenshot - {}
RESULT: {}
COMMAND: POST /session/5f042fc1c64931e48653a4fe2329ff65/element - {"using":"xpath","value":"(//bdi[contains(text(), \"Receive\")])[2]"}
RESULT: {"using":"xpath","value":"(//bdi[contains(text(), \"Receive\")])[2]"}
COMMAND: POST /session/5f042fc1c64931e48653a4fe2329ff65/element/f.85A0C08C11805158FB40365BE7F8DFE2.d.A363144A912039B3A54DE2A9E5D39274.e.14793/click - {}
RESULT: {}
COMMAND: GET /session/5f042fc1c64931e48653a4fe2329ff65/screenshot - {}
RESULT: {}
COMMAND: POST /session/5f042fc1c64931e48653a4fe2329ff65/element - {"using":"css selector","value":"#shell-header-logo"}
RESULT: {"using":"css selector","value":"#shell-header-logo"}
COMMAND: POST /session/5f042fc1c64931e48653a4fe2329ff65/element/f.85A0C08C11805158FB40365BE7F8DFE2.d.A363144A912039B3A54DE2A9E5D39274.e.14276/click - {}
RESULT: {}
]]></system-out>
    </testcase>
    <testcase classname="chrome.136_0_7103_49.windows.E2E_-_Logistical_and_commercial_statuses" name="Should add a pricing rule and a condition to the RU" time="96.388">
      <system-out><![CDATA[
COMMAND: POST /session/5f042fc1c64931e48653a4fe2329ff65/execute/async - {"script":"<script> [1562 bytes]","args":[{"selector":{"controlType":"sap.m.GenericTile","properties":{"header":"Manage Pricing Rules"}},"wdio_ui5_key":"sapm.GenericTile{\"header\":\"Manage Pricing Rules\"}"}]}
COMMAND: GET /session/5f042fc1c64931e48653a4fe2329ff65/screenshot - {}
RESULT: {"script":"<script> [1562 bytes]","args":[{"selector":{"controlType":"sap.m.GenericTile","properties":{"header":"Manage Pricing Rules"}},"wdio_ui5_key":"sapm.GenericTile{\"header\":\"Manage Pricing Rules\"}"}]}
RESULT: undefined
COMMAND: POST /session/5f042fc1c64931e48653a4fe2329ff65/element - {"using":"xpath","value":"//*[@id=\"__tile55\"]"}
RESULT: {}
RESULT: {"using":"xpath","value":"//*[@id=\"__tile55\"]"}
COMMAND: POST /session/5f042fc1c64931e48653a4fe2329ff65/element/f.85A0C08C11805158FB40365BE7F8DFE2.d.A363144A912039B3A54DE2A9E5D39274.e.14939/click - {}
RESULT: {}
COMMAND: GET /session/5f042fc1c64931e48653a4fe2329ff65/screenshot - {}
RESULT: {}
COMMAND: POST /session/5f042fc1c64931e48653a4fe2329ff65/elements - {"using":"xpath","value":"//span[text()='Error']"}
RESULT: {"using":"xpath","value":"//span[text()='Error']"}
COMMAND: POST /session/5f042fc1c64931e48653a4fe2329ff65/execute/async - {"script":"<script> [1562 bytes]","args":[{"selector":{"controlType":"sap.ui.core.Icon","viewName":"etm.portal.ui.managepricingrules.view.MasterHeader","viewId":"application-managepricingrules-display-component---priceInfoHeader","properties":{"src":{"regex":{"source":"activity\\-items"}}}},"wdio_ui5_key":"etmportal.ui.managepricingrules.view.MasterHeadersap.ui.core.Icon{\"src\":{\"regex\":{\"source\":\"activity\\\\-items\"}}}"}]}
RESULT: {"script":"<script> [1562 bytes]","args":[{"selector":{"controlType":"sap.ui.core.Icon","viewName":"etm.portal.ui.managepricingrules.view.MasterHeader","viewId":"application-managepricingrules-display-component---priceInfoHeader","properties":{"src":{"regex":{"source":"activity\\-items"}}}},"wdio_ui5_key":"etmportal.ui.managepricingrules.view.MasterHeadersap.ui.core.Icon{\"src\":{\"regex\":{\"source\":\"activity\\\\-items\"}}}"}]}
RESULT: undefined
COMMAND: POST /session/5f042fc1c64931e48653a4fe2329ff65/element - {"using":"xpath","value":"//*[@id=\"__filter22-icon\"]"}
RESULT: {"using":"xpath","value":"//*[@id=\"__filter22-icon\"]"}
COMMAND: POST /session/5f042fc1c64931e48653a4fe2329ff65/element/f.85A0C08C11805158FB40365BE7F8DFE2.d.A363144A912039B3A54DE2A9E5D39274.e.15026/click - {}
RESULT: {}
COMMAND: GET /session/5f042fc1c64931e48653a4fe2329ff65/screenshot - {}
RESULT: {}
COMMAND: POST /session/5f042fc1c64931e48653a4fe2329ff65/execute/async - {"script":"<script> [1562 bytes]","args":[{"selector":{"controlType":"sap.ui.core.Icon","viewName":"etm.portal.ui.managepricingrules.view.MasterItem","viewId":"application-managepricingrules-display-component---priceInfoItem","properties":{"src":{"regex":{"source":"add"}}}},"wdio_ui5_key":"etmportal.ui.managepricingrules.view.MasterItemsap.ui.core.Icon{\"src\":{\"regex\":{\"source\":\"add\"}}}"}]}
RESULT: {"script":"<script> [1562 bytes]","args":[{"selector":{"controlType":"sap.ui.core.Icon","viewName":"etm.portal.ui.managepricingrules.view.MasterItem","viewId":"application-managepricingrules-display-component---priceInfoItem","properties":{"src":{"regex":{"source":"add"}}}},"wdio_ui5_key":"etmportal.ui.managepricingrules.view.MasterItemsap.ui.core.Icon{\"src\":{\"regex\":{\"source\":\"add\"}}}"}]}
RESULT: undefined
COMMAND: POST /session/5f042fc1c64931e48653a4fe2329ff65/element - {"using":"xpath","value":"//*[@id=\"__button73-img\"]"}
RESULT: {"using":"xpath","value":"//*[@id=\"__button73-img\"]"}
COMMAND: POST /session/5f042fc1c64931e48653a4fe2329ff65/element/f.85A0C08C11805158FB40365BE7F8DFE2.d.A363144A912039B3A54DE2A9E5D39274.e.15073/click - {}
RESULT: {}
COMMAND: GET /session/5f042fc1c64931e48653a4fe2329ff65/screenshot - {}
RESULT: {}
COMMAND: POST /session/5f042fc1c64931e48653a4fe2329ff65/element - {"using":"xpath","value":"//input[@id=\"application-managepricingrules-display-component---newInfoPriceItem--condRU-inner\"]"}
RESULT: {"using":"xpath","value":"//input[@id=\"application-managepricingrules-display-component---newInfoPriceItem--condRU-inner\"]"}
COMMAND: POST /session/5f042fc1c64931e48653a4fe2329ff65/element/f.85A0C08C11805158FB40365BE7F8DFE2.d.A363144A912039B3A54DE2A9E5D39274.e.15285/clear - {}
RESULT: {}
COMMAND: POST /session/5f042fc1c64931e48653a4fe2329ff65/element/f.85A0C08C11805158FB40365BE7F8DFE2.d.A363144A912039B3A54DE2A9E5D39274.e.15285/value - {"text":"WebdriverRUR2Cb6mjd"}
COMMAND: GET /session/5f042fc1c64931e48653a4fe2329ff65/screenshot - {}
RESULT: {"text":"WebdriverRUR2Cb6mjd"}
COMMAND: POST /session/5f042fc1c64931e48653a4fe2329ff65/execute/async - {"script":"<script> [1562 bytes]","args":[{"selector":{"id":"application-managepricingrules-display-component---newInfoPriceItem--condValidTo","interaction":{"idSuffix":"inner"}},"wdio_ui5_key":"applicationmanagepricingrules-display-component---newInfoPriceItem--condValidTo"}]}
COMMAND: GET /session/5f042fc1c64931e48653a4fe2329ff65/screenshot - {}
RESULT: {}
RESULT: {"script":"<script> [1562 bytes]","args":[{"selector":{"id":"application-managepricingrules-display-component---newInfoPriceItem--condValidTo","interaction":{"idSuffix":"inner"}},"wdio_ui5_key":"applicationmanagepricingrules-display-component---newInfoPriceItem--condValidTo"}]}
RESULT: undefined
COMMAND: POST /session/5f042fc1c64931e48653a4fe2329ff65/execute/async - {"script":"<script> [776 bytes]","args":[{"enterText":"5/18/33","selector":{"id":"application-managepricingrules-display-component---newInfoPriceItem--condValidTo","interaction":{"idSuffix":"inner"}},"clearTextFirst":true,"interactionType":"ENTER_TEXT"}]}
RESULT: {}
RESULT: {"script":"<script> [776 bytes]","args":[{"enterText":"5/18/33","selector":{"id":"application-managepricingrules-display-component---newInfoPriceItem--condValidTo","interaction":{"idSuffix":"inner"}},"clearTextFirst":true,"interactionType":"ENTER_TEXT"}]}
COMMAND: POST /session/5f042fc1c64931e48653a4fe2329ff65/execute/async - {"script":"<script> [1562 bytes]","args":[{"selector":{"id":"application-managepricingrules-display-component---newInfoPriceItem--billType-arrow"},"wdio_ui5_key":"applicationmanagepricingrules-display-component---newInfoPriceItem--billType-arrow"}]}
RESULT: {"script":"<script> [1562 bytes]","args":[{"selector":{"id":"application-managepricingrules-display-component---newInfoPriceItem--billType-arrow"},"wdio_ui5_key":"applicationmanagepricingrules-display-component---newInfoPriceItem--billType-arrow"}]}
RESULT: undefined
COMMAND: POST /session/5f042fc1c64931e48653a4fe2329ff65/element - {"using":"xpath","value":"//*[@id=\"application-managepricingrules-display-component---newInfoPriceItem--billType-arrow\"]"}
RESULT: {"using":"xpath","value":"//*[@id=\"application-managepricingrules-display-component---newInfoPriceItem--billType-arrow\"]"}
COMMAND: POST /session/5f042fc1c64931e48653a4fe2329ff65/element/f.85A0C08C11805158FB40365BE7F8DFE2.d.A363144A912039B3A54DE2A9E5D39274.e.15334/click - {}
RESULT: {}
COMMAND: POST /session/5f042fc1c64931e48653a4fe2329ff65/element - {"using":"xpath","value":"//span[contains(text(), \"TB - Time based\")]"}
COMMAND: GET /session/5f042fc1c64931e48653a4fe2329ff65/screenshot - {}
RESULT: {"using":"xpath","value":"//span[contains(text(), \"TB - Time based\")]"}
COMMAND: POST /session/5f042fc1c64931e48653a4fe2329ff65/element/f.85A0C08C11805158FB40365BE7F8DFE2.d.A363144A912039B3A54DE2A9E5D39274.e.15335/click - {}
RESULT: {}
RESULT: {}
COMMAND: POST /session/5f042fc1c64931e48653a4fe2329ff65/execute/async - {"script":"<script> [1562 bytes]","args":[{"selector":{"id":"application-managepricingrules-display-component---newInfoPriceItem--priceProc-arrow"},"wdio_ui5_key":"applicationmanagepricingrules-display-component---newInfoPriceItem--priceProc-arrow"}]}
COMMAND: GET /session/5f042fc1c64931e48653a4fe2329ff65/screenshot - {}
RESULT: {"script":"<script> [1562 bytes]","args":[{"selector":{"id":"application-managepricingrules-display-component---newInfoPriceItem--priceProc-arrow"},"wdio_ui5_key":"applicationmanagepricingrules-display-component---newInfoPriceItem--priceProc-arrow"}]}
RESULT: undefined
COMMAND: POST /session/5f042fc1c64931e48653a4fe2329ff65/element - {"using":"xpath","value":"//*[@id=\"application-managepricingrules-display-component---newInfoPriceItem--priceProc-arrow\"]"}
RESULT: {}
RESULT: {"using":"xpath","value":"//*[@id=\"application-managepricingrules-display-component---newInfoPriceItem--priceProc-arrow\"]"}
COMMAND: POST /session/5f042fc1c64931e48653a4fe2329ff65/element/f.85A0C08C11805158FB40365BE7F8DFE2.d.A363144A912039B3A54DE2A9E5D39274.e.15336/click - {}
RESULT: {}
COMMAND: POST /session/5f042fc1c64931e48653a4fe2329ff65/element - {"using":"xpath","value":"//span[contains(text(), \"TBS - Time based standard\")]"}
COMMAND: GET /session/5f042fc1c64931e48653a4fe2329ff65/screenshot - {}
RESULT: {"using":"xpath","value":"//span[contains(text(), \"TBS - Time based standard\")]"}
COMMAND: POST /session/5f042fc1c64931e48653a4fe2329ff65/element/f.85A0C08C11805158FB40365BE7F8DFE2.d.A363144A912039B3A54DE2A9E5D39274.e.15337/click - {}
RESULT: {}
RESULT: {}
COMMAND: POST /session/5f042fc1c64931e48653a4fe2329ff65/execute/async - {"script":"<script> [1562 bytes]","args":[{"selector":{"id":"application-managepricingrules-display-component---newInfoPriceItem--calcBase-arrow"},"wdio_ui5_key":"applicationmanagepricingrules-display-component---newInfoPriceItem--calcBase-arrow"}]}
COMMAND: GET /session/5f042fc1c64931e48653a4fe2329ff65/screenshot - {}
RESULT: {"script":"<script> [1562 bytes]","args":[{"selector":{"id":"application-managepricingrules-display-component---newInfoPriceItem--calcBase-arrow"},"wdio_ui5_key":"applicationmanagepricingrules-display-component---newInfoPriceItem--calcBase-arrow"}]}
RESULT: undefined
COMMAND: POST /session/5f042fc1c64931e48653a4fe2329ff65/element - {"using":"xpath","value":"//*[@id=\"application-managepricingrules-display-component---newInfoPriceItem--calcBase-arrow\"]"}
RESULT: {}
RESULT: {"using":"xpath","value":"//*[@id=\"application-managepricingrules-display-component---newInfoPriceItem--calcBase-arrow\"]"}
COMMAND: POST /session/5f042fc1c64931e48653a4fe2329ff65/element/f.85A0C08C11805158FB40365BE7F8DFE2.d.A363144A912039B3A54DE2A9E5D39274.e.15338/click - {}
RESULT: {}
COMMAND: GET /session/5f042fc1c64931e48653a4fe2329ff65/screenshot - {}
RESULT: {}
COMMAND: POST /session/5f042fc1c64931e48653a4fe2329ff65/element - {"using":"xpath","value":"//span[contains(text(), \"0006 - TB(calendar days)\")]"}
RESULT: {"using":"xpath","value":"//span[contains(text(), \"0006 - TB(calendar days)\")]"}
COMMAND: POST /session/5f042fc1c64931e48653a4fe2329ff65/element/f.85A0C08C11805158FB40365BE7F8DFE2.d.A363144A912039B3A54DE2A9E5D39274.e.15339/click - {}
RESULT: {}
COMMAND: POST /session/5f042fc1c64931e48653a4fe2329ff65/execute/async - {"script":"<script> [1562 bytes]","args":[{"selector":{"id":"application-managepricingrules-display-component---newInfoPriceItem--daysMonth","interaction":{"idSuffix":"inner"}},"wdio_ui5_key":"applicationmanagepricingrules-display-component---newInfoPriceItem--daysMonth"}]}
COMMAND: GET /session/5f042fc1c64931e48653a4fe2329ff65/screenshot - {}
RESULT: {"script":"<script> [1562 bytes]","args":[{"selector":{"id":"application-managepricingrules-display-component---newInfoPriceItem--daysMonth","interaction":{"idSuffix":"inner"}},"wdio_ui5_key":"applicationmanagepricingrules-display-component---newInfoPriceItem--daysMonth"}]}
RESULT: undefined
COMMAND: POST /session/5f042fc1c64931e48653a4fe2329ff65/execute/async - {"script":"<script> [776 bytes]","args":[{"enterText":"30","selector":{"id":"application-managepricingrules-display-component---newInfoPriceItem--daysMonth","interaction":{"idSuffix":"inner"}},"clearTextFirst":true,"interactionType":"ENTER_TEXT"}]}
RESULT: {}
RESULT: {"script":"<script> [776 bytes]","args":[{"enterText":"30","selector":{"id":"application-managepricingrules-display-component---newInfoPriceItem--daysMonth","interaction":{"idSuffix":"inner"}},"clearTextFirst":true,"interactionType":"ENTER_TEXT"}]}
COMMAND: POST /session/5f042fc1c64931e48653a4fe2329ff65/element - {"using":"xpath","value":"//button[@data-kt=\"saveNewRuleButton\"]"}
RESULT: {"using":"xpath","value":"//button[@data-kt=\"saveNewRuleButton\"]"}
COMMAND: POST /session/5f042fc1c64931e48653a4fe2329ff65/element/f.85A0C08C11805158FB40365BE7F8DFE2.d.A363144A912039B3A54DE2A9E5D39274.e.15341/click - {}
RESULT: {}
COMMAND: GET /session/5f042fc1c64931e48653a4fe2329ff65/screenshot - {}
RESULT: {}
COMMAND: POST /session/5f042fc1c64931e48653a4fe2329ff65/element - {"using":"css selector","value":"#shell-header-logo"}
RESULT: {"using":"css selector","value":"#shell-header-logo"}
COMMAND: POST /session/5f042fc1c64931e48653a4fe2329ff65/element/f.85A0C08C11805158FB40365BE7F8DFE2.d.A363144A912039B3A54DE2A9E5D39274.e.14943/click - {}
RESULT: {}
COMMAND: GET /session/5f042fc1c64931e48653a4fe2329ff65/screenshot - {}
RESULT: {}
COMMAND: POST /session/5f042fc1c64931e48653a4fe2329ff65/execute/async - {"script":"<script> [1562 bytes]","args":[{"selector":{"controlType":"sap.m.Text","properties":{"text":"Manage Conditions & Prices"},"interaction":{"idSuffix":"inner"}},"wdio_ui5_key":"sapm.Text{\"text\":\"Manage Conditions & Prices\"}"}]}
RESULT: {"script":"<script> [1562 bytes]","args":[{"selector":{"controlType":"sap.m.Text","properties":{"text":"Manage Conditions & Prices"},"interaction":{"idSuffix":"inner"}},"wdio_ui5_key":"sapm.Text{\"text\":\"Manage Conditions & Prices\"}"}]}
RESULT: undefined
COMMAND: POST /session/5f042fc1c64931e48653a4fe2329ff65/element - {"using":"xpath","value":"//*[@id=\"__tile53-title\"]"}
RESULT: {"using":"xpath","value":"//*[@id=\"__tile53-title\"]"}
COMMAND: POST /session/5f042fc1c64931e48653a4fe2329ff65/element/f.85A0C08C11805158FB40365BE7F8DFE2.d.A363144A912039B3A54DE2A9E5D39274.e.15365/click - {}
RESULT: {}
COMMAND: GET /session/5f042fc1c64931e48653a4fe2329ff65/screenshot - {}
RESULT: {}
COMMAND: POST /session/5f042fc1c64931e48653a4fe2329ff65/element - {"using":"xpath","value":"//button[@aria-label=\"Create\"]"}
RESULT: {"using":"xpath","value":"//button[@aria-label=\"Create\"]"}
COMMAND: POST /session/5f042fc1c64931e48653a4fe2329ff65/elements - {"using":"xpath","value":"//button[@aria-label=\"Create\"]"}
RESULT: {"using":"xpath","value":"//button[@aria-label=\"Create\"]"}
COMMAND: POST /session/5f042fc1c64931e48653a4fe2329ff65/elements - {"using":"xpath","value":"//button[@aria-label=\"Create\"]"}
RESULT: {"using":"xpath","value":"//button[@aria-label=\"Create\"]"}
COMMAND: POST /session/5f042fc1c64931e48653a4fe2329ff65/element - {"using":"xpath","value":"//button[@aria-label=\"Create\"]"}
RESULT: {"using":"xpath","value":"//button[@aria-label=\"Create\"]"}
COMMAND: POST /session/5f042fc1c64931e48653a4fe2329ff65/element/f.85A0C08C11805158FB40365BE7F8DFE2.d.A363144A912039B3A54DE2A9E5D39274.e.15396/click - {}
RESULT: {}
COMMAND: POST /session/5f042fc1c64931e48653a4fe2329ff65/actions - {"actions":[{"id":"action72","type":"key","parameters":{},"actions":[{"type":"keyDown","value":"î€‡"},{"type":"pause","duration":10},{"type":"keyUp","value":"î€‡"}]}]}
COMMAND: GET /session/5f042fc1c64931e48653a4fe2329ff65/screenshot - {}
RESULT: {"actions":[{"id":"action72","type":"key","parameters":{},"actions":[{"type":"keyDown","value":"î€‡"},{"type":"pause","duration":10},{"type":"keyUp","value":"î€‡"}]}]}
COMMAND: GET /session/5f042fc1c64931e48653a4fe2329ff65/screenshot - {}
COMMAND: POST /session/5f042fc1c64931e48653a4fe2329ff65/execute/async - {"script":"<script> [1562 bytes]","args":[{"selector":{"id":"application-manageconditionprice-display-component---newCondition--condBillCond-arrow"},"wdio_ui5_key":"applicationmanageconditionprice-display-component---newCondition--condBillCond-arrow"}]}
RESULT: {}
RESULT: {}
RESULT: {"script":"<script> [1562 bytes]","args":[{"selector":{"id":"application-manageconditionprice-display-component---newCondition--condBillCond-arrow"},"wdio_ui5_key":"applicationmanageconditionprice-display-component---newCondition--condBillCond-arrow"}]}
RESULT: undefined
COMMAND: POST /session/5f042fc1c64931e48653a4fe2329ff65/element - {"using":"xpath","value":"//*[@id=\"application-manageconditionprice-display-component---newCondition--condBillCond-arrow\"]"}
RESULT: {"using":"xpath","value":"//*[@id=\"application-manageconditionprice-display-component---newCondition--condBillCond-arrow\"]"}
COMMAND: POST /session/5f042fc1c64931e48653a4fe2329ff65/element/f.85A0C08C11805158FB40365BE7F8DFE2.d.A363144A912039B3A54DE2A9E5D39274.e.15703/click - {}
RESULT: {}
COMMAND: POST /session/5f042fc1c64931e48653a4fe2329ff65/element - {"using":"xpath","value":"//span[contains(text(), \"DISP - D&I special price\")]"}
COMMAND: GET /session/5f042fc1c64931e48653a4fe2329ff65/screenshot - {}
RESULT: {"using":"xpath","value":"//span[contains(text(), \"DISP - D&I special price\")]"}
COMMAND: POST /session/5f042fc1c64931e48653a4fe2329ff65/element/f.85A0C08C11805158FB40365BE7F8DFE2.d.A363144A912039B3A54DE2A9E5D39274.e.15704/click - {}
RESULT: {}
RESULT: {}
COMMAND: POST /session/5f042fc1c64931e48653a4fe2329ff65/execute/async - {"script":"<script> [1562 bytes]","args":[{"selector":{"id":"application-manageconditionprice-display-component---newCondition--condValidTo","interaction":{"idSuffix":"inner"}},"wdio_ui5_key":"applicationmanageconditionprice-display-component---newCondition--condValidTo"}]}
COMMAND: GET /session/5f042fc1c64931e48653a4fe2329ff65/screenshot - {}
RESULT: {"script":"<script> [1562 bytes]","args":[{"selector":{"id":"application-manageconditionprice-display-component---newCondition--condValidTo","interaction":{"idSuffix":"inner"}},"wdio_ui5_key":"applicationmanageconditionprice-display-component---newCondition--condValidTo"}]}
RESULT: undefined
COMMAND: POST /session/5f042fc1c64931e48653a4fe2329ff65/execute/async - {"script":"<script> [776 bytes]","args":[{"enterText":"5/11/33","selector":{"id":"application-manageconditionprice-display-component---newCondition--condValidTo","interaction":{"idSuffix":"inner"}},"clearTextFirst":true,"interactionType":"ENTER_TEXT"}]}
RESULT: {}
RESULT: {"script":"<script> [776 bytes]","args":[{"enterText":"5/11/33","selector":{"id":"application-manageconditionprice-display-component---newCondition--condValidTo","interaction":{"idSuffix":"inner"}},"clearTextFirst":true,"interactionType":"ENTER_TEXT"}]}
COMMAND: POST /session/5f042fc1c64931e48653a4fe2329ff65/element - {"using":"xpath","value":"//input[@id=\"application-manageconditionprice-display-component---newCondition--condRU-inner\"]"}
RESULT: {"using":"xpath","value":"//input[@id=\"application-manageconditionprice-display-component---newCondition--condRU-inner\"]"}
COMMAND: POST /session/5f042fc1c64931e48653a4fe2329ff65/element/f.85A0C08C11805158FB40365BE7F8DFE2.d.A363144A912039B3A54DE2A9E5D39274.e.15438/clear - {}
RESULT: {}
COMMAND: POST /session/5f042fc1c64931e48653a4fe2329ff65/element/f.85A0C08C11805158FB40365BE7F8DFE2.d.A363144A912039B3A54DE2A9E5D39274.e.15438/value - {"text":"WebdriverRUR2Cb6mjd"}
COMMAND: GET /session/5f042fc1c64931e48653a4fe2329ff65/screenshot - {}
RESULT: {"text":"WebdriverRUR2Cb6mjd"}
COMMAND: GET /session/5f042fc1c64931e48653a4fe2329ff65/screenshot - {}
RESULT: {}
RESULT: {}
COMMAND: POST /session/5f042fc1c64931e48653a4fe2329ff65/actions - {"actions":[{"id":"action73","type":"key","parameters":{},"actions":[{"type":"keyDown","value":"î€‡"},{"type":"pause","duration":10},{"type":"keyUp","value":"î€‡"}]}]}
RESULT: {"actions":[{"id":"action73","type":"key","parameters":{},"actions":[{"type":"keyDown","value":"î€‡"},{"type":"pause","duration":10},{"type":"keyUp","value":"î€‡"}]}]}
COMMAND: POST /session/5f042fc1c64931e48653a4fe2329ff65/execute/async - {"script":"<script> [1562 bytes]","args":[{"selector":{"id":"application-manageconditionprice-display-component---newCondition--condBaseQty","interaction":{"idSuffix":"inner"}},"wdio_ui5_key":"applicationmanageconditionprice-display-component---newCondition--condBaseQty"}]}
COMMAND: GET /session/5f042fc1c64931e48653a4fe2329ff65/screenshot - {}
RESULT: {"script":"<script> [1562 bytes]","args":[{"selector":{"id":"application-manageconditionprice-display-component---newCondition--condBaseQty","interaction":{"idSuffix":"inner"}},"wdio_ui5_key":"applicationmanageconditionprice-display-component---newCondition--condBaseQty"}]}
RESULT: undefined
COMMAND: POST /session/5f042fc1c64931e48653a4fe2329ff65/execute/async - {"script":"<script> [776 bytes]","args":[{"enterText":"1","selector":{"id":"application-manageconditionprice-display-component---newCondition--condBaseQty","interaction":{"idSuffix":"inner"}},"clearTextFirst":true,"interactionType":"ENTER_TEXT"}]}
RESULT: {}
RESULT: {"script":"<script> [776 bytes]","args":[{"enterText":"1","selector":{"id":"application-manageconditionprice-display-component---newCondition--condBaseQty","interaction":{"idSuffix":"inner"}},"clearTextFirst":true,"interactionType":"ENTER_TEXT"}]}
COMMAND: POST /session/5f042fc1c64931e48653a4fe2329ff65/execute/async - {"script":"<script> [1562 bytes]","args":[{"selector":{"id":"application-manageconditionprice-display-component---newCondition--condValue","interaction":{"idSuffix":"inner"}},"wdio_ui5_key":"applicationmanageconditionprice-display-component---newCondition--condValue"}]}
RESULT: {"script":"<script> [1562 bytes]","args":[{"selector":{"id":"application-manageconditionprice-display-component---newCondition--condValue","interaction":{"idSuffix":"inner"}},"wdio_ui5_key":"applicationmanageconditionprice-display-component---newCondition--condValue"}]}
RESULT: undefined
COMMAND: POST /session/5f042fc1c64931e48653a4fe2329ff65/execute/async - {"script":"<script> [776 bytes]","args":[{"enterText":"100","selector":{"id":"application-manageconditionprice-display-component---newCondition--condValue","interaction":{"idSuffix":"inner"}},"clearTextFirst":true,"interactionType":"ENTER_TEXT"}]}
RESULT: {"script":"<script> [776 bytes]","args":[{"enterText":"100","selector":{"id":"application-manageconditionprice-display-component---newCondition--condValue","interaction":{"idSuffix":"inner"}},"clearTextFirst":true,"interactionType":"ENTER_TEXT"}]}
COMMAND: POST /session/5f042fc1c64931e48653a4fe2329ff65/execute/async - {"script":"<script> [1562 bytes]","args":[{"selector":{"id":"application-manageconditionprice-display-component---newCondition--condCurr-arrow"},"wdio_ui5_key":"applicationmanageconditionprice-display-component---newCondition--condCurr-arrow"}]}
RESULT: {"script":"<script> [1562 bytes]","args":[{"selector":{"id":"application-manageconditionprice-display-component---newCondition--condCurr-arrow"},"wdio_ui5_key":"applicationmanageconditionprice-display-component---newCondition--condCurr-arrow"}]}
RESULT: undefined
COMMAND: POST /session/5f042fc1c64931e48653a4fe2329ff65/element - {"using":"xpath","value":"//*[@id=\"application-manageconditionprice-display-component---newCondition--condCurr-arrow\"]"}
RESULT: {"using":"xpath","value":"//*[@id=\"application-manageconditionprice-display-component---newCondition--condCurr-arrow\"]"}
COMMAND: POST /session/5f042fc1c64931e48653a4fe2329ff65/element/f.85A0C08C11805158FB40365BE7F8DFE2.d.A363144A912039B3A54DE2A9E5D39274.e.15550/click - {}
RESULT: {}
COMMAND: POST /session/5f042fc1c64931e48653a4fe2329ff65/element - {"using":"xpath","value":"//span[contains(text(), \"Euro\")]"}
COMMAND: GET /session/5f042fc1c64931e48653a4fe2329ff65/screenshot - {}
RESULT: {}
RESULT: {"using":"xpath","value":"//span[contains(text(), \"Euro\")]"}
COMMAND: POST /session/5f042fc1c64931e48653a4fe2329ff65/element/f.85A0C08C11805158FB40365BE7F8DFE2.d.A363144A912039B3A54DE2A9E5D39274.e.15740/click - {}
RESULT: {}
COMMAND: POST /session/5f042fc1c64931e48653a4fe2329ff65/element - {"using":"xpath","value":"//button[@data-kt=\"saveButton\"]"}
COMMAND: GET /session/5f042fc1c64931e48653a4fe2329ff65/screenshot - {}
RESULT: {"using":"xpath","value":"//button[@data-kt=\"saveButton\"]"}
COMMAND: POST /session/5f042fc1c64931e48653a4fe2329ff65/element/f.85A0C08C11805158FB40365BE7F8DFE2.d.A363144A912039B3A54DE2A9E5D39274.e.15551/click - {}
RESULT: {}
RESULT: {}
COMMAND: GET /session/5f042fc1c64931e48653a4fe2329ff65/screenshot - {}
RESULT: {}
COMMAND: POST /session/5f042fc1c64931e48653a4fe2329ff65/element - {"using":"css selector","value":"#shell-header-logo"}
RESULT: {"using":"css selector","value":"#shell-header-logo"}
COMMAND: POST /session/5f042fc1c64931e48653a4fe2329ff65/element/f.85A0C08C11805158FB40365BE7F8DFE2.d.A363144A912039B3A54DE2A9E5D39274.e.15368/click - {}
RESULT: {}
COMMAND: GET /session/5f042fc1c64931e48653a4fe2329ff65/screenshot - {}
RESULT: {}
]]></system-out>
    </testcase>
    <testcase classname="chrome.136_0_7103_49.windows.E2E_-_Logistical_and_commercial_statuses" name="Should create a new contract" time="62.909">
      <system-out><![CDATA[
COMMAND: POST /session/5f042fc1c64931e48653a4fe2329ff65/execute/async - {"script":"<script> [1562 bytes]","args":[{"selector":{"controlType":"sap.m.GenericTile","properties":{"header":"Manage Contracts"}},"wdio_ui5_key":"sapm.GenericTile{\"header\":\"Manage Contracts\"}"}]}
RESULT: {"script":"<script> [1562 bytes]","args":[{"selector":{"controlType":"sap.m.GenericTile","properties":{"header":"Manage Contracts"}},"wdio_ui5_key":"sapm.GenericTile{\"header\":\"Manage Contracts\"}"}]}
RESULT: undefined
COMMAND: POST /session/5f042fc1c64931e48653a4fe2329ff65/element - {"using":"xpath","value":"//*[@id=\"__tile130\"]"}
RESULT: {"using":"xpath","value":"//*[@id=\"__tile130\"]"}
COMMAND: POST /session/5f042fc1c64931e48653a4fe2329ff65/element/f.85A0C08C11805158FB40365BE7F8DFE2.d.A363144A912039B3A54DE2A9E5D39274.e.15892/click - {}
RESULT: {}
COMMAND: GET /session/5f042fc1c64931e48653a4fe2329ff65/screenshot - {}
RESULT: {}
COMMAND: POST /session/5f042fc1c64931e48653a4fe2329ff65/elements - {"using":"xpath","value":"//span[text()='Error']"}
RESULT: {"using":"xpath","value":"//span[text()='Error']"}
COMMAND: POST /session/5f042fc1c64931e48653a4fe2329ff65/element - {"using":"xpath","value":"//button[@data-kt=\"addButton\"]"}
RESULT: {"using":"xpath","value":"//button[@data-kt=\"addButton\"]"}
COMMAND: POST /session/5f042fc1c64931e48653a4fe2329ff65/element/f.85A0C08C11805158FB40365BE7F8DFE2.d.A363144A912039B3A54DE2A9E5D39274.e.15944/click - {}
RESULT: {}
COMMAND: GET /session/5f042fc1c64931e48653a4fe2329ff65/screenshot - {}
RESULT: {}
COMMAND: POST /session/5f042fc1c64931e48653a4fe2329ff65/execute/async - {"script":"<script> [1562 bytes]","args":[{"selector":{"id":"application-managecontracts-display-component---AddNewContract--projectDescription","interaction":{"idSuffix":"inner"}},"wdio_ui5_key":"applicationmanagecontracts-display-component---AddNewContract--projectDescription"}]}
RESULT: {"script":"<script> [1562 bytes]","args":[{"selector":{"id":"application-managecontracts-display-component---AddNewContract--projectDescription","interaction":{"idSuffix":"inner"}},"wdio_ui5_key":"applicationmanagecontracts-display-component---AddNewContract--projectDescription"}]}
RESULT: undefined
COMMAND: POST /session/5f042fc1c64931e48653a4fe2329ff65/execute/async - {"script":"<script> [776 bytes]","args":[{"enterText":"WdIOR2c7uyii","selector":{"id":"application-managecontracts-display-component---AddNewContract--projectDescription","interaction":{"idSuffix":"inner"}},"clearTextFirst":true,"interactionType":"ENTER_TEXT"}]}
RESULT: {"script":"<script> [776 bytes]","args":[{"enterText":"WdIOR2c7uyii","selector":{"id":"application-managecontracts-display-component---AddNewContract--projectDescription","interaction":{"idSuffix":"inner"}},"clearTextFirst":true,"interactionType":"ENTER_TEXT"}]}
COMMAND: POST /session/5f042fc1c64931e48653a4fe2329ff65/element - {"using":"xpath","value":"//input[@id=\"application-managecontracts-display-component---AddNewContract--yardId-inner\"]"}
RESULT: {"using":"xpath","value":"//input[@id=\"application-managecontracts-display-component---AddNewContract--yardId-inner\"]"}
COMMAND: POST /session/5f042fc1c64931e48653a4fe2329ff65/element/f.85A0C08C11805158FB40365BE7F8DFE2.d.A363144A912039B3A54DE2A9E5D39274.e.16242/clear - {}
RESULT: {}
COMMAND: POST /session/5f042fc1c64931e48653a4fe2329ff65/element/f.85A0C08C11805158FB40365BE7F8DFE2.d.A363144A912039B3A54DE2A9E5D39274.e.16242/value - {"text":"WebdriverYardgi1xhj"}
COMMAND: GET /session/5f042fc1c64931e48653a4fe2329ff65/screenshot - {}
RESULT: {"text":"WebdriverYardgi1xhj"}
COMMAND: GET /session/5f042fc1c64931e48653a4fe2329ff65/screenshot - {}
RESULT: {}
RESULT: {}
COMMAND: POST /session/5f042fc1c64931e48653a4fe2329ff65/actions - {"actions":[{"id":"action74","type":"key","parameters":{},"actions":[{"type":"keyDown","value":"î€‡"},{"type":"pause","duration":10},{"type":"keyUp","value":"î€‡"}]}]}
RESULT: {"actions":[{"id":"action74","type":"key","parameters":{},"actions":[{"type":"keyDown","value":"î€‡"},{"type":"pause","duration":10},{"type":"keyUp","value":"î€‡"}]}]}
COMMAND: GET /session/5f042fc1c64931e48653a4fe2329ff65/screenshot - {}
RESULT: {}
COMMAND: POST /session/5f042fc1c64931e48653a4fe2329ff65/element - {"using":"xpath","value":"//input[@id=\"application-managecontracts-display-component---AddNewContract--customerSelect-inner\"]"}
RESULT: {"using":"xpath","value":"//input[@id=\"application-managecontracts-display-component---AddNewContract--customerSelect-inner\"]"}
COMMAND: POST /session/5f042fc1c64931e48653a4fe2329ff65/element/f.85A0C08C11805158FB40365BE7F8DFE2.d.A363144A912039B3A54DE2A9E5D39274.e.16240/clear - {}
RESULT: {}
COMMAND: POST /session/5f042fc1c64931e48653a4fe2329ff65/element/f.85A0C08C11805158FB40365BE7F8DFE2.d.A363144A912039B3A54DE2A9E5D39274.e.16240/value - {"text":"WebdriverPartnern3jkg"}
COMMAND: GET /session/5f042fc1c64931e48653a4fe2329ff65/screenshot - {}
RESULT: {"text":"WebdriverPartnern3jkg"}
COMMAND: GET /session/5f042fc1c64931e48653a4fe2329ff65/screenshot - {}
RESULT: {}
RESULT: {}
COMMAND: POST /session/5f042fc1c64931e48653a4fe2329ff65/actions - {"actions":[{"id":"action75","type":"key","parameters":{},"actions":[{"type":"keyDown","value":"î€‡"},{"type":"pause","duration":10},{"type":"keyUp","value":"î€‡"}]}]}
RESULT: {"actions":[{"id":"action75","type":"key","parameters":{},"actions":[{"type":"keyDown","value":"î€‡"},{"type":"pause","duration":10},{"type":"keyUp","value":"î€‡"}]}]}
COMMAND: GET /session/5f042fc1c64931e48653a4fe2329ff65/screenshot - {}
RESULT: {}
COMMAND: POST /session/5f042fc1c64931e48653a4fe2329ff65/element - {"using":"xpath","value":"//input[@id=\"application-managecontracts-display-component---AddNewContract--site-inner\"]"}
RESULT: {"using":"xpath","value":"//input[@id=\"application-managecontracts-display-component---AddNewContract--site-inner\"]"}
COMMAND: POST /session/5f042fc1c64931e48653a4fe2329ff65/element/f.85A0C08C11805158FB40365BE7F8DFE2.d.A363144A912039B3A54DE2A9E5D39274.e.16241/clear - {}
RESULT: {}
COMMAND: POST /session/5f042fc1c64931e48653a4fe2329ff65/element/f.85A0C08C11805158FB40365BE7F8DFE2.d.A363144A912039B3A54DE2A9E5D39274.e.16241/value - {"text":"WebdriverSite5npjx"}
COMMAND: GET /session/5f042fc1c64931e48653a4fe2329ff65/screenshot - {}
RESULT: {"text":"WebdriverSite5npjx"}
COMMAND: GET /session/5f042fc1c64931e48653a4fe2329ff65/screenshot - {}
RESULT: {}
RESULT: {}
COMMAND: POST /session/5f042fc1c64931e48653a4fe2329ff65/actions - {"actions":[{"id":"action76","type":"key","parameters":{},"actions":[{"type":"keyDown","value":"î€‡"},{"type":"pause","duration":10},{"type":"keyUp","value":"î€‡"}]}]}
RESULT: {"actions":[{"id":"action76","type":"key","parameters":{},"actions":[{"type":"keyDown","value":"î€‡"},{"type":"pause","duration":10},{"type":"keyUp","value":"î€‡"}]}]}
COMMAND: POST /session/5f042fc1c64931e48653a4fe2329ff65/element - {"using":"xpath","value":"//button[@data-kt=\"saveButton\"]"}
COMMAND: GET /session/5f042fc1c64931e48653a4fe2329ff65/screenshot - {}
RESULT: {"using":"xpath","value":"//button[@data-kt=\"saveButton\"]"}
COMMAND: POST /session/5f042fc1c64931e48653a4fe2329ff65/element/f.85A0C08C11805158FB40365BE7F8DFE2.d.A363144A912039B3A54DE2A9E5D39274.e.16277/click - {}
RESULT: {}
RESULT: {}
COMMAND: GET /session/5f042fc1c64931e48653a4fe2329ff65/screenshot - {}
RESULT: {}
COMMAND: POST /session/5f042fc1c64931e48653a4fe2329ff65/execute/async - {"script":"<script> [1562 bytes]","args":[{"selector":{"id":"contractDetailTitleNoExpanded","viewName":"etm.portal.ui.managecontracts.view.Detail"},"wdio_ui5_key":"contractDetailTitleNoExpandedetmportal.ui.managecontracts.view.Detail"}]}
RESULT: {"script":"<script> [1562 bytes]","args":[{"selector":{"id":"contractDetailTitleNoExpanded","viewName":"etm.portal.ui.managecontracts.view.Detail"},"wdio_ui5_key":"contractDetailTitleNoExpandedetmportal.ui.managecontracts.view.Detail"}]}
RESULT: undefined
COMMAND: POST /session/5f042fc1c64931e48653a4fe2329ff65/execute/async - {"script":"<script> [6424 bytes]","args":[{"element-6066-11e4-a52e-4f735466cecf":"f.85A0C08C11805158FB40365BE7F8DFE2.d.A363144A912039B3A54DE2A9E5D39274.e.16347"},"getText",[]]}
RESULT: {"script":"<script> [6424 bytes]","args":[{"element-6066-11e4-a52e-4f735466cecf":"f.85A0C08C11805158FB40365BE7F8DFE2.d.A363144A912039B3A54DE2A9E5D39274.e.16347"},"getText",[]]}
]]></system-out>
    </testcase>
    <testcase classname="chrome.136_0_7103_49.windows.E2E_-_Logistical_and_commercial_statuses" name="Should add materialID to the contract" time="41.931">
      <system-out><![CDATA[
COMMAND: POST /session/5f042fc1c64931e48653a4fe2329ff65/element - {"using":"xpath","value":"//button[@data-kt=\"contractDetailEditBtnButton\"]"}
RESULT: {"using":"xpath","value":"//button[@data-kt=\"contractDetailEditBtnButton\"]"}
COMMAND: POST /session/5f042fc1c64931e48653a4fe2329ff65/element/f.85A0C08C11805158FB40365BE7F8DFE2.d.A363144A912039B3A54DE2A9E5D39274.e.16348/click - {}
RESULT: {}
COMMAND: GET /session/5f042fc1c64931e48653a4fe2329ff65/screenshot - {}
RESULT: {}
COMMAND: POST /session/5f042fc1c64931e48653a4fe2329ff65/element - {"using":"xpath","value":"(//span[contains(text(), \"Additional Addresses\")])[2]"}
RESULT: {"using":"xpath","value":"(//span[contains(text(), \"Additional Addresses\")])[2]"}
COMMAND: POST /session/5f042fc1c64931e48653a4fe2329ff65/element/f.85A0C08C11805158FB40365BE7F8DFE2.d.A363144A912039B3A54DE2A9E5D39274.e.16407/click - {}
RESULT: {}
COMMAND: GET /session/5f042fc1c64931e48653a4fe2329ff65/screenshot - {}
RESULT: {}
COMMAND: POST /session/5f042fc1c64931e48653a4fe2329ff65/element - {"using":"xpath","value":"//button[@data-kt=\"btnAddTableRowOverflowToolbarButton\"]"}
RESULT: {"using":"xpath","value":"//button[@data-kt=\"btnAddTableRowOverflowToolbarButton\"]"}
COMMAND: POST /session/5f042fc1c64931e48653a4fe2329ff65/element/f.85A0C08C11805158FB40365BE7F8DFE2.d.A363144A912039B3A54DE2A9E5D39274.e.16409/click - {}
RESULT: {}
COMMAND: GET /session/5f042fc1c64931e48653a4fe2329ff65/screenshot - {}
RESULT: {}
COMMAND: POST /session/5f042fc1c64931e48653a4fe2329ff65/element - {"using":"xpath","value":"//div[(text() = 'Standard Entry' or . = 'Standard Entry')]"}
RESULT: {"using":"xpath","value":"//div[(text() = 'Standard Entry' or . = 'Standard Entry')]"}
COMMAND: POST /session/5f042fc1c64931e48653a4fe2329ff65/element/f.85A0C08C11805158FB40365BE7F8DFE2.d.A363144A912039B3A54DE2A9E5D39274.e.16411/click - {}
RESULT: {}
COMMAND: POST /session/5f042fc1c64931e48653a4fe2329ff65/element - {"using":"xpath","value":"//td[6]/div/div/input[1]"}
COMMAND: GET /session/5f042fc1c64931e48653a4fe2329ff65/screenshot - {}
RESULT: {"using":"xpath","value":"//td[6]/div/div/input[1]"}
COMMAND: POST /session/5f042fc1c64931e48653a4fe2329ff65/element/f.85A0C08C11805158FB40365BE7F8DFE2.d.A363144A912039B3A54DE2A9E5D39274.e.16413/click - {}
RESULT: {}
RESULT: {}
COMMAND: POST /session/5f042fc1c64931e48653a4fe2329ff65/actions - {"actions":[{"id":"action77","type":"key","parameters":{},"actions":[{"type":"keyDown","value":"î€ƒ"},{"type":"pause","duration":10},{"type":"keyUp","value":"î€ƒ"}]}]}
COMMAND: GET /session/5f042fc1c64931e48653a4fe2329ff65/screenshot - {}
RESULT: {"actions":[{"id":"action77","type":"key","parameters":{},"actions":[{"type":"keyDown","value":"î€ƒ"},{"type":"pause","duration":10},{"type":"keyUp","value":"î€ƒ"}]}]}
COMMAND: POST /session/5f042fc1c64931e48653a4fe2329ff65/element - {"using":"xpath","value":"//td[6]/div/div/input[1]"}
COMMAND: GET /session/5f042fc1c64931e48653a4fe2329ff65/screenshot - {}
RESULT: {}
RESULT: {"using":"xpath","value":"//td[6]/div/div/input[1]"}
COMMAND: POST /session/5f042fc1c64931e48653a4fe2329ff65/element/f.85A0C08C11805158FB40365BE7F8DFE2.d.A363144A912039B3A54DE2A9E5D39274.e.16413/clear - {}
RESULT: {}
RESULT: {}
COMMAND: POST /session/5f042fc1c64931e48653a4fe2329ff65/element/f.85A0C08C11805158FB40365BE7F8DFE2.d.A363144A912039B3A54DE2A9E5D39274.e.16413/value - {"text":"Material"}
COMMAND: GET /session/5f042fc1c64931e48653a4fe2329ff65/screenshot - {}
RESULT: {"text":"Material"}
COMMAND: GET /session/5f042fc1c64931e48653a4fe2329ff65/screenshot - {}
RESULT: {}
RESULT: {}
COMMAND: POST /session/5f042fc1c64931e48653a4fe2329ff65/actions - {"actions":[{"id":"action78","type":"key","parameters":{},"actions":[{"type":"keyDown","value":"î€‡"},{"type":"pause","duration":10},{"type":"keyUp","value":"î€‡"}]}]}
RESULT: {"actions":[{"id":"action78","type":"key","parameters":{},"actions":[{"type":"keyDown","value":"î€‡"},{"type":"pause","duration":10},{"type":"keyUp","value":"î€‡"}]}]}
COMMAND: GET /session/5f042fc1c64931e48653a4fe2329ff65/screenshot - {}
COMMAND: POST /session/5f042fc1c64931e48653a4fe2329ff65/actions - {"actions":[{"id":"action79","type":"key","parameters":{},"actions":[{"type":"keyDown","value":"î€‡"},{"type":"pause","duration":10},{"type":"keyUp","value":"î€‡"}]}]}
RESULT: {}
RESULT: {"actions":[{"id":"action79","type":"key","parameters":{},"actions":[{"type":"keyDown","value":"î€‡"},{"type":"pause","duration":10},{"type":"keyUp","value":"î€‡"}]}]}
COMMAND: POST /session/5f042fc1c64931e48653a4fe2329ff65/element - {"using":"xpath","value":"//td[7]/div/div/input"}
COMMAND: GET /session/5f042fc1c64931e48653a4fe2329ff65/screenshot - {}
RESULT: {"using":"xpath","value":"//td[7]/div/div/input"}
COMMAND: POST /session/5f042fc1c64931e48653a4fe2329ff65/element/f.85A0C08C11805158FB40365BE7F8DFE2.d.A363144A912039B3A54DE2A9E5D39274.e.16426/clear - {}
RESULT: {}
RESULT: {}
COMMAND: POST /session/5f042fc1c64931e48653a4fe2329ff65/element/f.85A0C08C11805158FB40365BE7F8DFE2.d.A363144A912039B3A54DE2A9E5D39274.e.16426/value - {"text":"WebdriverRUR2Cb6mjd"}
COMMAND: GET /session/5f042fc1c64931e48653a4fe2329ff65/screenshot - {}
RESULT: {"text":"WebdriverRUR2Cb6mjd"}
COMMAND: GET /session/5f042fc1c64931e48653a4fe2329ff65/screenshot - {}
RESULT: {}
RESULT: {}
COMMAND: POST /session/5f042fc1c64931e48653a4fe2329ff65/actions - {"actions":[{"id":"action80","type":"key","parameters":{},"actions":[{"type":"keyDown","value":"î€‡"},{"type":"pause","duration":10},{"type":"keyUp","value":"î€‡"}]}]}
RESULT: {"actions":[{"id":"action80","type":"key","parameters":{},"actions":[{"type":"keyDown","value":"î€‡"},{"type":"pause","duration":10},{"type":"keyUp","value":"î€‡"}]}]}
COMMAND: GET /session/5f042fc1c64931e48653a4fe2329ff65/screenshot - {}
RESULT: {}
COMMAND: POST /session/5f042fc1c64931e48653a4fe2329ff65/actions - {"actions":[{"id":"action81","type":"key","parameters":{},"actions":[{"type":"keyDown","value":"î€‡"},{"type":"pause","duration":10},{"type":"keyUp","value":"î€‡"}]}]}
RESULT: {"actions":[{"id":"action81","type":"key","parameters":{},"actions":[{"type":"keyDown","value":"î€‡"},{"type":"pause","duration":10},{"type":"keyUp","value":"î€‡"}]}]}
COMMAND: GET /session/5f042fc1c64931e48653a4fe2329ff65/screenshot - {}
RESULT: {}
COMMAND: POST /session/5f042fc1c64931e48653a4fe2329ff65/element - {"using":"xpath","value":"(//button[@data-kt=\"saveButton\"])[2]"}
RESULT: {"using":"xpath","value":"(//button[@data-kt=\"saveButton\"])[2]"}
COMMAND: POST /session/5f042fc1c64931e48653a4fe2329ff65/element/f.85A0C08C11805158FB40365BE7F8DFE2.d.A363144A912039B3A54DE2A9E5D39274.e.16449/click - {}
RESULT: {}
COMMAND: GET /session/5f042fc1c64931e48653a4fe2329ff65/screenshot - {}
RESULT: {}
]]></system-out>
    </testcase>
    <testcase classname="chrome.136_0_7103_49.windows.E2E_-_Logistical_and_commercial_statuses" name="It should follow the handover steps to the status fully provided" time="329.414">
      <system-out><![CDATA[
COMMAND: POST /session/5f042fc1c64931e48653a4fe2329ff65/execute/async - {"script":"<script> [1562 bytes]","args":[{"selector":{"id":"contractDetailProvideButton","viewName":"etm.portal.ui.managecontracts.view.Detail","interaction":{"idSuffix":"BDI-content"}},"wdio_ui5_key":"contractDetailProvideButtonetmportal.ui.managecontracts.view.Detail"}]}
RESULT: {"script":"<script> [1562 bytes]","args":[{"selector":{"id":"contractDetailProvideButton","viewName":"etm.portal.ui.managecontracts.view.Detail","interaction":{"idSuffix":"BDI-content"}},"wdio_ui5_key":"contractDetailProvideButtonetmportal.ui.managecontracts.view.Detail"}]}
RESULT: undefined
COMMAND: POST /session/5f042fc1c64931e48653a4fe2329ff65/element - {"using":"xpath","value":"//*[@id=\"__xmlview61--contractDetailProvideButton\"]"}
RESULT: {"using":"xpath","value":"//*[@id=\"__xmlview61--contractDetailProvideButton\"]"}
COMMAND: POST /session/5f042fc1c64931e48653a4fe2329ff65/element/f.85A0C08C11805158FB40365BE7F8DFE2.d.A363144A912039B3A54DE2A9E5D39274.e.16454/click - {}
RESULT: {}
COMMAND: GET /session/5f042fc1c64931e48653a4fe2329ff65/screenshot - {}
COMMAND: POST /session/5f042fc1c64931e48653a4fe2329ff65/execute/async - {"script":"<script> [1562 bytes]","args":[{"selector":{"id":"application-managehandovers-display-component---AddNewHO--oneStep","interaction":{"idSuffix":"CbBg"}},"wdio_ui5_key":"applicationmanagehandovers-display-component---AddNewHO--oneStep"}]}
RESULT: {}
RESULT: {"script":"<script> [1562 bytes]","args":[{"selector":{"id":"application-managehandovers-display-component---AddNewHO--oneStep","interaction":{"idSuffix":"CbBg"}},"wdio_ui5_key":"applicationmanagehandovers-display-component---AddNewHO--oneStep"}]}
RESULT: undefined
COMMAND: POST /session/5f042fc1c64931e48653a4fe2329ff65/element - {"using":"xpath","value":"//*[@id=\"application-managehandovers-display-component---AddNewHO--oneStep\"]"}
RESULT: {"using":"xpath","value":"//*[@id=\"application-managehandovers-display-component---AddNewHO--oneStep\"]"}
COMMAND: POST /session/5f042fc1c64931e48653a4fe2329ff65/element/f.85A0C08C11805158FB40365BE7F8DFE2.d.A363144A912039B3A54DE2A9E5D39274.e.16622/click - {}
RESULT: {}
RESULT: undefined
COMMAND: POST /session/5f042fc1c64931e48653a4fe2329ff65/execute/async - {"script":"<script> [776 bytes]","args":[{"enterText":"05/15/25","selector":{"id":"application-managehandovers-display-component---AddNewHO--dueDate","interaction":{"idSuffix":"inner"}},"clearTextFirst":true,"interactionType":"ENTER_TEXT"}]}
COMMAND: GET /session/5f042fc1c64931e48653a4fe2329ff65/screenshot - {}
RESULT: {"script":"<script> [776 bytes]","args":[{"enterText":"05/15/25","selector":{"id":"application-managehandovers-display-component---AddNewHO--dueDate","interaction":{"idSuffix":"inner"}},"clearTextFirst":true,"interactionType":"ENTER_TEXT"}]}
RESULT: undefined
COMMAND: POST /session/5f042fc1c64931e48653a4fe2329ff65/element - {"using":"xpath","value":"//*[@id=\"application-managehandovers-display-component---AddNewHO--ObjectPageLayout-anchBar-application-managehandovers-display-component---AddNewHO--section4-anchor\"]"}
RESULT: {}
RESULT: {"using":"xpath","value":"//*[@id=\"application-managehandovers-display-component---AddNewHO--ObjectPageLayout-anchBar-application-managehandovers-display-component---AddNewHO--section4-anchor\"]"}
COMMAND: POST /session/5f042fc1c64931e48653a4fe2329ff65/element/f.85A0C08C11805158FB40365BE7F8DFE2.d.A363144A912039B3A54DE2A9E5D39274.e.16625/click - {}
RESULT: {}
COMMAND: POST /session/5f042fc1c64931e48653a4fe2329ff65/execute/async - {"script":"<script> [1562 bytes]","args":[{"selector":{"controlType":"sap.ui.core.Icon","viewName":"etm.portal.ui.managehandovers.view.AddNewHO","viewId":"application-managehandovers-display-component---AddNewHO","properties":{"src":{"regex":{"source":"add"}}}},"wdio_ui5_key":"etmportal.ui.managehandovers.view.AddNewHOsap.ui.core.Icon{\"src\":{\"regex\":{\"source\":\"add\"}}}"}]}
COMMAND: GET /session/5f042fc1c64931e48653a4fe2329ff65/screenshot - {}
RESULT: {"script":"<script> [1562 bytes]","args":[{"selector":{"controlType":"sap.ui.core.Icon","viewName":"etm.portal.ui.managehandovers.view.AddNewHO","viewId":"application-managehandovers-display-component---AddNewHO","properties":{"src":{"regex":{"source":"add"}}}},"wdio_ui5_key":"etmportal.ui.managehandovers.view.AddNewHOsap.ui.core.Icon{\"src\":{\"regex\":{\"source\":\"add\"}}}"}]}
RESULT: undefined
COMMAND: POST /session/5f042fc1c64931e48653a4fe2329ff65/element - {"using":"xpath","value":"//*[@id=\"__button166-img\"]"}
RESULT: {}
RESULT: {"using":"xpath","value":"//*[@id=\"__button166-img\"]"}
COMMAND: POST /session/5f042fc1c64931e48653a4fe2329ff65/element/f.85A0C08C11805158FB40365BE7F8DFE2.d.A363144A912039B3A54DE2A9E5D39274.e.16629/click - {}
RESULT: {}
COMMAND: GET /session/5f042fc1c64931e48653a4fe2329ff65/screenshot - {}
RESULT: {}
RESULT: undefined
COMMAND: POST /session/5f042fc1c64931e48653a4fe2329ff65/element - {"using":"xpath","value":"//*[@id=\"application-managehandovers-display-component---AddNewHO--popup-sa\"]"}
RESULT: {"using":"xpath","value":"//*[@id=\"application-managehandovers-display-component---AddNewHO--popup-sa\"]"}
COMMAND: POST /session/5f042fc1c64931e48653a4fe2329ff65/element/f.85A0C08C11805158FB40365BE7F8DFE2.d.A363144A912039B3A54DE2A9E5D39274.e.16644/click - {}
RESULT: {}
COMMAND: POST /session/5f042fc1c64931e48653a4fe2329ff65/execute/async - {"script":"<script> [1562 bytes]","args":[{"selector":{"controlType":"sap.m.Button","viewName":"etm.portal.ui.managehandovers.view.AddNewHO","viewId":"application-managehandovers-display-component---AddNewHO","i18NText":{"propertyName":"text","key":"select"},"searchOpenDialogs":true,"interaction":{"idSuffix":"inner"}},"wdio_ui5_key":"etmportal.ui.managehandovers.view.AddNewHOsap.m.Button{\"propertyName\":\"text\",\"key\":\"select\"}"}]}
COMMAND: GET /session/5f042fc1c64931e48653a4fe2329ff65/screenshot - {}
RESULT: {"script":"<script> [1562 bytes]","args":[{"selector":{"controlType":"sap.m.Button","viewName":"etm.portal.ui.managehandovers.view.AddNewHO","viewId":"application-managehandovers-display-component---AddNewHO","i18NText":{"propertyName":"text","key":"select"},"searchOpenDialogs":true,"interaction":{"idSuffix":"inner"}},"wdio_ui5_key":"etmportal.ui.managehandovers.view.AddNewHOsap.m.Button{\"propertyName\":\"text\",\"key\":\"select\"}"}]}
RESULT: undefined
COMMAND: POST /session/5f042fc1c64931e48653a4fe2329ff65/element - {"using":"xpath","value":"//*[@id=\"__button169\"]"}
RESULT: {}
RESULT: {"using":"xpath","value":"//*[@id=\"__button169\"]"}
COMMAND: POST /session/5f042fc1c64931e48653a4fe2329ff65/element/f.85A0C08C11805158FB40365BE7F8DFE2.d.A363144A912039B3A54DE2A9E5D39274.e.16647/click - {}
RESULT: {}
COMMAND: POST /session/5f042fc1c64931e48653a4fe2329ff65/execute/async - {"script":"<script> [1562 bytes]","args":[{"selector":{"id":"application-managehandovers-display-component---AddNewHO--confirmCreationButton","interaction":{"idSuffix":"BDI-content"}},"wdio_ui5_key":"applicationmanagehandovers-display-component---AddNewHO--confirmCreationButton"}]}
COMMAND: GET /session/5f042fc1c64931e48653a4fe2329ff65/screenshot - {}
RESULT: {"script":"<script> [1562 bytes]","args":[{"selector":{"id":"application-managehandovers-display-component---AddNewHO--confirmCreationButton","interaction":{"idSuffix":"BDI-content"}},"wdio_ui5_key":"applicationmanagehandovers-display-component---AddNewHO--confirmCreationButton"}]}
RESULT: undefined
COMMAND: POST /session/5f042fc1c64931e48653a4fe2329ff65/element - {"using":"xpath","value":"//*[@id=\"application-managehandovers-display-component---AddNewHO--confirmCreationButton\"]"}
RESULT: {}
RESULT: {"using":"xpath","value":"//*[@id=\"application-managehandovers-display-component---AddNewHO--confirmCreationButton\"]"}
COMMAND: POST /session/5f042fc1c64931e48653a4fe2329ff65/element/f.85A0C08C11805158FB40365BE7F8DFE2.d.A363144A912039B3A54DE2A9E5D39274.e.16588/click - {}
RESULT: {}
COMMAND: GET /session/5f042fc1c64931e48653a4fe2329ff65/screenshot - {}
RESULT: {}
COMMAND: POST /session/5f042fc1c64931e48653a4fe2329ff65/element - {"using":"xpath","value":"//a[contains(@data-kt ,\"GeneralSectionReceiveContracttLink\")]"}
RESULT: {"using":"xpath","value":"//a[contains(@data-kt ,\"GeneralSectionReceiveContracttLink\")]"}
COMMAND: POST /session/5f042fc1c64931e48653a4fe2329ff65/element/f.85A0C08C11805158FB40365BE7F8DFE2.d.A363144A912039B3A54DE2A9E5D39274.e.16699/click - {}
RESULT: {}
COMMAND: GET /session/5f042fc1c64931e48653a4fe2329ff65/screenshot - {}
RESULT: {}
COMMAND: POST /session/5f042fc1c64931e48653a4fe2329ff65/element - {"using":"xpath","value":"//a[contains(@data-kt ,\"ContextMenuId2Link\")]"}
RESULT: {"using":"xpath","value":"//a[contains(@data-kt ,\"ContextMenuId2Link\")]"}
COMMAND: POST /session/5f042fc1c64931e48653a4fe2329ff65/element/f.85A0C08C11805158FB40365BE7F8DFE2.d.A363144A912039B3A54DE2A9E5D39274.e.16703/click - {}
RESULT: {}
COMMAND: GET /session/5f042fc1c64931e48653a4fe2329ff65/screenshot - {}
RESULT: {}
COMMAND: POST /session/5f042fc1c64931e48653a4fe2329ff65/execute/async - {"script":"<script> [1562 bytes]","args":[{"selector":{"controlType":"sap.m.ObjectStatus","viewName":"etm.portal.ui.managecontracts.view.Detail","bindingPath":{"propertyPath":"LINK_TO_LOGISTICAL_STATUS/DESCRIPTION","modelName":"catalogModel"}},"wdio_ui5_key":"etmportal.ui.managecontracts.view.Detailsap.m.ObjectStatus{\"propertyPath\":\"LINK_TO_LOGISTICAL_STATUS/DESCRIPTION\",\"modelName\":\"catalogModel\"}"}]}
RESULT: {"script":"<script> [1562 bytes]","args":[{"selector":{"controlType":"sap.m.ObjectStatus","viewName":"etm.portal.ui.managecontracts.view.Detail","bindingPath":{"propertyPath":"LINK_TO_LOGISTICAL_STATUS/DESCRIPTION","modelName":"catalogModel"}},"wdio_ui5_key":"etmportal.ui.managecontracts.view.Detailsap.m.ObjectStatus{\"propertyPath\":\"LINK_TO_LOGISTICAL_STATUS/DESCRIPTION\",\"modelName\":\"catalogModel\"}"}]}
RESULT: undefined
COMMAND: POST /session/5f042fc1c64931e48653a4fe2329ff65/execute/async - {"script":"<script> [6424 bytes]","args":[{"element-6066-11e4-a52e-4f735466cecf":"f.85A0C08C11805158FB40365BE7F8DFE2.d.A363144A912039B3A54DE2A9E5D39274.e.16936"},"getText",[]]}
RESULT: {"script":"<script> [6424 bytes]","args":[{"element-6066-11e4-a52e-4f735466cecf":"f.85A0C08C11805158FB40365BE7F8DFE2.d.A363144A912039B3A54DE2A9E5D39274.e.16936"},"getText",[]]}
COMMAND: POST /session/5f042fc1c64931e48653a4fe2329ff65/execute/async - {"script":"<script> [1562 bytes]","args":[{"selector":{"controlType":"sap.m.ObjectStatus","viewName":"etm.portal.ui.managecontracts.view.Detail","bindingPath":{"propertyPath":"LINK_TO_COMMERCIAL_STATUS/DESCRIPTION","modelName":"catalogModel"}},"wdio_ui5_key":"etmportal.ui.managecontracts.view.Detailsap.m.ObjectStatus{\"propertyPath\":\"LINK_TO_COMMERCIAL_STATUS/DESCRIPTION\",\"modelName\":\"catalogModel\"}"}]}
RESULT: {"script":"<script> [1562 bytes]","args":[{"selector":{"controlType":"sap.m.ObjectStatus","viewName":"etm.portal.ui.managecontracts.view.Detail","bindingPath":{"propertyPath":"LINK_TO_COMMERCIAL_STATUS/DESCRIPTION","modelName":"catalogModel"}},"wdio_ui5_key":"etmportal.ui.managecontracts.view.Detailsap.m.ObjectStatus{\"propertyPath\":\"LINK_TO_COMMERCIAL_STATUS/DESCRIPTION\",\"modelName\":\"catalogModel\"}"}]}
RESULT: undefined
COMMAND: POST /session/5f042fc1c64931e48653a4fe2329ff65/execute/async - {"script":"<script> [6424 bytes]","args":[{"element-6066-11e4-a52e-4f735466cecf":"f.85A0C08C11805158FB40365BE7F8DFE2.d.A363144A912039B3A54DE2A9E5D39274.e.16937"},"getText",[]]}
RESULT: {"script":"<script> [6424 bytes]","args":[{"element-6066-11e4-a52e-4f735466cecf":"f.85A0C08C11805158FB40365BE7F8DFE2.d.A363144A912039B3A54DE2A9E5D39274.e.16937"},"getText",[]]}
COMMAND: POST /session/5f042fc1c64931e48653a4fe2329ff65/execute/async - {"script":"<script> [1562 bytes]","args":[{"selector":{"id":"backBtn"},"wdio_ui5_key":"backBtn"}]}
RESULT: {"script":"<script> [1562 bytes]","args":[{"selector":{"id":"backBtn"},"wdio_ui5_key":"backBtn"}]}
RESULT: undefined
COMMAND: POST /session/5f042fc1c64931e48653a4fe2329ff65/element - {"using":"xpath","value":"//*[@id=\"backBtn\"]"}
RESULT: {"using":"xpath","value":"//*[@id=\"backBtn\"]"}
COMMAND: POST /session/5f042fc1c64931e48653a4fe2329ff65/element/f.85A0C08C11805158FB40365BE7F8DFE2.d.A363144A912039B3A54DE2A9E5D39274.e.16938/click - {}
RESULT: {}
COMMAND: GET /session/5f042fc1c64931e48653a4fe2329ff65/screenshot - {}
COMMAND: POST /session/5f042fc1c64931e48653a4fe2329ff65/execute/async - {"script":"<script> [1562 bytes]","args":[{"selector":{"controlType":"sap.m.Text","viewName":"etm.portal.ui.managehandovers.view.DetailExecuteHO","bindingPath":{"propertyPath":"NO","modelName":"catalogModel"}},"wdio_ui5_key":"etmportal.ui.managehandovers.view.DetailExecuteHOsap.m.Text{\"propertyPath\":\"NO\",\"modelName\":\"catalogModel\"}"}]}
RESULT: {}
RESULT: {"script":"<script> [1562 bytes]","args":[{"selector":{"controlType":"sap.m.Text","viewName":"etm.portal.ui.managehandovers.view.DetailExecuteHO","bindingPath":{"propertyPath":"NO","modelName":"catalogModel"}},"wdio_ui5_key":"etmportal.ui.managehandovers.view.DetailExecuteHOsap.m.Text{\"propertyPath\":\"NO\",\"modelName\":\"catalogModel\"}"}]}
RESULT: undefined
COMMAND: POST /session/5f042fc1c64931e48653a4fe2329ff65/execute/async - {"script":"<script> [6424 bytes]","args":[{"element-6066-11e4-a52e-4f735466cecf":"f.85A0C08C11805158FB40365BE7F8DFE2.d.A363144A912039B3A54DE2A9E5D39274.e.17083"},"getText",[]]}
RESULT: {"script":"<script> [6424 bytes]","args":[{"element-6066-11e4-a52e-4f735466cecf":"f.85A0C08C11805158FB40365BE7F8DFE2.d.A363144A912039B3A54DE2A9E5D39274.e.17083"},"getText",[]]}
COMMAND: POST /session/5f042fc1c64931e48653a4fe2329ff65/element - {"using":"xpath","value":"//input[contains(@id ,\"issueDatePicker-inner\")]"}
RESULT: {"using":"xpath","value":"//input[contains(@id ,\"issueDatePicker-inner\")]"}
COMMAND: GET /session/5f042fc1c64931e48653a4fe2329ff65/element/f.85A0C08C11805158FB40365BE7F8DFE2.d.A363144A912039B3A54DE2A9E5D39274.e.17065/property/value - {}
RESULT: {}
COMMAND: POST /session/5f042fc1c64931e48653a4fe2329ff65/element/f.85A0C08C11805158FB40365BE7F8DFE2.d.A363144A912039B3A54DE2A9E5D39274.e.17065/clear - {}
COMMAND: GET /session/5f042fc1c64931e48653a4fe2329ff65/screenshot - {}
RESULT: {}
COMMAND: POST /session/5f042fc1c64931e48653a4fe2329ff65/element/f.85A0C08C11805158FB40365BE7F8DFE2.d.A363144A912039B3A54DE2A9E5D39274.e.17065/value - {"text":"05/15/25"}
COMMAND: GET /session/5f042fc1c64931e48653a4fe2329ff65/screenshot - {}
RESULT: {}
RESULT: {"text":"05/15/25"}
COMMAND: GET /session/5f042fc1c64931e48653a4fe2329ff65/screenshot - {}
RESULT: {}
RESULT: {}
COMMAND: POST /session/5f042fc1c64931e48653a4fe2329ff65/execute/async - {"script":"<script> [1562 bytes]","args":[{"selector":{"controlType":"sap.m.Button","viewName":"etm.portal.ui.managehandovers.view.DetailExecuteHO","i18NText":{"propertyName":"text","key":"confirmAll"},"interaction":{"idSuffix":"inner"}},"wdio_ui5_key":"etmportal.ui.managehandovers.view.DetailExecuteHOsap.m.Button{\"propertyName\":\"text\",\"key\":\"confirmAll\"}"}]}
RESULT: {"script":"<script> [1562 bytes]","args":[{"selector":{"controlType":"sap.m.Button","viewName":"etm.portal.ui.managehandovers.view.DetailExecuteHO","i18NText":{"propertyName":"text","key":"confirmAll"},"interaction":{"idSuffix":"inner"}},"wdio_ui5_key":"etmportal.ui.managehandovers.view.DetailExecuteHOsap.m.Button{\"propertyName\":\"text\",\"key\":\"confirmAll\"}"}]}
RESULT: undefined
COMMAND: POST /session/5f042fc1c64931e48653a4fe2329ff65/element - {"using":"xpath","value":"//*[@id=\"__button249\"]"}
RESULT: {"using":"xpath","value":"//*[@id=\"__button249\"]"}
COMMAND: POST /session/5f042fc1c64931e48653a4fe2329ff65/element/f.85A0C08C11805158FB40365BE7F8DFE2.d.A363144A912039B3A54DE2A9E5D39274.e.17087/click - {}
RESULT: {}
COMMAND: GET /session/5f042fc1c64931e48653a4fe2329ff65/screenshot - {}
RESULT: {}
COMMAND: POST /session/5f042fc1c64931e48653a4fe2329ff65/actions - {"actions":[{"id":"action82","type":"key","parameters":{},"actions":[{"type":"keyDown","value":"î€‡"},{"type":"pause","duration":10},{"type":"keyUp","value":"î€‡"}]}]}
RESULT: {"actions":[{"id":"action82","type":"key","parameters":{},"actions":[{"type":"keyDown","value":"î€‡"},{"type":"pause","duration":10},{"type":"keyUp","value":"î€‡"}]}]}
COMMAND: GET /session/5f042fc1c64931e48653a4fe2329ff65/screenshot - {}
RESULT: {}
RESULT: undefined
COMMAND: POST /session/5f042fc1c64931e48653a4fe2329ff65/element - {"using":"xpath","value":"//*[@id=\"__button249\"]"}
RESULT: {"using":"xpath","value":"//*[@id=\"__button249\"]"}
COMMAND: POST /session/5f042fc1c64931e48653a4fe2329ff65/element/f.85A0C08C11805158FB40365BE7F8DFE2.d.A363144A912039B3A54DE2A9E5D39274.e.17087/click - {}
RESULT: {}
COMMAND: POST /session/5f042fc1c64931e48653a4fe2329ff65/execute/async - {"script":"<script> [1562 bytes]","args":[{"selector":{"controlType":"sap.m.Button","properties":{"text":"OK"},"searchOpenDialogs":true,"interaction":{"idSuffix":"content"}},"wdio_ui5_key":"sapm.Button{\"text\":\"OK\"}"}]}
COMMAND: GET /session/5f042fc1c64931e48653a4fe2329ff65/screenshot - {}
RESULT: {"script":"<script> [1562 bytes]","args":[{"selector":{"controlType":"sap.m.Button","properties":{"text":"OK"},"searchOpenDialogs":true,"interaction":{"idSuffix":"content"}},"wdio_ui5_key":"sapm.Button{\"text\":\"OK\"}"}]}
RESULT: undefined
COMMAND: POST /session/5f042fc1c64931e48653a4fe2329ff65/element - {"using":"xpath","value":"//*[@id=\"__mbox-btn-4\"]"}
RESULT: {}
RESULT: {"using":"xpath","value":"//*[@id=\"__mbox-btn-4\"]"}
COMMAND: POST /session/5f042fc1c64931e48653a4fe2329ff65/element/f.85A0C08C11805158FB40365BE7F8DFE2.d.A363144A912039B3A54DE2A9E5D39274.e.17095/click - {}
RESULT: {}
COMMAND: GET /session/5f042fc1c64931e48653a4fe2329ff65/screenshot - {}
RESULT: {}
COMMAND: POST /session/5f042fc1c64931e48653a4fe2329ff65/element - {"using":"xpath","value":"//button[contains(@data-kt ,\"execHoPickFooterButton\")]"}
RESULT: {"using":"xpath","value":"//button[contains(@data-kt ,\"execHoPickFooterButton\")]"}
COMMAND: POST /session/5f042fc1c64931e48653a4fe2329ff65/element/f.85A0C08C11805158FB40365BE7F8DFE2.d.A363144A912039B3A54DE2A9E5D39274.e.17099/click - {}
RESULT: {}
COMMAND: GET /session/5f042fc1c64931e48653a4fe2329ff65/screenshot - {}
RESULT: {}
COMMAND: POST /session/5f042fc1c64931e48653a4fe2329ff65/refresh - {}
RESULT: {}
COMMAND: GET /session/5f042fc1c64931e48653a4fe2329ff65/screenshot - {}
RESULT: {}
COMMAND: POST /session/5f042fc1c64931e48653a4fe2329ff65/refresh - {}
RESULT: {}
COMMAND: GET /session/5f042fc1c64931e48653a4fe2329ff65/screenshot - {}
RESULT: {}
COMMAND: POST /session/5f042fc1c64931e48653a4fe2329ff65/window/fullscreen - {}
RESULT: {}
COMMAND: POST /session/5f042fc1c64931e48653a4fe2329ff65/execute/async - {"script":"<script> [189 bytes]","args":[]}
RESULT: {"script":"<script> [189 bytes]","args":[]}
COMMAND: POST /session/5f042fc1c64931e48653a4fe2329ff65/execute/async - {"script":"<script> [123 bytes]","args":[]}
RESULT: {"script":"<script> [123 bytes]","args":[]}
COMMAND: POST /session/5f042fc1c64931e48653a4fe2329ff65/timeouts - {"script":"<number>"}
RESULT: {"script":"<number>"}
COMMAND: GET /session/5f042fc1c64931e48653a4fe2329ff65/timeouts - {}
RESULT: {}
RESULT: undefined
COMMAND: POST /session/5f042fc1c64931e48653a4fe2329ff65/execute/async - {"script":"<script> [2676 bytes]","args":[]}
RESULT: {"script":"<script> [2676 bytes]","args":[]}
COMMAND: POST /session/5f042fc1c64931e48653a4fe2329ff65/execute/async - {"script":"<script> [2342 bytes]","args":[{"protocol":"http","hostname":"0.0.0.0","path":"/","capabilities":{"browserName":"chrome","goog:chromeOptions":{"binary":"C:\\Program Files\\Google\\Chrome\\Application\\chrome.exe","args":["--start-maximized"]}},"logLevel":"warn","connectionRetryTimeout":120000,"connectionRetryCount":3,"logLevels":{},"enableDirectConnect":true,"strictSSL":true,"_":"65 more keys: [\"cacheDir\",\"port\",\"requestedCapabilities\",\"automationProtocol\",\"baseUrl\",\"waitforInterval\",\"waitforTimeout\",\"onReload\",\"beforeCommand\",\"afterCommand\",\"rootDir\",\"specs\",\"suites\",\"exclude\",\"groupLogsByTestSpec\",\"excludeDriverLogs\",\"bail\",\"framework\",\"reporters\",\"services\",\"maxInstances\",\"maxInstancesPerCapability\",\"injectGlobals\",\"filesToWatch\",\"execArgv\",\"runnerEnv\",\"runner\",\"shard\",\"specFileRetries\",\"specFileRetriesDelay\",\"specFileRetriesDeferred\",\"reporterSyncInterval\",\"reporterSyncTimeout\",\"cucumberFeaturesWithLineNumbers\",\"autoCompileOpts\",\"mochaOpts\",\"jasmineOpts\",\"cucumberOpts\",\"onPrepare\",\"onWorkerStart\",\"onWorkerEnd\",\"before\",\"beforeSession\",\"beforeSuite\",\"beforeHook\",\"beforeTest\",\"afterTest\",\"afterHook\",\"afterSuite\",\"afterSession\",\"after\",\"onComplete\",\"beforeAssertion\",\"afterAssertion\",\"beforeFeature\",\"beforeScenario\",\"beforeStep\",\"afterStep\",\"afterScenario\",\"afterFeature\",\"_\",\"suite\",\"$0\",\"ignoredWorkerServices\",\"wdi5\"]"}]}
RESULT: {"script":"<script> [2342 bytes]","args":[{"protocol":"http","hostname":"0.0.0.0","path":"/","capabilities":{"browserName":"chrome","goog:chromeOptions":{"binary":"C:\\Program Files\\Google\\Chrome\\Application\\chrome.exe","args":["--start-maximized"]}},"logLevel":"warn","connectionRetryTimeout":120000,"connectionRetryCount":3,"logLevels":{},"enableDirectConnect":true,"strictSSL":true,"_":"65 more keys: [\"cacheDir\",\"port\",\"requestedCapabilities\",\"automationProtocol\",\"baseUrl\",\"waitforInterval\",\"waitforTimeout\",\"onReload\",\"beforeCommand\",\"afterCommand\",\"rootDir\",\"specs\",\"suites\",\"exclude\",\"groupLogsByTestSpec\",\"excludeDriverLogs\",\"bail\",\"framework\",\"reporters\",\"services\",\"maxInstances\",\"maxInstancesPerCapability\",\"injectGlobals\",\"filesToWatch\",\"execArgv\",\"runnerEnv\",\"runner\",\"shard\",\"specFileRetries\",\"specFileRetriesDelay\",\"specFileRetriesDeferred\",\"reporterSyncInterval\",\"reporterSyncTimeout\",\"cucumberFeaturesWithLineNumbers\",\"autoCompileOpts\",\"mochaOpts\",\"jasmineOpts\",\"cucumberOpts\",\"onPrepare\",\"onWorkerStart\",\"onWorkerEnd\",\"before\",\"beforeSession\",\"beforeSuite\",\"beforeHook\",\"beforeTest\",\"afterTest\",\"afterHook\",\"afterSuite\",\"afterSession\",\"after\",\"onComplete\",\"beforeAssertion\",\"afterAssertion\",\"beforeFeature\",\"beforeScenario\",\"beforeStep\",\"afterStep\",\"afterScenario\",\"afterFeature\",\"_\",\"suite\",\"$0\",\"ignoredWorkerServices\",\"wdi5\"]"}]}
COMMAND: POST /session/5f042fc1c64931e48653a4fe2329ff65/execute/async - {"script":"<script> [21126 bytes]","args":[35000]}
RESULT: {"script":"<script> [21126 bytes]","args":[35000]}
COMMAND: POST /session/5f042fc1c64931e48653a4fe2329ff65/execute/async - {"script":"<script> [1562 bytes]","args":[{"selector":{"controlType":"sap.m.SearchField","viewName":"etm.portal.ui.managehandovers.view.MasterHO","bindingPath":{"path":"","propertyPath":"/_BASIC_SEARCH_FIELD","modelName":"fi1t3rM0d31"},"interaction":{"idSuffix":"I"}},"wdio_ui5_key":"etmportal.ui.managehandovers.view.MasterHOsap.m.SearchField{\"path\":\"\",\"propertyPath\":\"/_BASIC_SEARCH_FIELD\",\"modelName\":\"fi1t3rM0d31\"}"}]}
RESULT: {"script":"<script> [1562 bytes]","args":[{"selector":{"controlType":"sap.m.SearchField","viewName":"etm.portal.ui.managehandovers.view.MasterHO","bindingPath":{"path":"","propertyPath":"/_BASIC_SEARCH_FIELD","modelName":"fi1t3rM0d31"},"interaction":{"idSuffix":"I"}},"wdio_ui5_key":"etmportal.ui.managehandovers.view.MasterHOsap.m.SearchField{\"path\":\"\",\"propertyPath\":\"/_BASIC_SEARCH_FIELD\",\"modelName\":\"fi1t3rM0d31\"}"}]}
RESULT: undefined
COMMAND: POST /session/5f042fc1c64931e48653a4fe2329ff65/execute/async - {"script":"<script> [776 bytes]","args":[{"enterText":"30427","selector":{"controlType":"sap.m.SearchField","viewName":"etm.portal.ui.managehandovers.view.MasterHO","bindingPath":{"path":"","propertyPath":"/_BASIC_SEARCH_FIELD","modelName":"fi1t3rM0d31"},"interaction":{"idSuffix":"I"}},"clearTextFirst":true,"interactionType":"ENTER_TEXT"}]}
RESULT: {"script":"<script> [776 bytes]","args":[{"enterText":"30427","selector":{"controlType":"sap.m.SearchField","viewName":"etm.portal.ui.managehandovers.view.MasterHO","bindingPath":{"path":"","propertyPath":"/_BASIC_SEARCH_FIELD","modelName":"fi1t3rM0d31"},"interaction":{"idSuffix":"I"}},"clearTextFirst":true,"interactionType":"ENTER_TEXT"}]}
COMMAND: POST /session/5f042fc1c64931e48653a4fe2329ff65/actions - {"actions":[{"id":"action83","type":"key","parameters":{},"actions":[{"type":"keyDown","value":"î€‡"},{"type":"pause","duration":10},{"type":"keyUp","value":"î€‡"}]}]}
RESULT: {"actions":[{"id":"action83","type":"key","parameters":{},"actions":[{"type":"keyDown","value":"î€‡"},{"type":"pause","duration":10},{"type":"keyUp","value":"î€‡"}]}]}
COMMAND: GET /session/5f042fc1c64931e48653a4fe2329ff65/screenshot - {}
RESULT: {}
COMMAND: POST /session/5f042fc1c64931e48653a4fe2329ff65/execute/async - {"script":"<script> [1562 bytes]","args":[{"selector":{"controlType":"sap.m.Title","viewName":"etm.portal.ui.managehandovers.view.MasterHO","properties":{"text":"Records (1)"}},"wdio_ui5_key":"etmportal.ui.managehandovers.view.MasterHOsap.m.Title{\"text\":\"Records (1)\"}"}]}
RESULT: {"script":"<script> [1562 bytes]","args":[{"selector":{"controlType":"sap.m.Title","viewName":"etm.portal.ui.managehandovers.view.MasterHO","properties":{"text":"Records (1)"}},"wdio_ui5_key":"etmportal.ui.managehandovers.view.MasterHOsap.m.Title{\"text\":\"Records (1)\"}"}]}
RESULT: undefined
COMMAND: POST /session/5f042fc1c64931e48653a4fe2329ff65/execute/async - {"script":"<script> [6424 bytes]","args":[{"element-6066-11e4-a52e-4f735466cecf":"f.85A0C08C11805158FB40365BE7F8DFE2.d.AF06A830E600AE2610209486ACD3D047.e.17400"},"getText",[]]}
RESULT: {"script":"<script> [6424 bytes]","args":[{"element-6066-11e4-a52e-4f735466cecf":"f.85A0C08C11805158FB40365BE7F8DFE2.d.AF06A830E600AE2610209486ACD3D047.e.17400"},"getText",[]]}
COMMAND: POST /session/5f042fc1c64931e48653a4fe2329ff65/execute/async - {"script":"<script> [1562 bytes]","args":[{"selector":{"controlType":"sap.ui.core.Icon","viewName":"etm.portal.ui.managehandovers.view.MasterHO","properties":{"src":{"regex":{"source":"slim\\-arrow\\-right"}}}},"wdio_ui5_key":"etmportal.ui.managehandovers.view.MasterHOsap.ui.core.Icon{\"src\":{\"regex\":{\"source\":\"slim\\\\-arrow\\\\-right\"}}}"}]}
RESULT: {"script":"<script> [1562 bytes]","args":[{"selector":{"controlType":"sap.ui.core.Icon","viewName":"etm.portal.ui.managehandovers.view.MasterHO","properties":{"src":{"regex":{"source":"slim\\-arrow\\-right"}}}},"wdio_ui5_key":"etmportal.ui.managehandovers.view.MasterHOsap.ui.core.Icon{\"src\":{\"regex\":{\"source\":\"slim\\\\-arrow\\\\-right\"}}}"}]}
RESULT: undefined
COMMAND: POST /session/5f042fc1c64931e48653a4fe2329ff65/element - {"using":"xpath","value":"//*[@id=\"__item29-__clone17-imgNav\"]"}
RESULT: {"using":"xpath","value":"//*[@id=\"__item29-__clone17-imgNav\"]"}
COMMAND: POST /session/5f042fc1c64931e48653a4fe2329ff65/element/f.85A0C08C11805158FB40365BE7F8DFE2.d.AF06A830E600AE2610209486ACD3D047.e.17399/click - {}
RESULT: {}
COMMAND: GET /session/5f042fc1c64931e48653a4fe2329ff65/screenshot - {}
RESULT: {}
COMMAND: POST /session/5f042fc1c64931e48653a4fe2329ff65/element - {"using":"xpath","value":"//a[contains(@data-kt ,\"GeneralSectionReceiveContracttLink\")]"}
RESULT: {"using":"xpath","value":"//a[contains(@data-kt ,\"GeneralSectionReceiveContracttLink\")]"}
COMMAND: POST /session/5f042fc1c64931e48653a4fe2329ff65/element/f.85A0C08C11805158FB40365BE7F8DFE2.d.AF06A830E600AE2610209486ACD3D047.e.17489/click - {}
RESULT: {}
COMMAND: GET /session/5f042fc1c64931e48653a4fe2329ff65/screenshot - {}
RESULT: {}
COMMAND: POST /session/5f042fc1c64931e48653a4fe2329ff65/element - {"using":"xpath","value":"//a[contains(@data-kt ,\"ContextMenuId2Link\")]"}
RESULT: {"using":"xpath","value":"//a[contains(@data-kt ,\"ContextMenuId2Link\")]"}
COMMAND: POST /session/5f042fc1c64931e48653a4fe2329ff65/element/f.85A0C08C11805158FB40365BE7F8DFE2.d.AF06A830E600AE2610209486ACD3D047.e.17492/click - {}
RESULT: {}
COMMAND: GET /session/5f042fc1c64931e48653a4fe2329ff65/screenshot - {}
RESULT: {}
COMMAND: POST /session/5f042fc1c64931e48653a4fe2329ff65/execute/async - {"script":"<script> [1562 bytes]","args":[{"selector":{"controlType":"sap.m.ObjectStatus","viewName":"etm.portal.ui.managecontracts.view.Detail","bindingPath":{"propertyPath":"LINK_TO_LOGISTICAL_STATUS/DESCRIPTION","modelName":"catalogModel"}},"wdio_ui5_key":"etmportal.ui.managecontracts.view.Detailsap.m.ObjectStatus{\"propertyPath\":\"LINK_TO_LOGISTICAL_STATUS/DESCRIPTION\",\"modelName\":\"catalogModel\"}"}]}
RESULT: {"script":"<script> [1562 bytes]","args":[{"selector":{"controlType":"sap.m.ObjectStatus","viewName":"etm.portal.ui.managecontracts.view.Detail","bindingPath":{"propertyPath":"LINK_TO_LOGISTICAL_STATUS/DESCRIPTION","modelName":"catalogModel"}},"wdio_ui5_key":"etmportal.ui.managecontracts.view.Detailsap.m.ObjectStatus{\"propertyPath\":\"LINK_TO_LOGISTICAL_STATUS/DESCRIPTION\",\"modelName\":\"catalogModel\"}"}]}
RESULT: undefined
COMMAND: POST /session/5f042fc1c64931e48653a4fe2329ff65/execute/async - {"script":"<script> [6424 bytes]","args":[{"element-6066-11e4-a52e-4f735466cecf":"f.85A0C08C11805158FB40365BE7F8DFE2.d.AF06A830E600AE2610209486ACD3D047.e.17721"},"getText",[]]}
RESULT: {"script":"<script> [6424 bytes]","args":[{"element-6066-11e4-a52e-4f735466cecf":"f.85A0C08C11805158FB40365BE7F8DFE2.d.AF06A830E600AE2610209486ACD3D047.e.17721"},"getText",[]]}
COMMAND: POST /session/5f042fc1c64931e48653a4fe2329ff65/execute/async - {"script":"<script> [1562 bytes]","args":[{"selector":{"controlType":"sap.m.ObjectStatus","viewName":"etm.portal.ui.managecontracts.view.Detail","bindingPath":{"propertyPath":"LINK_TO_COMMERCIAL_STATUS/DESCRIPTION","modelName":"catalogModel"}},"wdio_ui5_key":"etmportal.ui.managecontracts.view.Detailsap.m.ObjectStatus{\"propertyPath\":\"LINK_TO_COMMERCIAL_STATUS/DESCRIPTION\",\"modelName\":\"catalogModel\"}"}]}
RESULT: {"script":"<script> [1562 bytes]","args":[{"selector":{"controlType":"sap.m.ObjectStatus","viewName":"etm.portal.ui.managecontracts.view.Detail","bindingPath":{"propertyPath":"LINK_TO_COMMERCIAL_STATUS/DESCRIPTION","modelName":"catalogModel"}},"wdio_ui5_key":"etmportal.ui.managecontracts.view.Detailsap.m.ObjectStatus{\"propertyPath\":\"LINK_TO_COMMERCIAL_STATUS/DESCRIPTION\",\"modelName\":\"catalogModel\"}"}]}
RESULT: undefined
COMMAND: POST /session/5f042fc1c64931e48653a4fe2329ff65/execute/async - {"script":"<script> [6424 bytes]","args":[{"element-6066-11e4-a52e-4f735466cecf":"f.85A0C08C11805158FB40365BE7F8DFE2.d.AF06A830E600AE2610209486ACD3D047.e.17723"},"getText",[]]}
RESULT: {"script":"<script> [6424 bytes]","args":[{"element-6066-11e4-a52e-4f735466cecf":"f.85A0C08C11805158FB40365BE7F8DFE2.d.AF06A830E600AE2610209486ACD3D047.e.17723"},"getText",[]]}
COMMAND: POST /session/5f042fc1c64931e48653a4fe2329ff65/execute/async - {"script":"<script> [1562 bytes]","args":[{"selector":{"id":"backBtn"},"wdio_ui5_key":"backBtn"}]}
RESULT: {"script":"<script> [1562 bytes]","args":[{"selector":{"id":"backBtn"},"wdio_ui5_key":"backBtn"}]}
RESULT: undefined
COMMAND: POST /session/5f042fc1c64931e48653a4fe2329ff65/element - {"using":"xpath","value":"//*[@id=\"backBtn\"]"}
RESULT: {"using":"xpath","value":"//*[@id=\"backBtn\"]"}
COMMAND: POST /session/5f042fc1c64931e48653a4fe2329ff65/element/f.85A0C08C11805158FB40365BE7F8DFE2.d.AF06A830E600AE2610209486ACD3D047.e.17724/click - {}
RESULT: {}
COMMAND: GET /session/5f042fc1c64931e48653a4fe2329ff65/screenshot - {}
COMMAND: POST /session/5f042fc1c64931e48653a4fe2329ff65/execute/async - {"script":"<script> [1562 bytes]","args":[{"selector":{"controlType":"sap.m.Button","viewName":"etm.portal.ui.managehandovers.view.DetailExecuteHO","i18NText":{"propertyName":"text","key":"confirmAll"},"interaction":{"idSuffix":"BDI-content"}},"wdio_ui5_key":"etmportal.ui.managehandovers.view.DetailExecuteHOsap.m.Button{\"propertyName\":\"text\",\"key\":\"confirmAll\"}"}]}
RESULT: {}
RESULT: {"script":"<script> [1562 bytes]","args":[{"selector":{"controlType":"sap.m.Button","viewName":"etm.portal.ui.managehandovers.view.DetailExecuteHO","i18NText":{"propertyName":"text","key":"confirmAll"},"interaction":{"idSuffix":"BDI-content"}},"wdio_ui5_key":"etmportal.ui.managehandovers.view.DetailExecuteHOsap.m.Button{\"propertyName\":\"text\",\"key\":\"confirmAll\"}"}]}
RESULT: undefined
COMMAND: POST /session/5f042fc1c64931e48653a4fe2329ff65/element - {"using":"xpath","value":"//*[@id=\"__button81\"]"}
RESULT: {"using":"xpath","value":"//*[@id=\"__button81\"]"}
COMMAND: POST /session/5f042fc1c64931e48653a4fe2329ff65/element/f.85A0C08C11805158FB40365BE7F8DFE2.d.AF06A830E600AE2610209486ACD3D047.e.17997/click - {}
RESULT: {}
COMMAND: GET /session/5f042fc1c64931e48653a4fe2329ff65/screenshot - {}
RESULT: {}
COMMAND: POST /session/5f042fc1c64931e48653a4fe2329ff65/execute/async - {"script":"<script> [1562 bytes]","args":[{"selector":{"controlType":"sap.m.Button","properties":{"text":"OK"},"searchOpenDialogs":true,"interaction":{"idSuffix":"inner"}},"wdio_ui5_key":"sapm.Button{\"text\":\"OK\"}"}]}
RESULT: {"script":"<script> [1562 bytes]","args":[{"selector":{"controlType":"sap.m.Button","properties":{"text":"OK"},"searchOpenDialogs":true,"interaction":{"idSuffix":"inner"}},"wdio_ui5_key":"sapm.Button{\"text\":\"OK\"}"}]}
RESULT: undefined
COMMAND: POST /session/5f042fc1c64931e48653a4fe2329ff65/element - {"using":"xpath","value":"//*[@id=\"__mbox-btn-0\"]"}
RESULT: {"using":"xpath","value":"//*[@id=\"__mbox-btn-0\"]"}
COMMAND: POST /session/5f042fc1c64931e48653a4fe2329ff65/element/f.85A0C08C11805158FB40365BE7F8DFE2.d.AF06A830E600AE2610209486ACD3D047.e.18003/click - {}
RESULT: {}
COMMAND: GET /session/5f042fc1c64931e48653a4fe2329ff65/screenshot - {}
RESULT: {}
COMMAND: POST /session/5f042fc1c64931e48653a4fe2329ff65/element - {"using":"xpath","value":"//button[contains(@data-kt ,\"execHoIssueFooterButton\")]"}
RESULT: {"using":"xpath","value":"//button[contains(@data-kt ,\"execHoIssueFooterButton\")]"}
COMMAND: POST /session/5f042fc1c64931e48653a4fe2329ff65/element/f.85A0C08C11805158FB40365BE7F8DFE2.d.AF06A830E600AE2610209486ACD3D047.e.18006/click - {}
RESULT: {}
COMMAND: GET /session/5f042fc1c64931e48653a4fe2329ff65/screenshot - {}
RESULT: {}
COMMAND: POST /session/5f042fc1c64931e48653a4fe2329ff65/refresh - {}
RESULT: {}
COMMAND: GET /session/5f042fc1c64931e48653a4fe2329ff65/screenshot - {}
RESULT: {}
COMMAND: POST /session/5f042fc1c64931e48653a4fe2329ff65/refresh - {}
RESULT: {}
COMMAND: GET /session/5f042fc1c64931e48653a4fe2329ff65/screenshot - {}
RESULT: {}
COMMAND: POST /session/5f042fc1c64931e48653a4fe2329ff65/window/fullscreen - {}
RESULT: {}
COMMAND: POST /session/5f042fc1c64931e48653a4fe2329ff65/execute/async - {"script":"<script> [189 bytes]","args":[]}
RESULT: {"script":"<script> [189 bytes]","args":[]}
COMMAND: POST /session/5f042fc1c64931e48653a4fe2329ff65/execute/async - {"script":"<script> [123 bytes]","args":[]}
RESULT: {"script":"<script> [123 bytes]","args":[]}
COMMAND: POST /session/5f042fc1c64931e48653a4fe2329ff65/timeouts - {"script":"<number>"}
RESULT: {"script":"<number>"}
COMMAND: GET /session/5f042fc1c64931e48653a4fe2329ff65/timeouts - {}
RESULT: {}
RESULT: undefined
COMMAND: POST /session/5f042fc1c64931e48653a4fe2329ff65/execute/async - {"script":"<script> [2676 bytes]","args":[]}
RESULT: {"script":"<script> [2676 bytes]","args":[]}
COMMAND: POST /session/5f042fc1c64931e48653a4fe2329ff65/execute/async - {"script":"<script> [2342 bytes]","args":[{"protocol":"http","hostname":"0.0.0.0","path":"/","capabilities":{"browserName":"chrome","goog:chromeOptions":{"binary":"C:\\Program Files\\Google\\Chrome\\Application\\chrome.exe","args":["--start-maximized"]}},"logLevel":"warn","connectionRetryTimeout":120000,"connectionRetryCount":3,"logLevels":{},"enableDirectConnect":true,"strictSSL":true,"_":"65 more keys: [\"cacheDir\",\"port\",\"requestedCapabilities\",\"automationProtocol\",\"baseUrl\",\"waitforInterval\",\"waitforTimeout\",\"onReload\",\"beforeCommand\",\"afterCommand\",\"rootDir\",\"specs\",\"suites\",\"exclude\",\"groupLogsByTestSpec\",\"excludeDriverLogs\",\"bail\",\"framework\",\"reporters\",\"services\",\"maxInstances\",\"maxInstancesPerCapability\",\"injectGlobals\",\"filesToWatch\",\"execArgv\",\"runnerEnv\",\"runner\",\"shard\",\"specFileRetries\",\"specFileRetriesDelay\",\"specFileRetriesDeferred\",\"reporterSyncInterval\",\"reporterSyncTimeout\",\"cucumberFeaturesWithLineNumbers\",\"autoCompileOpts\",\"mochaOpts\",\"jasmineOpts\",\"cucumberOpts\",\"onPrepare\",\"onWorkerStart\",\"onWorkerEnd\",\"before\",\"beforeSession\",\"beforeSuite\",\"beforeHook\",\"beforeTest\",\"afterTest\",\"afterHook\",\"afterSuite\",\"afterSession\",\"after\",\"onComplete\",\"beforeAssertion\",\"afterAssertion\",\"beforeFeature\",\"beforeScenario\",\"beforeStep\",\"afterStep\",\"afterScenario\",\"afterFeature\",\"_\",\"suite\",\"$0\",\"ignoredWorkerServices\",\"wdi5\"]"}]}
RESULT: {"script":"<script> [2342 bytes]","args":[{"protocol":"http","hostname":"0.0.0.0","path":"/","capabilities":{"browserName":"chrome","goog:chromeOptions":{"binary":"C:\\Program Files\\Google\\Chrome\\Application\\chrome.exe","args":["--start-maximized"]}},"logLevel":"warn","connectionRetryTimeout":120000,"connectionRetryCount":3,"logLevels":{},"enableDirectConnect":true,"strictSSL":true,"_":"65 more keys: [\"cacheDir\",\"port\",\"requestedCapabilities\",\"automationProtocol\",\"baseUrl\",\"waitforInterval\",\"waitforTimeout\",\"onReload\",\"beforeCommand\",\"afterCommand\",\"rootDir\",\"specs\",\"suites\",\"exclude\",\"groupLogsByTestSpec\",\"excludeDriverLogs\",\"bail\",\"framework\",\"reporters\",\"services\",\"maxInstances\",\"maxInstancesPerCapability\",\"injectGlobals\",\"filesToWatch\",\"execArgv\",\"runnerEnv\",\"runner\",\"shard\",\"specFileRetries\",\"specFileRetriesDelay\",\"specFileRetriesDeferred\",\"reporterSyncInterval\",\"reporterSyncTimeout\",\"cucumberFeaturesWithLineNumbers\",\"autoCompileOpts\",\"mochaOpts\",\"jasmineOpts\",\"cucumberOpts\",\"onPrepare\",\"onWorkerStart\",\"onWorkerEnd\",\"before\",\"beforeSession\",\"beforeSuite\",\"beforeHook\",\"beforeTest\",\"afterTest\",\"afterHook\",\"afterSuite\",\"afterSession\",\"after\",\"onComplete\",\"beforeAssertion\",\"afterAssertion\",\"beforeFeature\",\"beforeScenario\",\"beforeStep\",\"afterStep\",\"afterScenario\",\"afterFeature\",\"_\",\"suite\",\"$0\",\"ignoredWorkerServices\",\"wdi5\"]"}]}
COMMAND: POST /session/5f042fc1c64931e48653a4fe2329ff65/execute/async - {"script":"<script> [21126 bytes]","args":[35000]}
RESULT: {"script":"<script> [21126 bytes]","args":[35000]}
COMMAND: POST /session/5f042fc1c64931e48653a4fe2329ff65/execute/async - {"script":"<script> [1562 bytes]","args":[{"selector":{"controlType":"sap.m.SearchField","viewName":"etm.portal.ui.managehandovers.view.MasterHO","bindingPath":{"path":"","propertyPath":"/_BASIC_SEARCH_FIELD","modelName":"fi1t3rM0d31"},"interaction":{"idSuffix":"I"}},"wdio_ui5_key":"etmportal.ui.managehandovers.view.MasterHOsap.m.SearchField{\"path\":\"\",\"propertyPath\":\"/_BASIC_SEARCH_FIELD\",\"modelName\":\"fi1t3rM0d31\"}"}]}
RESULT: {"script":"<script> [1562 bytes]","args":[{"selector":{"controlType":"sap.m.SearchField","viewName":"etm.portal.ui.managehandovers.view.MasterHO","bindingPath":{"path":"","propertyPath":"/_BASIC_SEARCH_FIELD","modelName":"fi1t3rM0d31"},"interaction":{"idSuffix":"I"}},"wdio_ui5_key":"etmportal.ui.managehandovers.view.MasterHOsap.m.SearchField{\"path\":\"\",\"propertyPath\":\"/_BASIC_SEARCH_FIELD\",\"modelName\":\"fi1t3rM0d31\"}"}]}
RESULT: undefined
COMMAND: POST /session/5f042fc1c64931e48653a4fe2329ff65/execute/async - {"script":"<script> [776 bytes]","args":[{"enterText":"30427","selector":{"controlType":"sap.m.SearchField","viewName":"etm.portal.ui.managehandovers.view.MasterHO","bindingPath":{"path":"","propertyPath":"/_BASIC_SEARCH_FIELD","modelName":"fi1t3rM0d31"},"interaction":{"idSuffix":"I"}},"clearTextFirst":true,"interactionType":"ENTER_TEXT"}]}
RESULT: {"script":"<script> [776 bytes]","args":[{"enterText":"30427","selector":{"controlType":"sap.m.SearchField","viewName":"etm.portal.ui.managehandovers.view.MasterHO","bindingPath":{"path":"","propertyPath":"/_BASIC_SEARCH_FIELD","modelName":"fi1t3rM0d31"},"interaction":{"idSuffix":"I"}},"clearTextFirst":true,"interactionType":"ENTER_TEXT"}]}
COMMAND: POST /session/5f042fc1c64931e48653a4fe2329ff65/actions - {"actions":[{"id":"action84","type":"key","parameters":{},"actions":[{"type":"keyDown","value":"î€‡"},{"type":"pause","duration":10},{"type":"keyUp","value":"î€‡"}]}]}
RESULT: {"actions":[{"id":"action84","type":"key","parameters":{},"actions":[{"type":"keyDown","value":"î€‡"},{"type":"pause","duration":10},{"type":"keyUp","value":"î€‡"}]}]}
COMMAND: GET /session/5f042fc1c64931e48653a4fe2329ff65/screenshot - {}
RESULT: {}
COMMAND: POST /session/5f042fc1c64931e48653a4fe2329ff65/execute/async - {"script":"<script> [1562 bytes]","args":[{"selector":{"controlType":"sap.m.Title","viewName":"etm.portal.ui.managehandovers.view.MasterHO","properties":{"text":"Records (1)"}},"wdio_ui5_key":"etmportal.ui.managehandovers.view.MasterHOsap.m.Title{\"text\":\"Records (1)\"}"}]}
RESULT: {"script":"<script> [1562 bytes]","args":[{"selector":{"controlType":"sap.m.Title","viewName":"etm.portal.ui.managehandovers.view.MasterHO","properties":{"text":"Records (1)"}},"wdio_ui5_key":"etmportal.ui.managehandovers.view.MasterHOsap.m.Title{\"text\":\"Records (1)\"}"}]}
RESULT: undefined
COMMAND: POST /session/5f042fc1c64931e48653a4fe2329ff65/execute/async - {"script":"<script> [6424 bytes]","args":[{"element-6066-11e4-a52e-4f735466cecf":"f.85A0C08C11805158FB40365BE7F8DFE2.d.6A15426181714CA6971FF65917E2B6E4.e.18194"},"getText",[]]}
RESULT: {"script":"<script> [6424 bytes]","args":[{"element-6066-11e4-a52e-4f735466cecf":"f.85A0C08C11805158FB40365BE7F8DFE2.d.6A15426181714CA6971FF65917E2B6E4.e.18194"},"getText",[]]}
COMMAND: POST /session/5f042fc1c64931e48653a4fe2329ff65/execute/async - {"script":"<script> [1562 bytes]","args":[{"selector":{"controlType":"sap.ui.core.Icon","viewName":"etm.portal.ui.managehandovers.view.MasterHO","properties":{"src":{"regex":{"source":"slim\\-arrow\\-right"}}}},"wdio_ui5_key":"etmportal.ui.managehandovers.view.MasterHOsap.ui.core.Icon{\"src\":{\"regex\":{\"source\":\"slim\\\\-arrow\\\\-right\"}}}"}]}
RESULT: {"script":"<script> [1562 bytes]","args":[{"selector":{"controlType":"sap.ui.core.Icon","viewName":"etm.portal.ui.managehandovers.view.MasterHO","properties":{"src":{"regex":{"source":"slim\\-arrow\\-right"}}}},"wdio_ui5_key":"etmportal.ui.managehandovers.view.MasterHOsap.ui.core.Icon{\"src\":{\"regex\":{\"source\":\"slim\\\\-arrow\\\\-right\"}}}"}]}
RESULT: undefined
COMMAND: POST /session/5f042fc1c64931e48653a4fe2329ff65/element - {"using":"xpath","value":"//*[@id=\"__item27-__clone17-imgNav\"]"}
RESULT: {"using":"xpath","value":"//*[@id=\"__item27-__clone17-imgNav\"]"}
COMMAND: POST /session/5f042fc1c64931e48653a4fe2329ff65/element/f.85A0C08C11805158FB40365BE7F8DFE2.d.6A15426181714CA6971FF65917E2B6E4.e.18193/click - {}
RESULT: {}
COMMAND: GET /session/5f042fc1c64931e48653a4fe2329ff65/screenshot - {}
COMMAND: POST /session/5f042fc1c64931e48653a4fe2329ff65/execute/async - {"script":"<script> [1562 bytes]","args":[{"selector":{"controlType":"sap.m.ObjectStatus","viewName":"etm.portal.ui.managehandovers.view.DetailExecuteHO","labelFor":{"text":"Status"}},"wdio_ui5_key":"etmportal.ui.managehandovers.view.DetailExecuteHOsap.m.ObjectStatus{\"text\":\"Status\"}"}]}
RESULT: {}
RESULT: {"script":"<script> [1562 bytes]","args":[{"selector":{"controlType":"sap.m.ObjectStatus","viewName":"etm.portal.ui.managehandovers.view.DetailExecuteHO","labelFor":{"text":"Status"}},"wdio_ui5_key":"etmportal.ui.managehandovers.view.DetailExecuteHOsap.m.ObjectStatus{\"text\":\"Status\"}"}]}
RESULT: undefined
COMMAND: POST /session/5f042fc1c64931e48653a4fe2329ff65/execute/async - {"script":"<script> [6424 bytes]","args":[{"element-6066-11e4-a52e-4f735466cecf":"f.85A0C08C11805158FB40365BE7F8DFE2.d.6A15426181714CA6971FF65917E2B6E4.e.18282"},"getText",[]]}
RESULT: {"script":"<script> [6424 bytes]","args":[{"element-6066-11e4-a52e-4f735466cecf":"f.85A0C08C11805158FB40365BE7F8DFE2.d.6A15426181714CA6971FF65917E2B6E4.e.18282"},"getText",[]]}
COMMAND: POST /session/5f042fc1c64931e48653a4fe2329ff65/execute/async - {"script":"<script> [1562 bytes]","args":[{"selector":{"controlType":"sap.m.Button","viewName":"etm.portal.ui.managehandovers.view.DetailExecuteHO","i18NText":{"propertyName":"text","key":"confirmAll"},"interaction":{"idSuffix":"BDI-content"}},"wdio_ui5_key":"etmportal.ui.managehandovers.view.DetailExecuteHOsap.m.Button{\"propertyName\":\"text\",\"key\":\"confirmAll\"}"}]}
RESULT: {"script":"<script> [1562 bytes]","args":[{"selector":{"controlType":"sap.m.Button","viewName":"etm.portal.ui.managehandovers.view.DetailExecuteHO","i18NText":{"propertyName":"text","key":"confirmAll"},"interaction":{"idSuffix":"BDI-content"}},"wdio_ui5_key":"etmportal.ui.managehandovers.view.DetailExecuteHOsap.m.Button{\"propertyName\":\"text\",\"key\":\"confirmAll\"}"}]}
RESULT: undefined
COMMAND: POST /session/5f042fc1c64931e48653a4fe2329ff65/element - {"using":"xpath","value":"//*[@id=\"__button29\"]"}
RESULT: {"using":"xpath","value":"//*[@id=\"__button29\"]"}
COMMAND: POST /session/5f042fc1c64931e48653a4fe2329ff65/element/f.85A0C08C11805158FB40365BE7F8DFE2.d.6A15426181714CA6971FF65917E2B6E4.e.18284/click - {}
RESULT: {}
COMMAND: GET /session/5f042fc1c64931e48653a4fe2329ff65/screenshot - {}
RESULT: {}
COMMAND: POST /session/5f042fc1c64931e48653a4fe2329ff65/execute/async - {"script":"<script> [1562 bytes]","args":[{"selector":{"controlType":"sap.m.Button","properties":{"text":"OK"},"searchOpenDialogs":true,"interaction":{"idSuffix":"BDI-content"}},"wdio_ui5_key":"sapm.Button{\"text\":\"OK\"}"}]}
RESULT: {"script":"<script> [1562 bytes]","args":[{"selector":{"controlType":"sap.m.Button","properties":{"text":"OK"},"searchOpenDialogs":true,"interaction":{"idSuffix":"BDI-content"}},"wdio_ui5_key":"sapm.Button{\"text\":\"OK\"}"}]}
RESULT: undefined
COMMAND: POST /session/5f042fc1c64931e48653a4fe2329ff65/element - {"using":"xpath","value":"//*[@id=\"__mbox-btn-0\"]"}
RESULT: {"using":"xpath","value":"//*[@id=\"__mbox-btn-0\"]"}
COMMAND: POST /session/5f042fc1c64931e48653a4fe2329ff65/element/f.85A0C08C11805158FB40365BE7F8DFE2.d.6A15426181714CA6971FF65917E2B6E4.e.18285/click - {}
RESULT: {}
COMMAND: GET /session/5f042fc1c64931e48653a4fe2329ff65/screenshot - {}
RESULT: {}
COMMAND: POST /session/5f042fc1c64931e48653a4fe2329ff65/element - {"using":"xpath","value":"//button[contains(@data-kt ,\"execHoReceiveFooterButton\")]"}
RESULT: {"using":"xpath","value":"//button[contains(@data-kt ,\"execHoReceiveFooterButton\")]"}
COMMAND: POST /session/5f042fc1c64931e48653a4fe2329ff65/element/f.85A0C08C11805158FB40365BE7F8DFE2.d.6A15426181714CA6971FF65917E2B6E4.e.18251/click - {}
RESULT: {}
COMMAND: GET /session/5f042fc1c64931e48653a4fe2329ff65/screenshot - {}
RESULT: {}
COMMAND: POST /session/5f042fc1c64931e48653a4fe2329ff65/refresh - {}
RESULT: {}
COMMAND: GET /session/5f042fc1c64931e48653a4fe2329ff65/screenshot - {}
RESULT: {}
COMMAND: POST /session/5f042fc1c64931e48653a4fe2329ff65/refresh - {}
RESULT: {}
COMMAND: GET /session/5f042fc1c64931e48653a4fe2329ff65/screenshot - {}
RESULT: {}
COMMAND: POST /session/5f042fc1c64931e48653a4fe2329ff65/window/fullscreen - {}
RESULT: {}
COMMAND: POST /session/5f042fc1c64931e48653a4fe2329ff65/execute/async - {"script":"<script> [189 bytes]","args":[]}
RESULT: {"script":"<script> [189 bytes]","args":[]}
COMMAND: POST /session/5f042fc1c64931e48653a4fe2329ff65/execute/async - {"script":"<script> [123 bytes]","args":[]}
RESULT: {"script":"<script> [123 bytes]","args":[]}
COMMAND: POST /session/5f042fc1c64931e48653a4fe2329ff65/timeouts - {"script":"<number>"}
RESULT: {"script":"<number>"}
COMMAND: GET /session/5f042fc1c64931e48653a4fe2329ff65/timeouts - {}
RESULT: {}
RESULT: undefined
COMMAND: POST /session/5f042fc1c64931e48653a4fe2329ff65/execute/async - {"script":"<script> [2676 bytes]","args":[]}
RESULT: {"script":"<script> [2676 bytes]","args":[]}
COMMAND: POST /session/5f042fc1c64931e48653a4fe2329ff65/execute/async - {"script":"<script> [2342 bytes]","args":[{"protocol":"http","hostname":"0.0.0.0","path":"/","capabilities":{"browserName":"chrome","goog:chromeOptions":{"binary":"C:\\Program Files\\Google\\Chrome\\Application\\chrome.exe","args":["--start-maximized"]}},"logLevel":"warn","connectionRetryTimeout":120000,"connectionRetryCount":3,"logLevels":{},"enableDirectConnect":true,"strictSSL":true,"_":"65 more keys: [\"cacheDir\",\"port\",\"requestedCapabilities\",\"automationProtocol\",\"baseUrl\",\"waitforInterval\",\"waitforTimeout\",\"onReload\",\"beforeCommand\",\"afterCommand\",\"rootDir\",\"specs\",\"suites\",\"exclude\",\"groupLogsByTestSpec\",\"excludeDriverLogs\",\"bail\",\"framework\",\"reporters\",\"services\",\"maxInstances\",\"maxInstancesPerCapability\",\"injectGlobals\",\"filesToWatch\",\"execArgv\",\"runnerEnv\",\"runner\",\"shard\",\"specFileRetries\",\"specFileRetriesDelay\",\"specFileRetriesDeferred\",\"reporterSyncInterval\",\"reporterSyncTimeout\",\"cucumberFeaturesWithLineNumbers\",\"autoCompileOpts\",\"mochaOpts\",\"jasmineOpts\",\"cucumberOpts\",\"onPrepare\",\"onWorkerStart\",\"onWorkerEnd\",\"before\",\"beforeSession\",\"beforeSuite\",\"beforeHook\",\"beforeTest\",\"afterTest\",\"afterHook\",\"afterSuite\",\"afterSession\",\"after\",\"onComplete\",\"beforeAssertion\",\"afterAssertion\",\"beforeFeature\",\"beforeScenario\",\"beforeStep\",\"afterStep\",\"afterScenario\",\"afterFeature\",\"_\",\"suite\",\"$0\",\"ignoredWorkerServices\",\"wdi5\"]"}]}
RESULT: {"script":"<script> [2342 bytes]","args":[{"protocol":"http","hostname":"0.0.0.0","path":"/","capabilities":{"browserName":"chrome","goog:chromeOptions":{"binary":"C:\\Program Files\\Google\\Chrome\\Application\\chrome.exe","args":["--start-maximized"]}},"logLevel":"warn","connectionRetryTimeout":120000,"connectionRetryCount":3,"logLevels":{},"enableDirectConnect":true,"strictSSL":true,"_":"65 more keys: [\"cacheDir\",\"port\",\"requestedCapabilities\",\"automationProtocol\",\"baseUrl\",\"waitforInterval\",\"waitforTimeout\",\"onReload\",\"beforeCommand\",\"afterCommand\",\"rootDir\",\"specs\",\"suites\",\"exclude\",\"groupLogsByTestSpec\",\"excludeDriverLogs\",\"bail\",\"framework\",\"reporters\",\"services\",\"maxInstances\",\"maxInstancesPerCapability\",\"injectGlobals\",\"filesToWatch\",\"execArgv\",\"runnerEnv\",\"runner\",\"shard\",\"specFileRetries\",\"specFileRetriesDelay\",\"specFileRetriesDeferred\",\"reporterSyncInterval\",\"reporterSyncTimeout\",\"cucumberFeaturesWithLineNumbers\",\"autoCompileOpts\",\"mochaOpts\",\"jasmineOpts\",\"cucumberOpts\",\"onPrepare\",\"onWorkerStart\",\"onWorkerEnd\",\"before\",\"beforeSession\",\"beforeSuite\",\"beforeHook\",\"beforeTest\",\"afterTest\",\"afterHook\",\"afterSuite\",\"afterSession\",\"after\",\"onComplete\",\"beforeAssertion\",\"afterAssertion\",\"beforeFeature\",\"beforeScenario\",\"beforeStep\",\"afterStep\",\"afterScenario\",\"afterFeature\",\"_\",\"suite\",\"$0\",\"ignoredWorkerServices\",\"wdi5\"]"}]}
COMMAND: POST /session/5f042fc1c64931e48653a4fe2329ff65/execute/async - {"script":"<script> [21126 bytes]","args":[35000]}
RESULT: {"script":"<script> [21126 bytes]","args":[35000]}
COMMAND: POST /session/5f042fc1c64931e48653a4fe2329ff65/execute/async - {"script":"<script> [1562 bytes]","args":[{"selector":{"controlType":"sap.m.SearchField","viewName":"etm.portal.ui.managehandovers.view.MasterHO","bindingPath":{"path":"","propertyPath":"/_BASIC_SEARCH_FIELD","modelName":"fi1t3rM0d31"},"interaction":{"idSuffix":"I"}},"wdio_ui5_key":"etmportal.ui.managehandovers.view.MasterHOsap.m.SearchField{\"path\":\"\",\"propertyPath\":\"/_BASIC_SEARCH_FIELD\",\"modelName\":\"fi1t3rM0d31\"}"}]}
RESULT: {"script":"<script> [1562 bytes]","args":[{"selector":{"controlType":"sap.m.SearchField","viewName":"etm.portal.ui.managehandovers.view.MasterHO","bindingPath":{"path":"","propertyPath":"/_BASIC_SEARCH_FIELD","modelName":"fi1t3rM0d31"},"interaction":{"idSuffix":"I"}},"wdio_ui5_key":"etmportal.ui.managehandovers.view.MasterHOsap.m.SearchField{\"path\":\"\",\"propertyPath\":\"/_BASIC_SEARCH_FIELD\",\"modelName\":\"fi1t3rM0d31\"}"}]}
RESULT: undefined
COMMAND: POST /session/5f042fc1c64931e48653a4fe2329ff65/execute/async - {"script":"<script> [776 bytes]","args":[{"enterText":"30427","selector":{"controlType":"sap.m.SearchField","viewName":"etm.portal.ui.managehandovers.view.MasterHO","bindingPath":{"path":"","propertyPath":"/_BASIC_SEARCH_FIELD","modelName":"fi1t3rM0d31"},"interaction":{"idSuffix":"I"}},"clearTextFirst":true,"interactionType":"ENTER_TEXT"}]}
RESULT: {"script":"<script> [776 bytes]","args":[{"enterText":"30427","selector":{"controlType":"sap.m.SearchField","viewName":"etm.portal.ui.managehandovers.view.MasterHO","bindingPath":{"path":"","propertyPath":"/_BASIC_SEARCH_FIELD","modelName":"fi1t3rM0d31"},"interaction":{"idSuffix":"I"}},"clearTextFirst":true,"interactionType":"ENTER_TEXT"}]}
COMMAND: POST /session/5f042fc1c64931e48653a4fe2329ff65/actions - {"actions":[{"id":"action85","type":"key","parameters":{},"actions":[{"type":"keyDown","value":"î€‡"},{"type":"pause","duration":10},{"type":"keyUp","value":"î€‡"}]}]}
RESULT: {"actions":[{"id":"action85","type":"key","parameters":{},"actions":[{"type":"keyDown","value":"î€‡"},{"type":"pause","duration":10},{"type":"keyUp","value":"î€‡"}]}]}
COMMAND: GET /session/5f042fc1c64931e48653a4fe2329ff65/screenshot - {}
RESULT: {}
COMMAND: POST /session/5f042fc1c64931e48653a4fe2329ff65/execute/async - {"script":"<script> [1562 bytes]","args":[{"selector":{"controlType":"sap.m.Title","viewName":"etm.portal.ui.managehandovers.view.MasterHO","properties":{"text":"Records (1)"}},"wdio_ui5_key":"etmportal.ui.managehandovers.view.MasterHOsap.m.Title{\"text\":\"Records (1)\"}"}]}
RESULT: {"script":"<script> [1562 bytes]","args":[{"selector":{"controlType":"sap.m.Title","viewName":"etm.portal.ui.managehandovers.view.MasterHO","properties":{"text":"Records (1)"}},"wdio_ui5_key":"etmportal.ui.managehandovers.view.MasterHOsap.m.Title{\"text\":\"Records (1)\"}"}]}
RESULT: undefined
COMMAND: POST /session/5f042fc1c64931e48653a4fe2329ff65/execute/async - {"script":"<script> [6424 bytes]","args":[{"element-6066-11e4-a52e-4f735466cecf":"f.85A0C08C11805158FB40365BE7F8DFE2.d.F909BED5500CEF12A84AE7CFF459A37B.e.18470"},"getText",[]]}
RESULT: {"script":"<script> [6424 bytes]","args":[{"element-6066-11e4-a52e-4f735466cecf":"f.85A0C08C11805158FB40365BE7F8DFE2.d.F909BED5500CEF12A84AE7CFF459A37B.e.18470"},"getText",[]]}
COMMAND: POST /session/5f042fc1c64931e48653a4fe2329ff65/execute/async - {"script":"<script> [1562 bytes]","args":[{"selector":{"controlType":"sap.ui.core.Icon","viewName":"etm.portal.ui.managehandovers.view.MasterHO","properties":{"src":{"regex":{"source":"slim\\-arrow\\-right"}}}},"wdio_ui5_key":"etmportal.ui.managehandovers.view.MasterHOsap.ui.core.Icon{\"src\":{\"regex\":{\"source\":\"slim\\\\-arrow\\\\-right\"}}}"}]}
RESULT: {"script":"<script> [1562 bytes]","args":[{"selector":{"controlType":"sap.ui.core.Icon","viewName":"etm.portal.ui.managehandovers.view.MasterHO","properties":{"src":{"regex":{"source":"slim\\-arrow\\-right"}}}},"wdio_ui5_key":"etmportal.ui.managehandovers.view.MasterHOsap.ui.core.Icon{\"src\":{\"regex\":{\"source\":\"slim\\\\-arrow\\\\-right\"}}}"}]}
RESULT: undefined
COMMAND: POST /session/5f042fc1c64931e48653a4fe2329ff65/element - {"using":"xpath","value":"//*[@id=\"__item29-__clone18-imgNav\"]"}
RESULT: {"using":"xpath","value":"//*[@id=\"__item29-__clone18-imgNav\"]"}
COMMAND: POST /session/5f042fc1c64931e48653a4fe2329ff65/element/f.85A0C08C11805158FB40365BE7F8DFE2.d.F909BED5500CEF12A84AE7CFF459A37B.e.18469/click - {}
RESULT: {}
COMMAND: GET /session/5f042fc1c64931e48653a4fe2329ff65/screenshot - {}
RESULT: {}
COMMAND: POST /session/5f042fc1c64931e48653a4fe2329ff65/execute/async - {"script":"<script> [1562 bytes]","args":[{"selector":{"controlType":"sap.m.ObjectStatus","viewName":"etm.portal.ui.managehandovers.view.DetailManageHO","viewId":"application-managehandovers-display-component---detailManageHO","labelFor":{"text":"Status"}},"wdio_ui5_key":"etmportal.ui.managehandovers.view.DetailManageHOsap.m.ObjectStatus{\"text\":\"Status\"}"}]}
RESULT: {"script":"<script> [1562 bytes]","args":[{"selector":{"controlType":"sap.m.ObjectStatus","viewName":"etm.portal.ui.managehandovers.view.DetailManageHO","viewId":"application-managehandovers-display-component---detailManageHO","labelFor":{"text":"Status"}},"wdio_ui5_key":"etmportal.ui.managehandovers.view.DetailManageHOsap.m.ObjectStatus{\"text\":\"Status\"}"}]}
RESULT: undefined
COMMAND: POST /session/5f042fc1c64931e48653a4fe2329ff65/execute/async - {"script":"<script> [6424 bytes]","args":[{"element-6066-11e4-a52e-4f735466cecf":"f.85A0C08C11805158FB40365BE7F8DFE2.d.F909BED5500CEF12A84AE7CFF459A37B.e.18562"},"getText",[]]}
RESULT: {"script":"<script> [6424 bytes]","args":[{"element-6066-11e4-a52e-4f735466cecf":"f.85A0C08C11805158FB40365BE7F8DFE2.d.F909BED5500CEF12A84AE7CFF459A37B.e.18562"},"getText",[]]}
COMMAND: POST /session/5f042fc1c64931e48653a4fe2329ff65/element - {"using":"xpath","value":"//a[contains(@data-kt ,\"GeneralSectionReceiveContracttLink\")]"}
RESULT: {"using":"xpath","value":"//a[contains(@data-kt ,\"GeneralSectionReceiveContracttLink\")]"}
COMMAND: POST /session/5f042fc1c64931e48653a4fe2329ff65/element/f.85A0C08C11805158FB40365BE7F8DFE2.d.F909BED5500CEF12A84AE7CFF459A37B.e.18563/click - {}
RESULT: {}
COMMAND: GET /session/5f042fc1c64931e48653a4fe2329ff65/screenshot - {}
RESULT: {}
COMMAND: POST /session/5f042fc1c64931e48653a4fe2329ff65/element - {"using":"xpath","value":"//a[contains(@data-kt ,\"ContextMenuId2Link\")]"}
RESULT: {"using":"xpath","value":"//a[contains(@data-kt ,\"ContextMenuId2Link\")]"}
COMMAND: POST /session/5f042fc1c64931e48653a4fe2329ff65/element/f.85A0C08C11805158FB40365BE7F8DFE2.d.F909BED5500CEF12A84AE7CFF459A37B.e.18566/click - {}
RESULT: {}
COMMAND: GET /session/5f042fc1c64931e48653a4fe2329ff65/screenshot - {}
RESULT: {}
COMMAND: POST /session/5f042fc1c64931e48653a4fe2329ff65/execute/async - {"script":"<script> [1562 bytes]","args":[{"selector":{"controlType":"sap.m.ObjectStatus","viewName":"etm.portal.ui.managecontracts.view.Detail","bindingPath":{"propertyPath":"LINK_TO_LOGISTICAL_STATUS/DESCRIPTION","modelName":"catalogModel"}},"wdio_ui5_key":"etmportal.ui.managecontracts.view.Detailsap.m.ObjectStatus{\"propertyPath\":\"LINK_TO_LOGISTICAL_STATUS/DESCRIPTION\",\"modelName\":\"catalogModel\"}"}]}
RESULT: {"script":"<script> [1562 bytes]","args":[{"selector":{"controlType":"sap.m.ObjectStatus","viewName":"etm.portal.ui.managecontracts.view.Detail","bindingPath":{"propertyPath":"LINK_TO_LOGISTICAL_STATUS/DESCRIPTION","modelName":"catalogModel"}},"wdio_ui5_key":"etmportal.ui.managecontracts.view.Detailsap.m.ObjectStatus{\"propertyPath\":\"LINK_TO_LOGISTICAL_STATUS/DESCRIPTION\",\"modelName\":\"catalogModel\"}"}]}
RESULT: undefined
COMMAND: POST /session/5f042fc1c64931e48653a4fe2329ff65/execute/async - {"script":"<script> [6424 bytes]","args":[{"element-6066-11e4-a52e-4f735466cecf":"f.85A0C08C11805158FB40365BE7F8DFE2.d.F909BED5500CEF12A84AE7CFF459A37B.e.18796"},"getText",[]]}
RESULT: {"script":"<script> [6424 bytes]","args":[{"element-6066-11e4-a52e-4f735466cecf":"f.85A0C08C11805158FB40365BE7F8DFE2.d.F909BED5500CEF12A84AE7CFF459A37B.e.18796"},"getText",[]]}
COMMAND: POST /session/5f042fc1c64931e48653a4fe2329ff65/execute/async - {"script":"<script> [1562 bytes]","args":[{"selector":{"controlType":"sap.m.ObjectStatus","viewName":"etm.portal.ui.managecontracts.view.Detail","bindingPath":{"propertyPath":"LINK_TO_COMMERCIAL_STATUS/DESCRIPTION","modelName":"catalogModel"}},"wdio_ui5_key":"etmportal.ui.managecontracts.view.Detailsap.m.ObjectStatus{\"propertyPath\":\"LINK_TO_COMMERCIAL_STATUS/DESCRIPTION\",\"modelName\":\"catalogModel\"}"}]}
RESULT: {"script":"<script> [1562 bytes]","args":[{"selector":{"controlType":"sap.m.ObjectStatus","viewName":"etm.portal.ui.managecontracts.view.Detail","bindingPath":{"propertyPath":"LINK_TO_COMMERCIAL_STATUS/DESCRIPTION","modelName":"catalogModel"}},"wdio_ui5_key":"etmportal.ui.managecontracts.view.Detailsap.m.ObjectStatus{\"propertyPath\":\"LINK_TO_COMMERCIAL_STATUS/DESCRIPTION\",\"modelName\":\"catalogModel\"}"}]}
RESULT: undefined
COMMAND: POST /session/5f042fc1c64931e48653a4fe2329ff65/execute/async - {"script":"<script> [6424 bytes]","args":[{"element-6066-11e4-a52e-4f735466cecf":"f.85A0C08C11805158FB40365BE7F8DFE2.d.F909BED5500CEF12A84AE7CFF459A37B.e.18797"},"getText",[]]}
RESULT: {"script":"<script> [6424 bytes]","args":[{"element-6066-11e4-a52e-4f735466cecf":"f.85A0C08C11805158FB40365BE7F8DFE2.d.F909BED5500CEF12A84AE7CFF459A37B.e.18797"},"getText",[]]}
]]></system-out>
    </testcase>
    <testcase classname="chrome.136_0_7103_49.windows.E2E_-_Logistical_and_commercial_statuses" name="It should follow the handover steps to the status fully returned" time="203.291">
      <system-out><![CDATA[
COMMAND: POST /session/5f042fc1c64931e48653a4fe2329ff65/execute/async - {"script":"<script> [1562 bytes]","args":[{"selector":{"id":"contractDetailReturnButton","viewName":"etm.portal.ui.managecontracts.view.Detail","interaction":{"idSuffix":"BDI-content"}},"wdio_ui5_key":"contractDetailReturnButtonetmportal.ui.managecontracts.view.Detail"}]}
RESULT: {"script":"<script> [1562 bytes]","args":[{"selector":{"id":"contractDetailReturnButton","viewName":"etm.portal.ui.managecontracts.view.Detail","interaction":{"idSuffix":"BDI-content"}},"wdio_ui5_key":"contractDetailReturnButtonetmportal.ui.managecontracts.view.Detail"}]}
RESULT: undefined
COMMAND: POST /session/5f042fc1c64931e48653a4fe2329ff65/element - {"using":"xpath","value":"//*[@id=\"__xmlview2--contractDetailReturnButton\"]"}
RESULT: {"using":"xpath","value":"//*[@id=\"__xmlview2--contractDetailReturnButton\"]"}
COMMAND: POST /session/5f042fc1c64931e48653a4fe2329ff65/element/f.85A0C08C11805158FB40365BE7F8DFE2.d.F909BED5500CEF12A84AE7CFF459A37B.e.18696/click - {}
RESULT: {}
COMMAND: POST /session/5f042fc1c64931e48653a4fe2329ff65/execute/async - {"script":"<script> [1562 bytes]","args":[{"selector":{"id":"application-managehandovers-display-component---AddNewHO--dueDate","interaction":{"idSuffix":"inner"}},"wdio_ui5_key":"applicationmanagehandovers-display-component---AddNewHO--dueDate"}]}
COMMAND: GET /session/5f042fc1c64931e48653a4fe2329ff65/screenshot - {}
RESULT: {"script":"<script> [1562 bytes]","args":[{"selector":{"id":"application-managehandovers-display-component---AddNewHO--dueDate","interaction":{"idSuffix":"inner"}},"wdio_ui5_key":"applicationmanagehandovers-display-component---AddNewHO--dueDate"}]}
RESULT: undefined
COMMAND: POST /session/5f042fc1c64931e48653a4fe2329ff65/execute/async - {"script":"<script> [776 bytes]","args":[{"enterText":"05/15/25","selector":{"id":"application-managehandovers-display-component---AddNewHO--dueDate","interaction":{"idSuffix":"inner"}},"clearTextFirst":true,"interactionType":"ENTER_TEXT"}]}
RESULT: {}
RESULT: {"script":"<script> [776 bytes]","args":[{"enterText":"05/15/25","selector":{"id":"application-managehandovers-display-component---AddNewHO--dueDate","interaction":{"idSuffix":"inner"}},"clearTextFirst":true,"interactionType":"ENTER_TEXT"}]}
COMMAND: POST /session/5f042fc1c64931e48653a4fe2329ff65/element - {"using":"xpath","value":"//bdi[contains(@id ,\"application-managehandovers-display-component---AddNewHO--ObjectPageLayout-anchBar-application-managehandovers-display-component---AddNewHO--section4-anchor-BDI-content\")]"}
RESULT: {"using":"xpath","value":"//bdi[contains(@id ,\"application-managehandovers-display-component---AddNewHO--ObjectPageLayout-anchBar-application-managehandovers-display-component---AddNewHO--section4-anchor-BDI-content\")]"}
COMMAND: POST /session/5f042fc1c64931e48653a4fe2329ff65/element/f.85A0C08C11805158FB40365BE7F8DFE2.d.F909BED5500CEF12A84AE7CFF459A37B.e.19105/click - {}
RESULT: {}
COMMAND: GET /session/5f042fc1c64931e48653a4fe2329ff65/screenshot - {}
RESULT: {}
COMMAND: POST /session/5f042fc1c64931e48653a4fe2329ff65/element - {"using":"xpath","value":"//button[contains(@data-kt ,\"AddNewHOProvideAddItemsButton\")]"}
RESULT: {"using":"xpath","value":"//button[contains(@data-kt ,\"AddNewHOProvideAddItemsButton\")]"}
COMMAND: POST /session/5f042fc1c64931e48653a4fe2329ff65/element/f.85A0C08C11805158FB40365BE7F8DFE2.d.F909BED5500CEF12A84AE7CFF459A37B.e.18912/click - {}
RESULT: {}
COMMAND: GET /session/5f042fc1c64931e48653a4fe2329ff65/screenshot - {}
RESULT: {}
COMMAND: POST /session/5f042fc1c64931e48653a4fe2329ff65/execute/async - {"script":"<script> [1562 bytes]","args":[{"selector":{"id":"application-managehandovers-display-component---AddNewHO--popup-sa","searchOpenDialogs":true,"interaction":{"idSuffix":"CbBg"}},"wdio_ui5_key":"applicationmanagehandovers-display-component---AddNewHO--popup-sa"}]}
RESULT: {"script":"<script> [1562 bytes]","args":[{"selector":{"id":"application-managehandovers-display-component---AddNewHO--popup-sa","searchOpenDialogs":true,"interaction":{"idSuffix":"CbBg"}},"wdio_ui5_key":"applicationmanagehandovers-display-component---AddNewHO--popup-sa"}]}
RESULT: undefined
COMMAND: POST /session/5f042fc1c64931e48653a4fe2329ff65/element - {"using":"xpath","value":"//*[@id=\"application-managehandovers-display-component---AddNewHO--popup-sa\"]"}
RESULT: {"using":"xpath","value":"//*[@id=\"application-managehandovers-display-component---AddNewHO--popup-sa\"]"}
COMMAND: POST /session/5f042fc1c64931e48653a4fe2329ff65/element/f.85A0C08C11805158FB40365BE7F8DFE2.d.F909BED5500CEF12A84AE7CFF459A37B.e.19119/click - {}
RESULT: {}
COMMAND: POST /session/5f042fc1c64931e48653a4fe2329ff65/execute/async - {"script":"<script> [1562 bytes]","args":[{"selector":{"controlType":"sap.m.Button","viewName":"etm.portal.ui.managehandovers.view.AddNewHO","viewId":"application-managehandovers-display-component---AddNewHO","i18NText":{"propertyName":"text","key":"select"},"searchOpenDialogs":true,"interaction":{"idSuffix":"BDI-content"}},"wdio_ui5_key":"etmportal.ui.managehandovers.view.AddNewHOsap.m.Button{\"propertyName\":\"text\",\"key\":\"select\"}"}]}
COMMAND: GET /session/5f042fc1c64931e48653a4fe2329ff65/screenshot - {}
RESULT: {"script":"<script> [1562 bytes]","args":[{"selector":{"controlType":"sap.m.Button","viewName":"etm.portal.ui.managehandovers.view.AddNewHO","viewId":"application-managehandovers-display-component---AddNewHO","i18NText":{"propertyName":"text","key":"select"},"searchOpenDialogs":true,"interaction":{"idSuffix":"BDI-content"}},"wdio_ui5_key":"etmportal.ui.managehandovers.view.AddNewHOsap.m.Button{\"propertyName\":\"text\",\"key\":\"select\"}"}]}
RESULT: undefined
COMMAND: POST /session/5f042fc1c64931e48653a4fe2329ff65/element - {"using":"xpath","value":"//*[@id=\"__button56\"]"}
RESULT: {}
RESULT: {"using":"xpath","value":"//*[@id=\"__button56\"]"}
COMMAND: POST /session/5f042fc1c64931e48653a4fe2329ff65/element/f.85A0C08C11805158FB40365BE7F8DFE2.d.F909BED5500CEF12A84AE7CFF459A37B.e.19122/click - {}
RESULT: {}
COMMAND: GET /session/5f042fc1c64931e48653a4fe2329ff65/screenshot - {}
RESULT: {}
COMMAND: POST /session/5f042fc1c64931e48653a4fe2329ff65/execute/async - {"script":"<script> [1562 bytes]","args":[{"selector":{"id":"application-managehandovers-display-component---AddNewHO--confirmCreationButton","interaction":{"idSuffix":"BDI-content"}},"wdio_ui5_key":"applicationmanagehandovers-display-component---AddNewHO--confirmCreationButton"}]}
RESULT: {"script":"<script> [1562 bytes]","args":[{"selector":{"id":"application-managehandovers-display-component---AddNewHO--confirmCreationButton","interaction":{"idSuffix":"BDI-content"}},"wdio_ui5_key":"applicationmanagehandovers-display-component---AddNewHO--confirmCreationButton"}]}
RESULT: undefined
COMMAND: POST /session/5f042fc1c64931e48653a4fe2329ff65/element - {"using":"xpath","value":"//*[@id=\"application-managehandovers-display-component---AddNewHO--confirmCreationButton\"]"}
RESULT: {"using":"xpath","value":"//*[@id=\"application-managehandovers-display-component---AddNewHO--confirmCreationButton\"]"}
COMMAND: POST /session/5f042fc1c64931e48653a4fe2329ff65/element/f.85A0C08C11805158FB40365BE7F8DFE2.d.F909BED5500CEF12A84AE7CFF459A37B.e.18919/click - {}
RESULT: {}
COMMAND: GET /session/5f042fc1c64931e48653a4fe2329ff65/screenshot - {}
RESULT: {}
COMMAND: POST /session/5f042fc1c64931e48653a4fe2329ff65/execute/async - {"script":"<script> [1562 bytes]","args":[{"selector":{"controlType":"sap.m.Text","viewName":"etm.portal.ui.managehandovers.view.DetailExecuteHO","bindingPath":{"propertyPath":"NO","modelName":"catalogModel"}},"wdio_ui5_key":"etmportal.ui.managehandovers.view.DetailExecuteHOsap.m.Text{\"propertyPath\":\"NO\",\"modelName\":\"catalogModel\"}"}]}
RESULT: {"script":"<script> [1562 bytes]","args":[{"selector":{"controlType":"sap.m.Text","viewName":"etm.portal.ui.managehandovers.view.DetailExecuteHO","bindingPath":{"propertyPath":"NO","modelName":"catalogModel"}},"wdio_ui5_key":"etmportal.ui.managehandovers.view.DetailExecuteHOsap.m.Text{\"propertyPath\":\"NO\",\"modelName\":\"catalogModel\"}"}]}
RESULT: undefined
COMMAND: POST /session/5f042fc1c64931e48653a4fe2329ff65/execute/async - {"script":"<script> [6424 bytes]","args":[{"element-6066-11e4-a52e-4f735466cecf":"f.85A0C08C11805158FB40365BE7F8DFE2.d.F909BED5500CEF12A84AE7CFF459A37B.e.19159"},"getText",[]]}
RESULT: {"script":"<script> [6424 bytes]","args":[{"element-6066-11e4-a52e-4f735466cecf":"f.85A0C08C11805158FB40365BE7F8DFE2.d.F909BED5500CEF12A84AE7CFF459A37B.e.19159"},"getText",[]]}
COMMAND: POST /session/5f042fc1c64931e48653a4fe2329ff65/element - {"using":"xpath","value":"//a[contains(@data-kt ,\"GeneralSectionSendContractLink\")]"}
RESULT: {"using":"xpath","value":"//a[contains(@data-kt ,\"GeneralSectionSendContractLink\")]"}
COMMAND: POST /session/5f042fc1c64931e48653a4fe2329ff65/element/f.85A0C08C11805158FB40365BE7F8DFE2.d.F909BED5500CEF12A84AE7CFF459A37B.e.19160/click - {}
RESULT: {}
COMMAND: GET /session/5f042fc1c64931e48653a4fe2329ff65/screenshot - {}
RESULT: {}
COMMAND: POST /session/5f042fc1c64931e48653a4fe2329ff65/element - {"using":"xpath","value":"//a[contains(@data-kt ,\"ContextMenuId2Link\")]"}
RESULT: {"using":"xpath","value":"//a[contains(@data-kt ,\"ContextMenuId2Link\")]"}
COMMAND: POST /session/5f042fc1c64931e48653a4fe2329ff65/elements - {"using":"xpath","value":"//a[contains(@data-kt ,\"ContextMenuId2Link\")]"}
RESULT: {"using":"xpath","value":"//a[contains(@data-kt ,\"ContextMenuId2Link\")]"}
COMMAND: POST /session/5f042fc1c64931e48653a4fe2329ff65/element/f.85A0C08C11805158FB40365BE7F8DFE2.d.F909BED5500CEF12A84AE7CFF459A37B.e.19164/click - {}
RESULT: {}
COMMAND: GET /session/5f042fc1c64931e48653a4fe2329ff65/screenshot - {}
RESULT: {}
COMMAND: POST /session/5f042fc1c64931e48653a4fe2329ff65/execute/async - {"script":"<script> [1562 bytes]","args":[{"selector":{"controlType":"sap.m.Link","viewName":"etm.portal.ui.managehandovers.view.DetailExecuteHO","properties":{"text":"Contract Overview"},"searchOpenDialogs":true},"wdio_ui5_key":"etmportal.ui.managehandovers.view.DetailExecuteHOsap.m.Link{\"text\":\"Contract Overview\"}"}]}
RESULT: {"script":"<script> [1562 bytes]","args":[{"selector":{"controlType":"sap.m.Link","viewName":"etm.portal.ui.managehandovers.view.DetailExecuteHO","properties":{"text":"Contract Overview"},"searchOpenDialogs":true},"wdio_ui5_key":"etmportal.ui.managehandovers.view.DetailExecuteHOsap.m.Link{\"text\":\"Contract Overview\"}"}]}
RESULT: undefined
RESULT: undefined
COMMAND: POST /session/5f042fc1c64931e48653a4fe2329ff65/execute/async - {"script":"<script> [6424 bytes]","args":[{"element-6066-11e4-a52e-4f735466cecf":"f.85A0C08C11805158FB40365BE7F8DFE2.d.F909BED5500CEF12A84AE7CFF459A37B.e.18796"},"getText",[]]}
COMMAND: POST /session/5f042fc1c64931e48653a4fe2329ff65/execute/async - {"script":"<script> [1562 bytes]","args":[{"selector":{"controlType":"sap.m.ObjectStatus","viewName":"etm.portal.ui.managecontracts.view.Detail","bindingPath":{"propertyPath":"LINK_TO_LOGISTICAL_STATUS/DESCRIPTION","modelName":"catalogModel"}},"wdio_ui5_key":"etmportal.ui.managecontracts.view.Detailsap.m.ObjectStatus{\"propertyPath\":\"LINK_TO_LOGISTICAL_STATUS/DESCRIPTION\",\"modelName\":\"catalogModel\"}"}]}
RESULT: {"script":"<script> [1562 bytes]","args":[{"selector":{"controlType":"sap.m.ObjectStatus","viewName":"etm.portal.ui.managecontracts.view.Detail","bindingPath":{"propertyPath":"LINK_TO_LOGISTICAL_STATUS/DESCRIPTION","modelName":"catalogModel"}},"wdio_ui5_key":"etmportal.ui.managecontracts.view.Detailsap.m.ObjectStatus{\"propertyPath\":\"LINK_TO_LOGISTICAL_STATUS/DESCRIPTION\",\"modelName\":\"catalogModel\"}"}]}
COMMAND: POST /session/5f042fc1c64931e48653a4fe2329ff65/execute/async - {"script":"<script> [6424 bytes]","args":[{"element-6066-11e4-a52e-4f735466cecf":"f.85A0C08C11805158FB40365BE7F8DFE2.d.F909BED5500CEF12A84AE7CFF459A37B.e.19394"},"getText",[]]}
RESULT: {"script":"<script> [6424 bytes]","args":[{"element-6066-11e4-a52e-4f735466cecf":"f.85A0C08C11805158FB40365BE7F8DFE2.d.F909BED5500CEF12A84AE7CFF459A37B.e.19394"},"getText",[]]}
RESULT: undefined
COMMAND: POST /session/5f042fc1c64931e48653a4fe2329ff65/execute/async - {"script":"<script> [6424 bytes]","args":[{"element-6066-11e4-a52e-4f735466cecf":"f.85A0C08C11805158FB40365BE7F8DFE2.d.F909BED5500CEF12A84AE7CFF459A37B.e.18797"},"getText",[]]}
COMMAND: POST /session/5f042fc1c64931e48653a4fe2329ff65/execute/async - {"script":"<script> [1562 bytes]","args":[{"selector":{"controlType":"sap.m.ObjectStatus","viewName":"etm.portal.ui.managecontracts.view.Detail","bindingPath":{"propertyPath":"LINK_TO_COMMERCIAL_STATUS/DESCRIPTION","modelName":"catalogModel"}},"wdio_ui5_key":"etmportal.ui.managecontracts.view.Detailsap.m.ObjectStatus{\"propertyPath\":\"LINK_TO_COMMERCIAL_STATUS/DESCRIPTION\",\"modelName\":\"catalogModel\"}"}]}
RESULT: {"script":"<script> [1562 bytes]","args":[{"selector":{"controlType":"sap.m.ObjectStatus","viewName":"etm.portal.ui.managecontracts.view.Detail","bindingPath":{"propertyPath":"LINK_TO_COMMERCIAL_STATUS/DESCRIPTION","modelName":"catalogModel"}},"wdio_ui5_key":"etmportal.ui.managecontracts.view.Detailsap.m.ObjectStatus{\"propertyPath\":\"LINK_TO_COMMERCIAL_STATUS/DESCRIPTION\",\"modelName\":\"catalogModel\"}"}]}
COMMAND: POST /session/5f042fc1c64931e48653a4fe2329ff65/execute/async - {"script":"<script> [6424 bytes]","args":[{"element-6066-11e4-a52e-4f735466cecf":"f.85A0C08C11805158FB40365BE7F8DFE2.d.F909BED5500CEF12A84AE7CFF459A37B.e.19395"},"getText",[]]}
RESULT: {"script":"<script> [6424 bytes]","args":[{"element-6066-11e4-a52e-4f735466cecf":"f.85A0C08C11805158FB40365BE7F8DFE2.d.F909BED5500CEF12A84AE7CFF459A37B.e.19395"},"getText",[]]}
COMMAND: POST /session/5f042fc1c64931e48653a4fe2329ff65/execute/async - {"script":"<script> [1562 bytes]","args":[{"selector":{"id":"backBtn"},"wdio_ui5_key":"backBtn"}]}
RESULT: {"script":"<script> [1562 bytes]","args":[{"selector":{"id":"backBtn"},"wdio_ui5_key":"backBtn"}]}
RESULT: undefined
COMMAND: POST /session/5f042fc1c64931e48653a4fe2329ff65/element - {"using":"xpath","value":"//*[@id=\"backBtn\"]"}
RESULT: {"using":"xpath","value":"//*[@id=\"backBtn\"]"}
COMMAND: POST /session/5f042fc1c64931e48653a4fe2329ff65/element/f.85A0C08C11805158FB40365BE7F8DFE2.d.F909BED5500CEF12A84AE7CFF459A37B.e.19396/click - {}
RESULT: {}
COMMAND: GET /session/5f042fc1c64931e48653a4fe2329ff65/screenshot - {}
COMMAND: POST /session/5f042fc1c64931e48653a4fe2329ff65/element - {"using":"xpath","value":"//input[contains(@id ,\"issueDatePicker-inner\")]"}
RESULT: {}
RESULT: {"using":"xpath","value":"//input[contains(@id ,\"issueDatePicker-inner\")]"}
COMMAND: POST /session/5f042fc1c64931e48653a4fe2329ff65/elements - {"using":"xpath","value":"//input[contains(@id ,\"issueDatePicker-inner\")]"}
RESULT: {"using":"xpath","value":"//input[contains(@id ,\"issueDatePicker-inner\")]"}
COMMAND: POST /session/5f042fc1c64931e48653a4fe2329ff65/elements - {"using":"xpath","value":"//input[contains(@id ,\"issueDatePicker-inner\")]"}
RESULT: {"using":"xpath","value":"//input[contains(@id ,\"issueDatePicker-inner\")]"}
COMMAND: POST /session/5f042fc1c64931e48653a4fe2329ff65/element - {"using":"xpath","value":"//input[contains(@id ,\"issueDatePicker-inner\")]"}
RESULT: {"using":"xpath","value":"//input[contains(@id ,\"issueDatePicker-inner\")]"}
COMMAND: GET /session/5f042fc1c64931e48653a4fe2329ff65/element/f.85A0C08C11805158FB40365BE7F8DFE2.d.F909BED5500CEF12A84AE7CFF459A37B.e.19652/property/value - {}
RESULT: {}
COMMAND: POST /session/5f042fc1c64931e48653a4fe2329ff65/element/f.85A0C08C11805158FB40365BE7F8DFE2.d.F909BED5500CEF12A84AE7CFF459A37B.e.19652/clear - {}
COMMAND: GET /session/5f042fc1c64931e48653a4fe2329ff65/screenshot - {}
RESULT: {}
COMMAND: POST /session/5f042fc1c64931e48653a4fe2329ff65/element/f.85A0C08C11805158FB40365BE7F8DFE2.d.F909BED5500CEF12A84AE7CFF459A37B.e.19652/value - {"text":"05/15/25"}
COMMAND: GET /session/5f042fc1c64931e48653a4fe2329ff65/screenshot - {}
RESULT: {}
RESULT: {"text":"05/15/25"}
COMMAND: GET /session/5f042fc1c64931e48653a4fe2329ff65/screenshot - {}
RESULT: {}
RESULT: {}
COMMAND: POST /session/5f042fc1c64931e48653a4fe2329ff65/execute/async - {"script":"<script> [1562 bytes]","args":[{"selector":{"controlType":"sap.m.Button","viewName":"etm.portal.ui.managehandovers.view.DetailExecuteHO","i18NText":{"propertyName":"text","key":"confirmAll"},"interaction":{"idSuffix":"inner"}},"wdio_ui5_key":"etmportal.ui.managehandovers.view.DetailExecuteHOsap.m.Button{\"propertyName\":\"text\",\"key\":\"confirmAll\"}"}]}
RESULT: {"script":"<script> [1562 bytes]","args":[{"selector":{"controlType":"sap.m.Button","viewName":"etm.portal.ui.managehandovers.view.DetailExecuteHO","i18NText":{"propertyName":"text","key":"confirmAll"},"interaction":{"idSuffix":"inner"}},"wdio_ui5_key":"etmportal.ui.managehandovers.view.DetailExecuteHOsap.m.Button{\"propertyName\":\"text\",\"key\":\"confirmAll\"}"}]}
RESULT: undefined
COMMAND: POST /session/5f042fc1c64931e48653a4fe2329ff65/element - {"using":"xpath","value":"//*[@id=\"__button136\"]"}
RESULT: {"using":"xpath","value":"//*[@id=\"__button136\"]"}
COMMAND: POST /session/5f042fc1c64931e48653a4fe2329ff65/element/f.85A0C08C11805158FB40365BE7F8DFE2.d.F909BED5500CEF12A84AE7CFF459A37B.e.19683/click - {}
RESULT: {}
COMMAND: GET /session/5f042fc1c64931e48653a4fe2329ff65/screenshot - {}
RESULT: {}
COMMAND: POST /session/5f042fc1c64931e48653a4fe2329ff65/actions - {"actions":[{"id":"action86","type":"key","parameters":{},"actions":[{"type":"keyDown","value":"î€‡"},{"type":"pause","duration":10},{"type":"keyUp","value":"î€‡"}]}]}
RESULT: {"actions":[{"id":"action86","type":"key","parameters":{},"actions":[{"type":"keyDown","value":"î€‡"},{"type":"pause","duration":10},{"type":"keyUp","value":"î€‡"}]}]}
COMMAND: GET /session/5f042fc1c64931e48653a4fe2329ff65/screenshot - {}
RESULT: {}
RESULT: undefined
COMMAND: POST /session/5f042fc1c64931e48653a4fe2329ff65/element - {"using":"xpath","value":"//*[@id=\"__button136\"]"}
RESULT: {"using":"xpath","value":"//*[@id=\"__button136\"]"}
COMMAND: POST /session/5f042fc1c64931e48653a4fe2329ff65/element/f.85A0C08C11805158FB40365BE7F8DFE2.d.F909BED5500CEF12A84AE7CFF459A37B.e.19683/click - {}
RESULT: {}
COMMAND: POST /session/5f042fc1c64931e48653a4fe2329ff65/execute/async - {"script":"<script> [1562 bytes]","args":[{"selector":{"controlType":"sap.m.Button","properties":{"text":"OK"},"searchOpenDialogs":true,"interaction":{"idSuffix":"content"}},"wdio_ui5_key":"sapm.Button{\"text\":\"OK\"}"}]}
COMMAND: GET /session/5f042fc1c64931e48653a4fe2329ff65/screenshot - {}
RESULT: {"script":"<script> [1562 bytes]","args":[{"selector":{"controlType":"sap.m.Button","properties":{"text":"OK"},"searchOpenDialogs":true,"interaction":{"idSuffix":"content"}},"wdio_ui5_key":"sapm.Button{\"text\":\"OK\"}"}]}
RESULT: undefined
COMMAND: POST /session/5f042fc1c64931e48653a4fe2329ff65/element - {"using":"xpath","value":"//*[@id=\"__mbox-btn-2\"]"}
RESULT: {}
RESULT: {"using":"xpath","value":"//*[@id=\"__mbox-btn-2\"]"}
COMMAND: POST /session/5f042fc1c64931e48653a4fe2329ff65/element/f.85A0C08C11805158FB40365BE7F8DFE2.d.F909BED5500CEF12A84AE7CFF459A37B.e.19691/click - {}
RESULT: {}
COMMAND: GET /session/5f042fc1c64931e48653a4fe2329ff65/screenshot - {}
RESULT: {}
COMMAND: POST /session/5f042fc1c64931e48653a4fe2329ff65/element - {"using":"xpath","value":"//button[contains(@data-kt ,\"execHoIssueFooterButton\")]"}
RESULT: {"using":"xpath","value":"//button[contains(@data-kt ,\"execHoIssueFooterButton\")]"}
COMMAND: POST /session/5f042fc1c64931e48653a4fe2329ff65/element/f.85A0C08C11805158FB40365BE7F8DFE2.d.F909BED5500CEF12A84AE7CFF459A37B.e.19695/click - {}
RESULT: {}
COMMAND: GET /session/5f042fc1c64931e48653a4fe2329ff65/screenshot - {}
RESULT: {}
COMMAND: POST /session/5f042fc1c64931e48653a4fe2329ff65/refresh - {}
RESULT: {}
COMMAND: GET /session/5f042fc1c64931e48653a4fe2329ff65/screenshot - {}
RESULT: {}
COMMAND: POST /session/5f042fc1c64931e48653a4fe2329ff65/refresh - {}
RESULT: {}
COMMAND: GET /session/5f042fc1c64931e48653a4fe2329ff65/screenshot - {}
RESULT: {}
COMMAND: POST /session/5f042fc1c64931e48653a4fe2329ff65/window/fullscreen - {}
RESULT: {}
COMMAND: POST /session/5f042fc1c64931e48653a4fe2329ff65/execute/async - {"script":"<script> [189 bytes]","args":[]}
RESULT: {"script":"<script> [189 bytes]","args":[]}
COMMAND: POST /session/5f042fc1c64931e48653a4fe2329ff65/execute/async - {"script":"<script> [123 bytes]","args":[]}
RESULT: {"script":"<script> [123 bytes]","args":[]}
COMMAND: POST /session/5f042fc1c64931e48653a4fe2329ff65/timeouts - {"script":"<number>"}
RESULT: {"script":"<number>"}
COMMAND: GET /session/5f042fc1c64931e48653a4fe2329ff65/timeouts - {}
RESULT: {}
RESULT: undefined
COMMAND: POST /session/5f042fc1c64931e48653a4fe2329ff65/execute/async - {"script":"<script> [2676 bytes]","args":[]}
RESULT: {"script":"<script> [2676 bytes]","args":[]}
COMMAND: POST /session/5f042fc1c64931e48653a4fe2329ff65/execute/async - {"script":"<script> [2342 bytes]","args":[{"protocol":"http","hostname":"0.0.0.0","path":"/","capabilities":{"browserName":"chrome","goog:chromeOptions":{"binary":"C:\\Program Files\\Google\\Chrome\\Application\\chrome.exe","args":["--start-maximized"]}},"logLevel":"warn","connectionRetryTimeout":120000,"connectionRetryCount":3,"logLevels":{},"enableDirectConnect":true,"strictSSL":true,"_":"65 more keys: [\"cacheDir\",\"port\",\"requestedCapabilities\",\"automationProtocol\",\"baseUrl\",\"waitforInterval\",\"waitforTimeout\",\"onReload\",\"beforeCommand\",\"afterCommand\",\"rootDir\",\"specs\",\"suites\",\"exclude\",\"groupLogsByTestSpec\",\"excludeDriverLogs\",\"bail\",\"framework\",\"reporters\",\"services\",\"maxInstances\",\"maxInstancesPerCapability\",\"injectGlobals\",\"filesToWatch\",\"execArgv\",\"runnerEnv\",\"runner\",\"shard\",\"specFileRetries\",\"specFileRetriesDelay\",\"specFileRetriesDeferred\",\"reporterSyncInterval\",\"reporterSyncTimeout\",\"cucumberFeaturesWithLineNumbers\",\"autoCompileOpts\",\"mochaOpts\",\"jasmineOpts\",\"cucumberOpts\",\"onPrepare\",\"onWorkerStart\",\"onWorkerEnd\",\"before\",\"beforeSession\",\"beforeSuite\",\"beforeHook\",\"beforeTest\",\"afterTest\",\"afterHook\",\"afterSuite\",\"afterSession\",\"after\",\"onComplete\",\"beforeAssertion\",\"afterAssertion\",\"beforeFeature\",\"beforeScenario\",\"beforeStep\",\"afterStep\",\"afterScenario\",\"afterFeature\",\"_\",\"suite\",\"$0\",\"ignoredWorkerServices\",\"wdi5\"]"}]}
RESULT: {"script":"<script> [2342 bytes]","args":[{"protocol":"http","hostname":"0.0.0.0","path":"/","capabilities":{"browserName":"chrome","goog:chromeOptions":{"binary":"C:\\Program Files\\Google\\Chrome\\Application\\chrome.exe","args":["--start-maximized"]}},"logLevel":"warn","connectionRetryTimeout":120000,"connectionRetryCount":3,"logLevels":{},"enableDirectConnect":true,"strictSSL":true,"_":"65 more keys: [\"cacheDir\",\"port\",\"requestedCapabilities\",\"automationProtocol\",\"baseUrl\",\"waitforInterval\",\"waitforTimeout\",\"onReload\",\"beforeCommand\",\"afterCommand\",\"rootDir\",\"specs\",\"suites\",\"exclude\",\"groupLogsByTestSpec\",\"excludeDriverLogs\",\"bail\",\"framework\",\"reporters\",\"services\",\"maxInstances\",\"maxInstancesPerCapability\",\"injectGlobals\",\"filesToWatch\",\"execArgv\",\"runnerEnv\",\"runner\",\"shard\",\"specFileRetries\",\"specFileRetriesDelay\",\"specFileRetriesDeferred\",\"reporterSyncInterval\",\"reporterSyncTimeout\",\"cucumberFeaturesWithLineNumbers\",\"autoCompileOpts\",\"mochaOpts\",\"jasmineOpts\",\"cucumberOpts\",\"onPrepare\",\"onWorkerStart\",\"onWorkerEnd\",\"before\",\"beforeSession\",\"beforeSuite\",\"beforeHook\",\"beforeTest\",\"afterTest\",\"afterHook\",\"afterSuite\",\"afterSession\",\"after\",\"onComplete\",\"beforeAssertion\",\"afterAssertion\",\"beforeFeature\",\"beforeScenario\",\"beforeStep\",\"afterStep\",\"afterScenario\",\"afterFeature\",\"_\",\"suite\",\"$0\",\"ignoredWorkerServices\",\"wdi5\"]"}]}
COMMAND: POST /session/5f042fc1c64931e48653a4fe2329ff65/execute/async - {"script":"<script> [21126 bytes]","args":[35000]}
RESULT: {"script":"<script> [21126 bytes]","args":[35000]}
COMMAND: POST /session/5f042fc1c64931e48653a4fe2329ff65/execute/async - {"script":"<script> [1562 bytes]","args":[{"selector":{"controlType":"sap.m.SearchField","viewName":"etm.portal.ui.managehandovers.view.MasterHO","bindingPath":{"path":"","propertyPath":"/_BASIC_SEARCH_FIELD","modelName":"fi1t3rM0d31"},"interaction":{"idSuffix":"I"}},"wdio_ui5_key":"etmportal.ui.managehandovers.view.MasterHOsap.m.SearchField{\"path\":\"\",\"propertyPath\":\"/_BASIC_SEARCH_FIELD\",\"modelName\":\"fi1t3rM0d31\"}"}]}
RESULT: {"script":"<script> [1562 bytes]","args":[{"selector":{"controlType":"sap.m.SearchField","viewName":"etm.portal.ui.managehandovers.view.MasterHO","bindingPath":{"path":"","propertyPath":"/_BASIC_SEARCH_FIELD","modelName":"fi1t3rM0d31"},"interaction":{"idSuffix":"I"}},"wdio_ui5_key":"etmportal.ui.managehandovers.view.MasterHOsap.m.SearchField{\"path\":\"\",\"propertyPath\":\"/_BASIC_SEARCH_FIELD\",\"modelName\":\"fi1t3rM0d31\"}"}]}
RESULT: undefined
COMMAND: POST /session/5f042fc1c64931e48653a4fe2329ff65/execute/async - {"script":"<script> [776 bytes]","args":[{"enterText":"30429","selector":{"controlType":"sap.m.SearchField","viewName":"etm.portal.ui.managehandovers.view.MasterHO","bindingPath":{"path":"","propertyPath":"/_BASIC_SEARCH_FIELD","modelName":"fi1t3rM0d31"},"interaction":{"idSuffix":"I"}},"clearTextFirst":true,"interactionType":"ENTER_TEXT"}]}
RESULT: {"script":"<script> [776 bytes]","args":[{"enterText":"30429","selector":{"controlType":"sap.m.SearchField","viewName":"etm.portal.ui.managehandovers.view.MasterHO","bindingPath":{"path":"","propertyPath":"/_BASIC_SEARCH_FIELD","modelName":"fi1t3rM0d31"},"interaction":{"idSuffix":"I"}},"clearTextFirst":true,"interactionType":"ENTER_TEXT"}]}
COMMAND: POST /session/5f042fc1c64931e48653a4fe2329ff65/actions - {"actions":[{"id":"action87","type":"key","parameters":{},"actions":[{"type":"keyDown","value":"î€‡"},{"type":"pause","duration":10},{"type":"keyUp","value":"î€‡"}]}]}
RESULT: {"actions":[{"id":"action87","type":"key","parameters":{},"actions":[{"type":"keyDown","value":"î€‡"},{"type":"pause","duration":10},{"type":"keyUp","value":"î€‡"}]}]}
COMMAND: GET /session/5f042fc1c64931e48653a4fe2329ff65/screenshot - {}
RESULT: {}
COMMAND: POST /session/5f042fc1c64931e48653a4fe2329ff65/execute/async - {"script":"<script> [1562 bytes]","args":[{"selector":{"controlType":"sap.m.Title","viewName":"etm.portal.ui.managehandovers.view.MasterHO","properties":{"text":"Records (1)"}},"wdio_ui5_key":"etmportal.ui.managehandovers.view.MasterHOsap.m.Title{\"text\":\"Records (1)\"}"}]}
RESULT: {"script":"<script> [1562 bytes]","args":[{"selector":{"controlType":"sap.m.Title","viewName":"etm.portal.ui.managehandovers.view.MasterHO","properties":{"text":"Records (1)"}},"wdio_ui5_key":"etmportal.ui.managehandovers.view.MasterHOsap.m.Title{\"text\":\"Records (1)\"}"}]}
RESULT: undefined
COMMAND: POST /session/5f042fc1c64931e48653a4fe2329ff65/execute/async - {"script":"<script> [6424 bytes]","args":[{"element-6066-11e4-a52e-4f735466cecf":"f.85A0C08C11805158FB40365BE7F8DFE2.d.93437F9C29819CBE4477A3978ADFF0D5.e.19950"},"getText",[]]}
RESULT: {"script":"<script> [6424 bytes]","args":[{"element-6066-11e4-a52e-4f735466cecf":"f.85A0C08C11805158FB40365BE7F8DFE2.d.93437F9C29819CBE4477A3978ADFF0D5.e.19950"},"getText",[]]}
COMMAND: POST /session/5f042fc1c64931e48653a4fe2329ff65/execute/async - {"script":"<script> [1562 bytes]","args":[{"selector":{"controlType":"sap.ui.core.Icon","viewName":"etm.portal.ui.managehandovers.view.MasterHO","properties":{"src":{"regex":{"source":"slim\\-arrow\\-right"}}}},"wdio_ui5_key":"etmportal.ui.managehandovers.view.MasterHOsap.ui.core.Icon{\"src\":{\"regex\":{\"source\":\"slim\\\\-arrow\\\\-right\"}}}"}]}
RESULT: {"script":"<script> [1562 bytes]","args":[{"selector":{"controlType":"sap.ui.core.Icon","viewName":"etm.portal.ui.managehandovers.view.MasterHO","properties":{"src":{"regex":{"source":"slim\\-arrow\\-right"}}}},"wdio_ui5_key":"etmportal.ui.managehandovers.view.MasterHOsap.ui.core.Icon{\"src\":{\"regex\":{\"source\":\"slim\\\\-arrow\\\\-right\"}}}"}]}
RESULT: undefined
COMMAND: POST /session/5f042fc1c64931e48653a4fe2329ff65/element - {"using":"xpath","value":"//*[@id=\"__item29-__clone18-imgNav\"]"}
RESULT: {"using":"xpath","value":"//*[@id=\"__item29-__clone18-imgNav\"]"}
COMMAND: POST /session/5f042fc1c64931e48653a4fe2329ff65/element/f.85A0C08C11805158FB40365BE7F8DFE2.d.93437F9C29819CBE4477A3978ADFF0D5.e.19949/click - {}
RESULT: {}
COMMAND: GET /session/5f042fc1c64931e48653a4fe2329ff65/screenshot - {}
RESULT: {}
COMMAND: POST /session/5f042fc1c64931e48653a4fe2329ff65/execute/async - {"script":"<script> [1562 bytes]","args":[{"selector":{"controlType":"sap.m.ObjectStatus","viewName":"etm.portal.ui.managehandovers.view.DetailManageHO","viewId":"application-managehandovers-display-component---detailManageHO","labelFor":{"text":"Status"}},"wdio_ui5_key":"etmportal.ui.managehandovers.view.DetailManageHOsap.m.ObjectStatus{\"text\":\"Status\"}"}]}
RESULT: {"script":"<script> [1562 bytes]","args":[{"selector":{"controlType":"sap.m.ObjectStatus","viewName":"etm.portal.ui.managehandovers.view.DetailManageHO","viewId":"application-managehandovers-display-component---detailManageHO","labelFor":{"text":"Status"}},"wdio_ui5_key":"etmportal.ui.managehandovers.view.DetailManageHOsap.m.ObjectStatus{\"text\":\"Status\"}"}]}
RESULT: undefined
COMMAND: POST /session/5f042fc1c64931e48653a4fe2329ff65/execute/async - {"script":"<script> [6424 bytes]","args":[{"element-6066-11e4-a52e-4f735466cecf":"f.85A0C08C11805158FB40365BE7F8DFE2.d.93437F9C29819CBE4477A3978ADFF0D5.e.20038"},"getText",[]]}
RESULT: {"script":"<script> [6424 bytes]","args":[{"element-6066-11e4-a52e-4f735466cecf":"f.85A0C08C11805158FB40365BE7F8DFE2.d.93437F9C29819CBE4477A3978ADFF0D5.e.20038"},"getText",[]]}
COMMAND: POST /session/5f042fc1c64931e48653a4fe2329ff65/element - {"using":"xpath","value":"//a[contains(@data-kt ,\"GeneralSectionSendContractLink\")]"}
RESULT: {"using":"xpath","value":"//a[contains(@data-kt ,\"GeneralSectionSendContractLink\")]"}
COMMAND: POST /session/5f042fc1c64931e48653a4fe2329ff65/element/f.85A0C08C11805158FB40365BE7F8DFE2.d.93437F9C29819CBE4477A3978ADFF0D5.e.20039/click - {}
RESULT: {}
COMMAND: GET /session/5f042fc1c64931e48653a4fe2329ff65/screenshot - {}
RESULT: {}
COMMAND: POST /session/5f042fc1c64931e48653a4fe2329ff65/elements - {"using":"xpath","value":"//a[contains(@data-kt ,\"ContextMenuId2Link\")]"}
RESULT: {"using":"xpath","value":"//a[contains(@data-kt ,\"ContextMenuId2Link\")]"}
COMMAND: POST /session/5f042fc1c64931e48653a4fe2329ff65/element/f.85A0C08C11805158FB40365BE7F8DFE2.d.F909BED5500CEF12A84AE7CFF459A37B.e.19164/click - {}
COMMAND: POST /session/5f042fc1c64931e48653a4fe2329ff65/element - {"using":"xpath","value":"//a[contains(@data-kt ,\"ContextMenuId2Link\")]"}
RESULT: {"using":"xpath","value":"//a[contains(@data-kt ,\"ContextMenuId2Link\")]"}
COMMAND: POST /session/5f042fc1c64931e48653a4fe2329ff65/element/f.85A0C08C11805158FB40365BE7F8DFE2.d.F909BED5500CEF12A84AE7CFF459A37B.e.19164/click - {}
COMMAND: POST /session/5f042fc1c64931e48653a4fe2329ff65/element - {"using":"xpath","value":"//a[contains(@data-kt ,\"ContextMenuId2Link\")]"}
RESULT: {"using":"xpath","value":"//a[contains(@data-kt ,\"ContextMenuId2Link\")]"}
COMMAND: POST /session/5f042fc1c64931e48653a4fe2329ff65/element/f.85A0C08C11805158FB40365BE7F8DFE2.d.93437F9C29819CBE4477A3978ADFF0D5.e.20042/click - {}
RESULT: {}
COMMAND: GET /session/5f042fc1c64931e48653a4fe2329ff65/screenshot - {}
RESULT: {}
COMMAND: POST /session/5f042fc1c64931e48653a4fe2329ff65/execute/async - {"script":"<script> [1562 bytes]","args":[{"selector":{"controlType":"sap.m.ObjectStatus","viewName":"etm.portal.ui.managecontracts.view.Detail","bindingPath":{"propertyPath":"LINK_TO_COMMERCIAL_STATUS/DESCRIPTION","modelName":"catalogModel"}},"wdio_ui5_key":"etmportal.ui.managecontracts.view.Detailsap.m.ObjectStatus{\"propertyPath\":\"LINK_TO_COMMERCIAL_STATUS/DESCRIPTION\",\"modelName\":\"catalogModel\"}"}]}
RESULT: {"script":"<script> [1562 bytes]","args":[{"selector":{"controlType":"sap.m.ObjectStatus","viewName":"etm.portal.ui.managecontracts.view.Detail","bindingPath":{"propertyPath":"LINK_TO_COMMERCIAL_STATUS/DESCRIPTION","modelName":"catalogModel"}},"wdio_ui5_key":"etmportal.ui.managecontracts.view.Detailsap.m.ObjectStatus{\"propertyPath\":\"LINK_TO_COMMERCIAL_STATUS/DESCRIPTION\",\"modelName\":\"catalogModel\"}"}]}
RESULT: undefined
COMMAND: POST /session/5f042fc1c64931e48653a4fe2329ff65/execute/async - {"script":"<script> [6424 bytes]","args":[{"element-6066-11e4-a52e-4f735466cecf":"f.85A0C08C11805158FB40365BE7F8DFE2.d.93437F9C29819CBE4477A3978ADFF0D5.e.20304"},"getText",[]]}
RESULT: {"script":"<script> [6424 bytes]","args":[{"element-6066-11e4-a52e-4f735466cecf":"f.85A0C08C11805158FB40365BE7F8DFE2.d.93437F9C29819CBE4477A3978ADFF0D5.e.20304"},"getText",[]]}
COMMAND: POST /session/5f042fc1c64931e48653a4fe2329ff65/execute/async - {"script":"<script> [1562 bytes]","args":[{"selector":{"controlType":"sap.m.ObjectStatus","viewName":"etm.portal.ui.managecontracts.view.Detail","bindingPath":{"propertyPath":"LINK_TO_LOGISTICAL_STATUS/DESCRIPTION","modelName":"catalogModel"}},"wdio_ui5_key":"etmportal.ui.managecontracts.view.Detailsap.m.ObjectStatus{\"propertyPath\":\"LINK_TO_LOGISTICAL_STATUS/DESCRIPTION\",\"modelName\":\"catalogModel\"}"}]}
RESULT: {"script":"<script> [1562 bytes]","args":[{"selector":{"controlType":"sap.m.ObjectStatus","viewName":"etm.portal.ui.managecontracts.view.Detail","bindingPath":{"propertyPath":"LINK_TO_LOGISTICAL_STATUS/DESCRIPTION","modelName":"catalogModel"}},"wdio_ui5_key":"etmportal.ui.managecontracts.view.Detailsap.m.ObjectStatus{\"propertyPath\":\"LINK_TO_LOGISTICAL_STATUS/DESCRIPTION\",\"modelName\":\"catalogModel\"}"}]}
RESULT: undefined
COMMAND: POST /session/5f042fc1c64931e48653a4fe2329ff65/execute/async - {"script":"<script> [6424 bytes]","args":[{"element-6066-11e4-a52e-4f735466cecf":"f.85A0C08C11805158FB40365BE7F8DFE2.d.93437F9C29819CBE4477A3978ADFF0D5.e.20305"},"getText",[]]}
RESULT: {"script":"<script> [6424 bytes]","args":[{"element-6066-11e4-a52e-4f735466cecf":"f.85A0C08C11805158FB40365BE7F8DFE2.d.93437F9C29819CBE4477A3978ADFF0D5.e.20305"},"getText",[]]}
COMMAND: POST /session/5f042fc1c64931e48653a4fe2329ff65/element - {"using":"xpath","value":"//button[@data-kt=\"contractDetailEditBtnButton\"]"}
RESULT: {"using":"xpath","value":"//button[@data-kt=\"contractDetailEditBtnButton\"]"}
COMMAND: POST /session/5f042fc1c64931e48653a4fe2329ff65/element/f.85A0C08C11805158FB40365BE7F8DFE2.d.93437F9C29819CBE4477A3978ADFF0D5.e.20105/click - {}
RESULT: {}
COMMAND: GET /session/5f042fc1c64931e48653a4fe2329ff65/screenshot - {}
RESULT: {}
COMMAND: POST /session/5f042fc1c64931e48653a4fe2329ff65/element - {"using":"xpath","value":"(//span[contains(text(), \"Additional Addresses\")])[2]"}
RESULT: {"using":"xpath","value":"(//span[contains(text(), \"Additional Addresses\")])[2]"}
COMMAND: POST /session/5f042fc1c64931e48653a4fe2329ff65/element/f.85A0C08C11805158FB40365BE7F8DFE2.d.93437F9C29819CBE4477A3978ADFF0D5.e.20369/click - {}
RESULT: {}
COMMAND: GET /session/5f042fc1c64931e48653a4fe2329ff65/screenshot - {}
RESULT: {}
COMMAND: POST /session/5f042fc1c64931e48653a4fe2329ff65/element - {"using":"xpath","value":"//button[@data-kt=\"btnAddTableRowOverflowToolbarButton\"]"}
RESULT: {"using":"xpath","value":"//button[@data-kt=\"btnAddTableRowOverflowToolbarButton\"]"}
COMMAND: POST /session/5f042fc1c64931e48653a4fe2329ff65/element/f.85A0C08C11805158FB40365BE7F8DFE2.d.93437F9C29819CBE4477A3978ADFF0D5.e.20373/click - {}
RESULT: {}
COMMAND: GET /session/5f042fc1c64931e48653a4fe2329ff65/screenshot - {}
RESULT: {}
COMMAND: POST /session/5f042fc1c64931e48653a4fe2329ff65/element - {"using":"xpath","value":"//div[(text() = 'Standard Entry' or . = 'Standard Entry')]"}
RESULT: {"using":"xpath","value":"//div[(text() = 'Standard Entry' or . = 'Standard Entry')]"}
COMMAND: POST /session/5f042fc1c64931e48653a4fe2329ff65/element/f.85A0C08C11805158FB40365BE7F8DFE2.d.93437F9C29819CBE4477A3978ADFF0D5.e.20375/click - {}
RESULT: {}
COMMAND: POST /session/5f042fc1c64931e48653a4fe2329ff65/execute/async - {"script":"<script> [1562 bytes]","args":[{"selector":{"controlType":"sap.ui.core.Icon","viewName":"etm.portal.ui.managecontracts.view.EditContract","properties":{"src":{"regex":{"source":"slim\\-arrow\\-down"}}},"ancestor":{"controlType":"sap.m.ComboBox","viewName":"etm.portal.ui.managecontracts.view.EditContract","bindingPath":{"propertyPath":"RU_TYPE","modelName":"catalogModel"}}},"wdio_ui5_key":"etmportal.ui.managecontracts.view.EditContractsap.ui.core.Icon{\"src\":{\"regex\":{\"source\":\"slim\\\\-arrow\\\\-down\"}}}{\"controlType\":\"sap.m.ComboBox\",\"viewName\":\"etm.portal.ui.managecontracts.view.EditContract\",\"bindingPath\":{\"propertyPath\":\"RU_TYPE\",\"modelName\":\"catalogModel\"}}"}]}
COMMAND: GET /session/5f042fc1c64931e48653a4fe2329ff65/screenshot - {}
RESULT: {"script":"<script> [1562 bytes]","args":[{"selector":{"controlType":"sap.ui.core.Icon","viewName":"etm.portal.ui.managecontracts.view.EditContract","properties":{"src":{"regex":{"source":"slim\\-arrow\\-down"}}},"ancestor":{"controlType":"sap.m.ComboBox","viewName":"etm.portal.ui.managecontracts.view.EditContract","bindingPath":{"propertyPath":"RU_TYPE","modelName":"catalogModel"}}},"wdio_ui5_key":"etmportal.ui.managecontracts.view.EditContractsap.ui.core.Icon{\"src\":{\"regex\":{\"source\":\"slim\\\\-arrow\\\\-down\"}}}{\"controlType\":\"sap.m.ComboBox\",\"viewName\":\"etm.portal.ui.managecontracts.view.EditContract\",\"bindingPath\":{\"propertyPath\":\"RU_TYPE\",\"modelName\":\"catalogModel\"}}"}]}
RESULT: undefined
COMMAND: POST /session/5f042fc1c64931e48653a4fe2329ff65/element - {"using":"xpath","value":"//*[@id=\"__box20-arrow\"]"}
RESULT: {}
RESULT: {"using":"xpath","value":"//*[@id=\"__box20-arrow\"]"}
COMMAND: POST /session/5f042fc1c64931e48653a4fe2329ff65/element/f.85A0C08C11805158FB40365BE7F8DFE2.d.93437F9C29819CBE4477A3978ADFF0D5.e.20390/click - {}
RESULT: {}
COMMAND: POST /session/5f042fc1c64931e48653a4fe2329ff65/execute/async - {"script":"<script> [1562 bytes]","args":[{"selector":{"controlType":"sap.m.StandardListItem","viewName":"etm.portal.ui.managecontracts.view.EditContract","properties":{"title":"Material"},"searchOpenDialogs":true,"interaction":{"idSuffix":"content"}},"wdio_ui5_key":"etmportal.ui.managecontracts.view.EditContractsap.m.StandardListItem{\"title\":\"Material\"}"}]}
COMMAND: GET /session/5f042fc1c64931e48653a4fe2329ff65/screenshot - {}
RESULT: {"script":"<script> [1562 bytes]","args":[{"selector":{"controlType":"sap.m.StandardListItem","viewName":"etm.portal.ui.managecontracts.view.EditContract","properties":{"title":"Material"},"searchOpenDialogs":true,"interaction":{"idSuffix":"content"}},"wdio_ui5_key":"etmportal.ui.managecontracts.view.EditContractsap.m.StandardListItem{\"title\":\"Material\"}"}]}
RESULT: undefined
COMMAND: POST /session/5f042fc1c64931e48653a4fe2329ff65/element - {"using":"xpath","value":"//*[@id=\"__item93\"]"}
RESULT: {}
RESULT: {"using":"xpath","value":"//*[@id=\"__item93\"]"}
COMMAND: POST /session/5f042fc1c64931e48653a4fe2329ff65/element/f.85A0C08C11805158FB40365BE7F8DFE2.d.93437F9C29819CBE4477A3978ADFF0D5.e.20393/click - {}
RESULT: {}
COMMAND: POST /session/5f042fc1c64931e48653a4fe2329ff65/element - {"using":"xpath","value":"//td[7]/div/div/input"}
COMMAND: GET /session/5f042fc1c64931e48653a4fe2329ff65/screenshot - {}
RESULT: {"using":"xpath","value":"//td[7]/div/div/input"}
COMMAND: POST /session/5f042fc1c64931e48653a4fe2329ff65/element/f.85A0C08C11805158FB40365BE7F8DFE2.d.93437F9C29819CBE4477A3978ADFF0D5.e.20396/clear - {}
RESULT: {}
RESULT: {}
COMMAND: POST /session/5f042fc1c64931e48653a4fe2329ff65/element/f.85A0C08C11805158FB40365BE7F8DFE2.d.93437F9C29819CBE4477A3978ADFF0D5.e.20396/value - {"text":"WebdriverRUR2Cb6mjd"}
COMMAND: GET /session/5f042fc1c64931e48653a4fe2329ff65/screenshot - {}
RESULT: {"text":"WebdriverRUR2Cb6mjd"}
COMMAND: GET /session/5f042fc1c64931e48653a4fe2329ff65/screenshot - {}
RESULT: {}
RESULT: {}
COMMAND: POST /session/5f042fc1c64931e48653a4fe2329ff65/actions - {"actions":[{"id":"action88","type":"key","parameters":{},"actions":[{"type":"keyDown","value":"î€‡"},{"type":"pause","duration":10},{"type":"keyUp","value":"î€‡"}]}]}
RESULT: {"actions":[{"id":"action88","type":"key","parameters":{},"actions":[{"type":"keyDown","value":"î€‡"},{"type":"pause","duration":10},{"type":"keyUp","value":"î€‡"}]}]}
COMMAND: GET /session/5f042fc1c64931e48653a4fe2329ff65/screenshot - {}
RESULT: {}
COMMAND: POST /session/5f042fc1c64931e48653a4fe2329ff65/element - {"using":"xpath","value":"//button[@data-kt=\"saveButton\"]"}
RESULT: {"using":"xpath","value":"//button[@data-kt=\"saveButton\"]"}
COMMAND: POST /session/5f042fc1c64931e48653a4fe2329ff65/element/f.85A0C08C11805158FB40365BE7F8DFE2.d.93437F9C29819CBE4477A3978ADFF0D5.e.20419/click - {}
RESULT: {}
COMMAND: GET /session/5f042fc1c64931e48653a4fe2329ff65/screenshot - {}
RESULT: {}
RESULT: undefined
COMMAND: POST /session/5f042fc1c64931e48653a4fe2329ff65/execute/async - {"script":"<script> [6424 bytes]","args":[{"element-6066-11e4-a52e-4f735466cecf":"f.85A0C08C11805158FB40365BE7F8DFE2.d.93437F9C29819CBE4477A3978ADFF0D5.e.20305"},"getText",[]]}
RESULT: {"script":"<script> [6424 bytes]","args":[{"element-6066-11e4-a52e-4f735466cecf":"f.85A0C08C11805158FB40365BE7F8DFE2.d.93437F9C29819CBE4477A3978ADFF0D5.e.20305"},"getText",[]]}
COMMAND: DELETE /session/5f042fc1c64931e48653a4fe2329ff65 - {}
RESULT: {}
]]></system-out>
    </testcase>
  </testsuite>
</testsuites>