<?xml version="1.0" encoding="UTF-8"?>
<testsuites tests="9" failures="5" errors="5" skipped="0">
  <testsuite timestamp="2025-06-04T06:01:18" time="782.264" tests="8" failures="4" errors="4" skipped="0">
    <properties>
      <property name="specId" value="0" />
      <property name="suiteName" value="Create masterdata for Yard Overview - trigger provide US130988" />
      <property name="capabilities" value="chrome.136_0_7103_93.windows" />
      <property name="file" value="file:///D:/a/1/s/test/specs/HTR/yard-overview-trigger.spec.js" />
    </properties>
    <testcase classname="chrome.136_0_7103_93.windows.Create_masterdata_for_Yard_Overview_-_trigger_provide_US130988" name="Should create a new yard" time="124.884">
      <system-out><![CDATA[
COMMAND: POST /session/de13e7a061070a37799f1fee593ee0c2/window/fullscreen - {}
RESULT: {}
COMMAND: POST /session/de13e7a061070a37799f1fee593ee0c2/execute/async - {"script":"<script> [1562 bytes]","args":[{"selector":{"controlType":"sap.m.GenericTile","properties":{"header":"Manage Yards"}},"wdio_ui5_key":"sapm.GenericTile{\"header\":\"Manage Yards\"}"}]}
RESULT: {"script":"<script> [1562 bytes]","args":[{"selector":{"controlType":"sap.m.GenericTile","properties":{"header":"Manage Yards"}},"wdio_ui5_key":"sapm.GenericTile{\"header\":\"Manage Yards\"}"}]}
RESULT: undefined
COMMAND: POST /session/de13e7a061070a37799f1fee593ee0c2/element - {"using":"xpath","value":"//*[@id=\"__tile41\"]"}
RESULT: {"using":"xpath","value":"//*[@id=\"__tile41\"]"}
COMMAND: POST /session/de13e7a061070a37799f1fee593ee0c2/element/f.1392257B6683CA6268F392CA304129EA.d.5D91712BFB2DE1A655FC5B4632627C10.e.129/click - {}
RESULT: {}
COMMAND: GET /session/de13e7a061070a37799f1fee593ee0c2/screenshot - {}
RESULT: {}
COMMAND: POST /session/de13e7a061070a37799f1fee593ee0c2/elements - {"using":"xpath","value":"//span[text()='Error']"}
RESULT: {"using":"xpath","value":"//span[text()='Error']"}
COMMAND: POST /session/de13e7a061070a37799f1fee593ee0c2/element - {"using":"xpath","value":"//button[@data-kt=\"addNewYardOverflowToolbarButton\"]"}
RESULT: {"using":"xpath","value":"//button[@data-kt=\"addNewYardOverflowToolbarButton\"]"}
COMMAND: POST /session/de13e7a061070a37799f1fee593ee0c2/elements - {"using":"xpath","value":"//button[@data-kt=\"addNewYardOverflowToolbarButton\"]"}
RESULT: {"using":"xpath","value":"//button[@data-kt=\"addNewYardOverflowToolbarButton\"]"}
COMMAND: POST /session/de13e7a061070a37799f1fee593ee0c2/execute/sync - {"script":"<script> [8489 bytes]","args":[{"element-6066-11e4-a52e-4f735466cecf":"f.1392257B6683CA6268F392CA304129EA.d.5D91712BFB2DE1A655FC5B4632627C10.e.267","ELEMENT":"f.1392257B6683CA6268F392CA304129EA.d.5D91712BFB2DE1A655FC5B4632627C10.e.267"}]}
RESULT: {"script":"<script> [8489 bytes]","args":[{"element-6066-11e4-a52e-4f735466cecf":"f.1392257B6683CA6268F392CA304129EA.d.5D91712BFB2DE1A655FC5B4632627C10.e.267","ELEMENT":"f.1392257B6683CA6268F392CA304129EA.d.5D91712BFB2DE1A655FC5B4632627C10.e.267"}]}
COMMAND: GET /session/de13e7a061070a37799f1fee593ee0c2/element/f.1392257B6683CA6268F392CA304129EA.d.5D91712BFB2DE1A655FC5B4632627C10.e.267/enabled - {}
COMMAND: GET /session/de13e7a061070a37799f1fee593ee0c2/screenshot - {}
RESULT: {}
COMMAND: POST /session/de13e7a061070a37799f1fee593ee0c2/execute/sync - {"script":"<script> [8489 bytes]","args":[{"element-6066-11e4-a52e-4f735466cecf":"f.1392257B6683CA6268F392CA304129EA.d.5D91712BFB2DE1A655FC5B4632627C10.e.267","ELEMENT":"f.1392257B6683CA6268F392CA304129EA.d.5D91712BFB2DE1A655FC5B4632627C10.e.267"}]}
COMMAND: GET /session/de13e7a061070a37799f1fee593ee0c2/screenshot - {}
RESULT: {}
RESULT: {"script":"<script> [8489 bytes]","args":[{"element-6066-11e4-a52e-4f735466cecf":"f.1392257B6683CA6268F392CA304129EA.d.5D91712BFB2DE1A655FC5B4632627C10.e.267","ELEMENT":"f.1392257B6683CA6268F392CA304129EA.d.5D91712BFB2DE1A655FC5B4632627C10.e.267"}]}
COMMAND: POST /session/de13e7a061070a37799f1fee593ee0c2/execute/sync - {"script":"<script> [5351 bytes]","args":[{"element-6066-11e4-a52e-4f735466cecf":"f.1392257B6683CA6268F392CA304129EA.d.5D91712BFB2DE1A655FC5B4632627C10.e.267","ELEMENT":"f.1392257B6683CA6268F392CA304129EA.d.5D91712BFB2DE1A655FC5B4632627C10.e.267"}]}
COMMAND: GET /session/de13e7a061070a37799f1fee593ee0c2/screenshot - {}
RESULT: {}
RESULT: {"script":"<script> [5351 bytes]","args":[{"element-6066-11e4-a52e-4f735466cecf":"f.1392257B6683CA6268F392CA304129EA.d.5D91712BFB2DE1A655FC5B4632627C10.e.267","ELEMENT":"f.1392257B6683CA6268F392CA304129EA.d.5D91712BFB2DE1A655FC5B4632627C10.e.267"}]}
COMMAND: POST /session/de13e7a061070a37799f1fee593ee0c2/element/f.1392257B6683CA6268F392CA304129EA.d.5D91712BFB2DE1A655FC5B4632627C10.e.267/click - {}
COMMAND: GET /session/de13e7a061070a37799f1fee593ee0c2/screenshot - {}
RESULT: {}
RESULT: {}
COMMAND: GET /session/de13e7a061070a37799f1fee593ee0c2/screenshot - {}
RESULT: {}
RESULT: {}
COMMAND: POST /session/de13e7a061070a37799f1fee593ee0c2/element - {"using":"xpath","value":"//input[@id=\"application-manageyards-display-component---NewYard--yardId-inner\"]"}
RESULT: {"using":"xpath","value":"//input[@id=\"application-manageyards-display-component---NewYard--yardId-inner\"]"}
COMMAND: POST /session/de13e7a061070a37799f1fee593ee0c2/element - {"using":"xpath","value":"//input[@id=\"application-manageyards-display-component---NewYard--yardId-inner\"]"}
RESULT: {"using":"xpath","value":"//input[@id=\"application-manageyards-display-component---NewYard--yardId-inner\"]"}
COMMAND: POST /session/de13e7a061070a37799f1fee593ee0c2/execute/async - {"script":"<script> [1562 bytes]","args":[{"selector":{"id":"application-manageyards-display-component---NewYard--addressDetailDetailsName1","interaction":{"idSuffix":"inner"}},"wdio_ui5_key":"applicationmanageyards-display-component---NewYard--addressDetailDetailsName1"}]}
RESULT: {"script":"<script> [1562 bytes]","args":[{"selector":{"id":"application-manageyards-display-component---NewYard--addressDetailDetailsName1","interaction":{"idSuffix":"inner"}},"wdio_ui5_key":"applicationmanageyards-display-component---NewYard--addressDetailDetailsName1"}]}
RESULT: undefined
COMMAND: POST /session/de13e7a061070a37799f1fee593ee0c2/execute/async - {"script":"<script> [776 bytes]","args":[{"enterText":"Other Yard WDIO","selector":{"id":"application-manageyards-display-component---NewYard--addressDetailDetailsName1","interaction":{"idSuffix":"inner"}},"clearTextFirst":true,"interactionType":"ENTER_TEXT"}]}
RESULT: {"script":"<script> [776 bytes]","args":[{"enterText":"Other Yard WDIO","selector":{"id":"application-manageyards-display-component---NewYard--addressDetailDetailsName1","interaction":{"idSuffix":"inner"}},"clearTextFirst":true,"interactionType":"ENTER_TEXT"}]}
COMMAND: POST /session/de13e7a061070a37799f1fee593ee0c2/execute/async - {"script":"<script> [1562 bytes]","args":[{"selector":{"id":"application-manageyards-display-component---NewYard--addressDetailDetailsLanguage-arrow"},"wdio_ui5_key":"applicationmanageyards-display-component---NewYard--addressDetailDetailsLanguage-arrow"}]}
RESULT: {"script":"<script> [1562 bytes]","args":[{"selector":{"id":"application-manageyards-display-component---NewYard--addressDetailDetailsLanguage-arrow"},"wdio_ui5_key":"applicationmanageyards-display-component---NewYard--addressDetailDetailsLanguage-arrow"}]}
RESULT: undefined
COMMAND: POST /session/de13e7a061070a37799f1fee593ee0c2/element - {"using":"xpath","value":"//*[@id=\"application-manageyards-display-component---NewYard--addressDetailDetailsLanguage-arrow\"]"}
RESULT: {"using":"xpath","value":"//*[@id=\"application-manageyards-display-component---NewYard--addressDetailDetailsLanguage-arrow\"]"}
COMMAND: POST /session/de13e7a061070a37799f1fee593ee0c2/element/f.1392257B6683CA6268F392CA304129EA.d.5D91712BFB2DE1A655FC5B4632627C10.e.697/click - {}
RESULT: {}
COMMAND: POST /session/de13e7a061070a37799f1fee593ee0c2/element - {"using":"xpath","value":"//span[contains(text(), \"English\")]"}
COMMAND: GET /session/de13e7a061070a37799f1fee593ee0c2/screenshot - {}
RESULT: {"using":"xpath","value":"//span[contains(text(), \"English\")]"}
COMMAND: POST /session/de13e7a061070a37799f1fee593ee0c2/element/f.1392257B6683CA6268F392CA304129EA.d.5D91712BFB2DE1A655FC5B4632627C10.e.698/click - {}
RESULT: {}
RESULT: {}
COMMAND: POST /session/de13e7a061070a37799f1fee593ee0c2/execute/async - {"script":"<script> [1562 bytes]","args":[{"selector":{"id":"application-manageyards-display-component---NewYard--addressDetailDetailsCity1","interaction":{"idSuffix":"inner"}},"wdio_ui5_key":"applicationmanageyards-display-component---NewYard--addressDetailDetailsCity1"}]}
COMMAND: GET /session/de13e7a061070a37799f1fee593ee0c2/screenshot - {}
RESULT: {"script":"<script> [1562 bytes]","args":[{"selector":{"id":"application-manageyards-display-component---NewYard--addressDetailDetailsCity1","interaction":{"idSuffix":"inner"}},"wdio_ui5_key":"applicationmanageyards-display-component---NewYard--addressDetailDetailsCity1"}]}
RESULT: undefined
COMMAND: POST /session/de13e7a061070a37799f1fee593ee0c2/execute/async - {"script":"<script> [776 bytes]","args":[{"enterText":"Rosario","selector":{"id":"application-manageyards-display-component---NewYard--addressDetailDetailsCity1","interaction":{"idSuffix":"inner"}},"clearTextFirst":true,"interactionType":"ENTER_TEXT"}]}
RESULT: {}
RESULT: {"script":"<script> [776 bytes]","args":[{"enterText":"Rosario","selector":{"id":"application-manageyards-display-component---NewYard--addressDetailDetailsCity1","interaction":{"idSuffix":"inner"}},"clearTextFirst":true,"interactionType":"ENTER_TEXT"}]}
COMMAND: POST /session/de13e7a061070a37799f1fee593ee0c2/execute/async - {"script":"<script> [1562 bytes]","args":[{"selector":{"id":"application-manageyards-display-component---NewYard--addressDetailDetailsCountry-arrow"},"wdio_ui5_key":"applicationmanageyards-display-component---NewYard--addressDetailDetailsCountry-arrow"}]}
RESULT: {"script":"<script> [1562 bytes]","args":[{"selector":{"id":"application-manageyards-display-component---NewYard--addressDetailDetailsCountry-arrow"},"wdio_ui5_key":"applicationmanageyards-display-component---NewYard--addressDetailDetailsCountry-arrow"}]}
RESULT: undefined
COMMAND: POST /session/de13e7a061070a37799f1fee593ee0c2/element - {"using":"xpath","value":"//*[@id=\"application-manageyards-display-component---NewYard--addressDetailDetailsCountry-arrow\"]"}
RESULT: {"using":"xpath","value":"//*[@id=\"application-manageyards-display-component---NewYard--addressDetailDetailsCountry-arrow\"]"}
COMMAND: POST /session/de13e7a061070a37799f1fee593ee0c2/element/f.1392257B6683CA6268F392CA304129EA.d.5D91712BFB2DE1A655FC5B4632627C10.e.700/click - {}
RESULT: {}
COMMAND: POST /session/de13e7a061070a37799f1fee593ee0c2/element - {"using":"xpath","value":"//span[contains(text(), \"Argentina\")]"}
COMMAND: GET /session/de13e7a061070a37799f1fee593ee0c2/screenshot - {}
RESULT: {"using":"xpath","value":"//span[contains(text(), \"Argentina\")]"}
COMMAND: POST /session/de13e7a061070a37799f1fee593ee0c2/element/f.1392257B6683CA6268F392CA304129EA.d.5D91712BFB2DE1A655FC5B4632627C10.e.702/click - {}
RESULT: {}
RESULT: {}
COMMAND: POST /session/de13e7a061070a37799f1fee593ee0c2/execute/async - {"script":"<script> [1562 bytes]","args":[{"selector":{"id":"application-manageyards-display-component---NewYard--addressEditDetailsCostObjectCstType-arrow"},"wdio_ui5_key":"applicationmanageyards-display-component---NewYard--addressEditDetailsCostObjectCstType-arrow"}]}
COMMAND: GET /session/de13e7a061070a37799f1fee593ee0c2/screenshot - {}
RESULT: {"script":"<script> [1562 bytes]","args":[{"selector":{"id":"application-manageyards-display-component---NewYard--addressEditDetailsCostObjectCstType-arrow"},"wdio_ui5_key":"applicationmanageyards-display-component---NewYard--addressEditDetailsCostObjectCstType-arrow"}]}
RESULT: undefined
COMMAND: POST /session/de13e7a061070a37799f1fee593ee0c2/element - {"using":"xpath","value":"//*[@id=\"application-manageyards-display-component---NewYard--addressEditDetailsCostObjectCstType-arrow\"]"}
RESULT: {}
RESULT: {"using":"xpath","value":"//*[@id=\"application-manageyards-display-component---NewYard--addressEditDetailsCostObjectCstType-arrow\"]"}
COMMAND: POST /session/de13e7a061070a37799f1fee593ee0c2/element/f.1392257B6683CA6268F392CA304129EA.d.5D91712BFB2DE1A655FC5B4632627C10.e.703/click - {}
RESULT: {}
COMMAND: POST /session/de13e7a061070a37799f1fee593ee0c2/element - {"using":"xpath","value":"//span[contains(text(), \"Cost Center\")]"}
COMMAND: GET /session/de13e7a061070a37799f1fee593ee0c2/screenshot - {}
RESULT: {"using":"xpath","value":"//span[contains(text(), \"Cost Center\")]"}
COMMAND: POST /session/de13e7a061070a37799f1fee593ee0c2/element/f.1392257B6683CA6268F392CA304129EA.d.5D91712BFB2DE1A655FC5B4632627C10.e.704/click - {}
RESULT: {}
RESULT: {}
COMMAND: GET /session/de13e7a061070a37799f1fee593ee0c2/screenshot - {}
RESULT: {}
COMMAND: POST /session/de13e7a061070a37799f1fee593ee0c2/element - {"using":"xpath","value":"//span[@id=\"application-manageyards-display-component---NewYard--addressNewCostObjectCstID-vhi\"]"}
RESULT: {"using":"xpath","value":"//span[@id=\"application-manageyards-display-component---NewYard--addressNewCostObjectCstID-vhi\"]"}
COMMAND: POST /session/de13e7a061070a37799f1fee593ee0c2/execute/sync - {"script":"<script> [8489 bytes]","args":[{"element-6066-11e4-a52e-4f735466cecf":"f.1392257B6683CA6268F392CA304129EA.d.5D91712BFB2DE1A655FC5B4632627C10.e.708","ELEMENT":"f.1392257B6683CA6268F392CA304129EA.d.5D91712BFB2DE1A655FC5B4632627C10.e.708"}]}
RESULT: {"script":"<script> [8489 bytes]","args":[{"element-6066-11e4-a52e-4f735466cecf":"f.1392257B6683CA6268F392CA304129EA.d.5D91712BFB2DE1A655FC5B4632627C10.e.708","ELEMENT":"f.1392257B6683CA6268F392CA304129EA.d.5D91712BFB2DE1A655FC5B4632627C10.e.708"}]}
COMMAND: POST /session/de13e7a061070a37799f1fee593ee0c2/execute/async - {"script":"<script> [1562 bytes]","args":[{"selector":{"id":"application-manageyards-display-component---NewYard--addressNewCostObjectCstID-vhi"},"wdio_ui5_key":"applicationmanageyards-display-component---NewYard--addressNewCostObjectCstID-vhi"}]}
COMMAND: GET /session/de13e7a061070a37799f1fee593ee0c2/screenshot - {}
RESULT: {"script":"<script> [1562 bytes]","args":[{"selector":{"id":"application-manageyards-display-component---NewYard--addressNewCostObjectCstID-vhi"},"wdio_ui5_key":"applicationmanageyards-display-component---NewYard--addressNewCostObjectCstID-vhi"}]}
RESULT: undefined
COMMAND: POST /session/de13e7a061070a37799f1fee593ee0c2/element - {"using":"xpath","value":"//*[@id=\"application-manageyards-display-component---NewYard--addressNewCostObjectCstID-vhi\"]"}
RESULT: {}
RESULT: {"using":"xpath","value":"//*[@id=\"application-manageyards-display-component---NewYard--addressNewCostObjectCstID-vhi\"]"}
COMMAND: POST /session/de13e7a061070a37799f1fee593ee0c2/element/f.1392257B6683CA6268F392CA304129EA.d.5D91712BFB2DE1A655FC5B4632627C10.e.708/click - {}
RESULT: {}
COMMAND: GET /session/de13e7a061070a37799f1fee593ee0c2/screenshot - {}
RESULT: {}
COMMAND: POST /session/de13e7a061070a37799f1fee593ee0c2/execute/async - {"script":"<script> [1562 bytes]","args":[{"selector":{"controlType":"sap.m.SearchField","properties":{"placeholder":"Search"},"searchOpenDialogs":true,"interaction":{"idSuffix":"I"}},"wdio_ui5_key":"sapm.SearchField{\"placeholder\":\"Search\"}"}]}
RESULT: {"script":"<script> [1562 bytes]","args":[{"selector":{"controlType":"sap.m.SearchField","properties":{"placeholder":"Search"},"searchOpenDialogs":true,"interaction":{"idSuffix":"I"}},"wdio_ui5_key":"sapm.SearchField{\"placeholder\":\"Search\"}"}]}
RESULT: undefined
COMMAND: POST /session/de13e7a061070a37799f1fee593ee0c2/execute/async - {"script":"<script> [776 bytes]","args":[{"enterText":"bauh_b","selector":{"controlType":"sap.m.SearchField","properties":{"placeholder":"Search"},"searchOpenDialogs":true,"interaction":{"idSuffix":"I"}},"clearTextFirst":true,"interactionType":"ENTER_TEXT"}]}
RESULT: {"script":"<script> [776 bytes]","args":[{"enterText":"bauh_b","selector":{"controlType":"sap.m.SearchField","properties":{"placeholder":"Search"},"searchOpenDialogs":true,"interaction":{"idSuffix":"I"}},"clearTextFirst":true,"interactionType":"ENTER_TEXT"}]}
COMMAND: POST /session/de13e7a061070a37799f1fee593ee0c2/actions - {"actions":[{"id":"action1","type":"key","parameters":{},"actions":[{"type":"keyDown","value":"î€‡"},{"type":"pause","duration":10},{"type":"keyUp","value":"î€‡"}]}]}
RESULT: {"actions":[{"id":"action1","type":"key","parameters":{},"actions":[{"type":"keyDown","value":"î€‡"},{"type":"pause","duration":10},{"type":"keyUp","value":"î€‡"}]}]}
COMMAND: GET /session/de13e7a061070a37799f1fee593ee0c2/screenshot - {}
RESULT: {}
COMMAND: POST /session/de13e7a061070a37799f1fee593ee0c2/element - {"using":"xpath","value":"//span[contains(text(), \"Demo Yard\")]"}
RESULT: {"using":"xpath","value":"//span[contains(text(), \"Demo Yard\")]"}
COMMAND: POST /session/de13e7a061070a37799f1fee593ee0c2/element/f.1392257B6683CA6268F392CA304129EA.d.5D91712BFB2DE1A655FC5B4632627C10.e.749/click - {}
RESULT: {}
COMMAND: GET /session/de13e7a061070a37799f1fee593ee0c2/screenshot - {}
RESULT: {}
COMMAND: POST /session/de13e7a061070a37799f1fee593ee0c2/element - {"using":"xpath","value":"//bdi[contains(text(), \"OK\")]"}
RESULT: {"using":"xpath","value":"//bdi[contains(text(), \"OK\")]"}
COMMAND: POST /session/de13e7a061070a37799f1fee593ee0c2/element/f.1392257B6683CA6268F392CA304129EA.d.5D91712BFB2DE1A655FC5B4632627C10.e.750/click - {}
RESULT: {}
COMMAND: GET /session/de13e7a061070a37799f1fee593ee0c2/screenshot - {}
RESULT: {}
COMMAND: POST /session/de13e7a061070a37799f1fee593ee0c2/execute/async - {"script":"<script> [1562 bytes]","args":[{"selector":{"id":"application-manageyards-display-component---NewYard--addressEditDetailsCurrency-arrow"},"wdio_ui5_key":"applicationmanageyards-display-component---NewYard--addressEditDetailsCurrency-arrow"}]}
RESULT: {"script":"<script> [1562 bytes]","args":[{"selector":{"id":"application-manageyards-display-component---NewYard--addressEditDetailsCurrency-arrow"},"wdio_ui5_key":"applicationmanageyards-display-component---NewYard--addressEditDetailsCurrency-arrow"}]}
RESULT: undefined
COMMAND: POST /session/de13e7a061070a37799f1fee593ee0c2/element - {"using":"xpath","value":"//*[@id=\"application-manageyards-display-component---NewYard--addressEditDetailsCurrency-arrow\"]"}
RESULT: {"using":"xpath","value":"//*[@id=\"application-manageyards-display-component---NewYard--addressEditDetailsCurrency-arrow\"]"}
COMMAND: POST /session/de13e7a061070a37799f1fee593ee0c2/element/f.1392257B6683CA6268F392CA304129EA.d.5D91712BFB2DE1A655FC5B4632627C10.e.753/click - {}
RESULT: {}
COMMAND: POST /session/de13e7a061070a37799f1fee593ee0c2/element - {"using":"xpath","value":"//span[contains(text(), \"Euro\")]"}
COMMAND: GET /session/de13e7a061070a37799f1fee593ee0c2/screenshot - {}
RESULT: {"using":"xpath","value":"//span[contains(text(), \"Euro\")]"}
COMMAND: POST /session/de13e7a061070a37799f1fee593ee0c2/element/f.1392257B6683CA6268F392CA304129EA.d.5D91712BFB2DE1A655FC5B4632627C10.e.754/click - {}
RESULT: {}
RESULT: {}
COMMAND: POST /session/de13e7a061070a37799f1fee593ee0c2/execute/async - {"script":"<script> [1562 bytes]","args":[{"selector":{"controlType":"sap.m.Input","viewName":"etm.portal.ui.manageyards.view.New","viewId":"application-manageyards-display-component---NewYard","bindingPath":{"path":"","propertyPath":"/CONTROLLING_AREA","modelName":"NewYardModel"},"interaction":{"idSuffix":"inner"}},"wdio_ui5_key":"etmportal.ui.manageyards.view.Newsap.m.Input{\"path\":\"\",\"propertyPath\":\"/CONTROLLING_AREA\",\"modelName\":\"NewYardModel\"}"}]}
COMMAND: GET /session/de13e7a061070a37799f1fee593ee0c2/screenshot - {}
RESULT: {"script":"<script> [1562 bytes]","args":[{"selector":{"controlType":"sap.m.Input","viewName":"etm.portal.ui.manageyards.view.New","viewId":"application-manageyards-display-component---NewYard","bindingPath":{"path":"","propertyPath":"/CONTROLLING_AREA","modelName":"NewYardModel"},"interaction":{"idSuffix":"inner"}},"wdio_ui5_key":"etmportal.ui.manageyards.view.Newsap.m.Input{\"path\":\"\",\"propertyPath\":\"/CONTROLLING_AREA\",\"modelName\":\"NewYardModel\"}"}]}
RESULT: undefined
COMMAND: POST /session/de13e7a061070a37799f1fee593ee0c2/execute/async - {"script":"<script> [776 bytes]","args":[{"enterText":"Z001","selector":{"controlType":"sap.m.Input","viewName":"etm.portal.ui.manageyards.view.New","viewId":"application-manageyards-display-component---NewYard","bindingPath":{"path":"","propertyPath":"/CONTROLLING_AREA","modelName":"NewYardModel"},"interaction":{"idSuffix":"inner"}},"clearTextFirst":true,"interactionType":"ENTER_TEXT"}]}
RESULT: {}
RESULT: {"script":"<script> [776 bytes]","args":[{"enterText":"Z001","selector":{"controlType":"sap.m.Input","viewName":"etm.portal.ui.manageyards.view.New","viewId":"application-manageyards-display-component---NewYard","bindingPath":{"path":"","propertyPath":"/CONTROLLING_AREA","modelName":"NewYardModel"},"interaction":{"idSuffix":"inner"}},"clearTextFirst":true,"interactionType":"ENTER_TEXT"}]}
COMMAND: POST /session/de13e7a061070a37799f1fee593ee0c2/execute/async - {"script":"<script> [1562 bytes]","args":[{"selector":{"id":"application-manageyards-display-component---NewYard--companyCodeComboBox","interaction":{"idSuffix":"inner"}},"wdio_ui5_key":"applicationmanageyards-display-component---NewYard--companyCodeComboBox"}]}
RESULT: {"script":"<script> [1562 bytes]","args":[{"selector":{"id":"application-manageyards-display-component---NewYard--companyCodeComboBox","interaction":{"idSuffix":"inner"}},"wdio_ui5_key":"applicationmanageyards-display-component---NewYard--companyCodeComboBox"}]}
RESULT: undefined
COMMAND: POST /session/de13e7a061070a37799f1fee593ee0c2/execute/async - {"script":"<script> [776 bytes]","args":[{"enterText":"1000","selector":{"id":"application-manageyards-display-component---NewYard--companyCodeComboBox","interaction":{"idSuffix":"inner"}},"clearTextFirst":true,"interactionType":"ENTER_TEXT"}]}
RESULT: {"script":"<script> [776 bytes]","args":[{"enterText":"1000","selector":{"id":"application-manageyards-display-component---NewYard--companyCodeComboBox","interaction":{"idSuffix":"inner"}},"clearTextFirst":true,"interactionType":"ENTER_TEXT"}]}
COMMAND: POST /session/de13e7a061070a37799f1fee593ee0c2/execute/async - {"script":"<script> [1562 bytes]","args":[{"selector":{"controlType":"sap.m.Input","viewName":"etm.portal.ui.manageyards.view.New","viewId":"application-manageyards-display-component---NewYard","bindingPath":{"path":"","propertyPath":"/PLANT","modelName":"NewYardModel"},"interaction":{"idSuffix":"inner"}},"wdio_ui5_key":"etmportal.ui.manageyards.view.Newsap.m.Input{\"path\":\"\",\"propertyPath\":\"/PLANT\",\"modelName\":\"NewYardModel\"}"}]}
RESULT: {"script":"<script> [1562 bytes]","args":[{"selector":{"controlType":"sap.m.Input","viewName":"etm.portal.ui.manageyards.view.New","viewId":"application-manageyards-display-component---NewYard","bindingPath":{"path":"","propertyPath":"/PLANT","modelName":"NewYardModel"},"interaction":{"idSuffix":"inner"}},"wdio_ui5_key":"etmportal.ui.manageyards.view.Newsap.m.Input{\"path\":\"\",\"propertyPath\":\"/PLANT\",\"modelName\":\"NewYardModel\"}"}]}
RESULT: undefined
COMMAND: POST /session/de13e7a061070a37799f1fee593ee0c2/execute/async - {"script":"<script> [776 bytes]","args":[{"enterText":"1001","selector":{"controlType":"sap.m.Input","viewName":"etm.portal.ui.manageyards.view.New","viewId":"application-manageyards-display-component---NewYard","bindingPath":{"path":"","propertyPath":"/PLANT","modelName":"NewYardModel"},"interaction":{"idSuffix":"inner"}},"clearTextFirst":true,"interactionType":"ENTER_TEXT"}]}
RESULT: {"script":"<script> [776 bytes]","args":[{"enterText":"1001","selector":{"controlType":"sap.m.Input","viewName":"etm.portal.ui.manageyards.view.New","viewId":"application-manageyards-display-component---NewYard","bindingPath":{"path":"","propertyPath":"/PLANT","modelName":"NewYardModel"},"interaction":{"idSuffix":"inner"}},"clearTextFirst":true,"interactionType":"ENTER_TEXT"}]}
COMMAND: POST /session/de13e7a061070a37799f1fee593ee0c2/execute/async - {"script":"<script> [1562 bytes]","args":[{"selector":{"controlType":"sap.m.Input","viewName":"etm.portal.ui.manageyards.view.New","viewId":"application-manageyards-display-component---NewYard","bindingPath":{"path":"","propertyPath":"/SALES_AREA_VKORG","modelName":"NewYardModel"},"interaction":{"idSuffix":"inner"}},"wdio_ui5_key":"etmportal.ui.manageyards.view.Newsap.m.Input{\"path\":\"\",\"propertyPath\":\"/SALES_AREA_VKORG\",\"modelName\":\"NewYardModel\"}"}]}
RESULT: {"script":"<script> [1562 bytes]","args":[{"selector":{"controlType":"sap.m.Input","viewName":"etm.portal.ui.manageyards.view.New","viewId":"application-manageyards-display-component---NewYard","bindingPath":{"path":"","propertyPath":"/SALES_AREA_VKORG","modelName":"NewYardModel"},"interaction":{"idSuffix":"inner"}},"wdio_ui5_key":"etmportal.ui.manageyards.view.Newsap.m.Input{\"path\":\"\",\"propertyPath\":\"/SALES_AREA_VKORG\",\"modelName\":\"NewYardModel\"}"}]}
RESULT: undefined
COMMAND: POST /session/de13e7a061070a37799f1fee593ee0c2/execute/async - {"script":"<script> [776 bytes]","args":[{"enterText":"C002","selector":{"controlType":"sap.m.Input","viewName":"etm.portal.ui.manageyards.view.New","viewId":"application-manageyards-display-component---NewYard","bindingPath":{"path":"","propertyPath":"/SALES_AREA_VKORG","modelName":"NewYardModel"},"interaction":{"idSuffix":"inner"}},"clearTextFirst":true,"interactionType":"ENTER_TEXT"}]}
RESULT: {"script":"<script> [776 bytes]","args":[{"enterText":"C002","selector":{"controlType":"sap.m.Input","viewName":"etm.portal.ui.manageyards.view.New","viewId":"application-manageyards-display-component---NewYard","bindingPath":{"path":"","propertyPath":"/SALES_AREA_VKORG","modelName":"NewYardModel"},"interaction":{"idSuffix":"inner"}},"clearTextFirst":true,"interactionType":"ENTER_TEXT"}]}
COMMAND: POST /session/de13e7a061070a37799f1fee593ee0c2/execute/async - {"script":"<script> [1562 bytes]","args":[{"selector":{"controlType":"sap.m.Input","viewName":"etm.portal.ui.manageyards.view.New","viewId":"application-manageyards-display-component---NewYard","bindingPath":{"path":"","propertyPath":"/SALES_AREA_VTWEG","modelName":"NewYardModel"},"interaction":{"idSuffix":"inner"}},"wdio_ui5_key":"etmportal.ui.manageyards.view.Newsap.m.Input{\"path\":\"\",\"propertyPath\":\"/SALES_AREA_VTWEG\",\"modelName\":\"NewYardModel\"}"}]}
RESULT: {"script":"<script> [1562 bytes]","args":[{"selector":{"controlType":"sap.m.Input","viewName":"etm.portal.ui.manageyards.view.New","viewId":"application-manageyards-display-component---NewYard","bindingPath":{"path":"","propertyPath":"/SALES_AREA_VTWEG","modelName":"NewYardModel"},"interaction":{"idSuffix":"inner"}},"wdio_ui5_key":"etmportal.ui.manageyards.view.Newsap.m.Input{\"path\":\"\",\"propertyPath\":\"/SALES_AREA_VTWEG\",\"modelName\":\"NewYardModel\"}"}]}
RESULT: undefined
COMMAND: POST /session/de13e7a061070a37799f1fee593ee0c2/execute/async - {"script":"<script> [776 bytes]","args":[{"enterText":"C2","selector":{"controlType":"sap.m.Input","viewName":"etm.portal.ui.manageyards.view.New","viewId":"application-manageyards-display-component---NewYard","bindingPath":{"path":"","propertyPath":"/SALES_AREA_VTWEG","modelName":"NewYardModel"},"interaction":{"idSuffix":"inner"}},"clearTextFirst":true,"interactionType":"ENTER_TEXT"}]}
RESULT: {"script":"<script> [776 bytes]","args":[{"enterText":"C2","selector":{"controlType":"sap.m.Input","viewName":"etm.portal.ui.manageyards.view.New","viewId":"application-manageyards-display-component---NewYard","bindingPath":{"path":"","propertyPath":"/SALES_AREA_VTWEG","modelName":"NewYardModel"},"interaction":{"idSuffix":"inner"}},"clearTextFirst":true,"interactionType":"ENTER_TEXT"}]}
COMMAND: POST /session/de13e7a061070a37799f1fee593ee0c2/execute/async - {"script":"<script> [1562 bytes]","args":[{"selector":{"controlType":"sap.m.Input","viewName":"etm.portal.ui.manageyards.view.New","viewId":"application-manageyards-display-component---NewYard","bindingPath":{"path":"","propertyPath":"/SALES_AREA_SPART","modelName":"NewYardModel"},"interaction":{"idSuffix":"inner"}},"wdio_ui5_key":"etmportal.ui.manageyards.view.Newsap.m.Input{\"path\":\"\",\"propertyPath\":\"/SALES_AREA_SPART\",\"modelName\":\"NewYardModel\"}"}]}
RESULT: {"script":"<script> [1562 bytes]","args":[{"selector":{"controlType":"sap.m.Input","viewName":"etm.portal.ui.manageyards.view.New","viewId":"application-manageyards-display-component---NewYard","bindingPath":{"path":"","propertyPath":"/SALES_AREA_SPART","modelName":"NewYardModel"},"interaction":{"idSuffix":"inner"}},"wdio_ui5_key":"etmportal.ui.manageyards.view.Newsap.m.Input{\"path\":\"\",\"propertyPath\":\"/SALES_AREA_SPART\",\"modelName\":\"NewYardModel\"}"}]}
RESULT: undefined
COMMAND: POST /session/de13e7a061070a37799f1fee593ee0c2/execute/async - {"script":"<script> [776 bytes]","args":[{"enterText":"C2","selector":{"controlType":"sap.m.Input","viewName":"etm.portal.ui.manageyards.view.New","viewId":"application-manageyards-display-component---NewYard","bindingPath":{"path":"","propertyPath":"/SALES_AREA_SPART","modelName":"NewYardModel"},"interaction":{"idSuffix":"inner"}},"clearTextFirst":true,"interactionType":"ENTER_TEXT"}]}
RESULT: {"script":"<script> [776 bytes]","args":[{"enterText":"C2","selector":{"controlType":"sap.m.Input","viewName":"etm.portal.ui.manageyards.view.New","viewId":"application-manageyards-display-component---NewYard","bindingPath":{"path":"","propertyPath":"/SALES_AREA_SPART","modelName":"NewYardModel"},"interaction":{"idSuffix":"inner"}},"clearTextFirst":true,"interactionType":"ENTER_TEXT"}]}
COMMAND: POST /session/de13e7a061070a37799f1fee593ee0c2/execute/async - {"script":"<script> [1562 bytes]","args":[{"selector":{"controlType":"sap.m.Input","viewName":"etm.portal.ui.manageyards.view.New","viewId":"application-manageyards-display-component---NewYard","bindingPath":{"path":"","propertyPath":"/SHIP_POINT","modelName":"NewYardModel"},"interaction":{"idSuffix":"inner"}},"wdio_ui5_key":"etmportal.ui.manageyards.view.Newsap.m.Input{\"path\":\"\",\"propertyPath\":\"/SHIP_POINT\",\"modelName\":\"NewYardModel\"}"}]}
RESULT: {"script":"<script> [1562 bytes]","args":[{"selector":{"controlType":"sap.m.Input","viewName":"etm.portal.ui.manageyards.view.New","viewId":"application-manageyards-display-component---NewYard","bindingPath":{"path":"","propertyPath":"/SHIP_POINT","modelName":"NewYardModel"},"interaction":{"idSuffix":"inner"}},"wdio_ui5_key":"etmportal.ui.manageyards.view.Newsap.m.Input{\"path\":\"\",\"propertyPath\":\"/SHIP_POINT\",\"modelName\":\"NewYardModel\"}"}]}
RESULT: undefined
COMMAND: POST /session/de13e7a061070a37799f1fee593ee0c2/execute/async - {"script":"<script> [776 bytes]","args":[{"enterText":"1710","selector":{"controlType":"sap.m.Input","viewName":"etm.portal.ui.manageyards.view.New","viewId":"application-manageyards-display-component---NewYard","bindingPath":{"path":"","propertyPath":"/SHIP_POINT","modelName":"NewYardModel"},"interaction":{"idSuffix":"inner"}},"clearTextFirst":true,"interactionType":"ENTER_TEXT"}]}
RESULT: {"script":"<script> [776 bytes]","args":[{"enterText":"1710","selector":{"controlType":"sap.m.Input","viewName":"etm.portal.ui.manageyards.view.New","viewId":"application-manageyards-display-component---NewYard","bindingPath":{"path":"","propertyPath":"/SHIP_POINT","modelName":"NewYardModel"},"interaction":{"idSuffix":"inner"}},"clearTextFirst":true,"interactionType":"ENTER_TEXT"}]}
COMMAND: POST /session/de13e7a061070a37799f1fee593ee0c2/execute/async - {"script":"<script> [1562 bytes]","args":[{"selector":{"controlType":"sap.m.Input","viewName":"etm.portal.ui.manageyards.view.New","viewId":"application-manageyards-display-component---NewYard","bindingPath":{"path":"","propertyPath":"/DELIVERY_TYPE","modelName":"NewYardModel"},"interaction":{"idSuffix":"inner"}},"wdio_ui5_key":"etmportal.ui.manageyards.view.Newsap.m.Input{\"path\":\"\",\"propertyPath\":\"/DELIVERY_TYPE\",\"modelName\":\"NewYardModel\"}"}]}
RESULT: {"script":"<script> [1562 bytes]","args":[{"selector":{"controlType":"sap.m.Input","viewName":"etm.portal.ui.manageyards.view.New","viewId":"application-manageyards-display-component---NewYard","bindingPath":{"path":"","propertyPath":"/DELIVERY_TYPE","modelName":"NewYardModel"},"interaction":{"idSuffix":"inner"}},"wdio_ui5_key":"etmportal.ui.manageyards.view.Newsap.m.Input{\"path\":\"\",\"propertyPath\":\"/DELIVERY_TYPE\",\"modelName\":\"NewYardModel\"}"}]}
RESULT: undefined
COMMAND: POST /session/de13e7a061070a37799f1fee593ee0c2/execute/async - {"script":"<script> [776 bytes]","args":[{"enterText":"ZL01","selector":{"controlType":"sap.m.Input","viewName":"etm.portal.ui.manageyards.view.New","viewId":"application-manageyards-display-component---NewYard","bindingPath":{"path":"","propertyPath":"/DELIVERY_TYPE","modelName":"NewYardModel"},"interaction":{"idSuffix":"inner"}},"clearTextFirst":true,"interactionType":"ENTER_TEXT"}]}
RESULT: {"script":"<script> [776 bytes]","args":[{"enterText":"ZL01","selector":{"controlType":"sap.m.Input","viewName":"etm.portal.ui.manageyards.view.New","viewId":"application-manageyards-display-component---NewYard","bindingPath":{"path":"","propertyPath":"/DELIVERY_TYPE","modelName":"NewYardModel"},"interaction":{"idSuffix":"inner"}},"clearTextFirst":true,"interactionType":"ENTER_TEXT"}]}
COMMAND: POST /session/de13e7a061070a37799f1fee593ee0c2/execute/async - {"script":"<script> [1562 bytes]","args":[{"selector":{"controlType":"sap.m.Input","viewName":"etm.portal.ui.manageyards.view.New","viewId":"application-manageyards-display-component---NewYard","bindingPath":{"path":"","propertyPath":"/AUART","modelName":"NewYardModel"},"interaction":{"idSuffix":"inner"}},"wdio_ui5_key":"etmportal.ui.manageyards.view.Newsap.m.Input{\"path\":\"\",\"propertyPath\":\"/AUART\",\"modelName\":\"NewYardModel\"}"}]}
RESULT: {"script":"<script> [1562 bytes]","args":[{"selector":{"controlType":"sap.m.Input","viewName":"etm.portal.ui.manageyards.view.New","viewId":"application-manageyards-display-component---NewYard","bindingPath":{"path":"","propertyPath":"/AUART","modelName":"NewYardModel"},"interaction":{"idSuffix":"inner"}},"wdio_ui5_key":"etmportal.ui.manageyards.view.Newsap.m.Input{\"path\":\"\",\"propertyPath\":\"/AUART\",\"modelName\":\"NewYardModel\"}"}]}
RESULT: undefined
COMMAND: POST /session/de13e7a061070a37799f1fee593ee0c2/execute/async - {"script":"<script> [776 bytes]","args":[{"enterText":"TA","selector":{"controlType":"sap.m.Input","viewName":"etm.portal.ui.manageyards.view.New","viewId":"application-manageyards-display-component---NewYard","bindingPath":{"path":"","propertyPath":"/AUART","modelName":"NewYardModel"},"interaction":{"idSuffix":"inner"}},"clearTextFirst":true,"interactionType":"ENTER_TEXT"}]}
RESULT: {"script":"<script> [776 bytes]","args":[{"enterText":"TA","selector":{"controlType":"sap.m.Input","viewName":"etm.portal.ui.manageyards.view.New","viewId":"application-manageyards-display-component---NewYard","bindingPath":{"path":"","propertyPath":"/AUART","modelName":"NewYardModel"},"interaction":{"idSuffix":"inner"}},"clearTextFirst":true,"interactionType":"ENTER_TEXT"}]}
COMMAND: POST /session/de13e7a061070a37799f1fee593ee0c2/element - {"using":"xpath","value":"//button[@data-kt=\"newYardSaveButton\"]"}
RESULT: {"using":"xpath","value":"//button[@data-kt=\"newYardSaveButton\"]"}
COMMAND: POST /session/de13e7a061070a37799f1fee593ee0c2/element/f.1392257B6683CA6268F392CA304129EA.d.5D91712BFB2DE1A655FC5B4632627C10.e.682/click - {}
RESULT: {}
COMMAND: GET /session/de13e7a061070a37799f1fee593ee0c2/screenshot - {}
RESULT: {}
COMMAND: POST /session/de13e7a061070a37799f1fee593ee0c2/element - {"using":"xpath","value":"//header[contains(@id, 'ObjectPageLayout-headerTitle')]/div[1]/div[2]/div[1]/span[1]"}
RESULT: {"using":"xpath","value":"//header[contains(@id, 'ObjectPageLayout-headerTitle')]/div[1]/div[2]/div[1]/span[1]"}
COMMAND: POST /session/de13e7a061070a37799f1fee593ee0c2/elements - {"using":"xpath","value":"//header[contains(@id, 'ObjectPageLayout-headerTitle')]/div[1]/div[2]/div[1]/span[1]"}
RESULT: {"using":"xpath","value":"//header[contains(@id, 'ObjectPageLayout-headerTitle')]/div[1]/div[2]/div[1]/span[1]"}
COMMAND: POST /session/de13e7a061070a37799f1fee593ee0c2/execute/sync - {"script":"<script> [56 bytes]","args":[{"element-6066-11e4-a52e-4f735466cecf":"f.1392257B6683CA6268F392CA304129EA.d.5D91712BFB2DE1A655FC5B4632627C10.e.970","ELEMENT":"f.1392257B6683CA6268F392CA304129EA.d.5D91712BFB2DE1A655FC5B4632627C10.e.970"}]}
RESULT: {"script":"<script> [56 bytes]","args":[{"element-6066-11e4-a52e-4f735466cecf":"f.1392257B6683CA6268F392CA304129EA.d.5D91712BFB2DE1A655FC5B4632627C10.e.970","ELEMENT":"f.1392257B6683CA6268F392CA304129EA.d.5D91712BFB2DE1A655FC5B4632627C10.e.970"}]}
COMMAND: GET /session/de13e7a061070a37799f1fee593ee0c2/screenshot - {}
RESULT: {}
COMMAND: POST /session/de13e7a061070a37799f1fee593ee0c2/execute/sync - {"script":"<script> [56 bytes]","args":[{"element-6066-11e4-a52e-4f735466cecf":"f.1392257B6683CA6268F392CA304129EA.d.5D91712BFB2DE1A655FC5B4632627C10.e.970","ELEMENT":"f.1392257B6683CA6268F392CA304129EA.d.5D91712BFB2DE1A655FC5B4632627C10.e.970"}]}
RESULT: {"script":"<script> [56 bytes]","args":[{"element-6066-11e4-a52e-4f735466cecf":"f.1392257B6683CA6268F392CA304129EA.d.5D91712BFB2DE1A655FC5B4632627C10.e.970","ELEMENT":"f.1392257B6683CA6268F392CA304129EA.d.5D91712BFB2DE1A655FC5B4632627C10.e.970"}]}
COMMAND: GET /session/de13e7a061070a37799f1fee593ee0c2/screenshot - {}
RESULT: {}
COMMAND: POST /session/de13e7a061070a37799f1fee593ee0c2/element - {"using":"css selector","value":"#shell-header-logo"}
RESULT: {"using":"css selector","value":"#shell-header-logo"}
COMMAND: POST /session/de13e7a061070a37799f1fee593ee0c2/element/f.1392257B6683CA6268F392CA304129EA.d.5D91712BFB2DE1A655FC5B4632627C10.e.237/click - {}
RESULT: {}
COMMAND: GET /session/de13e7a061070a37799f1fee593ee0c2/screenshot - {}
RESULT: {}
COMMAND: POST /session/de13e7a061070a37799f1fee593ee0c2/execute/sync - {"script":"<script> [299 bytes]","args":[["getModel","getResource"]]}
RESULT: {"script":"<script> [299 bytes]","args":[["getModel","getResource"]]}
]]></system-out>
    </testcase>
    <testcase classname="chrome.136_0_7103_93.windows.Create_masterdata_for_Yard_Overview_-_trigger_provide_US130988" name="Should create a new external partner" time="97.504">
      <system-out><![CDATA[
COMMAND: POST /session/de13e7a061070a37799f1fee593ee0c2/window/fullscreen - {}
COMMAND: GET /session/de13e7a061070a37799f1fee593ee0c2/screenshot - {}
RESULT: {}
COMMAND: POST /session/de13e7a061070a37799f1fee593ee0c2/execute/async - {"script":"<script> [1562 bytes]","args":[{"selector":{"controlType":"sap.m.GenericTile","properties":{"header":"Manage Partners"}},"wdio_ui5_key":"sapm.GenericTile{\"header\":\"Manage Partners\"}"}]}
RESULT: {}
RESULT: {"script":"<script> [1562 bytes]","args":[{"selector":{"controlType":"sap.m.GenericTile","properties":{"header":"Manage Partners"}},"wdio_ui5_key":"sapm.GenericTile{\"header\":\"Manage Partners\"}"}]}
RESULT: undefined
COMMAND: POST /session/de13e7a061070a37799f1fee593ee0c2/element - {"using":"xpath","value":"//*[@id=\"__tile38\"]"}
RESULT: {"using":"xpath","value":"//*[@id=\"__tile38\"]"}
COMMAND: POST /session/de13e7a061070a37799f1fee593ee0c2/element/f.1392257B6683CA6268F392CA304129EA.d.5D91712BFB2DE1A655FC5B4632627C10.e.120/click - {}
RESULT: {}
COMMAND: GET /session/de13e7a061070a37799f1fee593ee0c2/screenshot - {}
RESULT: {}
COMMAND: POST /session/de13e7a061070a37799f1fee593ee0c2/elements - {"using":"xpath","value":"//span[text()='Error']"}
RESULT: {"using":"xpath","value":"//span[text()='Error']"}
COMMAND: POST /session/de13e7a061070a37799f1fee593ee0c2/element - {"using":"xpath","value":"//button[@data-kt=\"addButton\"]"}
RESULT: {"using":"xpath","value":"//button[@data-kt=\"addButton\"]"}
COMMAND: POST /session/de13e7a061070a37799f1fee593ee0c2/elements - {"using":"xpath","value":"//button[@data-kt=\"addButton\"]"}
RESULT: {"using":"xpath","value":"//button[@data-kt=\"addButton\"]"}
COMMAND: POST /session/de13e7a061070a37799f1fee593ee0c2/execute/sync - {"script":"<script> [8489 bytes]","args":[{"element-6066-11e4-a52e-4f735466cecf":"f.1392257B6683CA6268F392CA304129EA.d.5D91712BFB2DE1A655FC5B4632627C10.e.1012","ELEMENT":"f.1392257B6683CA6268F392CA304129EA.d.5D91712BFB2DE1A655FC5B4632627C10.e.1012"}]}
RESULT: {"script":"<script> [8489 bytes]","args":[{"element-6066-11e4-a52e-4f735466cecf":"f.1392257B6683CA6268F392CA304129EA.d.5D91712BFB2DE1A655FC5B4632627C10.e.1012","ELEMENT":"f.1392257B6683CA6268F392CA304129EA.d.5D91712BFB2DE1A655FC5B4632627C10.e.1012"}]}
COMMAND: GET /session/de13e7a061070a37799f1fee593ee0c2/element/f.1392257B6683CA6268F392CA304129EA.d.5D91712BFB2DE1A655FC5B4632627C10.e.1012/enabled - {}
COMMAND: GET /session/de13e7a061070a37799f1fee593ee0c2/screenshot - {}
RESULT: {}
COMMAND: POST /session/de13e7a061070a37799f1fee593ee0c2/execute/sync - {"script":"<script> [8489 bytes]","args":[{"element-6066-11e4-a52e-4f735466cecf":"f.1392257B6683CA6268F392CA304129EA.d.5D91712BFB2DE1A655FC5B4632627C10.e.1012","ELEMENT":"f.1392257B6683CA6268F392CA304129EA.d.5D91712BFB2DE1A655FC5B4632627C10.e.1012"}]}
COMMAND: GET /session/de13e7a061070a37799f1fee593ee0c2/screenshot - {}
RESULT: {}
RESULT: {"script":"<script> [8489 bytes]","args":[{"element-6066-11e4-a52e-4f735466cecf":"f.1392257B6683CA6268F392CA304129EA.d.5D91712BFB2DE1A655FC5B4632627C10.e.1012","ELEMENT":"f.1392257B6683CA6268F392CA304129EA.d.5D91712BFB2DE1A655FC5B4632627C10.e.1012"}]}
COMMAND: POST /session/de13e7a061070a37799f1fee593ee0c2/execute/sync - {"script":"<script> [5351 bytes]","args":[{"element-6066-11e4-a52e-4f735466cecf":"f.1392257B6683CA6268F392CA304129EA.d.5D91712BFB2DE1A655FC5B4632627C10.e.1012","ELEMENT":"f.1392257B6683CA6268F392CA304129EA.d.5D91712BFB2DE1A655FC5B4632627C10.e.1012"}]}
COMMAND: GET /session/de13e7a061070a37799f1fee593ee0c2/screenshot - {}
RESULT: {}
RESULT: {"script":"<script> [5351 bytes]","args":[{"element-6066-11e4-a52e-4f735466cecf":"f.1392257B6683CA6268F392CA304129EA.d.5D91712BFB2DE1A655FC5B4632627C10.e.1012","ELEMENT":"f.1392257B6683CA6268F392CA304129EA.d.5D91712BFB2DE1A655FC5B4632627C10.e.1012"}]}
COMMAND: POST /session/de13e7a061070a37799f1fee593ee0c2/element/f.1392257B6683CA6268F392CA304129EA.d.5D91712BFB2DE1A655FC5B4632627C10.e.1012/click - {}
COMMAND: GET /session/de13e7a061070a37799f1fee593ee0c2/screenshot - {}
RESULT: {}
RESULT: {}
COMMAND: GET /session/de13e7a061070a37799f1fee593ee0c2/screenshot - {}
RESULT: {}
RESULT: {}
COMMAND: POST /session/de13e7a061070a37799f1fee593ee0c2/execute/async - {"script":"<script> [1562 bytes]","args":[{"selector":{"id":"application-managepartners-display-component---NewPartner--addressDetailDetailsName1","interaction":{"idSuffix":"inner"}},"wdio_ui5_key":"applicationmanagepartners-display-component---NewPartner--addressDetailDetailsName1"}]}
RESULT: {"script":"<script> [1562 bytes]","args":[{"selector":{"id":"application-managepartners-display-component---NewPartner--addressDetailDetailsName1","interaction":{"idSuffix":"inner"}},"wdio_ui5_key":"applicationmanagepartners-display-component---NewPartner--addressDetailDetailsName1"}]}
RESULT: undefined
COMMAND: POST /session/de13e7a061070a37799f1fee593ee0c2/execute/async - {"script":"<script> [776 bytes]","args":[{"enterText":"External Partner WDIO","selector":{"id":"application-managepartners-display-component---NewPartner--addressDetailDetailsName1","interaction":{"idSuffix":"inner"}},"clearTextFirst":true,"interactionType":"ENTER_TEXT"}]}
RESULT: {"script":"<script> [776 bytes]","args":[{"enterText":"External Partner WDIO","selector":{"id":"application-managepartners-display-component---NewPartner--addressDetailDetailsName1","interaction":{"idSuffix":"inner"}},"clearTextFirst":true,"interactionType":"ENTER_TEXT"}]}
COMMAND: POST /session/de13e7a061070a37799f1fee593ee0c2/execute/async - {"script":"<script> [1562 bytes]","args":[{"selector":{"id":"application-managepartners-display-component---NewPartner--addressDetailDetailsLanguage-arrow"},"wdio_ui5_key":"applicationmanagepartners-display-component---NewPartner--addressDetailDetailsLanguage-arrow"}]}
RESULT: {"script":"<script> [1562 bytes]","args":[{"selector":{"id":"application-managepartners-display-component---NewPartner--addressDetailDetailsLanguage-arrow"},"wdio_ui5_key":"applicationmanagepartners-display-component---NewPartner--addressDetailDetailsLanguage-arrow"}]}
RESULT: undefined
COMMAND: POST /session/de13e7a061070a37799f1fee593ee0c2/element - {"using":"xpath","value":"//*[@id=\"application-managepartners-display-component---NewPartner--addressDetailDetailsLanguage-arrow\"]"}
RESULT: {"using":"xpath","value":"//*[@id=\"application-managepartners-display-component---NewPartner--addressDetailDetailsLanguage-arrow\"]"}
COMMAND: POST /session/de13e7a061070a37799f1fee593ee0c2/element/f.1392257B6683CA6268F392CA304129EA.d.5D91712BFB2DE1A655FC5B4632627C10.e.1466/click - {}
RESULT: {}
COMMAND: POST /session/de13e7a061070a37799f1fee593ee0c2/element - {"using":"xpath","value":"//span[contains(text(), \"English\")]"}
COMMAND: GET /session/de13e7a061070a37799f1fee593ee0c2/screenshot - {}
RESULT: {"using":"xpath","value":"//span[contains(text(), \"English\")]"}
COMMAND: POST /session/de13e7a061070a37799f1fee593ee0c2/element/f.1392257B6683CA6268F392CA304129EA.d.5D91712BFB2DE1A655FC5B4632627C10.e.1467/click - {}
RESULT: {}
RESULT: {}
COMMAND: GET /session/de13e7a061070a37799f1fee593ee0c2/screenshot - {}
RESULT: {}
COMMAND: POST /session/de13e7a061070a37799f1fee593ee0c2/execute/async - {"script":"<script> [1562 bytes]","args":[{"selector":{"id":"application-managepartners-display-component---NewPartner--addressDetailDetailsCity1","interaction":{"idSuffix":"inner"}},"wdio_ui5_key":"applicationmanagepartners-display-component---NewPartner--addressDetailDetailsCity1"}]}
RESULT: {"script":"<script> [1562 bytes]","args":[{"selector":{"id":"application-managepartners-display-component---NewPartner--addressDetailDetailsCity1","interaction":{"idSuffix":"inner"}},"wdio_ui5_key":"applicationmanagepartners-display-component---NewPartner--addressDetailDetailsCity1"}]}
RESULT: undefined
COMMAND: POST /session/de13e7a061070a37799f1fee593ee0c2/execute/async - {"script":"<script> [776 bytes]","args":[{"enterText":"Rosario","selector":{"id":"application-managepartners-display-component---NewPartner--addressDetailDetailsCity1","interaction":{"idSuffix":"inner"}},"clearTextFirst":true,"interactionType":"ENTER_TEXT"}]}
RESULT: {"script":"<script> [776 bytes]","args":[{"enterText":"Rosario","selector":{"id":"application-managepartners-display-component---NewPartner--addressDetailDetailsCity1","interaction":{"idSuffix":"inner"}},"clearTextFirst":true,"interactionType":"ENTER_TEXT"}]}
COMMAND: POST /session/de13e7a061070a37799f1fee593ee0c2/execute/async - {"script":"<script> [1562 bytes]","args":[{"selector":{"id":"application-managepartners-display-component---NewPartner--addressDetailDetailsCountry-arrow"},"wdio_ui5_key":"applicationmanagepartners-display-component---NewPartner--addressDetailDetailsCountry-arrow"}]}
RESULT: {"script":"<script> [1562 bytes]","args":[{"selector":{"id":"application-managepartners-display-component---NewPartner--addressDetailDetailsCountry-arrow"},"wdio_ui5_key":"applicationmanagepartners-display-component---NewPartner--addressDetailDetailsCountry-arrow"}]}
RESULT: undefined
COMMAND: POST /session/de13e7a061070a37799f1fee593ee0c2/element - {"using":"xpath","value":"//*[@id=\"application-managepartners-display-component---NewPartner--addressDetailDetailsCountry-arrow\"]"}
RESULT: {"using":"xpath","value":"//*[@id=\"application-managepartners-display-component---NewPartner--addressDetailDetailsCountry-arrow\"]"}
COMMAND: POST /session/de13e7a061070a37799f1fee593ee0c2/element/f.1392257B6683CA6268F392CA304129EA.d.5D91712BFB2DE1A655FC5B4632627C10.e.1453/click - {}
RESULT: {}
COMMAND: POST /session/de13e7a061070a37799f1fee593ee0c2/element - {"using":"xpath","value":"//span[contains(text(), \"Argentina\")]"}
COMMAND: GET /session/de13e7a061070a37799f1fee593ee0c2/screenshot - {}
RESULT: {"using":"xpath","value":"//span[contains(text(), \"Argentina\")]"}
COMMAND: POST /session/de13e7a061070a37799f1fee593ee0c2/element/f.1392257B6683CA6268F392CA304129EA.d.5D91712BFB2DE1A655FC5B4632627C10.e.1469/click - {}
RESULT: {}
RESULT: {}
COMMAND: GET /session/de13e7a061070a37799f1fee593ee0c2/screenshot - {}
RESULT: {}
COMMAND: POST /session/de13e7a061070a37799f1fee593ee0c2/element - {"using":"xpath","value":"//bdi[contains(text(), \"Commercial\")]"}
RESULT: {"using":"xpath","value":"//bdi[contains(text(), \"Commercial\")]"}
COMMAND: POST /session/de13e7a061070a37799f1fee593ee0c2/element/f.1392257B6683CA6268F392CA304129EA.d.5D91712BFB2DE1A655FC5B4632627C10.e.1470/click - {}
RESULT: {}
COMMAND: GET /session/de13e7a061070a37799f1fee593ee0c2/screenshot - {}
RESULT: {}
COMMAND: POST /session/de13e7a061070a37799f1fee593ee0c2/execute/async - {"script":"<script> [1562 bytes]","args":[{"selector":{"id":"application-managepartners-display-component---NewPartner--partnerDetailInternal-arrow"},"wdio_ui5_key":"applicationmanagepartners-display-component---NewPartner--partnerDetailInternal-arrow"}]}
RESULT: {"script":"<script> [1562 bytes]","args":[{"selector":{"id":"application-managepartners-display-component---NewPartner--partnerDetailInternal-arrow"},"wdio_ui5_key":"applicationmanagepartners-display-component---NewPartner--partnerDetailInternal-arrow"}]}
RESULT: undefined
COMMAND: POST /session/de13e7a061070a37799f1fee593ee0c2/element - {"using":"xpath","value":"//*[@id=\"application-managepartners-display-component---NewPartner--partnerDetailInternal-arrow\"]"}
RESULT: {"using":"xpath","value":"//*[@id=\"application-managepartners-display-component---NewPartner--partnerDetailInternal-arrow\"]"}
COMMAND: POST /session/de13e7a061070a37799f1fee593ee0c2/element/f.1392257B6683CA6268F392CA304129EA.d.5D91712BFB2DE1A655FC5B4632627C10.e.1476/click - {}
RESULT: {}
COMMAND: POST /session/de13e7a061070a37799f1fee593ee0c2/element - {"using":"xpath","value":"//span[contains(text(), \"External partner\")]"}
COMMAND: GET /session/de13e7a061070a37799f1fee593ee0c2/screenshot - {}
RESULT: {"using":"xpath","value":"//span[contains(text(), \"External partner\")]"}
COMMAND: POST /session/de13e7a061070a37799f1fee593ee0c2/element/f.1392257B6683CA6268F392CA304129EA.d.5D91712BFB2DE1A655FC5B4632627C10.e.1477/click - {}
RESULT: {}
RESULT: {}
COMMAND: POST /session/de13e7a061070a37799f1fee593ee0c2/execute/async - {"script":"<script> [1562 bytes]","args":[{"selector":{"id":"application-managepartners-display-component---NewPartner--partnerDetailsCurrency-arrow"},"wdio_ui5_key":"applicationmanagepartners-display-component---NewPartner--partnerDetailsCurrency-arrow"}]}
COMMAND: GET /session/de13e7a061070a37799f1fee593ee0c2/screenshot - {}
RESULT: {"script":"<script> [1562 bytes]","args":[{"selector":{"id":"application-managepartners-display-component---NewPartner--partnerDetailsCurrency-arrow"},"wdio_ui5_key":"applicationmanagepartners-display-component---NewPartner--partnerDetailsCurrency-arrow"}]}
RESULT: undefined
COMMAND: POST /session/de13e7a061070a37799f1fee593ee0c2/element - {"using":"xpath","value":"//*[@id=\"application-managepartners-display-component---NewPartner--partnerDetailsCurrency-arrow\"]"}
RESULT: {}
RESULT: {"using":"xpath","value":"//*[@id=\"application-managepartners-display-component---NewPartner--partnerDetailsCurrency-arrow\"]"}
COMMAND: POST /session/de13e7a061070a37799f1fee593ee0c2/element/f.1392257B6683CA6268F392CA304129EA.d.5D91712BFB2DE1A655FC5B4632627C10.e.1482/click - {}
RESULT: {}
COMMAND: POST /session/de13e7a061070a37799f1fee593ee0c2/element - {"using":"xpath","value":"//span[contains(text(), \"US Dollar\")]"}
COMMAND: GET /session/de13e7a061070a37799f1fee593ee0c2/screenshot - {}
RESULT: {"using":"xpath","value":"//span[contains(text(), \"US Dollar\")]"}
COMMAND: POST /session/de13e7a061070a37799f1fee593ee0c2/element/f.1392257B6683CA6268F392CA304129EA.d.5D91712BFB2DE1A655FC5B4632627C10.e.1483/click - {}
RESULT: {}
RESULT: {}
COMMAND: GET /session/de13e7a061070a37799f1fee593ee0c2/screenshot - {}
RESULT: {}
COMMAND: POST /session/de13e7a061070a37799f1fee593ee0c2/element - {"using":"xpath","value":"//input[@id=\"application-managepartners-display-component---NewPartner--companyCodeComboBox-inner\"]"}
RESULT: {"using":"xpath","value":"//input[@id=\"application-managepartners-display-component---NewPartner--companyCodeComboBox-inner\"]"}
COMMAND: POST /session/de13e7a061070a37799f1fee593ee0c2/element/f.1392257B6683CA6268F392CA304129EA.d.5D91712BFB2DE1A655FC5B4632627C10.e.1323/clear - {}
RESULT: {}
COMMAND: POST /session/de13e7a061070a37799f1fee593ee0c2/element/f.1392257B6683CA6268F392CA304129EA.d.5D91712BFB2DE1A655FC5B4632627C10.e.1323/value - {"text":"C002"}
COMMAND: GET /session/de13e7a061070a37799f1fee593ee0c2/screenshot - {}
RESULT: {"text":"C002"}
COMMAND: GET /session/de13e7a061070a37799f1fee593ee0c2/screenshot - {}
RESULT: {}
RESULT: {}
COMMAND: POST /session/de13e7a061070a37799f1fee593ee0c2/element - {"using":"xpath","value":"//li[.//span[text()= \"C002\"]]"}
RESULT: {"using":"xpath","value":"//li[.//span[text()= \"C002\"]]"}
COMMAND: POST /session/de13e7a061070a37799f1fee593ee0c2/element/f.1392257B6683CA6268F392CA304129EA.d.5D91712BFB2DE1A655FC5B4632627C10.e.1487/click - {}
RESULT: {}
COMMAND: GET /session/de13e7a061070a37799f1fee593ee0c2/screenshot - {}
RESULT: {}
COMMAND: POST /session/de13e7a061070a37799f1fee593ee0c2/execute/async - {"script":"<script> [1562 bytes]","args":[{"selector":{"controlType":"sap.ui.core.Icon","viewName":"etm.portal.ui.managepartners.view.NewPartner","viewId":"application-managepartners-display-component---NewPartner","properties":{"src":{"regex":{"source":"slim\\-arrow\\-down"}}},"ancestor":{"controlType":"sap.m.ComboBox","viewName":"etm.portal.ui.managepartners.view.NewPartner","viewId":"application-managepartners-display-component---NewPartner","bindingPath":{"path":"","propertyPath":"/CATALOG","modelName":"oNewPartnerModel"}}},"wdio_ui5_key":"etmportal.ui.managepartners.view.NewPartnersap.ui.core.Icon{\"src\":{\"regex\":{\"source\":\"slim\\\\-arrow\\\\-down\"}}}{\"controlType\":\"sap.m.ComboBox\",\"viewName\":\"etm.portal.ui.managepartners.view.NewPartner\",\"viewId\":\"application-managepartners-display-component---NewPartner\",\"bindingPath\":{\"path\":\"\",\"propertyPath\":\"/CATALOG\",\"modelName\":\"oNewPartnerModel\"}}"}]}
RESULT: {"script":"<script> [1562 bytes]","args":[{"selector":{"controlType":"sap.ui.core.Icon","viewName":"etm.portal.ui.managepartners.view.NewPartner","viewId":"application-managepartners-display-component---NewPartner","properties":{"src":{"regex":{"source":"slim\\-arrow\\-down"}}},"ancestor":{"controlType":"sap.m.ComboBox","viewName":"etm.portal.ui.managepartners.view.NewPartner","viewId":"application-managepartners-display-component---NewPartner","bindingPath":{"path":"","propertyPath":"/CATALOG","modelName":"oNewPartnerModel"}}},"wdio_ui5_key":"etmportal.ui.managepartners.view.NewPartnersap.ui.core.Icon{\"src\":{\"regex\":{\"source\":\"slim\\\\-arrow\\\\-down\"}}}{\"controlType\":\"sap.m.ComboBox\",\"viewName\":\"etm.portal.ui.managepartners.view.NewPartner\",\"viewId\":\"application-managepartners-display-component---NewPartner\",\"bindingPath\":{\"path\":\"\",\"propertyPath\":\"/CATALOG\",\"modelName\":\"oNewPartnerModel\"}}"}]}
RESULT: undefined
COMMAND: POST /session/de13e7a061070a37799f1fee593ee0c2/element - {"using":"xpath","value":"//*[@id=\"__box22-arrow\"]"}
RESULT: {"using":"xpath","value":"//*[@id=\"__box22-arrow\"]"}
COMMAND: POST /session/de13e7a061070a37799f1fee593ee0c2/element/f.1392257B6683CA6268F392CA304129EA.d.5D91712BFB2DE1A655FC5B4632627C10.e.1454/click - {}
RESULT: {}
COMMAND: GET /session/de13e7a061070a37799f1fee593ee0c2/screenshot - {}
RESULT: {}
COMMAND: POST /session/de13e7a061070a37799f1fee593ee0c2/element - {"using":"xpath","value":"//ul[contains(@id,\"popup-list-listUl\")]//li[.//span[text()= \"Webshop Catalog\"]]"}
RESULT: {"using":"xpath","value":"//ul[contains(@id,\"popup-list-listUl\")]//li[.//span[text()= \"Webshop Catalog\"]]"}
COMMAND: POST /session/de13e7a061070a37799f1fee593ee0c2/element/f.1392257B6683CA6268F392CA304129EA.d.5D91712BFB2DE1A655FC5B4632627C10.e.1489/click - {}
RESULT: {}
COMMAND: GET /session/de13e7a061070a37799f1fee593ee0c2/screenshot - {}
RESULT: {}
COMMAND: POST /session/de13e7a061070a37799f1fee593ee0c2/execute/async - {"script":"<script> [1562 bytes]","args":[{"selector":{"id":"application-managepartners-display-component---NewPartner--btnAddTableRow-img"},"wdio_ui5_key":"applicationmanagepartners-display-component---NewPartner--btnAddTableRow-img"}]}
RESULT: {"script":"<script> [1562 bytes]","args":[{"selector":{"id":"application-managepartners-display-component---NewPartner--btnAddTableRow-img"},"wdio_ui5_key":"applicationmanagepartners-display-component---NewPartner--btnAddTableRow-img"}]}
RESULT: undefined
COMMAND: POST /session/de13e7a061070a37799f1fee593ee0c2/element - {"using":"xpath","value":"//*[@id=\"application-managepartners-display-component---NewPartner--btnAddTableRow-img\"]"}
RESULT: {"using":"xpath","value":"//*[@id=\"application-managepartners-display-component---NewPartner--btnAddTableRow-img\"]"}
COMMAND: POST /session/de13e7a061070a37799f1fee593ee0c2/element/f.1392257B6683CA6268F392CA304129EA.d.5D91712BFB2DE1A655FC5B4632627C10.e.1490/click - {}
RESULT: {}
COMMAND: GET /session/de13e7a061070a37799f1fee593ee0c2/screenshot - {}
RESULT: {}
COMMAND: POST /session/de13e7a061070a37799f1fee593ee0c2/element - {"using":"xpath","value":"//input[@id=\"application-managepartners-display-component---NewPartner--assignmentYard-application-managepartners-display-component---NewPartner--assignmentsTable-0-inner\"]"}
RESULT: {"using":"xpath","value":"//input[@id=\"application-managepartners-display-component---NewPartner--assignmentYard-application-managepartners-display-component---NewPartner--assignmentsTable-0-inner\"]"}
COMMAND: POST /session/de13e7a061070a37799f1fee593ee0c2/element/f.1392257B6683CA6268F392CA304129EA.d.5D91712BFB2DE1A655FC5B4632627C10.e.1493/clear - {}
RESULT: {}
COMMAND: POST /session/de13e7a061070a37799f1fee593ee0c2/element/f.1392257B6683CA6268F392CA304129EA.d.5D91712BFB2DE1A655FC5B4632627C10.e.1493/value - {"text":"643"}
COMMAND: GET /session/de13e7a061070a37799f1fee593ee0c2/screenshot - {}
RESULT: {"text":"643"}
COMMAND: GET /session/de13e7a061070a37799f1fee593ee0c2/screenshot - {}
RESULT: {}
RESULT: {}
COMMAND: POST /session/de13e7a061070a37799f1fee593ee0c2/element - {"using":"xpath","value":"//li[.//span[text()='643']]"}
RESULT: {"using":"xpath","value":"//li[.//span[text()='643']]"}
COMMAND: POST /session/de13e7a061070a37799f1fee593ee0c2/element/f.1392257B6683CA6268F392CA304129EA.d.5D91712BFB2DE1A655FC5B4632627C10.e.1501/click - {}
RESULT: {}
COMMAND: GET /session/de13e7a061070a37799f1fee593ee0c2/screenshot - {}
RESULT: {}
COMMAND: POST /session/de13e7a061070a37799f1fee593ee0c2/actions - {"actions":[{"id":"action2","type":"key","parameters":{},"actions":[{"type":"keyDown","value":"î€‡"},{"type":"pause","duration":10},{"type":"keyUp","value":"î€‡"}]}]}
RESULT: {"actions":[{"id":"action2","type":"key","parameters":{},"actions":[{"type":"keyDown","value":"î€‡"},{"type":"pause","duration":10},{"type":"keyUp","value":"î€‡"}]}]}
COMMAND: POST /session/de13e7a061070a37799f1fee593ee0c2/element - {"using":"xpath","value":"//td[contains(@id, \"assignmentsTable-0-cell2\")]/div/div"}
COMMAND: GET /session/de13e7a061070a37799f1fee593ee0c2/screenshot - {}
RESULT: {"using":"xpath","value":"//td[contains(@id, \"assignmentsTable-0-cell2\")]/div/div"}
COMMAND: POST /session/de13e7a061070a37799f1fee593ee0c2/element/f.1392257B6683CA6268F392CA304129EA.d.5D91712BFB2DE1A655FC5B4632627C10.e.1504/click - {}
RESULT: {}
RESULT: {}
COMMAND: GET /session/de13e7a061070a37799f1fee593ee0c2/screenshot - {}
RESULT: {}
COMMAND: POST /session/de13e7a061070a37799f1fee593ee0c2/element - {"using":"xpath","value":"//button[@data-kt=\"saveButton\"]"}
RESULT: {"using":"xpath","value":"//button[@data-kt=\"saveButton\"]"}
COMMAND: POST /session/de13e7a061070a37799f1fee593ee0c2/element/f.1392257B6683CA6268F392CA304129EA.d.5D91712BFB2DE1A655FC5B4632627C10.e.1368/click - {}
RESULT: {}
COMMAND: GET /session/de13e7a061070a37799f1fee593ee0c2/screenshot - {}
RESULT: {}
COMMAND: POST /session/de13e7a061070a37799f1fee593ee0c2/element - {"using":"xpath","value":"//header[contains(@id, 'ObjectPageLayout-headerTitle')]/div[1]/div[2]/div[2]/span[1]"}
RESULT: {"using":"xpath","value":"//header[contains(@id, 'ObjectPageLayout-headerTitle')]/div[1]/div[2]/div[2]/span[1]"}
COMMAND: POST /session/de13e7a061070a37799f1fee593ee0c2/elements - {"using":"xpath","value":"//header[contains(@id, 'ObjectPageLayout-headerTitle')]/div[1]/div[2]/div[2]/span[1]"}
RESULT: {"using":"xpath","value":"//header[contains(@id, 'ObjectPageLayout-headerTitle')]/div[1]/div[2]/div[2]/span[1]"}
COMMAND: POST /session/de13e7a061070a37799f1fee593ee0c2/execute/sync - {"script":"<script> [56 bytes]","args":[{"element-6066-11e4-a52e-4f735466cecf":"f.1392257B6683CA6268F392CA304129EA.d.5D91712BFB2DE1A655FC5B4632627C10.e.1665","ELEMENT":"f.1392257B6683CA6268F392CA304129EA.d.5D91712BFB2DE1A655FC5B4632627C10.e.1665"}]}
RESULT: {"script":"<script> [56 bytes]","args":[{"element-6066-11e4-a52e-4f735466cecf":"f.1392257B6683CA6268F392CA304129EA.d.5D91712BFB2DE1A655FC5B4632627C10.e.1665","ELEMENT":"f.1392257B6683CA6268F392CA304129EA.d.5D91712BFB2DE1A655FC5B4632627C10.e.1665"}]}
COMMAND: POST /session/de13e7a061070a37799f1fee593ee0c2/element - {"using":"css selector","value":"#shell-header-logo"}
COMMAND: GET /session/de13e7a061070a37799f1fee593ee0c2/screenshot - {}
RESULT: {"using":"css selector","value":"#shell-header-logo"}
COMMAND: POST /session/de13e7a061070a37799f1fee593ee0c2/element/f.1392257B6683CA6268F392CA304129EA.d.5D91712BFB2DE1A655FC5B4632627C10.e.979/click - {}
RESULT: {}
RESULT: {}
COMMAND: GET /session/de13e7a061070a37799f1fee593ee0c2/screenshot - {}
RESULT: {}
COMMAND: POST /session/de13e7a061070a37799f1fee593ee0c2/execute/sync - {"script":"<script> [299 bytes]","args":[["getModel","getResource"]]}
RESULT: {"script":"<script> [299 bytes]","args":[["getModel","getResource"]]}
]]></system-out>
    </testcase>
    <testcase classname="chrome.136_0_7103_93.windows.Create_masterdata_for_Yard_Overview_-_trigger_provide_US130988" name="Should create a new site" time="103.265">
      <system-out><![CDATA[
COMMAND: POST /session/de13e7a061070a37799f1fee593ee0c2/execute/async - {"script":"<script> [1562 bytes]","args":[{"selector":{"controlType":"sap.m.GenericTile","properties":{"header":"Manage Sites"}},"wdio_ui5_key":"sapm.GenericTile{\"header\":\"Manage Sites\"}"}]}
COMMAND: GET /session/de13e7a061070a37799f1fee593ee0c2/screenshot - {}
RESULT: {"script":"<script> [1562 bytes]","args":[{"selector":{"controlType":"sap.m.GenericTile","properties":{"header":"Manage Sites"}},"wdio_ui5_key":"sapm.GenericTile{\"header\":\"Manage Sites\"}"}]}
RESULT: undefined
COMMAND: POST /session/de13e7a061070a37799f1fee593ee0c2/element - {"using":"xpath","value":"//*[@id=\"__tile40\"]"}
RESULT: {}
RESULT: {"using":"xpath","value":"//*[@id=\"__tile40\"]"}
COMMAND: POST /session/de13e7a061070a37799f1fee593ee0c2/element/f.1392257B6683CA6268F392CA304129EA.d.5D91712BFB2DE1A655FC5B4632627C10.e.126/click - {}
RESULT: {}
COMMAND: GET /session/de13e7a061070a37799f1fee593ee0c2/screenshot - {}
RESULT: {}
COMMAND: POST /session/de13e7a061070a37799f1fee593ee0c2/elements - {"using":"xpath","value":"//span[text()='Error']"}
RESULT: {"using":"xpath","value":"//span[text()='Error']"}
COMMAND: POST /session/de13e7a061070a37799f1fee593ee0c2/element - {"using":"xpath","value":"//button[@data-kt=\"addOverflowToolbarButton\"]"}
RESULT: {"using":"xpath","value":"//button[@data-kt=\"addOverflowToolbarButton\"]"}
COMMAND: POST /session/de13e7a061070a37799f1fee593ee0c2/elements - {"using":"xpath","value":"//button[@data-kt=\"addOverflowToolbarButton\"]"}
RESULT: {"using":"xpath","value":"//button[@data-kt=\"addOverflowToolbarButton\"]"}
COMMAND: POST /session/de13e7a061070a37799f1fee593ee0c2/execute/sync - {"script":"<script> [8489 bytes]","args":[{"element-6066-11e4-a52e-4f735466cecf":"f.1392257B6683CA6268F392CA304129EA.d.5D91712BFB2DE1A655FC5B4632627C10.e.1813","ELEMENT":"f.1392257B6683CA6268F392CA304129EA.d.5D91712BFB2DE1A655FC5B4632627C10.e.1813"}]}
RESULT: {"script":"<script> [8489 bytes]","args":[{"element-6066-11e4-a52e-4f735466cecf":"f.1392257B6683CA6268F392CA304129EA.d.5D91712BFB2DE1A655FC5B4632627C10.e.1813","ELEMENT":"f.1392257B6683CA6268F392CA304129EA.d.5D91712BFB2DE1A655FC5B4632627C10.e.1813"}]}
COMMAND: GET /session/de13e7a061070a37799f1fee593ee0c2/element/f.1392257B6683CA6268F392CA304129EA.d.5D91712BFB2DE1A655FC5B4632627C10.e.1813/enabled - {}
COMMAND: GET /session/de13e7a061070a37799f1fee593ee0c2/screenshot - {}
RESULT: {}
COMMAND: POST /session/de13e7a061070a37799f1fee593ee0c2/execute/sync - {"script":"<script> [8489 bytes]","args":[{"element-6066-11e4-a52e-4f735466cecf":"f.1392257B6683CA6268F392CA304129EA.d.5D91712BFB2DE1A655FC5B4632627C10.e.1813","ELEMENT":"f.1392257B6683CA6268F392CA304129EA.d.5D91712BFB2DE1A655FC5B4632627C10.e.1813"}]}
COMMAND: GET /session/de13e7a061070a37799f1fee593ee0c2/screenshot - {}
RESULT: {}
RESULT: {"script":"<script> [8489 bytes]","args":[{"element-6066-11e4-a52e-4f735466cecf":"f.1392257B6683CA6268F392CA304129EA.d.5D91712BFB2DE1A655FC5B4632627C10.e.1813","ELEMENT":"f.1392257B6683CA6268F392CA304129EA.d.5D91712BFB2DE1A655FC5B4632627C10.e.1813"}]}
COMMAND: POST /session/de13e7a061070a37799f1fee593ee0c2/execute/sync - {"script":"<script> [5351 bytes]","args":[{"element-6066-11e4-a52e-4f735466cecf":"f.1392257B6683CA6268F392CA304129EA.d.5D91712BFB2DE1A655FC5B4632627C10.e.1813","ELEMENT":"f.1392257B6683CA6268F392CA304129EA.d.5D91712BFB2DE1A655FC5B4632627C10.e.1813"}]}
COMMAND: GET /session/de13e7a061070a37799f1fee593ee0c2/screenshot - {}
RESULT: {}
RESULT: {"script":"<script> [5351 bytes]","args":[{"element-6066-11e4-a52e-4f735466cecf":"f.1392257B6683CA6268F392CA304129EA.d.5D91712BFB2DE1A655FC5B4632627C10.e.1813","ELEMENT":"f.1392257B6683CA6268F392CA304129EA.d.5D91712BFB2DE1A655FC5B4632627C10.e.1813"}]}
COMMAND: POST /session/de13e7a061070a37799f1fee593ee0c2/element/f.1392257B6683CA6268F392CA304129EA.d.5D91712BFB2DE1A655FC5B4632627C10.e.1813/click - {}
COMMAND: GET /session/de13e7a061070a37799f1fee593ee0c2/screenshot - {}
RESULT: {}
RESULT: {}
COMMAND: GET /session/de13e7a061070a37799f1fee593ee0c2/screenshot - {}
RESULT: {}
RESULT: {}
COMMAND: POST /session/de13e7a061070a37799f1fee593ee0c2/element - {"using":"xpath","value":"//input[@id=\"application-managesites-display-component---NewSite--siteId-inner\"]"}
RESULT: {"using":"xpath","value":"//input[@id=\"application-managesites-display-component---NewSite--siteId-inner\"]"}
COMMAND: POST /session/de13e7a061070a37799f1fee593ee0c2/element - {"using":"xpath","value":"//input[@id=\"application-managesites-display-component---NewSite--siteId-inner\"]"}
RESULT: {"using":"xpath","value":"//input[@id=\"application-managesites-display-component---NewSite--siteId-inner\"]"}
COMMAND: POST /session/de13e7a061070a37799f1fee593ee0c2/execute/async - {"script":"<script> [1562 bytes]","args":[{"selector":{"id":"application-managesites-display-component---NewSite--addressDetailDetailsName1","interaction":{"idSuffix":"inner"}},"wdio_ui5_key":"applicationmanagesites-display-component---NewSite--addressDetailDetailsName1"}]}
RESULT: {"script":"<script> [1562 bytes]","args":[{"selector":{"id":"application-managesites-display-component---NewSite--addressDetailDetailsName1","interaction":{"idSuffix":"inner"}},"wdio_ui5_key":"applicationmanagesites-display-component---NewSite--addressDetailDetailsName1"}]}
RESULT: undefined
COMMAND: POST /session/de13e7a061070a37799f1fee593ee0c2/execute/async - {"script":"<script> [776 bytes]","args":[{"enterText":"Other Type Site WDIO","selector":{"id":"application-managesites-display-component---NewSite--addressDetailDetailsName1","interaction":{"idSuffix":"inner"}},"clearTextFirst":true,"interactionType":"ENTER_TEXT"}]}
RESULT: {"script":"<script> [776 bytes]","args":[{"enterText":"Other Type Site WDIO","selector":{"id":"application-managesites-display-component---NewSite--addressDetailDetailsName1","interaction":{"idSuffix":"inner"}},"clearTextFirst":true,"interactionType":"ENTER_TEXT"}]}
COMMAND: POST /session/de13e7a061070a37799f1fee593ee0c2/execute/async - {"script":"<script> [1562 bytes]","args":[{"selector":{"id":"application-managesites-display-component---NewSite--addressDetailDetailsLanguage-arrow"},"wdio_ui5_key":"applicationmanagesites-display-component---NewSite--addressDetailDetailsLanguage-arrow"}]}
RESULT: {"script":"<script> [1562 bytes]","args":[{"selector":{"id":"application-managesites-display-component---NewSite--addressDetailDetailsLanguage-arrow"},"wdio_ui5_key":"applicationmanagesites-display-component---NewSite--addressDetailDetailsLanguage-arrow"}]}
RESULT: undefined
COMMAND: POST /session/de13e7a061070a37799f1fee593ee0c2/element - {"using":"xpath","value":"//*[@id=\"application-managesites-display-component---NewSite--addressDetailDetailsLanguage-arrow\"]"}
RESULT: {"using":"xpath","value":"//*[@id=\"application-managesites-display-component---NewSite--addressDetailDetailsLanguage-arrow\"]"}
COMMAND: POST /session/de13e7a061070a37799f1fee593ee0c2/element/f.1392257B6683CA6268F392CA304129EA.d.5D91712BFB2DE1A655FC5B4632627C10.e.2327/click - {}
RESULT: {}
COMMAND: POST /session/de13e7a061070a37799f1fee593ee0c2/element - {"using":"xpath","value":"//span[contains(text(), \"English\")]"}
COMMAND: GET /session/de13e7a061070a37799f1fee593ee0c2/screenshot - {}
RESULT: {"using":"xpath","value":"//span[contains(text(), \"English\")]"}
COMMAND: POST /session/de13e7a061070a37799f1fee593ee0c2/element/f.1392257B6683CA6268F392CA304129EA.d.5D91712BFB2DE1A655FC5B4632627C10.e.2328/click - {}
RESULT: {}
RESULT: {}
COMMAND: POST /session/de13e7a061070a37799f1fee593ee0c2/execute/async - {"script":"<script> [1562 bytes]","args":[{"selector":{"id":"application-managesites-display-component---NewSite--addressDetailDetailsCity1","interaction":{"idSuffix":"inner"}},"wdio_ui5_key":"applicationmanagesites-display-component---NewSite--addressDetailDetailsCity1"}]}
COMMAND: GET /session/de13e7a061070a37799f1fee593ee0c2/screenshot - {}
RESULT: {"script":"<script> [1562 bytes]","args":[{"selector":{"id":"application-managesites-display-component---NewSite--addressDetailDetailsCity1","interaction":{"idSuffix":"inner"}},"wdio_ui5_key":"applicationmanagesites-display-component---NewSite--addressDetailDetailsCity1"}]}
RESULT: undefined
COMMAND: POST /session/de13e7a061070a37799f1fee593ee0c2/execute/async - {"script":"<script> [776 bytes]","args":[{"enterText":"Rosario","selector":{"id":"application-managesites-display-component---NewSite--addressDetailDetailsCity1","interaction":{"idSuffix":"inner"}},"clearTextFirst":true,"interactionType":"ENTER_TEXT"}]}
RESULT: {}
RESULT: {"script":"<script> [776 bytes]","args":[{"enterText":"Rosario","selector":{"id":"application-managesites-display-component---NewSite--addressDetailDetailsCity1","interaction":{"idSuffix":"inner"}},"clearTextFirst":true,"interactionType":"ENTER_TEXT"}]}
COMMAND: POST /session/de13e7a061070a37799f1fee593ee0c2/execute/async - {"script":"<script> [1562 bytes]","args":[{"selector":{"id":"application-managesites-display-component---NewSite--addressDetailDetailsCountry-arrow"},"wdio_ui5_key":"applicationmanagesites-display-component---NewSite--addressDetailDetailsCountry-arrow"}]}
RESULT: {"script":"<script> [1562 bytes]","args":[{"selector":{"id":"application-managesites-display-component---NewSite--addressDetailDetailsCountry-arrow"},"wdio_ui5_key":"applicationmanagesites-display-component---NewSite--addressDetailDetailsCountry-arrow"}]}
RESULT: undefined
COMMAND: POST /session/de13e7a061070a37799f1fee593ee0c2/element - {"using":"xpath","value":"//*[@id=\"application-managesites-display-component---NewSite--addressDetailDetailsCountry-arrow\"]"}
RESULT: {"using":"xpath","value":"//*[@id=\"application-managesites-display-component---NewSite--addressDetailDetailsCountry-arrow\"]"}
COMMAND: POST /session/de13e7a061070a37799f1fee593ee0c2/element/f.1392257B6683CA6268F392CA304129EA.d.5D91712BFB2DE1A655FC5B4632627C10.e.2330/click - {}
RESULT: {}
COMMAND: POST /session/de13e7a061070a37799f1fee593ee0c2/element - {"using":"xpath","value":"//span[contains(text(), \"Argentina\")]"}
COMMAND: GET /session/de13e7a061070a37799f1fee593ee0c2/screenshot - {}
RESULT: {"using":"xpath","value":"//span[contains(text(), \"Argentina\")]"}
COMMAND: POST /session/de13e7a061070a37799f1fee593ee0c2/element/f.1392257B6683CA6268F392CA304129EA.d.5D91712BFB2DE1A655FC5B4632627C10.e.2331/click - {}
RESULT: {}
RESULT: {}
COMMAND: GET /session/de13e7a061070a37799f1fee593ee0c2/screenshot - {}
RESULT: {}
COMMAND: POST /session/de13e7a061070a37799f1fee593ee0c2/execute/async - {"script":"<script> [1562 bytes]","args":[{"selector":{"id":"application-managesites-display-component---NewSite--addressEditDetailsCostObjectCstType-arrow"},"wdio_ui5_key":"applicationmanagesites-display-component---NewSite--addressEditDetailsCostObjectCstType-arrow"}]}
RESULT: {"script":"<script> [1562 bytes]","args":[{"selector":{"id":"application-managesites-display-component---NewSite--addressEditDetailsCostObjectCstType-arrow"},"wdio_ui5_key":"applicationmanagesites-display-component---NewSite--addressEditDetailsCostObjectCstType-arrow"}]}
RESULT: undefined
COMMAND: POST /session/de13e7a061070a37799f1fee593ee0c2/element - {"using":"xpath","value":"//*[@id=\"application-managesites-display-component---NewSite--addressEditDetailsCostObjectCstType-arrow\"]"}
RESULT: {"using":"xpath","value":"//*[@id=\"application-managesites-display-component---NewSite--addressEditDetailsCostObjectCstType-arrow\"]"}
COMMAND: POST /session/de13e7a061070a37799f1fee593ee0c2/element/f.1392257B6683CA6268F392CA304129EA.d.5D91712BFB2DE1A655FC5B4632627C10.e.2332/click - {}
RESULT: {}
COMMAND: POST /session/de13e7a061070a37799f1fee593ee0c2/element - {"using":"xpath","value":"//span[contains(text(), \"Cost Center\")]"}
COMMAND: GET /session/de13e7a061070a37799f1fee593ee0c2/screenshot - {}
RESULT: {"using":"xpath","value":"//span[contains(text(), \"Cost Center\")]"}
COMMAND: POST /session/de13e7a061070a37799f1fee593ee0c2/element/f.1392257B6683CA6268F392CA304129EA.d.5D91712BFB2DE1A655FC5B4632627C10.e.2334/click - {}
RESULT: {}
RESULT: {}
COMMAND: GET /session/de13e7a061070a37799f1fee593ee0c2/screenshot - {}
RESULT: {}
COMMAND: POST /session/de13e7a061070a37799f1fee593ee0c2/element - {"using":"xpath","value":"//span[@id=\"application-managesites-display-component---NewSite--addressNewCostObjectCstID-vhi\"]"}
RESULT: {"using":"xpath","value":"//span[@id=\"application-managesites-display-component---NewSite--addressNewCostObjectCstID-vhi\"]"}
COMMAND: POST /session/de13e7a061070a37799f1fee593ee0c2/execute/sync - {"script":"<script> [8489 bytes]","args":[{"element-6066-11e4-a52e-4f735466cecf":"f.1392257B6683CA6268F392CA304129EA.d.5D91712BFB2DE1A655FC5B4632627C10.e.2338","ELEMENT":"f.1392257B6683CA6268F392CA304129EA.d.5D91712BFB2DE1A655FC5B4632627C10.e.2338"}]}
RESULT: {"script":"<script> [8489 bytes]","args":[{"element-6066-11e4-a52e-4f735466cecf":"f.1392257B6683CA6268F392CA304129EA.d.5D91712BFB2DE1A655FC5B4632627C10.e.2338","ELEMENT":"f.1392257B6683CA6268F392CA304129EA.d.5D91712BFB2DE1A655FC5B4632627C10.e.2338"}]}
COMMAND: POST /session/de13e7a061070a37799f1fee593ee0c2/execute/async - {"script":"<script> [1562 bytes]","args":[{"selector":{"id":"application-managesites-display-component---NewSite--addressNewCostObjectCstID-vhi"},"wdio_ui5_key":"applicationmanagesites-display-component---NewSite--addressNewCostObjectCstID-vhi"}]}
COMMAND: GET /session/de13e7a061070a37799f1fee593ee0c2/screenshot - {}
RESULT: {"script":"<script> [1562 bytes]","args":[{"selector":{"id":"application-managesites-display-component---NewSite--addressNewCostObjectCstID-vhi"},"wdio_ui5_key":"applicationmanagesites-display-component---NewSite--addressNewCostObjectCstID-vhi"}]}
RESULT: undefined
COMMAND: POST /session/de13e7a061070a37799f1fee593ee0c2/element - {"using":"xpath","value":"//*[@id=\"application-managesites-display-component---NewSite--addressNewCostObjectCstID-vhi\"]"}
RESULT: {}
RESULT: {"using":"xpath","value":"//*[@id=\"application-managesites-display-component---NewSite--addressNewCostObjectCstID-vhi\"]"}
COMMAND: POST /session/de13e7a061070a37799f1fee593ee0c2/element/f.1392257B6683CA6268F392CA304129EA.d.5D91712BFB2DE1A655FC5B4632627C10.e.2338/click - {}
RESULT: {}
COMMAND: GET /session/de13e7a061070a37799f1fee593ee0c2/screenshot - {}
RESULT: {}
RESULT: undefined
COMMAND: POST /session/de13e7a061070a37799f1fee593ee0c2/execute/async - {"script":"<script> [776 bytes]","args":[{"enterText":"10001013","selector":{"controlType":"sap.m.SearchField","properties":{"placeholder":"Search"},"searchOpenDialogs":true,"interaction":{"idSuffix":"I"}},"clearTextFirst":true,"interactionType":"ENTER_TEXT"}]}
RESULT: {"script":"<script> [776 bytes]","args":[{"enterText":"10001013","selector":{"controlType":"sap.m.SearchField","properties":{"placeholder":"Search"},"searchOpenDialogs":true,"interaction":{"idSuffix":"I"}},"clearTextFirst":true,"interactionType":"ENTER_TEXT"}]}
COMMAND: POST /session/de13e7a061070a37799f1fee593ee0c2/actions - {"actions":[{"id":"action3","type":"key","parameters":{},"actions":[{"type":"keyDown","value":"î€‡"},{"type":"pause","duration":10},{"type":"keyUp","value":"î€‡"}]}]}
RESULT: {"actions":[{"id":"action3","type":"key","parameters":{},"actions":[{"type":"keyDown","value":"î€‡"},{"type":"pause","duration":10},{"type":"keyUp","value":"î€‡"}]}]}
COMMAND: GET /session/de13e7a061070a37799f1fee593ee0c2/screenshot - {}
RESULT: {}
COMMAND: POST /session/de13e7a061070a37799f1fee593ee0c2/element - {"using":"xpath","value":"//span[contains(text(), \"General Management\")]"}
RESULT: {"using":"xpath","value":"//span[contains(text(), \"General Management\")]"}
COMMAND: POST /session/de13e7a061070a37799f1fee593ee0c2/element/f.1392257B6683CA6268F392CA304129EA.d.5D91712BFB2DE1A655FC5B4632627C10.e.2377/click - {}
RESULT: {}
COMMAND: GET /session/de13e7a061070a37799f1fee593ee0c2/screenshot - {}
RESULT: {}
COMMAND: POST /session/de13e7a061070a37799f1fee593ee0c2/element - {"using":"xpath","value":"//bdi[contains(text(), \"OK\")]"}
RESULT: {"using":"xpath","value":"//bdi[contains(text(), \"OK\")]"}
COMMAND: POST /session/de13e7a061070a37799f1fee593ee0c2/element/f.1392257B6683CA6268F392CA304129EA.d.5D91712BFB2DE1A655FC5B4632627C10.e.2378/click - {}
RESULT: {}
COMMAND: GET /session/de13e7a061070a37799f1fee593ee0c2/screenshot - {}
RESULT: {}
COMMAND: POST /session/de13e7a061070a37799f1fee593ee0c2/element - {"using":"xpath","value":"//input[@id=\"application-managesites-display-component---NewSite--addressDetailDetailsCalendar-inner\"]"}
RESULT: {"using":"xpath","value":"//input[@id=\"application-managesites-display-component---NewSite--addressDetailDetailsCalendar-inner\"]"}
COMMAND: POST /session/de13e7a061070a37799f1fee593ee0c2/element/f.1392257B6683CA6268F392CA304129EA.d.5D91712BFB2DE1A655FC5B4632627C10.e.2122/clear - {}
RESULT: {}
COMMAND: POST /session/de13e7a061070a37799f1fee593ee0c2/element/f.1392257B6683CA6268F392CA304129EA.d.5D91712BFB2DE1A655FC5B4632627C10.e.2122/value - {"text":"Unit"}
COMMAND: GET /session/de13e7a061070a37799f1fee593ee0c2/screenshot - {}
RESULT: {"text":"Unit"}
COMMAND: GET /session/de13e7a061070a37799f1fee593ee0c2/screenshot - {}
RESULT: {}
RESULT: {}
COMMAND: POST /session/de13e7a061070a37799f1fee593ee0c2/actions - {"actions":[{"id":"action4","type":"key","parameters":{},"actions":[{"type":"keyDown","value":"î€‡"},{"type":"pause","duration":10},{"type":"keyUp","value":"î€‡"}]}]}
RESULT: {"actions":[{"id":"action4","type":"key","parameters":{},"actions":[{"type":"keyDown","value":"î€‡"},{"type":"pause","duration":10},{"type":"keyUp","value":"î€‡"}]}]}
COMMAND: POST /session/de13e7a061070a37799f1fee593ee0c2/element - {"using":"xpath","value":"//input[@id=\"application-managesites-display-component---NewSite--addressDetailDetailsYard-inner\"]"}
COMMAND: GET /session/de13e7a061070a37799f1fee593ee0c2/screenshot - {}
RESULT: {"using":"xpath","value":"//input[@id=\"application-managesites-display-component---NewSite--addressDetailDetailsYard-inner\"]"}
COMMAND: POST /session/de13e7a061070a37799f1fee593ee0c2/element/f.1392257B6683CA6268F392CA304129EA.d.5D91712BFB2DE1A655FC5B4632627C10.e.2123/clear - {}
RESULT: {}
RESULT: {}
COMMAND: POST /session/de13e7a061070a37799f1fee593ee0c2/element/f.1392257B6683CA6268F392CA304129EA.d.5D91712BFB2DE1A655FC5B4632627C10.e.2123/value - {"text":"643"}
COMMAND: GET /session/de13e7a061070a37799f1fee593ee0c2/screenshot - {}
RESULT: {"text":"643"}
COMMAND: GET /session/de13e7a061070a37799f1fee593ee0c2/screenshot - {}
RESULT: {}
RESULT: {}
COMMAND: POST /session/de13e7a061070a37799f1fee593ee0c2/element - {"using":"xpath","value":"//li[.//span[text()='643']]"}
RESULT: {"using":"xpath","value":"//li[.//span[text()='643']]"}
COMMAND: POST /session/de13e7a061070a37799f1fee593ee0c2/element/f.1392257B6683CA6268F392CA304129EA.d.5D91712BFB2DE1A655FC5B4632627C10.e.2386/click - {}
RESULT: {}
COMMAND: GET /session/de13e7a061070a37799f1fee593ee0c2/screenshot - {}
RESULT: {}
COMMAND: POST /session/de13e7a061070a37799f1fee593ee0c2/element - {"using":"xpath","value":"//input[@id=\"application-managesites-display-component---NewSite--addressDetailDetailsPartner-inner\"]"}
RESULT: {"using":"xpath","value":"//input[@id=\"application-managesites-display-component---NewSite--addressDetailDetailsPartner-inner\"]"}
COMMAND: POST /session/de13e7a061070a37799f1fee593ee0c2/element - {"using":"xpath","value":"//input[@id=\"application-managesites-display-component---NewSite--addressDetailDetailsPartner-inner\"]"}
RESULT: {"using":"xpath","value":"//input[@id=\"application-managesites-display-component---NewSite--addressDetailDetailsPartner-inner\"]"}
COMMAND: POST /session/de13e7a061070a37799f1fee593ee0c2/element - {"using":"xpath","value":"//button[@data-kt=\"saveButton\"]"}
RESULT: {"using":"xpath","value":"//button[@data-kt=\"saveButton\"]"}
COMMAND: POST /session/de13e7a061070a37799f1fee593ee0c2/element/f.1392257B6683CA6268F392CA304129EA.d.5D91712BFB2DE1A655FC5B4632627C10.e.2312/click - {}
RESULT: {}
COMMAND: GET /session/de13e7a061070a37799f1fee593ee0c2/screenshot - {}
RESULT: {}
COMMAND: POST /session/de13e7a061070a37799f1fee593ee0c2/element - {"using":"xpath","value":"//header[contains(@id, 'ObjectPageLayout-headerTitle')]/div[1]/div[2]/div[2]/span[1]"}
RESULT: {"using":"xpath","value":"//header[contains(@id, 'ObjectPageLayout-headerTitle')]/div[1]/div[2]/div[2]/span[1]"}
COMMAND: POST /session/de13e7a061070a37799f1fee593ee0c2/elements - {"using":"xpath","value":"//header[contains(@id, 'ObjectPageLayout-headerTitle')]/div[1]/div[2]/div[2]/span[1]"}
RESULT: {"using":"xpath","value":"//header[contains(@id, 'ObjectPageLayout-headerTitle')]/div[1]/div[2]/div[2]/span[1]"}
COMMAND: POST /session/de13e7a061070a37799f1fee593ee0c2/execute/sync - {"script":"<script> [56 bytes]","args":[{"element-6066-11e4-a52e-4f735466cecf":"f.1392257B6683CA6268F392CA304129EA.d.5D91712BFB2DE1A655FC5B4632627C10.e.2587","ELEMENT":"f.1392257B6683CA6268F392CA304129EA.d.5D91712BFB2DE1A655FC5B4632627C10.e.2587"}]}
RESULT: {"script":"<script> [56 bytes]","args":[{"element-6066-11e4-a52e-4f735466cecf":"f.1392257B6683CA6268F392CA304129EA.d.5D91712BFB2DE1A655FC5B4632627C10.e.2587","ELEMENT":"f.1392257B6683CA6268F392CA304129EA.d.5D91712BFB2DE1A655FC5B4632627C10.e.2587"}]}
COMMAND: POST /session/de13e7a061070a37799f1fee593ee0c2/element - {"using":"css selector","value":"#shell-header-logo"}
COMMAND: GET /session/de13e7a061070a37799f1fee593ee0c2/screenshot - {}
RESULT: {"using":"css selector","value":"#shell-header-logo"}
COMMAND: POST /session/de13e7a061070a37799f1fee593ee0c2/element/f.1392257B6683CA6268F392CA304129EA.d.5D91712BFB2DE1A655FC5B4632627C10.e.1670/click - {}
RESULT: {}
RESULT: {}
COMMAND: GET /session/de13e7a061070a37799f1fee593ee0c2/screenshot - {}
RESULT: {}
COMMAND: POST /session/de13e7a061070a37799f1fee593ee0c2/execute/sync - {"script":"<script> [299 bytes]","args":[["getModel","getResource"]]}
RESULT: {"script":"<script> [299 bytes]","args":[["getModel","getResource"]]}
COMMAND: GET /session/de13e7a061070a37799f1fee593ee0c2/screenshot - {}
]]></system-out>
    </testcase>
    <testcase classname="chrome.136_0_7103_93.windows.Create_masterdata_for_Yard_Overview_-_trigger_provide_US130988" name="Should create a new material" time="119.527">
      <system-out><![CDATA[
COMMAND: POST /session/de13e7a061070a37799f1fee593ee0c2/execute/async - {"script":"<script> [1562 bytes]","args":[{"selector":{"controlType":"sap.m.GenericTile","properties":{"header":"Manage Resources"}},"wdio_ui5_key":"sapm.GenericTile{\"header\":\"Manage Resources\"}"}]}
RESULT: {}
RESULT: {"script":"<script> [1562 bytes]","args":[{"selector":{"controlType":"sap.m.GenericTile","properties":{"header":"Manage Resources"}},"wdio_ui5_key":"sapm.GenericTile{\"header\":\"Manage Resources\"}"}]}
RESULT: undefined
COMMAND: POST /session/de13e7a061070a37799f1fee593ee0c2/element - {"using":"xpath","value":"//*[@id=\"__tile39\"]"}
RESULT: {"using":"xpath","value":"//*[@id=\"__tile39\"]"}
COMMAND: POST /session/de13e7a061070a37799f1fee593ee0c2/element/f.1392257B6683CA6268F392CA304129EA.d.5D91712BFB2DE1A655FC5B4632627C10.e.123/click - {}
RESULT: {}
COMMAND: GET /session/de13e7a061070a37799f1fee593ee0c2/screenshot - {}
RESULT: {}
COMMAND: POST /session/de13e7a061070a37799f1fee593ee0c2/elements - {"using":"xpath","value":"//span[text()='Error']"}
RESULT: {"using":"xpath","value":"//span[text()='Error']"}
COMMAND: POST /session/de13e7a061070a37799f1fee593ee0c2/element - {"using":"xpath","value":"//button[@data-kt=\"addNewRUOverflowToolbarButton\"]"}
RESULT: {"using":"xpath","value":"//button[@data-kt=\"addNewRUOverflowToolbarButton\"]"}
COMMAND: POST /session/de13e7a061070a37799f1fee593ee0c2/elements - {"using":"xpath","value":"//button[@data-kt=\"addNewRUOverflowToolbarButton\"]"}
RESULT: {"using":"xpath","value":"//button[@data-kt=\"addNewRUOverflowToolbarButton\"]"}
COMMAND: POST /session/de13e7a061070a37799f1fee593ee0c2/execute/sync - {"script":"<script> [8489 bytes]","args":[{"element-6066-11e4-a52e-4f735466cecf":"f.1392257B6683CA6268F392CA304129EA.d.5D91712BFB2DE1A655FC5B4632627C10.e.2630","ELEMENT":"f.1392257B6683CA6268F392CA304129EA.d.5D91712BFB2DE1A655FC5B4632627C10.e.2630"}]}
RESULT: {"script":"<script> [8489 bytes]","args":[{"element-6066-11e4-a52e-4f735466cecf":"f.1392257B6683CA6268F392CA304129EA.d.5D91712BFB2DE1A655FC5B4632627C10.e.2630","ELEMENT":"f.1392257B6683CA6268F392CA304129EA.d.5D91712BFB2DE1A655FC5B4632627C10.e.2630"}]}
COMMAND: GET /session/de13e7a061070a37799f1fee593ee0c2/element/f.1392257B6683CA6268F392CA304129EA.d.5D91712BFB2DE1A655FC5B4632627C10.e.2630/enabled - {}
COMMAND: GET /session/de13e7a061070a37799f1fee593ee0c2/screenshot - {}
RESULT: {}
COMMAND: POST /session/de13e7a061070a37799f1fee593ee0c2/execute/sync - {"script":"<script> [8489 bytes]","args":[{"element-6066-11e4-a52e-4f735466cecf":"f.1392257B6683CA6268F392CA304129EA.d.5D91712BFB2DE1A655FC5B4632627C10.e.2630","ELEMENT":"f.1392257B6683CA6268F392CA304129EA.d.5D91712BFB2DE1A655FC5B4632627C10.e.2630"}]}
COMMAND: GET /session/de13e7a061070a37799f1fee593ee0c2/screenshot - {}
RESULT: {}
RESULT: {"script":"<script> [8489 bytes]","args":[{"element-6066-11e4-a52e-4f735466cecf":"f.1392257B6683CA6268F392CA304129EA.d.5D91712BFB2DE1A655FC5B4632627C10.e.2630","ELEMENT":"f.1392257B6683CA6268F392CA304129EA.d.5D91712BFB2DE1A655FC5B4632627C10.e.2630"}]}
COMMAND: POST /session/de13e7a061070a37799f1fee593ee0c2/execute/sync - {"script":"<script> [5351 bytes]","args":[{"element-6066-11e4-a52e-4f735466cecf":"f.1392257B6683CA6268F392CA304129EA.d.5D91712BFB2DE1A655FC5B4632627C10.e.2630","ELEMENT":"f.1392257B6683CA6268F392CA304129EA.d.5D91712BFB2DE1A655FC5B4632627C10.e.2630"}]}
COMMAND: GET /session/de13e7a061070a37799f1fee593ee0c2/screenshot - {}
RESULT: {}
RESULT: {"script":"<script> [5351 bytes]","args":[{"element-6066-11e4-a52e-4f735466cecf":"f.1392257B6683CA6268F392CA304129EA.d.5D91712BFB2DE1A655FC5B4632627C10.e.2630","ELEMENT":"f.1392257B6683CA6268F392CA304129EA.d.5D91712BFB2DE1A655FC5B4632627C10.e.2630"}]}
COMMAND: POST /session/de13e7a061070a37799f1fee593ee0c2/element/f.1392257B6683CA6268F392CA304129EA.d.5D91712BFB2DE1A655FC5B4632627C10.e.2630/click - {}
COMMAND: GET /session/de13e7a061070a37799f1fee593ee0c2/screenshot - {}
RESULT: {}
RESULT: {}
COMMAND: GET /session/de13e7a061070a37799f1fee593ee0c2/screenshot - {}
RESULT: {}
RESULT: {}
COMMAND: POST /session/de13e7a061070a37799f1fee593ee0c2/execute/async - {"script":"<script> [1562 bytes]","args":[{"selector":{"id":"application-manageresources-display-component---newResourceUnit--TYPE-arrow"},"wdio_ui5_key":"applicationmanageresources-display-component---newResourceUnit--TYPE-arrow"}]}
RESULT: {"script":"<script> [1562 bytes]","args":[{"selector":{"id":"application-manageresources-display-component---newResourceUnit--TYPE-arrow"},"wdio_ui5_key":"applicationmanageresources-display-component---newResourceUnit--TYPE-arrow"}]}
RESULT: undefined
COMMAND: POST /session/de13e7a061070a37799f1fee593ee0c2/element - {"using":"xpath","value":"//*[@id=\"application-manageresources-display-component---newResourceUnit--TYPE-arrow\"]"}
RESULT: {"using":"xpath","value":"//*[@id=\"application-manageresources-display-component---newResourceUnit--TYPE-arrow\"]"}
COMMAND: POST /session/de13e7a061070a37799f1fee593ee0c2/element/f.1392257B6683CA6268F392CA304129EA.d.5D91712BFB2DE1A655FC5B4632627C10.e.2986/click - {}
RESULT: {}
COMMAND: POST /session/de13e7a061070a37799f1fee593ee0c2/element - {"using":"xpath","value":"//input[@id=\"application-manageresources-display-component---newResourceUnit--TYPE-inner\"]"}
COMMAND: GET /session/de13e7a061070a37799f1fee593ee0c2/screenshot - {}
RESULT: {"using":"xpath","value":"//input[@id=\"application-manageresources-display-component---newResourceUnit--TYPE-inner\"]"}
COMMAND: POST /session/de13e7a061070a37799f1fee593ee0c2/element/f.1392257B6683CA6268F392CA304129EA.d.5D91712BFB2DE1A655FC5B4632627C10.e.2970/clear - {}
RESULT: {}
RESULT: {}
COMMAND: POST /session/de13e7a061070a37799f1fee593ee0c2/element/f.1392257B6683CA6268F392CA304129EA.d.5D91712BFB2DE1A655FC5B4632627C10.e.2970/value - {"text":"Material"}
COMMAND: GET /session/de13e7a061070a37799f1fee593ee0c2/screenshot - {}
RESULT: {"text":"Material"}
COMMAND: GET /session/de13e7a061070a37799f1fee593ee0c2/screenshot - {}
RESULT: {}
RESULT: {}
COMMAND: POST /session/de13e7a061070a37799f1fee593ee0c2/actions - {"actions":[{"id":"action5","type":"key","parameters":{},"actions":[{"type":"keyDown","value":"î€‡"},{"type":"pause","duration":10},{"type":"keyUp","value":"î€‡"}]}]}
RESULT: {"actions":[{"id":"action5","type":"key","parameters":{},"actions":[{"type":"keyDown","value":"î€‡"},{"type":"pause","duration":10},{"type":"keyUp","value":"î€‡"}]}]}
COMMAND: POST /session/de13e7a061070a37799f1fee593ee0c2/execute/async - {"script":"<script> [1562 bytes]","args":[{"selector":{"id":"application-manageresources-display-component---newResourceUnit--SHORT_TEXT","interaction":{"idSuffix":"inner"}},"wdio_ui5_key":"applicationmanageresources-display-component---newResourceUnit--SHORT_TEXT"}]}
COMMAND: GET /session/de13e7a061070a37799f1fee593ee0c2/screenshot - {}
RESULT: {"script":"<script> [1562 bytes]","args":[{"selector":{"id":"application-manageresources-display-component---newResourceUnit--SHORT_TEXT","interaction":{"idSuffix":"inner"}},"wdio_ui5_key":"applicationmanageresources-display-component---newResourceUnit--SHORT_TEXT"}]}
RESULT: undefined
COMMAND: POST /session/de13e7a061070a37799f1fee593ee0c2/execute/async - {"script":"<script> [776 bytes]","args":[{"enterText":"Cement WDIO","selector":{"id":"application-manageresources-display-component---newResourceUnit--SHORT_TEXT","interaction":{"idSuffix":"inner"}},"clearTextFirst":true,"interactionType":"ENTER_TEXT"}]}
RESULT: {}
RESULT: {"script":"<script> [776 bytes]","args":[{"enterText":"Cement WDIO","selector":{"id":"application-manageresources-display-component---newResourceUnit--SHORT_TEXT","interaction":{"idSuffix":"inner"}},"clearTextFirst":true,"interactionType":"ENTER_TEXT"}]}
COMMAND: POST /session/de13e7a061070a37799f1fee593ee0c2/execute/async - {"script":"<script> [1562 bytes]","args":[{"selector":{"id":"application-manageresources-display-component---newResourceUnit--BASE_UNIT_OF_MEASURE","interaction":{"idSuffix":"inner"}},"wdio_ui5_key":"applicationmanageresources-display-component---newResourceUnit--BASE_UNIT_OF_MEASURE"}]}
RESULT: {"script":"<script> [1562 bytes]","args":[{"selector":{"id":"application-manageresources-display-component---newResourceUnit--BASE_UNIT_OF_MEASURE","interaction":{"idSuffix":"inner"}},"wdio_ui5_key":"applicationmanageresources-display-component---newResourceUnit--BASE_UNIT_OF_MEASURE"}]}
RESULT: undefined
COMMAND: POST /session/de13e7a061070a37799f1fee593ee0c2/execute/async - {"script":"<script> [776 bytes]","args":[{"enterText":"Piece","selector":{"id":"application-manageresources-display-component---newResourceUnit--BASE_UNIT_OF_MEASURE","interaction":{"idSuffix":"inner"}},"clearTextFirst":true,"interactionType":"ENTER_TEXT"}]}
RESULT: {"script":"<script> [776 bytes]","args":[{"enterText":"Piece","selector":{"id":"application-manageresources-display-component---newResourceUnit--BASE_UNIT_OF_MEASURE","interaction":{"idSuffix":"inner"}},"clearTextFirst":true,"interactionType":"ENTER_TEXT"}]}
COMMAND: POST /session/de13e7a061070a37799f1fee593ee0c2/execute/async - {"script":"<script> [1562 bytes]","args":[{"selector":{"id":"application-manageresources-display-component---newResourceUnit--WEIGHT_UNIT","interaction":{"idSuffix":"inner"}},"wdio_ui5_key":"applicationmanageresources-display-component---newResourceUnit--WEIGHT_UNIT"}]}
RESULT: {"script":"<script> [1562 bytes]","args":[{"selector":{"id":"application-manageresources-display-component---newResourceUnit--WEIGHT_UNIT","interaction":{"idSuffix":"inner"}},"wdio_ui5_key":"applicationmanageresources-display-component---newResourceUnit--WEIGHT_UNIT"}]}
RESULT: undefined
COMMAND: POST /session/de13e7a061070a37799f1fee593ee0c2/execute/async - {"script":"<script> [776 bytes]","args":[{"enterText":"Gram","selector":{"id":"application-manageresources-display-component---newResourceUnit--WEIGHT_UNIT","interaction":{"idSuffix":"inner"}},"clearTextFirst":true,"interactionType":"ENTER_TEXT"}]}
RESULT: {"script":"<script> [776 bytes]","args":[{"enterText":"Gram","selector":{"id":"application-manageresources-display-component---newResourceUnit--WEIGHT_UNIT","interaction":{"idSuffix":"inner"}},"clearTextFirst":true,"interactionType":"ENTER_TEXT"}]}
COMMAND: POST /session/de13e7a061070a37799f1fee593ee0c2/execute/async - {"script":"<script> [1562 bytes]","args":[{"selector":{"id":"application-manageresources-display-component---newResourceUnit--DIMENSION_UNIT","interaction":{"idSuffix":"inner"}},"wdio_ui5_key":"applicationmanageresources-display-component---newResourceUnit--DIMENSION_UNIT"}]}
RESULT: {"script":"<script> [1562 bytes]","args":[{"selector":{"id":"application-manageresources-display-component---newResourceUnit--DIMENSION_UNIT","interaction":{"idSuffix":"inner"}},"wdio_ui5_key":"applicationmanageresources-display-component---newResourceUnit--DIMENSION_UNIT"}]}
RESULT: undefined
COMMAND: POST /session/de13e7a061070a37799f1fee593ee0c2/execute/async - {"script":"<script> [776 bytes]","args":[{"enterText":"Meter","selector":{"id":"application-manageresources-display-component---newResourceUnit--DIMENSION_UNIT","interaction":{"idSuffix":"inner"}},"clearTextFirst":true,"interactionType":"ENTER_TEXT"}]}
RESULT: {"script":"<script> [776 bytes]","args":[{"enterText":"Meter","selector":{"id":"application-manageresources-display-component---newResourceUnit--DIMENSION_UNIT","interaction":{"idSuffix":"inner"}},"clearTextFirst":true,"interactionType":"ENTER_TEXT"}]}
COMMAND: POST /session/de13e7a061070a37799f1fee593ee0c2/execute/async - {"script":"<script> [1562 bytes]","args":[{"selector":{"id":"application-manageresources-display-component---newResourceUnit--newRRUPage-anchBar-application-manageresources-display-component---newResourceUnit--control-anchor","interaction":{"idSuffix":"BDI-content"}},"wdio_ui5_key":"applicationmanageresources-display-component---newResourceUnit--newRRUPage-anchBar-application-manageresources-display-component---newResourceUnit--control-anchor"}]}
RESULT: {"script":"<script> [1562 bytes]","args":[{"selector":{"id":"application-manageresources-display-component---newResourceUnit--newRRUPage-anchBar-application-manageresources-display-component---newResourceUnit--control-anchor","interaction":{"idSuffix":"BDI-content"}},"wdio_ui5_key":"applicationmanageresources-display-component---newResourceUnit--newRRUPage-anchBar-application-manageresources-display-component---newResourceUnit--control-anchor"}]}
RESULT: undefined
COMMAND: POST /session/de13e7a061070a37799f1fee593ee0c2/element - {"using":"xpath","value":"//*[@id=\"application-manageresources-display-component---newResourceUnit--newRRUPage-anchBar-application-manageresources-display-component---newResourceUnit--control-anchor\"]"}
RESULT: {"using":"xpath","value":"//*[@id=\"application-manageresources-display-component---newResourceUnit--newRRUPage-anchBar-application-manageresources-display-component---newResourceUnit--control-anchor\"]"}
COMMAND: POST /session/de13e7a061070a37799f1fee593ee0c2/element/f.1392257B6683CA6268F392CA304129EA.d.5D91712BFB2DE1A655FC5B4632627C10.e.3117/click - {}
RESULT: {}
COMMAND: POST /session/de13e7a061070a37799f1fee593ee0c2/execute/async - {"script":"<script> [1562 bytes]","args":[{"selector":{"id":"application-manageresources-display-component---newResourceUnit--PLANNING_GROUP","interaction":{"idSuffix":"inner"}},"wdio_ui5_key":"applicationmanageresources-display-component---newResourceUnit--PLANNING_GROUP"}]}
COMMAND: GET /session/de13e7a061070a37799f1fee593ee0c2/screenshot - {}
RESULT: {"script":"<script> [1562 bytes]","args":[{"selector":{"id":"application-manageresources-display-component---newResourceUnit--PLANNING_GROUP","interaction":{"idSuffix":"inner"}},"wdio_ui5_key":"applicationmanageresources-display-component---newResourceUnit--PLANNING_GROUP"}]}
RESULT: undefined
COMMAND: POST /session/de13e7a061070a37799f1fee593ee0c2/execute/async - {"script":"<script> [776 bytes]","args":[{"enterText":"Material","selector":{"id":"application-manageresources-display-component---newResourceUnit--PLANNING_GROUP","interaction":{"idSuffix":"inner"}},"clearTextFirst":true,"interactionType":"ENTER_TEXT"}]}
RESULT: {}
RESULT: {"script":"<script> [776 bytes]","args":[{"enterText":"Material","selector":{"id":"application-manageresources-display-component---newResourceUnit--PLANNING_GROUP","interaction":{"idSuffix":"inner"}},"clearTextFirst":true,"interactionType":"ENTER_TEXT"}]}
COMMAND: POST /session/de13e7a061070a37799f1fee593ee0c2/execute/async - {"script":"<script> [1562 bytes]","args":[{"selector":{"id":"application-manageresources-display-component---newResourceUnit--PLANNING_INDICATOR","interaction":{"idSuffix":"inner"}},"wdio_ui5_key":"applicationmanageresources-display-component---newResourceUnit--PLANNING_INDICATOR"}]}
RESULT: {"script":"<script> [1562 bytes]","args":[{"selector":{"id":"application-manageresources-display-component---newResourceUnit--PLANNING_INDICATOR","interaction":{"idSuffix":"inner"}},"wdio_ui5_key":"applicationmanageresources-display-component---newResourceUnit--PLANNING_INDICATOR"}]}
RESULT: undefined
COMMAND: POST /session/de13e7a061070a37799f1fee593ee0c2/execute/async - {"script":"<script> [776 bytes]","args":[{"enterText":"10 - infinite","selector":{"id":"application-manageresources-display-component---newResourceUnit--PLANNING_INDICATOR","interaction":{"idSuffix":"inner"}},"clearTextFirst":true,"interactionType":"ENTER_TEXT"}]}
RESULT: {"script":"<script> [776 bytes]","args":[{"enterText":"10 - infinite","selector":{"id":"application-manageresources-display-component---newResourceUnit--PLANNING_INDICATOR","interaction":{"idSuffix":"inner"}},"clearTextFirst":true,"interactionType":"ENTER_TEXT"}]}
COMMAND: POST /session/de13e7a061070a37799f1fee593ee0c2/element - {"using":"css selector","value":"#application-manageresources-display-component---newResourceUnit--btnAddTimeSegment"}
RESULT: {"using":"css selector","value":"#application-manageresources-display-component---newResourceUnit--btnAddTimeSegment"}
COMMAND: GET /session/de13e7a061070a37799f1fee593ee0c2/element/f.1392257B6683CA6268F392CA304129EA.d.5D91712BFB2DE1A655FC5B4632627C10.e.3125/rect - {}
RESULT: {}
COMMAND: GET /session/de13e7a061070a37799f1fee593ee0c2/window/rect - {}
RESULT: {}
COMMAND: POST /session/de13e7a061070a37799f1fee593ee0c2/execute/sync - {"script":"<script> [92 bytes]","args":[]}
RESULT: {"script":"<script> [92 bytes]","args":[]}
COMMAND: POST /session/de13e7a061070a37799f1fee593ee0c2/actions - {"actions":[{"id":"action6","type":"wheel","parameters":{},"actions":[{"type":"scroll","x":-1888,"y":-32,"deltaX":0,"deltaY":0,"duration":0,"origin":{"element-6066-11e4-a52e-4f735466cecf":"f.1392257B6683CA6268F392CA304129EA.d.5D91712BFB2DE1A655FC5B4632627C10.e.3125"}}]}]}
COMMAND: GET /session/de13e7a061070a37799f1fee593ee0c2/screenshot - {}
RESULT: {}
COMMAND: POST /session/de13e7a061070a37799f1fee593ee0c2/execute/sync - {"script":"<script> [79 bytes]","args":[{"element-6066-11e4-a52e-4f735466cecf":"f.1392257B6683CA6268F392CA304129EA.d.5D91712BFB2DE1A655FC5B4632627C10.e.3125","ELEMENT":"f.1392257B6683CA6268F392CA304129EA.d.5D91712BFB2DE1A655FC5B4632627C10.e.3125"},{"block":"start","inline":"nearest"}]}
RESULT: {"script":"<script> [79 bytes]","args":[{"element-6066-11e4-a52e-4f735466cecf":"f.1392257B6683CA6268F392CA304129EA.d.5D91712BFB2DE1A655FC5B4632627C10.e.3125","ELEMENT":"f.1392257B6683CA6268F392CA304129EA.d.5D91712BFB2DE1A655FC5B4632627C10.e.3125"},{"block":"start","inline":"nearest"}]}
COMMAND: POST /session/de13e7a061070a37799f1fee593ee0c2/execute/async - {"script":"<script> [1562 bytes]","args":[{"selector":{"id":"application-manageresources-display-component---newResourceUnit--btnAddTimeSegment","interaction":{"idSuffix":"inner"}},"wdio_ui5_key":"applicationmanageresources-display-component---newResourceUnit--btnAddTimeSegment"}]}
COMMAND: GET /session/de13e7a061070a37799f1fee593ee0c2/screenshot - {}
RESULT: {"script":"<script> [1562 bytes]","args":[{"selector":{"id":"application-manageresources-display-component---newResourceUnit--btnAddTimeSegment","interaction":{"idSuffix":"inner"}},"wdio_ui5_key":"applicationmanageresources-display-component---newResourceUnit--btnAddTimeSegment"}]}
RESULT: undefined
COMMAND: POST /session/de13e7a061070a37799f1fee593ee0c2/element - {"using":"xpath","value":"//*[@id=\"application-manageresources-display-component---newResourceUnit--btnAddTimeSegment\"]"}
RESULT: {}
RESULT: {"using":"xpath","value":"//*[@id=\"application-manageresources-display-component---newResourceUnit--btnAddTimeSegment\"]"}
COMMAND: POST /session/de13e7a061070a37799f1fee593ee0c2/element/f.1392257B6683CA6268F392CA304129EA.d.5D91712BFB2DE1A655FC5B4632627C10.e.3125/click - {}
RESULT: {}
COMMAND: GET /session/de13e7a061070a37799f1fee593ee0c2/screenshot - {}
RESULT: {}
COMMAND: POST /session/de13e7a061070a37799f1fee593ee0c2/element - {"using":"xpath","value":"//input[@id=\"application-manageresources-display-component---newResourceUnit--idRuTSAdmin-application-manageresources-display-component---newResourceUnit--RUTimeSegment-0-inner\"]"}
RESULT: {"using":"xpath","value":"//input[@id=\"application-manageresources-display-component---newResourceUnit--idRuTSAdmin-application-manageresources-display-component---newResourceUnit--RUTimeSegment-0-inner\"]"}
COMMAND: POST /session/de13e7a061070a37799f1fee593ee0c2/element/f.1392257B6683CA6268F392CA304129EA.d.5D91712BFB2DE1A655FC5B4632627C10.e.3130/clear - {}
RESULT: {}
COMMAND: POST /session/de13e7a061070a37799f1fee593ee0c2/element/f.1392257B6683CA6268F392CA304129EA.d.5D91712BFB2DE1A655FC5B4632627C10.e.3130/value - {"text":"643"}
COMMAND: GET /session/de13e7a061070a37799f1fee593ee0c2/screenshot - {}
RESULT: {"text":"643"}
COMMAND: GET /session/de13e7a061070a37799f1fee593ee0c2/screenshot - {}
RESULT: {}
RESULT: {}
COMMAND: POST /session/de13e7a061070a37799f1fee593ee0c2/element - {"using":"xpath","value":"//li[.//span[text()='643']]"}
RESULT: {"using":"xpath","value":"//li[.//span[text()='643']]"}
COMMAND: POST /session/de13e7a061070a37799f1fee593ee0c2/element/f.1392257B6683CA6268F392CA304129EA.d.5D91712BFB2DE1A655FC5B4632627C10.e.3139/click - {}
RESULT: {}
COMMAND: GET /session/de13e7a061070a37799f1fee593ee0c2/screenshot - {}
RESULT: {}
COMMAND: POST /session/de13e7a061070a37799f1fee593ee0c2/element - {"using":"xpath","value":"(//span[contains(@id, \"-application-manageresources-display-component---newResourceUnit--RUTimeSegment-0-arrow\")])[2]"}
RESULT: {"using":"xpath","value":"(//span[contains(@id, \"-application-manageresources-display-component---newResourceUnit--RUTimeSegment-0-arrow\")])[2]"}
COMMAND: POST /session/de13e7a061070a37799f1fee593ee0c2/element/f.1392257B6683CA6268F392CA304129EA.d.5D91712BFB2DE1A655FC5B4632627C10.e.3140/click - {}
RESULT: {}
COMMAND: POST /session/de13e7a061070a37799f1fee593ee0c2/element - {"using":"xpath","value":"//span[contains(text(), \"PM Order\")]"}
COMMAND: GET /session/de13e7a061070a37799f1fee593ee0c2/screenshot - {}
RESULT: {"using":"xpath","value":"//span[contains(text(), \"PM Order\")]"}
COMMAND: POST /session/de13e7a061070a37799f1fee593ee0c2/element/f.1392257B6683CA6268F392CA304129EA.d.5D91712BFB2DE1A655FC5B4632627C10.e.3141/click - {}
RESULT: {}
RESULT: {}
COMMAND: GET /session/de13e7a061070a37799f1fee593ee0c2/screenshot - {}
RESULT: {}
COMMAND: POST /session/de13e7a061070a37799f1fee593ee0c2/element - {"using":"xpath","value":"//td/div/div/div/span[contains(@id, \"newResourceUnit--RUTimeSegment-0-vhi\")][1]"}
RESULT: {"using":"xpath","value":"//td/div/div/div/span[contains(@id, \"newResourceUnit--RUTimeSegment-0-vhi\")][1]"}
COMMAND: GET /session/de13e7a061070a37799f1fee593ee0c2/element/f.1392257B6683CA6268F392CA304129EA.d.5D91712BFB2DE1A655FC5B4632627C10.e.3145/rect - {}
RESULT: {}
COMMAND: GET /session/de13e7a061070a37799f1fee593ee0c2/window/rect - {}
RESULT: {}
COMMAND: POST /session/de13e7a061070a37799f1fee593ee0c2/execute/sync - {"script":"<script> [92 bytes]","args":[]}
RESULT: {"script":"<script> [92 bytes]","args":[]}
COMMAND: POST /session/de13e7a061070a37799f1fee593ee0c2/actions - {"actions":[{"id":"action7","type":"wheel","parameters":{},"actions":[{"type":"scroll","x":-1888,"y":-24,"deltaX":0,"deltaY":0,"duration":0,"origin":{"element-6066-11e4-a52e-4f735466cecf":"f.1392257B6683CA6268F392CA304129EA.d.5D91712BFB2DE1A655FC5B4632627C10.e.3145"}}]}]}
COMMAND: GET /session/de13e7a061070a37799f1fee593ee0c2/screenshot - {}
RESULT: {}
COMMAND: POST /session/de13e7a061070a37799f1fee593ee0c2/execute/sync - {"script":"<script> [79 bytes]","args":[{"element-6066-11e4-a52e-4f735466cecf":"f.1392257B6683CA6268F392CA304129EA.d.5D91712BFB2DE1A655FC5B4632627C10.e.3145","ELEMENT":"f.1392257B6683CA6268F392CA304129EA.d.5D91712BFB2DE1A655FC5B4632627C10.e.3145"},{"block":"start","inline":"nearest"}]}
RESULT: {"script":"<script> [79 bytes]","args":[{"element-6066-11e4-a52e-4f735466cecf":"f.1392257B6683CA6268F392CA304129EA.d.5D91712BFB2DE1A655FC5B4632627C10.e.3145","ELEMENT":"f.1392257B6683CA6268F392CA304129EA.d.5D91712BFB2DE1A655FC5B4632627C10.e.3145"},{"block":"start","inline":"nearest"}]}
COMMAND: GET /session/de13e7a061070a37799f1fee593ee0c2/screenshot - {}
RESULT: {}
COMMAND: POST /session/de13e7a061070a37799f1fee593ee0c2/element/f.1392257B6683CA6268F392CA304129EA.d.5D91712BFB2DE1A655FC5B4632627C10.e.3145/click - {}
RESULT: {}
COMMAND: GET /session/de13e7a061070a37799f1fee593ee0c2/screenshot - {}
RESULT: {}
RESULT: undefined
COMMAND: POST /session/de13e7a061070a37799f1fee593ee0c2/execute/async - {"script":"<script> [776 bytes]","args":[{"enterText":"4000360","selector":{"controlType":"sap.m.SearchField","properties":{"placeholder":"Search"},"searchOpenDialogs":true,"interaction":{"idSuffix":"I"}},"clearTextFirst":true,"interactionType":"ENTER_TEXT"}]}
RESULT: {"script":"<script> [776 bytes]","args":[{"enterText":"4000360","selector":{"controlType":"sap.m.SearchField","properties":{"placeholder":"Search"},"searchOpenDialogs":true,"interaction":{"idSuffix":"I"}},"clearTextFirst":true,"interactionType":"ENTER_TEXT"}]}
COMMAND: POST /session/de13e7a061070a37799f1fee593ee0c2/actions - {"actions":[{"id":"action8","type":"key","parameters":{},"actions":[{"type":"keyDown","value":"î€‡"},{"type":"pause","duration":10},{"type":"keyUp","value":"î€‡"}]}]}
RESULT: {"actions":[{"id":"action8","type":"key","parameters":{},"actions":[{"type":"keyDown","value":"î€‡"},{"type":"pause","duration":10},{"type":"keyUp","value":"î€‡"}]}]}
COMMAND: GET /session/de13e7a061070a37799f1fee593ee0c2/screenshot - {}
RESULT: {}
COMMAND: POST /session/de13e7a061070a37799f1fee593ee0c2/element - {"using":"xpath","value":"//td/div/span[contains(text(), \"BGL Vehicles\")]"}
RESULT: {"using":"xpath","value":"//td/div/span[contains(text(), \"BGL Vehicles\")]"}
COMMAND: POST /session/de13e7a061070a37799f1fee593ee0c2/element/f.1392257B6683CA6268F392CA304129EA.d.5D91712BFB2DE1A655FC5B4632627C10.e.3166/click - {}
RESULT: {}
COMMAND: GET /session/de13e7a061070a37799f1fee593ee0c2/screenshot - {}
RESULT: {}
COMMAND: POST /session/de13e7a061070a37799f1fee593ee0c2/element - {"using":"xpath","value":"//bdi[contains(text(), \"OK\")]"}
RESULT: {"using":"xpath","value":"//bdi[contains(text(), \"OK\")]"}
COMMAND: POST /session/de13e7a061070a37799f1fee593ee0c2/element/f.1392257B6683CA6268F392CA304129EA.d.5D91712BFB2DE1A655FC5B4632627C10.e.3167/click - {}
RESULT: {}
COMMAND: GET /session/de13e7a061070a37799f1fee593ee0c2/screenshot - {}
RESULT: {}
COMMAND: POST /session/de13e7a061070a37799f1fee593ee0c2/element - {"using":"xpath","value":"//label[contains(@class, 'sapMLabelRequired') and .//bdi[contains(text(), 'Planned Retirement')]]"}
RESULT: {"using":"xpath","value":"//label[contains(@class, 'sapMLabelRequired') and .//bdi[contains(text(), 'Planned Retirement')]]"}
COMMAND: POST /session/de13e7a061070a37799f1fee593ee0c2/elements - {"using":"xpath","value":"//label[contains(@class, 'sapMLabelRequired') and .//bdi[contains(text(), 'Planned Retirement')]]"}
RESULT: {"using":"xpath","value":"//label[contains(@class, 'sapMLabelRequired') and .//bdi[contains(text(), 'Planned Retirement')]]"}
COMMAND: POST /session/de13e7a061070a37799f1fee593ee0c2/element - {"using":"xpath","value":"//button[@data-kt=\"resourceUnitSaveButton\"]"}
RESULT: {"using":"xpath","value":"//button[@data-kt=\"resourceUnitSaveButton\"]"}
COMMAND: POST /session/de13e7a061070a37799f1fee593ee0c2/element/f.1392257B6683CA6268F392CA304129EA.d.5D91712BFB2DE1A655FC5B4632627C10.e.3004/click - {}
RESULT: {}
COMMAND: GET /session/de13e7a061070a37799f1fee593ee0c2/screenshot - {}
RESULT: {}
COMMAND: POST /session/de13e7a061070a37799f1fee593ee0c2/element - {"using":"xpath","value":"//bdi[contains(text(), \"Close\")]"}
RESULT: {"using":"xpath","value":"//bdi[contains(text(), \"Close\")]"}
COMMAND: POST /session/de13e7a061070a37799f1fee593ee0c2/element/f.1392257B6683CA6268F392CA304129EA.d.5D91712BFB2DE1A655FC5B4632627C10.e.3174/click - {}
RESULT: {}
COMMAND: GET /session/de13e7a061070a37799f1fee593ee0c2/screenshot - {}
RESULT: {}
COMMAND: POST /session/de13e7a061070a37799f1fee593ee0c2/element - {"using":"xpath","value":"//header[contains(@id, 'detailRruPage-headerTitle')]/div[1]/div[2]/div[2]/span[1]"}
RESULT: {"using":"xpath","value":"//header[contains(@id, 'detailRruPage-headerTitle')]/div[1]/div[2]/div[2]/span[1]"}
COMMAND: POST /session/de13e7a061070a37799f1fee593ee0c2/elements - {"using":"xpath","value":"//header[contains(@id, 'detailRruPage-headerTitle')]/div[1]/div[2]/div[2]/span[1]"}
RESULT: {"using":"xpath","value":"//header[contains(@id, 'detailRruPage-headerTitle')]/div[1]/div[2]/div[2]/span[1]"}
COMMAND: POST /session/de13e7a061070a37799f1fee593ee0c2/execute/sync - {"script":"<script> [56 bytes]","args":[{"element-6066-11e4-a52e-4f735466cecf":"f.1392257B6683CA6268F392CA304129EA.d.5D91712BFB2DE1A655FC5B4632627C10.e.3207","ELEMENT":"f.1392257B6683CA6268F392CA304129EA.d.5D91712BFB2DE1A655FC5B4632627C10.e.3207"}]}
RESULT: {"script":"<script> [56 bytes]","args":[{"element-6066-11e4-a52e-4f735466cecf":"f.1392257B6683CA6268F392CA304129EA.d.5D91712BFB2DE1A655FC5B4632627C10.e.3207","ELEMENT":"f.1392257B6683CA6268F392CA304129EA.d.5D91712BFB2DE1A655FC5B4632627C10.e.3207"}]}
COMMAND: POST /session/de13e7a061070a37799f1fee593ee0c2/element - {"using":"css selector","value":"#shell-header-logo"}
COMMAND: GET /session/de13e7a061070a37799f1fee593ee0c2/screenshot - {}
RESULT: {"using":"css selector","value":"#shell-header-logo"}
COMMAND: POST /session/de13e7a061070a37799f1fee593ee0c2/element/f.1392257B6683CA6268F392CA304129EA.d.5D91712BFB2DE1A655FC5B4632627C10.e.2591/click - {}
RESULT: {}
RESULT: {}
COMMAND: GET /session/de13e7a061070a37799f1fee593ee0c2/screenshot - {}
RESULT: {}
]]></system-out>
    </testcase>
  </testsuite>
  <testsuite timestamp="2025-06-04T06:14:20" time="115.546" tests="1" failures="1" errors="1" skipped="0">
    <properties>
      <property name="specId" value="0" />
      <property name="suiteName" value="Create masterdata for Yard Overview - trigger provide US130988" />
      <property name="capabilities" value="chrome.136_0_7103_93.windows" />
      <property name="file" value="file:///D:/a/1/s/test/specs/HTR/site-overview-return.spec.js" />
    </properties>
  </testsuite>
</testsuites>