<?xml version="1.0" encoding="UTF-8"?>
<testsuites tests="80" failures="5" errors="5" skipped="0">
  <testsuite timestamp="2025-05-23T16:19:27" time="902.196" tests="8" failures="0" errors="0" skipped="0">
    <properties>
      <property name="specId" value="0"/>
      <property name="suiteName" value="Stock increase - with WHM US125587"/>
      <property name="capabilities" value="chrome.136_0_7103_93.windows"/>
      <property name="file" value="file:///D:/a/1/s/test/specs/HTR/stock-increase.spec.js"/>
    </properties>
    <testcase classname="chrome.136_0_7103_93.windows.Stock_increase_-_with_WHM_US125587" name="Should create a new WHM yard" time="162.301">
      <system-out><![CDATA[
COMMAND: POST /session/85be7df00c2941df1715a768c51ad8f5/window/fullscreen - {}
RESULT: {}
COMMAND: POST /session/85be7df00c2941df1715a768c51ad8f5/execute/async - {"script":"<script> [1562 bytes]","args":[{"selector":{"controlType":"sap.m.GenericTile","properties":{"header":"Manage Yards"}},"wdio_ui5_key":"sapm.GenericTile{\"header\":\"Manage Yards\"}"}]}
RESULT: {"script":"<script> [1562 bytes]","args":[{"selector":{"controlType":"sap.m.GenericTile","properties":{"header":"Manage Yards"}},"wdio_ui5_key":"sapm.GenericTile{\"header\":\"Manage Yards\"}"}]}
RESULT: undefined
COMMAND: POST /session/85be7df00c2941df1715a768c51ad8f5/element - {"using":"xpath","value":"//*[@id=\"__tile41\"]"}
RESULT: {"using":"xpath","value":"//*[@id=\"__tile41\"]"}
COMMAND: POST /session/85be7df00c2941df1715a768c51ad8f5/element/f.5D121FC7909F200889B59C01A2F655FF.d.A20BE6988ECCCF4194C59803903D068A.e.118/click - {}
RESULT: {}
COMMAND: GET /session/85be7df00c2941df1715a768c51ad8f5/screenshot - {}
RESULT: {}
COMMAND: POST /session/85be7df00c2941df1715a768c51ad8f5/elements - {"using":"xpath","value":"//span[text()='Error']"}
RESULT: {"using":"xpath","value":"//span[text()='Error']"}
COMMAND: POST /session/85be7df00c2941df1715a768c51ad8f5/element - {"using":"xpath","value":"//button[@data-kt=\"addNewYardOverflowToolbarButton\"]"}
RESULT: {"using":"xpath","value":"//button[@data-kt=\"addNewYardOverflowToolbarButton\"]"}
COMMAND: POST /session/85be7df00c2941df1715a768c51ad8f5/elements - {"using":"xpath","value":"//button[@data-kt=\"addNewYardOverflowToolbarButton\"]"}
RESULT: {"using":"xpath","value":"//button[@data-kt=\"addNewYardOverflowToolbarButton\"]"}
COMMAND: POST /session/85be7df00c2941df1715a768c51ad8f5/elements - {"using":"xpath","value":"//button[@data-kt=\"addNewYardOverflowToolbarButton\"]"}
RESULT: {"using":"xpath","value":"//button[@data-kt=\"addNewYardOverflowToolbarButton\"]"}
COMMAND: POST /session/85be7df00c2941df1715a768c51ad8f5/elements - {"using":"xpath","value":"//button[@data-kt=\"addNewYardOverflowToolbarButton\"]"}
RESULT: {"using":"xpath","value":"//button[@data-kt=\"addNewYardOverflowToolbarButton\"]"}
COMMAND: POST /session/85be7df00c2941df1715a768c51ad8f5/elements - {"using":"xpath","value":"//button[@data-kt=\"addNewYardOverflowToolbarButton\"]"}
RESULT: {"using":"xpath","value":"//button[@data-kt=\"addNewYardOverflowToolbarButton\"]"}
COMMAND: POST /session/85be7df00c2941df1715a768c51ad8f5/elements - {"using":"xpath","value":"//button[@data-kt=\"addNewYardOverflowToolbarButton\"]"}
RESULT: {"using":"xpath","value":"//button[@data-kt=\"addNewYardOverflowToolbarButton\"]"}
COMMAND: POST /session/85be7df00c2941df1715a768c51ad8f5/elements - {"using":"xpath","value":"//button[@data-kt=\"addNewYardOverflowToolbarButton\"]"}
RESULT: {"using":"xpath","value":"//button[@data-kt=\"addNewYardOverflowToolbarButton\"]"}
COMMAND: POST /session/85be7df00c2941df1715a768c51ad8f5/elements - {"using":"xpath","value":"//button[@data-kt=\"addNewYardOverflowToolbarButton\"]"}
RESULT: {"using":"xpath","value":"//button[@data-kt=\"addNewYardOverflowToolbarButton\"]"}
COMMAND: POST /session/85be7df00c2941df1715a768c51ad8f5/elements - {"using":"xpath","value":"//button[@data-kt=\"addNewYardOverflowToolbarButton\"]"}
RESULT: {"using":"xpath","value":"//button[@data-kt=\"addNewYardOverflowToolbarButton\"]"}
COMMAND: POST /session/85be7df00c2941df1715a768c51ad8f5/elements - {"using":"xpath","value":"//button[@data-kt=\"addNewYardOverflowToolbarButton\"]"}
RESULT: {"using":"xpath","value":"//button[@data-kt=\"addNewYardOverflowToolbarButton\"]"}
COMMAND: POST /session/85be7df00c2941df1715a768c51ad8f5/elements - {"using":"xpath","value":"//button[@data-kt=\"addNewYardOverflowToolbarButton\"]"}
RESULT: {"using":"xpath","value":"//button[@data-kt=\"addNewYardOverflowToolbarButton\"]"}
COMMAND: POST /session/85be7df00c2941df1715a768c51ad8f5/elements - {"using":"xpath","value":"//button[@data-kt=\"addNewYardOverflowToolbarButton\"]"}
RESULT: {"using":"xpath","value":"//button[@data-kt=\"addNewYardOverflowToolbarButton\"]"}
COMMAND: POST /session/85be7df00c2941df1715a768c51ad8f5/elements - {"using":"xpath","value":"//button[@data-kt=\"addNewYardOverflowToolbarButton\"]"}
RESULT: {"using":"xpath","value":"//button[@data-kt=\"addNewYardOverflowToolbarButton\"]"}
COMMAND: POST /session/85be7df00c2941df1715a768c51ad8f5/elements - {"using":"xpath","value":"//button[@data-kt=\"addNewYardOverflowToolbarButton\"]"}
RESULT: {"using":"xpath","value":"//button[@data-kt=\"addNewYardOverflowToolbarButton\"]"}
COMMAND: POST /session/85be7df00c2941df1715a768c51ad8f5/elements - {"using":"xpath","value":"//button[@data-kt=\"addNewYardOverflowToolbarButton\"]"}
RESULT: {"using":"xpath","value":"//button[@data-kt=\"addNewYardOverflowToolbarButton\"]"}
COMMAND: POST /session/85be7df00c2941df1715a768c51ad8f5/elements - {"using":"xpath","value":"//button[@data-kt=\"addNewYardOverflowToolbarButton\"]"}
RESULT: {"using":"xpath","value":"//button[@data-kt=\"addNewYardOverflowToolbarButton\"]"}
COMMAND: POST /session/85be7df00c2941df1715a768c51ad8f5/elements - {"using":"xpath","value":"//button[@data-kt=\"addNewYardOverflowToolbarButton\"]"}
RESULT: {"using":"xpath","value":"//button[@data-kt=\"addNewYardOverflowToolbarButton\"]"}
COMMAND: POST /session/85be7df00c2941df1715a768c51ad8f5/elements - {"using":"xpath","value":"//button[@data-kt=\"addNewYardOverflowToolbarButton\"]"}
RESULT: {"using":"xpath","value":"//button[@data-kt=\"addNewYardOverflowToolbarButton\"]"}
COMMAND: POST /session/85be7df00c2941df1715a768c51ad8f5/elements - {"using":"xpath","value":"//button[@data-kt=\"addNewYardOverflowToolbarButton\"]"}
RESULT: {"using":"xpath","value":"//button[@data-kt=\"addNewYardOverflowToolbarButton\"]"}
COMMAND: POST /session/85be7df00c2941df1715a768c51ad8f5/elements - {"using":"xpath","value":"//button[@data-kt=\"addNewYardOverflowToolbarButton\"]"}
RESULT: {"using":"xpath","value":"//button[@data-kt=\"addNewYardOverflowToolbarButton\"]"}
COMMAND: POST /session/85be7df00c2941df1715a768c51ad8f5/elements - {"using":"xpath","value":"//button[@data-kt=\"addNewYardOverflowToolbarButton\"]"}
RESULT: {"using":"xpath","value":"//button[@data-kt=\"addNewYardOverflowToolbarButton\"]"}
COMMAND: POST /session/85be7df00c2941df1715a768c51ad8f5/elements - {"using":"xpath","value":"//button[@data-kt=\"addNewYardOverflowToolbarButton\"]"}
RESULT: {"using":"xpath","value":"//button[@data-kt=\"addNewYardOverflowToolbarButton\"]"}
COMMAND: POST /session/85be7df00c2941df1715a768c51ad8f5/elements - {"using":"xpath","value":"//button[@data-kt=\"addNewYardOverflowToolbarButton\"]"}
RESULT: {"using":"xpath","value":"//button[@data-kt=\"addNewYardOverflowToolbarButton\"]"}
COMMAND: POST /session/85be7df00c2941df1715a768c51ad8f5/elements - {"using":"xpath","value":"//button[@data-kt=\"addNewYardOverflowToolbarButton\"]"}
RESULT: {"using":"xpath","value":"//button[@data-kt=\"addNewYardOverflowToolbarButton\"]"}
COMMAND: POST /session/85be7df00c2941df1715a768c51ad8f5/elements - {"using":"xpath","value":"//button[@data-kt=\"addNewYardOverflowToolbarButton\"]"}
RESULT: {"using":"xpath","value":"//button[@data-kt=\"addNewYardOverflowToolbarButton\"]"}
COMMAND: POST /session/85be7df00c2941df1715a768c51ad8f5/elements - {"using":"xpath","value":"//button[@data-kt=\"addNewYardOverflowToolbarButton\"]"}
RESULT: {"using":"xpath","value":"//button[@data-kt=\"addNewYardOverflowToolbarButton\"]"}
COMMAND: POST /session/85be7df00c2941df1715a768c51ad8f5/elements - {"using":"xpath","value":"//button[@data-kt=\"addNewYardOverflowToolbarButton\"]"}
RESULT: {"using":"xpath","value":"//button[@data-kt=\"addNewYardOverflowToolbarButton\"]"}
COMMAND: POST /session/85be7df00c2941df1715a768c51ad8f5/elements - {"using":"xpath","value":"//button[@data-kt=\"addNewYardOverflowToolbarButton\"]"}
RESULT: {"using":"xpath","value":"//button[@data-kt=\"addNewYardOverflowToolbarButton\"]"}
COMMAND: POST /session/85be7df00c2941df1715a768c51ad8f5/elements - {"using":"xpath","value":"//button[@data-kt=\"addNewYardOverflowToolbarButton\"]"}
RESULT: {"using":"xpath","value":"//button[@data-kt=\"addNewYardOverflowToolbarButton\"]"}
COMMAND: POST /session/85be7df00c2941df1715a768c51ad8f5/elements - {"using":"xpath","value":"//button[@data-kt=\"addNewYardOverflowToolbarButton\"]"}
RESULT: {"using":"xpath","value":"//button[@data-kt=\"addNewYardOverflowToolbarButton\"]"}
COMMAND: POST /session/85be7df00c2941df1715a768c51ad8f5/elements - {"using":"xpath","value":"//button[@data-kt=\"addNewYardOverflowToolbarButton\"]"}
RESULT: {"using":"xpath","value":"//button[@data-kt=\"addNewYardOverflowToolbarButton\"]"}
COMMAND: POST /session/85be7df00c2941df1715a768c51ad8f5/elements - {"using":"xpath","value":"//button[@data-kt=\"addNewYardOverflowToolbarButton\"]"}
RESULT: {"using":"xpath","value":"//button[@data-kt=\"addNewYardOverflowToolbarButton\"]"}
COMMAND: POST /session/85be7df00c2941df1715a768c51ad8f5/elements - {"using":"xpath","value":"//button[@data-kt=\"addNewYardOverflowToolbarButton\"]"}
RESULT: {"using":"xpath","value":"//button[@data-kt=\"addNewYardOverflowToolbarButton\"]"}
COMMAND: POST /session/85be7df00c2941df1715a768c51ad8f5/elements - {"using":"xpath","value":"//button[@data-kt=\"addNewYardOverflowToolbarButton\"]"}
RESULT: {"using":"xpath","value":"//button[@data-kt=\"addNewYardOverflowToolbarButton\"]"}
COMMAND: POST /session/85be7df00c2941df1715a768c51ad8f5/elements - {"using":"xpath","value":"//button[@data-kt=\"addNewYardOverflowToolbarButton\"]"}
RESULT: {"using":"xpath","value":"//button[@data-kt=\"addNewYardOverflowToolbarButton\"]"}
COMMAND: POST /session/85be7df00c2941df1715a768c51ad8f5/elements - {"using":"xpath","value":"//button[@data-kt=\"addNewYardOverflowToolbarButton\"]"}
RESULT: {"using":"xpath","value":"//button[@data-kt=\"addNewYardOverflowToolbarButton\"]"}
COMMAND: POST /session/85be7df00c2941df1715a768c51ad8f5/elements - {"using":"xpath","value":"//button[@data-kt=\"addNewYardOverflowToolbarButton\"]"}
RESULT: {"using":"xpath","value":"//button[@data-kt=\"addNewYardOverflowToolbarButton\"]"}
COMMAND: POST /session/85be7df00c2941df1715a768c51ad8f5/elements - {"using":"xpath","value":"//button[@data-kt=\"addNewYardOverflowToolbarButton\"]"}
RESULT: {"using":"xpath","value":"//button[@data-kt=\"addNewYardOverflowToolbarButton\"]"}
COMMAND: POST /session/85be7df00c2941df1715a768c51ad8f5/elements - {"using":"xpath","value":"//button[@data-kt=\"addNewYardOverflowToolbarButton\"]"}
RESULT: {"using":"xpath","value":"//button[@data-kt=\"addNewYardOverflowToolbarButton\"]"}
COMMAND: POST /session/85be7df00c2941df1715a768c51ad8f5/elements - {"using":"xpath","value":"//button[@data-kt=\"addNewYardOverflowToolbarButton\"]"}
RESULT: {"using":"xpath","value":"//button[@data-kt=\"addNewYardOverflowToolbarButton\"]"}
COMMAND: POST /session/85be7df00c2941df1715a768c51ad8f5/elements - {"using":"xpath","value":"//button[@data-kt=\"addNewYardOverflowToolbarButton\"]"}
RESULT: {"using":"xpath","value":"//button[@data-kt=\"addNewYardOverflowToolbarButton\"]"}
COMMAND: POST /session/85be7df00c2941df1715a768c51ad8f5/elements - {"using":"xpath","value":"//button[@data-kt=\"addNewYardOverflowToolbarButton\"]"}
RESULT: {"using":"xpath","value":"//button[@data-kt=\"addNewYardOverflowToolbarButton\"]"}
COMMAND: POST /session/85be7df00c2941df1715a768c51ad8f5/elements - {"using":"xpath","value":"//button[@data-kt=\"addNewYardOverflowToolbarButton\"]"}
RESULT: {"using":"xpath","value":"//button[@data-kt=\"addNewYardOverflowToolbarButton\"]"}
COMMAND: POST /session/85be7df00c2941df1715a768c51ad8f5/elements - {"using":"xpath","value":"//button[@data-kt=\"addNewYardOverflowToolbarButton\"]"}
RESULT: {"using":"xpath","value":"//button[@data-kt=\"addNewYardOverflowToolbarButton\"]"}
COMMAND: POST /session/85be7df00c2941df1715a768c51ad8f5/elements - {"using":"xpath","value":"//button[@data-kt=\"addNewYardOverflowToolbarButton\"]"}
RESULT: {"using":"xpath","value":"//button[@data-kt=\"addNewYardOverflowToolbarButton\"]"}
COMMAND: POST /session/85be7df00c2941df1715a768c51ad8f5/elements - {"using":"xpath","value":"//button[@data-kt=\"addNewYardOverflowToolbarButton\"]"}
RESULT: {"using":"xpath","value":"//button[@data-kt=\"addNewYardOverflowToolbarButton\"]"}
COMMAND: POST /session/85be7df00c2941df1715a768c51ad8f5/elements - {"using":"xpath","value":"//button[@data-kt=\"addNewYardOverflowToolbarButton\"]"}
RESULT: {"using":"xpath","value":"//button[@data-kt=\"addNewYardOverflowToolbarButton\"]"}
COMMAND: POST /session/85be7df00c2941df1715a768c51ad8f5/elements - {"using":"xpath","value":"//button[@data-kt=\"addNewYardOverflowToolbarButton\"]"}
RESULT: {"using":"xpath","value":"//button[@data-kt=\"addNewYardOverflowToolbarButton\"]"}
COMMAND: POST /session/85be7df00c2941df1715a768c51ad8f5/elements - {"using":"xpath","value":"//button[@data-kt=\"addNewYardOverflowToolbarButton\"]"}
RESULT: {"using":"xpath","value":"//button[@data-kt=\"addNewYardOverflowToolbarButton\"]"}
COMMAND: POST /session/85be7df00c2941df1715a768c51ad8f5/elements - {"using":"xpath","value":"//button[@data-kt=\"addNewYardOverflowToolbarButton\"]"}
RESULT: {"using":"xpath","value":"//button[@data-kt=\"addNewYardOverflowToolbarButton\"]"}
COMMAND: POST /session/85be7df00c2941df1715a768c51ad8f5/elements - {"using":"xpath","value":"//button[@data-kt=\"addNewYardOverflowToolbarButton\"]"}
RESULT: {"using":"xpath","value":"//button[@data-kt=\"addNewYardOverflowToolbarButton\"]"}
COMMAND: POST /session/85be7df00c2941df1715a768c51ad8f5/elements - {"using":"xpath","value":"//button[@data-kt=\"addNewYardOverflowToolbarButton\"]"}
RESULT: {"using":"xpath","value":"//button[@data-kt=\"addNewYardOverflowToolbarButton\"]"}
COMMAND: POST /session/85be7df00c2941df1715a768c51ad8f5/elements - {"using":"xpath","value":"//button[@data-kt=\"addNewYardOverflowToolbarButton\"]"}
RESULT: {"using":"xpath","value":"//button[@data-kt=\"addNewYardOverflowToolbarButton\"]"}
COMMAND: POST /session/85be7df00c2941df1715a768c51ad8f5/elements - {"using":"xpath","value":"//button[@data-kt=\"addNewYardOverflowToolbarButton\"]"}
RESULT: {"using":"xpath","value":"//button[@data-kt=\"addNewYardOverflowToolbarButton\"]"}
COMMAND: POST /session/85be7df00c2941df1715a768c51ad8f5/elements - {"using":"xpath","value":"//button[@data-kt=\"addNewYardOverflowToolbarButton\"]"}
RESULT: {"using":"xpath","value":"//button[@data-kt=\"addNewYardOverflowToolbarButton\"]"}
COMMAND: POST /session/85be7df00c2941df1715a768c51ad8f5/elements - {"using":"xpath","value":"//button[@data-kt=\"addNewYardOverflowToolbarButton\"]"}
RESULT: {"using":"xpath","value":"//button[@data-kt=\"addNewYardOverflowToolbarButton\"]"}
COMMAND: POST /session/85be7df00c2941df1715a768c51ad8f5/elements - {"using":"xpath","value":"//button[@data-kt=\"addNewYardOverflowToolbarButton\"]"}
RESULT: {"using":"xpath","value":"//button[@data-kt=\"addNewYardOverflowToolbarButton\"]"}
COMMAND: POST /session/85be7df00c2941df1715a768c51ad8f5/elements - {"using":"xpath","value":"//button[@data-kt=\"addNewYardOverflowToolbarButton\"]"}
RESULT: {"using":"xpath","value":"//button[@data-kt=\"addNewYardOverflowToolbarButton\"]"}
COMMAND: POST /session/85be7df00c2941df1715a768c51ad8f5/elements - {"using":"xpath","value":"//button[@data-kt=\"addNewYardOverflowToolbarButton\"]"}
RESULT: {"using":"xpath","value":"//button[@data-kt=\"addNewYardOverflowToolbarButton\"]"}
COMMAND: POST /session/85be7df00c2941df1715a768c51ad8f5/elements - {"using":"xpath","value":"//button[@data-kt=\"addNewYardOverflowToolbarButton\"]"}
RESULT: {"using":"xpath","value":"//button[@data-kt=\"addNewYardOverflowToolbarButton\"]"}
COMMAND: POST /session/85be7df00c2941df1715a768c51ad8f5/elements - {"using":"xpath","value":"//button[@data-kt=\"addNewYardOverflowToolbarButton\"]"}
RESULT: {"using":"xpath","value":"//button[@data-kt=\"addNewYardOverflowToolbarButton\"]"}
COMMAND: POST /session/85be7df00c2941df1715a768c51ad8f5/element - {"using":"xpath","value":"//button[@data-kt=\"addNewYardOverflowToolbarButton\"]"}
RESULT: {"using":"xpath","value":"//button[@data-kt=\"addNewYardOverflowToolbarButton\"]"}
COMMAND: POST /session/85be7df00c2941df1715a768c51ad8f5/execute/sync - {"script":"<script> [8489 bytes]","args":[{"element-6066-11e4-a52e-4f735466cecf":"f.5D121FC7909F200889B59C01A2F655FF.d.A20BE6988ECCCF4194C59803903D068A.e.249","ELEMENT":"f.5D121FC7909F200889B59C01A2F655FF.d.A20BE6988ECCCF4194C59803903D068A.e.249"}]}
RESULT: {"script":"<script> [8489 bytes]","args":[{"element-6066-11e4-a52e-4f735466cecf":"f.5D121FC7909F200889B59C01A2F655FF.d.A20BE6988ECCCF4194C59803903D068A.e.249","ELEMENT":"f.5D121FC7909F200889B59C01A2F655FF.d.A20BE6988ECCCF4194C59803903D068A.e.249"}]}
COMMAND: GET /session/85be7df00c2941df1715a768c51ad8f5/element/f.5D121FC7909F200889B59C01A2F655FF.d.A20BE6988ECCCF4194C59803903D068A.e.249/enabled - {}
COMMAND: GET /session/85be7df00c2941df1715a768c51ad8f5/screenshot - {}
RESULT: {}
COMMAND: POST /session/85be7df00c2941df1715a768c51ad8f5/execute/sync - {"script":"<script> [8489 bytes]","args":[{"element-6066-11e4-a52e-4f735466cecf":"f.5D121FC7909F200889B59C01A2F655FF.d.A20BE6988ECCCF4194C59803903D068A.e.249","ELEMENT":"f.5D121FC7909F200889B59C01A2F655FF.d.A20BE6988ECCCF4194C59803903D068A.e.249"}]}
COMMAND: GET /session/85be7df00c2941df1715a768c51ad8f5/screenshot - {}
RESULT: {}
RESULT: {"script":"<script> [8489 bytes]","args":[{"element-6066-11e4-a52e-4f735466cecf":"f.5D121FC7909F200889B59C01A2F655FF.d.A20BE6988ECCCF4194C59803903D068A.e.249","ELEMENT":"f.5D121FC7909F200889B59C01A2F655FF.d.A20BE6988ECCCF4194C59803903D068A.e.249"}]}
COMMAND: POST /session/85be7df00c2941df1715a768c51ad8f5/execute/sync - {"script":"<script> [5351 bytes]","args":[{"element-6066-11e4-a52e-4f735466cecf":"f.5D121FC7909F200889B59C01A2F655FF.d.A20BE6988ECCCF4194C59803903D068A.e.249","ELEMENT":"f.5D121FC7909F200889B59C01A2F655FF.d.A20BE6988ECCCF4194C59803903D068A.e.249"}]}
RESULT: {}
COMMAND: GET /session/85be7df00c2941df1715a768c51ad8f5/screenshot - {}
RESULT: {"script":"<script> [5351 bytes]","args":[{"element-6066-11e4-a52e-4f735466cecf":"f.5D121FC7909F200889B59C01A2F655FF.d.A20BE6988ECCCF4194C59803903D068A.e.249","ELEMENT":"f.5D121FC7909F200889B59C01A2F655FF.d.A20BE6988ECCCF4194C59803903D068A.e.249"}]}
COMMAND: POST /session/85be7df00c2941df1715a768c51ad8f5/element/f.5D121FC7909F200889B59C01A2F655FF.d.A20BE6988ECCCF4194C59803903D068A.e.249/click - {}
COMMAND: GET /session/85be7df00c2941df1715a768c51ad8f5/screenshot - {}
RESULT: {}
RESULT: {}
COMMAND: GET /session/85be7df00c2941df1715a768c51ad8f5/screenshot - {}
RESULT: {}
RESULT: {}
COMMAND: POST /session/85be7df00c2941df1715a768c51ad8f5/element - {"using":"xpath","value":"//input[@id=\"application-manageyards-display-component---NewYard--yardId-inner\"]"}
RESULT: {"using":"xpath","value":"//input[@id=\"application-manageyards-display-component---NewYard--yardId-inner\"]"}
COMMAND: POST /session/85be7df00c2941df1715a768c51ad8f5/element - {"using":"xpath","value":"//input[@id=\"application-manageyards-display-component---NewYard--yardId-inner\"]"}
RESULT: {"using":"xpath","value":"//input[@id=\"application-manageyards-display-component---NewYard--yardId-inner\"]"}
COMMAND: POST /session/85be7df00c2941df1715a768c51ad8f5/execute/async - {"script":"<script> [1562 bytes]","args":[{"selector":{"id":"application-manageyards-display-component---NewYard--addressDetailDetailsName1","interaction":{"idSuffix":"inner"}},"wdio_ui5_key":"applicationmanageyards-display-component---NewYard--addressDetailDetailsName1"}]}
RESULT: {"script":"<script> [1562 bytes]","args":[{"selector":{"id":"application-manageyards-display-component---NewYard--addressDetailDetailsName1","interaction":{"idSuffix":"inner"}},"wdio_ui5_key":"applicationmanageyards-display-component---NewYard--addressDetailDetailsName1"}]}
RESULT: undefined
COMMAND: POST /session/85be7df00c2941df1715a768c51ad8f5/execute/async - {"script":"<script> [776 bytes]","args":[{"enterText":"Warehouse Managed WDIO","selector":{"id":"application-manageyards-display-component---NewYard--addressDetailDetailsName1","interaction":{"idSuffix":"inner"}},"clearTextFirst":true,"interactionType":"ENTER_TEXT"}]}
RESULT: {"script":"<script> [776 bytes]","args":[{"enterText":"Warehouse Managed WDIO","selector":{"id":"application-manageyards-display-component---NewYard--addressDetailDetailsName1","interaction":{"idSuffix":"inner"}},"clearTextFirst":true,"interactionType":"ENTER_TEXT"}]}
COMMAND: POST /session/85be7df00c2941df1715a768c51ad8f5/execute/async - {"script":"<script> [1562 bytes]","args":[{"selector":{"id":"application-manageyards-display-component---NewYard--addressDetailDetailsLanguage-arrow"},"wdio_ui5_key":"applicationmanageyards-display-component---NewYard--addressDetailDetailsLanguage-arrow"}]}
RESULT: {"script":"<script> [1562 bytes]","args":[{"selector":{"id":"application-manageyards-display-component---NewYard--addressDetailDetailsLanguage-arrow"},"wdio_ui5_key":"applicationmanageyards-display-component---NewYard--addressDetailDetailsLanguage-arrow"}]}
RESULT: undefined
COMMAND: POST /session/85be7df00c2941df1715a768c51ad8f5/element - {"using":"xpath","value":"//*[@id=\"application-manageyards-display-component---NewYard--addressDetailDetailsLanguage-arrow\"]"}
RESULT: {"using":"xpath","value":"//*[@id=\"application-manageyards-display-component---NewYard--addressDetailDetailsLanguage-arrow\"]"}
COMMAND: POST /session/85be7df00c2941df1715a768c51ad8f5/element/f.5D121FC7909F200889B59C01A2F655FF.d.A20BE6988ECCCF4194C59803903D068A.e.678/click - {}
RESULT: {}
COMMAND: POST /session/85be7df00c2941df1715a768c51ad8f5/element - {"using":"xpath","value":"//span[contains(text(), \"English\")]"}
COMMAND: GET /session/85be7df00c2941df1715a768c51ad8f5/screenshot - {}
RESULT: {"using":"xpath","value":"//span[contains(text(), \"English\")]"}
COMMAND: POST /session/85be7df00c2941df1715a768c51ad8f5/element/f.5D121FC7909F200889B59C01A2F655FF.d.A20BE6988ECCCF4194C59803903D068A.e.679/click - {}
RESULT: {}
RESULT: {}
COMMAND: POST /session/85be7df00c2941df1715a768c51ad8f5/execute/async - {"script":"<script> [1562 bytes]","args":[{"selector":{"id":"application-manageyards-display-component---NewYard--addressDetailDetailsCity1","interaction":{"idSuffix":"inner"}},"wdio_ui5_key":"applicationmanageyards-display-component---NewYard--addressDetailDetailsCity1"}]}
COMMAND: GET /session/85be7df00c2941df1715a768c51ad8f5/screenshot - {}
RESULT: {"script":"<script> [1562 bytes]","args":[{"selector":{"id":"application-manageyards-display-component---NewYard--addressDetailDetailsCity1","interaction":{"idSuffix":"inner"}},"wdio_ui5_key":"applicationmanageyards-display-component---NewYard--addressDetailDetailsCity1"}]}
RESULT: undefined
COMMAND: POST /session/85be7df00c2941df1715a768c51ad8f5/execute/async - {"script":"<script> [776 bytes]","args":[{"enterText":"Rosario","selector":{"id":"application-manageyards-display-component---NewYard--addressDetailDetailsCity1","interaction":{"idSuffix":"inner"}},"clearTextFirst":true,"interactionType":"ENTER_TEXT"}]}
RESULT: {}
RESULT: {"script":"<script> [776 bytes]","args":[{"enterText":"Rosario","selector":{"id":"application-manageyards-display-component---NewYard--addressDetailDetailsCity1","interaction":{"idSuffix":"inner"}},"clearTextFirst":true,"interactionType":"ENTER_TEXT"}]}
COMMAND: POST /session/85be7df00c2941df1715a768c51ad8f5/execute/async - {"script":"<script> [1562 bytes]","args":[{"selector":{"id":"application-manageyards-display-component---NewYard--addressDetailDetailsCountry-arrow"},"wdio_ui5_key":"applicationmanageyards-display-component---NewYard--addressDetailDetailsCountry-arrow"}]}
RESULT: {"script":"<script> [1562 bytes]","args":[{"selector":{"id":"application-manageyards-display-component---NewYard--addressDetailDetailsCountry-arrow"},"wdio_ui5_key":"applicationmanageyards-display-component---NewYard--addressDetailDetailsCountry-arrow"}]}
RESULT: undefined
COMMAND: POST /session/85be7df00c2941df1715a768c51ad8f5/element - {"using":"xpath","value":"//*[@id=\"application-manageyards-display-component---NewYard--addressDetailDetailsCountry-arrow\"]"}
RESULT: {"using":"xpath","value":"//*[@id=\"application-manageyards-display-component---NewYard--addressDetailDetailsCountry-arrow\"]"}
COMMAND: POST /session/85be7df00c2941df1715a768c51ad8f5/element/f.5D121FC7909F200889B59C01A2F655FF.d.A20BE6988ECCCF4194C59803903D068A.e.681/click - {}
RESULT: {}
COMMAND: POST /session/85be7df00c2941df1715a768c51ad8f5/element - {"using":"xpath","value":"//span[contains(text(), \"Argentina\")]"}
COMMAND: GET /session/85be7df00c2941df1715a768c51ad8f5/screenshot - {}
RESULT: {"using":"xpath","value":"//span[contains(text(), \"Argentina\")]"}
COMMAND: POST /session/85be7df00c2941df1715a768c51ad8f5/element/f.5D121FC7909F200889B59C01A2F655FF.d.A20BE6988ECCCF4194C59803903D068A.e.683/click - {}
RESULT: {}
RESULT: {}
COMMAND: POST /session/85be7df00c2941df1715a768c51ad8f5/execute/async - {"script":"<script> [1562 bytes]","args":[{"selector":{"id":"application-manageyards-display-component---NewYard--addressEditDetailsCostObjectCstType-arrow"},"wdio_ui5_key":"applicationmanageyards-display-component---NewYard--addressEditDetailsCostObjectCstType-arrow"}]}
COMMAND: GET /session/85be7df00c2941df1715a768c51ad8f5/screenshot - {}
RESULT: {"script":"<script> [1562 bytes]","args":[{"selector":{"id":"application-manageyards-display-component---NewYard--addressEditDetailsCostObjectCstType-arrow"},"wdio_ui5_key":"applicationmanageyards-display-component---NewYard--addressEditDetailsCostObjectCstType-arrow"}]}
RESULT: undefined
COMMAND: POST /session/85be7df00c2941df1715a768c51ad8f5/element - {"using":"xpath","value":"//*[@id=\"application-manageyards-display-component---NewYard--addressEditDetailsCostObjectCstType-arrow\"]"}
RESULT: {}
RESULT: {"using":"xpath","value":"//*[@id=\"application-manageyards-display-component---NewYard--addressEditDetailsCostObjectCstType-arrow\"]"}
COMMAND: POST /session/85be7df00c2941df1715a768c51ad8f5/element/f.5D121FC7909F200889B59C01A2F655FF.d.A20BE6988ECCCF4194C59803903D068A.e.684/click - {}
RESULT: {}
COMMAND: POST /session/85be7df00c2941df1715a768c51ad8f5/element - {"using":"xpath","value":"//span[contains(text(), \"Cost Center\")]"}
COMMAND: GET /session/85be7df00c2941df1715a768c51ad8f5/screenshot - {}
RESULT: {"using":"xpath","value":"//span[contains(text(), \"Cost Center\")]"}
COMMAND: POST /session/85be7df00c2941df1715a768c51ad8f5/element/f.5D121FC7909F200889B59C01A2F655FF.d.A20BE6988ECCCF4194C59803903D068A.e.685/click - {}
RESULT: {}
RESULT: {}
COMMAND: GET /session/85be7df00c2941df1715a768c51ad8f5/screenshot - {}
RESULT: {}
COMMAND: POST /session/85be7df00c2941df1715a768c51ad8f5/element - {"using":"xpath","value":"//span[@id=\"application-manageyards-display-component---NewYard--addressNewCostObjectCstID-vhi\"]"}
RESULT: {"using":"xpath","value":"//span[@id=\"application-manageyards-display-component---NewYard--addressNewCostObjectCstID-vhi\"]"}
COMMAND: POST /session/85be7df00c2941df1715a768c51ad8f5/execute/sync - {"script":"<script> [8489 bytes]","args":[{"element-6066-11e4-a52e-4f735466cecf":"f.5D121FC7909F200889B59C01A2F655FF.d.A20BE6988ECCCF4194C59803903D068A.e.689","ELEMENT":"f.5D121FC7909F200889B59C01A2F655FF.d.A20BE6988ECCCF4194C59803903D068A.e.689"}]}
RESULT: {"script":"<script> [8489 bytes]","args":[{"element-6066-11e4-a52e-4f735466cecf":"f.5D121FC7909F200889B59C01A2F655FF.d.A20BE6988ECCCF4194C59803903D068A.e.689","ELEMENT":"f.5D121FC7909F200889B59C01A2F655FF.d.A20BE6988ECCCF4194C59803903D068A.e.689"}]}
COMMAND: POST /session/85be7df00c2941df1715a768c51ad8f5/execute/async - {"script":"<script> [1562 bytes]","args":[{"selector":{"id":"application-manageyards-display-component---NewYard--addressNewCostObjectCstID-vhi"},"wdio_ui5_key":"applicationmanageyards-display-component---NewYard--addressNewCostObjectCstID-vhi"}]}
COMMAND: GET /session/85be7df00c2941df1715a768c51ad8f5/screenshot - {}
RESULT: {"script":"<script> [1562 bytes]","args":[{"selector":{"id":"application-manageyards-display-component---NewYard--addressNewCostObjectCstID-vhi"},"wdio_ui5_key":"applicationmanageyards-display-component---NewYard--addressNewCostObjectCstID-vhi"}]}
RESULT: undefined
COMMAND: POST /session/85be7df00c2941df1715a768c51ad8f5/element - {"using":"xpath","value":"//*[@id=\"application-manageyards-display-component---NewYard--addressNewCostObjectCstID-vhi\"]"}
RESULT: {}
RESULT: {"using":"xpath","value":"//*[@id=\"application-manageyards-display-component---NewYard--addressNewCostObjectCstID-vhi\"]"}
COMMAND: POST /session/85be7df00c2941df1715a768c51ad8f5/element/f.5D121FC7909F200889B59C01A2F655FF.d.A20BE6988ECCCF4194C59803903D068A.e.689/click - {}
RESULT: {}
COMMAND: GET /session/85be7df00c2941df1715a768c51ad8f5/screenshot - {}
RESULT: {}
COMMAND: POST /session/85be7df00c2941df1715a768c51ad8f5/execute/async - {"script":"<script> [1562 bytes]","args":[{"selector":{"controlType":"sap.m.SearchField","properties":{"placeholder":"Search"},"searchOpenDialogs":true,"interaction":{"idSuffix":"I"}},"wdio_ui5_key":"sapm.SearchField{\"placeholder\":\"Search\"}"}]}
RESULT: {"script":"<script> [1562 bytes]","args":[{"selector":{"controlType":"sap.m.SearchField","properties":{"placeholder":"Search"},"searchOpenDialogs":true,"interaction":{"idSuffix":"I"}},"wdio_ui5_key":"sapm.SearchField{\"placeholder\":\"Search\"}"}]}
RESULT: undefined
COMMAND: POST /session/85be7df00c2941df1715a768c51ad8f5/execute/async - {"script":"<script> [776 bytes]","args":[{"enterText":"bauh_b","selector":{"controlType":"sap.m.SearchField","properties":{"placeholder":"Search"},"searchOpenDialogs":true,"interaction":{"idSuffix":"I"}},"clearTextFirst":true,"interactionType":"ENTER_TEXT"}]}
RESULT: {"script":"<script> [776 bytes]","args":[{"enterText":"bauh_b","selector":{"controlType":"sap.m.SearchField","properties":{"placeholder":"Search"},"searchOpenDialogs":true,"interaction":{"idSuffix":"I"}},"clearTextFirst":true,"interactionType":"ENTER_TEXT"}]}
COMMAND: POST /session/85be7df00c2941df1715a768c51ad8f5/actions - {"actions":[{"id":"action1","type":"key","parameters":{},"actions":[{"type":"keyDown","value":""},{"type":"pause","duration":10},{"type":"keyUp","value":""}]}]}
RESULT: {"actions":[{"id":"action1","type":"key","parameters":{},"actions":[{"type":"keyDown","value":""},{"type":"pause","duration":10},{"type":"keyUp","value":""}]}]}
COMMAND: GET /session/85be7df00c2941df1715a768c51ad8f5/screenshot - {}
RESULT: {}
COMMAND: POST /session/85be7df00c2941df1715a768c51ad8f5/element - {"using":"xpath","value":"//span[contains(text(), \"Demo Yard\")]"}
RESULT: {"using":"xpath","value":"//span[contains(text(), \"Demo Yard\")]"}
COMMAND: POST /session/85be7df00c2941df1715a768c51ad8f5/element/f.5D121FC7909F200889B59C01A2F655FF.d.A20BE6988ECCCF4194C59803903D068A.e.731/click - {}
RESULT: {}
COMMAND: GET /session/85be7df00c2941df1715a768c51ad8f5/screenshot - {}
RESULT: {}
COMMAND: POST /session/85be7df00c2941df1715a768c51ad8f5/element - {"using":"xpath","value":"//bdi[contains(text(), \"OK\")]"}
RESULT: {"using":"xpath","value":"//bdi[contains(text(), \"OK\")]"}
COMMAND: POST /session/85be7df00c2941df1715a768c51ad8f5/element/f.5D121FC7909F200889B59C01A2F655FF.d.A20BE6988ECCCF4194C59803903D068A.e.732/click - {}
RESULT: {}
COMMAND: GET /session/85be7df00c2941df1715a768c51ad8f5/screenshot - {}
RESULT: {}
COMMAND: POST /session/85be7df00c2941df1715a768c51ad8f5/execute/async - {"script":"<script> [1562 bytes]","args":[{"selector":{"id":"application-manageyards-display-component---NewYard--addressEditDetailsCurrency-arrow"},"wdio_ui5_key":"applicationmanageyards-display-component---NewYard--addressEditDetailsCurrency-arrow"}]}
RESULT: {"script":"<script> [1562 bytes]","args":[{"selector":{"id":"application-manageyards-display-component---NewYard--addressEditDetailsCurrency-arrow"},"wdio_ui5_key":"applicationmanageyards-display-component---NewYard--addressEditDetailsCurrency-arrow"}]}
RESULT: undefined
COMMAND: POST /session/85be7df00c2941df1715a768c51ad8f5/element - {"using":"xpath","value":"//*[@id=\"application-manageyards-display-component---NewYard--addressEditDetailsCurrency-arrow\"]"}
RESULT: {"using":"xpath","value":"//*[@id=\"application-manageyards-display-component---NewYard--addressEditDetailsCurrency-arrow\"]"}
COMMAND: POST /session/85be7df00c2941df1715a768c51ad8f5/element/f.5D121FC7909F200889B59C01A2F655FF.d.A20BE6988ECCCF4194C59803903D068A.e.735/click - {}
RESULT: {}
COMMAND: POST /session/85be7df00c2941df1715a768c51ad8f5/element - {"using":"xpath","value":"//span[contains(text(), \"Euro\")]"}
COMMAND: GET /session/85be7df00c2941df1715a768c51ad8f5/screenshot - {}
RESULT: {"using":"xpath","value":"//span[contains(text(), \"Euro\")]"}
COMMAND: POST /session/85be7df00c2941df1715a768c51ad8f5/element/f.5D121FC7909F200889B59C01A2F655FF.d.A20BE6988ECCCF4194C59803903D068A.e.736/click - {}
RESULT: {}
RESULT: {}
COMMAND: POST /session/85be7df00c2941df1715a768c51ad8f5/execute/async - {"script":"<script> [1562 bytes]","args":[{"selector":{"controlType":"sap.m.Input","viewName":"etm.portal.ui.manageyards.view.New","viewId":"application-manageyards-display-component---NewYard","bindingPath":{"path":"","propertyPath":"/CONTROLLING_AREA","modelName":"NewYardModel"},"interaction":{"idSuffix":"inner"}},"wdio_ui5_key":"etmportal.ui.manageyards.view.Newsap.m.Input{\"path\":\"\",\"propertyPath\":\"/CONTROLLING_AREA\",\"modelName\":\"NewYardModel\"}"}]}
COMMAND: GET /session/85be7df00c2941df1715a768c51ad8f5/screenshot - {}
RESULT: {"script":"<script> [1562 bytes]","args":[{"selector":{"controlType":"sap.m.Input","viewName":"etm.portal.ui.manageyards.view.New","viewId":"application-manageyards-display-component---NewYard","bindingPath":{"path":"","propertyPath":"/CONTROLLING_AREA","modelName":"NewYardModel"},"interaction":{"idSuffix":"inner"}},"wdio_ui5_key":"etmportal.ui.manageyards.view.Newsap.m.Input{\"path\":\"\",\"propertyPath\":\"/CONTROLLING_AREA\",\"modelName\":\"NewYardModel\"}"}]}
RESULT: undefined
COMMAND: POST /session/85be7df00c2941df1715a768c51ad8f5/execute/async - {"script":"<script> [776 bytes]","args":[{"enterText":"Z001","selector":{"controlType":"sap.m.Input","viewName":"etm.portal.ui.manageyards.view.New","viewId":"application-manageyards-display-component---NewYard","bindingPath":{"path":"","propertyPath":"/CONTROLLING_AREA","modelName":"NewYardModel"},"interaction":{"idSuffix":"inner"}},"clearTextFirst":true,"interactionType":"ENTER_TEXT"}]}
RESULT: {}
RESULT: {"script":"<script> [776 bytes]","args":[{"enterText":"Z001","selector":{"controlType":"sap.m.Input","viewName":"etm.portal.ui.manageyards.view.New","viewId":"application-manageyards-display-component---NewYard","bindingPath":{"path":"","propertyPath":"/CONTROLLING_AREA","modelName":"NewYardModel"},"interaction":{"idSuffix":"inner"}},"clearTextFirst":true,"interactionType":"ENTER_TEXT"}]}
COMMAND: POST /session/85be7df00c2941df1715a768c51ad8f5/execute/async - {"script":"<script> [1562 bytes]","args":[{"selector":{"id":"application-manageyards-display-component---NewYard--companyCodeComboBox","interaction":{"idSuffix":"inner"}},"wdio_ui5_key":"applicationmanageyards-display-component---NewYard--companyCodeComboBox"}]}
RESULT: {"script":"<script> [1562 bytes]","args":[{"selector":{"id":"application-manageyards-display-component---NewYard--companyCodeComboBox","interaction":{"idSuffix":"inner"}},"wdio_ui5_key":"applicationmanageyards-display-component---NewYard--companyCodeComboBox"}]}
RESULT: undefined
COMMAND: POST /session/85be7df00c2941df1715a768c51ad8f5/execute/async - {"script":"<script> [776 bytes]","args":[{"enterText":"1000","selector":{"id":"application-manageyards-display-component---NewYard--companyCodeComboBox","interaction":{"idSuffix":"inner"}},"clearTextFirst":true,"interactionType":"ENTER_TEXT"}]}
RESULT: {"script":"<script> [776 bytes]","args":[{"enterText":"1000","selector":{"id":"application-manageyards-display-component---NewYard--companyCodeComboBox","interaction":{"idSuffix":"inner"}},"clearTextFirst":true,"interactionType":"ENTER_TEXT"}]}
COMMAND: POST /session/85be7df00c2941df1715a768c51ad8f5/execute/async - {"script":"<script> [1562 bytes]","args":[{"selector":{"controlType":"sap.m.Input","viewName":"etm.portal.ui.manageyards.view.New","viewId":"application-manageyards-display-component---NewYard","bindingPath":{"path":"","propertyPath":"/PLANT","modelName":"NewYardModel"},"interaction":{"idSuffix":"inner"}},"wdio_ui5_key":"etmportal.ui.manageyards.view.Newsap.m.Input{\"path\":\"\",\"propertyPath\":\"/PLANT\",\"modelName\":\"NewYardModel\"}"}]}
RESULT: {"script":"<script> [1562 bytes]","args":[{"selector":{"controlType":"sap.m.Input","viewName":"etm.portal.ui.manageyards.view.New","viewId":"application-manageyards-display-component---NewYard","bindingPath":{"path":"","propertyPath":"/PLANT","modelName":"NewYardModel"},"interaction":{"idSuffix":"inner"}},"wdio_ui5_key":"etmportal.ui.manageyards.view.Newsap.m.Input{\"path\":\"\",\"propertyPath\":\"/PLANT\",\"modelName\":\"NewYardModel\"}"}]}
RESULT: undefined
COMMAND: POST /session/85be7df00c2941df1715a768c51ad8f5/execute/async - {"script":"<script> [776 bytes]","args":[{"enterText":"1001","selector":{"controlType":"sap.m.Input","viewName":"etm.portal.ui.manageyards.view.New","viewId":"application-manageyards-display-component---NewYard","bindingPath":{"path":"","propertyPath":"/PLANT","modelName":"NewYardModel"},"interaction":{"idSuffix":"inner"}},"clearTextFirst":true,"interactionType":"ENTER_TEXT"}]}
RESULT: {"script":"<script> [776 bytes]","args":[{"enterText":"1001","selector":{"controlType":"sap.m.Input","viewName":"etm.portal.ui.manageyards.view.New","viewId":"application-manageyards-display-component---NewYard","bindingPath":{"path":"","propertyPath":"/PLANT","modelName":"NewYardModel"},"interaction":{"idSuffix":"inner"}},"clearTextFirst":true,"interactionType":"ENTER_TEXT"}]}
COMMAND: POST /session/85be7df00c2941df1715a768c51ad8f5/execute/async - {"script":"<script> [1562 bytes]","args":[{"selector":{"controlType":"sap.m.Input","viewName":"etm.portal.ui.manageyards.view.New","viewId":"application-manageyards-display-component---NewYard","bindingPath":{"path":"","propertyPath":"/SALES_AREA_VKORG","modelName":"NewYardModel"},"interaction":{"idSuffix":"inner"}},"wdio_ui5_key":"etmportal.ui.manageyards.view.Newsap.m.Input{\"path\":\"\",\"propertyPath\":\"/SALES_AREA_VKORG\",\"modelName\":\"NewYardModel\"}"}]}
RESULT: {"script":"<script> [1562 bytes]","args":[{"selector":{"controlType":"sap.m.Input","viewName":"etm.portal.ui.manageyards.view.New","viewId":"application-manageyards-display-component---NewYard","bindingPath":{"path":"","propertyPath":"/SALES_AREA_VKORG","modelName":"NewYardModel"},"interaction":{"idSuffix":"inner"}},"wdio_ui5_key":"etmportal.ui.manageyards.view.Newsap.m.Input{\"path\":\"\",\"propertyPath\":\"/SALES_AREA_VKORG\",\"modelName\":\"NewYardModel\"}"}]}
RESULT: undefined
COMMAND: POST /session/85be7df00c2941df1715a768c51ad8f5/execute/async - {"script":"<script> [776 bytes]","args":[{"enterText":"C002","selector":{"controlType":"sap.m.Input","viewName":"etm.portal.ui.manageyards.view.New","viewId":"application-manageyards-display-component---NewYard","bindingPath":{"path":"","propertyPath":"/SALES_AREA_VKORG","modelName":"NewYardModel"},"interaction":{"idSuffix":"inner"}},"clearTextFirst":true,"interactionType":"ENTER_TEXT"}]}
RESULT: {"script":"<script> [776 bytes]","args":[{"enterText":"C002","selector":{"controlType":"sap.m.Input","viewName":"etm.portal.ui.manageyards.view.New","viewId":"application-manageyards-display-component---NewYard","bindingPath":{"path":"","propertyPath":"/SALES_AREA_VKORG","modelName":"NewYardModel"},"interaction":{"idSuffix":"inner"}},"clearTextFirst":true,"interactionType":"ENTER_TEXT"}]}
COMMAND: POST /session/85be7df00c2941df1715a768c51ad8f5/execute/async - {"script":"<script> [1562 bytes]","args":[{"selector":{"controlType":"sap.m.Input","viewName":"etm.portal.ui.manageyards.view.New","viewId":"application-manageyards-display-component---NewYard","bindingPath":{"path":"","propertyPath":"/SALES_AREA_VTWEG","modelName":"NewYardModel"},"interaction":{"idSuffix":"inner"}},"wdio_ui5_key":"etmportal.ui.manageyards.view.Newsap.m.Input{\"path\":\"\",\"propertyPath\":\"/SALES_AREA_VTWEG\",\"modelName\":\"NewYardModel\"}"}]}
RESULT: {"script":"<script> [1562 bytes]","args":[{"selector":{"controlType":"sap.m.Input","viewName":"etm.portal.ui.manageyards.view.New","viewId":"application-manageyards-display-component---NewYard","bindingPath":{"path":"","propertyPath":"/SALES_AREA_VTWEG","modelName":"NewYardModel"},"interaction":{"idSuffix":"inner"}},"wdio_ui5_key":"etmportal.ui.manageyards.view.Newsap.m.Input{\"path\":\"\",\"propertyPath\":\"/SALES_AREA_VTWEG\",\"modelName\":\"NewYardModel\"}"}]}
RESULT: undefined
COMMAND: POST /session/85be7df00c2941df1715a768c51ad8f5/execute/async - {"script":"<script> [776 bytes]","args":[{"enterText":"C2","selector":{"controlType":"sap.m.Input","viewName":"etm.portal.ui.manageyards.view.New","viewId":"application-manageyards-display-component---NewYard","bindingPath":{"path":"","propertyPath":"/SALES_AREA_VTWEG","modelName":"NewYardModel"},"interaction":{"idSuffix":"inner"}},"clearTextFirst":true,"interactionType":"ENTER_TEXT"}]}
RESULT: {"script":"<script> [776 bytes]","args":[{"enterText":"C2","selector":{"controlType":"sap.m.Input","viewName":"etm.portal.ui.manageyards.view.New","viewId":"application-manageyards-display-component---NewYard","bindingPath":{"path":"","propertyPath":"/SALES_AREA_VTWEG","modelName":"NewYardModel"},"interaction":{"idSuffix":"inner"}},"clearTextFirst":true,"interactionType":"ENTER_TEXT"}]}
COMMAND: POST /session/85be7df00c2941df1715a768c51ad8f5/execute/async - {"script":"<script> [1562 bytes]","args":[{"selector":{"controlType":"sap.m.Input","viewName":"etm.portal.ui.manageyards.view.New","viewId":"application-manageyards-display-component---NewYard","bindingPath":{"path":"","propertyPath":"/SALES_AREA_SPART","modelName":"NewYardModel"},"interaction":{"idSuffix":"inner"}},"wdio_ui5_key":"etmportal.ui.manageyards.view.Newsap.m.Input{\"path\":\"\",\"propertyPath\":\"/SALES_AREA_SPART\",\"modelName\":\"NewYardModel\"}"}]}
RESULT: {"script":"<script> [1562 bytes]","args":[{"selector":{"controlType":"sap.m.Input","viewName":"etm.portal.ui.manageyards.view.New","viewId":"application-manageyards-display-component---NewYard","bindingPath":{"path":"","propertyPath":"/SALES_AREA_SPART","modelName":"NewYardModel"},"interaction":{"idSuffix":"inner"}},"wdio_ui5_key":"etmportal.ui.manageyards.view.Newsap.m.Input{\"path\":\"\",\"propertyPath\":\"/SALES_AREA_SPART\",\"modelName\":\"NewYardModel\"}"}]}
RESULT: undefined
COMMAND: POST /session/85be7df00c2941df1715a768c51ad8f5/execute/async - {"script":"<script> [776 bytes]","args":[{"enterText":"C2","selector":{"controlType":"sap.m.Input","viewName":"etm.portal.ui.manageyards.view.New","viewId":"application-manageyards-display-component---NewYard","bindingPath":{"path":"","propertyPath":"/SALES_AREA_SPART","modelName":"NewYardModel"},"interaction":{"idSuffix":"inner"}},"clearTextFirst":true,"interactionType":"ENTER_TEXT"}]}
RESULT: {"script":"<script> [776 bytes]","args":[{"enterText":"C2","selector":{"controlType":"sap.m.Input","viewName":"etm.portal.ui.manageyards.view.New","viewId":"application-manageyards-display-component---NewYard","bindingPath":{"path":"","propertyPath":"/SALES_AREA_SPART","modelName":"NewYardModel"},"interaction":{"idSuffix":"inner"}},"clearTextFirst":true,"interactionType":"ENTER_TEXT"}]}
COMMAND: POST /session/85be7df00c2941df1715a768c51ad8f5/execute/async - {"script":"<script> [1562 bytes]","args":[{"selector":{"controlType":"sap.m.Input","viewName":"etm.portal.ui.manageyards.view.New","viewId":"application-manageyards-display-component---NewYard","bindingPath":{"path":"","propertyPath":"/SHIP_POINT","modelName":"NewYardModel"},"interaction":{"idSuffix":"inner"}},"wdio_ui5_key":"etmportal.ui.manageyards.view.Newsap.m.Input{\"path\":\"\",\"propertyPath\":\"/SHIP_POINT\",\"modelName\":\"NewYardModel\"}"}]}
RESULT: {"script":"<script> [1562 bytes]","args":[{"selector":{"controlType":"sap.m.Input","viewName":"etm.portal.ui.manageyards.view.New","viewId":"application-manageyards-display-component---NewYard","bindingPath":{"path":"","propertyPath":"/SHIP_POINT","modelName":"NewYardModel"},"interaction":{"idSuffix":"inner"}},"wdio_ui5_key":"etmportal.ui.manageyards.view.Newsap.m.Input{\"path\":\"\",\"propertyPath\":\"/SHIP_POINT\",\"modelName\":\"NewYardModel\"}"}]}
RESULT: undefined
COMMAND: POST /session/85be7df00c2941df1715a768c51ad8f5/execute/async - {"script":"<script> [776 bytes]","args":[{"enterText":"1710","selector":{"controlType":"sap.m.Input","viewName":"etm.portal.ui.manageyards.view.New","viewId":"application-manageyards-display-component---NewYard","bindingPath":{"path":"","propertyPath":"/SHIP_POINT","modelName":"NewYardModel"},"interaction":{"idSuffix":"inner"}},"clearTextFirst":true,"interactionType":"ENTER_TEXT"}]}
RESULT: {"script":"<script> [776 bytes]","args":[{"enterText":"1710","selector":{"controlType":"sap.m.Input","viewName":"etm.portal.ui.manageyards.view.New","viewId":"application-manageyards-display-component---NewYard","bindingPath":{"path":"","propertyPath":"/SHIP_POINT","modelName":"NewYardModel"},"interaction":{"idSuffix":"inner"}},"clearTextFirst":true,"interactionType":"ENTER_TEXT"}]}
COMMAND: POST /session/85be7df00c2941df1715a768c51ad8f5/execute/async - {"script":"<script> [1562 bytes]","args":[{"selector":{"controlType":"sap.m.Input","viewName":"etm.portal.ui.manageyards.view.New","viewId":"application-manageyards-display-component---NewYard","bindingPath":{"path":"","propertyPath":"/DELIVERY_TYPE","modelName":"NewYardModel"},"interaction":{"idSuffix":"inner"}},"wdio_ui5_key":"etmportal.ui.manageyards.view.Newsap.m.Input{\"path\":\"\",\"propertyPath\":\"/DELIVERY_TYPE\",\"modelName\":\"NewYardModel\"}"}]}
RESULT: {"script":"<script> [1562 bytes]","args":[{"selector":{"controlType":"sap.m.Input","viewName":"etm.portal.ui.manageyards.view.New","viewId":"application-manageyards-display-component---NewYard","bindingPath":{"path":"","propertyPath":"/DELIVERY_TYPE","modelName":"NewYardModel"},"interaction":{"idSuffix":"inner"}},"wdio_ui5_key":"etmportal.ui.manageyards.view.Newsap.m.Input{\"path\":\"\",\"propertyPath\":\"/DELIVERY_TYPE\",\"modelName\":\"NewYardModel\"}"}]}
RESULT: undefined
COMMAND: POST /session/85be7df00c2941df1715a768c51ad8f5/execute/async - {"script":"<script> [776 bytes]","args":[{"enterText":"ZL01","selector":{"controlType":"sap.m.Input","viewName":"etm.portal.ui.manageyards.view.New","viewId":"application-manageyards-display-component---NewYard","bindingPath":{"path":"","propertyPath":"/DELIVERY_TYPE","modelName":"NewYardModel"},"interaction":{"idSuffix":"inner"}},"clearTextFirst":true,"interactionType":"ENTER_TEXT"}]}
RESULT: {"script":"<script> [776 bytes]","args":[{"enterText":"ZL01","selector":{"controlType":"sap.m.Input","viewName":"etm.portal.ui.manageyards.view.New","viewId":"application-manageyards-display-component---NewYard","bindingPath":{"path":"","propertyPath":"/DELIVERY_TYPE","modelName":"NewYardModel"},"interaction":{"idSuffix":"inner"}},"clearTextFirst":true,"interactionType":"ENTER_TEXT"}]}
COMMAND: POST /session/85be7df00c2941df1715a768c51ad8f5/execute/async - {"script":"<script> [1562 bytes]","args":[{"selector":{"controlType":"sap.m.Input","viewName":"etm.portal.ui.manageyards.view.New","viewId":"application-manageyards-display-component---NewYard","bindingPath":{"path":"","propertyPath":"/AUART","modelName":"NewYardModel"},"interaction":{"idSuffix":"inner"}},"wdio_ui5_key":"etmportal.ui.manageyards.view.Newsap.m.Input{\"path\":\"\",\"propertyPath\":\"/AUART\",\"modelName\":\"NewYardModel\"}"}]}
RESULT: {"script":"<script> [1562 bytes]","args":[{"selector":{"controlType":"sap.m.Input","viewName":"etm.portal.ui.manageyards.view.New","viewId":"application-manageyards-display-component---NewYard","bindingPath":{"path":"","propertyPath":"/AUART","modelName":"NewYardModel"},"interaction":{"idSuffix":"inner"}},"wdio_ui5_key":"etmportal.ui.manageyards.view.Newsap.m.Input{\"path\":\"\",\"propertyPath\":\"/AUART\",\"modelName\":\"NewYardModel\"}"}]}
RESULT: undefined
COMMAND: POST /session/85be7df00c2941df1715a768c51ad8f5/execute/async - {"script":"<script> [776 bytes]","args":[{"enterText":"TA","selector":{"controlType":"sap.m.Input","viewName":"etm.portal.ui.manageyards.view.New","viewId":"application-manageyards-display-component---NewYard","bindingPath":{"path":"","propertyPath":"/AUART","modelName":"NewYardModel"},"interaction":{"idSuffix":"inner"}},"clearTextFirst":true,"interactionType":"ENTER_TEXT"}]}
RESULT: {"script":"<script> [776 bytes]","args":[{"enterText":"TA","selector":{"controlType":"sap.m.Input","viewName":"etm.portal.ui.manageyards.view.New","viewId":"application-manageyards-display-component---NewYard","bindingPath":{"path":"","propertyPath":"/AUART","modelName":"NewYardModel"},"interaction":{"idSuffix":"inner"}},"clearTextFirst":true,"interactionType":"ENTER_TEXT"}]}
COMMAND: POST /session/85be7df00c2941df1715a768c51ad8f5/execute/async - {"script":"<script> [1562 bytes]","args":[{"selector":{"id":"application-manageyards-display-component---NewYard--whmCheckBox","interaction":{"idSuffix":"CbBg"}},"wdio_ui5_key":"applicationmanageyards-display-component---NewYard--whmCheckBox"}]}
RESULT: {"script":"<script> [1562 bytes]","args":[{"selector":{"id":"application-manageyards-display-component---NewYard--whmCheckBox","interaction":{"idSuffix":"CbBg"}},"wdio_ui5_key":"applicationmanageyards-display-component---NewYard--whmCheckBox"}]}
RESULT: undefined
COMMAND: POST /session/85be7df00c2941df1715a768c51ad8f5/element - {"using":"xpath","value":"//*[@id=\"application-manageyards-display-component---NewYard--whmCheckBox\"]"}
RESULT: {"using":"xpath","value":"//*[@id=\"application-manageyards-display-component---NewYard--whmCheckBox\"]"}
COMMAND: POST /session/85be7df00c2941df1715a768c51ad8f5/element/f.5D121FC7909F200889B59C01A2F655FF.d.A20BE6988ECCCF4194C59803903D068A.e.756/click - {}
RESULT: {}
COMMAND: GET /session/85be7df00c2941df1715a768c51ad8f5/screenshot - {}
RESULT: {}
COMMAND: POST /session/85be7df00c2941df1715a768c51ad8f5/element - {"using":"xpath","value":"//button[@data-kt=\"newYardSaveButton\"]"}
RESULT: {"using":"xpath","value":"//button[@data-kt=\"newYardSaveButton\"]"}
COMMAND: POST /session/85be7df00c2941df1715a768c51ad8f5/element/f.5D121FC7909F200889B59C01A2F655FF.d.A20BE6988ECCCF4194C59803903D068A.e.663/click - {}
RESULT: {}
COMMAND: GET /session/85be7df00c2941df1715a768c51ad8f5/screenshot - {}
RESULT: {}
COMMAND: POST /session/85be7df00c2941df1715a768c51ad8f5/element - {"using":"xpath","value":"//header[contains(@id, 'ObjectPageLayout-headerTitle')]/div[1]/div[2]/div[1]/span[1]"}
RESULT: {"using":"xpath","value":"//header[contains(@id, 'ObjectPageLayout-headerTitle')]/div[1]/div[2]/div[1]/span[1]"}
COMMAND: POST /session/85be7df00c2941df1715a768c51ad8f5/elements - {"using":"xpath","value":"//header[contains(@id, 'ObjectPageLayout-headerTitle')]/div[1]/div[2]/div[1]/span[1]"}
RESULT: {"using":"xpath","value":"//header[contains(@id, 'ObjectPageLayout-headerTitle')]/div[1]/div[2]/div[1]/span[1]"}
COMMAND: POST /session/85be7df00c2941df1715a768c51ad8f5/execute/sync - {"script":"<script> [56 bytes]","args":[{"element-6066-11e4-a52e-4f735466cecf":"f.5D121FC7909F200889B59C01A2F655FF.d.A20BE6988ECCCF4194C59803903D068A.e.955","ELEMENT":"f.5D121FC7909F200889B59C01A2F655FF.d.A20BE6988ECCCF4194C59803903D068A.e.955"}]}
RESULT: {"script":"<script> [56 bytes]","args":[{"element-6066-11e4-a52e-4f735466cecf":"f.5D121FC7909F200889B59C01A2F655FF.d.A20BE6988ECCCF4194C59803903D068A.e.955","ELEMENT":"f.5D121FC7909F200889B59C01A2F655FF.d.A20BE6988ECCCF4194C59803903D068A.e.955"}]}
COMMAND: GET /session/85be7df00c2941df1715a768c51ad8f5/screenshot - {}
RESULT: {}
COMMAND: POST /session/85be7df00c2941df1715a768c51ad8f5/element - {"using":"css selector","value":"#shell-header-logo"}
RESULT: {"using":"css selector","value":"#shell-header-logo"}
COMMAND: POST /session/85be7df00c2941df1715a768c51ad8f5/element/f.5D121FC7909F200889B59C01A2F655FF.d.A20BE6988ECCCF4194C59803903D068A.e.218/click - {}
RESULT: {}
COMMAND: GET /session/85be7df00c2941df1715a768c51ad8f5/screenshot - {}
RESULT: {}
COMMAND: POST /session/85be7df00c2941df1715a768c51ad8f5/execute/sync - {"script":"<script> [299 bytes]","args":[["getModel","getResource"]]}
RESULT: {"script":"<script> [299 bytes]","args":[["getModel","getResource"]]}
COMMAND: GET /session/85be7df00c2941df1715a768c51ad8f5/screenshot - {}
]]></system-out>
    </testcase>
    <testcase classname="chrome.136_0_7103_93.windows.Stock_increase_-_with_WHM_US125587" name="Should create a new external WHM partner" time="103.116">
      <system-out><![CDATA[
COMMAND: POST /session/85be7df00c2941df1715a768c51ad8f5/window/fullscreen - {}
RESULT: {}
RESULT: {}
COMMAND: POST /session/85be7df00c2941df1715a768c51ad8f5/execute/async - {"script":"<script> [1562 bytes]","args":[{"selector":{"controlType":"sap.m.GenericTile","properties":{"header":"Manage Partners"}},"wdio_ui5_key":"sapm.GenericTile{\"header\":\"Manage Partners\"}"}]}
RESULT: {"script":"<script> [1562 bytes]","args":[{"selector":{"controlType":"sap.m.GenericTile","properties":{"header":"Manage Partners"}},"wdio_ui5_key":"sapm.GenericTile{\"header\":\"Manage Partners\"}"}]}
RESULT: undefined
COMMAND: POST /session/85be7df00c2941df1715a768c51ad8f5/element - {"using":"xpath","value":"//*[@id=\"__tile38\"]"}
RESULT: {"using":"xpath","value":"//*[@id=\"__tile38\"]"}
COMMAND: POST /session/85be7df00c2941df1715a768c51ad8f5/element/f.5D121FC7909F200889B59C01A2F655FF.d.A20BE6988ECCCF4194C59803903D068A.e.109/click - {}
RESULT: {}
COMMAND: GET /session/85be7df00c2941df1715a768c51ad8f5/screenshot - {}
RESULT: {}
COMMAND: POST /session/85be7df00c2941df1715a768c51ad8f5/elements - {"using":"xpath","value":"//span[text()='Error']"}
RESULT: {"using":"xpath","value":"//span[text()='Error']"}
COMMAND: POST /session/85be7df00c2941df1715a768c51ad8f5/element - {"using":"xpath","value":"//button[@data-kt=\"addButton\"]"}
RESULT: {"using":"xpath","value":"//button[@data-kt=\"addButton\"]"}
COMMAND: POST /session/85be7df00c2941df1715a768c51ad8f5/elements - {"using":"xpath","value":"//button[@data-kt=\"addButton\"]"}
RESULT: {"using":"xpath","value":"//button[@data-kt=\"addButton\"]"}
COMMAND: POST /session/85be7df00c2941df1715a768c51ad8f5/elements - {"using":"xpath","value":"//button[@data-kt=\"addButton\"]"}
RESULT: {"using":"xpath","value":"//button[@data-kt=\"addButton\"]"}
COMMAND: POST /session/85be7df00c2941df1715a768c51ad8f5/element - {"using":"xpath","value":"//button[@data-kt=\"addButton\"]"}
RESULT: {"using":"xpath","value":"//button[@data-kt=\"addButton\"]"}
COMMAND: POST /session/85be7df00c2941df1715a768c51ad8f5/execute/sync - {"script":"<script> [8489 bytes]","args":[{"element-6066-11e4-a52e-4f735466cecf":"f.5D121FC7909F200889B59C01A2F655FF.d.A20BE6988ECCCF4194C59803903D068A.e.995","ELEMENT":"f.5D121FC7909F200889B59C01A2F655FF.d.A20BE6988ECCCF4194C59803903D068A.e.995"}]}
RESULT: {"script":"<script> [8489 bytes]","args":[{"element-6066-11e4-a52e-4f735466cecf":"f.5D121FC7909F200889B59C01A2F655FF.d.A20BE6988ECCCF4194C59803903D068A.e.995","ELEMENT":"f.5D121FC7909F200889B59C01A2F655FF.d.A20BE6988ECCCF4194C59803903D068A.e.995"}]}
COMMAND: GET /session/85be7df00c2941df1715a768c51ad8f5/element/f.5D121FC7909F200889B59C01A2F655FF.d.A20BE6988ECCCF4194C59803903D068A.e.995/enabled - {}
COMMAND: GET /session/85be7df00c2941df1715a768c51ad8f5/screenshot - {}
RESULT: {}
COMMAND: POST /session/85be7df00c2941df1715a768c51ad8f5/execute/sync - {"script":"<script> [8489 bytes]","args":[{"element-6066-11e4-a52e-4f735466cecf":"f.5D121FC7909F200889B59C01A2F655FF.d.A20BE6988ECCCF4194C59803903D068A.e.995","ELEMENT":"f.5D121FC7909F200889B59C01A2F655FF.d.A20BE6988ECCCF4194C59803903D068A.e.995"}]}
COMMAND: GET /session/85be7df00c2941df1715a768c51ad8f5/screenshot - {}
RESULT: {}
RESULT: {"script":"<script> [8489 bytes]","args":[{"element-6066-11e4-a52e-4f735466cecf":"f.5D121FC7909F200889B59C01A2F655FF.d.A20BE6988ECCCF4194C59803903D068A.e.995","ELEMENT":"f.5D121FC7909F200889B59C01A2F655FF.d.A20BE6988ECCCF4194C59803903D068A.e.995"}]}
COMMAND: POST /session/85be7df00c2941df1715a768c51ad8f5/execute/sync - {"script":"<script> [5351 bytes]","args":[{"element-6066-11e4-a52e-4f735466cecf":"f.5D121FC7909F200889B59C01A2F655FF.d.A20BE6988ECCCF4194C59803903D068A.e.995","ELEMENT":"f.5D121FC7909F200889B59C01A2F655FF.d.A20BE6988ECCCF4194C59803903D068A.e.995"}]}
COMMAND: GET /session/85be7df00c2941df1715a768c51ad8f5/screenshot - {}
RESULT: {}
RESULT: {"script":"<script> [5351 bytes]","args":[{"element-6066-11e4-a52e-4f735466cecf":"f.5D121FC7909F200889B59C01A2F655FF.d.A20BE6988ECCCF4194C59803903D068A.e.995","ELEMENT":"f.5D121FC7909F200889B59C01A2F655FF.d.A20BE6988ECCCF4194C59803903D068A.e.995"}]}
COMMAND: POST /session/85be7df00c2941df1715a768c51ad8f5/element/f.5D121FC7909F200889B59C01A2F655FF.d.A20BE6988ECCCF4194C59803903D068A.e.995/click - {}
COMMAND: GET /session/85be7df00c2941df1715a768c51ad8f5/screenshot - {}
RESULT: {}
RESULT: {}
COMMAND: GET /session/85be7df00c2941df1715a768c51ad8f5/screenshot - {}
RESULT: {}
RESULT: {}
COMMAND: POST /session/85be7df00c2941df1715a768c51ad8f5/execute/async - {"script":"<script> [1562 bytes]","args":[{"selector":{"id":"application-managepartners-display-component---NewPartner--addressDetailDetailsName1","interaction":{"idSuffix":"inner"}},"wdio_ui5_key":"applicationmanagepartners-display-component---NewPartner--addressDetailDetailsName1"}]}
RESULT: {"script":"<script> [1562 bytes]","args":[{"selector":{"id":"application-managepartners-display-component---NewPartner--addressDetailDetailsName1","interaction":{"idSuffix":"inner"}},"wdio_ui5_key":"applicationmanagepartners-display-component---NewPartner--addressDetailDetailsName1"}]}
RESULT: undefined
COMMAND: POST /session/85be7df00c2941df1715a768c51ad8f5/execute/async - {"script":"<script> [776 bytes]","args":[{"enterText":"External Partner WDIO","selector":{"id":"application-managepartners-display-component---NewPartner--addressDetailDetailsName1","interaction":{"idSuffix":"inner"}},"clearTextFirst":true,"interactionType":"ENTER_TEXT"}]}
RESULT: {"script":"<script> [776 bytes]","args":[{"enterText":"External Partner WDIO","selector":{"id":"application-managepartners-display-component---NewPartner--addressDetailDetailsName1","interaction":{"idSuffix":"inner"}},"clearTextFirst":true,"interactionType":"ENTER_TEXT"}]}
COMMAND: POST /session/85be7df00c2941df1715a768c51ad8f5/execute/async - {"script":"<script> [1562 bytes]","args":[{"selector":{"id":"application-managepartners-display-component---NewPartner--addressDetailDetailsLanguage-arrow"},"wdio_ui5_key":"applicationmanagepartners-display-component---NewPartner--addressDetailDetailsLanguage-arrow"}]}
RESULT: {"script":"<script> [1562 bytes]","args":[{"selector":{"id":"application-managepartners-display-component---NewPartner--addressDetailDetailsLanguage-arrow"},"wdio_ui5_key":"applicationmanagepartners-display-component---NewPartner--addressDetailDetailsLanguage-arrow"}]}
RESULT: undefined
COMMAND: POST /session/85be7df00c2941df1715a768c51ad8f5/element - {"using":"xpath","value":"//*[@id=\"application-managepartners-display-component---NewPartner--addressDetailDetailsLanguage-arrow\"]"}
RESULT: {"using":"xpath","value":"//*[@id=\"application-managepartners-display-component---NewPartner--addressDetailDetailsLanguage-arrow\"]"}
COMMAND: POST /session/85be7df00c2941df1715a768c51ad8f5/element/f.5D121FC7909F200889B59C01A2F655FF.d.A20BE6988ECCCF4194C59803903D068A.e.1384/click - {}
RESULT: {}
COMMAND: POST /session/85be7df00c2941df1715a768c51ad8f5/element - {"using":"xpath","value":"//span[contains(text(), \"English\")]"}
COMMAND: GET /session/85be7df00c2941df1715a768c51ad8f5/screenshot - {}
RESULT: {"using":"xpath","value":"//span[contains(text(), \"English\")]"}
COMMAND: POST /session/85be7df00c2941df1715a768c51ad8f5/element/f.5D121FC7909F200889B59C01A2F655FF.d.A20BE6988ECCCF4194C59803903D068A.e.1385/click - {}
RESULT: {}
RESULT: {}
COMMAND: GET /session/85be7df00c2941df1715a768c51ad8f5/screenshot - {}
RESULT: {}
COMMAND: POST /session/85be7df00c2941df1715a768c51ad8f5/execute/async - {"script":"<script> [1562 bytes]","args":[{"selector":{"id":"application-managepartners-display-component---NewPartner--addressDetailDetailsCity1","interaction":{"idSuffix":"inner"}},"wdio_ui5_key":"applicationmanagepartners-display-component---NewPartner--addressDetailDetailsCity1"}]}
RESULT: {"script":"<script> [1562 bytes]","args":[{"selector":{"id":"application-managepartners-display-component---NewPartner--addressDetailDetailsCity1","interaction":{"idSuffix":"inner"}},"wdio_ui5_key":"applicationmanagepartners-display-component---NewPartner--addressDetailDetailsCity1"}]}
RESULT: undefined
COMMAND: POST /session/85be7df00c2941df1715a768c51ad8f5/execute/async - {"script":"<script> [776 bytes]","args":[{"enterText":"Rosario","selector":{"id":"application-managepartners-display-component---NewPartner--addressDetailDetailsCity1","interaction":{"idSuffix":"inner"}},"clearTextFirst":true,"interactionType":"ENTER_TEXT"}]}
RESULT: {"script":"<script> [776 bytes]","args":[{"enterText":"Rosario","selector":{"id":"application-managepartners-display-component---NewPartner--addressDetailDetailsCity1","interaction":{"idSuffix":"inner"}},"clearTextFirst":true,"interactionType":"ENTER_TEXT"}]}
COMMAND: POST /session/85be7df00c2941df1715a768c51ad8f5/execute/async - {"script":"<script> [1562 bytes]","args":[{"selector":{"id":"application-managepartners-display-component---NewPartner--addressDetailDetailsCountry-arrow"},"wdio_ui5_key":"applicationmanagepartners-display-component---NewPartner--addressDetailDetailsCountry-arrow"}]}
RESULT: {"script":"<script> [1562 bytes]","args":[{"selector":{"id":"application-managepartners-display-component---NewPartner--addressDetailDetailsCountry-arrow"},"wdio_ui5_key":"applicationmanagepartners-display-component---NewPartner--addressDetailDetailsCountry-arrow"}]}
RESULT: undefined
COMMAND: POST /session/85be7df00c2941df1715a768c51ad8f5/element - {"using":"xpath","value":"//*[@id=\"application-managepartners-display-component---NewPartner--addressDetailDetailsCountry-arrow\"]"}
RESULT: {"using":"xpath","value":"//*[@id=\"application-managepartners-display-component---NewPartner--addressDetailDetailsCountry-arrow\"]"}
COMMAND: POST /session/85be7df00c2941df1715a768c51ad8f5/element/f.5D121FC7909F200889B59C01A2F655FF.d.A20BE6988ECCCF4194C59803903D068A.e.1373/click - {}
RESULT: {}
COMMAND: POST /session/85be7df00c2941df1715a768c51ad8f5/element - {"using":"xpath","value":"//span[contains(text(), \"Argentina\")]"}
COMMAND: GET /session/85be7df00c2941df1715a768c51ad8f5/screenshot - {}
RESULT: {"using":"xpath","value":"//span[contains(text(), \"Argentina\")]"}
COMMAND: POST /session/85be7df00c2941df1715a768c51ad8f5/element/f.5D121FC7909F200889B59C01A2F655FF.d.A20BE6988ECCCF4194C59803903D068A.e.1387/click - {}
RESULT: {}
RESULT: {}
COMMAND: GET /session/85be7df00c2941df1715a768c51ad8f5/screenshot - {}
RESULT: {}
COMMAND: POST /session/85be7df00c2941df1715a768c51ad8f5/element - {"using":"xpath","value":"//bdi[contains(text(), \"Commercial\")]"}
RESULT: {"using":"xpath","value":"//bdi[contains(text(), \"Commercial\")]"}
COMMAND: POST /session/85be7df00c2941df1715a768c51ad8f5/element/f.5D121FC7909F200889B59C01A2F655FF.d.A20BE6988ECCCF4194C59803903D068A.e.1388/click - {}
RESULT: {}
COMMAND: GET /session/85be7df00c2941df1715a768c51ad8f5/screenshot - {}
RESULT: {}
COMMAND: POST /session/85be7df00c2941df1715a768c51ad8f5/execute/async - {"script":"<script> [1562 bytes]","args":[{"selector":{"id":"application-managepartners-display-component---NewPartner--partnerDetailInternal-arrow"},"wdio_ui5_key":"applicationmanagepartners-display-component---NewPartner--partnerDetailInternal-arrow"}]}
RESULT: {"script":"<script> [1562 bytes]","args":[{"selector":{"id":"application-managepartners-display-component---NewPartner--partnerDetailInternal-arrow"},"wdio_ui5_key":"applicationmanagepartners-display-component---NewPartner--partnerDetailInternal-arrow"}]}
RESULT: undefined
COMMAND: POST /session/85be7df00c2941df1715a768c51ad8f5/element - {"using":"xpath","value":"//*[@id=\"application-managepartners-display-component---NewPartner--partnerDetailInternal-arrow\"]"}
RESULT: {"using":"xpath","value":"//*[@id=\"application-managepartners-display-component---NewPartner--partnerDetailInternal-arrow\"]"}
COMMAND: POST /session/85be7df00c2941df1715a768c51ad8f5/element/f.5D121FC7909F200889B59C01A2F655FF.d.A20BE6988ECCCF4194C59803903D068A.e.1394/click - {}
RESULT: {}
COMMAND: POST /session/85be7df00c2941df1715a768c51ad8f5/element - {"using":"xpath","value":"//span[contains(text(), \"External partner\")]"}
COMMAND: GET /session/85be7df00c2941df1715a768c51ad8f5/screenshot - {}
RESULT: {"using":"xpath","value":"//span[contains(text(), \"External partner\")]"}
COMMAND: POST /session/85be7df00c2941df1715a768c51ad8f5/element/f.5D121FC7909F200889B59C01A2F655FF.d.A20BE6988ECCCF4194C59803903D068A.e.1395/click - {}
RESULT: {}
RESULT: {}
COMMAND: POST /session/85be7df00c2941df1715a768c51ad8f5/execute/async - {"script":"<script> [1562 bytes]","args":[{"selector":{"id":"application-managepartners-display-component---NewPartner--partnerDetailsCurrency-arrow"},"wdio_ui5_key":"applicationmanagepartners-display-component---NewPartner--partnerDetailsCurrency-arrow"}]}
COMMAND: GET /session/85be7df00c2941df1715a768c51ad8f5/screenshot - {}
RESULT: {"script":"<script> [1562 bytes]","args":[{"selector":{"id":"application-managepartners-display-component---NewPartner--partnerDetailsCurrency-arrow"},"wdio_ui5_key":"applicationmanagepartners-display-component---NewPartner--partnerDetailsCurrency-arrow"}]}
RESULT: undefined
COMMAND: POST /session/85be7df00c2941df1715a768c51ad8f5/element - {"using":"xpath","value":"//*[@id=\"application-managepartners-display-component---NewPartner--partnerDetailsCurrency-arrow\"]"}
RESULT: {}
RESULT: {"using":"xpath","value":"//*[@id=\"application-managepartners-display-component---NewPartner--partnerDetailsCurrency-arrow\"]"}
COMMAND: POST /session/85be7df00c2941df1715a768c51ad8f5/element/f.5D121FC7909F200889B59C01A2F655FF.d.A20BE6988ECCCF4194C59803903D068A.e.1400/click - {}
RESULT: {}
COMMAND: POST /session/85be7df00c2941df1715a768c51ad8f5/element - {"using":"xpath","value":"//span[contains(text(), \"US Dollar\")]"}
COMMAND: GET /session/85be7df00c2941df1715a768c51ad8f5/screenshot - {}
RESULT: {"using":"xpath","value":"//span[contains(text(), \"US Dollar\")]"}
COMMAND: POST /session/85be7df00c2941df1715a768c51ad8f5/element/f.5D121FC7909F200889B59C01A2F655FF.d.A20BE6988ECCCF4194C59803903D068A.e.1401/click - {}
RESULT: {}
RESULT: {}
COMMAND: GET /session/85be7df00c2941df1715a768c51ad8f5/screenshot - {}
RESULT: {}
COMMAND: POST /session/85be7df00c2941df1715a768c51ad8f5/element - {"using":"xpath","value":"//input[@id=\"application-managepartners-display-component---NewPartner--companyCodeComboBox-inner\"]"}
RESULT: {"using":"xpath","value":"//input[@id=\"application-managepartners-display-component---NewPartner--companyCodeComboBox-inner\"]"}
COMMAND: POST /session/85be7df00c2941df1715a768c51ad8f5/element/f.5D121FC7909F200889B59C01A2F655FF.d.A20BE6988ECCCF4194C59803903D068A.e.1246/clear - {}
RESULT: {}
COMMAND: POST /session/85be7df00c2941df1715a768c51ad8f5/element/f.5D121FC7909F200889B59C01A2F655FF.d.A20BE6988ECCCF4194C59803903D068A.e.1246/value - {"text":"C002"}
COMMAND: GET /session/85be7df00c2941df1715a768c51ad8f5/screenshot - {}
RESULT: {}
RESULT: {"text":"C002"}
COMMAND: GET /session/85be7df00c2941df1715a768c51ad8f5/screenshot - {}
RESULT: {}
COMMAND: POST /session/85be7df00c2941df1715a768c51ad8f5/element - {"using":"xpath","value":"//li[.//span[text()= \"C002\"]]"}
RESULT: {"using":"xpath","value":"//li[.//span[text()= \"C002\"]]"}
COMMAND: POST /session/85be7df00c2941df1715a768c51ad8f5/element/f.5D121FC7909F200889B59C01A2F655FF.d.A20BE6988ECCCF4194C59803903D068A.e.1405/click - {}
RESULT: {}
COMMAND: GET /session/85be7df00c2941df1715a768c51ad8f5/screenshot - {}
RESULT: {}
COMMAND: POST /session/85be7df00c2941df1715a768c51ad8f5/execute/async - {"script":"<script> [1562 bytes]","args":[{"selector":{"id":"application-managepartners-display-component---NewPartner--btnAddTableRow-img"},"wdio_ui5_key":"applicationmanagepartners-display-component---NewPartner--btnAddTableRow-img"}]}
RESULT: {"script":"<script> [1562 bytes]","args":[{"selector":{"id":"application-managepartners-display-component---NewPartner--btnAddTableRow-img"},"wdio_ui5_key":"applicationmanagepartners-display-component---NewPartner--btnAddTableRow-img"}]}
RESULT: undefined
COMMAND: POST /session/85be7df00c2941df1715a768c51ad8f5/element - {"using":"xpath","value":"//*[@id=\"application-managepartners-display-component---NewPartner--btnAddTableRow-img\"]"}
RESULT: {"using":"xpath","value":"//*[@id=\"application-managepartners-display-component---NewPartner--btnAddTableRow-img\"]"}
COMMAND: POST /session/85be7df00c2941df1715a768c51ad8f5/element/f.5D121FC7909F200889B59C01A2F655FF.d.A20BE6988ECCCF4194C59803903D068A.e.1406/click - {}
RESULT: {}
COMMAND: GET /session/85be7df00c2941df1715a768c51ad8f5/screenshot - {}
RESULT: {}
COMMAND: POST /session/85be7df00c2941df1715a768c51ad8f5/element - {"using":"xpath","value":"//input[@id=\"application-managepartners-display-component---NewPartner--assignmentYard-application-managepartners-display-component---NewPartner--assignmentsTable-0-inner\"]"}
RESULT: {"using":"xpath","value":"//input[@id=\"application-managepartners-display-component---NewPartner--assignmentYard-application-managepartners-display-component---NewPartner--assignmentsTable-0-inner\"]"}
COMMAND: POST /session/85be7df00c2941df1715a768c51ad8f5/element/f.5D121FC7909F200889B59C01A2F655FF.d.A20BE6988ECCCF4194C59803903D068A.e.1409/clear - {}
RESULT: {}
COMMAND: POST /session/85be7df00c2941df1715a768c51ad8f5/element/f.5D121FC7909F200889B59C01A2F655FF.d.A20BE6988ECCCF4194C59803903D068A.e.1409/value - {"text":"221"}
COMMAND: GET /session/85be7df00c2941df1715a768c51ad8f5/screenshot - {}
RESULT: {"text":"221"}
COMMAND: GET /session/85be7df00c2941df1715a768c51ad8f5/screenshot - {}
RESULT: {}
RESULT: {}
COMMAND: POST /session/85be7df00c2941df1715a768c51ad8f5/element - {"using":"xpath","value":"//li[.//span[text()='221']]"}
RESULT: {"using":"xpath","value":"//li[.//span[text()='221']]"}
COMMAND: POST /session/85be7df00c2941df1715a768c51ad8f5/element/f.5D121FC7909F200889B59C01A2F655FF.d.A20BE6988ECCCF4194C59803903D068A.e.1417/click - {}
RESULT: {}
COMMAND: GET /session/85be7df00c2941df1715a768c51ad8f5/screenshot - {}
RESULT: {}
COMMAND: POST /session/85be7df00c2941df1715a768c51ad8f5/actions - {"actions":[{"id":"action2","type":"key","parameters":{},"actions":[{"type":"keyDown","value":""},{"type":"pause","duration":10},{"type":"keyUp","value":""}]}]}
RESULT: {"actions":[{"id":"action2","type":"key","parameters":{},"actions":[{"type":"keyDown","value":""},{"type":"pause","duration":10},{"type":"keyUp","value":""}]}]}
COMMAND: POST /session/85be7df00c2941df1715a768c51ad8f5/element - {"using":"xpath","value":"//td[contains(@id, \"assignmentsTable-0-cell2\")]/div/div"}
COMMAND: GET /session/85be7df00c2941df1715a768c51ad8f5/screenshot - {}
RESULT: {"using":"xpath","value":"//td[contains(@id, \"assignmentsTable-0-cell2\")]/div/div"}
COMMAND: POST /session/85be7df00c2941df1715a768c51ad8f5/element/f.5D121FC7909F200889B59C01A2F655FF.d.A20BE6988ECCCF4194C59803903D068A.e.1420/click - {}
RESULT: {}
RESULT: {}
COMMAND: GET /session/85be7df00c2941df1715a768c51ad8f5/screenshot - {}
RESULT: {}
COMMAND: POST /session/85be7df00c2941df1715a768c51ad8f5/element - {"using":"xpath","value":"//button[@data-kt=\"saveButton\"]"}
RESULT: {"using":"xpath","value":"//button[@data-kt=\"saveButton\"]"}
COMMAND: POST /session/85be7df00c2941df1715a768c51ad8f5/element/f.5D121FC7909F200889B59C01A2F655FF.d.A20BE6988ECCCF4194C59803903D068A.e.1323/click - {}
RESULT: {}
COMMAND: GET /session/85be7df00c2941df1715a768c51ad8f5/screenshot - {}
RESULT: {}
COMMAND: POST /session/85be7df00c2941df1715a768c51ad8f5/element - {"using":"xpath","value":"//header[contains(@id, 'ObjectPageLayout-headerTitle')]/div[1]/div[2]/div[2]/span[1]"}
RESULT: {"using":"xpath","value":"//header[contains(@id, 'ObjectPageLayout-headerTitle')]/div[1]/div[2]/div[2]/span[1]"}
COMMAND: POST /session/85be7df00c2941df1715a768c51ad8f5/elements - {"using":"xpath","value":"//header[contains(@id, 'ObjectPageLayout-headerTitle')]/div[1]/div[2]/div[2]/span[1]"}
RESULT: {"using":"xpath","value":"//header[contains(@id, 'ObjectPageLayout-headerTitle')]/div[1]/div[2]/div[2]/span[1]"}
COMMAND: POST /session/85be7df00c2941df1715a768c51ad8f5/execute/sync - {"script":"<script> [56 bytes]","args":[{"element-6066-11e4-a52e-4f735466cecf":"f.5D121FC7909F200889B59C01A2F655FF.d.A20BE6988ECCCF4194C59803903D068A.e.1550","ELEMENT":"f.5D121FC7909F200889B59C01A2F655FF.d.A20BE6988ECCCF4194C59803903D068A.e.1550"}]}
RESULT: {"script":"<script> [56 bytes]","args":[{"element-6066-11e4-a52e-4f735466cecf":"f.5D121FC7909F200889B59C01A2F655FF.d.A20BE6988ECCCF4194C59803903D068A.e.1550","ELEMENT":"f.5D121FC7909F200889B59C01A2F655FF.d.A20BE6988ECCCF4194C59803903D068A.e.1550"}]}
COMMAND: POST /session/85be7df00c2941df1715a768c51ad8f5/element - {"using":"css selector","value":"#shell-header-logo"}
COMMAND: GET /session/85be7df00c2941df1715a768c51ad8f5/screenshot - {}
RESULT: {"using":"css selector","value":"#shell-header-logo"}
COMMAND: POST /session/85be7df00c2941df1715a768c51ad8f5/element/f.5D121FC7909F200889B59C01A2F655FF.d.A20BE6988ECCCF4194C59803903D068A.e.961/click - {}
RESULT: {}
RESULT: {}
COMMAND: GET /session/85be7df00c2941df1715a768c51ad8f5/screenshot - {}
RESULT: {}
COMMAND: POST /session/85be7df00c2941df1715a768c51ad8f5/execute/sync - {"script":"<script> [299 bytes]","args":[["getModel","getResource"]]}
RESULT: {"script":"<script> [299 bytes]","args":[["getModel","getResource"]]}
]]></system-out>
    </testcase>
    <testcase classname="chrome.136_0_7103_93.windows.Stock_increase_-_with_WHM_US125587" name="Should create a new WHM site" time="161.579">
      <system-out><![CDATA[
COMMAND: GET /session/85be7df00c2941df1715a768c51ad8f5/screenshot - {}
COMMAND: POST /session/85be7df00c2941df1715a768c51ad8f5/execute/async - {"script":"<script> [1562 bytes]","args":[{"selector":{"controlType":"sap.m.GenericTile","properties":{"header":"Manage Sites"}},"wdio_ui5_key":"sapm.GenericTile{\"header\":\"Manage Sites\"}"}]}
RESULT: {}
RESULT: {"script":"<script> [1562 bytes]","args":[{"selector":{"controlType":"sap.m.GenericTile","properties":{"header":"Manage Sites"}},"wdio_ui5_key":"sapm.GenericTile{\"header\":\"Manage Sites\"}"}]}
RESULT: undefined
COMMAND: POST /session/85be7df00c2941df1715a768c51ad8f5/element - {"using":"xpath","value":"//*[@id=\"__tile40\"]"}
RESULT: {"using":"xpath","value":"//*[@id=\"__tile40\"]"}
COMMAND: POST /session/85be7df00c2941df1715a768c51ad8f5/element/f.5D121FC7909F200889B59C01A2F655FF.d.A20BE6988ECCCF4194C59803903D068A.e.115/click - {}
RESULT: {}
COMMAND: GET /session/85be7df00c2941df1715a768c51ad8f5/screenshot - {}
RESULT: {}
COMMAND: POST /session/85be7df00c2941df1715a768c51ad8f5/elements - {"using":"xpath","value":"//span[text()='Error']"}
RESULT: {"using":"xpath","value":"//span[text()='Error']"}
COMMAND: POST /session/85be7df00c2941df1715a768c51ad8f5/element - {"using":"xpath","value":"//button[@data-kt=\"addOverflowToolbarButton\"]"}
RESULT: {"using":"xpath","value":"//button[@data-kt=\"addOverflowToolbarButton\"]"}
COMMAND: POST /session/85be7df00c2941df1715a768c51ad8f5/elements - {"using":"xpath","value":"//button[@data-kt=\"addOverflowToolbarButton\"]"}
RESULT: {"using":"xpath","value":"//button[@data-kt=\"addOverflowToolbarButton\"]"}
COMMAND: POST /session/85be7df00c2941df1715a768c51ad8f5/execute/sync - {"script":"<script> [8489 bytes]","args":[{"element-6066-11e4-a52e-4f735466cecf":"f.5D121FC7909F200889B59C01A2F655FF.d.A20BE6988ECCCF4194C59803903D068A.e.1598","ELEMENT":"f.5D121FC7909F200889B59C01A2F655FF.d.A20BE6988ECCCF4194C59803903D068A.e.1598"}]}
RESULT: {"script":"<script> [8489 bytes]","args":[{"element-6066-11e4-a52e-4f735466cecf":"f.5D121FC7909F200889B59C01A2F655FF.d.A20BE6988ECCCF4194C59803903D068A.e.1598","ELEMENT":"f.5D121FC7909F200889B59C01A2F655FF.d.A20BE6988ECCCF4194C59803903D068A.e.1598"}]}
COMMAND: GET /session/85be7df00c2941df1715a768c51ad8f5/element/f.5D121FC7909F200889B59C01A2F655FF.d.A20BE6988ECCCF4194C59803903D068A.e.1598/enabled - {}
COMMAND: GET /session/85be7df00c2941df1715a768c51ad8f5/screenshot - {}
RESULT: {}
COMMAND: POST /session/85be7df00c2941df1715a768c51ad8f5/execute/sync - {"script":"<script> [8489 bytes]","args":[{"element-6066-11e4-a52e-4f735466cecf":"f.5D121FC7909F200889B59C01A2F655FF.d.A20BE6988ECCCF4194C59803903D068A.e.1598","ELEMENT":"f.5D121FC7909F200889B59C01A2F655FF.d.A20BE6988ECCCF4194C59803903D068A.e.1598"}]}
COMMAND: GET /session/85be7df00c2941df1715a768c51ad8f5/screenshot - {}
RESULT: {}
RESULT: {"script":"<script> [8489 bytes]","args":[{"element-6066-11e4-a52e-4f735466cecf":"f.5D121FC7909F200889B59C01A2F655FF.d.A20BE6988ECCCF4194C59803903D068A.e.1598","ELEMENT":"f.5D121FC7909F200889B59C01A2F655FF.d.A20BE6988ECCCF4194C59803903D068A.e.1598"}]}
COMMAND: POST /session/85be7df00c2941df1715a768c51ad8f5/execute/sync - {"script":"<script> [5351 bytes]","args":[{"element-6066-11e4-a52e-4f735466cecf":"f.5D121FC7909F200889B59C01A2F655FF.d.A20BE6988ECCCF4194C59803903D068A.e.1598","ELEMENT":"f.5D121FC7909F200889B59C01A2F655FF.d.A20BE6988ECCCF4194C59803903D068A.e.1598"}]}
COMMAND: GET /session/85be7df00c2941df1715a768c51ad8f5/screenshot - {}
RESULT: {}
RESULT: {"script":"<script> [5351 bytes]","args":[{"element-6066-11e4-a52e-4f735466cecf":"f.5D121FC7909F200889B59C01A2F655FF.d.A20BE6988ECCCF4194C59803903D068A.e.1598","ELEMENT":"f.5D121FC7909F200889B59C01A2F655FF.d.A20BE6988ECCCF4194C59803903D068A.e.1598"}]}
COMMAND: POST /session/85be7df00c2941df1715a768c51ad8f5/element/f.5D121FC7909F200889B59C01A2F655FF.d.A20BE6988ECCCF4194C59803903D068A.e.1598/click - {}
COMMAND: GET /session/85be7df00c2941df1715a768c51ad8f5/screenshot - {}
RESULT: {}
RESULT: {}
COMMAND: GET /session/85be7df00c2941df1715a768c51ad8f5/screenshot - {}
COMMAND: POST /session/85be7df00c2941df1715a768c51ad8f5/element - {"using":"xpath","value":"//input[@id=\"application-managesites-display-component---NewSite--siteId-inner\"]"}
RESULT: {}
RESULT: {}
RESULT: {"using":"xpath","value":"//input[@id=\"application-managesites-display-component---NewSite--siteId-inner\"]"}
COMMAND: POST /session/85be7df00c2941df1715a768c51ad8f5/element - {"using":"xpath","value":"//input[@id=\"application-managesites-display-component---NewSite--siteId-inner\"]"}
RESULT: {"using":"xpath","value":"//input[@id=\"application-managesites-display-component---NewSite--siteId-inner\"]"}
COMMAND: POST /session/85be7df00c2941df1715a768c51ad8f5/execute/async - {"script":"<script> [1562 bytes]","args":[{"selector":{"id":"application-managesites-display-component---NewSite--addressDetailDetailsName1","interaction":{"idSuffix":"inner"}},"wdio_ui5_key":"applicationmanagesites-display-component---NewSite--addressDetailDetailsName1"}]}
RESULT: {"script":"<script> [1562 bytes]","args":[{"selector":{"id":"application-managesites-display-component---NewSite--addressDetailDetailsName1","interaction":{"idSuffix":"inner"}},"wdio_ui5_key":"applicationmanagesites-display-component---NewSite--addressDetailDetailsName1"}]}
RESULT: undefined
COMMAND: POST /session/85be7df00c2941df1715a768c51ad8f5/execute/async - {"script":"<script> [776 bytes]","args":[{"enterText":"Warehouse Managed Site WDIO","selector":{"id":"application-managesites-display-component---NewSite--addressDetailDetailsName1","interaction":{"idSuffix":"inner"}},"clearTextFirst":true,"interactionType":"ENTER_TEXT"}]}
RESULT: {"script":"<script> [776 bytes]","args":[{"enterText":"Warehouse Managed Site WDIO","selector":{"id":"application-managesites-display-component---NewSite--addressDetailDetailsName1","interaction":{"idSuffix":"inner"}},"clearTextFirst":true,"interactionType":"ENTER_TEXT"}]}
COMMAND: POST /session/85be7df00c2941df1715a768c51ad8f5/execute/async - {"script":"<script> [1562 bytes]","args":[{"selector":{"id":"application-managesites-display-component---NewSite--addressDetailDetailsLanguage-arrow"},"wdio_ui5_key":"applicationmanagesites-display-component---NewSite--addressDetailDetailsLanguage-arrow"}]}
RESULT: {"script":"<script> [1562 bytes]","args":[{"selector":{"id":"application-managesites-display-component---NewSite--addressDetailDetailsLanguage-arrow"},"wdio_ui5_key":"applicationmanagesites-display-component---NewSite--addressDetailDetailsLanguage-arrow"}]}
RESULT: undefined
COMMAND: POST /session/85be7df00c2941df1715a768c51ad8f5/element - {"using":"xpath","value":"//*[@id=\"application-managesites-display-component---NewSite--addressDetailDetailsLanguage-arrow\"]"}
RESULT: {"using":"xpath","value":"//*[@id=\"application-managesites-display-component---NewSite--addressDetailDetailsLanguage-arrow\"]"}
COMMAND: POST /session/85be7df00c2941df1715a768c51ad8f5/element/f.5D121FC7909F200889B59C01A2F655FF.d.A20BE6988ECCCF4194C59803903D068A.e.2179/click - {}
RESULT: {}
COMMAND: POST /session/85be7df00c2941df1715a768c51ad8f5/element - {"using":"xpath","value":"//span[contains(text(), \"English\")]"}
COMMAND: GET /session/85be7df00c2941df1715a768c51ad8f5/screenshot - {}
RESULT: {"using":"xpath","value":"//span[contains(text(), \"English\")]"}
COMMAND: POST /session/85be7df00c2941df1715a768c51ad8f5/element/f.5D121FC7909F200889B59C01A2F655FF.d.A20BE6988ECCCF4194C59803903D068A.e.2180/click - {}
RESULT: {}
RESULT: {}
COMMAND: POST /session/85be7df00c2941df1715a768c51ad8f5/execute/async - {"script":"<script> [1562 bytes]","args":[{"selector":{"id":"application-managesites-display-component---NewSite--addressDetailDetailsCity1","interaction":{"idSuffix":"inner"}},"wdio_ui5_key":"applicationmanagesites-display-component---NewSite--addressDetailDetailsCity1"}]}
COMMAND: GET /session/85be7df00c2941df1715a768c51ad8f5/screenshot - {}
RESULT: {"script":"<script> [1562 bytes]","args":[{"selector":{"id":"application-managesites-display-component---NewSite--addressDetailDetailsCity1","interaction":{"idSuffix":"inner"}},"wdio_ui5_key":"applicationmanagesites-display-component---NewSite--addressDetailDetailsCity1"}]}
RESULT: undefined
COMMAND: POST /session/85be7df00c2941df1715a768c51ad8f5/execute/async - {"script":"<script> [776 bytes]","args":[{"enterText":"Rosario","selector":{"id":"application-managesites-display-component---NewSite--addressDetailDetailsCity1","interaction":{"idSuffix":"inner"}},"clearTextFirst":true,"interactionType":"ENTER_TEXT"}]}
RESULT: {}
RESULT: {"script":"<script> [776 bytes]","args":[{"enterText":"Rosario","selector":{"id":"application-managesites-display-component---NewSite--addressDetailDetailsCity1","interaction":{"idSuffix":"inner"}},"clearTextFirst":true,"interactionType":"ENTER_TEXT"}]}
COMMAND: POST /session/85be7df00c2941df1715a768c51ad8f5/execute/async - {"script":"<script> [1562 bytes]","args":[{"selector":{"id":"application-managesites-display-component---NewSite--addressDetailDetailsCountry-arrow"},"wdio_ui5_key":"applicationmanagesites-display-component---NewSite--addressDetailDetailsCountry-arrow"}]}
RESULT: {"script":"<script> [1562 bytes]","args":[{"selector":{"id":"application-managesites-display-component---NewSite--addressDetailDetailsCountry-arrow"},"wdio_ui5_key":"applicationmanagesites-display-component---NewSite--addressDetailDetailsCountry-arrow"}]}
RESULT: undefined
COMMAND: POST /session/85be7df00c2941df1715a768c51ad8f5/element - {"using":"xpath","value":"//*[@id=\"application-managesites-display-component---NewSite--addressDetailDetailsCountry-arrow\"]"}
RESULT: {"using":"xpath","value":"//*[@id=\"application-managesites-display-component---NewSite--addressDetailDetailsCountry-arrow\"]"}
COMMAND: POST /session/85be7df00c2941df1715a768c51ad8f5/element/f.5D121FC7909F200889B59C01A2F655FF.d.A20BE6988ECCCF4194C59803903D068A.e.2182/click - {}
RESULT: {}
COMMAND: POST /session/85be7df00c2941df1715a768c51ad8f5/element - {"using":"xpath","value":"//span[contains(text(), \"Argentina\")]"}
COMMAND: GET /session/85be7df00c2941df1715a768c51ad8f5/screenshot - {}
RESULT: {"using":"xpath","value":"//span[contains(text(), \"Argentina\")]"}
COMMAND: POST /session/85be7df00c2941df1715a768c51ad8f5/element/f.5D121FC7909F200889B59C01A2F655FF.d.A20BE6988ECCCF4194C59803903D068A.e.2184/click - {}
RESULT: {}
RESULT: {}
COMMAND: GET /session/85be7df00c2941df1715a768c51ad8f5/screenshot - {}
RESULT: {}
COMMAND: POST /session/85be7df00c2941df1715a768c51ad8f5/execute/async - {"script":"<script> [1562 bytes]","args":[{"selector":{"id":"application-managesites-display-component---NewSite--addressEditDetailsCostObjectCstType-arrow"},"wdio_ui5_key":"applicationmanagesites-display-component---NewSite--addressEditDetailsCostObjectCstType-arrow"}]}
RESULT: {"script":"<script> [1562 bytes]","args":[{"selector":{"id":"application-managesites-display-component---NewSite--addressEditDetailsCostObjectCstType-arrow"},"wdio_ui5_key":"applicationmanagesites-display-component---NewSite--addressEditDetailsCostObjectCstType-arrow"}]}
RESULT: undefined
COMMAND: POST /session/85be7df00c2941df1715a768c51ad8f5/element - {"using":"xpath","value":"//*[@id=\"application-managesites-display-component---NewSite--addressEditDetailsCostObjectCstType-arrow\"]"}
RESULT: {"using":"xpath","value":"//*[@id=\"application-managesites-display-component---NewSite--addressEditDetailsCostObjectCstType-arrow\"]"}
COMMAND: POST /session/85be7df00c2941df1715a768c51ad8f5/element/f.5D121FC7909F200889B59C01A2F655FF.d.A20BE6988ECCCF4194C59803903D068A.e.2185/click - {}
RESULT: {}
COMMAND: POST /session/85be7df00c2941df1715a768c51ad8f5/element - {"using":"xpath","value":"//span[contains(text(), \"Cost Center\")]"}
COMMAND: GET /session/85be7df00c2941df1715a768c51ad8f5/screenshot - {}
RESULT: {"using":"xpath","value":"//span[contains(text(), \"Cost Center\")]"}
COMMAND: POST /session/85be7df00c2941df1715a768c51ad8f5/element/f.5D121FC7909F200889B59C01A2F655FF.d.A20BE6988ECCCF4194C59803903D068A.e.2186/click - {}
RESULT: {}
RESULT: {}
COMMAND: GET /session/85be7df00c2941df1715a768c51ad8f5/screenshot - {}
RESULT: {}
COMMAND: POST /session/85be7df00c2941df1715a768c51ad8f5/element - {"using":"xpath","value":"//span[@id=\"application-managesites-display-component---NewSite--addressNewCostObjectCstID-vhi\"]"}
RESULT: {"using":"xpath","value":"//span[@id=\"application-managesites-display-component---NewSite--addressNewCostObjectCstID-vhi\"]"}
COMMAND: POST /session/85be7df00c2941df1715a768c51ad8f5/execute/sync - {"script":"<script> [8489 bytes]","args":[{"element-6066-11e4-a52e-4f735466cecf":"f.5D121FC7909F200889B59C01A2F655FF.d.A20BE6988ECCCF4194C59803903D068A.e.2191","ELEMENT":"f.5D121FC7909F200889B59C01A2F655FF.d.A20BE6988ECCCF4194C59803903D068A.e.2191"}]}
RESULT: {"script":"<script> [8489 bytes]","args":[{"element-6066-11e4-a52e-4f735466cecf":"f.5D121FC7909F200889B59C01A2F655FF.d.A20BE6988ECCCF4194C59803903D068A.e.2191","ELEMENT":"f.5D121FC7909F200889B59C01A2F655FF.d.A20BE6988ECCCF4194C59803903D068A.e.2191"}]}
COMMAND: POST /session/85be7df00c2941df1715a768c51ad8f5/execute/async - {"script":"<script> [1562 bytes]","args":[{"selector":{"id":"application-managesites-display-component---NewSite--addressNewCostObjectCstID-vhi"},"wdio_ui5_key":"applicationmanagesites-display-component---NewSite--addressNewCostObjectCstID-vhi"}]}
COMMAND: GET /session/85be7df00c2941df1715a768c51ad8f5/screenshot - {}
RESULT: {"script":"<script> [1562 bytes]","args":[{"selector":{"id":"application-managesites-display-component---NewSite--addressNewCostObjectCstID-vhi"},"wdio_ui5_key":"applicationmanagesites-display-component---NewSite--addressNewCostObjectCstID-vhi"}]}
RESULT: undefined
COMMAND: POST /session/85be7df00c2941df1715a768c51ad8f5/element - {"using":"xpath","value":"//*[@id=\"application-managesites-display-component---NewSite--addressNewCostObjectCstID-vhi\"]"}
RESULT: {}
RESULT: {"using":"xpath","value":"//*[@id=\"application-managesites-display-component---NewSite--addressNewCostObjectCstID-vhi\"]"}
COMMAND: POST /session/85be7df00c2941df1715a768c51ad8f5/element/f.5D121FC7909F200889B59C01A2F655FF.d.A20BE6988ECCCF4194C59803903D068A.e.2191/click - {}
RESULT: {}
COMMAND: GET /session/85be7df00c2941df1715a768c51ad8f5/screenshot - {}
RESULT: {}
RESULT: undefined
COMMAND: POST /session/85be7df00c2941df1715a768c51ad8f5/execute/async - {"script":"<script> [776 bytes]","args":[{"enterText":"10001013","selector":{"controlType":"sap.m.SearchField","properties":{"placeholder":"Search"},"searchOpenDialogs":true,"interaction":{"idSuffix":"I"}},"clearTextFirst":true,"interactionType":"ENTER_TEXT"}]}
RESULT: {"script":"<script> [776 bytes]","args":[{"enterText":"10001013","selector":{"controlType":"sap.m.SearchField","properties":{"placeholder":"Search"},"searchOpenDialogs":true,"interaction":{"idSuffix":"I"}},"clearTextFirst":true,"interactionType":"ENTER_TEXT"}]}
COMMAND: POST /session/85be7df00c2941df1715a768c51ad8f5/actions - {"actions":[{"id":"action3","type":"key","parameters":{},"actions":[{"type":"keyDown","value":""},{"type":"pause","duration":10},{"type":"keyUp","value":""}]}]}
RESULT: {"actions":[{"id":"action3","type":"key","parameters":{},"actions":[{"type":"keyDown","value":""},{"type":"pause","duration":10},{"type":"keyUp","value":""}]}]}
COMMAND: GET /session/85be7df00c2941df1715a768c51ad8f5/screenshot - {}
RESULT: {}
COMMAND: POST /session/85be7df00c2941df1715a768c51ad8f5/element - {"using":"xpath","value":"//span[contains(text(), \"General Management\")]"}
RESULT: {"using":"xpath","value":"//span[contains(text(), \"General Management\")]"}
COMMAND: POST /session/85be7df00c2941df1715a768c51ad8f5/element/f.5D121FC7909F200889B59C01A2F655FF.d.A20BE6988ECCCF4194C59803903D068A.e.2230/click - {}
RESULT: {}
COMMAND: GET /session/85be7df00c2941df1715a768c51ad8f5/screenshot - {}
RESULT: {}
COMMAND: POST /session/85be7df00c2941df1715a768c51ad8f5/element - {"using":"xpath","value":"//bdi[contains(text(), \"OK\")]"}
RESULT: {"using":"xpath","value":"//bdi[contains(text(), \"OK\")]"}
COMMAND: POST /session/85be7df00c2941df1715a768c51ad8f5/element/f.5D121FC7909F200889B59C01A2F655FF.d.A20BE6988ECCCF4194C59803903D068A.e.2231/click - {}
RESULT: {}
COMMAND: GET /session/85be7df00c2941df1715a768c51ad8f5/screenshot - {}
RESULT: {}
COMMAND: POST /session/85be7df00c2941df1715a768c51ad8f5/element - {"using":"xpath","value":"//input[@id=\"application-managesites-display-component---NewSite--addressDetailDetailsCalendar-inner\"]"}
RESULT: {"using":"xpath","value":"//input[@id=\"application-managesites-display-component---NewSite--addressDetailDetailsCalendar-inner\"]"}
COMMAND: POST /session/85be7df00c2941df1715a768c51ad8f5/element/f.5D121FC7909F200889B59C01A2F655FF.d.A20BE6988ECCCF4194C59803903D068A.e.2003/clear - {}
RESULT: {}
COMMAND: POST /session/85be7df00c2941df1715a768c51ad8f5/element/f.5D121FC7909F200889B59C01A2F655FF.d.A20BE6988ECCCF4194C59803903D068A.e.2003/value - {"text":"Unit"}
COMMAND: GET /session/85be7df00c2941df1715a768c51ad8f5/screenshot - {}
RESULT: {"text":"Unit"}
COMMAND: GET /session/85be7df00c2941df1715a768c51ad8f5/screenshot - {}
RESULT: {}
RESULT: {}
COMMAND: POST /session/85be7df00c2941df1715a768c51ad8f5/actions - {"actions":[{"id":"action4","type":"key","parameters":{},"actions":[{"type":"keyDown","value":""},{"type":"pause","duration":10},{"type":"keyUp","value":""}]}]}
RESULT: {"actions":[{"id":"action4","type":"key","parameters":{},"actions":[{"type":"keyDown","value":""},{"type":"pause","duration":10},{"type":"keyUp","value":""}]}]}
COMMAND: POST /session/85be7df00c2941df1715a768c51ad8f5/element - {"using":"xpath","value":"//input[@id=\"application-managesites-display-component---NewSite--addressDetailDetailsYard-inner\"]"}
COMMAND: GET /session/85be7df00c2941df1715a768c51ad8f5/screenshot - {}
RESULT: {"using":"xpath","value":"//input[@id=\"application-managesites-display-component---NewSite--addressDetailDetailsYard-inner\"]"}
COMMAND: POST /session/85be7df00c2941df1715a768c51ad8f5/element/f.5D121FC7909F200889B59C01A2F655FF.d.A20BE6988ECCCF4194C59803903D068A.e.2004/clear - {}
RESULT: {}
RESULT: {}
COMMAND: POST /session/85be7df00c2941df1715a768c51ad8f5/element/f.5D121FC7909F200889B59C01A2F655FF.d.A20BE6988ECCCF4194C59803903D068A.e.2004/value - {"text":"221"}
COMMAND: GET /session/85be7df00c2941df1715a768c51ad8f5/screenshot - {}
RESULT: {"text":"221"}
COMMAND: GET /session/85be7df00c2941df1715a768c51ad8f5/screenshot - {}
RESULT: {}
RESULT: {}
COMMAND: POST /session/85be7df00c2941df1715a768c51ad8f5/element - {"using":"xpath","value":"//li[.//span[text()='221']]"}
RESULT: {"using":"xpath","value":"//li[.//span[text()='221']]"}
COMMAND: POST /session/85be7df00c2941df1715a768c51ad8f5/element/f.5D121FC7909F200889B59C01A2F655FF.d.A20BE6988ECCCF4194C59803903D068A.e.2239/click - {}
RESULT: {}
COMMAND: GET /session/85be7df00c2941df1715a768c51ad8f5/screenshot - {}
RESULT: {}
COMMAND: POST /session/85be7df00c2941df1715a768c51ad8f5/element - {"using":"xpath","value":"//input[@id=\"application-managesites-display-component---NewSite--addressDetailDetailsPartner-inner\"]"}
RESULT: {"using":"xpath","value":"//input[@id=\"application-managesites-display-component---NewSite--addressDetailDetailsPartner-inner\"]"}
COMMAND: POST /session/85be7df00c2941df1715a768c51ad8f5/element - {"using":"xpath","value":"//input[@id=\"application-managesites-display-component---NewSite--addressDetailDetailsPartner-inner\"]"}
RESULT: {"using":"xpath","value":"//input[@id=\"application-managesites-display-component---NewSite--addressDetailDetailsPartner-inner\"]"}
COMMAND: POST /session/85be7df00c2941df1715a768c51ad8f5/execute/async - {"script":"<script> [1562 bytes]","args":[{"selector":{"id":"application-managesites-display-component---NewSite--siteWhmCheckBox-label","interaction":{"idSuffix":"bdi"}},"wdio_ui5_key":"applicationmanagesites-display-component---NewSite--siteWhmCheckBox-label"}]}
RESULT: {"script":"<script> [1562 bytes]","args":[{"selector":{"id":"application-managesites-display-component---NewSite--siteWhmCheckBox-label","interaction":{"idSuffix":"bdi"}},"wdio_ui5_key":"applicationmanagesites-display-component---NewSite--siteWhmCheckBox-label"}]}
RESULT: undefined
COMMAND: POST /session/85be7df00c2941df1715a768c51ad8f5/element - {"using":"xpath","value":"//*[@id=\"application-managesites-display-component---NewSite--siteWhmCheckBox-label\"]"}
RESULT: {"using":"xpath","value":"//*[@id=\"application-managesites-display-component---NewSite--siteWhmCheckBox-label\"]"}
COMMAND: POST /session/85be7df00c2941df1715a768c51ad8f5/element/f.5D121FC7909F200889B59C01A2F655FF.d.A20BE6988ECCCF4194C59803903D068A.e.2241/click - {}
RESULT: {}
COMMAND: GET /session/85be7df00c2941df1715a768c51ad8f5/screenshot - {}
RESULT: {}
COMMAND: POST /session/85be7df00c2941df1715a768c51ad8f5/element - {"using":"xpath","value":"//button[@data-kt=\"saveButton\"]"}
RESULT: {"using":"xpath","value":"//button[@data-kt=\"saveButton\"]"}
COMMAND: POST /session/85be7df00c2941df1715a768c51ad8f5/element/f.5D121FC7909F200889B59C01A2F655FF.d.A20BE6988ECCCF4194C59803903D068A.e.2172/click - {}
RESULT: {}
COMMAND: GET /session/85be7df00c2941df1715a768c51ad8f5/screenshot - {}
RESULT: {}
COMMAND: POST /session/85be7df00c2941df1715a768c51ad8f5/element - {"using":"xpath","value":"//header[contains(@id, 'ObjectPageLayout-headerTitle')]/div[1]/div[2]/div[2]/span[1]"}
RESULT: {"using":"xpath","value":"//header[contains(@id, 'ObjectPageLayout-headerTitle')]/div[1]/div[2]/div[2]/span[1]"}
COMMAND: POST /session/85be7df00c2941df1715a768c51ad8f5/elements - {"using":"xpath","value":"//header[contains(@id, 'ObjectPageLayout-headerTitle')]/div[1]/div[2]/div[2]/span[1]"}
RESULT: {"using":"xpath","value":"//header[contains(@id, 'ObjectPageLayout-headerTitle')]/div[1]/div[2]/div[2]/span[1]"}
COMMAND: POST /session/85be7df00c2941df1715a768c51ad8f5/execute/sync - {"script":"<script> [56 bytes]","args":[{"element-6066-11e4-a52e-4f735466cecf":"f.5D121FC7909F200889B59C01A2F655FF.d.A20BE6988ECCCF4194C59803903D068A.e.2420","ELEMENT":"f.5D121FC7909F200889B59C01A2F655FF.d.A20BE6988ECCCF4194C59803903D068A.e.2420"}]}
RESULT: {"script":"<script> [56 bytes]","args":[{"element-6066-11e4-a52e-4f735466cecf":"f.5D121FC7909F200889B59C01A2F655FF.d.A20BE6988ECCCF4194C59803903D068A.e.2420","ELEMENT":"f.5D121FC7909F200889B59C01A2F655FF.d.A20BE6988ECCCF4194C59803903D068A.e.2420"}]}
COMMAND: POST /session/85be7df00c2941df1715a768c51ad8f5/element - {"using":"css selector","value":"#shell-header-logo"}
COMMAND: GET /session/85be7df00c2941df1715a768c51ad8f5/screenshot - {}
RESULT: {"using":"css selector","value":"#shell-header-logo"}
COMMAND: POST /session/85be7df00c2941df1715a768c51ad8f5/element/f.5D121FC7909F200889B59C01A2F655FF.d.A20BE6988ECCCF4194C59803903D068A.e.1556/click - {}
RESULT: {}
RESULT: {}
COMMAND: GET /session/85be7df00c2941df1715a768c51ad8f5/screenshot - {}
RESULT: {}
COMMAND: POST /session/85be7df00c2941df1715a768c51ad8f5/execute/sync - {"script":"<script> [299 bytes]","args":[["getModel","getResource"]]}
RESULT: {"script":"<script> [299 bytes]","args":[["getModel","getResource"]]}
COMMAND: POST /session/85be7df00c2941df1715a768c51ad8f5/actions - {"actions":[{"id":"action5","type":"key","parameters":{},"actions":[{"type":"keyDown","value":""},{"type":"pause","duration":10},{"type":"keyUp","value":""}]}]}
COMMAND: GET /session/85be7df00c2941df1715a768c51ad8f5/screenshot - {}
RESULT: {"actions":[{"id":"action5","type":"key","parameters":{},"actions":[{"type":"keyDown","value":""},{"type":"pause","duration":10},{"type":"keyUp","value":""}]}]}
COMMAND: GET /session/85be7df00c2941df1715a768c51ad8f5/screenshot - {}
RESULT: {}
RESULT: {}
COMMAND: POST /session/85be7df00c2941df1715a768c51ad8f5/refresh - {}
RESULT: {}
COMMAND: GET /session/85be7df00c2941df1715a768c51ad8f5/screenshot - {}
RESULT: {}
COMMAND: POST /session/85be7df00c2941df1715a768c51ad8f5/refresh - {}
RESULT: {}
COMMAND: GET /session/85be7df00c2941df1715a768c51ad8f5/screenshot - {}
RESULT: {}
COMMAND: POST /session/85be7df00c2941df1715a768c51ad8f5/window/fullscreen - {}
RESULT: {}
COMMAND: POST /session/85be7df00c2941df1715a768c51ad8f5/execute/async - {"script":"<script> [189 bytes]","args":[]}
RESULT: {"script":"<script> [189 bytes]","args":[]}
COMMAND: POST /session/85be7df00c2941df1715a768c51ad8f5/execute/async - {"script":"<script> [123 bytes]","args":[]}
RESULT: {"script":"<script> [123 bytes]","args":[]}
COMMAND: POST /session/85be7df00c2941df1715a768c51ad8f5/timeouts - {"script":"<number>"}
RESULT: {"script":"<number>"}
COMMAND: GET /session/85be7df00c2941df1715a768c51ad8f5/timeouts - {}
RESULT: {}
RESULT: undefined
COMMAND: POST /session/85be7df00c2941df1715a768c51ad8f5/execute/async - {"script":"<script> [2676 bytes]","args":[]}
RESULT: {"script":"<script> [2676 bytes]","args":[]}
COMMAND: POST /session/85be7df00c2941df1715a768c51ad8f5/execute/async - {"script":"<script> [2342 bytes]","args":[{"protocol":"http","hostname":"0.0.0.0","path":"/","capabilities":{"browserName":"chrome","goog:chromeOptions":{"binary":"C:\\Program Files\\Google\\Chrome\\Application\\chrome.exe","args":["--start-maximized"]}},"logLevel":"warn","connectionRetryTimeout":120000,"connectionRetryCount":3,"logLevels":{},"enableDirectConnect":true,"strictSSL":true,"_":"65 more keys: [\"cacheDir\",\"port\",\"requestedCapabilities\",\"automationProtocol\",\"baseUrl\",\"waitforInterval\",\"waitforTimeout\",\"onReload\",\"beforeCommand\",\"afterCommand\",\"rootDir\",\"specs\",\"suites\",\"exclude\",\"groupLogsByTestSpec\",\"excludeDriverLogs\",\"bail\",\"framework\",\"reporters\",\"services\",\"maxInstances\",\"maxInstancesPerCapability\",\"injectGlobals\",\"filesToWatch\",\"execArgv\",\"runnerEnv\",\"runner\",\"shard\",\"specFileRetries\",\"specFileRetriesDelay\",\"specFileRetriesDeferred\",\"reporterSyncInterval\",\"reporterSyncTimeout\",\"cucumberFeaturesWithLineNumbers\",\"autoCompileOpts\",\"mochaOpts\",\"jasmineOpts\",\"cucumberOpts\",\"onPrepare\",\"onWorkerStart\",\"onWorkerEnd\",\"before\",\"beforeSession\",\"beforeSuite\",\"beforeHook\",\"beforeTest\",\"afterTest\",\"afterHook\",\"afterSuite\",\"afterSession\",\"after\",\"onComplete\",\"beforeAssertion\",\"afterAssertion\",\"beforeFeature\",\"beforeScenario\",\"beforeStep\",\"afterStep\",\"afterScenario\",\"afterFeature\",\"_\",\"suite\",\"$0\",\"ignoredWorkerServices\",\"wdi5\"]"}]}
RESULT: {"script":"<script> [2342 bytes]","args":[{"protocol":"http","hostname":"0.0.0.0","path":"/","capabilities":{"browserName":"chrome","goog:chromeOptions":{"binary":"C:\\Program Files\\Google\\Chrome\\Application\\chrome.exe","args":["--start-maximized"]}},"logLevel":"warn","connectionRetryTimeout":120000,"connectionRetryCount":3,"logLevels":{},"enableDirectConnect":true,"strictSSL":true,"_":"65 more keys: [\"cacheDir\",\"port\",\"requestedCapabilities\",\"automationProtocol\",\"baseUrl\",\"waitforInterval\",\"waitforTimeout\",\"onReload\",\"beforeCommand\",\"afterCommand\",\"rootDir\",\"specs\",\"suites\",\"exclude\",\"groupLogsByTestSpec\",\"excludeDriverLogs\",\"bail\",\"framework\",\"reporters\",\"services\",\"maxInstances\",\"maxInstancesPerCapability\",\"injectGlobals\",\"filesToWatch\",\"execArgv\",\"runnerEnv\",\"runner\",\"shard\",\"specFileRetries\",\"specFileRetriesDelay\",\"specFileRetriesDeferred\",\"reporterSyncInterval\",\"reporterSyncTimeout\",\"cucumberFeaturesWithLineNumbers\",\"autoCompileOpts\",\"mochaOpts\",\"jasmineOpts\",\"cucumberOpts\",\"onPrepare\",\"onWorkerStart\",\"onWorkerEnd\",\"before\",\"beforeSession\",\"beforeSuite\",\"beforeHook\",\"beforeTest\",\"afterTest\",\"afterHook\",\"afterSuite\",\"afterSession\",\"after\",\"onComplete\",\"beforeAssertion\",\"afterAssertion\",\"beforeFeature\",\"beforeScenario\",\"beforeStep\",\"afterStep\",\"afterScenario\",\"afterFeature\",\"_\",\"suite\",\"$0\",\"ignoredWorkerServices\",\"wdi5\"]"}]}
COMMAND: POST /session/85be7df00c2941df1715a768c51ad8f5/execute/async - {"script":"<script> [21126 bytes]","args":[35000]}
RESULT: {"script":"<script> [21126 bytes]","args":[35000]}
COMMAND: POST /session/85be7df00c2941df1715a768c51ad8f5/window/fullscreen - {}
RESULT: {}
]]></system-out>
    </testcase>
    <testcase classname="chrome.136_0_7103_93.windows.Stock_increase_-_with_WHM_US125587" name="Should create a new material" time="135.779">
      <system-out><![CDATA[
COMMAND: POST /session/85be7df00c2941df1715a768c51ad8f5/execute/async - {"script":"<script> [1562 bytes]","args":[{"selector":{"controlType":"sap.m.GenericTile","properties":{"header":"Manage Resources"}},"wdio_ui5_key":"sapm.GenericTile{\"header\":\"Manage Resources\"}"}]}
RESULT: {"script":"<script> [1562 bytes]","args":[{"selector":{"controlType":"sap.m.GenericTile","properties":{"header":"Manage Resources"}},"wdio_ui5_key":"sapm.GenericTile{\"header\":\"Manage Resources\"}"}]}
RESULT: undefined
COMMAND: POST /session/85be7df00c2941df1715a768c51ad8f5/element - {"using":"xpath","value":"//*[@id=\"__tile31\"]"}
RESULT: {"using":"xpath","value":"//*[@id=\"__tile31\"]"}
COMMAND: POST /session/85be7df00c2941df1715a768c51ad8f5/element/f.5D121FC7909F200889B59C01A2F655FF.d.D983CE568D431396AF9F1AE846E1083C.e.2496/click - {}
RESULT: {}
COMMAND: GET /session/85be7df00c2941df1715a768c51ad8f5/screenshot - {}
RESULT: {}
COMMAND: POST /session/85be7df00c2941df1715a768c51ad8f5/elements - {"using":"xpath","value":"//span[text()='Error']"}
RESULT: {"using":"xpath","value":"//span[text()='Error']"}
COMMAND: POST /session/85be7df00c2941df1715a768c51ad8f5/element - {"using":"xpath","value":"//button[@data-kt=\"addNewRUOverflowToolbarButton\"]"}
RESULT: {"using":"xpath","value":"//button[@data-kt=\"addNewRUOverflowToolbarButton\"]"}
COMMAND: POST /session/85be7df00c2941df1715a768c51ad8f5/elements - {"using":"xpath","value":"//button[@data-kt=\"addNewRUOverflowToolbarButton\"]"}
RESULT: {"using":"xpath","value":"//button[@data-kt=\"addNewRUOverflowToolbarButton\"]"}
COMMAND: POST /session/85be7df00c2941df1715a768c51ad8f5/elements - {"using":"xpath","value":"//button[@data-kt=\"addNewRUOverflowToolbarButton\"]"}
RESULT: {"using":"xpath","value":"//button[@data-kt=\"addNewRUOverflowToolbarButton\"]"}
COMMAND: POST /session/85be7df00c2941df1715a768c51ad8f5/elements - {"using":"xpath","value":"//button[@data-kt=\"addNewRUOverflowToolbarButton\"]"}
RESULT: {"using":"xpath","value":"//button[@data-kt=\"addNewRUOverflowToolbarButton\"]"}
COMMAND: POST /session/85be7df00c2941df1715a768c51ad8f5/elements - {"using":"xpath","value":"//button[@data-kt=\"addNewRUOverflowToolbarButton\"]"}
RESULT: {"using":"xpath","value":"//button[@data-kt=\"addNewRUOverflowToolbarButton\"]"}
COMMAND: POST /session/85be7df00c2941df1715a768c51ad8f5/elements - {"using":"xpath","value":"//button[@data-kt=\"addNewRUOverflowToolbarButton\"]"}
RESULT: {"using":"xpath","value":"//button[@data-kt=\"addNewRUOverflowToolbarButton\"]"}
COMMAND: POST /session/85be7df00c2941df1715a768c51ad8f5/elements - {"using":"xpath","value":"//button[@data-kt=\"addNewRUOverflowToolbarButton\"]"}
RESULT: {"using":"xpath","value":"//button[@data-kt=\"addNewRUOverflowToolbarButton\"]"}
COMMAND: POST /session/85be7df00c2941df1715a768c51ad8f5/elements - {"using":"xpath","value":"//button[@data-kt=\"addNewRUOverflowToolbarButton\"]"}
RESULT: {"using":"xpath","value":"//button[@data-kt=\"addNewRUOverflowToolbarButton\"]"}
COMMAND: POST /session/85be7df00c2941df1715a768c51ad8f5/elements - {"using":"xpath","value":"//button[@data-kt=\"addNewRUOverflowToolbarButton\"]"}
RESULT: {"using":"xpath","value":"//button[@data-kt=\"addNewRUOverflowToolbarButton\"]"}
COMMAND: POST /session/85be7df00c2941df1715a768c51ad8f5/elements - {"using":"xpath","value":"//button[@data-kt=\"addNewRUOverflowToolbarButton\"]"}
RESULT: {"using":"xpath","value":"//button[@data-kt=\"addNewRUOverflowToolbarButton\"]"}
COMMAND: POST /session/85be7df00c2941df1715a768c51ad8f5/elements - {"using":"xpath","value":"//button[@data-kt=\"addNewRUOverflowToolbarButton\"]"}
RESULT: {"using":"xpath","value":"//button[@data-kt=\"addNewRUOverflowToolbarButton\"]"}
COMMAND: POST /session/85be7df00c2941df1715a768c51ad8f5/elements - {"using":"xpath","value":"//button[@data-kt=\"addNewRUOverflowToolbarButton\"]"}
RESULT: {"using":"xpath","value":"//button[@data-kt=\"addNewRUOverflowToolbarButton\"]"}
COMMAND: POST /session/85be7df00c2941df1715a768c51ad8f5/elements - {"using":"xpath","value":"//button[@data-kt=\"addNewRUOverflowToolbarButton\"]"}
RESULT: {"using":"xpath","value":"//button[@data-kt=\"addNewRUOverflowToolbarButton\"]"}
COMMAND: POST /session/85be7df00c2941df1715a768c51ad8f5/elements - {"using":"xpath","value":"//button[@data-kt=\"addNewRUOverflowToolbarButton\"]"}
RESULT: {"using":"xpath","value":"//button[@data-kt=\"addNewRUOverflowToolbarButton\"]"}
COMMAND: POST /session/85be7df00c2941df1715a768c51ad8f5/element - {"using":"xpath","value":"//button[@data-kt=\"addNewRUOverflowToolbarButton\"]"}
RESULT: {"using":"xpath","value":"//button[@data-kt=\"addNewRUOverflowToolbarButton\"]"}
COMMAND: POST /session/85be7df00c2941df1715a768c51ad8f5/execute/sync - {"script":"<script> [8489 bytes]","args":[{"element-6066-11e4-a52e-4f735466cecf":"f.5D121FC7909F200889B59C01A2F655FF.d.D983CE568D431396AF9F1AE846E1083C.e.2604","ELEMENT":"f.5D121FC7909F200889B59C01A2F655FF.d.D983CE568D431396AF9F1AE846E1083C.e.2604"}]}
RESULT: {"script":"<script> [8489 bytes]","args":[{"element-6066-11e4-a52e-4f735466cecf":"f.5D121FC7909F200889B59C01A2F655FF.d.D983CE568D431396AF9F1AE846E1083C.e.2604","ELEMENT":"f.5D121FC7909F200889B59C01A2F655FF.d.D983CE568D431396AF9F1AE846E1083C.e.2604"}]}
COMMAND: GET /session/85be7df00c2941df1715a768c51ad8f5/element/f.5D121FC7909F200889B59C01A2F655FF.d.D983CE568D431396AF9F1AE846E1083C.e.2604/enabled - {}
COMMAND: GET /session/85be7df00c2941df1715a768c51ad8f5/screenshot - {}
RESULT: {}
COMMAND: POST /session/85be7df00c2941df1715a768c51ad8f5/execute/sync - {"script":"<script> [8489 bytes]","args":[{"element-6066-11e4-a52e-4f735466cecf":"f.5D121FC7909F200889B59C01A2F655FF.d.D983CE568D431396AF9F1AE846E1083C.e.2604","ELEMENT":"f.5D121FC7909F200889B59C01A2F655FF.d.D983CE568D431396AF9F1AE846E1083C.e.2604"}]}
COMMAND: GET /session/85be7df00c2941df1715a768c51ad8f5/screenshot - {}
RESULT: {}
RESULT: {"script":"<script> [8489 bytes]","args":[{"element-6066-11e4-a52e-4f735466cecf":"f.5D121FC7909F200889B59C01A2F655FF.d.D983CE568D431396AF9F1AE846E1083C.e.2604","ELEMENT":"f.5D121FC7909F200889B59C01A2F655FF.d.D983CE568D431396AF9F1AE846E1083C.e.2604"}]}
COMMAND: POST /session/85be7df00c2941df1715a768c51ad8f5/execute/sync - {"script":"<script> [5351 bytes]","args":[{"element-6066-11e4-a52e-4f735466cecf":"f.5D121FC7909F200889B59C01A2F655FF.d.D983CE568D431396AF9F1AE846E1083C.e.2604","ELEMENT":"f.5D121FC7909F200889B59C01A2F655FF.d.D983CE568D431396AF9F1AE846E1083C.e.2604"}]}
COMMAND: GET /session/85be7df00c2941df1715a768c51ad8f5/screenshot - {}
RESULT: {}
RESULT: {"script":"<script> [5351 bytes]","args":[{"element-6066-11e4-a52e-4f735466cecf":"f.5D121FC7909F200889B59C01A2F655FF.d.D983CE568D431396AF9F1AE846E1083C.e.2604","ELEMENT":"f.5D121FC7909F200889B59C01A2F655FF.d.D983CE568D431396AF9F1AE846E1083C.e.2604"}]}
COMMAND: POST /session/85be7df00c2941df1715a768c51ad8f5/element/f.5D121FC7909F200889B59C01A2F655FF.d.D983CE568D431396AF9F1AE846E1083C.e.2604/click - {}
COMMAND: GET /session/85be7df00c2941df1715a768c51ad8f5/screenshot - {}
RESULT: {}
RESULT: {}
COMMAND: GET /session/85be7df00c2941df1715a768c51ad8f5/screenshot - {}
RESULT: {}
COMMAND: POST /session/85be7df00c2941df1715a768c51ad8f5/execute/async - {"script":"<script> [1562 bytes]","args":[{"selector":{"id":"application-manageresources-display-component---newResourceUnit--TYPE-arrow"},"wdio_ui5_key":"applicationmanageresources-display-component---newResourceUnit--TYPE-arrow"}]}
RESULT: {}
RESULT: {"script":"<script> [1562 bytes]","args":[{"selector":{"id":"application-manageresources-display-component---newResourceUnit--TYPE-arrow"},"wdio_ui5_key":"applicationmanageresources-display-component---newResourceUnit--TYPE-arrow"}]}
RESULT: undefined
COMMAND: POST /session/85be7df00c2941df1715a768c51ad8f5/element - {"using":"xpath","value":"//*[@id=\"application-manageresources-display-component---newResourceUnit--TYPE-arrow\"]"}
RESULT: {"using":"xpath","value":"//*[@id=\"application-manageresources-display-component---newResourceUnit--TYPE-arrow\"]"}
COMMAND: POST /session/85be7df00c2941df1715a768c51ad8f5/element/f.5D121FC7909F200889B59C01A2F655FF.d.D983CE568D431396AF9F1AE846E1083C.e.2962/click - {}
RESULT: {}
COMMAND: POST /session/85be7df00c2941df1715a768c51ad8f5/element - {"using":"xpath","value":"//input[@id=\"application-manageresources-display-component---newResourceUnit--TYPE-inner\"]"}
COMMAND: GET /session/85be7df00c2941df1715a768c51ad8f5/screenshot - {}
RESULT: {"using":"xpath","value":"//input[@id=\"application-manageresources-display-component---newResourceUnit--TYPE-inner\"]"}
COMMAND: POST /session/85be7df00c2941df1715a768c51ad8f5/element/f.5D121FC7909F200889B59C01A2F655FF.d.D983CE568D431396AF9F1AE846E1083C.e.2958/clear - {}
RESULT: {}
RESULT: {}
COMMAND: POST /session/85be7df00c2941df1715a768c51ad8f5/element/f.5D121FC7909F200889B59C01A2F655FF.d.D983CE568D431396AF9F1AE846E1083C.e.2958/value - {"text":"Material"}
COMMAND: GET /session/85be7df00c2941df1715a768c51ad8f5/screenshot - {}
RESULT: {"text":"Material"}
COMMAND: GET /session/85be7df00c2941df1715a768c51ad8f5/screenshot - {}
RESULT: {}
RESULT: {}
COMMAND: POST /session/85be7df00c2941df1715a768c51ad8f5/actions - {"actions":[{"id":"action6","type":"key","parameters":{},"actions":[{"type":"keyDown","value":""},{"type":"pause","duration":10},{"type":"keyUp","value":""}]}]}
RESULT: {"actions":[{"id":"action6","type":"key","parameters":{},"actions":[{"type":"keyDown","value":""},{"type":"pause","duration":10},{"type":"keyUp","value":""}]}]}
COMMAND: POST /session/85be7df00c2941df1715a768c51ad8f5/execute/async - {"script":"<script> [1562 bytes]","args":[{"selector":{"id":"application-manageresources-display-component---newResourceUnit--SHORT_TEXT","interaction":{"idSuffix":"inner"}},"wdio_ui5_key":"applicationmanageresources-display-component---newResourceUnit--SHORT_TEXT"}]}
COMMAND: GET /session/85be7df00c2941df1715a768c51ad8f5/screenshot - {}
RESULT: {"script":"<script> [1562 bytes]","args":[{"selector":{"id":"application-manageresources-display-component---newResourceUnit--SHORT_TEXT","interaction":{"idSuffix":"inner"}},"wdio_ui5_key":"applicationmanageresources-display-component---newResourceUnit--SHORT_TEXT"}]}
RESULT: undefined
COMMAND: POST /session/85be7df00c2941df1715a768c51ad8f5/execute/async - {"script":"<script> [776 bytes]","args":[{"enterText":"Cement WDIO","selector":{"id":"application-manageresources-display-component---newResourceUnit--SHORT_TEXT","interaction":{"idSuffix":"inner"}},"clearTextFirst":true,"interactionType":"ENTER_TEXT"}]}
RESULT: {}
RESULT: {"script":"<script> [776 bytes]","args":[{"enterText":"Cement WDIO","selector":{"id":"application-manageresources-display-component---newResourceUnit--SHORT_TEXT","interaction":{"idSuffix":"inner"}},"clearTextFirst":true,"interactionType":"ENTER_TEXT"}]}
COMMAND: POST /session/85be7df00c2941df1715a768c51ad8f5/execute/async - {"script":"<script> [1562 bytes]","args":[{"selector":{"id":"application-manageresources-display-component---newResourceUnit--BASE_UNIT_OF_MEASURE","interaction":{"idSuffix":"inner"}},"wdio_ui5_key":"applicationmanageresources-display-component---newResourceUnit--BASE_UNIT_OF_MEASURE"}]}
RESULT: {"script":"<script> [1562 bytes]","args":[{"selector":{"id":"application-manageresources-display-component---newResourceUnit--BASE_UNIT_OF_MEASURE","interaction":{"idSuffix":"inner"}},"wdio_ui5_key":"applicationmanageresources-display-component---newResourceUnit--BASE_UNIT_OF_MEASURE"}]}
RESULT: undefined
COMMAND: POST /session/85be7df00c2941df1715a768c51ad8f5/execute/async - {"script":"<script> [776 bytes]","args":[{"enterText":"Piece","selector":{"id":"application-manageresources-display-component---newResourceUnit--BASE_UNIT_OF_MEASURE","interaction":{"idSuffix":"inner"}},"clearTextFirst":true,"interactionType":"ENTER_TEXT"}]}
RESULT: {"script":"<script> [776 bytes]","args":[{"enterText":"Piece","selector":{"id":"application-manageresources-display-component---newResourceUnit--BASE_UNIT_OF_MEASURE","interaction":{"idSuffix":"inner"}},"clearTextFirst":true,"interactionType":"ENTER_TEXT"}]}
COMMAND: POST /session/85be7df00c2941df1715a768c51ad8f5/execute/async - {"script":"<script> [1562 bytes]","args":[{"selector":{"id":"application-manageresources-display-component---newResourceUnit--WEIGHT_UNIT","interaction":{"idSuffix":"inner"}},"wdio_ui5_key":"applicationmanageresources-display-component---newResourceUnit--WEIGHT_UNIT"}]}
RESULT: {"script":"<script> [1562 bytes]","args":[{"selector":{"id":"application-manageresources-display-component---newResourceUnit--WEIGHT_UNIT","interaction":{"idSuffix":"inner"}},"wdio_ui5_key":"applicationmanageresources-display-component---newResourceUnit--WEIGHT_UNIT"}]}
RESULT: undefined
COMMAND: POST /session/85be7df00c2941df1715a768c51ad8f5/execute/async - {"script":"<script> [776 bytes]","args":[{"enterText":"Gram","selector":{"id":"application-manageresources-display-component---newResourceUnit--WEIGHT_UNIT","interaction":{"idSuffix":"inner"}},"clearTextFirst":true,"interactionType":"ENTER_TEXT"}]}
RESULT: {"script":"<script> [776 bytes]","args":[{"enterText":"Gram","selector":{"id":"application-manageresources-display-component---newResourceUnit--WEIGHT_UNIT","interaction":{"idSuffix":"inner"}},"clearTextFirst":true,"interactionType":"ENTER_TEXT"}]}
COMMAND: POST /session/85be7df00c2941df1715a768c51ad8f5/execute/async - {"script":"<script> [1562 bytes]","args":[{"selector":{"id":"application-manageresources-display-component---newResourceUnit--DIMENSION_UNIT","interaction":{"idSuffix":"inner"}},"wdio_ui5_key":"applicationmanageresources-display-component---newResourceUnit--DIMENSION_UNIT"}]}
RESULT: {"script":"<script> [1562 bytes]","args":[{"selector":{"id":"application-manageresources-display-component---newResourceUnit--DIMENSION_UNIT","interaction":{"idSuffix":"inner"}},"wdio_ui5_key":"applicationmanageresources-display-component---newResourceUnit--DIMENSION_UNIT"}]}
RESULT: undefined
COMMAND: POST /session/85be7df00c2941df1715a768c51ad8f5/execute/async - {"script":"<script> [776 bytes]","args":[{"enterText":"Meter","selector":{"id":"application-manageresources-display-component---newResourceUnit--DIMENSION_UNIT","interaction":{"idSuffix":"inner"}},"clearTextFirst":true,"interactionType":"ENTER_TEXT"}]}
RESULT: {"script":"<script> [776 bytes]","args":[{"enterText":"Meter","selector":{"id":"application-manageresources-display-component---newResourceUnit--DIMENSION_UNIT","interaction":{"idSuffix":"inner"}},"clearTextFirst":true,"interactionType":"ENTER_TEXT"}]}
COMMAND: POST /session/85be7df00c2941df1715a768c51ad8f5/execute/async - {"script":"<script> [1562 bytes]","args":[{"selector":{"id":"application-manageresources-display-component---newResourceUnit--newRRUPage-anchBar-application-manageresources-display-component---newResourceUnit--control-anchor","interaction":{"idSuffix":"BDI-content"}},"wdio_ui5_key":"applicationmanageresources-display-component---newResourceUnit--newRRUPage-anchBar-application-manageresources-display-component---newResourceUnit--control-anchor"}]}
RESULT: {"script":"<script> [1562 bytes]","args":[{"selector":{"id":"application-manageresources-display-component---newResourceUnit--newRRUPage-anchBar-application-manageresources-display-component---newResourceUnit--control-anchor","interaction":{"idSuffix":"BDI-content"}},"wdio_ui5_key":"applicationmanageresources-display-component---newResourceUnit--newRRUPage-anchBar-application-manageresources-display-component---newResourceUnit--control-anchor"}]}
RESULT: undefined
COMMAND: POST /session/85be7df00c2941df1715a768c51ad8f5/element - {"using":"xpath","value":"//*[@id=\"application-manageresources-display-component---newResourceUnit--newRRUPage-anchBar-application-manageresources-display-component---newResourceUnit--control-anchor\"]"}
RESULT: {"using":"xpath","value":"//*[@id=\"application-manageresources-display-component---newResourceUnit--newRRUPage-anchBar-application-manageresources-display-component---newResourceUnit--control-anchor\"]"}
COMMAND: POST /session/85be7df00c2941df1715a768c51ad8f5/element/f.5D121FC7909F200889B59C01A2F655FF.d.D983CE568D431396AF9F1AE846E1083C.e.3095/click - {}
RESULT: {}
COMMAND: POST /session/85be7df00c2941df1715a768c51ad8f5/execute/async - {"script":"<script> [1562 bytes]","args":[{"selector":{"id":"application-manageresources-display-component---newResourceUnit--PLANNING_GROUP","interaction":{"idSuffix":"inner"}},"wdio_ui5_key":"applicationmanageresources-display-component---newResourceUnit--PLANNING_GROUP"}]}
COMMAND: GET /session/85be7df00c2941df1715a768c51ad8f5/screenshot - {}
RESULT: {"script":"<script> [1562 bytes]","args":[{"selector":{"id":"application-manageresources-display-component---newResourceUnit--PLANNING_GROUP","interaction":{"idSuffix":"inner"}},"wdio_ui5_key":"applicationmanageresources-display-component---newResourceUnit--PLANNING_GROUP"}]}
RESULT: undefined
COMMAND: POST /session/85be7df00c2941df1715a768c51ad8f5/execute/async - {"script":"<script> [776 bytes]","args":[{"enterText":"Material","selector":{"id":"application-manageresources-display-component---newResourceUnit--PLANNING_GROUP","interaction":{"idSuffix":"inner"}},"clearTextFirst":true,"interactionType":"ENTER_TEXT"}]}
RESULT: {}
RESULT: {"script":"<script> [776 bytes]","args":[{"enterText":"Material","selector":{"id":"application-manageresources-display-component---newResourceUnit--PLANNING_GROUP","interaction":{"idSuffix":"inner"}},"clearTextFirst":true,"interactionType":"ENTER_TEXT"}]}
COMMAND: POST /session/85be7df00c2941df1715a768c51ad8f5/execute/async - {"script":"<script> [1562 bytes]","args":[{"selector":{"id":"application-manageresources-display-component---newResourceUnit--PLANNING_INDICATOR","interaction":{"idSuffix":"inner"}},"wdio_ui5_key":"applicationmanageresources-display-component---newResourceUnit--PLANNING_INDICATOR"}]}
RESULT: {"script":"<script> [1562 bytes]","args":[{"selector":{"id":"application-manageresources-display-component---newResourceUnit--PLANNING_INDICATOR","interaction":{"idSuffix":"inner"}},"wdio_ui5_key":"applicationmanageresources-display-component---newResourceUnit--PLANNING_INDICATOR"}]}
RESULT: undefined
COMMAND: POST /session/85be7df00c2941df1715a768c51ad8f5/execute/async - {"script":"<script> [776 bytes]","args":[{"enterText":"10 - infinite","selector":{"id":"application-manageresources-display-component---newResourceUnit--PLANNING_INDICATOR","interaction":{"idSuffix":"inner"}},"clearTextFirst":true,"interactionType":"ENTER_TEXT"}]}
RESULT: {"script":"<script> [776 bytes]","args":[{"enterText":"10 - infinite","selector":{"id":"application-manageresources-display-component---newResourceUnit--PLANNING_INDICATOR","interaction":{"idSuffix":"inner"}},"clearTextFirst":true,"interactionType":"ENTER_TEXT"}]}
COMMAND: POST /session/85be7df00c2941df1715a768c51ad8f5/element - {"using":"css selector","value":"#application-manageresources-display-component---newResourceUnit--btnAddTimeSegment"}
RESULT: {"using":"css selector","value":"#application-manageresources-display-component---newResourceUnit--btnAddTimeSegment"}
COMMAND: GET /session/85be7df00c2941df1715a768c51ad8f5/element/f.5D121FC7909F200889B59C01A2F655FF.d.D983CE568D431396AF9F1AE846E1083C.e.3103/rect - {}
RESULT: {}
COMMAND: GET /session/85be7df00c2941df1715a768c51ad8f5/window/rect - {}
RESULT: {}
COMMAND: POST /session/85be7df00c2941df1715a768c51ad8f5/execute/sync - {"script":"<script> [92 bytes]","args":[]}
RESULT: {"script":"<script> [92 bytes]","args":[]}
COMMAND: POST /session/85be7df00c2941df1715a768c51ad8f5/actions - {"actions":[{"id":"action7","type":"wheel","parameters":{},"actions":[{"type":"scroll","x":-1888,"y":-32,"deltaX":0,"deltaY":0,"duration":0,"origin":{"element-6066-11e4-a52e-4f735466cecf":"f.5D121FC7909F200889B59C01A2F655FF.d.D983CE568D431396AF9F1AE846E1083C.e.3103"}}]}]}
COMMAND: GET /session/85be7df00c2941df1715a768c51ad8f5/screenshot - {}
RESULT: {}
COMMAND: POST /session/85be7df00c2941df1715a768c51ad8f5/execute/sync - {"script":"<script> [79 bytes]","args":[{"element-6066-11e4-a52e-4f735466cecf":"f.5D121FC7909F200889B59C01A2F655FF.d.D983CE568D431396AF9F1AE846E1083C.e.3103","ELEMENT":"f.5D121FC7909F200889B59C01A2F655FF.d.D983CE568D431396AF9F1AE846E1083C.e.3103"},{"block":"start","inline":"nearest"}]}
RESULT: {"script":"<script> [79 bytes]","args":[{"element-6066-11e4-a52e-4f735466cecf":"f.5D121FC7909F200889B59C01A2F655FF.d.D983CE568D431396AF9F1AE846E1083C.e.3103","ELEMENT":"f.5D121FC7909F200889B59C01A2F655FF.d.D983CE568D431396AF9F1AE846E1083C.e.3103"},{"block":"start","inline":"nearest"}]}
COMMAND: POST /session/85be7df00c2941df1715a768c51ad8f5/execute/async - {"script":"<script> [1562 bytes]","args":[{"selector":{"id":"application-manageresources-display-component---newResourceUnit--btnAddTimeSegment","interaction":{"idSuffix":"inner"}},"wdio_ui5_key":"applicationmanageresources-display-component---newResourceUnit--btnAddTimeSegment"}]}
COMMAND: GET /session/85be7df00c2941df1715a768c51ad8f5/screenshot - {}
RESULT: {"script":"<script> [1562 bytes]","args":[{"selector":{"id":"application-manageresources-display-component---newResourceUnit--btnAddTimeSegment","interaction":{"idSuffix":"inner"}},"wdio_ui5_key":"applicationmanageresources-display-component---newResourceUnit--btnAddTimeSegment"}]}
RESULT: undefined
COMMAND: POST /session/85be7df00c2941df1715a768c51ad8f5/element - {"using":"xpath","value":"//*[@id=\"application-manageresources-display-component---newResourceUnit--btnAddTimeSegment\"]"}
RESULT: {}
RESULT: {"using":"xpath","value":"//*[@id=\"application-manageresources-display-component---newResourceUnit--btnAddTimeSegment\"]"}
COMMAND: POST /session/85be7df00c2941df1715a768c51ad8f5/element/f.5D121FC7909F200889B59C01A2F655FF.d.D983CE568D431396AF9F1AE846E1083C.e.3103/click - {}
RESULT: {}
COMMAND: GET /session/85be7df00c2941df1715a768c51ad8f5/screenshot - {}
RESULT: {}
COMMAND: POST /session/85be7df00c2941df1715a768c51ad8f5/element - {"using":"xpath","value":"//input[@id=\"application-manageresources-display-component---newResourceUnit--idRuTSAdmin-application-manageresources-display-component---newResourceUnit--RUTimeSegment-0-inner\"]"}
RESULT: {"using":"xpath","value":"//input[@id=\"application-manageresources-display-component---newResourceUnit--idRuTSAdmin-application-manageresources-display-component---newResourceUnit--RUTimeSegment-0-inner\"]"}
COMMAND: POST /session/85be7df00c2941df1715a768c51ad8f5/element/f.5D121FC7909F200889B59C01A2F655FF.d.D983CE568D431396AF9F1AE846E1083C.e.3108/clear - {}
RESULT: {}
COMMAND: POST /session/85be7df00c2941df1715a768c51ad8f5/element/f.5D121FC7909F200889B59C01A2F655FF.d.D983CE568D431396AF9F1AE846E1083C.e.3108/value - {"text":"221"}
COMMAND: GET /session/85be7df00c2941df1715a768c51ad8f5/screenshot - {}
RESULT: {"text":"221"}
COMMAND: GET /session/85be7df00c2941df1715a768c51ad8f5/screenshot - {}
RESULT: {}
RESULT: {}
COMMAND: POST /session/85be7df00c2941df1715a768c51ad8f5/element - {"using":"xpath","value":"//li[.//span[text()='221']]"}
RESULT: {"using":"xpath","value":"//li[.//span[text()='221']]"}
COMMAND: POST /session/85be7df00c2941df1715a768c51ad8f5/element/f.5D121FC7909F200889B59C01A2F655FF.d.D983CE568D431396AF9F1AE846E1083C.e.3117/click - {}
RESULT: {}
COMMAND: GET /session/85be7df00c2941df1715a768c51ad8f5/screenshot - {}
RESULT: {}
COMMAND: POST /session/85be7df00c2941df1715a768c51ad8f5/element - {"using":"xpath","value":"(//span[contains(@id, \"-application-manageresources-display-component---newResourceUnit--RUTimeSegment-0-arrow\")])[2]"}
RESULT: {"using":"xpath","value":"(//span[contains(@id, \"-application-manageresources-display-component---newResourceUnit--RUTimeSegment-0-arrow\")])[2]"}
COMMAND: POST /session/85be7df00c2941df1715a768c51ad8f5/element/f.5D121FC7909F200889B59C01A2F655FF.d.D983CE568D431396AF9F1AE846E1083C.e.3118/click - {}
RESULT: {}
COMMAND: POST /session/85be7df00c2941df1715a768c51ad8f5/element - {"using":"xpath","value":"//span[contains(text(), \"PM Order\")]"}
COMMAND: GET /session/85be7df00c2941df1715a768c51ad8f5/screenshot - {}
RESULT: {"using":"xpath","value":"//span[contains(text(), \"PM Order\")]"}
COMMAND: POST /session/85be7df00c2941df1715a768c51ad8f5/element/f.5D121FC7909F200889B59C01A2F655FF.d.D983CE568D431396AF9F1AE846E1083C.e.3119/click - {}
RESULT: {}
RESULT: {}
COMMAND: GET /session/85be7df00c2941df1715a768c51ad8f5/screenshot - {}
RESULT: {}
COMMAND: POST /session/85be7df00c2941df1715a768c51ad8f5/element - {"using":"xpath","value":"//td/div/div/div/span[contains(@id, \"newResourceUnit--RUTimeSegment-0-vhi\")][1]"}
RESULT: {"using":"xpath","value":"//td/div/div/div/span[contains(@id, \"newResourceUnit--RUTimeSegment-0-vhi\")][1]"}
COMMAND: GET /session/85be7df00c2941df1715a768c51ad8f5/element/f.5D121FC7909F200889B59C01A2F655FF.d.D983CE568D431396AF9F1AE846E1083C.e.3123/rect - {}
RESULT: {}
COMMAND: GET /session/85be7df00c2941df1715a768c51ad8f5/window/rect - {}
RESULT: {}
COMMAND: POST /session/85be7df00c2941df1715a768c51ad8f5/execute/sync - {"script":"<script> [92 bytes]","args":[]}
RESULT: {"script":"<script> [92 bytes]","args":[]}
COMMAND: POST /session/85be7df00c2941df1715a768c51ad8f5/actions - {"actions":[{"id":"action8","type":"wheel","parameters":{},"actions":[{"type":"scroll","x":-1888,"y":-24,"deltaX":0,"deltaY":0,"duration":0,"origin":{"element-6066-11e4-a52e-4f735466cecf":"f.5D121FC7909F200889B59C01A2F655FF.d.D983CE568D431396AF9F1AE846E1083C.e.3123"}}]}]}
COMMAND: GET /session/85be7df00c2941df1715a768c51ad8f5/screenshot - {}
RESULT: {}
COMMAND: POST /session/85be7df00c2941df1715a768c51ad8f5/execute/sync - {"script":"<script> [79 bytes]","args":[{"element-6066-11e4-a52e-4f735466cecf":"f.5D121FC7909F200889B59C01A2F655FF.d.D983CE568D431396AF9F1AE846E1083C.e.3123","ELEMENT":"f.5D121FC7909F200889B59C01A2F655FF.d.D983CE568D431396AF9F1AE846E1083C.e.3123"},{"block":"start","inline":"nearest"}]}
RESULT: {"script":"<script> [79 bytes]","args":[{"element-6066-11e4-a52e-4f735466cecf":"f.5D121FC7909F200889B59C01A2F655FF.d.D983CE568D431396AF9F1AE846E1083C.e.3123","ELEMENT":"f.5D121FC7909F200889B59C01A2F655FF.d.D983CE568D431396AF9F1AE846E1083C.e.3123"},{"block":"start","inline":"nearest"}]}
COMMAND: GET /session/85be7df00c2941df1715a768c51ad8f5/screenshot - {}
RESULT: {}
COMMAND: POST /session/85be7df00c2941df1715a768c51ad8f5/element/f.5D121FC7909F200889B59C01A2F655FF.d.D983CE568D431396AF9F1AE846E1083C.e.3123/click - {}
RESULT: {}
COMMAND: GET /session/85be7df00c2941df1715a768c51ad8f5/screenshot - {}
RESULT: {}
COMMAND: POST /session/85be7df00c2941df1715a768c51ad8f5/execute/async - {"script":"<script> [1562 bytes]","args":[{"selector":{"controlType":"sap.m.SearchField","properties":{"placeholder":"Search"},"searchOpenDialogs":true,"interaction":{"idSuffix":"I"}},"wdio_ui5_key":"sapm.SearchField{\"placeholder\":\"Search\"}"}]}
RESULT: {"script":"<script> [1562 bytes]","args":[{"selector":{"controlType":"sap.m.SearchField","properties":{"placeholder":"Search"},"searchOpenDialogs":true,"interaction":{"idSuffix":"I"}},"wdio_ui5_key":"sapm.SearchField{\"placeholder\":\"Search\"}"}]}
RESULT: undefined
COMMAND: POST /session/85be7df00c2941df1715a768c51ad8f5/execute/async - {"script":"<script> [776 bytes]","args":[{"enterText":"4000360","selector":{"controlType":"sap.m.SearchField","properties":{"placeholder":"Search"},"searchOpenDialogs":true,"interaction":{"idSuffix":"I"}},"clearTextFirst":true,"interactionType":"ENTER_TEXT"}]}
RESULT: {"script":"<script> [776 bytes]","args":[{"enterText":"4000360","selector":{"controlType":"sap.m.SearchField","properties":{"placeholder":"Search"},"searchOpenDialogs":true,"interaction":{"idSuffix":"I"}},"clearTextFirst":true,"interactionType":"ENTER_TEXT"}]}
COMMAND: POST /session/85be7df00c2941df1715a768c51ad8f5/actions - {"actions":[{"id":"action9","type":"key","parameters":{},"actions":[{"type":"keyDown","value":""},{"type":"pause","duration":10},{"type":"keyUp","value":""}]}]}
RESULT: {"actions":[{"id":"action9","type":"key","parameters":{},"actions":[{"type":"keyDown","value":""},{"type":"pause","duration":10},{"type":"keyUp","value":""}]}]}
COMMAND: GET /session/85be7df00c2941df1715a768c51ad8f5/screenshot - {}
RESULT: {}
COMMAND: POST /session/85be7df00c2941df1715a768c51ad8f5/element - {"using":"xpath","value":"//td/div/span[contains(text(), \"BGL Vehicles\")]"}
RESULT: {"using":"xpath","value":"//td/div/span[contains(text(), \"BGL Vehicles\")]"}
COMMAND: POST /session/85be7df00c2941df1715a768c51ad8f5/element/f.5D121FC7909F200889B59C01A2F655FF.d.D983CE568D431396AF9F1AE846E1083C.e.3146/click - {}
RESULT: {}
COMMAND: GET /session/85be7df00c2941df1715a768c51ad8f5/screenshot - {}
RESULT: {}
COMMAND: POST /session/85be7df00c2941df1715a768c51ad8f5/element - {"using":"xpath","value":"//bdi[contains(text(), \"OK\")]"}
RESULT: {"using":"xpath","value":"//bdi[contains(text(), \"OK\")]"}
COMMAND: POST /session/85be7df00c2941df1715a768c51ad8f5/element/f.5D121FC7909F200889B59C01A2F655FF.d.D983CE568D431396AF9F1AE846E1083C.e.3147/click - {}
RESULT: {}
COMMAND: GET /session/85be7df00c2941df1715a768c51ad8f5/screenshot - {}
RESULT: {}
COMMAND: POST /session/85be7df00c2941df1715a768c51ad8f5/element - {"using":"xpath","value":"//label[contains(@class, 'sapMLabelRequired') and .//bdi[contains(text(), 'Planned Retirement')]]"}
RESULT: {"using":"xpath","value":"//label[contains(@class, 'sapMLabelRequired') and .//bdi[contains(text(), 'Planned Retirement')]]"}
COMMAND: POST /session/85be7df00c2941df1715a768c51ad8f5/elements - {"using":"xpath","value":"//label[contains(@class, 'sapMLabelRequired') and .//bdi[contains(text(), 'Planned Retirement')]]"}
RESULT: {"using":"xpath","value":"//label[contains(@class, 'sapMLabelRequired') and .//bdi[contains(text(), 'Planned Retirement')]]"}
COMMAND: POST /session/85be7df00c2941df1715a768c51ad8f5/element - {"using":"xpath","value":"//button[@data-kt=\"resourceUnitSaveButton\"]"}
RESULT: {"using":"xpath","value":"//button[@data-kt=\"resourceUnitSaveButton\"]"}
COMMAND: POST /session/85be7df00c2941df1715a768c51ad8f5/element/f.5D121FC7909F200889B59C01A2F655FF.d.D983CE568D431396AF9F1AE846E1083C.e.2981/click - {}
RESULT: {}
COMMAND: GET /session/85be7df00c2941df1715a768c51ad8f5/screenshot - {}
RESULT: {}
COMMAND: POST /session/85be7df00c2941df1715a768c51ad8f5/element - {"using":"xpath","value":"//bdi[contains(text(), \"Close\")]"}
RESULT: {"using":"xpath","value":"//bdi[contains(text(), \"Close\")]"}
COMMAND: POST /session/85be7df00c2941df1715a768c51ad8f5/element/f.5D121FC7909F200889B59C01A2F655FF.d.D983CE568D431396AF9F1AE846E1083C.e.3153/click - {}
RESULT: {}
COMMAND: GET /session/85be7df00c2941df1715a768c51ad8f5/screenshot - {}
RESULT: {}
COMMAND: POST /session/85be7df00c2941df1715a768c51ad8f5/element - {"using":"xpath","value":"//header[contains(@id, 'detailRruPage-headerTitle')]/div[1]/div[2]/div[2]/span[1]"}
RESULT: {"using":"xpath","value":"//header[contains(@id, 'detailRruPage-headerTitle')]/div[1]/div[2]/div[2]/span[1]"}
COMMAND: POST /session/85be7df00c2941df1715a768c51ad8f5/elements - {"using":"xpath","value":"//header[contains(@id, 'detailRruPage-headerTitle')]/div[1]/div[2]/div[2]/span[1]"}
RESULT: {"using":"xpath","value":"//header[contains(@id, 'detailRruPage-headerTitle')]/div[1]/div[2]/div[2]/span[1]"}
COMMAND: POST /session/85be7df00c2941df1715a768c51ad8f5/execute/sync - {"script":"<script> [56 bytes]","args":[{"element-6066-11e4-a52e-4f735466cecf":"f.5D121FC7909F200889B59C01A2F655FF.d.D983CE568D431396AF9F1AE846E1083C.e.3188","ELEMENT":"f.5D121FC7909F200889B59C01A2F655FF.d.D983CE568D431396AF9F1AE846E1083C.e.3188"}]}
RESULT: {"script":"<script> [56 bytes]","args":[{"element-6066-11e4-a52e-4f735466cecf":"f.5D121FC7909F200889B59C01A2F655FF.d.D983CE568D431396AF9F1AE846E1083C.e.3188","ELEMENT":"f.5D121FC7909F200889B59C01A2F655FF.d.D983CE568D431396AF9F1AE846E1083C.e.3188"}]}
COMMAND: POST /session/85be7df00c2941df1715a768c51ad8f5/element - {"using":"css selector","value":"#shell-header-logo"}
COMMAND: GET /session/85be7df00c2941df1715a768c51ad8f5/screenshot - {}
RESULT: {"using":"css selector","value":"#shell-header-logo"}
COMMAND: POST /session/85be7df00c2941df1715a768c51ad8f5/element/f.5D121FC7909F200889B59C01A2F655FF.d.D983CE568D431396AF9F1AE846E1083C.e.2574/click - {}
RESULT: {}
RESULT: {}
COMMAND: GET /session/85be7df00c2941df1715a768c51ad8f5/screenshot - {}
RESULT: {}
]]></system-out>
    </testcase>
    <testcase classname="chrome.136_0_7103_93.windows.Stock_increase_-_with_WHM_US125587" name="Bin Status Report Should Create New Organization yard" time="93.799">
      <system-out><![CDATA[
COMMAND: POST /session/85be7df00c2941df1715a768c51ad8f5/execute/async - {"script":"<script> [1562 bytes]","args":[{"selector":{"controlType":"sap.m.GenericTile","properties":{"header":"Bin Status Report"}},"wdio_ui5_key":"sapm.GenericTile{\"header\":\"Bin Status Report\"}"}]}
RESULT: {"script":"<script> [1562 bytes]","args":[{"selector":{"controlType":"sap.m.GenericTile","properties":{"header":"Bin Status Report"}},"wdio_ui5_key":"sapm.GenericTile{\"header\":\"Bin Status Report\"}"}]}
RESULT: undefined
COMMAND: POST /session/85be7df00c2941df1715a768c51ad8f5/element - {"using":"xpath","value":"//*[@id=\"__tile104\"]"}
RESULT: {"using":"xpath","value":"//*[@id=\"__tile104\"]"}
COMMAND: POST /session/85be7df00c2941df1715a768c51ad8f5/element/f.5D121FC7909F200889B59C01A2F655FF.d.D983CE568D431396AF9F1AE846E1083C.e.3190/click - {}
RESULT: {}
COMMAND: GET /session/85be7df00c2941df1715a768c51ad8f5/screenshot - {}
RESULT: {}
COMMAND: POST /session/85be7df00c2941df1715a768c51ad8f5/elements - {"using":"xpath","value":"//span[text()='Error']"}
RESULT: {"using":"xpath","value":"//span[text()='Error']"}
COMMAND: POST /session/85be7df00c2941df1715a768c51ad8f5/element - {"using":"xpath","value":"//button[@id=\"application-binstatusreport-display-component---warehousing--createOrgBtn\"]"}
RESULT: {"using":"xpath","value":"//button[@id=\"application-binstatusreport-display-component---warehousing--createOrgBtn\"]"}
COMMAND: POST /session/85be7df00c2941df1715a768c51ad8f5/elements - {"using":"xpath","value":"//button[@id=\"application-binstatusreport-display-component---warehousing--createOrgBtn\"]"}
RESULT: {"using":"xpath","value":"//button[@id=\"application-binstatusreport-display-component---warehousing--createOrgBtn\"]"}
COMMAND: POST /session/85be7df00c2941df1715a768c51ad8f5/element - {"using":"xpath","value":"//button[@id=\"application-binstatusreport-display-component---warehousing--createOrgBtn\"]"}
RESULT: {"using":"xpath","value":"//button[@id=\"application-binstatusreport-display-component---warehousing--createOrgBtn\"]"}
COMMAND: POST /session/85be7df00c2941df1715a768c51ad8f5/execute/sync - {"script":"<script> [8489 bytes]","args":[{"element-6066-11e4-a52e-4f735466cecf":"f.5D121FC7909F200889B59C01A2F655FF.d.D983CE568D431396AF9F1AE846E1083C.e.3249","ELEMENT":"f.5D121FC7909F200889B59C01A2F655FF.d.D983CE568D431396AF9F1AE846E1083C.e.3249"}]}
RESULT: {"script":"<script> [8489 bytes]","args":[{"element-6066-11e4-a52e-4f735466cecf":"f.5D121FC7909F200889B59C01A2F655FF.d.D983CE568D431396AF9F1AE846E1083C.e.3249","ELEMENT":"f.5D121FC7909F200889B59C01A2F655FF.d.D983CE568D431396AF9F1AE846E1083C.e.3249"}]}
COMMAND: GET /session/85be7df00c2941df1715a768c51ad8f5/element/f.5D121FC7909F200889B59C01A2F655FF.d.D983CE568D431396AF9F1AE846E1083C.e.3249/enabled - {}
COMMAND: GET /session/85be7df00c2941df1715a768c51ad8f5/screenshot - {}
RESULT: {}
COMMAND: POST /session/85be7df00c2941df1715a768c51ad8f5/execute/sync - {"script":"<script> [8489 bytes]","args":[{"element-6066-11e4-a52e-4f735466cecf":"f.5D121FC7909F200889B59C01A2F655FF.d.D983CE568D431396AF9F1AE846E1083C.e.3249","ELEMENT":"f.5D121FC7909F200889B59C01A2F655FF.d.D983CE568D431396AF9F1AE846E1083C.e.3249"}]}
COMMAND: GET /session/85be7df00c2941df1715a768c51ad8f5/screenshot - {}
RESULT: {}
RESULT: {"script":"<script> [8489 bytes]","args":[{"element-6066-11e4-a52e-4f735466cecf":"f.5D121FC7909F200889B59C01A2F655FF.d.D983CE568D431396AF9F1AE846E1083C.e.3249","ELEMENT":"f.5D121FC7909F200889B59C01A2F655FF.d.D983CE568D431396AF9F1AE846E1083C.e.3249"}]}
COMMAND: POST /session/85be7df00c2941df1715a768c51ad8f5/execute/sync - {"script":"<script> [5351 bytes]","args":[{"element-6066-11e4-a52e-4f735466cecf":"f.5D121FC7909F200889B59C01A2F655FF.d.D983CE568D431396AF9F1AE846E1083C.e.3249","ELEMENT":"f.5D121FC7909F200889B59C01A2F655FF.d.D983CE568D431396AF9F1AE846E1083C.e.3249"}]}
COMMAND: GET /session/85be7df00c2941df1715a768c51ad8f5/screenshot - {}
RESULT: {}
RESULT: {"script":"<script> [5351 bytes]","args":[{"element-6066-11e4-a52e-4f735466cecf":"f.5D121FC7909F200889B59C01A2F655FF.d.D983CE568D431396AF9F1AE846E1083C.e.3249","ELEMENT":"f.5D121FC7909F200889B59C01A2F655FF.d.D983CE568D431396AF9F1AE846E1083C.e.3249"}]}
COMMAND: GET /session/85be7df00c2941df1715a768c51ad8f5/screenshot - {}
RESULT: {}
RESULT: {}
COMMAND: POST /session/85be7df00c2941df1715a768c51ad8f5/element/f.5D121FC7909F200889B59C01A2F655FF.d.D983CE568D431396AF9F1AE846E1083C.e.3249/click - {}
RESULT: {}
COMMAND: GET /session/85be7df00c2941df1715a768c51ad8f5/screenshot - {}
RESULT: {}
COMMAND: POST /session/85be7df00c2941df1715a768c51ad8f5/execute/async - {"script":"<script> [1562 bytes]","args":[{"selector":{"id":"createOrganizationPop--sectionInput","searchOpenDialogs":true,"interaction":{"idSuffix":"inner"}},"wdio_ui5_key":"createOrganizationPopsectionInput"}]}
RESULT: {"script":"<script> [1562 bytes]","args":[{"selector":{"id":"createOrganizationPop--sectionInput","searchOpenDialogs":true,"interaction":{"idSuffix":"inner"}},"wdio_ui5_key":"createOrganizationPopsectionInput"}]}
RESULT: undefined
COMMAND: POST /session/85be7df00c2941df1715a768c51ad8f5/execute/async - {"script":"<script> [776 bytes]","args":[{"enterText":"WDIO-221","selector":{"id":"createOrganizationPop--sectionInput","searchOpenDialogs":true,"interaction":{"idSuffix":"inner"}},"clearTextFirst":true,"interactionType":"ENTER_TEXT"}]}
RESULT: {"script":"<script> [776 bytes]","args":[{"enterText":"WDIO-221","selector":{"id":"createOrganizationPop--sectionInput","searchOpenDialogs":true,"interaction":{"idSuffix":"inner"}},"clearTextFirst":true,"interactionType":"ENTER_TEXT"}]}
COMMAND: POST /session/85be7df00c2941df1715a768c51ad8f5/execute/async - {"script":"<script> [1562 bytes]","args":[{"selector":{"id":"createOrganizationPop--descriptionInput","searchOpenDialogs":true,"interaction":{"idSuffix":"inner"}},"wdio_ui5_key":"createOrganizationPopdescriptionInput"}]}
RESULT: {"script":"<script> [1562 bytes]","args":[{"selector":{"id":"createOrganizationPop--descriptionInput","searchOpenDialogs":true,"interaction":{"idSuffix":"inner"}},"wdio_ui5_key":"createOrganizationPopdescriptionInput"}]}
RESULT: undefined
COMMAND: POST /session/85be7df00c2941df1715a768c51ad8f5/execute/async - {"script":"<script> [776 bytes]","args":[{"enterText":"Shipping-221","selector":{"id":"createOrganizationPop--descriptionInput","searchOpenDialogs":true,"interaction":{"idSuffix":"inner"}},"clearTextFirst":true,"interactionType":"ENTER_TEXT"}]}
RESULT: {"script":"<script> [776 bytes]","args":[{"enterText":"Shipping-221","selector":{"id":"createOrganizationPop--descriptionInput","searchOpenDialogs":true,"interaction":{"idSuffix":"inner"}},"clearTextFirst":true,"interactionType":"ENTER_TEXT"}]}
COMMAND: POST /session/85be7df00c2941df1715a768c51ad8f5/element - {"using":"css selector","value":"#createOrganizationPop--yardOrg-inner"}
RESULT: {"using":"css selector","value":"#createOrganizationPop--yardOrg-inner"}
COMMAND: POST /session/85be7df00c2941df1715a768c51ad8f5/element/f.5D121FC7909F200889B59C01A2F655FF.d.D983CE568D431396AF9F1AE846E1083C.e.3561/clear - {}
RESULT: {}
COMMAND: POST /session/85be7df00c2941df1715a768c51ad8f5/element/f.5D121FC7909F200889B59C01A2F655FF.d.D983CE568D431396AF9F1AE846E1083C.e.3561/value - {"text":"221"}
COMMAND: GET /session/85be7df00c2941df1715a768c51ad8f5/screenshot - {}
RESULT: {"text":"221"}
COMMAND: GET /session/85be7df00c2941df1715a768c51ad8f5/screenshot - {}
RESULT: {}
RESULT: {}
COMMAND: POST /session/85be7df00c2941df1715a768c51ad8f5/actions - {"actions":[{"id":"action10","type":"key","parameters":{},"actions":[{"type":"keyDown","value":""},{"type":"pause","duration":10},{"type":"keyUp","value":""}]}]}
RESULT: {"actions":[{"id":"action10","type":"key","parameters":{},"actions":[{"type":"keyDown","value":""},{"type":"pause","duration":10},{"type":"keyUp","value":""}]}]}
COMMAND: POST /session/85be7df00c2941df1715a768c51ad8f5/execute/async - {"script":"<script> [1562 bytes]","args":[{"selector":{"id":"createOrganizationPop--grZone","searchOpenDialogs":true,"interaction":{"idSuffix":"CbBg"}},"wdio_ui5_key":"createOrganizationPopgrZone"}]}
COMMAND: GET /session/85be7df00c2941df1715a768c51ad8f5/screenshot - {}
RESULT: {"script":"<script> [1562 bytes]","args":[{"selector":{"id":"createOrganizationPop--grZone","searchOpenDialogs":true,"interaction":{"idSuffix":"CbBg"}},"wdio_ui5_key":"createOrganizationPopgrZone"}]}
RESULT: undefined
COMMAND: POST /session/85be7df00c2941df1715a768c51ad8f5/element - {"using":"xpath","value":"//*[@id=\"createOrganizationPop--grZone\"]"}
RESULT: {}
RESULT: {"using":"xpath","value":"//*[@id=\"createOrganizationPop--grZone\"]"}
COMMAND: POST /session/85be7df00c2941df1715a768c51ad8f5/element/f.5D121FC7909F200889B59C01A2F655FF.d.D983CE568D431396AF9F1AE846E1083C.e.3583/click - {}
RESULT: {}
COMMAND: GET /session/85be7df00c2941df1715a768c51ad8f5/screenshot - {}
RESULT: {}
COMMAND: POST /session/85be7df00c2941df1715a768c51ad8f5/execute/async - {"script":"<script> [1562 bytes]","args":[{"selector":{"id":"createOrganizationPop--giZone","searchOpenDialogs":true,"interaction":{"idSuffix":"CbBg"}},"wdio_ui5_key":"createOrganizationPopgiZone"}]}
RESULT: {"script":"<script> [1562 bytes]","args":[{"selector":{"id":"createOrganizationPop--giZone","searchOpenDialogs":true,"interaction":{"idSuffix":"CbBg"}},"wdio_ui5_key":"createOrganizationPopgiZone"}]}
RESULT: undefined
COMMAND: POST /session/85be7df00c2941df1715a768c51ad8f5/element - {"using":"xpath","value":"//*[@id=\"createOrganizationPop--giZone\"]"}
RESULT: {"using":"xpath","value":"//*[@id=\"createOrganizationPop--giZone\"]"}
COMMAND: POST /session/85be7df00c2941df1715a768c51ad8f5/element/f.5D121FC7909F200889B59C01A2F655FF.d.D983CE568D431396AF9F1AE846E1083C.e.3585/click - {}
RESULT: {}
COMMAND: GET /session/85be7df00c2941df1715a768c51ad8f5/screenshot - {}
RESULT: {}
COMMAND: POST /session/85be7df00c2941df1715a768c51ad8f5/execute/async - {"script":"<script> [1562 bytes]","args":[{"selector":{"id":"createOrganizationPop--binNoInput","searchOpenDialogs":true,"interaction":{"idSuffix":"inner"}},"wdio_ui5_key":"createOrganizationPopbinNoInput"}]}
RESULT: {"script":"<script> [1562 bytes]","args":[{"selector":{"id":"createOrganizationPop--binNoInput","searchOpenDialogs":true,"interaction":{"idSuffix":"inner"}},"wdio_ui5_key":"createOrganizationPopbinNoInput"}]}
RESULT: undefined
COMMAND: POST /session/85be7df00c2941df1715a768c51ad8f5/execute/async - {"script":"<script> [776 bytes]","args":[{"enterText":"Bin-Wd","selector":{"id":"createOrganizationPop--binNoInput","searchOpenDialogs":true,"interaction":{"idSuffix":"inner"}},"clearTextFirst":true,"interactionType":"ENTER_TEXT"}]}
RESULT: {"script":"<script> [776 bytes]","args":[{"enterText":"Bin-Wd","selector":{"id":"createOrganizationPop--binNoInput","searchOpenDialogs":true,"interaction":{"idSuffix":"inner"}},"clearTextFirst":true,"interactionType":"ENTER_TEXT"}]}
COMMAND: POST /session/85be7df00c2941df1715a768c51ad8f5/execute/async - {"script":"<script> [1562 bytes]","args":[{"selector":{"id":"createOrganizationPop--descriptionId","searchOpenDialogs":true,"interaction":{"idSuffix":"inner"}},"wdio_ui5_key":"createOrganizationPopdescriptionId"}]}
RESULT: {"script":"<script> [1562 bytes]","args":[{"selector":{"id":"createOrganizationPop--descriptionId","searchOpenDialogs":true,"interaction":{"idSuffix":"inner"}},"wdio_ui5_key":"createOrganizationPopdescriptionId"}]}
RESULT: undefined
COMMAND: POST /session/85be7df00c2941df1715a768c51ad8f5/execute/async - {"script":"<script> [776 bytes]","args":[{"enterText":"Shipping-Wd","selector":{"id":"createOrganizationPop--descriptionId","searchOpenDialogs":true,"interaction":{"idSuffix":"inner"}},"clearTextFirst":true,"interactionType":"ENTER_TEXT"}]}
RESULT: {"script":"<script> [776 bytes]","args":[{"enterText":"Shipping-Wd","selector":{"id":"createOrganizationPop--descriptionId","searchOpenDialogs":true,"interaction":{"idSuffix":"inner"}},"clearTextFirst":true,"interactionType":"ENTER_TEXT"}]}
COMMAND: POST /session/85be7df00c2941df1715a768c51ad8f5/execute/async - {"script":"<script> [1562 bytes]","args":[{"selector":{"controlType":"sap.m.CheckBox","viewName":"etm.portal.ui.binstatusreport.view.MasterWareBins","viewId":"application-binstatusreport-display-component---warehousing","bindingPath":{"path":"","propertyPath":"/ZONE","modelName":"newBin"},"searchOpenDialogs":true,"interaction":{"idSuffix":"CbBg"}},"wdio_ui5_key":"etmportal.ui.binstatusreport.view.MasterWareBinssap.m.CheckBox{\"path\":\"\",\"propertyPath\":\"/ZONE\",\"modelName\":\"newBin\"}"}]}
RESULT: {"script":"<script> [1562 bytes]","args":[{"selector":{"controlType":"sap.m.CheckBox","viewName":"etm.portal.ui.binstatusreport.view.MasterWareBins","viewId":"application-binstatusreport-display-component---warehousing","bindingPath":{"path":"","propertyPath":"/ZONE","modelName":"newBin"},"searchOpenDialogs":true,"interaction":{"idSuffix":"CbBg"}},"wdio_ui5_key":"etmportal.ui.binstatusreport.view.MasterWareBinssap.m.CheckBox{\"path\":\"\",\"propertyPath\":\"/ZONE\",\"modelName\":\"newBin\"}"}]}
RESULT: undefined
COMMAND: POST /session/85be7df00c2941df1715a768c51ad8f5/element - {"using":"xpath","value":"//*[@id=\"__box16\"]"}
RESULT: {"using":"xpath","value":"//*[@id=\"__box16\"]"}
COMMAND: POST /session/85be7df00c2941df1715a768c51ad8f5/element/f.5D121FC7909F200889B59C01A2F655FF.d.D983CE568D431396AF9F1AE846E1083C.e.3608/click - {}
RESULT: {}
COMMAND: GET /session/85be7df00c2941df1715a768c51ad8f5/screenshot - {}
RESULT: {}
COMMAND: POST /session/85be7df00c2941df1715a768c51ad8f5/execute/async - {"script":"<script> [1562 bytes]","args":[{"selector":{"id":"createOrganizationPop--binTypesCB","searchOpenDialogs":true,"interaction":{"idSuffix":"inner"}},"wdio_ui5_key":"createOrganizationPopbinTypesCB"}]}
RESULT: {"script":"<script> [1562 bytes]","args":[{"selector":{"id":"createOrganizationPop--binTypesCB","searchOpenDialogs":true,"interaction":{"idSuffix":"inner"}},"wdio_ui5_key":"createOrganizationPopbinTypesCB"}]}
RESULT: undefined
COMMAND: POST /session/85be7df00c2941df1715a768c51ad8f5/execute/async - {"script":"<script> [776 bytes]","args":[{"enterText":"1 - General / No capacity check","selector":{"id":"createOrganizationPop--binTypesCB","searchOpenDialogs":true,"interaction":{"idSuffix":"inner"}},"clearTextFirst":true,"interactionType":"ENTER_TEXT"}]}
RESULT: {"script":"<script> [776 bytes]","args":[{"enterText":"1 - General / No capacity check","selector":{"id":"createOrganizationPop--binTypesCB","searchOpenDialogs":true,"interaction":{"idSuffix":"inner"}},"clearTextFirst":true,"interactionType":"ENTER_TEXT"}]}
COMMAND: POST /session/85be7df00c2941df1715a768c51ad8f5/actions - {"actions":[{"id":"action11","type":"key","parameters":{},"actions":[{"type":"keyDown","value":""},{"type":"pause","duration":10},{"type":"keyUp","value":""}]}]}
RESULT: {"actions":[{"id":"action11","type":"key","parameters":{},"actions":[{"type":"keyDown","value":""},{"type":"pause","duration":10},{"type":"keyUp","value":""}]}]}
COMMAND: GET /session/85be7df00c2941df1715a768c51ad8f5/screenshot - {}
RESULT: {}
COMMAND: POST /session/85be7df00c2941df1715a768c51ad8f5/execute/async - {"script":"<script> [1562 bytes]","args":[{"selector":{"id":"createOrganizationPop--finishBtn","searchOpenDialogs":true,"interaction":{"idSuffix":"BDI-content"}},"wdio_ui5_key":"createOrganizationPopfinishBtn"}]}
RESULT: {"script":"<script> [1562 bytes]","args":[{"selector":{"id":"createOrganizationPop--finishBtn","searchOpenDialogs":true,"interaction":{"idSuffix":"BDI-content"}},"wdio_ui5_key":"createOrganizationPopfinishBtn"}]}
RESULT: undefined
COMMAND: POST /session/85be7df00c2941df1715a768c51ad8f5/element - {"using":"xpath","value":"//*[@id=\"createOrganizationPop--finishBtn\"]"}
RESULT: {"using":"xpath","value":"//*[@id=\"createOrganizationPop--finishBtn\"]"}
COMMAND: POST /session/85be7df00c2941df1715a768c51ad8f5/element/f.5D121FC7909F200889B59C01A2F655FF.d.D983CE568D431396AF9F1AE846E1083C.e.3619/click - {}
RESULT: {}
COMMAND: GET /session/85be7df00c2941df1715a768c51ad8f5/screenshot - {}
RESULT: {}
COMMAND: POST /session/85be7df00c2941df1715a768c51ad8f5/element - {"using":"css selector","value":"#shell-header-logo"}
RESULT: {"using":"css selector","value":"#shell-header-logo"}
COMMAND: POST /session/85be7df00c2941df1715a768c51ad8f5/element/f.5D121FC7909F200889B59C01A2F655FF.d.D983CE568D431396AF9F1AE846E1083C.e.3197/click - {}
RESULT: {}
COMMAND: GET /session/85be7df00c2941df1715a768c51ad8f5/screenshot - {}
RESULT: {}
]]></system-out>
    </testcase>
    <testcase classname="chrome.136_0_7103_93.windows.Stock_increase_-_with_WHM_US125587" name="Bin Status Report Should Create New Organization for Site" time="81.039">
      <system-out><![CDATA[
RESULT: undefined
COMMAND: POST /session/85be7df00c2941df1715a768c51ad8f5/element - {"using":"xpath","value":"//*[@id=\"__tile104\"]"}
RESULT: {"using":"xpath","value":"//*[@id=\"__tile104\"]"}
COMMAND: POST /session/85be7df00c2941df1715a768c51ad8f5/element/f.5D121FC7909F200889B59C01A2F655FF.d.D983CE568D431396AF9F1AE846E1083C.e.3190/click - {}
RESULT: {}
COMMAND: GET /session/85be7df00c2941df1715a768c51ad8f5/screenshot - {}
RESULT: {}
COMMAND: POST /session/85be7df00c2941df1715a768c51ad8f5/elements - {"using":"xpath","value":"//span[text()='Error']"}
RESULT: {"using":"xpath","value":"//span[text()='Error']"}
COMMAND: POST /session/85be7df00c2941df1715a768c51ad8f5/element - {"using":"xpath","value":"//button[@id=\"application-binstatusreport-display-component---warehousing--createOrgBtn\"]"}
RESULT: {"using":"xpath","value":"//button[@id=\"application-binstatusreport-display-component---warehousing--createOrgBtn\"]"}
COMMAND: POST /session/85be7df00c2941df1715a768c51ad8f5/elements - {"using":"xpath","value":"//button[@id=\"application-binstatusreport-display-component---warehousing--createOrgBtn\"]"}
RESULT: {"using":"xpath","value":"//button[@id=\"application-binstatusreport-display-component---warehousing--createOrgBtn\"]"}
COMMAND: POST /session/85be7df00c2941df1715a768c51ad8f5/execute/sync - {"script":"<script> [8489 bytes]","args":[{"element-6066-11e4-a52e-4f735466cecf":"f.5D121FC7909F200889B59C01A2F655FF.d.D983CE568D431396AF9F1AE846E1083C.e.3660","ELEMENT":"f.5D121FC7909F200889B59C01A2F655FF.d.D983CE568D431396AF9F1AE846E1083C.e.3660"}]}
RESULT: {"script":"<script> [8489 bytes]","args":[{"element-6066-11e4-a52e-4f735466cecf":"f.5D121FC7909F200889B59C01A2F655FF.d.D983CE568D431396AF9F1AE846E1083C.e.3660","ELEMENT":"f.5D121FC7909F200889B59C01A2F655FF.d.D983CE568D431396AF9F1AE846E1083C.e.3660"}]}
COMMAND: GET /session/85be7df00c2941df1715a768c51ad8f5/element/f.5D121FC7909F200889B59C01A2F655FF.d.D983CE568D431396AF9F1AE846E1083C.e.3660/enabled - {}
COMMAND: GET /session/85be7df00c2941df1715a768c51ad8f5/screenshot - {}
RESULT: {}
COMMAND: POST /session/85be7df00c2941df1715a768c51ad8f5/execute/sync - {"script":"<script> [8489 bytes]","args":[{"element-6066-11e4-a52e-4f735466cecf":"f.5D121FC7909F200889B59C01A2F655FF.d.D983CE568D431396AF9F1AE846E1083C.e.3660","ELEMENT":"f.5D121FC7909F200889B59C01A2F655FF.d.D983CE568D431396AF9F1AE846E1083C.e.3660"}]}
COMMAND: GET /session/85be7df00c2941df1715a768c51ad8f5/screenshot - {}
RESULT: {}
RESULT: {"script":"<script> [8489 bytes]","args":[{"element-6066-11e4-a52e-4f735466cecf":"f.5D121FC7909F200889B59C01A2F655FF.d.D983CE568D431396AF9F1AE846E1083C.e.3660","ELEMENT":"f.5D121FC7909F200889B59C01A2F655FF.d.D983CE568D431396AF9F1AE846E1083C.e.3660"}]}
COMMAND: POST /session/85be7df00c2941df1715a768c51ad8f5/execute/sync - {"script":"<script> [5351 bytes]","args":[{"element-6066-11e4-a52e-4f735466cecf":"f.5D121FC7909F200889B59C01A2F655FF.d.D983CE568D431396AF9F1AE846E1083C.e.3660","ELEMENT":"f.5D121FC7909F200889B59C01A2F655FF.d.D983CE568D431396AF9F1AE846E1083C.e.3660"}]}
COMMAND: GET /session/85be7df00c2941df1715a768c51ad8f5/screenshot - {}
RESULT: {}
RESULT: {"script":"<script> [5351 bytes]","args":[{"element-6066-11e4-a52e-4f735466cecf":"f.5D121FC7909F200889B59C01A2F655FF.d.D983CE568D431396AF9F1AE846E1083C.e.3660","ELEMENT":"f.5D121FC7909F200889B59C01A2F655FF.d.D983CE568D431396AF9F1AE846E1083C.e.3660"}]}
COMMAND: GET /session/85be7df00c2941df1715a768c51ad8f5/screenshot - {}
RESULT: {}
RESULT: {}
COMMAND: POST /session/85be7df00c2941df1715a768c51ad8f5/element/f.5D121FC7909F200889B59C01A2F655FF.d.D983CE568D431396AF9F1AE846E1083C.e.3660/click - {}
RESULT: {}
COMMAND: GET /session/85be7df00c2941df1715a768c51ad8f5/screenshot - {}
RESULT: {}
RESULT: undefined
COMMAND: POST /session/85be7df00c2941df1715a768c51ad8f5/execute/async - {"script":"<script> [776 bytes]","args":[{"enterText":"2074","selector":{"id":"createOrganizationPop--sectionInput","searchOpenDialogs":true,"interaction":{"idSuffix":"inner"}},"clearTextFirst":true,"interactionType":"ENTER_TEXT"}]}
RESULT: {"script":"<script> [776 bytes]","args":[{"enterText":"2074","selector":{"id":"createOrganizationPop--sectionInput","searchOpenDialogs":true,"interaction":{"idSuffix":"inner"}},"clearTextFirst":true,"interactionType":"ENTER_TEXT"}]}
RESULT: undefined
COMMAND: POST /session/85be7df00c2941df1715a768c51ad8f5/execute/async - {"script":"<script> [776 bytes]","args":[{"enterText":"WDIO-2074","selector":{"id":"createOrganizationPop--descriptionInput","searchOpenDialogs":true,"interaction":{"idSuffix":"inner"}},"clearTextFirst":true,"interactionType":"ENTER_TEXT"}]}
RESULT: {"script":"<script> [776 bytes]","args":[{"enterText":"WDIO-2074","selector":{"id":"createOrganizationPop--descriptionInput","searchOpenDialogs":true,"interaction":{"idSuffix":"inner"}},"clearTextFirst":true,"interactionType":"ENTER_TEXT"}]}
COMMAND: POST /session/85be7df00c2941df1715a768c51ad8f5/element - {"using":"css selector","value":"#createOrganizationPop--siteOrg-inner"}
RESULT: {"using":"css selector","value":"#createOrganizationPop--siteOrg-inner"}
COMMAND: POST /session/85be7df00c2941df1715a768c51ad8f5/element/f.5D121FC7909F200889B59C01A2F655FF.d.D983CE568D431396AF9F1AE846E1083C.e.3702/clear - {}
RESULT: {}
COMMAND: POST /session/85be7df00c2941df1715a768c51ad8f5/element/f.5D121FC7909F200889B59C01A2F655FF.d.D983CE568D431396AF9F1AE846E1083C.e.3702/value - {"text":"2074"}
COMMAND: GET /session/85be7df00c2941df1715a768c51ad8f5/screenshot - {}
RESULT: {"text":"2074"}
COMMAND: GET /session/85be7df00c2941df1715a768c51ad8f5/screenshot - {}
RESULT: {}
RESULT: {}
COMMAND: POST /session/85be7df00c2941df1715a768c51ad8f5/actions - {"actions":[{"id":"action12","type":"key","parameters":{},"actions":[{"type":"keyDown","value":""},{"type":"pause","duration":10},{"type":"keyUp","value":""}]}]}
RESULT: {"actions":[{"id":"action12","type":"key","parameters":{},"actions":[{"type":"keyDown","value":""},{"type":"pause","duration":10},{"type":"keyUp","value":""}]}]}
RESULT: undefined
COMMAND: POST /session/85be7df00c2941df1715a768c51ad8f5/element - {"using":"xpath","value":"//*[@id=\"createOrganizationPop--giZone\"]"}
COMMAND: GET /session/85be7df00c2941df1715a768c51ad8f5/screenshot - {}
RESULT: {"using":"xpath","value":"//*[@id=\"createOrganizationPop--giZone\"]"}
COMMAND: POST /session/85be7df00c2941df1715a768c51ad8f5/element/f.5D121FC7909F200889B59C01A2F655FF.d.D983CE568D431396AF9F1AE846E1083C.e.3740/click - {}
RESULT: {}
RESULT: {}
COMMAND: GET /session/85be7df00c2941df1715a768c51ad8f5/screenshot - {}
RESULT: {}
RESULT: undefined
COMMAND: POST /session/85be7df00c2941df1715a768c51ad8f5/execute/async - {"script":"<script> [776 bytes]","args":[{"enterText":"WD-BIN","selector":{"id":"createOrganizationPop--binNoInput","searchOpenDialogs":true,"interaction":{"idSuffix":"inner"}},"clearTextFirst":true,"interactionType":"ENTER_TEXT"}]}
RESULT: {"script":"<script> [776 bytes]","args":[{"enterText":"WD-BIN","selector":{"id":"createOrganizationPop--binNoInput","searchOpenDialogs":true,"interaction":{"idSuffix":"inner"}},"clearTextFirst":true,"interactionType":"ENTER_TEXT"}]}
RESULT: undefined
COMMAND: POST /session/85be7df00c2941df1715a768c51ad8f5/execute/async - {"script":"<script> [776 bytes]","args":[{"enterText":"WD-BIN","selector":{"id":"createOrganizationPop--descriptionId","searchOpenDialogs":true,"interaction":{"idSuffix":"inner"}},"clearTextFirst":true,"interactionType":"ENTER_TEXT"}]}
RESULT: {"script":"<script> [776 bytes]","args":[{"enterText":"WD-BIN","selector":{"id":"createOrganizationPop--descriptionId","searchOpenDialogs":true,"interaction":{"idSuffix":"inner"}},"clearTextFirst":true,"interactionType":"ENTER_TEXT"}]}
COMMAND: POST /session/85be7df00c2941df1715a768c51ad8f5/execute/async - {"script":"<script> [1562 bytes]","args":[{"selector":{"controlType":"sap.m.CheckBox","viewName":"etm.portal.ui.binstatusreport.view.MasterWareBins","viewId":"application-binstatusreport-display-component---warehousing","bindingPath":{"propertyPath":"/ZONE","modelName":"newBin"},"searchOpenDialogs":true,"interaction":{"idSuffix":"CbBg"}},"wdio_ui5_key":"etmportal.ui.binstatusreport.view.MasterWareBinssap.m.CheckBox{\"propertyPath\":\"/ZONE\",\"modelName\":\"newBin\"}"}]}
RESULT: {"script":"<script> [1562 bytes]","args":[{"selector":{"controlType":"sap.m.CheckBox","viewName":"etm.portal.ui.binstatusreport.view.MasterWareBins","viewId":"application-binstatusreport-display-component---warehousing","bindingPath":{"propertyPath":"/ZONE","modelName":"newBin"},"searchOpenDialogs":true,"interaction":{"idSuffix":"CbBg"}},"wdio_ui5_key":"etmportal.ui.binstatusreport.view.MasterWareBinssap.m.CheckBox{\"propertyPath\":\"/ZONE\",\"modelName\":\"newBin\"}"}]}
RESULT: undefined
COMMAND: POST /session/85be7df00c2941df1715a768c51ad8f5/element - {"using":"xpath","value":"//*[@id=\"__box28\"]"}
RESULT: {"using":"xpath","value":"//*[@id=\"__box28\"]"}
COMMAND: POST /session/85be7df00c2941df1715a768c51ad8f5/element/f.5D121FC7909F200889B59C01A2F655FF.d.D983CE568D431396AF9F1AE846E1083C.e.3762/click - {}
RESULT: {}
COMMAND: GET /session/85be7df00c2941df1715a768c51ad8f5/screenshot - {}
RESULT: {}
RESULT: undefined
COMMAND: POST /session/85be7df00c2941df1715a768c51ad8f5/execute/async - {"script":"<script> [776 bytes]","args":[{"enterText":"1 - General / No capacity check","selector":{"id":"createOrganizationPop--binTypesCB","searchOpenDialogs":true,"interaction":{"idSuffix":"inner"}},"clearTextFirst":true,"interactionType":"ENTER_TEXT"}]}
RESULT: {"script":"<script> [776 bytes]","args":[{"enterText":"1 - General / No capacity check","selector":{"id":"createOrganizationPop--binTypesCB","searchOpenDialogs":true,"interaction":{"idSuffix":"inner"}},"clearTextFirst":true,"interactionType":"ENTER_TEXT"}]}
COMMAND: POST /session/85be7df00c2941df1715a768c51ad8f5/execute/async - {"script":"<script> [1562 bytes]","args":[{"selector":{"id":"createOrganizationPop--capacityId","searchOpenDialogs":true,"interaction":{"idSuffix":"inner"}},"wdio_ui5_key":"createOrganizationPopcapacityId"}]}
RESULT: {"script":"<script> [1562 bytes]","args":[{"selector":{"id":"createOrganizationPop--capacityId","searchOpenDialogs":true,"interaction":{"idSuffix":"inner"}},"wdio_ui5_key":"createOrganizationPopcapacityId"}]}
RESULT: undefined
COMMAND: POST /session/85be7df00c2941df1715a768c51ad8f5/actions - {"actions":[{"id":"action13","type":"key","parameters":{},"actions":[{"type":"keyDown","value":""},{"type":"pause","duration":10},{"type":"keyUp","value":""}]}]}
RESULT: {"actions":[{"id":"action13","type":"key","parameters":{},"actions":[{"type":"keyDown","value":""},{"type":"pause","duration":10},{"type":"keyUp","value":""}]}]}
COMMAND: GET /session/85be7df00c2941df1715a768c51ad8f5/screenshot - {}
RESULT: {}
RESULT: undefined
COMMAND: POST /session/85be7df00c2941df1715a768c51ad8f5/element - {"using":"xpath","value":"//*[@id=\"createOrganizationPop--finishBtn\"]"}
RESULT: {"using":"xpath","value":"//*[@id=\"createOrganizationPop--finishBtn\"]"}
COMMAND: POST /session/85be7df00c2941df1715a768c51ad8f5/element/f.5D121FC7909F200889B59C01A2F655FF.d.D983CE568D431396AF9F1AE846E1083C.e.3776/click - {}
RESULT: {}
COMMAND: GET /session/85be7df00c2941df1715a768c51ad8f5/screenshot - {}
RESULT: {}
COMMAND: POST /session/85be7df00c2941df1715a768c51ad8f5/element - {"using":"css selector","value":"#shell-header-logo"}
RESULT: {"using":"css selector","value":"#shell-header-logo"}
COMMAND: POST /session/85be7df00c2941df1715a768c51ad8f5/element/f.5D121FC7909F200889B59C01A2F655FF.d.D983CE568D431396AF9F1AE846E1083C.e.3628/click - {}
RESULT: {}
COMMAND: GET /session/85be7df00c2941df1715a768c51ad8f5/screenshot - {}
RESULT: {}
]]></system-out>
    </testcase>
    <testcase classname="chrome.136_0_7103_93.windows.Stock_increase_-_with_WHM_US125587" name="Create a Warehouse Movement for created yard" time="51.785">
      <system-out><![CDATA[
COMMAND: POST /session/85be7df00c2941df1715a768c51ad8f5/execute/async - {"script":"<script> [1562 bytes]","args":[{"selector":{"controlType":"sap.m.GenericTile","properties":{"header":"Manage Warehouse Movements"}},"wdio_ui5_key":"sapm.GenericTile{\"header\":\"Manage Warehouse Movements\"}"}]}
RESULT: {"script":"<script> [1562 bytes]","args":[{"selector":{"controlType":"sap.m.GenericTile","properties":{"header":"Manage Warehouse Movements"}},"wdio_ui5_key":"sapm.GenericTile{\"header\":\"Manage Warehouse Movements\"}"}]}
RESULT: undefined
COMMAND: POST /session/85be7df00c2941df1715a768c51ad8f5/element - {"using":"xpath","value":"//*[@id=\"__tile105\"]"}
RESULT: {"using":"xpath","value":"//*[@id=\"__tile105\"]"}
COMMAND: POST /session/85be7df00c2941df1715a768c51ad8f5/element/f.5D121FC7909F200889B59C01A2F655FF.d.D983CE568D431396AF9F1AE846E1083C.e.3809/click - {}
RESULT: {}
COMMAND: GET /session/85be7df00c2941df1715a768c51ad8f5/screenshot - {}
RESULT: {}
COMMAND: POST /session/85be7df00c2941df1715a768c51ad8f5/elements - {"using":"xpath","value":"//span[text()='Error']"}
RESULT: {"using":"xpath","value":"//span[text()='Error']"}
COMMAND: POST /session/85be7df00c2941df1715a768c51ad8f5/element - {"using":"xpath","value":"//input[@id='application-warehousemovements-display-component---warehouseMovements--smartFilterBar-filterItemControl_BASIC-YARD-inner']"}
RESULT: {"using":"xpath","value":"//input[@id='application-warehousemovements-display-component---warehouseMovements--smartFilterBar-filterItemControl_BASIC-YARD-inner']"}
COMMAND: POST /session/85be7df00c2941df1715a768c51ad8f5/elements - {"using":"xpath","value":"//input[@id='application-warehousemovements-display-component---warehouseMovements--smartFilterBar-filterItemControl_BASIC-YARD-inner']"}
RESULT: {"using":"xpath","value":"//input[@id='application-warehousemovements-display-component---warehouseMovements--smartFilterBar-filterItemControl_BASIC-YARD-inner']"}
COMMAND: POST /session/85be7df00c2941df1715a768c51ad8f5/execute/sync - {"script":"<script> [8489 bytes]","args":[{"element-6066-11e4-a52e-4f735466cecf":"f.5D121FC7909F200889B59C01A2F655FF.d.D983CE568D431396AF9F1AE846E1083C.e.3831","ELEMENT":"f.5D121FC7909F200889B59C01A2F655FF.d.D983CE568D431396AF9F1AE846E1083C.e.3831"}]}
RESULT: {"script":"<script> [8489 bytes]","args":[{"element-6066-11e4-a52e-4f735466cecf":"f.5D121FC7909F200889B59C01A2F655FF.d.D983CE568D431396AF9F1AE846E1083C.e.3831","ELEMENT":"f.5D121FC7909F200889B59C01A2F655FF.d.D983CE568D431396AF9F1AE846E1083C.e.3831"}]}
COMMAND: GET /session/85be7df00c2941df1715a768c51ad8f5/element/f.5D121FC7909F200889B59C01A2F655FF.d.D983CE568D431396AF9F1AE846E1083C.e.3831/enabled - {}
COMMAND: GET /session/85be7df00c2941df1715a768c51ad8f5/screenshot - {}
RESULT: {}
COMMAND: POST /session/85be7df00c2941df1715a768c51ad8f5/execute/sync - {"script":"<script> [8489 bytes]","args":[{"element-6066-11e4-a52e-4f735466cecf":"f.5D121FC7909F200889B59C01A2F655FF.d.D983CE568D431396AF9F1AE846E1083C.e.3831","ELEMENT":"f.5D121FC7909F200889B59C01A2F655FF.d.D983CE568D431396AF9F1AE846E1083C.e.3831"}]}
COMMAND: GET /session/85be7df00c2941df1715a768c51ad8f5/screenshot - {}
RESULT: {}
RESULT: {"script":"<script> [8489 bytes]","args":[{"element-6066-11e4-a52e-4f735466cecf":"f.5D121FC7909F200889B59C01A2F655FF.d.D983CE568D431396AF9F1AE846E1083C.e.3831","ELEMENT":"f.5D121FC7909F200889B59C01A2F655FF.d.D983CE568D431396AF9F1AE846E1083C.e.3831"}]}
COMMAND: POST /session/85be7df00c2941df1715a768c51ad8f5/execute/sync - {"script":"<script> [5351 bytes]","args":[{"element-6066-11e4-a52e-4f735466cecf":"f.5D121FC7909F200889B59C01A2F655FF.d.D983CE568D431396AF9F1AE846E1083C.e.3831","ELEMENT":"f.5D121FC7909F200889B59C01A2F655FF.d.D983CE568D431396AF9F1AE846E1083C.e.3831"}]}
COMMAND: GET /session/85be7df00c2941df1715a768c51ad8f5/screenshot - {}
RESULT: {}
RESULT: {"script":"<script> [5351 bytes]","args":[{"element-6066-11e4-a52e-4f735466cecf":"f.5D121FC7909F200889B59C01A2F655FF.d.D983CE568D431396AF9F1AE846E1083C.e.3831","ELEMENT":"f.5D121FC7909F200889B59C01A2F655FF.d.D983CE568D431396AF9F1AE846E1083C.e.3831"}]}
COMMAND: GET /session/85be7df00c2941df1715a768c51ad8f5/screenshot - {}
RESULT: {}
RESULT: {}
COMMAND: POST /session/85be7df00c2941df1715a768c51ad8f5/element/f.5D121FC7909F200889B59C01A2F655FF.d.D983CE568D431396AF9F1AE846E1083C.e.3831/clear - {}
RESULT: {}
COMMAND: POST /session/85be7df00c2941df1715a768c51ad8f5/element/f.5D121FC7909F200889B59C01A2F655FF.d.D983CE568D431396AF9F1AE846E1083C.e.3831/value - {"text":"221"}
COMMAND: GET /session/85be7df00c2941df1715a768c51ad8f5/screenshot - {}
RESULT: {"text":"221"}
COMMAND: POST /session/85be7df00c2941df1715a768c51ad8f5/actions - {"actions":[{"id":"action14","type":"key","parameters":{},"actions":[{"type":"keyDown","value":""},{"type":"pause","duration":10},{"type":"keyUp","value":""}]}]}
COMMAND: GET /session/85be7df00c2941df1715a768c51ad8f5/screenshot - {}
RESULT: {}
RESULT: {"actions":[{"id":"action14","type":"key","parameters":{},"actions":[{"type":"keyDown","value":""},{"type":"pause","duration":10},{"type":"keyUp","value":""}]}]}
COMMAND: GET /session/85be7df00c2941df1715a768c51ad8f5/screenshot - {}
RESULT: {}
RESULT: {}
COMMAND: POST /session/85be7df00c2941df1715a768c51ad8f5/element - {"using":"xpath","value":"//button[contains(@data-kt, \"MasterMovementAddOverflowToolbarButton\")]"}
RESULT: {"using":"xpath","value":"//button[contains(@data-kt, \"MasterMovementAddOverflowToolbarButton\")]"}
COMMAND: POST /session/85be7df00c2941df1715a768c51ad8f5/element/f.5D121FC7909F200889B59C01A2F655FF.d.D983CE568D431396AF9F1AE846E1083C.e.3853/click - {}
RESULT: {}
COMMAND: GET /session/85be7df00c2941df1715a768c51ad8f5/screenshot - {}
RESULT: {}
COMMAND: POST /session/85be7df00c2941df1715a768c51ad8f5/element - {"using":"xpath","value":"//*[@id=\"application-warehousemovements-display-component---addMovement--sectionsList-arrow\"]"}
RESULT: {"using":"xpath","value":"//*[@id=\"application-warehousemovements-display-component---addMovement--sectionsList-arrow\"]"}
COMMAND: POST /session/85be7df00c2941df1715a768c51ad8f5/element/f.5D121FC7909F200889B59C01A2F655FF.d.D983CE568D431396AF9F1AE846E1083C.e.4020/click - {}
RESULT: {}
COMMAND: POST /session/85be7df00c2941df1715a768c51ad8f5/actions - {"actions":[{"id":"action15","type":"key","parameters":{},"actions":[{"type":"keyDown","value":""},{"type":"pause","duration":10},{"type":"keyUp","value":""}]}]}
COMMAND: GET /session/85be7df00c2941df1715a768c51ad8f5/screenshot - {}
RESULT: {"actions":[{"id":"action15","type":"key","parameters":{},"actions":[{"type":"keyDown","value":""},{"type":"pause","duration":10},{"type":"keyUp","value":""}]}]}
COMMAND: GET /session/85be7df00c2941df1715a768c51ad8f5/screenshot - {}
RESULT: {}
RESULT: {}
COMMAND: POST /session/85be7df00c2941df1715a768c51ad8f5/actions - {"actions":[{"id":"action16","type":"key","parameters":{},"actions":[{"type":"keyDown","value":""},{"type":"pause","duration":10},{"type":"keyUp","value":""}]}]}
RESULT: {"actions":[{"id":"action16","type":"key","parameters":{},"actions":[{"type":"keyDown","value":""},{"type":"pause","duration":10},{"type":"keyUp","value":""}]}]}
COMMAND: GET /session/85be7df00c2941df1715a768c51ad8f5/screenshot - {}
RESULT: {}
COMMAND: POST /session/85be7df00c2941df1715a768c51ad8f5/element - {"using":"xpath","value":"//*[@id=\"application-warehousemovements-display-component---addMovement--saveMovementBtn-BDI-content\" and text()=\"Save\"]"}
RESULT: {"using":"xpath","value":"//*[@id=\"application-warehousemovements-display-component---addMovement--saveMovementBtn-BDI-content\" and text()=\"Save\"]"}
COMMAND: POST /session/85be7df00c2941df1715a768c51ad8f5/element/f.5D121FC7909F200889B59C01A2F655FF.d.D983CE568D431396AF9F1AE846E1083C.e.4021/click - {}
RESULT: {}
COMMAND: GET /session/85be7df00c2941df1715a768c51ad8f5/screenshot - {}
RESULT: {}
COMMAND: POST /session/85be7df00c2941df1715a768c51ad8f5/element - {"using":"css selector","value":"#shell-header-logo"}
RESULT: {"using":"css selector","value":"#shell-header-logo"}
COMMAND: POST /session/85be7df00c2941df1715a768c51ad8f5/element/f.5D121FC7909F200889B59C01A2F655FF.d.D983CE568D431396AF9F1AE846E1083C.e.3812/click - {}
RESULT: {}
COMMAND: GET /session/85be7df00c2941df1715a768c51ad8f5/screenshot - {}
RESULT: {}
]]></system-out>
    </testcase>
    <testcase classname="chrome.136_0_7103_93.windows.Stock_increase_-_with_WHM_US125587" name="Should do a stock increase handover" time="92.436">
      <system-out><![CDATA[
COMMAND: POST /session/85be7df00c2941df1715a768c51ad8f5/execute/async - {"script":"<script> [1562 bytes]","args":[{"selector":{"controlType":"sap.m.GenericTile","properties":{"header":"Manage Handovers"}},"wdio_ui5_key":"sapm.GenericTile{\"header\":\"Manage Handovers\"}"}]}
RESULT: {"script":"<script> [1562 bytes]","args":[{"selector":{"controlType":"sap.m.GenericTile","properties":{"header":"Manage Handovers"}},"wdio_ui5_key":"sapm.GenericTile{\"header\":\"Manage Handovers\"}"}]}
RESULT: undefined
COMMAND: POST /session/85be7df00c2941df1715a768c51ad8f5/element - {"using":"xpath","value":"//*[@id=\"__tile131\"]"}
RESULT: {"using":"xpath","value":"//*[@id=\"__tile131\"]"}
COMMAND: POST /session/85be7df00c2941df1715a768c51ad8f5/element/f.5D121FC7909F200889B59C01A2F655FF.d.D983CE568D431396AF9F1AE846E1083C.e.2523/click - {}
RESULT: {}
COMMAND: GET /session/85be7df00c2941df1715a768c51ad8f5/screenshot - {}
RESULT: {}
COMMAND: POST /session/85be7df00c2941df1715a768c51ad8f5/elements - {"using":"xpath","value":"//span[text()='Error']"}
RESULT: {"using":"xpath","value":"//span[text()='Error']"}
COMMAND: POST /session/85be7df00c2941df1715a768c51ad8f5/element - {"using":"xpath","value":"//button[@data-kt=\"masterHOAddButton\"]"}
RESULT: {"using":"xpath","value":"//button[@data-kt=\"masterHOAddButton\"]"}
COMMAND: POST /session/85be7df00c2941df1715a768c51ad8f5/elements - {"using":"xpath","value":"//button[@data-kt=\"masterHOAddButton\"]"}
RESULT: {"using":"xpath","value":"//button[@data-kt=\"masterHOAddButton\"]"}
COMMAND: POST /session/85be7df00c2941df1715a768c51ad8f5/execute/sync - {"script":"<script> [8489 bytes]","args":[{"element-6066-11e4-a52e-4f735466cecf":"f.5D121FC7909F200889B59C01A2F655FF.d.D983CE568D431396AF9F1AE846E1083C.e.4116","ELEMENT":"f.5D121FC7909F200889B59C01A2F655FF.d.D983CE568D431396AF9F1AE846E1083C.e.4116"}]}
RESULT: {"script":"<script> [8489 bytes]","args":[{"element-6066-11e4-a52e-4f735466cecf":"f.5D121FC7909F200889B59C01A2F655FF.d.D983CE568D431396AF9F1AE846E1083C.e.4116","ELEMENT":"f.5D121FC7909F200889B59C01A2F655FF.d.D983CE568D431396AF9F1AE846E1083C.e.4116"}]}
COMMAND: GET /session/85be7df00c2941df1715a768c51ad8f5/element/f.5D121FC7909F200889B59C01A2F655FF.d.D983CE568D431396AF9F1AE846E1083C.e.4116/enabled - {}
COMMAND: GET /session/85be7df00c2941df1715a768c51ad8f5/screenshot - {}
RESULT: {}
COMMAND: POST /session/85be7df00c2941df1715a768c51ad8f5/execute/sync - {"script":"<script> [8489 bytes]","args":[{"element-6066-11e4-a52e-4f735466cecf":"f.5D121FC7909F200889B59C01A2F655FF.d.D983CE568D431396AF9F1AE846E1083C.e.4116","ELEMENT":"f.5D121FC7909F200889B59C01A2F655FF.d.D983CE568D431396AF9F1AE846E1083C.e.4116"}]}
COMMAND: GET /session/85be7df00c2941df1715a768c51ad8f5/screenshot - {}
RESULT: {}
RESULT: {"script":"<script> [8489 bytes]","args":[{"element-6066-11e4-a52e-4f735466cecf":"f.5D121FC7909F200889B59C01A2F655FF.d.D983CE568D431396AF9F1AE846E1083C.e.4116","ELEMENT":"f.5D121FC7909F200889B59C01A2F655FF.d.D983CE568D431396AF9F1AE846E1083C.e.4116"}]}
COMMAND: POST /session/85be7df00c2941df1715a768c51ad8f5/execute/sync - {"script":"<script> [5351 bytes]","args":[{"element-6066-11e4-a52e-4f735466cecf":"f.5D121FC7909F200889B59C01A2F655FF.d.D983CE568D431396AF9F1AE846E1083C.e.4116","ELEMENT":"f.5D121FC7909F200889B59C01A2F655FF.d.D983CE568D431396AF9F1AE846E1083C.e.4116"}]}
COMMAND: GET /session/85be7df00c2941df1715a768c51ad8f5/screenshot - {}
RESULT: {}
RESULT: {"script":"<script> [5351 bytes]","args":[{"element-6066-11e4-a52e-4f735466cecf":"f.5D121FC7909F200889B59C01A2F655FF.d.D983CE568D431396AF9F1AE846E1083C.e.4116","ELEMENT":"f.5D121FC7909F200889B59C01A2F655FF.d.D983CE568D431396AF9F1AE846E1083C.e.4116"}]}
COMMAND: POST /session/85be7df00c2941df1715a768c51ad8f5/element/f.5D121FC7909F200889B59C01A2F655FF.d.D983CE568D431396AF9F1AE846E1083C.e.4116/click - {}
COMMAND: GET /session/85be7df00c2941df1715a768c51ad8f5/screenshot - {}
RESULT: {}
RESULT: {}
COMMAND: GET /session/85be7df00c2941df1715a768c51ad8f5/screenshot - {}
COMMAND: POST /session/85be7df00c2941df1715a768c51ad8f5/element - {"using":"xpath","value":"//span[contains(@id ,\"AddNewHO--typeSelect-arrow\")]"}
RESULT: {}
RESULT: {}
RESULT: {"using":"xpath","value":"//span[contains(@id ,\"AddNewHO--typeSelect-arrow\")]"}
COMMAND: POST /session/85be7df00c2941df1715a768c51ad8f5/element/f.5D121FC7909F200889B59C01A2F655FF.d.D983CE568D431396AF9F1AE846E1083C.e.4465/click - {}
RESULT: {}
COMMAND: GET /session/85be7df00c2941df1715a768c51ad8f5/screenshot - {}
RESULT: {}
COMMAND: POST /session/85be7df00c2941df1715a768c51ad8f5/element - {"using":"xpath","value":"(//li[contains(text(), \"stock increase yard\")])[1]"}
RESULT: {"using":"xpath","value":"(//li[contains(text(), \"stock increase yard\")])[1]"}
COMMAND: POST /session/85be7df00c2941df1715a768c51ad8f5/element/f.5D121FC7909F200889B59C01A2F655FF.d.D983CE568D431396AF9F1AE846E1083C.e.4466/click - {}
RESULT: {}
COMMAND: GET /session/85be7df00c2941df1715a768c51ad8f5/screenshot - {}
RESULT: {}
COMMAND: POST /session/85be7df00c2941df1715a768c51ad8f5/execute/async - {"script":"<script> [1562 bytes]","args":[{"selector":{"id":"application-managehandovers-display-component---AddNewHO--dueDate","interaction":{"idSuffix":"inner"}},"wdio_ui5_key":"applicationmanagehandovers-display-component---AddNewHO--dueDate"}]}
RESULT: {"script":"<script> [1562 bytes]","args":[{"selector":{"id":"application-managehandovers-display-component---AddNewHO--dueDate","interaction":{"idSuffix":"inner"}},"wdio_ui5_key":"applicationmanagehandovers-display-component---AddNewHO--dueDate"}]}
RESULT: undefined
COMMAND: POST /session/85be7df00c2941df1715a768c51ad8f5/execute/async - {"script":"<script> [6424 bytes]","args":[{"element-6066-11e4-a52e-4f735466cecf":"f.5D121FC7909F200889B59C01A2F655FF.d.D983CE568D431396AF9F1AE846E1083C.e.4470"},"setValue",["5/23/25"]]}
RESULT: {"script":"<script> [6424 bytes]","args":[{"element-6066-11e4-a52e-4f735466cecf":"f.5D121FC7909F200889B59C01A2F655FF.d.D983CE568D431396AF9F1AE846E1083C.e.4470"},"setValue",["5/23/25"]]}
COMMAND: POST /session/85be7df00c2941df1715a768c51ad8f5/element - {"using":"xpath","value":"//input[@id=\"generalSectionFrg--receiveYard-inner\"]"}
RESULT: {"using":"xpath","value":"//input[@id=\"generalSectionFrg--receiveYard-inner\"]"}
COMMAND: POST /session/85be7df00c2941df1715a768c51ad8f5/element/f.5D121FC7909F200889B59C01A2F655FF.d.D983CE568D431396AF9F1AE846E1083C.e.4476/clear - {}
RESULT: {}
COMMAND: POST /session/85be7df00c2941df1715a768c51ad8f5/element/f.5D121FC7909F200889B59C01A2F655FF.d.D983CE568D431396AF9F1AE846E1083C.e.4476/value - {"text":"221"}
COMMAND: GET /session/85be7df00c2941df1715a768c51ad8f5/screenshot - {}
RESULT: {"text":"221"}
COMMAND: GET /session/85be7df00c2941df1715a768c51ad8f5/screenshot - {}
RESULT: {}
RESULT: {}
COMMAND: POST /session/85be7df00c2941df1715a768c51ad8f5/element - {"using":"xpath","value":"//li[.//span[text()='221']]"}
RESULT: {"using":"xpath","value":"//li[.//span[text()='221']]"}
COMMAND: POST /session/85be7df00c2941df1715a768c51ad8f5/element/f.5D121FC7909F200889B59C01A2F655FF.d.D983CE568D431396AF9F1AE846E1083C.e.4490/click - {}
RESULT: {}
COMMAND: GET /session/85be7df00c2941df1715a768c51ad8f5/screenshot - {}
RESULT: {}
COMMAND: POST /session/85be7df00c2941df1715a768c51ad8f5/execute/async - {"script":"<script> [1562 bytes]","args":[{"selector":{"id":"application-managehandovers-display-component---AddNewHO--ObjectPageLayout-anchBar-application-managehandovers-display-component---AddNewHO--section4-anchor","interaction":{"idSuffix":"BDI-content"}},"wdio_ui5_key":"applicationmanagehandovers-display-component---AddNewHO--ObjectPageLayout-anchBar-application-managehandovers-display-component---AddNewHO--section4-anchor"}]}
RESULT: {"script":"<script> [1562 bytes]","args":[{"selector":{"id":"application-managehandovers-display-component---AddNewHO--ObjectPageLayout-anchBar-application-managehandovers-display-component---AddNewHO--section4-anchor","interaction":{"idSuffix":"BDI-content"}},"wdio_ui5_key":"applicationmanagehandovers-display-component---AddNewHO--ObjectPageLayout-anchBar-application-managehandovers-display-component---AddNewHO--section4-anchor"}]}
RESULT: undefined
COMMAND: POST /session/85be7df00c2941df1715a768c51ad8f5/element - {"using":"xpath","value":"//*[@id=\"application-managehandovers-display-component---AddNewHO--ObjectPageLayout-anchBar-application-managehandovers-display-component---AddNewHO--section4-anchor\"]"}
RESULT: {"using":"xpath","value":"//*[@id=\"application-managehandovers-display-component---AddNewHO--ObjectPageLayout-anchBar-application-managehandovers-display-component---AddNewHO--section4-anchor\"]"}
COMMAND: POST /session/85be7df00c2941df1715a768c51ad8f5/element/f.5D121FC7909F200889B59C01A2F655FF.d.D983CE568D431396AF9F1AE846E1083C.e.4492/click - {}
RESULT: {}
COMMAND: POST /session/85be7df00c2941df1715a768c51ad8f5/element - {"using":"xpath","value":"//button[@aria-label=\"Add\"]"}
COMMAND: GET /session/85be7df00c2941df1715a768c51ad8f5/screenshot - {}
RESULT: {"using":"xpath","value":"//button[@aria-label=\"Add\"]"}
COMMAND: POST /session/85be7df00c2941df1715a768c51ad8f5/element/f.5D121FC7909F200889B59C01A2F655FF.d.D983CE568D431396AF9F1AE846E1083C.e.4494/click - {}
RESULT: {}
RESULT: {}
COMMAND: GET /session/85be7df00c2941df1715a768c51ad8f5/screenshot - {}
RESULT: {}
COMMAND: POST /session/85be7df00c2941df1715a768c51ad8f5/execute/async - {"script":"<script> [1562 bytes]","args":[{"selector":{"id":"application-managehandovers-display-component---AddNewHO--smartFilterBar-btnBasicSearch","searchOpenDialogs":true,"interaction":{"idSuffix":"I"}},"wdio_ui5_key":"applicationmanagehandovers-display-component---AddNewHO--smartFilterBar-btnBasicSearch"}]}
RESULT: {"script":"<script> [1562 bytes]","args":[{"selector":{"id":"application-managehandovers-display-component---AddNewHO--smartFilterBar-btnBasicSearch","searchOpenDialogs":true,"interaction":{"idSuffix":"I"}},"wdio_ui5_key":"applicationmanagehandovers-display-component---AddNewHO--smartFilterBar-btnBasicSearch"}]}
RESULT: undefined
COMMAND: POST /session/85be7df00c2941df1715a768c51ad8f5/execute/async - {"script":"<script> [776 bytes]","args":[{"enterText":"200085","selector":{"id":"application-managehandovers-display-component---AddNewHO--smartFilterBar-btnBasicSearch","searchOpenDialogs":true,"interaction":{"idSuffix":"I"}},"clearTextFirst":true,"interactionType":"ENTER_TEXT"}]}
RESULT: {"script":"<script> [776 bytes]","args":[{"enterText":"200085","selector":{"id":"application-managehandovers-display-component---AddNewHO--smartFilterBar-btnBasicSearch","searchOpenDialogs":true,"interaction":{"idSuffix":"I"}},"clearTextFirst":true,"interactionType":"ENTER_TEXT"}]}
COMMAND: POST /session/85be7df00c2941df1715a768c51ad8f5/actions - {"actions":[{"id":"action17","type":"key","parameters":{},"actions":[{"type":"keyDown","value":""},{"type":"pause","duration":10},{"type":"keyUp","value":""}]}]}
RESULT: {"actions":[{"id":"action17","type":"key","parameters":{},"actions":[{"type":"keyDown","value":""},{"type":"pause","duration":10},{"type":"keyUp","value":""}]}]}
COMMAND: GET /session/85be7df00c2941df1715a768c51ad8f5/screenshot - {}
RESULT: {}
COMMAND: POST /session/85be7df00c2941df1715a768c51ad8f5/execute/async - {"script":"<script> [1562 bytes]","args":[{"selector":{"id":"application-managehandovers-display-component---AddNewHO--popup-sa","searchOpenDialogs":true,"interaction":{"idSuffix":"CbBg"}},"wdio_ui5_key":"applicationmanagehandovers-display-component---AddNewHO--popup-sa"}]}
RESULT: {"script":"<script> [1562 bytes]","args":[{"selector":{"id":"application-managehandovers-display-component---AddNewHO--popup-sa","searchOpenDialogs":true,"interaction":{"idSuffix":"CbBg"}},"wdio_ui5_key":"applicationmanagehandovers-display-component---AddNewHO--popup-sa"}]}
RESULT: undefined
COMMAND: POST /session/85be7df00c2941df1715a768c51ad8f5/element - {"using":"xpath","value":"//*[@id=\"application-managehandovers-display-component---AddNewHO--popup-sa\"]"}
RESULT: {"using":"xpath","value":"//*[@id=\"application-managehandovers-display-component---AddNewHO--popup-sa\"]"}
COMMAND: POST /session/85be7df00c2941df1715a768c51ad8f5/element/f.5D121FC7909F200889B59C01A2F655FF.d.D983CE568D431396AF9F1AE846E1083C.e.4644/click - {}
RESULT: {}
COMMAND: GET /session/85be7df00c2941df1715a768c51ad8f5/screenshot - {}
RESULT: {}
COMMAND: POST /session/85be7df00c2941df1715a768c51ad8f5/element - {"using":"xpath","value":"//bdi[contains(text(), \"Select\")]"}
RESULT: {"using":"xpath","value":"//bdi[contains(text(), \"Select\")]"}
COMMAND: POST /session/85be7df00c2941df1715a768c51ad8f5/element/f.5D121FC7909F200889B59C01A2F655FF.d.D983CE568D431396AF9F1AE846E1083C.e.4645/click - {}
RESULT: {}
COMMAND: GET /session/85be7df00c2941df1715a768c51ad8f5/screenshot - {}
RESULT: {}
COMMAND: POST /session/85be7df00c2941df1715a768c51ad8f5/element - {"using":"xpath","value":"//button[@data-kt=\"AddNewHOSaveButton\"]"}
RESULT: {"using":"xpath","value":"//button[@data-kt=\"AddNewHOSaveButton\"]"}
COMMAND: POST /session/85be7df00c2941df1715a768c51ad8f5/element/f.5D121FC7909F200889B59C01A2F655FF.d.D983CE568D431396AF9F1AE846E1083C.e.4649/click - {}
RESULT: {}
COMMAND: GET /session/85be7df00c2941df1715a768c51ad8f5/screenshot - {}
RESULT: {}
COMMAND: POST /session/85be7df00c2941df1715a768c51ad8f5/execute/async - {"script":"<script> [1562 bytes]","args":[{"selector":{"id":"receiptDatePicker","viewName":"etm.portal.ui.managehandovers.view.DetailExecuteHO","interaction":{"idSuffix":"inner"}},"wdio_ui5_key":"receiptDatePickeretmportal.ui.managehandovers.view.DetailExecuteHO"}]}
RESULT: {"script":"<script> [1562 bytes]","args":[{"selector":{"id":"receiptDatePicker","viewName":"etm.portal.ui.managehandovers.view.DetailExecuteHO","interaction":{"idSuffix":"inner"}},"wdio_ui5_key":"receiptDatePickeretmportal.ui.managehandovers.view.DetailExecuteHO"}]}
RESULT: undefined
COMMAND: POST /session/85be7df00c2941df1715a768c51ad8f5/execute/async - {"script":"<script> [6424 bytes]","args":[{"element-6066-11e4-a52e-4f735466cecf":"f.5D121FC7909F200889B59C01A2F655FF.d.D983CE568D431396AF9F1AE846E1083C.e.4679"},"setValue",["5/23/25"]]}
RESULT: {"script":"<script> [6424 bytes]","args":[{"element-6066-11e4-a52e-4f735466cecf":"f.5D121FC7909F200889B59C01A2F655FF.d.D983CE568D431396AF9F1AE846E1083C.e.4679"},"setValue",["5/23/25"]]}
COMMAND: POST /session/85be7df00c2941df1715a768c51ad8f5/element - {"using":"xpath","value":"//button[@data-kt=\"ReceivingTableConfirmAllButton\"]"}
RESULT: {"using":"xpath","value":"//button[@data-kt=\"ReceivingTableConfirmAllButton\"]"}
COMMAND: POST /session/85be7df00c2941df1715a768c51ad8f5/element/f.5D121FC7909F200889B59C01A2F655FF.d.D983CE568D431396AF9F1AE846E1083C.e.4696/click - {}
RESULT: {}
COMMAND: GET /session/85be7df00c2941df1715a768c51ad8f5/screenshot - {}
RESULT: {}
COMMAND: POST /session/85be7df00c2941df1715a768c51ad8f5/element - {"using":"xpath","value":"//bdi[contains(text(), \"OK\")]"}
RESULT: {"using":"xpath","value":"//bdi[contains(text(), \"OK\")]"}
COMMAND: POST /session/85be7df00c2941df1715a768c51ad8f5/element/f.5D121FC7909F200889B59C01A2F655FF.d.D983CE568D431396AF9F1AE846E1083C.e.4698/click - {}
RESULT: {}
COMMAND: GET /session/85be7df00c2941df1715a768c51ad8f5/screenshot - {}
RESULT: {}
COMMAND: POST /session/85be7df00c2941df1715a768c51ad8f5/element - {"using":"xpath","value":"(//bdi[contains(text(), \"Receive\")])[2]"}
RESULT: {"using":"xpath","value":"(//bdi[contains(text(), \"Receive\")])[2]"}
COMMAND: POST /session/85be7df00c2941df1715a768c51ad8f5/element/f.5D121FC7909F200889B59C01A2F655FF.d.D983CE568D431396AF9F1AE846E1083C.e.4700/click - {}
RESULT: {}
COMMAND: GET /session/85be7df00c2941df1715a768c51ad8f5/screenshot - {}
RESULT: {}
COMMAND: POST /session/85be7df00c2941df1715a768c51ad8f5/element - {"using":"css selector","value":"#shell-header-logo"}
RESULT: {"using":"css selector","value":"#shell-header-logo"}
COMMAND: POST /session/85be7df00c2941df1715a768c51ad8f5/element/f.5D121FC7909F200889B59C01A2F655FF.d.D983CE568D431396AF9F1AE846E1083C.e.4088/click - {}
RESULT: {}
COMMAND: GET /session/85be7df00c2941df1715a768c51ad8f5/screenshot - {}
RESULT: {}
COMMAND: POST /session/85be7df00c2941df1715a768c51ad8f5/element - {"using":"css selector","value":"#j_username"}
COMMAND: POST /session/85be7df00c2941df1715a768c51ad8f5/url - {"url":"https://qa-testing-00-live-etm-ui.cfapps.eu10-004.hana.ondemand.com/"}
RESULT: {"using":"css selector","value":"#j_username"}
COMMAND: POST /session/85be7df00c2941df1715a768c51ad8f5/element - {"using":"css selector","value":"#j_username"}
RESULT: {"url":"https://qa-testing-00-live-etm-ui.cfapps.eu10-004.hana.ondemand.com/"}
RESULT: undefined
COMMAND: GET /session/85be7df00c2941df1715a768c51ad8f5/screenshot - {}
RESULT: {"using":"css selector","value":"#j_username"}
COMMAND: POST /session/85be7df00c2941df1715a768c51ad8f5/element - {"using":"css selector","value":"#shell-header-logo"}
RESULT: {}
RESULT: {"using":"css selector","value":"#shell-header-logo"}
COMMAND: POST /session/85be7df00c2941df1715a768c51ad8f5/execute/sync - {"script":"<script> [8489 bytes]","args":[{"element-6066-11e4-a52e-4f735466cecf":"f.5D121FC7909F200889B59C01A2F655FF.d.A7F6EF84353BA75C13DBBEAC790F6B4E.e.4883","ELEMENT":"f.5D121FC7909F200889B59C01A2F655FF.d.A7F6EF84353BA75C13DBBEAC790F6B4E.e.4883"}]}
RESULT: {"script":"<script> [8489 bytes]","args":[{"element-6066-11e4-a52e-4f735466cecf":"f.5D121FC7909F200889B59C01A2F655FF.d.A7F6EF84353BA75C13DBBEAC790F6B4E.e.4883","ELEMENT":"f.5D121FC7909F200889B59C01A2F655FF.d.A7F6EF84353BA75C13DBBEAC790F6B4E.e.4883"}]}
COMMAND: POST /session/85be7df00c2941df1715a768c51ad8f5/element - {"using":"css selector","value":"#shell-header-logo"}
COMMAND: GET /session/85be7df00c2941df1715a768c51ad8f5/screenshot - {}
RESULT: {"using":"css selector","value":"#shell-header-logo"}
COMMAND: POST /session/85be7df00c2941df1715a768c51ad8f5/execute/sync - {"script":"<script> [8489 bytes]","args":[{"element-6066-11e4-a52e-4f735466cecf":"f.5D121FC7909F200889B59C01A2F655FF.d.A7F6EF84353BA75C13DBBEAC790F6B4E.e.4883","ELEMENT":"f.5D121FC7909F200889B59C01A2F655FF.d.A7F6EF84353BA75C13DBBEAC790F6B4E.e.4883"}]}
RESULT: {}
RESULT: {"script":"<script> [8489 bytes]","args":[{"element-6066-11e4-a52e-4f735466cecf":"f.5D121FC7909F200889B59C01A2F655FF.d.A7F6EF84353BA75C13DBBEAC790F6B4E.e.4883","ELEMENT":"f.5D121FC7909F200889B59C01A2F655FF.d.A7F6EF84353BA75C13DBBEAC790F6B4E.e.4883"}]}
COMMAND: POST /session/85be7df00c2941df1715a768c51ad8f5/execute/sync - {"script":"<script> [5351 bytes]","args":[{"element-6066-11e4-a52e-4f735466cecf":"f.5D121FC7909F200889B59C01A2F655FF.d.A7F6EF84353BA75C13DBBEAC790F6B4E.e.4883","ELEMENT":"f.5D121FC7909F200889B59C01A2F655FF.d.A7F6EF84353BA75C13DBBEAC790F6B4E.e.4883"}]}
COMMAND: GET /session/85be7df00c2941df1715a768c51ad8f5/screenshot - {}
RESULT: {"script":"<script> [5351 bytes]","args":[{"element-6066-11e4-a52e-4f735466cecf":"f.5D121FC7909F200889B59C01A2F655FF.d.A7F6EF84353BA75C13DBBEAC790F6B4E.e.4883","ELEMENT":"f.5D121FC7909F200889B59C01A2F655FF.d.A7F6EF84353BA75C13DBBEAC790F6B4E.e.4883"}]}
COMMAND: POST /session/85be7df00c2941df1715a768c51ad8f5/element - {"using":"css selector","value":"#shell-header-logo"}
COMMAND: GET /session/85be7df00c2941df1715a768c51ad8f5/screenshot - {}
RESULT: {}
RESULT: {"using":"css selector","value":"#shell-header-logo"}
COMMAND: POST /session/85be7df00c2941df1715a768c51ad8f5/element/f.5D121FC7909F200889B59C01A2F655FF.d.A7F6EF84353BA75C13DBBEAC790F6B4E.e.4883/click - {}
RESULT: {}
RESULT: {}
COMMAND: GET /session/85be7df00c2941df1715a768c51ad8f5/screenshot - {}
RESULT: {}
COMMAND: POST /session/85be7df00c2941df1715a768c51ad8f5/execute/async - {"script":"<script> [189 bytes]","args":[]}
RESULT: {"script":"<script> [189 bytes]","args":[]}
COMMAND: POST /session/85be7df00c2941df1715a768c51ad8f5/execute/async - {"script":"<script> [123 bytes]","args":[]}
RESULT: {"script":"<script> [123 bytes]","args":[]}
COMMAND: POST /session/85be7df00c2941df1715a768c51ad8f5/timeouts - {"script":"<number>"}
RESULT: {"script":"<number>"}
COMMAND: GET /session/85be7df00c2941df1715a768c51ad8f5/timeouts - {}
RESULT: {}
RESULT: undefined
COMMAND: POST /session/85be7df00c2941df1715a768c51ad8f5/execute/async - {"script":"<script> [2676 bytes]","args":[]}
RESULT: {"script":"<script> [2676 bytes]","args":[]}
COMMAND: POST /session/85be7df00c2941df1715a768c51ad8f5/execute/async - {"script":"<script> [2342 bytes]","args":[{"protocol":"http","hostname":"0.0.0.0","path":"/","capabilities":{"browserName":"chrome","goog:chromeOptions":{"binary":"C:\\Program Files\\Google\\Chrome\\Application\\chrome.exe","args":["--start-maximized"]}},"logLevel":"warn","connectionRetryTimeout":120000,"connectionRetryCount":3,"logLevels":{},"enableDirectConnect":true,"strictSSL":true,"_":"65 more keys: [\"cacheDir\",\"port\",\"requestedCapabilities\",\"automationProtocol\",\"baseUrl\",\"waitforInterval\",\"waitforTimeout\",\"onReload\",\"beforeCommand\",\"afterCommand\",\"rootDir\",\"specs\",\"suites\",\"exclude\",\"groupLogsByTestSpec\",\"excludeDriverLogs\",\"bail\",\"framework\",\"reporters\",\"services\",\"maxInstances\",\"maxInstancesPerCapability\",\"injectGlobals\",\"filesToWatch\",\"execArgv\",\"runnerEnv\",\"runner\",\"shard\",\"specFileRetries\",\"specFileRetriesDelay\",\"specFileRetriesDeferred\",\"reporterSyncInterval\",\"reporterSyncTimeout\",\"cucumberFeaturesWithLineNumbers\",\"autoCompileOpts\",\"mochaOpts\",\"jasmineOpts\",\"cucumberOpts\",\"onPrepare\",\"onWorkerStart\",\"onWorkerEnd\",\"before\",\"beforeSession\",\"beforeSuite\",\"beforeHook\",\"beforeTest\",\"afterTest\",\"afterHook\",\"afterSuite\",\"afterSession\",\"after\",\"onComplete\",\"beforeAssertion\",\"afterAssertion\",\"beforeFeature\",\"beforeScenario\",\"beforeStep\",\"afterStep\",\"afterScenario\",\"afterFeature\",\"_\",\"suite\",\"$0\",\"ignoredWorkerServices\",\"wdi5\"]"}]}
RESULT: {"script":"<script> [2342 bytes]","args":[{"protocol":"http","hostname":"0.0.0.0","path":"/","capabilities":{"browserName":"chrome","goog:chromeOptions":{"binary":"C:\\Program Files\\Google\\Chrome\\Application\\chrome.exe","args":["--start-maximized"]}},"logLevel":"warn","connectionRetryTimeout":120000,"connectionRetryCount":3,"logLevels":{},"enableDirectConnect":true,"strictSSL":true,"_":"65 more keys: [\"cacheDir\",\"port\",\"requestedCapabilities\",\"automationProtocol\",\"baseUrl\",\"waitforInterval\",\"waitforTimeout\",\"onReload\",\"beforeCommand\",\"afterCommand\",\"rootDir\",\"specs\",\"suites\",\"exclude\",\"groupLogsByTestSpec\",\"excludeDriverLogs\",\"bail\",\"framework\",\"reporters\",\"services\",\"maxInstances\",\"maxInstancesPerCapability\",\"injectGlobals\",\"filesToWatch\",\"execArgv\",\"runnerEnv\",\"runner\",\"shard\",\"specFileRetries\",\"specFileRetriesDelay\",\"specFileRetriesDeferred\",\"reporterSyncInterval\",\"reporterSyncTimeout\",\"cucumberFeaturesWithLineNumbers\",\"autoCompileOpts\",\"mochaOpts\",\"jasmineOpts\",\"cucumberOpts\",\"onPrepare\",\"onWorkerStart\",\"onWorkerEnd\",\"before\",\"beforeSession\",\"beforeSuite\",\"beforeHook\",\"beforeTest\",\"afterTest\",\"afterHook\",\"afterSuite\",\"afterSession\",\"after\",\"onComplete\",\"beforeAssertion\",\"afterAssertion\",\"beforeFeature\",\"beforeScenario\",\"beforeStep\",\"afterStep\",\"afterScenario\",\"afterFeature\",\"_\",\"suite\",\"$0\",\"ignoredWorkerServices\",\"wdi5\"]"}]}
COMMAND: POST /session/85be7df00c2941df1715a768c51ad8f5/execute/async - {"script":"<script> [21126 bytes]","args":[35000]}
RESULT: {"script":"<script> [21126 bytes]","args":[35000]}
COMMAND: POST /session/85be7df00c2941df1715a768c51ad8f5/window/maximize - {}
RESULT: {}
COMMAND: POST /session/85be7df00c2941df1715a768c51ad8f5/execute/async - {"script":"<script> [1562 bytes]","args":[{"selector":{"id":"shell-header","interaction":{"idSuffix":"icon"}},"wdio_ui5_key":"shellheader"}]}
COMMAND: GET /session/85be7df00c2941df1715a768c51ad8f5/screenshot - {}
RESULT: {"script":"<script> [1562 bytes]","args":[{"selector":{"id":"shell-header","interaction":{"idSuffix":"icon"}},"wdio_ui5_key":"shellheader"}]}
RESULT: undefined
COMMAND: POST /session/85be7df00c2941df1715a768c51ad8f5/window/fullscreen - {}
RESULT: {}
RESULT: {}
]]></system-out>
    </testcase>
  </testsuite>
  <testsuite timestamp="2025-05-23T16:34:30" time="154.232" tests="6" failures="0" errors="0" skipped="0">
    <properties>
      <property name="specId" value="0"/>
      <property name="suiteName" value="Provide to Site w/ warehouse management w/ clarification US115878"/>
      <property name="capabilities" value="chrome.136_0_7103_93.windows"/>
      <property name="file" value="file:///D:/a/1/s/test/specs/HTR/provide-to-site-w-warehouse-w-clarification.spec.js"/>
    </properties>
    <testcase classname="chrome.136_0_7103_93.windows.Provide_to_Site_w/_warehouse_management_w/_clarification_US115878" name="Should create a new WHM yard" time="0.02">
      <system-out><![CDATA[
COMMAND: POST /session/85be7df00c2941df1715a768c51ad8f5/window/fullscreen - {}
RESULT: {}
]]></system-out>
    </testcase>
    <testcase classname="chrome.136_0_7103_93.windows.Provide_to_Site_w/_warehouse_management_w/_clarification_US115878" name="Should create a new external WHM partner" time="0.007"/>
    <testcase classname="chrome.136_0_7103_93.windows.Provide_to_Site_w/_warehouse_management_w/_clarification_US115878" name="Should create a new WHM site" time="0.065"/>
    <testcase classname="chrome.136_0_7103_93.windows.Provide_to_Site_w/_warehouse_management_w/_clarification_US115878" name="Should create a new material" time="138.164">
      <system-out><![CDATA[
COMMAND: POST /session/85be7df00c2941df1715a768c51ad8f5/execute/async - {"script":"<script> [1562 bytes]","args":[{"selector":{"controlType":"sap.m.GenericTile","properties":{"header":"Manage Resources"}},"wdio_ui5_key":"sapm.GenericTile{\"header\":\"Manage Resources\"}"}]}
RESULT: {"script":"<script> [1562 bytes]","args":[{"selector":{"controlType":"sap.m.GenericTile","properties":{"header":"Manage Resources"}},"wdio_ui5_key":"sapm.GenericTile{\"header\":\"Manage Resources\"}"}]}
RESULT: undefined
COMMAND: POST /session/85be7df00c2941df1715a768c51ad8f5/element - {"using":"xpath","value":"//*[@id=\"__tile31\"]"}
RESULT: {"using":"xpath","value":"//*[@id=\"__tile31\"]"}
COMMAND: POST /session/85be7df00c2941df1715a768c51ad8f5/element/f.5D121FC7909F200889B59C01A2F655FF.d.A7F6EF84353BA75C13DBBEAC790F6B4E.e.4905/click - {}
RESULT: {}
COMMAND: GET /session/85be7df00c2941df1715a768c51ad8f5/screenshot - {}
RESULT: {}
COMMAND: POST /session/85be7df00c2941df1715a768c51ad8f5/elements - {"using":"xpath","value":"//span[text()='Error']"}
RESULT: {"using":"xpath","value":"//span[text()='Error']"}
COMMAND: POST /session/85be7df00c2941df1715a768c51ad8f5/element - {"using":"xpath","value":"//button[@data-kt=\"addNewRUOverflowToolbarButton\"]"}
RESULT: {"using":"xpath","value":"//button[@data-kt=\"addNewRUOverflowToolbarButton\"]"}
COMMAND: POST /session/85be7df00c2941df1715a768c51ad8f5/elements - {"using":"xpath","value":"//button[@data-kt=\"addNewRUOverflowToolbarButton\"]"}
RESULT: {"using":"xpath","value":"//button[@data-kt=\"addNewRUOverflowToolbarButton\"]"}
COMMAND: POST /session/85be7df00c2941df1715a768c51ad8f5/elements - {"using":"xpath","value":"//button[@data-kt=\"addNewRUOverflowToolbarButton\"]"}
RESULT: {"using":"xpath","value":"//button[@data-kt=\"addNewRUOverflowToolbarButton\"]"}
COMMAND: POST /session/85be7df00c2941df1715a768c51ad8f5/elements - {"using":"xpath","value":"//button[@data-kt=\"addNewRUOverflowToolbarButton\"]"}
RESULT: {"using":"xpath","value":"//button[@data-kt=\"addNewRUOverflowToolbarButton\"]"}
COMMAND: POST /session/85be7df00c2941df1715a768c51ad8f5/elements - {"using":"xpath","value":"//button[@data-kt=\"addNewRUOverflowToolbarButton\"]"}
RESULT: {"using":"xpath","value":"//button[@data-kt=\"addNewRUOverflowToolbarButton\"]"}
COMMAND: POST /session/85be7df00c2941df1715a768c51ad8f5/elements - {"using":"xpath","value":"//button[@data-kt=\"addNewRUOverflowToolbarButton\"]"}
RESULT: {"using":"xpath","value":"//button[@data-kt=\"addNewRUOverflowToolbarButton\"]"}
COMMAND: POST /session/85be7df00c2941df1715a768c51ad8f5/elements - {"using":"xpath","value":"//button[@data-kt=\"addNewRUOverflowToolbarButton\"]"}
RESULT: {"using":"xpath","value":"//button[@data-kt=\"addNewRUOverflowToolbarButton\"]"}
COMMAND: POST /session/85be7df00c2941df1715a768c51ad8f5/elements - {"using":"xpath","value":"//button[@data-kt=\"addNewRUOverflowToolbarButton\"]"}
RESULT: {"using":"xpath","value":"//button[@data-kt=\"addNewRUOverflowToolbarButton\"]"}
COMMAND: POST /session/85be7df00c2941df1715a768c51ad8f5/elements - {"using":"xpath","value":"//button[@data-kt=\"addNewRUOverflowToolbarButton\"]"}
RESULT: {"using":"xpath","value":"//button[@data-kt=\"addNewRUOverflowToolbarButton\"]"}
COMMAND: POST /session/85be7df00c2941df1715a768c51ad8f5/elements - {"using":"xpath","value":"//button[@data-kt=\"addNewRUOverflowToolbarButton\"]"}
RESULT: {"using":"xpath","value":"//button[@data-kt=\"addNewRUOverflowToolbarButton\"]"}
COMMAND: POST /session/85be7df00c2941df1715a768c51ad8f5/element - {"using":"xpath","value":"//button[@data-kt=\"addNewRUOverflowToolbarButton\"]"}
RESULT: {"using":"xpath","value":"//button[@data-kt=\"addNewRUOverflowToolbarButton\"]"}
COMMAND: POST /session/85be7df00c2941df1715a768c51ad8f5/execute/sync - {"script":"<script> [8489 bytes]","args":[{"element-6066-11e4-a52e-4f735466cecf":"f.5D121FC7909F200889B59C01A2F655FF.d.A7F6EF84353BA75C13DBBEAC790F6B4E.e.5035","ELEMENT":"f.5D121FC7909F200889B59C01A2F655FF.d.A7F6EF84353BA75C13DBBEAC790F6B4E.e.5035"}]}
RESULT: {"script":"<script> [8489 bytes]","args":[{"element-6066-11e4-a52e-4f735466cecf":"f.5D121FC7909F200889B59C01A2F655FF.d.A7F6EF84353BA75C13DBBEAC790F6B4E.e.5035","ELEMENT":"f.5D121FC7909F200889B59C01A2F655FF.d.A7F6EF84353BA75C13DBBEAC790F6B4E.e.5035"}]}
COMMAND: GET /session/85be7df00c2941df1715a768c51ad8f5/element/f.5D121FC7909F200889B59C01A2F655FF.d.A7F6EF84353BA75C13DBBEAC790F6B4E.e.5035/enabled - {}
COMMAND: GET /session/85be7df00c2941df1715a768c51ad8f5/screenshot - {}
RESULT: {}
COMMAND: POST /session/85be7df00c2941df1715a768c51ad8f5/execute/sync - {"script":"<script> [8489 bytes]","args":[{"element-6066-11e4-a52e-4f735466cecf":"f.5D121FC7909F200889B59C01A2F655FF.d.A7F6EF84353BA75C13DBBEAC790F6B4E.e.5035","ELEMENT":"f.5D121FC7909F200889B59C01A2F655FF.d.A7F6EF84353BA75C13DBBEAC790F6B4E.e.5035"}]}
COMMAND: GET /session/85be7df00c2941df1715a768c51ad8f5/screenshot - {}
RESULT: {}
RESULT: {"script":"<script> [8489 bytes]","args":[{"element-6066-11e4-a52e-4f735466cecf":"f.5D121FC7909F200889B59C01A2F655FF.d.A7F6EF84353BA75C13DBBEAC790F6B4E.e.5035","ELEMENT":"f.5D121FC7909F200889B59C01A2F655FF.d.A7F6EF84353BA75C13DBBEAC790F6B4E.e.5035"}]}
COMMAND: POST /session/85be7df00c2941df1715a768c51ad8f5/execute/sync - {"script":"<script> [5351 bytes]","args":[{"element-6066-11e4-a52e-4f735466cecf":"f.5D121FC7909F200889B59C01A2F655FF.d.A7F6EF84353BA75C13DBBEAC790F6B4E.e.5035","ELEMENT":"f.5D121FC7909F200889B59C01A2F655FF.d.A7F6EF84353BA75C13DBBEAC790F6B4E.e.5035"}]}
COMMAND: GET /session/85be7df00c2941df1715a768c51ad8f5/screenshot - {}
RESULT: {}
RESULT: {"script":"<script> [5351 bytes]","args":[{"element-6066-11e4-a52e-4f735466cecf":"f.5D121FC7909F200889B59C01A2F655FF.d.A7F6EF84353BA75C13DBBEAC790F6B4E.e.5035","ELEMENT":"f.5D121FC7909F200889B59C01A2F655FF.d.A7F6EF84353BA75C13DBBEAC790F6B4E.e.5035"}]}
COMMAND: POST /session/85be7df00c2941df1715a768c51ad8f5/element/f.5D121FC7909F200889B59C01A2F655FF.d.A7F6EF84353BA75C13DBBEAC790F6B4E.e.5035/click - {}
COMMAND: GET /session/85be7df00c2941df1715a768c51ad8f5/screenshot - {}
RESULT: {}
RESULT: {}
COMMAND: GET /session/85be7df00c2941df1715a768c51ad8f5/screenshot - {}
RESULT: {}
RESULT: {}
COMMAND: POST /session/85be7df00c2941df1715a768c51ad8f5/execute/async - {"script":"<script> [1562 bytes]","args":[{"selector":{"id":"application-manageresources-display-component---newResourceUnit--TYPE-arrow"},"wdio_ui5_key":"applicationmanageresources-display-component---newResourceUnit--TYPE-arrow"}]}
RESULT: {"script":"<script> [1562 bytes]","args":[{"selector":{"id":"application-manageresources-display-component---newResourceUnit--TYPE-arrow"},"wdio_ui5_key":"applicationmanageresources-display-component---newResourceUnit--TYPE-arrow"}]}
RESULT: undefined
COMMAND: POST /session/85be7df00c2941df1715a768c51ad8f5/element - {"using":"xpath","value":"//*[@id=\"application-manageresources-display-component---newResourceUnit--TYPE-arrow\"]"}
RESULT: {"using":"xpath","value":"//*[@id=\"application-manageresources-display-component---newResourceUnit--TYPE-arrow\"]"}
COMMAND: POST /session/85be7df00c2941df1715a768c51ad8f5/element/f.5D121FC7909F200889B59C01A2F655FF.d.A7F6EF84353BA75C13DBBEAC790F6B4E.e.5390/click - {}
RESULT: {}
COMMAND: POST /session/85be7df00c2941df1715a768c51ad8f5/element - {"using":"xpath","value":"//input[@id=\"application-manageresources-display-component---newResourceUnit--TYPE-inner\"]"}
COMMAND: GET /session/85be7df00c2941df1715a768c51ad8f5/screenshot - {}
RESULT: {"using":"xpath","value":"//input[@id=\"application-manageresources-display-component---newResourceUnit--TYPE-inner\"]"}
COMMAND: POST /session/85be7df00c2941df1715a768c51ad8f5/element/f.5D121FC7909F200889B59C01A2F655FF.d.A7F6EF84353BA75C13DBBEAC790F6B4E.e.5386/clear - {}
RESULT: {}
RESULT: {}
COMMAND: POST /session/85be7df00c2941df1715a768c51ad8f5/element/f.5D121FC7909F200889B59C01A2F655FF.d.A7F6EF84353BA75C13DBBEAC790F6B4E.e.5386/value - {"text":"Material"}
COMMAND: GET /session/85be7df00c2941df1715a768c51ad8f5/screenshot - {}
RESULT: {"text":"Material"}
COMMAND: GET /session/85be7df00c2941df1715a768c51ad8f5/screenshot - {}
COMMAND: POST /session/85be7df00c2941df1715a768c51ad8f5/actions - {"actions":[{"id":"action18","type":"key","parameters":{},"actions":[{"type":"keyDown","value":""},{"type":"pause","duration":10},{"type":"keyUp","value":""}]}]}
RESULT: {}
RESULT: {}
RESULT: {"actions":[{"id":"action18","type":"key","parameters":{},"actions":[{"type":"keyDown","value":""},{"type":"pause","duration":10},{"type":"keyUp","value":""}]}]}
COMMAND: POST /session/85be7df00c2941df1715a768c51ad8f5/execute/async - {"script":"<script> [1562 bytes]","args":[{"selector":{"id":"application-manageresources-display-component---newResourceUnit--SHORT_TEXT","interaction":{"idSuffix":"inner"}},"wdio_ui5_key":"applicationmanageresources-display-component---newResourceUnit--SHORT_TEXT"}]}
COMMAND: GET /session/85be7df00c2941df1715a768c51ad8f5/screenshot - {}
RESULT: {"script":"<script> [1562 bytes]","args":[{"selector":{"id":"application-manageresources-display-component---newResourceUnit--SHORT_TEXT","interaction":{"idSuffix":"inner"}},"wdio_ui5_key":"applicationmanageresources-display-component---newResourceUnit--SHORT_TEXT"}]}
RESULT: undefined
COMMAND: POST /session/85be7df00c2941df1715a768c51ad8f5/execute/async - {"script":"<script> [776 bytes]","args":[{"enterText":"Cement WDIO","selector":{"id":"application-manageresources-display-component---newResourceUnit--SHORT_TEXT","interaction":{"idSuffix":"inner"}},"clearTextFirst":true,"interactionType":"ENTER_TEXT"}]}
RESULT: {}
RESULT: {"script":"<script> [776 bytes]","args":[{"enterText":"Cement WDIO","selector":{"id":"application-manageresources-display-component---newResourceUnit--SHORT_TEXT","interaction":{"idSuffix":"inner"}},"clearTextFirst":true,"interactionType":"ENTER_TEXT"}]}
COMMAND: POST /session/85be7df00c2941df1715a768c51ad8f5/execute/async - {"script":"<script> [1562 bytes]","args":[{"selector":{"id":"application-manageresources-display-component---newResourceUnit--BASE_UNIT_OF_MEASURE","interaction":{"idSuffix":"inner"}},"wdio_ui5_key":"applicationmanageresources-display-component---newResourceUnit--BASE_UNIT_OF_MEASURE"}]}
RESULT: {"script":"<script> [1562 bytes]","args":[{"selector":{"id":"application-manageresources-display-component---newResourceUnit--BASE_UNIT_OF_MEASURE","interaction":{"idSuffix":"inner"}},"wdio_ui5_key":"applicationmanageresources-display-component---newResourceUnit--BASE_UNIT_OF_MEASURE"}]}
RESULT: undefined
COMMAND: POST /session/85be7df00c2941df1715a768c51ad8f5/execute/async - {"script":"<script> [776 bytes]","args":[{"enterText":"Piece","selector":{"id":"application-manageresources-display-component---newResourceUnit--BASE_UNIT_OF_MEASURE","interaction":{"idSuffix":"inner"}},"clearTextFirst":true,"interactionType":"ENTER_TEXT"}]}
RESULT: {"script":"<script> [776 bytes]","args":[{"enterText":"Piece","selector":{"id":"application-manageresources-display-component---newResourceUnit--BASE_UNIT_OF_MEASURE","interaction":{"idSuffix":"inner"}},"clearTextFirst":true,"interactionType":"ENTER_TEXT"}]}
COMMAND: POST /session/85be7df00c2941df1715a768c51ad8f5/execute/async - {"script":"<script> [1562 bytes]","args":[{"selector":{"id":"application-manageresources-display-component---newResourceUnit--WEIGHT_UNIT","interaction":{"idSuffix":"inner"}},"wdio_ui5_key":"applicationmanageresources-display-component---newResourceUnit--WEIGHT_UNIT"}]}
RESULT: {"script":"<script> [1562 bytes]","args":[{"selector":{"id":"application-manageresources-display-component---newResourceUnit--WEIGHT_UNIT","interaction":{"idSuffix":"inner"}},"wdio_ui5_key":"applicationmanageresources-display-component---newResourceUnit--WEIGHT_UNIT"}]}
RESULT: undefined
COMMAND: POST /session/85be7df00c2941df1715a768c51ad8f5/execute/async - {"script":"<script> [776 bytes]","args":[{"enterText":"Gram","selector":{"id":"application-manageresources-display-component---newResourceUnit--WEIGHT_UNIT","interaction":{"idSuffix":"inner"}},"clearTextFirst":true,"interactionType":"ENTER_TEXT"}]}
RESULT: {"script":"<script> [776 bytes]","args":[{"enterText":"Gram","selector":{"id":"application-manageresources-display-component---newResourceUnit--WEIGHT_UNIT","interaction":{"idSuffix":"inner"}},"clearTextFirst":true,"interactionType":"ENTER_TEXT"}]}
COMMAND: POST /session/85be7df00c2941df1715a768c51ad8f5/execute/async - {"script":"<script> [1562 bytes]","args":[{"selector":{"id":"application-manageresources-display-component---newResourceUnit--DIMENSION_UNIT","interaction":{"idSuffix":"inner"}},"wdio_ui5_key":"applicationmanageresources-display-component---newResourceUnit--DIMENSION_UNIT"}]}
RESULT: {"script":"<script> [1562 bytes]","args":[{"selector":{"id":"application-manageresources-display-component---newResourceUnit--DIMENSION_UNIT","interaction":{"idSuffix":"inner"}},"wdio_ui5_key":"applicationmanageresources-display-component---newResourceUnit--DIMENSION_UNIT"}]}
RESULT: undefined
COMMAND: POST /session/85be7df00c2941df1715a768c51ad8f5/execute/async - {"script":"<script> [776 bytes]","args":[{"enterText":"Meter","selector":{"id":"application-manageresources-display-component---newResourceUnit--DIMENSION_UNIT","interaction":{"idSuffix":"inner"}},"clearTextFirst":true,"interactionType":"ENTER_TEXT"}]}
RESULT: {"script":"<script> [776 bytes]","args":[{"enterText":"Meter","selector":{"id":"application-manageresources-display-component---newResourceUnit--DIMENSION_UNIT","interaction":{"idSuffix":"inner"}},"clearTextFirst":true,"interactionType":"ENTER_TEXT"}]}
COMMAND: POST /session/85be7df00c2941df1715a768c51ad8f5/execute/async - {"script":"<script> [1562 bytes]","args":[{"selector":{"id":"application-manageresources-display-component---newResourceUnit--newRRUPage-anchBar-application-manageresources-display-component---newResourceUnit--control-anchor","interaction":{"idSuffix":"BDI-content"}},"wdio_ui5_key":"applicationmanageresources-display-component---newResourceUnit--newRRUPage-anchBar-application-manageresources-display-component---newResourceUnit--control-anchor"}]}
RESULT: {"script":"<script> [1562 bytes]","args":[{"selector":{"id":"application-manageresources-display-component---newResourceUnit--newRRUPage-anchBar-application-manageresources-display-component---newResourceUnit--control-anchor","interaction":{"idSuffix":"BDI-content"}},"wdio_ui5_key":"applicationmanageresources-display-component---newResourceUnit--newRRUPage-anchBar-application-manageresources-display-component---newResourceUnit--control-anchor"}]}
RESULT: undefined
COMMAND: POST /session/85be7df00c2941df1715a768c51ad8f5/element - {"using":"xpath","value":"//*[@id=\"application-manageresources-display-component---newResourceUnit--newRRUPage-anchBar-application-manageresources-display-component---newResourceUnit--control-anchor\"]"}
RESULT: {"using":"xpath","value":"//*[@id=\"application-manageresources-display-component---newResourceUnit--newRRUPage-anchBar-application-manageresources-display-component---newResourceUnit--control-anchor\"]"}
COMMAND: POST /session/85be7df00c2941df1715a768c51ad8f5/element/f.5D121FC7909F200889B59C01A2F655FF.d.A7F6EF84353BA75C13DBBEAC790F6B4E.e.5522/click - {}
RESULT: {}
COMMAND: POST /session/85be7df00c2941df1715a768c51ad8f5/execute/async - {"script":"<script> [1562 bytes]","args":[{"selector":{"id":"application-manageresources-display-component---newResourceUnit--PLANNING_GROUP","interaction":{"idSuffix":"inner"}},"wdio_ui5_key":"applicationmanageresources-display-component---newResourceUnit--PLANNING_GROUP"}]}
COMMAND: GET /session/85be7df00c2941df1715a768c51ad8f5/screenshot - {}
RESULT: {}
RESULT: {"script":"<script> [1562 bytes]","args":[{"selector":{"id":"application-manageresources-display-component---newResourceUnit--PLANNING_GROUP","interaction":{"idSuffix":"inner"}},"wdio_ui5_key":"applicationmanageresources-display-component---newResourceUnit--PLANNING_GROUP"}]}
RESULT: undefined
COMMAND: POST /session/85be7df00c2941df1715a768c51ad8f5/execute/async - {"script":"<script> [776 bytes]","args":[{"enterText":"Material","selector":{"id":"application-manageresources-display-component---newResourceUnit--PLANNING_GROUP","interaction":{"idSuffix":"inner"}},"clearTextFirst":true,"interactionType":"ENTER_TEXT"}]}
RESULT: {"script":"<script> [776 bytes]","args":[{"enterText":"Material","selector":{"id":"application-manageresources-display-component---newResourceUnit--PLANNING_GROUP","interaction":{"idSuffix":"inner"}},"clearTextFirst":true,"interactionType":"ENTER_TEXT"}]}
COMMAND: POST /session/85be7df00c2941df1715a768c51ad8f5/execute/async - {"script":"<script> [1562 bytes]","args":[{"selector":{"id":"application-manageresources-display-component---newResourceUnit--PLANNING_INDICATOR","interaction":{"idSuffix":"inner"}},"wdio_ui5_key":"applicationmanageresources-display-component---newResourceUnit--PLANNING_INDICATOR"}]}
RESULT: {"script":"<script> [1562 bytes]","args":[{"selector":{"id":"application-manageresources-display-component---newResourceUnit--PLANNING_INDICATOR","interaction":{"idSuffix":"inner"}},"wdio_ui5_key":"applicationmanageresources-display-component---newResourceUnit--PLANNING_INDICATOR"}]}
RESULT: undefined
COMMAND: POST /session/85be7df00c2941df1715a768c51ad8f5/execute/async - {"script":"<script> [776 bytes]","args":[{"enterText":"10 - infinite","selector":{"id":"application-manageresources-display-component---newResourceUnit--PLANNING_INDICATOR","interaction":{"idSuffix":"inner"}},"clearTextFirst":true,"interactionType":"ENTER_TEXT"}]}
RESULT: {"script":"<script> [776 bytes]","args":[{"enterText":"10 - infinite","selector":{"id":"application-manageresources-display-component---newResourceUnit--PLANNING_INDICATOR","interaction":{"idSuffix":"inner"}},"clearTextFirst":true,"interactionType":"ENTER_TEXT"}]}
COMMAND: POST /session/85be7df00c2941df1715a768c51ad8f5/element - {"using":"css selector","value":"#application-manageresources-display-component---newResourceUnit--btnAddTimeSegment"}
RESULT: {"using":"css selector","value":"#application-manageresources-display-component---newResourceUnit--btnAddTimeSegment"}
COMMAND: GET /session/85be7df00c2941df1715a768c51ad8f5/element/f.5D121FC7909F200889B59C01A2F655FF.d.A7F6EF84353BA75C13DBBEAC790F6B4E.e.5530/rect - {}
RESULT: {}
COMMAND: GET /session/85be7df00c2941df1715a768c51ad8f5/window/rect - {}
RESULT: {}
COMMAND: POST /session/85be7df00c2941df1715a768c51ad8f5/execute/sync - {"script":"<script> [92 bytes]","args":[]}
RESULT: {"script":"<script> [92 bytes]","args":[]}
COMMAND: POST /session/85be7df00c2941df1715a768c51ad8f5/actions - {"actions":[{"id":"action19","type":"wheel","parameters":{},"actions":[{"type":"scroll","x":-1888,"y":-32,"deltaX":0,"deltaY":0,"duration":0,"origin":{"element-6066-11e4-a52e-4f735466cecf":"f.5D121FC7909F200889B59C01A2F655FF.d.A7F6EF84353BA75C13DBBEAC790F6B4E.e.5530"}}]}]}
COMMAND: GET /session/85be7df00c2941df1715a768c51ad8f5/screenshot - {}
RESULT: {}
COMMAND: POST /session/85be7df00c2941df1715a768c51ad8f5/execute/sync - {"script":"<script> [79 bytes]","args":[{"element-6066-11e4-a52e-4f735466cecf":"f.5D121FC7909F200889B59C01A2F655FF.d.A7F6EF84353BA75C13DBBEAC790F6B4E.e.5530","ELEMENT":"f.5D121FC7909F200889B59C01A2F655FF.d.A7F6EF84353BA75C13DBBEAC790F6B4E.e.5530"},{"block":"start","inline":"nearest"}]}
RESULT: {"script":"<script> [79 bytes]","args":[{"element-6066-11e4-a52e-4f735466cecf":"f.5D121FC7909F200889B59C01A2F655FF.d.A7F6EF84353BA75C13DBBEAC790F6B4E.e.5530","ELEMENT":"f.5D121FC7909F200889B59C01A2F655FF.d.A7F6EF84353BA75C13DBBEAC790F6B4E.e.5530"},{"block":"start","inline":"nearest"}]}
COMMAND: POST /session/85be7df00c2941df1715a768c51ad8f5/execute/async - {"script":"<script> [1562 bytes]","args":[{"selector":{"id":"application-manageresources-display-component---newResourceUnit--btnAddTimeSegment","interaction":{"idSuffix":"inner"}},"wdio_ui5_key":"applicationmanageresources-display-component---newResourceUnit--btnAddTimeSegment"}]}
COMMAND: GET /session/85be7df00c2941df1715a768c51ad8f5/screenshot - {}
RESULT: {"script":"<script> [1562 bytes]","args":[{"selector":{"id":"application-manageresources-display-component---newResourceUnit--btnAddTimeSegment","interaction":{"idSuffix":"inner"}},"wdio_ui5_key":"applicationmanageresources-display-component---newResourceUnit--btnAddTimeSegment"}]}
RESULT: undefined
COMMAND: POST /session/85be7df00c2941df1715a768c51ad8f5/element - {"using":"xpath","value":"//*[@id=\"application-manageresources-display-component---newResourceUnit--btnAddTimeSegment\"]"}
RESULT: {}
RESULT: {"using":"xpath","value":"//*[@id=\"application-manageresources-display-component---newResourceUnit--btnAddTimeSegment\"]"}
COMMAND: POST /session/85be7df00c2941df1715a768c51ad8f5/element/f.5D121FC7909F200889B59C01A2F655FF.d.A7F6EF84353BA75C13DBBEAC790F6B4E.e.5530/click - {}
RESULT: {}
COMMAND: GET /session/85be7df00c2941df1715a768c51ad8f5/screenshot - {}
RESULT: {}
COMMAND: POST /session/85be7df00c2941df1715a768c51ad8f5/element - {"using":"xpath","value":"//input[@id=\"application-manageresources-display-component---newResourceUnit--idRuTSAdmin-application-manageresources-display-component---newResourceUnit--RUTimeSegment-0-inner\"]"}
RESULT: {"using":"xpath","value":"//input[@id=\"application-manageresources-display-component---newResourceUnit--idRuTSAdmin-application-manageresources-display-component---newResourceUnit--RUTimeSegment-0-inner\"]"}
COMMAND: POST /session/85be7df00c2941df1715a768c51ad8f5/element/f.5D121FC7909F200889B59C01A2F655FF.d.A7F6EF84353BA75C13DBBEAC790F6B4E.e.5535/clear - {}
RESULT: {}
COMMAND: POST /session/85be7df00c2941df1715a768c51ad8f5/element/f.5D121FC7909F200889B59C01A2F655FF.d.A7F6EF84353BA75C13DBBEAC790F6B4E.e.5535/value - {"text":"221"}
COMMAND: GET /session/85be7df00c2941df1715a768c51ad8f5/screenshot - {}
RESULT: {"text":"221"}
COMMAND: GET /session/85be7df00c2941df1715a768c51ad8f5/screenshot - {}
RESULT: {}
RESULT: {}
COMMAND: POST /session/85be7df00c2941df1715a768c51ad8f5/element - {"using":"xpath","value":"//li[.//span[text()='221']]"}
RESULT: {"using":"xpath","value":"//li[.//span[text()='221']]"}
COMMAND: POST /session/85be7df00c2941df1715a768c51ad8f5/element/f.5D121FC7909F200889B59C01A2F655FF.d.A7F6EF84353BA75C13DBBEAC790F6B4E.e.5545/click - {}
RESULT: {}
COMMAND: GET /session/85be7df00c2941df1715a768c51ad8f5/screenshot - {}
RESULT: {}
COMMAND: POST /session/85be7df00c2941df1715a768c51ad8f5/element - {"using":"xpath","value":"(//span[contains(@id, \"-application-manageresources-display-component---newResourceUnit--RUTimeSegment-0-arrow\")])[2]"}
RESULT: {"using":"xpath","value":"(//span[contains(@id, \"-application-manageresources-display-component---newResourceUnit--RUTimeSegment-0-arrow\")])[2]"}
COMMAND: POST /session/85be7df00c2941df1715a768c51ad8f5/element/f.5D121FC7909F200889B59C01A2F655FF.d.A7F6EF84353BA75C13DBBEAC790F6B4E.e.5546/click - {}
RESULT: {}
COMMAND: POST /session/85be7df00c2941df1715a768c51ad8f5/element - {"using":"xpath","value":"//span[contains(text(), \"PM Order\")]"}
COMMAND: GET /session/85be7df00c2941df1715a768c51ad8f5/screenshot - {}
RESULT: {"using":"xpath","value":"//span[contains(text(), \"PM Order\")]"}
COMMAND: POST /session/85be7df00c2941df1715a768c51ad8f5/element/f.5D121FC7909F200889B59C01A2F655FF.d.A7F6EF84353BA75C13DBBEAC790F6B4E.e.5547/click - {}
RESULT: {}
RESULT: {}
COMMAND: GET /session/85be7df00c2941df1715a768c51ad8f5/screenshot - {}
RESULT: {}
COMMAND: POST /session/85be7df00c2941df1715a768c51ad8f5/element - {"using":"xpath","value":"//td/div/div/div/span[contains(@id, \"newResourceUnit--RUTimeSegment-0-vhi\")][1]"}
RESULT: {"using":"xpath","value":"//td/div/div/div/span[contains(@id, \"newResourceUnit--RUTimeSegment-0-vhi\")][1]"}
COMMAND: GET /session/85be7df00c2941df1715a768c51ad8f5/element/f.5D121FC7909F200889B59C01A2F655FF.d.A7F6EF84353BA75C13DBBEAC790F6B4E.e.5551/rect - {}
RESULT: {}
COMMAND: GET /session/85be7df00c2941df1715a768c51ad8f5/window/rect - {}
RESULT: {}
COMMAND: POST /session/85be7df00c2941df1715a768c51ad8f5/execute/sync - {"script":"<script> [92 bytes]","args":[]}
RESULT: {"script":"<script> [92 bytes]","args":[]}
COMMAND: POST /session/85be7df00c2941df1715a768c51ad8f5/actions - {"actions":[{"id":"action20","type":"wheel","parameters":{},"actions":[{"type":"scroll","x":-1888,"y":-24,"deltaX":0,"deltaY":0,"duration":0,"origin":{"element-6066-11e4-a52e-4f735466cecf":"f.5D121FC7909F200889B59C01A2F655FF.d.A7F6EF84353BA75C13DBBEAC790F6B4E.e.5551"}}]}]}
COMMAND: GET /session/85be7df00c2941df1715a768c51ad8f5/screenshot - {}
RESULT: {}
COMMAND: POST /session/85be7df00c2941df1715a768c51ad8f5/execute/sync - {"script":"<script> [79 bytes]","args":[{"element-6066-11e4-a52e-4f735466cecf":"f.5D121FC7909F200889B59C01A2F655FF.d.A7F6EF84353BA75C13DBBEAC790F6B4E.e.5551","ELEMENT":"f.5D121FC7909F200889B59C01A2F655FF.d.A7F6EF84353BA75C13DBBEAC790F6B4E.e.5551"},{"block":"start","inline":"nearest"}]}
RESULT: {"script":"<script> [79 bytes]","args":[{"element-6066-11e4-a52e-4f735466cecf":"f.5D121FC7909F200889B59C01A2F655FF.d.A7F6EF84353BA75C13DBBEAC790F6B4E.e.5551","ELEMENT":"f.5D121FC7909F200889B59C01A2F655FF.d.A7F6EF84353BA75C13DBBEAC790F6B4E.e.5551"},{"block":"start","inline":"nearest"}]}
COMMAND: GET /session/85be7df00c2941df1715a768c51ad8f5/screenshot - {}
RESULT: {}
COMMAND: POST /session/85be7df00c2941df1715a768c51ad8f5/element/f.5D121FC7909F200889B59C01A2F655FF.d.A7F6EF84353BA75C13DBBEAC790F6B4E.e.5551/click - {}
RESULT: {}
COMMAND: GET /session/85be7df00c2941df1715a768c51ad8f5/screenshot - {}
RESULT: {}
COMMAND: POST /session/85be7df00c2941df1715a768c51ad8f5/execute/async - {"script":"<script> [1562 bytes]","args":[{"selector":{"controlType":"sap.m.SearchField","properties":{"placeholder":"Search"},"searchOpenDialogs":true,"interaction":{"idSuffix":"I"}},"wdio_ui5_key":"sapm.SearchField{\"placeholder\":\"Search\"}"}]}
RESULT: {"script":"<script> [1562 bytes]","args":[{"selector":{"controlType":"sap.m.SearchField","properties":{"placeholder":"Search"},"searchOpenDialogs":true,"interaction":{"idSuffix":"I"}},"wdio_ui5_key":"sapm.SearchField{\"placeholder\":\"Search\"}"}]}
RESULT: undefined
COMMAND: POST /session/85be7df00c2941df1715a768c51ad8f5/execute/async - {"script":"<script> [776 bytes]","args":[{"enterText":"4000360","selector":{"controlType":"sap.m.SearchField","properties":{"placeholder":"Search"},"searchOpenDialogs":true,"interaction":{"idSuffix":"I"}},"clearTextFirst":true,"interactionType":"ENTER_TEXT"}]}
RESULT: {"script":"<script> [776 bytes]","args":[{"enterText":"4000360","selector":{"controlType":"sap.m.SearchField","properties":{"placeholder":"Search"},"searchOpenDialogs":true,"interaction":{"idSuffix":"I"}},"clearTextFirst":true,"interactionType":"ENTER_TEXT"}]}
COMMAND: POST /session/85be7df00c2941df1715a768c51ad8f5/actions - {"actions":[{"id":"action21","type":"key","parameters":{},"actions":[{"type":"keyDown","value":""},{"type":"pause","duration":10},{"type":"keyUp","value":""}]}]}
RESULT: {"actions":[{"id":"action21","type":"key","parameters":{},"actions":[{"type":"keyDown","value":""},{"type":"pause","duration":10},{"type":"keyUp","value":""}]}]}
COMMAND: GET /session/85be7df00c2941df1715a768c51ad8f5/screenshot - {}
RESULT: {}
COMMAND: POST /session/85be7df00c2941df1715a768c51ad8f5/element - {"using":"xpath","value":"//td/div/span[contains(text(), \"BGL Vehicles\")]"}
RESULT: {"using":"xpath","value":"//td/div/span[contains(text(), \"BGL Vehicles\")]"}
COMMAND: POST /session/85be7df00c2941df1715a768c51ad8f5/element/f.5D121FC7909F200889B59C01A2F655FF.d.A7F6EF84353BA75C13DBBEAC790F6B4E.e.5573/click - {}
RESULT: {}
COMMAND: GET /session/85be7df00c2941df1715a768c51ad8f5/screenshot - {}
RESULT: {}
COMMAND: POST /session/85be7df00c2941df1715a768c51ad8f5/element - {"using":"xpath","value":"//bdi[contains(text(), \"OK\")]"}
RESULT: {"using":"xpath","value":"//bdi[contains(text(), \"OK\")]"}
COMMAND: POST /session/85be7df00c2941df1715a768c51ad8f5/element/f.5D121FC7909F200889B59C01A2F655FF.d.A7F6EF84353BA75C13DBBEAC790F6B4E.e.5574/click - {}
RESULT: {}
COMMAND: GET /session/85be7df00c2941df1715a768c51ad8f5/screenshot - {}
RESULT: {}
COMMAND: POST /session/85be7df00c2941df1715a768c51ad8f5/element - {"using":"xpath","value":"//label[contains(@class, 'sapMLabelRequired') and .//bdi[contains(text(), 'Planned Retirement')]]"}
RESULT: {"using":"xpath","value":"//label[contains(@class, 'sapMLabelRequired') and .//bdi[contains(text(), 'Planned Retirement')]]"}
COMMAND: POST /session/85be7df00c2941df1715a768c51ad8f5/elements - {"using":"xpath","value":"//label[contains(@class, 'sapMLabelRequired') and .//bdi[contains(text(), 'Planned Retirement')]]"}
RESULT: {"using":"xpath","value":"//label[contains(@class, 'sapMLabelRequired') and .//bdi[contains(text(), 'Planned Retirement')]]"}
COMMAND: POST /session/85be7df00c2941df1715a768c51ad8f5/element - {"using":"xpath","value":"//button[@data-kt=\"resourceUnitSaveButton\"]"}
RESULT: {"using":"xpath","value":"//button[@data-kt=\"resourceUnitSaveButton\"]"}
COMMAND: POST /session/85be7df00c2941df1715a768c51ad8f5/element/f.5D121FC7909F200889B59C01A2F655FF.d.A7F6EF84353BA75C13DBBEAC790F6B4E.e.5408/click - {}
RESULT: {}
COMMAND: GET /session/85be7df00c2941df1715a768c51ad8f5/screenshot - {}
RESULT: {}
COMMAND: POST /session/85be7df00c2941df1715a768c51ad8f5/element - {"using":"xpath","value":"//bdi[contains(text(), \"Close\")]"}
RESULT: {"using":"xpath","value":"//bdi[contains(text(), \"Close\")]"}
COMMAND: POST /session/85be7df00c2941df1715a768c51ad8f5/element/f.5D121FC7909F200889B59C01A2F655FF.d.A7F6EF84353BA75C13DBBEAC790F6B4E.e.5581/click - {}
RESULT: {}
COMMAND: GET /session/85be7df00c2941df1715a768c51ad8f5/screenshot - {}
RESULT: {}
COMMAND: POST /session/85be7df00c2941df1715a768c51ad8f5/element - {"using":"xpath","value":"//header[contains(@id, 'detailRruPage-headerTitle')]/div[1]/div[2]/div[2]/span[1]"}
RESULT: {"using":"xpath","value":"//header[contains(@id, 'detailRruPage-headerTitle')]/div[1]/div[2]/div[2]/span[1]"}
COMMAND: POST /session/85be7df00c2941df1715a768c51ad8f5/elements - {"using":"xpath","value":"//header[contains(@id, 'detailRruPage-headerTitle')]/div[1]/div[2]/div[2]/span[1]"}
RESULT: {"using":"xpath","value":"//header[contains(@id, 'detailRruPage-headerTitle')]/div[1]/div[2]/div[2]/span[1]"}
COMMAND: POST /session/85be7df00c2941df1715a768c51ad8f5/execute/sync - {"script":"<script> [56 bytes]","args":[{"element-6066-11e4-a52e-4f735466cecf":"f.5D121FC7909F200889B59C01A2F655FF.d.A7F6EF84353BA75C13DBBEAC790F6B4E.e.5610","ELEMENT":"f.5D121FC7909F200889B59C01A2F655FF.d.A7F6EF84353BA75C13DBBEAC790F6B4E.e.5610"}]}
RESULT: {"script":"<script> [56 bytes]","args":[{"element-6066-11e4-a52e-4f735466cecf":"f.5D121FC7909F200889B59C01A2F655FF.d.A7F6EF84353BA75C13DBBEAC790F6B4E.e.5610","ELEMENT":"f.5D121FC7909F200889B59C01A2F655FF.d.A7F6EF84353BA75C13DBBEAC790F6B4E.e.5610"}]}
COMMAND: POST /session/85be7df00c2941df1715a768c51ad8f5/element - {"using":"css selector","value":"#shell-header-logo"}
COMMAND: GET /session/85be7df00c2941df1715a768c51ad8f5/screenshot - {}
RESULT: {"using":"css selector","value":"#shell-header-logo"}
COMMAND: POST /session/85be7df00c2941df1715a768c51ad8f5/element/f.5D121FC7909F200889B59C01A2F655FF.d.A7F6EF84353BA75C13DBBEAC790F6B4E.e.4883/click - {}
RESULT: {}
RESULT: {}
COMMAND: GET /session/85be7df00c2941df1715a768c51ad8f5/screenshot - {}
RESULT: {}
]]></system-out>
    </testcase>
    <testcase classname="chrome.136_0_7103_93.windows.Provide_to_Site_w/_warehouse_management_w/_clarification_US115878" name="Bin Status Report Should Create New Organization yard" time="0.006"/>
    <testcase classname="chrome.136_0_7103_93.windows.Provide_to_Site_w/_warehouse_management_w/_clarification_US115878" name="Bin Status Report Should Create New Organization for Site" time="0.004"/>
  </testsuite>
  <testsuite timestamp="2025-05-23T16:37:04" time="513.176" tests="6" failures="0" errors="0" skipped="0">
    <properties>
      <property name="specId" value="0"/>
      <property name="suiteName" value="Provide to Site w/ warehouse management w clarification"/>
      <property name="capabilities" value="chrome.136_0_7103_93.windows"/>
      <property name="file" value="file:///D:/a/1/s/test/specs/HTR/provide-to-site-w-warehouse-w-clarification.spec.js"/>
    </properties>
    <testcase classname="chrome.136_0_7103_93.windows.Provide_to_Site_w/_warehouse_management_w_clarification" name="Should do a stock increase handover" time="94.191">
      <system-out><![CDATA[
COMMAND: POST /session/85be7df00c2941df1715a768c51ad8f5/execute/async - {"script":"<script> [1562 bytes]","args":[{"selector":{"controlType":"sap.m.GenericTile","properties":{"header":"Manage Handovers"}},"wdio_ui5_key":"sapm.GenericTile{\"header\":\"Manage Handovers\"}"}]}
RESULT: {"script":"<script> [1562 bytes]","args":[{"selector":{"controlType":"sap.m.GenericTile","properties":{"header":"Manage Handovers"}},"wdio_ui5_key":"sapm.GenericTile{\"header\":\"Manage Handovers\"}"}]}
RESULT: undefined
COMMAND: POST /session/85be7df00c2941df1715a768c51ad8f5/element - {"using":"xpath","value":"//*[@id=\"__tile131\"]"}
RESULT: {"using":"xpath","value":"//*[@id=\"__tile131\"]"}
COMMAND: POST /session/85be7df00c2941df1715a768c51ad8f5/element/f.5D121FC7909F200889B59C01A2F655FF.d.A7F6EF84353BA75C13DBBEAC790F6B4E.e.4932/click - {}
RESULT: {}
COMMAND: GET /session/85be7df00c2941df1715a768c51ad8f5/screenshot - {}
RESULT: {}
COMMAND: POST /session/85be7df00c2941df1715a768c51ad8f5/elements - {"using":"xpath","value":"//span[text()='Error']"}
RESULT: {"using":"xpath","value":"//span[text()='Error']"}
COMMAND: POST /session/85be7df00c2941df1715a768c51ad8f5/element - {"using":"xpath","value":"//button[@data-kt=\"masterHOAddButton\"]"}
RESULT: {"using":"xpath","value":"//button[@data-kt=\"masterHOAddButton\"]"}
COMMAND: POST /session/85be7df00c2941df1715a768c51ad8f5/elements - {"using":"xpath","value":"//button[@data-kt=\"masterHOAddButton\"]"}
RESULT: {"using":"xpath","value":"//button[@data-kt=\"masterHOAddButton\"]"}
COMMAND: POST /session/85be7df00c2941df1715a768c51ad8f5/execute/sync - {"script":"<script> [8489 bytes]","args":[{"element-6066-11e4-a52e-4f735466cecf":"f.5D121FC7909F200889B59C01A2F655FF.d.A7F6EF84353BA75C13DBBEAC790F6B4E.e.5651","ELEMENT":"f.5D121FC7909F200889B59C01A2F655FF.d.A7F6EF84353BA75C13DBBEAC790F6B4E.e.5651"}]}
RESULT: {"script":"<script> [8489 bytes]","args":[{"element-6066-11e4-a52e-4f735466cecf":"f.5D121FC7909F200889B59C01A2F655FF.d.A7F6EF84353BA75C13DBBEAC790F6B4E.e.5651","ELEMENT":"f.5D121FC7909F200889B59C01A2F655FF.d.A7F6EF84353BA75C13DBBEAC790F6B4E.e.5651"}]}
COMMAND: GET /session/85be7df00c2941df1715a768c51ad8f5/element/f.5D121FC7909F200889B59C01A2F655FF.d.A7F6EF84353BA75C13DBBEAC790F6B4E.e.5651/enabled - {}
COMMAND: GET /session/85be7df00c2941df1715a768c51ad8f5/screenshot - {}
RESULT: {}
COMMAND: POST /session/85be7df00c2941df1715a768c51ad8f5/execute/sync - {"script":"<script> [8489 bytes]","args":[{"element-6066-11e4-a52e-4f735466cecf":"f.5D121FC7909F200889B59C01A2F655FF.d.A7F6EF84353BA75C13DBBEAC790F6B4E.e.5651","ELEMENT":"f.5D121FC7909F200889B59C01A2F655FF.d.A7F6EF84353BA75C13DBBEAC790F6B4E.e.5651"}]}
COMMAND: GET /session/85be7df00c2941df1715a768c51ad8f5/screenshot - {}
RESULT: {}
RESULT: {"script":"<script> [8489 bytes]","args":[{"element-6066-11e4-a52e-4f735466cecf":"f.5D121FC7909F200889B59C01A2F655FF.d.A7F6EF84353BA75C13DBBEAC790F6B4E.e.5651","ELEMENT":"f.5D121FC7909F200889B59C01A2F655FF.d.A7F6EF84353BA75C13DBBEAC790F6B4E.e.5651"}]}
COMMAND: POST /session/85be7df00c2941df1715a768c51ad8f5/execute/sync - {"script":"<script> [5351 bytes]","args":[{"element-6066-11e4-a52e-4f735466cecf":"f.5D121FC7909F200889B59C01A2F655FF.d.A7F6EF84353BA75C13DBBEAC790F6B4E.e.5651","ELEMENT":"f.5D121FC7909F200889B59C01A2F655FF.d.A7F6EF84353BA75C13DBBEAC790F6B4E.e.5651"}]}
COMMAND: GET /session/85be7df00c2941df1715a768c51ad8f5/screenshot - {}
RESULT: {}
RESULT: {"script":"<script> [5351 bytes]","args":[{"element-6066-11e4-a52e-4f735466cecf":"f.5D121FC7909F200889B59C01A2F655FF.d.A7F6EF84353BA75C13DBBEAC790F6B4E.e.5651","ELEMENT":"f.5D121FC7909F200889B59C01A2F655FF.d.A7F6EF84353BA75C13DBBEAC790F6B4E.e.5651"}]}
COMMAND: POST /session/85be7df00c2941df1715a768c51ad8f5/element/f.5D121FC7909F200889B59C01A2F655FF.d.A7F6EF84353BA75C13DBBEAC790F6B4E.e.5651/click - {}
COMMAND: GET /session/85be7df00c2941df1715a768c51ad8f5/screenshot - {}
RESULT: {}
RESULT: {}
COMMAND: GET /session/85be7df00c2941df1715a768c51ad8f5/screenshot - {}
COMMAND: POST /session/85be7df00c2941df1715a768c51ad8f5/element - {"using":"xpath","value":"//span[contains(@id ,\"AddNewHO--typeSelect-arrow\")]"}
RESULT: {}
RESULT: {}
RESULT: {"using":"xpath","value":"//span[contains(@id ,\"AddNewHO--typeSelect-arrow\")]"}
COMMAND: POST /session/85be7df00c2941df1715a768c51ad8f5/element/f.5D121FC7909F200889B59C01A2F655FF.d.A7F6EF84353BA75C13DBBEAC790F6B4E.e.5988/click - {}
RESULT: {}
COMMAND: GET /session/85be7df00c2941df1715a768c51ad8f5/screenshot - {}
RESULT: {}
COMMAND: POST /session/85be7df00c2941df1715a768c51ad8f5/element - {"using":"xpath","value":"(//li[contains(text(), \"stock increase yard\")])[1]"}
RESULT: {"using":"xpath","value":"(//li[contains(text(), \"stock increase yard\")])[1]"}
COMMAND: POST /session/85be7df00c2941df1715a768c51ad8f5/element/f.5D121FC7909F200889B59C01A2F655FF.d.A7F6EF84353BA75C13DBBEAC790F6B4E.e.5989/click - {}
RESULT: {}
COMMAND: GET /session/85be7df00c2941df1715a768c51ad8f5/screenshot - {}
RESULT: {}
COMMAND: POST /session/85be7df00c2941df1715a768c51ad8f5/execute/async - {"script":"<script> [1562 bytes]","args":[{"selector":{"id":"application-managehandovers-display-component---AddNewHO--dueDate","interaction":{"idSuffix":"inner"}},"wdio_ui5_key":"applicationmanagehandovers-display-component---AddNewHO--dueDate"}]}
RESULT: {"script":"<script> [1562 bytes]","args":[{"selector":{"id":"application-managehandovers-display-component---AddNewHO--dueDate","interaction":{"idSuffix":"inner"}},"wdio_ui5_key":"applicationmanagehandovers-display-component---AddNewHO--dueDate"}]}
RESULT: undefined
COMMAND: POST /session/85be7df00c2941df1715a768c51ad8f5/execute/async - {"script":"<script> [6424 bytes]","args":[{"element-6066-11e4-a52e-4f735466cecf":"f.5D121FC7909F200889B59C01A2F655FF.d.A7F6EF84353BA75C13DBBEAC790F6B4E.e.5993"},"setValue",["5/23/25"]]}
RESULT: {"script":"<script> [6424 bytes]","args":[{"element-6066-11e4-a52e-4f735466cecf":"f.5D121FC7909F200889B59C01A2F655FF.d.A7F6EF84353BA75C13DBBEAC790F6B4E.e.5993"},"setValue",["5/23/25"]]}
COMMAND: POST /session/85be7df00c2941df1715a768c51ad8f5/element - {"using":"xpath","value":"//input[@id=\"generalSectionFrg--receiveYard-inner\"]"}
RESULT: {"using":"xpath","value":"//input[@id=\"generalSectionFrg--receiveYard-inner\"]"}
COMMAND: POST /session/85be7df00c2941df1715a768c51ad8f5/element/f.5D121FC7909F200889B59C01A2F655FF.d.A7F6EF84353BA75C13DBBEAC790F6B4E.e.5999/clear - {}
RESULT: {}
COMMAND: POST /session/85be7df00c2941df1715a768c51ad8f5/element/f.5D121FC7909F200889B59C01A2F655FF.d.A7F6EF84353BA75C13DBBEAC790F6B4E.e.5999/value - {"text":"221"}
COMMAND: GET /session/85be7df00c2941df1715a768c51ad8f5/screenshot - {}
RESULT: {"text":"221"}
COMMAND: GET /session/85be7df00c2941df1715a768c51ad8f5/screenshot - {}
RESULT: {}
RESULT: {}
COMMAND: POST /session/85be7df00c2941df1715a768c51ad8f5/element - {"using":"xpath","value":"//li[.//span[text()='221']]"}
RESULT: {"using":"xpath","value":"//li[.//span[text()='221']]"}
COMMAND: POST /session/85be7df00c2941df1715a768c51ad8f5/element/f.5D121FC7909F200889B59C01A2F655FF.d.A7F6EF84353BA75C13DBBEAC790F6B4E.e.6013/click - {}
RESULT: {}
COMMAND: GET /session/85be7df00c2941df1715a768c51ad8f5/screenshot - {}
RESULT: {}
COMMAND: POST /session/85be7df00c2941df1715a768c51ad8f5/execute/async - {"script":"<script> [1562 bytes]","args":[{"selector":{"id":"application-managehandovers-display-component---AddNewHO--ObjectPageLayout-anchBar-application-managehandovers-display-component---AddNewHO--section4-anchor","interaction":{"idSuffix":"BDI-content"}},"wdio_ui5_key":"applicationmanagehandovers-display-component---AddNewHO--ObjectPageLayout-anchBar-application-managehandovers-display-component---AddNewHO--section4-anchor"}]}
RESULT: {"script":"<script> [1562 bytes]","args":[{"selector":{"id":"application-managehandovers-display-component---AddNewHO--ObjectPageLayout-anchBar-application-managehandovers-display-component---AddNewHO--section4-anchor","interaction":{"idSuffix":"BDI-content"}},"wdio_ui5_key":"applicationmanagehandovers-display-component---AddNewHO--ObjectPageLayout-anchBar-application-managehandovers-display-component---AddNewHO--section4-anchor"}]}
RESULT: undefined
COMMAND: POST /session/85be7df00c2941df1715a768c51ad8f5/element - {"using":"xpath","value":"//*[@id=\"application-managehandovers-display-component---AddNewHO--ObjectPageLayout-anchBar-application-managehandovers-display-component---AddNewHO--section4-anchor\"]"}
RESULT: {"using":"xpath","value":"//*[@id=\"application-managehandovers-display-component---AddNewHO--ObjectPageLayout-anchBar-application-managehandovers-display-component---AddNewHO--section4-anchor\"]"}
COMMAND: POST /session/85be7df00c2941df1715a768c51ad8f5/element/f.5D121FC7909F200889B59C01A2F655FF.d.A7F6EF84353BA75C13DBBEAC790F6B4E.e.6015/click - {}
RESULT: {}
COMMAND: POST /session/85be7df00c2941df1715a768c51ad8f5/element - {"using":"xpath","value":"//button[@aria-label=\"Add\"]"}
COMMAND: GET /session/85be7df00c2941df1715a768c51ad8f5/screenshot - {}
RESULT: {"using":"xpath","value":"//button[@aria-label=\"Add\"]"}
COMMAND: POST /session/85be7df00c2941df1715a768c51ad8f5/element/f.5D121FC7909F200889B59C01A2F655FF.d.A7F6EF84353BA75C13DBBEAC790F6B4E.e.6017/click - {}
RESULT: {}
RESULT: {}
COMMAND: GET /session/85be7df00c2941df1715a768c51ad8f5/screenshot - {}
RESULT: {}
COMMAND: POST /session/85be7df00c2941df1715a768c51ad8f5/execute/async - {"script":"<script> [1562 bytes]","args":[{"selector":{"id":"application-managehandovers-display-component---AddNewHO--smartFilterBar-btnBasicSearch","searchOpenDialogs":true,"interaction":{"idSuffix":"I"}},"wdio_ui5_key":"applicationmanagehandovers-display-component---AddNewHO--smartFilterBar-btnBasicSearch"}]}
RESULT: {"script":"<script> [1562 bytes]","args":[{"selector":{"id":"application-managehandovers-display-component---AddNewHO--smartFilterBar-btnBasicSearch","searchOpenDialogs":true,"interaction":{"idSuffix":"I"}},"wdio_ui5_key":"applicationmanagehandovers-display-component---AddNewHO--smartFilterBar-btnBasicSearch"}]}
RESULT: undefined
COMMAND: POST /session/85be7df00c2941df1715a768c51ad8f5/execute/async - {"script":"<script> [776 bytes]","args":[{"enterText":"200087","selector":{"id":"application-managehandovers-display-component---AddNewHO--smartFilterBar-btnBasicSearch","searchOpenDialogs":true,"interaction":{"idSuffix":"I"}},"clearTextFirst":true,"interactionType":"ENTER_TEXT"}]}
RESULT: {"script":"<script> [776 bytes]","args":[{"enterText":"200087","selector":{"id":"application-managehandovers-display-component---AddNewHO--smartFilterBar-btnBasicSearch","searchOpenDialogs":true,"interaction":{"idSuffix":"I"}},"clearTextFirst":true,"interactionType":"ENTER_TEXT"}]}
COMMAND: POST /session/85be7df00c2941df1715a768c51ad8f5/actions - {"actions":[{"id":"action22","type":"key","parameters":{},"actions":[{"type":"keyDown","value":""},{"type":"pause","duration":10},{"type":"keyUp","value":""}]}]}
RESULT: {"actions":[{"id":"action22","type":"key","parameters":{},"actions":[{"type":"keyDown","value":""},{"type":"pause","duration":10},{"type":"keyUp","value":""}]}]}
COMMAND: GET /session/85be7df00c2941df1715a768c51ad8f5/screenshot - {}
RESULT: {}
COMMAND: POST /session/85be7df00c2941df1715a768c51ad8f5/execute/async - {"script":"<script> [1562 bytes]","args":[{"selector":{"id":"application-managehandovers-display-component---AddNewHO--popup-sa","searchOpenDialogs":true,"interaction":{"idSuffix":"CbBg"}},"wdio_ui5_key":"applicationmanagehandovers-display-component---AddNewHO--popup-sa"}]}
RESULT: {"script":"<script> [1562 bytes]","args":[{"selector":{"id":"application-managehandovers-display-component---AddNewHO--popup-sa","searchOpenDialogs":true,"interaction":{"idSuffix":"CbBg"}},"wdio_ui5_key":"applicationmanagehandovers-display-component---AddNewHO--popup-sa"}]}
RESULT: undefined
COMMAND: POST /session/85be7df00c2941df1715a768c51ad8f5/element - {"using":"xpath","value":"//*[@id=\"application-managehandovers-display-component---AddNewHO--popup-sa\"]"}
RESULT: {"using":"xpath","value":"//*[@id=\"application-managehandovers-display-component---AddNewHO--popup-sa\"]"}
COMMAND: POST /session/85be7df00c2941df1715a768c51ad8f5/element/f.5D121FC7909F200889B59C01A2F655FF.d.A7F6EF84353BA75C13DBBEAC790F6B4E.e.6168/click - {}
RESULT: {}
COMMAND: GET /session/85be7df00c2941df1715a768c51ad8f5/screenshot - {}
RESULT: {}
COMMAND: POST /session/85be7df00c2941df1715a768c51ad8f5/element - {"using":"xpath","value":"//bdi[contains(text(), \"Select\")]"}
RESULT: {"using":"xpath","value":"//bdi[contains(text(), \"Select\")]"}
COMMAND: POST /session/85be7df00c2941df1715a768c51ad8f5/element/f.5D121FC7909F200889B59C01A2F655FF.d.A7F6EF84353BA75C13DBBEAC790F6B4E.e.6169/click - {}
RESULT: {}
COMMAND: GET /session/85be7df00c2941df1715a768c51ad8f5/screenshot - {}
RESULT: {}
COMMAND: POST /session/85be7df00c2941df1715a768c51ad8f5/element - {"using":"xpath","value":"//button[@data-kt=\"AddNewHOSaveButton\"]"}
RESULT: {"using":"xpath","value":"//button[@data-kt=\"AddNewHOSaveButton\"]"}
COMMAND: POST /session/85be7df00c2941df1715a768c51ad8f5/element/f.5D121FC7909F200889B59C01A2F655FF.d.A7F6EF84353BA75C13DBBEAC790F6B4E.e.6173/click - {}
RESULT: {}
COMMAND: GET /session/85be7df00c2941df1715a768c51ad8f5/screenshot - {}
RESULT: {}
COMMAND: POST /session/85be7df00c2941df1715a768c51ad8f5/execute/async - {"script":"<script> [1562 bytes]","args":[{"selector":{"id":"receiptDatePicker","viewName":"etm.portal.ui.managehandovers.view.DetailExecuteHO","interaction":{"idSuffix":"inner"}},"wdio_ui5_key":"receiptDatePickeretmportal.ui.managehandovers.view.DetailExecuteHO"}]}
RESULT: {"script":"<script> [1562 bytes]","args":[{"selector":{"id":"receiptDatePicker","viewName":"etm.portal.ui.managehandovers.view.DetailExecuteHO","interaction":{"idSuffix":"inner"}},"wdio_ui5_key":"receiptDatePickeretmportal.ui.managehandovers.view.DetailExecuteHO"}]}
RESULT: undefined
COMMAND: POST /session/85be7df00c2941df1715a768c51ad8f5/execute/async - {"script":"<script> [6424 bytes]","args":[{"element-6066-11e4-a52e-4f735466cecf":"f.5D121FC7909F200889B59C01A2F655FF.d.A7F6EF84353BA75C13DBBEAC790F6B4E.e.6202"},"setValue",["5/23/25"]]}
RESULT: {"script":"<script> [6424 bytes]","args":[{"element-6066-11e4-a52e-4f735466cecf":"f.5D121FC7909F200889B59C01A2F655FF.d.A7F6EF84353BA75C13DBBEAC790F6B4E.e.6202"},"setValue",["5/23/25"]]}
COMMAND: POST /session/85be7df00c2941df1715a768c51ad8f5/element - {"using":"xpath","value":"//button[@data-kt=\"ReceivingTableConfirmAllButton\"]"}
RESULT: {"using":"xpath","value":"//button[@data-kt=\"ReceivingTableConfirmAllButton\"]"}
COMMAND: POST /session/85be7df00c2941df1715a768c51ad8f5/element/f.5D121FC7909F200889B59C01A2F655FF.d.A7F6EF84353BA75C13DBBEAC790F6B4E.e.6219/click - {}
RESULT: {}
COMMAND: GET /session/85be7df00c2941df1715a768c51ad8f5/screenshot - {}
RESULT: {}
COMMAND: POST /session/85be7df00c2941df1715a768c51ad8f5/element - {"using":"xpath","value":"//bdi[contains(text(), \"OK\")]"}
RESULT: {"using":"xpath","value":"//bdi[contains(text(), \"OK\")]"}
COMMAND: POST /session/85be7df00c2941df1715a768c51ad8f5/element/f.5D121FC7909F200889B59C01A2F655FF.d.A7F6EF84353BA75C13DBBEAC790F6B4E.e.6221/click - {}
RESULT: {}
COMMAND: GET /session/85be7df00c2941df1715a768c51ad8f5/screenshot - {}
RESULT: {}
COMMAND: POST /session/85be7df00c2941df1715a768c51ad8f5/element - {"using":"xpath","value":"(//bdi[contains(text(), \"Receive\")])[2]"}
RESULT: {"using":"xpath","value":"(//bdi[contains(text(), \"Receive\")])[2]"}
COMMAND: POST /session/85be7df00c2941df1715a768c51ad8f5/element/f.5D121FC7909F200889B59C01A2F655FF.d.A7F6EF84353BA75C13DBBEAC790F6B4E.e.6223/click - {}
RESULT: {}
COMMAND: GET /session/85be7df00c2941df1715a768c51ad8f5/screenshot - {}
RESULT: {}
COMMAND: POST /session/85be7df00c2941df1715a768c51ad8f5/element - {"using":"css selector","value":"#shell-header-logo"}
RESULT: {"using":"css selector","value":"#shell-header-logo"}
COMMAND: POST /session/85be7df00c2941df1715a768c51ad8f5/element/f.5D121FC7909F200889B59C01A2F655FF.d.A7F6EF84353BA75C13DBBEAC790F6B4E.e.5613/click - {}
RESULT: {}
COMMAND: GET /session/85be7df00c2941df1715a768c51ad8f5/screenshot - {}
RESULT: {}
]]></system-out>
    </testcase>
    <testcase classname="chrome.136_0_7103_93.windows.Provide_to_Site_w/_warehouse_management_w_clarification" name="Should create a new contract" time="65.735">
      <system-out><![CDATA[
COMMAND: POST /session/85be7df00c2941df1715a768c51ad8f5/execute/async - {"script":"<script> [1562 bytes]","args":[{"selector":{"controlType":"sap.m.GenericTile","properties":{"header":"Manage Contracts"}},"wdio_ui5_key":"sapm.GenericTile{\"header\":\"Manage Contracts\"}"}]}
RESULT: {"script":"<script> [1562 bytes]","args":[{"selector":{"controlType":"sap.m.GenericTile","properties":{"header":"Manage Contracts"}},"wdio_ui5_key":"sapm.GenericTile{\"header\":\"Manage Contracts\"}"}]}
RESULT: undefined
COMMAND: POST /session/85be7df00c2941df1715a768c51ad8f5/element - {"using":"xpath","value":"//*[@id=\"__tile130\"]"}
RESULT: {"using":"xpath","value":"//*[@id=\"__tile130\"]"}
COMMAND: POST /session/85be7df00c2941df1715a768c51ad8f5/element/f.5D121FC7909F200889B59C01A2F655FF.d.A7F6EF84353BA75C13DBBEAC790F6B4E.e.4921/click - {}
RESULT: {}
COMMAND: GET /session/85be7df00c2941df1715a768c51ad8f5/screenshot - {}
RESULT: {}
COMMAND: POST /session/85be7df00c2941df1715a768c51ad8f5/elements - {"using":"xpath","value":"//span[text()='Error']"}
RESULT: {"using":"xpath","value":"//span[text()='Error']"}
COMMAND: POST /session/85be7df00c2941df1715a768c51ad8f5/element - {"using":"xpath","value":"//button[@data-kt=\"addButton\"]"}
RESULT: {"using":"xpath","value":"//button[@data-kt=\"addButton\"]"}
COMMAND: POST /session/85be7df00c2941df1715a768c51ad8f5/elements - {"using":"xpath","value":"//button[@data-kt=\"addButton\"]"}
RESULT: {"using":"xpath","value":"//button[@data-kt=\"addButton\"]"}
COMMAND: POST /session/85be7df00c2941df1715a768c51ad8f5/execute/sync - {"script":"<script> [8489 bytes]","args":[{"element-6066-11e4-a52e-4f735466cecf":"f.5D121FC7909F200889B59C01A2F655FF.d.A7F6EF84353BA75C13DBBEAC790F6B4E.e.6449","ELEMENT":"f.5D121FC7909F200889B59C01A2F655FF.d.A7F6EF84353BA75C13DBBEAC790F6B4E.e.6449"}]}
RESULT: {"script":"<script> [8489 bytes]","args":[{"element-6066-11e4-a52e-4f735466cecf":"f.5D121FC7909F200889B59C01A2F655FF.d.A7F6EF84353BA75C13DBBEAC790F6B4E.e.6449","ELEMENT":"f.5D121FC7909F200889B59C01A2F655FF.d.A7F6EF84353BA75C13DBBEAC790F6B4E.e.6449"}]}
COMMAND: GET /session/85be7df00c2941df1715a768c51ad8f5/element/f.5D121FC7909F200889B59C01A2F655FF.d.A7F6EF84353BA75C13DBBEAC790F6B4E.e.6449/enabled - {}
COMMAND: GET /session/85be7df00c2941df1715a768c51ad8f5/screenshot - {}
RESULT: {}
COMMAND: POST /session/85be7df00c2941df1715a768c51ad8f5/execute/sync - {"script":"<script> [8489 bytes]","args":[{"element-6066-11e4-a52e-4f735466cecf":"f.5D121FC7909F200889B59C01A2F655FF.d.A7F6EF84353BA75C13DBBEAC790F6B4E.e.6449","ELEMENT":"f.5D121FC7909F200889B59C01A2F655FF.d.A7F6EF84353BA75C13DBBEAC790F6B4E.e.6449"}]}
COMMAND: GET /session/85be7df00c2941df1715a768c51ad8f5/screenshot - {}
RESULT: {}
RESULT: {"script":"<script> [8489 bytes]","args":[{"element-6066-11e4-a52e-4f735466cecf":"f.5D121FC7909F200889B59C01A2F655FF.d.A7F6EF84353BA75C13DBBEAC790F6B4E.e.6449","ELEMENT":"f.5D121FC7909F200889B59C01A2F655FF.d.A7F6EF84353BA75C13DBBEAC790F6B4E.e.6449"}]}
COMMAND: POST /session/85be7df00c2941df1715a768c51ad8f5/execute/sync - {"script":"<script> [5351 bytes]","args":[{"element-6066-11e4-a52e-4f735466cecf":"f.5D121FC7909F200889B59C01A2F655FF.d.A7F6EF84353BA75C13DBBEAC790F6B4E.e.6449","ELEMENT":"f.5D121FC7909F200889B59C01A2F655FF.d.A7F6EF84353BA75C13DBBEAC790F6B4E.e.6449"}]}
COMMAND: GET /session/85be7df00c2941df1715a768c51ad8f5/screenshot - {}
RESULT: {}
RESULT: {"script":"<script> [5351 bytes]","args":[{"element-6066-11e4-a52e-4f735466cecf":"f.5D121FC7909F200889B59C01A2F655FF.d.A7F6EF84353BA75C13DBBEAC790F6B4E.e.6449","ELEMENT":"f.5D121FC7909F200889B59C01A2F655FF.d.A7F6EF84353BA75C13DBBEAC790F6B4E.e.6449"}]}
COMMAND: GET /session/85be7df00c2941df1715a768c51ad8f5/screenshot - {}
RESULT: {}
RESULT: {}
COMMAND: POST /session/85be7df00c2941df1715a768c51ad8f5/element/f.5D121FC7909F200889B59C01A2F655FF.d.A7F6EF84353BA75C13DBBEAC790F6B4E.e.6449/click - {}
RESULT: {}
COMMAND: GET /session/85be7df00c2941df1715a768c51ad8f5/screenshot - {}
RESULT: {}
COMMAND: POST /session/85be7df00c2941df1715a768c51ad8f5/execute/async - {"script":"<script> [1562 bytes]","args":[{"selector":{"id":"application-managecontracts-display-component---AddNewContract--projectDescription","interaction":{"idSuffix":"inner"}},"wdio_ui5_key":"applicationmanagecontracts-display-component---AddNewContract--projectDescription"}]}
RESULT: {"script":"<script> [1562 bytes]","args":[{"selector":{"id":"application-managecontracts-display-component---AddNewContract--projectDescription","interaction":{"idSuffix":"inner"}},"wdio_ui5_key":"applicationmanagecontracts-display-component---AddNewContract--projectDescription"}]}
RESULT: undefined
COMMAND: POST /session/85be7df00c2941df1715a768c51ad8f5/execute/async - {"script":"<script> [776 bytes]","args":[{"enterText":"Contract WDIO","selector":{"id":"application-managecontracts-display-component---AddNewContract--projectDescription","interaction":{"idSuffix":"inner"}},"clearTextFirst":true,"interactionType":"ENTER_TEXT"}]}
RESULT: {"script":"<script> [776 bytes]","args":[{"enterText":"Contract WDIO","selector":{"id":"application-managecontracts-display-component---AddNewContract--projectDescription","interaction":{"idSuffix":"inner"}},"clearTextFirst":true,"interactionType":"ENTER_TEXT"}]}
COMMAND: POST /session/85be7df00c2941df1715a768c51ad8f5/element - {"using":"xpath","value":"//input[@id=\"application-managecontracts-display-component---AddNewContract--site-inner\"]"}
RESULT: {"using":"xpath","value":"//input[@id=\"application-managecontracts-display-component---AddNewContract--site-inner\"]"}
COMMAND: POST /session/85be7df00c2941df1715a768c51ad8f5/element/f.5D121FC7909F200889B59C01A2F655FF.d.A7F6EF84353BA75C13DBBEAC790F6B4E.e.6769/clear - {}
RESULT: {}
COMMAND: POST /session/85be7df00c2941df1715a768c51ad8f5/element/f.5D121FC7909F200889B59C01A2F655FF.d.A7F6EF84353BA75C13DBBEAC790F6B4E.e.6769/value - {"text":"2074"}
COMMAND: GET /session/85be7df00c2941df1715a768c51ad8f5/screenshot - {}
RESULT: {"text":"2074"}
COMMAND: GET /session/85be7df00c2941df1715a768c51ad8f5/screenshot - {}
RESULT: {}
RESULT: {}
COMMAND: POST /session/85be7df00c2941df1715a768c51ad8f5/element - {"using":"xpath","value":"//li[.//span[text()='2074']]"}
RESULT: {"using":"xpath","value":"//li[.//span[text()='2074']]"}
COMMAND: POST /session/85be7df00c2941df1715a768c51ad8f5/element/f.5D121FC7909F200889B59C01A2F655FF.d.A7F6EF84353BA75C13DBBEAC790F6B4E.e.6851/click - {}
RESULT: {}
COMMAND: GET /session/85be7df00c2941df1715a768c51ad8f5/screenshot - {}
RESULT: {}
COMMAND: POST /session/85be7df00c2941df1715a768c51ad8f5/element - {"using":"xpath","value":"//input[@id=\"application-managecontracts-display-component---AddNewContract--yardId-inner\"]"}
RESULT: {"using":"xpath","value":"//input[@id=\"application-managecontracts-display-component---AddNewContract--yardId-inner\"]"}
COMMAND: GET /session/85be7df00c2941df1715a768c51ad8f5/element/f.5D121FC7909F200889B59C01A2F655FF.d.A7F6EF84353BA75C13DBBEAC790F6B4E.e.6770/property/value - {}
RESULT: {}
COMMAND: POST /session/85be7df00c2941df1715a768c51ad8f5/element - {"using":"xpath","value":"//input[@id=\"application-managecontracts-display-component---AddNewContract--customerSelect-inner\"]"}
COMMAND: GET /session/85be7df00c2941df1715a768c51ad8f5/screenshot - {}
RESULT: {"using":"xpath","value":"//input[@id=\"application-managecontracts-display-component---AddNewContract--customerSelect-inner\"]"}
COMMAND: POST /session/85be7df00c2941df1715a768c51ad8f5/element/f.5D121FC7909F200889B59C01A2F655FF.d.A7F6EF84353BA75C13DBBEAC790F6B4E.e.6768/clear - {}
RESULT: {}
RESULT: {}
COMMAND: POST /session/85be7df00c2941df1715a768c51ad8f5/element/f.5D121FC7909F200889B59C01A2F655FF.d.A7F6EF84353BA75C13DBBEAC790F6B4E.e.6768/value - {"text":"1074"}
COMMAND: GET /session/85be7df00c2941df1715a768c51ad8f5/screenshot - {}
RESULT: {"text":"1074"}
COMMAND: GET /session/85be7df00c2941df1715a768c51ad8f5/screenshot - {}
RESULT: {}
RESULT: {}
COMMAND: POST /session/85be7df00c2941df1715a768c51ad8f5/element - {"using":"xpath","value":"//li[.//span[text()='1074']]"}
RESULT: {"using":"xpath","value":"//li[.//span[text()='1074']]"}
COMMAND: POST /session/85be7df00c2941df1715a768c51ad8f5/element/f.5D121FC7909F200889B59C01A2F655FF.d.A7F6EF84353BA75C13DBBEAC790F6B4E.e.6854/click - {}
RESULT: {}
COMMAND: GET /session/85be7df00c2941df1715a768c51ad8f5/screenshot - {}
RESULT: {}
COMMAND: POST /session/85be7df00c2941df1715a768c51ad8f5/element - {"using":"xpath","value":"//button[@data-kt=\"saveButton\"]"}
RESULT: {"using":"xpath","value":"//button[@data-kt=\"saveButton\"]"}
COMMAND: POST /session/85be7df00c2941df1715a768c51ad8f5/element/f.5D121FC7909F200889B59C01A2F655FF.d.A7F6EF84353BA75C13DBBEAC790F6B4E.e.6844/click - {}
RESULT: {}
COMMAND: GET /session/85be7df00c2941df1715a768c51ad8f5/screenshot - {}
RESULT: {}
COMMAND: POST /session/85be7df00c2941df1715a768c51ad8f5/element - {"using":"xpath","value":"//span[contains(@id ,\"contractDetailTitleNoExpanded\")]"}
RESULT: {"using":"xpath","value":"//span[contains(@id ,\"contractDetailTitleNoExpanded\")]"}
COMMAND: POST /session/85be7df00c2941df1715a768c51ad8f5/elements - {"using":"xpath","value":"//span[contains(@id ,\"contractDetailTitleNoExpanded\")]"}
RESULT: {"using":"xpath","value":"//span[contains(@id ,\"contractDetailTitleNoExpanded\")]"}
COMMAND: POST /session/85be7df00c2941df1715a768c51ad8f5/execute/sync - {"script":"<script> [56 bytes]","args":[{"element-6066-11e4-a52e-4f735466cecf":"f.5D121FC7909F200889B59C01A2F655FF.d.A7F6EF84353BA75C13DBBEAC790F6B4E.e.6869","ELEMENT":"f.5D121FC7909F200889B59C01A2F655FF.d.A7F6EF84353BA75C13DBBEAC790F6B4E.e.6869"}]}
RESULT: {"script":"<script> [56 bytes]","args":[{"element-6066-11e4-a52e-4f735466cecf":"f.5D121FC7909F200889B59C01A2F655FF.d.A7F6EF84353BA75C13DBBEAC790F6B4E.e.6869","ELEMENT":"f.5D121FC7909F200889B59C01A2F655FF.d.A7F6EF84353BA75C13DBBEAC790F6B4E.e.6869"}]}
COMMAND: GET /session/85be7df00c2941df1715a768c51ad8f5/screenshot - {}
RESULT: {}
]]></system-out>
    </testcase>
    <testcase classname="chrome.136_0_7103_93.windows.Provide_to_Site_w/_warehouse_management_w_clarification" name="Should add equipment to the contract" time="60.933">
      <system-out><![CDATA[
COMMAND: POST /session/85be7df00c2941df1715a768c51ad8f5/element - {"using":"xpath","value":"//button[@data-kt=\"contractDetailEditBtnButton\"]"}
RESULT: {"using":"xpath","value":"//button[@data-kt=\"contractDetailEditBtnButton\"]"}
COMMAND: POST /session/85be7df00c2941df1715a768c51ad8f5/element/f.5D121FC7909F200889B59C01A2F655FF.d.A7F6EF84353BA75C13DBBEAC790F6B4E.e.6871/click - {}
RESULT: {}
COMMAND: GET /session/85be7df00c2941df1715a768c51ad8f5/screenshot - {}
RESULT: {}
COMMAND: POST /session/85be7df00c2941df1715a768c51ad8f5/element - {"using":"xpath","value":"(//span[contains(text(), \"Additional Addresses\")])[2]"}
RESULT: {"using":"xpath","value":"(//span[contains(text(), \"Additional Addresses\")])[2]"}
COMMAND: POST /session/85be7df00c2941df1715a768c51ad8f5/element/f.5D121FC7909F200889B59C01A2F655FF.d.A7F6EF84353BA75C13DBBEAC790F6B4E.e.6929/click - {}
RESULT: {}
COMMAND: GET /session/85be7df00c2941df1715a768c51ad8f5/screenshot - {}
RESULT: {}
COMMAND: POST /session/85be7df00c2941df1715a768c51ad8f5/element - {"using":"xpath","value":"//button[@data-kt=\"btnAddTableRowOverflowToolbarButton\"]"}
RESULT: {"using":"xpath","value":"//button[@data-kt=\"btnAddTableRowOverflowToolbarButton\"]"}
COMMAND: POST /session/85be7df00c2941df1715a768c51ad8f5/element/f.5D121FC7909F200889B59C01A2F655FF.d.A7F6EF84353BA75C13DBBEAC790F6B4E.e.6931/click - {}
RESULT: {}
COMMAND: GET /session/85be7df00c2941df1715a768c51ad8f5/screenshot - {}
RESULT: {}
COMMAND: POST /session/85be7df00c2941df1715a768c51ad8f5/element - {"using":"xpath","value":"//div[(text() = 'Standard Entry' or . = 'Standard Entry')]"}
RESULT: {"using":"xpath","value":"//div[(text() = 'Standard Entry' or . = 'Standard Entry')]"}
COMMAND: POST /session/85be7df00c2941df1715a768c51ad8f5/element/f.5D121FC7909F200889B59C01A2F655FF.d.A7F6EF84353BA75C13DBBEAC790F6B4E.e.6933/click - {}
RESULT: {}
COMMAND: GET /session/85be7df00c2941df1715a768c51ad8f5/screenshot - {}
RESULT: {}
COMMAND: POST /session/85be7df00c2941df1715a768c51ad8f5/element - {"using":"xpath","value":"//td[6]/div/div/div/span"}
RESULT: {"using":"xpath","value":"//td[6]/div/div/div/span"}
COMMAND: POST /session/85be7df00c2941df1715a768c51ad8f5/element/f.5D121FC7909F200889B59C01A2F655FF.d.A7F6EF84353BA75C13DBBEAC790F6B4E.e.6945/click - {}
RESULT: {}
COMMAND: GET /session/85be7df00c2941df1715a768c51ad8f5/screenshot - {}
RESULT: {}
COMMAND: POST /session/85be7df00c2941df1715a768c51ad8f5/element - {"using":"xpath","value":"(//span[contains(text(), \"Material\")])"}
RESULT: {"using":"xpath","value":"(//span[contains(text(), \"Material\")])"}
COMMAND: POST /session/85be7df00c2941df1715a768c51ad8f5/element/f.5D121FC7909F200889B59C01A2F655FF.d.A7F6EF84353BA75C13DBBEAC790F6B4E.e.6946/click - {}
RESULT: {}
COMMAND: GET /session/85be7df00c2941df1715a768c51ad8f5/screenshot - {}
RESULT: {}
COMMAND: POST /session/85be7df00c2941df1715a768c51ad8f5/element - {"using":"xpath","value":"//td[7]/div/div/input"}
RESULT: {"using":"xpath","value":"//td[7]/div/div/input"}
COMMAND: POST /session/85be7df00c2941df1715a768c51ad8f5/element/f.5D121FC7909F200889B59C01A2F655FF.d.A7F6EF84353BA75C13DBBEAC790F6B4E.e.6950/clear - {}
RESULT: {}
COMMAND: POST /session/85be7df00c2941df1715a768c51ad8f5/element/f.5D121FC7909F200889B59C01A2F655FF.d.A7F6EF84353BA75C13DBBEAC790F6B4E.e.6950/value - {"text":"200087"}
COMMAND: GET /session/85be7df00c2941df1715a768c51ad8f5/screenshot - {}
RESULT: {"text":"200087"}
COMMAND: GET /session/85be7df00c2941df1715a768c51ad8f5/screenshot - {}
RESULT: {}
RESULT: {}
COMMAND: POST /session/85be7df00c2941df1715a768c51ad8f5/actions - {"actions":[{"id":"action23","type":"key","parameters":{},"actions":[{"type":"keyDown","value":""},{"type":"pause","duration":10},{"type":"keyUp","value":""}]}]}
RESULT: {"actions":[{"id":"action23","type":"key","parameters":{},"actions":[{"type":"keyDown","value":""},{"type":"pause","duration":10},{"type":"keyUp","value":""}]}]}
COMMAND: GET /session/85be7df00c2941df1715a768c51ad8f5/screenshot - {}
RESULT: {}
COMMAND: POST /session/85be7df00c2941df1715a768c51ad8f5/execute/sync - {"script":"<script> [276 bytes]","args":["No pricing information was found"]}
RESULT: {"script":"<script> [276 bytes]","args":["No pricing information was found"]}
COMMAND: POST /session/85be7df00c2941df1715a768c51ad8f5/element - {"using":"xpath","value":"//bdi[contains(text(), \"OK\")]"}
COMMAND: GET /session/85be7df00c2941df1715a768c51ad8f5/screenshot - {}
RESULT: {"using":"xpath","value":"//bdi[contains(text(), \"OK\")]"}
COMMAND: POST /session/85be7df00c2941df1715a768c51ad8f5/element/f.5D121FC7909F200889B59C01A2F655FF.d.A7F6EF84353BA75C13DBBEAC790F6B4E.e.6976/click - {}
RESULT: {}
RESULT: {}
COMMAND: GET /session/85be7df00c2941df1715a768c51ad8f5/screenshot - {}
RESULT: {}
COMMAND: POST /session/85be7df00c2941df1715a768c51ad8f5/element - {"using":"xpath","value":"(//button[@data-kt=\"saveButton\"])[2]"}
RESULT: {"using":"xpath","value":"(//button[@data-kt=\"saveButton\"])[2]"}
COMMAND: POST /session/85be7df00c2941df1715a768c51ad8f5/element/f.5D121FC7909F200889B59C01A2F655FF.d.A7F6EF84353BA75C13DBBEAC790F6B4E.e.6977/click - {}
RESULT: {}
COMMAND: GET /session/85be7df00c2941df1715a768c51ad8f5/screenshot - {}
RESULT: {}
COMMAND: POST /session/85be7df00c2941df1715a768c51ad8f5/execute/sync - {"script":"<script> [276 bytes]","args":["Some contract items are having rental validity exceeding header rental validity"]}
RESULT: {"script":"<script> [276 bytes]","args":["Some contract items are having rental validity exceeding header rental validity"]}
COMMAND: GET /session/85be7df00c2941df1715a768c51ad8f5/screenshot - {}
RESULT: {}
COMMAND: POST /session/85be7df00c2941df1715a768c51ad8f5/element - {"using":"xpath","value":"//span[contains(@id ,\"contractItemsSmartTable-header-inner\")]"}
RESULT: {"using":"xpath","value":"//span[contains(@id ,\"contractItemsSmartTable-header-inner\")]"}
COMMAND: POST /session/85be7df00c2941df1715a768c51ad8f5/elements - {"using":"xpath","value":"//span[contains(@id ,\"contractItemsSmartTable-header-inner\")]"}
RESULT: {"using":"xpath","value":"//span[contains(@id ,\"contractItemsSmartTable-header-inner\")]"}
COMMAND: POST /session/85be7df00c2941df1715a768c51ad8f5/execute/sync - {"script":"<script> [56 bytes]","args":[{"element-6066-11e4-a52e-4f735466cecf":"f.5D121FC7909F200889B59C01A2F655FF.d.A7F6EF84353BA75C13DBBEAC790F6B4E.e.6981","ELEMENT":"f.5D121FC7909F200889B59C01A2F655FF.d.A7F6EF84353BA75C13DBBEAC790F6B4E.e.6981"}]}
RESULT: {"script":"<script> [56 bytes]","args":[{"element-6066-11e4-a52e-4f735466cecf":"f.5D121FC7909F200889B59C01A2F655FF.d.A7F6EF84353BA75C13DBBEAC790F6B4E.e.6981","ELEMENT":"f.5D121FC7909F200889B59C01A2F655FF.d.A7F6EF84353BA75C13DBBEAC790F6B4E.e.6981"}]}
]]></system-out>
    </testcase>
    <testcase classname="chrome.136_0_7103_93.windows.Provide_to_Site_w/_warehouse_management_w_clarification" name="Should provide to site" time="43.924">
      <system-out><![CDATA[
COMMAND: GET /session/85be7df00c2941df1715a768c51ad8f5/screenshot - {}
COMMAND: POST /session/85be7df00c2941df1715a768c51ad8f5/element - {"using":"xpath","value":"//button[@data-kt=\"provideButton\"]"}
RESULT: {}
RESULT: {"using":"xpath","value":"//button[@data-kt=\"provideButton\"]"}
COMMAND: POST /session/85be7df00c2941df1715a768c51ad8f5/element/f.5D121FC7909F200889B59C01A2F655FF.d.A7F6EF84353BA75C13DBBEAC790F6B4E.e.6982/click - {}
RESULT: {}
COMMAND: GET /session/85be7df00c2941df1715a768c51ad8f5/screenshot - {}
RESULT: {}
RESULT: undefined
COMMAND: POST /session/85be7df00c2941df1715a768c51ad8f5/execute/async - {"script":"<script> [6424 bytes]","args":[{"element-6066-11e4-a52e-4f735466cecf":"f.5D121FC7909F200889B59C01A2F655FF.d.A7F6EF84353BA75C13DBBEAC790F6B4E.e.5993"},"setValue",["05/23/25"]]}
COMMAND: POST /session/85be7df00c2941df1715a768c51ad8f5/execute/async - {"script":"<script> [1562 bytes]","args":[{"selector":{"id":"application-managehandovers-display-component---AddNewHO--dueDate","interaction":{"idSuffix":"inner"}},"wdio_ui5_key":"applicationmanagehandovers-display-component---AddNewHO--dueDate"}]}
RESULT: {"script":"<script> [1562 bytes]","args":[{"selector":{"id":"application-managehandovers-display-component---AddNewHO--dueDate","interaction":{"idSuffix":"inner"}},"wdio_ui5_key":"applicationmanagehandovers-display-component---AddNewHO--dueDate"}]}
COMMAND: POST /session/85be7df00c2941df1715a768c51ad8f5/execute/async - {"script":"<script> [6424 bytes]","args":[{"element-6066-11e4-a52e-4f735466cecf":"f.5D121FC7909F200889B59C01A2F655FF.d.A7F6EF84353BA75C13DBBEAC790F6B4E.e.7058"},"setValue",["05/23/25"]]}
RESULT: {"script":"<script> [6424 bytes]","args":[{"element-6066-11e4-a52e-4f735466cecf":"f.5D121FC7909F200889B59C01A2F655FF.d.A7F6EF84353BA75C13DBBEAC790F6B4E.e.7058"},"setValue",["05/23/25"]]}
COMMAND: POST /session/85be7df00c2941df1715a768c51ad8f5/element - {"using":"xpath","value":"//bdi[contains(text(), \"Instructions\")]"}
RESULT: {"using":"xpath","value":"//bdi[contains(text(), \"Instructions\")]"}
COMMAND: POST /session/85be7df00c2941df1715a768c51ad8f5/element/f.5D121FC7909F200889B59C01A2F655FF.d.A7F6EF84353BA75C13DBBEAC790F6B4E.e.7318/click - {}
RESULT: {}
COMMAND: GET /session/85be7df00c2941df1715a768c51ad8f5/screenshot - {}
RESULT: {}
COMMAND: POST /session/85be7df00c2941df1715a768c51ad8f5/element - {"using":"xpath","value":"//button[@data-kt=\"AddNewHOProvideAddItemsButton\"]"}
RESULT: {"using":"xpath","value":"//button[@data-kt=\"AddNewHOProvideAddItemsButton\"]"}
COMMAND: POST /session/85be7df00c2941df1715a768c51ad8f5/element/f.5D121FC7909F200889B59C01A2F655FF.d.A7F6EF84353BA75C13DBBEAC790F6B4E.e.7322/click - {}
RESULT: {}
COMMAND: GET /session/85be7df00c2941df1715a768c51ad8f5/screenshot - {}
RESULT: {}
RESULT: undefined
COMMAND: POST /session/85be7df00c2941df1715a768c51ad8f5/element - {"using":"xpath","value":"//*[@id=\"application-managehandovers-display-component---AddNewHO--popup-sa\"]"}
RESULT: {"using":"xpath","value":"//*[@id=\"application-managehandovers-display-component---AddNewHO--popup-sa\"]"}
COMMAND: POST /session/85be7df00c2941df1715a768c51ad8f5/element/f.5D121FC7909F200889B59C01A2F655FF.d.A7F6EF84353BA75C13DBBEAC790F6B4E.e.7332/click - {}
RESULT: {}
COMMAND: GET /session/85be7df00c2941df1715a768c51ad8f5/screenshot - {}
RESULT: {}
COMMAND: POST /session/85be7df00c2941df1715a768c51ad8f5/element - {"using":"xpath","value":"//*[contains(@id ,\"BDI-content\")][contains(text(), \"Select\")]"}
RESULT: {"using":"xpath","value":"//*[contains(@id ,\"BDI-content\")][contains(text(), \"Select\")]"}
COMMAND: POST /session/85be7df00c2941df1715a768c51ad8f5/element/f.5D121FC7909F200889B59C01A2F655FF.d.A7F6EF84353BA75C13DBBEAC790F6B4E.e.7333/click - {}
RESULT: {}
COMMAND: GET /session/85be7df00c2941df1715a768c51ad8f5/screenshot - {}
RESULT: {}
COMMAND: POST /session/85be7df00c2941df1715a768c51ad8f5/element - {"using":"xpath","value":"//bdi[(text() = 'Save' or . = 'Save')]"}
RESULT: {"using":"xpath","value":"//bdi[(text() = 'Save' or . = 'Save')]"}
COMMAND: POST /session/85be7df00c2941df1715a768c51ad8f5/element/f.5D121FC7909F200889B59C01A2F655FF.d.A7F6EF84353BA75C13DBBEAC790F6B4E.e.7341/click - {}
RESULT: {}
COMMAND: GET /session/85be7df00c2941df1715a768c51ad8f5/screenshot - {}
RESULT: {}
]]></system-out>
    </testcase>
    <testcase classname="chrome.136_0_7103_93.windows.Provide_to_Site_w/_warehouse_management_w_clarification" name="Should test for Handover Execution" time="176.371">
      <system-out><![CDATA[
COMMAND: POST /session/85be7df00c2941df1715a768c51ad8f5/execute/async - {"script":"<script> [1562 bytes]","args":[{"selector":{"controlType":"sap.m.Link","viewName":"etm.portal.ui.managehandovers.view.DetailExecuteHO","bindingPath":{"path":"","propertyPath":"/wmDoc","modelName":"warehouseMovModel"}},"wdio_ui5_key":"etmportal.ui.managehandovers.view.DetailExecuteHOsap.m.Link{\"path\":\"\",\"propertyPath\":\"/wmDoc\",\"modelName\":\"warehouseMovModel\"}"}]}
RESULT: {"script":"<script> [1562 bytes]","args":[{"selector":{"controlType":"sap.m.Link","viewName":"etm.portal.ui.managehandovers.view.DetailExecuteHO","bindingPath":{"path":"","propertyPath":"/wmDoc","modelName":"warehouseMovModel"}},"wdio_ui5_key":"etmportal.ui.managehandovers.view.DetailExecuteHOsap.m.Link{\"path\":\"\",\"propertyPath\":\"/wmDoc\",\"modelName\":\"warehouseMovModel\"}"}]}
RESULT: undefined
COMMAND: POST /session/85be7df00c2941df1715a768c51ad8f5/element - {"using":"xpath","value":"//*[@id=\"__link82\"]"}
RESULT: {"using":"xpath","value":"//*[@id=\"__link82\"]"}
COMMAND: POST /session/85be7df00c2941df1715a768c51ad8f5/element/f.5D121FC7909F200889B59C01A2F655FF.d.A7F6EF84353BA75C13DBBEAC790F6B4E.e.7383/click - {}
RESULT: {}
COMMAND: GET /session/85be7df00c2941df1715a768c51ad8f5/screenshot - {}
RESULT: {}
COMMAND: POST /session/85be7df00c2941df1715a768c51ad8f5/execute/async - {"script":"<script> [1562 bytes]","args":[{"selector":{"controlType":"sap.m.Link","viewName":"etm.portal.ui.managehandovers.view.DetailExecuteHO","properties":{"text":"Warehouse Overview"},"searchOpenDialogs":true},"wdio_ui5_key":"etmportal.ui.managehandovers.view.DetailExecuteHOsap.m.Link{\"text\":\"Warehouse Overview\"}"}]}
RESULT: {"script":"<script> [1562 bytes]","args":[{"selector":{"controlType":"sap.m.Link","viewName":"etm.portal.ui.managehandovers.view.DetailExecuteHO","properties":{"text":"Warehouse Overview"},"searchOpenDialogs":true},"wdio_ui5_key":"etmportal.ui.managehandovers.view.DetailExecuteHOsap.m.Link{\"text\":\"Warehouse Overview\"}"}]}
RESULT: undefined
COMMAND: POST /session/85be7df00c2941df1715a768c51ad8f5/element - {"using":"xpath","value":"//*[@id=\"__link98\"]"}
RESULT: {"using":"xpath","value":"//*[@id=\"__link98\"]"}
COMMAND: POST /session/85be7df00c2941df1715a768c51ad8f5/element/f.5D121FC7909F200889B59C01A2F655FF.d.A7F6EF84353BA75C13DBBEAC790F6B4E.e.7387/click - {}
RESULT: {}
COMMAND: GET /session/85be7df00c2941df1715a768c51ad8f5/screenshot - {}
COMMAND: POST /session/85be7df00c2941df1715a768c51ad8f5/execute/async - {"script":"<script> [1562 bytes]","args":[{"selector":{"controlType":"sap.m.Button","viewName":"etm.portal.ui.warehousemovements.view.DisplayMovement","viewId":"application-warehousemovements-display-component---displayMovement","i18NText":{"propertyName":"text","key":"execution"},"interaction":{"idSuffix":"BDI-content"}},"wdio_ui5_key":"etmportal.ui.warehousemovements.view.DisplayMovementsap.m.Button{\"propertyName\":\"text\",\"key\":\"execution\"}"}]}
RESULT: {}
RESULT: {"script":"<script> [1562 bytes]","args":[{"selector":{"controlType":"sap.m.Button","viewName":"etm.portal.ui.warehousemovements.view.DisplayMovement","viewId":"application-warehousemovements-display-component---displayMovement","i18NText":{"propertyName":"text","key":"execution"},"interaction":{"idSuffix":"BDI-content"}},"wdio_ui5_key":"etmportal.ui.warehousemovements.view.DisplayMovementsap.m.Button{\"propertyName\":\"text\",\"key\":\"execution\"}"}]}
RESULT: undefined
COMMAND: POST /session/85be7df00c2941df1715a768c51ad8f5/element - {"using":"xpath","value":"//*[@id=\"__button247\"]"}
RESULT: {"using":"xpath","value":"//*[@id=\"__button247\"]"}
COMMAND: POST /session/85be7df00c2941df1715a768c51ad8f5/element/f.5D121FC7909F200889B59C01A2F655FF.d.A7F6EF84353BA75C13DBBEAC790F6B4E.e.7508/click - {}
RESULT: {}
COMMAND: GET /session/85be7df00c2941df1715a768c51ad8f5/screenshot - {}
RESULT: {}
COMMAND: POST /session/85be7df00c2941df1715a768c51ad8f5/execute/async - {"script":"<script> [1562 bytes]","args":[{"selector":{"controlType":"sap.m.Button","viewName":"etm.portal.ui.warehousemovements.view.ExecuteMovement","viewId":"application-warehousemovements-display-component---executeMovement","properties":{"text":"Items"},"interaction":{"idSuffix":"BDI-content"}},"wdio_ui5_key":"etmportal.ui.warehousemovements.view.ExecuteMovementsap.m.Button{\"text\":\"Items\"}"}]}
RESULT: {"script":"<script> [1562 bytes]","args":[{"selector":{"controlType":"sap.m.Button","viewName":"etm.portal.ui.warehousemovements.view.ExecuteMovement","viewId":"application-warehousemovements-display-component---executeMovement","properties":{"text":"Items"},"interaction":{"idSuffix":"BDI-content"}},"wdio_ui5_key":"etmportal.ui.warehousemovements.view.ExecuteMovementsap.m.Button{\"text\":\"Items\"}"}]}
RESULT: undefined
COMMAND: POST /session/85be7df00c2941df1715a768c51ad8f5/element - {"using":"xpath","value":"//*[@id=\"__layout379-anchBar-application-warehousemovements-display-component---executeMovement--itemsSection-anchor\"]"}
RESULT: {"using":"xpath","value":"//*[@id=\"__layout379-anchBar-application-warehousemovements-display-component---executeMovement--itemsSection-anchor\"]"}
COMMAND: POST /session/85be7df00c2941df1715a768c51ad8f5/element/f.5D121FC7909F200889B59C01A2F655FF.d.A7F6EF84353BA75C13DBBEAC790F6B4E.e.7603/click - {}
RESULT: {}
COMMAND: GET /session/85be7df00c2941df1715a768c51ad8f5/screenshot - {}
RESULT: {}
COMMAND: POST /session/85be7df00c2941df1715a768c51ad8f5/execute/async - {"script":"<script> [1562 bytes]","args":[{"selector":{"controlType":"sap.m.ToggleButton","viewName":"etm.portal.ui.warehousemovements.view.ExecuteMovement","viewId":"application-warehousemovements-display-component---executeMovement","bindingPath":{"propertyPath":"STATUS","modelName":"catalogModel"},"interaction":{"idSuffix":"BDI-content"}},"wdio_ui5_key":"etmportal.ui.warehousemovements.view.ExecuteMovementsap.m.ToggleButton{\"propertyPath\":\"STATUS\",\"modelName\":\"catalogModel\"}"}]}
RESULT: {"script":"<script> [1562 bytes]","args":[{"selector":{"controlType":"sap.m.ToggleButton","viewName":"etm.portal.ui.warehousemovements.view.ExecuteMovement","viewId":"application-warehousemovements-display-component---executeMovement","bindingPath":{"propertyPath":"STATUS","modelName":"catalogModel"},"interaction":{"idSuffix":"BDI-content"}},"wdio_ui5_key":"etmportal.ui.warehousemovements.view.ExecuteMovementsap.m.ToggleButton{\"propertyPath\":\"STATUS\",\"modelName\":\"catalogModel\"}"}]}
RESULT: undefined
COMMAND: POST /session/85be7df00c2941df1715a768c51ad8f5/element - {"using":"xpath","value":"//*[@id=\"__button272-__clone2153\"]"}
RESULT: {"using":"xpath","value":"//*[@id=\"__button272-__clone2153\"]"}
COMMAND: POST /session/85be7df00c2941df1715a768c51ad8f5/element/f.5D121FC7909F200889B59C01A2F655FF.d.A7F6EF84353BA75C13DBBEAC790F6B4E.e.7582/click - {}
RESULT: {}
RESULT: undefined
COMMAND: POST /session/85be7df00c2941df1715a768c51ad8f5/element - {"using":"xpath","value":"//*[@id=\"__button272-__clone2153\"]"}
COMMAND: GET /session/85be7df00c2941df1715a768c51ad8f5/screenshot - {}
RESULT: {"using":"xpath","value":"//*[@id=\"__button272-__clone2153\"]"}
COMMAND: POST /session/85be7df00c2941df1715a768c51ad8f5/element/f.5D121FC7909F200889B59C01A2F655FF.d.A7F6EF84353BA75C13DBBEAC790F6B4E.e.7582/click - {}
RESULT: {}
RESULT: {}
COMMAND: GET /session/85be7df00c2941df1715a768c51ad8f5/screenshot - {}
RESULT: {}
COMMAND: POST /session/85be7df00c2941df1715a768c51ad8f5/element - {"using":"xpath","value":"//section[contains(@id,\"FC-NoHead\")]/div[1]/div[5]/div[2]/span"}
RESULT: {"using":"xpath","value":"//section[contains(@id,\"FC-NoHead\")]/div[1]/div[5]/div[2]/span"}
COMMAND: POST /session/85be7df00c2941df1715a768c51ad8f5/elements - {"using":"xpath","value":"//section[contains(@id,\"FC-NoHead\")]/div[1]/div[5]/div[2]/span"}
RESULT: {"using":"xpath","value":"//section[contains(@id,\"FC-NoHead\")]/div[1]/div[5]/div[2]/span"}
COMMAND: POST /session/85be7df00c2941df1715a768c51ad8f5/execute/sync - {"script":"<script> [56 bytes]","args":[{"element-6066-11e4-a52e-4f735466cecf":"f.5D121FC7909F200889B59C01A2F655FF.d.A7F6EF84353BA75C13DBBEAC790F6B4E.e.7610","ELEMENT":"f.5D121FC7909F200889B59C01A2F655FF.d.A7F6EF84353BA75C13DBBEAC790F6B4E.e.7610"}]}
RESULT: {"script":"<script> [56 bytes]","args":[{"element-6066-11e4-a52e-4f735466cecf":"f.5D121FC7909F200889B59C01A2F655FF.d.A7F6EF84353BA75C13DBBEAC790F6B4E.e.7610","ELEMENT":"f.5D121FC7909F200889B59C01A2F655FF.d.A7F6EF84353BA75C13DBBEAC790F6B4E.e.7610"}]}
COMMAND: POST /session/85be7df00c2941df1715a768c51ad8f5/actions - {"actions":[{"id":"action24","type":"key","parameters":{},"actions":[{"type":"keyDown","value":""},{"type":"pause","duration":10},{"type":"keyUp","value":""}]}]}
COMMAND: GET /session/85be7df00c2941df1715a768c51ad8f5/screenshot - {}
RESULT: {"actions":[{"id":"action24","type":"key","parameters":{},"actions":[{"type":"keyDown","value":""},{"type":"pause","duration":10},{"type":"keyUp","value":""}]}]}
COMMAND: POST /session/85be7df00c2941df1715a768c51ad8f5/execute/async - {"script":"<script> [1562 bytes]","args":[{"selector":{"id":"application-warehousemovements-display-component---executeMovement--executeId","interaction":{"idSuffix":"BDI-content"}},"wdio_ui5_key":"applicationwarehousemovements-display-component---executeMovement--executeId"}]}
COMMAND: GET /session/85be7df00c2941df1715a768c51ad8f5/screenshot - {}
RESULT: {}
RESULT: {"script":"<script> [1562 bytes]","args":[{"selector":{"id":"application-warehousemovements-display-component---executeMovement--executeId","interaction":{"idSuffix":"BDI-content"}},"wdio_ui5_key":"applicationwarehousemovements-display-component---executeMovement--executeId"}]}
RESULT: undefined
COMMAND: POST /session/85be7df00c2941df1715a768c51ad8f5/element - {"using":"xpath","value":"//*[@id=\"application-warehousemovements-display-component---executeMovement--executeId\"]"}
RESULT: {}
RESULT: {"using":"xpath","value":"//*[@id=\"application-warehousemovements-display-component---executeMovement--executeId\"]"}
COMMAND: POST /session/85be7df00c2941df1715a768c51ad8f5/element/f.5D121FC7909F200889B59C01A2F655FF.d.A7F6EF84353BA75C13DBBEAC790F6B4E.e.7575/click - {}
RESULT: {}
COMMAND: GET /session/85be7df00c2941df1715a768c51ad8f5/screenshot - {}
RESULT: {}
COMMAND: POST /session/85be7df00c2941df1715a768c51ad8f5/element - {"using":"css selector","value":"#shell-header-logo"}
RESULT: {"using":"css selector","value":"#shell-header-logo"}
COMMAND: POST /session/85be7df00c2941df1715a768c51ad8f5/element/f.5D121FC7909F200889B59C01A2F655FF.d.A7F6EF84353BA75C13DBBEAC790F6B4E.e.6401/click - {}
RESULT: {}
COMMAND: GET /session/85be7df00c2941df1715a768c51ad8f5/screenshot - {}
RESULT: {}
RESULT: undefined
COMMAND: POST /session/85be7df00c2941df1715a768c51ad8f5/element - {"using":"xpath","value":"//*[@id=\"__tile131\"]"}
RESULT: {"using":"xpath","value":"//*[@id=\"__tile131\"]"}
COMMAND: POST /session/85be7df00c2941df1715a768c51ad8f5/element/f.5D121FC7909F200889B59C01A2F655FF.d.A7F6EF84353BA75C13DBBEAC790F6B4E.e.4932/click - {}
RESULT: {}
COMMAND: GET /session/85be7df00c2941df1715a768c51ad8f5/screenshot - {}
RESULT: {}
COMMAND: POST /session/85be7df00c2941df1715a768c51ad8f5/elements - {"using":"xpath","value":"//span[text()='Error']"}
RESULT: {"using":"xpath","value":"//span[text()='Error']"}
COMMAND: POST /session/85be7df00c2941df1715a768c51ad8f5/execute/async - {"script":"<script> [1562 bytes]","args":[{"selector":{"controlType":"sap.m.SearchField","viewName":"etm.portal.ui.managehandovers.view.MasterHO","bindingPath":{"propertyPath":"/_BASIC_SEARCH_FIELD","modelName":"fi1t3rM0d31"},"interaction":{"idSuffix":"I"}},"wdio_ui5_key":"etmportal.ui.managehandovers.view.MasterHOsap.m.SearchField{\"propertyPath\":\"/_BASIC_SEARCH_FIELD\",\"modelName\":\"fi1t3rM0d31\"}"}]}
RESULT: {"script":"<script> [1562 bytes]","args":[{"selector":{"controlType":"sap.m.SearchField","viewName":"etm.portal.ui.managehandovers.view.MasterHO","bindingPath":{"propertyPath":"/_BASIC_SEARCH_FIELD","modelName":"fi1t3rM0d31"},"interaction":{"idSuffix":"I"}},"wdio_ui5_key":"etmportal.ui.managehandovers.view.MasterHOsap.m.SearchField{\"propertyPath\":\"/_BASIC_SEARCH_FIELD\",\"modelName\":\"fi1t3rM0d31\"}"}]}
RESULT: undefined
COMMAND: POST /session/85be7df00c2941df1715a768c51ad8f5/execute/async - {"script":"<script> [776 bytes]","args":[{"enterText":"30318","selector":{"controlType":"sap.m.SearchField","viewName":"etm.portal.ui.managehandovers.view.MasterHO","bindingPath":{"propertyPath":"/_BASIC_SEARCH_FIELD","modelName":"fi1t3rM0d31"},"interaction":{"idSuffix":"I"}},"clearTextFirst":true,"interactionType":"ENTER_TEXT"}]}
RESULT: {"script":"<script> [776 bytes]","args":[{"enterText":"30318","selector":{"controlType":"sap.m.SearchField","viewName":"etm.portal.ui.managehandovers.view.MasterHO","bindingPath":{"propertyPath":"/_BASIC_SEARCH_FIELD","modelName":"fi1t3rM0d31"},"interaction":{"idSuffix":"I"}},"clearTextFirst":true,"interactionType":"ENTER_TEXT"}]}
COMMAND: POST /session/85be7df00c2941df1715a768c51ad8f5/actions - {"actions":[{"id":"action25","type":"key","parameters":{},"actions":[{"type":"keyDown","value":""},{"type":"pause","duration":10},{"type":"keyUp","value":""}]}]}
RESULT: {"actions":[{"id":"action25","type":"key","parameters":{},"actions":[{"type":"keyDown","value":""},{"type":"pause","duration":10},{"type":"keyUp","value":""}]}]}
COMMAND: GET /session/85be7df00c2941df1715a768c51ad8f5/screenshot - {}
RESULT: {}
COMMAND: POST /session/85be7df00c2941df1715a768c51ad8f5/execute/async - {"script":"<script> [1562 bytes]","args":[{"selector":{"controlType":"sap.ui.core.Icon","viewName":"etm.portal.ui.managehandovers.view.MasterHO","properties":{"src":{"regex":{"source":"slim\\-arrow\\-right"}}}},"wdio_ui5_key":"etmportal.ui.managehandovers.view.MasterHOsap.ui.core.Icon{\"src\":{\"regex\":{\"source\":\"slim\\\\-arrow\\\\-right\"}}}"}]}
RESULT: {"script":"<script> [1562 bytes]","args":[{"selector":{"controlType":"sap.ui.core.Icon","viewName":"etm.portal.ui.managehandovers.view.MasterHO","properties":{"src":{"regex":{"source":"slim\\-arrow\\-right"}}}},"wdio_ui5_key":"etmportal.ui.managehandovers.view.MasterHOsap.ui.core.Icon{\"src\":{\"regex\":{\"source\":\"slim\\\\-arrow\\\\-right\"}}}"}]}
RESULT: undefined
COMMAND: POST /session/85be7df00c2941df1715a768c51ad8f5/element - {"using":"xpath","value":"//*[@id=\"__item1098-__clone2232-imgNav\"]"}
RESULT: {"using":"xpath","value":"//*[@id=\"__item1098-__clone2232-imgNav\"]"}
COMMAND: POST /session/85be7df00c2941df1715a768c51ad8f5/element/f.5D121FC7909F200889B59C01A2F655FF.d.A7F6EF84353BA75C13DBBEAC790F6B4E.e.7913/click - {}
RESULT: {}
COMMAND: GET /session/85be7df00c2941df1715a768c51ad8f5/screenshot - {}
RESULT: {}
COMMAND: POST /session/85be7df00c2941df1715a768c51ad8f5/element - {"using":"xpath","value":"//button[@data-kt=\"IssuingTableConfirmAllButton\"]"}
RESULT: {"using":"xpath","value":"//button[@data-kt=\"IssuingTableConfirmAllButton\"]"}
COMMAND: POST /session/85be7df00c2941df1715a768c51ad8f5/element/f.5D121FC7909F200889B59C01A2F655FF.d.A7F6EF84353BA75C13DBBEAC790F6B4E.e.8011/click - {}
RESULT: {}
COMMAND: GET /session/85be7df00c2941df1715a768c51ad8f5/screenshot - {}
RESULT: {}
COMMAND: POST /session/85be7df00c2941df1715a768c51ad8f5/element - {"using":"xpath","value":"//bdi[contains(text(), \"OK\")]"}
RESULT: {"using":"xpath","value":"//bdi[contains(text(), \"OK\")]"}
COMMAND: POST /session/85be7df00c2941df1715a768c51ad8f5/element/f.5D121FC7909F200889B59C01A2F655FF.d.A7F6EF84353BA75C13DBBEAC790F6B4E.e.8018/click - {}
RESULT: {}
COMMAND: GET /session/85be7df00c2941df1715a768c51ad8f5/screenshot - {}
RESULT: {}
COMMAND: POST /session/85be7df00c2941df1715a768c51ad8f5/element - {"using":"xpath","value":"//button[@data-kt=\"execHoIssueButton\"]"}
RESULT: {"using":"xpath","value":"//button[@data-kt=\"execHoIssueButton\"]"}
COMMAND: POST /session/85be7df00c2941df1715a768c51ad8f5/element/f.5D121FC7909F200889B59C01A2F655FF.d.A7F6EF84353BA75C13DBBEAC790F6B4E.e.8019/click - {}
RESULT: {}
COMMAND: GET /session/85be7df00c2941df1715a768c51ad8f5/screenshot - {}
RESULT: {}
RESULT: undefined
COMMAND: POST /session/85be7df00c2941df1715a768c51ad8f5/execute/async - {"script":"<script> [776 bytes]","args":[{"enterText":"30318","selector":{"controlType":"sap.m.SearchField","viewName":"etm.portal.ui.managehandovers.view.MasterHO","bindingPath":{"propertyPath":"/_BASIC_SEARCH_FIELD","modelName":"fi1t3rM0d31"},"interaction":{"idSuffix":"I"}},"clearTextFirst":true,"interactionType":"ENTER_TEXT"}]}
RESULT: {"script":"<script> [776 bytes]","args":[{"enterText":"30318","selector":{"controlType":"sap.m.SearchField","viewName":"etm.portal.ui.managehandovers.view.MasterHO","bindingPath":{"propertyPath":"/_BASIC_SEARCH_FIELD","modelName":"fi1t3rM0d31"},"interaction":{"idSuffix":"I"}},"clearTextFirst":true,"interactionType":"ENTER_TEXT"}]}
COMMAND: POST /session/85be7df00c2941df1715a768c51ad8f5/actions - {"actions":[{"id":"action26","type":"key","parameters":{},"actions":[{"type":"keyDown","value":""},{"type":"pause","duration":10},{"type":"keyUp","value":""}]}]}
RESULT: {"actions":[{"id":"action26","type":"key","parameters":{},"actions":[{"type":"keyDown","value":""},{"type":"pause","duration":10},{"type":"keyUp","value":""}]}]}
COMMAND: GET /session/85be7df00c2941df1715a768c51ad8f5/screenshot - {}
RESULT: {}
COMMAND: POST /session/85be7df00c2941df1715a768c51ad8f5/element - {"using":"xpath","value":"//span[(text() = '30318' or . = '30318')]"}
RESULT: {"using":"xpath","value":"//span[(text() = '30318' or . = '30318')]"}
COMMAND: POST /session/85be7df00c2941df1715a768c51ad8f5/element/f.5D121FC7909F200889B59C01A2F655FF.d.A7F6EF84353BA75C13DBBEAC790F6B4E.e.8063/click - {}
RESULT: {}
COMMAND: GET /session/85be7df00c2941df1715a768c51ad8f5/screenshot - {}
RESULT: {}
COMMAND: POST /session/85be7df00c2941df1715a768c51ad8f5/element - {"using":"xpath","value":"//span[contains(text(), \"Instructions\")]"}
RESULT: {"using":"xpath","value":"//span[contains(text(), \"Instructions\")]"}
COMMAND: POST /session/85be7df00c2941df1715a768c51ad8f5/element/f.5D121FC7909F200889B59C01A2F655FF.d.A7F6EF84353BA75C13DBBEAC790F6B4E.e.8107/click - {}
RESULT: {}
COMMAND: GET /session/85be7df00c2941df1715a768c51ad8f5/screenshot - {}
RESULT: {}
COMMAND: POST /session/85be7df00c2941df1715a768c51ad8f5/element - {"using":"xpath","value":"//span[contains(text(), \"Instructions\")]"}
RESULT: {"using":"xpath","value":"//span[contains(text(), \"Instructions\")]"}
COMMAND: POST /session/85be7df00c2941df1715a768c51ad8f5/element/f.5D121FC7909F200889B59C01A2F655FF.d.A7F6EF84353BA75C13DBBEAC790F6B4E.e.8107/click - {}
RESULT: {}
COMMAND: GET /session/85be7df00c2941df1715a768c51ad8f5/screenshot - {}
RESULT: {}
COMMAND: POST /session/85be7df00c2941df1715a768c51ad8f5/execute/async - {"script":"<script> [1562 bytes]","args":[{"selector":{"controlType":"sap.m.ComboBox","viewName":"etm.portal.ui.managehandovers.view.DetailExecuteHO","bindingPath":{"propertyPath":"RECEIVING_SECTION","modelName":"catalogModel"},"interaction":{"idSuffix":"inner"}},"wdio_ui5_key":"etmportal.ui.managehandovers.view.DetailExecuteHOsap.m.ComboBox{\"propertyPath\":\"RECEIVING_SECTION\",\"modelName\":\"catalogModel\"}"}]}
RESULT: {"script":"<script> [1562 bytes]","args":[{"selector":{"controlType":"sap.m.ComboBox","viewName":"etm.portal.ui.managehandovers.view.DetailExecuteHO","bindingPath":{"propertyPath":"RECEIVING_SECTION","modelName":"catalogModel"},"interaction":{"idSuffix":"inner"}},"wdio_ui5_key":"etmportal.ui.managehandovers.view.DetailExecuteHOsap.m.ComboBox{\"propertyPath\":\"RECEIVING_SECTION\",\"modelName\":\"catalogModel\"}"}]}
RESULT: undefined
COMMAND: POST /session/85be7df00c2941df1715a768c51ad8f5/execute/async - {"script":"<script> [776 bytes]","args":[{"enterText":"WDIO-2074","selector":{"controlType":"sap.m.ComboBox","viewName":"etm.portal.ui.managehandovers.view.DetailExecuteHO","bindingPath":{"propertyPath":"RECEIVING_SECTION","modelName":"catalogModel"},"interaction":{"idSuffix":"inner"}},"clearTextFirst":true,"interactionType":"ENTER_TEXT"}]}
RESULT: {"script":"<script> [776 bytes]","args":[{"enterText":"WDIO-2074","selector":{"controlType":"sap.m.ComboBox","viewName":"etm.portal.ui.managehandovers.view.DetailExecuteHO","bindingPath":{"propertyPath":"RECEIVING_SECTION","modelName":"catalogModel"},"interaction":{"idSuffix":"inner"}},"clearTextFirst":true,"interactionType":"ENTER_TEXT"}]}
COMMAND: POST /session/85be7df00c2941df1715a768c51ad8f5/actions - {"actions":[{"id":"action27","type":"key","parameters":{},"actions":[{"type":"keyDown","value":""},{"type":"pause","duration":10},{"type":"keyUp","value":""}]}]}
RESULT: {"actions":[{"id":"action27","type":"key","parameters":{},"actions":[{"type":"keyDown","value":""},{"type":"pause","duration":10},{"type":"keyUp","value":""}]}]}
COMMAND: GET /session/85be7df00c2941df1715a768c51ad8f5/screenshot - {}
RESULT: {}
COMMAND: POST /session/85be7df00c2941df1715a768c51ad8f5/element - {"using":"xpath","value":"//button[@data-kt= \"execHoReceiveButton\"]"}
RESULT: {"using":"xpath","value":"//button[@data-kt= \"execHoReceiveButton\"]"}
COMMAND: POST /session/85be7df00c2941df1715a768c51ad8f5/element/f.5D121FC7909F200889B59C01A2F655FF.d.A7F6EF84353BA75C13DBBEAC790F6B4E.e.8113/click - {}
RESULT: {}
COMMAND: GET /session/85be7df00c2941df1715a768c51ad8f5/screenshot - {}
RESULT: {}
COMMAND: POST /session/85be7df00c2941df1715a768c51ad8f5/execute/async - {"script":"<script> [1562 bytes]","args":[{"selector":{"controlType":"sap.m.Button","properties":{"text":"Continue"},"searchOpenDialogs":true,"interaction":{"idSuffix":"content"}},"wdio_ui5_key":"sapm.Button{\"text\":\"Continue\"}"}]}
RESULT: {"script":"<script> [1562 bytes]","args":[{"selector":{"controlType":"sap.m.Button","properties":{"text":"Continue"},"searchOpenDialogs":true,"interaction":{"idSuffix":"content"}},"wdio_ui5_key":"sapm.Button{\"text\":\"Continue\"}"}]}
RESULT: undefined
COMMAND: POST /session/85be7df00c2941df1715a768c51ad8f5/element - {"using":"xpath","value":"//*[@id=\"__mbox-btn-6\"]"}
RESULT: {"using":"xpath","value":"//*[@id=\"__mbox-btn-6\"]"}
COMMAND: POST /session/85be7df00c2941df1715a768c51ad8f5/element/f.5D121FC7909F200889B59C01A2F655FF.d.A7F6EF84353BA75C13DBBEAC790F6B4E.e.8114/click - {}
RESULT: {}
COMMAND: GET /session/85be7df00c2941df1715a768c51ad8f5/screenshot - {}
RESULT: {}
COMMAND: POST /session/85be7df00c2941df1715a768c51ad8f5/element - {"using":"css selector","value":"#shell-header-logo"}
RESULT: {"using":"css selector","value":"#shell-header-logo"}
COMMAND: POST /session/85be7df00c2941df1715a768c51ad8f5/element/f.5D121FC7909F200889B59C01A2F655FF.d.A7F6EF84353BA75C13DBBEAC790F6B4E.e.7660/click - {}
RESULT: {}
COMMAND: GET /session/85be7df00c2941df1715a768c51ad8f5/screenshot - {}
RESULT: {}
]]></system-out>
    </testcase>
    <testcase classname="chrome.136_0_7103_93.windows.Provide_to_Site_w/_warehouse_management_w_clarification" name="Should test for Clarification" time="72.011">
      <system-out><![CDATA[
RESULT: undefined
COMMAND: POST /session/85be7df00c2941df1715a768c51ad8f5/element - {"using":"xpath","value":"//*[@id=\"__tile131\"]"}
RESULT: {"using":"xpath","value":"//*[@id=\"__tile131\"]"}
COMMAND: POST /session/85be7df00c2941df1715a768c51ad8f5/element/f.5D121FC7909F200889B59C01A2F655FF.d.A7F6EF84353BA75C13DBBEAC790F6B4E.e.4932/click - {}
RESULT: {}
COMMAND: GET /session/85be7df00c2941df1715a768c51ad8f5/screenshot - {}
RESULT: {}
COMMAND: POST /session/85be7df00c2941df1715a768c51ad8f5/elements - {"using":"xpath","value":"//span[text()='Error']"}
RESULT: {"using":"xpath","value":"//span[text()='Error']"}
RESULT: undefined
COMMAND: POST /session/85be7df00c2941df1715a768c51ad8f5/execute/async - {"script":"<script> [776 bytes]","args":[{"enterText":"30318","selector":{"controlType":"sap.m.SearchField","viewName":"etm.portal.ui.managehandovers.view.MasterHO","bindingPath":{"propertyPath":"/_BASIC_SEARCH_FIELD","modelName":"fi1t3rM0d31"},"interaction":{"idSuffix":"I"}},"clearTextFirst":true,"interactionType":"ENTER_TEXT"}]}
RESULT: {"script":"<script> [776 bytes]","args":[{"enterText":"30318","selector":{"controlType":"sap.m.SearchField","viewName":"etm.portal.ui.managehandovers.view.MasterHO","bindingPath":{"propertyPath":"/_BASIC_SEARCH_FIELD","modelName":"fi1t3rM0d31"},"interaction":{"idSuffix":"I"}},"clearTextFirst":true,"interactionType":"ENTER_TEXT"}]}
COMMAND: POST /session/85be7df00c2941df1715a768c51ad8f5/actions - {"actions":[{"id":"action28","type":"key","parameters":{},"actions":[{"type":"keyDown","value":""},{"type":"pause","duration":10},{"type":"keyUp","value":""}]}]}
RESULT: {"actions":[{"id":"action28","type":"key","parameters":{},"actions":[{"type":"keyDown","value":""},{"type":"pause","duration":10},{"type":"keyUp","value":""}]}]}
COMMAND: GET /session/85be7df00c2941df1715a768c51ad8f5/screenshot - {}
RESULT: {}
COMMAND: POST /session/85be7df00c2941df1715a768c51ad8f5/element - {"using":"xpath","value":"//span[(text() = '30318' or . = '30318')]"}
RESULT: {"using":"xpath","value":"//span[(text() = '30318' or . = '30318')]"}
COMMAND: POST /session/85be7df00c2941df1715a768c51ad8f5/element/f.5D121FC7909F200889B59C01A2F655FF.d.A7F6EF84353BA75C13DBBEAC790F6B4E.e.8428/click - {}
RESULT: {}
COMMAND: GET /session/85be7df00c2941df1715a768c51ad8f5/screenshot - {}
RESULT: {}
COMMAND: POST /session/85be7df00c2941df1715a768c51ad8f5/element - {"using":"xpath","value":"//span[contains(text(), \"Instructions\")]"}
RESULT: {"using":"xpath","value":"//span[contains(text(), \"Instructions\")]"}
COMMAND: POST /session/85be7df00c2941df1715a768c51ad8f5/element/f.5D121FC7909F200889B59C01A2F655FF.d.A7F6EF84353BA75C13DBBEAC790F6B4E.e.8519/click - {}
RESULT: {}
COMMAND: GET /session/85be7df00c2941df1715a768c51ad8f5/screenshot - {}
RESULT: {}
COMMAND: POST /session/85be7df00c2941df1715a768c51ad8f5/element - {"using":"xpath","value":"//span[contains(text(), \"Instructions\")]"}
RESULT: {"using":"xpath","value":"//span[contains(text(), \"Instructions\")]"}
COMMAND: POST /session/85be7df00c2941df1715a768c51ad8f5/element/f.5D121FC7909F200889B59C01A2F655FF.d.A7F6EF84353BA75C13DBBEAC790F6B4E.e.8519/click - {}
RESULT: {}
COMMAND: GET /session/85be7df00c2941df1715a768c51ad8f5/screenshot - {}
RESULT: {}
COMMAND: POST /session/85be7df00c2941df1715a768c51ad8f5/element - {"using":"xpath","value":"//button[.//bdi[text() = \"Refuse\"]]"}
RESULT: {"using":"xpath","value":"//button[.//bdi[text() = \"Refuse\"]]"}
COMMAND: POST /session/85be7df00c2941df1715a768c51ad8f5/element/f.5D121FC7909F200889B59C01A2F655FF.d.A7F6EF84353BA75C13DBBEAC790F6B4E.e.8525/click - {}
RESULT: {}
COMMAND: GET /session/85be7df00c2941df1715a768c51ad8f5/screenshot - {}
RESULT: {}
COMMAND: POST /session/85be7df00c2941df1715a768c51ad8f5/element - {"using":"xpath","value":"//button[@data-kt= \"execHoReceiveRefuseButton\"]"}
RESULT: {"using":"xpath","value":"//button[@data-kt= \"execHoReceiveRefuseButton\"]"}
COMMAND: POST /session/85be7df00c2941df1715a768c51ad8f5/element/f.5D121FC7909F200889B59C01A2F655FF.d.A7F6EF84353BA75C13DBBEAC790F6B4E.e.8528/click - {}
RESULT: {}
COMMAND: GET /session/85be7df00c2941df1715a768c51ad8f5/screenshot - {}
RESULT: {}
COMMAND: POST /session/85be7df00c2941df1715a768c51ad8f5/element - {"using":"css selector","value":"#shell-header-logo"}
RESULT: {"using":"css selector","value":"#shell-header-logo"}
COMMAND: POST /session/85be7df00c2941df1715a768c51ad8f5/element/f.5D121FC7909F200889B59C01A2F655FF.d.A7F6EF84353BA75C13DBBEAC790F6B4E.e.8155/click - {}
RESULT: {}
COMMAND: GET /session/85be7df00c2941df1715a768c51ad8f5/screenshot - {}
RESULT: {}
COMMAND: POST /session/85be7df00c2941df1715a768c51ad8f5/element - {"using":"css selector","value":"#j_username"}
COMMAND: POST /session/85be7df00c2941df1715a768c51ad8f5/url - {"url":"https://qa-testing-00-live-etm-ui.cfapps.eu10-004.hana.ondemand.com/"}
RESULT: {"using":"css selector","value":"#j_username"}
COMMAND: POST /session/85be7df00c2941df1715a768c51ad8f5/element - {"using":"css selector","value":"#j_username"}
RESULT: {"url":"https://qa-testing-00-live-etm-ui.cfapps.eu10-004.hana.ondemand.com/"}
RESULT: undefined
COMMAND: GET /session/85be7df00c2941df1715a768c51ad8f5/screenshot - {}
RESULT: {"using":"css selector","value":"#j_username"}
COMMAND: POST /session/85be7df00c2941df1715a768c51ad8f5/element - {"using":"css selector","value":"#shell-header-logo"}
RESULT: {}
RESULT: {"using":"css selector","value":"#shell-header-logo"}
COMMAND: POST /session/85be7df00c2941df1715a768c51ad8f5/execute/sync - {"script":"<script> [8489 bytes]","args":[{"element-6066-11e4-a52e-4f735466cecf":"f.5D121FC7909F200889B59C01A2F655FF.d.584A9419BD8CDAD04CC19D183EAC660D.e.8600","ELEMENT":"f.5D121FC7909F200889B59C01A2F655FF.d.584A9419BD8CDAD04CC19D183EAC660D.e.8600"}]}
RESULT: {"script":"<script> [8489 bytes]","args":[{"element-6066-11e4-a52e-4f735466cecf":"f.5D121FC7909F200889B59C01A2F655FF.d.584A9419BD8CDAD04CC19D183EAC660D.e.8600","ELEMENT":"f.5D121FC7909F200889B59C01A2F655FF.d.584A9419BD8CDAD04CC19D183EAC660D.e.8600"}]}
COMMAND: POST /session/85be7df00c2941df1715a768c51ad8f5/element - {"using":"css selector","value":"#shell-header-logo"}
COMMAND: GET /session/85be7df00c2941df1715a768c51ad8f5/screenshot - {}
RESULT: {"using":"css selector","value":"#shell-header-logo"}
COMMAND: POST /session/85be7df00c2941df1715a768c51ad8f5/execute/sync - {"script":"<script> [8489 bytes]","args":[{"element-6066-11e4-a52e-4f735466cecf":"f.5D121FC7909F200889B59C01A2F655FF.d.584A9419BD8CDAD04CC19D183EAC660D.e.8600","ELEMENT":"f.5D121FC7909F200889B59C01A2F655FF.d.584A9419BD8CDAD04CC19D183EAC660D.e.8600"}]}
RESULT: {}
RESULT: {"script":"<script> [8489 bytes]","args":[{"element-6066-11e4-a52e-4f735466cecf":"f.5D121FC7909F200889B59C01A2F655FF.d.584A9419BD8CDAD04CC19D183EAC660D.e.8600","ELEMENT":"f.5D121FC7909F200889B59C01A2F655FF.d.584A9419BD8CDAD04CC19D183EAC660D.e.8600"}]}
COMMAND: POST /session/85be7df00c2941df1715a768c51ad8f5/execute/sync - {"script":"<script> [5351 bytes]","args":[{"element-6066-11e4-a52e-4f735466cecf":"f.5D121FC7909F200889B59C01A2F655FF.d.584A9419BD8CDAD04CC19D183EAC660D.e.8600","ELEMENT":"f.5D121FC7909F200889B59C01A2F655FF.d.584A9419BD8CDAD04CC19D183EAC660D.e.8600"}]}
COMMAND: GET /session/85be7df00c2941df1715a768c51ad8f5/screenshot - {}
RESULT: {"script":"<script> [5351 bytes]","args":[{"element-6066-11e4-a52e-4f735466cecf":"f.5D121FC7909F200889B59C01A2F655FF.d.584A9419BD8CDAD04CC19D183EAC660D.e.8600","ELEMENT":"f.5D121FC7909F200889B59C01A2F655FF.d.584A9419BD8CDAD04CC19D183EAC660D.e.8600"}]}
COMMAND: POST /session/85be7df00c2941df1715a768c51ad8f5/element - {"using":"css selector","value":"#shell-header-logo"}
COMMAND: GET /session/85be7df00c2941df1715a768c51ad8f5/screenshot - {}
RESULT: {}
RESULT: {"using":"css selector","value":"#shell-header-logo"}
COMMAND: POST /session/85be7df00c2941df1715a768c51ad8f5/element/f.5D121FC7909F200889B59C01A2F655FF.d.584A9419BD8CDAD04CC19D183EAC660D.e.8600/click - {}
RESULT: {}
RESULT: {}
COMMAND: GET /session/85be7df00c2941df1715a768c51ad8f5/screenshot - {}
RESULT: {}
COMMAND: POST /session/85be7df00c2941df1715a768c51ad8f5/execute/async - {"script":"<script> [189 bytes]","args":[]}
RESULT: {"script":"<script> [189 bytes]","args":[]}
COMMAND: POST /session/85be7df00c2941df1715a768c51ad8f5/execute/async - {"script":"<script> [123 bytes]","args":[]}
RESULT: {"script":"<script> [123 bytes]","args":[]}
COMMAND: POST /session/85be7df00c2941df1715a768c51ad8f5/timeouts - {"script":"<number>"}
RESULT: {"script":"<number>"}
COMMAND: GET /session/85be7df00c2941df1715a768c51ad8f5/timeouts - {}
RESULT: {}
RESULT: undefined
COMMAND: POST /session/85be7df00c2941df1715a768c51ad8f5/execute/async - {"script":"<script> [2676 bytes]","args":[]}
RESULT: {"script":"<script> [2676 bytes]","args":[]}
COMMAND: POST /session/85be7df00c2941df1715a768c51ad8f5/execute/async - {"script":"<script> [2342 bytes]","args":[{"protocol":"http","hostname":"0.0.0.0","path":"/","capabilities":{"browserName":"chrome","goog:chromeOptions":{"binary":"C:\\Program Files\\Google\\Chrome\\Application\\chrome.exe","args":["--start-maximized"]}},"logLevel":"warn","connectionRetryTimeout":120000,"connectionRetryCount":3,"logLevels":{},"enableDirectConnect":true,"strictSSL":true,"_":"65 more keys: [\"cacheDir\",\"port\",\"requestedCapabilities\",\"automationProtocol\",\"baseUrl\",\"waitforInterval\",\"waitforTimeout\",\"onReload\",\"beforeCommand\",\"afterCommand\",\"rootDir\",\"specs\",\"suites\",\"exclude\",\"groupLogsByTestSpec\",\"excludeDriverLogs\",\"bail\",\"framework\",\"reporters\",\"services\",\"maxInstances\",\"maxInstancesPerCapability\",\"injectGlobals\",\"filesToWatch\",\"execArgv\",\"runnerEnv\",\"runner\",\"shard\",\"specFileRetries\",\"specFileRetriesDelay\",\"specFileRetriesDeferred\",\"reporterSyncInterval\",\"reporterSyncTimeout\",\"cucumberFeaturesWithLineNumbers\",\"autoCompileOpts\",\"mochaOpts\",\"jasmineOpts\",\"cucumberOpts\",\"onPrepare\",\"onWorkerStart\",\"onWorkerEnd\",\"before\",\"beforeSession\",\"beforeSuite\",\"beforeHook\",\"beforeTest\",\"afterTest\",\"afterHook\",\"afterSuite\",\"afterSession\",\"after\",\"onComplete\",\"beforeAssertion\",\"afterAssertion\",\"beforeFeature\",\"beforeScenario\",\"beforeStep\",\"afterStep\",\"afterScenario\",\"afterFeature\",\"_\",\"suite\",\"$0\",\"ignoredWorkerServices\",\"wdi5\"]"}]}
RESULT: {"script":"<script> [2342 bytes]","args":[{"protocol":"http","hostname":"0.0.0.0","path":"/","capabilities":{"browserName":"chrome","goog:chromeOptions":{"binary":"C:\\Program Files\\Google\\Chrome\\Application\\chrome.exe","args":["--start-maximized"]}},"logLevel":"warn","connectionRetryTimeout":120000,"connectionRetryCount":3,"logLevels":{},"enableDirectConnect":true,"strictSSL":true,"_":"65 more keys: [\"cacheDir\",\"port\",\"requestedCapabilities\",\"automationProtocol\",\"baseUrl\",\"waitforInterval\",\"waitforTimeout\",\"onReload\",\"beforeCommand\",\"afterCommand\",\"rootDir\",\"specs\",\"suites\",\"exclude\",\"groupLogsByTestSpec\",\"excludeDriverLogs\",\"bail\",\"framework\",\"reporters\",\"services\",\"maxInstances\",\"maxInstancesPerCapability\",\"injectGlobals\",\"filesToWatch\",\"execArgv\",\"runnerEnv\",\"runner\",\"shard\",\"specFileRetries\",\"specFileRetriesDelay\",\"specFileRetriesDeferred\",\"reporterSyncInterval\",\"reporterSyncTimeout\",\"cucumberFeaturesWithLineNumbers\",\"autoCompileOpts\",\"mochaOpts\",\"jasmineOpts\",\"cucumberOpts\",\"onPrepare\",\"onWorkerStart\",\"onWorkerEnd\",\"before\",\"beforeSession\",\"beforeSuite\",\"beforeHook\",\"beforeTest\",\"afterTest\",\"afterHook\",\"afterSuite\",\"afterSession\",\"after\",\"onComplete\",\"beforeAssertion\",\"afterAssertion\",\"beforeFeature\",\"beforeScenario\",\"beforeStep\",\"afterStep\",\"afterScenario\",\"afterFeature\",\"_\",\"suite\",\"$0\",\"ignoredWorkerServices\",\"wdi5\"]"}]}
COMMAND: POST /session/85be7df00c2941df1715a768c51ad8f5/execute/async - {"script":"<script> [21126 bytes]","args":[35000]}
RESULT: {"script":"<script> [21126 bytes]","args":[35000]}
COMMAND: POST /session/85be7df00c2941df1715a768c51ad8f5/window/maximize - {}
RESULT: {}
COMMAND: POST /session/85be7df00c2941df1715a768c51ad8f5/execute/async - {"script":"<script> [1562 bytes]","args":[{"selector":{"id":"shell-header","interaction":{"idSuffix":"icon"}},"wdio_ui5_key":"shellheader"}]}
COMMAND: GET /session/85be7df00c2941df1715a768c51ad8f5/screenshot - {}
RESULT: {"script":"<script> [1562 bytes]","args":[{"selector":{"id":"shell-header","interaction":{"idSuffix":"icon"}},"wdio_ui5_key":"shellheader"}]}
RESULT: undefined
COMMAND: POST /session/85be7df00c2941df1715a768c51ad8f5/window/fullscreen - {}
RESULT: {}
RESULT: {}
]]></system-out>
    </testcase>
  </testsuite>
  <testsuite timestamp="2025-05-23T16:45:37" time="161.427" tests="6" failures="0" errors="0" skipped="0">
    <properties>
      <property name="specId" value="0"/>
      <property name="suiteName" value="Provide to Site w/ warehouse management w/o clarification US113782 "/>
      <property name="capabilities" value="chrome.136_0_7103_93.windows"/>
      <property name="file" value="file:///D:/a/1/s/test/specs/HTR/provide-to-site-w-warehouse-wo-clarification.spec.js"/>
    </properties>
    <testcase classname="chrome.136_0_7103_93.windows.Provide_to_Site_w/_warehouse_management_w/o_clarification_US113782_" name="Should create a new WHM yard" time="0.021">
      <system-out><![CDATA[
COMMAND: POST /session/85be7df00c2941df1715a768c51ad8f5/window/fullscreen - {}
RESULT: {}
]]></system-out>
    </testcase>
    <testcase classname="chrome.136_0_7103_93.windows.Provide_to_Site_w/_warehouse_management_w/o_clarification_US113782_" name="Should create a new external WHM partner" time="0.005"/>
    <testcase classname="chrome.136_0_7103_93.windows.Provide_to_Site_w/_warehouse_management_w/o_clarification_US113782_" name="Should create a new WHM site" time="0.004"/>
    <testcase classname="chrome.136_0_7103_93.windows.Provide_to_Site_w/_warehouse_management_w/o_clarification_US113782_" name="Should create a new material" time="140.097">
      <system-out><![CDATA[
COMMAND: POST /session/85be7df00c2941df1715a768c51ad8f5/execute/async - {"script":"<script> [1562 bytes]","args":[{"selector":{"controlType":"sap.m.GenericTile","properties":{"header":"Manage Resources"}},"wdio_ui5_key":"sapm.GenericTile{\"header\":\"Manage Resources\"}"}]}
RESULT: {"script":"<script> [1562 bytes]","args":[{"selector":{"controlType":"sap.m.GenericTile","properties":{"header":"Manage Resources"}},"wdio_ui5_key":"sapm.GenericTile{\"header\":\"Manage Resources\"}"}]}
RESULT: undefined
COMMAND: POST /session/85be7df00c2941df1715a768c51ad8f5/element - {"using":"xpath","value":"//*[@id=\"__tile31\"]"}
RESULT: {"using":"xpath","value":"//*[@id=\"__tile31\"]"}
COMMAND: POST /session/85be7df00c2941df1715a768c51ad8f5/element/f.5D121FC7909F200889B59C01A2F655FF.d.584A9419BD8CDAD04CC19D183EAC660D.e.8595/click - {}
RESULT: {}
COMMAND: GET /session/85be7df00c2941df1715a768c51ad8f5/screenshot - {}
RESULT: {}
COMMAND: POST /session/85be7df00c2941df1715a768c51ad8f5/elements - {"using":"xpath","value":"//span[text()='Error']"}
RESULT: {"using":"xpath","value":"//span[text()='Error']"}
COMMAND: POST /session/85be7df00c2941df1715a768c51ad8f5/element - {"using":"xpath","value":"//button[@data-kt=\"addNewRUOverflowToolbarButton\"]"}
RESULT: {"using":"xpath","value":"//button[@data-kt=\"addNewRUOverflowToolbarButton\"]"}
COMMAND: POST /session/85be7df00c2941df1715a768c51ad8f5/elements - {"using":"xpath","value":"//button[@data-kt=\"addNewRUOverflowToolbarButton\"]"}
RESULT: {"using":"xpath","value":"//button[@data-kt=\"addNewRUOverflowToolbarButton\"]"}
COMMAND: POST /session/85be7df00c2941df1715a768c51ad8f5/execute/sync - {"script":"<script> [8489 bytes]","args":[{"element-6066-11e4-a52e-4f735466cecf":"f.5D121FC7909F200889B59C01A2F655FF.d.584A9419BD8CDAD04CC19D183EAC660D.e.8751","ELEMENT":"f.5D121FC7909F200889B59C01A2F655FF.d.584A9419BD8CDAD04CC19D183EAC660D.e.8751"}]}
RESULT: {"script":"<script> [8489 bytes]","args":[{"element-6066-11e4-a52e-4f735466cecf":"f.5D121FC7909F200889B59C01A2F655FF.d.584A9419BD8CDAD04CC19D183EAC660D.e.8751","ELEMENT":"f.5D121FC7909F200889B59C01A2F655FF.d.584A9419BD8CDAD04CC19D183EAC660D.e.8751"}]}
COMMAND: GET /session/85be7df00c2941df1715a768c51ad8f5/element/f.5D121FC7909F200889B59C01A2F655FF.d.584A9419BD8CDAD04CC19D183EAC660D.e.8751/enabled - {}
COMMAND: GET /session/85be7df00c2941df1715a768c51ad8f5/screenshot - {}
RESULT: {}
COMMAND: POST /session/85be7df00c2941df1715a768c51ad8f5/execute/sync - {"script":"<script> [8489 bytes]","args":[{"element-6066-11e4-a52e-4f735466cecf":"f.5D121FC7909F200889B59C01A2F655FF.d.584A9419BD8CDAD04CC19D183EAC660D.e.8751","ELEMENT":"f.5D121FC7909F200889B59C01A2F655FF.d.584A9419BD8CDAD04CC19D183EAC660D.e.8751"}]}
COMMAND: GET /session/85be7df00c2941df1715a768c51ad8f5/screenshot - {}
RESULT: {}
RESULT: {"script":"<script> [8489 bytes]","args":[{"element-6066-11e4-a52e-4f735466cecf":"f.5D121FC7909F200889B59C01A2F655FF.d.584A9419BD8CDAD04CC19D183EAC660D.e.8751","ELEMENT":"f.5D121FC7909F200889B59C01A2F655FF.d.584A9419BD8CDAD04CC19D183EAC660D.e.8751"}]}
COMMAND: POST /session/85be7df00c2941df1715a768c51ad8f5/execute/sync - {"script":"<script> [5351 bytes]","args":[{"element-6066-11e4-a52e-4f735466cecf":"f.5D121FC7909F200889B59C01A2F655FF.d.584A9419BD8CDAD04CC19D183EAC660D.e.8751","ELEMENT":"f.5D121FC7909F200889B59C01A2F655FF.d.584A9419BD8CDAD04CC19D183EAC660D.e.8751"}]}
COMMAND: GET /session/85be7df00c2941df1715a768c51ad8f5/screenshot - {}
RESULT: {}
RESULT: {"script":"<script> [5351 bytes]","args":[{"element-6066-11e4-a52e-4f735466cecf":"f.5D121FC7909F200889B59C01A2F655FF.d.584A9419BD8CDAD04CC19D183EAC660D.e.8751","ELEMENT":"f.5D121FC7909F200889B59C01A2F655FF.d.584A9419BD8CDAD04CC19D183EAC660D.e.8751"}]}
COMMAND: POST /session/85be7df00c2941df1715a768c51ad8f5/element/f.5D121FC7909F200889B59C01A2F655FF.d.584A9419BD8CDAD04CC19D183EAC660D.e.8751/click - {}
COMMAND: GET /session/85be7df00c2941df1715a768c51ad8f5/screenshot - {}
RESULT: {}
RESULT: {}
COMMAND: GET /session/85be7df00c2941df1715a768c51ad8f5/screenshot - {}
RESULT: {}
RESULT: {}
COMMAND: POST /session/85be7df00c2941df1715a768c51ad8f5/execute/async - {"script":"<script> [1562 bytes]","args":[{"selector":{"id":"application-manageresources-display-component---newResourceUnit--TYPE-arrow"},"wdio_ui5_key":"applicationmanageresources-display-component---newResourceUnit--TYPE-arrow"}]}
RESULT: {"script":"<script> [1562 bytes]","args":[{"selector":{"id":"application-manageresources-display-component---newResourceUnit--TYPE-arrow"},"wdio_ui5_key":"applicationmanageresources-display-component---newResourceUnit--TYPE-arrow"}]}
RESULT: undefined
COMMAND: POST /session/85be7df00c2941df1715a768c51ad8f5/element - {"using":"xpath","value":"//*[@id=\"application-manageresources-display-component---newResourceUnit--TYPE-arrow\"]"}
RESULT: {"using":"xpath","value":"//*[@id=\"application-manageresources-display-component---newResourceUnit--TYPE-arrow\"]"}
COMMAND: POST /session/85be7df00c2941df1715a768c51ad8f5/element/f.5D121FC7909F200889B59C01A2F655FF.d.584A9419BD8CDAD04CC19D183EAC660D.e.9105/click - {}
RESULT: {}
COMMAND: POST /session/85be7df00c2941df1715a768c51ad8f5/element - {"using":"xpath","value":"//input[@id=\"application-manageresources-display-component---newResourceUnit--TYPE-inner\"]"}
COMMAND: GET /session/85be7df00c2941df1715a768c51ad8f5/screenshot - {}
RESULT: {"using":"xpath","value":"//input[@id=\"application-manageresources-display-component---newResourceUnit--TYPE-inner\"]"}
COMMAND: POST /session/85be7df00c2941df1715a768c51ad8f5/element/f.5D121FC7909F200889B59C01A2F655FF.d.584A9419BD8CDAD04CC19D183EAC660D.e.9101/clear - {}
RESULT: {}
RESULT: {}
COMMAND: POST /session/85be7df00c2941df1715a768c51ad8f5/element/f.5D121FC7909F200889B59C01A2F655FF.d.584A9419BD8CDAD04CC19D183EAC660D.e.9101/value - {"text":"Material"}
COMMAND: GET /session/85be7df00c2941df1715a768c51ad8f5/screenshot - {}
RESULT: {"text":"Material"}
COMMAND: GET /session/85be7df00c2941df1715a768c51ad8f5/screenshot - {}
RESULT: {}
RESULT: {}
COMMAND: POST /session/85be7df00c2941df1715a768c51ad8f5/actions - {"actions":[{"id":"action29","type":"key","parameters":{},"actions":[{"type":"keyDown","value":""},{"type":"pause","duration":10},{"type":"keyUp","value":""}]}]}
RESULT: {"actions":[{"id":"action29","type":"key","parameters":{},"actions":[{"type":"keyDown","value":""},{"type":"pause","duration":10},{"type":"keyUp","value":""}]}]}
COMMAND: POST /session/85be7df00c2941df1715a768c51ad8f5/execute/async - {"script":"<script> [1562 bytes]","args":[{"selector":{"id":"application-manageresources-display-component---newResourceUnit--SHORT_TEXT","interaction":{"idSuffix":"inner"}},"wdio_ui5_key":"applicationmanageresources-display-component---newResourceUnit--SHORT_TEXT"}]}
COMMAND: GET /session/85be7df00c2941df1715a768c51ad8f5/screenshot - {}
RESULT: {"script":"<script> [1562 bytes]","args":[{"selector":{"id":"application-manageresources-display-component---newResourceUnit--SHORT_TEXT","interaction":{"idSuffix":"inner"}},"wdio_ui5_key":"applicationmanageresources-display-component---newResourceUnit--SHORT_TEXT"}]}
RESULT: undefined
COMMAND: POST /session/85be7df00c2941df1715a768c51ad8f5/execute/async - {"script":"<script> [776 bytes]","args":[{"enterText":"Cement WDIO","selector":{"id":"application-manageresources-display-component---newResourceUnit--SHORT_TEXT","interaction":{"idSuffix":"inner"}},"clearTextFirst":true,"interactionType":"ENTER_TEXT"}]}
RESULT: {}
RESULT: {"script":"<script> [776 bytes]","args":[{"enterText":"Cement WDIO","selector":{"id":"application-manageresources-display-component---newResourceUnit--SHORT_TEXT","interaction":{"idSuffix":"inner"}},"clearTextFirst":true,"interactionType":"ENTER_TEXT"}]}
COMMAND: POST /session/85be7df00c2941df1715a768c51ad8f5/execute/async - {"script":"<script> [1562 bytes]","args":[{"selector":{"id":"application-manageresources-display-component---newResourceUnit--BASE_UNIT_OF_MEASURE","interaction":{"idSuffix":"inner"}},"wdio_ui5_key":"applicationmanageresources-display-component---newResourceUnit--BASE_UNIT_OF_MEASURE"}]}
RESULT: {"script":"<script> [1562 bytes]","args":[{"selector":{"id":"application-manageresources-display-component---newResourceUnit--BASE_UNIT_OF_MEASURE","interaction":{"idSuffix":"inner"}},"wdio_ui5_key":"applicationmanageresources-display-component---newResourceUnit--BASE_UNIT_OF_MEASURE"}]}
RESULT: undefined
COMMAND: POST /session/85be7df00c2941df1715a768c51ad8f5/execute/async - {"script":"<script> [776 bytes]","args":[{"enterText":"Piece","selector":{"id":"application-manageresources-display-component---newResourceUnit--BASE_UNIT_OF_MEASURE","interaction":{"idSuffix":"inner"}},"clearTextFirst":true,"interactionType":"ENTER_TEXT"}]}
RESULT: {"script":"<script> [776 bytes]","args":[{"enterText":"Piece","selector":{"id":"application-manageresources-display-component---newResourceUnit--BASE_UNIT_OF_MEASURE","interaction":{"idSuffix":"inner"}},"clearTextFirst":true,"interactionType":"ENTER_TEXT"}]}
COMMAND: POST /session/85be7df00c2941df1715a768c51ad8f5/execute/async - {"script":"<script> [1562 bytes]","args":[{"selector":{"id":"application-manageresources-display-component---newResourceUnit--WEIGHT_UNIT","interaction":{"idSuffix":"inner"}},"wdio_ui5_key":"applicationmanageresources-display-component---newResourceUnit--WEIGHT_UNIT"}]}
RESULT: {"script":"<script> [1562 bytes]","args":[{"selector":{"id":"application-manageresources-display-component---newResourceUnit--WEIGHT_UNIT","interaction":{"idSuffix":"inner"}},"wdio_ui5_key":"applicationmanageresources-display-component---newResourceUnit--WEIGHT_UNIT"}]}
RESULT: undefined
COMMAND: POST /session/85be7df00c2941df1715a768c51ad8f5/execute/async - {"script":"<script> [776 bytes]","args":[{"enterText":"Gram","selector":{"id":"application-manageresources-display-component---newResourceUnit--WEIGHT_UNIT","interaction":{"idSuffix":"inner"}},"clearTextFirst":true,"interactionType":"ENTER_TEXT"}]}
RESULT: {"script":"<script> [776 bytes]","args":[{"enterText":"Gram","selector":{"id":"application-manageresources-display-component---newResourceUnit--WEIGHT_UNIT","interaction":{"idSuffix":"inner"}},"clearTextFirst":true,"interactionType":"ENTER_TEXT"}]}
COMMAND: POST /session/85be7df00c2941df1715a768c51ad8f5/execute/async - {"script":"<script> [1562 bytes]","args":[{"selector":{"id":"application-manageresources-display-component---newResourceUnit--DIMENSION_UNIT","interaction":{"idSuffix":"inner"}},"wdio_ui5_key":"applicationmanageresources-display-component---newResourceUnit--DIMENSION_UNIT"}]}
RESULT: {"script":"<script> [1562 bytes]","args":[{"selector":{"id":"application-manageresources-display-component---newResourceUnit--DIMENSION_UNIT","interaction":{"idSuffix":"inner"}},"wdio_ui5_key":"applicationmanageresources-display-component---newResourceUnit--DIMENSION_UNIT"}]}
RESULT: undefined
COMMAND: POST /session/85be7df00c2941df1715a768c51ad8f5/execute/async - {"script":"<script> [776 bytes]","args":[{"enterText":"Meter","selector":{"id":"application-manageresources-display-component---newResourceUnit--DIMENSION_UNIT","interaction":{"idSuffix":"inner"}},"clearTextFirst":true,"interactionType":"ENTER_TEXT"}]}
RESULT: {"script":"<script> [776 bytes]","args":[{"enterText":"Meter","selector":{"id":"application-manageresources-display-component---newResourceUnit--DIMENSION_UNIT","interaction":{"idSuffix":"inner"}},"clearTextFirst":true,"interactionType":"ENTER_TEXT"}]}
COMMAND: POST /session/85be7df00c2941df1715a768c51ad8f5/execute/async - {"script":"<script> [1562 bytes]","args":[{"selector":{"id":"application-manageresources-display-component---newResourceUnit--newRRUPage-anchBar-application-manageresources-display-component---newResourceUnit--control-anchor","interaction":{"idSuffix":"BDI-content"}},"wdio_ui5_key":"applicationmanageresources-display-component---newResourceUnit--newRRUPage-anchBar-application-manageresources-display-component---newResourceUnit--control-anchor"}]}
RESULT: {"script":"<script> [1562 bytes]","args":[{"selector":{"id":"application-manageresources-display-component---newResourceUnit--newRRUPage-anchBar-application-manageresources-display-component---newResourceUnit--control-anchor","interaction":{"idSuffix":"BDI-content"}},"wdio_ui5_key":"applicationmanageresources-display-component---newResourceUnit--newRRUPage-anchBar-application-manageresources-display-component---newResourceUnit--control-anchor"}]}
RESULT: undefined
COMMAND: POST /session/85be7df00c2941df1715a768c51ad8f5/element - {"using":"xpath","value":"//*[@id=\"application-manageresources-display-component---newResourceUnit--newRRUPage-anchBar-application-manageresources-display-component---newResourceUnit--control-anchor\"]"}
RESULT: {"using":"xpath","value":"//*[@id=\"application-manageresources-display-component---newResourceUnit--newRRUPage-anchBar-application-manageresources-display-component---newResourceUnit--control-anchor\"]"}
COMMAND: POST /session/85be7df00c2941df1715a768c51ad8f5/element/f.5D121FC7909F200889B59C01A2F655FF.d.584A9419BD8CDAD04CC19D183EAC660D.e.9236/click - {}
RESULT: {}
COMMAND: POST /session/85be7df00c2941df1715a768c51ad8f5/execute/async - {"script":"<script> [1562 bytes]","args":[{"selector":{"id":"application-manageresources-display-component---newResourceUnit--PLANNING_GROUP","interaction":{"idSuffix":"inner"}},"wdio_ui5_key":"applicationmanageresources-display-component---newResourceUnit--PLANNING_GROUP"}]}
COMMAND: GET /session/85be7df00c2941df1715a768c51ad8f5/screenshot - {}
RESULT: {"script":"<script> [1562 bytes]","args":[{"selector":{"id":"application-manageresources-display-component---newResourceUnit--PLANNING_GROUP","interaction":{"idSuffix":"inner"}},"wdio_ui5_key":"applicationmanageresources-display-component---newResourceUnit--PLANNING_GROUP"}]}
RESULT: undefined
COMMAND: POST /session/85be7df00c2941df1715a768c51ad8f5/execute/async - {"script":"<script> [776 bytes]","args":[{"enterText":"Material","selector":{"id":"application-manageresources-display-component---newResourceUnit--PLANNING_GROUP","interaction":{"idSuffix":"inner"}},"clearTextFirst":true,"interactionType":"ENTER_TEXT"}]}
RESULT: {}
RESULT: {"script":"<script> [776 bytes]","args":[{"enterText":"Material","selector":{"id":"application-manageresources-display-component---newResourceUnit--PLANNING_GROUP","interaction":{"idSuffix":"inner"}},"clearTextFirst":true,"interactionType":"ENTER_TEXT"}]}
COMMAND: POST /session/85be7df00c2941df1715a768c51ad8f5/execute/async - {"script":"<script> [1562 bytes]","args":[{"selector":{"id":"application-manageresources-display-component---newResourceUnit--PLANNING_INDICATOR","interaction":{"idSuffix":"inner"}},"wdio_ui5_key":"applicationmanageresources-display-component---newResourceUnit--PLANNING_INDICATOR"}]}
RESULT: {"script":"<script> [1562 bytes]","args":[{"selector":{"id":"application-manageresources-display-component---newResourceUnit--PLANNING_INDICATOR","interaction":{"idSuffix":"inner"}},"wdio_ui5_key":"applicationmanageresources-display-component---newResourceUnit--PLANNING_INDICATOR"}]}
RESULT: undefined
COMMAND: POST /session/85be7df00c2941df1715a768c51ad8f5/execute/async - {"script":"<script> [776 bytes]","args":[{"enterText":"10 - infinite","selector":{"id":"application-manageresources-display-component---newResourceUnit--PLANNING_INDICATOR","interaction":{"idSuffix":"inner"}},"clearTextFirst":true,"interactionType":"ENTER_TEXT"}]}
RESULT: {"script":"<script> [776 bytes]","args":[{"enterText":"10 - infinite","selector":{"id":"application-manageresources-display-component---newResourceUnit--PLANNING_INDICATOR","interaction":{"idSuffix":"inner"}},"clearTextFirst":true,"interactionType":"ENTER_TEXT"}]}
COMMAND: POST /session/85be7df00c2941df1715a768c51ad8f5/element - {"using":"css selector","value":"#application-manageresources-display-component---newResourceUnit--btnAddTimeSegment"}
RESULT: {"using":"css selector","value":"#application-manageresources-display-component---newResourceUnit--btnAddTimeSegment"}
COMMAND: GET /session/85be7df00c2941df1715a768c51ad8f5/element/f.5D121FC7909F200889B59C01A2F655FF.d.584A9419BD8CDAD04CC19D183EAC660D.e.9246/rect - {}
RESULT: {}
COMMAND: GET /session/85be7df00c2941df1715a768c51ad8f5/window/rect - {}
RESULT: {}
COMMAND: POST /session/85be7df00c2941df1715a768c51ad8f5/execute/sync - {"script":"<script> [92 bytes]","args":[]}
RESULT: {"script":"<script> [92 bytes]","args":[]}
COMMAND: POST /session/85be7df00c2941df1715a768c51ad8f5/actions - {"actions":[{"id":"action30","type":"wheel","parameters":{},"actions":[{"type":"scroll","x":-1888,"y":-32,"deltaX":0,"deltaY":0,"duration":0,"origin":{"element-6066-11e4-a52e-4f735466cecf":"f.5D121FC7909F200889B59C01A2F655FF.d.584A9419BD8CDAD04CC19D183EAC660D.e.9246"}}]}]}
COMMAND: GET /session/85be7df00c2941df1715a768c51ad8f5/screenshot - {}
RESULT: {}
COMMAND: POST /session/85be7df00c2941df1715a768c51ad8f5/execute/sync - {"script":"<script> [79 bytes]","args":[{"element-6066-11e4-a52e-4f735466cecf":"f.5D121FC7909F200889B59C01A2F655FF.d.584A9419BD8CDAD04CC19D183EAC660D.e.9246","ELEMENT":"f.5D121FC7909F200889B59C01A2F655FF.d.584A9419BD8CDAD04CC19D183EAC660D.e.9246"},{"block":"start","inline":"nearest"}]}
RESULT: {"script":"<script> [79 bytes]","args":[{"element-6066-11e4-a52e-4f735466cecf":"f.5D121FC7909F200889B59C01A2F655FF.d.584A9419BD8CDAD04CC19D183EAC660D.e.9246","ELEMENT":"f.5D121FC7909F200889B59C01A2F655FF.d.584A9419BD8CDAD04CC19D183EAC660D.e.9246"},{"block":"start","inline":"nearest"}]}
COMMAND: POST /session/85be7df00c2941df1715a768c51ad8f5/execute/async - {"script":"<script> [1562 bytes]","args":[{"selector":{"id":"application-manageresources-display-component---newResourceUnit--btnAddTimeSegment","interaction":{"idSuffix":"inner"}},"wdio_ui5_key":"applicationmanageresources-display-component---newResourceUnit--btnAddTimeSegment"}]}
COMMAND: GET /session/85be7df00c2941df1715a768c51ad8f5/screenshot - {}
RESULT: {"script":"<script> [1562 bytes]","args":[{"selector":{"id":"application-manageresources-display-component---newResourceUnit--btnAddTimeSegment","interaction":{"idSuffix":"inner"}},"wdio_ui5_key":"applicationmanageresources-display-component---newResourceUnit--btnAddTimeSegment"}]}
RESULT: undefined
COMMAND: POST /session/85be7df00c2941df1715a768c51ad8f5/element - {"using":"xpath","value":"//*[@id=\"application-manageresources-display-component---newResourceUnit--btnAddTimeSegment\"]"}
RESULT: {}
RESULT: {"using":"xpath","value":"//*[@id=\"application-manageresources-display-component---newResourceUnit--btnAddTimeSegment\"]"}
COMMAND: POST /session/85be7df00c2941df1715a768c51ad8f5/element/f.5D121FC7909F200889B59C01A2F655FF.d.584A9419BD8CDAD04CC19D183EAC660D.e.9246/click - {}
RESULT: {}
COMMAND: GET /session/85be7df00c2941df1715a768c51ad8f5/screenshot - {}
RESULT: {}
COMMAND: POST /session/85be7df00c2941df1715a768c51ad8f5/element - {"using":"xpath","value":"//input[@id=\"application-manageresources-display-component---newResourceUnit--idRuTSAdmin-application-manageresources-display-component---newResourceUnit--RUTimeSegment-0-inner\"]"}
RESULT: {"using":"xpath","value":"//input[@id=\"application-manageresources-display-component---newResourceUnit--idRuTSAdmin-application-manageresources-display-component---newResourceUnit--RUTimeSegment-0-inner\"]"}
COMMAND: POST /session/85be7df00c2941df1715a768c51ad8f5/element/f.5D121FC7909F200889B59C01A2F655FF.d.584A9419BD8CDAD04CC19D183EAC660D.e.9251/clear - {}
RESULT: {}
COMMAND: POST /session/85be7df00c2941df1715a768c51ad8f5/element/f.5D121FC7909F200889B59C01A2F655FF.d.584A9419BD8CDAD04CC19D183EAC660D.e.9251/value - {"text":"221"}
COMMAND: GET /session/85be7df00c2941df1715a768c51ad8f5/screenshot - {}
RESULT: {"text":"221"}
COMMAND: GET /session/85be7df00c2941df1715a768c51ad8f5/screenshot - {}
RESULT: {}
RESULT: {}
COMMAND: POST /session/85be7df00c2941df1715a768c51ad8f5/element - {"using":"xpath","value":"//li[.//span[text()='221']]"}
RESULT: {"using":"xpath","value":"//li[.//span[text()='221']]"}
COMMAND: POST /session/85be7df00c2941df1715a768c51ad8f5/element/f.5D121FC7909F200889B59C01A2F655FF.d.584A9419BD8CDAD04CC19D183EAC660D.e.9259/click - {}
RESULT: {}
COMMAND: GET /session/85be7df00c2941df1715a768c51ad8f5/screenshot - {}
RESULT: {}
COMMAND: POST /session/85be7df00c2941df1715a768c51ad8f5/element - {"using":"xpath","value":"(//span[contains(@id, \"-application-manageresources-display-component---newResourceUnit--RUTimeSegment-0-arrow\")])[2]"}
RESULT: {"using":"xpath","value":"(//span[contains(@id, \"-application-manageresources-display-component---newResourceUnit--RUTimeSegment-0-arrow\")])[2]"}
COMMAND: POST /session/85be7df00c2941df1715a768c51ad8f5/element/f.5D121FC7909F200889B59C01A2F655FF.d.584A9419BD8CDAD04CC19D183EAC660D.e.9260/click - {}
RESULT: {}
COMMAND: POST /session/85be7df00c2941df1715a768c51ad8f5/element - {"using":"xpath","value":"//span[contains(text(), \"PM Order\")]"}
COMMAND: GET /session/85be7df00c2941df1715a768c51ad8f5/screenshot - {}
RESULT: {"using":"xpath","value":"//span[contains(text(), \"PM Order\")]"}
COMMAND: POST /session/85be7df00c2941df1715a768c51ad8f5/element/f.5D121FC7909F200889B59C01A2F655FF.d.584A9419BD8CDAD04CC19D183EAC660D.e.9261/click - {}
RESULT: {}
RESULT: {}
COMMAND: GET /session/85be7df00c2941df1715a768c51ad8f5/screenshot - {}
RESULT: {}
COMMAND: POST /session/85be7df00c2941df1715a768c51ad8f5/element - {"using":"xpath","value":"//td/div/div/div/span[contains(@id, \"newResourceUnit--RUTimeSegment-0-vhi\")][1]"}
RESULT: {"using":"xpath","value":"//td/div/div/div/span[contains(@id, \"newResourceUnit--RUTimeSegment-0-vhi\")][1]"}
COMMAND: GET /session/85be7df00c2941df1715a768c51ad8f5/element/f.5D121FC7909F200889B59C01A2F655FF.d.584A9419BD8CDAD04CC19D183EAC660D.e.9265/rect - {}
RESULT: {}
COMMAND: GET /session/85be7df00c2941df1715a768c51ad8f5/window/rect - {}
RESULT: {}
COMMAND: POST /session/85be7df00c2941df1715a768c51ad8f5/execute/sync - {"script":"<script> [92 bytes]","args":[]}
RESULT: {"script":"<script> [92 bytes]","args":[]}
COMMAND: POST /session/85be7df00c2941df1715a768c51ad8f5/actions - {"actions":[{"id":"action31","type":"wheel","parameters":{},"actions":[{"type":"scroll","x":-1888,"y":-24,"deltaX":0,"deltaY":0,"duration":0,"origin":{"element-6066-11e4-a52e-4f735466cecf":"f.5D121FC7909F200889B59C01A2F655FF.d.584A9419BD8CDAD04CC19D183EAC660D.e.9265"}}]}]}
COMMAND: GET /session/85be7df00c2941df1715a768c51ad8f5/screenshot - {}
RESULT: {}
COMMAND: POST /session/85be7df00c2941df1715a768c51ad8f5/execute/sync - {"script":"<script> [79 bytes]","args":[{"element-6066-11e4-a52e-4f735466cecf":"f.5D121FC7909F200889B59C01A2F655FF.d.584A9419BD8CDAD04CC19D183EAC660D.e.9265","ELEMENT":"f.5D121FC7909F200889B59C01A2F655FF.d.584A9419BD8CDAD04CC19D183EAC660D.e.9265"},{"block":"start","inline":"nearest"}]}
RESULT: {"script":"<script> [79 bytes]","args":[{"element-6066-11e4-a52e-4f735466cecf":"f.5D121FC7909F200889B59C01A2F655FF.d.584A9419BD8CDAD04CC19D183EAC660D.e.9265","ELEMENT":"f.5D121FC7909F200889B59C01A2F655FF.d.584A9419BD8CDAD04CC19D183EAC660D.e.9265"},{"block":"start","inline":"nearest"}]}
COMMAND: GET /session/85be7df00c2941df1715a768c51ad8f5/screenshot - {}
RESULT: {}
COMMAND: POST /session/85be7df00c2941df1715a768c51ad8f5/element/f.5D121FC7909F200889B59C01A2F655FF.d.584A9419BD8CDAD04CC19D183EAC660D.e.9265/click - {}
RESULT: {}
COMMAND: GET /session/85be7df00c2941df1715a768c51ad8f5/screenshot - {}
RESULT: {}
COMMAND: POST /session/85be7df00c2941df1715a768c51ad8f5/execute/async - {"script":"<script> [1562 bytes]","args":[{"selector":{"controlType":"sap.m.SearchField","properties":{"placeholder":"Search"},"searchOpenDialogs":true,"interaction":{"idSuffix":"I"}},"wdio_ui5_key":"sapm.SearchField{\"placeholder\":\"Search\"}"}]}
RESULT: {"script":"<script> [1562 bytes]","args":[{"selector":{"controlType":"sap.m.SearchField","properties":{"placeholder":"Search"},"searchOpenDialogs":true,"interaction":{"idSuffix":"I"}},"wdio_ui5_key":"sapm.SearchField{\"placeholder\":\"Search\"}"}]}
RESULT: undefined
COMMAND: POST /session/85be7df00c2941df1715a768c51ad8f5/execute/async - {"script":"<script> [776 bytes]","args":[{"enterText":"4000360","selector":{"controlType":"sap.m.SearchField","properties":{"placeholder":"Search"},"searchOpenDialogs":true,"interaction":{"idSuffix":"I"}},"clearTextFirst":true,"interactionType":"ENTER_TEXT"}]}
RESULT: {"script":"<script> [776 bytes]","args":[{"enterText":"4000360","selector":{"controlType":"sap.m.SearchField","properties":{"placeholder":"Search"},"searchOpenDialogs":true,"interaction":{"idSuffix":"I"}},"clearTextFirst":true,"interactionType":"ENTER_TEXT"}]}
COMMAND: POST /session/85be7df00c2941df1715a768c51ad8f5/actions - {"actions":[{"id":"action32","type":"key","parameters":{},"actions":[{"type":"keyDown","value":""},{"type":"pause","duration":10},{"type":"keyUp","value":""}]}]}
RESULT: {"actions":[{"id":"action32","type":"key","parameters":{},"actions":[{"type":"keyDown","value":""},{"type":"pause","duration":10},{"type":"keyUp","value":""}]}]}
COMMAND: GET /session/85be7df00c2941df1715a768c51ad8f5/screenshot - {}
RESULT: {}
COMMAND: POST /session/85be7df00c2941df1715a768c51ad8f5/element - {"using":"xpath","value":"//td/div/span[contains(text(), \"BGL Vehicles\")]"}
RESULT: {"using":"xpath","value":"//td/div/span[contains(text(), \"BGL Vehicles\")]"}
COMMAND: POST /session/85be7df00c2941df1715a768c51ad8f5/element/f.5D121FC7909F200889B59C01A2F655FF.d.584A9419BD8CDAD04CC19D183EAC660D.e.9287/click - {}
RESULT: {}
COMMAND: GET /session/85be7df00c2941df1715a768c51ad8f5/screenshot - {}
RESULT: {}
COMMAND: POST /session/85be7df00c2941df1715a768c51ad8f5/element - {"using":"xpath","value":"//bdi[contains(text(), \"OK\")]"}
RESULT: {"using":"xpath","value":"//bdi[contains(text(), \"OK\")]"}
COMMAND: POST /session/85be7df00c2941df1715a768c51ad8f5/element/f.5D121FC7909F200889B59C01A2F655FF.d.584A9419BD8CDAD04CC19D183EAC660D.e.9288/click - {}
RESULT: {}
COMMAND: GET /session/85be7df00c2941df1715a768c51ad8f5/screenshot - {}
RESULT: {}
COMMAND: POST /session/85be7df00c2941df1715a768c51ad8f5/element - {"using":"xpath","value":"//label[contains(@class, 'sapMLabelRequired') and .//bdi[contains(text(), 'Planned Retirement')]]"}
RESULT: {"using":"xpath","value":"//label[contains(@class, 'sapMLabelRequired') and .//bdi[contains(text(), 'Planned Retirement')]]"}
COMMAND: POST /session/85be7df00c2941df1715a768c51ad8f5/elements - {"using":"xpath","value":"//label[contains(@class, 'sapMLabelRequired') and .//bdi[contains(text(), 'Planned Retirement')]]"}
RESULT: {"using":"xpath","value":"//label[contains(@class, 'sapMLabelRequired') and .//bdi[contains(text(), 'Planned Retirement')]]"}
COMMAND: POST /session/85be7df00c2941df1715a768c51ad8f5/element - {"using":"xpath","value":"//button[@data-kt=\"resourceUnitSaveButton\"]"}
RESULT: {"using":"xpath","value":"//button[@data-kt=\"resourceUnitSaveButton\"]"}
COMMAND: POST /session/85be7df00c2941df1715a768c51ad8f5/element/f.5D121FC7909F200889B59C01A2F655FF.d.584A9419BD8CDAD04CC19D183EAC660D.e.9122/click - {}
RESULT: {}
COMMAND: GET /session/85be7df00c2941df1715a768c51ad8f5/screenshot - {}
RESULT: {}
COMMAND: POST /session/85be7df00c2941df1715a768c51ad8f5/element - {"using":"xpath","value":"//bdi[contains(text(), \"Close\")]"}
RESULT: {"using":"xpath","value":"//bdi[contains(text(), \"Close\")]"}
COMMAND: POST /session/85be7df00c2941df1715a768c51ad8f5/element/f.5D121FC7909F200889B59C01A2F655FF.d.584A9419BD8CDAD04CC19D183EAC660D.e.9295/click - {}
RESULT: {}
COMMAND: GET /session/85be7df00c2941df1715a768c51ad8f5/screenshot - {}
RESULT: {}
COMMAND: POST /session/85be7df00c2941df1715a768c51ad8f5/element - {"using":"xpath","value":"//header[contains(@id, 'detailRruPage-headerTitle')]/div[1]/div[2]/div[2]/span[1]"}
RESULT: {"using":"xpath","value":"//header[contains(@id, 'detailRruPage-headerTitle')]/div[1]/div[2]/div[2]/span[1]"}
COMMAND: POST /session/85be7df00c2941df1715a768c51ad8f5/elements - {"using":"xpath","value":"//header[contains(@id, 'detailRruPage-headerTitle')]/div[1]/div[2]/div[2]/span[1]"}
RESULT: {"using":"xpath","value":"//header[contains(@id, 'detailRruPage-headerTitle')]/div[1]/div[2]/div[2]/span[1]"}
COMMAND: POST /session/85be7df00c2941df1715a768c51ad8f5/execute/sync - {"script":"<script> [56 bytes]","args":[{"element-6066-11e4-a52e-4f735466cecf":"f.5D121FC7909F200889B59C01A2F655FF.d.584A9419BD8CDAD04CC19D183EAC660D.e.9325","ELEMENT":"f.5D121FC7909F200889B59C01A2F655FF.d.584A9419BD8CDAD04CC19D183EAC660D.e.9325"}]}
RESULT: {"script":"<script> [56 bytes]","args":[{"element-6066-11e4-a52e-4f735466cecf":"f.5D121FC7909F200889B59C01A2F655FF.d.584A9419BD8CDAD04CC19D183EAC660D.e.9325","ELEMENT":"f.5D121FC7909F200889B59C01A2F655FF.d.584A9419BD8CDAD04CC19D183EAC660D.e.9325"}]}
COMMAND: POST /session/85be7df00c2941df1715a768c51ad8f5/element - {"using":"css selector","value":"#shell-header-logo"}
COMMAND: GET /session/85be7df00c2941df1715a768c51ad8f5/screenshot - {}
RESULT: {"using":"css selector","value":"#shell-header-logo"}
COMMAND: POST /session/85be7df00c2941df1715a768c51ad8f5/element/f.5D121FC7909F200889B59C01A2F655FF.d.584A9419BD8CDAD04CC19D183EAC660D.e.8600/click - {}
RESULT: {}
RESULT: {}
COMMAND: GET /session/85be7df00c2941df1715a768c51ad8f5/screenshot - {}
RESULT: {}
]]></system-out>
    </testcase>
    <testcase classname="chrome.136_0_7103_93.windows.Provide_to_Site_w/_warehouse_management_w/o_clarification_US113782_" name="Bin Status Report Should Create New Organization yard" time="0.005"/>
    <testcase classname="chrome.136_0_7103_93.windows.Provide_to_Site_w/_warehouse_management_w/o_clarification_US113782_" name="Bin Status Report Should Create New Organization for Site" time="0.003"/>
  </testsuite>
  <testsuite timestamp="2025-05-23T16:48:18" time="428.098" tests="5" failures="0" errors="0" skipped="0">
    <properties>
      <property name="specId" value="0"/>
      <property name="suiteName" value="Provide to Site w/ warehouse management wo clarification"/>
      <property name="capabilities" value="chrome.136_0_7103_93.windows"/>
      <property name="file" value="file:///D:/a/1/s/test/specs/HTR/provide-to-site-w-warehouse-wo-clarification.spec.js"/>
    </properties>
    <testcase classname="chrome.136_0_7103_93.windows.Provide_to_Site_w/_warehouse_management_wo_clarification" name="Should do a stock increase handover" time="96.015">
      <system-out><![CDATA[
COMMAND: POST /session/85be7df00c2941df1715a768c51ad8f5/execute/async - {"script":"<script> [1562 bytes]","args":[{"selector":{"controlType":"sap.m.GenericTile","properties":{"header":"Manage Handovers"}},"wdio_ui5_key":"sapm.GenericTile{\"header\":\"Manage Handovers\"}"}]}
RESULT: {"script":"<script> [1562 bytes]","args":[{"selector":{"controlType":"sap.m.GenericTile","properties":{"header":"Manage Handovers"}},"wdio_ui5_key":"sapm.GenericTile{\"header\":\"Manage Handovers\"}"}]}
RESULT: undefined
COMMAND: POST /session/85be7df00c2941df1715a768c51ad8f5/element - {"using":"xpath","value":"//*[@id=\"__tile133\"]"}
RESULT: {"using":"xpath","value":"//*[@id=\"__tile133\"]"}
COMMAND: POST /session/85be7df00c2941df1715a768c51ad8f5/element/f.5D121FC7909F200889B59C01A2F655FF.d.584A9419BD8CDAD04CC19D183EAC660D.e.8647/click - {}
RESULT: {}
COMMAND: GET /session/85be7df00c2941df1715a768c51ad8f5/screenshot - {}
RESULT: {}
COMMAND: POST /session/85be7df00c2941df1715a768c51ad8f5/elements - {"using":"xpath","value":"//span[text()='Error']"}
RESULT: {"using":"xpath","value":"//span[text()='Error']"}
COMMAND: POST /session/85be7df00c2941df1715a768c51ad8f5/element - {"using":"xpath","value":"//button[@data-kt=\"masterHOAddButton\"]"}
RESULT: {"using":"xpath","value":"//button[@data-kt=\"masterHOAddButton\"]"}
COMMAND: POST /session/85be7df00c2941df1715a768c51ad8f5/elements - {"using":"xpath","value":"//button[@data-kt=\"masterHOAddButton\"]"}
RESULT: {"using":"xpath","value":"//button[@data-kt=\"masterHOAddButton\"]"}
COMMAND: POST /session/85be7df00c2941df1715a768c51ad8f5/execute/sync - {"script":"<script> [8489 bytes]","args":[{"element-6066-11e4-a52e-4f735466cecf":"f.5D121FC7909F200889B59C01A2F655FF.d.584A9419BD8CDAD04CC19D183EAC660D.e.9364","ELEMENT":"f.5D121FC7909F200889B59C01A2F655FF.d.584A9419BD8CDAD04CC19D183EAC660D.e.9364"}]}
RESULT: {"script":"<script> [8489 bytes]","args":[{"element-6066-11e4-a52e-4f735466cecf":"f.5D121FC7909F200889B59C01A2F655FF.d.584A9419BD8CDAD04CC19D183EAC660D.e.9364","ELEMENT":"f.5D121FC7909F200889B59C01A2F655FF.d.584A9419BD8CDAD04CC19D183EAC660D.e.9364"}]}
COMMAND: GET /session/85be7df00c2941df1715a768c51ad8f5/element/f.5D121FC7909F200889B59C01A2F655FF.d.584A9419BD8CDAD04CC19D183EAC660D.e.9364/enabled - {}
COMMAND: GET /session/85be7df00c2941df1715a768c51ad8f5/screenshot - {}
RESULT: {}
COMMAND: POST /session/85be7df00c2941df1715a768c51ad8f5/execute/sync - {"script":"<script> [8489 bytes]","args":[{"element-6066-11e4-a52e-4f735466cecf":"f.5D121FC7909F200889B59C01A2F655FF.d.584A9419BD8CDAD04CC19D183EAC660D.e.9364","ELEMENT":"f.5D121FC7909F200889B59C01A2F655FF.d.584A9419BD8CDAD04CC19D183EAC660D.e.9364"}]}
COMMAND: GET /session/85be7df00c2941df1715a768c51ad8f5/screenshot - {}
RESULT: {}
RESULT: {"script":"<script> [8489 bytes]","args":[{"element-6066-11e4-a52e-4f735466cecf":"f.5D121FC7909F200889B59C01A2F655FF.d.584A9419BD8CDAD04CC19D183EAC660D.e.9364","ELEMENT":"f.5D121FC7909F200889B59C01A2F655FF.d.584A9419BD8CDAD04CC19D183EAC660D.e.9364"}]}
COMMAND: POST /session/85be7df00c2941df1715a768c51ad8f5/execute/sync - {"script":"<script> [5351 bytes]","args":[{"element-6066-11e4-a52e-4f735466cecf":"f.5D121FC7909F200889B59C01A2F655FF.d.584A9419BD8CDAD04CC19D183EAC660D.e.9364","ELEMENT":"f.5D121FC7909F200889B59C01A2F655FF.d.584A9419BD8CDAD04CC19D183EAC660D.e.9364"}]}
COMMAND: GET /session/85be7df00c2941df1715a768c51ad8f5/screenshot - {}
RESULT: {}
RESULT: {"script":"<script> [5351 bytes]","args":[{"element-6066-11e4-a52e-4f735466cecf":"f.5D121FC7909F200889B59C01A2F655FF.d.584A9419BD8CDAD04CC19D183EAC660D.e.9364","ELEMENT":"f.5D121FC7909F200889B59C01A2F655FF.d.584A9419BD8CDAD04CC19D183EAC660D.e.9364"}]}
COMMAND: POST /session/85be7df00c2941df1715a768c51ad8f5/element/f.5D121FC7909F200889B59C01A2F655FF.d.584A9419BD8CDAD04CC19D183EAC660D.e.9364/click - {}
COMMAND: GET /session/85be7df00c2941df1715a768c51ad8f5/screenshot - {}
RESULT: {}
RESULT: {}
COMMAND: GET /session/85be7df00c2941df1715a768c51ad8f5/screenshot - {}
RESULT: {}
RESULT: {}
COMMAND: POST /session/85be7df00c2941df1715a768c51ad8f5/element - {"using":"xpath","value":"//span[contains(@id ,\"AddNewHO--typeSelect-arrow\")]"}
RESULT: {"using":"xpath","value":"//span[contains(@id ,\"AddNewHO--typeSelect-arrow\")]"}
COMMAND: POST /session/85be7df00c2941df1715a768c51ad8f5/element/f.5D121FC7909F200889B59C01A2F655FF.d.584A9419BD8CDAD04CC19D183EAC660D.e.9704/click - {}
RESULT: {}
COMMAND: GET /session/85be7df00c2941df1715a768c51ad8f5/screenshot - {}
RESULT: {}
COMMAND: POST /session/85be7df00c2941df1715a768c51ad8f5/element - {"using":"xpath","value":"(//li[contains(text(), \"stock increase yard\")])[1]"}
RESULT: {"using":"xpath","value":"(//li[contains(text(), \"stock increase yard\")])[1]"}
COMMAND: POST /session/85be7df00c2941df1715a768c51ad8f5/element/f.5D121FC7909F200889B59C01A2F655FF.d.584A9419BD8CDAD04CC19D183EAC660D.e.9705/click - {}
RESULT: {}
COMMAND: GET /session/85be7df00c2941df1715a768c51ad8f5/screenshot - {}
RESULT: {}
COMMAND: POST /session/85be7df00c2941df1715a768c51ad8f5/execute/async - {"script":"<script> [1562 bytes]","args":[{"selector":{"id":"application-managehandovers-display-component---AddNewHO--dueDate","interaction":{"idSuffix":"inner"}},"wdio_ui5_key":"applicationmanagehandovers-display-component---AddNewHO--dueDate"}]}
RESULT: {"script":"<script> [1562 bytes]","args":[{"selector":{"id":"application-managehandovers-display-component---AddNewHO--dueDate","interaction":{"idSuffix":"inner"}},"wdio_ui5_key":"applicationmanagehandovers-display-component---AddNewHO--dueDate"}]}
RESULT: undefined
COMMAND: POST /session/85be7df00c2941df1715a768c51ad8f5/execute/async - {"script":"<script> [6424 bytes]","args":[{"element-6066-11e4-a52e-4f735466cecf":"f.5D121FC7909F200889B59C01A2F655FF.d.584A9419BD8CDAD04CC19D183EAC660D.e.9709"},"setValue",["5/23/25"]]}
RESULT: {"script":"<script> [6424 bytes]","args":[{"element-6066-11e4-a52e-4f735466cecf":"f.5D121FC7909F200889B59C01A2F655FF.d.584A9419BD8CDAD04CC19D183EAC660D.e.9709"},"setValue",["5/23/25"]]}
COMMAND: POST /session/85be7df00c2941df1715a768c51ad8f5/element - {"using":"xpath","value":"//input[@id=\"generalSectionFrg--receiveYard-inner\"]"}
RESULT: {"using":"xpath","value":"//input[@id=\"generalSectionFrg--receiveYard-inner\"]"}
COMMAND: POST /session/85be7df00c2941df1715a768c51ad8f5/element/f.5D121FC7909F200889B59C01A2F655FF.d.584A9419BD8CDAD04CC19D183EAC660D.e.9715/clear - {}
RESULT: {}
COMMAND: POST /session/85be7df00c2941df1715a768c51ad8f5/element/f.5D121FC7909F200889B59C01A2F655FF.d.584A9419BD8CDAD04CC19D183EAC660D.e.9715/value - {"text":"221"}
COMMAND: GET /session/85be7df00c2941df1715a768c51ad8f5/screenshot - {}
RESULT: {"text":"221"}
COMMAND: GET /session/85be7df00c2941df1715a768c51ad8f5/screenshot - {}
RESULT: {}
RESULT: {}
COMMAND: POST /session/85be7df00c2941df1715a768c51ad8f5/element - {"using":"xpath","value":"//li[.//span[text()='221']]"}
RESULT: {"using":"xpath","value":"//li[.//span[text()='221']]"}
COMMAND: POST /session/85be7df00c2941df1715a768c51ad8f5/element/f.5D121FC7909F200889B59C01A2F655FF.d.584A9419BD8CDAD04CC19D183EAC660D.e.9731/click - {}
RESULT: {}
COMMAND: GET /session/85be7df00c2941df1715a768c51ad8f5/screenshot - {}
RESULT: {}
COMMAND: POST /session/85be7df00c2941df1715a768c51ad8f5/execute/async - {"script":"<script> [1562 bytes]","args":[{"selector":{"id":"application-managehandovers-display-component---AddNewHO--ObjectPageLayout-anchBar-application-managehandovers-display-component---AddNewHO--section4-anchor","interaction":{"idSuffix":"BDI-content"}},"wdio_ui5_key":"applicationmanagehandovers-display-component---AddNewHO--ObjectPageLayout-anchBar-application-managehandovers-display-component---AddNewHO--section4-anchor"}]}
RESULT: {"script":"<script> [1562 bytes]","args":[{"selector":{"id":"application-managehandovers-display-component---AddNewHO--ObjectPageLayout-anchBar-application-managehandovers-display-component---AddNewHO--section4-anchor","interaction":{"idSuffix":"BDI-content"}},"wdio_ui5_key":"applicationmanagehandovers-display-component---AddNewHO--ObjectPageLayout-anchBar-application-managehandovers-display-component---AddNewHO--section4-anchor"}]}
RESULT: undefined
COMMAND: POST /session/85be7df00c2941df1715a768c51ad8f5/element - {"using":"xpath","value":"//*[@id=\"application-managehandovers-display-component---AddNewHO--ObjectPageLayout-anchBar-application-managehandovers-display-component---AddNewHO--section4-anchor\"]"}
RESULT: {"using":"xpath","value":"//*[@id=\"application-managehandovers-display-component---AddNewHO--ObjectPageLayout-anchBar-application-managehandovers-display-component---AddNewHO--section4-anchor\"]"}
COMMAND: POST /session/85be7df00c2941df1715a768c51ad8f5/element/f.5D121FC7909F200889B59C01A2F655FF.d.584A9419BD8CDAD04CC19D183EAC660D.e.9733/click - {}
RESULT: {}
COMMAND: POST /session/85be7df00c2941df1715a768c51ad8f5/element - {"using":"xpath","value":"//button[@aria-label=\"Add\"]"}
COMMAND: GET /session/85be7df00c2941df1715a768c51ad8f5/screenshot - {}
RESULT: {"using":"xpath","value":"//button[@aria-label=\"Add\"]"}
COMMAND: POST /session/85be7df00c2941df1715a768c51ad8f5/element/f.5D121FC7909F200889B59C01A2F655FF.d.584A9419BD8CDAD04CC19D183EAC660D.e.9735/click - {}
RESULT: {}
RESULT: {}
COMMAND: GET /session/85be7df00c2941df1715a768c51ad8f5/screenshot - {}
RESULT: {}
COMMAND: POST /session/85be7df00c2941df1715a768c51ad8f5/execute/async - {"script":"<script> [1562 bytes]","args":[{"selector":{"id":"application-managehandovers-display-component---AddNewHO--smartFilterBar-btnBasicSearch","searchOpenDialogs":true,"interaction":{"idSuffix":"I"}},"wdio_ui5_key":"applicationmanagehandovers-display-component---AddNewHO--smartFilterBar-btnBasicSearch"}]}
RESULT: {"script":"<script> [1562 bytes]","args":[{"selector":{"id":"application-managehandovers-display-component---AddNewHO--smartFilterBar-btnBasicSearch","searchOpenDialogs":true,"interaction":{"idSuffix":"I"}},"wdio_ui5_key":"applicationmanagehandovers-display-component---AddNewHO--smartFilterBar-btnBasicSearch"}]}
RESULT: undefined
COMMAND: POST /session/85be7df00c2941df1715a768c51ad8f5/execute/async - {"script":"<script> [776 bytes]","args":[{"enterText":"200092","selector":{"id":"application-managehandovers-display-component---AddNewHO--smartFilterBar-btnBasicSearch","searchOpenDialogs":true,"interaction":{"idSuffix":"I"}},"clearTextFirst":true,"interactionType":"ENTER_TEXT"}]}
RESULT: {"script":"<script> [776 bytes]","args":[{"enterText":"200092","selector":{"id":"application-managehandovers-display-component---AddNewHO--smartFilterBar-btnBasicSearch","searchOpenDialogs":true,"interaction":{"idSuffix":"I"}},"clearTextFirst":true,"interactionType":"ENTER_TEXT"}]}
COMMAND: POST /session/85be7df00c2941df1715a768c51ad8f5/actions - {"actions":[{"id":"action33","type":"key","parameters":{},"actions":[{"type":"keyDown","value":""},{"type":"pause","duration":10},{"type":"keyUp","value":""}]}]}
RESULT: {"actions":[{"id":"action33","type":"key","parameters":{},"actions":[{"type":"keyDown","value":""},{"type":"pause","duration":10},{"type":"keyUp","value":""}]}]}
COMMAND: GET /session/85be7df00c2941df1715a768c51ad8f5/screenshot - {}
RESULT: {}
COMMAND: POST /session/85be7df00c2941df1715a768c51ad8f5/execute/async - {"script":"<script> [1562 bytes]","args":[{"selector":{"id":"application-managehandovers-display-component---AddNewHO--popup-sa","searchOpenDialogs":true,"interaction":{"idSuffix":"CbBg"}},"wdio_ui5_key":"applicationmanagehandovers-display-component---AddNewHO--popup-sa"}]}
RESULT: {"script":"<script> [1562 bytes]","args":[{"selector":{"id":"application-managehandovers-display-component---AddNewHO--popup-sa","searchOpenDialogs":true,"interaction":{"idSuffix":"CbBg"}},"wdio_ui5_key":"applicationmanagehandovers-display-component---AddNewHO--popup-sa"}]}
RESULT: undefined
COMMAND: POST /session/85be7df00c2941df1715a768c51ad8f5/element - {"using":"xpath","value":"//*[@id=\"application-managehandovers-display-component---AddNewHO--popup-sa\"]"}
RESULT: {"using":"xpath","value":"//*[@id=\"application-managehandovers-display-component---AddNewHO--popup-sa\"]"}
COMMAND: POST /session/85be7df00c2941df1715a768c51ad8f5/element/f.5D121FC7909F200889B59C01A2F655FF.d.584A9419BD8CDAD04CC19D183EAC660D.e.9889/click - {}
RESULT: {}
COMMAND: GET /session/85be7df00c2941df1715a768c51ad8f5/screenshot - {}
RESULT: {}
COMMAND: POST /session/85be7df00c2941df1715a768c51ad8f5/element - {"using":"xpath","value":"//bdi[contains(text(), \"Select\")]"}
RESULT: {"using":"xpath","value":"//bdi[contains(text(), \"Select\")]"}
COMMAND: POST /session/85be7df00c2941df1715a768c51ad8f5/element/f.5D121FC7909F200889B59C01A2F655FF.d.584A9419BD8CDAD04CC19D183EAC660D.e.9890/click - {}
RESULT: {}
COMMAND: GET /session/85be7df00c2941df1715a768c51ad8f5/screenshot - {}
RESULT: {}
COMMAND: POST /session/85be7df00c2941df1715a768c51ad8f5/element - {"using":"xpath","value":"//button[@data-kt=\"AddNewHOSaveButton\"]"}
RESULT: {"using":"xpath","value":"//button[@data-kt=\"AddNewHOSaveButton\"]"}
COMMAND: POST /session/85be7df00c2941df1715a768c51ad8f5/element/f.5D121FC7909F200889B59C01A2F655FF.d.584A9419BD8CDAD04CC19D183EAC660D.e.9894/click - {}
RESULT: {}
COMMAND: GET /session/85be7df00c2941df1715a768c51ad8f5/screenshot - {}
COMMAND: POST /session/85be7df00c2941df1715a768c51ad8f5/execute/async - {"script":"<script> [1562 bytes]","args":[{"selector":{"id":"receiptDatePicker","viewName":"etm.portal.ui.managehandovers.view.DetailExecuteHO","interaction":{"idSuffix":"inner"}},"wdio_ui5_key":"receiptDatePickeretmportal.ui.managehandovers.view.DetailExecuteHO"}]}
RESULT: {}
RESULT: {"script":"<script> [1562 bytes]","args":[{"selector":{"id":"receiptDatePicker","viewName":"etm.portal.ui.managehandovers.view.DetailExecuteHO","interaction":{"idSuffix":"inner"}},"wdio_ui5_key":"receiptDatePickeretmportal.ui.managehandovers.view.DetailExecuteHO"}]}
RESULT: undefined
COMMAND: POST /session/85be7df00c2941df1715a768c51ad8f5/execute/async - {"script":"<script> [6424 bytes]","args":[{"element-6066-11e4-a52e-4f735466cecf":"f.5D121FC7909F200889B59C01A2F655FF.d.584A9419BD8CDAD04CC19D183EAC660D.e.9924"},"setValue",["5/23/25"]]}
RESULT: {"script":"<script> [6424 bytes]","args":[{"element-6066-11e4-a52e-4f735466cecf":"f.5D121FC7909F200889B59C01A2F655FF.d.584A9419BD8CDAD04CC19D183EAC660D.e.9924"},"setValue",["5/23/25"]]}
COMMAND: POST /session/85be7df00c2941df1715a768c51ad8f5/element - {"using":"xpath","value":"//button[@data-kt=\"ReceivingTableConfirmAllButton\"]"}
RESULT: {"using":"xpath","value":"//button[@data-kt=\"ReceivingTableConfirmAllButton\"]"}
COMMAND: POST /session/85be7df00c2941df1715a768c51ad8f5/element/f.5D121FC7909F200889B59C01A2F655FF.d.584A9419BD8CDAD04CC19D183EAC660D.e.9941/click - {}
RESULT: {}
COMMAND: GET /session/85be7df00c2941df1715a768c51ad8f5/screenshot - {}
RESULT: {}
COMMAND: POST /session/85be7df00c2941df1715a768c51ad8f5/element - {"using":"xpath","value":"//bdi[contains(text(), \"OK\")]"}
RESULT: {"using":"xpath","value":"//bdi[contains(text(), \"OK\")]"}
COMMAND: POST /session/85be7df00c2941df1715a768c51ad8f5/element/f.5D121FC7909F200889B59C01A2F655FF.d.584A9419BD8CDAD04CC19D183EAC660D.e.9943/click - {}
RESULT: {}
COMMAND: GET /session/85be7df00c2941df1715a768c51ad8f5/screenshot - {}
RESULT: {}
COMMAND: POST /session/85be7df00c2941df1715a768c51ad8f5/element - {"using":"xpath","value":"(//bdi[contains(text(), \"Receive\")])[2]"}
RESULT: {"using":"xpath","value":"(//bdi[contains(text(), \"Receive\")])[2]"}
COMMAND: POST /session/85be7df00c2941df1715a768c51ad8f5/element/f.5D121FC7909F200889B59C01A2F655FF.d.584A9419BD8CDAD04CC19D183EAC660D.e.9945/click - {}
RESULT: {}
COMMAND: GET /session/85be7df00c2941df1715a768c51ad8f5/screenshot - {}
RESULT: {}
COMMAND: POST /session/85be7df00c2941df1715a768c51ad8f5/element - {"using":"css selector","value":"#shell-header-logo"}
RESULT: {"using":"css selector","value":"#shell-header-logo"}
COMMAND: POST /session/85be7df00c2941df1715a768c51ad8f5/element/f.5D121FC7909F200889B59C01A2F655FF.d.584A9419BD8CDAD04CC19D183EAC660D.e.9328/click - {}
RESULT: {}
COMMAND: GET /session/85be7df00c2941df1715a768c51ad8f5/screenshot - {}
RESULT: {}
]]></system-out>
    </testcase>
    <testcase classname="chrome.136_0_7103_93.windows.Provide_to_Site_w/_warehouse_management_wo_clarification" name="Should create a new contract" time="62.709">
      <system-out><![CDATA[
COMMAND: POST /session/85be7df00c2941df1715a768c51ad8f5/execute/async - {"script":"<script> [1562 bytes]","args":[{"selector":{"controlType":"sap.m.GenericTile","properties":{"header":"Manage Contracts"}},"wdio_ui5_key":"sapm.GenericTile{\"header\":\"Manage Contracts\"}"}]}
RESULT: {"script":"<script> [1562 bytes]","args":[{"selector":{"controlType":"sap.m.GenericTile","properties":{"header":"Manage Contracts"}},"wdio_ui5_key":"sapm.GenericTile{\"header\":\"Manage Contracts\"}"}]}
RESULT: undefined
COMMAND: POST /session/85be7df00c2941df1715a768c51ad8f5/element - {"using":"xpath","value":"//*[@id=\"__tile130\"]"}
RESULT: {"using":"xpath","value":"//*[@id=\"__tile130\"]"}
COMMAND: POST /session/85be7df00c2941df1715a768c51ad8f5/element/f.5D121FC7909F200889B59C01A2F655FF.d.584A9419BD8CDAD04CC19D183EAC660D.e.8636/click - {}
RESULT: {}
COMMAND: GET /session/85be7df00c2941df1715a768c51ad8f5/screenshot - {}
RESULT: {}
COMMAND: POST /session/85be7df00c2941df1715a768c51ad8f5/elements - {"using":"xpath","value":"//span[text()='Error']"}
RESULT: {"using":"xpath","value":"//span[text()='Error']"}
COMMAND: POST /session/85be7df00c2941df1715a768c51ad8f5/element - {"using":"xpath","value":"//button[@data-kt=\"addButton\"]"}
RESULT: {"using":"xpath","value":"//button[@data-kt=\"addButton\"]"}
COMMAND: POST /session/85be7df00c2941df1715a768c51ad8f5/elements - {"using":"xpath","value":"//button[@data-kt=\"addButton\"]"}
RESULT: {"using":"xpath","value":"//button[@data-kt=\"addButton\"]"}
COMMAND: POST /session/85be7df00c2941df1715a768c51ad8f5/execute/sync - {"script":"<script> [8489 bytes]","args":[{"element-6066-11e4-a52e-4f735466cecf":"f.5D121FC7909F200889B59C01A2F655FF.d.584A9419BD8CDAD04CC19D183EAC660D.e.10161","ELEMENT":"f.5D121FC7909F200889B59C01A2F655FF.d.584A9419BD8CDAD04CC19D183EAC660D.e.10161"}]}
RESULT: {"script":"<script> [8489 bytes]","args":[{"element-6066-11e4-a52e-4f735466cecf":"f.5D121FC7909F200889B59C01A2F655FF.d.584A9419BD8CDAD04CC19D183EAC660D.e.10161","ELEMENT":"f.5D121FC7909F200889B59C01A2F655FF.d.584A9419BD8CDAD04CC19D183EAC660D.e.10161"}]}
COMMAND: GET /session/85be7df00c2941df1715a768c51ad8f5/element/f.5D121FC7909F200889B59C01A2F655FF.d.584A9419BD8CDAD04CC19D183EAC660D.e.10161/enabled - {}
COMMAND: GET /session/85be7df00c2941df1715a768c51ad8f5/screenshot - {}
RESULT: {}
COMMAND: POST /session/85be7df00c2941df1715a768c51ad8f5/execute/sync - {"script":"<script> [8489 bytes]","args":[{"element-6066-11e4-a52e-4f735466cecf":"f.5D121FC7909F200889B59C01A2F655FF.d.584A9419BD8CDAD04CC19D183EAC660D.e.10161","ELEMENT":"f.5D121FC7909F200889B59C01A2F655FF.d.584A9419BD8CDAD04CC19D183EAC660D.e.10161"}]}
COMMAND: GET /session/85be7df00c2941df1715a768c51ad8f5/screenshot - {}
RESULT: {}
RESULT: {"script":"<script> [8489 bytes]","args":[{"element-6066-11e4-a52e-4f735466cecf":"f.5D121FC7909F200889B59C01A2F655FF.d.584A9419BD8CDAD04CC19D183EAC660D.e.10161","ELEMENT":"f.5D121FC7909F200889B59C01A2F655FF.d.584A9419BD8CDAD04CC19D183EAC660D.e.10161"}]}
COMMAND: POST /session/85be7df00c2941df1715a768c51ad8f5/execute/sync - {"script":"<script> [5351 bytes]","args":[{"element-6066-11e4-a52e-4f735466cecf":"f.5D121FC7909F200889B59C01A2F655FF.d.584A9419BD8CDAD04CC19D183EAC660D.e.10161","ELEMENT":"f.5D121FC7909F200889B59C01A2F655FF.d.584A9419BD8CDAD04CC19D183EAC660D.e.10161"}]}
COMMAND: GET /session/85be7df00c2941df1715a768c51ad8f5/screenshot - {}
RESULT: {}
RESULT: {"script":"<script> [5351 bytes]","args":[{"element-6066-11e4-a52e-4f735466cecf":"f.5D121FC7909F200889B59C01A2F655FF.d.584A9419BD8CDAD04CC19D183EAC660D.e.10161","ELEMENT":"f.5D121FC7909F200889B59C01A2F655FF.d.584A9419BD8CDAD04CC19D183EAC660D.e.10161"}]}
COMMAND: GET /session/85be7df00c2941df1715a768c51ad8f5/screenshot - {}
RESULT: {}
RESULT: {}
COMMAND: POST /session/85be7df00c2941df1715a768c51ad8f5/element/f.5D121FC7909F200889B59C01A2F655FF.d.584A9419BD8CDAD04CC19D183EAC660D.e.10161/click - {}
RESULT: {}
COMMAND: GET /session/85be7df00c2941df1715a768c51ad8f5/screenshot - {}
COMMAND: POST /session/85be7df00c2941df1715a768c51ad8f5/execute/async - {"script":"<script> [1562 bytes]","args":[{"selector":{"id":"application-managecontracts-display-component---AddNewContract--projectDescription","interaction":{"idSuffix":"inner"}},"wdio_ui5_key":"applicationmanagecontracts-display-component---AddNewContract--projectDescription"}]}
RESULT: {}
RESULT: {"script":"<script> [1562 bytes]","args":[{"selector":{"id":"application-managecontracts-display-component---AddNewContract--projectDescription","interaction":{"idSuffix":"inner"}},"wdio_ui5_key":"applicationmanagecontracts-display-component---AddNewContract--projectDescription"}]}
RESULT: undefined
COMMAND: POST /session/85be7df00c2941df1715a768c51ad8f5/execute/async - {"script":"<script> [776 bytes]","args":[{"enterText":"Contract WDIO","selector":{"id":"application-managecontracts-display-component---AddNewContract--projectDescription","interaction":{"idSuffix":"inner"}},"clearTextFirst":true,"interactionType":"ENTER_TEXT"}]}
RESULT: {"script":"<script> [776 bytes]","args":[{"enterText":"Contract WDIO","selector":{"id":"application-managecontracts-display-component---AddNewContract--projectDescription","interaction":{"idSuffix":"inner"}},"clearTextFirst":true,"interactionType":"ENTER_TEXT"}]}
COMMAND: POST /session/85be7df00c2941df1715a768c51ad8f5/element - {"using":"xpath","value":"//input[@id=\"application-managecontracts-display-component---AddNewContract--site-inner\"]"}
RESULT: {"using":"xpath","value":"//input[@id=\"application-managecontracts-display-component---AddNewContract--site-inner\"]"}
COMMAND: POST /session/85be7df00c2941df1715a768c51ad8f5/element/f.5D121FC7909F200889B59C01A2F655FF.d.584A9419BD8CDAD04CC19D183EAC660D.e.10479/clear - {}
RESULT: {}
COMMAND: POST /session/85be7df00c2941df1715a768c51ad8f5/element/f.5D121FC7909F200889B59C01A2F655FF.d.584A9419BD8CDAD04CC19D183EAC660D.e.10479/value - {"text":"2074"}
COMMAND: GET /session/85be7df00c2941df1715a768c51ad8f5/screenshot - {}
RESULT: {"text":"2074"}
COMMAND: GET /session/85be7df00c2941df1715a768c51ad8f5/screenshot - {}
RESULT: {}
RESULT: {}
COMMAND: POST /session/85be7df00c2941df1715a768c51ad8f5/element - {"using":"xpath","value":"//li[.//span[text()='2074']]"}
RESULT: {"using":"xpath","value":"//li[.//span[text()='2074']]"}
COMMAND: POST /session/85be7df00c2941df1715a768c51ad8f5/element/f.5D121FC7909F200889B59C01A2F655FF.d.584A9419BD8CDAD04CC19D183EAC660D.e.10561/click - {}
RESULT: {}
COMMAND: GET /session/85be7df00c2941df1715a768c51ad8f5/screenshot - {}
RESULT: {}
COMMAND: POST /session/85be7df00c2941df1715a768c51ad8f5/element - {"using":"xpath","value":"//input[@id=\"application-managecontracts-display-component---AddNewContract--yardId-inner\"]"}
RESULT: {"using":"xpath","value":"//input[@id=\"application-managecontracts-display-component---AddNewContract--yardId-inner\"]"}
COMMAND: GET /session/85be7df00c2941df1715a768c51ad8f5/element/f.5D121FC7909F200889B59C01A2F655FF.d.584A9419BD8CDAD04CC19D183EAC660D.e.10480/property/value - {}
RESULT: {}
COMMAND: POST /session/85be7df00c2941df1715a768c51ad8f5/element - {"using":"xpath","value":"//input[@id=\"application-managecontracts-display-component---AddNewContract--customerSelect-inner\"]"}
COMMAND: GET /session/85be7df00c2941df1715a768c51ad8f5/screenshot - {}
RESULT: {"using":"xpath","value":"//input[@id=\"application-managecontracts-display-component---AddNewContract--customerSelect-inner\"]"}
COMMAND: POST /session/85be7df00c2941df1715a768c51ad8f5/element/f.5D121FC7909F200889B59C01A2F655FF.d.584A9419BD8CDAD04CC19D183EAC660D.e.10478/clear - {}
RESULT: {}
RESULT: {}
COMMAND: POST /session/85be7df00c2941df1715a768c51ad8f5/element/f.5D121FC7909F200889B59C01A2F655FF.d.584A9419BD8CDAD04CC19D183EAC660D.e.10478/value - {"text":"1074"}
COMMAND: GET /session/85be7df00c2941df1715a768c51ad8f5/screenshot - {}
RESULT: {"text":"1074"}
COMMAND: GET /session/85be7df00c2941df1715a768c51ad8f5/screenshot - {}
RESULT: {}
RESULT: {}
COMMAND: POST /session/85be7df00c2941df1715a768c51ad8f5/element - {"using":"xpath","value":"//li[.//span[text()='1074']]"}
RESULT: {"using":"xpath","value":"//li[.//span[text()='1074']]"}
COMMAND: POST /session/85be7df00c2941df1715a768c51ad8f5/element/f.5D121FC7909F200889B59C01A2F655FF.d.584A9419BD8CDAD04CC19D183EAC660D.e.10564/click - {}
RESULT: {}
COMMAND: GET /session/85be7df00c2941df1715a768c51ad8f5/screenshot - {}
RESULT: {}
COMMAND: POST /session/85be7df00c2941df1715a768c51ad8f5/element - {"using":"xpath","value":"//button[@data-kt=\"saveButton\"]"}
RESULT: {"using":"xpath","value":"//button[@data-kt=\"saveButton\"]"}
COMMAND: POST /session/85be7df00c2941df1715a768c51ad8f5/element/f.5D121FC7909F200889B59C01A2F655FF.d.584A9419BD8CDAD04CC19D183EAC660D.e.10554/click - {}
RESULT: {}
COMMAND: GET /session/85be7df00c2941df1715a768c51ad8f5/screenshot - {}
RESULT: {}
COMMAND: POST /session/85be7df00c2941df1715a768c51ad8f5/element - {"using":"xpath","value":"//span[contains(@id ,\"contractDetailTitleNoExpanded\")]"}
RESULT: {"using":"xpath","value":"//span[contains(@id ,\"contractDetailTitleNoExpanded\")]"}
COMMAND: POST /session/85be7df00c2941df1715a768c51ad8f5/elements - {"using":"xpath","value":"//span[contains(@id ,\"contractDetailTitleNoExpanded\")]"}
RESULT: {"using":"xpath","value":"//span[contains(@id ,\"contractDetailTitleNoExpanded\")]"}
COMMAND: POST /session/85be7df00c2941df1715a768c51ad8f5/execute/sync - {"script":"<script> [56 bytes]","args":[{"element-6066-11e4-a52e-4f735466cecf":"f.5D121FC7909F200889B59C01A2F655FF.d.584A9419BD8CDAD04CC19D183EAC660D.e.10636","ELEMENT":"f.5D121FC7909F200889B59C01A2F655FF.d.584A9419BD8CDAD04CC19D183EAC660D.e.10636"}]}
RESULT: {"script":"<script> [56 bytes]","args":[{"element-6066-11e4-a52e-4f735466cecf":"f.5D121FC7909F200889B59C01A2F655FF.d.584A9419BD8CDAD04CC19D183EAC660D.e.10636","ELEMENT":"f.5D121FC7909F200889B59C01A2F655FF.d.584A9419BD8CDAD04CC19D183EAC660D.e.10636"}]}
COMMAND: GET /session/85be7df00c2941df1715a768c51ad8f5/screenshot - {}
RESULT: {}
]]></system-out>
    </testcase>
    <testcase classname="chrome.136_0_7103_93.windows.Provide_to_Site_w/_warehouse_management_wo_clarification" name="Should add equipment to the contract" time="57.675">
      <system-out><![CDATA[
COMMAND: POST /session/85be7df00c2941df1715a768c51ad8f5/element - {"using":"xpath","value":"//button[@data-kt=\"contractDetailEditBtnButton\"]"}
RESULT: {"using":"xpath","value":"//button[@data-kt=\"contractDetailEditBtnButton\"]"}
COMMAND: POST /session/85be7df00c2941df1715a768c51ad8f5/element/f.5D121FC7909F200889B59C01A2F655FF.d.584A9419BD8CDAD04CC19D183EAC660D.e.10637/click - {}
RESULT: {}
COMMAND: GET /session/85be7df00c2941df1715a768c51ad8f5/screenshot - {}
RESULT: {}
COMMAND: POST /session/85be7df00c2941df1715a768c51ad8f5/element - {"using":"xpath","value":"(//span[contains(text(), \"Additional Addresses\")])[2]"}
RESULT: {"using":"xpath","value":"(//span[contains(text(), \"Additional Addresses\")])[2]"}
COMMAND: POST /session/85be7df00c2941df1715a768c51ad8f5/element/f.5D121FC7909F200889B59C01A2F655FF.d.584A9419BD8CDAD04CC19D183EAC660D.e.10692/click - {}
RESULT: {}
COMMAND: GET /session/85be7df00c2941df1715a768c51ad8f5/screenshot - {}
RESULT: {}
COMMAND: POST /session/85be7df00c2941df1715a768c51ad8f5/element - {"using":"xpath","value":"//button[@data-kt=\"btnAddTableRowOverflowToolbarButton\"]"}
RESULT: {"using":"xpath","value":"//button[@data-kt=\"btnAddTableRowOverflowToolbarButton\"]"}
COMMAND: POST /session/85be7df00c2941df1715a768c51ad8f5/element/f.5D121FC7909F200889B59C01A2F655FF.d.584A9419BD8CDAD04CC19D183EAC660D.e.10694/click - {}
RESULT: {}
COMMAND: GET /session/85be7df00c2941df1715a768c51ad8f5/screenshot - {}
RESULT: {}
COMMAND: POST /session/85be7df00c2941df1715a768c51ad8f5/element - {"using":"xpath","value":"//div[(text() = 'Standard Entry' or . = 'Standard Entry')]"}
RESULT: {"using":"xpath","value":"//div[(text() = 'Standard Entry' or . = 'Standard Entry')]"}
COMMAND: POST /session/85be7df00c2941df1715a768c51ad8f5/element/f.5D121FC7909F200889B59C01A2F655FF.d.584A9419BD8CDAD04CC19D183EAC660D.e.10696/click - {}
RESULT: {}
COMMAND: GET /session/85be7df00c2941df1715a768c51ad8f5/screenshot - {}
RESULT: {}
COMMAND: POST /session/85be7df00c2941df1715a768c51ad8f5/element - {"using":"xpath","value":"//td[6]/div/div/div/span"}
RESULT: {"using":"xpath","value":"//td[6]/div/div/div/span"}
COMMAND: POST /session/85be7df00c2941df1715a768c51ad8f5/element/f.5D121FC7909F200889B59C01A2F655FF.d.584A9419BD8CDAD04CC19D183EAC660D.e.10708/click - {}
RESULT: {}
COMMAND: GET /session/85be7df00c2941df1715a768c51ad8f5/screenshot - {}
RESULT: {}
COMMAND: POST /session/85be7df00c2941df1715a768c51ad8f5/element - {"using":"xpath","value":"(//span[contains(text(), \"Material\")])"}
RESULT: {"using":"xpath","value":"(//span[contains(text(), \"Material\")])"}
COMMAND: POST /session/85be7df00c2941df1715a768c51ad8f5/element/f.5D121FC7909F200889B59C01A2F655FF.d.584A9419BD8CDAD04CC19D183EAC660D.e.10709/click - {}
RESULT: {}
COMMAND: GET /session/85be7df00c2941df1715a768c51ad8f5/screenshot - {}
RESULT: {}
COMMAND: POST /session/85be7df00c2941df1715a768c51ad8f5/element - {"using":"xpath","value":"//td[7]/div/div/input"}
RESULT: {"using":"xpath","value":"//td[7]/div/div/input"}
COMMAND: POST /session/85be7df00c2941df1715a768c51ad8f5/element/f.5D121FC7909F200889B59C01A2F655FF.d.584A9419BD8CDAD04CC19D183EAC660D.e.10713/clear - {}
RESULT: {}
COMMAND: POST /session/85be7df00c2941df1715a768c51ad8f5/element/f.5D121FC7909F200889B59C01A2F655FF.d.584A9419BD8CDAD04CC19D183EAC660D.e.10713/value - {"text":"200092"}
COMMAND: GET /session/85be7df00c2941df1715a768c51ad8f5/screenshot - {}
RESULT: {"text":"200092"}
COMMAND: GET /session/85be7df00c2941df1715a768c51ad8f5/screenshot - {}
RESULT: {}
RESULT: {}
COMMAND: POST /session/85be7df00c2941df1715a768c51ad8f5/actions - {"actions":[{"id":"action34","type":"key","parameters":{},"actions":[{"type":"keyDown","value":""},{"type":"pause","duration":10},{"type":"keyUp","value":""}]}]}
RESULT: {"actions":[{"id":"action34","type":"key","parameters":{},"actions":[{"type":"keyDown","value":""},{"type":"pause","duration":10},{"type":"keyUp","value":""}]}]}
COMMAND: GET /session/85be7df00c2941df1715a768c51ad8f5/screenshot - {}
RESULT: {}
COMMAND: POST /session/85be7df00c2941df1715a768c51ad8f5/execute/sync - {"script":"<script> [276 bytes]","args":["No pricing information was found"]}
RESULT: {"script":"<script> [276 bytes]","args":["No pricing information was found"]}
COMMAND: POST /session/85be7df00c2941df1715a768c51ad8f5/element - {"using":"xpath","value":"//bdi[contains(text(), \"OK\")]"}
COMMAND: GET /session/85be7df00c2941df1715a768c51ad8f5/screenshot - {}
RESULT: {"using":"xpath","value":"//bdi[contains(text(), \"OK\")]"}
COMMAND: POST /session/85be7df00c2941df1715a768c51ad8f5/element/f.5D121FC7909F200889B59C01A2F655FF.d.584A9419BD8CDAD04CC19D183EAC660D.e.10739/click - {}
RESULT: {}
RESULT: {}
COMMAND: GET /session/85be7df00c2941df1715a768c51ad8f5/screenshot - {}
RESULT: {}
COMMAND: POST /session/85be7df00c2941df1715a768c51ad8f5/element - {"using":"xpath","value":"(//button[@data-kt=\"saveButton\"])[2]"}
RESULT: {"using":"xpath","value":"(//button[@data-kt=\"saveButton\"])[2]"}
COMMAND: POST /session/85be7df00c2941df1715a768c51ad8f5/element/f.5D121FC7909F200889B59C01A2F655FF.d.584A9419BD8CDAD04CC19D183EAC660D.e.10740/click - {}
RESULT: {}
COMMAND: GET /session/85be7df00c2941df1715a768c51ad8f5/screenshot - {}
RESULT: {}
COMMAND: POST /session/85be7df00c2941df1715a768c51ad8f5/execute/sync - {"script":"<script> [276 bytes]","args":["Some contract items are having rental validity exceeding header rental validity"]}
RESULT: {"script":"<script> [276 bytes]","args":["Some contract items are having rental validity exceeding header rental validity"]}
COMMAND: GET /session/85be7df00c2941df1715a768c51ad8f5/screenshot - {}
RESULT: {}
COMMAND: POST /session/85be7df00c2941df1715a768c51ad8f5/element - {"using":"xpath","value":"//span[contains(@id ,\"contractItemsSmartTable-header-inner\")]"}
RESULT: {"using":"xpath","value":"//span[contains(@id ,\"contractItemsSmartTable-header-inner\")]"}
COMMAND: POST /session/85be7df00c2941df1715a768c51ad8f5/elements - {"using":"xpath","value":"//span[contains(@id ,\"contractItemsSmartTable-header-inner\")]"}
RESULT: {"using":"xpath","value":"//span[contains(@id ,\"contractItemsSmartTable-header-inner\")]"}
COMMAND: POST /session/85be7df00c2941df1715a768c51ad8f5/execute/sync - {"script":"<script> [56 bytes]","args":[{"element-6066-11e4-a52e-4f735466cecf":"f.5D121FC7909F200889B59C01A2F655FF.d.584A9419BD8CDAD04CC19D183EAC660D.e.10744","ELEMENT":"f.5D121FC7909F200889B59C01A2F655FF.d.584A9419BD8CDAD04CC19D183EAC660D.e.10744"}]}
RESULT: {"script":"<script> [56 bytes]","args":[{"element-6066-11e4-a52e-4f735466cecf":"f.5D121FC7909F200889B59C01A2F655FF.d.584A9419BD8CDAD04CC19D183EAC660D.e.10744","ELEMENT":"f.5D121FC7909F200889B59C01A2F655FF.d.584A9419BD8CDAD04CC19D183EAC660D.e.10744"}]}
COMMAND: GET /session/85be7df00c2941df1715a768c51ad8f5/screenshot - {}
]]></system-out>
    </testcase>
    <testcase classname="chrome.136_0_7103_93.windows.Provide_to_Site_w/_warehouse_management_wo_clarification" name="Should provide to site" time="47.707">
      <system-out><![CDATA[
COMMAND: POST /session/85be7df00c2941df1715a768c51ad8f5/element - {"using":"xpath","value":"//button[@data-kt=\"provideButton\"]"}
RESULT: {}
RESULT: {"using":"xpath","value":"//button[@data-kt=\"provideButton\"]"}
COMMAND: POST /session/85be7df00c2941df1715a768c51ad8f5/element/f.5D121FC7909F200889B59C01A2F655FF.d.584A9419BD8CDAD04CC19D183EAC660D.e.10745/click - {}
RESULT: {}
COMMAND: GET /session/85be7df00c2941df1715a768c51ad8f5/screenshot - {}
RESULT: undefined
COMMAND: POST /session/85be7df00c2941df1715a768c51ad8f5/execute/async - {"script":"<script> [6424 bytes]","args":[{"element-6066-11e4-a52e-4f735466cecf":"f.5D121FC7909F200889B59C01A2F655FF.d.584A9419BD8CDAD04CC19D183EAC660D.e.9709"},"setValue",["05/23/25"]]}
RESULT: {}
COMMAND: POST /session/85be7df00c2941df1715a768c51ad8f5/execute/async - {"script":"<script> [1562 bytes]","args":[{"selector":{"id":"application-managehandovers-display-component---AddNewHO--dueDate","interaction":{"idSuffix":"inner"}},"wdio_ui5_key":"applicationmanagehandovers-display-component---AddNewHO--dueDate"}]}
RESULT: {"script":"<script> [1562 bytes]","args":[{"selector":{"id":"application-managehandovers-display-component---AddNewHO--dueDate","interaction":{"idSuffix":"inner"}},"wdio_ui5_key":"applicationmanagehandovers-display-component---AddNewHO--dueDate"}]}
COMMAND: POST /session/85be7df00c2941df1715a768c51ad8f5/execute/async - {"script":"<script> [6424 bytes]","args":[{"element-6066-11e4-a52e-4f735466cecf":"f.5D121FC7909F200889B59C01A2F655FF.d.584A9419BD8CDAD04CC19D183EAC660D.e.10821"},"setValue",["05/23/25"]]}
RESULT: {"script":"<script> [6424 bytes]","args":[{"element-6066-11e4-a52e-4f735466cecf":"f.5D121FC7909F200889B59C01A2F655FF.d.584A9419BD8CDAD04CC19D183EAC660D.e.10821"},"setValue",["05/23/25"]]}
COMMAND: POST /session/85be7df00c2941df1715a768c51ad8f5/element - {"using":"xpath","value":"//bdi[contains(text(), \"Instructions\")]"}
RESULT: {"using":"xpath","value":"//bdi[contains(text(), \"Instructions\")]"}
COMMAND: POST /session/85be7df00c2941df1715a768c51ad8f5/element/f.5D121FC7909F200889B59C01A2F655FF.d.584A9419BD8CDAD04CC19D183EAC660D.e.11082/click - {}
RESULT: {}
COMMAND: GET /session/85be7df00c2941df1715a768c51ad8f5/screenshot - {}
RESULT: {}
COMMAND: POST /session/85be7df00c2941df1715a768c51ad8f5/element - {"using":"xpath","value":"//button[@data-kt=\"AddNewHOProvideAddItemsButton\"]"}
RESULT: {"using":"xpath","value":"//button[@data-kt=\"AddNewHOProvideAddItemsButton\"]"}
COMMAND: POST /session/85be7df00c2941df1715a768c51ad8f5/element/f.5D121FC7909F200889B59C01A2F655FF.d.584A9419BD8CDAD04CC19D183EAC660D.e.11086/click - {}
RESULT: {}
COMMAND: GET /session/85be7df00c2941df1715a768c51ad8f5/screenshot - {}
RESULT: {}
RESULT: undefined
COMMAND: POST /session/85be7df00c2941df1715a768c51ad8f5/element - {"using":"xpath","value":"//*[@id=\"application-managehandovers-display-component---AddNewHO--popup-sa\"]"}
RESULT: {"using":"xpath","value":"//*[@id=\"application-managehandovers-display-component---AddNewHO--popup-sa\"]"}
COMMAND: POST /session/85be7df00c2941df1715a768c51ad8f5/element/f.5D121FC7909F200889B59C01A2F655FF.d.584A9419BD8CDAD04CC19D183EAC660D.e.11095/click - {}
RESULT: {}
COMMAND: GET /session/85be7df00c2941df1715a768c51ad8f5/screenshot - {}
RESULT: {}
COMMAND: POST /session/85be7df00c2941df1715a768c51ad8f5/element - {"using":"xpath","value":"//*[contains(@id ,\"BDI-content\")][contains(text(), \"Select\")]"}
RESULT: {"using":"xpath","value":"//*[contains(@id ,\"BDI-content\")][contains(text(), \"Select\")]"}
COMMAND: POST /session/85be7df00c2941df1715a768c51ad8f5/element/f.5D121FC7909F200889B59C01A2F655FF.d.584A9419BD8CDAD04CC19D183EAC660D.e.11097/click - {}
RESULT: {}
COMMAND: GET /session/85be7df00c2941df1715a768c51ad8f5/screenshot - {}
RESULT: {}
COMMAND: POST /session/85be7df00c2941df1715a768c51ad8f5/element - {"using":"xpath","value":"//bdi[(text() = 'Save' or . = 'Save')]"}
RESULT: {"using":"xpath","value":"//bdi[(text() = 'Save' or . = 'Save')]"}
COMMAND: POST /session/85be7df00c2941df1715a768c51ad8f5/element/f.5D121FC7909F200889B59C01A2F655FF.d.584A9419BD8CDAD04CC19D183EAC660D.e.11105/click - {}
RESULT: {}
COMMAND: GET /session/85be7df00c2941df1715a768c51ad8f5/screenshot - {}
RESULT: {}
]]></system-out>
    </testcase>
    <testcase classname="chrome.136_0_7103_93.windows.Provide_to_Site_w/_warehouse_management_wo_clarification" name="Should Test for Handover Execution" time="163.985">
      <system-out><![CDATA[
COMMAND: POST /session/85be7df00c2941df1715a768c51ad8f5/execute/async - {"script":"<script> [1562 bytes]","args":[{"selector":{"controlType":"sap.m.Link","viewName":"etm.portal.ui.managehandovers.view.DetailExecuteHO","bindingPath":{"path":"","propertyPath":"/wmDoc","modelName":"warehouseMovModel"}},"wdio_ui5_key":"etmportal.ui.managehandovers.view.DetailExecuteHOsap.m.Link{\"path\":\"\",\"propertyPath\":\"/wmDoc\",\"modelName\":\"warehouseMovModel\"}"}]}
RESULT: {"script":"<script> [1562 bytes]","args":[{"selector":{"controlType":"sap.m.Link","viewName":"etm.portal.ui.managehandovers.view.DetailExecuteHO","bindingPath":{"path":"","propertyPath":"/wmDoc","modelName":"warehouseMovModel"}},"wdio_ui5_key":"etmportal.ui.managehandovers.view.DetailExecuteHOsap.m.Link{\"path\":\"\",\"propertyPath\":\"/wmDoc\",\"modelName\":\"warehouseMovModel\"}"}]}
RESULT: undefined
COMMAND: POST /session/85be7df00c2941df1715a768c51ad8f5/element - {"using":"xpath","value":"//*[@id=\"__link82\"]"}
RESULT: {"using":"xpath","value":"//*[@id=\"__link82\"]"}
COMMAND: POST /session/85be7df00c2941df1715a768c51ad8f5/element/f.5D121FC7909F200889B59C01A2F655FF.d.584A9419BD8CDAD04CC19D183EAC660D.e.11139/click - {}
RESULT: {}
COMMAND: GET /session/85be7df00c2941df1715a768c51ad8f5/screenshot - {}
RESULT: {}
COMMAND: POST /session/85be7df00c2941df1715a768c51ad8f5/execute/async - {"script":"<script> [1562 bytes]","args":[{"selector":{"controlType":"sap.m.Link","viewName":"etm.portal.ui.managehandovers.view.DetailExecuteHO","properties":{"text":"Warehouse Overview"},"searchOpenDialogs":true},"wdio_ui5_key":"etmportal.ui.managehandovers.view.DetailExecuteHOsap.m.Link{\"text\":\"Warehouse Overview\"}"}]}
RESULT: {"script":"<script> [1562 bytes]","args":[{"selector":{"controlType":"sap.m.Link","viewName":"etm.portal.ui.managehandovers.view.DetailExecuteHO","properties":{"text":"Warehouse Overview"},"searchOpenDialogs":true},"wdio_ui5_key":"etmportal.ui.managehandovers.view.DetailExecuteHOsap.m.Link{\"text\":\"Warehouse Overview\"}"}]}
RESULT: undefined
COMMAND: POST /session/85be7df00c2941df1715a768c51ad8f5/element - {"using":"xpath","value":"//*[@id=\"__link98\"]"}
RESULT: {"using":"xpath","value":"//*[@id=\"__link98\"]"}
COMMAND: POST /session/85be7df00c2941df1715a768c51ad8f5/element/f.5D121FC7909F200889B59C01A2F655FF.d.584A9419BD8CDAD04CC19D183EAC660D.e.11141/click - {}
RESULT: {}
COMMAND: GET /session/85be7df00c2941df1715a768c51ad8f5/screenshot - {}
COMMAND: POST /session/85be7df00c2941df1715a768c51ad8f5/execute/async - {"script":"<script> [1562 bytes]","args":[{"selector":{"controlType":"sap.m.Button","viewName":"etm.portal.ui.warehousemovements.view.DisplayMovement","viewId":"application-warehousemovements-display-component---displayMovement","i18NText":{"propertyName":"text","key":"execution"},"interaction":{"idSuffix":"BDI-content"}},"wdio_ui5_key":"etmportal.ui.warehousemovements.view.DisplayMovementsap.m.Button{\"propertyName\":\"text\",\"key\":\"execution\"}"}]}
RESULT: {}
RESULT: {"script":"<script> [1562 bytes]","args":[{"selector":{"controlType":"sap.m.Button","viewName":"etm.portal.ui.warehousemovements.view.DisplayMovement","viewId":"application-warehousemovements-display-component---displayMovement","i18NText":{"propertyName":"text","key":"execution"},"interaction":{"idSuffix":"BDI-content"}},"wdio_ui5_key":"etmportal.ui.warehousemovements.view.DisplayMovementsap.m.Button{\"propertyName\":\"text\",\"key\":\"execution\"}"}]}
RESULT: undefined
COMMAND: POST /session/85be7df00c2941df1715a768c51ad8f5/element - {"using":"xpath","value":"//*[@id=\"__button247\"]"}
RESULT: {"using":"xpath","value":"//*[@id=\"__button247\"]"}
COMMAND: POST /session/85be7df00c2941df1715a768c51ad8f5/element/f.5D121FC7909F200889B59C01A2F655FF.d.584A9419BD8CDAD04CC19D183EAC660D.e.11271/click - {}
RESULT: {}
COMMAND: GET /session/85be7df00c2941df1715a768c51ad8f5/screenshot - {}
RESULT: {}
COMMAND: POST /session/85be7df00c2941df1715a768c51ad8f5/execute/async - {"script":"<script> [1562 bytes]","args":[{"selector":{"controlType":"sap.m.Button","viewName":"etm.portal.ui.warehousemovements.view.ExecuteMovement","viewId":"application-warehousemovements-display-component---executeMovement","properties":{"text":"Items"},"interaction":{"idSuffix":"BDI-content"}},"wdio_ui5_key":"etmportal.ui.warehousemovements.view.ExecuteMovementsap.m.Button{\"text\":\"Items\"}"}]}
RESULT: {"script":"<script> [1562 bytes]","args":[{"selector":{"controlType":"sap.m.Button","viewName":"etm.portal.ui.warehousemovements.view.ExecuteMovement","viewId":"application-warehousemovements-display-component---executeMovement","properties":{"text":"Items"},"interaction":{"idSuffix":"BDI-content"}},"wdio_ui5_key":"etmportal.ui.warehousemovements.view.ExecuteMovementsap.m.Button{\"text\":\"Items\"}"}]}
RESULT: undefined
COMMAND: POST /session/85be7df00c2941df1715a768c51ad8f5/element - {"using":"xpath","value":"//*[@id=\"__layout379-anchBar-application-warehousemovements-display-component---executeMovement--itemsSection-anchor\"]"}
RESULT: {"using":"xpath","value":"//*[@id=\"__layout379-anchBar-application-warehousemovements-display-component---executeMovement--itemsSection-anchor\"]"}
COMMAND: POST /session/85be7df00c2941df1715a768c51ad8f5/element/f.5D121FC7909F200889B59C01A2F655FF.d.584A9419BD8CDAD04CC19D183EAC660D.e.11368/click - {}
RESULT: {}
COMMAND: GET /session/85be7df00c2941df1715a768c51ad8f5/screenshot - {}
RESULT: {}
COMMAND: POST /session/85be7df00c2941df1715a768c51ad8f5/execute/async - {"script":"<script> [1562 bytes]","args":[{"selector":{"controlType":"sap.m.ToggleButton","viewName":"etm.portal.ui.warehousemovements.view.ExecuteMovement","viewId":"application-warehousemovements-display-component---executeMovement","bindingPath":{"propertyPath":"STATUS","modelName":"catalogModel"},"interaction":{"idSuffix":"BDI-content"}},"wdio_ui5_key":"etmportal.ui.warehousemovements.view.ExecuteMovementsap.m.ToggleButton{\"propertyPath\":\"STATUS\",\"modelName\":\"catalogModel\"}"}]}
RESULT: {"script":"<script> [1562 bytes]","args":[{"selector":{"controlType":"sap.m.ToggleButton","viewName":"etm.portal.ui.warehousemovements.view.ExecuteMovement","viewId":"application-warehousemovements-display-component---executeMovement","bindingPath":{"propertyPath":"STATUS","modelName":"catalogModel"},"interaction":{"idSuffix":"BDI-content"}},"wdio_ui5_key":"etmportal.ui.warehousemovements.view.ExecuteMovementsap.m.ToggleButton{\"propertyPath\":\"STATUS\",\"modelName\":\"catalogModel\"}"}]}
RESULT: undefined
COMMAND: POST /session/85be7df00c2941df1715a768c51ad8f5/element - {"using":"xpath","value":"//*[@id=\"__button272-__clone2162\"]"}
RESULT: {"using":"xpath","value":"//*[@id=\"__button272-__clone2162\"]"}
COMMAND: POST /session/85be7df00c2941df1715a768c51ad8f5/element/f.5D121FC7909F200889B59C01A2F655FF.d.584A9419BD8CDAD04CC19D183EAC660D.e.11373/click - {}
RESULT: {}
RESULT: undefined
COMMAND: POST /session/85be7df00c2941df1715a768c51ad8f5/element - {"using":"xpath","value":"//*[@id=\"__button272-__clone2162\"]"}
COMMAND: GET /session/85be7df00c2941df1715a768c51ad8f5/screenshot - {}
RESULT: {"using":"xpath","value":"//*[@id=\"__button272-__clone2162\"]"}
COMMAND: POST /session/85be7df00c2941df1715a768c51ad8f5/element/f.5D121FC7909F200889B59C01A2F655FF.d.584A9419BD8CDAD04CC19D183EAC660D.e.11373/click - {}
RESULT: {}
RESULT: {}
COMMAND: GET /session/85be7df00c2941df1715a768c51ad8f5/screenshot - {}
RESULT: {}
RESULT: undefined
COMMAND: POST /session/85be7df00c2941df1715a768c51ad8f5/execute/async - {"script":"<script> [6424 bytes]","args":[{"element-6066-11e4-a52e-4f735466cecf":"f.5D121FC7909F200889B59C01A2F655FF.d.584A9419BD8CDAD04CC19D183EAC660D.e.11372"},"getText",[]]}
RESULT: {"script":"<script> [6424 bytes]","args":[{"element-6066-11e4-a52e-4f735466cecf":"f.5D121FC7909F200889B59C01A2F655FF.d.584A9419BD8CDAD04CC19D183EAC660D.e.11372"},"getText",[]]}
COMMAND: POST /session/85be7df00c2941df1715a768c51ad8f5/element - {"using":"xpath","value":"//section[contains(@id,\"FC-NoHead\")]/div[1]/div[5]/div[2]/span"}
RESULT: {"using":"xpath","value":"//section[contains(@id,\"FC-NoHead\")]/div[1]/div[5]/div[2]/span"}
COMMAND: POST /session/85be7df00c2941df1715a768c51ad8f5/elements - {"using":"xpath","value":"//section[contains(@id,\"FC-NoHead\")]/div[1]/div[5]/div[2]/span"}
RESULT: {"using":"xpath","value":"//section[contains(@id,\"FC-NoHead\")]/div[1]/div[5]/div[2]/span"}
COMMAND: POST /session/85be7df00c2941df1715a768c51ad8f5/execute/sync - {"script":"<script> [56 bytes]","args":[{"element-6066-11e4-a52e-4f735466cecf":"f.5D121FC7909F200889B59C01A2F655FF.d.584A9419BD8CDAD04CC19D183EAC660D.e.11375","ELEMENT":"f.5D121FC7909F200889B59C01A2F655FF.d.584A9419BD8CDAD04CC19D183EAC660D.e.11375"}]}
RESULT: {"script":"<script> [56 bytes]","args":[{"element-6066-11e4-a52e-4f735466cecf":"f.5D121FC7909F200889B59C01A2F655FF.d.584A9419BD8CDAD04CC19D183EAC660D.e.11375","ELEMENT":"f.5D121FC7909F200889B59C01A2F655FF.d.584A9419BD8CDAD04CC19D183EAC660D.e.11375"}]}
COMMAND: POST /session/85be7df00c2941df1715a768c51ad8f5/actions - {"actions":[{"id":"action35","type":"key","parameters":{},"actions":[{"type":"keyDown","value":""},{"type":"pause","duration":10},{"type":"keyUp","value":""}]}]}
COMMAND: GET /session/85be7df00c2941df1715a768c51ad8f5/screenshot - {}
RESULT: {"actions":[{"id":"action35","type":"key","parameters":{},"actions":[{"type":"keyDown","value":""},{"type":"pause","duration":10},{"type":"keyUp","value":""}]}]}
COMMAND: POST /session/85be7df00c2941df1715a768c51ad8f5/execute/async - {"script":"<script> [1562 bytes]","args":[{"selector":{"id":"application-warehousemovements-display-component---executeMovement--executeId","interaction":{"idSuffix":"BDI-content"}},"wdio_ui5_key":"applicationwarehousemovements-display-component---executeMovement--executeId"}]}
COMMAND: GET /session/85be7df00c2941df1715a768c51ad8f5/screenshot - {}
RESULT: {}
RESULT: {"script":"<script> [1562 bytes]","args":[{"selector":{"id":"application-warehousemovements-display-component---executeMovement--executeId","interaction":{"idSuffix":"BDI-content"}},"wdio_ui5_key":"applicationwarehousemovements-display-component---executeMovement--executeId"}]}
RESULT: undefined
COMMAND: POST /session/85be7df00c2941df1715a768c51ad8f5/element - {"using":"xpath","value":"//*[@id=\"application-warehousemovements-display-component---executeMovement--executeId\"]"}
RESULT: {}
RESULT: {"using":"xpath","value":"//*[@id=\"application-warehousemovements-display-component---executeMovement--executeId\"]"}
COMMAND: POST /session/85be7df00c2941df1715a768c51ad8f5/element/f.5D121FC7909F200889B59C01A2F655FF.d.584A9419BD8CDAD04CC19D183EAC660D.e.11340/click - {}
RESULT: {}
COMMAND: GET /session/85be7df00c2941df1715a768c51ad8f5/screenshot - {}
RESULT: {}
COMMAND: POST /session/85be7df00c2941df1715a768c51ad8f5/element - {"using":"css selector","value":"#shell-header-logo"}
RESULT: {"using":"css selector","value":"#shell-header-logo"}
COMMAND: POST /session/85be7df00c2941df1715a768c51ad8f5/element/f.5D121FC7909F200889B59C01A2F655FF.d.584A9419BD8CDAD04CC19D183EAC660D.e.10115/click - {}
RESULT: {}
COMMAND: GET /session/85be7df00c2941df1715a768c51ad8f5/screenshot - {}
RESULT: {}
RESULT: undefined
COMMAND: POST /session/85be7df00c2941df1715a768c51ad8f5/element - {"using":"xpath","value":"//*[@id=\"__tile133\"]"}
RESULT: {"using":"xpath","value":"//*[@id=\"__tile133\"]"}
COMMAND: POST /session/85be7df00c2941df1715a768c51ad8f5/element/f.5D121FC7909F200889B59C01A2F655FF.d.584A9419BD8CDAD04CC19D183EAC660D.e.8647/click - {}
RESULT: {}
COMMAND: GET /session/85be7df00c2941df1715a768c51ad8f5/screenshot - {}
RESULT: {}
COMMAND: POST /session/85be7df00c2941df1715a768c51ad8f5/elements - {"using":"xpath","value":"//span[text()='Error']"}
RESULT: {"using":"xpath","value":"//span[text()='Error']"}
COMMAND: POST /session/85be7df00c2941df1715a768c51ad8f5/execute/async - {"script":"<script> [1562 bytes]","args":[{"selector":{"controlType":"sap.m.SearchField","viewName":"etm.portal.ui.managehandovers.view.MasterHO","bindingPath":{"propertyPath":"/_BASIC_SEARCH_FIELD","modelName":"fi1t3rM0d31"},"interaction":{"idSuffix":"I"}},"wdio_ui5_key":"etmportal.ui.managehandovers.view.MasterHOsap.m.SearchField{\"propertyPath\":\"/_BASIC_SEARCH_FIELD\",\"modelName\":\"fi1t3rM0d31\"}"}]}
RESULT: {"script":"<script> [1562 bytes]","args":[{"selector":{"controlType":"sap.m.SearchField","viewName":"etm.portal.ui.managehandovers.view.MasterHO","bindingPath":{"propertyPath":"/_BASIC_SEARCH_FIELD","modelName":"fi1t3rM0d31"},"interaction":{"idSuffix":"I"}},"wdio_ui5_key":"etmportal.ui.managehandovers.view.MasterHOsap.m.SearchField{\"propertyPath\":\"/_BASIC_SEARCH_FIELD\",\"modelName\":\"fi1t3rM0d31\"}"}]}
RESULT: undefined
COMMAND: POST /session/85be7df00c2941df1715a768c51ad8f5/execute/async - {"script":"<script> [776 bytes]","args":[{"enterText":"30326","selector":{"controlType":"sap.m.SearchField","viewName":"etm.portal.ui.managehandovers.view.MasterHO","bindingPath":{"propertyPath":"/_BASIC_SEARCH_FIELD","modelName":"fi1t3rM0d31"},"interaction":{"idSuffix":"I"}},"clearTextFirst":true,"interactionType":"ENTER_TEXT"}]}
RESULT: {"script":"<script> [776 bytes]","args":[{"enterText":"30326","selector":{"controlType":"sap.m.SearchField","viewName":"etm.portal.ui.managehandovers.view.MasterHO","bindingPath":{"propertyPath":"/_BASIC_SEARCH_FIELD","modelName":"fi1t3rM0d31"},"interaction":{"idSuffix":"I"}},"clearTextFirst":true,"interactionType":"ENTER_TEXT"}]}
COMMAND: POST /session/85be7df00c2941df1715a768c51ad8f5/actions - {"actions":[{"id":"action36","type":"key","parameters":{},"actions":[{"type":"keyDown","value":""},{"type":"pause","duration":10},{"type":"keyUp","value":""}]}]}
RESULT: {"actions":[{"id":"action36","type":"key","parameters":{},"actions":[{"type":"keyDown","value":""},{"type":"pause","duration":10},{"type":"keyUp","value":""}]}]}
COMMAND: GET /session/85be7df00c2941df1715a768c51ad8f5/screenshot - {}
RESULT: {}
COMMAND: POST /session/85be7df00c2941df1715a768c51ad8f5/execute/async - {"script":"<script> [1562 bytes]","args":[{"selector":{"controlType":"sap.ui.core.Icon","viewName":"etm.portal.ui.managehandovers.view.MasterHO","properties":{"src":{"regex":{"source":"slim\\-arrow\\-right"}}}},"wdio_ui5_key":"etmportal.ui.managehandovers.view.MasterHOsap.ui.core.Icon{\"src\":{\"regex\":{\"source\":\"slim\\\\-arrow\\\\-right\"}}}"}]}
RESULT: {"script":"<script> [1562 bytes]","args":[{"selector":{"controlType":"sap.ui.core.Icon","viewName":"etm.portal.ui.managehandovers.view.MasterHO","properties":{"src":{"regex":{"source":"slim\\-arrow\\-right"}}}},"wdio_ui5_key":"etmportal.ui.managehandovers.view.MasterHOsap.ui.core.Icon{\"src\":{\"regex\":{\"source\":\"slim\\\\-arrow\\\\-right\"}}}"}]}
RESULT: undefined
COMMAND: POST /session/85be7df00c2941df1715a768c51ad8f5/element - {"using":"xpath","value":"//*[@id=\"__item1110-__clone2241-imgNav\"]"}
RESULT: {"using":"xpath","value":"//*[@id=\"__item1110-__clone2241-imgNav\"]"}
COMMAND: POST /session/85be7df00c2941df1715a768c51ad8f5/element/f.5D121FC7909F200889B59C01A2F655FF.d.584A9419BD8CDAD04CC19D183EAC660D.e.11547/click - {}
RESULT: {}
COMMAND: GET /session/85be7df00c2941df1715a768c51ad8f5/screenshot - {}
RESULT: {}
COMMAND: POST /session/85be7df00c2941df1715a768c51ad8f5/execute/async - {"script":"<script> [1562 bytes]","args":[{"selector":{"controlType":"sap.m.Button","viewName":"etm.portal.ui.managehandovers.view.DetailExecuteHO","i18NText":{"propertyName":"text","key":"confirmAll"},"interaction":{"idSuffix":"BDI-content"}},"wdio_ui5_key":"etmportal.ui.managehandovers.view.DetailExecuteHOsap.m.Button{\"propertyName\":\"text\",\"key\":\"confirmAll\"}"}]}
RESULT: {"script":"<script> [1562 bytes]","args":[{"selector":{"controlType":"sap.m.Button","viewName":"etm.portal.ui.managehandovers.view.DetailExecuteHO","i18NText":{"propertyName":"text","key":"confirmAll"},"interaction":{"idSuffix":"BDI-content"}},"wdio_ui5_key":"etmportal.ui.managehandovers.view.DetailExecuteHOsap.m.Button{\"propertyName\":\"text\",\"key\":\"confirmAll\"}"}]}
RESULT: undefined
COMMAND: POST /session/85be7df00c2941df1715a768c51ad8f5/element - {"using":"xpath","value":"//*[@id=\"__button313\"]"}
RESULT: {"using":"xpath","value":"//*[@id=\"__button313\"]"}
COMMAND: POST /session/85be7df00c2941df1715a768c51ad8f5/element/f.5D121FC7909F200889B59C01A2F655FF.d.584A9419BD8CDAD04CC19D183EAC660D.e.11643/click - {}
RESULT: {}
COMMAND: GET /session/85be7df00c2941df1715a768c51ad8f5/screenshot - {}
RESULT: {}
COMMAND: POST /session/85be7df00c2941df1715a768c51ad8f5/actions - {"actions":[{"id":"action37","type":"key","parameters":{},"actions":[{"type":"keyDown","value":""},{"type":"pause","duration":10},{"type":"keyUp","value":""}]}]}
RESULT: {"actions":[{"id":"action37","type":"key","parameters":{},"actions":[{"type":"keyDown","value":""},{"type":"pause","duration":10},{"type":"keyUp","value":""}]}]}
COMMAND: GET /session/85be7df00c2941df1715a768c51ad8f5/screenshot - {}
RESULT: {}
COMMAND: POST /session/85be7df00c2941df1715a768c51ad8f5/element - {"using":"xpath","value":"//button[@data-kt=\"execHoIssueButton\"]"}
RESULT: {"using":"xpath","value":"//button[@data-kt=\"execHoIssueButton\"]"}
COMMAND: POST /session/85be7df00c2941df1715a768c51ad8f5/element/f.5D121FC7909F200889B59C01A2F655FF.d.584A9419BD8CDAD04CC19D183EAC660D.e.11652/click - {}
RESULT: {}
COMMAND: GET /session/85be7df00c2941df1715a768c51ad8f5/screenshot - {}
RESULT: {}
RESULT: undefined
COMMAND: POST /session/85be7df00c2941df1715a768c51ad8f5/execute/async - {"script":"<script> [776 bytes]","args":[{"enterText":"30326","selector":{"controlType":"sap.m.SearchField","viewName":"etm.portal.ui.managehandovers.view.MasterHO","bindingPath":{"propertyPath":"/_BASIC_SEARCH_FIELD","modelName":"fi1t3rM0d31"},"interaction":{"idSuffix":"I"}},"clearTextFirst":true,"interactionType":"ENTER_TEXT"}]}
RESULT: {"script":"<script> [776 bytes]","args":[{"enterText":"30326","selector":{"controlType":"sap.m.SearchField","viewName":"etm.portal.ui.managehandovers.view.MasterHO","bindingPath":{"propertyPath":"/_BASIC_SEARCH_FIELD","modelName":"fi1t3rM0d31"},"interaction":{"idSuffix":"I"}},"clearTextFirst":true,"interactionType":"ENTER_TEXT"}]}
COMMAND: POST /session/85be7df00c2941df1715a768c51ad8f5/actions - {"actions":[{"id":"action38","type":"key","parameters":{},"actions":[{"type":"keyDown","value":""},{"type":"pause","duration":10},{"type":"keyUp","value":""}]}]}
RESULT: {"actions":[{"id":"action38","type":"key","parameters":{},"actions":[{"type":"keyDown","value":""},{"type":"pause","duration":10},{"type":"keyUp","value":""}]}]}
COMMAND: GET /session/85be7df00c2941df1715a768c51ad8f5/screenshot - {}
RESULT: {}
COMMAND: POST /session/85be7df00c2941df1715a768c51ad8f5/element - {"using":"xpath","value":"//span[(text() = '30326' or . = '30326')]"}
RESULT: {"using":"xpath","value":"//span[(text() = '30326' or . = '30326')]"}
COMMAND: POST /session/85be7df00c2941df1715a768c51ad8f5/element/f.5D121FC7909F200889B59C01A2F655FF.d.584A9419BD8CDAD04CC19D183EAC660D.e.11692/click - {}
RESULT: {}
COMMAND: GET /session/85be7df00c2941df1715a768c51ad8f5/screenshot - {}
RESULT: {}
COMMAND: POST /session/85be7df00c2941df1715a768c51ad8f5/element - {"using":"xpath","value":"//span[contains(text(), \"Instructions\")]"}
RESULT: {"using":"xpath","value":"//span[contains(text(), \"Instructions\")]"}
COMMAND: POST /session/85be7df00c2941df1715a768c51ad8f5/element/f.5D121FC7909F200889B59C01A2F655FF.d.584A9419BD8CDAD04CC19D183EAC660D.e.11737/click - {}
RESULT: {}
COMMAND: GET /session/85be7df00c2941df1715a768c51ad8f5/screenshot - {}
RESULT: {}
COMMAND: POST /session/85be7df00c2941df1715a768c51ad8f5/element - {"using":"xpath","value":"//span[contains(text(), \"Instructions\")]"}
RESULT: {"using":"xpath","value":"//span[contains(text(), \"Instructions\")]"}
COMMAND: POST /session/85be7df00c2941df1715a768c51ad8f5/element/f.5D121FC7909F200889B59C01A2F655FF.d.584A9419BD8CDAD04CC19D183EAC660D.e.11737/click - {}
RESULT: {}
COMMAND: GET /session/85be7df00c2941df1715a768c51ad8f5/screenshot - {}
RESULT: {}
COMMAND: POST /session/85be7df00c2941df1715a768c51ad8f5/execute/async - {"script":"<script> [1562 bytes]","args":[{"selector":{"controlType":"sap.m.ComboBox","viewName":"etm.portal.ui.managehandovers.view.DetailExecuteHO","bindingPath":{"propertyPath":"RECEIVING_SECTION","modelName":"catalogModel"},"interaction":{"idSuffix":"inner"}},"wdio_ui5_key":"etmportal.ui.managehandovers.view.DetailExecuteHOsap.m.ComboBox{\"propertyPath\":\"RECEIVING_SECTION\",\"modelName\":\"catalogModel\"}"}]}
RESULT: {"script":"<script> [1562 bytes]","args":[{"selector":{"controlType":"sap.m.ComboBox","viewName":"etm.portal.ui.managehandovers.view.DetailExecuteHO","bindingPath":{"propertyPath":"RECEIVING_SECTION","modelName":"catalogModel"},"interaction":{"idSuffix":"inner"}},"wdio_ui5_key":"etmportal.ui.managehandovers.view.DetailExecuteHOsap.m.ComboBox{\"propertyPath\":\"RECEIVING_SECTION\",\"modelName\":\"catalogModel\"}"}]}
RESULT: undefined
COMMAND: POST /session/85be7df00c2941df1715a768c51ad8f5/execute/async - {"script":"<script> [776 bytes]","args":[{"enterText":"WDIO-2074","selector":{"controlType":"sap.m.ComboBox","viewName":"etm.portal.ui.managehandovers.view.DetailExecuteHO","bindingPath":{"propertyPath":"RECEIVING_SECTION","modelName":"catalogModel"},"interaction":{"idSuffix":"inner"}},"clearTextFirst":true,"interactionType":"ENTER_TEXT"}]}
RESULT: {"script":"<script> [776 bytes]","args":[{"enterText":"WDIO-2074","selector":{"controlType":"sap.m.ComboBox","viewName":"etm.portal.ui.managehandovers.view.DetailExecuteHO","bindingPath":{"propertyPath":"RECEIVING_SECTION","modelName":"catalogModel"},"interaction":{"idSuffix":"inner"}},"clearTextFirst":true,"interactionType":"ENTER_TEXT"}]}
COMMAND: POST /session/85be7df00c2941df1715a768c51ad8f5/actions - {"actions":[{"id":"action39","type":"key","parameters":{},"actions":[{"type":"keyDown","value":""},{"type":"pause","duration":10},{"type":"keyUp","value":""}]}]}
RESULT: {"actions":[{"id":"action39","type":"key","parameters":{},"actions":[{"type":"keyDown","value":""},{"type":"pause","duration":10},{"type":"keyUp","value":""}]}]}
COMMAND: GET /session/85be7df00c2941df1715a768c51ad8f5/screenshot - {}
RESULT: {}
COMMAND: POST /session/85be7df00c2941df1715a768c51ad8f5/element - {"using":"xpath","value":"//button[@data-kt= \"execHoReceiveButton\"]"}
RESULT: {"using":"xpath","value":"//button[@data-kt= \"execHoReceiveButton\"]"}
COMMAND: POST /session/85be7df00c2941df1715a768c51ad8f5/element/f.5D121FC7909F200889B59C01A2F655FF.d.584A9419BD8CDAD04CC19D183EAC660D.e.11743/click - {}
RESULT: {}
COMMAND: GET /session/85be7df00c2941df1715a768c51ad8f5/screenshot - {}
RESULT: {}
COMMAND: POST /session/85be7df00c2941df1715a768c51ad8f5/execute/async - {"script":"<script> [1562 bytes]","args":[{"selector":{"controlType":"sap.m.Button","properties":{"text":"Continue"},"searchOpenDialogs":true,"interaction":{"idSuffix":"content"}},"wdio_ui5_key":"sapm.Button{\"text\":\"Continue\"}"}]}
RESULT: {"script":"<script> [1562 bytes]","args":[{"selector":{"controlType":"sap.m.Button","properties":{"text":"Continue"},"searchOpenDialogs":true,"interaction":{"idSuffix":"content"}},"wdio_ui5_key":"sapm.Button{\"text\":\"Continue\"}"}]}
RESULT: undefined
COMMAND: POST /session/85be7df00c2941df1715a768c51ad8f5/element - {"using":"xpath","value":"//*[@id=\"__mbox-btn-6\"]"}
RESULT: {"using":"xpath","value":"//*[@id=\"__mbox-btn-6\"]"}
COMMAND: POST /session/85be7df00c2941df1715a768c51ad8f5/element/f.5D121FC7909F200889B59C01A2F655FF.d.584A9419BD8CDAD04CC19D183EAC660D.e.11744/click - {}
RESULT: {}
COMMAND: GET /session/85be7df00c2941df1715a768c51ad8f5/screenshot - {}
RESULT: {}
COMMAND: POST /session/85be7df00c2941df1715a768c51ad8f5/element - {"using":"css selector","value":"#shell-header-logo"}
RESULT: {"using":"css selector","value":"#shell-header-logo"}
COMMAND: POST /session/85be7df00c2941df1715a768c51ad8f5/element/f.5D121FC7909F200889B59C01A2F655FF.d.584A9419BD8CDAD04CC19D183EAC660D.e.11425/click - {}
RESULT: {}
COMMAND: GET /session/85be7df00c2941df1715a768c51ad8f5/screenshot - {}
RESULT: {}
COMMAND: POST /session/85be7df00c2941df1715a768c51ad8f5/element - {"using":"css selector","value":"#j_username"}
COMMAND: POST /session/85be7df00c2941df1715a768c51ad8f5/url - {"url":"https://qa-testing-00-live-etm-ui.cfapps.eu10-004.hana.ondemand.com/"}
RESULT: {"using":"css selector","value":"#j_username"}
COMMAND: POST /session/85be7df00c2941df1715a768c51ad8f5/element - {"using":"css selector","value":"#j_username"}
RESULT: {"url":"https://qa-testing-00-live-etm-ui.cfapps.eu10-004.hana.ondemand.com/"}
RESULT: undefined
COMMAND: GET /session/85be7df00c2941df1715a768c51ad8f5/screenshot - {}
RESULT: {"using":"css selector","value":"#j_username"}
COMMAND: POST /session/85be7df00c2941df1715a768c51ad8f5/element - {"using":"css selector","value":"#shell-header-logo"}
RESULT: {}
RESULT: {"using":"css selector","value":"#shell-header-logo"}
COMMAND: POST /session/85be7df00c2941df1715a768c51ad8f5/execute/sync - {"script":"<script> [8489 bytes]","args":[{"element-6066-11e4-a52e-4f735466cecf":"f.5D121FC7909F200889B59C01A2F655FF.d.6BBCA6A02013CA0AF5552EFAAA5DA382.e.11799","ELEMENT":"f.5D121FC7909F200889B59C01A2F655FF.d.6BBCA6A02013CA0AF5552EFAAA5DA382.e.11799"}]}
RESULT: {"script":"<script> [8489 bytes]","args":[{"element-6066-11e4-a52e-4f735466cecf":"f.5D121FC7909F200889B59C01A2F655FF.d.6BBCA6A02013CA0AF5552EFAAA5DA382.e.11799","ELEMENT":"f.5D121FC7909F200889B59C01A2F655FF.d.6BBCA6A02013CA0AF5552EFAAA5DA382.e.11799"}]}
COMMAND: POST /session/85be7df00c2941df1715a768c51ad8f5/element - {"using":"css selector","value":"#shell-header-logo"}
COMMAND: GET /session/85be7df00c2941df1715a768c51ad8f5/screenshot - {}
RESULT: {"using":"css selector","value":"#shell-header-logo"}
COMMAND: POST /session/85be7df00c2941df1715a768c51ad8f5/execute/sync - {"script":"<script> [8489 bytes]","args":[{"element-6066-11e4-a52e-4f735466cecf":"f.5D121FC7909F200889B59C01A2F655FF.d.6BBCA6A02013CA0AF5552EFAAA5DA382.e.11799","ELEMENT":"f.5D121FC7909F200889B59C01A2F655FF.d.6BBCA6A02013CA0AF5552EFAAA5DA382.e.11799"}]}
RESULT: {}
RESULT: {"script":"<script> [8489 bytes]","args":[{"element-6066-11e4-a52e-4f735466cecf":"f.5D121FC7909F200889B59C01A2F655FF.d.6BBCA6A02013CA0AF5552EFAAA5DA382.e.11799","ELEMENT":"f.5D121FC7909F200889B59C01A2F655FF.d.6BBCA6A02013CA0AF5552EFAAA5DA382.e.11799"}]}
COMMAND: POST /session/85be7df00c2941df1715a768c51ad8f5/execute/sync - {"script":"<script> [5351 bytes]","args":[{"element-6066-11e4-a52e-4f735466cecf":"f.5D121FC7909F200889B59C01A2F655FF.d.6BBCA6A02013CA0AF5552EFAAA5DA382.e.11799","ELEMENT":"f.5D121FC7909F200889B59C01A2F655FF.d.6BBCA6A02013CA0AF5552EFAAA5DA382.e.11799"}]}
COMMAND: GET /session/85be7df00c2941df1715a768c51ad8f5/screenshot - {}
RESULT: {"script":"<script> [5351 bytes]","args":[{"element-6066-11e4-a52e-4f735466cecf":"f.5D121FC7909F200889B59C01A2F655FF.d.6BBCA6A02013CA0AF5552EFAAA5DA382.e.11799","ELEMENT":"f.5D121FC7909F200889B59C01A2F655FF.d.6BBCA6A02013CA0AF5552EFAAA5DA382.e.11799"}]}
COMMAND: POST /session/85be7df00c2941df1715a768c51ad8f5/element - {"using":"css selector","value":"#shell-header-logo"}
COMMAND: GET /session/85be7df00c2941df1715a768c51ad8f5/screenshot - {}
RESULT: {}
RESULT: {"using":"css selector","value":"#shell-header-logo"}
COMMAND: POST /session/85be7df00c2941df1715a768c51ad8f5/element/f.5D121FC7909F200889B59C01A2F655FF.d.6BBCA6A02013CA0AF5552EFAAA5DA382.e.11799/click - {}
RESULT: {}
RESULT: {}
COMMAND: GET /session/85be7df00c2941df1715a768c51ad8f5/screenshot - {}
RESULT: {}
COMMAND: POST /session/85be7df00c2941df1715a768c51ad8f5/execute/async - {"script":"<script> [189 bytes]","args":[]}
RESULT: {"script":"<script> [189 bytes]","args":[]}
COMMAND: POST /session/85be7df00c2941df1715a768c51ad8f5/execute/async - {"script":"<script> [123 bytes]","args":[]}
RESULT: {"script":"<script> [123 bytes]","args":[]}
COMMAND: POST /session/85be7df00c2941df1715a768c51ad8f5/timeouts - {"script":"<number>"}
RESULT: {"script":"<number>"}
COMMAND: GET /session/85be7df00c2941df1715a768c51ad8f5/timeouts - {}
RESULT: {}
RESULT: undefined
COMMAND: POST /session/85be7df00c2941df1715a768c51ad8f5/execute/async - {"script":"<script> [2676 bytes]","args":[]}
RESULT: {"script":"<script> [2676 bytes]","args":[]}
COMMAND: POST /session/85be7df00c2941df1715a768c51ad8f5/execute/async - {"script":"<script> [2342 bytes]","args":[{"protocol":"http","hostname":"0.0.0.0","path":"/","capabilities":{"browserName":"chrome","goog:chromeOptions":{"binary":"C:\\Program Files\\Google\\Chrome\\Application\\chrome.exe","args":["--start-maximized"]}},"logLevel":"warn","connectionRetryTimeout":120000,"connectionRetryCount":3,"logLevels":{},"enableDirectConnect":true,"strictSSL":true,"_":"65 more keys: [\"cacheDir\",\"port\",\"requestedCapabilities\",\"automationProtocol\",\"baseUrl\",\"waitforInterval\",\"waitforTimeout\",\"onReload\",\"beforeCommand\",\"afterCommand\",\"rootDir\",\"specs\",\"suites\",\"exclude\",\"groupLogsByTestSpec\",\"excludeDriverLogs\",\"bail\",\"framework\",\"reporters\",\"services\",\"maxInstances\",\"maxInstancesPerCapability\",\"injectGlobals\",\"filesToWatch\",\"execArgv\",\"runnerEnv\",\"runner\",\"shard\",\"specFileRetries\",\"specFileRetriesDelay\",\"specFileRetriesDeferred\",\"reporterSyncInterval\",\"reporterSyncTimeout\",\"cucumberFeaturesWithLineNumbers\",\"autoCompileOpts\",\"mochaOpts\",\"jasmineOpts\",\"cucumberOpts\",\"onPrepare\",\"onWorkerStart\",\"onWorkerEnd\",\"before\",\"beforeSession\",\"beforeSuite\",\"beforeHook\",\"beforeTest\",\"afterTest\",\"afterHook\",\"afterSuite\",\"afterSession\",\"after\",\"onComplete\",\"beforeAssertion\",\"afterAssertion\",\"beforeFeature\",\"beforeScenario\",\"beforeStep\",\"afterStep\",\"afterScenario\",\"afterFeature\",\"_\",\"suite\",\"$0\",\"ignoredWorkerServices\",\"wdi5\"]"}]}
RESULT: {"script":"<script> [2342 bytes]","args":[{"protocol":"http","hostname":"0.0.0.0","path":"/","capabilities":{"browserName":"chrome","goog:chromeOptions":{"binary":"C:\\Program Files\\Google\\Chrome\\Application\\chrome.exe","args":["--start-maximized"]}},"logLevel":"warn","connectionRetryTimeout":120000,"connectionRetryCount":3,"logLevels":{},"enableDirectConnect":true,"strictSSL":true,"_":"65 more keys: [\"cacheDir\",\"port\",\"requestedCapabilities\",\"automationProtocol\",\"baseUrl\",\"waitforInterval\",\"waitforTimeout\",\"onReload\",\"beforeCommand\",\"afterCommand\",\"rootDir\",\"specs\",\"suites\",\"exclude\",\"groupLogsByTestSpec\",\"excludeDriverLogs\",\"bail\",\"framework\",\"reporters\",\"services\",\"maxInstances\",\"maxInstancesPerCapability\",\"injectGlobals\",\"filesToWatch\",\"execArgv\",\"runnerEnv\",\"runner\",\"shard\",\"specFileRetries\",\"specFileRetriesDelay\",\"specFileRetriesDeferred\",\"reporterSyncInterval\",\"reporterSyncTimeout\",\"cucumberFeaturesWithLineNumbers\",\"autoCompileOpts\",\"mochaOpts\",\"jasmineOpts\",\"cucumberOpts\",\"onPrepare\",\"onWorkerStart\",\"onWorkerEnd\",\"before\",\"beforeSession\",\"beforeSuite\",\"beforeHook\",\"beforeTest\",\"afterTest\",\"afterHook\",\"afterSuite\",\"afterSession\",\"after\",\"onComplete\",\"beforeAssertion\",\"afterAssertion\",\"beforeFeature\",\"beforeScenario\",\"beforeStep\",\"afterStep\",\"afterScenario\",\"afterFeature\",\"_\",\"suite\",\"$0\",\"ignoredWorkerServices\",\"wdi5\"]"}]}
COMMAND: POST /session/85be7df00c2941df1715a768c51ad8f5/execute/async - {"script":"<script> [21126 bytes]","args":[35000]}
RESULT: {"script":"<script> [21126 bytes]","args":[35000]}
COMMAND: POST /session/85be7df00c2941df1715a768c51ad8f5/window/maximize - {}
RESULT: {}
COMMAND: POST /session/85be7df00c2941df1715a768c51ad8f5/execute/async - {"script":"<script> [1562 bytes]","args":[{"selector":{"id":"shell-header","interaction":{"idSuffix":"icon"}},"wdio_ui5_key":"shellheader"}]}
COMMAND: GET /session/85be7df00c2941df1715a768c51ad8f5/screenshot - {}
RESULT: {"script":"<script> [1562 bytes]","args":[{"selector":{"id":"shell-header","interaction":{"idSuffix":"icon"}},"wdio_ui5_key":"shellheader"}]}
RESULT: undefined
COMMAND: POST /session/85be7df00c2941df1715a768c51ad8f5/window/fullscreen - {}
RESULT: {}
RESULT: {}
]]></system-out>
    </testcase>
  </testsuite>
  <testsuite timestamp="2025-05-23T16:55:27" time="542.358" tests="4" failures="0" errors="0" skipped="0">
    <properties>
      <property name="specId" value="0"/>
      <property name="suiteName" value="Provide to Site w/o warehouse management w/ clarification US116605"/>
      <property name="capabilities" value="chrome.136_0_7103_93.windows"/>
      <property name="file" value="file:///D:/a/1/s/test/specs/HTR/provide-to-site-wo-warehouse-w-clarification.spec.js"/>
    </properties>
    <testcase classname="chrome.136_0_7103_93.windows.Provide_to_Site_w/o_warehouse_management_w/_clarification_US116605" name="Should create a new yard" time="134.411">
      <system-out><![CDATA[
COMMAND: POST /session/85be7df00c2941df1715a768c51ad8f5/window/fullscreen - {}
RESULT: {}
COMMAND: POST /session/85be7df00c2941df1715a768c51ad8f5/execute/async - {"script":"<script> [1562 bytes]","args":[{"selector":{"controlType":"sap.m.GenericTile","properties":{"header":"Manage Yards"}},"wdio_ui5_key":"sapm.GenericTile{\"header\":\"Manage Yards\"}"}]}
RESULT: {"script":"<script> [1562 bytes]","args":[{"selector":{"controlType":"sap.m.GenericTile","properties":{"header":"Manage Yards"}},"wdio_ui5_key":"sapm.GenericTile{\"header\":\"Manage Yards\"}"}]}
RESULT: undefined
COMMAND: POST /session/85be7df00c2941df1715a768c51ad8f5/element - {"using":"xpath","value":"//*[@id=\"__tile33\"]"}
RESULT: {"using":"xpath","value":"//*[@id=\"__tile33\"]"}
COMMAND: POST /session/85be7df00c2941df1715a768c51ad8f5/element/f.5D121FC7909F200889B59C01A2F655FF.d.6BBCA6A02013CA0AF5552EFAAA5DA382.e.11822/click - {}
RESULT: {}
COMMAND: GET /session/85be7df00c2941df1715a768c51ad8f5/screenshot - {}
RESULT: {}
COMMAND: POST /session/85be7df00c2941df1715a768c51ad8f5/elements - {"using":"xpath","value":"//span[text()='Error']"}
RESULT: {"using":"xpath","value":"//span[text()='Error']"}
COMMAND: POST /session/85be7df00c2941df1715a768c51ad8f5/element - {"using":"xpath","value":"//button[@data-kt=\"addNewYardOverflowToolbarButton\"]"}
RESULT: {"using":"xpath","value":"//button[@data-kt=\"addNewYardOverflowToolbarButton\"]"}
COMMAND: POST /session/85be7df00c2941df1715a768c51ad8f5/elements - {"using":"xpath","value":"//button[@data-kt=\"addNewYardOverflowToolbarButton\"]"}
RESULT: {"using":"xpath","value":"//button[@data-kt=\"addNewYardOverflowToolbarButton\"]"}
COMMAND: POST /session/85be7df00c2941df1715a768c51ad8f5/elements - {"using":"xpath","value":"//button[@data-kt=\"addNewYardOverflowToolbarButton\"]"}
RESULT: {"using":"xpath","value":"//button[@data-kt=\"addNewYardOverflowToolbarButton\"]"}
COMMAND: POST /session/85be7df00c2941df1715a768c51ad8f5/element - {"using":"xpath","value":"//button[@data-kt=\"addNewYardOverflowToolbarButton\"]"}
RESULT: {"using":"xpath","value":"//button[@data-kt=\"addNewYardOverflowToolbarButton\"]"}
COMMAND: POST /session/85be7df00c2941df1715a768c51ad8f5/execute/sync - {"script":"<script> [8489 bytes]","args":[{"element-6066-11e4-a52e-4f735466cecf":"f.5D121FC7909F200889B59C01A2F655FF.d.6BBCA6A02013CA0AF5552EFAAA5DA382.e.11943","ELEMENT":"f.5D121FC7909F200889B59C01A2F655FF.d.6BBCA6A02013CA0AF5552EFAAA5DA382.e.11943"}]}
RESULT: {"script":"<script> [8489 bytes]","args":[{"element-6066-11e4-a52e-4f735466cecf":"f.5D121FC7909F200889B59C01A2F655FF.d.6BBCA6A02013CA0AF5552EFAAA5DA382.e.11943","ELEMENT":"f.5D121FC7909F200889B59C01A2F655FF.d.6BBCA6A02013CA0AF5552EFAAA5DA382.e.11943"}]}
COMMAND: GET /session/85be7df00c2941df1715a768c51ad8f5/element/f.5D121FC7909F200889B59C01A2F655FF.d.6BBCA6A02013CA0AF5552EFAAA5DA382.e.11943/enabled - {}
COMMAND: GET /session/85be7df00c2941df1715a768c51ad8f5/screenshot - {}
RESULT: {}
COMMAND: POST /session/85be7df00c2941df1715a768c51ad8f5/execute/sync - {"script":"<script> [8489 bytes]","args":[{"element-6066-11e4-a52e-4f735466cecf":"f.5D121FC7909F200889B59C01A2F655FF.d.6BBCA6A02013CA0AF5552EFAAA5DA382.e.11943","ELEMENT":"f.5D121FC7909F200889B59C01A2F655FF.d.6BBCA6A02013CA0AF5552EFAAA5DA382.e.11943"}]}
COMMAND: GET /session/85be7df00c2941df1715a768c51ad8f5/screenshot - {}
RESULT: {}
RESULT: {"script":"<script> [8489 bytes]","args":[{"element-6066-11e4-a52e-4f735466cecf":"f.5D121FC7909F200889B59C01A2F655FF.d.6BBCA6A02013CA0AF5552EFAAA5DA382.e.11943","ELEMENT":"f.5D121FC7909F200889B59C01A2F655FF.d.6BBCA6A02013CA0AF5552EFAAA5DA382.e.11943"}]}
COMMAND: POST /session/85be7df00c2941df1715a768c51ad8f5/execute/sync - {"script":"<script> [5351 bytes]","args":[{"element-6066-11e4-a52e-4f735466cecf":"f.5D121FC7909F200889B59C01A2F655FF.d.6BBCA6A02013CA0AF5552EFAAA5DA382.e.11943","ELEMENT":"f.5D121FC7909F200889B59C01A2F655FF.d.6BBCA6A02013CA0AF5552EFAAA5DA382.e.11943"}]}
COMMAND: GET /session/85be7df00c2941df1715a768c51ad8f5/screenshot - {}
RESULT: {}
RESULT: {"script":"<script> [5351 bytes]","args":[{"element-6066-11e4-a52e-4f735466cecf":"f.5D121FC7909F200889B59C01A2F655FF.d.6BBCA6A02013CA0AF5552EFAAA5DA382.e.11943","ELEMENT":"f.5D121FC7909F200889B59C01A2F655FF.d.6BBCA6A02013CA0AF5552EFAAA5DA382.e.11943"}]}
COMMAND: POST /session/85be7df00c2941df1715a768c51ad8f5/element/f.5D121FC7909F200889B59C01A2F655FF.d.6BBCA6A02013CA0AF5552EFAAA5DA382.e.11943/click - {}
COMMAND: GET /session/85be7df00c2941df1715a768c51ad8f5/screenshot - {}
RESULT: {}
RESULT: {}
COMMAND: GET /session/85be7df00c2941df1715a768c51ad8f5/screenshot - {}
COMMAND: POST /session/85be7df00c2941df1715a768c51ad8f5/element - {"using":"xpath","value":"//input[@id=\"application-manageyards-display-component---NewYard--yardId-inner\"]"}
RESULT: {}
RESULT: {}
RESULT: {"using":"xpath","value":"//input[@id=\"application-manageyards-display-component---NewYard--yardId-inner\"]"}
COMMAND: POST /session/85be7df00c2941df1715a768c51ad8f5/element - {"using":"xpath","value":"//input[@id=\"application-manageyards-display-component---NewYard--yardId-inner\"]"}
RESULT: {"using":"xpath","value":"//input[@id=\"application-manageyards-display-component---NewYard--yardId-inner\"]"}
COMMAND: POST /session/85be7df00c2941df1715a768c51ad8f5/execute/async - {"script":"<script> [1562 bytes]","args":[{"selector":{"id":"application-manageyards-display-component---NewYard--addressDetailDetailsName1","interaction":{"idSuffix":"inner"}},"wdio_ui5_key":"applicationmanageyards-display-component---NewYard--addressDetailDetailsName1"}]}
RESULT: {"script":"<script> [1562 bytes]","args":[{"selector":{"id":"application-manageyards-display-component---NewYard--addressDetailDetailsName1","interaction":{"idSuffix":"inner"}},"wdio_ui5_key":"applicationmanageyards-display-component---NewYard--addressDetailDetailsName1"}]}
RESULT: undefined
COMMAND: POST /session/85be7df00c2941df1715a768c51ad8f5/execute/async - {"script":"<script> [776 bytes]","args":[{"enterText":"Other Yard WDIO","selector":{"id":"application-manageyards-display-component---NewYard--addressDetailDetailsName1","interaction":{"idSuffix":"inner"}},"clearTextFirst":true,"interactionType":"ENTER_TEXT"}]}
RESULT: {"script":"<script> [776 bytes]","args":[{"enterText":"Other Yard WDIO","selector":{"id":"application-manageyards-display-component---NewYard--addressDetailDetailsName1","interaction":{"idSuffix":"inner"}},"clearTextFirst":true,"interactionType":"ENTER_TEXT"}]}
COMMAND: POST /session/85be7df00c2941df1715a768c51ad8f5/execute/async - {"script":"<script> [1562 bytes]","args":[{"selector":{"id":"application-manageyards-display-component---NewYard--addressDetailDetailsLanguage-arrow"},"wdio_ui5_key":"applicationmanageyards-display-component---NewYard--addressDetailDetailsLanguage-arrow"}]}
RESULT: {"script":"<script> [1562 bytes]","args":[{"selector":{"id":"application-manageyards-display-component---NewYard--addressDetailDetailsLanguage-arrow"},"wdio_ui5_key":"applicationmanageyards-display-component---NewYard--addressDetailDetailsLanguage-arrow"}]}
RESULT: undefined
COMMAND: POST /session/85be7df00c2941df1715a768c51ad8f5/element - {"using":"xpath","value":"//*[@id=\"application-manageyards-display-component---NewYard--addressDetailDetailsLanguage-arrow\"]"}
RESULT: {"using":"xpath","value":"//*[@id=\"application-manageyards-display-component---NewYard--addressDetailDetailsLanguage-arrow\"]"}
COMMAND: POST /session/85be7df00c2941df1715a768c51ad8f5/element/f.5D121FC7909F200889B59C01A2F655FF.d.6BBCA6A02013CA0AF5552EFAAA5DA382.e.12379/click - {}
RESULT: {}
COMMAND: POST /session/85be7df00c2941df1715a768c51ad8f5/element - {"using":"xpath","value":"//span[contains(text(), \"English\")]"}
COMMAND: GET /session/85be7df00c2941df1715a768c51ad8f5/screenshot - {}
RESULT: {"using":"xpath","value":"//span[contains(text(), \"English\")]"}
COMMAND: POST /session/85be7df00c2941df1715a768c51ad8f5/element/f.5D121FC7909F200889B59C01A2F655FF.d.6BBCA6A02013CA0AF5552EFAAA5DA382.e.12380/click - {}
RESULT: {}
RESULT: {}
COMMAND: POST /session/85be7df00c2941df1715a768c51ad8f5/execute/async - {"script":"<script> [1562 bytes]","args":[{"selector":{"id":"application-manageyards-display-component---NewYard--addressDetailDetailsCity1","interaction":{"idSuffix":"inner"}},"wdio_ui5_key":"applicationmanageyards-display-component---NewYard--addressDetailDetailsCity1"}]}
COMMAND: GET /session/85be7df00c2941df1715a768c51ad8f5/screenshot - {}
RESULT: {"script":"<script> [1562 bytes]","args":[{"selector":{"id":"application-manageyards-display-component---NewYard--addressDetailDetailsCity1","interaction":{"idSuffix":"inner"}},"wdio_ui5_key":"applicationmanageyards-display-component---NewYard--addressDetailDetailsCity1"}]}
RESULT: undefined
COMMAND: POST /session/85be7df00c2941df1715a768c51ad8f5/execute/async - {"script":"<script> [776 bytes]","args":[{"enterText":"Rosario","selector":{"id":"application-manageyards-display-component---NewYard--addressDetailDetailsCity1","interaction":{"idSuffix":"inner"}},"clearTextFirst":true,"interactionType":"ENTER_TEXT"}]}
RESULT: {}
RESULT: {"script":"<script> [776 bytes]","args":[{"enterText":"Rosario","selector":{"id":"application-manageyards-display-component---NewYard--addressDetailDetailsCity1","interaction":{"idSuffix":"inner"}},"clearTextFirst":true,"interactionType":"ENTER_TEXT"}]}
COMMAND: POST /session/85be7df00c2941df1715a768c51ad8f5/execute/async - {"script":"<script> [1562 bytes]","args":[{"selector":{"id":"application-manageyards-display-component---NewYard--addressDetailDetailsCountry-arrow"},"wdio_ui5_key":"applicationmanageyards-display-component---NewYard--addressDetailDetailsCountry-arrow"}]}
RESULT: {"script":"<script> [1562 bytes]","args":[{"selector":{"id":"application-manageyards-display-component---NewYard--addressDetailDetailsCountry-arrow"},"wdio_ui5_key":"applicationmanageyards-display-component---NewYard--addressDetailDetailsCountry-arrow"}]}
RESULT: undefined
COMMAND: POST /session/85be7df00c2941df1715a768c51ad8f5/element - {"using":"xpath","value":"//*[@id=\"application-manageyards-display-component---NewYard--addressDetailDetailsCountry-arrow\"]"}
RESULT: {"using":"xpath","value":"//*[@id=\"application-manageyards-display-component---NewYard--addressDetailDetailsCountry-arrow\"]"}
COMMAND: POST /session/85be7df00c2941df1715a768c51ad8f5/element/f.5D121FC7909F200889B59C01A2F655FF.d.6BBCA6A02013CA0AF5552EFAAA5DA382.e.12382/click - {}
RESULT: {}
COMMAND: POST /session/85be7df00c2941df1715a768c51ad8f5/element - {"using":"xpath","value":"//span[contains(text(), \"Argentina\")]"}
COMMAND: GET /session/85be7df00c2941df1715a768c51ad8f5/screenshot - {}
RESULT: {"using":"xpath","value":"//span[contains(text(), \"Argentina\")]"}
COMMAND: POST /session/85be7df00c2941df1715a768c51ad8f5/element/f.5D121FC7909F200889B59C01A2F655FF.d.6BBCA6A02013CA0AF5552EFAAA5DA382.e.12384/click - {}
RESULT: {}
RESULT: {}
COMMAND: POST /session/85be7df00c2941df1715a768c51ad8f5/execute/async - {"script":"<script> [1562 bytes]","args":[{"selector":{"id":"application-manageyards-display-component---NewYard--addressEditDetailsCostObjectCstType-arrow"},"wdio_ui5_key":"applicationmanageyards-display-component---NewYard--addressEditDetailsCostObjectCstType-arrow"}]}
COMMAND: GET /session/85be7df00c2941df1715a768c51ad8f5/screenshot - {}
RESULT: {"script":"<script> [1562 bytes]","args":[{"selector":{"id":"application-manageyards-display-component---NewYard--addressEditDetailsCostObjectCstType-arrow"},"wdio_ui5_key":"applicationmanageyards-display-component---NewYard--addressEditDetailsCostObjectCstType-arrow"}]}
RESULT: undefined
COMMAND: POST /session/85be7df00c2941df1715a768c51ad8f5/element - {"using":"xpath","value":"//*[@id=\"application-manageyards-display-component---NewYard--addressEditDetailsCostObjectCstType-arrow\"]"}
RESULT: {}
RESULT: {"using":"xpath","value":"//*[@id=\"application-manageyards-display-component---NewYard--addressEditDetailsCostObjectCstType-arrow\"]"}
COMMAND: POST /session/85be7df00c2941df1715a768c51ad8f5/element/f.5D121FC7909F200889B59C01A2F655FF.d.6BBCA6A02013CA0AF5552EFAAA5DA382.e.12385/click - {}
RESULT: {}
COMMAND: POST /session/85be7df00c2941df1715a768c51ad8f5/element - {"using":"xpath","value":"//span[contains(text(), \"Cost Center\")]"}
COMMAND: GET /session/85be7df00c2941df1715a768c51ad8f5/screenshot - {}
RESULT: {"using":"xpath","value":"//span[contains(text(), \"Cost Center\")]"}
COMMAND: POST /session/85be7df00c2941df1715a768c51ad8f5/element/f.5D121FC7909F200889B59C01A2F655FF.d.6BBCA6A02013CA0AF5552EFAAA5DA382.e.12386/click - {}
RESULT: {}
RESULT: {}
COMMAND: GET /session/85be7df00c2941df1715a768c51ad8f5/screenshot - {}
RESULT: {}
COMMAND: POST /session/85be7df00c2941df1715a768c51ad8f5/element - {"using":"xpath","value":"//span[@id=\"application-manageyards-display-component---NewYard--addressNewCostObjectCstID-vhi\"]"}
RESULT: {"using":"xpath","value":"//span[@id=\"application-manageyards-display-component---NewYard--addressNewCostObjectCstID-vhi\"]"}
COMMAND: POST /session/85be7df00c2941df1715a768c51ad8f5/execute/sync - {"script":"<script> [8489 bytes]","args":[{"element-6066-11e4-a52e-4f735466cecf":"f.5D121FC7909F200889B59C01A2F655FF.d.6BBCA6A02013CA0AF5552EFAAA5DA382.e.12390","ELEMENT":"f.5D121FC7909F200889B59C01A2F655FF.d.6BBCA6A02013CA0AF5552EFAAA5DA382.e.12390"}]}
RESULT: {"script":"<script> [8489 bytes]","args":[{"element-6066-11e4-a52e-4f735466cecf":"f.5D121FC7909F200889B59C01A2F655FF.d.6BBCA6A02013CA0AF5552EFAAA5DA382.e.12390","ELEMENT":"f.5D121FC7909F200889B59C01A2F655FF.d.6BBCA6A02013CA0AF5552EFAAA5DA382.e.12390"}]}
COMMAND: POST /session/85be7df00c2941df1715a768c51ad8f5/execute/async - {"script":"<script> [1562 bytes]","args":[{"selector":{"id":"application-manageyards-display-component---NewYard--addressNewCostObjectCstID-vhi"},"wdio_ui5_key":"applicationmanageyards-display-component---NewYard--addressNewCostObjectCstID-vhi"}]}
COMMAND: GET /session/85be7df00c2941df1715a768c51ad8f5/screenshot - {}
RESULT: {"script":"<script> [1562 bytes]","args":[{"selector":{"id":"application-manageyards-display-component---NewYard--addressNewCostObjectCstID-vhi"},"wdio_ui5_key":"applicationmanageyards-display-component---NewYard--addressNewCostObjectCstID-vhi"}]}
RESULT: undefined
COMMAND: POST /session/85be7df00c2941df1715a768c51ad8f5/element - {"using":"xpath","value":"//*[@id=\"application-manageyards-display-component---NewYard--addressNewCostObjectCstID-vhi\"]"}
RESULT: {}
RESULT: {"using":"xpath","value":"//*[@id=\"application-manageyards-display-component---NewYard--addressNewCostObjectCstID-vhi\"]"}
COMMAND: POST /session/85be7df00c2941df1715a768c51ad8f5/element/f.5D121FC7909F200889B59C01A2F655FF.d.6BBCA6A02013CA0AF5552EFAAA5DA382.e.12390/click - {}
RESULT: {}
COMMAND: GET /session/85be7df00c2941df1715a768c51ad8f5/screenshot - {}
RESULT: {}
COMMAND: POST /session/85be7df00c2941df1715a768c51ad8f5/execute/async - {"script":"<script> [1562 bytes]","args":[{"selector":{"controlType":"sap.m.SearchField","properties":{"placeholder":"Search"},"searchOpenDialogs":true,"interaction":{"idSuffix":"I"}},"wdio_ui5_key":"sapm.SearchField{\"placeholder\":\"Search\"}"}]}
RESULT: {"script":"<script> [1562 bytes]","args":[{"selector":{"controlType":"sap.m.SearchField","properties":{"placeholder":"Search"},"searchOpenDialogs":true,"interaction":{"idSuffix":"I"}},"wdio_ui5_key":"sapm.SearchField{\"placeholder\":\"Search\"}"}]}
RESULT: undefined
COMMAND: POST /session/85be7df00c2941df1715a768c51ad8f5/execute/async - {"script":"<script> [776 bytes]","args":[{"enterText":"bauh_b","selector":{"controlType":"sap.m.SearchField","properties":{"placeholder":"Search"},"searchOpenDialogs":true,"interaction":{"idSuffix":"I"}},"clearTextFirst":true,"interactionType":"ENTER_TEXT"}]}
RESULT: {"script":"<script> [776 bytes]","args":[{"enterText":"bauh_b","selector":{"controlType":"sap.m.SearchField","properties":{"placeholder":"Search"},"searchOpenDialogs":true,"interaction":{"idSuffix":"I"}},"clearTextFirst":true,"interactionType":"ENTER_TEXT"}]}
COMMAND: POST /session/85be7df00c2941df1715a768c51ad8f5/actions - {"actions":[{"id":"action40","type":"key","parameters":{},"actions":[{"type":"keyDown","value":""},{"type":"pause","duration":10},{"type":"keyUp","value":""}]}]}
RESULT: {"actions":[{"id":"action40","type":"key","parameters":{},"actions":[{"type":"keyDown","value":""},{"type":"pause","duration":10},{"type":"keyUp","value":""}]}]}
COMMAND: GET /session/85be7df00c2941df1715a768c51ad8f5/screenshot - {}
RESULT: {}
COMMAND: POST /session/85be7df00c2941df1715a768c51ad8f5/element - {"using":"xpath","value":"//span[contains(text(), \"Demo Yard\")]"}
RESULT: {"using":"xpath","value":"//span[contains(text(), \"Demo Yard\")]"}
COMMAND: POST /session/85be7df00c2941df1715a768c51ad8f5/element/f.5D121FC7909F200889B59C01A2F655FF.d.6BBCA6A02013CA0AF5552EFAAA5DA382.e.12431/click - {}
RESULT: {}
COMMAND: GET /session/85be7df00c2941df1715a768c51ad8f5/screenshot - {}
RESULT: {}
COMMAND: POST /session/85be7df00c2941df1715a768c51ad8f5/element - {"using":"xpath","value":"//bdi[contains(text(), \"OK\")]"}
RESULT: {"using":"xpath","value":"//bdi[contains(text(), \"OK\")]"}
COMMAND: POST /session/85be7df00c2941df1715a768c51ad8f5/element/f.5D121FC7909F200889B59C01A2F655FF.d.6BBCA6A02013CA0AF5552EFAAA5DA382.e.12432/click - {}
RESULT: {}
COMMAND: GET /session/85be7df00c2941df1715a768c51ad8f5/screenshot - {}
RESULT: {}
COMMAND: POST /session/85be7df00c2941df1715a768c51ad8f5/execute/async - {"script":"<script> [1562 bytes]","args":[{"selector":{"id":"application-manageyards-display-component---NewYard--addressEditDetailsCurrency-arrow"},"wdio_ui5_key":"applicationmanageyards-display-component---NewYard--addressEditDetailsCurrency-arrow"}]}
RESULT: {"script":"<script> [1562 bytes]","args":[{"selector":{"id":"application-manageyards-display-component---NewYard--addressEditDetailsCurrency-arrow"},"wdio_ui5_key":"applicationmanageyards-display-component---NewYard--addressEditDetailsCurrency-arrow"}]}
RESULT: undefined
COMMAND: POST /session/85be7df00c2941df1715a768c51ad8f5/element - {"using":"xpath","value":"//*[@id=\"application-manageyards-display-component---NewYard--addressEditDetailsCurrency-arrow\"]"}
RESULT: {"using":"xpath","value":"//*[@id=\"application-manageyards-display-component---NewYard--addressEditDetailsCurrency-arrow\"]"}
COMMAND: POST /session/85be7df00c2941df1715a768c51ad8f5/element/f.5D121FC7909F200889B59C01A2F655FF.d.6BBCA6A02013CA0AF5552EFAAA5DA382.e.12435/click - {}
RESULT: {}
COMMAND: POST /session/85be7df00c2941df1715a768c51ad8f5/element - {"using":"xpath","value":"//span[contains(text(), \"Euro\")]"}
COMMAND: GET /session/85be7df00c2941df1715a768c51ad8f5/screenshot - {}
RESULT: {"using":"xpath","value":"//span[contains(text(), \"Euro\")]"}
COMMAND: POST /session/85be7df00c2941df1715a768c51ad8f5/element/f.5D121FC7909F200889B59C01A2F655FF.d.6BBCA6A02013CA0AF5552EFAAA5DA382.e.12436/click - {}
RESULT: {}
RESULT: {}
COMMAND: POST /session/85be7df00c2941df1715a768c51ad8f5/execute/async - {"script":"<script> [1562 bytes]","args":[{"selector":{"controlType":"sap.m.Input","viewName":"etm.portal.ui.manageyards.view.New","viewId":"application-manageyards-display-component---NewYard","bindingPath":{"path":"","propertyPath":"/CONTROLLING_AREA","modelName":"NewYardModel"},"interaction":{"idSuffix":"inner"}},"wdio_ui5_key":"etmportal.ui.manageyards.view.Newsap.m.Input{\"path\":\"\",\"propertyPath\":\"/CONTROLLING_AREA\",\"modelName\":\"NewYardModel\"}"}]}
COMMAND: GET /session/85be7df00c2941df1715a768c51ad8f5/screenshot - {}
RESULT: {"script":"<script> [1562 bytes]","args":[{"selector":{"controlType":"sap.m.Input","viewName":"etm.portal.ui.manageyards.view.New","viewId":"application-manageyards-display-component---NewYard","bindingPath":{"path":"","propertyPath":"/CONTROLLING_AREA","modelName":"NewYardModel"},"interaction":{"idSuffix":"inner"}},"wdio_ui5_key":"etmportal.ui.manageyards.view.Newsap.m.Input{\"path\":\"\",\"propertyPath\":\"/CONTROLLING_AREA\",\"modelName\":\"NewYardModel\"}"}]}
RESULT: undefined
COMMAND: POST /session/85be7df00c2941df1715a768c51ad8f5/execute/async - {"script":"<script> [776 bytes]","args":[{"enterText":"Z001","selector":{"controlType":"sap.m.Input","viewName":"etm.portal.ui.manageyards.view.New","viewId":"application-manageyards-display-component---NewYard","bindingPath":{"path":"","propertyPath":"/CONTROLLING_AREA","modelName":"NewYardModel"},"interaction":{"idSuffix":"inner"}},"clearTextFirst":true,"interactionType":"ENTER_TEXT"}]}
RESULT: {}
RESULT: {"script":"<script> [776 bytes]","args":[{"enterText":"Z001","selector":{"controlType":"sap.m.Input","viewName":"etm.portal.ui.manageyards.view.New","viewId":"application-manageyards-display-component---NewYard","bindingPath":{"path":"","propertyPath":"/CONTROLLING_AREA","modelName":"NewYardModel"},"interaction":{"idSuffix":"inner"}},"clearTextFirst":true,"interactionType":"ENTER_TEXT"}]}
COMMAND: POST /session/85be7df00c2941df1715a768c51ad8f5/execute/async - {"script":"<script> [1562 bytes]","args":[{"selector":{"id":"application-manageyards-display-component---NewYard--companyCodeComboBox","interaction":{"idSuffix":"inner"}},"wdio_ui5_key":"applicationmanageyards-display-component---NewYard--companyCodeComboBox"}]}
RESULT: {"script":"<script> [1562 bytes]","args":[{"selector":{"id":"application-manageyards-display-component---NewYard--companyCodeComboBox","interaction":{"idSuffix":"inner"}},"wdio_ui5_key":"applicationmanageyards-display-component---NewYard--companyCodeComboBox"}]}
RESULT: undefined
COMMAND: POST /session/85be7df00c2941df1715a768c51ad8f5/execute/async - {"script":"<script> [776 bytes]","args":[{"enterText":"1000","selector":{"id":"application-manageyards-display-component---NewYard--companyCodeComboBox","interaction":{"idSuffix":"inner"}},"clearTextFirst":true,"interactionType":"ENTER_TEXT"}]}
RESULT: {"script":"<script> [776 bytes]","args":[{"enterText":"1000","selector":{"id":"application-manageyards-display-component---NewYard--companyCodeComboBox","interaction":{"idSuffix":"inner"}},"clearTextFirst":true,"interactionType":"ENTER_TEXT"}]}
COMMAND: POST /session/85be7df00c2941df1715a768c51ad8f5/execute/async - {"script":"<script> [1562 bytes]","args":[{"selector":{"controlType":"sap.m.Input","viewName":"etm.portal.ui.manageyards.view.New","viewId":"application-manageyards-display-component---NewYard","bindingPath":{"path":"","propertyPath":"/PLANT","modelName":"NewYardModel"},"interaction":{"idSuffix":"inner"}},"wdio_ui5_key":"etmportal.ui.manageyards.view.Newsap.m.Input{\"path\":\"\",\"propertyPath\":\"/PLANT\",\"modelName\":\"NewYardModel\"}"}]}
RESULT: {"script":"<script> [1562 bytes]","args":[{"selector":{"controlType":"sap.m.Input","viewName":"etm.portal.ui.manageyards.view.New","viewId":"application-manageyards-display-component---NewYard","bindingPath":{"path":"","propertyPath":"/PLANT","modelName":"NewYardModel"},"interaction":{"idSuffix":"inner"}},"wdio_ui5_key":"etmportal.ui.manageyards.view.Newsap.m.Input{\"path\":\"\",\"propertyPath\":\"/PLANT\",\"modelName\":\"NewYardModel\"}"}]}
RESULT: undefined
COMMAND: POST /session/85be7df00c2941df1715a768c51ad8f5/execute/async - {"script":"<script> [776 bytes]","args":[{"enterText":"1001","selector":{"controlType":"sap.m.Input","viewName":"etm.portal.ui.manageyards.view.New","viewId":"application-manageyards-display-component---NewYard","bindingPath":{"path":"","propertyPath":"/PLANT","modelName":"NewYardModel"},"interaction":{"idSuffix":"inner"}},"clearTextFirst":true,"interactionType":"ENTER_TEXT"}]}
RESULT: {"script":"<script> [776 bytes]","args":[{"enterText":"1001","selector":{"controlType":"sap.m.Input","viewName":"etm.portal.ui.manageyards.view.New","viewId":"application-manageyards-display-component---NewYard","bindingPath":{"path":"","propertyPath":"/PLANT","modelName":"NewYardModel"},"interaction":{"idSuffix":"inner"}},"clearTextFirst":true,"interactionType":"ENTER_TEXT"}]}
COMMAND: POST /session/85be7df00c2941df1715a768c51ad8f5/execute/async - {"script":"<script> [1562 bytes]","args":[{"selector":{"controlType":"sap.m.Input","viewName":"etm.portal.ui.manageyards.view.New","viewId":"application-manageyards-display-component---NewYard","bindingPath":{"path":"","propertyPath":"/SALES_AREA_VKORG","modelName":"NewYardModel"},"interaction":{"idSuffix":"inner"}},"wdio_ui5_key":"etmportal.ui.manageyards.view.Newsap.m.Input{\"path\":\"\",\"propertyPath\":\"/SALES_AREA_VKORG\",\"modelName\":\"NewYardModel\"}"}]}
RESULT: {"script":"<script> [1562 bytes]","args":[{"selector":{"controlType":"sap.m.Input","viewName":"etm.portal.ui.manageyards.view.New","viewId":"application-manageyards-display-component---NewYard","bindingPath":{"path":"","propertyPath":"/SALES_AREA_VKORG","modelName":"NewYardModel"},"interaction":{"idSuffix":"inner"}},"wdio_ui5_key":"etmportal.ui.manageyards.view.Newsap.m.Input{\"path\":\"\",\"propertyPath\":\"/SALES_AREA_VKORG\",\"modelName\":\"NewYardModel\"}"}]}
RESULT: undefined
COMMAND: POST /session/85be7df00c2941df1715a768c51ad8f5/execute/async - {"script":"<script> [776 bytes]","args":[{"enterText":"C002","selector":{"controlType":"sap.m.Input","viewName":"etm.portal.ui.manageyards.view.New","viewId":"application-manageyards-display-component---NewYard","bindingPath":{"path":"","propertyPath":"/SALES_AREA_VKORG","modelName":"NewYardModel"},"interaction":{"idSuffix":"inner"}},"clearTextFirst":true,"interactionType":"ENTER_TEXT"}]}
RESULT: {"script":"<script> [776 bytes]","args":[{"enterText":"C002","selector":{"controlType":"sap.m.Input","viewName":"etm.portal.ui.manageyards.view.New","viewId":"application-manageyards-display-component---NewYard","bindingPath":{"path":"","propertyPath":"/SALES_AREA_VKORG","modelName":"NewYardModel"},"interaction":{"idSuffix":"inner"}},"clearTextFirst":true,"interactionType":"ENTER_TEXT"}]}
COMMAND: POST /session/85be7df00c2941df1715a768c51ad8f5/execute/async - {"script":"<script> [1562 bytes]","args":[{"selector":{"controlType":"sap.m.Input","viewName":"etm.portal.ui.manageyards.view.New","viewId":"application-manageyards-display-component---NewYard","bindingPath":{"path":"","propertyPath":"/SALES_AREA_VTWEG","modelName":"NewYardModel"},"interaction":{"idSuffix":"inner"}},"wdio_ui5_key":"etmportal.ui.manageyards.view.Newsap.m.Input{\"path\":\"\",\"propertyPath\":\"/SALES_AREA_VTWEG\",\"modelName\":\"NewYardModel\"}"}]}
RESULT: {"script":"<script> [1562 bytes]","args":[{"selector":{"controlType":"sap.m.Input","viewName":"etm.portal.ui.manageyards.view.New","viewId":"application-manageyards-display-component---NewYard","bindingPath":{"path":"","propertyPath":"/SALES_AREA_VTWEG","modelName":"NewYardModel"},"interaction":{"idSuffix":"inner"}},"wdio_ui5_key":"etmportal.ui.manageyards.view.Newsap.m.Input{\"path\":\"\",\"propertyPath\":\"/SALES_AREA_VTWEG\",\"modelName\":\"NewYardModel\"}"}]}
RESULT: undefined
COMMAND: POST /session/85be7df00c2941df1715a768c51ad8f5/execute/async - {"script":"<script> [776 bytes]","args":[{"enterText":"C2","selector":{"controlType":"sap.m.Input","viewName":"etm.portal.ui.manageyards.view.New","viewId":"application-manageyards-display-component---NewYard","bindingPath":{"path":"","propertyPath":"/SALES_AREA_VTWEG","modelName":"NewYardModel"},"interaction":{"idSuffix":"inner"}},"clearTextFirst":true,"interactionType":"ENTER_TEXT"}]}
RESULT: {"script":"<script> [776 bytes]","args":[{"enterText":"C2","selector":{"controlType":"sap.m.Input","viewName":"etm.portal.ui.manageyards.view.New","viewId":"application-manageyards-display-component---NewYard","bindingPath":{"path":"","propertyPath":"/SALES_AREA_VTWEG","modelName":"NewYardModel"},"interaction":{"idSuffix":"inner"}},"clearTextFirst":true,"interactionType":"ENTER_TEXT"}]}
COMMAND: POST /session/85be7df00c2941df1715a768c51ad8f5/execute/async - {"script":"<script> [1562 bytes]","args":[{"selector":{"controlType":"sap.m.Input","viewName":"etm.portal.ui.manageyards.view.New","viewId":"application-manageyards-display-component---NewYard","bindingPath":{"path":"","propertyPath":"/SALES_AREA_SPART","modelName":"NewYardModel"},"interaction":{"idSuffix":"inner"}},"wdio_ui5_key":"etmportal.ui.manageyards.view.Newsap.m.Input{\"path\":\"\",\"propertyPath\":\"/SALES_AREA_SPART\",\"modelName\":\"NewYardModel\"}"}]}
RESULT: {"script":"<script> [1562 bytes]","args":[{"selector":{"controlType":"sap.m.Input","viewName":"etm.portal.ui.manageyards.view.New","viewId":"application-manageyards-display-component---NewYard","bindingPath":{"path":"","propertyPath":"/SALES_AREA_SPART","modelName":"NewYardModel"},"interaction":{"idSuffix":"inner"}},"wdio_ui5_key":"etmportal.ui.manageyards.view.Newsap.m.Input{\"path\":\"\",\"propertyPath\":\"/SALES_AREA_SPART\",\"modelName\":\"NewYardModel\"}"}]}
RESULT: undefined
COMMAND: POST /session/85be7df00c2941df1715a768c51ad8f5/execute/async - {"script":"<script> [776 bytes]","args":[{"enterText":"C2","selector":{"controlType":"sap.m.Input","viewName":"etm.portal.ui.manageyards.view.New","viewId":"application-manageyards-display-component---NewYard","bindingPath":{"path":"","propertyPath":"/SALES_AREA_SPART","modelName":"NewYardModel"},"interaction":{"idSuffix":"inner"}},"clearTextFirst":true,"interactionType":"ENTER_TEXT"}]}
RESULT: {"script":"<script> [776 bytes]","args":[{"enterText":"C2","selector":{"controlType":"sap.m.Input","viewName":"etm.portal.ui.manageyards.view.New","viewId":"application-manageyards-display-component---NewYard","bindingPath":{"path":"","propertyPath":"/SALES_AREA_SPART","modelName":"NewYardModel"},"interaction":{"idSuffix":"inner"}},"clearTextFirst":true,"interactionType":"ENTER_TEXT"}]}
COMMAND: POST /session/85be7df00c2941df1715a768c51ad8f5/execute/async - {"script":"<script> [1562 bytes]","args":[{"selector":{"controlType":"sap.m.Input","viewName":"etm.portal.ui.manageyards.view.New","viewId":"application-manageyards-display-component---NewYard","bindingPath":{"path":"","propertyPath":"/SHIP_POINT","modelName":"NewYardModel"},"interaction":{"idSuffix":"inner"}},"wdio_ui5_key":"etmportal.ui.manageyards.view.Newsap.m.Input{\"path\":\"\",\"propertyPath\":\"/SHIP_POINT\",\"modelName\":\"NewYardModel\"}"}]}
RESULT: {"script":"<script> [1562 bytes]","args":[{"selector":{"controlType":"sap.m.Input","viewName":"etm.portal.ui.manageyards.view.New","viewId":"application-manageyards-display-component---NewYard","bindingPath":{"path":"","propertyPath":"/SHIP_POINT","modelName":"NewYardModel"},"interaction":{"idSuffix":"inner"}},"wdio_ui5_key":"etmportal.ui.manageyards.view.Newsap.m.Input{\"path\":\"\",\"propertyPath\":\"/SHIP_POINT\",\"modelName\":\"NewYardModel\"}"}]}
RESULT: undefined
COMMAND: POST /session/85be7df00c2941df1715a768c51ad8f5/execute/async - {"script":"<script> [776 bytes]","args":[{"enterText":"1710","selector":{"controlType":"sap.m.Input","viewName":"etm.portal.ui.manageyards.view.New","viewId":"application-manageyards-display-component---NewYard","bindingPath":{"path":"","propertyPath":"/SHIP_POINT","modelName":"NewYardModel"},"interaction":{"idSuffix":"inner"}},"clearTextFirst":true,"interactionType":"ENTER_TEXT"}]}
RESULT: {"script":"<script> [776 bytes]","args":[{"enterText":"1710","selector":{"controlType":"sap.m.Input","viewName":"etm.portal.ui.manageyards.view.New","viewId":"application-manageyards-display-component---NewYard","bindingPath":{"path":"","propertyPath":"/SHIP_POINT","modelName":"NewYardModel"},"interaction":{"idSuffix":"inner"}},"clearTextFirst":true,"interactionType":"ENTER_TEXT"}]}
COMMAND: POST /session/85be7df00c2941df1715a768c51ad8f5/execute/async - {"script":"<script> [1562 bytes]","args":[{"selector":{"controlType":"sap.m.Input","viewName":"etm.portal.ui.manageyards.view.New","viewId":"application-manageyards-display-component---NewYard","bindingPath":{"path":"","propertyPath":"/DELIVERY_TYPE","modelName":"NewYardModel"},"interaction":{"idSuffix":"inner"}},"wdio_ui5_key":"etmportal.ui.manageyards.view.Newsap.m.Input{\"path\":\"\",\"propertyPath\":\"/DELIVERY_TYPE\",\"modelName\":\"NewYardModel\"}"}]}
RESULT: {"script":"<script> [1562 bytes]","args":[{"selector":{"controlType":"sap.m.Input","viewName":"etm.portal.ui.manageyards.view.New","viewId":"application-manageyards-display-component---NewYard","bindingPath":{"path":"","propertyPath":"/DELIVERY_TYPE","modelName":"NewYardModel"},"interaction":{"idSuffix":"inner"}},"wdio_ui5_key":"etmportal.ui.manageyards.view.Newsap.m.Input{\"path\":\"\",\"propertyPath\":\"/DELIVERY_TYPE\",\"modelName\":\"NewYardModel\"}"}]}
RESULT: undefined
COMMAND: POST /session/85be7df00c2941df1715a768c51ad8f5/execute/async - {"script":"<script> [776 bytes]","args":[{"enterText":"ZL01","selector":{"controlType":"sap.m.Input","viewName":"etm.portal.ui.manageyards.view.New","viewId":"application-manageyards-display-component---NewYard","bindingPath":{"path":"","propertyPath":"/DELIVERY_TYPE","modelName":"NewYardModel"},"interaction":{"idSuffix":"inner"}},"clearTextFirst":true,"interactionType":"ENTER_TEXT"}]}
RESULT: {"script":"<script> [776 bytes]","args":[{"enterText":"ZL01","selector":{"controlType":"sap.m.Input","viewName":"etm.portal.ui.manageyards.view.New","viewId":"application-manageyards-display-component---NewYard","bindingPath":{"path":"","propertyPath":"/DELIVERY_TYPE","modelName":"NewYardModel"},"interaction":{"idSuffix":"inner"}},"clearTextFirst":true,"interactionType":"ENTER_TEXT"}]}
COMMAND: POST /session/85be7df00c2941df1715a768c51ad8f5/execute/async - {"script":"<script> [1562 bytes]","args":[{"selector":{"controlType":"sap.m.Input","viewName":"etm.portal.ui.manageyards.view.New","viewId":"application-manageyards-display-component---NewYard","bindingPath":{"path":"","propertyPath":"/AUART","modelName":"NewYardModel"},"interaction":{"idSuffix":"inner"}},"wdio_ui5_key":"etmportal.ui.manageyards.view.Newsap.m.Input{\"path\":\"\",\"propertyPath\":\"/AUART\",\"modelName\":\"NewYardModel\"}"}]}
RESULT: {"script":"<script> [1562 bytes]","args":[{"selector":{"controlType":"sap.m.Input","viewName":"etm.portal.ui.manageyards.view.New","viewId":"application-manageyards-display-component---NewYard","bindingPath":{"path":"","propertyPath":"/AUART","modelName":"NewYardModel"},"interaction":{"idSuffix":"inner"}},"wdio_ui5_key":"etmportal.ui.manageyards.view.Newsap.m.Input{\"path\":\"\",\"propertyPath\":\"/AUART\",\"modelName\":\"NewYardModel\"}"}]}
RESULT: undefined
COMMAND: POST /session/85be7df00c2941df1715a768c51ad8f5/execute/async - {"script":"<script> [776 bytes]","args":[{"enterText":"TA","selector":{"controlType":"sap.m.Input","viewName":"etm.portal.ui.manageyards.view.New","viewId":"application-manageyards-display-component---NewYard","bindingPath":{"path":"","propertyPath":"/AUART","modelName":"NewYardModel"},"interaction":{"idSuffix":"inner"}},"clearTextFirst":true,"interactionType":"ENTER_TEXT"}]}
RESULT: {"script":"<script> [776 bytes]","args":[{"enterText":"TA","selector":{"controlType":"sap.m.Input","viewName":"etm.portal.ui.manageyards.view.New","viewId":"application-manageyards-display-component---NewYard","bindingPath":{"path":"","propertyPath":"/AUART","modelName":"NewYardModel"},"interaction":{"idSuffix":"inner"}},"clearTextFirst":true,"interactionType":"ENTER_TEXT"}]}
COMMAND: POST /session/85be7df00c2941df1715a768c51ad8f5/element - {"using":"xpath","value":"//button[@data-kt=\"newYardSaveButton\"]"}
RESULT: {"using":"xpath","value":"//button[@data-kt=\"newYardSaveButton\"]"}
COMMAND: POST /session/85be7df00c2941df1715a768c51ad8f5/element/f.5D121FC7909F200889B59C01A2F655FF.d.6BBCA6A02013CA0AF5552EFAAA5DA382.e.12344/click - {}
RESULT: {}
COMMAND: GET /session/85be7df00c2941df1715a768c51ad8f5/screenshot - {}
RESULT: {}
COMMAND: POST /session/85be7df00c2941df1715a768c51ad8f5/element - {"using":"xpath","value":"//header[contains(@id, 'ObjectPageLayout-headerTitle')]/div[1]/div[2]/div[1]/span[1]"}
RESULT: {"using":"xpath","value":"//header[contains(@id, 'ObjectPageLayout-headerTitle')]/div[1]/div[2]/div[1]/span[1]"}
COMMAND: POST /session/85be7df00c2941df1715a768c51ad8f5/elements - {"using":"xpath","value":"//header[contains(@id, 'ObjectPageLayout-headerTitle')]/div[1]/div[2]/div[1]/span[1]"}
RESULT: {"using":"xpath","value":"//header[contains(@id, 'ObjectPageLayout-headerTitle')]/div[1]/div[2]/div[1]/span[1]"}
COMMAND: POST /session/85be7df00c2941df1715a768c51ad8f5/execute/sync - {"script":"<script> [56 bytes]","args":[{"element-6066-11e4-a52e-4f735466cecf":"f.5D121FC7909F200889B59C01A2F655FF.d.6BBCA6A02013CA0AF5552EFAAA5DA382.e.12656","ELEMENT":"f.5D121FC7909F200889B59C01A2F655FF.d.6BBCA6A02013CA0AF5552EFAAA5DA382.e.12656"}]}
RESULT: {"script":"<script> [56 bytes]","args":[{"element-6066-11e4-a52e-4f735466cecf":"f.5D121FC7909F200889B59C01A2F655FF.d.6BBCA6A02013CA0AF5552EFAAA5DA382.e.12656","ELEMENT":"f.5D121FC7909F200889B59C01A2F655FF.d.6BBCA6A02013CA0AF5552EFAAA5DA382.e.12656"}]}
COMMAND: GET /session/85be7df00c2941df1715a768c51ad8f5/screenshot - {}
RESULT: {}
COMMAND: POST /session/85be7df00c2941df1715a768c51ad8f5/element - {"using":"css selector","value":"#shell-header-logo"}
RESULT: {"using":"css selector","value":"#shell-header-logo"}
COMMAND: POST /session/85be7df00c2941df1715a768c51ad8f5/element/f.5D121FC7909F200889B59C01A2F655FF.d.6BBCA6A02013CA0AF5552EFAAA5DA382.e.11799/click - {}
RESULT: {}
COMMAND: GET /session/85be7df00c2941df1715a768c51ad8f5/screenshot - {}
RESULT: {}
COMMAND: POST /session/85be7df00c2941df1715a768c51ad8f5/execute/sync - {"script":"<script> [299 bytes]","args":[["getModel","getResource"]]}
RESULT: {"script":"<script> [299 bytes]","args":[["getModel","getResource"]]}
COMMAND: GET /session/85be7df00c2941df1715a768c51ad8f5/screenshot - {}
]]></system-out>
    </testcase>
    <testcase classname="chrome.136_0_7103_93.windows.Provide_to_Site_w/o_warehouse_management_w/_clarification_US116605" name="Should create a new external partner" time="96.87">
      <system-out><![CDATA[
COMMAND: POST /session/85be7df00c2941df1715a768c51ad8f5/window/fullscreen - {}
RESULT: {}
RESULT: {}
COMMAND: POST /session/85be7df00c2941df1715a768c51ad8f5/execute/async - {"script":"<script> [1562 bytes]","args":[{"selector":{"controlType":"sap.m.GenericTile","properties":{"header":"Manage Partners"}},"wdio_ui5_key":"sapm.GenericTile{\"header\":\"Manage Partners\"}"}]}
RESULT: {"script":"<script> [1562 bytes]","args":[{"selector":{"controlType":"sap.m.GenericTile","properties":{"header":"Manage Partners"}},"wdio_ui5_key":"sapm.GenericTile{\"header\":\"Manage Partners\"}"}]}
RESULT: undefined
COMMAND: POST /session/85be7df00c2941df1715a768c51ad8f5/element - {"using":"xpath","value":"//*[@id=\"__tile30\"]"}
RESULT: {"using":"xpath","value":"//*[@id=\"__tile30\"]"}
COMMAND: POST /session/85be7df00c2941df1715a768c51ad8f5/element/f.5D121FC7909F200889B59C01A2F655FF.d.6BBCA6A02013CA0AF5552EFAAA5DA382.e.11813/click - {}
RESULT: {}
COMMAND: GET /session/85be7df00c2941df1715a768c51ad8f5/screenshot - {}
RESULT: {}
COMMAND: POST /session/85be7df00c2941df1715a768c51ad8f5/elements - {"using":"xpath","value":"//span[text()='Error']"}
RESULT: {"using":"xpath","value":"//span[text()='Error']"}
COMMAND: POST /session/85be7df00c2941df1715a768c51ad8f5/element - {"using":"xpath","value":"//button[@data-kt=\"addButton\"]"}
RESULT: {"using":"xpath","value":"//button[@data-kt=\"addButton\"]"}
COMMAND: POST /session/85be7df00c2941df1715a768c51ad8f5/elements - {"using":"xpath","value":"//button[@data-kt=\"addButton\"]"}
RESULT: {"using":"xpath","value":"//button[@data-kt=\"addButton\"]"}
COMMAND: POST /session/85be7df00c2941df1715a768c51ad8f5/execute/sync - {"script":"<script> [8489 bytes]","args":[{"element-6066-11e4-a52e-4f735466cecf":"f.5D121FC7909F200889B59C01A2F655FF.d.6BBCA6A02013CA0AF5552EFAAA5DA382.e.12704","ELEMENT":"f.5D121FC7909F200889B59C01A2F655FF.d.6BBCA6A02013CA0AF5552EFAAA5DA382.e.12704"}]}
RESULT: {"script":"<script> [8489 bytes]","args":[{"element-6066-11e4-a52e-4f735466cecf":"f.5D121FC7909F200889B59C01A2F655FF.d.6BBCA6A02013CA0AF5552EFAAA5DA382.e.12704","ELEMENT":"f.5D121FC7909F200889B59C01A2F655FF.d.6BBCA6A02013CA0AF5552EFAAA5DA382.e.12704"}]}
COMMAND: GET /session/85be7df00c2941df1715a768c51ad8f5/element/f.5D121FC7909F200889B59C01A2F655FF.d.6BBCA6A02013CA0AF5552EFAAA5DA382.e.12704/enabled - {}
RESULT: {}
COMMAND: POST /session/85be7df00c2941df1715a768c51ad8f5/execute/sync - {"script":"<script> [8489 bytes]","args":[{"element-6066-11e4-a52e-4f735466cecf":"f.5D121FC7909F200889B59C01A2F655FF.d.6BBCA6A02013CA0AF5552EFAAA5DA382.e.12704","ELEMENT":"f.5D121FC7909F200889B59C01A2F655FF.d.6BBCA6A02013CA0AF5552EFAAA5DA382.e.12704"}]}
COMMAND: GET /session/85be7df00c2941df1715a768c51ad8f5/screenshot - {}
COMMAND: GET /session/85be7df00c2941df1715a768c51ad8f5/screenshot - {}
RESULT: {"script":"<script> [8489 bytes]","args":[{"element-6066-11e4-a52e-4f735466cecf":"f.5D121FC7909F200889B59C01A2F655FF.d.6BBCA6A02013CA0AF5552EFAAA5DA382.e.12704","ELEMENT":"f.5D121FC7909F200889B59C01A2F655FF.d.6BBCA6A02013CA0AF5552EFAAA5DA382.e.12704"}]}
COMMAND: POST /session/85be7df00c2941df1715a768c51ad8f5/execute/sync - {"script":"<script> [5351 bytes]","args":[{"element-6066-11e4-a52e-4f735466cecf":"f.5D121FC7909F200889B59C01A2F655FF.d.6BBCA6A02013CA0AF5552EFAAA5DA382.e.12704","ELEMENT":"f.5D121FC7909F200889B59C01A2F655FF.d.6BBCA6A02013CA0AF5552EFAAA5DA382.e.12704"}]}
COMMAND: GET /session/85be7df00c2941df1715a768c51ad8f5/screenshot - {}
RESULT: {}
RESULT: {}
RESULT: {"script":"<script> [5351 bytes]","args":[{"element-6066-11e4-a52e-4f735466cecf":"f.5D121FC7909F200889B59C01A2F655FF.d.6BBCA6A02013CA0AF5552EFAAA5DA382.e.12704","ELEMENT":"f.5D121FC7909F200889B59C01A2F655FF.d.6BBCA6A02013CA0AF5552EFAAA5DA382.e.12704"}]}
COMMAND: POST /session/85be7df00c2941df1715a768c51ad8f5/element/f.5D121FC7909F200889B59C01A2F655FF.d.6BBCA6A02013CA0AF5552EFAAA5DA382.e.12704/click - {}
COMMAND: GET /session/85be7df00c2941df1715a768c51ad8f5/screenshot - {}
RESULT: {}
RESULT: {}
COMMAND: GET /session/85be7df00c2941df1715a768c51ad8f5/screenshot - {}
COMMAND: POST /session/85be7df00c2941df1715a768c51ad8f5/execute/async - {"script":"<script> [1562 bytes]","args":[{"selector":{"id":"application-managepartners-display-component---NewPartner--addressDetailDetailsName1","interaction":{"idSuffix":"inner"}},"wdio_ui5_key":"applicationmanagepartners-display-component---NewPartner--addressDetailDetailsName1"}]}
RESULT: {}
RESULT: {}
RESULT: {"script":"<script> [1562 bytes]","args":[{"selector":{"id":"application-managepartners-display-component---NewPartner--addressDetailDetailsName1","interaction":{"idSuffix":"inner"}},"wdio_ui5_key":"applicationmanagepartners-display-component---NewPartner--addressDetailDetailsName1"}]}
RESULT: undefined
COMMAND: POST /session/85be7df00c2941df1715a768c51ad8f5/execute/async - {"script":"<script> [776 bytes]","args":[{"enterText":"External Partner WDIO","selector":{"id":"application-managepartners-display-component---NewPartner--addressDetailDetailsName1","interaction":{"idSuffix":"inner"}},"clearTextFirst":true,"interactionType":"ENTER_TEXT"}]}
RESULT: {"script":"<script> [776 bytes]","args":[{"enterText":"External Partner WDIO","selector":{"id":"application-managepartners-display-component---NewPartner--addressDetailDetailsName1","interaction":{"idSuffix":"inner"}},"clearTextFirst":true,"interactionType":"ENTER_TEXT"}]}
COMMAND: POST /session/85be7df00c2941df1715a768c51ad8f5/execute/async - {"script":"<script> [1562 bytes]","args":[{"selector":{"id":"application-managepartners-display-component---NewPartner--addressDetailDetailsLanguage-arrow"},"wdio_ui5_key":"applicationmanagepartners-display-component---NewPartner--addressDetailDetailsLanguage-arrow"}]}
RESULT: {"script":"<script> [1562 bytes]","args":[{"selector":{"id":"application-managepartners-display-component---NewPartner--addressDetailDetailsLanguage-arrow"},"wdio_ui5_key":"applicationmanagepartners-display-component---NewPartner--addressDetailDetailsLanguage-arrow"}]}
RESULT: undefined
COMMAND: POST /session/85be7df00c2941df1715a768c51ad8f5/element - {"using":"xpath","value":"//*[@id=\"application-managepartners-display-component---NewPartner--addressDetailDetailsLanguage-arrow\"]"}
RESULT: {"using":"xpath","value":"//*[@id=\"application-managepartners-display-component---NewPartner--addressDetailDetailsLanguage-arrow\"]"}
COMMAND: POST /session/85be7df00c2941df1715a768c51ad8f5/element/f.5D121FC7909F200889B59C01A2F655FF.d.6BBCA6A02013CA0AF5552EFAAA5DA382.e.13089/click - {}
RESULT: {}
COMMAND: POST /session/85be7df00c2941df1715a768c51ad8f5/element - {"using":"xpath","value":"//span[contains(text(), \"English\")]"}
COMMAND: GET /session/85be7df00c2941df1715a768c51ad8f5/screenshot - {}
RESULT: {"using":"xpath","value":"//span[contains(text(), \"English\")]"}
COMMAND: POST /session/85be7df00c2941df1715a768c51ad8f5/element/f.5D121FC7909F200889B59C01A2F655FF.d.6BBCA6A02013CA0AF5552EFAAA5DA382.e.13090/click - {}
RESULT: {}
RESULT: {}
COMMAND: GET /session/85be7df00c2941df1715a768c51ad8f5/screenshot - {}
RESULT: {}
COMMAND: POST /session/85be7df00c2941df1715a768c51ad8f5/execute/async - {"script":"<script> [1562 bytes]","args":[{"selector":{"id":"application-managepartners-display-component---NewPartner--addressDetailDetailsCity1","interaction":{"idSuffix":"inner"}},"wdio_ui5_key":"applicationmanagepartners-display-component---NewPartner--addressDetailDetailsCity1"}]}
RESULT: {"script":"<script> [1562 bytes]","args":[{"selector":{"id":"application-managepartners-display-component---NewPartner--addressDetailDetailsCity1","interaction":{"idSuffix":"inner"}},"wdio_ui5_key":"applicationmanagepartners-display-component---NewPartner--addressDetailDetailsCity1"}]}
RESULT: undefined
COMMAND: POST /session/85be7df00c2941df1715a768c51ad8f5/execute/async - {"script":"<script> [776 bytes]","args":[{"enterText":"Rosario","selector":{"id":"application-managepartners-display-component---NewPartner--addressDetailDetailsCity1","interaction":{"idSuffix":"inner"}},"clearTextFirst":true,"interactionType":"ENTER_TEXT"}]}
RESULT: {"script":"<script> [776 bytes]","args":[{"enterText":"Rosario","selector":{"id":"application-managepartners-display-component---NewPartner--addressDetailDetailsCity1","interaction":{"idSuffix":"inner"}},"clearTextFirst":true,"interactionType":"ENTER_TEXT"}]}
COMMAND: POST /session/85be7df00c2941df1715a768c51ad8f5/execute/async - {"script":"<script> [1562 bytes]","args":[{"selector":{"id":"application-managepartners-display-component---NewPartner--addressDetailDetailsCountry-arrow"},"wdio_ui5_key":"applicationmanagepartners-display-component---NewPartner--addressDetailDetailsCountry-arrow"}]}
RESULT: {"script":"<script> [1562 bytes]","args":[{"selector":{"id":"application-managepartners-display-component---NewPartner--addressDetailDetailsCountry-arrow"},"wdio_ui5_key":"applicationmanagepartners-display-component---NewPartner--addressDetailDetailsCountry-arrow"}]}
RESULT: undefined
COMMAND: POST /session/85be7df00c2941df1715a768c51ad8f5/element - {"using":"xpath","value":"//*[@id=\"application-managepartners-display-component---NewPartner--addressDetailDetailsCountry-arrow\"]"}
RESULT: {"using":"xpath","value":"//*[@id=\"application-managepartners-display-component---NewPartner--addressDetailDetailsCountry-arrow\"]"}
COMMAND: POST /session/85be7df00c2941df1715a768c51ad8f5/element/f.5D121FC7909F200889B59C01A2F655FF.d.6BBCA6A02013CA0AF5552EFAAA5DA382.e.13071/click - {}
RESULT: {}
COMMAND: POST /session/85be7df00c2941df1715a768c51ad8f5/element - {"using":"xpath","value":"//span[contains(text(), \"Argentina\")]"}
COMMAND: GET /session/85be7df00c2941df1715a768c51ad8f5/screenshot - {}
RESULT: {"using":"xpath","value":"//span[contains(text(), \"Argentina\")]"}
COMMAND: POST /session/85be7df00c2941df1715a768c51ad8f5/element/f.5D121FC7909F200889B59C01A2F655FF.d.6BBCA6A02013CA0AF5552EFAAA5DA382.e.13092/click - {}
RESULT: {}
RESULT: {}
COMMAND: GET /session/85be7df00c2941df1715a768c51ad8f5/screenshot - {}
RESULT: {}
COMMAND: POST /session/85be7df00c2941df1715a768c51ad8f5/element - {"using":"xpath","value":"//bdi[contains(text(), \"Commercial\")]"}
RESULT: {"using":"xpath","value":"//bdi[contains(text(), \"Commercial\")]"}
COMMAND: POST /session/85be7df00c2941df1715a768c51ad8f5/element/f.5D121FC7909F200889B59C01A2F655FF.d.6BBCA6A02013CA0AF5552EFAAA5DA382.e.13093/click - {}
RESULT: {}
COMMAND: GET /session/85be7df00c2941df1715a768c51ad8f5/screenshot - {}
RESULT: {}
COMMAND: POST /session/85be7df00c2941df1715a768c51ad8f5/execute/async - {"script":"<script> [1562 bytes]","args":[{"selector":{"id":"application-managepartners-display-component---NewPartner--partnerDetailInternal-arrow"},"wdio_ui5_key":"applicationmanagepartners-display-component---NewPartner--partnerDetailInternal-arrow"}]}
RESULT: {"script":"<script> [1562 bytes]","args":[{"selector":{"id":"application-managepartners-display-component---NewPartner--partnerDetailInternal-arrow"},"wdio_ui5_key":"applicationmanagepartners-display-component---NewPartner--partnerDetailInternal-arrow"}]}
RESULT: undefined
COMMAND: POST /session/85be7df00c2941df1715a768c51ad8f5/element - {"using":"xpath","value":"//*[@id=\"application-managepartners-display-component---NewPartner--partnerDetailInternal-arrow\"]"}
RESULT: {"using":"xpath","value":"//*[@id=\"application-managepartners-display-component---NewPartner--partnerDetailInternal-arrow\"]"}
COMMAND: POST /session/85be7df00c2941df1715a768c51ad8f5/element/f.5D121FC7909F200889B59C01A2F655FF.d.6BBCA6A02013CA0AF5552EFAAA5DA382.e.13099/click - {}
RESULT: {}
COMMAND: POST /session/85be7df00c2941df1715a768c51ad8f5/element - {"using":"xpath","value":"//span[contains(text(), \"External partner\")]"}
COMMAND: GET /session/85be7df00c2941df1715a768c51ad8f5/screenshot - {}
RESULT: {"using":"xpath","value":"//span[contains(text(), \"External partner\")]"}
COMMAND: POST /session/85be7df00c2941df1715a768c51ad8f5/element/f.5D121FC7909F200889B59C01A2F655FF.d.6BBCA6A02013CA0AF5552EFAAA5DA382.e.13100/click - {}
RESULT: {}
RESULT: {}
COMMAND: POST /session/85be7df00c2941df1715a768c51ad8f5/execute/async - {"script":"<script> [1562 bytes]","args":[{"selector":{"id":"application-managepartners-display-component---NewPartner--partnerDetailsCurrency-arrow"},"wdio_ui5_key":"applicationmanagepartners-display-component---NewPartner--partnerDetailsCurrency-arrow"}]}
COMMAND: GET /session/85be7df00c2941df1715a768c51ad8f5/screenshot - {}
RESULT: {"script":"<script> [1562 bytes]","args":[{"selector":{"id":"application-managepartners-display-component---NewPartner--partnerDetailsCurrency-arrow"},"wdio_ui5_key":"applicationmanagepartners-display-component---NewPartner--partnerDetailsCurrency-arrow"}]}
RESULT: undefined
COMMAND: POST /session/85be7df00c2941df1715a768c51ad8f5/element - {"using":"xpath","value":"//*[@id=\"application-managepartners-display-component---NewPartner--partnerDetailsCurrency-arrow\"]"}
RESULT: {}
RESULT: {"using":"xpath","value":"//*[@id=\"application-managepartners-display-component---NewPartner--partnerDetailsCurrency-arrow\"]"}
COMMAND: POST /session/85be7df00c2941df1715a768c51ad8f5/element/f.5D121FC7909F200889B59C01A2F655FF.d.6BBCA6A02013CA0AF5552EFAAA5DA382.e.13105/click - {}
RESULT: {}
COMMAND: POST /session/85be7df00c2941df1715a768c51ad8f5/element - {"using":"xpath","value":"//span[contains(text(), \"US Dollar\")]"}
COMMAND: GET /session/85be7df00c2941df1715a768c51ad8f5/screenshot - {}
RESULT: {"using":"xpath","value":"//span[contains(text(), \"US Dollar\")]"}
COMMAND: POST /session/85be7df00c2941df1715a768c51ad8f5/element/f.5D121FC7909F200889B59C01A2F655FF.d.6BBCA6A02013CA0AF5552EFAAA5DA382.e.13106/click - {}
RESULT: {}
RESULT: {}
COMMAND: GET /session/85be7df00c2941df1715a768c51ad8f5/screenshot - {}
RESULT: {}
COMMAND: POST /session/85be7df00c2941df1715a768c51ad8f5/element - {"using":"xpath","value":"//input[@id=\"application-managepartners-display-component---NewPartner--companyCodeComboBox-inner\"]"}
RESULT: {"using":"xpath","value":"//input[@id=\"application-managepartners-display-component---NewPartner--companyCodeComboBox-inner\"]"}
COMMAND: POST /session/85be7df00c2941df1715a768c51ad8f5/element/f.5D121FC7909F200889B59C01A2F655FF.d.6BBCA6A02013CA0AF5552EFAAA5DA382.e.12951/clear - {}
RESULT: {}
COMMAND: POST /session/85be7df00c2941df1715a768c51ad8f5/element/f.5D121FC7909F200889B59C01A2F655FF.d.6BBCA6A02013CA0AF5552EFAAA5DA382.e.12951/value - {"text":"C002"}
COMMAND: GET /session/85be7df00c2941df1715a768c51ad8f5/screenshot - {}
RESULT: {"text":"C002"}
COMMAND: GET /session/85be7df00c2941df1715a768c51ad8f5/screenshot - {}
RESULT: {}
RESULT: {}
COMMAND: POST /session/85be7df00c2941df1715a768c51ad8f5/element - {"using":"xpath","value":"//li[.//span[text()= \"C002\"]]"}
RESULT: {"using":"xpath","value":"//li[.//span[text()= \"C002\"]]"}
COMMAND: POST /session/85be7df00c2941df1715a768c51ad8f5/element/f.5D121FC7909F200889B59C01A2F655FF.d.6BBCA6A02013CA0AF5552EFAAA5DA382.e.13110/click - {}
RESULT: {}
COMMAND: GET /session/85be7df00c2941df1715a768c51ad8f5/screenshot - {}
RESULT: {}
COMMAND: POST /session/85be7df00c2941df1715a768c51ad8f5/execute/async - {"script":"<script> [1562 bytes]","args":[{"selector":{"id":"application-managepartners-display-component---NewPartner--btnAddTableRow-img"},"wdio_ui5_key":"applicationmanagepartners-display-component---NewPartner--btnAddTableRow-img"}]}
RESULT: {"script":"<script> [1562 bytes]","args":[{"selector":{"id":"application-managepartners-display-component---NewPartner--btnAddTableRow-img"},"wdio_ui5_key":"applicationmanagepartners-display-component---NewPartner--btnAddTableRow-img"}]}
RESULT: undefined
COMMAND: POST /session/85be7df00c2941df1715a768c51ad8f5/element - {"using":"xpath","value":"//*[@id=\"application-managepartners-display-component---NewPartner--btnAddTableRow-img\"]"}
RESULT: {"using":"xpath","value":"//*[@id=\"application-managepartners-display-component---NewPartner--btnAddTableRow-img\"]"}
COMMAND: POST /session/85be7df00c2941df1715a768c51ad8f5/element/f.5D121FC7909F200889B59C01A2F655FF.d.6BBCA6A02013CA0AF5552EFAAA5DA382.e.13111/click - {}
RESULT: {}
COMMAND: GET /session/85be7df00c2941df1715a768c51ad8f5/screenshot - {}
RESULT: {}
COMMAND: POST /session/85be7df00c2941df1715a768c51ad8f5/element - {"using":"xpath","value":"//input[@id=\"application-managepartners-display-component---NewPartner--assignmentYard-application-managepartners-display-component---NewPartner--assignmentsTable-0-inner\"]"}
RESULT: {"using":"xpath","value":"//input[@id=\"application-managepartners-display-component---NewPartner--assignmentYard-application-managepartners-display-component---NewPartner--assignmentsTable-0-inner\"]"}
COMMAND: POST /session/85be7df00c2941df1715a768c51ad8f5/element/f.5D121FC7909F200889B59C01A2F655FF.d.6BBCA6A02013CA0AF5552EFAAA5DA382.e.13114/clear - {}
RESULT: {}
COMMAND: POST /session/85be7df00c2941df1715a768c51ad8f5/element/f.5D121FC7909F200889B59C01A2F655FF.d.6BBCA6A02013CA0AF5552EFAAA5DA382.e.13114/value - {"text":"228"}
COMMAND: GET /session/85be7df00c2941df1715a768c51ad8f5/screenshot - {}
RESULT: {"text":"228"}
COMMAND: GET /session/85be7df00c2941df1715a768c51ad8f5/screenshot - {}
RESULT: {}
RESULT: {}
COMMAND: POST /session/85be7df00c2941df1715a768c51ad8f5/element - {"using":"xpath","value":"//li[.//span[text()='228']]"}
RESULT: {"using":"xpath","value":"//li[.//span[text()='228']]"}
COMMAND: POST /session/85be7df00c2941df1715a768c51ad8f5/element/f.5D121FC7909F200889B59C01A2F655FF.d.6BBCA6A02013CA0AF5552EFAAA5DA382.e.13122/click - {}
RESULT: {}
COMMAND: GET /session/85be7df00c2941df1715a768c51ad8f5/screenshot - {}
RESULT: {}
COMMAND: POST /session/85be7df00c2941df1715a768c51ad8f5/actions - {"actions":[{"id":"action41","type":"key","parameters":{},"actions":[{"type":"keyDown","value":""},{"type":"pause","duration":10},{"type":"keyUp","value":""}]}]}
RESULT: {"actions":[{"id":"action41","type":"key","parameters":{},"actions":[{"type":"keyDown","value":""},{"type":"pause","duration":10},{"type":"keyUp","value":""}]}]}
COMMAND: POST /session/85be7df00c2941df1715a768c51ad8f5/element - {"using":"xpath","value":"//td[contains(@id, \"assignmentsTable-0-cell2\")]/div/div"}
COMMAND: GET /session/85be7df00c2941df1715a768c51ad8f5/screenshot - {}
RESULT: {"using":"xpath","value":"//td[contains(@id, \"assignmentsTable-0-cell2\")]/div/div"}
COMMAND: POST /session/85be7df00c2941df1715a768c51ad8f5/element/f.5D121FC7909F200889B59C01A2F655FF.d.6BBCA6A02013CA0AF5552EFAAA5DA382.e.13125/click - {}
RESULT: {}
RESULT: {}
COMMAND: GET /session/85be7df00c2941df1715a768c51ad8f5/screenshot - {}
RESULT: {}
COMMAND: POST /session/85be7df00c2941df1715a768c51ad8f5/element - {"using":"xpath","value":"//button[@data-kt=\"saveButton\"]"}
RESULT: {"using":"xpath","value":"//button[@data-kt=\"saveButton\"]"}
COMMAND: POST /session/85be7df00c2941df1715a768c51ad8f5/element/f.5D121FC7909F200889B59C01A2F655FF.d.6BBCA6A02013CA0AF5552EFAAA5DA382.e.13073/click - {}
RESULT: {}
COMMAND: GET /session/85be7df00c2941df1715a768c51ad8f5/screenshot - {}
RESULT: {}
COMMAND: POST /session/85be7df00c2941df1715a768c51ad8f5/element - {"using":"xpath","value":"//header[contains(@id, 'ObjectPageLayout-headerTitle')]/div[1]/div[2]/div[2]/span[1]"}
RESULT: {"using":"xpath","value":"//header[contains(@id, 'ObjectPageLayout-headerTitle')]/div[1]/div[2]/div[2]/span[1]"}
COMMAND: POST /session/85be7df00c2941df1715a768c51ad8f5/elements - {"using":"xpath","value":"//header[contains(@id, 'ObjectPageLayout-headerTitle')]/div[1]/div[2]/div[2]/span[1]"}
RESULT: {"using":"xpath","value":"//header[contains(@id, 'ObjectPageLayout-headerTitle')]/div[1]/div[2]/div[2]/span[1]"}
COMMAND: POST /session/85be7df00c2941df1715a768c51ad8f5/execute/sync - {"script":"<script> [56 bytes]","args":[{"element-6066-11e4-a52e-4f735466cecf":"f.5D121FC7909F200889B59C01A2F655FF.d.6BBCA6A02013CA0AF5552EFAAA5DA382.e.13261","ELEMENT":"f.5D121FC7909F200889B59C01A2F655FF.d.6BBCA6A02013CA0AF5552EFAAA5DA382.e.13261"}]}
RESULT: {"script":"<script> [56 bytes]","args":[{"element-6066-11e4-a52e-4f735466cecf":"f.5D121FC7909F200889B59C01A2F655FF.d.6BBCA6A02013CA0AF5552EFAAA5DA382.e.13261","ELEMENT":"f.5D121FC7909F200889B59C01A2F655FF.d.6BBCA6A02013CA0AF5552EFAAA5DA382.e.13261"}]}
COMMAND: POST /session/85be7df00c2941df1715a768c51ad8f5/element - {"using":"css selector","value":"#shell-header-logo"}
COMMAND: GET /session/85be7df00c2941df1715a768c51ad8f5/screenshot - {}
RESULT: {"using":"css selector","value":"#shell-header-logo"}
COMMAND: POST /session/85be7df00c2941df1715a768c51ad8f5/element/f.5D121FC7909F200889B59C01A2F655FF.d.6BBCA6A02013CA0AF5552EFAAA5DA382.e.12660/click - {}
RESULT: {}
RESULT: {}
COMMAND: GET /session/85be7df00c2941df1715a768c51ad8f5/screenshot - {}
RESULT: {}
COMMAND: POST /session/85be7df00c2941df1715a768c51ad8f5/execute/sync - {"script":"<script> [299 bytes]","args":[["getModel","getResource"]]}
RESULT: {"script":"<script> [299 bytes]","args":[["getModel","getResource"]]}
]]></system-out>
    </testcase>
    <testcase classname="chrome.136_0_7103_93.windows.Provide_to_Site_w/o_warehouse_management_w/_clarification_US116605" name="Should create a new site" time="159.343">
      <system-out><![CDATA[
COMMAND: GET /session/85be7df00c2941df1715a768c51ad8f5/screenshot - {}
COMMAND: POST /session/85be7df00c2941df1715a768c51ad8f5/execute/async - {"script":"<script> [1562 bytes]","args":[{"selector":{"controlType":"sap.m.GenericTile","properties":{"header":"Manage Sites"}},"wdio_ui5_key":"sapm.GenericTile{\"header\":\"Manage Sites\"}"}]}
RESULT: {}
RESULT: {"script":"<script> [1562 bytes]","args":[{"selector":{"controlType":"sap.m.GenericTile","properties":{"header":"Manage Sites"}},"wdio_ui5_key":"sapm.GenericTile{\"header\":\"Manage Sites\"}"}]}
RESULT: undefined
COMMAND: POST /session/85be7df00c2941df1715a768c51ad8f5/element - {"using":"xpath","value":"//*[@id=\"__tile32\"]"}
RESULT: {"using":"xpath","value":"//*[@id=\"__tile32\"]"}
COMMAND: POST /session/85be7df00c2941df1715a768c51ad8f5/element/f.5D121FC7909F200889B59C01A2F655FF.d.6BBCA6A02013CA0AF5552EFAAA5DA382.e.11819/click - {}
RESULT: {}
COMMAND: GET /session/85be7df00c2941df1715a768c51ad8f5/screenshot - {}
COMMAND: POST /session/85be7df00c2941df1715a768c51ad8f5/elements - {"using":"xpath","value":"//span[text()='Error']"}
RESULT: {}
RESULT: {"using":"xpath","value":"//span[text()='Error']"}
COMMAND: POST /session/85be7df00c2941df1715a768c51ad8f5/element - {"using":"xpath","value":"//button[@data-kt=\"addOverflowToolbarButton\"]"}
RESULT: {"using":"xpath","value":"//button[@data-kt=\"addOverflowToolbarButton\"]"}
COMMAND: POST /session/85be7df00c2941df1715a768c51ad8f5/elements - {"using":"xpath","value":"//button[@data-kt=\"addOverflowToolbarButton\"]"}
RESULT: {"using":"xpath","value":"//button[@data-kt=\"addOverflowToolbarButton\"]"}
COMMAND: POST /session/85be7df00c2941df1715a768c51ad8f5/execute/sync - {"script":"<script> [8489 bytes]","args":[{"element-6066-11e4-a52e-4f735466cecf":"f.5D121FC7909F200889B59C01A2F655FF.d.6BBCA6A02013CA0AF5552EFAAA5DA382.e.13310","ELEMENT":"f.5D121FC7909F200889B59C01A2F655FF.d.6BBCA6A02013CA0AF5552EFAAA5DA382.e.13310"}]}
RESULT: {"script":"<script> [8489 bytes]","args":[{"element-6066-11e4-a52e-4f735466cecf":"f.5D121FC7909F200889B59C01A2F655FF.d.6BBCA6A02013CA0AF5552EFAAA5DA382.e.13310","ELEMENT":"f.5D121FC7909F200889B59C01A2F655FF.d.6BBCA6A02013CA0AF5552EFAAA5DA382.e.13310"}]}
COMMAND: GET /session/85be7df00c2941df1715a768c51ad8f5/element/f.5D121FC7909F200889B59C01A2F655FF.d.6BBCA6A02013CA0AF5552EFAAA5DA382.e.13310/enabled - {}
COMMAND: GET /session/85be7df00c2941df1715a768c51ad8f5/screenshot - {}
RESULT: {}
COMMAND: POST /session/85be7df00c2941df1715a768c51ad8f5/execute/sync - {"script":"<script> [8489 bytes]","args":[{"element-6066-11e4-a52e-4f735466cecf":"f.5D121FC7909F200889B59C01A2F655FF.d.6BBCA6A02013CA0AF5552EFAAA5DA382.e.13310","ELEMENT":"f.5D121FC7909F200889B59C01A2F655FF.d.6BBCA6A02013CA0AF5552EFAAA5DA382.e.13310"}]}
COMMAND: GET /session/85be7df00c2941df1715a768c51ad8f5/screenshot - {}
RESULT: {}
RESULT: {"script":"<script> [8489 bytes]","args":[{"element-6066-11e4-a52e-4f735466cecf":"f.5D121FC7909F200889B59C01A2F655FF.d.6BBCA6A02013CA0AF5552EFAAA5DA382.e.13310","ELEMENT":"f.5D121FC7909F200889B59C01A2F655FF.d.6BBCA6A02013CA0AF5552EFAAA5DA382.e.13310"}]}
COMMAND: POST /session/85be7df00c2941df1715a768c51ad8f5/execute/sync - {"script":"<script> [5351 bytes]","args":[{"element-6066-11e4-a52e-4f735466cecf":"f.5D121FC7909F200889B59C01A2F655FF.d.6BBCA6A02013CA0AF5552EFAAA5DA382.e.13310","ELEMENT":"f.5D121FC7909F200889B59C01A2F655FF.d.6BBCA6A02013CA0AF5552EFAAA5DA382.e.13310"}]}
COMMAND: GET /session/85be7df00c2941df1715a768c51ad8f5/screenshot - {}
RESULT: {}
RESULT: {"script":"<script> [5351 bytes]","args":[{"element-6066-11e4-a52e-4f735466cecf":"f.5D121FC7909F200889B59C01A2F655FF.d.6BBCA6A02013CA0AF5552EFAAA5DA382.e.13310","ELEMENT":"f.5D121FC7909F200889B59C01A2F655FF.d.6BBCA6A02013CA0AF5552EFAAA5DA382.e.13310"}]}
COMMAND: POST /session/85be7df00c2941df1715a768c51ad8f5/element/f.5D121FC7909F200889B59C01A2F655FF.d.6BBCA6A02013CA0AF5552EFAAA5DA382.e.13310/click - {}
COMMAND: GET /session/85be7df00c2941df1715a768c51ad8f5/screenshot - {}
RESULT: {}
RESULT: {}
COMMAND: GET /session/85be7df00c2941df1715a768c51ad8f5/screenshot - {}
COMMAND: POST /session/85be7df00c2941df1715a768c51ad8f5/element - {"using":"xpath","value":"//input[@id=\"application-managesites-display-component---NewSite--siteId-inner\"]"}
RESULT: {}
RESULT: {}
RESULT: {"using":"xpath","value":"//input[@id=\"application-managesites-display-component---NewSite--siteId-inner\"]"}
COMMAND: POST /session/85be7df00c2941df1715a768c51ad8f5/element - {"using":"xpath","value":"//input[@id=\"application-managesites-display-component---NewSite--siteId-inner\"]"}
RESULT: {"using":"xpath","value":"//input[@id=\"application-managesites-display-component---NewSite--siteId-inner\"]"}
COMMAND: POST /session/85be7df00c2941df1715a768c51ad8f5/execute/async - {"script":"<script> [1562 bytes]","args":[{"selector":{"id":"application-managesites-display-component---NewSite--addressDetailDetailsName1","interaction":{"idSuffix":"inner"}},"wdio_ui5_key":"applicationmanagesites-display-component---NewSite--addressDetailDetailsName1"}]}
RESULT: {"script":"<script> [1562 bytes]","args":[{"selector":{"id":"application-managesites-display-component---NewSite--addressDetailDetailsName1","interaction":{"idSuffix":"inner"}},"wdio_ui5_key":"applicationmanagesites-display-component---NewSite--addressDetailDetailsName1"}]}
RESULT: undefined
COMMAND: POST /session/85be7df00c2941df1715a768c51ad8f5/execute/async - {"script":"<script> [776 bytes]","args":[{"enterText":"Other Type Site WDIO","selector":{"id":"application-managesites-display-component---NewSite--addressDetailDetailsName1","interaction":{"idSuffix":"inner"}},"clearTextFirst":true,"interactionType":"ENTER_TEXT"}]}
RESULT: {"script":"<script> [776 bytes]","args":[{"enterText":"Other Type Site WDIO","selector":{"id":"application-managesites-display-component---NewSite--addressDetailDetailsName1","interaction":{"idSuffix":"inner"}},"clearTextFirst":true,"interactionType":"ENTER_TEXT"}]}
COMMAND: POST /session/85be7df00c2941df1715a768c51ad8f5/execute/async - {"script":"<script> [1562 bytes]","args":[{"selector":{"id":"application-managesites-display-component---NewSite--addressDetailDetailsLanguage-arrow"},"wdio_ui5_key":"applicationmanagesites-display-component---NewSite--addressDetailDetailsLanguage-arrow"}]}
RESULT: {"script":"<script> [1562 bytes]","args":[{"selector":{"id":"application-managesites-display-component---NewSite--addressDetailDetailsLanguage-arrow"},"wdio_ui5_key":"applicationmanagesites-display-component---NewSite--addressDetailDetailsLanguage-arrow"}]}
RESULT: undefined
COMMAND: POST /session/85be7df00c2941df1715a768c51ad8f5/element - {"using":"xpath","value":"//*[@id=\"application-managesites-display-component---NewSite--addressDetailDetailsLanguage-arrow\"]"}
RESULT: {"using":"xpath","value":"//*[@id=\"application-managesites-display-component---NewSite--addressDetailDetailsLanguage-arrow\"]"}
COMMAND: POST /session/85be7df00c2941df1715a768c51ad8f5/element/f.5D121FC7909F200889B59C01A2F655FF.d.6BBCA6A02013CA0AF5552EFAAA5DA382.e.13674/click - {}
RESULT: {}
COMMAND: POST /session/85be7df00c2941df1715a768c51ad8f5/element - {"using":"xpath","value":"//span[contains(text(), \"English\")]"}
COMMAND: GET /session/85be7df00c2941df1715a768c51ad8f5/screenshot - {}
RESULT: {"using":"xpath","value":"//span[contains(text(), \"English\")]"}
COMMAND: POST /session/85be7df00c2941df1715a768c51ad8f5/element/f.5D121FC7909F200889B59C01A2F655FF.d.6BBCA6A02013CA0AF5552EFAAA5DA382.e.13675/click - {}
RESULT: {}
RESULT: {}
COMMAND: POST /session/85be7df00c2941df1715a768c51ad8f5/execute/async - {"script":"<script> [1562 bytes]","args":[{"selector":{"id":"application-managesites-display-component---NewSite--addressDetailDetailsCity1","interaction":{"idSuffix":"inner"}},"wdio_ui5_key":"applicationmanagesites-display-component---NewSite--addressDetailDetailsCity1"}]}
COMMAND: GET /session/85be7df00c2941df1715a768c51ad8f5/screenshot - {}
RESULT: {"script":"<script> [1562 bytes]","args":[{"selector":{"id":"application-managesites-display-component---NewSite--addressDetailDetailsCity1","interaction":{"idSuffix":"inner"}},"wdio_ui5_key":"applicationmanagesites-display-component---NewSite--addressDetailDetailsCity1"}]}
RESULT: undefined
COMMAND: POST /session/85be7df00c2941df1715a768c51ad8f5/execute/async - {"script":"<script> [776 bytes]","args":[{"enterText":"Rosario","selector":{"id":"application-managesites-display-component---NewSite--addressDetailDetailsCity1","interaction":{"idSuffix":"inner"}},"clearTextFirst":true,"interactionType":"ENTER_TEXT"}]}
RESULT: {}
RESULT: {"script":"<script> [776 bytes]","args":[{"enterText":"Rosario","selector":{"id":"application-managesites-display-component---NewSite--addressDetailDetailsCity1","interaction":{"idSuffix":"inner"}},"clearTextFirst":true,"interactionType":"ENTER_TEXT"}]}
COMMAND: POST /session/85be7df00c2941df1715a768c51ad8f5/execute/async - {"script":"<script> [1562 bytes]","args":[{"selector":{"id":"application-managesites-display-component---NewSite--addressDetailDetailsCountry-arrow"},"wdio_ui5_key":"applicationmanagesites-display-component---NewSite--addressDetailDetailsCountry-arrow"}]}
RESULT: {"script":"<script> [1562 bytes]","args":[{"selector":{"id":"application-managesites-display-component---NewSite--addressDetailDetailsCountry-arrow"},"wdio_ui5_key":"applicationmanagesites-display-component---NewSite--addressDetailDetailsCountry-arrow"}]}
RESULT: undefined
COMMAND: POST /session/85be7df00c2941df1715a768c51ad8f5/element - {"using":"xpath","value":"//*[@id=\"application-managesites-display-component---NewSite--addressDetailDetailsCountry-arrow\"]"}
RESULT: {"using":"xpath","value":"//*[@id=\"application-managesites-display-component---NewSite--addressDetailDetailsCountry-arrow\"]"}
COMMAND: POST /session/85be7df00c2941df1715a768c51ad8f5/element/f.5D121FC7909F200889B59C01A2F655FF.d.6BBCA6A02013CA0AF5552EFAAA5DA382.e.13677/click - {}
RESULT: {}
COMMAND: POST /session/85be7df00c2941df1715a768c51ad8f5/element - {"using":"xpath","value":"//span[contains(text(), \"Argentina\")]"}
COMMAND: GET /session/85be7df00c2941df1715a768c51ad8f5/screenshot - {}
RESULT: {"using":"xpath","value":"//span[contains(text(), \"Argentina\")]"}
COMMAND: POST /session/85be7df00c2941df1715a768c51ad8f5/element/f.5D121FC7909F200889B59C01A2F655FF.d.6BBCA6A02013CA0AF5552EFAAA5DA382.e.13679/click - {}
RESULT: {}
RESULT: {}
COMMAND: GET /session/85be7df00c2941df1715a768c51ad8f5/screenshot - {}
RESULT: {}
COMMAND: POST /session/85be7df00c2941df1715a768c51ad8f5/execute/async - {"script":"<script> [1562 bytes]","args":[{"selector":{"id":"application-managesites-display-component---NewSite--addressEditDetailsCostObjectCstType-arrow"},"wdio_ui5_key":"applicationmanagesites-display-component---NewSite--addressEditDetailsCostObjectCstType-arrow"}]}
RESULT: {"script":"<script> [1562 bytes]","args":[{"selector":{"id":"application-managesites-display-component---NewSite--addressEditDetailsCostObjectCstType-arrow"},"wdio_ui5_key":"applicationmanagesites-display-component---NewSite--addressEditDetailsCostObjectCstType-arrow"}]}
RESULT: undefined
COMMAND: POST /session/85be7df00c2941df1715a768c51ad8f5/element - {"using":"xpath","value":"//*[@id=\"application-managesites-display-component---NewSite--addressEditDetailsCostObjectCstType-arrow\"]"}
RESULT: {"using":"xpath","value":"//*[@id=\"application-managesites-display-component---NewSite--addressEditDetailsCostObjectCstType-arrow\"]"}
COMMAND: POST /session/85be7df00c2941df1715a768c51ad8f5/element/f.5D121FC7909F200889B59C01A2F655FF.d.6BBCA6A02013CA0AF5552EFAAA5DA382.e.13680/click - {}
RESULT: {}
COMMAND: POST /session/85be7df00c2941df1715a768c51ad8f5/element - {"using":"xpath","value":"//span[contains(text(), \"Cost Center\")]"}
COMMAND: GET /session/85be7df00c2941df1715a768c51ad8f5/screenshot - {}
RESULT: {"using":"xpath","value":"//span[contains(text(), \"Cost Center\")]"}
COMMAND: POST /session/85be7df00c2941df1715a768c51ad8f5/element/f.5D121FC7909F200889B59C01A2F655FF.d.6BBCA6A02013CA0AF5552EFAAA5DA382.e.13681/click - {}
RESULT: {}
RESULT: {}
COMMAND: GET /session/85be7df00c2941df1715a768c51ad8f5/screenshot - {}
RESULT: {}
COMMAND: POST /session/85be7df00c2941df1715a768c51ad8f5/element - {"using":"xpath","value":"//span[@id=\"application-managesites-display-component---NewSite--addressNewCostObjectCstID-vhi\"]"}
RESULT: {"using":"xpath","value":"//span[@id=\"application-managesites-display-component---NewSite--addressNewCostObjectCstID-vhi\"]"}
COMMAND: POST /session/85be7df00c2941df1715a768c51ad8f5/execute/sync - {"script":"<script> [8489 bytes]","args":[{"element-6066-11e4-a52e-4f735466cecf":"f.5D121FC7909F200889B59C01A2F655FF.d.6BBCA6A02013CA0AF5552EFAAA5DA382.e.13686","ELEMENT":"f.5D121FC7909F200889B59C01A2F655FF.d.6BBCA6A02013CA0AF5552EFAAA5DA382.e.13686"}]}
RESULT: {"script":"<script> [8489 bytes]","args":[{"element-6066-11e4-a52e-4f735466cecf":"f.5D121FC7909F200889B59C01A2F655FF.d.6BBCA6A02013CA0AF5552EFAAA5DA382.e.13686","ELEMENT":"f.5D121FC7909F200889B59C01A2F655FF.d.6BBCA6A02013CA0AF5552EFAAA5DA382.e.13686"}]}
COMMAND: POST /session/85be7df00c2941df1715a768c51ad8f5/execute/async - {"script":"<script> [1562 bytes]","args":[{"selector":{"id":"application-managesites-display-component---NewSite--addressNewCostObjectCstID-vhi"},"wdio_ui5_key":"applicationmanagesites-display-component---NewSite--addressNewCostObjectCstID-vhi"}]}
COMMAND: GET /session/85be7df00c2941df1715a768c51ad8f5/screenshot - {}
RESULT: {"script":"<script> [1562 bytes]","args":[{"selector":{"id":"application-managesites-display-component---NewSite--addressNewCostObjectCstID-vhi"},"wdio_ui5_key":"applicationmanagesites-display-component---NewSite--addressNewCostObjectCstID-vhi"}]}
RESULT: undefined
COMMAND: POST /session/85be7df00c2941df1715a768c51ad8f5/element - {"using":"xpath","value":"//*[@id=\"application-managesites-display-component---NewSite--addressNewCostObjectCstID-vhi\"]"}
RESULT: {}
RESULT: {"using":"xpath","value":"//*[@id=\"application-managesites-display-component---NewSite--addressNewCostObjectCstID-vhi\"]"}
COMMAND: POST /session/85be7df00c2941df1715a768c51ad8f5/element/f.5D121FC7909F200889B59C01A2F655FF.d.6BBCA6A02013CA0AF5552EFAAA5DA382.e.13686/click - {}
RESULT: {}
COMMAND: GET /session/85be7df00c2941df1715a768c51ad8f5/screenshot - {}
RESULT: {}
RESULT: undefined
COMMAND: POST /session/85be7df00c2941df1715a768c51ad8f5/execute/async - {"script":"<script> [776 bytes]","args":[{"enterText":"10001013","selector":{"controlType":"sap.m.SearchField","properties":{"placeholder":"Search"},"searchOpenDialogs":true,"interaction":{"idSuffix":"I"}},"clearTextFirst":true,"interactionType":"ENTER_TEXT"}]}
RESULT: {"script":"<script> [776 bytes]","args":[{"enterText":"10001013","selector":{"controlType":"sap.m.SearchField","properties":{"placeholder":"Search"},"searchOpenDialogs":true,"interaction":{"idSuffix":"I"}},"clearTextFirst":true,"interactionType":"ENTER_TEXT"}]}
COMMAND: POST /session/85be7df00c2941df1715a768c51ad8f5/actions - {"actions":[{"id":"action42","type":"key","parameters":{},"actions":[{"type":"keyDown","value":""},{"type":"pause","duration":10},{"type":"keyUp","value":""}]}]}
RESULT: {"actions":[{"id":"action42","type":"key","parameters":{},"actions":[{"type":"keyDown","value":""},{"type":"pause","duration":10},{"type":"keyUp","value":""}]}]}
COMMAND: GET /session/85be7df00c2941df1715a768c51ad8f5/screenshot - {}
RESULT: {}
COMMAND: POST /session/85be7df00c2941df1715a768c51ad8f5/element - {"using":"xpath","value":"//span[contains(text(), \"General Management\")]"}
RESULT: {"using":"xpath","value":"//span[contains(text(), \"General Management\")]"}
COMMAND: POST /session/85be7df00c2941df1715a768c51ad8f5/element/f.5D121FC7909F200889B59C01A2F655FF.d.6BBCA6A02013CA0AF5552EFAAA5DA382.e.13723/click - {}
RESULT: {}
COMMAND: GET /session/85be7df00c2941df1715a768c51ad8f5/screenshot - {}
RESULT: {}
COMMAND: POST /session/85be7df00c2941df1715a768c51ad8f5/element - {"using":"xpath","value":"//bdi[contains(text(), \"OK\")]"}
RESULT: {"using":"xpath","value":"//bdi[contains(text(), \"OK\")]"}
COMMAND: POST /session/85be7df00c2941df1715a768c51ad8f5/element/f.5D121FC7909F200889B59C01A2F655FF.d.6BBCA6A02013CA0AF5552EFAAA5DA382.e.13724/click - {}
RESULT: {}
COMMAND: GET /session/85be7df00c2941df1715a768c51ad8f5/screenshot - {}
RESULT: {}
COMMAND: POST /session/85be7df00c2941df1715a768c51ad8f5/element - {"using":"xpath","value":"//input[@id=\"application-managesites-display-component---NewSite--addressDetailDetailsCalendar-inner\"]"}
RESULT: {"using":"xpath","value":"//input[@id=\"application-managesites-display-component---NewSite--addressDetailDetailsCalendar-inner\"]"}
COMMAND: POST /session/85be7df00c2941df1715a768c51ad8f5/element/f.5D121FC7909F200889B59C01A2F655FF.d.6BBCA6A02013CA0AF5552EFAAA5DA382.e.13484/clear - {}
RESULT: {}
COMMAND: POST /session/85be7df00c2941df1715a768c51ad8f5/element/f.5D121FC7909F200889B59C01A2F655FF.d.6BBCA6A02013CA0AF5552EFAAA5DA382.e.13484/value - {"text":"Unit"}
COMMAND: GET /session/85be7df00c2941df1715a768c51ad8f5/screenshot - {}
RESULT: {"text":"Unit"}
COMMAND: GET /session/85be7df00c2941df1715a768c51ad8f5/screenshot - {}
RESULT: {}
RESULT: {}
COMMAND: POST /session/85be7df00c2941df1715a768c51ad8f5/actions - {"actions":[{"id":"action43","type":"key","parameters":{},"actions":[{"type":"keyDown","value":""},{"type":"pause","duration":10},{"type":"keyUp","value":""}]}]}
RESULT: {"actions":[{"id":"action43","type":"key","parameters":{},"actions":[{"type":"keyDown","value":""},{"type":"pause","duration":10},{"type":"keyUp","value":""}]}]}
COMMAND: POST /session/85be7df00c2941df1715a768c51ad8f5/element - {"using":"xpath","value":"//input[@id=\"application-managesites-display-component---NewSite--addressDetailDetailsYard-inner\"]"}
COMMAND: GET /session/85be7df00c2941df1715a768c51ad8f5/screenshot - {}
RESULT: {"using":"xpath","value":"//input[@id=\"application-managesites-display-component---NewSite--addressDetailDetailsYard-inner\"]"}
COMMAND: POST /session/85be7df00c2941df1715a768c51ad8f5/element/f.5D121FC7909F200889B59C01A2F655FF.d.6BBCA6A02013CA0AF5552EFAAA5DA382.e.13485/clear - {}
RESULT: {}
RESULT: {}
COMMAND: POST /session/85be7df00c2941df1715a768c51ad8f5/element/f.5D121FC7909F200889B59C01A2F655FF.d.6BBCA6A02013CA0AF5552EFAAA5DA382.e.13485/value - {"text":"228"}
COMMAND: GET /session/85be7df00c2941df1715a768c51ad8f5/screenshot - {}
RESULT: {"text":"228"}
COMMAND: GET /session/85be7df00c2941df1715a768c51ad8f5/screenshot - {}
RESULT: {}
RESULT: {}
COMMAND: POST /session/85be7df00c2941df1715a768c51ad8f5/element - {"using":"xpath","value":"//li[.//span[text()='228']]"}
RESULT: {"using":"xpath","value":"//li[.//span[text()='228']]"}
COMMAND: POST /session/85be7df00c2941df1715a768c51ad8f5/element/f.5D121FC7909F200889B59C01A2F655FF.d.6BBCA6A02013CA0AF5552EFAAA5DA382.e.13732/click - {}
RESULT: {}
COMMAND: GET /session/85be7df00c2941df1715a768c51ad8f5/screenshot - {}
RESULT: {}
COMMAND: POST /session/85be7df00c2941df1715a768c51ad8f5/element - {"using":"xpath","value":"//input[@id=\"application-managesites-display-component---NewSite--addressDetailDetailsPartner-inner\"]"}
RESULT: {"using":"xpath","value":"//input[@id=\"application-managesites-display-component---NewSite--addressDetailDetailsPartner-inner\"]"}
COMMAND: POST /session/85be7df00c2941df1715a768c51ad8f5/element - {"using":"xpath","value":"//input[@id=\"application-managesites-display-component---NewSite--addressDetailDetailsPartner-inner\"]"}
RESULT: {"using":"xpath","value":"//input[@id=\"application-managesites-display-component---NewSite--addressDetailDetailsPartner-inner\"]"}
COMMAND: POST /session/85be7df00c2941df1715a768c51ad8f5/element - {"using":"xpath","value":"//button[@data-kt=\"saveButton\"]"}
RESULT: {"using":"xpath","value":"//button[@data-kt=\"saveButton\"]"}
COMMAND: POST /session/85be7df00c2941df1715a768c51ad8f5/element/f.5D121FC7909F200889B59C01A2F655FF.d.6BBCA6A02013CA0AF5552EFAAA5DA382.e.13667/click - {}
RESULT: {}
COMMAND: GET /session/85be7df00c2941df1715a768c51ad8f5/screenshot - {}
RESULT: {}
COMMAND: POST /session/85be7df00c2941df1715a768c51ad8f5/element - {"using":"xpath","value":"//header[contains(@id, 'ObjectPageLayout-headerTitle')]/div[1]/div[2]/div[2]/span[1]"}
RESULT: {"using":"xpath","value":"//header[contains(@id, 'ObjectPageLayout-headerTitle')]/div[1]/div[2]/div[2]/span[1]"}
COMMAND: POST /session/85be7df00c2941df1715a768c51ad8f5/elements - {"using":"xpath","value":"//header[contains(@id, 'ObjectPageLayout-headerTitle')]/div[1]/div[2]/div[2]/span[1]"}
RESULT: {"using":"xpath","value":"//header[contains(@id, 'ObjectPageLayout-headerTitle')]/div[1]/div[2]/div[2]/span[1]"}
COMMAND: POST /session/85be7df00c2941df1715a768c51ad8f5/execute/sync - {"script":"<script> [56 bytes]","args":[{"element-6066-11e4-a52e-4f735466cecf":"f.5D121FC7909F200889B59C01A2F655FF.d.6BBCA6A02013CA0AF5552EFAAA5DA382.e.13914","ELEMENT":"f.5D121FC7909F200889B59C01A2F655FF.d.6BBCA6A02013CA0AF5552EFAAA5DA382.e.13914"}]}
RESULT: {"script":"<script> [56 bytes]","args":[{"element-6066-11e4-a52e-4f735466cecf":"f.5D121FC7909F200889B59C01A2F655FF.d.6BBCA6A02013CA0AF5552EFAAA5DA382.e.13914","ELEMENT":"f.5D121FC7909F200889B59C01A2F655FF.d.6BBCA6A02013CA0AF5552EFAAA5DA382.e.13914"}]}
COMMAND: POST /session/85be7df00c2941df1715a768c51ad8f5/element - {"using":"css selector","value":"#shell-header-logo"}
COMMAND: GET /session/85be7df00c2941df1715a768c51ad8f5/screenshot - {}
RESULT: {"using":"css selector","value":"#shell-header-logo"}
COMMAND: POST /session/85be7df00c2941df1715a768c51ad8f5/element/f.5D121FC7909F200889B59C01A2F655FF.d.6BBCA6A02013CA0AF5552EFAAA5DA382.e.13267/click - {}
RESULT: {}
RESULT: {}
COMMAND: GET /session/85be7df00c2941df1715a768c51ad8f5/screenshot - {}
RESULT: {}
COMMAND: POST /session/85be7df00c2941df1715a768c51ad8f5/execute/sync - {"script":"<script> [299 bytes]","args":[["getModel","getResource"]]}
RESULT: {"script":"<script> [299 bytes]","args":[["getModel","getResource"]]}
COMMAND: POST /session/85be7df00c2941df1715a768c51ad8f5/actions - {"actions":[{"id":"action44","type":"key","parameters":{},"actions":[{"type":"keyDown","value":""},{"type":"pause","duration":10},{"type":"keyUp","value":""}]}]}
COMMAND: GET /session/85be7df00c2941df1715a768c51ad8f5/screenshot - {}
RESULT: {}
RESULT: {"actions":[{"id":"action44","type":"key","parameters":{},"actions":[{"type":"keyDown","value":""},{"type":"pause","duration":10},{"type":"keyUp","value":""}]}]}
COMMAND: GET /session/85be7df00c2941df1715a768c51ad8f5/screenshot - {}
RESULT: {}
COMMAND: POST /session/85be7df00c2941df1715a768c51ad8f5/refresh - {}
RESULT: {}
COMMAND: GET /session/85be7df00c2941df1715a768c51ad8f5/screenshot - {}
RESULT: {}
COMMAND: POST /session/85be7df00c2941df1715a768c51ad8f5/refresh - {}
RESULT: {}
COMMAND: GET /session/85be7df00c2941df1715a768c51ad8f5/screenshot - {}
RESULT: {}
COMMAND: POST /session/85be7df00c2941df1715a768c51ad8f5/window/fullscreen - {}
RESULT: {}
COMMAND: POST /session/85be7df00c2941df1715a768c51ad8f5/execute/async - {"script":"<script> [189 bytes]","args":[]}
RESULT: {"script":"<script> [189 bytes]","args":[]}
COMMAND: POST /session/85be7df00c2941df1715a768c51ad8f5/execute/async - {"script":"<script> [123 bytes]","args":[]}
RESULT: {"script":"<script> [123 bytes]","args":[]}
COMMAND: POST /session/85be7df00c2941df1715a768c51ad8f5/timeouts - {"script":"<number>"}
RESULT: {"script":"<number>"}
COMMAND: GET /session/85be7df00c2941df1715a768c51ad8f5/timeouts - {}
RESULT: {}
RESULT: undefined
COMMAND: POST /session/85be7df00c2941df1715a768c51ad8f5/execute/async - {"script":"<script> [2676 bytes]","args":[]}
RESULT: {"script":"<script> [2676 bytes]","args":[]}
COMMAND: POST /session/85be7df00c2941df1715a768c51ad8f5/execute/async - {"script":"<script> [2342 bytes]","args":[{"protocol":"http","hostname":"0.0.0.0","path":"/","capabilities":{"browserName":"chrome","goog:chromeOptions":{"binary":"C:\\Program Files\\Google\\Chrome\\Application\\chrome.exe","args":["--start-maximized"]}},"logLevel":"warn","connectionRetryTimeout":120000,"connectionRetryCount":3,"logLevels":{},"enableDirectConnect":true,"strictSSL":true,"_":"65 more keys: [\"cacheDir\",\"port\",\"requestedCapabilities\",\"automationProtocol\",\"baseUrl\",\"waitforInterval\",\"waitforTimeout\",\"onReload\",\"beforeCommand\",\"afterCommand\",\"rootDir\",\"specs\",\"suites\",\"exclude\",\"groupLogsByTestSpec\",\"excludeDriverLogs\",\"bail\",\"framework\",\"reporters\",\"services\",\"maxInstances\",\"maxInstancesPerCapability\",\"injectGlobals\",\"filesToWatch\",\"execArgv\",\"runnerEnv\",\"runner\",\"shard\",\"specFileRetries\",\"specFileRetriesDelay\",\"specFileRetriesDeferred\",\"reporterSyncInterval\",\"reporterSyncTimeout\",\"cucumberFeaturesWithLineNumbers\",\"autoCompileOpts\",\"mochaOpts\",\"jasmineOpts\",\"cucumberOpts\",\"onPrepare\",\"onWorkerStart\",\"onWorkerEnd\",\"before\",\"beforeSession\",\"beforeSuite\",\"beforeHook\",\"beforeTest\",\"afterTest\",\"afterHook\",\"afterSuite\",\"afterSession\",\"after\",\"onComplete\",\"beforeAssertion\",\"afterAssertion\",\"beforeFeature\",\"beforeScenario\",\"beforeStep\",\"afterStep\",\"afterScenario\",\"afterFeature\",\"_\",\"suite\",\"$0\",\"ignoredWorkerServices\",\"wdi5\"]"}]}
RESULT: {"script":"<script> [2342 bytes]","args":[{"protocol":"http","hostname":"0.0.0.0","path":"/","capabilities":{"browserName":"chrome","goog:chromeOptions":{"binary":"C:\\Program Files\\Google\\Chrome\\Application\\chrome.exe","args":["--start-maximized"]}},"logLevel":"warn","connectionRetryTimeout":120000,"connectionRetryCount":3,"logLevels":{},"enableDirectConnect":true,"strictSSL":true,"_":"65 more keys: [\"cacheDir\",\"port\",\"requestedCapabilities\",\"automationProtocol\",\"baseUrl\",\"waitforInterval\",\"waitforTimeout\",\"onReload\",\"beforeCommand\",\"afterCommand\",\"rootDir\",\"specs\",\"suites\",\"exclude\",\"groupLogsByTestSpec\",\"excludeDriverLogs\",\"bail\",\"framework\",\"reporters\",\"services\",\"maxInstances\",\"maxInstancesPerCapability\",\"injectGlobals\",\"filesToWatch\",\"execArgv\",\"runnerEnv\",\"runner\",\"shard\",\"specFileRetries\",\"specFileRetriesDelay\",\"specFileRetriesDeferred\",\"reporterSyncInterval\",\"reporterSyncTimeout\",\"cucumberFeaturesWithLineNumbers\",\"autoCompileOpts\",\"mochaOpts\",\"jasmineOpts\",\"cucumberOpts\",\"onPrepare\",\"onWorkerStart\",\"onWorkerEnd\",\"before\",\"beforeSession\",\"beforeSuite\",\"beforeHook\",\"beforeTest\",\"afterTest\",\"afterHook\",\"afterSuite\",\"afterSession\",\"after\",\"onComplete\",\"beforeAssertion\",\"afterAssertion\",\"beforeFeature\",\"beforeScenario\",\"beforeStep\",\"afterStep\",\"afterScenario\",\"afterFeature\",\"_\",\"suite\",\"$0\",\"ignoredWorkerServices\",\"wdi5\"]"}]}
COMMAND: POST /session/85be7df00c2941df1715a768c51ad8f5/execute/async - {"script":"<script> [21126 bytes]","args":[35000]}
RESULT: {"script":"<script> [21126 bytes]","args":[35000]}
COMMAND: POST /session/85be7df00c2941df1715a768c51ad8f5/window/fullscreen - {}
RESULT: {}
]]></system-out>
    </testcase>
    <testcase classname="chrome.136_0_7103_93.windows.Provide_to_Site_w/o_warehouse_management_w/_clarification_US116605" name="Should create a new material" time="129.429">
      <system-out><![CDATA[
COMMAND: POST /session/85be7df00c2941df1715a768c51ad8f5/execute/async - {"script":"<script> [1562 bytes]","args":[{"selector":{"controlType":"sap.m.GenericTile","properties":{"header":"Manage Resources"}},"wdio_ui5_key":"sapm.GenericTile{\"header\":\"Manage Resources\"}"}]}
RESULT: {"script":"<script> [1562 bytes]","args":[{"selector":{"controlType":"sap.m.GenericTile","properties":{"header":"Manage Resources"}},"wdio_ui5_key":"sapm.GenericTile{\"header\":\"Manage Resources\"}"}]}
RESULT: undefined
COMMAND: POST /session/85be7df00c2941df1715a768c51ad8f5/element - {"using":"xpath","value":"//*[@id=\"__tile31\"]"}
RESULT: {"using":"xpath","value":"//*[@id=\"__tile31\"]"}
COMMAND: POST /session/85be7df00c2941df1715a768c51ad8f5/element/f.5D121FC7909F200889B59C01A2F655FF.d.DCD460CA3B6E42CB9BE93E7B5EFAC39D.e.13981/click - {}
RESULT: {}
COMMAND: GET /session/85be7df00c2941df1715a768c51ad8f5/screenshot - {}
RESULT: {}
COMMAND: POST /session/85be7df00c2941df1715a768c51ad8f5/elements - {"using":"xpath","value":"//span[text()='Error']"}
RESULT: {"using":"xpath","value":"//span[text()='Error']"}
COMMAND: POST /session/85be7df00c2941df1715a768c51ad8f5/element - {"using":"xpath","value":"//button[@data-kt=\"addNewRUOverflowToolbarButton\"]"}
RESULT: {"using":"xpath","value":"//button[@data-kt=\"addNewRUOverflowToolbarButton\"]"}
COMMAND: POST /session/85be7df00c2941df1715a768c51ad8f5/elements - {"using":"xpath","value":"//button[@data-kt=\"addNewRUOverflowToolbarButton\"]"}
RESULT: {"using":"xpath","value":"//button[@data-kt=\"addNewRUOverflowToolbarButton\"]"}
COMMAND: POST /session/85be7df00c2941df1715a768c51ad8f5/elements - {"using":"xpath","value":"//button[@data-kt=\"addNewRUOverflowToolbarButton\"]"}
RESULT: {"using":"xpath","value":"//button[@data-kt=\"addNewRUOverflowToolbarButton\"]"}
COMMAND: POST /session/85be7df00c2941df1715a768c51ad8f5/elements - {"using":"xpath","value":"//button[@data-kt=\"addNewRUOverflowToolbarButton\"]"}
RESULT: {"using":"xpath","value":"//button[@data-kt=\"addNewRUOverflowToolbarButton\"]"}
COMMAND: POST /session/85be7df00c2941df1715a768c51ad8f5/elements - {"using":"xpath","value":"//button[@data-kt=\"addNewRUOverflowToolbarButton\"]"}
RESULT: {"using":"xpath","value":"//button[@data-kt=\"addNewRUOverflowToolbarButton\"]"}
COMMAND: POST /session/85be7df00c2941df1715a768c51ad8f5/elements - {"using":"xpath","value":"//button[@data-kt=\"addNewRUOverflowToolbarButton\"]"}
RESULT: {"using":"xpath","value":"//button[@data-kt=\"addNewRUOverflowToolbarButton\"]"}
COMMAND: POST /session/85be7df00c2941df1715a768c51ad8f5/elements - {"using":"xpath","value":"//button[@data-kt=\"addNewRUOverflowToolbarButton\"]"}
RESULT: {"using":"xpath","value":"//button[@data-kt=\"addNewRUOverflowToolbarButton\"]"}
COMMAND: POST /session/85be7df00c2941df1715a768c51ad8f5/elements - {"using":"xpath","value":"//button[@data-kt=\"addNewRUOverflowToolbarButton\"]"}
RESULT: {"using":"xpath","value":"//button[@data-kt=\"addNewRUOverflowToolbarButton\"]"}
COMMAND: POST /session/85be7df00c2941df1715a768c51ad8f5/elements - {"using":"xpath","value":"//button[@data-kt=\"addNewRUOverflowToolbarButton\"]"}
RESULT: {"using":"xpath","value":"//button[@data-kt=\"addNewRUOverflowToolbarButton\"]"}
COMMAND: POST /session/85be7df00c2941df1715a768c51ad8f5/elements - {"using":"xpath","value":"//button[@data-kt=\"addNewRUOverflowToolbarButton\"]"}
RESULT: {"using":"xpath","value":"//button[@data-kt=\"addNewRUOverflowToolbarButton\"]"}
COMMAND: POST /session/85be7df00c2941df1715a768c51ad8f5/elements - {"using":"xpath","value":"//button[@data-kt=\"addNewRUOverflowToolbarButton\"]"}
RESULT: {"using":"xpath","value":"//button[@data-kt=\"addNewRUOverflowToolbarButton\"]"}
COMMAND: POST /session/85be7df00c2941df1715a768c51ad8f5/element - {"using":"xpath","value":"//button[@data-kt=\"addNewRUOverflowToolbarButton\"]"}
RESULT: {"using":"xpath","value":"//button[@data-kt=\"addNewRUOverflowToolbarButton\"]"}
COMMAND: POST /session/85be7df00c2941df1715a768c51ad8f5/execute/sync - {"script":"<script> [8489 bytes]","args":[{"element-6066-11e4-a52e-4f735466cecf":"f.5D121FC7909F200889B59C01A2F655FF.d.DCD460CA3B6E42CB9BE93E7B5EFAC39D.e.14090","ELEMENT":"f.5D121FC7909F200889B59C01A2F655FF.d.DCD460CA3B6E42CB9BE93E7B5EFAC39D.e.14090"}]}
RESULT: {"script":"<script> [8489 bytes]","args":[{"element-6066-11e4-a52e-4f735466cecf":"f.5D121FC7909F200889B59C01A2F655FF.d.DCD460CA3B6E42CB9BE93E7B5EFAC39D.e.14090","ELEMENT":"f.5D121FC7909F200889B59C01A2F655FF.d.DCD460CA3B6E42CB9BE93E7B5EFAC39D.e.14090"}]}
COMMAND: GET /session/85be7df00c2941df1715a768c51ad8f5/element/f.5D121FC7909F200889B59C01A2F655FF.d.DCD460CA3B6E42CB9BE93E7B5EFAC39D.e.14090/enabled - {}
COMMAND: GET /session/85be7df00c2941df1715a768c51ad8f5/screenshot - {}
RESULT: {}
COMMAND: POST /session/85be7df00c2941df1715a768c51ad8f5/execute/sync - {"script":"<script> [8489 bytes]","args":[{"element-6066-11e4-a52e-4f735466cecf":"f.5D121FC7909F200889B59C01A2F655FF.d.DCD460CA3B6E42CB9BE93E7B5EFAC39D.e.14090","ELEMENT":"f.5D121FC7909F200889B59C01A2F655FF.d.DCD460CA3B6E42CB9BE93E7B5EFAC39D.e.14090"}]}
COMMAND: GET /session/85be7df00c2941df1715a768c51ad8f5/screenshot - {}
RESULT: {}
RESULT: {"script":"<script> [8489 bytes]","args":[{"element-6066-11e4-a52e-4f735466cecf":"f.5D121FC7909F200889B59C01A2F655FF.d.DCD460CA3B6E42CB9BE93E7B5EFAC39D.e.14090","ELEMENT":"f.5D121FC7909F200889B59C01A2F655FF.d.DCD460CA3B6E42CB9BE93E7B5EFAC39D.e.14090"}]}
COMMAND: POST /session/85be7df00c2941df1715a768c51ad8f5/execute/sync - {"script":"<script> [5351 bytes]","args":[{"element-6066-11e4-a52e-4f735466cecf":"f.5D121FC7909F200889B59C01A2F655FF.d.DCD460CA3B6E42CB9BE93E7B5EFAC39D.e.14090","ELEMENT":"f.5D121FC7909F200889B59C01A2F655FF.d.DCD460CA3B6E42CB9BE93E7B5EFAC39D.e.14090"}]}
COMMAND: GET /session/85be7df00c2941df1715a768c51ad8f5/screenshot - {}
RESULT: {}
RESULT: {"script":"<script> [5351 bytes]","args":[{"element-6066-11e4-a52e-4f735466cecf":"f.5D121FC7909F200889B59C01A2F655FF.d.DCD460CA3B6E42CB9BE93E7B5EFAC39D.e.14090","ELEMENT":"f.5D121FC7909F200889B59C01A2F655FF.d.DCD460CA3B6E42CB9BE93E7B5EFAC39D.e.14090"}]}
COMMAND: POST /session/85be7df00c2941df1715a768c51ad8f5/element/f.5D121FC7909F200889B59C01A2F655FF.d.DCD460CA3B6E42CB9BE93E7B5EFAC39D.e.14090/click - {}
COMMAND: GET /session/85be7df00c2941df1715a768c51ad8f5/screenshot - {}
RESULT: {}
RESULT: {}
COMMAND: GET /session/85be7df00c2941df1715a768c51ad8f5/screenshot - {}
COMMAND: POST /session/85be7df00c2941df1715a768c51ad8f5/execute/async - {"script":"<script> [1562 bytes]","args":[{"selector":{"id":"application-manageresources-display-component---newResourceUnit--TYPE-arrow"},"wdio_ui5_key":"applicationmanageresources-display-component---newResourceUnit--TYPE-arrow"}]}
RESULT: {}
RESULT: {}
RESULT: {"script":"<script> [1562 bytes]","args":[{"selector":{"id":"application-manageresources-display-component---newResourceUnit--TYPE-arrow"},"wdio_ui5_key":"applicationmanageresources-display-component---newResourceUnit--TYPE-arrow"}]}
RESULT: undefined
COMMAND: POST /session/85be7df00c2941df1715a768c51ad8f5/element - {"using":"xpath","value":"//*[@id=\"application-manageresources-display-component---newResourceUnit--TYPE-arrow\"]"}
RESULT: {"using":"xpath","value":"//*[@id=\"application-manageresources-display-component---newResourceUnit--TYPE-arrow\"]"}
COMMAND: POST /session/85be7df00c2941df1715a768c51ad8f5/element/f.5D121FC7909F200889B59C01A2F655FF.d.DCD460CA3B6E42CB9BE93E7B5EFAC39D.e.14445/click - {}
RESULT: {}
COMMAND: POST /session/85be7df00c2941df1715a768c51ad8f5/element - {"using":"xpath","value":"//input[@id=\"application-manageresources-display-component---newResourceUnit--TYPE-inner\"]"}
COMMAND: GET /session/85be7df00c2941df1715a768c51ad8f5/screenshot - {}
RESULT: {"using":"xpath","value":"//input[@id=\"application-manageresources-display-component---newResourceUnit--TYPE-inner\"]"}
COMMAND: POST /session/85be7df00c2941df1715a768c51ad8f5/element/f.5D121FC7909F200889B59C01A2F655FF.d.DCD460CA3B6E42CB9BE93E7B5EFAC39D.e.14441/clear - {}
RESULT: {}
RESULT: {}
COMMAND: POST /session/85be7df00c2941df1715a768c51ad8f5/element/f.5D121FC7909F200889B59C01A2F655FF.d.DCD460CA3B6E42CB9BE93E7B5EFAC39D.e.14441/value - {"text":"Material"}
COMMAND: GET /session/85be7df00c2941df1715a768c51ad8f5/screenshot - {}
RESULT: {"text":"Material"}
COMMAND: GET /session/85be7df00c2941df1715a768c51ad8f5/screenshot - {}
RESULT: {}
RESULT: {}
COMMAND: POST /session/85be7df00c2941df1715a768c51ad8f5/actions - {"actions":[{"id":"action45","type":"key","parameters":{},"actions":[{"type":"keyDown","value":""},{"type":"pause","duration":10},{"type":"keyUp","value":""}]}]}
RESULT: {"actions":[{"id":"action45","type":"key","parameters":{},"actions":[{"type":"keyDown","value":""},{"type":"pause","duration":10},{"type":"keyUp","value":""}]}]}
COMMAND: POST /session/85be7df00c2941df1715a768c51ad8f5/execute/async - {"script":"<script> [1562 bytes]","args":[{"selector":{"id":"application-manageresources-display-component---newResourceUnit--SHORT_TEXT","interaction":{"idSuffix":"inner"}},"wdio_ui5_key":"applicationmanageresources-display-component---newResourceUnit--SHORT_TEXT"}]}
COMMAND: GET /session/85be7df00c2941df1715a768c51ad8f5/screenshot - {}
RESULT: {"script":"<script> [1562 bytes]","args":[{"selector":{"id":"application-manageresources-display-component---newResourceUnit--SHORT_TEXT","interaction":{"idSuffix":"inner"}},"wdio_ui5_key":"applicationmanageresources-display-component---newResourceUnit--SHORT_TEXT"}]}
RESULT: undefined
COMMAND: POST /session/85be7df00c2941df1715a768c51ad8f5/execute/async - {"script":"<script> [776 bytes]","args":[{"enterText":"Cement WDIO","selector":{"id":"application-manageresources-display-component---newResourceUnit--SHORT_TEXT","interaction":{"idSuffix":"inner"}},"clearTextFirst":true,"interactionType":"ENTER_TEXT"}]}
RESULT: {}
RESULT: {"script":"<script> [776 bytes]","args":[{"enterText":"Cement WDIO","selector":{"id":"application-manageresources-display-component---newResourceUnit--SHORT_TEXT","interaction":{"idSuffix":"inner"}},"clearTextFirst":true,"interactionType":"ENTER_TEXT"}]}
COMMAND: POST /session/85be7df00c2941df1715a768c51ad8f5/execute/async - {"script":"<script> [1562 bytes]","args":[{"selector":{"id":"application-manageresources-display-component---newResourceUnit--BASE_UNIT_OF_MEASURE","interaction":{"idSuffix":"inner"}},"wdio_ui5_key":"applicationmanageresources-display-component---newResourceUnit--BASE_UNIT_OF_MEASURE"}]}
RESULT: {"script":"<script> [1562 bytes]","args":[{"selector":{"id":"application-manageresources-display-component---newResourceUnit--BASE_UNIT_OF_MEASURE","interaction":{"idSuffix":"inner"}},"wdio_ui5_key":"applicationmanageresources-display-component---newResourceUnit--BASE_UNIT_OF_MEASURE"}]}
RESULT: undefined
COMMAND: POST /session/85be7df00c2941df1715a768c51ad8f5/execute/async - {"script":"<script> [776 bytes]","args":[{"enterText":"Piece","selector":{"id":"application-manageresources-display-component---newResourceUnit--BASE_UNIT_OF_MEASURE","interaction":{"idSuffix":"inner"}},"clearTextFirst":true,"interactionType":"ENTER_TEXT"}]}
RESULT: {"script":"<script> [776 bytes]","args":[{"enterText":"Piece","selector":{"id":"application-manageresources-display-component---newResourceUnit--BASE_UNIT_OF_MEASURE","interaction":{"idSuffix":"inner"}},"clearTextFirst":true,"interactionType":"ENTER_TEXT"}]}
COMMAND: POST /session/85be7df00c2941df1715a768c51ad8f5/execute/async - {"script":"<script> [1562 bytes]","args":[{"selector":{"id":"application-manageresources-display-component---newResourceUnit--WEIGHT_UNIT","interaction":{"idSuffix":"inner"}},"wdio_ui5_key":"applicationmanageresources-display-component---newResourceUnit--WEIGHT_UNIT"}]}
RESULT: {"script":"<script> [1562 bytes]","args":[{"selector":{"id":"application-manageresources-display-component---newResourceUnit--WEIGHT_UNIT","interaction":{"idSuffix":"inner"}},"wdio_ui5_key":"applicationmanageresources-display-component---newResourceUnit--WEIGHT_UNIT"}]}
RESULT: undefined
COMMAND: POST /session/85be7df00c2941df1715a768c51ad8f5/execute/async - {"script":"<script> [776 bytes]","args":[{"enterText":"Gram","selector":{"id":"application-manageresources-display-component---newResourceUnit--WEIGHT_UNIT","interaction":{"idSuffix":"inner"}},"clearTextFirst":true,"interactionType":"ENTER_TEXT"}]}
RESULT: {"script":"<script> [776 bytes]","args":[{"enterText":"Gram","selector":{"id":"application-manageresources-display-component---newResourceUnit--WEIGHT_UNIT","interaction":{"idSuffix":"inner"}},"clearTextFirst":true,"interactionType":"ENTER_TEXT"}]}
COMMAND: POST /session/85be7df00c2941df1715a768c51ad8f5/execute/async - {"script":"<script> [1562 bytes]","args":[{"selector":{"id":"application-manageresources-display-component---newResourceUnit--DIMENSION_UNIT","interaction":{"idSuffix":"inner"}},"wdio_ui5_key":"applicationmanageresources-display-component---newResourceUnit--DIMENSION_UNIT"}]}
RESULT: {"script":"<script> [1562 bytes]","args":[{"selector":{"id":"application-manageresources-display-component---newResourceUnit--DIMENSION_UNIT","interaction":{"idSuffix":"inner"}},"wdio_ui5_key":"applicationmanageresources-display-component---newResourceUnit--DIMENSION_UNIT"}]}
RESULT: undefined
COMMAND: POST /session/85be7df00c2941df1715a768c51ad8f5/execute/async - {"script":"<script> [776 bytes]","args":[{"enterText":"Meter","selector":{"id":"application-manageresources-display-component---newResourceUnit--DIMENSION_UNIT","interaction":{"idSuffix":"inner"}},"clearTextFirst":true,"interactionType":"ENTER_TEXT"}]}
RESULT: {"script":"<script> [776 bytes]","args":[{"enterText":"Meter","selector":{"id":"application-manageresources-display-component---newResourceUnit--DIMENSION_UNIT","interaction":{"idSuffix":"inner"}},"clearTextFirst":true,"interactionType":"ENTER_TEXT"}]}
COMMAND: POST /session/85be7df00c2941df1715a768c51ad8f5/execute/async - {"script":"<script> [1562 bytes]","args":[{"selector":{"id":"application-manageresources-display-component---newResourceUnit--newRRUPage-anchBar-application-manageresources-display-component---newResourceUnit--control-anchor","interaction":{"idSuffix":"BDI-content"}},"wdio_ui5_key":"applicationmanageresources-display-component---newResourceUnit--newRRUPage-anchBar-application-manageresources-display-component---newResourceUnit--control-anchor"}]}
RESULT: {"script":"<script> [1562 bytes]","args":[{"selector":{"id":"application-manageresources-display-component---newResourceUnit--newRRUPage-anchBar-application-manageresources-display-component---newResourceUnit--control-anchor","interaction":{"idSuffix":"BDI-content"}},"wdio_ui5_key":"applicationmanageresources-display-component---newResourceUnit--newRRUPage-anchBar-application-manageresources-display-component---newResourceUnit--control-anchor"}]}
RESULT: undefined
COMMAND: POST /session/85be7df00c2941df1715a768c51ad8f5/element - {"using":"xpath","value":"//*[@id=\"application-manageresources-display-component---newResourceUnit--newRRUPage-anchBar-application-manageresources-display-component---newResourceUnit--control-anchor\"]"}
RESULT: {"using":"xpath","value":"//*[@id=\"application-manageresources-display-component---newResourceUnit--newRRUPage-anchBar-application-manageresources-display-component---newResourceUnit--control-anchor\"]"}
COMMAND: POST /session/85be7df00c2941df1715a768c51ad8f5/element/f.5D121FC7909F200889B59C01A2F655FF.d.DCD460CA3B6E42CB9BE93E7B5EFAC39D.e.14576/click - {}
RESULT: {}
COMMAND: POST /session/85be7df00c2941df1715a768c51ad8f5/execute/async - {"script":"<script> [1562 bytes]","args":[{"selector":{"id":"application-manageresources-display-component---newResourceUnit--PLANNING_GROUP","interaction":{"idSuffix":"inner"}},"wdio_ui5_key":"applicationmanageresources-display-component---newResourceUnit--PLANNING_GROUP"}]}
COMMAND: GET /session/85be7df00c2941df1715a768c51ad8f5/screenshot - {}
RESULT: {"script":"<script> [1562 bytes]","args":[{"selector":{"id":"application-manageresources-display-component---newResourceUnit--PLANNING_GROUP","interaction":{"idSuffix":"inner"}},"wdio_ui5_key":"applicationmanageresources-display-component---newResourceUnit--PLANNING_GROUP"}]}
RESULT: undefined
COMMAND: POST /session/85be7df00c2941df1715a768c51ad8f5/execute/async - {"script":"<script> [776 bytes]","args":[{"enterText":"Material","selector":{"id":"application-manageresources-display-component---newResourceUnit--PLANNING_GROUP","interaction":{"idSuffix":"inner"}},"clearTextFirst":true,"interactionType":"ENTER_TEXT"}]}
RESULT: {}
RESULT: {"script":"<script> [776 bytes]","args":[{"enterText":"Material","selector":{"id":"application-manageresources-display-component---newResourceUnit--PLANNING_GROUP","interaction":{"idSuffix":"inner"}},"clearTextFirst":true,"interactionType":"ENTER_TEXT"}]}
COMMAND: POST /session/85be7df00c2941df1715a768c51ad8f5/execute/async - {"script":"<script> [1562 bytes]","args":[{"selector":{"id":"application-manageresources-display-component---newResourceUnit--PLANNING_INDICATOR","interaction":{"idSuffix":"inner"}},"wdio_ui5_key":"applicationmanageresources-display-component---newResourceUnit--PLANNING_INDICATOR"}]}
RESULT: {"script":"<script> [1562 bytes]","args":[{"selector":{"id":"application-manageresources-display-component---newResourceUnit--PLANNING_INDICATOR","interaction":{"idSuffix":"inner"}},"wdio_ui5_key":"applicationmanageresources-display-component---newResourceUnit--PLANNING_INDICATOR"}]}
RESULT: undefined
COMMAND: POST /session/85be7df00c2941df1715a768c51ad8f5/execute/async - {"script":"<script> [776 bytes]","args":[{"enterText":"10 - infinite","selector":{"id":"application-manageresources-display-component---newResourceUnit--PLANNING_INDICATOR","interaction":{"idSuffix":"inner"}},"clearTextFirst":true,"interactionType":"ENTER_TEXT"}]}
RESULT: {"script":"<script> [776 bytes]","args":[{"enterText":"10 - infinite","selector":{"id":"application-manageresources-display-component---newResourceUnit--PLANNING_INDICATOR","interaction":{"idSuffix":"inner"}},"clearTextFirst":true,"interactionType":"ENTER_TEXT"}]}
COMMAND: POST /session/85be7df00c2941df1715a768c51ad8f5/element - {"using":"css selector","value":"#application-manageresources-display-component---newResourceUnit--btnAddTimeSegment"}
RESULT: {"using":"css selector","value":"#application-manageresources-display-component---newResourceUnit--btnAddTimeSegment"}
COMMAND: GET /session/85be7df00c2941df1715a768c51ad8f5/element/f.5D121FC7909F200889B59C01A2F655FF.d.DCD460CA3B6E42CB9BE93E7B5EFAC39D.e.14584/rect - {}
RESULT: {}
COMMAND: GET /session/85be7df00c2941df1715a768c51ad8f5/window/rect - {}
RESULT: {}
COMMAND: POST /session/85be7df00c2941df1715a768c51ad8f5/execute/sync - {"script":"<script> [92 bytes]","args":[]}
RESULT: {"script":"<script> [92 bytes]","args":[]}
COMMAND: POST /session/85be7df00c2941df1715a768c51ad8f5/actions - {"actions":[{"id":"action46","type":"wheel","parameters":{},"actions":[{"type":"scroll","x":-1888,"y":-32,"deltaX":0,"deltaY":0,"duration":0,"origin":{"element-6066-11e4-a52e-4f735466cecf":"f.5D121FC7909F200889B59C01A2F655FF.d.DCD460CA3B6E42CB9BE93E7B5EFAC39D.e.14584"}}]}]}
COMMAND: GET /session/85be7df00c2941df1715a768c51ad8f5/screenshot - {}
RESULT: {}
COMMAND: POST /session/85be7df00c2941df1715a768c51ad8f5/execute/sync - {"script":"<script> [79 bytes]","args":[{"element-6066-11e4-a52e-4f735466cecf":"f.5D121FC7909F200889B59C01A2F655FF.d.DCD460CA3B6E42CB9BE93E7B5EFAC39D.e.14584","ELEMENT":"f.5D121FC7909F200889B59C01A2F655FF.d.DCD460CA3B6E42CB9BE93E7B5EFAC39D.e.14584"},{"block":"start","inline":"nearest"}]}
RESULT: {"script":"<script> [79 bytes]","args":[{"element-6066-11e4-a52e-4f735466cecf":"f.5D121FC7909F200889B59C01A2F655FF.d.DCD460CA3B6E42CB9BE93E7B5EFAC39D.e.14584","ELEMENT":"f.5D121FC7909F200889B59C01A2F655FF.d.DCD460CA3B6E42CB9BE93E7B5EFAC39D.e.14584"},{"block":"start","inline":"nearest"}]}
COMMAND: POST /session/85be7df00c2941df1715a768c51ad8f5/execute/async - {"script":"<script> [1562 bytes]","args":[{"selector":{"id":"application-manageresources-display-component---newResourceUnit--btnAddTimeSegment","interaction":{"idSuffix":"inner"}},"wdio_ui5_key":"applicationmanageresources-display-component---newResourceUnit--btnAddTimeSegment"}]}
COMMAND: GET /session/85be7df00c2941df1715a768c51ad8f5/screenshot - {}
RESULT: {"script":"<script> [1562 bytes]","args":[{"selector":{"id":"application-manageresources-display-component---newResourceUnit--btnAddTimeSegment","interaction":{"idSuffix":"inner"}},"wdio_ui5_key":"applicationmanageresources-display-component---newResourceUnit--btnAddTimeSegment"}]}
RESULT: undefined
COMMAND: POST /session/85be7df00c2941df1715a768c51ad8f5/element - {"using":"xpath","value":"//*[@id=\"application-manageresources-display-component---newResourceUnit--btnAddTimeSegment\"]"}
RESULT: {}
RESULT: {"using":"xpath","value":"//*[@id=\"application-manageresources-display-component---newResourceUnit--btnAddTimeSegment\"]"}
COMMAND: POST /session/85be7df00c2941df1715a768c51ad8f5/element/f.5D121FC7909F200889B59C01A2F655FF.d.DCD460CA3B6E42CB9BE93E7B5EFAC39D.e.14584/click - {}
RESULT: {}
COMMAND: GET /session/85be7df00c2941df1715a768c51ad8f5/screenshot - {}
RESULT: {}
COMMAND: POST /session/85be7df00c2941df1715a768c51ad8f5/element - {"using":"xpath","value":"//input[@id=\"application-manageresources-display-component---newResourceUnit--idRuTSAdmin-application-manageresources-display-component---newResourceUnit--RUTimeSegment-0-inner\"]"}
RESULT: {"using":"xpath","value":"//input[@id=\"application-manageresources-display-component---newResourceUnit--idRuTSAdmin-application-manageresources-display-component---newResourceUnit--RUTimeSegment-0-inner\"]"}
COMMAND: POST /session/85be7df00c2941df1715a768c51ad8f5/element/f.5D121FC7909F200889B59C01A2F655FF.d.DCD460CA3B6E42CB9BE93E7B5EFAC39D.e.14589/clear - {}
RESULT: {}
COMMAND: POST /session/85be7df00c2941df1715a768c51ad8f5/element/f.5D121FC7909F200889B59C01A2F655FF.d.DCD460CA3B6E42CB9BE93E7B5EFAC39D.e.14589/value - {"text":"228"}
COMMAND: GET /session/85be7df00c2941df1715a768c51ad8f5/screenshot - {}
RESULT: {"text":"228"}
COMMAND: GET /session/85be7df00c2941df1715a768c51ad8f5/screenshot - {}
RESULT: {}
RESULT: {}
COMMAND: POST /session/85be7df00c2941df1715a768c51ad8f5/element - {"using":"xpath","value":"//li[.//span[text()='228']]"}
RESULT: {"using":"xpath","value":"//li[.//span[text()='228']]"}
COMMAND: POST /session/85be7df00c2941df1715a768c51ad8f5/element/f.5D121FC7909F200889B59C01A2F655FF.d.DCD460CA3B6E42CB9BE93E7B5EFAC39D.e.14599/click - {}
RESULT: {}
COMMAND: GET /session/85be7df00c2941df1715a768c51ad8f5/screenshot - {}
RESULT: {}
COMMAND: POST /session/85be7df00c2941df1715a768c51ad8f5/element - {"using":"xpath","value":"(//span[contains(@id, \"-application-manageresources-display-component---newResourceUnit--RUTimeSegment-0-arrow\")])[2]"}
RESULT: {"using":"xpath","value":"(//span[contains(@id, \"-application-manageresources-display-component---newResourceUnit--RUTimeSegment-0-arrow\")])[2]"}
COMMAND: POST /session/85be7df00c2941df1715a768c51ad8f5/element/f.5D121FC7909F200889B59C01A2F655FF.d.DCD460CA3B6E42CB9BE93E7B5EFAC39D.e.14600/click - {}
RESULT: {}
COMMAND: POST /session/85be7df00c2941df1715a768c51ad8f5/element - {"using":"xpath","value":"//span[contains(text(), \"PM Order\")]"}
COMMAND: GET /session/85be7df00c2941df1715a768c51ad8f5/screenshot - {}
RESULT: {"using":"xpath","value":"//span[contains(text(), \"PM Order\")]"}
COMMAND: POST /session/85be7df00c2941df1715a768c51ad8f5/element/f.5D121FC7909F200889B59C01A2F655FF.d.DCD460CA3B6E42CB9BE93E7B5EFAC39D.e.14601/click - {}
RESULT: {}
RESULT: {}
COMMAND: GET /session/85be7df00c2941df1715a768c51ad8f5/screenshot - {}
RESULT: {}
COMMAND: POST /session/85be7df00c2941df1715a768c51ad8f5/element - {"using":"xpath","value":"//td/div/div/div/span[contains(@id, \"newResourceUnit--RUTimeSegment-0-vhi\")][1]"}
RESULT: {"using":"xpath","value":"//td/div/div/div/span[contains(@id, \"newResourceUnit--RUTimeSegment-0-vhi\")][1]"}
COMMAND: GET /session/85be7df00c2941df1715a768c51ad8f5/element/f.5D121FC7909F200889B59C01A2F655FF.d.DCD460CA3B6E42CB9BE93E7B5EFAC39D.e.14605/rect - {}
RESULT: {}
COMMAND: GET /session/85be7df00c2941df1715a768c51ad8f5/window/rect - {}
RESULT: {}
COMMAND: POST /session/85be7df00c2941df1715a768c51ad8f5/execute/sync - {"script":"<script> [92 bytes]","args":[]}
RESULT: {"script":"<script> [92 bytes]","args":[]}
COMMAND: POST /session/85be7df00c2941df1715a768c51ad8f5/actions - {"actions":[{"id":"action47","type":"wheel","parameters":{},"actions":[{"type":"scroll","x":-1888,"y":-24,"deltaX":0,"deltaY":0,"duration":0,"origin":{"element-6066-11e4-a52e-4f735466cecf":"f.5D121FC7909F200889B59C01A2F655FF.d.DCD460CA3B6E42CB9BE93E7B5EFAC39D.e.14605"}}]}]}
COMMAND: GET /session/85be7df00c2941df1715a768c51ad8f5/screenshot - {}
RESULT: {}
COMMAND: POST /session/85be7df00c2941df1715a768c51ad8f5/execute/sync - {"script":"<script> [79 bytes]","args":[{"element-6066-11e4-a52e-4f735466cecf":"f.5D121FC7909F200889B59C01A2F655FF.d.DCD460CA3B6E42CB9BE93E7B5EFAC39D.e.14605","ELEMENT":"f.5D121FC7909F200889B59C01A2F655FF.d.DCD460CA3B6E42CB9BE93E7B5EFAC39D.e.14605"},{"block":"start","inline":"nearest"}]}
RESULT: {"script":"<script> [79 bytes]","args":[{"element-6066-11e4-a52e-4f735466cecf":"f.5D121FC7909F200889B59C01A2F655FF.d.DCD460CA3B6E42CB9BE93E7B5EFAC39D.e.14605","ELEMENT":"f.5D121FC7909F200889B59C01A2F655FF.d.DCD460CA3B6E42CB9BE93E7B5EFAC39D.e.14605"},{"block":"start","inline":"nearest"}]}
COMMAND: GET /session/85be7df00c2941df1715a768c51ad8f5/screenshot - {}
RESULT: {}
COMMAND: POST /session/85be7df00c2941df1715a768c51ad8f5/element/f.5D121FC7909F200889B59C01A2F655FF.d.DCD460CA3B6E42CB9BE93E7B5EFAC39D.e.14605/click - {}
RESULT: {}
COMMAND: GET /session/85be7df00c2941df1715a768c51ad8f5/screenshot - {}
RESULT: {}
COMMAND: POST /session/85be7df00c2941df1715a768c51ad8f5/execute/async - {"script":"<script> [1562 bytes]","args":[{"selector":{"controlType":"sap.m.SearchField","properties":{"placeholder":"Search"},"searchOpenDialogs":true,"interaction":{"idSuffix":"I"}},"wdio_ui5_key":"sapm.SearchField{\"placeholder\":\"Search\"}"}]}
RESULT: {"script":"<script> [1562 bytes]","args":[{"selector":{"controlType":"sap.m.SearchField","properties":{"placeholder":"Search"},"searchOpenDialogs":true,"interaction":{"idSuffix":"I"}},"wdio_ui5_key":"sapm.SearchField{\"placeholder\":\"Search\"}"}]}
RESULT: undefined
COMMAND: POST /session/85be7df00c2941df1715a768c51ad8f5/execute/async - {"script":"<script> [776 bytes]","args":[{"enterText":"4000360","selector":{"controlType":"sap.m.SearchField","properties":{"placeholder":"Search"},"searchOpenDialogs":true,"interaction":{"idSuffix":"I"}},"clearTextFirst":true,"interactionType":"ENTER_TEXT"}]}
RESULT: {"script":"<script> [776 bytes]","args":[{"enterText":"4000360","selector":{"controlType":"sap.m.SearchField","properties":{"placeholder":"Search"},"searchOpenDialogs":true,"interaction":{"idSuffix":"I"}},"clearTextFirst":true,"interactionType":"ENTER_TEXT"}]}
COMMAND: POST /session/85be7df00c2941df1715a768c51ad8f5/actions - {"actions":[{"id":"action48","type":"key","parameters":{},"actions":[{"type":"keyDown","value":""},{"type":"pause","duration":10},{"type":"keyUp","value":""}]}]}
RESULT: {"actions":[{"id":"action48","type":"key","parameters":{},"actions":[{"type":"keyDown","value":""},{"type":"pause","duration":10},{"type":"keyUp","value":""}]}]}
COMMAND: GET /session/85be7df00c2941df1715a768c51ad8f5/screenshot - {}
RESULT: {}
COMMAND: POST /session/85be7df00c2941df1715a768c51ad8f5/element - {"using":"xpath","value":"//td/div/span[contains(text(), \"BGL Vehicles\")]"}
RESULT: {"using":"xpath","value":"//td/div/span[contains(text(), \"BGL Vehicles\")]"}
COMMAND: POST /session/85be7df00c2941df1715a768c51ad8f5/element/f.5D121FC7909F200889B59C01A2F655FF.d.DCD460CA3B6E42CB9BE93E7B5EFAC39D.e.14627/click - {}
RESULT: {}
COMMAND: GET /session/85be7df00c2941df1715a768c51ad8f5/screenshot - {}
RESULT: {}
COMMAND: POST /session/85be7df00c2941df1715a768c51ad8f5/element - {"using":"xpath","value":"//bdi[contains(text(), \"OK\")]"}
RESULT: {"using":"xpath","value":"//bdi[contains(text(), \"OK\")]"}
COMMAND: POST /session/85be7df00c2941df1715a768c51ad8f5/element/f.5D121FC7909F200889B59C01A2F655FF.d.DCD460CA3B6E42CB9BE93E7B5EFAC39D.e.14628/click - {}
RESULT: {}
COMMAND: GET /session/85be7df00c2941df1715a768c51ad8f5/screenshot - {}
RESULT: {}
COMMAND: POST /session/85be7df00c2941df1715a768c51ad8f5/element - {"using":"xpath","value":"//label[contains(@class, 'sapMLabelRequired') and .//bdi[contains(text(), 'Planned Retirement')]]"}
RESULT: {"using":"xpath","value":"//label[contains(@class, 'sapMLabelRequired') and .//bdi[contains(text(), 'Planned Retirement')]]"}
COMMAND: POST /session/85be7df00c2941df1715a768c51ad8f5/elements - {"using":"xpath","value":"//label[contains(@class, 'sapMLabelRequired') and .//bdi[contains(text(), 'Planned Retirement')]]"}
RESULT: {"using":"xpath","value":"//label[contains(@class, 'sapMLabelRequired') and .//bdi[contains(text(), 'Planned Retirement')]]"}
COMMAND: POST /session/85be7df00c2941df1715a768c51ad8f5/element - {"using":"xpath","value":"//button[@data-kt=\"resourceUnitSaveButton\"]"}
RESULT: {"using":"xpath","value":"//button[@data-kt=\"resourceUnitSaveButton\"]"}
COMMAND: POST /session/85be7df00c2941df1715a768c51ad8f5/element/f.5D121FC7909F200889B59C01A2F655FF.d.DCD460CA3B6E42CB9BE93E7B5EFAC39D.e.14462/click - {}
RESULT: {}
COMMAND: GET /session/85be7df00c2941df1715a768c51ad8f5/screenshot - {}
RESULT: {}
COMMAND: POST /session/85be7df00c2941df1715a768c51ad8f5/element - {"using":"xpath","value":"//bdi[contains(text(), \"Close\")]"}
RESULT: {"using":"xpath","value":"//bdi[contains(text(), \"Close\")]"}
COMMAND: POST /session/85be7df00c2941df1715a768c51ad8f5/element/f.5D121FC7909F200889B59C01A2F655FF.d.DCD460CA3B6E42CB9BE93E7B5EFAC39D.e.14635/click - {}
RESULT: {}
COMMAND: GET /session/85be7df00c2941df1715a768c51ad8f5/screenshot - {}
RESULT: {}
COMMAND: POST /session/85be7df00c2941df1715a768c51ad8f5/element - {"using":"xpath","value":"//header[contains(@id, 'detailRruPage-headerTitle')]/div[1]/div[2]/div[2]/span[1]"}
RESULT: {"using":"xpath","value":"//header[contains(@id, 'detailRruPage-headerTitle')]/div[1]/div[2]/div[2]/span[1]"}
COMMAND: POST /session/85be7df00c2941df1715a768c51ad8f5/elements - {"using":"xpath","value":"//header[contains(@id, 'detailRruPage-headerTitle')]/div[1]/div[2]/div[2]/span[1]"}
RESULT: {"using":"xpath","value":"//header[contains(@id, 'detailRruPage-headerTitle')]/div[1]/div[2]/div[2]/span[1]"}
COMMAND: POST /session/85be7df00c2941df1715a768c51ad8f5/execute/sync - {"script":"<script> [56 bytes]","args":[{"element-6066-11e4-a52e-4f735466cecf":"f.5D121FC7909F200889B59C01A2F655FF.d.DCD460CA3B6E42CB9BE93E7B5EFAC39D.e.14670","ELEMENT":"f.5D121FC7909F200889B59C01A2F655FF.d.DCD460CA3B6E42CB9BE93E7B5EFAC39D.e.14670"}]}
RESULT: {"script":"<script> [56 bytes]","args":[{"element-6066-11e4-a52e-4f735466cecf":"f.5D121FC7909F200889B59C01A2F655FF.d.DCD460CA3B6E42CB9BE93E7B5EFAC39D.e.14670","ELEMENT":"f.5D121FC7909F200889B59C01A2F655FF.d.DCD460CA3B6E42CB9BE93E7B5EFAC39D.e.14670"}]}
COMMAND: POST /session/85be7df00c2941df1715a768c51ad8f5/element - {"using":"css selector","value":"#shell-header-logo"}
COMMAND: GET /session/85be7df00c2941df1715a768c51ad8f5/screenshot - {}
RESULT: {"using":"css selector","value":"#shell-header-logo"}
COMMAND: POST /session/85be7df00c2941df1715a768c51ad8f5/element/f.5D121FC7909F200889B59C01A2F655FF.d.DCD460CA3B6E42CB9BE93E7B5EFAC39D.e.14059/click - {}
RESULT: {}
RESULT: {}
COMMAND: GET /session/85be7df00c2941df1715a768c51ad8f5/screenshot - {}
RESULT: {}
]]></system-out>
    </testcase>
  </testsuite>
  <testsuite timestamp="2025-05-23T17:04:29" time="359.131" tests="6" failures="2" errors="2" skipped="0">
    <properties>
      <property name="specId" value="0"/>
      <property name="suiteName" value="Provide to Site w/o warehouse management w clarification"/>
      <property name="capabilities" value="chrome.136_0_7103_93.windows"/>
      <property name="file" value="file:///D:/a/1/s/test/specs/HTR/provide-to-site-wo-warehouse-w-clarification.spec.js"/>
    </properties>
    <testcase classname="chrome.136_0_7103_93.windows.Provide_to_Site_w/o_warehouse_management_w_clarification" name="Should do a stock increase handover" time="100.617">
      <system-out><![CDATA[
COMMAND: POST /session/85be7df00c2941df1715a768c51ad8f5/execute/async - {"script":"<script> [1562 bytes]","args":[{"selector":{"controlType":"sap.m.GenericTile","properties":{"header":"Manage Handovers"}},"wdio_ui5_key":"sapm.GenericTile{\"header\":\"Manage Handovers\"}"}]}
RESULT: {"script":"<script> [1562 bytes]","args":[{"selector":{"controlType":"sap.m.GenericTile","properties":{"header":"Manage Handovers"}},"wdio_ui5_key":"sapm.GenericTile{\"header\":\"Manage Handovers\"}"}]}
RESULT: undefined
COMMAND: POST /session/85be7df00c2941df1715a768c51ad8f5/element - {"using":"xpath","value":"//*[@id=\"__tile132\"]"}
RESULT: {"using":"xpath","value":"//*[@id=\"__tile132\"]"}
COMMAND: POST /session/85be7df00c2941df1715a768c51ad8f5/element/f.5D121FC7909F200889B59C01A2F655FF.d.DCD460CA3B6E42CB9BE93E7B5EFAC39D.e.14008/click - {}
RESULT: {}
COMMAND: GET /session/85be7df00c2941df1715a768c51ad8f5/screenshot - {}
RESULT: {}
COMMAND: POST /session/85be7df00c2941df1715a768c51ad8f5/elements - {"using":"xpath","value":"//span[text()='Error']"}
RESULT: {"using":"xpath","value":"//span[text()='Error']"}
COMMAND: POST /session/85be7df00c2941df1715a768c51ad8f5/element - {"using":"xpath","value":"//button[@data-kt=\"masterHOAddButton\"]"}
RESULT: {"using":"xpath","value":"//button[@data-kt=\"masterHOAddButton\"]"}
COMMAND: POST /session/85be7df00c2941df1715a768c51ad8f5/elements - {"using":"xpath","value":"//button[@data-kt=\"masterHOAddButton\"]"}
RESULT: {"using":"xpath","value":"//button[@data-kt=\"masterHOAddButton\"]"}
COMMAND: POST /session/85be7df00c2941df1715a768c51ad8f5/elements - {"using":"xpath","value":"//button[@data-kt=\"masterHOAddButton\"]"}
RESULT: {"using":"xpath","value":"//button[@data-kt=\"masterHOAddButton\"]"}
COMMAND: POST /session/85be7df00c2941df1715a768c51ad8f5/elements - {"using":"xpath","value":"//button[@data-kt=\"masterHOAddButton\"]"}
RESULT: {"using":"xpath","value":"//button[@data-kt=\"masterHOAddButton\"]"}
COMMAND: POST /session/85be7df00c2941df1715a768c51ad8f5/elements - {"using":"xpath","value":"//button[@data-kt=\"masterHOAddButton\"]"}
RESULT: {"using":"xpath","value":"//button[@data-kt=\"masterHOAddButton\"]"}
COMMAND: POST /session/85be7df00c2941df1715a768c51ad8f5/element - {"using":"xpath","value":"//button[@data-kt=\"masterHOAddButton\"]"}
RESULT: {"using":"xpath","value":"//button[@data-kt=\"masterHOAddButton\"]"}
COMMAND: POST /session/85be7df00c2941df1715a768c51ad8f5/execute/sync - {"script":"<script> [8489 bytes]","args":[{"element-6066-11e4-a52e-4f735466cecf":"f.5D121FC7909F200889B59C01A2F655FF.d.DCD460CA3B6E42CB9BE93E7B5EFAC39D.e.14709","ELEMENT":"f.5D121FC7909F200889B59C01A2F655FF.d.DCD460CA3B6E42CB9BE93E7B5EFAC39D.e.14709"}]}
RESULT: {"script":"<script> [8489 bytes]","args":[{"element-6066-11e4-a52e-4f735466cecf":"f.5D121FC7909F200889B59C01A2F655FF.d.DCD460CA3B6E42CB9BE93E7B5EFAC39D.e.14709","ELEMENT":"f.5D121FC7909F200889B59C01A2F655FF.d.DCD460CA3B6E42CB9BE93E7B5EFAC39D.e.14709"}]}
COMMAND: GET /session/85be7df00c2941df1715a768c51ad8f5/element/f.5D121FC7909F200889B59C01A2F655FF.d.DCD460CA3B6E42CB9BE93E7B5EFAC39D.e.14709/enabled - {}
COMMAND: GET /session/85be7df00c2941df1715a768c51ad8f5/screenshot - {}
RESULT: {}
COMMAND: POST /session/85be7df00c2941df1715a768c51ad8f5/execute/sync - {"script":"<script> [8489 bytes]","args":[{"element-6066-11e4-a52e-4f735466cecf":"f.5D121FC7909F200889B59C01A2F655FF.d.DCD460CA3B6E42CB9BE93E7B5EFAC39D.e.14709","ELEMENT":"f.5D121FC7909F200889B59C01A2F655FF.d.DCD460CA3B6E42CB9BE93E7B5EFAC39D.e.14709"}]}
COMMAND: GET /session/85be7df00c2941df1715a768c51ad8f5/screenshot - {}
RESULT: {}
RESULT: {"script":"<script> [8489 bytes]","args":[{"element-6066-11e4-a52e-4f735466cecf":"f.5D121FC7909F200889B59C01A2F655FF.d.DCD460CA3B6E42CB9BE93E7B5EFAC39D.e.14709","ELEMENT":"f.5D121FC7909F200889B59C01A2F655FF.d.DCD460CA3B6E42CB9BE93E7B5EFAC39D.e.14709"}]}
COMMAND: POST /session/85be7df00c2941df1715a768c51ad8f5/execute/sync - {"script":"<script> [5351 bytes]","args":[{"element-6066-11e4-a52e-4f735466cecf":"f.5D121FC7909F200889B59C01A2F655FF.d.DCD460CA3B6E42CB9BE93E7B5EFAC39D.e.14709","ELEMENT":"f.5D121FC7909F200889B59C01A2F655FF.d.DCD460CA3B6E42CB9BE93E7B5EFAC39D.e.14709"}]}
COMMAND: GET /session/85be7df00c2941df1715a768c51ad8f5/screenshot - {}
RESULT: {}
RESULT: {"script":"<script> [5351 bytes]","args":[{"element-6066-11e4-a52e-4f735466cecf":"f.5D121FC7909F200889B59C01A2F655FF.d.DCD460CA3B6E42CB9BE93E7B5EFAC39D.e.14709","ELEMENT":"f.5D121FC7909F200889B59C01A2F655FF.d.DCD460CA3B6E42CB9BE93E7B5EFAC39D.e.14709"}]}
COMMAND: POST /session/85be7df00c2941df1715a768c51ad8f5/element/f.5D121FC7909F200889B59C01A2F655FF.d.DCD460CA3B6E42CB9BE93E7B5EFAC39D.e.14709/click - {}
COMMAND: GET /session/85be7df00c2941df1715a768c51ad8f5/screenshot - {}
RESULT: {}
RESULT: {}
COMMAND: GET /session/85be7df00c2941df1715a768c51ad8f5/screenshot - {}
COMMAND: POST /session/85be7df00c2941df1715a768c51ad8f5/element - {"using":"xpath","value":"//span[contains(@id ,\"AddNewHO--typeSelect-arrow\")]"}
RESULT: {}
RESULT: {}
RESULT: {"using":"xpath","value":"//span[contains(@id ,\"AddNewHO--typeSelect-arrow\")]"}
COMMAND: POST /session/85be7df00c2941df1715a768c51ad8f5/element/f.5D121FC7909F200889B59C01A2F655FF.d.DCD460CA3B6E42CB9BE93E7B5EFAC39D.e.15048/click - {}
RESULT: {}
COMMAND: GET /session/85be7df00c2941df1715a768c51ad8f5/screenshot - {}
RESULT: {}
COMMAND: POST /session/85be7df00c2941df1715a768c51ad8f5/element - {"using":"xpath","value":"(//li[contains(text(), \"stock increase yard\")])[1]"}
RESULT: {"using":"xpath","value":"(//li[contains(text(), \"stock increase yard\")])[1]"}
COMMAND: POST /session/85be7df00c2941df1715a768c51ad8f5/element/f.5D121FC7909F200889B59C01A2F655FF.d.DCD460CA3B6E42CB9BE93E7B5EFAC39D.e.15049/click - {}
RESULT: {}
COMMAND: GET /session/85be7df00c2941df1715a768c51ad8f5/screenshot - {}
RESULT: {}
COMMAND: POST /session/85be7df00c2941df1715a768c51ad8f5/execute/async - {"script":"<script> [1562 bytes]","args":[{"selector":{"id":"application-managehandovers-display-component---AddNewHO--dueDate","interaction":{"idSuffix":"inner"}},"wdio_ui5_key":"applicationmanagehandovers-display-component---AddNewHO--dueDate"}]}
RESULT: {"script":"<script> [1562 bytes]","args":[{"selector":{"id":"application-managehandovers-display-component---AddNewHO--dueDate","interaction":{"idSuffix":"inner"}},"wdio_ui5_key":"applicationmanagehandovers-display-component---AddNewHO--dueDate"}]}
RESULT: undefined
COMMAND: POST /session/85be7df00c2941df1715a768c51ad8f5/execute/async - {"script":"<script> [6424 bytes]","args":[{"element-6066-11e4-a52e-4f735466cecf":"f.5D121FC7909F200889B59C01A2F655FF.d.DCD460CA3B6E42CB9BE93E7B5EFAC39D.e.15053"},"setValue",["5/23/25"]]}
RESULT: {"script":"<script> [6424 bytes]","args":[{"element-6066-11e4-a52e-4f735466cecf":"f.5D121FC7909F200889B59C01A2F655FF.d.DCD460CA3B6E42CB9BE93E7B5EFAC39D.e.15053"},"setValue",["5/23/25"]]}
COMMAND: POST /session/85be7df00c2941df1715a768c51ad8f5/element - {"using":"xpath","value":"//input[@id=\"generalSectionFrg--receiveYard-inner\"]"}
RESULT: {"using":"xpath","value":"//input[@id=\"generalSectionFrg--receiveYard-inner\"]"}
COMMAND: POST /session/85be7df00c2941df1715a768c51ad8f5/element/f.5D121FC7909F200889B59C01A2F655FF.d.DCD460CA3B6E42CB9BE93E7B5EFAC39D.e.15059/clear - {}
RESULT: {}
COMMAND: POST /session/85be7df00c2941df1715a768c51ad8f5/element/f.5D121FC7909F200889B59C01A2F655FF.d.DCD460CA3B6E42CB9BE93E7B5EFAC39D.e.15059/value - {"text":"228"}
COMMAND: GET /session/85be7df00c2941df1715a768c51ad8f5/screenshot - {}
RESULT: {"text":"228"}
COMMAND: GET /session/85be7df00c2941df1715a768c51ad8f5/screenshot - {}
RESULT: {}
RESULT: {}
COMMAND: POST /session/85be7df00c2941df1715a768c51ad8f5/element - {"using":"xpath","value":"//li[.//span[text()='228']]"}
RESULT: {"using":"xpath","value":"//li[.//span[text()='228']]"}
COMMAND: POST /session/85be7df00c2941df1715a768c51ad8f5/element/f.5D121FC7909F200889B59C01A2F655FF.d.DCD460CA3B6E42CB9BE93E7B5EFAC39D.e.15075/click - {}
RESULT: {}
COMMAND: GET /session/85be7df00c2941df1715a768c51ad8f5/screenshot - {}
RESULT: {}
COMMAND: POST /session/85be7df00c2941df1715a768c51ad8f5/execute/async - {"script":"<script> [1562 bytes]","args":[{"selector":{"id":"application-managehandovers-display-component---AddNewHO--ObjectPageLayout-anchBar-application-managehandovers-display-component---AddNewHO--section4-anchor","interaction":{"idSuffix":"BDI-content"}},"wdio_ui5_key":"applicationmanagehandovers-display-component---AddNewHO--ObjectPageLayout-anchBar-application-managehandovers-display-component---AddNewHO--section4-anchor"}]}
RESULT: {"script":"<script> [1562 bytes]","args":[{"selector":{"id":"application-managehandovers-display-component---AddNewHO--ObjectPageLayout-anchBar-application-managehandovers-display-component---AddNewHO--section4-anchor","interaction":{"idSuffix":"BDI-content"}},"wdio_ui5_key":"applicationmanagehandovers-display-component---AddNewHO--ObjectPageLayout-anchBar-application-managehandovers-display-component---AddNewHO--section4-anchor"}]}
RESULT: undefined
COMMAND: POST /session/85be7df00c2941df1715a768c51ad8f5/element - {"using":"xpath","value":"//*[@id=\"application-managehandovers-display-component---AddNewHO--ObjectPageLayout-anchBar-application-managehandovers-display-component---AddNewHO--section4-anchor\"]"}
RESULT: {"using":"xpath","value":"//*[@id=\"application-managehandovers-display-component---AddNewHO--ObjectPageLayout-anchBar-application-managehandovers-display-component---AddNewHO--section4-anchor\"]"}
COMMAND: POST /session/85be7df00c2941df1715a768c51ad8f5/element/f.5D121FC7909F200889B59C01A2F655FF.d.DCD460CA3B6E42CB9BE93E7B5EFAC39D.e.15077/click - {}
RESULT: {}
COMMAND: POST /session/85be7df00c2941df1715a768c51ad8f5/element - {"using":"xpath","value":"//button[@aria-label=\"Add\"]"}
COMMAND: GET /session/85be7df00c2941df1715a768c51ad8f5/screenshot - {}
RESULT: {"using":"xpath","value":"//button[@aria-label=\"Add\"]"}
COMMAND: POST /session/85be7df00c2941df1715a768c51ad8f5/element/f.5D121FC7909F200889B59C01A2F655FF.d.DCD460CA3B6E42CB9BE93E7B5EFAC39D.e.15081/click - {}
RESULT: {}
RESULT: {}
COMMAND: GET /session/85be7df00c2941df1715a768c51ad8f5/screenshot - {}
RESULT: {}
COMMAND: POST /session/85be7df00c2941df1715a768c51ad8f5/execute/async - {"script":"<script> [1562 bytes]","args":[{"selector":{"id":"application-managehandovers-display-component---AddNewHO--smartFilterBar-btnBasicSearch","searchOpenDialogs":true,"interaction":{"idSuffix":"I"}},"wdio_ui5_key":"applicationmanagehandovers-display-component---AddNewHO--smartFilterBar-btnBasicSearch"}]}
RESULT: {"script":"<script> [1562 bytes]","args":[{"selector":{"id":"application-managehandovers-display-component---AddNewHO--smartFilterBar-btnBasicSearch","searchOpenDialogs":true,"interaction":{"idSuffix":"I"}},"wdio_ui5_key":"applicationmanagehandovers-display-component---AddNewHO--smartFilterBar-btnBasicSearch"}]}
RESULT: undefined
COMMAND: POST /session/85be7df00c2941df1715a768c51ad8f5/execute/async - {"script":"<script> [776 bytes]","args":[{"enterText":"200095","selector":{"id":"application-managehandovers-display-component---AddNewHO--smartFilterBar-btnBasicSearch","searchOpenDialogs":true,"interaction":{"idSuffix":"I"}},"clearTextFirst":true,"interactionType":"ENTER_TEXT"}]}
RESULT: {"script":"<script> [776 bytes]","args":[{"enterText":"200095","selector":{"id":"application-managehandovers-display-component---AddNewHO--smartFilterBar-btnBasicSearch","searchOpenDialogs":true,"interaction":{"idSuffix":"I"}},"clearTextFirst":true,"interactionType":"ENTER_TEXT"}]}
COMMAND: POST /session/85be7df00c2941df1715a768c51ad8f5/actions - {"actions":[{"id":"action49","type":"key","parameters":{},"actions":[{"type":"keyDown","value":""},{"type":"pause","duration":10},{"type":"keyUp","value":""}]}]}
RESULT: {"actions":[{"id":"action49","type":"key","parameters":{},"actions":[{"type":"keyDown","value":""},{"type":"pause","duration":10},{"type":"keyUp","value":""}]}]}
COMMAND: GET /session/85be7df00c2941df1715a768c51ad8f5/screenshot - {}
RESULT: {}
COMMAND: POST /session/85be7df00c2941df1715a768c51ad8f5/execute/async - {"script":"<script> [1562 bytes]","args":[{"selector":{"id":"application-managehandovers-display-component---AddNewHO--popup-sa","searchOpenDialogs":true,"interaction":{"idSuffix":"CbBg"}},"wdio_ui5_key":"applicationmanagehandovers-display-component---AddNewHO--popup-sa"}]}
RESULT: {"script":"<script> [1562 bytes]","args":[{"selector":{"id":"application-managehandovers-display-component---AddNewHO--popup-sa","searchOpenDialogs":true,"interaction":{"idSuffix":"CbBg"}},"wdio_ui5_key":"applicationmanagehandovers-display-component---AddNewHO--popup-sa"}]}
RESULT: undefined
COMMAND: POST /session/85be7df00c2941df1715a768c51ad8f5/element - {"using":"xpath","value":"//*[@id=\"application-managehandovers-display-component---AddNewHO--popup-sa\"]"}
RESULT: {"using":"xpath","value":"//*[@id=\"application-managehandovers-display-component---AddNewHO--popup-sa\"]"}
COMMAND: POST /session/85be7df00c2941df1715a768c51ad8f5/element/f.5D121FC7909F200889B59C01A2F655FF.d.DCD460CA3B6E42CB9BE93E7B5EFAC39D.e.15235/click - {}
RESULT: {}
COMMAND: GET /session/85be7df00c2941df1715a768c51ad8f5/screenshot - {}
RESULT: {}
COMMAND: POST /session/85be7df00c2941df1715a768c51ad8f5/element - {"using":"xpath","value":"//bdi[contains(text(), \"Select\")]"}
RESULT: {"using":"xpath","value":"//bdi[contains(text(), \"Select\")]"}
COMMAND: POST /session/85be7df00c2941df1715a768c51ad8f5/element/f.5D121FC7909F200889B59C01A2F655FF.d.DCD460CA3B6E42CB9BE93E7B5EFAC39D.e.15236/click - {}
RESULT: {}
COMMAND: GET /session/85be7df00c2941df1715a768c51ad8f5/screenshot - {}
RESULT: {}
COMMAND: POST /session/85be7df00c2941df1715a768c51ad8f5/element - {"using":"xpath","value":"//button[@data-kt=\"AddNewHOSaveButton\"]"}
RESULT: {"using":"xpath","value":"//button[@data-kt=\"AddNewHOSaveButton\"]"}
COMMAND: POST /session/85be7df00c2941df1715a768c51ad8f5/element/f.5D121FC7909F200889B59C01A2F655FF.d.DCD460CA3B6E42CB9BE93E7B5EFAC39D.e.15240/click - {}
RESULT: {}
COMMAND: GET /session/85be7df00c2941df1715a768c51ad8f5/screenshot - {}
RESULT: {}
COMMAND: POST /session/85be7df00c2941df1715a768c51ad8f5/execute/async - {"script":"<script> [1562 bytes]","args":[{"selector":{"id":"receiptDatePicker","viewName":"etm.portal.ui.managehandovers.view.DetailExecuteHO","interaction":{"idSuffix":"inner"}},"wdio_ui5_key":"receiptDatePickeretmportal.ui.managehandovers.view.DetailExecuteHO"}]}
RESULT: {"script":"<script> [1562 bytes]","args":[{"selector":{"id":"receiptDatePicker","viewName":"etm.portal.ui.managehandovers.view.DetailExecuteHO","interaction":{"idSuffix":"inner"}},"wdio_ui5_key":"receiptDatePickeretmportal.ui.managehandovers.view.DetailExecuteHO"}]}
RESULT: undefined
COMMAND: POST /session/85be7df00c2941df1715a768c51ad8f5/execute/async - {"script":"<script> [6424 bytes]","args":[{"element-6066-11e4-a52e-4f735466cecf":"f.5D121FC7909F200889B59C01A2F655FF.d.DCD460CA3B6E42CB9BE93E7B5EFAC39D.e.15270"},"setValue",["5/23/25"]]}
RESULT: {"script":"<script> [6424 bytes]","args":[{"element-6066-11e4-a52e-4f735466cecf":"f.5D121FC7909F200889B59C01A2F655FF.d.DCD460CA3B6E42CB9BE93E7B5EFAC39D.e.15270"},"setValue",["5/23/25"]]}
COMMAND: POST /session/85be7df00c2941df1715a768c51ad8f5/element - {"using":"xpath","value":"//button[@data-kt=\"ReceivingTableConfirmAllButton\"]"}
RESULT: {"using":"xpath","value":"//button[@data-kt=\"ReceivingTableConfirmAllButton\"]"}
COMMAND: POST /session/85be7df00c2941df1715a768c51ad8f5/element/f.5D121FC7909F200889B59C01A2F655FF.d.DCD460CA3B6E42CB9BE93E7B5EFAC39D.e.15284/click - {}
RESULT: {}
COMMAND: GET /session/85be7df00c2941df1715a768c51ad8f5/screenshot - {}
RESULT: {}
COMMAND: POST /session/85be7df00c2941df1715a768c51ad8f5/element - {"using":"xpath","value":"//bdi[contains(text(), \"OK\")]"}
RESULT: {"using":"xpath","value":"//bdi[contains(text(), \"OK\")]"}
COMMAND: POST /session/85be7df00c2941df1715a768c51ad8f5/element/f.5D121FC7909F200889B59C01A2F655FF.d.DCD460CA3B6E42CB9BE93E7B5EFAC39D.e.15286/click - {}
RESULT: {}
COMMAND: GET /session/85be7df00c2941df1715a768c51ad8f5/screenshot - {}
RESULT: {}
COMMAND: POST /session/85be7df00c2941df1715a768c51ad8f5/element - {"using":"xpath","value":"(//bdi[contains(text(), \"Receive\")])[2]"}
RESULT: {"using":"xpath","value":"(//bdi[contains(text(), \"Receive\")])[2]"}
COMMAND: POST /session/85be7df00c2941df1715a768c51ad8f5/element/f.5D121FC7909F200889B59C01A2F655FF.d.DCD460CA3B6E42CB9BE93E7B5EFAC39D.e.15288/click - {}
RESULT: {}
COMMAND: GET /session/85be7df00c2941df1715a768c51ad8f5/screenshot - {}
RESULT: {}
COMMAND: POST /session/85be7df00c2941df1715a768c51ad8f5/element - {"using":"css selector","value":"#shell-header-logo"}
RESULT: {"using":"css selector","value":"#shell-header-logo"}
COMMAND: POST /session/85be7df00c2941df1715a768c51ad8f5/element/f.5D121FC7909F200889B59C01A2F655FF.d.DCD460CA3B6E42CB9BE93E7B5EFAC39D.e.14673/click - {}
RESULT: {}
COMMAND: GET /session/85be7df00c2941df1715a768c51ad8f5/screenshot - {}
RESULT: {}
]]></system-out>
    </testcase>
    <testcase classname="chrome.136_0_7103_93.windows.Provide_to_Site_w/o_warehouse_management_w_clarification" name="Should create a new contract" time="59.935">
      <system-out><![CDATA[
COMMAND: POST /session/85be7df00c2941df1715a768c51ad8f5/execute/async - {"script":"<script> [1562 bytes]","args":[{"selector":{"controlType":"sap.m.GenericTile","properties":{"header":"Manage Contracts"}},"wdio_ui5_key":"sapm.GenericTile{\"header\":\"Manage Contracts\"}"}]}
RESULT: {"script":"<script> [1562 bytes]","args":[{"selector":{"controlType":"sap.m.GenericTile","properties":{"header":"Manage Contracts"}},"wdio_ui5_key":"sapm.GenericTile{\"header\":\"Manage Contracts\"}"}]}
RESULT: undefined
COMMAND: POST /session/85be7df00c2941df1715a768c51ad8f5/element - {"using":"xpath","value":"//*[@id=\"__tile130\"]"}
RESULT: {"using":"xpath","value":"//*[@id=\"__tile130\"]"}
COMMAND: POST /session/85be7df00c2941df1715a768c51ad8f5/element/f.5D121FC7909F200889B59C01A2F655FF.d.DCD460CA3B6E42CB9BE93E7B5EFAC39D.e.13997/click - {}
RESULT: {}
COMMAND: GET /session/85be7df00c2941df1715a768c51ad8f5/screenshot - {}
RESULT: {}
COMMAND: POST /session/85be7df00c2941df1715a768c51ad8f5/elements - {"using":"xpath","value":"//span[text()='Error']"}
RESULT: {"using":"xpath","value":"//span[text()='Error']"}
COMMAND: POST /session/85be7df00c2941df1715a768c51ad8f5/element - {"using":"xpath","value":"//button[@data-kt=\"addButton\"]"}
RESULT: {"using":"xpath","value":"//button[@data-kt=\"addButton\"]"}
COMMAND: POST /session/85be7df00c2941df1715a768c51ad8f5/elements - {"using":"xpath","value":"//button[@data-kt=\"addButton\"]"}
RESULT: {"using":"xpath","value":"//button[@data-kt=\"addButton\"]"}
COMMAND: POST /session/85be7df00c2941df1715a768c51ad8f5/execute/sync - {"script":"<script> [8489 bytes]","args":[{"element-6066-11e4-a52e-4f735466cecf":"f.5D121FC7909F200889B59C01A2F655FF.d.DCD460CA3B6E42CB9BE93E7B5EFAC39D.e.15514","ELEMENT":"f.5D121FC7909F200889B59C01A2F655FF.d.DCD460CA3B6E42CB9BE93E7B5EFAC39D.e.15514"}]}
RESULT: {"script":"<script> [8489 bytes]","args":[{"element-6066-11e4-a52e-4f735466cecf":"f.5D121FC7909F200889B59C01A2F655FF.d.DCD460CA3B6E42CB9BE93E7B5EFAC39D.e.15514","ELEMENT":"f.5D121FC7909F200889B59C01A2F655FF.d.DCD460CA3B6E42CB9BE93E7B5EFAC39D.e.15514"}]}
COMMAND: GET /session/85be7df00c2941df1715a768c51ad8f5/element/f.5D121FC7909F200889B59C01A2F655FF.d.DCD460CA3B6E42CB9BE93E7B5EFAC39D.e.15514/enabled - {}
COMMAND: GET /session/85be7df00c2941df1715a768c51ad8f5/screenshot - {}
RESULT: {}
COMMAND: POST /session/85be7df00c2941df1715a768c51ad8f5/execute/sync - {"script":"<script> [8489 bytes]","args":[{"element-6066-11e4-a52e-4f735466cecf":"f.5D121FC7909F200889B59C01A2F655FF.d.DCD460CA3B6E42CB9BE93E7B5EFAC39D.e.15514","ELEMENT":"f.5D121FC7909F200889B59C01A2F655FF.d.DCD460CA3B6E42CB9BE93E7B5EFAC39D.e.15514"}]}
COMMAND: GET /session/85be7df00c2941df1715a768c51ad8f5/screenshot - {}
RESULT: {}
RESULT: {"script":"<script> [8489 bytes]","args":[{"element-6066-11e4-a52e-4f735466cecf":"f.5D121FC7909F200889B59C01A2F655FF.d.DCD460CA3B6E42CB9BE93E7B5EFAC39D.e.15514","ELEMENT":"f.5D121FC7909F200889B59C01A2F655FF.d.DCD460CA3B6E42CB9BE93E7B5EFAC39D.e.15514"}]}
COMMAND: POST /session/85be7df00c2941df1715a768c51ad8f5/execute/sync - {"script":"<script> [5351 bytes]","args":[{"element-6066-11e4-a52e-4f735466cecf":"f.5D121FC7909F200889B59C01A2F655FF.d.DCD460CA3B6E42CB9BE93E7B5EFAC39D.e.15514","ELEMENT":"f.5D121FC7909F200889B59C01A2F655FF.d.DCD460CA3B6E42CB9BE93E7B5EFAC39D.e.15514"}]}
COMMAND: GET /session/85be7df00c2941df1715a768c51ad8f5/screenshot - {}
RESULT: {}
RESULT: {"script":"<script> [5351 bytes]","args":[{"element-6066-11e4-a52e-4f735466cecf":"f.5D121FC7909F200889B59C01A2F655FF.d.DCD460CA3B6E42CB9BE93E7B5EFAC39D.e.15514","ELEMENT":"f.5D121FC7909F200889B59C01A2F655FF.d.DCD460CA3B6E42CB9BE93E7B5EFAC39D.e.15514"}]}
COMMAND: GET /session/85be7df00c2941df1715a768c51ad8f5/screenshot - {}
RESULT: {}
RESULT: {}
COMMAND: POST /session/85be7df00c2941df1715a768c51ad8f5/element/f.5D121FC7909F200889B59C01A2F655FF.d.DCD460CA3B6E42CB9BE93E7B5EFAC39D.e.15514/click - {}
RESULT: {}
COMMAND: GET /session/85be7df00c2941df1715a768c51ad8f5/screenshot - {}
COMMAND: POST /session/85be7df00c2941df1715a768c51ad8f5/execute/async - {"script":"<script> [1562 bytes]","args":[{"selector":{"id":"application-managecontracts-display-component---AddNewContract--projectDescription","interaction":{"idSuffix":"inner"}},"wdio_ui5_key":"applicationmanagecontracts-display-component---AddNewContract--projectDescription"}]}
RESULT: {}
RESULT: {"script":"<script> [1562 bytes]","args":[{"selector":{"id":"application-managecontracts-display-component---AddNewContract--projectDescription","interaction":{"idSuffix":"inner"}},"wdio_ui5_key":"applicationmanagecontracts-display-component---AddNewContract--projectDescription"}]}
RESULT: undefined
COMMAND: POST /session/85be7df00c2941df1715a768c51ad8f5/execute/async - {"script":"<script> [776 bytes]","args":[{"enterText":"Contract WDIO","selector":{"id":"application-managecontracts-display-component---AddNewContract--projectDescription","interaction":{"idSuffix":"inner"}},"clearTextFirst":true,"interactionType":"ENTER_TEXT"}]}
RESULT: {"script":"<script> [776 bytes]","args":[{"enterText":"Contract WDIO","selector":{"id":"application-managecontracts-display-component---AddNewContract--projectDescription","interaction":{"idSuffix":"inner"}},"clearTextFirst":true,"interactionType":"ENTER_TEXT"}]}
COMMAND: POST /session/85be7df00c2941df1715a768c51ad8f5/element - {"using":"xpath","value":"//input[@id=\"application-managecontracts-display-component---AddNewContract--site-inner\"]"}
RESULT: {"using":"xpath","value":"//input[@id=\"application-managecontracts-display-component---AddNewContract--site-inner\"]"}
COMMAND: POST /session/85be7df00c2941df1715a768c51ad8f5/element/f.5D121FC7909F200889B59C01A2F655FF.d.DCD460CA3B6E42CB9BE93E7B5EFAC39D.e.15833/clear - {}
RESULT: {}
COMMAND: POST /session/85be7df00c2941df1715a768c51ad8f5/element/f.5D121FC7909F200889B59C01A2F655FF.d.DCD460CA3B6E42CB9BE93E7B5EFAC39D.e.15833/value - {"text":"2079"}
COMMAND: GET /session/85be7df00c2941df1715a768c51ad8f5/screenshot - {}
RESULT: {"text":"2079"}
COMMAND: GET /session/85be7df00c2941df1715a768c51ad8f5/screenshot - {}
RESULT: {}
RESULT: {}
COMMAND: POST /session/85be7df00c2941df1715a768c51ad8f5/element - {"using":"xpath","value":"//li[.//span[text()='2079']]"}
RESULT: {"using":"xpath","value":"//li[.//span[text()='2079']]"}
COMMAND: POST /session/85be7df00c2941df1715a768c51ad8f5/element/f.5D121FC7909F200889B59C01A2F655FF.d.DCD460CA3B6E42CB9BE93E7B5EFAC39D.e.15915/click - {}
RESULT: {}
COMMAND: GET /session/85be7df00c2941df1715a768c51ad8f5/screenshot - {}
RESULT: {}
COMMAND: POST /session/85be7df00c2941df1715a768c51ad8f5/element - {"using":"xpath","value":"//input[@id=\"application-managecontracts-display-component---AddNewContract--yardId-inner\"]"}
RESULT: {"using":"xpath","value":"//input[@id=\"application-managecontracts-display-component---AddNewContract--yardId-inner\"]"}
COMMAND: GET /session/85be7df00c2941df1715a768c51ad8f5/element/f.5D121FC7909F200889B59C01A2F655FF.d.DCD460CA3B6E42CB9BE93E7B5EFAC39D.e.15834/property/value - {}
RESULT: {}
COMMAND: POST /session/85be7df00c2941df1715a768c51ad8f5/element - {"using":"xpath","value":"//input[@id=\"application-managecontracts-display-component---AddNewContract--customerSelect-inner\"]"}
COMMAND: GET /session/85be7df00c2941df1715a768c51ad8f5/screenshot - {}
RESULT: {"using":"xpath","value":"//input[@id=\"application-managecontracts-display-component---AddNewContract--customerSelect-inner\"]"}
COMMAND: POST /session/85be7df00c2941df1715a768c51ad8f5/element/f.5D121FC7909F200889B59C01A2F655FF.d.DCD460CA3B6E42CB9BE93E7B5EFAC39D.e.15832/clear - {}
RESULT: {}
RESULT: {}
COMMAND: POST /session/85be7df00c2941df1715a768c51ad8f5/element/f.5D121FC7909F200889B59C01A2F655FF.d.DCD460CA3B6E42CB9BE93E7B5EFAC39D.e.15832/value - {"text":"1079"}
COMMAND: GET /session/85be7df00c2941df1715a768c51ad8f5/screenshot - {}
RESULT: {"text":"1079"}
COMMAND: GET /session/85be7df00c2941df1715a768c51ad8f5/screenshot - {}
RESULT: {}
RESULT: {}
COMMAND: POST /session/85be7df00c2941df1715a768c51ad8f5/element - {"using":"xpath","value":"//li[.//span[text()='1079']]"}
RESULT: {"using":"xpath","value":"//li[.//span[text()='1079']]"}
COMMAND: POST /session/85be7df00c2941df1715a768c51ad8f5/element/f.5D121FC7909F200889B59C01A2F655FF.d.DCD460CA3B6E42CB9BE93E7B5EFAC39D.e.15918/click - {}
RESULT: {}
COMMAND: GET /session/85be7df00c2941df1715a768c51ad8f5/screenshot - {}
RESULT: {}
COMMAND: POST /session/85be7df00c2941df1715a768c51ad8f5/element - {"using":"xpath","value":"//button[@data-kt=\"saveButton\"]"}
RESULT: {"using":"xpath","value":"//button[@data-kt=\"saveButton\"]"}
COMMAND: POST /session/85be7df00c2941df1715a768c51ad8f5/element/f.5D121FC7909F200889B59C01A2F655FF.d.DCD460CA3B6E42CB9BE93E7B5EFAC39D.e.15908/click - {}
RESULT: {}
COMMAND: GET /session/85be7df00c2941df1715a768c51ad8f5/screenshot - {}
RESULT: {}
COMMAND: POST /session/85be7df00c2941df1715a768c51ad8f5/element - {"using":"xpath","value":"//span[contains(@id ,\"contractDetailTitleNoExpanded\")]"}
RESULT: {"using":"xpath","value":"//span[contains(@id ,\"contractDetailTitleNoExpanded\")]"}
COMMAND: POST /session/85be7df00c2941df1715a768c51ad8f5/elements - {"using":"xpath","value":"//span[contains(@id ,\"contractDetailTitleNoExpanded\")]"}
RESULT: {"using":"xpath","value":"//span[contains(@id ,\"contractDetailTitleNoExpanded\")]"}
COMMAND: POST /session/85be7df00c2941df1715a768c51ad8f5/execute/sync - {"script":"<script> [56 bytes]","args":[{"element-6066-11e4-a52e-4f735466cecf":"f.5D121FC7909F200889B59C01A2F655FF.d.DCD460CA3B6E42CB9BE93E7B5EFAC39D.e.15991","ELEMENT":"f.5D121FC7909F200889B59C01A2F655FF.d.DCD460CA3B6E42CB9BE93E7B5EFAC39D.e.15991"}]}
RESULT: {"script":"<script> [56 bytes]","args":[{"element-6066-11e4-a52e-4f735466cecf":"f.5D121FC7909F200889B59C01A2F655FF.d.DCD460CA3B6E42CB9BE93E7B5EFAC39D.e.15991","ELEMENT":"f.5D121FC7909F200889B59C01A2F655FF.d.DCD460CA3B6E42CB9BE93E7B5EFAC39D.e.15991"}]}
COMMAND: GET /session/85be7df00c2941df1715a768c51ad8f5/screenshot - {}
RESULT: {}
]]></system-out>
    </testcase>
    <testcase classname="chrome.136_0_7103_93.windows.Provide_to_Site_w/o_warehouse_management_w_clarification" name="Should add equipment to the contract" time="59.429">
      <system-out><![CDATA[
COMMAND: POST /session/85be7df00c2941df1715a768c51ad8f5/element - {"using":"xpath","value":"//button[@data-kt=\"contractDetailEditBtnButton\"]"}
RESULT: {"using":"xpath","value":"//button[@data-kt=\"contractDetailEditBtnButton\"]"}
COMMAND: POST /session/85be7df00c2941df1715a768c51ad8f5/element/f.5D121FC7909F200889B59C01A2F655FF.d.DCD460CA3B6E42CB9BE93E7B5EFAC39D.e.15993/click - {}
RESULT: {}
COMMAND: GET /session/85be7df00c2941df1715a768c51ad8f5/screenshot - {}
RESULT: {}
COMMAND: POST /session/85be7df00c2941df1715a768c51ad8f5/element - {"using":"xpath","value":"(//span[contains(text(), \"Additional Addresses\")])[2]"}
RESULT: {"using":"xpath","value":"(//span[contains(text(), \"Additional Addresses\")])[2]"}
COMMAND: POST /session/85be7df00c2941df1715a768c51ad8f5/element/f.5D121FC7909F200889B59C01A2F655FF.d.DCD460CA3B6E42CB9BE93E7B5EFAC39D.e.16050/click - {}
RESULT: {}
COMMAND: GET /session/85be7df00c2941df1715a768c51ad8f5/screenshot - {}
RESULT: {}
COMMAND: POST /session/85be7df00c2941df1715a768c51ad8f5/element - {"using":"xpath","value":"//button[@data-kt=\"btnAddTableRowOverflowToolbarButton\"]"}
RESULT: {"using":"xpath","value":"//button[@data-kt=\"btnAddTableRowOverflowToolbarButton\"]"}
COMMAND: POST /session/85be7df00c2941df1715a768c51ad8f5/element/f.5D121FC7909F200889B59C01A2F655FF.d.DCD460CA3B6E42CB9BE93E7B5EFAC39D.e.16052/click - {}
RESULT: {}
COMMAND: GET /session/85be7df00c2941df1715a768c51ad8f5/screenshot - {}
RESULT: {}
COMMAND: POST /session/85be7df00c2941df1715a768c51ad8f5/element - {"using":"xpath","value":"//div[(text() = 'Standard Entry' or . = 'Standard Entry')]"}
RESULT: {"using":"xpath","value":"//div[(text() = 'Standard Entry' or . = 'Standard Entry')]"}
COMMAND: POST /session/85be7df00c2941df1715a768c51ad8f5/element/f.5D121FC7909F200889B59C01A2F655FF.d.DCD460CA3B6E42CB9BE93E7B5EFAC39D.e.16054/click - {}
RESULT: {}
COMMAND: GET /session/85be7df00c2941df1715a768c51ad8f5/screenshot - {}
RESULT: {}
COMMAND: POST /session/85be7df00c2941df1715a768c51ad8f5/element - {"using":"xpath","value":"//td[6]/div/div/div/span"}
RESULT: {"using":"xpath","value":"//td[6]/div/div/div/span"}
COMMAND: POST /session/85be7df00c2941df1715a768c51ad8f5/element/f.5D121FC7909F200889B59C01A2F655FF.d.DCD460CA3B6E42CB9BE93E7B5EFAC39D.e.16066/click - {}
RESULT: {}
COMMAND: GET /session/85be7df00c2941df1715a768c51ad8f5/screenshot - {}
RESULT: {}
COMMAND: POST /session/85be7df00c2941df1715a768c51ad8f5/element - {"using":"xpath","value":"(//span[contains(text(), \"Material\")])"}
RESULT: {"using":"xpath","value":"(//span[contains(text(), \"Material\")])"}
COMMAND: POST /session/85be7df00c2941df1715a768c51ad8f5/element/f.5D121FC7909F200889B59C01A2F655FF.d.DCD460CA3B6E42CB9BE93E7B5EFAC39D.e.16067/click - {}
RESULT: {}
COMMAND: GET /session/85be7df00c2941df1715a768c51ad8f5/screenshot - {}
RESULT: {}
COMMAND: POST /session/85be7df00c2941df1715a768c51ad8f5/element - {"using":"xpath","value":"//td[7]/div/div/input"}
RESULT: {"using":"xpath","value":"//td[7]/div/div/input"}
COMMAND: POST /session/85be7df00c2941df1715a768c51ad8f5/element/f.5D121FC7909F200889B59C01A2F655FF.d.DCD460CA3B6E42CB9BE93E7B5EFAC39D.e.16071/clear - {}
RESULT: {}
COMMAND: POST /session/85be7df00c2941df1715a768c51ad8f5/element/f.5D121FC7909F200889B59C01A2F655FF.d.DCD460CA3B6E42CB9BE93E7B5EFAC39D.e.16071/value - {"text":"200095"}
COMMAND: GET /session/85be7df00c2941df1715a768c51ad8f5/screenshot - {}
RESULT: {"text":"200095"}
COMMAND: GET /session/85be7df00c2941df1715a768c51ad8f5/screenshot - {}
RESULT: {}
RESULT: {}
COMMAND: POST /session/85be7df00c2941df1715a768c51ad8f5/actions - {"actions":[{"id":"action50","type":"key","parameters":{},"actions":[{"type":"keyDown","value":""},{"type":"pause","duration":10},{"type":"keyUp","value":""}]}]}
RESULT: {"actions":[{"id":"action50","type":"key","parameters":{},"actions":[{"type":"keyDown","value":""},{"type":"pause","duration":10},{"type":"keyUp","value":""}]}]}
COMMAND: GET /session/85be7df00c2941df1715a768c51ad8f5/screenshot - {}
RESULT: {}
COMMAND: POST /session/85be7df00c2941df1715a768c51ad8f5/execute/sync - {"script":"<script> [276 bytes]","args":["No pricing information was found"]}
RESULT: {"script":"<script> [276 bytes]","args":["No pricing information was found"]}
COMMAND: POST /session/85be7df00c2941df1715a768c51ad8f5/element - {"using":"xpath","value":"//bdi[contains(text(), \"OK\")]"}
COMMAND: GET /session/85be7df00c2941df1715a768c51ad8f5/screenshot - {}
RESULT: {"using":"xpath","value":"//bdi[contains(text(), \"OK\")]"}
COMMAND: POST /session/85be7df00c2941df1715a768c51ad8f5/element/f.5D121FC7909F200889B59C01A2F655FF.d.DCD460CA3B6E42CB9BE93E7B5EFAC39D.e.16097/click - {}
RESULT: {}
RESULT: {}
COMMAND: GET /session/85be7df00c2941df1715a768c51ad8f5/screenshot - {}
RESULT: {}
COMMAND: POST /session/85be7df00c2941df1715a768c51ad8f5/element - {"using":"xpath","value":"(//button[@data-kt=\"saveButton\"])[2]"}
RESULT: {"using":"xpath","value":"(//button[@data-kt=\"saveButton\"])[2]"}
COMMAND: POST /session/85be7df00c2941df1715a768c51ad8f5/element/f.5D121FC7909F200889B59C01A2F655FF.d.DCD460CA3B6E42CB9BE93E7B5EFAC39D.e.16098/click - {}
RESULT: {}
COMMAND: GET /session/85be7df00c2941df1715a768c51ad8f5/screenshot - {}
RESULT: {}
COMMAND: POST /session/85be7df00c2941df1715a768c51ad8f5/execute/sync - {"script":"<script> [276 bytes]","args":["Some contract items are having rental validity exceeding header rental validity"]}
RESULT: {"script":"<script> [276 bytes]","args":["Some contract items are having rental validity exceeding header rental validity"]}
COMMAND: GET /session/85be7df00c2941df1715a768c51ad8f5/screenshot - {}
RESULT: {}
COMMAND: POST /session/85be7df00c2941df1715a768c51ad8f5/element - {"using":"xpath","value":"//span[contains(@id ,\"contractItemsSmartTable-header-inner\")]"}
RESULT: {"using":"xpath","value":"//span[contains(@id ,\"contractItemsSmartTable-header-inner\")]"}
COMMAND: POST /session/85be7df00c2941df1715a768c51ad8f5/elements - {"using":"xpath","value":"//span[contains(@id ,\"contractItemsSmartTable-header-inner\")]"}
RESULT: {"using":"xpath","value":"//span[contains(@id ,\"contractItemsSmartTable-header-inner\")]"}
COMMAND: POST /session/85be7df00c2941df1715a768c51ad8f5/execute/sync - {"script":"<script> [56 bytes]","args":[{"element-6066-11e4-a52e-4f735466cecf":"f.5D121FC7909F200889B59C01A2F655FF.d.DCD460CA3B6E42CB9BE93E7B5EFAC39D.e.16102","ELEMENT":"f.5D121FC7909F200889B59C01A2F655FF.d.DCD460CA3B6E42CB9BE93E7B5EFAC39D.e.16102"}]}
RESULT: {"script":"<script> [56 bytes]","args":[{"element-6066-11e4-a52e-4f735466cecf":"f.5D121FC7909F200889B59C01A2F655FF.d.DCD460CA3B6E42CB9BE93E7B5EFAC39D.e.16102","ELEMENT":"f.5D121FC7909F200889B59C01A2F655FF.d.DCD460CA3B6E42CB9BE93E7B5EFAC39D.e.16102"}]}
]]></system-out>
    </testcase>
    <testcase classname="chrome.136_0_7103_93.windows.Provide_to_Site_w/o_warehouse_management_w_clarification" name="Should do provide to site" time="133.919">
      <failure/>
      <error message="element click intercepted: Element &lt;button id=&quot;__button251&quot; data-sap-ui=&quot;__button251&quot; data-sap-ui-render=&quot;&quot; data-kt=&quot;ReceivingTableConfirmAllButton&quot; data-ui5-accesskey=&quot;c&quot; aria-describedby=&quot;__button251-tooltip&quot; title=&quot;Confirm All&quot; class=&quot;sapMBtnBase sapMBtn sapMColumnHeaderContent&quot;>...&lt;/button> is not clickable at point (726, 801). Other element would receive the click: &lt;div id=&quot;sap-ui-blocklayer-popup&quot; tabindex=&quot;0&quot; class=&quot;sapUiBLy&quot; style=&quot;z-index: 469; visibility: visible;&quot;>&lt;/div>&#xA;  (Session info: chrome=136.0.7103.93)"/>
      <system-out><![CDATA[
COMMAND: GET /session/85be7df00c2941df1715a768c51ad8f5/screenshot - {}
COMMAND: POST /session/85be7df00c2941df1715a768c51ad8f5/element - {"using":"xpath","value":"//button[@data-kt=\"provideButton\"]"}
RESULT: {}
RESULT: {"using":"xpath","value":"//button[@data-kt=\"provideButton\"]"}
COMMAND: POST /session/85be7df00c2941df1715a768c51ad8f5/element/f.5D121FC7909F200889B59C01A2F655FF.d.DCD460CA3B6E42CB9BE93E7B5EFAC39D.e.16103/click - {}
RESULT: {}
COMMAND: GET /session/85be7df00c2941df1715a768c51ad8f5/screenshot - {}
RESULT: {}
COMMAND: POST /session/85be7df00c2941df1715a768c51ad8f5/element - {"using":"xpath","value":"(//div[contains(@id, \"application-managehandovers-display-component---AddNewHO--oneStep-CbBg\")])"}
RESULT: {"using":"xpath","value":"(//div[contains(@id, \"application-managehandovers-display-component---AddNewHO--oneStep-CbBg\")])"}
COMMAND: POST /session/85be7df00c2941df1715a768c51ad8f5/element - {"using":"xpath","value":"(//div[contains(@id, \"application-managehandovers-display-component---AddNewHO--oneStep-CbBg\")])/input"}
RESULT: {"using":"xpath","value":"(//div[contains(@id, \"application-managehandovers-display-component---AddNewHO--oneStep-CbBg\")])/input"}
COMMAND: GET /session/85be7df00c2941df1715a768c51ad8f5/element/f.5D121FC7909F200889B59C01A2F655FF.d.DCD460CA3B6E42CB9BE93E7B5EFAC39D.e.16179/attribute/checked - {}
RESULT: {}
RESULT: undefined
COMMAND: POST /session/85be7df00c2941df1715a768c51ad8f5/execute/async - {"script":"<script> [6424 bytes]","args":[{"element-6066-11e4-a52e-4f735466cecf":"f.5D121FC7909F200889B59C01A2F655FF.d.DCD460CA3B6E42CB9BE93E7B5EFAC39D.e.15053"},"setValue",["05/23/25"]]}
COMMAND: POST /session/85be7df00c2941df1715a768c51ad8f5/element/f.5D121FC7909F200889B59C01A2F655FF.d.DCD460CA3B6E42CB9BE93E7B5EFAC39D.e.16296/click - {}
COMMAND: POST /session/85be7df00c2941df1715a768c51ad8f5/execute/async - {"script":"<script> [1562 bytes]","args":[{"selector":{"id":"application-managehandovers-display-component---AddNewHO--dueDate","interaction":{"idSuffix":"inner"}},"wdio_ui5_key":"applicationmanagehandovers-display-component---AddNewHO--dueDate"}]}
RESULT: {}
COMMAND: GET /session/85be7df00c2941df1715a768c51ad8f5/screenshot - {}
RESULT: {"script":"<script> [1562 bytes]","args":[{"selector":{"id":"application-managehandovers-display-component---AddNewHO--dueDate","interaction":{"idSuffix":"inner"}},"wdio_ui5_key":"applicationmanagehandovers-display-component---AddNewHO--dueDate"}]}
COMMAND: POST /session/85be7df00c2941df1715a768c51ad8f5/execute/async - {"script":"<script> [6424 bytes]","args":[{"element-6066-11e4-a52e-4f735466cecf":"f.5D121FC7909F200889B59C01A2F655FF.d.DCD460CA3B6E42CB9BE93E7B5EFAC39D.e.16177"},"setValue",["05/23/25"]]}
RESULT: {}
RESULT: {"script":"<script> [6424 bytes]","args":[{"element-6066-11e4-a52e-4f735466cecf":"f.5D121FC7909F200889B59C01A2F655FF.d.DCD460CA3B6E42CB9BE93E7B5EFAC39D.e.16177"},"setValue",["05/23/25"]]}
COMMAND: POST /session/85be7df00c2941df1715a768c51ad8f5/element - {"using":"xpath","value":"//bdi[contains(text(), \"Instructions\")]"}
RESULT: {"using":"xpath","value":"//bdi[contains(text(), \"Instructions\")]"}
COMMAND: POST /session/85be7df00c2941df1715a768c51ad8f5/element/f.5D121FC7909F200889B59C01A2F655FF.d.DCD460CA3B6E42CB9BE93E7B5EFAC39D.e.16298/click - {}
RESULT: {}
COMMAND: GET /session/85be7df00c2941df1715a768c51ad8f5/screenshot - {}
RESULT: {}
COMMAND: POST /session/85be7df00c2941df1715a768c51ad8f5/element - {"using":"xpath","value":"//button[@data-kt=\"AddNewHOProvideAddItemsButton\"]"}
RESULT: {"using":"xpath","value":"//button[@data-kt=\"AddNewHOProvideAddItemsButton\"]"}
COMMAND: POST /session/85be7df00c2941df1715a768c51ad8f5/element/f.5D121FC7909F200889B59C01A2F655FF.d.DCD460CA3B6E42CB9BE93E7B5EFAC39D.e.16302/click - {}
RESULT: {}
COMMAND: GET /session/85be7df00c2941df1715a768c51ad8f5/screenshot - {}
RESULT: {}
RESULT: undefined
COMMAND: POST /session/85be7df00c2941df1715a768c51ad8f5/element - {"using":"xpath","value":"//*[@id=\"application-managehandovers-display-component---AddNewHO--popup-sa\"]"}
RESULT: {"using":"xpath","value":"//*[@id=\"application-managehandovers-display-component---AddNewHO--popup-sa\"]"}
COMMAND: POST /session/85be7df00c2941df1715a768c51ad8f5/element/f.5D121FC7909F200889B59C01A2F655FF.d.DCD460CA3B6E42CB9BE93E7B5EFAC39D.e.16312/click - {}
RESULT: {}
COMMAND: GET /session/85be7df00c2941df1715a768c51ad8f5/screenshot - {}
RESULT: {}
COMMAND: POST /session/85be7df00c2941df1715a768c51ad8f5/element - {"using":"xpath","value":"//*[contains(@id ,\"BDI-content\")][contains(text(), \"Select\")]"}
RESULT: {"using":"xpath","value":"//*[contains(@id ,\"BDI-content\")][contains(text(), \"Select\")]"}
COMMAND: POST /session/85be7df00c2941df1715a768c51ad8f5/element/f.5D121FC7909F200889B59C01A2F655FF.d.DCD460CA3B6E42CB9BE93E7B5EFAC39D.e.16313/click - {}
RESULT: {}
COMMAND: GET /session/85be7df00c2941df1715a768c51ad8f5/screenshot - {}
RESULT: {}
COMMAND: POST /session/85be7df00c2941df1715a768c51ad8f5/execute/async - {"script":"<script> [1562 bytes]","args":[{"selector":{"id":"application-managehandovers-display-component---AddNewHO--confirmCreationButton","interaction":{"idSuffix":"BDI-content"}},"wdio_ui5_key":"applicationmanagehandovers-display-component---AddNewHO--confirmCreationButton"}]}
RESULT: {"script":"<script> [1562 bytes]","args":[{"selector":{"id":"application-managehandovers-display-component---AddNewHO--confirmCreationButton","interaction":{"idSuffix":"BDI-content"}},"wdio_ui5_key":"applicationmanagehandovers-display-component---AddNewHO--confirmCreationButton"}]}
RESULT: undefined
COMMAND: POST /session/85be7df00c2941df1715a768c51ad8f5/element - {"using":"xpath","value":"//*[@id=\"application-managehandovers-display-component---AddNewHO--confirmCreationButton\"]"}
RESULT: {"using":"xpath","value":"//*[@id=\"application-managehandovers-display-component---AddNewHO--confirmCreationButton\"]"}
COMMAND: POST /session/85be7df00c2941df1715a768c51ad8f5/element/f.5D121FC7909F200889B59C01A2F655FF.d.DCD460CA3B6E42CB9BE93E7B5EFAC39D.e.16228/click - {}
RESULT: {}
COMMAND: GET /session/85be7df00c2941df1715a768c51ad8f5/screenshot - {}
RESULT: {}
COMMAND: POST /session/85be7df00c2941df1715a768c51ad8f5/execute/async - {"script":"<script> [1562 bytes]","args":[{"selector":{"id":"issueDatePicker","viewName":"etm.portal.ui.managehandovers.view.DetailExecuteHO","interaction":{"idSuffix":"inner"}},"wdio_ui5_key":"issueDatePickeretmportal.ui.managehandovers.view.DetailExecuteHO"}]}
RESULT: {"script":"<script> [1562 bytes]","args":[{"selector":{"id":"issueDatePicker","viewName":"etm.portal.ui.managehandovers.view.DetailExecuteHO","interaction":{"idSuffix":"inner"}},"wdio_ui5_key":"issueDatePickeretmportal.ui.managehandovers.view.DetailExecuteHO"}]}
RESULT: undefined
COMMAND: POST /session/85be7df00c2941df1715a768c51ad8f5/execute/async - {"script":"<script> [776 bytes]","args":[{"enterText":"5/23/25","selector":{"id":"issueDatePicker","viewName":"etm.portal.ui.managehandovers.view.DetailExecuteHO","interaction":{"idSuffix":"inner"}},"clearTextFirst":true,"interactionType":"ENTER_TEXT"}]}
RESULT: {"script":"<script> [776 bytes]","args":[{"enterText":"5/23/25","selector":{"id":"issueDatePicker","viewName":"etm.portal.ui.managehandovers.view.DetailExecuteHO","interaction":{"idSuffix":"inner"}},"clearTextFirst":true,"interactionType":"ENTER_TEXT"}]}
COMMAND: POST /session/85be7df00c2941df1715a768c51ad8f5/element - {"using":"xpath","value":"//button[@data-kt=\"PickingTableConfirmAllButton\"]"}
RESULT: {"using":"xpath","value":"//button[@data-kt=\"PickingTableConfirmAllButton\"]"}
COMMAND: POST /session/85be7df00c2941df1715a768c51ad8f5/element/f.5D121FC7909F200889B59C01A2F655FF.d.DCD460CA3B6E42CB9BE93E7B5EFAC39D.e.16371/click - {}
RESULT: {}
COMMAND: GET /session/85be7df00c2941df1715a768c51ad8f5/screenshot - {}
RESULT: {}
COMMAND: POST /session/85be7df00c2941df1715a768c51ad8f5/element - {"using":"xpath","value":"//bdi[contains(text(), \"OK\")]"}
RESULT: {"using":"xpath","value":"//bdi[contains(text(), \"OK\")]"}
COMMAND: POST /session/85be7df00c2941df1715a768c51ad8f5/element/f.5D121FC7909F200889B59C01A2F655FF.d.DCD460CA3B6E42CB9BE93E7B5EFAC39D.e.16374/click - {}
RESULT: {}
COMMAND: GET /session/85be7df00c2941df1715a768c51ad8f5/screenshot - {}
RESULT: {}
COMMAND: POST /session/85be7df00c2941df1715a768c51ad8f5/element - {"using":"xpath","value":"//button[@data-kt=\"execHoPickButton\"]"}
RESULT: {"using":"xpath","value":"//button[@data-kt=\"execHoPickButton\"]"}
COMMAND: POST /session/85be7df00c2941df1715a768c51ad8f5/element/f.5D121FC7909F200889B59C01A2F655FF.d.DCD460CA3B6E42CB9BE93E7B5EFAC39D.e.16376/click - {}
RESULT: {}
COMMAND: GET /session/85be7df00c2941df1715a768c51ad8f5/screenshot - {}
RESULT: {}
COMMAND: POST /session/85be7df00c2941df1715a768c51ad8f5/element - {"using":"xpath","value":"//span[contains(@id ,\"filterItemControl_BASIC-RECEIVE_CONTRACT-vhi\")]"}
RESULT: {"using":"xpath","value":"//span[contains(@id ,\"filterItemControl_BASIC-RECEIVE_CONTRACT-vhi\")]"}
COMMAND: POST /session/85be7df00c2941df1715a768c51ad8f5/element/f.5D121FC7909F200889B59C01A2F655FF.d.DCD460CA3B6E42CB9BE93E7B5EFAC39D.e.16562/click - {}
RESULT: {}
COMMAND: GET /session/85be7df00c2941df1715a768c51ad8f5/screenshot - {}
RESULT: {}
COMMAND: POST /session/85be7df00c2941df1715a768c51ad8f5/execute/async - {"script":"<script> [1562 bytes]","args":[{"selector":{"controlType":"sap.m.SearchField","viewName":"etm.portal.ui.managehandovers.view.MasterHO","bindingPath":{"path":"","propertyPath":"/_BASIC_SEARCH_FIELD","modelName":"fi1t3rM0d31"},"searchOpenDialogs":true,"interaction":{"idSuffix":"I"}},"wdio_ui5_key":"etmportal.ui.managehandovers.view.MasterHOsap.m.SearchField{\"path\":\"\",\"propertyPath\":\"/_BASIC_SEARCH_FIELD\",\"modelName\":\"fi1t3rM0d31\"}"}]}
RESULT: {"script":"<script> [1562 bytes]","args":[{"selector":{"controlType":"sap.m.SearchField","viewName":"etm.portal.ui.managehandovers.view.MasterHO","bindingPath":{"path":"","propertyPath":"/_BASIC_SEARCH_FIELD","modelName":"fi1t3rM0d31"},"searchOpenDialogs":true,"interaction":{"idSuffix":"I"}},"wdio_ui5_key":"etmportal.ui.managehandovers.view.MasterHOsap.m.SearchField{\"path\":\"\",\"propertyPath\":\"/_BASIC_SEARCH_FIELD\",\"modelName\":\"fi1t3rM0d31\"}"}]}
RESULT: undefined
COMMAND: POST /session/85be7df00c2941df1715a768c51ad8f5/execute/async - {"script":"<script> [776 bytes]","args":[{"enterText":"10163","selector":{"controlType":"sap.m.SearchField","viewName":"etm.portal.ui.managehandovers.view.MasterHO","bindingPath":{"path":"","propertyPath":"/_BASIC_SEARCH_FIELD","modelName":"fi1t3rM0d31"},"searchOpenDialogs":true,"interaction":{"idSuffix":"I"}},"clearTextFirst":true,"interactionType":"ENTER_TEXT"}]}
RESULT: {"script":"<script> [776 bytes]","args":[{"enterText":"10163","selector":{"controlType":"sap.m.SearchField","viewName":"etm.portal.ui.managehandovers.view.MasterHO","bindingPath":{"path":"","propertyPath":"/_BASIC_SEARCH_FIELD","modelName":"fi1t3rM0d31"},"searchOpenDialogs":true,"interaction":{"idSuffix":"I"}},"clearTextFirst":true,"interactionType":"ENTER_TEXT"}]}
COMMAND: POST /session/85be7df00c2941df1715a768c51ad8f5/actions - {"actions":[{"id":"action51","type":"key","parameters":{},"actions":[{"type":"keyDown","value":""},{"type":"pause","duration":10},{"type":"keyUp","value":""}]}]}
RESULT: {"actions":[{"id":"action51","type":"key","parameters":{},"actions":[{"type":"keyDown","value":""},{"type":"pause","duration":10},{"type":"keyUp","value":""}]}]}
COMMAND: GET /session/85be7df00c2941df1715a768c51ad8f5/screenshot - {}
RESULT: {}
COMMAND: POST /session/85be7df00c2941df1715a768c51ad8f5/element - {"using":"xpath","value":"//div[contains(@id, 'filterItemControl_BASIC-RECEIVE_CONTRACT-valueHelpDialog-table-rowsel0')]"}
RESULT: {"using":"xpath","value":"//div[contains(@id, 'filterItemControl_BASIC-RECEIVE_CONTRACT-valueHelpDialog-table-rowsel0')]"}
COMMAND: POST /session/85be7df00c2941df1715a768c51ad8f5/element/f.5D121FC7909F200889B59C01A2F655FF.d.DCD460CA3B6E42CB9BE93E7B5EFAC39D.e.16572/click - {}
RESULT: {}
COMMAND: GET /session/85be7df00c2941df1715a768c51ad8f5/screenshot - {}
RESULT: {}
COMMAND: POST /session/85be7df00c2941df1715a768c51ad8f5/element - {"using":"xpath","value":"//bdi[contains(text(), \"OK\")]"}
RESULT: {"using":"xpath","value":"//bdi[contains(text(), \"OK\")]"}
COMMAND: POST /session/85be7df00c2941df1715a768c51ad8f5/element/f.5D121FC7909F200889B59C01A2F655FF.d.DCD460CA3B6E42CB9BE93E7B5EFAC39D.e.16574/click - {}
RESULT: {}
COMMAND: GET /session/85be7df00c2941df1715a768c51ad8f5/screenshot - {}
RESULT: {}
COMMAND: POST /session/85be7df00c2941df1715a768c51ad8f5/element - {"using":"xpath","value":"//span[contains(@id, \"smartTable-header-inner\")]"}
RESULT: {"using":"xpath","value":"//span[contains(@id, \"smartTable-header-inner\")]"}
COMMAND: POST /session/85be7df00c2941df1715a768c51ad8f5/elements - {"using":"xpath","value":"//span[contains(@id, \"smartTable-header-inner\")]"}
RESULT: {"using":"xpath","value":"//span[contains(@id, \"smartTable-header-inner\")]"}
COMMAND: POST /session/85be7df00c2941df1715a768c51ad8f5/execute/sync - {"script":"<script> [56 bytes]","args":[{"element-6066-11e4-a52e-4f735466cecf":"f.5D121FC7909F200889B59C01A2F655FF.d.DCD460CA3B6E42CB9BE93E7B5EFAC39D.e.16601","ELEMENT":"f.5D121FC7909F200889B59C01A2F655FF.d.DCD460CA3B6E42CB9BE93E7B5EFAC39D.e.16601"}]}
RESULT: {"script":"<script> [56 bytes]","args":[{"element-6066-11e4-a52e-4f735466cecf":"f.5D121FC7909F200889B59C01A2F655FF.d.DCD460CA3B6E42CB9BE93E7B5EFAC39D.e.16601","ELEMENT":"f.5D121FC7909F200889B59C01A2F655FF.d.DCD460CA3B6E42CB9BE93E7B5EFAC39D.e.16601"}]}
COMMAND: POST /session/85be7df00c2941df1715a768c51ad8f5/element - {"using":"xpath","value":"//table[contains(@id, \"customHandovers\")]//tbody/tr[1]/td[2]/span"}
COMMAND: GET /session/85be7df00c2941df1715a768c51ad8f5/screenshot - {}
RESULT: {"using":"xpath","value":"//table[contains(@id, \"customHandovers\")]//tbody/tr[1]/td[2]/span"}
COMMAND: POST /session/85be7df00c2941df1715a768c51ad8f5/execute/sync - {"script":"<script> [56 bytes]","args":[{"element-6066-11e4-a52e-4f735466cecf":"f.5D121FC7909F200889B59C01A2F655FF.d.DCD460CA3B6E42CB9BE93E7B5EFAC39D.e.16602","ELEMENT":"f.5D121FC7909F200889B59C01A2F655FF.d.DCD460CA3B6E42CB9BE93E7B5EFAC39D.e.16602"}]}
RESULT: {}
RESULT: {"script":"<script> [56 bytes]","args":[{"element-6066-11e4-a52e-4f735466cecf":"f.5D121FC7909F200889B59C01A2F655FF.d.DCD460CA3B6E42CB9BE93E7B5EFAC39D.e.16602","ELEMENT":"f.5D121FC7909F200889B59C01A2F655FF.d.DCD460CA3B6E42CB9BE93E7B5EFAC39D.e.16602"}]}
COMMAND: POST /session/85be7df00c2941df1715a768c51ad8f5/element - {"using":"xpath","value":"(//span[contains(@id, \"imgNav\")])[1]"}
COMMAND: GET /session/85be7df00c2941df1715a768c51ad8f5/screenshot - {}
RESULT: {"using":"xpath","value":"(//span[contains(@id, \"imgNav\")])[1]"}
COMMAND: POST /session/85be7df00c2941df1715a768c51ad8f5/element/f.5D121FC7909F200889B59C01A2F655FF.d.DCD460CA3B6E42CB9BE93E7B5EFAC39D.e.16600/click - {}
RESULT: {}
RESULT: {}
COMMAND: GET /session/85be7df00c2941df1715a768c51ad8f5/screenshot - {}
RESULT: {}
RESULT: undefined
COMMAND: POST /session/85be7df00c2941df1715a768c51ad8f5/execute/async - {"script":"<script> [776 bytes]","args":[{"enterText":"5/23/25","selector":{"id":"issueDatePicker","viewName":"etm.portal.ui.managehandovers.view.DetailExecuteHO","interaction":{"idSuffix":"inner"}},"clearTextFirst":true,"interactionType":"ENTER_TEXT"}]}
RESULT: {"script":"<script> [776 bytes]","args":[{"enterText":"5/23/25","selector":{"id":"issueDatePicker","viewName":"etm.portal.ui.managehandovers.view.DetailExecuteHO","interaction":{"idSuffix":"inner"}},"clearTextFirst":true,"interactionType":"ENTER_TEXT"}]}
COMMAND: POST /session/85be7df00c2941df1715a768c51ad8f5/element - {"using":"xpath","value":"//button[@data-kt=\"IssuingTableConfirmAllButton\"]"}
RESULT: {"using":"xpath","value":"//button[@data-kt=\"IssuingTableConfirmAllButton\"]"}
COMMAND: POST /session/85be7df00c2941df1715a768c51ad8f5/element/f.5D121FC7909F200889B59C01A2F655FF.d.DCD460CA3B6E42CB9BE93E7B5EFAC39D.e.16643/click - {}
RESULT: {}
COMMAND: GET /session/85be7df00c2941df1715a768c51ad8f5/screenshot - {}
RESULT: {}
COMMAND: POST /session/85be7df00c2941df1715a768c51ad8f5/element - {"using":"xpath","value":"//bdi[contains(text(), \"OK\")]"}
RESULT: {"using":"xpath","value":"//bdi[contains(text(), \"OK\")]"}
COMMAND: POST /session/85be7df00c2941df1715a768c51ad8f5/element/f.5D121FC7909F200889B59C01A2F655FF.d.DCD460CA3B6E42CB9BE93E7B5EFAC39D.e.16659/click - {}
RESULT: {}
COMMAND: GET /session/85be7df00c2941df1715a768c51ad8f5/screenshot - {}
RESULT: {}
COMMAND: POST /session/85be7df00c2941df1715a768c51ad8f5/element - {"using":"xpath","value":"//button[@data-kt=\"execHoIssueButton\"]"}
RESULT: {"using":"xpath","value":"//button[@data-kt=\"execHoIssueButton\"]"}
COMMAND: POST /session/85be7df00c2941df1715a768c51ad8f5/element/f.5D121FC7909F200889B59C01A2F655FF.d.DCD460CA3B6E42CB9BE93E7B5EFAC39D.e.16661/click - {}
RESULT: {}
COMMAND: GET /session/85be7df00c2941df1715a768c51ad8f5/screenshot - {}
RESULT: {}
COMMAND: POST /session/85be7df00c2941df1715a768c51ad8f5/element - {"using":"xpath","value":"//input[contains(@id ,\"smartFilterBar-btnBasicSearch-I\")]"}
RESULT: {"using":"xpath","value":"//input[contains(@id ,\"smartFilterBar-btnBasicSearch-I\")]"}
COMMAND: POST /session/85be7df00c2941df1715a768c51ad8f5/elements - {"using":"xpath","value":"//input[contains(@id ,\"smartFilterBar-btnBasicSearch-I\")]"}
RESULT: {"using":"xpath","value":"//input[contains(@id ,\"smartFilterBar-btnBasicSearch-I\")]"}
COMMAND: POST /session/85be7df00c2941df1715a768c51ad8f5/execute/sync - {"script":"<script> [8489 bytes]","args":[{"element-6066-11e4-a52e-4f735466cecf":"f.5D121FC7909F200889B59C01A2F655FF.d.DCD460CA3B6E42CB9BE93E7B5EFAC39D.e.16234","ELEMENT":"f.5D121FC7909F200889B59C01A2F655FF.d.DCD460CA3B6E42CB9BE93E7B5EFAC39D.e.16234"}]}
RESULT: {"script":"<script> [8489 bytes]","args":[{"element-6066-11e4-a52e-4f735466cecf":"f.5D121FC7909F200889B59C01A2F655FF.d.DCD460CA3B6E42CB9BE93E7B5EFAC39D.e.16234","ELEMENT":"f.5D121FC7909F200889B59C01A2F655FF.d.DCD460CA3B6E42CB9BE93E7B5EFAC39D.e.16234"}]}
COMMAND: GET /session/85be7df00c2941df1715a768c51ad8f5/element/f.5D121FC7909F200889B59C01A2F655FF.d.DCD460CA3B6E42CB9BE93E7B5EFAC39D.e.16234/enabled - {}
COMMAND: GET /session/85be7df00c2941df1715a768c51ad8f5/screenshot - {}
RESULT: {}
COMMAND: POST /session/85be7df00c2941df1715a768c51ad8f5/element/f.5D121FC7909F200889B59C01A2F655FF.d.DCD460CA3B6E42CB9BE93E7B5EFAC39D.e.16234/clear - {}
COMMAND: GET /session/85be7df00c2941df1715a768c51ad8f5/screenshot - {}
RESULT: {}
RESULT: {}
COMMAND: POST /session/85be7df00c2941df1715a768c51ad8f5/element/f.5D121FC7909F200889B59C01A2F655FF.d.DCD460CA3B6E42CB9BE93E7B5EFAC39D.e.16234/value - {"text":"30330"}
COMMAND: GET /session/85be7df00c2941df1715a768c51ad8f5/screenshot - {}
RESULT: {}
RESULT: {"text":"30330"}
COMMAND: GET /session/85be7df00c2941df1715a768c51ad8f5/screenshot - {}
RESULT: {}
RESULT: {}
COMMAND: POST /session/85be7df00c2941df1715a768c51ad8f5/actions - {"actions":[{"id":"action52","type":"key","parameters":{},"actions":[{"type":"keyDown","value":""},{"type":"pause","duration":10},{"type":"keyUp","value":""}]}]}
RESULT: {"actions":[{"id":"action52","type":"key","parameters":{},"actions":[{"type":"keyDown","value":""},{"type":"pause","duration":10},{"type":"keyUp","value":""}]}]}
COMMAND: GET /session/85be7df00c2941df1715a768c51ad8f5/screenshot - {}
RESULT: {}
COMMAND: POST /session/85be7df00c2941df1715a768c51ad8f5/element - {"using":"xpath","value":"//span[contains(@id, \"smartTable-header-inner\")]"}
RESULT: {"using":"xpath","value":"//span[contains(@id, \"smartTable-header-inner\")]"}
COMMAND: POST /session/85be7df00c2941df1715a768c51ad8f5/elements - {"using":"xpath","value":"//span[contains(@id, \"smartTable-header-inner\")]"}
RESULT: {"using":"xpath","value":"//span[contains(@id, \"smartTable-header-inner\")]"}
COMMAND: POST /session/85be7df00c2941df1715a768c51ad8f5/execute/sync - {"script":"<script> [56 bytes]","args":[{"element-6066-11e4-a52e-4f735466cecf":"f.5D121FC7909F200889B59C01A2F655FF.d.DCD460CA3B6E42CB9BE93E7B5EFAC39D.e.16601","ELEMENT":"f.5D121FC7909F200889B59C01A2F655FF.d.DCD460CA3B6E42CB9BE93E7B5EFAC39D.e.16601"}]}
RESULT: {"script":"<script> [56 bytes]","args":[{"element-6066-11e4-a52e-4f735466cecf":"f.5D121FC7909F200889B59C01A2F655FF.d.DCD460CA3B6E42CB9BE93E7B5EFAC39D.e.16601","ELEMENT":"f.5D121FC7909F200889B59C01A2F655FF.d.DCD460CA3B6E42CB9BE93E7B5EFAC39D.e.16601"}]}
COMMAND: POST /session/85be7df00c2941df1715a768c51ad8f5/elements - {"using":"xpath","value":"//thead[contains(@class, \"sapMTableTH\")]/tr/th"}
COMMAND: GET /session/85be7df00c2941df1715a768c51ad8f5/screenshot - {}
RESULT: {"using":"xpath","value":"//thead[contains(@class, \"sapMTableTH\")]/tr/th"}
COMMAND: GET /session/85be7df00c2941df1715a768c51ad8f5/element/f.5D121FC7909F200889B59C01A2F655FF.d.DCD460CA3B6E42CB9BE93E7B5EFAC39D.e.16697/text - {}
RESULT: {}
RESULT: {}
COMMAND: GET /session/85be7df00c2941df1715a768c51ad8f5/element/f.5D121FC7909F200889B59C01A2F655FF.d.DCD460CA3B6E42CB9BE93E7B5EFAC39D.e.16698/text - {}
RESULT: {}
COMMAND: GET /session/85be7df00c2941df1715a768c51ad8f5/element/f.5D121FC7909F200889B59C01A2F655FF.d.DCD460CA3B6E42CB9BE93E7B5EFAC39D.e.16170/text - {}
RESULT: {}
COMMAND: GET /session/85be7df00c2941df1715a768c51ad8f5/element/f.5D121FC7909F200889B59C01A2F655FF.d.DCD460CA3B6E42CB9BE93E7B5EFAC39D.e.16172/text - {}
RESULT: {}
COMMAND: GET /session/85be7df00c2941df1715a768c51ad8f5/element/f.5D121FC7909F200889B59C01A2F655FF.d.DCD460CA3B6E42CB9BE93E7B5EFAC39D.e.16665/text - {}
RESULT: {}
COMMAND: GET /session/85be7df00c2941df1715a768c51ad8f5/element/f.5D121FC7909F200889B59C01A2F655FF.d.DCD460CA3B6E42CB9BE93E7B5EFAC39D.e.16666/text - {}
RESULT: {}
COMMAND: GET /session/85be7df00c2941df1715a768c51ad8f5/element/f.5D121FC7909F200889B59C01A2F655FF.d.DCD460CA3B6E42CB9BE93E7B5EFAC39D.e.16667/text - {}
RESULT: {}
COMMAND: GET /session/85be7df00c2941df1715a768c51ad8f5/element/f.5D121FC7909F200889B59C01A2F655FF.d.DCD460CA3B6E42CB9BE93E7B5EFAC39D.e.16668/text - {}
RESULT: {}
COMMAND: GET /session/85be7df00c2941df1715a768c51ad8f5/element/f.5D121FC7909F200889B59C01A2F655FF.d.DCD460CA3B6E42CB9BE93E7B5EFAC39D.e.16669/text - {}
RESULT: {}
COMMAND: GET /session/85be7df00c2941df1715a768c51ad8f5/element/f.5D121FC7909F200889B59C01A2F655FF.d.DCD460CA3B6E42CB9BE93E7B5EFAC39D.e.16670/text - {}
RESULT: {}
COMMAND: GET /session/85be7df00c2941df1715a768c51ad8f5/element/f.5D121FC7909F200889B59C01A2F655FF.d.DCD460CA3B6E42CB9BE93E7B5EFAC39D.e.16671/text - {}
RESULT: {}
COMMAND: GET /session/85be7df00c2941df1715a768c51ad8f5/element/f.5D121FC7909F200889B59C01A2F655FF.d.DCD460CA3B6E42CB9BE93E7B5EFAC39D.e.16672/text - {}
RESULT: {}
COMMAND: GET /session/85be7df00c2941df1715a768c51ad8f5/element/f.5D121FC7909F200889B59C01A2F655FF.d.DCD460CA3B6E42CB9BE93E7B5EFAC39D.e.16673/text - {}
RESULT: {}
COMMAND: GET /session/85be7df00c2941df1715a768c51ad8f5/element/f.5D121FC7909F200889B59C01A2F655FF.d.DCD460CA3B6E42CB9BE93E7B5EFAC39D.e.16173/text - {}
RESULT: {}
COMMAND: POST /session/85be7df00c2941df1715a768c51ad8f5/element - {"using":"xpath","value":"//tbody[contains(@id, \"customHandoversTable-tblBody\")]/tr[1]/td[14]/div/span"}
RESULT: {"using":"xpath","value":"//tbody[contains(@id, \"customHandoversTable-tblBody\")]/tr[1]/td[14]/div/span"}
COMMAND: POST /session/85be7df00c2941df1715a768c51ad8f5/execute/sync - {"script":"<script> [56 bytes]","args":[{"element-6066-11e4-a52e-4f735466cecf":"f.5D121FC7909F200889B59C01A2F655FF.d.DCD460CA3B6E42CB9BE93E7B5EFAC39D.e.16747","ELEMENT":"f.5D121FC7909F200889B59C01A2F655FF.d.DCD460CA3B6E42CB9BE93E7B5EFAC39D.e.16747"}]}
RESULT: {"script":"<script> [56 bytes]","args":[{"element-6066-11e4-a52e-4f735466cecf":"f.5D121FC7909F200889B59C01A2F655FF.d.DCD460CA3B6E42CB9BE93E7B5EFAC39D.e.16747","ELEMENT":"f.5D121FC7909F200889B59C01A2F655FF.d.DCD460CA3B6E42CB9BE93E7B5EFAC39D.e.16747"}]}
COMMAND: POST /session/85be7df00c2941df1715a768c51ad8f5/element - {"using":"xpath","value":"(//span[contains(@id, \"imgNav\")])[1]"}
COMMAND: GET /session/85be7df00c2941df1715a768c51ad8f5/screenshot - {}
RESULT: {"using":"xpath","value":"(//span[contains(@id, \"imgNav\")])[1]"}
COMMAND: POST /session/85be7df00c2941df1715a768c51ad8f5/element/f.5D121FC7909F200889B59C01A2F655FF.d.DCD460CA3B6E42CB9BE93E7B5EFAC39D.e.16748/click - {}
RESULT: {}
RESULT: {}
COMMAND: GET /session/85be7df00c2941df1715a768c51ad8f5/screenshot - {}
RESULT: {}
RESULT: undefined
COMMAND: POST /session/85be7df00c2941df1715a768c51ad8f5/execute/async - {"script":"<script> [776 bytes]","args":[{"enterText":"05/23/25","selector":{"id":"receiptDatePicker","viewName":"etm.portal.ui.managehandovers.view.DetailExecuteHO","interaction":{"idSuffix":"inner"}},"clearTextFirst":true,"interactionType":"ENTER_TEXT"}]}
RESULT: {"script":"<script> [776 bytes]","args":[{"enterText":"05/23/25","selector":{"id":"receiptDatePicker","viewName":"etm.portal.ui.managehandovers.view.DetailExecuteHO","interaction":{"idSuffix":"inner"}},"clearTextFirst":true,"interactionType":"ENTER_TEXT"}]}
COMMAND: POST /session/85be7df00c2941df1715a768c51ad8f5/element - {"using":"xpath","value":"//button[@data-kt=\"ReceivingTableConfirmAllButton\"]"}
RESULT: {"using":"xpath","value":"//button[@data-kt=\"ReceivingTableConfirmAllButton\"]"}
COMMAND: POST /session/85be7df00c2941df1715a768c51ad8f5/element/f.5D121FC7909F200889B59C01A2F655FF.d.DCD460CA3B6E42CB9BE93E7B5EFAC39D.e.16771/click - {}
COMMAND: GET /session/85be7df00c2941df1715a768c51ad8f5/screenshot - {}
RESULT: {}
]]></system-out>
      <system-err><![CDATA[
element click intercepted: element click intercepted: Element <button id="__button251" data-sap-ui="__button251" data-sap-ui-render="" data-kt="ReceivingTableConfirmAllButton" data-ui5-accesskey="c" aria-describedby="__button251-tooltip" title="Confirm All" class="sapMBtnBase sapMBtn sapMColumnHeaderContent">...</button> is not clickable at point (726, 801). Other element would receive the click: <div id="sap-ui-blocklayer-popup" tabindex="0" class="sapUiBLy" style="z-index: 469; visibility: visible;"></div>
  (Session info: chrome=136.0.7103.93)
    at async Context.<anonymous> (D:\a\1\s\test\specs\HTR\provide-to-site-wo-warehouse-w-clarification.spec.js:287:9)
]]></system-err>
    </testcase>
    <testcase classname="chrome.136_0_7103_93.windows.Provide_to_Site_w/o_warehouse_management_w_clarification" name="Should Test for Handover Execution" time="5.207">
      <failure/>
      <error message="element click intercepted: Element &lt;span id=&quot;__item1000-__clone2061-imgNav&quot; data-sap-ui=&quot;__item1000-__clone2061-imgNav&quot; data-sap-ui-render=&quot;&quot; role=&quot;img&quot; aria-label=&quot;Navigation&quot; data-sap-ui-icon-content=&quot;&quot; class=&quot;sapUiIcon sapUiIconMirrorInRTL sapMLIBType sapMLIBImgNav&quot; style=&quot;font-family: SAP-icons;&quot;>...&lt;/span> is not clickable at point (588, 394). Other element would receive the click: &lt;div id=&quot;sap-ui-blocklayer-popup&quot; tabindex=&quot;0&quot; class=&quot;sapUiBLy&quot; style=&quot;z-index: 469; visibility: visible;&quot;>&lt;/div>&#xA;  (Session info: chrome=136.0.7103.93)"/>
      <system-out><![CDATA[
COMMAND: POST /session/85be7df00c2941df1715a768c51ad8f5/element - {"using":"xpath","value":"(//span[contains(@id, \"imgNav\")])[1]"}
COMMAND: GET /session/85be7df00c2941df1715a768c51ad8f5/screenshot - {}
RESULT: {"using":"xpath","value":"(//span[contains(@id, \"imgNav\")])[1]"}
COMMAND: POST /session/85be7df00c2941df1715a768c51ad8f5/element/f.5D121FC7909F200889B59C01A2F655FF.d.DCD460CA3B6E42CB9BE93E7B5EFAC39D.e.16748/click - {}
RESULT: {}
COMMAND: GET /session/85be7df00c2941df1715a768c51ad8f5/screenshot - {}
RESULT: {}
]]></system-out>
      <system-err><![CDATA[
element click intercepted: element click intercepted: Element <span id="__item1000-__clone2061-imgNav" data-sap-ui="__item1000-__clone2061-imgNav" data-sap-ui-render="" role="img" aria-label="Navigation" data-sap-ui-icon-content="" class="sapUiIcon sapUiIconMirrorInRTL sapMLIBType sapMLIBImgNav" style="font-family: SAP-icons;">...</span> is not clickable at point (588, 394). Other element would receive the click: <div id="sap-ui-blocklayer-popup" tabindex="0" class="sapUiBLy" style="z-index: 469; visibility: visible;"></div>
  (Session info: chrome=136.0.7103.93)
    at async Context.<anonymous> (D:\a\1\s\test\specs\HTR\provide-to-site-wo-warehouse-w-clarification.spec.js:343:9)
]]></system-err>
    </testcase>
    <testcase classname="chrome.136_0_7103_93.windows.Provide_to_Site_w/o_warehouse_management_w_clarification" name="Should test for Clarification" time="0.004">
      <system-out><![CDATA[
COMMAND: POST /session/85be7df00c2941df1715a768c51ad8f5/element - {"using":"css selector","value":"#j_username"}
COMMAND: POST /session/85be7df00c2941df1715a768c51ad8f5/url - {"url":"https://qa-testing-00-live-etm-ui.cfapps.eu10-004.hana.ondemand.com/"}
COMMAND: GET /session/85be7df00c2941df1715a768c51ad8f5/screenshot - {}
COMMAND: GET /session/85be7df00c2941df1715a768c51ad8f5/screenshot - {}
RESULT: {"using":"css selector","value":"#j_username"}
COMMAND: POST /session/85be7df00c2941df1715a768c51ad8f5/element - {"using":"css selector","value":"#j_username"}
RESULT: {"url":"https://qa-testing-00-live-etm-ui.cfapps.eu10-004.hana.ondemand.com/"}
RESULT: undefined
COMMAND: GET /session/85be7df00c2941df1715a768c51ad8f5/screenshot - {}
RESULT: {}
RESULT: {}
RESULT: {"using":"css selector","value":"#j_username"}
COMMAND: POST /session/85be7df00c2941df1715a768c51ad8f5/element - {"using":"css selector","value":"#shell-header-logo"}
RESULT: {}
RESULT: {"using":"css selector","value":"#shell-header-logo"}
COMMAND: POST /session/85be7df00c2941df1715a768c51ad8f5/execute/sync - {"script":"<script> [8489 bytes]","args":[{"element-6066-11e4-a52e-4f735466cecf":"f.5D121FC7909F200889B59C01A2F655FF.d.0A4340A3C7AA09FB4E54946D43E1E020.e.16792","ELEMENT":"f.5D121FC7909F200889B59C01A2F655FF.d.0A4340A3C7AA09FB4E54946D43E1E020.e.16792"}]}
RESULT: {"script":"<script> [8489 bytes]","args":[{"element-6066-11e4-a52e-4f735466cecf":"f.5D121FC7909F200889B59C01A2F655FF.d.0A4340A3C7AA09FB4E54946D43E1E020.e.16792","ELEMENT":"f.5D121FC7909F200889B59C01A2F655FF.d.0A4340A3C7AA09FB4E54946D43E1E020.e.16792"}]}
COMMAND: POST /session/85be7df00c2941df1715a768c51ad8f5/element - {"using":"css selector","value":"#shell-header-logo"}
COMMAND: GET /session/85be7df00c2941df1715a768c51ad8f5/screenshot - {}
RESULT: {"using":"css selector","value":"#shell-header-logo"}
COMMAND: POST /session/85be7df00c2941df1715a768c51ad8f5/execute/sync - {"script":"<script> [8489 bytes]","args":[{"element-6066-11e4-a52e-4f735466cecf":"f.5D121FC7909F200889B59C01A2F655FF.d.0A4340A3C7AA09FB4E54946D43E1E020.e.16792","ELEMENT":"f.5D121FC7909F200889B59C01A2F655FF.d.0A4340A3C7AA09FB4E54946D43E1E020.e.16792"}]}
RESULT: {}
RESULT: {"script":"<script> [8489 bytes]","args":[{"element-6066-11e4-a52e-4f735466cecf":"f.5D121FC7909F200889B59C01A2F655FF.d.0A4340A3C7AA09FB4E54946D43E1E020.e.16792","ELEMENT":"f.5D121FC7909F200889B59C01A2F655FF.d.0A4340A3C7AA09FB4E54946D43E1E020.e.16792"}]}
COMMAND: POST /session/85be7df00c2941df1715a768c51ad8f5/execute/sync - {"script":"<script> [5351 bytes]","args":[{"element-6066-11e4-a52e-4f735466cecf":"f.5D121FC7909F200889B59C01A2F655FF.d.0A4340A3C7AA09FB4E54946D43E1E020.e.16792","ELEMENT":"f.5D121FC7909F200889B59C01A2F655FF.d.0A4340A3C7AA09FB4E54946D43E1E020.e.16792"}]}
COMMAND: GET /session/85be7df00c2941df1715a768c51ad8f5/screenshot - {}
RESULT: {"script":"<script> [5351 bytes]","args":[{"element-6066-11e4-a52e-4f735466cecf":"f.5D121FC7909F200889B59C01A2F655FF.d.0A4340A3C7AA09FB4E54946D43E1E020.e.16792","ELEMENT":"f.5D121FC7909F200889B59C01A2F655FF.d.0A4340A3C7AA09FB4E54946D43E1E020.e.16792"}]}
COMMAND: POST /session/85be7df00c2941df1715a768c51ad8f5/element - {"using":"css selector","value":"#shell-header-logo"}
COMMAND: GET /session/85be7df00c2941df1715a768c51ad8f5/screenshot - {}
RESULT: {}
RESULT: {"using":"css selector","value":"#shell-header-logo"}
COMMAND: POST /session/85be7df00c2941df1715a768c51ad8f5/element/f.5D121FC7909F200889B59C01A2F655FF.d.0A4340A3C7AA09FB4E54946D43E1E020.e.16792/click - {}
RESULT: {}
RESULT: {}
COMMAND: GET /session/85be7df00c2941df1715a768c51ad8f5/screenshot - {}
RESULT: {}
COMMAND: POST /session/85be7df00c2941df1715a768c51ad8f5/execute/async - {"script":"<script> [189 bytes]","args":[]}
RESULT: {"script":"<script> [189 bytes]","args":[]}
COMMAND: POST /session/85be7df00c2941df1715a768c51ad8f5/execute/async - {"script":"<script> [123 bytes]","args":[]}
RESULT: {"script":"<script> [123 bytes]","args":[]}
COMMAND: POST /session/85be7df00c2941df1715a768c51ad8f5/timeouts - {"script":"<number>"}
RESULT: {"script":"<number>"}
COMMAND: GET /session/85be7df00c2941df1715a768c51ad8f5/timeouts - {}
RESULT: {}
RESULT: undefined
COMMAND: POST /session/85be7df00c2941df1715a768c51ad8f5/execute/async - {"script":"<script> [2676 bytes]","args":[]}
RESULT: {"script":"<script> [2676 bytes]","args":[]}
COMMAND: POST /session/85be7df00c2941df1715a768c51ad8f5/execute/async - {"script":"<script> [2342 bytes]","args":[{"protocol":"http","hostname":"0.0.0.0","path":"/","capabilities":{"browserName":"chrome","goog:chromeOptions":{"binary":"C:\\Program Files\\Google\\Chrome\\Application\\chrome.exe","args":["--start-maximized"]}},"logLevel":"warn","connectionRetryTimeout":120000,"connectionRetryCount":3,"logLevels":{},"enableDirectConnect":true,"strictSSL":true,"_":"65 more keys: [\"cacheDir\",\"port\",\"requestedCapabilities\",\"automationProtocol\",\"baseUrl\",\"waitforInterval\",\"waitforTimeout\",\"onReload\",\"beforeCommand\",\"afterCommand\",\"rootDir\",\"specs\",\"suites\",\"exclude\",\"groupLogsByTestSpec\",\"excludeDriverLogs\",\"bail\",\"framework\",\"reporters\",\"services\",\"maxInstances\",\"maxInstancesPerCapability\",\"injectGlobals\",\"filesToWatch\",\"execArgv\",\"runnerEnv\",\"runner\",\"shard\",\"specFileRetries\",\"specFileRetriesDelay\",\"specFileRetriesDeferred\",\"reporterSyncInterval\",\"reporterSyncTimeout\",\"cucumberFeaturesWithLineNumbers\",\"autoCompileOpts\",\"mochaOpts\",\"jasmineOpts\",\"cucumberOpts\",\"onPrepare\",\"onWorkerStart\",\"onWorkerEnd\",\"before\",\"beforeSession\",\"beforeSuite\",\"beforeHook\",\"beforeTest\",\"afterTest\",\"afterHook\",\"afterSuite\",\"afterSession\",\"after\",\"onComplete\",\"beforeAssertion\",\"afterAssertion\",\"beforeFeature\",\"beforeScenario\",\"beforeStep\",\"afterStep\",\"afterScenario\",\"afterFeature\",\"_\",\"suite\",\"$0\",\"ignoredWorkerServices\",\"wdi5\"]"}]}
RESULT: {"script":"<script> [2342 bytes]","args":[{"protocol":"http","hostname":"0.0.0.0","path":"/","capabilities":{"browserName":"chrome","goog:chromeOptions":{"binary":"C:\\Program Files\\Google\\Chrome\\Application\\chrome.exe","args":["--start-maximized"]}},"logLevel":"warn","connectionRetryTimeout":120000,"connectionRetryCount":3,"logLevels":{},"enableDirectConnect":true,"strictSSL":true,"_":"65 more keys: [\"cacheDir\",\"port\",\"requestedCapabilities\",\"automationProtocol\",\"baseUrl\",\"waitforInterval\",\"waitforTimeout\",\"onReload\",\"beforeCommand\",\"afterCommand\",\"rootDir\",\"specs\",\"suites\",\"exclude\",\"groupLogsByTestSpec\",\"excludeDriverLogs\",\"bail\",\"framework\",\"reporters\",\"services\",\"maxInstances\",\"maxInstancesPerCapability\",\"injectGlobals\",\"filesToWatch\",\"execArgv\",\"runnerEnv\",\"runner\",\"shard\",\"specFileRetries\",\"specFileRetriesDelay\",\"specFileRetriesDeferred\",\"reporterSyncInterval\",\"reporterSyncTimeout\",\"cucumberFeaturesWithLineNumbers\",\"autoCompileOpts\",\"mochaOpts\",\"jasmineOpts\",\"cucumberOpts\",\"onPrepare\",\"onWorkerStart\",\"onWorkerEnd\",\"before\",\"beforeSession\",\"beforeSuite\",\"beforeHook\",\"beforeTest\",\"afterTest\",\"afterHook\",\"afterSuite\",\"afterSession\",\"after\",\"onComplete\",\"beforeAssertion\",\"afterAssertion\",\"beforeFeature\",\"beforeScenario\",\"beforeStep\",\"afterStep\",\"afterScenario\",\"afterFeature\",\"_\",\"suite\",\"$0\",\"ignoredWorkerServices\",\"wdi5\"]"}]}
COMMAND: POST /session/85be7df00c2941df1715a768c51ad8f5/execute/async - {"script":"<script> [21126 bytes]","args":[35000]}
RESULT: {"script":"<script> [21126 bytes]","args":[35000]}
COMMAND: POST /session/85be7df00c2941df1715a768c51ad8f5/window/maximize - {}
RESULT: {}
COMMAND: POST /session/85be7df00c2941df1715a768c51ad8f5/execute/async - {"script":"<script> [1562 bytes]","args":[{"selector":{"id":"shell-header","interaction":{"idSuffix":"icon"}},"wdio_ui5_key":"shellheader"}]}
COMMAND: GET /session/85be7df00c2941df1715a768c51ad8f5/screenshot - {}
RESULT: {"script":"<script> [1562 bytes]","args":[{"selector":{"id":"shell-header","interaction":{"idSuffix":"icon"}},"wdio_ui5_key":"shellheader"}]}
RESULT: undefined
COMMAND: POST /session/85be7df00c2941df1715a768c51ad8f5/window/fullscreen - {}
RESULT: {}
RESULT: {}
]]></system-out>
    </testcase>
  </testsuite>
  <testsuite timestamp="2025-05-23T17:10:28" time="155.042" tests="4" failures="0" errors="0" skipped="0">
    <properties>
      <property name="specId" value="0"/>
      <property name="suiteName" value="Provide to Site w/o warehouse management w/o clarification US116612"/>
      <property name="capabilities" value="chrome.136_0_7103_93.windows"/>
      <property name="file" value="file:///D:/a/1/s/test/specs/HTR/provide-to-site-wo-warehouse-wo-clarification.spec.js"/>
    </properties>
    <testcase classname="chrome.136_0_7103_93.windows.Provide_to_Site_w/o_warehouse_management_w/o_clarification_US116612" name="Should create a new yard" time="0.023">
      <system-out><![CDATA[
COMMAND: POST /session/85be7df00c2941df1715a768c51ad8f5/window/fullscreen - {}
RESULT: {}
]]></system-out>
    </testcase>
    <testcase classname="chrome.136_0_7103_93.windows.Provide_to_Site_w/o_warehouse_management_w/o_clarification_US116612" name="Should create a new external partner" time="0.004"/>
    <testcase classname="chrome.136_0_7103_93.windows.Provide_to_Site_w/o_warehouse_management_w/o_clarification_US116612" name="Should create a new site" time="0.004"/>
    <testcase classname="chrome.136_0_7103_93.windows.Provide_to_Site_w/o_warehouse_management_w/o_clarification_US116612" name="Should create a new material" time="135.308">
      <system-out><![CDATA[
COMMAND: POST /session/85be7df00c2941df1715a768c51ad8f5/execute/async - {"script":"<script> [1562 bytes]","args":[{"selector":{"controlType":"sap.m.GenericTile","properties":{"header":"Manage Resources"}},"wdio_ui5_key":"sapm.GenericTile{\"header\":\"Manage Resources\"}"}]}
RESULT: {"script":"<script> [1562 bytes]","args":[{"selector":{"controlType":"sap.m.GenericTile","properties":{"header":"Manage Resources"}},"wdio_ui5_key":"sapm.GenericTile{\"header\":\"Manage Resources\"}"}]}
RESULT: undefined
COMMAND: POST /session/85be7df00c2941df1715a768c51ad8f5/element - {"using":"xpath","value":"//*[@id=\"__tile31\"]"}
RESULT: {"using":"xpath","value":"//*[@id=\"__tile31\"]"}
COMMAND: POST /session/85be7df00c2941df1715a768c51ad8f5/element/f.5D121FC7909F200889B59C01A2F655FF.d.0A4340A3C7AA09FB4E54946D43E1E020.e.16816/click - {}
RESULT: {}
COMMAND: GET /session/85be7df00c2941df1715a768c51ad8f5/screenshot - {}
RESULT: {}
COMMAND: POST /session/85be7df00c2941df1715a768c51ad8f5/elements - {"using":"xpath","value":"//span[text()='Error']"}
RESULT: {"using":"xpath","value":"//span[text()='Error']"}
COMMAND: POST /session/85be7df00c2941df1715a768c51ad8f5/element - {"using":"xpath","value":"//button[@data-kt=\"addNewRUOverflowToolbarButton\"]"}
RESULT: {"using":"xpath","value":"//button[@data-kt=\"addNewRUOverflowToolbarButton\"]"}
COMMAND: POST /session/85be7df00c2941df1715a768c51ad8f5/elements - {"using":"xpath","value":"//button[@data-kt=\"addNewRUOverflowToolbarButton\"]"}
RESULT: {"using":"xpath","value":"//button[@data-kt=\"addNewRUOverflowToolbarButton\"]"}
COMMAND: POST /session/85be7df00c2941df1715a768c51ad8f5/elements - {"using":"xpath","value":"//button[@data-kt=\"addNewRUOverflowToolbarButton\"]"}
RESULT: {"using":"xpath","value":"//button[@data-kt=\"addNewRUOverflowToolbarButton\"]"}
COMMAND: POST /session/85be7df00c2941df1715a768c51ad8f5/elements - {"using":"xpath","value":"//button[@data-kt=\"addNewRUOverflowToolbarButton\"]"}
RESULT: {"using":"xpath","value":"//button[@data-kt=\"addNewRUOverflowToolbarButton\"]"}
COMMAND: POST /session/85be7df00c2941df1715a768c51ad8f5/elements - {"using":"xpath","value":"//button[@data-kt=\"addNewRUOverflowToolbarButton\"]"}
RESULT: {"using":"xpath","value":"//button[@data-kt=\"addNewRUOverflowToolbarButton\"]"}
COMMAND: POST /session/85be7df00c2941df1715a768c51ad8f5/elements - {"using":"xpath","value":"//button[@data-kt=\"addNewRUOverflowToolbarButton\"]"}
RESULT: {"using":"xpath","value":"//button[@data-kt=\"addNewRUOverflowToolbarButton\"]"}
COMMAND: POST /session/85be7df00c2941df1715a768c51ad8f5/elements - {"using":"xpath","value":"//button[@data-kt=\"addNewRUOverflowToolbarButton\"]"}
RESULT: {"using":"xpath","value":"//button[@data-kt=\"addNewRUOverflowToolbarButton\"]"}
COMMAND: POST /session/85be7df00c2941df1715a768c51ad8f5/elements - {"using":"xpath","value":"//button[@data-kt=\"addNewRUOverflowToolbarButton\"]"}
RESULT: {"using":"xpath","value":"//button[@data-kt=\"addNewRUOverflowToolbarButton\"]"}
COMMAND: POST /session/85be7df00c2941df1715a768c51ad8f5/elements - {"using":"xpath","value":"//button[@data-kt=\"addNewRUOverflowToolbarButton\"]"}
RESULT: {"using":"xpath","value":"//button[@data-kt=\"addNewRUOverflowToolbarButton\"]"}
COMMAND: POST /session/85be7df00c2941df1715a768c51ad8f5/elements - {"using":"xpath","value":"//button[@data-kt=\"addNewRUOverflowToolbarButton\"]"}
RESULT: {"using":"xpath","value":"//button[@data-kt=\"addNewRUOverflowToolbarButton\"]"}
COMMAND: POST /session/85be7df00c2941df1715a768c51ad8f5/element - {"using":"xpath","value":"//button[@data-kt=\"addNewRUOverflowToolbarButton\"]"}
RESULT: {"using":"xpath","value":"//button[@data-kt=\"addNewRUOverflowToolbarButton\"]"}
COMMAND: POST /session/85be7df00c2941df1715a768c51ad8f5/execute/sync - {"script":"<script> [8489 bytes]","args":[{"element-6066-11e4-a52e-4f735466cecf":"f.5D121FC7909F200889B59C01A2F655FF.d.0A4340A3C7AA09FB4E54946D43E1E020.e.16946","ELEMENT":"f.5D121FC7909F200889B59C01A2F655FF.d.0A4340A3C7AA09FB4E54946D43E1E020.e.16946"}]}
RESULT: {"script":"<script> [8489 bytes]","args":[{"element-6066-11e4-a52e-4f735466cecf":"f.5D121FC7909F200889B59C01A2F655FF.d.0A4340A3C7AA09FB4E54946D43E1E020.e.16946","ELEMENT":"f.5D121FC7909F200889B59C01A2F655FF.d.0A4340A3C7AA09FB4E54946D43E1E020.e.16946"}]}
COMMAND: GET /session/85be7df00c2941df1715a768c51ad8f5/element/f.5D121FC7909F200889B59C01A2F655FF.d.0A4340A3C7AA09FB4E54946D43E1E020.e.16946/enabled - {}
COMMAND: GET /session/85be7df00c2941df1715a768c51ad8f5/screenshot - {}
RESULT: {}
COMMAND: POST /session/85be7df00c2941df1715a768c51ad8f5/execute/sync - {"script":"<script> [8489 bytes]","args":[{"element-6066-11e4-a52e-4f735466cecf":"f.5D121FC7909F200889B59C01A2F655FF.d.0A4340A3C7AA09FB4E54946D43E1E020.e.16946","ELEMENT":"f.5D121FC7909F200889B59C01A2F655FF.d.0A4340A3C7AA09FB4E54946D43E1E020.e.16946"}]}
COMMAND: GET /session/85be7df00c2941df1715a768c51ad8f5/screenshot - {}
RESULT: {}
RESULT: {"script":"<script> [8489 bytes]","args":[{"element-6066-11e4-a52e-4f735466cecf":"f.5D121FC7909F200889B59C01A2F655FF.d.0A4340A3C7AA09FB4E54946D43E1E020.e.16946","ELEMENT":"f.5D121FC7909F200889B59C01A2F655FF.d.0A4340A3C7AA09FB4E54946D43E1E020.e.16946"}]}
COMMAND: POST /session/85be7df00c2941df1715a768c51ad8f5/execute/sync - {"script":"<script> [5351 bytes]","args":[{"element-6066-11e4-a52e-4f735466cecf":"f.5D121FC7909F200889B59C01A2F655FF.d.0A4340A3C7AA09FB4E54946D43E1E020.e.16946","ELEMENT":"f.5D121FC7909F200889B59C01A2F655FF.d.0A4340A3C7AA09FB4E54946D43E1E020.e.16946"}]}
COMMAND: GET /session/85be7df00c2941df1715a768c51ad8f5/screenshot - {}
RESULT: {}
RESULT: {"script":"<script> [5351 bytes]","args":[{"element-6066-11e4-a52e-4f735466cecf":"f.5D121FC7909F200889B59C01A2F655FF.d.0A4340A3C7AA09FB4E54946D43E1E020.e.16946","ELEMENT":"f.5D121FC7909F200889B59C01A2F655FF.d.0A4340A3C7AA09FB4E54946D43E1E020.e.16946"}]}
COMMAND: POST /session/85be7df00c2941df1715a768c51ad8f5/element/f.5D121FC7909F200889B59C01A2F655FF.d.0A4340A3C7AA09FB4E54946D43E1E020.e.16946/click - {}
COMMAND: GET /session/85be7df00c2941df1715a768c51ad8f5/screenshot - {}
RESULT: {}
RESULT: {}
COMMAND: GET /session/85be7df00c2941df1715a768c51ad8f5/screenshot - {}
COMMAND: POST /session/85be7df00c2941df1715a768c51ad8f5/execute/async - {"script":"<script> [1562 bytes]","args":[{"selector":{"id":"application-manageresources-display-component---newResourceUnit--TYPE-arrow"},"wdio_ui5_key":"applicationmanageresources-display-component---newResourceUnit--TYPE-arrow"}]}
RESULT: {}
RESULT: {}
RESULT: {"script":"<script> [1562 bytes]","args":[{"selector":{"id":"application-manageresources-display-component---newResourceUnit--TYPE-arrow"},"wdio_ui5_key":"applicationmanageresources-display-component---newResourceUnit--TYPE-arrow"}]}
RESULT: undefined
COMMAND: POST /session/85be7df00c2941df1715a768c51ad8f5/element - {"using":"xpath","value":"//*[@id=\"application-manageresources-display-component---newResourceUnit--TYPE-arrow\"]"}
RESULT: {"using":"xpath","value":"//*[@id=\"application-manageresources-display-component---newResourceUnit--TYPE-arrow\"]"}
COMMAND: POST /session/85be7df00c2941df1715a768c51ad8f5/element/f.5D121FC7909F200889B59C01A2F655FF.d.0A4340A3C7AA09FB4E54946D43E1E020.e.17115/click - {}
RESULT: {}
COMMAND: POST /session/85be7df00c2941df1715a768c51ad8f5/element - {"using":"xpath","value":"//input[@id=\"application-manageresources-display-component---newResourceUnit--TYPE-inner\"]"}
COMMAND: GET /session/85be7df00c2941df1715a768c51ad8f5/screenshot - {}
RESULT: {"using":"xpath","value":"//input[@id=\"application-manageresources-display-component---newResourceUnit--TYPE-inner\"]"}
COMMAND: POST /session/85be7df00c2941df1715a768c51ad8f5/element/f.5D121FC7909F200889B59C01A2F655FF.d.0A4340A3C7AA09FB4E54946D43E1E020.e.17000/clear - {}
RESULT: {}
RESULT: {}
COMMAND: POST /session/85be7df00c2941df1715a768c51ad8f5/element/f.5D121FC7909F200889B59C01A2F655FF.d.0A4340A3C7AA09FB4E54946D43E1E020.e.17000/value - {"text":"Material"}
COMMAND: GET /session/85be7df00c2941df1715a768c51ad8f5/screenshot - {}
RESULT: {"text":"Material"}
COMMAND: GET /session/85be7df00c2941df1715a768c51ad8f5/screenshot - {}
RESULT: {}
RESULT: {}
COMMAND: POST /session/85be7df00c2941df1715a768c51ad8f5/actions - {"actions":[{"id":"action53","type":"key","parameters":{},"actions":[{"type":"keyDown","value":""},{"type":"pause","duration":10},{"type":"keyUp","value":""}]}]}
RESULT: {"actions":[{"id":"action53","type":"key","parameters":{},"actions":[{"type":"keyDown","value":""},{"type":"pause","duration":10},{"type":"keyUp","value":""}]}]}
COMMAND: POST /session/85be7df00c2941df1715a768c51ad8f5/execute/async - {"script":"<script> [1562 bytes]","args":[{"selector":{"id":"application-manageresources-display-component---newResourceUnit--SHORT_TEXT","interaction":{"idSuffix":"inner"}},"wdio_ui5_key":"applicationmanageresources-display-component---newResourceUnit--SHORT_TEXT"}]}
COMMAND: GET /session/85be7df00c2941df1715a768c51ad8f5/screenshot - {}
RESULT: {"script":"<script> [1562 bytes]","args":[{"selector":{"id":"application-manageresources-display-component---newResourceUnit--SHORT_TEXT","interaction":{"idSuffix":"inner"}},"wdio_ui5_key":"applicationmanageresources-display-component---newResourceUnit--SHORT_TEXT"}]}
RESULT: undefined
COMMAND: POST /session/85be7df00c2941df1715a768c51ad8f5/execute/async - {"script":"<script> [776 bytes]","args":[{"enterText":"Cement WDIO","selector":{"id":"application-manageresources-display-component---newResourceUnit--SHORT_TEXT","interaction":{"idSuffix":"inner"}},"clearTextFirst":true,"interactionType":"ENTER_TEXT"}]}
RESULT: {}
RESULT: {"script":"<script> [776 bytes]","args":[{"enterText":"Cement WDIO","selector":{"id":"application-manageresources-display-component---newResourceUnit--SHORT_TEXT","interaction":{"idSuffix":"inner"}},"clearTextFirst":true,"interactionType":"ENTER_TEXT"}]}
COMMAND: POST /session/85be7df00c2941df1715a768c51ad8f5/execute/async - {"script":"<script> [1562 bytes]","args":[{"selector":{"id":"application-manageresources-display-component---newResourceUnit--BASE_UNIT_OF_MEASURE","interaction":{"idSuffix":"inner"}},"wdio_ui5_key":"applicationmanageresources-display-component---newResourceUnit--BASE_UNIT_OF_MEASURE"}]}
RESULT: {"script":"<script> [1562 bytes]","args":[{"selector":{"id":"application-manageresources-display-component---newResourceUnit--BASE_UNIT_OF_MEASURE","interaction":{"idSuffix":"inner"}},"wdio_ui5_key":"applicationmanageresources-display-component---newResourceUnit--BASE_UNIT_OF_MEASURE"}]}
RESULT: undefined
COMMAND: POST /session/85be7df00c2941df1715a768c51ad8f5/execute/async - {"script":"<script> [776 bytes]","args":[{"enterText":"Piece","selector":{"id":"application-manageresources-display-component---newResourceUnit--BASE_UNIT_OF_MEASURE","interaction":{"idSuffix":"inner"}},"clearTextFirst":true,"interactionType":"ENTER_TEXT"}]}
RESULT: {"script":"<script> [776 bytes]","args":[{"enterText":"Piece","selector":{"id":"application-manageresources-display-component---newResourceUnit--BASE_UNIT_OF_MEASURE","interaction":{"idSuffix":"inner"}},"clearTextFirst":true,"interactionType":"ENTER_TEXT"}]}
COMMAND: POST /session/85be7df00c2941df1715a768c51ad8f5/execute/async - {"script":"<script> [1562 bytes]","args":[{"selector":{"id":"application-manageresources-display-component---newResourceUnit--WEIGHT_UNIT","interaction":{"idSuffix":"inner"}},"wdio_ui5_key":"applicationmanageresources-display-component---newResourceUnit--WEIGHT_UNIT"}]}
RESULT: {"script":"<script> [1562 bytes]","args":[{"selector":{"id":"application-manageresources-display-component---newResourceUnit--WEIGHT_UNIT","interaction":{"idSuffix":"inner"}},"wdio_ui5_key":"applicationmanageresources-display-component---newResourceUnit--WEIGHT_UNIT"}]}
RESULT: undefined
COMMAND: POST /session/85be7df00c2941df1715a768c51ad8f5/execute/async - {"script":"<script> [776 bytes]","args":[{"enterText":"Gram","selector":{"id":"application-manageresources-display-component---newResourceUnit--WEIGHT_UNIT","interaction":{"idSuffix":"inner"}},"clearTextFirst":true,"interactionType":"ENTER_TEXT"}]}
RESULT: {"script":"<script> [776 bytes]","args":[{"enterText":"Gram","selector":{"id":"application-manageresources-display-component---newResourceUnit--WEIGHT_UNIT","interaction":{"idSuffix":"inner"}},"clearTextFirst":true,"interactionType":"ENTER_TEXT"}]}
COMMAND: POST /session/85be7df00c2941df1715a768c51ad8f5/execute/async - {"script":"<script> [1562 bytes]","args":[{"selector":{"id":"application-manageresources-display-component---newResourceUnit--DIMENSION_UNIT","interaction":{"idSuffix":"inner"}},"wdio_ui5_key":"applicationmanageresources-display-component---newResourceUnit--DIMENSION_UNIT"}]}
RESULT: {"script":"<script> [1562 bytes]","args":[{"selector":{"id":"application-manageresources-display-component---newResourceUnit--DIMENSION_UNIT","interaction":{"idSuffix":"inner"}},"wdio_ui5_key":"applicationmanageresources-display-component---newResourceUnit--DIMENSION_UNIT"}]}
RESULT: undefined
COMMAND: POST /session/85be7df00c2941df1715a768c51ad8f5/execute/async - {"script":"<script> [776 bytes]","args":[{"enterText":"Meter","selector":{"id":"application-manageresources-display-component---newResourceUnit--DIMENSION_UNIT","interaction":{"idSuffix":"inner"}},"clearTextFirst":true,"interactionType":"ENTER_TEXT"}]}
RESULT: {"script":"<script> [776 bytes]","args":[{"enterText":"Meter","selector":{"id":"application-manageresources-display-component---newResourceUnit--DIMENSION_UNIT","interaction":{"idSuffix":"inner"}},"clearTextFirst":true,"interactionType":"ENTER_TEXT"}]}
COMMAND: POST /session/85be7df00c2941df1715a768c51ad8f5/execute/async - {"script":"<script> [1562 bytes]","args":[{"selector":{"id":"application-manageresources-display-component---newResourceUnit--newRRUPage-anchBar-application-manageresources-display-component---newResourceUnit--control-anchor","interaction":{"idSuffix":"BDI-content"}},"wdio_ui5_key":"applicationmanageresources-display-component---newResourceUnit--newRRUPage-anchBar-application-manageresources-display-component---newResourceUnit--control-anchor"}]}
RESULT: {"script":"<script> [1562 bytes]","args":[{"selector":{"id":"application-manageresources-display-component---newResourceUnit--newRRUPage-anchBar-application-manageresources-display-component---newResourceUnit--control-anchor","interaction":{"idSuffix":"BDI-content"}},"wdio_ui5_key":"applicationmanageresources-display-component---newResourceUnit--newRRUPage-anchBar-application-manageresources-display-component---newResourceUnit--control-anchor"}]}
RESULT: undefined
COMMAND: POST /session/85be7df00c2941df1715a768c51ad8f5/element - {"using":"xpath","value":"//*[@id=\"application-manageresources-display-component---newResourceUnit--newRRUPage-anchBar-application-manageresources-display-component---newResourceUnit--control-anchor\"]"}
RESULT: {"using":"xpath","value":"//*[@id=\"application-manageresources-display-component---newResourceUnit--newRRUPage-anchBar-application-manageresources-display-component---newResourceUnit--control-anchor\"]"}
COMMAND: POST /session/85be7df00c2941df1715a768c51ad8f5/element/f.5D121FC7909F200889B59C01A2F655FF.d.0A4340A3C7AA09FB4E54946D43E1E020.e.17247/click - {}
RESULT: {}
COMMAND: POST /session/85be7df00c2941df1715a768c51ad8f5/execute/async - {"script":"<script> [1562 bytes]","args":[{"selector":{"id":"application-manageresources-display-component---newResourceUnit--PLANNING_GROUP","interaction":{"idSuffix":"inner"}},"wdio_ui5_key":"applicationmanageresources-display-component---newResourceUnit--PLANNING_GROUP"}]}
COMMAND: GET /session/85be7df00c2941df1715a768c51ad8f5/screenshot - {}
RESULT: {"script":"<script> [1562 bytes]","args":[{"selector":{"id":"application-manageresources-display-component---newResourceUnit--PLANNING_GROUP","interaction":{"idSuffix":"inner"}},"wdio_ui5_key":"applicationmanageresources-display-component---newResourceUnit--PLANNING_GROUP"}]}
RESULT: undefined
COMMAND: POST /session/85be7df00c2941df1715a768c51ad8f5/execute/async - {"script":"<script> [776 bytes]","args":[{"enterText":"Material","selector":{"id":"application-manageresources-display-component---newResourceUnit--PLANNING_GROUP","interaction":{"idSuffix":"inner"}},"clearTextFirst":true,"interactionType":"ENTER_TEXT"}]}
RESULT: {}
RESULT: {"script":"<script> [776 bytes]","args":[{"enterText":"Material","selector":{"id":"application-manageresources-display-component---newResourceUnit--PLANNING_GROUP","interaction":{"idSuffix":"inner"}},"clearTextFirst":true,"interactionType":"ENTER_TEXT"}]}
COMMAND: POST /session/85be7df00c2941df1715a768c51ad8f5/execute/async - {"script":"<script> [1562 bytes]","args":[{"selector":{"id":"application-manageresources-display-component---newResourceUnit--PLANNING_INDICATOR","interaction":{"idSuffix":"inner"}},"wdio_ui5_key":"applicationmanageresources-display-component---newResourceUnit--PLANNING_INDICATOR"}]}
RESULT: {"script":"<script> [1562 bytes]","args":[{"selector":{"id":"application-manageresources-display-component---newResourceUnit--PLANNING_INDICATOR","interaction":{"idSuffix":"inner"}},"wdio_ui5_key":"applicationmanageresources-display-component---newResourceUnit--PLANNING_INDICATOR"}]}
RESULT: undefined
COMMAND: POST /session/85be7df00c2941df1715a768c51ad8f5/execute/async - {"script":"<script> [776 bytes]","args":[{"enterText":"10 - infinite","selector":{"id":"application-manageresources-display-component---newResourceUnit--PLANNING_INDICATOR","interaction":{"idSuffix":"inner"}},"clearTextFirst":true,"interactionType":"ENTER_TEXT"}]}
RESULT: {"script":"<script> [776 bytes]","args":[{"enterText":"10 - infinite","selector":{"id":"application-manageresources-display-component---newResourceUnit--PLANNING_INDICATOR","interaction":{"idSuffix":"inner"}},"clearTextFirst":true,"interactionType":"ENTER_TEXT"}]}
COMMAND: POST /session/85be7df00c2941df1715a768c51ad8f5/element - {"using":"css selector","value":"#application-manageresources-display-component---newResourceUnit--btnAddTimeSegment"}
RESULT: {"using":"css selector","value":"#application-manageresources-display-component---newResourceUnit--btnAddTimeSegment"}
COMMAND: GET /session/85be7df00c2941df1715a768c51ad8f5/element/f.5D121FC7909F200889B59C01A2F655FF.d.0A4340A3C7AA09FB4E54946D43E1E020.e.17256/rect - {}
RESULT: {}
COMMAND: GET /session/85be7df00c2941df1715a768c51ad8f5/window/rect - {}
RESULT: {}
COMMAND: POST /session/85be7df00c2941df1715a768c51ad8f5/execute/sync - {"script":"<script> [92 bytes]","args":[]}
RESULT: {"script":"<script> [92 bytes]","args":[]}
COMMAND: POST /session/85be7df00c2941df1715a768c51ad8f5/actions - {"actions":[{"id":"action54","type":"wheel","parameters":{},"actions":[{"type":"scroll","x":-1888,"y":-32,"deltaX":0,"deltaY":0,"duration":0,"origin":{"element-6066-11e4-a52e-4f735466cecf":"f.5D121FC7909F200889B59C01A2F655FF.d.0A4340A3C7AA09FB4E54946D43E1E020.e.17256"}}]}]}
COMMAND: GET /session/85be7df00c2941df1715a768c51ad8f5/screenshot - {}
RESULT: {}
COMMAND: POST /session/85be7df00c2941df1715a768c51ad8f5/execute/sync - {"script":"<script> [79 bytes]","args":[{"element-6066-11e4-a52e-4f735466cecf":"f.5D121FC7909F200889B59C01A2F655FF.d.0A4340A3C7AA09FB4E54946D43E1E020.e.17256","ELEMENT":"f.5D121FC7909F200889B59C01A2F655FF.d.0A4340A3C7AA09FB4E54946D43E1E020.e.17256"},{"block":"start","inline":"nearest"}]}
RESULT: {"script":"<script> [79 bytes]","args":[{"element-6066-11e4-a52e-4f735466cecf":"f.5D121FC7909F200889B59C01A2F655FF.d.0A4340A3C7AA09FB4E54946D43E1E020.e.17256","ELEMENT":"f.5D121FC7909F200889B59C01A2F655FF.d.0A4340A3C7AA09FB4E54946D43E1E020.e.17256"},{"block":"start","inline":"nearest"}]}
COMMAND: POST /session/85be7df00c2941df1715a768c51ad8f5/execute/async - {"script":"<script> [1562 bytes]","args":[{"selector":{"id":"application-manageresources-display-component---newResourceUnit--btnAddTimeSegment","interaction":{"idSuffix":"inner"}},"wdio_ui5_key":"applicationmanageresources-display-component---newResourceUnit--btnAddTimeSegment"}]}
COMMAND: GET /session/85be7df00c2941df1715a768c51ad8f5/screenshot - {}
RESULT: {"script":"<script> [1562 bytes]","args":[{"selector":{"id":"application-manageresources-display-component---newResourceUnit--btnAddTimeSegment","interaction":{"idSuffix":"inner"}},"wdio_ui5_key":"applicationmanageresources-display-component---newResourceUnit--btnAddTimeSegment"}]}
RESULT: undefined
COMMAND: POST /session/85be7df00c2941df1715a768c51ad8f5/element - {"using":"xpath","value":"//*[@id=\"application-manageresources-display-component---newResourceUnit--btnAddTimeSegment\"]"}
RESULT: {}
RESULT: {"using":"xpath","value":"//*[@id=\"application-manageresources-display-component---newResourceUnit--btnAddTimeSegment\"]"}
COMMAND: POST /session/85be7df00c2941df1715a768c51ad8f5/element/f.5D121FC7909F200889B59C01A2F655FF.d.0A4340A3C7AA09FB4E54946D43E1E020.e.17256/click - {}
RESULT: {}
COMMAND: GET /session/85be7df00c2941df1715a768c51ad8f5/screenshot - {}
RESULT: {}
COMMAND: POST /session/85be7df00c2941df1715a768c51ad8f5/element - {"using":"xpath","value":"//input[@id=\"application-manageresources-display-component---newResourceUnit--idRuTSAdmin-application-manageresources-display-component---newResourceUnit--RUTimeSegment-0-inner\"]"}
RESULT: {"using":"xpath","value":"//input[@id=\"application-manageresources-display-component---newResourceUnit--idRuTSAdmin-application-manageresources-display-component---newResourceUnit--RUTimeSegment-0-inner\"]"}
COMMAND: POST /session/85be7df00c2941df1715a768c51ad8f5/element/f.5D121FC7909F200889B59C01A2F655FF.d.0A4340A3C7AA09FB4E54946D43E1E020.e.17261/clear - {}
RESULT: {}
COMMAND: POST /session/85be7df00c2941df1715a768c51ad8f5/element/f.5D121FC7909F200889B59C01A2F655FF.d.0A4340A3C7AA09FB4E54946D43E1E020.e.17261/value - {"text":"228"}
COMMAND: GET /session/85be7df00c2941df1715a768c51ad8f5/screenshot - {}
RESULT: {"text":"228"}
COMMAND: GET /session/85be7df00c2941df1715a768c51ad8f5/screenshot - {}
RESULT: {}
RESULT: {}
COMMAND: POST /session/85be7df00c2941df1715a768c51ad8f5/element - {"using":"xpath","value":"//li[.//span[text()='228']]"}
RESULT: {"using":"xpath","value":"//li[.//span[text()='228']]"}
COMMAND: POST /session/85be7df00c2941df1715a768c51ad8f5/element/f.5D121FC7909F200889B59C01A2F655FF.d.0A4340A3C7AA09FB4E54946D43E1E020.e.17269/click - {}
RESULT: {}
COMMAND: GET /session/85be7df00c2941df1715a768c51ad8f5/screenshot - {}
RESULT: {}
COMMAND: POST /session/85be7df00c2941df1715a768c51ad8f5/element - {"using":"xpath","value":"(//span[contains(@id, \"-application-manageresources-display-component---newResourceUnit--RUTimeSegment-0-arrow\")])[2]"}
RESULT: {"using":"xpath","value":"(//span[contains(@id, \"-application-manageresources-display-component---newResourceUnit--RUTimeSegment-0-arrow\")])[2]"}
COMMAND: POST /session/85be7df00c2941df1715a768c51ad8f5/element/f.5D121FC7909F200889B59C01A2F655FF.d.0A4340A3C7AA09FB4E54946D43E1E020.e.17270/click - {}
RESULT: {}
COMMAND: POST /session/85be7df00c2941df1715a768c51ad8f5/element - {"using":"xpath","value":"//span[contains(text(), \"PM Order\")]"}
COMMAND: GET /session/85be7df00c2941df1715a768c51ad8f5/screenshot - {}
RESULT: {"using":"xpath","value":"//span[contains(text(), \"PM Order\")]"}
COMMAND: POST /session/85be7df00c2941df1715a768c51ad8f5/element/f.5D121FC7909F200889B59C01A2F655FF.d.0A4340A3C7AA09FB4E54946D43E1E020.e.17271/click - {}
RESULT: {}
RESULT: {}
COMMAND: GET /session/85be7df00c2941df1715a768c51ad8f5/screenshot - {}
RESULT: {}
COMMAND: POST /session/85be7df00c2941df1715a768c51ad8f5/element - {"using":"xpath","value":"//td/div/div/div/span[contains(@id, \"newResourceUnit--RUTimeSegment-0-vhi\")][1]"}
RESULT: {"using":"xpath","value":"//td/div/div/div/span[contains(@id, \"newResourceUnit--RUTimeSegment-0-vhi\")][1]"}
COMMAND: GET /session/85be7df00c2941df1715a768c51ad8f5/element/f.5D121FC7909F200889B59C01A2F655FF.d.0A4340A3C7AA09FB4E54946D43E1E020.e.17275/rect - {}
RESULT: {}
COMMAND: GET /session/85be7df00c2941df1715a768c51ad8f5/window/rect - {}
RESULT: {}
COMMAND: POST /session/85be7df00c2941df1715a768c51ad8f5/execute/sync - {"script":"<script> [92 bytes]","args":[]}
RESULT: {"script":"<script> [92 bytes]","args":[]}
COMMAND: POST /session/85be7df00c2941df1715a768c51ad8f5/actions - {"actions":[{"id":"action55","type":"wheel","parameters":{},"actions":[{"type":"scroll","x":-1888,"y":-24,"deltaX":0,"deltaY":0,"duration":0,"origin":{"element-6066-11e4-a52e-4f735466cecf":"f.5D121FC7909F200889B59C01A2F655FF.d.0A4340A3C7AA09FB4E54946D43E1E020.e.17275"}}]}]}
COMMAND: GET /session/85be7df00c2941df1715a768c51ad8f5/screenshot - {}
RESULT: {}
COMMAND: POST /session/85be7df00c2941df1715a768c51ad8f5/execute/sync - {"script":"<script> [79 bytes]","args":[{"element-6066-11e4-a52e-4f735466cecf":"f.5D121FC7909F200889B59C01A2F655FF.d.0A4340A3C7AA09FB4E54946D43E1E020.e.17275","ELEMENT":"f.5D121FC7909F200889B59C01A2F655FF.d.0A4340A3C7AA09FB4E54946D43E1E020.e.17275"},{"block":"start","inline":"nearest"}]}
RESULT: {"script":"<script> [79 bytes]","args":[{"element-6066-11e4-a52e-4f735466cecf":"f.5D121FC7909F200889B59C01A2F655FF.d.0A4340A3C7AA09FB4E54946D43E1E020.e.17275","ELEMENT":"f.5D121FC7909F200889B59C01A2F655FF.d.0A4340A3C7AA09FB4E54946D43E1E020.e.17275"},{"block":"start","inline":"nearest"}]}
COMMAND: GET /session/85be7df00c2941df1715a768c51ad8f5/screenshot - {}
RESULT: {}
COMMAND: POST /session/85be7df00c2941df1715a768c51ad8f5/element/f.5D121FC7909F200889B59C01A2F655FF.d.0A4340A3C7AA09FB4E54946D43E1E020.e.17275/click - {}
RESULT: {}
COMMAND: GET /session/85be7df00c2941df1715a768c51ad8f5/screenshot - {}
RESULT: {}
COMMAND: POST /session/85be7df00c2941df1715a768c51ad8f5/execute/async - {"script":"<script> [1562 bytes]","args":[{"selector":{"controlType":"sap.m.SearchField","properties":{"placeholder":"Search"},"searchOpenDialogs":true,"interaction":{"idSuffix":"I"}},"wdio_ui5_key":"sapm.SearchField{\"placeholder\":\"Search\"}"}]}
RESULT: {"script":"<script> [1562 bytes]","args":[{"selector":{"controlType":"sap.m.SearchField","properties":{"placeholder":"Search"},"searchOpenDialogs":true,"interaction":{"idSuffix":"I"}},"wdio_ui5_key":"sapm.SearchField{\"placeholder\":\"Search\"}"}]}
RESULT: undefined
COMMAND: POST /session/85be7df00c2941df1715a768c51ad8f5/execute/async - {"script":"<script> [776 bytes]","args":[{"enterText":"4000360","selector":{"controlType":"sap.m.SearchField","properties":{"placeholder":"Search"},"searchOpenDialogs":true,"interaction":{"idSuffix":"I"}},"clearTextFirst":true,"interactionType":"ENTER_TEXT"}]}
RESULT: {"script":"<script> [776 bytes]","args":[{"enterText":"4000360","selector":{"controlType":"sap.m.SearchField","properties":{"placeholder":"Search"},"searchOpenDialogs":true,"interaction":{"idSuffix":"I"}},"clearTextFirst":true,"interactionType":"ENTER_TEXT"}]}
COMMAND: POST /session/85be7df00c2941df1715a768c51ad8f5/actions - {"actions":[{"id":"action56","type":"key","parameters":{},"actions":[{"type":"keyDown","value":""},{"type":"pause","duration":10},{"type":"keyUp","value":""}]}]}
RESULT: {"actions":[{"id":"action56","type":"key","parameters":{},"actions":[{"type":"keyDown","value":""},{"type":"pause","duration":10},{"type":"keyUp","value":""}]}]}
COMMAND: GET /session/85be7df00c2941df1715a768c51ad8f5/screenshot - {}
RESULT: {}
COMMAND: POST /session/85be7df00c2941df1715a768c51ad8f5/element - {"using":"xpath","value":"//td/div/span[contains(text(), \"BGL Vehicles\")]"}
RESULT: {"using":"xpath","value":"//td/div/span[contains(text(), \"BGL Vehicles\")]"}
COMMAND: POST /session/85be7df00c2941df1715a768c51ad8f5/element/f.5D121FC7909F200889B59C01A2F655FF.d.0A4340A3C7AA09FB4E54946D43E1E020.e.17297/click - {}
RESULT: {}
COMMAND: GET /session/85be7df00c2941df1715a768c51ad8f5/screenshot - {}
RESULT: {}
COMMAND: POST /session/85be7df00c2941df1715a768c51ad8f5/element - {"using":"xpath","value":"//bdi[contains(text(), \"OK\")]"}
RESULT: {"using":"xpath","value":"//bdi[contains(text(), \"OK\")]"}
COMMAND: POST /session/85be7df00c2941df1715a768c51ad8f5/element/f.5D121FC7909F200889B59C01A2F655FF.d.0A4340A3C7AA09FB4E54946D43E1E020.e.17298/click - {}
RESULT: {}
COMMAND: GET /session/85be7df00c2941df1715a768c51ad8f5/screenshot - {}
RESULT: {}
COMMAND: POST /session/85be7df00c2941df1715a768c51ad8f5/element - {"using":"xpath","value":"//label[contains(@class, 'sapMLabelRequired') and .//bdi[contains(text(), 'Planned Retirement')]]"}
RESULT: {"using":"xpath","value":"//label[contains(@class, 'sapMLabelRequired') and .//bdi[contains(text(), 'Planned Retirement')]]"}
COMMAND: POST /session/85be7df00c2941df1715a768c51ad8f5/elements - {"using":"xpath","value":"//label[contains(@class, 'sapMLabelRequired') and .//bdi[contains(text(), 'Planned Retirement')]]"}
RESULT: {"using":"xpath","value":"//label[contains(@class, 'sapMLabelRequired') and .//bdi[contains(text(), 'Planned Retirement')]]"}
COMMAND: POST /session/85be7df00c2941df1715a768c51ad8f5/element - {"using":"xpath","value":"//button[@data-kt=\"resourceUnitSaveButton\"]"}
RESULT: {"using":"xpath","value":"//button[@data-kt=\"resourceUnitSaveButton\"]"}
COMMAND: POST /session/85be7df00c2941df1715a768c51ad8f5/element/f.5D121FC7909F200889B59C01A2F655FF.d.0A4340A3C7AA09FB4E54946D43E1E020.e.17133/click - {}
RESULT: {}
COMMAND: GET /session/85be7df00c2941df1715a768c51ad8f5/screenshot - {}
RESULT: {}
COMMAND: POST /session/85be7df00c2941df1715a768c51ad8f5/element - {"using":"xpath","value":"//bdi[contains(text(), \"Close\")]"}
RESULT: {"using":"xpath","value":"//bdi[contains(text(), \"Close\")]"}
COMMAND: POST /session/85be7df00c2941df1715a768c51ad8f5/element/f.5D121FC7909F200889B59C01A2F655FF.d.0A4340A3C7AA09FB4E54946D43E1E020.e.17305/click - {}
RESULT: {}
COMMAND: GET /session/85be7df00c2941df1715a768c51ad8f5/screenshot - {}
RESULT: {}
COMMAND: POST /session/85be7df00c2941df1715a768c51ad8f5/element - {"using":"xpath","value":"//header[contains(@id, 'detailRruPage-headerTitle')]/div[1]/div[2]/div[2]/span[1]"}
RESULT: {"using":"xpath","value":"//header[contains(@id, 'detailRruPage-headerTitle')]/div[1]/div[2]/div[2]/span[1]"}
COMMAND: POST /session/85be7df00c2941df1715a768c51ad8f5/elements - {"using":"xpath","value":"//header[contains(@id, 'detailRruPage-headerTitle')]/div[1]/div[2]/div[2]/span[1]"}
RESULT: {"using":"xpath","value":"//header[contains(@id, 'detailRruPage-headerTitle')]/div[1]/div[2]/div[2]/span[1]"}
COMMAND: POST /session/85be7df00c2941df1715a768c51ad8f5/execute/sync - {"script":"<script> [56 bytes]","args":[{"element-6066-11e4-a52e-4f735466cecf":"f.5D121FC7909F200889B59C01A2F655FF.d.0A4340A3C7AA09FB4E54946D43E1E020.e.17335","ELEMENT":"f.5D121FC7909F200889B59C01A2F655FF.d.0A4340A3C7AA09FB4E54946D43E1E020.e.17335"}]}
RESULT: {"script":"<script> [56 bytes]","args":[{"element-6066-11e4-a52e-4f735466cecf":"f.5D121FC7909F200889B59C01A2F655FF.d.0A4340A3C7AA09FB4E54946D43E1E020.e.17335","ELEMENT":"f.5D121FC7909F200889B59C01A2F655FF.d.0A4340A3C7AA09FB4E54946D43E1E020.e.17335"}]}
COMMAND: POST /session/85be7df00c2941df1715a768c51ad8f5/element - {"using":"css selector","value":"#shell-header-logo"}
COMMAND: GET /session/85be7df00c2941df1715a768c51ad8f5/screenshot - {}
RESULT: {"using":"css selector","value":"#shell-header-logo"}
COMMAND: POST /session/85be7df00c2941df1715a768c51ad8f5/element/f.5D121FC7909F200889B59C01A2F655FF.d.0A4340A3C7AA09FB4E54946D43E1E020.e.16792/click - {}
RESULT: {}
RESULT: {}
COMMAND: GET /session/85be7df00c2941df1715a768c51ad8f5/screenshot - {}
RESULT: {}
]]></system-out>
    </testcase>
  </testsuite>
  <testsuite timestamp="2025-05-23T17:13:03" time="358.426" tests="6" failures="2" errors="2" skipped="0">
    <properties>
      <property name="specId" value="0"/>
      <property name="suiteName" value="Provide to Site w/o warehouse management w/o clarification"/>
      <property name="capabilities" value="chrome.136_0_7103_93.windows"/>
      <property name="file" value="file:///D:/a/1/s/test/specs/HTR/provide-to-site-wo-warehouse-wo-clarification.spec.js"/>
    </properties>
    <testcase classname="chrome.136_0_7103_93.windows.Provide_to_Site_w/o_warehouse_management_w/o_clarification" name="Should do a stock increase handover" time="105.311">
      <system-out><![CDATA[
COMMAND: POST /session/85be7df00c2941df1715a768c51ad8f5/execute/async - {"script":"<script> [1562 bytes]","args":[{"selector":{"controlType":"sap.m.GenericTile","properties":{"header":"Manage Handovers"}},"wdio_ui5_key":"sapm.GenericTile{\"header\":\"Manage Handovers\"}"}]}
RESULT: {"script":"<script> [1562 bytes]","args":[{"selector":{"controlType":"sap.m.GenericTile","properties":{"header":"Manage Handovers"}},"wdio_ui5_key":"sapm.GenericTile{\"header\":\"Manage Handovers\"}"}]}
RESULT: undefined
COMMAND: POST /session/85be7df00c2941df1715a768c51ad8f5/element - {"using":"xpath","value":"//*[@id=\"__tile131\"]"}
RESULT: {"using":"xpath","value":"//*[@id=\"__tile131\"]"}
COMMAND: POST /session/85be7df00c2941df1715a768c51ad8f5/element/f.5D121FC7909F200889B59C01A2F655FF.d.0A4340A3C7AA09FB4E54946D43E1E020.e.16843/click - {}
RESULT: {}
COMMAND: GET /session/85be7df00c2941df1715a768c51ad8f5/screenshot - {}
COMMAND: POST /session/85be7df00c2941df1715a768c51ad8f5/elements - {"using":"xpath","value":"//span[text()='Error']"}
RESULT: {}
RESULT: {"using":"xpath","value":"//span[text()='Error']"}
COMMAND: POST /session/85be7df00c2941df1715a768c51ad8f5/element - {"using":"xpath","value":"//button[@data-kt=\"masterHOAddButton\"]"}
RESULT: {"using":"xpath","value":"//button[@data-kt=\"masterHOAddButton\"]"}
COMMAND: POST /session/85be7df00c2941df1715a768c51ad8f5/elements - {"using":"xpath","value":"//button[@data-kt=\"masterHOAddButton\"]"}
RESULT: {"using":"xpath","value":"//button[@data-kt=\"masterHOAddButton\"]"}
COMMAND: POST /session/85be7df00c2941df1715a768c51ad8f5/elements - {"using":"xpath","value":"//button[@data-kt=\"masterHOAddButton\"]"}
RESULT: {"using":"xpath","value":"//button[@data-kt=\"masterHOAddButton\"]"}
COMMAND: POST /session/85be7df00c2941df1715a768c51ad8f5/elements - {"using":"xpath","value":"//button[@data-kt=\"masterHOAddButton\"]"}
RESULT: {"using":"xpath","value":"//button[@data-kt=\"masterHOAddButton\"]"}
COMMAND: POST /session/85be7df00c2941df1715a768c51ad8f5/elements - {"using":"xpath","value":"//button[@data-kt=\"masterHOAddButton\"]"}
RESULT: {"using":"xpath","value":"//button[@data-kt=\"masterHOAddButton\"]"}
COMMAND: POST /session/85be7df00c2941df1715a768c51ad8f5/elements - {"using":"xpath","value":"//button[@data-kt=\"masterHOAddButton\"]"}
RESULT: {"using":"xpath","value":"//button[@data-kt=\"masterHOAddButton\"]"}
COMMAND: POST /session/85be7df00c2941df1715a768c51ad8f5/elements - {"using":"xpath","value":"//button[@data-kt=\"masterHOAddButton\"]"}
RESULT: {"using":"xpath","value":"//button[@data-kt=\"masterHOAddButton\"]"}
COMMAND: POST /session/85be7df00c2941df1715a768c51ad8f5/elements - {"using":"xpath","value":"//button[@data-kt=\"masterHOAddButton\"]"}
RESULT: {"using":"xpath","value":"//button[@data-kt=\"masterHOAddButton\"]"}
COMMAND: POST /session/85be7df00c2941df1715a768c51ad8f5/element - {"using":"xpath","value":"//button[@data-kt=\"masterHOAddButton\"]"}
RESULT: {"using":"xpath","value":"//button[@data-kt=\"masterHOAddButton\"]"}
COMMAND: POST /session/85be7df00c2941df1715a768c51ad8f5/execute/sync - {"script":"<script> [8489 bytes]","args":[{"element-6066-11e4-a52e-4f735466cecf":"f.5D121FC7909F200889B59C01A2F655FF.d.0A4340A3C7AA09FB4E54946D43E1E020.e.17366","ELEMENT":"f.5D121FC7909F200889B59C01A2F655FF.d.0A4340A3C7AA09FB4E54946D43E1E020.e.17366"}]}
RESULT: {"script":"<script> [8489 bytes]","args":[{"element-6066-11e4-a52e-4f735466cecf":"f.5D121FC7909F200889B59C01A2F655FF.d.0A4340A3C7AA09FB4E54946D43E1E020.e.17366","ELEMENT":"f.5D121FC7909F200889B59C01A2F655FF.d.0A4340A3C7AA09FB4E54946D43E1E020.e.17366"}]}
COMMAND: GET /session/85be7df00c2941df1715a768c51ad8f5/element/f.5D121FC7909F200889B59C01A2F655FF.d.0A4340A3C7AA09FB4E54946D43E1E020.e.17366/enabled - {}
COMMAND: GET /session/85be7df00c2941df1715a768c51ad8f5/screenshot - {}
RESULT: {}
COMMAND: POST /session/85be7df00c2941df1715a768c51ad8f5/execute/sync - {"script":"<script> [8489 bytes]","args":[{"element-6066-11e4-a52e-4f735466cecf":"f.5D121FC7909F200889B59C01A2F655FF.d.0A4340A3C7AA09FB4E54946D43E1E020.e.17366","ELEMENT":"f.5D121FC7909F200889B59C01A2F655FF.d.0A4340A3C7AA09FB4E54946D43E1E020.e.17366"}]}
COMMAND: GET /session/85be7df00c2941df1715a768c51ad8f5/screenshot - {}
RESULT: {}
RESULT: {"script":"<script> [8489 bytes]","args":[{"element-6066-11e4-a52e-4f735466cecf":"f.5D121FC7909F200889B59C01A2F655FF.d.0A4340A3C7AA09FB4E54946D43E1E020.e.17366","ELEMENT":"f.5D121FC7909F200889B59C01A2F655FF.d.0A4340A3C7AA09FB4E54946D43E1E020.e.17366"}]}
COMMAND: POST /session/85be7df00c2941df1715a768c51ad8f5/execute/sync - {"script":"<script> [5351 bytes]","args":[{"element-6066-11e4-a52e-4f735466cecf":"f.5D121FC7909F200889B59C01A2F655FF.d.0A4340A3C7AA09FB4E54946D43E1E020.e.17366","ELEMENT":"f.5D121FC7909F200889B59C01A2F655FF.d.0A4340A3C7AA09FB4E54946D43E1E020.e.17366"}]}
COMMAND: GET /session/85be7df00c2941df1715a768c51ad8f5/screenshot - {}
RESULT: {}
RESULT: {"script":"<script> [5351 bytes]","args":[{"element-6066-11e4-a52e-4f735466cecf":"f.5D121FC7909F200889B59C01A2F655FF.d.0A4340A3C7AA09FB4E54946D43E1E020.e.17366","ELEMENT":"f.5D121FC7909F200889B59C01A2F655FF.d.0A4340A3C7AA09FB4E54946D43E1E020.e.17366"}]}
COMMAND: POST /session/85be7df00c2941df1715a768c51ad8f5/element/f.5D121FC7909F200889B59C01A2F655FF.d.0A4340A3C7AA09FB4E54946D43E1E020.e.17366/click - {}
COMMAND: GET /session/85be7df00c2941df1715a768c51ad8f5/screenshot - {}
RESULT: {}
RESULT: {}
COMMAND: GET /session/85be7df00c2941df1715a768c51ad8f5/screenshot - {}
RESULT: {}
RESULT: {}
COMMAND: POST /session/85be7df00c2941df1715a768c51ad8f5/element - {"using":"xpath","value":"//span[contains(@id ,\"AddNewHO--typeSelect-arrow\")]"}
RESULT: {"using":"xpath","value":"//span[contains(@id ,\"AddNewHO--typeSelect-arrow\")]"}
COMMAND: POST /session/85be7df00c2941df1715a768c51ad8f5/element/f.5D121FC7909F200889B59C01A2F655FF.d.0A4340A3C7AA09FB4E54946D43E1E020.e.17730/click - {}
RESULT: {}
COMMAND: GET /session/85be7df00c2941df1715a768c51ad8f5/screenshot - {}
RESULT: {}
COMMAND: POST /session/85be7df00c2941df1715a768c51ad8f5/element - {"using":"xpath","value":"(//li[contains(text(), \"stock increase yard\")])[1]"}
RESULT: {"using":"xpath","value":"(//li[contains(text(), \"stock increase yard\")])[1]"}
COMMAND: POST /session/85be7df00c2941df1715a768c51ad8f5/element/f.5D121FC7909F200889B59C01A2F655FF.d.0A4340A3C7AA09FB4E54946D43E1E020.e.17731/click - {}
RESULT: {}
COMMAND: GET /session/85be7df00c2941df1715a768c51ad8f5/screenshot - {}
RESULT: {}
COMMAND: POST /session/85be7df00c2941df1715a768c51ad8f5/execute/async - {"script":"<script> [1562 bytes]","args":[{"selector":{"id":"application-managehandovers-display-component---AddNewHO--dueDate","interaction":{"idSuffix":"inner"}},"wdio_ui5_key":"applicationmanagehandovers-display-component---AddNewHO--dueDate"}]}
RESULT: {"script":"<script> [1562 bytes]","args":[{"selector":{"id":"application-managehandovers-display-component---AddNewHO--dueDate","interaction":{"idSuffix":"inner"}},"wdio_ui5_key":"applicationmanagehandovers-display-component---AddNewHO--dueDate"}]}
RESULT: undefined
COMMAND: POST /session/85be7df00c2941df1715a768c51ad8f5/execute/async - {"script":"<script> [6424 bytes]","args":[{"element-6066-11e4-a52e-4f735466cecf":"f.5D121FC7909F200889B59C01A2F655FF.d.0A4340A3C7AA09FB4E54946D43E1E020.e.17733"},"setValue",["5/23/25"]]}
RESULT: {"script":"<script> [6424 bytes]","args":[{"element-6066-11e4-a52e-4f735466cecf":"f.5D121FC7909F200889B59C01A2F655FF.d.0A4340A3C7AA09FB4E54946D43E1E020.e.17733"},"setValue",["5/23/25"]]}
COMMAND: POST /session/85be7df00c2941df1715a768c51ad8f5/element - {"using":"xpath","value":"//input[@id=\"generalSectionFrg--receiveYard-inner\"]"}
RESULT: {"using":"xpath","value":"//input[@id=\"generalSectionFrg--receiveYard-inner\"]"}
COMMAND: POST /session/85be7df00c2941df1715a768c51ad8f5/element/f.5D121FC7909F200889B59C01A2F655FF.d.0A4340A3C7AA09FB4E54946D43E1E020.e.17739/clear - {}
RESULT: {}
COMMAND: POST /session/85be7df00c2941df1715a768c51ad8f5/element/f.5D121FC7909F200889B59C01A2F655FF.d.0A4340A3C7AA09FB4E54946D43E1E020.e.17739/value - {"text":"228"}
COMMAND: GET /session/85be7df00c2941df1715a768c51ad8f5/screenshot - {}
RESULT: {"text":"228"}
COMMAND: GET /session/85be7df00c2941df1715a768c51ad8f5/screenshot - {}
RESULT: {}
RESULT: {}
COMMAND: POST /session/85be7df00c2941df1715a768c51ad8f5/element - {"using":"xpath","value":"//li[.//span[text()='228']]"}
RESULT: {"using":"xpath","value":"//li[.//span[text()='228']]"}
COMMAND: POST /session/85be7df00c2941df1715a768c51ad8f5/element/f.5D121FC7909F200889B59C01A2F655FF.d.0A4340A3C7AA09FB4E54946D43E1E020.e.17755/click - {}
RESULT: {}
COMMAND: GET /session/85be7df00c2941df1715a768c51ad8f5/screenshot - {}
RESULT: {}
COMMAND: POST /session/85be7df00c2941df1715a768c51ad8f5/execute/async - {"script":"<script> [1562 bytes]","args":[{"selector":{"id":"application-managehandovers-display-component---AddNewHO--ObjectPageLayout-anchBar-application-managehandovers-display-component---AddNewHO--section4-anchor","interaction":{"idSuffix":"BDI-content"}},"wdio_ui5_key":"applicationmanagehandovers-display-component---AddNewHO--ObjectPageLayout-anchBar-application-managehandovers-display-component---AddNewHO--section4-anchor"}]}
RESULT: {"script":"<script> [1562 bytes]","args":[{"selector":{"id":"application-managehandovers-display-component---AddNewHO--ObjectPageLayout-anchBar-application-managehandovers-display-component---AddNewHO--section4-anchor","interaction":{"idSuffix":"BDI-content"}},"wdio_ui5_key":"applicationmanagehandovers-display-component---AddNewHO--ObjectPageLayout-anchBar-application-managehandovers-display-component---AddNewHO--section4-anchor"}]}
RESULT: undefined
COMMAND: POST /session/85be7df00c2941df1715a768c51ad8f5/element - {"using":"xpath","value":"//*[@id=\"application-managehandovers-display-component---AddNewHO--ObjectPageLayout-anchBar-application-managehandovers-display-component---AddNewHO--section4-anchor\"]"}
RESULT: {"using":"xpath","value":"//*[@id=\"application-managehandovers-display-component---AddNewHO--ObjectPageLayout-anchBar-application-managehandovers-display-component---AddNewHO--section4-anchor\"]"}
COMMAND: POST /session/85be7df00c2941df1715a768c51ad8f5/element/f.5D121FC7909F200889B59C01A2F655FF.d.0A4340A3C7AA09FB4E54946D43E1E020.e.17757/click - {}
RESULT: {}
COMMAND: POST /session/85be7df00c2941df1715a768c51ad8f5/element - {"using":"xpath","value":"//button[@aria-label=\"Add\"]"}
COMMAND: GET /session/85be7df00c2941df1715a768c51ad8f5/screenshot - {}
RESULT: {"using":"xpath","value":"//button[@aria-label=\"Add\"]"}
COMMAND: POST /session/85be7df00c2941df1715a768c51ad8f5/element/f.5D121FC7909F200889B59C01A2F655FF.d.0A4340A3C7AA09FB4E54946D43E1E020.e.17759/click - {}
RESULT: {}
RESULT: {}
COMMAND: GET /session/85be7df00c2941df1715a768c51ad8f5/screenshot - {}
RESULT: {}
COMMAND: POST /session/85be7df00c2941df1715a768c51ad8f5/execute/async - {"script":"<script> [1562 bytes]","args":[{"selector":{"id":"application-managehandovers-display-component---AddNewHO--smartFilterBar-btnBasicSearch","searchOpenDialogs":true,"interaction":{"idSuffix":"I"}},"wdio_ui5_key":"applicationmanagehandovers-display-component---AddNewHO--smartFilterBar-btnBasicSearch"}]}
RESULT: {"script":"<script> [1562 bytes]","args":[{"selector":{"id":"application-managehandovers-display-component---AddNewHO--smartFilterBar-btnBasicSearch","searchOpenDialogs":true,"interaction":{"idSuffix":"I"}},"wdio_ui5_key":"applicationmanagehandovers-display-component---AddNewHO--smartFilterBar-btnBasicSearch"}]}
RESULT: undefined
COMMAND: POST /session/85be7df00c2941df1715a768c51ad8f5/execute/async - {"script":"<script> [776 bytes]","args":[{"enterText":"200096","selector":{"id":"application-managehandovers-display-component---AddNewHO--smartFilterBar-btnBasicSearch","searchOpenDialogs":true,"interaction":{"idSuffix":"I"}},"clearTextFirst":true,"interactionType":"ENTER_TEXT"}]}
RESULT: {"script":"<script> [776 bytes]","args":[{"enterText":"200096","selector":{"id":"application-managehandovers-display-component---AddNewHO--smartFilterBar-btnBasicSearch","searchOpenDialogs":true,"interaction":{"idSuffix":"I"}},"clearTextFirst":true,"interactionType":"ENTER_TEXT"}]}
COMMAND: POST /session/85be7df00c2941df1715a768c51ad8f5/actions - {"actions":[{"id":"action57","type":"key","parameters":{},"actions":[{"type":"keyDown","value":""},{"type":"pause","duration":10},{"type":"keyUp","value":""}]}]}
RESULT: {"actions":[{"id":"action57","type":"key","parameters":{},"actions":[{"type":"keyDown","value":""},{"type":"pause","duration":10},{"type":"keyUp","value":""}]}]}
COMMAND: GET /session/85be7df00c2941df1715a768c51ad8f5/screenshot - {}
RESULT: {}
COMMAND: POST /session/85be7df00c2941df1715a768c51ad8f5/execute/async - {"script":"<script> [1562 bytes]","args":[{"selector":{"id":"application-managehandovers-display-component---AddNewHO--popup-sa","searchOpenDialogs":true,"interaction":{"idSuffix":"CbBg"}},"wdio_ui5_key":"applicationmanagehandovers-display-component---AddNewHO--popup-sa"}]}
RESULT: {"script":"<script> [1562 bytes]","args":[{"selector":{"id":"application-managehandovers-display-component---AddNewHO--popup-sa","searchOpenDialogs":true,"interaction":{"idSuffix":"CbBg"}},"wdio_ui5_key":"applicationmanagehandovers-display-component---AddNewHO--popup-sa"}]}
RESULT: undefined
COMMAND: POST /session/85be7df00c2941df1715a768c51ad8f5/element - {"using":"xpath","value":"//*[@id=\"application-managehandovers-display-component---AddNewHO--popup-sa\"]"}
RESULT: {"using":"xpath","value":"//*[@id=\"application-managehandovers-display-component---AddNewHO--popup-sa\"]"}
COMMAND: POST /session/85be7df00c2941df1715a768c51ad8f5/element/f.5D121FC7909F200889B59C01A2F655FF.d.0A4340A3C7AA09FB4E54946D43E1E020.e.17915/click - {}
RESULT: {}
COMMAND: GET /session/85be7df00c2941df1715a768c51ad8f5/screenshot - {}
RESULT: {}
COMMAND: POST /session/85be7df00c2941df1715a768c51ad8f5/element - {"using":"xpath","value":"//bdi[contains(text(), \"Select\")]"}
RESULT: {"using":"xpath","value":"//bdi[contains(text(), \"Select\")]"}
COMMAND: POST /session/85be7df00c2941df1715a768c51ad8f5/element/f.5D121FC7909F200889B59C01A2F655FF.d.0A4340A3C7AA09FB4E54946D43E1E020.e.17916/click - {}
RESULT: {}
COMMAND: GET /session/85be7df00c2941df1715a768c51ad8f5/screenshot - {}
RESULT: {}
COMMAND: POST /session/85be7df00c2941df1715a768c51ad8f5/element - {"using":"xpath","value":"//button[@data-kt=\"AddNewHOSaveButton\"]"}
RESULT: {"using":"xpath","value":"//button[@data-kt=\"AddNewHOSaveButton\"]"}
COMMAND: POST /session/85be7df00c2941df1715a768c51ad8f5/element/f.5D121FC7909F200889B59C01A2F655FF.d.0A4340A3C7AA09FB4E54946D43E1E020.e.17920/click - {}
RESULT: {}
COMMAND: GET /session/85be7df00c2941df1715a768c51ad8f5/screenshot - {}
COMMAND: POST /session/85be7df00c2941df1715a768c51ad8f5/execute/async - {"script":"<script> [1562 bytes]","args":[{"selector":{"id":"receiptDatePicker","viewName":"etm.portal.ui.managehandovers.view.DetailExecuteHO","interaction":{"idSuffix":"inner"}},"wdio_ui5_key":"receiptDatePickeretmportal.ui.managehandovers.view.DetailExecuteHO"}]}
RESULT: {}
RESULT: {"script":"<script> [1562 bytes]","args":[{"selector":{"id":"receiptDatePicker","viewName":"etm.portal.ui.managehandovers.view.DetailExecuteHO","interaction":{"idSuffix":"inner"}},"wdio_ui5_key":"receiptDatePickeretmportal.ui.managehandovers.view.DetailExecuteHO"}]}
RESULT: undefined
COMMAND: POST /session/85be7df00c2941df1715a768c51ad8f5/execute/async - {"script":"<script> [6424 bytes]","args":[{"element-6066-11e4-a52e-4f735466cecf":"f.5D121FC7909F200889B59C01A2F655FF.d.0A4340A3C7AA09FB4E54946D43E1E020.e.17951"},"setValue",["5/23/25"]]}
RESULT: {"script":"<script> [6424 bytes]","args":[{"element-6066-11e4-a52e-4f735466cecf":"f.5D121FC7909F200889B59C01A2F655FF.d.0A4340A3C7AA09FB4E54946D43E1E020.e.17951"},"setValue",["5/23/25"]]}
COMMAND: POST /session/85be7df00c2941df1715a768c51ad8f5/element - {"using":"xpath","value":"//button[@data-kt=\"ReceivingTableConfirmAllButton\"]"}
RESULT: {"using":"xpath","value":"//button[@data-kt=\"ReceivingTableConfirmAllButton\"]"}
COMMAND: POST /session/85be7df00c2941df1715a768c51ad8f5/element/f.5D121FC7909F200889B59C01A2F655FF.d.0A4340A3C7AA09FB4E54946D43E1E020.e.17966/click - {}
RESULT: {}
COMMAND: GET /session/85be7df00c2941df1715a768c51ad8f5/screenshot - {}
RESULT: {}
COMMAND: POST /session/85be7df00c2941df1715a768c51ad8f5/element - {"using":"xpath","value":"//bdi[contains(text(), \"OK\")]"}
RESULT: {"using":"xpath","value":"//bdi[contains(text(), \"OK\")]"}
COMMAND: POST /session/85be7df00c2941df1715a768c51ad8f5/element/f.5D121FC7909F200889B59C01A2F655FF.d.0A4340A3C7AA09FB4E54946D43E1E020.e.17968/click - {}
RESULT: {}
COMMAND: GET /session/85be7df00c2941df1715a768c51ad8f5/screenshot - {}
RESULT: {}
COMMAND: POST /session/85be7df00c2941df1715a768c51ad8f5/element - {"using":"xpath","value":"(//bdi[contains(text(), \"Receive\")])[2]"}
RESULT: {"using":"xpath","value":"(//bdi[contains(text(), \"Receive\")])[2]"}
COMMAND: POST /session/85be7df00c2941df1715a768c51ad8f5/element/f.5D121FC7909F200889B59C01A2F655FF.d.0A4340A3C7AA09FB4E54946D43E1E020.e.17970/click - {}
RESULT: {}
COMMAND: GET /session/85be7df00c2941df1715a768c51ad8f5/screenshot - {}
RESULT: {}
COMMAND: POST /session/85be7df00c2941df1715a768c51ad8f5/element - {"using":"css selector","value":"#shell-header-logo"}
RESULT: {"using":"css selector","value":"#shell-header-logo"}
COMMAND: POST /session/85be7df00c2941df1715a768c51ad8f5/element/f.5D121FC7909F200889B59C01A2F655FF.d.0A4340A3C7AA09FB4E54946D43E1E020.e.17338/click - {}
RESULT: {}
COMMAND: GET /session/85be7df00c2941df1715a768c51ad8f5/screenshot - {}
RESULT: {}
]]></system-out>
    </testcase>
    <testcase classname="chrome.136_0_7103_93.windows.Provide_to_Site_w/o_warehouse_management_w/o_clarification" name="Should create a new contract" time="63.705">
      <system-out><![CDATA[
COMMAND: POST /session/85be7df00c2941df1715a768c51ad8f5/execute/async - {"script":"<script> [1562 bytes]","args":[{"selector":{"controlType":"sap.m.GenericTile","properties":{"header":"Manage Contracts"}},"wdio_ui5_key":"sapm.GenericTile{\"header\":\"Manage Contracts\"}"}]}
RESULT: {"script":"<script> [1562 bytes]","args":[{"selector":{"controlType":"sap.m.GenericTile","properties":{"header":"Manage Contracts"}},"wdio_ui5_key":"sapm.GenericTile{\"header\":\"Manage Contracts\"}"}]}
RESULT: undefined
COMMAND: POST /session/85be7df00c2941df1715a768c51ad8f5/element - {"using":"xpath","value":"//*[@id=\"__tile130\"]"}
RESULT: {"using":"xpath","value":"//*[@id=\"__tile130\"]"}
COMMAND: POST /session/85be7df00c2941df1715a768c51ad8f5/element/f.5D121FC7909F200889B59C01A2F655FF.d.0A4340A3C7AA09FB4E54946D43E1E020.e.16832/click - {}
RESULT: {}
COMMAND: GET /session/85be7df00c2941df1715a768c51ad8f5/screenshot - {}
RESULT: {}
COMMAND: POST /session/85be7df00c2941df1715a768c51ad8f5/elements - {"using":"xpath","value":"//span[text()='Error']"}
RESULT: {"using":"xpath","value":"//span[text()='Error']"}
COMMAND: POST /session/85be7df00c2941df1715a768c51ad8f5/element - {"using":"xpath","value":"//button[@data-kt=\"addButton\"]"}
RESULT: {"using":"xpath","value":"//button[@data-kt=\"addButton\"]"}
COMMAND: POST /session/85be7df00c2941df1715a768c51ad8f5/elements - {"using":"xpath","value":"//button[@data-kt=\"addButton\"]"}
RESULT: {"using":"xpath","value":"//button[@data-kt=\"addButton\"]"}
COMMAND: POST /session/85be7df00c2941df1715a768c51ad8f5/execute/sync - {"script":"<script> [8489 bytes]","args":[{"element-6066-11e4-a52e-4f735466cecf":"f.5D121FC7909F200889B59C01A2F655FF.d.0A4340A3C7AA09FB4E54946D43E1E020.e.18190","ELEMENT":"f.5D121FC7909F200889B59C01A2F655FF.d.0A4340A3C7AA09FB4E54946D43E1E020.e.18190"}]}
RESULT: {"script":"<script> [8489 bytes]","args":[{"element-6066-11e4-a52e-4f735466cecf":"f.5D121FC7909F200889B59C01A2F655FF.d.0A4340A3C7AA09FB4E54946D43E1E020.e.18190","ELEMENT":"f.5D121FC7909F200889B59C01A2F655FF.d.0A4340A3C7AA09FB4E54946D43E1E020.e.18190"}]}
COMMAND: GET /session/85be7df00c2941df1715a768c51ad8f5/element/f.5D121FC7909F200889B59C01A2F655FF.d.0A4340A3C7AA09FB4E54946D43E1E020.e.18190/enabled - {}
COMMAND: GET /session/85be7df00c2941df1715a768c51ad8f5/screenshot - {}
RESULT: {}
COMMAND: POST /session/85be7df00c2941df1715a768c51ad8f5/execute/sync - {"script":"<script> [8489 bytes]","args":[{"element-6066-11e4-a52e-4f735466cecf":"f.5D121FC7909F200889B59C01A2F655FF.d.0A4340A3C7AA09FB4E54946D43E1E020.e.18190","ELEMENT":"f.5D121FC7909F200889B59C01A2F655FF.d.0A4340A3C7AA09FB4E54946D43E1E020.e.18190"}]}
COMMAND: GET /session/85be7df00c2941df1715a768c51ad8f5/screenshot - {}
RESULT: {}
RESULT: {"script":"<script> [8489 bytes]","args":[{"element-6066-11e4-a52e-4f735466cecf":"f.5D121FC7909F200889B59C01A2F655FF.d.0A4340A3C7AA09FB4E54946D43E1E020.e.18190","ELEMENT":"f.5D121FC7909F200889B59C01A2F655FF.d.0A4340A3C7AA09FB4E54946D43E1E020.e.18190"}]}
COMMAND: POST /session/85be7df00c2941df1715a768c51ad8f5/execute/sync - {"script":"<script> [5351 bytes]","args":[{"element-6066-11e4-a52e-4f735466cecf":"f.5D121FC7909F200889B59C01A2F655FF.d.0A4340A3C7AA09FB4E54946D43E1E020.e.18190","ELEMENT":"f.5D121FC7909F200889B59C01A2F655FF.d.0A4340A3C7AA09FB4E54946D43E1E020.e.18190"}]}
COMMAND: GET /session/85be7df00c2941df1715a768c51ad8f5/screenshot - {}
RESULT: {}
RESULT: {"script":"<script> [5351 bytes]","args":[{"element-6066-11e4-a52e-4f735466cecf":"f.5D121FC7909F200889B59C01A2F655FF.d.0A4340A3C7AA09FB4E54946D43E1E020.e.18190","ELEMENT":"f.5D121FC7909F200889B59C01A2F655FF.d.0A4340A3C7AA09FB4E54946D43E1E020.e.18190"}]}
COMMAND: GET /session/85be7df00c2941df1715a768c51ad8f5/screenshot - {}
RESULT: {}
RESULT: {}
COMMAND: POST /session/85be7df00c2941df1715a768c51ad8f5/element/f.5D121FC7909F200889B59C01A2F655FF.d.0A4340A3C7AA09FB4E54946D43E1E020.e.18190/click - {}
RESULT: {}
COMMAND: GET /session/85be7df00c2941df1715a768c51ad8f5/screenshot - {}
RESULT: {}
COMMAND: POST /session/85be7df00c2941df1715a768c51ad8f5/execute/async - {"script":"<script> [1562 bytes]","args":[{"selector":{"id":"application-managecontracts-display-component---AddNewContract--projectDescription","interaction":{"idSuffix":"inner"}},"wdio_ui5_key":"applicationmanagecontracts-display-component---AddNewContract--projectDescription"}]}
RESULT: {"script":"<script> [1562 bytes]","args":[{"selector":{"id":"application-managecontracts-display-component---AddNewContract--projectDescription","interaction":{"idSuffix":"inner"}},"wdio_ui5_key":"applicationmanagecontracts-display-component---AddNewContract--projectDescription"}]}
RESULT: undefined
COMMAND: POST /session/85be7df00c2941df1715a768c51ad8f5/execute/async - {"script":"<script> [776 bytes]","args":[{"enterText":"Contract WDIO","selector":{"id":"application-managecontracts-display-component---AddNewContract--projectDescription","interaction":{"idSuffix":"inner"}},"clearTextFirst":true,"interactionType":"ENTER_TEXT"}]}
RESULT: {"script":"<script> [776 bytes]","args":[{"enterText":"Contract WDIO","selector":{"id":"application-managecontracts-display-component---AddNewContract--projectDescription","interaction":{"idSuffix":"inner"}},"clearTextFirst":true,"interactionType":"ENTER_TEXT"}]}
COMMAND: POST /session/85be7df00c2941df1715a768c51ad8f5/element - {"using":"xpath","value":"//input[@id=\"application-managecontracts-display-component---AddNewContract--site-inner\"]"}
RESULT: {"using":"xpath","value":"//input[@id=\"application-managecontracts-display-component---AddNewContract--site-inner\"]"}
COMMAND: POST /session/85be7df00c2941df1715a768c51ad8f5/element/f.5D121FC7909F200889B59C01A2F655FF.d.0A4340A3C7AA09FB4E54946D43E1E020.e.18510/clear - {}
RESULT: {}
COMMAND: POST /session/85be7df00c2941df1715a768c51ad8f5/element/f.5D121FC7909F200889B59C01A2F655FF.d.0A4340A3C7AA09FB4E54946D43E1E020.e.18510/value - {"text":"2079"}
COMMAND: GET /session/85be7df00c2941df1715a768c51ad8f5/screenshot - {}
RESULT: {"text":"2079"}
COMMAND: GET /session/85be7df00c2941df1715a768c51ad8f5/screenshot - {}
RESULT: {}
RESULT: {}
COMMAND: POST /session/85be7df00c2941df1715a768c51ad8f5/element - {"using":"xpath","value":"//li[.//span[text()='2079']]"}
RESULT: {"using":"xpath","value":"//li[.//span[text()='2079']]"}
COMMAND: POST /session/85be7df00c2941df1715a768c51ad8f5/element/f.5D121FC7909F200889B59C01A2F655FF.d.0A4340A3C7AA09FB4E54946D43E1E020.e.18592/click - {}
RESULT: {}
COMMAND: GET /session/85be7df00c2941df1715a768c51ad8f5/screenshot - {}
RESULT: {}
COMMAND: POST /session/85be7df00c2941df1715a768c51ad8f5/element - {"using":"xpath","value":"//input[@id=\"application-managecontracts-display-component---AddNewContract--yardId-inner\"]"}
RESULT: {"using":"xpath","value":"//input[@id=\"application-managecontracts-display-component---AddNewContract--yardId-inner\"]"}
COMMAND: GET /session/85be7df00c2941df1715a768c51ad8f5/element/f.5D121FC7909F200889B59C01A2F655FF.d.0A4340A3C7AA09FB4E54946D43E1E020.e.18511/property/value - {}
RESULT: {}
COMMAND: POST /session/85be7df00c2941df1715a768c51ad8f5/element - {"using":"xpath","value":"//input[@id=\"application-managecontracts-display-component---AddNewContract--customerSelect-inner\"]"}
COMMAND: GET /session/85be7df00c2941df1715a768c51ad8f5/screenshot - {}
RESULT: {"using":"xpath","value":"//input[@id=\"application-managecontracts-display-component---AddNewContract--customerSelect-inner\"]"}
COMMAND: POST /session/85be7df00c2941df1715a768c51ad8f5/element/f.5D121FC7909F200889B59C01A2F655FF.d.0A4340A3C7AA09FB4E54946D43E1E020.e.18509/clear - {}
RESULT: {}
RESULT: {}
COMMAND: POST /session/85be7df00c2941df1715a768c51ad8f5/element/f.5D121FC7909F200889B59C01A2F655FF.d.0A4340A3C7AA09FB4E54946D43E1E020.e.18509/value - {"text":"1079"}
COMMAND: GET /session/85be7df00c2941df1715a768c51ad8f5/screenshot - {}
RESULT: {"text":"1079"}
COMMAND: GET /session/85be7df00c2941df1715a768c51ad8f5/screenshot - {}
RESULT: {}
RESULT: {}
COMMAND: POST /session/85be7df00c2941df1715a768c51ad8f5/element - {"using":"xpath","value":"//li[.//span[text()='1079']]"}
RESULT: {"using":"xpath","value":"//li[.//span[text()='1079']]"}
COMMAND: POST /session/85be7df00c2941df1715a768c51ad8f5/element/f.5D121FC7909F200889B59C01A2F655FF.d.0A4340A3C7AA09FB4E54946D43E1E020.e.18595/click - {}
RESULT: {}
COMMAND: GET /session/85be7df00c2941df1715a768c51ad8f5/screenshot - {}
RESULT: {}
COMMAND: POST /session/85be7df00c2941df1715a768c51ad8f5/element - {"using":"xpath","value":"//button[@data-kt=\"saveButton\"]"}
RESULT: {"using":"xpath","value":"//button[@data-kt=\"saveButton\"]"}
COMMAND: POST /session/85be7df00c2941df1715a768c51ad8f5/element/f.5D121FC7909F200889B59C01A2F655FF.d.0A4340A3C7AA09FB4E54946D43E1E020.e.18585/click - {}
RESULT: {}
COMMAND: GET /session/85be7df00c2941df1715a768c51ad8f5/screenshot - {}
RESULT: {}
COMMAND: POST /session/85be7df00c2941df1715a768c51ad8f5/element - {"using":"xpath","value":"//span[contains(@id ,\"contractDetailTitleNoExpanded\")]"}
RESULT: {"using":"xpath","value":"//span[contains(@id ,\"contractDetailTitleNoExpanded\")]"}
COMMAND: POST /session/85be7df00c2941df1715a768c51ad8f5/elements - {"using":"xpath","value":"//span[contains(@id ,\"contractDetailTitleNoExpanded\")]"}
RESULT: {"using":"xpath","value":"//span[contains(@id ,\"contractDetailTitleNoExpanded\")]"}
COMMAND: POST /session/85be7df00c2941df1715a768c51ad8f5/execute/sync - {"script":"<script> [56 bytes]","args":[{"element-6066-11e4-a52e-4f735466cecf":"f.5D121FC7909F200889B59C01A2F655FF.d.0A4340A3C7AA09FB4E54946D43E1E020.e.18667","ELEMENT":"f.5D121FC7909F200889B59C01A2F655FF.d.0A4340A3C7AA09FB4E54946D43E1E020.e.18667"}]}
RESULT: {"script":"<script> [56 bytes]","args":[{"element-6066-11e4-a52e-4f735466cecf":"f.5D121FC7909F200889B59C01A2F655FF.d.0A4340A3C7AA09FB4E54946D43E1E020.e.18667","ELEMENT":"f.5D121FC7909F200889B59C01A2F655FF.d.0A4340A3C7AA09FB4E54946D43E1E020.e.18667"}]}
COMMAND: GET /session/85be7df00c2941df1715a768c51ad8f5/screenshot - {}
RESULT: {}
]]></system-out>
    </testcase>
    <testcase classname="chrome.136_0_7103_93.windows.Provide_to_Site_w/o_warehouse_management_w/o_clarification" name="Should add equipment to the contract" time="57.562">
      <system-out><![CDATA[
COMMAND: POST /session/85be7df00c2941df1715a768c51ad8f5/element - {"using":"xpath","value":"//button[@data-kt=\"contractDetailEditBtnButton\"]"}
RESULT: {"using":"xpath","value":"//button[@data-kt=\"contractDetailEditBtnButton\"]"}
COMMAND: POST /session/85be7df00c2941df1715a768c51ad8f5/element/f.5D121FC7909F200889B59C01A2F655FF.d.0A4340A3C7AA09FB4E54946D43E1E020.e.18669/click - {}
RESULT: {}
COMMAND: GET /session/85be7df00c2941df1715a768c51ad8f5/screenshot - {}
RESULT: {}
COMMAND: POST /session/85be7df00c2941df1715a768c51ad8f5/element - {"using":"xpath","value":"(//span[contains(text(), \"Additional Addresses\")])[2]"}
RESULT: {"using":"xpath","value":"(//span[contains(text(), \"Additional Addresses\")])[2]"}
COMMAND: POST /session/85be7df00c2941df1715a768c51ad8f5/element/f.5D121FC7909F200889B59C01A2F655FF.d.0A4340A3C7AA09FB4E54946D43E1E020.e.18725/click - {}
RESULT: {}
COMMAND: GET /session/85be7df00c2941df1715a768c51ad8f5/screenshot - {}
RESULT: {}
COMMAND: POST /session/85be7df00c2941df1715a768c51ad8f5/element - {"using":"xpath","value":"//button[@data-kt=\"btnAddTableRowOverflowToolbarButton\"]"}
RESULT: {"using":"xpath","value":"//button[@data-kt=\"btnAddTableRowOverflowToolbarButton\"]"}
COMMAND: POST /session/85be7df00c2941df1715a768c51ad8f5/element/f.5D121FC7909F200889B59C01A2F655FF.d.0A4340A3C7AA09FB4E54946D43E1E020.e.18727/click - {}
RESULT: {}
COMMAND: GET /session/85be7df00c2941df1715a768c51ad8f5/screenshot - {}
RESULT: {}
COMMAND: POST /session/85be7df00c2941df1715a768c51ad8f5/element - {"using":"xpath","value":"//div[(text() = 'Standard Entry' or . = 'Standard Entry')]"}
RESULT: {"using":"xpath","value":"//div[(text() = 'Standard Entry' or . = 'Standard Entry')]"}
COMMAND: POST /session/85be7df00c2941df1715a768c51ad8f5/element/f.5D121FC7909F200889B59C01A2F655FF.d.0A4340A3C7AA09FB4E54946D43E1E020.e.18729/click - {}
RESULT: {}
COMMAND: GET /session/85be7df00c2941df1715a768c51ad8f5/screenshot - {}
RESULT: {}
COMMAND: POST /session/85be7df00c2941df1715a768c51ad8f5/element - {"using":"xpath","value":"//td[6]/div/div/div/span"}
RESULT: {"using":"xpath","value":"//td[6]/div/div/div/span"}
COMMAND: POST /session/85be7df00c2941df1715a768c51ad8f5/element/f.5D121FC7909F200889B59C01A2F655FF.d.0A4340A3C7AA09FB4E54946D43E1E020.e.18741/click - {}
RESULT: {}
COMMAND: GET /session/85be7df00c2941df1715a768c51ad8f5/screenshot - {}
RESULT: {}
COMMAND: POST /session/85be7df00c2941df1715a768c51ad8f5/element - {"using":"xpath","value":"(//span[contains(text(), \"Material\")])"}
RESULT: {"using":"xpath","value":"(//span[contains(text(), \"Material\")])"}
COMMAND: POST /session/85be7df00c2941df1715a768c51ad8f5/element/f.5D121FC7909F200889B59C01A2F655FF.d.0A4340A3C7AA09FB4E54946D43E1E020.e.18742/click - {}
RESULT: {}
COMMAND: GET /session/85be7df00c2941df1715a768c51ad8f5/screenshot - {}
RESULT: {}
COMMAND: POST /session/85be7df00c2941df1715a768c51ad8f5/element - {"using":"xpath","value":"//td[7]/div/div/input"}
RESULT: {"using":"xpath","value":"//td[7]/div/div/input"}
COMMAND: POST /session/85be7df00c2941df1715a768c51ad8f5/element/f.5D121FC7909F200889B59C01A2F655FF.d.0A4340A3C7AA09FB4E54946D43E1E020.e.18746/clear - {}
RESULT: {}
COMMAND: POST /session/85be7df00c2941df1715a768c51ad8f5/element/f.5D121FC7909F200889B59C01A2F655FF.d.0A4340A3C7AA09FB4E54946D43E1E020.e.18746/value - {"text":"200096"}
COMMAND: GET /session/85be7df00c2941df1715a768c51ad8f5/screenshot - {}
RESULT: {"text":"200096"}
COMMAND: GET /session/85be7df00c2941df1715a768c51ad8f5/screenshot - {}
RESULT: {}
RESULT: {}
COMMAND: POST /session/85be7df00c2941df1715a768c51ad8f5/actions - {"actions":[{"id":"action58","type":"key","parameters":{},"actions":[{"type":"keyDown","value":""},{"type":"pause","duration":10},{"type":"keyUp","value":""}]}]}
RESULT: {"actions":[{"id":"action58","type":"key","parameters":{},"actions":[{"type":"keyDown","value":""},{"type":"pause","duration":10},{"type":"keyUp","value":""}]}]}
COMMAND: GET /session/85be7df00c2941df1715a768c51ad8f5/screenshot - {}
RESULT: {}
COMMAND: POST /session/85be7df00c2941df1715a768c51ad8f5/execute/sync - {"script":"<script> [276 bytes]","args":["No pricing information was found"]}
RESULT: {"script":"<script> [276 bytes]","args":["No pricing information was found"]}
COMMAND: POST /session/85be7df00c2941df1715a768c51ad8f5/element - {"using":"xpath","value":"//bdi[contains(text(), \"OK\")]"}
COMMAND: GET /session/85be7df00c2941df1715a768c51ad8f5/screenshot - {}
RESULT: {"using":"xpath","value":"//bdi[contains(text(), \"OK\")]"}
COMMAND: POST /session/85be7df00c2941df1715a768c51ad8f5/element/f.5D121FC7909F200889B59C01A2F655FF.d.0A4340A3C7AA09FB4E54946D43E1E020.e.18772/click - {}
RESULT: {}
RESULT: {}
COMMAND: GET /session/85be7df00c2941df1715a768c51ad8f5/screenshot - {}
RESULT: {}
COMMAND: POST /session/85be7df00c2941df1715a768c51ad8f5/element - {"using":"xpath","value":"(//button[@data-kt=\"saveButton\"])[2]"}
RESULT: {"using":"xpath","value":"(//button[@data-kt=\"saveButton\"])[2]"}
COMMAND: POST /session/85be7df00c2941df1715a768c51ad8f5/element/f.5D121FC7909F200889B59C01A2F655FF.d.0A4340A3C7AA09FB4E54946D43E1E020.e.18773/click - {}
RESULT: {}
COMMAND: GET /session/85be7df00c2941df1715a768c51ad8f5/screenshot - {}
RESULT: {}
COMMAND: POST /session/85be7df00c2941df1715a768c51ad8f5/execute/sync - {"script":"<script> [276 bytes]","args":["Some contract items are having rental validity exceeding header rental validity"]}
RESULT: {"script":"<script> [276 bytes]","args":["Some contract items are having rental validity exceeding header rental validity"]}
COMMAND: GET /session/85be7df00c2941df1715a768c51ad8f5/screenshot - {}
RESULT: {}
COMMAND: POST /session/85be7df00c2941df1715a768c51ad8f5/element - {"using":"xpath","value":"//span[contains(@id ,\"contractItemsSmartTable-header-inner\")]"}
RESULT: {"using":"xpath","value":"//span[contains(@id ,\"contractItemsSmartTable-header-inner\")]"}
COMMAND: POST /session/85be7df00c2941df1715a768c51ad8f5/elements - {"using":"xpath","value":"//span[contains(@id ,\"contractItemsSmartTable-header-inner\")]"}
RESULT: {"using":"xpath","value":"//span[contains(@id ,\"contractItemsSmartTable-header-inner\")]"}
COMMAND: POST /session/85be7df00c2941df1715a768c51ad8f5/execute/sync - {"script":"<script> [56 bytes]","args":[{"element-6066-11e4-a52e-4f735466cecf":"f.5D121FC7909F200889B59C01A2F655FF.d.0A4340A3C7AA09FB4E54946D43E1E020.e.18777","ELEMENT":"f.5D121FC7909F200889B59C01A2F655FF.d.0A4340A3C7AA09FB4E54946D43E1E020.e.18777"}]}
RESULT: {"script":"<script> [56 bytes]","args":[{"element-6066-11e4-a52e-4f735466cecf":"f.5D121FC7909F200889B59C01A2F655FF.d.0A4340A3C7AA09FB4E54946D43E1E020.e.18777","ELEMENT":"f.5D121FC7909F200889B59C01A2F655FF.d.0A4340A3C7AA09FB4E54946D43E1E020.e.18777"}]}
]]></system-out>
    </testcase>
    <testcase classname="chrome.136_0_7103_93.windows.Provide_to_Site_w/o_warehouse_management_w/o_clarification" name="Should do provide to site" time="126.535">
      <failure/>
      <error message="element click intercepted: Element &lt;button id=&quot;__button251&quot; data-sap-ui=&quot;__button251&quot; data-sap-ui-render=&quot;&quot; data-kt=&quot;ReceivingTableConfirmAllButton&quot; data-ui5-accesskey=&quot;c&quot; aria-describedby=&quot;__button251-tooltip&quot; title=&quot;Confirm All&quot; class=&quot;sapMBtnBase sapMBtn sapMColumnHeaderContent&quot;>...&lt;/button> is not clickable at point (726, 801). Other element would receive the click: &lt;div id=&quot;sap-ui-blocklayer-popup&quot; tabindex=&quot;0&quot; class=&quot;sapUiBLy&quot; style=&quot;z-index: 469; visibility: visible;&quot;>&lt;/div>&#xA;  (Session info: chrome=136.0.7103.93)"/>
      <system-out><![CDATA[
COMMAND: POST /session/85be7df00c2941df1715a768c51ad8f5/element - {"using":"xpath","value":"//button[@data-kt=\"provideButton\"]"}
COMMAND: GET /session/85be7df00c2941df1715a768c51ad8f5/screenshot - {}
RESULT: {"using":"xpath","value":"//button[@data-kt=\"provideButton\"]"}
COMMAND: POST /session/85be7df00c2941df1715a768c51ad8f5/element/f.5D121FC7909F200889B59C01A2F655FF.d.0A4340A3C7AA09FB4E54946D43E1E020.e.18778/click - {}
RESULT: {}
RESULT: {}
COMMAND: GET /session/85be7df00c2941df1715a768c51ad8f5/screenshot - {}
RESULT: {}
COMMAND: POST /session/85be7df00c2941df1715a768c51ad8f5/element - {"using":"xpath","value":"(//div[contains(@id, \"application-managehandovers-display-component---AddNewHO--oneStep-CbBg\")])"}
RESULT: {"using":"xpath","value":"(//div[contains(@id, \"application-managehandovers-display-component---AddNewHO--oneStep-CbBg\")])"}
COMMAND: POST /session/85be7df00c2941df1715a768c51ad8f5/element - {"using":"xpath","value":"(//div[contains(@id, \"application-managehandovers-display-component---AddNewHO--oneStep-CbBg\")])/input"}
RESULT: {"using":"xpath","value":"(//div[contains(@id, \"application-managehandovers-display-component---AddNewHO--oneStep-CbBg\")])/input"}
COMMAND: GET /session/85be7df00c2941df1715a768c51ad8f5/element/f.5D121FC7909F200889B59C01A2F655FF.d.0A4340A3C7AA09FB4E54946D43E1E020.e.18858/attribute/checked - {}
RESULT: {}
RESULT: undefined
COMMAND: POST /session/85be7df00c2941df1715a768c51ad8f5/execute/async - {"script":"<script> [6424 bytes]","args":[{"element-6066-11e4-a52e-4f735466cecf":"f.5D121FC7909F200889B59C01A2F655FF.d.0A4340A3C7AA09FB4E54946D43E1E020.e.17733"},"setValue",["05/23/25"]]}
COMMAND: POST /session/85be7df00c2941df1715a768c51ad8f5/element/f.5D121FC7909F200889B59C01A2F655FF.d.0A4340A3C7AA09FB4E54946D43E1E020.e.19093/click - {}
COMMAND: POST /session/85be7df00c2941df1715a768c51ad8f5/execute/async - {"script":"<script> [1562 bytes]","args":[{"selector":{"id":"application-managehandovers-display-component---AddNewHO--dueDate","interaction":{"idSuffix":"inner"}},"wdio_ui5_key":"applicationmanagehandovers-display-component---AddNewHO--dueDate"}]}
RESULT: {}
COMMAND: GET /session/85be7df00c2941df1715a768c51ad8f5/screenshot - {}
RESULT: {"script":"<script> [1562 bytes]","args":[{"selector":{"id":"application-managehandovers-display-component---AddNewHO--dueDate","interaction":{"idSuffix":"inner"}},"wdio_ui5_key":"applicationmanagehandovers-display-component---AddNewHO--dueDate"}]}
COMMAND: POST /session/85be7df00c2941df1715a768c51ad8f5/execute/async - {"script":"<script> [6424 bytes]","args":[{"element-6066-11e4-a52e-4f735466cecf":"f.5D121FC7909F200889B59C01A2F655FF.d.0A4340A3C7AA09FB4E54946D43E1E020.e.18854"},"setValue",["05/23/25"]]}
RESULT: {}
RESULT: {"script":"<script> [6424 bytes]","args":[{"element-6066-11e4-a52e-4f735466cecf":"f.5D121FC7909F200889B59C01A2F655FF.d.0A4340A3C7AA09FB4E54946D43E1E020.e.18854"},"setValue",["05/23/25"]]}
COMMAND: POST /session/85be7df00c2941df1715a768c51ad8f5/element - {"using":"xpath","value":"//bdi[contains(text(), \"Instructions\")]"}
RESULT: {"using":"xpath","value":"//bdi[contains(text(), \"Instructions\")]"}
COMMAND: POST /session/85be7df00c2941df1715a768c51ad8f5/element/f.5D121FC7909F200889B59C01A2F655FF.d.0A4340A3C7AA09FB4E54946D43E1E020.e.19095/click - {}
RESULT: {}
COMMAND: GET /session/85be7df00c2941df1715a768c51ad8f5/screenshot - {}
RESULT: {}
COMMAND: POST /session/85be7df00c2941df1715a768c51ad8f5/element - {"using":"xpath","value":"//button[@data-kt=\"AddNewHOProvideAddItemsButton\"]"}
RESULT: {"using":"xpath","value":"//button[@data-kt=\"AddNewHOProvideAddItemsButton\"]"}
COMMAND: POST /session/85be7df00c2941df1715a768c51ad8f5/element/f.5D121FC7909F200889B59C01A2F655FF.d.0A4340A3C7AA09FB4E54946D43E1E020.e.19100/click - {}
RESULT: {}
COMMAND: GET /session/85be7df00c2941df1715a768c51ad8f5/screenshot - {}
RESULT: {}
RESULT: undefined
COMMAND: POST /session/85be7df00c2941df1715a768c51ad8f5/element - {"using":"xpath","value":"//*[@id=\"application-managehandovers-display-component---AddNewHO--popup-sa\"]"}
RESULT: {"using":"xpath","value":"//*[@id=\"application-managehandovers-display-component---AddNewHO--popup-sa\"]"}
COMMAND: POST /session/85be7df00c2941df1715a768c51ad8f5/element/f.5D121FC7909F200889B59C01A2F655FF.d.0A4340A3C7AA09FB4E54946D43E1E020.e.19109/click - {}
RESULT: {}
COMMAND: GET /session/85be7df00c2941df1715a768c51ad8f5/screenshot - {}
RESULT: {}
COMMAND: POST /session/85be7df00c2941df1715a768c51ad8f5/element - {"using":"xpath","value":"//*[contains(@id ,\"BDI-content\")][contains(text(), \"Select\")]"}
RESULT: {"using":"xpath","value":"//*[contains(@id ,\"BDI-content\")][contains(text(), \"Select\")]"}
COMMAND: POST /session/85be7df00c2941df1715a768c51ad8f5/element/f.5D121FC7909F200889B59C01A2F655FF.d.0A4340A3C7AA09FB4E54946D43E1E020.e.19111/click - {}
RESULT: {}
COMMAND: GET /session/85be7df00c2941df1715a768c51ad8f5/screenshot - {}
RESULT: {}
COMMAND: POST /session/85be7df00c2941df1715a768c51ad8f5/execute/async - {"script":"<script> [1562 bytes]","args":[{"selector":{"id":"application-managehandovers-display-component---AddNewHO--confirmCreationButton","interaction":{"idSuffix":"BDI-content"}},"wdio_ui5_key":"applicationmanagehandovers-display-component---AddNewHO--confirmCreationButton"}]}
RESULT: {"script":"<script> [1562 bytes]","args":[{"selector":{"id":"application-managehandovers-display-component---AddNewHO--confirmCreationButton","interaction":{"idSuffix":"BDI-content"}},"wdio_ui5_key":"applicationmanagehandovers-display-component---AddNewHO--confirmCreationButton"}]}
RESULT: undefined
COMMAND: POST /session/85be7df00c2941df1715a768c51ad8f5/element - {"using":"xpath","value":"//*[@id=\"application-managehandovers-display-component---AddNewHO--confirmCreationButton\"]"}
RESULT: {"using":"xpath","value":"//*[@id=\"application-managehandovers-display-component---AddNewHO--confirmCreationButton\"]"}
COMMAND: POST /session/85be7df00c2941df1715a768c51ad8f5/element/f.5D121FC7909F200889B59C01A2F655FF.d.0A4340A3C7AA09FB4E54946D43E1E020.e.18901/click - {}
RESULT: {}
COMMAND: GET /session/85be7df00c2941df1715a768c51ad8f5/screenshot - {}
RESULT: {}
COMMAND: POST /session/85be7df00c2941df1715a768c51ad8f5/execute/async - {"script":"<script> [1562 bytes]","args":[{"selector":{"id":"issueDatePicker","viewName":"etm.portal.ui.managehandovers.view.DetailExecuteHO","interaction":{"idSuffix":"inner"}},"wdio_ui5_key":"issueDatePickeretmportal.ui.managehandovers.view.DetailExecuteHO"}]}
RESULT: {"script":"<script> [1562 bytes]","args":[{"selector":{"id":"issueDatePicker","viewName":"etm.portal.ui.managehandovers.view.DetailExecuteHO","interaction":{"idSuffix":"inner"}},"wdio_ui5_key":"issueDatePickeretmportal.ui.managehandovers.view.DetailExecuteHO"}]}
RESULT: undefined
COMMAND: POST /session/85be7df00c2941df1715a768c51ad8f5/execute/async - {"script":"<script> [776 bytes]","args":[{"enterText":"5/23/25","selector":{"id":"issueDatePicker","viewName":"etm.portal.ui.managehandovers.view.DetailExecuteHO","interaction":{"idSuffix":"inner"}},"clearTextFirst":true,"interactionType":"ENTER_TEXT"}]}
RESULT: {"script":"<script> [776 bytes]","args":[{"enterText":"5/23/25","selector":{"id":"issueDatePicker","viewName":"etm.portal.ui.managehandovers.view.DetailExecuteHO","interaction":{"idSuffix":"inner"}},"clearTextFirst":true,"interactionType":"ENTER_TEXT"}]}
COMMAND: POST /session/85be7df00c2941df1715a768c51ad8f5/element - {"using":"xpath","value":"//button[@data-kt=\"PickingTableConfirmAllButton\"]"}
RESULT: {"using":"xpath","value":"//button[@data-kt=\"PickingTableConfirmAllButton\"]"}
COMMAND: POST /session/85be7df00c2941df1715a768c51ad8f5/element/f.5D121FC7909F200889B59C01A2F655FF.d.0A4340A3C7AA09FB4E54946D43E1E020.e.19169/click - {}
RESULT: {}
COMMAND: GET /session/85be7df00c2941df1715a768c51ad8f5/screenshot - {}
RESULT: {}
COMMAND: POST /session/85be7df00c2941df1715a768c51ad8f5/element - {"using":"xpath","value":"//bdi[contains(text(), \"OK\")]"}
RESULT: {"using":"xpath","value":"//bdi[contains(text(), \"OK\")]"}
COMMAND: POST /session/85be7df00c2941df1715a768c51ad8f5/element/f.5D121FC7909F200889B59C01A2F655FF.d.0A4340A3C7AA09FB4E54946D43E1E020.e.19173/click - {}
RESULT: {}
COMMAND: GET /session/85be7df00c2941df1715a768c51ad8f5/screenshot - {}
RESULT: {}
COMMAND: POST /session/85be7df00c2941df1715a768c51ad8f5/element - {"using":"xpath","value":"//button[@data-kt=\"execHoPickButton\"]"}
RESULT: {"using":"xpath","value":"//button[@data-kt=\"execHoPickButton\"]"}
COMMAND: POST /session/85be7df00c2941df1715a768c51ad8f5/element/f.5D121FC7909F200889B59C01A2F655FF.d.0A4340A3C7AA09FB4E54946D43E1E020.e.19176/click - {}
RESULT: {}
COMMAND: GET /session/85be7df00c2941df1715a768c51ad8f5/screenshot - {}
RESULT: {}
COMMAND: POST /session/85be7df00c2941df1715a768c51ad8f5/element - {"using":"xpath","value":"//span[contains(@id ,\"filterItemControl_BASIC-RECEIVE_CONTRACT-vhi\")]"}
RESULT: {"using":"xpath","value":"//span[contains(@id ,\"filterItemControl_BASIC-RECEIVE_CONTRACT-vhi\")]"}
COMMAND: POST /session/85be7df00c2941df1715a768c51ad8f5/element/f.5D121FC7909F200889B59C01A2F655FF.d.0A4340A3C7AA09FB4E54946D43E1E020.e.19350/click - {}
RESULT: {}
COMMAND: GET /session/85be7df00c2941df1715a768c51ad8f5/screenshot - {}
RESULT: {}
COMMAND: POST /session/85be7df00c2941df1715a768c51ad8f5/execute/async - {"script":"<script> [1562 bytes]","args":[{"selector":{"controlType":"sap.m.SearchField","viewName":"etm.portal.ui.managehandovers.view.MasterHO","bindingPath":{"path":"","propertyPath":"/_BASIC_SEARCH_FIELD","modelName":"fi1t3rM0d31"},"searchOpenDialogs":true,"interaction":{"idSuffix":"I"}},"wdio_ui5_key":"etmportal.ui.managehandovers.view.MasterHOsap.m.SearchField{\"path\":\"\",\"propertyPath\":\"/_BASIC_SEARCH_FIELD\",\"modelName\":\"fi1t3rM0d31\"}"}]}
RESULT: {"script":"<script> [1562 bytes]","args":[{"selector":{"controlType":"sap.m.SearchField","viewName":"etm.portal.ui.managehandovers.view.MasterHO","bindingPath":{"path":"","propertyPath":"/_BASIC_SEARCH_FIELD","modelName":"fi1t3rM0d31"},"searchOpenDialogs":true,"interaction":{"idSuffix":"I"}},"wdio_ui5_key":"etmportal.ui.managehandovers.view.MasterHOsap.m.SearchField{\"path\":\"\",\"propertyPath\":\"/_BASIC_SEARCH_FIELD\",\"modelName\":\"fi1t3rM0d31\"}"}]}
RESULT: undefined
COMMAND: POST /session/85be7df00c2941df1715a768c51ad8f5/execute/async - {"script":"<script> [776 bytes]","args":[{"enterText":"10164","selector":{"controlType":"sap.m.SearchField","viewName":"etm.portal.ui.managehandovers.view.MasterHO","bindingPath":{"path":"","propertyPath":"/_BASIC_SEARCH_FIELD","modelName":"fi1t3rM0d31"},"searchOpenDialogs":true,"interaction":{"idSuffix":"I"}},"clearTextFirst":true,"interactionType":"ENTER_TEXT"}]}
RESULT: {"script":"<script> [776 bytes]","args":[{"enterText":"10164","selector":{"controlType":"sap.m.SearchField","viewName":"etm.portal.ui.managehandovers.view.MasterHO","bindingPath":{"path":"","propertyPath":"/_BASIC_SEARCH_FIELD","modelName":"fi1t3rM0d31"},"searchOpenDialogs":true,"interaction":{"idSuffix":"I"}},"clearTextFirst":true,"interactionType":"ENTER_TEXT"}]}
COMMAND: POST /session/85be7df00c2941df1715a768c51ad8f5/actions - {"actions":[{"id":"action59","type":"key","parameters":{},"actions":[{"type":"keyDown","value":""},{"type":"pause","duration":10},{"type":"keyUp","value":""}]}]}
RESULT: {"actions":[{"id":"action59","type":"key","parameters":{},"actions":[{"type":"keyDown","value":""},{"type":"pause","duration":10},{"type":"keyUp","value":""}]}]}
COMMAND: GET /session/85be7df00c2941df1715a768c51ad8f5/screenshot - {}
RESULT: {}
COMMAND: POST /session/85be7df00c2941df1715a768c51ad8f5/element - {"using":"xpath","value":"//div[contains(@id, 'filterItemControl_BASIC-RECEIVE_CONTRACT-valueHelpDialog-table-rowsel0')]"}
RESULT: {"using":"xpath","value":"//div[contains(@id, 'filterItemControl_BASIC-RECEIVE_CONTRACT-valueHelpDialog-table-rowsel0')]"}
COMMAND: POST /session/85be7df00c2941df1715a768c51ad8f5/element/f.5D121FC7909F200889B59C01A2F655FF.d.0A4340A3C7AA09FB4E54946D43E1E020.e.19360/click - {}
RESULT: {}
COMMAND: GET /session/85be7df00c2941df1715a768c51ad8f5/screenshot - {}
RESULT: {}
COMMAND: POST /session/85be7df00c2941df1715a768c51ad8f5/element - {"using":"xpath","value":"//bdi[contains(text(), \"OK\")]"}
RESULT: {"using":"xpath","value":"//bdi[contains(text(), \"OK\")]"}
COMMAND: POST /session/85be7df00c2941df1715a768c51ad8f5/element/f.5D121FC7909F200889B59C01A2F655FF.d.0A4340A3C7AA09FB4E54946D43E1E020.e.19362/click - {}
RESULT: {}
COMMAND: GET /session/85be7df00c2941df1715a768c51ad8f5/screenshot - {}
RESULT: {}
COMMAND: POST /session/85be7df00c2941df1715a768c51ad8f5/element - {"using":"xpath","value":"//span[contains(@id, \"smartTable-header-inner\")]"}
RESULT: {"using":"xpath","value":"//span[contains(@id, \"smartTable-header-inner\")]"}
COMMAND: POST /session/85be7df00c2941df1715a768c51ad8f5/elements - {"using":"xpath","value":"//span[contains(@id, \"smartTable-header-inner\")]"}
RESULT: {"using":"xpath","value":"//span[contains(@id, \"smartTable-header-inner\")]"}
COMMAND: POST /session/85be7df00c2941df1715a768c51ad8f5/execute/sync - {"script":"<script> [56 bytes]","args":[{"element-6066-11e4-a52e-4f735466cecf":"f.5D121FC7909F200889B59C01A2F655FF.d.0A4340A3C7AA09FB4E54946D43E1E020.e.19390","ELEMENT":"f.5D121FC7909F200889B59C01A2F655FF.d.0A4340A3C7AA09FB4E54946D43E1E020.e.19390"}]}
RESULT: {"script":"<script> [56 bytes]","args":[{"element-6066-11e4-a52e-4f735466cecf":"f.5D121FC7909F200889B59C01A2F655FF.d.0A4340A3C7AA09FB4E54946D43E1E020.e.19390","ELEMENT":"f.5D121FC7909F200889B59C01A2F655FF.d.0A4340A3C7AA09FB4E54946D43E1E020.e.19390"}]}
COMMAND: POST /session/85be7df00c2941df1715a768c51ad8f5/element - {"using":"xpath","value":"//table[contains(@id, \"customHandovers\")]//tbody/tr[1]/td[2]/span"}
COMMAND: GET /session/85be7df00c2941df1715a768c51ad8f5/screenshot - {}
RESULT: {"using":"xpath","value":"//table[contains(@id, \"customHandovers\")]//tbody/tr[1]/td[2]/span"}
COMMAND: POST /session/85be7df00c2941df1715a768c51ad8f5/execute/sync - {"script":"<script> [56 bytes]","args":[{"element-6066-11e4-a52e-4f735466cecf":"f.5D121FC7909F200889B59C01A2F655FF.d.0A4340A3C7AA09FB4E54946D43E1E020.e.19391","ELEMENT":"f.5D121FC7909F200889B59C01A2F655FF.d.0A4340A3C7AA09FB4E54946D43E1E020.e.19391"}]}
RESULT: {}
RESULT: {"script":"<script> [56 bytes]","args":[{"element-6066-11e4-a52e-4f735466cecf":"f.5D121FC7909F200889B59C01A2F655FF.d.0A4340A3C7AA09FB4E54946D43E1E020.e.19391","ELEMENT":"f.5D121FC7909F200889B59C01A2F655FF.d.0A4340A3C7AA09FB4E54946D43E1E020.e.19391"}]}
COMMAND: POST /session/85be7df00c2941df1715a768c51ad8f5/element - {"using":"xpath","value":"(//span[contains(@id, \"imgNav\")])[1]"}
COMMAND: GET /session/85be7df00c2941df1715a768c51ad8f5/screenshot - {}
RESULT: {"using":"xpath","value":"(//span[contains(@id, \"imgNav\")])[1]"}
COMMAND: POST /session/85be7df00c2941df1715a768c51ad8f5/element/f.5D121FC7909F200889B59C01A2F655FF.d.0A4340A3C7AA09FB4E54946D43E1E020.e.19388/click - {}
RESULT: {}
RESULT: {}
COMMAND: GET /session/85be7df00c2941df1715a768c51ad8f5/screenshot - {}
RESULT: {}
RESULT: undefined
COMMAND: POST /session/85be7df00c2941df1715a768c51ad8f5/execute/async - {"script":"<script> [776 bytes]","args":[{"enterText":"5/23/25","selector":{"id":"issueDatePicker","viewName":"etm.portal.ui.managehandovers.view.DetailExecuteHO","interaction":{"idSuffix":"inner"}},"clearTextFirst":true,"interactionType":"ENTER_TEXT"}]}
RESULT: {"script":"<script> [776 bytes]","args":[{"enterText":"5/23/25","selector":{"id":"issueDatePicker","viewName":"etm.portal.ui.managehandovers.view.DetailExecuteHO","interaction":{"idSuffix":"inner"}},"clearTextFirst":true,"interactionType":"ENTER_TEXT"}]}
COMMAND: POST /session/85be7df00c2941df1715a768c51ad8f5/element - {"using":"xpath","value":"//button[@data-kt=\"IssuingTableConfirmAllButton\"]"}
RESULT: {"using":"xpath","value":"//button[@data-kt=\"IssuingTableConfirmAllButton\"]"}
COMMAND: POST /session/85be7df00c2941df1715a768c51ad8f5/element/f.5D121FC7909F200889B59C01A2F655FF.d.0A4340A3C7AA09FB4E54946D43E1E020.e.19432/click - {}
RESULT: {}
COMMAND: GET /session/85be7df00c2941df1715a768c51ad8f5/screenshot - {}
RESULT: {}
COMMAND: POST /session/85be7df00c2941df1715a768c51ad8f5/element - {"using":"xpath","value":"//bdi[contains(text(), \"OK\")]"}
RESULT: {"using":"xpath","value":"//bdi[contains(text(), \"OK\")]"}
COMMAND: POST /session/85be7df00c2941df1715a768c51ad8f5/element/f.5D121FC7909F200889B59C01A2F655FF.d.0A4340A3C7AA09FB4E54946D43E1E020.e.19448/click - {}
RESULT: {}
COMMAND: GET /session/85be7df00c2941df1715a768c51ad8f5/screenshot - {}
RESULT: {}
COMMAND: POST /session/85be7df00c2941df1715a768c51ad8f5/element - {"using":"xpath","value":"//button[@data-kt=\"execHoIssueButton\"]"}
RESULT: {"using":"xpath","value":"//button[@data-kt=\"execHoIssueButton\"]"}
COMMAND: POST /session/85be7df00c2941df1715a768c51ad8f5/element/f.5D121FC7909F200889B59C01A2F655FF.d.0A4340A3C7AA09FB4E54946D43E1E020.e.19450/click - {}
RESULT: {}
COMMAND: GET /session/85be7df00c2941df1715a768c51ad8f5/screenshot - {}
RESULT: {}
COMMAND: POST /session/85be7df00c2941df1715a768c51ad8f5/element - {"using":"xpath","value":"//input[contains(@id ,\"smartFilterBar-btnBasicSearch-I\")]"}
RESULT: {"using":"xpath","value":"//input[contains(@id ,\"smartFilterBar-btnBasicSearch-I\")]"}
COMMAND: POST /session/85be7df00c2941df1715a768c51ad8f5/elements - {"using":"xpath","value":"//input[contains(@id ,\"smartFilterBar-btnBasicSearch-I\")]"}
RESULT: {"using":"xpath","value":"//input[contains(@id ,\"smartFilterBar-btnBasicSearch-I\")]"}
COMMAND: POST /session/85be7df00c2941df1715a768c51ad8f5/execute/sync - {"script":"<script> [8489 bytes]","args":[{"element-6066-11e4-a52e-4f735466cecf":"f.5D121FC7909F200889B59C01A2F655FF.d.0A4340A3C7AA09FB4E54946D43E1E020.e.18853","ELEMENT":"f.5D121FC7909F200889B59C01A2F655FF.d.0A4340A3C7AA09FB4E54946D43E1E020.e.18853"}]}
RESULT: {"script":"<script> [8489 bytes]","args":[{"element-6066-11e4-a52e-4f735466cecf":"f.5D121FC7909F200889B59C01A2F655FF.d.0A4340A3C7AA09FB4E54946D43E1E020.e.18853","ELEMENT":"f.5D121FC7909F200889B59C01A2F655FF.d.0A4340A3C7AA09FB4E54946D43E1E020.e.18853"}]}
COMMAND: GET /session/85be7df00c2941df1715a768c51ad8f5/element/f.5D121FC7909F200889B59C01A2F655FF.d.0A4340A3C7AA09FB4E54946D43E1E020.e.18853/enabled - {}
COMMAND: GET /session/85be7df00c2941df1715a768c51ad8f5/screenshot - {}
RESULT: {}
COMMAND: POST /session/85be7df00c2941df1715a768c51ad8f5/element/f.5D121FC7909F200889B59C01A2F655FF.d.0A4340A3C7AA09FB4E54946D43E1E020.e.18853/clear - {}
COMMAND: GET /session/85be7df00c2941df1715a768c51ad8f5/screenshot - {}
RESULT: {}
RESULT: {}
COMMAND: POST /session/85be7df00c2941df1715a768c51ad8f5/element/f.5D121FC7909F200889B59C01A2F655FF.d.0A4340A3C7AA09FB4E54946D43E1E020.e.18853/value - {"text":"30332"}
COMMAND: GET /session/85be7df00c2941df1715a768c51ad8f5/screenshot - {}
RESULT: {}
RESULT: {"text":"30332"}
COMMAND: GET /session/85be7df00c2941df1715a768c51ad8f5/screenshot - {}
RESULT: {}
RESULT: {}
COMMAND: POST /session/85be7df00c2941df1715a768c51ad8f5/actions - {"actions":[{"id":"action60","type":"key","parameters":{},"actions":[{"type":"keyDown","value":""},{"type":"pause","duration":10},{"type":"keyUp","value":""}]}]}
RESULT: {"actions":[{"id":"action60","type":"key","parameters":{},"actions":[{"type":"keyDown","value":""},{"type":"pause","duration":10},{"type":"keyUp","value":""}]}]}
COMMAND: GET /session/85be7df00c2941df1715a768c51ad8f5/screenshot - {}
RESULT: {}
COMMAND: POST /session/85be7df00c2941df1715a768c51ad8f5/element - {"using":"xpath","value":"//span[contains(@id, \"smartTable-header-inner\")]"}
RESULT: {"using":"xpath","value":"//span[contains(@id, \"smartTable-header-inner\")]"}
COMMAND: POST /session/85be7df00c2941df1715a768c51ad8f5/elements - {"using":"xpath","value":"//span[contains(@id, \"smartTable-header-inner\")]"}
RESULT: {"using":"xpath","value":"//span[contains(@id, \"smartTable-header-inner\")]"}
COMMAND: POST /session/85be7df00c2941df1715a768c51ad8f5/execute/sync - {"script":"<script> [56 bytes]","args":[{"element-6066-11e4-a52e-4f735466cecf":"f.5D121FC7909F200889B59C01A2F655FF.d.0A4340A3C7AA09FB4E54946D43E1E020.e.19390","ELEMENT":"f.5D121FC7909F200889B59C01A2F655FF.d.0A4340A3C7AA09FB4E54946D43E1E020.e.19390"}]}
RESULT: {"script":"<script> [56 bytes]","args":[{"element-6066-11e4-a52e-4f735466cecf":"f.5D121FC7909F200889B59C01A2F655FF.d.0A4340A3C7AA09FB4E54946D43E1E020.e.19390","ELEMENT":"f.5D121FC7909F200889B59C01A2F655FF.d.0A4340A3C7AA09FB4E54946D43E1E020.e.19390"}]}
COMMAND: POST /session/85be7df00c2941df1715a768c51ad8f5/elements - {"using":"xpath","value":"//thead[contains(@class, \"sapMTableTH\")]/tr/th"}
COMMAND: GET /session/85be7df00c2941df1715a768c51ad8f5/screenshot - {}
RESULT: {"using":"xpath","value":"//thead[contains(@class, \"sapMTableTH\")]/tr/th"}
COMMAND: GET /session/85be7df00c2941df1715a768c51ad8f5/element/f.5D121FC7909F200889B59C01A2F655FF.d.0A4340A3C7AA09FB4E54946D43E1E020.e.19487/text - {}
RESULT: {}
RESULT: {}
COMMAND: GET /session/85be7df00c2941df1715a768c51ad8f5/element/f.5D121FC7909F200889B59C01A2F655FF.d.0A4340A3C7AA09FB4E54946D43E1E020.e.19488/text - {}
RESULT: {}
COMMAND: GET /session/85be7df00c2941df1715a768c51ad8f5/element/f.5D121FC7909F200889B59C01A2F655FF.d.0A4340A3C7AA09FB4E54946D43E1E020.e.18847/text - {}
RESULT: {}
COMMAND: GET /session/85be7df00c2941df1715a768c51ad8f5/element/f.5D121FC7909F200889B59C01A2F655FF.d.0A4340A3C7AA09FB4E54946D43E1E020.e.18849/text - {}
RESULT: {}
COMMAND: GET /session/85be7df00c2941df1715a768c51ad8f5/element/f.5D121FC7909F200889B59C01A2F655FF.d.0A4340A3C7AA09FB4E54946D43E1E020.e.19456/text - {}
RESULT: {}
COMMAND: GET /session/85be7df00c2941df1715a768c51ad8f5/element/f.5D121FC7909F200889B59C01A2F655FF.d.0A4340A3C7AA09FB4E54946D43E1E020.e.19457/text - {}
RESULT: {}
COMMAND: GET /session/85be7df00c2941df1715a768c51ad8f5/element/f.5D121FC7909F200889B59C01A2F655FF.d.0A4340A3C7AA09FB4E54946D43E1E020.e.19458/text - {}
RESULT: {}
COMMAND: GET /session/85be7df00c2941df1715a768c51ad8f5/element/f.5D121FC7909F200889B59C01A2F655FF.d.0A4340A3C7AA09FB4E54946D43E1E020.e.19459/text - {}
RESULT: {}
COMMAND: GET /session/85be7df00c2941df1715a768c51ad8f5/element/f.5D121FC7909F200889B59C01A2F655FF.d.0A4340A3C7AA09FB4E54946D43E1E020.e.19460/text - {}
RESULT: {}
COMMAND: GET /session/85be7df00c2941df1715a768c51ad8f5/element/f.5D121FC7909F200889B59C01A2F655FF.d.0A4340A3C7AA09FB4E54946D43E1E020.e.19461/text - {}
RESULT: {}
COMMAND: GET /session/85be7df00c2941df1715a768c51ad8f5/element/f.5D121FC7909F200889B59C01A2F655FF.d.0A4340A3C7AA09FB4E54946D43E1E020.e.19462/text - {}
RESULT: {}
COMMAND: GET /session/85be7df00c2941df1715a768c51ad8f5/element/f.5D121FC7909F200889B59C01A2F655FF.d.0A4340A3C7AA09FB4E54946D43E1E020.e.19463/text - {}
RESULT: {}
COMMAND: GET /session/85be7df00c2941df1715a768c51ad8f5/element/f.5D121FC7909F200889B59C01A2F655FF.d.0A4340A3C7AA09FB4E54946D43E1E020.e.19464/text - {}
RESULT: {}
COMMAND: GET /session/85be7df00c2941df1715a768c51ad8f5/element/f.5D121FC7909F200889B59C01A2F655FF.d.0A4340A3C7AA09FB4E54946D43E1E020.e.18850/text - {}
RESULT: {}
COMMAND: POST /session/85be7df00c2941df1715a768c51ad8f5/element - {"using":"xpath","value":"//tbody[contains(@id, \"customHandoversTable-tblBody\")]/tr[1]/td[14]/div/span"}
RESULT: {"using":"xpath","value":"//tbody[contains(@id, \"customHandoversTable-tblBody\")]/tr[1]/td[14]/div/span"}
COMMAND: POST /session/85be7df00c2941df1715a768c51ad8f5/execute/sync - {"script":"<script> [56 bytes]","args":[{"element-6066-11e4-a52e-4f735466cecf":"f.5D121FC7909F200889B59C01A2F655FF.d.0A4340A3C7AA09FB4E54946D43E1E020.e.19537","ELEMENT":"f.5D121FC7909F200889B59C01A2F655FF.d.0A4340A3C7AA09FB4E54946D43E1E020.e.19537"}]}
RESULT: {"script":"<script> [56 bytes]","args":[{"element-6066-11e4-a52e-4f735466cecf":"f.5D121FC7909F200889B59C01A2F655FF.d.0A4340A3C7AA09FB4E54946D43E1E020.e.19537","ELEMENT":"f.5D121FC7909F200889B59C01A2F655FF.d.0A4340A3C7AA09FB4E54946D43E1E020.e.19537"}]}
COMMAND: POST /session/85be7df00c2941df1715a768c51ad8f5/element - {"using":"xpath","value":"(//span[contains(@id, \"imgNav\")])[1]"}
COMMAND: GET /session/85be7df00c2941df1715a768c51ad8f5/screenshot - {}
RESULT: {"using":"xpath","value":"(//span[contains(@id, \"imgNav\")])[1]"}
COMMAND: POST /session/85be7df00c2941df1715a768c51ad8f5/element/f.5D121FC7909F200889B59C01A2F655FF.d.0A4340A3C7AA09FB4E54946D43E1E020.e.19538/click - {}
RESULT: {}
RESULT: {}
COMMAND: GET /session/85be7df00c2941df1715a768c51ad8f5/screenshot - {}
RESULT: undefined
COMMAND: POST /session/85be7df00c2941df1715a768c51ad8f5/execute/async - {"script":"<script> [776 bytes]","args":[{"enterText":"05/23/25","selector":{"id":"receiptDatePicker","viewName":"etm.portal.ui.managehandovers.view.DetailExecuteHO","interaction":{"idSuffix":"inner"}},"clearTextFirst":true,"interactionType":"ENTER_TEXT"}]}
RESULT: {}
RESULT: {"script":"<script> [776 bytes]","args":[{"enterText":"05/23/25","selector":{"id":"receiptDatePicker","viewName":"etm.portal.ui.managehandovers.view.DetailExecuteHO","interaction":{"idSuffix":"inner"}},"clearTextFirst":true,"interactionType":"ENTER_TEXT"}]}
COMMAND: POST /session/85be7df00c2941df1715a768c51ad8f5/element - {"using":"xpath","value":"//button[@data-kt=\"ReceivingTableConfirmAllButton\"]"}
RESULT: {"using":"xpath","value":"//button[@data-kt=\"ReceivingTableConfirmAllButton\"]"}
COMMAND: POST /session/85be7df00c2941df1715a768c51ad8f5/element/f.5D121FC7909F200889B59C01A2F655FF.d.0A4340A3C7AA09FB4E54946D43E1E020.e.19557/click - {}
COMMAND: GET /session/85be7df00c2941df1715a768c51ad8f5/screenshot - {}
RESULT: {}
]]></system-out>
      <system-err><![CDATA[
element click intercepted: element click intercepted: Element <button id="__button251" data-sap-ui="__button251" data-sap-ui-render="" data-kt="ReceivingTableConfirmAllButton" data-ui5-accesskey="c" aria-describedby="__button251-tooltip" title="Confirm All" class="sapMBtnBase sapMBtn sapMColumnHeaderContent">...</button> is not clickable at point (726, 801). Other element would receive the click: <div id="sap-ui-blocklayer-popup" tabindex="0" class="sapUiBLy" style="z-index: 469; visibility: visible;"></div>
  (Session info: chrome=136.0.7103.93)
    at async Context.<anonymous> (D:\a\1\s\test\specs\HTR\provide-to-site-wo-warehouse-wo-clarification.spec.js:288:9)
]]></system-err>
    </testcase>
    <testcase classname="chrome.136_0_7103_93.windows.Provide_to_Site_w/o_warehouse_management_w/o_clarification" name="Should Test for Handover Execution" time="5.286">
      <failure/>
      <error message="element click intercepted: Element &lt;span id=&quot;__item995-__clone2065-imgNav&quot; data-sap-ui=&quot;__item995-__clone2065-imgNav&quot; data-sap-ui-render=&quot;&quot; role=&quot;img&quot; aria-label=&quot;Navigation&quot; data-sap-ui-icon-content=&quot;&quot; class=&quot;sapUiIcon sapUiIconMirrorInRTL sapMLIBType sapMLIBImgNav&quot; style=&quot;font-family: SAP-icons;&quot;>...&lt;/span> is not clickable at point (588, 394). Other element would receive the click: &lt;div id=&quot;sap-ui-blocklayer-popup&quot; tabindex=&quot;0&quot; class=&quot;sapUiBLy&quot; style=&quot;z-index: 469; visibility: visible;&quot;>&lt;/div>&#xA;  (Session info: chrome=136.0.7103.93)"/>
      <system-out><![CDATA[
COMMAND: POST /session/85be7df00c2941df1715a768c51ad8f5/element - {"using":"xpath","value":"(//span[contains(@id, \"imgNav\")])[1]"}
COMMAND: GET /session/85be7df00c2941df1715a768c51ad8f5/screenshot - {}
RESULT: {"using":"xpath","value":"(//span[contains(@id, \"imgNav\")])[1]"}
COMMAND: POST /session/85be7df00c2941df1715a768c51ad8f5/element/f.5D121FC7909F200889B59C01A2F655FF.d.0A4340A3C7AA09FB4E54946D43E1E020.e.19538/click - {}
RESULT: {}
COMMAND: GET /session/85be7df00c2941df1715a768c51ad8f5/screenshot - {}
RESULT: {}
]]></system-out>
      <system-err><![CDATA[
element click intercepted: element click intercepted: Element <span id="__item995-__clone2065-imgNav" data-sap-ui="__item995-__clone2065-imgNav" data-sap-ui-render="" role="img" aria-label="Navigation" data-sap-ui-icon-content="" class="sapUiIcon sapUiIconMirrorInRTL sapMLIBType sapMLIBImgNav" style="font-family: SAP-icons;">...</span> is not clickable at point (588, 394). Other element would receive the click: <div id="sap-ui-blocklayer-popup" tabindex="0" class="sapUiBLy" style="z-index: 469; visibility: visible;"></div>
  (Session info: chrome=136.0.7103.93)
    at async Context.<anonymous> (D:\a\1\s\test\specs\HTR\provide-to-site-wo-warehouse-wo-clarification.spec.js:344:9)
]]></system-err>
    </testcase>
    <testcase classname="chrome.136_0_7103_93.windows.Provide_to_Site_w/o_warehouse_management_w/o_clarification" name="Should test for Clarification" time="0.008">
      <system-out><![CDATA[
COMMAND: GET /session/85be7df00c2941df1715a768c51ad8f5/screenshot - {}
COMMAND: POST /session/85be7df00c2941df1715a768c51ad8f5/element - {"using":"css selector","value":"#j_username"}
COMMAND: POST /session/85be7df00c2941df1715a768c51ad8f5/url - {"url":"https://qa-testing-00-live-etm-ui.cfapps.eu10-004.hana.ondemand.com/"}
COMMAND: GET /session/85be7df00c2941df1715a768c51ad8f5/screenshot - {}
RESULT: {}
RESULT: {"url":"https://qa-testing-00-live-etm-ui.cfapps.eu10-004.hana.ondemand.com/"}
RESULT: undefined
RESULT: {"using":"css selector","value":"#j_username"}
COMMAND: POST /session/85be7df00c2941df1715a768c51ad8f5/element - {"using":"css selector","value":"#j_username"}
COMMAND: GET /session/85be7df00c2941df1715a768c51ad8f5/screenshot - {}
RESULT: {}
RESULT: {"using":"css selector","value":"#j_username"}
COMMAND: POST /session/85be7df00c2941df1715a768c51ad8f5/element - {"using":"css selector","value":"#shell-header-logo"}
RESULT: {}
RESULT: {"using":"css selector","value":"#shell-header-logo"}
COMMAND: POST /session/85be7df00c2941df1715a768c51ad8f5/execute/sync - {"script":"<script> [8489 bytes]","args":[{"element-6066-11e4-a52e-4f735466cecf":"f.5D121FC7909F200889B59C01A2F655FF.d.D4D7D1D1A3304EC0DE985F1322ADC11E.e.19587","ELEMENT":"f.5D121FC7909F200889B59C01A2F655FF.d.D4D7D1D1A3304EC0DE985F1322ADC11E.e.19587"}]}
RESULT: {"script":"<script> [8489 bytes]","args":[{"element-6066-11e4-a52e-4f735466cecf":"f.5D121FC7909F200889B59C01A2F655FF.d.D4D7D1D1A3304EC0DE985F1322ADC11E.e.19587","ELEMENT":"f.5D121FC7909F200889B59C01A2F655FF.d.D4D7D1D1A3304EC0DE985F1322ADC11E.e.19587"}]}
COMMAND: POST /session/85be7df00c2941df1715a768c51ad8f5/element - {"using":"css selector","value":"#shell-header-logo"}
COMMAND: GET /session/85be7df00c2941df1715a768c51ad8f5/screenshot - {}
RESULT: {"using":"css selector","value":"#shell-header-logo"}
COMMAND: POST /session/85be7df00c2941df1715a768c51ad8f5/execute/sync - {"script":"<script> [8489 bytes]","args":[{"element-6066-11e4-a52e-4f735466cecf":"f.5D121FC7909F200889B59C01A2F655FF.d.D4D7D1D1A3304EC0DE985F1322ADC11E.e.19587","ELEMENT":"f.5D121FC7909F200889B59C01A2F655FF.d.D4D7D1D1A3304EC0DE985F1322ADC11E.e.19587"}]}
RESULT: {}
RESULT: {"script":"<script> [8489 bytes]","args":[{"element-6066-11e4-a52e-4f735466cecf":"f.5D121FC7909F200889B59C01A2F655FF.d.D4D7D1D1A3304EC0DE985F1322ADC11E.e.19587","ELEMENT":"f.5D121FC7909F200889B59C01A2F655FF.d.D4D7D1D1A3304EC0DE985F1322ADC11E.e.19587"}]}
COMMAND: POST /session/85be7df00c2941df1715a768c51ad8f5/execute/sync - {"script":"<script> [5351 bytes]","args":[{"element-6066-11e4-a52e-4f735466cecf":"f.5D121FC7909F200889B59C01A2F655FF.d.D4D7D1D1A3304EC0DE985F1322ADC11E.e.19587","ELEMENT":"f.5D121FC7909F200889B59C01A2F655FF.d.D4D7D1D1A3304EC0DE985F1322ADC11E.e.19587"}]}
COMMAND: GET /session/85be7df00c2941df1715a768c51ad8f5/screenshot - {}
RESULT: {"script":"<script> [5351 bytes]","args":[{"element-6066-11e4-a52e-4f735466cecf":"f.5D121FC7909F200889B59C01A2F655FF.d.D4D7D1D1A3304EC0DE985F1322ADC11E.e.19587","ELEMENT":"f.5D121FC7909F200889B59C01A2F655FF.d.D4D7D1D1A3304EC0DE985F1322ADC11E.e.19587"}]}
COMMAND: POST /session/85be7df00c2941df1715a768c51ad8f5/element - {"using":"css selector","value":"#shell-header-logo"}
COMMAND: GET /session/85be7df00c2941df1715a768c51ad8f5/screenshot - {}
RESULT: {}
RESULT: {"using":"css selector","value":"#shell-header-logo"}
COMMAND: POST /session/85be7df00c2941df1715a768c51ad8f5/element/f.5D121FC7909F200889B59C01A2F655FF.d.D4D7D1D1A3304EC0DE985F1322ADC11E.e.19587/click - {}
RESULT: {}
RESULT: {}
COMMAND: GET /session/85be7df00c2941df1715a768c51ad8f5/screenshot - {}
RESULT: {}
COMMAND: POST /session/85be7df00c2941df1715a768c51ad8f5/execute/async - {"script":"<script> [189 bytes]","args":[]}
RESULT: {"script":"<script> [189 bytes]","args":[]}
COMMAND: POST /session/85be7df00c2941df1715a768c51ad8f5/execute/async - {"script":"<script> [123 bytes]","args":[]}
RESULT: {"script":"<script> [123 bytes]","args":[]}
COMMAND: POST /session/85be7df00c2941df1715a768c51ad8f5/timeouts - {"script":"<number>"}
RESULT: {"script":"<number>"}
COMMAND: GET /session/85be7df00c2941df1715a768c51ad8f5/timeouts - {}
RESULT: {}
RESULT: undefined
COMMAND: POST /session/85be7df00c2941df1715a768c51ad8f5/execute/async - {"script":"<script> [2676 bytes]","args":[]}
RESULT: {"script":"<script> [2676 bytes]","args":[]}
COMMAND: POST /session/85be7df00c2941df1715a768c51ad8f5/execute/async - {"script":"<script> [2342 bytes]","args":[{"protocol":"http","hostname":"0.0.0.0","path":"/","capabilities":{"browserName":"chrome","goog:chromeOptions":{"binary":"C:\\Program Files\\Google\\Chrome\\Application\\chrome.exe","args":["--start-maximized"]}},"logLevel":"warn","connectionRetryTimeout":120000,"connectionRetryCount":3,"logLevels":{},"enableDirectConnect":true,"strictSSL":true,"_":"65 more keys: [\"cacheDir\",\"port\",\"requestedCapabilities\",\"automationProtocol\",\"baseUrl\",\"waitforInterval\",\"waitforTimeout\",\"onReload\",\"beforeCommand\",\"afterCommand\",\"rootDir\",\"specs\",\"suites\",\"exclude\",\"groupLogsByTestSpec\",\"excludeDriverLogs\",\"bail\",\"framework\",\"reporters\",\"services\",\"maxInstances\",\"maxInstancesPerCapability\",\"injectGlobals\",\"filesToWatch\",\"execArgv\",\"runnerEnv\",\"runner\",\"shard\",\"specFileRetries\",\"specFileRetriesDelay\",\"specFileRetriesDeferred\",\"reporterSyncInterval\",\"reporterSyncTimeout\",\"cucumberFeaturesWithLineNumbers\",\"autoCompileOpts\",\"mochaOpts\",\"jasmineOpts\",\"cucumberOpts\",\"onPrepare\",\"onWorkerStart\",\"onWorkerEnd\",\"before\",\"beforeSession\",\"beforeSuite\",\"beforeHook\",\"beforeTest\",\"afterTest\",\"afterHook\",\"afterSuite\",\"afterSession\",\"after\",\"onComplete\",\"beforeAssertion\",\"afterAssertion\",\"beforeFeature\",\"beforeScenario\",\"beforeStep\",\"afterStep\",\"afterScenario\",\"afterFeature\",\"_\",\"suite\",\"$0\",\"ignoredWorkerServices\",\"wdi5\"]"}]}
RESULT: {"script":"<script> [2342 bytes]","args":[{"protocol":"http","hostname":"0.0.0.0","path":"/","capabilities":{"browserName":"chrome","goog:chromeOptions":{"binary":"C:\\Program Files\\Google\\Chrome\\Application\\chrome.exe","args":["--start-maximized"]}},"logLevel":"warn","connectionRetryTimeout":120000,"connectionRetryCount":3,"logLevels":{},"enableDirectConnect":true,"strictSSL":true,"_":"65 more keys: [\"cacheDir\",\"port\",\"requestedCapabilities\",\"automationProtocol\",\"baseUrl\",\"waitforInterval\",\"waitforTimeout\",\"onReload\",\"beforeCommand\",\"afterCommand\",\"rootDir\",\"specs\",\"suites\",\"exclude\",\"groupLogsByTestSpec\",\"excludeDriverLogs\",\"bail\",\"framework\",\"reporters\",\"services\",\"maxInstances\",\"maxInstancesPerCapability\",\"injectGlobals\",\"filesToWatch\",\"execArgv\",\"runnerEnv\",\"runner\",\"shard\",\"specFileRetries\",\"specFileRetriesDelay\",\"specFileRetriesDeferred\",\"reporterSyncInterval\",\"reporterSyncTimeout\",\"cucumberFeaturesWithLineNumbers\",\"autoCompileOpts\",\"mochaOpts\",\"jasmineOpts\",\"cucumberOpts\",\"onPrepare\",\"onWorkerStart\",\"onWorkerEnd\",\"before\",\"beforeSession\",\"beforeSuite\",\"beforeHook\",\"beforeTest\",\"afterTest\",\"afterHook\",\"afterSuite\",\"afterSession\",\"after\",\"onComplete\",\"beforeAssertion\",\"afterAssertion\",\"beforeFeature\",\"beforeScenario\",\"beforeStep\",\"afterStep\",\"afterScenario\",\"afterFeature\",\"_\",\"suite\",\"$0\",\"ignoredWorkerServices\",\"wdi5\"]"}]}
COMMAND: POST /session/85be7df00c2941df1715a768c51ad8f5/execute/async - {"script":"<script> [21126 bytes]","args":[35000]}
RESULT: {"script":"<script> [21126 bytes]","args":[35000]}
COMMAND: POST /session/85be7df00c2941df1715a768c51ad8f5/window/maximize - {}
RESULT: {}
COMMAND: POST /session/85be7df00c2941df1715a768c51ad8f5/execute/async - {"script":"<script> [1562 bytes]","args":[{"selector":{"id":"shell-header","interaction":{"idSuffix":"icon"}},"wdio_ui5_key":"shellheader"}]}
COMMAND: GET /session/85be7df00c2941df1715a768c51ad8f5/screenshot - {}
RESULT: {"script":"<script> [1562 bytes]","args":[{"selector":{"id":"shell-header","interaction":{"idSuffix":"icon"}},"wdio_ui5_key":"shellheader"}]}
RESULT: undefined
COMMAND: POST /session/85be7df00c2941df1715a768c51ad8f5/refresh - {}
RESULT: {}
RESULT: {}
COMMAND: GET /session/85be7df00c2941df1715a768c51ad8f5/screenshot - {}
RESULT: {}
COMMAND: POST /session/85be7df00c2941df1715a768c51ad8f5/refresh - {}
RESULT: {}
COMMAND: GET /session/85be7df00c2941df1715a768c51ad8f5/screenshot - {}
RESULT: {}
COMMAND: POST /session/85be7df00c2941df1715a768c51ad8f5/window/fullscreen - {}
RESULT: {}
COMMAND: POST /session/85be7df00c2941df1715a768c51ad8f5/execute/async - {"script":"<script> [189 bytes]","args":[]}
RESULT: {"script":"<script> [189 bytes]","args":[]}
COMMAND: POST /session/85be7df00c2941df1715a768c51ad8f5/execute/async - {"script":"<script> [123 bytes]","args":[]}
RESULT: {"script":"<script> [123 bytes]","args":[]}
COMMAND: POST /session/85be7df00c2941df1715a768c51ad8f5/timeouts - {"script":"<number>"}
RESULT: {"script":"<number>"}
COMMAND: GET /session/85be7df00c2941df1715a768c51ad8f5/timeouts - {}
RESULT: {}
RESULT: undefined
COMMAND: POST /session/85be7df00c2941df1715a768c51ad8f5/execute/async - {"script":"<script> [2676 bytes]","args":[]}
RESULT: {"script":"<script> [2676 bytes]","args":[]}
COMMAND: POST /session/85be7df00c2941df1715a768c51ad8f5/execute/async - {"script":"<script> [2342 bytes]","args":[{"protocol":"http","hostname":"0.0.0.0","path":"/","capabilities":{"browserName":"chrome","goog:chromeOptions":{"binary":"C:\\Program Files\\Google\\Chrome\\Application\\chrome.exe","args":["--start-maximized"]}},"logLevel":"warn","connectionRetryTimeout":120000,"connectionRetryCount":3,"logLevels":{},"enableDirectConnect":true,"strictSSL":true,"_":"65 more keys: [\"cacheDir\",\"port\",\"requestedCapabilities\",\"automationProtocol\",\"baseUrl\",\"waitforInterval\",\"waitforTimeout\",\"onReload\",\"beforeCommand\",\"afterCommand\",\"rootDir\",\"specs\",\"suites\",\"exclude\",\"groupLogsByTestSpec\",\"excludeDriverLogs\",\"bail\",\"framework\",\"reporters\",\"services\",\"maxInstances\",\"maxInstancesPerCapability\",\"injectGlobals\",\"filesToWatch\",\"execArgv\",\"runnerEnv\",\"runner\",\"shard\",\"specFileRetries\",\"specFileRetriesDelay\",\"specFileRetriesDeferred\",\"reporterSyncInterval\",\"reporterSyncTimeout\",\"cucumberFeaturesWithLineNumbers\",\"autoCompileOpts\",\"mochaOpts\",\"jasmineOpts\",\"cucumberOpts\",\"onPrepare\",\"onWorkerStart\",\"onWorkerEnd\",\"before\",\"beforeSession\",\"beforeSuite\",\"beforeHook\",\"beforeTest\",\"afterTest\",\"afterHook\",\"afterSuite\",\"afterSession\",\"after\",\"onComplete\",\"beforeAssertion\",\"afterAssertion\",\"beforeFeature\",\"beforeScenario\",\"beforeStep\",\"afterStep\",\"afterScenario\",\"afterFeature\",\"_\",\"suite\",\"$0\",\"ignoredWorkerServices\",\"wdi5\"]"}]}
RESULT: {"script":"<script> [2342 bytes]","args":[{"protocol":"http","hostname":"0.0.0.0","path":"/","capabilities":{"browserName":"chrome","goog:chromeOptions":{"binary":"C:\\Program Files\\Google\\Chrome\\Application\\chrome.exe","args":["--start-maximized"]}},"logLevel":"warn","connectionRetryTimeout":120000,"connectionRetryCount":3,"logLevels":{},"enableDirectConnect":true,"strictSSL":true,"_":"65 more keys: [\"cacheDir\",\"port\",\"requestedCapabilities\",\"automationProtocol\",\"baseUrl\",\"waitforInterval\",\"waitforTimeout\",\"onReload\",\"beforeCommand\",\"afterCommand\",\"rootDir\",\"specs\",\"suites\",\"exclude\",\"groupLogsByTestSpec\",\"excludeDriverLogs\",\"bail\",\"framework\",\"reporters\",\"services\",\"maxInstances\",\"maxInstancesPerCapability\",\"injectGlobals\",\"filesToWatch\",\"execArgv\",\"runnerEnv\",\"runner\",\"shard\",\"specFileRetries\",\"specFileRetriesDelay\",\"specFileRetriesDeferred\",\"reporterSyncInterval\",\"reporterSyncTimeout\",\"cucumberFeaturesWithLineNumbers\",\"autoCompileOpts\",\"mochaOpts\",\"jasmineOpts\",\"cucumberOpts\",\"onPrepare\",\"onWorkerStart\",\"onWorkerEnd\",\"before\",\"beforeSession\",\"beforeSuite\",\"beforeHook\",\"beforeTest\",\"afterTest\",\"afterHook\",\"afterSuite\",\"afterSession\",\"after\",\"onComplete\",\"beforeAssertion\",\"afterAssertion\",\"beforeFeature\",\"beforeScenario\",\"beforeStep\",\"afterStep\",\"afterScenario\",\"afterFeature\",\"_\",\"suite\",\"$0\",\"ignoredWorkerServices\",\"wdi5\"]"}]}
COMMAND: POST /session/85be7df00c2941df1715a768c51ad8f5/execute/async - {"script":"<script> [21126 bytes]","args":[35000]}
RESULT: {"script":"<script> [21126 bytes]","args":[35000]}
]]></system-out>
    </testcase>
  </testsuite>
  <testsuite timestamp="2025-05-23T17:19:02" time="195.428" tests="6" failures="0" errors="0" skipped="0">
    <properties>
      <property name="specId" value="0"/>
      <property name="suiteName" value="Return from Site w/ warehouse management w/ clarification US125588"/>
      <property name="capabilities" value="chrome.136_0_7103_93.windows"/>
      <property name="file" value="file:///D:/a/1/s/test/specs/HTR/return-from-site-w-warehouse-management-w-clarification.spec.js"/>
    </properties>
    <testcase classname="chrome.136_0_7103_93.windows.Return_from_Site_w/_warehouse_management_w/_clarification_US125588" name="Should create a new WHM yard" time="0.013">
      <system-out><![CDATA[
COMMAND: POST /session/85be7df00c2941df1715a768c51ad8f5/window/fullscreen - {}
RESULT: {}
]]></system-out>
    </testcase>
    <testcase classname="chrome.136_0_7103_93.windows.Return_from_Site_w/_warehouse_management_w/_clarification_US125588" name="Should create a new external WHM partner" time="0.004"/>
    <testcase classname="chrome.136_0_7103_93.windows.Return_from_Site_w/_warehouse_management_w/_clarification_US125588" name="Should create a new WHM site" time="0.004"/>
    <testcase classname="chrome.136_0_7103_93.windows.Return_from_Site_w/_warehouse_management_w/_clarification_US125588" name="Should create a new material" time="131.367">
      <system-out><![CDATA[
COMMAND: POST /session/85be7df00c2941df1715a768c51ad8f5/execute/async - {"script":"<script> [1562 bytes]","args":[{"selector":{"controlType":"sap.m.GenericTile","properties":{"header":"Manage Resources"}},"wdio_ui5_key":"sapm.GenericTile{\"header\":\"Manage Resources\"}"}]}
RESULT: {"script":"<script> [1562 bytes]","args":[{"selector":{"controlType":"sap.m.GenericTile","properties":{"header":"Manage Resources"}},"wdio_ui5_key":"sapm.GenericTile{\"header\":\"Manage Resources\"}"}]}
RESULT: undefined
COMMAND: POST /session/85be7df00c2941df1715a768c51ad8f5/element - {"using":"xpath","value":"//*[@id=\"__tile39\"]"}
RESULT: {"using":"xpath","value":"//*[@id=\"__tile39\"]"}
COMMAND: POST /session/85be7df00c2941df1715a768c51ad8f5/element/f.5D121FC7909F200889B59C01A2F655FF.d.5567A7FF03E1FB9757E546BD1018A4AA.e.19738/click - {}
RESULT: {}
COMMAND: GET /session/85be7df00c2941df1715a768c51ad8f5/screenshot - {}
RESULT: {}
COMMAND: POST /session/85be7df00c2941df1715a768c51ad8f5/elements - {"using":"xpath","value":"//span[text()='Error']"}
RESULT: {"using":"xpath","value":"//span[text()='Error']"}
COMMAND: POST /session/85be7df00c2941df1715a768c51ad8f5/element - {"using":"xpath","value":"//button[@data-kt=\"addNewRUOverflowToolbarButton\"]"}
RESULT: {"using":"xpath","value":"//button[@data-kt=\"addNewRUOverflowToolbarButton\"]"}
COMMAND: POST /session/85be7df00c2941df1715a768c51ad8f5/elements - {"using":"xpath","value":"//button[@data-kt=\"addNewRUOverflowToolbarButton\"]"}
RESULT: {"using":"xpath","value":"//button[@data-kt=\"addNewRUOverflowToolbarButton\"]"}
COMMAND: POST /session/85be7df00c2941df1715a768c51ad8f5/elements - {"using":"xpath","value":"//button[@data-kt=\"addNewRUOverflowToolbarButton\"]"}
RESULT: {"using":"xpath","value":"//button[@data-kt=\"addNewRUOverflowToolbarButton\"]"}
COMMAND: POST /session/85be7df00c2941df1715a768c51ad8f5/element - {"using":"xpath","value":"//button[@data-kt=\"addNewRUOverflowToolbarButton\"]"}
RESULT: {"using":"xpath","value":"//button[@data-kt=\"addNewRUOverflowToolbarButton\"]"}
COMMAND: POST /session/85be7df00c2941df1715a768c51ad8f5/execute/sync - {"script":"<script> [8489 bytes]","args":[{"element-6066-11e4-a52e-4f735466cecf":"f.5D121FC7909F200889B59C01A2F655FF.d.5567A7FF03E1FB9757E546BD1018A4AA.e.19885","ELEMENT":"f.5D121FC7909F200889B59C01A2F655FF.d.5567A7FF03E1FB9757E546BD1018A4AA.e.19885"}]}
RESULT: {"script":"<script> [8489 bytes]","args":[{"element-6066-11e4-a52e-4f735466cecf":"f.5D121FC7909F200889B59C01A2F655FF.d.5567A7FF03E1FB9757E546BD1018A4AA.e.19885","ELEMENT":"f.5D121FC7909F200889B59C01A2F655FF.d.5567A7FF03E1FB9757E546BD1018A4AA.e.19885"}]}
COMMAND: GET /session/85be7df00c2941df1715a768c51ad8f5/element/f.5D121FC7909F200889B59C01A2F655FF.d.5567A7FF03E1FB9757E546BD1018A4AA.e.19885/enabled - {}
COMMAND: GET /session/85be7df00c2941df1715a768c51ad8f5/screenshot - {}
RESULT: {}
COMMAND: POST /session/85be7df00c2941df1715a768c51ad8f5/execute/sync - {"script":"<script> [8489 bytes]","args":[{"element-6066-11e4-a52e-4f735466cecf":"f.5D121FC7909F200889B59C01A2F655FF.d.5567A7FF03E1FB9757E546BD1018A4AA.e.19885","ELEMENT":"f.5D121FC7909F200889B59C01A2F655FF.d.5567A7FF03E1FB9757E546BD1018A4AA.e.19885"}]}
COMMAND: GET /session/85be7df00c2941df1715a768c51ad8f5/screenshot - {}
RESULT: {}
RESULT: {"script":"<script> [8489 bytes]","args":[{"element-6066-11e4-a52e-4f735466cecf":"f.5D121FC7909F200889B59C01A2F655FF.d.5567A7FF03E1FB9757E546BD1018A4AA.e.19885","ELEMENT":"f.5D121FC7909F200889B59C01A2F655FF.d.5567A7FF03E1FB9757E546BD1018A4AA.e.19885"}]}
COMMAND: POST /session/85be7df00c2941df1715a768c51ad8f5/execute/sync - {"script":"<script> [5351 bytes]","args":[{"element-6066-11e4-a52e-4f735466cecf":"f.5D121FC7909F200889B59C01A2F655FF.d.5567A7FF03E1FB9757E546BD1018A4AA.e.19885","ELEMENT":"f.5D121FC7909F200889B59C01A2F655FF.d.5567A7FF03E1FB9757E546BD1018A4AA.e.19885"}]}
COMMAND: GET /session/85be7df00c2941df1715a768c51ad8f5/screenshot - {}
RESULT: {}
RESULT: {"script":"<script> [5351 bytes]","args":[{"element-6066-11e4-a52e-4f735466cecf":"f.5D121FC7909F200889B59C01A2F655FF.d.5567A7FF03E1FB9757E546BD1018A4AA.e.19885","ELEMENT":"f.5D121FC7909F200889B59C01A2F655FF.d.5567A7FF03E1FB9757E546BD1018A4AA.e.19885"}]}
COMMAND: POST /session/85be7df00c2941df1715a768c51ad8f5/element/f.5D121FC7909F200889B59C01A2F655FF.d.5567A7FF03E1FB9757E546BD1018A4AA.e.19885/click - {}
COMMAND: GET /session/85be7df00c2941df1715a768c51ad8f5/screenshot - {}
RESULT: {}
RESULT: {}
COMMAND: GET /session/85be7df00c2941df1715a768c51ad8f5/screenshot - {}
COMMAND: POST /session/85be7df00c2941df1715a768c51ad8f5/execute/async - {"script":"<script> [1562 bytes]","args":[{"selector":{"id":"application-manageresources-display-component---newResourceUnit--TYPE-arrow"},"wdio_ui5_key":"applicationmanageresources-display-component---newResourceUnit--TYPE-arrow"}]}
RESULT: {}
RESULT: {}
RESULT: {"script":"<script> [1562 bytes]","args":[{"selector":{"id":"application-manageresources-display-component---newResourceUnit--TYPE-arrow"},"wdio_ui5_key":"applicationmanageresources-display-component---newResourceUnit--TYPE-arrow"}]}
RESULT: undefined
COMMAND: POST /session/85be7df00c2941df1715a768c51ad8f5/element - {"using":"xpath","value":"//*[@id=\"application-manageresources-display-component---newResourceUnit--TYPE-arrow\"]"}
RESULT: {"using":"xpath","value":"//*[@id=\"application-manageresources-display-component---newResourceUnit--TYPE-arrow\"]"}
COMMAND: POST /session/85be7df00c2941df1715a768c51ad8f5/element/f.5D121FC7909F200889B59C01A2F655FF.d.5567A7FF03E1FB9757E546BD1018A4AA.e.20231/click - {}
RESULT: {}
COMMAND: POST /session/85be7df00c2941df1715a768c51ad8f5/element - {"using":"xpath","value":"//input[@id=\"application-manageresources-display-component---newResourceUnit--TYPE-inner\"]"}
COMMAND: GET /session/85be7df00c2941df1715a768c51ad8f5/screenshot - {}
RESULT: {"using":"xpath","value":"//input[@id=\"application-manageresources-display-component---newResourceUnit--TYPE-inner\"]"}
COMMAND: POST /session/85be7df00c2941df1715a768c51ad8f5/element/f.5D121FC7909F200889B59C01A2F655FF.d.5567A7FF03E1FB9757E546BD1018A4AA.e.20228/clear - {}
RESULT: {}
RESULT: {}
COMMAND: POST /session/85be7df00c2941df1715a768c51ad8f5/element/f.5D121FC7909F200889B59C01A2F655FF.d.5567A7FF03E1FB9757E546BD1018A4AA.e.20228/value - {"text":"Material"}
COMMAND: GET /session/85be7df00c2941df1715a768c51ad8f5/screenshot - {}
RESULT: {"text":"Material"}
COMMAND: GET /session/85be7df00c2941df1715a768c51ad8f5/screenshot - {}
RESULT: {}
RESULT: {}
COMMAND: POST /session/85be7df00c2941df1715a768c51ad8f5/actions - {"actions":[{"id":"action61","type":"key","parameters":{},"actions":[{"type":"keyDown","value":""},{"type":"pause","duration":10},{"type":"keyUp","value":""}]}]}
RESULT: {"actions":[{"id":"action61","type":"key","parameters":{},"actions":[{"type":"keyDown","value":""},{"type":"pause","duration":10},{"type":"keyUp","value":""}]}]}
COMMAND: POST /session/85be7df00c2941df1715a768c51ad8f5/execute/async - {"script":"<script> [1562 bytes]","args":[{"selector":{"id":"application-manageresources-display-component---newResourceUnit--SHORT_TEXT","interaction":{"idSuffix":"inner"}},"wdio_ui5_key":"applicationmanageresources-display-component---newResourceUnit--SHORT_TEXT"}]}
COMMAND: GET /session/85be7df00c2941df1715a768c51ad8f5/screenshot - {}
RESULT: {"script":"<script> [1562 bytes]","args":[{"selector":{"id":"application-manageresources-display-component---newResourceUnit--SHORT_TEXT","interaction":{"idSuffix":"inner"}},"wdio_ui5_key":"applicationmanageresources-display-component---newResourceUnit--SHORT_TEXT"}]}
RESULT: undefined
COMMAND: POST /session/85be7df00c2941df1715a768c51ad8f5/execute/async - {"script":"<script> [776 bytes]","args":[{"enterText":"Cement WDIO","selector":{"id":"application-manageresources-display-component---newResourceUnit--SHORT_TEXT","interaction":{"idSuffix":"inner"}},"clearTextFirst":true,"interactionType":"ENTER_TEXT"}]}
RESULT: {}
RESULT: {"script":"<script> [776 bytes]","args":[{"enterText":"Cement WDIO","selector":{"id":"application-manageresources-display-component---newResourceUnit--SHORT_TEXT","interaction":{"idSuffix":"inner"}},"clearTextFirst":true,"interactionType":"ENTER_TEXT"}]}
COMMAND: POST /session/85be7df00c2941df1715a768c51ad8f5/execute/async - {"script":"<script> [1562 bytes]","args":[{"selector":{"id":"application-manageresources-display-component---newResourceUnit--BASE_UNIT_OF_MEASURE","interaction":{"idSuffix":"inner"}},"wdio_ui5_key":"applicationmanageresources-display-component---newResourceUnit--BASE_UNIT_OF_MEASURE"}]}
RESULT: {"script":"<script> [1562 bytes]","args":[{"selector":{"id":"application-manageresources-display-component---newResourceUnit--BASE_UNIT_OF_MEASURE","interaction":{"idSuffix":"inner"}},"wdio_ui5_key":"applicationmanageresources-display-component---newResourceUnit--BASE_UNIT_OF_MEASURE"}]}
RESULT: undefined
COMMAND: POST /session/85be7df00c2941df1715a768c51ad8f5/execute/async - {"script":"<script> [776 bytes]","args":[{"enterText":"Piece","selector":{"id":"application-manageresources-display-component---newResourceUnit--BASE_UNIT_OF_MEASURE","interaction":{"idSuffix":"inner"}},"clearTextFirst":true,"interactionType":"ENTER_TEXT"}]}
RESULT: {"script":"<script> [776 bytes]","args":[{"enterText":"Piece","selector":{"id":"application-manageresources-display-component---newResourceUnit--BASE_UNIT_OF_MEASURE","interaction":{"idSuffix":"inner"}},"clearTextFirst":true,"interactionType":"ENTER_TEXT"}]}
COMMAND: POST /session/85be7df00c2941df1715a768c51ad8f5/execute/async - {"script":"<script> [1562 bytes]","args":[{"selector":{"id":"application-manageresources-display-component---newResourceUnit--WEIGHT_UNIT","interaction":{"idSuffix":"inner"}},"wdio_ui5_key":"applicationmanageresources-display-component---newResourceUnit--WEIGHT_UNIT"}]}
RESULT: {"script":"<script> [1562 bytes]","args":[{"selector":{"id":"application-manageresources-display-component---newResourceUnit--WEIGHT_UNIT","interaction":{"idSuffix":"inner"}},"wdio_ui5_key":"applicationmanageresources-display-component---newResourceUnit--WEIGHT_UNIT"}]}
RESULT: undefined
COMMAND: POST /session/85be7df00c2941df1715a768c51ad8f5/execute/async - {"script":"<script> [776 bytes]","args":[{"enterText":"Gram","selector":{"id":"application-manageresources-display-component---newResourceUnit--WEIGHT_UNIT","interaction":{"idSuffix":"inner"}},"clearTextFirst":true,"interactionType":"ENTER_TEXT"}]}
RESULT: {"script":"<script> [776 bytes]","args":[{"enterText":"Gram","selector":{"id":"application-manageresources-display-component---newResourceUnit--WEIGHT_UNIT","interaction":{"idSuffix":"inner"}},"clearTextFirst":true,"interactionType":"ENTER_TEXT"}]}
COMMAND: POST /session/85be7df00c2941df1715a768c51ad8f5/execute/async - {"script":"<script> [1562 bytes]","args":[{"selector":{"id":"application-manageresources-display-component---newResourceUnit--DIMENSION_UNIT","interaction":{"idSuffix":"inner"}},"wdio_ui5_key":"applicationmanageresources-display-component---newResourceUnit--DIMENSION_UNIT"}]}
RESULT: {"script":"<script> [1562 bytes]","args":[{"selector":{"id":"application-manageresources-display-component---newResourceUnit--DIMENSION_UNIT","interaction":{"idSuffix":"inner"}},"wdio_ui5_key":"applicationmanageresources-display-component---newResourceUnit--DIMENSION_UNIT"}]}
RESULT: undefined
COMMAND: POST /session/85be7df00c2941df1715a768c51ad8f5/execute/async - {"script":"<script> [776 bytes]","args":[{"enterText":"Meter","selector":{"id":"application-manageresources-display-component---newResourceUnit--DIMENSION_UNIT","interaction":{"idSuffix":"inner"}},"clearTextFirst":true,"interactionType":"ENTER_TEXT"}]}
RESULT: {"script":"<script> [776 bytes]","args":[{"enterText":"Meter","selector":{"id":"application-manageresources-display-component---newResourceUnit--DIMENSION_UNIT","interaction":{"idSuffix":"inner"}},"clearTextFirst":true,"interactionType":"ENTER_TEXT"}]}
COMMAND: POST /session/85be7df00c2941df1715a768c51ad8f5/execute/async - {"script":"<script> [1562 bytes]","args":[{"selector":{"id":"application-manageresources-display-component---newResourceUnit--newRRUPage-anchBar-application-manageresources-display-component---newResourceUnit--control-anchor","interaction":{"idSuffix":"BDI-content"}},"wdio_ui5_key":"applicationmanageresources-display-component---newResourceUnit--newRRUPage-anchBar-application-manageresources-display-component---newResourceUnit--control-anchor"}]}
RESULT: {"script":"<script> [1562 bytes]","args":[{"selector":{"id":"application-manageresources-display-component---newResourceUnit--newRRUPage-anchBar-application-manageresources-display-component---newResourceUnit--control-anchor","interaction":{"idSuffix":"BDI-content"}},"wdio_ui5_key":"applicationmanageresources-display-component---newResourceUnit--newRRUPage-anchBar-application-manageresources-display-component---newResourceUnit--control-anchor"}]}
RESULT: undefined
COMMAND: POST /session/85be7df00c2941df1715a768c51ad8f5/element - {"using":"xpath","value":"//*[@id=\"application-manageresources-display-component---newResourceUnit--newRRUPage-anchBar-application-manageresources-display-component---newResourceUnit--control-anchor\"]"}
RESULT: {"using":"xpath","value":"//*[@id=\"application-manageresources-display-component---newResourceUnit--newRRUPage-anchBar-application-manageresources-display-component---newResourceUnit--control-anchor\"]"}
COMMAND: POST /session/85be7df00c2941df1715a768c51ad8f5/element/f.5D121FC7909F200889B59C01A2F655FF.d.5567A7FF03E1FB9757E546BD1018A4AA.e.20362/click - {}
RESULT: {}
COMMAND: POST /session/85be7df00c2941df1715a768c51ad8f5/execute/async - {"script":"<script> [1562 bytes]","args":[{"selector":{"id":"application-manageresources-display-component---newResourceUnit--PLANNING_GROUP","interaction":{"idSuffix":"inner"}},"wdio_ui5_key":"applicationmanageresources-display-component---newResourceUnit--PLANNING_GROUP"}]}
COMMAND: GET /session/85be7df00c2941df1715a768c51ad8f5/screenshot - {}
RESULT: {"script":"<script> [1562 bytes]","args":[{"selector":{"id":"application-manageresources-display-component---newResourceUnit--PLANNING_GROUP","interaction":{"idSuffix":"inner"}},"wdio_ui5_key":"applicationmanageresources-display-component---newResourceUnit--PLANNING_GROUP"}]}
RESULT: undefined
COMMAND: POST /session/85be7df00c2941df1715a768c51ad8f5/execute/async - {"script":"<script> [776 bytes]","args":[{"enterText":"Material","selector":{"id":"application-manageresources-display-component---newResourceUnit--PLANNING_GROUP","interaction":{"idSuffix":"inner"}},"clearTextFirst":true,"interactionType":"ENTER_TEXT"}]}
RESULT: {}
RESULT: {"script":"<script> [776 bytes]","args":[{"enterText":"Material","selector":{"id":"application-manageresources-display-component---newResourceUnit--PLANNING_GROUP","interaction":{"idSuffix":"inner"}},"clearTextFirst":true,"interactionType":"ENTER_TEXT"}]}
COMMAND: POST /session/85be7df00c2941df1715a768c51ad8f5/execute/async - {"script":"<script> [1562 bytes]","args":[{"selector":{"id":"application-manageresources-display-component---newResourceUnit--PLANNING_INDICATOR","interaction":{"idSuffix":"inner"}},"wdio_ui5_key":"applicationmanageresources-display-component---newResourceUnit--PLANNING_INDICATOR"}]}
RESULT: {"script":"<script> [1562 bytes]","args":[{"selector":{"id":"application-manageresources-display-component---newResourceUnit--PLANNING_INDICATOR","interaction":{"idSuffix":"inner"}},"wdio_ui5_key":"applicationmanageresources-display-component---newResourceUnit--PLANNING_INDICATOR"}]}
RESULT: undefined
COMMAND: POST /session/85be7df00c2941df1715a768c51ad8f5/execute/async - {"script":"<script> [776 bytes]","args":[{"enterText":"10 - infinite","selector":{"id":"application-manageresources-display-component---newResourceUnit--PLANNING_INDICATOR","interaction":{"idSuffix":"inner"}},"clearTextFirst":true,"interactionType":"ENTER_TEXT"}]}
RESULT: {"script":"<script> [776 bytes]","args":[{"enterText":"10 - infinite","selector":{"id":"application-manageresources-display-component---newResourceUnit--PLANNING_INDICATOR","interaction":{"idSuffix":"inner"}},"clearTextFirst":true,"interactionType":"ENTER_TEXT"}]}
COMMAND: POST /session/85be7df00c2941df1715a768c51ad8f5/element - {"using":"css selector","value":"#application-manageresources-display-component---newResourceUnit--btnAddTimeSegment"}
RESULT: {"using":"css selector","value":"#application-manageresources-display-component---newResourceUnit--btnAddTimeSegment"}
COMMAND: GET /session/85be7df00c2941df1715a768c51ad8f5/element/f.5D121FC7909F200889B59C01A2F655FF.d.5567A7FF03E1FB9757E546BD1018A4AA.e.20370/rect - {}
RESULT: {}
COMMAND: GET /session/85be7df00c2941df1715a768c51ad8f5/window/rect - {}
RESULT: {}
COMMAND: POST /session/85be7df00c2941df1715a768c51ad8f5/execute/sync - {"script":"<script> [92 bytes]","args":[]}
RESULT: {"script":"<script> [92 bytes]","args":[]}
COMMAND: POST /session/85be7df00c2941df1715a768c51ad8f5/actions - {"actions":[{"id":"action62","type":"wheel","parameters":{},"actions":[{"type":"scroll","x":-1888,"y":-32,"deltaX":0,"deltaY":0,"duration":0,"origin":{"element-6066-11e4-a52e-4f735466cecf":"f.5D121FC7909F200889B59C01A2F655FF.d.5567A7FF03E1FB9757E546BD1018A4AA.e.20370"}}]}]}
COMMAND: GET /session/85be7df00c2941df1715a768c51ad8f5/screenshot - {}
RESULT: {}
COMMAND: POST /session/85be7df00c2941df1715a768c51ad8f5/execute/sync - {"script":"<script> [79 bytes]","args":[{"element-6066-11e4-a52e-4f735466cecf":"f.5D121FC7909F200889B59C01A2F655FF.d.5567A7FF03E1FB9757E546BD1018A4AA.e.20370","ELEMENT":"f.5D121FC7909F200889B59C01A2F655FF.d.5567A7FF03E1FB9757E546BD1018A4AA.e.20370"},{"block":"start","inline":"nearest"}]}
RESULT: {"script":"<script> [79 bytes]","args":[{"element-6066-11e4-a52e-4f735466cecf":"f.5D121FC7909F200889B59C01A2F655FF.d.5567A7FF03E1FB9757E546BD1018A4AA.e.20370","ELEMENT":"f.5D121FC7909F200889B59C01A2F655FF.d.5567A7FF03E1FB9757E546BD1018A4AA.e.20370"},{"block":"start","inline":"nearest"}]}
COMMAND: POST /session/85be7df00c2941df1715a768c51ad8f5/execute/async - {"script":"<script> [1562 bytes]","args":[{"selector":{"id":"application-manageresources-display-component---newResourceUnit--btnAddTimeSegment","interaction":{"idSuffix":"inner"}},"wdio_ui5_key":"applicationmanageresources-display-component---newResourceUnit--btnAddTimeSegment"}]}
COMMAND: GET /session/85be7df00c2941df1715a768c51ad8f5/screenshot - {}
RESULT: {"script":"<script> [1562 bytes]","args":[{"selector":{"id":"application-manageresources-display-component---newResourceUnit--btnAddTimeSegment","interaction":{"idSuffix":"inner"}},"wdio_ui5_key":"applicationmanageresources-display-component---newResourceUnit--btnAddTimeSegment"}]}
RESULT: undefined
COMMAND: POST /session/85be7df00c2941df1715a768c51ad8f5/element - {"using":"xpath","value":"//*[@id=\"application-manageresources-display-component---newResourceUnit--btnAddTimeSegment\"]"}
RESULT: {}
RESULT: {"using":"xpath","value":"//*[@id=\"application-manageresources-display-component---newResourceUnit--btnAddTimeSegment\"]"}
COMMAND: POST /session/85be7df00c2941df1715a768c51ad8f5/element/f.5D121FC7909F200889B59C01A2F655FF.d.5567A7FF03E1FB9757E546BD1018A4AA.e.20370/click - {}
RESULT: {}
COMMAND: GET /session/85be7df00c2941df1715a768c51ad8f5/screenshot - {}
RESULT: {}
COMMAND: POST /session/85be7df00c2941df1715a768c51ad8f5/element - {"using":"xpath","value":"//input[@id=\"application-manageresources-display-component---newResourceUnit--idRuTSAdmin-application-manageresources-display-component---newResourceUnit--RUTimeSegment-0-inner\"]"}
RESULT: {"using":"xpath","value":"//input[@id=\"application-manageresources-display-component---newResourceUnit--idRuTSAdmin-application-manageresources-display-component---newResourceUnit--RUTimeSegment-0-inner\"]"}
COMMAND: POST /session/85be7df00c2941df1715a768c51ad8f5/element/f.5D121FC7909F200889B59C01A2F655FF.d.5567A7FF03E1FB9757E546BD1018A4AA.e.20375/clear - {}
RESULT: {}
COMMAND: POST /session/85be7df00c2941df1715a768c51ad8f5/element/f.5D121FC7909F200889B59C01A2F655FF.d.5567A7FF03E1FB9757E546BD1018A4AA.e.20375/value - {"text":"221"}
COMMAND: GET /session/85be7df00c2941df1715a768c51ad8f5/screenshot - {}
RESULT: {"text":"221"}
COMMAND: GET /session/85be7df00c2941df1715a768c51ad8f5/screenshot - {}
RESULT: {}
RESULT: {}
COMMAND: POST /session/85be7df00c2941df1715a768c51ad8f5/element - {"using":"xpath","value":"//li[.//span[text()='221']]"}
RESULT: {"using":"xpath","value":"//li[.//span[text()='221']]"}
COMMAND: POST /session/85be7df00c2941df1715a768c51ad8f5/element/f.5D121FC7909F200889B59C01A2F655FF.d.5567A7FF03E1FB9757E546BD1018A4AA.e.20383/click - {}
RESULT: {}
COMMAND: GET /session/85be7df00c2941df1715a768c51ad8f5/screenshot - {}
RESULT: {}
COMMAND: POST /session/85be7df00c2941df1715a768c51ad8f5/element - {"using":"xpath","value":"(//span[contains(@id, \"-application-manageresources-display-component---newResourceUnit--RUTimeSegment-0-arrow\")])[2]"}
RESULT: {"using":"xpath","value":"(//span[contains(@id, \"-application-manageresources-display-component---newResourceUnit--RUTimeSegment-0-arrow\")])[2]"}
COMMAND: POST /session/85be7df00c2941df1715a768c51ad8f5/element/f.5D121FC7909F200889B59C01A2F655FF.d.5567A7FF03E1FB9757E546BD1018A4AA.e.20384/click - {}
RESULT: {}
COMMAND: POST /session/85be7df00c2941df1715a768c51ad8f5/element - {"using":"xpath","value":"//span[contains(text(), \"PM Order\")]"}
COMMAND: GET /session/85be7df00c2941df1715a768c51ad8f5/screenshot - {}
RESULT: {"using":"xpath","value":"//span[contains(text(), \"PM Order\")]"}
COMMAND: POST /session/85be7df00c2941df1715a768c51ad8f5/element/f.5D121FC7909F200889B59C01A2F655FF.d.5567A7FF03E1FB9757E546BD1018A4AA.e.20385/click - {}
RESULT: {}
RESULT: {}
COMMAND: GET /session/85be7df00c2941df1715a768c51ad8f5/screenshot - {}
RESULT: {}
COMMAND: POST /session/85be7df00c2941df1715a768c51ad8f5/element - {"using":"xpath","value":"//td/div/div/div/span[contains(@id, \"newResourceUnit--RUTimeSegment-0-vhi\")][1]"}
RESULT: {"using":"xpath","value":"//td/div/div/div/span[contains(@id, \"newResourceUnit--RUTimeSegment-0-vhi\")][1]"}
COMMAND: GET /session/85be7df00c2941df1715a768c51ad8f5/element/f.5D121FC7909F200889B59C01A2F655FF.d.5567A7FF03E1FB9757E546BD1018A4AA.e.20389/rect - {}
RESULT: {}
COMMAND: GET /session/85be7df00c2941df1715a768c51ad8f5/window/rect - {}
RESULT: {}
COMMAND: POST /session/85be7df00c2941df1715a768c51ad8f5/execute/sync - {"script":"<script> [92 bytes]","args":[]}
RESULT: {"script":"<script> [92 bytes]","args":[]}
COMMAND: POST /session/85be7df00c2941df1715a768c51ad8f5/actions - {"actions":[{"id":"action63","type":"wheel","parameters":{},"actions":[{"type":"scroll","x":-1888,"y":-24,"deltaX":0,"deltaY":0,"duration":0,"origin":{"element-6066-11e4-a52e-4f735466cecf":"f.5D121FC7909F200889B59C01A2F655FF.d.5567A7FF03E1FB9757E546BD1018A4AA.e.20389"}}]}]}
COMMAND: GET /session/85be7df00c2941df1715a768c51ad8f5/screenshot - {}
RESULT: {}
COMMAND: POST /session/85be7df00c2941df1715a768c51ad8f5/execute/sync - {"script":"<script> [79 bytes]","args":[{"element-6066-11e4-a52e-4f735466cecf":"f.5D121FC7909F200889B59C01A2F655FF.d.5567A7FF03E1FB9757E546BD1018A4AA.e.20389","ELEMENT":"f.5D121FC7909F200889B59C01A2F655FF.d.5567A7FF03E1FB9757E546BD1018A4AA.e.20389"},{"block":"start","inline":"nearest"}]}
RESULT: {"script":"<script> [79 bytes]","args":[{"element-6066-11e4-a52e-4f735466cecf":"f.5D121FC7909F200889B59C01A2F655FF.d.5567A7FF03E1FB9757E546BD1018A4AA.e.20389","ELEMENT":"f.5D121FC7909F200889B59C01A2F655FF.d.5567A7FF03E1FB9757E546BD1018A4AA.e.20389"},{"block":"start","inline":"nearest"}]}
COMMAND: GET /session/85be7df00c2941df1715a768c51ad8f5/screenshot - {}
RESULT: {}
COMMAND: POST /session/85be7df00c2941df1715a768c51ad8f5/element/f.5D121FC7909F200889B59C01A2F655FF.d.5567A7FF03E1FB9757E546BD1018A4AA.e.20389/click - {}
RESULT: {}
COMMAND: GET /session/85be7df00c2941df1715a768c51ad8f5/screenshot - {}
RESULT: {}
COMMAND: POST /session/85be7df00c2941df1715a768c51ad8f5/execute/async - {"script":"<script> [1562 bytes]","args":[{"selector":{"controlType":"sap.m.SearchField","properties":{"placeholder":"Search"},"searchOpenDialogs":true,"interaction":{"idSuffix":"I"}},"wdio_ui5_key":"sapm.SearchField{\"placeholder\":\"Search\"}"}]}
RESULT: {"script":"<script> [1562 bytes]","args":[{"selector":{"controlType":"sap.m.SearchField","properties":{"placeholder":"Search"},"searchOpenDialogs":true,"interaction":{"idSuffix":"I"}},"wdio_ui5_key":"sapm.SearchField{\"placeholder\":\"Search\"}"}]}
RESULT: undefined
COMMAND: POST /session/85be7df00c2941df1715a768c51ad8f5/execute/async - {"script":"<script> [776 bytes]","args":[{"enterText":"4000360","selector":{"controlType":"sap.m.SearchField","properties":{"placeholder":"Search"},"searchOpenDialogs":true,"interaction":{"idSuffix":"I"}},"clearTextFirst":true,"interactionType":"ENTER_TEXT"}]}
RESULT: {"script":"<script> [776 bytes]","args":[{"enterText":"4000360","selector":{"controlType":"sap.m.SearchField","properties":{"placeholder":"Search"},"searchOpenDialogs":true,"interaction":{"idSuffix":"I"}},"clearTextFirst":true,"interactionType":"ENTER_TEXT"}]}
COMMAND: POST /session/85be7df00c2941df1715a768c51ad8f5/actions - {"actions":[{"id":"action64","type":"key","parameters":{},"actions":[{"type":"keyDown","value":""},{"type":"pause","duration":10},{"type":"keyUp","value":""}]}]}
RESULT: {"actions":[{"id":"action64","type":"key","parameters":{},"actions":[{"type":"keyDown","value":""},{"type":"pause","duration":10},{"type":"keyUp","value":""}]}]}
COMMAND: GET /session/85be7df00c2941df1715a768c51ad8f5/screenshot - {}
RESULT: {}
COMMAND: POST /session/85be7df00c2941df1715a768c51ad8f5/element - {"using":"xpath","value":"//td/div/span[contains(text(), \"BGL Vehicles\")]"}
RESULT: {"using":"xpath","value":"//td/div/span[contains(text(), \"BGL Vehicles\")]"}
COMMAND: POST /session/85be7df00c2941df1715a768c51ad8f5/element/f.5D121FC7909F200889B59C01A2F655FF.d.5567A7FF03E1FB9757E546BD1018A4AA.e.20411/click - {}
RESULT: {}
COMMAND: GET /session/85be7df00c2941df1715a768c51ad8f5/screenshot - {}
RESULT: {}
COMMAND: POST /session/85be7df00c2941df1715a768c51ad8f5/element - {"using":"xpath","value":"//bdi[contains(text(), \"OK\")]"}
RESULT: {"using":"xpath","value":"//bdi[contains(text(), \"OK\")]"}
COMMAND: POST /session/85be7df00c2941df1715a768c51ad8f5/element/f.5D121FC7909F200889B59C01A2F655FF.d.5567A7FF03E1FB9757E546BD1018A4AA.e.20412/click - {}
RESULT: {}
COMMAND: GET /session/85be7df00c2941df1715a768c51ad8f5/screenshot - {}
RESULT: {}
COMMAND: POST /session/85be7df00c2941df1715a768c51ad8f5/element - {"using":"xpath","value":"//label[contains(@class, 'sapMLabelRequired') and .//bdi[contains(text(), 'Planned Retirement')]]"}
RESULT: {"using":"xpath","value":"//label[contains(@class, 'sapMLabelRequired') and .//bdi[contains(text(), 'Planned Retirement')]]"}
COMMAND: POST /session/85be7df00c2941df1715a768c51ad8f5/elements - {"using":"xpath","value":"//label[contains(@class, 'sapMLabelRequired') and .//bdi[contains(text(), 'Planned Retirement')]]"}
RESULT: {"using":"xpath","value":"//label[contains(@class, 'sapMLabelRequired') and .//bdi[contains(text(), 'Planned Retirement')]]"}
COMMAND: POST /session/85be7df00c2941df1715a768c51ad8f5/element - {"using":"xpath","value":"//button[@data-kt=\"resourceUnitSaveButton\"]"}
RESULT: {"using":"xpath","value":"//button[@data-kt=\"resourceUnitSaveButton\"]"}
COMMAND: POST /session/85be7df00c2941df1715a768c51ad8f5/element/f.5D121FC7909F200889B59C01A2F655FF.d.5567A7FF03E1FB9757E546BD1018A4AA.e.20248/click - {}
RESULT: {}
COMMAND: GET /session/85be7df00c2941df1715a768c51ad8f5/screenshot - {}
RESULT: {}
COMMAND: POST /session/85be7df00c2941df1715a768c51ad8f5/element - {"using":"xpath","value":"//bdi[contains(text(), \"Close\")]"}
RESULT: {"using":"xpath","value":"//bdi[contains(text(), \"Close\")]"}
COMMAND: POST /session/85be7df00c2941df1715a768c51ad8f5/element/f.5D121FC7909F200889B59C01A2F655FF.d.5567A7FF03E1FB9757E546BD1018A4AA.e.20419/click - {}
RESULT: {}
COMMAND: GET /session/85be7df00c2941df1715a768c51ad8f5/screenshot - {}
RESULT: {}
COMMAND: POST /session/85be7df00c2941df1715a768c51ad8f5/element - {"using":"xpath","value":"//header[contains(@id, 'detailRruPage-headerTitle')]/div[1]/div[2]/div[2]/span[1]"}
RESULT: {"using":"xpath","value":"//header[contains(@id, 'detailRruPage-headerTitle')]/div[1]/div[2]/div[2]/span[1]"}
COMMAND: POST /session/85be7df00c2941df1715a768c51ad8f5/elements - {"using":"xpath","value":"//header[contains(@id, 'detailRruPage-headerTitle')]/div[1]/div[2]/div[2]/span[1]"}
RESULT: {"using":"xpath","value":"//header[contains(@id, 'detailRruPage-headerTitle')]/div[1]/div[2]/div[2]/span[1]"}
COMMAND: POST /session/85be7df00c2941df1715a768c51ad8f5/execute/sync - {"script":"<script> [56 bytes]","args":[{"element-6066-11e4-a52e-4f735466cecf":"f.5D121FC7909F200889B59C01A2F655FF.d.5567A7FF03E1FB9757E546BD1018A4AA.e.20445","ELEMENT":"f.5D121FC7909F200889B59C01A2F655FF.d.5567A7FF03E1FB9757E546BD1018A4AA.e.20445"}]}
RESULT: {"script":"<script> [56 bytes]","args":[{"element-6066-11e4-a52e-4f735466cecf":"f.5D121FC7909F200889B59C01A2F655FF.d.5567A7FF03E1FB9757E546BD1018A4AA.e.20445","ELEMENT":"f.5D121FC7909F200889B59C01A2F655FF.d.5567A7FF03E1FB9757E546BD1018A4AA.e.20445"}]}
COMMAND: POST /session/85be7df00c2941df1715a768c51ad8f5/element - {"using":"css selector","value":"#shell-header-logo"}
COMMAND: GET /session/85be7df00c2941df1715a768c51ad8f5/screenshot - {}
RESULT: {"using":"css selector","value":"#shell-header-logo"}
COMMAND: POST /session/85be7df00c2941df1715a768c51ad8f5/element/f.5D121FC7909F200889B59C01A2F655FF.d.5567A7FF03E1FB9757E546BD1018A4AA.e.19843/click - {}
RESULT: {}
RESULT: {}
COMMAND: GET /session/85be7df00c2941df1715a768c51ad8f5/screenshot - {}
RESULT: {}
]]></system-out>
    </testcase>
    <testcase classname="chrome.136_0_7103_93.windows.Return_from_Site_w/_warehouse_management_w/_clarification_US125588" name="Bin Status Report Should Create New Organization yard" time="0.004"/>
    <testcase classname="chrome.136_0_7103_93.windows.Return_from_Site_w/_warehouse_management_w/_clarification_US125588" name="Bin Status Report Should Create New Organization for Site" time="0.005"/>
  </testsuite>
  <testsuite timestamp="2025-05-23T17:22:17" time="735.025" tests="7" failures="0" errors="0" skipped="0">
    <properties>
      <property name="specId" value="0"/>
      <property name="suiteName" value="Return from Site w/ warehouse management w clarification"/>
      <property name="capabilities" value="chrome.136_0_7103_93.windows"/>
      <property name="file" value="file:///D:/a/1/s/test/specs/HTR/return-from-site-w-warehouse-management-w-clarification.spec.js"/>
    </properties>
    <testcase classname="chrome.136_0_7103_93.windows.Return_from_Site_w/_warehouse_management_w_clarification" name="Should do a stock increase handover" time="96.02">
      <system-out><![CDATA[
COMMAND: POST /session/85be7df00c2941df1715a768c51ad8f5/execute/async - {"script":"<script> [1562 bytes]","args":[{"selector":{"controlType":"sap.m.GenericTile","properties":{"header":"Manage Handovers"}},"wdio_ui5_key":"sapm.GenericTile{\"header\":\"Manage Handovers\"}"}]}
RESULT: {"script":"<script> [1562 bytes]","args":[{"selector":{"controlType":"sap.m.GenericTile","properties":{"header":"Manage Handovers"}},"wdio_ui5_key":"sapm.GenericTile{\"header\":\"Manage Handovers\"}"}]}
RESULT: undefined
COMMAND: POST /session/85be7df00c2941df1715a768c51ad8f5/element - {"using":"xpath","value":"//*[@id=\"__tile132\"]"}
RESULT: {"using":"xpath","value":"//*[@id=\"__tile132\"]"}
COMMAND: POST /session/85be7df00c2941df1715a768c51ad8f5/element/f.5D121FC7909F200889B59C01A2F655FF.d.5567A7FF03E1FB9757E546BD1018A4AA.e.19819/click - {}
RESULT: {}
COMMAND: GET /session/85be7df00c2941df1715a768c51ad8f5/screenshot - {}
RESULT: {}
COMMAND: POST /session/85be7df00c2941df1715a768c51ad8f5/elements - {"using":"xpath","value":"//span[text()='Error']"}
RESULT: {"using":"xpath","value":"//span[text()='Error']"}
COMMAND: POST /session/85be7df00c2941df1715a768c51ad8f5/element - {"using":"xpath","value":"//button[@data-kt=\"masterHOAddButton\"]"}
RESULT: {"using":"xpath","value":"//button[@data-kt=\"masterHOAddButton\"]"}
COMMAND: POST /session/85be7df00c2941df1715a768c51ad8f5/elements - {"using":"xpath","value":"//button[@data-kt=\"masterHOAddButton\"]"}
RESULT: {"using":"xpath","value":"//button[@data-kt=\"masterHOAddButton\"]"}
COMMAND: POST /session/85be7df00c2941df1715a768c51ad8f5/execute/sync - {"script":"<script> [8489 bytes]","args":[{"element-6066-11e4-a52e-4f735466cecf":"f.5D121FC7909F200889B59C01A2F655FF.d.5567A7FF03E1FB9757E546BD1018A4AA.e.20484","ELEMENT":"f.5D121FC7909F200889B59C01A2F655FF.d.5567A7FF03E1FB9757E546BD1018A4AA.e.20484"}]}
RESULT: {"script":"<script> [8489 bytes]","args":[{"element-6066-11e4-a52e-4f735466cecf":"f.5D121FC7909F200889B59C01A2F655FF.d.5567A7FF03E1FB9757E546BD1018A4AA.e.20484","ELEMENT":"f.5D121FC7909F200889B59C01A2F655FF.d.5567A7FF03E1FB9757E546BD1018A4AA.e.20484"}]}
COMMAND: GET /session/85be7df00c2941df1715a768c51ad8f5/element/f.5D121FC7909F200889B59C01A2F655FF.d.5567A7FF03E1FB9757E546BD1018A4AA.e.20484/enabled - {}
COMMAND: GET /session/85be7df00c2941df1715a768c51ad8f5/screenshot - {}
RESULT: {}
COMMAND: POST /session/85be7df00c2941df1715a768c51ad8f5/execute/sync - {"script":"<script> [8489 bytes]","args":[{"element-6066-11e4-a52e-4f735466cecf":"f.5D121FC7909F200889B59C01A2F655FF.d.5567A7FF03E1FB9757E546BD1018A4AA.e.20484","ELEMENT":"f.5D121FC7909F200889B59C01A2F655FF.d.5567A7FF03E1FB9757E546BD1018A4AA.e.20484"}]}
COMMAND: GET /session/85be7df00c2941df1715a768c51ad8f5/screenshot - {}
RESULT: {}
RESULT: {"script":"<script> [8489 bytes]","args":[{"element-6066-11e4-a52e-4f735466cecf":"f.5D121FC7909F200889B59C01A2F655FF.d.5567A7FF03E1FB9757E546BD1018A4AA.e.20484","ELEMENT":"f.5D121FC7909F200889B59C01A2F655FF.d.5567A7FF03E1FB9757E546BD1018A4AA.e.20484"}]}
COMMAND: POST /session/85be7df00c2941df1715a768c51ad8f5/execute/sync - {"script":"<script> [5351 bytes]","args":[{"element-6066-11e4-a52e-4f735466cecf":"f.5D121FC7909F200889B59C01A2F655FF.d.5567A7FF03E1FB9757E546BD1018A4AA.e.20484","ELEMENT":"f.5D121FC7909F200889B59C01A2F655FF.d.5567A7FF03E1FB9757E546BD1018A4AA.e.20484"}]}
COMMAND: GET /session/85be7df00c2941df1715a768c51ad8f5/screenshot - {}
RESULT: {}
RESULT: {"script":"<script> [5351 bytes]","args":[{"element-6066-11e4-a52e-4f735466cecf":"f.5D121FC7909F200889B59C01A2F655FF.d.5567A7FF03E1FB9757E546BD1018A4AA.e.20484","ELEMENT":"f.5D121FC7909F200889B59C01A2F655FF.d.5567A7FF03E1FB9757E546BD1018A4AA.e.20484"}]}
COMMAND: POST /session/85be7df00c2941df1715a768c51ad8f5/element/f.5D121FC7909F200889B59C01A2F655FF.d.5567A7FF03E1FB9757E546BD1018A4AA.e.20484/click - {}
COMMAND: GET /session/85be7df00c2941df1715a768c51ad8f5/screenshot - {}
RESULT: {}
RESULT: {}
COMMAND: GET /session/85be7df00c2941df1715a768c51ad8f5/screenshot - {}
COMMAND: POST /session/85be7df00c2941df1715a768c51ad8f5/element - {"using":"xpath","value":"//span[contains(@id ,\"AddNewHO--typeSelect-arrow\")]"}
RESULT: {}
RESULT: {}
RESULT: {"using":"xpath","value":"//span[contains(@id ,\"AddNewHO--typeSelect-arrow\")]"}
COMMAND: POST /session/85be7df00c2941df1715a768c51ad8f5/element/f.5D121FC7909F200889B59C01A2F655FF.d.5567A7FF03E1FB9757E546BD1018A4AA.e.20841/click - {}
RESULT: {}
COMMAND: GET /session/85be7df00c2941df1715a768c51ad8f5/screenshot - {}
RESULT: {}
COMMAND: POST /session/85be7df00c2941df1715a768c51ad8f5/element - {"using":"xpath","value":"(//li[contains(text(), \"stock increase yard\")])[1]"}
RESULT: {"using":"xpath","value":"(//li[contains(text(), \"stock increase yard\")])[1]"}
COMMAND: POST /session/85be7df00c2941df1715a768c51ad8f5/element/f.5D121FC7909F200889B59C01A2F655FF.d.5567A7FF03E1FB9757E546BD1018A4AA.e.20842/click - {}
RESULT: {}
COMMAND: GET /session/85be7df00c2941df1715a768c51ad8f5/screenshot - {}
RESULT: {}
COMMAND: POST /session/85be7df00c2941df1715a768c51ad8f5/execute/async - {"script":"<script> [1562 bytes]","args":[{"selector":{"id":"application-managehandovers-display-component---AddNewHO--dueDate","interaction":{"idSuffix":"inner"}},"wdio_ui5_key":"applicationmanagehandovers-display-component---AddNewHO--dueDate"}]}
RESULT: {"script":"<script> [1562 bytes]","args":[{"selector":{"id":"application-managehandovers-display-component---AddNewHO--dueDate","interaction":{"idSuffix":"inner"}},"wdio_ui5_key":"applicationmanagehandovers-display-component---AddNewHO--dueDate"}]}
RESULT: undefined
COMMAND: POST /session/85be7df00c2941df1715a768c51ad8f5/execute/async - {"script":"<script> [6424 bytes]","args":[{"element-6066-11e4-a52e-4f735466cecf":"f.5D121FC7909F200889B59C01A2F655FF.d.5567A7FF03E1FB9757E546BD1018A4AA.e.20846"},"setValue",["5/23/25"]]}
RESULT: {"script":"<script> [6424 bytes]","args":[{"element-6066-11e4-a52e-4f735466cecf":"f.5D121FC7909F200889B59C01A2F655FF.d.5567A7FF03E1FB9757E546BD1018A4AA.e.20846"},"setValue",["5/23/25"]]}
COMMAND: POST /session/85be7df00c2941df1715a768c51ad8f5/element - {"using":"xpath","value":"//input[@id=\"generalSectionFrg--receiveYard-inner\"]"}
RESULT: {"using":"xpath","value":"//input[@id=\"generalSectionFrg--receiveYard-inner\"]"}
COMMAND: POST /session/85be7df00c2941df1715a768c51ad8f5/element/f.5D121FC7909F200889B59C01A2F655FF.d.5567A7FF03E1FB9757E546BD1018A4AA.e.20852/clear - {}
RESULT: {}
COMMAND: POST /session/85be7df00c2941df1715a768c51ad8f5/element/f.5D121FC7909F200889B59C01A2F655FF.d.5567A7FF03E1FB9757E546BD1018A4AA.e.20852/value - {"text":"221"}
COMMAND: GET /session/85be7df00c2941df1715a768c51ad8f5/screenshot - {}
RESULT: {"text":"221"}
COMMAND: GET /session/85be7df00c2941df1715a768c51ad8f5/screenshot - {}
RESULT: {}
RESULT: {}
COMMAND: POST /session/85be7df00c2941df1715a768c51ad8f5/element - {"using":"xpath","value":"//li[.//span[text()='221']]"}
RESULT: {"using":"xpath","value":"//li[.//span[text()='221']]"}
COMMAND: POST /session/85be7df00c2941df1715a768c51ad8f5/element/f.5D121FC7909F200889B59C01A2F655FF.d.5567A7FF03E1FB9757E546BD1018A4AA.e.20867/click - {}
RESULT: {}
COMMAND: GET /session/85be7df00c2941df1715a768c51ad8f5/screenshot - {}
RESULT: {}
COMMAND: POST /session/85be7df00c2941df1715a768c51ad8f5/execute/async - {"script":"<script> [1562 bytes]","args":[{"selector":{"id":"application-managehandovers-display-component---AddNewHO--ObjectPageLayout-anchBar-application-managehandovers-display-component---AddNewHO--section4-anchor","interaction":{"idSuffix":"BDI-content"}},"wdio_ui5_key":"applicationmanagehandovers-display-component---AddNewHO--ObjectPageLayout-anchBar-application-managehandovers-display-component---AddNewHO--section4-anchor"}]}
RESULT: {"script":"<script> [1562 bytes]","args":[{"selector":{"id":"application-managehandovers-display-component---AddNewHO--ObjectPageLayout-anchBar-application-managehandovers-display-component---AddNewHO--section4-anchor","interaction":{"idSuffix":"BDI-content"}},"wdio_ui5_key":"applicationmanagehandovers-display-component---AddNewHO--ObjectPageLayout-anchBar-application-managehandovers-display-component---AddNewHO--section4-anchor"}]}
RESULT: undefined
COMMAND: POST /session/85be7df00c2941df1715a768c51ad8f5/element - {"using":"xpath","value":"//*[@id=\"application-managehandovers-display-component---AddNewHO--ObjectPageLayout-anchBar-application-managehandovers-display-component---AddNewHO--section4-anchor\"]"}
RESULT: {"using":"xpath","value":"//*[@id=\"application-managehandovers-display-component---AddNewHO--ObjectPageLayout-anchBar-application-managehandovers-display-component---AddNewHO--section4-anchor\"]"}
COMMAND: POST /session/85be7df00c2941df1715a768c51ad8f5/element/f.5D121FC7909F200889B59C01A2F655FF.d.5567A7FF03E1FB9757E546BD1018A4AA.e.20869/click - {}
RESULT: {}
COMMAND: POST /session/85be7df00c2941df1715a768c51ad8f5/element - {"using":"xpath","value":"//button[@aria-label=\"Add\"]"}
COMMAND: GET /session/85be7df00c2941df1715a768c51ad8f5/screenshot - {}
RESULT: {"using":"xpath","value":"//button[@aria-label=\"Add\"]"}
COMMAND: POST /session/85be7df00c2941df1715a768c51ad8f5/element/f.5D121FC7909F200889B59C01A2F655FF.d.5567A7FF03E1FB9757E546BD1018A4AA.e.20873/click - {}
RESULT: {}
RESULT: {}
COMMAND: GET /session/85be7df00c2941df1715a768c51ad8f5/screenshot - {}
COMMAND: POST /session/85be7df00c2941df1715a768c51ad8f5/execute/async - {"script":"<script> [1562 bytes]","args":[{"selector":{"id":"application-managehandovers-display-component---AddNewHO--smartFilterBar-btnBasicSearch","searchOpenDialogs":true,"interaction":{"idSuffix":"I"}},"wdio_ui5_key":"applicationmanagehandovers-display-component---AddNewHO--smartFilterBar-btnBasicSearch"}]}
RESULT: {}
RESULT: {"script":"<script> [1562 bytes]","args":[{"selector":{"id":"application-managehandovers-display-component---AddNewHO--smartFilterBar-btnBasicSearch","searchOpenDialogs":true,"interaction":{"idSuffix":"I"}},"wdio_ui5_key":"applicationmanagehandovers-display-component---AddNewHO--smartFilterBar-btnBasicSearch"}]}
RESULT: undefined
COMMAND: POST /session/85be7df00c2941df1715a768c51ad8f5/execute/async - {"script":"<script> [776 bytes]","args":[{"enterText":"200097","selector":{"id":"application-managehandovers-display-component---AddNewHO--smartFilterBar-btnBasicSearch","searchOpenDialogs":true,"interaction":{"idSuffix":"I"}},"clearTextFirst":true,"interactionType":"ENTER_TEXT"}]}
RESULT: {"script":"<script> [776 bytes]","args":[{"enterText":"200097","selector":{"id":"application-managehandovers-display-component---AddNewHO--smartFilterBar-btnBasicSearch","searchOpenDialogs":true,"interaction":{"idSuffix":"I"}},"clearTextFirst":true,"interactionType":"ENTER_TEXT"}]}
COMMAND: POST /session/85be7df00c2941df1715a768c51ad8f5/actions - {"actions":[{"id":"action65","type":"key","parameters":{},"actions":[{"type":"keyDown","value":""},{"type":"pause","duration":10},{"type":"keyUp","value":""}]}]}
RESULT: {"actions":[{"id":"action65","type":"key","parameters":{},"actions":[{"type":"keyDown","value":""},{"type":"pause","duration":10},{"type":"keyUp","value":""}]}]}
COMMAND: GET /session/85be7df00c2941df1715a768c51ad8f5/screenshot - {}
RESULT: {}
COMMAND: POST /session/85be7df00c2941df1715a768c51ad8f5/execute/async - {"script":"<script> [1562 bytes]","args":[{"selector":{"id":"application-managehandovers-display-component---AddNewHO--popup-sa","searchOpenDialogs":true,"interaction":{"idSuffix":"CbBg"}},"wdio_ui5_key":"applicationmanagehandovers-display-component---AddNewHO--popup-sa"}]}
RESULT: {"script":"<script> [1562 bytes]","args":[{"selector":{"id":"application-managehandovers-display-component---AddNewHO--popup-sa","searchOpenDialogs":true,"interaction":{"idSuffix":"CbBg"}},"wdio_ui5_key":"applicationmanagehandovers-display-component---AddNewHO--popup-sa"}]}
RESULT: undefined
COMMAND: POST /session/85be7df00c2941df1715a768c51ad8f5/element - {"using":"xpath","value":"//*[@id=\"application-managehandovers-display-component---AddNewHO--popup-sa\"]"}
RESULT: {"using":"xpath","value":"//*[@id=\"application-managehandovers-display-component---AddNewHO--popup-sa\"]"}
COMMAND: POST /session/85be7df00c2941df1715a768c51ad8f5/element/f.5D121FC7909F200889B59C01A2F655FF.d.5567A7FF03E1FB9757E546BD1018A4AA.e.21026/click - {}
RESULT: {}
COMMAND: GET /session/85be7df00c2941df1715a768c51ad8f5/screenshot - {}
RESULT: {}
COMMAND: POST /session/85be7df00c2941df1715a768c51ad8f5/element - {"using":"xpath","value":"//bdi[contains(text(), \"Select\")]"}
RESULT: {"using":"xpath","value":"//bdi[contains(text(), \"Select\")]"}
COMMAND: POST /session/85be7df00c2941df1715a768c51ad8f5/element/f.5D121FC7909F200889B59C01A2F655FF.d.5567A7FF03E1FB9757E546BD1018A4AA.e.21027/click - {}
RESULT: {}
COMMAND: GET /session/85be7df00c2941df1715a768c51ad8f5/screenshot - {}
RESULT: {}
COMMAND: POST /session/85be7df00c2941df1715a768c51ad8f5/element - {"using":"xpath","value":"//button[@data-kt=\"AddNewHOSaveButton\"]"}
RESULT: {"using":"xpath","value":"//button[@data-kt=\"AddNewHOSaveButton\"]"}
COMMAND: POST /session/85be7df00c2941df1715a768c51ad8f5/element/f.5D121FC7909F200889B59C01A2F655FF.d.5567A7FF03E1FB9757E546BD1018A4AA.e.21031/click - {}
RESULT: {}
COMMAND: GET /session/85be7df00c2941df1715a768c51ad8f5/screenshot - {}
RESULT: {}
COMMAND: POST /session/85be7df00c2941df1715a768c51ad8f5/execute/async - {"script":"<script> [1562 bytes]","args":[{"selector":{"id":"receiptDatePicker","viewName":"etm.portal.ui.managehandovers.view.DetailExecuteHO","interaction":{"idSuffix":"inner"}},"wdio_ui5_key":"receiptDatePickeretmportal.ui.managehandovers.view.DetailExecuteHO"}]}
RESULT: {"script":"<script> [1562 bytes]","args":[{"selector":{"id":"receiptDatePicker","viewName":"etm.portal.ui.managehandovers.view.DetailExecuteHO","interaction":{"idSuffix":"inner"}},"wdio_ui5_key":"receiptDatePickeretmportal.ui.managehandovers.view.DetailExecuteHO"}]}
RESULT: undefined
COMMAND: POST /session/85be7df00c2941df1715a768c51ad8f5/execute/async - {"script":"<script> [6424 bytes]","args":[{"element-6066-11e4-a52e-4f735466cecf":"f.5D121FC7909F200889B59C01A2F655FF.d.5567A7FF03E1FB9757E546BD1018A4AA.e.21062"},"setValue",["5/23/25"]]}
RESULT: {"script":"<script> [6424 bytes]","args":[{"element-6066-11e4-a52e-4f735466cecf":"f.5D121FC7909F200889B59C01A2F655FF.d.5567A7FF03E1FB9757E546BD1018A4AA.e.21062"},"setValue",["5/23/25"]]}
COMMAND: POST /session/85be7df00c2941df1715a768c51ad8f5/element - {"using":"xpath","value":"//button[@data-kt=\"ReceivingTableConfirmAllButton\"]"}
RESULT: {"using":"xpath","value":"//button[@data-kt=\"ReceivingTableConfirmAllButton\"]"}
COMMAND: POST /session/85be7df00c2941df1715a768c51ad8f5/element/f.5D121FC7909F200889B59C01A2F655FF.d.5567A7FF03E1FB9757E546BD1018A4AA.e.21079/click - {}
RESULT: {}
COMMAND: GET /session/85be7df00c2941df1715a768c51ad8f5/screenshot - {}
RESULT: {}
COMMAND: POST /session/85be7df00c2941df1715a768c51ad8f5/element - {"using":"xpath","value":"//bdi[contains(text(), \"OK\")]"}
RESULT: {"using":"xpath","value":"//bdi[contains(text(), \"OK\")]"}
COMMAND: POST /session/85be7df00c2941df1715a768c51ad8f5/element/f.5D121FC7909F200889B59C01A2F655FF.d.5567A7FF03E1FB9757E546BD1018A4AA.e.21081/click - {}
RESULT: {}
COMMAND: GET /session/85be7df00c2941df1715a768c51ad8f5/screenshot - {}
RESULT: {}
COMMAND: POST /session/85be7df00c2941df1715a768c51ad8f5/element - {"using":"xpath","value":"(//bdi[contains(text(), \"Receive\")])[2]"}
RESULT: {"using":"xpath","value":"(//bdi[contains(text(), \"Receive\")])[2]"}
COMMAND: POST /session/85be7df00c2941df1715a768c51ad8f5/element/f.5D121FC7909F200889B59C01A2F655FF.d.5567A7FF03E1FB9757E546BD1018A4AA.e.21083/click - {}
RESULT: {}
COMMAND: GET /session/85be7df00c2941df1715a768c51ad8f5/screenshot - {}
RESULT: {}
COMMAND: POST /session/85be7df00c2941df1715a768c51ad8f5/element - {"using":"css selector","value":"#shell-header-logo"}
RESULT: {"using":"css selector","value":"#shell-header-logo"}
COMMAND: POST /session/85be7df00c2941df1715a768c51ad8f5/element/f.5D121FC7909F200889B59C01A2F655FF.d.5567A7FF03E1FB9757E546BD1018A4AA.e.20450/click - {}
RESULT: {}
COMMAND: GET /session/85be7df00c2941df1715a768c51ad8f5/screenshot - {}
RESULT: {}
]]></system-out>
    </testcase>
    <testcase classname="chrome.136_0_7103_93.windows.Return_from_Site_w/_warehouse_management_w_clarification" name="Should create a new contract" time="62.255">
      <system-out><![CDATA[
COMMAND: POST /session/85be7df00c2941df1715a768c51ad8f5/execute/async - {"script":"<script> [1562 bytes]","args":[{"selector":{"controlType":"sap.m.GenericTile","properties":{"header":"Manage Contracts"}},"wdio_ui5_key":"sapm.GenericTile{\"header\":\"Manage Contracts\"}"}]}
RESULT: {"script":"<script> [1562 bytes]","args":[{"selector":{"controlType":"sap.m.GenericTile","properties":{"header":"Manage Contracts"}},"wdio_ui5_key":"sapm.GenericTile{\"header\":\"Manage Contracts\"}"}]}
RESULT: undefined
COMMAND: POST /session/85be7df00c2941df1715a768c51ad8f5/element - {"using":"xpath","value":"//*[@id=\"__tile130\"]"}
RESULT: {"using":"xpath","value":"//*[@id=\"__tile130\"]"}
COMMAND: POST /session/85be7df00c2941df1715a768c51ad8f5/element/f.5D121FC7909F200889B59C01A2F655FF.d.5567A7FF03E1FB9757E546BD1018A4AA.e.19754/click - {}
RESULT: {}
COMMAND: GET /session/85be7df00c2941df1715a768c51ad8f5/screenshot - {}
RESULT: {}
COMMAND: POST /session/85be7df00c2941df1715a768c51ad8f5/elements - {"using":"xpath","value":"//span[text()='Error']"}
RESULT: {"using":"xpath","value":"//span[text()='Error']"}
COMMAND: POST /session/85be7df00c2941df1715a768c51ad8f5/element - {"using":"xpath","value":"//button[@data-kt=\"addButton\"]"}
RESULT: {"using":"xpath","value":"//button[@data-kt=\"addButton\"]"}
COMMAND: POST /session/85be7df00c2941df1715a768c51ad8f5/elements - {"using":"xpath","value":"//button[@data-kt=\"addButton\"]"}
RESULT: {"using":"xpath","value":"//button[@data-kt=\"addButton\"]"}
COMMAND: POST /session/85be7df00c2941df1715a768c51ad8f5/execute/sync - {"script":"<script> [8489 bytes]","args":[{"element-6066-11e4-a52e-4f735466cecf":"f.5D121FC7909F200889B59C01A2F655FF.d.5567A7FF03E1FB9757E546BD1018A4AA.e.21301","ELEMENT":"f.5D121FC7909F200889B59C01A2F655FF.d.5567A7FF03E1FB9757E546BD1018A4AA.e.21301"}]}
RESULT: {"script":"<script> [8489 bytes]","args":[{"element-6066-11e4-a52e-4f735466cecf":"f.5D121FC7909F200889B59C01A2F655FF.d.5567A7FF03E1FB9757E546BD1018A4AA.e.21301","ELEMENT":"f.5D121FC7909F200889B59C01A2F655FF.d.5567A7FF03E1FB9757E546BD1018A4AA.e.21301"}]}
COMMAND: GET /session/85be7df00c2941df1715a768c51ad8f5/element/f.5D121FC7909F200889B59C01A2F655FF.d.5567A7FF03E1FB9757E546BD1018A4AA.e.21301/enabled - {}
COMMAND: GET /session/85be7df00c2941df1715a768c51ad8f5/screenshot - {}
RESULT: {}
COMMAND: POST /session/85be7df00c2941df1715a768c51ad8f5/execute/sync - {"script":"<script> [8489 bytes]","args":[{"element-6066-11e4-a52e-4f735466cecf":"f.5D121FC7909F200889B59C01A2F655FF.d.5567A7FF03E1FB9757E546BD1018A4AA.e.21301","ELEMENT":"f.5D121FC7909F200889B59C01A2F655FF.d.5567A7FF03E1FB9757E546BD1018A4AA.e.21301"}]}
COMMAND: GET /session/85be7df00c2941df1715a768c51ad8f5/screenshot - {}
RESULT: {}
RESULT: {"script":"<script> [8489 bytes]","args":[{"element-6066-11e4-a52e-4f735466cecf":"f.5D121FC7909F200889B59C01A2F655FF.d.5567A7FF03E1FB9757E546BD1018A4AA.e.21301","ELEMENT":"f.5D121FC7909F200889B59C01A2F655FF.d.5567A7FF03E1FB9757E546BD1018A4AA.e.21301"}]}
COMMAND: POST /session/85be7df00c2941df1715a768c51ad8f5/execute/sync - {"script":"<script> [5351 bytes]","args":[{"element-6066-11e4-a52e-4f735466cecf":"f.5D121FC7909F200889B59C01A2F655FF.d.5567A7FF03E1FB9757E546BD1018A4AA.e.21301","ELEMENT":"f.5D121FC7909F200889B59C01A2F655FF.d.5567A7FF03E1FB9757E546BD1018A4AA.e.21301"}]}
COMMAND: GET /session/85be7df00c2941df1715a768c51ad8f5/screenshot - {}
RESULT: {}
RESULT: {"script":"<script> [5351 bytes]","args":[{"element-6066-11e4-a52e-4f735466cecf":"f.5D121FC7909F200889B59C01A2F655FF.d.5567A7FF03E1FB9757E546BD1018A4AA.e.21301","ELEMENT":"f.5D121FC7909F200889B59C01A2F655FF.d.5567A7FF03E1FB9757E546BD1018A4AA.e.21301"}]}
COMMAND: GET /session/85be7df00c2941df1715a768c51ad8f5/screenshot - {}
RESULT: {}
RESULT: {}
COMMAND: POST /session/85be7df00c2941df1715a768c51ad8f5/element/f.5D121FC7909F200889B59C01A2F655FF.d.5567A7FF03E1FB9757E546BD1018A4AA.e.21301/click - {}
RESULT: {}
COMMAND: GET /session/85be7df00c2941df1715a768c51ad8f5/screenshot - {}
RESULT: {}
COMMAND: POST /session/85be7df00c2941df1715a768c51ad8f5/execute/async - {"script":"<script> [1562 bytes]","args":[{"selector":{"id":"application-managecontracts-display-component---AddNewContract--projectDescription","interaction":{"idSuffix":"inner"}},"wdio_ui5_key":"applicationmanagecontracts-display-component---AddNewContract--projectDescription"}]}
RESULT: {"script":"<script> [1562 bytes]","args":[{"selector":{"id":"application-managecontracts-display-component---AddNewContract--projectDescription","interaction":{"idSuffix":"inner"}},"wdio_ui5_key":"applicationmanagecontracts-display-component---AddNewContract--projectDescription"}]}
RESULT: undefined
COMMAND: POST /session/85be7df00c2941df1715a768c51ad8f5/execute/async - {"script":"<script> [776 bytes]","args":[{"enterText":"Contract WDIO","selector":{"id":"application-managecontracts-display-component---AddNewContract--projectDescription","interaction":{"idSuffix":"inner"}},"clearTextFirst":true,"interactionType":"ENTER_TEXT"}]}
RESULT: {"script":"<script> [776 bytes]","args":[{"enterText":"Contract WDIO","selector":{"id":"application-managecontracts-display-component---AddNewContract--projectDescription","interaction":{"idSuffix":"inner"}},"clearTextFirst":true,"interactionType":"ENTER_TEXT"}]}
COMMAND: POST /session/85be7df00c2941df1715a768c51ad8f5/element - {"using":"xpath","value":"//input[@id=\"application-managecontracts-display-component---AddNewContract--site-inner\"]"}
RESULT: {"using":"xpath","value":"//input[@id=\"application-managecontracts-display-component---AddNewContract--site-inner\"]"}
COMMAND: POST /session/85be7df00c2941df1715a768c51ad8f5/element/f.5D121FC7909F200889B59C01A2F655FF.d.5567A7FF03E1FB9757E546BD1018A4AA.e.21624/clear - {}
RESULT: {}
COMMAND: POST /session/85be7df00c2941df1715a768c51ad8f5/element/f.5D121FC7909F200889B59C01A2F655FF.d.5567A7FF03E1FB9757E546BD1018A4AA.e.21624/value - {"text":"2074"}
COMMAND: GET /session/85be7df00c2941df1715a768c51ad8f5/screenshot - {}
RESULT: {"text":"2074"}
COMMAND: GET /session/85be7df00c2941df1715a768c51ad8f5/screenshot - {}
RESULT: {}
RESULT: {}
COMMAND: POST /session/85be7df00c2941df1715a768c51ad8f5/element - {"using":"xpath","value":"//li[.//span[text()='2074']]"}
RESULT: {"using":"xpath","value":"//li[.//span[text()='2074']]"}
COMMAND: POST /session/85be7df00c2941df1715a768c51ad8f5/element/f.5D121FC7909F200889B59C01A2F655FF.d.5567A7FF03E1FB9757E546BD1018A4AA.e.21706/click - {}
RESULT: {}
COMMAND: GET /session/85be7df00c2941df1715a768c51ad8f5/screenshot - {}
RESULT: {}
COMMAND: POST /session/85be7df00c2941df1715a768c51ad8f5/element - {"using":"xpath","value":"//input[@id=\"application-managecontracts-display-component---AddNewContract--yardId-inner\"]"}
RESULT: {"using":"xpath","value":"//input[@id=\"application-managecontracts-display-component---AddNewContract--yardId-inner\"]"}
COMMAND: GET /session/85be7df00c2941df1715a768c51ad8f5/element/f.5D121FC7909F200889B59C01A2F655FF.d.5567A7FF03E1FB9757E546BD1018A4AA.e.21625/property/value - {}
RESULT: {}
COMMAND: POST /session/85be7df00c2941df1715a768c51ad8f5/element - {"using":"xpath","value":"//input[@id=\"application-managecontracts-display-component---AddNewContract--customerSelect-inner\"]"}
COMMAND: GET /session/85be7df00c2941df1715a768c51ad8f5/screenshot - {}
RESULT: {"using":"xpath","value":"//input[@id=\"application-managecontracts-display-component---AddNewContract--customerSelect-inner\"]"}
COMMAND: POST /session/85be7df00c2941df1715a768c51ad8f5/element/f.5D121FC7909F200889B59C01A2F655FF.d.5567A7FF03E1FB9757E546BD1018A4AA.e.21623/clear - {}
RESULT: {}
RESULT: {}
COMMAND: POST /session/85be7df00c2941df1715a768c51ad8f5/element/f.5D121FC7909F200889B59C01A2F655FF.d.5567A7FF03E1FB9757E546BD1018A4AA.e.21623/value - {"text":"1074"}
COMMAND: GET /session/85be7df00c2941df1715a768c51ad8f5/screenshot - {}
RESULT: {"text":"1074"}
COMMAND: GET /session/85be7df00c2941df1715a768c51ad8f5/screenshot - {}
RESULT: {}
RESULT: {}
COMMAND: POST /session/85be7df00c2941df1715a768c51ad8f5/element - {"using":"xpath","value":"//li[.//span[text()='1074']]"}
RESULT: {"using":"xpath","value":"//li[.//span[text()='1074']]"}
COMMAND: POST /session/85be7df00c2941df1715a768c51ad8f5/element/f.5D121FC7909F200889B59C01A2F655FF.d.5567A7FF03E1FB9757E546BD1018A4AA.e.21709/click - {}
RESULT: {}
COMMAND: GET /session/85be7df00c2941df1715a768c51ad8f5/screenshot - {}
RESULT: {}
COMMAND: POST /session/85be7df00c2941df1715a768c51ad8f5/element - {"using":"xpath","value":"//button[@data-kt=\"saveButton\"]"}
RESULT: {"using":"xpath","value":"//button[@data-kt=\"saveButton\"]"}
COMMAND: POST /session/85be7df00c2941df1715a768c51ad8f5/element/f.5D121FC7909F200889B59C01A2F655FF.d.5567A7FF03E1FB9757E546BD1018A4AA.e.21699/click - {}
RESULT: {}
COMMAND: GET /session/85be7df00c2941df1715a768c51ad8f5/screenshot - {}
RESULT: {}
COMMAND: POST /session/85be7df00c2941df1715a768c51ad8f5/element - {"using":"xpath","value":"//span[contains(@id ,\"contractDetailTitleNoExpanded\")]"}
RESULT: {"using":"xpath","value":"//span[contains(@id ,\"contractDetailTitleNoExpanded\")]"}
COMMAND: POST /session/85be7df00c2941df1715a768c51ad8f5/elements - {"using":"xpath","value":"//span[contains(@id ,\"contractDetailTitleNoExpanded\")]"}
RESULT: {"using":"xpath","value":"//span[contains(@id ,\"contractDetailTitleNoExpanded\")]"}
COMMAND: POST /session/85be7df00c2941df1715a768c51ad8f5/execute/sync - {"script":"<script> [56 bytes]","args":[{"element-6066-11e4-a52e-4f735466cecf":"f.5D121FC7909F200889B59C01A2F655FF.d.5567A7FF03E1FB9757E546BD1018A4AA.e.21782","ELEMENT":"f.5D121FC7909F200889B59C01A2F655FF.d.5567A7FF03E1FB9757E546BD1018A4AA.e.21782"}]}
RESULT: {"script":"<script> [56 bytes]","args":[{"element-6066-11e4-a52e-4f735466cecf":"f.5D121FC7909F200889B59C01A2F655FF.d.5567A7FF03E1FB9757E546BD1018A4AA.e.21782","ELEMENT":"f.5D121FC7909F200889B59C01A2F655FF.d.5567A7FF03E1FB9757E546BD1018A4AA.e.21782"}]}
COMMAND: GET /session/85be7df00c2941df1715a768c51ad8f5/screenshot - {}
RESULT: {}
]]></system-out>
    </testcase>
    <testcase classname="chrome.136_0_7103_93.windows.Return_from_Site_w/_warehouse_management_w_clarification" name="Should add equipment to the contract" time="59.49">
      <system-out><![CDATA[
COMMAND: POST /session/85be7df00c2941df1715a768c51ad8f5/element - {"using":"xpath","value":"//button[@data-kt=\"contractDetailEditBtnButton\"]"}
RESULT: {"using":"xpath","value":"//button[@data-kt=\"contractDetailEditBtnButton\"]"}
COMMAND: POST /session/85be7df00c2941df1715a768c51ad8f5/element/f.5D121FC7909F200889B59C01A2F655FF.d.5567A7FF03E1FB9757E546BD1018A4AA.e.21783/click - {}
RESULT: {}
COMMAND: GET /session/85be7df00c2941df1715a768c51ad8f5/screenshot - {}
RESULT: {}
COMMAND: POST /session/85be7df00c2941df1715a768c51ad8f5/element - {"using":"xpath","value":"(//span[contains(text(), \"Additional Addresses\")])[2]"}
RESULT: {"using":"xpath","value":"(//span[contains(text(), \"Additional Addresses\")])[2]"}
COMMAND: POST /session/85be7df00c2941df1715a768c51ad8f5/element/f.5D121FC7909F200889B59C01A2F655FF.d.5567A7FF03E1FB9757E546BD1018A4AA.e.21839/click - {}
RESULT: {}
COMMAND: GET /session/85be7df00c2941df1715a768c51ad8f5/screenshot - {}
RESULT: {}
COMMAND: POST /session/85be7df00c2941df1715a768c51ad8f5/element - {"using":"xpath","value":"//button[@data-kt=\"btnAddTableRowOverflowToolbarButton\"]"}
RESULT: {"using":"xpath","value":"//button[@data-kt=\"btnAddTableRowOverflowToolbarButton\"]"}
COMMAND: POST /session/85be7df00c2941df1715a768c51ad8f5/element/f.5D121FC7909F200889B59C01A2F655FF.d.5567A7FF03E1FB9757E546BD1018A4AA.e.21842/click - {}
RESULT: {}
COMMAND: GET /session/85be7df00c2941df1715a768c51ad8f5/screenshot - {}
RESULT: {}
COMMAND: POST /session/85be7df00c2941df1715a768c51ad8f5/element - {"using":"xpath","value":"//div[(text() = 'Standard Entry' or . = 'Standard Entry')]"}
RESULT: {"using":"xpath","value":"//div[(text() = 'Standard Entry' or . = 'Standard Entry')]"}
COMMAND: POST /session/85be7df00c2941df1715a768c51ad8f5/element/f.5D121FC7909F200889B59C01A2F655FF.d.5567A7FF03E1FB9757E546BD1018A4AA.e.21844/click - {}
RESULT: {}
COMMAND: GET /session/85be7df00c2941df1715a768c51ad8f5/screenshot - {}
RESULT: {}
COMMAND: POST /session/85be7df00c2941df1715a768c51ad8f5/element - {"using":"xpath","value":"//td[6]/div/div/div/span"}
RESULT: {"using":"xpath","value":"//td[6]/div/div/div/span"}
COMMAND: POST /session/85be7df00c2941df1715a768c51ad8f5/element/f.5D121FC7909F200889B59C01A2F655FF.d.5567A7FF03E1FB9757E546BD1018A4AA.e.21856/click - {}
RESULT: {}
COMMAND: GET /session/85be7df00c2941df1715a768c51ad8f5/screenshot - {}
RESULT: {}
COMMAND: POST /session/85be7df00c2941df1715a768c51ad8f5/element - {"using":"xpath","value":"(//span[contains(text(), \"Material\")])"}
RESULT: {"using":"xpath","value":"(//span[contains(text(), \"Material\")])"}
COMMAND: POST /session/85be7df00c2941df1715a768c51ad8f5/element/f.5D121FC7909F200889B59C01A2F655FF.d.5567A7FF03E1FB9757E546BD1018A4AA.e.21858/click - {}
RESULT: {}
COMMAND: GET /session/85be7df00c2941df1715a768c51ad8f5/screenshot - {}
RESULT: {}
COMMAND: POST /session/85be7df00c2941df1715a768c51ad8f5/element - {"using":"xpath","value":"//td[7]/div/div/input"}
RESULT: {"using":"xpath","value":"//td[7]/div/div/input"}
COMMAND: POST /session/85be7df00c2941df1715a768c51ad8f5/element/f.5D121FC7909F200889B59C01A2F655FF.d.5567A7FF03E1FB9757E546BD1018A4AA.e.21861/clear - {}
RESULT: {}
COMMAND: POST /session/85be7df00c2941df1715a768c51ad8f5/element/f.5D121FC7909F200889B59C01A2F655FF.d.5567A7FF03E1FB9757E546BD1018A4AA.e.21861/value - {"text":"200097"}
COMMAND: GET /session/85be7df00c2941df1715a768c51ad8f5/screenshot - {}
RESULT: {"text":"200097"}
COMMAND: GET /session/85be7df00c2941df1715a768c51ad8f5/screenshot - {}
RESULT: {}
RESULT: {}
COMMAND: POST /session/85be7df00c2941df1715a768c51ad8f5/actions - {"actions":[{"id":"action66","type":"key","parameters":{},"actions":[{"type":"keyDown","value":""},{"type":"pause","duration":10},{"type":"keyUp","value":""}]}]}
RESULT: {"actions":[{"id":"action66","type":"key","parameters":{},"actions":[{"type":"keyDown","value":""},{"type":"pause","duration":10},{"type":"keyUp","value":""}]}]}
COMMAND: GET /session/85be7df00c2941df1715a768c51ad8f5/screenshot - {}
RESULT: {}
COMMAND: POST /session/85be7df00c2941df1715a768c51ad8f5/execute/sync - {"script":"<script> [276 bytes]","args":["No pricing information was found"]}
RESULT: {"script":"<script> [276 bytes]","args":["No pricing information was found"]}
COMMAND: POST /session/85be7df00c2941df1715a768c51ad8f5/element - {"using":"xpath","value":"//bdi[contains(text(), \"OK\")]"}
COMMAND: GET /session/85be7df00c2941df1715a768c51ad8f5/screenshot - {}
RESULT: {"using":"xpath","value":"//bdi[contains(text(), \"OK\")]"}
COMMAND: POST /session/85be7df00c2941df1715a768c51ad8f5/element/f.5D121FC7909F200889B59C01A2F655FF.d.5567A7FF03E1FB9757E546BD1018A4AA.e.21887/click - {}
RESULT: {}
RESULT: {}
COMMAND: GET /session/85be7df00c2941df1715a768c51ad8f5/screenshot - {}
RESULT: {}
COMMAND: POST /session/85be7df00c2941df1715a768c51ad8f5/element - {"using":"xpath","value":"(//button[@data-kt=\"saveButton\"])[2]"}
RESULT: {"using":"xpath","value":"(//button[@data-kt=\"saveButton\"])[2]"}
COMMAND: POST /session/85be7df00c2941df1715a768c51ad8f5/element/f.5D121FC7909F200889B59C01A2F655FF.d.5567A7FF03E1FB9757E546BD1018A4AA.e.21888/click - {}
RESULT: {}
COMMAND: GET /session/85be7df00c2941df1715a768c51ad8f5/screenshot - {}
RESULT: {}
COMMAND: POST /session/85be7df00c2941df1715a768c51ad8f5/execute/sync - {"script":"<script> [276 bytes]","args":["Some contract items are having rental validity exceeding header rental validity"]}
RESULT: {"script":"<script> [276 bytes]","args":["Some contract items are having rental validity exceeding header rental validity"]}
COMMAND: GET /session/85be7df00c2941df1715a768c51ad8f5/screenshot - {}
RESULT: {}
COMMAND: POST /session/85be7df00c2941df1715a768c51ad8f5/element - {"using":"xpath","value":"//span[contains(@id ,\"contractItemsSmartTable-header-inner\")]"}
RESULT: {"using":"xpath","value":"//span[contains(@id ,\"contractItemsSmartTable-header-inner\")]"}
COMMAND: POST /session/85be7df00c2941df1715a768c51ad8f5/elements - {"using":"xpath","value":"//span[contains(@id ,\"contractItemsSmartTable-header-inner\")]"}
RESULT: {"using":"xpath","value":"//span[contains(@id ,\"contractItemsSmartTable-header-inner\")]"}
COMMAND: POST /session/85be7df00c2941df1715a768c51ad8f5/execute/sync - {"script":"<script> [56 bytes]","args":[{"element-6066-11e4-a52e-4f735466cecf":"f.5D121FC7909F200889B59C01A2F655FF.d.5567A7FF03E1FB9757E546BD1018A4AA.e.21892","ELEMENT":"f.5D121FC7909F200889B59C01A2F655FF.d.5567A7FF03E1FB9757E546BD1018A4AA.e.21892"}]}
RESULT: {"script":"<script> [56 bytes]","args":[{"element-6066-11e4-a52e-4f735466cecf":"f.5D121FC7909F200889B59C01A2F655FF.d.5567A7FF03E1FB9757E546BD1018A4AA.e.21892","ELEMENT":"f.5D121FC7909F200889B59C01A2F655FF.d.5567A7FF03E1FB9757E546BD1018A4AA.e.21892"}]}
]]></system-out>
    </testcase>
    <testcase classname="chrome.136_0_7103_93.windows.Return_from_Site_w/_warehouse_management_w_clarification" name="Should provide to site" time="42.917">
      <system-out><![CDATA[
COMMAND: POST /session/85be7df00c2941df1715a768c51ad8f5/element - {"using":"xpath","value":"//button[@data-kt=\"provideButton\"]"}
COMMAND: GET /session/85be7df00c2941df1715a768c51ad8f5/screenshot - {}
RESULT: {"using":"xpath","value":"//button[@data-kt=\"provideButton\"]"}
COMMAND: POST /session/85be7df00c2941df1715a768c51ad8f5/element/f.5D121FC7909F200889B59C01A2F655FF.d.5567A7FF03E1FB9757E546BD1018A4AA.e.21893/click - {}
RESULT: {}
RESULT: {}
COMMAND: GET /session/85be7df00c2941df1715a768c51ad8f5/screenshot - {}
RESULT: undefined
COMMAND: POST /session/85be7df00c2941df1715a768c51ad8f5/execute/async - {"script":"<script> [6424 bytes]","args":[{"element-6066-11e4-a52e-4f735466cecf":"f.5D121FC7909F200889B59C01A2F655FF.d.5567A7FF03E1FB9757E546BD1018A4AA.e.20846"},"setValue",["05/23/25"]]}
RESULT: {}
COMMAND: POST /session/85be7df00c2941df1715a768c51ad8f5/execute/async - {"script":"<script> [1562 bytes]","args":[{"selector":{"id":"application-managehandovers-display-component---AddNewHO--dueDate","interaction":{"idSuffix":"inner"}},"wdio_ui5_key":"applicationmanagehandovers-display-component---AddNewHO--dueDate"}]}
RESULT: {"script":"<script> [1562 bytes]","args":[{"selector":{"id":"application-managehandovers-display-component---AddNewHO--dueDate","interaction":{"idSuffix":"inner"}},"wdio_ui5_key":"applicationmanagehandovers-display-component---AddNewHO--dueDate"}]}
COMMAND: POST /session/85be7df00c2941df1715a768c51ad8f5/execute/async - {"script":"<script> [6424 bytes]","args":[{"element-6066-11e4-a52e-4f735466cecf":"f.5D121FC7909F200889B59C01A2F655FF.d.5567A7FF03E1FB9757E546BD1018A4AA.e.21969"},"setValue",["05/23/25"]]}
RESULT: {"script":"<script> [6424 bytes]","args":[{"element-6066-11e4-a52e-4f735466cecf":"f.5D121FC7909F200889B59C01A2F655FF.d.5567A7FF03E1FB9757E546BD1018A4AA.e.21969"},"setValue",["05/23/25"]]}
COMMAND: POST /session/85be7df00c2941df1715a768c51ad8f5/element - {"using":"xpath","value":"//bdi[contains(text(), \"Instructions\")]"}
RESULT: {"using":"xpath","value":"//bdi[contains(text(), \"Instructions\")]"}
COMMAND: POST /session/85be7df00c2941df1715a768c51ad8f5/element/f.5D121FC7909F200889B59C01A2F655FF.d.5567A7FF03E1FB9757E546BD1018A4AA.e.22229/click - {}
RESULT: {}
COMMAND: GET /session/85be7df00c2941df1715a768c51ad8f5/screenshot - {}
RESULT: {}
COMMAND: POST /session/85be7df00c2941df1715a768c51ad8f5/element - {"using":"xpath","value":"//button[@data-kt=\"AddNewHOProvideAddItemsButton\"]"}
RESULT: {"using":"xpath","value":"//button[@data-kt=\"AddNewHOProvideAddItemsButton\"]"}
COMMAND: POST /session/85be7df00c2941df1715a768c51ad8f5/element/f.5D121FC7909F200889B59C01A2F655FF.d.5567A7FF03E1FB9757E546BD1018A4AA.e.22233/click - {}
RESULT: {}
COMMAND: GET /session/85be7df00c2941df1715a768c51ad8f5/screenshot - {}
RESULT: {}
RESULT: undefined
COMMAND: POST /session/85be7df00c2941df1715a768c51ad8f5/element - {"using":"xpath","value":"//*[@id=\"application-managehandovers-display-component---AddNewHO--popup-sa\"]"}
RESULT: {"using":"xpath","value":"//*[@id=\"application-managehandovers-display-component---AddNewHO--popup-sa\"]"}
COMMAND: POST /session/85be7df00c2941df1715a768c51ad8f5/element/f.5D121FC7909F200889B59C01A2F655FF.d.5567A7FF03E1FB9757E546BD1018A4AA.e.22242/click - {}
RESULT: {}
COMMAND: GET /session/85be7df00c2941df1715a768c51ad8f5/screenshot - {}
RESULT: {}
COMMAND: POST /session/85be7df00c2941df1715a768c51ad8f5/element - {"using":"xpath","value":"//*[contains(@id ,\"BDI-content\")][contains(text(), \"Select\")]"}
RESULT: {"using":"xpath","value":"//*[contains(@id ,\"BDI-content\")][contains(text(), \"Select\")]"}
COMMAND: POST /session/85be7df00c2941df1715a768c51ad8f5/element/f.5D121FC7909F200889B59C01A2F655FF.d.5567A7FF03E1FB9757E546BD1018A4AA.e.22244/click - {}
RESULT: {}
COMMAND: GET /session/85be7df00c2941df1715a768c51ad8f5/screenshot - {}
RESULT: {}
COMMAND: POST /session/85be7df00c2941df1715a768c51ad8f5/element - {"using":"xpath","value":"//bdi[(text() = 'Save' or . = 'Save')]"}
RESULT: {"using":"xpath","value":"//bdi[(text() = 'Save' or . = 'Save')]"}
COMMAND: POST /session/85be7df00c2941df1715a768c51ad8f5/element/f.5D121FC7909F200889B59C01A2F655FF.d.5567A7FF03E1FB9757E546BD1018A4AA.e.22252/click - {}
RESULT: {}
COMMAND: GET /session/85be7df00c2941df1715a768c51ad8f5/screenshot - {}
RESULT: {}
]]></system-out>
    </testcase>
    <testcase classname="chrome.136_0_7103_93.windows.Return_from_Site_w/_warehouse_management_w_clarification" name="Should test for Handover Execution" time="172.8">
      <system-out><![CDATA[
COMMAND: POST /session/85be7df00c2941df1715a768c51ad8f5/execute/async - {"script":"<script> [1562 bytes]","args":[{"selector":{"controlType":"sap.m.Link","viewName":"etm.portal.ui.managehandovers.view.DetailExecuteHO","bindingPath":{"path":"","propertyPath":"/wmDoc","modelName":"warehouseMovModel"}},"wdio_ui5_key":"etmportal.ui.managehandovers.view.DetailExecuteHOsap.m.Link{\"path\":\"\",\"propertyPath\":\"/wmDoc\",\"modelName\":\"warehouseMovModel\"}"}]}
RESULT: {"script":"<script> [1562 bytes]","args":[{"selector":{"controlType":"sap.m.Link","viewName":"etm.portal.ui.managehandovers.view.DetailExecuteHO","bindingPath":{"path":"","propertyPath":"/wmDoc","modelName":"warehouseMovModel"}},"wdio_ui5_key":"etmportal.ui.managehandovers.view.DetailExecuteHOsap.m.Link{\"path\":\"\",\"propertyPath\":\"/wmDoc\",\"modelName\":\"warehouseMovModel\"}"}]}
RESULT: undefined
COMMAND: POST /session/85be7df00c2941df1715a768c51ad8f5/element - {"using":"xpath","value":"//*[@id=\"__link82\"]"}
RESULT: {"using":"xpath","value":"//*[@id=\"__link82\"]"}
COMMAND: POST /session/85be7df00c2941df1715a768c51ad8f5/element/f.5D121FC7909F200889B59C01A2F655FF.d.5567A7FF03E1FB9757E546BD1018A4AA.e.22293/click - {}
RESULT: {}
COMMAND: GET /session/85be7df00c2941df1715a768c51ad8f5/screenshot - {}
RESULT: {}
COMMAND: POST /session/85be7df00c2941df1715a768c51ad8f5/execute/async - {"script":"<script> [1562 bytes]","args":[{"selector":{"controlType":"sap.m.Link","viewName":"etm.portal.ui.managehandovers.view.DetailExecuteHO","properties":{"text":"Warehouse Overview"},"searchOpenDialogs":true},"wdio_ui5_key":"etmportal.ui.managehandovers.view.DetailExecuteHOsap.m.Link{\"text\":\"Warehouse Overview\"}"}]}
RESULT: {"script":"<script> [1562 bytes]","args":[{"selector":{"controlType":"sap.m.Link","viewName":"etm.portal.ui.managehandovers.view.DetailExecuteHO","properties":{"text":"Warehouse Overview"},"searchOpenDialogs":true},"wdio_ui5_key":"etmportal.ui.managehandovers.view.DetailExecuteHOsap.m.Link{\"text\":\"Warehouse Overview\"}"}]}
RESULT: undefined
COMMAND: POST /session/85be7df00c2941df1715a768c51ad8f5/element - {"using":"xpath","value":"//*[@id=\"__link98\"]"}
RESULT: {"using":"xpath","value":"//*[@id=\"__link98\"]"}
COMMAND: POST /session/85be7df00c2941df1715a768c51ad8f5/element/f.5D121FC7909F200889B59C01A2F655FF.d.5567A7FF03E1FB9757E546BD1018A4AA.e.22297/click - {}
RESULT: {}
COMMAND: GET /session/85be7df00c2941df1715a768c51ad8f5/screenshot - {}
COMMAND: POST /session/85be7df00c2941df1715a768c51ad8f5/execute/async - {"script":"<script> [1562 bytes]","args":[{"selector":{"controlType":"sap.m.Button","viewName":"etm.portal.ui.warehousemovements.view.DisplayMovement","viewId":"application-warehousemovements-display-component---displayMovement","i18NText":{"propertyName":"text","key":"execution"},"interaction":{"idSuffix":"BDI-content"}},"wdio_ui5_key":"etmportal.ui.warehousemovements.view.DisplayMovementsap.m.Button{\"propertyName\":\"text\",\"key\":\"execution\"}"}]}
RESULT: {}
RESULT: {"script":"<script> [1562 bytes]","args":[{"selector":{"controlType":"sap.m.Button","viewName":"etm.portal.ui.warehousemovements.view.DisplayMovement","viewId":"application-warehousemovements-display-component---displayMovement","i18NText":{"propertyName":"text","key":"execution"},"interaction":{"idSuffix":"BDI-content"}},"wdio_ui5_key":"etmportal.ui.warehousemovements.view.DisplayMovementsap.m.Button{\"propertyName\":\"text\",\"key\":\"execution\"}"}]}
RESULT: undefined
COMMAND: POST /session/85be7df00c2941df1715a768c51ad8f5/element - {"using":"xpath","value":"//*[@id=\"__button247\"]"}
RESULT: {"using":"xpath","value":"//*[@id=\"__button247\"]"}
COMMAND: POST /session/85be7df00c2941df1715a768c51ad8f5/element/f.5D121FC7909F200889B59C01A2F655FF.d.5567A7FF03E1FB9757E546BD1018A4AA.e.22418/click - {}
RESULT: {}
COMMAND: GET /session/85be7df00c2941df1715a768c51ad8f5/screenshot - {}
RESULT: {}
COMMAND: POST /session/85be7df00c2941df1715a768c51ad8f5/execute/async - {"script":"<script> [1562 bytes]","args":[{"selector":{"controlType":"sap.m.Button","viewName":"etm.portal.ui.warehousemovements.view.ExecuteMovement","viewId":"application-warehousemovements-display-component---executeMovement","properties":{"text":"Items"},"interaction":{"idSuffix":"BDI-content"}},"wdio_ui5_key":"etmportal.ui.warehousemovements.view.ExecuteMovementsap.m.Button{\"text\":\"Items\"}"}]}
RESULT: {"script":"<script> [1562 bytes]","args":[{"selector":{"controlType":"sap.m.Button","viewName":"etm.portal.ui.warehousemovements.view.ExecuteMovement","viewId":"application-warehousemovements-display-component---executeMovement","properties":{"text":"Items"},"interaction":{"idSuffix":"BDI-content"}},"wdio_ui5_key":"etmportal.ui.warehousemovements.view.ExecuteMovementsap.m.Button{\"text\":\"Items\"}"}]}
RESULT: undefined
COMMAND: POST /session/85be7df00c2941df1715a768c51ad8f5/element - {"using":"xpath","value":"//*[@id=\"__layout379-anchBar-application-warehousemovements-display-component---executeMovement--itemsSection-anchor\"]"}
RESULT: {"using":"xpath","value":"//*[@id=\"__layout379-anchBar-application-warehousemovements-display-component---executeMovement--itemsSection-anchor\"]"}
COMMAND: POST /session/85be7df00c2941df1715a768c51ad8f5/element/f.5D121FC7909F200889B59C01A2F655FF.d.5567A7FF03E1FB9757E546BD1018A4AA.e.22517/click - {}
RESULT: {}
COMMAND: GET /session/85be7df00c2941df1715a768c51ad8f5/screenshot - {}
RESULT: {}
COMMAND: POST /session/85be7df00c2941df1715a768c51ad8f5/execute/async - {"script":"<script> [1562 bytes]","args":[{"selector":{"controlType":"sap.m.ToggleButton","viewName":"etm.portal.ui.warehousemovements.view.ExecuteMovement","viewId":"application-warehousemovements-display-component---executeMovement","bindingPath":{"propertyPath":"STATUS","modelName":"catalogModel"},"interaction":{"idSuffix":"BDI-content"}},"wdio_ui5_key":"etmportal.ui.warehousemovements.view.ExecuteMovementsap.m.ToggleButton{\"propertyPath\":\"STATUS\",\"modelName\":\"catalogModel\"}"}]}
RESULT: {"script":"<script> [1562 bytes]","args":[{"selector":{"controlType":"sap.m.ToggleButton","viewName":"etm.portal.ui.warehousemovements.view.ExecuteMovement","viewId":"application-warehousemovements-display-component---executeMovement","bindingPath":{"propertyPath":"STATUS","modelName":"catalogModel"},"interaction":{"idSuffix":"BDI-content"}},"wdio_ui5_key":"etmportal.ui.warehousemovements.view.ExecuteMovementsap.m.ToggleButton{\"propertyPath\":\"STATUS\",\"modelName\":\"catalogModel\"}"}]}
RESULT: undefined
COMMAND: POST /session/85be7df00c2941df1715a768c51ad8f5/element - {"using":"xpath","value":"//*[@id=\"__button272-__clone2186\"]"}
RESULT: {"using":"xpath","value":"//*[@id=\"__button272-__clone2186\"]"}
COMMAND: POST /session/85be7df00c2941df1715a768c51ad8f5/element/f.5D121FC7909F200889B59C01A2F655FF.d.5567A7FF03E1FB9757E546BD1018A4AA.e.22494/click - {}
RESULT: {}
RESULT: undefined
COMMAND: POST /session/85be7df00c2941df1715a768c51ad8f5/element - {"using":"xpath","value":"//*[@id=\"__button272-__clone2186\"]"}
COMMAND: GET /session/85be7df00c2941df1715a768c51ad8f5/screenshot - {}
RESULT: {"using":"xpath","value":"//*[@id=\"__button272-__clone2186\"]"}
COMMAND: POST /session/85be7df00c2941df1715a768c51ad8f5/element/f.5D121FC7909F200889B59C01A2F655FF.d.5567A7FF03E1FB9757E546BD1018A4AA.e.22494/click - {}
RESULT: {}
RESULT: {}
COMMAND: GET /session/85be7df00c2941df1715a768c51ad8f5/screenshot - {}
RESULT: {}
COMMAND: POST /session/85be7df00c2941df1715a768c51ad8f5/element - {"using":"xpath","value":"//section[contains(@id,\"FC-NoHead\")]/div[1]/div[5]/div[2]/span"}
RESULT: {"using":"xpath","value":"//section[contains(@id,\"FC-NoHead\")]/div[1]/div[5]/div[2]/span"}
COMMAND: POST /session/85be7df00c2941df1715a768c51ad8f5/elements - {"using":"xpath","value":"//section[contains(@id,\"FC-NoHead\")]/div[1]/div[5]/div[2]/span"}
RESULT: {"using":"xpath","value":"//section[contains(@id,\"FC-NoHead\")]/div[1]/div[5]/div[2]/span"}
COMMAND: POST /session/85be7df00c2941df1715a768c51ad8f5/execute/sync - {"script":"<script> [56 bytes]","args":[{"element-6066-11e4-a52e-4f735466cecf":"f.5D121FC7909F200889B59C01A2F655FF.d.5567A7FF03E1FB9757E546BD1018A4AA.e.22524","ELEMENT":"f.5D121FC7909F200889B59C01A2F655FF.d.5567A7FF03E1FB9757E546BD1018A4AA.e.22524"}]}
RESULT: {"script":"<script> [56 bytes]","args":[{"element-6066-11e4-a52e-4f735466cecf":"f.5D121FC7909F200889B59C01A2F655FF.d.5567A7FF03E1FB9757E546BD1018A4AA.e.22524","ELEMENT":"f.5D121FC7909F200889B59C01A2F655FF.d.5567A7FF03E1FB9757E546BD1018A4AA.e.22524"}]}
COMMAND: POST /session/85be7df00c2941df1715a768c51ad8f5/actions - {"actions":[{"id":"action67","type":"key","parameters":{},"actions":[{"type":"keyDown","value":""},{"type":"pause","duration":10},{"type":"keyUp","value":""}]}]}
COMMAND: GET /session/85be7df00c2941df1715a768c51ad8f5/screenshot - {}
RESULT: {"actions":[{"id":"action67","type":"key","parameters":{},"actions":[{"type":"keyDown","value":""},{"type":"pause","duration":10},{"type":"keyUp","value":""}]}]}
COMMAND: POST /session/85be7df00c2941df1715a768c51ad8f5/execute/async - {"script":"<script> [1562 bytes]","args":[{"selector":{"id":"application-warehousemovements-display-component---executeMovement--executeId","interaction":{"idSuffix":"BDI-content"}},"wdio_ui5_key":"applicationwarehousemovements-display-component---executeMovement--executeId"}]}
COMMAND: GET /session/85be7df00c2941df1715a768c51ad8f5/screenshot - {}
RESULT: {}
RESULT: {"script":"<script> [1562 bytes]","args":[{"selector":{"id":"application-warehousemovements-display-component---executeMovement--executeId","interaction":{"idSuffix":"BDI-content"}},"wdio_ui5_key":"applicationwarehousemovements-display-component---executeMovement--executeId"}]}
RESULT: undefined
COMMAND: POST /session/85be7df00c2941df1715a768c51ad8f5/element - {"using":"xpath","value":"//*[@id=\"application-warehousemovements-display-component---executeMovement--executeId\"]"}
RESULT: {}
RESULT: {"using":"xpath","value":"//*[@id=\"application-warehousemovements-display-component---executeMovement--executeId\"]"}
COMMAND: POST /session/85be7df00c2941df1715a768c51ad8f5/element/f.5D121FC7909F200889B59C01A2F655FF.d.5567A7FF03E1FB9757E546BD1018A4AA.e.22487/click - {}
RESULT: {}
COMMAND: GET /session/85be7df00c2941df1715a768c51ad8f5/screenshot - {}
RESULT: {}
COMMAND: POST /session/85be7df00c2941df1715a768c51ad8f5/element - {"using":"css selector","value":"#shell-header-logo"}
RESULT: {"using":"css selector","value":"#shell-header-logo"}
COMMAND: POST /session/85be7df00c2941df1715a768c51ad8f5/element/f.5D121FC7909F200889B59C01A2F655FF.d.5567A7FF03E1FB9757E546BD1018A4AA.e.21255/click - {}
RESULT: {}
COMMAND: GET /session/85be7df00c2941df1715a768c51ad8f5/screenshot - {}
RESULT: {}
RESULT: undefined
COMMAND: POST /session/85be7df00c2941df1715a768c51ad8f5/element - {"using":"xpath","value":"//*[@id=\"__tile132\"]"}
RESULT: {"using":"xpath","value":"//*[@id=\"__tile132\"]"}
COMMAND: POST /session/85be7df00c2941df1715a768c51ad8f5/element/f.5D121FC7909F200889B59C01A2F655FF.d.5567A7FF03E1FB9757E546BD1018A4AA.e.19819/click - {}
RESULT: {}
COMMAND: GET /session/85be7df00c2941df1715a768c51ad8f5/screenshot - {}
RESULT: {}
COMMAND: POST /session/85be7df00c2941df1715a768c51ad8f5/elements - {"using":"xpath","value":"//span[text()='Error']"}
RESULT: {"using":"xpath","value":"//span[text()='Error']"}
COMMAND: POST /session/85be7df00c2941df1715a768c51ad8f5/execute/async - {"script":"<script> [1562 bytes]","args":[{"selector":{"controlType":"sap.m.SearchField","viewName":"etm.portal.ui.managehandovers.view.MasterHO","bindingPath":{"propertyPath":"/_BASIC_SEARCH_FIELD","modelName":"fi1t3rM0d31"},"interaction":{"idSuffix":"I"}},"wdio_ui5_key":"etmportal.ui.managehandovers.view.MasterHOsap.m.SearchField{\"propertyPath\":\"/_BASIC_SEARCH_FIELD\",\"modelName\":\"fi1t3rM0d31\"}"}]}
RESULT: {"script":"<script> [1562 bytes]","args":[{"selector":{"controlType":"sap.m.SearchField","viewName":"etm.portal.ui.managehandovers.view.MasterHO","bindingPath":{"propertyPath":"/_BASIC_SEARCH_FIELD","modelName":"fi1t3rM0d31"},"interaction":{"idSuffix":"I"}},"wdio_ui5_key":"etmportal.ui.managehandovers.view.MasterHOsap.m.SearchField{\"propertyPath\":\"/_BASIC_SEARCH_FIELD\",\"modelName\":\"fi1t3rM0d31\"}"}]}
RESULT: undefined
COMMAND: POST /session/85be7df00c2941df1715a768c51ad8f5/execute/async - {"script":"<script> [776 bytes]","args":[{"enterText":"30335","selector":{"controlType":"sap.m.SearchField","viewName":"etm.portal.ui.managehandovers.view.MasterHO","bindingPath":{"propertyPath":"/_BASIC_SEARCH_FIELD","modelName":"fi1t3rM0d31"},"interaction":{"idSuffix":"I"}},"clearTextFirst":true,"interactionType":"ENTER_TEXT"}]}
RESULT: {"script":"<script> [776 bytes]","args":[{"enterText":"30335","selector":{"controlType":"sap.m.SearchField","viewName":"etm.portal.ui.managehandovers.view.MasterHO","bindingPath":{"propertyPath":"/_BASIC_SEARCH_FIELD","modelName":"fi1t3rM0d31"},"interaction":{"idSuffix":"I"}},"clearTextFirst":true,"interactionType":"ENTER_TEXT"}]}
COMMAND: POST /session/85be7df00c2941df1715a768c51ad8f5/actions - {"actions":[{"id":"action68","type":"key","parameters":{},"actions":[{"type":"keyDown","value":""},{"type":"pause","duration":10},{"type":"keyUp","value":""}]}]}
RESULT: {"actions":[{"id":"action68","type":"key","parameters":{},"actions":[{"type":"keyDown","value":""},{"type":"pause","duration":10},{"type":"keyUp","value":""}]}]}
COMMAND: GET /session/85be7df00c2941df1715a768c51ad8f5/screenshot - {}
RESULT: {}
COMMAND: POST /session/85be7df00c2941df1715a768c51ad8f5/execute/async - {"script":"<script> [1562 bytes]","args":[{"selector":{"controlType":"sap.ui.core.Icon","viewName":"etm.portal.ui.managehandovers.view.MasterHO","properties":{"src":{"regex":{"source":"slim\\-arrow\\-right"}}}},"wdio_ui5_key":"etmportal.ui.managehandovers.view.MasterHOsap.ui.core.Icon{\"src\":{\"regex\":{\"source\":\"slim\\\\-arrow\\\\-right\"}}}"}]}
RESULT: {"script":"<script> [1562 bytes]","args":[{"selector":{"controlType":"sap.ui.core.Icon","viewName":"etm.portal.ui.managehandovers.view.MasterHO","properties":{"src":{"regex":{"source":"slim\\-arrow\\-right"}}}},"wdio_ui5_key":"etmportal.ui.managehandovers.view.MasterHOsap.ui.core.Icon{\"src\":{\"regex\":{\"source\":\"slim\\\\-arrow\\\\-right\"}}}"}]}
RESULT: undefined
COMMAND: POST /session/85be7df00c2941df1715a768c51ad8f5/element - {"using":"xpath","value":"//*[@id=\"__item1121-__clone2266-imgNav\"]"}
RESULT: {"using":"xpath","value":"//*[@id=\"__item1121-__clone2266-imgNav\"]"}
COMMAND: POST /session/85be7df00c2941df1715a768c51ad8f5/element/f.5D121FC7909F200889B59C01A2F655FF.d.5567A7FF03E1FB9757E546BD1018A4AA.e.22698/click - {}
RESULT: {}
COMMAND: GET /session/85be7df00c2941df1715a768c51ad8f5/screenshot - {}
RESULT: {}
COMMAND: POST /session/85be7df00c2941df1715a768c51ad8f5/element - {"using":"xpath","value":"//button[@data-kt=\"IssuingTableConfirmAllButton\"]"}
RESULT: {"using":"xpath","value":"//button[@data-kt=\"IssuingTableConfirmAllButton\"]"}
COMMAND: POST /session/85be7df00c2941df1715a768c51ad8f5/element/f.5D121FC7909F200889B59C01A2F655FF.d.5567A7FF03E1FB9757E546BD1018A4AA.e.22795/click - {}
RESULT: {}
COMMAND: GET /session/85be7df00c2941df1715a768c51ad8f5/screenshot - {}
RESULT: {}
COMMAND: POST /session/85be7df00c2941df1715a768c51ad8f5/element - {"using":"xpath","value":"//bdi[contains(text(), \"OK\")]"}
RESULT: {"using":"xpath","value":"//bdi[contains(text(), \"OK\")]"}
COMMAND: POST /session/85be7df00c2941df1715a768c51ad8f5/element/f.5D121FC7909F200889B59C01A2F655FF.d.5567A7FF03E1FB9757E546BD1018A4AA.e.22801/click - {}
RESULT: {}
COMMAND: GET /session/85be7df00c2941df1715a768c51ad8f5/screenshot - {}
RESULT: {}
COMMAND: POST /session/85be7df00c2941df1715a768c51ad8f5/element - {"using":"xpath","value":"//button[@data-kt=\"execHoIssueButton\"]"}
RESULT: {"using":"xpath","value":"//button[@data-kt=\"execHoIssueButton\"]"}
COMMAND: POST /session/85be7df00c2941df1715a768c51ad8f5/element/f.5D121FC7909F200889B59C01A2F655FF.d.5567A7FF03E1FB9757E546BD1018A4AA.e.22803/click - {}
RESULT: {}
COMMAND: GET /session/85be7df00c2941df1715a768c51ad8f5/screenshot - {}
RESULT: {}
RESULT: undefined
COMMAND: POST /session/85be7df00c2941df1715a768c51ad8f5/execute/async - {"script":"<script> [776 bytes]","args":[{"enterText":"30335","selector":{"controlType":"sap.m.SearchField","viewName":"etm.portal.ui.managehandovers.view.MasterHO","bindingPath":{"propertyPath":"/_BASIC_SEARCH_FIELD","modelName":"fi1t3rM0d31"},"interaction":{"idSuffix":"I"}},"clearTextFirst":true,"interactionType":"ENTER_TEXT"}]}
RESULT: {"script":"<script> [776 bytes]","args":[{"enterText":"30335","selector":{"controlType":"sap.m.SearchField","viewName":"etm.portal.ui.managehandovers.view.MasterHO","bindingPath":{"propertyPath":"/_BASIC_SEARCH_FIELD","modelName":"fi1t3rM0d31"},"interaction":{"idSuffix":"I"}},"clearTextFirst":true,"interactionType":"ENTER_TEXT"}]}
COMMAND: POST /session/85be7df00c2941df1715a768c51ad8f5/actions - {"actions":[{"id":"action69","type":"key","parameters":{},"actions":[{"type":"keyDown","value":""},{"type":"pause","duration":10},{"type":"keyUp","value":""}]}]}
RESULT: {"actions":[{"id":"action69","type":"key","parameters":{},"actions":[{"type":"keyDown","value":""},{"type":"pause","duration":10},{"type":"keyUp","value":""}]}]}
COMMAND: GET /session/85be7df00c2941df1715a768c51ad8f5/screenshot - {}
RESULT: {}
COMMAND: POST /session/85be7df00c2941df1715a768c51ad8f5/element - {"using":"xpath","value":"//span[(text() = '30335' or . = '30335')]"}
RESULT: {"using":"xpath","value":"//span[(text() = '30335' or . = '30335')]"}
COMMAND: POST /session/85be7df00c2941df1715a768c51ad8f5/element/f.5D121FC7909F200889B59C01A2F655FF.d.5567A7FF03E1FB9757E546BD1018A4AA.e.22846/click - {}
RESULT: {}
COMMAND: GET /session/85be7df00c2941df1715a768c51ad8f5/screenshot - {}
RESULT: {}
COMMAND: POST /session/85be7df00c2941df1715a768c51ad8f5/element - {"using":"xpath","value":"//span[contains(text(), \"Instructions\")]"}
RESULT: {"using":"xpath","value":"//span[contains(text(), \"Instructions\")]"}
COMMAND: POST /session/85be7df00c2941df1715a768c51ad8f5/element/f.5D121FC7909F200889B59C01A2F655FF.d.5567A7FF03E1FB9757E546BD1018A4AA.e.22890/click - {}
RESULT: {}
COMMAND: GET /session/85be7df00c2941df1715a768c51ad8f5/screenshot - {}
RESULT: {}
COMMAND: POST /session/85be7df00c2941df1715a768c51ad8f5/element - {"using":"xpath","value":"//span[contains(text(), \"Instructions\")]"}
RESULT: {"using":"xpath","value":"//span[contains(text(), \"Instructions\")]"}
COMMAND: POST /session/85be7df00c2941df1715a768c51ad8f5/element/f.5D121FC7909F200889B59C01A2F655FF.d.5567A7FF03E1FB9757E546BD1018A4AA.e.22890/click - {}
RESULT: {}
COMMAND: GET /session/85be7df00c2941df1715a768c51ad8f5/screenshot - {}
RESULT: {}
COMMAND: POST /session/85be7df00c2941df1715a768c51ad8f5/execute/async - {"script":"<script> [1562 bytes]","args":[{"selector":{"controlType":"sap.m.ComboBox","viewName":"etm.portal.ui.managehandovers.view.DetailExecuteHO","bindingPath":{"propertyPath":"RECEIVING_SECTION","modelName":"catalogModel"},"interaction":{"idSuffix":"inner"}},"wdio_ui5_key":"etmportal.ui.managehandovers.view.DetailExecuteHOsap.m.ComboBox{\"propertyPath\":\"RECEIVING_SECTION\",\"modelName\":\"catalogModel\"}"}]}
RESULT: {"script":"<script> [1562 bytes]","args":[{"selector":{"controlType":"sap.m.ComboBox","viewName":"etm.portal.ui.managehandovers.view.DetailExecuteHO","bindingPath":{"propertyPath":"RECEIVING_SECTION","modelName":"catalogModel"},"interaction":{"idSuffix":"inner"}},"wdio_ui5_key":"etmportal.ui.managehandovers.view.DetailExecuteHOsap.m.ComboBox{\"propertyPath\":\"RECEIVING_SECTION\",\"modelName\":\"catalogModel\"}"}]}
RESULT: undefined
COMMAND: POST /session/85be7df00c2941df1715a768c51ad8f5/execute/async - {"script":"<script> [776 bytes]","args":[{"enterText":"WDIO-2074","selector":{"controlType":"sap.m.ComboBox","viewName":"etm.portal.ui.managehandovers.view.DetailExecuteHO","bindingPath":{"propertyPath":"RECEIVING_SECTION","modelName":"catalogModel"},"interaction":{"idSuffix":"inner"}},"clearTextFirst":true,"interactionType":"ENTER_TEXT"}]}
RESULT: {"script":"<script> [776 bytes]","args":[{"enterText":"WDIO-2074","selector":{"controlType":"sap.m.ComboBox","viewName":"etm.portal.ui.managehandovers.view.DetailExecuteHO","bindingPath":{"propertyPath":"RECEIVING_SECTION","modelName":"catalogModel"},"interaction":{"idSuffix":"inner"}},"clearTextFirst":true,"interactionType":"ENTER_TEXT"}]}
COMMAND: POST /session/85be7df00c2941df1715a768c51ad8f5/actions - {"actions":[{"id":"action70","type":"key","parameters":{},"actions":[{"type":"keyDown","value":""},{"type":"pause","duration":10},{"type":"keyUp","value":""}]}]}
RESULT: {"actions":[{"id":"action70","type":"key","parameters":{},"actions":[{"type":"keyDown","value":""},{"type":"pause","duration":10},{"type":"keyUp","value":""}]}]}
COMMAND: GET /session/85be7df00c2941df1715a768c51ad8f5/screenshot - {}
RESULT: {}
COMMAND: POST /session/85be7df00c2941df1715a768c51ad8f5/element - {"using":"xpath","value":"//button[@data-kt= \"execHoReceiveButton\"]"}
RESULT: {"using":"xpath","value":"//button[@data-kt= \"execHoReceiveButton\"]"}
COMMAND: POST /session/85be7df00c2941df1715a768c51ad8f5/element/f.5D121FC7909F200889B59C01A2F655FF.d.5567A7FF03E1FB9757E546BD1018A4AA.e.22896/click - {}
RESULT: {}
COMMAND: GET /session/85be7df00c2941df1715a768c51ad8f5/screenshot - {}
RESULT: {}
COMMAND: POST /session/85be7df00c2941df1715a768c51ad8f5/execute/async - {"script":"<script> [1562 bytes]","args":[{"selector":{"controlType":"sap.m.Button","properties":{"text":"Continue"},"searchOpenDialogs":true,"interaction":{"idSuffix":"content"}},"wdio_ui5_key":"sapm.Button{\"text\":\"Continue\"}"}]}
RESULT: {"script":"<script> [1562 bytes]","args":[{"selector":{"controlType":"sap.m.Button","properties":{"text":"Continue"},"searchOpenDialogs":true,"interaction":{"idSuffix":"content"}},"wdio_ui5_key":"sapm.Button{\"text\":\"Continue\"}"}]}
RESULT: undefined
COMMAND: POST /session/85be7df00c2941df1715a768c51ad8f5/element - {"using":"xpath","value":"//*[@id=\"__mbox-btn-6\"]"}
RESULT: {"using":"xpath","value":"//*[@id=\"__mbox-btn-6\"]"}
COMMAND: POST /session/85be7df00c2941df1715a768c51ad8f5/element/f.5D121FC7909F200889B59C01A2F655FF.d.5567A7FF03E1FB9757E546BD1018A4AA.e.22897/click - {}
RESULT: {}
COMMAND: GET /session/85be7df00c2941df1715a768c51ad8f5/screenshot - {}
RESULT: {}
COMMAND: POST /session/85be7df00c2941df1715a768c51ad8f5/element - {"using":"css selector","value":"#shell-header-logo"}
RESULT: {"using":"css selector","value":"#shell-header-logo"}
COMMAND: POST /session/85be7df00c2941df1715a768c51ad8f5/element/f.5D121FC7909F200889B59C01A2F655FF.d.5567A7FF03E1FB9757E546BD1018A4AA.e.22589/click - {}
RESULT: {}
COMMAND: GET /session/85be7df00c2941df1715a768c51ad8f5/screenshot - {}
RESULT: {}
]]></system-out>
    </testcase>
    <testcase classname="chrome.136_0_7103_93.windows.Return_from_Site_w/_warehouse_management_w_clarification" name="Should test for Clarification" time="72.848">
      <system-out><![CDATA[
RESULT: undefined
COMMAND: POST /session/85be7df00c2941df1715a768c51ad8f5/element - {"using":"xpath","value":"//*[@id=\"__tile132\"]"}
RESULT: {"using":"xpath","value":"//*[@id=\"__tile132\"]"}
COMMAND: POST /session/85be7df00c2941df1715a768c51ad8f5/element/f.5D121FC7909F200889B59C01A2F655FF.d.5567A7FF03E1FB9757E546BD1018A4AA.e.19819/click - {}
RESULT: {}
COMMAND: GET /session/85be7df00c2941df1715a768c51ad8f5/screenshot - {}
RESULT: {}
COMMAND: POST /session/85be7df00c2941df1715a768c51ad8f5/elements - {"using":"xpath","value":"//span[text()='Error']"}
RESULT: {"using":"xpath","value":"//span[text()='Error']"}
RESULT: undefined
COMMAND: POST /session/85be7df00c2941df1715a768c51ad8f5/execute/async - {"script":"<script> [776 bytes]","args":[{"enterText":"30335","selector":{"controlType":"sap.m.SearchField","viewName":"etm.portal.ui.managehandovers.view.MasterHO","bindingPath":{"propertyPath":"/_BASIC_SEARCH_FIELD","modelName":"fi1t3rM0d31"},"interaction":{"idSuffix":"I"}},"clearTextFirst":true,"interactionType":"ENTER_TEXT"}]}
RESULT: {"script":"<script> [776 bytes]","args":[{"enterText":"30335","selector":{"controlType":"sap.m.SearchField","viewName":"etm.portal.ui.managehandovers.view.MasterHO","bindingPath":{"propertyPath":"/_BASIC_SEARCH_FIELD","modelName":"fi1t3rM0d31"},"interaction":{"idSuffix":"I"}},"clearTextFirst":true,"interactionType":"ENTER_TEXT"}]}
COMMAND: POST /session/85be7df00c2941df1715a768c51ad8f5/actions - {"actions":[{"id":"action71","type":"key","parameters":{},"actions":[{"type":"keyDown","value":""},{"type":"pause","duration":10},{"type":"keyUp","value":""}]}]}
RESULT: undefined
RESULT: undefined
RESULT: {"actions":[{"id":"action71","type":"key","parameters":{},"actions":[{"type":"keyDown","value":""},{"type":"pause","duration":10},{"type":"keyUp","value":""}]}]}
COMMAND: GET /session/85be7df00c2941df1715a768c51ad8f5/screenshot - {}
RESULT: {}
COMMAND: POST /session/85be7df00c2941df1715a768c51ad8f5/element - {"using":"xpath","value":"//span[(text() = '30335' or . = '30335')]"}
RESULT: {"using":"xpath","value":"//span[(text() = '30335' or . = '30335')]"}
COMMAND: POST /session/85be7df00c2941df1715a768c51ad8f5/element/f.5D121FC7909F200889B59C01A2F655FF.d.5567A7FF03E1FB9757E546BD1018A4AA.e.23065/click - {}
RESULT: {}
COMMAND: GET /session/85be7df00c2941df1715a768c51ad8f5/screenshot - {}
RESULT: {}
COMMAND: POST /session/85be7df00c2941df1715a768c51ad8f5/element - {"using":"xpath","value":"//span[contains(text(), \"Instructions\")]"}
RESULT: {"using":"xpath","value":"//span[contains(text(), \"Instructions\")]"}
COMMAND: POST /session/85be7df00c2941df1715a768c51ad8f5/element/f.5D121FC7909F200889B59C01A2F655FF.d.5567A7FF03E1FB9757E546BD1018A4AA.e.23161/click - {}
RESULT: {}
COMMAND: GET /session/85be7df00c2941df1715a768c51ad8f5/screenshot - {}
RESULT: {}
COMMAND: POST /session/85be7df00c2941df1715a768c51ad8f5/element - {"using":"xpath","value":"//span[contains(text(), \"Instructions\")]"}
RESULT: {"using":"xpath","value":"//span[contains(text(), \"Instructions\")]"}
COMMAND: POST /session/85be7df00c2941df1715a768c51ad8f5/element/f.5D121FC7909F200889B59C01A2F655FF.d.5567A7FF03E1FB9757E546BD1018A4AA.e.23161/click - {}
RESULT: {}
COMMAND: GET /session/85be7df00c2941df1715a768c51ad8f5/screenshot - {}
RESULT: {}
COMMAND: POST /session/85be7df00c2941df1715a768c51ad8f5/element - {"using":"xpath","value":"//button[.//bdi[text() = \"Receive\"]]"}
RESULT: {"using":"xpath","value":"//button[.//bdi[text() = \"Receive\"]]"}
COMMAND: POST /session/85be7df00c2941df1715a768c51ad8f5/element/f.5D121FC7909F200889B59C01A2F655FF.d.5567A7FF03E1FB9757E546BD1018A4AA.e.23167/click - {}
RESULT: {}
COMMAND: GET /session/85be7df00c2941df1715a768c51ad8f5/screenshot - {}
RESULT: {}
COMMAND: POST /session/85be7df00c2941df1715a768c51ad8f5/element - {"using":"xpath","value":"//button[@data-kt= \"execHoReceiveRefuseButton\"]"}
RESULT: {"using":"xpath","value":"//button[@data-kt= \"execHoReceiveRefuseButton\"]"}
COMMAND: POST /session/85be7df00c2941df1715a768c51ad8f5/element/f.5D121FC7909F200889B59C01A2F655FF.d.5567A7FF03E1FB9757E546BD1018A4AA.e.23169/click - {}
RESULT: {}
COMMAND: GET /session/85be7df00c2941df1715a768c51ad8f5/screenshot - {}
RESULT: {}
COMMAND: POST /session/85be7df00c2941df1715a768c51ad8f5/element - {"using":"css selector","value":"#shell-header-logo"}
RESULT: {"using":"css selector","value":"#shell-header-logo"}
COMMAND: POST /session/85be7df00c2941df1715a768c51ad8f5/element/f.5D121FC7909F200889B59C01A2F655FF.d.5567A7FF03E1FB9757E546BD1018A4AA.e.22939/click - {}
RESULT: {}
COMMAND: GET /session/85be7df00c2941df1715a768c51ad8f5/screenshot - {}
RESULT: {}
]]></system-out>
    </testcase>
    <testcase classname="chrome.136_0_7103_93.windows.Return_from_Site_w/_warehouse_management_w_clarification" name="Should do a return to site from the contracts screen in one step" time="228.683">
      <system-out><![CDATA[
RESULT: undefined
COMMAND: POST /session/85be7df00c2941df1715a768c51ad8f5/element - {"using":"xpath","value":"//*[@id=\"__tile130\"]"}
RESULT: {"using":"xpath","value":"//*[@id=\"__tile130\"]"}
COMMAND: POST /session/85be7df00c2941df1715a768c51ad8f5/element/f.5D121FC7909F200889B59C01A2F655FF.d.5567A7FF03E1FB9757E546BD1018A4AA.e.19754/click - {}
RESULT: {}
COMMAND: GET /session/85be7df00c2941df1715a768c51ad8f5/screenshot - {}
RESULT: {}
COMMAND: POST /session/85be7df00c2941df1715a768c51ad8f5/elements - {"using":"xpath","value":"//span[text()='Error']"}
RESULT: {"using":"xpath","value":"//span[text()='Error']"}
COMMAND: POST /session/85be7df00c2941df1715a768c51ad8f5/element - {"using":"xpath","value":"//button[@data-kt=\"addButton\"]"}
RESULT: {"using":"xpath","value":"//button[@data-kt=\"addButton\"]"}
COMMAND: POST /session/85be7df00c2941df1715a768c51ad8f5/elements - {"using":"xpath","value":"//button[@data-kt=\"addButton\"]"}
RESULT: {"using":"xpath","value":"//button[@data-kt=\"addButton\"]"}
COMMAND: POST /session/85be7df00c2941df1715a768c51ad8f5/execute/sync - {"script":"<script> [8489 bytes]","args":[{"element-6066-11e4-a52e-4f735466cecf":"f.5D121FC7909F200889B59C01A2F655FF.d.5567A7FF03E1FB9757E546BD1018A4AA.e.23254","ELEMENT":"f.5D121FC7909F200889B59C01A2F655FF.d.5567A7FF03E1FB9757E546BD1018A4AA.e.23254"}]}
RESULT: {"script":"<script> [8489 bytes]","args":[{"element-6066-11e4-a52e-4f735466cecf":"f.5D121FC7909F200889B59C01A2F655FF.d.5567A7FF03E1FB9757E546BD1018A4AA.e.23254","ELEMENT":"f.5D121FC7909F200889B59C01A2F655FF.d.5567A7FF03E1FB9757E546BD1018A4AA.e.23254"}]}
COMMAND: GET /session/85be7df00c2941df1715a768c51ad8f5/element/f.5D121FC7909F200889B59C01A2F655FF.d.5567A7FF03E1FB9757E546BD1018A4AA.e.23254/enabled - {}
COMMAND: GET /session/85be7df00c2941df1715a768c51ad8f5/screenshot - {}
RESULT: {}
COMMAND: POST /session/85be7df00c2941df1715a768c51ad8f5/execute/sync - {"script":"<script> [8489 bytes]","args":[{"element-6066-11e4-a52e-4f735466cecf":"f.5D121FC7909F200889B59C01A2F655FF.d.5567A7FF03E1FB9757E546BD1018A4AA.e.23254","ELEMENT":"f.5D121FC7909F200889B59C01A2F655FF.d.5567A7FF03E1FB9757E546BD1018A4AA.e.23254"}]}
COMMAND: GET /session/85be7df00c2941df1715a768c51ad8f5/screenshot - {}
RESULT: {}
RESULT: {"script":"<script> [8489 bytes]","args":[{"element-6066-11e4-a52e-4f735466cecf":"f.5D121FC7909F200889B59C01A2F655FF.d.5567A7FF03E1FB9757E546BD1018A4AA.e.23254","ELEMENT":"f.5D121FC7909F200889B59C01A2F655FF.d.5567A7FF03E1FB9757E546BD1018A4AA.e.23254"}]}
COMMAND: POST /session/85be7df00c2941df1715a768c51ad8f5/execute/sync - {"script":"<script> [5351 bytes]","args":[{"element-6066-11e4-a52e-4f735466cecf":"f.5D121FC7909F200889B59C01A2F655FF.d.5567A7FF03E1FB9757E546BD1018A4AA.e.23254","ELEMENT":"f.5D121FC7909F200889B59C01A2F655FF.d.5567A7FF03E1FB9757E546BD1018A4AA.e.23254"}]}
COMMAND: GET /session/85be7df00c2941df1715a768c51ad8f5/screenshot - {}
RESULT: {}
RESULT: {"script":"<script> [5351 bytes]","args":[{"element-6066-11e4-a52e-4f735466cecf":"f.5D121FC7909F200889B59C01A2F655FF.d.5567A7FF03E1FB9757E546BD1018A4AA.e.23254","ELEMENT":"f.5D121FC7909F200889B59C01A2F655FF.d.5567A7FF03E1FB9757E546BD1018A4AA.e.23254"}]}
COMMAND: GET /session/85be7df00c2941df1715a768c51ad8f5/screenshot - {}
RESULT: {}
RESULT: {}
COMMAND: POST /session/85be7df00c2941df1715a768c51ad8f5/element - {"using":"xpath","value":"//input[contains(@id ,\"smartContractFilterBar-btnBasicSearch-I\")]"}
RESULT: {"using":"xpath","value":"//input[contains(@id ,\"smartContractFilterBar-btnBasicSearch-I\")]"}
COMMAND: POST /session/85be7df00c2941df1715a768c51ad8f5/elements - {"using":"xpath","value":"//input[contains(@id ,\"smartContractFilterBar-btnBasicSearch-I\")]"}
RESULT: {"using":"xpath","value":"//input[contains(@id ,\"smartContractFilterBar-btnBasicSearch-I\")]"}
COMMAND: POST /session/85be7df00c2941df1715a768c51ad8f5/execute/sync - {"script":"<script> [8489 bytes]","args":[{"element-6066-11e4-a52e-4f735466cecf":"f.5D121FC7909F200889B59C01A2F655FF.d.5567A7FF03E1FB9757E546BD1018A4AA.e.23218","ELEMENT":"f.5D121FC7909F200889B59C01A2F655FF.d.5567A7FF03E1FB9757E546BD1018A4AA.e.23218"}]}
RESULT: {"script":"<script> [8489 bytes]","args":[{"element-6066-11e4-a52e-4f735466cecf":"f.5D121FC7909F200889B59C01A2F655FF.d.5567A7FF03E1FB9757E546BD1018A4AA.e.23218","ELEMENT":"f.5D121FC7909F200889B59C01A2F655FF.d.5567A7FF03E1FB9757E546BD1018A4AA.e.23218"}]}
COMMAND: GET /session/85be7df00c2941df1715a768c51ad8f5/element/f.5D121FC7909F200889B59C01A2F655FF.d.5567A7FF03E1FB9757E546BD1018A4AA.e.23218/enabled - {}
COMMAND: GET /session/85be7df00c2941df1715a768c51ad8f5/screenshot - {}
RESULT: {}
COMMAND: POST /session/85be7df00c2941df1715a768c51ad8f5/element/f.5D121FC7909F200889B59C01A2F655FF.d.5567A7FF03E1FB9757E546BD1018A4AA.e.23218/clear - {}
COMMAND: GET /session/85be7df00c2941df1715a768c51ad8f5/screenshot - {}
RESULT: {}
RESULT: {}
COMMAND: POST /session/85be7df00c2941df1715a768c51ad8f5/element/f.5D121FC7909F200889B59C01A2F655FF.d.5567A7FF03E1FB9757E546BD1018A4AA.e.23218/value - {"text":"10165"}
COMMAND: GET /session/85be7df00c2941df1715a768c51ad8f5/screenshot - {}
RESULT: {}
RESULT: {"text":"10165"}
COMMAND: GET /session/85be7df00c2941df1715a768c51ad8f5/screenshot - {}
RESULT: {}
RESULT: {}
COMMAND: POST /session/85be7df00c2941df1715a768c51ad8f5/actions - {"actions":[{"id":"action72","type":"key","parameters":{},"actions":[{"type":"keyDown","value":""},{"type":"pause","duration":10},{"type":"keyUp","value":""}]}]}
RESULT: {"actions":[{"id":"action72","type":"key","parameters":{},"actions":[{"type":"keyDown","value":""},{"type":"pause","duration":10},{"type":"keyUp","value":""}]}]}
COMMAND: GET /session/85be7df00c2941df1715a768c51ad8f5/screenshot - {}
RESULT: {}
COMMAND: POST /session/85be7df00c2941df1715a768c51ad8f5/element - {"using":"xpath","value":"//span[contains(@id, \"masterListContractsSmartTable-header-inner\")]"}
RESULT: {"using":"xpath","value":"//span[contains(@id, \"masterListContractsSmartTable-header-inner\")]"}
COMMAND: POST /session/85be7df00c2941df1715a768c51ad8f5/elements - {"using":"xpath","value":"//span[contains(@id, \"masterListContractsSmartTable-header-inner\")]"}
RESULT: {"using":"xpath","value":"//span[contains(@id, \"masterListContractsSmartTable-header-inner\")]"}
COMMAND: POST /session/85be7df00c2941df1715a768c51ad8f5/execute/sync - {"script":"<script> [56 bytes]","args":[{"element-6066-11e4-a52e-4f735466cecf":"f.5D121FC7909F200889B59C01A2F655FF.d.5567A7FF03E1FB9757E546BD1018A4AA.e.23322","ELEMENT":"f.5D121FC7909F200889B59C01A2F655FF.d.5567A7FF03E1FB9757E546BD1018A4AA.e.23322"}]}
RESULT: {"script":"<script> [56 bytes]","args":[{"element-6066-11e4-a52e-4f735466cecf":"f.5D121FC7909F200889B59C01A2F655FF.d.5567A7FF03E1FB9757E546BD1018A4AA.e.23322","ELEMENT":"f.5D121FC7909F200889B59C01A2F655FF.d.5567A7FF03E1FB9757E546BD1018A4AA.e.23322"}]}
COMMAND: POST /session/85be7df00c2941df1715a768c51ad8f5/element - {"using":"xpath","value":"(//span[contains(@id, \"imgNav\")])[1]"}
COMMAND: GET /session/85be7df00c2941df1715a768c51ad8f5/screenshot - {}
RESULT: {"using":"xpath","value":"(//span[contains(@id, \"imgNav\")])[1]"}
COMMAND: POST /session/85be7df00c2941df1715a768c51ad8f5/element/f.5D121FC7909F200889B59C01A2F655FF.d.5567A7FF03E1FB9757E546BD1018A4AA.e.23321/click - {}
RESULT: {}
RESULT: {}
COMMAND: GET /session/85be7df00c2941df1715a768c51ad8f5/screenshot - {}
RESULT: {}
COMMAND: POST /session/85be7df00c2941df1715a768c51ad8f5/element - {"using":"xpath","value":"//button[contains(@id, \"contractDetailReturnButton\")]"}
RESULT: {"using":"xpath","value":"//button[contains(@id, \"contractDetailReturnButton\")]"}
COMMAND: POST /session/85be7df00c2941df1715a768c51ad8f5/element/f.5D121FC7909F200889B59C01A2F655FF.d.5567A7FF03E1FB9757E546BD1018A4AA.e.23449/click - {}
RESULT: {}
COMMAND: GET /session/85be7df00c2941df1715a768c51ad8f5/screenshot - {}
RESULT: undefined
COMMAND: POST /session/85be7df00c2941df1715a768c51ad8f5/execute/async - {"script":"<script> [6424 bytes]","args":[{"element-6066-11e4-a52e-4f735466cecf":"f.5D121FC7909F200889B59C01A2F655FF.d.5567A7FF03E1FB9757E546BD1018A4AA.e.20846"},"setValue",["05/23/25"]]}
RESULT: {}
COMMAND: POST /session/85be7df00c2941df1715a768c51ad8f5/execute/async - {"script":"<script> [1562 bytes]","args":[{"selector":{"id":"application-managehandovers-display-component---AddNewHO--dueDate","interaction":{"idSuffix":"inner"}},"wdio_ui5_key":"applicationmanagehandovers-display-component---AddNewHO--dueDate"}]}
RESULT: {"script":"<script> [1562 bytes]","args":[{"selector":{"id":"application-managehandovers-display-component---AddNewHO--dueDate","interaction":{"idSuffix":"inner"}},"wdio_ui5_key":"applicationmanagehandovers-display-component---AddNewHO--dueDate"}]}
COMMAND: POST /session/85be7df00c2941df1715a768c51ad8f5/execute/async - {"script":"<script> [6424 bytes]","args":[{"element-6066-11e4-a52e-4f735466cecf":"f.5D121FC7909F200889B59C01A2F655FF.d.5567A7FF03E1FB9757E546BD1018A4AA.e.23510"},"setValue",["05/23/25"]]}
RESULT: {"script":"<script> [6424 bytes]","args":[{"element-6066-11e4-a52e-4f735466cecf":"f.5D121FC7909F200889B59C01A2F655FF.d.5567A7FF03E1FB9757E546BD1018A4AA.e.23510"},"setValue",["05/23/25"]]}
COMMAND: POST /session/85be7df00c2941df1715a768c51ad8f5/element - {"using":"xpath","value":"//bdi[contains(text(), \"Instructions\")]"}
RESULT: {"using":"xpath","value":"//bdi[contains(text(), \"Instructions\")]"}
COMMAND: POST /session/85be7df00c2941df1715a768c51ad8f5/element/f.5D121FC7909F200889B59C01A2F655FF.d.5567A7FF03E1FB9757E546BD1018A4AA.e.23617/click - {}
RESULT: {}
COMMAND: GET /session/85be7df00c2941df1715a768c51ad8f5/screenshot - {}
RESULT: {}
COMMAND: POST /session/85be7df00c2941df1715a768c51ad8f5/element - {"using":"xpath","value":"//button[@data-kt=\"AddNewHOProvideAddItemsButton\"]"}
RESULT: {"using":"xpath","value":"//button[@data-kt=\"AddNewHOProvideAddItemsButton\"]"}
COMMAND: POST /session/85be7df00c2941df1715a768c51ad8f5/element/f.5D121FC7909F200889B59C01A2F655FF.d.5567A7FF03E1FB9757E546BD1018A4AA.e.23621/click - {}
RESULT: {}
COMMAND: GET /session/85be7df00c2941df1715a768c51ad8f5/screenshot - {}
RESULT: {}
RESULT: undefined
COMMAND: POST /session/85be7df00c2941df1715a768c51ad8f5/element - {"using":"xpath","value":"//*[@id=\"application-managehandovers-display-component---AddNewHO--popup-sa\"]"}
RESULT: {"using":"xpath","value":"//*[@id=\"application-managehandovers-display-component---AddNewHO--popup-sa\"]"}
COMMAND: POST /session/85be7df00c2941df1715a768c51ad8f5/element/f.5D121FC7909F200889B59C01A2F655FF.d.5567A7FF03E1FB9757E546BD1018A4AA.e.23636/click - {}
RESULT: {}
COMMAND: GET /session/85be7df00c2941df1715a768c51ad8f5/screenshot - {}
RESULT: {}
COMMAND: POST /session/85be7df00c2941df1715a768c51ad8f5/element - {"using":"xpath","value":"//*[contains(@id ,\"BDI-content\")][contains(text(), \"Select\")]"}
RESULT: {"using":"xpath","value":"//*[contains(@id ,\"BDI-content\")][contains(text(), \"Select\")]"}
COMMAND: POST /session/85be7df00c2941df1715a768c51ad8f5/element/f.5D121FC7909F200889B59C01A2F655FF.d.5567A7FF03E1FB9757E546BD1018A4AA.e.23638/click - {}
RESULT: {}
COMMAND: GET /session/85be7df00c2941df1715a768c51ad8f5/screenshot - {}
RESULT: {}
COMMAND: POST /session/85be7df00c2941df1715a768c51ad8f5/element - {"using":"xpath","value":"//bdi[(text() = 'Save' or . = 'Save')]"}
RESULT: {"using":"xpath","value":"//bdi[(text() = 'Save' or . = 'Save')]"}
COMMAND: POST /session/85be7df00c2941df1715a768c51ad8f5/element/f.5D121FC7909F200889B59C01A2F655FF.d.5567A7FF03E1FB9757E546BD1018A4AA.e.23646/click - {}
RESULT: {}
COMMAND: GET /session/85be7df00c2941df1715a768c51ad8f5/screenshot - {}
RESULT: {}
COMMAND: POST /session/85be7df00c2941df1715a768c51ad8f5/element - {"using":"xpath","value":"//a[@data-kt=\"execHoWhMovementLink\"]"}
RESULT: {"using":"xpath","value":"//a[@data-kt=\"execHoWhMovementLink\"]"}
COMMAND: POST /session/85be7df00c2941df1715a768c51ad8f5/element/f.5D121FC7909F200889B59C01A2F655FF.d.5567A7FF03E1FB9757E546BD1018A4AA.e.23682/click - {}
RESULT: {}
COMMAND: GET /session/85be7df00c2941df1715a768c51ad8f5/screenshot - {}
RESULT: {}
COMMAND: POST /session/85be7df00c2941df1715a768c51ad8f5/element - {"using":"xpath","value":"(//div[contains(@class, \"sapMPopover\") and .//div[contains(@style, \"display: block\")]])[last()]//a"}
RESULT: {"using":"xpath","value":"(//div[contains(@class, \"sapMPopover\") and .//div[contains(@style, \"display: block\")]])[last()]//a"}
COMMAND: POST /session/85be7df00c2941df1715a768c51ad8f5/element/f.5D121FC7909F200889B59C01A2F655FF.d.5567A7FF03E1FB9757E546BD1018A4AA.e.23686/click - {}
RESULT: {}
COMMAND: GET /session/85be7df00c2941df1715a768c51ad8f5/screenshot - {}
COMMAND: POST /session/85be7df00c2941df1715a768c51ad8f5/element - {"using":"xpath","value":"//button[@data-kt=\"executionButton\"]"}
RESULT: {}
RESULT: {"using":"xpath","value":"//button[@data-kt=\"executionButton\"]"}
COMMAND: POST /session/85be7df00c2941df1715a768c51ad8f5/element/f.5D121FC7909F200889B59C01A2F655FF.d.5567A7FF03E1FB9757E546BD1018A4AA.e.23802/click - {}
RESULT: {}
COMMAND: GET /session/85be7df00c2941df1715a768c51ad8f5/screenshot - {}
RESULT: {}
COMMAND: POST /session/85be7df00c2941df1715a768c51ad8f5/element - {"using":"xpath","value":"//button[contains(@id,\"executeMovement--itemsSection-anchor\")]"}
RESULT: {"using":"xpath","value":"//button[contains(@id,\"executeMovement--itemsSection-anchor\")]"}
COMMAND: POST /session/85be7df00c2941df1715a768c51ad8f5/element/f.5D121FC7909F200889B59C01A2F655FF.d.5567A7FF03E1FB9757E546BD1018A4AA.e.23902/click - {}
RESULT: {}
COMMAND: GET /session/85be7df00c2941df1715a768c51ad8f5/screenshot - {}
RESULT: {}
COMMAND: POST /session/85be7df00c2941df1715a768c51ad8f5/element - {"using":"xpath","value":"//table[contains(@id,\"executeMovement--movementItemsTbl-listUl\")]/tbody/tr[1]/td[2]/button"}
RESULT: {"using":"xpath","value":"//table[contains(@id,\"executeMovement--movementItemsTbl-listUl\")]/tbody/tr[1]/td[2]/button"}
COMMAND: POST /session/85be7df00c2941df1715a768c51ad8f5/element/f.5D121FC7909F200889B59C01A2F655FF.d.5567A7FF03E1FB9757E546BD1018A4AA.e.23906/click - {}
RESULT: {}
COMMAND: GET /session/85be7df00c2941df1715a768c51ad8f5/screenshot - {}
RESULT: {}
COMMAND: POST /session/85be7df00c2941df1715a768c51ad8f5/element - {"using":"xpath","value":"//table[contains(@id,\"executeMovement--movementItemsTbl-listUl\")]/tbody/tr[1]/td[2]/button"}
RESULT: {"using":"xpath","value":"//table[contains(@id,\"executeMovement--movementItemsTbl-listUl\")]/tbody/tr[1]/td[2]/button"}
COMMAND: POST /session/85be7df00c2941df1715a768c51ad8f5/element/f.5D121FC7909F200889B59C01A2F655FF.d.5567A7FF03E1FB9757E546BD1018A4AA.e.23906/click - {}
RESULT: {}
COMMAND: GET /session/85be7df00c2941df1715a768c51ad8f5/screenshot - {}
RESULT: {}
COMMAND: POST /session/85be7df00c2941df1715a768c51ad8f5/element - {"using":"xpath","value":"//section[contains(@id,\"FC-NoHead\")]/div[1]/div[5]/div[2]/span"}
RESULT: {"using":"xpath","value":"//section[contains(@id,\"FC-NoHead\")]/div[1]/div[5]/div[2]/span"}
COMMAND: POST /session/85be7df00c2941df1715a768c51ad8f5/elements - {"using":"xpath","value":"//section[contains(@id,\"FC-NoHead\")]/div[1]/div[5]/div[2]/span"}
RESULT: {"using":"xpath","value":"//section[contains(@id,\"FC-NoHead\")]/div[1]/div[5]/div[2]/span"}
COMMAND: POST /session/85be7df00c2941df1715a768c51ad8f5/execute/sync - {"script":"<script> [56 bytes]","args":[{"element-6066-11e4-a52e-4f735466cecf":"f.5D121FC7909F200889B59C01A2F655FF.d.5567A7FF03E1FB9757E546BD1018A4AA.e.23908","ELEMENT":"f.5D121FC7909F200889B59C01A2F655FF.d.5567A7FF03E1FB9757E546BD1018A4AA.e.23908"}]}
RESULT: {"script":"<script> [56 bytes]","args":[{"element-6066-11e4-a52e-4f735466cecf":"f.5D121FC7909F200889B59C01A2F655FF.d.5567A7FF03E1FB9757E546BD1018A4AA.e.23908","ELEMENT":"f.5D121FC7909F200889B59C01A2F655FF.d.5567A7FF03E1FB9757E546BD1018A4AA.e.23908"}]}
COMMAND: POST /session/85be7df00c2941df1715a768c51ad8f5/actions - {"actions":[{"id":"action73","type":"key","parameters":{},"actions":[{"type":"keyDown","value":""},{"type":"pause","duration":10},{"type":"keyUp","value":""}]}]}
COMMAND: GET /session/85be7df00c2941df1715a768c51ad8f5/screenshot - {}
RESULT: {"actions":[{"id":"action73","type":"key","parameters":{},"actions":[{"type":"keyDown","value":""},{"type":"pause","duration":10},{"type":"keyUp","value":""}]}]}
COMMAND: POST /session/85be7df00c2941df1715a768c51ad8f5/element - {"using":"xpath","value":"//button[contains(@id,\"executeMovement--executeId\")]"}
COMMAND: GET /session/85be7df00c2941df1715a768c51ad8f5/screenshot - {}
RESULT: {}
RESULT: {"using":"xpath","value":"//button[contains(@id,\"executeMovement--executeId\")]"}
COMMAND: POST /session/85be7df00c2941df1715a768c51ad8f5/element/f.5D121FC7909F200889B59C01A2F655FF.d.5567A7FF03E1FB9757E546BD1018A4AA.e.23875/click - {}
RESULT: {}
RESULT: {}
COMMAND: GET /session/85be7df00c2941df1715a768c51ad8f5/screenshot - {}
RESULT: {}
COMMAND: POST /session/85be7df00c2941df1715a768c51ad8f5/element - {"using":"css selector","value":"#shell-header-logo"}
RESULT: {"using":"css selector","value":"#shell-header-logo"}
COMMAND: POST /session/85be7df00c2941df1715a768c51ad8f5/element/f.5D121FC7909F200889B59C01A2F655FF.d.5567A7FF03E1FB9757E546BD1018A4AA.e.23209/click - {}
RESULT: {}
COMMAND: GET /session/85be7df00c2941df1715a768c51ad8f5/screenshot - {}
RESULT: {}
RESULT: undefined
COMMAND: POST /session/85be7df00c2941df1715a768c51ad8f5/element - {"using":"xpath","value":"//*[@id=\"__tile132\"]"}
RESULT: {"using":"xpath","value":"//*[@id=\"__tile132\"]"}
COMMAND: POST /session/85be7df00c2941df1715a768c51ad8f5/element/f.5D121FC7909F200889B59C01A2F655FF.d.5567A7FF03E1FB9757E546BD1018A4AA.e.19819/click - {}
RESULT: {}
COMMAND: GET /session/85be7df00c2941df1715a768c51ad8f5/screenshot - {}
RESULT: {}
COMMAND: POST /session/85be7df00c2941df1715a768c51ad8f5/elements - {"using":"xpath","value":"//span[text()='Error']"}
RESULT: {"using":"xpath","value":"//span[text()='Error']"}
RESULT: undefined
COMMAND: POST /session/85be7df00c2941df1715a768c51ad8f5/execute/async - {"script":"<script> [776 bytes]","args":[{"enterText":"30337","selector":{"controlType":"sap.m.SearchField","viewName":"etm.portal.ui.managehandovers.view.MasterHO","bindingPath":{"propertyPath":"/_BASIC_SEARCH_FIELD","modelName":"fi1t3rM0d31"},"interaction":{"idSuffix":"I"}},"clearTextFirst":true,"interactionType":"ENTER_TEXT"}]}
RESULT: {"script":"<script> [776 bytes]","args":[{"enterText":"30337","selector":{"controlType":"sap.m.SearchField","viewName":"etm.portal.ui.managehandovers.view.MasterHO","bindingPath":{"propertyPath":"/_BASIC_SEARCH_FIELD","modelName":"fi1t3rM0d31"},"interaction":{"idSuffix":"I"}},"clearTextFirst":true,"interactionType":"ENTER_TEXT"}]}
COMMAND: POST /session/85be7df00c2941df1715a768c51ad8f5/actions - {"actions":[{"id":"action74","type":"key","parameters":{},"actions":[{"type":"keyDown","value":""},{"type":"pause","duration":10},{"type":"keyUp","value":""}]}]}
RESULT: {"actions":[{"id":"action74","type":"key","parameters":{},"actions":[{"type":"keyDown","value":""},{"type":"pause","duration":10},{"type":"keyUp","value":""}]}]}
COMMAND: GET /session/85be7df00c2941df1715a768c51ad8f5/screenshot - {}
RESULT: {}
COMMAND: POST /session/85be7df00c2941df1715a768c51ad8f5/element - {"using":"xpath","value":"(//span[contains(@id, \"imgNav\")])[1]"}
RESULT: {"using":"xpath","value":"(//span[contains(@id, \"imgNav\")])[1]"}
COMMAND: POST /session/85be7df00c2941df1715a768c51ad8f5/element/f.5D121FC7909F200889B59C01A2F655FF.d.5567A7FF03E1FB9757E546BD1018A4AA.e.24079/click - {}
RESULT: {}
COMMAND: GET /session/85be7df00c2941df1715a768c51ad8f5/screenshot - {}
RESULT: {}
COMMAND: POST /session/85be7df00c2941df1715a768c51ad8f5/element - {"using":"xpath","value":"//button[@data-kt=\"IssuingTableConfirmAllButton\"]"}
RESULT: {"using":"xpath","value":"//button[@data-kt=\"IssuingTableConfirmAllButton\"]"}
COMMAND: POST /session/85be7df00c2941df1715a768c51ad8f5/element/f.5D121FC7909F200889B59C01A2F655FF.d.5567A7FF03E1FB9757E546BD1018A4AA.e.24176/click - {}
RESULT: {}
COMMAND: GET /session/85be7df00c2941df1715a768c51ad8f5/screenshot - {}
RESULT: {}
COMMAND: POST /session/85be7df00c2941df1715a768c51ad8f5/element - {"using":"xpath","value":"//bdi[contains(text(), \"OK\")]"}
RESULT: {"using":"xpath","value":"//bdi[contains(text(), \"OK\")]"}
COMMAND: POST /session/85be7df00c2941df1715a768c51ad8f5/element/f.5D121FC7909F200889B59C01A2F655FF.d.5567A7FF03E1FB9757E546BD1018A4AA.e.24186/click - {}
RESULT: {}
COMMAND: GET /session/85be7df00c2941df1715a768c51ad8f5/screenshot - {}
RESULT: {}
COMMAND: POST /session/85be7df00c2941df1715a768c51ad8f5/element - {"using":"xpath","value":"//button[@data-kt=\"execHoIssueButton\"]"}
RESULT: {"using":"xpath","value":"//button[@data-kt=\"execHoIssueButton\"]"}
COMMAND: POST /session/85be7df00c2941df1715a768c51ad8f5/element/f.5D121FC7909F200889B59C01A2F655FF.d.5567A7FF03E1FB9757E546BD1018A4AA.e.24187/click - {}
RESULT: {}
COMMAND: GET /session/85be7df00c2941df1715a768c51ad8f5/screenshot - {}
RESULT: {}
RESULT: undefined
COMMAND: POST /session/85be7df00c2941df1715a768c51ad8f5/execute/async - {"script":"<script> [776 bytes]","args":[{"enterText":"30337","selector":{"controlType":"sap.m.SearchField","viewName":"etm.portal.ui.managehandovers.view.MasterHO","bindingPath":{"propertyPath":"/_BASIC_SEARCH_FIELD","modelName":"fi1t3rM0d31"},"interaction":{"idSuffix":"I"}},"clearTextFirst":true,"interactionType":"ENTER_TEXT"}]}
RESULT: {"script":"<script> [776 bytes]","args":[{"enterText":"30337","selector":{"controlType":"sap.m.SearchField","viewName":"etm.portal.ui.managehandovers.view.MasterHO","bindingPath":{"propertyPath":"/_BASIC_SEARCH_FIELD","modelName":"fi1t3rM0d31"},"interaction":{"idSuffix":"I"}},"clearTextFirst":true,"interactionType":"ENTER_TEXT"}]}
COMMAND: POST /session/85be7df00c2941df1715a768c51ad8f5/actions - {"actions":[{"id":"action75","type":"key","parameters":{},"actions":[{"type":"keyDown","value":""},{"type":"pause","duration":10},{"type":"keyUp","value":""}]}]}
RESULT: {"actions":[{"id":"action75","type":"key","parameters":{},"actions":[{"type":"keyDown","value":""},{"type":"pause","duration":10},{"type":"keyUp","value":""}]}]}
COMMAND: GET /session/85be7df00c2941df1715a768c51ad8f5/screenshot - {}
RESULT: {}
COMMAND: POST /session/85be7df00c2941df1715a768c51ad8f5/element - {"using":"xpath","value":"(//span[contains(@id, \"imgNav\")])[1]"}
RESULT: {"using":"xpath","value":"(//span[contains(@id, \"imgNav\")])[1]"}
COMMAND: POST /session/85be7df00c2941df1715a768c51ad8f5/element/f.5D121FC7909F200889B59C01A2F655FF.d.5567A7FF03E1FB9757E546BD1018A4AA.e.24228/click - {}
RESULT: {}
COMMAND: GET /session/85be7df00c2941df1715a768c51ad8f5/screenshot - {}
RESULT: {}
COMMAND: POST /session/85be7df00c2941df1715a768c51ad8f5/execute/async - {"script":"<script> [1562 bytes]","args":[{"selector":{"id":"application-managehandovers-display-component---detailManageHO--completedItemsTableTitle"},"wdio_ui5_key":"applicationmanagehandovers-display-component---detailManageHO--completedItemsTableTitle"}]}
RESULT: {"script":"<script> [1562 bytes]","args":[{"selector":{"id":"application-managehandovers-display-component---detailManageHO--completedItemsTableTitle"},"wdio_ui5_key":"applicationmanagehandovers-display-component---detailManageHO--completedItemsTableTitle"}]}
RESULT: undefined
COMMAND: POST /session/85be7df00c2941df1715a768c51ad8f5/execute/async - {"script":"<script> [6424 bytes]","args":[{"element-6066-11e4-a52e-4f735466cecf":"f.5D121FC7909F200889B59C01A2F655FF.d.5567A7FF03E1FB9757E546BD1018A4AA.e.24270"},"getText",[]]}
RESULT: {"script":"<script> [6424 bytes]","args":[{"element-6066-11e4-a52e-4f735466cecf":"f.5D121FC7909F200889B59C01A2F655FF.d.5567A7FF03E1FB9757E546BD1018A4AA.e.24270"},"getText",[]]}
COMMAND: POST /session/85be7df00c2941df1715a768c51ad8f5/element - {"using":"xpath","value":"//div[contains(@id, \"detailManageHO--headerContentForm--FC-NoHead-content\")]/div[4]/div[2]/div/span"}
RESULT: {"using":"xpath","value":"//div[contains(@id, \"detailManageHO--headerContentForm--FC-NoHead-content\")]/div[4]/div[2]/div/span"}
COMMAND: POST /session/85be7df00c2941df1715a768c51ad8f5/execute/sync - {"script":"<script> [56 bytes]","args":[{"element-6066-11e4-a52e-4f735466cecf":"f.5D121FC7909F200889B59C01A2F655FF.d.5567A7FF03E1FB9757E546BD1018A4AA.e.24271","ELEMENT":"f.5D121FC7909F200889B59C01A2F655FF.d.5567A7FF03E1FB9757E546BD1018A4AA.e.24271"}]}
RESULT: {"script":"<script> [56 bytes]","args":[{"element-6066-11e4-a52e-4f735466cecf":"f.5D121FC7909F200889B59C01A2F655FF.d.5567A7FF03E1FB9757E546BD1018A4AA.e.24271","ELEMENT":"f.5D121FC7909F200889B59C01A2F655FF.d.5567A7FF03E1FB9757E546BD1018A4AA.e.24271"}]}
COMMAND: GET /session/85be7df00c2941df1715a768c51ad8f5/screenshot - {}
RESULT: {}
COMMAND: POST /session/85be7df00c2941df1715a768c51ad8f5/element - {"using":"css selector","value":"#shell-header-logo"}
RESULT: {"using":"css selector","value":"#shell-header-logo"}
COMMAND: POST /session/85be7df00c2941df1715a768c51ad8f5/element/f.5D121FC7909F200889B59C01A2F655FF.d.5567A7FF03E1FB9757E546BD1018A4AA.e.23957/click - {}
RESULT: {}
COMMAND: GET /session/85be7df00c2941df1715a768c51ad8f5/screenshot - {}
RESULT: {}
COMMAND: POST /session/85be7df00c2941df1715a768c51ad8f5/element - {"using":"css selector","value":"#j_username"}
COMMAND: POST /session/85be7df00c2941df1715a768c51ad8f5/url - {"url":"https://qa-testing-00-live-etm-ui.cfapps.eu10-004.hana.ondemand.com/"}
RESULT: {"using":"css selector","value":"#j_username"}
COMMAND: POST /session/85be7df00c2941df1715a768c51ad8f5/element - {"using":"css selector","value":"#j_username"}
RESULT: {"url":"https://qa-testing-00-live-etm-ui.cfapps.eu10-004.hana.ondemand.com/"}
RESULT: undefined
COMMAND: GET /session/85be7df00c2941df1715a768c51ad8f5/screenshot - {}
RESULT: {"using":"css selector","value":"#j_username"}
COMMAND: POST /session/85be7df00c2941df1715a768c51ad8f5/element - {"using":"css selector","value":"#shell-header-logo"}
RESULT: {}
RESULT: {"using":"css selector","value":"#shell-header-logo"}
COMMAND: POST /session/85be7df00c2941df1715a768c51ad8f5/execute/sync - {"script":"<script> [8489 bytes]","args":[{"element-6066-11e4-a52e-4f735466cecf":"f.5D121FC7909F200889B59C01A2F655FF.d.98878C03BF4B3A8BCAFB2BF98078692C.e.24284","ELEMENT":"f.5D121FC7909F200889B59C01A2F655FF.d.98878C03BF4B3A8BCAFB2BF98078692C.e.24284"}]}
RESULT: {"script":"<script> [8489 bytes]","args":[{"element-6066-11e4-a52e-4f735466cecf":"f.5D121FC7909F200889B59C01A2F655FF.d.98878C03BF4B3A8BCAFB2BF98078692C.e.24284","ELEMENT":"f.5D121FC7909F200889B59C01A2F655FF.d.98878C03BF4B3A8BCAFB2BF98078692C.e.24284"}]}
COMMAND: POST /session/85be7df00c2941df1715a768c51ad8f5/element - {"using":"css selector","value":"#shell-header-logo"}
RESULT: {"using":"css selector","value":"#shell-header-logo"}
COMMAND: POST /session/85be7df00c2941df1715a768c51ad8f5/execute/sync - {"script":"<script> [8489 bytes]","args":[{"element-6066-11e4-a52e-4f735466cecf":"f.5D121FC7909F200889B59C01A2F655FF.d.98878C03BF4B3A8BCAFB2BF98078692C.e.24284","ELEMENT":"f.5D121FC7909F200889B59C01A2F655FF.d.98878C03BF4B3A8BCAFB2BF98078692C.e.24284"}]}
COMMAND: GET /session/85be7df00c2941df1715a768c51ad8f5/screenshot - {}
RESULT: {"script":"<script> [8489 bytes]","args":[{"element-6066-11e4-a52e-4f735466cecf":"f.5D121FC7909F200889B59C01A2F655FF.d.98878C03BF4B3A8BCAFB2BF98078692C.e.24284","ELEMENT":"f.5D121FC7909F200889B59C01A2F655FF.d.98878C03BF4B3A8BCAFB2BF98078692C.e.24284"}]}
COMMAND: POST /session/85be7df00c2941df1715a768c51ad8f5/execute/sync - {"script":"<script> [5351 bytes]","args":[{"element-6066-11e4-a52e-4f735466cecf":"f.5D121FC7909F200889B59C01A2F655FF.d.98878C03BF4B3A8BCAFB2BF98078692C.e.24284","ELEMENT":"f.5D121FC7909F200889B59C01A2F655FF.d.98878C03BF4B3A8BCAFB2BF98078692C.e.24284"}]}
COMMAND: GET /session/85be7df00c2941df1715a768c51ad8f5/screenshot - {}
RESULT: {}
RESULT: {"script":"<script> [5351 bytes]","args":[{"element-6066-11e4-a52e-4f735466cecf":"f.5D121FC7909F200889B59C01A2F655FF.d.98878C03BF4B3A8BCAFB2BF98078692C.e.24284","ELEMENT":"f.5D121FC7909F200889B59C01A2F655FF.d.98878C03BF4B3A8BCAFB2BF98078692C.e.24284"}]}
COMMAND: POST /session/85be7df00c2941df1715a768c51ad8f5/element - {"using":"css selector","value":"#shell-header-logo"}
COMMAND: GET /session/85be7df00c2941df1715a768c51ad8f5/screenshot - {}
RESULT: {}
RESULT: {"using":"css selector","value":"#shell-header-logo"}
COMMAND: POST /session/85be7df00c2941df1715a768c51ad8f5/element/f.5D121FC7909F200889B59C01A2F655FF.d.98878C03BF4B3A8BCAFB2BF98078692C.e.24284/click - {}
RESULT: {}
RESULT: {}
COMMAND: GET /session/85be7df00c2941df1715a768c51ad8f5/screenshot - {}
RESULT: {}
COMMAND: POST /session/85be7df00c2941df1715a768c51ad8f5/execute/async - {"script":"<script> [189 bytes]","args":[]}
RESULT: {"script":"<script> [189 bytes]","args":[]}
COMMAND: POST /session/85be7df00c2941df1715a768c51ad8f5/execute/async - {"script":"<script> [123 bytes]","args":[]}
RESULT: {"script":"<script> [123 bytes]","args":[]}
COMMAND: POST /session/85be7df00c2941df1715a768c51ad8f5/timeouts - {"script":"<number>"}
RESULT: {"script":"<number>"}
COMMAND: GET /session/85be7df00c2941df1715a768c51ad8f5/timeouts - {}
RESULT: {}
RESULT: undefined
COMMAND: POST /session/85be7df00c2941df1715a768c51ad8f5/execute/async - {"script":"<script> [2676 bytes]","args":[]}
RESULT: {"script":"<script> [2676 bytes]","args":[]}
COMMAND: POST /session/85be7df00c2941df1715a768c51ad8f5/execute/async - {"script":"<script> [2342 bytes]","args":[{"protocol":"http","hostname":"0.0.0.0","path":"/","capabilities":{"browserName":"chrome","goog:chromeOptions":{"binary":"C:\\Program Files\\Google\\Chrome\\Application\\chrome.exe","args":["--start-maximized"]}},"logLevel":"warn","connectionRetryTimeout":120000,"connectionRetryCount":3,"logLevels":{},"enableDirectConnect":true,"strictSSL":true,"_":"65 more keys: [\"cacheDir\",\"port\",\"requestedCapabilities\",\"automationProtocol\",\"baseUrl\",\"waitforInterval\",\"waitforTimeout\",\"onReload\",\"beforeCommand\",\"afterCommand\",\"rootDir\",\"specs\",\"suites\",\"exclude\",\"groupLogsByTestSpec\",\"excludeDriverLogs\",\"bail\",\"framework\",\"reporters\",\"services\",\"maxInstances\",\"maxInstancesPerCapability\",\"injectGlobals\",\"filesToWatch\",\"execArgv\",\"runnerEnv\",\"runner\",\"shard\",\"specFileRetries\",\"specFileRetriesDelay\",\"specFileRetriesDeferred\",\"reporterSyncInterval\",\"reporterSyncTimeout\",\"cucumberFeaturesWithLineNumbers\",\"autoCompileOpts\",\"mochaOpts\",\"jasmineOpts\",\"cucumberOpts\",\"onPrepare\",\"onWorkerStart\",\"onWorkerEnd\",\"before\",\"beforeSession\",\"beforeSuite\",\"beforeHook\",\"beforeTest\",\"afterTest\",\"afterHook\",\"afterSuite\",\"afterSession\",\"after\",\"onComplete\",\"beforeAssertion\",\"afterAssertion\",\"beforeFeature\",\"beforeScenario\",\"beforeStep\",\"afterStep\",\"afterScenario\",\"afterFeature\",\"_\",\"suite\",\"$0\",\"ignoredWorkerServices\",\"wdi5\"]"}]}
RESULT: {"script":"<script> [2342 bytes]","args":[{"protocol":"http","hostname":"0.0.0.0","path":"/","capabilities":{"browserName":"chrome","goog:chromeOptions":{"binary":"C:\\Program Files\\Google\\Chrome\\Application\\chrome.exe","args":["--start-maximized"]}},"logLevel":"warn","connectionRetryTimeout":120000,"connectionRetryCount":3,"logLevels":{},"enableDirectConnect":true,"strictSSL":true,"_":"65 more keys: [\"cacheDir\",\"port\",\"requestedCapabilities\",\"automationProtocol\",\"baseUrl\",\"waitforInterval\",\"waitforTimeout\",\"onReload\",\"beforeCommand\",\"afterCommand\",\"rootDir\",\"specs\",\"suites\",\"exclude\",\"groupLogsByTestSpec\",\"excludeDriverLogs\",\"bail\",\"framework\",\"reporters\",\"services\",\"maxInstances\",\"maxInstancesPerCapability\",\"injectGlobals\",\"filesToWatch\",\"execArgv\",\"runnerEnv\",\"runner\",\"shard\",\"specFileRetries\",\"specFileRetriesDelay\",\"specFileRetriesDeferred\",\"reporterSyncInterval\",\"reporterSyncTimeout\",\"cucumberFeaturesWithLineNumbers\",\"autoCompileOpts\",\"mochaOpts\",\"jasmineOpts\",\"cucumberOpts\",\"onPrepare\",\"onWorkerStart\",\"onWorkerEnd\",\"before\",\"beforeSession\",\"beforeSuite\",\"beforeHook\",\"beforeTest\",\"afterTest\",\"afterHook\",\"afterSuite\",\"afterSession\",\"after\",\"onComplete\",\"beforeAssertion\",\"afterAssertion\",\"beforeFeature\",\"beforeScenario\",\"beforeStep\",\"afterStep\",\"afterScenario\",\"afterFeature\",\"_\",\"suite\",\"$0\",\"ignoredWorkerServices\",\"wdi5\"]"}]}
COMMAND: POST /session/85be7df00c2941df1715a768c51ad8f5/execute/async - {"script":"<script> [21126 bytes]","args":[35000]}
RESULT: {"script":"<script> [21126 bytes]","args":[35000]}
COMMAND: POST /session/85be7df00c2941df1715a768c51ad8f5/window/maximize - {}
RESULT: {}
COMMAND: POST /session/85be7df00c2941df1715a768c51ad8f5/execute/async - {"script":"<script> [1562 bytes]","args":[{"selector":{"id":"shell-header","interaction":{"idSuffix":"icon"}},"wdio_ui5_key":"shellheader"}]}
COMMAND: GET /session/85be7df00c2941df1715a768c51ad8f5/screenshot - {}
RESULT: {"script":"<script> [1562 bytes]","args":[{"selector":{"id":"shell-header","interaction":{"idSuffix":"icon"}},"wdio_ui5_key":"shellheader"}]}
RESULT: undefined
COMMAND: POST /session/85be7df00c2941df1715a768c51ad8f5/window/fullscreen - {}
RESULT: {}
RESULT: {}
]]></system-out>
    </testcase>
  </testsuite>
  <testsuite timestamp="2025-05-23T17:34:32" time="486.534" tests="9" failures="0" errors="0" skipped="0">
    <properties>
      <property name="specId" value="0"/>
      <property name="suiteName" value="Create masterdata for Yard Overview - trigger provide US130988"/>
      <property name="capabilities" value="chrome.136_0_7103_93.windows"/>
      <property name="file" value="file:///D:/a/1/s/test/specs/HTR/stock-decrease.spec.js"/>
    </properties>
    <testcase classname="chrome.136_0_7103_93.windows.Create_masterdata_for_Yard_Overview_-_trigger_provide_US130988" name="Should create a new WHM yard" time="0.033">
      <system-out><![CDATA[
COMMAND: POST /session/85be7df00c2941df1715a768c51ad8f5/window/fullscreen - {}
RESULT: {}
]]></system-out>
    </testcase>
    <testcase classname="chrome.136_0_7103_93.windows.Create_masterdata_for_Yard_Overview_-_trigger_provide_US130988" name="Should create a new partner" time="0.005"/>
    <testcase classname="chrome.136_0_7103_93.windows.Create_masterdata_for_Yard_Overview_-_trigger_provide_US130988" name="Should create a new site" time="0.005"/>
    <testcase classname="chrome.136_0_7103_93.windows.Create_masterdata_for_Yard_Overview_-_trigger_provide_US130988" name="Should create a new material" time="139.164">
      <system-out><![CDATA[
COMMAND: POST /session/85be7df00c2941df1715a768c51ad8f5/execute/async - {"script":"<script> [1562 bytes]","args":[{"selector":{"controlType":"sap.m.GenericTile","properties":{"header":"Manage Resources"}},"wdio_ui5_key":"sapm.GenericTile{\"header\":\"Manage Resources\"}"}]}
RESULT: {"script":"<script> [1562 bytes]","args":[{"selector":{"controlType":"sap.m.GenericTile","properties":{"header":"Manage Resources"}},"wdio_ui5_key":"sapm.GenericTile{\"header\":\"Manage Resources\"}"}]}
RESULT: undefined
COMMAND: POST /session/85be7df00c2941df1715a768c51ad8f5/element - {"using":"xpath","value":"//*[@id=\"__tile31\"]"}
RESULT: {"using":"xpath","value":"//*[@id=\"__tile31\"]"}
COMMAND: POST /session/85be7df00c2941df1715a768c51ad8f5/element/f.5D121FC7909F200889B59C01A2F655FF.d.98878C03BF4B3A8BCAFB2BF98078692C.e.24311/click - {}
RESULT: {}
COMMAND: GET /session/85be7df00c2941df1715a768c51ad8f5/screenshot - {}
RESULT: {}
COMMAND: POST /session/85be7df00c2941df1715a768c51ad8f5/elements - {"using":"xpath","value":"//span[text()='Error']"}
RESULT: {"using":"xpath","value":"//span[text()='Error']"}
COMMAND: POST /session/85be7df00c2941df1715a768c51ad8f5/element - {"using":"xpath","value":"//button[@data-kt=\"addNewRUOverflowToolbarButton\"]"}
RESULT: {"using":"xpath","value":"//button[@data-kt=\"addNewRUOverflowToolbarButton\"]"}
COMMAND: POST /session/85be7df00c2941df1715a768c51ad8f5/elements - {"using":"xpath","value":"//button[@data-kt=\"addNewRUOverflowToolbarButton\"]"}
RESULT: {"using":"xpath","value":"//button[@data-kt=\"addNewRUOverflowToolbarButton\"]"}
COMMAND: POST /session/85be7df00c2941df1715a768c51ad8f5/execute/sync - {"script":"<script> [8489 bytes]","args":[{"element-6066-11e4-a52e-4f735466cecf":"f.5D121FC7909F200889B59C01A2F655FF.d.98878C03BF4B3A8BCAFB2BF98078692C.e.24450","ELEMENT":"f.5D121FC7909F200889B59C01A2F655FF.d.98878C03BF4B3A8BCAFB2BF98078692C.e.24450"}]}
RESULT: {"script":"<script> [8489 bytes]","args":[{"element-6066-11e4-a52e-4f735466cecf":"f.5D121FC7909F200889B59C01A2F655FF.d.98878C03BF4B3A8BCAFB2BF98078692C.e.24450","ELEMENT":"f.5D121FC7909F200889B59C01A2F655FF.d.98878C03BF4B3A8BCAFB2BF98078692C.e.24450"}]}
COMMAND: GET /session/85be7df00c2941df1715a768c51ad8f5/element/f.5D121FC7909F200889B59C01A2F655FF.d.98878C03BF4B3A8BCAFB2BF98078692C.e.24450/enabled - {}
COMMAND: GET /session/85be7df00c2941df1715a768c51ad8f5/screenshot - {}
RESULT: {}
COMMAND: POST /session/85be7df00c2941df1715a768c51ad8f5/execute/sync - {"script":"<script> [8489 bytes]","args":[{"element-6066-11e4-a52e-4f735466cecf":"f.5D121FC7909F200889B59C01A2F655FF.d.98878C03BF4B3A8BCAFB2BF98078692C.e.24450","ELEMENT":"f.5D121FC7909F200889B59C01A2F655FF.d.98878C03BF4B3A8BCAFB2BF98078692C.e.24450"}]}
COMMAND: GET /session/85be7df00c2941df1715a768c51ad8f5/screenshot - {}
RESULT: {}
RESULT: {"script":"<script> [8489 bytes]","args":[{"element-6066-11e4-a52e-4f735466cecf":"f.5D121FC7909F200889B59C01A2F655FF.d.98878C03BF4B3A8BCAFB2BF98078692C.e.24450","ELEMENT":"f.5D121FC7909F200889B59C01A2F655FF.d.98878C03BF4B3A8BCAFB2BF98078692C.e.24450"}]}
COMMAND: POST /session/85be7df00c2941df1715a768c51ad8f5/execute/sync - {"script":"<script> [5351 bytes]","args":[{"element-6066-11e4-a52e-4f735466cecf":"f.5D121FC7909F200889B59C01A2F655FF.d.98878C03BF4B3A8BCAFB2BF98078692C.e.24450","ELEMENT":"f.5D121FC7909F200889B59C01A2F655FF.d.98878C03BF4B3A8BCAFB2BF98078692C.e.24450"}]}
COMMAND: GET /session/85be7df00c2941df1715a768c51ad8f5/screenshot - {}
RESULT: {}
RESULT: {"script":"<script> [5351 bytes]","args":[{"element-6066-11e4-a52e-4f735466cecf":"f.5D121FC7909F200889B59C01A2F655FF.d.98878C03BF4B3A8BCAFB2BF98078692C.e.24450","ELEMENT":"f.5D121FC7909F200889B59C01A2F655FF.d.98878C03BF4B3A8BCAFB2BF98078692C.e.24450"}]}
COMMAND: POST /session/85be7df00c2941df1715a768c51ad8f5/element/f.5D121FC7909F200889B59C01A2F655FF.d.98878C03BF4B3A8BCAFB2BF98078692C.e.24450/click - {}
COMMAND: GET /session/85be7df00c2941df1715a768c51ad8f5/screenshot - {}
RESULT: {}
RESULT: {}
COMMAND: GET /session/85be7df00c2941df1715a768c51ad8f5/screenshot - {}
COMMAND: POST /session/85be7df00c2941df1715a768c51ad8f5/execute/async - {"script":"<script> [1562 bytes]","args":[{"selector":{"id":"application-manageresources-display-component---newResourceUnit--TYPE-arrow"},"wdio_ui5_key":"applicationmanageresources-display-component---newResourceUnit--TYPE-arrow"}]}
RESULT: {}
RESULT: {}
RESULT: {"script":"<script> [1562 bytes]","args":[{"selector":{"id":"application-manageresources-display-component---newResourceUnit--TYPE-arrow"},"wdio_ui5_key":"applicationmanageresources-display-component---newResourceUnit--TYPE-arrow"}]}
RESULT: undefined
COMMAND: POST /session/85be7df00c2941df1715a768c51ad8f5/element - {"using":"xpath","value":"//*[@id=\"application-manageresources-display-component---newResourceUnit--TYPE-arrow\"]"}
RESULT: {"using":"xpath","value":"//*[@id=\"application-manageresources-display-component---newResourceUnit--TYPE-arrow\"]"}
COMMAND: POST /session/85be7df00c2941df1715a768c51ad8f5/element/f.5D121FC7909F200889B59C01A2F655FF.d.98878C03BF4B3A8BCAFB2BF98078692C.e.24795/click - {}
RESULT: {}
COMMAND: POST /session/85be7df00c2941df1715a768c51ad8f5/element - {"using":"xpath","value":"//input[@id=\"application-manageresources-display-component---newResourceUnit--TYPE-inner\"]"}
COMMAND: GET /session/85be7df00c2941df1715a768c51ad8f5/screenshot - {}
RESULT: {"using":"xpath","value":"//input[@id=\"application-manageresources-display-component---newResourceUnit--TYPE-inner\"]"}
COMMAND: POST /session/85be7df00c2941df1715a768c51ad8f5/element/f.5D121FC7909F200889B59C01A2F655FF.d.98878C03BF4B3A8BCAFB2BF98078692C.e.24792/clear - {}
RESULT: {}
RESULT: {}
COMMAND: POST /session/85be7df00c2941df1715a768c51ad8f5/element/f.5D121FC7909F200889B59C01A2F655FF.d.98878C03BF4B3A8BCAFB2BF98078692C.e.24792/value - {"text":"Material"}
COMMAND: GET /session/85be7df00c2941df1715a768c51ad8f5/screenshot - {}
RESULT: {"text":"Material"}
COMMAND: GET /session/85be7df00c2941df1715a768c51ad8f5/screenshot - {}
RESULT: {}
RESULT: {}
COMMAND: POST /session/85be7df00c2941df1715a768c51ad8f5/actions - {"actions":[{"id":"action76","type":"key","parameters":{},"actions":[{"type":"keyDown","value":""},{"type":"pause","duration":10},{"type":"keyUp","value":""}]}]}
RESULT: {"actions":[{"id":"action76","type":"key","parameters":{},"actions":[{"type":"keyDown","value":""},{"type":"pause","duration":10},{"type":"keyUp","value":""}]}]}
COMMAND: POST /session/85be7df00c2941df1715a768c51ad8f5/execute/async - {"script":"<script> [1562 bytes]","args":[{"selector":{"id":"application-manageresources-display-component---newResourceUnit--SHORT_TEXT","interaction":{"idSuffix":"inner"}},"wdio_ui5_key":"applicationmanageresources-display-component---newResourceUnit--SHORT_TEXT"}]}
COMMAND: GET /session/85be7df00c2941df1715a768c51ad8f5/screenshot - {}
RESULT: {"script":"<script> [1562 bytes]","args":[{"selector":{"id":"application-manageresources-display-component---newResourceUnit--SHORT_TEXT","interaction":{"idSuffix":"inner"}},"wdio_ui5_key":"applicationmanageresources-display-component---newResourceUnit--SHORT_TEXT"}]}
RESULT: undefined
COMMAND: POST /session/85be7df00c2941df1715a768c51ad8f5/execute/async - {"script":"<script> [776 bytes]","args":[{"enterText":"Cement WDIO","selector":{"id":"application-manageresources-display-component---newResourceUnit--SHORT_TEXT","interaction":{"idSuffix":"inner"}},"clearTextFirst":true,"interactionType":"ENTER_TEXT"}]}
RESULT: {}
RESULT: {"script":"<script> [776 bytes]","args":[{"enterText":"Cement WDIO","selector":{"id":"application-manageresources-display-component---newResourceUnit--SHORT_TEXT","interaction":{"idSuffix":"inner"}},"clearTextFirst":true,"interactionType":"ENTER_TEXT"}]}
COMMAND: POST /session/85be7df00c2941df1715a768c51ad8f5/execute/async - {"script":"<script> [1562 bytes]","args":[{"selector":{"id":"application-manageresources-display-component---newResourceUnit--BASE_UNIT_OF_MEASURE","interaction":{"idSuffix":"inner"}},"wdio_ui5_key":"applicationmanageresources-display-component---newResourceUnit--BASE_UNIT_OF_MEASURE"}]}
RESULT: {"script":"<script> [1562 bytes]","args":[{"selector":{"id":"application-manageresources-display-component---newResourceUnit--BASE_UNIT_OF_MEASURE","interaction":{"idSuffix":"inner"}},"wdio_ui5_key":"applicationmanageresources-display-component---newResourceUnit--BASE_UNIT_OF_MEASURE"}]}
RESULT: undefined
COMMAND: POST /session/85be7df00c2941df1715a768c51ad8f5/execute/async - {"script":"<script> [776 bytes]","args":[{"enterText":"Piece","selector":{"id":"application-manageresources-display-component---newResourceUnit--BASE_UNIT_OF_MEASURE","interaction":{"idSuffix":"inner"}},"clearTextFirst":true,"interactionType":"ENTER_TEXT"}]}
RESULT: {"script":"<script> [776 bytes]","args":[{"enterText":"Piece","selector":{"id":"application-manageresources-display-component---newResourceUnit--BASE_UNIT_OF_MEASURE","interaction":{"idSuffix":"inner"}},"clearTextFirst":true,"interactionType":"ENTER_TEXT"}]}
COMMAND: POST /session/85be7df00c2941df1715a768c51ad8f5/execute/async - {"script":"<script> [1562 bytes]","args":[{"selector":{"id":"application-manageresources-display-component---newResourceUnit--WEIGHT_UNIT","interaction":{"idSuffix":"inner"}},"wdio_ui5_key":"applicationmanageresources-display-component---newResourceUnit--WEIGHT_UNIT"}]}
RESULT: {"script":"<script> [1562 bytes]","args":[{"selector":{"id":"application-manageresources-display-component---newResourceUnit--WEIGHT_UNIT","interaction":{"idSuffix":"inner"}},"wdio_ui5_key":"applicationmanageresources-display-component---newResourceUnit--WEIGHT_UNIT"}]}
RESULT: undefined
COMMAND: POST /session/85be7df00c2941df1715a768c51ad8f5/execute/async - {"script":"<script> [776 bytes]","args":[{"enterText":"Gram","selector":{"id":"application-manageresources-display-component---newResourceUnit--WEIGHT_UNIT","interaction":{"idSuffix":"inner"}},"clearTextFirst":true,"interactionType":"ENTER_TEXT"}]}
RESULT: {"script":"<script> [776 bytes]","args":[{"enterText":"Gram","selector":{"id":"application-manageresources-display-component---newResourceUnit--WEIGHT_UNIT","interaction":{"idSuffix":"inner"}},"clearTextFirst":true,"interactionType":"ENTER_TEXT"}]}
COMMAND: POST /session/85be7df00c2941df1715a768c51ad8f5/execute/async - {"script":"<script> [1562 bytes]","args":[{"selector":{"id":"application-manageresources-display-component---newResourceUnit--DIMENSION_UNIT","interaction":{"idSuffix":"inner"}},"wdio_ui5_key":"applicationmanageresources-display-component---newResourceUnit--DIMENSION_UNIT"}]}
RESULT: {"script":"<script> [1562 bytes]","args":[{"selector":{"id":"application-manageresources-display-component---newResourceUnit--DIMENSION_UNIT","interaction":{"idSuffix":"inner"}},"wdio_ui5_key":"applicationmanageresources-display-component---newResourceUnit--DIMENSION_UNIT"}]}
RESULT: undefined
COMMAND: POST /session/85be7df00c2941df1715a768c51ad8f5/execute/async - {"script":"<script> [776 bytes]","args":[{"enterText":"Meter","selector":{"id":"application-manageresources-display-component---newResourceUnit--DIMENSION_UNIT","interaction":{"idSuffix":"inner"}},"clearTextFirst":true,"interactionType":"ENTER_TEXT"}]}
RESULT: {"script":"<script> [776 bytes]","args":[{"enterText":"Meter","selector":{"id":"application-manageresources-display-component---newResourceUnit--DIMENSION_UNIT","interaction":{"idSuffix":"inner"}},"clearTextFirst":true,"interactionType":"ENTER_TEXT"}]}
COMMAND: POST /session/85be7df00c2941df1715a768c51ad8f5/execute/async - {"script":"<script> [1562 bytes]","args":[{"selector":{"id":"application-manageresources-display-component---newResourceUnit--newRRUPage-anchBar-application-manageresources-display-component---newResourceUnit--control-anchor","interaction":{"idSuffix":"BDI-content"}},"wdio_ui5_key":"applicationmanageresources-display-component---newResourceUnit--newRRUPage-anchBar-application-manageresources-display-component---newResourceUnit--control-anchor"}]}
RESULT: {"script":"<script> [1562 bytes]","args":[{"selector":{"id":"application-manageresources-display-component---newResourceUnit--newRRUPage-anchBar-application-manageresources-display-component---newResourceUnit--control-anchor","interaction":{"idSuffix":"BDI-content"}},"wdio_ui5_key":"applicationmanageresources-display-component---newResourceUnit--newRRUPage-anchBar-application-manageresources-display-component---newResourceUnit--control-anchor"}]}
RESULT: undefined
COMMAND: POST /session/85be7df00c2941df1715a768c51ad8f5/element - {"using":"xpath","value":"//*[@id=\"application-manageresources-display-component---newResourceUnit--newRRUPage-anchBar-application-manageresources-display-component---newResourceUnit--control-anchor\"]"}
RESULT: {"using":"xpath","value":"//*[@id=\"application-manageresources-display-component---newResourceUnit--newRRUPage-anchBar-application-manageresources-display-component---newResourceUnit--control-anchor\"]"}
COMMAND: POST /session/85be7df00c2941df1715a768c51ad8f5/element/f.5D121FC7909F200889B59C01A2F655FF.d.98878C03BF4B3A8BCAFB2BF98078692C.e.24927/click - {}
RESULT: {}
COMMAND: POST /session/85be7df00c2941df1715a768c51ad8f5/execute/async - {"script":"<script> [1562 bytes]","args":[{"selector":{"id":"application-manageresources-display-component---newResourceUnit--PLANNING_GROUP","interaction":{"idSuffix":"inner"}},"wdio_ui5_key":"applicationmanageresources-display-component---newResourceUnit--PLANNING_GROUP"}]}
COMMAND: GET /session/85be7df00c2941df1715a768c51ad8f5/screenshot - {}
RESULT: {"script":"<script> [1562 bytes]","args":[{"selector":{"id":"application-manageresources-display-component---newResourceUnit--PLANNING_GROUP","interaction":{"idSuffix":"inner"}},"wdio_ui5_key":"applicationmanageresources-display-component---newResourceUnit--PLANNING_GROUP"}]}
RESULT: undefined
COMMAND: POST /session/85be7df00c2941df1715a768c51ad8f5/execute/async - {"script":"<script> [776 bytes]","args":[{"enterText":"Material","selector":{"id":"application-manageresources-display-component---newResourceUnit--PLANNING_GROUP","interaction":{"idSuffix":"inner"}},"clearTextFirst":true,"interactionType":"ENTER_TEXT"}]}
RESULT: {}
RESULT: {"script":"<script> [776 bytes]","args":[{"enterText":"Material","selector":{"id":"application-manageresources-display-component---newResourceUnit--PLANNING_GROUP","interaction":{"idSuffix":"inner"}},"clearTextFirst":true,"interactionType":"ENTER_TEXT"}]}
COMMAND: POST /session/85be7df00c2941df1715a768c51ad8f5/execute/async - {"script":"<script> [1562 bytes]","args":[{"selector":{"id":"application-manageresources-display-component---newResourceUnit--PLANNING_INDICATOR","interaction":{"idSuffix":"inner"}},"wdio_ui5_key":"applicationmanageresources-display-component---newResourceUnit--PLANNING_INDICATOR"}]}
RESULT: {"script":"<script> [1562 bytes]","args":[{"selector":{"id":"application-manageresources-display-component---newResourceUnit--PLANNING_INDICATOR","interaction":{"idSuffix":"inner"}},"wdio_ui5_key":"applicationmanageresources-display-component---newResourceUnit--PLANNING_INDICATOR"}]}
RESULT: undefined
COMMAND: POST /session/85be7df00c2941df1715a768c51ad8f5/execute/async - {"script":"<script> [776 bytes]","args":[{"enterText":"10 - infinite","selector":{"id":"application-manageresources-display-component---newResourceUnit--PLANNING_INDICATOR","interaction":{"idSuffix":"inner"}},"clearTextFirst":true,"interactionType":"ENTER_TEXT"}]}
RESULT: {"script":"<script> [776 bytes]","args":[{"enterText":"10 - infinite","selector":{"id":"application-manageresources-display-component---newResourceUnit--PLANNING_INDICATOR","interaction":{"idSuffix":"inner"}},"clearTextFirst":true,"interactionType":"ENTER_TEXT"}]}
COMMAND: POST /session/85be7df00c2941df1715a768c51ad8f5/element - {"using":"css selector","value":"#application-manageresources-display-component---newResourceUnit--btnAddTimeSegment"}
RESULT: {"using":"css selector","value":"#application-manageresources-display-component---newResourceUnit--btnAddTimeSegment"}
COMMAND: GET /session/85be7df00c2941df1715a768c51ad8f5/element/f.5D121FC7909F200889B59C01A2F655FF.d.98878C03BF4B3A8BCAFB2BF98078692C.e.24935/rect - {}
RESULT: {}
COMMAND: GET /session/85be7df00c2941df1715a768c51ad8f5/window/rect - {}
RESULT: {}
COMMAND: POST /session/85be7df00c2941df1715a768c51ad8f5/execute/sync - {"script":"<script> [92 bytes]","args":[]}
RESULT: {"script":"<script> [92 bytes]","args":[]}
COMMAND: POST /session/85be7df00c2941df1715a768c51ad8f5/actions - {"actions":[{"id":"action77","type":"wheel","parameters":{},"actions":[{"type":"scroll","x":-1888,"y":-32,"deltaX":0,"deltaY":0,"duration":0,"origin":{"element-6066-11e4-a52e-4f735466cecf":"f.5D121FC7909F200889B59C01A2F655FF.d.98878C03BF4B3A8BCAFB2BF98078692C.e.24935"}}]}]}
COMMAND: GET /session/85be7df00c2941df1715a768c51ad8f5/screenshot - {}
RESULT: {}
COMMAND: POST /session/85be7df00c2941df1715a768c51ad8f5/execute/sync - {"script":"<script> [79 bytes]","args":[{"element-6066-11e4-a52e-4f735466cecf":"f.5D121FC7909F200889B59C01A2F655FF.d.98878C03BF4B3A8BCAFB2BF98078692C.e.24935","ELEMENT":"f.5D121FC7909F200889B59C01A2F655FF.d.98878C03BF4B3A8BCAFB2BF98078692C.e.24935"},{"block":"start","inline":"nearest"}]}
RESULT: {"script":"<script> [79 bytes]","args":[{"element-6066-11e4-a52e-4f735466cecf":"f.5D121FC7909F200889B59C01A2F655FF.d.98878C03BF4B3A8BCAFB2BF98078692C.e.24935","ELEMENT":"f.5D121FC7909F200889B59C01A2F655FF.d.98878C03BF4B3A8BCAFB2BF98078692C.e.24935"},{"block":"start","inline":"nearest"}]}
COMMAND: POST /session/85be7df00c2941df1715a768c51ad8f5/execute/async - {"script":"<script> [1562 bytes]","args":[{"selector":{"id":"application-manageresources-display-component---newResourceUnit--btnAddTimeSegment","interaction":{"idSuffix":"inner"}},"wdio_ui5_key":"applicationmanageresources-display-component---newResourceUnit--btnAddTimeSegment"}]}
COMMAND: GET /session/85be7df00c2941df1715a768c51ad8f5/screenshot - {}
RESULT: {"script":"<script> [1562 bytes]","args":[{"selector":{"id":"application-manageresources-display-component---newResourceUnit--btnAddTimeSegment","interaction":{"idSuffix":"inner"}},"wdio_ui5_key":"applicationmanageresources-display-component---newResourceUnit--btnAddTimeSegment"}]}
RESULT: undefined
COMMAND: POST /session/85be7df00c2941df1715a768c51ad8f5/element - {"using":"xpath","value":"//*[@id=\"application-manageresources-display-component---newResourceUnit--btnAddTimeSegment\"]"}
RESULT: {}
RESULT: {"using":"xpath","value":"//*[@id=\"application-manageresources-display-component---newResourceUnit--btnAddTimeSegment\"]"}
COMMAND: POST /session/85be7df00c2941df1715a768c51ad8f5/element/f.5D121FC7909F200889B59C01A2F655FF.d.98878C03BF4B3A8BCAFB2BF98078692C.e.24935/click - {}
RESULT: {}
COMMAND: GET /session/85be7df00c2941df1715a768c51ad8f5/screenshot - {}
RESULT: {}
COMMAND: POST /session/85be7df00c2941df1715a768c51ad8f5/element - {"using":"xpath","value":"//input[@id=\"application-manageresources-display-component---newResourceUnit--idRuTSAdmin-application-manageresources-display-component---newResourceUnit--RUTimeSegment-0-inner\"]"}
RESULT: {"using":"xpath","value":"//input[@id=\"application-manageresources-display-component---newResourceUnit--idRuTSAdmin-application-manageresources-display-component---newResourceUnit--RUTimeSegment-0-inner\"]"}
COMMAND: POST /session/85be7df00c2941df1715a768c51ad8f5/element/f.5D121FC7909F200889B59C01A2F655FF.d.98878C03BF4B3A8BCAFB2BF98078692C.e.24940/clear - {}
RESULT: {}
COMMAND: POST /session/85be7df00c2941df1715a768c51ad8f5/element/f.5D121FC7909F200889B59C01A2F655FF.d.98878C03BF4B3A8BCAFB2BF98078692C.e.24940/value - {"text":"221"}
COMMAND: GET /session/85be7df00c2941df1715a768c51ad8f5/screenshot - {}
RESULT: {"text":"221"}
COMMAND: GET /session/85be7df00c2941df1715a768c51ad8f5/screenshot - {}
RESULT: {}
RESULT: {}
COMMAND: POST /session/85be7df00c2941df1715a768c51ad8f5/element - {"using":"xpath","value":"//li[.//span[text()='221']]"}
RESULT: {"using":"xpath","value":"//li[.//span[text()='221']]"}
COMMAND: POST /session/85be7df00c2941df1715a768c51ad8f5/element/f.5D121FC7909F200889B59C01A2F655FF.d.98878C03BF4B3A8BCAFB2BF98078692C.e.24948/click - {}
RESULT: {}
COMMAND: GET /session/85be7df00c2941df1715a768c51ad8f5/screenshot - {}
RESULT: {}
COMMAND: POST /session/85be7df00c2941df1715a768c51ad8f5/element - {"using":"xpath","value":"(//span[contains(@id, \"-application-manageresources-display-component---newResourceUnit--RUTimeSegment-0-arrow\")])[2]"}
RESULT: {"using":"xpath","value":"(//span[contains(@id, \"-application-manageresources-display-component---newResourceUnit--RUTimeSegment-0-arrow\")])[2]"}
COMMAND: POST /session/85be7df00c2941df1715a768c51ad8f5/element/f.5D121FC7909F200889B59C01A2F655FF.d.98878C03BF4B3A8BCAFB2BF98078692C.e.24949/click - {}
RESULT: {}
COMMAND: POST /session/85be7df00c2941df1715a768c51ad8f5/element - {"using":"xpath","value":"//span[contains(text(), \"PM Order\")]"}
COMMAND: GET /session/85be7df00c2941df1715a768c51ad8f5/screenshot - {}
RESULT: {"using":"xpath","value":"//span[contains(text(), \"PM Order\")]"}
COMMAND: POST /session/85be7df00c2941df1715a768c51ad8f5/element/f.5D121FC7909F200889B59C01A2F655FF.d.98878C03BF4B3A8BCAFB2BF98078692C.e.24950/click - {}
RESULT: {}
RESULT: {}
COMMAND: GET /session/85be7df00c2941df1715a768c51ad8f5/screenshot - {}
RESULT: {}
COMMAND: POST /session/85be7df00c2941df1715a768c51ad8f5/element - {"using":"xpath","value":"//td/div/div/div/span[contains(@id, \"newResourceUnit--RUTimeSegment-0-vhi\")][1]"}
RESULT: {"using":"xpath","value":"//td/div/div/div/span[contains(@id, \"newResourceUnit--RUTimeSegment-0-vhi\")][1]"}
COMMAND: GET /session/85be7df00c2941df1715a768c51ad8f5/element/f.5D121FC7909F200889B59C01A2F655FF.d.98878C03BF4B3A8BCAFB2BF98078692C.e.24954/rect - {}
RESULT: {}
COMMAND: GET /session/85be7df00c2941df1715a768c51ad8f5/window/rect - {}
RESULT: {}
COMMAND: POST /session/85be7df00c2941df1715a768c51ad8f5/execute/sync - {"script":"<script> [92 bytes]","args":[]}
RESULT: {"script":"<script> [92 bytes]","args":[]}
COMMAND: POST /session/85be7df00c2941df1715a768c51ad8f5/actions - {"actions":[{"id":"action78","type":"wheel","parameters":{},"actions":[{"type":"scroll","x":-1888,"y":-24,"deltaX":0,"deltaY":0,"duration":0,"origin":{"element-6066-11e4-a52e-4f735466cecf":"f.5D121FC7909F200889B59C01A2F655FF.d.98878C03BF4B3A8BCAFB2BF98078692C.e.24954"}}]}]}
COMMAND: GET /session/85be7df00c2941df1715a768c51ad8f5/screenshot - {}
RESULT: {}
COMMAND: POST /session/85be7df00c2941df1715a768c51ad8f5/execute/sync - {"script":"<script> [79 bytes]","args":[{"element-6066-11e4-a52e-4f735466cecf":"f.5D121FC7909F200889B59C01A2F655FF.d.98878C03BF4B3A8BCAFB2BF98078692C.e.24954","ELEMENT":"f.5D121FC7909F200889B59C01A2F655FF.d.98878C03BF4B3A8BCAFB2BF98078692C.e.24954"},{"block":"start","inline":"nearest"}]}
RESULT: {"script":"<script> [79 bytes]","args":[{"element-6066-11e4-a52e-4f735466cecf":"f.5D121FC7909F200889B59C01A2F655FF.d.98878C03BF4B3A8BCAFB2BF98078692C.e.24954","ELEMENT":"f.5D121FC7909F200889B59C01A2F655FF.d.98878C03BF4B3A8BCAFB2BF98078692C.e.24954"},{"block":"start","inline":"nearest"}]}
COMMAND: GET /session/85be7df00c2941df1715a768c51ad8f5/screenshot - {}
RESULT: {}
COMMAND: POST /session/85be7df00c2941df1715a768c51ad8f5/element/f.5D121FC7909F200889B59C01A2F655FF.d.98878C03BF4B3A8BCAFB2BF98078692C.e.24954/click - {}
RESULT: {}
COMMAND: GET /session/85be7df00c2941df1715a768c51ad8f5/screenshot - {}
RESULT: {}
COMMAND: POST /session/85be7df00c2941df1715a768c51ad8f5/execute/async - {"script":"<script> [1562 bytes]","args":[{"selector":{"controlType":"sap.m.SearchField","properties":{"placeholder":"Search"},"searchOpenDialogs":true,"interaction":{"idSuffix":"I"}},"wdio_ui5_key":"sapm.SearchField{\"placeholder\":\"Search\"}"}]}
RESULT: {"script":"<script> [1562 bytes]","args":[{"selector":{"controlType":"sap.m.SearchField","properties":{"placeholder":"Search"},"searchOpenDialogs":true,"interaction":{"idSuffix":"I"}},"wdio_ui5_key":"sapm.SearchField{\"placeholder\":\"Search\"}"}]}
RESULT: undefined
COMMAND: POST /session/85be7df00c2941df1715a768c51ad8f5/execute/async - {"script":"<script> [776 bytes]","args":[{"enterText":"4000360","selector":{"controlType":"sap.m.SearchField","properties":{"placeholder":"Search"},"searchOpenDialogs":true,"interaction":{"idSuffix":"I"}},"clearTextFirst":true,"interactionType":"ENTER_TEXT"}]}
RESULT: {"script":"<script> [776 bytes]","args":[{"enterText":"4000360","selector":{"controlType":"sap.m.SearchField","properties":{"placeholder":"Search"},"searchOpenDialogs":true,"interaction":{"idSuffix":"I"}},"clearTextFirst":true,"interactionType":"ENTER_TEXT"}]}
COMMAND: POST /session/85be7df00c2941df1715a768c51ad8f5/actions - {"actions":[{"id":"action79","type":"key","parameters":{},"actions":[{"type":"keyDown","value":""},{"type":"pause","duration":10},{"type":"keyUp","value":""}]}]}
RESULT: {"actions":[{"id":"action79","type":"key","parameters":{},"actions":[{"type":"keyDown","value":""},{"type":"pause","duration":10},{"type":"keyUp","value":""}]}]}
COMMAND: GET /session/85be7df00c2941df1715a768c51ad8f5/screenshot - {}
RESULT: {}
COMMAND: POST /session/85be7df00c2941df1715a768c51ad8f5/element - {"using":"xpath","value":"//td/div/span[contains(text(), \"BGL Vehicles\")]"}
RESULT: {"using":"xpath","value":"//td/div/span[contains(text(), \"BGL Vehicles\")]"}
COMMAND: POST /session/85be7df00c2941df1715a768c51ad8f5/element/f.5D121FC7909F200889B59C01A2F655FF.d.98878C03BF4B3A8BCAFB2BF98078692C.e.24976/click - {}
RESULT: {}
COMMAND: GET /session/85be7df00c2941df1715a768c51ad8f5/screenshot - {}
RESULT: {}
COMMAND: POST /session/85be7df00c2941df1715a768c51ad8f5/element - {"using":"xpath","value":"//bdi[contains(text(), \"OK\")]"}
RESULT: {"using":"xpath","value":"//bdi[contains(text(), \"OK\")]"}
COMMAND: POST /session/85be7df00c2941df1715a768c51ad8f5/element/f.5D121FC7909F200889B59C01A2F655FF.d.98878C03BF4B3A8BCAFB2BF98078692C.e.24977/click - {}
RESULT: {}
COMMAND: GET /session/85be7df00c2941df1715a768c51ad8f5/screenshot - {}
RESULT: {}
COMMAND: POST /session/85be7df00c2941df1715a768c51ad8f5/element - {"using":"xpath","value":"//label[contains(@class, 'sapMLabelRequired') and .//bdi[contains(text(), 'Planned Retirement')]]"}
RESULT: {"using":"xpath","value":"//label[contains(@class, 'sapMLabelRequired') and .//bdi[contains(text(), 'Planned Retirement')]]"}
COMMAND: POST /session/85be7df00c2941df1715a768c51ad8f5/elements - {"using":"xpath","value":"//label[contains(@class, 'sapMLabelRequired') and .//bdi[contains(text(), 'Planned Retirement')]]"}
RESULT: {"using":"xpath","value":"//label[contains(@class, 'sapMLabelRequired') and .//bdi[contains(text(), 'Planned Retirement')]]"}
COMMAND: POST /session/85be7df00c2941df1715a768c51ad8f5/element - {"using":"xpath","value":"//button[@data-kt=\"resourceUnitSaveButton\"]"}
RESULT: {"using":"xpath","value":"//button[@data-kt=\"resourceUnitSaveButton\"]"}
COMMAND: POST /session/85be7df00c2941df1715a768c51ad8f5/element/f.5D121FC7909F200889B59C01A2F655FF.d.98878C03BF4B3A8BCAFB2BF98078692C.e.24813/click - {}
RESULT: {}
COMMAND: GET /session/85be7df00c2941df1715a768c51ad8f5/screenshot - {}
RESULT: {}
COMMAND: POST /session/85be7df00c2941df1715a768c51ad8f5/element - {"using":"xpath","value":"//bdi[contains(text(), \"Close\")]"}
RESULT: {"using":"xpath","value":"//bdi[contains(text(), \"Close\")]"}
COMMAND: POST /session/85be7df00c2941df1715a768c51ad8f5/element/f.5D121FC7909F200889B59C01A2F655FF.d.98878C03BF4B3A8BCAFB2BF98078692C.e.24983/click - {}
RESULT: {}
COMMAND: GET /session/85be7df00c2941df1715a768c51ad8f5/screenshot - {}
RESULT: {}
COMMAND: POST /session/85be7df00c2941df1715a768c51ad8f5/element - {"using":"xpath","value":"//header[contains(@id, 'detailRruPage-headerTitle')]/div[1]/div[2]/div[2]/span[1]"}
RESULT: {"using":"xpath","value":"//header[contains(@id, 'detailRruPage-headerTitle')]/div[1]/div[2]/div[2]/span[1]"}
COMMAND: POST /session/85be7df00c2941df1715a768c51ad8f5/elements - {"using":"xpath","value":"//header[contains(@id, 'detailRruPage-headerTitle')]/div[1]/div[2]/div[2]/span[1]"}
RESULT: {"using":"xpath","value":"//header[contains(@id, 'detailRruPage-headerTitle')]/div[1]/div[2]/div[2]/span[1]"}
COMMAND: POST /session/85be7df00c2941df1715a768c51ad8f5/execute/sync - {"script":"<script> [56 bytes]","args":[{"element-6066-11e4-a52e-4f735466cecf":"f.5D121FC7909F200889B59C01A2F655FF.d.98878C03BF4B3A8BCAFB2BF98078692C.e.25011","ELEMENT":"f.5D121FC7909F200889B59C01A2F655FF.d.98878C03BF4B3A8BCAFB2BF98078692C.e.25011"}]}
RESULT: {"script":"<script> [56 bytes]","args":[{"element-6066-11e4-a52e-4f735466cecf":"f.5D121FC7909F200889B59C01A2F655FF.d.98878C03BF4B3A8BCAFB2BF98078692C.e.25011","ELEMENT":"f.5D121FC7909F200889B59C01A2F655FF.d.98878C03BF4B3A8BCAFB2BF98078692C.e.25011"}]}
COMMAND: POST /session/85be7df00c2941df1715a768c51ad8f5/element - {"using":"css selector","value":"#shell-header-logo"}
COMMAND: GET /session/85be7df00c2941df1715a768c51ad8f5/screenshot - {}
RESULT: {"using":"css selector","value":"#shell-header-logo"}
COMMAND: POST /session/85be7df00c2941df1715a768c51ad8f5/element/f.5D121FC7909F200889B59C01A2F655FF.d.98878C03BF4B3A8BCAFB2BF98078692C.e.24284/click - {}
RESULT: {}
RESULT: {}
COMMAND: GET /session/85be7df00c2941df1715a768c51ad8f5/screenshot - {}
RESULT: {}
]]></system-out>
    </testcase>
    <testcase classname="chrome.136_0_7103_93.windows.Create_masterdata_for_Yard_Overview_-_trigger_provide_US130988" name="Bin Status Report Should Create New Organization yard" time="0.006"/>
    <testcase classname="chrome.136_0_7103_93.windows.Create_masterdata_for_Yard_Overview_-_trigger_provide_US130988" name="Create a Warehouse Movement for created yard" time="51.426">
      <system-out><![CDATA[
COMMAND: POST /session/85be7df00c2941df1715a768c51ad8f5/execute/async - {"script":"<script> [1562 bytes]","args":[{"selector":{"controlType":"sap.m.GenericTile","properties":{"header":"Manage Warehouse Movements"}},"wdio_ui5_key":"sapm.GenericTile{\"header\":\"Manage Warehouse Movements\"}"}]}
RESULT: {"script":"<script> [1562 bytes]","args":[{"selector":{"controlType":"sap.m.GenericTile","properties":{"header":"Manage Warehouse Movements"}},"wdio_ui5_key":"sapm.GenericTile{\"header\":\"Manage Warehouse Movements\"}"}]}
RESULT: undefined
COMMAND: POST /session/85be7df00c2941df1715a768c51ad8f5/element - {"using":"xpath","value":"//*[@id=\"__tile105\"]"}
RESULT: {"using":"xpath","value":"//*[@id=\"__tile105\"]"}
COMMAND: POST /session/85be7df00c2941df1715a768c51ad8f5/element/f.5D121FC7909F200889B59C01A2F655FF.d.98878C03BF4B3A8BCAFB2BF98078692C.e.25013/click - {}
RESULT: {}
COMMAND: POST /session/85be7df00c2941df1715a768c51ad8f5/element - {"using":"xpath","value":"//input[@id='application-warehousemovements-display-component---warehouseMovements--smartFilterBar-filterItemControl_BASIC-YARD-inner']"}
COMMAND: GET /session/85be7df00c2941df1715a768c51ad8f5/screenshot - {}
RESULT: {"using":"xpath","value":"//input[@id='application-warehousemovements-display-component---warehouseMovements--smartFilterBar-filterItemControl_BASIC-YARD-inner']"}
COMMAND: POST /session/85be7df00c2941df1715a768c51ad8f5/elements - {"using":"xpath","value":"//input[@id='application-warehousemovements-display-component---warehouseMovements--smartFilterBar-filterItemControl_BASIC-YARD-inner']"}
RESULT: {}
RESULT: {"using":"xpath","value":"//input[@id='application-warehousemovements-display-component---warehouseMovements--smartFilterBar-filterItemControl_BASIC-YARD-inner']"}
COMMAND: POST /session/85be7df00c2941df1715a768c51ad8f5/element - {"using":"xpath","value":"//input[@id='application-warehousemovements-display-component---warehouseMovements--smartFilterBar-filterItemControl_BASIC-YARD-inner']"}
RESULT: {"using":"xpath","value":"//input[@id='application-warehousemovements-display-component---warehouseMovements--smartFilterBar-filterItemControl_BASIC-YARD-inner']"}
COMMAND: POST /session/85be7df00c2941df1715a768c51ad8f5/execute/sync - {"script":"<script> [8489 bytes]","args":[{"element-6066-11e4-a52e-4f735466cecf":"f.5D121FC7909F200889B59C01A2F655FF.d.98878C03BF4B3A8BCAFB2BF98078692C.e.25037","ELEMENT":"f.5D121FC7909F200889B59C01A2F655FF.d.98878C03BF4B3A8BCAFB2BF98078692C.e.25037"}]}
RESULT: {"script":"<script> [8489 bytes]","args":[{"element-6066-11e4-a52e-4f735466cecf":"f.5D121FC7909F200889B59C01A2F655FF.d.98878C03BF4B3A8BCAFB2BF98078692C.e.25037","ELEMENT":"f.5D121FC7909F200889B59C01A2F655FF.d.98878C03BF4B3A8BCAFB2BF98078692C.e.25037"}]}
COMMAND: GET /session/85be7df00c2941df1715a768c51ad8f5/element/f.5D121FC7909F200889B59C01A2F655FF.d.98878C03BF4B3A8BCAFB2BF98078692C.e.25037/enabled - {}
COMMAND: GET /session/85be7df00c2941df1715a768c51ad8f5/screenshot - {}
RESULT: {}
COMMAND: POST /session/85be7df00c2941df1715a768c51ad8f5/execute/sync - {"script":"<script> [8489 bytes]","args":[{"element-6066-11e4-a52e-4f735466cecf":"f.5D121FC7909F200889B59C01A2F655FF.d.98878C03BF4B3A8BCAFB2BF98078692C.e.25037","ELEMENT":"f.5D121FC7909F200889B59C01A2F655FF.d.98878C03BF4B3A8BCAFB2BF98078692C.e.25037"}]}
COMMAND: GET /session/85be7df00c2941df1715a768c51ad8f5/screenshot - {}
RESULT: {}
RESULT: {"script":"<script> [8489 bytes]","args":[{"element-6066-11e4-a52e-4f735466cecf":"f.5D121FC7909F200889B59C01A2F655FF.d.98878C03BF4B3A8BCAFB2BF98078692C.e.25037","ELEMENT":"f.5D121FC7909F200889B59C01A2F655FF.d.98878C03BF4B3A8BCAFB2BF98078692C.e.25037"}]}
COMMAND: POST /session/85be7df00c2941df1715a768c51ad8f5/execute/sync - {"script":"<script> [5351 bytes]","args":[{"element-6066-11e4-a52e-4f735466cecf":"f.5D121FC7909F200889B59C01A2F655FF.d.98878C03BF4B3A8BCAFB2BF98078692C.e.25037","ELEMENT":"f.5D121FC7909F200889B59C01A2F655FF.d.98878C03BF4B3A8BCAFB2BF98078692C.e.25037"}]}
COMMAND: GET /session/85be7df00c2941df1715a768c51ad8f5/screenshot - {}
RESULT: {}
RESULT: {"script":"<script> [5351 bytes]","args":[{"element-6066-11e4-a52e-4f735466cecf":"f.5D121FC7909F200889B59C01A2F655FF.d.98878C03BF4B3A8BCAFB2BF98078692C.e.25037","ELEMENT":"f.5D121FC7909F200889B59C01A2F655FF.d.98878C03BF4B3A8BCAFB2BF98078692C.e.25037"}]}
COMMAND: GET /session/85be7df00c2941df1715a768c51ad8f5/screenshot - {}
RESULT: {}
RESULT: {}
COMMAND: POST /session/85be7df00c2941df1715a768c51ad8f5/element/f.5D121FC7909F200889B59C01A2F655FF.d.98878C03BF4B3A8BCAFB2BF98078692C.e.25037/clear - {}
RESULT: {}
COMMAND: POST /session/85be7df00c2941df1715a768c51ad8f5/element/f.5D121FC7909F200889B59C01A2F655FF.d.98878C03BF4B3A8BCAFB2BF98078692C.e.25037/value - {"text":"221"}
COMMAND: GET /session/85be7df00c2941df1715a768c51ad8f5/screenshot - {}
RESULT: {"text":"221"}
COMMAND: POST /session/85be7df00c2941df1715a768c51ad8f5/actions - {"actions":[{"id":"action80","type":"key","parameters":{},"actions":[{"type":"keyDown","value":""},{"type":"pause","duration":10},{"type":"keyUp","value":""}]}]}
COMMAND: GET /session/85be7df00c2941df1715a768c51ad8f5/screenshot - {}
RESULT: {}
RESULT: {"actions":[{"id":"action80","type":"key","parameters":{},"actions":[{"type":"keyDown","value":""},{"type":"pause","duration":10},{"type":"keyUp","value":""}]}]}
COMMAND: GET /session/85be7df00c2941df1715a768c51ad8f5/screenshot - {}
RESULT: {}
RESULT: {}
COMMAND: POST /session/85be7df00c2941df1715a768c51ad8f5/element - {"using":"xpath","value":"//button[contains(@data-kt, \"MasterMovementAddOverflowToolbarButton\")]"}
RESULT: {"using":"xpath","value":"//button[contains(@data-kt, \"MasterMovementAddOverflowToolbarButton\")]"}
COMMAND: POST /session/85be7df00c2941df1715a768c51ad8f5/element/f.5D121FC7909F200889B59C01A2F655FF.d.98878C03BF4B3A8BCAFB2BF98078692C.e.25059/click - {}
RESULT: {}
COMMAND: GET /session/85be7df00c2941df1715a768c51ad8f5/screenshot - {}
RESULT: {}
COMMAND: POST /session/85be7df00c2941df1715a768c51ad8f5/element - {"using":"xpath","value":"//*[@id=\"application-warehousemovements-display-component---addMovement--sectionsList-arrow\"]"}
RESULT: {"using":"xpath","value":"//*[@id=\"application-warehousemovements-display-component---addMovement--sectionsList-arrow\"]"}
COMMAND: POST /session/85be7df00c2941df1715a768c51ad8f5/element/f.5D121FC7909F200889B59C01A2F655FF.d.98878C03BF4B3A8BCAFB2BF98078692C.e.25264/click - {}
RESULT: {}
COMMAND: POST /session/85be7df00c2941df1715a768c51ad8f5/actions - {"actions":[{"id":"action81","type":"key","parameters":{},"actions":[{"type":"keyDown","value":""},{"type":"pause","duration":10},{"type":"keyUp","value":""}]}]}
COMMAND: GET /session/85be7df00c2941df1715a768c51ad8f5/screenshot - {}
RESULT: {"actions":[{"id":"action81","type":"key","parameters":{},"actions":[{"type":"keyDown","value":""},{"type":"pause","duration":10},{"type":"keyUp","value":""}]}]}
COMMAND: GET /session/85be7df00c2941df1715a768c51ad8f5/screenshot - {}
RESULT: {}
RESULT: {}
COMMAND: POST /session/85be7df00c2941df1715a768c51ad8f5/actions - {"actions":[{"id":"action82","type":"key","parameters":{},"actions":[{"type":"keyDown","value":""},{"type":"pause","duration":10},{"type":"keyUp","value":""}]}]}
RESULT: {"actions":[{"id":"action82","type":"key","parameters":{},"actions":[{"type":"keyDown","value":""},{"type":"pause","duration":10},{"type":"keyUp","value":""}]}]}
COMMAND: GET /session/85be7df00c2941df1715a768c51ad8f5/screenshot - {}
RESULT: {}
COMMAND: POST /session/85be7df00c2941df1715a768c51ad8f5/element - {"using":"xpath","value":"//*[@id=\"application-warehousemovements-display-component---addMovement--saveMovementBtn-BDI-content\" and text()=\"Save\"]"}
RESULT: {"using":"xpath","value":"//*[@id=\"application-warehousemovements-display-component---addMovement--saveMovementBtn-BDI-content\" and text()=\"Save\"]"}
COMMAND: POST /session/85be7df00c2941df1715a768c51ad8f5/element/f.5D121FC7909F200889B59C01A2F655FF.d.98878C03BF4B3A8BCAFB2BF98078692C.e.25265/click - {}
RESULT: {}
COMMAND: GET /session/85be7df00c2941df1715a768c51ad8f5/screenshot - {}
RESULT: {}
COMMAND: POST /session/85be7df00c2941df1715a768c51ad8f5/element - {"using":"css selector","value":"#shell-header-logo"}
RESULT: {"using":"css selector","value":"#shell-header-logo"}
COMMAND: POST /session/85be7df00c2941df1715a768c51ad8f5/element/f.5D121FC7909F200889B59C01A2F655FF.d.98878C03BF4B3A8BCAFB2BF98078692C.e.25017/click - {}
RESULT: {}
COMMAND: GET /session/85be7df00c2941df1715a768c51ad8f5/screenshot - {}
RESULT: {}
]]></system-out>
    </testcase>
    <testcase classname="chrome.136_0_7103_93.windows.Create_masterdata_for_Yard_Overview_-_trigger_provide_US130988" name="Should do a stock increase handover for equipment" time="98.553">
      <system-out><![CDATA[
COMMAND: POST /session/85be7df00c2941df1715a768c51ad8f5/execute/async - {"script":"<script> [1562 bytes]","args":[{"selector":{"controlType":"sap.m.GenericTile","properties":{"header":"Manage Handovers"}},"wdio_ui5_key":"sapm.GenericTile{\"header\":\"Manage Handovers\"}"}]}
RESULT: {"script":"<script> [1562 bytes]","args":[{"selector":{"controlType":"sap.m.GenericTile","properties":{"header":"Manage Handovers"}},"wdio_ui5_key":"sapm.GenericTile{\"header\":\"Manage Handovers\"}"}]}
RESULT: undefined
COMMAND: POST /session/85be7df00c2941df1715a768c51ad8f5/element - {"using":"xpath","value":"//*[@id=\"__tile133\"]"}
RESULT: {"using":"xpath","value":"//*[@id=\"__tile133\"]"}
COMMAND: POST /session/85be7df00c2941df1715a768c51ad8f5/element/f.5D121FC7909F200889B59C01A2F655FF.d.98878C03BF4B3A8BCAFB2BF98078692C.e.24337/click - {}
RESULT: {}
COMMAND: GET /session/85be7df00c2941df1715a768c51ad8f5/screenshot - {}
RESULT: {}
COMMAND: POST /session/85be7df00c2941df1715a768c51ad8f5/elements - {"using":"xpath","value":"//span[text()='Error']"}
RESULT: {"using":"xpath","value":"//span[text()='Error']"}
COMMAND: POST /session/85be7df00c2941df1715a768c51ad8f5/element - {"using":"xpath","value":"//button[@data-kt=\"masterHOAddButton\"]"}
RESULT: {"using":"xpath","value":"//button[@data-kt=\"masterHOAddButton\"]"}
COMMAND: POST /session/85be7df00c2941df1715a768c51ad8f5/elements - {"using":"xpath","value":"//button[@data-kt=\"masterHOAddButton\"]"}
RESULT: {"using":"xpath","value":"//button[@data-kt=\"masterHOAddButton\"]"}
COMMAND: POST /session/85be7df00c2941df1715a768c51ad8f5/execute/sync - {"script":"<script> [8489 bytes]","args":[{"element-6066-11e4-a52e-4f735466cecf":"f.5D121FC7909F200889B59C01A2F655FF.d.98878C03BF4B3A8BCAFB2BF98078692C.e.25377","ELEMENT":"f.5D121FC7909F200889B59C01A2F655FF.d.98878C03BF4B3A8BCAFB2BF98078692C.e.25377"}]}
RESULT: {"script":"<script> [8489 bytes]","args":[{"element-6066-11e4-a52e-4f735466cecf":"f.5D121FC7909F200889B59C01A2F655FF.d.98878C03BF4B3A8BCAFB2BF98078692C.e.25377","ELEMENT":"f.5D121FC7909F200889B59C01A2F655FF.d.98878C03BF4B3A8BCAFB2BF98078692C.e.25377"}]}
COMMAND: GET /session/85be7df00c2941df1715a768c51ad8f5/element/f.5D121FC7909F200889B59C01A2F655FF.d.98878C03BF4B3A8BCAFB2BF98078692C.e.25377/enabled - {}
COMMAND: GET /session/85be7df00c2941df1715a768c51ad8f5/screenshot - {}
RESULT: {}
COMMAND: POST /session/85be7df00c2941df1715a768c51ad8f5/execute/sync - {"script":"<script> [8489 bytes]","args":[{"element-6066-11e4-a52e-4f735466cecf":"f.5D121FC7909F200889B59C01A2F655FF.d.98878C03BF4B3A8BCAFB2BF98078692C.e.25377","ELEMENT":"f.5D121FC7909F200889B59C01A2F655FF.d.98878C03BF4B3A8BCAFB2BF98078692C.e.25377"}]}
COMMAND: GET /session/85be7df00c2941df1715a768c51ad8f5/screenshot - {}
RESULT: {}
RESULT: {"script":"<script> [8489 bytes]","args":[{"element-6066-11e4-a52e-4f735466cecf":"f.5D121FC7909F200889B59C01A2F655FF.d.98878C03BF4B3A8BCAFB2BF98078692C.e.25377","ELEMENT":"f.5D121FC7909F200889B59C01A2F655FF.d.98878C03BF4B3A8BCAFB2BF98078692C.e.25377"}]}
COMMAND: POST /session/85be7df00c2941df1715a768c51ad8f5/execute/sync - {"script":"<script> [5351 bytes]","args":[{"element-6066-11e4-a52e-4f735466cecf":"f.5D121FC7909F200889B59C01A2F655FF.d.98878C03BF4B3A8BCAFB2BF98078692C.e.25377","ELEMENT":"f.5D121FC7909F200889B59C01A2F655FF.d.98878C03BF4B3A8BCAFB2BF98078692C.e.25377"}]}
COMMAND: GET /session/85be7df00c2941df1715a768c51ad8f5/screenshot - {}
RESULT: {}
RESULT: {"script":"<script> [5351 bytes]","args":[{"element-6066-11e4-a52e-4f735466cecf":"f.5D121FC7909F200889B59C01A2F655FF.d.98878C03BF4B3A8BCAFB2BF98078692C.e.25377","ELEMENT":"f.5D121FC7909F200889B59C01A2F655FF.d.98878C03BF4B3A8BCAFB2BF98078692C.e.25377"}]}
COMMAND: POST /session/85be7df00c2941df1715a768c51ad8f5/element/f.5D121FC7909F200889B59C01A2F655FF.d.98878C03BF4B3A8BCAFB2BF98078692C.e.25377/click - {}
COMMAND: GET /session/85be7df00c2941df1715a768c51ad8f5/screenshot - {}
RESULT: {}
RESULT: {}
COMMAND: GET /session/85be7df00c2941df1715a768c51ad8f5/screenshot - {}
COMMAND: POST /session/85be7df00c2941df1715a768c51ad8f5/element - {"using":"xpath","value":"//span[contains(@id ,\"AddNewHO--typeSelect-arrow\")]"}
RESULT: {}
RESULT: {}
RESULT: {"using":"xpath","value":"//span[contains(@id ,\"AddNewHO--typeSelect-arrow\")]"}
COMMAND: POST /session/85be7df00c2941df1715a768c51ad8f5/element/f.5D121FC7909F200889B59C01A2F655FF.d.98878C03BF4B3A8BCAFB2BF98078692C.e.25713/click - {}
RESULT: {}
COMMAND: GET /session/85be7df00c2941df1715a768c51ad8f5/screenshot - {}
RESULT: {}
COMMAND: POST /session/85be7df00c2941df1715a768c51ad8f5/element - {"using":"xpath","value":"(//li[contains(text(), \"stock increase yard\")])[1]"}
RESULT: {"using":"xpath","value":"(//li[contains(text(), \"stock increase yard\")])[1]"}
COMMAND: POST /session/85be7df00c2941df1715a768c51ad8f5/element/f.5D121FC7909F200889B59C01A2F655FF.d.98878C03BF4B3A8BCAFB2BF98078692C.e.25714/click - {}
RESULT: {}
COMMAND: GET /session/85be7df00c2941df1715a768c51ad8f5/screenshot - {}
RESULT: {}
COMMAND: POST /session/85be7df00c2941df1715a768c51ad8f5/execute/async - {"script":"<script> [1562 bytes]","args":[{"selector":{"id":"application-managehandovers-display-component---AddNewHO--dueDate","interaction":{"idSuffix":"inner"}},"wdio_ui5_key":"applicationmanagehandovers-display-component---AddNewHO--dueDate"}]}
RESULT: {"script":"<script> [1562 bytes]","args":[{"selector":{"id":"application-managehandovers-display-component---AddNewHO--dueDate","interaction":{"idSuffix":"inner"}},"wdio_ui5_key":"applicationmanagehandovers-display-component---AddNewHO--dueDate"}]}
RESULT: undefined
COMMAND: POST /session/85be7df00c2941df1715a768c51ad8f5/execute/async - {"script":"<script> [6424 bytes]","args":[{"element-6066-11e4-a52e-4f735466cecf":"f.5D121FC7909F200889B59C01A2F655FF.d.98878C03BF4B3A8BCAFB2BF98078692C.e.25718"},"setValue",["5/23/25"]]}
RESULT: {"script":"<script> [6424 bytes]","args":[{"element-6066-11e4-a52e-4f735466cecf":"f.5D121FC7909F200889B59C01A2F655FF.d.98878C03BF4B3A8BCAFB2BF98078692C.e.25718"},"setValue",["5/23/25"]]}
COMMAND: POST /session/85be7df00c2941df1715a768c51ad8f5/element - {"using":"xpath","value":"//input[@id=\"generalSectionFrg--receiveYard-inner\"]"}
RESULT: {"using":"xpath","value":"//input[@id=\"generalSectionFrg--receiveYard-inner\"]"}
COMMAND: POST /session/85be7df00c2941df1715a768c51ad8f5/element/f.5D121FC7909F200889B59C01A2F655FF.d.98878C03BF4B3A8BCAFB2BF98078692C.e.25724/clear - {}
RESULT: {}
COMMAND: POST /session/85be7df00c2941df1715a768c51ad8f5/element/f.5D121FC7909F200889B59C01A2F655FF.d.98878C03BF4B3A8BCAFB2BF98078692C.e.25724/value - {"text":"221"}
COMMAND: GET /session/85be7df00c2941df1715a768c51ad8f5/screenshot - {}
RESULT: {"text":"221"}
COMMAND: GET /session/85be7df00c2941df1715a768c51ad8f5/screenshot - {}
RESULT: {}
RESULT: {}
COMMAND: POST /session/85be7df00c2941df1715a768c51ad8f5/element - {"using":"xpath","value":"//li[.//span[text()='221']]"}
RESULT: {"using":"xpath","value":"//li[.//span[text()='221']]"}
COMMAND: POST /session/85be7df00c2941df1715a768c51ad8f5/element/f.5D121FC7909F200889B59C01A2F655FF.d.98878C03BF4B3A8BCAFB2BF98078692C.e.25740/click - {}
RESULT: {}
COMMAND: GET /session/85be7df00c2941df1715a768c51ad8f5/screenshot - {}
RESULT: {}
COMMAND: POST /session/85be7df00c2941df1715a768c51ad8f5/execute/async - {"script":"<script> [1562 bytes]","args":[{"selector":{"id":"application-managehandovers-display-component---AddNewHO--ObjectPageLayout-anchBar-application-managehandovers-display-component---AddNewHO--section4-anchor","interaction":{"idSuffix":"BDI-content"}},"wdio_ui5_key":"applicationmanagehandovers-display-component---AddNewHO--ObjectPageLayout-anchBar-application-managehandovers-display-component---AddNewHO--section4-anchor"}]}
RESULT: {"script":"<script> [1562 bytes]","args":[{"selector":{"id":"application-managehandovers-display-component---AddNewHO--ObjectPageLayout-anchBar-application-managehandovers-display-component---AddNewHO--section4-anchor","interaction":{"idSuffix":"BDI-content"}},"wdio_ui5_key":"applicationmanagehandovers-display-component---AddNewHO--ObjectPageLayout-anchBar-application-managehandovers-display-component---AddNewHO--section4-anchor"}]}
RESULT: undefined
COMMAND: POST /session/85be7df00c2941df1715a768c51ad8f5/element - {"using":"xpath","value":"//*[@id=\"application-managehandovers-display-component---AddNewHO--ObjectPageLayout-anchBar-application-managehandovers-display-component---AddNewHO--section4-anchor\"]"}
RESULT: {"using":"xpath","value":"//*[@id=\"application-managehandovers-display-component---AddNewHO--ObjectPageLayout-anchBar-application-managehandovers-display-component---AddNewHO--section4-anchor\"]"}
COMMAND: POST /session/85be7df00c2941df1715a768c51ad8f5/element/f.5D121FC7909F200889B59C01A2F655FF.d.98878C03BF4B3A8BCAFB2BF98078692C.e.25742/click - {}
RESULT: {}
COMMAND: POST /session/85be7df00c2941df1715a768c51ad8f5/element - {"using":"xpath","value":"//button[@aria-label=\"Add\"]"}
COMMAND: GET /session/85be7df00c2941df1715a768c51ad8f5/screenshot - {}
RESULT: {"using":"xpath","value":"//button[@aria-label=\"Add\"]"}
COMMAND: POST /session/85be7df00c2941df1715a768c51ad8f5/element/f.5D121FC7909F200889B59C01A2F655FF.d.98878C03BF4B3A8BCAFB2BF98078692C.e.25744/click - {}
RESULT: {}
RESULT: {}
COMMAND: GET /session/85be7df00c2941df1715a768c51ad8f5/screenshot - {}
RESULT: {}
COMMAND: POST /session/85be7df00c2941df1715a768c51ad8f5/execute/async - {"script":"<script> [1562 bytes]","args":[{"selector":{"id":"application-managehandovers-display-component---AddNewHO--smartFilterBar-btnBasicSearch","searchOpenDialogs":true,"interaction":{"idSuffix":"I"}},"wdio_ui5_key":"applicationmanagehandovers-display-component---AddNewHO--smartFilterBar-btnBasicSearch"}]}
RESULT: {"script":"<script> [1562 bytes]","args":[{"selector":{"id":"application-managehandovers-display-component---AddNewHO--smartFilterBar-btnBasicSearch","searchOpenDialogs":true,"interaction":{"idSuffix":"I"}},"wdio_ui5_key":"applicationmanagehandovers-display-component---AddNewHO--smartFilterBar-btnBasicSearch"}]}
RESULT: undefined
COMMAND: POST /session/85be7df00c2941df1715a768c51ad8f5/execute/async - {"script":"<script> [776 bytes]","args":[{"enterText":"200099","selector":{"id":"application-managehandovers-display-component---AddNewHO--smartFilterBar-btnBasicSearch","searchOpenDialogs":true,"interaction":{"idSuffix":"I"}},"clearTextFirst":true,"interactionType":"ENTER_TEXT"}]}
RESULT: {"script":"<script> [776 bytes]","args":[{"enterText":"200099","selector":{"id":"application-managehandovers-display-component---AddNewHO--smartFilterBar-btnBasicSearch","searchOpenDialogs":true,"interaction":{"idSuffix":"I"}},"clearTextFirst":true,"interactionType":"ENTER_TEXT"}]}
COMMAND: POST /session/85be7df00c2941df1715a768c51ad8f5/actions - {"actions":[{"id":"action83","type":"key","parameters":{},"actions":[{"type":"keyDown","value":""},{"type":"pause","duration":10},{"type":"keyUp","value":""}]}]}
RESULT: {"actions":[{"id":"action83","type":"key","parameters":{},"actions":[{"type":"keyDown","value":""},{"type":"pause","duration":10},{"type":"keyUp","value":""}]}]}
COMMAND: GET /session/85be7df00c2941df1715a768c51ad8f5/screenshot - {}
RESULT: {}
COMMAND: POST /session/85be7df00c2941df1715a768c51ad8f5/execute/async - {"script":"<script> [1562 bytes]","args":[{"selector":{"id":"application-managehandovers-display-component---AddNewHO--popup-sa","searchOpenDialogs":true,"interaction":{"idSuffix":"CbBg"}},"wdio_ui5_key":"applicationmanagehandovers-display-component---AddNewHO--popup-sa"}]}
RESULT: {"script":"<script> [1562 bytes]","args":[{"selector":{"id":"application-managehandovers-display-component---AddNewHO--popup-sa","searchOpenDialogs":true,"interaction":{"idSuffix":"CbBg"}},"wdio_ui5_key":"applicationmanagehandovers-display-component---AddNewHO--popup-sa"}]}
RESULT: undefined
COMMAND: POST /session/85be7df00c2941df1715a768c51ad8f5/element - {"using":"xpath","value":"//*[@id=\"application-managehandovers-display-component---AddNewHO--popup-sa\"]"}
RESULT: {"using":"xpath","value":"//*[@id=\"application-managehandovers-display-component---AddNewHO--popup-sa\"]"}
COMMAND: POST /session/85be7df00c2941df1715a768c51ad8f5/element/f.5D121FC7909F200889B59C01A2F655FF.d.98878C03BF4B3A8BCAFB2BF98078692C.e.25899/click - {}
RESULT: {}
COMMAND: GET /session/85be7df00c2941df1715a768c51ad8f5/screenshot - {}
RESULT: {}
COMMAND: POST /session/85be7df00c2941df1715a768c51ad8f5/element - {"using":"xpath","value":"//bdi[contains(text(), \"Select\")]"}
RESULT: {"using":"xpath","value":"//bdi[contains(text(), \"Select\")]"}
COMMAND: POST /session/85be7df00c2941df1715a768c51ad8f5/element/f.5D121FC7909F200889B59C01A2F655FF.d.98878C03BF4B3A8BCAFB2BF98078692C.e.25900/click - {}
RESULT: {}
COMMAND: GET /session/85be7df00c2941df1715a768c51ad8f5/screenshot - {}
RESULT: {}
COMMAND: POST /session/85be7df00c2941df1715a768c51ad8f5/element - {"using":"xpath","value":"//button[@data-kt=\"AddNewHOSaveButton\"]"}
RESULT: {"using":"xpath","value":"//button[@data-kt=\"AddNewHOSaveButton\"]"}
COMMAND: POST /session/85be7df00c2941df1715a768c51ad8f5/element/f.5D121FC7909F200889B59C01A2F655FF.d.98878C03BF4B3A8BCAFB2BF98078692C.e.25904/click - {}
RESULT: {}
COMMAND: GET /session/85be7df00c2941df1715a768c51ad8f5/screenshot - {}
COMMAND: POST /session/85be7df00c2941df1715a768c51ad8f5/execute/async - {"script":"<script> [1562 bytes]","args":[{"selector":{"id":"receiptDatePicker","viewName":"etm.portal.ui.managehandovers.view.DetailExecuteHO","interaction":{"idSuffix":"inner"}},"wdio_ui5_key":"receiptDatePickeretmportal.ui.managehandovers.view.DetailExecuteHO"}]}
RESULT: {}
RESULT: {"script":"<script> [1562 bytes]","args":[{"selector":{"id":"receiptDatePicker","viewName":"etm.portal.ui.managehandovers.view.DetailExecuteHO","interaction":{"idSuffix":"inner"}},"wdio_ui5_key":"receiptDatePickeretmportal.ui.managehandovers.view.DetailExecuteHO"}]}
RESULT: undefined
COMMAND: POST /session/85be7df00c2941df1715a768c51ad8f5/execute/async - {"script":"<script> [6424 bytes]","args":[{"element-6066-11e4-a52e-4f735466cecf":"f.5D121FC7909F200889B59C01A2F655FF.d.98878C03BF4B3A8BCAFB2BF98078692C.e.25936"},"setValue",["5/23/25"]]}
RESULT: {"script":"<script> [6424 bytes]","args":[{"element-6066-11e4-a52e-4f735466cecf":"f.5D121FC7909F200889B59C01A2F655FF.d.98878C03BF4B3A8BCAFB2BF98078692C.e.25936"},"setValue",["5/23/25"]]}
COMMAND: POST /session/85be7df00c2941df1715a768c51ad8f5/element - {"using":"xpath","value":"//button[@data-kt=\"ReceivingTableConfirmAllButton\"]"}
RESULT: {"using":"xpath","value":"//button[@data-kt=\"ReceivingTableConfirmAllButton\"]"}
COMMAND: POST /session/85be7df00c2941df1715a768c51ad8f5/element/f.5D121FC7909F200889B59C01A2F655FF.d.98878C03BF4B3A8BCAFB2BF98078692C.e.25954/click - {}
RESULT: {}
COMMAND: GET /session/85be7df00c2941df1715a768c51ad8f5/screenshot - {}
RESULT: {}
COMMAND: POST /session/85be7df00c2941df1715a768c51ad8f5/element - {"using":"xpath","value":"//bdi[contains(text(), \"OK\")]"}
RESULT: {"using":"xpath","value":"//bdi[contains(text(), \"OK\")]"}
COMMAND: POST /session/85be7df00c2941df1715a768c51ad8f5/element/f.5D121FC7909F200889B59C01A2F655FF.d.98878C03BF4B3A8BCAFB2BF98078692C.e.25956/click - {}
RESULT: {}
COMMAND: GET /session/85be7df00c2941df1715a768c51ad8f5/screenshot - {}
RESULT: {}
COMMAND: POST /session/85be7df00c2941df1715a768c51ad8f5/element - {"using":"xpath","value":"(//bdi[contains(text(), \"Receive\")])[2]"}
RESULT: {"using":"xpath","value":"(//bdi[contains(text(), \"Receive\")])[2]"}
COMMAND: POST /session/85be7df00c2941df1715a768c51ad8f5/element/f.5D121FC7909F200889B59C01A2F655FF.d.98878C03BF4B3A8BCAFB2BF98078692C.e.25958/click - {}
RESULT: {}
COMMAND: GET /session/85be7df00c2941df1715a768c51ad8f5/screenshot - {}
RESULT: {}
COMMAND: POST /session/85be7df00c2941df1715a768c51ad8f5/element - {"using":"css selector","value":"#shell-header-logo"}
RESULT: {"using":"css selector","value":"#shell-header-logo"}
COMMAND: POST /session/85be7df00c2941df1715a768c51ad8f5/element/f.5D121FC7909F200889B59C01A2F655FF.d.98878C03BF4B3A8BCAFB2BF98078692C.e.25340/click - {}
RESULT: {}
COMMAND: GET /session/85be7df00c2941df1715a768c51ad8f5/screenshot - {}
RESULT: {}
]]></system-out>
    </testcase>
    <testcase classname="chrome.136_0_7103_93.windows.Create_masterdata_for_Yard_Overview_-_trigger_provide_US130988" name="Set status to defect" time="63.842">
      <system-out><![CDATA[
COMMAND: POST /session/85be7df00c2941df1715a768c51ad8f5/execute/async - {"script":"<script> [1562 bytes]","args":[{"selector":{"controlType":"sap.m.GenericTile","properties":{"header":"Manage States & Performance"}},"wdio_ui5_key":"sapm.GenericTile{\"header\":\"Manage States & Performance\"}"}]}
RESULT: {"script":"<script> [1562 bytes]","args":[{"selector":{"controlType":"sap.m.GenericTile","properties":{"header":"Manage States & Performance"}},"wdio_ui5_key":"sapm.GenericTile{\"header\":\"Manage States & Performance\"}"}]}
RESULT: undefined
COMMAND: POST /session/85be7df00c2941df1715a768c51ad8f5/element - {"using":"xpath","value":"//*[@id=\"__tile96\"]"}
RESULT: {"using":"xpath","value":"//*[@id=\"__tile96\"]"}
COMMAND: POST /session/85be7df00c2941df1715a768c51ad8f5/element/f.5D121FC7909F200889B59C01A2F655FF.d.98878C03BF4B3A8BCAFB2BF98078692C.e.24382/click - {}
RESULT: {}
COMMAND: GET /session/85be7df00c2941df1715a768c51ad8f5/screenshot - {}
RESULT: {}
COMMAND: POST /session/85be7df00c2941df1715a768c51ad8f5/elements - {"using":"xpath","value":"//span[text()='Error']"}
RESULT: {"using":"xpath","value":"//span[text()='Error']"}
COMMAND: POST /session/85be7df00c2941df1715a768c51ad8f5/execute/async - {"script":"<script> [1562 bytes]","args":[{"selector":{"controlType":"sap.ui.core.Icon","viewName":"etm.portal.ui.managestatesandperformance.view.Master","viewId":"application-managestatesandperformance-display-component---stateAndPerform","properties":{"src":{"regex":{"source":"inventory"}}}},"wdio_ui5_key":"etmportal.ui.managestatesandperformance.view.Mastersap.ui.core.Icon{\"src\":{\"regex\":{\"source\":\"inventory\"}}}"}]}
RESULT: {"script":"<script> [1562 bytes]","args":[{"selector":{"controlType":"sap.ui.core.Icon","viewName":"etm.portal.ui.managestatesandperformance.view.Master","viewId":"application-managestatesandperformance-display-component---stateAndPerform","properties":{"src":{"regex":{"source":"inventory"}}}},"wdio_ui5_key":"etmportal.ui.managestatesandperformance.view.Mastersap.ui.core.Icon{\"src\":{\"regex\":{\"source\":\"inventory\"}}}"}]}
RESULT: undefined
COMMAND: POST /session/85be7df00c2941df1715a768c51ad8f5/element - {"using":"xpath","value":"//*[@id=\"__filter57-icon\"]"}
RESULT: {"using":"xpath","value":"//*[@id=\"__filter57-icon\"]"}
COMMAND: POST /session/85be7df00c2941df1715a768c51ad8f5/element/f.5D121FC7909F200889B59C01A2F655FF.d.98878C03BF4B3A8BCAFB2BF98078692C.e.26227/click - {}
RESULT: {}
COMMAND: POST /session/85be7df00c2941df1715a768c51ad8f5/execute/async - {"script":"<script> [1562 bytes]","args":[{"selector":{"id":"application-managestatesandperformance-display-component---stateAndPerform--smartFilterBarYard-btnBasicSearch","interaction":{"idSuffix":"I"}},"wdio_ui5_key":"applicationmanagestatesandperformance-display-component---stateAndPerform--smartFilterBarYard-btnBasicSearch"}]}
COMMAND: GET /session/85be7df00c2941df1715a768c51ad8f5/screenshot - {}
RESULT: {"script":"<script> [1562 bytes]","args":[{"selector":{"id":"application-managestatesandperformance-display-component---stateAndPerform--smartFilterBarYard-btnBasicSearch","interaction":{"idSuffix":"I"}},"wdio_ui5_key":"applicationmanagestatesandperformance-display-component---stateAndPerform--smartFilterBarYard-btnBasicSearch"}]}
RESULT: undefined
COMMAND: POST /session/85be7df00c2941df1715a768c51ad8f5/execute/async - {"script":"<script> [776 bytes]","args":[{"enterText":"200099","selector":{"id":"application-managestatesandperformance-display-component---stateAndPerform--smartFilterBarYard-btnBasicSearch","interaction":{"idSuffix":"I"}},"clearTextFirst":true,"interactionType":"ENTER_TEXT"}]}
RESULT: {}
RESULT: {"script":"<script> [776 bytes]","args":[{"enterText":"200099","selector":{"id":"application-managestatesandperformance-display-component---stateAndPerform--smartFilterBarYard-btnBasicSearch","interaction":{"idSuffix":"I"}},"clearTextFirst":true,"interactionType":"ENTER_TEXT"}]}
COMMAND: POST /session/85be7df00c2941df1715a768c51ad8f5/actions - {"actions":[{"id":"action84","type":"key","parameters":{},"actions":[{"type":"keyDown","value":""},{"type":"pause","duration":10},{"type":"keyUp","value":""}]}]}
RESULT: {"actions":[{"id":"action84","type":"key","parameters":{},"actions":[{"type":"keyDown","value":""},{"type":"pause","duration":10},{"type":"keyUp","value":""}]}]}
COMMAND: GET /session/85be7df00c2941df1715a768c51ad8f5/screenshot - {}
RESULT: {}
COMMAND: POST /session/85be7df00c2941df1715a768c51ad8f5/element - {"using":"xpath","value":"(//span[contains(@id, \"imgNav\")])[1]"}
RESULT: {"using":"xpath","value":"(//span[contains(@id, \"imgNav\")])[1]"}
COMMAND: POST /session/85be7df00c2941df1715a768c51ad8f5/element/f.5D121FC7909F200889B59C01A2F655FF.d.98878C03BF4B3A8BCAFB2BF98078692C.e.26306/click - {}
RESULT: {}
COMMAND: GET /session/85be7df00c2941df1715a768c51ad8f5/screenshot - {}
RESULT: {}
COMMAND: POST /session/85be7df00c2941df1715a768c51ad8f5/execute/async - {"script":"<script> [1562 bytes]","args":[{"selector":{"controlType":"sap.m.Button","viewName":"etm.portal.ui.managestatesandperformance.view.Detail","viewId":"application-managestatesandperformance-display-component---detailStateAndPerform","i18NText":{"propertyName":"text","key":"createStateChange"},"interaction":{"idSuffix":"content"}},"wdio_ui5_key":"etmportal.ui.managestatesandperformance.view.Detailsap.m.Button{\"propertyName\":\"text\",\"key\":\"createStateChange\"}"}]}
RESULT: {"script":"<script> [1562 bytes]","args":[{"selector":{"controlType":"sap.m.Button","viewName":"etm.portal.ui.managestatesandperformance.view.Detail","viewId":"application-managestatesandperformance-display-component---detailStateAndPerform","i18NText":{"propertyName":"text","key":"createStateChange"},"interaction":{"idSuffix":"content"}},"wdio_ui5_key":"etmportal.ui.managestatesandperformance.view.Detailsap.m.Button{\"propertyName\":\"text\",\"key\":\"createStateChange\"}"}]}
RESULT: undefined
COMMAND: POST /session/85be7df00c2941df1715a768c51ad8f5/element - {"using":"xpath","value":"//*[@id=\"__button186\"]"}
RESULT: {"using":"xpath","value":"//*[@id=\"__button186\"]"}
COMMAND: POST /session/85be7df00c2941df1715a768c51ad8f5/element/f.5D121FC7909F200889B59C01A2F655FF.d.98878C03BF4B3A8BCAFB2BF98078692C.e.26348/click - {}
RESULT: {}
COMMAND: GET /session/85be7df00c2941df1715a768c51ad8f5/screenshot - {}
RESULT: {}
COMMAND: POST /session/85be7df00c2941df1715a768c51ad8f5/execute/async - {"script":"<script> [1562 bytes]","args":[{"selector":{"id":"addStateDialog--stateSelect","searchOpenDialogs":true,"interaction":{"idSuffix":"arrow"}},"wdio_ui5_key":"addStateDialogstateSelect"}]}
RESULT: {"script":"<script> [1562 bytes]","args":[{"selector":{"id":"addStateDialog--stateSelect","searchOpenDialogs":true,"interaction":{"idSuffix":"arrow"}},"wdio_ui5_key":"addStateDialogstateSelect"}]}
RESULT: undefined
COMMAND: POST /session/85be7df00c2941df1715a768c51ad8f5/element - {"using":"xpath","value":"//*[@id=\"addStateDialog--stateSelect\"]"}
RESULT: {"using":"xpath","value":"//*[@id=\"addStateDialog--stateSelect\"]"}
COMMAND: POST /session/85be7df00c2941df1715a768c51ad8f5/element/f.5D121FC7909F200889B59C01A2F655FF.d.98878C03BF4B3A8BCAFB2BF98078692C.e.26375/click - {}
RESULT: {}
COMMAND: GET /session/85be7df00c2941df1715a768c51ad8f5/screenshot - {}
RESULT: {}
COMMAND: POST /session/85be7df00c2941df1715a768c51ad8f5/element - {"using":"xpath","value":"//li[text()=\"defect\"]"}
RESULT: {"using":"xpath","value":"//li[text()=\"defect\"]"}
COMMAND: POST /session/85be7df00c2941df1715a768c51ad8f5/element/f.5D121FC7909F200889B59C01A2F655FF.d.98878C03BF4B3A8BCAFB2BF98078692C.e.26377/click - {}
RESULT: {}
COMMAND: GET /session/85be7df00c2941df1715a768c51ad8f5/screenshot - {}
RESULT: {}
COMMAND: POST /session/85be7df00c2941df1715a768c51ad8f5/element - {"using":"xpath","value":"//span[contains(@id,\"incrementBtn\")]"}
RESULT: {"using":"xpath","value":"//span[contains(@id,\"incrementBtn\")]"}
COMMAND: POST /session/85be7df00c2941df1715a768c51ad8f5/element/f.5D121FC7909F200889B59C01A2F655FF.d.98878C03BF4B3A8BCAFB2BF98078692C.e.26379/click - {}
RESULT: {}
COMMAND: GET /session/85be7df00c2941df1715a768c51ad8f5/screenshot - {}
RESULT: {}
COMMAND: POST /session/85be7df00c2941df1715a768c51ad8f5/element - {"using":"xpath","value":"//button[@data-kt=\"confirmAddStateButton\"]"}
RESULT: {"using":"xpath","value":"//button[@data-kt=\"confirmAddStateButton\"]"}
COMMAND: POST /session/85be7df00c2941df1715a768c51ad8f5/element/f.5D121FC7909F200889B59C01A2F655FF.d.98878C03BF4B3A8BCAFB2BF98078692C.e.26380/click - {}
RESULT: {}
COMMAND: GET /session/85be7df00c2941df1715a768c51ad8f5/screenshot - {}
RESULT: {}
COMMAND: POST /session/85be7df00c2941df1715a768c51ad8f5/element - {"using":"css selector","value":"#shell-header-logo"}
RESULT: {"using":"css selector","value":"#shell-header-logo"}
COMMAND: POST /session/85be7df00c2941df1715a768c51ad8f5/element/f.5D121FC7909F200889B59C01A2F655FF.d.98878C03BF4B3A8BCAFB2BF98078692C.e.26137/click - {}
RESULT: {}
COMMAND: GET /session/85be7df00c2941df1715a768c51ad8f5/screenshot - {}
RESULT: {}
]]></system-out>
    </testcase>
    <testcase classname="chrome.136_0_7103_93.windows.Create_masterdata_for_Yard_Overview_-_trigger_provide_US130988" name="Should do a Stock Decrease" time="117.198">
      <system-out><![CDATA[
RESULT: undefined
COMMAND: POST /session/85be7df00c2941df1715a768c51ad8f5/element - {"using":"xpath","value":"//*[@id=\"__tile133\"]"}
RESULT: {"using":"xpath","value":"//*[@id=\"__tile133\"]"}
COMMAND: POST /session/85be7df00c2941df1715a768c51ad8f5/element/f.5D121FC7909F200889B59C01A2F655FF.d.98878C03BF4B3A8BCAFB2BF98078692C.e.24337/click - {}
RESULT: {}
COMMAND: GET /session/85be7df00c2941df1715a768c51ad8f5/screenshot - {}
RESULT: {}
COMMAND: POST /session/85be7df00c2941df1715a768c51ad8f5/elements - {"using":"xpath","value":"//span[text()='Error']"}
RESULT: {"using":"xpath","value":"//span[text()='Error']"}
COMMAND: POST /session/85be7df00c2941df1715a768c51ad8f5/element - {"using":"xpath","value":"//button[@data-kt=\"masterHOAddButton\"]"}
RESULT: {"using":"xpath","value":"//button[@data-kt=\"masterHOAddButton\"]"}
COMMAND: POST /session/85be7df00c2941df1715a768c51ad8f5/elements - {"using":"xpath","value":"//button[@data-kt=\"masterHOAddButton\"]"}
RESULT: {"using":"xpath","value":"//button[@data-kt=\"masterHOAddButton\"]"}
COMMAND: POST /session/85be7df00c2941df1715a768c51ad8f5/execute/sync - {"script":"<script> [8489 bytes]","args":[{"element-6066-11e4-a52e-4f735466cecf":"f.5D121FC7909F200889B59C01A2F655FF.d.98878C03BF4B3A8BCAFB2BF98078692C.e.26436","ELEMENT":"f.5D121FC7909F200889B59C01A2F655FF.d.98878C03BF4B3A8BCAFB2BF98078692C.e.26436"}]}
RESULT: {"script":"<script> [8489 bytes]","args":[{"element-6066-11e4-a52e-4f735466cecf":"f.5D121FC7909F200889B59C01A2F655FF.d.98878C03BF4B3A8BCAFB2BF98078692C.e.26436","ELEMENT":"f.5D121FC7909F200889B59C01A2F655FF.d.98878C03BF4B3A8BCAFB2BF98078692C.e.26436"}]}
COMMAND: GET /session/85be7df00c2941df1715a768c51ad8f5/element/f.5D121FC7909F200889B59C01A2F655FF.d.98878C03BF4B3A8BCAFB2BF98078692C.e.26436/enabled - {}
COMMAND: GET /session/85be7df00c2941df1715a768c51ad8f5/screenshot - {}
RESULT: {}
COMMAND: POST /session/85be7df00c2941df1715a768c51ad8f5/execute/sync - {"script":"<script> [8489 bytes]","args":[{"element-6066-11e4-a52e-4f735466cecf":"f.5D121FC7909F200889B59C01A2F655FF.d.98878C03BF4B3A8BCAFB2BF98078692C.e.26436","ELEMENT":"f.5D121FC7909F200889B59C01A2F655FF.d.98878C03BF4B3A8BCAFB2BF98078692C.e.26436"}]}
COMMAND: GET /session/85be7df00c2941df1715a768c51ad8f5/screenshot - {}
RESULT: {}
RESULT: {"script":"<script> [8489 bytes]","args":[{"element-6066-11e4-a52e-4f735466cecf":"f.5D121FC7909F200889B59C01A2F655FF.d.98878C03BF4B3A8BCAFB2BF98078692C.e.26436","ELEMENT":"f.5D121FC7909F200889B59C01A2F655FF.d.98878C03BF4B3A8BCAFB2BF98078692C.e.26436"}]}
COMMAND: POST /session/85be7df00c2941df1715a768c51ad8f5/execute/sync - {"script":"<script> [5351 bytes]","args":[{"element-6066-11e4-a52e-4f735466cecf":"f.5D121FC7909F200889B59C01A2F655FF.d.98878C03BF4B3A8BCAFB2BF98078692C.e.26436","ELEMENT":"f.5D121FC7909F200889B59C01A2F655FF.d.98878C03BF4B3A8BCAFB2BF98078692C.e.26436"}]}
COMMAND: GET /session/85be7df00c2941df1715a768c51ad8f5/screenshot - {}
RESULT: {}
RESULT: {"script":"<script> [5351 bytes]","args":[{"element-6066-11e4-a52e-4f735466cecf":"f.5D121FC7909F200889B59C01A2F655FF.d.98878C03BF4B3A8BCAFB2BF98078692C.e.26436","ELEMENT":"f.5D121FC7909F200889B59C01A2F655FF.d.98878C03BF4B3A8BCAFB2BF98078692C.e.26436"}]}
COMMAND: POST /session/85be7df00c2941df1715a768c51ad8f5/element/f.5D121FC7909F200889B59C01A2F655FF.d.98878C03BF4B3A8BCAFB2BF98078692C.e.26436/click - {}
COMMAND: GET /session/85be7df00c2941df1715a768c51ad8f5/screenshot - {}
RESULT: {}
RESULT: {}
COMMAND: GET /session/85be7df00c2941df1715a768c51ad8f5/screenshot - {}
RESULT: {}
RESULT: {}
COMMAND: POST /session/85be7df00c2941df1715a768c51ad8f5/element - {"using":"xpath","value":"//span[contains(@id ,\"AddNewHO--typeSelect-arrow\")]"}
RESULT: {"using":"xpath","value":"//span[contains(@id ,\"AddNewHO--typeSelect-arrow\")]"}
COMMAND: POST /session/85be7df00c2941df1715a768c51ad8f5/element/f.5D121FC7909F200889B59C01A2F655FF.d.98878C03BF4B3A8BCAFB2BF98078692C.e.26839/click - {}
RESULT: {}
COMMAND: GET /session/85be7df00c2941df1715a768c51ad8f5/screenshot - {}
RESULT: {}
COMMAND: POST /session/85be7df00c2941df1715a768c51ad8f5/element - {"using":"xpath","value":"(//li[contains(text(), \"stock decrease yard\")])[1]"}
RESULT: {"using":"xpath","value":"(//li[contains(text(), \"stock decrease yard\")])[1]"}
COMMAND: POST /session/85be7df00c2941df1715a768c51ad8f5/element/f.5D121FC7909F200889B59C01A2F655FF.d.98878C03BF4B3A8BCAFB2BF98078692C.e.26840/click - {}
RESULT: {}
COMMAND: GET /session/85be7df00c2941df1715a768c51ad8f5/screenshot - {}
RESULT: {}
RESULT: undefined
COMMAND: POST /session/85be7df00c2941df1715a768c51ad8f5/execute/async - {"script":"<script> [6424 bytes]","args":[{"element-6066-11e4-a52e-4f735466cecf":"f.5D121FC7909F200889B59C01A2F655FF.d.98878C03BF4B3A8BCAFB2BF98078692C.e.25718"},"setValue",["5/23/25"]]}
COMMAND: POST /session/85be7df00c2941df1715a768c51ad8f5/execute/async - {"script":"<script> [1562 bytes]","args":[{"selector":{"id":"application-managehandovers-display-component---AddNewHO--dueDate","interaction":{"idSuffix":"inner"}},"wdio_ui5_key":"applicationmanagehandovers-display-component---AddNewHO--dueDate"}]}
RESULT: {"script":"<script> [1562 bytes]","args":[{"selector":{"id":"application-managehandovers-display-component---AddNewHO--dueDate","interaction":{"idSuffix":"inner"}},"wdio_ui5_key":"applicationmanagehandovers-display-component---AddNewHO--dueDate"}]}
COMMAND: POST /session/85be7df00c2941df1715a768c51ad8f5/execute/async - {"script":"<script> [6424 bytes]","args":[{"element-6066-11e4-a52e-4f735466cecf":"f.5D121FC7909F200889B59C01A2F655FF.d.98878C03BF4B3A8BCAFB2BF98078692C.e.26844"},"setValue",["5/23/25"]]}
RESULT: {"script":"<script> [6424 bytes]","args":[{"element-6066-11e4-a52e-4f735466cecf":"f.5D121FC7909F200889B59C01A2F655FF.d.98878C03BF4B3A8BCAFB2BF98078692C.e.26844"},"setValue",["5/23/25"]]}
COMMAND: POST /session/85be7df00c2941df1715a768c51ad8f5/element - {"using":"xpath","value":"//input[@id=\"generalSectionFrg--sendYard-inner\"]"}
RESULT: {"using":"xpath","value":"//input[@id=\"generalSectionFrg--sendYard-inner\"]"}
COMMAND: POST /session/85be7df00c2941df1715a768c51ad8f5/element/f.5D121FC7909F200889B59C01A2F655FF.d.98878C03BF4B3A8BCAFB2BF98078692C.e.26850/clear - {}
RESULT: {}
COMMAND: POST /session/85be7df00c2941df1715a768c51ad8f5/element/f.5D121FC7909F200889B59C01A2F655FF.d.98878C03BF4B3A8BCAFB2BF98078692C.e.26850/value - {"text":"221"}
COMMAND: GET /session/85be7df00c2941df1715a768c51ad8f5/screenshot - {}
RESULT: {"text":"221"}
COMMAND: GET /session/85be7df00c2941df1715a768c51ad8f5/screenshot - {}
RESULT: {}
RESULT: {}
COMMAND: POST /session/85be7df00c2941df1715a768c51ad8f5/element - {"using":"xpath","value":"//li[.//span[text()='221']]"}
RESULT: {"using":"xpath","value":"//li[.//span[text()='221']]"}
COMMAND: POST /session/85be7df00c2941df1715a768c51ad8f5/element/f.5D121FC7909F200889B59C01A2F655FF.d.98878C03BF4B3A8BCAFB2BF98078692C.e.26866/click - {}
RESULT: {}
COMMAND: GET /session/85be7df00c2941df1715a768c51ad8f5/screenshot - {}
RESULT: {}
COMMAND: POST /session/85be7df00c2941df1715a768c51ad8f5/execute/async - {"script":"<script> [1562 bytes]","args":[{"selector":{"controlType":"sap.ui.core.Icon","viewName":"etm.portal.ui.managehandovers.view.AddNewHO","viewId":"application-managehandovers-display-component---AddNewHO","properties":{"src":{"regex":{"source":"slim\\-arrow\\-down"}}},"ancestor":{"controlType":"etm.portal.ui.reusables.customControls.LiveSearchComboBox","viewName":"etm.portal.ui.managehandovers.view.AddNewHO","viewId":"application-managehandovers-display-component---AddNewHO","bindingPath":{"path":"","propertyPath":"/FORWARDER","modelName":"hoItemsModel"}}},"wdio_ui5_key":"etmportal.ui.managehandovers.view.AddNewHOsap.ui.core.Icon{\"src\":{\"regex\":{\"source\":\"slim\\\\-arrow\\\\-down\"}}}{\"controlType\":\"etm.portal.ui.reusables.customControls.LiveSearchComboBox\",\"viewName\":\"etm.portal.ui.managehandovers.view.AddNewHO\",\"viewId\":\"application-managehandovers-display-component---AddNewHO\",\"bindingPath\":{\"path\":\"\",\"propertyPath\":\"/FORWARDER\",\"modelName\":\"hoItemsModel\"}}"}]}
RESULT: {"script":"<script> [1562 bytes]","args":[{"selector":{"controlType":"sap.ui.core.Icon","viewName":"etm.portal.ui.managehandovers.view.AddNewHO","viewId":"application-managehandovers-display-component---AddNewHO","properties":{"src":{"regex":{"source":"slim\\-arrow\\-down"}}},"ancestor":{"controlType":"etm.portal.ui.reusables.customControls.LiveSearchComboBox","viewName":"etm.portal.ui.managehandovers.view.AddNewHO","viewId":"application-managehandovers-display-component---AddNewHO","bindingPath":{"path":"","propertyPath":"/FORWARDER","modelName":"hoItemsModel"}}},"wdio_ui5_key":"etmportal.ui.managehandovers.view.AddNewHOsap.ui.core.Icon{\"src\":{\"regex\":{\"source\":\"slim\\\\-arrow\\\\-down\"}}}{\"controlType\":\"etm.portal.ui.reusables.customControls.LiveSearchComboBox\",\"viewName\":\"etm.portal.ui.managehandovers.view.AddNewHO\",\"viewId\":\"application-managehandovers-display-component---AddNewHO\",\"bindingPath\":{\"path\":\"\",\"propertyPath\":\"/FORWARDER\",\"modelName\":\"hoItemsModel\"}}"}]}
RESULT: undefined
COMMAND: POST /session/85be7df00c2941df1715a768c51ad8f5/element - {"using":"xpath","value":"//*[@id=\"__box41-arrow\"]"}
RESULT: {"using":"xpath","value":"//*[@id=\"__box41-arrow\"]"}
COMMAND: POST /session/85be7df00c2941df1715a768c51ad8f5/element/f.5D121FC7909F200889B59C01A2F655FF.d.98878C03BF4B3A8BCAFB2BF98078692C.e.26867/click - {}
RESULT: {}
COMMAND: GET /session/85be7df00c2941df1715a768c51ad8f5/screenshot - {}
RESULT: {}
COMMAND: POST /session/85be7df00c2941df1715a768c51ad8f5/execute/async - {"script":"<script> [1562 bytes]","args":[{"selector":{"controlType":"sap.m.StandardListItem","viewName":"etm.portal.ui.managehandovers.view.AddNewHO","viewId":"application-managehandovers-display-component---AddNewHO","properties":{"title":"1002 - Test "},"searchOpenDialogs":true,"interaction":{"idSuffix":"content"}},"wdio_ui5_key":"etmportal.ui.managehandovers.view.AddNewHOsap.m.StandardListItem{\"title\":\"1002 - Test \"}"}]}
RESULT: {"script":"<script> [1562 bytes]","args":[{"selector":{"controlType":"sap.m.StandardListItem","viewName":"etm.portal.ui.managehandovers.view.AddNewHO","viewId":"application-managehandovers-display-component---AddNewHO","properties":{"title":"1002 - Test "},"searchOpenDialogs":true,"interaction":{"idSuffix":"content"}},"wdio_ui5_key":"etmportal.ui.managehandovers.view.AddNewHOsap.m.StandardListItem{\"title\":\"1002 - Test \"}"}]}
RESULT: undefined
COMMAND: POST /session/85be7df00c2941df1715a768c51ad8f5/element - {"using":"xpath","value":"//*[@id=\"__item927\"]"}
RESULT: {"using":"xpath","value":"//*[@id=\"__item927\"]"}
COMMAND: POST /session/85be7df00c2941df1715a768c51ad8f5/element/f.5D121FC7909F200889B59C01A2F655FF.d.98878C03BF4B3A8BCAFB2BF98078692C.e.26870/click - {}
RESULT: {}
COMMAND: GET /session/85be7df00c2941df1715a768c51ad8f5/screenshot - {}
RESULT: {}
COMMAND: POST /session/85be7df00c2941df1715a768c51ad8f5/execute/async - {"script":"<script> [1562 bytes]","args":[{"selector":{"controlType":"sap.m.Input","viewName":"etm.portal.ui.managehandovers.view.AddNewHO","viewId":"application-managehandovers-display-component---AddNewHO","bindingPath":{"path":"","propertyPath":"/DRIVER","modelName":"hoItemsModel"},"interaction":{"idSuffix":"inner"}},"wdio_ui5_key":"etmportal.ui.managehandovers.view.AddNewHOsap.m.Input{\"path\":\"\",\"propertyPath\":\"/DRIVER\",\"modelName\":\"hoItemsModel\"}"}]}
RESULT: {"script":"<script> [1562 bytes]","args":[{"selector":{"controlType":"sap.m.Input","viewName":"etm.portal.ui.managehandovers.view.AddNewHO","viewId":"application-managehandovers-display-component---AddNewHO","bindingPath":{"path":"","propertyPath":"/DRIVER","modelName":"hoItemsModel"},"interaction":{"idSuffix":"inner"}},"wdio_ui5_key":"etmportal.ui.managehandovers.view.AddNewHOsap.m.Input{\"path\":\"\",\"propertyPath\":\"/DRIVER\",\"modelName\":\"hoItemsModel\"}"}]}
RESULT: undefined
COMMAND: POST /session/85be7df00c2941df1715a768c51ad8f5/execute/async - {"script":"<script> [776 bytes]","args":[{"enterText":"StockDecrease Driver","selector":{"controlType":"sap.m.Input","viewName":"etm.portal.ui.managehandovers.view.AddNewHO","viewId":"application-managehandovers-display-component---AddNewHO","bindingPath":{"path":"","propertyPath":"/DRIVER","modelName":"hoItemsModel"},"interaction":{"idSuffix":"inner"}},"clearTextFirst":true,"interactionType":"ENTER_TEXT"}]}
RESULT: {"script":"<script> [776 bytes]","args":[{"enterText":"StockDecrease Driver","selector":{"controlType":"sap.m.Input","viewName":"etm.portal.ui.managehandovers.view.AddNewHO","viewId":"application-managehandovers-display-component---AddNewHO","bindingPath":{"path":"","propertyPath":"/DRIVER","modelName":"hoItemsModel"},"interaction":{"idSuffix":"inner"}},"clearTextFirst":true,"interactionType":"ENTER_TEXT"}]}
COMMAND: POST /session/85be7df00c2941df1715a768c51ad8f5/execute/async - {"script":"<script> [1562 bytes]","args":[{"selector":{"id":"application-managehandovers-display-component---AddNewHO--responsibleCB-arrow"},"wdio_ui5_key":"applicationmanagehandovers-display-component---AddNewHO--responsibleCB-arrow"}]}
RESULT: {"script":"<script> [1562 bytes]","args":[{"selector":{"id":"application-managehandovers-display-component---AddNewHO--responsibleCB-arrow"},"wdio_ui5_key":"applicationmanagehandovers-display-component---AddNewHO--responsibleCB-arrow"}]}
RESULT: undefined
COMMAND: POST /session/85be7df00c2941df1715a768c51ad8f5/element - {"using":"xpath","value":"//*[@id=\"application-managehandovers-display-component---AddNewHO--responsibleCB-arrow\"]"}
RESULT: {"using":"xpath","value":"//*[@id=\"application-managehandovers-display-component---AddNewHO--responsibleCB-arrow\"]"}
COMMAND: POST /session/85be7df00c2941df1715a768c51ad8f5/element/f.5D121FC7909F200889B59C01A2F655FF.d.98878C03BF4B3A8BCAFB2BF98078692C.e.26872/click - {}
RESULT: {}
COMMAND: GET /session/85be7df00c2941df1715a768c51ad8f5/screenshot - {}
RESULT: {}
COMMAND: POST /session/85be7df00c2941df1715a768c51ad8f5/execute/async - {"script":"<script> [1562 bytes]","args":[{"selector":{"controlType":"sap.m.StandardListItem","viewName":"etm.portal.ui.managehandovers.view.AddNewHO","viewId":"application-managehandovers-display-component---AddNewHO","properties":{"title":"1 - Test unit Update "},"searchOpenDialogs":true},"wdio_ui5_key":"etmportal.ui.managehandovers.view.AddNewHOsap.m.StandardListItem{\"title\":\"1 - Test unit Update \"}"}]}
RESULT: {"script":"<script> [1562 bytes]","args":[{"selector":{"controlType":"sap.m.StandardListItem","viewName":"etm.portal.ui.managehandovers.view.AddNewHO","viewId":"application-managehandovers-display-component---AddNewHO","properties":{"title":"1 - Test unit Update "},"searchOpenDialogs":true},"wdio_ui5_key":"etmportal.ui.managehandovers.view.AddNewHOsap.m.StandardListItem{\"title\":\"1 - Test unit Update \"}"}]}
RESULT: undefined
COMMAND: POST /session/85be7df00c2941df1715a768c51ad8f5/element - {"using":"xpath","value":"//*[@id=\"__item1011\"]"}
RESULT: {"using":"xpath","value":"//*[@id=\"__item1011\"]"}
COMMAND: POST /session/85be7df00c2941df1715a768c51ad8f5/element/f.5D121FC7909F200889B59C01A2F655FF.d.98878C03BF4B3A8BCAFB2BF98078692C.e.26873/click - {}
RESULT: {}
COMMAND: GET /session/85be7df00c2941df1715a768c51ad8f5/screenshot - {}
RESULT: {}
RESULT: undefined
COMMAND: POST /session/85be7df00c2941df1715a768c51ad8f5/element - {"using":"xpath","value":"//*[@id=\"application-managehandovers-display-component---AddNewHO--ObjectPageLayout-anchBar-application-managehandovers-display-component---AddNewHO--section4-anchor\"]"}
RESULT: {"using":"xpath","value":"//*[@id=\"application-managehandovers-display-component---AddNewHO--ObjectPageLayout-anchBar-application-managehandovers-display-component---AddNewHO--section4-anchor\"]"}
COMMAND: POST /session/85be7df00c2941df1715a768c51ad8f5/element/f.5D121FC7909F200889B59C01A2F655FF.d.98878C03BF4B3A8BCAFB2BF98078692C.e.26874/click - {}
RESULT: {}
COMMAND: GET /session/85be7df00c2941df1715a768c51ad8f5/screenshot - {}
RESULT: {}
COMMAND: POST /session/85be7df00c2941df1715a768c51ad8f5/execute/async - {"script":"<script> [1562 bytes]","args":[{"selector":{"controlType":"sap.ui.core.Icon","viewName":"etm.portal.ui.managehandovers.view.AddNewHO","viewId":"application-managehandovers-display-component---AddNewHO","properties":{"src":{"regex":{"source":"add"}}}},"wdio_ui5_key":"etmportal.ui.managehandovers.view.AddNewHOsap.ui.core.Icon{\"src\":{\"regex\":{\"source\":\"add\"}}}"}]}
RESULT: {"script":"<script> [1562 bytes]","args":[{"selector":{"controlType":"sap.ui.core.Icon","viewName":"etm.portal.ui.managehandovers.view.AddNewHO","viewId":"application-managehandovers-display-component---AddNewHO","properties":{"src":{"regex":{"source":"add"}}}},"wdio_ui5_key":"etmportal.ui.managehandovers.view.AddNewHOsap.ui.core.Icon{\"src\":{\"regex\":{\"source\":\"add\"}}}"}]}
RESULT: undefined
COMMAND: POST /session/85be7df00c2941df1715a768c51ad8f5/element - {"using":"xpath","value":"//*[@id=\"__button220-img\"]"}
RESULT: {"using":"xpath","value":"//*[@id=\"__button220-img\"]"}
COMMAND: POST /session/85be7df00c2941df1715a768c51ad8f5/element/f.5D121FC7909F200889B59C01A2F655FF.d.98878C03BF4B3A8BCAFB2BF98078692C.e.26878/click - {}
RESULT: {}
RESULT: undefined
COMMAND: POST /session/85be7df00c2941df1715a768c51ad8f5/execute/async - {"script":"<script> [776 bytes]","args":[{"enterText":"200099","selector":{"id":"application-managehandovers-display-component---AddNewHO--smartFilterBar-btnBasicSearch","searchOpenDialogs":true,"interaction":{"idSuffix":"I"}},"clearTextFirst":true,"interactionType":"ENTER_TEXT"}]}
COMMAND: GET /session/85be7df00c2941df1715a768c51ad8f5/screenshot - {}
RESULT: {"script":"<script> [776 bytes]","args":[{"enterText":"200099","selector":{"id":"application-managehandovers-display-component---AddNewHO--smartFilterBar-btnBasicSearch","searchOpenDialogs":true,"interaction":{"idSuffix":"I"}},"clearTextFirst":true,"interactionType":"ENTER_TEXT"}]}
RESULT: {}
RESULT: undefined
COMMAND: POST /session/85be7df00c2941df1715a768c51ad8f5/element - {"using":"xpath","value":"//*[@id=\"application-managehandovers-display-component---AddNewHO--popup-sa\"]"}
RESULT: {"using":"xpath","value":"//*[@id=\"application-managehandovers-display-component---AddNewHO--popup-sa\"]"}
COMMAND: POST /session/85be7df00c2941df1715a768c51ad8f5/element/f.5D121FC7909F200889B59C01A2F655FF.d.98878C03BF4B3A8BCAFB2BF98078692C.e.26913/click - {}
RESULT: {}
COMMAND: GET /session/85be7df00c2941df1715a768c51ad8f5/screenshot - {}
RESULT: {}
COMMAND: POST /session/85be7df00c2941df1715a768c51ad8f5/element - {"using":"xpath","value":"//*[contains(@id ,\"BDI-content\")][contains(text(), \"Select\")]"}
RESULT: {"using":"xpath","value":"//*[contains(@id ,\"BDI-content\")][contains(text(), \"Select\")]"}
COMMAND: POST /session/85be7df00c2941df1715a768c51ad8f5/element/f.5D121FC7909F200889B59C01A2F655FF.d.98878C03BF4B3A8BCAFB2BF98078692C.e.26914/click - {}
RESULT: {}
COMMAND: POST /session/85be7df00c2941df1715a768c51ad8f5/execute/async - {"script":"<script> [1562 bytes]","args":[{"selector":{"controlType":"sap.m.Button","viewName":"etm.portal.ui.managehandovers.view.AddNewHO","viewId":"application-managehandovers-display-component---AddNewHO","bindingPath":{"path":"/items/0","propertyPath":"QUANTITY","modelName":"hoItemsModel"},"interaction":{"idSuffix":"inner"}},"wdio_ui5_key":"etmportal.ui.managehandovers.view.AddNewHOsap.m.Button{\"path\":\"/items/0\",\"propertyPath\":\"QUANTITY\",\"modelName\":\"hoItemsModel\"}"}]}
COMMAND: GET /session/85be7df00c2941df1715a768c51ad8f5/screenshot - {}
RESULT: {"script":"<script> [1562 bytes]","args":[{"selector":{"controlType":"sap.m.Button","viewName":"etm.portal.ui.managehandovers.view.AddNewHO","viewId":"application-managehandovers-display-component---AddNewHO","bindingPath":{"path":"/items/0","propertyPath":"QUANTITY","modelName":"hoItemsModel"},"interaction":{"idSuffix":"inner"}},"wdio_ui5_key":"etmportal.ui.managehandovers.view.AddNewHOsap.m.Button{\"path\":\"/items/0\",\"propertyPath\":\"QUANTITY\",\"modelName\":\"hoItemsModel\"}"}]}
RESULT: undefined
COMMAND: POST /session/85be7df00c2941df1715a768c51ad8f5/element - {"using":"xpath","value":"//*[@id=\"__button221-__clone1798\"]"}
RESULT: {}
RESULT: {"using":"xpath","value":"//*[@id=\"__button221-__clone1798\"]"}
COMMAND: POST /session/85be7df00c2941df1715a768c51ad8f5/element/f.5D121FC7909F200889B59C01A2F655FF.d.98878C03BF4B3A8BCAFB2BF98078692C.e.26918/click - {}
RESULT: {}
COMMAND: POST /session/85be7df00c2941df1715a768c51ad8f5/execute/async - {"script":"<script> [1562 bytes]","args":[{"selector":{"controlType":"sap.m.NumericInput","viewName":"etm.portal.ui.managehandovers.view.AddNewHO","viewId":"application-managehandovers-display-component---AddNewHO","properties":{"value":"0"},"searchOpenDialogs":true,"interaction":{"idSuffix":"inner"}},"wdio_ui5_key":"etmportal.ui.managehandovers.view.AddNewHOsap.m.NumericInput{\"value\":\"0\"}"}]}
COMMAND: GET /session/85be7df00c2941df1715a768c51ad8f5/screenshot - {}
RESULT: {"script":"<script> [1562 bytes]","args":[{"selector":{"controlType":"sap.m.NumericInput","viewName":"etm.portal.ui.managehandovers.view.AddNewHO","viewId":"application-managehandovers-display-component---AddNewHO","properties":{"value":"0"},"searchOpenDialogs":true,"interaction":{"idSuffix":"inner"}},"wdio_ui5_key":"etmportal.ui.managehandovers.view.AddNewHOsap.m.NumericInput{\"value\":\"0\"}"}]}
RESULT: undefined
COMMAND: POST /session/85be7df00c2941df1715a768c51ad8f5/execute/async - {"script":"<script> [776 bytes]","args":[{"enterText":"1","selector":{"controlType":"sap.m.NumericInput","viewName":"etm.portal.ui.managehandovers.view.AddNewHO","viewId":"application-managehandovers-display-component---AddNewHO","properties":{"value":"0"},"searchOpenDialogs":true,"interaction":{"idSuffix":"inner"}},"clearTextFirst":true,"interactionType":"ENTER_TEXT"}]}
RESULT: {}
RESULT: {"script":"<script> [776 bytes]","args":[{"enterText":"1","selector":{"controlType":"sap.m.NumericInput","viewName":"etm.portal.ui.managehandovers.view.AddNewHO","viewId":"application-managehandovers-display-component---AddNewHO","properties":{"value":"0"},"searchOpenDialogs":true,"interaction":{"idSuffix":"inner"}},"clearTextFirst":true,"interactionType":"ENTER_TEXT"}]}
COMMAND: POST /session/85be7df00c2941df1715a768c51ad8f5/execute/async - {"script":"<script> [1562 bytes]","args":[{"selector":{"controlType":"sap.m.Button","viewName":"etm.portal.ui.managehandovers.view.AddNewHO","viewId":"application-managehandovers-display-component---AddNewHO","i18NText":{"propertyName":"text","key":"confirm"},"searchOpenDialogs":true,"interaction":{"idSuffix":"BDI-content"}},"wdio_ui5_key":"etmportal.ui.managehandovers.view.AddNewHOsap.m.Button{\"propertyName\":\"text\",\"key\":\"confirm\"}"}]}
RESULT: {"script":"<script> [1562 bytes]","args":[{"selector":{"controlType":"sap.m.Button","viewName":"etm.portal.ui.managehandovers.view.AddNewHO","viewId":"application-managehandovers-display-component---AddNewHO","i18NText":{"propertyName":"text","key":"confirm"},"searchOpenDialogs":true,"interaction":{"idSuffix":"BDI-content"}},"wdio_ui5_key":"etmportal.ui.managehandovers.view.AddNewHOsap.m.Button{\"propertyName\":\"text\",\"key\":\"confirm\"}"}]}
RESULT: undefined
COMMAND: POST /session/85be7df00c2941df1715a768c51ad8f5/element - {"using":"xpath","value":"//*[@id=\"__button224\"]"}
RESULT: {"using":"xpath","value":"//*[@id=\"__button224\"]"}
COMMAND: POST /session/85be7df00c2941df1715a768c51ad8f5/element/f.5D121FC7909F200889B59C01A2F655FF.d.98878C03BF4B3A8BCAFB2BF98078692C.e.26919/click - {}
RESULT: {}
COMMAND: POST /session/85be7df00c2941df1715a768c51ad8f5/execute/async - {"script":"<script> [1562 bytes]","args":[{"selector":{"id":"application-managehandovers-display-component---AddNewHO--confirmCreationButton","interaction":{"idSuffix":"inner"}},"wdio_ui5_key":"applicationmanagehandovers-display-component---AddNewHO--confirmCreationButton"}]}
COMMAND: GET /session/85be7df00c2941df1715a768c51ad8f5/screenshot - {}
RESULT: {"script":"<script> [1562 bytes]","args":[{"selector":{"id":"application-managehandovers-display-component---AddNewHO--confirmCreationButton","interaction":{"idSuffix":"inner"}},"wdio_ui5_key":"applicationmanagehandovers-display-component---AddNewHO--confirmCreationButton"}]}
RESULT: undefined
COMMAND: POST /session/85be7df00c2941df1715a768c51ad8f5/element - {"using":"xpath","value":"//*[@id=\"application-managehandovers-display-component---AddNewHO--confirmCreationButton\"]"}
RESULT: {}
RESULT: {"using":"xpath","value":"//*[@id=\"application-managehandovers-display-component---AddNewHO--confirmCreationButton\"]"}
COMMAND: POST /session/85be7df00c2941df1715a768c51ad8f5/element/f.5D121FC7909F200889B59C01A2F655FF.d.98878C03BF4B3A8BCAFB2BF98078692C.e.26930/click - {}
RESULT: {}
COMMAND: GET /session/85be7df00c2941df1715a768c51ad8f5/screenshot - {}
RESULT: {}
RESULT: undefined
COMMAND: POST /session/85be7df00c2941df1715a768c51ad8f5/execute/async - {"script":"<script> [776 bytes]","args":[{"enterText":"5/23/25","selector":{"id":"receiptDatePicker","viewName":"etm.portal.ui.managehandovers.view.DetailExecuteHO","interaction":{"idSuffix":"inner"}},"clearTextFirst":true,"interactionType":"ENTER_TEXT"}]}
RESULT: {"script":"<script> [776 bytes]","args":[{"enterText":"5/23/25","selector":{"id":"receiptDatePicker","viewName":"etm.portal.ui.managehandovers.view.DetailExecuteHO","interaction":{"idSuffix":"inner"}},"clearTextFirst":true,"interactionType":"ENTER_TEXT"}]}
COMMAND: POST /session/85be7df00c2941df1715a768c51ad8f5/element - {"using":"xpath","value":"//button[@data-kt=\"IssuingTableConfirmAllButton\"]"}
RESULT: {"using":"xpath","value":"//button[@data-kt=\"IssuingTableConfirmAllButton\"]"}
COMMAND: POST /session/85be7df00c2941df1715a768c51ad8f5/element/f.5D121FC7909F200889B59C01A2F655FF.d.98878C03BF4B3A8BCAFB2BF98078692C.e.26971/click - {}
RESULT: {}
COMMAND: GET /session/85be7df00c2941df1715a768c51ad8f5/screenshot - {}
RESULT: {}
COMMAND: POST /session/85be7df00c2941df1715a768c51ad8f5/element - {"using":"xpath","value":"//bdi[contains(text(), \"OK\")]"}
RESULT: {"using":"xpath","value":"//bdi[contains(text(), \"OK\")]"}
COMMAND: POST /session/85be7df00c2941df1715a768c51ad8f5/element/f.5D121FC7909F200889B59C01A2F655FF.d.98878C03BF4B3A8BCAFB2BF98078692C.e.26973/click - {}
RESULT: {}
COMMAND: GET /session/85be7df00c2941df1715a768c51ad8f5/screenshot - {}
RESULT: {}
COMMAND: POST /session/85be7df00c2941df1715a768c51ad8f5/element - {"using":"xpath","value":"//bdi[contains(text(), \"Issue\")]"}
RESULT: {"using":"xpath","value":"//bdi[contains(text(), \"Issue\")]"}
COMMAND: POST /session/85be7df00c2941df1715a768c51ad8f5/element/f.5D121FC7909F200889B59C01A2F655FF.d.98878C03BF4B3A8BCAFB2BF98078692C.e.26975/click - {}
RESULT: {}
COMMAND: GET /session/85be7df00c2941df1715a768c51ad8f5/screenshot - {}
RESULT: {}
COMMAND: POST /session/85be7df00c2941df1715a768c51ad8f5/element - {"using":"css selector","value":"#shell-header-logo"}
RESULT: {"using":"css selector","value":"#shell-header-logo"}
COMMAND: POST /session/85be7df00c2941df1715a768c51ad8f5/element/f.5D121FC7909F200889B59C01A2F655FF.d.98878C03BF4B3A8BCAFB2BF98078692C.e.26400/click - {}
RESULT: {}
COMMAND: GET /session/85be7df00c2941df1715a768c51ad8f5/screenshot - {}
RESULT: {}
COMMAND: POST /session/85be7df00c2941df1715a768c51ad8f5/element - {"using":"css selector","value":"#j_username"}
COMMAND: POST /session/85be7df00c2941df1715a768c51ad8f5/url - {"url":"https://qa-testing-00-live-etm-ui.cfapps.eu10-004.hana.ondemand.com/"}
RESULT: {"using":"css selector","value":"#j_username"}
COMMAND: POST /session/85be7df00c2941df1715a768c51ad8f5/element - {"using":"css selector","value":"#j_username"}
RESULT: {"url":"https://qa-testing-00-live-etm-ui.cfapps.eu10-004.hana.ondemand.com/"}
RESULT: undefined
COMMAND: GET /session/85be7df00c2941df1715a768c51ad8f5/screenshot - {}
RESULT: {"using":"css selector","value":"#j_username"}
COMMAND: POST /session/85be7df00c2941df1715a768c51ad8f5/element - {"using":"css selector","value":"#shell-header-logo"}
RESULT: {}
RESULT: {"using":"css selector","value":"#shell-header-logo"}
COMMAND: POST /session/85be7df00c2941df1715a768c51ad8f5/execute/sync - {"script":"<script> [8489 bytes]","args":[{"element-6066-11e4-a52e-4f735466cecf":"f.5D121FC7909F200889B59C01A2F655FF.d.D52E2625454405620735BC10FEAC80C2.e.27159","ELEMENT":"f.5D121FC7909F200889B59C01A2F655FF.d.D52E2625454405620735BC10FEAC80C2.e.27159"}]}
RESULT: {"script":"<script> [8489 bytes]","args":[{"element-6066-11e4-a52e-4f735466cecf":"f.5D121FC7909F200889B59C01A2F655FF.d.D52E2625454405620735BC10FEAC80C2.e.27159","ELEMENT":"f.5D121FC7909F200889B59C01A2F655FF.d.D52E2625454405620735BC10FEAC80C2.e.27159"}]}
COMMAND: POST /session/85be7df00c2941df1715a768c51ad8f5/element - {"using":"css selector","value":"#shell-header-logo"}
COMMAND: GET /session/85be7df00c2941df1715a768c51ad8f5/screenshot - {}
RESULT: {"using":"css selector","value":"#shell-header-logo"}
COMMAND: POST /session/85be7df00c2941df1715a768c51ad8f5/execute/sync - {"script":"<script> [8489 bytes]","args":[{"element-6066-11e4-a52e-4f735466cecf":"f.5D121FC7909F200889B59C01A2F655FF.d.D52E2625454405620735BC10FEAC80C2.e.27159","ELEMENT":"f.5D121FC7909F200889B59C01A2F655FF.d.D52E2625454405620735BC10FEAC80C2.e.27159"}]}
RESULT: {}
RESULT: {"script":"<script> [8489 bytes]","args":[{"element-6066-11e4-a52e-4f735466cecf":"f.5D121FC7909F200889B59C01A2F655FF.d.D52E2625454405620735BC10FEAC80C2.e.27159","ELEMENT":"f.5D121FC7909F200889B59C01A2F655FF.d.D52E2625454405620735BC10FEAC80C2.e.27159"}]}
COMMAND: POST /session/85be7df00c2941df1715a768c51ad8f5/execute/sync - {"script":"<script> [5351 bytes]","args":[{"element-6066-11e4-a52e-4f735466cecf":"f.5D121FC7909F200889B59C01A2F655FF.d.D52E2625454405620735BC10FEAC80C2.e.27159","ELEMENT":"f.5D121FC7909F200889B59C01A2F655FF.d.D52E2625454405620735BC10FEAC80C2.e.27159"}]}
COMMAND: GET /session/85be7df00c2941df1715a768c51ad8f5/screenshot - {}
RESULT: {"script":"<script> [5351 bytes]","args":[{"element-6066-11e4-a52e-4f735466cecf":"f.5D121FC7909F200889B59C01A2F655FF.d.D52E2625454405620735BC10FEAC80C2.e.27159","ELEMENT":"f.5D121FC7909F200889B59C01A2F655FF.d.D52E2625454405620735BC10FEAC80C2.e.27159"}]}
COMMAND: POST /session/85be7df00c2941df1715a768c51ad8f5/element - {"using":"css selector","value":"#shell-header-logo"}
COMMAND: GET /session/85be7df00c2941df1715a768c51ad8f5/screenshot - {}
RESULT: {}
RESULT: {"using":"css selector","value":"#shell-header-logo"}
COMMAND: POST /session/85be7df00c2941df1715a768c51ad8f5/element/f.5D121FC7909F200889B59C01A2F655FF.d.D52E2625454405620735BC10FEAC80C2.e.27159/click - {}
RESULT: {}
RESULT: {}
COMMAND: GET /session/85be7df00c2941df1715a768c51ad8f5/screenshot - {}
RESULT: {}
COMMAND: POST /session/85be7df00c2941df1715a768c51ad8f5/execute/async - {"script":"<script> [189 bytes]","args":[]}
RESULT: {"script":"<script> [189 bytes]","args":[]}
COMMAND: POST /session/85be7df00c2941df1715a768c51ad8f5/execute/async - {"script":"<script> [123 bytes]","args":[]}
RESULT: {"script":"<script> [123 bytes]","args":[]}
COMMAND: POST /session/85be7df00c2941df1715a768c51ad8f5/timeouts - {"script":"<number>"}
RESULT: {"script":"<number>"}
COMMAND: GET /session/85be7df00c2941df1715a768c51ad8f5/timeouts - {}
RESULT: {}
RESULT: undefined
COMMAND: POST /session/85be7df00c2941df1715a768c51ad8f5/execute/async - {"script":"<script> [2676 bytes]","args":[]}
RESULT: {"script":"<script> [2676 bytes]","args":[]}
COMMAND: POST /session/85be7df00c2941df1715a768c51ad8f5/execute/async - {"script":"<script> [2342 bytes]","args":[{"protocol":"http","hostname":"0.0.0.0","path":"/","capabilities":{"browserName":"chrome","goog:chromeOptions":{"binary":"C:\\Program Files\\Google\\Chrome\\Application\\chrome.exe","args":["--start-maximized"]}},"logLevel":"warn","connectionRetryTimeout":120000,"connectionRetryCount":3,"logLevels":{},"enableDirectConnect":true,"strictSSL":true,"_":"65 more keys: [\"cacheDir\",\"port\",\"requestedCapabilities\",\"automationProtocol\",\"baseUrl\",\"waitforInterval\",\"waitforTimeout\",\"onReload\",\"beforeCommand\",\"afterCommand\",\"rootDir\",\"specs\",\"suites\",\"exclude\",\"groupLogsByTestSpec\",\"excludeDriverLogs\",\"bail\",\"framework\",\"reporters\",\"services\",\"maxInstances\",\"maxInstancesPerCapability\",\"injectGlobals\",\"filesToWatch\",\"execArgv\",\"runnerEnv\",\"runner\",\"shard\",\"specFileRetries\",\"specFileRetriesDelay\",\"specFileRetriesDeferred\",\"reporterSyncInterval\",\"reporterSyncTimeout\",\"cucumberFeaturesWithLineNumbers\",\"autoCompileOpts\",\"mochaOpts\",\"jasmineOpts\",\"cucumberOpts\",\"onPrepare\",\"onWorkerStart\",\"onWorkerEnd\",\"before\",\"beforeSession\",\"beforeSuite\",\"beforeHook\",\"beforeTest\",\"afterTest\",\"afterHook\",\"afterSuite\",\"afterSession\",\"after\",\"onComplete\",\"beforeAssertion\",\"afterAssertion\",\"beforeFeature\",\"beforeScenario\",\"beforeStep\",\"afterStep\",\"afterScenario\",\"afterFeature\",\"_\",\"suite\",\"$0\",\"ignoredWorkerServices\",\"wdi5\"]"}]}
RESULT: {"script":"<script> [2342 bytes]","args":[{"protocol":"http","hostname":"0.0.0.0","path":"/","capabilities":{"browserName":"chrome","goog:chromeOptions":{"binary":"C:\\Program Files\\Google\\Chrome\\Application\\chrome.exe","args":["--start-maximized"]}},"logLevel":"warn","connectionRetryTimeout":120000,"connectionRetryCount":3,"logLevels":{},"enableDirectConnect":true,"strictSSL":true,"_":"65 more keys: [\"cacheDir\",\"port\",\"requestedCapabilities\",\"automationProtocol\",\"baseUrl\",\"waitforInterval\",\"waitforTimeout\",\"onReload\",\"beforeCommand\",\"afterCommand\",\"rootDir\",\"specs\",\"suites\",\"exclude\",\"groupLogsByTestSpec\",\"excludeDriverLogs\",\"bail\",\"framework\",\"reporters\",\"services\",\"maxInstances\",\"maxInstancesPerCapability\",\"injectGlobals\",\"filesToWatch\",\"execArgv\",\"runnerEnv\",\"runner\",\"shard\",\"specFileRetries\",\"specFileRetriesDelay\",\"specFileRetriesDeferred\",\"reporterSyncInterval\",\"reporterSyncTimeout\",\"cucumberFeaturesWithLineNumbers\",\"autoCompileOpts\",\"mochaOpts\",\"jasmineOpts\",\"cucumberOpts\",\"onPrepare\",\"onWorkerStart\",\"onWorkerEnd\",\"before\",\"beforeSession\",\"beforeSuite\",\"beforeHook\",\"beforeTest\",\"afterTest\",\"afterHook\",\"afterSuite\",\"afterSession\",\"after\",\"onComplete\",\"beforeAssertion\",\"afterAssertion\",\"beforeFeature\",\"beforeScenario\",\"beforeStep\",\"afterStep\",\"afterScenario\",\"afterFeature\",\"_\",\"suite\",\"$0\",\"ignoredWorkerServices\",\"wdi5\"]"}]}
COMMAND: POST /session/85be7df00c2941df1715a768c51ad8f5/execute/async - {"script":"<script> [21126 bytes]","args":[35000]}
RESULT: {"script":"<script> [21126 bytes]","args":[35000]}
COMMAND: POST /session/85be7df00c2941df1715a768c51ad8f5/window/maximize - {}
RESULT: {}
COMMAND: POST /session/85be7df00c2941df1715a768c51ad8f5/execute/async - {"script":"<script> [1562 bytes]","args":[{"selector":{"id":"shell-header","interaction":{"idSuffix":"icon"}},"wdio_ui5_key":"shellheader"}]}
COMMAND: GET /session/85be7df00c2941df1715a768c51ad8f5/screenshot - {}
RESULT: {"script":"<script> [1562 bytes]","args":[{"selector":{"id":"shell-header","interaction":{"idSuffix":"icon"}},"wdio_ui5_key":"shellheader"}]}
RESULT: undefined
COMMAND: POST /session/85be7df00c2941df1715a768c51ad8f5/window/fullscreen - {}
RESULT: {}
RESULT: {}
]]></system-out>
    </testcase>
  </testsuite>
  <testsuite timestamp="2025-05-23T17:42:39" time="815.808" tests="7" failures="1" errors="1" skipped="0">
    <properties>
      <property name="specId" value="0"/>
      <property name="suiteName" value="Transfer Yard to Yard US131076"/>
      <property name="capabilities" value="chrome.136_0_7103_93.windows"/>
      <property name="file" value="file:///D:/a/1/s/test/specs/HTR/transfer-yard-to-yard.spec.js"/>
    </properties>
    <testcase classname="chrome.136_0_7103_93.windows.Transfer_Yard_to_Yard_US131076" name="Should create a new yard" time="0.016">
      <system-out><![CDATA[
COMMAND: POST /session/85be7df00c2941df1715a768c51ad8f5/window/fullscreen - {}
RESULT: {}
]]></system-out>
    </testcase>
    <testcase classname="chrome.136_0_7103_93.windows.Transfer_Yard_to_Yard_US131076" name="Should create a new 2nd yard" time="136.295">
      <system-out><![CDATA[
COMMAND: POST /session/85be7df00c2941df1715a768c51ad8f5/window/fullscreen - {}
RESULT: {}
COMMAND: POST /session/85be7df00c2941df1715a768c51ad8f5/execute/async - {"script":"<script> [1562 bytes]","args":[{"selector":{"controlType":"sap.m.GenericTile","properties":{"header":"Manage Yards"}},"wdio_ui5_key":"sapm.GenericTile{\"header\":\"Manage Yards\"}"}]}
RESULT: {"script":"<script> [1562 bytes]","args":[{"selector":{"controlType":"sap.m.GenericTile","properties":{"header":"Manage Yards"}},"wdio_ui5_key":"sapm.GenericTile{\"header\":\"Manage Yards\"}"}]}
RESULT: undefined
COMMAND: POST /session/85be7df00c2941df1715a768c51ad8f5/element - {"using":"xpath","value":"//*[@id=\"__tile33\"]"}
RESULT: {"using":"xpath","value":"//*[@id=\"__tile33\"]"}
COMMAND: POST /session/85be7df00c2941df1715a768c51ad8f5/element/f.5D121FC7909F200889B59C01A2F655FF.d.D52E2625454405620735BC10FEAC80C2.e.27184/click - {}
RESULT: {}
COMMAND: GET /session/85be7df00c2941df1715a768c51ad8f5/screenshot - {}
RESULT: {}
COMMAND: POST /session/85be7df00c2941df1715a768c51ad8f5/elements - {"using":"xpath","value":"//span[text()='Error']"}
RESULT: {"using":"xpath","value":"//span[text()='Error']"}
COMMAND: POST /session/85be7df00c2941df1715a768c51ad8f5/element - {"using":"xpath","value":"//button[@data-kt=\"addNewYardOverflowToolbarButton\"]"}
RESULT: {"using":"xpath","value":"//button[@data-kt=\"addNewYardOverflowToolbarButton\"]"}
COMMAND: POST /session/85be7df00c2941df1715a768c51ad8f5/elements - {"using":"xpath","value":"//button[@data-kt=\"addNewYardOverflowToolbarButton\"]"}
RESULT: {"using":"xpath","value":"//button[@data-kt=\"addNewYardOverflowToolbarButton\"]"}
COMMAND: POST /session/85be7df00c2941df1715a768c51ad8f5/elements - {"using":"xpath","value":"//button[@data-kt=\"addNewYardOverflowToolbarButton\"]"}
RESULT: {"using":"xpath","value":"//button[@data-kt=\"addNewYardOverflowToolbarButton\"]"}
COMMAND: POST /session/85be7df00c2941df1715a768c51ad8f5/elements - {"using":"xpath","value":"//button[@data-kt=\"addNewYardOverflowToolbarButton\"]"}
RESULT: {"using":"xpath","value":"//button[@data-kt=\"addNewYardOverflowToolbarButton\"]"}
COMMAND: POST /session/85be7df00c2941df1715a768c51ad8f5/elements - {"using":"xpath","value":"//button[@data-kt=\"addNewYardOverflowToolbarButton\"]"}
RESULT: {"using":"xpath","value":"//button[@data-kt=\"addNewYardOverflowToolbarButton\"]"}
COMMAND: POST /session/85be7df00c2941df1715a768c51ad8f5/elements - {"using":"xpath","value":"//button[@data-kt=\"addNewYardOverflowToolbarButton\"]"}
RESULT: {"using":"xpath","value":"//button[@data-kt=\"addNewYardOverflowToolbarButton\"]"}
COMMAND: POST /session/85be7df00c2941df1715a768c51ad8f5/elements - {"using":"xpath","value":"//button[@data-kt=\"addNewYardOverflowToolbarButton\"]"}
RESULT: {"using":"xpath","value":"//button[@data-kt=\"addNewYardOverflowToolbarButton\"]"}
COMMAND: POST /session/85be7df00c2941df1715a768c51ad8f5/elements - {"using":"xpath","value":"//button[@data-kt=\"addNewYardOverflowToolbarButton\"]"}
RESULT: {"using":"xpath","value":"//button[@data-kt=\"addNewYardOverflowToolbarButton\"]"}
COMMAND: POST /session/85be7df00c2941df1715a768c51ad8f5/elements - {"using":"xpath","value":"//button[@data-kt=\"addNewYardOverflowToolbarButton\"]"}
RESULT: {"using":"xpath","value":"//button[@data-kt=\"addNewYardOverflowToolbarButton\"]"}
COMMAND: POST /session/85be7df00c2941df1715a768c51ad8f5/elements - {"using":"xpath","value":"//button[@data-kt=\"addNewYardOverflowToolbarButton\"]"}
RESULT: {"using":"xpath","value":"//button[@data-kt=\"addNewYardOverflowToolbarButton\"]"}
COMMAND: POST /session/85be7df00c2941df1715a768c51ad8f5/elements - {"using":"xpath","value":"//button[@data-kt=\"addNewYardOverflowToolbarButton\"]"}
RESULT: {"using":"xpath","value":"//button[@data-kt=\"addNewYardOverflowToolbarButton\"]"}
COMMAND: POST /session/85be7df00c2941df1715a768c51ad8f5/elements - {"using":"xpath","value":"//button[@data-kt=\"addNewYardOverflowToolbarButton\"]"}
RESULT: {"using":"xpath","value":"//button[@data-kt=\"addNewYardOverflowToolbarButton\"]"}
COMMAND: POST /session/85be7df00c2941df1715a768c51ad8f5/elements - {"using":"xpath","value":"//button[@data-kt=\"addNewYardOverflowToolbarButton\"]"}
RESULT: {"using":"xpath","value":"//button[@data-kt=\"addNewYardOverflowToolbarButton\"]"}
COMMAND: POST /session/85be7df00c2941df1715a768c51ad8f5/elements - {"using":"xpath","value":"//button[@data-kt=\"addNewYardOverflowToolbarButton\"]"}
RESULT: {"using":"xpath","value":"//button[@data-kt=\"addNewYardOverflowToolbarButton\"]"}
COMMAND: POST /session/85be7df00c2941df1715a768c51ad8f5/elements - {"using":"xpath","value":"//button[@data-kt=\"addNewYardOverflowToolbarButton\"]"}
RESULT: {"using":"xpath","value":"//button[@data-kt=\"addNewYardOverflowToolbarButton\"]"}
COMMAND: POST /session/85be7df00c2941df1715a768c51ad8f5/element - {"using":"xpath","value":"//button[@data-kt=\"addNewYardOverflowToolbarButton\"]"}
RESULT: {"using":"xpath","value":"//button[@data-kt=\"addNewYardOverflowToolbarButton\"]"}
COMMAND: POST /session/85be7df00c2941df1715a768c51ad8f5/execute/sync - {"script":"<script> [8489 bytes]","args":[{"element-6066-11e4-a52e-4f735466cecf":"f.5D121FC7909F200889B59C01A2F655FF.d.D52E2625454405620735BC10FEAC80C2.e.27309","ELEMENT":"f.5D121FC7909F200889B59C01A2F655FF.d.D52E2625454405620735BC10FEAC80C2.e.27309"}]}
RESULT: {"script":"<script> [8489 bytes]","args":[{"element-6066-11e4-a52e-4f735466cecf":"f.5D121FC7909F200889B59C01A2F655FF.d.D52E2625454405620735BC10FEAC80C2.e.27309","ELEMENT":"f.5D121FC7909F200889B59C01A2F655FF.d.D52E2625454405620735BC10FEAC80C2.e.27309"}]}
COMMAND: GET /session/85be7df00c2941df1715a768c51ad8f5/element/f.5D121FC7909F200889B59C01A2F655FF.d.D52E2625454405620735BC10FEAC80C2.e.27309/enabled - {}
COMMAND: GET /session/85be7df00c2941df1715a768c51ad8f5/screenshot - {}
RESULT: {}
COMMAND: POST /session/85be7df00c2941df1715a768c51ad8f5/execute/sync - {"script":"<script> [8489 bytes]","args":[{"element-6066-11e4-a52e-4f735466cecf":"f.5D121FC7909F200889B59C01A2F655FF.d.D52E2625454405620735BC10FEAC80C2.e.27309","ELEMENT":"f.5D121FC7909F200889B59C01A2F655FF.d.D52E2625454405620735BC10FEAC80C2.e.27309"}]}
COMMAND: GET /session/85be7df00c2941df1715a768c51ad8f5/screenshot - {}
RESULT: {}
RESULT: {"script":"<script> [8489 bytes]","args":[{"element-6066-11e4-a52e-4f735466cecf":"f.5D121FC7909F200889B59C01A2F655FF.d.D52E2625454405620735BC10FEAC80C2.e.27309","ELEMENT":"f.5D121FC7909F200889B59C01A2F655FF.d.D52E2625454405620735BC10FEAC80C2.e.27309"}]}
COMMAND: POST /session/85be7df00c2941df1715a768c51ad8f5/execute/sync - {"script":"<script> [5351 bytes]","args":[{"element-6066-11e4-a52e-4f735466cecf":"f.5D121FC7909F200889B59C01A2F655FF.d.D52E2625454405620735BC10FEAC80C2.e.27309","ELEMENT":"f.5D121FC7909F200889B59C01A2F655FF.d.D52E2625454405620735BC10FEAC80C2.e.27309"}]}
COMMAND: GET /session/85be7df00c2941df1715a768c51ad8f5/screenshot - {}
RESULT: {}
RESULT: {"script":"<script> [5351 bytes]","args":[{"element-6066-11e4-a52e-4f735466cecf":"f.5D121FC7909F200889B59C01A2F655FF.d.D52E2625454405620735BC10FEAC80C2.e.27309","ELEMENT":"f.5D121FC7909F200889B59C01A2F655FF.d.D52E2625454405620735BC10FEAC80C2.e.27309"}]}
COMMAND: POST /session/85be7df00c2941df1715a768c51ad8f5/element/f.5D121FC7909F200889B59C01A2F655FF.d.D52E2625454405620735BC10FEAC80C2.e.27309/click - {}
COMMAND: GET /session/85be7df00c2941df1715a768c51ad8f5/screenshot - {}
RESULT: {}
RESULT: {}
COMMAND: GET /session/85be7df00c2941df1715a768c51ad8f5/screenshot - {}
RESULT: {}
RESULT: {}
COMMAND: POST /session/85be7df00c2941df1715a768c51ad8f5/element - {"using":"xpath","value":"//input[@id=\"application-manageyards-display-component---NewYard--yardId-inner\"]"}
RESULT: {"using":"xpath","value":"//input[@id=\"application-manageyards-display-component---NewYard--yardId-inner\"]"}
COMMAND: POST /session/85be7df00c2941df1715a768c51ad8f5/element - {"using":"xpath","value":"//input[@id=\"application-manageyards-display-component---NewYard--yardId-inner\"]"}
RESULT: {"using":"xpath","value":"//input[@id=\"application-manageyards-display-component---NewYard--yardId-inner\"]"}
COMMAND: POST /session/85be7df00c2941df1715a768c51ad8f5/execute/async - {"script":"<script> [1562 bytes]","args":[{"selector":{"id":"application-manageyards-display-component---NewYard--addressDetailDetailsName1","interaction":{"idSuffix":"inner"}},"wdio_ui5_key":"applicationmanageyards-display-component---NewYard--addressDetailDetailsName1"}]}
RESULT: {"script":"<script> [1562 bytes]","args":[{"selector":{"id":"application-manageyards-display-component---NewYard--addressDetailDetailsName1","interaction":{"idSuffix":"inner"}},"wdio_ui5_key":"applicationmanageyards-display-component---NewYard--addressDetailDetailsName1"}]}
RESULT: undefined
COMMAND: POST /session/85be7df00c2941df1715a768c51ad8f5/execute/async - {"script":"<script> [776 bytes]","args":[{"enterText":"Intracompany Yard wdIO","selector":{"id":"application-manageyards-display-component---NewYard--addressDetailDetailsName1","interaction":{"idSuffix":"inner"}},"clearTextFirst":true,"interactionType":"ENTER_TEXT"}]}
RESULT: {"script":"<script> [776 bytes]","args":[{"enterText":"Intracompany Yard wdIO","selector":{"id":"application-manageyards-display-component---NewYard--addressDetailDetailsName1","interaction":{"idSuffix":"inner"}},"clearTextFirst":true,"interactionType":"ENTER_TEXT"}]}
COMMAND: POST /session/85be7df00c2941df1715a768c51ad8f5/execute/async - {"script":"<script> [1562 bytes]","args":[{"selector":{"id":"application-manageyards-display-component---NewYard--addressDetailDetailsLanguage-arrow"},"wdio_ui5_key":"applicationmanageyards-display-component---NewYard--addressDetailDetailsLanguage-arrow"}]}
RESULT: {"script":"<script> [1562 bytes]","args":[{"selector":{"id":"application-manageyards-display-component---NewYard--addressDetailDetailsLanguage-arrow"},"wdio_ui5_key":"applicationmanageyards-display-component---NewYard--addressDetailDetailsLanguage-arrow"}]}
RESULT: undefined
COMMAND: POST /session/85be7df00c2941df1715a768c51ad8f5/element - {"using":"xpath","value":"//*[@id=\"application-manageyards-display-component---NewYard--addressDetailDetailsLanguage-arrow\"]"}
RESULT: {"using":"xpath","value":"//*[@id=\"application-manageyards-display-component---NewYard--addressDetailDetailsLanguage-arrow\"]"}
COMMAND: POST /session/85be7df00c2941df1715a768c51ad8f5/element/f.5D121FC7909F200889B59C01A2F655FF.d.D52E2625454405620735BC10FEAC80C2.e.27570/click - {}
RESULT: {}
COMMAND: POST /session/85be7df00c2941df1715a768c51ad8f5/element - {"using":"xpath","value":"//span[contains(text(), \"English\")]"}
COMMAND: GET /session/85be7df00c2941df1715a768c51ad8f5/screenshot - {}
RESULT: {"using":"xpath","value":"//span[contains(text(), \"English\")]"}
COMMAND: POST /session/85be7df00c2941df1715a768c51ad8f5/element/f.5D121FC7909F200889B59C01A2F655FF.d.D52E2625454405620735BC10FEAC80C2.e.27571/click - {}
RESULT: {}
RESULT: {}
COMMAND: POST /session/85be7df00c2941df1715a768c51ad8f5/execute/async - {"script":"<script> [1562 bytes]","args":[{"selector":{"id":"application-manageyards-display-component---NewYard--addressDetailDetailsCity1","interaction":{"idSuffix":"inner"}},"wdio_ui5_key":"applicationmanageyards-display-component---NewYard--addressDetailDetailsCity1"}]}
COMMAND: GET /session/85be7df00c2941df1715a768c51ad8f5/screenshot - {}
RESULT: {"script":"<script> [1562 bytes]","args":[{"selector":{"id":"application-manageyards-display-component---NewYard--addressDetailDetailsCity1","interaction":{"idSuffix":"inner"}},"wdio_ui5_key":"applicationmanageyards-display-component---NewYard--addressDetailDetailsCity1"}]}
RESULT: undefined
COMMAND: POST /session/85be7df00c2941df1715a768c51ad8f5/execute/async - {"script":"<script> [776 bytes]","args":[{"enterText":"Rosario","selector":{"id":"application-manageyards-display-component---NewYard--addressDetailDetailsCity1","interaction":{"idSuffix":"inner"}},"clearTextFirst":true,"interactionType":"ENTER_TEXT"}]}
RESULT: {}
RESULT: {"script":"<script> [776 bytes]","args":[{"enterText":"Rosario","selector":{"id":"application-manageyards-display-component---NewYard--addressDetailDetailsCity1","interaction":{"idSuffix":"inner"}},"clearTextFirst":true,"interactionType":"ENTER_TEXT"}]}
COMMAND: POST /session/85be7df00c2941df1715a768c51ad8f5/execute/async - {"script":"<script> [1562 bytes]","args":[{"selector":{"id":"application-manageyards-display-component---NewYard--addressDetailDetailsCountry-arrow"},"wdio_ui5_key":"applicationmanageyards-display-component---NewYard--addressDetailDetailsCountry-arrow"}]}
RESULT: {"script":"<script> [1562 bytes]","args":[{"selector":{"id":"application-manageyards-display-component---NewYard--addressDetailDetailsCountry-arrow"},"wdio_ui5_key":"applicationmanageyards-display-component---NewYard--addressDetailDetailsCountry-arrow"}]}
RESULT: undefined
COMMAND: POST /session/85be7df00c2941df1715a768c51ad8f5/element - {"using":"xpath","value":"//*[@id=\"application-manageyards-display-component---NewYard--addressDetailDetailsCountry-arrow\"]"}
RESULT: {"using":"xpath","value":"//*[@id=\"application-manageyards-display-component---NewYard--addressDetailDetailsCountry-arrow\"]"}
COMMAND: POST /session/85be7df00c2941df1715a768c51ad8f5/element/f.5D121FC7909F200889B59C01A2F655FF.d.D52E2625454405620735BC10FEAC80C2.e.27573/click - {}
RESULT: {}
COMMAND: POST /session/85be7df00c2941df1715a768c51ad8f5/element - {"using":"xpath","value":"//span[contains(text(), \"Argentina\")]"}
COMMAND: GET /session/85be7df00c2941df1715a768c51ad8f5/screenshot - {}
RESULT: {"using":"xpath","value":"//span[contains(text(), \"Argentina\")]"}
COMMAND: POST /session/85be7df00c2941df1715a768c51ad8f5/element/f.5D121FC7909F200889B59C01A2F655FF.d.D52E2625454405620735BC10FEAC80C2.e.27574/click - {}
RESULT: {}
RESULT: {}
COMMAND: POST /session/85be7df00c2941df1715a768c51ad8f5/execute/async - {"script":"<script> [1562 bytes]","args":[{"selector":{"id":"application-manageyards-display-component---NewYard--addressEditDetailsCostObjectCstType-arrow"},"wdio_ui5_key":"applicationmanageyards-display-component---NewYard--addressEditDetailsCostObjectCstType-arrow"}]}
COMMAND: GET /session/85be7df00c2941df1715a768c51ad8f5/screenshot - {}
RESULT: {"script":"<script> [1562 bytes]","args":[{"selector":{"id":"application-manageyards-display-component---NewYard--addressEditDetailsCostObjectCstType-arrow"},"wdio_ui5_key":"applicationmanageyards-display-component---NewYard--addressEditDetailsCostObjectCstType-arrow"}]}
RESULT: undefined
COMMAND: POST /session/85be7df00c2941df1715a768c51ad8f5/element - {"using":"xpath","value":"//*[@id=\"application-manageyards-display-component---NewYard--addressEditDetailsCostObjectCstType-arrow\"]"}
RESULT: {}
RESULT: {"using":"xpath","value":"//*[@id=\"application-manageyards-display-component---NewYard--addressEditDetailsCostObjectCstType-arrow\"]"}
COMMAND: POST /session/85be7df00c2941df1715a768c51ad8f5/element/f.5D121FC7909F200889B59C01A2F655FF.d.D52E2625454405620735BC10FEAC80C2.e.27576/click - {}
RESULT: {}
COMMAND: POST /session/85be7df00c2941df1715a768c51ad8f5/element - {"using":"xpath","value":"//span[contains(text(), \"Cost Center\")]"}
COMMAND: GET /session/85be7df00c2941df1715a768c51ad8f5/screenshot - {}
RESULT: {"using":"xpath","value":"//span[contains(text(), \"Cost Center\")]"}
COMMAND: POST /session/85be7df00c2941df1715a768c51ad8f5/element/f.5D121FC7909F200889B59C01A2F655FF.d.D52E2625454405620735BC10FEAC80C2.e.27577/click - {}
RESULT: {}
RESULT: {}
COMMAND: GET /session/85be7df00c2941df1715a768c51ad8f5/screenshot - {}
RESULT: {}
COMMAND: POST /session/85be7df00c2941df1715a768c51ad8f5/element - {"using":"xpath","value":"//span[@id=\"application-manageyards-display-component---NewYard--addressNewCostObjectCstID-vhi\"]"}
RESULT: {"using":"xpath","value":"//span[@id=\"application-manageyards-display-component---NewYard--addressNewCostObjectCstID-vhi\"]"}
COMMAND: POST /session/85be7df00c2941df1715a768c51ad8f5/execute/sync - {"script":"<script> [8489 bytes]","args":[{"element-6066-11e4-a52e-4f735466cecf":"f.5D121FC7909F200889B59C01A2F655FF.d.D52E2625454405620735BC10FEAC80C2.e.27581","ELEMENT":"f.5D121FC7909F200889B59C01A2F655FF.d.D52E2625454405620735BC10FEAC80C2.e.27581"}]}
RESULT: {"script":"<script> [8489 bytes]","args":[{"element-6066-11e4-a52e-4f735466cecf":"f.5D121FC7909F200889B59C01A2F655FF.d.D52E2625454405620735BC10FEAC80C2.e.27581","ELEMENT":"f.5D121FC7909F200889B59C01A2F655FF.d.D52E2625454405620735BC10FEAC80C2.e.27581"}]}
COMMAND: POST /session/85be7df00c2941df1715a768c51ad8f5/execute/async - {"script":"<script> [1562 bytes]","args":[{"selector":{"id":"application-manageyards-display-component---NewYard--addressNewCostObjectCstID-vhi"},"wdio_ui5_key":"applicationmanageyards-display-component---NewYard--addressNewCostObjectCstID-vhi"}]}
COMMAND: GET /session/85be7df00c2941df1715a768c51ad8f5/screenshot - {}
RESULT: {"script":"<script> [1562 bytes]","args":[{"selector":{"id":"application-manageyards-display-component---NewYard--addressNewCostObjectCstID-vhi"},"wdio_ui5_key":"applicationmanageyards-display-component---NewYard--addressNewCostObjectCstID-vhi"}]}
RESULT: undefined
COMMAND: POST /session/85be7df00c2941df1715a768c51ad8f5/element - {"using":"xpath","value":"//*[@id=\"application-manageyards-display-component---NewYard--addressNewCostObjectCstID-vhi\"]"}
RESULT: {}
RESULT: {"using":"xpath","value":"//*[@id=\"application-manageyards-display-component---NewYard--addressNewCostObjectCstID-vhi\"]"}
COMMAND: POST /session/85be7df00c2941df1715a768c51ad8f5/element/f.5D121FC7909F200889B59C01A2F655FF.d.D52E2625454405620735BC10FEAC80C2.e.27581/click - {}
RESULT: {}
COMMAND: GET /session/85be7df00c2941df1715a768c51ad8f5/screenshot - {}
RESULT: {}
COMMAND: POST /session/85be7df00c2941df1715a768c51ad8f5/execute/async - {"script":"<script> [1562 bytes]","args":[{"selector":{"controlType":"sap.m.SearchField","properties":{"placeholder":"Search"},"searchOpenDialogs":true,"interaction":{"idSuffix":"I"}},"wdio_ui5_key":"sapm.SearchField{\"placeholder\":\"Search\"}"}]}
RESULT: {"script":"<script> [1562 bytes]","args":[{"selector":{"controlType":"sap.m.SearchField","properties":{"placeholder":"Search"},"searchOpenDialogs":true,"interaction":{"idSuffix":"I"}},"wdio_ui5_key":"sapm.SearchField{\"placeholder\":\"Search\"}"}]}
RESULT: undefined
COMMAND: POST /session/85be7df00c2941df1715a768c51ad8f5/execute/async - {"script":"<script> [776 bytes]","args":[{"enterText":"bauh_b","selector":{"controlType":"sap.m.SearchField","properties":{"placeholder":"Search"},"searchOpenDialogs":true,"interaction":{"idSuffix":"I"}},"clearTextFirst":true,"interactionType":"ENTER_TEXT"}]}
RESULT: {"script":"<script> [776 bytes]","args":[{"enterText":"bauh_b","selector":{"controlType":"sap.m.SearchField","properties":{"placeholder":"Search"},"searchOpenDialogs":true,"interaction":{"idSuffix":"I"}},"clearTextFirst":true,"interactionType":"ENTER_TEXT"}]}
COMMAND: POST /session/85be7df00c2941df1715a768c51ad8f5/actions - {"actions":[{"id":"action85","type":"key","parameters":{},"actions":[{"type":"keyDown","value":""},{"type":"pause","duration":10},{"type":"keyUp","value":""}]}]}
RESULT: {"actions":[{"id":"action85","type":"key","parameters":{},"actions":[{"type":"keyDown","value":""},{"type":"pause","duration":10},{"type":"keyUp","value":""}]}]}
COMMAND: GET /session/85be7df00c2941df1715a768c51ad8f5/screenshot - {}
RESULT: {}
COMMAND: POST /session/85be7df00c2941df1715a768c51ad8f5/element - {"using":"xpath","value":"//span[contains(text(), \"Demo Yard\")]"}
RESULT: {"using":"xpath","value":"//span[contains(text(), \"Demo Yard\")]"}
COMMAND: POST /session/85be7df00c2941df1715a768c51ad8f5/element/f.5D121FC7909F200889B59C01A2F655FF.d.D52E2625454405620735BC10FEAC80C2.e.27622/click - {}
RESULT: {}
COMMAND: GET /session/85be7df00c2941df1715a768c51ad8f5/screenshot - {}
RESULT: {}
COMMAND: POST /session/85be7df00c2941df1715a768c51ad8f5/element - {"using":"xpath","value":"//bdi[contains(text(), \"OK\")]"}
RESULT: {"using":"xpath","value":"//bdi[contains(text(), \"OK\")]"}
COMMAND: POST /session/85be7df00c2941df1715a768c51ad8f5/element/f.5D121FC7909F200889B59C01A2F655FF.d.D52E2625454405620735BC10FEAC80C2.e.27623/click - {}
RESULT: {}
COMMAND: GET /session/85be7df00c2941df1715a768c51ad8f5/screenshot - {}
RESULT: {}
COMMAND: POST /session/85be7df00c2941df1715a768c51ad8f5/execute/async - {"script":"<script> [1562 bytes]","args":[{"selector":{"id":"application-manageyards-display-component---NewYard--addressEditDetailsCurrency-arrow"},"wdio_ui5_key":"applicationmanageyards-display-component---NewYard--addressEditDetailsCurrency-arrow"}]}
RESULT: {"script":"<script> [1562 bytes]","args":[{"selector":{"id":"application-manageyards-display-component---NewYard--addressEditDetailsCurrency-arrow"},"wdio_ui5_key":"applicationmanageyards-display-component---NewYard--addressEditDetailsCurrency-arrow"}]}
RESULT: undefined
COMMAND: POST /session/85be7df00c2941df1715a768c51ad8f5/element - {"using":"xpath","value":"//*[@id=\"application-manageyards-display-component---NewYard--addressEditDetailsCurrency-arrow\"]"}
RESULT: {"using":"xpath","value":"//*[@id=\"application-manageyards-display-component---NewYard--addressEditDetailsCurrency-arrow\"]"}
COMMAND: POST /session/85be7df00c2941df1715a768c51ad8f5/element/f.5D121FC7909F200889B59C01A2F655FF.d.D52E2625454405620735BC10FEAC80C2.e.27626/click - {}
RESULT: {}
COMMAND: POST /session/85be7df00c2941df1715a768c51ad8f5/element - {"using":"xpath","value":"//span[contains(text(), \"Euro\")]"}
COMMAND: GET /session/85be7df00c2941df1715a768c51ad8f5/screenshot - {}
RESULT: {"using":"xpath","value":"//span[contains(text(), \"Euro\")]"}
COMMAND: POST /session/85be7df00c2941df1715a768c51ad8f5/element/f.5D121FC7909F200889B59C01A2F655FF.d.D52E2625454405620735BC10FEAC80C2.e.27627/click - {}
RESULT: {}
RESULT: {}
COMMAND: POST /session/85be7df00c2941df1715a768c51ad8f5/execute/async - {"script":"<script> [1562 bytes]","args":[{"selector":{"controlType":"sap.m.Input","viewName":"etm.portal.ui.manageyards.view.New","viewId":"application-manageyards-display-component---NewYard","bindingPath":{"path":"","propertyPath":"/CONTROLLING_AREA","modelName":"NewYardModel"},"interaction":{"idSuffix":"inner"}},"wdio_ui5_key":"etmportal.ui.manageyards.view.Newsap.m.Input{\"path\":\"\",\"propertyPath\":\"/CONTROLLING_AREA\",\"modelName\":\"NewYardModel\"}"}]}
COMMAND: GET /session/85be7df00c2941df1715a768c51ad8f5/screenshot - {}
RESULT: {"script":"<script> [1562 bytes]","args":[{"selector":{"controlType":"sap.m.Input","viewName":"etm.portal.ui.manageyards.view.New","viewId":"application-manageyards-display-component---NewYard","bindingPath":{"path":"","propertyPath":"/CONTROLLING_AREA","modelName":"NewYardModel"},"interaction":{"idSuffix":"inner"}},"wdio_ui5_key":"etmportal.ui.manageyards.view.Newsap.m.Input{\"path\":\"\",\"propertyPath\":\"/CONTROLLING_AREA\",\"modelName\":\"NewYardModel\"}"}]}
RESULT: undefined
COMMAND: POST /session/85be7df00c2941df1715a768c51ad8f5/execute/async - {"script":"<script> [776 bytes]","args":[{"enterText":"Z001","selector":{"controlType":"sap.m.Input","viewName":"etm.portal.ui.manageyards.view.New","viewId":"application-manageyards-display-component---NewYard","bindingPath":{"path":"","propertyPath":"/CONTROLLING_AREA","modelName":"NewYardModel"},"interaction":{"idSuffix":"inner"}},"clearTextFirst":true,"interactionType":"ENTER_TEXT"}]}
RESULT: {}
RESULT: {"script":"<script> [776 bytes]","args":[{"enterText":"Z001","selector":{"controlType":"sap.m.Input","viewName":"etm.portal.ui.manageyards.view.New","viewId":"application-manageyards-display-component---NewYard","bindingPath":{"path":"","propertyPath":"/CONTROLLING_AREA","modelName":"NewYardModel"},"interaction":{"idSuffix":"inner"}},"clearTextFirst":true,"interactionType":"ENTER_TEXT"}]}
COMMAND: POST /session/85be7df00c2941df1715a768c51ad8f5/execute/async - {"script":"<script> [1562 bytes]","args":[{"selector":{"id":"application-manageyards-display-component---NewYard--companyCodeComboBox","interaction":{"idSuffix":"inner"}},"wdio_ui5_key":"applicationmanageyards-display-component---NewYard--companyCodeComboBox"}]}
RESULT: {"script":"<script> [1562 bytes]","args":[{"selector":{"id":"application-manageyards-display-component---NewYard--companyCodeComboBox","interaction":{"idSuffix":"inner"}},"wdio_ui5_key":"applicationmanageyards-display-component---NewYard--companyCodeComboBox"}]}
RESULT: undefined
COMMAND: POST /session/85be7df00c2941df1715a768c51ad8f5/execute/async - {"script":"<script> [776 bytes]","args":[{"enterText":"1000","selector":{"id":"application-manageyards-display-component---NewYard--companyCodeComboBox","interaction":{"idSuffix":"inner"}},"clearTextFirst":true,"interactionType":"ENTER_TEXT"}]}
RESULT: {"script":"<script> [776 bytes]","args":[{"enterText":"1000","selector":{"id":"application-manageyards-display-component---NewYard--companyCodeComboBox","interaction":{"idSuffix":"inner"}},"clearTextFirst":true,"interactionType":"ENTER_TEXT"}]}
COMMAND: POST /session/85be7df00c2941df1715a768c51ad8f5/execute/async - {"script":"<script> [1562 bytes]","args":[{"selector":{"controlType":"sap.m.Input","viewName":"etm.portal.ui.manageyards.view.New","viewId":"application-manageyards-display-component---NewYard","bindingPath":{"path":"","propertyPath":"/PLANT","modelName":"NewYardModel"},"interaction":{"idSuffix":"inner"}},"wdio_ui5_key":"etmportal.ui.manageyards.view.Newsap.m.Input{\"path\":\"\",\"propertyPath\":\"/PLANT\",\"modelName\":\"NewYardModel\"}"}]}
RESULT: {"script":"<script> [1562 bytes]","args":[{"selector":{"controlType":"sap.m.Input","viewName":"etm.portal.ui.manageyards.view.New","viewId":"application-manageyards-display-component---NewYard","bindingPath":{"path":"","propertyPath":"/PLANT","modelName":"NewYardModel"},"interaction":{"idSuffix":"inner"}},"wdio_ui5_key":"etmportal.ui.manageyards.view.Newsap.m.Input{\"path\":\"\",\"propertyPath\":\"/PLANT\",\"modelName\":\"NewYardModel\"}"}]}
RESULT: undefined
COMMAND: POST /session/85be7df00c2941df1715a768c51ad8f5/execute/async - {"script":"<script> [776 bytes]","args":[{"enterText":"1001","selector":{"controlType":"sap.m.Input","viewName":"etm.portal.ui.manageyards.view.New","viewId":"application-manageyards-display-component---NewYard","bindingPath":{"path":"","propertyPath":"/PLANT","modelName":"NewYardModel"},"interaction":{"idSuffix":"inner"}},"clearTextFirst":true,"interactionType":"ENTER_TEXT"}]}
RESULT: {"script":"<script> [776 bytes]","args":[{"enterText":"1001","selector":{"controlType":"sap.m.Input","viewName":"etm.portal.ui.manageyards.view.New","viewId":"application-manageyards-display-component---NewYard","bindingPath":{"path":"","propertyPath":"/PLANT","modelName":"NewYardModel"},"interaction":{"idSuffix":"inner"}},"clearTextFirst":true,"interactionType":"ENTER_TEXT"}]}
COMMAND: POST /session/85be7df00c2941df1715a768c51ad8f5/execute/async - {"script":"<script> [1562 bytes]","args":[{"selector":{"controlType":"sap.m.Input","viewName":"etm.portal.ui.manageyards.view.New","viewId":"application-manageyards-display-component---NewYard","bindingPath":{"path":"","propertyPath":"/SALES_AREA_VKORG","modelName":"NewYardModel"},"interaction":{"idSuffix":"inner"}},"wdio_ui5_key":"etmportal.ui.manageyards.view.Newsap.m.Input{\"path\":\"\",\"propertyPath\":\"/SALES_AREA_VKORG\",\"modelName\":\"NewYardModel\"}"}]}
RESULT: {"script":"<script> [1562 bytes]","args":[{"selector":{"controlType":"sap.m.Input","viewName":"etm.portal.ui.manageyards.view.New","viewId":"application-manageyards-display-component---NewYard","bindingPath":{"path":"","propertyPath":"/SALES_AREA_VKORG","modelName":"NewYardModel"},"interaction":{"idSuffix":"inner"}},"wdio_ui5_key":"etmportal.ui.manageyards.view.Newsap.m.Input{\"path\":\"\",\"propertyPath\":\"/SALES_AREA_VKORG\",\"modelName\":\"NewYardModel\"}"}]}
RESULT: undefined
COMMAND: POST /session/85be7df00c2941df1715a768c51ad8f5/execute/async - {"script":"<script> [776 bytes]","args":[{"enterText":"C002","selector":{"controlType":"sap.m.Input","viewName":"etm.portal.ui.manageyards.view.New","viewId":"application-manageyards-display-component---NewYard","bindingPath":{"path":"","propertyPath":"/SALES_AREA_VKORG","modelName":"NewYardModel"},"interaction":{"idSuffix":"inner"}},"clearTextFirst":true,"interactionType":"ENTER_TEXT"}]}
RESULT: {"script":"<script> [776 bytes]","args":[{"enterText":"C002","selector":{"controlType":"sap.m.Input","viewName":"etm.portal.ui.manageyards.view.New","viewId":"application-manageyards-display-component---NewYard","bindingPath":{"path":"","propertyPath":"/SALES_AREA_VKORG","modelName":"NewYardModel"},"interaction":{"idSuffix":"inner"}},"clearTextFirst":true,"interactionType":"ENTER_TEXT"}]}
COMMAND: POST /session/85be7df00c2941df1715a768c51ad8f5/execute/async - {"script":"<script> [1562 bytes]","args":[{"selector":{"controlType":"sap.m.Input","viewName":"etm.portal.ui.manageyards.view.New","viewId":"application-manageyards-display-component---NewYard","bindingPath":{"path":"","propertyPath":"/SALES_AREA_VTWEG","modelName":"NewYardModel"},"interaction":{"idSuffix":"inner"}},"wdio_ui5_key":"etmportal.ui.manageyards.view.Newsap.m.Input{\"path\":\"\",\"propertyPath\":\"/SALES_AREA_VTWEG\",\"modelName\":\"NewYardModel\"}"}]}
RESULT: {"script":"<script> [1562 bytes]","args":[{"selector":{"controlType":"sap.m.Input","viewName":"etm.portal.ui.manageyards.view.New","viewId":"application-manageyards-display-component---NewYard","bindingPath":{"path":"","propertyPath":"/SALES_AREA_VTWEG","modelName":"NewYardModel"},"interaction":{"idSuffix":"inner"}},"wdio_ui5_key":"etmportal.ui.manageyards.view.Newsap.m.Input{\"path\":\"\",\"propertyPath\":\"/SALES_AREA_VTWEG\",\"modelName\":\"NewYardModel\"}"}]}
RESULT: undefined
COMMAND: POST /session/85be7df00c2941df1715a768c51ad8f5/execute/async - {"script":"<script> [776 bytes]","args":[{"enterText":"C2","selector":{"controlType":"sap.m.Input","viewName":"etm.portal.ui.manageyards.view.New","viewId":"application-manageyards-display-component---NewYard","bindingPath":{"path":"","propertyPath":"/SALES_AREA_VTWEG","modelName":"NewYardModel"},"interaction":{"idSuffix":"inner"}},"clearTextFirst":true,"interactionType":"ENTER_TEXT"}]}
RESULT: {"script":"<script> [776 bytes]","args":[{"enterText":"C2","selector":{"controlType":"sap.m.Input","viewName":"etm.portal.ui.manageyards.view.New","viewId":"application-manageyards-display-component---NewYard","bindingPath":{"path":"","propertyPath":"/SALES_AREA_VTWEG","modelName":"NewYardModel"},"interaction":{"idSuffix":"inner"}},"clearTextFirst":true,"interactionType":"ENTER_TEXT"}]}
COMMAND: POST /session/85be7df00c2941df1715a768c51ad8f5/execute/async - {"script":"<script> [1562 bytes]","args":[{"selector":{"controlType":"sap.m.Input","viewName":"etm.portal.ui.manageyards.view.New","viewId":"application-manageyards-display-component---NewYard","bindingPath":{"path":"","propertyPath":"/SALES_AREA_SPART","modelName":"NewYardModel"},"interaction":{"idSuffix":"inner"}},"wdio_ui5_key":"etmportal.ui.manageyards.view.Newsap.m.Input{\"path\":\"\",\"propertyPath\":\"/SALES_AREA_SPART\",\"modelName\":\"NewYardModel\"}"}]}
RESULT: {"script":"<script> [1562 bytes]","args":[{"selector":{"controlType":"sap.m.Input","viewName":"etm.portal.ui.manageyards.view.New","viewId":"application-manageyards-display-component---NewYard","bindingPath":{"path":"","propertyPath":"/SALES_AREA_SPART","modelName":"NewYardModel"},"interaction":{"idSuffix":"inner"}},"wdio_ui5_key":"etmportal.ui.manageyards.view.Newsap.m.Input{\"path\":\"\",\"propertyPath\":\"/SALES_AREA_SPART\",\"modelName\":\"NewYardModel\"}"}]}
RESULT: undefined
COMMAND: POST /session/85be7df00c2941df1715a768c51ad8f5/execute/async - {"script":"<script> [776 bytes]","args":[{"enterText":"C2","selector":{"controlType":"sap.m.Input","viewName":"etm.portal.ui.manageyards.view.New","viewId":"application-manageyards-display-component---NewYard","bindingPath":{"path":"","propertyPath":"/SALES_AREA_SPART","modelName":"NewYardModel"},"interaction":{"idSuffix":"inner"}},"clearTextFirst":true,"interactionType":"ENTER_TEXT"}]}
RESULT: {"script":"<script> [776 bytes]","args":[{"enterText":"C2","selector":{"controlType":"sap.m.Input","viewName":"etm.portal.ui.manageyards.view.New","viewId":"application-manageyards-display-component---NewYard","bindingPath":{"path":"","propertyPath":"/SALES_AREA_SPART","modelName":"NewYardModel"},"interaction":{"idSuffix":"inner"}},"clearTextFirst":true,"interactionType":"ENTER_TEXT"}]}
COMMAND: POST /session/85be7df00c2941df1715a768c51ad8f5/execute/async - {"script":"<script> [1562 bytes]","args":[{"selector":{"controlType":"sap.m.Input","viewName":"etm.portal.ui.manageyards.view.New","viewId":"application-manageyards-display-component---NewYard","bindingPath":{"path":"","propertyPath":"/SHIP_POINT","modelName":"NewYardModel"},"interaction":{"idSuffix":"inner"}},"wdio_ui5_key":"etmportal.ui.manageyards.view.Newsap.m.Input{\"path\":\"\",\"propertyPath\":\"/SHIP_POINT\",\"modelName\":\"NewYardModel\"}"}]}
RESULT: {"script":"<script> [1562 bytes]","args":[{"selector":{"controlType":"sap.m.Input","viewName":"etm.portal.ui.manageyards.view.New","viewId":"application-manageyards-display-component---NewYard","bindingPath":{"path":"","propertyPath":"/SHIP_POINT","modelName":"NewYardModel"},"interaction":{"idSuffix":"inner"}},"wdio_ui5_key":"etmportal.ui.manageyards.view.Newsap.m.Input{\"path\":\"\",\"propertyPath\":\"/SHIP_POINT\",\"modelName\":\"NewYardModel\"}"}]}
RESULT: undefined
COMMAND: POST /session/85be7df00c2941df1715a768c51ad8f5/execute/async - {"script":"<script> [776 bytes]","args":[{"enterText":"1710","selector":{"controlType":"sap.m.Input","viewName":"etm.portal.ui.manageyards.view.New","viewId":"application-manageyards-display-component---NewYard","bindingPath":{"path":"","propertyPath":"/SHIP_POINT","modelName":"NewYardModel"},"interaction":{"idSuffix":"inner"}},"clearTextFirst":true,"interactionType":"ENTER_TEXT"}]}
RESULT: {"script":"<script> [776 bytes]","args":[{"enterText":"1710","selector":{"controlType":"sap.m.Input","viewName":"etm.portal.ui.manageyards.view.New","viewId":"application-manageyards-display-component---NewYard","bindingPath":{"path":"","propertyPath":"/SHIP_POINT","modelName":"NewYardModel"},"interaction":{"idSuffix":"inner"}},"clearTextFirst":true,"interactionType":"ENTER_TEXT"}]}
COMMAND: POST /session/85be7df00c2941df1715a768c51ad8f5/execute/async - {"script":"<script> [1562 bytes]","args":[{"selector":{"controlType":"sap.m.Input","viewName":"etm.portal.ui.manageyards.view.New","viewId":"application-manageyards-display-component---NewYard","bindingPath":{"path":"","propertyPath":"/DELIVERY_TYPE","modelName":"NewYardModel"},"interaction":{"idSuffix":"inner"}},"wdio_ui5_key":"etmportal.ui.manageyards.view.Newsap.m.Input{\"path\":\"\",\"propertyPath\":\"/DELIVERY_TYPE\",\"modelName\":\"NewYardModel\"}"}]}
RESULT: {"script":"<script> [1562 bytes]","args":[{"selector":{"controlType":"sap.m.Input","viewName":"etm.portal.ui.manageyards.view.New","viewId":"application-manageyards-display-component---NewYard","bindingPath":{"path":"","propertyPath":"/DELIVERY_TYPE","modelName":"NewYardModel"},"interaction":{"idSuffix":"inner"}},"wdio_ui5_key":"etmportal.ui.manageyards.view.Newsap.m.Input{\"path\":\"\",\"propertyPath\":\"/DELIVERY_TYPE\",\"modelName\":\"NewYardModel\"}"}]}
RESULT: undefined
COMMAND: POST /session/85be7df00c2941df1715a768c51ad8f5/execute/async - {"script":"<script> [776 bytes]","args":[{"enterText":"ZL01","selector":{"controlType":"sap.m.Input","viewName":"etm.portal.ui.manageyards.view.New","viewId":"application-manageyards-display-component---NewYard","bindingPath":{"path":"","propertyPath":"/DELIVERY_TYPE","modelName":"NewYardModel"},"interaction":{"idSuffix":"inner"}},"clearTextFirst":true,"interactionType":"ENTER_TEXT"}]}
RESULT: {"script":"<script> [776 bytes]","args":[{"enterText":"ZL01","selector":{"controlType":"sap.m.Input","viewName":"etm.portal.ui.manageyards.view.New","viewId":"application-manageyards-display-component---NewYard","bindingPath":{"path":"","propertyPath":"/DELIVERY_TYPE","modelName":"NewYardModel"},"interaction":{"idSuffix":"inner"}},"clearTextFirst":true,"interactionType":"ENTER_TEXT"}]}
COMMAND: POST /session/85be7df00c2941df1715a768c51ad8f5/execute/async - {"script":"<script> [1562 bytes]","args":[{"selector":{"controlType":"sap.m.Input","viewName":"etm.portal.ui.manageyards.view.New","viewId":"application-manageyards-display-component---NewYard","bindingPath":{"path":"","propertyPath":"/AUART","modelName":"NewYardModel"},"interaction":{"idSuffix":"inner"}},"wdio_ui5_key":"etmportal.ui.manageyards.view.Newsap.m.Input{\"path\":\"\",\"propertyPath\":\"/AUART\",\"modelName\":\"NewYardModel\"}"}]}
RESULT: {"script":"<script> [1562 bytes]","args":[{"selector":{"controlType":"sap.m.Input","viewName":"etm.portal.ui.manageyards.view.New","viewId":"application-manageyards-display-component---NewYard","bindingPath":{"path":"","propertyPath":"/AUART","modelName":"NewYardModel"},"interaction":{"idSuffix":"inner"}},"wdio_ui5_key":"etmportal.ui.manageyards.view.Newsap.m.Input{\"path\":\"\",\"propertyPath\":\"/AUART\",\"modelName\":\"NewYardModel\"}"}]}
RESULT: undefined
COMMAND: POST /session/85be7df00c2941df1715a768c51ad8f5/execute/async - {"script":"<script> [776 bytes]","args":[{"enterText":"TA","selector":{"controlType":"sap.m.Input","viewName":"etm.portal.ui.manageyards.view.New","viewId":"application-manageyards-display-component---NewYard","bindingPath":{"path":"","propertyPath":"/AUART","modelName":"NewYardModel"},"interaction":{"idSuffix":"inner"}},"clearTextFirst":true,"interactionType":"ENTER_TEXT"}]}
RESULT: {"script":"<script> [776 bytes]","args":[{"enterText":"TA","selector":{"controlType":"sap.m.Input","viewName":"etm.portal.ui.manageyards.view.New","viewId":"application-manageyards-display-component---NewYard","bindingPath":{"path":"","propertyPath":"/AUART","modelName":"NewYardModel"},"interaction":{"idSuffix":"inner"}},"clearTextFirst":true,"interactionType":"ENTER_TEXT"}]}
COMMAND: POST /session/85be7df00c2941df1715a768c51ad8f5/element - {"using":"xpath","value":"//button[@data-kt=\"newYardSaveButton\"]"}
RESULT: {"using":"xpath","value":"//button[@data-kt=\"newYardSaveButton\"]"}
COMMAND: POST /session/85be7df00c2941df1715a768c51ad8f5/element/f.5D121FC7909F200889B59C01A2F655FF.d.D52E2625454405620735BC10FEAC80C2.e.27419/click - {}
RESULT: {}
COMMAND: GET /session/85be7df00c2941df1715a768c51ad8f5/screenshot - {}
RESULT: {}
COMMAND: POST /session/85be7df00c2941df1715a768c51ad8f5/element - {"using":"xpath","value":"//header[contains(@id, 'ObjectPageLayout-headerTitle')]/div[1]/div[2]/div[1]/span[1]"}
RESULT: {"using":"xpath","value":"//header[contains(@id, 'ObjectPageLayout-headerTitle')]/div[1]/div[2]/div[1]/span[1]"}
COMMAND: POST /session/85be7df00c2941df1715a768c51ad8f5/elements - {"using":"xpath","value":"//header[contains(@id, 'ObjectPageLayout-headerTitle')]/div[1]/div[2]/div[1]/span[1]"}
RESULT: {"using":"xpath","value":"//header[contains(@id, 'ObjectPageLayout-headerTitle')]/div[1]/div[2]/div[1]/span[1]"}
COMMAND: POST /session/85be7df00c2941df1715a768c51ad8f5/execute/sync - {"script":"<script> [56 bytes]","args":[{"element-6066-11e4-a52e-4f735466cecf":"f.5D121FC7909F200889B59C01A2F655FF.d.D52E2625454405620735BC10FEAC80C2.e.27852","ELEMENT":"f.5D121FC7909F200889B59C01A2F655FF.d.D52E2625454405620735BC10FEAC80C2.e.27852"}]}
RESULT: {"script":"<script> [56 bytes]","args":[{"element-6066-11e4-a52e-4f735466cecf":"f.5D121FC7909F200889B59C01A2F655FF.d.D52E2625454405620735BC10FEAC80C2.e.27852","ELEMENT":"f.5D121FC7909F200889B59C01A2F655FF.d.D52E2625454405620735BC10FEAC80C2.e.27852"}]}
COMMAND: GET /session/85be7df00c2941df1715a768c51ad8f5/screenshot - {}
RESULT: {}
COMMAND: POST /session/85be7df00c2941df1715a768c51ad8f5/element - {"using":"css selector","value":"#shell-header-logo"}
RESULT: {"using":"css selector","value":"#shell-header-logo"}
COMMAND: POST /session/85be7df00c2941df1715a768c51ad8f5/element/f.5D121FC7909F200889B59C01A2F655FF.d.D52E2625454405620735BC10FEAC80C2.e.27159/click - {}
RESULT: {}
COMMAND: GET /session/85be7df00c2941df1715a768c51ad8f5/screenshot - {}
RESULT: {}
COMMAND: POST /session/85be7df00c2941df1715a768c51ad8f5/execute/sync - {"script":"<script> [299 bytes]","args":[["getModel","getResource"]]}
RESULT: {"script":"<script> [299 bytes]","args":[["getModel","getResource"]]}
]]></system-out>
    </testcase>
    <testcase classname="chrome.136_0_7103_93.windows.Transfer_Yard_to_Yard_US131076" name="Should create an equipment" time="165.945">
      <system-out><![CDATA[
COMMAND: GET /session/85be7df00c2941df1715a768c51ad8f5/screenshot - {}
COMMAND: POST /session/85be7df00c2941df1715a768c51ad8f5/execute/async - {"script":"<script> [1562 bytes]","args":[{"selector":{"controlType":"sap.m.GenericTile","properties":{"header":"Manage Resources"}},"wdio_ui5_key":"sapm.GenericTile{\"header\":\"Manage Resources\"}"}]}
RESULT: {}
RESULT: {"script":"<script> [1562 bytes]","args":[{"selector":{"controlType":"sap.m.GenericTile","properties":{"header":"Manage Resources"}},"wdio_ui5_key":"sapm.GenericTile{\"header\":\"Manage Resources\"}"}]}
RESULT: undefined
COMMAND: POST /session/85be7df00c2941df1715a768c51ad8f5/element - {"using":"xpath","value":"//*[@id=\"__tile31\"]"}
RESULT: {"using":"xpath","value":"//*[@id=\"__tile31\"]"}
COMMAND: POST /session/85be7df00c2941df1715a768c51ad8f5/element/f.5D121FC7909F200889B59C01A2F655FF.d.D52E2625454405620735BC10FEAC80C2.e.27178/click - {}
RESULT: {}
COMMAND: GET /session/85be7df00c2941df1715a768c51ad8f5/screenshot - {}
RESULT: {}
COMMAND: POST /session/85be7df00c2941df1715a768c51ad8f5/elements - {"using":"xpath","value":"//span[text()='Error']"}
RESULT: {"using":"xpath","value":"//span[text()='Error']"}
COMMAND: POST /session/85be7df00c2941df1715a768c51ad8f5/element - {"using":"xpath","value":"//button[@data-kt=\"addNewRUOverflowToolbarButton\"]"}
RESULT: {"using":"xpath","value":"//button[@data-kt=\"addNewRUOverflowToolbarButton\"]"}
COMMAND: POST /session/85be7df00c2941df1715a768c51ad8f5/elements - {"using":"xpath","value":"//button[@data-kt=\"addNewRUOverflowToolbarButton\"]"}
RESULT: {"using":"xpath","value":"//button[@data-kt=\"addNewRUOverflowToolbarButton\"]"}
COMMAND: POST /session/85be7df00c2941df1715a768c51ad8f5/execute/sync - {"script":"<script> [8489 bytes]","args":[{"element-6066-11e4-a52e-4f735466cecf":"f.5D121FC7909F200889B59C01A2F655FF.d.D52E2625454405620735BC10FEAC80C2.e.27885","ELEMENT":"f.5D121FC7909F200889B59C01A2F655FF.d.D52E2625454405620735BC10FEAC80C2.e.27885"}]}
RESULT: {"script":"<script> [8489 bytes]","args":[{"element-6066-11e4-a52e-4f735466cecf":"f.5D121FC7909F200889B59C01A2F655FF.d.D52E2625454405620735BC10FEAC80C2.e.27885","ELEMENT":"f.5D121FC7909F200889B59C01A2F655FF.d.D52E2625454405620735BC10FEAC80C2.e.27885"}]}
COMMAND: GET /session/85be7df00c2941df1715a768c51ad8f5/element/f.5D121FC7909F200889B59C01A2F655FF.d.D52E2625454405620735BC10FEAC80C2.e.27885/enabled - {}
COMMAND: GET /session/85be7df00c2941df1715a768c51ad8f5/screenshot - {}
RESULT: {}
COMMAND: POST /session/85be7df00c2941df1715a768c51ad8f5/execute/sync - {"script":"<script> [8489 bytes]","args":[{"element-6066-11e4-a52e-4f735466cecf":"f.5D121FC7909F200889B59C01A2F655FF.d.D52E2625454405620735BC10FEAC80C2.e.27885","ELEMENT":"f.5D121FC7909F200889B59C01A2F655FF.d.D52E2625454405620735BC10FEAC80C2.e.27885"}]}
COMMAND: GET /session/85be7df00c2941df1715a768c51ad8f5/screenshot - {}
RESULT: {}
RESULT: {"script":"<script> [8489 bytes]","args":[{"element-6066-11e4-a52e-4f735466cecf":"f.5D121FC7909F200889B59C01A2F655FF.d.D52E2625454405620735BC10FEAC80C2.e.27885","ELEMENT":"f.5D121FC7909F200889B59C01A2F655FF.d.D52E2625454405620735BC10FEAC80C2.e.27885"}]}
COMMAND: POST /session/85be7df00c2941df1715a768c51ad8f5/execute/sync - {"script":"<script> [5351 bytes]","args":[{"element-6066-11e4-a52e-4f735466cecf":"f.5D121FC7909F200889B59C01A2F655FF.d.D52E2625454405620735BC10FEAC80C2.e.27885","ELEMENT":"f.5D121FC7909F200889B59C01A2F655FF.d.D52E2625454405620735BC10FEAC80C2.e.27885"}]}
COMMAND: GET /session/85be7df00c2941df1715a768c51ad8f5/screenshot - {}
RESULT: {}
RESULT: {}
RESULT: {"script":"<script> [5351 bytes]","args":[{"element-6066-11e4-a52e-4f735466cecf":"f.5D121FC7909F200889B59C01A2F655FF.d.D52E2625454405620735BC10FEAC80C2.e.27885","ELEMENT":"f.5D121FC7909F200889B59C01A2F655FF.d.D52E2625454405620735BC10FEAC80C2.e.27885"}]}
COMMAND: POST /session/85be7df00c2941df1715a768c51ad8f5/element/f.5D121FC7909F200889B59C01A2F655FF.d.D52E2625454405620735BC10FEAC80C2.e.27885/click - {}
COMMAND: GET /session/85be7df00c2941df1715a768c51ad8f5/screenshot - {}
RESULT: {}
COMMAND: GET /session/85be7df00c2941df1715a768c51ad8f5/screenshot - {}
COMMAND: POST /session/85be7df00c2941df1715a768c51ad8f5/execute/async - {"script":"<script> [1562 bytes]","args":[{"selector":{"id":"application-manageresources-display-component---newResourceUnit--TYPE-arrow"},"wdio_ui5_key":"applicationmanageresources-display-component---newResourceUnit--TYPE-arrow"}]}
RESULT: {}
RESULT: {}
RESULT: {"script":"<script> [1562 bytes]","args":[{"selector":{"id":"application-manageresources-display-component---newResourceUnit--TYPE-arrow"},"wdio_ui5_key":"applicationmanageresources-display-component---newResourceUnit--TYPE-arrow"}]}
RESULT: undefined
COMMAND: POST /session/85be7df00c2941df1715a768c51ad8f5/element - {"using":"xpath","value":"//*[@id=\"application-manageresources-display-component---newResourceUnit--TYPE-arrow\"]"}
RESULT: {"using":"xpath","value":"//*[@id=\"application-manageresources-display-component---newResourceUnit--TYPE-arrow\"]"}
COMMAND: POST /session/85be7df00c2941df1715a768c51ad8f5/element/f.5D121FC7909F200889B59C01A2F655FF.d.D52E2625454405620735BC10FEAC80C2.e.28240/click - {}
RESULT: {}
COMMAND: POST /session/85be7df00c2941df1715a768c51ad8f5/element - {"using":"xpath","value":"//input[@id=\"application-manageresources-display-component---newResourceUnit--TYPE-inner\"]"}
COMMAND: GET /session/85be7df00c2941df1715a768c51ad8f5/screenshot - {}
RESULT: {"using":"xpath","value":"//input[@id=\"application-manageresources-display-component---newResourceUnit--TYPE-inner\"]"}
COMMAND: POST /session/85be7df00c2941df1715a768c51ad8f5/element/f.5D121FC7909F200889B59C01A2F655FF.d.D52E2625454405620735BC10FEAC80C2.e.28236/clear - {}
RESULT: {}
RESULT: {}
COMMAND: POST /session/85be7df00c2941df1715a768c51ad8f5/element/f.5D121FC7909F200889B59C01A2F655FF.d.D52E2625454405620735BC10FEAC80C2.e.28236/value - {"text":"Equipment"}
COMMAND: GET /session/85be7df00c2941df1715a768c51ad8f5/screenshot - {}
RESULT: {"text":"Equipment"}
COMMAND: GET /session/85be7df00c2941df1715a768c51ad8f5/screenshot - {}
RESULT: {}
RESULT: {}
COMMAND: POST /session/85be7df00c2941df1715a768c51ad8f5/actions - {"actions":[{"id":"action86","type":"key","parameters":{},"actions":[{"type":"keyDown","value":""},{"type":"pause","duration":10},{"type":"keyUp","value":""}]}]}
RESULT: {"actions":[{"id":"action86","type":"key","parameters":{},"actions":[{"type":"keyDown","value":""},{"type":"pause","duration":10},{"type":"keyUp","value":""}]}]}
COMMAND: POST /session/85be7df00c2941df1715a768c51ad8f5/execute/async - {"script":"<script> [1562 bytes]","args":[{"selector":{"id":"application-manageresources-display-component---newResourceUnit--resourceId","interaction":{"idSuffix":"inner"}},"wdio_ui5_key":"applicationmanageresources-display-component---newResourceUnit--resourceId"}]}
COMMAND: GET /session/85be7df00c2941df1715a768c51ad8f5/screenshot - {}
RESULT: {"script":"<script> [1562 bytes]","args":[{"selector":{"id":"application-manageresources-display-component---newResourceUnit--resourceId","interaction":{"idSuffix":"inner"}},"wdio_ui5_key":"applicationmanageresources-display-component---newResourceUnit--resourceId"}]}
RESULT: undefined
COMMAND: POST /session/85be7df00c2941df1715a768c51ad8f5/execute/async - {"script":"<script> [776 bytes]","args":[{"enterText":"yFaiXNuSBL","selector":{"id":"application-manageresources-display-component---newResourceUnit--resourceId","interaction":{"idSuffix":"inner"}},"clearTextFirst":true,"interactionType":"ENTER_TEXT"}]}
RESULT: {}
RESULT: {"script":"<script> [776 bytes]","args":[{"enterText":"yFaiXNuSBL","selector":{"id":"application-manageresources-display-component---newResourceUnit--resourceId","interaction":{"idSuffix":"inner"}},"clearTextFirst":true,"interactionType":"ENTER_TEXT"}]}
COMMAND: POST /session/85be7df00c2941df1715a768c51ad8f5/execute/async - {"script":"<script> [1562 bytes]","args":[{"selector":{"id":"application-manageresources-display-component---newResourceUnit--SHORT_TEXT","interaction":{"idSuffix":"inner"}},"wdio_ui5_key":"applicationmanageresources-display-component---newResourceUnit--SHORT_TEXT"}]}
RESULT: {"script":"<script> [1562 bytes]","args":[{"selector":{"id":"application-manageresources-display-component---newResourceUnit--SHORT_TEXT","interaction":{"idSuffix":"inner"}},"wdio_ui5_key":"applicationmanageresources-display-component---newResourceUnit--SHORT_TEXT"}]}
RESULT: undefined
COMMAND: POST /session/85be7df00c2941df1715a768c51ad8f5/execute/async - {"script":"<script> [776 bytes]","args":[{"enterText":"Intercompany Equipment WDIO","selector":{"id":"application-manageresources-display-component---newResourceUnit--SHORT_TEXT","interaction":{"idSuffix":"inner"}},"clearTextFirst":true,"interactionType":"ENTER_TEXT"}]}
RESULT: {"script":"<script> [776 bytes]","args":[{"enterText":"Intercompany Equipment WDIO","selector":{"id":"application-manageresources-display-component---newResourceUnit--SHORT_TEXT","interaction":{"idSuffix":"inner"}},"clearTextFirst":true,"interactionType":"ENTER_TEXT"}]}
COMMAND: POST /session/85be7df00c2941df1715a768c51ad8f5/execute/async - {"script":"<script> [1562 bytes]","args":[{"selector":{"id":"application-manageresources-display-component---newResourceUnit--BASE_UNIT_OF_MEASURE","interaction":{"idSuffix":"inner"}},"wdio_ui5_key":"applicationmanageresources-display-component---newResourceUnit--BASE_UNIT_OF_MEASURE"}]}
RESULT: {"script":"<script> [1562 bytes]","args":[{"selector":{"id":"application-manageresources-display-component---newResourceUnit--BASE_UNIT_OF_MEASURE","interaction":{"idSuffix":"inner"}},"wdio_ui5_key":"applicationmanageresources-display-component---newResourceUnit--BASE_UNIT_OF_MEASURE"}]}
RESULT: undefined
COMMAND: POST /session/85be7df00c2941df1715a768c51ad8f5/execute/async - {"script":"<script> [776 bytes]","args":[{"enterText":"Piece","selector":{"id":"application-manageresources-display-component---newResourceUnit--BASE_UNIT_OF_MEASURE","interaction":{"idSuffix":"inner"}},"clearTextFirst":true,"interactionType":"ENTER_TEXT"}]}
RESULT: {"script":"<script> [776 bytes]","args":[{"enterText":"Piece","selector":{"id":"application-manageresources-display-component---newResourceUnit--BASE_UNIT_OF_MEASURE","interaction":{"idSuffix":"inner"}},"clearTextFirst":true,"interactionType":"ENTER_TEXT"}]}
COMMAND: POST /session/85be7df00c2941df1715a768c51ad8f5/execute/async - {"script":"<script> [1562 bytes]","args":[{"selector":{"id":"application-manageresources-display-component---newResourceUnit--WEIGHT_UNIT","interaction":{"idSuffix":"inner"}},"wdio_ui5_key":"applicationmanageresources-display-component---newResourceUnit--WEIGHT_UNIT"}]}
RESULT: {"script":"<script> [1562 bytes]","args":[{"selector":{"id":"application-manageresources-display-component---newResourceUnit--WEIGHT_UNIT","interaction":{"idSuffix":"inner"}},"wdio_ui5_key":"applicationmanageresources-display-component---newResourceUnit--WEIGHT_UNIT"}]}
RESULT: undefined
COMMAND: POST /session/85be7df00c2941df1715a768c51ad8f5/execute/async - {"script":"<script> [776 bytes]","args":[{"enterText":"Gram","selector":{"id":"application-manageresources-display-component---newResourceUnit--WEIGHT_UNIT","interaction":{"idSuffix":"inner"}},"clearTextFirst":true,"interactionType":"ENTER_TEXT"}]}
RESULT: {"script":"<script> [776 bytes]","args":[{"enterText":"Gram","selector":{"id":"application-manageresources-display-component---newResourceUnit--WEIGHT_UNIT","interaction":{"idSuffix":"inner"}},"clearTextFirst":true,"interactionType":"ENTER_TEXT"}]}
COMMAND: POST /session/85be7df00c2941df1715a768c51ad8f5/execute/async - {"script":"<script> [1562 bytes]","args":[{"selector":{"id":"application-manageresources-display-component---newResourceUnit--DIMENSION_UNIT","interaction":{"idSuffix":"inner"}},"wdio_ui5_key":"applicationmanageresources-display-component---newResourceUnit--DIMENSION_UNIT"}]}
RESULT: {"script":"<script> [1562 bytes]","args":[{"selector":{"id":"application-manageresources-display-component---newResourceUnit--DIMENSION_UNIT","interaction":{"idSuffix":"inner"}},"wdio_ui5_key":"applicationmanageresources-display-component---newResourceUnit--DIMENSION_UNIT"}]}
RESULT: undefined
COMMAND: POST /session/85be7df00c2941df1715a768c51ad8f5/execute/async - {"script":"<script> [776 bytes]","args":[{"enterText":"Meter","selector":{"id":"application-manageresources-display-component---newResourceUnit--DIMENSION_UNIT","interaction":{"idSuffix":"inner"}},"clearTextFirst":true,"interactionType":"ENTER_TEXT"}]}
RESULT: {"script":"<script> [776 bytes]","args":[{"enterText":"Meter","selector":{"id":"application-manageresources-display-component---newResourceUnit--DIMENSION_UNIT","interaction":{"idSuffix":"inner"}},"clearTextFirst":true,"interactionType":"ENTER_TEXT"}]}
COMMAND: POST /session/85be7df00c2941df1715a768c51ad8f5/execute/async - {"script":"<script> [1562 bytes]","args":[{"selector":{"id":"application-manageresources-display-component---newResourceUnit--newRRUPage-anchBar-application-manageresources-display-component---newResourceUnit--control-anchor","interaction":{"idSuffix":"BDI-content"}},"wdio_ui5_key":"applicationmanageresources-display-component---newResourceUnit--newRRUPage-anchBar-application-manageresources-display-component---newResourceUnit--control-anchor"}]}
RESULT: {"script":"<script> [1562 bytes]","args":[{"selector":{"id":"application-manageresources-display-component---newResourceUnit--newRRUPage-anchBar-application-manageresources-display-component---newResourceUnit--control-anchor","interaction":{"idSuffix":"BDI-content"}},"wdio_ui5_key":"applicationmanageresources-display-component---newResourceUnit--newRRUPage-anchBar-application-manageresources-display-component---newResourceUnit--control-anchor"}]}
RESULT: undefined
COMMAND: POST /session/85be7df00c2941df1715a768c51ad8f5/element - {"using":"xpath","value":"//*[@id=\"application-manageresources-display-component---newResourceUnit--newRRUPage-anchBar-application-manageresources-display-component---newResourceUnit--control-anchor\"]"}
RESULT: {"using":"xpath","value":"//*[@id=\"application-manageresources-display-component---newResourceUnit--newRRUPage-anchBar-application-manageresources-display-component---newResourceUnit--control-anchor\"]"}
COMMAND: POST /session/85be7df00c2941df1715a768c51ad8f5/element/f.5D121FC7909F200889B59C01A2F655FF.d.D52E2625454405620735BC10FEAC80C2.e.28398/click - {}
RESULT: {}
COMMAND: POST /session/85be7df00c2941df1715a768c51ad8f5/execute/async - {"script":"<script> [1562 bytes]","args":[{"selector":{"id":"application-manageresources-display-component---newResourceUnit--PLANNING_GROUP","interaction":{"idSuffix":"inner"}},"wdio_ui5_key":"applicationmanageresources-display-component---newResourceUnit--PLANNING_GROUP"}]}
COMMAND: GET /session/85be7df00c2941df1715a768c51ad8f5/screenshot - {}
RESULT: {"script":"<script> [1562 bytes]","args":[{"selector":{"id":"application-manageresources-display-component---newResourceUnit--PLANNING_GROUP","interaction":{"idSuffix":"inner"}},"wdio_ui5_key":"applicationmanageresources-display-component---newResourceUnit--PLANNING_GROUP"}]}
RESULT: undefined
COMMAND: POST /session/85be7df00c2941df1715a768c51ad8f5/execute/async - {"script":"<script> [776 bytes]","args":[{"enterText":"Heavy Equi","selector":{"id":"application-manageresources-display-component---newResourceUnit--PLANNING_GROUP","interaction":{"idSuffix":"inner"}},"clearTextFirst":true,"interactionType":"ENTER_TEXT"}]}
RESULT: {}
RESULT: {"script":"<script> [776 bytes]","args":[{"enterText":"Heavy Equi","selector":{"id":"application-manageresources-display-component---newResourceUnit--PLANNING_GROUP","interaction":{"idSuffix":"inner"}},"clearTextFirst":true,"interactionType":"ENTER_TEXT"}]}
COMMAND: POST /session/85be7df00c2941df1715a768c51ad8f5/execute/async - {"script":"<script> [1562 bytes]","args":[{"selector":{"id":"application-manageresources-display-component---newResourceUnit--ITEM_TYPE-arrow"},"wdio_ui5_key":"applicationmanageresources-display-component---newResourceUnit--ITEM_TYPE-arrow"}]}
RESULT: {"script":"<script> [1562 bytes]","args":[{"selector":{"id":"application-manageresources-display-component---newResourceUnit--ITEM_TYPE-arrow"},"wdio_ui5_key":"applicationmanageresources-display-component---newResourceUnit--ITEM_TYPE-arrow"}]}
RESULT: undefined
COMMAND: POST /session/85be7df00c2941df1715a768c51ad8f5/element - {"using":"xpath","value":"//*[@id=\"application-manageresources-display-component---newResourceUnit--ITEM_TYPE-arrow\"]"}
RESULT: {"using":"xpath","value":"//*[@id=\"application-manageresources-display-component---newResourceUnit--ITEM_TYPE-arrow\"]"}
COMMAND: POST /session/85be7df00c2941df1715a768c51ad8f5/element/f.5D121FC7909F200889B59C01A2F655FF.d.D52E2625454405620735BC10FEAC80C2.e.28405/click - {}
RESULT: {}
COMMAND: POST /session/85be7df00c2941df1715a768c51ad8f5/element - {"using":"xpath","value":"(//span[contains(text(), \"Resource Unit\")])[2]"}
COMMAND: GET /session/85be7df00c2941df1715a768c51ad8f5/screenshot - {}
RESULT: {"using":"xpath","value":"(//span[contains(text(), \"Resource Unit\")])[2]"}
COMMAND: POST /session/85be7df00c2941df1715a768c51ad8f5/element/f.5D121FC7909F200889B59C01A2F655FF.d.D52E2625454405620735BC10FEAC80C2.e.28406/click - {}
RESULT: {}
RESULT: {}
COMMAND: GET /session/85be7df00c2941df1715a768c51ad8f5/screenshot - {}
RESULT: {}
COMMAND: POST /session/85be7df00c2941df1715a768c51ad8f5/element - {"using":"css selector","value":"#application-manageresources-display-component---newResourceUnit--btnAddTimeSegment"}
RESULT: {"using":"css selector","value":"#application-manageresources-display-component---newResourceUnit--btnAddTimeSegment"}
COMMAND: GET /session/85be7df00c2941df1715a768c51ad8f5/element/f.5D121FC7909F200889B59C01A2F655FF.d.D52E2625454405620735BC10FEAC80C2.e.28414/rect - {}
RESULT: {}
COMMAND: GET /session/85be7df00c2941df1715a768c51ad8f5/window/rect - {}
RESULT: {}
COMMAND: POST /session/85be7df00c2941df1715a768c51ad8f5/execute/sync - {"script":"<script> [92 bytes]","args":[]}
RESULT: {"script":"<script> [92 bytes]","args":[]}
COMMAND: POST /session/85be7df00c2941df1715a768c51ad8f5/actions - {"actions":[{"id":"action87","type":"wheel","parameters":{},"actions":[{"type":"scroll","x":-1888,"y":-32,"deltaX":0,"deltaY":0,"duration":0,"origin":{"element-6066-11e4-a52e-4f735466cecf":"f.5D121FC7909F200889B59C01A2F655FF.d.D52E2625454405620735BC10FEAC80C2.e.28414"}}]}]}
COMMAND: GET /session/85be7df00c2941df1715a768c51ad8f5/screenshot - {}
RESULT: {}
COMMAND: POST /session/85be7df00c2941df1715a768c51ad8f5/execute/sync - {"script":"<script> [79 bytes]","args":[{"element-6066-11e4-a52e-4f735466cecf":"f.5D121FC7909F200889B59C01A2F655FF.d.D52E2625454405620735BC10FEAC80C2.e.28414","ELEMENT":"f.5D121FC7909F200889B59C01A2F655FF.d.D52E2625454405620735BC10FEAC80C2.e.28414"},{"block":"start","inline":"nearest"}]}
RESULT: {"script":"<script> [79 bytes]","args":[{"element-6066-11e4-a52e-4f735466cecf":"f.5D121FC7909F200889B59C01A2F655FF.d.D52E2625454405620735BC10FEAC80C2.e.28414","ELEMENT":"f.5D121FC7909F200889B59C01A2F655FF.d.D52E2625454405620735BC10FEAC80C2.e.28414"},{"block":"start","inline":"nearest"}]}
COMMAND: POST /session/85be7df00c2941df1715a768c51ad8f5/execute/async - {"script":"<script> [1562 bytes]","args":[{"selector":{"id":"application-manageresources-display-component---newResourceUnit--btnAddTimeSegment","interaction":{"idSuffix":"inner"}},"wdio_ui5_key":"applicationmanageresources-display-component---newResourceUnit--btnAddTimeSegment"}]}
COMMAND: GET /session/85be7df00c2941df1715a768c51ad8f5/screenshot - {}
RESULT: {"script":"<script> [1562 bytes]","args":[{"selector":{"id":"application-manageresources-display-component---newResourceUnit--btnAddTimeSegment","interaction":{"idSuffix":"inner"}},"wdio_ui5_key":"applicationmanageresources-display-component---newResourceUnit--btnAddTimeSegment"}]}
RESULT: undefined
COMMAND: POST /session/85be7df00c2941df1715a768c51ad8f5/element - {"using":"xpath","value":"//*[@id=\"application-manageresources-display-component---newResourceUnit--btnAddTimeSegment\"]"}
RESULT: {}
RESULT: {"using":"xpath","value":"//*[@id=\"application-manageresources-display-component---newResourceUnit--btnAddTimeSegment\"]"}
COMMAND: POST /session/85be7df00c2941df1715a768c51ad8f5/element/f.5D121FC7909F200889B59C01A2F655FF.d.D52E2625454405620735BC10FEAC80C2.e.28414/click - {}
RESULT: {}
COMMAND: GET /session/85be7df00c2941df1715a768c51ad8f5/screenshot - {}
RESULT: {}
COMMAND: POST /session/85be7df00c2941df1715a768c51ad8f5/element - {"using":"xpath","value":"//input[@id=\"application-manageresources-display-component---newResourceUnit--idRuTSAdmin-application-manageresources-display-component---newResourceUnit--RUTimeSegment-0-inner\"]"}
RESULT: {"using":"xpath","value":"//input[@id=\"application-manageresources-display-component---newResourceUnit--idRuTSAdmin-application-manageresources-display-component---newResourceUnit--RUTimeSegment-0-inner\"]"}
COMMAND: POST /session/85be7df00c2941df1715a768c51ad8f5/element/f.5D121FC7909F200889B59C01A2F655FF.d.D52E2625454405620735BC10FEAC80C2.e.28420/clear - {}
RESULT: {}
COMMAND: POST /session/85be7df00c2941df1715a768c51ad8f5/element/f.5D121FC7909F200889B59C01A2F655FF.d.D52E2625454405620735BC10FEAC80C2.e.28420/value - {"text":"228"}
COMMAND: GET /session/85be7df00c2941df1715a768c51ad8f5/screenshot - {}
RESULT: {"text":"228"}
COMMAND: GET /session/85be7df00c2941df1715a768c51ad8f5/screenshot - {}
RESULT: {}
RESULT: {}
COMMAND: POST /session/85be7df00c2941df1715a768c51ad8f5/element - {"using":"xpath","value":"//li[.//span[text()='228']]"}
RESULT: {"using":"xpath","value":"//li[.//span[text()='228']]"}
COMMAND: POST /session/85be7df00c2941df1715a768c51ad8f5/element/f.5D121FC7909F200889B59C01A2F655FF.d.D52E2625454405620735BC10FEAC80C2.e.28432/click - {}
RESULT: {}
COMMAND: GET /session/85be7df00c2941df1715a768c51ad8f5/screenshot - {}
RESULT: {}
COMMAND: POST /session/85be7df00c2941df1715a768c51ad8f5/element - {"using":"xpath","value":"(//span[contains(@id, \"-application-manageresources-display-component---newResourceUnit--RUTimeSegment-0-arrow\")])[6]"}
RESULT: {"using":"xpath","value":"(//span[contains(@id, \"-application-manageresources-display-component---newResourceUnit--RUTimeSegment-0-arrow\")])[6]"}
COMMAND: POST /session/85be7df00c2941df1715a768c51ad8f5/element/f.5D121FC7909F200889B59C01A2F655FF.d.D52E2625454405620735BC10FEAC80C2.e.28433/click - {}
RESULT: {}
COMMAND: GET /session/85be7df00c2941df1715a768c51ad8f5/screenshot - {}
RESULT: {}
COMMAND: POST /session/85be7df00c2941df1715a768c51ad8f5/element - {"using":"xpath","value":"//span[contains(text(), \"PM Order\")]"}
RESULT: {"using":"xpath","value":"//span[contains(text(), \"PM Order\")]"}
COMMAND: POST /session/85be7df00c2941df1715a768c51ad8f5/element/f.5D121FC7909F200889B59C01A2F655FF.d.D52E2625454405620735BC10FEAC80C2.e.28436/click - {}
RESULT: {}
COMMAND: GET /session/85be7df00c2941df1715a768c51ad8f5/screenshot - {}
RESULT: {}
COMMAND: POST /session/85be7df00c2941df1715a768c51ad8f5/element - {"using":"xpath","value":"(//span[contains(@id ,\"manageresources-display-component---newResourceUnit--RUTimeSegment-0-vhi\")])[1]"}
RESULT: {"using":"xpath","value":"(//span[contains(@id ,\"manageresources-display-component---newResourceUnit--RUTimeSegment-0-vhi\")])[1]"}
COMMAND: GET /session/85be7df00c2941df1715a768c51ad8f5/element/f.5D121FC7909F200889B59C01A2F655FF.d.D52E2625454405620735BC10FEAC80C2.e.28440/rect - {}
RESULT: {}
COMMAND: GET /session/85be7df00c2941df1715a768c51ad8f5/window/rect - {}
RESULT: {}
COMMAND: POST /session/85be7df00c2941df1715a768c51ad8f5/execute/sync - {"script":"<script> [92 bytes]","args":[]}
RESULT: {"script":"<script> [92 bytes]","args":[]}
COMMAND: POST /session/85be7df00c2941df1715a768c51ad8f5/actions - {"actions":[{"id":"action88","type":"wheel","parameters":{},"actions":[{"type":"scroll","x":-869,"y":-24,"deltaX":0,"deltaY":0,"duration":0,"origin":{"element-6066-11e4-a52e-4f735466cecf":"f.5D121FC7909F200889B59C01A2F655FF.d.D52E2625454405620735BC10FEAC80C2.e.28440"}}]}]}
COMMAND: GET /session/85be7df00c2941df1715a768c51ad8f5/screenshot - {}
RESULT: {"actions":[{"id":"action88","type":"wheel","parameters":{},"actions":[{"type":"scroll","x":-869,"y":-24,"deltaX":0,"deltaY":0,"duration":0,"origin":{"element-6066-11e4-a52e-4f735466cecf":"f.5D121FC7909F200889B59C01A2F655FF.d.D52E2625454405620735BC10FEAC80C2.e.28440"}}]}]}
COMMAND: DELETE /session/85be7df00c2941df1715a768c51ad8f5/actions - {}
COMMAND: GET /session/85be7df00c2941df1715a768c51ad8f5/screenshot - {}
RESULT: {}
RESULT: {}
COMMAND: GET /session/85be7df00c2941df1715a768c51ad8f5/screenshot - {}
RESULT: {}
RESULT: {}
COMMAND: POST /session/85be7df00c2941df1715a768c51ad8f5/element/f.5D121FC7909F200889B59C01A2F655FF.d.D52E2625454405620735BC10FEAC80C2.e.28440/click - {}
RESULT: {}
COMMAND: GET /session/85be7df00c2941df1715a768c51ad8f5/screenshot - {}
RESULT: {}
RESULT: undefined
COMMAND: POST /session/85be7df00c2941df1715a768c51ad8f5/execute/async - {"script":"<script> [776 bytes]","args":[{"enterText":"4000360","selector":{"controlType":"sap.m.SearchField","properties":{"placeholder":"Search"},"searchOpenDialogs":true,"interaction":{"idSuffix":"I"}},"clearTextFirst":true,"interactionType":"ENTER_TEXT"}]}
RESULT: {"script":"<script> [776 bytes]","args":[{"enterText":"4000360","selector":{"controlType":"sap.m.SearchField","properties":{"placeholder":"Search"},"searchOpenDialogs":true,"interaction":{"idSuffix":"I"}},"clearTextFirst":true,"interactionType":"ENTER_TEXT"}]}
COMMAND: POST /session/85be7df00c2941df1715a768c51ad8f5/actions - {"actions":[{"id":"action89","type":"key","parameters":{},"actions":[{"type":"keyDown","value":""},{"type":"pause","duration":10},{"type":"keyUp","value":""}]}]}
RESULT: {"actions":[{"id":"action89","type":"key","parameters":{},"actions":[{"type":"keyDown","value":""},{"type":"pause","duration":10},{"type":"keyUp","value":""}]}]}
COMMAND: GET /session/85be7df00c2941df1715a768c51ad8f5/screenshot - {}
RESULT: {}
COMMAND: POST /session/85be7df00c2941df1715a768c51ad8f5/element - {"using":"xpath","value":"//td/div/span[contains(text(), \"BGL Vehicles\")]"}
RESULT: {"using":"xpath","value":"//td/div/span[contains(text(), \"BGL Vehicles\")]"}
COMMAND: POST /session/85be7df00c2941df1715a768c51ad8f5/element/f.5D121FC7909F200889B59C01A2F655FF.d.D52E2625454405620735BC10FEAC80C2.e.28460/click - {}
RESULT: {}
COMMAND: GET /session/85be7df00c2941df1715a768c51ad8f5/screenshot - {}
RESULT: {}
COMMAND: POST /session/85be7df00c2941df1715a768c51ad8f5/element - {"using":"xpath","value":"//bdi[contains(text(), \"OK\")]"}
RESULT: {"using":"xpath","value":"//bdi[contains(text(), \"OK\")]"}
COMMAND: POST /session/85be7df00c2941df1715a768c51ad8f5/element/f.5D121FC7909F200889B59C01A2F655FF.d.D52E2625454405620735BC10FEAC80C2.e.28461/click - {}
RESULT: {}
COMMAND: GET /session/85be7df00c2941df1715a768c51ad8f5/screenshot - {}
RESULT: {}
COMMAND: POST /session/85be7df00c2941df1715a768c51ad8f5/execute/async - {"script":"<script> [1562 bytes]","args":[{"selector":{"id":"application-manageresources-display-component---newResourceUnit--newRRUPage-anchBar-application-manageresources-display-component---newResourceUnit--resource-anchor","interaction":{"idSuffix":"BDI-content"}},"wdio_ui5_key":"applicationmanageresources-display-component---newResourceUnit--newRRUPage-anchBar-application-manageresources-display-component---newResourceUnit--resource-anchor"}]}
RESULT: {"script":"<script> [1562 bytes]","args":[{"selector":{"id":"application-manageresources-display-component---newResourceUnit--newRRUPage-anchBar-application-manageresources-display-component---newResourceUnit--resource-anchor","interaction":{"idSuffix":"BDI-content"}},"wdio_ui5_key":"applicationmanageresources-display-component---newResourceUnit--newRRUPage-anchBar-application-manageresources-display-component---newResourceUnit--resource-anchor"}]}
RESULT: undefined
COMMAND: POST /session/85be7df00c2941df1715a768c51ad8f5/element - {"using":"xpath","value":"//*[@id=\"application-manageresources-display-component---newResourceUnit--newRRUPage-anchBar-application-manageresources-display-component---newResourceUnit--resource-anchor\"]"}
RESULT: {"using":"xpath","value":"//*[@id=\"application-manageresources-display-component---newResourceUnit--newRRUPage-anchBar-application-manageresources-display-component---newResourceUnit--resource-anchor\"]"}
COMMAND: POST /session/85be7df00c2941df1715a768c51ad8f5/element/f.5D121FC7909F200889B59C01A2F655FF.d.D52E2625454405620735BC10FEAC80C2.e.28465/click - {}
RESULT: {}
COMMAND: POST /session/85be7df00c2941df1715a768c51ad8f5/execute/async - {"script":"<script> [1562 bytes]","args":[{"selector":{"id":"application-manageresources-display-component---newResourceUnit--PLANNED_DELIVERY_DATE","interaction":{"idSuffix":"inner"}},"wdio_ui5_key":"applicationmanageresources-display-component---newResourceUnit--PLANNED_DELIVERY_DATE"}]}
COMMAND: GET /session/85be7df00c2941df1715a768c51ad8f5/screenshot - {}
RESULT: {}
RESULT: {"script":"<script> [1562 bytes]","args":[{"selector":{"id":"application-manageresources-display-component---newResourceUnit--PLANNED_DELIVERY_DATE","interaction":{"idSuffix":"inner"}},"wdio_ui5_key":"applicationmanageresources-display-component---newResourceUnit--PLANNED_DELIVERY_DATE"}]}
RESULT: undefined
COMMAND: POST /session/85be7df00c2941df1715a768c51ad8f5/execute/async - {"script":"<script> [6424 bytes]","args":[{"element-6066-11e4-a52e-4f735466cecf":"f.5D121FC7909F200889B59C01A2F655FF.d.D52E2625454405620735BC10FEAC80C2.e.28296"},"setValue",["5/23/25"]]}
RESULT: {"script":"<script> [6424 bytes]","args":[{"element-6066-11e4-a52e-4f735466cecf":"f.5D121FC7909F200889B59C01A2F655FF.d.D52E2625454405620735BC10FEAC80C2.e.28296"},"setValue",["5/23/25"]]}
COMMAND: POST /session/85be7df00c2941df1715a768c51ad8f5/element - {"using":"xpath","value":"//label[contains(@class, 'sapMLabelRequired') and .//bdi[contains(text(), 'Planned Retirement')]]"}
RESULT: {"using":"xpath","value":"//label[contains(@class, 'sapMLabelRequired') and .//bdi[contains(text(), 'Planned Retirement')]]"}
COMMAND: POST /session/85be7df00c2941df1715a768c51ad8f5/elements - {"using":"xpath","value":"//label[contains(@class, 'sapMLabelRequired') and .//bdi[contains(text(), 'Planned Retirement')]]"}
RESULT: {"using":"xpath","value":"//label[contains(@class, 'sapMLabelRequired') and .//bdi[contains(text(), 'Planned Retirement')]]"}
COMMAND: POST /session/85be7df00c2941df1715a768c51ad8f5/element - {"using":"xpath","value":"//button[@data-kt=\"resourceUnitSaveButton\"]"}
RESULT: {"using":"xpath","value":"//button[@data-kt=\"resourceUnitSaveButton\"]"}
COMMAND: POST /session/85be7df00c2941df1715a768c51ad8f5/element/f.5D121FC7909F200889B59C01A2F655FF.d.D52E2625454405620735BC10FEAC80C2.e.28256/click - {}
RESULT: {}
COMMAND: GET /session/85be7df00c2941df1715a768c51ad8f5/screenshot - {}
RESULT: {}
COMMAND: POST /session/85be7df00c2941df1715a768c51ad8f5/element - {"using":"xpath","value":"//bdi[contains(text(), \"Close\")]"}
RESULT: {"using":"xpath","value":"//bdi[contains(text(), \"Close\")]"}
COMMAND: POST /session/85be7df00c2941df1715a768c51ad8f5/element/f.5D121FC7909F200889B59C01A2F655FF.d.D52E2625454405620735BC10FEAC80C2.e.28475/click - {}
RESULT: {}
COMMAND: GET /session/85be7df00c2941df1715a768c51ad8f5/screenshot - {}
RESULT: {}
COMMAND: POST /session/85be7df00c2941df1715a768c51ad8f5/element - {"using":"xpath","value":"(//button[contains(@id ,\"actionsToolbar-overflowButton\")])[1]"}
RESULT: {"using":"xpath","value":"(//button[contains(@id ,\"actionsToolbar-overflowButton\")])[1]"}
COMMAND: POST /session/85be7df00c2941df1715a768c51ad8f5/element/f.5D121FC7909F200889B59C01A2F655FF.d.D52E2625454405620735BC10FEAC80C2.e.28533/click - {}
RESULT: {}
COMMAND: GET /session/85be7df00c2941df1715a768c51ad8f5/screenshot - {}
RESULT: {}
COMMAND: POST /session/85be7df00c2941df1715a768c51ad8f5/element - {"using":"xpath","value":"//button[@data-kt=\"priceInfoButton\"]"}
RESULT: {"using":"xpath","value":"//button[@data-kt=\"priceInfoButton\"]"}
COMMAND: POST /session/85be7df00c2941df1715a768c51ad8f5/element/f.5D121FC7909F200889B59C01A2F655FF.d.D52E2625454405620735BC10FEAC80C2.e.28535/click - {}
RESULT: {}
COMMAND: GET /session/85be7df00c2941df1715a768c51ad8f5/screenshot - {}
RESULT: {}
COMMAND: POST /session/85be7df00c2941df1715a768c51ad8f5/element - {"using":"css selector","value":"#shell-header-logo"}
RESULT: {"using":"css selector","value":"#shell-header-logo"}
COMMAND: POST /session/85be7df00c2941df1715a768c51ad8f5/element/f.5D121FC7909F200889B59C01A2F655FF.d.D52E2625454405620735BC10FEAC80C2.e.27856/click - {}
RESULT: {}
COMMAND: GET /session/85be7df00c2941df1715a768c51ad8f5/screenshot - {}
RESULT: {}
]]></system-out>
    </testcase>
    <testcase classname="chrome.136_0_7103_93.windows.Transfer_Yard_to_Yard_US131076" name="Prereq Should create a new equipment multipart" time="128.006">
      <system-out><![CDATA[
RESULT: undefined
COMMAND: POST /session/85be7df00c2941df1715a768c51ad8f5/element - {"using":"xpath","value":"//*[@id=\"__tile31\"]"}
RESULT: {"using":"xpath","value":"//*[@id=\"__tile31\"]"}
COMMAND: POST /session/85be7df00c2941df1715a768c51ad8f5/element/f.5D121FC7909F200889B59C01A2F655FF.d.D52E2625454405620735BC10FEAC80C2.e.27178/click - {}
RESULT: {}
COMMAND: GET /session/85be7df00c2941df1715a768c51ad8f5/screenshot - {}
RESULT: {}
COMMAND: POST /session/85be7df00c2941df1715a768c51ad8f5/elements - {"using":"xpath","value":"//span[text()='Error']"}
RESULT: {"using":"xpath","value":"//span[text()='Error']"}
COMMAND: POST /session/85be7df00c2941df1715a768c51ad8f5/element - {"using":"xpath","value":"//button[@data-kt=\"addNewRUOverflowToolbarButton\"]"}
RESULT: {"using":"xpath","value":"//button[@data-kt=\"addNewRUOverflowToolbarButton\"]"}
COMMAND: POST /session/85be7df00c2941df1715a768c51ad8f5/elements - {"using":"xpath","value":"//button[@data-kt=\"addNewRUOverflowToolbarButton\"]"}
RESULT: {"using":"xpath","value":"//button[@data-kt=\"addNewRUOverflowToolbarButton\"]"}
COMMAND: POST /session/85be7df00c2941df1715a768c51ad8f5/execute/sync - {"script":"<script> [8489 bytes]","args":[{"element-6066-11e4-a52e-4f735466cecf":"f.5D121FC7909F200889B59C01A2F655FF.d.D52E2625454405620735BC10FEAC80C2.e.28580","ELEMENT":"f.5D121FC7909F200889B59C01A2F655FF.d.D52E2625454405620735BC10FEAC80C2.e.28580"}]}
RESULT: {"script":"<script> [8489 bytes]","args":[{"element-6066-11e4-a52e-4f735466cecf":"f.5D121FC7909F200889B59C01A2F655FF.d.D52E2625454405620735BC10FEAC80C2.e.28580","ELEMENT":"f.5D121FC7909F200889B59C01A2F655FF.d.D52E2625454405620735BC10FEAC80C2.e.28580"}]}
COMMAND: GET /session/85be7df00c2941df1715a768c51ad8f5/element/f.5D121FC7909F200889B59C01A2F655FF.d.D52E2625454405620735BC10FEAC80C2.e.28580/enabled - {}
COMMAND: GET /session/85be7df00c2941df1715a768c51ad8f5/screenshot - {}
RESULT: {}
COMMAND: POST /session/85be7df00c2941df1715a768c51ad8f5/execute/sync - {"script":"<script> [8489 bytes]","args":[{"element-6066-11e4-a52e-4f735466cecf":"f.5D121FC7909F200889B59C01A2F655FF.d.D52E2625454405620735BC10FEAC80C2.e.28580","ELEMENT":"f.5D121FC7909F200889B59C01A2F655FF.d.D52E2625454405620735BC10FEAC80C2.e.28580"}]}
COMMAND: GET /session/85be7df00c2941df1715a768c51ad8f5/screenshot - {}
RESULT: {}
RESULT: {"script":"<script> [8489 bytes]","args":[{"element-6066-11e4-a52e-4f735466cecf":"f.5D121FC7909F200889B59C01A2F655FF.d.D52E2625454405620735BC10FEAC80C2.e.28580","ELEMENT":"f.5D121FC7909F200889B59C01A2F655FF.d.D52E2625454405620735BC10FEAC80C2.e.28580"}]}
COMMAND: POST /session/85be7df00c2941df1715a768c51ad8f5/execute/sync - {"script":"<script> [5351 bytes]","args":[{"element-6066-11e4-a52e-4f735466cecf":"f.5D121FC7909F200889B59C01A2F655FF.d.D52E2625454405620735BC10FEAC80C2.e.28580","ELEMENT":"f.5D121FC7909F200889B59C01A2F655FF.d.D52E2625454405620735BC10FEAC80C2.e.28580"}]}
COMMAND: GET /session/85be7df00c2941df1715a768c51ad8f5/screenshot - {}
RESULT: {}
RESULT: {"script":"<script> [5351 bytes]","args":[{"element-6066-11e4-a52e-4f735466cecf":"f.5D121FC7909F200889B59C01A2F655FF.d.D52E2625454405620735BC10FEAC80C2.e.28580","ELEMENT":"f.5D121FC7909F200889B59C01A2F655FF.d.D52E2625454405620735BC10FEAC80C2.e.28580"}]}
COMMAND: POST /session/85be7df00c2941df1715a768c51ad8f5/element/f.5D121FC7909F200889B59C01A2F655FF.d.D52E2625454405620735BC10FEAC80C2.e.28580/click - {}
COMMAND: GET /session/85be7df00c2941df1715a768c51ad8f5/screenshot - {}
RESULT: {}
RESULT: {}
COMMAND: GET /session/85be7df00c2941df1715a768c51ad8f5/screenshot - {}
RESULT: undefined
COMMAND: POST /session/85be7df00c2941df1715a768c51ad8f5/element - {"using":"xpath","value":"//*[@id=\"application-manageresources-display-component---newResourceUnit--TYPE-arrow\"]"}
RESULT: {}
RESULT: {}
RESULT: {"using":"xpath","value":"//*[@id=\"application-manageresources-display-component---newResourceUnit--TYPE-arrow\"]"}
COMMAND: POST /session/85be7df00c2941df1715a768c51ad8f5/element/f.5D121FC7909F200889B59C01A2F655FF.d.D52E2625454405620735BC10FEAC80C2.e.28927/click - {}
RESULT: {}
COMMAND: POST /session/85be7df00c2941df1715a768c51ad8f5/element - {"using":"xpath","value":"//input[@id=\"application-manageresources-display-component---newResourceUnit--TYPE-inner\"]"}
COMMAND: GET /session/85be7df00c2941df1715a768c51ad8f5/screenshot - {}
RESULT: {"using":"xpath","value":"//input[@id=\"application-manageresources-display-component---newResourceUnit--TYPE-inner\"]"}
COMMAND: POST /session/85be7df00c2941df1715a768c51ad8f5/element/f.5D121FC7909F200889B59C01A2F655FF.d.D52E2625454405620735BC10FEAC80C2.e.28923/clear - {}
RESULT: {}
RESULT: {}
COMMAND: POST /session/85be7df00c2941df1715a768c51ad8f5/element/f.5D121FC7909F200889B59C01A2F655FF.d.D52E2625454405620735BC10FEAC80C2.e.28923/value - {"text":"Equi Multipart"}
COMMAND: GET /session/85be7df00c2941df1715a768c51ad8f5/screenshot - {}
RESULT: {"text":"Equi Multipart"}
COMMAND: GET /session/85be7df00c2941df1715a768c51ad8f5/screenshot - {}
RESULT: {}
RESULT: {}
COMMAND: POST /session/85be7df00c2941df1715a768c51ad8f5/actions - {"actions":[{"id":"action90","type":"key","parameters":{},"actions":[{"type":"keyDown","value":""},{"type":"pause","duration":10},{"type":"keyUp","value":""}]}]}
RESULT: {"actions":[{"id":"action90","type":"key","parameters":{},"actions":[{"type":"keyDown","value":""},{"type":"pause","duration":10},{"type":"keyUp","value":""}]}]}
RESULT: undefined
COMMAND: POST /session/85be7df00c2941df1715a768c51ad8f5/execute/async - {"script":"<script> [776 bytes]","args":[{"enterText":"Equipment Multipart WDIO","selector":{"id":"application-manageresources-display-component---newResourceUnit--SHORT_TEXT","interaction":{"idSuffix":"inner"}},"clearTextFirst":true,"interactionType":"ENTER_TEXT"}]}
COMMAND: GET /session/85be7df00c2941df1715a768c51ad8f5/screenshot - {}
RESULT: {"script":"<script> [776 bytes]","args":[{"enterText":"Equipment Multipart WDIO","selector":{"id":"application-manageresources-display-component---newResourceUnit--SHORT_TEXT","interaction":{"idSuffix":"inner"}},"clearTextFirst":true,"interactionType":"ENTER_TEXT"}]}
RESULT: undefined
COMMAND: POST /session/85be7df00c2941df1715a768c51ad8f5/execute/async - {"script":"<script> [776 bytes]","args":[{"enterText":"Piece","selector":{"id":"application-manageresources-display-component---newResourceUnit--BASE_UNIT_OF_MEASURE","interaction":{"idSuffix":"inner"}},"clearTextFirst":true,"interactionType":"ENTER_TEXT"}]}
RESULT: {}
RESULT: {"script":"<script> [776 bytes]","args":[{"enterText":"Piece","selector":{"id":"application-manageresources-display-component---newResourceUnit--BASE_UNIT_OF_MEASURE","interaction":{"idSuffix":"inner"}},"clearTextFirst":true,"interactionType":"ENTER_TEXT"}]}
RESULT: undefined
COMMAND: POST /session/85be7df00c2941df1715a768c51ad8f5/execute/async - {"script":"<script> [776 bytes]","args":[{"enterText":"Gram","selector":{"id":"application-manageresources-display-component---newResourceUnit--WEIGHT_UNIT","interaction":{"idSuffix":"inner"}},"clearTextFirst":true,"interactionType":"ENTER_TEXT"}]}
RESULT: {"script":"<script> [776 bytes]","args":[{"enterText":"Gram","selector":{"id":"application-manageresources-display-component---newResourceUnit--WEIGHT_UNIT","interaction":{"idSuffix":"inner"}},"clearTextFirst":true,"interactionType":"ENTER_TEXT"}]}
RESULT: undefined
COMMAND: POST /session/85be7df00c2941df1715a768c51ad8f5/execute/async - {"script":"<script> [776 bytes]","args":[{"enterText":"Meter","selector":{"id":"application-manageresources-display-component---newResourceUnit--DIMENSION_UNIT","interaction":{"idSuffix":"inner"}},"clearTextFirst":true,"interactionType":"ENTER_TEXT"}]}
RESULT: {"script":"<script> [776 bytes]","args":[{"enterText":"Meter","selector":{"id":"application-manageresources-display-component---newResourceUnit--DIMENSION_UNIT","interaction":{"idSuffix":"inner"}},"clearTextFirst":true,"interactionType":"ENTER_TEXT"}]}
RESULT: undefined
COMMAND: POST /session/85be7df00c2941df1715a768c51ad8f5/element - {"using":"xpath","value":"//*[@id=\"application-manageresources-display-component---newResourceUnit--newRRUPage-anchBar-application-manageresources-display-component---newResourceUnit--control-anchor\"]"}
RESULT: {"using":"xpath","value":"//*[@id=\"application-manageresources-display-component---newResourceUnit--newRRUPage-anchBar-application-manageresources-display-component---newResourceUnit--control-anchor\"]"}
COMMAND: POST /session/85be7df00c2941df1715a768c51ad8f5/element/f.5D121FC7909F200889B59C01A2F655FF.d.D52E2625454405620735BC10FEAC80C2.e.29056/click - {}
RESULT: {}
RESULT: undefined
COMMAND: POST /session/85be7df00c2941df1715a768c51ad8f5/execute/async - {"script":"<script> [776 bytes]","args":[{"enterText":"Heavy Equi","selector":{"id":"application-manageresources-display-component---newResourceUnit--PLANNING_GROUP","interaction":{"idSuffix":"inner"}},"clearTextFirst":true,"interactionType":"ENTER_TEXT"}]}
COMMAND: GET /session/85be7df00c2941df1715a768c51ad8f5/screenshot - {}
RESULT: {"script":"<script> [776 bytes]","args":[{"enterText":"Heavy Equi","selector":{"id":"application-manageresources-display-component---newResourceUnit--PLANNING_GROUP","interaction":{"idSuffix":"inner"}},"clearTextFirst":true,"interactionType":"ENTER_TEXT"}]}
RESULT: {}
COMMAND: POST /session/85be7df00c2941df1715a768c51ad8f5/execute/async - {"script":"<script> [1562 bytes]","args":[{"selector":{"id":"application-manageresources-display-component---newResourceUnit--PLANNING_INDICATOR","interaction":{"idSuffix":"inner"}},"wdio_ui5_key":"applicationmanageresources-display-component---newResourceUnit--PLANNING_INDICATOR"}]}
RESULT: {"script":"<script> [1562 bytes]","args":[{"selector":{"id":"application-manageresources-display-component---newResourceUnit--PLANNING_INDICATOR","interaction":{"idSuffix":"inner"}},"wdio_ui5_key":"applicationmanageresources-display-component---newResourceUnit--PLANNING_INDICATOR"}]}
RESULT: undefined
COMMAND: POST /session/85be7df00c2941df1715a768c51ad8f5/execute/async - {"script":"<script> [776 bytes]","args":[{"enterText":"10 - infinite","selector":{"id":"application-manageresources-display-component---newResourceUnit--PLANNING_INDICATOR","interaction":{"idSuffix":"inner"}},"clearTextFirst":true,"interactionType":"ENTER_TEXT"}]}
RESULT: {"script":"<script> [776 bytes]","args":[{"enterText":"10 - infinite","selector":{"id":"application-manageresources-display-component---newResourceUnit--PLANNING_INDICATOR","interaction":{"idSuffix":"inner"}},"clearTextFirst":true,"interactionType":"ENTER_TEXT"}]}
RESULT: undefined
COMMAND: POST /session/85be7df00c2941df1715a768c51ad8f5/element - {"using":"xpath","value":"//*[@id=\"application-manageresources-display-component---newResourceUnit--ITEM_TYPE-arrow\"]"}
RESULT: {"using":"xpath","value":"//*[@id=\"application-manageresources-display-component---newResourceUnit--ITEM_TYPE-arrow\"]"}
COMMAND: POST /session/85be7df00c2941df1715a768c51ad8f5/element/f.5D121FC7909F200889B59C01A2F655FF.d.D52E2625454405620735BC10FEAC80C2.e.29064/click - {}
RESULT: {}
COMMAND: GET /session/85be7df00c2941df1715a768c51ad8f5/screenshot - {}
RESULT: {}
COMMAND: POST /session/85be7df00c2941df1715a768c51ad8f5/execute/async - {"script":"<script> [1562 bytes]","args":[{"selector":{"controlType":"sap.m.StandardListItem","viewName":"reusables.view.manageresources.NewResourceUnit","viewId":"application-manageresources-display-component---newResourceUnit","properties":{"title":"Pool Equipment"},"searchOpenDialogs":true,"interaction":{"idSuffix":"content"}},"wdio_ui5_key":"reusablesview.manageresources.NewResourceUnitsap.m.StandardListItem{\"title\":\"Pool Equipment\"}"}]}
RESULT: {"script":"<script> [1562 bytes]","args":[{"selector":{"controlType":"sap.m.StandardListItem","viewName":"reusables.view.manageresources.NewResourceUnit","viewId":"application-manageresources-display-component---newResourceUnit","properties":{"title":"Pool Equipment"},"searchOpenDialogs":true,"interaction":{"idSuffix":"content"}},"wdio_ui5_key":"reusablesview.manageresources.NewResourceUnitsap.m.StandardListItem{\"title\":\"Pool Equipment\"}"}]}
RESULT: undefined
COMMAND: POST /session/85be7df00c2941df1715a768c51ad8f5/element - {"using":"xpath","value":"//*[@id=\"__item1067\"]"}
RESULT: {"using":"xpath","value":"//*[@id=\"__item1067\"]"}
COMMAND: POST /session/85be7df00c2941df1715a768c51ad8f5/element/f.5D121FC7909F200889B59C01A2F655FF.d.D52E2625454405620735BC10FEAC80C2.e.29066/click - {}
RESULT: {}
COMMAND: GET /session/85be7df00c2941df1715a768c51ad8f5/screenshot - {}
RESULT: {}
COMMAND: POST /session/85be7df00c2941df1715a768c51ad8f5/element - {"using":"css selector","value":"#application-manageresources-display-component---newResourceUnit--btnAddTimeSegment"}
RESULT: {"using":"css selector","value":"#application-manageresources-display-component---newResourceUnit--btnAddTimeSegment"}
COMMAND: GET /session/85be7df00c2941df1715a768c51ad8f5/element/f.5D121FC7909F200889B59C01A2F655FF.d.D52E2625454405620735BC10FEAC80C2.e.29128/rect - {}
RESULT: {}
COMMAND: GET /session/85be7df00c2941df1715a768c51ad8f5/window/rect - {}
RESULT: {}
COMMAND: POST /session/85be7df00c2941df1715a768c51ad8f5/execute/sync - {"script":"<script> [92 bytes]","args":[]}
RESULT: {"script":"<script> [92 bytes]","args":[]}
COMMAND: POST /session/85be7df00c2941df1715a768c51ad8f5/actions - {"actions":[{"id":"action91","type":"wheel","parameters":{},"actions":[{"type":"scroll","x":-1888,"y":-32,"deltaX":0,"deltaY":0,"duration":0,"origin":{"element-6066-11e4-a52e-4f735466cecf":"f.5D121FC7909F200889B59C01A2F655FF.d.D52E2625454405620735BC10FEAC80C2.e.29128"}}]}]}
COMMAND: GET /session/85be7df00c2941df1715a768c51ad8f5/screenshot - {}
RESULT: {}
COMMAND: POST /session/85be7df00c2941df1715a768c51ad8f5/execute/sync - {"script":"<script> [79 bytes]","args":[{"element-6066-11e4-a52e-4f735466cecf":"f.5D121FC7909F200889B59C01A2F655FF.d.D52E2625454405620735BC10FEAC80C2.e.29128","ELEMENT":"f.5D121FC7909F200889B59C01A2F655FF.d.D52E2625454405620735BC10FEAC80C2.e.29128"},{"block":"start","inline":"nearest"}]}
RESULT: {"script":"<script> [79 bytes]","args":[{"element-6066-11e4-a52e-4f735466cecf":"f.5D121FC7909F200889B59C01A2F655FF.d.D52E2625454405620735BC10FEAC80C2.e.29128","ELEMENT":"f.5D121FC7909F200889B59C01A2F655FF.d.D52E2625454405620735BC10FEAC80C2.e.29128"},{"block":"start","inline":"nearest"}]}
RESULT: undefined
COMMAND: POST /session/85be7df00c2941df1715a768c51ad8f5/element - {"using":"xpath","value":"//*[@id=\"application-manageresources-display-component---newResourceUnit--btnAddTimeSegment\"]"}
COMMAND: GET /session/85be7df00c2941df1715a768c51ad8f5/screenshot - {}
RESULT: {"using":"xpath","value":"//*[@id=\"application-manageresources-display-component---newResourceUnit--btnAddTimeSegment\"]"}
COMMAND: POST /session/85be7df00c2941df1715a768c51ad8f5/element/f.5D121FC7909F200889B59C01A2F655FF.d.D52E2625454405620735BC10FEAC80C2.e.29128/click - {}
RESULT: {}
RESULT: {}
COMMAND: GET /session/85be7df00c2941df1715a768c51ad8f5/screenshot - {}
RESULT: {}
COMMAND: POST /session/85be7df00c2941df1715a768c51ad8f5/element - {"using":"xpath","value":"//input[@id=\"application-manageresources-display-component---newResourceUnit--idRuTSAdmin-application-manageresources-display-component---newResourceUnit--RUTimeSegment-0-inner\"]"}
RESULT: {"using":"xpath","value":"//input[@id=\"application-manageresources-display-component---newResourceUnit--idRuTSAdmin-application-manageresources-display-component---newResourceUnit--RUTimeSegment-0-inner\"]"}
COMMAND: POST /session/85be7df00c2941df1715a768c51ad8f5/element/f.5D121FC7909F200889B59C01A2F655FF.d.D52E2625454405620735BC10FEAC80C2.e.29133/clear - {}
RESULT: {}
COMMAND: POST /session/85be7df00c2941df1715a768c51ad8f5/element/f.5D121FC7909F200889B59C01A2F655FF.d.D52E2625454405620735BC10FEAC80C2.e.29133/value - {"text":"228"}
COMMAND: GET /session/85be7df00c2941df1715a768c51ad8f5/screenshot - {}
RESULT: {"text":"228"}
COMMAND: GET /session/85be7df00c2941df1715a768c51ad8f5/screenshot - {}
RESULT: {}
RESULT: {}
COMMAND: POST /session/85be7df00c2941df1715a768c51ad8f5/element - {"using":"xpath","value":"//li[.//span[text()='228']]"}
RESULT: {"using":"xpath","value":"//li[.//span[text()='228']]"}
COMMAND: POST /session/85be7df00c2941df1715a768c51ad8f5/element/f.5D121FC7909F200889B59C01A2F655FF.d.D52E2625454405620735BC10FEAC80C2.e.29146/click - {}
RESULT: {}
COMMAND: GET /session/85be7df00c2941df1715a768c51ad8f5/screenshot - {}
RESULT: {}
COMMAND: POST /session/85be7df00c2941df1715a768c51ad8f5/element - {"using":"xpath","value":"(//span[contains(@id, \"-application-manageresources-display-component---newResourceUnit--RUTimeSegment-0-arrow\")])[5]"}
RESULT: {"using":"xpath","value":"(//span[contains(@id, \"-application-manageresources-display-component---newResourceUnit--RUTimeSegment-0-arrow\")])[5]"}
COMMAND: POST /session/85be7df00c2941df1715a768c51ad8f5/element/f.5D121FC7909F200889B59C01A2F655FF.d.D52E2625454405620735BC10FEAC80C2.e.29147/click - {}
RESULT: {}
COMMAND: GET /session/85be7df00c2941df1715a768c51ad8f5/screenshot - {}
RESULT: {}
COMMAND: POST /session/85be7df00c2941df1715a768c51ad8f5/element - {"using":"xpath","value":"//span[contains(text(), \"PM Order\")]"}
RESULT: {"using":"xpath","value":"//span[contains(text(), \"PM Order\")]"}
COMMAND: POST /session/85be7df00c2941df1715a768c51ad8f5/element/f.5D121FC7909F200889B59C01A2F655FF.d.D52E2625454405620735BC10FEAC80C2.e.29148/click - {}
RESULT: {}
COMMAND: GET /session/85be7df00c2941df1715a768c51ad8f5/screenshot - {}
RESULT: {}
COMMAND: POST /session/85be7df00c2941df1715a768c51ad8f5/element - {"using":"xpath","value":"(//span[contains(@id ,\"manageresources-display-component---newResourceUnit--RUTimeSegment-0-vhi\")])[1]"}
RESULT: {"using":"xpath","value":"(//span[contains(@id ,\"manageresources-display-component---newResourceUnit--RUTimeSegment-0-vhi\")])[1]"}
COMMAND: GET /session/85be7df00c2941df1715a768c51ad8f5/element/f.5D121FC7909F200889B59C01A2F655FF.d.D52E2625454405620735BC10FEAC80C2.e.29152/rect - {}
RESULT: {}
COMMAND: GET /session/85be7df00c2941df1715a768c51ad8f5/window/rect - {}
RESULT: {}
COMMAND: POST /session/85be7df00c2941df1715a768c51ad8f5/execute/sync - {"script":"<script> [92 bytes]","args":[]}
RESULT: {"script":"<script> [92 bytes]","args":[]}
COMMAND: POST /session/85be7df00c2941df1715a768c51ad8f5/actions - {"actions":[{"id":"action92","type":"wheel","parameters":{},"actions":[{"type":"scroll","x":-1888,"y":-24,"deltaX":0,"deltaY":0,"duration":0,"origin":{"element-6066-11e4-a52e-4f735466cecf":"f.5D121FC7909F200889B59C01A2F655FF.d.D52E2625454405620735BC10FEAC80C2.e.29152"}}]}]}
COMMAND: GET /session/85be7df00c2941df1715a768c51ad8f5/screenshot - {}
RESULT: {}
COMMAND: POST /session/85be7df00c2941df1715a768c51ad8f5/execute/sync - {"script":"<script> [79 bytes]","args":[{"element-6066-11e4-a52e-4f735466cecf":"f.5D121FC7909F200889B59C01A2F655FF.d.D52E2625454405620735BC10FEAC80C2.e.29152","ELEMENT":"f.5D121FC7909F200889B59C01A2F655FF.d.D52E2625454405620735BC10FEAC80C2.e.29152"},{"block":"start","inline":"nearest"}]}
RESULT: {"script":"<script> [79 bytes]","args":[{"element-6066-11e4-a52e-4f735466cecf":"f.5D121FC7909F200889B59C01A2F655FF.d.D52E2625454405620735BC10FEAC80C2.e.29152","ELEMENT":"f.5D121FC7909F200889B59C01A2F655FF.d.D52E2625454405620735BC10FEAC80C2.e.29152"},{"block":"start","inline":"nearest"}]}
COMMAND: GET /session/85be7df00c2941df1715a768c51ad8f5/screenshot - {}
RESULT: {}
COMMAND: POST /session/85be7df00c2941df1715a768c51ad8f5/element/f.5D121FC7909F200889B59C01A2F655FF.d.D52E2625454405620735BC10FEAC80C2.e.29152/click - {}
RESULT: {}
COMMAND: GET /session/85be7df00c2941df1715a768c51ad8f5/screenshot - {}
RESULT: {}
RESULT: undefined
COMMAND: POST /session/85be7df00c2941df1715a768c51ad8f5/execute/async - {"script":"<script> [776 bytes]","args":[{"enterText":"4000360","selector":{"controlType":"sap.m.SearchField","properties":{"placeholder":"Search"},"searchOpenDialogs":true,"interaction":{"idSuffix":"I"}},"clearTextFirst":true,"interactionType":"ENTER_TEXT"}]}
RESULT: {"script":"<script> [776 bytes]","args":[{"enterText":"4000360","selector":{"controlType":"sap.m.SearchField","properties":{"placeholder":"Search"},"searchOpenDialogs":true,"interaction":{"idSuffix":"I"}},"clearTextFirst":true,"interactionType":"ENTER_TEXT"}]}
COMMAND: POST /session/85be7df00c2941df1715a768c51ad8f5/actions - {"actions":[{"id":"action93","type":"key","parameters":{},"actions":[{"type":"keyDown","value":""},{"type":"pause","duration":10},{"type":"keyUp","value":""}]}]}
RESULT: {"actions":[{"id":"action93","type":"key","parameters":{},"actions":[{"type":"keyDown","value":""},{"type":"pause","duration":10},{"type":"keyUp","value":""}]}]}
COMMAND: GET /session/85be7df00c2941df1715a768c51ad8f5/screenshot - {}
RESULT: {}
COMMAND: POST /session/85be7df00c2941df1715a768c51ad8f5/element - {"using":"xpath","value":"//td/div/span[contains(text(), \"BGL Vehicles\")]"}
RESULT: {"using":"xpath","value":"//td/div/span[contains(text(), \"BGL Vehicles\")]"}
COMMAND: POST /session/85be7df00c2941df1715a768c51ad8f5/element/f.5D121FC7909F200889B59C01A2F655FF.d.D52E2625454405620735BC10FEAC80C2.e.29161/click - {}
RESULT: {}
COMMAND: GET /session/85be7df00c2941df1715a768c51ad8f5/screenshot - {}
RESULT: {}
COMMAND: POST /session/85be7df00c2941df1715a768c51ad8f5/element - {"using":"xpath","value":"//bdi[contains(text(), \"OK\")]"}
RESULT: {"using":"xpath","value":"//bdi[contains(text(), \"OK\")]"}
COMMAND: POST /session/85be7df00c2941df1715a768c51ad8f5/element/f.5D121FC7909F200889B59C01A2F655FF.d.D52E2625454405620735BC10FEAC80C2.e.29163/click - {}
RESULT: {}
COMMAND: GET /session/85be7df00c2941df1715a768c51ad8f5/screenshot - {}
RESULT: {}
COMMAND: POST /session/85be7df00c2941df1715a768c51ad8f5/element - {"using":"xpath","value":"//label[contains(@class, 'sapMLabelRequired') and .//bdi[contains(text(), 'Planned Retirement')]]"}
RESULT: {"using":"xpath","value":"//label[contains(@class, 'sapMLabelRequired') and .//bdi[contains(text(), 'Planned Retirement')]]"}
COMMAND: POST /session/85be7df00c2941df1715a768c51ad8f5/elements - {"using":"xpath","value":"//label[contains(@class, 'sapMLabelRequired') and .//bdi[contains(text(), 'Planned Retirement')]]"}
RESULT: {"using":"xpath","value":"//label[contains(@class, 'sapMLabelRequired') and .//bdi[contains(text(), 'Planned Retirement')]]"}
COMMAND: POST /session/85be7df00c2941df1715a768c51ad8f5/element - {"using":"xpath","value":"//button[@data-kt=\"resourceUnitSaveButton\"]"}
RESULT: {"using":"xpath","value":"//button[@data-kt=\"resourceUnitSaveButton\"]"}
COMMAND: POST /session/85be7df00c2941df1715a768c51ad8f5/element/f.5D121FC7909F200889B59C01A2F655FF.d.D52E2625454405620735BC10FEAC80C2.e.28944/click - {}
RESULT: {}
COMMAND: GET /session/85be7df00c2941df1715a768c51ad8f5/screenshot - {}
RESULT: {}
COMMAND: POST /session/85be7df00c2941df1715a768c51ad8f5/element - {"using":"xpath","value":"//bdi[contains(text(), \"Close\")]"}
RESULT: {"using":"xpath","value":"//bdi[contains(text(), \"Close\")]"}
COMMAND: POST /session/85be7df00c2941df1715a768c51ad8f5/element/f.5D121FC7909F200889B59C01A2F655FF.d.D52E2625454405620735BC10FEAC80C2.e.29170/click - {}
RESULT: {}
COMMAND: GET /session/85be7df00c2941df1715a768c51ad8f5/screenshot - {}
RESULT: {}
COMMAND: POST /session/85be7df00c2941df1715a768c51ad8f5/element - {"using":"xpath","value":"//header[contains(@id, 'detailRruPage-headerTitle')]/div[1]/div[2]/div[2]/span[1]"}
RESULT: {"using":"xpath","value":"//header[contains(@id, 'detailRruPage-headerTitle')]/div[1]/div[2]/div[2]/span[1]"}
COMMAND: POST /session/85be7df00c2941df1715a768c51ad8f5/elements - {"using":"xpath","value":"//header[contains(@id, 'detailRruPage-headerTitle')]/div[1]/div[2]/div[2]/span[1]"}
RESULT: {"using":"xpath","value":"//header[contains(@id, 'detailRruPage-headerTitle')]/div[1]/div[2]/div[2]/span[1]"}
COMMAND: POST /session/85be7df00c2941df1715a768c51ad8f5/execute/sync - {"script":"<script> [56 bytes]","args":[{"element-6066-11e4-a52e-4f735466cecf":"f.5D121FC7909F200889B59C01A2F655FF.d.D52E2625454405620735BC10FEAC80C2.e.29202","ELEMENT":"f.5D121FC7909F200889B59C01A2F655FF.d.D52E2625454405620735BC10FEAC80C2.e.29202"}]}
RESULT: {"script":"<script> [56 bytes]","args":[{"element-6066-11e4-a52e-4f735466cecf":"f.5D121FC7909F200889B59C01A2F655FF.d.D52E2625454405620735BC10FEAC80C2.e.29202","ELEMENT":"f.5D121FC7909F200889B59C01A2F655FF.d.D52E2625454405620735BC10FEAC80C2.e.29202"}]}
COMMAND: POST /session/85be7df00c2941df1715a768c51ad8f5/element - {"using":"css selector","value":"#shell-header-logo"}
COMMAND: GET /session/85be7df00c2941df1715a768c51ad8f5/screenshot - {}
RESULT: {"using":"css selector","value":"#shell-header-logo"}
COMMAND: POST /session/85be7df00c2941df1715a768c51ad8f5/element/f.5D121FC7909F200889B59C01A2F655FF.d.D52E2625454405620735BC10FEAC80C2.e.28541/click - {}
RESULT: {}
RESULT: {}
COMMAND: GET /session/85be7df00c2941df1715a768c51ad8f5/screenshot - {}
RESULT: {}
]]></system-out>
    </testcase>
    <testcase classname="chrome.136_0_7103_93.windows.Transfer_Yard_to_Yard_US131076" name="Should do a stock increase handover for equipment" time="101.281">
      <system-out><![CDATA[
COMMAND: POST /session/85be7df00c2941df1715a768c51ad8f5/execute/async - {"script":"<script> [1562 bytes]","args":[{"selector":{"controlType":"sap.m.GenericTile","properties":{"header":"Manage Handovers"}},"wdio_ui5_key":"sapm.GenericTile{\"header\":\"Manage Handovers\"}"}]}
RESULT: {"script":"<script> [1562 bytes]","args":[{"selector":{"controlType":"sap.m.GenericTile","properties":{"header":"Manage Handovers"}},"wdio_ui5_key":"sapm.GenericTile{\"header\":\"Manage Handovers\"}"}]}
RESULT: undefined
COMMAND: POST /session/85be7df00c2941df1715a768c51ad8f5/element - {"using":"xpath","value":"//*[@id=\"__tile133\"]"}
RESULT: {"using":"xpath","value":"//*[@id=\"__tile133\"]"}
COMMAND: POST /session/85be7df00c2941df1715a768c51ad8f5/element/f.5D121FC7909F200889B59C01A2F655FF.d.D52E2625454405620735BC10FEAC80C2.e.27205/click - {}
RESULT: {}
COMMAND: GET /session/85be7df00c2941df1715a768c51ad8f5/screenshot - {}
RESULT: {}
COMMAND: POST /session/85be7df00c2941df1715a768c51ad8f5/elements - {"using":"xpath","value":"//span[text()='Error']"}
RESULT: {"using":"xpath","value":"//span[text()='Error']"}
COMMAND: POST /session/85be7df00c2941df1715a768c51ad8f5/element - {"using":"xpath","value":"//button[@data-kt=\"masterHOAddButton\"]"}
RESULT: {"using":"xpath","value":"//button[@data-kt=\"masterHOAddButton\"]"}
COMMAND: POST /session/85be7df00c2941df1715a768c51ad8f5/elements - {"using":"xpath","value":"//button[@data-kt=\"masterHOAddButton\"]"}
RESULT: {"using":"xpath","value":"//button[@data-kt=\"masterHOAddButton\"]"}
COMMAND: POST /session/85be7df00c2941df1715a768c51ad8f5/elements - {"using":"xpath","value":"//button[@data-kt=\"masterHOAddButton\"]"}
RESULT: {"using":"xpath","value":"//button[@data-kt=\"masterHOAddButton\"]"}
COMMAND: POST /session/85be7df00c2941df1715a768c51ad8f5/elements - {"using":"xpath","value":"//button[@data-kt=\"masterHOAddButton\"]"}
RESULT: {"using":"xpath","value":"//button[@data-kt=\"masterHOAddButton\"]"}
COMMAND: POST /session/85be7df00c2941df1715a768c51ad8f5/elements - {"using":"xpath","value":"//button[@data-kt=\"masterHOAddButton\"]"}
RESULT: {"using":"xpath","value":"//button[@data-kt=\"masterHOAddButton\"]"}
COMMAND: POST /session/85be7df00c2941df1715a768c51ad8f5/elements - {"using":"xpath","value":"//button[@data-kt=\"masterHOAddButton\"]"}
RESULT: {"using":"xpath","value":"//button[@data-kt=\"masterHOAddButton\"]"}
COMMAND: POST /session/85be7df00c2941df1715a768c51ad8f5/elements - {"using":"xpath","value":"//button[@data-kt=\"masterHOAddButton\"]"}
RESULT: {"using":"xpath","value":"//button[@data-kt=\"masterHOAddButton\"]"}
COMMAND: POST /session/85be7df00c2941df1715a768c51ad8f5/element - {"using":"xpath","value":"//button[@data-kt=\"masterHOAddButton\"]"}
RESULT: {"using":"xpath","value":"//button[@data-kt=\"masterHOAddButton\"]"}
COMMAND: POST /session/85be7df00c2941df1715a768c51ad8f5/execute/sync - {"script":"<script> [8489 bytes]","args":[{"element-6066-11e4-a52e-4f735466cecf":"f.5D121FC7909F200889B59C01A2F655FF.d.D52E2625454405620735BC10FEAC80C2.e.29240","ELEMENT":"f.5D121FC7909F200889B59C01A2F655FF.d.D52E2625454405620735BC10FEAC80C2.e.29240"}]}
RESULT: {"script":"<script> [8489 bytes]","args":[{"element-6066-11e4-a52e-4f735466cecf":"f.5D121FC7909F200889B59C01A2F655FF.d.D52E2625454405620735BC10FEAC80C2.e.29240","ELEMENT":"f.5D121FC7909F200889B59C01A2F655FF.d.D52E2625454405620735BC10FEAC80C2.e.29240"}]}
COMMAND: GET /session/85be7df00c2941df1715a768c51ad8f5/element/f.5D121FC7909F200889B59C01A2F655FF.d.D52E2625454405620735BC10FEAC80C2.e.29240/enabled - {}
COMMAND: GET /session/85be7df00c2941df1715a768c51ad8f5/screenshot - {}
RESULT: {}
COMMAND: POST /session/85be7df00c2941df1715a768c51ad8f5/execute/sync - {"script":"<script> [8489 bytes]","args":[{"element-6066-11e4-a52e-4f735466cecf":"f.5D121FC7909F200889B59C01A2F655FF.d.D52E2625454405620735BC10FEAC80C2.e.29240","ELEMENT":"f.5D121FC7909F200889B59C01A2F655FF.d.D52E2625454405620735BC10FEAC80C2.e.29240"}]}
COMMAND: GET /session/85be7df00c2941df1715a768c51ad8f5/screenshot - {}
RESULT: {}
RESULT: {"script":"<script> [8489 bytes]","args":[{"element-6066-11e4-a52e-4f735466cecf":"f.5D121FC7909F200889B59C01A2F655FF.d.D52E2625454405620735BC10FEAC80C2.e.29240","ELEMENT":"f.5D121FC7909F200889B59C01A2F655FF.d.D52E2625454405620735BC10FEAC80C2.e.29240"}]}
COMMAND: POST /session/85be7df00c2941df1715a768c51ad8f5/execute/sync - {"script":"<script> [5351 bytes]","args":[{"element-6066-11e4-a52e-4f735466cecf":"f.5D121FC7909F200889B59C01A2F655FF.d.D52E2625454405620735BC10FEAC80C2.e.29240","ELEMENT":"f.5D121FC7909F200889B59C01A2F655FF.d.D52E2625454405620735BC10FEAC80C2.e.29240"}]}
RESULT: {}
RESULT: {"script":"<script> [5351 bytes]","args":[{"element-6066-11e4-a52e-4f735466cecf":"f.5D121FC7909F200889B59C01A2F655FF.d.D52E2625454405620735BC10FEAC80C2.e.29240","ELEMENT":"f.5D121FC7909F200889B59C01A2F655FF.d.D52E2625454405620735BC10FEAC80C2.e.29240"}]}
COMMAND: POST /session/85be7df00c2941df1715a768c51ad8f5/element/f.5D121FC7909F200889B59C01A2F655FF.d.D52E2625454405620735BC10FEAC80C2.e.29240/click - {}
COMMAND: GET /session/85be7df00c2941df1715a768c51ad8f5/screenshot - {}
COMMAND: GET /session/85be7df00c2941df1715a768c51ad8f5/screenshot - {}
RESULT: {}
COMMAND: GET /session/85be7df00c2941df1715a768c51ad8f5/screenshot - {}
COMMAND: POST /session/85be7df00c2941df1715a768c51ad8f5/element - {"using":"xpath","value":"//span[contains(@id ,\"AddNewHO--typeSelect-arrow\")]"}
RESULT: {}
RESULT: {}
RESULT: {}
RESULT: {"using":"xpath","value":"//span[contains(@id ,\"AddNewHO--typeSelect-arrow\")]"}
COMMAND: POST /session/85be7df00c2941df1715a768c51ad8f5/element/f.5D121FC7909F200889B59C01A2F655FF.d.D52E2625454405620735BC10FEAC80C2.e.29520/click - {}
RESULT: {}
COMMAND: GET /session/85be7df00c2941df1715a768c51ad8f5/screenshot - {}
RESULT: {}
COMMAND: POST /session/85be7df00c2941df1715a768c51ad8f5/element - {"using":"xpath","value":"(//li[contains(text(), \"stock increase yard\")])[1]"}
RESULT: {"using":"xpath","value":"(//li[contains(text(), \"stock increase yard\")])[1]"}
COMMAND: POST /session/85be7df00c2941df1715a768c51ad8f5/element/f.5D121FC7909F200889B59C01A2F655FF.d.D52E2625454405620735BC10FEAC80C2.e.29521/click - {}
RESULT: {}
COMMAND: GET /session/85be7df00c2941df1715a768c51ad8f5/screenshot - {}
RESULT: {}
COMMAND: POST /session/85be7df00c2941df1715a768c51ad8f5/execute/async - {"script":"<script> [1562 bytes]","args":[{"selector":{"id":"application-managehandovers-display-component---AddNewHO--dueDate","interaction":{"idSuffix":"inner"}},"wdio_ui5_key":"applicationmanagehandovers-display-component---AddNewHO--dueDate"}]}
RESULT: {"script":"<script> [1562 bytes]","args":[{"selector":{"id":"application-managehandovers-display-component---AddNewHO--dueDate","interaction":{"idSuffix":"inner"}},"wdio_ui5_key":"applicationmanagehandovers-display-component---AddNewHO--dueDate"}]}
RESULT: undefined
COMMAND: POST /session/85be7df00c2941df1715a768c51ad8f5/execute/async - {"script":"<script> [6424 bytes]","args":[{"element-6066-11e4-a52e-4f735466cecf":"f.5D121FC7909F200889B59C01A2F655FF.d.D52E2625454405620735BC10FEAC80C2.e.29524"},"setValue",["5/23/25"]]}
RESULT: {"script":"<script> [6424 bytes]","args":[{"element-6066-11e4-a52e-4f735466cecf":"f.5D121FC7909F200889B59C01A2F655FF.d.D52E2625454405620735BC10FEAC80C2.e.29524"},"setValue",["5/23/25"]]}
COMMAND: POST /session/85be7df00c2941df1715a768c51ad8f5/element - {"using":"xpath","value":"//input[@id=\"generalSectionFrg--receiveYard-inner\"]"}
RESULT: {"using":"xpath","value":"//input[@id=\"generalSectionFrg--receiveYard-inner\"]"}
COMMAND: POST /session/85be7df00c2941df1715a768c51ad8f5/element/f.5D121FC7909F200889B59C01A2F655FF.d.D52E2625454405620735BC10FEAC80C2.e.29530/clear - {}
RESULT: {}
COMMAND: POST /session/85be7df00c2941df1715a768c51ad8f5/element/f.5D121FC7909F200889B59C01A2F655FF.d.D52E2625454405620735BC10FEAC80C2.e.29530/value - {"text":"228"}
COMMAND: GET /session/85be7df00c2941df1715a768c51ad8f5/screenshot - {}
RESULT: {"text":"228"}
COMMAND: GET /session/85be7df00c2941df1715a768c51ad8f5/screenshot - {}
RESULT: {}
RESULT: {}
COMMAND: POST /session/85be7df00c2941df1715a768c51ad8f5/element - {"using":"xpath","value":"//li[.//span[text()='228']]"}
RESULT: {"using":"xpath","value":"//li[.//span[text()='228']]"}
COMMAND: POST /session/85be7df00c2941df1715a768c51ad8f5/element/f.5D121FC7909F200889B59C01A2F655FF.d.D52E2625454405620735BC10FEAC80C2.e.29546/click - {}
RESULT: {}
COMMAND: GET /session/85be7df00c2941df1715a768c51ad8f5/screenshot - {}
RESULT: {}
COMMAND: POST /session/85be7df00c2941df1715a768c51ad8f5/execute/async - {"script":"<script> [1562 bytes]","args":[{"selector":{"id":"application-managehandovers-display-component---AddNewHO--ObjectPageLayout-anchBar-application-managehandovers-display-component---AddNewHO--section4-anchor","interaction":{"idSuffix":"BDI-content"}},"wdio_ui5_key":"applicationmanagehandovers-display-component---AddNewHO--ObjectPageLayout-anchBar-application-managehandovers-display-component---AddNewHO--section4-anchor"}]}
RESULT: {"script":"<script> [1562 bytes]","args":[{"selector":{"id":"application-managehandovers-display-component---AddNewHO--ObjectPageLayout-anchBar-application-managehandovers-display-component---AddNewHO--section4-anchor","interaction":{"idSuffix":"BDI-content"}},"wdio_ui5_key":"applicationmanagehandovers-display-component---AddNewHO--ObjectPageLayout-anchBar-application-managehandovers-display-component---AddNewHO--section4-anchor"}]}
RESULT: undefined
COMMAND: POST /session/85be7df00c2941df1715a768c51ad8f5/element - {"using":"xpath","value":"//*[@id=\"application-managehandovers-display-component---AddNewHO--ObjectPageLayout-anchBar-application-managehandovers-display-component---AddNewHO--section4-anchor\"]"}
RESULT: {"using":"xpath","value":"//*[@id=\"application-managehandovers-display-component---AddNewHO--ObjectPageLayout-anchBar-application-managehandovers-display-component---AddNewHO--section4-anchor\"]"}
COMMAND: POST /session/85be7df00c2941df1715a768c51ad8f5/element/f.5D121FC7909F200889B59C01A2F655FF.d.D52E2625454405620735BC10FEAC80C2.e.29548/click - {}
RESULT: {}
COMMAND: POST /session/85be7df00c2941df1715a768c51ad8f5/element - {"using":"xpath","value":"//button[@aria-label=\"Add\"]"}
COMMAND: GET /session/85be7df00c2941df1715a768c51ad8f5/screenshot - {}
RESULT: {"using":"xpath","value":"//button[@aria-label=\"Add\"]"}
COMMAND: POST /session/85be7df00c2941df1715a768c51ad8f5/element/f.5D121FC7909F200889B59C01A2F655FF.d.D52E2625454405620735BC10FEAC80C2.e.29550/click - {}
RESULT: {}
RESULT: {}
COMMAND: GET /session/85be7df00c2941df1715a768c51ad8f5/screenshot - {}
RESULT: {}
COMMAND: POST /session/85be7df00c2941df1715a768c51ad8f5/execute/async - {"script":"<script> [1562 bytes]","args":[{"selector":{"id":"application-managehandovers-display-component---AddNewHO--smartFilterBar-btnBasicSearch","searchOpenDialogs":true,"interaction":{"idSuffix":"I"}},"wdio_ui5_key":"applicationmanagehandovers-display-component---AddNewHO--smartFilterBar-btnBasicSearch"}]}
RESULT: {"script":"<script> [1562 bytes]","args":[{"selector":{"id":"application-managehandovers-display-component---AddNewHO--smartFilterBar-btnBasicSearch","searchOpenDialogs":true,"interaction":{"idSuffix":"I"}},"wdio_ui5_key":"applicationmanagehandovers-display-component---AddNewHO--smartFilterBar-btnBasicSearch"}]}
RESULT: undefined
COMMAND: POST /session/85be7df00c2941df1715a768c51ad8f5/execute/async - {"script":"<script> [776 bytes]","args":[{"enterText":"yFaiXNuSBL","selector":{"id":"application-managehandovers-display-component---AddNewHO--smartFilterBar-btnBasicSearch","searchOpenDialogs":true,"interaction":{"idSuffix":"I"}},"clearTextFirst":true,"interactionType":"ENTER_TEXT"}]}
RESULT: {"script":"<script> [776 bytes]","args":[{"enterText":"yFaiXNuSBL","selector":{"id":"application-managehandovers-display-component---AddNewHO--smartFilterBar-btnBasicSearch","searchOpenDialogs":true,"interaction":{"idSuffix":"I"}},"clearTextFirst":true,"interactionType":"ENTER_TEXT"}]}
COMMAND: POST /session/85be7df00c2941df1715a768c51ad8f5/actions - {"actions":[{"id":"action94","type":"key","parameters":{},"actions":[{"type":"keyDown","value":""},{"type":"pause","duration":10},{"type":"keyUp","value":""}]}]}
RESULT: {"actions":[{"id":"action94","type":"key","parameters":{},"actions":[{"type":"keyDown","value":""},{"type":"pause","duration":10},{"type":"keyUp","value":""}]}]}
COMMAND: GET /session/85be7df00c2941df1715a768c51ad8f5/screenshot - {}
RESULT: {}
COMMAND: POST /session/85be7df00c2941df1715a768c51ad8f5/execute/async - {"script":"<script> [1562 bytes]","args":[{"selector":{"id":"application-managehandovers-display-component---AddNewHO--popup-sa","searchOpenDialogs":true,"interaction":{"idSuffix":"CbBg"}},"wdio_ui5_key":"applicationmanagehandovers-display-component---AddNewHO--popup-sa"}]}
RESULT: {"script":"<script> [1562 bytes]","args":[{"selector":{"id":"application-managehandovers-display-component---AddNewHO--popup-sa","searchOpenDialogs":true,"interaction":{"idSuffix":"CbBg"}},"wdio_ui5_key":"applicationmanagehandovers-display-component---AddNewHO--popup-sa"}]}
RESULT: undefined
COMMAND: POST /session/85be7df00c2941df1715a768c51ad8f5/element - {"using":"xpath","value":"//*[@id=\"application-managehandovers-display-component---AddNewHO--popup-sa\"]"}
RESULT: {"using":"xpath","value":"//*[@id=\"application-managehandovers-display-component---AddNewHO--popup-sa\"]"}
COMMAND: POST /session/85be7df00c2941df1715a768c51ad8f5/element/f.5D121FC7909F200889B59C01A2F655FF.d.D52E2625454405620735BC10FEAC80C2.e.29703/click - {}
RESULT: {}
COMMAND: GET /session/85be7df00c2941df1715a768c51ad8f5/screenshot - {}
RESULT: {}
COMMAND: POST /session/85be7df00c2941df1715a768c51ad8f5/element - {"using":"xpath","value":"//bdi[contains(text(), \"Select\")]"}
RESULT: {"using":"xpath","value":"//bdi[contains(text(), \"Select\")]"}
COMMAND: POST /session/85be7df00c2941df1715a768c51ad8f5/element/f.5D121FC7909F200889B59C01A2F655FF.d.D52E2625454405620735BC10FEAC80C2.e.29704/click - {}
RESULT: {}
COMMAND: GET /session/85be7df00c2941df1715a768c51ad8f5/screenshot - {}
RESULT: {}
COMMAND: POST /session/85be7df00c2941df1715a768c51ad8f5/element - {"using":"xpath","value":"//button[@data-kt=\"AddNewHOSaveButton\"]"}
RESULT: {"using":"xpath","value":"//button[@data-kt=\"AddNewHOSaveButton\"]"}
COMMAND: POST /session/85be7df00c2941df1715a768c51ad8f5/element/f.5D121FC7909F200889B59C01A2F655FF.d.D52E2625454405620735BC10FEAC80C2.e.29708/click - {}
RESULT: {}
COMMAND: GET /session/85be7df00c2941df1715a768c51ad8f5/screenshot - {}
RESULT: {}
COMMAND: POST /session/85be7df00c2941df1715a768c51ad8f5/execute/async - {"script":"<script> [1562 bytes]","args":[{"selector":{"id":"receiptDatePicker","viewName":"etm.portal.ui.managehandovers.view.DetailExecuteHO","interaction":{"idSuffix":"inner"}},"wdio_ui5_key":"receiptDatePickeretmportal.ui.managehandovers.view.DetailExecuteHO"}]}
RESULT: {"script":"<script> [1562 bytes]","args":[{"selector":{"id":"receiptDatePicker","viewName":"etm.portal.ui.managehandovers.view.DetailExecuteHO","interaction":{"idSuffix":"inner"}},"wdio_ui5_key":"receiptDatePickeretmportal.ui.managehandovers.view.DetailExecuteHO"}]}
RESULT: undefined
COMMAND: POST /session/85be7df00c2941df1715a768c51ad8f5/execute/async - {"script":"<script> [6424 bytes]","args":[{"element-6066-11e4-a52e-4f735466cecf":"f.5D121FC7909F200889B59C01A2F655FF.d.D52E2625454405620735BC10FEAC80C2.e.29738"},"setValue",["5/23/25"]]}
RESULT: {"script":"<script> [6424 bytes]","args":[{"element-6066-11e4-a52e-4f735466cecf":"f.5D121FC7909F200889B59C01A2F655FF.d.D52E2625454405620735BC10FEAC80C2.e.29738"},"setValue",["5/23/25"]]}
COMMAND: POST /session/85be7df00c2941df1715a768c51ad8f5/element - {"using":"xpath","value":"//button[@data-kt=\"ReceivingTableConfirmAllButton\"]"}
RESULT: {"using":"xpath","value":"//button[@data-kt=\"ReceivingTableConfirmAllButton\"]"}
COMMAND: POST /session/85be7df00c2941df1715a768c51ad8f5/element/f.5D121FC7909F200889B59C01A2F655FF.d.D52E2625454405620735BC10FEAC80C2.e.29753/click - {}
RESULT: {}
COMMAND: GET /session/85be7df00c2941df1715a768c51ad8f5/screenshot - {}
RESULT: {}
COMMAND: POST /session/85be7df00c2941df1715a768c51ad8f5/element - {"using":"xpath","value":"//bdi[contains(text(), \"OK\")]"}
RESULT: {"using":"xpath","value":"//bdi[contains(text(), \"OK\")]"}
COMMAND: POST /session/85be7df00c2941df1715a768c51ad8f5/element/f.5D121FC7909F200889B59C01A2F655FF.d.D52E2625454405620735BC10FEAC80C2.e.29755/click - {}
RESULT: {}
COMMAND: GET /session/85be7df00c2941df1715a768c51ad8f5/screenshot - {}
RESULT: {}
COMMAND: POST /session/85be7df00c2941df1715a768c51ad8f5/element - {"using":"xpath","value":"(//bdi[contains(text(), \"Receive\")])[2]"}
RESULT: {"using":"xpath","value":"(//bdi[contains(text(), \"Receive\")])[2]"}
COMMAND: POST /session/85be7df00c2941df1715a768c51ad8f5/element/f.5D121FC7909F200889B59C01A2F655FF.d.D52E2625454405620735BC10FEAC80C2.e.29757/click - {}
RESULT: {}
COMMAND: GET /session/85be7df00c2941df1715a768c51ad8f5/screenshot - {}
RESULT: {}
COMMAND: POST /session/85be7df00c2941df1715a768c51ad8f5/element - {"using":"css selector","value":"#shell-header-logo"}
RESULT: {"using":"css selector","value":"#shell-header-logo"}
COMMAND: POST /session/85be7df00c2941df1715a768c51ad8f5/element/f.5D121FC7909F200889B59C01A2F655FF.d.D52E2625454405620735BC10FEAC80C2.e.29205/click - {}
RESULT: {}
COMMAND: GET /session/85be7df00c2941df1715a768c51ad8f5/screenshot - {}
RESULT: {}
]]></system-out>
    </testcase>
    <testcase classname="chrome.136_0_7103_93.windows.Transfer_Yard_to_Yard_US131076" name="Should do a stock increase handover for equipment multipart" time="95.387">
      <system-out><![CDATA[
RESULT: undefined
COMMAND: POST /session/85be7df00c2941df1715a768c51ad8f5/element - {"using":"xpath","value":"//*[@id=\"__tile133\"]"}
RESULT: {"using":"xpath","value":"//*[@id=\"__tile133\"]"}
COMMAND: POST /session/85be7df00c2941df1715a768c51ad8f5/element/f.5D121FC7909F200889B59C01A2F655FF.d.D52E2625454405620735BC10FEAC80C2.e.27205/click - {}
RESULT: {}
COMMAND: GET /session/85be7df00c2941df1715a768c51ad8f5/screenshot - {}
RESULT: {}
COMMAND: POST /session/85be7df00c2941df1715a768c51ad8f5/elements - {"using":"xpath","value":"//span[text()='Error']"}
RESULT: {"using":"xpath","value":"//span[text()='Error']"}
COMMAND: POST /session/85be7df00c2941df1715a768c51ad8f5/element - {"using":"xpath","value":"//button[@data-kt=\"masterHOAddButton\"]"}
RESULT: {"using":"xpath","value":"//button[@data-kt=\"masterHOAddButton\"]"}
COMMAND: POST /session/85be7df00c2941df1715a768c51ad8f5/elements - {"using":"xpath","value":"//button[@data-kt=\"masterHOAddButton\"]"}
RESULT: {"using":"xpath","value":"//button[@data-kt=\"masterHOAddButton\"]"}
COMMAND: POST /session/85be7df00c2941df1715a768c51ad8f5/execute/sync - {"script":"<script> [8489 bytes]","args":[{"element-6066-11e4-a52e-4f735466cecf":"f.5D121FC7909F200889B59C01A2F655FF.d.D52E2625454405620735BC10FEAC80C2.e.30090","ELEMENT":"f.5D121FC7909F200889B59C01A2F655FF.d.D52E2625454405620735BC10FEAC80C2.e.30090"}]}
RESULT: {"script":"<script> [8489 bytes]","args":[{"element-6066-11e4-a52e-4f735466cecf":"f.5D121FC7909F200889B59C01A2F655FF.d.D52E2625454405620735BC10FEAC80C2.e.30090","ELEMENT":"f.5D121FC7909F200889B59C01A2F655FF.d.D52E2625454405620735BC10FEAC80C2.e.30090"}]}
COMMAND: GET /session/85be7df00c2941df1715a768c51ad8f5/element/f.5D121FC7909F200889B59C01A2F655FF.d.D52E2625454405620735BC10FEAC80C2.e.30090/enabled - {}
COMMAND: GET /session/85be7df00c2941df1715a768c51ad8f5/screenshot - {}
RESULT: {}
COMMAND: POST /session/85be7df00c2941df1715a768c51ad8f5/execute/sync - {"script":"<script> [8489 bytes]","args":[{"element-6066-11e4-a52e-4f735466cecf":"f.5D121FC7909F200889B59C01A2F655FF.d.D52E2625454405620735BC10FEAC80C2.e.30090","ELEMENT":"f.5D121FC7909F200889B59C01A2F655FF.d.D52E2625454405620735BC10FEAC80C2.e.30090"}]}
COMMAND: GET /session/85be7df00c2941df1715a768c51ad8f5/screenshot - {}
RESULT: {}
RESULT: {"script":"<script> [8489 bytes]","args":[{"element-6066-11e4-a52e-4f735466cecf":"f.5D121FC7909F200889B59C01A2F655FF.d.D52E2625454405620735BC10FEAC80C2.e.30090","ELEMENT":"f.5D121FC7909F200889B59C01A2F655FF.d.D52E2625454405620735BC10FEAC80C2.e.30090"}]}
COMMAND: POST /session/85be7df00c2941df1715a768c51ad8f5/execute/sync - {"script":"<script> [5351 bytes]","args":[{"element-6066-11e4-a52e-4f735466cecf":"f.5D121FC7909F200889B59C01A2F655FF.d.D52E2625454405620735BC10FEAC80C2.e.30090","ELEMENT":"f.5D121FC7909F200889B59C01A2F655FF.d.D52E2625454405620735BC10FEAC80C2.e.30090"}]}
COMMAND: GET /session/85be7df00c2941df1715a768c51ad8f5/screenshot - {}
RESULT: {}
RESULT: {"script":"<script> [5351 bytes]","args":[{"element-6066-11e4-a52e-4f735466cecf":"f.5D121FC7909F200889B59C01A2F655FF.d.D52E2625454405620735BC10FEAC80C2.e.30090","ELEMENT":"f.5D121FC7909F200889B59C01A2F655FF.d.D52E2625454405620735BC10FEAC80C2.e.30090"}]}
COMMAND: POST /session/85be7df00c2941df1715a768c51ad8f5/element/f.5D121FC7909F200889B59C01A2F655FF.d.D52E2625454405620735BC10FEAC80C2.e.30090/click - {}
COMMAND: GET /session/85be7df00c2941df1715a768c51ad8f5/screenshot - {}
RESULT: {}
RESULT: {}
COMMAND: GET /session/85be7df00c2941df1715a768c51ad8f5/screenshot - {}
RESULT: {}
COMMAND: POST /session/85be7df00c2941df1715a768c51ad8f5/element - {"using":"xpath","value":"//span[contains(@id ,\"AddNewHO--typeSelect-arrow\")]"}
RESULT: {}
RESULT: {"using":"xpath","value":"//span[contains(@id ,\"AddNewHO--typeSelect-arrow\")]"}
COMMAND: POST /session/85be7df00c2941df1715a768c51ad8f5/element/f.5D121FC7909F200889B59C01A2F655FF.d.D52E2625454405620735BC10FEAC80C2.e.30490/click - {}
RESULT: {}
COMMAND: GET /session/85be7df00c2941df1715a768c51ad8f5/screenshot - {}
RESULT: {}
COMMAND: POST /session/85be7df00c2941df1715a768c51ad8f5/element - {"using":"xpath","value":"(//li[contains(text(), \"stock increase yard\")])[1]"}
RESULT: {"using":"xpath","value":"(//li[contains(text(), \"stock increase yard\")])[1]"}
COMMAND: POST /session/85be7df00c2941df1715a768c51ad8f5/element/f.5D121FC7909F200889B59C01A2F655FF.d.D52E2625454405620735BC10FEAC80C2.e.30491/click - {}
RESULT: {}
COMMAND: GET /session/85be7df00c2941df1715a768c51ad8f5/screenshot - {}
RESULT: {}
RESULT: undefined
COMMAND: POST /session/85be7df00c2941df1715a768c51ad8f5/execute/async - {"script":"<script> [6424 bytes]","args":[{"element-6066-11e4-a52e-4f735466cecf":"f.5D121FC7909F200889B59C01A2F655FF.d.D52E2625454405620735BC10FEAC80C2.e.29524"},"setValue",["5/23/25"]]}
COMMAND: POST /session/85be7df00c2941df1715a768c51ad8f5/execute/async - {"script":"<script> [1562 bytes]","args":[{"selector":{"id":"application-managehandovers-display-component---AddNewHO--dueDate","interaction":{"idSuffix":"inner"}},"wdio_ui5_key":"applicationmanagehandovers-display-component---AddNewHO--dueDate"}]}
RESULT: {"script":"<script> [1562 bytes]","args":[{"selector":{"id":"application-managehandovers-display-component---AddNewHO--dueDate","interaction":{"idSuffix":"inner"}},"wdio_ui5_key":"applicationmanagehandovers-display-component---AddNewHO--dueDate"}]}
COMMAND: POST /session/85be7df00c2941df1715a768c51ad8f5/execute/async - {"script":"<script> [6424 bytes]","args":[{"element-6066-11e4-a52e-4f735466cecf":"f.5D121FC7909F200889B59C01A2F655FF.d.D52E2625454405620735BC10FEAC80C2.e.30495"},"setValue",["5/23/25"]]}
RESULT: {"script":"<script> [6424 bytes]","args":[{"element-6066-11e4-a52e-4f735466cecf":"f.5D121FC7909F200889B59C01A2F655FF.d.D52E2625454405620735BC10FEAC80C2.e.30495"},"setValue",["5/23/25"]]}
COMMAND: POST /session/85be7df00c2941df1715a768c51ad8f5/element - {"using":"xpath","value":"//input[@id=\"generalSectionFrg--receiveYard-inner\"]"}
RESULT: {"using":"xpath","value":"//input[@id=\"generalSectionFrg--receiveYard-inner\"]"}
COMMAND: POST /session/85be7df00c2941df1715a768c51ad8f5/element/f.5D121FC7909F200889B59C01A2F655FF.d.D52E2625454405620735BC10FEAC80C2.e.30501/clear - {}
RESULT: {}
COMMAND: POST /session/85be7df00c2941df1715a768c51ad8f5/element/f.5D121FC7909F200889B59C01A2F655FF.d.D52E2625454405620735BC10FEAC80C2.e.30501/value - {"text":"228"}
COMMAND: GET /session/85be7df00c2941df1715a768c51ad8f5/screenshot - {}
RESULT: {"text":"228"}
COMMAND: GET /session/85be7df00c2941df1715a768c51ad8f5/screenshot - {}
RESULT: {}
RESULT: {}
COMMAND: POST /session/85be7df00c2941df1715a768c51ad8f5/element - {"using":"xpath","value":"//li[.//span[text()='228']]"}
RESULT: {"using":"xpath","value":"//li[.//span[text()='228']]"}
COMMAND: POST /session/85be7df00c2941df1715a768c51ad8f5/element/f.5D121FC7909F200889B59C01A2F655FF.d.D52E2625454405620735BC10FEAC80C2.e.30515/click - {}
RESULT: {}
COMMAND: GET /session/85be7df00c2941df1715a768c51ad8f5/screenshot - {}
RESULT: {}
RESULT: undefined
COMMAND: POST /session/85be7df00c2941df1715a768c51ad8f5/element - {"using":"xpath","value":"//*[@id=\"application-managehandovers-display-component---AddNewHO--ObjectPageLayout-anchBar-application-managehandovers-display-component---AddNewHO--section4-anchor\"]"}
RESULT: {"using":"xpath","value":"//*[@id=\"application-managehandovers-display-component---AddNewHO--ObjectPageLayout-anchBar-application-managehandovers-display-component---AddNewHO--section4-anchor\"]"}
COMMAND: POST /session/85be7df00c2941df1715a768c51ad8f5/element/f.5D121FC7909F200889B59C01A2F655FF.d.D52E2625454405620735BC10FEAC80C2.e.30516/click - {}
RESULT: {}
COMMAND: POST /session/85be7df00c2941df1715a768c51ad8f5/element - {"using":"xpath","value":"//button[@aria-label=\"Add\"]"}
COMMAND: GET /session/85be7df00c2941df1715a768c51ad8f5/screenshot - {}
RESULT: {"using":"xpath","value":"//button[@aria-label=\"Add\"]"}
COMMAND: POST /session/85be7df00c2941df1715a768c51ad8f5/element/f.5D121FC7909F200889B59C01A2F655FF.d.D52E2625454405620735BC10FEAC80C2.e.30518/click - {}
RESULT: {}
RESULT: {}
COMMAND: GET /session/85be7df00c2941df1715a768c51ad8f5/screenshot - {}
RESULT: {}
RESULT: undefined
COMMAND: POST /session/85be7df00c2941df1715a768c51ad8f5/execute/async - {"script":"<script> [776 bytes]","args":[{"enterText":"400008","selector":{"id":"application-managehandovers-display-component---AddNewHO--smartFilterBar-btnBasicSearch","searchOpenDialogs":true,"interaction":{"idSuffix":"I"}},"clearTextFirst":true,"interactionType":"ENTER_TEXT"}]}
RESULT: {"script":"<script> [776 bytes]","args":[{"enterText":"400008","selector":{"id":"application-managehandovers-display-component---AddNewHO--smartFilterBar-btnBasicSearch","searchOpenDialogs":true,"interaction":{"idSuffix":"I"}},"clearTextFirst":true,"interactionType":"ENTER_TEXT"}]}
COMMAND: POST /session/85be7df00c2941df1715a768c51ad8f5/actions - {"actions":[{"id":"action95","type":"key","parameters":{},"actions":[{"type":"keyDown","value":""},{"type":"pause","duration":10},{"type":"keyUp","value":""}]}]}
RESULT: {"actions":[{"id":"action95","type":"key","parameters":{},"actions":[{"type":"keyDown","value":""},{"type":"pause","duration":10},{"type":"keyUp","value":""}]}]}
COMMAND: GET /session/85be7df00c2941df1715a768c51ad8f5/screenshot - {}
RESULT: {}
RESULT: undefined
COMMAND: POST /session/85be7df00c2941df1715a768c51ad8f5/element - {"using":"xpath","value":"//*[@id=\"application-managehandovers-display-component---AddNewHO--popup-sa\"]"}
RESULT: {"using":"xpath","value":"//*[@id=\"application-managehandovers-display-component---AddNewHO--popup-sa\"]"}
COMMAND: POST /session/85be7df00c2941df1715a768c51ad8f5/element/f.5D121FC7909F200889B59C01A2F655FF.d.D52E2625454405620735BC10FEAC80C2.e.30668/click - {}
RESULT: {}
COMMAND: GET /session/85be7df00c2941df1715a768c51ad8f5/screenshot - {}
RESULT: {}
COMMAND: POST /session/85be7df00c2941df1715a768c51ad8f5/element - {"using":"xpath","value":"//bdi[contains(text(), \"Select\")]"}
RESULT: {"using":"xpath","value":"//bdi[contains(text(), \"Select\")]"}
COMMAND: POST /session/85be7df00c2941df1715a768c51ad8f5/element/f.5D121FC7909F200889B59C01A2F655FF.d.D52E2625454405620735BC10FEAC80C2.e.30669/click - {}
RESULT: {}
COMMAND: GET /session/85be7df00c2941df1715a768c51ad8f5/screenshot - {}
RESULT: {}
COMMAND: POST /session/85be7df00c2941df1715a768c51ad8f5/element - {"using":"xpath","value":"//button[@data-kt=\"AddNewHOSaveButton\"]"}
RESULT: {"using":"xpath","value":"//button[@data-kt=\"AddNewHOSaveButton\"]"}
COMMAND: POST /session/85be7df00c2941df1715a768c51ad8f5/element/f.5D121FC7909F200889B59C01A2F655FF.d.D52E2625454405620735BC10FEAC80C2.e.30673/click - {}
RESULT: {}
COMMAND: GET /session/85be7df00c2941df1715a768c51ad8f5/screenshot - {}
RESULT: {}
RESULT: undefined
COMMAND: POST /session/85be7df00c2941df1715a768c51ad8f5/execute/async - {"script":"<script> [6424 bytes]","args":[{"element-6066-11e4-a52e-4f735466cecf":"f.5D121FC7909F200889B59C01A2F655FF.d.D52E2625454405620735BC10FEAC80C2.e.29738"},"setValue",["5/23/25"]]}
COMMAND: POST /session/85be7df00c2941df1715a768c51ad8f5/execute/async - {"script":"<script> [1562 bytes]","args":[{"selector":{"id":"receiptDatePicker","viewName":"etm.portal.ui.managehandovers.view.DetailExecuteHO","interaction":{"idSuffix":"inner"}},"wdio_ui5_key":"receiptDatePickeretmportal.ui.managehandovers.view.DetailExecuteHO"}]}
RESULT: {"script":"<script> [1562 bytes]","args":[{"selector":{"id":"receiptDatePicker","viewName":"etm.portal.ui.managehandovers.view.DetailExecuteHO","interaction":{"idSuffix":"inner"}},"wdio_ui5_key":"receiptDatePickeretmportal.ui.managehandovers.view.DetailExecuteHO"}]}
COMMAND: POST /session/85be7df00c2941df1715a768c51ad8f5/execute/async - {"script":"<script> [6424 bytes]","args":[{"element-6066-11e4-a52e-4f735466cecf":"f.5D121FC7909F200889B59C01A2F655FF.d.D52E2625454405620735BC10FEAC80C2.e.30703"},"setValue",["5/23/25"]]}
RESULT: {"script":"<script> [6424 bytes]","args":[{"element-6066-11e4-a52e-4f735466cecf":"f.5D121FC7909F200889B59C01A2F655FF.d.D52E2625454405620735BC10FEAC80C2.e.30703"},"setValue",["5/23/25"]]}
COMMAND: POST /session/85be7df00c2941df1715a768c51ad8f5/element - {"using":"xpath","value":"//button[@data-kt=\"ReceivingTableConfirmAllButton\"]"}
RESULT: {"using":"xpath","value":"//button[@data-kt=\"ReceivingTableConfirmAllButton\"]"}
COMMAND: POST /session/85be7df00c2941df1715a768c51ad8f5/element/f.5D121FC7909F200889B59C01A2F655FF.d.D52E2625454405620735BC10FEAC80C2.e.30717/click - {}
RESULT: {}
COMMAND: GET /session/85be7df00c2941df1715a768c51ad8f5/screenshot - {}
RESULT: {}
COMMAND: POST /session/85be7df00c2941df1715a768c51ad8f5/element - {"using":"xpath","value":"//bdi[contains(text(), \"OK\")]"}
RESULT: {"using":"xpath","value":"//bdi[contains(text(), \"OK\")]"}
COMMAND: POST /session/85be7df00c2941df1715a768c51ad8f5/element/f.5D121FC7909F200889B59C01A2F655FF.d.D52E2625454405620735BC10FEAC80C2.e.30720/click - {}
RESULT: {}
COMMAND: GET /session/85be7df00c2941df1715a768c51ad8f5/screenshot - {}
RESULT: {}
COMMAND: POST /session/85be7df00c2941df1715a768c51ad8f5/element - {"using":"xpath","value":"(//bdi[contains(text(), \"Receive\")])[2]"}
RESULT: {"using":"xpath","value":"(//bdi[contains(text(), \"Receive\")])[2]"}
COMMAND: POST /session/85be7df00c2941df1715a768c51ad8f5/element/f.5D121FC7909F200889B59C01A2F655FF.d.D52E2625454405620735BC10FEAC80C2.e.30721/click - {}
RESULT: {}
COMMAND: GET /session/85be7df00c2941df1715a768c51ad8f5/screenshot - {}
RESULT: {}
COMMAND: POST /session/85be7df00c2941df1715a768c51ad8f5/element - {"using":"css selector","value":"#shell-header-logo"}
RESULT: {"using":"css selector","value":"#shell-header-logo"}
COMMAND: POST /session/85be7df00c2941df1715a768c51ad8f5/element/f.5D121FC7909F200889B59C01A2F655FF.d.D52E2625454405620735BC10FEAC80C2.e.30055/click - {}
RESULT: {}
COMMAND: GET /session/85be7df00c2941df1715a768c51ad8f5/screenshot - {}
RESULT: {}
]]></system-out>
    </testcase>
    <testcase classname="chrome.136_0_7103_93.windows.Transfer_Yard_to_Yard_US131076" name="Should create a yard to yard transfer handover" time="168.671">
      <failure/>
      <error message="Can't call click on element with selector &quot;//button[@data-kt=&quot;IssuingTableConfirmAllButton&quot;]&quot; because element wasn't found"/>
      <system-out><![CDATA[
RESULT: undefined
COMMAND: POST /session/85be7df00c2941df1715a768c51ad8f5/element - {"using":"xpath","value":"//*[@id=\"__tile133\"]"}
RESULT: {"using":"xpath","value":"//*[@id=\"__tile133\"]"}
COMMAND: POST /session/85be7df00c2941df1715a768c51ad8f5/element/f.5D121FC7909F200889B59C01A2F655FF.d.D52E2625454405620735BC10FEAC80C2.e.27205/click - {}
RESULT: {}
COMMAND: GET /session/85be7df00c2941df1715a768c51ad8f5/screenshot - {}
RESULT: {}
COMMAND: POST /session/85be7df00c2941df1715a768c51ad8f5/elements - {"using":"xpath","value":"//span[text()='Error']"}
RESULT: {"using":"xpath","value":"//span[text()='Error']"}
COMMAND: POST /session/85be7df00c2941df1715a768c51ad8f5/element - {"using":"xpath","value":"//button[@data-kt=\"masterHOAddButton\"]"}
RESULT: {"using":"xpath","value":"//button[@data-kt=\"masterHOAddButton\"]"}
COMMAND: POST /session/85be7df00c2941df1715a768c51ad8f5/elements - {"using":"xpath","value":"//button[@data-kt=\"masterHOAddButton\"]"}
RESULT: {"using":"xpath","value":"//button[@data-kt=\"masterHOAddButton\"]"}
COMMAND: POST /session/85be7df00c2941df1715a768c51ad8f5/execute/sync - {"script":"<script> [8489 bytes]","args":[{"element-6066-11e4-a52e-4f735466cecf":"f.5D121FC7909F200889B59C01A2F655FF.d.D52E2625454405620735BC10FEAC80C2.e.31058","ELEMENT":"f.5D121FC7909F200889B59C01A2F655FF.d.D52E2625454405620735BC10FEAC80C2.e.31058"}]}
RESULT: {"script":"<script> [8489 bytes]","args":[{"element-6066-11e4-a52e-4f735466cecf":"f.5D121FC7909F200889B59C01A2F655FF.d.D52E2625454405620735BC10FEAC80C2.e.31058","ELEMENT":"f.5D121FC7909F200889B59C01A2F655FF.d.D52E2625454405620735BC10FEAC80C2.e.31058"}]}
COMMAND: GET /session/85be7df00c2941df1715a768c51ad8f5/element/f.5D121FC7909F200889B59C01A2F655FF.d.D52E2625454405620735BC10FEAC80C2.e.31058/enabled - {}
COMMAND: GET /session/85be7df00c2941df1715a768c51ad8f5/screenshot - {}
RESULT: {}
COMMAND: POST /session/85be7df00c2941df1715a768c51ad8f5/execute/sync - {"script":"<script> [8489 bytes]","args":[{"element-6066-11e4-a52e-4f735466cecf":"f.5D121FC7909F200889B59C01A2F655FF.d.D52E2625454405620735BC10FEAC80C2.e.31058","ELEMENT":"f.5D121FC7909F200889B59C01A2F655FF.d.D52E2625454405620735BC10FEAC80C2.e.31058"}]}
COMMAND: GET /session/85be7df00c2941df1715a768c51ad8f5/screenshot - {}
RESULT: {}
RESULT: {"script":"<script> [8489 bytes]","args":[{"element-6066-11e4-a52e-4f735466cecf":"f.5D121FC7909F200889B59C01A2F655FF.d.D52E2625454405620735BC10FEAC80C2.e.31058","ELEMENT":"f.5D121FC7909F200889B59C01A2F655FF.d.D52E2625454405620735BC10FEAC80C2.e.31058"}]}
COMMAND: POST /session/85be7df00c2941df1715a768c51ad8f5/execute/sync - {"script":"<script> [5351 bytes]","args":[{"element-6066-11e4-a52e-4f735466cecf":"f.5D121FC7909F200889B59C01A2F655FF.d.D52E2625454405620735BC10FEAC80C2.e.31058","ELEMENT":"f.5D121FC7909F200889B59C01A2F655FF.d.D52E2625454405620735BC10FEAC80C2.e.31058"}]}
COMMAND: GET /session/85be7df00c2941df1715a768c51ad8f5/screenshot - {}
RESULT: {}
RESULT: {"script":"<script> [5351 bytes]","args":[{"element-6066-11e4-a52e-4f735466cecf":"f.5D121FC7909F200889B59C01A2F655FF.d.D52E2625454405620735BC10FEAC80C2.e.31058","ELEMENT":"f.5D121FC7909F200889B59C01A2F655FF.d.D52E2625454405620735BC10FEAC80C2.e.31058"}]}
COMMAND: POST /session/85be7df00c2941df1715a768c51ad8f5/element/f.5D121FC7909F200889B59C01A2F655FF.d.D52E2625454405620735BC10FEAC80C2.e.31058/click - {}
COMMAND: GET /session/85be7df00c2941df1715a768c51ad8f5/screenshot - {}
RESULT: {}
RESULT: {}
COMMAND: GET /session/85be7df00c2941df1715a768c51ad8f5/screenshot - {}
COMMAND: POST /session/85be7df00c2941df1715a768c51ad8f5/element - {"using":"xpath","value":"//span[contains(@id ,\"AddNewHO--typeSelect-arrow\")]"}
RESULT: {}
RESULT: {}
RESULT: {"using":"xpath","value":"//span[contains(@id ,\"AddNewHO--typeSelect-arrow\")]"}
COMMAND: POST /session/85be7df00c2941df1715a768c51ad8f5/element/f.5D121FC7909F200889B59C01A2F655FF.d.D52E2625454405620735BC10FEAC80C2.e.31472/click - {}
RESULT: {}
COMMAND: GET /session/85be7df00c2941df1715a768c51ad8f5/screenshot - {}
RESULT: {}
COMMAND: POST /session/85be7df00c2941df1715a768c51ad8f5/element - {"using":"xpath","value":"(//li[contains(text(), \"transfer\")])[1]"}
RESULT: {"using":"xpath","value":"(//li[contains(text(), \"transfer\")])[1]"}
COMMAND: POST /session/85be7df00c2941df1715a768c51ad8f5/element/f.5D121FC7909F200889B59C01A2F655FF.d.D52E2625454405620735BC10FEAC80C2.e.31473/click - {}
RESULT: {}
COMMAND: GET /session/85be7df00c2941df1715a768c51ad8f5/screenshot - {}
RESULT: {}
RESULT: undefined
COMMAND: POST /session/85be7df00c2941df1715a768c51ad8f5/execute/async - {"script":"<script> [6424 bytes]","args":[{"element-6066-11e4-a52e-4f735466cecf":"f.5D121FC7909F200889B59C01A2F655FF.d.D52E2625454405620735BC10FEAC80C2.e.29524"},"setValue",["05/23/25"]]}
COMMAND: POST /session/85be7df00c2941df1715a768c51ad8f5/execute/async - {"script":"<script> [1562 bytes]","args":[{"selector":{"id":"application-managehandovers-display-component---AddNewHO--dueDate","interaction":{"idSuffix":"inner"}},"wdio_ui5_key":"applicationmanagehandovers-display-component---AddNewHO--dueDate"}]}
RESULT: {"script":"<script> [1562 bytes]","args":[{"selector":{"id":"application-managehandovers-display-component---AddNewHO--dueDate","interaction":{"idSuffix":"inner"}},"wdio_ui5_key":"applicationmanagehandovers-display-component---AddNewHO--dueDate"}]}
COMMAND: POST /session/85be7df00c2941df1715a768c51ad8f5/execute/async - {"script":"<script> [6424 bytes]","args":[{"element-6066-11e4-a52e-4f735466cecf":"f.5D121FC7909F200889B59C01A2F655FF.d.D52E2625454405620735BC10FEAC80C2.e.31477"},"setValue",["05/23/25"]]}
RESULT: {"script":"<script> [6424 bytes]","args":[{"element-6066-11e4-a52e-4f735466cecf":"f.5D121FC7909F200889B59C01A2F655FF.d.D52E2625454405620735BC10FEAC80C2.e.31477"},"setValue",["05/23/25"]]}
COMMAND: POST /session/85be7df00c2941df1715a768c51ad8f5/element - {"using":"xpath","value":"//input[@id=\"generalSectionFrg--sendYard-inner\"]"}
RESULT: {"using":"xpath","value":"//input[@id=\"generalSectionFrg--sendYard-inner\"]"}
COMMAND: POST /session/85be7df00c2941df1715a768c51ad8f5/element/f.5D121FC7909F200889B59C01A2F655FF.d.D52E2625454405620735BC10FEAC80C2.e.31483/clear - {}
RESULT: {}
COMMAND: POST /session/85be7df00c2941df1715a768c51ad8f5/element/f.5D121FC7909F200889B59C01A2F655FF.d.D52E2625454405620735BC10FEAC80C2.e.31483/value - {"text":"228"}
COMMAND: GET /session/85be7df00c2941df1715a768c51ad8f5/screenshot - {}
RESULT: {"text":"228"}
COMMAND: GET /session/85be7df00c2941df1715a768c51ad8f5/screenshot - {}
RESULT: {}
RESULT: {}
COMMAND: POST /session/85be7df00c2941df1715a768c51ad8f5/element - {"using":"xpath","value":"//li[.//span[text()='228']]"}
RESULT: {"using":"xpath","value":"//li[.//span[text()='228']]"}
COMMAND: POST /session/85be7df00c2941df1715a768c51ad8f5/element/f.5D121FC7909F200889B59C01A2F655FF.d.D52E2625454405620735BC10FEAC80C2.e.31499/click - {}
RESULT: {}
COMMAND: GET /session/85be7df00c2941df1715a768c51ad8f5/screenshot - {}
RESULT: {}
COMMAND: POST /session/85be7df00c2941df1715a768c51ad8f5/element - {"using":"xpath","value":"//input[@id=\"generalSectionFrg--receiveYard-inner\"]"}
RESULT: {"using":"xpath","value":"//input[@id=\"generalSectionFrg--receiveYard-inner\"]"}
COMMAND: POST /session/85be7df00c2941df1715a768c51ad8f5/element/f.5D121FC7909F200889B59C01A2F655FF.d.D52E2625454405620735BC10FEAC80C2.e.31484/clear - {}
RESULT: {}
COMMAND: POST /session/85be7df00c2941df1715a768c51ad8f5/element/f.5D121FC7909F200889B59C01A2F655FF.d.D52E2625454405620735BC10FEAC80C2.e.31484/value - {"text":"234"}
COMMAND: GET /session/85be7df00c2941df1715a768c51ad8f5/screenshot - {}
RESULT: {"text":"234"}
COMMAND: GET /session/85be7df00c2941df1715a768c51ad8f5/screenshot - {}
RESULT: {}
RESULT: {}
COMMAND: POST /session/85be7df00c2941df1715a768c51ad8f5/element - {"using":"xpath","value":"//li[.//span[text()='234']]"}
RESULT: {"using":"xpath","value":"//li[.//span[text()='234']]"}
COMMAND: POST /session/85be7df00c2941df1715a768c51ad8f5/element/f.5D121FC7909F200889B59C01A2F655FF.d.D52E2625454405620735BC10FEAC80C2.e.31501/click - {}
RESULT: {}
COMMAND: GET /session/85be7df00c2941df1715a768c51ad8f5/screenshot - {}
RESULT: {}
RESULT: undefined
COMMAND: POST /session/85be7df00c2941df1715a768c51ad8f5/element - {"using":"xpath","value":"//*[@id=\"application-managehandovers-display-component---AddNewHO--ObjectPageLayout-anchBar-application-managehandovers-display-component---AddNewHO--section4-anchor\"]"}
RESULT: {"using":"xpath","value":"//*[@id=\"application-managehandovers-display-component---AddNewHO--ObjectPageLayout-anchBar-application-managehandovers-display-component---AddNewHO--section4-anchor\"]"}
COMMAND: POST /session/85be7df00c2941df1715a768c51ad8f5/element/f.5D121FC7909F200889B59C01A2F655FF.d.D52E2625454405620735BC10FEAC80C2.e.31502/click - {}
RESULT: {}
COMMAND: GET /session/85be7df00c2941df1715a768c51ad8f5/screenshot - {}
RESULT: {}
COMMAND: POST /session/85be7df00c2941df1715a768c51ad8f5/element - {"using":"xpath","value":"//button[@data-kt=\"AddNewHOProvideAddItemsButton\"]"}
RESULT: {"using":"xpath","value":"//button[@data-kt=\"AddNewHOProvideAddItemsButton\"]"}
COMMAND: POST /session/85be7df00c2941df1715a768c51ad8f5/element/f.5D121FC7909F200889B59C01A2F655FF.d.D52E2625454405620735BC10FEAC80C2.e.31506/click - {}
RESULT: {}
COMMAND: GET /session/85be7df00c2941df1715a768c51ad8f5/screenshot - {}
RESULT: {}
COMMAND: POST /session/85be7df00c2941df1715a768c51ad8f5/element - {"using":"xpath","value":"//div[contains(@id,\"AddNewHO--TransferHOTypesRuDialogTable-sa-CbBg\")]"}
RESULT: {"using":"xpath","value":"//div[contains(@id,\"AddNewHO--TransferHOTypesRuDialogTable-sa-CbBg\")]"}
COMMAND: POST /session/85be7df00c2941df1715a768c51ad8f5/element/f.5D121FC7909F200889B59C01A2F655FF.d.D52E2625454405620735BC10FEAC80C2.e.31522/click - {}
RESULT: {}
COMMAND: GET /session/85be7df00c2941df1715a768c51ad8f5/screenshot - {}
RESULT: {}
COMMAND: POST /session/85be7df00c2941df1715a768c51ad8f5/element - {"using":"xpath","value":"//table[contains(@id,\"AddNewHO--TransferHOTypesRuDialogTable-listUl\")]/tbody/tr[1]/td[6]/div/div/input"}
RESULT: {"using":"xpath","value":"//table[contains(@id,\"AddNewHO--TransferHOTypesRuDialogTable-listUl\")]/tbody/tr[1]/td[6]/div/div/input"}
COMMAND: POST /session/85be7df00c2941df1715a768c51ad8f5/element/f.5D121FC7909F200889B59C01A2F655FF.d.D52E2625454405620735BC10FEAC80C2.e.31513/clear - {}
RESULT: {}
COMMAND: POST /session/85be7df00c2941df1715a768c51ad8f5/element/f.5D121FC7909F200889B59C01A2F655FF.d.D52E2625454405620735BC10FEAC80C2.e.31513/value - {"text":"1"}
COMMAND: GET /session/85be7df00c2941df1715a768c51ad8f5/screenshot - {}
RESULT: {"text":"1"}
COMMAND: GET /session/85be7df00c2941df1715a768c51ad8f5/screenshot - {}
RESULT: {}
RESULT: {}
COMMAND: POST /session/85be7df00c2941df1715a768c51ad8f5/element - {"using":"xpath","value":"//bdi[contains(text(), \"OK\")]"}
RESULT: {"using":"xpath","value":"//bdi[contains(text(), \"OK\")]"}
COMMAND: POST /session/85be7df00c2941df1715a768c51ad8f5/element/f.5D121FC7909F200889B59C01A2F655FF.d.D52E2625454405620735BC10FEAC80C2.e.31526/click - {}
RESULT: {}
COMMAND: GET /session/85be7df00c2941df1715a768c51ad8f5/screenshot - {}
RESULT: {}
COMMAND: POST /session/85be7df00c2941df1715a768c51ad8f5/execute/async - {"script":"<script> [1562 bytes]","args":[{"selector":{"id":"application-managehandovers-display-component---AddNewHO--confirmCreationButton","interaction":{"idSuffix":"BDI-content"}},"wdio_ui5_key":"applicationmanagehandovers-display-component---AddNewHO--confirmCreationButton"}]}
RESULT: {"script":"<script> [1562 bytes]","args":[{"selector":{"id":"application-managehandovers-display-component---AddNewHO--confirmCreationButton","interaction":{"idSuffix":"BDI-content"}},"wdio_ui5_key":"applicationmanagehandovers-display-component---AddNewHO--confirmCreationButton"}]}
RESULT: undefined
COMMAND: POST /session/85be7df00c2941df1715a768c51ad8f5/element - {"using":"xpath","value":"//*[@id=\"application-managehandovers-display-component---AddNewHO--confirmCreationButton\"]"}
RESULT: {"using":"xpath","value":"//*[@id=\"application-managehandovers-display-component---AddNewHO--confirmCreationButton\"]"}
COMMAND: POST /session/85be7df00c2941df1715a768c51ad8f5/element/f.5D121FC7909F200889B59C01A2F655FF.d.D52E2625454405620735BC10FEAC80C2.e.31542/click - {}
RESULT: {}
COMMAND: GET /session/85be7df00c2941df1715a768c51ad8f5/screenshot - {}
RESULT: {}
COMMAND: POST /session/85be7df00c2941df1715a768c51ad8f5/element - {"using":"xpath","value":"(//section[contains(@id,\"headerContentForm--FC-NoHead\")])[2]/div[1]/div[5]/div[2]/div/span"}
RESULT: {"using":"xpath","value":"(//section[contains(@id,\"headerContentForm--FC-NoHead\")])[2]/div[1]/div[5]/div[2]/div/span"}
COMMAND: POST /session/85be7df00c2941df1715a768c51ad8f5/execute/sync - {"script":"<script> [56 bytes]","args":[{"element-6066-11e4-a52e-4f735466cecf":"f.5D121FC7909F200889B59C01A2F655FF.d.D52E2625454405620735BC10FEAC80C2.e.31609","ELEMENT":"f.5D121FC7909F200889B59C01A2F655FF.d.D52E2625454405620735BC10FEAC80C2.e.31609"}]}
RESULT: {"script":"<script> [56 bytes]","args":[{"element-6066-11e4-a52e-4f735466cecf":"f.5D121FC7909F200889B59C01A2F655FF.d.D52E2625454405620735BC10FEAC80C2.e.31609","ELEMENT":"f.5D121FC7909F200889B59C01A2F655FF.d.D52E2625454405620735BC10FEAC80C2.e.31609"}]}
COMMAND: POST /session/85be7df00c2941df1715a768c51ad8f5/execute/async - {"script":"<script> [1562 bytes]","args":[{"selector":{"id":"issueDatePicker","viewName":"etm.portal.ui.managehandovers.view.DetailExecuteHO","interaction":{"idSuffix":"inner"}},"wdio_ui5_key":"issueDatePickeretmportal.ui.managehandovers.view.DetailExecuteHO"}]}
COMMAND: GET /session/85be7df00c2941df1715a768c51ad8f5/screenshot - {}
RESULT: {"script":"<script> [1562 bytes]","args":[{"selector":{"id":"issueDatePicker","viewName":"etm.portal.ui.managehandovers.view.DetailExecuteHO","interaction":{"idSuffix":"inner"}},"wdio_ui5_key":"issueDatePickeretmportal.ui.managehandovers.view.DetailExecuteHO"}]}
RESULT: undefined
COMMAND: POST /session/85be7df00c2941df1715a768c51ad8f5/execute/async - {"script":"<script> [776 bytes]","args":[{"enterText":"05/23/25","selector":{"id":"issueDatePicker","viewName":"etm.portal.ui.managehandovers.view.DetailExecuteHO","interaction":{"idSuffix":"inner"}},"clearTextFirst":true,"interactionType":"ENTER_TEXT"}]}
RESULT: {}
RESULT: {"script":"<script> [776 bytes]","args":[{"enterText":"05/23/25","selector":{"id":"issueDatePicker","viewName":"etm.portal.ui.managehandovers.view.DetailExecuteHO","interaction":{"idSuffix":"inner"}},"clearTextFirst":true,"interactionType":"ENTER_TEXT"}]}
COMMAND: POST /session/85be7df00c2941df1715a768c51ad8f5/element - {"using":"xpath","value":"//bdi[contains(text(), \"OK\")]"}
RESULT: {"using":"xpath","value":"//bdi[contains(text(), \"OK\")]"}
COMMAND: POST /session/85be7df00c2941df1715a768c51ad8f5/element/f.5D121FC7909F200889B59C01A2F655FF.d.D52E2625454405620735BC10FEAC80C2.e.31613/click - {}
RESULT: {}
COMMAND: GET /session/85be7df00c2941df1715a768c51ad8f5/screenshot - {}
RESULT: {}
COMMAND: POST /session/85be7df00c2941df1715a768c51ad8f5/execute/async - {"script":"<script> [1562 bytes]","args":[{"selector":{"controlType":"sap.m.Button","viewName":"etm.portal.ui.managehandovers.view.DetailExecuteHO","i18NText":{"propertyName":"text","key":"pickQty"},"interaction":{"idSuffix":"content"}},"wdio_ui5_key":"etmportal.ui.managehandovers.view.DetailExecuteHOsap.m.Button{\"propertyName\":\"text\",\"key\":\"pickQty\"}"}]}
RESULT: {"script":"<script> [1562 bytes]","args":[{"selector":{"controlType":"sap.m.Button","viewName":"etm.portal.ui.managehandovers.view.DetailExecuteHO","i18NText":{"propertyName":"text","key":"pickQty"},"interaction":{"idSuffix":"content"}},"wdio_ui5_key":"etmportal.ui.managehandovers.view.DetailExecuteHOsap.m.Button{\"propertyName\":\"text\",\"key\":\"pickQty\"}"}]}
RESULT: undefined
COMMAND: POST /session/85be7df00c2941df1715a768c51ad8f5/element - {"using":"xpath","value":"//*[@id=\"__button433\"]"}
RESULT: {"using":"xpath","value":"//*[@id=\"__button433\"]"}
COMMAND: POST /session/85be7df00c2941df1715a768c51ad8f5/element/f.5D121FC7909F200889B59C01A2F655FF.d.D52E2625454405620735BC10FEAC80C2.e.31621/click - {}
RESULT: {}
COMMAND: GET /session/85be7df00c2941df1715a768c51ad8f5/screenshot - {}
RESULT: {}
COMMAND: POST /session/85be7df00c2941df1715a768c51ad8f5/execute/async - {"script":"<script> [1562 bytes]","args":[{"selector":{"controlType":"sap.m.NumericInput","viewName":"etm.portal.ui.managehandovers.view.DetailExecuteHO","properties":{"value":"0"},"searchOpenDialogs":true,"interaction":{"idSuffix":"inner"}},"wdio_ui5_key":"etmportal.ui.managehandovers.view.DetailExecuteHOsap.m.NumericInput{\"value\":\"0\"}"}]}
RESULT: {"script":"<script> [1562 bytes]","args":[{"selector":{"controlType":"sap.m.NumericInput","viewName":"etm.portal.ui.managehandovers.view.DetailExecuteHO","properties":{"value":"0"},"searchOpenDialogs":true,"interaction":{"idSuffix":"inner"}},"wdio_ui5_key":"etmportal.ui.managehandovers.view.DetailExecuteHOsap.m.NumericInput{\"value\":\"0\"}"}]}
RESULT: undefined
COMMAND: POST /session/85be7df00c2941df1715a768c51ad8f5/execute/async - {"script":"<script> [1562 bytes]","args":[{"selector":{"id":"statesDialog--okBttnStatesDialog","searchOpenDialogs":true,"interaction":{"idSuffix":"BDI-content"}},"wdio_ui5_key":"statesDialogokBttnStatesDialog"}]}
RESULT: {"script":"<script> [1562 bytes]","args":[{"selector":{"id":"statesDialog--okBttnStatesDialog","searchOpenDialogs":true,"interaction":{"idSuffix":"BDI-content"}},"wdio_ui5_key":"statesDialogokBttnStatesDialog"}]}
RESULT: undefined
COMMAND: POST /session/85be7df00c2941df1715a768c51ad8f5/element - {"using":"xpath","value":"//*[@id=\"statesDialog--okBttnStatesDialog\"]"}
RESULT: {"using":"xpath","value":"//*[@id=\"statesDialog--okBttnStatesDialog\"]"}
COMMAND: POST /session/85be7df00c2941df1715a768c51ad8f5/element/f.5D121FC7909F200889B59C01A2F655FF.d.D52E2625454405620735BC10FEAC80C2.e.31628/click - {}
RESULT: {}
COMMAND: GET /session/85be7df00c2941df1715a768c51ad8f5/screenshot - {}
RESULT: {}
COMMAND: POST /session/85be7df00c2941df1715a768c51ad8f5/element - {"using":"xpath","value":"//button[@data-kt=\"IssuingTableConfirmAllButton\"]"}
RESULT: {"using":"xpath","value":"//button[@data-kt=\"IssuingTableConfirmAllButton\"]"}
COMMAND: POST /session/85be7df00c2941df1715a768c51ad8f5/elements - {"using":"xpath","value":"//button[@data-kt=\"IssuingTableConfirmAllButton\"]"}
RESULT: {"using":"xpath","value":"//button[@data-kt=\"IssuingTableConfirmAllButton\"]"}
COMMAND: POST /session/85be7df00c2941df1715a768c51ad8f5/elements - {"using":"xpath","value":"//button[@data-kt=\"IssuingTableConfirmAllButton\"]"}
RESULT: {"using":"xpath","value":"//button[@data-kt=\"IssuingTableConfirmAllButton\"]"}
COMMAND: POST /session/85be7df00c2941df1715a768c51ad8f5/elements - {"using":"xpath","value":"//button[@data-kt=\"IssuingTableConfirmAllButton\"]"}
RESULT: {"using":"xpath","value":"//button[@data-kt=\"IssuingTableConfirmAllButton\"]"}
COMMAND: POST /session/85be7df00c2941df1715a768c51ad8f5/elements - {"using":"xpath","value":"//button[@data-kt=\"IssuingTableConfirmAllButton\"]"}
RESULT: {"using":"xpath","value":"//button[@data-kt=\"IssuingTableConfirmAllButton\"]"}
COMMAND: POST /session/85be7df00c2941df1715a768c51ad8f5/elements - {"using":"xpath","value":"//button[@data-kt=\"IssuingTableConfirmAllButton\"]"}
RESULT: {"using":"xpath","value":"//button[@data-kt=\"IssuingTableConfirmAllButton\"]"}
COMMAND: POST /session/85be7df00c2941df1715a768c51ad8f5/elements - {"using":"xpath","value":"//button[@data-kt=\"IssuingTableConfirmAllButton\"]"}
RESULT: {"using":"xpath","value":"//button[@data-kt=\"IssuingTableConfirmAllButton\"]"}
COMMAND: POST /session/85be7df00c2941df1715a768c51ad8f5/elements - {"using":"xpath","value":"//button[@data-kt=\"IssuingTableConfirmAllButton\"]"}
RESULT: {"using":"xpath","value":"//button[@data-kt=\"IssuingTableConfirmAllButton\"]"}
COMMAND: POST /session/85be7df00c2941df1715a768c51ad8f5/elements - {"using":"xpath","value":"//button[@data-kt=\"IssuingTableConfirmAllButton\"]"}
RESULT: {"using":"xpath","value":"//button[@data-kt=\"IssuingTableConfirmAllButton\"]"}
COMMAND: POST /session/85be7df00c2941df1715a768c51ad8f5/elements - {"using":"xpath","value":"//button[@data-kt=\"IssuingTableConfirmAllButton\"]"}
RESULT: {"using":"xpath","value":"//button[@data-kt=\"IssuingTableConfirmAllButton\"]"}
COMMAND: POST /session/85be7df00c2941df1715a768c51ad8f5/elements - {"using":"xpath","value":"//button[@data-kt=\"IssuingTableConfirmAllButton\"]"}
RESULT: {"using":"xpath","value":"//button[@data-kt=\"IssuingTableConfirmAllButton\"]"}
COMMAND: POST /session/85be7df00c2941df1715a768c51ad8f5/elements - {"using":"xpath","value":"//button[@data-kt=\"IssuingTableConfirmAllButton\"]"}
RESULT: {"using":"xpath","value":"//button[@data-kt=\"IssuingTableConfirmAllButton\"]"}
COMMAND: POST /session/85be7df00c2941df1715a768c51ad8f5/elements - {"using":"xpath","value":"//button[@data-kt=\"IssuingTableConfirmAllButton\"]"}
RESULT: {"using":"xpath","value":"//button[@data-kt=\"IssuingTableConfirmAllButton\"]"}
COMMAND: POST /session/85be7df00c2941df1715a768c51ad8f5/elements - {"using":"xpath","value":"//button[@data-kt=\"IssuingTableConfirmAllButton\"]"}
RESULT: {"using":"xpath","value":"//button[@data-kt=\"IssuingTableConfirmAllButton\"]"}
COMMAND: POST /session/85be7df00c2941df1715a768c51ad8f5/elements - {"using":"xpath","value":"//button[@data-kt=\"IssuingTableConfirmAllButton\"]"}
RESULT: {"using":"xpath","value":"//button[@data-kt=\"IssuingTableConfirmAllButton\"]"}
COMMAND: POST /session/85be7df00c2941df1715a768c51ad8f5/elements - {"using":"xpath","value":"//button[@data-kt=\"IssuingTableConfirmAllButton\"]"}
RESULT: {"using":"xpath","value":"//button[@data-kt=\"IssuingTableConfirmAllButton\"]"}
COMMAND: POST /session/85be7df00c2941df1715a768c51ad8f5/elements - {"using":"xpath","value":"//button[@data-kt=\"IssuingTableConfirmAllButton\"]"}
RESULT: {"using":"xpath","value":"//button[@data-kt=\"IssuingTableConfirmAllButton\"]"}
COMMAND: POST /session/85be7df00c2941df1715a768c51ad8f5/elements - {"using":"xpath","value":"//button[@data-kt=\"IssuingTableConfirmAllButton\"]"}
RESULT: {"using":"xpath","value":"//button[@data-kt=\"IssuingTableConfirmAllButton\"]"}
COMMAND: POST /session/85be7df00c2941df1715a768c51ad8f5/elements - {"using":"xpath","value":"//button[@data-kt=\"IssuingTableConfirmAllButton\"]"}
RESULT: {"using":"xpath","value":"//button[@data-kt=\"IssuingTableConfirmAllButton\"]"}
COMMAND: POST /session/85be7df00c2941df1715a768c51ad8f5/elements - {"using":"xpath","value":"//button[@data-kt=\"IssuingTableConfirmAllButton\"]"}
RESULT: {"using":"xpath","value":"//button[@data-kt=\"IssuingTableConfirmAllButton\"]"}
COMMAND: POST /session/85be7df00c2941df1715a768c51ad8f5/elements - {"using":"xpath","value":"//button[@data-kt=\"IssuingTableConfirmAllButton\"]"}
RESULT: {"using":"xpath","value":"//button[@data-kt=\"IssuingTableConfirmAllButton\"]"}
COMMAND: POST /session/85be7df00c2941df1715a768c51ad8f5/elements - {"using":"xpath","value":"//button[@data-kt=\"IssuingTableConfirmAllButton\"]"}
RESULT: {"using":"xpath","value":"//button[@data-kt=\"IssuingTableConfirmAllButton\"]"}
COMMAND: POST /session/85be7df00c2941df1715a768c51ad8f5/elements - {"using":"xpath","value":"//button[@data-kt=\"IssuingTableConfirmAllButton\"]"}
RESULT: {"using":"xpath","value":"//button[@data-kt=\"IssuingTableConfirmAllButton\"]"}
COMMAND: POST /session/85be7df00c2941df1715a768c51ad8f5/elements - {"using":"xpath","value":"//button[@data-kt=\"IssuingTableConfirmAllButton\"]"}
RESULT: {"using":"xpath","value":"//button[@data-kt=\"IssuingTableConfirmAllButton\"]"}
COMMAND: POST /session/85be7df00c2941df1715a768c51ad8f5/elements - {"using":"xpath","value":"//button[@data-kt=\"IssuingTableConfirmAllButton\"]"}
RESULT: {"using":"xpath","value":"//button[@data-kt=\"IssuingTableConfirmAllButton\"]"}
COMMAND: POST /session/85be7df00c2941df1715a768c51ad8f5/elements - {"using":"xpath","value":"//button[@data-kt=\"IssuingTableConfirmAllButton\"]"}
RESULT: {"using":"xpath","value":"//button[@data-kt=\"IssuingTableConfirmAllButton\"]"}
COMMAND: POST /session/85be7df00c2941df1715a768c51ad8f5/elements - {"using":"xpath","value":"//button[@data-kt=\"IssuingTableConfirmAllButton\"]"}
RESULT: {"using":"xpath","value":"//button[@data-kt=\"IssuingTableConfirmAllButton\"]"}
COMMAND: POST /session/85be7df00c2941df1715a768c51ad8f5/elements - {"using":"xpath","value":"//button[@data-kt=\"IssuingTableConfirmAllButton\"]"}
RESULT: {"using":"xpath","value":"//button[@data-kt=\"IssuingTableConfirmAllButton\"]"}
COMMAND: POST /session/85be7df00c2941df1715a768c51ad8f5/elements - {"using":"xpath","value":"//button[@data-kt=\"IssuingTableConfirmAllButton\"]"}
RESULT: {"using":"xpath","value":"//button[@data-kt=\"IssuingTableConfirmAllButton\"]"}
COMMAND: POST /session/85be7df00c2941df1715a768c51ad8f5/elements - {"using":"xpath","value":"//button[@data-kt=\"IssuingTableConfirmAllButton\"]"}
RESULT: {"using":"xpath","value":"//button[@data-kt=\"IssuingTableConfirmAllButton\"]"}
COMMAND: POST /session/85be7df00c2941df1715a768c51ad8f5/elements - {"using":"xpath","value":"//button[@data-kt=\"IssuingTableConfirmAllButton\"]"}
RESULT: {"using":"xpath","value":"//button[@data-kt=\"IssuingTableConfirmAllButton\"]"}
COMMAND: POST /session/85be7df00c2941df1715a768c51ad8f5/elements - {"using":"xpath","value":"//button[@data-kt=\"IssuingTableConfirmAllButton\"]"}
RESULT: {"using":"xpath","value":"//button[@data-kt=\"IssuingTableConfirmAllButton\"]"}
COMMAND: POST /session/85be7df00c2941df1715a768c51ad8f5/elements - {"using":"xpath","value":"//button[@data-kt=\"IssuingTableConfirmAllButton\"]"}
RESULT: {"using":"xpath","value":"//button[@data-kt=\"IssuingTableConfirmAllButton\"]"}
COMMAND: POST /session/85be7df00c2941df1715a768c51ad8f5/elements - {"using":"xpath","value":"//button[@data-kt=\"IssuingTableConfirmAllButton\"]"}
RESULT: {"using":"xpath","value":"//button[@data-kt=\"IssuingTableConfirmAllButton\"]"}
COMMAND: POST /session/85be7df00c2941df1715a768c51ad8f5/elements - {"using":"xpath","value":"//button[@data-kt=\"IssuingTableConfirmAllButton\"]"}
RESULT: {"using":"xpath","value":"//button[@data-kt=\"IssuingTableConfirmAllButton\"]"}
COMMAND: POST /session/85be7df00c2941df1715a768c51ad8f5/elements - {"using":"xpath","value":"//button[@data-kt=\"IssuingTableConfirmAllButton\"]"}
RESULT: {"using":"xpath","value":"//button[@data-kt=\"IssuingTableConfirmAllButton\"]"}
COMMAND: POST /session/85be7df00c2941df1715a768c51ad8f5/elements - {"using":"xpath","value":"//button[@data-kt=\"IssuingTableConfirmAllButton\"]"}
RESULT: {"using":"xpath","value":"//button[@data-kt=\"IssuingTableConfirmAllButton\"]"}
COMMAND: POST /session/85be7df00c2941df1715a768c51ad8f5/elements - {"using":"xpath","value":"//button[@data-kt=\"IssuingTableConfirmAllButton\"]"}
RESULT: {"using":"xpath","value":"//button[@data-kt=\"IssuingTableConfirmAllButton\"]"}
COMMAND: POST /session/85be7df00c2941df1715a768c51ad8f5/elements - {"using":"xpath","value":"//button[@data-kt=\"IssuingTableConfirmAllButton\"]"}
RESULT: {"using":"xpath","value":"//button[@data-kt=\"IssuingTableConfirmAllButton\"]"}
COMMAND: POST /session/85be7df00c2941df1715a768c51ad8f5/elements - {"using":"xpath","value":"//button[@data-kt=\"IssuingTableConfirmAllButton\"]"}
RESULT: {"using":"xpath","value":"//button[@data-kt=\"IssuingTableConfirmAllButton\"]"}
COMMAND: POST /session/85be7df00c2941df1715a768c51ad8f5/elements - {"using":"xpath","value":"//button[@data-kt=\"IssuingTableConfirmAllButton\"]"}
RESULT: {"using":"xpath","value":"//button[@data-kt=\"IssuingTableConfirmAllButton\"]"}
COMMAND: POST /session/85be7df00c2941df1715a768c51ad8f5/elements - {"using":"xpath","value":"//button[@data-kt=\"IssuingTableConfirmAllButton\"]"}
RESULT: {"using":"xpath","value":"//button[@data-kt=\"IssuingTableConfirmAllButton\"]"}
COMMAND: POST /session/85be7df00c2941df1715a768c51ad8f5/elements - {"using":"xpath","value":"//button[@data-kt=\"IssuingTableConfirmAllButton\"]"}
RESULT: {"using":"xpath","value":"//button[@data-kt=\"IssuingTableConfirmAllButton\"]"}
COMMAND: POST /session/85be7df00c2941df1715a768c51ad8f5/elements - {"using":"xpath","value":"//button[@data-kt=\"IssuingTableConfirmAllButton\"]"}
RESULT: {"using":"xpath","value":"//button[@data-kt=\"IssuingTableConfirmAllButton\"]"}
COMMAND: POST /session/85be7df00c2941df1715a768c51ad8f5/elements - {"using":"xpath","value":"//button[@data-kt=\"IssuingTableConfirmAllButton\"]"}
RESULT: {"using":"xpath","value":"//button[@data-kt=\"IssuingTableConfirmAllButton\"]"}
COMMAND: POST /session/85be7df00c2941df1715a768c51ad8f5/elements - {"using":"xpath","value":"//button[@data-kt=\"IssuingTableConfirmAllButton\"]"}
RESULT: {"using":"xpath","value":"//button[@data-kt=\"IssuingTableConfirmAllButton\"]"}
COMMAND: POST /session/85be7df00c2941df1715a768c51ad8f5/elements - {"using":"xpath","value":"//button[@data-kt=\"IssuingTableConfirmAllButton\"]"}
RESULT: {"using":"xpath","value":"//button[@data-kt=\"IssuingTableConfirmAllButton\"]"}
COMMAND: POST /session/85be7df00c2941df1715a768c51ad8f5/elements - {"using":"xpath","value":"//button[@data-kt=\"IssuingTableConfirmAllButton\"]"}
RESULT: {"using":"xpath","value":"//button[@data-kt=\"IssuingTableConfirmAllButton\"]"}
COMMAND: POST /session/85be7df00c2941df1715a768c51ad8f5/elements - {"using":"xpath","value":"//button[@data-kt=\"IssuingTableConfirmAllButton\"]"}
RESULT: {"using":"xpath","value":"//button[@data-kt=\"IssuingTableConfirmAllButton\"]"}
COMMAND: POST /session/85be7df00c2941df1715a768c51ad8f5/elements - {"using":"xpath","value":"//button[@data-kt=\"IssuingTableConfirmAllButton\"]"}
RESULT: {"using":"xpath","value":"//button[@data-kt=\"IssuingTableConfirmAllButton\"]"}
COMMAND: POST /session/85be7df00c2941df1715a768c51ad8f5/elements - {"using":"xpath","value":"//button[@data-kt=\"IssuingTableConfirmAllButton\"]"}
RESULT: {"using":"xpath","value":"//button[@data-kt=\"IssuingTableConfirmAllButton\"]"}
COMMAND: POST /session/85be7df00c2941df1715a768c51ad8f5/elements - {"using":"xpath","value":"//button[@data-kt=\"IssuingTableConfirmAllButton\"]"}
RESULT: {"using":"xpath","value":"//button[@data-kt=\"IssuingTableConfirmAllButton\"]"}
COMMAND: POST /session/85be7df00c2941df1715a768c51ad8f5/elements - {"using":"xpath","value":"//button[@data-kt=\"IssuingTableConfirmAllButton\"]"}
RESULT: {"using":"xpath","value":"//button[@data-kt=\"IssuingTableConfirmAllButton\"]"}
COMMAND: POST /session/85be7df00c2941df1715a768c51ad8f5/elements - {"using":"xpath","value":"//button[@data-kt=\"IssuingTableConfirmAllButton\"]"}
RESULT: {"using":"xpath","value":"//button[@data-kt=\"IssuingTableConfirmAllButton\"]"}
COMMAND: POST /session/85be7df00c2941df1715a768c51ad8f5/elements - {"using":"xpath","value":"//button[@data-kt=\"IssuingTableConfirmAllButton\"]"}
RESULT: {"using":"xpath","value":"//button[@data-kt=\"IssuingTableConfirmAllButton\"]"}
COMMAND: POST /session/85be7df00c2941df1715a768c51ad8f5/elements - {"using":"xpath","value":"//button[@data-kt=\"IssuingTableConfirmAllButton\"]"}
RESULT: {"using":"xpath","value":"//button[@data-kt=\"IssuingTableConfirmAllButton\"]"}
COMMAND: POST /session/85be7df00c2941df1715a768c51ad8f5/elements - {"using":"xpath","value":"//button[@data-kt=\"IssuingTableConfirmAllButton\"]"}
RESULT: {"using":"xpath","value":"//button[@data-kt=\"IssuingTableConfirmAllButton\"]"}
COMMAND: POST /session/85be7df00c2941df1715a768c51ad8f5/elements - {"using":"xpath","value":"//button[@data-kt=\"IssuingTableConfirmAllButton\"]"}
RESULT: {"using":"xpath","value":"//button[@data-kt=\"IssuingTableConfirmAllButton\"]"}
COMMAND: POST /session/85be7df00c2941df1715a768c51ad8f5/elements - {"using":"xpath","value":"//button[@data-kt=\"IssuingTableConfirmAllButton\"]"}
RESULT: {"using":"xpath","value":"//button[@data-kt=\"IssuingTableConfirmAllButton\"]"}
COMMAND: POST /session/85be7df00c2941df1715a768c51ad8f5/elements - {"using":"xpath","value":"//button[@data-kt=\"IssuingTableConfirmAllButton\"]"}
RESULT: {"using":"xpath","value":"//button[@data-kt=\"IssuingTableConfirmAllButton\"]"}
COMMAND: POST /session/85be7df00c2941df1715a768c51ad8f5/elements - {"using":"xpath","value":"//button[@data-kt=\"IssuingTableConfirmAllButton\"]"}
RESULT: {"using":"xpath","value":"//button[@data-kt=\"IssuingTableConfirmAllButton\"]"}
COMMAND: POST /session/85be7df00c2941df1715a768c51ad8f5/elements - {"using":"xpath","value":"//button[@data-kt=\"IssuingTableConfirmAllButton\"]"}
RESULT: {"using":"xpath","value":"//button[@data-kt=\"IssuingTableConfirmAllButton\"]"}
COMMAND: POST /session/85be7df00c2941df1715a768c51ad8f5/elements - {"using":"xpath","value":"//button[@data-kt=\"IssuingTableConfirmAllButton\"]"}
RESULT: {"using":"xpath","value":"//button[@data-kt=\"IssuingTableConfirmAllButton\"]"}
COMMAND: POST /session/85be7df00c2941df1715a768c51ad8f5/elements - {"using":"xpath","value":"//button[@data-kt=\"IssuingTableConfirmAllButton\"]"}
RESULT: {"using":"xpath","value":"//button[@data-kt=\"IssuingTableConfirmAllButton\"]"}
COMMAND: POST /session/85be7df00c2941df1715a768c51ad8f5/elements - {"using":"xpath","value":"//button[@data-kt=\"IssuingTableConfirmAllButton\"]"}
RESULT: {"using":"xpath","value":"//button[@data-kt=\"IssuingTableConfirmAllButton\"]"}
COMMAND: POST /session/85be7df00c2941df1715a768c51ad8f5/elements - {"using":"xpath","value":"//button[@data-kt=\"IssuingTableConfirmAllButton\"]"}
RESULT: {"using":"xpath","value":"//button[@data-kt=\"IssuingTableConfirmAllButton\"]"}
COMMAND: POST /session/85be7df00c2941df1715a768c51ad8f5/elements - {"using":"xpath","value":"//button[@data-kt=\"IssuingTableConfirmAllButton\"]"}
RESULT: {"using":"xpath","value":"//button[@data-kt=\"IssuingTableConfirmAllButton\"]"}
COMMAND: POST /session/85be7df00c2941df1715a768c51ad8f5/elements - {"using":"xpath","value":"//button[@data-kt=\"IssuingTableConfirmAllButton\"]"}
RESULT: {"using":"xpath","value":"//button[@data-kt=\"IssuingTableConfirmAllButton\"]"}
COMMAND: POST /session/85be7df00c2941df1715a768c51ad8f5/elements - {"using":"xpath","value":"//button[@data-kt=\"IssuingTableConfirmAllButton\"]"}
RESULT: {"using":"xpath","value":"//button[@data-kt=\"IssuingTableConfirmAllButton\"]"}
COMMAND: POST /session/85be7df00c2941df1715a768c51ad8f5/elements - {"using":"xpath","value":"//button[@data-kt=\"IssuingTableConfirmAllButton\"]"}
RESULT: {"using":"xpath","value":"//button[@data-kt=\"IssuingTableConfirmAllButton\"]"}
COMMAND: POST /session/85be7df00c2941df1715a768c51ad8f5/elements - {"using":"xpath","value":"//button[@data-kt=\"IssuingTableConfirmAllButton\"]"}
RESULT: {"using":"xpath","value":"//button[@data-kt=\"IssuingTableConfirmAllButton\"]"}
COMMAND: POST /session/85be7df00c2941df1715a768c51ad8f5/elements - {"using":"xpath","value":"//button[@data-kt=\"IssuingTableConfirmAllButton\"]"}
RESULT: {"using":"xpath","value":"//button[@data-kt=\"IssuingTableConfirmAllButton\"]"}
COMMAND: POST /session/85be7df00c2941df1715a768c51ad8f5/elements - {"using":"xpath","value":"//button[@data-kt=\"IssuingTableConfirmAllButton\"]"}
RESULT: {"using":"xpath","value":"//button[@data-kt=\"IssuingTableConfirmAllButton\"]"}
COMMAND: POST /session/85be7df00c2941df1715a768c51ad8f5/elements - {"using":"xpath","value":"//button[@data-kt=\"IssuingTableConfirmAllButton\"]"}
RESULT: {"using":"xpath","value":"//button[@data-kt=\"IssuingTableConfirmAllButton\"]"}
COMMAND: POST /session/85be7df00c2941df1715a768c51ad8f5/elements - {"using":"xpath","value":"//button[@data-kt=\"IssuingTableConfirmAllButton\"]"}
RESULT: {"using":"xpath","value":"//button[@data-kt=\"IssuingTableConfirmAllButton\"]"}
COMMAND: POST /session/85be7df00c2941df1715a768c51ad8f5/elements - {"using":"xpath","value":"//button[@data-kt=\"IssuingTableConfirmAllButton\"]"}
RESULT: {"using":"xpath","value":"//button[@data-kt=\"IssuingTableConfirmAllButton\"]"}
COMMAND: POST /session/85be7df00c2941df1715a768c51ad8f5/elements - {"using":"xpath","value":"//button[@data-kt=\"IssuingTableConfirmAllButton\"]"}
RESULT: {"using":"xpath","value":"//button[@data-kt=\"IssuingTableConfirmAllButton\"]"}
COMMAND: POST /session/85be7df00c2941df1715a768c51ad8f5/elements - {"using":"xpath","value":"//button[@data-kt=\"IssuingTableConfirmAllButton\"]"}
RESULT: {"using":"xpath","value":"//button[@data-kt=\"IssuingTableConfirmAllButton\"]"}
COMMAND: POST /session/85be7df00c2941df1715a768c51ad8f5/elements - {"using":"xpath","value":"//button[@data-kt=\"IssuingTableConfirmAllButton\"]"}
RESULT: {"using":"xpath","value":"//button[@data-kt=\"IssuingTableConfirmAllButton\"]"}
COMMAND: POST /session/85be7df00c2941df1715a768c51ad8f5/elements - {"using":"xpath","value":"//button[@data-kt=\"IssuingTableConfirmAllButton\"]"}
RESULT: {"using":"xpath","value":"//button[@data-kt=\"IssuingTableConfirmAllButton\"]"}
COMMAND: POST /session/85be7df00c2941df1715a768c51ad8f5/elements - {"using":"xpath","value":"//button[@data-kt=\"IssuingTableConfirmAllButton\"]"}
RESULT: {"using":"xpath","value":"//button[@data-kt=\"IssuingTableConfirmAllButton\"]"}
COMMAND: POST /session/85be7df00c2941df1715a768c51ad8f5/elements - {"using":"xpath","value":"//button[@data-kt=\"IssuingTableConfirmAllButton\"]"}
RESULT: {"using":"xpath","value":"//button[@data-kt=\"IssuingTableConfirmAllButton\"]"}
COMMAND: POST /session/85be7df00c2941df1715a768c51ad8f5/elements - {"using":"xpath","value":"//button[@data-kt=\"IssuingTableConfirmAllButton\"]"}
RESULT: {"using":"xpath","value":"//button[@data-kt=\"IssuingTableConfirmAllButton\"]"}
COMMAND: POST /session/85be7df00c2941df1715a768c51ad8f5/elements - {"using":"xpath","value":"//button[@data-kt=\"IssuingTableConfirmAllButton\"]"}
RESULT: {"using":"xpath","value":"//button[@data-kt=\"IssuingTableConfirmAllButton\"]"}
COMMAND: POST /session/85be7df00c2941df1715a768c51ad8f5/elements - {"using":"xpath","value":"//button[@data-kt=\"IssuingTableConfirmAllButton\"]"}
RESULT: {"using":"xpath","value":"//button[@data-kt=\"IssuingTableConfirmAllButton\"]"}
COMMAND: POST /session/85be7df00c2941df1715a768c51ad8f5/elements - {"using":"xpath","value":"//button[@data-kt=\"IssuingTableConfirmAllButton\"]"}
RESULT: {"using":"xpath","value":"//button[@data-kt=\"IssuingTableConfirmAllButton\"]"}
COMMAND: POST /session/85be7df00c2941df1715a768c51ad8f5/elements - {"using":"xpath","value":"//button[@data-kt=\"IssuingTableConfirmAllButton\"]"}
RESULT: {"using":"xpath","value":"//button[@data-kt=\"IssuingTableConfirmAllButton\"]"}
COMMAND: POST /session/85be7df00c2941df1715a768c51ad8f5/elements - {"using":"xpath","value":"//button[@data-kt=\"IssuingTableConfirmAllButton\"]"}
RESULT: {"using":"xpath","value":"//button[@data-kt=\"IssuingTableConfirmAllButton\"]"}
COMMAND: POST /session/85be7df00c2941df1715a768c51ad8f5/elements - {"using":"xpath","value":"//button[@data-kt=\"IssuingTableConfirmAllButton\"]"}
RESULT: {"using":"xpath","value":"//button[@data-kt=\"IssuingTableConfirmAllButton\"]"}
COMMAND: POST /session/85be7df00c2941df1715a768c51ad8f5/elements - {"using":"xpath","value":"//button[@data-kt=\"IssuingTableConfirmAllButton\"]"}
RESULT: {"using":"xpath","value":"//button[@data-kt=\"IssuingTableConfirmAllButton\"]"}
COMMAND: POST /session/85be7df00c2941df1715a768c51ad8f5/elements - {"using":"xpath","value":"//button[@data-kt=\"IssuingTableConfirmAllButton\"]"}
RESULT: {"using":"xpath","value":"//button[@data-kt=\"IssuingTableConfirmAllButton\"]"}
COMMAND: POST /session/85be7df00c2941df1715a768c51ad8f5/elements - {"using":"xpath","value":"//button[@data-kt=\"IssuingTableConfirmAllButton\"]"}
RESULT: {"using":"xpath","value":"//button[@data-kt=\"IssuingTableConfirmAllButton\"]"}
COMMAND: POST /session/85be7df00c2941df1715a768c51ad8f5/elements - {"using":"xpath","value":"//button[@data-kt=\"IssuingTableConfirmAllButton\"]"}
RESULT: {"using":"xpath","value":"//button[@data-kt=\"IssuingTableConfirmAllButton\"]"}
COMMAND: POST /session/85be7df00c2941df1715a768c51ad8f5/elements - {"using":"xpath","value":"//button[@data-kt=\"IssuingTableConfirmAllButton\"]"}
RESULT: {"using":"xpath","value":"//button[@data-kt=\"IssuingTableConfirmAllButton\"]"}
COMMAND: POST /session/85be7df00c2941df1715a768c51ad8f5/elements - {"using":"xpath","value":"//button[@data-kt=\"IssuingTableConfirmAllButton\"]"}
RESULT: {"using":"xpath","value":"//button[@data-kt=\"IssuingTableConfirmAllButton\"]"}
COMMAND: POST /session/85be7df00c2941df1715a768c51ad8f5/elements - {"using":"xpath","value":"//button[@data-kt=\"IssuingTableConfirmAllButton\"]"}
RESULT: {"using":"xpath","value":"//button[@data-kt=\"IssuingTableConfirmAllButton\"]"}
COMMAND: POST /session/85be7df00c2941df1715a768c51ad8f5/elements - {"using":"xpath","value":"//button[@data-kt=\"IssuingTableConfirmAllButton\"]"}
RESULT: {"using":"xpath","value":"//button[@data-kt=\"IssuingTableConfirmAllButton\"]"}
COMMAND: POST /session/85be7df00c2941df1715a768c51ad8f5/elements - {"using":"xpath","value":"//button[@data-kt=\"IssuingTableConfirmAllButton\"]"}
RESULT: {"using":"xpath","value":"//button[@data-kt=\"IssuingTableConfirmAllButton\"]"}
COMMAND: POST /session/85be7df00c2941df1715a768c51ad8f5/elements - {"using":"xpath","value":"//button[@data-kt=\"IssuingTableConfirmAllButton\"]"}
RESULT: {"using":"xpath","value":"//button[@data-kt=\"IssuingTableConfirmAllButton\"]"}
COMMAND: POST /session/85be7df00c2941df1715a768c51ad8f5/elements - {"using":"xpath","value":"//button[@data-kt=\"IssuingTableConfirmAllButton\"]"}
RESULT: {"using":"xpath","value":"//button[@data-kt=\"IssuingTableConfirmAllButton\"]"}
COMMAND: POST /session/85be7df00c2941df1715a768c51ad8f5/elements - {"using":"xpath","value":"//button[@data-kt=\"IssuingTableConfirmAllButton\"]"}
RESULT: {"using":"xpath","value":"//button[@data-kt=\"IssuingTableConfirmAllButton\"]"}
COMMAND: POST /session/85be7df00c2941df1715a768c51ad8f5/elements - {"using":"xpath","value":"//button[@data-kt=\"IssuingTableConfirmAllButton\"]"}
RESULT: {"using":"xpath","value":"//button[@data-kt=\"IssuingTableConfirmAllButton\"]"}
COMMAND: POST /session/85be7df00c2941df1715a768c51ad8f5/elements - {"using":"xpath","value":"//button[@data-kt=\"IssuingTableConfirmAllButton\"]"}
RESULT: {"using":"xpath","value":"//button[@data-kt=\"IssuingTableConfirmAllButton\"]"}
COMMAND: POST /session/85be7df00c2941df1715a768c51ad8f5/elements - {"using":"xpath","value":"//button[@data-kt=\"IssuingTableConfirmAllButton\"]"}
RESULT: {"using":"xpath","value":"//button[@data-kt=\"IssuingTableConfirmAllButton\"]"}
COMMAND: POST /session/85be7df00c2941df1715a768c51ad8f5/elements - {"using":"xpath","value":"//button[@data-kt=\"IssuingTableConfirmAllButton\"]"}
RESULT: {"using":"xpath","value":"//button[@data-kt=\"IssuingTableConfirmAllButton\"]"}
COMMAND: POST /session/85be7df00c2941df1715a768c51ad8f5/elements - {"using":"xpath","value":"//button[@data-kt=\"IssuingTableConfirmAllButton\"]"}
RESULT: {"using":"xpath","value":"//button[@data-kt=\"IssuingTableConfirmAllButton\"]"}
COMMAND: POST /session/85be7df00c2941df1715a768c51ad8f5/elements - {"using":"xpath","value":"//button[@data-kt=\"IssuingTableConfirmAllButton\"]"}
RESULT: {"using":"xpath","value":"//button[@data-kt=\"IssuingTableConfirmAllButton\"]"}
COMMAND: POST /session/85be7df00c2941df1715a768c51ad8f5/elements - {"using":"xpath","value":"//button[@data-kt=\"IssuingTableConfirmAllButton\"]"}
RESULT: {"using":"xpath","value":"//button[@data-kt=\"IssuingTableConfirmAllButton\"]"}
COMMAND: POST /session/85be7df00c2941df1715a768c51ad8f5/elements - {"using":"xpath","value":"//button[@data-kt=\"IssuingTableConfirmAllButton\"]"}
RESULT: {"using":"xpath","value":"//button[@data-kt=\"IssuingTableConfirmAllButton\"]"}
COMMAND: POST /session/85be7df00c2941df1715a768c51ad8f5/elements - {"using":"xpath","value":"//button[@data-kt=\"IssuingTableConfirmAllButton\"]"}
RESULT: {"using":"xpath","value":"//button[@data-kt=\"IssuingTableConfirmAllButton\"]"}
COMMAND: POST /session/85be7df00c2941df1715a768c51ad8f5/elements - {"using":"xpath","value":"//button[@data-kt=\"IssuingTableConfirmAllButton\"]"}
RESULT: {"using":"xpath","value":"//button[@data-kt=\"IssuingTableConfirmAllButton\"]"}
COMMAND: POST /session/85be7df00c2941df1715a768c51ad8f5/elements - {"using":"xpath","value":"//button[@data-kt=\"IssuingTableConfirmAllButton\"]"}
RESULT: {"using":"xpath","value":"//button[@data-kt=\"IssuingTableConfirmAllButton\"]"}
COMMAND: POST /session/85be7df00c2941df1715a768c51ad8f5/elements - {"using":"xpath","value":"//button[@data-kt=\"IssuingTableConfirmAllButton\"]"}
RESULT: {"using":"xpath","value":"//button[@data-kt=\"IssuingTableConfirmAllButton\"]"}
COMMAND: POST /session/85be7df00c2941df1715a768c51ad8f5/elements - {"using":"xpath","value":"//button[@data-kt=\"IssuingTableConfirmAllButton\"]"}
RESULT: {"using":"xpath","value":"//button[@data-kt=\"IssuingTableConfirmAllButton\"]"}
COMMAND: POST /session/85be7df00c2941df1715a768c51ad8f5/elements - {"using":"xpath","value":"//button[@data-kt=\"IssuingTableConfirmAllButton\"]"}
RESULT: {"using":"xpath","value":"//button[@data-kt=\"IssuingTableConfirmAllButton\"]"}
COMMAND: POST /session/85be7df00c2941df1715a768c51ad8f5/elements - {"using":"xpath","value":"//button[@data-kt=\"IssuingTableConfirmAllButton\"]"}
RESULT: {"using":"xpath","value":"//button[@data-kt=\"IssuingTableConfirmAllButton\"]"}
COMMAND: POST /session/85be7df00c2941df1715a768c51ad8f5/elements - {"using":"xpath","value":"//button[@data-kt=\"IssuingTableConfirmAllButton\"]"}
RESULT: {"using":"xpath","value":"//button[@data-kt=\"IssuingTableConfirmAllButton\"]"}
COMMAND: POST /session/85be7df00c2941df1715a768c51ad8f5/elements - {"using":"xpath","value":"//button[@data-kt=\"IssuingTableConfirmAllButton\"]"}
RESULT: {"using":"xpath","value":"//button[@data-kt=\"IssuingTableConfirmAllButton\"]"}
COMMAND: POST /session/85be7df00c2941df1715a768c51ad8f5/elements - {"using":"xpath","value":"//button[@data-kt=\"IssuingTableConfirmAllButton\"]"}
RESULT: {"using":"xpath","value":"//button[@data-kt=\"IssuingTableConfirmAllButton\"]"}
COMMAND: POST /session/85be7df00c2941df1715a768c51ad8f5/elements - {"using":"xpath","value":"//button[@data-kt=\"IssuingTableConfirmAllButton\"]"}
RESULT: {"using":"xpath","value":"//button[@data-kt=\"IssuingTableConfirmAllButton\"]"}
COMMAND: POST /session/85be7df00c2941df1715a768c51ad8f5/elements - {"using":"xpath","value":"//button[@data-kt=\"IssuingTableConfirmAllButton\"]"}
COMMAND: GET /session/85be7df00c2941df1715a768c51ad8f5/screenshot - {}
RESULT: {"using":"xpath","value":"//button[@data-kt=\"IssuingTableConfirmAllButton\"]"}
RESULT: {}
COMMAND: GET /session/85be7df00c2941df1715a768c51ad8f5/screenshot - {}
COMMAND: GET /session/85be7df00c2941df1715a768c51ad8f5/screenshot - {}
RESULT: {}
RESULT: {}
COMMAND: DELETE /session/85be7df00c2941df1715a768c51ad8f5 - {}
RESULT: {}
]]></system-out>
      <system-err><![CDATA[
Error: Can't call click on element with selector "//button[@data-kt="IssuingTableConfirmAllButton"]" because element wasn't found
    at async Context.<anonymous> (D:\a\1\s\test\specs\HTR\transfer-yard-to-yard.spec.js:200:9)
]]></system-err>
    </testcase>
  </testsuite>
</testsuites>