<?xml version="1.0" encoding="UTF-8"?>
<testsuites tests="21" failures="0" errors="0" skipped="0">
  <testsuite timestamp="2025-05-22T17:06:25" time="436.222" tests="3" failures="0" errors="0" skipped="0">
    <properties>
      <property name="specId" value="0"/>
      <property name="suiteName" value="Create condition pricing US117289 US134625"/>
      <property name="capabilities" value="chrome.136_0_7103_93.windows"/>
      <property name="file" value="file:///D:/a/1/s/test/specs/BTS/create-condition-pricing.spec.js"/>
    </properties>
    <testcase classname="chrome.136_0_7103_93.windows.Create_condition_pricing_US117289_US134625" name="Should create a new yard used for all following tests" time="142.97">
      <system-out><![CDATA[
COMMAND: POST /session/5209fcfd0cbd9c22cf680726c4028e3f/window/fullscreen - {}
RESULT: {}
COMMAND: POST /session/5209fcfd0cbd9c22cf680726c4028e3f/execute/async - {"script":"<script> [1562 bytes]","args":[{"selector":{"controlType":"sap.m.GenericTile","properties":{"header":"Manage Yards"}},"wdio_ui5_key":"sapm.GenericTile{\"header\":\"Manage Yards\"}"}]}
RESULT: {"script":"<script> [1562 bytes]","args":[{"selector":{"controlType":"sap.m.GenericTile","properties":{"header":"Manage Yards"}},"wdio_ui5_key":"sapm.GenericTile{\"header\":\"Manage Yards\"}"}]}
RESULT: undefined
COMMAND: POST /session/5209fcfd0cbd9c22cf680726c4028e3f/element - {"using":"xpath","value":"//*[@id=\"__tile41\"]"}
RESULT: {"using":"xpath","value":"//*[@id=\"__tile41\"]"}
COMMAND: POST /session/5209fcfd0cbd9c22cf680726c4028e3f/element/f.81B74C70C7FE6F01EFB4ED64870B6056.d.4C436BBC34D184A8152AC67BEB374F9A.e.158/click - {}
RESULT: {}
COMMAND: GET /session/5209fcfd0cbd9c22cf680726c4028e3f/screenshot - {}
RESULT: {}
COMMAND: POST /session/5209fcfd0cbd9c22cf680726c4028e3f/elements - {"using":"xpath","value":"//span[text()='Error']"}
RESULT: {"using":"xpath","value":"//span[text()='Error']"}
COMMAND: POST /session/5209fcfd0cbd9c22cf680726c4028e3f/element - {"using":"xpath","value":"//button[@data-kt=\"addNewYardOverflowToolbarButton\"]"}
RESULT: {"using":"xpath","value":"//button[@data-kt=\"addNewYardOverflowToolbarButton\"]"}
COMMAND: POST /session/5209fcfd0cbd9c22cf680726c4028e3f/elements - {"using":"xpath","value":"//button[@data-kt=\"addNewYardOverflowToolbarButton\"]"}
RESULT: {"using":"xpath","value":"//button[@data-kt=\"addNewYardOverflowToolbarButton\"]"}
COMMAND: POST /session/5209fcfd0cbd9c22cf680726c4028e3f/elements - {"using":"xpath","value":"//button[@data-kt=\"addNewYardOverflowToolbarButton\"]"}
RESULT: {"using":"xpath","value":"//button[@data-kt=\"addNewYardOverflowToolbarButton\"]"}
COMMAND: POST /session/5209fcfd0cbd9c22cf680726c4028e3f/elements - {"using":"xpath","value":"//button[@data-kt=\"addNewYardOverflowToolbarButton\"]"}
RESULT: {"using":"xpath","value":"//button[@data-kt=\"addNewYardOverflowToolbarButton\"]"}
COMMAND: POST /session/5209fcfd0cbd9c22cf680726c4028e3f/element - {"using":"xpath","value":"//button[@data-kt=\"addNewYardOverflowToolbarButton\"]"}
RESULT: {"using":"xpath","value":"//button[@data-kt=\"addNewYardOverflowToolbarButton\"]"}
COMMAND: POST /session/5209fcfd0cbd9c22cf680726c4028e3f/execute/sync - {"script":"<script> [8489 bytes]","args":[{"element-6066-11e4-a52e-4f735466cecf":"f.81B74C70C7FE6F01EFB4ED64870B6056.d.4C436BBC34D184A8152AC67BEB374F9A.e.304","ELEMENT":"f.81B74C70C7FE6F01EFB4ED64870B6056.d.4C436BBC34D184A8152AC67BEB374F9A.e.304"}]}
RESULT: {"script":"<script> [8489 bytes]","args":[{"element-6066-11e4-a52e-4f735466cecf":"f.81B74C70C7FE6F01EFB4ED64870B6056.d.4C436BBC34D184A8152AC67BEB374F9A.e.304","ELEMENT":"f.81B74C70C7FE6F01EFB4ED64870B6056.d.4C436BBC34D184A8152AC67BEB374F9A.e.304"}]}
COMMAND: GET /session/5209fcfd0cbd9c22cf680726c4028e3f/element/f.81B74C70C7FE6F01EFB4ED64870B6056.d.4C436BBC34D184A8152AC67BEB374F9A.e.304/enabled - {}
COMMAND: GET /session/5209fcfd0cbd9c22cf680726c4028e3f/screenshot - {}
RESULT: {}
COMMAND: POST /session/5209fcfd0cbd9c22cf680726c4028e3f/execute/sync - {"script":"<script> [8489 bytes]","args":[{"element-6066-11e4-a52e-4f735466cecf":"f.81B74C70C7FE6F01EFB4ED64870B6056.d.4C436BBC34D184A8152AC67BEB374F9A.e.304","ELEMENT":"f.81B74C70C7FE6F01EFB4ED64870B6056.d.4C436BBC34D184A8152AC67BEB374F9A.e.304"}]}
COMMAND: GET /session/5209fcfd0cbd9c22cf680726c4028e3f/screenshot - {}
RESULT: {}
RESULT: {"script":"<script> [8489 bytes]","args":[{"element-6066-11e4-a52e-4f735466cecf":"f.81B74C70C7FE6F01EFB4ED64870B6056.d.4C436BBC34D184A8152AC67BEB374F9A.e.304","ELEMENT":"f.81B74C70C7FE6F01EFB4ED64870B6056.d.4C436BBC34D184A8152AC67BEB374F9A.e.304"}]}
COMMAND: POST /session/5209fcfd0cbd9c22cf680726c4028e3f/execute/sync - {"script":"<script> [5351 bytes]","args":[{"element-6066-11e4-a52e-4f735466cecf":"f.81B74C70C7FE6F01EFB4ED64870B6056.d.4C436BBC34D184A8152AC67BEB374F9A.e.304","ELEMENT":"f.81B74C70C7FE6F01EFB4ED64870B6056.d.4C436BBC34D184A8152AC67BEB374F9A.e.304"}]}
RESULT: {}
RESULT: {"script":"<script> [5351 bytes]","args":[{"element-6066-11e4-a52e-4f735466cecf":"f.81B74C70C7FE6F01EFB4ED64870B6056.d.4C436BBC34D184A8152AC67BEB374F9A.e.304","ELEMENT":"f.81B74C70C7FE6F01EFB4ED64870B6056.d.4C436BBC34D184A8152AC67BEB374F9A.e.304"}]}
COMMAND: POST /session/5209fcfd0cbd9c22cf680726c4028e3f/element/f.81B74C70C7FE6F01EFB4ED64870B6056.d.4C436BBC34D184A8152AC67BEB374F9A.e.304/click - {}
RESULT: {}
COMMAND: GET /session/5209fcfd0cbd9c22cf680726c4028e3f/screenshot - {}
COMMAND: GET /session/5209fcfd0cbd9c22cf680726c4028e3f/screenshot - {}
COMMAND: GET /session/5209fcfd0cbd9c22cf680726c4028e3f/screenshot - {}
RESULT: {}
COMMAND: POST /session/5209fcfd0cbd9c22cf680726c4028e3f/element - {"using":"xpath","value":"//input[@id=\"application-manageyards-display-component---NewYard--yardId-inner\"]"}
RESULT: {}
RESULT: {}
RESULT: {"using":"xpath","value":"//input[@id=\"application-manageyards-display-component---NewYard--yardId-inner\"]"}
COMMAND: POST /session/5209fcfd0cbd9c22cf680726c4028e3f/element - {"using":"xpath","value":"//input[@id=\"application-manageyards-display-component---NewYard--yardId-inner\"]"}
RESULT: {"using":"xpath","value":"//input[@id=\"application-manageyards-display-component---NewYard--yardId-inner\"]"}
COMMAND: POST /session/5209fcfd0cbd9c22cf680726c4028e3f/execute/async - {"script":"<script> [1562 bytes]","args":[{"selector":{"id":"application-manageyards-display-component---NewYard--addressDetailDetailsName1","interaction":{"idSuffix":"inner"}},"wdio_ui5_key":"applicationmanageyards-display-component---NewYard--addressDetailDetailsName1"}]}
RESULT: {"script":"<script> [1562 bytes]","args":[{"selector":{"id":"application-manageyards-display-component---NewYard--addressDetailDetailsName1","interaction":{"idSuffix":"inner"}},"wdio_ui5_key":"applicationmanageyards-display-component---NewYard--addressDetailDetailsName1"}]}
RESULT: undefined
COMMAND: POST /session/5209fcfd0cbd9c22cf680726c4028e3f/execute/async - {"script":"<script> [776 bytes]","args":[{"enterText":"DailyPrice WDIO","selector":{"id":"application-manageyards-display-component---NewYard--addressDetailDetailsName1","interaction":{"idSuffix":"inner"}},"clearTextFirst":true,"interactionType":"ENTER_TEXT"}]}
RESULT: {"script":"<script> [776 bytes]","args":[{"enterText":"DailyPrice WDIO","selector":{"id":"application-manageyards-display-component---NewYard--addressDetailDetailsName1","interaction":{"idSuffix":"inner"}},"clearTextFirst":true,"interactionType":"ENTER_TEXT"}]}
COMMAND: POST /session/5209fcfd0cbd9c22cf680726c4028e3f/execute/async - {"script":"<script> [1562 bytes]","args":[{"selector":{"id":"application-manageyards-display-component---NewYard--addressDetailDetailsLanguage-arrow"},"wdio_ui5_key":"applicationmanageyards-display-component---NewYard--addressDetailDetailsLanguage-arrow"}]}
RESULT: {"script":"<script> [1562 bytes]","args":[{"selector":{"id":"application-manageyards-display-component---NewYard--addressDetailDetailsLanguage-arrow"},"wdio_ui5_key":"applicationmanageyards-display-component---NewYard--addressDetailDetailsLanguage-arrow"}]}
RESULT: undefined
COMMAND: POST /session/5209fcfd0cbd9c22cf680726c4028e3f/element - {"using":"xpath","value":"//*[@id=\"application-manageyards-display-component---NewYard--addressDetailDetailsLanguage-arrow\"]"}
RESULT: {"using":"xpath","value":"//*[@id=\"application-manageyards-display-component---NewYard--addressDetailDetailsLanguage-arrow\"]"}
COMMAND: POST /session/5209fcfd0cbd9c22cf680726c4028e3f/element/f.81B74C70C7FE6F01EFB4ED64870B6056.d.4C436BBC34D184A8152AC67BEB374F9A.e.728/click - {}
RESULT: {}
COMMAND: POST /session/5209fcfd0cbd9c22cf680726c4028e3f/element - {"using":"xpath","value":"//span[contains(text(), \"English\")]"}
COMMAND: GET /session/5209fcfd0cbd9c22cf680726c4028e3f/screenshot - {}
RESULT: {"using":"xpath","value":"//span[contains(text(), \"English\")]"}
COMMAND: POST /session/5209fcfd0cbd9c22cf680726c4028e3f/element/f.81B74C70C7FE6F01EFB4ED64870B6056.d.4C436BBC34D184A8152AC67BEB374F9A.e.729/click - {}
RESULT: {}
RESULT: {}
COMMAND: POST /session/5209fcfd0cbd9c22cf680726c4028e3f/execute/async - {"script":"<script> [1562 bytes]","args":[{"selector":{"id":"application-manageyards-display-component---NewYard--addressDetailDetailsCity1","interaction":{"idSuffix":"inner"}},"wdio_ui5_key":"applicationmanageyards-display-component---NewYard--addressDetailDetailsCity1"}]}
COMMAND: GET /session/5209fcfd0cbd9c22cf680726c4028e3f/screenshot - {}
RESULT: {"script":"<script> [1562 bytes]","args":[{"selector":{"id":"application-manageyards-display-component---NewYard--addressDetailDetailsCity1","interaction":{"idSuffix":"inner"}},"wdio_ui5_key":"applicationmanageyards-display-component---NewYard--addressDetailDetailsCity1"}]}
RESULT: undefined
COMMAND: POST /session/5209fcfd0cbd9c22cf680726c4028e3f/execute/async - {"script":"<script> [776 bytes]","args":[{"enterText":"Rosario","selector":{"id":"application-manageyards-display-component---NewYard--addressDetailDetailsCity1","interaction":{"idSuffix":"inner"}},"clearTextFirst":true,"interactionType":"ENTER_TEXT"}]}
RESULT: {}
RESULT: {"script":"<script> [776 bytes]","args":[{"enterText":"Rosario","selector":{"id":"application-manageyards-display-component---NewYard--addressDetailDetailsCity1","interaction":{"idSuffix":"inner"}},"clearTextFirst":true,"interactionType":"ENTER_TEXT"}]}
COMMAND: POST /session/5209fcfd0cbd9c22cf680726c4028e3f/execute/async - {"script":"<script> [1562 bytes]","args":[{"selector":{"id":"application-manageyards-display-component---NewYard--addressDetailDetailsCountry-arrow"},"wdio_ui5_key":"applicationmanageyards-display-component---NewYard--addressDetailDetailsCountry-arrow"}]}
RESULT: {"script":"<script> [1562 bytes]","args":[{"selector":{"id":"application-manageyards-display-component---NewYard--addressDetailDetailsCountry-arrow"},"wdio_ui5_key":"applicationmanageyards-display-component---NewYard--addressDetailDetailsCountry-arrow"}]}
RESULT: undefined
COMMAND: POST /session/5209fcfd0cbd9c22cf680726c4028e3f/element - {"using":"xpath","value":"//*[@id=\"application-manageyards-display-component---NewYard--addressDetailDetailsCountry-arrow\"]"}
RESULT: {"using":"xpath","value":"//*[@id=\"application-manageyards-display-component---NewYard--addressDetailDetailsCountry-arrow\"]"}
COMMAND: POST /session/5209fcfd0cbd9c22cf680726c4028e3f/element/f.81B74C70C7FE6F01EFB4ED64870B6056.d.4C436BBC34D184A8152AC67BEB374F9A.e.731/click - {}
RESULT: {}
COMMAND: POST /session/5209fcfd0cbd9c22cf680726c4028e3f/element - {"using":"xpath","value":"//span[contains(text(), \"Argentina\")]"}
COMMAND: GET /session/5209fcfd0cbd9c22cf680726c4028e3f/screenshot - {}
RESULT: {"using":"xpath","value":"//span[contains(text(), \"Argentina\")]"}
COMMAND: POST /session/5209fcfd0cbd9c22cf680726c4028e3f/element/f.81B74C70C7FE6F01EFB4ED64870B6056.d.4C436BBC34D184A8152AC67BEB374F9A.e.732/click - {}
RESULT: {}
RESULT: {}
COMMAND: POST /session/5209fcfd0cbd9c22cf680726c4028e3f/execute/async - {"script":"<script> [1562 bytes]","args":[{"selector":{"id":"application-manageyards-display-component---NewYard--addressEditDetailsCostObjectCstType-arrow"},"wdio_ui5_key":"applicationmanageyards-display-component---NewYard--addressEditDetailsCostObjectCstType-arrow"}]}
COMMAND: GET /session/5209fcfd0cbd9c22cf680726c4028e3f/screenshot - {}
RESULT: {"script":"<script> [1562 bytes]","args":[{"selector":{"id":"application-manageyards-display-component---NewYard--addressEditDetailsCostObjectCstType-arrow"},"wdio_ui5_key":"applicationmanageyards-display-component---NewYard--addressEditDetailsCostObjectCstType-arrow"}]}
RESULT: undefined
COMMAND: POST /session/5209fcfd0cbd9c22cf680726c4028e3f/element - {"using":"xpath","value":"//*[@id=\"application-manageyards-display-component---NewYard--addressEditDetailsCostObjectCstType-arrow\"]"}
RESULT: {}
RESULT: {"using":"xpath","value":"//*[@id=\"application-manageyards-display-component---NewYard--addressEditDetailsCostObjectCstType-arrow\"]"}
COMMAND: POST /session/5209fcfd0cbd9c22cf680726c4028e3f/element/f.81B74C70C7FE6F01EFB4ED64870B6056.d.4C436BBC34D184A8152AC67BEB374F9A.e.734/click - {}
RESULT: {}
COMMAND: POST /session/5209fcfd0cbd9c22cf680726c4028e3f/element - {"using":"xpath","value":"//span[contains(text(), \"Cost Center\")]"}
COMMAND: GET /session/5209fcfd0cbd9c22cf680726c4028e3f/screenshot - {}
RESULT: {"using":"xpath","value":"//span[contains(text(), \"Cost Center\")]"}
COMMAND: POST /session/5209fcfd0cbd9c22cf680726c4028e3f/element/f.81B74C70C7FE6F01EFB4ED64870B6056.d.4C436BBC34D184A8152AC67BEB374F9A.e.735/click - {}
RESULT: {}
RESULT: {}
COMMAND: GET /session/5209fcfd0cbd9c22cf680726c4028e3f/screenshot - {}
RESULT: {}
COMMAND: POST /session/5209fcfd0cbd9c22cf680726c4028e3f/element - {"using":"xpath","value":"//span[@id=\"application-manageyards-display-component---NewYard--addressNewCostObjectCstID-vhi\"]"}
RESULT: {"using":"xpath","value":"//span[@id=\"application-manageyards-display-component---NewYard--addressNewCostObjectCstID-vhi\"]"}
COMMAND: POST /session/5209fcfd0cbd9c22cf680726c4028e3f/execute/sync - {"script":"<script> [8489 bytes]","args":[{"element-6066-11e4-a52e-4f735466cecf":"f.81B74C70C7FE6F01EFB4ED64870B6056.d.4C436BBC34D184A8152AC67BEB374F9A.e.739","ELEMENT":"f.81B74C70C7FE6F01EFB4ED64870B6056.d.4C436BBC34D184A8152AC67BEB374F9A.e.739"}]}
RESULT: {"script":"<script> [8489 bytes]","args":[{"element-6066-11e4-a52e-4f735466cecf":"f.81B74C70C7FE6F01EFB4ED64870B6056.d.4C436BBC34D184A8152AC67BEB374F9A.e.739","ELEMENT":"f.81B74C70C7FE6F01EFB4ED64870B6056.d.4C436BBC34D184A8152AC67BEB374F9A.e.739"}]}
COMMAND: POST /session/5209fcfd0cbd9c22cf680726c4028e3f/execute/async - {"script":"<script> [1562 bytes]","args":[{"selector":{"id":"application-manageyards-display-component---NewYard--addressNewCostObjectCstID-vhi"},"wdio_ui5_key":"applicationmanageyards-display-component---NewYard--addressNewCostObjectCstID-vhi"}]}
COMMAND: GET /session/5209fcfd0cbd9c22cf680726c4028e3f/screenshot - {}
RESULT: {"script":"<script> [1562 bytes]","args":[{"selector":{"id":"application-manageyards-display-component---NewYard--addressNewCostObjectCstID-vhi"},"wdio_ui5_key":"applicationmanageyards-display-component---NewYard--addressNewCostObjectCstID-vhi"}]}
RESULT: undefined
COMMAND: POST /session/5209fcfd0cbd9c22cf680726c4028e3f/element - {"using":"xpath","value":"//*[@id=\"application-manageyards-display-component---NewYard--addressNewCostObjectCstID-vhi\"]"}
RESULT: {}
RESULT: {"using":"xpath","value":"//*[@id=\"application-manageyards-display-component---NewYard--addressNewCostObjectCstID-vhi\"]"}
COMMAND: POST /session/5209fcfd0cbd9c22cf680726c4028e3f/element/f.81B74C70C7FE6F01EFB4ED64870B6056.d.4C436BBC34D184A8152AC67BEB374F9A.e.739/click - {}
RESULT: {}
COMMAND: GET /session/5209fcfd0cbd9c22cf680726c4028e3f/screenshot - {}
RESULT: {}
COMMAND: POST /session/5209fcfd0cbd9c22cf680726c4028e3f/execute/async - {"script":"<script> [1562 bytes]","args":[{"selector":{"controlType":"sap.m.SearchField","properties":{"placeholder":"Search"},"searchOpenDialogs":true,"interaction":{"idSuffix":"I"}},"wdio_ui5_key":"sapm.SearchField{\"placeholder\":\"Search\"}"}]}
RESULT: {"script":"<script> [1562 bytes]","args":[{"selector":{"controlType":"sap.m.SearchField","properties":{"placeholder":"Search"},"searchOpenDialogs":true,"interaction":{"idSuffix":"I"}},"wdio_ui5_key":"sapm.SearchField{\"placeholder\":\"Search\"}"}]}
RESULT: undefined
COMMAND: POST /session/5209fcfd0cbd9c22cf680726c4028e3f/execute/async - {"script":"<script> [776 bytes]","args":[{"enterText":"bauh_b","selector":{"controlType":"sap.m.SearchField","properties":{"placeholder":"Search"},"searchOpenDialogs":true,"interaction":{"idSuffix":"I"}},"clearTextFirst":true,"interactionType":"ENTER_TEXT"}]}
RESULT: {"script":"<script> [776 bytes]","args":[{"enterText":"bauh_b","selector":{"controlType":"sap.m.SearchField","properties":{"placeholder":"Search"},"searchOpenDialogs":true,"interaction":{"idSuffix":"I"}},"clearTextFirst":true,"interactionType":"ENTER_TEXT"}]}
COMMAND: POST /session/5209fcfd0cbd9c22cf680726c4028e3f/actions - {"actions":[{"id":"action1","type":"key","parameters":{},"actions":[{"type":"keyDown","value":""},{"type":"pause","duration":10},{"type":"keyUp","value":""}]}]}
RESULT: {"actions":[{"id":"action1","type":"key","parameters":{},"actions":[{"type":"keyDown","value":""},{"type":"pause","duration":10},{"type":"keyUp","value":""}]}]}
COMMAND: GET /session/5209fcfd0cbd9c22cf680726c4028e3f/screenshot - {}
RESULT: {}
COMMAND: POST /session/5209fcfd0cbd9c22cf680726c4028e3f/element - {"using":"xpath","value":"//span[contains(text(), \"Demo Yard\")]"}
RESULT: {"using":"xpath","value":"//span[contains(text(), \"Demo Yard\")]"}
COMMAND: POST /session/5209fcfd0cbd9c22cf680726c4028e3f/element/f.81B74C70C7FE6F01EFB4ED64870B6056.d.4C436BBC34D184A8152AC67BEB374F9A.e.780/click - {}
RESULT: {}
COMMAND: GET /session/5209fcfd0cbd9c22cf680726c4028e3f/screenshot - {}
RESULT: {}
COMMAND: POST /session/5209fcfd0cbd9c22cf680726c4028e3f/element - {"using":"xpath","value":"//bdi[contains(text(), \"OK\")]"}
RESULT: {"using":"xpath","value":"//bdi[contains(text(), \"OK\")]"}
COMMAND: POST /session/5209fcfd0cbd9c22cf680726c4028e3f/element/f.81B74C70C7FE6F01EFB4ED64870B6056.d.4C436BBC34D184A8152AC67BEB374F9A.e.781/click - {}
RESULT: {}
COMMAND: GET /session/5209fcfd0cbd9c22cf680726c4028e3f/screenshot - {}
RESULT: {}
COMMAND: POST /session/5209fcfd0cbd9c22cf680726c4028e3f/execute/async - {"script":"<script> [1562 bytes]","args":[{"selector":{"id":"application-manageyards-display-component---NewYard--addressEditDetailsCurrency-arrow"},"wdio_ui5_key":"applicationmanageyards-display-component---NewYard--addressEditDetailsCurrency-arrow"}]}
RESULT: {"script":"<script> [1562 bytes]","args":[{"selector":{"id":"application-manageyards-display-component---NewYard--addressEditDetailsCurrency-arrow"},"wdio_ui5_key":"applicationmanageyards-display-component---NewYard--addressEditDetailsCurrency-arrow"}]}
RESULT: undefined
COMMAND: POST /session/5209fcfd0cbd9c22cf680726c4028e3f/element - {"using":"xpath","value":"//*[@id=\"application-manageyards-display-component---NewYard--addressEditDetailsCurrency-arrow\"]"}
RESULT: {"using":"xpath","value":"//*[@id=\"application-manageyards-display-component---NewYard--addressEditDetailsCurrency-arrow\"]"}
COMMAND: POST /session/5209fcfd0cbd9c22cf680726c4028e3f/element/f.81B74C70C7FE6F01EFB4ED64870B6056.d.4C436BBC34D184A8152AC67BEB374F9A.e.784/click - {}
RESULT: {}
COMMAND: POST /session/5209fcfd0cbd9c22cf680726c4028e3f/element - {"using":"xpath","value":"//span[contains(text(), \"Euro\")]"}
COMMAND: GET /session/5209fcfd0cbd9c22cf680726c4028e3f/screenshot - {}
RESULT: {"using":"xpath","value":"//span[contains(text(), \"Euro\")]"}
COMMAND: POST /session/5209fcfd0cbd9c22cf680726c4028e3f/element/f.81B74C70C7FE6F01EFB4ED64870B6056.d.4C436BBC34D184A8152AC67BEB374F9A.e.785/click - {}
RESULT: {}
RESULT: {}
COMMAND: POST /session/5209fcfd0cbd9c22cf680726c4028e3f/execute/async - {"script":"<script> [1562 bytes]","args":[{"selector":{"controlType":"sap.m.Input","viewName":"etm.portal.ui.manageyards.view.New","viewId":"application-manageyards-display-component---NewYard","bindingPath":{"path":"","propertyPath":"/CONTROLLING_AREA","modelName":"NewYardModel"},"interaction":{"idSuffix":"inner"}},"wdio_ui5_key":"etmportal.ui.manageyards.view.Newsap.m.Input{\"path\":\"\",\"propertyPath\":\"/CONTROLLING_AREA\",\"modelName\":\"NewYardModel\"}"}]}
COMMAND: GET /session/5209fcfd0cbd9c22cf680726c4028e3f/screenshot - {}
RESULT: {"script":"<script> [1562 bytes]","args":[{"selector":{"controlType":"sap.m.Input","viewName":"etm.portal.ui.manageyards.view.New","viewId":"application-manageyards-display-component---NewYard","bindingPath":{"path":"","propertyPath":"/CONTROLLING_AREA","modelName":"NewYardModel"},"interaction":{"idSuffix":"inner"}},"wdio_ui5_key":"etmportal.ui.manageyards.view.Newsap.m.Input{\"path\":\"\",\"propertyPath\":\"/CONTROLLING_AREA\",\"modelName\":\"NewYardModel\"}"}]}
RESULT: undefined
COMMAND: POST /session/5209fcfd0cbd9c22cf680726c4028e3f/execute/async - {"script":"<script> [776 bytes]","args":[{"enterText":"Z001","selector":{"controlType":"sap.m.Input","viewName":"etm.portal.ui.manageyards.view.New","viewId":"application-manageyards-display-component---NewYard","bindingPath":{"path":"","propertyPath":"/CONTROLLING_AREA","modelName":"NewYardModel"},"interaction":{"idSuffix":"inner"}},"clearTextFirst":true,"interactionType":"ENTER_TEXT"}]}
RESULT: {}
RESULT: {"script":"<script> [776 bytes]","args":[{"enterText":"Z001","selector":{"controlType":"sap.m.Input","viewName":"etm.portal.ui.manageyards.view.New","viewId":"application-manageyards-display-component---NewYard","bindingPath":{"path":"","propertyPath":"/CONTROLLING_AREA","modelName":"NewYardModel"},"interaction":{"idSuffix":"inner"}},"clearTextFirst":true,"interactionType":"ENTER_TEXT"}]}
COMMAND: POST /session/5209fcfd0cbd9c22cf680726c4028e3f/execute/async - {"script":"<script> [1562 bytes]","args":[{"selector":{"id":"application-manageyards-display-component---NewYard--companyCodeComboBox","interaction":{"idSuffix":"inner"}},"wdio_ui5_key":"applicationmanageyards-display-component---NewYard--companyCodeComboBox"}]}
RESULT: {"script":"<script> [1562 bytes]","args":[{"selector":{"id":"application-manageyards-display-component---NewYard--companyCodeComboBox","interaction":{"idSuffix":"inner"}},"wdio_ui5_key":"applicationmanageyards-display-component---NewYard--companyCodeComboBox"}]}
RESULT: undefined
COMMAND: POST /session/5209fcfd0cbd9c22cf680726c4028e3f/execute/async - {"script":"<script> [776 bytes]","args":[{"enterText":"1000","selector":{"id":"application-manageyards-display-component---NewYard--companyCodeComboBox","interaction":{"idSuffix":"inner"}},"clearTextFirst":true,"interactionType":"ENTER_TEXT"}]}
RESULT: {"script":"<script> [776 bytes]","args":[{"enterText":"1000","selector":{"id":"application-manageyards-display-component---NewYard--companyCodeComboBox","interaction":{"idSuffix":"inner"}},"clearTextFirst":true,"interactionType":"ENTER_TEXT"}]}
COMMAND: POST /session/5209fcfd0cbd9c22cf680726c4028e3f/execute/async - {"script":"<script> [1562 bytes]","args":[{"selector":{"controlType":"sap.m.Input","viewName":"etm.portal.ui.manageyards.view.New","viewId":"application-manageyards-display-component---NewYard","bindingPath":{"path":"","propertyPath":"/PLANT","modelName":"NewYardModel"},"interaction":{"idSuffix":"inner"}},"wdio_ui5_key":"etmportal.ui.manageyards.view.Newsap.m.Input{\"path\":\"\",\"propertyPath\":\"/PLANT\",\"modelName\":\"NewYardModel\"}"}]}
RESULT: {"script":"<script> [1562 bytes]","args":[{"selector":{"controlType":"sap.m.Input","viewName":"etm.portal.ui.manageyards.view.New","viewId":"application-manageyards-display-component---NewYard","bindingPath":{"path":"","propertyPath":"/PLANT","modelName":"NewYardModel"},"interaction":{"idSuffix":"inner"}},"wdio_ui5_key":"etmportal.ui.manageyards.view.Newsap.m.Input{\"path\":\"\",\"propertyPath\":\"/PLANT\",\"modelName\":\"NewYardModel\"}"}]}
RESULT: undefined
COMMAND: POST /session/5209fcfd0cbd9c22cf680726c4028e3f/execute/async - {"script":"<script> [776 bytes]","args":[{"enterText":"1001","selector":{"controlType":"sap.m.Input","viewName":"etm.portal.ui.manageyards.view.New","viewId":"application-manageyards-display-component---NewYard","bindingPath":{"path":"","propertyPath":"/PLANT","modelName":"NewYardModel"},"interaction":{"idSuffix":"inner"}},"clearTextFirst":true,"interactionType":"ENTER_TEXT"}]}
RESULT: {"script":"<script> [776 bytes]","args":[{"enterText":"1001","selector":{"controlType":"sap.m.Input","viewName":"etm.portal.ui.manageyards.view.New","viewId":"application-manageyards-display-component---NewYard","bindingPath":{"path":"","propertyPath":"/PLANT","modelName":"NewYardModel"},"interaction":{"idSuffix":"inner"}},"clearTextFirst":true,"interactionType":"ENTER_TEXT"}]}
COMMAND: POST /session/5209fcfd0cbd9c22cf680726c4028e3f/execute/async - {"script":"<script> [1562 bytes]","args":[{"selector":{"controlType":"sap.m.Input","viewName":"etm.portal.ui.manageyards.view.New","viewId":"application-manageyards-display-component---NewYard","bindingPath":{"path":"","propertyPath":"/SALES_AREA_VKORG","modelName":"NewYardModel"},"interaction":{"idSuffix":"inner"}},"wdio_ui5_key":"etmportal.ui.manageyards.view.Newsap.m.Input{\"path\":\"\",\"propertyPath\":\"/SALES_AREA_VKORG\",\"modelName\":\"NewYardModel\"}"}]}
RESULT: {"script":"<script> [1562 bytes]","args":[{"selector":{"controlType":"sap.m.Input","viewName":"etm.portal.ui.manageyards.view.New","viewId":"application-manageyards-display-component---NewYard","bindingPath":{"path":"","propertyPath":"/SALES_AREA_VKORG","modelName":"NewYardModel"},"interaction":{"idSuffix":"inner"}},"wdio_ui5_key":"etmportal.ui.manageyards.view.Newsap.m.Input{\"path\":\"\",\"propertyPath\":\"/SALES_AREA_VKORG\",\"modelName\":\"NewYardModel\"}"}]}
RESULT: undefined
COMMAND: POST /session/5209fcfd0cbd9c22cf680726c4028e3f/execute/async - {"script":"<script> [776 bytes]","args":[{"enterText":"C002","selector":{"controlType":"sap.m.Input","viewName":"etm.portal.ui.manageyards.view.New","viewId":"application-manageyards-display-component---NewYard","bindingPath":{"path":"","propertyPath":"/SALES_AREA_VKORG","modelName":"NewYardModel"},"interaction":{"idSuffix":"inner"}},"clearTextFirst":true,"interactionType":"ENTER_TEXT"}]}
RESULT: {"script":"<script> [776 bytes]","args":[{"enterText":"C002","selector":{"controlType":"sap.m.Input","viewName":"etm.portal.ui.manageyards.view.New","viewId":"application-manageyards-display-component---NewYard","bindingPath":{"path":"","propertyPath":"/SALES_AREA_VKORG","modelName":"NewYardModel"},"interaction":{"idSuffix":"inner"}},"clearTextFirst":true,"interactionType":"ENTER_TEXT"}]}
COMMAND: POST /session/5209fcfd0cbd9c22cf680726c4028e3f/execute/async - {"script":"<script> [1562 bytes]","args":[{"selector":{"controlType":"sap.m.Input","viewName":"etm.portal.ui.manageyards.view.New","viewId":"application-manageyards-display-component---NewYard","bindingPath":{"path":"","propertyPath":"/SALES_AREA_VTWEG","modelName":"NewYardModel"},"interaction":{"idSuffix":"inner"}},"wdio_ui5_key":"etmportal.ui.manageyards.view.Newsap.m.Input{\"path\":\"\",\"propertyPath\":\"/SALES_AREA_VTWEG\",\"modelName\":\"NewYardModel\"}"}]}
RESULT: {"script":"<script> [1562 bytes]","args":[{"selector":{"controlType":"sap.m.Input","viewName":"etm.portal.ui.manageyards.view.New","viewId":"application-manageyards-display-component---NewYard","bindingPath":{"path":"","propertyPath":"/SALES_AREA_VTWEG","modelName":"NewYardModel"},"interaction":{"idSuffix":"inner"}},"wdio_ui5_key":"etmportal.ui.manageyards.view.Newsap.m.Input{\"path\":\"\",\"propertyPath\":\"/SALES_AREA_VTWEG\",\"modelName\":\"NewYardModel\"}"}]}
RESULT: undefined
COMMAND: POST /session/5209fcfd0cbd9c22cf680726c4028e3f/execute/async - {"script":"<script> [776 bytes]","args":[{"enterText":"C2","selector":{"controlType":"sap.m.Input","viewName":"etm.portal.ui.manageyards.view.New","viewId":"application-manageyards-display-component---NewYard","bindingPath":{"path":"","propertyPath":"/SALES_AREA_VTWEG","modelName":"NewYardModel"},"interaction":{"idSuffix":"inner"}},"clearTextFirst":true,"interactionType":"ENTER_TEXT"}]}
RESULT: {"script":"<script> [776 bytes]","args":[{"enterText":"C2","selector":{"controlType":"sap.m.Input","viewName":"etm.portal.ui.manageyards.view.New","viewId":"application-manageyards-display-component---NewYard","bindingPath":{"path":"","propertyPath":"/SALES_AREA_VTWEG","modelName":"NewYardModel"},"interaction":{"idSuffix":"inner"}},"clearTextFirst":true,"interactionType":"ENTER_TEXT"}]}
COMMAND: POST /session/5209fcfd0cbd9c22cf680726c4028e3f/execute/async - {"script":"<script> [1562 bytes]","args":[{"selector":{"controlType":"sap.m.Input","viewName":"etm.portal.ui.manageyards.view.New","viewId":"application-manageyards-display-component---NewYard","bindingPath":{"path":"","propertyPath":"/SALES_AREA_SPART","modelName":"NewYardModel"},"interaction":{"idSuffix":"inner"}},"wdio_ui5_key":"etmportal.ui.manageyards.view.Newsap.m.Input{\"path\":\"\",\"propertyPath\":\"/SALES_AREA_SPART\",\"modelName\":\"NewYardModel\"}"}]}
RESULT: {"script":"<script> [1562 bytes]","args":[{"selector":{"controlType":"sap.m.Input","viewName":"etm.portal.ui.manageyards.view.New","viewId":"application-manageyards-display-component---NewYard","bindingPath":{"path":"","propertyPath":"/SALES_AREA_SPART","modelName":"NewYardModel"},"interaction":{"idSuffix":"inner"}},"wdio_ui5_key":"etmportal.ui.manageyards.view.Newsap.m.Input{\"path\":\"\",\"propertyPath\":\"/SALES_AREA_SPART\",\"modelName\":\"NewYardModel\"}"}]}
RESULT: undefined
COMMAND: POST /session/5209fcfd0cbd9c22cf680726c4028e3f/execute/async - {"script":"<script> [776 bytes]","args":[{"enterText":"C2","selector":{"controlType":"sap.m.Input","viewName":"etm.portal.ui.manageyards.view.New","viewId":"application-manageyards-display-component---NewYard","bindingPath":{"path":"","propertyPath":"/SALES_AREA_SPART","modelName":"NewYardModel"},"interaction":{"idSuffix":"inner"}},"clearTextFirst":true,"interactionType":"ENTER_TEXT"}]}
RESULT: {"script":"<script> [776 bytes]","args":[{"enterText":"C2","selector":{"controlType":"sap.m.Input","viewName":"etm.portal.ui.manageyards.view.New","viewId":"application-manageyards-display-component---NewYard","bindingPath":{"path":"","propertyPath":"/SALES_AREA_SPART","modelName":"NewYardModel"},"interaction":{"idSuffix":"inner"}},"clearTextFirst":true,"interactionType":"ENTER_TEXT"}]}
COMMAND: POST /session/5209fcfd0cbd9c22cf680726c4028e3f/execute/async - {"script":"<script> [1562 bytes]","args":[{"selector":{"controlType":"sap.m.Input","viewName":"etm.portal.ui.manageyards.view.New","viewId":"application-manageyards-display-component---NewYard","bindingPath":{"path":"","propertyPath":"/SHIP_POINT","modelName":"NewYardModel"},"interaction":{"idSuffix":"inner"}},"wdio_ui5_key":"etmportal.ui.manageyards.view.Newsap.m.Input{\"path\":\"\",\"propertyPath\":\"/SHIP_POINT\",\"modelName\":\"NewYardModel\"}"}]}
RESULT: {"script":"<script> [1562 bytes]","args":[{"selector":{"controlType":"sap.m.Input","viewName":"etm.portal.ui.manageyards.view.New","viewId":"application-manageyards-display-component---NewYard","bindingPath":{"path":"","propertyPath":"/SHIP_POINT","modelName":"NewYardModel"},"interaction":{"idSuffix":"inner"}},"wdio_ui5_key":"etmportal.ui.manageyards.view.Newsap.m.Input{\"path\":\"\",\"propertyPath\":\"/SHIP_POINT\",\"modelName\":\"NewYardModel\"}"}]}
RESULT: undefined
COMMAND: POST /session/5209fcfd0cbd9c22cf680726c4028e3f/execute/async - {"script":"<script> [776 bytes]","args":[{"enterText":"1710","selector":{"controlType":"sap.m.Input","viewName":"etm.portal.ui.manageyards.view.New","viewId":"application-manageyards-display-component---NewYard","bindingPath":{"path":"","propertyPath":"/SHIP_POINT","modelName":"NewYardModel"},"interaction":{"idSuffix":"inner"}},"clearTextFirst":true,"interactionType":"ENTER_TEXT"}]}
RESULT: {"script":"<script> [776 bytes]","args":[{"enterText":"1710","selector":{"controlType":"sap.m.Input","viewName":"etm.portal.ui.manageyards.view.New","viewId":"application-manageyards-display-component---NewYard","bindingPath":{"path":"","propertyPath":"/SHIP_POINT","modelName":"NewYardModel"},"interaction":{"idSuffix":"inner"}},"clearTextFirst":true,"interactionType":"ENTER_TEXT"}]}
COMMAND: POST /session/5209fcfd0cbd9c22cf680726c4028e3f/execute/async - {"script":"<script> [1562 bytes]","args":[{"selector":{"controlType":"sap.m.Input","viewName":"etm.portal.ui.manageyards.view.New","viewId":"application-manageyards-display-component---NewYard","bindingPath":{"path":"","propertyPath":"/DELIVERY_TYPE","modelName":"NewYardModel"},"interaction":{"idSuffix":"inner"}},"wdio_ui5_key":"etmportal.ui.manageyards.view.Newsap.m.Input{\"path\":\"\",\"propertyPath\":\"/DELIVERY_TYPE\",\"modelName\":\"NewYardModel\"}"}]}
RESULT: {"script":"<script> [1562 bytes]","args":[{"selector":{"controlType":"sap.m.Input","viewName":"etm.portal.ui.manageyards.view.New","viewId":"application-manageyards-display-component---NewYard","bindingPath":{"path":"","propertyPath":"/DELIVERY_TYPE","modelName":"NewYardModel"},"interaction":{"idSuffix":"inner"}},"wdio_ui5_key":"etmportal.ui.manageyards.view.Newsap.m.Input{\"path\":\"\",\"propertyPath\":\"/DELIVERY_TYPE\",\"modelName\":\"NewYardModel\"}"}]}
RESULT: undefined
COMMAND: POST /session/5209fcfd0cbd9c22cf680726c4028e3f/execute/async - {"script":"<script> [776 bytes]","args":[{"enterText":"ZL01","selector":{"controlType":"sap.m.Input","viewName":"etm.portal.ui.manageyards.view.New","viewId":"application-manageyards-display-component---NewYard","bindingPath":{"path":"","propertyPath":"/DELIVERY_TYPE","modelName":"NewYardModel"},"interaction":{"idSuffix":"inner"}},"clearTextFirst":true,"interactionType":"ENTER_TEXT"}]}
RESULT: {"script":"<script> [776 bytes]","args":[{"enterText":"ZL01","selector":{"controlType":"sap.m.Input","viewName":"etm.portal.ui.manageyards.view.New","viewId":"application-manageyards-display-component---NewYard","bindingPath":{"path":"","propertyPath":"/DELIVERY_TYPE","modelName":"NewYardModel"},"interaction":{"idSuffix":"inner"}},"clearTextFirst":true,"interactionType":"ENTER_TEXT"}]}
COMMAND: POST /session/5209fcfd0cbd9c22cf680726c4028e3f/execute/async - {"script":"<script> [1562 bytes]","args":[{"selector":{"controlType":"sap.m.Input","viewName":"etm.portal.ui.manageyards.view.New","viewId":"application-manageyards-display-component---NewYard","bindingPath":{"path":"","propertyPath":"/AUART","modelName":"NewYardModel"},"interaction":{"idSuffix":"inner"}},"wdio_ui5_key":"etmportal.ui.manageyards.view.Newsap.m.Input{\"path\":\"\",\"propertyPath\":\"/AUART\",\"modelName\":\"NewYardModel\"}"}]}
RESULT: {"script":"<script> [1562 bytes]","args":[{"selector":{"controlType":"sap.m.Input","viewName":"etm.portal.ui.manageyards.view.New","viewId":"application-manageyards-display-component---NewYard","bindingPath":{"path":"","propertyPath":"/AUART","modelName":"NewYardModel"},"interaction":{"idSuffix":"inner"}},"wdio_ui5_key":"etmportal.ui.manageyards.view.Newsap.m.Input{\"path\":\"\",\"propertyPath\":\"/AUART\",\"modelName\":\"NewYardModel\"}"}]}
RESULT: undefined
COMMAND: POST /session/5209fcfd0cbd9c22cf680726c4028e3f/execute/async - {"script":"<script> [776 bytes]","args":[{"enterText":"TA","selector":{"controlType":"sap.m.Input","viewName":"etm.portal.ui.manageyards.view.New","viewId":"application-manageyards-display-component---NewYard","bindingPath":{"path":"","propertyPath":"/AUART","modelName":"NewYardModel"},"interaction":{"idSuffix":"inner"}},"clearTextFirst":true,"interactionType":"ENTER_TEXT"}]}
RESULT: {"script":"<script> [776 bytes]","args":[{"enterText":"TA","selector":{"controlType":"sap.m.Input","viewName":"etm.portal.ui.manageyards.view.New","viewId":"application-manageyards-display-component---NewYard","bindingPath":{"path":"","propertyPath":"/AUART","modelName":"NewYardModel"},"interaction":{"idSuffix":"inner"}},"clearTextFirst":true,"interactionType":"ENTER_TEXT"}]}
COMMAND: POST /session/5209fcfd0cbd9c22cf680726c4028e3f/element - {"using":"xpath","value":"//button[@data-kt=\"newYardSaveButton\"]"}
RESULT: {"using":"xpath","value":"//button[@data-kt=\"newYardSaveButton\"]"}
COMMAND: POST /session/5209fcfd0cbd9c22cf680726c4028e3f/element/f.81B74C70C7FE6F01EFB4ED64870B6056.d.4C436BBC34D184A8152AC67BEB374F9A.e.692/click - {}
RESULT: {}
COMMAND: GET /session/5209fcfd0cbd9c22cf680726c4028e3f/screenshot - {}
RESULT: {}
COMMAND: POST /session/5209fcfd0cbd9c22cf680726c4028e3f/element - {"using":"xpath","value":"//header[contains(@id, 'ObjectPageLayout-headerTitle')]/div[1]/div[2]/div[1]/span[1]"}
RESULT: {"using":"xpath","value":"//header[contains(@id, 'ObjectPageLayout-headerTitle')]/div[1]/div[2]/div[1]/span[1]"}
COMMAND: POST /session/5209fcfd0cbd9c22cf680726c4028e3f/elements - {"using":"xpath","value":"//header[contains(@id, 'ObjectPageLayout-headerTitle')]/div[1]/div[2]/div[1]/span[1]"}
RESULT: {"using":"xpath","value":"//header[contains(@id, 'ObjectPageLayout-headerTitle')]/div[1]/div[2]/div[1]/span[1]"}
COMMAND: POST /session/5209fcfd0cbd9c22cf680726c4028e3f/execute/sync - {"script":"<script> [56 bytes]","args":[{"element-6066-11e4-a52e-4f735466cecf":"f.81B74C70C7FE6F01EFB4ED64870B6056.d.4C436BBC34D184A8152AC67BEB374F9A.e.1009","ELEMENT":"f.81B74C70C7FE6F01EFB4ED64870B6056.d.4C436BBC34D184A8152AC67BEB374F9A.e.1009"}]}
RESULT: {"script":"<script> [56 bytes]","args":[{"element-6066-11e4-a52e-4f735466cecf":"f.81B74C70C7FE6F01EFB4ED64870B6056.d.4C436BBC34D184A8152AC67BEB374F9A.e.1009","ELEMENT":"f.81B74C70C7FE6F01EFB4ED64870B6056.d.4C436BBC34D184A8152AC67BEB374F9A.e.1009"}]}
COMMAND: GET /session/5209fcfd0cbd9c22cf680726c4028e3f/screenshot - {}
RESULT: {}
COMMAND: POST /session/5209fcfd0cbd9c22cf680726c4028e3f/element - {"using":"css selector","value":"#shell-header-logo"}
RESULT: {"using":"css selector","value":"#shell-header-logo"}
COMMAND: POST /session/5209fcfd0cbd9c22cf680726c4028e3f/element/f.81B74C70C7FE6F01EFB4ED64870B6056.d.4C436BBC34D184A8152AC67BEB374F9A.e.261/click - {}
RESULT: {}
COMMAND: GET /session/5209fcfd0cbd9c22cf680726c4028e3f/screenshot - {}
RESULT: {}
COMMAND: POST /session/5209fcfd0cbd9c22cf680726c4028e3f/execute/sync - {"script":"<script> [299 bytes]","args":[["getModel","getResource"]]}
RESULT: {"script":"<script> [299 bytes]","args":[["getModel","getResource"]]}
COMMAND: GET /session/5209fcfd0cbd9c22cf680726c4028e3f/screenshot - {}
]]></system-out>
    </testcase>
    <testcase classname="chrome.136_0_7103_93.windows.Create_condition_pricing_US117289_US134625" name="Should create a new equipment used for all following tests" time="146.118">
      <system-out><![CDATA[
COMMAND: POST /session/5209fcfd0cbd9c22cf680726c4028e3f/execute/async - {"script":"<script> [1562 bytes]","args":[{"selector":{"controlType":"sap.m.GenericTile","properties":{"header":"Manage Resources"}},"wdio_ui5_key":"sapm.GenericTile{\"header\":\"Manage Resources\"}"}]}
RESULT: {}
RESULT: {"script":"<script> [1562 bytes]","args":[{"selector":{"controlType":"sap.m.GenericTile","properties":{"header":"Manage Resources"}},"wdio_ui5_key":"sapm.GenericTile{\"header\":\"Manage Resources\"}"}]}
RESULT: undefined
COMMAND: POST /session/5209fcfd0cbd9c22cf680726c4028e3f/element - {"using":"xpath","value":"//*[@id=\"__tile39\"]"}
RESULT: {"using":"xpath","value":"//*[@id=\"__tile39\"]"}
COMMAND: POST /session/5209fcfd0cbd9c22cf680726c4028e3f/element/f.81B74C70C7FE6F01EFB4ED64870B6056.d.4C436BBC34D184A8152AC67BEB374F9A.e.152/click - {}
RESULT: {}
COMMAND: GET /session/5209fcfd0cbd9c22cf680726c4028e3f/screenshot - {}
RESULT: {}
COMMAND: POST /session/5209fcfd0cbd9c22cf680726c4028e3f/elements - {"using":"xpath","value":"//span[text()='Error']"}
RESULT: {"using":"xpath","value":"//span[text()='Error']"}
COMMAND: POST /session/5209fcfd0cbd9c22cf680726c4028e3f/element - {"using":"xpath","value":"//button[@data-kt=\"addNewRUOverflowToolbarButton\"]"}
RESULT: {"using":"xpath","value":"//button[@data-kt=\"addNewRUOverflowToolbarButton\"]"}
COMMAND: POST /session/5209fcfd0cbd9c22cf680726c4028e3f/elements - {"using":"xpath","value":"//button[@data-kt=\"addNewRUOverflowToolbarButton\"]"}
RESULT: {"using":"xpath","value":"//button[@data-kt=\"addNewRUOverflowToolbarButton\"]"}
COMMAND: POST /session/5209fcfd0cbd9c22cf680726c4028e3f/execute/sync - {"script":"<script> [8489 bytes]","args":[{"element-6066-11e4-a52e-4f735466cecf":"f.81B74C70C7FE6F01EFB4ED64870B6056.d.4C436BBC34D184A8152AC67BEB374F9A.e.1053","ELEMENT":"f.81B74C70C7FE6F01EFB4ED64870B6056.d.4C436BBC34D184A8152AC67BEB374F9A.e.1053"}]}
RESULT: {"script":"<script> [8489 bytes]","args":[{"element-6066-11e4-a52e-4f735466cecf":"f.81B74C70C7FE6F01EFB4ED64870B6056.d.4C436BBC34D184A8152AC67BEB374F9A.e.1053","ELEMENT":"f.81B74C70C7FE6F01EFB4ED64870B6056.d.4C436BBC34D184A8152AC67BEB374F9A.e.1053"}]}
COMMAND: GET /session/5209fcfd0cbd9c22cf680726c4028e3f/element/f.81B74C70C7FE6F01EFB4ED64870B6056.d.4C436BBC34D184A8152AC67BEB374F9A.e.1053/enabled - {}
COMMAND: GET /session/5209fcfd0cbd9c22cf680726c4028e3f/screenshot - {}
RESULT: {}
COMMAND: POST /session/5209fcfd0cbd9c22cf680726c4028e3f/execute/sync - {"script":"<script> [8489 bytes]","args":[{"element-6066-11e4-a52e-4f735466cecf":"f.81B74C70C7FE6F01EFB4ED64870B6056.d.4C436BBC34D184A8152AC67BEB374F9A.e.1053","ELEMENT":"f.81B74C70C7FE6F01EFB4ED64870B6056.d.4C436BBC34D184A8152AC67BEB374F9A.e.1053"}]}
COMMAND: GET /session/5209fcfd0cbd9c22cf680726c4028e3f/screenshot - {}
RESULT: {}
RESULT: {"script":"<script> [8489 bytes]","args":[{"element-6066-11e4-a52e-4f735466cecf":"f.81B74C70C7FE6F01EFB4ED64870B6056.d.4C436BBC34D184A8152AC67BEB374F9A.e.1053","ELEMENT":"f.81B74C70C7FE6F01EFB4ED64870B6056.d.4C436BBC34D184A8152AC67BEB374F9A.e.1053"}]}
COMMAND: POST /session/5209fcfd0cbd9c22cf680726c4028e3f/execute/sync - {"script":"<script> [5351 bytes]","args":[{"element-6066-11e4-a52e-4f735466cecf":"f.81B74C70C7FE6F01EFB4ED64870B6056.d.4C436BBC34D184A8152AC67BEB374F9A.e.1053","ELEMENT":"f.81B74C70C7FE6F01EFB4ED64870B6056.d.4C436BBC34D184A8152AC67BEB374F9A.e.1053"}]}
COMMAND: GET /session/5209fcfd0cbd9c22cf680726c4028e3f/screenshot - {}
RESULT: {}
RESULT: {"script":"<script> [5351 bytes]","args":[{"element-6066-11e4-a52e-4f735466cecf":"f.81B74C70C7FE6F01EFB4ED64870B6056.d.4C436BBC34D184A8152AC67BEB374F9A.e.1053","ELEMENT":"f.81B74C70C7FE6F01EFB4ED64870B6056.d.4C436BBC34D184A8152AC67BEB374F9A.e.1053"}]}
COMMAND: POST /session/5209fcfd0cbd9c22cf680726c4028e3f/element/f.81B74C70C7FE6F01EFB4ED64870B6056.d.4C436BBC34D184A8152AC67BEB374F9A.e.1053/click - {}
COMMAND: GET /session/5209fcfd0cbd9c22cf680726c4028e3f/screenshot - {}
RESULT: {}
RESULT: {}
COMMAND: GET /session/5209fcfd0cbd9c22cf680726c4028e3f/screenshot - {}
RESULT: {}
RESULT: {}
COMMAND: POST /session/5209fcfd0cbd9c22cf680726c4028e3f/execute/async - {"script":"<script> [1562 bytes]","args":[{"selector":{"id":"application-manageresources-display-component---newResourceUnit--TYPE-arrow"},"wdio_ui5_key":"applicationmanageresources-display-component---newResourceUnit--TYPE-arrow"}]}
RESULT: {"script":"<script> [1562 bytes]","args":[{"selector":{"id":"application-manageresources-display-component---newResourceUnit--TYPE-arrow"},"wdio_ui5_key":"applicationmanageresources-display-component---newResourceUnit--TYPE-arrow"}]}
RESULT: undefined
COMMAND: POST /session/5209fcfd0cbd9c22cf680726c4028e3f/element - {"using":"xpath","value":"//*[@id=\"application-manageresources-display-component---newResourceUnit--TYPE-arrow\"]"}
RESULT: {"using":"xpath","value":"//*[@id=\"application-manageresources-display-component---newResourceUnit--TYPE-arrow\"]"}
COMMAND: POST /session/5209fcfd0cbd9c22cf680726c4028e3f/element/f.81B74C70C7FE6F01EFB4ED64870B6056.d.4C436BBC34D184A8152AC67BEB374F9A.e.1397/click - {}
RESULT: {}
COMMAND: POST /session/5209fcfd0cbd9c22cf680726c4028e3f/element - {"using":"xpath","value":"//input[@id=\"application-manageresources-display-component---newResourceUnit--TYPE-inner\"]"}
COMMAND: GET /session/5209fcfd0cbd9c22cf680726c4028e3f/screenshot - {}
RESULT: {"using":"xpath","value":"//input[@id=\"application-manageresources-display-component---newResourceUnit--TYPE-inner\"]"}
COMMAND: POST /session/5209fcfd0cbd9c22cf680726c4028e3f/element/f.81B74C70C7FE6F01EFB4ED64870B6056.d.4C436BBC34D184A8152AC67BEB374F9A.e.1392/clear - {}
RESULT: {}
RESULT: {}
COMMAND: POST /session/5209fcfd0cbd9c22cf680726c4028e3f/element/f.81B74C70C7FE6F01EFB4ED64870B6056.d.4C436BBC34D184A8152AC67BEB374F9A.e.1392/value - {"text":"Equipment"}
COMMAND: GET /session/5209fcfd0cbd9c22cf680726c4028e3f/screenshot - {}
RESULT: {"text":"Equipment"}
COMMAND: GET /session/5209fcfd0cbd9c22cf680726c4028e3f/screenshot - {}
RESULT: {}
RESULT: {}
COMMAND: POST /session/5209fcfd0cbd9c22cf680726c4028e3f/actions - {"actions":[{"id":"action2","type":"key","parameters":{},"actions":[{"type":"keyDown","value":""},{"type":"pause","duration":10},{"type":"keyUp","value":""}]}]}
RESULT: {"actions":[{"id":"action2","type":"key","parameters":{},"actions":[{"type":"keyDown","value":""},{"type":"pause","duration":10},{"type":"keyUp","value":""}]}]}
COMMAND: POST /session/5209fcfd0cbd9c22cf680726c4028e3f/execute/async - {"script":"<script> [1562 bytes]","args":[{"selector":{"id":"application-manageresources-display-component---newResourceUnit--resourceId","interaction":{"idSuffix":"inner"}},"wdio_ui5_key":"applicationmanageresources-display-component---newResourceUnit--resourceId"}]}
COMMAND: GET /session/5209fcfd0cbd9c22cf680726c4028e3f/screenshot - {}
RESULT: {"script":"<script> [1562 bytes]","args":[{"selector":{"id":"application-manageresources-display-component---newResourceUnit--resourceId","interaction":{"idSuffix":"inner"}},"wdio_ui5_key":"applicationmanageresources-display-component---newResourceUnit--resourceId"}]}
RESULT: undefined
COMMAND: POST /session/5209fcfd0cbd9c22cf680726c4028e3f/execute/async - {"script":"<script> [776 bytes]","args":[{"enterText":"hlVOxL2rPr","selector":{"id":"application-manageresources-display-component---newResourceUnit--resourceId","interaction":{"idSuffix":"inner"}},"clearTextFirst":true,"interactionType":"ENTER_TEXT"}]}
RESULT: {}
RESULT: {"script":"<script> [776 bytes]","args":[{"enterText":"hlVOxL2rPr","selector":{"id":"application-manageresources-display-component---newResourceUnit--resourceId","interaction":{"idSuffix":"inner"}},"clearTextFirst":true,"interactionType":"ENTER_TEXT"}]}
COMMAND: POST /session/5209fcfd0cbd9c22cf680726c4028e3f/execute/async - {"script":"<script> [1562 bytes]","args":[{"selector":{"id":"application-manageresources-display-component---newResourceUnit--SHORT_TEXT","interaction":{"idSuffix":"inner"}},"wdio_ui5_key":"applicationmanageresources-display-component---newResourceUnit--SHORT_TEXT"}]}
RESULT: {"script":"<script> [1562 bytes]","args":[{"selector":{"id":"application-manageresources-display-component---newResourceUnit--SHORT_TEXT","interaction":{"idSuffix":"inner"}},"wdio_ui5_key":"applicationmanageresources-display-component---newResourceUnit--SHORT_TEXT"}]}
RESULT: undefined
COMMAND: POST /session/5209fcfd0cbd9c22cf680726c4028e3f/execute/async - {"script":"<script> [776 bytes]","args":[{"enterText":"Intercompany Equipment WDIO","selector":{"id":"application-manageresources-display-component---newResourceUnit--SHORT_TEXT","interaction":{"idSuffix":"inner"}},"clearTextFirst":true,"interactionType":"ENTER_TEXT"}]}
RESULT: {"script":"<script> [776 bytes]","args":[{"enterText":"Intercompany Equipment WDIO","selector":{"id":"application-manageresources-display-component---newResourceUnit--SHORT_TEXT","interaction":{"idSuffix":"inner"}},"clearTextFirst":true,"interactionType":"ENTER_TEXT"}]}
COMMAND: POST /session/5209fcfd0cbd9c22cf680726c4028e3f/execute/async - {"script":"<script> [1562 bytes]","args":[{"selector":{"id":"application-manageresources-display-component---newResourceUnit--BASE_UNIT_OF_MEASURE","interaction":{"idSuffix":"inner"}},"wdio_ui5_key":"applicationmanageresources-display-component---newResourceUnit--BASE_UNIT_OF_MEASURE"}]}
RESULT: {"script":"<script> [1562 bytes]","args":[{"selector":{"id":"application-manageresources-display-component---newResourceUnit--BASE_UNIT_OF_MEASURE","interaction":{"idSuffix":"inner"}},"wdio_ui5_key":"applicationmanageresources-display-component---newResourceUnit--BASE_UNIT_OF_MEASURE"}]}
RESULT: undefined
COMMAND: POST /session/5209fcfd0cbd9c22cf680726c4028e3f/execute/async - {"script":"<script> [776 bytes]","args":[{"enterText":"Piece","selector":{"id":"application-manageresources-display-component---newResourceUnit--BASE_UNIT_OF_MEASURE","interaction":{"idSuffix":"inner"}},"clearTextFirst":true,"interactionType":"ENTER_TEXT"}]}
RESULT: {"script":"<script> [776 bytes]","args":[{"enterText":"Piece","selector":{"id":"application-manageresources-display-component---newResourceUnit--BASE_UNIT_OF_MEASURE","interaction":{"idSuffix":"inner"}},"clearTextFirst":true,"interactionType":"ENTER_TEXT"}]}
COMMAND: POST /session/5209fcfd0cbd9c22cf680726c4028e3f/execute/async - {"script":"<script> [1562 bytes]","args":[{"selector":{"id":"application-manageresources-display-component---newResourceUnit--WEIGHT_UNIT","interaction":{"idSuffix":"inner"}},"wdio_ui5_key":"applicationmanageresources-display-component---newResourceUnit--WEIGHT_UNIT"}]}
RESULT: {"script":"<script> [1562 bytes]","args":[{"selector":{"id":"application-manageresources-display-component---newResourceUnit--WEIGHT_UNIT","interaction":{"idSuffix":"inner"}},"wdio_ui5_key":"applicationmanageresources-display-component---newResourceUnit--WEIGHT_UNIT"}]}
RESULT: undefined
COMMAND: POST /session/5209fcfd0cbd9c22cf680726c4028e3f/execute/async - {"script":"<script> [776 bytes]","args":[{"enterText":"Gram","selector":{"id":"application-manageresources-display-component---newResourceUnit--WEIGHT_UNIT","interaction":{"idSuffix":"inner"}},"clearTextFirst":true,"interactionType":"ENTER_TEXT"}]}
RESULT: {"script":"<script> [776 bytes]","args":[{"enterText":"Gram","selector":{"id":"application-manageresources-display-component---newResourceUnit--WEIGHT_UNIT","interaction":{"idSuffix":"inner"}},"clearTextFirst":true,"interactionType":"ENTER_TEXT"}]}
COMMAND: POST /session/5209fcfd0cbd9c22cf680726c4028e3f/execute/async - {"script":"<script> [1562 bytes]","args":[{"selector":{"id":"application-manageresources-display-component---newResourceUnit--DIMENSION_UNIT","interaction":{"idSuffix":"inner"}},"wdio_ui5_key":"applicationmanageresources-display-component---newResourceUnit--DIMENSION_UNIT"}]}
RESULT: {"script":"<script> [1562 bytes]","args":[{"selector":{"id":"application-manageresources-display-component---newResourceUnit--DIMENSION_UNIT","interaction":{"idSuffix":"inner"}},"wdio_ui5_key":"applicationmanageresources-display-component---newResourceUnit--DIMENSION_UNIT"}]}
RESULT: undefined
COMMAND: POST /session/5209fcfd0cbd9c22cf680726c4028e3f/execute/async - {"script":"<script> [776 bytes]","args":[{"enterText":"Meter","selector":{"id":"application-manageresources-display-component---newResourceUnit--DIMENSION_UNIT","interaction":{"idSuffix":"inner"}},"clearTextFirst":true,"interactionType":"ENTER_TEXT"}]}
RESULT: {"script":"<script> [776 bytes]","args":[{"enterText":"Meter","selector":{"id":"application-manageresources-display-component---newResourceUnit--DIMENSION_UNIT","interaction":{"idSuffix":"inner"}},"clearTextFirst":true,"interactionType":"ENTER_TEXT"}]}
COMMAND: POST /session/5209fcfd0cbd9c22cf680726c4028e3f/execute/async - {"script":"<script> [1562 bytes]","args":[{"selector":{"id":"application-manageresources-display-component---newResourceUnit--newRRUPage-anchBar-application-manageresources-display-component---newResourceUnit--control-anchor","interaction":{"idSuffix":"BDI-content"}},"wdio_ui5_key":"applicationmanageresources-display-component---newResourceUnit--newRRUPage-anchBar-application-manageresources-display-component---newResourceUnit--control-anchor"}]}
RESULT: {"script":"<script> [1562 bytes]","args":[{"selector":{"id":"application-manageresources-display-component---newResourceUnit--newRRUPage-anchBar-application-manageresources-display-component---newResourceUnit--control-anchor","interaction":{"idSuffix":"BDI-content"}},"wdio_ui5_key":"applicationmanageresources-display-component---newResourceUnit--newRRUPage-anchBar-application-manageresources-display-component---newResourceUnit--control-anchor"}]}
RESULT: undefined
COMMAND: POST /session/5209fcfd0cbd9c22cf680726c4028e3f/element - {"using":"xpath","value":"//*[@id=\"application-manageresources-display-component---newResourceUnit--newRRUPage-anchBar-application-manageresources-display-component---newResourceUnit--control-anchor\"]"}
RESULT: {"using":"xpath","value":"//*[@id=\"application-manageresources-display-component---newResourceUnit--newRRUPage-anchBar-application-manageresources-display-component---newResourceUnit--control-anchor\"]"}
COMMAND: POST /session/5209fcfd0cbd9c22cf680726c4028e3f/element/f.81B74C70C7FE6F01EFB4ED64870B6056.d.4C436BBC34D184A8152AC67BEB374F9A.e.1527/click - {}
RESULT: {}
COMMAND: POST /session/5209fcfd0cbd9c22cf680726c4028e3f/execute/async - {"script":"<script> [1562 bytes]","args":[{"selector":{"id":"application-manageresources-display-component---newResourceUnit--PLANNING_GROUP","interaction":{"idSuffix":"inner"}},"wdio_ui5_key":"applicationmanageresources-display-component---newResourceUnit--PLANNING_GROUP"}]}
COMMAND: GET /session/5209fcfd0cbd9c22cf680726c4028e3f/screenshot - {}
RESULT: {"script":"<script> [1562 bytes]","args":[{"selector":{"id":"application-manageresources-display-component---newResourceUnit--PLANNING_GROUP","interaction":{"idSuffix":"inner"}},"wdio_ui5_key":"applicationmanageresources-display-component---newResourceUnit--PLANNING_GROUP"}]}
RESULT: undefined
COMMAND: POST /session/5209fcfd0cbd9c22cf680726c4028e3f/execute/async - {"script":"<script> [776 bytes]","args":[{"enterText":"Heavy Equi","selector":{"id":"application-manageresources-display-component---newResourceUnit--PLANNING_GROUP","interaction":{"idSuffix":"inner"}},"clearTextFirst":true,"interactionType":"ENTER_TEXT"}]}
RESULT: {}
RESULT: {"script":"<script> [776 bytes]","args":[{"enterText":"Heavy Equi","selector":{"id":"application-manageresources-display-component---newResourceUnit--PLANNING_GROUP","interaction":{"idSuffix":"inner"}},"clearTextFirst":true,"interactionType":"ENTER_TEXT"}]}
COMMAND: POST /session/5209fcfd0cbd9c22cf680726c4028e3f/execute/async - {"script":"<script> [1562 bytes]","args":[{"selector":{"id":"application-manageresources-display-component---newResourceUnit--ITEM_TYPE-arrow"},"wdio_ui5_key":"applicationmanageresources-display-component---newResourceUnit--ITEM_TYPE-arrow"}]}
RESULT: {"script":"<script> [1562 bytes]","args":[{"selector":{"id":"application-manageresources-display-component---newResourceUnit--ITEM_TYPE-arrow"},"wdio_ui5_key":"applicationmanageresources-display-component---newResourceUnit--ITEM_TYPE-arrow"}]}
RESULT: undefined
COMMAND: POST /session/5209fcfd0cbd9c22cf680726c4028e3f/element - {"using":"xpath","value":"//*[@id=\"application-manageresources-display-component---newResourceUnit--ITEM_TYPE-arrow\"]"}
RESULT: {"using":"xpath","value":"//*[@id=\"application-manageresources-display-component---newResourceUnit--ITEM_TYPE-arrow\"]"}
COMMAND: POST /session/5209fcfd0cbd9c22cf680726c4028e3f/element/f.81B74C70C7FE6F01EFB4ED64870B6056.d.4C436BBC34D184A8152AC67BEB374F9A.e.1534/click - {}
RESULT: {}
COMMAND: POST /session/5209fcfd0cbd9c22cf680726c4028e3f/element - {"using":"xpath","value":"(//span[contains(text(), \"Resource Unit\")])[2]"}
COMMAND: GET /session/5209fcfd0cbd9c22cf680726c4028e3f/screenshot - {}
RESULT: {"using":"xpath","value":"(//span[contains(text(), \"Resource Unit\")])[2]"}
COMMAND: POST /session/5209fcfd0cbd9c22cf680726c4028e3f/element/f.81B74C70C7FE6F01EFB4ED64870B6056.d.4C436BBC34D184A8152AC67BEB374F9A.e.1535/click - {}
RESULT: {}
RESULT: {}
COMMAND: GET /session/5209fcfd0cbd9c22cf680726c4028e3f/screenshot - {}
RESULT: {}
COMMAND: POST /session/5209fcfd0cbd9c22cf680726c4028e3f/element - {"using":"css selector","value":"#application-manageresources-display-component---newResourceUnit--btnAddTimeSegment"}
RESULT: {"using":"css selector","value":"#application-manageresources-display-component---newResourceUnit--btnAddTimeSegment"}
COMMAND: GET /session/5209fcfd0cbd9c22cf680726c4028e3f/element/f.81B74C70C7FE6F01EFB4ED64870B6056.d.4C436BBC34D184A8152AC67BEB374F9A.e.1536/rect - {}
RESULT: {}
COMMAND: GET /session/5209fcfd0cbd9c22cf680726c4028e3f/window/rect - {}
RESULT: {}
COMMAND: POST /session/5209fcfd0cbd9c22cf680726c4028e3f/execute/sync - {"script":"<script> [92 bytes]","args":[]}
RESULT: {"script":"<script> [92 bytes]","args":[]}
COMMAND: POST /session/5209fcfd0cbd9c22cf680726c4028e3f/actions - {"actions":[{"id":"action3","type":"wheel","parameters":{},"actions":[{"type":"scroll","x":-1888,"y":-32,"deltaX":0,"deltaY":0,"duration":0,"origin":{"element-6066-11e4-a52e-4f735466cecf":"f.81B74C70C7FE6F01EFB4ED64870B6056.d.4C436BBC34D184A8152AC67BEB374F9A.e.1536"}}]}]}
COMMAND: GET /session/5209fcfd0cbd9c22cf680726c4028e3f/screenshot - {}
RESULT: {}
COMMAND: POST /session/5209fcfd0cbd9c22cf680726c4028e3f/execute/sync - {"script":"<script> [79 bytes]","args":[{"element-6066-11e4-a52e-4f735466cecf":"f.81B74C70C7FE6F01EFB4ED64870B6056.d.4C436BBC34D184A8152AC67BEB374F9A.e.1536","ELEMENT":"f.81B74C70C7FE6F01EFB4ED64870B6056.d.4C436BBC34D184A8152AC67BEB374F9A.e.1536"},{"block":"start","inline":"nearest"}]}
RESULT: {"script":"<script> [79 bytes]","args":[{"element-6066-11e4-a52e-4f735466cecf":"f.81B74C70C7FE6F01EFB4ED64870B6056.d.4C436BBC34D184A8152AC67BEB374F9A.e.1536","ELEMENT":"f.81B74C70C7FE6F01EFB4ED64870B6056.d.4C436BBC34D184A8152AC67BEB374F9A.e.1536"},{"block":"start","inline":"nearest"}]}
COMMAND: POST /session/5209fcfd0cbd9c22cf680726c4028e3f/execute/async - {"script":"<script> [1562 bytes]","args":[{"selector":{"id":"application-manageresources-display-component---newResourceUnit--btnAddTimeSegment","interaction":{"idSuffix":"inner"}},"wdio_ui5_key":"applicationmanageresources-display-component---newResourceUnit--btnAddTimeSegment"}]}
COMMAND: GET /session/5209fcfd0cbd9c22cf680726c4028e3f/screenshot - {}
RESULT: {"script":"<script> [1562 bytes]","args":[{"selector":{"id":"application-manageresources-display-component---newResourceUnit--btnAddTimeSegment","interaction":{"idSuffix":"inner"}},"wdio_ui5_key":"applicationmanageresources-display-component---newResourceUnit--btnAddTimeSegment"}]}
RESULT: undefined
COMMAND: POST /session/5209fcfd0cbd9c22cf680726c4028e3f/element - {"using":"xpath","value":"//*[@id=\"application-manageresources-display-component---newResourceUnit--btnAddTimeSegment\"]"}
RESULT: {}
RESULT: {"using":"xpath","value":"//*[@id=\"application-manageresources-display-component---newResourceUnit--btnAddTimeSegment\"]"}
COMMAND: POST /session/5209fcfd0cbd9c22cf680726c4028e3f/element/f.81B74C70C7FE6F01EFB4ED64870B6056.d.4C436BBC34D184A8152AC67BEB374F9A.e.1536/click - {}
RESULT: {}
COMMAND: GET /session/5209fcfd0cbd9c22cf680726c4028e3f/screenshot - {}
RESULT: {}
COMMAND: POST /session/5209fcfd0cbd9c22cf680726c4028e3f/element - {"using":"xpath","value":"//input[@id=\"application-manageresources-display-component---newResourceUnit--idRuTSAdmin-application-manageresources-display-component---newResourceUnit--RUTimeSegment-0-inner\"]"}
RESULT: {"using":"xpath","value":"//input[@id=\"application-manageresources-display-component---newResourceUnit--idRuTSAdmin-application-manageresources-display-component---newResourceUnit--RUTimeSegment-0-inner\"]"}
COMMAND: POST /session/5209fcfd0cbd9c22cf680726c4028e3f/element/f.81B74C70C7FE6F01EFB4ED64870B6056.d.4C436BBC34D184A8152AC67BEB374F9A.e.1542/clear - {}
RESULT: {}
COMMAND: POST /session/5209fcfd0cbd9c22cf680726c4028e3f/element/f.81B74C70C7FE6F01EFB4ED64870B6056.d.4C436BBC34D184A8152AC67BEB374F9A.e.1542/value - {"text":"678"}
COMMAND: GET /session/5209fcfd0cbd9c22cf680726c4028e3f/screenshot - {}
RESULT: {"text":"678"}
COMMAND: GET /session/5209fcfd0cbd9c22cf680726c4028e3f/screenshot - {}
RESULT: {}
RESULT: {}
COMMAND: POST /session/5209fcfd0cbd9c22cf680726c4028e3f/element - {"using":"xpath","value":"//li[.//span[text()='678']]"}
RESULT: {"using":"xpath","value":"//li[.//span[text()='678']]"}
COMMAND: POST /session/5209fcfd0cbd9c22cf680726c4028e3f/element/f.81B74C70C7FE6F01EFB4ED64870B6056.d.4C436BBC34D184A8152AC67BEB374F9A.e.1556/click - {}
RESULT: {}
COMMAND: GET /session/5209fcfd0cbd9c22cf680726c4028e3f/screenshot - {}
RESULT: {}
COMMAND: POST /session/5209fcfd0cbd9c22cf680726c4028e3f/element - {"using":"xpath","value":"(//span[contains(@id, \"-application-manageresources-display-component---newResourceUnit--RUTimeSegment-0-arrow\")])[6]"}
RESULT: {"using":"xpath","value":"(//span[contains(@id, \"-application-manageresources-display-component---newResourceUnit--RUTimeSegment-0-arrow\")])[6]"}
COMMAND: POST /session/5209fcfd0cbd9c22cf680726c4028e3f/element/f.81B74C70C7FE6F01EFB4ED64870B6056.d.4C436BBC34D184A8152AC67BEB374F9A.e.1557/click - {}
RESULT: {}
COMMAND: GET /session/5209fcfd0cbd9c22cf680726c4028e3f/screenshot - {}
RESULT: {}
COMMAND: POST /session/5209fcfd0cbd9c22cf680726c4028e3f/element - {"using":"xpath","value":"//span[contains(text(), \"PM Order\")]"}
RESULT: {"using":"xpath","value":"//span[contains(text(), \"PM Order\")]"}
COMMAND: POST /session/5209fcfd0cbd9c22cf680726c4028e3f/element/f.81B74C70C7FE6F01EFB4ED64870B6056.d.4C436BBC34D184A8152AC67BEB374F9A.e.1560/click - {}
RESULT: {}
COMMAND: GET /session/5209fcfd0cbd9c22cf680726c4028e3f/screenshot - {}
RESULT: {}
COMMAND: POST /session/5209fcfd0cbd9c22cf680726c4028e3f/element - {"using":"xpath","value":"(//span[contains(@id ,\"manageresources-display-component---newResourceUnit--RUTimeSegment-0-vhi\")])[1]"}
RESULT: {"using":"xpath","value":"(//span[contains(@id ,\"manageresources-display-component---newResourceUnit--RUTimeSegment-0-vhi\")])[1]"}
COMMAND: GET /session/5209fcfd0cbd9c22cf680726c4028e3f/element/f.81B74C70C7FE6F01EFB4ED64870B6056.d.4C436BBC34D184A8152AC67BEB374F9A.e.1564/rect - {}
RESULT: {}
COMMAND: GET /session/5209fcfd0cbd9c22cf680726c4028e3f/window/rect - {}
RESULT: {}
COMMAND: POST /session/5209fcfd0cbd9c22cf680726c4028e3f/execute/sync - {"script":"<script> [92 bytes]","args":[]}
RESULT: {"script":"<script> [92 bytes]","args":[]}
COMMAND: POST /session/5209fcfd0cbd9c22cf680726c4028e3f/actions - {"actions":[{"id":"action4","type":"wheel","parameters":{},"actions":[{"type":"scroll","x":-869,"y":-24,"deltaX":0,"deltaY":0,"duration":0,"origin":{"element-6066-11e4-a52e-4f735466cecf":"f.81B74C70C7FE6F01EFB4ED64870B6056.d.4C436BBC34D184A8152AC67BEB374F9A.e.1564"}}]}]}
COMMAND: GET /session/5209fcfd0cbd9c22cf680726c4028e3f/screenshot - {}
RESULT: {"actions":[{"id":"action4","type":"wheel","parameters":{},"actions":[{"type":"scroll","x":-869,"y":-24,"deltaX":0,"deltaY":0,"duration":0,"origin":{"element-6066-11e4-a52e-4f735466cecf":"f.81B74C70C7FE6F01EFB4ED64870B6056.d.4C436BBC34D184A8152AC67BEB374F9A.e.1564"}}]}]}
COMMAND: DELETE /session/5209fcfd0cbd9c22cf680726c4028e3f/actions - {}
COMMAND: GET /session/5209fcfd0cbd9c22cf680726c4028e3f/screenshot - {}
RESULT: {}
RESULT: {}
COMMAND: GET /session/5209fcfd0cbd9c22cf680726c4028e3f/screenshot - {}
RESULT: {}
RESULT: {}
COMMAND: POST /session/5209fcfd0cbd9c22cf680726c4028e3f/element/f.81B74C70C7FE6F01EFB4ED64870B6056.d.4C436BBC34D184A8152AC67BEB374F9A.e.1564/click - {}
RESULT: {}
COMMAND: GET /session/5209fcfd0cbd9c22cf680726c4028e3f/screenshot - {}
RESULT: {}
RESULT: undefined
COMMAND: POST /session/5209fcfd0cbd9c22cf680726c4028e3f/execute/async - {"script":"<script> [776 bytes]","args":[{"enterText":"4000360","selector":{"controlType":"sap.m.SearchField","properties":{"placeholder":"Search"},"searchOpenDialogs":true,"interaction":{"idSuffix":"I"}},"clearTextFirst":true,"interactionType":"ENTER_TEXT"}]}
RESULT: {"script":"<script> [776 bytes]","args":[{"enterText":"4000360","selector":{"controlType":"sap.m.SearchField","properties":{"placeholder":"Search"},"searchOpenDialogs":true,"interaction":{"idSuffix":"I"}},"clearTextFirst":true,"interactionType":"ENTER_TEXT"}]}
COMMAND: POST /session/5209fcfd0cbd9c22cf680726c4028e3f/actions - {"actions":[{"id":"action5","type":"key","parameters":{},"actions":[{"type":"keyDown","value":""},{"type":"pause","duration":10},{"type":"keyUp","value":""}]}]}
RESULT: {"actions":[{"id":"action5","type":"key","parameters":{},"actions":[{"type":"keyDown","value":""},{"type":"pause","duration":10},{"type":"keyUp","value":""}]}]}
COMMAND: GET /session/5209fcfd0cbd9c22cf680726c4028e3f/screenshot - {}
RESULT: {}
COMMAND: POST /session/5209fcfd0cbd9c22cf680726c4028e3f/element - {"using":"xpath","value":"//td/div/span[contains(text(), \"BGL Vehicles\")]"}
RESULT: {"using":"xpath","value":"//td/div/span[contains(text(), \"BGL Vehicles\")]"}
COMMAND: POST /session/5209fcfd0cbd9c22cf680726c4028e3f/element/f.81B74C70C7FE6F01EFB4ED64870B6056.d.4C436BBC34D184A8152AC67BEB374F9A.e.1584/click - {}
RESULT: {}
COMMAND: GET /session/5209fcfd0cbd9c22cf680726c4028e3f/screenshot - {}
RESULT: {}
COMMAND: POST /session/5209fcfd0cbd9c22cf680726c4028e3f/element - {"using":"xpath","value":"//bdi[contains(text(), \"OK\")]"}
RESULT: {"using":"xpath","value":"//bdi[contains(text(), \"OK\")]"}
COMMAND: POST /session/5209fcfd0cbd9c22cf680726c4028e3f/element/f.81B74C70C7FE6F01EFB4ED64870B6056.d.4C436BBC34D184A8152AC67BEB374F9A.e.1585/click - {}
RESULT: {}
COMMAND: GET /session/5209fcfd0cbd9c22cf680726c4028e3f/screenshot - {}
RESULT: {}
COMMAND: POST /session/5209fcfd0cbd9c22cf680726c4028e3f/execute/async - {"script":"<script> [1562 bytes]","args":[{"selector":{"id":"application-manageresources-display-component---newResourceUnit--newRRUPage-anchBar-application-manageresources-display-component---newResourceUnit--resource-anchor","interaction":{"idSuffix":"BDI-content"}},"wdio_ui5_key":"applicationmanageresources-display-component---newResourceUnit--newRRUPage-anchBar-application-manageresources-display-component---newResourceUnit--resource-anchor"}]}
RESULT: {"script":"<script> [1562 bytes]","args":[{"selector":{"id":"application-manageresources-display-component---newResourceUnit--newRRUPage-anchBar-application-manageresources-display-component---newResourceUnit--resource-anchor","interaction":{"idSuffix":"BDI-content"}},"wdio_ui5_key":"applicationmanageresources-display-component---newResourceUnit--newRRUPage-anchBar-application-manageresources-display-component---newResourceUnit--resource-anchor"}]}
RESULT: undefined
COMMAND: POST /session/5209fcfd0cbd9c22cf680726c4028e3f/element - {"using":"xpath","value":"//*[@id=\"application-manageresources-display-component---newResourceUnit--newRRUPage-anchBar-application-manageresources-display-component---newResourceUnit--resource-anchor\"]"}
RESULT: {"using":"xpath","value":"//*[@id=\"application-manageresources-display-component---newResourceUnit--newRRUPage-anchBar-application-manageresources-display-component---newResourceUnit--resource-anchor\"]"}
COMMAND: POST /session/5209fcfd0cbd9c22cf680726c4028e3f/element/f.81B74C70C7FE6F01EFB4ED64870B6056.d.4C436BBC34D184A8152AC67BEB374F9A.e.1589/click - {}
RESULT: {}
COMMAND: POST /session/5209fcfd0cbd9c22cf680726c4028e3f/execute/async - {"script":"<script> [1562 bytes]","args":[{"selector":{"id":"application-manageresources-display-component---newResourceUnit--PLANNED_DELIVERY_DATE","interaction":{"idSuffix":"inner"}},"wdio_ui5_key":"applicationmanageresources-display-component---newResourceUnit--PLANNED_DELIVERY_DATE"}]}
COMMAND: GET /session/5209fcfd0cbd9c22cf680726c4028e3f/screenshot - {}
RESULT: {"script":"<script> [1562 bytes]","args":[{"selector":{"id":"application-manageresources-display-component---newResourceUnit--PLANNED_DELIVERY_DATE","interaction":{"idSuffix":"inner"}},"wdio_ui5_key":"applicationmanageresources-display-component---newResourceUnit--PLANNED_DELIVERY_DATE"}]}
RESULT: undefined
COMMAND: POST /session/5209fcfd0cbd9c22cf680726c4028e3f/execute/async - {"script":"<script> [6424 bytes]","args":[{"element-6066-11e4-a52e-4f735466cecf":"f.81B74C70C7FE6F01EFB4ED64870B6056.d.4C436BBC34D184A8152AC67BEB374F9A.e.1452"},"setValue",["5/22/25"]]}
RESULT: {}
RESULT: {"script":"<script> [6424 bytes]","args":[{"element-6066-11e4-a52e-4f735466cecf":"f.81B74C70C7FE6F01EFB4ED64870B6056.d.4C436BBC34D184A8152AC67BEB374F9A.e.1452"},"setValue",["5/22/25"]]}
COMMAND: POST /session/5209fcfd0cbd9c22cf680726c4028e3f/element - {"using":"xpath","value":"//label[contains(@class, 'sapMLabelRequired') and .//bdi[contains(text(), 'Planned Retirement')]]"}
RESULT: {"using":"xpath","value":"//label[contains(@class, 'sapMLabelRequired') and .//bdi[contains(text(), 'Planned Retirement')]]"}
COMMAND: POST /session/5209fcfd0cbd9c22cf680726c4028e3f/elements - {"using":"xpath","value":"//label[contains(@class, 'sapMLabelRequired') and .//bdi[contains(text(), 'Planned Retirement')]]"}
RESULT: {"using":"xpath","value":"//label[contains(@class, 'sapMLabelRequired') and .//bdi[contains(text(), 'Planned Retirement')]]"}
COMMAND: POST /session/5209fcfd0cbd9c22cf680726c4028e3f/element - {"using":"xpath","value":"//button[@data-kt=\"resourceUnitSaveButton\"]"}
RESULT: {"using":"xpath","value":"//button[@data-kt=\"resourceUnitSaveButton\"]"}
COMMAND: POST /session/5209fcfd0cbd9c22cf680726c4028e3f/element/f.81B74C70C7FE6F01EFB4ED64870B6056.d.4C436BBC34D184A8152AC67BEB374F9A.e.1413/click - {}
RESULT: {}
COMMAND: GET /session/5209fcfd0cbd9c22cf680726c4028e3f/screenshot - {}
RESULT: {}
COMMAND: POST /session/5209fcfd0cbd9c22cf680726c4028e3f/element - {"using":"xpath","value":"//bdi[contains(text(), \"Close\")]"}
RESULT: {"using":"xpath","value":"//bdi[contains(text(), \"Close\")]"}
COMMAND: POST /session/5209fcfd0cbd9c22cf680726c4028e3f/element/f.81B74C70C7FE6F01EFB4ED64870B6056.d.4C436BBC34D184A8152AC67BEB374F9A.e.1597/click - {}
RESULT: {}
COMMAND: GET /session/5209fcfd0cbd9c22cf680726c4028e3f/screenshot - {}
RESULT: {}
COMMAND: POST /session/5209fcfd0cbd9c22cf680726c4028e3f/element - {"using":"xpath","value":"(//button[contains(@id ,\"actionsToolbar-overflowButton\")])[1]"}
RESULT: {"using":"xpath","value":"(//button[contains(@id ,\"actionsToolbar-overflowButton\")])[1]"}
COMMAND: POST /session/5209fcfd0cbd9c22cf680726c4028e3f/element/f.81B74C70C7FE6F01EFB4ED64870B6056.d.4C436BBC34D184A8152AC67BEB374F9A.e.1653/click - {}
RESULT: {}
COMMAND: GET /session/5209fcfd0cbd9c22cf680726c4028e3f/screenshot - {}
RESULT: {}
COMMAND: POST /session/5209fcfd0cbd9c22cf680726c4028e3f/element - {"using":"xpath","value":"//button[@data-kt=\"priceInfoButton\"]"}
RESULT: {"using":"xpath","value":"//button[@data-kt=\"priceInfoButton\"]"}
COMMAND: POST /session/5209fcfd0cbd9c22cf680726c4028e3f/element/f.81B74C70C7FE6F01EFB4ED64870B6056.d.4C436BBC34D184A8152AC67BEB374F9A.e.1655/click - {}
RESULT: {}
COMMAND: GET /session/5209fcfd0cbd9c22cf680726c4028e3f/screenshot - {}
RESULT: {}
COMMAND: POST /session/5209fcfd0cbd9c22cf680726c4028e3f/element - {"using":"css selector","value":"#shell-header-logo"}
RESULT: {"using":"css selector","value":"#shell-header-logo"}
COMMAND: POST /session/5209fcfd0cbd9c22cf680726c4028e3f/element/f.81B74C70C7FE6F01EFB4ED64870B6056.d.4C436BBC34D184A8152AC67BEB374F9A.e.1015/click - {}
RESULT: {}
COMMAND: GET /session/5209fcfd0cbd9c22cf680726c4028e3f/screenshot - {}
]]></system-out>
    </testcase>
    <testcase classname="chrome.136_0_7103_93.windows.Create_condition_pricing_US117289_US134625" name="Should create new condition" time="75.807">
      <system-out><![CDATA[
COMMAND: POST /session/5209fcfd0cbd9c22cf680726c4028e3f/execute/async - {"script":"<script> [1562 bytes]","args":[{"selector":{"controlType":"sap.m.GenericTile","properties":{"header":"Manage Conditions & Prices"}},"wdio_ui5_key":"sapm.GenericTile{\"header\":\"Manage Conditions & Prices\"}"}]}
RESULT: {"script":"<script> [1562 bytes]","args":[{"selector":{"controlType":"sap.m.GenericTile","properties":{"header":"Manage Conditions & Prices"}},"wdio_ui5_key":"sapm.GenericTile{\"header\":\"Manage Conditions & Prices\"}"}]}
RESULT: undefined
COMMAND: POST /session/5209fcfd0cbd9c22cf680726c4028e3f/element - {"using":"xpath","value":"//*[@id=\"__tile53\"]"}
RESULT: {}
RESULT: {"using":"xpath","value":"//*[@id=\"__tile53\"]"}
COMMAND: POST /session/5209fcfd0cbd9c22cf680726c4028e3f/element/f.81B74C70C7FE6F01EFB4ED64870B6056.d.4C436BBC34D184A8152AC67BEB374F9A.e.199/click - {}
RESULT: {}
COMMAND: GET /session/5209fcfd0cbd9c22cf680726c4028e3f/screenshot - {}
RESULT: {}
COMMAND: POST /session/5209fcfd0cbd9c22cf680726c4028e3f/elements - {"using":"xpath","value":"//span[text()='Error']"}
RESULT: {"using":"xpath","value":"//span[text()='Error']"}
COMMAND: POST /session/5209fcfd0cbd9c22cf680726c4028e3f/element - {"using":"xpath","value":"//button[@aria-label=\"Create\"]"}
RESULT: {"using":"xpath","value":"//button[@aria-label=\"Create\"]"}
COMMAND: POST /session/5209fcfd0cbd9c22cf680726c4028e3f/elements - {"using":"xpath","value":"//button[@aria-label=\"Create\"]"}
RESULT: {"using":"xpath","value":"//button[@aria-label=\"Create\"]"}
COMMAND: POST /session/5209fcfd0cbd9c22cf680726c4028e3f/execute/sync - {"script":"<script> [8489 bytes]","args":[{"element-6066-11e4-a52e-4f735466cecf":"f.81B74C70C7FE6F01EFB4ED64870B6056.d.4C436BBC34D184A8152AC67BEB374F9A.e.1755","ELEMENT":"f.81B74C70C7FE6F01EFB4ED64870B6056.d.4C436BBC34D184A8152AC67BEB374F9A.e.1755"}]}
RESULT: {"script":"<script> [8489 bytes]","args":[{"element-6066-11e4-a52e-4f735466cecf":"f.81B74C70C7FE6F01EFB4ED64870B6056.d.4C436BBC34D184A8152AC67BEB374F9A.e.1755","ELEMENT":"f.81B74C70C7FE6F01EFB4ED64870B6056.d.4C436BBC34D184A8152AC67BEB374F9A.e.1755"}]}
COMMAND: GET /session/5209fcfd0cbd9c22cf680726c4028e3f/element/f.81B74C70C7FE6F01EFB4ED64870B6056.d.4C436BBC34D184A8152AC67BEB374F9A.e.1755/enabled - {}
COMMAND: GET /session/5209fcfd0cbd9c22cf680726c4028e3f/screenshot - {}
RESULT: {}
COMMAND: POST /session/5209fcfd0cbd9c22cf680726c4028e3f/execute/sync - {"script":"<script> [8489 bytes]","args":[{"element-6066-11e4-a52e-4f735466cecf":"f.81B74C70C7FE6F01EFB4ED64870B6056.d.4C436BBC34D184A8152AC67BEB374F9A.e.1755","ELEMENT":"f.81B74C70C7FE6F01EFB4ED64870B6056.d.4C436BBC34D184A8152AC67BEB374F9A.e.1755"}]}
COMMAND: GET /session/5209fcfd0cbd9c22cf680726c4028e3f/screenshot - {}
RESULT: {}
RESULT: {"script":"<script> [8489 bytes]","args":[{"element-6066-11e4-a52e-4f735466cecf":"f.81B74C70C7FE6F01EFB4ED64870B6056.d.4C436BBC34D184A8152AC67BEB374F9A.e.1755","ELEMENT":"f.81B74C70C7FE6F01EFB4ED64870B6056.d.4C436BBC34D184A8152AC67BEB374F9A.e.1755"}]}
COMMAND: POST /session/5209fcfd0cbd9c22cf680726c4028e3f/execute/sync - {"script":"<script> [5351 bytes]","args":[{"element-6066-11e4-a52e-4f735466cecf":"f.81B74C70C7FE6F01EFB4ED64870B6056.d.4C436BBC34D184A8152AC67BEB374F9A.e.1755","ELEMENT":"f.81B74C70C7FE6F01EFB4ED64870B6056.d.4C436BBC34D184A8152AC67BEB374F9A.e.1755"}]}
COMMAND: GET /session/5209fcfd0cbd9c22cf680726c4028e3f/screenshot - {}
RESULT: {}
RESULT: {"script":"<script> [5351 bytes]","args":[{"element-6066-11e4-a52e-4f735466cecf":"f.81B74C70C7FE6F01EFB4ED64870B6056.d.4C436BBC34D184A8152AC67BEB374F9A.e.1755","ELEMENT":"f.81B74C70C7FE6F01EFB4ED64870B6056.d.4C436BBC34D184A8152AC67BEB374F9A.e.1755"}]}
COMMAND: POST /session/5209fcfd0cbd9c22cf680726c4028e3f/element/f.81B74C70C7FE6F01EFB4ED64870B6056.d.4C436BBC34D184A8152AC67BEB374F9A.e.1755/click - {}
COMMAND: GET /session/5209fcfd0cbd9c22cf680726c4028e3f/screenshot - {}
RESULT: {}
RESULT: {}
COMMAND: GET /session/5209fcfd0cbd9c22cf680726c4028e3f/screenshot - {}
RESULT: {}
RESULT: {}
COMMAND: POST /session/5209fcfd0cbd9c22cf680726c4028e3f/actions - {"actions":[{"id":"action6","type":"key","parameters":{},"actions":[{"type":"keyDown","value":""},{"type":"pause","duration":10},{"type":"keyUp","value":""}]}]}
RESULT: {"actions":[{"id":"action6","type":"key","parameters":{},"actions":[{"type":"keyDown","value":""},{"type":"pause","duration":10},{"type":"keyUp","value":""}]}]}
COMMAND: GET /session/5209fcfd0cbd9c22cf680726c4028e3f/screenshot - {}
RESULT: {}
COMMAND: POST /session/5209fcfd0cbd9c22cf680726c4028e3f/execute/async - {"script":"<script> [1562 bytes]","args":[{"selector":{"id":"application-manageconditionprice-display-component---newCondition--condBillCond-arrow"},"wdio_ui5_key":"applicationmanageconditionprice-display-component---newCondition--condBillCond-arrow"}]}
RESULT: {"script":"<script> [1562 bytes]","args":[{"selector":{"id":"application-manageconditionprice-display-component---newCondition--condBillCond-arrow"},"wdio_ui5_key":"applicationmanageconditionprice-display-component---newCondition--condBillCond-arrow"}]}
RESULT: undefined
COMMAND: POST /session/5209fcfd0cbd9c22cf680726c4028e3f/element - {"using":"xpath","value":"//*[@id=\"application-manageconditionprice-display-component---newCondition--condBillCond-arrow\"]"}
RESULT: {"using":"xpath","value":"//*[@id=\"application-manageconditionprice-display-component---newCondition--condBillCond-arrow\"]"}
COMMAND: POST /session/5209fcfd0cbd9c22cf680726c4028e3f/element/f.81B74C70C7FE6F01EFB4ED64870B6056.d.4C436BBC34D184A8152AC67BEB374F9A.e.1966/click - {}
RESULT: {}
COMMAND: GET /session/5209fcfd0cbd9c22cf680726c4028e3f/screenshot - {}
RESULT: {}
COMMAND: POST /session/5209fcfd0cbd9c22cf680726c4028e3f/element - {"using":"xpath","value":"//li[.//span[contains(text(), \"SAPR - Sales price\")]]"}
RESULT: {"using":"xpath","value":"//li[.//span[contains(text(), \"SAPR - Sales price\")]]"}
COMMAND: POST /session/5209fcfd0cbd9c22cf680726c4028e3f/element/f.81B74C70C7FE6F01EFB4ED64870B6056.d.4C436BBC34D184A8152AC67BEB374F9A.e.1969/click - {}
RESULT: {}
COMMAND: GET /session/5209fcfd0cbd9c22cf680726c4028e3f/screenshot - {}
RESULT: {}
COMMAND: POST /session/5209fcfd0cbd9c22cf680726c4028e3f/execute/async - {"script":"<script> [1562 bytes]","args":[{"selector":{"id":"application-manageconditionprice-display-component---newCondition--condValidTo","interaction":{"idSuffix":"inner"}},"wdio_ui5_key":"applicationmanageconditionprice-display-component---newCondition--condValidTo"}]}
RESULT: {"script":"<script> [1562 bytes]","args":[{"selector":{"id":"application-manageconditionprice-display-component---newCondition--condValidTo","interaction":{"idSuffix":"inner"}},"wdio_ui5_key":"applicationmanageconditionprice-display-component---newCondition--condValidTo"}]}
RESULT: undefined
COMMAND: POST /session/5209fcfd0cbd9c22cf680726c4028e3f/execute/async - {"script":"<script> [776 bytes]","args":[{"enterText":"1/22/26","selector":{"id":"application-manageconditionprice-display-component---newCondition--condValidTo","interaction":{"idSuffix":"inner"}},"clearTextFirst":true,"interactionType":"ENTER_TEXT"}]}
RESULT: {"script":"<script> [776 bytes]","args":[{"enterText":"1/22/26","selector":{"id":"application-manageconditionprice-display-component---newCondition--condValidTo","interaction":{"idSuffix":"inner"}},"clearTextFirst":true,"interactionType":"ENTER_TEXT"}]}
COMMAND: POST /session/5209fcfd0cbd9c22cf680726c4028e3f/element - {"using":"xpath","value":"//input[@id=\"application-manageconditionprice-display-component---newCondition--condRU-inner\"]"}
RESULT: {"using":"xpath","value":"//input[@id=\"application-manageconditionprice-display-component---newCondition--condRU-inner\"]"}
COMMAND: POST /session/5209fcfd0cbd9c22cf680726c4028e3f/element/f.81B74C70C7FE6F01EFB4ED64870B6056.d.4C436BBC34D184A8152AC67BEB374F9A.e.1833/clear - {}
RESULT: {}
COMMAND: POST /session/5209fcfd0cbd9c22cf680726c4028e3f/element/f.81B74C70C7FE6F01EFB4ED64870B6056.d.4C436BBC34D184A8152AC67BEB374F9A.e.1833/value - {"text":"hlVOxL2rPr"}
COMMAND: GET /session/5209fcfd0cbd9c22cf680726c4028e3f/screenshot - {}
RESULT: {"text":"hlVOxL2rPr"}
COMMAND: GET /session/5209fcfd0cbd9c22cf680726c4028e3f/screenshot - {}
RESULT: {}
RESULT: {}
COMMAND: POST /session/5209fcfd0cbd9c22cf680726c4028e3f/actions - {"actions":[{"id":"action7","type":"key","parameters":{},"actions":[{"type":"keyDown","value":""},{"type":"pause","duration":10},{"type":"keyUp","value":""}]}]}
RESULT: {"actions":[{"id":"action7","type":"key","parameters":{},"actions":[{"type":"keyDown","value":""},{"type":"pause","duration":10},{"type":"keyUp","value":""}]}]}
COMMAND: POST /session/5209fcfd0cbd9c22cf680726c4028e3f/execute/async - {"script":"<script> [1562 bytes]","args":[{"selector":{"id":"application-manageconditionprice-display-component---newCondition--condBaseQty","interaction":{"idSuffix":"inner"}},"wdio_ui5_key":"applicationmanageconditionprice-display-component---newCondition--condBaseQty"}]}
COMMAND: GET /session/5209fcfd0cbd9c22cf680726c4028e3f/screenshot - {}
RESULT: {"script":"<script> [1562 bytes]","args":[{"selector":{"id":"application-manageconditionprice-display-component---newCondition--condBaseQty","interaction":{"idSuffix":"inner"}},"wdio_ui5_key":"applicationmanageconditionprice-display-component---newCondition--condBaseQty"}]}
RESULT: undefined
COMMAND: POST /session/5209fcfd0cbd9c22cf680726c4028e3f/execute/async - {"script":"<script> [776 bytes]","args":[{"enterText":"1","selector":{"id":"application-manageconditionprice-display-component---newCondition--condBaseQty","interaction":{"idSuffix":"inner"}},"clearTextFirst":true,"interactionType":"ENTER_TEXT"}]}
RESULT: {}
RESULT: {"script":"<script> [776 bytes]","args":[{"enterText":"1","selector":{"id":"application-manageconditionprice-display-component---newCondition--condBaseQty","interaction":{"idSuffix":"inner"}},"clearTextFirst":true,"interactionType":"ENTER_TEXT"}]}
COMMAND: POST /session/5209fcfd0cbd9c22cf680726c4028e3f/execute/async - {"script":"<script> [1562 bytes]","args":[{"selector":{"id":"application-manageconditionprice-display-component---newCondition--condValue","interaction":{"idSuffix":"inner"}},"wdio_ui5_key":"applicationmanageconditionprice-display-component---newCondition--condValue"}]}
RESULT: {"script":"<script> [1562 bytes]","args":[{"selector":{"id":"application-manageconditionprice-display-component---newCondition--condValue","interaction":{"idSuffix":"inner"}},"wdio_ui5_key":"applicationmanageconditionprice-display-component---newCondition--condValue"}]}
RESULT: undefined
COMMAND: POST /session/5209fcfd0cbd9c22cf680726c4028e3f/execute/async - {"script":"<script> [776 bytes]","args":[{"enterText":"200","selector":{"id":"application-manageconditionprice-display-component---newCondition--condValue","interaction":{"idSuffix":"inner"}},"clearTextFirst":true,"interactionType":"ENTER_TEXT"}]}
RESULT: {"script":"<script> [776 bytes]","args":[{"enterText":"200","selector":{"id":"application-manageconditionprice-display-component---newCondition--condValue","interaction":{"idSuffix":"inner"}},"clearTextFirst":true,"interactionType":"ENTER_TEXT"}]}
COMMAND: POST /session/5209fcfd0cbd9c22cf680726c4028e3f/execute/async - {"script":"<script> [1562 bytes]","args":[{"selector":{"id":"application-manageconditionprice-display-component---newCondition--condCurr-arrow"},"wdio_ui5_key":"applicationmanageconditionprice-display-component---newCondition--condCurr-arrow"}]}
RESULT: {"script":"<script> [1562 bytes]","args":[{"selector":{"id":"application-manageconditionprice-display-component---newCondition--condCurr-arrow"},"wdio_ui5_key":"applicationmanageconditionprice-display-component---newCondition--condCurr-arrow"}]}
RESULT: undefined
COMMAND: POST /session/5209fcfd0cbd9c22cf680726c4028e3f/element - {"using":"xpath","value":"//*[@id=\"application-manageconditionprice-display-component---newCondition--condCurr-arrow\"]"}
RESULT: {"using":"xpath","value":"//*[@id=\"application-manageconditionprice-display-component---newCondition--condCurr-arrow\"]"}
COMMAND: POST /session/5209fcfd0cbd9c22cf680726c4028e3f/element/f.81B74C70C7FE6F01EFB4ED64870B6056.d.4C436BBC34D184A8152AC67BEB374F9A.e.1942/click - {}
RESULT: {}
COMMAND: POST /session/5209fcfd0cbd9c22cf680726c4028e3f/element - {"using":"xpath","value":"//span[contains(text(), \"Euro\")]"}
COMMAND: GET /session/5209fcfd0cbd9c22cf680726c4028e3f/screenshot - {}
RESULT: {"using":"xpath","value":"//span[contains(text(), \"Euro\")]"}
COMMAND: POST /session/5209fcfd0cbd9c22cf680726c4028e3f/element/f.81B74C70C7FE6F01EFB4ED64870B6056.d.4C436BBC34D184A8152AC67BEB374F9A.e.2007/click - {}
RESULT: {}
RESULT: {}
COMMAND: POST /session/5209fcfd0cbd9c22cf680726c4028e3f/element - {"using":"xpath","value":"//button[@data-kt=\"saveButton\"]"}
COMMAND: GET /session/5209fcfd0cbd9c22cf680726c4028e3f/screenshot - {}
RESULT: {"using":"xpath","value":"//button[@data-kt=\"saveButton\"]"}
COMMAND: POST /session/5209fcfd0cbd9c22cf680726c4028e3f/element/f.81B74C70C7FE6F01EFB4ED64870B6056.d.4C436BBC34D184A8152AC67BEB374F9A.e.1943/click - {}
RESULT: {}
RESULT: {}
COMMAND: GET /session/5209fcfd0cbd9c22cf680726c4028e3f/screenshot - {}
RESULT: {}
COMMAND: POST /session/5209fcfd0cbd9c22cf680726c4028e3f/execute/async - {"script":"<script> [1562 bytes]","args":[{"selector":{"id":"application-manageconditionprice-display-component---conditions--smartFilterBar-btnBasicSearch","interaction":{"idSuffix":"I"}},"wdio_ui5_key":"applicationmanageconditionprice-display-component---conditions--smartFilterBar-btnBasicSearch"}]}
RESULT: {"script":"<script> [1562 bytes]","args":[{"selector":{"id":"application-manageconditionprice-display-component---conditions--smartFilterBar-btnBasicSearch","interaction":{"idSuffix":"I"}},"wdio_ui5_key":"applicationmanageconditionprice-display-component---conditions--smartFilterBar-btnBasicSearch"}]}
RESULT: undefined
COMMAND: POST /session/5209fcfd0cbd9c22cf680726c4028e3f/execute/async - {"script":"<script> [776 bytes]","args":[{"enterText":"hlVOxL2rPr","selector":{"id":"application-manageconditionprice-display-component---conditions--smartFilterBar-btnBasicSearch","interaction":{"idSuffix":"I"}},"clearTextFirst":true,"interactionType":"ENTER_TEXT"}]}
RESULT: {"script":"<script> [776 bytes]","args":[{"enterText":"hlVOxL2rPr","selector":{"id":"application-manageconditionprice-display-component---conditions--smartFilterBar-btnBasicSearch","interaction":{"idSuffix":"I"}},"clearTextFirst":true,"interactionType":"ENTER_TEXT"}]}
COMMAND: POST /session/5209fcfd0cbd9c22cf680726c4028e3f/actions - {"actions":[{"id":"action8","type":"key","parameters":{},"actions":[{"type":"keyDown","value":""},{"type":"pause","duration":10},{"type":"keyUp","value":""}]}]}
RESULT: {"actions":[{"id":"action8","type":"key","parameters":{},"actions":[{"type":"keyDown","value":""},{"type":"pause","duration":10},{"type":"keyUp","value":""}]}]}
COMMAND: GET /session/5209fcfd0cbd9c22cf680726c4028e3f/screenshot - {}
RESULT: {}
COMMAND: POST /session/5209fcfd0cbd9c22cf680726c4028e3f/execute/async - {"script":"<script> [1562 bytes]","args":[{"selector":{"id":"application-manageconditionprice-display-component---conditions--smartFilterBar-filterItemControl_BASIC-BILL_TYPES-vhi"},"wdio_ui5_key":"applicationmanageconditionprice-display-component---conditions--smartFilterBar-filterItemControl_BASIC-BILL_TYPES-vhi"}]}
RESULT: {"script":"<script> [1562 bytes]","args":[{"selector":{"id":"application-manageconditionprice-display-component---conditions--smartFilterBar-filterItemControl_BASIC-BILL_TYPES-vhi"},"wdio_ui5_key":"applicationmanageconditionprice-display-component---conditions--smartFilterBar-filterItemControl_BASIC-BILL_TYPES-vhi"}]}
RESULT: undefined
COMMAND: POST /session/5209fcfd0cbd9c22cf680726c4028e3f/element - {"using":"xpath","value":"//*[@id=\"application-manageconditionprice-display-component---conditions--smartFilterBar-filterItemControl_BASIC-BILL_TYPES-vhi\"]"}
RESULT: {"using":"xpath","value":"//*[@id=\"application-manageconditionprice-display-component---conditions--smartFilterBar-filterItemControl_BASIC-BILL_TYPES-vhi\"]"}
COMMAND: POST /session/5209fcfd0cbd9c22cf680726c4028e3f/element/f.81B74C70C7FE6F01EFB4ED64870B6056.d.4C436BBC34D184A8152AC67BEB374F9A.e.2115/click - {}
RESULT: {}
COMMAND: POST /session/5209fcfd0cbd9c22cf680726c4028e3f/execute/async - {"script":"<script> [1562 bytes]","args":[{"selector":{"id":"application-manageconditionprice-display-component---conditions--smartFilterBar-filterItemControl_BASIC-BILL_TYPES-valueHelpDialog-smartFilterBar-btnBasicSearch","searchOpenDialogs":true,"interaction":{"idSuffix":"I"}},"wdio_ui5_key":"applicationmanageconditionprice-display-component---conditions--smartFilterBar-filterItemControl_BASIC-BILL_TYPES-valueHelpDialog-smartFilterBar-btnBasicSearch"}]}
COMMAND: GET /session/5209fcfd0cbd9c22cf680726c4028e3f/screenshot - {}
RESULT: {"script":"<script> [1562 bytes]","args":[{"selector":{"id":"application-manageconditionprice-display-component---conditions--smartFilterBar-filterItemControl_BASIC-BILL_TYPES-valueHelpDialog-smartFilterBar-btnBasicSearch","searchOpenDialogs":true,"interaction":{"idSuffix":"I"}},"wdio_ui5_key":"applicationmanageconditionprice-display-component---conditions--smartFilterBar-filterItemControl_BASIC-BILL_TYPES-valueHelpDialog-smartFilterBar-btnBasicSearch"}]}
RESULT: undefined
COMMAND: POST /session/5209fcfd0cbd9c22cf680726c4028e3f/execute/async - {"script":"<script> [776 bytes]","args":[{"enterText":"one","selector":{"id":"application-manageconditionprice-display-component---conditions--smartFilterBar-filterItemControl_BASIC-BILL_TYPES-valueHelpDialog-smartFilterBar-btnBasicSearch","searchOpenDialogs":true,"interaction":{"idSuffix":"I"}},"clearTextFirst":true,"interactionType":"ENTER_TEXT"}]}
RESULT: {}
RESULT: {"script":"<script> [776 bytes]","args":[{"enterText":"one","selector":{"id":"application-manageconditionprice-display-component---conditions--smartFilterBar-filterItemControl_BASIC-BILL_TYPES-valueHelpDialog-smartFilterBar-btnBasicSearch","searchOpenDialogs":true,"interaction":{"idSuffix":"I"}},"clearTextFirst":true,"interactionType":"ENTER_TEXT"}]}
COMMAND: POST /session/5209fcfd0cbd9c22cf680726c4028e3f/actions - {"actions":[{"id":"action9","type":"key","parameters":{},"actions":[{"type":"keyDown","value":""},{"type":"pause","duration":10},{"type":"keyUp","value":""}]}]}
RESULT: {"actions":[{"id":"action9","type":"key","parameters":{},"actions":[{"type":"keyDown","value":""},{"type":"pause","duration":10},{"type":"keyUp","value":""}]}]}
COMMAND: GET /session/5209fcfd0cbd9c22cf680726c4028e3f/screenshot - {}
RESULT: {}
COMMAND: POST /session/5209fcfd0cbd9c22cf680726c4028e3f/element - {"using":"xpath","value":"//div[contains(@id, 'application-manageconditionprice-display-component---conditions--smartFilterBar-filterItemControl_BASIC-BILL_TYPES-valueHelpDialog-table-rowsel0')]"}
RESULT: {"using":"xpath","value":"//div[contains(@id, 'application-manageconditionprice-display-component---conditions--smartFilterBar-filterItemControl_BASIC-BILL_TYPES-valueHelpDialog-table-rowsel0')]"}
COMMAND: POST /session/5209fcfd0cbd9c22cf680726c4028e3f/element/f.81B74C70C7FE6F01EFB4ED64870B6056.d.4C436BBC34D184A8152AC67BEB374F9A.e.2125/click - {}
RESULT: {}
COMMAND: GET /session/5209fcfd0cbd9c22cf680726c4028e3f/screenshot - {}
RESULT: {}
COMMAND: POST /session/5209fcfd0cbd9c22cf680726c4028e3f/element - {"using":"xpath","value":"//bdi[contains(text(), \"OK\")]"}
RESULT: {"using":"xpath","value":"//bdi[contains(text(), \"OK\")]"}
COMMAND: POST /session/5209fcfd0cbd9c22cf680726c4028e3f/element/f.81B74C70C7FE6F01EFB4ED64870B6056.d.4C436BBC34D184A8152AC67BEB374F9A.e.2127/click - {}
RESULT: {}
COMMAND: GET /session/5209fcfd0cbd9c22cf680726c4028e3f/screenshot - {}
RESULT: {}
COMMAND: POST /session/5209fcfd0cbd9c22cf680726c4028e3f/element - {"using":"xpath","value":"//span[@id=\"application-manageconditionprice-display-component---conditions--smartTable-header-inner\"]"}
RESULT: {"using":"xpath","value":"//span[@id=\"application-manageconditionprice-display-component---conditions--smartTable-header-inner\"]"}
COMMAND: POST /session/5209fcfd0cbd9c22cf680726c4028e3f/elements - {"using":"xpath","value":"//span[@id=\"application-manageconditionprice-display-component---conditions--smartTable-header-inner\"]"}
RESULT: {"using":"xpath","value":"//span[@id=\"application-manageconditionprice-display-component---conditions--smartTable-header-inner\"]"}
COMMAND: POST /session/5209fcfd0cbd9c22cf680726c4028e3f/execute/sync - {"script":"<script> [56 bytes]","args":[{"element-6066-11e4-a52e-4f735466cecf":"f.81B74C70C7FE6F01EFB4ED64870B6056.d.4C436BBC34D184A8152AC67BEB374F9A.e.2130","ELEMENT":"f.81B74C70C7FE6F01EFB4ED64870B6056.d.4C436BBC34D184A8152AC67BEB374F9A.e.2130"}]}
RESULT: {"script":"<script> [56 bytes]","args":[{"element-6066-11e4-a52e-4f735466cecf":"f.81B74C70C7FE6F01EFB4ED64870B6056.d.4C436BBC34D184A8152AC67BEB374F9A.e.2130","ELEMENT":"f.81B74C70C7FE6F01EFB4ED64870B6056.d.4C436BBC34D184A8152AC67BEB374F9A.e.2130"}]}
COMMAND: POST /session/5209fcfd0cbd9c22cf680726c4028e3f/element - {"using":"css selector","value":"#shell-header-logo"}
COMMAND: GET /session/5209fcfd0cbd9c22cf680726c4028e3f/screenshot - {}
RESULT: {"using":"css selector","value":"#shell-header-logo"}
COMMAND: POST /session/5209fcfd0cbd9c22cf680726c4028e3f/element/f.81B74C70C7FE6F01EFB4ED64870B6056.d.4C436BBC34D184A8152AC67BEB374F9A.e.1718/click - {}
RESULT: {}
RESULT: {}
COMMAND: GET /session/5209fcfd0cbd9c22cf680726c4028e3f/screenshot - {}
RESULT: {}
COMMAND: POST /session/5209fcfd0cbd9c22cf680726c4028e3f/element - {"using":"css selector","value":"#j_username"}
COMMAND: POST /session/5209fcfd0cbd9c22cf680726c4028e3f/url - {"url":"https://qa-testing-00-live-etm-ui.cfapps.eu10-004.hana.ondemand.com/"}
RESULT: {"using":"css selector","value":"#j_username"}
COMMAND: POST /session/5209fcfd0cbd9c22cf680726c4028e3f/element - {"using":"css selector","value":"#j_username"}
RESULT: {"url":"https://qa-testing-00-live-etm-ui.cfapps.eu10-004.hana.ondemand.com/"}
RESULT: undefined
COMMAND: GET /session/5209fcfd0cbd9c22cf680726c4028e3f/screenshot - {}
RESULT: {"using":"css selector","value":"#j_username"}
COMMAND: POST /session/5209fcfd0cbd9c22cf680726c4028e3f/element - {"using":"css selector","value":"#shell-header-logo"}
RESULT: {}
RESULT: {"using":"css selector","value":"#shell-header-logo"}
COMMAND: POST /session/5209fcfd0cbd9c22cf680726c4028e3f/execute/sync - {"script":"<script> [8489 bytes]","args":[{"element-6066-11e4-a52e-4f735466cecf":"f.81B74C70C7FE6F01EFB4ED64870B6056.d.956FB82CE9359BECB003B23ABC77078B.e.2148","ELEMENT":"f.81B74C70C7FE6F01EFB4ED64870B6056.d.956FB82CE9359BECB003B23ABC77078B.e.2148"}]}
RESULT: {"script":"<script> [8489 bytes]","args":[{"element-6066-11e4-a52e-4f735466cecf":"f.81B74C70C7FE6F01EFB4ED64870B6056.d.956FB82CE9359BECB003B23ABC77078B.e.2148","ELEMENT":"f.81B74C70C7FE6F01EFB4ED64870B6056.d.956FB82CE9359BECB003B23ABC77078B.e.2148"}]}
COMMAND: POST /session/5209fcfd0cbd9c22cf680726c4028e3f/element - {"using":"css selector","value":"#shell-header-logo"}
COMMAND: GET /session/5209fcfd0cbd9c22cf680726c4028e3f/screenshot - {}
RESULT: {"using":"css selector","value":"#shell-header-logo"}
COMMAND: POST /session/5209fcfd0cbd9c22cf680726c4028e3f/execute/sync - {"script":"<script> [8489 bytes]","args":[{"element-6066-11e4-a52e-4f735466cecf":"f.81B74C70C7FE6F01EFB4ED64870B6056.d.956FB82CE9359BECB003B23ABC77078B.e.2148","ELEMENT":"f.81B74C70C7FE6F01EFB4ED64870B6056.d.956FB82CE9359BECB003B23ABC77078B.e.2148"}]}
RESULT: {}
RESULT: {"script":"<script> [8489 bytes]","args":[{"element-6066-11e4-a52e-4f735466cecf":"f.81B74C70C7FE6F01EFB4ED64870B6056.d.956FB82CE9359BECB003B23ABC77078B.e.2148","ELEMENT":"f.81B74C70C7FE6F01EFB4ED64870B6056.d.956FB82CE9359BECB003B23ABC77078B.e.2148"}]}
COMMAND: POST /session/5209fcfd0cbd9c22cf680726c4028e3f/execute/sync - {"script":"<script> [5351 bytes]","args":[{"element-6066-11e4-a52e-4f735466cecf":"f.81B74C70C7FE6F01EFB4ED64870B6056.d.956FB82CE9359BECB003B23ABC77078B.e.2148","ELEMENT":"f.81B74C70C7FE6F01EFB4ED64870B6056.d.956FB82CE9359BECB003B23ABC77078B.e.2148"}]}
COMMAND: GET /session/5209fcfd0cbd9c22cf680726c4028e3f/screenshot - {}
RESULT: {"script":"<script> [5351 bytes]","args":[{"element-6066-11e4-a52e-4f735466cecf":"f.81B74C70C7FE6F01EFB4ED64870B6056.d.956FB82CE9359BECB003B23ABC77078B.e.2148","ELEMENT":"f.81B74C70C7FE6F01EFB4ED64870B6056.d.956FB82CE9359BECB003B23ABC77078B.e.2148"}]}
COMMAND: POST /session/5209fcfd0cbd9c22cf680726c4028e3f/element - {"using":"css selector","value":"#shell-header-logo"}
COMMAND: GET /session/5209fcfd0cbd9c22cf680726c4028e3f/screenshot - {}
RESULT: {}
RESULT: {"using":"css selector","value":"#shell-header-logo"}
COMMAND: POST /session/5209fcfd0cbd9c22cf680726c4028e3f/element/f.81B74C70C7FE6F01EFB4ED64870B6056.d.956FB82CE9359BECB003B23ABC77078B.e.2148/click - {}
RESULT: {}
RESULT: {}
COMMAND: GET /session/5209fcfd0cbd9c22cf680726c4028e3f/screenshot - {}
RESULT: {}
COMMAND: POST /session/5209fcfd0cbd9c22cf680726c4028e3f/execute/async - {"script":"<script> [189 bytes]","args":[]}
RESULT: {"script":"<script> [189 bytes]","args":[]}
COMMAND: POST /session/5209fcfd0cbd9c22cf680726c4028e3f/execute/async - {"script":"<script> [123 bytes]","args":[]}
RESULT: {"script":"<script> [123 bytes]","args":[]}
COMMAND: POST /session/5209fcfd0cbd9c22cf680726c4028e3f/timeouts - {"script":"<number>"}
RESULT: {"script":"<number>"}
COMMAND: GET /session/5209fcfd0cbd9c22cf680726c4028e3f/timeouts - {}
RESULT: {}
RESULT: undefined
COMMAND: POST /session/5209fcfd0cbd9c22cf680726c4028e3f/execute/async - {"script":"<script> [2676 bytes]","args":[]}
RESULT: {"script":"<script> [2676 bytes]","args":[]}
COMMAND: POST /session/5209fcfd0cbd9c22cf680726c4028e3f/execute/async - {"script":"<script> [2342 bytes]","args":[{"protocol":"http","hostname":"0.0.0.0","path":"/","capabilities":{"browserName":"chrome","goog:chromeOptions":{"binary":"C:\\Program Files\\Google\\Chrome\\Application\\chrome.exe","args":["--start-maximized"]}},"logLevel":"warn","connectionRetryTimeout":120000,"connectionRetryCount":3,"logLevels":{},"enableDirectConnect":true,"strictSSL":true,"_":"65 more keys: [\"cacheDir\",\"port\",\"requestedCapabilities\",\"automationProtocol\",\"baseUrl\",\"waitforInterval\",\"waitforTimeout\",\"onReload\",\"beforeCommand\",\"afterCommand\",\"rootDir\",\"specs\",\"suites\",\"exclude\",\"groupLogsByTestSpec\",\"excludeDriverLogs\",\"bail\",\"framework\",\"reporters\",\"services\",\"maxInstances\",\"maxInstancesPerCapability\",\"injectGlobals\",\"filesToWatch\",\"execArgv\",\"runnerEnv\",\"runner\",\"shard\",\"specFileRetries\",\"specFileRetriesDelay\",\"specFileRetriesDeferred\",\"reporterSyncInterval\",\"reporterSyncTimeout\",\"cucumberFeaturesWithLineNumbers\",\"autoCompileOpts\",\"mochaOpts\",\"jasmineOpts\",\"cucumberOpts\",\"onPrepare\",\"onWorkerStart\",\"onWorkerEnd\",\"before\",\"beforeSession\",\"beforeSuite\",\"beforeHook\",\"beforeTest\",\"afterTest\",\"afterHook\",\"afterSuite\",\"afterSession\",\"after\",\"onComplete\",\"beforeAssertion\",\"afterAssertion\",\"beforeFeature\",\"beforeScenario\",\"beforeStep\",\"afterStep\",\"afterScenario\",\"afterFeature\",\"_\",\"suite\",\"$0\",\"ignoredWorkerServices\",\"wdi5\"]"}]}
RESULT: {"script":"<script> [2342 bytes]","args":[{"protocol":"http","hostname":"0.0.0.0","path":"/","capabilities":{"browserName":"chrome","goog:chromeOptions":{"binary":"C:\\Program Files\\Google\\Chrome\\Application\\chrome.exe","args":["--start-maximized"]}},"logLevel":"warn","connectionRetryTimeout":120000,"connectionRetryCount":3,"logLevels":{},"enableDirectConnect":true,"strictSSL":true,"_":"65 more keys: [\"cacheDir\",\"port\",\"requestedCapabilities\",\"automationProtocol\",\"baseUrl\",\"waitforInterval\",\"waitforTimeout\",\"onReload\",\"beforeCommand\",\"afterCommand\",\"rootDir\",\"specs\",\"suites\",\"exclude\",\"groupLogsByTestSpec\",\"excludeDriverLogs\",\"bail\",\"framework\",\"reporters\",\"services\",\"maxInstances\",\"maxInstancesPerCapability\",\"injectGlobals\",\"filesToWatch\",\"execArgv\",\"runnerEnv\",\"runner\",\"shard\",\"specFileRetries\",\"specFileRetriesDelay\",\"specFileRetriesDeferred\",\"reporterSyncInterval\",\"reporterSyncTimeout\",\"cucumberFeaturesWithLineNumbers\",\"autoCompileOpts\",\"mochaOpts\",\"jasmineOpts\",\"cucumberOpts\",\"onPrepare\",\"onWorkerStart\",\"onWorkerEnd\",\"before\",\"beforeSession\",\"beforeSuite\",\"beforeHook\",\"beforeTest\",\"afterTest\",\"afterHook\",\"afterSuite\",\"afterSession\",\"after\",\"onComplete\",\"beforeAssertion\",\"afterAssertion\",\"beforeFeature\",\"beforeScenario\",\"beforeStep\",\"afterStep\",\"afterScenario\",\"afterFeature\",\"_\",\"suite\",\"$0\",\"ignoredWorkerServices\",\"wdi5\"]"}]}
COMMAND: POST /session/5209fcfd0cbd9c22cf680726c4028e3f/execute/async - {"script":"<script> [21126 bytes]","args":[35000]}
RESULT: {"script":"<script> [21126 bytes]","args":[35000]}
COMMAND: POST /session/5209fcfd0cbd9c22cf680726c4028e3f/window/maximize - {}
RESULT: {}
COMMAND: POST /session/5209fcfd0cbd9c22cf680726c4028e3f/execute/async - {"script":"<script> [1562 bytes]","args":[{"selector":{"id":"shell-header","interaction":{"idSuffix":"icon"}},"wdio_ui5_key":"shellheader"}]}
COMMAND: GET /session/5209fcfd0cbd9c22cf680726c4028e3f/screenshot - {}
RESULT: {"script":"<script> [1562 bytes]","args":[{"selector":{"id":"shell-header","interaction":{"idSuffix":"icon"}},"wdio_ui5_key":"shellheader"}]}
RESULT: undefined
COMMAND: POST /session/5209fcfd0cbd9c22cf680726c4028e3f/refresh - {}
RESULT: {}
RESULT: {}
COMMAND: GET /session/5209fcfd0cbd9c22cf680726c4028e3f/screenshot - {}
RESULT: {}
COMMAND: POST /session/5209fcfd0cbd9c22cf680726c4028e3f/refresh - {}
RESULT: {}
COMMAND: GET /session/5209fcfd0cbd9c22cf680726c4028e3f/screenshot - {}
RESULT: {}
COMMAND: POST /session/5209fcfd0cbd9c22cf680726c4028e3f/window/fullscreen - {}
RESULT: {}
COMMAND: POST /session/5209fcfd0cbd9c22cf680726c4028e3f/execute/async - {"script":"<script> [189 bytes]","args":[]}
RESULT: {"script":"<script> [189 bytes]","args":[]}
COMMAND: POST /session/5209fcfd0cbd9c22cf680726c4028e3f/execute/async - {"script":"<script> [123 bytes]","args":[]}
RESULT: {"script":"<script> [123 bytes]","args":[]}
COMMAND: POST /session/5209fcfd0cbd9c22cf680726c4028e3f/timeouts - {"script":"<number>"}
RESULT: {"script":"<number>"}
COMMAND: GET /session/5209fcfd0cbd9c22cf680726c4028e3f/timeouts - {}
RESULT: {}
RESULT: undefined
COMMAND: POST /session/5209fcfd0cbd9c22cf680726c4028e3f/execute/async - {"script":"<script> [2676 bytes]","args":[]}
RESULT: {"script":"<script> [2676 bytes]","args":[]}
COMMAND: POST /session/5209fcfd0cbd9c22cf680726c4028e3f/execute/async - {"script":"<script> [2342 bytes]","args":[{"protocol":"http","hostname":"0.0.0.0","path":"/","capabilities":{"browserName":"chrome","goog:chromeOptions":{"binary":"C:\\Program Files\\Google\\Chrome\\Application\\chrome.exe","args":["--start-maximized"]}},"logLevel":"warn","connectionRetryTimeout":120000,"connectionRetryCount":3,"logLevels":{},"enableDirectConnect":true,"strictSSL":true,"_":"65 more keys: [\"cacheDir\",\"port\",\"requestedCapabilities\",\"automationProtocol\",\"baseUrl\",\"waitforInterval\",\"waitforTimeout\",\"onReload\",\"beforeCommand\",\"afterCommand\",\"rootDir\",\"specs\",\"suites\",\"exclude\",\"groupLogsByTestSpec\",\"excludeDriverLogs\",\"bail\",\"framework\",\"reporters\",\"services\",\"maxInstances\",\"maxInstancesPerCapability\",\"injectGlobals\",\"filesToWatch\",\"execArgv\",\"runnerEnv\",\"runner\",\"shard\",\"specFileRetries\",\"specFileRetriesDelay\",\"specFileRetriesDeferred\",\"reporterSyncInterval\",\"reporterSyncTimeout\",\"cucumberFeaturesWithLineNumbers\",\"autoCompileOpts\",\"mochaOpts\",\"jasmineOpts\",\"cucumberOpts\",\"onPrepare\",\"onWorkerStart\",\"onWorkerEnd\",\"before\",\"beforeSession\",\"beforeSuite\",\"beforeHook\",\"beforeTest\",\"afterTest\",\"afterHook\",\"afterSuite\",\"afterSession\",\"after\",\"onComplete\",\"beforeAssertion\",\"afterAssertion\",\"beforeFeature\",\"beforeScenario\",\"beforeStep\",\"afterStep\",\"afterScenario\",\"afterFeature\",\"_\",\"suite\",\"$0\",\"ignoredWorkerServices\",\"wdi5\"]"}]}
RESULT: {"script":"<script> [2342 bytes]","args":[{"protocol":"http","hostname":"0.0.0.0","path":"/","capabilities":{"browserName":"chrome","goog:chromeOptions":{"binary":"C:\\Program Files\\Google\\Chrome\\Application\\chrome.exe","args":["--start-maximized"]}},"logLevel":"warn","connectionRetryTimeout":120000,"connectionRetryCount":3,"logLevels":{},"enableDirectConnect":true,"strictSSL":true,"_":"65 more keys: [\"cacheDir\",\"port\",\"requestedCapabilities\",\"automationProtocol\",\"baseUrl\",\"waitforInterval\",\"waitforTimeout\",\"onReload\",\"beforeCommand\",\"afterCommand\",\"rootDir\",\"specs\",\"suites\",\"exclude\",\"groupLogsByTestSpec\",\"excludeDriverLogs\",\"bail\",\"framework\",\"reporters\",\"services\",\"maxInstances\",\"maxInstancesPerCapability\",\"injectGlobals\",\"filesToWatch\",\"execArgv\",\"runnerEnv\",\"runner\",\"shard\",\"specFileRetries\",\"specFileRetriesDelay\",\"specFileRetriesDeferred\",\"reporterSyncInterval\",\"reporterSyncTimeout\",\"cucumberFeaturesWithLineNumbers\",\"autoCompileOpts\",\"mochaOpts\",\"jasmineOpts\",\"cucumberOpts\",\"onPrepare\",\"onWorkerStart\",\"onWorkerEnd\",\"before\",\"beforeSession\",\"beforeSuite\",\"beforeHook\",\"beforeTest\",\"afterTest\",\"afterHook\",\"afterSuite\",\"afterSession\",\"after\",\"onComplete\",\"beforeAssertion\",\"afterAssertion\",\"beforeFeature\",\"beforeScenario\",\"beforeStep\",\"afterStep\",\"afterScenario\",\"afterFeature\",\"_\",\"suite\",\"$0\",\"ignoredWorkerServices\",\"wdi5\"]"}]}
COMMAND: POST /session/5209fcfd0cbd9c22cf680726c4028e3f/execute/async - {"script":"<script> [21126 bytes]","args":[35000]}
RESULT: {"script":"<script> [21126 bytes]","args":[35000]}
]]></system-out>
    </testcase>
  </testsuite>
  <testsuite timestamp="2025-05-22T17:13:41" time="137.327" tests="3" failures="0" errors="0" skipped="0">
    <properties>
      <property name="specId" value="0"/>
      <property name="suiteName" value="Set up pricing rule(OT) 104624"/>
      <property name="capabilities" value="chrome.136_0_7103_93.windows"/>
      <property name="file" value="file:///D:/a/1/s/test/specs/BTS/create-pricing-rule.spec.js"/>
    </properties>
    <testcase classname="chrome.136_0_7103_93.windows.Set_up_pricing_rule(OT)_104624" name="Should create a new yard used for all following tests" time="0.022">
      <system-out><![CDATA[
COMMAND: POST /session/5209fcfd0cbd9c22cf680726c4028e3f/window/fullscreen - {}
RESULT: {}
]]></system-out>
    </testcase>
    <testcase classname="chrome.136_0_7103_93.windows.Set_up_pricing_rule(OT)_104624" name="Should create a new equipment used for all following tests" time="0.005"/>
    <testcase classname="chrome.136_0_7103_93.windows.Set_up_pricing_rule(OT)_104624" name="Should create new pricing rule on the created resource from earlier module or above" time="77.038">
      <system-out><![CDATA[
COMMAND: POST /session/5209fcfd0cbd9c22cf680726c4028e3f/execute/async - {"script":"<script> [1562 bytes]","args":[{"selector":{"controlType":"sap.m.GenericTile","properties":{"header":"Manage Pricing Rules"}},"wdio_ui5_key":"sapm.GenericTile{\"header\":\"Manage Pricing Rules\"}"}]}
RESULT: {"script":"<script> [1562 bytes]","args":[{"selector":{"controlType":"sap.m.GenericTile","properties":{"header":"Manage Pricing Rules"}},"wdio_ui5_key":"sapm.GenericTile{\"header\":\"Manage Pricing Rules\"}"}]}
RESULT: undefined
COMMAND: POST /session/5209fcfd0cbd9c22cf680726c4028e3f/element - {"using":"xpath","value":"//*[@id=\"__tile55\"]"}
RESULT: {"using":"xpath","value":"//*[@id=\"__tile55\"]"}
COMMAND: POST /session/5209fcfd0cbd9c22cf680726c4028e3f/element/f.81B74C70C7FE6F01EFB4ED64870B6056.d.1878FF3F2F235109A1902476262E66C3.e.2394/click - {}
RESULT: {}
COMMAND: GET /session/5209fcfd0cbd9c22cf680726c4028e3f/screenshot - {}
RESULT: {}
COMMAND: POST /session/5209fcfd0cbd9c22cf680726c4028e3f/elements - {"using":"xpath","value":"//span[text()='Error']"}
RESULT: {"using":"xpath","value":"//span[text()='Error']"}
COMMAND: POST /session/5209fcfd0cbd9c22cf680726c4028e3f/execute/async - {"script":"<script> [1562 bytes]","args":[{"selector":{"controlType":"sap.ui.core.Icon","viewName":"etm.portal.ui.managepricingrules.view.MasterHeader","viewId":"application-managepricingrules-display-component---priceInfoHeader","properties":{"src":{"regex":{"source":"activity\\-items"}}}},"wdio_ui5_key":"etmportal.ui.managepricingrules.view.MasterHeadersap.ui.core.Icon{\"src\":{\"regex\":{\"source\":\"activity\\\\-items\"}}}"}]}
RESULT: {"script":"<script> [1562 bytes]","args":[{"selector":{"controlType":"sap.ui.core.Icon","viewName":"etm.portal.ui.managepricingrules.view.MasterHeader","viewId":"application-managepricingrules-display-component---priceInfoHeader","properties":{"src":{"regex":{"source":"activity\\-items"}}}},"wdio_ui5_key":"etmportal.ui.managepricingrules.view.MasterHeadersap.ui.core.Icon{\"src\":{\"regex\":{\"source\":\"activity\\\\-items\"}}}"}]}
RESULT: undefined
COMMAND: POST /session/5209fcfd0cbd9c22cf680726c4028e3f/element - {"using":"xpath","value":"//*[@id=\"__filter1-icon\"]"}
RESULT: {"using":"xpath","value":"//*[@id=\"__filter1-icon\"]"}
COMMAND: POST /session/5209fcfd0cbd9c22cf680726c4028e3f/element/f.81B74C70C7FE6F01EFB4ED64870B6056.d.1878FF3F2F235109A1902476262E66C3.e.2450/click - {}
RESULT: {}
COMMAND: GET /session/5209fcfd0cbd9c22cf680726c4028e3f/screenshot - {}
RESULT: {}
COMMAND: POST /session/5209fcfd0cbd9c22cf680726c4028e3f/element - {"using":"xpath","value":"//button[@data-kt=\"addButton\"]"}
RESULT: {"using":"xpath","value":"//button[@data-kt=\"addButton\"]"}
COMMAND: POST /session/5209fcfd0cbd9c22cf680726c4028e3f/elements - {"using":"xpath","value":"//button[@data-kt=\"addButton\"]"}
RESULT: {"using":"xpath","value":"//button[@data-kt=\"addButton\"]"}
COMMAND: POST /session/5209fcfd0cbd9c22cf680726c4028e3f/execute/sync - {"script":"<script> [8489 bytes]","args":[{"element-6066-11e4-a52e-4f735466cecf":"f.81B74C70C7FE6F01EFB4ED64870B6056.d.1878FF3F2F235109A1902476262E66C3.e.2496","ELEMENT":"f.81B74C70C7FE6F01EFB4ED64870B6056.d.1878FF3F2F235109A1902476262E66C3.e.2496"}]}
RESULT: {"script":"<script> [8489 bytes]","args":[{"element-6066-11e4-a52e-4f735466cecf":"f.81B74C70C7FE6F01EFB4ED64870B6056.d.1878FF3F2F235109A1902476262E66C3.e.2496","ELEMENT":"f.81B74C70C7FE6F01EFB4ED64870B6056.d.1878FF3F2F235109A1902476262E66C3.e.2496"}]}
COMMAND: GET /session/5209fcfd0cbd9c22cf680726c4028e3f/element/f.81B74C70C7FE6F01EFB4ED64870B6056.d.1878FF3F2F235109A1902476262E66C3.e.2496/enabled - {}
COMMAND: GET /session/5209fcfd0cbd9c22cf680726c4028e3f/screenshot - {}
RESULT: {}
COMMAND: POST /session/5209fcfd0cbd9c22cf680726c4028e3f/execute/sync - {"script":"<script> [8489 bytes]","args":[{"element-6066-11e4-a52e-4f735466cecf":"f.81B74C70C7FE6F01EFB4ED64870B6056.d.1878FF3F2F235109A1902476262E66C3.e.2496","ELEMENT":"f.81B74C70C7FE6F01EFB4ED64870B6056.d.1878FF3F2F235109A1902476262E66C3.e.2496"}]}
COMMAND: GET /session/5209fcfd0cbd9c22cf680726c4028e3f/screenshot - {}
RESULT: {}
RESULT: {"script":"<script> [8489 bytes]","args":[{"element-6066-11e4-a52e-4f735466cecf":"f.81B74C70C7FE6F01EFB4ED64870B6056.d.1878FF3F2F235109A1902476262E66C3.e.2496","ELEMENT":"f.81B74C70C7FE6F01EFB4ED64870B6056.d.1878FF3F2F235109A1902476262E66C3.e.2496"}]}
COMMAND: POST /session/5209fcfd0cbd9c22cf680726c4028e3f/execute/sync - {"script":"<script> [5351 bytes]","args":[{"element-6066-11e4-a52e-4f735466cecf":"f.81B74C70C7FE6F01EFB4ED64870B6056.d.1878FF3F2F235109A1902476262E66C3.e.2496","ELEMENT":"f.81B74C70C7FE6F01EFB4ED64870B6056.d.1878FF3F2F235109A1902476262E66C3.e.2496"}]}
COMMAND: GET /session/5209fcfd0cbd9c22cf680726c4028e3f/screenshot - {}
RESULT: {}
RESULT: {"script":"<script> [5351 bytes]","args":[{"element-6066-11e4-a52e-4f735466cecf":"f.81B74C70C7FE6F01EFB4ED64870B6056.d.1878FF3F2F235109A1902476262E66C3.e.2496","ELEMENT":"f.81B74C70C7FE6F01EFB4ED64870B6056.d.1878FF3F2F235109A1902476262E66C3.e.2496"}]}
COMMAND: POST /session/5209fcfd0cbd9c22cf680726c4028e3f/element/f.81B74C70C7FE6F01EFB4ED64870B6056.d.1878FF3F2F235109A1902476262E66C3.e.2496/click - {}
COMMAND: GET /session/5209fcfd0cbd9c22cf680726c4028e3f/screenshot - {}
RESULT: {}
RESULT: {}
COMMAND: GET /session/5209fcfd0cbd9c22cf680726c4028e3f/screenshot - {}
RESULT: {}
RESULT: {}
COMMAND: POST /session/5209fcfd0cbd9c22cf680726c4028e3f/execute/async - {"script":"<script> [1562 bytes]","args":[{"selector":{"controlType":"sap.m.Title","viewName":"etm.portal.ui.managepricingrules.view.NewItem","viewId":"application-managepricingrules-display-component---newInfoPriceItem","properties":{"text":"New Pricing Rules - Item Level"}},"wdio_ui5_key":"etmportal.ui.managepricingrules.view.NewItemsap.m.Title{\"text\":\"New Pricing Rules - Item Level\"}"}]}
RESULT: {"script":"<script> [1562 bytes]","args":[{"selector":{"controlType":"sap.m.Title","viewName":"etm.portal.ui.managepricingrules.view.NewItem","viewId":"application-managepricingrules-display-component---newInfoPriceItem","properties":{"text":"New Pricing Rules - Item Level"}},"wdio_ui5_key":"etmportal.ui.managepricingrules.view.NewItemsap.m.Title{\"text\":\"New Pricing Rules - Item Level\"}"}]}
RESULT: undefined
COMMAND: POST /session/5209fcfd0cbd9c22cf680726c4028e3f/execute/async - {"script":"<script> [6424 bytes]","args":[{"element-6066-11e4-a52e-4f735466cecf":"f.81B74C70C7FE6F01EFB4ED64870B6056.d.1878FF3F2F235109A1902476262E66C3.e.2782"},"getText",[]]}
RESULT: {"script":"<script> [6424 bytes]","args":[{"element-6066-11e4-a52e-4f735466cecf":"f.81B74C70C7FE6F01EFB4ED64870B6056.d.1878FF3F2F235109A1902476262E66C3.e.2782"},"getText",[]]}
COMMAND: POST /session/5209fcfd0cbd9c22cf680726c4028e3f/execute/async - {"script":"<script> [1562 bytes]","args":[{"selector":{"id":"application-managepricingrules-display-component---newInfoPriceItem--condValidTo","interaction":{"idSuffix":"inner"}},"wdio_ui5_key":"applicationmanagepricingrules-display-component---newInfoPriceItem--condValidTo"}]}
RESULT: {"script":"<script> [1562 bytes]","args":[{"selector":{"id":"application-managepricingrules-display-component---newInfoPriceItem--condValidTo","interaction":{"idSuffix":"inner"}},"wdio_ui5_key":"applicationmanagepricingrules-display-component---newInfoPriceItem--condValidTo"}]}
RESULT: undefined
COMMAND: POST /session/5209fcfd0cbd9c22cf680726c4028e3f/execute/async - {"script":"<script> [776 bytes]","args":[{"enterText":"1/22/26","selector":{"id":"application-managepricingrules-display-component---newInfoPriceItem--condValidTo","interaction":{"idSuffix":"inner"}},"clearTextFirst":true,"interactionType":"ENTER_TEXT"}]}
RESULT: {"script":"<script> [776 bytes]","args":[{"enterText":"1/22/26","selector":{"id":"application-managepricingrules-display-component---newInfoPriceItem--condValidTo","interaction":{"idSuffix":"inner"}},"clearTextFirst":true,"interactionType":"ENTER_TEXT"}]}
COMMAND: POST /session/5209fcfd0cbd9c22cf680726c4028e3f/element - {"using":"xpath","value":"//input[@id=\"application-managepricingrules-display-component---newInfoPriceItem--condRU-inner\"]"}
RESULT: {"using":"xpath","value":"//input[@id=\"application-managepricingrules-display-component---newInfoPriceItem--condRU-inner\"]"}
COMMAND: POST /session/5209fcfd0cbd9c22cf680726c4028e3f/element/f.81B74C70C7FE6F01EFB4ED64870B6056.d.1878FF3F2F235109A1902476262E66C3.e.2751/clear - {}
RESULT: {}
COMMAND: POST /session/5209fcfd0cbd9c22cf680726c4028e3f/element/f.81B74C70C7FE6F01EFB4ED64870B6056.d.1878FF3F2F235109A1902476262E66C3.e.2751/value - {"text":"hlVOxL2rPr"}
COMMAND: GET /session/5209fcfd0cbd9c22cf680726c4028e3f/screenshot - {}
RESULT: {"text":"hlVOxL2rPr"}
COMMAND: GET /session/5209fcfd0cbd9c22cf680726c4028e3f/screenshot - {}
RESULT: {}
RESULT: {}
COMMAND: POST /session/5209fcfd0cbd9c22cf680726c4028e3f/execute/async - {"script":"<script> [1562 bytes]","args":[{"selector":{"id":"application-managepricingrules-display-component---newInfoPriceItem--billType-arrow"},"wdio_ui5_key":"applicationmanagepricingrules-display-component---newInfoPriceItem--billType-arrow"}]}
RESULT: {"script":"<script> [1562 bytes]","args":[{"selector":{"id":"application-managepricingrules-display-component---newInfoPriceItem--billType-arrow"},"wdio_ui5_key":"applicationmanagepricingrules-display-component---newInfoPriceItem--billType-arrow"}]}
RESULT: undefined
COMMAND: POST /session/5209fcfd0cbd9c22cf680726c4028e3f/element - {"using":"xpath","value":"//*[@id=\"application-managepricingrules-display-component---newInfoPriceItem--billType-arrow\"]"}
RESULT: {"using":"xpath","value":"//*[@id=\"application-managepricingrules-display-component---newInfoPriceItem--billType-arrow\"]"}
COMMAND: POST /session/5209fcfd0cbd9c22cf680726c4028e3f/element/f.81B74C70C7FE6F01EFB4ED64870B6056.d.1878FF3F2F235109A1902476262E66C3.e.2843/click - {}
RESULT: {}
COMMAND: POST /session/5209fcfd0cbd9c22cf680726c4028e3f/element - {"using":"xpath","value":"//span[contains(text(), \"OT - Sales (one-time)\")]"}
COMMAND: GET /session/5209fcfd0cbd9c22cf680726c4028e3f/screenshot - {}
RESULT: {"using":"xpath","value":"//span[contains(text(), \"OT - Sales (one-time)\")]"}
COMMAND: POST /session/5209fcfd0cbd9c22cf680726c4028e3f/element/f.81B74C70C7FE6F01EFB4ED64870B6056.d.1878FF3F2F235109A1902476262E66C3.e.2884/click - {}
RESULT: {}
RESULT: {}
COMMAND: POST /session/5209fcfd0cbd9c22cf680726c4028e3f/execute/async - {"script":"<script> [1562 bytes]","args":[{"selector":{"id":"application-managepricingrules-display-component---newInfoPriceItem--priceProc-arrow"},"wdio_ui5_key":"applicationmanagepricingrules-display-component---newInfoPriceItem--priceProc-arrow"}]}
COMMAND: GET /session/5209fcfd0cbd9c22cf680726c4028e3f/screenshot - {}
RESULT: {"script":"<script> [1562 bytes]","args":[{"selector":{"id":"application-managepricingrules-display-component---newInfoPriceItem--priceProc-arrow"},"wdio_ui5_key":"applicationmanagepricingrules-display-component---newInfoPriceItem--priceProc-arrow"}]}
RESULT: undefined
COMMAND: POST /session/5209fcfd0cbd9c22cf680726c4028e3f/element - {"using":"xpath","value":"//*[@id=\"application-managepricingrules-display-component---newInfoPriceItem--priceProc-arrow\"]"}
RESULT: {}
RESULT: {"using":"xpath","value":"//*[@id=\"application-managepricingrules-display-component---newInfoPriceItem--priceProc-arrow\"]"}
COMMAND: POST /session/5209fcfd0cbd9c22cf680726c4028e3f/element/f.81B74C70C7FE6F01EFB4ED64870B6056.d.1878FF3F2F235109A1902476262E66C3.e.2850/click - {}
RESULT: {}
COMMAND: POST /session/5209fcfd0cbd9c22cf680726c4028e3f/element - {"using":"xpath","value":"//span[contains(text(), \"MAT - Material\")]"}
COMMAND: GET /session/5209fcfd0cbd9c22cf680726c4028e3f/screenshot - {}
RESULT: {"using":"xpath","value":"//span[contains(text(), \"MAT - Material\")]"}
COMMAND: POST /session/5209fcfd0cbd9c22cf680726c4028e3f/element/f.81B74C70C7FE6F01EFB4ED64870B6056.d.1878FF3F2F235109A1902476262E66C3.e.2885/click - {}
RESULT: {}
RESULT: {}
COMMAND: POST /session/5209fcfd0cbd9c22cf680726c4028e3f/execute/async - {"script":"<script> [1562 bytes]","args":[{"selector":{"id":"application-managepricingrules-display-component---newInfoPriceItem--calcBase-arrow"},"wdio_ui5_key":"applicationmanagepricingrules-display-component---newInfoPriceItem--calcBase-arrow"}]}
COMMAND: GET /session/5209fcfd0cbd9c22cf680726c4028e3f/screenshot - {}
RESULT: {"script":"<script> [1562 bytes]","args":[{"selector":{"id":"application-managepricingrules-display-component---newInfoPriceItem--calcBase-arrow"},"wdio_ui5_key":"applicationmanagepricingrules-display-component---newInfoPriceItem--calcBase-arrow"}]}
RESULT: undefined
COMMAND: POST /session/5209fcfd0cbd9c22cf680726c4028e3f/element - {"using":"xpath","value":"//*[@id=\"application-managepricingrules-display-component---newInfoPriceItem--calcBase-arrow\"]"}
RESULT: {}
RESULT: {"using":"xpath","value":"//*[@id=\"application-managepricingrules-display-component---newInfoPriceItem--calcBase-arrow\"]"}
COMMAND: POST /session/5209fcfd0cbd9c22cf680726c4028e3f/element/f.81B74C70C7FE6F01EFB4ED64870B6056.d.1878FF3F2F235109A1902476262E66C3.e.2857/click - {}
RESULT: {}
COMMAND: GET /session/5209fcfd0cbd9c22cf680726c4028e3f/screenshot - {}
RESULT: {}
COMMAND: POST /session/5209fcfd0cbd9c22cf680726c4028e3f/element - {"using":"xpath","value":"//span[contains(text(), \"0001 - TB(exact month + cal_days)\")]"}
RESULT: {"using":"xpath","value":"//span[contains(text(), \"0001 - TB(exact month + cal_days)\")]"}
COMMAND: POST /session/5209fcfd0cbd9c22cf680726c4028e3f/element/f.81B74C70C7FE6F01EFB4ED64870B6056.d.1878FF3F2F235109A1902476262E66C3.e.2886/click - {}
RESULT: {}
COMMAND: GET /session/5209fcfd0cbd9c22cf680726c4028e3f/screenshot - {}
RESULT: {}
COMMAND: POST /session/5209fcfd0cbd9c22cf680726c4028e3f/element - {"using":"xpath","value":"//button[@data-kt=\"saveNewRuleButton\"]"}
RESULT: {"using":"xpath","value":"//button[@data-kt=\"saveNewRuleButton\"]"}
COMMAND: POST /session/5209fcfd0cbd9c22cf680726c4028e3f/element/f.81B74C70C7FE6F01EFB4ED64870B6056.d.1878FF3F2F235109A1902476262E66C3.e.2877/click - {}
RESULT: {}
COMMAND: GET /session/5209fcfd0cbd9c22cf680726c4028e3f/screenshot - {}
RESULT: {}
COMMAND: POST /session/5209fcfd0cbd9c22cf680726c4028e3f/execute/async - {"script":"<script> [1562 bytes]","args":[{"selector":{"id":"application-managepricingrules-display-component---priceInfoItem--smartFilterBar-btnBasicSearch","interaction":{"idSuffix":"I"}},"wdio_ui5_key":"applicationmanagepricingrules-display-component---priceInfoItem--smartFilterBar-btnBasicSearch"}]}
RESULT: {"script":"<script> [1562 bytes]","args":[{"selector":{"id":"application-managepricingrules-display-component---priceInfoItem--smartFilterBar-btnBasicSearch","interaction":{"idSuffix":"I"}},"wdio_ui5_key":"applicationmanagepricingrules-display-component---priceInfoItem--smartFilterBar-btnBasicSearch"}]}
RESULT: undefined
COMMAND: POST /session/5209fcfd0cbd9c22cf680726c4028e3f/execute/async - {"script":"<script> [776 bytes]","args":[{"enterText":"hlVOxL2rPr","selector":{"id":"application-managepricingrules-display-component---priceInfoItem--smartFilterBar-btnBasicSearch","interaction":{"idSuffix":"I"}},"clearTextFirst":true,"interactionType":"ENTER_TEXT"}]}
RESULT: {"script":"<script> [776 bytes]","args":[{"enterText":"hlVOxL2rPr","selector":{"id":"application-managepricingrules-display-component---priceInfoItem--smartFilterBar-btnBasicSearch","interaction":{"idSuffix":"I"}},"clearTextFirst":true,"interactionType":"ENTER_TEXT"}]}
COMMAND: POST /session/5209fcfd0cbd9c22cf680726c4028e3f/actions - {"actions":[{"id":"action10","type":"key","parameters":{},"actions":[{"type":"keyDown","value":""},{"type":"pause","duration":10},{"type":"keyUp","value":""}]}]}
RESULT: {"actions":[{"id":"action10","type":"key","parameters":{},"actions":[{"type":"keyDown","value":""},{"type":"pause","duration":10},{"type":"keyUp","value":""}]}]}
COMMAND: GET /session/5209fcfd0cbd9c22cf680726c4028e3f/screenshot - {}
RESULT: {}
COMMAND: POST /session/5209fcfd0cbd9c22cf680726c4028e3f/element - {"using":"xpath","value":"//span[@id=\"application-managepricingrules-display-component---priceInfoItem--smartTable-header-inner\"]"}
RESULT: {"using":"xpath","value":"//span[@id=\"application-managepricingrules-display-component---priceInfoItem--smartTable-header-inner\"]"}
COMMAND: POST /session/5209fcfd0cbd9c22cf680726c4028e3f/elements - {"using":"xpath","value":"//span[@id=\"application-managepricingrules-display-component---priceInfoItem--smartTable-header-inner\"]"}
RESULT: {"using":"xpath","value":"//span[@id=\"application-managepricingrules-display-component---priceInfoItem--smartTable-header-inner\"]"}
COMMAND: POST /session/5209fcfd0cbd9c22cf680726c4028e3f/execute/sync - {"script":"<script> [56 bytes]","args":[{"element-6066-11e4-a52e-4f735466cecf":"f.81B74C70C7FE6F01EFB4ED64870B6056.d.1878FF3F2F235109A1902476262E66C3.e.2916","ELEMENT":"f.81B74C70C7FE6F01EFB4ED64870B6056.d.1878FF3F2F235109A1902476262E66C3.e.2916"}]}
RESULT: {"script":"<script> [56 bytes]","args":[{"element-6066-11e4-a52e-4f735466cecf":"f.81B74C70C7FE6F01EFB4ED64870B6056.d.1878FF3F2F235109A1902476262E66C3.e.2916","ELEMENT":"f.81B74C70C7FE6F01EFB4ED64870B6056.d.1878FF3F2F235109A1902476262E66C3.e.2916"}]}
COMMAND: POST /session/5209fcfd0cbd9c22cf680726c4028e3f/element - {"using":"css selector","value":"#shell-header-logo"}
COMMAND: GET /session/5209fcfd0cbd9c22cf680726c4028e3f/screenshot - {}
RESULT: {"using":"css selector","value":"#shell-header-logo"}
COMMAND: POST /session/5209fcfd0cbd9c22cf680726c4028e3f/element/f.81B74C70C7FE6F01EFB4ED64870B6056.d.1878FF3F2F235109A1902476262E66C3.e.2402/click - {}
RESULT: {}
RESULT: {}
COMMAND: GET /session/5209fcfd0cbd9c22cf680726c4028e3f/screenshot - {}
RESULT: {}
COMMAND: POST /session/5209fcfd0cbd9c22cf680726c4028e3f/element - {"using":"css selector","value":"#j_username"}
COMMAND: POST /session/5209fcfd0cbd9c22cf680726c4028e3f/url - {"url":"https://qa-testing-00-live-etm-ui.cfapps.eu10-004.hana.ondemand.com/"}
RESULT: {"using":"css selector","value":"#j_username"}
COMMAND: POST /session/5209fcfd0cbd9c22cf680726c4028e3f/element - {"using":"css selector","value":"#j_username"}
RESULT: {"url":"https://qa-testing-00-live-etm-ui.cfapps.eu10-004.hana.ondemand.com/"}
RESULT: undefined
COMMAND: GET /session/5209fcfd0cbd9c22cf680726c4028e3f/screenshot - {}
RESULT: {"using":"css selector","value":"#j_username"}
COMMAND: POST /session/5209fcfd0cbd9c22cf680726c4028e3f/element - {"using":"css selector","value":"#shell-header-logo"}
RESULT: {}
RESULT: {"using":"css selector","value":"#shell-header-logo"}
COMMAND: POST /session/5209fcfd0cbd9c22cf680726c4028e3f/execute/sync - {"script":"<script> [8489 bytes]","args":[{"element-6066-11e4-a52e-4f735466cecf":"f.81B74C70C7FE6F01EFB4ED64870B6056.d.FD5D494F6AB03A4E570A258C5FFBBF14.e.2935","ELEMENT":"f.81B74C70C7FE6F01EFB4ED64870B6056.d.FD5D494F6AB03A4E570A258C5FFBBF14.e.2935"}]}
RESULT: {"script":"<script> [8489 bytes]","args":[{"element-6066-11e4-a52e-4f735466cecf":"f.81B74C70C7FE6F01EFB4ED64870B6056.d.FD5D494F6AB03A4E570A258C5FFBBF14.e.2935","ELEMENT":"f.81B74C70C7FE6F01EFB4ED64870B6056.d.FD5D494F6AB03A4E570A258C5FFBBF14.e.2935"}]}
COMMAND: POST /session/5209fcfd0cbd9c22cf680726c4028e3f/element - {"using":"css selector","value":"#shell-header-logo"}
COMMAND: GET /session/5209fcfd0cbd9c22cf680726c4028e3f/screenshot - {}
RESULT: {"using":"css selector","value":"#shell-header-logo"}
COMMAND: POST /session/5209fcfd0cbd9c22cf680726c4028e3f/execute/sync - {"script":"<script> [8489 bytes]","args":[{"element-6066-11e4-a52e-4f735466cecf":"f.81B74C70C7FE6F01EFB4ED64870B6056.d.FD5D494F6AB03A4E570A258C5FFBBF14.e.2935","ELEMENT":"f.81B74C70C7FE6F01EFB4ED64870B6056.d.FD5D494F6AB03A4E570A258C5FFBBF14.e.2935"}]}
RESULT: {}
RESULT: {"script":"<script> [8489 bytes]","args":[{"element-6066-11e4-a52e-4f735466cecf":"f.81B74C70C7FE6F01EFB4ED64870B6056.d.FD5D494F6AB03A4E570A258C5FFBBF14.e.2935","ELEMENT":"f.81B74C70C7FE6F01EFB4ED64870B6056.d.FD5D494F6AB03A4E570A258C5FFBBF14.e.2935"}]}
COMMAND: POST /session/5209fcfd0cbd9c22cf680726c4028e3f/execute/sync - {"script":"<script> [5351 bytes]","args":[{"element-6066-11e4-a52e-4f735466cecf":"f.81B74C70C7FE6F01EFB4ED64870B6056.d.FD5D494F6AB03A4E570A258C5FFBBF14.e.2935","ELEMENT":"f.81B74C70C7FE6F01EFB4ED64870B6056.d.FD5D494F6AB03A4E570A258C5FFBBF14.e.2935"}]}
COMMAND: GET /session/5209fcfd0cbd9c22cf680726c4028e3f/screenshot - {}
RESULT: {"script":"<script> [5351 bytes]","args":[{"element-6066-11e4-a52e-4f735466cecf":"f.81B74C70C7FE6F01EFB4ED64870B6056.d.FD5D494F6AB03A4E570A258C5FFBBF14.e.2935","ELEMENT":"f.81B74C70C7FE6F01EFB4ED64870B6056.d.FD5D494F6AB03A4E570A258C5FFBBF14.e.2935"}]}
COMMAND: POST /session/5209fcfd0cbd9c22cf680726c4028e3f/element - {"using":"css selector","value":"#shell-header-logo"}
COMMAND: GET /session/5209fcfd0cbd9c22cf680726c4028e3f/screenshot - {}
RESULT: {}
RESULT: {"using":"css selector","value":"#shell-header-logo"}
COMMAND: POST /session/5209fcfd0cbd9c22cf680726c4028e3f/element/f.81B74C70C7FE6F01EFB4ED64870B6056.d.FD5D494F6AB03A4E570A258C5FFBBF14.e.2935/click - {}
RESULT: {}
RESULT: {}
COMMAND: GET /session/5209fcfd0cbd9c22cf680726c4028e3f/screenshot - {}
RESULT: {}
COMMAND: POST /session/5209fcfd0cbd9c22cf680726c4028e3f/execute/async - {"script":"<script> [189 bytes]","args":[]}
RESULT: {"script":"<script> [189 bytes]","args":[]}
COMMAND: POST /session/5209fcfd0cbd9c22cf680726c4028e3f/execute/async - {"script":"<script> [123 bytes]","args":[]}
RESULT: {"script":"<script> [123 bytes]","args":[]}
COMMAND: POST /session/5209fcfd0cbd9c22cf680726c4028e3f/timeouts - {"script":"<number>"}
RESULT: {"script":"<number>"}
COMMAND: GET /session/5209fcfd0cbd9c22cf680726c4028e3f/timeouts - {}
RESULT: {}
RESULT: undefined
COMMAND: POST /session/5209fcfd0cbd9c22cf680726c4028e3f/execute/async - {"script":"<script> [2676 bytes]","args":[]}
RESULT: {"script":"<script> [2676 bytes]","args":[]}
COMMAND: POST /session/5209fcfd0cbd9c22cf680726c4028e3f/execute/async - {"script":"<script> [2342 bytes]","args":[{"protocol":"http","hostname":"0.0.0.0","path":"/","capabilities":{"browserName":"chrome","goog:chromeOptions":{"binary":"C:\\Program Files\\Google\\Chrome\\Application\\chrome.exe","args":["--start-maximized"]}},"logLevel":"warn","connectionRetryTimeout":120000,"connectionRetryCount":3,"logLevels":{},"enableDirectConnect":true,"strictSSL":true,"_":"65 more keys: [\"cacheDir\",\"port\",\"requestedCapabilities\",\"automationProtocol\",\"baseUrl\",\"waitforInterval\",\"waitforTimeout\",\"onReload\",\"beforeCommand\",\"afterCommand\",\"rootDir\",\"specs\",\"suites\",\"exclude\",\"groupLogsByTestSpec\",\"excludeDriverLogs\",\"bail\",\"framework\",\"reporters\",\"services\",\"maxInstances\",\"maxInstancesPerCapability\",\"injectGlobals\",\"filesToWatch\",\"execArgv\",\"runnerEnv\",\"runner\",\"shard\",\"specFileRetries\",\"specFileRetriesDelay\",\"specFileRetriesDeferred\",\"reporterSyncInterval\",\"reporterSyncTimeout\",\"cucumberFeaturesWithLineNumbers\",\"autoCompileOpts\",\"mochaOpts\",\"jasmineOpts\",\"cucumberOpts\",\"onPrepare\",\"onWorkerStart\",\"onWorkerEnd\",\"before\",\"beforeSession\",\"beforeSuite\",\"beforeHook\",\"beforeTest\",\"afterTest\",\"afterHook\",\"afterSuite\",\"afterSession\",\"after\",\"onComplete\",\"beforeAssertion\",\"afterAssertion\",\"beforeFeature\",\"beforeScenario\",\"beforeStep\",\"afterStep\",\"afterScenario\",\"afterFeature\",\"_\",\"suite\",\"$0\",\"ignoredWorkerServices\",\"wdi5\"]"}]}
RESULT: {"script":"<script> [2342 bytes]","args":[{"protocol":"http","hostname":"0.0.0.0","path":"/","capabilities":{"browserName":"chrome","goog:chromeOptions":{"binary":"C:\\Program Files\\Google\\Chrome\\Application\\chrome.exe","args":["--start-maximized"]}},"logLevel":"warn","connectionRetryTimeout":120000,"connectionRetryCount":3,"logLevels":{},"enableDirectConnect":true,"strictSSL":true,"_":"65 more keys: [\"cacheDir\",\"port\",\"requestedCapabilities\",\"automationProtocol\",\"baseUrl\",\"waitforInterval\",\"waitforTimeout\",\"onReload\",\"beforeCommand\",\"afterCommand\",\"rootDir\",\"specs\",\"suites\",\"exclude\",\"groupLogsByTestSpec\",\"excludeDriverLogs\",\"bail\",\"framework\",\"reporters\",\"services\",\"maxInstances\",\"maxInstancesPerCapability\",\"injectGlobals\",\"filesToWatch\",\"execArgv\",\"runnerEnv\",\"runner\",\"shard\",\"specFileRetries\",\"specFileRetriesDelay\",\"specFileRetriesDeferred\",\"reporterSyncInterval\",\"reporterSyncTimeout\",\"cucumberFeaturesWithLineNumbers\",\"autoCompileOpts\",\"mochaOpts\",\"jasmineOpts\",\"cucumberOpts\",\"onPrepare\",\"onWorkerStart\",\"onWorkerEnd\",\"before\",\"beforeSession\",\"beforeSuite\",\"beforeHook\",\"beforeTest\",\"afterTest\",\"afterHook\",\"afterSuite\",\"afterSession\",\"after\",\"onComplete\",\"beforeAssertion\",\"afterAssertion\",\"beforeFeature\",\"beforeScenario\",\"beforeStep\",\"afterStep\",\"afterScenario\",\"afterFeature\",\"_\",\"suite\",\"$0\",\"ignoredWorkerServices\",\"wdi5\"]"}]}
COMMAND: POST /session/5209fcfd0cbd9c22cf680726c4028e3f/execute/async - {"script":"<script> [21126 bytes]","args":[35000]}
RESULT: {"script":"<script> [21126 bytes]","args":[35000]}
COMMAND: POST /session/5209fcfd0cbd9c22cf680726c4028e3f/window/maximize - {}
RESULT: {}
COMMAND: POST /session/5209fcfd0cbd9c22cf680726c4028e3f/execute/async - {"script":"<script> [1562 bytes]","args":[{"selector":{"id":"shell-header","interaction":{"idSuffix":"icon"}},"wdio_ui5_key":"shellheader"}]}
COMMAND: GET /session/5209fcfd0cbd9c22cf680726c4028e3f/screenshot - {}
RESULT: {"script":"<script> [1562 bytes]","args":[{"selector":{"id":"shell-header","interaction":{"idSuffix":"icon"}},"wdio_ui5_key":"shellheader"}]}
RESULT: undefined
COMMAND: POST /session/5209fcfd0cbd9c22cf680726c4028e3f/refresh - {}
RESULT: {}
RESULT: {}
COMMAND: GET /session/5209fcfd0cbd9c22cf680726c4028e3f/screenshot - {}
RESULT: {}
COMMAND: POST /session/5209fcfd0cbd9c22cf680726c4028e3f/refresh - {}
RESULT: {}
COMMAND: GET /session/5209fcfd0cbd9c22cf680726c4028e3f/screenshot - {}
RESULT: {}
COMMAND: POST /session/5209fcfd0cbd9c22cf680726c4028e3f/window/fullscreen - {}
RESULT: {}
COMMAND: POST /session/5209fcfd0cbd9c22cf680726c4028e3f/execute/async - {"script":"<script> [189 bytes]","args":[]}
RESULT: {"script":"<script> [189 bytes]","args":[]}
COMMAND: POST /session/5209fcfd0cbd9c22cf680726c4028e3f/execute/async - {"script":"<script> [123 bytes]","args":[]}
RESULT: {"script":"<script> [123 bytes]","args":[]}
COMMAND: POST /session/5209fcfd0cbd9c22cf680726c4028e3f/timeouts - {"script":"<number>"}
RESULT: {"script":"<number>"}
COMMAND: GET /session/5209fcfd0cbd9c22cf680726c4028e3f/timeouts - {}
RESULT: {}
RESULT: undefined
COMMAND: POST /session/5209fcfd0cbd9c22cf680726c4028e3f/execute/async - {"script":"<script> [2676 bytes]","args":[]}
RESULT: {"script":"<script> [2676 bytes]","args":[]}
COMMAND: POST /session/5209fcfd0cbd9c22cf680726c4028e3f/execute/async - {"script":"<script> [2342 bytes]","args":[{"protocol":"http","hostname":"0.0.0.0","path":"/","capabilities":{"browserName":"chrome","goog:chromeOptions":{"binary":"C:\\Program Files\\Google\\Chrome\\Application\\chrome.exe","args":["--start-maximized"]}},"logLevel":"warn","connectionRetryTimeout":120000,"connectionRetryCount":3,"logLevels":{},"enableDirectConnect":true,"strictSSL":true,"_":"65 more keys: [\"cacheDir\",\"port\",\"requestedCapabilities\",\"automationProtocol\",\"baseUrl\",\"waitforInterval\",\"waitforTimeout\",\"onReload\",\"beforeCommand\",\"afterCommand\",\"rootDir\",\"specs\",\"suites\",\"exclude\",\"groupLogsByTestSpec\",\"excludeDriverLogs\",\"bail\",\"framework\",\"reporters\",\"services\",\"maxInstances\",\"maxInstancesPerCapability\",\"injectGlobals\",\"filesToWatch\",\"execArgv\",\"runnerEnv\",\"runner\",\"shard\",\"specFileRetries\",\"specFileRetriesDelay\",\"specFileRetriesDeferred\",\"reporterSyncInterval\",\"reporterSyncTimeout\",\"cucumberFeaturesWithLineNumbers\",\"autoCompileOpts\",\"mochaOpts\",\"jasmineOpts\",\"cucumberOpts\",\"onPrepare\",\"onWorkerStart\",\"onWorkerEnd\",\"before\",\"beforeSession\",\"beforeSuite\",\"beforeHook\",\"beforeTest\",\"afterTest\",\"afterHook\",\"afterSuite\",\"afterSession\",\"after\",\"onComplete\",\"beforeAssertion\",\"afterAssertion\",\"beforeFeature\",\"beforeScenario\",\"beforeStep\",\"afterStep\",\"afterScenario\",\"afterFeature\",\"_\",\"suite\",\"$0\",\"ignoredWorkerServices\",\"wdi5\"]"}]}
RESULT: {"script":"<script> [2342 bytes]","args":[{"protocol":"http","hostname":"0.0.0.0","path":"/","capabilities":{"browserName":"chrome","goog:chromeOptions":{"binary":"C:\\Program Files\\Google\\Chrome\\Application\\chrome.exe","args":["--start-maximized"]}},"logLevel":"warn","connectionRetryTimeout":120000,"connectionRetryCount":3,"logLevels":{},"enableDirectConnect":true,"strictSSL":true,"_":"65 more keys: [\"cacheDir\",\"port\",\"requestedCapabilities\",\"automationProtocol\",\"baseUrl\",\"waitforInterval\",\"waitforTimeout\",\"onReload\",\"beforeCommand\",\"afterCommand\",\"rootDir\",\"specs\",\"suites\",\"exclude\",\"groupLogsByTestSpec\",\"excludeDriverLogs\",\"bail\",\"framework\",\"reporters\",\"services\",\"maxInstances\",\"maxInstancesPerCapability\",\"injectGlobals\",\"filesToWatch\",\"execArgv\",\"runnerEnv\",\"runner\",\"shard\",\"specFileRetries\",\"specFileRetriesDelay\",\"specFileRetriesDeferred\",\"reporterSyncInterval\",\"reporterSyncTimeout\",\"cucumberFeaturesWithLineNumbers\",\"autoCompileOpts\",\"mochaOpts\",\"jasmineOpts\",\"cucumberOpts\",\"onPrepare\",\"onWorkerStart\",\"onWorkerEnd\",\"before\",\"beforeSession\",\"beforeSuite\",\"beforeHook\",\"beforeTest\",\"afterTest\",\"afterHook\",\"afterSuite\",\"afterSession\",\"after\",\"onComplete\",\"beforeAssertion\",\"afterAssertion\",\"beforeFeature\",\"beforeScenario\",\"beforeStep\",\"afterStep\",\"afterScenario\",\"afterFeature\",\"_\",\"suite\",\"$0\",\"ignoredWorkerServices\",\"wdi5\"]"}]}
COMMAND: POST /session/5209fcfd0cbd9c22cf680726c4028e3f/execute/async - {"script":"<script> [21126 bytes]","args":[35000]}
RESULT: {"script":"<script> [21126 bytes]","args":[35000]}
]]></system-out>
    </testcase>
  </testsuite>
  <testsuite timestamp="2025-05-22T17:15:58" time="466.479" tests="6" failures="0" errors="0" skipped="0">
    <properties>
      <property name="specId" value="0"/>
      <property name="suiteName" value="Edit and delete daily price US134629 US134627"/>
      <property name="capabilities" value="chrome.136_0_7103_93.windows"/>
      <property name="file" value="file:///D:/a/1/s/test/specs/BTS/conditions-prices-daily-price.spec.js"/>
    </properties>
    <testcase classname="chrome.136_0_7103_93.windows.Edit_and_delete_daily_price_US134629_US134627" name="Should create a new yard used for all following tests" time="0.024">
      <system-out><![CDATA[
COMMAND: POST /session/5209fcfd0cbd9c22cf680726c4028e3f/window/fullscreen - {}
RESULT: {}
]]></system-out>
    </testcase>
    <testcase classname="chrome.136_0_7103_93.windows.Edit_and_delete_daily_price_US134629_US134627" name="Should create a new partner" time="153.77">
      <system-out><![CDATA[
COMMAND: POST /session/5209fcfd0cbd9c22cf680726c4028e3f/window/fullscreen - {}
RESULT: {}
COMMAND: POST /session/5209fcfd0cbd9c22cf680726c4028e3f/execute/async - {"script":"<script> [1562 bytes]","args":[{"selector":{"controlType":"sap.m.GenericTile","properties":{"header":"Manage Partners"}},"wdio_ui5_key":"sapm.GenericTile{\"header\":\"Manage Partners\"}"}]}
RESULT: {"script":"<script> [1562 bytes]","args":[{"selector":{"controlType":"sap.m.GenericTile","properties":{"header":"Manage Partners"}},"wdio_ui5_key":"sapm.GenericTile{\"header\":\"Manage Partners\"}"}]}
RESULT: undefined
COMMAND: POST /session/5209fcfd0cbd9c22cf680726c4028e3f/element - {"using":"xpath","value":"//*[@id=\"__tile38\"]"}
RESULT: {"using":"xpath","value":"//*[@id=\"__tile38\"]"}
COMMAND: POST /session/5209fcfd0cbd9c22cf680726c4028e3f/element/f.81B74C70C7FE6F01EFB4ED64870B6056.d.EA463EE27C25203538A95CA6E70063DC.e.3089/click - {}
RESULT: {}
COMMAND: GET /session/5209fcfd0cbd9c22cf680726c4028e3f/screenshot - {}
RESULT: {}
COMMAND: POST /session/5209fcfd0cbd9c22cf680726c4028e3f/elements - {"using":"xpath","value":"//span[text()='Error']"}
RESULT: {"using":"xpath","value":"//span[text()='Error']"}
COMMAND: POST /session/5209fcfd0cbd9c22cf680726c4028e3f/element - {"using":"xpath","value":"//button[@data-kt=\"addButton\"]"}
RESULT: {"using":"xpath","value":"//button[@data-kt=\"addButton\"]"}
COMMAND: POST /session/5209fcfd0cbd9c22cf680726c4028e3f/elements - {"using":"xpath","value":"//button[@data-kt=\"addButton\"]"}
RESULT: {"using":"xpath","value":"//button[@data-kt=\"addButton\"]"}
COMMAND: POST /session/5209fcfd0cbd9c22cf680726c4028e3f/elements - {"using":"xpath","value":"//button[@data-kt=\"addButton\"]"}
RESULT: {"using":"xpath","value":"//button[@data-kt=\"addButton\"]"}
COMMAND: POST /session/5209fcfd0cbd9c22cf680726c4028e3f/elements - {"using":"xpath","value":"//button[@data-kt=\"addButton\"]"}
RESULT: {"using":"xpath","value":"//button[@data-kt=\"addButton\"]"}
COMMAND: POST /session/5209fcfd0cbd9c22cf680726c4028e3f/elements - {"using":"xpath","value":"//button[@data-kt=\"addButton\"]"}
RESULT: {"using":"xpath","value":"//button[@data-kt=\"addButton\"]"}
COMMAND: POST /session/5209fcfd0cbd9c22cf680726c4028e3f/elements - {"using":"xpath","value":"//button[@data-kt=\"addButton\"]"}
RESULT: {"using":"xpath","value":"//button[@data-kt=\"addButton\"]"}
COMMAND: POST /session/5209fcfd0cbd9c22cf680726c4028e3f/elements - {"using":"xpath","value":"//button[@data-kt=\"addButton\"]"}
RESULT: {"using":"xpath","value":"//button[@data-kt=\"addButton\"]"}
COMMAND: POST /session/5209fcfd0cbd9c22cf680726c4028e3f/elements - {"using":"xpath","value":"//button[@data-kt=\"addButton\"]"}
RESULT: {"using":"xpath","value":"//button[@data-kt=\"addButton\"]"}
COMMAND: POST /session/5209fcfd0cbd9c22cf680726c4028e3f/elements - {"using":"xpath","value":"//button[@data-kt=\"addButton\"]"}
RESULT: {"using":"xpath","value":"//button[@data-kt=\"addButton\"]"}
COMMAND: POST /session/5209fcfd0cbd9c22cf680726c4028e3f/elements - {"using":"xpath","value":"//button[@data-kt=\"addButton\"]"}
RESULT: {"using":"xpath","value":"//button[@data-kt=\"addButton\"]"}
COMMAND: POST /session/5209fcfd0cbd9c22cf680726c4028e3f/element - {"using":"xpath","value":"//button[@data-kt=\"addButton\"]"}
RESULT: {"using":"xpath","value":"//button[@data-kt=\"addButton\"]"}
COMMAND: POST /session/5209fcfd0cbd9c22cf680726c4028e3f/execute/sync - {"script":"<script> [8489 bytes]","args":[{"element-6066-11e4-a52e-4f735466cecf":"f.81B74C70C7FE6F01EFB4ED64870B6056.d.EA463EE27C25203538A95CA6E70063DC.e.3239","ELEMENT":"f.81B74C70C7FE6F01EFB4ED64870B6056.d.EA463EE27C25203538A95CA6E70063DC.e.3239"}]}
RESULT: {"script":"<script> [8489 bytes]","args":[{"element-6066-11e4-a52e-4f735466cecf":"f.81B74C70C7FE6F01EFB4ED64870B6056.d.EA463EE27C25203538A95CA6E70063DC.e.3239","ELEMENT":"f.81B74C70C7FE6F01EFB4ED64870B6056.d.EA463EE27C25203538A95CA6E70063DC.e.3239"}]}
COMMAND: GET /session/5209fcfd0cbd9c22cf680726c4028e3f/element/f.81B74C70C7FE6F01EFB4ED64870B6056.d.EA463EE27C25203538A95CA6E70063DC.e.3239/enabled - {}
COMMAND: GET /session/5209fcfd0cbd9c22cf680726c4028e3f/screenshot - {}
RESULT: {}
COMMAND: POST /session/5209fcfd0cbd9c22cf680726c4028e3f/execute/sync - {"script":"<script> [8489 bytes]","args":[{"element-6066-11e4-a52e-4f735466cecf":"f.81B74C70C7FE6F01EFB4ED64870B6056.d.EA463EE27C25203538A95CA6E70063DC.e.3239","ELEMENT":"f.81B74C70C7FE6F01EFB4ED64870B6056.d.EA463EE27C25203538A95CA6E70063DC.e.3239"}]}
COMMAND: GET /session/5209fcfd0cbd9c22cf680726c4028e3f/screenshot - {}
RESULT: {}
RESULT: {"script":"<script> [8489 bytes]","args":[{"element-6066-11e4-a52e-4f735466cecf":"f.81B74C70C7FE6F01EFB4ED64870B6056.d.EA463EE27C25203538A95CA6E70063DC.e.3239","ELEMENT":"f.81B74C70C7FE6F01EFB4ED64870B6056.d.EA463EE27C25203538A95CA6E70063DC.e.3239"}]}
COMMAND: POST /session/5209fcfd0cbd9c22cf680726c4028e3f/execute/sync - {"script":"<script> [5351 bytes]","args":[{"element-6066-11e4-a52e-4f735466cecf":"f.81B74C70C7FE6F01EFB4ED64870B6056.d.EA463EE27C25203538A95CA6E70063DC.e.3239","ELEMENT":"f.81B74C70C7FE6F01EFB4ED64870B6056.d.EA463EE27C25203538A95CA6E70063DC.e.3239"}]}
COMMAND: GET /session/5209fcfd0cbd9c22cf680726c4028e3f/screenshot - {}
RESULT: {}
RESULT: {"script":"<script> [5351 bytes]","args":[{"element-6066-11e4-a52e-4f735466cecf":"f.81B74C70C7FE6F01EFB4ED64870B6056.d.EA463EE27C25203538A95CA6E70063DC.e.3239","ELEMENT":"f.81B74C70C7FE6F01EFB4ED64870B6056.d.EA463EE27C25203538A95CA6E70063DC.e.3239"}]}
COMMAND: POST /session/5209fcfd0cbd9c22cf680726c4028e3f/element/f.81B74C70C7FE6F01EFB4ED64870B6056.d.EA463EE27C25203538A95CA6E70063DC.e.3239/click - {}
COMMAND: GET /session/5209fcfd0cbd9c22cf680726c4028e3f/screenshot - {}
RESULT: {}
RESULT: {}
COMMAND: GET /session/5209fcfd0cbd9c22cf680726c4028e3f/screenshot - {}
COMMAND: POST /session/5209fcfd0cbd9c22cf680726c4028e3f/execute/async - {"script":"<script> [1562 bytes]","args":[{"selector":{"id":"application-managepartners-display-component---NewPartner--addressDetailDetailsName1","interaction":{"idSuffix":"inner"}},"wdio_ui5_key":"applicationmanagepartners-display-component---NewPartner--addressDetailDetailsName1"}]}
RESULT: {}
RESULT: {}
RESULT: {"script":"<script> [1562 bytes]","args":[{"selector":{"id":"application-managepartners-display-component---NewPartner--addressDetailDetailsName1","interaction":{"idSuffix":"inner"}},"wdio_ui5_key":"applicationmanagepartners-display-component---NewPartner--addressDetailDetailsName1"}]}
RESULT: undefined
COMMAND: POST /session/5209fcfd0cbd9c22cf680726c4028e3f/execute/async - {"script":"<script> [776 bytes]","args":[{"enterText":"DailyPrice Partner WDIO","selector":{"id":"application-managepartners-display-component---NewPartner--addressDetailDetailsName1","interaction":{"idSuffix":"inner"}},"clearTextFirst":true,"interactionType":"ENTER_TEXT"}]}
RESULT: {"script":"<script> [776 bytes]","args":[{"enterText":"DailyPrice Partner WDIO","selector":{"id":"application-managepartners-display-component---NewPartner--addressDetailDetailsName1","interaction":{"idSuffix":"inner"}},"clearTextFirst":true,"interactionType":"ENTER_TEXT"}]}
COMMAND: POST /session/5209fcfd0cbd9c22cf680726c4028e3f/execute/async - {"script":"<script> [1562 bytes]","args":[{"selector":{"id":"application-managepartners-display-component---NewPartner--addressDetailDetailsLanguage-arrow"},"wdio_ui5_key":"applicationmanagepartners-display-component---NewPartner--addressDetailDetailsLanguage-arrow"}]}
RESULT: {"script":"<script> [1562 bytes]","args":[{"selector":{"id":"application-managepartners-display-component---NewPartner--addressDetailDetailsLanguage-arrow"},"wdio_ui5_key":"applicationmanagepartners-display-component---NewPartner--addressDetailDetailsLanguage-arrow"}]}
RESULT: undefined
COMMAND: POST /session/5209fcfd0cbd9c22cf680726c4028e3f/element - {"using":"xpath","value":"//*[@id=\"application-managepartners-display-component---NewPartner--addressDetailDetailsLanguage-arrow\"]"}
RESULT: {"using":"xpath","value":"//*[@id=\"application-managepartners-display-component---NewPartner--addressDetailDetailsLanguage-arrow\"]"}
COMMAND: POST /session/5209fcfd0cbd9c22cf680726c4028e3f/element/f.81B74C70C7FE6F01EFB4ED64870B6056.d.EA463EE27C25203538A95CA6E70063DC.e.3700/click - {}
RESULT: {}
COMMAND: POST /session/5209fcfd0cbd9c22cf680726c4028e3f/element - {"using":"xpath","value":"//span[contains(text(), \"English\")]"}
COMMAND: GET /session/5209fcfd0cbd9c22cf680726c4028e3f/screenshot - {}
RESULT: {"using":"xpath","value":"//span[contains(text(), \"English\")]"}
COMMAND: POST /session/5209fcfd0cbd9c22cf680726c4028e3f/element/f.81B74C70C7FE6F01EFB4ED64870B6056.d.EA463EE27C25203538A95CA6E70063DC.e.3701/click - {}
RESULT: {}
RESULT: {}
COMMAND: GET /session/5209fcfd0cbd9c22cf680726c4028e3f/screenshot - {}
RESULT: {}
COMMAND: POST /session/5209fcfd0cbd9c22cf680726c4028e3f/execute/async - {"script":"<script> [1562 bytes]","args":[{"selector":{"id":"application-managepartners-display-component---NewPartner--addressDetailDetailsCity1","interaction":{"idSuffix":"inner"}},"wdio_ui5_key":"applicationmanagepartners-display-component---NewPartner--addressDetailDetailsCity1"}]}
RESULT: {"script":"<script> [1562 bytes]","args":[{"selector":{"id":"application-managepartners-display-component---NewPartner--addressDetailDetailsCity1","interaction":{"idSuffix":"inner"}},"wdio_ui5_key":"applicationmanagepartners-display-component---NewPartner--addressDetailDetailsCity1"}]}
RESULT: undefined
COMMAND: POST /session/5209fcfd0cbd9c22cf680726c4028e3f/execute/async - {"script":"<script> [776 bytes]","args":[{"enterText":"Rosario","selector":{"id":"application-managepartners-display-component---NewPartner--addressDetailDetailsCity1","interaction":{"idSuffix":"inner"}},"clearTextFirst":true,"interactionType":"ENTER_TEXT"}]}
RESULT: {"script":"<script> [776 bytes]","args":[{"enterText":"Rosario","selector":{"id":"application-managepartners-display-component---NewPartner--addressDetailDetailsCity1","interaction":{"idSuffix":"inner"}},"clearTextFirst":true,"interactionType":"ENTER_TEXT"}]}
COMMAND: POST /session/5209fcfd0cbd9c22cf680726c4028e3f/execute/async - {"script":"<script> [1562 bytes]","args":[{"selector":{"id":"application-managepartners-display-component---NewPartner--addressDetailDetailsCountry-arrow"},"wdio_ui5_key":"applicationmanagepartners-display-component---NewPartner--addressDetailDetailsCountry-arrow"}]}
RESULT: {"script":"<script> [1562 bytes]","args":[{"selector":{"id":"application-managepartners-display-component---NewPartner--addressDetailDetailsCountry-arrow"},"wdio_ui5_key":"applicationmanagepartners-display-component---NewPartner--addressDetailDetailsCountry-arrow"}]}
RESULT: undefined
COMMAND: POST /session/5209fcfd0cbd9c22cf680726c4028e3f/element - {"using":"xpath","value":"//*[@id=\"application-managepartners-display-component---NewPartner--addressDetailDetailsCountry-arrow\"]"}
RESULT: {"using":"xpath","value":"//*[@id=\"application-managepartners-display-component---NewPartner--addressDetailDetailsCountry-arrow\"]"}
COMMAND: POST /session/5209fcfd0cbd9c22cf680726c4028e3f/element/f.81B74C70C7FE6F01EFB4ED64870B6056.d.EA463EE27C25203538A95CA6E70063DC.e.3668/click - {}
RESULT: {}
COMMAND: POST /session/5209fcfd0cbd9c22cf680726c4028e3f/element - {"using":"xpath","value":"//span[contains(text(), \"Argentina\")]"}
COMMAND: GET /session/5209fcfd0cbd9c22cf680726c4028e3f/screenshot - {}
RESULT: {"using":"xpath","value":"//span[contains(text(), \"Argentina\")]"}
COMMAND: POST /session/5209fcfd0cbd9c22cf680726c4028e3f/element/f.81B74C70C7FE6F01EFB4ED64870B6056.d.EA463EE27C25203538A95CA6E70063DC.e.3703/click - {}
RESULT: {}
RESULT: {}
COMMAND: GET /session/5209fcfd0cbd9c22cf680726c4028e3f/screenshot - {}
RESULT: {}
COMMAND: POST /session/5209fcfd0cbd9c22cf680726c4028e3f/element - {"using":"xpath","value":"//bdi[contains(text(), \"Commercial\")]"}
RESULT: {"using":"xpath","value":"//bdi[contains(text(), \"Commercial\")]"}
COMMAND: POST /session/5209fcfd0cbd9c22cf680726c4028e3f/element/f.81B74C70C7FE6F01EFB4ED64870B6056.d.EA463EE27C25203538A95CA6E70063DC.e.3704/click - {}
RESULT: {}
COMMAND: GET /session/5209fcfd0cbd9c22cf680726c4028e3f/screenshot - {}
RESULT: {}
COMMAND: POST /session/5209fcfd0cbd9c22cf680726c4028e3f/execute/async - {"script":"<script> [1562 bytes]","args":[{"selector":{"id":"application-managepartners-display-component---NewPartner--partnerDetailInternal-arrow"},"wdio_ui5_key":"applicationmanagepartners-display-component---NewPartner--partnerDetailInternal-arrow"}]}
RESULT: {"script":"<script> [1562 bytes]","args":[{"selector":{"id":"application-managepartners-display-component---NewPartner--partnerDetailInternal-arrow"},"wdio_ui5_key":"applicationmanagepartners-display-component---NewPartner--partnerDetailInternal-arrow"}]}
RESULT: undefined
COMMAND: POST /session/5209fcfd0cbd9c22cf680726c4028e3f/element - {"using":"xpath","value":"//*[@id=\"application-managepartners-display-component---NewPartner--partnerDetailInternal-arrow\"]"}
RESULT: {"using":"xpath","value":"//*[@id=\"application-managepartners-display-component---NewPartner--partnerDetailInternal-arrow\"]"}
COMMAND: POST /session/5209fcfd0cbd9c22cf680726c4028e3f/element/f.81B74C70C7FE6F01EFB4ED64870B6056.d.EA463EE27C25203538A95CA6E70063DC.e.3710/click - {}
RESULT: {}
COMMAND: POST /session/5209fcfd0cbd9c22cf680726c4028e3f/element - {"using":"xpath","value":"//span[contains(text(), \"Affiliated company\")]"}
COMMAND: GET /session/5209fcfd0cbd9c22cf680726c4028e3f/screenshot - {}
RESULT: {"using":"xpath","value":"//span[contains(text(), \"Affiliated company\")]"}
COMMAND: POST /session/5209fcfd0cbd9c22cf680726c4028e3f/element/f.81B74C70C7FE6F01EFB4ED64870B6056.d.EA463EE27C25203538A95CA6E70063DC.e.3713/click - {}
RESULT: {}
RESULT: {}
COMMAND: POST /session/5209fcfd0cbd9c22cf680726c4028e3f/execute/async - {"script":"<script> [1562 bytes]","args":[{"selector":{"id":"application-managepartners-display-component---NewPartner--partnerDetailsCurrency-arrow"},"wdio_ui5_key":"applicationmanagepartners-display-component---NewPartner--partnerDetailsCurrency-arrow"}]}
COMMAND: GET /session/5209fcfd0cbd9c22cf680726c4028e3f/screenshot - {}
RESULT: {"script":"<script> [1562 bytes]","args":[{"selector":{"id":"application-managepartners-display-component---NewPartner--partnerDetailsCurrency-arrow"},"wdio_ui5_key":"applicationmanagepartners-display-component---NewPartner--partnerDetailsCurrency-arrow"}]}
RESULT: undefined
COMMAND: POST /session/5209fcfd0cbd9c22cf680726c4028e3f/element - {"using":"xpath","value":"//*[@id=\"application-managepartners-display-component---NewPartner--partnerDetailsCurrency-arrow\"]"}
RESULT: {}
RESULT: {"using":"xpath","value":"//*[@id=\"application-managepartners-display-component---NewPartner--partnerDetailsCurrency-arrow\"]"}
COMMAND: POST /session/5209fcfd0cbd9c22cf680726c4028e3f/element/f.81B74C70C7FE6F01EFB4ED64870B6056.d.EA463EE27C25203538A95CA6E70063DC.e.3720/click - {}
RESULT: {}
COMMAND: POST /session/5209fcfd0cbd9c22cf680726c4028e3f/element - {"using":"xpath","value":"//span[contains(text(), \"Euro\")]"}
COMMAND: GET /session/5209fcfd0cbd9c22cf680726c4028e3f/screenshot - {}
RESULT: {"using":"xpath","value":"//span[contains(text(), \"Euro\")]"}
COMMAND: POST /session/5209fcfd0cbd9c22cf680726c4028e3f/element/f.81B74C70C7FE6F01EFB4ED64870B6056.d.EA463EE27C25203538A95CA6E70063DC.e.3721/click - {}
RESULT: {}
RESULT: {}
COMMAND: POST /session/5209fcfd0cbd9c22cf680726c4028e3f/execute/async - {"script":"<script> [1562 bytes]","args":[{"selector":{"id":"application-managepartners-display-component---NewPartner--addressEditDetailsCostObjectCstType-arrow"},"wdio_ui5_key":"applicationmanagepartners-display-component---NewPartner--addressEditDetailsCostObjectCstType-arrow"}]}
COMMAND: GET /session/5209fcfd0cbd9c22cf680726c4028e3f/screenshot - {}
RESULT: {"script":"<script> [1562 bytes]","args":[{"selector":{"id":"application-managepartners-display-component---NewPartner--addressEditDetailsCostObjectCstType-arrow"},"wdio_ui5_key":"applicationmanagepartners-display-component---NewPartner--addressEditDetailsCostObjectCstType-arrow"}]}
RESULT: undefined
COMMAND: POST /session/5209fcfd0cbd9c22cf680726c4028e3f/element - {"using":"xpath","value":"//*[@id=\"application-managepartners-display-component---NewPartner--addressEditDetailsCostObjectCstType-arrow\"]"}
RESULT: {}
RESULT: {"using":"xpath","value":"//*[@id=\"application-managepartners-display-component---NewPartner--addressEditDetailsCostObjectCstType-arrow\"]"}
COMMAND: POST /session/5209fcfd0cbd9c22cf680726c4028e3f/element/f.81B74C70C7FE6F01EFB4ED64870B6056.d.EA463EE27C25203538A95CA6E70063DC.e.3722/click - {}
RESULT: {}
COMMAND: POST /session/5209fcfd0cbd9c22cf680726c4028e3f/element - {"using":"xpath","value":"//span[contains(text(), \"Cost Center\")]"}
COMMAND: GET /session/5209fcfd0cbd9c22cf680726c4028e3f/screenshot - {}
RESULT: {"using":"xpath","value":"//span[contains(text(), \"Cost Center\")]"}
COMMAND: POST /session/5209fcfd0cbd9c22cf680726c4028e3f/element/f.81B74C70C7FE6F01EFB4ED64870B6056.d.EA463EE27C25203538A95CA6E70063DC.e.3723/click - {}
RESULT: {}
RESULT: {}
COMMAND: GET /session/5209fcfd0cbd9c22cf680726c4028e3f/screenshot - {}
RESULT: {}
COMMAND: POST /session/5209fcfd0cbd9c22cf680726c4028e3f/element - {"using":"xpath","value":"//span[@id=\"application-managepartners-display-component---NewPartner--addressNewCostObjectCstID-vhi\"]"}
RESULT: {"using":"xpath","value":"//span[@id=\"application-managepartners-display-component---NewPartner--addressNewCostObjectCstID-vhi\"]"}
COMMAND: POST /session/5209fcfd0cbd9c22cf680726c4028e3f/execute/sync - {"script":"<script> [8489 bytes]","args":[{"element-6066-11e4-a52e-4f735466cecf":"f.81B74C70C7FE6F01EFB4ED64870B6056.d.EA463EE27C25203538A95CA6E70063DC.e.3727","ELEMENT":"f.81B74C70C7FE6F01EFB4ED64870B6056.d.EA463EE27C25203538A95CA6E70063DC.e.3727"}]}
RESULT: {"script":"<script> [8489 bytes]","args":[{"element-6066-11e4-a52e-4f735466cecf":"f.81B74C70C7FE6F01EFB4ED64870B6056.d.EA463EE27C25203538A95CA6E70063DC.e.3727","ELEMENT":"f.81B74C70C7FE6F01EFB4ED64870B6056.d.EA463EE27C25203538A95CA6E70063DC.e.3727"}]}
COMMAND: POST /session/5209fcfd0cbd9c22cf680726c4028e3f/execute/async - {"script":"<script> [1562 bytes]","args":[{"selector":{"id":"application-managepartners-display-component---NewPartner--addressNewCostObjectCstID-vhi"},"wdio_ui5_key":"applicationmanagepartners-display-component---NewPartner--addressNewCostObjectCstID-vhi"}]}
COMMAND: GET /session/5209fcfd0cbd9c22cf680726c4028e3f/screenshot - {}
RESULT: {"script":"<script> [1562 bytes]","args":[{"selector":{"id":"application-managepartners-display-component---NewPartner--addressNewCostObjectCstID-vhi"},"wdio_ui5_key":"applicationmanagepartners-display-component---NewPartner--addressNewCostObjectCstID-vhi"}]}
RESULT: undefined
COMMAND: POST /session/5209fcfd0cbd9c22cf680726c4028e3f/element - {"using":"xpath","value":"//*[@id=\"application-managepartners-display-component---NewPartner--addressNewCostObjectCstID-vhi\"]"}
RESULT: {}
RESULT: {"using":"xpath","value":"//*[@id=\"application-managepartners-display-component---NewPartner--addressNewCostObjectCstID-vhi\"]"}
COMMAND: POST /session/5209fcfd0cbd9c22cf680726c4028e3f/element/f.81B74C70C7FE6F01EFB4ED64870B6056.d.EA463EE27C25203538A95CA6E70063DC.e.3727/click - {}
RESULT: {}
COMMAND: GET /session/5209fcfd0cbd9c22cf680726c4028e3f/screenshot - {}
RESULT: {}
COMMAND: POST /session/5209fcfd0cbd9c22cf680726c4028e3f/execute/async - {"script":"<script> [1562 bytes]","args":[{"selector":{"controlType":"sap.m.SearchField","properties":{"placeholder":"Search"},"searchOpenDialogs":true,"interaction":{"idSuffix":"I"}},"wdio_ui5_key":"sapm.SearchField{\"placeholder\":\"Search\"}"}]}
RESULT: {"script":"<script> [1562 bytes]","args":[{"selector":{"controlType":"sap.m.SearchField","properties":{"placeholder":"Search"},"searchOpenDialogs":true,"interaction":{"idSuffix":"I"}},"wdio_ui5_key":"sapm.SearchField{\"placeholder\":\"Search\"}"}]}
RESULT: undefined
COMMAND: POST /session/5209fcfd0cbd9c22cf680726c4028e3f/execute/async - {"script":"<script> [776 bytes]","args":[{"enterText":"10001013","selector":{"controlType":"sap.m.SearchField","properties":{"placeholder":"Search"},"searchOpenDialogs":true,"interaction":{"idSuffix":"I"}},"clearTextFirst":true,"interactionType":"ENTER_TEXT"}]}
RESULT: {"script":"<script> [776 bytes]","args":[{"enterText":"10001013","selector":{"controlType":"sap.m.SearchField","properties":{"placeholder":"Search"},"searchOpenDialogs":true,"interaction":{"idSuffix":"I"}},"clearTextFirst":true,"interactionType":"ENTER_TEXT"}]}
COMMAND: POST /session/5209fcfd0cbd9c22cf680726c4028e3f/actions - {"actions":[{"id":"action11","type":"key","parameters":{},"actions":[{"type":"keyDown","value":""},{"type":"pause","duration":10},{"type":"keyUp","value":""}]}]}
RESULT: {"actions":[{"id":"action11","type":"key","parameters":{},"actions":[{"type":"keyDown","value":""},{"type":"pause","duration":10},{"type":"keyUp","value":""}]}]}
COMMAND: GET /session/5209fcfd0cbd9c22cf680726c4028e3f/screenshot - {}
RESULT: {}
COMMAND: POST /session/5209fcfd0cbd9c22cf680726c4028e3f/element - {"using":"xpath","value":"//span[contains(text(), \"General Management\")]"}
RESULT: {"using":"xpath","value":"//span[contains(text(), \"General Management\")]"}
COMMAND: POST /session/5209fcfd0cbd9c22cf680726c4028e3f/element/f.81B74C70C7FE6F01EFB4ED64870B6056.d.EA463EE27C25203538A95CA6E70063DC.e.3770/click - {}
RESULT: {}
COMMAND: GET /session/5209fcfd0cbd9c22cf680726c4028e3f/screenshot - {}
RESULT: {}
COMMAND: POST /session/5209fcfd0cbd9c22cf680726c4028e3f/element - {"using":"xpath","value":"//bdi[contains(text(), \"OK\")]"}
RESULT: {"using":"xpath","value":"//bdi[contains(text(), \"OK\")]"}
COMMAND: POST /session/5209fcfd0cbd9c22cf680726c4028e3f/element/f.81B74C70C7FE6F01EFB4ED64870B6056.d.EA463EE27C25203538A95CA6E70063DC.e.3771/click - {}
RESULT: {}
COMMAND: GET /session/5209fcfd0cbd9c22cf680726c4028e3f/screenshot - {}
RESULT: {}
COMMAND: POST /session/5209fcfd0cbd9c22cf680726c4028e3f/element - {"using":"xpath","value":"//input[@id=\"application-managepartners-display-component---NewPartner--companyCodeComboBox-inner\"]"}
RESULT: {"using":"xpath","value":"//input[@id=\"application-managepartners-display-component---NewPartner--companyCodeComboBox-inner\"]"}
COMMAND: POST /session/5209fcfd0cbd9c22cf680726c4028e3f/element/f.81B74C70C7FE6F01EFB4ED64870B6056.d.EA463EE27C25203538A95CA6E70063DC.e.3518/clear - {}
RESULT: {}
COMMAND: POST /session/5209fcfd0cbd9c22cf680726c4028e3f/element/f.81B74C70C7FE6F01EFB4ED64870B6056.d.EA463EE27C25203538A95CA6E70063DC.e.3518/value - {"text":"C002"}
COMMAND: GET /session/5209fcfd0cbd9c22cf680726c4028e3f/screenshot - {}
RESULT: {"text":"C002"}
COMMAND: GET /session/5209fcfd0cbd9c22cf680726c4028e3f/screenshot - {}
RESULT: {}
RESULT: {}
COMMAND: POST /session/5209fcfd0cbd9c22cf680726c4028e3f/element - {"using":"xpath","value":"//li[.//span[text()= \"C002\"]]"}
RESULT: {"using":"xpath","value":"//li[.//span[text()= \"C002\"]]"}
COMMAND: POST /session/5209fcfd0cbd9c22cf680726c4028e3f/element/f.81B74C70C7FE6F01EFB4ED64870B6056.d.EA463EE27C25203538A95CA6E70063DC.e.3777/click - {}
RESULT: {}
COMMAND: GET /session/5209fcfd0cbd9c22cf680726c4028e3f/screenshot - {}
RESULT: {}
COMMAND: POST /session/5209fcfd0cbd9c22cf680726c4028e3f/execute/async - {"script":"<script> [1562 bytes]","args":[{"selector":{"id":"application-managepartners-display-component---NewPartner--btnAddTableRow-img"},"wdio_ui5_key":"applicationmanagepartners-display-component---NewPartner--btnAddTableRow-img"}]}
RESULT: {"script":"<script> [1562 bytes]","args":[{"selector":{"id":"application-managepartners-display-component---NewPartner--btnAddTableRow-img"},"wdio_ui5_key":"applicationmanagepartners-display-component---NewPartner--btnAddTableRow-img"}]}
RESULT: undefined
COMMAND: POST /session/5209fcfd0cbd9c22cf680726c4028e3f/element - {"using":"xpath","value":"//*[@id=\"application-managepartners-display-component---NewPartner--btnAddTableRow-img\"]"}
RESULT: {"using":"xpath","value":"//*[@id=\"application-managepartners-display-component---NewPartner--btnAddTableRow-img\"]"}
COMMAND: POST /session/5209fcfd0cbd9c22cf680726c4028e3f/element/f.81B74C70C7FE6F01EFB4ED64870B6056.d.EA463EE27C25203538A95CA6E70063DC.e.3778/click - {}
RESULT: {}
COMMAND: GET /session/5209fcfd0cbd9c22cf680726c4028e3f/screenshot - {}
RESULT: {}
COMMAND: POST /session/5209fcfd0cbd9c22cf680726c4028e3f/element - {"using":"xpath","value":"//input[@id=\"application-managepartners-display-component---NewPartner--assignmentYard-application-managepartners-display-component---NewPartner--assignmentsTable-0-inner\"]"}
RESULT: {"using":"xpath","value":"//input[@id=\"application-managepartners-display-component---NewPartner--assignmentYard-application-managepartners-display-component---NewPartner--assignmentsTable-0-inner\"]"}
COMMAND: POST /session/5209fcfd0cbd9c22cf680726c4028e3f/element/f.81B74C70C7FE6F01EFB4ED64870B6056.d.EA463EE27C25203538A95CA6E70063DC.e.3781/clear - {}
RESULT: {}
COMMAND: POST /session/5209fcfd0cbd9c22cf680726c4028e3f/element/f.81B74C70C7FE6F01EFB4ED64870B6056.d.EA463EE27C25203538A95CA6E70063DC.e.3781/value - {"text":"678"}
COMMAND: GET /session/5209fcfd0cbd9c22cf680726c4028e3f/screenshot - {}
RESULT: {"text":"678"}
COMMAND: GET /session/5209fcfd0cbd9c22cf680726c4028e3f/screenshot - {}
RESULT: {}
RESULT: {}
COMMAND: POST /session/5209fcfd0cbd9c22cf680726c4028e3f/element - {"using":"xpath","value":"//li[.//span[text()='678']]"}
RESULT: {"using":"xpath","value":"//li[.//span[text()='678']]"}
COMMAND: POST /session/5209fcfd0cbd9c22cf680726c4028e3f/element/f.81B74C70C7FE6F01EFB4ED64870B6056.d.EA463EE27C25203538A95CA6E70063DC.e.3790/click - {}
RESULT: {}
COMMAND: GET /session/5209fcfd0cbd9c22cf680726c4028e3f/screenshot - {}
RESULT: {}
COMMAND: POST /session/5209fcfd0cbd9c22cf680726c4028e3f/actions - {"actions":[{"id":"action12","type":"key","parameters":{},"actions":[{"type":"keyDown","value":""},{"type":"pause","duration":10},{"type":"keyUp","value":""}]}]}
RESULT: {"actions":[{"id":"action12","type":"key","parameters":{},"actions":[{"type":"keyDown","value":""},{"type":"pause","duration":10},{"type":"keyUp","value":""}]}]}
COMMAND: POST /session/5209fcfd0cbd9c22cf680726c4028e3f/execute/async - {"script":"<script> [1562 bytes]","args":[{"selector":{"id":"application-managepartners-display-component---NewPartner--externalCustomerComboBox-application-managepartners-display-component---NewPartner--assignmentsTable-0-vhi"},"wdio_ui5_key":"applicationmanagepartners-display-component---NewPartner--externalCustomerComboBox-application-managepartners-display-component---NewPartner--assignmentsTable-0-vhi"}]}
COMMAND: GET /session/5209fcfd0cbd9c22cf680726c4028e3f/screenshot - {}
RESULT: {"script":"<script> [1562 bytes]","args":[{"selector":{"id":"application-managepartners-display-component---NewPartner--externalCustomerComboBox-application-managepartners-display-component---NewPartner--assignmentsTable-0-vhi"},"wdio_ui5_key":"applicationmanagepartners-display-component---NewPartner--externalCustomerComboBox-application-managepartners-display-component---NewPartner--assignmentsTable-0-vhi"}]}
RESULT: undefined
COMMAND: POST /session/5209fcfd0cbd9c22cf680726c4028e3f/element - {"using":"xpath","value":"//*[@id=\"application-managepartners-display-component---NewPartner--externalCustomerComboBox-application-managepartners-display-component---NewPartner--assignmentsTable-0-vhi\"]"}
RESULT: {}
RESULT: {"using":"xpath","value":"//*[@id=\"application-managepartners-display-component---NewPartner--externalCustomerComboBox-application-managepartners-display-component---NewPartner--assignmentsTable-0-vhi\"]"}
COMMAND: POST /session/5209fcfd0cbd9c22cf680726c4028e3f/element/f.81B74C70C7FE6F01EFB4ED64870B6056.d.EA463EE27C25203538A95CA6E70063DC.e.3794/click - {}
RESULT: {}
RESULT: undefined
COMMAND: POST /session/5209fcfd0cbd9c22cf680726c4028e3f/execute/async - {"script":"<script> [776 bytes]","args":[{"enterText":"300003","selector":{"controlType":"sap.m.SearchField","properties":{"placeholder":"Search"},"searchOpenDialogs":true,"interaction":{"idSuffix":"I"}},"clearTextFirst":true,"interactionType":"ENTER_TEXT"}]}
COMMAND: GET /session/5209fcfd0cbd9c22cf680726c4028e3f/screenshot - {}
RESULT: {"script":"<script> [776 bytes]","args":[{"enterText":"300003","selector":{"controlType":"sap.m.SearchField","properties":{"placeholder":"Search"},"searchOpenDialogs":true,"interaction":{"idSuffix":"I"}},"clearTextFirst":true,"interactionType":"ENTER_TEXT"}]}
COMMAND: POST /session/5209fcfd0cbd9c22cf680726c4028e3f/actions - {"actions":[{"id":"action13","type":"key","parameters":{},"actions":[{"type":"keyDown","value":""},{"type":"pause","duration":10},{"type":"keyUp","value":""}]}]}
RESULT: {}
RESULT: {"actions":[{"id":"action13","type":"key","parameters":{},"actions":[{"type":"keyDown","value":""},{"type":"pause","duration":10},{"type":"keyUp","value":""}]}]}
COMMAND: GET /session/5209fcfd0cbd9c22cf680726c4028e3f/screenshot - {}
RESULT: {}
COMMAND: POST /session/5209fcfd0cbd9c22cf680726c4028e3f/element - {"using":"xpath","value":"//span[contains(text(), \"300003\")]"}
RESULT: {"using":"xpath","value":"//span[contains(text(), \"300003\")]"}
COMMAND: POST /session/5209fcfd0cbd9c22cf680726c4028e3f/element/f.81B74C70C7FE6F01EFB4ED64870B6056.d.EA463EE27C25203538A95CA6E70063DC.e.3812/click - {}
RESULT: {}
COMMAND: GET /session/5209fcfd0cbd9c22cf680726c4028e3f/screenshot - {}
RESULT: {}
COMMAND: POST /session/5209fcfd0cbd9c22cf680726c4028e3f/element - {"using":"xpath","value":"//bdi[contains(text(), \"OK\")]"}
RESULT: {"using":"xpath","value":"//bdi[contains(text(), \"OK\")]"}
COMMAND: POST /session/5209fcfd0cbd9c22cf680726c4028e3f/element/f.81B74C70C7FE6F01EFB4ED64870B6056.d.EA463EE27C25203538A95CA6E70063DC.e.3814/click - {}
RESULT: {}
COMMAND: GET /session/5209fcfd0cbd9c22cf680726c4028e3f/screenshot - {}
RESULT: {}
COMMAND: POST /session/5209fcfd0cbd9c22cf680726c4028e3f/execute/async - {"script":"<script> [1562 bytes]","args":[{"selector":{"id":"application-managepartners-display-component---NewPartner--intercompVendorComboBox-application-managepartners-display-component---NewPartner--assignmentsTable-0-vhi"},"wdio_ui5_key":"applicationmanagepartners-display-component---NewPartner--intercompVendorComboBox-application-managepartners-display-component---NewPartner--assignmentsTable-0-vhi"}]}
RESULT: {"script":"<script> [1562 bytes]","args":[{"selector":{"id":"application-managepartners-display-component---NewPartner--intercompVendorComboBox-application-managepartners-display-component---NewPartner--assignmentsTable-0-vhi"},"wdio_ui5_key":"applicationmanagepartners-display-component---NewPartner--intercompVendorComboBox-application-managepartners-display-component---NewPartner--assignmentsTable-0-vhi"}]}
RESULT: undefined
COMMAND: POST /session/5209fcfd0cbd9c22cf680726c4028e3f/element - {"using":"xpath","value":"//*[@id=\"application-managepartners-display-component---NewPartner--intercompVendorComboBox-application-managepartners-display-component---NewPartner--assignmentsTable-0-vhi\"]"}
RESULT: {"using":"xpath","value":"//*[@id=\"application-managepartners-display-component---NewPartner--intercompVendorComboBox-application-managepartners-display-component---NewPartner--assignmentsTable-0-vhi\"]"}
COMMAND: POST /session/5209fcfd0cbd9c22cf680726c4028e3f/element/f.81B74C70C7FE6F01EFB4ED64870B6056.d.EA463EE27C25203538A95CA6E70063DC.e.3818/click - {}
RESULT: {}
RESULT: undefined
COMMAND: POST /session/5209fcfd0cbd9c22cf680726c4028e3f/execute/async - {"script":"<script> [776 bytes]","args":[{"enterText":"100005","selector":{"controlType":"sap.m.SearchField","properties":{"placeholder":"Search"},"searchOpenDialogs":true,"interaction":{"idSuffix":"I"}},"clearTextFirst":true,"interactionType":"ENTER_TEXT"}]}
COMMAND: GET /session/5209fcfd0cbd9c22cf680726c4028e3f/screenshot - {}
RESULT: {"script":"<script> [776 bytes]","args":[{"enterText":"100005","selector":{"controlType":"sap.m.SearchField","properties":{"placeholder":"Search"},"searchOpenDialogs":true,"interaction":{"idSuffix":"I"}},"clearTextFirst":true,"interactionType":"ENTER_TEXT"}]}
COMMAND: POST /session/5209fcfd0cbd9c22cf680726c4028e3f/actions - {"actions":[{"id":"action14","type":"key","parameters":{},"actions":[{"type":"keyDown","value":""},{"type":"pause","duration":10},{"type":"keyUp","value":""}]}]}
RESULT: {}
RESULT: {"actions":[{"id":"action14","type":"key","parameters":{},"actions":[{"type":"keyDown","value":""},{"type":"pause","duration":10},{"type":"keyUp","value":""}]}]}
COMMAND: GET /session/5209fcfd0cbd9c22cf680726c4028e3f/screenshot - {}
RESULT: {}
COMMAND: POST /session/5209fcfd0cbd9c22cf680726c4028e3f/element - {"using":"xpath","value":"//span[contains(text(), \"Penguins - Field/12345 Berlin\")]"}
RESULT: {"using":"xpath","value":"//span[contains(text(), \"Penguins - Field/12345 Berlin\")]"}
COMMAND: POST /session/5209fcfd0cbd9c22cf680726c4028e3f/element/f.81B74C70C7FE6F01EFB4ED64870B6056.d.EA463EE27C25203538A95CA6E70063DC.e.3836/click - {}
RESULT: {}
COMMAND: GET /session/5209fcfd0cbd9c22cf680726c4028e3f/screenshot - {}
RESULT: {}
COMMAND: POST /session/5209fcfd0cbd9c22cf680726c4028e3f/element - {"using":"xpath","value":"//bdi[contains(text(), \"OK\")]"}
RESULT: {"using":"xpath","value":"//bdi[contains(text(), \"OK\")]"}
COMMAND: POST /session/5209fcfd0cbd9c22cf680726c4028e3f/element/f.81B74C70C7FE6F01EFB4ED64870B6056.d.EA463EE27C25203538A95CA6E70063DC.e.3837/click - {}
RESULT: {}
COMMAND: GET /session/5209fcfd0cbd9c22cf680726c4028e3f/screenshot - {}
RESULT: {}
COMMAND: POST /session/5209fcfd0cbd9c22cf680726c4028e3f/element - {"using":"xpath","value":"//button[@data-kt=\"saveButton\"]"}
RESULT: {"using":"xpath","value":"//button[@data-kt=\"saveButton\"]"}
COMMAND: POST /session/5209fcfd0cbd9c22cf680726c4028e3f/element/f.81B74C70C7FE6F01EFB4ED64870B6056.d.EA463EE27C25203538A95CA6E70063DC.e.3599/click - {}
RESULT: {}
COMMAND: GET /session/5209fcfd0cbd9c22cf680726c4028e3f/screenshot - {}
RESULT: {}
COMMAND: POST /session/5209fcfd0cbd9c22cf680726c4028e3f/element - {"using":"xpath","value":"//header[contains(@id, 'ObjectPageLayout-headerTitle')]/div[1]/div[2]/div[2]/span[1]"}
RESULT: {"using":"xpath","value":"//header[contains(@id, 'ObjectPageLayout-headerTitle')]/div[1]/div[2]/div[2]/span[1]"}
COMMAND: POST /session/5209fcfd0cbd9c22cf680726c4028e3f/elements - {"using":"xpath","value":"//header[contains(@id, 'ObjectPageLayout-headerTitle')]/div[1]/div[2]/div[2]/span[1]"}
RESULT: {"using":"xpath","value":"//header[contains(@id, 'ObjectPageLayout-headerTitle')]/div[1]/div[2]/div[2]/span[1]"}
COMMAND: POST /session/5209fcfd0cbd9c22cf680726c4028e3f/execute/sync - {"script":"<script> [56 bytes]","args":[{"element-6066-11e4-a52e-4f735466cecf":"f.81B74C70C7FE6F01EFB4ED64870B6056.d.EA463EE27C25203538A95CA6E70063DC.e.4001","ELEMENT":"f.81B74C70C7FE6F01EFB4ED64870B6056.d.EA463EE27C25203538A95CA6E70063DC.e.4001"}]}
RESULT: {"script":"<script> [56 bytes]","args":[{"element-6066-11e4-a52e-4f735466cecf":"f.81B74C70C7FE6F01EFB4ED64870B6056.d.EA463EE27C25203538A95CA6E70063DC.e.4001","ELEMENT":"f.81B74C70C7FE6F01EFB4ED64870B6056.d.EA463EE27C25203538A95CA6E70063DC.e.4001"}]}
COMMAND: POST /session/5209fcfd0cbd9c22cf680726c4028e3f/element - {"using":"css selector","value":"#shell-header-logo"}
COMMAND: GET /session/5209fcfd0cbd9c22cf680726c4028e3f/screenshot - {}
RESULT: {"using":"css selector","value":"#shell-header-logo"}
COMMAND: POST /session/5209fcfd0cbd9c22cf680726c4028e3f/element/f.81B74C70C7FE6F01EFB4ED64870B6056.d.EA463EE27C25203538A95CA6E70063DC.e.3205/click - {}
RESULT: {}
RESULT: {}
COMMAND: GET /session/5209fcfd0cbd9c22cf680726c4028e3f/screenshot - {}
RESULT: {}
COMMAND: POST /session/5209fcfd0cbd9c22cf680726c4028e3f/execute/sync - {"script":"<script> [299 bytes]","args":[["getModel","getResource"]]}
RESULT: {"script":"<script> [299 bytes]","args":[["getModel","getResource"]]}
]]></system-out>
    </testcase>
    <testcase classname="chrome.136_0_7103_93.windows.Edit_and_delete_daily_price_US134629_US134627" name="Should create a new site used for following tests" time="108.204">
      <system-out><![CDATA[
COMMAND: POST /session/5209fcfd0cbd9c22cf680726c4028e3f/execute/async - {"script":"<script> [1562 bytes]","args":[{"selector":{"controlType":"sap.m.GenericTile","properties":{"header":"Manage Sites"}},"wdio_ui5_key":"sapm.GenericTile{\"header\":\"Manage Sites\"}"}]}
COMMAND: GET /session/5209fcfd0cbd9c22cf680726c4028e3f/screenshot - {}
RESULT: {"script":"<script> [1562 bytes]","args":[{"selector":{"controlType":"sap.m.GenericTile","properties":{"header":"Manage Sites"}},"wdio_ui5_key":"sapm.GenericTile{\"header\":\"Manage Sites\"}"}]}
RESULT: undefined
COMMAND: POST /session/5209fcfd0cbd9c22cf680726c4028e3f/element - {"using":"xpath","value":"//*[@id=\"__tile40\"]"}
RESULT: {}
RESULT: {"using":"xpath","value":"//*[@id=\"__tile40\"]"}
COMMAND: POST /session/5209fcfd0cbd9c22cf680726c4028e3f/element/f.81B74C70C7FE6F01EFB4ED64870B6056.d.EA463EE27C25203538A95CA6E70063DC.e.3095/click - {}
RESULT: {}
COMMAND: GET /session/5209fcfd0cbd9c22cf680726c4028e3f/screenshot - {}
RESULT: {}
COMMAND: POST /session/5209fcfd0cbd9c22cf680726c4028e3f/elements - {"using":"xpath","value":"//span[text()='Error']"}
RESULT: {"using":"xpath","value":"//span[text()='Error']"}
COMMAND: POST /session/5209fcfd0cbd9c22cf680726c4028e3f/element - {"using":"xpath","value":"//button[@data-kt=\"addOverflowToolbarButton\"]"}
RESULT: {"using":"xpath","value":"//button[@data-kt=\"addOverflowToolbarButton\"]"}
COMMAND: POST /session/5209fcfd0cbd9c22cf680726c4028e3f/elements - {"using":"xpath","value":"//button[@data-kt=\"addOverflowToolbarButton\"]"}
RESULT: {"using":"xpath","value":"//button[@data-kt=\"addOverflowToolbarButton\"]"}
COMMAND: POST /session/5209fcfd0cbd9c22cf680726c4028e3f/execute/sync - {"script":"<script> [8489 bytes]","args":[{"element-6066-11e4-a52e-4f735466cecf":"f.81B74C70C7FE6F01EFB4ED64870B6056.d.EA463EE27C25203538A95CA6E70063DC.e.4049","ELEMENT":"f.81B74C70C7FE6F01EFB4ED64870B6056.d.EA463EE27C25203538A95CA6E70063DC.e.4049"}]}
RESULT: {"script":"<script> [8489 bytes]","args":[{"element-6066-11e4-a52e-4f735466cecf":"f.81B74C70C7FE6F01EFB4ED64870B6056.d.EA463EE27C25203538A95CA6E70063DC.e.4049","ELEMENT":"f.81B74C70C7FE6F01EFB4ED64870B6056.d.EA463EE27C25203538A95CA6E70063DC.e.4049"}]}
COMMAND: GET /session/5209fcfd0cbd9c22cf680726c4028e3f/element/f.81B74C70C7FE6F01EFB4ED64870B6056.d.EA463EE27C25203538A95CA6E70063DC.e.4049/enabled - {}
COMMAND: GET /session/5209fcfd0cbd9c22cf680726c4028e3f/screenshot - {}
RESULT: {}
COMMAND: POST /session/5209fcfd0cbd9c22cf680726c4028e3f/execute/sync - {"script":"<script> [8489 bytes]","args":[{"element-6066-11e4-a52e-4f735466cecf":"f.81B74C70C7FE6F01EFB4ED64870B6056.d.EA463EE27C25203538A95CA6E70063DC.e.4049","ELEMENT":"f.81B74C70C7FE6F01EFB4ED64870B6056.d.EA463EE27C25203538A95CA6E70063DC.e.4049"}]}
COMMAND: GET /session/5209fcfd0cbd9c22cf680726c4028e3f/screenshot - {}
RESULT: {}
RESULT: {"script":"<script> [8489 bytes]","args":[{"element-6066-11e4-a52e-4f735466cecf":"f.81B74C70C7FE6F01EFB4ED64870B6056.d.EA463EE27C25203538A95CA6E70063DC.e.4049","ELEMENT":"f.81B74C70C7FE6F01EFB4ED64870B6056.d.EA463EE27C25203538A95CA6E70063DC.e.4049"}]}
COMMAND: POST /session/5209fcfd0cbd9c22cf680726c4028e3f/execute/sync - {"script":"<script> [5351 bytes]","args":[{"element-6066-11e4-a52e-4f735466cecf":"f.81B74C70C7FE6F01EFB4ED64870B6056.d.EA463EE27C25203538A95CA6E70063DC.e.4049","ELEMENT":"f.81B74C70C7FE6F01EFB4ED64870B6056.d.EA463EE27C25203538A95CA6E70063DC.e.4049"}]}
COMMAND: GET /session/5209fcfd0cbd9c22cf680726c4028e3f/screenshot - {}
RESULT: {}
RESULT: {"script":"<script> [5351 bytes]","args":[{"element-6066-11e4-a52e-4f735466cecf":"f.81B74C70C7FE6F01EFB4ED64870B6056.d.EA463EE27C25203538A95CA6E70063DC.e.4049","ELEMENT":"f.81B74C70C7FE6F01EFB4ED64870B6056.d.EA463EE27C25203538A95CA6E70063DC.e.4049"}]}
COMMAND: POST /session/5209fcfd0cbd9c22cf680726c4028e3f/element/f.81B74C70C7FE6F01EFB4ED64870B6056.d.EA463EE27C25203538A95CA6E70063DC.e.4049/click - {}
COMMAND: GET /session/5209fcfd0cbd9c22cf680726c4028e3f/screenshot - {}
RESULT: {}
RESULT: {}
COMMAND: GET /session/5209fcfd0cbd9c22cf680726c4028e3f/screenshot - {}
COMMAND: POST /session/5209fcfd0cbd9c22cf680726c4028e3f/element - {"using":"xpath","value":"//input[@id=\"application-managesites-display-component---NewSite--siteId-inner\"]"}
RESULT: {}
RESULT: {}
RESULT: {"using":"xpath","value":"//input[@id=\"application-managesites-display-component---NewSite--siteId-inner\"]"}
COMMAND: POST /session/5209fcfd0cbd9c22cf680726c4028e3f/element - {"using":"xpath","value":"//input[@id=\"application-managesites-display-component---NewSite--siteId-inner\"]"}
RESULT: {"using":"xpath","value":"//input[@id=\"application-managesites-display-component---NewSite--siteId-inner\"]"}
COMMAND: POST /session/5209fcfd0cbd9c22cf680726c4028e3f/execute/async - {"script":"<script> [1562 bytes]","args":[{"selector":{"id":"application-managesites-display-component---NewSite--addressDetailDetailsName1","interaction":{"idSuffix":"inner"}},"wdio_ui5_key":"applicationmanagesites-display-component---NewSite--addressDetailDetailsName1"}]}
RESULT: {"script":"<script> [1562 bytes]","args":[{"selector":{"id":"application-managesites-display-component---NewSite--addressDetailDetailsName1","interaction":{"idSuffix":"inner"}},"wdio_ui5_key":"applicationmanagesites-display-component---NewSite--addressDetailDetailsName1"}]}
RESULT: undefined
COMMAND: POST /session/5209fcfd0cbd9c22cf680726c4028e3f/execute/async - {"script":"<script> [776 bytes]","args":[{"enterText":"DailyPrice WDIO","selector":{"id":"application-managesites-display-component---NewSite--addressDetailDetailsName1","interaction":{"idSuffix":"inner"}},"clearTextFirst":true,"interactionType":"ENTER_TEXT"}]}
RESULT: {"script":"<script> [776 bytes]","args":[{"enterText":"DailyPrice WDIO","selector":{"id":"application-managesites-display-component---NewSite--addressDetailDetailsName1","interaction":{"idSuffix":"inner"}},"clearTextFirst":true,"interactionType":"ENTER_TEXT"}]}
COMMAND: POST /session/5209fcfd0cbd9c22cf680726c4028e3f/execute/async - {"script":"<script> [1562 bytes]","args":[{"selector":{"id":"application-managesites-display-component---NewSite--addressDetailDetailsLanguage-arrow"},"wdio_ui5_key":"applicationmanagesites-display-component---NewSite--addressDetailDetailsLanguage-arrow"}]}
RESULT: {"script":"<script> [1562 bytes]","args":[{"selector":{"id":"application-managesites-display-component---NewSite--addressDetailDetailsLanguage-arrow"},"wdio_ui5_key":"applicationmanagesites-display-component---NewSite--addressDetailDetailsLanguage-arrow"}]}
RESULT: undefined
COMMAND: POST /session/5209fcfd0cbd9c22cf680726c4028e3f/element - {"using":"xpath","value":"//*[@id=\"application-managesites-display-component---NewSite--addressDetailDetailsLanguage-arrow\"]"}
RESULT: {"using":"xpath","value":"//*[@id=\"application-managesites-display-component---NewSite--addressDetailDetailsLanguage-arrow\"]"}
COMMAND: POST /session/5209fcfd0cbd9c22cf680726c4028e3f/element/f.81B74C70C7FE6F01EFB4ED64870B6056.d.EA463EE27C25203538A95CA6E70063DC.e.4679/click - {}
RESULT: {}
COMMAND: POST /session/5209fcfd0cbd9c22cf680726c4028e3f/element - {"using":"xpath","value":"//span[contains(text(), \"English\")]"}
COMMAND: GET /session/5209fcfd0cbd9c22cf680726c4028e3f/screenshot - {}
RESULT: {"using":"xpath","value":"//span[contains(text(), \"English\")]"}
COMMAND: POST /session/5209fcfd0cbd9c22cf680726c4028e3f/element/f.81B74C70C7FE6F01EFB4ED64870B6056.d.EA463EE27C25203538A95CA6E70063DC.e.4680/click - {}
RESULT: {}
RESULT: {}
COMMAND: POST /session/5209fcfd0cbd9c22cf680726c4028e3f/execute/async - {"script":"<script> [1562 bytes]","args":[{"selector":{"id":"application-managesites-display-component---NewSite--addressDetailDetailsCity1","interaction":{"idSuffix":"inner"}},"wdio_ui5_key":"applicationmanagesites-display-component---NewSite--addressDetailDetailsCity1"}]}
COMMAND: GET /session/5209fcfd0cbd9c22cf680726c4028e3f/screenshot - {}
RESULT: {"script":"<script> [1562 bytes]","args":[{"selector":{"id":"application-managesites-display-component---NewSite--addressDetailDetailsCity1","interaction":{"idSuffix":"inner"}},"wdio_ui5_key":"applicationmanagesites-display-component---NewSite--addressDetailDetailsCity1"}]}
RESULT: undefined
COMMAND: POST /session/5209fcfd0cbd9c22cf680726c4028e3f/execute/async - {"script":"<script> [776 bytes]","args":[{"enterText":"Rosario","selector":{"id":"application-managesites-display-component---NewSite--addressDetailDetailsCity1","interaction":{"idSuffix":"inner"}},"clearTextFirst":true,"interactionType":"ENTER_TEXT"}]}
RESULT: {}
RESULT: {"script":"<script> [776 bytes]","args":[{"enterText":"Rosario","selector":{"id":"application-managesites-display-component---NewSite--addressDetailDetailsCity1","interaction":{"idSuffix":"inner"}},"clearTextFirst":true,"interactionType":"ENTER_TEXT"}]}
COMMAND: POST /session/5209fcfd0cbd9c22cf680726c4028e3f/execute/async - {"script":"<script> [1562 bytes]","args":[{"selector":{"id":"application-managesites-display-component---NewSite--addressDetailDetailsCountry-arrow"},"wdio_ui5_key":"applicationmanagesites-display-component---NewSite--addressDetailDetailsCountry-arrow"}]}
RESULT: {"script":"<script> [1562 bytes]","args":[{"selector":{"id":"application-managesites-display-component---NewSite--addressDetailDetailsCountry-arrow"},"wdio_ui5_key":"applicationmanagesites-display-component---NewSite--addressDetailDetailsCountry-arrow"}]}
RESULT: undefined
COMMAND: POST /session/5209fcfd0cbd9c22cf680726c4028e3f/element - {"using":"xpath","value":"//*[@id=\"application-managesites-display-component---NewSite--addressDetailDetailsCountry-arrow\"]"}
RESULT: {"using":"xpath","value":"//*[@id=\"application-managesites-display-component---NewSite--addressDetailDetailsCountry-arrow\"]"}
COMMAND: POST /session/5209fcfd0cbd9c22cf680726c4028e3f/element/f.81B74C70C7FE6F01EFB4ED64870B6056.d.EA463EE27C25203538A95CA6E70063DC.e.4682/click - {}
RESULT: {}
COMMAND: POST /session/5209fcfd0cbd9c22cf680726c4028e3f/element - {"using":"xpath","value":"//span[contains(text(), \"Argentina\")]"}
COMMAND: GET /session/5209fcfd0cbd9c22cf680726c4028e3f/screenshot - {}
RESULT: {"using":"xpath","value":"//span[contains(text(), \"Argentina\")]"}
COMMAND: POST /session/5209fcfd0cbd9c22cf680726c4028e3f/element/f.81B74C70C7FE6F01EFB4ED64870B6056.d.EA463EE27C25203538A95CA6E70063DC.e.4683/click - {}
RESULT: {}
RESULT: {}
COMMAND: GET /session/5209fcfd0cbd9c22cf680726c4028e3f/screenshot - {}
RESULT: {}
COMMAND: POST /session/5209fcfd0cbd9c22cf680726c4028e3f/execute/async - {"script":"<script> [1562 bytes]","args":[{"selector":{"id":"application-managesites-display-component---NewSite--addressEditDetailsCostObjectCstType-arrow"},"wdio_ui5_key":"applicationmanagesites-display-component---NewSite--addressEditDetailsCostObjectCstType-arrow"}]}
RESULT: {"script":"<script> [1562 bytes]","args":[{"selector":{"id":"application-managesites-display-component---NewSite--addressEditDetailsCostObjectCstType-arrow"},"wdio_ui5_key":"applicationmanagesites-display-component---NewSite--addressEditDetailsCostObjectCstType-arrow"}]}
RESULT: undefined
COMMAND: POST /session/5209fcfd0cbd9c22cf680726c4028e3f/element - {"using":"xpath","value":"//*[@id=\"application-managesites-display-component---NewSite--addressEditDetailsCostObjectCstType-arrow\"]"}
RESULT: {"using":"xpath","value":"//*[@id=\"application-managesites-display-component---NewSite--addressEditDetailsCostObjectCstType-arrow\"]"}
COMMAND: POST /session/5209fcfd0cbd9c22cf680726c4028e3f/element/f.81B74C70C7FE6F01EFB4ED64870B6056.d.EA463EE27C25203538A95CA6E70063DC.e.4685/click - {}
RESULT: {}
COMMAND: POST /session/5209fcfd0cbd9c22cf680726c4028e3f/element - {"using":"xpath","value":"//span[contains(text(), \"Cost Center\")]"}
COMMAND: GET /session/5209fcfd0cbd9c22cf680726c4028e3f/screenshot - {}
RESULT: {"using":"xpath","value":"//span[contains(text(), \"Cost Center\")]"}
COMMAND: POST /session/5209fcfd0cbd9c22cf680726c4028e3f/element/f.81B74C70C7FE6F01EFB4ED64870B6056.d.EA463EE27C25203538A95CA6E70063DC.e.4686/click - {}
RESULT: {}
RESULT: {}
COMMAND: GET /session/5209fcfd0cbd9c22cf680726c4028e3f/screenshot - {}
RESULT: {}
COMMAND: POST /session/5209fcfd0cbd9c22cf680726c4028e3f/element - {"using":"xpath","value":"//span[@id=\"application-managesites-display-component---NewSite--addressNewCostObjectCstID-vhi\"]"}
RESULT: {"using":"xpath","value":"//span[@id=\"application-managesites-display-component---NewSite--addressNewCostObjectCstID-vhi\"]"}
COMMAND: POST /session/5209fcfd0cbd9c22cf680726c4028e3f/execute/sync - {"script":"<script> [8489 bytes]","args":[{"element-6066-11e4-a52e-4f735466cecf":"f.81B74C70C7FE6F01EFB4ED64870B6056.d.EA463EE27C25203538A95CA6E70063DC.e.4691","ELEMENT":"f.81B74C70C7FE6F01EFB4ED64870B6056.d.EA463EE27C25203538A95CA6E70063DC.e.4691"}]}
RESULT: {"script":"<script> [8489 bytes]","args":[{"element-6066-11e4-a52e-4f735466cecf":"f.81B74C70C7FE6F01EFB4ED64870B6056.d.EA463EE27C25203538A95CA6E70063DC.e.4691","ELEMENT":"f.81B74C70C7FE6F01EFB4ED64870B6056.d.EA463EE27C25203538A95CA6E70063DC.e.4691"}]}
COMMAND: POST /session/5209fcfd0cbd9c22cf680726c4028e3f/execute/async - {"script":"<script> [1562 bytes]","args":[{"selector":{"id":"application-managesites-display-component---NewSite--addressNewCostObjectCstID-vhi"},"wdio_ui5_key":"applicationmanagesites-display-component---NewSite--addressNewCostObjectCstID-vhi"}]}
COMMAND: GET /session/5209fcfd0cbd9c22cf680726c4028e3f/screenshot - {}
RESULT: {"script":"<script> [1562 bytes]","args":[{"selector":{"id":"application-managesites-display-component---NewSite--addressNewCostObjectCstID-vhi"},"wdio_ui5_key":"applicationmanagesites-display-component---NewSite--addressNewCostObjectCstID-vhi"}]}
RESULT: undefined
COMMAND: POST /session/5209fcfd0cbd9c22cf680726c4028e3f/element - {"using":"xpath","value":"//*[@id=\"application-managesites-display-component---NewSite--addressNewCostObjectCstID-vhi\"]"}
RESULT: {}
RESULT: {"using":"xpath","value":"//*[@id=\"application-managesites-display-component---NewSite--addressNewCostObjectCstID-vhi\"]"}
COMMAND: POST /session/5209fcfd0cbd9c22cf680726c4028e3f/element/f.81B74C70C7FE6F01EFB4ED64870B6056.d.EA463EE27C25203538A95CA6E70063DC.e.4691/click - {}
RESULT: {}
COMMAND: GET /session/5209fcfd0cbd9c22cf680726c4028e3f/screenshot - {}
RESULT: {}
RESULT: undefined
COMMAND: POST /session/5209fcfd0cbd9c22cf680726c4028e3f/execute/async - {"script":"<script> [776 bytes]","args":[{"enterText":"10001013","selector":{"controlType":"sap.m.SearchField","properties":{"placeholder":"Search"},"searchOpenDialogs":true,"interaction":{"idSuffix":"I"}},"clearTextFirst":true,"interactionType":"ENTER_TEXT"}]}
RESULT: {"script":"<script> [776 bytes]","args":[{"enterText":"10001013","selector":{"controlType":"sap.m.SearchField","properties":{"placeholder":"Search"},"searchOpenDialogs":true,"interaction":{"idSuffix":"I"}},"clearTextFirst":true,"interactionType":"ENTER_TEXT"}]}
COMMAND: POST /session/5209fcfd0cbd9c22cf680726c4028e3f/actions - {"actions":[{"id":"action15","type":"key","parameters":{},"actions":[{"type":"keyDown","value":""},{"type":"pause","duration":10},{"type":"keyUp","value":""}]}]}
RESULT: {"actions":[{"id":"action15","type":"key","parameters":{},"actions":[{"type":"keyDown","value":""},{"type":"pause","duration":10},{"type":"keyUp","value":""}]}]}
COMMAND: GET /session/5209fcfd0cbd9c22cf680726c4028e3f/screenshot - {}
RESULT: {}
COMMAND: POST /session/5209fcfd0cbd9c22cf680726c4028e3f/element - {"using":"xpath","value":"//span[contains(text(), \"General Management\")]"}
RESULT: {"using":"xpath","value":"//span[contains(text(), \"General Management\")]"}
COMMAND: POST /session/5209fcfd0cbd9c22cf680726c4028e3f/element/f.81B74C70C7FE6F01EFB4ED64870B6056.d.EA463EE27C25203538A95CA6E70063DC.e.4730/click - {}
RESULT: {}
COMMAND: GET /session/5209fcfd0cbd9c22cf680726c4028e3f/screenshot - {}
RESULT: {}
COMMAND: POST /session/5209fcfd0cbd9c22cf680726c4028e3f/element - {"using":"xpath","value":"//bdi[contains(text(), \"OK\")]"}
RESULT: {"using":"xpath","value":"//bdi[contains(text(), \"OK\")]"}
COMMAND: POST /session/5209fcfd0cbd9c22cf680726c4028e3f/element/f.81B74C70C7FE6F01EFB4ED64870B6056.d.EA463EE27C25203538A95CA6E70063DC.e.4731/click - {}
RESULT: {}
COMMAND: GET /session/5209fcfd0cbd9c22cf680726c4028e3f/screenshot - {}
RESULT: {}
COMMAND: POST /session/5209fcfd0cbd9c22cf680726c4028e3f/element - {"using":"xpath","value":"//input[@id=\"application-managesites-display-component---NewSite--addressDetailDetailsCalendar-inner\"]"}
RESULT: {"using":"xpath","value":"//input[@id=\"application-managesites-display-component---NewSite--addressDetailDetailsCalendar-inner\"]"}
COMMAND: POST /session/5209fcfd0cbd9c22cf680726c4028e3f/element/f.81B74C70C7FE6F01EFB4ED64870B6056.d.EA463EE27C25203538A95CA6E70063DC.e.4477/clear - {}
RESULT: {}
COMMAND: POST /session/5209fcfd0cbd9c22cf680726c4028e3f/element/f.81B74C70C7FE6F01EFB4ED64870B6056.d.EA463EE27C25203538A95CA6E70063DC.e.4477/value - {"text":"Unit"}
COMMAND: GET /session/5209fcfd0cbd9c22cf680726c4028e3f/screenshot - {}
RESULT: {"text":"Unit"}
COMMAND: GET /session/5209fcfd0cbd9c22cf680726c4028e3f/screenshot - {}
RESULT: {}
RESULT: {}
COMMAND: POST /session/5209fcfd0cbd9c22cf680726c4028e3f/actions - {"actions":[{"id":"action16","type":"key","parameters":{},"actions":[{"type":"keyDown","value":""},{"type":"pause","duration":10},{"type":"keyUp","value":""}]}]}
RESULT: {"actions":[{"id":"action16","type":"key","parameters":{},"actions":[{"type":"keyDown","value":""},{"type":"pause","duration":10},{"type":"keyUp","value":""}]}]}
COMMAND: POST /session/5209fcfd0cbd9c22cf680726c4028e3f/element - {"using":"xpath","value":"//input[@id=\"application-managesites-display-component---NewSite--addressDetailDetailsYard-inner\"]"}
COMMAND: GET /session/5209fcfd0cbd9c22cf680726c4028e3f/screenshot - {}
RESULT: {"using":"xpath","value":"//input[@id=\"application-managesites-display-component---NewSite--addressDetailDetailsYard-inner\"]"}
COMMAND: POST /session/5209fcfd0cbd9c22cf680726c4028e3f/element/f.81B74C70C7FE6F01EFB4ED64870B6056.d.EA463EE27C25203538A95CA6E70063DC.e.4478/clear - {}
RESULT: {}
RESULT: {}
COMMAND: POST /session/5209fcfd0cbd9c22cf680726c4028e3f/element/f.81B74C70C7FE6F01EFB4ED64870B6056.d.EA463EE27C25203538A95CA6E70063DC.e.4478/value - {"text":"678"}
COMMAND: GET /session/5209fcfd0cbd9c22cf680726c4028e3f/screenshot - {}
RESULT: {"text":"678"}
COMMAND: GET /session/5209fcfd0cbd9c22cf680726c4028e3f/screenshot - {}
RESULT: {}
RESULT: {}
COMMAND: POST /session/5209fcfd0cbd9c22cf680726c4028e3f/element - {"using":"xpath","value":"//li[.//span[text()='678']]"}
RESULT: {"using":"xpath","value":"//li[.//span[text()='678']]"}
COMMAND: POST /session/5209fcfd0cbd9c22cf680726c4028e3f/element/f.81B74C70C7FE6F01EFB4ED64870B6056.d.EA463EE27C25203538A95CA6E70063DC.e.4759/click - {}
RESULT: {}
COMMAND: GET /session/5209fcfd0cbd9c22cf680726c4028e3f/screenshot - {}
RESULT: {}
COMMAND: POST /session/5209fcfd0cbd9c22cf680726c4028e3f/element - {"using":"xpath","value":"//input[@id=\"application-managesites-display-component---NewSite--addressDetailDetailsPartner-inner\"]"}
RESULT: {"using":"xpath","value":"//input[@id=\"application-managesites-display-component---NewSite--addressDetailDetailsPartner-inner\"]"}
COMMAND: POST /session/5209fcfd0cbd9c22cf680726c4028e3f/element - {"using":"xpath","value":"//input[@id=\"application-managesites-display-component---NewSite--addressDetailDetailsPartner-inner\"]"}
RESULT: {"using":"xpath","value":"//input[@id=\"application-managesites-display-component---NewSite--addressDetailDetailsPartner-inner\"]"}
COMMAND: POST /session/5209fcfd0cbd9c22cf680726c4028e3f/element - {"using":"xpath","value":"//button[@data-kt=\"saveButton\"]"}
RESULT: {"using":"xpath","value":"//button[@data-kt=\"saveButton\"]"}
COMMAND: POST /session/5209fcfd0cbd9c22cf680726c4028e3f/element/f.81B74C70C7FE6F01EFB4ED64870B6056.d.EA463EE27C25203538A95CA6E70063DC.e.4624/click - {}
RESULT: {}
COMMAND: GET /session/5209fcfd0cbd9c22cf680726c4028e3f/screenshot - {}
COMMAND: POST /session/5209fcfd0cbd9c22cf680726c4028e3f/element - {"using":"xpath","value":"//header[contains(@id, 'ObjectPageLayout-headerTitle')]/div[1]/div[2]/div[2]/span[1]"}
RESULT: {}
RESULT: {"using":"xpath","value":"//header[contains(@id, 'ObjectPageLayout-headerTitle')]/div[1]/div[2]/div[2]/span[1]"}
COMMAND: POST /session/5209fcfd0cbd9c22cf680726c4028e3f/elements - {"using":"xpath","value":"//header[contains(@id, 'ObjectPageLayout-headerTitle')]/div[1]/div[2]/div[2]/span[1]"}
RESULT: {"using":"xpath","value":"//header[contains(@id, 'ObjectPageLayout-headerTitle')]/div[1]/div[2]/div[2]/span[1]"}
COMMAND: POST /session/5209fcfd0cbd9c22cf680726c4028e3f/execute/sync - {"script":"<script> [56 bytes]","args":[{"element-6066-11e4-a52e-4f735466cecf":"f.81B74C70C7FE6F01EFB4ED64870B6056.d.EA463EE27C25203538A95CA6E70063DC.e.4969","ELEMENT":"f.81B74C70C7FE6F01EFB4ED64870B6056.d.EA463EE27C25203538A95CA6E70063DC.e.4969"}]}
RESULT: {"script":"<script> [56 bytes]","args":[{"element-6066-11e4-a52e-4f735466cecf":"f.81B74C70C7FE6F01EFB4ED64870B6056.d.EA463EE27C25203538A95CA6E70063DC.e.4969","ELEMENT":"f.81B74C70C7FE6F01EFB4ED64870B6056.d.EA463EE27C25203538A95CA6E70063DC.e.4969"}]}
COMMAND: POST /session/5209fcfd0cbd9c22cf680726c4028e3f/element - {"using":"css selector","value":"#shell-header-logo"}
COMMAND: GET /session/5209fcfd0cbd9c22cf680726c4028e3f/screenshot - {}
RESULT: {"using":"css selector","value":"#shell-header-logo"}
COMMAND: POST /session/5209fcfd0cbd9c22cf680726c4028e3f/element/f.81B74C70C7FE6F01EFB4ED64870B6056.d.EA463EE27C25203538A95CA6E70063DC.e.4006/click - {}
RESULT: {}
RESULT: {}
COMMAND: GET /session/5209fcfd0cbd9c22cf680726c4028e3f/screenshot - {}
RESULT: {}
COMMAND: POST /session/5209fcfd0cbd9c22cf680726c4028e3f/execute/sync - {"script":"<script> [299 bytes]","args":[["getModel","getResource"]]}
RESULT: {"script":"<script> [299 bytes]","args":[["getModel","getResource"]]}
COMMAND: GET /session/5209fcfd0cbd9c22cf680726c4028e3f/screenshot - {}
]]></system-out>
    </testcase>
    <testcase classname="chrome.136_0_7103_93.windows.Edit_and_delete_daily_price_US134629_US134627" name="Should go to Manage Conditions Daily Price and add the 2 rows one with yard site and one with yard" time="95.8">
      <system-out><![CDATA[
COMMAND: POST /session/5209fcfd0cbd9c22cf680726c4028e3f/execute/async - {"script":"<script> [1562 bytes]","args":[{"selector":{"controlType":"sap.m.GenericTile","properties":{"header":"Manage Conditions & Prices"}},"wdio_ui5_key":"sapm.GenericTile{\"header\":\"Manage Conditions & Prices\"}"}]}
RESULT: {}
RESULT: {"script":"<script> [1562 bytes]","args":[{"selector":{"controlType":"sap.m.GenericTile","properties":{"header":"Manage Conditions & Prices"}},"wdio_ui5_key":"sapm.GenericTile{\"header\":\"Manage Conditions & Prices\"}"}]}
RESULT: undefined
COMMAND: POST /session/5209fcfd0cbd9c22cf680726c4028e3f/element - {"using":"xpath","value":"//*[@id=\"__tile53\"]"}
RESULT: {"using":"xpath","value":"//*[@id=\"__tile53\"]"}
COMMAND: POST /session/5209fcfd0cbd9c22cf680726c4028e3f/element/f.81B74C70C7FE6F01EFB4ED64870B6056.d.EA463EE27C25203538A95CA6E70063DC.e.3139/click - {}
RESULT: {}
COMMAND: GET /session/5209fcfd0cbd9c22cf680726c4028e3f/screenshot - {}
RESULT: {}
COMMAND: POST /session/5209fcfd0cbd9c22cf680726c4028e3f/elements - {"using":"xpath","value":"//span[text()='Error']"}
RESULT: {"using":"xpath","value":"//span[text()='Error']"}
COMMAND: POST /session/5209fcfd0cbd9c22cf680726c4028e3f/element - {"using":"xpath","value":"//button[@aria-label=\"Create\"]"}
RESULT: {"using":"xpath","value":"//button[@aria-label=\"Create\"]"}
COMMAND: POST /session/5209fcfd0cbd9c22cf680726c4028e3f/element/f.81B74C70C7FE6F01EFB4ED64870B6056.d.EA463EE27C25203538A95CA6E70063DC.e.5001/click - {}
RESULT: {}
COMMAND: GET /session/5209fcfd0cbd9c22cf680726c4028e3f/screenshot - {}
RESULT: {}
COMMAND: POST /session/5209fcfd0cbd9c22cf680726c4028e3f/actions - {"actions":[{"id":"action17","type":"key","parameters":{},"actions":[{"type":"keyDown","value":""},{"type":"pause","duration":10},{"type":"keyUp","value":""}]}]}
RESULT: {"actions":[{"id":"action17","type":"key","parameters":{},"actions":[{"type":"keyDown","value":""},{"type":"pause","duration":10},{"type":"keyUp","value":""}]}]}
COMMAND: POST /session/5209fcfd0cbd9c22cf680726c4028e3f/actions - {"actions":[{"id":"action18","type":"key","parameters":{},"actions":[{"type":"keyDown","value":""},{"type":"pause","duration":10},{"type":"keyUp","value":""}]}]}
COMMAND: GET /session/5209fcfd0cbd9c22cf680726c4028e3f/screenshot - {}
RESULT: {"actions":[{"id":"action18","type":"key","parameters":{},"actions":[{"type":"keyDown","value":""},{"type":"pause","duration":10},{"type":"keyUp","value":""}]}]}
COMMAND: POST /session/5209fcfd0cbd9c22cf680726c4028e3f/execute/async - {"script":"<script> [1562 bytes]","args":[{"selector":{"controlType":"sap.m.Title","viewName":"etm.portal.ui.manageconditionprice.view.DailyPrices","viewId":"application-manageconditionprice-display-component---dailyPrices","i18NText":{"propertyName":"text","key":"dailyPrices"}},"wdio_ui5_key":"etmportal.ui.manageconditionprice.view.DailyPricessap.m.Title{\"propertyName\":\"text\",\"key\":\"dailyPrices\"}"}]}
COMMAND: GET /session/5209fcfd0cbd9c22cf680726c4028e3f/screenshot - {}
RESULT: {}
RESULT: {"script":"<script> [1562 bytes]","args":[{"selector":{"controlType":"sap.m.Title","viewName":"etm.portal.ui.manageconditionprice.view.DailyPrices","viewId":"application-manageconditionprice-display-component---dailyPrices","i18NText":{"propertyName":"text","key":"dailyPrices"}},"wdio_ui5_key":"etmportal.ui.manageconditionprice.view.DailyPricessap.m.Title{\"propertyName\":\"text\",\"key\":\"dailyPrices\"}"}]}
RESULT: undefined
COMMAND: POST /session/5209fcfd0cbd9c22cf680726c4028e3f/execute/async - {"script":"<script> [6424 bytes]","args":[{"element-6066-11e4-a52e-4f735466cecf":"f.81B74C70C7FE6F01EFB4ED64870B6056.d.EA463EE27C25203538A95CA6E70063DC.e.5330"},"getText",[]]}
RESULT: {}
RESULT: {"script":"<script> [6424 bytes]","args":[{"element-6066-11e4-a52e-4f735466cecf":"f.81B74C70C7FE6F01EFB4ED64870B6056.d.EA463EE27C25203538A95CA6E70063DC.e.5330"},"getText",[]]}
COMMAND: POST /session/5209fcfd0cbd9c22cf680726c4028e3f/execute/async - {"script":"<script> [1562 bytes]","args":[{"selector":{"id":"application-manageconditionprice-display-component---dailyPrices--condBillCond","interaction":{"idSuffix":"inner"}},"wdio_ui5_key":"applicationmanageconditionprice-display-component---dailyPrices--condBillCond"}]}
RESULT: {"script":"<script> [1562 bytes]","args":[{"selector":{"id":"application-manageconditionprice-display-component---dailyPrices--condBillCond","interaction":{"idSuffix":"inner"}},"wdio_ui5_key":"applicationmanageconditionprice-display-component---dailyPrices--condBillCond"}]}
RESULT: undefined
COMMAND: POST /session/5209fcfd0cbd9c22cf680726c4028e3f/execute/async - {"script":"<script> [776 bytes]","args":[{"enterText":"Residual Value %","selector":{"id":"application-manageconditionprice-display-component---dailyPrices--condBillCond","interaction":{"idSuffix":"inner"}},"clearTextFirst":true,"interactionType":"ENTER_TEXT"}]}
RESULT: {"script":"<script> [776 bytes]","args":[{"enterText":"Residual Value %","selector":{"id":"application-manageconditionprice-display-component---dailyPrices--condBillCond","interaction":{"idSuffix":"inner"}},"clearTextFirst":true,"interactionType":"ENTER_TEXT"}]}
COMMAND: POST /session/5209fcfd0cbd9c22cf680726c4028e3f/execute/async - {"script":"<script> [1562 bytes]","args":[{"selector":{"controlType":"sap.m.StandardListItem","viewName":"etm.portal.ui.manageconditionprice.view.DailyPrices","viewId":"application-manageconditionprice-display-component---dailyPrices","properties":{"type":"Active"},"searchOpenDialogs":true,"interaction":{"idSuffix":"titleText"}},"wdio_ui5_key":"etmportal.ui.manageconditionprice.view.DailyPricessap.m.StandardListItem{\"type\":\"Active\"}"}]}
RESULT: {"script":"<script> [1562 bytes]","args":[{"selector":{"controlType":"sap.m.StandardListItem","viewName":"etm.portal.ui.manageconditionprice.view.DailyPrices","viewId":"application-manageconditionprice-display-component---dailyPrices","properties":{"type":"Active"},"searchOpenDialogs":true,"interaction":{"idSuffix":"titleText"}},"wdio_ui5_key":"etmportal.ui.manageconditionprice.view.DailyPricessap.m.StandardListItem{\"type\":\"Active\"}"}]}
RESULT: undefined
COMMAND: POST /session/5209fcfd0cbd9c22cf680726c4028e3f/element - {"using":"xpath","value":"//*[@id=\"__item1550\"]"}
RESULT: {"using":"xpath","value":"//*[@id=\"__item1550\"]"}
COMMAND: POST /session/5209fcfd0cbd9c22cf680726c4028e3f/element/f.81B74C70C7FE6F01EFB4ED64870B6056.d.EA463EE27C25203538A95CA6E70063DC.e.5334/click - {}
RESULT: {}
COMMAND: POST /session/5209fcfd0cbd9c22cf680726c4028e3f/execute/async - {"script":"<script> [1562 bytes]","args":[{"selector":{"id":"application-manageconditionprice-display-component---dailyPrices--editBtn","interaction":{"idSuffix":"BDI-content"}},"wdio_ui5_key":"applicationmanageconditionprice-display-component---dailyPrices--editBtn"}]}
COMMAND: GET /session/5209fcfd0cbd9c22cf680726c4028e3f/screenshot - {}
RESULT: {"script":"<script> [1562 bytes]","args":[{"selector":{"id":"application-manageconditionprice-display-component---dailyPrices--editBtn","interaction":{"idSuffix":"BDI-content"}},"wdio_ui5_key":"applicationmanageconditionprice-display-component---dailyPrices--editBtn"}]}
RESULT: undefined
COMMAND: POST /session/5209fcfd0cbd9c22cf680726c4028e3f/element - {"using":"xpath","value":"//*[@id=\"application-manageconditionprice-display-component---dailyPrices--editBtn\"]"}
RESULT: {}
RESULT: {"using":"xpath","value":"//*[@id=\"application-manageconditionprice-display-component---dailyPrices--editBtn\"]"}
COMMAND: POST /session/5209fcfd0cbd9c22cf680726c4028e3f/element/f.81B74C70C7FE6F01EFB4ED64870B6056.d.EA463EE27C25203538A95CA6E70063DC.e.5332/click - {}
RESULT: {}
COMMAND: POST /session/5209fcfd0cbd9c22cf680726c4028e3f/execute/async - {"script":"<script> [1562 bytes]","args":[{"selector":{"controlType":"sap.m.Button","viewName":"etm.portal.ui.manageconditionprice.view.DailyPrices","viewId":"application-manageconditionprice-display-component---dailyPrices","i18NText":{"propertyName":"text","key":"add"},"interaction":{"idSuffix":"BDI-content"}},"wdio_ui5_key":"etmportal.ui.manageconditionprice.view.DailyPricessap.m.Button{\"propertyName\":\"text\",\"key\":\"add\"}"}]}
COMMAND: GET /session/5209fcfd0cbd9c22cf680726c4028e3f/screenshot - {}
RESULT: {"script":"<script> [1562 bytes]","args":[{"selector":{"controlType":"sap.m.Button","viewName":"etm.portal.ui.manageconditionprice.view.DailyPrices","viewId":"application-manageconditionprice-display-component---dailyPrices","i18NText":{"propertyName":"text","key":"add"},"interaction":{"idSuffix":"BDI-content"}},"wdio_ui5_key":"etmportal.ui.manageconditionprice.view.DailyPricessap.m.Button{\"propertyName\":\"text\",\"key\":\"add\"}"}]}
RESULT: undefined
COMMAND: POST /session/5209fcfd0cbd9c22cf680726c4028e3f/element - {"using":"xpath","value":"//*[@id=\"__button105\"]"}
RESULT: {}
RESULT: {"using":"xpath","value":"//*[@id=\"__button105\"]"}
COMMAND: POST /session/5209fcfd0cbd9c22cf680726c4028e3f/element/f.81B74C70C7FE6F01EFB4ED64870B6056.d.EA463EE27C25203538A95CA6E70063DC.e.5342/click - {}
RESULT: {}
COMMAND: POST /session/5209fcfd0cbd9c22cf680726c4028e3f/elements - {"using":"css selector","value":"table tr"}
COMMAND: GET /session/5209fcfd0cbd9c22cf680726c4028e3f/screenshot - {}
RESULT: {"using":"css selector","value":"table tr"}
COMMAND: POST /session/5209fcfd0cbd9c22cf680726c4028e3f/element/f.81B74C70C7FE6F01EFB4ED64870B6056.d.EA463EE27C25203538A95CA6E70063DC.e.5540/elements - {"using":"css selector","value":"input"}
RESULT: {}
RESULT: {"using":"css selector","value":"input"}
COMMAND: POST /session/5209fcfd0cbd9c22cf680726c4028e3f/element/f.81B74C70C7FE6F01EFB4ED64870B6056.d.EA463EE27C25203538A95CA6E70063DC.e.5543/clear - {}
COMMAND: POST /session/5209fcfd0cbd9c22cf680726c4028e3f/element/f.81B74C70C7FE6F01EFB4ED64870B6056.d.EA463EE27C25203538A95CA6E70063DC.e.5541/clear - {}
COMMAND: POST /session/5209fcfd0cbd9c22cf680726c4028e3f/element/f.81B74C70C7FE6F01EFB4ED64870B6056.d.EA463EE27C25203538A95CA6E70063DC.e.5544/clear - {}
COMMAND: POST /session/5209fcfd0cbd9c22cf680726c4028e3f/element/f.81B74C70C7FE6F01EFB4ED64870B6056.d.EA463EE27C25203538A95CA6E70063DC.e.5542/clear - {}
COMMAND: POST /session/5209fcfd0cbd9c22cf680726c4028e3f/element/f.81B74C70C7FE6F01EFB4ED64870B6056.d.EA463EE27C25203538A95CA6E70063DC.e.5540/elements - {"using":"css selector","value":"td"}
RESULT: {}
COMMAND: POST /session/5209fcfd0cbd9c22cf680726c4028e3f/element/f.81B74C70C7FE6F01EFB4ED64870B6056.d.EA463EE27C25203538A95CA6E70063DC.e.5543/value - {"text":"705.60"}
COMMAND: GET /session/5209fcfd0cbd9c22cf680726c4028e3f/screenshot - {}
RESULT: {}
COMMAND: POST /session/5209fcfd0cbd9c22cf680726c4028e3f/element/f.81B74C70C7FE6F01EFB4ED64870B6056.d.EA463EE27C25203538A95CA6E70063DC.e.5541/value - {"text":"05/22/25"}
COMMAND: GET /session/5209fcfd0cbd9c22cf680726c4028e3f/screenshot - {}
RESULT: {}
COMMAND: POST /session/5209fcfd0cbd9c22cf680726c4028e3f/element/f.81B74C70C7FE6F01EFB4ED64870B6056.d.EA463EE27C25203538A95CA6E70063DC.e.5544/value - {"text":"Euro"}
COMMAND: GET /session/5209fcfd0cbd9c22cf680726c4028e3f/screenshot - {}
RESULT: {"text":"705.60"}
COMMAND: GET /session/5209fcfd0cbd9c22cf680726c4028e3f/screenshot - {}
RESULT: {"text":"05/22/25"}
RESULT: {}
COMMAND: POST /session/5209fcfd0cbd9c22cf680726c4028e3f/element/f.81B74C70C7FE6F01EFB4ED64870B6056.d.EA463EE27C25203538A95CA6E70063DC.e.5542/value - {"text":"10/22/25"}
RESULT: {"using":"css selector","value":"td"}
COMMAND: POST /session/5209fcfd0cbd9c22cf680726c4028e3f/element - {"using":"xpath","value":".//li[contains(., \"2364\") and not(.//li)]"}
COMMAND: POST /session/5209fcfd0cbd9c22cf680726c4028e3f/element/f.81B74C70C7FE6F01EFB4ED64870B6056.d.EA463EE27C25203538A95CA6E70063DC.e.5562/element - {"using":"css selector","value":"input"}
COMMAND: POST /session/5209fcfd0cbd9c22cf680726c4028e3f/element/f.81B74C70C7FE6F01EFB4ED64870B6056.d.EA463EE27C25203538A95CA6E70063DC.e.5562/element - {"using":"css selector","value":"input"}
COMMAND: GET /session/5209fcfd0cbd9c22cf680726c4028e3f/screenshot - {}
COMMAND: GET /session/5209fcfd0cbd9c22cf680726c4028e3f/screenshot - {}
RESULT: {}
RESULT: {}
RESULT: {"text":"Euro"}
RESULT: {}
RESULT: {}
RESULT: {"text":"10/22/25"}
RESULT: {"using":"css selector","value":"input"}
COMMAND: POST /session/5209fcfd0cbd9c22cf680726c4028e3f/element/f.81B74C70C7FE6F01EFB4ED64870B6056.d.EA463EE27C25203538A95CA6E70063DC.e.5545/clear - {}
RESULT: {"using":"css selector","value":"input"}
COMMAND: POST /session/5209fcfd0cbd9c22cf680726c4028e3f/element/f.81B74C70C7FE6F01EFB4ED64870B6056.d.EA463EE27C25203538A95CA6E70063DC.e.5545/click - {}
RESULT: {"using":"xpath","value":".//li[contains(., \"2364\") and not(.//li)]"}
COMMAND: GET /session/5209fcfd0cbd9c22cf680726c4028e3f/screenshot - {}
COMMAND: GET /session/5209fcfd0cbd9c22cf680726c4028e3f/screenshot - {}
RESULT: {}
RESULT: {}
RESULT: {}
COMMAND: POST /session/5209fcfd0cbd9c22cf680726c4028e3f/element/f.81B74C70C7FE6F01EFB4ED64870B6056.d.EA463EE27C25203538A95CA6E70063DC.e.5545/value - {"text":"2364"}
COMMAND: GET /session/5209fcfd0cbd9c22cf680726c4028e3f/screenshot - {}
RESULT: {}
RESULT: {}
COMMAND: GET /session/5209fcfd0cbd9c22cf680726c4028e3f/screenshot - {}
RESULT: {}
RESULT: {"text":"2364"}
RESULT: {}
RESULT: {}
COMMAND: POST /session/5209fcfd0cbd9c22cf680726c4028e3f/elements - {"using":"xpath","value":".//li[contains(., \"2364\") and not(.//li)]"}
COMMAND: GET /session/5209fcfd0cbd9c22cf680726c4028e3f/screenshot - {}
RESULT: {"using":"xpath","value":".//li[contains(., \"2364\") and not(.//li)]"}
RESULT: {}
COMMAND: POST /session/5209fcfd0cbd9c22cf680726c4028e3f/elements - {"using":"xpath","value":".//li[contains(., \"2364\") and not(.//li)]"}
RESULT: {"using":"xpath","value":".//li[contains(., \"2364\") and not(.//li)]"}
COMMAND: POST /session/5209fcfd0cbd9c22cf680726c4028e3f/elements - {"using":"xpath","value":".//li[contains(., \"2364\") and not(.//li)]"}
RESULT: {"using":"xpath","value":".//li[contains(., \"2364\") and not(.//li)]"}
COMMAND: POST /session/5209fcfd0cbd9c22cf680726c4028e3f/element - {"using":"xpath","value":".//li[contains(., \"2364\") and not(.//li)]"}
RESULT: {"using":"xpath","value":".//li[contains(., \"2364\") and not(.//li)]"}
COMMAND: POST /session/5209fcfd0cbd9c22cf680726c4028e3f/element/f.81B74C70C7FE6F01EFB4ED64870B6056.d.EA463EE27C25203538A95CA6E70063DC.e.5569/click - {}
RESULT: {}
COMMAND: POST /session/5209fcfd0cbd9c22cf680726c4028e3f/element/f.81B74C70C7FE6F01EFB4ED64870B6056.d.EA463EE27C25203538A95CA6E70063DC.e.5563/element - {"using":"css selector","value":"input"}
COMMAND: GET /session/5209fcfd0cbd9c22cf680726c4028e3f/screenshot - {}
RESULT: {"using":"css selector","value":"input"}
COMMAND: POST /session/5209fcfd0cbd9c22cf680726c4028e3f/element/f.81B74C70C7FE6F01EFB4ED64870B6056.d.EA463EE27C25203538A95CA6E70063DC.e.5546/click - {}
RESULT: {}
RESULT: {}
COMMAND: GET /session/5209fcfd0cbd9c22cf680726c4028e3f/screenshot - {}
RESULT: {}
COMMAND: POST /session/5209fcfd0cbd9c22cf680726c4028e3f/element/f.81B74C70C7FE6F01EFB4ED64870B6056.d.EA463EE27C25203538A95CA6E70063DC.e.5563/element - {"using":"css selector","value":"input"}
RESULT: {"using":"css selector","value":"input"}
COMMAND: POST /session/5209fcfd0cbd9c22cf680726c4028e3f/element/f.81B74C70C7FE6F01EFB4ED64870B6056.d.EA463EE27C25203538A95CA6E70063DC.e.5546/clear - {}
RESULT: {}
COMMAND: POST /session/5209fcfd0cbd9c22cf680726c4028e3f/element/f.81B74C70C7FE6F01EFB4ED64870B6056.d.EA463EE27C25203538A95CA6E70063DC.e.5546/value - {"text":"678"}
COMMAND: GET /session/5209fcfd0cbd9c22cf680726c4028e3f/screenshot - {}
RESULT: {"text":"678"}
COMMAND: GET /session/5209fcfd0cbd9c22cf680726c4028e3f/screenshot - {}
RESULT: {}
RESULT: {}
COMMAND: POST /session/5209fcfd0cbd9c22cf680726c4028e3f/element - {"using":"xpath","value":".//li[contains(., \"678\") and not(.//li)]"}
RESULT: {"using":"xpath","value":".//li[contains(., \"678\") and not(.//li)]"}
COMMAND: POST /session/5209fcfd0cbd9c22cf680726c4028e3f/element/f.81B74C70C7FE6F01EFB4ED64870B6056.d.EA463EE27C25203538A95CA6E70063DC.e.5570/click - {}
RESULT: {}
RESULT: undefined
COMMAND: POST /session/5209fcfd0cbd9c22cf680726c4028e3f/element - {"using":"xpath","value":"//*[@id=\"__button105\"]"}
COMMAND: GET /session/5209fcfd0cbd9c22cf680726c4028e3f/screenshot - {}
RESULT: {"using":"xpath","value":"//*[@id=\"__button105\"]"}
COMMAND: POST /session/5209fcfd0cbd9c22cf680726c4028e3f/element/f.81B74C70C7FE6F01EFB4ED64870B6056.d.EA463EE27C25203538A95CA6E70063DC.e.5342/click - {}
RESULT: {}
RESULT: {}
COMMAND: POST /session/5209fcfd0cbd9c22cf680726c4028e3f/elements - {"using":"css selector","value":"table tr"}
COMMAND: GET /session/5209fcfd0cbd9c22cf680726c4028e3f/screenshot - {}
RESULT: {"using":"css selector","value":"table tr"}
COMMAND: POST /session/5209fcfd0cbd9c22cf680726c4028e3f/element/f.81B74C70C7FE6F01EFB4ED64870B6056.d.EA463EE27C25203538A95CA6E70063DC.e.5572/elements - {"using":"css selector","value":"input"}
RESULT: {}
RESULT: {"using":"css selector","value":"input"}
COMMAND: POST /session/5209fcfd0cbd9c22cf680726c4028e3f/element/f.81B74C70C7FE6F01EFB4ED64870B6056.d.EA463EE27C25203538A95CA6E70063DC.e.5575/clear - {}
COMMAND: POST /session/5209fcfd0cbd9c22cf680726c4028e3f/element/f.81B74C70C7FE6F01EFB4ED64870B6056.d.EA463EE27C25203538A95CA6E70063DC.e.5573/clear - {}
COMMAND: POST /session/5209fcfd0cbd9c22cf680726c4028e3f/element/f.81B74C70C7FE6F01EFB4ED64870B6056.d.EA463EE27C25203538A95CA6E70063DC.e.5576/clear - {}
COMMAND: POST /session/5209fcfd0cbd9c22cf680726c4028e3f/element/f.81B74C70C7FE6F01EFB4ED64870B6056.d.EA463EE27C25203538A95CA6E70063DC.e.5574/clear - {}
RESULT: {}
COMMAND: POST /session/5209fcfd0cbd9c22cf680726c4028e3f/element/f.81B74C70C7FE6F01EFB4ED64870B6056.d.EA463EE27C25203538A95CA6E70063DC.e.5575/value - {"text":"99.5"}
COMMAND: GET /session/5209fcfd0cbd9c22cf680726c4028e3f/screenshot - {}
RESULT: {}
COMMAND: POST /session/5209fcfd0cbd9c22cf680726c4028e3f/element/f.81B74C70C7FE6F01EFB4ED64870B6056.d.EA463EE27C25203538A95CA6E70063DC.e.5573/value - {"text":"05/22/25"}
COMMAND: GET /session/5209fcfd0cbd9c22cf680726c4028e3f/screenshot - {}
RESULT: {}
COMMAND: POST /session/5209fcfd0cbd9c22cf680726c4028e3f/element/f.81B74C70C7FE6F01EFB4ED64870B6056.d.EA463EE27C25203538A95CA6E70063DC.e.5576/value - {"text":"US Dollar"}
COMMAND: GET /session/5209fcfd0cbd9c22cf680726c4028e3f/screenshot - {}
RESULT: {}
COMMAND: POST /session/5209fcfd0cbd9c22cf680726c4028e3f/element/f.81B74C70C7FE6F01EFB4ED64870B6056.d.EA463EE27C25203538A95CA6E70063DC.e.5574/value - {"text":"10/22/25"}
COMMAND: GET /session/5209fcfd0cbd9c22cf680726c4028e3f/screenshot - {}
RESULT: {"text":"99.5"}
COMMAND: GET /session/5209fcfd0cbd9c22cf680726c4028e3f/screenshot - {}
RESULT: {}
COMMAND: POST /session/5209fcfd0cbd9c22cf680726c4028e3f/element/f.81B74C70C7FE6F01EFB4ED64870B6056.d.EA463EE27C25203538A95CA6E70063DC.e.5572/elements - {"using":"css selector","value":"td"}
RESULT: {"text":"05/22/25"}
COMMAND: GET /session/5209fcfd0cbd9c22cf680726c4028e3f/screenshot - {}
RESULT: {}
RESULT: {"text":"US Dollar"}
COMMAND: GET /session/5209fcfd0cbd9c22cf680726c4028e3f/screenshot - {}
RESULT: {}
RESULT: {"text":"10/22/25"}
COMMAND: GET /session/5209fcfd0cbd9c22cf680726c4028e3f/screenshot - {}
RESULT: {}
RESULT: {}
RESULT: {"using":"css selector","value":"td"}
COMMAND: POST /session/5209fcfd0cbd9c22cf680726c4028e3f/element/f.81B74C70C7FE6F01EFB4ED64870B6056.d.EA463EE27C25203538A95CA6E70063DC.e.5594/element - {"using":"css selector","value":"input"}
RESULT: {}
RESULT: {}
RESULT: {}
RESULT: {"using":"css selector","value":"input"}
COMMAND: POST /session/5209fcfd0cbd9c22cf680726c4028e3f/element/f.81B74C70C7FE6F01EFB4ED64870B6056.d.EA463EE27C25203538A95CA6E70063DC.e.5577/click - {}
RESULT: {}
COMMAND: GET /session/5209fcfd0cbd9c22cf680726c4028e3f/screenshot - {}
RESULT: {}
COMMAND: POST /session/5209fcfd0cbd9c22cf680726c4028e3f/element/f.81B74C70C7FE6F01EFB4ED64870B6056.d.EA463EE27C25203538A95CA6E70063DC.e.5594/element - {"using":"css selector","value":"input"}
RESULT: {"using":"css selector","value":"input"}
COMMAND: POST /session/5209fcfd0cbd9c22cf680726c4028e3f/element/f.81B74C70C7FE6F01EFB4ED64870B6056.d.EA463EE27C25203538A95CA6E70063DC.e.5577/clear - {}
RESULT: {}
COMMAND: POST /session/5209fcfd0cbd9c22cf680726c4028e3f/element/f.81B74C70C7FE6F01EFB4ED64870B6056.d.EA463EE27C25203538A95CA6E70063DC.e.5577/value - {"text":"2364"}
COMMAND: GET /session/5209fcfd0cbd9c22cf680726c4028e3f/screenshot - {}
RESULT: {"text":"2364"}
COMMAND: GET /session/5209fcfd0cbd9c22cf680726c4028e3f/screenshot - {}
RESULT: {}
RESULT: {}
COMMAND: POST /session/5209fcfd0cbd9c22cf680726c4028e3f/element - {"using":"xpath","value":"(//li[div//span[contains(text(), '2364')]])[2]"}
RESULT: {"using":"xpath","value":"(//li[div//span[contains(text(), '2364')]])[2]"}
COMMAND: POST /session/5209fcfd0cbd9c22cf680726c4028e3f/element/f.81B74C70C7FE6F01EFB4ED64870B6056.d.EA463EE27C25203538A95CA6E70063DC.e.5601/click - {}
RESULT: {}
COMMAND: POST /session/5209fcfd0cbd9c22cf680726c4028e3f/execute/async - {"script":"<script> [1562 bytes]","args":[{"selector":{"controlType":"sap.m.Button","viewName":"etm.portal.ui.manageconditionprice.view.DailyPrices","viewId":"application-manageconditionprice-display-component---dailyPrices","i18NText":{"propertyName":"tooltip","key":"save"},"interaction":{"idSuffix":"BDI-content"}},"wdio_ui5_key":"etmportal.ui.manageconditionprice.view.DailyPricessap.m.Button{\"propertyName\":\"tooltip\",\"key\":\"save\"}"}]}
COMMAND: GET /session/5209fcfd0cbd9c22cf680726c4028e3f/screenshot - {}
RESULT: {"script":"<script> [1562 bytes]","args":[{"selector":{"controlType":"sap.m.Button","viewName":"etm.portal.ui.manageconditionprice.view.DailyPrices","viewId":"application-manageconditionprice-display-component---dailyPrices","i18NText":{"propertyName":"tooltip","key":"save"},"interaction":{"idSuffix":"BDI-content"}},"wdio_ui5_key":"etmportal.ui.manageconditionprice.view.DailyPricessap.m.Button{\"propertyName\":\"tooltip\",\"key\":\"save\"}"}]}
RESULT: undefined
COMMAND: POST /session/5209fcfd0cbd9c22cf680726c4028e3f/element - {"using":"xpath","value":"//*[@id=\"__button107\"]"}
RESULT: {}
RESULT: {"using":"xpath","value":"//*[@id=\"__button107\"]"}
COMMAND: POST /session/5209fcfd0cbd9c22cf680726c4028e3f/element/f.81B74C70C7FE6F01EFB4ED64870B6056.d.EA463EE27C25203538A95CA6E70063DC.e.5336/click - {}
RESULT: {}
COMMAND: GET /session/5209fcfd0cbd9c22cf680726c4028e3f/screenshot - {}
RESULT: {}
]]></system-out>
    </testcase>
    <testcase classname="chrome.136_0_7103_93.windows.Edit_and_delete_daily_price_US134629_US134627" name="Should check whether the 2 rows have been added then edit one of the rows s currency and value and save and check the edited values" time="13.314">
      <system-out><![CDATA[
COMMAND: POST /session/5209fcfd0cbd9c22cf680726c4028e3f/elements - {"using":"css selector","value":"table tr"}
RESULT: {"using":"css selector","value":"table tr"}
COMMAND: POST /session/5209fcfd0cbd9c22cf680726c4028e3f/element/f.81B74C70C7FE6F01EFB4ED64870B6056.d.EA463EE27C25203538A95CA6E70063DC.e.5572/elements - {"using":"css selector","value":"td"}
RESULT: {"using":"css selector","value":"td"}
COMMAND: POST /session/5209fcfd0cbd9c22cf680726c4028e3f/element/f.81B74C70C7FE6F01EFB4ED64870B6056.d.EA463EE27C25203538A95CA6E70063DC.e.5540/elements - {"using":"css selector","value":"td"}
RESULT: {"using":"css selector","value":"td"}
COMMAND: POST /session/5209fcfd0cbd9c22cf680726c4028e3f/element/f.81B74C70C7FE6F01EFB4ED64870B6056.d.EA463EE27C25203538A95CA6E70063DC.e.5604/element - {"using":"css selector","value":".sapMObjectNumberText"}
RESULT: {"using":"css selector","value":".sapMObjectNumberText"}
COMMAND: GET /session/5209fcfd0cbd9c22cf680726c4028e3f/element/f.81B74C70C7FE6F01EFB4ED64870B6056.d.EA463EE27C25203538A95CA6E70063DC.e.5606/text - {}
RESULT: {}
COMMAND: POST /session/5209fcfd0cbd9c22cf680726c4028e3f/element/f.81B74C70C7FE6F01EFB4ED64870B6056.d.EA463EE27C25203538A95CA6E70063DC.e.5605/element - {"using":"css selector","value":".sapMObjectNumberText"}
RESULT: {"using":"css selector","value":".sapMObjectNumberText"}
COMMAND: GET /session/5209fcfd0cbd9c22cf680726c4028e3f/element/f.81B74C70C7FE6F01EFB4ED64870B6056.d.EA463EE27C25203538A95CA6E70063DC.e.5607/text - {}
RESULT: {}
RESULT: undefined
COMMAND: POST /session/5209fcfd0cbd9c22cf680726c4028e3f/element - {"using":"xpath","value":"//*[@id=\"application-manageconditionprice-display-component---dailyPrices--editBtn\"]"}
RESULT: {"using":"xpath","value":"//*[@id=\"application-manageconditionprice-display-component---dailyPrices--editBtn\"]"}
COMMAND: POST /session/5209fcfd0cbd9c22cf680726c4028e3f/element/f.81B74C70C7FE6F01EFB4ED64870B6056.d.EA463EE27C25203538A95CA6E70063DC.e.5603/click - {}
RESULT: {}
COMMAND: POST /session/5209fcfd0cbd9c22cf680726c4028e3f/elements - {"using":"css selector","value":"table tr"}
COMMAND: GET /session/5209fcfd0cbd9c22cf680726c4028e3f/screenshot - {}
RESULT: {"using":"css selector","value":"table tr"}
COMMAND: POST /session/5209fcfd0cbd9c22cf680726c4028e3f/element/f.81B74C70C7FE6F01EFB4ED64870B6056.d.EA463EE27C25203538A95CA6E70063DC.e.5572/elements - {"using":"css selector","value":"input"}
RESULT: {}
RESULT: {"using":"css selector","value":"input"}
COMMAND: POST /session/5209fcfd0cbd9c22cf680726c4028e3f/element/f.81B74C70C7FE6F01EFB4ED64870B6056.d.EA463EE27C25203538A95CA6E70063DC.e.5622/clear - {}
COMMAND: POST /session/5209fcfd0cbd9c22cf680726c4028e3f/element/f.81B74C70C7FE6F01EFB4ED64870B6056.d.EA463EE27C25203538A95CA6E70063DC.e.5623/clear - {}
RESULT: {}
COMMAND: POST /session/5209fcfd0cbd9c22cf680726c4028e3f/element/f.81B74C70C7FE6F01EFB4ED64870B6056.d.EA463EE27C25203538A95CA6E70063DC.e.5622/value - {"text":"566.1"}
COMMAND: GET /session/5209fcfd0cbd9c22cf680726c4028e3f/screenshot - {}
RESULT: {}
COMMAND: POST /session/5209fcfd0cbd9c22cf680726c4028e3f/element/f.81B74C70C7FE6F01EFB4ED64870B6056.d.EA463EE27C25203538A95CA6E70063DC.e.5623/value - {"text":"US Dollar"}
COMMAND: GET /session/5209fcfd0cbd9c22cf680726c4028e3f/screenshot - {}
RESULT: {"text":"566.1"}
COMMAND: GET /session/5209fcfd0cbd9c22cf680726c4028e3f/screenshot - {}
RESULT: {}
RESULT: {"text":"US Dollar"}
COMMAND: GET /session/5209fcfd0cbd9c22cf680726c4028e3f/screenshot - {}
RESULT: undefined
COMMAND: POST /session/5209fcfd0cbd9c22cf680726c4028e3f/element - {"using":"xpath","value":"//*[@id=\"__button107\"]"}
RESULT: {}
RESULT: {}
RESULT: {}
RESULT: {"using":"xpath","value":"//*[@id=\"__button107\"]"}
COMMAND: POST /session/5209fcfd0cbd9c22cf680726c4028e3f/element/f.81B74C70C7FE6F01EFB4ED64870B6056.d.EA463EE27C25203538A95CA6E70063DC.e.5608/click - {}
RESULT: {}
COMMAND: GET /session/5209fcfd0cbd9c22cf680726c4028e3f/screenshot - {}
RESULT: {}
COMMAND: POST /session/5209fcfd0cbd9c22cf680726c4028e3f/elements - {"using":"css selector","value":"table tr"}
RESULT: {"using":"css selector","value":"table tr"}
COMMAND: POST /session/5209fcfd0cbd9c22cf680726c4028e3f/element/f.81B74C70C7FE6F01EFB4ED64870B6056.d.EA463EE27C25203538A95CA6E70063DC.e.5572/elements - {"using":"css selector","value":"td"}
RESULT: {"using":"css selector","value":"td"}
COMMAND: POST /session/5209fcfd0cbd9c22cf680726c4028e3f/element/f.81B74C70C7FE6F01EFB4ED64870B6056.d.EA463EE27C25203538A95CA6E70063DC.e.5627/element - {"using":"css selector","value":".sapMObjectNumberText"}
RESULT: {"using":"css selector","value":".sapMObjectNumberText"}
COMMAND: GET /session/5209fcfd0cbd9c22cf680726c4028e3f/element/f.81B74C70C7FE6F01EFB4ED64870B6056.d.EA463EE27C25203538A95CA6E70063DC.e.5629/text - {}
RESULT: {}
]]></system-out>
    </testcase>
    <testcase classname="chrome.136_0_7103_93.windows.Edit_and_delete_daily_price_US134629_US134627" name="Should go into edit and delete all the rows that match the yard we have created for this scenario check if all rows deleted" time="33.576">
      <system-out><![CDATA[
RESULT: undefined
COMMAND: POST /session/5209fcfd0cbd9c22cf680726c4028e3f/element - {"using":"xpath","value":"//*[@id=\"application-manageconditionprice-display-component---dailyPrices--editBtn\"]"}
RESULT: {"using":"xpath","value":"//*[@id=\"application-manageconditionprice-display-component---dailyPrices--editBtn\"]"}
COMMAND: POST /session/5209fcfd0cbd9c22cf680726c4028e3f/element/f.81B74C70C7FE6F01EFB4ED64870B6056.d.EA463EE27C25203538A95CA6E70063DC.e.5626/click - {}
RESULT: {}
COMMAND: GET /session/5209fcfd0cbd9c22cf680726c4028e3f/screenshot - {}
RESULT: {}
COMMAND: POST /session/5209fcfd0cbd9c22cf680726c4028e3f/elements - {"using":"css selector","value":"table tr"}
RESULT: {"using":"css selector","value":"table tr"}
COMMAND: POST /session/5209fcfd0cbd9c22cf680726c4028e3f/element/f.81B74C70C7FE6F01EFB4ED64870B6056.d.EA463EE27C25203538A95CA6E70063DC.e.5344/elements - {"using":"css selector","value":"td"}
RESULT: {"using":"css selector","value":"td"}
COMMAND: POST /session/5209fcfd0cbd9c22cf680726c4028e3f/element/f.81B74C70C7FE6F01EFB4ED64870B6056.d.EA463EE27C25203538A95CA6E70063DC.e.5345/elements - {"using":"css selector","value":"td"}
RESULT: {"using":"css selector","value":"td"}
COMMAND: POST /session/5209fcfd0cbd9c22cf680726c4028e3f/element/f.81B74C70C7FE6F01EFB4ED64870B6056.d.EA463EE27C25203538A95CA6E70063DC.e.5346/elements - {"using":"css selector","value":"td"}
RESULT: {"using":"css selector","value":"td"}
COMMAND: POST /session/5209fcfd0cbd9c22cf680726c4028e3f/element/f.81B74C70C7FE6F01EFB4ED64870B6056.d.EA463EE27C25203538A95CA6E70063DC.e.5289/elements - {"using":"css selector","value":"td"}
RESULT: {"using":"css selector","value":"td"}
COMMAND: POST /session/5209fcfd0cbd9c22cf680726c4028e3f/element/f.81B74C70C7FE6F01EFB4ED64870B6056.d.EA463EE27C25203538A95CA6E70063DC.e.5290/elements - {"using":"css selector","value":"td"}
RESULT: {"using":"css selector","value":"td"}
COMMAND: POST /session/5209fcfd0cbd9c22cf680726c4028e3f/element/f.81B74C70C7FE6F01EFB4ED64870B6056.d.EA463EE27C25203538A95CA6E70063DC.e.5301/elements - {"using":"css selector","value":"td"}
RESULT: {"using":"css selector","value":"td"}
COMMAND: POST /session/5209fcfd0cbd9c22cf680726c4028e3f/element/f.81B74C70C7FE6F01EFB4ED64870B6056.d.EA463EE27C25203538A95CA6E70063DC.e.5302/elements - {"using":"css selector","value":"td"}
RESULT: {"using":"css selector","value":"td"}
COMMAND: POST /session/5209fcfd0cbd9c22cf680726c4028e3f/element/f.81B74C70C7FE6F01EFB4ED64870B6056.d.EA463EE27C25203538A95CA6E70063DC.e.5313/elements - {"using":"css selector","value":"td"}
RESULT: {"using":"css selector","value":"td"}
COMMAND: POST /session/5209fcfd0cbd9c22cf680726c4028e3f/element/f.81B74C70C7FE6F01EFB4ED64870B6056.d.EA463EE27C25203538A95CA6E70063DC.e.5314/elements - {"using":"css selector","value":"td"}
RESULT: {"using":"css selector","value":"td"}
COMMAND: POST /session/5209fcfd0cbd9c22cf680726c4028e3f/element/f.81B74C70C7FE6F01EFB4ED64870B6056.d.EA463EE27C25203538A95CA6E70063DC.e.5318/elements - {"using":"css selector","value":"td"}
RESULT: {"using":"css selector","value":"td"}
COMMAND: POST /session/5209fcfd0cbd9c22cf680726c4028e3f/element/f.81B74C70C7FE6F01EFB4ED64870B6056.d.EA463EE27C25203538A95CA6E70063DC.e.5347/elements - {"using":"css selector","value":"td"}
RESULT: {"using":"css selector","value":"td"}
COMMAND: POST /session/5209fcfd0cbd9c22cf680726c4028e3f/element/f.81B74C70C7FE6F01EFB4ED64870B6056.d.EA463EE27C25203538A95CA6E70063DC.e.5348/elements - {"using":"css selector","value":"td"}
RESULT: {"using":"css selector","value":"td"}
COMMAND: POST /session/5209fcfd0cbd9c22cf680726c4028e3f/element/f.81B74C70C7FE6F01EFB4ED64870B6056.d.EA463EE27C25203538A95CA6E70063DC.e.5349/elements - {"using":"css selector","value":"td"}
RESULT: {"using":"css selector","value":"td"}
COMMAND: POST /session/5209fcfd0cbd9c22cf680726c4028e3f/element/f.81B74C70C7FE6F01EFB4ED64870B6056.d.EA463EE27C25203538A95CA6E70063DC.e.5350/elements - {"using":"css selector","value":"td"}
RESULT: {"using":"css selector","value":"td"}
COMMAND: POST /session/5209fcfd0cbd9c22cf680726c4028e3f/element/f.81B74C70C7FE6F01EFB4ED64870B6056.d.EA463EE27C25203538A95CA6E70063DC.e.5351/elements - {"using":"css selector","value":"td"}
RESULT: {"using":"css selector","value":"td"}
COMMAND: POST /session/5209fcfd0cbd9c22cf680726c4028e3f/element/f.81B74C70C7FE6F01EFB4ED64870B6056.d.EA463EE27C25203538A95CA6E70063DC.e.5352/elements - {"using":"css selector","value":"td"}
RESULT: {"using":"css selector","value":"td"}
COMMAND: POST /session/5209fcfd0cbd9c22cf680726c4028e3f/element/f.81B74C70C7FE6F01EFB4ED64870B6056.d.EA463EE27C25203538A95CA6E70063DC.e.5353/elements - {"using":"css selector","value":"td"}
RESULT: {"using":"css selector","value":"td"}
COMMAND: POST /session/5209fcfd0cbd9c22cf680726c4028e3f/element/f.81B74C70C7FE6F01EFB4ED64870B6056.d.EA463EE27C25203538A95CA6E70063DC.e.5354/elements - {"using":"css selector","value":"td"}
RESULT: {"using":"css selector","value":"td"}
COMMAND: POST /session/5209fcfd0cbd9c22cf680726c4028e3f/element/f.81B74C70C7FE6F01EFB4ED64870B6056.d.EA463EE27C25203538A95CA6E70063DC.e.5355/elements - {"using":"css selector","value":"td"}
RESULT: {"using":"css selector","value":"td"}
COMMAND: POST /session/5209fcfd0cbd9c22cf680726c4028e3f/element/f.81B74C70C7FE6F01EFB4ED64870B6056.d.EA463EE27C25203538A95CA6E70063DC.e.5356/elements - {"using":"css selector","value":"td"}
RESULT: {"using":"css selector","value":"td"}
COMMAND: POST /session/5209fcfd0cbd9c22cf680726c4028e3f/element/f.81B74C70C7FE6F01EFB4ED64870B6056.d.EA463EE27C25203538A95CA6E70063DC.e.5357/elements - {"using":"css selector","value":"td"}
RESULT: {"using":"css selector","value":"td"}
COMMAND: POST /session/5209fcfd0cbd9c22cf680726c4028e3f/element/f.81B74C70C7FE6F01EFB4ED64870B6056.d.EA463EE27C25203538A95CA6E70063DC.e.5358/elements - {"using":"css selector","value":"td"}
RESULT: {"using":"css selector","value":"td"}
COMMAND: POST /session/5209fcfd0cbd9c22cf680726c4028e3f/element/f.81B74C70C7FE6F01EFB4ED64870B6056.d.EA463EE27C25203538A95CA6E70063DC.e.5359/elements - {"using":"css selector","value":"td"}
RESULT: {"using":"css selector","value":"td"}
COMMAND: POST /session/5209fcfd0cbd9c22cf680726c4028e3f/element/f.81B74C70C7FE6F01EFB4ED64870B6056.d.EA463EE27C25203538A95CA6E70063DC.e.5360/elements - {"using":"css selector","value":"td"}
RESULT: {"using":"css selector","value":"td"}
COMMAND: POST /session/5209fcfd0cbd9c22cf680726c4028e3f/element/f.81B74C70C7FE6F01EFB4ED64870B6056.d.EA463EE27C25203538A95CA6E70063DC.e.5361/elements - {"using":"css selector","value":"td"}
RESULT: {"using":"css selector","value":"td"}
COMMAND: POST /session/5209fcfd0cbd9c22cf680726c4028e3f/element/f.81B74C70C7FE6F01EFB4ED64870B6056.d.EA463EE27C25203538A95CA6E70063DC.e.5362/elements - {"using":"css selector","value":"td"}
RESULT: {"using":"css selector","value":"td"}
COMMAND: POST /session/5209fcfd0cbd9c22cf680726c4028e3f/element/f.81B74C70C7FE6F01EFB4ED64870B6056.d.EA463EE27C25203538A95CA6E70063DC.e.5363/elements - {"using":"css selector","value":"td"}
RESULT: {"using":"css selector","value":"td"}
COMMAND: POST /session/5209fcfd0cbd9c22cf680726c4028e3f/element/f.81B74C70C7FE6F01EFB4ED64870B6056.d.EA463EE27C25203538A95CA6E70063DC.e.5364/elements - {"using":"css selector","value":"td"}
RESULT: {"using":"css selector","value":"td"}
COMMAND: POST /session/5209fcfd0cbd9c22cf680726c4028e3f/element/f.81B74C70C7FE6F01EFB4ED64870B6056.d.EA463EE27C25203538A95CA6E70063DC.e.5365/elements - {"using":"css selector","value":"td"}
RESULT: {"using":"css selector","value":"td"}
COMMAND: POST /session/5209fcfd0cbd9c22cf680726c4028e3f/element/f.81B74C70C7FE6F01EFB4ED64870B6056.d.EA463EE27C25203538A95CA6E70063DC.e.5366/elements - {"using":"css selector","value":"td"}
RESULT: {"using":"css selector","value":"td"}
COMMAND: POST /session/5209fcfd0cbd9c22cf680726c4028e3f/element/f.81B74C70C7FE6F01EFB4ED64870B6056.d.EA463EE27C25203538A95CA6E70063DC.e.5367/elements - {"using":"css selector","value":"td"}
RESULT: {"using":"css selector","value":"td"}
COMMAND: POST /session/5209fcfd0cbd9c22cf680726c4028e3f/element/f.81B74C70C7FE6F01EFB4ED64870B6056.d.EA463EE27C25203538A95CA6E70063DC.e.5368/elements - {"using":"css selector","value":"td"}
RESULT: {"using":"css selector","value":"td"}
COMMAND: POST /session/5209fcfd0cbd9c22cf680726c4028e3f/element/f.81B74C70C7FE6F01EFB4ED64870B6056.d.EA463EE27C25203538A95CA6E70063DC.e.5369/elements - {"using":"css selector","value":"td"}
RESULT: {"using":"css selector","value":"td"}
COMMAND: POST /session/5209fcfd0cbd9c22cf680726c4028e3f/element/f.81B74C70C7FE6F01EFB4ED64870B6056.d.EA463EE27C25203538A95CA6E70063DC.e.5370/elements - {"using":"css selector","value":"td"}
RESULT: {"using":"css selector","value":"td"}
COMMAND: POST /session/5209fcfd0cbd9c22cf680726c4028e3f/element/f.81B74C70C7FE6F01EFB4ED64870B6056.d.EA463EE27C25203538A95CA6E70063DC.e.5371/elements - {"using":"css selector","value":"td"}
RESULT: {"using":"css selector","value":"td"}
COMMAND: POST /session/5209fcfd0cbd9c22cf680726c4028e3f/element/f.81B74C70C7FE6F01EFB4ED64870B6056.d.EA463EE27C25203538A95CA6E70063DC.e.5372/elements - {"using":"css selector","value":"td"}
RESULT: {"using":"css selector","value":"td"}
COMMAND: POST /session/5209fcfd0cbd9c22cf680726c4028e3f/element/f.81B74C70C7FE6F01EFB4ED64870B6056.d.EA463EE27C25203538A95CA6E70063DC.e.5373/elements - {"using":"css selector","value":"td"}
RESULT: {"using":"css selector","value":"td"}
COMMAND: POST /session/5209fcfd0cbd9c22cf680726c4028e3f/element/f.81B74C70C7FE6F01EFB4ED64870B6056.d.EA463EE27C25203538A95CA6E70063DC.e.5374/elements - {"using":"css selector","value":"td"}
RESULT: {"using":"css selector","value":"td"}
COMMAND: POST /session/5209fcfd0cbd9c22cf680726c4028e3f/element/f.81B74C70C7FE6F01EFB4ED64870B6056.d.EA463EE27C25203538A95CA6E70063DC.e.5375/elements - {"using":"css selector","value":"td"}
RESULT: {"using":"css selector","value":"td"}
COMMAND: POST /session/5209fcfd0cbd9c22cf680726c4028e3f/element/f.81B74C70C7FE6F01EFB4ED64870B6056.d.EA463EE27C25203538A95CA6E70063DC.e.5376/elements - {"using":"css selector","value":"td"}
RESULT: {"using":"css selector","value":"td"}
COMMAND: POST /session/5209fcfd0cbd9c22cf680726c4028e3f/element/f.81B74C70C7FE6F01EFB4ED64870B6056.d.EA463EE27C25203538A95CA6E70063DC.e.5377/elements - {"using":"css selector","value":"td"}
RESULT: {"using":"css selector","value":"td"}
COMMAND: POST /session/5209fcfd0cbd9c22cf680726c4028e3f/element/f.81B74C70C7FE6F01EFB4ED64870B6056.d.EA463EE27C25203538A95CA6E70063DC.e.5378/elements - {"using":"css selector","value":"td"}
RESULT: {"using":"css selector","value":"td"}
COMMAND: POST /session/5209fcfd0cbd9c22cf680726c4028e3f/element/f.81B74C70C7FE6F01EFB4ED64870B6056.d.EA463EE27C25203538A95CA6E70063DC.e.5379/elements - {"using":"css selector","value":"td"}
RESULT: {"using":"css selector","value":"td"}
COMMAND: POST /session/5209fcfd0cbd9c22cf680726c4028e3f/element/f.81B74C70C7FE6F01EFB4ED64870B6056.d.EA463EE27C25203538A95CA6E70063DC.e.5380/elements - {"using":"css selector","value":"td"}
RESULT: {"using":"css selector","value":"td"}
COMMAND: POST /session/5209fcfd0cbd9c22cf680726c4028e3f/element/f.81B74C70C7FE6F01EFB4ED64870B6056.d.EA463EE27C25203538A95CA6E70063DC.e.5381/elements - {"using":"css selector","value":"td"}
RESULT: {"using":"css selector","value":"td"}
COMMAND: POST /session/5209fcfd0cbd9c22cf680726c4028e3f/element/f.81B74C70C7FE6F01EFB4ED64870B6056.d.EA463EE27C25203538A95CA6E70063DC.e.5382/elements - {"using":"css selector","value":"td"}
RESULT: {"using":"css selector","value":"td"}
COMMAND: POST /session/5209fcfd0cbd9c22cf680726c4028e3f/element/f.81B74C70C7FE6F01EFB4ED64870B6056.d.EA463EE27C25203538A95CA6E70063DC.e.5383/elements - {"using":"css selector","value":"td"}
RESULT: {"using":"css selector","value":"td"}
COMMAND: POST /session/5209fcfd0cbd9c22cf680726c4028e3f/element/f.81B74C70C7FE6F01EFB4ED64870B6056.d.EA463EE27C25203538A95CA6E70063DC.e.5384/elements - {"using":"css selector","value":"td"}
RESULT: {"using":"css selector","value":"td"}
COMMAND: POST /session/5209fcfd0cbd9c22cf680726c4028e3f/element/f.81B74C70C7FE6F01EFB4ED64870B6056.d.EA463EE27C25203538A95CA6E70063DC.e.5385/elements - {"using":"css selector","value":"td"}
RESULT: {"using":"css selector","value":"td"}
COMMAND: POST /session/5209fcfd0cbd9c22cf680726c4028e3f/element/f.81B74C70C7FE6F01EFB4ED64870B6056.d.EA463EE27C25203538A95CA6E70063DC.e.5386/elements - {"using":"css selector","value":"td"}
RESULT: {"using":"css selector","value":"td"}
COMMAND: POST /session/5209fcfd0cbd9c22cf680726c4028e3f/element/f.81B74C70C7FE6F01EFB4ED64870B6056.d.EA463EE27C25203538A95CA6E70063DC.e.5387/elements - {"using":"css selector","value":"td"}
RESULT: {"using":"css selector","value":"td"}
COMMAND: POST /session/5209fcfd0cbd9c22cf680726c4028e3f/element/f.81B74C70C7FE6F01EFB4ED64870B6056.d.EA463EE27C25203538A95CA6E70063DC.e.5388/elements - {"using":"css selector","value":"td"}
RESULT: {"using":"css selector","value":"td"}
COMMAND: POST /session/5209fcfd0cbd9c22cf680726c4028e3f/element/f.81B74C70C7FE6F01EFB4ED64870B6056.d.EA463EE27C25203538A95CA6E70063DC.e.5389/elements - {"using":"css selector","value":"td"}
RESULT: {"using":"css selector","value":"td"}
COMMAND: POST /session/5209fcfd0cbd9c22cf680726c4028e3f/element/f.81B74C70C7FE6F01EFB4ED64870B6056.d.EA463EE27C25203538A95CA6E70063DC.e.5390/elements - {"using":"css selector","value":"td"}
RESULT: {"using":"css selector","value":"td"}
COMMAND: POST /session/5209fcfd0cbd9c22cf680726c4028e3f/element/f.81B74C70C7FE6F01EFB4ED64870B6056.d.EA463EE27C25203538A95CA6E70063DC.e.5391/elements - {"using":"css selector","value":"td"}
RESULT: {"using":"css selector","value":"td"}
COMMAND: POST /session/5209fcfd0cbd9c22cf680726c4028e3f/element/f.81B74C70C7FE6F01EFB4ED64870B6056.d.EA463EE27C25203538A95CA6E70063DC.e.5392/elements - {"using":"css selector","value":"td"}
RESULT: {"using":"css selector","value":"td"}
COMMAND: POST /session/5209fcfd0cbd9c22cf680726c4028e3f/element/f.81B74C70C7FE6F01EFB4ED64870B6056.d.EA463EE27C25203538A95CA6E70063DC.e.5393/elements - {"using":"css selector","value":"td"}
RESULT: {"using":"css selector","value":"td"}
COMMAND: POST /session/5209fcfd0cbd9c22cf680726c4028e3f/element/f.81B74C70C7FE6F01EFB4ED64870B6056.d.EA463EE27C25203538A95CA6E70063DC.e.5394/elements - {"using":"css selector","value":"td"}
RESULT: {"using":"css selector","value":"td"}
COMMAND: POST /session/5209fcfd0cbd9c22cf680726c4028e3f/element/f.81B74C70C7FE6F01EFB4ED64870B6056.d.EA463EE27C25203538A95CA6E70063DC.e.5395/elements - {"using":"css selector","value":"td"}
RESULT: {"using":"css selector","value":"td"}
COMMAND: POST /session/5209fcfd0cbd9c22cf680726c4028e3f/element/f.81B74C70C7FE6F01EFB4ED64870B6056.d.EA463EE27C25203538A95CA6E70063DC.e.5396/elements - {"using":"css selector","value":"td"}
RESULT: {"using":"css selector","value":"td"}
COMMAND: POST /session/5209fcfd0cbd9c22cf680726c4028e3f/element/f.81B74C70C7FE6F01EFB4ED64870B6056.d.EA463EE27C25203538A95CA6E70063DC.e.5397/elements - {"using":"css selector","value":"td"}
RESULT: {"using":"css selector","value":"td"}
COMMAND: POST /session/5209fcfd0cbd9c22cf680726c4028e3f/element/f.81B74C70C7FE6F01EFB4ED64870B6056.d.EA463EE27C25203538A95CA6E70063DC.e.5398/elements - {"using":"css selector","value":"td"}
RESULT: {"using":"css selector","value":"td"}
COMMAND: POST /session/5209fcfd0cbd9c22cf680726c4028e3f/element/f.81B74C70C7FE6F01EFB4ED64870B6056.d.EA463EE27C25203538A95CA6E70063DC.e.5399/elements - {"using":"css selector","value":"td"}
RESULT: {"using":"css selector","value":"td"}
COMMAND: POST /session/5209fcfd0cbd9c22cf680726c4028e3f/element/f.81B74C70C7FE6F01EFB4ED64870B6056.d.EA463EE27C25203538A95CA6E70063DC.e.5400/elements - {"using":"css selector","value":"td"}
RESULT: {"using":"css selector","value":"td"}
COMMAND: POST /session/5209fcfd0cbd9c22cf680726c4028e3f/element/f.81B74C70C7FE6F01EFB4ED64870B6056.d.EA463EE27C25203538A95CA6E70063DC.e.5401/elements - {"using":"css selector","value":"td"}
RESULT: {"using":"css selector","value":"td"}
COMMAND: POST /session/5209fcfd0cbd9c22cf680726c4028e3f/element/f.81B74C70C7FE6F01EFB4ED64870B6056.d.EA463EE27C25203538A95CA6E70063DC.e.5402/elements - {"using":"css selector","value":"td"}
RESULT: {"using":"css selector","value":"td"}
COMMAND: POST /session/5209fcfd0cbd9c22cf680726c4028e3f/element/f.81B74C70C7FE6F01EFB4ED64870B6056.d.EA463EE27C25203538A95CA6E70063DC.e.5403/elements - {"using":"css selector","value":"td"}
RESULT: {"using":"css selector","value":"td"}
COMMAND: POST /session/5209fcfd0cbd9c22cf680726c4028e3f/element/f.81B74C70C7FE6F01EFB4ED64870B6056.d.EA463EE27C25203538A95CA6E70063DC.e.5404/elements - {"using":"css selector","value":"td"}
RESULT: {"using":"css selector","value":"td"}
COMMAND: POST /session/5209fcfd0cbd9c22cf680726c4028e3f/element/f.81B74C70C7FE6F01EFB4ED64870B6056.d.EA463EE27C25203538A95CA6E70063DC.e.5405/elements - {"using":"css selector","value":"td"}
RESULT: {"using":"css selector","value":"td"}
COMMAND: POST /session/5209fcfd0cbd9c22cf680726c4028e3f/element/f.81B74C70C7FE6F01EFB4ED64870B6056.d.EA463EE27C25203538A95CA6E70063DC.e.5406/elements - {"using":"css selector","value":"td"}
RESULT: {"using":"css selector","value":"td"}
COMMAND: POST /session/5209fcfd0cbd9c22cf680726c4028e3f/element/f.81B74C70C7FE6F01EFB4ED64870B6056.d.EA463EE27C25203538A95CA6E70063DC.e.5407/elements - {"using":"css selector","value":"td"}
RESULT: {"using":"css selector","value":"td"}
COMMAND: POST /session/5209fcfd0cbd9c22cf680726c4028e3f/element/f.81B74C70C7FE6F01EFB4ED64870B6056.d.EA463EE27C25203538A95CA6E70063DC.e.5408/elements - {"using":"css selector","value":"td"}
RESULT: {"using":"css selector","value":"td"}
COMMAND: POST /session/5209fcfd0cbd9c22cf680726c4028e3f/element/f.81B74C70C7FE6F01EFB4ED64870B6056.d.EA463EE27C25203538A95CA6E70063DC.e.5409/elements - {"using":"css selector","value":"td"}
RESULT: {"using":"css selector","value":"td"}
COMMAND: POST /session/5209fcfd0cbd9c22cf680726c4028e3f/element/f.81B74C70C7FE6F01EFB4ED64870B6056.d.EA463EE27C25203538A95CA6E70063DC.e.5410/elements - {"using":"css selector","value":"td"}
RESULT: {"using":"css selector","value":"td"}
COMMAND: POST /session/5209fcfd0cbd9c22cf680726c4028e3f/element/f.81B74C70C7FE6F01EFB4ED64870B6056.d.EA463EE27C25203538A95CA6E70063DC.e.5411/elements - {"using":"css selector","value":"td"}
RESULT: {"using":"css selector","value":"td"}
COMMAND: POST /session/5209fcfd0cbd9c22cf680726c4028e3f/element/f.81B74C70C7FE6F01EFB4ED64870B6056.d.EA463EE27C25203538A95CA6E70063DC.e.5412/elements - {"using":"css selector","value":"td"}
RESULT: {"using":"css selector","value":"td"}
COMMAND: POST /session/5209fcfd0cbd9c22cf680726c4028e3f/element/f.81B74C70C7FE6F01EFB4ED64870B6056.d.EA463EE27C25203538A95CA6E70063DC.e.5413/elements - {"using":"css selector","value":"td"}
RESULT: {"using":"css selector","value":"td"}
COMMAND: POST /session/5209fcfd0cbd9c22cf680726c4028e3f/element/f.81B74C70C7FE6F01EFB4ED64870B6056.d.EA463EE27C25203538A95CA6E70063DC.e.5414/elements - {"using":"css selector","value":"td"}
RESULT: {"using":"css selector","value":"td"}
COMMAND: POST /session/5209fcfd0cbd9c22cf680726c4028e3f/element/f.81B74C70C7FE6F01EFB4ED64870B6056.d.EA463EE27C25203538A95CA6E70063DC.e.5415/elements - {"using":"css selector","value":"td"}
RESULT: {"using":"css selector","value":"td"}
COMMAND: POST /session/5209fcfd0cbd9c22cf680726c4028e3f/element/f.81B74C70C7FE6F01EFB4ED64870B6056.d.EA463EE27C25203538A95CA6E70063DC.e.5416/elements - {"using":"css selector","value":"td"}
RESULT: {"using":"css selector","value":"td"}
COMMAND: POST /session/5209fcfd0cbd9c22cf680726c4028e3f/element/f.81B74C70C7FE6F01EFB4ED64870B6056.d.EA463EE27C25203538A95CA6E70063DC.e.5417/elements - {"using":"css selector","value":"td"}
RESULT: {"using":"css selector","value":"td"}
COMMAND: POST /session/5209fcfd0cbd9c22cf680726c4028e3f/element/f.81B74C70C7FE6F01EFB4ED64870B6056.d.EA463EE27C25203538A95CA6E70063DC.e.5418/elements - {"using":"css selector","value":"td"}
RESULT: {"using":"css selector","value":"td"}
COMMAND: POST /session/5209fcfd0cbd9c22cf680726c4028e3f/element/f.81B74C70C7FE6F01EFB4ED64870B6056.d.EA463EE27C25203538A95CA6E70063DC.e.5419/elements - {"using":"css selector","value":"td"}
RESULT: {"using":"css selector","value":"td"}
COMMAND: POST /session/5209fcfd0cbd9c22cf680726c4028e3f/element/f.81B74C70C7FE6F01EFB4ED64870B6056.d.EA463EE27C25203538A95CA6E70063DC.e.5420/elements - {"using":"css selector","value":"td"}
RESULT: {"using":"css selector","value":"td"}
COMMAND: POST /session/5209fcfd0cbd9c22cf680726c4028e3f/element/f.81B74C70C7FE6F01EFB4ED64870B6056.d.EA463EE27C25203538A95CA6E70063DC.e.5421/elements - {"using":"css selector","value":"td"}
RESULT: {"using":"css selector","value":"td"}
COMMAND: POST /session/5209fcfd0cbd9c22cf680726c4028e3f/element/f.81B74C70C7FE6F01EFB4ED64870B6056.d.EA463EE27C25203538A95CA6E70063DC.e.5422/elements - {"using":"css selector","value":"td"}
RESULT: {"using":"css selector","value":"td"}
COMMAND: POST /session/5209fcfd0cbd9c22cf680726c4028e3f/element/f.81B74C70C7FE6F01EFB4ED64870B6056.d.EA463EE27C25203538A95CA6E70063DC.e.5423/elements - {"using":"css selector","value":"td"}
RESULT: {"using":"css selector","value":"td"}
COMMAND: POST /session/5209fcfd0cbd9c22cf680726c4028e3f/element/f.81B74C70C7FE6F01EFB4ED64870B6056.d.EA463EE27C25203538A95CA6E70063DC.e.5424/elements - {"using":"css selector","value":"td"}
RESULT: {"using":"css selector","value":"td"}
COMMAND: POST /session/5209fcfd0cbd9c22cf680726c4028e3f/element/f.81B74C70C7FE6F01EFB4ED64870B6056.d.EA463EE27C25203538A95CA6E70063DC.e.5425/elements - {"using":"css selector","value":"td"}
RESULT: {"using":"css selector","value":"td"}
COMMAND: POST /session/5209fcfd0cbd9c22cf680726c4028e3f/element/f.81B74C70C7FE6F01EFB4ED64870B6056.d.EA463EE27C25203538A95CA6E70063DC.e.5426/elements - {"using":"css selector","value":"td"}
RESULT: {"using":"css selector","value":"td"}
COMMAND: POST /session/5209fcfd0cbd9c22cf680726c4028e3f/element/f.81B74C70C7FE6F01EFB4ED64870B6056.d.EA463EE27C25203538A95CA6E70063DC.e.5427/elements - {"using":"css selector","value":"td"}
RESULT: {"using":"css selector","value":"td"}
COMMAND: POST /session/5209fcfd0cbd9c22cf680726c4028e3f/element/f.81B74C70C7FE6F01EFB4ED64870B6056.d.EA463EE27C25203538A95CA6E70063DC.e.5428/elements - {"using":"css selector","value":"td"}
RESULT: {"using":"css selector","value":"td"}
COMMAND: POST /session/5209fcfd0cbd9c22cf680726c4028e3f/element/f.81B74C70C7FE6F01EFB4ED64870B6056.d.EA463EE27C25203538A95CA6E70063DC.e.5429/elements - {"using":"css selector","value":"td"}
RESULT: {"using":"css selector","value":"td"}
COMMAND: POST /session/5209fcfd0cbd9c22cf680726c4028e3f/element/f.81B74C70C7FE6F01EFB4ED64870B6056.d.EA463EE27C25203538A95CA6E70063DC.e.5430/elements - {"using":"css selector","value":"td"}
RESULT: {"using":"css selector","value":"td"}
COMMAND: POST /session/5209fcfd0cbd9c22cf680726c4028e3f/element/f.81B74C70C7FE6F01EFB4ED64870B6056.d.EA463EE27C25203538A95CA6E70063DC.e.5431/elements - {"using":"css selector","value":"td"}
RESULT: {"using":"css selector","value":"td"}
COMMAND: POST /session/5209fcfd0cbd9c22cf680726c4028e3f/element/f.81B74C70C7FE6F01EFB4ED64870B6056.d.EA463EE27C25203538A95CA6E70063DC.e.5432/elements - {"using":"css selector","value":"td"}
RESULT: {"using":"css selector","value":"td"}
COMMAND: POST /session/5209fcfd0cbd9c22cf680726c4028e3f/element/f.81B74C70C7FE6F01EFB4ED64870B6056.d.EA463EE27C25203538A95CA6E70063DC.e.5433/elements - {"using":"css selector","value":"td"}
RESULT: {"using":"css selector","value":"td"}
COMMAND: POST /session/5209fcfd0cbd9c22cf680726c4028e3f/element/f.81B74C70C7FE6F01EFB4ED64870B6056.d.EA463EE27C25203538A95CA6E70063DC.e.5434/elements - {"using":"css selector","value":"td"}
RESULT: {"using":"css selector","value":"td"}
COMMAND: POST /session/5209fcfd0cbd9c22cf680726c4028e3f/element/f.81B74C70C7FE6F01EFB4ED64870B6056.d.EA463EE27C25203538A95CA6E70063DC.e.5435/elements - {"using":"css selector","value":"td"}
RESULT: {"using":"css selector","value":"td"}
COMMAND: POST /session/5209fcfd0cbd9c22cf680726c4028e3f/element/f.81B74C70C7FE6F01EFB4ED64870B6056.d.EA463EE27C25203538A95CA6E70063DC.e.5436/elements - {"using":"css selector","value":"td"}
RESULT: {"using":"css selector","value":"td"}
COMMAND: POST /session/5209fcfd0cbd9c22cf680726c4028e3f/element/f.81B74C70C7FE6F01EFB4ED64870B6056.d.EA463EE27C25203538A95CA6E70063DC.e.5437/elements - {"using":"css selector","value":"td"}
RESULT: {"using":"css selector","value":"td"}
COMMAND: POST /session/5209fcfd0cbd9c22cf680726c4028e3f/element/f.81B74C70C7FE6F01EFB4ED64870B6056.d.EA463EE27C25203538A95CA6E70063DC.e.5438/elements - {"using":"css selector","value":"td"}
RESULT: {"using":"css selector","value":"td"}
COMMAND: POST /session/5209fcfd0cbd9c22cf680726c4028e3f/element/f.81B74C70C7FE6F01EFB4ED64870B6056.d.EA463EE27C25203538A95CA6E70063DC.e.5439/elements - {"using":"css selector","value":"td"}
RESULT: {"using":"css selector","value":"td"}
COMMAND: POST /session/5209fcfd0cbd9c22cf680726c4028e3f/element/f.81B74C70C7FE6F01EFB4ED64870B6056.d.EA463EE27C25203538A95CA6E70063DC.e.5440/elements - {"using":"css selector","value":"td"}
RESULT: {"using":"css selector","value":"td"}
COMMAND: POST /session/5209fcfd0cbd9c22cf680726c4028e3f/element/f.81B74C70C7FE6F01EFB4ED64870B6056.d.EA463EE27C25203538A95CA6E70063DC.e.5441/elements - {"using":"css selector","value":"td"}
RESULT: {"using":"css selector","value":"td"}
COMMAND: POST /session/5209fcfd0cbd9c22cf680726c4028e3f/element/f.81B74C70C7FE6F01EFB4ED64870B6056.d.EA463EE27C25203538A95CA6E70063DC.e.5442/elements - {"using":"css selector","value":"td"}
RESULT: {"using":"css selector","value":"td"}
COMMAND: POST /session/5209fcfd0cbd9c22cf680726c4028e3f/element/f.81B74C70C7FE6F01EFB4ED64870B6056.d.EA463EE27C25203538A95CA6E70063DC.e.5443/elements - {"using":"css selector","value":"td"}
RESULT: {"using":"css selector","value":"td"}
COMMAND: POST /session/5209fcfd0cbd9c22cf680726c4028e3f/element/f.81B74C70C7FE6F01EFB4ED64870B6056.d.EA463EE27C25203538A95CA6E70063DC.e.5444/elements - {"using":"css selector","value":"td"}
RESULT: {"using":"css selector","value":"td"}
COMMAND: POST /session/5209fcfd0cbd9c22cf680726c4028e3f/element/f.81B74C70C7FE6F01EFB4ED64870B6056.d.EA463EE27C25203538A95CA6E70063DC.e.5445/elements - {"using":"css selector","value":"td"}
RESULT: {"using":"css selector","value":"td"}
COMMAND: POST /session/5209fcfd0cbd9c22cf680726c4028e3f/element/f.81B74C70C7FE6F01EFB4ED64870B6056.d.EA463EE27C25203538A95CA6E70063DC.e.5446/elements - {"using":"css selector","value":"td"}
RESULT: {"using":"css selector","value":"td"}
COMMAND: POST /session/5209fcfd0cbd9c22cf680726c4028e3f/element/f.81B74C70C7FE6F01EFB4ED64870B6056.d.EA463EE27C25203538A95CA6E70063DC.e.5447/elements - {"using":"css selector","value":"td"}
RESULT: {"using":"css selector","value":"td"}
COMMAND: POST /session/5209fcfd0cbd9c22cf680726c4028e3f/element/f.81B74C70C7FE6F01EFB4ED64870B6056.d.EA463EE27C25203538A95CA6E70063DC.e.5448/elements - {"using":"css selector","value":"td"}
RESULT: {"using":"css selector","value":"td"}
COMMAND: POST /session/5209fcfd0cbd9c22cf680726c4028e3f/element/f.81B74C70C7FE6F01EFB4ED64870B6056.d.EA463EE27C25203538A95CA6E70063DC.e.5449/elements - {"using":"css selector","value":"td"}
RESULT: {"using":"css selector","value":"td"}
COMMAND: POST /session/5209fcfd0cbd9c22cf680726c4028e3f/element/f.81B74C70C7FE6F01EFB4ED64870B6056.d.EA463EE27C25203538A95CA6E70063DC.e.5450/elements - {"using":"css selector","value":"td"}
RESULT: {"using":"css selector","value":"td"}
COMMAND: POST /session/5209fcfd0cbd9c22cf680726c4028e3f/element/f.81B74C70C7FE6F01EFB4ED64870B6056.d.EA463EE27C25203538A95CA6E70063DC.e.5451/elements - {"using":"css selector","value":"td"}
RESULT: {"using":"css selector","value":"td"}
COMMAND: POST /session/5209fcfd0cbd9c22cf680726c4028e3f/element/f.81B74C70C7FE6F01EFB4ED64870B6056.d.EA463EE27C25203538A95CA6E70063DC.e.5452/elements - {"using":"css selector","value":"td"}
RESULT: {"using":"css selector","value":"td"}
COMMAND: POST /session/5209fcfd0cbd9c22cf680726c4028e3f/element/f.81B74C70C7FE6F01EFB4ED64870B6056.d.EA463EE27C25203538A95CA6E70063DC.e.5453/elements - {"using":"css selector","value":"td"}
RESULT: {"using":"css selector","value":"td"}
COMMAND: POST /session/5209fcfd0cbd9c22cf680726c4028e3f/element/f.81B74C70C7FE6F01EFB4ED64870B6056.d.EA463EE27C25203538A95CA6E70063DC.e.5454/elements - {"using":"css selector","value":"td"}
RESULT: {"using":"css selector","value":"td"}
COMMAND: POST /session/5209fcfd0cbd9c22cf680726c4028e3f/element/f.81B74C70C7FE6F01EFB4ED64870B6056.d.EA463EE27C25203538A95CA6E70063DC.e.5455/elements - {"using":"css selector","value":"td"}
RESULT: {"using":"css selector","value":"td"}
COMMAND: POST /session/5209fcfd0cbd9c22cf680726c4028e3f/element/f.81B74C70C7FE6F01EFB4ED64870B6056.d.EA463EE27C25203538A95CA6E70063DC.e.5456/elements - {"using":"css selector","value":"td"}
RESULT: {"using":"css selector","value":"td"}
COMMAND: POST /session/5209fcfd0cbd9c22cf680726c4028e3f/element/f.81B74C70C7FE6F01EFB4ED64870B6056.d.EA463EE27C25203538A95CA6E70063DC.e.5457/elements - {"using":"css selector","value":"td"}
RESULT: {"using":"css selector","value":"td"}
COMMAND: POST /session/5209fcfd0cbd9c22cf680726c4028e3f/element/f.81B74C70C7FE6F01EFB4ED64870B6056.d.EA463EE27C25203538A95CA6E70063DC.e.5458/elements - {"using":"css selector","value":"td"}
RESULT: {"using":"css selector","value":"td"}
COMMAND: POST /session/5209fcfd0cbd9c22cf680726c4028e3f/element/f.81B74C70C7FE6F01EFB4ED64870B6056.d.EA463EE27C25203538A95CA6E70063DC.e.5459/elements - {"using":"css selector","value":"td"}
RESULT: {"using":"css selector","value":"td"}
COMMAND: POST /session/5209fcfd0cbd9c22cf680726c4028e3f/element/f.81B74C70C7FE6F01EFB4ED64870B6056.d.EA463EE27C25203538A95CA6E70063DC.e.5460/elements - {"using":"css selector","value":"td"}
RESULT: {"using":"css selector","value":"td"}
COMMAND: POST /session/5209fcfd0cbd9c22cf680726c4028e3f/element/f.81B74C70C7FE6F01EFB4ED64870B6056.d.EA463EE27C25203538A95CA6E70063DC.e.5461/elements - {"using":"css selector","value":"td"}
RESULT: {"using":"css selector","value":"td"}
COMMAND: POST /session/5209fcfd0cbd9c22cf680726c4028e3f/element/f.81B74C70C7FE6F01EFB4ED64870B6056.d.EA463EE27C25203538A95CA6E70063DC.e.5462/elements - {"using":"css selector","value":"td"}
RESULT: {"using":"css selector","value":"td"}
COMMAND: POST /session/5209fcfd0cbd9c22cf680726c4028e3f/element/f.81B74C70C7FE6F01EFB4ED64870B6056.d.EA463EE27C25203538A95CA6E70063DC.e.5463/elements - {"using":"css selector","value":"td"}
RESULT: {"using":"css selector","value":"td"}
COMMAND: POST /session/5209fcfd0cbd9c22cf680726c4028e3f/element/f.81B74C70C7FE6F01EFB4ED64870B6056.d.EA463EE27C25203538A95CA6E70063DC.e.5464/elements - {"using":"css selector","value":"td"}
RESULT: {"using":"css selector","value":"td"}
COMMAND: POST /session/5209fcfd0cbd9c22cf680726c4028e3f/element/f.81B74C70C7FE6F01EFB4ED64870B6056.d.EA463EE27C25203538A95CA6E70063DC.e.5465/elements - {"using":"css selector","value":"td"}
RESULT: {"using":"css selector","value":"td"}
COMMAND: POST /session/5209fcfd0cbd9c22cf680726c4028e3f/element/f.81B74C70C7FE6F01EFB4ED64870B6056.d.EA463EE27C25203538A95CA6E70063DC.e.5466/elements - {"using":"css selector","value":"td"}
RESULT: {"using":"css selector","value":"td"}
COMMAND: POST /session/5209fcfd0cbd9c22cf680726c4028e3f/element/f.81B74C70C7FE6F01EFB4ED64870B6056.d.EA463EE27C25203538A95CA6E70063DC.e.5467/elements - {"using":"css selector","value":"td"}
RESULT: {"using":"css selector","value":"td"}
COMMAND: POST /session/5209fcfd0cbd9c22cf680726c4028e3f/element/f.81B74C70C7FE6F01EFB4ED64870B6056.d.EA463EE27C25203538A95CA6E70063DC.e.5468/elements - {"using":"css selector","value":"td"}
RESULT: {"using":"css selector","value":"td"}
COMMAND: POST /session/5209fcfd0cbd9c22cf680726c4028e3f/element/f.81B74C70C7FE6F01EFB4ED64870B6056.d.EA463EE27C25203538A95CA6E70063DC.e.5469/elements - {"using":"css selector","value":"td"}
RESULT: {"using":"css selector","value":"td"}
COMMAND: POST /session/5209fcfd0cbd9c22cf680726c4028e3f/element/f.81B74C70C7FE6F01EFB4ED64870B6056.d.EA463EE27C25203538A95CA6E70063DC.e.5470/elements - {"using":"css selector","value":"td"}
RESULT: {"using":"css selector","value":"td"}
COMMAND: POST /session/5209fcfd0cbd9c22cf680726c4028e3f/element/f.81B74C70C7FE6F01EFB4ED64870B6056.d.EA463EE27C25203538A95CA6E70063DC.e.5471/elements - {"using":"css selector","value":"td"}
RESULT: {"using":"css selector","value":"td"}
COMMAND: POST /session/5209fcfd0cbd9c22cf680726c4028e3f/element/f.81B74C70C7FE6F01EFB4ED64870B6056.d.EA463EE27C25203538A95CA6E70063DC.e.5472/elements - {"using":"css selector","value":"td"}
RESULT: {"using":"css selector","value":"td"}
COMMAND: POST /session/5209fcfd0cbd9c22cf680726c4028e3f/element/f.81B74C70C7FE6F01EFB4ED64870B6056.d.EA463EE27C25203538A95CA6E70063DC.e.5473/elements - {"using":"css selector","value":"td"}
RESULT: {"using":"css selector","value":"td"}
COMMAND: POST /session/5209fcfd0cbd9c22cf680726c4028e3f/element/f.81B74C70C7FE6F01EFB4ED64870B6056.d.EA463EE27C25203538A95CA6E70063DC.e.5474/elements - {"using":"css selector","value":"td"}
RESULT: {"using":"css selector","value":"td"}
COMMAND: POST /session/5209fcfd0cbd9c22cf680726c4028e3f/element/f.81B74C70C7FE6F01EFB4ED64870B6056.d.EA463EE27C25203538A95CA6E70063DC.e.5475/elements - {"using":"css selector","value":"td"}
RESULT: {"using":"css selector","value":"td"}
COMMAND: POST /session/5209fcfd0cbd9c22cf680726c4028e3f/element/f.81B74C70C7FE6F01EFB4ED64870B6056.d.EA463EE27C25203538A95CA6E70063DC.e.5476/elements - {"using":"css selector","value":"td"}
RESULT: {"using":"css selector","value":"td"}
COMMAND: POST /session/5209fcfd0cbd9c22cf680726c4028e3f/element/f.81B74C70C7FE6F01EFB4ED64870B6056.d.EA463EE27C25203538A95CA6E70063DC.e.5477/elements - {"using":"css selector","value":"td"}
RESULT: {"using":"css selector","value":"td"}
COMMAND: POST /session/5209fcfd0cbd9c22cf680726c4028e3f/element/f.81B74C70C7FE6F01EFB4ED64870B6056.d.EA463EE27C25203538A95CA6E70063DC.e.5478/elements - {"using":"css selector","value":"td"}
RESULT: {"using":"css selector","value":"td"}
COMMAND: POST /session/5209fcfd0cbd9c22cf680726c4028e3f/element/f.81B74C70C7FE6F01EFB4ED64870B6056.d.EA463EE27C25203538A95CA6E70063DC.e.5479/elements - {"using":"css selector","value":"td"}
RESULT: {"using":"css selector","value":"td"}
COMMAND: POST /session/5209fcfd0cbd9c22cf680726c4028e3f/element/f.81B74C70C7FE6F01EFB4ED64870B6056.d.EA463EE27C25203538A95CA6E70063DC.e.5480/elements - {"using":"css selector","value":"td"}
RESULT: {"using":"css selector","value":"td"}
COMMAND: POST /session/5209fcfd0cbd9c22cf680726c4028e3f/element/f.81B74C70C7FE6F01EFB4ED64870B6056.d.EA463EE27C25203538A95CA6E70063DC.e.5481/elements - {"using":"css selector","value":"td"}
RESULT: {"using":"css selector","value":"td"}
COMMAND: POST /session/5209fcfd0cbd9c22cf680726c4028e3f/element/f.81B74C70C7FE6F01EFB4ED64870B6056.d.EA463EE27C25203538A95CA6E70063DC.e.5482/elements - {"using":"css selector","value":"td"}
RESULT: {"using":"css selector","value":"td"}
COMMAND: POST /session/5209fcfd0cbd9c22cf680726c4028e3f/element/f.81B74C70C7FE6F01EFB4ED64870B6056.d.EA463EE27C25203538A95CA6E70063DC.e.5483/elements - {"using":"css selector","value":"td"}
RESULT: {"using":"css selector","value":"td"}
COMMAND: POST /session/5209fcfd0cbd9c22cf680726c4028e3f/element/f.81B74C70C7FE6F01EFB4ED64870B6056.d.EA463EE27C25203538A95CA6E70063DC.e.5484/elements - {"using":"css selector","value":"td"}
RESULT: {"using":"css selector","value":"td"}
COMMAND: POST /session/5209fcfd0cbd9c22cf680726c4028e3f/element/f.81B74C70C7FE6F01EFB4ED64870B6056.d.EA463EE27C25203538A95CA6E70063DC.e.5485/elements - {"using":"css selector","value":"td"}
RESULT: {"using":"css selector","value":"td"}
COMMAND: POST /session/5209fcfd0cbd9c22cf680726c4028e3f/element/f.81B74C70C7FE6F01EFB4ED64870B6056.d.EA463EE27C25203538A95CA6E70063DC.e.5486/elements - {"using":"css selector","value":"td"}
RESULT: {"using":"css selector","value":"td"}
COMMAND: POST /session/5209fcfd0cbd9c22cf680726c4028e3f/element/f.81B74C70C7FE6F01EFB4ED64870B6056.d.EA463EE27C25203538A95CA6E70063DC.e.5487/elements - {"using":"css selector","value":"td"}
RESULT: {"using":"css selector","value":"td"}
COMMAND: POST /session/5209fcfd0cbd9c22cf680726c4028e3f/element/f.81B74C70C7FE6F01EFB4ED64870B6056.d.EA463EE27C25203538A95CA6E70063DC.e.5488/elements - {"using":"css selector","value":"td"}
RESULT: {"using":"css selector","value":"td"}
COMMAND: POST /session/5209fcfd0cbd9c22cf680726c4028e3f/element/f.81B74C70C7FE6F01EFB4ED64870B6056.d.EA463EE27C25203538A95CA6E70063DC.e.5489/elements - {"using":"css selector","value":"td"}
RESULT: {"using":"css selector","value":"td"}
COMMAND: POST /session/5209fcfd0cbd9c22cf680726c4028e3f/element/f.81B74C70C7FE6F01EFB4ED64870B6056.d.EA463EE27C25203538A95CA6E70063DC.e.5490/elements - {"using":"css selector","value":"td"}
RESULT: {"using":"css selector","value":"td"}
COMMAND: POST /session/5209fcfd0cbd9c22cf680726c4028e3f/element/f.81B74C70C7FE6F01EFB4ED64870B6056.d.EA463EE27C25203538A95CA6E70063DC.e.5491/elements - {"using":"css selector","value":"td"}
RESULT: {"using":"css selector","value":"td"}
COMMAND: POST /session/5209fcfd0cbd9c22cf680726c4028e3f/element/f.81B74C70C7FE6F01EFB4ED64870B6056.d.EA463EE27C25203538A95CA6E70063DC.e.5492/elements - {"using":"css selector","value":"td"}
RESULT: {"using":"css selector","value":"td"}
COMMAND: POST /session/5209fcfd0cbd9c22cf680726c4028e3f/element/f.81B74C70C7FE6F01EFB4ED64870B6056.d.EA463EE27C25203538A95CA6E70063DC.e.5493/elements - {"using":"css selector","value":"td"}
RESULT: {"using":"css selector","value":"td"}
COMMAND: POST /session/5209fcfd0cbd9c22cf680726c4028e3f/element/f.81B74C70C7FE6F01EFB4ED64870B6056.d.EA463EE27C25203538A95CA6E70063DC.e.5494/elements - {"using":"css selector","value":"td"}
RESULT: {"using":"css selector","value":"td"}
COMMAND: POST /session/5209fcfd0cbd9c22cf680726c4028e3f/element/f.81B74C70C7FE6F01EFB4ED64870B6056.d.EA463EE27C25203538A95CA6E70063DC.e.5495/elements - {"using":"css selector","value":"td"}
RESULT: {"using":"css selector","value":"td"}
COMMAND: POST /session/5209fcfd0cbd9c22cf680726c4028e3f/element/f.81B74C70C7FE6F01EFB4ED64870B6056.d.EA463EE27C25203538A95CA6E70063DC.e.5496/elements - {"using":"css selector","value":"td"}
RESULT: {"using":"css selector","value":"td"}
COMMAND: POST /session/5209fcfd0cbd9c22cf680726c4028e3f/element/f.81B74C70C7FE6F01EFB4ED64870B6056.d.EA463EE27C25203538A95CA6E70063DC.e.5497/elements - {"using":"css selector","value":"td"}
RESULT: {"using":"css selector","value":"td"}
COMMAND: POST /session/5209fcfd0cbd9c22cf680726c4028e3f/element/f.81B74C70C7FE6F01EFB4ED64870B6056.d.EA463EE27C25203538A95CA6E70063DC.e.5498/elements - {"using":"css selector","value":"td"}
RESULT: {"using":"css selector","value":"td"}
COMMAND: POST /session/5209fcfd0cbd9c22cf680726c4028e3f/element/f.81B74C70C7FE6F01EFB4ED64870B6056.d.EA463EE27C25203538A95CA6E70063DC.e.5499/elements - {"using":"css selector","value":"td"}
RESULT: {"using":"css selector","value":"td"}
COMMAND: POST /session/5209fcfd0cbd9c22cf680726c4028e3f/element/f.81B74C70C7FE6F01EFB4ED64870B6056.d.EA463EE27C25203538A95CA6E70063DC.e.5500/elements - {"using":"css selector","value":"td"}
RESULT: {"using":"css selector","value":"td"}
COMMAND: POST /session/5209fcfd0cbd9c22cf680726c4028e3f/element/f.81B74C70C7FE6F01EFB4ED64870B6056.d.EA463EE27C25203538A95CA6E70063DC.e.5501/elements - {"using":"css selector","value":"td"}
RESULT: {"using":"css selector","value":"td"}
COMMAND: POST /session/5209fcfd0cbd9c22cf680726c4028e3f/element/f.81B74C70C7FE6F01EFB4ED64870B6056.d.EA463EE27C25203538A95CA6E70063DC.e.5502/elements - {"using":"css selector","value":"td"}
RESULT: {"using":"css selector","value":"td"}
COMMAND: POST /session/5209fcfd0cbd9c22cf680726c4028e3f/element/f.81B74C70C7FE6F01EFB4ED64870B6056.d.EA463EE27C25203538A95CA6E70063DC.e.5503/elements - {"using":"css selector","value":"td"}
RESULT: {"using":"css selector","value":"td"}
COMMAND: POST /session/5209fcfd0cbd9c22cf680726c4028e3f/element/f.81B74C70C7FE6F01EFB4ED64870B6056.d.EA463EE27C25203538A95CA6E70063DC.e.5504/elements - {"using":"css selector","value":"td"}
RESULT: {"using":"css selector","value":"td"}
COMMAND: POST /session/5209fcfd0cbd9c22cf680726c4028e3f/element/f.81B74C70C7FE6F01EFB4ED64870B6056.d.EA463EE27C25203538A95CA6E70063DC.e.5505/elements - {"using":"css selector","value":"td"}
RESULT: {"using":"css selector","value":"td"}
COMMAND: POST /session/5209fcfd0cbd9c22cf680726c4028e3f/element/f.81B74C70C7FE6F01EFB4ED64870B6056.d.EA463EE27C25203538A95CA6E70063DC.e.5506/elements - {"using":"css selector","value":"td"}
RESULT: {"using":"css selector","value":"td"}
COMMAND: POST /session/5209fcfd0cbd9c22cf680726c4028e3f/element/f.81B74C70C7FE6F01EFB4ED64870B6056.d.EA463EE27C25203538A95CA6E70063DC.e.5507/elements - {"using":"css selector","value":"td"}
RESULT: {"using":"css selector","value":"td"}
COMMAND: POST /session/5209fcfd0cbd9c22cf680726c4028e3f/element/f.81B74C70C7FE6F01EFB4ED64870B6056.d.EA463EE27C25203538A95CA6E70063DC.e.5508/elements - {"using":"css selector","value":"td"}
RESULT: {"using":"css selector","value":"td"}
COMMAND: POST /session/5209fcfd0cbd9c22cf680726c4028e3f/element/f.81B74C70C7FE6F01EFB4ED64870B6056.d.EA463EE27C25203538A95CA6E70063DC.e.5509/elements - {"using":"css selector","value":"td"}
RESULT: {"using":"css selector","value":"td"}
COMMAND: POST /session/5209fcfd0cbd9c22cf680726c4028e3f/element/f.81B74C70C7FE6F01EFB4ED64870B6056.d.EA463EE27C25203538A95CA6E70063DC.e.5510/elements - {"using":"css selector","value":"td"}
RESULT: {"using":"css selector","value":"td"}
COMMAND: POST /session/5209fcfd0cbd9c22cf680726c4028e3f/element/f.81B74C70C7FE6F01EFB4ED64870B6056.d.EA463EE27C25203538A95CA6E70063DC.e.5511/elements - {"using":"css selector","value":"td"}
RESULT: {"using":"css selector","value":"td"}
COMMAND: POST /session/5209fcfd0cbd9c22cf680726c4028e3f/element/f.81B74C70C7FE6F01EFB4ED64870B6056.d.EA463EE27C25203538A95CA6E70063DC.e.5512/elements - {"using":"css selector","value":"td"}
RESULT: {"using":"css selector","value":"td"}
COMMAND: POST /session/5209fcfd0cbd9c22cf680726c4028e3f/element/f.81B74C70C7FE6F01EFB4ED64870B6056.d.EA463EE27C25203538A95CA6E70063DC.e.5513/elements - {"using":"css selector","value":"td"}
RESULT: {"using":"css selector","value":"td"}
COMMAND: POST /session/5209fcfd0cbd9c22cf680726c4028e3f/element/f.81B74C70C7FE6F01EFB4ED64870B6056.d.EA463EE27C25203538A95CA6E70063DC.e.5514/elements - {"using":"css selector","value":"td"}
RESULT: {"using":"css selector","value":"td"}
COMMAND: POST /session/5209fcfd0cbd9c22cf680726c4028e3f/element/f.81B74C70C7FE6F01EFB4ED64870B6056.d.EA463EE27C25203538A95CA6E70063DC.e.5515/elements - {"using":"css selector","value":"td"}
RESULT: {"using":"css selector","value":"td"}
COMMAND: POST /session/5209fcfd0cbd9c22cf680726c4028e3f/element/f.81B74C70C7FE6F01EFB4ED64870B6056.d.EA463EE27C25203538A95CA6E70063DC.e.5516/elements - {"using":"css selector","value":"td"}
RESULT: {"using":"css selector","value":"td"}
COMMAND: POST /session/5209fcfd0cbd9c22cf680726c4028e3f/element/f.81B74C70C7FE6F01EFB4ED64870B6056.d.EA463EE27C25203538A95CA6E70063DC.e.5517/elements - {"using":"css selector","value":"td"}
RESULT: {"using":"css selector","value":"td"}
COMMAND: POST /session/5209fcfd0cbd9c22cf680726c4028e3f/element/f.81B74C70C7FE6F01EFB4ED64870B6056.d.EA463EE27C25203538A95CA6E70063DC.e.5518/elements - {"using":"css selector","value":"td"}
RESULT: {"using":"css selector","value":"td"}
COMMAND: POST /session/5209fcfd0cbd9c22cf680726c4028e3f/element/f.81B74C70C7FE6F01EFB4ED64870B6056.d.EA463EE27C25203538A95CA6E70063DC.e.5519/elements - {"using":"css selector","value":"td"}
RESULT: {"using":"css selector","value":"td"}
COMMAND: POST /session/5209fcfd0cbd9c22cf680726c4028e3f/element/f.81B74C70C7FE6F01EFB4ED64870B6056.d.EA463EE27C25203538A95CA6E70063DC.e.5520/elements - {"using":"css selector","value":"td"}
RESULT: {"using":"css selector","value":"td"}
COMMAND: POST /session/5209fcfd0cbd9c22cf680726c4028e3f/element/f.81B74C70C7FE6F01EFB4ED64870B6056.d.EA463EE27C25203538A95CA6E70063DC.e.5521/elements - {"using":"css selector","value":"td"}
RESULT: {"using":"css selector","value":"td"}
COMMAND: POST /session/5209fcfd0cbd9c22cf680726c4028e3f/element/f.81B74C70C7FE6F01EFB4ED64870B6056.d.EA463EE27C25203538A95CA6E70063DC.e.5522/elements - {"using":"css selector","value":"td"}
RESULT: {"using":"css selector","value":"td"}
COMMAND: POST /session/5209fcfd0cbd9c22cf680726c4028e3f/element/f.81B74C70C7FE6F01EFB4ED64870B6056.d.EA463EE27C25203538A95CA6E70063DC.e.5523/elements - {"using":"css selector","value":"td"}
RESULT: {"using":"css selector","value":"td"}
COMMAND: POST /session/5209fcfd0cbd9c22cf680726c4028e3f/element/f.81B74C70C7FE6F01EFB4ED64870B6056.d.EA463EE27C25203538A95CA6E70063DC.e.5524/elements - {"using":"css selector","value":"td"}
RESULT: {"using":"css selector","value":"td"}
COMMAND: POST /session/5209fcfd0cbd9c22cf680726c4028e3f/element/f.81B74C70C7FE6F01EFB4ED64870B6056.d.EA463EE27C25203538A95CA6E70063DC.e.5525/elements - {"using":"css selector","value":"td"}
RESULT: {"using":"css selector","value":"td"}
COMMAND: POST /session/5209fcfd0cbd9c22cf680726c4028e3f/element/f.81B74C70C7FE6F01EFB4ED64870B6056.d.EA463EE27C25203538A95CA6E70063DC.e.5526/elements - {"using":"css selector","value":"td"}
RESULT: {"using":"css selector","value":"td"}
COMMAND: POST /session/5209fcfd0cbd9c22cf680726c4028e3f/element/f.81B74C70C7FE6F01EFB4ED64870B6056.d.EA463EE27C25203538A95CA6E70063DC.e.5527/elements - {"using":"css selector","value":"td"}
RESULT: {"using":"css selector","value":"td"}
COMMAND: POST /session/5209fcfd0cbd9c22cf680726c4028e3f/element/f.81B74C70C7FE6F01EFB4ED64870B6056.d.EA463EE27C25203538A95CA6E70063DC.e.5528/elements - {"using":"css selector","value":"td"}
RESULT: {"using":"css selector","value":"td"}
COMMAND: POST /session/5209fcfd0cbd9c22cf680726c4028e3f/element/f.81B74C70C7FE6F01EFB4ED64870B6056.d.EA463EE27C25203538A95CA6E70063DC.e.5529/elements - {"using":"css selector","value":"td"}
RESULT: {"using":"css selector","value":"td"}
COMMAND: POST /session/5209fcfd0cbd9c22cf680726c4028e3f/element/f.81B74C70C7FE6F01EFB4ED64870B6056.d.EA463EE27C25203538A95CA6E70063DC.e.5530/elements - {"using":"css selector","value":"td"}
RESULT: {"using":"css selector","value":"td"}
COMMAND: POST /session/5209fcfd0cbd9c22cf680726c4028e3f/element/f.81B74C70C7FE6F01EFB4ED64870B6056.d.EA463EE27C25203538A95CA6E70063DC.e.5531/elements - {"using":"css selector","value":"td"}
RESULT: {"using":"css selector","value":"td"}
COMMAND: POST /session/5209fcfd0cbd9c22cf680726c4028e3f/element/f.81B74C70C7FE6F01EFB4ED64870B6056.d.EA463EE27C25203538A95CA6E70063DC.e.5532/elements - {"using":"css selector","value":"td"}
RESULT: {"using":"css selector","value":"td"}
COMMAND: POST /session/5209fcfd0cbd9c22cf680726c4028e3f/element/f.81B74C70C7FE6F01EFB4ED64870B6056.d.EA463EE27C25203538A95CA6E70063DC.e.5533/elements - {"using":"css selector","value":"td"}
RESULT: {"using":"css selector","value":"td"}
COMMAND: POST /session/5209fcfd0cbd9c22cf680726c4028e3f/element/f.81B74C70C7FE6F01EFB4ED64870B6056.d.EA463EE27C25203538A95CA6E70063DC.e.5534/elements - {"using":"css selector","value":"td"}
RESULT: {"using":"css selector","value":"td"}
COMMAND: POST /session/5209fcfd0cbd9c22cf680726c4028e3f/element/f.81B74C70C7FE6F01EFB4ED64870B6056.d.EA463EE27C25203538A95CA6E70063DC.e.5535/elements - {"using":"css selector","value":"td"}
RESULT: {"using":"css selector","value":"td"}
COMMAND: POST /session/5209fcfd0cbd9c22cf680726c4028e3f/element/f.81B74C70C7FE6F01EFB4ED64870B6056.d.EA463EE27C25203538A95CA6E70063DC.e.5536/elements - {"using":"css selector","value":"td"}
RESULT: {"using":"css selector","value":"td"}
COMMAND: POST /session/5209fcfd0cbd9c22cf680726c4028e3f/element/f.81B74C70C7FE6F01EFB4ED64870B6056.d.EA463EE27C25203538A95CA6E70063DC.e.5537/elements - {"using":"css selector","value":"td"}
RESULT: {"using":"css selector","value":"td"}
COMMAND: POST /session/5209fcfd0cbd9c22cf680726c4028e3f/element/f.81B74C70C7FE6F01EFB4ED64870B6056.d.EA463EE27C25203538A95CA6E70063DC.e.5538/elements - {"using":"css selector","value":"td"}
RESULT: {"using":"css selector","value":"td"}
COMMAND: POST /session/5209fcfd0cbd9c22cf680726c4028e3f/element/f.81B74C70C7FE6F01EFB4ED64870B6056.d.EA463EE27C25203538A95CA6E70063DC.e.5539/elements - {"using":"css selector","value":"td"}
RESULT: {"using":"css selector","value":"td"}
COMMAND: POST /session/5209fcfd0cbd9c22cf680726c4028e3f/element/f.81B74C70C7FE6F01EFB4ED64870B6056.d.EA463EE27C25203538A95CA6E70063DC.e.5540/elements - {"using":"css selector","value":"td"}
RESULT: {"using":"css selector","value":"td"}
COMMAND: POST /session/5209fcfd0cbd9c22cf680726c4028e3f/element/f.81B74C70C7FE6F01EFB4ED64870B6056.d.EA463EE27C25203538A95CA6E70063DC.e.5562/element - {"using":"css selector","value":"input"}
RESULT: {"using":"css selector","value":"input"}
COMMAND: GET /session/5209fcfd0cbd9c22cf680726c4028e3f/element/f.81B74C70C7FE6F01EFB4ED64870B6056.d.EA463EE27C25203538A95CA6E70063DC.e.5545/property/value - {}
RESULT: {}
COMMAND: POST /session/5209fcfd0cbd9c22cf680726c4028e3f/element/f.81B74C70C7FE6F01EFB4ED64870B6056.d.EA463EE27C25203538A95CA6E70063DC.e.5540/element - {"using":"css selector","value":".sapMCbBg"}
COMMAND: GET /session/5209fcfd0cbd9c22cf680726c4028e3f/screenshot - {}
RESULT: {"using":"css selector","value":".sapMCbBg"}
COMMAND: GET /session/5209fcfd0cbd9c22cf680726c4028e3f/element/f.81B74C70C7FE6F01EFB4ED64870B6056.d.EA463EE27C25203538A95CA6E70063DC.e.6630/selected - {}
RESULT: {}
RESULT: {}
COMMAND: POST /session/5209fcfd0cbd9c22cf680726c4028e3f/element/f.81B74C70C7FE6F01EFB4ED64870B6056.d.EA463EE27C25203538A95CA6E70063DC.e.6630/click - {}
COMMAND: GET /session/5209fcfd0cbd9c22cf680726c4028e3f/screenshot - {}
RESULT: {}
COMMAND: POST /session/5209fcfd0cbd9c22cf680726c4028e3f/element/f.81B74C70C7FE6F01EFB4ED64870B6056.d.EA463EE27C25203538A95CA6E70063DC.e.5572/elements - {"using":"css selector","value":"td"}
COMMAND: GET /session/5209fcfd0cbd9c22cf680726c4028e3f/screenshot - {}
RESULT: {}
RESULT: {"using":"css selector","value":"td"}
COMMAND: POST /session/5209fcfd0cbd9c22cf680726c4028e3f/element/f.81B74C70C7FE6F01EFB4ED64870B6056.d.EA463EE27C25203538A95CA6E70063DC.e.5594/element - {"using":"css selector","value":"input"}
RESULT: {}
RESULT: {"using":"css selector","value":"input"}
COMMAND: GET /session/5209fcfd0cbd9c22cf680726c4028e3f/element/f.81B74C70C7FE6F01EFB4ED64870B6056.d.EA463EE27C25203538A95CA6E70063DC.e.5577/property/value - {}
RESULT: {}
COMMAND: POST /session/5209fcfd0cbd9c22cf680726c4028e3f/element/f.81B74C70C7FE6F01EFB4ED64870B6056.d.EA463EE27C25203538A95CA6E70063DC.e.5572/element - {"using":"css selector","value":".sapMCbBg"}
COMMAND: GET /session/5209fcfd0cbd9c22cf680726c4028e3f/screenshot - {}
RESULT: {"using":"css selector","value":".sapMCbBg"}
COMMAND: GET /session/5209fcfd0cbd9c22cf680726c4028e3f/element/f.81B74C70C7FE6F01EFB4ED64870B6056.d.EA463EE27C25203538A95CA6E70063DC.e.6634/selected - {}
RESULT: {}
RESULT: {}
COMMAND: POST /session/5209fcfd0cbd9c22cf680726c4028e3f/element/f.81B74C70C7FE6F01EFB4ED64870B6056.d.EA463EE27C25203538A95CA6E70063DC.e.6634/click - {}
COMMAND: GET /session/5209fcfd0cbd9c22cf680726c4028e3f/screenshot - {}
RESULT: {}
COMMAND: GET /session/5209fcfd0cbd9c22cf680726c4028e3f/screenshot - {}
RESULT: {}
RESULT: {}
COMMAND: POST /session/5209fcfd0cbd9c22cf680726c4028e3f/execute/async - {"script":"<script> [1562 bytes]","args":[{"selector":{"id":"application-manageconditionprice-display-component---dailyPrices--deleteBtn","interaction":{"idSuffix":"content"}},"wdio_ui5_key":"applicationmanageconditionprice-display-component---dailyPrices--deleteBtn"}]}
RESULT: {"script":"<script> [1562 bytes]","args":[{"selector":{"id":"application-manageconditionprice-display-component---dailyPrices--deleteBtn","interaction":{"idSuffix":"content"}},"wdio_ui5_key":"applicationmanageconditionprice-display-component---dailyPrices--deleteBtn"}]}
RESULT: undefined
COMMAND: POST /session/5209fcfd0cbd9c22cf680726c4028e3f/element - {"using":"xpath","value":"//*[@id=\"application-manageconditionprice-display-component---dailyPrices--deleteBtn\"]"}
RESULT: {"using":"xpath","value":"//*[@id=\"application-manageconditionprice-display-component---dailyPrices--deleteBtn\"]"}
COMMAND: POST /session/5209fcfd0cbd9c22cf680726c4028e3f/element/f.81B74C70C7FE6F01EFB4ED64870B6056.d.EA463EE27C25203538A95CA6E70063DC.e.6636/click - {}
RESULT: {}
COMMAND: POST /session/5209fcfd0cbd9c22cf680726c4028e3f/execute/async - {"script":"<script> [1562 bytes]","args":[{"selector":{"controlType":"sap.m.Button","properties":{"text":"OK"},"searchOpenDialogs":true,"interaction":{"idSuffix":"BDI-content"}},"wdio_ui5_key":"sapm.Button{\"text\":\"OK\"}"}]}
COMMAND: GET /session/5209fcfd0cbd9c22cf680726c4028e3f/screenshot - {}
RESULT: {"script":"<script> [1562 bytes]","args":[{"selector":{"controlType":"sap.m.Button","properties":{"text":"OK"},"searchOpenDialogs":true,"interaction":{"idSuffix":"BDI-content"}},"wdio_ui5_key":"sapm.Button{\"text\":\"OK\"}"}]}
RESULT: undefined
COMMAND: POST /session/5209fcfd0cbd9c22cf680726c4028e3f/element - {"using":"xpath","value":"//*[@id=\"__mbox-btn-0\"]"}
RESULT: {}
RESULT: {"using":"xpath","value":"//*[@id=\"__mbox-btn-0\"]"}
COMMAND: POST /session/5209fcfd0cbd9c22cf680726c4028e3f/element/f.81B74C70C7FE6F01EFB4ED64870B6056.d.EA463EE27C25203538A95CA6E70063DC.e.6637/click - {}
RESULT: {}
COMMAND: GET /session/5209fcfd0cbd9c22cf680726c4028e3f/screenshot - {}
RESULT: {}
RESULT: undefined
COMMAND: POST /session/5209fcfd0cbd9c22cf680726c4028e3f/element - {"using":"xpath","value":"//*[@id=\"__button107\"]"}
RESULT: {"using":"xpath","value":"//*[@id=\"__button107\"]"}
COMMAND: POST /session/5209fcfd0cbd9c22cf680726c4028e3f/element/f.81B74C70C7FE6F01EFB4ED64870B6056.d.EA463EE27C25203538A95CA6E70063DC.e.5630/click - {}
RESULT: {}
COMMAND: GET /session/5209fcfd0cbd9c22cf680726c4028e3f/screenshot - {}
RESULT: {}
COMMAND: POST /session/5209fcfd0cbd9c22cf680726c4028e3f/elements - {"using":"css selector","value":"table tr"}
RESULT: {"using":"css selector","value":"table tr"}
COMMAND: POST /session/5209fcfd0cbd9c22cf680726c4028e3f/element/f.81B74C70C7FE6F01EFB4ED64870B6056.d.EA463EE27C25203538A95CA6E70063DC.e.5344/elements - {"using":"css selector","value":"td"}
RESULT: {"using":"css selector","value":"td"}
COMMAND: POST /session/5209fcfd0cbd9c22cf680726c4028e3f/element/f.81B74C70C7FE6F01EFB4ED64870B6056.d.EA463EE27C25203538A95CA6E70063DC.e.5345/elements - {"using":"css selector","value":"td"}
RESULT: {"using":"css selector","value":"td"}
COMMAND: POST /session/5209fcfd0cbd9c22cf680726c4028e3f/element/f.81B74C70C7FE6F01EFB4ED64870B6056.d.EA463EE27C25203538A95CA6E70063DC.e.5346/elements - {"using":"css selector","value":"td"}
RESULT: {"using":"css selector","value":"td"}
COMMAND: POST /session/5209fcfd0cbd9c22cf680726c4028e3f/element/f.81B74C70C7FE6F01EFB4ED64870B6056.d.EA463EE27C25203538A95CA6E70063DC.e.5289/elements - {"using":"css selector","value":"td"}
RESULT: {"using":"css selector","value":"td"}
COMMAND: POST /session/5209fcfd0cbd9c22cf680726c4028e3f/element/f.81B74C70C7FE6F01EFB4ED64870B6056.d.EA463EE27C25203538A95CA6E70063DC.e.5290/elements - {"using":"css selector","value":"td"}
RESULT: {"using":"css selector","value":"td"}
COMMAND: POST /session/5209fcfd0cbd9c22cf680726c4028e3f/element/f.81B74C70C7FE6F01EFB4ED64870B6056.d.EA463EE27C25203538A95CA6E70063DC.e.5301/elements - {"using":"css selector","value":"td"}
RESULT: {"using":"css selector","value":"td"}
COMMAND: POST /session/5209fcfd0cbd9c22cf680726c4028e3f/element/f.81B74C70C7FE6F01EFB4ED64870B6056.d.EA463EE27C25203538A95CA6E70063DC.e.5302/elements - {"using":"css selector","value":"td"}
RESULT: {"using":"css selector","value":"td"}
COMMAND: POST /session/5209fcfd0cbd9c22cf680726c4028e3f/element/f.81B74C70C7FE6F01EFB4ED64870B6056.d.EA463EE27C25203538A95CA6E70063DC.e.5313/elements - {"using":"css selector","value":"td"}
RESULT: {"using":"css selector","value":"td"}
COMMAND: POST /session/5209fcfd0cbd9c22cf680726c4028e3f/element/f.81B74C70C7FE6F01EFB4ED64870B6056.d.EA463EE27C25203538A95CA6E70063DC.e.5314/elements - {"using":"css selector","value":"td"}
RESULT: {"using":"css selector","value":"td"}
COMMAND: POST /session/5209fcfd0cbd9c22cf680726c4028e3f/element/f.81B74C70C7FE6F01EFB4ED64870B6056.d.EA463EE27C25203538A95CA6E70063DC.e.5318/elements - {"using":"css selector","value":"td"}
RESULT: {"using":"css selector","value":"td"}
COMMAND: POST /session/5209fcfd0cbd9c22cf680726c4028e3f/element/f.81B74C70C7FE6F01EFB4ED64870B6056.d.EA463EE27C25203538A95CA6E70063DC.e.5347/elements - {"using":"css selector","value":"td"}
RESULT: {"using":"css selector","value":"td"}
COMMAND: POST /session/5209fcfd0cbd9c22cf680726c4028e3f/element/f.81B74C70C7FE6F01EFB4ED64870B6056.d.EA463EE27C25203538A95CA6E70063DC.e.5348/elements - {"using":"css selector","value":"td"}
RESULT: {"using":"css selector","value":"td"}
COMMAND: POST /session/5209fcfd0cbd9c22cf680726c4028e3f/element/f.81B74C70C7FE6F01EFB4ED64870B6056.d.EA463EE27C25203538A95CA6E70063DC.e.5349/elements - {"using":"css selector","value":"td"}
RESULT: {"using":"css selector","value":"td"}
COMMAND: POST /session/5209fcfd0cbd9c22cf680726c4028e3f/element/f.81B74C70C7FE6F01EFB4ED64870B6056.d.EA463EE27C25203538A95CA6E70063DC.e.5350/elements - {"using":"css selector","value":"td"}
RESULT: {"using":"css selector","value":"td"}
COMMAND: POST /session/5209fcfd0cbd9c22cf680726c4028e3f/element/f.81B74C70C7FE6F01EFB4ED64870B6056.d.EA463EE27C25203538A95CA6E70063DC.e.5351/elements - {"using":"css selector","value":"td"}
RESULT: {"using":"css selector","value":"td"}
COMMAND: POST /session/5209fcfd0cbd9c22cf680726c4028e3f/element/f.81B74C70C7FE6F01EFB4ED64870B6056.d.EA463EE27C25203538A95CA6E70063DC.e.5352/elements - {"using":"css selector","value":"td"}
RESULT: {"using":"css selector","value":"td"}
COMMAND: POST /session/5209fcfd0cbd9c22cf680726c4028e3f/element/f.81B74C70C7FE6F01EFB4ED64870B6056.d.EA463EE27C25203538A95CA6E70063DC.e.5353/elements - {"using":"css selector","value":"td"}
RESULT: {"using":"css selector","value":"td"}
COMMAND: POST /session/5209fcfd0cbd9c22cf680726c4028e3f/element/f.81B74C70C7FE6F01EFB4ED64870B6056.d.EA463EE27C25203538A95CA6E70063DC.e.5354/elements - {"using":"css selector","value":"td"}
RESULT: {"using":"css selector","value":"td"}
COMMAND: POST /session/5209fcfd0cbd9c22cf680726c4028e3f/element/f.81B74C70C7FE6F01EFB4ED64870B6056.d.EA463EE27C25203538A95CA6E70063DC.e.5355/elements - {"using":"css selector","value":"td"}
RESULT: {"using":"css selector","value":"td"}
COMMAND: POST /session/5209fcfd0cbd9c22cf680726c4028e3f/element/f.81B74C70C7FE6F01EFB4ED64870B6056.d.EA463EE27C25203538A95CA6E70063DC.e.5356/elements - {"using":"css selector","value":"td"}
RESULT: {"using":"css selector","value":"td"}
COMMAND: POST /session/5209fcfd0cbd9c22cf680726c4028e3f/element/f.81B74C70C7FE6F01EFB4ED64870B6056.d.EA463EE27C25203538A95CA6E70063DC.e.5357/elements - {"using":"css selector","value":"td"}
RESULT: {"using":"css selector","value":"td"}
COMMAND: POST /session/5209fcfd0cbd9c22cf680726c4028e3f/element/f.81B74C70C7FE6F01EFB4ED64870B6056.d.EA463EE27C25203538A95CA6E70063DC.e.5358/elements - {"using":"css selector","value":"td"}
RESULT: {"using":"css selector","value":"td"}
COMMAND: POST /session/5209fcfd0cbd9c22cf680726c4028e3f/element/f.81B74C70C7FE6F01EFB4ED64870B6056.d.EA463EE27C25203538A95CA6E70063DC.e.5359/elements - {"using":"css selector","value":"td"}
RESULT: {"using":"css selector","value":"td"}
COMMAND: POST /session/5209fcfd0cbd9c22cf680726c4028e3f/element/f.81B74C70C7FE6F01EFB4ED64870B6056.d.EA463EE27C25203538A95CA6E70063DC.e.5360/elements - {"using":"css selector","value":"td"}
RESULT: {"using":"css selector","value":"td"}
COMMAND: POST /session/5209fcfd0cbd9c22cf680726c4028e3f/element/f.81B74C70C7FE6F01EFB4ED64870B6056.d.EA463EE27C25203538A95CA6E70063DC.e.5361/elements - {"using":"css selector","value":"td"}
RESULT: {"using":"css selector","value":"td"}
COMMAND: POST /session/5209fcfd0cbd9c22cf680726c4028e3f/element/f.81B74C70C7FE6F01EFB4ED64870B6056.d.EA463EE27C25203538A95CA6E70063DC.e.5362/elements - {"using":"css selector","value":"td"}
RESULT: {"using":"css selector","value":"td"}
COMMAND: POST /session/5209fcfd0cbd9c22cf680726c4028e3f/element/f.81B74C70C7FE6F01EFB4ED64870B6056.d.EA463EE27C25203538A95CA6E70063DC.e.5363/elements - {"using":"css selector","value":"td"}
RESULT: {"using":"css selector","value":"td"}
COMMAND: POST /session/5209fcfd0cbd9c22cf680726c4028e3f/element/f.81B74C70C7FE6F01EFB4ED64870B6056.d.EA463EE27C25203538A95CA6E70063DC.e.5364/elements - {"using":"css selector","value":"td"}
RESULT: {"using":"css selector","value":"td"}
COMMAND: POST /session/5209fcfd0cbd9c22cf680726c4028e3f/element/f.81B74C70C7FE6F01EFB4ED64870B6056.d.EA463EE27C25203538A95CA6E70063DC.e.5365/elements - {"using":"css selector","value":"td"}
RESULT: {"using":"css selector","value":"td"}
COMMAND: POST /session/5209fcfd0cbd9c22cf680726c4028e3f/element/f.81B74C70C7FE6F01EFB4ED64870B6056.d.EA463EE27C25203538A95CA6E70063DC.e.5366/elements - {"using":"css selector","value":"td"}
RESULT: {"using":"css selector","value":"td"}
COMMAND: POST /session/5209fcfd0cbd9c22cf680726c4028e3f/element/f.81B74C70C7FE6F01EFB4ED64870B6056.d.EA463EE27C25203538A95CA6E70063DC.e.5367/elements - {"using":"css selector","value":"td"}
RESULT: {"using":"css selector","value":"td"}
COMMAND: POST /session/5209fcfd0cbd9c22cf680726c4028e3f/element/f.81B74C70C7FE6F01EFB4ED64870B6056.d.EA463EE27C25203538A95CA6E70063DC.e.5368/elements - {"using":"css selector","value":"td"}
RESULT: {"using":"css selector","value":"td"}
COMMAND: POST /session/5209fcfd0cbd9c22cf680726c4028e3f/element/f.81B74C70C7FE6F01EFB4ED64870B6056.d.EA463EE27C25203538A95CA6E70063DC.e.5369/elements - {"using":"css selector","value":"td"}
RESULT: {"using":"css selector","value":"td"}
COMMAND: POST /session/5209fcfd0cbd9c22cf680726c4028e3f/element/f.81B74C70C7FE6F01EFB4ED64870B6056.d.EA463EE27C25203538A95CA6E70063DC.e.5370/elements - {"using":"css selector","value":"td"}
RESULT: {"using":"css selector","value":"td"}
COMMAND: POST /session/5209fcfd0cbd9c22cf680726c4028e3f/element/f.81B74C70C7FE6F01EFB4ED64870B6056.d.EA463EE27C25203538A95CA6E70063DC.e.5371/elements - {"using":"css selector","value":"td"}
RESULT: {"using":"css selector","value":"td"}
COMMAND: POST /session/5209fcfd0cbd9c22cf680726c4028e3f/element/f.81B74C70C7FE6F01EFB4ED64870B6056.d.EA463EE27C25203538A95CA6E70063DC.e.5372/elements - {"using":"css selector","value":"td"}
RESULT: {"using":"css selector","value":"td"}
COMMAND: POST /session/5209fcfd0cbd9c22cf680726c4028e3f/element/f.81B74C70C7FE6F01EFB4ED64870B6056.d.EA463EE27C25203538A95CA6E70063DC.e.5373/elements - {"using":"css selector","value":"td"}
RESULT: {"using":"css selector","value":"td"}
COMMAND: POST /session/5209fcfd0cbd9c22cf680726c4028e3f/element/f.81B74C70C7FE6F01EFB4ED64870B6056.d.EA463EE27C25203538A95CA6E70063DC.e.5374/elements - {"using":"css selector","value":"td"}
RESULT: {"using":"css selector","value":"td"}
COMMAND: POST /session/5209fcfd0cbd9c22cf680726c4028e3f/element/f.81B74C70C7FE6F01EFB4ED64870B6056.d.EA463EE27C25203538A95CA6E70063DC.e.5375/elements - {"using":"css selector","value":"td"}
RESULT: {"using":"css selector","value":"td"}
COMMAND: POST /session/5209fcfd0cbd9c22cf680726c4028e3f/element/f.81B74C70C7FE6F01EFB4ED64870B6056.d.EA463EE27C25203538A95CA6E70063DC.e.5376/elements - {"using":"css selector","value":"td"}
RESULT: {"using":"css selector","value":"td"}
COMMAND: POST /session/5209fcfd0cbd9c22cf680726c4028e3f/element/f.81B74C70C7FE6F01EFB4ED64870B6056.d.EA463EE27C25203538A95CA6E70063DC.e.5377/elements - {"using":"css selector","value":"td"}
RESULT: {"using":"css selector","value":"td"}
COMMAND: POST /session/5209fcfd0cbd9c22cf680726c4028e3f/element/f.81B74C70C7FE6F01EFB4ED64870B6056.d.EA463EE27C25203538A95CA6E70063DC.e.5378/elements - {"using":"css selector","value":"td"}
RESULT: {"using":"css selector","value":"td"}
COMMAND: POST /session/5209fcfd0cbd9c22cf680726c4028e3f/element/f.81B74C70C7FE6F01EFB4ED64870B6056.d.EA463EE27C25203538A95CA6E70063DC.e.5379/elements - {"using":"css selector","value":"td"}
RESULT: {"using":"css selector","value":"td"}
COMMAND: POST /session/5209fcfd0cbd9c22cf680726c4028e3f/element/f.81B74C70C7FE6F01EFB4ED64870B6056.d.EA463EE27C25203538A95CA6E70063DC.e.5380/elements - {"using":"css selector","value":"td"}
RESULT: {"using":"css selector","value":"td"}
COMMAND: POST /session/5209fcfd0cbd9c22cf680726c4028e3f/element/f.81B74C70C7FE6F01EFB4ED64870B6056.d.EA463EE27C25203538A95CA6E70063DC.e.5381/elements - {"using":"css selector","value":"td"}
RESULT: {"using":"css selector","value":"td"}
COMMAND: POST /session/5209fcfd0cbd9c22cf680726c4028e3f/element/f.81B74C70C7FE6F01EFB4ED64870B6056.d.EA463EE27C25203538A95CA6E70063DC.e.5382/elements - {"using":"css selector","value":"td"}
RESULT: {"using":"css selector","value":"td"}
COMMAND: POST /session/5209fcfd0cbd9c22cf680726c4028e3f/element/f.81B74C70C7FE6F01EFB4ED64870B6056.d.EA463EE27C25203538A95CA6E70063DC.e.5383/elements - {"using":"css selector","value":"td"}
RESULT: {"using":"css selector","value":"td"}
COMMAND: POST /session/5209fcfd0cbd9c22cf680726c4028e3f/element/f.81B74C70C7FE6F01EFB4ED64870B6056.d.EA463EE27C25203538A95CA6E70063DC.e.5384/elements - {"using":"css selector","value":"td"}
RESULT: {"using":"css selector","value":"td"}
COMMAND: POST /session/5209fcfd0cbd9c22cf680726c4028e3f/element/f.81B74C70C7FE6F01EFB4ED64870B6056.d.EA463EE27C25203538A95CA6E70063DC.e.5385/elements - {"using":"css selector","value":"td"}
RESULT: {"using":"css selector","value":"td"}
COMMAND: POST /session/5209fcfd0cbd9c22cf680726c4028e3f/element/f.81B74C70C7FE6F01EFB4ED64870B6056.d.EA463EE27C25203538A95CA6E70063DC.e.5386/elements - {"using":"css selector","value":"td"}
RESULT: {"using":"css selector","value":"td"}
COMMAND: POST /session/5209fcfd0cbd9c22cf680726c4028e3f/element/f.81B74C70C7FE6F01EFB4ED64870B6056.d.EA463EE27C25203538A95CA6E70063DC.e.5387/elements - {"using":"css selector","value":"td"}
RESULT: {"using":"css selector","value":"td"}
COMMAND: POST /session/5209fcfd0cbd9c22cf680726c4028e3f/element/f.81B74C70C7FE6F01EFB4ED64870B6056.d.EA463EE27C25203538A95CA6E70063DC.e.5388/elements - {"using":"css selector","value":"td"}
RESULT: {"using":"css selector","value":"td"}
COMMAND: POST /session/5209fcfd0cbd9c22cf680726c4028e3f/element/f.81B74C70C7FE6F01EFB4ED64870B6056.d.EA463EE27C25203538A95CA6E70063DC.e.5389/elements - {"using":"css selector","value":"td"}
RESULT: {"using":"css selector","value":"td"}
COMMAND: POST /session/5209fcfd0cbd9c22cf680726c4028e3f/element/f.81B74C70C7FE6F01EFB4ED64870B6056.d.EA463EE27C25203538A95CA6E70063DC.e.5390/elements - {"using":"css selector","value":"td"}
RESULT: {"using":"css selector","value":"td"}
COMMAND: POST /session/5209fcfd0cbd9c22cf680726c4028e3f/element/f.81B74C70C7FE6F01EFB4ED64870B6056.d.EA463EE27C25203538A95CA6E70063DC.e.5391/elements - {"using":"css selector","value":"td"}
RESULT: {"using":"css selector","value":"td"}
COMMAND: POST /session/5209fcfd0cbd9c22cf680726c4028e3f/element/f.81B74C70C7FE6F01EFB4ED64870B6056.d.EA463EE27C25203538A95CA6E70063DC.e.5392/elements - {"using":"css selector","value":"td"}
RESULT: {"using":"css selector","value":"td"}
COMMAND: POST /session/5209fcfd0cbd9c22cf680726c4028e3f/element/f.81B74C70C7FE6F01EFB4ED64870B6056.d.EA463EE27C25203538A95CA6E70063DC.e.5393/elements - {"using":"css selector","value":"td"}
RESULT: {"using":"css selector","value":"td"}
COMMAND: POST /session/5209fcfd0cbd9c22cf680726c4028e3f/element/f.81B74C70C7FE6F01EFB4ED64870B6056.d.EA463EE27C25203538A95CA6E70063DC.e.5394/elements - {"using":"css selector","value":"td"}
RESULT: {"using":"css selector","value":"td"}
COMMAND: POST /session/5209fcfd0cbd9c22cf680726c4028e3f/element/f.81B74C70C7FE6F01EFB4ED64870B6056.d.EA463EE27C25203538A95CA6E70063DC.e.5395/elements - {"using":"css selector","value":"td"}
RESULT: {"using":"css selector","value":"td"}
COMMAND: POST /session/5209fcfd0cbd9c22cf680726c4028e3f/element/f.81B74C70C7FE6F01EFB4ED64870B6056.d.EA463EE27C25203538A95CA6E70063DC.e.5396/elements - {"using":"css selector","value":"td"}
RESULT: {"using":"css selector","value":"td"}
COMMAND: POST /session/5209fcfd0cbd9c22cf680726c4028e3f/element/f.81B74C70C7FE6F01EFB4ED64870B6056.d.EA463EE27C25203538A95CA6E70063DC.e.5397/elements - {"using":"css selector","value":"td"}
RESULT: {"using":"css selector","value":"td"}
COMMAND: POST /session/5209fcfd0cbd9c22cf680726c4028e3f/element/f.81B74C70C7FE6F01EFB4ED64870B6056.d.EA463EE27C25203538A95CA6E70063DC.e.5398/elements - {"using":"css selector","value":"td"}
RESULT: {"using":"css selector","value":"td"}
COMMAND: POST /session/5209fcfd0cbd9c22cf680726c4028e3f/element/f.81B74C70C7FE6F01EFB4ED64870B6056.d.EA463EE27C25203538A95CA6E70063DC.e.5399/elements - {"using":"css selector","value":"td"}
RESULT: {"using":"css selector","value":"td"}
COMMAND: POST /session/5209fcfd0cbd9c22cf680726c4028e3f/element/f.81B74C70C7FE6F01EFB4ED64870B6056.d.EA463EE27C25203538A95CA6E70063DC.e.5400/elements - {"using":"css selector","value":"td"}
RESULT: {"using":"css selector","value":"td"}
COMMAND: POST /session/5209fcfd0cbd9c22cf680726c4028e3f/element/f.81B74C70C7FE6F01EFB4ED64870B6056.d.EA463EE27C25203538A95CA6E70063DC.e.5401/elements - {"using":"css selector","value":"td"}
RESULT: {"using":"css selector","value":"td"}
COMMAND: POST /session/5209fcfd0cbd9c22cf680726c4028e3f/element/f.81B74C70C7FE6F01EFB4ED64870B6056.d.EA463EE27C25203538A95CA6E70063DC.e.5402/elements - {"using":"css selector","value":"td"}
RESULT: {"using":"css selector","value":"td"}
COMMAND: POST /session/5209fcfd0cbd9c22cf680726c4028e3f/element/f.81B74C70C7FE6F01EFB4ED64870B6056.d.EA463EE27C25203538A95CA6E70063DC.e.5403/elements - {"using":"css selector","value":"td"}
RESULT: {"using":"css selector","value":"td"}
COMMAND: POST /session/5209fcfd0cbd9c22cf680726c4028e3f/element/f.81B74C70C7FE6F01EFB4ED64870B6056.d.EA463EE27C25203538A95CA6E70063DC.e.5404/elements - {"using":"css selector","value":"td"}
RESULT: {"using":"css selector","value":"td"}
COMMAND: POST /session/5209fcfd0cbd9c22cf680726c4028e3f/element/f.81B74C70C7FE6F01EFB4ED64870B6056.d.EA463EE27C25203538A95CA6E70063DC.e.5405/elements - {"using":"css selector","value":"td"}
RESULT: {"using":"css selector","value":"td"}
COMMAND: POST /session/5209fcfd0cbd9c22cf680726c4028e3f/element/f.81B74C70C7FE6F01EFB4ED64870B6056.d.EA463EE27C25203538A95CA6E70063DC.e.5406/elements - {"using":"css selector","value":"td"}
RESULT: {"using":"css selector","value":"td"}
COMMAND: POST /session/5209fcfd0cbd9c22cf680726c4028e3f/element/f.81B74C70C7FE6F01EFB4ED64870B6056.d.EA463EE27C25203538A95CA6E70063DC.e.5407/elements - {"using":"css selector","value":"td"}
RESULT: {"using":"css selector","value":"td"}
COMMAND: POST /session/5209fcfd0cbd9c22cf680726c4028e3f/element/f.81B74C70C7FE6F01EFB4ED64870B6056.d.EA463EE27C25203538A95CA6E70063DC.e.5408/elements - {"using":"css selector","value":"td"}
RESULT: {"using":"css selector","value":"td"}
COMMAND: POST /session/5209fcfd0cbd9c22cf680726c4028e3f/element/f.81B74C70C7FE6F01EFB4ED64870B6056.d.EA463EE27C25203538A95CA6E70063DC.e.5409/elements - {"using":"css selector","value":"td"}
RESULT: {"using":"css selector","value":"td"}
COMMAND: POST /session/5209fcfd0cbd9c22cf680726c4028e3f/element/f.81B74C70C7FE6F01EFB4ED64870B6056.d.EA463EE27C25203538A95CA6E70063DC.e.5410/elements - {"using":"css selector","value":"td"}
RESULT: {"using":"css selector","value":"td"}
COMMAND: POST /session/5209fcfd0cbd9c22cf680726c4028e3f/element/f.81B74C70C7FE6F01EFB4ED64870B6056.d.EA463EE27C25203538A95CA6E70063DC.e.5411/elements - {"using":"css selector","value":"td"}
RESULT: {"using":"css selector","value":"td"}
COMMAND: POST /session/5209fcfd0cbd9c22cf680726c4028e3f/element/f.81B74C70C7FE6F01EFB4ED64870B6056.d.EA463EE27C25203538A95CA6E70063DC.e.5412/elements - {"using":"css selector","value":"td"}
RESULT: {"using":"css selector","value":"td"}
COMMAND: POST /session/5209fcfd0cbd9c22cf680726c4028e3f/element/f.81B74C70C7FE6F01EFB4ED64870B6056.d.EA463EE27C25203538A95CA6E70063DC.e.5413/elements - {"using":"css selector","value":"td"}
RESULT: {"using":"css selector","value":"td"}
COMMAND: POST /session/5209fcfd0cbd9c22cf680726c4028e3f/element/f.81B74C70C7FE6F01EFB4ED64870B6056.d.EA463EE27C25203538A95CA6E70063DC.e.5414/elements - {"using":"css selector","value":"td"}
RESULT: {"using":"css selector","value":"td"}
COMMAND: POST /session/5209fcfd0cbd9c22cf680726c4028e3f/element/f.81B74C70C7FE6F01EFB4ED64870B6056.d.EA463EE27C25203538A95CA6E70063DC.e.5415/elements - {"using":"css selector","value":"td"}
RESULT: {"using":"css selector","value":"td"}
COMMAND: POST /session/5209fcfd0cbd9c22cf680726c4028e3f/element/f.81B74C70C7FE6F01EFB4ED64870B6056.d.EA463EE27C25203538A95CA6E70063DC.e.5416/elements - {"using":"css selector","value":"td"}
RESULT: {"using":"css selector","value":"td"}
COMMAND: POST /session/5209fcfd0cbd9c22cf680726c4028e3f/element/f.81B74C70C7FE6F01EFB4ED64870B6056.d.EA463EE27C25203538A95CA6E70063DC.e.5417/elements - {"using":"css selector","value":"td"}
RESULT: {"using":"css selector","value":"td"}
COMMAND: POST /session/5209fcfd0cbd9c22cf680726c4028e3f/element/f.81B74C70C7FE6F01EFB4ED64870B6056.d.EA463EE27C25203538A95CA6E70063DC.e.5418/elements - {"using":"css selector","value":"td"}
RESULT: {"using":"css selector","value":"td"}
COMMAND: POST /session/5209fcfd0cbd9c22cf680726c4028e3f/element/f.81B74C70C7FE6F01EFB4ED64870B6056.d.EA463EE27C25203538A95CA6E70063DC.e.5419/elements - {"using":"css selector","value":"td"}
RESULT: {"using":"css selector","value":"td"}
COMMAND: POST /session/5209fcfd0cbd9c22cf680726c4028e3f/element/f.81B74C70C7FE6F01EFB4ED64870B6056.d.EA463EE27C25203538A95CA6E70063DC.e.5420/elements - {"using":"css selector","value":"td"}
RESULT: {"using":"css selector","value":"td"}
COMMAND: POST /session/5209fcfd0cbd9c22cf680726c4028e3f/element/f.81B74C70C7FE6F01EFB4ED64870B6056.d.EA463EE27C25203538A95CA6E70063DC.e.5421/elements - {"using":"css selector","value":"td"}
RESULT: {"using":"css selector","value":"td"}
COMMAND: POST /session/5209fcfd0cbd9c22cf680726c4028e3f/element/f.81B74C70C7FE6F01EFB4ED64870B6056.d.EA463EE27C25203538A95CA6E70063DC.e.5422/elements - {"using":"css selector","value":"td"}
RESULT: {"using":"css selector","value":"td"}
COMMAND: POST /session/5209fcfd0cbd9c22cf680726c4028e3f/element/f.81B74C70C7FE6F01EFB4ED64870B6056.d.EA463EE27C25203538A95CA6E70063DC.e.5423/elements - {"using":"css selector","value":"td"}
RESULT: {"using":"css selector","value":"td"}
COMMAND: POST /session/5209fcfd0cbd9c22cf680726c4028e3f/element/f.81B74C70C7FE6F01EFB4ED64870B6056.d.EA463EE27C25203538A95CA6E70063DC.e.5424/elements - {"using":"css selector","value":"td"}
RESULT: {"using":"css selector","value":"td"}
COMMAND: POST /session/5209fcfd0cbd9c22cf680726c4028e3f/element/f.81B74C70C7FE6F01EFB4ED64870B6056.d.EA463EE27C25203538A95CA6E70063DC.e.5425/elements - {"using":"css selector","value":"td"}
RESULT: {"using":"css selector","value":"td"}
COMMAND: POST /session/5209fcfd0cbd9c22cf680726c4028e3f/element/f.81B74C70C7FE6F01EFB4ED64870B6056.d.EA463EE27C25203538A95CA6E70063DC.e.5426/elements - {"using":"css selector","value":"td"}
RESULT: {"using":"css selector","value":"td"}
COMMAND: POST /session/5209fcfd0cbd9c22cf680726c4028e3f/element/f.81B74C70C7FE6F01EFB4ED64870B6056.d.EA463EE27C25203538A95CA6E70063DC.e.5427/elements - {"using":"css selector","value":"td"}
RESULT: {"using":"css selector","value":"td"}
COMMAND: POST /session/5209fcfd0cbd9c22cf680726c4028e3f/element/f.81B74C70C7FE6F01EFB4ED64870B6056.d.EA463EE27C25203538A95CA6E70063DC.e.5428/elements - {"using":"css selector","value":"td"}
RESULT: {"using":"css selector","value":"td"}
COMMAND: POST /session/5209fcfd0cbd9c22cf680726c4028e3f/element/f.81B74C70C7FE6F01EFB4ED64870B6056.d.EA463EE27C25203538A95CA6E70063DC.e.5429/elements - {"using":"css selector","value":"td"}
RESULT: {"using":"css selector","value":"td"}
COMMAND: POST /session/5209fcfd0cbd9c22cf680726c4028e3f/element/f.81B74C70C7FE6F01EFB4ED64870B6056.d.EA463EE27C25203538A95CA6E70063DC.e.5430/elements - {"using":"css selector","value":"td"}
RESULT: {"using":"css selector","value":"td"}
COMMAND: POST /session/5209fcfd0cbd9c22cf680726c4028e3f/element/f.81B74C70C7FE6F01EFB4ED64870B6056.d.EA463EE27C25203538A95CA6E70063DC.e.5431/elements - {"using":"css selector","value":"td"}
RESULT: {"using":"css selector","value":"td"}
COMMAND: POST /session/5209fcfd0cbd9c22cf680726c4028e3f/element/f.81B74C70C7FE6F01EFB4ED64870B6056.d.EA463EE27C25203538A95CA6E70063DC.e.5432/elements - {"using":"css selector","value":"td"}
RESULT: {"using":"css selector","value":"td"}
COMMAND: POST /session/5209fcfd0cbd9c22cf680726c4028e3f/element/f.81B74C70C7FE6F01EFB4ED64870B6056.d.EA463EE27C25203538A95CA6E70063DC.e.5433/elements - {"using":"css selector","value":"td"}
RESULT: {"using":"css selector","value":"td"}
COMMAND: POST /session/5209fcfd0cbd9c22cf680726c4028e3f/element/f.81B74C70C7FE6F01EFB4ED64870B6056.d.EA463EE27C25203538A95CA6E70063DC.e.5434/elements - {"using":"css selector","value":"td"}
RESULT: {"using":"css selector","value":"td"}
COMMAND: POST /session/5209fcfd0cbd9c22cf680726c4028e3f/element/f.81B74C70C7FE6F01EFB4ED64870B6056.d.EA463EE27C25203538A95CA6E70063DC.e.5435/elements - {"using":"css selector","value":"td"}
RESULT: {"using":"css selector","value":"td"}
COMMAND: POST /session/5209fcfd0cbd9c22cf680726c4028e3f/element/f.81B74C70C7FE6F01EFB4ED64870B6056.d.EA463EE27C25203538A95CA6E70063DC.e.5436/elements - {"using":"css selector","value":"td"}
RESULT: {"using":"css selector","value":"td"}
COMMAND: POST /session/5209fcfd0cbd9c22cf680726c4028e3f/element/f.81B74C70C7FE6F01EFB4ED64870B6056.d.EA463EE27C25203538A95CA6E70063DC.e.5437/elements - {"using":"css selector","value":"td"}
RESULT: {"using":"css selector","value":"td"}
COMMAND: POST /session/5209fcfd0cbd9c22cf680726c4028e3f/element/f.81B74C70C7FE6F01EFB4ED64870B6056.d.EA463EE27C25203538A95CA6E70063DC.e.5438/elements - {"using":"css selector","value":"td"}
RESULT: {"using":"css selector","value":"td"}
COMMAND: POST /session/5209fcfd0cbd9c22cf680726c4028e3f/element/f.81B74C70C7FE6F01EFB4ED64870B6056.d.EA463EE27C25203538A95CA6E70063DC.e.5439/elements - {"using":"css selector","value":"td"}
RESULT: {"using":"css selector","value":"td"}
COMMAND: POST /session/5209fcfd0cbd9c22cf680726c4028e3f/element/f.81B74C70C7FE6F01EFB4ED64870B6056.d.EA463EE27C25203538A95CA6E70063DC.e.5440/elements - {"using":"css selector","value":"td"}
RESULT: {"using":"css selector","value":"td"}
COMMAND: POST /session/5209fcfd0cbd9c22cf680726c4028e3f/element/f.81B74C70C7FE6F01EFB4ED64870B6056.d.EA463EE27C25203538A95CA6E70063DC.e.5441/elements - {"using":"css selector","value":"td"}
RESULT: {"using":"css selector","value":"td"}
COMMAND: POST /session/5209fcfd0cbd9c22cf680726c4028e3f/element/f.81B74C70C7FE6F01EFB4ED64870B6056.d.EA463EE27C25203538A95CA6E70063DC.e.5442/elements - {"using":"css selector","value":"td"}
RESULT: {"using":"css selector","value":"td"}
COMMAND: POST /session/5209fcfd0cbd9c22cf680726c4028e3f/element/f.81B74C70C7FE6F01EFB4ED64870B6056.d.EA463EE27C25203538A95CA6E70063DC.e.5443/elements - {"using":"css selector","value":"td"}
RESULT: {"using":"css selector","value":"td"}
COMMAND: POST /session/5209fcfd0cbd9c22cf680726c4028e3f/element/f.81B74C70C7FE6F01EFB4ED64870B6056.d.EA463EE27C25203538A95CA6E70063DC.e.5444/elements - {"using":"css selector","value":"td"}
RESULT: {"using":"css selector","value":"td"}
COMMAND: POST /session/5209fcfd0cbd9c22cf680726c4028e3f/element/f.81B74C70C7FE6F01EFB4ED64870B6056.d.EA463EE27C25203538A95CA6E70063DC.e.5445/elements - {"using":"css selector","value":"td"}
RESULT: {"using":"css selector","value":"td"}
COMMAND: POST /session/5209fcfd0cbd9c22cf680726c4028e3f/element/f.81B74C70C7FE6F01EFB4ED64870B6056.d.EA463EE27C25203538A95CA6E70063DC.e.5446/elements - {"using":"css selector","value":"td"}
RESULT: {"using":"css selector","value":"td"}
COMMAND: POST /session/5209fcfd0cbd9c22cf680726c4028e3f/element/f.81B74C70C7FE6F01EFB4ED64870B6056.d.EA463EE27C25203538A95CA6E70063DC.e.5447/elements - {"using":"css selector","value":"td"}
RESULT: {"using":"css selector","value":"td"}
COMMAND: POST /session/5209fcfd0cbd9c22cf680726c4028e3f/element/f.81B74C70C7FE6F01EFB4ED64870B6056.d.EA463EE27C25203538A95CA6E70063DC.e.5448/elements - {"using":"css selector","value":"td"}
RESULT: {"using":"css selector","value":"td"}
COMMAND: POST /session/5209fcfd0cbd9c22cf680726c4028e3f/element/f.81B74C70C7FE6F01EFB4ED64870B6056.d.EA463EE27C25203538A95CA6E70063DC.e.5449/elements - {"using":"css selector","value":"td"}
RESULT: {"using":"css selector","value":"td"}
COMMAND: POST /session/5209fcfd0cbd9c22cf680726c4028e3f/element/f.81B74C70C7FE6F01EFB4ED64870B6056.d.EA463EE27C25203538A95CA6E70063DC.e.5450/elements - {"using":"css selector","value":"td"}
RESULT: {"using":"css selector","value":"td"}
COMMAND: POST /session/5209fcfd0cbd9c22cf680726c4028e3f/element/f.81B74C70C7FE6F01EFB4ED64870B6056.d.EA463EE27C25203538A95CA6E70063DC.e.5451/elements - {"using":"css selector","value":"td"}
RESULT: {"using":"css selector","value":"td"}
COMMAND: POST /session/5209fcfd0cbd9c22cf680726c4028e3f/element/f.81B74C70C7FE6F01EFB4ED64870B6056.d.EA463EE27C25203538A95CA6E70063DC.e.5452/elements - {"using":"css selector","value":"td"}
RESULT: {"using":"css selector","value":"td"}
COMMAND: POST /session/5209fcfd0cbd9c22cf680726c4028e3f/element/f.81B74C70C7FE6F01EFB4ED64870B6056.d.EA463EE27C25203538A95CA6E70063DC.e.5453/elements - {"using":"css selector","value":"td"}
RESULT: {"using":"css selector","value":"td"}
COMMAND: POST /session/5209fcfd0cbd9c22cf680726c4028e3f/element/f.81B74C70C7FE6F01EFB4ED64870B6056.d.EA463EE27C25203538A95CA6E70063DC.e.5454/elements - {"using":"css selector","value":"td"}
RESULT: {"using":"css selector","value":"td"}
COMMAND: POST /session/5209fcfd0cbd9c22cf680726c4028e3f/element/f.81B74C70C7FE6F01EFB4ED64870B6056.d.EA463EE27C25203538A95CA6E70063DC.e.5455/elements - {"using":"css selector","value":"td"}
RESULT: {"using":"css selector","value":"td"}
COMMAND: POST /session/5209fcfd0cbd9c22cf680726c4028e3f/element/f.81B74C70C7FE6F01EFB4ED64870B6056.d.EA463EE27C25203538A95CA6E70063DC.e.5456/elements - {"using":"css selector","value":"td"}
RESULT: {"using":"css selector","value":"td"}
COMMAND: POST /session/5209fcfd0cbd9c22cf680726c4028e3f/element/f.81B74C70C7FE6F01EFB4ED64870B6056.d.EA463EE27C25203538A95CA6E70063DC.e.5457/elements - {"using":"css selector","value":"td"}
RESULT: {"using":"css selector","value":"td"}
COMMAND: POST /session/5209fcfd0cbd9c22cf680726c4028e3f/element/f.81B74C70C7FE6F01EFB4ED64870B6056.d.EA463EE27C25203538A95CA6E70063DC.e.5458/elements - {"using":"css selector","value":"td"}
RESULT: {"using":"css selector","value":"td"}
COMMAND: POST /session/5209fcfd0cbd9c22cf680726c4028e3f/element/f.81B74C70C7FE6F01EFB4ED64870B6056.d.EA463EE27C25203538A95CA6E70063DC.e.5459/elements - {"using":"css selector","value":"td"}
RESULT: {"using":"css selector","value":"td"}
COMMAND: POST /session/5209fcfd0cbd9c22cf680726c4028e3f/element/f.81B74C70C7FE6F01EFB4ED64870B6056.d.EA463EE27C25203538A95CA6E70063DC.e.5460/elements - {"using":"css selector","value":"td"}
RESULT: {"using":"css selector","value":"td"}
COMMAND: POST /session/5209fcfd0cbd9c22cf680726c4028e3f/element/f.81B74C70C7FE6F01EFB4ED64870B6056.d.EA463EE27C25203538A95CA6E70063DC.e.5461/elements - {"using":"css selector","value":"td"}
RESULT: {"using":"css selector","value":"td"}
COMMAND: POST /session/5209fcfd0cbd9c22cf680726c4028e3f/element/f.81B74C70C7FE6F01EFB4ED64870B6056.d.EA463EE27C25203538A95CA6E70063DC.e.5462/elements - {"using":"css selector","value":"td"}
RESULT: {"using":"css selector","value":"td"}
COMMAND: POST /session/5209fcfd0cbd9c22cf680726c4028e3f/element/f.81B74C70C7FE6F01EFB4ED64870B6056.d.EA463EE27C25203538A95CA6E70063DC.e.5463/elements - {"using":"css selector","value":"td"}
RESULT: {"using":"css selector","value":"td"}
COMMAND: POST /session/5209fcfd0cbd9c22cf680726c4028e3f/element/f.81B74C70C7FE6F01EFB4ED64870B6056.d.EA463EE27C25203538A95CA6E70063DC.e.5464/elements - {"using":"css selector","value":"td"}
RESULT: {"using":"css selector","value":"td"}
COMMAND: POST /session/5209fcfd0cbd9c22cf680726c4028e3f/element/f.81B74C70C7FE6F01EFB4ED64870B6056.d.EA463EE27C25203538A95CA6E70063DC.e.5465/elements - {"using":"css selector","value":"td"}
RESULT: {"using":"css selector","value":"td"}
COMMAND: POST /session/5209fcfd0cbd9c22cf680726c4028e3f/element/f.81B74C70C7FE6F01EFB4ED64870B6056.d.EA463EE27C25203538A95CA6E70063DC.e.5466/elements - {"using":"css selector","value":"td"}
RESULT: {"using":"css selector","value":"td"}
COMMAND: POST /session/5209fcfd0cbd9c22cf680726c4028e3f/element/f.81B74C70C7FE6F01EFB4ED64870B6056.d.EA463EE27C25203538A95CA6E70063DC.e.5467/elements - {"using":"css selector","value":"td"}
RESULT: {"using":"css selector","value":"td"}
COMMAND: POST /session/5209fcfd0cbd9c22cf680726c4028e3f/element/f.81B74C70C7FE6F01EFB4ED64870B6056.d.EA463EE27C25203538A95CA6E70063DC.e.5468/elements - {"using":"css selector","value":"td"}
RESULT: {"using":"css selector","value":"td"}
COMMAND: POST /session/5209fcfd0cbd9c22cf680726c4028e3f/element/f.81B74C70C7FE6F01EFB4ED64870B6056.d.EA463EE27C25203538A95CA6E70063DC.e.5469/elements - {"using":"css selector","value":"td"}
RESULT: {"using":"css selector","value":"td"}
COMMAND: POST /session/5209fcfd0cbd9c22cf680726c4028e3f/element/f.81B74C70C7FE6F01EFB4ED64870B6056.d.EA463EE27C25203538A95CA6E70063DC.e.5470/elements - {"using":"css selector","value":"td"}
RESULT: {"using":"css selector","value":"td"}
COMMAND: POST /session/5209fcfd0cbd9c22cf680726c4028e3f/element/f.81B74C70C7FE6F01EFB4ED64870B6056.d.EA463EE27C25203538A95CA6E70063DC.e.5471/elements - {"using":"css selector","value":"td"}
RESULT: {"using":"css selector","value":"td"}
COMMAND: POST /session/5209fcfd0cbd9c22cf680726c4028e3f/element/f.81B74C70C7FE6F01EFB4ED64870B6056.d.EA463EE27C25203538A95CA6E70063DC.e.5472/elements - {"using":"css selector","value":"td"}
RESULT: {"using":"css selector","value":"td"}
COMMAND: POST /session/5209fcfd0cbd9c22cf680726c4028e3f/element/f.81B74C70C7FE6F01EFB4ED64870B6056.d.EA463EE27C25203538A95CA6E70063DC.e.5473/elements - {"using":"css selector","value":"td"}
RESULT: {"using":"css selector","value":"td"}
COMMAND: POST /session/5209fcfd0cbd9c22cf680726c4028e3f/element/f.81B74C70C7FE6F01EFB4ED64870B6056.d.EA463EE27C25203538A95CA6E70063DC.e.5474/elements - {"using":"css selector","value":"td"}
RESULT: {"using":"css selector","value":"td"}
COMMAND: POST /session/5209fcfd0cbd9c22cf680726c4028e3f/element/f.81B74C70C7FE6F01EFB4ED64870B6056.d.EA463EE27C25203538A95CA6E70063DC.e.5475/elements - {"using":"css selector","value":"td"}
RESULT: {"using":"css selector","value":"td"}
COMMAND: POST /session/5209fcfd0cbd9c22cf680726c4028e3f/element/f.81B74C70C7FE6F01EFB4ED64870B6056.d.EA463EE27C25203538A95CA6E70063DC.e.5476/elements - {"using":"css selector","value":"td"}
RESULT: {"using":"css selector","value":"td"}
COMMAND: POST /session/5209fcfd0cbd9c22cf680726c4028e3f/element/f.81B74C70C7FE6F01EFB4ED64870B6056.d.EA463EE27C25203538A95CA6E70063DC.e.5477/elements - {"using":"css selector","value":"td"}
RESULT: {"using":"css selector","value":"td"}
COMMAND: POST /session/5209fcfd0cbd9c22cf680726c4028e3f/element/f.81B74C70C7FE6F01EFB4ED64870B6056.d.EA463EE27C25203538A95CA6E70063DC.e.5478/elements - {"using":"css selector","value":"td"}
RESULT: {"using":"css selector","value":"td"}
COMMAND: POST /session/5209fcfd0cbd9c22cf680726c4028e3f/element/f.81B74C70C7FE6F01EFB4ED64870B6056.d.EA463EE27C25203538A95CA6E70063DC.e.5479/elements - {"using":"css selector","value":"td"}
RESULT: {"using":"css selector","value":"td"}
COMMAND: POST /session/5209fcfd0cbd9c22cf680726c4028e3f/element/f.81B74C70C7FE6F01EFB4ED64870B6056.d.EA463EE27C25203538A95CA6E70063DC.e.5480/elements - {"using":"css selector","value":"td"}
RESULT: {"using":"css selector","value":"td"}
COMMAND: POST /session/5209fcfd0cbd9c22cf680726c4028e3f/element/f.81B74C70C7FE6F01EFB4ED64870B6056.d.EA463EE27C25203538A95CA6E70063DC.e.5481/elements - {"using":"css selector","value":"td"}
RESULT: {"using":"css selector","value":"td"}
COMMAND: POST /session/5209fcfd0cbd9c22cf680726c4028e3f/element/f.81B74C70C7FE6F01EFB4ED64870B6056.d.EA463EE27C25203538A95CA6E70063DC.e.5482/elements - {"using":"css selector","value":"td"}
RESULT: {"using":"css selector","value":"td"}
COMMAND: POST /session/5209fcfd0cbd9c22cf680726c4028e3f/element/f.81B74C70C7FE6F01EFB4ED64870B6056.d.EA463EE27C25203538A95CA6E70063DC.e.5483/elements - {"using":"css selector","value":"td"}
RESULT: {"using":"css selector","value":"td"}
COMMAND: POST /session/5209fcfd0cbd9c22cf680726c4028e3f/element/f.81B74C70C7FE6F01EFB4ED64870B6056.d.EA463EE27C25203538A95CA6E70063DC.e.5484/elements - {"using":"css selector","value":"td"}
RESULT: {"using":"css selector","value":"td"}
COMMAND: POST /session/5209fcfd0cbd9c22cf680726c4028e3f/element/f.81B74C70C7FE6F01EFB4ED64870B6056.d.EA463EE27C25203538A95CA6E70063DC.e.5485/elements - {"using":"css selector","value":"td"}
RESULT: {"using":"css selector","value":"td"}
COMMAND: POST /session/5209fcfd0cbd9c22cf680726c4028e3f/element/f.81B74C70C7FE6F01EFB4ED64870B6056.d.EA463EE27C25203538A95CA6E70063DC.e.5486/elements - {"using":"css selector","value":"td"}
RESULT: {"using":"css selector","value":"td"}
COMMAND: POST /session/5209fcfd0cbd9c22cf680726c4028e3f/element/f.81B74C70C7FE6F01EFB4ED64870B6056.d.EA463EE27C25203538A95CA6E70063DC.e.5487/elements - {"using":"css selector","value":"td"}
RESULT: {"using":"css selector","value":"td"}
COMMAND: POST /session/5209fcfd0cbd9c22cf680726c4028e3f/element/f.81B74C70C7FE6F01EFB4ED64870B6056.d.EA463EE27C25203538A95CA6E70063DC.e.5488/elements - {"using":"css selector","value":"td"}
RESULT: {"using":"css selector","value":"td"}
COMMAND: POST /session/5209fcfd0cbd9c22cf680726c4028e3f/element/f.81B74C70C7FE6F01EFB4ED64870B6056.d.EA463EE27C25203538A95CA6E70063DC.e.5489/elements - {"using":"css selector","value":"td"}
RESULT: {"using":"css selector","value":"td"}
COMMAND: POST /session/5209fcfd0cbd9c22cf680726c4028e3f/element/f.81B74C70C7FE6F01EFB4ED64870B6056.d.EA463EE27C25203538A95CA6E70063DC.e.5490/elements - {"using":"css selector","value":"td"}
RESULT: {"using":"css selector","value":"td"}
COMMAND: POST /session/5209fcfd0cbd9c22cf680726c4028e3f/element/f.81B74C70C7FE6F01EFB4ED64870B6056.d.EA463EE27C25203538A95CA6E70063DC.e.5491/elements - {"using":"css selector","value":"td"}
RESULT: {"using":"css selector","value":"td"}
COMMAND: POST /session/5209fcfd0cbd9c22cf680726c4028e3f/element/f.81B74C70C7FE6F01EFB4ED64870B6056.d.EA463EE27C25203538A95CA6E70063DC.e.5492/elements - {"using":"css selector","value":"td"}
RESULT: {"using":"css selector","value":"td"}
COMMAND: POST /session/5209fcfd0cbd9c22cf680726c4028e3f/element/f.81B74C70C7FE6F01EFB4ED64870B6056.d.EA463EE27C25203538A95CA6E70063DC.e.5493/elements - {"using":"css selector","value":"td"}
RESULT: {"using":"css selector","value":"td"}
COMMAND: POST /session/5209fcfd0cbd9c22cf680726c4028e3f/element/f.81B74C70C7FE6F01EFB4ED64870B6056.d.EA463EE27C25203538A95CA6E70063DC.e.5494/elements - {"using":"css selector","value":"td"}
RESULT: {"using":"css selector","value":"td"}
COMMAND: POST /session/5209fcfd0cbd9c22cf680726c4028e3f/element/f.81B74C70C7FE6F01EFB4ED64870B6056.d.EA463EE27C25203538A95CA6E70063DC.e.5495/elements - {"using":"css selector","value":"td"}
RESULT: {"using":"css selector","value":"td"}
COMMAND: POST /session/5209fcfd0cbd9c22cf680726c4028e3f/element/f.81B74C70C7FE6F01EFB4ED64870B6056.d.EA463EE27C25203538A95CA6E70063DC.e.5496/elements - {"using":"css selector","value":"td"}
RESULT: {"using":"css selector","value":"td"}
COMMAND: POST /session/5209fcfd0cbd9c22cf680726c4028e3f/element/f.81B74C70C7FE6F01EFB4ED64870B6056.d.EA463EE27C25203538A95CA6E70063DC.e.5497/elements - {"using":"css selector","value":"td"}
RESULT: {"using":"css selector","value":"td"}
COMMAND: POST /session/5209fcfd0cbd9c22cf680726c4028e3f/element/f.81B74C70C7FE6F01EFB4ED64870B6056.d.EA463EE27C25203538A95CA6E70063DC.e.5498/elements - {"using":"css selector","value":"td"}
RESULT: {"using":"css selector","value":"td"}
COMMAND: POST /session/5209fcfd0cbd9c22cf680726c4028e3f/element/f.81B74C70C7FE6F01EFB4ED64870B6056.d.EA463EE27C25203538A95CA6E70063DC.e.5499/elements - {"using":"css selector","value":"td"}
RESULT: {"using":"css selector","value":"td"}
COMMAND: POST /session/5209fcfd0cbd9c22cf680726c4028e3f/element/f.81B74C70C7FE6F01EFB4ED64870B6056.d.EA463EE27C25203538A95CA6E70063DC.e.5500/elements - {"using":"css selector","value":"td"}
RESULT: {"using":"css selector","value":"td"}
COMMAND: POST /session/5209fcfd0cbd9c22cf680726c4028e3f/element/f.81B74C70C7FE6F01EFB4ED64870B6056.d.EA463EE27C25203538A95CA6E70063DC.e.5501/elements - {"using":"css selector","value":"td"}
RESULT: {"using":"css selector","value":"td"}
COMMAND: POST /session/5209fcfd0cbd9c22cf680726c4028e3f/element/f.81B74C70C7FE6F01EFB4ED64870B6056.d.EA463EE27C25203538A95CA6E70063DC.e.5502/elements - {"using":"css selector","value":"td"}
RESULT: {"using":"css selector","value":"td"}
COMMAND: POST /session/5209fcfd0cbd9c22cf680726c4028e3f/element/f.81B74C70C7FE6F01EFB4ED64870B6056.d.EA463EE27C25203538A95CA6E70063DC.e.5503/elements - {"using":"css selector","value":"td"}
RESULT: {"using":"css selector","value":"td"}
COMMAND: POST /session/5209fcfd0cbd9c22cf680726c4028e3f/element/f.81B74C70C7FE6F01EFB4ED64870B6056.d.EA463EE27C25203538A95CA6E70063DC.e.5504/elements - {"using":"css selector","value":"td"}
RESULT: {"using":"css selector","value":"td"}
COMMAND: POST /session/5209fcfd0cbd9c22cf680726c4028e3f/element/f.81B74C70C7FE6F01EFB4ED64870B6056.d.EA463EE27C25203538A95CA6E70063DC.e.5505/elements - {"using":"css selector","value":"td"}
RESULT: {"using":"css selector","value":"td"}
COMMAND: POST /session/5209fcfd0cbd9c22cf680726c4028e3f/element/f.81B74C70C7FE6F01EFB4ED64870B6056.d.EA463EE27C25203538A95CA6E70063DC.e.5506/elements - {"using":"css selector","value":"td"}
RESULT: {"using":"css selector","value":"td"}
COMMAND: POST /session/5209fcfd0cbd9c22cf680726c4028e3f/element/f.81B74C70C7FE6F01EFB4ED64870B6056.d.EA463EE27C25203538A95CA6E70063DC.e.5507/elements - {"using":"css selector","value":"td"}
RESULT: {"using":"css selector","value":"td"}
COMMAND: POST /session/5209fcfd0cbd9c22cf680726c4028e3f/element/f.81B74C70C7FE6F01EFB4ED64870B6056.d.EA463EE27C25203538A95CA6E70063DC.e.5508/elements - {"using":"css selector","value":"td"}
RESULT: {"using":"css selector","value":"td"}
COMMAND: POST /session/5209fcfd0cbd9c22cf680726c4028e3f/element/f.81B74C70C7FE6F01EFB4ED64870B6056.d.EA463EE27C25203538A95CA6E70063DC.e.5509/elements - {"using":"css selector","value":"td"}
RESULT: {"using":"css selector","value":"td"}
COMMAND: POST /session/5209fcfd0cbd9c22cf680726c4028e3f/element/f.81B74C70C7FE6F01EFB4ED64870B6056.d.EA463EE27C25203538A95CA6E70063DC.e.5510/elements - {"using":"css selector","value":"td"}
RESULT: {"using":"css selector","value":"td"}
COMMAND: POST /session/5209fcfd0cbd9c22cf680726c4028e3f/element/f.81B74C70C7FE6F01EFB4ED64870B6056.d.EA463EE27C25203538A95CA6E70063DC.e.5511/elements - {"using":"css selector","value":"td"}
RESULT: {"using":"css selector","value":"td"}
COMMAND: POST /session/5209fcfd0cbd9c22cf680726c4028e3f/element/f.81B74C70C7FE6F01EFB4ED64870B6056.d.EA463EE27C25203538A95CA6E70063DC.e.5512/elements - {"using":"css selector","value":"td"}
RESULT: {"using":"css selector","value":"td"}
COMMAND: POST /session/5209fcfd0cbd9c22cf680726c4028e3f/element/f.81B74C70C7FE6F01EFB4ED64870B6056.d.EA463EE27C25203538A95CA6E70063DC.e.5513/elements - {"using":"css selector","value":"td"}
RESULT: {"using":"css selector","value":"td"}
COMMAND: POST /session/5209fcfd0cbd9c22cf680726c4028e3f/element/f.81B74C70C7FE6F01EFB4ED64870B6056.d.EA463EE27C25203538A95CA6E70063DC.e.5514/elements - {"using":"css selector","value":"td"}
RESULT: {"using":"css selector","value":"td"}
COMMAND: POST /session/5209fcfd0cbd9c22cf680726c4028e3f/element/f.81B74C70C7FE6F01EFB4ED64870B6056.d.EA463EE27C25203538A95CA6E70063DC.e.5515/elements - {"using":"css selector","value":"td"}
RESULT: {"using":"css selector","value":"td"}
COMMAND: POST /session/5209fcfd0cbd9c22cf680726c4028e3f/element/f.81B74C70C7FE6F01EFB4ED64870B6056.d.EA463EE27C25203538A95CA6E70063DC.e.5516/elements - {"using":"css selector","value":"td"}
RESULT: {"using":"css selector","value":"td"}
COMMAND: POST /session/5209fcfd0cbd9c22cf680726c4028e3f/element/f.81B74C70C7FE6F01EFB4ED64870B6056.d.EA463EE27C25203538A95CA6E70063DC.e.5517/elements - {"using":"css selector","value":"td"}
RESULT: {"using":"css selector","value":"td"}
COMMAND: POST /session/5209fcfd0cbd9c22cf680726c4028e3f/element/f.81B74C70C7FE6F01EFB4ED64870B6056.d.EA463EE27C25203538A95CA6E70063DC.e.5518/elements - {"using":"css selector","value":"td"}
RESULT: {"using":"css selector","value":"td"}
COMMAND: POST /session/5209fcfd0cbd9c22cf680726c4028e3f/element/f.81B74C70C7FE6F01EFB4ED64870B6056.d.EA463EE27C25203538A95CA6E70063DC.e.5519/elements - {"using":"css selector","value":"td"}
RESULT: {"using":"css selector","value":"td"}
COMMAND: POST /session/5209fcfd0cbd9c22cf680726c4028e3f/element/f.81B74C70C7FE6F01EFB4ED64870B6056.d.EA463EE27C25203538A95CA6E70063DC.e.5520/elements - {"using":"css selector","value":"td"}
RESULT: {"using":"css selector","value":"td"}
COMMAND: POST /session/5209fcfd0cbd9c22cf680726c4028e3f/element/f.81B74C70C7FE6F01EFB4ED64870B6056.d.EA463EE27C25203538A95CA6E70063DC.e.5521/elements - {"using":"css selector","value":"td"}
RESULT: {"using":"css selector","value":"td"}
COMMAND: POST /session/5209fcfd0cbd9c22cf680726c4028e3f/element/f.81B74C70C7FE6F01EFB4ED64870B6056.d.EA463EE27C25203538A95CA6E70063DC.e.5522/elements - {"using":"css selector","value":"td"}
RESULT: {"using":"css selector","value":"td"}
COMMAND: POST /session/5209fcfd0cbd9c22cf680726c4028e3f/element/f.81B74C70C7FE6F01EFB4ED64870B6056.d.EA463EE27C25203538A95CA6E70063DC.e.5523/elements - {"using":"css selector","value":"td"}
RESULT: {"using":"css selector","value":"td"}
COMMAND: POST /session/5209fcfd0cbd9c22cf680726c4028e3f/element/f.81B74C70C7FE6F01EFB4ED64870B6056.d.EA463EE27C25203538A95CA6E70063DC.e.5524/elements - {"using":"css selector","value":"td"}
RESULT: {"using":"css selector","value":"td"}
COMMAND: POST /session/5209fcfd0cbd9c22cf680726c4028e3f/element/f.81B74C70C7FE6F01EFB4ED64870B6056.d.EA463EE27C25203538A95CA6E70063DC.e.5525/elements - {"using":"css selector","value":"td"}
RESULT: {"using":"css selector","value":"td"}
COMMAND: POST /session/5209fcfd0cbd9c22cf680726c4028e3f/element/f.81B74C70C7FE6F01EFB4ED64870B6056.d.EA463EE27C25203538A95CA6E70063DC.e.5526/elements - {"using":"css selector","value":"td"}
RESULT: {"using":"css selector","value":"td"}
COMMAND: POST /session/5209fcfd0cbd9c22cf680726c4028e3f/element/f.81B74C70C7FE6F01EFB4ED64870B6056.d.EA463EE27C25203538A95CA6E70063DC.e.5527/elements - {"using":"css selector","value":"td"}
RESULT: {"using":"css selector","value":"td"}
COMMAND: POST /session/5209fcfd0cbd9c22cf680726c4028e3f/element/f.81B74C70C7FE6F01EFB4ED64870B6056.d.EA463EE27C25203538A95CA6E70063DC.e.5528/elements - {"using":"css selector","value":"td"}
RESULT: {"using":"css selector","value":"td"}
COMMAND: POST /session/5209fcfd0cbd9c22cf680726c4028e3f/element/f.81B74C70C7FE6F01EFB4ED64870B6056.d.EA463EE27C25203538A95CA6E70063DC.e.5529/elements - {"using":"css selector","value":"td"}
RESULT: {"using":"css selector","value":"td"}
COMMAND: POST /session/5209fcfd0cbd9c22cf680726c4028e3f/element/f.81B74C70C7FE6F01EFB4ED64870B6056.d.EA463EE27C25203538A95CA6E70063DC.e.5530/elements - {"using":"css selector","value":"td"}
RESULT: {"using":"css selector","value":"td"}
COMMAND: POST /session/5209fcfd0cbd9c22cf680726c4028e3f/element/f.81B74C70C7FE6F01EFB4ED64870B6056.d.EA463EE27C25203538A95CA6E70063DC.e.5531/elements - {"using":"css selector","value":"td"}
RESULT: {"using":"css selector","value":"td"}
COMMAND: POST /session/5209fcfd0cbd9c22cf680726c4028e3f/element/f.81B74C70C7FE6F01EFB4ED64870B6056.d.EA463EE27C25203538A95CA6E70063DC.e.5532/elements - {"using":"css selector","value":"td"}
RESULT: {"using":"css selector","value":"td"}
COMMAND: POST /session/5209fcfd0cbd9c22cf680726c4028e3f/element/f.81B74C70C7FE6F01EFB4ED64870B6056.d.EA463EE27C25203538A95CA6E70063DC.e.5533/elements - {"using":"css selector","value":"td"}
RESULT: {"using":"css selector","value":"td"}
COMMAND: POST /session/5209fcfd0cbd9c22cf680726c4028e3f/element/f.81B74C70C7FE6F01EFB4ED64870B6056.d.EA463EE27C25203538A95CA6E70063DC.e.5534/elements - {"using":"css selector","value":"td"}
RESULT: {"using":"css selector","value":"td"}
COMMAND: POST /session/5209fcfd0cbd9c22cf680726c4028e3f/element/f.81B74C70C7FE6F01EFB4ED64870B6056.d.EA463EE27C25203538A95CA6E70063DC.e.5535/elements - {"using":"css selector","value":"td"}
RESULT: {"using":"css selector","value":"td"}
COMMAND: POST /session/5209fcfd0cbd9c22cf680726c4028e3f/element/f.81B74C70C7FE6F01EFB4ED64870B6056.d.EA463EE27C25203538A95CA6E70063DC.e.5536/elements - {"using":"css selector","value":"td"}
RESULT: {"using":"css selector","value":"td"}
COMMAND: POST /session/5209fcfd0cbd9c22cf680726c4028e3f/element/f.81B74C70C7FE6F01EFB4ED64870B6056.d.EA463EE27C25203538A95CA6E70063DC.e.5537/elements - {"using":"css selector","value":"td"}
RESULT: {"using":"css selector","value":"td"}
COMMAND: POST /session/5209fcfd0cbd9c22cf680726c4028e3f/element/f.81B74C70C7FE6F01EFB4ED64870B6056.d.EA463EE27C25203538A95CA6E70063DC.e.5538/elements - {"using":"css selector","value":"td"}
RESULT: {"using":"css selector","value":"td"}
COMMAND: POST /session/5209fcfd0cbd9c22cf680726c4028e3f/element/f.81B74C70C7FE6F01EFB4ED64870B6056.d.EA463EE27C25203538A95CA6E70063DC.e.5539/elements - {"using":"css selector","value":"td"}
RESULT: {"using":"css selector","value":"td"}
COMMAND: POST /session/5209fcfd0cbd9c22cf680726c4028e3f/element/f.81B74C70C7FE6F01EFB4ED64870B6056.d.EA463EE27C25203538A95CA6E70063DC.e.6642/elements - {"using":"css selector","value":"td"}
RESULT: {"using":"css selector","value":"td"}
COMMAND: POST /session/5209fcfd0cbd9c22cf680726c4028e3f/element - {"using":"css selector","value":"#j_username"}
COMMAND: POST /session/5209fcfd0cbd9c22cf680726c4028e3f/url - {"url":"https://qa-testing-00-live-etm-ui.cfapps.eu10-004.hana.ondemand.com/"}
RESULT: {"url":"https://qa-testing-00-live-etm-ui.cfapps.eu10-004.hana.ondemand.com/"}
RESULT: undefined
COMMAND: GET /session/5209fcfd0cbd9c22cf680726c4028e3f/screenshot - {}
RESULT: {"using":"css selector","value":"#j_username"}
COMMAND: POST /session/5209fcfd0cbd9c22cf680726c4028e3f/element - {"using":"css selector","value":"#j_username"}
RESULT: {}
RESULT: {"using":"css selector","value":"#j_username"}
COMMAND: POST /session/5209fcfd0cbd9c22cf680726c4028e3f/element - {"using":"css selector","value":"#shell-header-logo"}
RESULT: {"using":"css selector","value":"#shell-header-logo"}
COMMAND: POST /session/5209fcfd0cbd9c22cf680726c4028e3f/execute/sync - {"script":"<script> [8489 bytes]","args":[{"element-6066-11e4-a52e-4f735466cecf":"f.81B74C70C7FE6F01EFB4ED64870B6056.d.981A8CF7ADBCF17187ED4700C35D08E1.e.6659","ELEMENT":"f.81B74C70C7FE6F01EFB4ED64870B6056.d.981A8CF7ADBCF17187ED4700C35D08E1.e.6659"}]}
RESULT: {"script":"<script> [8489 bytes]","args":[{"element-6066-11e4-a52e-4f735466cecf":"f.81B74C70C7FE6F01EFB4ED64870B6056.d.981A8CF7ADBCF17187ED4700C35D08E1.e.6659","ELEMENT":"f.81B74C70C7FE6F01EFB4ED64870B6056.d.981A8CF7ADBCF17187ED4700C35D08E1.e.6659"}]}
COMMAND: POST /session/5209fcfd0cbd9c22cf680726c4028e3f/element - {"using":"css selector","value":"#shell-header-logo"}
COMMAND: GET /session/5209fcfd0cbd9c22cf680726c4028e3f/screenshot - {}
RESULT: {"using":"css selector","value":"#shell-header-logo"}
COMMAND: POST /session/5209fcfd0cbd9c22cf680726c4028e3f/execute/sync - {"script":"<script> [8489 bytes]","args":[{"element-6066-11e4-a52e-4f735466cecf":"f.81B74C70C7FE6F01EFB4ED64870B6056.d.981A8CF7ADBCF17187ED4700C35D08E1.e.6659","ELEMENT":"f.81B74C70C7FE6F01EFB4ED64870B6056.d.981A8CF7ADBCF17187ED4700C35D08E1.e.6659"}]}
RESULT: {}
RESULT: {"script":"<script> [8489 bytes]","args":[{"element-6066-11e4-a52e-4f735466cecf":"f.81B74C70C7FE6F01EFB4ED64870B6056.d.981A8CF7ADBCF17187ED4700C35D08E1.e.6659","ELEMENT":"f.81B74C70C7FE6F01EFB4ED64870B6056.d.981A8CF7ADBCF17187ED4700C35D08E1.e.6659"}]}
COMMAND: POST /session/5209fcfd0cbd9c22cf680726c4028e3f/execute/sync - {"script":"<script> [5351 bytes]","args":[{"element-6066-11e4-a52e-4f735466cecf":"f.81B74C70C7FE6F01EFB4ED64870B6056.d.981A8CF7ADBCF17187ED4700C35D08E1.e.6659","ELEMENT":"f.81B74C70C7FE6F01EFB4ED64870B6056.d.981A8CF7ADBCF17187ED4700C35D08E1.e.6659"}]}
COMMAND: GET /session/5209fcfd0cbd9c22cf680726c4028e3f/screenshot - {}
RESULT: {"script":"<script> [5351 bytes]","args":[{"element-6066-11e4-a52e-4f735466cecf":"f.81B74C70C7FE6F01EFB4ED64870B6056.d.981A8CF7ADBCF17187ED4700C35D08E1.e.6659","ELEMENT":"f.81B74C70C7FE6F01EFB4ED64870B6056.d.981A8CF7ADBCF17187ED4700C35D08E1.e.6659"}]}
COMMAND: POST /session/5209fcfd0cbd9c22cf680726c4028e3f/element - {"using":"css selector","value":"#shell-header-logo"}
COMMAND: GET /session/5209fcfd0cbd9c22cf680726c4028e3f/screenshot - {}
RESULT: {}
RESULT: {"using":"css selector","value":"#shell-header-logo"}
COMMAND: POST /session/5209fcfd0cbd9c22cf680726c4028e3f/element/f.81B74C70C7FE6F01EFB4ED64870B6056.d.981A8CF7ADBCF17187ED4700C35D08E1.e.6659/click - {}
RESULT: {}
RESULT: {}
COMMAND: GET /session/5209fcfd0cbd9c22cf680726c4028e3f/screenshot - {}
RESULT: {}
COMMAND: POST /session/5209fcfd0cbd9c22cf680726c4028e3f/execute/async - {"script":"<script> [189 bytes]","args":[]}
RESULT: {"script":"<script> [189 bytes]","args":[]}
COMMAND: POST /session/5209fcfd0cbd9c22cf680726c4028e3f/execute/async - {"script":"<script> [123 bytes]","args":[]}
RESULT: {"script":"<script> [123 bytes]","args":[]}
COMMAND: POST /session/5209fcfd0cbd9c22cf680726c4028e3f/timeouts - {"script":"<number>"}
RESULT: {"script":"<number>"}
COMMAND: GET /session/5209fcfd0cbd9c22cf680726c4028e3f/timeouts - {}
RESULT: {}
RESULT: undefined
COMMAND: POST /session/5209fcfd0cbd9c22cf680726c4028e3f/execute/async - {"script":"<script> [2676 bytes]","args":[]}
RESULT: {"script":"<script> [2676 bytes]","args":[]}
COMMAND: POST /session/5209fcfd0cbd9c22cf680726c4028e3f/execute/async - {"script":"<script> [2342 bytes]","args":[{"protocol":"http","hostname":"0.0.0.0","path":"/","capabilities":{"browserName":"chrome","goog:chromeOptions":{"binary":"C:\\Program Files\\Google\\Chrome\\Application\\chrome.exe","args":["--start-maximized"]}},"logLevel":"warn","connectionRetryTimeout":120000,"connectionRetryCount":3,"logLevels":{},"enableDirectConnect":true,"strictSSL":true,"_":"65 more keys: [\"cacheDir\",\"port\",\"requestedCapabilities\",\"automationProtocol\",\"baseUrl\",\"waitforInterval\",\"waitforTimeout\",\"onReload\",\"beforeCommand\",\"afterCommand\",\"rootDir\",\"specs\",\"suites\",\"exclude\",\"groupLogsByTestSpec\",\"excludeDriverLogs\",\"bail\",\"framework\",\"reporters\",\"services\",\"maxInstances\",\"maxInstancesPerCapability\",\"injectGlobals\",\"filesToWatch\",\"execArgv\",\"runnerEnv\",\"runner\",\"shard\",\"specFileRetries\",\"specFileRetriesDelay\",\"specFileRetriesDeferred\",\"reporterSyncInterval\",\"reporterSyncTimeout\",\"cucumberFeaturesWithLineNumbers\",\"autoCompileOpts\",\"mochaOpts\",\"jasmineOpts\",\"cucumberOpts\",\"onPrepare\",\"onWorkerStart\",\"onWorkerEnd\",\"before\",\"beforeSession\",\"beforeSuite\",\"beforeHook\",\"beforeTest\",\"afterTest\",\"afterHook\",\"afterSuite\",\"afterSession\",\"after\",\"onComplete\",\"beforeAssertion\",\"afterAssertion\",\"beforeFeature\",\"beforeScenario\",\"beforeStep\",\"afterStep\",\"afterScenario\",\"afterFeature\",\"_\",\"suite\",\"$0\",\"ignoredWorkerServices\",\"wdi5\"]"}]}
RESULT: {"script":"<script> [2342 bytes]","args":[{"protocol":"http","hostname":"0.0.0.0","path":"/","capabilities":{"browserName":"chrome","goog:chromeOptions":{"binary":"C:\\Program Files\\Google\\Chrome\\Application\\chrome.exe","args":["--start-maximized"]}},"logLevel":"warn","connectionRetryTimeout":120000,"connectionRetryCount":3,"logLevels":{},"enableDirectConnect":true,"strictSSL":true,"_":"65 more keys: [\"cacheDir\",\"port\",\"requestedCapabilities\",\"automationProtocol\",\"baseUrl\",\"waitforInterval\",\"waitforTimeout\",\"onReload\",\"beforeCommand\",\"afterCommand\",\"rootDir\",\"specs\",\"suites\",\"exclude\",\"groupLogsByTestSpec\",\"excludeDriverLogs\",\"bail\",\"framework\",\"reporters\",\"services\",\"maxInstances\",\"maxInstancesPerCapability\",\"injectGlobals\",\"filesToWatch\",\"execArgv\",\"runnerEnv\",\"runner\",\"shard\",\"specFileRetries\",\"specFileRetriesDelay\",\"specFileRetriesDeferred\",\"reporterSyncInterval\",\"reporterSyncTimeout\",\"cucumberFeaturesWithLineNumbers\",\"autoCompileOpts\",\"mochaOpts\",\"jasmineOpts\",\"cucumberOpts\",\"onPrepare\",\"onWorkerStart\",\"onWorkerEnd\",\"before\",\"beforeSession\",\"beforeSuite\",\"beforeHook\",\"beforeTest\",\"afterTest\",\"afterHook\",\"afterSuite\",\"afterSession\",\"after\",\"onComplete\",\"beforeAssertion\",\"afterAssertion\",\"beforeFeature\",\"beforeScenario\",\"beforeStep\",\"afterStep\",\"afterScenario\",\"afterFeature\",\"_\",\"suite\",\"$0\",\"ignoredWorkerServices\",\"wdi5\"]"}]}
COMMAND: POST /session/5209fcfd0cbd9c22cf680726c4028e3f/execute/async - {"script":"<script> [21126 bytes]","args":[35000]}
RESULT: {"script":"<script> [21126 bytes]","args":[35000]}
COMMAND: POST /session/5209fcfd0cbd9c22cf680726c4028e3f/window/maximize - {}
RESULT: {}
COMMAND: POST /session/5209fcfd0cbd9c22cf680726c4028e3f/execute/async - {"script":"<script> [1562 bytes]","args":[{"selector":{"id":"shell-header","interaction":{"idSuffix":"icon"}},"wdio_ui5_key":"shellheader"}]}
COMMAND: GET /session/5209fcfd0cbd9c22cf680726c4028e3f/screenshot - {}
RESULT: {"script":"<script> [1562 bytes]","args":[{"selector":{"id":"shell-header","interaction":{"idSuffix":"icon"}},"wdio_ui5_key":"shellheader"}]}
RESULT: undefined
COMMAND: POST /session/5209fcfd0cbd9c22cf680726c4028e3f/refresh - {}
RESULT: {}
RESULT: {}
COMMAND: GET /session/5209fcfd0cbd9c22cf680726c4028e3f/screenshot - {}
RESULT: {}
COMMAND: POST /session/5209fcfd0cbd9c22cf680726c4028e3f/refresh - {}
RESULT: {}
COMMAND: GET /session/5209fcfd0cbd9c22cf680726c4028e3f/screenshot - {}
RESULT: {}
COMMAND: POST /session/5209fcfd0cbd9c22cf680726c4028e3f/window/fullscreen - {}
RESULT: {}
COMMAND: POST /session/5209fcfd0cbd9c22cf680726c4028e3f/execute/async - {"script":"<script> [189 bytes]","args":[]}
RESULT: {"script":"<script> [189 bytes]","args":[]}
COMMAND: POST /session/5209fcfd0cbd9c22cf680726c4028e3f/execute/async - {"script":"<script> [123 bytes]","args":[]}
RESULT: {"script":"<script> [123 bytes]","args":[]}
COMMAND: POST /session/5209fcfd0cbd9c22cf680726c4028e3f/timeouts - {"script":"<number>"}
RESULT: {"script":"<number>"}
COMMAND: GET /session/5209fcfd0cbd9c22cf680726c4028e3f/timeouts - {}
RESULT: {}
RESULT: undefined
COMMAND: POST /session/5209fcfd0cbd9c22cf680726c4028e3f/execute/async - {"script":"<script> [2676 bytes]","args":[]}
RESULT: {"script":"<script> [2676 bytes]","args":[]}
COMMAND: POST /session/5209fcfd0cbd9c22cf680726c4028e3f/execute/async - {"script":"<script> [2342 bytes]","args":[{"protocol":"http","hostname":"0.0.0.0","path":"/","capabilities":{"browserName":"chrome","goog:chromeOptions":{"binary":"C:\\Program Files\\Google\\Chrome\\Application\\chrome.exe","args":["--start-maximized"]}},"logLevel":"warn","connectionRetryTimeout":120000,"connectionRetryCount":3,"logLevels":{},"enableDirectConnect":true,"strictSSL":true,"_":"65 more keys: [\"cacheDir\",\"port\",\"requestedCapabilities\",\"automationProtocol\",\"baseUrl\",\"waitforInterval\",\"waitforTimeout\",\"onReload\",\"beforeCommand\",\"afterCommand\",\"rootDir\",\"specs\",\"suites\",\"exclude\",\"groupLogsByTestSpec\",\"excludeDriverLogs\",\"bail\",\"framework\",\"reporters\",\"services\",\"maxInstances\",\"maxInstancesPerCapability\",\"injectGlobals\",\"filesToWatch\",\"execArgv\",\"runnerEnv\",\"runner\",\"shard\",\"specFileRetries\",\"specFileRetriesDelay\",\"specFileRetriesDeferred\",\"reporterSyncInterval\",\"reporterSyncTimeout\",\"cucumberFeaturesWithLineNumbers\",\"autoCompileOpts\",\"mochaOpts\",\"jasmineOpts\",\"cucumberOpts\",\"onPrepare\",\"onWorkerStart\",\"onWorkerEnd\",\"before\",\"beforeSession\",\"beforeSuite\",\"beforeHook\",\"beforeTest\",\"afterTest\",\"afterHook\",\"afterSuite\",\"afterSession\",\"after\",\"onComplete\",\"beforeAssertion\",\"afterAssertion\",\"beforeFeature\",\"beforeScenario\",\"beforeStep\",\"afterStep\",\"afterScenario\",\"afterFeature\",\"_\",\"suite\",\"$0\",\"ignoredWorkerServices\",\"wdi5\"]"}]}
RESULT: {"script":"<script> [2342 bytes]","args":[{"protocol":"http","hostname":"0.0.0.0","path":"/","capabilities":{"browserName":"chrome","goog:chromeOptions":{"binary":"C:\\Program Files\\Google\\Chrome\\Application\\chrome.exe","args":["--start-maximized"]}},"logLevel":"warn","connectionRetryTimeout":120000,"connectionRetryCount":3,"logLevels":{},"enableDirectConnect":true,"strictSSL":true,"_":"65 more keys: [\"cacheDir\",\"port\",\"requestedCapabilities\",\"automationProtocol\",\"baseUrl\",\"waitforInterval\",\"waitforTimeout\",\"onReload\",\"beforeCommand\",\"afterCommand\",\"rootDir\",\"specs\",\"suites\",\"exclude\",\"groupLogsByTestSpec\",\"excludeDriverLogs\",\"bail\",\"framework\",\"reporters\",\"services\",\"maxInstances\",\"maxInstancesPerCapability\",\"injectGlobals\",\"filesToWatch\",\"execArgv\",\"runnerEnv\",\"runner\",\"shard\",\"specFileRetries\",\"specFileRetriesDelay\",\"specFileRetriesDeferred\",\"reporterSyncInterval\",\"reporterSyncTimeout\",\"cucumberFeaturesWithLineNumbers\",\"autoCompileOpts\",\"mochaOpts\",\"jasmineOpts\",\"cucumberOpts\",\"onPrepare\",\"onWorkerStart\",\"onWorkerEnd\",\"before\",\"beforeSession\",\"beforeSuite\",\"beforeHook\",\"beforeTest\",\"afterTest\",\"afterHook\",\"afterSuite\",\"afterSession\",\"after\",\"onComplete\",\"beforeAssertion\",\"afterAssertion\",\"beforeFeature\",\"beforeScenario\",\"beforeStep\",\"afterStep\",\"afterScenario\",\"afterFeature\",\"_\",\"suite\",\"$0\",\"ignoredWorkerServices\",\"wdi5\"]"}]}
COMMAND: POST /session/5209fcfd0cbd9c22cf680726c4028e3f/execute/async - {"script":"<script> [21126 bytes]","args":[35000]}
RESULT: {"script":"<script> [21126 bytes]","args":[35000]}
]]></system-out>
    </testcase>
  </testsuite>
  <testsuite timestamp="2025-05-22T17:23:45" time="460.692" tests="9" failures="0" errors="0" skipped="0">
    <properties>
      <property name="specId" value="0"/>
      <property name="suiteName" value="US134625 Set up price condition - one time"/>
      <property name="capabilities" value="chrome.136_0_7103_93.windows"/>
      <property name="file" value="file:///D:/a/1/s/test/specs/BTS/set-up-price-condition-one-time.spec.js"/>
    </properties>
    <testcase classname="chrome.136_0_7103_93.windows.US134625_Set_up_price_condition_-_one_time" name="Should create a new yard used for all following tests" time="0.017">
      <system-out><![CDATA[
COMMAND: POST /session/5209fcfd0cbd9c22cf680726c4028e3f/window/fullscreen - {}
RESULT: {}
]]></system-out>
    </testcase>
    <testcase classname="chrome.136_0_7103_93.windows.US134625_Set_up_price_condition_-_one_time" name="Should create a new partner" time="0.006"/>
    <testcase classname="chrome.136_0_7103_93.windows.US134625_Set_up_price_condition_-_one_time" name="Should create a new site used for following tests" time="0.005"/>
    <testcase classname="chrome.136_0_7103_93.windows.US134625_Set_up_price_condition_-_one_time" name="Should create a new material for billing type one time" time="125.047">
      <system-out><![CDATA[
COMMAND: POST /session/5209fcfd0cbd9c22cf680726c4028e3f/execute/async - {"script":"<script> [1562 bytes]","args":[{"selector":{"controlType":"sap.m.GenericTile","properties":{"header":"Manage Resources"}},"wdio_ui5_key":"sapm.GenericTile{\"header\":\"Manage Resources\"}"}]}
RESULT: {"script":"<script> [1562 bytes]","args":[{"selector":{"controlType":"sap.m.GenericTile","properties":{"header":"Manage Resources"}},"wdio_ui5_key":"sapm.GenericTile{\"header\":\"Manage Resources\"}"}]}
RESULT: undefined
COMMAND: POST /session/5209fcfd0cbd9c22cf680726c4028e3f/element - {"using":"xpath","value":"//*[@id=\"__tile39\"]"}
RESULT: {"using":"xpath","value":"//*[@id=\"__tile39\"]"}
COMMAND: POST /session/5209fcfd0cbd9c22cf680726c4028e3f/element/f.81B74C70C7FE6F01EFB4ED64870B6056.d.A1399408085F98A6DE13948542B52CAE.e.6808/click - {}
RESULT: {}
COMMAND: GET /session/5209fcfd0cbd9c22cf680726c4028e3f/screenshot - {}
RESULT: {}
COMMAND: POST /session/5209fcfd0cbd9c22cf680726c4028e3f/elements - {"using":"xpath","value":"//span[text()='Error']"}
RESULT: {"using":"xpath","value":"//span[text()='Error']"}
COMMAND: POST /session/5209fcfd0cbd9c22cf680726c4028e3f/element - {"using":"xpath","value":"//button[@data-kt=\"addNewRUOverflowToolbarButton\"]"}
RESULT: {"using":"xpath","value":"//button[@data-kt=\"addNewRUOverflowToolbarButton\"]"}
COMMAND: POST /session/5209fcfd0cbd9c22cf680726c4028e3f/elements - {"using":"xpath","value":"//button[@data-kt=\"addNewRUOverflowToolbarButton\"]"}
RESULT: {"using":"xpath","value":"//button[@data-kt=\"addNewRUOverflowToolbarButton\"]"}
COMMAND: POST /session/5209fcfd0cbd9c22cf680726c4028e3f/elements - {"using":"xpath","value":"//button[@data-kt=\"addNewRUOverflowToolbarButton\"]"}
RESULT: {"using":"xpath","value":"//button[@data-kt=\"addNewRUOverflowToolbarButton\"]"}
COMMAND: POST /session/5209fcfd0cbd9c22cf680726c4028e3f/elements - {"using":"xpath","value":"//button[@data-kt=\"addNewRUOverflowToolbarButton\"]"}
RESULT: {"using":"xpath","value":"//button[@data-kt=\"addNewRUOverflowToolbarButton\"]"}
COMMAND: POST /session/5209fcfd0cbd9c22cf680726c4028e3f/elements - {"using":"xpath","value":"//button[@data-kt=\"addNewRUOverflowToolbarButton\"]"}
RESULT: {"using":"xpath","value":"//button[@data-kt=\"addNewRUOverflowToolbarButton\"]"}
COMMAND: POST /session/5209fcfd0cbd9c22cf680726c4028e3f/elements - {"using":"xpath","value":"//button[@data-kt=\"addNewRUOverflowToolbarButton\"]"}
RESULT: {"using":"xpath","value":"//button[@data-kt=\"addNewRUOverflowToolbarButton\"]"}
COMMAND: POST /session/5209fcfd0cbd9c22cf680726c4028e3f/elements - {"using":"xpath","value":"//button[@data-kt=\"addNewRUOverflowToolbarButton\"]"}
RESULT: {"using":"xpath","value":"//button[@data-kt=\"addNewRUOverflowToolbarButton\"]"}
COMMAND: POST /session/5209fcfd0cbd9c22cf680726c4028e3f/elements - {"using":"xpath","value":"//button[@data-kt=\"addNewRUOverflowToolbarButton\"]"}
RESULT: {"using":"xpath","value":"//button[@data-kt=\"addNewRUOverflowToolbarButton\"]"}
COMMAND: POST /session/5209fcfd0cbd9c22cf680726c4028e3f/elements - {"using":"xpath","value":"//button[@data-kt=\"addNewRUOverflowToolbarButton\"]"}
RESULT: {"using":"xpath","value":"//button[@data-kt=\"addNewRUOverflowToolbarButton\"]"}
COMMAND: POST /session/5209fcfd0cbd9c22cf680726c4028e3f/elements - {"using":"xpath","value":"//button[@data-kt=\"addNewRUOverflowToolbarButton\"]"}
RESULT: {"using":"xpath","value":"//button[@data-kt=\"addNewRUOverflowToolbarButton\"]"}
COMMAND: POST /session/5209fcfd0cbd9c22cf680726c4028e3f/elements - {"using":"xpath","value":"//button[@data-kt=\"addNewRUOverflowToolbarButton\"]"}
RESULT: {"using":"xpath","value":"//button[@data-kt=\"addNewRUOverflowToolbarButton\"]"}
COMMAND: POST /session/5209fcfd0cbd9c22cf680726c4028e3f/elements - {"using":"xpath","value":"//button[@data-kt=\"addNewRUOverflowToolbarButton\"]"}
RESULT: {"using":"xpath","value":"//button[@data-kt=\"addNewRUOverflowToolbarButton\"]"}
COMMAND: POST /session/5209fcfd0cbd9c22cf680726c4028e3f/element - {"using":"xpath","value":"//button[@data-kt=\"addNewRUOverflowToolbarButton\"]"}
RESULT: {"using":"xpath","value":"//button[@data-kt=\"addNewRUOverflowToolbarButton\"]"}
COMMAND: POST /session/5209fcfd0cbd9c22cf680726c4028e3f/execute/sync - {"script":"<script> [8489 bytes]","args":[{"element-6066-11e4-a52e-4f735466cecf":"f.81B74C70C7FE6F01EFB4ED64870B6056.d.A1399408085F98A6DE13948542B52CAE.e.6948","ELEMENT":"f.81B74C70C7FE6F01EFB4ED64870B6056.d.A1399408085F98A6DE13948542B52CAE.e.6948"}]}
RESULT: {"script":"<script> [8489 bytes]","args":[{"element-6066-11e4-a52e-4f735466cecf":"f.81B74C70C7FE6F01EFB4ED64870B6056.d.A1399408085F98A6DE13948542B52CAE.e.6948","ELEMENT":"f.81B74C70C7FE6F01EFB4ED64870B6056.d.A1399408085F98A6DE13948542B52CAE.e.6948"}]}
COMMAND: GET /session/5209fcfd0cbd9c22cf680726c4028e3f/element/f.81B74C70C7FE6F01EFB4ED64870B6056.d.A1399408085F98A6DE13948542B52CAE.e.6948/enabled - {}
COMMAND: GET /session/5209fcfd0cbd9c22cf680726c4028e3f/screenshot - {}
RESULT: {}
COMMAND: POST /session/5209fcfd0cbd9c22cf680726c4028e3f/execute/sync - {"script":"<script> [8489 bytes]","args":[{"element-6066-11e4-a52e-4f735466cecf":"f.81B74C70C7FE6F01EFB4ED64870B6056.d.A1399408085F98A6DE13948542B52CAE.e.6948","ELEMENT":"f.81B74C70C7FE6F01EFB4ED64870B6056.d.A1399408085F98A6DE13948542B52CAE.e.6948"}]}
COMMAND: GET /session/5209fcfd0cbd9c22cf680726c4028e3f/screenshot - {}
RESULT: {}
RESULT: {"script":"<script> [8489 bytes]","args":[{"element-6066-11e4-a52e-4f735466cecf":"f.81B74C70C7FE6F01EFB4ED64870B6056.d.A1399408085F98A6DE13948542B52CAE.e.6948","ELEMENT":"f.81B74C70C7FE6F01EFB4ED64870B6056.d.A1399408085F98A6DE13948542B52CAE.e.6948"}]}
COMMAND: POST /session/5209fcfd0cbd9c22cf680726c4028e3f/execute/sync - {"script":"<script> [5351 bytes]","args":[{"element-6066-11e4-a52e-4f735466cecf":"f.81B74C70C7FE6F01EFB4ED64870B6056.d.A1399408085F98A6DE13948542B52CAE.e.6948","ELEMENT":"f.81B74C70C7FE6F01EFB4ED64870B6056.d.A1399408085F98A6DE13948542B52CAE.e.6948"}]}
COMMAND: GET /session/5209fcfd0cbd9c22cf680726c4028e3f/screenshot - {}
RESULT: {}
RESULT: {"script":"<script> [5351 bytes]","args":[{"element-6066-11e4-a52e-4f735466cecf":"f.81B74C70C7FE6F01EFB4ED64870B6056.d.A1399408085F98A6DE13948542B52CAE.e.6948","ELEMENT":"f.81B74C70C7FE6F01EFB4ED64870B6056.d.A1399408085F98A6DE13948542B52CAE.e.6948"}]}
COMMAND: POST /session/5209fcfd0cbd9c22cf680726c4028e3f/element/f.81B74C70C7FE6F01EFB4ED64870B6056.d.A1399408085F98A6DE13948542B52CAE.e.6948/click - {}
COMMAND: GET /session/5209fcfd0cbd9c22cf680726c4028e3f/screenshot - {}
RESULT: {}
RESULT: {}
COMMAND: GET /session/5209fcfd0cbd9c22cf680726c4028e3f/screenshot - {}
COMMAND: POST /session/5209fcfd0cbd9c22cf680726c4028e3f/execute/async - {"script":"<script> [1562 bytes]","args":[{"selector":{"id":"application-manageresources-display-component---newResourceUnit--TYPE-arrow"},"wdio_ui5_key":"applicationmanageresources-display-component---newResourceUnit--TYPE-arrow"}]}
RESULT: {}
RESULT: {}
RESULT: {"script":"<script> [1562 bytes]","args":[{"selector":{"id":"application-manageresources-display-component---newResourceUnit--TYPE-arrow"},"wdio_ui5_key":"applicationmanageresources-display-component---newResourceUnit--TYPE-arrow"}]}
RESULT: undefined
COMMAND: POST /session/5209fcfd0cbd9c22cf680726c4028e3f/element - {"using":"xpath","value":"//*[@id=\"application-manageresources-display-component---newResourceUnit--TYPE-arrow\"]"}
RESULT: {"using":"xpath","value":"//*[@id=\"application-manageresources-display-component---newResourceUnit--TYPE-arrow\"]"}
COMMAND: POST /session/5209fcfd0cbd9c22cf680726c4028e3f/element/f.81B74C70C7FE6F01EFB4ED64870B6056.d.A1399408085F98A6DE13948542B52CAE.e.7304/click - {}
RESULT: {}
COMMAND: POST /session/5209fcfd0cbd9c22cf680726c4028e3f/element - {"using":"xpath","value":"//input[@id=\"application-manageresources-display-component---newResourceUnit--TYPE-inner\"]"}
COMMAND: GET /session/5209fcfd0cbd9c22cf680726c4028e3f/screenshot - {}
RESULT: {"using":"xpath","value":"//input[@id=\"application-manageresources-display-component---newResourceUnit--TYPE-inner\"]"}
COMMAND: POST /session/5209fcfd0cbd9c22cf680726c4028e3f/element/f.81B74C70C7FE6F01EFB4ED64870B6056.d.A1399408085F98A6DE13948542B52CAE.e.7299/clear - {}
RESULT: {}
RESULT: {}
COMMAND: POST /session/5209fcfd0cbd9c22cf680726c4028e3f/element/f.81B74C70C7FE6F01EFB4ED64870B6056.d.A1399408085F98A6DE13948542B52CAE.e.7299/value - {"text":"Material"}
COMMAND: GET /session/5209fcfd0cbd9c22cf680726c4028e3f/screenshot - {}
RESULT: {"text":"Material"}
COMMAND: GET /session/5209fcfd0cbd9c22cf680726c4028e3f/screenshot - {}
RESULT: {}
RESULT: {}
COMMAND: POST /session/5209fcfd0cbd9c22cf680726c4028e3f/actions - {"actions":[{"id":"action19","type":"key","parameters":{},"actions":[{"type":"keyDown","value":""},{"type":"pause","duration":10},{"type":"keyUp","value":""}]}]}
RESULT: {"actions":[{"id":"action19","type":"key","parameters":{},"actions":[{"type":"keyDown","value":""},{"type":"pause","duration":10},{"type":"keyUp","value":""}]}]}
COMMAND: POST /session/5209fcfd0cbd9c22cf680726c4028e3f/execute/async - {"script":"<script> [1562 bytes]","args":[{"selector":{"id":"application-manageresources-display-component---newResourceUnit--SHORT_TEXT","interaction":{"idSuffix":"inner"}},"wdio_ui5_key":"applicationmanageresources-display-component---newResourceUnit--SHORT_TEXT"}]}
COMMAND: GET /session/5209fcfd0cbd9c22cf680726c4028e3f/screenshot - {}
RESULT: {"script":"<script> [1562 bytes]","args":[{"selector":{"id":"application-manageresources-display-component---newResourceUnit--SHORT_TEXT","interaction":{"idSuffix":"inner"}},"wdio_ui5_key":"applicationmanageresources-display-component---newResourceUnit--SHORT_TEXT"}]}
RESULT: undefined
COMMAND: POST /session/5209fcfd0cbd9c22cf680726c4028e3f/execute/async - {"script":"<script> [776 bytes]","args":[{"enterText":"Cement WDIO","selector":{"id":"application-manageresources-display-component---newResourceUnit--SHORT_TEXT","interaction":{"idSuffix":"inner"}},"clearTextFirst":true,"interactionType":"ENTER_TEXT"}]}
RESULT: {}
RESULT: {"script":"<script> [776 bytes]","args":[{"enterText":"Cement WDIO","selector":{"id":"application-manageresources-display-component---newResourceUnit--SHORT_TEXT","interaction":{"idSuffix":"inner"}},"clearTextFirst":true,"interactionType":"ENTER_TEXT"}]}
COMMAND: POST /session/5209fcfd0cbd9c22cf680726c4028e3f/execute/async - {"script":"<script> [1562 bytes]","args":[{"selector":{"id":"application-manageresources-display-component---newResourceUnit--BASE_UNIT_OF_MEASURE","interaction":{"idSuffix":"inner"}},"wdio_ui5_key":"applicationmanageresources-display-component---newResourceUnit--BASE_UNIT_OF_MEASURE"}]}
RESULT: {"script":"<script> [1562 bytes]","args":[{"selector":{"id":"application-manageresources-display-component---newResourceUnit--BASE_UNIT_OF_MEASURE","interaction":{"idSuffix":"inner"}},"wdio_ui5_key":"applicationmanageresources-display-component---newResourceUnit--BASE_UNIT_OF_MEASURE"}]}
RESULT: undefined
COMMAND: POST /session/5209fcfd0cbd9c22cf680726c4028e3f/execute/async - {"script":"<script> [776 bytes]","args":[{"enterText":"Piece","selector":{"id":"application-manageresources-display-component---newResourceUnit--BASE_UNIT_OF_MEASURE","interaction":{"idSuffix":"inner"}},"clearTextFirst":true,"interactionType":"ENTER_TEXT"}]}
RESULT: {"script":"<script> [776 bytes]","args":[{"enterText":"Piece","selector":{"id":"application-manageresources-display-component---newResourceUnit--BASE_UNIT_OF_MEASURE","interaction":{"idSuffix":"inner"}},"clearTextFirst":true,"interactionType":"ENTER_TEXT"}]}
COMMAND: POST /session/5209fcfd0cbd9c22cf680726c4028e3f/execute/async - {"script":"<script> [1562 bytes]","args":[{"selector":{"id":"application-manageresources-display-component---newResourceUnit--WEIGHT_UNIT","interaction":{"idSuffix":"inner"}},"wdio_ui5_key":"applicationmanageresources-display-component---newResourceUnit--WEIGHT_UNIT"}]}
RESULT: {"script":"<script> [1562 bytes]","args":[{"selector":{"id":"application-manageresources-display-component---newResourceUnit--WEIGHT_UNIT","interaction":{"idSuffix":"inner"}},"wdio_ui5_key":"applicationmanageresources-display-component---newResourceUnit--WEIGHT_UNIT"}]}
RESULT: undefined
COMMAND: POST /session/5209fcfd0cbd9c22cf680726c4028e3f/execute/async - {"script":"<script> [776 bytes]","args":[{"enterText":"Gram","selector":{"id":"application-manageresources-display-component---newResourceUnit--WEIGHT_UNIT","interaction":{"idSuffix":"inner"}},"clearTextFirst":true,"interactionType":"ENTER_TEXT"}]}
RESULT: {"script":"<script> [776 bytes]","args":[{"enterText":"Gram","selector":{"id":"application-manageresources-display-component---newResourceUnit--WEIGHT_UNIT","interaction":{"idSuffix":"inner"}},"clearTextFirst":true,"interactionType":"ENTER_TEXT"}]}
COMMAND: POST /session/5209fcfd0cbd9c22cf680726c4028e3f/execute/async - {"script":"<script> [1562 bytes]","args":[{"selector":{"id":"application-manageresources-display-component---newResourceUnit--DIMENSION_UNIT","interaction":{"idSuffix":"inner"}},"wdio_ui5_key":"applicationmanageresources-display-component---newResourceUnit--DIMENSION_UNIT"}]}
RESULT: {"script":"<script> [1562 bytes]","args":[{"selector":{"id":"application-manageresources-display-component---newResourceUnit--DIMENSION_UNIT","interaction":{"idSuffix":"inner"}},"wdio_ui5_key":"applicationmanageresources-display-component---newResourceUnit--DIMENSION_UNIT"}]}
RESULT: undefined
COMMAND: POST /session/5209fcfd0cbd9c22cf680726c4028e3f/execute/async - {"script":"<script> [776 bytes]","args":[{"enterText":"Meter","selector":{"id":"application-manageresources-display-component---newResourceUnit--DIMENSION_UNIT","interaction":{"idSuffix":"inner"}},"clearTextFirst":true,"interactionType":"ENTER_TEXT"}]}
RESULT: {"script":"<script> [776 bytes]","args":[{"enterText":"Meter","selector":{"id":"application-manageresources-display-component---newResourceUnit--DIMENSION_UNIT","interaction":{"idSuffix":"inner"}},"clearTextFirst":true,"interactionType":"ENTER_TEXT"}]}
COMMAND: POST /session/5209fcfd0cbd9c22cf680726c4028e3f/execute/async - {"script":"<script> [1562 bytes]","args":[{"selector":{"id":"application-manageresources-display-component---newResourceUnit--newRRUPage-anchBar-application-manageresources-display-component---newResourceUnit--control-anchor","interaction":{"idSuffix":"BDI-content"}},"wdio_ui5_key":"applicationmanageresources-display-component---newResourceUnit--newRRUPage-anchBar-application-manageresources-display-component---newResourceUnit--control-anchor"}]}
RESULT: {"script":"<script> [1562 bytes]","args":[{"selector":{"id":"application-manageresources-display-component---newResourceUnit--newRRUPage-anchBar-application-manageresources-display-component---newResourceUnit--control-anchor","interaction":{"idSuffix":"BDI-content"}},"wdio_ui5_key":"applicationmanageresources-display-component---newResourceUnit--newRRUPage-anchBar-application-manageresources-display-component---newResourceUnit--control-anchor"}]}
RESULT: undefined
COMMAND: POST /session/5209fcfd0cbd9c22cf680726c4028e3f/element - {"using":"xpath","value":"//*[@id=\"application-manageresources-display-component---newResourceUnit--newRRUPage-anchBar-application-manageresources-display-component---newResourceUnit--control-anchor\"]"}
RESULT: {"using":"xpath","value":"//*[@id=\"application-manageresources-display-component---newResourceUnit--newRRUPage-anchBar-application-manageresources-display-component---newResourceUnit--control-anchor\"]"}
COMMAND: POST /session/5209fcfd0cbd9c22cf680726c4028e3f/element/f.81B74C70C7FE6F01EFB4ED64870B6056.d.A1399408085F98A6DE13948542B52CAE.e.7371/click - {}
RESULT: {}
COMMAND: POST /session/5209fcfd0cbd9c22cf680726c4028e3f/execute/async - {"script":"<script> [1562 bytes]","args":[{"selector":{"id":"application-manageresources-display-component---newResourceUnit--PLANNING_GROUP","interaction":{"idSuffix":"inner"}},"wdio_ui5_key":"applicationmanageresources-display-component---newResourceUnit--PLANNING_GROUP"}]}
COMMAND: GET /session/5209fcfd0cbd9c22cf680726c4028e3f/screenshot - {}
RESULT: {"script":"<script> [1562 bytes]","args":[{"selector":{"id":"application-manageresources-display-component---newResourceUnit--PLANNING_GROUP","interaction":{"idSuffix":"inner"}},"wdio_ui5_key":"applicationmanageresources-display-component---newResourceUnit--PLANNING_GROUP"}]}
RESULT: undefined
COMMAND: POST /session/5209fcfd0cbd9c22cf680726c4028e3f/execute/async - {"script":"<script> [776 bytes]","args":[{"enterText":"Material","selector":{"id":"application-manageresources-display-component---newResourceUnit--PLANNING_GROUP","interaction":{"idSuffix":"inner"}},"clearTextFirst":true,"interactionType":"ENTER_TEXT"}]}
RESULT: {}
RESULT: {"script":"<script> [776 bytes]","args":[{"enterText":"Material","selector":{"id":"application-manageresources-display-component---newResourceUnit--PLANNING_GROUP","interaction":{"idSuffix":"inner"}},"clearTextFirst":true,"interactionType":"ENTER_TEXT"}]}
COMMAND: POST /session/5209fcfd0cbd9c22cf680726c4028e3f/execute/async - {"script":"<script> [1562 bytes]","args":[{"selector":{"id":"application-manageresources-display-component---newResourceUnit--PLANNING_INDICATOR","interaction":{"idSuffix":"inner"}},"wdio_ui5_key":"applicationmanageresources-display-component---newResourceUnit--PLANNING_INDICATOR"}]}
RESULT: {"script":"<script> [1562 bytes]","args":[{"selector":{"id":"application-manageresources-display-component---newResourceUnit--PLANNING_INDICATOR","interaction":{"idSuffix":"inner"}},"wdio_ui5_key":"applicationmanageresources-display-component---newResourceUnit--PLANNING_INDICATOR"}]}
RESULT: undefined
COMMAND: POST /session/5209fcfd0cbd9c22cf680726c4028e3f/execute/async - {"script":"<script> [776 bytes]","args":[{"enterText":"10 - infinite","selector":{"id":"application-manageresources-display-component---newResourceUnit--PLANNING_INDICATOR","interaction":{"idSuffix":"inner"}},"clearTextFirst":true,"interactionType":"ENTER_TEXT"}]}
RESULT: {"script":"<script> [776 bytes]","args":[{"enterText":"10 - infinite","selector":{"id":"application-manageresources-display-component---newResourceUnit--PLANNING_INDICATOR","interaction":{"idSuffix":"inner"}},"clearTextFirst":true,"interactionType":"ENTER_TEXT"}]}
COMMAND: POST /session/5209fcfd0cbd9c22cf680726c4028e3f/element - {"using":"css selector","value":"#application-manageresources-display-component---newResourceUnit--btnAddTimeSegment"}
RESULT: {"using":"css selector","value":"#application-manageresources-display-component---newResourceUnit--btnAddTimeSegment"}
COMMAND: GET /session/5209fcfd0cbd9c22cf680726c4028e3f/element/f.81B74C70C7FE6F01EFB4ED64870B6056.d.A1399408085F98A6DE13948542B52CAE.e.7379/rect - {}
RESULT: {}
COMMAND: GET /session/5209fcfd0cbd9c22cf680726c4028e3f/window/rect - {}
RESULT: {}
COMMAND: POST /session/5209fcfd0cbd9c22cf680726c4028e3f/execute/sync - {"script":"<script> [92 bytes]","args":[]}
RESULT: {"script":"<script> [92 bytes]","args":[]}
COMMAND: POST /session/5209fcfd0cbd9c22cf680726c4028e3f/actions - {"actions":[{"id":"action20","type":"wheel","parameters":{},"actions":[{"type":"scroll","x":-1888,"y":-32,"deltaX":0,"deltaY":0,"duration":0,"origin":{"element-6066-11e4-a52e-4f735466cecf":"f.81B74C70C7FE6F01EFB4ED64870B6056.d.A1399408085F98A6DE13948542B52CAE.e.7379"}}]}]}
COMMAND: GET /session/5209fcfd0cbd9c22cf680726c4028e3f/screenshot - {}
RESULT: {}
COMMAND: POST /session/5209fcfd0cbd9c22cf680726c4028e3f/execute/sync - {"script":"<script> [79 bytes]","args":[{"element-6066-11e4-a52e-4f735466cecf":"f.81B74C70C7FE6F01EFB4ED64870B6056.d.A1399408085F98A6DE13948542B52CAE.e.7379","ELEMENT":"f.81B74C70C7FE6F01EFB4ED64870B6056.d.A1399408085F98A6DE13948542B52CAE.e.7379"},{"block":"start","inline":"nearest"}]}
RESULT: {"script":"<script> [79 bytes]","args":[{"element-6066-11e4-a52e-4f735466cecf":"f.81B74C70C7FE6F01EFB4ED64870B6056.d.A1399408085F98A6DE13948542B52CAE.e.7379","ELEMENT":"f.81B74C70C7FE6F01EFB4ED64870B6056.d.A1399408085F98A6DE13948542B52CAE.e.7379"},{"block":"start","inline":"nearest"}]}
COMMAND: POST /session/5209fcfd0cbd9c22cf680726c4028e3f/execute/async - {"script":"<script> [1562 bytes]","args":[{"selector":{"id":"application-manageresources-display-component---newResourceUnit--btnAddTimeSegment","interaction":{"idSuffix":"inner"}},"wdio_ui5_key":"applicationmanageresources-display-component---newResourceUnit--btnAddTimeSegment"}]}
COMMAND: GET /session/5209fcfd0cbd9c22cf680726c4028e3f/screenshot - {}
RESULT: {"script":"<script> [1562 bytes]","args":[{"selector":{"id":"application-manageresources-display-component---newResourceUnit--btnAddTimeSegment","interaction":{"idSuffix":"inner"}},"wdio_ui5_key":"applicationmanageresources-display-component---newResourceUnit--btnAddTimeSegment"}]}
RESULT: undefined
COMMAND: POST /session/5209fcfd0cbd9c22cf680726c4028e3f/element - {"using":"xpath","value":"//*[@id=\"application-manageresources-display-component---newResourceUnit--btnAddTimeSegment\"]"}
RESULT: {}
RESULT: {"using":"xpath","value":"//*[@id=\"application-manageresources-display-component---newResourceUnit--btnAddTimeSegment\"]"}
COMMAND: POST /session/5209fcfd0cbd9c22cf680726c4028e3f/element/f.81B74C70C7FE6F01EFB4ED64870B6056.d.A1399408085F98A6DE13948542B52CAE.e.7379/click - {}
RESULT: {}
COMMAND: GET /session/5209fcfd0cbd9c22cf680726c4028e3f/screenshot - {}
RESULT: {}
COMMAND: POST /session/5209fcfd0cbd9c22cf680726c4028e3f/element - {"using":"xpath","value":"//input[@id=\"application-manageresources-display-component---newResourceUnit--idRuTSAdmin-application-manageresources-display-component---newResourceUnit--RUTimeSegment-0-inner\"]"}
RESULT: {"using":"xpath","value":"//input[@id=\"application-manageresources-display-component---newResourceUnit--idRuTSAdmin-application-manageresources-display-component---newResourceUnit--RUTimeSegment-0-inner\"]"}
COMMAND: POST /session/5209fcfd0cbd9c22cf680726c4028e3f/element/f.81B74C70C7FE6F01EFB4ED64870B6056.d.A1399408085F98A6DE13948542B52CAE.e.7384/clear - {}
RESULT: {}
COMMAND: POST /session/5209fcfd0cbd9c22cf680726c4028e3f/element/f.81B74C70C7FE6F01EFB4ED64870B6056.d.A1399408085F98A6DE13948542B52CAE.e.7384/value - {"text":"678"}
COMMAND: GET /session/5209fcfd0cbd9c22cf680726c4028e3f/screenshot - {}
RESULT: {"text":"678"}
COMMAND: GET /session/5209fcfd0cbd9c22cf680726c4028e3f/screenshot - {}
RESULT: {}
RESULT: {}
COMMAND: POST /session/5209fcfd0cbd9c22cf680726c4028e3f/element - {"using":"xpath","value":"//li[.//span[text()='678']]"}
RESULT: {"using":"xpath","value":"//li[.//span[text()='678']]"}
COMMAND: POST /session/5209fcfd0cbd9c22cf680726c4028e3f/element/f.81B74C70C7FE6F01EFB4ED64870B6056.d.A1399408085F98A6DE13948542B52CAE.e.7393/click - {}
RESULT: {}
COMMAND: GET /session/5209fcfd0cbd9c22cf680726c4028e3f/screenshot - {}
RESULT: {}
COMMAND: POST /session/5209fcfd0cbd9c22cf680726c4028e3f/element - {"using":"xpath","value":"(//span[contains(@id, \"-application-manageresources-display-component---newResourceUnit--RUTimeSegment-0-arrow\")])[2]"}
RESULT: {"using":"xpath","value":"(//span[contains(@id, \"-application-manageresources-display-component---newResourceUnit--RUTimeSegment-0-arrow\")])[2]"}
COMMAND: POST /session/5209fcfd0cbd9c22cf680726c4028e3f/element/f.81B74C70C7FE6F01EFB4ED64870B6056.d.A1399408085F98A6DE13948542B52CAE.e.7394/click - {}
RESULT: {}
COMMAND: POST /session/5209fcfd0cbd9c22cf680726c4028e3f/element - {"using":"xpath","value":"//span[contains(text(), \"PM Order\")]"}
COMMAND: GET /session/5209fcfd0cbd9c22cf680726c4028e3f/screenshot - {}
RESULT: {"using":"xpath","value":"//span[contains(text(), \"PM Order\")]"}
COMMAND: POST /session/5209fcfd0cbd9c22cf680726c4028e3f/element/f.81B74C70C7FE6F01EFB4ED64870B6056.d.A1399408085F98A6DE13948542B52CAE.e.7395/click - {}
RESULT: {}
RESULT: {}
COMMAND: GET /session/5209fcfd0cbd9c22cf680726c4028e3f/screenshot - {}
RESULT: {}
COMMAND: POST /session/5209fcfd0cbd9c22cf680726c4028e3f/element - {"using":"xpath","value":"//td/div/div/div/span[contains(@id, \"newResourceUnit--RUTimeSegment-0-vhi\")][1]"}
RESULT: {"using":"xpath","value":"//td/div/div/div/span[contains(@id, \"newResourceUnit--RUTimeSegment-0-vhi\")][1]"}
COMMAND: GET /session/5209fcfd0cbd9c22cf680726c4028e3f/element/f.81B74C70C7FE6F01EFB4ED64870B6056.d.A1399408085F98A6DE13948542B52CAE.e.7399/rect - {}
RESULT: {}
COMMAND: GET /session/5209fcfd0cbd9c22cf680726c4028e3f/window/rect - {}
RESULT: {}
COMMAND: POST /session/5209fcfd0cbd9c22cf680726c4028e3f/execute/sync - {"script":"<script> [92 bytes]","args":[]}
RESULT: {"script":"<script> [92 bytes]","args":[]}
COMMAND: POST /session/5209fcfd0cbd9c22cf680726c4028e3f/actions - {"actions":[{"id":"action21","type":"wheel","parameters":{},"actions":[{"type":"scroll","x":-1888,"y":-24,"deltaX":0,"deltaY":0,"duration":0,"origin":{"element-6066-11e4-a52e-4f735466cecf":"f.81B74C70C7FE6F01EFB4ED64870B6056.d.A1399408085F98A6DE13948542B52CAE.e.7399"}}]}]}
COMMAND: GET /session/5209fcfd0cbd9c22cf680726c4028e3f/screenshot - {}
RESULT: {}
COMMAND: POST /session/5209fcfd0cbd9c22cf680726c4028e3f/execute/sync - {"script":"<script> [79 bytes]","args":[{"element-6066-11e4-a52e-4f735466cecf":"f.81B74C70C7FE6F01EFB4ED64870B6056.d.A1399408085F98A6DE13948542B52CAE.e.7399","ELEMENT":"f.81B74C70C7FE6F01EFB4ED64870B6056.d.A1399408085F98A6DE13948542B52CAE.e.7399"},{"block":"start","inline":"nearest"}]}
RESULT: {"script":"<script> [79 bytes]","args":[{"element-6066-11e4-a52e-4f735466cecf":"f.81B74C70C7FE6F01EFB4ED64870B6056.d.A1399408085F98A6DE13948542B52CAE.e.7399","ELEMENT":"f.81B74C70C7FE6F01EFB4ED64870B6056.d.A1399408085F98A6DE13948542B52CAE.e.7399"},{"block":"start","inline":"nearest"}]}
COMMAND: GET /session/5209fcfd0cbd9c22cf680726c4028e3f/screenshot - {}
RESULT: {}
COMMAND: POST /session/5209fcfd0cbd9c22cf680726c4028e3f/element/f.81B74C70C7FE6F01EFB4ED64870B6056.d.A1399408085F98A6DE13948542B52CAE.e.7399/click - {}
RESULT: {}
COMMAND: GET /session/5209fcfd0cbd9c22cf680726c4028e3f/screenshot - {}
RESULT: {}
COMMAND: POST /session/5209fcfd0cbd9c22cf680726c4028e3f/execute/async - {"script":"<script> [1562 bytes]","args":[{"selector":{"controlType":"sap.m.SearchField","properties":{"placeholder":"Search"},"searchOpenDialogs":true,"interaction":{"idSuffix":"I"}},"wdio_ui5_key":"sapm.SearchField{\"placeholder\":\"Search\"}"}]}
RESULT: {"script":"<script> [1562 bytes]","args":[{"selector":{"controlType":"sap.m.SearchField","properties":{"placeholder":"Search"},"searchOpenDialogs":true,"interaction":{"idSuffix":"I"}},"wdio_ui5_key":"sapm.SearchField{\"placeholder\":\"Search\"}"}]}
RESULT: undefined
COMMAND: POST /session/5209fcfd0cbd9c22cf680726c4028e3f/execute/async - {"script":"<script> [776 bytes]","args":[{"enterText":"4000360","selector":{"controlType":"sap.m.SearchField","properties":{"placeholder":"Search"},"searchOpenDialogs":true,"interaction":{"idSuffix":"I"}},"clearTextFirst":true,"interactionType":"ENTER_TEXT"}]}
RESULT: {"script":"<script> [776 bytes]","args":[{"enterText":"4000360","selector":{"controlType":"sap.m.SearchField","properties":{"placeholder":"Search"},"searchOpenDialogs":true,"interaction":{"idSuffix":"I"}},"clearTextFirst":true,"interactionType":"ENTER_TEXT"}]}
COMMAND: POST /session/5209fcfd0cbd9c22cf680726c4028e3f/actions - {"actions":[{"id":"action22","type":"key","parameters":{},"actions":[{"type":"keyDown","value":""},{"type":"pause","duration":10},{"type":"keyUp","value":""}]}]}
RESULT: {"actions":[{"id":"action22","type":"key","parameters":{},"actions":[{"type":"keyDown","value":""},{"type":"pause","duration":10},{"type":"keyUp","value":""}]}]}
COMMAND: GET /session/5209fcfd0cbd9c22cf680726c4028e3f/screenshot - {}
RESULT: {}
COMMAND: POST /session/5209fcfd0cbd9c22cf680726c4028e3f/element - {"using":"xpath","value":"//td/div/span[contains(text(), \"BGL Vehicles\")]"}
RESULT: {"using":"xpath","value":"//td/div/span[contains(text(), \"BGL Vehicles\")]"}
COMMAND: POST /session/5209fcfd0cbd9c22cf680726c4028e3f/element/f.81B74C70C7FE6F01EFB4ED64870B6056.d.A1399408085F98A6DE13948542B52CAE.e.7419/click - {}
RESULT: {}
COMMAND: GET /session/5209fcfd0cbd9c22cf680726c4028e3f/screenshot - {}
RESULT: {}
COMMAND: POST /session/5209fcfd0cbd9c22cf680726c4028e3f/element - {"using":"xpath","value":"//bdi[contains(text(), \"OK\")]"}
RESULT: {"using":"xpath","value":"//bdi[contains(text(), \"OK\")]"}
COMMAND: POST /session/5209fcfd0cbd9c22cf680726c4028e3f/element/f.81B74C70C7FE6F01EFB4ED64870B6056.d.A1399408085F98A6DE13948542B52CAE.e.7420/click - {}
RESULT: {}
COMMAND: GET /session/5209fcfd0cbd9c22cf680726c4028e3f/screenshot - {}
RESULT: {}
COMMAND: POST /session/5209fcfd0cbd9c22cf680726c4028e3f/element - {"using":"xpath","value":"//label[contains(@class, 'sapMLabelRequired') and .//bdi[contains(text(), 'Planned Retirement')]]"}
RESULT: {"using":"xpath","value":"//label[contains(@class, 'sapMLabelRequired') and .//bdi[contains(text(), 'Planned Retirement')]]"}
COMMAND: POST /session/5209fcfd0cbd9c22cf680726c4028e3f/elements - {"using":"xpath","value":"//label[contains(@class, 'sapMLabelRequired') and .//bdi[contains(text(), 'Planned Retirement')]]"}
RESULT: {"using":"xpath","value":"//label[contains(@class, 'sapMLabelRequired') and .//bdi[contains(text(), 'Planned Retirement')]]"}
COMMAND: POST /session/5209fcfd0cbd9c22cf680726c4028e3f/element - {"using":"xpath","value":"//button[@data-kt=\"resourceUnitSaveButton\"]"}
RESULT: {"using":"xpath","value":"//button[@data-kt=\"resourceUnitSaveButton\"]"}
COMMAND: POST /session/5209fcfd0cbd9c22cf680726c4028e3f/element/f.81B74C70C7FE6F01EFB4ED64870B6056.d.A1399408085F98A6DE13948542B52CAE.e.7323/click - {}
RESULT: {}
COMMAND: GET /session/5209fcfd0cbd9c22cf680726c4028e3f/screenshot - {}
RESULT: {}
COMMAND: POST /session/5209fcfd0cbd9c22cf680726c4028e3f/element - {"using":"xpath","value":"//bdi[contains(text(), \"Close\")]"}
RESULT: {"using":"xpath","value":"//bdi[contains(text(), \"Close\")]"}
COMMAND: POST /session/5209fcfd0cbd9c22cf680726c4028e3f/element/f.81B74C70C7FE6F01EFB4ED64870B6056.d.A1399408085F98A6DE13948542B52CAE.e.7427/click - {}
RESULT: {}
COMMAND: GET /session/5209fcfd0cbd9c22cf680726c4028e3f/screenshot - {}
RESULT: {}
COMMAND: POST /session/5209fcfd0cbd9c22cf680726c4028e3f/element - {"using":"xpath","value":"//header[contains(@id, 'detailRruPage-headerTitle')]/div[1]/div[2]/div[2]/span[1]"}
RESULT: {"using":"xpath","value":"//header[contains(@id, 'detailRruPage-headerTitle')]/div[1]/div[2]/div[2]/span[1]"}
COMMAND: POST /session/5209fcfd0cbd9c22cf680726c4028e3f/elements - {"using":"xpath","value":"//header[contains(@id, 'detailRruPage-headerTitle')]/div[1]/div[2]/div[2]/span[1]"}
RESULT: {"using":"xpath","value":"//header[contains(@id, 'detailRruPage-headerTitle')]/div[1]/div[2]/div[2]/span[1]"}
COMMAND: POST /session/5209fcfd0cbd9c22cf680726c4028e3f/execute/sync - {"script":"<script> [56 bytes]","args":[{"element-6066-11e4-a52e-4f735466cecf":"f.81B74C70C7FE6F01EFB4ED64870B6056.d.A1399408085F98A6DE13948542B52CAE.e.7462","ELEMENT":"f.81B74C70C7FE6F01EFB4ED64870B6056.d.A1399408085F98A6DE13948542B52CAE.e.7462"}]}
RESULT: {"script":"<script> [56 bytes]","args":[{"element-6066-11e4-a52e-4f735466cecf":"f.81B74C70C7FE6F01EFB4ED64870B6056.d.A1399408085F98A6DE13948542B52CAE.e.7462","ELEMENT":"f.81B74C70C7FE6F01EFB4ED64870B6056.d.A1399408085F98A6DE13948542B52CAE.e.7462"}]}
]]></system-out>
    </testcase>
    <testcase classname="chrome.136_0_7103_93.windows.US134625_Set_up_price_condition_-_one_time" name="Should create new pricing rule one time" time="61.303">
      <system-out><![CDATA[
COMMAND: POST /session/5209fcfd0cbd9c22cf680726c4028e3f/element - {"using":"xpath","value":"(//button[contains(@id ,\"actionsToolbar-overflowButton\")])[1]"}
COMMAND: GET /session/5209fcfd0cbd9c22cf680726c4028e3f/screenshot - {}
RESULT: {"using":"xpath","value":"(//button[contains(@id ,\"actionsToolbar-overflowButton\")])[1]"}
COMMAND: POST /session/5209fcfd0cbd9c22cf680726c4028e3f/element/f.81B74C70C7FE6F01EFB4ED64870B6056.d.A1399408085F98A6DE13948542B52CAE.e.7463/click - {}
RESULT: {}
RESULT: {}
COMMAND: GET /session/5209fcfd0cbd9c22cf680726c4028e3f/screenshot - {}
RESULT: {}
COMMAND: POST /session/5209fcfd0cbd9c22cf680726c4028e3f/element - {"using":"xpath","value":"//button[@data-kt=\"priceInfoButton\"]"}
RESULT: {"using":"xpath","value":"//button[@data-kt=\"priceInfoButton\"]"}
COMMAND: POST /session/5209fcfd0cbd9c22cf680726c4028e3f/element/f.81B74C70C7FE6F01EFB4ED64870B6056.d.A1399408085F98A6DE13948542B52CAE.e.7467/click - {}
RESULT: {}
COMMAND: GET /session/5209fcfd0cbd9c22cf680726c4028e3f/screenshot - {}
RESULT: {}
COMMAND: POST /session/5209fcfd0cbd9c22cf680726c4028e3f/element - {"using":"xpath","value":"//button[@data-kt=\"addButton\"]"}
RESULT: {"using":"xpath","value":"//button[@data-kt=\"addButton\"]"}
COMMAND: POST /session/5209fcfd0cbd9c22cf680726c4028e3f/elements - {"using":"xpath","value":"//button[@data-kt=\"addButton\"]"}
RESULT: {"using":"xpath","value":"//button[@data-kt=\"addButton\"]"}
COMMAND: POST /session/5209fcfd0cbd9c22cf680726c4028e3f/elements - {"using":"xpath","value":"//button[@data-kt=\"addButton\"]"}
RESULT: {"using":"xpath","value":"//button[@data-kt=\"addButton\"]"}
COMMAND: POST /session/5209fcfd0cbd9c22cf680726c4028e3f/element - {"using":"xpath","value":"//button[@data-kt=\"addButton\"]"}
RESULT: {"using":"xpath","value":"//button[@data-kt=\"addButton\"]"}
COMMAND: POST /session/5209fcfd0cbd9c22cf680726c4028e3f/execute/sync - {"script":"<script> [8489 bytes]","args":[{"element-6066-11e4-a52e-4f735466cecf":"f.81B74C70C7FE6F01EFB4ED64870B6056.d.A1399408085F98A6DE13948542B52CAE.e.7504","ELEMENT":"f.81B74C70C7FE6F01EFB4ED64870B6056.d.A1399408085F98A6DE13948542B52CAE.e.7504"}]}
RESULT: {"script":"<script> [8489 bytes]","args":[{"element-6066-11e4-a52e-4f735466cecf":"f.81B74C70C7FE6F01EFB4ED64870B6056.d.A1399408085F98A6DE13948542B52CAE.e.7504","ELEMENT":"f.81B74C70C7FE6F01EFB4ED64870B6056.d.A1399408085F98A6DE13948542B52CAE.e.7504"}]}
COMMAND: GET /session/5209fcfd0cbd9c22cf680726c4028e3f/element/f.81B74C70C7FE6F01EFB4ED64870B6056.d.A1399408085F98A6DE13948542B52CAE.e.7504/enabled - {}
COMMAND: GET /session/5209fcfd0cbd9c22cf680726c4028e3f/screenshot - {}
RESULT: {}
COMMAND: POST /session/5209fcfd0cbd9c22cf680726c4028e3f/execute/sync - {"script":"<script> [8489 bytes]","args":[{"element-6066-11e4-a52e-4f735466cecf":"f.81B74C70C7FE6F01EFB4ED64870B6056.d.A1399408085F98A6DE13948542B52CAE.e.7504","ELEMENT":"f.81B74C70C7FE6F01EFB4ED64870B6056.d.A1399408085F98A6DE13948542B52CAE.e.7504"}]}
COMMAND: GET /session/5209fcfd0cbd9c22cf680726c4028e3f/screenshot - {}
RESULT: {}
RESULT: {"script":"<script> [8489 bytes]","args":[{"element-6066-11e4-a52e-4f735466cecf":"f.81B74C70C7FE6F01EFB4ED64870B6056.d.A1399408085F98A6DE13948542B52CAE.e.7504","ELEMENT":"f.81B74C70C7FE6F01EFB4ED64870B6056.d.A1399408085F98A6DE13948542B52CAE.e.7504"}]}
COMMAND: POST /session/5209fcfd0cbd9c22cf680726c4028e3f/execute/sync - {"script":"<script> [5351 bytes]","args":[{"element-6066-11e4-a52e-4f735466cecf":"f.81B74C70C7FE6F01EFB4ED64870B6056.d.A1399408085F98A6DE13948542B52CAE.e.7504","ELEMENT":"f.81B74C70C7FE6F01EFB4ED64870B6056.d.A1399408085F98A6DE13948542B52CAE.e.7504"}]}
COMMAND: GET /session/5209fcfd0cbd9c22cf680726c4028e3f/screenshot - {}
RESULT: {}
RESULT: {"script":"<script> [5351 bytes]","args":[{"element-6066-11e4-a52e-4f735466cecf":"f.81B74C70C7FE6F01EFB4ED64870B6056.d.A1399408085F98A6DE13948542B52CAE.e.7504","ELEMENT":"f.81B74C70C7FE6F01EFB4ED64870B6056.d.A1399408085F98A6DE13948542B52CAE.e.7504"}]}
COMMAND: POST /session/5209fcfd0cbd9c22cf680726c4028e3f/element/f.81B74C70C7FE6F01EFB4ED64870B6056.d.A1399408085F98A6DE13948542B52CAE.e.7504/click - {}
COMMAND: GET /session/5209fcfd0cbd9c22cf680726c4028e3f/screenshot - {}
RESULT: {}
RESULT: {}
COMMAND: GET /session/5209fcfd0cbd9c22cf680726c4028e3f/screenshot - {}
RESULT: {}
RESULT: {}
COMMAND: POST /session/5209fcfd0cbd9c22cf680726c4028e3f/execute/async - {"script":"<script> [1562 bytes]","args":[{"selector":{"controlType":"sap.m.Title","viewName":"etm.portal.ui.managepricingrules.view.NewItem","viewId":"application-managepricingrules-display-component---newInfoPriceItem","properties":{"text":"New Pricing Rules - Item Level"}},"wdio_ui5_key":"etmportal.ui.managepricingrules.view.NewItemsap.m.Title{\"text\":\"New Pricing Rules - Item Level\"}"}]}
RESULT: {"script":"<script> [1562 bytes]","args":[{"selector":{"controlType":"sap.m.Title","viewName":"etm.portal.ui.managepricingrules.view.NewItem","viewId":"application-managepricingrules-display-component---newInfoPriceItem","properties":{"text":"New Pricing Rules - Item Level"}},"wdio_ui5_key":"etmportal.ui.managepricingrules.view.NewItemsap.m.Title{\"text\":\"New Pricing Rules - Item Level\"}"}]}
RESULT: undefined
COMMAND: POST /session/5209fcfd0cbd9c22cf680726c4028e3f/execute/async - {"script":"<script> [6424 bytes]","args":[{"element-6066-11e4-a52e-4f735466cecf":"f.81B74C70C7FE6F01EFB4ED64870B6056.d.A1399408085F98A6DE13948542B52CAE.e.7676"},"getText",[]]}
RESULT: {"script":"<script> [6424 bytes]","args":[{"element-6066-11e4-a52e-4f735466cecf":"f.81B74C70C7FE6F01EFB4ED64870B6056.d.A1399408085F98A6DE13948542B52CAE.e.7676"},"getText",[]]}
COMMAND: POST /session/5209fcfd0cbd9c22cf680726c4028e3f/execute/async - {"script":"<script> [1562 bytes]","args":[{"selector":{"id":"application-managepricingrules-display-component---newInfoPriceItem--condValidTo","interaction":{"idSuffix":"inner"}},"wdio_ui5_key":"applicationmanagepricingrules-display-component---newInfoPriceItem--condValidTo"}]}
RESULT: {"script":"<script> [1562 bytes]","args":[{"selector":{"id":"application-managepricingrules-display-component---newInfoPriceItem--condValidTo","interaction":{"idSuffix":"inner"}},"wdio_ui5_key":"applicationmanagepricingrules-display-component---newInfoPriceItem--condValidTo"}]}
RESULT: undefined
COMMAND: POST /session/5209fcfd0cbd9c22cf680726c4028e3f/execute/async - {"script":"<script> [776 bytes]","args":[{"enterText":"1/22/26","selector":{"id":"application-managepricingrules-display-component---newInfoPriceItem--condValidTo","interaction":{"idSuffix":"inner"}},"clearTextFirst":true,"interactionType":"ENTER_TEXT"}]}
RESULT: {"script":"<script> [776 bytes]","args":[{"enterText":"1/22/26","selector":{"id":"application-managepricingrules-display-component---newInfoPriceItem--condValidTo","interaction":{"idSuffix":"inner"}},"clearTextFirst":true,"interactionType":"ENTER_TEXT"}]}
COMMAND: POST /session/5209fcfd0cbd9c22cf680726c4028e3f/execute/async - {"script":"<script> [1562 bytes]","args":[{"selector":{"id":"application-managepricingrules-display-component---newInfoPriceItem--billType-arrow"},"wdio_ui5_key":"applicationmanagepricingrules-display-component---newInfoPriceItem--billType-arrow"}]}
RESULT: {"script":"<script> [1562 bytes]","args":[{"selector":{"id":"application-managepricingrules-display-component---newInfoPriceItem--billType-arrow"},"wdio_ui5_key":"applicationmanagepricingrules-display-component---newInfoPriceItem--billType-arrow"}]}
RESULT: undefined
COMMAND: POST /session/5209fcfd0cbd9c22cf680726c4028e3f/element - {"using":"xpath","value":"//*[@id=\"application-managepricingrules-display-component---newInfoPriceItem--billType-arrow\"]"}
RESULT: {"using":"xpath","value":"//*[@id=\"application-managepricingrules-display-component---newInfoPriceItem--billType-arrow\"]"}
COMMAND: POST /session/5209fcfd0cbd9c22cf680726c4028e3f/element/f.81B74C70C7FE6F01EFB4ED64870B6056.d.A1399408085F98A6DE13948542B52CAE.e.7635/click - {}
RESULT: {}
COMMAND: POST /session/5209fcfd0cbd9c22cf680726c4028e3f/element - {"using":"xpath","value":"//span[contains(text(), \"OT - Sales (one-time)\")]"}
COMMAND: GET /session/5209fcfd0cbd9c22cf680726c4028e3f/screenshot - {}
RESULT: {}
RESULT: {"using":"xpath","value":"//span[contains(text(), \"OT - Sales (one-time)\")]"}
COMMAND: POST /session/5209fcfd0cbd9c22cf680726c4028e3f/element/f.81B74C70C7FE6F01EFB4ED64870B6056.d.A1399408085F98A6DE13948542B52CAE.e.7678/click - {}
RESULT: {}
COMMAND: POST /session/5209fcfd0cbd9c22cf680726c4028e3f/execute/async - {"script":"<script> [1562 bytes]","args":[{"selector":{"id":"application-managepricingrules-display-component---newInfoPriceItem--priceProc-arrow"},"wdio_ui5_key":"applicationmanagepricingrules-display-component---newInfoPriceItem--priceProc-arrow"}]}
COMMAND: GET /session/5209fcfd0cbd9c22cf680726c4028e3f/screenshot - {}
RESULT: {"script":"<script> [1562 bytes]","args":[{"selector":{"id":"application-managepricingrules-display-component---newInfoPriceItem--priceProc-arrow"},"wdio_ui5_key":"applicationmanagepricingrules-display-component---newInfoPriceItem--priceProc-arrow"}]}
RESULT: undefined
COMMAND: POST /session/5209fcfd0cbd9c22cf680726c4028e3f/element - {"using":"xpath","value":"//*[@id=\"application-managepricingrules-display-component---newInfoPriceItem--priceProc-arrow\"]"}
RESULT: {}
RESULT: {"using":"xpath","value":"//*[@id=\"application-managepricingrules-display-component---newInfoPriceItem--priceProc-arrow\"]"}
COMMAND: POST /session/5209fcfd0cbd9c22cf680726c4028e3f/element/f.81B74C70C7FE6F01EFB4ED64870B6056.d.A1399408085F98A6DE13948542B52CAE.e.7642/click - {}
RESULT: {}
COMMAND: POST /session/5209fcfd0cbd9c22cf680726c4028e3f/element - {"using":"xpath","value":"//span[contains(text(), \"MAT - Material\")]"}
COMMAND: GET /session/5209fcfd0cbd9c22cf680726c4028e3f/screenshot - {}
RESULT: {"using":"xpath","value":"//span[contains(text(), \"MAT - Material\")]"}
COMMAND: POST /session/5209fcfd0cbd9c22cf680726c4028e3f/element/f.81B74C70C7FE6F01EFB4ED64870B6056.d.A1399408085F98A6DE13948542B52CAE.e.7679/click - {}
RESULT: {}
RESULT: {}
COMMAND: POST /session/5209fcfd0cbd9c22cf680726c4028e3f/execute/async - {"script":"<script> [1562 bytes]","args":[{"selector":{"id":"application-managepricingrules-display-component---newInfoPriceItem--calcBase-arrow"},"wdio_ui5_key":"applicationmanagepricingrules-display-component---newInfoPriceItem--calcBase-arrow"}]}
COMMAND: GET /session/5209fcfd0cbd9c22cf680726c4028e3f/screenshot - {}
RESULT: {"script":"<script> [1562 bytes]","args":[{"selector":{"id":"application-managepricingrules-display-component---newInfoPriceItem--calcBase-arrow"},"wdio_ui5_key":"applicationmanagepricingrules-display-component---newInfoPriceItem--calcBase-arrow"}]}
RESULT: undefined
COMMAND: POST /session/5209fcfd0cbd9c22cf680726c4028e3f/element - {"using":"xpath","value":"//*[@id=\"application-managepricingrules-display-component---newInfoPriceItem--calcBase-arrow\"]"}
RESULT: {}
RESULT: {"using":"xpath","value":"//*[@id=\"application-managepricingrules-display-component---newInfoPriceItem--calcBase-arrow\"]"}
COMMAND: POST /session/5209fcfd0cbd9c22cf680726c4028e3f/element/f.81B74C70C7FE6F01EFB4ED64870B6056.d.A1399408085F98A6DE13948542B52CAE.e.7649/click - {}
RESULT: {}
COMMAND: GET /session/5209fcfd0cbd9c22cf680726c4028e3f/screenshot - {}
RESULT: {}
COMMAND: POST /session/5209fcfd0cbd9c22cf680726c4028e3f/element - {"using":"xpath","value":"//span[contains(text(), \"0001 - TB(exact month + cal_days)\")]"}
RESULT: {"using":"xpath","value":"//span[contains(text(), \"0001 - TB(exact month + cal_days)\")]"}
COMMAND: POST /session/5209fcfd0cbd9c22cf680726c4028e3f/element/f.81B74C70C7FE6F01EFB4ED64870B6056.d.A1399408085F98A6DE13948542B52CAE.e.7680/click - {}
RESULT: {}
COMMAND: GET /session/5209fcfd0cbd9c22cf680726c4028e3f/screenshot - {}
RESULT: {}
COMMAND: POST /session/5209fcfd0cbd9c22cf680726c4028e3f/element - {"using":"xpath","value":"//button[@data-kt=\"saveNewRuleButton\"]"}
RESULT: {"using":"xpath","value":"//button[@data-kt=\"saveNewRuleButton\"]"}
COMMAND: POST /session/5209fcfd0cbd9c22cf680726c4028e3f/element/f.81B74C70C7FE6F01EFB4ED64870B6056.d.A1399408085F98A6DE13948542B52CAE.e.7669/click - {}
RESULT: {}
COMMAND: GET /session/5209fcfd0cbd9c22cf680726c4028e3f/screenshot - {}
RESULT: {}
COMMAND: POST /session/5209fcfd0cbd9c22cf680726c4028e3f/execute/async - {"script":"<script> [1562 bytes]","args":[{"selector":{"id":"application-managepricingrules-display-component---priceInfoItem--smartFilterBar-btnBasicSearch","interaction":{"idSuffix":"I"}},"wdio_ui5_key":"applicationmanagepricingrules-display-component---priceInfoItem--smartFilterBar-btnBasicSearch"}]}
RESULT: {"script":"<script> [1562 bytes]","args":[{"selector":{"id":"application-managepricingrules-display-component---priceInfoItem--smartFilterBar-btnBasicSearch","interaction":{"idSuffix":"I"}},"wdio_ui5_key":"applicationmanagepricingrules-display-component---priceInfoItem--smartFilterBar-btnBasicSearch"}]}
RESULT: undefined
COMMAND: POST /session/5209fcfd0cbd9c22cf680726c4028e3f/execute/async - {"script":"<script> [776 bytes]","args":[{"enterText":"200407","selector":{"id":"application-managepricingrules-display-component---priceInfoItem--smartFilterBar-btnBasicSearch","interaction":{"idSuffix":"I"}},"clearTextFirst":true,"interactionType":"ENTER_TEXT"}]}
RESULT: {"script":"<script> [776 bytes]","args":[{"enterText":"200407","selector":{"id":"application-managepricingrules-display-component---priceInfoItem--smartFilterBar-btnBasicSearch","interaction":{"idSuffix":"I"}},"clearTextFirst":true,"interactionType":"ENTER_TEXT"}]}
COMMAND: POST /session/5209fcfd0cbd9c22cf680726c4028e3f/actions - {"actions":[{"id":"action23","type":"key","parameters":{},"actions":[{"type":"keyDown","value":""},{"type":"pause","duration":10},{"type":"keyUp","value":""}]}]}
RESULT: {"actions":[{"id":"action23","type":"key","parameters":{},"actions":[{"type":"keyDown","value":""},{"type":"pause","duration":10},{"type":"keyUp","value":""}]}]}
COMMAND: GET /session/5209fcfd0cbd9c22cf680726c4028e3f/screenshot - {}
RESULT: {}
COMMAND: POST /session/5209fcfd0cbd9c22cf680726c4028e3f/element - {"using":"xpath","value":"//span[@id=\"application-managepricingrules-display-component---priceInfoItem--smartTable-header-inner\"]"}
RESULT: {"using":"xpath","value":"//span[@id=\"application-managepricingrules-display-component---priceInfoItem--smartTable-header-inner\"]"}
COMMAND: POST /session/5209fcfd0cbd9c22cf680726c4028e3f/elements - {"using":"xpath","value":"//span[@id=\"application-managepricingrules-display-component---priceInfoItem--smartTable-header-inner\"]"}
RESULT: {"using":"xpath","value":"//span[@id=\"application-managepricingrules-display-component---priceInfoItem--smartTable-header-inner\"]"}
COMMAND: POST /session/5209fcfd0cbd9c22cf680726c4028e3f/execute/sync - {"script":"<script> [56 bytes]","args":[{"element-6066-11e4-a52e-4f735466cecf":"f.81B74C70C7FE6F01EFB4ED64870B6056.d.A1399408085F98A6DE13948542B52CAE.e.7692","ELEMENT":"f.81B74C70C7FE6F01EFB4ED64870B6056.d.A1399408085F98A6DE13948542B52CAE.e.7692"}]}
RESULT: {"script":"<script> [56 bytes]","args":[{"element-6066-11e4-a52e-4f735466cecf":"f.81B74C70C7FE6F01EFB4ED64870B6056.d.A1399408085F98A6DE13948542B52CAE.e.7692","ELEMENT":"f.81B74C70C7FE6F01EFB4ED64870B6056.d.A1399408085F98A6DE13948542B52CAE.e.7692"}]}
COMMAND: POST /session/5209fcfd0cbd9c22cf680726c4028e3f/element - {"using":"css selector","value":"#shell-header-logo"}
COMMAND: GET /session/5209fcfd0cbd9c22cf680726c4028e3f/screenshot - {}
RESULT: {"using":"css selector","value":"#shell-header-logo"}
COMMAND: POST /session/5209fcfd0cbd9c22cf680726c4028e3f/element/f.81B74C70C7FE6F01EFB4ED64870B6056.d.A1399408085F98A6DE13948542B52CAE.e.6918/click - {}
RESULT: {}
RESULT: {}
COMMAND: GET /session/5209fcfd0cbd9c22cf680726c4028e3f/screenshot - {}
RESULT: {}
]]></system-out>
    </testcase>
    <testcase classname="chrome.136_0_7103_93.windows.US134625_Set_up_price_condition_-_one_time" name="Should create new condition one time" time="69.815">
      <system-out><![CDATA[
COMMAND: POST /session/5209fcfd0cbd9c22cf680726c4028e3f/execute/async - {"script":"<script> [1562 bytes]","args":[{"selector":{"controlType":"sap.m.GenericTile","properties":{"header":"Manage Conditions & Prices"}},"wdio_ui5_key":"sapm.GenericTile{\"header\":\"Manage Conditions & Prices\"}"}]}
RESULT: {"script":"<script> [1562 bytes]","args":[{"selector":{"controlType":"sap.m.GenericTile","properties":{"header":"Manage Conditions & Prices"}},"wdio_ui5_key":"sapm.GenericTile{\"header\":\"Manage Conditions & Prices\"}"}]}
RESULT: undefined
COMMAND: POST /session/5209fcfd0cbd9c22cf680726c4028e3f/element - {"using":"xpath","value":"//*[@id=\"__tile53\"]"}
RESULT: {"using":"xpath","value":"//*[@id=\"__tile53\"]"}
COMMAND: POST /session/5209fcfd0cbd9c22cf680726c4028e3f/element/f.81B74C70C7FE6F01EFB4ED64870B6056.d.A1399408085F98A6DE13948542B52CAE.e.6855/click - {}
RESULT: {}
COMMAND: GET /session/5209fcfd0cbd9c22cf680726c4028e3f/screenshot - {}
RESULT: {}
COMMAND: POST /session/5209fcfd0cbd9c22cf680726c4028e3f/elements - {"using":"xpath","value":"//span[text()='Error']"}
RESULT: {"using":"xpath","value":"//span[text()='Error']"}
COMMAND: POST /session/5209fcfd0cbd9c22cf680726c4028e3f/element - {"using":"xpath","value":"//button[@aria-label=\"Create\"]"}
RESULT: {"using":"xpath","value":"//button[@aria-label=\"Create\"]"}
COMMAND: POST /session/5209fcfd0cbd9c22cf680726c4028e3f/elements - {"using":"xpath","value":"//button[@aria-label=\"Create\"]"}
RESULT: {"using":"xpath","value":"//button[@aria-label=\"Create\"]"}
COMMAND: POST /session/5209fcfd0cbd9c22cf680726c4028e3f/execute/sync - {"script":"<script> [8489 bytes]","args":[{"element-6066-11e4-a52e-4f735466cecf":"f.81B74C70C7FE6F01EFB4ED64870B6056.d.A1399408085F98A6DE13948542B52CAE.e.7727","ELEMENT":"f.81B74C70C7FE6F01EFB4ED64870B6056.d.A1399408085F98A6DE13948542B52CAE.e.7727"}]}
RESULT: {"script":"<script> [8489 bytes]","args":[{"element-6066-11e4-a52e-4f735466cecf":"f.81B74C70C7FE6F01EFB4ED64870B6056.d.A1399408085F98A6DE13948542B52CAE.e.7727","ELEMENT":"f.81B74C70C7FE6F01EFB4ED64870B6056.d.A1399408085F98A6DE13948542B52CAE.e.7727"}]}
COMMAND: GET /session/5209fcfd0cbd9c22cf680726c4028e3f/element/f.81B74C70C7FE6F01EFB4ED64870B6056.d.A1399408085F98A6DE13948542B52CAE.e.7727/enabled - {}
COMMAND: GET /session/5209fcfd0cbd9c22cf680726c4028e3f/screenshot - {}
RESULT: {}
COMMAND: POST /session/5209fcfd0cbd9c22cf680726c4028e3f/execute/sync - {"script":"<script> [8489 bytes]","args":[{"element-6066-11e4-a52e-4f735466cecf":"f.81B74C70C7FE6F01EFB4ED64870B6056.d.A1399408085F98A6DE13948542B52CAE.e.7727","ELEMENT":"f.81B74C70C7FE6F01EFB4ED64870B6056.d.A1399408085F98A6DE13948542B52CAE.e.7727"}]}
COMMAND: GET /session/5209fcfd0cbd9c22cf680726c4028e3f/screenshot - {}
RESULT: {}
RESULT: {"script":"<script> [8489 bytes]","args":[{"element-6066-11e4-a52e-4f735466cecf":"f.81B74C70C7FE6F01EFB4ED64870B6056.d.A1399408085F98A6DE13948542B52CAE.e.7727","ELEMENT":"f.81B74C70C7FE6F01EFB4ED64870B6056.d.A1399408085F98A6DE13948542B52CAE.e.7727"}]}
COMMAND: POST /session/5209fcfd0cbd9c22cf680726c4028e3f/execute/sync - {"script":"<script> [5351 bytes]","args":[{"element-6066-11e4-a52e-4f735466cecf":"f.81B74C70C7FE6F01EFB4ED64870B6056.d.A1399408085F98A6DE13948542B52CAE.e.7727","ELEMENT":"f.81B74C70C7FE6F01EFB4ED64870B6056.d.A1399408085F98A6DE13948542B52CAE.e.7727"}]}
COMMAND: GET /session/5209fcfd0cbd9c22cf680726c4028e3f/screenshot - {}
RESULT: {}
RESULT: {"script":"<script> [5351 bytes]","args":[{"element-6066-11e4-a52e-4f735466cecf":"f.81B74C70C7FE6F01EFB4ED64870B6056.d.A1399408085F98A6DE13948542B52CAE.e.7727","ELEMENT":"f.81B74C70C7FE6F01EFB4ED64870B6056.d.A1399408085F98A6DE13948542B52CAE.e.7727"}]}
COMMAND: POST /session/5209fcfd0cbd9c22cf680726c4028e3f/element/f.81B74C70C7FE6F01EFB4ED64870B6056.d.A1399408085F98A6DE13948542B52CAE.e.7727/click - {}
COMMAND: GET /session/5209fcfd0cbd9c22cf680726c4028e3f/screenshot - {}
RESULT: {}
RESULT: {}
COMMAND: GET /session/5209fcfd0cbd9c22cf680726c4028e3f/screenshot - {}
RESULT: {}
RESULT: {}
COMMAND: POST /session/5209fcfd0cbd9c22cf680726c4028e3f/actions - {"actions":[{"id":"action24","type":"key","parameters":{},"actions":[{"type":"keyDown","value":""},{"type":"pause","duration":10},{"type":"keyUp","value":""}]}]}
RESULT: {"actions":[{"id":"action24","type":"key","parameters":{},"actions":[{"type":"keyDown","value":""},{"type":"pause","duration":10},{"type":"keyUp","value":""}]}]}
COMMAND: GET /session/5209fcfd0cbd9c22cf680726c4028e3f/screenshot - {}
RESULT: {}
COMMAND: POST /session/5209fcfd0cbd9c22cf680726c4028e3f/execute/async - {"script":"<script> [1562 bytes]","args":[{"selector":{"id":"application-manageconditionprice-display-component---newCondition--condBillCond-arrow"},"wdio_ui5_key":"applicationmanageconditionprice-display-component---newCondition--condBillCond-arrow"}]}
RESULT: {"script":"<script> [1562 bytes]","args":[{"selector":{"id":"application-manageconditionprice-display-component---newCondition--condBillCond-arrow"},"wdio_ui5_key":"applicationmanageconditionprice-display-component---newCondition--condBillCond-arrow"}]}
RESULT: undefined
COMMAND: POST /session/5209fcfd0cbd9c22cf680726c4028e3f/element - {"using":"xpath","value":"//*[@id=\"application-manageconditionprice-display-component---newCondition--condBillCond-arrow\"]"}
RESULT: {"using":"xpath","value":"//*[@id=\"application-manageconditionprice-display-component---newCondition--condBillCond-arrow\"]"}
COMMAND: POST /session/5209fcfd0cbd9c22cf680726c4028e3f/element/f.81B74C70C7FE6F01EFB4ED64870B6056.d.A1399408085F98A6DE13948542B52CAE.e.7908/click - {}
RESULT: {}
COMMAND: GET /session/5209fcfd0cbd9c22cf680726c4028e3f/screenshot - {}
RESULT: {}
COMMAND: POST /session/5209fcfd0cbd9c22cf680726c4028e3f/element - {"using":"xpath","value":"//li[.//span[contains(text(), \"SAPR - Sales price\")]]"}
RESULT: {"using":"xpath","value":"//li[.//span[contains(text(), \"SAPR - Sales price\")]]"}
COMMAND: POST /session/5209fcfd0cbd9c22cf680726c4028e3f/element/f.81B74C70C7FE6F01EFB4ED64870B6056.d.A1399408085F98A6DE13948542B52CAE.e.7911/click - {}
RESULT: {}
COMMAND: GET /session/5209fcfd0cbd9c22cf680726c4028e3f/screenshot - {}
RESULT: {}
COMMAND: POST /session/5209fcfd0cbd9c22cf680726c4028e3f/execute/async - {"script":"<script> [1562 bytes]","args":[{"selector":{"id":"application-manageconditionprice-display-component---newCondition--condValidTo","interaction":{"idSuffix":"inner"}},"wdio_ui5_key":"applicationmanageconditionprice-display-component---newCondition--condValidTo"}]}
RESULT: {"script":"<script> [1562 bytes]","args":[{"selector":{"id":"application-manageconditionprice-display-component---newCondition--condValidTo","interaction":{"idSuffix":"inner"}},"wdio_ui5_key":"applicationmanageconditionprice-display-component---newCondition--condValidTo"}]}
RESULT: undefined
COMMAND: POST /session/5209fcfd0cbd9c22cf680726c4028e3f/execute/async - {"script":"<script> [776 bytes]","args":[{"enterText":"1/22/26","selector":{"id":"application-manageconditionprice-display-component---newCondition--condValidTo","interaction":{"idSuffix":"inner"}},"clearTextFirst":true,"interactionType":"ENTER_TEXT"}]}
RESULT: {"script":"<script> [776 bytes]","args":[{"enterText":"1/22/26","selector":{"id":"application-manageconditionprice-display-component---newCondition--condValidTo","interaction":{"idSuffix":"inner"}},"clearTextFirst":true,"interactionType":"ENTER_TEXT"}]}
COMMAND: POST /session/5209fcfd0cbd9c22cf680726c4028e3f/element - {"using":"xpath","value":"//input[@id=\"application-manageconditionprice-display-component---newCondition--condRU-inner\"]"}
RESULT: {"using":"xpath","value":"//input[@id=\"application-manageconditionprice-display-component---newCondition--condRU-inner\"]"}
COMMAND: POST /session/5209fcfd0cbd9c22cf680726c4028e3f/element/f.81B74C70C7FE6F01EFB4ED64870B6056.d.A1399408085F98A6DE13948542B52CAE.e.7772/clear - {}
RESULT: {}
COMMAND: POST /session/5209fcfd0cbd9c22cf680726c4028e3f/element/f.81B74C70C7FE6F01EFB4ED64870B6056.d.A1399408085F98A6DE13948542B52CAE.e.7772/value - {"text":"200407"}
COMMAND: GET /session/5209fcfd0cbd9c22cf680726c4028e3f/screenshot - {}
RESULT: {"text":"200407"}
COMMAND: GET /session/5209fcfd0cbd9c22cf680726c4028e3f/screenshot - {}
RESULT: {}
RESULT: {}
COMMAND: POST /session/5209fcfd0cbd9c22cf680726c4028e3f/actions - {"actions":[{"id":"action25","type":"key","parameters":{},"actions":[{"type":"keyDown","value":""},{"type":"pause","duration":10},{"type":"keyUp","value":""}]}]}
RESULT: {"actions":[{"id":"action25","type":"key","parameters":{},"actions":[{"type":"keyDown","value":""},{"type":"pause","duration":10},{"type":"keyUp","value":""}]}]}
COMMAND: POST /session/5209fcfd0cbd9c22cf680726c4028e3f/execute/async - {"script":"<script> [1562 bytes]","args":[{"selector":{"id":"application-manageconditionprice-display-component---newCondition--condBaseQty","interaction":{"idSuffix":"inner"}},"wdio_ui5_key":"applicationmanageconditionprice-display-component---newCondition--condBaseQty"}]}
COMMAND: GET /session/5209fcfd0cbd9c22cf680726c4028e3f/screenshot - {}
RESULT: {"script":"<script> [1562 bytes]","args":[{"selector":{"id":"application-manageconditionprice-display-component---newCondition--condBaseQty","interaction":{"idSuffix":"inner"}},"wdio_ui5_key":"applicationmanageconditionprice-display-component---newCondition--condBaseQty"}]}
RESULT: undefined
COMMAND: POST /session/5209fcfd0cbd9c22cf680726c4028e3f/execute/async - {"script":"<script> [776 bytes]","args":[{"enterText":"1","selector":{"id":"application-manageconditionprice-display-component---newCondition--condBaseQty","interaction":{"idSuffix":"inner"}},"clearTextFirst":true,"interactionType":"ENTER_TEXT"}]}
RESULT: {}
RESULT: {"script":"<script> [776 bytes]","args":[{"enterText":"1","selector":{"id":"application-manageconditionprice-display-component---newCondition--condBaseQty","interaction":{"idSuffix":"inner"}},"clearTextFirst":true,"interactionType":"ENTER_TEXT"}]}
COMMAND: POST /session/5209fcfd0cbd9c22cf680726c4028e3f/execute/async - {"script":"<script> [1562 bytes]","args":[{"selector":{"id":"application-manageconditionprice-display-component---newCondition--condValue","interaction":{"idSuffix":"inner"}},"wdio_ui5_key":"applicationmanageconditionprice-display-component---newCondition--condValue"}]}
RESULT: {"script":"<script> [1562 bytes]","args":[{"selector":{"id":"application-manageconditionprice-display-component---newCondition--condValue","interaction":{"idSuffix":"inner"}},"wdio_ui5_key":"applicationmanageconditionprice-display-component---newCondition--condValue"}]}
RESULT: undefined
COMMAND: POST /session/5209fcfd0cbd9c22cf680726c4028e3f/execute/async - {"script":"<script> [776 bytes]","args":[{"enterText":"100.00","selector":{"id":"application-manageconditionprice-display-component---newCondition--condValue","interaction":{"idSuffix":"inner"}},"clearTextFirst":true,"interactionType":"ENTER_TEXT"}]}
RESULT: {"script":"<script> [776 bytes]","args":[{"enterText":"100.00","selector":{"id":"application-manageconditionprice-display-component---newCondition--condValue","interaction":{"idSuffix":"inner"}},"clearTextFirst":true,"interactionType":"ENTER_TEXT"}]}
COMMAND: POST /session/5209fcfd0cbd9c22cf680726c4028e3f/execute/async - {"script":"<script> [1562 bytes]","args":[{"selector":{"id":"application-manageconditionprice-display-component---newCondition--condCurr-arrow"},"wdio_ui5_key":"applicationmanageconditionprice-display-component---newCondition--condCurr-arrow"}]}
RESULT: {"script":"<script> [1562 bytes]","args":[{"selector":{"id":"application-manageconditionprice-display-component---newCondition--condCurr-arrow"},"wdio_ui5_key":"applicationmanageconditionprice-display-component---newCondition--condCurr-arrow"}]}
RESULT: undefined
COMMAND: POST /session/5209fcfd0cbd9c22cf680726c4028e3f/element - {"using":"xpath","value":"//*[@id=\"application-manageconditionprice-display-component---newCondition--condCurr-arrow\"]"}
RESULT: {"using":"xpath","value":"//*[@id=\"application-manageconditionprice-display-component---newCondition--condCurr-arrow\"]"}
COMMAND: POST /session/5209fcfd0cbd9c22cf680726c4028e3f/element/f.81B74C70C7FE6F01EFB4ED64870B6056.d.A1399408085F98A6DE13948542B52CAE.e.7889/click - {}
RESULT: {}
COMMAND: POST /session/5209fcfd0cbd9c22cf680726c4028e3f/element - {"using":"xpath","value":"//span[contains(text(), \"Euro\")]"}
COMMAND: GET /session/5209fcfd0cbd9c22cf680726c4028e3f/screenshot - {}
RESULT: {"using":"xpath","value":"//span[contains(text(), \"Euro\")]"}
COMMAND: POST /session/5209fcfd0cbd9c22cf680726c4028e3f/element/f.81B74C70C7FE6F01EFB4ED64870B6056.d.A1399408085F98A6DE13948542B52CAE.e.7949/click - {}
RESULT: {}
RESULT: {}
COMMAND: POST /session/5209fcfd0cbd9c22cf680726c4028e3f/element - {"using":"xpath","value":"//button[@data-kt=\"saveButton\"]"}
COMMAND: GET /session/5209fcfd0cbd9c22cf680726c4028e3f/screenshot - {}
RESULT: {"using":"xpath","value":"//button[@data-kt=\"saveButton\"]"}
COMMAND: POST /session/5209fcfd0cbd9c22cf680726c4028e3f/element/f.81B74C70C7FE6F01EFB4ED64870B6056.d.A1399408085F98A6DE13948542B52CAE.e.7890/click - {}
RESULT: {}
RESULT: {}
COMMAND: GET /session/5209fcfd0cbd9c22cf680726c4028e3f/screenshot - {}
RESULT: {}
COMMAND: POST /session/5209fcfd0cbd9c22cf680726c4028e3f/execute/async - {"script":"<script> [1562 bytes]","args":[{"selector":{"id":"application-manageconditionprice-display-component---conditions--smartFilterBar-btnBasicSearch","interaction":{"idSuffix":"I"}},"wdio_ui5_key":"applicationmanageconditionprice-display-component---conditions--smartFilterBar-btnBasicSearch"}]}
RESULT: {"script":"<script> [1562 bytes]","args":[{"selector":{"id":"application-manageconditionprice-display-component---conditions--smartFilterBar-btnBasicSearch","interaction":{"idSuffix":"I"}},"wdio_ui5_key":"applicationmanageconditionprice-display-component---conditions--smartFilterBar-btnBasicSearch"}]}
RESULT: undefined
COMMAND: POST /session/5209fcfd0cbd9c22cf680726c4028e3f/execute/async - {"script":"<script> [776 bytes]","args":[{"enterText":"200407","selector":{"id":"application-manageconditionprice-display-component---conditions--smartFilterBar-btnBasicSearch","interaction":{"idSuffix":"I"}},"clearTextFirst":true,"interactionType":"ENTER_TEXT"}]}
RESULT: {"script":"<script> [776 bytes]","args":[{"enterText":"200407","selector":{"id":"application-manageconditionprice-display-component---conditions--smartFilterBar-btnBasicSearch","interaction":{"idSuffix":"I"}},"clearTextFirst":true,"interactionType":"ENTER_TEXT"}]}
COMMAND: POST /session/5209fcfd0cbd9c22cf680726c4028e3f/actions - {"actions":[{"id":"action26","type":"key","parameters":{},"actions":[{"type":"keyDown","value":""},{"type":"pause","duration":10},{"type":"keyUp","value":""}]}]}
RESULT: {"actions":[{"id":"action26","type":"key","parameters":{},"actions":[{"type":"keyDown","value":""},{"type":"pause","duration":10},{"type":"keyUp","value":""}]}]}
COMMAND: GET /session/5209fcfd0cbd9c22cf680726c4028e3f/screenshot - {}
RESULT: {}
COMMAND: POST /session/5209fcfd0cbd9c22cf680726c4028e3f/execute/async - {"script":"<script> [1562 bytes]","args":[{"selector":{"id":"application-manageconditionprice-display-component---conditions--smartFilterBar-filterItemControl_BASIC-BILL_TYPES-vhi"},"wdio_ui5_key":"applicationmanageconditionprice-display-component---conditions--smartFilterBar-filterItemControl_BASIC-BILL_TYPES-vhi"}]}
RESULT: {"script":"<script> [1562 bytes]","args":[{"selector":{"id":"application-manageconditionprice-display-component---conditions--smartFilterBar-filterItemControl_BASIC-BILL_TYPES-vhi"},"wdio_ui5_key":"applicationmanageconditionprice-display-component---conditions--smartFilterBar-filterItemControl_BASIC-BILL_TYPES-vhi"}]}
RESULT: undefined
COMMAND: POST /session/5209fcfd0cbd9c22cf680726c4028e3f/element - {"using":"xpath","value":"//*[@id=\"application-manageconditionprice-display-component---conditions--smartFilterBar-filterItemControl_BASIC-BILL_TYPES-vhi\"]"}
RESULT: {"using":"xpath","value":"//*[@id=\"application-manageconditionprice-display-component---conditions--smartFilterBar-filterItemControl_BASIC-BILL_TYPES-vhi\"]"}
COMMAND: POST /session/5209fcfd0cbd9c22cf680726c4028e3f/element/f.81B74C70C7FE6F01EFB4ED64870B6056.d.A1399408085F98A6DE13948542B52CAE.e.8056/click - {}
RESULT: {}
COMMAND: POST /session/5209fcfd0cbd9c22cf680726c4028e3f/execute/async - {"script":"<script> [1562 bytes]","args":[{"selector":{"id":"application-manageconditionprice-display-component---conditions--smartFilterBar-filterItemControl_BASIC-BILL_TYPES-valueHelpDialog-smartFilterBar-btnBasicSearch","searchOpenDialogs":true,"interaction":{"idSuffix":"I"}},"wdio_ui5_key":"applicationmanageconditionprice-display-component---conditions--smartFilterBar-filterItemControl_BASIC-BILL_TYPES-valueHelpDialog-smartFilterBar-btnBasicSearch"}]}
COMMAND: GET /session/5209fcfd0cbd9c22cf680726c4028e3f/screenshot - {}
RESULT: {"script":"<script> [1562 bytes]","args":[{"selector":{"id":"application-manageconditionprice-display-component---conditions--smartFilterBar-filterItemControl_BASIC-BILL_TYPES-valueHelpDialog-smartFilterBar-btnBasicSearch","searchOpenDialogs":true,"interaction":{"idSuffix":"I"}},"wdio_ui5_key":"applicationmanageconditionprice-display-component---conditions--smartFilterBar-filterItemControl_BASIC-BILL_TYPES-valueHelpDialog-smartFilterBar-btnBasicSearch"}]}
RESULT: undefined
COMMAND: POST /session/5209fcfd0cbd9c22cf680726c4028e3f/execute/async - {"script":"<script> [776 bytes]","args":[{"enterText":"one","selector":{"id":"application-manageconditionprice-display-component---conditions--smartFilterBar-filterItemControl_BASIC-BILL_TYPES-valueHelpDialog-smartFilterBar-btnBasicSearch","searchOpenDialogs":true,"interaction":{"idSuffix":"I"}},"clearTextFirst":true,"interactionType":"ENTER_TEXT"}]}
RESULT: {}
RESULT: {"script":"<script> [776 bytes]","args":[{"enterText":"one","selector":{"id":"application-manageconditionprice-display-component---conditions--smartFilterBar-filterItemControl_BASIC-BILL_TYPES-valueHelpDialog-smartFilterBar-btnBasicSearch","searchOpenDialogs":true,"interaction":{"idSuffix":"I"}},"clearTextFirst":true,"interactionType":"ENTER_TEXT"}]}
COMMAND: POST /session/5209fcfd0cbd9c22cf680726c4028e3f/actions - {"actions":[{"id":"action27","type":"key","parameters":{},"actions":[{"type":"keyDown","value":""},{"type":"pause","duration":10},{"type":"keyUp","value":""}]}]}
RESULT: {"actions":[{"id":"action27","type":"key","parameters":{},"actions":[{"type":"keyDown","value":""},{"type":"pause","duration":10},{"type":"keyUp","value":""}]}]}
COMMAND: GET /session/5209fcfd0cbd9c22cf680726c4028e3f/screenshot - {}
RESULT: {}
COMMAND: POST /session/5209fcfd0cbd9c22cf680726c4028e3f/element - {"using":"xpath","value":"//div[contains(@id, 'application-manageconditionprice-display-component---conditions--smartFilterBar-filterItemControl_BASIC-BILL_TYPES-valueHelpDialog-table-rowsel0')]"}
RESULT: {"using":"xpath","value":"//div[contains(@id, 'application-manageconditionprice-display-component---conditions--smartFilterBar-filterItemControl_BASIC-BILL_TYPES-valueHelpDialog-table-rowsel0')]"}
COMMAND: POST /session/5209fcfd0cbd9c22cf680726c4028e3f/element/f.81B74C70C7FE6F01EFB4ED64870B6056.d.A1399408085F98A6DE13948542B52CAE.e.8066/click - {}
RESULT: {}
COMMAND: GET /session/5209fcfd0cbd9c22cf680726c4028e3f/screenshot - {}
RESULT: {}
COMMAND: POST /session/5209fcfd0cbd9c22cf680726c4028e3f/element - {"using":"xpath","value":"//bdi[contains(text(), \"OK\")]"}
RESULT: {"using":"xpath","value":"//bdi[contains(text(), \"OK\")]"}
COMMAND: POST /session/5209fcfd0cbd9c22cf680726c4028e3f/element/f.81B74C70C7FE6F01EFB4ED64870B6056.d.A1399408085F98A6DE13948542B52CAE.e.8068/click - {}
RESULT: {}
COMMAND: GET /session/5209fcfd0cbd9c22cf680726c4028e3f/screenshot - {}
RESULT: {}
COMMAND: POST /session/5209fcfd0cbd9c22cf680726c4028e3f/element - {"using":"xpath","value":"//span[@id=\"application-manageconditionprice-display-component---conditions--smartTable-header-inner\"]"}
RESULT: {"using":"xpath","value":"//span[@id=\"application-manageconditionprice-display-component---conditions--smartTable-header-inner\"]"}
COMMAND: POST /session/5209fcfd0cbd9c22cf680726c4028e3f/elements - {"using":"xpath","value":"//span[@id=\"application-manageconditionprice-display-component---conditions--smartTable-header-inner\"]"}
RESULT: {"using":"xpath","value":"//span[@id=\"application-manageconditionprice-display-component---conditions--smartTable-header-inner\"]"}
COMMAND: POST /session/5209fcfd0cbd9c22cf680726c4028e3f/execute/sync - {"script":"<script> [56 bytes]","args":[{"element-6066-11e4-a52e-4f735466cecf":"f.81B74C70C7FE6F01EFB4ED64870B6056.d.A1399408085F98A6DE13948542B52CAE.e.8071","ELEMENT":"f.81B74C70C7FE6F01EFB4ED64870B6056.d.A1399408085F98A6DE13948542B52CAE.e.8071"}]}
RESULT: {"script":"<script> [56 bytes]","args":[{"element-6066-11e4-a52e-4f735466cecf":"f.81B74C70C7FE6F01EFB4ED64870B6056.d.A1399408085F98A6DE13948542B52CAE.e.8071","ELEMENT":"f.81B74C70C7FE6F01EFB4ED64870B6056.d.A1399408085F98A6DE13948542B52CAE.e.8071"}]}
COMMAND: POST /session/5209fcfd0cbd9c22cf680726c4028e3f/element - {"using":"css selector","value":"#shell-header-logo"}
COMMAND: GET /session/5209fcfd0cbd9c22cf680726c4028e3f/screenshot - {}
RESULT: {"using":"css selector","value":"#shell-header-logo"}
COMMAND: POST /session/5209fcfd0cbd9c22cf680726c4028e3f/element/f.81B74C70C7FE6F01EFB4ED64870B6056.d.A1399408085F98A6DE13948542B52CAE.e.7695/click - {}
RESULT: {}
RESULT: {}
COMMAND: GET /session/5209fcfd0cbd9c22cf680726c4028e3f/screenshot - {}
RESULT: {}
]]></system-out>
    </testcase>
    <testcase classname="chrome.136_0_7103_93.windows.US134625_Set_up_price_condition_-_one_time" name="Should create a new contract" time="73.684">
      <system-out><![CDATA[
COMMAND: POST /session/5209fcfd0cbd9c22cf680726c4028e3f/execute/async - {"script":"<script> [1562 bytes]","args":[{"selector":{"controlType":"sap.m.GenericTile","properties":{"header":"Manage Contracts"}},"wdio_ui5_key":"sapm.GenericTile{\"header\":\"Manage Contracts\"}"}]}
RESULT: {"script":"<script> [1562 bytes]","args":[{"selector":{"controlType":"sap.m.GenericTile","properties":{"header":"Manage Contracts"}},"wdio_ui5_key":"sapm.GenericTile{\"header\":\"Manage Contracts\"}"}]}
RESULT: undefined
COMMAND: POST /session/5209fcfd0cbd9c22cf680726c4028e3f/element - {"using":"xpath","value":"//*[@id=\"__tile130\"]"}
RESULT: {"using":"xpath","value":"//*[@id=\"__tile130\"]"}
COMMAND: POST /session/5209fcfd0cbd9c22cf680726c4028e3f/element/f.81B74C70C7FE6F01EFB4ED64870B6056.d.A1399408085F98A6DE13948542B52CAE.e.6824/click - {}
RESULT: {}
COMMAND: GET /session/5209fcfd0cbd9c22cf680726c4028e3f/screenshot - {}
RESULT: {}
COMMAND: POST /session/5209fcfd0cbd9c22cf680726c4028e3f/elements - {"using":"xpath","value":"//span[text()='Error']"}
RESULT: {"using":"xpath","value":"//span[text()='Error']"}
COMMAND: POST /session/5209fcfd0cbd9c22cf680726c4028e3f/element - {"using":"xpath","value":"//button[@data-kt=\"addButton\"]"}
RESULT: {"using":"xpath","value":"//button[@data-kt=\"addButton\"]"}
COMMAND: POST /session/5209fcfd0cbd9c22cf680726c4028e3f/elements - {"using":"xpath","value":"//button[@data-kt=\"addButton\"]"}
RESULT: {"using":"xpath","value":"//button[@data-kt=\"addButton\"]"}
COMMAND: POST /session/5209fcfd0cbd9c22cf680726c4028e3f/execute/sync - {"script":"<script> [8489 bytes]","args":[{"element-6066-11e4-a52e-4f735466cecf":"f.81B74C70C7FE6F01EFB4ED64870B6056.d.A1399408085F98A6DE13948542B52CAE.e.8128","ELEMENT":"f.81B74C70C7FE6F01EFB4ED64870B6056.d.A1399408085F98A6DE13948542B52CAE.e.8128"}]}
RESULT: {"script":"<script> [8489 bytes]","args":[{"element-6066-11e4-a52e-4f735466cecf":"f.81B74C70C7FE6F01EFB4ED64870B6056.d.A1399408085F98A6DE13948542B52CAE.e.8128","ELEMENT":"f.81B74C70C7FE6F01EFB4ED64870B6056.d.A1399408085F98A6DE13948542B52CAE.e.8128"}]}
COMMAND: GET /session/5209fcfd0cbd9c22cf680726c4028e3f/element/f.81B74C70C7FE6F01EFB4ED64870B6056.d.A1399408085F98A6DE13948542B52CAE.e.8128/enabled - {}
COMMAND: GET /session/5209fcfd0cbd9c22cf680726c4028e3f/screenshot - {}
RESULT: {}
COMMAND: POST /session/5209fcfd0cbd9c22cf680726c4028e3f/execute/sync - {"script":"<script> [8489 bytes]","args":[{"element-6066-11e4-a52e-4f735466cecf":"f.81B74C70C7FE6F01EFB4ED64870B6056.d.A1399408085F98A6DE13948542B52CAE.e.8128","ELEMENT":"f.81B74C70C7FE6F01EFB4ED64870B6056.d.A1399408085F98A6DE13948542B52CAE.e.8128"}]}
COMMAND: GET /session/5209fcfd0cbd9c22cf680726c4028e3f/screenshot - {}
RESULT: {}
RESULT: {}
RESULT: {"script":"<script> [8489 bytes]","args":[{"element-6066-11e4-a52e-4f735466cecf":"f.81B74C70C7FE6F01EFB4ED64870B6056.d.A1399408085F98A6DE13948542B52CAE.e.8128","ELEMENT":"f.81B74C70C7FE6F01EFB4ED64870B6056.d.A1399408085F98A6DE13948542B52CAE.e.8128"}]}
COMMAND: POST /session/5209fcfd0cbd9c22cf680726c4028e3f/execute/sync - {"script":"<script> [5351 bytes]","args":[{"element-6066-11e4-a52e-4f735466cecf":"f.81B74C70C7FE6F01EFB4ED64870B6056.d.A1399408085F98A6DE13948542B52CAE.e.8128","ELEMENT":"f.81B74C70C7FE6F01EFB4ED64870B6056.d.A1399408085F98A6DE13948542B52CAE.e.8128"}]}
COMMAND: GET /session/5209fcfd0cbd9c22cf680726c4028e3f/screenshot - {}
RESULT: {"script":"<script> [5351 bytes]","args":[{"element-6066-11e4-a52e-4f735466cecf":"f.81B74C70C7FE6F01EFB4ED64870B6056.d.A1399408085F98A6DE13948542B52CAE.e.8128","ELEMENT":"f.81B74C70C7FE6F01EFB4ED64870B6056.d.A1399408085F98A6DE13948542B52CAE.e.8128"}]}
COMMAND: GET /session/5209fcfd0cbd9c22cf680726c4028e3f/screenshot - {}
RESULT: {}
RESULT: {}
COMMAND: POST /session/5209fcfd0cbd9c22cf680726c4028e3f/element/f.81B74C70C7FE6F01EFB4ED64870B6056.d.A1399408085F98A6DE13948542B52CAE.e.8128/click - {}
RESULT: {}
COMMAND: GET /session/5209fcfd0cbd9c22cf680726c4028e3f/screenshot - {}
COMMAND: POST /session/5209fcfd0cbd9c22cf680726c4028e3f/execute/async - {"script":"<script> [1562 bytes]","args":[{"selector":{"id":"application-managecontracts-display-component---AddNewContract--projectDescription","interaction":{"idSuffix":"inner"}},"wdio_ui5_key":"applicationmanagecontracts-display-component---AddNewContract--projectDescription"}]}
RESULT: {}
RESULT: {"script":"<script> [1562 bytes]","args":[{"selector":{"id":"application-managecontracts-display-component---AddNewContract--projectDescription","interaction":{"idSuffix":"inner"}},"wdio_ui5_key":"applicationmanagecontracts-display-component---AddNewContract--projectDescription"}]}
RESULT: undefined
COMMAND: POST /session/5209fcfd0cbd9c22cf680726c4028e3f/execute/async - {"script":"<script> [776 bytes]","args":[{"enterText":"Intercompany Contract WDIO","selector":{"id":"application-managecontracts-display-component---AddNewContract--projectDescription","interaction":{"idSuffix":"inner"}},"clearTextFirst":true,"interactionType":"ENTER_TEXT"}]}
RESULT: {"script":"<script> [776 bytes]","args":[{"enterText":"Intercompany Contract WDIO","selector":{"id":"application-managecontracts-display-component---AddNewContract--projectDescription","interaction":{"idSuffix":"inner"}},"clearTextFirst":true,"interactionType":"ENTER_TEXT"}]}
COMMAND: POST /session/5209fcfd0cbd9c22cf680726c4028e3f/element - {"using":"xpath","value":"//input[@id=\"application-managecontracts-display-component---AddNewContract--site-inner\"]"}
RESULT: {"using":"xpath","value":"//input[@id=\"application-managecontracts-display-component---AddNewContract--site-inner\"]"}
COMMAND: POST /session/5209fcfd0cbd9c22cf680726c4028e3f/element/f.81B74C70C7FE6F01EFB4ED64870B6056.d.A1399408085F98A6DE13948542B52CAE.e.8480/clear - {}
RESULT: {}
COMMAND: POST /session/5209fcfd0cbd9c22cf680726c4028e3f/element/f.81B74C70C7FE6F01EFB4ED64870B6056.d.A1399408085F98A6DE13948542B52CAE.e.8480/value - {"text":"2364"}
COMMAND: GET /session/5209fcfd0cbd9c22cf680726c4028e3f/screenshot - {}
RESULT: {"text":"2364"}
COMMAND: GET /session/5209fcfd0cbd9c22cf680726c4028e3f/screenshot - {}
RESULT: {}
RESULT: {}
COMMAND: POST /session/5209fcfd0cbd9c22cf680726c4028e3f/element - {"using":"xpath","value":"//li[.//span[text()='2364']]"}
RESULT: {"using":"xpath","value":"//li[.//span[text()='2364']]"}
COMMAND: POST /session/5209fcfd0cbd9c22cf680726c4028e3f/element/f.81B74C70C7FE6F01EFB4ED64870B6056.d.A1399408085F98A6DE13948542B52CAE.e.8515/click - {}
RESULT: {}
COMMAND: GET /session/5209fcfd0cbd9c22cf680726c4028e3f/screenshot - {}
RESULT: {}
COMMAND: POST /session/5209fcfd0cbd9c22cf680726c4028e3f/element - {"using":"xpath","value":"//input[@id=\"application-managecontracts-display-component---AddNewContract--yardId-inner\"]"}
RESULT: {"using":"xpath","value":"//input[@id=\"application-managecontracts-display-component---AddNewContract--yardId-inner\"]"}
COMMAND: GET /session/5209fcfd0cbd9c22cf680726c4028e3f/element/f.81B74C70C7FE6F01EFB4ED64870B6056.d.A1399408085F98A6DE13948542B52CAE.e.8481/property/value - {}
RESULT: {}
COMMAND: POST /session/5209fcfd0cbd9c22cf680726c4028e3f/element - {"using":"xpath","value":"//input[@id=\"application-managecontracts-display-component---AddNewContract--customerSelect-inner\"]"}
COMMAND: GET /session/5209fcfd0cbd9c22cf680726c4028e3f/screenshot - {}
RESULT: {"using":"xpath","value":"//input[@id=\"application-managecontracts-display-component---AddNewContract--customerSelect-inner\"]"}
COMMAND: POST /session/5209fcfd0cbd9c22cf680726c4028e3f/element/f.81B74C70C7FE6F01EFB4ED64870B6056.d.A1399408085F98A6DE13948542B52CAE.e.8479/clear - {}
RESULT: {}
RESULT: {}
COMMAND: POST /session/5209fcfd0cbd9c22cf680726c4028e3f/element/f.81B74C70C7FE6F01EFB4ED64870B6056.d.A1399408085F98A6DE13948542B52CAE.e.8479/value - {"text":"1443"}
COMMAND: GET /session/5209fcfd0cbd9c22cf680726c4028e3f/screenshot - {}
RESULT: {"text":"1443"}
COMMAND: GET /session/5209fcfd0cbd9c22cf680726c4028e3f/screenshot - {}
RESULT: {}
RESULT: {}
COMMAND: POST /session/5209fcfd0cbd9c22cf680726c4028e3f/element - {"using":"xpath","value":"//li[.//span[text()='1443']]"}
RESULT: {"using":"xpath","value":"//li[.//span[text()='1443']]"}
COMMAND: POST /session/5209fcfd0cbd9c22cf680726c4028e3f/element/f.81B74C70C7FE6F01EFB4ED64870B6056.d.A1399408085F98A6DE13948542B52CAE.e.8518/click - {}
RESULT: {}
COMMAND: GET /session/5209fcfd0cbd9c22cf680726c4028e3f/screenshot - {}
RESULT: {}
COMMAND: POST /session/5209fcfd0cbd9c22cf680726c4028e3f/element - {"using":"xpath","value":"//button[@data-kt=\"saveButton\"]"}
RESULT: {"using":"xpath","value":"//button[@data-kt=\"saveButton\"]"}
COMMAND: POST /session/5209fcfd0cbd9c22cf680726c4028e3f/element/f.81B74C70C7FE6F01EFB4ED64870B6056.d.A1399408085F98A6DE13948542B52CAE.e.8519/click - {}
RESULT: {}
COMMAND: GET /session/5209fcfd0cbd9c22cf680726c4028e3f/screenshot - {}
RESULT: {}
COMMAND: POST /session/5209fcfd0cbd9c22cf680726c4028e3f/element - {"using":"xpath","value":"//span[contains(@id ,\"contractDetailTitleNoExpanded\")]"}
RESULT: {"using":"xpath","value":"//span[contains(@id ,\"contractDetailTitleNoExpanded\")]"}
COMMAND: POST /session/5209fcfd0cbd9c22cf680726c4028e3f/elements - {"using":"xpath","value":"//span[contains(@id ,\"contractDetailTitleNoExpanded\")]"}
RESULT: {"using":"xpath","value":"//span[contains(@id ,\"contractDetailTitleNoExpanded\")]"}
COMMAND: POST /session/5209fcfd0cbd9c22cf680726c4028e3f/execute/sync - {"script":"<script> [56 bytes]","args":[{"element-6066-11e4-a52e-4f735466cecf":"f.81B74C70C7FE6F01EFB4ED64870B6056.d.A1399408085F98A6DE13948542B52CAE.e.8590","ELEMENT":"f.81B74C70C7FE6F01EFB4ED64870B6056.d.A1399408085F98A6DE13948542B52CAE.e.8590"}]}
RESULT: {"script":"<script> [56 bytes]","args":[{"element-6066-11e4-a52e-4f735466cecf":"f.81B74C70C7FE6F01EFB4ED64870B6056.d.A1399408085F98A6DE13948542B52CAE.e.8590","ELEMENT":"f.81B74C70C7FE6F01EFB4ED64870B6056.d.A1399408085F98A6DE13948542B52CAE.e.8590"}]}
COMMAND: GET /session/5209fcfd0cbd9c22cf680726c4028e3f/screenshot - {}
RESULT: {}
]]></system-out>
    </testcase>
    <testcase classname="chrome.136_0_7103_93.windows.US134625_Set_up_price_condition_-_one_time" name="Should add the material to the contract" time="54.338">
      <system-out><![CDATA[
COMMAND: POST /session/5209fcfd0cbd9c22cf680726c4028e3f/element - {"using":"xpath","value":"//button[@data-kt=\"contractDetailEditBtnButton\"]"}
RESULT: {"using":"xpath","value":"//button[@data-kt=\"contractDetailEditBtnButton\"]"}
COMMAND: POST /session/5209fcfd0cbd9c22cf680726c4028e3f/element/f.81B74C70C7FE6F01EFB4ED64870B6056.d.A1399408085F98A6DE13948542B52CAE.e.8592/click - {}
RESULT: {}
COMMAND: GET /session/5209fcfd0cbd9c22cf680726c4028e3f/screenshot - {}
RESULT: {}
COMMAND: POST /session/5209fcfd0cbd9c22cf680726c4028e3f/element - {"using":"xpath","value":"(//span[contains(text(), \"Additional Addresses\")])[2]"}
RESULT: {"using":"xpath","value":"(//span[contains(text(), \"Additional Addresses\")])[2]"}
COMMAND: POST /session/5209fcfd0cbd9c22cf680726c4028e3f/element/f.81B74C70C7FE6F01EFB4ED64870B6056.d.A1399408085F98A6DE13948542B52CAE.e.8649/click - {}
RESULT: {}
COMMAND: GET /session/5209fcfd0cbd9c22cf680726c4028e3f/screenshot - {}
RESULT: {}
COMMAND: POST /session/5209fcfd0cbd9c22cf680726c4028e3f/element - {"using":"xpath","value":"//button[@data-kt=\"btnAddTableRowOverflowToolbarButton\"]"}
RESULT: {"using":"xpath","value":"//button[@data-kt=\"btnAddTableRowOverflowToolbarButton\"]"}
COMMAND: POST /session/5209fcfd0cbd9c22cf680726c4028e3f/element/f.81B74C70C7FE6F01EFB4ED64870B6056.d.A1399408085F98A6DE13948542B52CAE.e.8651/click - {}
RESULT: {}
COMMAND: GET /session/5209fcfd0cbd9c22cf680726c4028e3f/screenshot - {}
RESULT: {}
COMMAND: POST /session/5209fcfd0cbd9c22cf680726c4028e3f/element - {"using":"xpath","value":"//div[(text() = 'Standard Entry' or . = 'Standard Entry')]"}
RESULT: {"using":"xpath","value":"//div[(text() = 'Standard Entry' or . = 'Standard Entry')]"}
COMMAND: POST /session/5209fcfd0cbd9c22cf680726c4028e3f/element/f.81B74C70C7FE6F01EFB4ED64870B6056.d.A1399408085F98A6DE13948542B52CAE.e.8653/click - {}
RESULT: {}
COMMAND: GET /session/5209fcfd0cbd9c22cf680726c4028e3f/screenshot - {}
RESULT: {}
COMMAND: POST /session/5209fcfd0cbd9c22cf680726c4028e3f/element - {"using":"xpath","value":"//td[6]/div/div/div/span"}
RESULT: {"using":"xpath","value":"//td[6]/div/div/div/span"}
COMMAND: POST /session/5209fcfd0cbd9c22cf680726c4028e3f/element/f.81B74C70C7FE6F01EFB4ED64870B6056.d.A1399408085F98A6DE13948542B52CAE.e.8665/click - {}
RESULT: {}
COMMAND: GET /session/5209fcfd0cbd9c22cf680726c4028e3f/screenshot - {}
RESULT: {}
COMMAND: POST /session/5209fcfd0cbd9c22cf680726c4028e3f/element - {"using":"xpath","value":"(//span[contains(text(), \"Material\")])"}
RESULT: {"using":"xpath","value":"(//span[contains(text(), \"Material\")])"}
COMMAND: POST /session/5209fcfd0cbd9c22cf680726c4028e3f/element/f.81B74C70C7FE6F01EFB4ED64870B6056.d.A1399408085F98A6DE13948542B52CAE.e.8666/click - {}
RESULT: {}
COMMAND: GET /session/5209fcfd0cbd9c22cf680726c4028e3f/screenshot - {}
RESULT: {}
COMMAND: POST /session/5209fcfd0cbd9c22cf680726c4028e3f/element - {"using":"xpath","value":"//td[7]/div/div/input"}
RESULT: {"using":"xpath","value":"//td[7]/div/div/input"}
COMMAND: POST /session/5209fcfd0cbd9c22cf680726c4028e3f/element/f.81B74C70C7FE6F01EFB4ED64870B6056.d.A1399408085F98A6DE13948542B52CAE.e.8670/clear - {}
RESULT: {}
COMMAND: POST /session/5209fcfd0cbd9c22cf680726c4028e3f/element/f.81B74C70C7FE6F01EFB4ED64870B6056.d.A1399408085F98A6DE13948542B52CAE.e.8670/value - {"text":"200407"}
COMMAND: GET /session/5209fcfd0cbd9c22cf680726c4028e3f/screenshot - {}
RESULT: {"text":"200407"}
COMMAND: GET /session/5209fcfd0cbd9c22cf680726c4028e3f/screenshot - {}
RESULT: {}
RESULT: {}
COMMAND: POST /session/5209fcfd0cbd9c22cf680726c4028e3f/actions - {"actions":[{"id":"action28","type":"key","parameters":{},"actions":[{"type":"keyDown","value":""},{"type":"pause","duration":10},{"type":"keyUp","value":""}]}]}
RESULT: {"actions":[{"id":"action28","type":"key","parameters":{},"actions":[{"type":"keyDown","value":""},{"type":"pause","duration":10},{"type":"keyUp","value":""}]}]}
COMMAND: GET /session/5209fcfd0cbd9c22cf680726c4028e3f/screenshot - {}
COMMAND: POST /session/5209fcfd0cbd9c22cf680726c4028e3f/execute/sync - {"script":"<script> [276 bytes]","args":["No pricing information was found"]}
RESULT: {}
RESULT: {"script":"<script> [276 bytes]","args":["No pricing information was found"]}
COMMAND: POST /session/5209fcfd0cbd9c22cf680726c4028e3f/element - {"using":"xpath","value":"(//button[@data-kt=\"saveButton\"])[2]"}
COMMAND: GET /session/5209fcfd0cbd9c22cf680726c4028e3f/screenshot - {}
RESULT: {"using":"xpath","value":"(//button[@data-kt=\"saveButton\"])[2]"}
COMMAND: POST /session/5209fcfd0cbd9c22cf680726c4028e3f/element/f.81B74C70C7FE6F01EFB4ED64870B6056.d.A1399408085F98A6DE13948542B52CAE.e.8693/click - {}
RESULT: {}
RESULT: {}
COMMAND: GET /session/5209fcfd0cbd9c22cf680726c4028e3f/screenshot - {}
RESULT: {}
COMMAND: POST /session/5209fcfd0cbd9c22cf680726c4028e3f/execute/sync - {"script":"<script> [276 bytes]","args":["Some contract items are having rental validity exceeding header rental validity"]}
RESULT: {"script":"<script> [276 bytes]","args":["Some contract items are having rental validity exceeding header rental validity"]}
COMMAND: GET /session/5209fcfd0cbd9c22cf680726c4028e3f/screenshot - {}
RESULT: {}
COMMAND: POST /session/5209fcfd0cbd9c22cf680726c4028e3f/element - {"using":"xpath","value":"//span[contains(@id ,\"contractItemsSmartTable-header-inner\")]"}
RESULT: {"using":"xpath","value":"//span[contains(@id ,\"contractItemsSmartTable-header-inner\")]"}
COMMAND: POST /session/5209fcfd0cbd9c22cf680726c4028e3f/elements - {"using":"xpath","value":"//span[contains(@id ,\"contractItemsSmartTable-header-inner\")]"}
RESULT: {"using":"xpath","value":"//span[contains(@id ,\"contractItemsSmartTable-header-inner\")]"}
COMMAND: POST /session/5209fcfd0cbd9c22cf680726c4028e3f/execute/sync - {"script":"<script> [56 bytes]","args":[{"element-6066-11e4-a52e-4f735466cecf":"f.81B74C70C7FE6F01EFB4ED64870B6056.d.A1399408085F98A6DE13948542B52CAE.e.8700","ELEMENT":"f.81B74C70C7FE6F01EFB4ED64870B6056.d.A1399408085F98A6DE13948542B52CAE.e.8700"}]}
RESULT: {"script":"<script> [56 bytes]","args":[{"element-6066-11e4-a52e-4f735466cecf":"f.81B74C70C7FE6F01EFB4ED64870B6056.d.A1399408085F98A6DE13948542B52CAE.e.8700","ELEMENT":"f.81B74C70C7FE6F01EFB4ED64870B6056.d.A1399408085F98A6DE13948542B52CAE.e.8700"}]}
COMMAND: GET /session/5209fcfd0cbd9c22cf680726c4028e3f/screenshot - {}
]]></system-out>
    </testcase>
    <testcase classname="chrome.136_0_7103_93.windows.US134625_Set_up_price_condition_-_one_time" name="Should verify the bill item creation and pricing condition" time="12.653">
      <system-out><![CDATA[
COMMAND: POST /session/5209fcfd0cbd9c22cf680726c4028e3f/execute/async - {"script":"<script> [1562 bytes]","args":[{"selector":{"controlType":"sap.ui.core.Icon","viewName":"etm.portal.ui.managecontracts.view.Detail","properties":{"src":{"regex":{"source":"slim\\-arrow\\-right"}}}},"wdio_ui5_key":"etmportal.ui.managecontracts.view.Detailsap.ui.core.Icon{\"src\":{\"regex\":{\"source\":\"slim\\\\-arrow\\\\-right\"}}}"}]}
RESULT: {}
RESULT: {"script":"<script> [1562 bytes]","args":[{"selector":{"controlType":"sap.ui.core.Icon","viewName":"etm.portal.ui.managecontracts.view.Detail","properties":{"src":{"regex":{"source":"slim\\-arrow\\-right"}}}},"wdio_ui5_key":"etmportal.ui.managecontracts.view.Detailsap.ui.core.Icon{\"src\":{\"regex\":{\"source\":\"slim\\\\-arrow\\\\-right\"}}}"}]}
RESULT: undefined
COMMAND: POST /session/5209fcfd0cbd9c22cf680726c4028e3f/element - {"using":"xpath","value":"//*[@id=\"__item2316-__clone4734-imgNav\"]"}
RESULT: {"using":"xpath","value":"//*[@id=\"__item2316-__clone4734-imgNav\"]"}
COMMAND: POST /session/5209fcfd0cbd9c22cf680726c4028e3f/element/f.81B74C70C7FE6F01EFB4ED64870B6056.d.A1399408085F98A6DE13948542B52CAE.e.8701/click - {}
RESULT: {}
COMMAND: GET /session/5209fcfd0cbd9c22cf680726c4028e3f/screenshot - {}
COMMAND: POST /session/5209fcfd0cbd9c22cf680726c4028e3f/execute/async - {"script":"<script> [1562 bytes]","args":[{"selector":{"controlType":"sap.m.Text","viewName":"etm.portal.ui.managecontracts.view.BillingItem","viewId":"application-managecontracts-display-component---BillingItem","bindingPath":{"propertyPath":"LINK_TO_C_BILL_TYPES/DESCRIPTION"}},"wdio_ui5_key":"etmportal.ui.managecontracts.view.BillingItemsap.m.Text{\"propertyPath\":\"LINK_TO_C_BILL_TYPES/DESCRIPTION\"}"}]}
RESULT: {}
RESULT: {"script":"<script> [1562 bytes]","args":[{"selector":{"controlType":"sap.m.Text","viewName":"etm.portal.ui.managecontracts.view.BillingItem","viewId":"application-managecontracts-display-component---BillingItem","bindingPath":{"propertyPath":"LINK_TO_C_BILL_TYPES/DESCRIPTION"}},"wdio_ui5_key":"etmportal.ui.managecontracts.view.BillingItemsap.m.Text{\"propertyPath\":\"LINK_TO_C_BILL_TYPES/DESCRIPTION\"}"}]}
RESULT: undefined
COMMAND: POST /session/5209fcfd0cbd9c22cf680726c4028e3f/execute/async - {"script":"<script> [6424 bytes]","args":[{"element-6066-11e4-a52e-4f735466cecf":"f.81B74C70C7FE6F01EFB4ED64870B6056.d.A1399408085F98A6DE13948542B52CAE.e.8715"},"getText",[]]}
RESULT: {"script":"<script> [6424 bytes]","args":[{"element-6066-11e4-a52e-4f735466cecf":"f.81B74C70C7FE6F01EFB4ED64870B6056.d.A1399408085F98A6DE13948542B52CAE.e.8715"},"getText",[]]}
COMMAND: POST /session/5209fcfd0cbd9c22cf680726c4028e3f/execute/async - {"script":"<script> [1562 bytes]","args":[{"selector":{"controlType":"sap.m.ObjectNumber","viewName":"etm.portal.ui.managecontracts.view.BillingItem","viewId":"application-managecontracts-display-component---BillingItem","bindingPath":{"propertyPath":"BASE_PRICE"}},"wdio_ui5_key":"etmportal.ui.managecontracts.view.BillingItemsap.m.ObjectNumber{\"propertyPath\":\"BASE_PRICE\"}"}]}
RESULT: {"script":"<script> [1562 bytes]","args":[{"selector":{"controlType":"sap.m.ObjectNumber","viewName":"etm.portal.ui.managecontracts.view.BillingItem","viewId":"application-managecontracts-display-component---BillingItem","bindingPath":{"propertyPath":"BASE_PRICE"}},"wdio_ui5_key":"etmportal.ui.managecontracts.view.BillingItemsap.m.ObjectNumber{\"propertyPath\":\"BASE_PRICE\"}"}]}
RESULT: undefined
COMMAND: POST /session/5209fcfd0cbd9c22cf680726c4028e3f/execute/async - {"script":"<script> [6424 bytes]","args":[{"element-6066-11e4-a52e-4f735466cecf":"f.81B74C70C7FE6F01EFB4ED64870B6056.d.A1399408085F98A6DE13948542B52CAE.e.8716"},"getNumber",[]]}
RESULT: {"script":"<script> [6424 bytes]","args":[{"element-6066-11e4-a52e-4f735466cecf":"f.81B74C70C7FE6F01EFB4ED64870B6056.d.A1399408085F98A6DE13948542B52CAE.e.8716"},"getNumber",[]]}
COMMAND: POST /session/5209fcfd0cbd9c22cf680726c4028e3f/execute/async - {"script":"<script> [1562 bytes]","args":[{"selector":{"controlType":"sap.m.ObjectNumber","viewName":"etm.portal.ui.managecontracts.view.BillingItem","viewId":"application-managecontracts-display-component---BillingItem","bindingPath":{"propertyPath":"BASE_QUANTITY"}},"wdio_ui5_key":"etmportal.ui.managecontracts.view.BillingItemsap.m.ObjectNumber{\"propertyPath\":\"BASE_QUANTITY\"}"}]}
RESULT: {"script":"<script> [1562 bytes]","args":[{"selector":{"controlType":"sap.m.ObjectNumber","viewName":"etm.portal.ui.managecontracts.view.BillingItem","viewId":"application-managecontracts-display-component---BillingItem","bindingPath":{"propertyPath":"BASE_QUANTITY"}},"wdio_ui5_key":"etmportal.ui.managecontracts.view.BillingItemsap.m.ObjectNumber{\"propertyPath\":\"BASE_QUANTITY\"}"}]}
RESULT: undefined
COMMAND: POST /session/5209fcfd0cbd9c22cf680726c4028e3f/execute/async - {"script":"<script> [6424 bytes]","args":[{"element-6066-11e4-a52e-4f735466cecf":"f.81B74C70C7FE6F01EFB4ED64870B6056.d.A1399408085F98A6DE13948542B52CAE.e.8717"},"getNumber",[]]}
RESULT: {"script":"<script> [6424 bytes]","args":[{"element-6066-11e4-a52e-4f735466cecf":"f.81B74C70C7FE6F01EFB4ED64870B6056.d.A1399408085F98A6DE13948542B52CAE.e.8717"},"getNumber",[]]}
COMMAND: DELETE /session/5209fcfd0cbd9c22cf680726c4028e3f - {}
RESULT: {}
]]></system-out>
    </testcase>
  </testsuite>
</testsuites>