<?xml version="1.0" encoding="UTF-8"?>
<testsuites tests="58" failures="14" errors="14" skipped="0">
  <testsuite timestamp="2025-05-02T05:31:31" time="891.734" tests="11" failures="0" errors="0" skipped="0">
    <properties>
      <property name="specId" value="0" />
      <property name="suiteName" value="Billing confirm US117289" />
      <property name="capabilities" value="chrome.135_0_7049_96.windows" />
      <property name="file" value="file:///D:/a/1/s/test/specs/BTS/billing-confirm.spec.js" />
    </properties>
    <testcase classname="chrome.135_0_7049_96.windows.Billing_confirm_US117289" name="Should create a new yard" time="101.532">
      <system-out><![CDATA[
COMMAND: POST /session/79689850af1d41ef46dc131fe5890470/window/fullscreen - {}
RESULT: {}
COMMAND: POST /session/79689850af1d41ef46dc131fe5890470/execute/async - {"script":"<script> [1562 bytes]","args":[{"selector":{"controlType":"sap.m.GenericTile","properties":{"header":"Manage Yards"}},"wdio_ui5_key":"sapm.GenericTile{\"header\":\"Manage Yards\"}"}]}
RESULT: {"script":"<script> [1562 bytes]","args":[{"selector":{"controlType":"sap.m.GenericTile","properties":{"header":"Manage Yards"}},"wdio_ui5_key":"sapm.GenericTile{\"header\":\"Manage Yards\"}"}]}
RESULT: undefined
COMMAND: POST /session/79689850af1d41ef46dc131fe5890470/element - {"using":"xpath","value":"//*[@id=\"__tile41\"]"}
RESULT: {"using":"xpath","value":"//*[@id=\"__tile41\"]"}
COMMAND: POST /session/79689850af1d41ef46dc131fe5890470/element/f.3A2B8E27F6B6549B06BE95D0839BE483.d.3846EE98925EE18F9F8021DB1CA4A3BF.e.165/click - {}
RESULT: {}
COMMAND: POST /session/79689850af1d41ef46dc131fe5890470/element - {"using":"xpath","value":"//button[@data-kt=\"addNewYardOverflowToolbarButton\"]"}
COMMAND: GET /session/79689850af1d41ef46dc131fe5890470/screenshot - {}
RESULT: {"using":"xpath","value":"//button[@data-kt=\"addNewYardOverflowToolbarButton\"]"}
COMMAND: POST /session/79689850af1d41ef46dc131fe5890470/elements - {"using":"xpath","value":"//button[@data-kt=\"addNewYardOverflowToolbarButton\"]"}
RESULT: {}
RESULT: {"using":"xpath","value":"//button[@data-kt=\"addNewYardOverflowToolbarButton\"]"}
COMMAND: POST /session/79689850af1d41ef46dc131fe5890470/elements - {"using":"xpath","value":"//button[@data-kt=\"addNewYardOverflowToolbarButton\"]"}
RESULT: {"using":"xpath","value":"//button[@data-kt=\"addNewYardOverflowToolbarButton\"]"}
COMMAND: POST /session/79689850af1d41ef46dc131fe5890470/elements - {"using":"xpath","value":"//button[@data-kt=\"addNewYardOverflowToolbarButton\"]"}
RESULT: {"using":"xpath","value":"//button[@data-kt=\"addNewYardOverflowToolbarButton\"]"}
COMMAND: POST /session/79689850af1d41ef46dc131fe5890470/elements - {"using":"xpath","value":"//button[@data-kt=\"addNewYardOverflowToolbarButton\"]"}
RESULT: {"using":"xpath","value":"//button[@data-kt=\"addNewYardOverflowToolbarButton\"]"}
COMMAND: POST /session/79689850af1d41ef46dc131fe5890470/elements - {"using":"xpath","value":"//button[@data-kt=\"addNewYardOverflowToolbarButton\"]"}
RESULT: {"using":"xpath","value":"//button[@data-kt=\"addNewYardOverflowToolbarButton\"]"}
COMMAND: POST /session/79689850af1d41ef46dc131fe5890470/elements - {"using":"xpath","value":"//button[@data-kt=\"addNewYardOverflowToolbarButton\"]"}
RESULT: {"using":"xpath","value":"//button[@data-kt=\"addNewYardOverflowToolbarButton\"]"}
COMMAND: POST /session/79689850af1d41ef46dc131fe5890470/elements - {"using":"xpath","value":"//button[@data-kt=\"addNewYardOverflowToolbarButton\"]"}
RESULT: {"using":"xpath","value":"//button[@data-kt=\"addNewYardOverflowToolbarButton\"]"}
COMMAND: POST /session/79689850af1d41ef46dc131fe5890470/elements - {"using":"xpath","value":"//button[@data-kt=\"addNewYardOverflowToolbarButton\"]"}
RESULT: {"using":"xpath","value":"//button[@data-kt=\"addNewYardOverflowToolbarButton\"]"}
COMMAND: POST /session/79689850af1d41ef46dc131fe5890470/elements - {"using":"xpath","value":"//button[@data-kt=\"addNewYardOverflowToolbarButton\"]"}
RESULT: {"using":"xpath","value":"//button[@data-kt=\"addNewYardOverflowToolbarButton\"]"}
COMMAND: POST /session/79689850af1d41ef46dc131fe5890470/elements - {"using":"xpath","value":"//button[@data-kt=\"addNewYardOverflowToolbarButton\"]"}
RESULT: {"using":"xpath","value":"//button[@data-kt=\"addNewYardOverflowToolbarButton\"]"}
COMMAND: POST /session/79689850af1d41ef46dc131fe5890470/elements - {"using":"xpath","value":"//button[@data-kt=\"addNewYardOverflowToolbarButton\"]"}
RESULT: {"using":"xpath","value":"//button[@data-kt=\"addNewYardOverflowToolbarButton\"]"}
COMMAND: POST /session/79689850af1d41ef46dc131fe5890470/elements - {"using":"xpath","value":"//button[@data-kt=\"addNewYardOverflowToolbarButton\"]"}
RESULT: {"using":"xpath","value":"//button[@data-kt=\"addNewYardOverflowToolbarButton\"]"}
COMMAND: POST /session/79689850af1d41ef46dc131fe5890470/elements - {"using":"xpath","value":"//button[@data-kt=\"addNewYardOverflowToolbarButton\"]"}
RESULT: {"using":"xpath","value":"//button[@data-kt=\"addNewYardOverflowToolbarButton\"]"}
COMMAND: POST /session/79689850af1d41ef46dc131fe5890470/elements - {"using":"xpath","value":"//button[@data-kt=\"addNewYardOverflowToolbarButton\"]"}
RESULT: {"using":"xpath","value":"//button[@data-kt=\"addNewYardOverflowToolbarButton\"]"}
COMMAND: POST /session/79689850af1d41ef46dc131fe5890470/elements - {"using":"xpath","value":"//button[@data-kt=\"addNewYardOverflowToolbarButton\"]"}
RESULT: {"using":"xpath","value":"//button[@data-kt=\"addNewYardOverflowToolbarButton\"]"}
COMMAND: POST /session/79689850af1d41ef46dc131fe5890470/elements - {"using":"xpath","value":"//button[@data-kt=\"addNewYardOverflowToolbarButton\"]"}
RESULT: {"using":"xpath","value":"//button[@data-kt=\"addNewYardOverflowToolbarButton\"]"}
COMMAND: POST /session/79689850af1d41ef46dc131fe5890470/elements - {"using":"xpath","value":"//button[@data-kt=\"addNewYardOverflowToolbarButton\"]"}
RESULT: {"using":"xpath","value":"//button[@data-kt=\"addNewYardOverflowToolbarButton\"]"}
COMMAND: POST /session/79689850af1d41ef46dc131fe5890470/elements - {"using":"xpath","value":"//button[@data-kt=\"addNewYardOverflowToolbarButton\"]"}
RESULT: {"using":"xpath","value":"//button[@data-kt=\"addNewYardOverflowToolbarButton\"]"}
COMMAND: POST /session/79689850af1d41ef46dc131fe5890470/elements - {"using":"xpath","value":"//button[@data-kt=\"addNewYardOverflowToolbarButton\"]"}
RESULT: {"using":"xpath","value":"//button[@data-kt=\"addNewYardOverflowToolbarButton\"]"}
COMMAND: POST /session/79689850af1d41ef46dc131fe5890470/elements - {"using":"xpath","value":"//button[@data-kt=\"addNewYardOverflowToolbarButton\"]"}
RESULT: {"using":"xpath","value":"//button[@data-kt=\"addNewYardOverflowToolbarButton\"]"}
COMMAND: POST /session/79689850af1d41ef46dc131fe5890470/elements - {"using":"xpath","value":"//button[@data-kt=\"addNewYardOverflowToolbarButton\"]"}
RESULT: {"using":"xpath","value":"//button[@data-kt=\"addNewYardOverflowToolbarButton\"]"}
COMMAND: POST /session/79689850af1d41ef46dc131fe5890470/elements - {"using":"xpath","value":"//button[@data-kt=\"addNewYardOverflowToolbarButton\"]"}
RESULT: {"using":"xpath","value":"//button[@data-kt=\"addNewYardOverflowToolbarButton\"]"}
COMMAND: POST /session/79689850af1d41ef46dc131fe5890470/elements - {"using":"xpath","value":"//button[@data-kt=\"addNewYardOverflowToolbarButton\"]"}
RESULT: {"using":"xpath","value":"//button[@data-kt=\"addNewYardOverflowToolbarButton\"]"}
COMMAND: POST /session/79689850af1d41ef46dc131fe5890470/elements - {"using":"xpath","value":"//button[@data-kt=\"addNewYardOverflowToolbarButton\"]"}
RESULT: {"using":"xpath","value":"//button[@data-kt=\"addNewYardOverflowToolbarButton\"]"}
COMMAND: POST /session/79689850af1d41ef46dc131fe5890470/elements - {"using":"xpath","value":"//button[@data-kt=\"addNewYardOverflowToolbarButton\"]"}
RESULT: {"using":"xpath","value":"//button[@data-kt=\"addNewYardOverflowToolbarButton\"]"}
COMMAND: POST /session/79689850af1d41ef46dc131fe5890470/element - {"using":"xpath","value":"//button[@data-kt=\"addNewYardOverflowToolbarButton\"]"}
RESULT: {"using":"xpath","value":"//button[@data-kt=\"addNewYardOverflowToolbarButton\"]"}
COMMAND: POST /session/79689850af1d41ef46dc131fe5890470/execute/sync - {"script":"<script> [8489 bytes]","args":[{"element-6066-11e4-a52e-4f735466cecf":"f.3A2B8E27F6B6549B06BE95D0839BE483.d.3846EE98925EE18F9F8021DB1CA4A3BF.e.303","ELEMENT":"f.3A2B8E27F6B6549B06BE95D0839BE483.d.3846EE98925EE18F9F8021DB1CA4A3BF.e.303"}]}
RESULT: {"script":"<script> [8489 bytes]","args":[{"element-6066-11e4-a52e-4f735466cecf":"f.3A2B8E27F6B6549B06BE95D0839BE483.d.3846EE98925EE18F9F8021DB1CA4A3BF.e.303","ELEMENT":"f.3A2B8E27F6B6549B06BE95D0839BE483.d.3846EE98925EE18F9F8021DB1CA4A3BF.e.303"}]}
COMMAND: GET /session/79689850af1d41ef46dc131fe5890470/element/f.3A2B8E27F6B6549B06BE95D0839BE483.d.3846EE98925EE18F9F8021DB1CA4A3BF.e.303/enabled - {}
COMMAND: GET /session/79689850af1d41ef46dc131fe5890470/screenshot - {}
RESULT: {}
COMMAND: POST /session/79689850af1d41ef46dc131fe5890470/execute/sync - {"script":"<script> [8489 bytes]","args":[{"element-6066-11e4-a52e-4f735466cecf":"f.3A2B8E27F6B6549B06BE95D0839BE483.d.3846EE98925EE18F9F8021DB1CA4A3BF.e.303","ELEMENT":"f.3A2B8E27F6B6549B06BE95D0839BE483.d.3846EE98925EE18F9F8021DB1CA4A3BF.e.303"}]}
COMMAND: GET /session/79689850af1d41ef46dc131fe5890470/screenshot - {}
RESULT: {}
RESULT: {"script":"<script> [8489 bytes]","args":[{"element-6066-11e4-a52e-4f735466cecf":"f.3A2B8E27F6B6549B06BE95D0839BE483.d.3846EE98925EE18F9F8021DB1CA4A3BF.e.303","ELEMENT":"f.3A2B8E27F6B6549B06BE95D0839BE483.d.3846EE98925EE18F9F8021DB1CA4A3BF.e.303"}]}
COMMAND: POST /session/79689850af1d41ef46dc131fe5890470/execute/sync - {"script":"<script> [5351 bytes]","args":[{"element-6066-11e4-a52e-4f735466cecf":"f.3A2B8E27F6B6549B06BE95D0839BE483.d.3846EE98925EE18F9F8021DB1CA4A3BF.e.303","ELEMENT":"f.3A2B8E27F6B6549B06BE95D0839BE483.d.3846EE98925EE18F9F8021DB1CA4A3BF.e.303"}]}
COMMAND: GET /session/79689850af1d41ef46dc131fe5890470/screenshot - {}
RESULT: {}
RESULT: {"script":"<script> [5351 bytes]","args":[{"element-6066-11e4-a52e-4f735466cecf":"f.3A2B8E27F6B6549B06BE95D0839BE483.d.3846EE98925EE18F9F8021DB1CA4A3BF.e.303","ELEMENT":"f.3A2B8E27F6B6549B06BE95D0839BE483.d.3846EE98925EE18F9F8021DB1CA4A3BF.e.303"}]}
COMMAND: POST /session/79689850af1d41ef46dc131fe5890470/element/f.3A2B8E27F6B6549B06BE95D0839BE483.d.3846EE98925EE18F9F8021DB1CA4A3BF.e.303/click - {}
COMMAND: GET /session/79689850af1d41ef46dc131fe5890470/screenshot - {}
RESULT: {}
RESULT: {}
COMMAND: GET /session/79689850af1d41ef46dc131fe5890470/screenshot - {}
RESULT: {}
RESULT: {}
COMMAND: POST /session/79689850af1d41ef46dc131fe5890470/element - {"using":"xpath","value":"//input[@id=\"application-manageyards-display-component---NewYard--yardId-inner\"]"}
RESULT: {"using":"xpath","value":"//input[@id=\"application-manageyards-display-component---NewYard--yardId-inner\"]"}
COMMAND: POST /session/79689850af1d41ef46dc131fe5890470/element - {"using":"xpath","value":"//input[@id=\"application-manageyards-display-component---NewYard--yardId-inner\"]"}
RESULT: {"using":"xpath","value":"//input[@id=\"application-manageyards-display-component---NewYard--yardId-inner\"]"}
COMMAND: POST /session/79689850af1d41ef46dc131fe5890470/execute/async - {"script":"<script> [1562 bytes]","args":[{"selector":{"id":"application-manageyards-display-component---NewYard--addressDetailDetailsName1","interaction":{"idSuffix":"inner"}},"wdio_ui5_key":"applicationmanageyards-display-component---NewYard--addressDetailDetailsName1"}]}
RESULT: {"script":"<script> [1562 bytes]","args":[{"selector":{"id":"application-manageyards-display-component---NewYard--addressDetailDetailsName1","interaction":{"idSuffix":"inner"}},"wdio_ui5_key":"applicationmanageyards-display-component---NewYard--addressDetailDetailsName1"}]}
RESULT: undefined
COMMAND: POST /session/79689850af1d41ef46dc131fe5890470/execute/async - {"script":"<script> [776 bytes]","args":[{"enterText":"Intracompany Yard wdIO","selector":{"id":"application-manageyards-display-component---NewYard--addressDetailDetailsName1","interaction":{"idSuffix":"inner"}},"clearTextFirst":true,"interactionType":"ENTER_TEXT"}]}
RESULT: {"script":"<script> [776 bytes]","args":[{"enterText":"Intracompany Yard wdIO","selector":{"id":"application-manageyards-display-component---NewYard--addressDetailDetailsName1","interaction":{"idSuffix":"inner"}},"clearTextFirst":true,"interactionType":"ENTER_TEXT"}]}
COMMAND: POST /session/79689850af1d41ef46dc131fe5890470/execute/async - {"script":"<script> [1562 bytes]","args":[{"selector":{"id":"application-manageyards-display-component---NewYard--addressDetailDetailsLanguage-arrow"},"wdio_ui5_key":"applicationmanageyards-display-component---NewYard--addressDetailDetailsLanguage-arrow"}]}
RESULT: {"script":"<script> [1562 bytes]","args":[{"selector":{"id":"application-manageyards-display-component---NewYard--addressDetailDetailsLanguage-arrow"},"wdio_ui5_key":"applicationmanageyards-display-component---NewYard--addressDetailDetailsLanguage-arrow"}]}
RESULT: undefined
COMMAND: POST /session/79689850af1d41ef46dc131fe5890470/element - {"using":"xpath","value":"//*[@id=\"application-manageyards-display-component---NewYard--addressDetailDetailsLanguage-arrow\"]"}
RESULT: {"using":"xpath","value":"//*[@id=\"application-manageyards-display-component---NewYard--addressDetailDetailsLanguage-arrow\"]"}
COMMAND: POST /session/79689850af1d41ef46dc131fe5890470/element/f.3A2B8E27F6B6549B06BE95D0839BE483.d.3846EE98925EE18F9F8021DB1CA4A3BF.e.742/click - {}
RESULT: {}
COMMAND: POST /session/79689850af1d41ef46dc131fe5890470/element - {"using":"xpath","value":"//span[contains(text(), \"English\")]"}
COMMAND: GET /session/79689850af1d41ef46dc131fe5890470/screenshot - {}
RESULT: {"using":"xpath","value":"//span[contains(text(), \"English\")]"}
COMMAND: POST /session/79689850af1d41ef46dc131fe5890470/element/f.3A2B8E27F6B6549B06BE95D0839BE483.d.3846EE98925EE18F9F8021DB1CA4A3BF.e.743/click - {}
RESULT: {}
RESULT: {}
COMMAND: POST /session/79689850af1d41ef46dc131fe5890470/execute/async - {"script":"<script> [1562 bytes]","args":[{"selector":{"id":"application-manageyards-display-component---NewYard--addressDetailDetailsCity1","interaction":{"idSuffix":"inner"}},"wdio_ui5_key":"applicationmanageyards-display-component---NewYard--addressDetailDetailsCity1"}]}
COMMAND: GET /session/79689850af1d41ef46dc131fe5890470/screenshot - {}
RESULT: {"script":"<script> [1562 bytes]","args":[{"selector":{"id":"application-manageyards-display-component---NewYard--addressDetailDetailsCity1","interaction":{"idSuffix":"inner"}},"wdio_ui5_key":"applicationmanageyards-display-component---NewYard--addressDetailDetailsCity1"}]}
RESULT: undefined
COMMAND: POST /session/79689850af1d41ef46dc131fe5890470/execute/async - {"script":"<script> [776 bytes]","args":[{"enterText":"Rosario","selector":{"id":"application-manageyards-display-component---NewYard--addressDetailDetailsCity1","interaction":{"idSuffix":"inner"}},"clearTextFirst":true,"interactionType":"ENTER_TEXT"}]}
RESULT: {}
RESULT: {"script":"<script> [776 bytes]","args":[{"enterText":"Rosario","selector":{"id":"application-manageyards-display-component---NewYard--addressDetailDetailsCity1","interaction":{"idSuffix":"inner"}},"clearTextFirst":true,"interactionType":"ENTER_TEXT"}]}
COMMAND: POST /session/79689850af1d41ef46dc131fe5890470/execute/async - {"script":"<script> [1562 bytes]","args":[{"selector":{"id":"application-manageyards-display-component---NewYard--addressDetailDetailsCountry-arrow"},"wdio_ui5_key":"applicationmanageyards-display-component---NewYard--addressDetailDetailsCountry-arrow"}]}
RESULT: {"script":"<script> [1562 bytes]","args":[{"selector":{"id":"application-manageyards-display-component---NewYard--addressDetailDetailsCountry-arrow"},"wdio_ui5_key":"applicationmanageyards-display-component---NewYard--addressDetailDetailsCountry-arrow"}]}
RESULT: undefined
COMMAND: POST /session/79689850af1d41ef46dc131fe5890470/element - {"using":"xpath","value":"//*[@id=\"application-manageyards-display-component---NewYard--addressDetailDetailsCountry-arrow\"]"}
RESULT: {"using":"xpath","value":"//*[@id=\"application-manageyards-display-component---NewYard--addressDetailDetailsCountry-arrow\"]"}
COMMAND: POST /session/79689850af1d41ef46dc131fe5890470/element/f.3A2B8E27F6B6549B06BE95D0839BE483.d.3846EE98925EE18F9F8021DB1CA4A3BF.e.745/click - {}
RESULT: {}
COMMAND: POST /session/79689850af1d41ef46dc131fe5890470/element - {"using":"xpath","value":"//span[contains(text(), \"Argentina\")]"}
COMMAND: GET /session/79689850af1d41ef46dc131fe5890470/screenshot - {}
RESULT: {"using":"xpath","value":"//span[contains(text(), \"Argentina\")]"}
COMMAND: POST /session/79689850af1d41ef46dc131fe5890470/element/f.3A2B8E27F6B6549B06BE95D0839BE483.d.3846EE98925EE18F9F8021DB1CA4A3BF.e.747/click - {}
RESULT: {}
RESULT: {}
COMMAND: POST /session/79689850af1d41ef46dc131fe5890470/execute/async - {"script":"<script> [1562 bytes]","args":[{"selector":{"id":"application-manageyards-display-component---NewYard--addressEditDetailsCostObjectCstType-arrow"},"wdio_ui5_key":"applicationmanageyards-display-component---NewYard--addressEditDetailsCostObjectCstType-arrow"}]}
COMMAND: GET /session/79689850af1d41ef46dc131fe5890470/screenshot - {}
RESULT: {"script":"<script> [1562 bytes]","args":[{"selector":{"id":"application-manageyards-display-component---NewYard--addressEditDetailsCostObjectCstType-arrow"},"wdio_ui5_key":"applicationmanageyards-display-component---NewYard--addressEditDetailsCostObjectCstType-arrow"}]}
RESULT: undefined
COMMAND: POST /session/79689850af1d41ef46dc131fe5890470/element - {"using":"xpath","value":"//*[@id=\"application-manageyards-display-component---NewYard--addressEditDetailsCostObjectCstType-arrow\"]"}
RESULT: {}
RESULT: {"using":"xpath","value":"//*[@id=\"application-manageyards-display-component---NewYard--addressEditDetailsCostObjectCstType-arrow\"]"}
COMMAND: POST /session/79689850af1d41ef46dc131fe5890470/element/f.3A2B8E27F6B6549B06BE95D0839BE483.d.3846EE98925EE18F9F8021DB1CA4A3BF.e.748/click - {}
RESULT: {}
COMMAND: POST /session/79689850af1d41ef46dc131fe5890470/element - {"using":"xpath","value":"//span[contains(text(), \"Cost Center\")]"}
COMMAND: GET /session/79689850af1d41ef46dc131fe5890470/screenshot - {}
RESULT: {"using":"xpath","value":"//span[contains(text(), \"Cost Center\")]"}
COMMAND: POST /session/79689850af1d41ef46dc131fe5890470/element/f.3A2B8E27F6B6549B06BE95D0839BE483.d.3846EE98925EE18F9F8021DB1CA4A3BF.e.749/click - {}
RESULT: {}
RESULT: {}
COMMAND: GET /session/79689850af1d41ef46dc131fe5890470/screenshot - {}
RESULT: {}
COMMAND: POST /session/79689850af1d41ef46dc131fe5890470/element - {"using":"xpath","value":"//span[@id=\"application-manageyards-display-component---NewYard--addressNewCostObjectCstID-vhi\"]"}
RESULT: {"using":"xpath","value":"//span[@id=\"application-manageyards-display-component---NewYard--addressNewCostObjectCstID-vhi\"]"}
COMMAND: POST /session/79689850af1d41ef46dc131fe5890470/execute/sync - {"script":"<script> [8489 bytes]","args":[{"element-6066-11e4-a52e-4f735466cecf":"f.3A2B8E27F6B6549B06BE95D0839BE483.d.3846EE98925EE18F9F8021DB1CA4A3BF.e.753","ELEMENT":"f.3A2B8E27F6B6549B06BE95D0839BE483.d.3846EE98925EE18F9F8021DB1CA4A3BF.e.753"}]}
RESULT: {"script":"<script> [8489 bytes]","args":[{"element-6066-11e4-a52e-4f735466cecf":"f.3A2B8E27F6B6549B06BE95D0839BE483.d.3846EE98925EE18F9F8021DB1CA4A3BF.e.753","ELEMENT":"f.3A2B8E27F6B6549B06BE95D0839BE483.d.3846EE98925EE18F9F8021DB1CA4A3BF.e.753"}]}
COMMAND: POST /session/79689850af1d41ef46dc131fe5890470/execute/async - {"script":"<script> [1562 bytes]","args":[{"selector":{"id":"application-manageyards-display-component---NewYard--addressNewCostObjectCstID-vhi"},"wdio_ui5_key":"applicationmanageyards-display-component---NewYard--addressNewCostObjectCstID-vhi"}]}
COMMAND: GET /session/79689850af1d41ef46dc131fe5890470/screenshot - {}
RESULT: {"script":"<script> [1562 bytes]","args":[{"selector":{"id":"application-manageyards-display-component---NewYard--addressNewCostObjectCstID-vhi"},"wdio_ui5_key":"applicationmanageyards-display-component---NewYard--addressNewCostObjectCstID-vhi"}]}
RESULT: undefined
COMMAND: POST /session/79689850af1d41ef46dc131fe5890470/element - {"using":"xpath","value":"//*[@id=\"application-manageyards-display-component---NewYard--addressNewCostObjectCstID-vhi\"]"}
RESULT: {}
RESULT: {"using":"xpath","value":"//*[@id=\"application-manageyards-display-component---NewYard--addressNewCostObjectCstID-vhi\"]"}
COMMAND: POST /session/79689850af1d41ef46dc131fe5890470/element/f.3A2B8E27F6B6549B06BE95D0839BE483.d.3846EE98925EE18F9F8021DB1CA4A3BF.e.753/click - {}
RESULT: {}
COMMAND: GET /session/79689850af1d41ef46dc131fe5890470/screenshot - {}
RESULT: {}
COMMAND: POST /session/79689850af1d41ef46dc131fe5890470/execute/async - {"script":"<script> [1562 bytes]","args":[{"selector":{"controlType":"sap.m.SearchField","properties":{"placeholder":"Search"},"searchOpenDialogs":true,"interaction":{"idSuffix":"I"}},"wdio_ui5_key":"sapm.SearchField{\"placeholder\":\"Search\"}"}]}
RESULT: {"script":"<script> [1562 bytes]","args":[{"selector":{"controlType":"sap.m.SearchField","properties":{"placeholder":"Search"},"searchOpenDialogs":true,"interaction":{"idSuffix":"I"}},"wdio_ui5_key":"sapm.SearchField{\"placeholder\":\"Search\"}"}]}
RESULT: undefined
COMMAND: POST /session/79689850af1d41ef46dc131fe5890470/execute/async - {"script":"<script> [776 bytes]","args":[{"enterText":"10001013","selector":{"controlType":"sap.m.SearchField","properties":{"placeholder":"Search"},"searchOpenDialogs":true,"interaction":{"idSuffix":"I"}},"clearTextFirst":true,"interactionType":"ENTER_TEXT"}]}
RESULT: {"script":"<script> [776 bytes]","args":[{"enterText":"10001013","selector":{"controlType":"sap.m.SearchField","properties":{"placeholder":"Search"},"searchOpenDialogs":true,"interaction":{"idSuffix":"I"}},"clearTextFirst":true,"interactionType":"ENTER_TEXT"}]}
COMMAND: POST /session/79689850af1d41ef46dc131fe5890470/actions - {"actions":[{"id":"action1","type":"key","parameters":{},"actions":[{"type":"keyDown","value":"î€‡"},{"type":"pause","duration":10},{"type":"keyUp","value":"î€‡"}]}]}
RESULT: {"actions":[{"id":"action1","type":"key","parameters":{},"actions":[{"type":"keyDown","value":"î€‡"},{"type":"pause","duration":10},{"type":"keyUp","value":"î€‡"}]}]}
COMMAND: GET /session/79689850af1d41ef46dc131fe5890470/screenshot - {}
RESULT: {}
COMMAND: POST /session/79689850af1d41ef46dc131fe5890470/element - {"using":"xpath","value":"//span[contains(text(), \"General Management\")]"}
RESULT: {"using":"xpath","value":"//span[contains(text(), \"General Management\")]"}
COMMAND: POST /session/79689850af1d41ef46dc131fe5890470/element/f.3A2B8E27F6B6549B06BE95D0839BE483.d.3846EE98925EE18F9F8021DB1CA4A3BF.e.795/click - {}
RESULT: {}
COMMAND: GET /session/79689850af1d41ef46dc131fe5890470/screenshot - {}
RESULT: {}
COMMAND: POST /session/79689850af1d41ef46dc131fe5890470/element - {"using":"xpath","value":"//bdi[contains(text(), \"OK\")]"}
RESULT: {"using":"xpath","value":"//bdi[contains(text(), \"OK\")]"}
COMMAND: POST /session/79689850af1d41ef46dc131fe5890470/element/f.3A2B8E27F6B6549B06BE95D0839BE483.d.3846EE98925EE18F9F8021DB1CA4A3BF.e.796/click - {}
RESULT: {}
COMMAND: GET /session/79689850af1d41ef46dc131fe5890470/screenshot - {}
RESULT: {}
COMMAND: POST /session/79689850af1d41ef46dc131fe5890470/execute/async - {"script":"<script> [1562 bytes]","args":[{"selector":{"id":"application-manageyards-display-component---NewYard--addressEditDetailsCurrency-arrow"},"wdio_ui5_key":"applicationmanageyards-display-component---NewYard--addressEditDetailsCurrency-arrow"}]}
RESULT: {"script":"<script> [1562 bytes]","args":[{"selector":{"id":"application-manageyards-display-component---NewYard--addressEditDetailsCurrency-arrow"},"wdio_ui5_key":"applicationmanageyards-display-component---NewYard--addressEditDetailsCurrency-arrow"}]}
RESULT: undefined
COMMAND: POST /session/79689850af1d41ef46dc131fe5890470/element - {"using":"xpath","value":"//*[@id=\"application-manageyards-display-component---NewYard--addressEditDetailsCurrency-arrow\"]"}
RESULT: {"using":"xpath","value":"//*[@id=\"application-manageyards-display-component---NewYard--addressEditDetailsCurrency-arrow\"]"}
COMMAND: POST /session/79689850af1d41ef46dc131fe5890470/element/f.3A2B8E27F6B6549B06BE95D0839BE483.d.3846EE98925EE18F9F8021DB1CA4A3BF.e.799/click - {}
RESULT: {}
COMMAND: POST /session/79689850af1d41ef46dc131fe5890470/element - {"using":"xpath","value":"//span[contains(text(), \"Euro\")]"}
COMMAND: GET /session/79689850af1d41ef46dc131fe5890470/screenshot - {}
RESULT: {"using":"xpath","value":"//span[contains(text(), \"Euro\")]"}
COMMAND: POST /session/79689850af1d41ef46dc131fe5890470/element/f.3A2B8E27F6B6549B06BE95D0839BE483.d.3846EE98925EE18F9F8021DB1CA4A3BF.e.800/click - {}
RESULT: {}
RESULT: {}
COMMAND: POST /session/79689850af1d41ef46dc131fe5890470/execute/async - {"script":"<script> [1562 bytes]","args":[{"selector":{"controlType":"sap.m.Input","viewName":"etm.portal.ui.manageyards.view.New","viewId":"application-manageyards-display-component---NewYard","bindingPath":{"path":"","propertyPath":"/CONTROLLING_AREA","modelName":"NewYardModel"},"interaction":{"idSuffix":"inner"}},"wdio_ui5_key":"etmportal.ui.manageyards.view.Newsap.m.Input{\"path\":\"\",\"propertyPath\":\"/CONTROLLING_AREA\",\"modelName\":\"NewYardModel\"}"}]}
COMMAND: GET /session/79689850af1d41ef46dc131fe5890470/screenshot - {}
RESULT: {"script":"<script> [1562 bytes]","args":[{"selector":{"controlType":"sap.m.Input","viewName":"etm.portal.ui.manageyards.view.New","viewId":"application-manageyards-display-component---NewYard","bindingPath":{"path":"","propertyPath":"/CONTROLLING_AREA","modelName":"NewYardModel"},"interaction":{"idSuffix":"inner"}},"wdio_ui5_key":"etmportal.ui.manageyards.view.Newsap.m.Input{\"path\":\"\",\"propertyPath\":\"/CONTROLLING_AREA\",\"modelName\":\"NewYardModel\"}"}]}
RESULT: undefined
COMMAND: POST /session/79689850af1d41ef46dc131fe5890470/execute/async - {"script":"<script> [776 bytes]","args":[{"enterText":"Z001","selector":{"controlType":"sap.m.Input","viewName":"etm.portal.ui.manageyards.view.New","viewId":"application-manageyards-display-component---NewYard","bindingPath":{"path":"","propertyPath":"/CONTROLLING_AREA","modelName":"NewYardModel"},"interaction":{"idSuffix":"inner"}},"clearTextFirst":true,"interactionType":"ENTER_TEXT"}]}
RESULT: {}
RESULT: {"script":"<script> [776 bytes]","args":[{"enterText":"Z001","selector":{"controlType":"sap.m.Input","viewName":"etm.portal.ui.manageyards.view.New","viewId":"application-manageyards-display-component---NewYard","bindingPath":{"path":"","propertyPath":"/CONTROLLING_AREA","modelName":"NewYardModel"},"interaction":{"idSuffix":"inner"}},"clearTextFirst":true,"interactionType":"ENTER_TEXT"}]}
COMMAND: POST /session/79689850af1d41ef46dc131fe5890470/execute/async - {"script":"<script> [1562 bytes]","args":[{"selector":{"id":"application-manageyards-display-component---NewYard--companyCodeComboBox","interaction":{"idSuffix":"inner"}},"wdio_ui5_key":"applicationmanageyards-display-component---NewYard--companyCodeComboBox"}]}
RESULT: {"script":"<script> [1562 bytes]","args":[{"selector":{"id":"application-manageyards-display-component---NewYard--companyCodeComboBox","interaction":{"idSuffix":"inner"}},"wdio_ui5_key":"applicationmanageyards-display-component---NewYard--companyCodeComboBox"}]}
RESULT: undefined
COMMAND: POST /session/79689850af1d41ef46dc131fe5890470/execute/async - {"script":"<script> [776 bytes]","args":[{"enterText":"1000","selector":{"id":"application-manageyards-display-component---NewYard--companyCodeComboBox","interaction":{"idSuffix":"inner"}},"clearTextFirst":true,"interactionType":"ENTER_TEXT"}]}
RESULT: {"script":"<script> [776 bytes]","args":[{"enterText":"1000","selector":{"id":"application-manageyards-display-component---NewYard--companyCodeComboBox","interaction":{"idSuffix":"inner"}},"clearTextFirst":true,"interactionType":"ENTER_TEXT"}]}
COMMAND: POST /session/79689850af1d41ef46dc131fe5890470/execute/async - {"script":"<script> [1562 bytes]","args":[{"selector":{"controlType":"sap.m.Input","viewName":"etm.portal.ui.manageyards.view.New","viewId":"application-manageyards-display-component---NewYard","bindingPath":{"path":"","propertyPath":"/PLANT","modelName":"NewYardModel"},"interaction":{"idSuffix":"inner"}},"wdio_ui5_key":"etmportal.ui.manageyards.view.Newsap.m.Input{\"path\":\"\",\"propertyPath\":\"/PLANT\",\"modelName\":\"NewYardModel\"}"}]}
RESULT: {"script":"<script> [1562 bytes]","args":[{"selector":{"controlType":"sap.m.Input","viewName":"etm.portal.ui.manageyards.view.New","viewId":"application-manageyards-display-component---NewYard","bindingPath":{"path":"","propertyPath":"/PLANT","modelName":"NewYardModel"},"interaction":{"idSuffix":"inner"}},"wdio_ui5_key":"etmportal.ui.manageyards.view.Newsap.m.Input{\"path\":\"\",\"propertyPath\":\"/PLANT\",\"modelName\":\"NewYardModel\"}"}]}
RESULT: undefined
COMMAND: POST /session/79689850af1d41ef46dc131fe5890470/execute/async - {"script":"<script> [776 bytes]","args":[{"enterText":"1001","selector":{"controlType":"sap.m.Input","viewName":"etm.portal.ui.manageyards.view.New","viewId":"application-manageyards-display-component---NewYard","bindingPath":{"path":"","propertyPath":"/PLANT","modelName":"NewYardModel"},"interaction":{"idSuffix":"inner"}},"clearTextFirst":true,"interactionType":"ENTER_TEXT"}]}
RESULT: {"script":"<script> [776 bytes]","args":[{"enterText":"1001","selector":{"controlType":"sap.m.Input","viewName":"etm.portal.ui.manageyards.view.New","viewId":"application-manageyards-display-component---NewYard","bindingPath":{"path":"","propertyPath":"/PLANT","modelName":"NewYardModel"},"interaction":{"idSuffix":"inner"}},"clearTextFirst":true,"interactionType":"ENTER_TEXT"}]}
COMMAND: POST /session/79689850af1d41ef46dc131fe5890470/execute/async - {"script":"<script> [1562 bytes]","args":[{"selector":{"controlType":"sap.m.Input","viewName":"etm.portal.ui.manageyards.view.New","viewId":"application-manageyards-display-component---NewYard","bindingPath":{"path":"","propertyPath":"/SALES_AREA_VKORG","modelName":"NewYardModel"},"interaction":{"idSuffix":"inner"}},"wdio_ui5_key":"etmportal.ui.manageyards.view.Newsap.m.Input{\"path\":\"\",\"propertyPath\":\"/SALES_AREA_VKORG\",\"modelName\":\"NewYardModel\"}"}]}
RESULT: {"script":"<script> [1562 bytes]","args":[{"selector":{"controlType":"sap.m.Input","viewName":"etm.portal.ui.manageyards.view.New","viewId":"application-manageyards-display-component---NewYard","bindingPath":{"path":"","propertyPath":"/SALES_AREA_VKORG","modelName":"NewYardModel"},"interaction":{"idSuffix":"inner"}},"wdio_ui5_key":"etmportal.ui.manageyards.view.Newsap.m.Input{\"path\":\"\",\"propertyPath\":\"/SALES_AREA_VKORG\",\"modelName\":\"NewYardModel\"}"}]}
RESULT: undefined
COMMAND: POST /session/79689850af1d41ef46dc131fe5890470/execute/async - {"script":"<script> [776 bytes]","args":[{"enterText":"C002","selector":{"controlType":"sap.m.Input","viewName":"etm.portal.ui.manageyards.view.New","viewId":"application-manageyards-display-component---NewYard","bindingPath":{"path":"","propertyPath":"/SALES_AREA_VKORG","modelName":"NewYardModel"},"interaction":{"idSuffix":"inner"}},"clearTextFirst":true,"interactionType":"ENTER_TEXT"}]}
RESULT: {"script":"<script> [776 bytes]","args":[{"enterText":"C002","selector":{"controlType":"sap.m.Input","viewName":"etm.portal.ui.manageyards.view.New","viewId":"application-manageyards-display-component---NewYard","bindingPath":{"path":"","propertyPath":"/SALES_AREA_VKORG","modelName":"NewYardModel"},"interaction":{"idSuffix":"inner"}},"clearTextFirst":true,"interactionType":"ENTER_TEXT"}]}
COMMAND: POST /session/79689850af1d41ef46dc131fe5890470/execute/async - {"script":"<script> [1562 bytes]","args":[{"selector":{"controlType":"sap.m.Input","viewName":"etm.portal.ui.manageyards.view.New","viewId":"application-manageyards-display-component---NewYard","bindingPath":{"path":"","propertyPath":"/SALES_AREA_VTWEG","modelName":"NewYardModel"},"interaction":{"idSuffix":"inner"}},"wdio_ui5_key":"etmportal.ui.manageyards.view.Newsap.m.Input{\"path\":\"\",\"propertyPath\":\"/SALES_AREA_VTWEG\",\"modelName\":\"NewYardModel\"}"}]}
RESULT: {"script":"<script> [1562 bytes]","args":[{"selector":{"controlType":"sap.m.Input","viewName":"etm.portal.ui.manageyards.view.New","viewId":"application-manageyards-display-component---NewYard","bindingPath":{"path":"","propertyPath":"/SALES_AREA_VTWEG","modelName":"NewYardModel"},"interaction":{"idSuffix":"inner"}},"wdio_ui5_key":"etmportal.ui.manageyards.view.Newsap.m.Input{\"path\":\"\",\"propertyPath\":\"/SALES_AREA_VTWEG\",\"modelName\":\"NewYardModel\"}"}]}
RESULT: undefined
COMMAND: POST /session/79689850af1d41ef46dc131fe5890470/execute/async - {"script":"<script> [776 bytes]","args":[{"enterText":"C2","selector":{"controlType":"sap.m.Input","viewName":"etm.portal.ui.manageyards.view.New","viewId":"application-manageyards-display-component---NewYard","bindingPath":{"path":"","propertyPath":"/SALES_AREA_VTWEG","modelName":"NewYardModel"},"interaction":{"idSuffix":"inner"}},"clearTextFirst":true,"interactionType":"ENTER_TEXT"}]}
RESULT: {"script":"<script> [776 bytes]","args":[{"enterText":"C2","selector":{"controlType":"sap.m.Input","viewName":"etm.portal.ui.manageyards.view.New","viewId":"application-manageyards-display-component---NewYard","bindingPath":{"path":"","propertyPath":"/SALES_AREA_VTWEG","modelName":"NewYardModel"},"interaction":{"idSuffix":"inner"}},"clearTextFirst":true,"interactionType":"ENTER_TEXT"}]}
COMMAND: POST /session/79689850af1d41ef46dc131fe5890470/execute/async - {"script":"<script> [1562 bytes]","args":[{"selector":{"controlType":"sap.m.Input","viewName":"etm.portal.ui.manageyards.view.New","viewId":"application-manageyards-display-component---NewYard","bindingPath":{"path":"","propertyPath":"/SALES_AREA_SPART","modelName":"NewYardModel"},"interaction":{"idSuffix":"inner"}},"wdio_ui5_key":"etmportal.ui.manageyards.view.Newsap.m.Input{\"path\":\"\",\"propertyPath\":\"/SALES_AREA_SPART\",\"modelName\":\"NewYardModel\"}"}]}
RESULT: {"script":"<script> [1562 bytes]","args":[{"selector":{"controlType":"sap.m.Input","viewName":"etm.portal.ui.manageyards.view.New","viewId":"application-manageyards-display-component---NewYard","bindingPath":{"path":"","propertyPath":"/SALES_AREA_SPART","modelName":"NewYardModel"},"interaction":{"idSuffix":"inner"}},"wdio_ui5_key":"etmportal.ui.manageyards.view.Newsap.m.Input{\"path\":\"\",\"propertyPath\":\"/SALES_AREA_SPART\",\"modelName\":\"NewYardModel\"}"}]}
RESULT: undefined
COMMAND: POST /session/79689850af1d41ef46dc131fe5890470/execute/async - {"script":"<script> [776 bytes]","args":[{"enterText":"C2","selector":{"controlType":"sap.m.Input","viewName":"etm.portal.ui.manageyards.view.New","viewId":"application-manageyards-display-component---NewYard","bindingPath":{"path":"","propertyPath":"/SALES_AREA_SPART","modelName":"NewYardModel"},"interaction":{"idSuffix":"inner"}},"clearTextFirst":true,"interactionType":"ENTER_TEXT"}]}
RESULT: {"script":"<script> [776 bytes]","args":[{"enterText":"C2","selector":{"controlType":"sap.m.Input","viewName":"etm.portal.ui.manageyards.view.New","viewId":"application-manageyards-display-component---NewYard","bindingPath":{"path":"","propertyPath":"/SALES_AREA_SPART","modelName":"NewYardModel"},"interaction":{"idSuffix":"inner"}},"clearTextFirst":true,"interactionType":"ENTER_TEXT"}]}
COMMAND: POST /session/79689850af1d41ef46dc131fe5890470/execute/async - {"script":"<script> [1562 bytes]","args":[{"selector":{"controlType":"sap.m.Input","viewName":"etm.portal.ui.manageyards.view.New","viewId":"application-manageyards-display-component---NewYard","bindingPath":{"path":"","propertyPath":"/SHIP_POINT","modelName":"NewYardModel"},"interaction":{"idSuffix":"inner"}},"wdio_ui5_key":"etmportal.ui.manageyards.view.Newsap.m.Input{\"path\":\"\",\"propertyPath\":\"/SHIP_POINT\",\"modelName\":\"NewYardModel\"}"}]}
RESULT: {"script":"<script> [1562 bytes]","args":[{"selector":{"controlType":"sap.m.Input","viewName":"etm.portal.ui.manageyards.view.New","viewId":"application-manageyards-display-component---NewYard","bindingPath":{"path":"","propertyPath":"/SHIP_POINT","modelName":"NewYardModel"},"interaction":{"idSuffix":"inner"}},"wdio_ui5_key":"etmportal.ui.manageyards.view.Newsap.m.Input{\"path\":\"\",\"propertyPath\":\"/SHIP_POINT\",\"modelName\":\"NewYardModel\"}"}]}
RESULT: undefined
COMMAND: POST /session/79689850af1d41ef46dc131fe5890470/execute/async - {"script":"<script> [776 bytes]","args":[{"enterText":"1710","selector":{"controlType":"sap.m.Input","viewName":"etm.portal.ui.manageyards.view.New","viewId":"application-manageyards-display-component---NewYard","bindingPath":{"path":"","propertyPath":"/SHIP_POINT","modelName":"NewYardModel"},"interaction":{"idSuffix":"inner"}},"clearTextFirst":true,"interactionType":"ENTER_TEXT"}]}
RESULT: {"script":"<script> [776 bytes]","args":[{"enterText":"1710","selector":{"controlType":"sap.m.Input","viewName":"etm.portal.ui.manageyards.view.New","viewId":"application-manageyards-display-component---NewYard","bindingPath":{"path":"","propertyPath":"/SHIP_POINT","modelName":"NewYardModel"},"interaction":{"idSuffix":"inner"}},"clearTextFirst":true,"interactionType":"ENTER_TEXT"}]}
COMMAND: POST /session/79689850af1d41ef46dc131fe5890470/execute/async - {"script":"<script> [1562 bytes]","args":[{"selector":{"controlType":"sap.m.Input","viewName":"etm.portal.ui.manageyards.view.New","viewId":"application-manageyards-display-component---NewYard","bindingPath":{"path":"","propertyPath":"/DELIVERY_TYPE","modelName":"NewYardModel"},"interaction":{"idSuffix":"inner"}},"wdio_ui5_key":"etmportal.ui.manageyards.view.Newsap.m.Input{\"path\":\"\",\"propertyPath\":\"/DELIVERY_TYPE\",\"modelName\":\"NewYardModel\"}"}]}
RESULT: {"script":"<script> [1562 bytes]","args":[{"selector":{"controlType":"sap.m.Input","viewName":"etm.portal.ui.manageyards.view.New","viewId":"application-manageyards-display-component---NewYard","bindingPath":{"path":"","propertyPath":"/DELIVERY_TYPE","modelName":"NewYardModel"},"interaction":{"idSuffix":"inner"}},"wdio_ui5_key":"etmportal.ui.manageyards.view.Newsap.m.Input{\"path\":\"\",\"propertyPath\":\"/DELIVERY_TYPE\",\"modelName\":\"NewYardModel\"}"}]}
RESULT: undefined
COMMAND: POST /session/79689850af1d41ef46dc131fe5890470/execute/async - {"script":"<script> [776 bytes]","args":[{"enterText":"ZL01","selector":{"controlType":"sap.m.Input","viewName":"etm.portal.ui.manageyards.view.New","viewId":"application-manageyards-display-component---NewYard","bindingPath":{"path":"","propertyPath":"/DELIVERY_TYPE","modelName":"NewYardModel"},"interaction":{"idSuffix":"inner"}},"clearTextFirst":true,"interactionType":"ENTER_TEXT"}]}
RESULT: {"script":"<script> [776 bytes]","args":[{"enterText":"ZL01","selector":{"controlType":"sap.m.Input","viewName":"etm.portal.ui.manageyards.view.New","viewId":"application-manageyards-display-component---NewYard","bindingPath":{"path":"","propertyPath":"/DELIVERY_TYPE","modelName":"NewYardModel"},"interaction":{"idSuffix":"inner"}},"clearTextFirst":true,"interactionType":"ENTER_TEXT"}]}
COMMAND: POST /session/79689850af1d41ef46dc131fe5890470/execute/async - {"script":"<script> [1562 bytes]","args":[{"selector":{"controlType":"sap.m.Input","viewName":"etm.portal.ui.manageyards.view.New","viewId":"application-manageyards-display-component---NewYard","bindingPath":{"path":"","propertyPath":"/AUART","modelName":"NewYardModel"},"interaction":{"idSuffix":"inner"}},"wdio_ui5_key":"etmportal.ui.manageyards.view.Newsap.m.Input{\"path\":\"\",\"propertyPath\":\"/AUART\",\"modelName\":\"NewYardModel\"}"}]}
RESULT: {"script":"<script> [1562 bytes]","args":[{"selector":{"controlType":"sap.m.Input","viewName":"etm.portal.ui.manageyards.view.New","viewId":"application-manageyards-display-component---NewYard","bindingPath":{"path":"","propertyPath":"/AUART","modelName":"NewYardModel"},"interaction":{"idSuffix":"inner"}},"wdio_ui5_key":"etmportal.ui.manageyards.view.Newsap.m.Input{\"path\":\"\",\"propertyPath\":\"/AUART\",\"modelName\":\"NewYardModel\"}"}]}
RESULT: undefined
COMMAND: POST /session/79689850af1d41ef46dc131fe5890470/execute/async - {"script":"<script> [776 bytes]","args":[{"enterText":"TA","selector":{"controlType":"sap.m.Input","viewName":"etm.portal.ui.manageyards.view.New","viewId":"application-manageyards-display-component---NewYard","bindingPath":{"path":"","propertyPath":"/AUART","modelName":"NewYardModel"},"interaction":{"idSuffix":"inner"}},"clearTextFirst":true,"interactionType":"ENTER_TEXT"}]}
RESULT: {"script":"<script> [776 bytes]","args":[{"enterText":"TA","selector":{"controlType":"sap.m.Input","viewName":"etm.portal.ui.manageyards.view.New","viewId":"application-manageyards-display-component---NewYard","bindingPath":{"path":"","propertyPath":"/AUART","modelName":"NewYardModel"},"interaction":{"idSuffix":"inner"}},"clearTextFirst":true,"interactionType":"ENTER_TEXT"}]}
COMMAND: POST /session/79689850af1d41ef46dc131fe5890470/element - {"using":"xpath","value":"//button[@data-kt=\"newYardSaveButton\"]"}
RESULT: {"using":"xpath","value":"//button[@data-kt=\"newYardSaveButton\"]"}
COMMAND: POST /session/79689850af1d41ef46dc131fe5890470/element/f.3A2B8E27F6B6549B06BE95D0839BE483.d.3846EE98925EE18F9F8021DB1CA4A3BF.e.708/click - {}
RESULT: {}
COMMAND: GET /session/79689850af1d41ef46dc131fe5890470/screenshot - {}
RESULT: {}
COMMAND: POST /session/79689850af1d41ef46dc131fe5890470/element - {"using":"xpath","value":"//header[contains(@id, 'ObjectPageLayout-headerTitle')]/div[1]/div[2]/div[1]/span[1]"}
RESULT: {"using":"xpath","value":"//header[contains(@id, 'ObjectPageLayout-headerTitle')]/div[1]/div[2]/div[1]/span[1]"}
COMMAND: POST /session/79689850af1d41ef46dc131fe5890470/elements - {"using":"xpath","value":"//header[contains(@id, 'ObjectPageLayout-headerTitle')]/div[1]/div[2]/div[1]/span[1]"}
RESULT: {"using":"xpath","value":"//header[contains(@id, 'ObjectPageLayout-headerTitle')]/div[1]/div[2]/div[1]/span[1]"}
COMMAND: POST /session/79689850af1d41ef46dc131fe5890470/execute/sync - {"script":"<script> [56 bytes]","args":[{"element-6066-11e4-a52e-4f735466cecf":"f.3A2B8E27F6B6549B06BE95D0839BE483.d.3846EE98925EE18F9F8021DB1CA4A3BF.e.1023","ELEMENT":"f.3A2B8E27F6B6549B06BE95D0839BE483.d.3846EE98925EE18F9F8021DB1CA4A3BF.e.1023"}]}
RESULT: {"script":"<script> [56 bytes]","args":[{"element-6066-11e4-a52e-4f735466cecf":"f.3A2B8E27F6B6549B06BE95D0839BE483.d.3846EE98925EE18F9F8021DB1CA4A3BF.e.1023","ELEMENT":"f.3A2B8E27F6B6549B06BE95D0839BE483.d.3846EE98925EE18F9F8021DB1CA4A3BF.e.1023"}]}
COMMAND: GET /session/79689850af1d41ef46dc131fe5890470/screenshot - {}
RESULT: {}
COMMAND: POST /session/79689850af1d41ef46dc131fe5890470/element - {"using":"css selector","value":"#shell-header-logo"}
RESULT: {"using":"css selector","value":"#shell-header-logo"}
COMMAND: POST /session/79689850af1d41ef46dc131fe5890470/element/f.3A2B8E27F6B6549B06BE95D0839BE483.d.3846EE98925EE18F9F8021DB1CA4A3BF.e.270/click - {}
RESULT: {}
COMMAND: GET /session/79689850af1d41ef46dc131fe5890470/screenshot - {}
RESULT: {}
COMMAND: POST /session/79689850af1d41ef46dc131fe5890470/execute/sync - {"script":"<script> [299 bytes]","args":[["getModel","getResource"]]}
RESULT: {"script":"<script> [299 bytes]","args":[["getModel","getResource"]]}
COMMAND: GET /session/79689850af1d41ef46dc131fe5890470/screenshot - {}
]]></system-out>
    </testcase>
    <testcase classname="chrome.135_0_7049_96.windows.Billing_confirm_US117289" name="Should create a new partner" time="118.159">
      <system-out><![CDATA[
COMMAND: POST /session/79689850af1d41ef46dc131fe5890470/window/fullscreen - {}
RESULT: {}
RESULT: {}
COMMAND: POST /session/79689850af1d41ef46dc131fe5890470/execute/async - {"script":"<script> [1562 bytes]","args":[{"selector":{"controlType":"sap.m.GenericTile","properties":{"header":"Manage Partners"}},"wdio_ui5_key":"sapm.GenericTile{\"header\":\"Manage Partners\"}"}]}
RESULT: {"script":"<script> [1562 bytes]","args":[{"selector":{"controlType":"sap.m.GenericTile","properties":{"header":"Manage Partners"}},"wdio_ui5_key":"sapm.GenericTile{\"header\":\"Manage Partners\"}"}]}
RESULT: undefined
COMMAND: POST /session/79689850af1d41ef46dc131fe5890470/element - {"using":"xpath","value":"//*[@id=\"__tile38\"]"}
RESULT: {"using":"xpath","value":"//*[@id=\"__tile38\"]"}
COMMAND: POST /session/79689850af1d41ef46dc131fe5890470/element/f.3A2B8E27F6B6549B06BE95D0839BE483.d.3846EE98925EE18F9F8021DB1CA4A3BF.e.156/click - {}
RESULT: {}
COMMAND: POST /session/79689850af1d41ef46dc131fe5890470/element - {"using":"xpath","value":"//button[@data-kt=\"addButton\"]"}
COMMAND: GET /session/79689850af1d41ef46dc131fe5890470/screenshot - {}
RESULT: {"using":"xpath","value":"//button[@data-kt=\"addButton\"]"}
COMMAND: POST /session/79689850af1d41ef46dc131fe5890470/elements - {"using":"xpath","value":"//button[@data-kt=\"addButton\"]"}
RESULT: {}
RESULT: {"using":"xpath","value":"//button[@data-kt=\"addButton\"]"}
COMMAND: POST /session/79689850af1d41ef46dc131fe5890470/elements - {"using":"xpath","value":"//button[@data-kt=\"addButton\"]"}
RESULT: {"using":"xpath","value":"//button[@data-kt=\"addButton\"]"}
COMMAND: POST /session/79689850af1d41ef46dc131fe5890470/elements - {"using":"xpath","value":"//button[@data-kt=\"addButton\"]"}
RESULT: {"using":"xpath","value":"//button[@data-kt=\"addButton\"]"}
COMMAND: POST /session/79689850af1d41ef46dc131fe5890470/elements - {"using":"xpath","value":"//button[@data-kt=\"addButton\"]"}
RESULT: {"using":"xpath","value":"//button[@data-kt=\"addButton\"]"}
COMMAND: POST /session/79689850af1d41ef46dc131fe5890470/elements - {"using":"xpath","value":"//button[@data-kt=\"addButton\"]"}
RESULT: {"using":"xpath","value":"//button[@data-kt=\"addButton\"]"}
COMMAND: POST /session/79689850af1d41ef46dc131fe5890470/elements - {"using":"xpath","value":"//button[@data-kt=\"addButton\"]"}
RESULT: {"using":"xpath","value":"//button[@data-kt=\"addButton\"]"}
COMMAND: POST /session/79689850af1d41ef46dc131fe5890470/elements - {"using":"xpath","value":"//button[@data-kt=\"addButton\"]"}
RESULT: {"using":"xpath","value":"//button[@data-kt=\"addButton\"]"}
COMMAND: POST /session/79689850af1d41ef46dc131fe5890470/elements - {"using":"xpath","value":"//button[@data-kt=\"addButton\"]"}
RESULT: {"using":"xpath","value":"//button[@data-kt=\"addButton\"]"}
COMMAND: POST /session/79689850af1d41ef46dc131fe5890470/elements - {"using":"xpath","value":"//button[@data-kt=\"addButton\"]"}
RESULT: {"using":"xpath","value":"//button[@data-kt=\"addButton\"]"}
COMMAND: POST /session/79689850af1d41ef46dc131fe5890470/elements - {"using":"xpath","value":"//button[@data-kt=\"addButton\"]"}
RESULT: {"using":"xpath","value":"//button[@data-kt=\"addButton\"]"}
COMMAND: POST /session/79689850af1d41ef46dc131fe5890470/elements - {"using":"xpath","value":"//button[@data-kt=\"addButton\"]"}
RESULT: {"using":"xpath","value":"//button[@data-kt=\"addButton\"]"}
COMMAND: POST /session/79689850af1d41ef46dc131fe5890470/elements - {"using":"xpath","value":"//button[@data-kt=\"addButton\"]"}
RESULT: {"using":"xpath","value":"//button[@data-kt=\"addButton\"]"}
COMMAND: POST /session/79689850af1d41ef46dc131fe5890470/elements - {"using":"xpath","value":"//button[@data-kt=\"addButton\"]"}
RESULT: {"using":"xpath","value":"//button[@data-kt=\"addButton\"]"}
COMMAND: POST /session/79689850af1d41ef46dc131fe5890470/elements - {"using":"xpath","value":"//button[@data-kt=\"addButton\"]"}
RESULT: {"using":"xpath","value":"//button[@data-kt=\"addButton\"]"}
COMMAND: POST /session/79689850af1d41ef46dc131fe5890470/elements - {"using":"xpath","value":"//button[@data-kt=\"addButton\"]"}
RESULT: {"using":"xpath","value":"//button[@data-kt=\"addButton\"]"}
COMMAND: POST /session/79689850af1d41ef46dc131fe5890470/elements - {"using":"xpath","value":"//button[@data-kt=\"addButton\"]"}
RESULT: {"using":"xpath","value":"//button[@data-kt=\"addButton\"]"}
COMMAND: POST /session/79689850af1d41ef46dc131fe5890470/elements - {"using":"xpath","value":"//button[@data-kt=\"addButton\"]"}
RESULT: {"using":"xpath","value":"//button[@data-kt=\"addButton\"]"}
COMMAND: POST /session/79689850af1d41ef46dc131fe5890470/elements - {"using":"xpath","value":"//button[@data-kt=\"addButton\"]"}
RESULT: {"using":"xpath","value":"//button[@data-kt=\"addButton\"]"}
COMMAND: POST /session/79689850af1d41ef46dc131fe5890470/elements - {"using":"xpath","value":"//button[@data-kt=\"addButton\"]"}
RESULT: {"using":"xpath","value":"//button[@data-kt=\"addButton\"]"}
COMMAND: POST /session/79689850af1d41ef46dc131fe5890470/element - {"using":"xpath","value":"//button[@data-kt=\"addButton\"]"}
RESULT: {"using":"xpath","value":"//button[@data-kt=\"addButton\"]"}
COMMAND: POST /session/79689850af1d41ef46dc131fe5890470/execute/sync - {"script":"<script> [8489 bytes]","args":[{"element-6066-11e4-a52e-4f735466cecf":"f.3A2B8E27F6B6549B06BE95D0839BE483.d.3846EE98925EE18F9F8021DB1CA4A3BF.e.1062","ELEMENT":"f.3A2B8E27F6B6549B06BE95D0839BE483.d.3846EE98925EE18F9F8021DB1CA4A3BF.e.1062"}]}
RESULT: {"script":"<script> [8489 bytes]","args":[{"element-6066-11e4-a52e-4f735466cecf":"f.3A2B8E27F6B6549B06BE95D0839BE483.d.3846EE98925EE18F9F8021DB1CA4A3BF.e.1062","ELEMENT":"f.3A2B8E27F6B6549B06BE95D0839BE483.d.3846EE98925EE18F9F8021DB1CA4A3BF.e.1062"}]}
COMMAND: GET /session/79689850af1d41ef46dc131fe5890470/element/f.3A2B8E27F6B6549B06BE95D0839BE483.d.3846EE98925EE18F9F8021DB1CA4A3BF.e.1062/enabled - {}
COMMAND: GET /session/79689850af1d41ef46dc131fe5890470/screenshot - {}
RESULT: {}
COMMAND: POST /session/79689850af1d41ef46dc131fe5890470/execute/sync - {"script":"<script> [8489 bytes]","args":[{"element-6066-11e4-a52e-4f735466cecf":"f.3A2B8E27F6B6549B06BE95D0839BE483.d.3846EE98925EE18F9F8021DB1CA4A3BF.e.1062","ELEMENT":"f.3A2B8E27F6B6549B06BE95D0839BE483.d.3846EE98925EE18F9F8021DB1CA4A3BF.e.1062"}]}
COMMAND: GET /session/79689850af1d41ef46dc131fe5890470/screenshot - {}
RESULT: {}
RESULT: {"script":"<script> [8489 bytes]","args":[{"element-6066-11e4-a52e-4f735466cecf":"f.3A2B8E27F6B6549B06BE95D0839BE483.d.3846EE98925EE18F9F8021DB1CA4A3BF.e.1062","ELEMENT":"f.3A2B8E27F6B6549B06BE95D0839BE483.d.3846EE98925EE18F9F8021DB1CA4A3BF.e.1062"}]}
COMMAND: POST /session/79689850af1d41ef46dc131fe5890470/execute/sync - {"script":"<script> [5351 bytes]","args":[{"element-6066-11e4-a52e-4f735466cecf":"f.3A2B8E27F6B6549B06BE95D0839BE483.d.3846EE98925EE18F9F8021DB1CA4A3BF.e.1062","ELEMENT":"f.3A2B8E27F6B6549B06BE95D0839BE483.d.3846EE98925EE18F9F8021DB1CA4A3BF.e.1062"}]}
COMMAND: GET /session/79689850af1d41ef46dc131fe5890470/screenshot - {}
RESULT: {}
RESULT: {"script":"<script> [5351 bytes]","args":[{"element-6066-11e4-a52e-4f735466cecf":"f.3A2B8E27F6B6549B06BE95D0839BE483.d.3846EE98925EE18F9F8021DB1CA4A3BF.e.1062","ELEMENT":"f.3A2B8E27F6B6549B06BE95D0839BE483.d.3846EE98925EE18F9F8021DB1CA4A3BF.e.1062"}]}
COMMAND: POST /session/79689850af1d41ef46dc131fe5890470/element/f.3A2B8E27F6B6549B06BE95D0839BE483.d.3846EE98925EE18F9F8021DB1CA4A3BF.e.1062/click - {}
COMMAND: GET /session/79689850af1d41ef46dc131fe5890470/screenshot - {}
RESULT: {}
RESULT: {}
COMMAND: GET /session/79689850af1d41ef46dc131fe5890470/screenshot - {}
COMMAND: POST /session/79689850af1d41ef46dc131fe5890470/execute/async - {"script":"<script> [1562 bytes]","args":[{"selector":{"id":"application-managepartners-display-component---NewPartner--addressDetailDetailsName1","interaction":{"idSuffix":"inner"}},"wdio_ui5_key":"applicationmanagepartners-display-component---NewPartner--addressDetailDetailsName1"}]}
RESULT: {}
RESULT: {}
RESULT: {"script":"<script> [1562 bytes]","args":[{"selector":{"id":"application-managepartners-display-component---NewPartner--addressDetailDetailsName1","interaction":{"idSuffix":"inner"}},"wdio_ui5_key":"applicationmanagepartners-display-component---NewPartner--addressDetailDetailsName1"}]}
RESULT: undefined
COMMAND: POST /session/79689850af1d41ef46dc131fe5890470/execute/async - {"script":"<script> [776 bytes]","args":[{"enterText":"Intracompany Partner WDIO","selector":{"id":"application-managepartners-display-component---NewPartner--addressDetailDetailsName1","interaction":{"idSuffix":"inner"}},"clearTextFirst":true,"interactionType":"ENTER_TEXT"}]}
RESULT: {"script":"<script> [776 bytes]","args":[{"enterText":"Intracompany Partner WDIO","selector":{"id":"application-managepartners-display-component---NewPartner--addressDetailDetailsName1","interaction":{"idSuffix":"inner"}},"clearTextFirst":true,"interactionType":"ENTER_TEXT"}]}
COMMAND: POST /session/79689850af1d41ef46dc131fe5890470/execute/async - {"script":"<script> [1562 bytes]","args":[{"selector":{"id":"application-managepartners-display-component---NewPartner--addressDetailDetailsLanguage-arrow"},"wdio_ui5_key":"applicationmanagepartners-display-component---NewPartner--addressDetailDetailsLanguage-arrow"}]}
RESULT: {"script":"<script> [1562 bytes]","args":[{"selector":{"id":"application-managepartners-display-component---NewPartner--addressDetailDetailsLanguage-arrow"},"wdio_ui5_key":"applicationmanagepartners-display-component---NewPartner--addressDetailDetailsLanguage-arrow"}]}
RESULT: undefined
COMMAND: POST /session/79689850af1d41ef46dc131fe5890470/element - {"using":"xpath","value":"//*[@id=\"application-managepartners-display-component---NewPartner--addressDetailDetailsLanguage-arrow\"]"}
RESULT: {"using":"xpath","value":"//*[@id=\"application-managepartners-display-component---NewPartner--addressDetailDetailsLanguage-arrow\"]"}
COMMAND: POST /session/79689850af1d41ef46dc131fe5890470/element/f.3A2B8E27F6B6549B06BE95D0839BE483.d.3846EE98925EE18F9F8021DB1CA4A3BF.e.1527/click - {}
RESULT: {}
COMMAND: POST /session/79689850af1d41ef46dc131fe5890470/element - {"using":"xpath","value":"//span[contains(text(), \"English\")]"}
COMMAND: GET /session/79689850af1d41ef46dc131fe5890470/screenshot - {}
RESULT: {"using":"xpath","value":"//span[contains(text(), \"English\")]"}
COMMAND: POST /session/79689850af1d41ef46dc131fe5890470/element/f.3A2B8E27F6B6549B06BE95D0839BE483.d.3846EE98925EE18F9F8021DB1CA4A3BF.e.1528/click - {}
RESULT: {}
RESULT: {}
COMMAND: GET /session/79689850af1d41ef46dc131fe5890470/screenshot - {}
RESULT: {}
COMMAND: POST /session/79689850af1d41ef46dc131fe5890470/execute/async - {"script":"<script> [1562 bytes]","args":[{"selector":{"id":"application-managepartners-display-component---NewPartner--addressDetailDetailsCity1","interaction":{"idSuffix":"inner"}},"wdio_ui5_key":"applicationmanagepartners-display-component---NewPartner--addressDetailDetailsCity1"}]}
RESULT: {"script":"<script> [1562 bytes]","args":[{"selector":{"id":"application-managepartners-display-component---NewPartner--addressDetailDetailsCity1","interaction":{"idSuffix":"inner"}},"wdio_ui5_key":"applicationmanagepartners-display-component---NewPartner--addressDetailDetailsCity1"}]}
RESULT: undefined
COMMAND: POST /session/79689850af1d41ef46dc131fe5890470/execute/async - {"script":"<script> [776 bytes]","args":[{"enterText":"Rosario","selector":{"id":"application-managepartners-display-component---NewPartner--addressDetailDetailsCity1","interaction":{"idSuffix":"inner"}},"clearTextFirst":true,"interactionType":"ENTER_TEXT"}]}
RESULT: {"script":"<script> [776 bytes]","args":[{"enterText":"Rosario","selector":{"id":"application-managepartners-display-component---NewPartner--addressDetailDetailsCity1","interaction":{"idSuffix":"inner"}},"clearTextFirst":true,"interactionType":"ENTER_TEXT"}]}
COMMAND: POST /session/79689850af1d41ef46dc131fe5890470/execute/async - {"script":"<script> [1562 bytes]","args":[{"selector":{"id":"application-managepartners-display-component---NewPartner--addressDetailDetailsCountry-arrow"},"wdio_ui5_key":"applicationmanagepartners-display-component---NewPartner--addressDetailDetailsCountry-arrow"}]}
RESULT: {"script":"<script> [1562 bytes]","args":[{"selector":{"id":"application-managepartners-display-component---NewPartner--addressDetailDetailsCountry-arrow"},"wdio_ui5_key":"applicationmanagepartners-display-component---NewPartner--addressDetailDetailsCountry-arrow"}]}
RESULT: undefined
COMMAND: POST /session/79689850af1d41ef46dc131fe5890470/element - {"using":"xpath","value":"//*[@id=\"application-managepartners-display-component---NewPartner--addressDetailDetailsCountry-arrow\"]"}
RESULT: {"using":"xpath","value":"//*[@id=\"application-managepartners-display-component---NewPartner--addressDetailDetailsCountry-arrow\"]"}
COMMAND: POST /session/79689850af1d41ef46dc131fe5890470/element/f.3A2B8E27F6B6549B06BE95D0839BE483.d.3846EE98925EE18F9F8021DB1CA4A3BF.e.1514/click - {}
RESULT: {}
COMMAND: POST /session/79689850af1d41ef46dc131fe5890470/element - {"using":"xpath","value":"//span[contains(text(), \"Argentina\")]"}
COMMAND: GET /session/79689850af1d41ef46dc131fe5890470/screenshot - {}
RESULT: {"using":"xpath","value":"//span[contains(text(), \"Argentina\")]"}
COMMAND: POST /session/79689850af1d41ef46dc131fe5890470/element/f.3A2B8E27F6B6549B06BE95D0839BE483.d.3846EE98925EE18F9F8021DB1CA4A3BF.e.1530/click - {}
RESULT: {}
RESULT: {}
COMMAND: GET /session/79689850af1d41ef46dc131fe5890470/screenshot - {}
RESULT: {}
COMMAND: POST /session/79689850af1d41ef46dc131fe5890470/element - {"using":"xpath","value":"//bdi[contains(text(), \"Commercial\")]"}
RESULT: {"using":"xpath","value":"//bdi[contains(text(), \"Commercial\")]"}
COMMAND: POST /session/79689850af1d41ef46dc131fe5890470/element/f.3A2B8E27F6B6549B06BE95D0839BE483.d.3846EE98925EE18F9F8021DB1CA4A3BF.e.1531/click - {}
RESULT: {}
COMMAND: GET /session/79689850af1d41ef46dc131fe5890470/screenshot - {}
RESULT: {}
COMMAND: POST /session/79689850af1d41ef46dc131fe5890470/execute/async - {"script":"<script> [1562 bytes]","args":[{"selector":{"id":"application-managepartners-display-component---NewPartner--partnerDetailInternal-arrow"},"wdio_ui5_key":"applicationmanagepartners-display-component---NewPartner--partnerDetailInternal-arrow"}]}
RESULT: {"script":"<script> [1562 bytes]","args":[{"selector":{"id":"application-managepartners-display-component---NewPartner--partnerDetailInternal-arrow"},"wdio_ui5_key":"applicationmanagepartners-display-component---NewPartner--partnerDetailInternal-arrow"}]}
RESULT: undefined
COMMAND: POST /session/79689850af1d41ef46dc131fe5890470/element - {"using":"xpath","value":"//*[@id=\"application-managepartners-display-component---NewPartner--partnerDetailInternal-arrow\"]"}
RESULT: {"using":"xpath","value":"//*[@id=\"application-managepartners-display-component---NewPartner--partnerDetailInternal-arrow\"]"}
COMMAND: POST /session/79689850af1d41ef46dc131fe5890470/element/f.3A2B8E27F6B6549B06BE95D0839BE483.d.3846EE98925EE18F9F8021DB1CA4A3BF.e.1537/click - {}
RESULT: {}
COMMAND: POST /session/79689850af1d41ef46dc131fe5890470/element - {"using":"xpath","value":"//span[contains(text(), \"Affiliated company\")]"}
COMMAND: GET /session/79689850af1d41ef46dc131fe5890470/screenshot - {}
RESULT: {"using":"xpath","value":"//span[contains(text(), \"Affiliated company\")]"}
COMMAND: POST /session/79689850af1d41ef46dc131fe5890470/element/f.3A2B8E27F6B6549B06BE95D0839BE483.d.3846EE98925EE18F9F8021DB1CA4A3BF.e.1538/click - {}
RESULT: {}
RESULT: {}
COMMAND: POST /session/79689850af1d41ef46dc131fe5890470/execute/async - {"script":"<script> [1562 bytes]","args":[{"selector":{"id":"application-managepartners-display-component---NewPartner--partnerDetailsCurrency-arrow"},"wdio_ui5_key":"applicationmanagepartners-display-component---NewPartner--partnerDetailsCurrency-arrow"}]}
COMMAND: GET /session/79689850af1d41ef46dc131fe5890470/screenshot - {}
RESULT: {"script":"<script> [1562 bytes]","args":[{"selector":{"id":"application-managepartners-display-component---NewPartner--partnerDetailsCurrency-arrow"},"wdio_ui5_key":"applicationmanagepartners-display-component---NewPartner--partnerDetailsCurrency-arrow"}]}
RESULT: undefined
COMMAND: POST /session/79689850af1d41ef46dc131fe5890470/element - {"using":"xpath","value":"//*[@id=\"application-managepartners-display-component---NewPartner--partnerDetailsCurrency-arrow\"]"}
RESULT: {}
RESULT: {"using":"xpath","value":"//*[@id=\"application-managepartners-display-component---NewPartner--partnerDetailsCurrency-arrow\"]"}
COMMAND: POST /session/79689850af1d41ef46dc131fe5890470/element/f.3A2B8E27F6B6549B06BE95D0839BE483.d.3846EE98925EE18F9F8021DB1CA4A3BF.e.1545/click - {}
RESULT: {}
COMMAND: POST /session/79689850af1d41ef46dc131fe5890470/element - {"using":"xpath","value":"//span[contains(text(), \"Euro\")]"}
COMMAND: GET /session/79689850af1d41ef46dc131fe5890470/screenshot - {}
RESULT: {"using":"xpath","value":"//span[contains(text(), \"Euro\")]"}
COMMAND: POST /session/79689850af1d41ef46dc131fe5890470/element/f.3A2B8E27F6B6549B06BE95D0839BE483.d.3846EE98925EE18F9F8021DB1CA4A3BF.e.1546/click - {}
RESULT: {}
RESULT: {}
COMMAND: POST /session/79689850af1d41ef46dc131fe5890470/execute/async - {"script":"<script> [1562 bytes]","args":[{"selector":{"id":"application-managepartners-display-component---NewPartner--addressEditDetailsCostObjectCstType-arrow"},"wdio_ui5_key":"applicationmanagepartners-display-component---NewPartner--addressEditDetailsCostObjectCstType-arrow"}]}
COMMAND: GET /session/79689850af1d41ef46dc131fe5890470/screenshot - {}
RESULT: {"script":"<script> [1562 bytes]","args":[{"selector":{"id":"application-managepartners-display-component---NewPartner--addressEditDetailsCostObjectCstType-arrow"},"wdio_ui5_key":"applicationmanagepartners-display-component---NewPartner--addressEditDetailsCostObjectCstType-arrow"}]}
RESULT: undefined
COMMAND: POST /session/79689850af1d41ef46dc131fe5890470/element - {"using":"xpath","value":"//*[@id=\"application-managepartners-display-component---NewPartner--addressEditDetailsCostObjectCstType-arrow\"]"}
RESULT: {}
RESULT: {"using":"xpath","value":"//*[@id=\"application-managepartners-display-component---NewPartner--addressEditDetailsCostObjectCstType-arrow\"]"}
COMMAND: POST /session/79689850af1d41ef46dc131fe5890470/element/f.3A2B8E27F6B6549B06BE95D0839BE483.d.3846EE98925EE18F9F8021DB1CA4A3BF.e.1547/click - {}
RESULT: {}
COMMAND: POST /session/79689850af1d41ef46dc131fe5890470/element - {"using":"xpath","value":"//span[contains(text(), \"Cost Center\")]"}
COMMAND: GET /session/79689850af1d41ef46dc131fe5890470/screenshot - {}
RESULT: {"using":"xpath","value":"//span[contains(text(), \"Cost Center\")]"}
COMMAND: POST /session/79689850af1d41ef46dc131fe5890470/element/f.3A2B8E27F6B6549B06BE95D0839BE483.d.3846EE98925EE18F9F8021DB1CA4A3BF.e.1548/click - {}
RESULT: {}
RESULT: {}
COMMAND: GET /session/79689850af1d41ef46dc131fe5890470/screenshot - {}
RESULT: {}
COMMAND: POST /session/79689850af1d41ef46dc131fe5890470/element - {"using":"xpath","value":"//span[@id=\"application-managepartners-display-component---NewPartner--addressNewCostObjectCstID-vhi\"]"}
RESULT: {"using":"xpath","value":"//span[@id=\"application-managepartners-display-component---NewPartner--addressNewCostObjectCstID-vhi\"]"}
COMMAND: POST /session/79689850af1d41ef46dc131fe5890470/execute/sync - {"script":"<script> [8489 bytes]","args":[{"element-6066-11e4-a52e-4f735466cecf":"f.3A2B8E27F6B6549B06BE95D0839BE483.d.3846EE98925EE18F9F8021DB1CA4A3BF.e.1552","ELEMENT":"f.3A2B8E27F6B6549B06BE95D0839BE483.d.3846EE98925EE18F9F8021DB1CA4A3BF.e.1552"}]}
RESULT: {"script":"<script> [8489 bytes]","args":[{"element-6066-11e4-a52e-4f735466cecf":"f.3A2B8E27F6B6549B06BE95D0839BE483.d.3846EE98925EE18F9F8021DB1CA4A3BF.e.1552","ELEMENT":"f.3A2B8E27F6B6549B06BE95D0839BE483.d.3846EE98925EE18F9F8021DB1CA4A3BF.e.1552"}]}
COMMAND: POST /session/79689850af1d41ef46dc131fe5890470/execute/async - {"script":"<script> [1562 bytes]","args":[{"selector":{"id":"application-managepartners-display-component---NewPartner--addressNewCostObjectCstID-vhi"},"wdio_ui5_key":"applicationmanagepartners-display-component---NewPartner--addressNewCostObjectCstID-vhi"}]}
COMMAND: GET /session/79689850af1d41ef46dc131fe5890470/screenshot - {}
RESULT: {"script":"<script> [1562 bytes]","args":[{"selector":{"id":"application-managepartners-display-component---NewPartner--addressNewCostObjectCstID-vhi"},"wdio_ui5_key":"applicationmanagepartners-display-component---NewPartner--addressNewCostObjectCstID-vhi"}]}
RESULT: undefined
COMMAND: POST /session/79689850af1d41ef46dc131fe5890470/element - {"using":"xpath","value":"//*[@id=\"application-managepartners-display-component---NewPartner--addressNewCostObjectCstID-vhi\"]"}
RESULT: {}
RESULT: {"using":"xpath","value":"//*[@id=\"application-managepartners-display-component---NewPartner--addressNewCostObjectCstID-vhi\"]"}
COMMAND: POST /session/79689850af1d41ef46dc131fe5890470/element/f.3A2B8E27F6B6549B06BE95D0839BE483.d.3846EE98925EE18F9F8021DB1CA4A3BF.e.1552/click - {}
RESULT: {}
COMMAND: GET /session/79689850af1d41ef46dc131fe5890470/screenshot - {}
RESULT: {}
RESULT: undefined
COMMAND: POST /session/79689850af1d41ef46dc131fe5890470/execute/async - {"script":"<script> [776 bytes]","args":[{"enterText":"10001013","selector":{"controlType":"sap.m.SearchField","properties":{"placeholder":"Search"},"searchOpenDialogs":true,"interaction":{"idSuffix":"I"}},"clearTextFirst":true,"interactionType":"ENTER_TEXT"}]}
RESULT: {"script":"<script> [776 bytes]","args":[{"enterText":"10001013","selector":{"controlType":"sap.m.SearchField","properties":{"placeholder":"Search"},"searchOpenDialogs":true,"interaction":{"idSuffix":"I"}},"clearTextFirst":true,"interactionType":"ENTER_TEXT"}]}
COMMAND: POST /session/79689850af1d41ef46dc131fe5890470/actions - {"actions":[{"id":"action2","type":"key","parameters":{},"actions":[{"type":"keyDown","value":"î€‡"},{"type":"pause","duration":10},{"type":"keyUp","value":"î€‡"}]}]}
RESULT: {"actions":[{"id":"action2","type":"key","parameters":{},"actions":[{"type":"keyDown","value":"î€‡"},{"type":"pause","duration":10},{"type":"keyUp","value":"î€‡"}]}]}
COMMAND: GET /session/79689850af1d41ef46dc131fe5890470/screenshot - {}
RESULT: {}
COMMAND: POST /session/79689850af1d41ef46dc131fe5890470/element - {"using":"xpath","value":"//span[contains(text(), \"General Management\")]"}
RESULT: {"using":"xpath","value":"//span[contains(text(), \"General Management\")]"}
COMMAND: POST /session/79689850af1d41ef46dc131fe5890470/element/f.3A2B8E27F6B6549B06BE95D0839BE483.d.3846EE98925EE18F9F8021DB1CA4A3BF.e.1590/click - {}
RESULT: {}
COMMAND: GET /session/79689850af1d41ef46dc131fe5890470/screenshot - {}
RESULT: {}
COMMAND: POST /session/79689850af1d41ef46dc131fe5890470/element - {"using":"xpath","value":"//bdi[contains(text(), \"OK\")]"}
RESULT: {"using":"xpath","value":"//bdi[contains(text(), \"OK\")]"}
COMMAND: POST /session/79689850af1d41ef46dc131fe5890470/element/f.3A2B8E27F6B6549B06BE95D0839BE483.d.3846EE98925EE18F9F8021DB1CA4A3BF.e.1591/click - {}
RESULT: {}
COMMAND: GET /session/79689850af1d41ef46dc131fe5890470/screenshot - {}
RESULT: {}
COMMAND: POST /session/79689850af1d41ef46dc131fe5890470/element - {"using":"xpath","value":"//input[@id=\"application-managepartners-display-component---NewPartner--companyCodeComboBox-inner\"]"}
RESULT: {"using":"xpath","value":"//input[@id=\"application-managepartners-display-component---NewPartner--companyCodeComboBox-inner\"]"}
COMMAND: POST /session/79689850af1d41ef46dc131fe5890470/element/f.3A2B8E27F6B6549B06BE95D0839BE483.d.3846EE98925EE18F9F8021DB1CA4A3BF.e.1382/clear - {}
RESULT: {}
COMMAND: POST /session/79689850af1d41ef46dc131fe5890470/element/f.3A2B8E27F6B6549B06BE95D0839BE483.d.3846EE98925EE18F9F8021DB1CA4A3BF.e.1382/value - {"text":"1000"}
COMMAND: GET /session/79689850af1d41ef46dc131fe5890470/screenshot - {}
RESULT: {"text":"1000"}
COMMAND: GET /session/79689850af1d41ef46dc131fe5890470/screenshot - {}
RESULT: {}
RESULT: {}
COMMAND: POST /session/79689850af1d41ef46dc131fe5890470/element - {"using":"xpath","value":"//span[contains(text(), \"1000\")]"}
RESULT: {"using":"xpath","value":"//span[contains(text(), \"1000\")]"}
COMMAND: POST /session/79689850af1d41ef46dc131fe5890470/element/f.3A2B8E27F6B6549B06BE95D0839BE483.d.3846EE98925EE18F9F8021DB1CA4A3BF.e.1597/click - {}
RESULT: {}
COMMAND: GET /session/79689850af1d41ef46dc131fe5890470/screenshot - {}
RESULT: {}
COMMAND: POST /session/79689850af1d41ef46dc131fe5890470/execute/async - {"script":"<script> [1562 bytes]","args":[{"selector":{"id":"application-managepartners-display-component---NewPartner--btnAddTableRow-img"},"wdio_ui5_key":"applicationmanagepartners-display-component---NewPartner--btnAddTableRow-img"}]}
RESULT: {"script":"<script> [1562 bytes]","args":[{"selector":{"id":"application-managepartners-display-component---NewPartner--btnAddTableRow-img"},"wdio_ui5_key":"applicationmanagepartners-display-component---NewPartner--btnAddTableRow-img"}]}
RESULT: undefined
COMMAND: POST /session/79689850af1d41ef46dc131fe5890470/element - {"using":"xpath","value":"//*[@id=\"application-managepartners-display-component---NewPartner--btnAddTableRow-img\"]"}
RESULT: {"using":"xpath","value":"//*[@id=\"application-managepartners-display-component---NewPartner--btnAddTableRow-img\"]"}
COMMAND: POST /session/79689850af1d41ef46dc131fe5890470/element/f.3A2B8E27F6B6549B06BE95D0839BE483.d.3846EE98925EE18F9F8021DB1CA4A3BF.e.1598/click - {}
RESULT: {}
COMMAND: GET /session/79689850af1d41ef46dc131fe5890470/screenshot - {}
RESULT: {}
COMMAND: POST /session/79689850af1d41ef46dc131fe5890470/element - {"using":"xpath","value":"//input[@id=\"application-managepartners-display-component---NewPartner--assignmentYard-application-managepartners-display-component---NewPartner--assignmentsTable-0-inner\"]"}
RESULT: {"using":"xpath","value":"//input[@id=\"application-managepartners-display-component---NewPartner--assignmentYard-application-managepartners-display-component---NewPartner--assignmentsTable-0-inner\"]"}
COMMAND: POST /session/79689850af1d41ef46dc131fe5890470/element/f.3A2B8E27F6B6549B06BE95D0839BE483.d.3846EE98925EE18F9F8021DB1CA4A3BF.e.1601/clear - {}
RESULT: {}
COMMAND: POST /session/79689850af1d41ef46dc131fe5890470/element/f.3A2B8E27F6B6549B06BE95D0839BE483.d.3846EE98925EE18F9F8021DB1CA4A3BF.e.1601/value - {"text":"492"}
COMMAND: GET /session/79689850af1d41ef46dc131fe5890470/screenshot - {}
RESULT: {"text":"492"}
COMMAND: GET /session/79689850af1d41ef46dc131fe5890470/screenshot - {}
RESULT: {}
RESULT: {}
COMMAND: POST /session/79689850af1d41ef46dc131fe5890470/element - {"using":"xpath","value":"//li[.//span[text()='492']]"}
RESULT: {"using":"xpath","value":"//li[.//span[text()='492']]"}
COMMAND: POST /session/79689850af1d41ef46dc131fe5890470/element/f.3A2B8E27F6B6549B06BE95D0839BE483.d.3846EE98925EE18F9F8021DB1CA4A3BF.e.1610/click - {}
RESULT: {}
COMMAND: GET /session/79689850af1d41ef46dc131fe5890470/screenshot - {}
RESULT: {}
COMMAND: POST /session/79689850af1d41ef46dc131fe5890470/actions - {"actions":[{"id":"action3","type":"key","parameters":{},"actions":[{"type":"keyDown","value":"î€‡"},{"type":"pause","duration":10},{"type":"keyUp","value":"î€‡"}]}]}
RESULT: {"actions":[{"id":"action3","type":"key","parameters":{},"actions":[{"type":"keyDown","value":"î€‡"},{"type":"pause","duration":10},{"type":"keyUp","value":"î€‡"}]}]}
COMMAND: POST /session/79689850af1d41ef46dc131fe5890470/execute/async - {"script":"<script> [1562 bytes]","args":[{"selector":{"id":"application-managepartners-display-component---NewPartner--externalCustomerComboBox-application-managepartners-display-component---NewPartner--assignmentsTable-0-vhi"},"wdio_ui5_key":"applicationmanagepartners-display-component---NewPartner--externalCustomerComboBox-application-managepartners-display-component---NewPartner--assignmentsTable-0-vhi"}]}
COMMAND: GET /session/79689850af1d41ef46dc131fe5890470/screenshot - {}
RESULT: {"script":"<script> [1562 bytes]","args":[{"selector":{"id":"application-managepartners-display-component---NewPartner--externalCustomerComboBox-application-managepartners-display-component---NewPartner--assignmentsTable-0-vhi"},"wdio_ui5_key":"applicationmanagepartners-display-component---NewPartner--externalCustomerComboBox-application-managepartners-display-component---NewPartner--assignmentsTable-0-vhi"}]}
RESULT: undefined
COMMAND: POST /session/79689850af1d41ef46dc131fe5890470/element - {"using":"xpath","value":"//*[@id=\"application-managepartners-display-component---NewPartner--externalCustomerComboBox-application-managepartners-display-component---NewPartner--assignmentsTable-0-vhi\"]"}
RESULT: {}
RESULT: {"using":"xpath","value":"//*[@id=\"application-managepartners-display-component---NewPartner--externalCustomerComboBox-application-managepartners-display-component---NewPartner--assignmentsTable-0-vhi\"]"}
COMMAND: POST /session/79689850af1d41ef46dc131fe5890470/element/f.3A2B8E27F6B6549B06BE95D0839BE483.d.3846EE98925EE18F9F8021DB1CA4A3BF.e.1614/click - {}
RESULT: {}
RESULT: undefined
COMMAND: POST /session/79689850af1d41ef46dc131fe5890470/execute/async - {"script":"<script> [776 bytes]","args":[{"enterText":"300003","selector":{"controlType":"sap.m.SearchField","properties":{"placeholder":"Search"},"searchOpenDialogs":true,"interaction":{"idSuffix":"I"}},"clearTextFirst":true,"interactionType":"ENTER_TEXT"}]}
COMMAND: GET /session/79689850af1d41ef46dc131fe5890470/screenshot - {}
RESULT: {"script":"<script> [776 bytes]","args":[{"enterText":"300003","selector":{"controlType":"sap.m.SearchField","properties":{"placeholder":"Search"},"searchOpenDialogs":true,"interaction":{"idSuffix":"I"}},"clearTextFirst":true,"interactionType":"ENTER_TEXT"}]}
COMMAND: POST /session/79689850af1d41ef46dc131fe5890470/actions - {"actions":[{"id":"action4","type":"key","parameters":{},"actions":[{"type":"keyDown","value":"î€‡"},{"type":"pause","duration":10},{"type":"keyUp","value":"î€‡"}]}]}
RESULT: {}
RESULT: {"actions":[{"id":"action4","type":"key","parameters":{},"actions":[{"type":"keyDown","value":"î€‡"},{"type":"pause","duration":10},{"type":"keyUp","value":"î€‡"}]}]}
COMMAND: GET /session/79689850af1d41ef46dc131fe5890470/screenshot - {}
RESULT: {}
COMMAND: POST /session/79689850af1d41ef46dc131fe5890470/element - {"using":"xpath","value":"//span[contains(text(), \"300003\")]"}
RESULT: {"using":"xpath","value":"//span[contains(text(), \"300003\")]"}
COMMAND: POST /session/79689850af1d41ef46dc131fe5890470/element/f.3A2B8E27F6B6549B06BE95D0839BE483.d.3846EE98925EE18F9F8021DB1CA4A3BF.e.1632/click - {}
RESULT: {}
COMMAND: GET /session/79689850af1d41ef46dc131fe5890470/screenshot - {}
RESULT: {}
COMMAND: POST /session/79689850af1d41ef46dc131fe5890470/element - {"using":"xpath","value":"//bdi[contains(text(), \"OK\")]"}
RESULT: {"using":"xpath","value":"//bdi[contains(text(), \"OK\")]"}
COMMAND: POST /session/79689850af1d41ef46dc131fe5890470/element/f.3A2B8E27F6B6549B06BE95D0839BE483.d.3846EE98925EE18F9F8021DB1CA4A3BF.e.1634/click - {}
RESULT: {}
COMMAND: GET /session/79689850af1d41ef46dc131fe5890470/screenshot - {}
RESULT: {}
COMMAND: POST /session/79689850af1d41ef46dc131fe5890470/execute/async - {"script":"<script> [1562 bytes]","args":[{"selector":{"id":"application-managepartners-display-component---NewPartner--intercompVendorComboBox-application-managepartners-display-component---NewPartner--assignmentsTable-0-vhi"},"wdio_ui5_key":"applicationmanagepartners-display-component---NewPartner--intercompVendorComboBox-application-managepartners-display-component---NewPartner--assignmentsTable-0-vhi"}]}
RESULT: {"script":"<script> [1562 bytes]","args":[{"selector":{"id":"application-managepartners-display-component---NewPartner--intercompVendorComboBox-application-managepartners-display-component---NewPartner--assignmentsTable-0-vhi"},"wdio_ui5_key":"applicationmanagepartners-display-component---NewPartner--intercompVendorComboBox-application-managepartners-display-component---NewPartner--assignmentsTable-0-vhi"}]}
RESULT: undefined
COMMAND: POST /session/79689850af1d41ef46dc131fe5890470/element - {"using":"xpath","value":"//*[@id=\"application-managepartners-display-component---NewPartner--intercompVendorComboBox-application-managepartners-display-component---NewPartner--assignmentsTable-0-vhi\"]"}
RESULT: {"using":"xpath","value":"//*[@id=\"application-managepartners-display-component---NewPartner--intercompVendorComboBox-application-managepartners-display-component---NewPartner--assignmentsTable-0-vhi\"]"}
COMMAND: POST /session/79689850af1d41ef46dc131fe5890470/element/f.3A2B8E27F6B6549B06BE95D0839BE483.d.3846EE98925EE18F9F8021DB1CA4A3BF.e.1637/click - {}
RESULT: {}
RESULT: undefined
COMMAND: POST /session/79689850af1d41ef46dc131fe5890470/execute/async - {"script":"<script> [776 bytes]","args":[{"enterText":"100005","selector":{"controlType":"sap.m.SearchField","properties":{"placeholder":"Search"},"searchOpenDialogs":true,"interaction":{"idSuffix":"I"}},"clearTextFirst":true,"interactionType":"ENTER_TEXT"}]}
COMMAND: GET /session/79689850af1d41ef46dc131fe5890470/screenshot - {}
RESULT: {"script":"<script> [776 bytes]","args":[{"enterText":"100005","selector":{"controlType":"sap.m.SearchField","properties":{"placeholder":"Search"},"searchOpenDialogs":true,"interaction":{"idSuffix":"I"}},"clearTextFirst":true,"interactionType":"ENTER_TEXT"}]}
COMMAND: POST /session/79689850af1d41ef46dc131fe5890470/actions - {"actions":[{"id":"action5","type":"key","parameters":{},"actions":[{"type":"keyDown","value":"î€‡"},{"type":"pause","duration":10},{"type":"keyUp","value":"î€‡"}]}]}
RESULT: {}
RESULT: {"actions":[{"id":"action5","type":"key","parameters":{},"actions":[{"type":"keyDown","value":"î€‡"},{"type":"pause","duration":10},{"type":"keyUp","value":"î€‡"}]}]}
COMMAND: GET /session/79689850af1d41ef46dc131fe5890470/screenshot - {}
RESULT: {}
COMMAND: POST /session/79689850af1d41ef46dc131fe5890470/element - {"using":"xpath","value":"//span[contains(text(), \"Penguins - Field/12345 Berlin\")]"}
RESULT: {"using":"xpath","value":"//span[contains(text(), \"Penguins - Field/12345 Berlin\")]"}
COMMAND: POST /session/79689850af1d41ef46dc131fe5890470/element/f.3A2B8E27F6B6549B06BE95D0839BE483.d.3846EE98925EE18F9F8021DB1CA4A3BF.e.1654/click - {}
RESULT: {}
COMMAND: GET /session/79689850af1d41ef46dc131fe5890470/screenshot - {}
RESULT: {}
COMMAND: POST /session/79689850af1d41ef46dc131fe5890470/element - {"using":"xpath","value":"//bdi[contains(text(), \"OK\")]"}
RESULT: {"using":"xpath","value":"//bdi[contains(text(), \"OK\")]"}
COMMAND: POST /session/79689850af1d41ef46dc131fe5890470/element/f.3A2B8E27F6B6549B06BE95D0839BE483.d.3846EE98925EE18F9F8021DB1CA4A3BF.e.1655/click - {}
RESULT: {}
COMMAND: GET /session/79689850af1d41ef46dc131fe5890470/screenshot - {}
RESULT: {}
COMMAND: POST /session/79689850af1d41ef46dc131fe5890470/element - {"using":"xpath","value":"//button[@data-kt=\"saveButton\"]"}
RESULT: {"using":"xpath","value":"//button[@data-kt=\"saveButton\"]"}
COMMAND: POST /session/79689850af1d41ef46dc131fe5890470/element/f.3A2B8E27F6B6549B06BE95D0839BE483.d.3846EE98925EE18F9F8021DB1CA4A3BF.e.1464/click - {}
RESULT: {}
COMMAND: GET /session/79689850af1d41ef46dc131fe5890470/screenshot - {}
RESULT: {}
COMMAND: POST /session/79689850af1d41ef46dc131fe5890470/element - {"using":"xpath","value":"//header[contains(@id, 'ObjectPageLayout-headerTitle')]/div[1]/div[2]/div[2]/span[1]"}
RESULT: {"using":"xpath","value":"//header[contains(@id, 'ObjectPageLayout-headerTitle')]/div[1]/div[2]/div[2]/span[1]"}
COMMAND: POST /session/79689850af1d41ef46dc131fe5890470/elements - {"using":"xpath","value":"//header[contains(@id, 'ObjectPageLayout-headerTitle')]/div[1]/div[2]/div[2]/span[1]"}
RESULT: {"using":"xpath","value":"//header[contains(@id, 'ObjectPageLayout-headerTitle')]/div[1]/div[2]/div[2]/span[1]"}
COMMAND: POST /session/79689850af1d41ef46dc131fe5890470/execute/sync - {"script":"<script> [56 bytes]","args":[{"element-6066-11e4-a52e-4f735466cecf":"f.3A2B8E27F6B6549B06BE95D0839BE483.d.3846EE98925EE18F9F8021DB1CA4A3BF.e.1817","ELEMENT":"f.3A2B8E27F6B6549B06BE95D0839BE483.d.3846EE98925EE18F9F8021DB1CA4A3BF.e.1817"}]}
RESULT: {"script":"<script> [56 bytes]","args":[{"element-6066-11e4-a52e-4f735466cecf":"f.3A2B8E27F6B6549B06BE95D0839BE483.d.3846EE98925EE18F9F8021DB1CA4A3BF.e.1817","ELEMENT":"f.3A2B8E27F6B6549B06BE95D0839BE483.d.3846EE98925EE18F9F8021DB1CA4A3BF.e.1817"}]}
COMMAND: POST /session/79689850af1d41ef46dc131fe5890470/element - {"using":"css selector","value":"#shell-header-logo"}
COMMAND: GET /session/79689850af1d41ef46dc131fe5890470/screenshot - {}
RESULT: {"using":"css selector","value":"#shell-header-logo"}
COMMAND: POST /session/79689850af1d41ef46dc131fe5890470/element/f.3A2B8E27F6B6549B06BE95D0839BE483.d.3846EE98925EE18F9F8021DB1CA4A3BF.e.1028/click - {}
RESULT: {}
RESULT: {}
COMMAND: GET /session/79689850af1d41ef46dc131fe5890470/screenshot - {}
RESULT: {}
COMMAND: POST /session/79689850af1d41ef46dc131fe5890470/execute/sync - {"script":"<script> [299 bytes]","args":[["getModel","getResource"]]}
RESULT: {"script":"<script> [299 bytes]","args":[["getModel","getResource"]]}
COMMAND: GET /session/79689850af1d41ef46dc131fe5890470/screenshot - {}
]]></system-out>
    </testcase>
    <testcase classname="chrome.135_0_7049_96.windows.Billing_confirm_US117289" name="Should create a new site" time="84.082">
      <system-out><![CDATA[
COMMAND: POST /session/79689850af1d41ef46dc131fe5890470/execute/async - {"script":"<script> [1562 bytes]","args":[{"selector":{"controlType":"sap.m.TileContent","bindingPath":{"path":"","propertyPath":"/properties/info"},"ancestor":{"controlType":"sap.m.GenericTile","properties":{"header":"Manage Sites"}}},"wdio_ui5_key":"sapm.TileContent{\"path\":\"\",\"propertyPath\":\"/properties/info\"}{\"controlType\":\"sap.m.GenericTile\",\"properties\":{\"header\":\"Manage Sites\"}}"}]}
RESULT: {}
RESULT: {"script":"<script> [1562 bytes]","args":[{"selector":{"controlType":"sap.m.TileContent","bindingPath":{"path":"","propertyPath":"/properties/info"},"ancestor":{"controlType":"sap.m.GenericTile","properties":{"header":"Manage Sites"}}},"wdio_ui5_key":"sapm.TileContent{\"path\":\"\",\"propertyPath\":\"/properties/info\"}{\"controlType\":\"sap.m.GenericTile\",\"properties\":{\"header\":\"Manage Sites\"}}"}]}
RESULT: undefined
COMMAND: POST /session/79689850af1d41ef46dc131fe5890470/element - {"using":"xpath","value":"//*[@id=\"__xmlview7--numericTileContent\"]"}
RESULT: {"using":"xpath","value":"//*[@id=\"__xmlview7--numericTileContent\"]"}
COMMAND: POST /session/79689850af1d41ef46dc131fe5890470/element/f.3A2B8E27F6B6549B06BE95D0839BE483.d.3846EE98925EE18F9F8021DB1CA4A3BF.e.1819/click - {}
RESULT: {}
COMMAND: POST /session/79689850af1d41ef46dc131fe5890470/element - {"using":"xpath","value":"//button[@data-kt=\"addOverflowToolbarButton\"]"}
COMMAND: GET /session/79689850af1d41ef46dc131fe5890470/screenshot - {}
RESULT: {"using":"xpath","value":"//button[@data-kt=\"addOverflowToolbarButton\"]"}
COMMAND: POST /session/79689850af1d41ef46dc131fe5890470/elements - {"using":"xpath","value":"//button[@data-kt=\"addOverflowToolbarButton\"]"}
RESULT: {}
RESULT: {"using":"xpath","value":"//button[@data-kt=\"addOverflowToolbarButton\"]"}
COMMAND: POST /session/79689850af1d41ef46dc131fe5890470/elements - {"using":"xpath","value":"//button[@data-kt=\"addOverflowToolbarButton\"]"}
RESULT: {"using":"xpath","value":"//button[@data-kt=\"addOverflowToolbarButton\"]"}
COMMAND: POST /session/79689850af1d41ef46dc131fe5890470/elements - {"using":"xpath","value":"//button[@data-kt=\"addOverflowToolbarButton\"]"}
RESULT: {"using":"xpath","value":"//button[@data-kt=\"addOverflowToolbarButton\"]"}
COMMAND: POST /session/79689850af1d41ef46dc131fe5890470/elements - {"using":"xpath","value":"//button[@data-kt=\"addOverflowToolbarButton\"]"}
RESULT: {"using":"xpath","value":"//button[@data-kt=\"addOverflowToolbarButton\"]"}
COMMAND: POST /session/79689850af1d41ef46dc131fe5890470/element - {"using":"xpath","value":"//button[@data-kt=\"addOverflowToolbarButton\"]"}
RESULT: {"using":"xpath","value":"//button[@data-kt=\"addOverflowToolbarButton\"]"}
COMMAND: POST /session/79689850af1d41ef46dc131fe5890470/execute/sync - {"script":"<script> [8489 bytes]","args":[{"element-6066-11e4-a52e-4f735466cecf":"f.3A2B8E27F6B6549B06BE95D0839BE483.d.3846EE98925EE18F9F8021DB1CA4A3BF.e.1865","ELEMENT":"f.3A2B8E27F6B6549B06BE95D0839BE483.d.3846EE98925EE18F9F8021DB1CA4A3BF.e.1865"}]}
RESULT: {"script":"<script> [8489 bytes]","args":[{"element-6066-11e4-a52e-4f735466cecf":"f.3A2B8E27F6B6549B06BE95D0839BE483.d.3846EE98925EE18F9F8021DB1CA4A3BF.e.1865","ELEMENT":"f.3A2B8E27F6B6549B06BE95D0839BE483.d.3846EE98925EE18F9F8021DB1CA4A3BF.e.1865"}]}
COMMAND: GET /session/79689850af1d41ef46dc131fe5890470/element/f.3A2B8E27F6B6549B06BE95D0839BE483.d.3846EE98925EE18F9F8021DB1CA4A3BF.e.1865/enabled - {}
COMMAND: GET /session/79689850af1d41ef46dc131fe5890470/screenshot - {}
RESULT: {}
COMMAND: POST /session/79689850af1d41ef46dc131fe5890470/execute/sync - {"script":"<script> [8489 bytes]","args":[{"element-6066-11e4-a52e-4f735466cecf":"f.3A2B8E27F6B6549B06BE95D0839BE483.d.3846EE98925EE18F9F8021DB1CA4A3BF.e.1865","ELEMENT":"f.3A2B8E27F6B6549B06BE95D0839BE483.d.3846EE98925EE18F9F8021DB1CA4A3BF.e.1865"}]}
COMMAND: GET /session/79689850af1d41ef46dc131fe5890470/screenshot - {}
RESULT: {}
RESULT: {"script":"<script> [8489 bytes]","args":[{"element-6066-11e4-a52e-4f735466cecf":"f.3A2B8E27F6B6549B06BE95D0839BE483.d.3846EE98925EE18F9F8021DB1CA4A3BF.e.1865","ELEMENT":"f.3A2B8E27F6B6549B06BE95D0839BE483.d.3846EE98925EE18F9F8021DB1CA4A3BF.e.1865"}]}
COMMAND: POST /session/79689850af1d41ef46dc131fe5890470/execute/sync - {"script":"<script> [5351 bytes]","args":[{"element-6066-11e4-a52e-4f735466cecf":"f.3A2B8E27F6B6549B06BE95D0839BE483.d.3846EE98925EE18F9F8021DB1CA4A3BF.e.1865","ELEMENT":"f.3A2B8E27F6B6549B06BE95D0839BE483.d.3846EE98925EE18F9F8021DB1CA4A3BF.e.1865"}]}
COMMAND: GET /session/79689850af1d41ef46dc131fe5890470/screenshot - {}
RESULT: {}
RESULT: {"script":"<script> [5351 bytes]","args":[{"element-6066-11e4-a52e-4f735466cecf":"f.3A2B8E27F6B6549B06BE95D0839BE483.d.3846EE98925EE18F9F8021DB1CA4A3BF.e.1865","ELEMENT":"f.3A2B8E27F6B6549B06BE95D0839BE483.d.3846EE98925EE18F9F8021DB1CA4A3BF.e.1865"}]}
COMMAND: POST /session/79689850af1d41ef46dc131fe5890470/element/f.3A2B8E27F6B6549B06BE95D0839BE483.d.3846EE98925EE18F9F8021DB1CA4A3BF.e.1865/click - {}
COMMAND: GET /session/79689850af1d41ef46dc131fe5890470/screenshot - {}
RESULT: {}
RESULT: {}
COMMAND: GET /session/79689850af1d41ef46dc131fe5890470/screenshot - {}
RESULT: {}
RESULT: {}
COMMAND: POST /session/79689850af1d41ef46dc131fe5890470/execute/async - {"script":"<script> [1562 bytes]","args":[{"selector":{"id":"application-managesites-display-component---NewSite--addressDetailDetailsName1","interaction":{"idSuffix":"inner"}},"wdio_ui5_key":"applicationmanagesites-display-component---NewSite--addressDetailDetailsName1"}]}
RESULT: {"script":"<script> [1562 bytes]","args":[{"selector":{"id":"application-managesites-display-component---NewSite--addressDetailDetailsName1","interaction":{"idSuffix":"inner"}},"wdio_ui5_key":"applicationmanagesites-display-component---NewSite--addressDetailDetailsName1"}]}
RESULT: undefined
COMMAND: POST /session/79689850af1d41ef46dc131fe5890470/execute/async - {"script":"<script> [776 bytes]","args":[{"enterText":"Intracompany Site wdIO","selector":{"id":"application-managesites-display-component---NewSite--addressDetailDetailsName1","interaction":{"idSuffix":"inner"}},"clearTextFirst":true,"interactionType":"ENTER_TEXT"}]}
RESULT: {"script":"<script> [776 bytes]","args":[{"enterText":"Intracompany Site wdIO","selector":{"id":"application-managesites-display-component---NewSite--addressDetailDetailsName1","interaction":{"idSuffix":"inner"}},"clearTextFirst":true,"interactionType":"ENTER_TEXT"}]}
COMMAND: POST /session/79689850af1d41ef46dc131fe5890470/execute/async - {"script":"<script> [1562 bytes]","args":[{"selector":{"id":"application-managesites-display-component---NewSite--addressDetailDetailsLanguage-arrow"},"wdio_ui5_key":"applicationmanagesites-display-component---NewSite--addressDetailDetailsLanguage-arrow"}]}
RESULT: {"script":"<script> [1562 bytes]","args":[{"selector":{"id":"application-managesites-display-component---NewSite--addressDetailDetailsLanguage-arrow"},"wdio_ui5_key":"applicationmanagesites-display-component---NewSite--addressDetailDetailsLanguage-arrow"}]}
RESULT: undefined
COMMAND: POST /session/79689850af1d41ef46dc131fe5890470/element - {"using":"xpath","value":"//*[@id=\"application-managesites-display-component---NewSite--addressDetailDetailsLanguage-arrow\"]"}
RESULT: {"using":"xpath","value":"//*[@id=\"application-managesites-display-component---NewSite--addressDetailDetailsLanguage-arrow\"]"}
COMMAND: POST /session/79689850af1d41ef46dc131fe5890470/element/f.3A2B8E27F6B6549B06BE95D0839BE483.d.3846EE98925EE18F9F8021DB1CA4A3BF.e.2265/click - {}
RESULT: {}
COMMAND: POST /session/79689850af1d41ef46dc131fe5890470/element - {"using":"xpath","value":"//span[contains(text(), \"English\")]"}
COMMAND: GET /session/79689850af1d41ef46dc131fe5890470/screenshot - {}
RESULT: {"using":"xpath","value":"//span[contains(text(), \"English\")]"}
COMMAND: POST /session/79689850af1d41ef46dc131fe5890470/element/f.3A2B8E27F6B6549B06BE95D0839BE483.d.3846EE98925EE18F9F8021DB1CA4A3BF.e.2266/click - {}
RESULT: {}
RESULT: {}
COMMAND: POST /session/79689850af1d41ef46dc131fe5890470/execute/async - {"script":"<script> [1562 bytes]","args":[{"selector":{"id":"application-managesites-display-component---NewSite--addressDetailDetailsCity1","interaction":{"idSuffix":"inner"}},"wdio_ui5_key":"applicationmanagesites-display-component---NewSite--addressDetailDetailsCity1"}]}
COMMAND: GET /session/79689850af1d41ef46dc131fe5890470/screenshot - {}
RESULT: {"script":"<script> [1562 bytes]","args":[{"selector":{"id":"application-managesites-display-component---NewSite--addressDetailDetailsCity1","interaction":{"idSuffix":"inner"}},"wdio_ui5_key":"applicationmanagesites-display-component---NewSite--addressDetailDetailsCity1"}]}
RESULT: undefined
COMMAND: POST /session/79689850af1d41ef46dc131fe5890470/execute/async - {"script":"<script> [776 bytes]","args":[{"enterText":"Rosario","selector":{"id":"application-managesites-display-component---NewSite--addressDetailDetailsCity1","interaction":{"idSuffix":"inner"}},"clearTextFirst":true,"interactionType":"ENTER_TEXT"}]}
RESULT: {}
RESULT: {"script":"<script> [776 bytes]","args":[{"enterText":"Rosario","selector":{"id":"application-managesites-display-component---NewSite--addressDetailDetailsCity1","interaction":{"idSuffix":"inner"}},"clearTextFirst":true,"interactionType":"ENTER_TEXT"}]}
COMMAND: POST /session/79689850af1d41ef46dc131fe5890470/execute/async - {"script":"<script> [1562 bytes]","args":[{"selector":{"id":"application-managesites-display-component---NewSite--addressDetailDetailsCountry-arrow"},"wdio_ui5_key":"applicationmanagesites-display-component---NewSite--addressDetailDetailsCountry-arrow"}]}
RESULT: {"script":"<script> [1562 bytes]","args":[{"selector":{"id":"application-managesites-display-component---NewSite--addressDetailDetailsCountry-arrow"},"wdio_ui5_key":"applicationmanagesites-display-component---NewSite--addressDetailDetailsCountry-arrow"}]}
RESULT: undefined
COMMAND: POST /session/79689850af1d41ef46dc131fe5890470/element - {"using":"xpath","value":"//*[@id=\"application-managesites-display-component---NewSite--addressDetailDetailsCountry-arrow\"]"}
RESULT: {"using":"xpath","value":"//*[@id=\"application-managesites-display-component---NewSite--addressDetailDetailsCountry-arrow\"]"}
COMMAND: POST /session/79689850af1d41ef46dc131fe5890470/element/f.3A2B8E27F6B6549B06BE95D0839BE483.d.3846EE98925EE18F9F8021DB1CA4A3BF.e.2268/click - {}
RESULT: {}
COMMAND: POST /session/79689850af1d41ef46dc131fe5890470/element - {"using":"xpath","value":"//span[contains(text(), \"Argentina\")]"}
COMMAND: GET /session/79689850af1d41ef46dc131fe5890470/screenshot - {}
RESULT: {"using":"xpath","value":"//span[contains(text(), \"Argentina\")]"}
COMMAND: POST /session/79689850af1d41ef46dc131fe5890470/element/f.3A2B8E27F6B6549B06BE95D0839BE483.d.3846EE98925EE18F9F8021DB1CA4A3BF.e.2269/click - {}
RESULT: {}
RESULT: {}
COMMAND: GET /session/79689850af1d41ef46dc131fe5890470/screenshot - {}
RESULT: {}
COMMAND: POST /session/79689850af1d41ef46dc131fe5890470/execute/async - {"script":"<script> [1562 bytes]","args":[{"selector":{"id":"application-managesites-display-component---NewSite--addressEditDetailsCostObjectCstType-arrow"},"wdio_ui5_key":"applicationmanagesites-display-component---NewSite--addressEditDetailsCostObjectCstType-arrow"}]}
RESULT: {"script":"<script> [1562 bytes]","args":[{"selector":{"id":"application-managesites-display-component---NewSite--addressEditDetailsCostObjectCstType-arrow"},"wdio_ui5_key":"applicationmanagesites-display-component---NewSite--addressEditDetailsCostObjectCstType-arrow"}]}
RESULT: undefined
COMMAND: POST /session/79689850af1d41ef46dc131fe5890470/element - {"using":"xpath","value":"//*[@id=\"application-managesites-display-component---NewSite--addressEditDetailsCostObjectCstType-arrow\"]"}
RESULT: {"using":"xpath","value":"//*[@id=\"application-managesites-display-component---NewSite--addressEditDetailsCostObjectCstType-arrow\"]"}
COMMAND: POST /session/79689850af1d41ef46dc131fe5890470/element/f.3A2B8E27F6B6549B06BE95D0839BE483.d.3846EE98925EE18F9F8021DB1CA4A3BF.e.2270/click - {}
RESULT: {}
COMMAND: POST /session/79689850af1d41ef46dc131fe5890470/element - {"using":"xpath","value":"//span[contains(text(), \"Cost Center\")]"}
COMMAND: GET /session/79689850af1d41ef46dc131fe5890470/screenshot - {}
RESULT: {"using":"xpath","value":"//span[contains(text(), \"Cost Center\")]"}
COMMAND: POST /session/79689850af1d41ef46dc131fe5890470/element/f.3A2B8E27F6B6549B06BE95D0839BE483.d.3846EE98925EE18F9F8021DB1CA4A3BF.e.2271/click - {}
RESULT: {}
RESULT: {}
COMMAND: GET /session/79689850af1d41ef46dc131fe5890470/screenshot - {}
RESULT: {}
COMMAND: POST /session/79689850af1d41ef46dc131fe5890470/element - {"using":"xpath","value":"//span[@id=\"application-managesites-display-component---NewSite--addressNewCostObjectCstID-vhi\"]"}
RESULT: {"using":"xpath","value":"//span[@id=\"application-managesites-display-component---NewSite--addressNewCostObjectCstID-vhi\"]"}
COMMAND: POST /session/79689850af1d41ef46dc131fe5890470/execute/sync - {"script":"<script> [8489 bytes]","args":[{"element-6066-11e4-a52e-4f735466cecf":"f.3A2B8E27F6B6549B06BE95D0839BE483.d.3846EE98925EE18F9F8021DB1CA4A3BF.e.2276","ELEMENT":"f.3A2B8E27F6B6549B06BE95D0839BE483.d.3846EE98925EE18F9F8021DB1CA4A3BF.e.2276"}]}
RESULT: {"script":"<script> [8489 bytes]","args":[{"element-6066-11e4-a52e-4f735466cecf":"f.3A2B8E27F6B6549B06BE95D0839BE483.d.3846EE98925EE18F9F8021DB1CA4A3BF.e.2276","ELEMENT":"f.3A2B8E27F6B6549B06BE95D0839BE483.d.3846EE98925EE18F9F8021DB1CA4A3BF.e.2276"}]}
COMMAND: POST /session/79689850af1d41ef46dc131fe5890470/execute/async - {"script":"<script> [1562 bytes]","args":[{"selector":{"id":"application-managesites-display-component---NewSite--addressNewCostObjectCstID-vhi"},"wdio_ui5_key":"applicationmanagesites-display-component---NewSite--addressNewCostObjectCstID-vhi"}]}
COMMAND: GET /session/79689850af1d41ef46dc131fe5890470/screenshot - {}
RESULT: {"script":"<script> [1562 bytes]","args":[{"selector":{"id":"application-managesites-display-component---NewSite--addressNewCostObjectCstID-vhi"},"wdio_ui5_key":"applicationmanagesites-display-component---NewSite--addressNewCostObjectCstID-vhi"}]}
RESULT: undefined
COMMAND: POST /session/79689850af1d41ef46dc131fe5890470/element - {"using":"xpath","value":"//*[@id=\"application-managesites-display-component---NewSite--addressNewCostObjectCstID-vhi\"]"}
RESULT: {}
RESULT: {"using":"xpath","value":"//*[@id=\"application-managesites-display-component---NewSite--addressNewCostObjectCstID-vhi\"]"}
COMMAND: POST /session/79689850af1d41ef46dc131fe5890470/element/f.3A2B8E27F6B6549B06BE95D0839BE483.d.3846EE98925EE18F9F8021DB1CA4A3BF.e.2276/click - {}
RESULT: {}
COMMAND: GET /session/79689850af1d41ef46dc131fe5890470/screenshot - {}
RESULT: {}
RESULT: undefined
COMMAND: POST /session/79689850af1d41ef46dc131fe5890470/execute/async - {"script":"<script> [776 bytes]","args":[{"enterText":"10001013","selector":{"controlType":"sap.m.SearchField","properties":{"placeholder":"Search"},"searchOpenDialogs":true,"interaction":{"idSuffix":"I"}},"clearTextFirst":true,"interactionType":"ENTER_TEXT"}]}
RESULT: {"script":"<script> [776 bytes]","args":[{"enterText":"10001013","selector":{"controlType":"sap.m.SearchField","properties":{"placeholder":"Search"},"searchOpenDialogs":true,"interaction":{"idSuffix":"I"}},"clearTextFirst":true,"interactionType":"ENTER_TEXT"}]}
COMMAND: POST /session/79689850af1d41ef46dc131fe5890470/actions - {"actions":[{"id":"action6","type":"key","parameters":{},"actions":[{"type":"keyDown","value":"î€‡"},{"type":"pause","duration":10},{"type":"keyUp","value":"î€‡"}]}]}
RESULT: {"actions":[{"id":"action6","type":"key","parameters":{},"actions":[{"type":"keyDown","value":"î€‡"},{"type":"pause","duration":10},{"type":"keyUp","value":"î€‡"}]}]}
COMMAND: GET /session/79689850af1d41ef46dc131fe5890470/screenshot - {}
RESULT: {}
COMMAND: POST /session/79689850af1d41ef46dc131fe5890470/element - {"using":"xpath","value":"//span[contains(text(), \"General Management\")]"}
RESULT: {"using":"xpath","value":"//span[contains(text(), \"General Management\")]"}
COMMAND: POST /session/79689850af1d41ef46dc131fe5890470/element/f.3A2B8E27F6B6549B06BE95D0839BE483.d.3846EE98925EE18F9F8021DB1CA4A3BF.e.2316/click - {}
RESULT: {}
COMMAND: GET /session/79689850af1d41ef46dc131fe5890470/screenshot - {}
RESULT: {}
COMMAND: POST /session/79689850af1d41ef46dc131fe5890470/element - {"using":"xpath","value":"//bdi[contains(text(), \"OK\")]"}
RESULT: {"using":"xpath","value":"//bdi[contains(text(), \"OK\")]"}
COMMAND: POST /session/79689850af1d41ef46dc131fe5890470/element/f.3A2B8E27F6B6549B06BE95D0839BE483.d.3846EE98925EE18F9F8021DB1CA4A3BF.e.2317/click - {}
RESULT: {}
COMMAND: GET /session/79689850af1d41ef46dc131fe5890470/screenshot - {}
RESULT: {}
COMMAND: POST /session/79689850af1d41ef46dc131fe5890470/element - {"using":"xpath","value":"//input[@id=\"application-managesites-display-component---NewSite--addressDetailDetailsCalendar-inner\"]"}
RESULT: {"using":"xpath","value":"//input[@id=\"application-managesites-display-component---NewSite--addressDetailDetailsCalendar-inner\"]"}
COMMAND: POST /session/79689850af1d41ef46dc131fe5890470/element/f.3A2B8E27F6B6549B06BE95D0839BE483.d.3846EE98925EE18F9F8021DB1CA4A3BF.e.2058/clear - {}
RESULT: {}
COMMAND: POST /session/79689850af1d41ef46dc131fe5890470/element/f.3A2B8E27F6B6549B06BE95D0839BE483.d.3846EE98925EE18F9F8021DB1CA4A3BF.e.2058/value - {"text":"Unit"}
COMMAND: GET /session/79689850af1d41ef46dc131fe5890470/screenshot - {}
RESULT: {"text":"Unit"}
COMMAND: GET /session/79689850af1d41ef46dc131fe5890470/screenshot - {}
RESULT: {}
RESULT: {}
COMMAND: POST /session/79689850af1d41ef46dc131fe5890470/actions - {"actions":[{"id":"action7","type":"key","parameters":{},"actions":[{"type":"keyDown","value":"î€‡"},{"type":"pause","duration":10},{"type":"keyUp","value":"î€‡"}]}]}
RESULT: {"actions":[{"id":"action7","type":"key","parameters":{},"actions":[{"type":"keyDown","value":"î€‡"},{"type":"pause","duration":10},{"type":"keyUp","value":"î€‡"}]}]}
COMMAND: POST /session/79689850af1d41ef46dc131fe5890470/element - {"using":"xpath","value":"//input[@id=\"application-managesites-display-component---NewSite--addressDetailDetailsYard-inner\"]"}
COMMAND: GET /session/79689850af1d41ef46dc131fe5890470/screenshot - {}
RESULT: {"using":"xpath","value":"//input[@id=\"application-managesites-display-component---NewSite--addressDetailDetailsYard-inner\"]"}
COMMAND: POST /session/79689850af1d41ef46dc131fe5890470/element/f.3A2B8E27F6B6549B06BE95D0839BE483.d.3846EE98925EE18F9F8021DB1CA4A3BF.e.2059/clear - {}
RESULT: {}
RESULT: {}
COMMAND: POST /session/79689850af1d41ef46dc131fe5890470/element/f.3A2B8E27F6B6549B06BE95D0839BE483.d.3846EE98925EE18F9F8021DB1CA4A3BF.e.2059/value - {"text":"492"}
COMMAND: GET /session/79689850af1d41ef46dc131fe5890470/screenshot - {}
RESULT: {"text":"492"}
COMMAND: GET /session/79689850af1d41ef46dc131fe5890470/screenshot - {}
RESULT: {}
RESULT: {}
COMMAND: POST /session/79689850af1d41ef46dc131fe5890470/element - {"using":"xpath","value":"//li[.//span[text()='492']]"}
RESULT: {"using":"xpath","value":"//li[.//span[text()='492']]"}
COMMAND: POST /session/79689850af1d41ef46dc131fe5890470/element/f.3A2B8E27F6B6549B06BE95D0839BE483.d.3846EE98925EE18F9F8021DB1CA4A3BF.e.2325/click - {}
RESULT: {}
COMMAND: GET /session/79689850af1d41ef46dc131fe5890470/screenshot - {}
RESULT: {}
COMMAND: POST /session/79689850af1d41ef46dc131fe5890470/element - {"using":"xpath","value":"//input[@id=\"application-managesites-display-component---NewSite--addressDetailDetailsPartner-inner\"]"}
RESULT: {"using":"xpath","value":"//input[@id=\"application-managesites-display-component---NewSite--addressDetailDetailsPartner-inner\"]"}
COMMAND: POST /session/79689850af1d41ef46dc131fe5890470/element - {"using":"xpath","value":"//input[@id=\"application-managesites-display-component---NewSite--addressDetailDetailsPartner-inner\"]"}
RESULT: {"using":"xpath","value":"//input[@id=\"application-managesites-display-component---NewSite--addressDetailDetailsPartner-inner\"]"}
COMMAND: POST /session/79689850af1d41ef46dc131fe5890470/element - {"using":"xpath","value":"//button[@data-kt=\"saveButton\"]"}
RESULT: {"using":"xpath","value":"//button[@data-kt=\"saveButton\"]"}
COMMAND: POST /session/79689850af1d41ef46dc131fe5890470/element/f.3A2B8E27F6B6549B06BE95D0839BE483.d.3846EE98925EE18F9F8021DB1CA4A3BF.e.2251/click - {}
RESULT: {}
COMMAND: GET /session/79689850af1d41ef46dc131fe5890470/screenshot - {}
RESULT: {}
COMMAND: POST /session/79689850af1d41ef46dc131fe5890470/element - {"using":"xpath","value":"//header[contains(@id, 'ObjectPageLayout-headerTitle')]/div[1]/div[2]/div[2]/span[1]"}
RESULT: {"using":"xpath","value":"//header[contains(@id, 'ObjectPageLayout-headerTitle')]/div[1]/div[2]/div[2]/span[1]"}
COMMAND: POST /session/79689850af1d41ef46dc131fe5890470/elements - {"using":"xpath","value":"//header[contains(@id, 'ObjectPageLayout-headerTitle')]/div[1]/div[2]/div[2]/span[1]"}
RESULT: {"using":"xpath","value":"//header[contains(@id, 'ObjectPageLayout-headerTitle')]/div[1]/div[2]/div[2]/span[1]"}
COMMAND: POST /session/79689850af1d41ef46dc131fe5890470/execute/sync - {"script":"<script> [56 bytes]","args":[{"element-6066-11e4-a52e-4f735466cecf":"f.3A2B8E27F6B6549B06BE95D0839BE483.d.3846EE98925EE18F9F8021DB1CA4A3BF.e.2526","ELEMENT":"f.3A2B8E27F6B6549B06BE95D0839BE483.d.3846EE98925EE18F9F8021DB1CA4A3BF.e.2526"}]}
RESULT: {"script":"<script> [56 bytes]","args":[{"element-6066-11e4-a52e-4f735466cecf":"f.3A2B8E27F6B6549B06BE95D0839BE483.d.3846EE98925EE18F9F8021DB1CA4A3BF.e.2526","ELEMENT":"f.3A2B8E27F6B6549B06BE95D0839BE483.d.3846EE98925EE18F9F8021DB1CA4A3BF.e.2526"}]}
COMMAND: POST /session/79689850af1d41ef46dc131fe5890470/element - {"using":"css selector","value":"#shell-header-logo"}
COMMAND: GET /session/79689850af1d41ef46dc131fe5890470/screenshot - {}
RESULT: {"using":"css selector","value":"#shell-header-logo"}
COMMAND: POST /session/79689850af1d41ef46dc131fe5890470/element/f.3A2B8E27F6B6549B06BE95D0839BE483.d.3846EE98925EE18F9F8021DB1CA4A3BF.e.1823/click - {}
RESULT: {}
RESULT: {}
COMMAND: GET /session/79689850af1d41ef46dc131fe5890470/screenshot - {}
RESULT: {}
COMMAND: POST /session/79689850af1d41ef46dc131fe5890470/execute/sync - {"script":"<script> [299 bytes]","args":[["getModel","getResource"]]}
RESULT: {"script":"<script> [299 bytes]","args":[["getModel","getResource"]]}
COMMAND: GET /session/79689850af1d41ef46dc131fe5890470/screenshot - {}
]]></system-out>
    </testcase>
    <testcase classname="chrome.135_0_7049_96.windows.Billing_confirm_US117289" name="Should create a new equipment" time="119.438">
      <system-out><![CDATA[
COMMAND: POST /session/79689850af1d41ef46dc131fe5890470/execute/async - {"script":"<script> [1562 bytes]","args":[{"selector":{"controlType":"sap.m.GenericTile","properties":{"header":"Manage Resources"}},"wdio_ui5_key":"sapm.GenericTile{\"header\":\"Manage Resources\"}"}]}
RESULT: {}
RESULT: {"script":"<script> [1562 bytes]","args":[{"selector":{"controlType":"sap.m.GenericTile","properties":{"header":"Manage Resources"}},"wdio_ui5_key":"sapm.GenericTile{\"header\":\"Manage Resources\"}"}]}
RESULT: undefined
COMMAND: POST /session/79689850af1d41ef46dc131fe5890470/element - {"using":"xpath","value":"//*[@id=\"__tile39\"]"}
RESULT: {"using":"xpath","value":"//*[@id=\"__tile39\"]"}
COMMAND: POST /session/79689850af1d41ef46dc131fe5890470/element/f.3A2B8E27F6B6549B06BE95D0839BE483.d.3846EE98925EE18F9F8021DB1CA4A3BF.e.159/click - {}
RESULT: {}
COMMAND: POST /session/79689850af1d41ef46dc131fe5890470/element - {"using":"xpath","value":"//button[@data-kt=\"addNewRUOverflowToolbarButton\"]"}
COMMAND: GET /session/79689850af1d41ef46dc131fe5890470/screenshot - {}
RESULT: {"using":"xpath","value":"//button[@data-kt=\"addNewRUOverflowToolbarButton\"]"}
COMMAND: POST /session/79689850af1d41ef46dc131fe5890470/elements - {"using":"xpath","value":"//button[@data-kt=\"addNewRUOverflowToolbarButton\"]"}
RESULT: {}
RESULT: {"using":"xpath","value":"//button[@data-kt=\"addNewRUOverflowToolbarButton\"]"}
COMMAND: POST /session/79689850af1d41ef46dc131fe5890470/elements - {"using":"xpath","value":"//button[@data-kt=\"addNewRUOverflowToolbarButton\"]"}
RESULT: {"using":"xpath","value":"//button[@data-kt=\"addNewRUOverflowToolbarButton\"]"}
COMMAND: POST /session/79689850af1d41ef46dc131fe5890470/elements - {"using":"xpath","value":"//button[@data-kt=\"addNewRUOverflowToolbarButton\"]"}
RESULT: {"using":"xpath","value":"//button[@data-kt=\"addNewRUOverflowToolbarButton\"]"}
COMMAND: POST /session/79689850af1d41ef46dc131fe5890470/elements - {"using":"xpath","value":"//button[@data-kt=\"addNewRUOverflowToolbarButton\"]"}
RESULT: {"using":"xpath","value":"//button[@data-kt=\"addNewRUOverflowToolbarButton\"]"}
COMMAND: POST /session/79689850af1d41ef46dc131fe5890470/elements - {"using":"xpath","value":"//button[@data-kt=\"addNewRUOverflowToolbarButton\"]"}
RESULT: {"using":"xpath","value":"//button[@data-kt=\"addNewRUOverflowToolbarButton\"]"}
COMMAND: POST /session/79689850af1d41ef46dc131fe5890470/elements - {"using":"xpath","value":"//button[@data-kt=\"addNewRUOverflowToolbarButton\"]"}
RESULT: {"using":"xpath","value":"//button[@data-kt=\"addNewRUOverflowToolbarButton\"]"}
COMMAND: POST /session/79689850af1d41ef46dc131fe5890470/elements - {"using":"xpath","value":"//button[@data-kt=\"addNewRUOverflowToolbarButton\"]"}
RESULT: {"using":"xpath","value":"//button[@data-kt=\"addNewRUOverflowToolbarButton\"]"}
COMMAND: POST /session/79689850af1d41ef46dc131fe5890470/elements - {"using":"xpath","value":"//button[@data-kt=\"addNewRUOverflowToolbarButton\"]"}
RESULT: {"using":"xpath","value":"//button[@data-kt=\"addNewRUOverflowToolbarButton\"]"}
COMMAND: POST /session/79689850af1d41ef46dc131fe5890470/elements - {"using":"xpath","value":"//button[@data-kt=\"addNewRUOverflowToolbarButton\"]"}
RESULT: {"using":"xpath","value":"//button[@data-kt=\"addNewRUOverflowToolbarButton\"]"}
COMMAND: POST /session/79689850af1d41ef46dc131fe5890470/elements - {"using":"xpath","value":"//button[@data-kt=\"addNewRUOverflowToolbarButton\"]"}
RESULT: {"using":"xpath","value":"//button[@data-kt=\"addNewRUOverflowToolbarButton\"]"}
COMMAND: POST /session/79689850af1d41ef46dc131fe5890470/elements - {"using":"xpath","value":"//button[@data-kt=\"addNewRUOverflowToolbarButton\"]"}
RESULT: {"using":"xpath","value":"//button[@data-kt=\"addNewRUOverflowToolbarButton\"]"}
COMMAND: POST /session/79689850af1d41ef46dc131fe5890470/elements - {"using":"xpath","value":"//button[@data-kt=\"addNewRUOverflowToolbarButton\"]"}
RESULT: {"using":"xpath","value":"//button[@data-kt=\"addNewRUOverflowToolbarButton\"]"}
COMMAND: POST /session/79689850af1d41ef46dc131fe5890470/elements - {"using":"xpath","value":"//button[@data-kt=\"addNewRUOverflowToolbarButton\"]"}
RESULT: {"using":"xpath","value":"//button[@data-kt=\"addNewRUOverflowToolbarButton\"]"}
COMMAND: POST /session/79689850af1d41ef46dc131fe5890470/element - {"using":"xpath","value":"//button[@data-kt=\"addNewRUOverflowToolbarButton\"]"}
RESULT: {"using":"xpath","value":"//button[@data-kt=\"addNewRUOverflowToolbarButton\"]"}
COMMAND: POST /session/79689850af1d41ef46dc131fe5890470/execute/sync - {"script":"<script> [8489 bytes]","args":[{"element-6066-11e4-a52e-4f735466cecf":"f.3A2B8E27F6B6549B06BE95D0839BE483.d.3846EE98925EE18F9F8021DB1CA4A3BF.e.2571","ELEMENT":"f.3A2B8E27F6B6549B06BE95D0839BE483.d.3846EE98925EE18F9F8021DB1CA4A3BF.e.2571"}]}
RESULT: {"script":"<script> [8489 bytes]","args":[{"element-6066-11e4-a52e-4f735466cecf":"f.3A2B8E27F6B6549B06BE95D0839BE483.d.3846EE98925EE18F9F8021DB1CA4A3BF.e.2571","ELEMENT":"f.3A2B8E27F6B6549B06BE95D0839BE483.d.3846EE98925EE18F9F8021DB1CA4A3BF.e.2571"}]}
COMMAND: GET /session/79689850af1d41ef46dc131fe5890470/element/f.3A2B8E27F6B6549B06BE95D0839BE483.d.3846EE98925EE18F9F8021DB1CA4A3BF.e.2571/enabled - {}
COMMAND: GET /session/79689850af1d41ef46dc131fe5890470/screenshot - {}
RESULT: {}
COMMAND: POST /session/79689850af1d41ef46dc131fe5890470/execute/sync - {"script":"<script> [8489 bytes]","args":[{"element-6066-11e4-a52e-4f735466cecf":"f.3A2B8E27F6B6549B06BE95D0839BE483.d.3846EE98925EE18F9F8021DB1CA4A3BF.e.2571","ELEMENT":"f.3A2B8E27F6B6549B06BE95D0839BE483.d.3846EE98925EE18F9F8021DB1CA4A3BF.e.2571"}]}
COMMAND: GET /session/79689850af1d41ef46dc131fe5890470/screenshot - {}
RESULT: {}
RESULT: {"script":"<script> [8489 bytes]","args":[{"element-6066-11e4-a52e-4f735466cecf":"f.3A2B8E27F6B6549B06BE95D0839BE483.d.3846EE98925EE18F9F8021DB1CA4A3BF.e.2571","ELEMENT":"f.3A2B8E27F6B6549B06BE95D0839BE483.d.3846EE98925EE18F9F8021DB1CA4A3BF.e.2571"}]}
COMMAND: POST /session/79689850af1d41ef46dc131fe5890470/execute/sync - {"script":"<script> [5351 bytes]","args":[{"element-6066-11e4-a52e-4f735466cecf":"f.3A2B8E27F6B6549B06BE95D0839BE483.d.3846EE98925EE18F9F8021DB1CA4A3BF.e.2571","ELEMENT":"f.3A2B8E27F6B6549B06BE95D0839BE483.d.3846EE98925EE18F9F8021DB1CA4A3BF.e.2571"}]}
COMMAND: GET /session/79689850af1d41ef46dc131fe5890470/screenshot - {}
RESULT: {}
RESULT: {"script":"<script> [5351 bytes]","args":[{"element-6066-11e4-a52e-4f735466cecf":"f.3A2B8E27F6B6549B06BE95D0839BE483.d.3846EE98925EE18F9F8021DB1CA4A3BF.e.2571","ELEMENT":"f.3A2B8E27F6B6549B06BE95D0839BE483.d.3846EE98925EE18F9F8021DB1CA4A3BF.e.2571"}]}
COMMAND: POST /session/79689850af1d41ef46dc131fe5890470/element/f.3A2B8E27F6B6549B06BE95D0839BE483.d.3846EE98925EE18F9F8021DB1CA4A3BF.e.2571/click - {}
COMMAND: GET /session/79689850af1d41ef46dc131fe5890470/screenshot - {}
RESULT: {}
RESULT: {}
COMMAND: GET /session/79689850af1d41ef46dc131fe5890470/screenshot - {}
RESULT: {}
COMMAND: POST /session/79689850af1d41ef46dc131fe5890470/execute/async - {"script":"<script> [1562 bytes]","args":[{"selector":{"id":"application-manageresources-display-component---newResourceUnit--TYPE-arrow"},"wdio_ui5_key":"applicationmanageresources-display-component---newResourceUnit--TYPE-arrow"}]}
RESULT: {}
RESULT: {"script":"<script> [1562 bytes]","args":[{"selector":{"id":"application-manageresources-display-component---newResourceUnit--TYPE-arrow"},"wdio_ui5_key":"applicationmanageresources-display-component---newResourceUnit--TYPE-arrow"}]}
RESULT: undefined
COMMAND: POST /session/79689850af1d41ef46dc131fe5890470/element - {"using":"xpath","value":"//*[@id=\"application-manageresources-display-component---newResourceUnit--TYPE-arrow\"]"}
RESULT: {"using":"xpath","value":"//*[@id=\"application-manageresources-display-component---newResourceUnit--TYPE-arrow\"]"}
COMMAND: POST /session/79689850af1d41ef46dc131fe5890470/element/f.3A2B8E27F6B6549B06BE95D0839BE483.d.3846EE98925EE18F9F8021DB1CA4A3BF.e.2939/click - {}
RESULT: {}
COMMAND: POST /session/79689850af1d41ef46dc131fe5890470/element - {"using":"xpath","value":"//input[@id=\"application-manageresources-display-component---newResourceUnit--TYPE-inner\"]"}
COMMAND: GET /session/79689850af1d41ef46dc131fe5890470/screenshot - {}
RESULT: {"using":"xpath","value":"//input[@id=\"application-manageresources-display-component---newResourceUnit--TYPE-inner\"]"}
COMMAND: POST /session/79689850af1d41ef46dc131fe5890470/element/f.3A2B8E27F6B6549B06BE95D0839BE483.d.3846EE98925EE18F9F8021DB1CA4A3BF.e.2916/clear - {}
RESULT: {}
RESULT: {}
COMMAND: POST /session/79689850af1d41ef46dc131fe5890470/element/f.3A2B8E27F6B6549B06BE95D0839BE483.d.3846EE98925EE18F9F8021DB1CA4A3BF.e.2916/value - {"text":"Equipment"}
COMMAND: GET /session/79689850af1d41ef46dc131fe5890470/screenshot - {}
RESULT: {}
RESULT: {"text":"Equipment"}
COMMAND: GET /session/79689850af1d41ef46dc131fe5890470/screenshot - {}
RESULT: {}
COMMAND: POST /session/79689850af1d41ef46dc131fe5890470/actions - {"actions":[{"id":"action8","type":"key","parameters":{},"actions":[{"type":"keyDown","value":"î€‡"},{"type":"pause","duration":10},{"type":"keyUp","value":"î€‡"}]}]}
RESULT: {"actions":[{"id":"action8","type":"key","parameters":{},"actions":[{"type":"keyDown","value":"î€‡"},{"type":"pause","duration":10},{"type":"keyUp","value":"î€‡"}]}]}
COMMAND: POST /session/79689850af1d41ef46dc131fe5890470/execute/async - {"script":"<script> [1562 bytes]","args":[{"selector":{"id":"application-manageresources-display-component---newResourceUnit--resourceId","interaction":{"idSuffix":"inner"}},"wdio_ui5_key":"applicationmanageresources-display-component---newResourceUnit--resourceId"}]}
COMMAND: GET /session/79689850af1d41ef46dc131fe5890470/screenshot - {}
RESULT: {"script":"<script> [1562 bytes]","args":[{"selector":{"id":"application-manageresources-display-component---newResourceUnit--resourceId","interaction":{"idSuffix":"inner"}},"wdio_ui5_key":"applicationmanageresources-display-component---newResourceUnit--resourceId"}]}
RESULT: undefined
COMMAND: POST /session/79689850af1d41ef46dc131fe5890470/execute/async - {"script":"<script> [776 bytes]","args":[{"enterText":"YQzfmohxDp","selector":{"id":"application-manageresources-display-component---newResourceUnit--resourceId","interaction":{"idSuffix":"inner"}},"clearTextFirst":true,"interactionType":"ENTER_TEXT"}]}
RESULT: {}
RESULT: {"script":"<script> [776 bytes]","args":[{"enterText":"YQzfmohxDp","selector":{"id":"application-manageresources-display-component---newResourceUnit--resourceId","interaction":{"idSuffix":"inner"}},"clearTextFirst":true,"interactionType":"ENTER_TEXT"}]}
COMMAND: POST /session/79689850af1d41ef46dc131fe5890470/execute/async - {"script":"<script> [1562 bytes]","args":[{"selector":{"id":"application-manageresources-display-component---newResourceUnit--SHORT_TEXT","interaction":{"idSuffix":"inner"}},"wdio_ui5_key":"applicationmanageresources-display-component---newResourceUnit--SHORT_TEXT"}]}
RESULT: {"script":"<script> [1562 bytes]","args":[{"selector":{"id":"application-manageresources-display-component---newResourceUnit--SHORT_TEXT","interaction":{"idSuffix":"inner"}},"wdio_ui5_key":"applicationmanageresources-display-component---newResourceUnit--SHORT_TEXT"}]}
RESULT: undefined
COMMAND: POST /session/79689850af1d41ef46dc131fe5890470/execute/async - {"script":"<script> [776 bytes]","args":[{"enterText":"Intercompany Equipment WDIO","selector":{"id":"application-manageresources-display-component---newResourceUnit--SHORT_TEXT","interaction":{"idSuffix":"inner"}},"clearTextFirst":true,"interactionType":"ENTER_TEXT"}]}
RESULT: {"script":"<script> [776 bytes]","args":[{"enterText":"Intercompany Equipment WDIO","selector":{"id":"application-manageresources-display-component---newResourceUnit--SHORT_TEXT","interaction":{"idSuffix":"inner"}},"clearTextFirst":true,"interactionType":"ENTER_TEXT"}]}
COMMAND: POST /session/79689850af1d41ef46dc131fe5890470/execute/async - {"script":"<script> [1562 bytes]","args":[{"selector":{"id":"application-manageresources-display-component---newResourceUnit--BASE_UNIT_OF_MEASURE","interaction":{"idSuffix":"inner"}},"wdio_ui5_key":"applicationmanageresources-display-component---newResourceUnit--BASE_UNIT_OF_MEASURE"}]}
RESULT: {"script":"<script> [1562 bytes]","args":[{"selector":{"id":"application-manageresources-display-component---newResourceUnit--BASE_UNIT_OF_MEASURE","interaction":{"idSuffix":"inner"}},"wdio_ui5_key":"applicationmanageresources-display-component---newResourceUnit--BASE_UNIT_OF_MEASURE"}]}
RESULT: undefined
COMMAND: POST /session/79689850af1d41ef46dc131fe5890470/execute/async - {"script":"<script> [776 bytes]","args":[{"enterText":"Piece","selector":{"id":"application-manageresources-display-component---newResourceUnit--BASE_UNIT_OF_MEASURE","interaction":{"idSuffix":"inner"}},"clearTextFirst":true,"interactionType":"ENTER_TEXT"}]}
RESULT: {"script":"<script> [776 bytes]","args":[{"enterText":"Piece","selector":{"id":"application-manageresources-display-component---newResourceUnit--BASE_UNIT_OF_MEASURE","interaction":{"idSuffix":"inner"}},"clearTextFirst":true,"interactionType":"ENTER_TEXT"}]}
COMMAND: POST /session/79689850af1d41ef46dc131fe5890470/execute/async - {"script":"<script> [1562 bytes]","args":[{"selector":{"id":"application-manageresources-display-component---newResourceUnit--WEIGHT_UNIT","interaction":{"idSuffix":"inner"}},"wdio_ui5_key":"applicationmanageresources-display-component---newResourceUnit--WEIGHT_UNIT"}]}
RESULT: {"script":"<script> [1562 bytes]","args":[{"selector":{"id":"application-manageresources-display-component---newResourceUnit--WEIGHT_UNIT","interaction":{"idSuffix":"inner"}},"wdio_ui5_key":"applicationmanageresources-display-component---newResourceUnit--WEIGHT_UNIT"}]}
RESULT: undefined
COMMAND: POST /session/79689850af1d41ef46dc131fe5890470/execute/async - {"script":"<script> [776 bytes]","args":[{"enterText":"Gram","selector":{"id":"application-manageresources-display-component---newResourceUnit--WEIGHT_UNIT","interaction":{"idSuffix":"inner"}},"clearTextFirst":true,"interactionType":"ENTER_TEXT"}]}
RESULT: {"script":"<script> [776 bytes]","args":[{"enterText":"Gram","selector":{"id":"application-manageresources-display-component---newResourceUnit--WEIGHT_UNIT","interaction":{"idSuffix":"inner"}},"clearTextFirst":true,"interactionType":"ENTER_TEXT"}]}
COMMAND: POST /session/79689850af1d41ef46dc131fe5890470/execute/async - {"script":"<script> [1562 bytes]","args":[{"selector":{"id":"application-manageresources-display-component---newResourceUnit--DIMENSION_UNIT","interaction":{"idSuffix":"inner"}},"wdio_ui5_key":"applicationmanageresources-display-component---newResourceUnit--DIMENSION_UNIT"}]}
RESULT: {"script":"<script> [1562 bytes]","args":[{"selector":{"id":"application-manageresources-display-component---newResourceUnit--DIMENSION_UNIT","interaction":{"idSuffix":"inner"}},"wdio_ui5_key":"applicationmanageresources-display-component---newResourceUnit--DIMENSION_UNIT"}]}
RESULT: undefined
COMMAND: POST /session/79689850af1d41ef46dc131fe5890470/execute/async - {"script":"<script> [776 bytes]","args":[{"enterText":"Meter","selector":{"id":"application-manageresources-display-component---newResourceUnit--DIMENSION_UNIT","interaction":{"idSuffix":"inner"}},"clearTextFirst":true,"interactionType":"ENTER_TEXT"}]}
RESULT: {"script":"<script> [776 bytes]","args":[{"enterText":"Meter","selector":{"id":"application-manageresources-display-component---newResourceUnit--DIMENSION_UNIT","interaction":{"idSuffix":"inner"}},"clearTextFirst":true,"interactionType":"ENTER_TEXT"}]}
COMMAND: POST /session/79689850af1d41ef46dc131fe5890470/execute/async - {"script":"<script> [1562 bytes]","args":[{"selector":{"id":"application-manageresources-display-component---newResourceUnit--newRRUPage-anchBar-application-manageresources-display-component---newResourceUnit--control-anchor","interaction":{"idSuffix":"BDI-content"}},"wdio_ui5_key":"applicationmanageresources-display-component---newResourceUnit--newRRUPage-anchBar-application-manageresources-display-component---newResourceUnit--control-anchor"}]}
RESULT: {"script":"<script> [1562 bytes]","args":[{"selector":{"id":"application-manageresources-display-component---newResourceUnit--newRRUPage-anchBar-application-manageresources-display-component---newResourceUnit--control-anchor","interaction":{"idSuffix":"BDI-content"}},"wdio_ui5_key":"applicationmanageresources-display-component---newResourceUnit--newRRUPage-anchBar-application-manageresources-display-component---newResourceUnit--control-anchor"}]}
RESULT: undefined
COMMAND: POST /session/79689850af1d41ef46dc131fe5890470/element - {"using":"xpath","value":"//*[@id=\"application-manageresources-display-component---newResourceUnit--newRRUPage-anchBar-application-manageresources-display-component---newResourceUnit--control-anchor\"]"}
RESULT: {"using":"xpath","value":"//*[@id=\"application-manageresources-display-component---newResourceUnit--newRRUPage-anchBar-application-manageresources-display-component---newResourceUnit--control-anchor\"]"}
COMMAND: POST /session/79689850af1d41ef46dc131fe5890470/element/f.3A2B8E27F6B6549B06BE95D0839BE483.d.3846EE98925EE18F9F8021DB1CA4A3BF.e.3072/click - {}
RESULT: {}
COMMAND: POST /session/79689850af1d41ef46dc131fe5890470/execute/async - {"script":"<script> [1562 bytes]","args":[{"selector":{"id":"application-manageresources-display-component---newResourceUnit--PLANNING_GROUP","interaction":{"idSuffix":"inner"}},"wdio_ui5_key":"applicationmanageresources-display-component---newResourceUnit--PLANNING_GROUP"}]}
COMMAND: GET /session/79689850af1d41ef46dc131fe5890470/screenshot - {}
RESULT: {"script":"<script> [1562 bytes]","args":[{"selector":{"id":"application-manageresources-display-component---newResourceUnit--PLANNING_GROUP","interaction":{"idSuffix":"inner"}},"wdio_ui5_key":"applicationmanageresources-display-component---newResourceUnit--PLANNING_GROUP"}]}
RESULT: undefined
COMMAND: POST /session/79689850af1d41ef46dc131fe5890470/execute/async - {"script":"<script> [776 bytes]","args":[{"enterText":"Heavy Equi","selector":{"id":"application-manageresources-display-component---newResourceUnit--PLANNING_GROUP","interaction":{"idSuffix":"inner"}},"clearTextFirst":true,"interactionType":"ENTER_TEXT"}]}
RESULT: {}
RESULT: {"script":"<script> [776 bytes]","args":[{"enterText":"Heavy Equi","selector":{"id":"application-manageresources-display-component---newResourceUnit--PLANNING_GROUP","interaction":{"idSuffix":"inner"}},"clearTextFirst":true,"interactionType":"ENTER_TEXT"}]}
COMMAND: POST /session/79689850af1d41ef46dc131fe5890470/execute/async - {"script":"<script> [1562 bytes]","args":[{"selector":{"id":"application-manageresources-display-component---newResourceUnit--ITEM_TYPE-arrow"},"wdio_ui5_key":"applicationmanageresources-display-component---newResourceUnit--ITEM_TYPE-arrow"}]}
RESULT: {"script":"<script> [1562 bytes]","args":[{"selector":{"id":"application-manageresources-display-component---newResourceUnit--ITEM_TYPE-arrow"},"wdio_ui5_key":"applicationmanageresources-display-component---newResourceUnit--ITEM_TYPE-arrow"}]}
RESULT: undefined
COMMAND: POST /session/79689850af1d41ef46dc131fe5890470/element - {"using":"xpath","value":"//*[@id=\"application-manageresources-display-component---newResourceUnit--ITEM_TYPE-arrow\"]"}
RESULT: {"using":"xpath","value":"//*[@id=\"application-manageresources-display-component---newResourceUnit--ITEM_TYPE-arrow\"]"}
COMMAND: POST /session/79689850af1d41ef46dc131fe5890470/element/f.3A2B8E27F6B6549B06BE95D0839BE483.d.3846EE98925EE18F9F8021DB1CA4A3BF.e.3079/click - {}
RESULT: {}
COMMAND: POST /session/79689850af1d41ef46dc131fe5890470/element - {"using":"xpath","value":"(//span[contains(text(), \"Resource Unit\")])[2]"}
COMMAND: GET /session/79689850af1d41ef46dc131fe5890470/screenshot - {}
RESULT: {"using":"xpath","value":"(//span[contains(text(), \"Resource Unit\")])[2]"}
COMMAND: POST /session/79689850af1d41ef46dc131fe5890470/element/f.3A2B8E27F6B6549B06BE95D0839BE483.d.3846EE98925EE18F9F8021DB1CA4A3BF.e.3080/click - {}
RESULT: {}
RESULT: {}
COMMAND: GET /session/79689850af1d41ef46dc131fe5890470/screenshot - {}
RESULT: {}
COMMAND: POST /session/79689850af1d41ef46dc131fe5890470/element - {"using":"css selector","value":"#application-manageresources-display-component---newResourceUnit--btnAddTimeSegment"}
RESULT: {"using":"css selector","value":"#application-manageresources-display-component---newResourceUnit--btnAddTimeSegment"}
COMMAND: GET /session/79689850af1d41ef46dc131fe5890470/element/f.3A2B8E27F6B6549B06BE95D0839BE483.d.3846EE98925EE18F9F8021DB1CA4A3BF.e.3081/rect - {}
RESULT: {}
COMMAND: GET /session/79689850af1d41ef46dc131fe5890470/window/rect - {}
RESULT: {}
COMMAND: POST /session/79689850af1d41ef46dc131fe5890470/execute/sync - {"script":"<script> [92 bytes]","args":[]}
RESULT: {"script":"<script> [92 bytes]","args":[]}
COMMAND: POST /session/79689850af1d41ef46dc131fe5890470/actions - {"actions":[{"id":"action9","type":"wheel","parameters":{},"actions":[{"type":"scroll","x":-1888,"y":-32,"deltaX":0,"deltaY":0,"duration":0,"origin":{"element-6066-11e4-a52e-4f735466cecf":"f.3A2B8E27F6B6549B06BE95D0839BE483.d.3846EE98925EE18F9F8021DB1CA4A3BF.e.3081"}}]}]}
COMMAND: GET /session/79689850af1d41ef46dc131fe5890470/screenshot - {}
RESULT: {}
COMMAND: POST /session/79689850af1d41ef46dc131fe5890470/execute/sync - {"script":"<script> [79 bytes]","args":[{"element-6066-11e4-a52e-4f735466cecf":"f.3A2B8E27F6B6549B06BE95D0839BE483.d.3846EE98925EE18F9F8021DB1CA4A3BF.e.3081","ELEMENT":"f.3A2B8E27F6B6549B06BE95D0839BE483.d.3846EE98925EE18F9F8021DB1CA4A3BF.e.3081"},{"block":"start","inline":"nearest"}]}
RESULT: {"script":"<script> [79 bytes]","args":[{"element-6066-11e4-a52e-4f735466cecf":"f.3A2B8E27F6B6549B06BE95D0839BE483.d.3846EE98925EE18F9F8021DB1CA4A3BF.e.3081","ELEMENT":"f.3A2B8E27F6B6549B06BE95D0839BE483.d.3846EE98925EE18F9F8021DB1CA4A3BF.e.3081"},{"block":"start","inline":"nearest"}]}
COMMAND: POST /session/79689850af1d41ef46dc131fe5890470/execute/async - {"script":"<script> [1562 bytes]","args":[{"selector":{"id":"application-manageresources-display-component---newResourceUnit--btnAddTimeSegment","interaction":{"idSuffix":"inner"}},"wdio_ui5_key":"applicationmanageresources-display-component---newResourceUnit--btnAddTimeSegment"}]}
COMMAND: GET /session/79689850af1d41ef46dc131fe5890470/screenshot - {}
RESULT: {"script":"<script> [1562 bytes]","args":[{"selector":{"id":"application-manageresources-display-component---newResourceUnit--btnAddTimeSegment","interaction":{"idSuffix":"inner"}},"wdio_ui5_key":"applicationmanageresources-display-component---newResourceUnit--btnAddTimeSegment"}]}
RESULT: undefined
COMMAND: POST /session/79689850af1d41ef46dc131fe5890470/element - {"using":"xpath","value":"//*[@id=\"application-manageresources-display-component---newResourceUnit--btnAddTimeSegment\"]"}
RESULT: {}
RESULT: {"using":"xpath","value":"//*[@id=\"application-manageresources-display-component---newResourceUnit--btnAddTimeSegment\"]"}
COMMAND: POST /session/79689850af1d41ef46dc131fe5890470/element/f.3A2B8E27F6B6549B06BE95D0839BE483.d.3846EE98925EE18F9F8021DB1CA4A3BF.e.3081/click - {}
RESULT: {}
COMMAND: GET /session/79689850af1d41ef46dc131fe5890470/screenshot - {}
RESULT: {}
COMMAND: POST /session/79689850af1d41ef46dc131fe5890470/element - {"using":"xpath","value":"//input[@id=\"application-manageresources-display-component---newResourceUnit--idRuTSAdmin-application-manageresources-display-component---newResourceUnit--RUTimeSegment-0-inner\"]"}
RESULT: {"using":"xpath","value":"//input[@id=\"application-manageresources-display-component---newResourceUnit--idRuTSAdmin-application-manageresources-display-component---newResourceUnit--RUTimeSegment-0-inner\"]"}
COMMAND: POST /session/79689850af1d41ef46dc131fe5890470/element/f.3A2B8E27F6B6549B06BE95D0839BE483.d.3846EE98925EE18F9F8021DB1CA4A3BF.e.3087/clear - {}
RESULT: {}
COMMAND: POST /session/79689850af1d41ef46dc131fe5890470/element/f.3A2B8E27F6B6549B06BE95D0839BE483.d.3846EE98925EE18F9F8021DB1CA4A3BF.e.3087/value - {"text":"492"}
COMMAND: GET /session/79689850af1d41ef46dc131fe5890470/screenshot - {}
RESULT: {"text":"492"}
COMMAND: GET /session/79689850af1d41ef46dc131fe5890470/screenshot - {}
RESULT: {}
RESULT: {}
COMMAND: POST /session/79689850af1d41ef46dc131fe5890470/element - {"using":"xpath","value":"//li[.//span[text()='492']]"}
RESULT: {"using":"xpath","value":"//li[.//span[text()='492']]"}
COMMAND: POST /session/79689850af1d41ef46dc131fe5890470/element/f.3A2B8E27F6B6549B06BE95D0839BE483.d.3846EE98925EE18F9F8021DB1CA4A3BF.e.3099/click - {}
RESULT: {}
COMMAND: GET /session/79689850af1d41ef46dc131fe5890470/screenshot - {}
RESULT: {}
COMMAND: POST /session/79689850af1d41ef46dc131fe5890470/element - {"using":"xpath","value":"(//span[contains(@id, \"-application-manageresources-display-component---newResourceUnit--RUTimeSegment-0-arrow\")])[6]"}
RESULT: {"using":"xpath","value":"(//span[contains(@id, \"-application-manageresources-display-component---newResourceUnit--RUTimeSegment-0-arrow\")])[6]"}
COMMAND: POST /session/79689850af1d41ef46dc131fe5890470/element/f.3A2B8E27F6B6549B06BE95D0839BE483.d.3846EE98925EE18F9F8021DB1CA4A3BF.e.3100/click - {}
RESULT: {}
COMMAND: GET /session/79689850af1d41ef46dc131fe5890470/screenshot - {}
RESULT: {}
COMMAND: POST /session/79689850af1d41ef46dc131fe5890470/element - {"using":"xpath","value":"//span[contains(text(), \"PM Order\")]"}
RESULT: {"using":"xpath","value":"//span[contains(text(), \"PM Order\")]"}
COMMAND: POST /session/79689850af1d41ef46dc131fe5890470/element/f.3A2B8E27F6B6549B06BE95D0839BE483.d.3846EE98925EE18F9F8021DB1CA4A3BF.e.3103/click - {}
RESULT: {}
COMMAND: GET /session/79689850af1d41ef46dc131fe5890470/screenshot - {}
RESULT: {}
COMMAND: POST /session/79689850af1d41ef46dc131fe5890470/element - {"using":"xpath","value":"(//span[contains(@id ,\"manageresources-display-component---newResourceUnit--RUTimeSegment-0-vhi\")])[1]"}
RESULT: {"using":"xpath","value":"(//span[contains(@id ,\"manageresources-display-component---newResourceUnit--RUTimeSegment-0-vhi\")])[1]"}
COMMAND: GET /session/79689850af1d41ef46dc131fe5890470/element/f.3A2B8E27F6B6549B06BE95D0839BE483.d.3846EE98925EE18F9F8021DB1CA4A3BF.e.3107/rect - {}
RESULT: {}
COMMAND: GET /session/79689850af1d41ef46dc131fe5890470/window/rect - {}
RESULT: {}
COMMAND: POST /session/79689850af1d41ef46dc131fe5890470/execute/sync - {"script":"<script> [92 bytes]","args":[]}
RESULT: {"script":"<script> [92 bytes]","args":[]}
COMMAND: POST /session/79689850af1d41ef46dc131fe5890470/actions - {"actions":[{"id":"action10","type":"wheel","parameters":{},"actions":[{"type":"scroll","x":-869,"y":-24,"deltaX":0,"deltaY":0,"duration":0,"origin":{"element-6066-11e4-a52e-4f735466cecf":"f.3A2B8E27F6B6549B06BE95D0839BE483.d.3846EE98925EE18F9F8021DB1CA4A3BF.e.3107"}}]}]}
COMMAND: GET /session/79689850af1d41ef46dc131fe5890470/screenshot - {}
RESULT: {"actions":[{"id":"action10","type":"wheel","parameters":{},"actions":[{"type":"scroll","x":-869,"y":-24,"deltaX":0,"deltaY":0,"duration":0,"origin":{"element-6066-11e4-a52e-4f735466cecf":"f.3A2B8E27F6B6549B06BE95D0839BE483.d.3846EE98925EE18F9F8021DB1CA4A3BF.e.3107"}}]}]}
COMMAND: DELETE /session/79689850af1d41ef46dc131fe5890470/actions - {}
COMMAND: GET /session/79689850af1d41ef46dc131fe5890470/screenshot - {}
RESULT: {}
RESULT: {}
COMMAND: GET /session/79689850af1d41ef46dc131fe5890470/screenshot - {}
RESULT: {}
RESULT: {}
COMMAND: POST /session/79689850af1d41ef46dc131fe5890470/element/f.3A2B8E27F6B6549B06BE95D0839BE483.d.3846EE98925EE18F9F8021DB1CA4A3BF.e.3107/click - {}
RESULT: {}
COMMAND: GET /session/79689850af1d41ef46dc131fe5890470/screenshot - {}
RESULT: {}
RESULT: undefined
COMMAND: POST /session/79689850af1d41ef46dc131fe5890470/execute/async - {"script":"<script> [776 bytes]","args":[{"enterText":"4000360","selector":{"controlType":"sap.m.SearchField","properties":{"placeholder":"Search"},"searchOpenDialogs":true,"interaction":{"idSuffix":"I"}},"clearTextFirst":true,"interactionType":"ENTER_TEXT"}]}
RESULT: {"script":"<script> [776 bytes]","args":[{"enterText":"4000360","selector":{"controlType":"sap.m.SearchField","properties":{"placeholder":"Search"},"searchOpenDialogs":true,"interaction":{"idSuffix":"I"}},"clearTextFirst":true,"interactionType":"ENTER_TEXT"}]}
COMMAND: POST /session/79689850af1d41ef46dc131fe5890470/actions - {"actions":[{"id":"action11","type":"key","parameters":{},"actions":[{"type":"keyDown","value":"î€‡"},{"type":"pause","duration":10},{"type":"keyUp","value":"î€‡"}]}]}
RESULT: {"actions":[{"id":"action11","type":"key","parameters":{},"actions":[{"type":"keyDown","value":"î€‡"},{"type":"pause","duration":10},{"type":"keyUp","value":"î€‡"}]}]}
COMMAND: GET /session/79689850af1d41ef46dc131fe5890470/screenshot - {}
RESULT: {}
COMMAND: POST /session/79689850af1d41ef46dc131fe5890470/element - {"using":"xpath","value":"//td/div/span[contains(text(), \"BGL Vehicles\")]"}
RESULT: {"using":"xpath","value":"//td/div/span[contains(text(), \"BGL Vehicles\")]"}
COMMAND: POST /session/79689850af1d41ef46dc131fe5890470/element/f.3A2B8E27F6B6549B06BE95D0839BE483.d.3846EE98925EE18F9F8021DB1CA4A3BF.e.3126/click - {}
RESULT: {}
COMMAND: GET /session/79689850af1d41ef46dc131fe5890470/screenshot - {}
RESULT: {}
COMMAND: POST /session/79689850af1d41ef46dc131fe5890470/element - {"using":"xpath","value":"//bdi[contains(text(), \"OK\")]"}
RESULT: {"using":"xpath","value":"//bdi[contains(text(), \"OK\")]"}
COMMAND: POST /session/79689850af1d41ef46dc131fe5890470/element/f.3A2B8E27F6B6549B06BE95D0839BE483.d.3846EE98925EE18F9F8021DB1CA4A3BF.e.3127/click - {}
RESULT: {}
COMMAND: GET /session/79689850af1d41ef46dc131fe5890470/screenshot - {}
RESULT: {}
COMMAND: POST /session/79689850af1d41ef46dc131fe5890470/execute/async - {"script":"<script> [1562 bytes]","args":[{"selector":{"id":"application-manageresources-display-component---newResourceUnit--newRRUPage-anchBar-application-manageresources-display-component---newResourceUnit--resource-anchor","interaction":{"idSuffix":"BDI-content"}},"wdio_ui5_key":"applicationmanageresources-display-component---newResourceUnit--newRRUPage-anchBar-application-manageresources-display-component---newResourceUnit--resource-anchor"}]}
RESULT: {"script":"<script> [1562 bytes]","args":[{"selector":{"id":"application-manageresources-display-component---newResourceUnit--newRRUPage-anchBar-application-manageresources-display-component---newResourceUnit--resource-anchor","interaction":{"idSuffix":"BDI-content"}},"wdio_ui5_key":"applicationmanageresources-display-component---newResourceUnit--newRRUPage-anchBar-application-manageresources-display-component---newResourceUnit--resource-anchor"}]}
RESULT: undefined
COMMAND: POST /session/79689850af1d41ef46dc131fe5890470/element - {"using":"xpath","value":"//*[@id=\"application-manageresources-display-component---newResourceUnit--newRRUPage-anchBar-application-manageresources-display-component---newResourceUnit--resource-anchor\"]"}
RESULT: {"using":"xpath","value":"//*[@id=\"application-manageresources-display-component---newResourceUnit--newRRUPage-anchBar-application-manageresources-display-component---newResourceUnit--resource-anchor\"]"}
COMMAND: POST /session/79689850af1d41ef46dc131fe5890470/element/f.3A2B8E27F6B6549B06BE95D0839BE483.d.3846EE98925EE18F9F8021DB1CA4A3BF.e.3131/click - {}
RESULT: {}
COMMAND: POST /session/79689850af1d41ef46dc131fe5890470/execute/async - {"script":"<script> [1562 bytes]","args":[{"selector":{"id":"application-manageresources-display-component---newResourceUnit--PLANNED_DELIVERY_DATE","interaction":{"idSuffix":"inner"}},"wdio_ui5_key":"applicationmanageresources-display-component---newResourceUnit--PLANNED_DELIVERY_DATE"}]}
COMMAND: GET /session/79689850af1d41ef46dc131fe5890470/screenshot - {}
RESULT: {"script":"<script> [1562 bytes]","args":[{"selector":{"id":"application-manageresources-display-component---newResourceUnit--PLANNED_DELIVERY_DATE","interaction":{"idSuffix":"inner"}},"wdio_ui5_key":"applicationmanageresources-display-component---newResourceUnit--PLANNED_DELIVERY_DATE"}]}
RESULT: undefined
COMMAND: POST /session/79689850af1d41ef46dc131fe5890470/execute/async - {"script":"<script> [6424 bytes]","args":[{"element-6066-11e4-a52e-4f735466cecf":"f.3A2B8E27F6B6549B06BE95D0839BE483.d.3846EE98925EE18F9F8021DB1CA4A3BF.e.2995"},"setValue",["5/2/25"]]}
RESULT: {}
RESULT: {"script":"<script> [6424 bytes]","args":[{"element-6066-11e4-a52e-4f735466cecf":"f.3A2B8E27F6B6549B06BE95D0839BE483.d.3846EE98925EE18F9F8021DB1CA4A3BF.e.2995"},"setValue",["5/2/25"]]}
COMMAND: POST /session/79689850af1d41ef46dc131fe5890470/element - {"using":"xpath","value":"//button[@data-kt=\"resourceUnitSaveButton\"]"}
RESULT: {"using":"xpath","value":"//button[@data-kt=\"resourceUnitSaveButton\"]"}
COMMAND: POST /session/79689850af1d41ef46dc131fe5890470/element/f.3A2B8E27F6B6549B06BE95D0839BE483.d.3846EE98925EE18F9F8021DB1CA4A3BF.e.2956/click - {}
RESULT: {}
COMMAND: GET /session/79689850af1d41ef46dc131fe5890470/screenshot - {}
RESULT: {}
COMMAND: POST /session/79689850af1d41ef46dc131fe5890470/element - {"using":"xpath","value":"//bdi[contains(text(), \"Close\")]"}
RESULT: {"using":"xpath","value":"//bdi[contains(text(), \"Close\")]"}
COMMAND: POST /session/79689850af1d41ef46dc131fe5890470/element/f.3A2B8E27F6B6549B06BE95D0839BE483.d.3846EE98925EE18F9F8021DB1CA4A3BF.e.3139/click - {}
RESULT: {}
COMMAND: GET /session/79689850af1d41ef46dc131fe5890470/screenshot - {}
RESULT: {}
COMMAND: POST /session/79689850af1d41ef46dc131fe5890470/element - {"using":"xpath","value":"(//button[contains(@id ,\"actionsToolbar-overflowButton\")])[1]"}
RESULT: {"using":"xpath","value":"(//button[contains(@id ,\"actionsToolbar-overflowButton\")])[1]"}
COMMAND: POST /session/79689850af1d41ef46dc131fe5890470/element/f.3A2B8E27F6B6549B06BE95D0839BE483.d.3846EE98925EE18F9F8021DB1CA4A3BF.e.3169/click - {}
RESULT: {}
COMMAND: GET /session/79689850af1d41ef46dc131fe5890470/screenshot - {}
RESULT: {}
COMMAND: POST /session/79689850af1d41ef46dc131fe5890470/element - {"using":"xpath","value":"//button[@data-kt=\"priceInfoButton\"]"}
RESULT: {"using":"xpath","value":"//button[@data-kt=\"priceInfoButton\"]"}
COMMAND: POST /session/79689850af1d41ef46dc131fe5890470/element/f.3A2B8E27F6B6549B06BE95D0839BE483.d.3846EE98925EE18F9F8021DB1CA4A3BF.e.3171/click - {}
RESULT: {}
COMMAND: GET /session/79689850af1d41ef46dc131fe5890470/screenshot - {}
RESULT: {}
]]></system-out>
    </testcase>
    <testcase classname="chrome.135_0_7049_96.windows.Billing_confirm_US117289" name="Should create new pricing rule" time="49.559">
      <system-out><![CDATA[
COMMAND: POST /session/79689850af1d41ef46dc131fe5890470/element - {"using":"xpath","value":"//button[@data-kt=\"addButton\"]"}
RESULT: {"using":"xpath","value":"//button[@data-kt=\"addButton\"]"}
COMMAND: POST /session/79689850af1d41ef46dc131fe5890470/elements - {"using":"xpath","value":"//button[@data-kt=\"addButton\"]"}
RESULT: {"using":"xpath","value":"//button[@data-kt=\"addButton\"]"}
COMMAND: POST /session/79689850af1d41ef46dc131fe5890470/elements - {"using":"xpath","value":"//button[@data-kt=\"addButton\"]"}
RESULT: {"using":"xpath","value":"//button[@data-kt=\"addButton\"]"}
COMMAND: POST /session/79689850af1d41ef46dc131fe5890470/element - {"using":"xpath","value":"//button[@data-kt=\"addButton\"]"}
RESULT: {"using":"xpath","value":"//button[@data-kt=\"addButton\"]"}
COMMAND: POST /session/79689850af1d41ef46dc131fe5890470/execute/sync - {"script":"<script> [8489 bytes]","args":[{"element-6066-11e4-a52e-4f735466cecf":"f.3A2B8E27F6B6549B06BE95D0839BE483.d.3846EE98925EE18F9F8021DB1CA4A3BF.e.3207","ELEMENT":"f.3A2B8E27F6B6549B06BE95D0839BE483.d.3846EE98925EE18F9F8021DB1CA4A3BF.e.3207"}]}
RESULT: {"script":"<script> [8489 bytes]","args":[{"element-6066-11e4-a52e-4f735466cecf":"f.3A2B8E27F6B6549B06BE95D0839BE483.d.3846EE98925EE18F9F8021DB1CA4A3BF.e.3207","ELEMENT":"f.3A2B8E27F6B6549B06BE95D0839BE483.d.3846EE98925EE18F9F8021DB1CA4A3BF.e.3207"}]}
COMMAND: GET /session/79689850af1d41ef46dc131fe5890470/element/f.3A2B8E27F6B6549B06BE95D0839BE483.d.3846EE98925EE18F9F8021DB1CA4A3BF.e.3207/enabled - {}
COMMAND: GET /session/79689850af1d41ef46dc131fe5890470/screenshot - {}
RESULT: {}
COMMAND: POST /session/79689850af1d41ef46dc131fe5890470/execute/sync - {"script":"<script> [8489 bytes]","args":[{"element-6066-11e4-a52e-4f735466cecf":"f.3A2B8E27F6B6549B06BE95D0839BE483.d.3846EE98925EE18F9F8021DB1CA4A3BF.e.3207","ELEMENT":"f.3A2B8E27F6B6549B06BE95D0839BE483.d.3846EE98925EE18F9F8021DB1CA4A3BF.e.3207"}]}
COMMAND: GET /session/79689850af1d41ef46dc131fe5890470/screenshot - {}
RESULT: {}
RESULT: {"script":"<script> [8489 bytes]","args":[{"element-6066-11e4-a52e-4f735466cecf":"f.3A2B8E27F6B6549B06BE95D0839BE483.d.3846EE98925EE18F9F8021DB1CA4A3BF.e.3207","ELEMENT":"f.3A2B8E27F6B6549B06BE95D0839BE483.d.3846EE98925EE18F9F8021DB1CA4A3BF.e.3207"}]}
COMMAND: POST /session/79689850af1d41ef46dc131fe5890470/execute/sync - {"script":"<script> [5351 bytes]","args":[{"element-6066-11e4-a52e-4f735466cecf":"f.3A2B8E27F6B6549B06BE95D0839BE483.d.3846EE98925EE18F9F8021DB1CA4A3BF.e.3207","ELEMENT":"f.3A2B8E27F6B6549B06BE95D0839BE483.d.3846EE98925EE18F9F8021DB1CA4A3BF.e.3207"}]}
COMMAND: GET /session/79689850af1d41ef46dc131fe5890470/screenshot - {}
RESULT: {}
RESULT: {"script":"<script> [5351 bytes]","args":[{"element-6066-11e4-a52e-4f735466cecf":"f.3A2B8E27F6B6549B06BE95D0839BE483.d.3846EE98925EE18F9F8021DB1CA4A3BF.e.3207","ELEMENT":"f.3A2B8E27F6B6549B06BE95D0839BE483.d.3846EE98925EE18F9F8021DB1CA4A3BF.e.3207"}]}
COMMAND: POST /session/79689850af1d41ef46dc131fe5890470/element/f.3A2B8E27F6B6549B06BE95D0839BE483.d.3846EE98925EE18F9F8021DB1CA4A3BF.e.3207/click - {}
COMMAND: GET /session/79689850af1d41ef46dc131fe5890470/screenshot - {}
RESULT: {}
RESULT: {}
COMMAND: GET /session/79689850af1d41ef46dc131fe5890470/screenshot - {}
RESULT: {}
RESULT: {}
COMMAND: POST /session/79689850af1d41ef46dc131fe5890470/execute/async - {"script":"<script> [1562 bytes]","args":[{"selector":{"controlType":"sap.m.Title","viewName":"etm.portal.ui.managepricingrules.view.NewItem","viewId":"application-managepricingrules-display-component---newInfoPriceItem","properties":{"text":"New Pricing Rules - Item Level"}},"wdio_ui5_key":"etmportal.ui.managepricingrules.view.NewItemsap.m.Title{\"text\":\"New Pricing Rules - Item Level\"}"}]}
RESULT: {"script":"<script> [1562 bytes]","args":[{"selector":{"controlType":"sap.m.Title","viewName":"etm.portal.ui.managepricingrules.view.NewItem","viewId":"application-managepricingrules-display-component---newInfoPriceItem","properties":{"text":"New Pricing Rules - Item Level"}},"wdio_ui5_key":"etmportal.ui.managepricingrules.view.NewItemsap.m.Title{\"text\":\"New Pricing Rules - Item Level\"}"}]}
RESULT: undefined
COMMAND: POST /session/79689850af1d41ef46dc131fe5890470/execute/async - {"script":"<script> [6424 bytes]","args":[{"element-6066-11e4-a52e-4f735466cecf":"f.3A2B8E27F6B6549B06BE95D0839BE483.d.3846EE98925EE18F9F8021DB1CA4A3BF.e.3364"},"getText",[]]}
RESULT: {"script":"<script> [6424 bytes]","args":[{"element-6066-11e4-a52e-4f735466cecf":"f.3A2B8E27F6B6549B06BE95D0839BE483.d.3846EE98925EE18F9F8021DB1CA4A3BF.e.3364"},"getText",[]]}
COMMAND: POST /session/79689850af1d41ef46dc131fe5890470/execute/async - {"script":"<script> [1562 bytes]","args":[{"selector":{"id":"application-managepricingrules-display-component---newInfoPriceItem--condValidTo","interaction":{"idSuffix":"inner"}},"wdio_ui5_key":"applicationmanagepricingrules-display-component---newInfoPriceItem--condValidTo"}]}
RESULT: {"script":"<script> [1562 bytes]","args":[{"selector":{"id":"application-managepricingrules-display-component---newInfoPriceItem--condValidTo","interaction":{"idSuffix":"inner"}},"wdio_ui5_key":"applicationmanagepricingrules-display-component---newInfoPriceItem--condValidTo"}]}
RESULT: undefined
COMMAND: POST /session/79689850af1d41ef46dc131fe5890470/execute/async - {"script":"<script> [776 bytes]","args":[{"enterText":"01/02/26","selector":{"id":"application-managepricingrules-display-component---newInfoPriceItem--condValidTo","interaction":{"idSuffix":"inner"}},"clearTextFirst":true,"interactionType":"ENTER_TEXT"}]}
RESULT: {"script":"<script> [776 bytes]","args":[{"enterText":"01/02/26","selector":{"id":"application-managepricingrules-display-component---newInfoPriceItem--condValidTo","interaction":{"idSuffix":"inner"}},"clearTextFirst":true,"interactionType":"ENTER_TEXT"}]}
COMMAND: POST /session/79689850af1d41ef46dc131fe5890470/execute/async - {"script":"<script> [1562 bytes]","args":[{"selector":{"id":"application-managepricingrules-display-component---newInfoPriceItem--billType-arrow"},"wdio_ui5_key":"applicationmanagepricingrules-display-component---newInfoPriceItem--billType-arrow"}]}
RESULT: {"script":"<script> [1562 bytes]","args":[{"selector":{"id":"application-managepricingrules-display-component---newInfoPriceItem--billType-arrow"},"wdio_ui5_key":"applicationmanagepricingrules-display-component---newInfoPriceItem--billType-arrow"}]}
RESULT: undefined
COMMAND: POST /session/79689850af1d41ef46dc131fe5890470/element - {"using":"xpath","value":"//*[@id=\"application-managepricingrules-display-component---newInfoPriceItem--billType-arrow\"]"}
RESULT: {"using":"xpath","value":"//*[@id=\"application-managepricingrules-display-component---newInfoPriceItem--billType-arrow\"]"}
COMMAND: POST /session/79689850af1d41ef46dc131fe5890470/element/f.3A2B8E27F6B6549B06BE95D0839BE483.d.3846EE98925EE18F9F8021DB1CA4A3BF.e.3368/click - {}
RESULT: {}
COMMAND: POST /session/79689850af1d41ef46dc131fe5890470/element - {"using":"xpath","value":"//span[contains(text(), \"TB - Time based\")]"}
COMMAND: GET /session/79689850af1d41ef46dc131fe5890470/screenshot - {}
RESULT: {"using":"xpath","value":"//span[contains(text(), \"TB - Time based\")]"}
COMMAND: POST /session/79689850af1d41ef46dc131fe5890470/element/f.3A2B8E27F6B6549B06BE95D0839BE483.d.3846EE98925EE18F9F8021DB1CA4A3BF.e.3369/click - {}
RESULT: {}
RESULT: {}
COMMAND: POST /session/79689850af1d41ef46dc131fe5890470/execute/async - {"script":"<script> [1562 bytes]","args":[{"selector":{"id":"application-managepricingrules-display-component---newInfoPriceItem--priceProc-arrow"},"wdio_ui5_key":"applicationmanagepricingrules-display-component---newInfoPriceItem--priceProc-arrow"}]}
COMMAND: GET /session/79689850af1d41ef46dc131fe5890470/screenshot - {}
RESULT: {"script":"<script> [1562 bytes]","args":[{"selector":{"id":"application-managepricingrules-display-component---newInfoPriceItem--priceProc-arrow"},"wdio_ui5_key":"applicationmanagepricingrules-display-component---newInfoPriceItem--priceProc-arrow"}]}
RESULT: undefined
COMMAND: POST /session/79689850af1d41ef46dc131fe5890470/element - {"using":"xpath","value":"//*[@id=\"application-managepricingrules-display-component---newInfoPriceItem--priceProc-arrow\"]"}
RESULT: {}
RESULT: {"using":"xpath","value":"//*[@id=\"application-managepricingrules-display-component---newInfoPriceItem--priceProc-arrow\"]"}
COMMAND: POST /session/79689850af1d41ef46dc131fe5890470/element/f.3A2B8E27F6B6549B06BE95D0839BE483.d.3846EE98925EE18F9F8021DB1CA4A3BF.e.3334/click - {}
RESULT: {}
COMMAND: POST /session/79689850af1d41ef46dc131fe5890470/element - {"using":"xpath","value":"//span[contains(text(), \"TBS - Time based standard\")]"}
COMMAND: GET /session/79689850af1d41ef46dc131fe5890470/screenshot - {}
RESULT: {"using":"xpath","value":"//span[contains(text(), \"TBS - Time based standard\")]"}
COMMAND: POST /session/79689850af1d41ef46dc131fe5890470/element/f.3A2B8E27F6B6549B06BE95D0839BE483.d.3846EE98925EE18F9F8021DB1CA4A3BF.e.3370/click - {}
RESULT: {}
RESULT: {}
COMMAND: POST /session/79689850af1d41ef46dc131fe5890470/execute/async - {"script":"<script> [1562 bytes]","args":[{"selector":{"id":"application-managepricingrules-display-component---newInfoPriceItem--calcBase-arrow"},"wdio_ui5_key":"applicationmanagepricingrules-display-component---newInfoPriceItem--calcBase-arrow"}]}
COMMAND: GET /session/79689850af1d41ef46dc131fe5890470/screenshot - {}
RESULT: {"script":"<script> [1562 bytes]","args":[{"selector":{"id":"application-managepricingrules-display-component---newInfoPriceItem--calcBase-arrow"},"wdio_ui5_key":"applicationmanagepricingrules-display-component---newInfoPriceItem--calcBase-arrow"}]}
RESULT: undefined
COMMAND: POST /session/79689850af1d41ef46dc131fe5890470/element - {"using":"xpath","value":"//*[@id=\"application-managepricingrules-display-component---newInfoPriceItem--calcBase-arrow\"]"}
RESULT: {}
RESULT: {"using":"xpath","value":"//*[@id=\"application-managepricingrules-display-component---newInfoPriceItem--calcBase-arrow\"]"}
COMMAND: POST /session/79689850af1d41ef46dc131fe5890470/element/f.3A2B8E27F6B6549B06BE95D0839BE483.d.3846EE98925EE18F9F8021DB1CA4A3BF.e.3341/click - {}
RESULT: {}
COMMAND: GET /session/79689850af1d41ef46dc131fe5890470/screenshot - {}
RESULT: {}
COMMAND: POST /session/79689850af1d41ef46dc131fe5890470/element - {"using":"xpath","value":"//span[contains(text(), \"0006 - TB(calendar days)\")]"}
RESULT: {"using":"xpath","value":"//span[contains(text(), \"0006 - TB(calendar days)\")]"}
COMMAND: POST /session/79689850af1d41ef46dc131fe5890470/element/f.3A2B8E27F6B6549B06BE95D0839BE483.d.3846EE98925EE18F9F8021DB1CA4A3BF.e.3371/click - {}
RESULT: {}
COMMAND: GET /session/79689850af1d41ef46dc131fe5890470/screenshot - {}
RESULT: {}
COMMAND: POST /session/79689850af1d41ef46dc131fe5890470/execute/async - {"script":"<script> [1562 bytes]","args":[{"selector":{"id":"application-managepricingrules-display-component---newInfoPriceItem--daysMonth","interaction":{"idSuffix":"inner"}},"wdio_ui5_key":"applicationmanagepricingrules-display-component---newInfoPriceItem--daysMonth"}]}
RESULT: {"script":"<script> [1562 bytes]","args":[{"selector":{"id":"application-managepricingrules-display-component---newInfoPriceItem--daysMonth","interaction":{"idSuffix":"inner"}},"wdio_ui5_key":"applicationmanagepricingrules-display-component---newInfoPriceItem--daysMonth"}]}
RESULT: undefined
COMMAND: POST /session/79689850af1d41ef46dc131fe5890470/execute/async - {"script":"<script> [776 bytes]","args":[{"enterText":"30","selector":{"id":"application-managepricingrules-display-component---newInfoPriceItem--daysMonth","interaction":{"idSuffix":"inner"}},"clearTextFirst":true,"interactionType":"ENTER_TEXT"}]}
RESULT: {"script":"<script> [776 bytes]","args":[{"enterText":"30","selector":{"id":"application-managepricingrules-display-component---newInfoPriceItem--daysMonth","interaction":{"idSuffix":"inner"}},"clearTextFirst":true,"interactionType":"ENTER_TEXT"}]}
COMMAND: POST /session/79689850af1d41ef46dc131fe5890470/element - {"using":"xpath","value":"//button[@data-kt=\"saveNewRuleButton\"]"}
RESULT: {"using":"xpath","value":"//button[@data-kt=\"saveNewRuleButton\"]"}
COMMAND: POST /session/79689850af1d41ef46dc131fe5890470/element/f.3A2B8E27F6B6549B06BE95D0839BE483.d.3846EE98925EE18F9F8021DB1CA4A3BF.e.3357/click - {}
RESULT: {}
COMMAND: GET /session/79689850af1d41ef46dc131fe5890470/screenshot - {}
RESULT: {}
COMMAND: POST /session/79689850af1d41ef46dc131fe5890470/execute/async - {"script":"<script> [1562 bytes]","args":[{"selector":{"id":"application-managepricingrules-display-component---priceInfoItem--smartFilterBar-btnBasicSearch","interaction":{"idSuffix":"I"}},"wdio_ui5_key":"applicationmanagepricingrules-display-component---priceInfoItem--smartFilterBar-btnBasicSearch"}]}
RESULT: {"script":"<script> [1562 bytes]","args":[{"selector":{"id":"application-managepricingrules-display-component---priceInfoItem--smartFilterBar-btnBasicSearch","interaction":{"idSuffix":"I"}},"wdio_ui5_key":"applicationmanagepricingrules-display-component---priceInfoItem--smartFilterBar-btnBasicSearch"}]}
RESULT: undefined
COMMAND: POST /session/79689850af1d41ef46dc131fe5890470/execute/async - {"script":"<script> [776 bytes]","args":[{"enterText":"YQzfmohxDp","selector":{"id":"application-managepricingrules-display-component---priceInfoItem--smartFilterBar-btnBasicSearch","interaction":{"idSuffix":"I"}},"clearTextFirst":true,"interactionType":"ENTER_TEXT"}]}
RESULT: {"script":"<script> [776 bytes]","args":[{"enterText":"YQzfmohxDp","selector":{"id":"application-managepricingrules-display-component---priceInfoItem--smartFilterBar-btnBasicSearch","interaction":{"idSuffix":"I"}},"clearTextFirst":true,"interactionType":"ENTER_TEXT"}]}
COMMAND: POST /session/79689850af1d41ef46dc131fe5890470/actions - {"actions":[{"id":"action12","type":"key","parameters":{},"actions":[{"type":"keyDown","value":"î€‡"},{"type":"pause","duration":10},{"type":"keyUp","value":"î€‡"}]}]}
RESULT: {"actions":[{"id":"action12","type":"key","parameters":{},"actions":[{"type":"keyDown","value":"î€‡"},{"type":"pause","duration":10},{"type":"keyUp","value":"î€‡"}]}]}
COMMAND: GET /session/79689850af1d41ef46dc131fe5890470/screenshot - {}
RESULT: {}
COMMAND: POST /session/79689850af1d41ef46dc131fe5890470/element - {"using":"xpath","value":"//span[@id=\"application-managepricingrules-display-component---priceInfoItem--smartTable-header-inner\"]"}
RESULT: {"using":"xpath","value":"//span[@id=\"application-managepricingrules-display-component---priceInfoItem--smartTable-header-inner\"]"}
COMMAND: POST /session/79689850af1d41ef46dc131fe5890470/elements - {"using":"xpath","value":"//span[@id=\"application-managepricingrules-display-component---priceInfoItem--smartTable-header-inner\"]"}
RESULT: {"using":"xpath","value":"//span[@id=\"application-managepricingrules-display-component---priceInfoItem--smartTable-header-inner\"]"}
COMMAND: POST /session/79689850af1d41ef46dc131fe5890470/execute/sync - {"script":"<script> [56 bytes]","args":[{"element-6066-11e4-a52e-4f735466cecf":"f.3A2B8E27F6B6549B06BE95D0839BE483.d.3846EE98925EE18F9F8021DB1CA4A3BF.e.3384","ELEMENT":"f.3A2B8E27F6B6549B06BE95D0839BE483.d.3846EE98925EE18F9F8021DB1CA4A3BF.e.3384"}]}
RESULT: {"script":"<script> [56 bytes]","args":[{"element-6066-11e4-a52e-4f735466cecf":"f.3A2B8E27F6B6549B06BE95D0839BE483.d.3846EE98925EE18F9F8021DB1CA4A3BF.e.3384","ELEMENT":"f.3A2B8E27F6B6549B06BE95D0839BE483.d.3846EE98925EE18F9F8021DB1CA4A3BF.e.3384"}]}
COMMAND: POST /session/79689850af1d41ef46dc131fe5890470/element - {"using":"css selector","value":"#shell-header-logo"}
COMMAND: GET /session/79689850af1d41ef46dc131fe5890470/screenshot - {}
RESULT: {}
RESULT: {"using":"css selector","value":"#shell-header-logo"}
COMMAND: POST /session/79689850af1d41ef46dc131fe5890470/element/f.3A2B8E27F6B6549B06BE95D0839BE483.d.3846EE98925EE18F9F8021DB1CA4A3BF.e.2530/click - {}
RESULT: {}
COMMAND: GET /session/79689850af1d41ef46dc131fe5890470/screenshot - {}
RESULT: {}
]]></system-out>
    </testcase>
    <testcase classname="chrome.135_0_7049_96.windows.Billing_confirm_US117289" name="Should create new condition for equipment" time="62.089">
      <system-out><![CDATA[
COMMAND: POST /session/79689850af1d41ef46dc131fe5890470/execute/async - {"script":"<script> [1562 bytes]","args":[{"selector":{"controlType":"sap.m.Text","properties":{"text":"Manage Conditions & Prices"},"interaction":{"idSuffix":"inner"}},"wdio_ui5_key":"sapm.Text{\"text\":\"Manage Conditions & Prices\"}"}]}
RESULT: {"script":"<script> [1562 bytes]","args":[{"selector":{"controlType":"sap.m.Text","properties":{"text":"Manage Conditions & Prices"},"interaction":{"idSuffix":"inner"}},"wdio_ui5_key":"sapm.Text{\"text\":\"Manage Conditions & Prices\"}"}]}
RESULT: undefined
COMMAND: POST /session/79689850af1d41ef46dc131fe5890470/element - {"using":"xpath","value":"//*[@id=\"__tile53-title\"]"}
RESULT: {"using":"xpath","value":"//*[@id=\"__tile53-title\"]"}
COMMAND: POST /session/79689850af1d41ef46dc131fe5890470/element/f.3A2B8E27F6B6549B06BE95D0839BE483.d.3846EE98925EE18F9F8021DB1CA4A3BF.e.3387/click - {}
RESULT: {}
COMMAND: POST /session/79689850af1d41ef46dc131fe5890470/element - {"using":"xpath","value":"//button[@aria-label=\"Create\"]"}
COMMAND: GET /session/79689850af1d41ef46dc131fe5890470/screenshot - {}
RESULT: {"using":"xpath","value":"//button[@aria-label=\"Create\"]"}
COMMAND: POST /session/79689850af1d41ef46dc131fe5890470/elements - {"using":"xpath","value":"//button[@aria-label=\"Create\"]"}
RESULT: {}
RESULT: {"using":"xpath","value":"//button[@aria-label=\"Create\"]"}
COMMAND: POST /session/79689850af1d41ef46dc131fe5890470/elements - {"using":"xpath","value":"//button[@aria-label=\"Create\"]"}
RESULT: {"using":"xpath","value":"//button[@aria-label=\"Create\"]"}
COMMAND: POST /session/79689850af1d41ef46dc131fe5890470/elements - {"using":"xpath","value":"//button[@aria-label=\"Create\"]"}
RESULT: {"using":"xpath","value":"//button[@aria-label=\"Create\"]"}
COMMAND: POST /session/79689850af1d41ef46dc131fe5890470/elements - {"using":"xpath","value":"//button[@aria-label=\"Create\"]"}
RESULT: {"using":"xpath","value":"//button[@aria-label=\"Create\"]"}
COMMAND: POST /session/79689850af1d41ef46dc131fe5890470/elements - {"using":"xpath","value":"//button[@aria-label=\"Create\"]"}
RESULT: {"using":"xpath","value":"//button[@aria-label=\"Create\"]"}
COMMAND: POST /session/79689850af1d41ef46dc131fe5890470/elements - {"using":"xpath","value":"//button[@aria-label=\"Create\"]"}
RESULT: {"using":"xpath","value":"//button[@aria-label=\"Create\"]"}
COMMAND: POST /session/79689850af1d41ef46dc131fe5890470/elements - {"using":"xpath","value":"//button[@aria-label=\"Create\"]"}
RESULT: {"using":"xpath","value":"//button[@aria-label=\"Create\"]"}
COMMAND: POST /session/79689850af1d41ef46dc131fe5890470/elements - {"using":"xpath","value":"//button[@aria-label=\"Create\"]"}
RESULT: {"using":"xpath","value":"//button[@aria-label=\"Create\"]"}
COMMAND: POST /session/79689850af1d41ef46dc131fe5890470/element - {"using":"xpath","value":"//button[@aria-label=\"Create\"]"}
RESULT: {"using":"xpath","value":"//button[@aria-label=\"Create\"]"}
COMMAND: POST /session/79689850af1d41ef46dc131fe5890470/execute/sync - {"script":"<script> [8489 bytes]","args":[{"element-6066-11e4-a52e-4f735466cecf":"f.3A2B8E27F6B6549B06BE95D0839BE483.d.3846EE98925EE18F9F8021DB1CA4A3BF.e.3422","ELEMENT":"f.3A2B8E27F6B6549B06BE95D0839BE483.d.3846EE98925EE18F9F8021DB1CA4A3BF.e.3422"}]}
RESULT: {"script":"<script> [8489 bytes]","args":[{"element-6066-11e4-a52e-4f735466cecf":"f.3A2B8E27F6B6549B06BE95D0839BE483.d.3846EE98925EE18F9F8021DB1CA4A3BF.e.3422","ELEMENT":"f.3A2B8E27F6B6549B06BE95D0839BE483.d.3846EE98925EE18F9F8021DB1CA4A3BF.e.3422"}]}
COMMAND: GET /session/79689850af1d41ef46dc131fe5890470/element/f.3A2B8E27F6B6549B06BE95D0839BE483.d.3846EE98925EE18F9F8021DB1CA4A3BF.e.3422/enabled - {}
COMMAND: GET /session/79689850af1d41ef46dc131fe5890470/screenshot - {}
RESULT: {}
COMMAND: POST /session/79689850af1d41ef46dc131fe5890470/execute/sync - {"script":"<script> [8489 bytes]","args":[{"element-6066-11e4-a52e-4f735466cecf":"f.3A2B8E27F6B6549B06BE95D0839BE483.d.3846EE98925EE18F9F8021DB1CA4A3BF.e.3422","ELEMENT":"f.3A2B8E27F6B6549B06BE95D0839BE483.d.3846EE98925EE18F9F8021DB1CA4A3BF.e.3422"}]}
COMMAND: GET /session/79689850af1d41ef46dc131fe5890470/screenshot - {}
RESULT: {}
RESULT: {"script":"<script> [8489 bytes]","args":[{"element-6066-11e4-a52e-4f735466cecf":"f.3A2B8E27F6B6549B06BE95D0839BE483.d.3846EE98925EE18F9F8021DB1CA4A3BF.e.3422","ELEMENT":"f.3A2B8E27F6B6549B06BE95D0839BE483.d.3846EE98925EE18F9F8021DB1CA4A3BF.e.3422"}]}
COMMAND: POST /session/79689850af1d41ef46dc131fe5890470/execute/sync - {"script":"<script> [5351 bytes]","args":[{"element-6066-11e4-a52e-4f735466cecf":"f.3A2B8E27F6B6549B06BE95D0839BE483.d.3846EE98925EE18F9F8021DB1CA4A3BF.e.3422","ELEMENT":"f.3A2B8E27F6B6549B06BE95D0839BE483.d.3846EE98925EE18F9F8021DB1CA4A3BF.e.3422"}]}
COMMAND: GET /session/79689850af1d41ef46dc131fe5890470/screenshot - {}
RESULT: {}
RESULT: {"script":"<script> [5351 bytes]","args":[{"element-6066-11e4-a52e-4f735466cecf":"f.3A2B8E27F6B6549B06BE95D0839BE483.d.3846EE98925EE18F9F8021DB1CA4A3BF.e.3422","ELEMENT":"f.3A2B8E27F6B6549B06BE95D0839BE483.d.3846EE98925EE18F9F8021DB1CA4A3BF.e.3422"}]}
COMMAND: POST /session/79689850af1d41ef46dc131fe5890470/element/f.3A2B8E27F6B6549B06BE95D0839BE483.d.3846EE98925EE18F9F8021DB1CA4A3BF.e.3422/click - {}
COMMAND: GET /session/79689850af1d41ef46dc131fe5890470/screenshot - {}
RESULT: {}
RESULT: {}
COMMAND: GET /session/79689850af1d41ef46dc131fe5890470/screenshot - {}
RESULT: {}
RESULT: {}
COMMAND: POST /session/79689850af1d41ef46dc131fe5890470/actions - {"actions":[{"id":"action13","type":"key","parameters":{},"actions":[{"type":"keyDown","value":"î€‡"},{"type":"pause","duration":10},{"type":"keyUp","value":"î€‡"}]}]}
RESULT: {"actions":[{"id":"action13","type":"key","parameters":{},"actions":[{"type":"keyDown","value":"î€‡"},{"type":"pause","duration":10},{"type":"keyUp","value":"î€‡"}]}]}
COMMAND: GET /session/79689850af1d41ef46dc131fe5890470/screenshot - {}
RESULT: {}
COMMAND: POST /session/79689850af1d41ef46dc131fe5890470/execute/async - {"script":"<script> [1562 bytes]","args":[{"selector":{"id":"application-manageconditionprice-display-component---newCondition--condBillCond-arrow"},"wdio_ui5_key":"applicationmanageconditionprice-display-component---newCondition--condBillCond-arrow"}]}
RESULT: {"script":"<script> [1562 bytes]","args":[{"selector":{"id":"application-manageconditionprice-display-component---newCondition--condBillCond-arrow"},"wdio_ui5_key":"applicationmanageconditionprice-display-component---newCondition--condBillCond-arrow"}]}
RESULT: undefined
COMMAND: POST /session/79689850af1d41ef46dc131fe5890470/element - {"using":"xpath","value":"//*[@id=\"application-manageconditionprice-display-component---newCondition--condBillCond-arrow\"]"}
RESULT: {"using":"xpath","value":"//*[@id=\"application-manageconditionprice-display-component---newCondition--condBillCond-arrow\"]"}
COMMAND: POST /session/79689850af1d41ef46dc131fe5890470/element/f.3A2B8E27F6B6549B06BE95D0839BE483.d.3846EE98925EE18F9F8021DB1CA4A3BF.e.3600/click - {}
RESULT: {}
COMMAND: GET /session/79689850af1d41ef46dc131fe5890470/screenshot - {}
RESULT: {}
COMMAND: POST /session/79689850af1d41ef46dc131fe5890470/element - {"using":"xpath","value":"//li[.//span[contains(text(), \"DISP - D&I special price\")]]"}
RESULT: {"using":"xpath","value":"//li[.//span[contains(text(), \"DISP - D&I special price\")]]"}
COMMAND: POST /session/79689850af1d41ef46dc131fe5890470/element/f.3A2B8E27F6B6549B06BE95D0839BE483.d.3846EE98925EE18F9F8021DB1CA4A3BF.e.3603/click - {}
RESULT: {}
COMMAND: GET /session/79689850af1d41ef46dc131fe5890470/screenshot - {}
RESULT: {}
COMMAND: POST /session/79689850af1d41ef46dc131fe5890470/execute/async - {"script":"<script> [1562 bytes]","args":[{"selector":{"id":"application-manageconditionprice-display-component---newCondition--condValidTo","interaction":{"idSuffix":"inner"}},"wdio_ui5_key":"applicationmanageconditionprice-display-component---newCondition--condValidTo"}]}
RESULT: {"script":"<script> [1562 bytes]","args":[{"selector":{"id":"application-manageconditionprice-display-component---newCondition--condValidTo","interaction":{"idSuffix":"inner"}},"wdio_ui5_key":"applicationmanageconditionprice-display-component---newCondition--condValidTo"}]}
RESULT: undefined
COMMAND: POST /session/79689850af1d41ef46dc131fe5890470/execute/async - {"script":"<script> [776 bytes]","args":[{"enterText":"01/02/26","selector":{"id":"application-manageconditionprice-display-component---newCondition--condValidTo","interaction":{"idSuffix":"inner"}},"clearTextFirst":true,"interactionType":"ENTER_TEXT"}]}
RESULT: {"script":"<script> [776 bytes]","args":[{"enterText":"01/02/26","selector":{"id":"application-manageconditionprice-display-component---newCondition--condValidTo","interaction":{"idSuffix":"inner"}},"clearTextFirst":true,"interactionType":"ENTER_TEXT"}]}
COMMAND: POST /session/79689850af1d41ef46dc131fe5890470/element - {"using":"xpath","value":"//input[@id=\"application-manageconditionprice-display-component---newCondition--condRU-inner\"]"}
RESULT: {"using":"xpath","value":"//input[@id=\"application-manageconditionprice-display-component---newCondition--condRU-inner\"]"}
COMMAND: POST /session/79689850af1d41ef46dc131fe5890470/element/f.3A2B8E27F6B6549B06BE95D0839BE483.d.3846EE98925EE18F9F8021DB1CA4A3BF.e.3465/clear - {}
RESULT: {}
COMMAND: POST /session/79689850af1d41ef46dc131fe5890470/element/f.3A2B8E27F6B6549B06BE95D0839BE483.d.3846EE98925EE18F9F8021DB1CA4A3BF.e.3465/value - {"text":"YQzfmohxDp"}
COMMAND: GET /session/79689850af1d41ef46dc131fe5890470/screenshot - {}
RESULT: {"text":"YQzfmohxDp"}
COMMAND: GET /session/79689850af1d41ef46dc131fe5890470/screenshot - {}
RESULT: {}
RESULT: {}
COMMAND: POST /session/79689850af1d41ef46dc131fe5890470/actions - {"actions":[{"id":"action14","type":"key","parameters":{},"actions":[{"type":"keyDown","value":"î€‡"},{"type":"pause","duration":10},{"type":"keyUp","value":"î€‡"}]}]}
RESULT: {"actions":[{"id":"action14","type":"key","parameters":{},"actions":[{"type":"keyDown","value":"î€‡"},{"type":"pause","duration":10},{"type":"keyUp","value":"î€‡"}]}]}
COMMAND: POST /session/79689850af1d41ef46dc131fe5890470/execute/async - {"script":"<script> [1562 bytes]","args":[{"selector":{"id":"application-manageconditionprice-display-component---newCondition--condBaseQty","interaction":{"idSuffix":"inner"}},"wdio_ui5_key":"applicationmanageconditionprice-display-component---newCondition--condBaseQty"}]}
COMMAND: GET /session/79689850af1d41ef46dc131fe5890470/screenshot - {}
RESULT: {"script":"<script> [1562 bytes]","args":[{"selector":{"id":"application-manageconditionprice-display-component---newCondition--condBaseQty","interaction":{"idSuffix":"inner"}},"wdio_ui5_key":"applicationmanageconditionprice-display-component---newCondition--condBaseQty"}]}
RESULT: undefined
COMMAND: POST /session/79689850af1d41ef46dc131fe5890470/execute/async - {"script":"<script> [776 bytes]","args":[{"enterText":"1","selector":{"id":"application-manageconditionprice-display-component---newCondition--condBaseQty","interaction":{"idSuffix":"inner"}},"clearTextFirst":true,"interactionType":"ENTER_TEXT"}]}
RESULT: {}
RESULT: {"script":"<script> [776 bytes]","args":[{"enterText":"1","selector":{"id":"application-manageconditionprice-display-component---newCondition--condBaseQty","interaction":{"idSuffix":"inner"}},"clearTextFirst":true,"interactionType":"ENTER_TEXT"}]}
COMMAND: POST /session/79689850af1d41ef46dc131fe5890470/execute/async - {"script":"<script> [1562 bytes]","args":[{"selector":{"id":"application-manageconditionprice-display-component---newCondition--condValue","interaction":{"idSuffix":"inner"}},"wdio_ui5_key":"applicationmanageconditionprice-display-component---newCondition--condValue"}]}
RESULT: {"script":"<script> [1562 bytes]","args":[{"selector":{"id":"application-manageconditionprice-display-component---newCondition--condValue","interaction":{"idSuffix":"inner"}},"wdio_ui5_key":"applicationmanageconditionprice-display-component---newCondition--condValue"}]}
RESULT: undefined
COMMAND: POST /session/79689850af1d41ef46dc131fe5890470/execute/async - {"script":"<script> [776 bytes]","args":[{"enterText":"100","selector":{"id":"application-manageconditionprice-display-component---newCondition--condValue","interaction":{"idSuffix":"inner"}},"clearTextFirst":true,"interactionType":"ENTER_TEXT"}]}
RESULT: {"script":"<script> [776 bytes]","args":[{"enterText":"100","selector":{"id":"application-manageconditionprice-display-component---newCondition--condValue","interaction":{"idSuffix":"inner"}},"clearTextFirst":true,"interactionType":"ENTER_TEXT"}]}
COMMAND: POST /session/79689850af1d41ef46dc131fe5890470/execute/async - {"script":"<script> [1562 bytes]","args":[{"selector":{"id":"application-manageconditionprice-display-component---newCondition--condCurr-arrow"},"wdio_ui5_key":"applicationmanageconditionprice-display-component---newCondition--condCurr-arrow"}]}
RESULT: {"script":"<script> [1562 bytes]","args":[{"selector":{"id":"application-manageconditionprice-display-component---newCondition--condCurr-arrow"},"wdio_ui5_key":"applicationmanageconditionprice-display-component---newCondition--condCurr-arrow"}]}
RESULT: undefined
COMMAND: POST /session/79689850af1d41ef46dc131fe5890470/element - {"using":"xpath","value":"//*[@id=\"application-manageconditionprice-display-component---newCondition--condCurr-arrow\"]"}
RESULT: {"using":"xpath","value":"//*[@id=\"application-manageconditionprice-display-component---newCondition--condCurr-arrow\"]"}
COMMAND: POST /session/79689850af1d41ef46dc131fe5890470/element/f.3A2B8E27F6B6549B06BE95D0839BE483.d.3846EE98925EE18F9F8021DB1CA4A3BF.e.3559/click - {}
RESULT: {}
COMMAND: POST /session/79689850af1d41ef46dc131fe5890470/element - {"using":"xpath","value":"//span[contains(text(), \"Euro\")]"}
COMMAND: GET /session/79689850af1d41ef46dc131fe5890470/screenshot - {}
RESULT: {"using":"xpath","value":"//span[contains(text(), \"Euro\")]"}
COMMAND: POST /session/79689850af1d41ef46dc131fe5890470/element/f.3A2B8E27F6B6549B06BE95D0839BE483.d.3846EE98925EE18F9F8021DB1CA4A3BF.e.3640/click - {}
RESULT: {}
RESULT: {}
COMMAND: POST /session/79689850af1d41ef46dc131fe5890470/element - {"using":"xpath","value":"//button[@data-kt=\"saveButton\"]"}
COMMAND: GET /session/79689850af1d41ef46dc131fe5890470/screenshot - {}
RESULT: {"using":"xpath","value":"//button[@data-kt=\"saveButton\"]"}
COMMAND: POST /session/79689850af1d41ef46dc131fe5890470/element/f.3A2B8E27F6B6549B06BE95D0839BE483.d.3846EE98925EE18F9F8021DB1CA4A3BF.e.3560/click - {}
RESULT: {}
RESULT: {}
COMMAND: GET /session/79689850af1d41ef46dc131fe5890470/screenshot - {}
RESULT: {}
COMMAND: POST /session/79689850af1d41ef46dc131fe5890470/execute/async - {"script":"<script> [1562 bytes]","args":[{"selector":{"id":"application-manageconditionprice-display-component---conditions--smartFilterBar-btnBasicSearch","interaction":{"idSuffix":"I"}},"wdio_ui5_key":"applicationmanageconditionprice-display-component---conditions--smartFilterBar-btnBasicSearch"}]}
RESULT: {"script":"<script> [1562 bytes]","args":[{"selector":{"id":"application-manageconditionprice-display-component---conditions--smartFilterBar-btnBasicSearch","interaction":{"idSuffix":"I"}},"wdio_ui5_key":"applicationmanageconditionprice-display-component---conditions--smartFilterBar-btnBasicSearch"}]}
RESULT: undefined
COMMAND: POST /session/79689850af1d41ef46dc131fe5890470/execute/async - {"script":"<script> [776 bytes]","args":[{"enterText":"YQzfmohxDp","selector":{"id":"application-manageconditionprice-display-component---conditions--smartFilterBar-btnBasicSearch","interaction":{"idSuffix":"I"}},"clearTextFirst":true,"interactionType":"ENTER_TEXT"}]}
RESULT: {"script":"<script> [776 bytes]","args":[{"enterText":"YQzfmohxDp","selector":{"id":"application-manageconditionprice-display-component---conditions--smartFilterBar-btnBasicSearch","interaction":{"idSuffix":"I"}},"clearTextFirst":true,"interactionType":"ENTER_TEXT"}]}
COMMAND: POST /session/79689850af1d41ef46dc131fe5890470/actions - {"actions":[{"id":"action15","type":"key","parameters":{},"actions":[{"type":"keyDown","value":"î€‡"},{"type":"pause","duration":10},{"type":"keyUp","value":"î€‡"}]}]}
RESULT: {"actions":[{"id":"action15","type":"key","parameters":{},"actions":[{"type":"keyDown","value":"î€‡"},{"type":"pause","duration":10},{"type":"keyUp","value":"î€‡"}]}]}
COMMAND: GET /session/79689850af1d41ef46dc131fe5890470/screenshot - {}
RESULT: {}
COMMAND: POST /session/79689850af1d41ef46dc131fe5890470/execute/async - {"script":"<script> [1562 bytes]","args":[{"selector":{"id":"application-manageconditionprice-display-component---conditions--smartFilterBar-filterItemControl_BASIC-BILL_TYPES-vhi"},"wdio_ui5_key":"applicationmanageconditionprice-display-component---conditions--smartFilterBar-filterItemControl_BASIC-BILL_TYPES-vhi"}]}
RESULT: {"script":"<script> [1562 bytes]","args":[{"selector":{"id":"application-manageconditionprice-display-component---conditions--smartFilterBar-filterItemControl_BASIC-BILL_TYPES-vhi"},"wdio_ui5_key":"applicationmanageconditionprice-display-component---conditions--smartFilterBar-filterItemControl_BASIC-BILL_TYPES-vhi"}]}
RESULT: undefined
COMMAND: POST /session/79689850af1d41ef46dc131fe5890470/element - {"using":"xpath","value":"//*[@id=\"application-manageconditionprice-display-component---conditions--smartFilterBar-filterItemControl_BASIC-BILL_TYPES-vhi\"]"}
RESULT: {"using":"xpath","value":"//*[@id=\"application-manageconditionprice-display-component---conditions--smartFilterBar-filterItemControl_BASIC-BILL_TYPES-vhi\"]"}
COMMAND: POST /session/79689850af1d41ef46dc131fe5890470/element/f.3A2B8E27F6B6549B06BE95D0839BE483.d.3846EE98925EE18F9F8021DB1CA4A3BF.e.3656/click - {}
RESULT: {}
COMMAND: POST /session/79689850af1d41ef46dc131fe5890470/execute/async - {"script":"<script> [1562 bytes]","args":[{"selector":{"id":"application-manageconditionprice-display-component---conditions--smartFilterBar-filterItemControl_BASIC-BILL_TYPES-valueHelpDialog-smartFilterBar-btnBasicSearch","searchOpenDialogs":true,"interaction":{"idSuffix":"I"}},"wdio_ui5_key":"applicationmanageconditionprice-display-component---conditions--smartFilterBar-filterItemControl_BASIC-BILL_TYPES-valueHelpDialog-smartFilterBar-btnBasicSearch"}]}
COMMAND: GET /session/79689850af1d41ef46dc131fe5890470/screenshot - {}
RESULT: {"script":"<script> [1562 bytes]","args":[{"selector":{"id":"application-manageconditionprice-display-component---conditions--smartFilterBar-filterItemControl_BASIC-BILL_TYPES-valueHelpDialog-smartFilterBar-btnBasicSearch","searchOpenDialogs":true,"interaction":{"idSuffix":"I"}},"wdio_ui5_key":"applicationmanageconditionprice-display-component---conditions--smartFilterBar-filterItemControl_BASIC-BILL_TYPES-valueHelpDialog-smartFilterBar-btnBasicSearch"}]}
RESULT: undefined
COMMAND: POST /session/79689850af1d41ef46dc131fe5890470/execute/async - {"script":"<script> [776 bytes]","args":[{"enterText":"TB","selector":{"id":"application-manageconditionprice-display-component---conditions--smartFilterBar-filterItemControl_BASIC-BILL_TYPES-valueHelpDialog-smartFilterBar-btnBasicSearch","searchOpenDialogs":true,"interaction":{"idSuffix":"I"}},"clearTextFirst":true,"interactionType":"ENTER_TEXT"}]}
RESULT: {}
RESULT: {"script":"<script> [776 bytes]","args":[{"enterText":"TB","selector":{"id":"application-manageconditionprice-display-component---conditions--smartFilterBar-filterItemControl_BASIC-BILL_TYPES-valueHelpDialog-smartFilterBar-btnBasicSearch","searchOpenDialogs":true,"interaction":{"idSuffix":"I"}},"clearTextFirst":true,"interactionType":"ENTER_TEXT"}]}
COMMAND: POST /session/79689850af1d41ef46dc131fe5890470/actions - {"actions":[{"id":"action16","type":"key","parameters":{},"actions":[{"type":"keyDown","value":"î€‡"},{"type":"pause","duration":10},{"type":"keyUp","value":"î€‡"}]}]}
RESULT: {"actions":[{"id":"action16","type":"key","parameters":{},"actions":[{"type":"keyDown","value":"î€‡"},{"type":"pause","duration":10},{"type":"keyUp","value":"î€‡"}]}]}
COMMAND: GET /session/79689850af1d41ef46dc131fe5890470/screenshot - {}
RESULT: {}
COMMAND: POST /session/79689850af1d41ef46dc131fe5890470/element - {"using":"xpath","value":"//div[contains(@id, 'application-manageconditionprice-display-component---conditions--smartFilterBar-filterItemControl_BASIC-BILL_TYPES-valueHelpDialog-table-rowsel0')]"}
RESULT: {"using":"xpath","value":"//div[contains(@id, 'application-manageconditionprice-display-component---conditions--smartFilterBar-filterItemControl_BASIC-BILL_TYPES-valueHelpDialog-table-rowsel0')]"}
COMMAND: POST /session/79689850af1d41ef46dc131fe5890470/element/f.3A2B8E27F6B6549B06BE95D0839BE483.d.3846EE98925EE18F9F8021DB1CA4A3BF.e.3666/click - {}
RESULT: {}
COMMAND: GET /session/79689850af1d41ef46dc131fe5890470/screenshot - {}
RESULT: {}
COMMAND: POST /session/79689850af1d41ef46dc131fe5890470/element - {"using":"xpath","value":"//bdi[contains(text(), \"OK\")]"}
RESULT: {"using":"xpath","value":"//bdi[contains(text(), \"OK\")]"}
COMMAND: POST /session/79689850af1d41ef46dc131fe5890470/element/f.3A2B8E27F6B6549B06BE95D0839BE483.d.3846EE98925EE18F9F8021DB1CA4A3BF.e.3668/click - {}
RESULT: {}
COMMAND: GET /session/79689850af1d41ef46dc131fe5890470/screenshot - {}
RESULT: {}
COMMAND: POST /session/79689850af1d41ef46dc131fe5890470/element - {"using":"xpath","value":"//span[@id=\"application-manageconditionprice-display-component---conditions--smartTable-header-inner\"]"}
RESULT: {"using":"xpath","value":"//span[@id=\"application-manageconditionprice-display-component---conditions--smartTable-header-inner\"]"}
COMMAND: POST /session/79689850af1d41ef46dc131fe5890470/elements - {"using":"xpath","value":"//span[@id=\"application-manageconditionprice-display-component---conditions--smartTable-header-inner\"]"}
RESULT: {"using":"xpath","value":"//span[@id=\"application-manageconditionprice-display-component---conditions--smartTable-header-inner\"]"}
COMMAND: POST /session/79689850af1d41ef46dc131fe5890470/execute/sync - {"script":"<script> [56 bytes]","args":[{"element-6066-11e4-a52e-4f735466cecf":"f.3A2B8E27F6B6549B06BE95D0839BE483.d.3846EE98925EE18F9F8021DB1CA4A3BF.e.3671","ELEMENT":"f.3A2B8E27F6B6549B06BE95D0839BE483.d.3846EE98925EE18F9F8021DB1CA4A3BF.e.3671"}]}
RESULT: {"script":"<script> [56 bytes]","args":[{"element-6066-11e4-a52e-4f735466cecf":"f.3A2B8E27F6B6549B06BE95D0839BE483.d.3846EE98925EE18F9F8021DB1CA4A3BF.e.3671","ELEMENT":"f.3A2B8E27F6B6549B06BE95D0839BE483.d.3846EE98925EE18F9F8021DB1CA4A3BF.e.3671"}]}
COMMAND: POST /session/79689850af1d41ef46dc131fe5890470/element - {"using":"css selector","value":"#shell-header-logo"}
COMMAND: GET /session/79689850af1d41ef46dc131fe5890470/screenshot - {}
RESULT: {"using":"css selector","value":"#shell-header-logo"}
COMMAND: POST /session/79689850af1d41ef46dc131fe5890470/element/f.3A2B8E27F6B6549B06BE95D0839BE483.d.3846EE98925EE18F9F8021DB1CA4A3BF.e.3390/click - {}
RESULT: {}
RESULT: {}
COMMAND: GET /session/79689850af1d41ef46dc131fe5890470/screenshot - {}
RESULT: {}
]]></system-out>
    </testcase>
    <testcase classname="chrome.135_0_7049_96.windows.Billing_confirm_US117289" name="Should do a stock increase" time="77.363">
      <system-out><![CDATA[
COMMAND: POST /session/79689850af1d41ef46dc131fe5890470/execute/async - {"script":"<script> [1562 bytes]","args":[{"selector":{"controlType":"sap.m.Text","viewName":"etm.portal.ui.managehandoverstile.view.Master","properties":{"text":"Manage Handovers"},"interaction":{"idSuffix":"inner"}},"wdio_ui5_key":"etmportal.ui.managehandoverstile.view.Mastersap.m.Text{\"text\":\"Manage Handovers\"}"}]}
RESULT: {"script":"<script> [1562 bytes]","args":[{"selector":{"controlType":"sap.m.Text","viewName":"etm.portal.ui.managehandoverstile.view.Master","properties":{"text":"Manage Handovers"},"interaction":{"idSuffix":"inner"}},"wdio_ui5_key":"etmportal.ui.managehandoverstile.view.Mastersap.m.Text{\"text\":\"Manage Handovers\"}"}]}
RESULT: undefined
COMMAND: POST /session/79689850af1d41ef46dc131fe5890470/element - {"using":"xpath","value":"//*[@id=\"__tile130-title\"]"}
RESULT: {"using":"xpath","value":"//*[@id=\"__tile130-title\"]"}
COMMAND: POST /session/79689850af1d41ef46dc131fe5890470/element/f.3A2B8E27F6B6549B06BE95D0839BE483.d.3846EE98925EE18F9F8021DB1CA4A3BF.e.3676/click - {}
RESULT: {}
COMMAND: POST /session/79689850af1d41ef46dc131fe5890470/element - {"using":"xpath","value":"//button[@data-kt=\"masterHOAddButton\"]"}
COMMAND: GET /session/79689850af1d41ef46dc131fe5890470/screenshot - {}
RESULT: {"using":"xpath","value":"//button[@data-kt=\"masterHOAddButton\"]"}
COMMAND: POST /session/79689850af1d41ef46dc131fe5890470/elements - {"using":"xpath","value":"//button[@data-kt=\"masterHOAddButton\"]"}
RESULT: {}
RESULT: {"using":"xpath","value":"//button[@data-kt=\"masterHOAddButton\"]"}
COMMAND: POST /session/79689850af1d41ef46dc131fe5890470/elements - {"using":"xpath","value":"//button[@data-kt=\"masterHOAddButton\"]"}
RESULT: {"using":"xpath","value":"//button[@data-kt=\"masterHOAddButton\"]"}
COMMAND: POST /session/79689850af1d41ef46dc131fe5890470/elements - {"using":"xpath","value":"//button[@data-kt=\"masterHOAddButton\"]"}
RESULT: {"using":"xpath","value":"//button[@data-kt=\"masterHOAddButton\"]"}
COMMAND: POST /session/79689850af1d41ef46dc131fe5890470/elements - {"using":"xpath","value":"//button[@data-kt=\"masterHOAddButton\"]"}
RESULT: {"using":"xpath","value":"//button[@data-kt=\"masterHOAddButton\"]"}
COMMAND: POST /session/79689850af1d41ef46dc131fe5890470/elements - {"using":"xpath","value":"//button[@data-kt=\"masterHOAddButton\"]"}
RESULT: {"using":"xpath","value":"//button[@data-kt=\"masterHOAddButton\"]"}
COMMAND: POST /session/79689850af1d41ef46dc131fe5890470/elements - {"using":"xpath","value":"//button[@data-kt=\"masterHOAddButton\"]"}
RESULT: {"using":"xpath","value":"//button[@data-kt=\"masterHOAddButton\"]"}
COMMAND: POST /session/79689850af1d41ef46dc131fe5890470/elements - {"using":"xpath","value":"//button[@data-kt=\"masterHOAddButton\"]"}
RESULT: {"using":"xpath","value":"//button[@data-kt=\"masterHOAddButton\"]"}
COMMAND: POST /session/79689850af1d41ef46dc131fe5890470/elements - {"using":"xpath","value":"//button[@data-kt=\"masterHOAddButton\"]"}
RESULT: {"using":"xpath","value":"//button[@data-kt=\"masterHOAddButton\"]"}
COMMAND: POST /session/79689850af1d41ef46dc131fe5890470/elements - {"using":"xpath","value":"//button[@data-kt=\"masterHOAddButton\"]"}
RESULT: {"using":"xpath","value":"//button[@data-kt=\"masterHOAddButton\"]"}
COMMAND: POST /session/79689850af1d41ef46dc131fe5890470/elements - {"using":"xpath","value":"//button[@data-kt=\"masterHOAddButton\"]"}
RESULT: {"using":"xpath","value":"//button[@data-kt=\"masterHOAddButton\"]"}
COMMAND: POST /session/79689850af1d41ef46dc131fe5890470/elements - {"using":"xpath","value":"//button[@data-kt=\"masterHOAddButton\"]"}
RESULT: {"using":"xpath","value":"//button[@data-kt=\"masterHOAddButton\"]"}
COMMAND: POST /session/79689850af1d41ef46dc131fe5890470/elements - {"using":"xpath","value":"//button[@data-kt=\"masterHOAddButton\"]"}
RESULT: {"using":"xpath","value":"//button[@data-kt=\"masterHOAddButton\"]"}
COMMAND: POST /session/79689850af1d41ef46dc131fe5890470/elements - {"using":"xpath","value":"//button[@data-kt=\"masterHOAddButton\"]"}
RESULT: {"using":"xpath","value":"//button[@data-kt=\"masterHOAddButton\"]"}
COMMAND: POST /session/79689850af1d41ef46dc131fe5890470/elements - {"using":"xpath","value":"//button[@data-kt=\"masterHOAddButton\"]"}
RESULT: {"using":"xpath","value":"//button[@data-kt=\"masterHOAddButton\"]"}
COMMAND: POST /session/79689850af1d41ef46dc131fe5890470/elements - {"using":"xpath","value":"//button[@data-kt=\"masterHOAddButton\"]"}
RESULT: {"using":"xpath","value":"//button[@data-kt=\"masterHOAddButton\"]"}
COMMAND: POST /session/79689850af1d41ef46dc131fe5890470/elements - {"using":"xpath","value":"//button[@data-kt=\"masterHOAddButton\"]"}
RESULT: {"using":"xpath","value":"//button[@data-kt=\"masterHOAddButton\"]"}
COMMAND: POST /session/79689850af1d41ef46dc131fe5890470/elements - {"using":"xpath","value":"//button[@data-kt=\"masterHOAddButton\"]"}
RESULT: {"using":"xpath","value":"//button[@data-kt=\"masterHOAddButton\"]"}
COMMAND: POST /session/79689850af1d41ef46dc131fe5890470/element - {"using":"xpath","value":"//button[@data-kt=\"masterHOAddButton\"]"}
RESULT: {"using":"xpath","value":"//button[@data-kt=\"masterHOAddButton\"]"}
COMMAND: POST /session/79689850af1d41ef46dc131fe5890470/execute/sync - {"script":"<script> [8489 bytes]","args":[{"element-6066-11e4-a52e-4f735466cecf":"f.3A2B8E27F6B6549B06BE95D0839BE483.d.3846EE98925EE18F9F8021DB1CA4A3BF.e.3714","ELEMENT":"f.3A2B8E27F6B6549B06BE95D0839BE483.d.3846EE98925EE18F9F8021DB1CA4A3BF.e.3714"}]}
RESULT: {"script":"<script> [8489 bytes]","args":[{"element-6066-11e4-a52e-4f735466cecf":"f.3A2B8E27F6B6549B06BE95D0839BE483.d.3846EE98925EE18F9F8021DB1CA4A3BF.e.3714","ELEMENT":"f.3A2B8E27F6B6549B06BE95D0839BE483.d.3846EE98925EE18F9F8021DB1CA4A3BF.e.3714"}]}
COMMAND: GET /session/79689850af1d41ef46dc131fe5890470/element/f.3A2B8E27F6B6549B06BE95D0839BE483.d.3846EE98925EE18F9F8021DB1CA4A3BF.e.3714/enabled - {}
COMMAND: GET /session/79689850af1d41ef46dc131fe5890470/screenshot - {}
RESULT: {}
COMMAND: POST /session/79689850af1d41ef46dc131fe5890470/execute/sync - {"script":"<script> [8489 bytes]","args":[{"element-6066-11e4-a52e-4f735466cecf":"f.3A2B8E27F6B6549B06BE95D0839BE483.d.3846EE98925EE18F9F8021DB1CA4A3BF.e.3714","ELEMENT":"f.3A2B8E27F6B6549B06BE95D0839BE483.d.3846EE98925EE18F9F8021DB1CA4A3BF.e.3714"}]}
COMMAND: GET /session/79689850af1d41ef46dc131fe5890470/screenshot - {}
RESULT: {}
RESULT: {"script":"<script> [8489 bytes]","args":[{"element-6066-11e4-a52e-4f735466cecf":"f.3A2B8E27F6B6549B06BE95D0839BE483.d.3846EE98925EE18F9F8021DB1CA4A3BF.e.3714","ELEMENT":"f.3A2B8E27F6B6549B06BE95D0839BE483.d.3846EE98925EE18F9F8021DB1CA4A3BF.e.3714"}]}
COMMAND: POST /session/79689850af1d41ef46dc131fe5890470/execute/sync - {"script":"<script> [5351 bytes]","args":[{"element-6066-11e4-a52e-4f735466cecf":"f.3A2B8E27F6B6549B06BE95D0839BE483.d.3846EE98925EE18F9F8021DB1CA4A3BF.e.3714","ELEMENT":"f.3A2B8E27F6B6549B06BE95D0839BE483.d.3846EE98925EE18F9F8021DB1CA4A3BF.e.3714"}]}
COMMAND: GET /session/79689850af1d41ef46dc131fe5890470/screenshot - {}
RESULT: {}
RESULT: {"script":"<script> [5351 bytes]","args":[{"element-6066-11e4-a52e-4f735466cecf":"f.3A2B8E27F6B6549B06BE95D0839BE483.d.3846EE98925EE18F9F8021DB1CA4A3BF.e.3714","ELEMENT":"f.3A2B8E27F6B6549B06BE95D0839BE483.d.3846EE98925EE18F9F8021DB1CA4A3BF.e.3714"}]}
COMMAND: POST /session/79689850af1d41ef46dc131fe5890470/element/f.3A2B8E27F6B6549B06BE95D0839BE483.d.3846EE98925EE18F9F8021DB1CA4A3BF.e.3714/click - {}
COMMAND: GET /session/79689850af1d41ef46dc131fe5890470/screenshot - {}
RESULT: {}
RESULT: {}
COMMAND: GET /session/79689850af1d41ef46dc131fe5890470/screenshot - {}
RESULT: {}
RESULT: {}
COMMAND: POST /session/79689850af1d41ef46dc131fe5890470/element - {"using":"xpath","value":"//span[contains(@id ,\"AddNewHO--typeSelect-arrow\")]"}
RESULT: {"using":"xpath","value":"//span[contains(@id ,\"AddNewHO--typeSelect-arrow\")]"}
COMMAND: POST /session/79689850af1d41ef46dc131fe5890470/element/f.3A2B8E27F6B6549B06BE95D0839BE483.d.3846EE98925EE18F9F8021DB1CA4A3BF.e.4078/click - {}
RESULT: {}
COMMAND: GET /session/79689850af1d41ef46dc131fe5890470/screenshot - {}
RESULT: {}
COMMAND: POST /session/79689850af1d41ef46dc131fe5890470/element - {"using":"xpath","value":"(//li[contains(text(), \"stock increase yard\")])[1]"}
RESULT: {"using":"xpath","value":"(//li[contains(text(), \"stock increase yard\")])[1]"}
COMMAND: POST /session/79689850af1d41ef46dc131fe5890470/element/f.3A2B8E27F6B6549B06BE95D0839BE483.d.3846EE98925EE18F9F8021DB1CA4A3BF.e.4079/click - {}
RESULT: {}
COMMAND: GET /session/79689850af1d41ef46dc131fe5890470/screenshot - {}
RESULT: {}
COMMAND: POST /session/79689850af1d41ef46dc131fe5890470/execute/async - {"script":"<script> [1562 bytes]","args":[{"selector":{"id":"application-managehandovers-display-component---AddNewHO--dueDate","interaction":{"idSuffix":"inner"}},"wdio_ui5_key":"applicationmanagehandovers-display-component---AddNewHO--dueDate"}]}
RESULT: {"script":"<script> [1562 bytes]","args":[{"selector":{"id":"application-managehandovers-display-component---AddNewHO--dueDate","interaction":{"idSuffix":"inner"}},"wdio_ui5_key":"applicationmanagehandovers-display-component---AddNewHO--dueDate"}]}
RESULT: undefined
COMMAND: POST /session/79689850af1d41ef46dc131fe5890470/execute/async - {"script":"<script> [6424 bytes]","args":[{"element-6066-11e4-a52e-4f735466cecf":"f.3A2B8E27F6B6549B06BE95D0839BE483.d.3846EE98925EE18F9F8021DB1CA4A3BF.e.4081"},"setValue",["05/02/2025"]]}
RESULT: {"script":"<script> [6424 bytes]","args":[{"element-6066-11e4-a52e-4f735466cecf":"f.3A2B8E27F6B6549B06BE95D0839BE483.d.3846EE98925EE18F9F8021DB1CA4A3BF.e.4081"},"setValue",["05/02/2025"]]}
COMMAND: POST /session/79689850af1d41ef46dc131fe5890470/element - {"using":"xpath","value":"//input[@id=\"generalSectionFrg--receiveYard-inner\"]"}
RESULT: {"using":"xpath","value":"//input[@id=\"generalSectionFrg--receiveYard-inner\"]"}
COMMAND: POST /session/79689850af1d41ef46dc131fe5890470/element/f.3A2B8E27F6B6549B06BE95D0839BE483.d.3846EE98925EE18F9F8021DB1CA4A3BF.e.4087/clear - {}
RESULT: {}
COMMAND: POST /session/79689850af1d41ef46dc131fe5890470/element/f.3A2B8E27F6B6549B06BE95D0839BE483.d.3846EE98925EE18F9F8021DB1CA4A3BF.e.4087/value - {"text":"492"}
COMMAND: GET /session/79689850af1d41ef46dc131fe5890470/screenshot - {}
RESULT: {"text":"492"}
COMMAND: GET /session/79689850af1d41ef46dc131fe5890470/screenshot - {}
RESULT: {}
RESULT: {}
COMMAND: POST /session/79689850af1d41ef46dc131fe5890470/element - {"using":"xpath","value":"//li[.//span[text()='492']]"}
RESULT: {"using":"xpath","value":"//li[.//span[text()='492']]"}
COMMAND: POST /session/79689850af1d41ef46dc131fe5890470/element/f.3A2B8E27F6B6549B06BE95D0839BE483.d.3846EE98925EE18F9F8021DB1CA4A3BF.e.4105/click - {}
RESULT: {}
COMMAND: GET /session/79689850af1d41ef46dc131fe5890470/screenshot - {}
RESULT: {}
COMMAND: POST /session/79689850af1d41ef46dc131fe5890470/execute/async - {"script":"<script> [1562 bytes]","args":[{"selector":{"id":"application-managehandovers-display-component---AddNewHO--ObjectPageLayout-anchBar-application-managehandovers-display-component---AddNewHO--section4-anchor","interaction":{"idSuffix":"BDI-content"}},"wdio_ui5_key":"applicationmanagehandovers-display-component---AddNewHO--ObjectPageLayout-anchBar-application-managehandovers-display-component---AddNewHO--section4-anchor"}]}
RESULT: {"script":"<script> [1562 bytes]","args":[{"selector":{"id":"application-managehandovers-display-component---AddNewHO--ObjectPageLayout-anchBar-application-managehandovers-display-component---AddNewHO--section4-anchor","interaction":{"idSuffix":"BDI-content"}},"wdio_ui5_key":"applicationmanagehandovers-display-component---AddNewHO--ObjectPageLayout-anchBar-application-managehandovers-display-component---AddNewHO--section4-anchor"}]}
RESULT: undefined
COMMAND: POST /session/79689850af1d41ef46dc131fe5890470/element - {"using":"xpath","value":"//*[@id=\"application-managehandovers-display-component---AddNewHO--ObjectPageLayout-anchBar-application-managehandovers-display-component---AddNewHO--section4-anchor\"]"}
RESULT: {"using":"xpath","value":"//*[@id=\"application-managehandovers-display-component---AddNewHO--ObjectPageLayout-anchBar-application-managehandovers-display-component---AddNewHO--section4-anchor\"]"}
COMMAND: POST /session/79689850af1d41ef46dc131fe5890470/element/f.3A2B8E27F6B6549B06BE95D0839BE483.d.3846EE98925EE18F9F8021DB1CA4A3BF.e.4107/click - {}
RESULT: {}
COMMAND: POST /session/79689850af1d41ef46dc131fe5890470/element - {"using":"xpath","value":"//button[@aria-label=\"Add\"]"}
COMMAND: GET /session/79689850af1d41ef46dc131fe5890470/screenshot - {}
RESULT: {"using":"xpath","value":"//button[@aria-label=\"Add\"]"}
COMMAND: POST /session/79689850af1d41ef46dc131fe5890470/element/f.3A2B8E27F6B6549B06BE95D0839BE483.d.3846EE98925EE18F9F8021DB1CA4A3BF.e.4109/click - {}
RESULT: {}
RESULT: {}
COMMAND: GET /session/79689850af1d41ef46dc131fe5890470/screenshot - {}
RESULT: {}
COMMAND: POST /session/79689850af1d41ef46dc131fe5890470/execute/async - {"script":"<script> [1562 bytes]","args":[{"selector":{"id":"application-managehandovers-display-component---AddNewHO--smartFilterBar-btnBasicSearch","searchOpenDialogs":true,"interaction":{"idSuffix":"I"}},"wdio_ui5_key":"applicationmanagehandovers-display-component---AddNewHO--smartFilterBar-btnBasicSearch"}]}
RESULT: {"script":"<script> [1562 bytes]","args":[{"selector":{"id":"application-managehandovers-display-component---AddNewHO--smartFilterBar-btnBasicSearch","searchOpenDialogs":true,"interaction":{"idSuffix":"I"}},"wdio_ui5_key":"applicationmanagehandovers-display-component---AddNewHO--smartFilterBar-btnBasicSearch"}]}
RESULT: undefined
COMMAND: POST /session/79689850af1d41ef46dc131fe5890470/execute/async - {"script":"<script> [776 bytes]","args":[{"enterText":"YQzfmohxDp","selector":{"id":"application-managehandovers-display-component---AddNewHO--smartFilterBar-btnBasicSearch","searchOpenDialogs":true,"interaction":{"idSuffix":"I"}},"clearTextFirst":true,"interactionType":"ENTER_TEXT"}]}
RESULT: {"script":"<script> [776 bytes]","args":[{"enterText":"YQzfmohxDp","selector":{"id":"application-managehandovers-display-component---AddNewHO--smartFilterBar-btnBasicSearch","searchOpenDialogs":true,"interaction":{"idSuffix":"I"}},"clearTextFirst":true,"interactionType":"ENTER_TEXT"}]}
COMMAND: POST /session/79689850af1d41ef46dc131fe5890470/actions - {"actions":[{"id":"action17","type":"key","parameters":{},"actions":[{"type":"keyDown","value":"î€‡"},{"type":"pause","duration":10},{"type":"keyUp","value":"î€‡"}]}]}
RESULT: {"actions":[{"id":"action17","type":"key","parameters":{},"actions":[{"type":"keyDown","value":"î€‡"},{"type":"pause","duration":10},{"type":"keyUp","value":"î€‡"}]}]}
COMMAND: GET /session/79689850af1d41ef46dc131fe5890470/screenshot - {}
RESULT: {}
COMMAND: POST /session/79689850af1d41ef46dc131fe5890470/execute/async - {"script":"<script> [1562 bytes]","args":[{"selector":{"id":"application-managehandovers-display-component---AddNewHO--popup-sa","searchOpenDialogs":true,"interaction":{"idSuffix":"CbBg"}},"wdio_ui5_key":"applicationmanagehandovers-display-component---AddNewHO--popup-sa"}]}
RESULT: {"script":"<script> [1562 bytes]","args":[{"selector":{"id":"application-managehandovers-display-component---AddNewHO--popup-sa","searchOpenDialogs":true,"interaction":{"idSuffix":"CbBg"}},"wdio_ui5_key":"applicationmanagehandovers-display-component---AddNewHO--popup-sa"}]}
RESULT: undefined
COMMAND: POST /session/79689850af1d41ef46dc131fe5890470/element - {"using":"xpath","value":"//*[@id=\"application-managehandovers-display-component---AddNewHO--popup-sa\"]"}
RESULT: {"using":"xpath","value":"//*[@id=\"application-managehandovers-display-component---AddNewHO--popup-sa\"]"}
COMMAND: POST /session/79689850af1d41ef46dc131fe5890470/element/f.3A2B8E27F6B6549B06BE95D0839BE483.d.3846EE98925EE18F9F8021DB1CA4A3BF.e.4262/click - {}
RESULT: {}
COMMAND: GET /session/79689850af1d41ef46dc131fe5890470/screenshot - {}
RESULT: {}
COMMAND: POST /session/79689850af1d41ef46dc131fe5890470/element - {"using":"xpath","value":"//bdi[contains(text(), \"Select\")]"}
RESULT: {"using":"xpath","value":"//bdi[contains(text(), \"Select\")]"}
COMMAND: POST /session/79689850af1d41ef46dc131fe5890470/element/f.3A2B8E27F6B6549B06BE95D0839BE483.d.3846EE98925EE18F9F8021DB1CA4A3BF.e.4263/click - {}
RESULT: {}
COMMAND: GET /session/79689850af1d41ef46dc131fe5890470/screenshot - {}
RESULT: {}
COMMAND: POST /session/79689850af1d41ef46dc131fe5890470/element - {"using":"xpath","value":"//button[@data-kt=\"AddNewHOSaveButton\"]"}
RESULT: {"using":"xpath","value":"//button[@data-kt=\"AddNewHOSaveButton\"]"}
COMMAND: POST /session/79689850af1d41ef46dc131fe5890470/element/f.3A2B8E27F6B6549B06BE95D0839BE483.d.3846EE98925EE18F9F8021DB1CA4A3BF.e.4267/click - {}
RESULT: {}
COMMAND: GET /session/79689850af1d41ef46dc131fe5890470/screenshot - {}
RESULT: {}
COMMAND: POST /session/79689850af1d41ef46dc131fe5890470/execute/async - {"script":"<script> [1562 bytes]","args":[{"selector":{"id":"receiptDatePicker","viewName":"etm.portal.ui.managehandovers.view.DetailExecuteHO","interaction":{"idSuffix":"inner"}},"wdio_ui5_key":"receiptDatePickeretmportal.ui.managehandovers.view.DetailExecuteHO"}]}
RESULT: {"script":"<script> [1562 bytes]","args":[{"selector":{"id":"receiptDatePicker","viewName":"etm.portal.ui.managehandovers.view.DetailExecuteHO","interaction":{"idSuffix":"inner"}},"wdio_ui5_key":"receiptDatePickeretmportal.ui.managehandovers.view.DetailExecuteHO"}]}
RESULT: undefined
COMMAND: POST /session/79689850af1d41ef46dc131fe5890470/execute/async - {"script":"<script> [6424 bytes]","args":[{"element-6066-11e4-a52e-4f735466cecf":"f.3A2B8E27F6B6549B06BE95D0839BE483.d.3846EE98925EE18F9F8021DB1CA4A3BF.e.4294"},"setValue",["05/02/2025"]]}
RESULT: {"script":"<script> [6424 bytes]","args":[{"element-6066-11e4-a52e-4f735466cecf":"f.3A2B8E27F6B6549B06BE95D0839BE483.d.3846EE98925EE18F9F8021DB1CA4A3BF.e.4294"},"setValue",["05/02/2025"]]}
COMMAND: POST /session/79689850af1d41ef46dc131fe5890470/element - {"using":"xpath","value":"//button[@data-kt=\"PickingTableConfirmAllButton\"]"}
RESULT: {"using":"xpath","value":"//button[@data-kt=\"PickingTableConfirmAllButton\"]"}
COMMAND: POST /session/79689850af1d41ef46dc131fe5890470/element/f.3A2B8E27F6B6549B06BE95D0839BE483.d.3846EE98925EE18F9F8021DB1CA4A3BF.e.4309/click - {}
RESULT: {}
COMMAND: GET /session/79689850af1d41ef46dc131fe5890470/screenshot - {}
RESULT: {}
COMMAND: POST /session/79689850af1d41ef46dc131fe5890470/element - {"using":"xpath","value":"//bdi[contains(text(), \"OK\")]"}
RESULT: {"using":"xpath","value":"//bdi[contains(text(), \"OK\")]"}
COMMAND: POST /session/79689850af1d41ef46dc131fe5890470/element/f.3A2B8E27F6B6549B06BE95D0839BE483.d.3846EE98925EE18F9F8021DB1CA4A3BF.e.4311/click - {}
RESULT: {}
COMMAND: GET /session/79689850af1d41ef46dc131fe5890470/screenshot - {}
RESULT: {}
COMMAND: POST /session/79689850af1d41ef46dc131fe5890470/element - {"using":"xpath","value":"(//bdi[contains(text(), \"Receive\")])[2]"}
RESULT: {"using":"xpath","value":"(//bdi[contains(text(), \"Receive\")])[2]"}
COMMAND: POST /session/79689850af1d41ef46dc131fe5890470/element/f.3A2B8E27F6B6549B06BE95D0839BE483.d.3846EE98925EE18F9F8021DB1CA4A3BF.e.4313/click - {}
RESULT: {}
COMMAND: GET /session/79689850af1d41ef46dc131fe5890470/screenshot - {}
RESULT: {}
COMMAND: POST /session/79689850af1d41ef46dc131fe5890470/element - {"using":"css selector","value":"#shell-header-logo"}
RESULT: {"using":"css selector","value":"#shell-header-logo"}
COMMAND: POST /session/79689850af1d41ef46dc131fe5890470/element/f.3A2B8E27F6B6549B06BE95D0839BE483.d.3846EE98925EE18F9F8021DB1CA4A3BF.e.3679/click - {}
RESULT: {}
COMMAND: GET /session/79689850af1d41ef46dc131fe5890470/screenshot - {}
RESULT: {}
]]></system-out>
    </testcase>
    <testcase classname="chrome.135_0_7049_96.windows.Billing_confirm_US117289" name="Should create a new contract" time="56.196">
      <system-out><![CDATA[
COMMAND: POST /session/79689850af1d41ef46dc131fe5890470/execute/async - {"script":"<script> [1562 bytes]","args":[{"selector":{"controlType":"sap.m.Text","viewName":"etm.portal.ui.managecontractstile.view.Master","properties":{"text":"Manage Contracts"},"interaction":{"idSuffix":"inner"}},"wdio_ui5_key":"etmportal.ui.managecontractstile.view.Mastersap.m.Text{\"text\":\"Manage Contracts\"}"}]}
RESULT: {"script":"<script> [1562 bytes]","args":[{"selector":{"controlType":"sap.m.Text","viewName":"etm.portal.ui.managecontractstile.view.Master","properties":{"text":"Manage Contracts"},"interaction":{"idSuffix":"inner"}},"wdio_ui5_key":"etmportal.ui.managecontractstile.view.Mastersap.m.Text{\"text\":\"Manage Contracts\"}"}]}
RESULT: undefined
COMMAND: POST /session/79689850af1d41ef46dc131fe5890470/element - {"using":"xpath","value":"//*[@id=\"__tile131-title\"]"}
RESULT: {"using":"xpath","value":"//*[@id=\"__tile131-title\"]"}
COMMAND: POST /session/79689850af1d41ef46dc131fe5890470/element/f.3A2B8E27F6B6549B06BE95D0839BE483.d.3846EE98925EE18F9F8021DB1CA4A3BF.e.4486/click - {}
RESULT: {}
COMMAND: GET /session/79689850af1d41ef46dc131fe5890470/screenshot - {}
RESULT: {}
COMMAND: POST /session/79689850af1d41ef46dc131fe5890470/element - {"using":"xpath","value":"//button[@data-kt=\"addButton\"]"}
RESULT: {"using":"xpath","value":"//button[@data-kt=\"addButton\"]"}
COMMAND: POST /session/79689850af1d41ef46dc131fe5890470/elements - {"using":"xpath","value":"//button[@data-kt=\"addButton\"]"}
RESULT: {"using":"xpath","value":"//button[@data-kt=\"addButton\"]"}
COMMAND: POST /session/79689850af1d41ef46dc131fe5890470/element - {"using":"xpath","value":"//button[@data-kt=\"addButton\"]"}
RESULT: {"using":"xpath","value":"//button[@data-kt=\"addButton\"]"}
COMMAND: POST /session/79689850af1d41ef46dc131fe5890470/execute/sync - {"script":"<script> [8489 bytes]","args":[{"element-6066-11e4-a52e-4f735466cecf":"f.3A2B8E27F6B6549B06BE95D0839BE483.d.3846EE98925EE18F9F8021DB1CA4A3BF.e.4557","ELEMENT":"f.3A2B8E27F6B6549B06BE95D0839BE483.d.3846EE98925EE18F9F8021DB1CA4A3BF.e.4557"}]}
RESULT: {"script":"<script> [8489 bytes]","args":[{"element-6066-11e4-a52e-4f735466cecf":"f.3A2B8E27F6B6549B06BE95D0839BE483.d.3846EE98925EE18F9F8021DB1CA4A3BF.e.4557","ELEMENT":"f.3A2B8E27F6B6549B06BE95D0839BE483.d.3846EE98925EE18F9F8021DB1CA4A3BF.e.4557"}]}
COMMAND: GET /session/79689850af1d41ef46dc131fe5890470/element/f.3A2B8E27F6B6549B06BE95D0839BE483.d.3846EE98925EE18F9F8021DB1CA4A3BF.e.4557/enabled - {}
COMMAND: GET /session/79689850af1d41ef46dc131fe5890470/screenshot - {}
RESULT: {}
COMMAND: POST /session/79689850af1d41ef46dc131fe5890470/execute/sync - {"script":"<script> [8489 bytes]","args":[{"element-6066-11e4-a52e-4f735466cecf":"f.3A2B8E27F6B6549B06BE95D0839BE483.d.3846EE98925EE18F9F8021DB1CA4A3BF.e.4557","ELEMENT":"f.3A2B8E27F6B6549B06BE95D0839BE483.d.3846EE98925EE18F9F8021DB1CA4A3BF.e.4557"}]}
COMMAND: GET /session/79689850af1d41ef46dc131fe5890470/screenshot - {}
RESULT: {}
RESULT: {"script":"<script> [8489 bytes]","args":[{"element-6066-11e4-a52e-4f735466cecf":"f.3A2B8E27F6B6549B06BE95D0839BE483.d.3846EE98925EE18F9F8021DB1CA4A3BF.e.4557","ELEMENT":"f.3A2B8E27F6B6549B06BE95D0839BE483.d.3846EE98925EE18F9F8021DB1CA4A3BF.e.4557"}]}
COMMAND: POST /session/79689850af1d41ef46dc131fe5890470/execute/sync - {"script":"<script> [5351 bytes]","args":[{"element-6066-11e4-a52e-4f735466cecf":"f.3A2B8E27F6B6549B06BE95D0839BE483.d.3846EE98925EE18F9F8021DB1CA4A3BF.e.4557","ELEMENT":"f.3A2B8E27F6B6549B06BE95D0839BE483.d.3846EE98925EE18F9F8021DB1CA4A3BF.e.4557"}]}
COMMAND: GET /session/79689850af1d41ef46dc131fe5890470/screenshot - {}
RESULT: {}
RESULT: {"script":"<script> [5351 bytes]","args":[{"element-6066-11e4-a52e-4f735466cecf":"f.3A2B8E27F6B6549B06BE95D0839BE483.d.3846EE98925EE18F9F8021DB1CA4A3BF.e.4557","ELEMENT":"f.3A2B8E27F6B6549B06BE95D0839BE483.d.3846EE98925EE18F9F8021DB1CA4A3BF.e.4557"}]}
COMMAND: GET /session/79689850af1d41ef46dc131fe5890470/screenshot - {}
RESULT: {}
RESULT: {}
COMMAND: POST /session/79689850af1d41ef46dc131fe5890470/element/f.3A2B8E27F6B6549B06BE95D0839BE483.d.3846EE98925EE18F9F8021DB1CA4A3BF.e.4557/click - {}
RESULT: {}
COMMAND: GET /session/79689850af1d41ef46dc131fe5890470/screenshot - {}
COMMAND: POST /session/79689850af1d41ef46dc131fe5890470/execute/async - {"script":"<script> [1562 bytes]","args":[{"selector":{"id":"application-managecontracts-display-component---AddNewContract--projectDescription","interaction":{"idSuffix":"inner"}},"wdio_ui5_key":"applicationmanagecontracts-display-component---AddNewContract--projectDescription"}]}
RESULT: {}
RESULT: {"script":"<script> [1562 bytes]","args":[{"selector":{"id":"application-managecontracts-display-component---AddNewContract--projectDescription","interaction":{"idSuffix":"inner"}},"wdio_ui5_key":"applicationmanagecontracts-display-component---AddNewContract--projectDescription"}]}
RESULT: undefined
COMMAND: POST /session/79689850af1d41ef46dc131fe5890470/execute/async - {"script":"<script> [776 bytes]","args":[{"enterText":"Contract WDIO","selector":{"id":"application-managecontracts-display-component---AddNewContract--projectDescription","interaction":{"idSuffix":"inner"}},"clearTextFirst":true,"interactionType":"ENTER_TEXT"}]}
RESULT: {"script":"<script> [776 bytes]","args":[{"enterText":"Contract WDIO","selector":{"id":"application-managecontracts-display-component---AddNewContract--projectDescription","interaction":{"idSuffix":"inner"}},"clearTextFirst":true,"interactionType":"ENTER_TEXT"}]}
COMMAND: POST /session/79689850af1d41ef46dc131fe5890470/element - {"using":"xpath","value":"//input[@id=\"application-managecontracts-display-component---AddNewContract--site-inner\"]"}
RESULT: {"using":"xpath","value":"//input[@id=\"application-managecontracts-display-component---AddNewContract--site-inner\"]"}
COMMAND: POST /session/79689850af1d41ef46dc131fe5890470/element/f.3A2B8E27F6B6549B06BE95D0839BE483.d.3846EE98925EE18F9F8021DB1CA4A3BF.e.4850/clear - {}
RESULT: {}
COMMAND: POST /session/79689850af1d41ef46dc131fe5890470/element/f.3A2B8E27F6B6549B06BE95D0839BE483.d.3846EE98925EE18F9F8021DB1CA4A3BF.e.4850/value - {"text":"2327"}
COMMAND: GET /session/79689850af1d41ef46dc131fe5890470/screenshot - {}
RESULT: {"text":"2327"}
COMMAND: GET /session/79689850af1d41ef46dc131fe5890470/screenshot - {}
RESULT: {}
RESULT: {}
COMMAND: POST /session/79689850af1d41ef46dc131fe5890470/element - {"using":"xpath","value":"//li[.//span[text()='2327']]"}
RESULT: {"using":"xpath","value":"//li[.//span[text()='2327']]"}
COMMAND: POST /session/79689850af1d41ef46dc131fe5890470/element/f.3A2B8E27F6B6549B06BE95D0839BE483.d.3846EE98925EE18F9F8021DB1CA4A3BF.e.4875/click - {}
RESULT: {}
COMMAND: GET /session/79689850af1d41ef46dc131fe5890470/screenshot - {}
RESULT: {}
COMMAND: POST /session/79689850af1d41ef46dc131fe5890470/element - {"using":"xpath","value":"//input[@id=\"application-managecontracts-display-component---AddNewContract--yardId-inner\"]"}
RESULT: {"using":"xpath","value":"//input[@id=\"application-managecontracts-display-component---AddNewContract--yardId-inner\"]"}
COMMAND: GET /session/79689850af1d41ef46dc131fe5890470/element/f.3A2B8E27F6B6549B06BE95D0839BE483.d.3846EE98925EE18F9F8021DB1CA4A3BF.e.4851/property/value - {}
RESULT: {}
COMMAND: POST /session/79689850af1d41ef46dc131fe5890470/element - {"using":"xpath","value":"//input[@id=\"application-managecontracts-display-component---AddNewContract--customerSelect-inner\"]"}
COMMAND: GET /session/79689850af1d41ef46dc131fe5890470/screenshot - {}
RESULT: {"using":"xpath","value":"//input[@id=\"application-managecontracts-display-component---AddNewContract--customerSelect-inner\"]"}
COMMAND: POST /session/79689850af1d41ef46dc131fe5890470/element/f.3A2B8E27F6B6549B06BE95D0839BE483.d.3846EE98925EE18F9F8021DB1CA4A3BF.e.4849/clear - {}
RESULT: {}
RESULT: {}
COMMAND: POST /session/79689850af1d41ef46dc131fe5890470/element/f.3A2B8E27F6B6549B06BE95D0839BE483.d.3846EE98925EE18F9F8021DB1CA4A3BF.e.4849/value - {"text":"1366"}
COMMAND: GET /session/79689850af1d41ef46dc131fe5890470/screenshot - {}
RESULT: {"text":"1366"}
COMMAND: GET /session/79689850af1d41ef46dc131fe5890470/screenshot - {}
RESULT: {}
RESULT: {}
COMMAND: POST /session/79689850af1d41ef46dc131fe5890470/element - {"using":"xpath","value":"//li[.//span[text()='1366']]"}
RESULT: {"using":"xpath","value":"//li[.//span[text()='1366']]"}
COMMAND: POST /session/79689850af1d41ef46dc131fe5890470/element/f.3A2B8E27F6B6549B06BE95D0839BE483.d.3846EE98925EE18F9F8021DB1CA4A3BF.e.4878/click - {}
RESULT: {}
COMMAND: GET /session/79689850af1d41ef46dc131fe5890470/screenshot - {}
RESULT: {}
COMMAND: POST /session/79689850af1d41ef46dc131fe5890470/element - {"using":"xpath","value":"//button[@data-kt=\"saveButton\"]"}
RESULT: {"using":"xpath","value":"//button[@data-kt=\"saveButton\"]"}
COMMAND: POST /session/79689850af1d41ef46dc131fe5890470/element/f.3A2B8E27F6B6549B06BE95D0839BE483.d.3846EE98925EE18F9F8021DB1CA4A3BF.e.4868/click - {}
RESULT: {}
COMMAND: GET /session/79689850af1d41ef46dc131fe5890470/screenshot - {}
RESULT: {}
COMMAND: POST /session/79689850af1d41ef46dc131fe5890470/element - {"using":"xpath","value":"//span[contains(@id ,\"contractDetailTitleNoExpanded\")]"}
RESULT: {"using":"xpath","value":"//span[contains(@id ,\"contractDetailTitleNoExpanded\")]"}
COMMAND: POST /session/79689850af1d41ef46dc131fe5890470/elements - {"using":"xpath","value":"//span[contains(@id ,\"contractDetailTitleNoExpanded\")]"}
RESULT: {"using":"xpath","value":"//span[contains(@id ,\"contractDetailTitleNoExpanded\")]"}
COMMAND: POST /session/79689850af1d41ef46dc131fe5890470/execute/sync - {"script":"<script> [56 bytes]","args":[{"element-6066-11e4-a52e-4f735466cecf":"f.3A2B8E27F6B6549B06BE95D0839BE483.d.3846EE98925EE18F9F8021DB1CA4A3BF.e.4948","ELEMENT":"f.3A2B8E27F6B6549B06BE95D0839BE483.d.3846EE98925EE18F9F8021DB1CA4A3BF.e.4948"}]}
RESULT: {"script":"<script> [56 bytes]","args":[{"element-6066-11e4-a52e-4f735466cecf":"f.3A2B8E27F6B6549B06BE95D0839BE483.d.3846EE98925EE18F9F8021DB1CA4A3BF.e.4948","ELEMENT":"f.3A2B8E27F6B6549B06BE95D0839BE483.d.3846EE98925EE18F9F8021DB1CA4A3BF.e.4948"}]}
COMMAND: GET /session/79689850af1d41ef46dc131fe5890470/screenshot - {}
RESULT: {}
]]></system-out>
    </testcase>
    <testcase classname="chrome.135_0_7049_96.windows.Billing_confirm_US117289" name="Should add created equipment to contract" time="46.468">
      <system-out><![CDATA[
COMMAND: POST /session/79689850af1d41ef46dc131fe5890470/element - {"using":"xpath","value":"//button[@data-kt=\"contractDetailEditBtnButton\"]"}
RESULT: {"using":"xpath","value":"//button[@data-kt=\"contractDetailEditBtnButton\"]"}
COMMAND: POST /session/79689850af1d41ef46dc131fe5890470/element/f.3A2B8E27F6B6549B06BE95D0839BE483.d.3846EE98925EE18F9F8021DB1CA4A3BF.e.4951/click - {}
RESULT: {}
COMMAND: GET /session/79689850af1d41ef46dc131fe5890470/screenshot - {}
RESULT: {}
COMMAND: POST /session/79689850af1d41ef46dc131fe5890470/element - {"using":"xpath","value":"(//span[contains(text(), \"Additional Addresses\")])[2]"}
RESULT: {"using":"xpath","value":"(//span[contains(text(), \"Additional Addresses\")])[2]"}
COMMAND: POST /session/79689850af1d41ef46dc131fe5890470/element/f.3A2B8E27F6B6549B06BE95D0839BE483.d.3846EE98925EE18F9F8021DB1CA4A3BF.e.5013/click - {}
RESULT: {}
COMMAND: GET /session/79689850af1d41ef46dc131fe5890470/screenshot - {}
RESULT: {}
COMMAND: POST /session/79689850af1d41ef46dc131fe5890470/element - {"using":"xpath","value":"//button[@data-kt=\"btnAddTableRowOverflowToolbarButton\"]"}
RESULT: {"using":"xpath","value":"//button[@data-kt=\"btnAddTableRowOverflowToolbarButton\"]"}
COMMAND: POST /session/79689850af1d41ef46dc131fe5890470/element/f.3A2B8E27F6B6549B06BE95D0839BE483.d.3846EE98925EE18F9F8021DB1CA4A3BF.e.5015/click - {}
RESULT: {}
COMMAND: GET /session/79689850af1d41ef46dc131fe5890470/screenshot - {}
RESULT: {}
COMMAND: POST /session/79689850af1d41ef46dc131fe5890470/element - {"using":"xpath","value":"//div[(text() = 'Standard Entry' or . = 'Standard Entry')]"}
RESULT: {"using":"xpath","value":"//div[(text() = 'Standard Entry' or . = 'Standard Entry')]"}
COMMAND: POST /session/79689850af1d41ef46dc131fe5890470/element/f.3A2B8E27F6B6549B06BE95D0839BE483.d.3846EE98925EE18F9F8021DB1CA4A3BF.e.5017/click - {}
RESULT: {}
COMMAND: GET /session/79689850af1d41ef46dc131fe5890470/screenshot - {}
RESULT: {}
COMMAND: POST /session/79689850af1d41ef46dc131fe5890470/element - {"using":"xpath","value":"//td[7]/div/div/input"}
RESULT: {"using":"xpath","value":"//td[7]/div/div/input"}
COMMAND: POST /session/79689850af1d41ef46dc131fe5890470/element/f.3A2B8E27F6B6549B06BE95D0839BE483.d.3846EE98925EE18F9F8021DB1CA4A3BF.e.5026/clear - {}
RESULT: {}
COMMAND: POST /session/79689850af1d41ef46dc131fe5890470/element/f.3A2B8E27F6B6549B06BE95D0839BE483.d.3846EE98925EE18F9F8021DB1CA4A3BF.e.5026/value - {"text":"YQzfmohxDp"}
COMMAND: GET /session/79689850af1d41ef46dc131fe5890470/screenshot - {}
RESULT: {"text":"YQzfmohxDp"}
COMMAND: GET /session/79689850af1d41ef46dc131fe5890470/screenshot - {}
RESULT: {}
RESULT: {}
COMMAND: POST /session/79689850af1d41ef46dc131fe5890470/actions - {"actions":[{"id":"action18","type":"key","parameters":{},"actions":[{"type":"keyDown","value":"î€‡"},{"type":"pause","duration":10},{"type":"keyUp","value":"î€‡"}]}]}
RESULT: {"actions":[{"id":"action18","type":"key","parameters":{},"actions":[{"type":"keyDown","value":"î€‡"},{"type":"pause","duration":10},{"type":"keyUp","value":"î€‡"}]}]}
COMMAND: GET /session/79689850af1d41ef46dc131fe5890470/screenshot - {}
RESULT: {}
COMMAND: POST /session/79689850af1d41ef46dc131fe5890470/execute/sync - {"script":"<script> [276 bytes]","args":["No pricing information was found"]}
RESULT: {"script":"<script> [276 bytes]","args":["No pricing information was found"]}
COMMAND: POST /session/79689850af1d41ef46dc131fe5890470/element - {"using":"xpath","value":"(//button[@data-kt=\"saveButton\"])[2]"}
COMMAND: GET /session/79689850af1d41ef46dc131fe5890470/screenshot - {}
RESULT: {"using":"xpath","value":"(//button[@data-kt=\"saveButton\"])[2]"}
COMMAND: POST /session/79689850af1d41ef46dc131fe5890470/element/f.3A2B8E27F6B6549B06BE95D0839BE483.d.3846EE98925EE18F9F8021DB1CA4A3BF.e.5041/click - {}
RESULT: {}
RESULT: {}
COMMAND: GET /session/79689850af1d41ef46dc131fe5890470/screenshot - {}
RESULT: {}
COMMAND: POST /session/79689850af1d41ef46dc131fe5890470/execute/sync - {"script":"<script> [276 bytes]","args":["Some contract items are having rental validity exceeding header rental validity"]}
RESULT: {"script":"<script> [276 bytes]","args":["Some contract items are having rental validity exceeding header rental validity"]}
COMMAND: GET /session/79689850af1d41ef46dc131fe5890470/screenshot - {}
RESULT: {}
COMMAND: POST /session/79689850af1d41ef46dc131fe5890470/element - {"using":"xpath","value":"//span[contains(@id ,\"contractItemsSmartTable-header-inner\")]"}
RESULT: {"using":"xpath","value":"//span[contains(@id ,\"contractItemsSmartTable-header-inner\")]"}
COMMAND: POST /session/79689850af1d41ef46dc131fe5890470/elements - {"using":"xpath","value":"//span[contains(@id ,\"contractItemsSmartTable-header-inner\")]"}
RESULT: {"using":"xpath","value":"//span[contains(@id ,\"contractItemsSmartTable-header-inner\")]"}
COMMAND: POST /session/79689850af1d41ef46dc131fe5890470/execute/sync - {"script":"<script> [56 bytes]","args":[{"element-6066-11e4-a52e-4f735466cecf":"f.3A2B8E27F6B6549B06BE95D0839BE483.d.3846EE98925EE18F9F8021DB1CA4A3BF.e.5047","ELEMENT":"f.3A2B8E27F6B6549B06BE95D0839BE483.d.3846EE98925EE18F9F8021DB1CA4A3BF.e.5047"}]}
RESULT: {"script":"<script> [56 bytes]","args":[{"element-6066-11e4-a52e-4f735466cecf":"f.3A2B8E27F6B6549B06BE95D0839BE483.d.3846EE98925EE18F9F8021DB1CA4A3BF.e.5047","ELEMENT":"f.3A2B8E27F6B6549B06BE95D0839BE483.d.3846EE98925EE18F9F8021DB1CA4A3BF.e.5047"}]}
]]></system-out>
    </testcase>
    <testcase classname="chrome.135_0_7049_96.windows.Billing_confirm_US117289" name="Should do a provide to site handover" time="47.148">
      <system-out><![CDATA[
COMMAND: POST /session/79689850af1d41ef46dc131fe5890470/element - {"using":"xpath","value":"//button[@data-kt=\"provideButton\"]"}
COMMAND: GET /session/79689850af1d41ef46dc131fe5890470/screenshot - {}
RESULT: {"using":"xpath","value":"//button[@data-kt=\"provideButton\"]"}
COMMAND: POST /session/79689850af1d41ef46dc131fe5890470/element/f.3A2B8E27F6B6549B06BE95D0839BE483.d.3846EE98925EE18F9F8021DB1CA4A3BF.e.5048/click - {}
RESULT: {}
RESULT: {}
COMMAND: GET /session/79689850af1d41ef46dc131fe5890470/screenshot - {}
RESULT: undefined
COMMAND: POST /session/79689850af1d41ef46dc131fe5890470/execute/async - {"script":"<script> [6424 bytes]","args":[{"element-6066-11e4-a52e-4f735466cecf":"f.3A2B8E27F6B6549B06BE95D0839BE483.d.3846EE98925EE18F9F8021DB1CA4A3BF.e.4081"},"setValue",["05/02/2025"]]}
RESULT: {}
COMMAND: POST /session/79689850af1d41ef46dc131fe5890470/execute/async - {"script":"<script> [1562 bytes]","args":[{"selector":{"id":"application-managehandovers-display-component---AddNewHO--dueDate","interaction":{"idSuffix":"inner"}},"wdio_ui5_key":"applicationmanagehandovers-display-component---AddNewHO--dueDate"}]}
RESULT: {"script":"<script> [1562 bytes]","args":[{"selector":{"id":"application-managehandovers-display-component---AddNewHO--dueDate","interaction":{"idSuffix":"inner"}},"wdio_ui5_key":"applicationmanagehandovers-display-component---AddNewHO--dueDate"}]}
COMMAND: POST /session/79689850af1d41ef46dc131fe5890470/execute/async - {"script":"<script> [6424 bytes]","args":[{"element-6066-11e4-a52e-4f735466cecf":"f.3A2B8E27F6B6549B06BE95D0839BE483.d.3846EE98925EE18F9F8021DB1CA4A3BF.e.5138"},"setValue",["05/02/2025"]]}
RESULT: {"script":"<script> [6424 bytes]","args":[{"element-6066-11e4-a52e-4f735466cecf":"f.3A2B8E27F6B6549B06BE95D0839BE483.d.3846EE98925EE18F9F8021DB1CA4A3BF.e.5138"},"setValue",["05/02/2025"]]}
COMMAND: POST /session/79689850af1d41ef46dc131fe5890470/element - {"using":"xpath","value":"//bdi[contains(text(), \"Instructions\")]"}
RESULT: {"using":"xpath","value":"//bdi[contains(text(), \"Instructions\")]"}
COMMAND: POST /session/79689850af1d41ef46dc131fe5890470/element/f.3A2B8E27F6B6549B06BE95D0839BE483.d.3846EE98925EE18F9F8021DB1CA4A3BF.e.5358/click - {}
RESULT: {}
COMMAND: GET /session/79689850af1d41ef46dc131fe5890470/screenshot - {}
RESULT: {}
COMMAND: POST /session/79689850af1d41ef46dc131fe5890470/element - {"using":"xpath","value":"//button[@data-kt=\"AddNewHOProvideAddItemsButton\"]"}
RESULT: {"using":"xpath","value":"//button[@data-kt=\"AddNewHOProvideAddItemsButton\"]"}
COMMAND: POST /session/79689850af1d41ef46dc131fe5890470/element/f.3A2B8E27F6B6549B06BE95D0839BE483.d.3846EE98925EE18F9F8021DB1CA4A3BF.e.5362/click - {}
RESULT: {}
COMMAND: GET /session/79689850af1d41ef46dc131fe5890470/screenshot - {}
RESULT: {}
RESULT: undefined
COMMAND: POST /session/79689850af1d41ef46dc131fe5890470/element - {"using":"xpath","value":"//*[@id=\"application-managehandovers-display-component---AddNewHO--popup-sa\"]"}
RESULT: {"using":"xpath","value":"//*[@id=\"application-managehandovers-display-component---AddNewHO--popup-sa\"]"}
COMMAND: POST /session/79689850af1d41ef46dc131fe5890470/element/f.3A2B8E27F6B6549B06BE95D0839BE483.d.3846EE98925EE18F9F8021DB1CA4A3BF.e.5377/click - {}
RESULT: {}
COMMAND: GET /session/79689850af1d41ef46dc131fe5890470/screenshot - {}
RESULT: {}
COMMAND: POST /session/79689850af1d41ef46dc131fe5890470/element - {"using":"xpath","value":"//*[contains(@id ,\"BDI-content\")][contains(text(), \"Select\")]"}
RESULT: {"using":"xpath","value":"//*[contains(@id ,\"BDI-content\")][contains(text(), \"Select\")]"}
COMMAND: POST /session/79689850af1d41ef46dc131fe5890470/element/f.3A2B8E27F6B6549B06BE95D0839BE483.d.3846EE98925EE18F9F8021DB1CA4A3BF.e.5379/click - {}
RESULT: {}
COMMAND: GET /session/79689850af1d41ef46dc131fe5890470/screenshot - {}
RESULT: {}
COMMAND: POST /session/79689850af1d41ef46dc131fe5890470/execute/async - {"script":"<script> [1562 bytes]","args":[{"selector":{"id":"application-managehandovers-display-component---AddNewHO--confirmCreationButton","interaction":{"idSuffix":"BDI-content"}},"wdio_ui5_key":"applicationmanagehandovers-display-component---AddNewHO--confirmCreationButton"}]}
RESULT: {"script":"<script> [1562 bytes]","args":[{"selector":{"id":"application-managehandovers-display-component---AddNewHO--confirmCreationButton","interaction":{"idSuffix":"BDI-content"}},"wdio_ui5_key":"applicationmanagehandovers-display-component---AddNewHO--confirmCreationButton"}]}
RESULT: undefined
COMMAND: POST /session/79689850af1d41ef46dc131fe5890470/element - {"using":"xpath","value":"//*[@id=\"application-managehandovers-display-component---AddNewHO--confirmCreationButton\"]"}
RESULT: {"using":"xpath","value":"//*[@id=\"application-managehandovers-display-component---AddNewHO--confirmCreationButton\"]"}
COMMAND: POST /session/79689850af1d41ef46dc131fe5890470/element/f.3A2B8E27F6B6549B06BE95D0839BE483.d.3846EE98925EE18F9F8021DB1CA4A3BF.e.5185/click - {}
RESULT: {}
COMMAND: GET /session/79689850af1d41ef46dc131fe5890470/screenshot - {}
RESULT: {}
COMMAND: POST /session/79689850af1d41ef46dc131fe5890470/element - {"using":"xpath","value":"//button[@data-kt=\"PickingTableConfirmAllButton\"]"}
RESULT: {"using":"xpath","value":"//button[@data-kt=\"PickingTableConfirmAllButton\"]"}
COMMAND: POST /session/79689850af1d41ef46dc131fe5890470/element/f.3A2B8E27F6B6549B06BE95D0839BE483.d.3846EE98925EE18F9F8021DB1CA4A3BF.e.5418/click - {}
COMMAND: POST /session/79689850af1d41ef46dc131fe5890470/element - {"using":"xpath","value":"//button[@data-kt=\"PickingTableConfirmAllButton\"]"}
RESULT: {"using":"xpath","value":"//button[@data-kt=\"PickingTableConfirmAllButton\"]"}
COMMAND: POST /session/79689850af1d41ef46dc131fe5890470/element/f.3A2B8E27F6B6549B06BE95D0839BE483.d.3846EE98925EE18F9F8021DB1CA4A3BF.e.5418/click - {}
COMMAND: POST /session/79689850af1d41ef46dc131fe5890470/element - {"using":"xpath","value":"//button[@data-kt=\"PickingTableConfirmAllButton\"]"}
RESULT: {"using":"xpath","value":"//button[@data-kt=\"PickingTableConfirmAllButton\"]"}
COMMAND: POST /session/79689850af1d41ef46dc131fe5890470/element/f.3A2B8E27F6B6549B06BE95D0839BE483.d.3846EE98925EE18F9F8021DB1CA4A3BF.e.5430/click - {}
RESULT: {}
COMMAND: GET /session/79689850af1d41ef46dc131fe5890470/screenshot - {}
RESULT: {}
COMMAND: POST /session/79689850af1d41ef46dc131fe5890470/element - {"using":"xpath","value":"//bdi[contains(text(), \"OK\")]"}
RESULT: {"using":"xpath","value":"//bdi[contains(text(), \"OK\")]"}
COMMAND: POST /session/79689850af1d41ef46dc131fe5890470/element/f.3A2B8E27F6B6549B06BE95D0839BE483.d.3846EE98925EE18F9F8021DB1CA4A3BF.e.5443/click - {}
RESULT: {}
COMMAND: GET /session/79689850af1d41ef46dc131fe5890470/screenshot - {}
RESULT: {}
COMMAND: POST /session/79689850af1d41ef46dc131fe5890470/element - {"using":"xpath","value":"//bdi[contains(text(), \"Issue\")]"}
RESULT: {"using":"xpath","value":"//bdi[contains(text(), \"Issue\")]"}
COMMAND: POST /session/79689850af1d41ef46dc131fe5890470/element/f.3A2B8E27F6B6549B06BE95D0839BE483.d.3846EE98925EE18F9F8021DB1CA4A3BF.e.5445/click - {}
RESULT: {}
COMMAND: GET /session/79689850af1d41ef46dc131fe5890470/screenshot - {}
RESULT: {}
COMMAND: POST /session/79689850af1d41ef46dc131fe5890470/element - {"using":"css selector","value":"#shell-header-logo"}
RESULT: {"using":"css selector","value":"#shell-header-logo"}
COMMAND: POST /session/79689850af1d41ef46dc131fe5890470/element/f.3A2B8E27F6B6549B06BE95D0839BE483.d.3846EE98925EE18F9F8021DB1CA4A3BF.e.4490/click - {}
RESULT: {}
COMMAND: GET /session/79689850af1d41ef46dc131fe5890470/screenshot - {}
RESULT: {}
]]></system-out>
    </testcase>
    <testcase classname="chrome.135_0_7049_96.windows.Billing_confirm_US117289" name="Should trigger calculation" time="79.046">
      <system-out><![CDATA[
COMMAND: POST /session/79689850af1d41ef46dc131fe5890470/execute/async - {"script":"<script> [1562 bytes]","args":[{"selector":{"controlType":"sap.m.GenericTile","properties":{"header":"Manage Billings"}},"wdio_ui5_key":"sapm.GenericTile{\"header\":\"Manage Billings\"}"}]}
RESULT: {"script":"<script> [1562 bytes]","args":[{"selector":{"controlType":"sap.m.GenericTile","properties":{"header":"Manage Billings"}},"wdio_ui5_key":"sapm.GenericTile{\"header\":\"Manage Billings\"}"}]}
RESULT: undefined
COMMAND: POST /session/79689850af1d41ef46dc131fe5890470/element - {"using":"xpath","value":"//*[@id=\"__tile51\"]"}
RESULT: {"using":"xpath","value":"//*[@id=\"__tile51\"]"}
COMMAND: POST /session/79689850af1d41ef46dc131fe5890470/element/f.3A2B8E27F6B6549B06BE95D0839BE483.d.3846EE98925EE18F9F8021DB1CA4A3BF.e.202/click - {}
RESULT: {}
COMMAND: GET /session/79689850af1d41ef46dc131fe5890470/screenshot - {}
RESULT: {}
COMMAND: POST /session/79689850af1d41ef46dc131fe5890470/execute/async - {"script":"<script> [1562 bytes]","args":[{"selector":{"id":"application-managebillings-display-component---billRunCalcResult--smartFilterBar-btnBasicSearch","interaction":{"idSuffix":"I"}},"wdio_ui5_key":"applicationmanagebillings-display-component---billRunCalcResult--smartFilterBar-btnBasicSearch"}]}
RESULT: {"script":"<script> [1562 bytes]","args":[{"selector":{"id":"application-managebillings-display-component---billRunCalcResult--smartFilterBar-btnBasicSearch","interaction":{"idSuffix":"I"}},"wdio_ui5_key":"applicationmanagebillings-display-component---billRunCalcResult--smartFilterBar-btnBasicSearch"}]}
RESULT: undefined
COMMAND: POST /session/79689850af1d41ef46dc131fe5890470/execute/async - {"script":"<script> [776 bytes]","args":[{"enterText":"10448","selector":{"id":"application-managebillings-display-component---billRunCalcResult--smartFilterBar-btnBasicSearch","interaction":{"idSuffix":"I"}},"clearTextFirst":true,"interactionType":"ENTER_TEXT"}]}
RESULT: {"script":"<script> [776 bytes]","args":[{"enterText":"10448","selector":{"id":"application-managebillings-display-component---billRunCalcResult--smartFilterBar-btnBasicSearch","interaction":{"idSuffix":"I"}},"clearTextFirst":true,"interactionType":"ENTER_TEXT"}]}
COMMAND: POST /session/79689850af1d41ef46dc131fe5890470/actions - {"actions":[{"id":"action19","type":"key","parameters":{},"actions":[{"type":"keyDown","value":"î€‡"},{"type":"pause","duration":10},{"type":"keyUp","value":"î€‡"}]}]}
RESULT: {"actions":[{"id":"action19","type":"key","parameters":{},"actions":[{"type":"keyDown","value":"î€‡"},{"type":"pause","duration":10},{"type":"keyUp","value":"î€‡"}]}]}
COMMAND: GET /session/79689850af1d41ef46dc131fe5890470/screenshot - {}
RESULT: {}
COMMAND: POST /session/79689850af1d41ef46dc131fe5890470/element - {"using":"xpath","value":"//td[@aria-colindex=\"1\"]/div/div[contains(@class, \"sapMCbBg\")]"}
RESULT: {"using":"xpath","value":"//td[@aria-colindex=\"1\"]/div/div[contains(@class, \"sapMCbBg\")]"}
COMMAND: POST /session/79689850af1d41ef46dc131fe5890470/element/f.3A2B8E27F6B6549B06BE95D0839BE483.d.3846EE98925EE18F9F8021DB1CA4A3BF.e.5837/click - {}
RESULT: {}
COMMAND: GET /session/79689850af1d41ef46dc131fe5890470/screenshot - {}
RESULT: {}
COMMAND: POST /session/79689850af1d41ef46dc131fe5890470/execute/async - {"script":"<script> [1562 bytes]","args":[{"selector":{"id":"application-managebillings-display-component---billRunCalcResult--contractBillRunDate","interaction":{"idSuffix":"inner"}},"wdio_ui5_key":"applicationmanagebillings-display-component---billRunCalcResult--contractBillRunDate"}]}
RESULT: {"script":"<script> [1562 bytes]","args":[{"selector":{"id":"application-managebillings-display-component---billRunCalcResult--contractBillRunDate","interaction":{"idSuffix":"inner"}},"wdio_ui5_key":"applicationmanagebillings-display-component---billRunCalcResult--contractBillRunDate"}]}
RESULT: undefined
COMMAND: POST /session/79689850af1d41ef46dc131fe5890470/execute/async - {"script":"<script> [776 bytes]","args":[{"enterText":"06/02/25","selector":{"id":"application-managebillings-display-component---billRunCalcResult--contractBillRunDate","interaction":{"idSuffix":"inner"}},"clearTextFirst":true,"interactionType":"ENTER_TEXT"}]}
RESULT: {"script":"<script> [776 bytes]","args":[{"enterText":"06/02/25","selector":{"id":"application-managebillings-display-component---billRunCalcResult--contractBillRunDate","interaction":{"idSuffix":"inner"}},"clearTextFirst":true,"interactionType":"ENTER_TEXT"}]}
COMMAND: POST /session/79689850af1d41ef46dc131fe5890470/element - {"using":"xpath","value":"//bdi[contains(text(), \"Trigger Calculation\")]"}
RESULT: {"using":"xpath","value":"//bdi[contains(text(), \"Trigger Calculation\")]"}
COMMAND: POST /session/79689850af1d41ef46dc131fe5890470/element/f.3A2B8E27F6B6549B06BE95D0839BE483.d.3846EE98925EE18F9F8021DB1CA4A3BF.e.5888/click - {}
RESULT: {}
COMMAND: GET /session/79689850af1d41ef46dc131fe5890470/screenshot - {}
RESULT: {}
COMMAND: POST /session/79689850af1d41ef46dc131fe5890470/element - {"using":"xpath","value":"(//span[contains(@id, \"imgNav\")])[1]"}
RESULT: {"using":"xpath","value":"(//span[contains(@id, \"imgNav\")])[1]"}
COMMAND: POST /session/79689850af1d41ef46dc131fe5890470/element/f.3A2B8E27F6B6549B06BE95D0839BE483.d.3846EE98925EE18F9F8021DB1CA4A3BF.e.5838/click - {}
RESULT: {}
COMMAND: GET /session/79689850af1d41ef46dc131fe5890470/screenshot - {}
RESULT: {}
COMMAND: POST /session/79689850af1d41ef46dc131fe5890470/element - {"using":"xpath","value":"//tr/td[6]/div[1]/span[1]/span[1]"}
RESULT: {"using":"xpath","value":"//tr/td[6]/div[1]/span[1]/span[1]"}
COMMAND: GET /session/79689850af1d41ef46dc131fe5890470/element/f.3A2B8E27F6B6549B06BE95D0839BE483.d.3846EE98925EE18F9F8021DB1CA4A3BF.e.5891/text - {}
RESULT: {}
COMMAND: POST /session/79689850af1d41ef46dc131fe5890470/element - {"using":"xpath","value":"(//span[contains(@id, \"imgNav\")])[2]"}
RESULT: {"using":"xpath","value":"(//span[contains(@id, \"imgNav\")])[2]"}
COMMAND: POST /session/79689850af1d41ef46dc131fe5890470/element/f.3A2B8E27F6B6549B06BE95D0839BE483.d.3846EE98925EE18F9F8021DB1CA4A3BF.e.5892/click - {}
RESULT: {}
COMMAND: GET /session/79689850af1d41ef46dc131fe5890470/screenshot - {}
RESULT: {}
COMMAND: POST /session/79689850af1d41ef46dc131fe5890470/element - {"using":"xpath","value":"//bdi[contains(text(), \"Business Confirm\")]"}
RESULT: {"using":"xpath","value":"//bdi[contains(text(), \"Business Confirm\")]"}
COMMAND: POST /session/79689850af1d41ef46dc131fe5890470/element/f.3A2B8E27F6B6549B06BE95D0839BE483.d.3846EE98925EE18F9F8021DB1CA4A3BF.e.5942/click - {}
RESULT: {}
COMMAND: GET /session/79689850af1d41ef46dc131fe5890470/screenshot - {}
RESULT: {}
COMMAND: POST /session/79689850af1d41ef46dc131fe5890470/element - {"using":"xpath","value":"//bdi[contains(text(), \"Business Confirmed\")]"}
RESULT: {"using":"xpath","value":"//bdi[contains(text(), \"Business Confirmed\")]"}
COMMAND: POST /session/79689850af1d41ef46dc131fe5890470/execute/sync - {"script":"<script> [56 bytes]","args":[{"element-6066-11e4-a52e-4f735466cecf":"f.3A2B8E27F6B6549B06BE95D0839BE483.d.3846EE98925EE18F9F8021DB1CA4A3BF.e.5942","ELEMENT":"f.3A2B8E27F6B6549B06BE95D0839BE483.d.3846EE98925EE18F9F8021DB1CA4A3BF.e.5942"}]}
RESULT: {"script":"<script> [56 bytes]","args":[{"element-6066-11e4-a52e-4f735466cecf":"f.3A2B8E27F6B6549B06BE95D0839BE483.d.3846EE98925EE18F9F8021DB1CA4A3BF.e.5942","ELEMENT":"f.3A2B8E27F6B6549B06BE95D0839BE483.d.3846EE98925EE18F9F8021DB1CA4A3BF.e.5942"}]}
COMMAND: POST /session/79689850af1d41ef46dc131fe5890470/element - {"using":"css selector","value":"#shell-header-logo"}
COMMAND: GET /session/79689850af1d41ef46dc131fe5890470/screenshot - {}
RESULT: {"using":"css selector","value":"#shell-header-logo"}
COMMAND: POST /session/79689850af1d41ef46dc131fe5890470/element/f.3A2B8E27F6B6549B06BE95D0839BE483.d.3846EE98925EE18F9F8021DB1CA4A3BF.e.5626/click - {}
RESULT: {}
RESULT: {}
COMMAND: GET /session/79689850af1d41ef46dc131fe5890470/screenshot - {}
RESULT: {}
COMMAND: POST /session/79689850af1d41ef46dc131fe5890470/element - {"using":"css selector","value":"#j_username"}
COMMAND: POST /session/79689850af1d41ef46dc131fe5890470/url - {"url":"https://qa-testing-00-live-etm-ui.cfapps.eu10-004.hana.ondemand.com/"}
RESULT: {"using":"css selector","value":"#j_username"}
COMMAND: POST /session/79689850af1d41ef46dc131fe5890470/element - {"using":"css selector","value":"#j_username"}
RESULT: {"url":"https://qa-testing-00-live-etm-ui.cfapps.eu10-004.hana.ondemand.com/"}
RESULT: undefined
COMMAND: GET /session/79689850af1d41ef46dc131fe5890470/screenshot - {}
RESULT: {"using":"css selector","value":"#j_username"}
COMMAND: POST /session/79689850af1d41ef46dc131fe5890470/element - {"using":"css selector","value":"#shell-header-logo"}
RESULT: {}
RESULT: {"using":"css selector","value":"#shell-header-logo"}
COMMAND: POST /session/79689850af1d41ef46dc131fe5890470/execute/sync - {"script":"<script> [8489 bytes]","args":[{"element-6066-11e4-a52e-4f735466cecf":"f.3A2B8E27F6B6549B06BE95D0839BE483.d.AB073E772C65E67C5E9885C3C5B7AD4F.e.5952","ELEMENT":"f.3A2B8E27F6B6549B06BE95D0839BE483.d.AB073E772C65E67C5E9885C3C5B7AD4F.e.5952"}]}
RESULT: {"script":"<script> [8489 bytes]","args":[{"element-6066-11e4-a52e-4f735466cecf":"f.3A2B8E27F6B6549B06BE95D0839BE483.d.AB073E772C65E67C5E9885C3C5B7AD4F.e.5952","ELEMENT":"f.3A2B8E27F6B6549B06BE95D0839BE483.d.AB073E772C65E67C5E9885C3C5B7AD4F.e.5952"}]}
COMMAND: POST /session/79689850af1d41ef46dc131fe5890470/element - {"using":"css selector","value":"#shell-header-logo"}
COMMAND: GET /session/79689850af1d41ef46dc131fe5890470/screenshot - {}
RESULT: {"using":"css selector","value":"#shell-header-logo"}
COMMAND: POST /session/79689850af1d41ef46dc131fe5890470/execute/sync - {"script":"<script> [8489 bytes]","args":[{"element-6066-11e4-a52e-4f735466cecf":"f.3A2B8E27F6B6549B06BE95D0839BE483.d.AB073E772C65E67C5E9885C3C5B7AD4F.e.5952","ELEMENT":"f.3A2B8E27F6B6549B06BE95D0839BE483.d.AB073E772C65E67C5E9885C3C5B7AD4F.e.5952"}]}
RESULT: {}
RESULT: {"script":"<script> [8489 bytes]","args":[{"element-6066-11e4-a52e-4f735466cecf":"f.3A2B8E27F6B6549B06BE95D0839BE483.d.AB073E772C65E67C5E9885C3C5B7AD4F.e.5952","ELEMENT":"f.3A2B8E27F6B6549B06BE95D0839BE483.d.AB073E772C65E67C5E9885C3C5B7AD4F.e.5952"}]}
COMMAND: POST /session/79689850af1d41ef46dc131fe5890470/execute/sync - {"script":"<script> [5351 bytes]","args":[{"element-6066-11e4-a52e-4f735466cecf":"f.3A2B8E27F6B6549B06BE95D0839BE483.d.AB073E772C65E67C5E9885C3C5B7AD4F.e.5952","ELEMENT":"f.3A2B8E27F6B6549B06BE95D0839BE483.d.AB073E772C65E67C5E9885C3C5B7AD4F.e.5952"}]}
COMMAND: GET /session/79689850af1d41ef46dc131fe5890470/screenshot - {}
RESULT: {"script":"<script> [5351 bytes]","args":[{"element-6066-11e4-a52e-4f735466cecf":"f.3A2B8E27F6B6549B06BE95D0839BE483.d.AB073E772C65E67C5E9885C3C5B7AD4F.e.5952","ELEMENT":"f.3A2B8E27F6B6549B06BE95D0839BE483.d.AB073E772C65E67C5E9885C3C5B7AD4F.e.5952"}]}
COMMAND: POST /session/79689850af1d41ef46dc131fe5890470/element - {"using":"css selector","value":"#shell-header-logo"}
COMMAND: GET /session/79689850af1d41ef46dc131fe5890470/screenshot - {}
RESULT: {}
RESULT: {"using":"css selector","value":"#shell-header-logo"}
COMMAND: POST /session/79689850af1d41ef46dc131fe5890470/element/f.3A2B8E27F6B6549B06BE95D0839BE483.d.AB073E772C65E67C5E9885C3C5B7AD4F.e.5952/click - {}
RESULT: {}
RESULT: {}
COMMAND: GET /session/79689850af1d41ef46dc131fe5890470/screenshot - {}
RESULT: {}
COMMAND: POST /session/79689850af1d41ef46dc131fe5890470/execute/async - {"script":"<script> [189 bytes]","args":[]}
RESULT: {"script":"<script> [189 bytes]","args":[]}
COMMAND: POST /session/79689850af1d41ef46dc131fe5890470/execute/async - {"script":"<script> [123 bytes]","args":[]}
RESULT: {"script":"<script> [123 bytes]","args":[]}
COMMAND: POST /session/79689850af1d41ef46dc131fe5890470/timeouts - {"script":"<number>"}
RESULT: {"script":"<number>"}
COMMAND: GET /session/79689850af1d41ef46dc131fe5890470/timeouts - {}
RESULT: {}
RESULT: undefined
COMMAND: POST /session/79689850af1d41ef46dc131fe5890470/execute/async - {"script":"<script> [2676 bytes]","args":[]}
RESULT: {"script":"<script> [2676 bytes]","args":[]}
COMMAND: POST /session/79689850af1d41ef46dc131fe5890470/execute/async - {"script":"<script> [2342 bytes]","args":[{"protocol":"http","hostname":"0.0.0.0","path":"/","capabilities":{"browserName":"chrome","goog:chromeOptions":{"binary":"C:\\Program Files\\Google\\Chrome\\Application\\chrome.exe","args":["--start-maximized"]}},"logLevel":"warn","connectionRetryTimeout":120000,"connectionRetryCount":3,"logLevels":{},"enableDirectConnect":true,"strictSSL":true,"_":"65 more keys: [\"cacheDir\",\"port\",\"requestedCapabilities\",\"automationProtocol\",\"baseUrl\",\"waitforInterval\",\"waitforTimeout\",\"onReload\",\"beforeCommand\",\"afterCommand\",\"rootDir\",\"specs\",\"suites\",\"exclude\",\"groupLogsByTestSpec\",\"excludeDriverLogs\",\"bail\",\"framework\",\"reporters\",\"services\",\"maxInstances\",\"maxInstancesPerCapability\",\"injectGlobals\",\"filesToWatch\",\"execArgv\",\"runnerEnv\",\"runner\",\"shard\",\"specFileRetries\",\"specFileRetriesDelay\",\"specFileRetriesDeferred\",\"reporterSyncInterval\",\"reporterSyncTimeout\",\"cucumberFeaturesWithLineNumbers\",\"autoCompileOpts\",\"mochaOpts\",\"jasmineOpts\",\"cucumberOpts\",\"onPrepare\",\"onWorkerStart\",\"onWorkerEnd\",\"before\",\"beforeSession\",\"beforeSuite\",\"beforeHook\",\"beforeTest\",\"afterTest\",\"afterHook\",\"afterSuite\",\"afterSession\",\"after\",\"onComplete\",\"beforeAssertion\",\"afterAssertion\",\"beforeFeature\",\"beforeScenario\",\"beforeStep\",\"afterStep\",\"afterScenario\",\"afterFeature\",\"_\",\"suite\",\"$0\",\"ignoredWorkerServices\",\"wdi5\"]"}]}
RESULT: {"script":"<script> [2342 bytes]","args":[{"protocol":"http","hostname":"0.0.0.0","path":"/","capabilities":{"browserName":"chrome","goog:chromeOptions":{"binary":"C:\\Program Files\\Google\\Chrome\\Application\\chrome.exe","args":["--start-maximized"]}},"logLevel":"warn","connectionRetryTimeout":120000,"connectionRetryCount":3,"logLevels":{},"enableDirectConnect":true,"strictSSL":true,"_":"65 more keys: [\"cacheDir\",\"port\",\"requestedCapabilities\",\"automationProtocol\",\"baseUrl\",\"waitforInterval\",\"waitforTimeout\",\"onReload\",\"beforeCommand\",\"afterCommand\",\"rootDir\",\"specs\",\"suites\",\"exclude\",\"groupLogsByTestSpec\",\"excludeDriverLogs\",\"bail\",\"framework\",\"reporters\",\"services\",\"maxInstances\",\"maxInstancesPerCapability\",\"injectGlobals\",\"filesToWatch\",\"execArgv\",\"runnerEnv\",\"runner\",\"shard\",\"specFileRetries\",\"specFileRetriesDelay\",\"specFileRetriesDeferred\",\"reporterSyncInterval\",\"reporterSyncTimeout\",\"cucumberFeaturesWithLineNumbers\",\"autoCompileOpts\",\"mochaOpts\",\"jasmineOpts\",\"cucumberOpts\",\"onPrepare\",\"onWorkerStart\",\"onWorkerEnd\",\"before\",\"beforeSession\",\"beforeSuite\",\"beforeHook\",\"beforeTest\",\"afterTest\",\"afterHook\",\"afterSuite\",\"afterSession\",\"after\",\"onComplete\",\"beforeAssertion\",\"afterAssertion\",\"beforeFeature\",\"beforeScenario\",\"beforeStep\",\"afterStep\",\"afterScenario\",\"afterFeature\",\"_\",\"suite\",\"$0\",\"ignoredWorkerServices\",\"wdi5\"]"}]}
COMMAND: POST /session/79689850af1d41ef46dc131fe5890470/execute/async - {"script":"<script> [21126 bytes]","args":[35000]}
RESULT: {"script":"<script> [21126 bytes]","args":[35000]}
COMMAND: POST /session/79689850af1d41ef46dc131fe5890470/window/maximize - {}
RESULT: {}
COMMAND: POST /session/79689850af1d41ef46dc131fe5890470/execute/async - {"script":"<script> [1562 bytes]","args":[{"selector":{"id":"shell-header","interaction":{"idSuffix":"icon"}},"wdio_ui5_key":"shellheader"}]}
COMMAND: GET /session/79689850af1d41ef46dc131fe5890470/screenshot - {}
RESULT: {"script":"<script> [1562 bytes]","args":[{"selector":{"id":"shell-header","interaction":{"idSuffix":"icon"}},"wdio_ui5_key":"shellheader"}]}
RESULT: undefined
COMMAND: POST /session/79689850af1d41ef46dc131fe5890470/refresh - {}
RESULT: {}
RESULT: {}
COMMAND: GET /session/79689850af1d41ef46dc131fe5890470/screenshot - {}
RESULT: {}
COMMAND: POST /session/79689850af1d41ef46dc131fe5890470/refresh - {}
RESULT: {}
COMMAND: GET /session/79689850af1d41ef46dc131fe5890470/screenshot - {}
RESULT: {}
COMMAND: POST /session/79689850af1d41ef46dc131fe5890470/window/fullscreen - {}
RESULT: {}
COMMAND: POST /session/79689850af1d41ef46dc131fe5890470/execute/async - {"script":"<script> [189 bytes]","args":[]}
RESULT: {"script":"<script> [189 bytes]","args":[]}
COMMAND: POST /session/79689850af1d41ef46dc131fe5890470/execute/async - {"script":"<script> [123 bytes]","args":[]}
RESULT: {"script":"<script> [123 bytes]","args":[]}
COMMAND: POST /session/79689850af1d41ef46dc131fe5890470/timeouts - {"script":"<number>"}
RESULT: {"script":"<number>"}
COMMAND: GET /session/79689850af1d41ef46dc131fe5890470/timeouts - {}
RESULT: {}
RESULT: undefined
COMMAND: POST /session/79689850af1d41ef46dc131fe5890470/execute/async - {"script":"<script> [2676 bytes]","args":[]}
RESULT: {"script":"<script> [2676 bytes]","args":[]}
COMMAND: POST /session/79689850af1d41ef46dc131fe5890470/execute/async - {"script":"<script> [2342 bytes]","args":[{"protocol":"http","hostname":"0.0.0.0","path":"/","capabilities":{"browserName":"chrome","goog:chromeOptions":{"binary":"C:\\Program Files\\Google\\Chrome\\Application\\chrome.exe","args":["--start-maximized"]}},"logLevel":"warn","connectionRetryTimeout":120000,"connectionRetryCount":3,"logLevels":{},"enableDirectConnect":true,"strictSSL":true,"_":"65 more keys: [\"cacheDir\",\"port\",\"requestedCapabilities\",\"automationProtocol\",\"baseUrl\",\"waitforInterval\",\"waitforTimeout\",\"onReload\",\"beforeCommand\",\"afterCommand\",\"rootDir\",\"specs\",\"suites\",\"exclude\",\"groupLogsByTestSpec\",\"excludeDriverLogs\",\"bail\",\"framework\",\"reporters\",\"services\",\"maxInstances\",\"maxInstancesPerCapability\",\"injectGlobals\",\"filesToWatch\",\"execArgv\",\"runnerEnv\",\"runner\",\"shard\",\"specFileRetries\",\"specFileRetriesDelay\",\"specFileRetriesDeferred\",\"reporterSyncInterval\",\"reporterSyncTimeout\",\"cucumberFeaturesWithLineNumbers\",\"autoCompileOpts\",\"mochaOpts\",\"jasmineOpts\",\"cucumberOpts\",\"onPrepare\",\"onWorkerStart\",\"onWorkerEnd\",\"before\",\"beforeSession\",\"beforeSuite\",\"beforeHook\",\"beforeTest\",\"afterTest\",\"afterHook\",\"afterSuite\",\"afterSession\",\"after\",\"onComplete\",\"beforeAssertion\",\"afterAssertion\",\"beforeFeature\",\"beforeScenario\",\"beforeStep\",\"afterStep\",\"afterScenario\",\"afterFeature\",\"_\",\"suite\",\"$0\",\"ignoredWorkerServices\",\"wdi5\"]"}]}
RESULT: {"script":"<script> [2342 bytes]","args":[{"protocol":"http","hostname":"0.0.0.0","path":"/","capabilities":{"browserName":"chrome","goog:chromeOptions":{"binary":"C:\\Program Files\\Google\\Chrome\\Application\\chrome.exe","args":["--start-maximized"]}},"logLevel":"warn","connectionRetryTimeout":120000,"connectionRetryCount":3,"logLevels":{},"enableDirectConnect":true,"strictSSL":true,"_":"65 more keys: [\"cacheDir\",\"port\",\"requestedCapabilities\",\"automationProtocol\",\"baseUrl\",\"waitforInterval\",\"waitforTimeout\",\"onReload\",\"beforeCommand\",\"afterCommand\",\"rootDir\",\"specs\",\"suites\",\"exclude\",\"groupLogsByTestSpec\",\"excludeDriverLogs\",\"bail\",\"framework\",\"reporters\",\"services\",\"maxInstances\",\"maxInstancesPerCapability\",\"injectGlobals\",\"filesToWatch\",\"execArgv\",\"runnerEnv\",\"runner\",\"shard\",\"specFileRetries\",\"specFileRetriesDelay\",\"specFileRetriesDeferred\",\"reporterSyncInterval\",\"reporterSyncTimeout\",\"cucumberFeaturesWithLineNumbers\",\"autoCompileOpts\",\"mochaOpts\",\"jasmineOpts\",\"cucumberOpts\",\"onPrepare\",\"onWorkerStart\",\"onWorkerEnd\",\"before\",\"beforeSession\",\"beforeSuite\",\"beforeHook\",\"beforeTest\",\"afterTest\",\"afterHook\",\"afterSuite\",\"afterSession\",\"after\",\"onComplete\",\"beforeAssertion\",\"afterAssertion\",\"beforeFeature\",\"beforeScenario\",\"beforeStep\",\"afterStep\",\"afterScenario\",\"afterFeature\",\"_\",\"suite\",\"$0\",\"ignoredWorkerServices\",\"wdi5\"]"}]}
COMMAND: POST /session/79689850af1d41ef46dc131fe5890470/execute/async - {"script":"<script> [21126 bytes]","args":[35000]}
RESULT: {"script":"<script> [21126 bytes]","args":[35000]}
]]></system-out>
    </testcase>
  </testsuite>
  <testsuite timestamp="2025-05-02T05:46:22" time="1155.611" tests="14" failures="0" errors="0" skipped="0">
    <properties>
      <property name="specId" value="0" />
      <property name="suiteName" value="Create master data for mixed billing &amp; do billing calculation US151661" />
      <property name="capabilities" value="chrome.135_0_7049_96.windows" />
      <property name="file" value="file:///D:/a/1/s/test/specs/BTS/billing-calculation-mixed.spec.js" />
    </properties>
    <testcase classname="chrome.135_0_7049_96.windows.Create_master_data_for_mixed_billing_&amp;_do_billing_calculation_US151661" name="Should create a new yard" time="93.894">
      <system-out><![CDATA[
COMMAND: POST /session/79689850af1d41ef46dc131fe5890470/window/fullscreen - {}
RESULT: {}
COMMAND: POST /session/79689850af1d41ef46dc131fe5890470/execute/async - {"script":"<script> [1562 bytes]","args":[{"selector":{"controlType":"sap.m.GenericTile","properties":{"header":"Manage Yards"}},"wdio_ui5_key":"sapm.GenericTile{\"header\":\"Manage Yards\"}"}]}
RESULT: {"script":"<script> [1562 bytes]","args":[{"selector":{"controlType":"sap.m.GenericTile","properties":{"header":"Manage Yards"}},"wdio_ui5_key":"sapm.GenericTile{\"header\":\"Manage Yards\"}"}]}
RESULT: undefined
COMMAND: POST /session/79689850af1d41ef46dc131fe5890470/element - {"using":"xpath","value":"//*[@id=\"__tile41\"]"}
RESULT: {"using":"xpath","value":"//*[@id=\"__tile41\"]"}
COMMAND: POST /session/79689850af1d41ef46dc131fe5890470/element/f.3A2B8E27F6B6549B06BE95D0839BE483.d.B921363A24ABEEB6C84A937FE964C932.e.6119/click - {}
RESULT: {}
COMMAND: POST /session/79689850af1d41ef46dc131fe5890470/element - {"using":"xpath","value":"//button[@data-kt=\"addNewYardOverflowToolbarButton\"]"}
COMMAND: GET /session/79689850af1d41ef46dc131fe5890470/screenshot - {}
RESULT: {"using":"xpath","value":"//button[@data-kt=\"addNewYardOverflowToolbarButton\"]"}
COMMAND: POST /session/79689850af1d41ef46dc131fe5890470/elements - {"using":"xpath","value":"//button[@data-kt=\"addNewYardOverflowToolbarButton\"]"}
RESULT: {}
RESULT: {"using":"xpath","value":"//button[@data-kt=\"addNewYardOverflowToolbarButton\"]"}
COMMAND: POST /session/79689850af1d41ef46dc131fe5890470/elements - {"using":"xpath","value":"//button[@data-kt=\"addNewYardOverflowToolbarButton\"]"}
RESULT: {"using":"xpath","value":"//button[@data-kt=\"addNewYardOverflowToolbarButton\"]"}
COMMAND: POST /session/79689850af1d41ef46dc131fe5890470/elements - {"using":"xpath","value":"//button[@data-kt=\"addNewYardOverflowToolbarButton\"]"}
RESULT: {"using":"xpath","value":"//button[@data-kt=\"addNewYardOverflowToolbarButton\"]"}
COMMAND: POST /session/79689850af1d41ef46dc131fe5890470/elements - {"using":"xpath","value":"//button[@data-kt=\"addNewYardOverflowToolbarButton\"]"}
RESULT: {"using":"xpath","value":"//button[@data-kt=\"addNewYardOverflowToolbarButton\"]"}
COMMAND: POST /session/79689850af1d41ef46dc131fe5890470/elements - {"using":"xpath","value":"//button[@data-kt=\"addNewYardOverflowToolbarButton\"]"}
RESULT: {"using":"xpath","value":"//button[@data-kt=\"addNewYardOverflowToolbarButton\"]"}
COMMAND: POST /session/79689850af1d41ef46dc131fe5890470/element - {"using":"xpath","value":"//button[@data-kt=\"addNewYardOverflowToolbarButton\"]"}
RESULT: {"using":"xpath","value":"//button[@data-kt=\"addNewYardOverflowToolbarButton\"]"}
COMMAND: POST /session/79689850af1d41ef46dc131fe5890470/execute/sync - {"script":"<script> [8489 bytes]","args":[{"element-6066-11e4-a52e-4f735466cecf":"f.3A2B8E27F6B6549B06BE95D0839BE483.d.B921363A24ABEEB6C84A937FE964C932.e.6243","ELEMENT":"f.3A2B8E27F6B6549B06BE95D0839BE483.d.B921363A24ABEEB6C84A937FE964C932.e.6243"}]}
RESULT: {"script":"<script> [8489 bytes]","args":[{"element-6066-11e4-a52e-4f735466cecf":"f.3A2B8E27F6B6549B06BE95D0839BE483.d.B921363A24ABEEB6C84A937FE964C932.e.6243","ELEMENT":"f.3A2B8E27F6B6549B06BE95D0839BE483.d.B921363A24ABEEB6C84A937FE964C932.e.6243"}]}
COMMAND: GET /session/79689850af1d41ef46dc131fe5890470/element/f.3A2B8E27F6B6549B06BE95D0839BE483.d.B921363A24ABEEB6C84A937FE964C932.e.6243/enabled - {}
COMMAND: GET /session/79689850af1d41ef46dc131fe5890470/screenshot - {}
RESULT: {}
COMMAND: POST /session/79689850af1d41ef46dc131fe5890470/execute/sync - {"script":"<script> [8489 bytes]","args":[{"element-6066-11e4-a52e-4f735466cecf":"f.3A2B8E27F6B6549B06BE95D0839BE483.d.B921363A24ABEEB6C84A937FE964C932.e.6243","ELEMENT":"f.3A2B8E27F6B6549B06BE95D0839BE483.d.B921363A24ABEEB6C84A937FE964C932.e.6243"}]}
COMMAND: GET /session/79689850af1d41ef46dc131fe5890470/screenshot - {}
RESULT: {}
RESULT: {"script":"<script> [8489 bytes]","args":[{"element-6066-11e4-a52e-4f735466cecf":"f.3A2B8E27F6B6549B06BE95D0839BE483.d.B921363A24ABEEB6C84A937FE964C932.e.6243","ELEMENT":"f.3A2B8E27F6B6549B06BE95D0839BE483.d.B921363A24ABEEB6C84A937FE964C932.e.6243"}]}
COMMAND: POST /session/79689850af1d41ef46dc131fe5890470/execute/sync - {"script":"<script> [5351 bytes]","args":[{"element-6066-11e4-a52e-4f735466cecf":"f.3A2B8E27F6B6549B06BE95D0839BE483.d.B921363A24ABEEB6C84A937FE964C932.e.6243","ELEMENT":"f.3A2B8E27F6B6549B06BE95D0839BE483.d.B921363A24ABEEB6C84A937FE964C932.e.6243"}]}
COMMAND: GET /session/79689850af1d41ef46dc131fe5890470/screenshot - {}
RESULT: {}
RESULT: {"script":"<script> [5351 bytes]","args":[{"element-6066-11e4-a52e-4f735466cecf":"f.3A2B8E27F6B6549B06BE95D0839BE483.d.B921363A24ABEEB6C84A937FE964C932.e.6243","ELEMENT":"f.3A2B8E27F6B6549B06BE95D0839BE483.d.B921363A24ABEEB6C84A937FE964C932.e.6243"}]}
COMMAND: POST /session/79689850af1d41ef46dc131fe5890470/element/f.3A2B8E27F6B6549B06BE95D0839BE483.d.B921363A24ABEEB6C84A937FE964C932.e.6243/click - {}
COMMAND: GET /session/79689850af1d41ef46dc131fe5890470/screenshot - {}
RESULT: {}
RESULT: {}
COMMAND: GET /session/79689850af1d41ef46dc131fe5890470/screenshot - {}
RESULT: {}
RESULT: {}
COMMAND: POST /session/79689850af1d41ef46dc131fe5890470/element - {"using":"xpath","value":"//input[@id=\"application-manageyards-display-component---NewYard--yardId-inner\"]"}
RESULT: {"using":"xpath","value":"//input[@id=\"application-manageyards-display-component---NewYard--yardId-inner\"]"}
COMMAND: POST /session/79689850af1d41ef46dc131fe5890470/element - {"using":"xpath","value":"//input[@id=\"application-manageyards-display-component---NewYard--yardId-inner\"]"}
RESULT: {"using":"xpath","value":"//input[@id=\"application-manageyards-display-component---NewYard--yardId-inner\"]"}
COMMAND: POST /session/79689850af1d41ef46dc131fe5890470/execute/async - {"script":"<script> [1562 bytes]","args":[{"selector":{"id":"application-manageyards-display-component---NewYard--addressDetailDetailsName1","interaction":{"idSuffix":"inner"}},"wdio_ui5_key":"applicationmanageyards-display-component---NewYard--addressDetailDetailsName1"}]}
RESULT: {"script":"<script> [1562 bytes]","args":[{"selector":{"id":"application-manageyards-display-component---NewYard--addressDetailDetailsName1","interaction":{"idSuffix":"inner"}},"wdio_ui5_key":"applicationmanageyards-display-component---NewYard--addressDetailDetailsName1"}]}
RESULT: undefined
COMMAND: POST /session/79689850af1d41ef46dc131fe5890470/execute/async - {"script":"<script> [776 bytes]","args":[{"enterText":"Intercompany Yard wdIO","selector":{"id":"application-manageyards-display-component---NewYard--addressDetailDetailsName1","interaction":{"idSuffix":"inner"}},"clearTextFirst":true,"interactionType":"ENTER_TEXT"}]}
RESULT: {"script":"<script> [776 bytes]","args":[{"enterText":"Intercompany Yard wdIO","selector":{"id":"application-manageyards-display-component---NewYard--addressDetailDetailsName1","interaction":{"idSuffix":"inner"}},"clearTextFirst":true,"interactionType":"ENTER_TEXT"}]}
COMMAND: POST /session/79689850af1d41ef46dc131fe5890470/execute/async - {"script":"<script> [1562 bytes]","args":[{"selector":{"id":"application-manageyards-display-component---NewYard--addressDetailDetailsLanguage-arrow"},"wdio_ui5_key":"applicationmanageyards-display-component---NewYard--addressDetailDetailsLanguage-arrow"}]}
RESULT: {"script":"<script> [1562 bytes]","args":[{"selector":{"id":"application-manageyards-display-component---NewYard--addressDetailDetailsLanguage-arrow"},"wdio_ui5_key":"applicationmanageyards-display-component---NewYard--addressDetailDetailsLanguage-arrow"}]}
RESULT: undefined
COMMAND: POST /session/79689850af1d41ef46dc131fe5890470/element - {"using":"xpath","value":"//*[@id=\"application-manageyards-display-component---NewYard--addressDetailDetailsLanguage-arrow\"]"}
RESULT: {"using":"xpath","value":"//*[@id=\"application-manageyards-display-component---NewYard--addressDetailDetailsLanguage-arrow\"]"}
COMMAND: POST /session/79689850af1d41ef46dc131fe5890470/element/f.3A2B8E27F6B6549B06BE95D0839BE483.d.B921363A24ABEEB6C84A937FE964C932.e.6677/click - {}
RESULT: {}
COMMAND: POST /session/79689850af1d41ef46dc131fe5890470/element - {"using":"xpath","value":"//span[contains(text(), \"English\")]"}
COMMAND: GET /session/79689850af1d41ef46dc131fe5890470/screenshot - {}
RESULT: {"using":"xpath","value":"//span[contains(text(), \"English\")]"}
COMMAND: POST /session/79689850af1d41ef46dc131fe5890470/element/f.3A2B8E27F6B6549B06BE95D0839BE483.d.B921363A24ABEEB6C84A937FE964C932.e.6678/click - {}
RESULT: {}
RESULT: {}
COMMAND: POST /session/79689850af1d41ef46dc131fe5890470/execute/async - {"script":"<script> [1562 bytes]","args":[{"selector":{"id":"application-manageyards-display-component---NewYard--addressDetailDetailsCity1","interaction":{"idSuffix":"inner"}},"wdio_ui5_key":"applicationmanageyards-display-component---NewYard--addressDetailDetailsCity1"}]}
COMMAND: GET /session/79689850af1d41ef46dc131fe5890470/screenshot - {}
RESULT: {"script":"<script> [1562 bytes]","args":[{"selector":{"id":"application-manageyards-display-component---NewYard--addressDetailDetailsCity1","interaction":{"idSuffix":"inner"}},"wdio_ui5_key":"applicationmanageyards-display-component---NewYard--addressDetailDetailsCity1"}]}
RESULT: undefined
COMMAND: POST /session/79689850af1d41ef46dc131fe5890470/execute/async - {"script":"<script> [776 bytes]","args":[{"enterText":"Rosario","selector":{"id":"application-manageyards-display-component---NewYard--addressDetailDetailsCity1","interaction":{"idSuffix":"inner"}},"clearTextFirst":true,"interactionType":"ENTER_TEXT"}]}
RESULT: {}
RESULT: {"script":"<script> [776 bytes]","args":[{"enterText":"Rosario","selector":{"id":"application-manageyards-display-component---NewYard--addressDetailDetailsCity1","interaction":{"idSuffix":"inner"}},"clearTextFirst":true,"interactionType":"ENTER_TEXT"}]}
COMMAND: POST /session/79689850af1d41ef46dc131fe5890470/execute/async - {"script":"<script> [1562 bytes]","args":[{"selector":{"id":"application-manageyards-display-component---NewYard--addressDetailDetailsCountry-arrow"},"wdio_ui5_key":"applicationmanageyards-display-component---NewYard--addressDetailDetailsCountry-arrow"}]}
RESULT: {"script":"<script> [1562 bytes]","args":[{"selector":{"id":"application-manageyards-display-component---NewYard--addressDetailDetailsCountry-arrow"},"wdio_ui5_key":"applicationmanageyards-display-component---NewYard--addressDetailDetailsCountry-arrow"}]}
RESULT: undefined
COMMAND: POST /session/79689850af1d41ef46dc131fe5890470/element - {"using":"xpath","value":"//*[@id=\"application-manageyards-display-component---NewYard--addressDetailDetailsCountry-arrow\"]"}
RESULT: {"using":"xpath","value":"//*[@id=\"application-manageyards-display-component---NewYard--addressDetailDetailsCountry-arrow\"]"}
COMMAND: POST /session/79689850af1d41ef46dc131fe5890470/element/f.3A2B8E27F6B6549B06BE95D0839BE483.d.B921363A24ABEEB6C84A937FE964C932.e.6680/click - {}
RESULT: {}
COMMAND: POST /session/79689850af1d41ef46dc131fe5890470/element - {"using":"xpath","value":"//span[contains(text(), \"Argentina\")]"}
COMMAND: GET /session/79689850af1d41ef46dc131fe5890470/screenshot - {}
RESULT: {"using":"xpath","value":"//span[contains(text(), \"Argentina\")]"}
COMMAND: POST /session/79689850af1d41ef46dc131fe5890470/element/f.3A2B8E27F6B6549B06BE95D0839BE483.d.B921363A24ABEEB6C84A937FE964C932.e.6681/click - {}
RESULT: {}
RESULT: {}
COMMAND: POST /session/79689850af1d41ef46dc131fe5890470/execute/async - {"script":"<script> [1562 bytes]","args":[{"selector":{"id":"application-manageyards-display-component---NewYard--addressEditDetailsCostObjectCstType-arrow"},"wdio_ui5_key":"applicationmanageyards-display-component---NewYard--addressEditDetailsCostObjectCstType-arrow"}]}
COMMAND: GET /session/79689850af1d41ef46dc131fe5890470/screenshot - {}
RESULT: {"script":"<script> [1562 bytes]","args":[{"selector":{"id":"application-manageyards-display-component---NewYard--addressEditDetailsCostObjectCstType-arrow"},"wdio_ui5_key":"applicationmanageyards-display-component---NewYard--addressEditDetailsCostObjectCstType-arrow"}]}
RESULT: undefined
COMMAND: POST /session/79689850af1d41ef46dc131fe5890470/element - {"using":"xpath","value":"//*[@id=\"application-manageyards-display-component---NewYard--addressEditDetailsCostObjectCstType-arrow\"]"}
RESULT: {}
RESULT: {"using":"xpath","value":"//*[@id=\"application-manageyards-display-component---NewYard--addressEditDetailsCostObjectCstType-arrow\"]"}
COMMAND: POST /session/79689850af1d41ef46dc131fe5890470/element/f.3A2B8E27F6B6549B06BE95D0839BE483.d.B921363A24ABEEB6C84A937FE964C932.e.6683/click - {}
RESULT: {}
COMMAND: POST /session/79689850af1d41ef46dc131fe5890470/element - {"using":"xpath","value":"//span[contains(text(), \"Cost Center\")]"}
COMMAND: GET /session/79689850af1d41ef46dc131fe5890470/screenshot - {}
RESULT: {"using":"xpath","value":"//span[contains(text(), \"Cost Center\")]"}
COMMAND: POST /session/79689850af1d41ef46dc131fe5890470/element/f.3A2B8E27F6B6549B06BE95D0839BE483.d.B921363A24ABEEB6C84A937FE964C932.e.6684/click - {}
RESULT: {}
RESULT: {}
COMMAND: GET /session/79689850af1d41ef46dc131fe5890470/screenshot - {}
RESULT: {}
COMMAND: POST /session/79689850af1d41ef46dc131fe5890470/element - {"using":"xpath","value":"//span[@id=\"application-manageyards-display-component---NewYard--addressNewCostObjectCstID-vhi\"]"}
RESULT: {"using":"xpath","value":"//span[@id=\"application-manageyards-display-component---NewYard--addressNewCostObjectCstID-vhi\"]"}
COMMAND: POST /session/79689850af1d41ef46dc131fe5890470/execute/sync - {"script":"<script> [8489 bytes]","args":[{"element-6066-11e4-a52e-4f735466cecf":"f.3A2B8E27F6B6549B06BE95D0839BE483.d.B921363A24ABEEB6C84A937FE964C932.e.6688","ELEMENT":"f.3A2B8E27F6B6549B06BE95D0839BE483.d.B921363A24ABEEB6C84A937FE964C932.e.6688"}]}
RESULT: {"script":"<script> [8489 bytes]","args":[{"element-6066-11e4-a52e-4f735466cecf":"f.3A2B8E27F6B6549B06BE95D0839BE483.d.B921363A24ABEEB6C84A937FE964C932.e.6688","ELEMENT":"f.3A2B8E27F6B6549B06BE95D0839BE483.d.B921363A24ABEEB6C84A937FE964C932.e.6688"}]}
COMMAND: POST /session/79689850af1d41ef46dc131fe5890470/execute/async - {"script":"<script> [1562 bytes]","args":[{"selector":{"id":"application-manageyards-display-component---NewYard--addressNewCostObjectCstID-vhi"},"wdio_ui5_key":"applicationmanageyards-display-component---NewYard--addressNewCostObjectCstID-vhi"}]}
COMMAND: GET /session/79689850af1d41ef46dc131fe5890470/screenshot - {}
RESULT: {"script":"<script> [1562 bytes]","args":[{"selector":{"id":"application-manageyards-display-component---NewYard--addressNewCostObjectCstID-vhi"},"wdio_ui5_key":"applicationmanageyards-display-component---NewYard--addressNewCostObjectCstID-vhi"}]}
RESULT: undefined
COMMAND: POST /session/79689850af1d41ef46dc131fe5890470/element - {"using":"xpath","value":"//*[@id=\"application-manageyards-display-component---NewYard--addressNewCostObjectCstID-vhi\"]"}
RESULT: {}
RESULT: {"using":"xpath","value":"//*[@id=\"application-manageyards-display-component---NewYard--addressNewCostObjectCstID-vhi\"]"}
COMMAND: POST /session/79689850af1d41ef46dc131fe5890470/element/f.3A2B8E27F6B6549B06BE95D0839BE483.d.B921363A24ABEEB6C84A937FE964C932.e.6688/click - {}
RESULT: {}
COMMAND: GET /session/79689850af1d41ef46dc131fe5890470/screenshot - {}
RESULT: {}
COMMAND: POST /session/79689850af1d41ef46dc131fe5890470/execute/async - {"script":"<script> [1562 bytes]","args":[{"selector":{"controlType":"sap.m.SearchField","properties":{"placeholder":"Search"},"searchOpenDialogs":true,"interaction":{"idSuffix":"I"}},"wdio_ui5_key":"sapm.SearchField{\"placeholder\":\"Search\"}"}]}
RESULT: {"script":"<script> [1562 bytes]","args":[{"selector":{"controlType":"sap.m.SearchField","properties":{"placeholder":"Search"},"searchOpenDialogs":true,"interaction":{"idSuffix":"I"}},"wdio_ui5_key":"sapm.SearchField{\"placeholder\":\"Search\"}"}]}
RESULT: undefined
COMMAND: POST /session/79689850af1d41ef46dc131fe5890470/execute/async - {"script":"<script> [776 bytes]","args":[{"enterText":"10001013","selector":{"controlType":"sap.m.SearchField","properties":{"placeholder":"Search"},"searchOpenDialogs":true,"interaction":{"idSuffix":"I"}},"clearTextFirst":true,"interactionType":"ENTER_TEXT"}]}
RESULT: {"script":"<script> [776 bytes]","args":[{"enterText":"10001013","selector":{"controlType":"sap.m.SearchField","properties":{"placeholder":"Search"},"searchOpenDialogs":true,"interaction":{"idSuffix":"I"}},"clearTextFirst":true,"interactionType":"ENTER_TEXT"}]}
COMMAND: POST /session/79689850af1d41ef46dc131fe5890470/actions - {"actions":[{"id":"action20","type":"key","parameters":{},"actions":[{"type":"keyDown","value":"î€‡"},{"type":"pause","duration":10},{"type":"keyUp","value":"î€‡"}]}]}
RESULT: {"actions":[{"id":"action20","type":"key","parameters":{},"actions":[{"type":"keyDown","value":"î€‡"},{"type":"pause","duration":10},{"type":"keyUp","value":"î€‡"}]}]}
COMMAND: GET /session/79689850af1d41ef46dc131fe5890470/screenshot - {}
RESULT: {}
COMMAND: POST /session/79689850af1d41ef46dc131fe5890470/element - {"using":"xpath","value":"//span[contains(text(), \"General Management\")]"}
RESULT: {"using":"xpath","value":"//span[contains(text(), \"General Management\")]"}
COMMAND: POST /session/79689850af1d41ef46dc131fe5890470/element/f.3A2B8E27F6B6549B06BE95D0839BE483.d.B921363A24ABEEB6C84A937FE964C932.e.6730/click - {}
RESULT: {}
COMMAND: GET /session/79689850af1d41ef46dc131fe5890470/screenshot - {}
RESULT: {}
COMMAND: POST /session/79689850af1d41ef46dc131fe5890470/element - {"using":"xpath","value":"//bdi[contains(text(), \"OK\")]"}
RESULT: {"using":"xpath","value":"//bdi[contains(text(), \"OK\")]"}
COMMAND: POST /session/79689850af1d41ef46dc131fe5890470/element/f.3A2B8E27F6B6549B06BE95D0839BE483.d.B921363A24ABEEB6C84A937FE964C932.e.6731/click - {}
RESULT: {}
COMMAND: GET /session/79689850af1d41ef46dc131fe5890470/screenshot - {}
RESULT: {}
COMMAND: POST /session/79689850af1d41ef46dc131fe5890470/execute/async - {"script":"<script> [1562 bytes]","args":[{"selector":{"id":"application-manageyards-display-component---NewYard--addressEditDetailsCurrency-arrow"},"wdio_ui5_key":"applicationmanageyards-display-component---NewYard--addressEditDetailsCurrency-arrow"}]}
RESULT: {"script":"<script> [1562 bytes]","args":[{"selector":{"id":"application-manageyards-display-component---NewYard--addressEditDetailsCurrency-arrow"},"wdio_ui5_key":"applicationmanageyards-display-component---NewYard--addressEditDetailsCurrency-arrow"}]}
RESULT: undefined
COMMAND: POST /session/79689850af1d41ef46dc131fe5890470/element - {"using":"xpath","value":"//*[@id=\"application-manageyards-display-component---NewYard--addressEditDetailsCurrency-arrow\"]"}
RESULT: {"using":"xpath","value":"//*[@id=\"application-manageyards-display-component---NewYard--addressEditDetailsCurrency-arrow\"]"}
COMMAND: POST /session/79689850af1d41ef46dc131fe5890470/element/f.3A2B8E27F6B6549B06BE95D0839BE483.d.B921363A24ABEEB6C84A937FE964C932.e.6734/click - {}
RESULT: {}
COMMAND: POST /session/79689850af1d41ef46dc131fe5890470/element - {"using":"xpath","value":"//span[contains(text(), \"Euro\")]"}
COMMAND: GET /session/79689850af1d41ef46dc131fe5890470/screenshot - {}
RESULT: {"using":"xpath","value":"//span[contains(text(), \"Euro\")]"}
COMMAND: POST /session/79689850af1d41ef46dc131fe5890470/element/f.3A2B8E27F6B6549B06BE95D0839BE483.d.B921363A24ABEEB6C84A937FE964C932.e.6735/click - {}
RESULT: {}
RESULT: {}
COMMAND: POST /session/79689850af1d41ef46dc131fe5890470/execute/async - {"script":"<script> [1562 bytes]","args":[{"selector":{"controlType":"sap.m.Input","viewName":"etm.portal.ui.manageyards.view.New","viewId":"application-manageyards-display-component---NewYard","bindingPath":{"path":"","propertyPath":"/CONTROLLING_AREA","modelName":"NewYardModel"},"interaction":{"idSuffix":"inner"}},"wdio_ui5_key":"etmportal.ui.manageyards.view.Newsap.m.Input{\"path\":\"\",\"propertyPath\":\"/CONTROLLING_AREA\",\"modelName\":\"NewYardModel\"}"}]}
COMMAND: GET /session/79689850af1d41ef46dc131fe5890470/screenshot - {}
RESULT: {"script":"<script> [1562 bytes]","args":[{"selector":{"controlType":"sap.m.Input","viewName":"etm.portal.ui.manageyards.view.New","viewId":"application-manageyards-display-component---NewYard","bindingPath":{"path":"","propertyPath":"/CONTROLLING_AREA","modelName":"NewYardModel"},"interaction":{"idSuffix":"inner"}},"wdio_ui5_key":"etmportal.ui.manageyards.view.Newsap.m.Input{\"path\":\"\",\"propertyPath\":\"/CONTROLLING_AREA\",\"modelName\":\"NewYardModel\"}"}]}
RESULT: undefined
COMMAND: POST /session/79689850af1d41ef46dc131fe5890470/execute/async - {"script":"<script> [776 bytes]","args":[{"enterText":"Z001","selector":{"controlType":"sap.m.Input","viewName":"etm.portal.ui.manageyards.view.New","viewId":"application-manageyards-display-component---NewYard","bindingPath":{"path":"","propertyPath":"/CONTROLLING_AREA","modelName":"NewYardModel"},"interaction":{"idSuffix":"inner"}},"clearTextFirst":true,"interactionType":"ENTER_TEXT"}]}
RESULT: {}
RESULT: {"script":"<script> [776 bytes]","args":[{"enterText":"Z001","selector":{"controlType":"sap.m.Input","viewName":"etm.portal.ui.manageyards.view.New","viewId":"application-manageyards-display-component---NewYard","bindingPath":{"path":"","propertyPath":"/CONTROLLING_AREA","modelName":"NewYardModel"},"interaction":{"idSuffix":"inner"}},"clearTextFirst":true,"interactionType":"ENTER_TEXT"}]}
COMMAND: POST /session/79689850af1d41ef46dc131fe5890470/execute/async - {"script":"<script> [1562 bytes]","args":[{"selector":{"id":"application-manageyards-display-component---NewYard--companyCodeComboBox","interaction":{"idSuffix":"inner"}},"wdio_ui5_key":"applicationmanageyards-display-component---NewYard--companyCodeComboBox"}]}
RESULT: {"script":"<script> [1562 bytes]","args":[{"selector":{"id":"application-manageyards-display-component---NewYard--companyCodeComboBox","interaction":{"idSuffix":"inner"}},"wdio_ui5_key":"applicationmanageyards-display-component---NewYard--companyCodeComboBox"}]}
RESULT: undefined
COMMAND: POST /session/79689850af1d41ef46dc131fe5890470/execute/async - {"script":"<script> [776 bytes]","args":[{"enterText":"1000","selector":{"id":"application-manageyards-display-component---NewYard--companyCodeComboBox","interaction":{"idSuffix":"inner"}},"clearTextFirst":true,"interactionType":"ENTER_TEXT"}]}
RESULT: {"script":"<script> [776 bytes]","args":[{"enterText":"1000","selector":{"id":"application-manageyards-display-component---NewYard--companyCodeComboBox","interaction":{"idSuffix":"inner"}},"clearTextFirst":true,"interactionType":"ENTER_TEXT"}]}
COMMAND: POST /session/79689850af1d41ef46dc131fe5890470/execute/async - {"script":"<script> [1562 bytes]","args":[{"selector":{"controlType":"sap.m.Input","viewName":"etm.portal.ui.manageyards.view.New","viewId":"application-manageyards-display-component---NewYard","bindingPath":{"path":"","propertyPath":"/PLANT","modelName":"NewYardModel"},"interaction":{"idSuffix":"inner"}},"wdio_ui5_key":"etmportal.ui.manageyards.view.Newsap.m.Input{\"path\":\"\",\"propertyPath\":\"/PLANT\",\"modelName\":\"NewYardModel\"}"}]}
RESULT: {"script":"<script> [1562 bytes]","args":[{"selector":{"controlType":"sap.m.Input","viewName":"etm.portal.ui.manageyards.view.New","viewId":"application-manageyards-display-component---NewYard","bindingPath":{"path":"","propertyPath":"/PLANT","modelName":"NewYardModel"},"interaction":{"idSuffix":"inner"}},"wdio_ui5_key":"etmportal.ui.manageyards.view.Newsap.m.Input{\"path\":\"\",\"propertyPath\":\"/PLANT\",\"modelName\":\"NewYardModel\"}"}]}
RESULT: undefined
COMMAND: POST /session/79689850af1d41ef46dc131fe5890470/execute/async - {"script":"<script> [776 bytes]","args":[{"enterText":"1001","selector":{"controlType":"sap.m.Input","viewName":"etm.portal.ui.manageyards.view.New","viewId":"application-manageyards-display-component---NewYard","bindingPath":{"path":"","propertyPath":"/PLANT","modelName":"NewYardModel"},"interaction":{"idSuffix":"inner"}},"clearTextFirst":true,"interactionType":"ENTER_TEXT"}]}
RESULT: {"script":"<script> [776 bytes]","args":[{"enterText":"1001","selector":{"controlType":"sap.m.Input","viewName":"etm.portal.ui.manageyards.view.New","viewId":"application-manageyards-display-component---NewYard","bindingPath":{"path":"","propertyPath":"/PLANT","modelName":"NewYardModel"},"interaction":{"idSuffix":"inner"}},"clearTextFirst":true,"interactionType":"ENTER_TEXT"}]}
COMMAND: POST /session/79689850af1d41ef46dc131fe5890470/execute/async - {"script":"<script> [1562 bytes]","args":[{"selector":{"controlType":"sap.m.Input","viewName":"etm.portal.ui.manageyards.view.New","viewId":"application-manageyards-display-component---NewYard","bindingPath":{"path":"","propertyPath":"/SALES_AREA_VKORG","modelName":"NewYardModel"},"interaction":{"idSuffix":"inner"}},"wdio_ui5_key":"etmportal.ui.manageyards.view.Newsap.m.Input{\"path\":\"\",\"propertyPath\":\"/SALES_AREA_VKORG\",\"modelName\":\"NewYardModel\"}"}]}
RESULT: {"script":"<script> [1562 bytes]","args":[{"selector":{"controlType":"sap.m.Input","viewName":"etm.portal.ui.manageyards.view.New","viewId":"application-manageyards-display-component---NewYard","bindingPath":{"path":"","propertyPath":"/SALES_AREA_VKORG","modelName":"NewYardModel"},"interaction":{"idSuffix":"inner"}},"wdio_ui5_key":"etmportal.ui.manageyards.view.Newsap.m.Input{\"path\":\"\",\"propertyPath\":\"/SALES_AREA_VKORG\",\"modelName\":\"NewYardModel\"}"}]}
RESULT: undefined
COMMAND: POST /session/79689850af1d41ef46dc131fe5890470/execute/async - {"script":"<script> [776 bytes]","args":[{"enterText":"C002","selector":{"controlType":"sap.m.Input","viewName":"etm.portal.ui.manageyards.view.New","viewId":"application-manageyards-display-component---NewYard","bindingPath":{"path":"","propertyPath":"/SALES_AREA_VKORG","modelName":"NewYardModel"},"interaction":{"idSuffix":"inner"}},"clearTextFirst":true,"interactionType":"ENTER_TEXT"}]}
RESULT: {"script":"<script> [776 bytes]","args":[{"enterText":"C002","selector":{"controlType":"sap.m.Input","viewName":"etm.portal.ui.manageyards.view.New","viewId":"application-manageyards-display-component---NewYard","bindingPath":{"path":"","propertyPath":"/SALES_AREA_VKORG","modelName":"NewYardModel"},"interaction":{"idSuffix":"inner"}},"clearTextFirst":true,"interactionType":"ENTER_TEXT"}]}
COMMAND: POST /session/79689850af1d41ef46dc131fe5890470/execute/async - {"script":"<script> [1562 bytes]","args":[{"selector":{"controlType":"sap.m.Input","viewName":"etm.portal.ui.manageyards.view.New","viewId":"application-manageyards-display-component---NewYard","bindingPath":{"path":"","propertyPath":"/SALES_AREA_VTWEG","modelName":"NewYardModel"},"interaction":{"idSuffix":"inner"}},"wdio_ui5_key":"etmportal.ui.manageyards.view.Newsap.m.Input{\"path\":\"\",\"propertyPath\":\"/SALES_AREA_VTWEG\",\"modelName\":\"NewYardModel\"}"}]}
RESULT: {"script":"<script> [1562 bytes]","args":[{"selector":{"controlType":"sap.m.Input","viewName":"etm.portal.ui.manageyards.view.New","viewId":"application-manageyards-display-component---NewYard","bindingPath":{"path":"","propertyPath":"/SALES_AREA_VTWEG","modelName":"NewYardModel"},"interaction":{"idSuffix":"inner"}},"wdio_ui5_key":"etmportal.ui.manageyards.view.Newsap.m.Input{\"path\":\"\",\"propertyPath\":\"/SALES_AREA_VTWEG\",\"modelName\":\"NewYardModel\"}"}]}
RESULT: undefined
COMMAND: POST /session/79689850af1d41ef46dc131fe5890470/execute/async - {"script":"<script> [776 bytes]","args":[{"enterText":"C2","selector":{"controlType":"sap.m.Input","viewName":"etm.portal.ui.manageyards.view.New","viewId":"application-manageyards-display-component---NewYard","bindingPath":{"path":"","propertyPath":"/SALES_AREA_VTWEG","modelName":"NewYardModel"},"interaction":{"idSuffix":"inner"}},"clearTextFirst":true,"interactionType":"ENTER_TEXT"}]}
RESULT: {"script":"<script> [776 bytes]","args":[{"enterText":"C2","selector":{"controlType":"sap.m.Input","viewName":"etm.portal.ui.manageyards.view.New","viewId":"application-manageyards-display-component---NewYard","bindingPath":{"path":"","propertyPath":"/SALES_AREA_VTWEG","modelName":"NewYardModel"},"interaction":{"idSuffix":"inner"}},"clearTextFirst":true,"interactionType":"ENTER_TEXT"}]}
COMMAND: POST /session/79689850af1d41ef46dc131fe5890470/execute/async - {"script":"<script> [1562 bytes]","args":[{"selector":{"controlType":"sap.m.Input","viewName":"etm.portal.ui.manageyards.view.New","viewId":"application-manageyards-display-component---NewYard","bindingPath":{"path":"","propertyPath":"/SALES_AREA_SPART","modelName":"NewYardModel"},"interaction":{"idSuffix":"inner"}},"wdio_ui5_key":"etmportal.ui.manageyards.view.Newsap.m.Input{\"path\":\"\",\"propertyPath\":\"/SALES_AREA_SPART\",\"modelName\":\"NewYardModel\"}"}]}
RESULT: {"script":"<script> [1562 bytes]","args":[{"selector":{"controlType":"sap.m.Input","viewName":"etm.portal.ui.manageyards.view.New","viewId":"application-manageyards-display-component---NewYard","bindingPath":{"path":"","propertyPath":"/SALES_AREA_SPART","modelName":"NewYardModel"},"interaction":{"idSuffix":"inner"}},"wdio_ui5_key":"etmportal.ui.manageyards.view.Newsap.m.Input{\"path\":\"\",\"propertyPath\":\"/SALES_AREA_SPART\",\"modelName\":\"NewYardModel\"}"}]}
RESULT: undefined
COMMAND: POST /session/79689850af1d41ef46dc131fe5890470/execute/async - {"script":"<script> [776 bytes]","args":[{"enterText":"C2","selector":{"controlType":"sap.m.Input","viewName":"etm.portal.ui.manageyards.view.New","viewId":"application-manageyards-display-component---NewYard","bindingPath":{"path":"","propertyPath":"/SALES_AREA_SPART","modelName":"NewYardModel"},"interaction":{"idSuffix":"inner"}},"clearTextFirst":true,"interactionType":"ENTER_TEXT"}]}
RESULT: {"script":"<script> [776 bytes]","args":[{"enterText":"C2","selector":{"controlType":"sap.m.Input","viewName":"etm.portal.ui.manageyards.view.New","viewId":"application-manageyards-display-component---NewYard","bindingPath":{"path":"","propertyPath":"/SALES_AREA_SPART","modelName":"NewYardModel"},"interaction":{"idSuffix":"inner"}},"clearTextFirst":true,"interactionType":"ENTER_TEXT"}]}
COMMAND: POST /session/79689850af1d41ef46dc131fe5890470/execute/async - {"script":"<script> [1562 bytes]","args":[{"selector":{"controlType":"sap.m.Input","viewName":"etm.portal.ui.manageyards.view.New","viewId":"application-manageyards-display-component---NewYard","bindingPath":{"path":"","propertyPath":"/SHIP_POINT","modelName":"NewYardModel"},"interaction":{"idSuffix":"inner"}},"wdio_ui5_key":"etmportal.ui.manageyards.view.Newsap.m.Input{\"path\":\"\",\"propertyPath\":\"/SHIP_POINT\",\"modelName\":\"NewYardModel\"}"}]}
RESULT: {"script":"<script> [1562 bytes]","args":[{"selector":{"controlType":"sap.m.Input","viewName":"etm.portal.ui.manageyards.view.New","viewId":"application-manageyards-display-component---NewYard","bindingPath":{"path":"","propertyPath":"/SHIP_POINT","modelName":"NewYardModel"},"interaction":{"idSuffix":"inner"}},"wdio_ui5_key":"etmportal.ui.manageyards.view.Newsap.m.Input{\"path\":\"\",\"propertyPath\":\"/SHIP_POINT\",\"modelName\":\"NewYardModel\"}"}]}
RESULT: undefined
COMMAND: POST /session/79689850af1d41ef46dc131fe5890470/execute/async - {"script":"<script> [776 bytes]","args":[{"enterText":"1710","selector":{"controlType":"sap.m.Input","viewName":"etm.portal.ui.manageyards.view.New","viewId":"application-manageyards-display-component---NewYard","bindingPath":{"path":"","propertyPath":"/SHIP_POINT","modelName":"NewYardModel"},"interaction":{"idSuffix":"inner"}},"clearTextFirst":true,"interactionType":"ENTER_TEXT"}]}
RESULT: {"script":"<script> [776 bytes]","args":[{"enterText":"1710","selector":{"controlType":"sap.m.Input","viewName":"etm.portal.ui.manageyards.view.New","viewId":"application-manageyards-display-component---NewYard","bindingPath":{"path":"","propertyPath":"/SHIP_POINT","modelName":"NewYardModel"},"interaction":{"idSuffix":"inner"}},"clearTextFirst":true,"interactionType":"ENTER_TEXT"}]}
COMMAND: POST /session/79689850af1d41ef46dc131fe5890470/execute/async - {"script":"<script> [1562 bytes]","args":[{"selector":{"controlType":"sap.m.Input","viewName":"etm.portal.ui.manageyards.view.New","viewId":"application-manageyards-display-component---NewYard","bindingPath":{"path":"","propertyPath":"/DELIVERY_TYPE","modelName":"NewYardModel"},"interaction":{"idSuffix":"inner"}},"wdio_ui5_key":"etmportal.ui.manageyards.view.Newsap.m.Input{\"path\":\"\",\"propertyPath\":\"/DELIVERY_TYPE\",\"modelName\":\"NewYardModel\"}"}]}
RESULT: {"script":"<script> [1562 bytes]","args":[{"selector":{"controlType":"sap.m.Input","viewName":"etm.portal.ui.manageyards.view.New","viewId":"application-manageyards-display-component---NewYard","bindingPath":{"path":"","propertyPath":"/DELIVERY_TYPE","modelName":"NewYardModel"},"interaction":{"idSuffix":"inner"}},"wdio_ui5_key":"etmportal.ui.manageyards.view.Newsap.m.Input{\"path\":\"\",\"propertyPath\":\"/DELIVERY_TYPE\",\"modelName\":\"NewYardModel\"}"}]}
RESULT: undefined
COMMAND: POST /session/79689850af1d41ef46dc131fe5890470/execute/async - {"script":"<script> [776 bytes]","args":[{"enterText":"ZL01","selector":{"controlType":"sap.m.Input","viewName":"etm.portal.ui.manageyards.view.New","viewId":"application-manageyards-display-component---NewYard","bindingPath":{"path":"","propertyPath":"/DELIVERY_TYPE","modelName":"NewYardModel"},"interaction":{"idSuffix":"inner"}},"clearTextFirst":true,"interactionType":"ENTER_TEXT"}]}
RESULT: {"script":"<script> [776 bytes]","args":[{"enterText":"ZL01","selector":{"controlType":"sap.m.Input","viewName":"etm.portal.ui.manageyards.view.New","viewId":"application-manageyards-display-component---NewYard","bindingPath":{"path":"","propertyPath":"/DELIVERY_TYPE","modelName":"NewYardModel"},"interaction":{"idSuffix":"inner"}},"clearTextFirst":true,"interactionType":"ENTER_TEXT"}]}
COMMAND: POST /session/79689850af1d41ef46dc131fe5890470/execute/async - {"script":"<script> [1562 bytes]","args":[{"selector":{"controlType":"sap.m.Input","viewName":"etm.portal.ui.manageyards.view.New","viewId":"application-manageyards-display-component---NewYard","bindingPath":{"path":"","propertyPath":"/AUART","modelName":"NewYardModel"},"interaction":{"idSuffix":"inner"}},"wdio_ui5_key":"etmportal.ui.manageyards.view.Newsap.m.Input{\"path\":\"\",\"propertyPath\":\"/AUART\",\"modelName\":\"NewYardModel\"}"}]}
RESULT: {"script":"<script> [1562 bytes]","args":[{"selector":{"controlType":"sap.m.Input","viewName":"etm.portal.ui.manageyards.view.New","viewId":"application-manageyards-display-component---NewYard","bindingPath":{"path":"","propertyPath":"/AUART","modelName":"NewYardModel"},"interaction":{"idSuffix":"inner"}},"wdio_ui5_key":"etmportal.ui.manageyards.view.Newsap.m.Input{\"path\":\"\",\"propertyPath\":\"/AUART\",\"modelName\":\"NewYardModel\"}"}]}
RESULT: undefined
COMMAND: POST /session/79689850af1d41ef46dc131fe5890470/execute/async - {"script":"<script> [776 bytes]","args":[{"enterText":"TA","selector":{"controlType":"sap.m.Input","viewName":"etm.portal.ui.manageyards.view.New","viewId":"application-manageyards-display-component---NewYard","bindingPath":{"path":"","propertyPath":"/AUART","modelName":"NewYardModel"},"interaction":{"idSuffix":"inner"}},"clearTextFirst":true,"interactionType":"ENTER_TEXT"}]}
RESULT: {"script":"<script> [776 bytes]","args":[{"enterText":"TA","selector":{"controlType":"sap.m.Input","viewName":"etm.portal.ui.manageyards.view.New","viewId":"application-manageyards-display-component---NewYard","bindingPath":{"path":"","propertyPath":"/AUART","modelName":"NewYardModel"},"interaction":{"idSuffix":"inner"}},"clearTextFirst":true,"interactionType":"ENTER_TEXT"}]}
COMMAND: POST /session/79689850af1d41ef46dc131fe5890470/element - {"using":"xpath","value":"//button[@data-kt=\"newYardSaveButton\"]"}
RESULT: {"using":"xpath","value":"//button[@data-kt=\"newYardSaveButton\"]"}
COMMAND: POST /session/79689850af1d41ef46dc131fe5890470/element/f.3A2B8E27F6B6549B06BE95D0839BE483.d.B921363A24ABEEB6C84A937FE964C932.e.6639/click - {}
RESULT: {}
COMMAND: GET /session/79689850af1d41ef46dc131fe5890470/screenshot - {}
RESULT: {}
COMMAND: POST /session/79689850af1d41ef46dc131fe5890470/element - {"using":"xpath","value":"//header[contains(@id, 'ObjectPageLayout-headerTitle')]/div[1]/div[2]/div[1]/span[1]"}
RESULT: {"using":"xpath","value":"//header[contains(@id, 'ObjectPageLayout-headerTitle')]/div[1]/div[2]/div[1]/span[1]"}
COMMAND: POST /session/79689850af1d41ef46dc131fe5890470/elements - {"using":"xpath","value":"//header[contains(@id, 'ObjectPageLayout-headerTitle')]/div[1]/div[2]/div[1]/span[1]"}
RESULT: {"using":"xpath","value":"//header[contains(@id, 'ObjectPageLayout-headerTitle')]/div[1]/div[2]/div[1]/span[1]"}
COMMAND: POST /session/79689850af1d41ef46dc131fe5890470/execute/sync - {"script":"<script> [56 bytes]","args":[{"element-6066-11e4-a52e-4f735466cecf":"f.3A2B8E27F6B6549B06BE95D0839BE483.d.B921363A24ABEEB6C84A937FE964C932.e.6959","ELEMENT":"f.3A2B8E27F6B6549B06BE95D0839BE483.d.B921363A24ABEEB6C84A937FE964C932.e.6959"}]}
RESULT: {"script":"<script> [56 bytes]","args":[{"element-6066-11e4-a52e-4f735466cecf":"f.3A2B8E27F6B6549B06BE95D0839BE483.d.B921363A24ABEEB6C84A937FE964C932.e.6959","ELEMENT":"f.3A2B8E27F6B6549B06BE95D0839BE483.d.B921363A24ABEEB6C84A937FE964C932.e.6959"}]}
COMMAND: GET /session/79689850af1d41ef46dc131fe5890470/screenshot - {}
RESULT: {}
COMMAND: POST /session/79689850af1d41ef46dc131fe5890470/element - {"using":"css selector","value":"#shell-header-logo"}
RESULT: {"using":"css selector","value":"#shell-header-logo"}
COMMAND: POST /session/79689850af1d41ef46dc131fe5890470/element/f.3A2B8E27F6B6549B06BE95D0839BE483.d.B921363A24ABEEB6C84A937FE964C932.e.6212/click - {}
RESULT: {}
COMMAND: GET /session/79689850af1d41ef46dc131fe5890470/screenshot - {}
RESULT: {}
COMMAND: POST /session/79689850af1d41ef46dc131fe5890470/execute/sync - {"script":"<script> [299 bytes]","args":[["getModel","getResource"]]}
RESULT: {"script":"<script> [299 bytes]","args":[["getModel","getResource"]]}
COMMAND: GET /session/79689850af1d41ef46dc131fe5890470/screenshot - {}
]]></system-out>
    </testcase>
    <testcase classname="chrome.135_0_7049_96.windows.Create_master_data_for_mixed_billing_&amp;_do_billing_calculation_US151661" name="Should create a new partner" time="116.378">
      <system-out><![CDATA[
COMMAND: POST /session/79689850af1d41ef46dc131fe5890470/window/fullscreen - {}
RESULT: {}
RESULT: {}
COMMAND: POST /session/79689850af1d41ef46dc131fe5890470/execute/async - {"script":"<script> [1562 bytes]","args":[{"selector":{"controlType":"sap.m.GenericTile","properties":{"header":"Manage Partners"}},"wdio_ui5_key":"sapm.GenericTile{\"header\":\"Manage Partners\"}"}]}
RESULT: {"script":"<script> [1562 bytes]","args":[{"selector":{"controlType":"sap.m.GenericTile","properties":{"header":"Manage Partners"}},"wdio_ui5_key":"sapm.GenericTile{\"header\":\"Manage Partners\"}"}]}
RESULT: undefined
COMMAND: POST /session/79689850af1d41ef46dc131fe5890470/element - {"using":"xpath","value":"//*[@id=\"__tile38\"]"}
RESULT: {"using":"xpath","value":"//*[@id=\"__tile38\"]"}
COMMAND: POST /session/79689850af1d41ef46dc131fe5890470/element/f.3A2B8E27F6B6549B06BE95D0839BE483.d.B921363A24ABEEB6C84A937FE964C932.e.6110/click - {}
RESULT: {}
COMMAND: POST /session/79689850af1d41ef46dc131fe5890470/element - {"using":"xpath","value":"//button[@data-kt=\"addButton\"]"}
COMMAND: GET /session/79689850af1d41ef46dc131fe5890470/screenshot - {}
RESULT: {"using":"xpath","value":"//button[@data-kt=\"addButton\"]"}
COMMAND: POST /session/79689850af1d41ef46dc131fe5890470/elements - {"using":"xpath","value":"//button[@data-kt=\"addButton\"]"}
RESULT: {}
RESULT: {"using":"xpath","value":"//button[@data-kt=\"addButton\"]"}
COMMAND: POST /session/79689850af1d41ef46dc131fe5890470/elements - {"using":"xpath","value":"//button[@data-kt=\"addButton\"]"}
RESULT: {"using":"xpath","value":"//button[@data-kt=\"addButton\"]"}
COMMAND: POST /session/79689850af1d41ef46dc131fe5890470/elements - {"using":"xpath","value":"//button[@data-kt=\"addButton\"]"}
RESULT: {"using":"xpath","value":"//button[@data-kt=\"addButton\"]"}
COMMAND: POST /session/79689850af1d41ef46dc131fe5890470/elements - {"using":"xpath","value":"//button[@data-kt=\"addButton\"]"}
RESULT: {"using":"xpath","value":"//button[@data-kt=\"addButton\"]"}
COMMAND: POST /session/79689850af1d41ef46dc131fe5890470/elements - {"using":"xpath","value":"//button[@data-kt=\"addButton\"]"}
RESULT: {"using":"xpath","value":"//button[@data-kt=\"addButton\"]"}
COMMAND: POST /session/79689850af1d41ef46dc131fe5890470/elements - {"using":"xpath","value":"//button[@data-kt=\"addButton\"]"}
RESULT: {"using":"xpath","value":"//button[@data-kt=\"addButton\"]"}
COMMAND: POST /session/79689850af1d41ef46dc131fe5890470/elements - {"using":"xpath","value":"//button[@data-kt=\"addButton\"]"}
RESULT: {"using":"xpath","value":"//button[@data-kt=\"addButton\"]"}
COMMAND: POST /session/79689850af1d41ef46dc131fe5890470/elements - {"using":"xpath","value":"//button[@data-kt=\"addButton\"]"}
RESULT: {"using":"xpath","value":"//button[@data-kt=\"addButton\"]"}
COMMAND: POST /session/79689850af1d41ef46dc131fe5890470/elements - {"using":"xpath","value":"//button[@data-kt=\"addButton\"]"}
RESULT: {"using":"xpath","value":"//button[@data-kt=\"addButton\"]"}
COMMAND: POST /session/79689850af1d41ef46dc131fe5890470/elements - {"using":"xpath","value":"//button[@data-kt=\"addButton\"]"}
RESULT: {"using":"xpath","value":"//button[@data-kt=\"addButton\"]"}
COMMAND: POST /session/79689850af1d41ef46dc131fe5890470/elements - {"using":"xpath","value":"//button[@data-kt=\"addButton\"]"}
RESULT: {"using":"xpath","value":"//button[@data-kt=\"addButton\"]"}
COMMAND: POST /session/79689850af1d41ef46dc131fe5890470/elements - {"using":"xpath","value":"//button[@data-kt=\"addButton\"]"}
RESULT: {"using":"xpath","value":"//button[@data-kt=\"addButton\"]"}
COMMAND: POST /session/79689850af1d41ef46dc131fe5890470/elements - {"using":"xpath","value":"//button[@data-kt=\"addButton\"]"}
RESULT: {"using":"xpath","value":"//button[@data-kt=\"addButton\"]"}
COMMAND: POST /session/79689850af1d41ef46dc131fe5890470/elements - {"using":"xpath","value":"//button[@data-kt=\"addButton\"]"}
RESULT: {"using":"xpath","value":"//button[@data-kt=\"addButton\"]"}
COMMAND: POST /session/79689850af1d41ef46dc131fe5890470/elements - {"using":"xpath","value":"//button[@data-kt=\"addButton\"]"}
RESULT: {"using":"xpath","value":"//button[@data-kt=\"addButton\"]"}
COMMAND: POST /session/79689850af1d41ef46dc131fe5890470/elements - {"using":"xpath","value":"//button[@data-kt=\"addButton\"]"}
RESULT: {"using":"xpath","value":"//button[@data-kt=\"addButton\"]"}
COMMAND: POST /session/79689850af1d41ef46dc131fe5890470/elements - {"using":"xpath","value":"//button[@data-kt=\"addButton\"]"}
RESULT: {"using":"xpath","value":"//button[@data-kt=\"addButton\"]"}
COMMAND: POST /session/79689850af1d41ef46dc131fe5890470/element - {"using":"xpath","value":"//button[@data-kt=\"addButton\"]"}
RESULT: {"using":"xpath","value":"//button[@data-kt=\"addButton\"]"}
COMMAND: POST /session/79689850af1d41ef46dc131fe5890470/execute/sync - {"script":"<script> [8489 bytes]","args":[{"element-6066-11e4-a52e-4f735466cecf":"f.3A2B8E27F6B6549B06BE95D0839BE483.d.B921363A24ABEEB6C84A937FE964C932.e.6997","ELEMENT":"f.3A2B8E27F6B6549B06BE95D0839BE483.d.B921363A24ABEEB6C84A937FE964C932.e.6997"}]}
RESULT: {"script":"<script> [8489 bytes]","args":[{"element-6066-11e4-a52e-4f735466cecf":"f.3A2B8E27F6B6549B06BE95D0839BE483.d.B921363A24ABEEB6C84A937FE964C932.e.6997","ELEMENT":"f.3A2B8E27F6B6549B06BE95D0839BE483.d.B921363A24ABEEB6C84A937FE964C932.e.6997"}]}
COMMAND: GET /session/79689850af1d41ef46dc131fe5890470/element/f.3A2B8E27F6B6549B06BE95D0839BE483.d.B921363A24ABEEB6C84A937FE964C932.e.6997/enabled - {}
COMMAND: GET /session/79689850af1d41ef46dc131fe5890470/screenshot - {}
RESULT: {}
COMMAND: POST /session/79689850af1d41ef46dc131fe5890470/execute/sync - {"script":"<script> [8489 bytes]","args":[{"element-6066-11e4-a52e-4f735466cecf":"f.3A2B8E27F6B6549B06BE95D0839BE483.d.B921363A24ABEEB6C84A937FE964C932.e.6997","ELEMENT":"f.3A2B8E27F6B6549B06BE95D0839BE483.d.B921363A24ABEEB6C84A937FE964C932.e.6997"}]}
COMMAND: GET /session/79689850af1d41ef46dc131fe5890470/screenshot - {}
RESULT: {}
RESULT: {"script":"<script> [8489 bytes]","args":[{"element-6066-11e4-a52e-4f735466cecf":"f.3A2B8E27F6B6549B06BE95D0839BE483.d.B921363A24ABEEB6C84A937FE964C932.e.6997","ELEMENT":"f.3A2B8E27F6B6549B06BE95D0839BE483.d.B921363A24ABEEB6C84A937FE964C932.e.6997"}]}
COMMAND: POST /session/79689850af1d41ef46dc131fe5890470/execute/sync - {"script":"<script> [5351 bytes]","args":[{"element-6066-11e4-a52e-4f735466cecf":"f.3A2B8E27F6B6549B06BE95D0839BE483.d.B921363A24ABEEB6C84A937FE964C932.e.6997","ELEMENT":"f.3A2B8E27F6B6549B06BE95D0839BE483.d.B921363A24ABEEB6C84A937FE964C932.e.6997"}]}
COMMAND: GET /session/79689850af1d41ef46dc131fe5890470/screenshot - {}
RESULT: {}
RESULT: {"script":"<script> [5351 bytes]","args":[{"element-6066-11e4-a52e-4f735466cecf":"f.3A2B8E27F6B6549B06BE95D0839BE483.d.B921363A24ABEEB6C84A937FE964C932.e.6997","ELEMENT":"f.3A2B8E27F6B6549B06BE95D0839BE483.d.B921363A24ABEEB6C84A937FE964C932.e.6997"}]}
COMMAND: POST /session/79689850af1d41ef46dc131fe5890470/element/f.3A2B8E27F6B6549B06BE95D0839BE483.d.B921363A24ABEEB6C84A937FE964C932.e.6997/click - {}
COMMAND: GET /session/79689850af1d41ef46dc131fe5890470/screenshot - {}
RESULT: {}
RESULT: {}
COMMAND: GET /session/79689850af1d41ef46dc131fe5890470/screenshot - {}
COMMAND: POST /session/79689850af1d41ef46dc131fe5890470/execute/async - {"script":"<script> [1562 bytes]","args":[{"selector":{"id":"application-managepartners-display-component---NewPartner--addressDetailDetailsName1","interaction":{"idSuffix":"inner"}},"wdio_ui5_key":"applicationmanagepartners-display-component---NewPartner--addressDetailDetailsName1"}]}
RESULT: {}
RESULT: {}
RESULT: {"script":"<script> [1562 bytes]","args":[{"selector":{"id":"application-managepartners-display-component---NewPartner--addressDetailDetailsName1","interaction":{"idSuffix":"inner"}},"wdio_ui5_key":"applicationmanagepartners-display-component---NewPartner--addressDetailDetailsName1"}]}
RESULT: undefined
COMMAND: POST /session/79689850af1d41ef46dc131fe5890470/execute/async - {"script":"<script> [776 bytes]","args":[{"enterText":"Intercompany Partner WDIO","selector":{"id":"application-managepartners-display-component---NewPartner--addressDetailDetailsName1","interaction":{"idSuffix":"inner"}},"clearTextFirst":true,"interactionType":"ENTER_TEXT"}]}
RESULT: {"script":"<script> [776 bytes]","args":[{"enterText":"Intercompany Partner WDIO","selector":{"id":"application-managepartners-display-component---NewPartner--addressDetailDetailsName1","interaction":{"idSuffix":"inner"}},"clearTextFirst":true,"interactionType":"ENTER_TEXT"}]}
COMMAND: POST /session/79689850af1d41ef46dc131fe5890470/execute/async - {"script":"<script> [1562 bytes]","args":[{"selector":{"id":"application-managepartners-display-component---NewPartner--addressDetailDetailsLanguage-arrow"},"wdio_ui5_key":"applicationmanagepartners-display-component---NewPartner--addressDetailDetailsLanguage-arrow"}]}
RESULT: {"script":"<script> [1562 bytes]","args":[{"selector":{"id":"application-managepartners-display-component---NewPartner--addressDetailDetailsLanguage-arrow"},"wdio_ui5_key":"applicationmanagepartners-display-component---NewPartner--addressDetailDetailsLanguage-arrow"}]}
RESULT: undefined
COMMAND: POST /session/79689850af1d41ef46dc131fe5890470/element - {"using":"xpath","value":"//*[@id=\"application-managepartners-display-component---NewPartner--addressDetailDetailsLanguage-arrow\"]"}
RESULT: {"using":"xpath","value":"//*[@id=\"application-managepartners-display-component---NewPartner--addressDetailDetailsLanguage-arrow\"]"}
COMMAND: POST /session/79689850af1d41ef46dc131fe5890470/element/f.3A2B8E27F6B6549B06BE95D0839BE483.d.B921363A24ABEEB6C84A937FE964C932.e.7448/click - {}
RESULT: {}
COMMAND: POST /session/79689850af1d41ef46dc131fe5890470/element - {"using":"xpath","value":"//span[contains(text(), \"English\")]"}
COMMAND: GET /session/79689850af1d41ef46dc131fe5890470/screenshot - {}
RESULT: {"using":"xpath","value":"//span[contains(text(), \"English\")]"}
COMMAND: POST /session/79689850af1d41ef46dc131fe5890470/element/f.3A2B8E27F6B6549B06BE95D0839BE483.d.B921363A24ABEEB6C84A937FE964C932.e.7449/click - {}
RESULT: {}
RESULT: {}
COMMAND: GET /session/79689850af1d41ef46dc131fe5890470/screenshot - {}
RESULT: {}
COMMAND: POST /session/79689850af1d41ef46dc131fe5890470/execute/async - {"script":"<script> [1562 bytes]","args":[{"selector":{"id":"application-managepartners-display-component---NewPartner--addressDetailDetailsCity1","interaction":{"idSuffix":"inner"}},"wdio_ui5_key":"applicationmanagepartners-display-component---NewPartner--addressDetailDetailsCity1"}]}
RESULT: {"script":"<script> [1562 bytes]","args":[{"selector":{"id":"application-managepartners-display-component---NewPartner--addressDetailDetailsCity1","interaction":{"idSuffix":"inner"}},"wdio_ui5_key":"applicationmanagepartners-display-component---NewPartner--addressDetailDetailsCity1"}]}
RESULT: undefined
COMMAND: POST /session/79689850af1d41ef46dc131fe5890470/execute/async - {"script":"<script> [776 bytes]","args":[{"enterText":"Rosario","selector":{"id":"application-managepartners-display-component---NewPartner--addressDetailDetailsCity1","interaction":{"idSuffix":"inner"}},"clearTextFirst":true,"interactionType":"ENTER_TEXT"}]}
RESULT: {"script":"<script> [776 bytes]","args":[{"enterText":"Rosario","selector":{"id":"application-managepartners-display-component---NewPartner--addressDetailDetailsCity1","interaction":{"idSuffix":"inner"}},"clearTextFirst":true,"interactionType":"ENTER_TEXT"}]}
COMMAND: POST /session/79689850af1d41ef46dc131fe5890470/execute/async - {"script":"<script> [1562 bytes]","args":[{"selector":{"id":"application-managepartners-display-component---NewPartner--addressDetailDetailsCountry-arrow"},"wdio_ui5_key":"applicationmanagepartners-display-component---NewPartner--addressDetailDetailsCountry-arrow"}]}
RESULT: {"script":"<script> [1562 bytes]","args":[{"selector":{"id":"application-managepartners-display-component---NewPartner--addressDetailDetailsCountry-arrow"},"wdio_ui5_key":"applicationmanagepartners-display-component---NewPartner--addressDetailDetailsCountry-arrow"}]}
RESULT: undefined
COMMAND: POST /session/79689850af1d41ef46dc131fe5890470/element - {"using":"xpath","value":"//*[@id=\"application-managepartners-display-component---NewPartner--addressDetailDetailsCountry-arrow\"]"}
RESULT: {"using":"xpath","value":"//*[@id=\"application-managepartners-display-component---NewPartner--addressDetailDetailsCountry-arrow\"]"}
COMMAND: POST /session/79689850af1d41ef46dc131fe5890470/element/f.3A2B8E27F6B6549B06BE95D0839BE483.d.B921363A24ABEEB6C84A937FE964C932.e.7435/click - {}
RESULT: {}
COMMAND: POST /session/79689850af1d41ef46dc131fe5890470/element - {"using":"xpath","value":"//span[contains(text(), \"Argentina\")]"}
COMMAND: GET /session/79689850af1d41ef46dc131fe5890470/screenshot - {}
RESULT: {"using":"xpath","value":"//span[contains(text(), \"Argentina\")]"}
COMMAND: POST /session/79689850af1d41ef46dc131fe5890470/element/f.3A2B8E27F6B6549B06BE95D0839BE483.d.B921363A24ABEEB6C84A937FE964C932.e.7451/click - {}
RESULT: {}
RESULT: {}
COMMAND: GET /session/79689850af1d41ef46dc131fe5890470/screenshot - {}
RESULT: {}
COMMAND: POST /session/79689850af1d41ef46dc131fe5890470/element - {"using":"xpath","value":"//bdi[contains(text(), \"Commercial\")]"}
RESULT: {"using":"xpath","value":"//bdi[contains(text(), \"Commercial\")]"}
COMMAND: POST /session/79689850af1d41ef46dc131fe5890470/element/f.3A2B8E27F6B6549B06BE95D0839BE483.d.B921363A24ABEEB6C84A937FE964C932.e.7452/click - {}
RESULT: {}
COMMAND: GET /session/79689850af1d41ef46dc131fe5890470/screenshot - {}
RESULT: {}
COMMAND: POST /session/79689850af1d41ef46dc131fe5890470/execute/async - {"script":"<script> [1562 bytes]","args":[{"selector":{"id":"application-managepartners-display-component---NewPartner--partnerDetailInternal-arrow"},"wdio_ui5_key":"applicationmanagepartners-display-component---NewPartner--partnerDetailInternal-arrow"}]}
RESULT: {"script":"<script> [1562 bytes]","args":[{"selector":{"id":"application-managepartners-display-component---NewPartner--partnerDetailInternal-arrow"},"wdio_ui5_key":"applicationmanagepartners-display-component---NewPartner--partnerDetailInternal-arrow"}]}
RESULT: undefined
COMMAND: POST /session/79689850af1d41ef46dc131fe5890470/element - {"using":"xpath","value":"//*[@id=\"application-managepartners-display-component---NewPartner--partnerDetailInternal-arrow\"]"}
RESULT: {"using":"xpath","value":"//*[@id=\"application-managepartners-display-component---NewPartner--partnerDetailInternal-arrow\"]"}
COMMAND: POST /session/79689850af1d41ef46dc131fe5890470/element/f.3A2B8E27F6B6549B06BE95D0839BE483.d.B921363A24ABEEB6C84A937FE964C932.e.7458/click - {}
RESULT: {}
COMMAND: POST /session/79689850af1d41ef46dc131fe5890470/element - {"using":"xpath","value":"//span[contains(text(), \"Affiliated company\")]"}
COMMAND: GET /session/79689850af1d41ef46dc131fe5890470/screenshot - {}
RESULT: {"using":"xpath","value":"//span[contains(text(), \"Affiliated company\")]"}
COMMAND: POST /session/79689850af1d41ef46dc131fe5890470/element/f.3A2B8E27F6B6549B06BE95D0839BE483.d.B921363A24ABEEB6C84A937FE964C932.e.7461/click - {}
RESULT: {}
RESULT: {}
COMMAND: POST /session/79689850af1d41ef46dc131fe5890470/execute/async - {"script":"<script> [1562 bytes]","args":[{"selector":{"id":"application-managepartners-display-component---NewPartner--partnerDetailsCurrency-arrow"},"wdio_ui5_key":"applicationmanagepartners-display-component---NewPartner--partnerDetailsCurrency-arrow"}]}
COMMAND: GET /session/79689850af1d41ef46dc131fe5890470/screenshot - {}
RESULT: {"script":"<script> [1562 bytes]","args":[{"selector":{"id":"application-managepartners-display-component---NewPartner--partnerDetailsCurrency-arrow"},"wdio_ui5_key":"applicationmanagepartners-display-component---NewPartner--partnerDetailsCurrency-arrow"}]}
RESULT: undefined
COMMAND: POST /session/79689850af1d41ef46dc131fe5890470/element - {"using":"xpath","value":"//*[@id=\"application-managepartners-display-component---NewPartner--partnerDetailsCurrency-arrow\"]"}
RESULT: {}
RESULT: {"using":"xpath","value":"//*[@id=\"application-managepartners-display-component---NewPartner--partnerDetailsCurrency-arrow\"]"}
COMMAND: POST /session/79689850af1d41ef46dc131fe5890470/element/f.3A2B8E27F6B6549B06BE95D0839BE483.d.B921363A24ABEEB6C84A937FE964C932.e.7468/click - {}
RESULT: {}
COMMAND: POST /session/79689850af1d41ef46dc131fe5890470/element - {"using":"xpath","value":"//span[contains(text(), \"Euro\")]"}
COMMAND: GET /session/79689850af1d41ef46dc131fe5890470/screenshot - {}
RESULT: {"using":"xpath","value":"//span[contains(text(), \"Euro\")]"}
COMMAND: POST /session/79689850af1d41ef46dc131fe5890470/element/f.3A2B8E27F6B6549B06BE95D0839BE483.d.B921363A24ABEEB6C84A937FE964C932.e.7469/click - {}
RESULT: {}
RESULT: {}
COMMAND: POST /session/79689850af1d41ef46dc131fe5890470/execute/async - {"script":"<script> [1562 bytes]","args":[{"selector":{"id":"application-managepartners-display-component---NewPartner--addressEditDetailsCostObjectCstType-arrow"},"wdio_ui5_key":"applicationmanagepartners-display-component---NewPartner--addressEditDetailsCostObjectCstType-arrow"}]}
COMMAND: GET /session/79689850af1d41ef46dc131fe5890470/screenshot - {}
RESULT: {"script":"<script> [1562 bytes]","args":[{"selector":{"id":"application-managepartners-display-component---NewPartner--addressEditDetailsCostObjectCstType-arrow"},"wdio_ui5_key":"applicationmanagepartners-display-component---NewPartner--addressEditDetailsCostObjectCstType-arrow"}]}
RESULT: undefined
COMMAND: POST /session/79689850af1d41ef46dc131fe5890470/element - {"using":"xpath","value":"//*[@id=\"application-managepartners-display-component---NewPartner--addressEditDetailsCostObjectCstType-arrow\"]"}
RESULT: {}
RESULT: {"using":"xpath","value":"//*[@id=\"application-managepartners-display-component---NewPartner--addressEditDetailsCostObjectCstType-arrow\"]"}
COMMAND: POST /session/79689850af1d41ef46dc131fe5890470/element/f.3A2B8E27F6B6549B06BE95D0839BE483.d.B921363A24ABEEB6C84A937FE964C932.e.7470/click - {}
RESULT: {}
COMMAND: POST /session/79689850af1d41ef46dc131fe5890470/element - {"using":"xpath","value":"//span[contains(text(), \"Cost Center\")]"}
COMMAND: GET /session/79689850af1d41ef46dc131fe5890470/screenshot - {}
RESULT: {"using":"xpath","value":"//span[contains(text(), \"Cost Center\")]"}
COMMAND: POST /session/79689850af1d41ef46dc131fe5890470/element/f.3A2B8E27F6B6549B06BE95D0839BE483.d.B921363A24ABEEB6C84A937FE964C932.e.7471/click - {}
RESULT: {}
RESULT: {}
COMMAND: GET /session/79689850af1d41ef46dc131fe5890470/screenshot - {}
RESULT: {}
COMMAND: POST /session/79689850af1d41ef46dc131fe5890470/element - {"using":"xpath","value":"//span[@id=\"application-managepartners-display-component---NewPartner--addressNewCostObjectCstID-vhi\"]"}
RESULT: {"using":"xpath","value":"//span[@id=\"application-managepartners-display-component---NewPartner--addressNewCostObjectCstID-vhi\"]"}
COMMAND: POST /session/79689850af1d41ef46dc131fe5890470/execute/sync - {"script":"<script> [8489 bytes]","args":[{"element-6066-11e4-a52e-4f735466cecf":"f.3A2B8E27F6B6549B06BE95D0839BE483.d.B921363A24ABEEB6C84A937FE964C932.e.7475","ELEMENT":"f.3A2B8E27F6B6549B06BE95D0839BE483.d.B921363A24ABEEB6C84A937FE964C932.e.7475"}]}
RESULT: {"script":"<script> [8489 bytes]","args":[{"element-6066-11e4-a52e-4f735466cecf":"f.3A2B8E27F6B6549B06BE95D0839BE483.d.B921363A24ABEEB6C84A937FE964C932.e.7475","ELEMENT":"f.3A2B8E27F6B6549B06BE95D0839BE483.d.B921363A24ABEEB6C84A937FE964C932.e.7475"}]}
COMMAND: POST /session/79689850af1d41ef46dc131fe5890470/execute/async - {"script":"<script> [1562 bytes]","args":[{"selector":{"id":"application-managepartners-display-component---NewPartner--addressNewCostObjectCstID-vhi"},"wdio_ui5_key":"applicationmanagepartners-display-component---NewPartner--addressNewCostObjectCstID-vhi"}]}
COMMAND: GET /session/79689850af1d41ef46dc131fe5890470/screenshot - {}
RESULT: {"script":"<script> [1562 bytes]","args":[{"selector":{"id":"application-managepartners-display-component---NewPartner--addressNewCostObjectCstID-vhi"},"wdio_ui5_key":"applicationmanagepartners-display-component---NewPartner--addressNewCostObjectCstID-vhi"}]}
RESULT: undefined
COMMAND: POST /session/79689850af1d41ef46dc131fe5890470/element - {"using":"xpath","value":"//*[@id=\"application-managepartners-display-component---NewPartner--addressNewCostObjectCstID-vhi\"]"}
RESULT: {}
RESULT: {"using":"xpath","value":"//*[@id=\"application-managepartners-display-component---NewPartner--addressNewCostObjectCstID-vhi\"]"}
COMMAND: POST /session/79689850af1d41ef46dc131fe5890470/element/f.3A2B8E27F6B6549B06BE95D0839BE483.d.B921363A24ABEEB6C84A937FE964C932.e.7475/click - {}
RESULT: {}
COMMAND: GET /session/79689850af1d41ef46dc131fe5890470/screenshot - {}
RESULT: {}
RESULT: undefined
COMMAND: POST /session/79689850af1d41ef46dc131fe5890470/execute/async - {"script":"<script> [776 bytes]","args":[{"enterText":"10001013","selector":{"controlType":"sap.m.SearchField","properties":{"placeholder":"Search"},"searchOpenDialogs":true,"interaction":{"idSuffix":"I"}},"clearTextFirst":true,"interactionType":"ENTER_TEXT"}]}
RESULT: {"script":"<script> [776 bytes]","args":[{"enterText":"10001013","selector":{"controlType":"sap.m.SearchField","properties":{"placeholder":"Search"},"searchOpenDialogs":true,"interaction":{"idSuffix":"I"}},"clearTextFirst":true,"interactionType":"ENTER_TEXT"}]}
COMMAND: POST /session/79689850af1d41ef46dc131fe5890470/actions - {"actions":[{"id":"action21","type":"key","parameters":{},"actions":[{"type":"keyDown","value":"î€‡"},{"type":"pause","duration":10},{"type":"keyUp","value":"î€‡"}]}]}
RESULT: {"actions":[{"id":"action21","type":"key","parameters":{},"actions":[{"type":"keyDown","value":"î€‡"},{"type":"pause","duration":10},{"type":"keyUp","value":"î€‡"}]}]}
COMMAND: GET /session/79689850af1d41ef46dc131fe5890470/screenshot - {}
RESULT: {}
COMMAND: POST /session/79689850af1d41ef46dc131fe5890470/element - {"using":"xpath","value":"//span[contains(text(), \"General Management\")]"}
RESULT: {"using":"xpath","value":"//span[contains(text(), \"General Management\")]"}
COMMAND: POST /session/79689850af1d41ef46dc131fe5890470/element/f.3A2B8E27F6B6549B06BE95D0839BE483.d.B921363A24ABEEB6C84A937FE964C932.e.7514/click - {}
RESULT: {}
COMMAND: GET /session/79689850af1d41ef46dc131fe5890470/screenshot - {}
RESULT: {}
COMMAND: POST /session/79689850af1d41ef46dc131fe5890470/element - {"using":"xpath","value":"//bdi[contains(text(), \"OK\")]"}
RESULT: {"using":"xpath","value":"//bdi[contains(text(), \"OK\")]"}
COMMAND: POST /session/79689850af1d41ef46dc131fe5890470/element/f.3A2B8E27F6B6549B06BE95D0839BE483.d.B921363A24ABEEB6C84A937FE964C932.e.7515/click - {}
RESULT: {}
COMMAND: GET /session/79689850af1d41ef46dc131fe5890470/screenshot - {}
RESULT: {}
COMMAND: POST /session/79689850af1d41ef46dc131fe5890470/element - {"using":"xpath","value":"//input[@id=\"application-managepartners-display-component---NewPartner--companyCodeComboBox-inner\"]"}
RESULT: {"using":"xpath","value":"//input[@id=\"application-managepartners-display-component---NewPartner--companyCodeComboBox-inner\"]"}
COMMAND: POST /session/79689850af1d41ef46dc131fe5890470/element/f.3A2B8E27F6B6549B06BE95D0839BE483.d.B921363A24ABEEB6C84A937FE964C932.e.7306/clear - {}
RESULT: {}
COMMAND: POST /session/79689850af1d41ef46dc131fe5890470/element/f.3A2B8E27F6B6549B06BE95D0839BE483.d.B921363A24ABEEB6C84A937FE964C932.e.7306/value - {"text":"C002"}
COMMAND: GET /session/79689850af1d41ef46dc131fe5890470/screenshot - {}
RESULT: {"text":"C002"}
COMMAND: GET /session/79689850af1d41ef46dc131fe5890470/screenshot - {}
RESULT: {}
RESULT: {}
COMMAND: POST /session/79689850af1d41ef46dc131fe5890470/element - {"using":"xpath","value":"//span[contains(text(), \"C002\")]"}
RESULT: {"using":"xpath","value":"//span[contains(text(), \"C002\")]"}
COMMAND: POST /session/79689850af1d41ef46dc131fe5890470/element/f.3A2B8E27F6B6549B06BE95D0839BE483.d.B921363A24ABEEB6C84A937FE964C932.e.7521/click - {}
RESULT: {}
COMMAND: GET /session/79689850af1d41ef46dc131fe5890470/screenshot - {}
RESULT: {}
COMMAND: POST /session/79689850af1d41ef46dc131fe5890470/execute/async - {"script":"<script> [1562 bytes]","args":[{"selector":{"id":"application-managepartners-display-component---NewPartner--btnAddTableRow-img"},"wdio_ui5_key":"applicationmanagepartners-display-component---NewPartner--btnAddTableRow-img"}]}
RESULT: {"script":"<script> [1562 bytes]","args":[{"selector":{"id":"application-managepartners-display-component---NewPartner--btnAddTableRow-img"},"wdio_ui5_key":"applicationmanagepartners-display-component---NewPartner--btnAddTableRow-img"}]}
RESULT: undefined
COMMAND: POST /session/79689850af1d41ef46dc131fe5890470/element - {"using":"xpath","value":"//*[@id=\"application-managepartners-display-component---NewPartner--btnAddTableRow-img\"]"}
RESULT: {"using":"xpath","value":"//*[@id=\"application-managepartners-display-component---NewPartner--btnAddTableRow-img\"]"}
COMMAND: POST /session/79689850af1d41ef46dc131fe5890470/element/f.3A2B8E27F6B6549B06BE95D0839BE483.d.B921363A24ABEEB6C84A937FE964C932.e.7522/click - {}
RESULT: {}
COMMAND: GET /session/79689850af1d41ef46dc131fe5890470/screenshot - {}
RESULT: {}
COMMAND: POST /session/79689850af1d41ef46dc131fe5890470/element - {"using":"xpath","value":"//input[@id=\"application-managepartners-display-component---NewPartner--assignmentYard-application-managepartners-display-component---NewPartner--assignmentsTable-0-inner\"]"}
RESULT: {"using":"xpath","value":"//input[@id=\"application-managepartners-display-component---NewPartner--assignmentYard-application-managepartners-display-component---NewPartner--assignmentsTable-0-inner\"]"}
COMMAND: POST /session/79689850af1d41ef46dc131fe5890470/element/f.3A2B8E27F6B6549B06BE95D0839BE483.d.B921363A24ABEEB6C84A937FE964C932.e.7525/clear - {}
RESULT: {}
COMMAND: POST /session/79689850af1d41ef46dc131fe5890470/element/f.3A2B8E27F6B6549B06BE95D0839BE483.d.B921363A24ABEEB6C84A937FE964C932.e.7525/value - {"text":"496"}
COMMAND: GET /session/79689850af1d41ef46dc131fe5890470/screenshot - {}
RESULT: {"text":"496"}
COMMAND: GET /session/79689850af1d41ef46dc131fe5890470/screenshot - {}
RESULT: {}
RESULT: {}
COMMAND: POST /session/79689850af1d41ef46dc131fe5890470/element - {"using":"xpath","value":"//li[.//span[text()='496']]"}
RESULT: {"using":"xpath","value":"//li[.//span[text()='496']]"}
COMMAND: POST /session/79689850af1d41ef46dc131fe5890470/element/f.3A2B8E27F6B6549B06BE95D0839BE483.d.B921363A24ABEEB6C84A937FE964C932.e.7534/click - {}
RESULT: {}
COMMAND: GET /session/79689850af1d41ef46dc131fe5890470/screenshot - {}
RESULT: {}
COMMAND: POST /session/79689850af1d41ef46dc131fe5890470/actions - {"actions":[{"id":"action22","type":"key","parameters":{},"actions":[{"type":"keyDown","value":"î€‡"},{"type":"pause","duration":10},{"type":"keyUp","value":"î€‡"}]}]}
RESULT: {"actions":[{"id":"action22","type":"key","parameters":{},"actions":[{"type":"keyDown","value":"î€‡"},{"type":"pause","duration":10},{"type":"keyUp","value":"î€‡"}]}]}
COMMAND: POST /session/79689850af1d41ef46dc131fe5890470/execute/async - {"script":"<script> [1562 bytes]","args":[{"selector":{"id":"application-managepartners-display-component---NewPartner--externalCustomerComboBox-application-managepartners-display-component---NewPartner--assignmentsTable-0-vhi"},"wdio_ui5_key":"applicationmanagepartners-display-component---NewPartner--externalCustomerComboBox-application-managepartners-display-component---NewPartner--assignmentsTable-0-vhi"}]}
COMMAND: GET /session/79689850af1d41ef46dc131fe5890470/screenshot - {}
RESULT: {"script":"<script> [1562 bytes]","args":[{"selector":{"id":"application-managepartners-display-component---NewPartner--externalCustomerComboBox-application-managepartners-display-component---NewPartner--assignmentsTable-0-vhi"},"wdio_ui5_key":"applicationmanagepartners-display-component---NewPartner--externalCustomerComboBox-application-managepartners-display-component---NewPartner--assignmentsTable-0-vhi"}]}
RESULT: undefined
COMMAND: POST /session/79689850af1d41ef46dc131fe5890470/element - {"using":"xpath","value":"//*[@id=\"application-managepartners-display-component---NewPartner--externalCustomerComboBox-application-managepartners-display-component---NewPartner--assignmentsTable-0-vhi\"]"}
RESULT: {}
RESULT: {"using":"xpath","value":"//*[@id=\"application-managepartners-display-component---NewPartner--externalCustomerComboBox-application-managepartners-display-component---NewPartner--assignmentsTable-0-vhi\"]"}
COMMAND: POST /session/79689850af1d41ef46dc131fe5890470/element/f.3A2B8E27F6B6549B06BE95D0839BE483.d.B921363A24ABEEB6C84A937FE964C932.e.7538/click - {}
RESULT: {}
RESULT: undefined
COMMAND: POST /session/79689850af1d41ef46dc131fe5890470/execute/async - {"script":"<script> [776 bytes]","args":[{"enterText":"300003","selector":{"controlType":"sap.m.SearchField","properties":{"placeholder":"Search"},"searchOpenDialogs":true,"interaction":{"idSuffix":"I"}},"clearTextFirst":true,"interactionType":"ENTER_TEXT"}]}
COMMAND: GET /session/79689850af1d41ef46dc131fe5890470/screenshot - {}
RESULT: {"script":"<script> [776 bytes]","args":[{"enterText":"300003","selector":{"controlType":"sap.m.SearchField","properties":{"placeholder":"Search"},"searchOpenDialogs":true,"interaction":{"idSuffix":"I"}},"clearTextFirst":true,"interactionType":"ENTER_TEXT"}]}
COMMAND: POST /session/79689850af1d41ef46dc131fe5890470/actions - {"actions":[{"id":"action23","type":"key","parameters":{},"actions":[{"type":"keyDown","value":"î€‡"},{"type":"pause","duration":10},{"type":"keyUp","value":"î€‡"}]}]}
RESULT: {}
RESULT: {"actions":[{"id":"action23","type":"key","parameters":{},"actions":[{"type":"keyDown","value":"î€‡"},{"type":"pause","duration":10},{"type":"keyUp","value":"î€‡"}]}]}
COMMAND: GET /session/79689850af1d41ef46dc131fe5890470/screenshot - {}
RESULT: {}
COMMAND: POST /session/79689850af1d41ef46dc131fe5890470/element - {"using":"xpath","value":"//span[contains(text(), \"300003\")]"}
RESULT: {"using":"xpath","value":"//span[contains(text(), \"300003\")]"}
COMMAND: POST /session/79689850af1d41ef46dc131fe5890470/element/f.3A2B8E27F6B6549B06BE95D0839BE483.d.B921363A24ABEEB6C84A937FE964C932.e.7556/click - {}
RESULT: {}
COMMAND: GET /session/79689850af1d41ef46dc131fe5890470/screenshot - {}
RESULT: {}
COMMAND: POST /session/79689850af1d41ef46dc131fe5890470/element - {"using":"xpath","value":"//bdi[contains(text(), \"OK\")]"}
RESULT: {"using":"xpath","value":"//bdi[contains(text(), \"OK\")]"}
COMMAND: POST /session/79689850af1d41ef46dc131fe5890470/element/f.3A2B8E27F6B6549B06BE95D0839BE483.d.B921363A24ABEEB6C84A937FE964C932.e.7558/click - {}
RESULT: {}
COMMAND: GET /session/79689850af1d41ef46dc131fe5890470/screenshot - {}
RESULT: {}
COMMAND: POST /session/79689850af1d41ef46dc131fe5890470/execute/async - {"script":"<script> [1562 bytes]","args":[{"selector":{"id":"application-managepartners-display-component---NewPartner--intercompVendorComboBox-application-managepartners-display-component---NewPartner--assignmentsTable-0-vhi"},"wdio_ui5_key":"applicationmanagepartners-display-component---NewPartner--intercompVendorComboBox-application-managepartners-display-component---NewPartner--assignmentsTable-0-vhi"}]}
RESULT: {"script":"<script> [1562 bytes]","args":[{"selector":{"id":"application-managepartners-display-component---NewPartner--intercompVendorComboBox-application-managepartners-display-component---NewPartner--assignmentsTable-0-vhi"},"wdio_ui5_key":"applicationmanagepartners-display-component---NewPartner--intercompVendorComboBox-application-managepartners-display-component---NewPartner--assignmentsTable-0-vhi"}]}
RESULT: undefined
COMMAND: POST /session/79689850af1d41ef46dc131fe5890470/element - {"using":"xpath","value":"//*[@id=\"application-managepartners-display-component---NewPartner--intercompVendorComboBox-application-managepartners-display-component---NewPartner--assignmentsTable-0-vhi\"]"}
RESULT: {"using":"xpath","value":"//*[@id=\"application-managepartners-display-component---NewPartner--intercompVendorComboBox-application-managepartners-display-component---NewPartner--assignmentsTable-0-vhi\"]"}
COMMAND: POST /session/79689850af1d41ef46dc131fe5890470/element/f.3A2B8E27F6B6549B06BE95D0839BE483.d.B921363A24ABEEB6C84A937FE964C932.e.7562/click - {}
RESULT: {}
RESULT: undefined
COMMAND: POST /session/79689850af1d41ef46dc131fe5890470/execute/async - {"script":"<script> [776 bytes]","args":[{"enterText":"100005","selector":{"controlType":"sap.m.SearchField","properties":{"placeholder":"Search"},"searchOpenDialogs":true,"interaction":{"idSuffix":"I"}},"clearTextFirst":true,"interactionType":"ENTER_TEXT"}]}
COMMAND: GET /session/79689850af1d41ef46dc131fe5890470/screenshot - {}
RESULT: {"script":"<script> [776 bytes]","args":[{"enterText":"100005","selector":{"controlType":"sap.m.SearchField","properties":{"placeholder":"Search"},"searchOpenDialogs":true,"interaction":{"idSuffix":"I"}},"clearTextFirst":true,"interactionType":"ENTER_TEXT"}]}
COMMAND: POST /session/79689850af1d41ef46dc131fe5890470/actions - {"actions":[{"id":"action24","type":"key","parameters":{},"actions":[{"type":"keyDown","value":"î€‡"},{"type":"pause","duration":10},{"type":"keyUp","value":"î€‡"}]}]}
RESULT: {}
RESULT: {"actions":[{"id":"action24","type":"key","parameters":{},"actions":[{"type":"keyDown","value":"î€‡"},{"type":"pause","duration":10},{"type":"keyUp","value":"î€‡"}]}]}
COMMAND: GET /session/79689850af1d41ef46dc131fe5890470/screenshot - {}
RESULT: {}
COMMAND: POST /session/79689850af1d41ef46dc131fe5890470/element - {"using":"xpath","value":"//span[contains(text(), \"Penguins - Field/12345 Berlin\")]"}
RESULT: {"using":"xpath","value":"//span[contains(text(), \"Penguins - Field/12345 Berlin\")]"}
COMMAND: POST /session/79689850af1d41ef46dc131fe5890470/element/f.3A2B8E27F6B6549B06BE95D0839BE483.d.B921363A24ABEEB6C84A937FE964C932.e.7580/click - {}
RESULT: {}
COMMAND: GET /session/79689850af1d41ef46dc131fe5890470/screenshot - {}
RESULT: {}
COMMAND: POST /session/79689850af1d41ef46dc131fe5890470/element - {"using":"xpath","value":"//bdi[contains(text(), \"OK\")]"}
RESULT: {"using":"xpath","value":"//bdi[contains(text(), \"OK\")]"}
COMMAND: POST /session/79689850af1d41ef46dc131fe5890470/element/f.3A2B8E27F6B6549B06BE95D0839BE483.d.B921363A24ABEEB6C84A937FE964C932.e.7581/click - {}
RESULT: {}
COMMAND: GET /session/79689850af1d41ef46dc131fe5890470/screenshot - {}
RESULT: {}
COMMAND: POST /session/79689850af1d41ef46dc131fe5890470/element - {"using":"xpath","value":"//button[@data-kt=\"saveButton\"]"}
RESULT: {"using":"xpath","value":"//button[@data-kt=\"saveButton\"]"}
COMMAND: POST /session/79689850af1d41ef46dc131fe5890470/element/f.3A2B8E27F6B6549B06BE95D0839BE483.d.B921363A24ABEEB6C84A937FE964C932.e.7385/click - {}
RESULT: {}
COMMAND: GET /session/79689850af1d41ef46dc131fe5890470/screenshot - {}
RESULT: {}
COMMAND: POST /session/79689850af1d41ef46dc131fe5890470/element - {"using":"xpath","value":"//header[contains(@id, 'ObjectPageLayout-headerTitle')]/div[1]/div[2]/div[2]/span[1]"}
RESULT: {"using":"xpath","value":"//header[contains(@id, 'ObjectPageLayout-headerTitle')]/div[1]/div[2]/div[2]/span[1]"}
COMMAND: POST /session/79689850af1d41ef46dc131fe5890470/elements - {"using":"xpath","value":"//header[contains(@id, 'ObjectPageLayout-headerTitle')]/div[1]/div[2]/div[2]/span[1]"}
RESULT: {"using":"xpath","value":"//header[contains(@id, 'ObjectPageLayout-headerTitle')]/div[1]/div[2]/div[2]/span[1]"}
COMMAND: POST /session/79689850af1d41ef46dc131fe5890470/execute/sync - {"script":"<script> [56 bytes]","args":[{"element-6066-11e4-a52e-4f735466cecf":"f.3A2B8E27F6B6549B06BE95D0839BE483.d.B921363A24ABEEB6C84A937FE964C932.e.7743","ELEMENT":"f.3A2B8E27F6B6549B06BE95D0839BE483.d.B921363A24ABEEB6C84A937FE964C932.e.7743"}]}
RESULT: {"script":"<script> [56 bytes]","args":[{"element-6066-11e4-a52e-4f735466cecf":"f.3A2B8E27F6B6549B06BE95D0839BE483.d.B921363A24ABEEB6C84A937FE964C932.e.7743","ELEMENT":"f.3A2B8E27F6B6549B06BE95D0839BE483.d.B921363A24ABEEB6C84A937FE964C932.e.7743"}]}
COMMAND: POST /session/79689850af1d41ef46dc131fe5890470/element - {"using":"css selector","value":"#shell-header-logo"}
COMMAND: GET /session/79689850af1d41ef46dc131fe5890470/screenshot - {}
RESULT: {"using":"css selector","value":"#shell-header-logo"}
COMMAND: POST /session/79689850af1d41ef46dc131fe5890470/element/f.3A2B8E27F6B6549B06BE95D0839BE483.d.B921363A24ABEEB6C84A937FE964C932.e.6964/click - {}
RESULT: {}
RESULT: {}
COMMAND: GET /session/79689850af1d41ef46dc131fe5890470/screenshot - {}
RESULT: {}
COMMAND: POST /session/79689850af1d41ef46dc131fe5890470/execute/sync - {"script":"<script> [299 bytes]","args":[["getModel","getResource"]]}
RESULT: {"script":"<script> [299 bytes]","args":[["getModel","getResource"]]}
]]></system-out>
    </testcase>
    <testcase classname="chrome.135_0_7049_96.windows.Create_master_data_for_mixed_billing_&amp;_do_billing_calculation_US151661" name="Should create a new site" time="133.236">
      <system-out><![CDATA[
COMMAND: POST /session/79689850af1d41ef46dc131fe5890470/execute/async - {"script":"<script> [1562 bytes]","args":[{"selector":{"controlType":"sap.m.TileContent","bindingPath":{"path":"","propertyPath":"/properties/info"},"ancestor":{"controlType":"sap.m.GenericTile","properties":{"header":"Manage Sites"}}},"wdio_ui5_key":"sapm.TileContent{\"path\":\"\",\"propertyPath\":\"/properties/info\"}{\"controlType\":\"sap.m.GenericTile\",\"properties\":{\"header\":\"Manage Sites\"}}"}]}
COMMAND: GET /session/79689850af1d41ef46dc131fe5890470/screenshot - {}
RESULT: {"script":"<script> [1562 bytes]","args":[{"selector":{"controlType":"sap.m.TileContent","bindingPath":{"path":"","propertyPath":"/properties/info"},"ancestor":{"controlType":"sap.m.GenericTile","properties":{"header":"Manage Sites"}}},"wdio_ui5_key":"sapm.TileContent{\"path\":\"\",\"propertyPath\":\"/properties/info\"}{\"controlType\":\"sap.m.GenericTile\",\"properties\":{\"header\":\"Manage Sites\"}}"}]}
RESULT: undefined
COMMAND: POST /session/79689850af1d41ef46dc131fe5890470/element - {"using":"xpath","value":"//*[@id=\"__xmlview7--numericTileContent\"]"}
RESULT: {}
RESULT: {"using":"xpath","value":"//*[@id=\"__xmlview7--numericTileContent\"]"}
COMMAND: POST /session/79689850af1d41ef46dc131fe5890470/element/f.3A2B8E27F6B6549B06BE95D0839BE483.d.B921363A24ABEEB6C84A937FE964C932.e.7745/click - {}
RESULT: {}
COMMAND: POST /session/79689850af1d41ef46dc131fe5890470/element - {"using":"xpath","value":"//button[@data-kt=\"addOverflowToolbarButton\"]"}
COMMAND: GET /session/79689850af1d41ef46dc131fe5890470/screenshot - {}
RESULT: {"using":"xpath","value":"//button[@data-kt=\"addOverflowToolbarButton\"]"}
COMMAND: POST /session/79689850af1d41ef46dc131fe5890470/elements - {"using":"xpath","value":"//button[@data-kt=\"addOverflowToolbarButton\"]"}
RESULT: {}
RESULT: {"using":"xpath","value":"//button[@data-kt=\"addOverflowToolbarButton\"]"}
COMMAND: POST /session/79689850af1d41ef46dc131fe5890470/elements - {"using":"xpath","value":"//button[@data-kt=\"addOverflowToolbarButton\"]"}
RESULT: {"using":"xpath","value":"//button[@data-kt=\"addOverflowToolbarButton\"]"}
COMMAND: POST /session/79689850af1d41ef46dc131fe5890470/element - {"using":"xpath","value":"//button[@data-kt=\"addOverflowToolbarButton\"]"}
RESULT: {"using":"xpath","value":"//button[@data-kt=\"addOverflowToolbarButton\"]"}
COMMAND: POST /session/79689850af1d41ef46dc131fe5890470/execute/sync - {"script":"<script> [8489 bytes]","args":[{"element-6066-11e4-a52e-4f735466cecf":"f.3A2B8E27F6B6549B06BE95D0839BE483.d.B921363A24ABEEB6C84A937FE964C932.e.7791","ELEMENT":"f.3A2B8E27F6B6549B06BE95D0839BE483.d.B921363A24ABEEB6C84A937FE964C932.e.7791"}]}
RESULT: {"script":"<script> [8489 bytes]","args":[{"element-6066-11e4-a52e-4f735466cecf":"f.3A2B8E27F6B6549B06BE95D0839BE483.d.B921363A24ABEEB6C84A937FE964C932.e.7791","ELEMENT":"f.3A2B8E27F6B6549B06BE95D0839BE483.d.B921363A24ABEEB6C84A937FE964C932.e.7791"}]}
COMMAND: GET /session/79689850af1d41ef46dc131fe5890470/element/f.3A2B8E27F6B6549B06BE95D0839BE483.d.B921363A24ABEEB6C84A937FE964C932.e.7791/enabled - {}
COMMAND: GET /session/79689850af1d41ef46dc131fe5890470/screenshot - {}
RESULT: {}
COMMAND: POST /session/79689850af1d41ef46dc131fe5890470/execute/sync - {"script":"<script> [8489 bytes]","args":[{"element-6066-11e4-a52e-4f735466cecf":"f.3A2B8E27F6B6549B06BE95D0839BE483.d.B921363A24ABEEB6C84A937FE964C932.e.7791","ELEMENT":"f.3A2B8E27F6B6549B06BE95D0839BE483.d.B921363A24ABEEB6C84A937FE964C932.e.7791"}]}
COMMAND: GET /session/79689850af1d41ef46dc131fe5890470/screenshot - {}
RESULT: {}
RESULT: {"script":"<script> [8489 bytes]","args":[{"element-6066-11e4-a52e-4f735466cecf":"f.3A2B8E27F6B6549B06BE95D0839BE483.d.B921363A24ABEEB6C84A937FE964C932.e.7791","ELEMENT":"f.3A2B8E27F6B6549B06BE95D0839BE483.d.B921363A24ABEEB6C84A937FE964C932.e.7791"}]}
COMMAND: POST /session/79689850af1d41ef46dc131fe5890470/execute/sync - {"script":"<script> [5351 bytes]","args":[{"element-6066-11e4-a52e-4f735466cecf":"f.3A2B8E27F6B6549B06BE95D0839BE483.d.B921363A24ABEEB6C84A937FE964C932.e.7791","ELEMENT":"f.3A2B8E27F6B6549B06BE95D0839BE483.d.B921363A24ABEEB6C84A937FE964C932.e.7791"}]}
COMMAND: GET /session/79689850af1d41ef46dc131fe5890470/screenshot - {}
RESULT: {}
RESULT: {"script":"<script> [5351 bytes]","args":[{"element-6066-11e4-a52e-4f735466cecf":"f.3A2B8E27F6B6549B06BE95D0839BE483.d.B921363A24ABEEB6C84A937FE964C932.e.7791","ELEMENT":"f.3A2B8E27F6B6549B06BE95D0839BE483.d.B921363A24ABEEB6C84A937FE964C932.e.7791"}]}
COMMAND: POST /session/79689850af1d41ef46dc131fe5890470/element/f.3A2B8E27F6B6549B06BE95D0839BE483.d.B921363A24ABEEB6C84A937FE964C932.e.7791/click - {}
COMMAND: GET /session/79689850af1d41ef46dc131fe5890470/screenshot - {}
RESULT: {}
RESULT: {}
COMMAND: GET /session/79689850af1d41ef46dc131fe5890470/screenshot - {}
RESULT: {}
RESULT: {}
COMMAND: POST /session/79689850af1d41ef46dc131fe5890470/execute/async - {"script":"<script> [1562 bytes]","args":[{"selector":{"id":"application-managesites-display-component---NewSite--addressDetailDetailsName1","interaction":{"idSuffix":"inner"}},"wdio_ui5_key":"applicationmanagesites-display-component---NewSite--addressDetailDetailsName1"}]}
RESULT: {"script":"<script> [1562 bytes]","args":[{"selector":{"id":"application-managesites-display-component---NewSite--addressDetailDetailsName1","interaction":{"idSuffix":"inner"}},"wdio_ui5_key":"applicationmanagesites-display-component---NewSite--addressDetailDetailsName1"}]}
RESULT: undefined
COMMAND: POST /session/79689850af1d41ef46dc131fe5890470/execute/async - {"script":"<script> [776 bytes]","args":[{"enterText":"Intercompany Site wdIO","selector":{"id":"application-managesites-display-component---NewSite--addressDetailDetailsName1","interaction":{"idSuffix":"inner"}},"clearTextFirst":true,"interactionType":"ENTER_TEXT"}]}
RESULT: {"script":"<script> [776 bytes]","args":[{"enterText":"Intercompany Site wdIO","selector":{"id":"application-managesites-display-component---NewSite--addressDetailDetailsName1","interaction":{"idSuffix":"inner"}},"clearTextFirst":true,"interactionType":"ENTER_TEXT"}]}
COMMAND: POST /session/79689850af1d41ef46dc131fe5890470/execute/async - {"script":"<script> [1562 bytes]","args":[{"selector":{"id":"application-managesites-display-component---NewSite--addressDetailDetailsLanguage-arrow"},"wdio_ui5_key":"applicationmanagesites-display-component---NewSite--addressDetailDetailsLanguage-arrow"}]}
RESULT: {"script":"<script> [1562 bytes]","args":[{"selector":{"id":"application-managesites-display-component---NewSite--addressDetailDetailsLanguage-arrow"},"wdio_ui5_key":"applicationmanagesites-display-component---NewSite--addressDetailDetailsLanguage-arrow"}]}
RESULT: undefined
COMMAND: POST /session/79689850af1d41ef46dc131fe5890470/element - {"using":"xpath","value":"//*[@id=\"application-managesites-display-component---NewSite--addressDetailDetailsLanguage-arrow\"]"}
RESULT: {"using":"xpath","value":"//*[@id=\"application-managesites-display-component---NewSite--addressDetailDetailsLanguage-arrow\"]"}
COMMAND: POST /session/79689850af1d41ef46dc131fe5890470/element/f.3A2B8E27F6B6549B06BE95D0839BE483.d.B921363A24ABEEB6C84A937FE964C932.e.8191/click - {}
RESULT: {}
COMMAND: POST /session/79689850af1d41ef46dc131fe5890470/element - {"using":"xpath","value":"//span[contains(text(), \"English\")]"}
COMMAND: GET /session/79689850af1d41ef46dc131fe5890470/screenshot - {}
RESULT: {"using":"xpath","value":"//span[contains(text(), \"English\")]"}
COMMAND: POST /session/79689850af1d41ef46dc131fe5890470/element/f.3A2B8E27F6B6549B06BE95D0839BE483.d.B921363A24ABEEB6C84A937FE964C932.e.8192/click - {}
RESULT: {}
RESULT: {}
COMMAND: POST /session/79689850af1d41ef46dc131fe5890470/execute/async - {"script":"<script> [1562 bytes]","args":[{"selector":{"id":"application-managesites-display-component---NewSite--addressDetailDetailsCity1","interaction":{"idSuffix":"inner"}},"wdio_ui5_key":"applicationmanagesites-display-component---NewSite--addressDetailDetailsCity1"}]}
COMMAND: GET /session/79689850af1d41ef46dc131fe5890470/screenshot - {}
RESULT: {"script":"<script> [1562 bytes]","args":[{"selector":{"id":"application-managesites-display-component---NewSite--addressDetailDetailsCity1","interaction":{"idSuffix":"inner"}},"wdio_ui5_key":"applicationmanagesites-display-component---NewSite--addressDetailDetailsCity1"}]}
RESULT: undefined
COMMAND: POST /session/79689850af1d41ef46dc131fe5890470/execute/async - {"script":"<script> [776 bytes]","args":[{"enterText":"Rosario","selector":{"id":"application-managesites-display-component---NewSite--addressDetailDetailsCity1","interaction":{"idSuffix":"inner"}},"clearTextFirst":true,"interactionType":"ENTER_TEXT"}]}
RESULT: {}
RESULT: {"script":"<script> [776 bytes]","args":[{"enterText":"Rosario","selector":{"id":"application-managesites-display-component---NewSite--addressDetailDetailsCity1","interaction":{"idSuffix":"inner"}},"clearTextFirst":true,"interactionType":"ENTER_TEXT"}]}
COMMAND: POST /session/79689850af1d41ef46dc131fe5890470/execute/async - {"script":"<script> [1562 bytes]","args":[{"selector":{"id":"application-managesites-display-component---NewSite--addressDetailDetailsCountry-arrow"},"wdio_ui5_key":"applicationmanagesites-display-component---NewSite--addressDetailDetailsCountry-arrow"}]}
RESULT: {"script":"<script> [1562 bytes]","args":[{"selector":{"id":"application-managesites-display-component---NewSite--addressDetailDetailsCountry-arrow"},"wdio_ui5_key":"applicationmanagesites-display-component---NewSite--addressDetailDetailsCountry-arrow"}]}
RESULT: undefined
COMMAND: POST /session/79689850af1d41ef46dc131fe5890470/element - {"using":"xpath","value":"//*[@id=\"application-managesites-display-component---NewSite--addressDetailDetailsCountry-arrow\"]"}
RESULT: {"using":"xpath","value":"//*[@id=\"application-managesites-display-component---NewSite--addressDetailDetailsCountry-arrow\"]"}
COMMAND: POST /session/79689850af1d41ef46dc131fe5890470/element/f.3A2B8E27F6B6549B06BE95D0839BE483.d.B921363A24ABEEB6C84A937FE964C932.e.8194/click - {}
RESULT: {}
COMMAND: POST /session/79689850af1d41ef46dc131fe5890470/element - {"using":"xpath","value":"//span[contains(text(), \"Argentina\")]"}
COMMAND: GET /session/79689850af1d41ef46dc131fe5890470/screenshot - {}
RESULT: {"using":"xpath","value":"//span[contains(text(), \"Argentina\")]"}
COMMAND: POST /session/79689850af1d41ef46dc131fe5890470/element/f.3A2B8E27F6B6549B06BE95D0839BE483.d.B921363A24ABEEB6C84A937FE964C932.e.8195/click - {}
RESULT: {}
RESULT: {}
COMMAND: GET /session/79689850af1d41ef46dc131fe5890470/screenshot - {}
RESULT: {}
COMMAND: POST /session/79689850af1d41ef46dc131fe5890470/execute/async - {"script":"<script> [1562 bytes]","args":[{"selector":{"id":"application-managesites-display-component---NewSite--addressEditDetailsCostObjectCstType-arrow"},"wdio_ui5_key":"applicationmanagesites-display-component---NewSite--addressEditDetailsCostObjectCstType-arrow"}]}
RESULT: {"script":"<script> [1562 bytes]","args":[{"selector":{"id":"application-managesites-display-component---NewSite--addressEditDetailsCostObjectCstType-arrow"},"wdio_ui5_key":"applicationmanagesites-display-component---NewSite--addressEditDetailsCostObjectCstType-arrow"}]}
RESULT: undefined
COMMAND: POST /session/79689850af1d41ef46dc131fe5890470/element - {"using":"xpath","value":"//*[@id=\"application-managesites-display-component---NewSite--addressEditDetailsCostObjectCstType-arrow\"]"}
RESULT: {"using":"xpath","value":"//*[@id=\"application-managesites-display-component---NewSite--addressEditDetailsCostObjectCstType-arrow\"]"}
COMMAND: POST /session/79689850af1d41ef46dc131fe5890470/element/f.3A2B8E27F6B6549B06BE95D0839BE483.d.B921363A24ABEEB6C84A937FE964C932.e.8196/click - {}
RESULT: {}
COMMAND: POST /session/79689850af1d41ef46dc131fe5890470/element - {"using":"xpath","value":"//span[contains(text(), \"Cost Center\")]"}
COMMAND: GET /session/79689850af1d41ef46dc131fe5890470/screenshot - {}
RESULT: {"using":"xpath","value":"//span[contains(text(), \"Cost Center\")]"}
COMMAND: POST /session/79689850af1d41ef46dc131fe5890470/element/f.3A2B8E27F6B6549B06BE95D0839BE483.d.B921363A24ABEEB6C84A937FE964C932.e.8197/click - {}
RESULT: {}
RESULT: {}
COMMAND: GET /session/79689850af1d41ef46dc131fe5890470/screenshot - {}
RESULT: {}
COMMAND: POST /session/79689850af1d41ef46dc131fe5890470/element - {"using":"xpath","value":"//span[@id=\"application-managesites-display-component---NewSite--addressNewCostObjectCstID-vhi\"]"}
RESULT: {"using":"xpath","value":"//span[@id=\"application-managesites-display-component---NewSite--addressNewCostObjectCstID-vhi\"]"}
COMMAND: POST /session/79689850af1d41ef46dc131fe5890470/execute/sync - {"script":"<script> [8489 bytes]","args":[{"element-6066-11e4-a52e-4f735466cecf":"f.3A2B8E27F6B6549B06BE95D0839BE483.d.B921363A24ABEEB6C84A937FE964C932.e.8201","ELEMENT":"f.3A2B8E27F6B6549B06BE95D0839BE483.d.B921363A24ABEEB6C84A937FE964C932.e.8201"}]}
RESULT: {"script":"<script> [8489 bytes]","args":[{"element-6066-11e4-a52e-4f735466cecf":"f.3A2B8E27F6B6549B06BE95D0839BE483.d.B921363A24ABEEB6C84A937FE964C932.e.8201","ELEMENT":"f.3A2B8E27F6B6549B06BE95D0839BE483.d.B921363A24ABEEB6C84A937FE964C932.e.8201"}]}
COMMAND: POST /session/79689850af1d41ef46dc131fe5890470/execute/async - {"script":"<script> [1562 bytes]","args":[{"selector":{"id":"application-managesites-display-component---NewSite--addressNewCostObjectCstID-vhi"},"wdio_ui5_key":"applicationmanagesites-display-component---NewSite--addressNewCostObjectCstID-vhi"}]}
COMMAND: GET /session/79689850af1d41ef46dc131fe5890470/screenshot - {}
RESULT: {"script":"<script> [1562 bytes]","args":[{"selector":{"id":"application-managesites-display-component---NewSite--addressNewCostObjectCstID-vhi"},"wdio_ui5_key":"applicationmanagesites-display-component---NewSite--addressNewCostObjectCstID-vhi"}]}
RESULT: undefined
COMMAND: POST /session/79689850af1d41ef46dc131fe5890470/element - {"using":"xpath","value":"//*[@id=\"application-managesites-display-component---NewSite--addressNewCostObjectCstID-vhi\"]"}
RESULT: {}
RESULT: {"using":"xpath","value":"//*[@id=\"application-managesites-display-component---NewSite--addressNewCostObjectCstID-vhi\"]"}
COMMAND: POST /session/79689850af1d41ef46dc131fe5890470/element/f.3A2B8E27F6B6549B06BE95D0839BE483.d.B921363A24ABEEB6C84A937FE964C932.e.8201/click - {}
RESULT: {}
COMMAND: GET /session/79689850af1d41ef46dc131fe5890470/screenshot - {}
RESULT: {}
RESULT: undefined
COMMAND: POST /session/79689850af1d41ef46dc131fe5890470/execute/async - {"script":"<script> [776 bytes]","args":[{"enterText":"10001013","selector":{"controlType":"sap.m.SearchField","properties":{"placeholder":"Search"},"searchOpenDialogs":true,"interaction":{"idSuffix":"I"}},"clearTextFirst":true,"interactionType":"ENTER_TEXT"}]}
RESULT: {"script":"<script> [776 bytes]","args":[{"enterText":"10001013","selector":{"controlType":"sap.m.SearchField","properties":{"placeholder":"Search"},"searchOpenDialogs":true,"interaction":{"idSuffix":"I"}},"clearTextFirst":true,"interactionType":"ENTER_TEXT"}]}
COMMAND: POST /session/79689850af1d41ef46dc131fe5890470/actions - {"actions":[{"id":"action25","type":"key","parameters":{},"actions":[{"type":"keyDown","value":"î€‡"},{"type":"pause","duration":10},{"type":"keyUp","value":"î€‡"}]}]}
RESULT: {"actions":[{"id":"action25","type":"key","parameters":{},"actions":[{"type":"keyDown","value":"î€‡"},{"type":"pause","duration":10},{"type":"keyUp","value":"î€‡"}]}]}
COMMAND: GET /session/79689850af1d41ef46dc131fe5890470/screenshot - {}
RESULT: {}
COMMAND: POST /session/79689850af1d41ef46dc131fe5890470/element - {"using":"xpath","value":"//span[contains(text(), \"General Management\")]"}
RESULT: {"using":"xpath","value":"//span[contains(text(), \"General Management\")]"}
COMMAND: POST /session/79689850af1d41ef46dc131fe5890470/element/f.3A2B8E27F6B6549B06BE95D0839BE483.d.B921363A24ABEEB6C84A937FE964C932.e.8240/click - {}
RESULT: {}
COMMAND: GET /session/79689850af1d41ef46dc131fe5890470/screenshot - {}
RESULT: {}
COMMAND: POST /session/79689850af1d41ef46dc131fe5890470/element - {"using":"xpath","value":"//bdi[contains(text(), \"OK\")]"}
RESULT: {"using":"xpath","value":"//bdi[contains(text(), \"OK\")]"}
COMMAND: POST /session/79689850af1d41ef46dc131fe5890470/element/f.3A2B8E27F6B6549B06BE95D0839BE483.d.B921363A24ABEEB6C84A937FE964C932.e.8241/click - {}
RESULT: {}
COMMAND: GET /session/79689850af1d41ef46dc131fe5890470/screenshot - {}
RESULT: {}
COMMAND: POST /session/79689850af1d41ef46dc131fe5890470/element - {"using":"xpath","value":"//input[@id=\"application-managesites-display-component---NewSite--addressDetailDetailsCalendar-inner\"]"}
RESULT: {"using":"xpath","value":"//input[@id=\"application-managesites-display-component---NewSite--addressDetailDetailsCalendar-inner\"]"}
COMMAND: POST /session/79689850af1d41ef46dc131fe5890470/element/f.3A2B8E27F6B6549B06BE95D0839BE483.d.B921363A24ABEEB6C84A937FE964C932.e.7988/clear - {}
RESULT: {}
COMMAND: POST /session/79689850af1d41ef46dc131fe5890470/element/f.3A2B8E27F6B6549B06BE95D0839BE483.d.B921363A24ABEEB6C84A937FE964C932.e.7988/value - {"text":"Unit"}
COMMAND: GET /session/79689850af1d41ef46dc131fe5890470/screenshot - {}
RESULT: {"text":"Unit"}
COMMAND: GET /session/79689850af1d41ef46dc131fe5890470/screenshot - {}
RESULT: {}
RESULT: {}
COMMAND: POST /session/79689850af1d41ef46dc131fe5890470/actions - {"actions":[{"id":"action26","type":"key","parameters":{},"actions":[{"type":"keyDown","value":"î€‡"},{"type":"pause","duration":10},{"type":"keyUp","value":"î€‡"}]}]}
RESULT: {"actions":[{"id":"action26","type":"key","parameters":{},"actions":[{"type":"keyDown","value":"î€‡"},{"type":"pause","duration":10},{"type":"keyUp","value":"î€‡"}]}]}
COMMAND: POST /session/79689850af1d41ef46dc131fe5890470/element - {"using":"xpath","value":"//input[@id=\"application-managesites-display-component---NewSite--addressDetailDetailsYard-inner\"]"}
COMMAND: GET /session/79689850af1d41ef46dc131fe5890470/screenshot - {}
RESULT: {"using":"xpath","value":"//input[@id=\"application-managesites-display-component---NewSite--addressDetailDetailsYard-inner\"]"}
COMMAND: POST /session/79689850af1d41ef46dc131fe5890470/element/f.3A2B8E27F6B6549B06BE95D0839BE483.d.B921363A24ABEEB6C84A937FE964C932.e.7989/clear - {}
RESULT: {}
RESULT: {}
COMMAND: POST /session/79689850af1d41ef46dc131fe5890470/element/f.3A2B8E27F6B6549B06BE95D0839BE483.d.B921363A24ABEEB6C84A937FE964C932.e.7989/value - {"text":"496"}
COMMAND: GET /session/79689850af1d41ef46dc131fe5890470/screenshot - {}
RESULT: {"text":"496"}
COMMAND: GET /session/79689850af1d41ef46dc131fe5890470/screenshot - {}
RESULT: {}
RESULT: {}
COMMAND: POST /session/79689850af1d41ef46dc131fe5890470/element - {"using":"xpath","value":"//li[.//span[text()='496']]"}
RESULT: {"using":"xpath","value":"//li[.//span[text()='496']]"}
COMMAND: POST /session/79689850af1d41ef46dc131fe5890470/element/f.3A2B8E27F6B6549B06BE95D0839BE483.d.B921363A24ABEEB6C84A937FE964C932.e.8249/click - {}
RESULT: {}
COMMAND: GET /session/79689850af1d41ef46dc131fe5890470/screenshot - {}
RESULT: {}
COMMAND: POST /session/79689850af1d41ef46dc131fe5890470/element - {"using":"xpath","value":"//input[@id=\"application-managesites-display-component---NewSite--addressDetailDetailsPartner-inner\"]"}
RESULT: {"using":"xpath","value":"//input[@id=\"application-managesites-display-component---NewSite--addressDetailDetailsPartner-inner\"]"}
COMMAND: POST /session/79689850af1d41ef46dc131fe5890470/element - {"using":"xpath","value":"//input[@id=\"application-managesites-display-component---NewSite--addressDetailDetailsPartner-inner\"]"}
RESULT: {"using":"xpath","value":"//input[@id=\"application-managesites-display-component---NewSite--addressDetailDetailsPartner-inner\"]"}
COMMAND: POST /session/79689850af1d41ef46dc131fe5890470/element - {"using":"xpath","value":"//button[@data-kt=\"saveButton\"]"}
RESULT: {"using":"xpath","value":"//button[@data-kt=\"saveButton\"]"}
COMMAND: POST /session/79689850af1d41ef46dc131fe5890470/element/f.3A2B8E27F6B6549B06BE95D0839BE483.d.B921363A24ABEEB6C84A937FE964C932.e.8176/click - {}
RESULT: {}
COMMAND: GET /session/79689850af1d41ef46dc131fe5890470/screenshot - {}
RESULT: {}
COMMAND: POST /session/79689850af1d41ef46dc131fe5890470/element - {"using":"xpath","value":"//header[contains(@id, 'ObjectPageLayout-headerTitle')]/div[1]/div[2]/div[2]/span[1]"}
RESULT: {"using":"xpath","value":"//header[contains(@id, 'ObjectPageLayout-headerTitle')]/div[1]/div[2]/div[2]/span[1]"}
COMMAND: POST /session/79689850af1d41ef46dc131fe5890470/elements - {"using":"xpath","value":"//header[contains(@id, 'ObjectPageLayout-headerTitle')]/div[1]/div[2]/div[2]/span[1]"}
RESULT: {"using":"xpath","value":"//header[contains(@id, 'ObjectPageLayout-headerTitle')]/div[1]/div[2]/div[2]/span[1]"}
COMMAND: POST /session/79689850af1d41ef46dc131fe5890470/execute/sync - {"script":"<script> [56 bytes]","args":[{"element-6066-11e4-a52e-4f735466cecf":"f.3A2B8E27F6B6549B06BE95D0839BE483.d.B921363A24ABEEB6C84A937FE964C932.e.8452","ELEMENT":"f.3A2B8E27F6B6549B06BE95D0839BE483.d.B921363A24ABEEB6C84A937FE964C932.e.8452"}]}
RESULT: {"script":"<script> [56 bytes]","args":[{"element-6066-11e4-a52e-4f735466cecf":"f.3A2B8E27F6B6549B06BE95D0839BE483.d.B921363A24ABEEB6C84A937FE964C932.e.8452","ELEMENT":"f.3A2B8E27F6B6549B06BE95D0839BE483.d.B921363A24ABEEB6C84A937FE964C932.e.8452"}]}
COMMAND: POST /session/79689850af1d41ef46dc131fe5890470/element - {"using":"css selector","value":"#shell-header-logo"}
COMMAND: GET /session/79689850af1d41ef46dc131fe5890470/screenshot - {}
RESULT: {"using":"css selector","value":"#shell-header-logo"}
COMMAND: POST /session/79689850af1d41ef46dc131fe5890470/element/f.3A2B8E27F6B6549B06BE95D0839BE483.d.B921363A24ABEEB6C84A937FE964C932.e.7748/click - {}
RESULT: {}
RESULT: {}
COMMAND: GET /session/79689850af1d41ef46dc131fe5890470/screenshot - {}
RESULT: {}
COMMAND: POST /session/79689850af1d41ef46dc131fe5890470/execute/sync - {"script":"<script> [299 bytes]","args":[["getModel","getResource"]]}
RESULT: {"script":"<script> [299 bytes]","args":[["getModel","getResource"]]}
COMMAND: POST /session/79689850af1d41ef46dc131fe5890470/element - {"using":"xpath","value":"//button[.//bdi[contains(text(), \"Close\")]]"}
COMMAND: GET /session/79689850af1d41ef46dc131fe5890470/screenshot - {}
RESULT: {"using":"xpath","value":"//button[.//bdi[contains(text(), \"Close\")]]"}
COMMAND: POST /session/79689850af1d41ef46dc131fe5890470/element/f.3A2B8E27F6B6549B06BE95D0839BE483.d.B921363A24ABEEB6C84A937FE964C932.e.8454/click - {}
RESULT: {}
RESULT: {}
COMMAND: GET /session/79689850af1d41ef46dc131fe5890470/screenshot - {}
RESULT: {}
COMMAND: POST /session/79689850af1d41ef46dc131fe5890470/refresh - {}
RESULT: {}
COMMAND: GET /session/79689850af1d41ef46dc131fe5890470/screenshot - {}
RESULT: {}
COMMAND: POST /session/79689850af1d41ef46dc131fe5890470/refresh - {}
RESULT: {}
COMMAND: GET /session/79689850af1d41ef46dc131fe5890470/screenshot - {}
RESULT: {}
COMMAND: POST /session/79689850af1d41ef46dc131fe5890470/window/fullscreen - {}
RESULT: {}
COMMAND: POST /session/79689850af1d41ef46dc131fe5890470/execute/async - {"script":"<script> [189 bytes]","args":[]}
RESULT: {"script":"<script> [189 bytes]","args":[]}
COMMAND: POST /session/79689850af1d41ef46dc131fe5890470/execute/async - {"script":"<script> [123 bytes]","args":[]}
RESULT: {"script":"<script> [123 bytes]","args":[]}
COMMAND: POST /session/79689850af1d41ef46dc131fe5890470/timeouts - {"script":"<number>"}
RESULT: {"script":"<number>"}
COMMAND: GET /session/79689850af1d41ef46dc131fe5890470/timeouts - {}
RESULT: {}
RESULT: undefined
COMMAND: POST /session/79689850af1d41ef46dc131fe5890470/execute/async - {"script":"<script> [2676 bytes]","args":[]}
RESULT: {"script":"<script> [2676 bytes]","args":[]}
COMMAND: POST /session/79689850af1d41ef46dc131fe5890470/execute/async - {"script":"<script> [2342 bytes]","args":[{"protocol":"http","hostname":"0.0.0.0","path":"/","capabilities":{"browserName":"chrome","goog:chromeOptions":{"binary":"C:\\Program Files\\Google\\Chrome\\Application\\chrome.exe","args":["--start-maximized"]}},"logLevel":"warn","connectionRetryTimeout":120000,"connectionRetryCount":3,"logLevels":{},"enableDirectConnect":true,"strictSSL":true,"_":"65 more keys: [\"cacheDir\",\"port\",\"requestedCapabilities\",\"automationProtocol\",\"baseUrl\",\"waitforInterval\",\"waitforTimeout\",\"onReload\",\"beforeCommand\",\"afterCommand\",\"rootDir\",\"specs\",\"suites\",\"exclude\",\"groupLogsByTestSpec\",\"excludeDriverLogs\",\"bail\",\"framework\",\"reporters\",\"services\",\"maxInstances\",\"maxInstancesPerCapability\",\"injectGlobals\",\"filesToWatch\",\"execArgv\",\"runnerEnv\",\"runner\",\"shard\",\"specFileRetries\",\"specFileRetriesDelay\",\"specFileRetriesDeferred\",\"reporterSyncInterval\",\"reporterSyncTimeout\",\"cucumberFeaturesWithLineNumbers\",\"autoCompileOpts\",\"mochaOpts\",\"jasmineOpts\",\"cucumberOpts\",\"onPrepare\",\"onWorkerStart\",\"onWorkerEnd\",\"before\",\"beforeSession\",\"beforeSuite\",\"beforeHook\",\"beforeTest\",\"afterTest\",\"afterHook\",\"afterSuite\",\"afterSession\",\"after\",\"onComplete\",\"beforeAssertion\",\"afterAssertion\",\"beforeFeature\",\"beforeScenario\",\"beforeStep\",\"afterStep\",\"afterScenario\",\"afterFeature\",\"_\",\"suite\",\"$0\",\"ignoredWorkerServices\",\"wdi5\"]"}]}
RESULT: {"script":"<script> [2342 bytes]","args":[{"protocol":"http","hostname":"0.0.0.0","path":"/","capabilities":{"browserName":"chrome","goog:chromeOptions":{"binary":"C:\\Program Files\\Google\\Chrome\\Application\\chrome.exe","args":["--start-maximized"]}},"logLevel":"warn","connectionRetryTimeout":120000,"connectionRetryCount":3,"logLevels":{},"enableDirectConnect":true,"strictSSL":true,"_":"65 more keys: [\"cacheDir\",\"port\",\"requestedCapabilities\",\"automationProtocol\",\"baseUrl\",\"waitforInterval\",\"waitforTimeout\",\"onReload\",\"beforeCommand\",\"afterCommand\",\"rootDir\",\"specs\",\"suites\",\"exclude\",\"groupLogsByTestSpec\",\"excludeDriverLogs\",\"bail\",\"framework\",\"reporters\",\"services\",\"maxInstances\",\"maxInstancesPerCapability\",\"injectGlobals\",\"filesToWatch\",\"execArgv\",\"runnerEnv\",\"runner\",\"shard\",\"specFileRetries\",\"specFileRetriesDelay\",\"specFileRetriesDeferred\",\"reporterSyncInterval\",\"reporterSyncTimeout\",\"cucumberFeaturesWithLineNumbers\",\"autoCompileOpts\",\"mochaOpts\",\"jasmineOpts\",\"cucumberOpts\",\"onPrepare\",\"onWorkerStart\",\"onWorkerEnd\",\"before\",\"beforeSession\",\"beforeSuite\",\"beforeHook\",\"beforeTest\",\"afterTest\",\"afterHook\",\"afterSuite\",\"afterSession\",\"after\",\"onComplete\",\"beforeAssertion\",\"afterAssertion\",\"beforeFeature\",\"beforeScenario\",\"beforeStep\",\"afterStep\",\"afterScenario\",\"afterFeature\",\"_\",\"suite\",\"$0\",\"ignoredWorkerServices\",\"wdi5\"]"}]}
COMMAND: POST /session/79689850af1d41ef46dc131fe5890470/execute/async - {"script":"<script> [21126 bytes]","args":[35000]}
RESULT: {"script":"<script> [21126 bytes]","args":[35000]}
COMMAND: POST /session/79689850af1d41ef46dc131fe5890470/window/fullscreen - {}
RESULT: {}
]]></system-out>
    </testcase>
    <testcase classname="chrome.135_0_7049_96.windows.Create_master_data_for_mixed_billing_&amp;_do_billing_calculation_US151661" name="Should create a new equipment and add a counter to it" time="143.956">
      <system-out><![CDATA[
COMMAND: POST /session/79689850af1d41ef46dc131fe5890470/execute/async - {"script":"<script> [1562 bytes]","args":[{"selector":{"controlType":"sap.m.GenericTile","properties":{"header":"Manage Resources"}},"wdio_ui5_key":"sapm.GenericTile{\"header\":\"Manage Resources\"}"}]}
RESULT: {"script":"<script> [1562 bytes]","args":[{"selector":{"controlType":"sap.m.GenericTile","properties":{"header":"Manage Resources"}},"wdio_ui5_key":"sapm.GenericTile{\"header\":\"Manage Resources\"}"}]}
RESULT: undefined
COMMAND: POST /session/79689850af1d41ef46dc131fe5890470/element - {"using":"xpath","value":"//*[@id=\"__tile31\"]"}
RESULT: {"using":"xpath","value":"//*[@id=\"__tile31\"]"}
COMMAND: POST /session/79689850af1d41ef46dc131fe5890470/element/f.3A2B8E27F6B6549B06BE95D0839BE483.d.037D449D2D6277B7125F79859BF8BA3E.e.8525/click - {}
RESULT: {}
COMMAND: POST /session/79689850af1d41ef46dc131fe5890470/element - {"using":"xpath","value":"//button[@data-kt=\"addNewRUOverflowToolbarButton\"]"}
COMMAND: GET /session/79689850af1d41ef46dc131fe5890470/screenshot - {}
RESULT: {"using":"xpath","value":"//button[@data-kt=\"addNewRUOverflowToolbarButton\"]"}
COMMAND: POST /session/79689850af1d41ef46dc131fe5890470/elements - {"using":"xpath","value":"//button[@data-kt=\"addNewRUOverflowToolbarButton\"]"}
RESULT: {}
RESULT: {"using":"xpath","value":"//button[@data-kt=\"addNewRUOverflowToolbarButton\"]"}
COMMAND: POST /session/79689850af1d41ef46dc131fe5890470/elements - {"using":"xpath","value":"//button[@data-kt=\"addNewRUOverflowToolbarButton\"]"}
RESULT: {"using":"xpath","value":"//button[@data-kt=\"addNewRUOverflowToolbarButton\"]"}
COMMAND: POST /session/79689850af1d41ef46dc131fe5890470/elements - {"using":"xpath","value":"//button[@data-kt=\"addNewRUOverflowToolbarButton\"]"}
RESULT: {"using":"xpath","value":"//button[@data-kt=\"addNewRUOverflowToolbarButton\"]"}
COMMAND: POST /session/79689850af1d41ef46dc131fe5890470/elements - {"using":"xpath","value":"//button[@data-kt=\"addNewRUOverflowToolbarButton\"]"}
RESULT: {"using":"xpath","value":"//button[@data-kt=\"addNewRUOverflowToolbarButton\"]"}
COMMAND: POST /session/79689850af1d41ef46dc131fe5890470/elements - {"using":"xpath","value":"//button[@data-kt=\"addNewRUOverflowToolbarButton\"]"}
RESULT: {"using":"xpath","value":"//button[@data-kt=\"addNewRUOverflowToolbarButton\"]"}
COMMAND: POST /session/79689850af1d41ef46dc131fe5890470/elements - {"using":"xpath","value":"//button[@data-kt=\"addNewRUOverflowToolbarButton\"]"}
RESULT: {"using":"xpath","value":"//button[@data-kt=\"addNewRUOverflowToolbarButton\"]"}
COMMAND: POST /session/79689850af1d41ef46dc131fe5890470/element - {"using":"xpath","value":"//button[@data-kt=\"addNewRUOverflowToolbarButton\"]"}
RESULT: {"using":"xpath","value":"//button[@data-kt=\"addNewRUOverflowToolbarButton\"]"}
COMMAND: POST /session/79689850af1d41ef46dc131fe5890470/execute/sync - {"script":"<script> [8489 bytes]","args":[{"element-6066-11e4-a52e-4f735466cecf":"f.3A2B8E27F6B6549B06BE95D0839BE483.d.037D449D2D6277B7125F79859BF8BA3E.e.8633","ELEMENT":"f.3A2B8E27F6B6549B06BE95D0839BE483.d.037D449D2D6277B7125F79859BF8BA3E.e.8633"}]}
RESULT: {"script":"<script> [8489 bytes]","args":[{"element-6066-11e4-a52e-4f735466cecf":"f.3A2B8E27F6B6549B06BE95D0839BE483.d.037D449D2D6277B7125F79859BF8BA3E.e.8633","ELEMENT":"f.3A2B8E27F6B6549B06BE95D0839BE483.d.037D449D2D6277B7125F79859BF8BA3E.e.8633"}]}
COMMAND: GET /session/79689850af1d41ef46dc131fe5890470/element/f.3A2B8E27F6B6549B06BE95D0839BE483.d.037D449D2D6277B7125F79859BF8BA3E.e.8633/enabled - {}
COMMAND: GET /session/79689850af1d41ef46dc131fe5890470/screenshot - {}
RESULT: {}
COMMAND: POST /session/79689850af1d41ef46dc131fe5890470/execute/sync - {"script":"<script> [8489 bytes]","args":[{"element-6066-11e4-a52e-4f735466cecf":"f.3A2B8E27F6B6549B06BE95D0839BE483.d.037D449D2D6277B7125F79859BF8BA3E.e.8633","ELEMENT":"f.3A2B8E27F6B6549B06BE95D0839BE483.d.037D449D2D6277B7125F79859BF8BA3E.e.8633"}]}
COMMAND: GET /session/79689850af1d41ef46dc131fe5890470/screenshot - {}
RESULT: {}
RESULT: {"script":"<script> [8489 bytes]","args":[{"element-6066-11e4-a52e-4f735466cecf":"f.3A2B8E27F6B6549B06BE95D0839BE483.d.037D449D2D6277B7125F79859BF8BA3E.e.8633","ELEMENT":"f.3A2B8E27F6B6549B06BE95D0839BE483.d.037D449D2D6277B7125F79859BF8BA3E.e.8633"}]}
COMMAND: POST /session/79689850af1d41ef46dc131fe5890470/execute/sync - {"script":"<script> [5351 bytes]","args":[{"element-6066-11e4-a52e-4f735466cecf":"f.3A2B8E27F6B6549B06BE95D0839BE483.d.037D449D2D6277B7125F79859BF8BA3E.e.8633","ELEMENT":"f.3A2B8E27F6B6549B06BE95D0839BE483.d.037D449D2D6277B7125F79859BF8BA3E.e.8633"}]}
COMMAND: GET /session/79689850af1d41ef46dc131fe5890470/screenshot - {}
RESULT: {}
RESULT: {"script":"<script> [5351 bytes]","args":[{"element-6066-11e4-a52e-4f735466cecf":"f.3A2B8E27F6B6549B06BE95D0839BE483.d.037D449D2D6277B7125F79859BF8BA3E.e.8633","ELEMENT":"f.3A2B8E27F6B6549B06BE95D0839BE483.d.037D449D2D6277B7125F79859BF8BA3E.e.8633"}]}
COMMAND: POST /session/79689850af1d41ef46dc131fe5890470/element/f.3A2B8E27F6B6549B06BE95D0839BE483.d.037D449D2D6277B7125F79859BF8BA3E.e.8633/click - {}
COMMAND: GET /session/79689850af1d41ef46dc131fe5890470/screenshot - {}
RESULT: {}
RESULT: {}
COMMAND: GET /session/79689850af1d41ef46dc131fe5890470/screenshot - {}
COMMAND: POST /session/79689850af1d41ef46dc131fe5890470/execute/async - {"script":"<script> [1562 bytes]","args":[{"selector":{"id":"application-manageresources-display-component---newResourceUnit--TYPE-arrow"},"wdio_ui5_key":"applicationmanageresources-display-component---newResourceUnit--TYPE-arrow"}]}
RESULT: {}
RESULT: {}
RESULT: {"script":"<script> [1562 bytes]","args":[{"selector":{"id":"application-manageresources-display-component---newResourceUnit--TYPE-arrow"},"wdio_ui5_key":"applicationmanageresources-display-component---newResourceUnit--TYPE-arrow"}]}
RESULT: undefined
COMMAND: POST /session/79689850af1d41ef46dc131fe5890470/element - {"using":"xpath","value":"//*[@id=\"application-manageresources-display-component---newResourceUnit--TYPE-arrow\"]"}
RESULT: {"using":"xpath","value":"//*[@id=\"application-manageresources-display-component---newResourceUnit--TYPE-arrow\"]"}
COMMAND: POST /session/79689850af1d41ef46dc131fe5890470/element/f.3A2B8E27F6B6549B06BE95D0839BE483.d.037D449D2D6277B7125F79859BF8BA3E.e.8801/click - {}
RESULT: {}
COMMAND: POST /session/79689850af1d41ef46dc131fe5890470/element - {"using":"xpath","value":"//input[@id=\"application-manageresources-display-component---newResourceUnit--TYPE-inner\"]"}
COMMAND: GET /session/79689850af1d41ef46dc131fe5890470/screenshot - {}
RESULT: {"using":"xpath","value":"//input[@id=\"application-manageresources-display-component---newResourceUnit--TYPE-inner\"]"}
COMMAND: POST /session/79689850af1d41ef46dc131fe5890470/element/f.3A2B8E27F6B6549B06BE95D0839BE483.d.037D449D2D6277B7125F79859BF8BA3E.e.8670/clear - {}
RESULT: {}
RESULT: {}
COMMAND: POST /session/79689850af1d41ef46dc131fe5890470/element/f.3A2B8E27F6B6549B06BE95D0839BE483.d.037D449D2D6277B7125F79859BF8BA3E.e.8670/value - {"text":"Equipment"}
COMMAND: GET /session/79689850af1d41ef46dc131fe5890470/screenshot - {}
RESULT: {"text":"Equipment"}
COMMAND: GET /session/79689850af1d41ef46dc131fe5890470/screenshot - {}
RESULT: {}
RESULT: {}
COMMAND: POST /session/79689850af1d41ef46dc131fe5890470/actions - {"actions":[{"id":"action27","type":"key","parameters":{},"actions":[{"type":"keyDown","value":"î€‡"},{"type":"pause","duration":10},{"type":"keyUp","value":"î€‡"}]}]}
RESULT: {"actions":[{"id":"action27","type":"key","parameters":{},"actions":[{"type":"keyDown","value":"î€‡"},{"type":"pause","duration":10},{"type":"keyUp","value":"î€‡"}]}]}
COMMAND: POST /session/79689850af1d41ef46dc131fe5890470/execute/async - {"script":"<script> [1562 bytes]","args":[{"selector":{"id":"application-manageresources-display-component---newResourceUnit--resourceId","interaction":{"idSuffix":"inner"}},"wdio_ui5_key":"applicationmanageresources-display-component---newResourceUnit--resourceId"}]}
COMMAND: GET /session/79689850af1d41ef46dc131fe5890470/screenshot - {}
RESULT: {"script":"<script> [1562 bytes]","args":[{"selector":{"id":"application-manageresources-display-component---newResourceUnit--resourceId","interaction":{"idSuffix":"inner"}},"wdio_ui5_key":"applicationmanageresources-display-component---newResourceUnit--resourceId"}]}
RESULT: undefined
COMMAND: POST /session/79689850af1d41ef46dc131fe5890470/execute/async - {"script":"<script> [776 bytes]","args":[{"enterText":"1vUQspUVcJ","selector":{"id":"application-manageresources-display-component---newResourceUnit--resourceId","interaction":{"idSuffix":"inner"}},"clearTextFirst":true,"interactionType":"ENTER_TEXT"}]}
RESULT: {}
RESULT: {"script":"<script> [776 bytes]","args":[{"enterText":"1vUQspUVcJ","selector":{"id":"application-manageresources-display-component---newResourceUnit--resourceId","interaction":{"idSuffix":"inner"}},"clearTextFirst":true,"interactionType":"ENTER_TEXT"}]}
COMMAND: POST /session/79689850af1d41ef46dc131fe5890470/execute/async - {"script":"<script> [1562 bytes]","args":[{"selector":{"id":"application-manageresources-display-component---newResourceUnit--SHORT_TEXT","interaction":{"idSuffix":"inner"}},"wdio_ui5_key":"applicationmanageresources-display-component---newResourceUnit--SHORT_TEXT"}]}
RESULT: {"script":"<script> [1562 bytes]","args":[{"selector":{"id":"application-manageresources-display-component---newResourceUnit--SHORT_TEXT","interaction":{"idSuffix":"inner"}},"wdio_ui5_key":"applicationmanageresources-display-component---newResourceUnit--SHORT_TEXT"}]}
RESULT: undefined
COMMAND: POST /session/79689850af1d41ef46dc131fe5890470/execute/async - {"script":"<script> [776 bytes]","args":[{"enterText":"Intercompany Equipment WDIO","selector":{"id":"application-manageresources-display-component---newResourceUnit--SHORT_TEXT","interaction":{"idSuffix":"inner"}},"clearTextFirst":true,"interactionType":"ENTER_TEXT"}]}
RESULT: {"script":"<script> [776 bytes]","args":[{"enterText":"Intercompany Equipment WDIO","selector":{"id":"application-manageresources-display-component---newResourceUnit--SHORT_TEXT","interaction":{"idSuffix":"inner"}},"clearTextFirst":true,"interactionType":"ENTER_TEXT"}]}
COMMAND: POST /session/79689850af1d41ef46dc131fe5890470/execute/async - {"script":"<script> [1562 bytes]","args":[{"selector":{"id":"application-manageresources-display-component---newResourceUnit--BASE_UNIT_OF_MEASURE","interaction":{"idSuffix":"inner"}},"wdio_ui5_key":"applicationmanageresources-display-component---newResourceUnit--BASE_UNIT_OF_MEASURE"}]}
RESULT: {"script":"<script> [1562 bytes]","args":[{"selector":{"id":"application-manageresources-display-component---newResourceUnit--BASE_UNIT_OF_MEASURE","interaction":{"idSuffix":"inner"}},"wdio_ui5_key":"applicationmanageresources-display-component---newResourceUnit--BASE_UNIT_OF_MEASURE"}]}
RESULT: undefined
COMMAND: POST /session/79689850af1d41ef46dc131fe5890470/execute/async - {"script":"<script> [776 bytes]","args":[{"enterText":"Piece","selector":{"id":"application-manageresources-display-component---newResourceUnit--BASE_UNIT_OF_MEASURE","interaction":{"idSuffix":"inner"}},"clearTextFirst":true,"interactionType":"ENTER_TEXT"}]}
RESULT: {"script":"<script> [776 bytes]","args":[{"enterText":"Piece","selector":{"id":"application-manageresources-display-component---newResourceUnit--BASE_UNIT_OF_MEASURE","interaction":{"idSuffix":"inner"}},"clearTextFirst":true,"interactionType":"ENTER_TEXT"}]}
COMMAND: POST /session/79689850af1d41ef46dc131fe5890470/execute/async - {"script":"<script> [1562 bytes]","args":[{"selector":{"id":"application-manageresources-display-component---newResourceUnit--WEIGHT_UNIT","interaction":{"idSuffix":"inner"}},"wdio_ui5_key":"applicationmanageresources-display-component---newResourceUnit--WEIGHT_UNIT"}]}
RESULT: {"script":"<script> [1562 bytes]","args":[{"selector":{"id":"application-manageresources-display-component---newResourceUnit--WEIGHT_UNIT","interaction":{"idSuffix":"inner"}},"wdio_ui5_key":"applicationmanageresources-display-component---newResourceUnit--WEIGHT_UNIT"}]}
RESULT: undefined
COMMAND: POST /session/79689850af1d41ef46dc131fe5890470/execute/async - {"script":"<script> [776 bytes]","args":[{"enterText":"Gram","selector":{"id":"application-manageresources-display-component---newResourceUnit--WEIGHT_UNIT","interaction":{"idSuffix":"inner"}},"clearTextFirst":true,"interactionType":"ENTER_TEXT"}]}
RESULT: {"script":"<script> [776 bytes]","args":[{"enterText":"Gram","selector":{"id":"application-manageresources-display-component---newResourceUnit--WEIGHT_UNIT","interaction":{"idSuffix":"inner"}},"clearTextFirst":true,"interactionType":"ENTER_TEXT"}]}
COMMAND: POST /session/79689850af1d41ef46dc131fe5890470/execute/async - {"script":"<script> [1562 bytes]","args":[{"selector":{"id":"application-manageresources-display-component---newResourceUnit--DIMENSION_UNIT","interaction":{"idSuffix":"inner"}},"wdio_ui5_key":"applicationmanageresources-display-component---newResourceUnit--DIMENSION_UNIT"}]}
RESULT: {"script":"<script> [1562 bytes]","args":[{"selector":{"id":"application-manageresources-display-component---newResourceUnit--DIMENSION_UNIT","interaction":{"idSuffix":"inner"}},"wdio_ui5_key":"applicationmanageresources-display-component---newResourceUnit--DIMENSION_UNIT"}]}
RESULT: undefined
COMMAND: POST /session/79689850af1d41ef46dc131fe5890470/execute/async - {"script":"<script> [776 bytes]","args":[{"enterText":"Meter","selector":{"id":"application-manageresources-display-component---newResourceUnit--DIMENSION_UNIT","interaction":{"idSuffix":"inner"}},"clearTextFirst":true,"interactionType":"ENTER_TEXT"}]}
RESULT: {"script":"<script> [776 bytes]","args":[{"enterText":"Meter","selector":{"id":"application-manageresources-display-component---newResourceUnit--DIMENSION_UNIT","interaction":{"idSuffix":"inner"}},"clearTextFirst":true,"interactionType":"ENTER_TEXT"}]}
COMMAND: POST /session/79689850af1d41ef46dc131fe5890470/execute/async - {"script":"<script> [1562 bytes]","args":[{"selector":{"id":"application-manageresources-display-component---newResourceUnit--newRRUPage-anchBar-application-manageresources-display-component---newResourceUnit--control-anchor","interaction":{"idSuffix":"BDI-content"}},"wdio_ui5_key":"applicationmanageresources-display-component---newResourceUnit--newRRUPage-anchBar-application-manageresources-display-component---newResourceUnit--control-anchor"}]}
RESULT: {"script":"<script> [1562 bytes]","args":[{"selector":{"id":"application-manageresources-display-component---newResourceUnit--newRRUPage-anchBar-application-manageresources-display-component---newResourceUnit--control-anchor","interaction":{"idSuffix":"BDI-content"}},"wdio_ui5_key":"applicationmanageresources-display-component---newResourceUnit--newRRUPage-anchBar-application-manageresources-display-component---newResourceUnit--control-anchor"}]}
RESULT: undefined
COMMAND: POST /session/79689850af1d41ef46dc131fe5890470/element - {"using":"xpath","value":"//*[@id=\"application-manageresources-display-component---newResourceUnit--newRRUPage-anchBar-application-manageresources-display-component---newResourceUnit--control-anchor\"]"}
RESULT: {"using":"xpath","value":"//*[@id=\"application-manageresources-display-component---newResourceUnit--newRRUPage-anchBar-application-manageresources-display-component---newResourceUnit--control-anchor\"]"}
COMMAND: POST /session/79689850af1d41ef46dc131fe5890470/element/f.3A2B8E27F6B6549B06BE95D0839BE483.d.037D449D2D6277B7125F79859BF8BA3E.e.8935/click - {}
RESULT: {}
COMMAND: POST /session/79689850af1d41ef46dc131fe5890470/execute/async - {"script":"<script> [1562 bytes]","args":[{"selector":{"id":"application-manageresources-display-component---newResourceUnit--PLANNING_GROUP","interaction":{"idSuffix":"inner"}},"wdio_ui5_key":"applicationmanageresources-display-component---newResourceUnit--PLANNING_GROUP"}]}
COMMAND: GET /session/79689850af1d41ef46dc131fe5890470/screenshot - {}
RESULT: {"script":"<script> [1562 bytes]","args":[{"selector":{"id":"application-manageresources-display-component---newResourceUnit--PLANNING_GROUP","interaction":{"idSuffix":"inner"}},"wdio_ui5_key":"applicationmanageresources-display-component---newResourceUnit--PLANNING_GROUP"}]}
RESULT: undefined
COMMAND: POST /session/79689850af1d41ef46dc131fe5890470/execute/async - {"script":"<script> [776 bytes]","args":[{"enterText":"Heavy Equi","selector":{"id":"application-manageresources-display-component---newResourceUnit--PLANNING_GROUP","interaction":{"idSuffix":"inner"}},"clearTextFirst":true,"interactionType":"ENTER_TEXT"}]}
RESULT: {}
RESULT: {"script":"<script> [776 bytes]","args":[{"enterText":"Heavy Equi","selector":{"id":"application-manageresources-display-component---newResourceUnit--PLANNING_GROUP","interaction":{"idSuffix":"inner"}},"clearTextFirst":true,"interactionType":"ENTER_TEXT"}]}
COMMAND: POST /session/79689850af1d41ef46dc131fe5890470/execute/async - {"script":"<script> [1562 bytes]","args":[{"selector":{"id":"application-manageresources-display-component---newResourceUnit--ITEM_TYPE-arrow"},"wdio_ui5_key":"applicationmanageresources-display-component---newResourceUnit--ITEM_TYPE-arrow"}]}
RESULT: {"script":"<script> [1562 bytes]","args":[{"selector":{"id":"application-manageresources-display-component---newResourceUnit--ITEM_TYPE-arrow"},"wdio_ui5_key":"applicationmanageresources-display-component---newResourceUnit--ITEM_TYPE-arrow"}]}
RESULT: undefined
COMMAND: POST /session/79689850af1d41ef46dc131fe5890470/element - {"using":"xpath","value":"//*[@id=\"application-manageresources-display-component---newResourceUnit--ITEM_TYPE-arrow\"]"}
RESULT: {"using":"xpath","value":"//*[@id=\"application-manageresources-display-component---newResourceUnit--ITEM_TYPE-arrow\"]"}
COMMAND: POST /session/79689850af1d41ef46dc131fe5890470/element/f.3A2B8E27F6B6549B06BE95D0839BE483.d.037D449D2D6277B7125F79859BF8BA3E.e.8944/click - {}
RESULT: {}
COMMAND: POST /session/79689850af1d41ef46dc131fe5890470/element - {"using":"xpath","value":"(//span[contains(text(), \"Resource Unit\")])[2]"}
COMMAND: GET /session/79689850af1d41ef46dc131fe5890470/screenshot - {}
RESULT: {"using":"xpath","value":"(//span[contains(text(), \"Resource Unit\")])[2]"}
COMMAND: POST /session/79689850af1d41ef46dc131fe5890470/element/f.3A2B8E27F6B6549B06BE95D0839BE483.d.037D449D2D6277B7125F79859BF8BA3E.e.8945/click - {}
RESULT: {}
RESULT: {}
COMMAND: GET /session/79689850af1d41ef46dc131fe5890470/screenshot - {}
RESULT: {}
COMMAND: POST /session/79689850af1d41ef46dc131fe5890470/element - {"using":"css selector","value":"#application-manageresources-display-component---newResourceUnit--btnAddTimeSegment"}
RESULT: {"using":"css selector","value":"#application-manageresources-display-component---newResourceUnit--btnAddTimeSegment"}
COMMAND: GET /session/79689850af1d41ef46dc131fe5890470/element/f.3A2B8E27F6B6549B06BE95D0839BE483.d.037D449D2D6277B7125F79859BF8BA3E.e.8946/rect - {}
RESULT: {}
COMMAND: GET /session/79689850af1d41ef46dc131fe5890470/window/rect - {}
RESULT: {}
COMMAND: POST /session/79689850af1d41ef46dc131fe5890470/execute/sync - {"script":"<script> [92 bytes]","args":[]}
RESULT: {"script":"<script> [92 bytes]","args":[]}
COMMAND: POST /session/79689850af1d41ef46dc131fe5890470/actions - {"actions":[{"id":"action28","type":"wheel","parameters":{},"actions":[{"type":"scroll","x":-1888,"y":-32,"deltaX":0,"deltaY":0,"duration":0,"origin":{"element-6066-11e4-a52e-4f735466cecf":"f.3A2B8E27F6B6549B06BE95D0839BE483.d.037D449D2D6277B7125F79859BF8BA3E.e.8946"}}]}]}
COMMAND: GET /session/79689850af1d41ef46dc131fe5890470/screenshot - {}
RESULT: {}
COMMAND: POST /session/79689850af1d41ef46dc131fe5890470/execute/sync - {"script":"<script> [79 bytes]","args":[{"element-6066-11e4-a52e-4f735466cecf":"f.3A2B8E27F6B6549B06BE95D0839BE483.d.037D449D2D6277B7125F79859BF8BA3E.e.8946","ELEMENT":"f.3A2B8E27F6B6549B06BE95D0839BE483.d.037D449D2D6277B7125F79859BF8BA3E.e.8946"},{"block":"start","inline":"nearest"}]}
RESULT: {"script":"<script> [79 bytes]","args":[{"element-6066-11e4-a52e-4f735466cecf":"f.3A2B8E27F6B6549B06BE95D0839BE483.d.037D449D2D6277B7125F79859BF8BA3E.e.8946","ELEMENT":"f.3A2B8E27F6B6549B06BE95D0839BE483.d.037D449D2D6277B7125F79859BF8BA3E.e.8946"},{"block":"start","inline":"nearest"}]}
COMMAND: POST /session/79689850af1d41ef46dc131fe5890470/execute/async - {"script":"<script> [1562 bytes]","args":[{"selector":{"id":"application-manageresources-display-component---newResourceUnit--btnAddTimeSegment","interaction":{"idSuffix":"inner"}},"wdio_ui5_key":"applicationmanageresources-display-component---newResourceUnit--btnAddTimeSegment"}]}
COMMAND: GET /session/79689850af1d41ef46dc131fe5890470/screenshot - {}
RESULT: {"script":"<script> [1562 bytes]","args":[{"selector":{"id":"application-manageresources-display-component---newResourceUnit--btnAddTimeSegment","interaction":{"idSuffix":"inner"}},"wdio_ui5_key":"applicationmanageresources-display-component---newResourceUnit--btnAddTimeSegment"}]}
RESULT: undefined
COMMAND: POST /session/79689850af1d41ef46dc131fe5890470/element - {"using":"xpath","value":"//*[@id=\"application-manageresources-display-component---newResourceUnit--btnAddTimeSegment\"]"}
RESULT: {}
RESULT: {"using":"xpath","value":"//*[@id=\"application-manageresources-display-component---newResourceUnit--btnAddTimeSegment\"]"}
COMMAND: POST /session/79689850af1d41ef46dc131fe5890470/element/f.3A2B8E27F6B6549B06BE95D0839BE483.d.037D449D2D6277B7125F79859BF8BA3E.e.8946/click - {}
RESULT: {}
COMMAND: GET /session/79689850af1d41ef46dc131fe5890470/screenshot - {}
RESULT: {}
COMMAND: POST /session/79689850af1d41ef46dc131fe5890470/element - {"using":"xpath","value":"//input[@id=\"application-manageresources-display-component---newResourceUnit--idRuTSAdmin-application-manageresources-display-component---newResourceUnit--RUTimeSegment-0-inner\"]"}
RESULT: {"using":"xpath","value":"//input[@id=\"application-manageresources-display-component---newResourceUnit--idRuTSAdmin-application-manageresources-display-component---newResourceUnit--RUTimeSegment-0-inner\"]"}
COMMAND: POST /session/79689850af1d41ef46dc131fe5890470/element/f.3A2B8E27F6B6549B06BE95D0839BE483.d.037D449D2D6277B7125F79859BF8BA3E.e.8952/clear - {}
RESULT: {}
COMMAND: POST /session/79689850af1d41ef46dc131fe5890470/element/f.3A2B8E27F6B6549B06BE95D0839BE483.d.037D449D2D6277B7125F79859BF8BA3E.e.8952/value - {"text":"496"}
COMMAND: GET /session/79689850af1d41ef46dc131fe5890470/screenshot - {}
RESULT: {"text":"496"}
COMMAND: GET /session/79689850af1d41ef46dc131fe5890470/screenshot - {}
RESULT: {}
RESULT: {}
COMMAND: POST /session/79689850af1d41ef46dc131fe5890470/element - {"using":"xpath","value":"//li[.//span[text()='496']]"}
RESULT: {"using":"xpath","value":"//li[.//span[text()='496']]"}
COMMAND: POST /session/79689850af1d41ef46dc131fe5890470/element/f.3A2B8E27F6B6549B06BE95D0839BE483.d.037D449D2D6277B7125F79859BF8BA3E.e.8964/click - {}
RESULT: {}
COMMAND: GET /session/79689850af1d41ef46dc131fe5890470/screenshot - {}
RESULT: {}
COMMAND: POST /session/79689850af1d41ef46dc131fe5890470/element - {"using":"xpath","value":"(//span[contains(@id, \"-application-manageresources-display-component---newResourceUnit--RUTimeSegment-0-arrow\")])[6]"}
RESULT: {"using":"xpath","value":"(//span[contains(@id, \"-application-manageresources-display-component---newResourceUnit--RUTimeSegment-0-arrow\")])[6]"}
COMMAND: POST /session/79689850af1d41ef46dc131fe5890470/element/f.3A2B8E27F6B6549B06BE95D0839BE483.d.037D449D2D6277B7125F79859BF8BA3E.e.8965/click - {}
RESULT: {}
COMMAND: GET /session/79689850af1d41ef46dc131fe5890470/screenshot - {}
RESULT: {}
COMMAND: POST /session/79689850af1d41ef46dc131fe5890470/element - {"using":"xpath","value":"//span[contains(text(), \"PM Order\")]"}
RESULT: {"using":"xpath","value":"//span[contains(text(), \"PM Order\")]"}
COMMAND: POST /session/79689850af1d41ef46dc131fe5890470/element/f.3A2B8E27F6B6549B06BE95D0839BE483.d.037D449D2D6277B7125F79859BF8BA3E.e.8968/click - {}
RESULT: {}
COMMAND: GET /session/79689850af1d41ef46dc131fe5890470/screenshot - {}
RESULT: {}
COMMAND: POST /session/79689850af1d41ef46dc131fe5890470/element - {"using":"xpath","value":"(//span[contains(@id ,\"manageresources-display-component---newResourceUnit--RUTimeSegment-0-vhi\")])[1]"}
RESULT: {"using":"xpath","value":"(//span[contains(@id ,\"manageresources-display-component---newResourceUnit--RUTimeSegment-0-vhi\")])[1]"}
COMMAND: GET /session/79689850af1d41ef46dc131fe5890470/element/f.3A2B8E27F6B6549B06BE95D0839BE483.d.037D449D2D6277B7125F79859BF8BA3E.e.8972/rect - {}
RESULT: {}
COMMAND: GET /session/79689850af1d41ef46dc131fe5890470/window/rect - {}
RESULT: {}
COMMAND: POST /session/79689850af1d41ef46dc131fe5890470/execute/sync - {"script":"<script> [92 bytes]","args":[]}
RESULT: {"script":"<script> [92 bytes]","args":[]}
COMMAND: POST /session/79689850af1d41ef46dc131fe5890470/actions - {"actions":[{"id":"action29","type":"wheel","parameters":{},"actions":[{"type":"scroll","x":-869,"y":-24,"deltaX":0,"deltaY":0,"duration":0,"origin":{"element-6066-11e4-a52e-4f735466cecf":"f.3A2B8E27F6B6549B06BE95D0839BE483.d.037D449D2D6277B7125F79859BF8BA3E.e.8972"}}]}]}
COMMAND: GET /session/79689850af1d41ef46dc131fe5890470/screenshot - {}
RESULT: {"actions":[{"id":"action29","type":"wheel","parameters":{},"actions":[{"type":"scroll","x":-869,"y":-24,"deltaX":0,"deltaY":0,"duration":0,"origin":{"element-6066-11e4-a52e-4f735466cecf":"f.3A2B8E27F6B6549B06BE95D0839BE483.d.037D449D2D6277B7125F79859BF8BA3E.e.8972"}}]}]}
COMMAND: DELETE /session/79689850af1d41ef46dc131fe5890470/actions - {}
COMMAND: GET /session/79689850af1d41ef46dc131fe5890470/screenshot - {}
RESULT: {}
RESULT: {}
COMMAND: GET /session/79689850af1d41ef46dc131fe5890470/screenshot - {}
RESULT: {}
RESULT: {}
COMMAND: POST /session/79689850af1d41ef46dc131fe5890470/element/f.3A2B8E27F6B6549B06BE95D0839BE483.d.037D449D2D6277B7125F79859BF8BA3E.e.8972/click - {}
RESULT: {}
COMMAND: GET /session/79689850af1d41ef46dc131fe5890470/screenshot - {}
RESULT: {}
COMMAND: POST /session/79689850af1d41ef46dc131fe5890470/execute/async - {"script":"<script> [1562 bytes]","args":[{"selector":{"controlType":"sap.m.SearchField","properties":{"placeholder":"Search"},"searchOpenDialogs":true,"interaction":{"idSuffix":"I"}},"wdio_ui5_key":"sapm.SearchField{\"placeholder\":\"Search\"}"}]}
RESULT: {"script":"<script> [1562 bytes]","args":[{"selector":{"controlType":"sap.m.SearchField","properties":{"placeholder":"Search"},"searchOpenDialogs":true,"interaction":{"idSuffix":"I"}},"wdio_ui5_key":"sapm.SearchField{\"placeholder\":\"Search\"}"}]}
RESULT: undefined
COMMAND: POST /session/79689850af1d41ef46dc131fe5890470/execute/async - {"script":"<script> [776 bytes]","args":[{"enterText":"4000360","selector":{"controlType":"sap.m.SearchField","properties":{"placeholder":"Search"},"searchOpenDialogs":true,"interaction":{"idSuffix":"I"}},"clearTextFirst":true,"interactionType":"ENTER_TEXT"}]}
RESULT: {"script":"<script> [776 bytes]","args":[{"enterText":"4000360","selector":{"controlType":"sap.m.SearchField","properties":{"placeholder":"Search"},"searchOpenDialogs":true,"interaction":{"idSuffix":"I"}},"clearTextFirst":true,"interactionType":"ENTER_TEXT"}]}
COMMAND: POST /session/79689850af1d41ef46dc131fe5890470/actions - {"actions":[{"id":"action30","type":"key","parameters":{},"actions":[{"type":"keyDown","value":"î€‡"},{"type":"pause","duration":10},{"type":"keyUp","value":"î€‡"}]}]}
RESULT: {"actions":[{"id":"action30","type":"key","parameters":{},"actions":[{"type":"keyDown","value":"î€‡"},{"type":"pause","duration":10},{"type":"keyUp","value":"î€‡"}]}]}
COMMAND: GET /session/79689850af1d41ef46dc131fe5890470/screenshot - {}
RESULT: {}
COMMAND: POST /session/79689850af1d41ef46dc131fe5890470/element - {"using":"xpath","value":"//td/div/span[contains(text(), \"BGL Vehicles\")]"}
RESULT: {"using":"xpath","value":"//td/div/span[contains(text(), \"BGL Vehicles\")]"}
COMMAND: POST /session/79689850af1d41ef46dc131fe5890470/element/f.3A2B8E27F6B6549B06BE95D0839BE483.d.037D449D2D6277B7125F79859BF8BA3E.e.8993/click - {}
RESULT: {}
COMMAND: GET /session/79689850af1d41ef46dc131fe5890470/screenshot - {}
RESULT: {}
COMMAND: POST /session/79689850af1d41ef46dc131fe5890470/element - {"using":"xpath","value":"//bdi[contains(text(), \"OK\")]"}
RESULT: {"using":"xpath","value":"//bdi[contains(text(), \"OK\")]"}
COMMAND: POST /session/79689850af1d41ef46dc131fe5890470/element/f.3A2B8E27F6B6549B06BE95D0839BE483.d.037D449D2D6277B7125F79859BF8BA3E.e.8994/click - {}
RESULT: {}
COMMAND: GET /session/79689850af1d41ef46dc131fe5890470/screenshot - {}
RESULT: {}
COMMAND: POST /session/79689850af1d41ef46dc131fe5890470/execute/async - {"script":"<script> [1562 bytes]","args":[{"selector":{"id":"application-manageresources-display-component---newResourceUnit--newRRUPage-anchBar-application-manageresources-display-component---newResourceUnit--resource-anchor","interaction":{"idSuffix":"BDI-content"}},"wdio_ui5_key":"applicationmanageresources-display-component---newResourceUnit--newRRUPage-anchBar-application-manageresources-display-component---newResourceUnit--resource-anchor"}]}
RESULT: {"script":"<script> [1562 bytes]","args":[{"selector":{"id":"application-manageresources-display-component---newResourceUnit--newRRUPage-anchBar-application-manageresources-display-component---newResourceUnit--resource-anchor","interaction":{"idSuffix":"BDI-content"}},"wdio_ui5_key":"applicationmanageresources-display-component---newResourceUnit--newRRUPage-anchBar-application-manageresources-display-component---newResourceUnit--resource-anchor"}]}
RESULT: undefined
COMMAND: POST /session/79689850af1d41ef46dc131fe5890470/element - {"using":"xpath","value":"//*[@id=\"application-manageresources-display-component---newResourceUnit--newRRUPage-anchBar-application-manageresources-display-component---newResourceUnit--resource-anchor\"]"}
RESULT: {"using":"xpath","value":"//*[@id=\"application-manageresources-display-component---newResourceUnit--newRRUPage-anchBar-application-manageresources-display-component---newResourceUnit--resource-anchor\"]"}
COMMAND: POST /session/79689850af1d41ef46dc131fe5890470/element/f.3A2B8E27F6B6549B06BE95D0839BE483.d.037D449D2D6277B7125F79859BF8BA3E.e.8998/click - {}
RESULT: {}
COMMAND: POST /session/79689850af1d41ef46dc131fe5890470/execute/async - {"script":"<script> [1562 bytes]","args":[{"selector":{"id":"application-manageresources-display-component---newResourceUnit--PLANNED_DELIVERY_DATE","interaction":{"idSuffix":"inner"}},"wdio_ui5_key":"applicationmanageresources-display-component---newResourceUnit--PLANNED_DELIVERY_DATE"}]}
COMMAND: GET /session/79689850af1d41ef46dc131fe5890470/screenshot - {}
RESULT: {"script":"<script> [1562 bytes]","args":[{"selector":{"id":"application-manageresources-display-component---newResourceUnit--PLANNED_DELIVERY_DATE","interaction":{"idSuffix":"inner"}},"wdio_ui5_key":"applicationmanageresources-display-component---newResourceUnit--PLANNED_DELIVERY_DATE"}]}
RESULT: undefined
COMMAND: POST /session/79689850af1d41ef46dc131fe5890470/execute/async - {"script":"<script> [6424 bytes]","args":[{"element-6066-11e4-a52e-4f735466cecf":"f.3A2B8E27F6B6549B06BE95D0839BE483.d.037D449D2D6277B7125F79859BF8BA3E.e.8858"},"setValue",["5/2/25"]]}
RESULT: {}
RESULT: {"script":"<script> [6424 bytes]","args":[{"element-6066-11e4-a52e-4f735466cecf":"f.3A2B8E27F6B6549B06BE95D0839BE483.d.037D449D2D6277B7125F79859BF8BA3E.e.8858"},"setValue",["5/2/25"]]}
COMMAND: POST /session/79689850af1d41ef46dc131fe5890470/element - {"using":"xpath","value":"//button[@data-kt=\"resourceUnitSaveButton\"]"}
RESULT: {"using":"xpath","value":"//button[@data-kt=\"resourceUnitSaveButton\"]"}
COMMAND: POST /session/79689850af1d41ef46dc131fe5890470/element/f.3A2B8E27F6B6549B06BE95D0839BE483.d.037D449D2D6277B7125F79859BF8BA3E.e.8819/click - {}
RESULT: {}
COMMAND: GET /session/79689850af1d41ef46dc131fe5890470/screenshot - {}
RESULT: {}
COMMAND: POST /session/79689850af1d41ef46dc131fe5890470/element - {"using":"xpath","value":"//bdi[contains(text(), \"Close\")]"}
RESULT: {"using":"xpath","value":"//bdi[contains(text(), \"Close\")]"}
COMMAND: POST /session/79689850af1d41ef46dc131fe5890470/element/f.3A2B8E27F6B6549B06BE95D0839BE483.d.037D449D2D6277B7125F79859BF8BA3E.e.9006/click - {}
RESULT: {}
COMMAND: GET /session/79689850af1d41ef46dc131fe5890470/screenshot - {}
RESULT: {}
COMMAND: POST /session/79689850af1d41ef46dc131fe5890470/element - {"using":"xpath","value":"//bdi[contains(text(), \"Edit\")]"}
RESULT: {"using":"xpath","value":"//bdi[contains(text(), \"Edit\")]"}
COMMAND: POST /session/79689850af1d41ef46dc131fe5890470/execute/sync - {"script":"<script> [8489 bytes]","args":[{"element-6066-11e4-a52e-4f735466cecf":"f.3A2B8E27F6B6549B06BE95D0839BE483.d.037D449D2D6277B7125F79859BF8BA3E.e.9037","ELEMENT":"f.3A2B8E27F6B6549B06BE95D0839BE483.d.037D449D2D6277B7125F79859BF8BA3E.e.9037"}]}
RESULT: {"script":"<script> [8489 bytes]","args":[{"element-6066-11e4-a52e-4f735466cecf":"f.3A2B8E27F6B6549B06BE95D0839BE483.d.037D449D2D6277B7125F79859BF8BA3E.e.9037","ELEMENT":"f.3A2B8E27F6B6549B06BE95D0839BE483.d.037D449D2D6277B7125F79859BF8BA3E.e.9037"}]}
COMMAND: POST /session/79689850af1d41ef46dc131fe5890470/element/f.3A2B8E27F6B6549B06BE95D0839BE483.d.037D449D2D6277B7125F79859BF8BA3E.e.9037/click - {}
COMMAND: GET /session/79689850af1d41ef46dc131fe5890470/screenshot - {}
RESULT: {}
COMMAND: GET /session/79689850af1d41ef46dc131fe5890470/screenshot - {}
RESULT: {}
RESULT: {}
COMMAND: POST /session/79689850af1d41ef46dc131fe5890470/execute/async - {"script":"<script> [1562 bytes]","args":[{"selector":{"id":"application-manageresources-display-component---editResource--editRruPage-anchBar-application-manageresources-display-component---editResource--counters-anchor","interaction":{"idSuffix":"BDI-content"}},"wdio_ui5_key":"applicationmanageresources-display-component---editResource--editRruPage-anchBar-application-manageresources-display-component---editResource--counters-anchor"}]}
RESULT: {"script":"<script> [1562 bytes]","args":[{"selector":{"id":"application-manageresources-display-component---editResource--editRruPage-anchBar-application-manageresources-display-component---editResource--counters-anchor","interaction":{"idSuffix":"BDI-content"}},"wdio_ui5_key":"applicationmanageresources-display-component---editResource--editRruPage-anchBar-application-manageresources-display-component---editResource--counters-anchor"}]}
RESULT: undefined
COMMAND: POST /session/79689850af1d41ef46dc131fe5890470/element - {"using":"xpath","value":"//*[@id=\"application-manageresources-display-component---editResource--editRruPage-anchBar-application-manageresources-display-component---editResource--counters-anchor\"]"}
RESULT: {"using":"xpath","value":"//*[@id=\"application-manageresources-display-component---editResource--editRruPage-anchBar-application-manageresources-display-component---editResource--counters-anchor\"]"}
COMMAND: POST /session/79689850af1d41ef46dc131fe5890470/element/f.3A2B8E27F6B6549B06BE95D0839BE483.d.037D449D2D6277B7125F79859BF8BA3E.e.9151/click - {}
RESULT: {}
COMMAND: GET /session/79689850af1d41ef46dc131fe5890470/screenshot - {}
RESULT: {}
COMMAND: POST /session/79689850af1d41ef46dc131fe5890470/execute/async - {"script":"<script> [1562 bytes]","args":[{"selector":{"id":"application-manageresources-display-component---editResource--btnAddCounter-img"},"wdio_ui5_key":"applicationmanageresources-display-component---editResource--btnAddCounter-img"}]}
RESULT: {"script":"<script> [1562 bytes]","args":[{"selector":{"id":"application-manageresources-display-component---editResource--btnAddCounter-img"},"wdio_ui5_key":"applicationmanageresources-display-component---editResource--btnAddCounter-img"}]}
RESULT: undefined
COMMAND: POST /session/79689850af1d41ef46dc131fe5890470/element - {"using":"xpath","value":"//*[@id=\"application-manageresources-display-component---editResource--btnAddCounter-img\"]"}
RESULT: {"using":"xpath","value":"//*[@id=\"application-manageresources-display-component---editResource--btnAddCounter-img\"]"}
COMMAND: POST /session/79689850af1d41ef46dc131fe5890470/element/f.3A2B8E27F6B6549B06BE95D0839BE483.d.037D449D2D6277B7125F79859BF8BA3E.e.9185/click - {}
RESULT: {}
COMMAND: POST /session/79689850af1d41ef46dc131fe5890470/execute/async - {"script":"<script> [1562 bytes]","args":[{"selector":{"id":"application-manageresources-display-component---editResource--COUNTER_ID-application-manageresources-display-component---editResource--RUCounters-0-arrow"},"wdio_ui5_key":"applicationmanageresources-display-component---editResource--COUNTER_ID-application-manageresources-display-component---editResource--RUCounters-0-arrow"}]}
COMMAND: GET /session/79689850af1d41ef46dc131fe5890470/screenshot - {}
RESULT: {"script":"<script> [1562 bytes]","args":[{"selector":{"id":"application-manageresources-display-component---editResource--COUNTER_ID-application-manageresources-display-component---editResource--RUCounters-0-arrow"},"wdio_ui5_key":"applicationmanageresources-display-component---editResource--COUNTER_ID-application-manageresources-display-component---editResource--RUCounters-0-arrow"}]}
RESULT: undefined
COMMAND: POST /session/79689850af1d41ef46dc131fe5890470/element - {"using":"xpath","value":"//*[@id=\"application-manageresources-display-component---editResource--COUNTER_ID-application-manageresources-display-component---editResource--RUCounters-0-arrow\"]"}
RESULT: {}
RESULT: {"using":"xpath","value":"//*[@id=\"application-manageresources-display-component---editResource--COUNTER_ID-application-manageresources-display-component---editResource--RUCounters-0-arrow\"]"}
COMMAND: POST /session/79689850af1d41ef46dc131fe5890470/element/f.3A2B8E27F6B6549B06BE95D0839BE483.d.037D449D2D6277B7125F79859BF8BA3E.e.9189/click - {}
RESULT: {}
COMMAND: POST /session/79689850af1d41ef46dc131fe5890470/execute/async - {"script":"<script> [1562 bytes]","args":[{"selector":{"controlType":"sap.m.StandardListItem","viewName":"etm.portal.ui.manageresources.view.EditResource","viewId":"application-manageresources-display-component---editResource","properties":{"title":"fuel"},"searchOpenDialogs":true,"interaction":{"idSuffix":"content"}},"wdio_ui5_key":"etmportal.ui.manageresources.view.EditResourcesap.m.StandardListItem{\"title\":\"fuel\"}"}]}
COMMAND: GET /session/79689850af1d41ef46dc131fe5890470/screenshot - {}
RESULT: {"script":"<script> [1562 bytes]","args":[{"selector":{"controlType":"sap.m.StandardListItem","viewName":"etm.portal.ui.manageresources.view.EditResource","viewId":"application-manageresources-display-component---editResource","properties":{"title":"fuel"},"searchOpenDialogs":true,"interaction":{"idSuffix":"content"}},"wdio_ui5_key":"etmportal.ui.manageresources.view.EditResourcesap.m.StandardListItem{\"title\":\"fuel\"}"}]}
RESULT: undefined
COMMAND: POST /session/79689850af1d41ef46dc131fe5890470/element - {"using":"xpath","value":"//*[@id=\"__item951\"]"}
RESULT: {}
RESULT: {"using":"xpath","value":"//*[@id=\"__item951\"]"}
COMMAND: POST /session/79689850af1d41ef46dc131fe5890470/element/f.3A2B8E27F6B6549B06BE95D0839BE483.d.037D449D2D6277B7125F79859BF8BA3E.e.9191/click - {}
RESULT: {}
COMMAND: GET /session/79689850af1d41ef46dc131fe5890470/screenshot - {}
RESULT: {}
COMMAND: POST /session/79689850af1d41ef46dc131fe5890470/element - {"using":"xpath","value":"//button[@data-kt=\"saveButton\"]"}
RESULT: {"using":"xpath","value":"//button[@data-kt=\"saveButton\"]"}
COMMAND: POST /session/79689850af1d41ef46dc131fe5890470/element/f.3A2B8E27F6B6549B06BE95D0839BE483.d.037D449D2D6277B7125F79859BF8BA3E.e.9192/click - {}
RESULT: {}
COMMAND: GET /session/79689850af1d41ef46dc131fe5890470/screenshot - {}
RESULT: {}
COMMAND: POST /session/79689850af1d41ef46dc131fe5890470/element - {"using":"xpath","value":"(//button[contains(@id ,\"actionsToolbar-overflowButton\")])[1]"}
RESULT: {"using":"xpath","value":"(//button[contains(@id ,\"actionsToolbar-overflowButton\")])[1]"}
COMMAND: POST /session/79689850af1d41ef46dc131fe5890470/element/f.3A2B8E27F6B6549B06BE95D0839BE483.d.037D449D2D6277B7125F79859BF8BA3E.e.9204/click - {}
RESULT: {}
COMMAND: GET /session/79689850af1d41ef46dc131fe5890470/screenshot - {}
RESULT: {}
COMMAND: POST /session/79689850af1d41ef46dc131fe5890470/element - {"using":"xpath","value":"//button[@data-kt=\"priceInfoButton\"]"}
RESULT: {"using":"xpath","value":"//button[@data-kt=\"priceInfoButton\"]"}
COMMAND: POST /session/79689850af1d41ef46dc131fe5890470/element/f.3A2B8E27F6B6549B06BE95D0839BE483.d.037D449D2D6277B7125F79859BF8BA3E.e.9206/click - {}
RESULT: {}
COMMAND: GET /session/79689850af1d41ef46dc131fe5890470/screenshot - {}
RESULT: {}
]]></system-out>
    </testcase>
    <testcase classname="chrome.135_0_7049_96.windows.Create_master_data_for_mixed_billing_&amp;_do_billing_calculation_US151661" name="Should create a TB pricing procedure" time="51.406">
      <system-out><![CDATA[
COMMAND: POST /session/79689850af1d41ef46dc131fe5890470/element - {"using":"xpath","value":"//button[@data-kt=\"addButton\"]"}
RESULT: {"using":"xpath","value":"//button[@data-kt=\"addButton\"]"}
COMMAND: POST /session/79689850af1d41ef46dc131fe5890470/elements - {"using":"xpath","value":"//button[@data-kt=\"addButton\"]"}
RESULT: {"using":"xpath","value":"//button[@data-kt=\"addButton\"]"}
COMMAND: POST /session/79689850af1d41ef46dc131fe5890470/execute/sync - {"script":"<script> [8489 bytes]","args":[{"element-6066-11e4-a52e-4f735466cecf":"f.3A2B8E27F6B6549B06BE95D0839BE483.d.037D449D2D6277B7125F79859BF8BA3E.e.9249","ELEMENT":"f.3A2B8E27F6B6549B06BE95D0839BE483.d.037D449D2D6277B7125F79859BF8BA3E.e.9249"}]}
RESULT: {"script":"<script> [8489 bytes]","args":[{"element-6066-11e4-a52e-4f735466cecf":"f.3A2B8E27F6B6549B06BE95D0839BE483.d.037D449D2D6277B7125F79859BF8BA3E.e.9249","ELEMENT":"f.3A2B8E27F6B6549B06BE95D0839BE483.d.037D449D2D6277B7125F79859BF8BA3E.e.9249"}]}
COMMAND: GET /session/79689850af1d41ef46dc131fe5890470/element/f.3A2B8E27F6B6549B06BE95D0839BE483.d.037D449D2D6277B7125F79859BF8BA3E.e.9249/enabled - {}
COMMAND: GET /session/79689850af1d41ef46dc131fe5890470/screenshot - {}
RESULT: {}
COMMAND: POST /session/79689850af1d41ef46dc131fe5890470/execute/sync - {"script":"<script> [8489 bytes]","args":[{"element-6066-11e4-a52e-4f735466cecf":"f.3A2B8E27F6B6549B06BE95D0839BE483.d.037D449D2D6277B7125F79859BF8BA3E.e.9249","ELEMENT":"f.3A2B8E27F6B6549B06BE95D0839BE483.d.037D449D2D6277B7125F79859BF8BA3E.e.9249"}]}
COMMAND: GET /session/79689850af1d41ef46dc131fe5890470/screenshot - {}
RESULT: {}
RESULT: {"script":"<script> [8489 bytes]","args":[{"element-6066-11e4-a52e-4f735466cecf":"f.3A2B8E27F6B6549B06BE95D0839BE483.d.037D449D2D6277B7125F79859BF8BA3E.e.9249","ELEMENT":"f.3A2B8E27F6B6549B06BE95D0839BE483.d.037D449D2D6277B7125F79859BF8BA3E.e.9249"}]}
COMMAND: POST /session/79689850af1d41ef46dc131fe5890470/execute/sync - {"script":"<script> [5351 bytes]","args":[{"element-6066-11e4-a52e-4f735466cecf":"f.3A2B8E27F6B6549B06BE95D0839BE483.d.037D449D2D6277B7125F79859BF8BA3E.e.9249","ELEMENT":"f.3A2B8E27F6B6549B06BE95D0839BE483.d.037D449D2D6277B7125F79859BF8BA3E.e.9249"}]}
COMMAND: GET /session/79689850af1d41ef46dc131fe5890470/screenshot - {}
RESULT: {}
RESULT: {"script":"<script> [5351 bytes]","args":[{"element-6066-11e4-a52e-4f735466cecf":"f.3A2B8E27F6B6549B06BE95D0839BE483.d.037D449D2D6277B7125F79859BF8BA3E.e.9249","ELEMENT":"f.3A2B8E27F6B6549B06BE95D0839BE483.d.037D449D2D6277B7125F79859BF8BA3E.e.9249"}]}
COMMAND: POST /session/79689850af1d41ef46dc131fe5890470/element/f.3A2B8E27F6B6549B06BE95D0839BE483.d.037D449D2D6277B7125F79859BF8BA3E.e.9249/click - {}
COMMAND: GET /session/79689850af1d41ef46dc131fe5890470/screenshot - {}
RESULT: {}
RESULT: {}
COMMAND: GET /session/79689850af1d41ef46dc131fe5890470/screenshot - {}
RESULT: {}
RESULT: {}
COMMAND: POST /session/79689850af1d41ef46dc131fe5890470/execute/async - {"script":"<script> [1562 bytes]","args":[{"selector":{"controlType":"sap.m.Title","viewName":"etm.portal.ui.managepricingrules.view.NewItem","viewId":"application-managepricingrules-display-component---newInfoPriceItem","properties":{"text":"New Pricing Rules - Item Level"}},"wdio_ui5_key":"etmportal.ui.managepricingrules.view.NewItemsap.m.Title{\"text\":\"New Pricing Rules - Item Level\"}"}]}
RESULT: {"script":"<script> [1562 bytes]","args":[{"selector":{"controlType":"sap.m.Title","viewName":"etm.portal.ui.managepricingrules.view.NewItem","viewId":"application-managepricingrules-display-component---newInfoPriceItem","properties":{"text":"New Pricing Rules - Item Level"}},"wdio_ui5_key":"etmportal.ui.managepricingrules.view.NewItemsap.m.Title{\"text\":\"New Pricing Rules - Item Level\"}"}]}
RESULT: undefined
COMMAND: POST /session/79689850af1d41ef46dc131fe5890470/execute/async - {"script":"<script> [6424 bytes]","args":[{"element-6066-11e4-a52e-4f735466cecf":"f.3A2B8E27F6B6549B06BE95D0839BE483.d.037D449D2D6277B7125F79859BF8BA3E.e.9416"},"getText",[]]}
RESULT: {"script":"<script> [6424 bytes]","args":[{"element-6066-11e4-a52e-4f735466cecf":"f.3A2B8E27F6B6549B06BE95D0839BE483.d.037D449D2D6277B7125F79859BF8BA3E.e.9416"},"getText",[]]}
COMMAND: POST /session/79689850af1d41ef46dc131fe5890470/execute/async - {"script":"<script> [1562 bytes]","args":[{"selector":{"id":"application-managepricingrules-display-component---newInfoPriceItem--condValidTo","interaction":{"idSuffix":"inner"}},"wdio_ui5_key":"applicationmanagepricingrules-display-component---newInfoPriceItem--condValidTo"}]}
RESULT: {"script":"<script> [1562 bytes]","args":[{"selector":{"id":"application-managepricingrules-display-component---newInfoPriceItem--condValidTo","interaction":{"idSuffix":"inner"}},"wdio_ui5_key":"applicationmanagepricingrules-display-component---newInfoPriceItem--condValidTo"}]}
RESULT: undefined
COMMAND: POST /session/79689850af1d41ef46dc131fe5890470/execute/async - {"script":"<script> [776 bytes]","args":[{"enterText":"01/02/26","selector":{"id":"application-managepricingrules-display-component---newInfoPriceItem--condValidTo","interaction":{"idSuffix":"inner"}},"clearTextFirst":true,"interactionType":"ENTER_TEXT"}]}
RESULT: {"script":"<script> [776 bytes]","args":[{"enterText":"01/02/26","selector":{"id":"application-managepricingrules-display-component---newInfoPriceItem--condValidTo","interaction":{"idSuffix":"inner"}},"clearTextFirst":true,"interactionType":"ENTER_TEXT"}]}
COMMAND: POST /session/79689850af1d41ef46dc131fe5890470/execute/async - {"script":"<script> [1562 bytes]","args":[{"selector":{"id":"application-managepricingrules-display-component---newInfoPriceItem--billType-arrow"},"wdio_ui5_key":"applicationmanagepricingrules-display-component---newInfoPriceItem--billType-arrow"}]}
RESULT: {"script":"<script> [1562 bytes]","args":[{"selector":{"id":"application-managepricingrules-display-component---newInfoPriceItem--billType-arrow"},"wdio_ui5_key":"applicationmanagepricingrules-display-component---newInfoPriceItem--billType-arrow"}]}
RESULT: undefined
COMMAND: POST /session/79689850af1d41ef46dc131fe5890470/element - {"using":"xpath","value":"//*[@id=\"application-managepricingrules-display-component---newInfoPriceItem--billType-arrow\"]"}
RESULT: {"using":"xpath","value":"//*[@id=\"application-managepricingrules-display-component---newInfoPriceItem--billType-arrow\"]"}
COMMAND: POST /session/79689850af1d41ef46dc131fe5890470/element/f.3A2B8E27F6B6549B06BE95D0839BE483.d.037D449D2D6277B7125F79859BF8BA3E.e.9373/click - {}
RESULT: {}
COMMAND: POST /session/79689850af1d41ef46dc131fe5890470/element - {"using":"xpath","value":"//span[contains(text(), \"TB - Time based\")]"}
COMMAND: GET /session/79689850af1d41ef46dc131fe5890470/screenshot - {}
RESULT: {"using":"xpath","value":"//span[contains(text(), \"TB - Time based\")]"}
COMMAND: POST /session/79689850af1d41ef46dc131fe5890470/element/f.3A2B8E27F6B6549B06BE95D0839BE483.d.037D449D2D6277B7125F79859BF8BA3E.e.9418/click - {}
RESULT: {}
RESULT: {}
COMMAND: POST /session/79689850af1d41ef46dc131fe5890470/execute/async - {"script":"<script> [1562 bytes]","args":[{"selector":{"id":"application-managepricingrules-display-component---newInfoPriceItem--priceProc-arrow"},"wdio_ui5_key":"applicationmanagepricingrules-display-component---newInfoPriceItem--priceProc-arrow"}]}
COMMAND: GET /session/79689850af1d41ef46dc131fe5890470/screenshot - {}
RESULT: {"script":"<script> [1562 bytes]","args":[{"selector":{"id":"application-managepricingrules-display-component---newInfoPriceItem--priceProc-arrow"},"wdio_ui5_key":"applicationmanagepricingrules-display-component---newInfoPriceItem--priceProc-arrow"}]}
RESULT: undefined
COMMAND: POST /session/79689850af1d41ef46dc131fe5890470/element - {"using":"xpath","value":"//*[@id=\"application-managepricingrules-display-component---newInfoPriceItem--priceProc-arrow\"]"}
RESULT: {}
RESULT: {"using":"xpath","value":"//*[@id=\"application-managepricingrules-display-component---newInfoPriceItem--priceProc-arrow\"]"}
COMMAND: POST /session/79689850af1d41ef46dc131fe5890470/element/f.3A2B8E27F6B6549B06BE95D0839BE483.d.037D449D2D6277B7125F79859BF8BA3E.e.9380/click - {}
RESULT: {}
COMMAND: POST /session/79689850af1d41ef46dc131fe5890470/element - {"using":"xpath","value":"//span[contains(text(), \"TB - Time based BGL\")]"}
COMMAND: GET /session/79689850af1d41ef46dc131fe5890470/screenshot - {}
RESULT: {"using":"xpath","value":"//span[contains(text(), \"TB - Time based BGL\")]"}
COMMAND: POST /session/79689850af1d41ef46dc131fe5890470/element/f.3A2B8E27F6B6549B06BE95D0839BE483.d.037D449D2D6277B7125F79859BF8BA3E.e.9419/click - {}
RESULT: {}
RESULT: {}
COMMAND: POST /session/79689850af1d41ef46dc131fe5890470/execute/async - {"script":"<script> [1562 bytes]","args":[{"selector":{"id":"application-managepricingrules-display-component---newInfoPriceItem--calcBase-arrow"},"wdio_ui5_key":"applicationmanagepricingrules-display-component---newInfoPriceItem--calcBase-arrow"}]}
COMMAND: GET /session/79689850af1d41ef46dc131fe5890470/screenshot - {}
RESULT: {"script":"<script> [1562 bytes]","args":[{"selector":{"id":"application-managepricingrules-display-component---newInfoPriceItem--calcBase-arrow"},"wdio_ui5_key":"applicationmanagepricingrules-display-component---newInfoPriceItem--calcBase-arrow"}]}
RESULT: undefined
COMMAND: POST /session/79689850af1d41ef46dc131fe5890470/element - {"using":"xpath","value":"//*[@id=\"application-managepricingrules-display-component---newInfoPriceItem--calcBase-arrow\"]"}
RESULT: {}
RESULT: {"using":"xpath","value":"//*[@id=\"application-managepricingrules-display-component---newInfoPriceItem--calcBase-arrow\"]"}
COMMAND: POST /session/79689850af1d41ef46dc131fe5890470/element/f.3A2B8E27F6B6549B06BE95D0839BE483.d.037D449D2D6277B7125F79859BF8BA3E.e.9387/click - {}
RESULT: {}
COMMAND: GET /session/79689850af1d41ef46dc131fe5890470/screenshot - {}
RESULT: {}
COMMAND: POST /session/79689850af1d41ef46dc131fe5890470/element - {"using":"xpath","value":"//span[contains(text(), \"0006 - TB(calendar days)\")]"}
RESULT: {"using":"xpath","value":"//span[contains(text(), \"0006 - TB(calendar days)\")]"}
COMMAND: POST /session/79689850af1d41ef46dc131fe5890470/element/f.3A2B8E27F6B6549B06BE95D0839BE483.d.037D449D2D6277B7125F79859BF8BA3E.e.9420/click - {}
RESULT: {}
COMMAND: GET /session/79689850af1d41ef46dc131fe5890470/screenshot - {}
RESULT: {}
COMMAND: POST /session/79689850af1d41ef46dc131fe5890470/execute/async - {"script":"<script> [1562 bytes]","args":[{"selector":{"id":"application-managepricingrules-display-component---newInfoPriceItem--hoursMonth","interaction":{"idSuffix":"inner"}},"wdio_ui5_key":"applicationmanagepricingrules-display-component---newInfoPriceItem--hoursMonth"}]}
RESULT: {"script":"<script> [1562 bytes]","args":[{"selector":{"id":"application-managepricingrules-display-component---newInfoPriceItem--hoursMonth","interaction":{"idSuffix":"inner"}},"wdio_ui5_key":"applicationmanagepricingrules-display-component---newInfoPriceItem--hoursMonth"}]}
RESULT: undefined
COMMAND: POST /session/79689850af1d41ef46dc131fe5890470/execute/async - {"script":"<script> [776 bytes]","args":[{"enterText":"160","selector":{"id":"application-managepricingrules-display-component---newInfoPriceItem--hoursMonth","interaction":{"idSuffix":"inner"}},"clearTextFirst":true,"interactionType":"ENTER_TEXT"}]}
RESULT: {"script":"<script> [776 bytes]","args":[{"enterText":"160","selector":{"id":"application-managepricingrules-display-component---newInfoPriceItem--hoursMonth","interaction":{"idSuffix":"inner"}},"clearTextFirst":true,"interactionType":"ENTER_TEXT"}]}
COMMAND: POST /session/79689850af1d41ef46dc131fe5890470/execute/async - {"script":"<script> [1562 bytes]","args":[{"selector":{"id":"application-managepricingrules-display-component---newInfoPriceItem--daysMonth","interaction":{"idSuffix":"inner"}},"wdio_ui5_key":"applicationmanagepricingrules-display-component---newInfoPriceItem--daysMonth"}]}
RESULT: {"script":"<script> [1562 bytes]","args":[{"selector":{"id":"application-managepricingrules-display-component---newInfoPriceItem--daysMonth","interaction":{"idSuffix":"inner"}},"wdio_ui5_key":"applicationmanagepricingrules-display-component---newInfoPriceItem--daysMonth"}]}
RESULT: undefined
COMMAND: POST /session/79689850af1d41ef46dc131fe5890470/execute/async - {"script":"<script> [776 bytes]","args":[{"enterText":"30","selector":{"id":"application-managepricingrules-display-component---newInfoPriceItem--daysMonth","interaction":{"idSuffix":"inner"}},"clearTextFirst":true,"interactionType":"ENTER_TEXT"}]}
RESULT: {"script":"<script> [776 bytes]","args":[{"enterText":"30","selector":{"id":"application-managepricingrules-display-component---newInfoPriceItem--daysMonth","interaction":{"idSuffix":"inner"}},"clearTextFirst":true,"interactionType":"ENTER_TEXT"}]}
COMMAND: POST /session/79689850af1d41ef46dc131fe5890470/element - {"using":"xpath","value":"//button[@data-kt=\"saveNewRuleButton\"]"}
RESULT: {"using":"xpath","value":"//button[@data-kt=\"saveNewRuleButton\"]"}
COMMAND: POST /session/79689850af1d41ef46dc131fe5890470/element/f.3A2B8E27F6B6549B06BE95D0839BE483.d.037D449D2D6277B7125F79859BF8BA3E.e.9407/click - {}
RESULT: {}
COMMAND: GET /session/79689850af1d41ef46dc131fe5890470/screenshot - {}
RESULT: {}
COMMAND: POST /session/79689850af1d41ef46dc131fe5890470/execute/async - {"script":"<script> [1562 bytes]","args":[{"selector":{"id":"application-managepricingrules-display-component---priceInfoItem--smartFilterBar-btnBasicSearch","interaction":{"idSuffix":"I"}},"wdio_ui5_key":"applicationmanagepricingrules-display-component---priceInfoItem--smartFilterBar-btnBasicSearch"}]}
RESULT: {"script":"<script> [1562 bytes]","args":[{"selector":{"id":"application-managepricingrules-display-component---priceInfoItem--smartFilterBar-btnBasicSearch","interaction":{"idSuffix":"I"}},"wdio_ui5_key":"applicationmanagepricingrules-display-component---priceInfoItem--smartFilterBar-btnBasicSearch"}]}
RESULT: undefined
COMMAND: POST /session/79689850af1d41ef46dc131fe5890470/execute/async - {"script":"<script> [776 bytes]","args":[{"enterText":"1vUQspUVcJ","selector":{"id":"application-managepricingrules-display-component---priceInfoItem--smartFilterBar-btnBasicSearch","interaction":{"idSuffix":"I"}},"clearTextFirst":true,"interactionType":"ENTER_TEXT"}]}
RESULT: {"script":"<script> [776 bytes]","args":[{"enterText":"1vUQspUVcJ","selector":{"id":"application-managepricingrules-display-component---priceInfoItem--smartFilterBar-btnBasicSearch","interaction":{"idSuffix":"I"}},"clearTextFirst":true,"interactionType":"ENTER_TEXT"}]}
COMMAND: POST /session/79689850af1d41ef46dc131fe5890470/actions - {"actions":[{"id":"action31","type":"key","parameters":{},"actions":[{"type":"keyDown","value":"î€‡"},{"type":"pause","duration":10},{"type":"keyUp","value":"î€‡"}]}]}
RESULT: {"actions":[{"id":"action31","type":"key","parameters":{},"actions":[{"type":"keyDown","value":"î€‡"},{"type":"pause","duration":10},{"type":"keyUp","value":"î€‡"}]}]}
COMMAND: GET /session/79689850af1d41ef46dc131fe5890470/screenshot - {}
RESULT: {}
COMMAND: POST /session/79689850af1d41ef46dc131fe5890470/element - {"using":"xpath","value":"//span[@id=\"application-managepricingrules-display-component---priceInfoItem--smartTable-header-inner\"]"}
RESULT: {"using":"xpath","value":"//span[@id=\"application-managepricingrules-display-component---priceInfoItem--smartTable-header-inner\"]"}
COMMAND: POST /session/79689850af1d41ef46dc131fe5890470/elements - {"using":"xpath","value":"//span[@id=\"application-managepricingrules-display-component---priceInfoItem--smartTable-header-inner\"]"}
RESULT: {"using":"xpath","value":"//span[@id=\"application-managepricingrules-display-component---priceInfoItem--smartTable-header-inner\"]"}
COMMAND: POST /session/79689850af1d41ef46dc131fe5890470/execute/sync - {"script":"<script> [56 bytes]","args":[{"element-6066-11e4-a52e-4f735466cecf":"f.3A2B8E27F6B6549B06BE95D0839BE483.d.037D449D2D6277B7125F79859BF8BA3E.e.9445","ELEMENT":"f.3A2B8E27F6B6549B06BE95D0839BE483.d.037D449D2D6277B7125F79859BF8BA3E.e.9445"}]}
RESULT: {"script":"<script> [56 bytes]","args":[{"element-6066-11e4-a52e-4f735466cecf":"f.3A2B8E27F6B6549B06BE95D0839BE483.d.037D449D2D6277B7125F79859BF8BA3E.e.9445","ELEMENT":"f.3A2B8E27F6B6549B06BE95D0839BE483.d.037D449D2D6277B7125F79859BF8BA3E.e.9445"}]}
COMMAND: POST /session/79689850af1d41ef46dc131fe5890470/element - {"using":"css selector","value":"#shell-header-logo"}
COMMAND: GET /session/79689850af1d41ef46dc131fe5890470/screenshot - {}
RESULT: {"using":"css selector","value":"#shell-header-logo"}
COMMAND: POST /session/79689850af1d41ef46dc131fe5890470/element/f.3A2B8E27F6B6549B06BE95D0839BE483.d.037D449D2D6277B7125F79859BF8BA3E.e.8602/click - {}
RESULT: {}
RESULT: {}
COMMAND: GET /session/79689850af1d41ef46dc131fe5890470/screenshot - {}
RESULT: {}
]]></system-out>
    </testcase>
    <testcase classname="chrome.135_0_7049_96.windows.Create_master_data_for_mixed_billing_&amp;_do_billing_calculation_US151661" name="Should add one time condition" time="62.472">
      <system-out><![CDATA[
COMMAND: POST /session/79689850af1d41ef46dc131fe5890470/execute/async - {"script":"<script> [1562 bytes]","args":[{"selector":{"controlType":"sap.m.Text","properties":{"text":"Manage Conditions & Prices"},"interaction":{"idSuffix":"inner"}},"wdio_ui5_key":"sapm.Text{\"text\":\"Manage Conditions & Prices\"}"}]}
RESULT: {"script":"<script> [1562 bytes]","args":[{"selector":{"controlType":"sap.m.Text","properties":{"text":"Manage Conditions & Prices"},"interaction":{"idSuffix":"inner"}},"wdio_ui5_key":"sapm.Text{\"text\":\"Manage Conditions & Prices\"}"}]}
RESULT: undefined
COMMAND: POST /session/79689850af1d41ef46dc131fe5890470/element - {"using":"xpath","value":"//*[@id=\"__tile93-title\"]"}
RESULT: {"using":"xpath","value":"//*[@id=\"__tile93-title\"]"}
COMMAND: POST /session/79689850af1d41ef46dc131fe5890470/element/f.3A2B8E27F6B6549B06BE95D0839BE483.d.037D449D2D6277B7125F79859BF8BA3E.e.9448/click - {}
RESULT: {}
COMMAND: POST /session/79689850af1d41ef46dc131fe5890470/element - {"using":"xpath","value":"//button[@aria-label=\"Create\"]"}
COMMAND: GET /session/79689850af1d41ef46dc131fe5890470/screenshot - {}
RESULT: {"using":"xpath","value":"//button[@aria-label=\"Create\"]"}
COMMAND: POST /session/79689850af1d41ef46dc131fe5890470/elements - {"using":"xpath","value":"//button[@aria-label=\"Create\"]"}
RESULT: {}
RESULT: {"using":"xpath","value":"//button[@aria-label=\"Create\"]"}
COMMAND: POST /session/79689850af1d41ef46dc131fe5890470/element - {"using":"xpath","value":"//button[@aria-label=\"Create\"]"}
RESULT: {"using":"xpath","value":"//button[@aria-label=\"Create\"]"}
COMMAND: POST /session/79689850af1d41ef46dc131fe5890470/execute/sync - {"script":"<script> [8489 bytes]","args":[{"element-6066-11e4-a52e-4f735466cecf":"f.3A2B8E27F6B6549B06BE95D0839BE483.d.037D449D2D6277B7125F79859BF8BA3E.e.9482","ELEMENT":"f.3A2B8E27F6B6549B06BE95D0839BE483.d.037D449D2D6277B7125F79859BF8BA3E.e.9482"}]}
RESULT: {"script":"<script> [8489 bytes]","args":[{"element-6066-11e4-a52e-4f735466cecf":"f.3A2B8E27F6B6549B06BE95D0839BE483.d.037D449D2D6277B7125F79859BF8BA3E.e.9482","ELEMENT":"f.3A2B8E27F6B6549B06BE95D0839BE483.d.037D449D2D6277B7125F79859BF8BA3E.e.9482"}]}
COMMAND: GET /session/79689850af1d41ef46dc131fe5890470/element/f.3A2B8E27F6B6549B06BE95D0839BE483.d.037D449D2D6277B7125F79859BF8BA3E.e.9482/enabled - {}
COMMAND: GET /session/79689850af1d41ef46dc131fe5890470/screenshot - {}
RESULT: {}
COMMAND: POST /session/79689850af1d41ef46dc131fe5890470/execute/sync - {"script":"<script> [8489 bytes]","args":[{"element-6066-11e4-a52e-4f735466cecf":"f.3A2B8E27F6B6549B06BE95D0839BE483.d.037D449D2D6277B7125F79859BF8BA3E.e.9482","ELEMENT":"f.3A2B8E27F6B6549B06BE95D0839BE483.d.037D449D2D6277B7125F79859BF8BA3E.e.9482"}]}
COMMAND: GET /session/79689850af1d41ef46dc131fe5890470/screenshot - {}
RESULT: {}
RESULT: {"script":"<script> [8489 bytes]","args":[{"element-6066-11e4-a52e-4f735466cecf":"f.3A2B8E27F6B6549B06BE95D0839BE483.d.037D449D2D6277B7125F79859BF8BA3E.e.9482","ELEMENT":"f.3A2B8E27F6B6549B06BE95D0839BE483.d.037D449D2D6277B7125F79859BF8BA3E.e.9482"}]}
COMMAND: POST /session/79689850af1d41ef46dc131fe5890470/execute/sync - {"script":"<script> [5351 bytes]","args":[{"element-6066-11e4-a52e-4f735466cecf":"f.3A2B8E27F6B6549B06BE95D0839BE483.d.037D449D2D6277B7125F79859BF8BA3E.e.9482","ELEMENT":"f.3A2B8E27F6B6549B06BE95D0839BE483.d.037D449D2D6277B7125F79859BF8BA3E.e.9482"}]}
COMMAND: GET /session/79689850af1d41ef46dc131fe5890470/screenshot - {}
RESULT: {}
RESULT: {"script":"<script> [5351 bytes]","args":[{"element-6066-11e4-a52e-4f735466cecf":"f.3A2B8E27F6B6549B06BE95D0839BE483.d.037D449D2D6277B7125F79859BF8BA3E.e.9482","ELEMENT":"f.3A2B8E27F6B6549B06BE95D0839BE483.d.037D449D2D6277B7125F79859BF8BA3E.e.9482"}]}
COMMAND: POST /session/79689850af1d41ef46dc131fe5890470/element/f.3A2B8E27F6B6549B06BE95D0839BE483.d.037D449D2D6277B7125F79859BF8BA3E.e.9482/click - {}
COMMAND: GET /session/79689850af1d41ef46dc131fe5890470/screenshot - {}
RESULT: {}
RESULT: {}
COMMAND: GET /session/79689850af1d41ef46dc131fe5890470/screenshot - {}
RESULT: {}
RESULT: {}
COMMAND: POST /session/79689850af1d41ef46dc131fe5890470/actions - {"actions":[{"id":"action32","type":"key","parameters":{},"actions":[{"type":"keyDown","value":"î€‡"},{"type":"pause","duration":10},{"type":"keyUp","value":"î€‡"}]}]}
RESULT: {"actions":[{"id":"action32","type":"key","parameters":{},"actions":[{"type":"keyDown","value":"î€‡"},{"type":"pause","duration":10},{"type":"keyUp","value":"î€‡"}]}]}
COMMAND: GET /session/79689850af1d41ef46dc131fe5890470/screenshot - {}
RESULT: {}
COMMAND: POST /session/79689850af1d41ef46dc131fe5890470/execute/async - {"script":"<script> [1562 bytes]","args":[{"selector":{"id":"application-manageconditionprice-display-component---newCondition--condBillCond-arrow"},"wdio_ui5_key":"applicationmanageconditionprice-display-component---newCondition--condBillCond-arrow"}]}
RESULT: {"script":"<script> [1562 bytes]","args":[{"selector":{"id":"application-manageconditionprice-display-component---newCondition--condBillCond-arrow"},"wdio_ui5_key":"applicationmanageconditionprice-display-component---newCondition--condBillCond-arrow"}]}
RESULT: undefined
COMMAND: POST /session/79689850af1d41ef46dc131fe5890470/element - {"using":"xpath","value":"//*[@id=\"application-manageconditionprice-display-component---newCondition--condBillCond-arrow\"]"}
RESULT: {"using":"xpath","value":"//*[@id=\"application-manageconditionprice-display-component---newCondition--condBillCond-arrow\"]"}
COMMAND: POST /session/79689850af1d41ef46dc131fe5890470/element/f.3A2B8E27F6B6549B06BE95D0839BE483.d.037D449D2D6277B7125F79859BF8BA3E.e.9659/click - {}
RESULT: {}
COMMAND: GET /session/79689850af1d41ef46dc131fe5890470/screenshot - {}
RESULT: {}
COMMAND: POST /session/79689850af1d41ef46dc131fe5890470/element - {"using":"xpath","value":"//li[.//span[contains(text(), \"SAPR - Sales price\")]]"}
RESULT: {"using":"xpath","value":"//li[.//span[contains(text(), \"SAPR - Sales price\")]]"}
COMMAND: POST /session/79689850af1d41ef46dc131fe5890470/element/f.3A2B8E27F6B6549B06BE95D0839BE483.d.037D449D2D6277B7125F79859BF8BA3E.e.9662/click - {}
RESULT: {}
COMMAND: GET /session/79689850af1d41ef46dc131fe5890470/screenshot - {}
RESULT: {}
COMMAND: POST /session/79689850af1d41ef46dc131fe5890470/execute/async - {"script":"<script> [1562 bytes]","args":[{"selector":{"id":"application-manageconditionprice-display-component---newCondition--condValidTo","interaction":{"idSuffix":"inner"}},"wdio_ui5_key":"applicationmanageconditionprice-display-component---newCondition--condValidTo"}]}
RESULT: {"script":"<script> [1562 bytes]","args":[{"selector":{"id":"application-manageconditionprice-display-component---newCondition--condValidTo","interaction":{"idSuffix":"inner"}},"wdio_ui5_key":"applicationmanageconditionprice-display-component---newCondition--condValidTo"}]}
RESULT: undefined
COMMAND: POST /session/79689850af1d41ef46dc131fe5890470/execute/async - {"script":"<script> [776 bytes]","args":[{"enterText":"01/02/26","selector":{"id":"application-manageconditionprice-display-component---newCondition--condValidTo","interaction":{"idSuffix":"inner"}},"clearTextFirst":true,"interactionType":"ENTER_TEXT"}]}
RESULT: {"script":"<script> [776 bytes]","args":[{"enterText":"01/02/26","selector":{"id":"application-manageconditionprice-display-component---newCondition--condValidTo","interaction":{"idSuffix":"inner"}},"clearTextFirst":true,"interactionType":"ENTER_TEXT"}]}
COMMAND: POST /session/79689850af1d41ef46dc131fe5890470/element - {"using":"xpath","value":"//input[@id=\"application-manageconditionprice-display-component---newCondition--condRU-inner\"]"}
RESULT: {"using":"xpath","value":"//input[@id=\"application-manageconditionprice-display-component---newCondition--condRU-inner\"]"}
COMMAND: POST /session/79689850af1d41ef46dc131fe5890470/element/f.3A2B8E27F6B6549B06BE95D0839BE483.d.037D449D2D6277B7125F79859BF8BA3E.e.9524/clear - {}
RESULT: {}
COMMAND: POST /session/79689850af1d41ef46dc131fe5890470/element/f.3A2B8E27F6B6549B06BE95D0839BE483.d.037D449D2D6277B7125F79859BF8BA3E.e.9524/value - {"text":"1vUQspUVcJ"}
COMMAND: GET /session/79689850af1d41ef46dc131fe5890470/screenshot - {}
RESULT: {"text":"1vUQspUVcJ"}
COMMAND: GET /session/79689850af1d41ef46dc131fe5890470/screenshot - {}
RESULT: {}
RESULT: {}
COMMAND: POST /session/79689850af1d41ef46dc131fe5890470/actions - {"actions":[{"id":"action33","type":"key","parameters":{},"actions":[{"type":"keyDown","value":"î€‡"},{"type":"pause","duration":10},{"type":"keyUp","value":"î€‡"}]}]}
RESULT: {"actions":[{"id":"action33","type":"key","parameters":{},"actions":[{"type":"keyDown","value":"î€‡"},{"type":"pause","duration":10},{"type":"keyUp","value":"î€‡"}]}]}
COMMAND: POST /session/79689850af1d41ef46dc131fe5890470/execute/async - {"script":"<script> [1562 bytes]","args":[{"selector":{"id":"application-manageconditionprice-display-component---newCondition--condBaseQty","interaction":{"idSuffix":"inner"}},"wdio_ui5_key":"applicationmanageconditionprice-display-component---newCondition--condBaseQty"}]}
COMMAND: GET /session/79689850af1d41ef46dc131fe5890470/screenshot - {}
RESULT: {"script":"<script> [1562 bytes]","args":[{"selector":{"id":"application-manageconditionprice-display-component---newCondition--condBaseQty","interaction":{"idSuffix":"inner"}},"wdio_ui5_key":"applicationmanageconditionprice-display-component---newCondition--condBaseQty"}]}
RESULT: undefined
COMMAND: POST /session/79689850af1d41ef46dc131fe5890470/execute/async - {"script":"<script> [776 bytes]","args":[{"enterText":"1","selector":{"id":"application-manageconditionprice-display-component---newCondition--condBaseQty","interaction":{"idSuffix":"inner"}},"clearTextFirst":true,"interactionType":"ENTER_TEXT"}]}
RESULT: {}
RESULT: {"script":"<script> [776 bytes]","args":[{"enterText":"1","selector":{"id":"application-manageconditionprice-display-component---newCondition--condBaseQty","interaction":{"idSuffix":"inner"}},"clearTextFirst":true,"interactionType":"ENTER_TEXT"}]}
COMMAND: POST /session/79689850af1d41ef46dc131fe5890470/execute/async - {"script":"<script> [1562 bytes]","args":[{"selector":{"id":"application-manageconditionprice-display-component---newCondition--condValue","interaction":{"idSuffix":"inner"}},"wdio_ui5_key":"applicationmanageconditionprice-display-component---newCondition--condValue"}]}
RESULT: {"script":"<script> [1562 bytes]","args":[{"selector":{"id":"application-manageconditionprice-display-component---newCondition--condValue","interaction":{"idSuffix":"inner"}},"wdio_ui5_key":"applicationmanageconditionprice-display-component---newCondition--condValue"}]}
RESULT: undefined
COMMAND: POST /session/79689850af1d41ef46dc131fe5890470/execute/async - {"script":"<script> [776 bytes]","args":[{"enterText":"200","selector":{"id":"application-manageconditionprice-display-component---newCondition--condValue","interaction":{"idSuffix":"inner"}},"clearTextFirst":true,"interactionType":"ENTER_TEXT"}]}
RESULT: {"script":"<script> [776 bytes]","args":[{"enterText":"200","selector":{"id":"application-manageconditionprice-display-component---newCondition--condValue","interaction":{"idSuffix":"inner"}},"clearTextFirst":true,"interactionType":"ENTER_TEXT"}]}
COMMAND: POST /session/79689850af1d41ef46dc131fe5890470/execute/async - {"script":"<script> [1562 bytes]","args":[{"selector":{"id":"application-manageconditionprice-display-component---newCondition--condCurr-arrow"},"wdio_ui5_key":"applicationmanageconditionprice-display-component---newCondition--condCurr-arrow"}]}
RESULT: {"script":"<script> [1562 bytes]","args":[{"selector":{"id":"application-manageconditionprice-display-component---newCondition--condCurr-arrow"},"wdio_ui5_key":"applicationmanageconditionprice-display-component---newCondition--condCurr-arrow"}]}
RESULT: undefined
COMMAND: POST /session/79689850af1d41ef46dc131fe5890470/element - {"using":"xpath","value":"//*[@id=\"application-manageconditionprice-display-component---newCondition--condCurr-arrow\"]"}
RESULT: {"using":"xpath","value":"//*[@id=\"application-manageconditionprice-display-component---newCondition--condCurr-arrow\"]"}
COMMAND: POST /session/79689850af1d41ef46dc131fe5890470/element/f.3A2B8E27F6B6549B06BE95D0839BE483.d.037D449D2D6277B7125F79859BF8BA3E.e.9632/click - {}
RESULT: {}
COMMAND: POST /session/79689850af1d41ef46dc131fe5890470/element - {"using":"xpath","value":"//span[contains(text(), \"Euro\")]"}
COMMAND: GET /session/79689850af1d41ef46dc131fe5890470/screenshot - {}
RESULT: {"using":"xpath","value":"//span[contains(text(), \"Euro\")]"}
COMMAND: POST /session/79689850af1d41ef46dc131fe5890470/element/f.3A2B8E27F6B6549B06BE95D0839BE483.d.037D449D2D6277B7125F79859BF8BA3E.e.9700/click - {}
RESULT: {}
RESULT: {}
COMMAND: POST /session/79689850af1d41ef46dc131fe5890470/element - {"using":"xpath","value":"//button[@data-kt=\"saveButton\"]"}
COMMAND: GET /session/79689850af1d41ef46dc131fe5890470/screenshot - {}
RESULT: {"using":"xpath","value":"//button[@data-kt=\"saveButton\"]"}
COMMAND: POST /session/79689850af1d41ef46dc131fe5890470/element/f.3A2B8E27F6B6549B06BE95D0839BE483.d.037D449D2D6277B7125F79859BF8BA3E.e.9633/click - {}
RESULT: {}
RESULT: {}
COMMAND: GET /session/79689850af1d41ef46dc131fe5890470/screenshot - {}
RESULT: {}
COMMAND: POST /session/79689850af1d41ef46dc131fe5890470/execute/async - {"script":"<script> [1562 bytes]","args":[{"selector":{"id":"application-manageconditionprice-display-component---conditions--smartFilterBar-btnBasicSearch","interaction":{"idSuffix":"I"}},"wdio_ui5_key":"applicationmanageconditionprice-display-component---conditions--smartFilterBar-btnBasicSearch"}]}
RESULT: {"script":"<script> [1562 bytes]","args":[{"selector":{"id":"application-manageconditionprice-display-component---conditions--smartFilterBar-btnBasicSearch","interaction":{"idSuffix":"I"}},"wdio_ui5_key":"applicationmanageconditionprice-display-component---conditions--smartFilterBar-btnBasicSearch"}]}
RESULT: undefined
COMMAND: POST /session/79689850af1d41ef46dc131fe5890470/execute/async - {"script":"<script> [776 bytes]","args":[{"enterText":"1vUQspUVcJ","selector":{"id":"application-manageconditionprice-display-component---conditions--smartFilterBar-btnBasicSearch","interaction":{"idSuffix":"I"}},"clearTextFirst":true,"interactionType":"ENTER_TEXT"}]}
RESULT: {"script":"<script> [776 bytes]","args":[{"enterText":"1vUQspUVcJ","selector":{"id":"application-manageconditionprice-display-component---conditions--smartFilterBar-btnBasicSearch","interaction":{"idSuffix":"I"}},"clearTextFirst":true,"interactionType":"ENTER_TEXT"}]}
COMMAND: POST /session/79689850af1d41ef46dc131fe5890470/actions - {"actions":[{"id":"action34","type":"key","parameters":{},"actions":[{"type":"keyDown","value":"î€‡"},{"type":"pause","duration":10},{"type":"keyUp","value":"î€‡"}]}]}
RESULT: {"actions":[{"id":"action34","type":"key","parameters":{},"actions":[{"type":"keyDown","value":"î€‡"},{"type":"pause","duration":10},{"type":"keyUp","value":"î€‡"}]}]}
COMMAND: GET /session/79689850af1d41ef46dc131fe5890470/screenshot - {}
RESULT: {}
COMMAND: POST /session/79689850af1d41ef46dc131fe5890470/execute/async - {"script":"<script> [1562 bytes]","args":[{"selector":{"id":"application-manageconditionprice-display-component---conditions--smartFilterBar-filterItemControl_BASIC-BILL_TYPES-vhi"},"wdio_ui5_key":"applicationmanageconditionprice-display-component---conditions--smartFilterBar-filterItemControl_BASIC-BILL_TYPES-vhi"}]}
RESULT: {"script":"<script> [1562 bytes]","args":[{"selector":{"id":"application-manageconditionprice-display-component---conditions--smartFilterBar-filterItemControl_BASIC-BILL_TYPES-vhi"},"wdio_ui5_key":"applicationmanageconditionprice-display-component---conditions--smartFilterBar-filterItemControl_BASIC-BILL_TYPES-vhi"}]}
RESULT: undefined
COMMAND: POST /session/79689850af1d41ef46dc131fe5890470/element - {"using":"xpath","value":"//*[@id=\"application-manageconditionprice-display-component---conditions--smartFilterBar-filterItemControl_BASIC-BILL_TYPES-vhi\"]"}
RESULT: {"using":"xpath","value":"//*[@id=\"application-manageconditionprice-display-component---conditions--smartFilterBar-filterItemControl_BASIC-BILL_TYPES-vhi\"]"}
COMMAND: POST /session/79689850af1d41ef46dc131fe5890470/element/f.3A2B8E27F6B6549B06BE95D0839BE483.d.037D449D2D6277B7125F79859BF8BA3E.e.9806/click - {}
RESULT: {}
COMMAND: POST /session/79689850af1d41ef46dc131fe5890470/execute/async - {"script":"<script> [1562 bytes]","args":[{"selector":{"id":"application-manageconditionprice-display-component---conditions--smartFilterBar-filterItemControl_BASIC-BILL_TYPES-valueHelpDialog-smartFilterBar-btnBasicSearch","searchOpenDialogs":true,"interaction":{"idSuffix":"I"}},"wdio_ui5_key":"applicationmanageconditionprice-display-component---conditions--smartFilterBar-filterItemControl_BASIC-BILL_TYPES-valueHelpDialog-smartFilterBar-btnBasicSearch"}]}
COMMAND: GET /session/79689850af1d41ef46dc131fe5890470/screenshot - {}
RESULT: {"script":"<script> [1562 bytes]","args":[{"selector":{"id":"application-manageconditionprice-display-component---conditions--smartFilterBar-filterItemControl_BASIC-BILL_TYPES-valueHelpDialog-smartFilterBar-btnBasicSearch","searchOpenDialogs":true,"interaction":{"idSuffix":"I"}},"wdio_ui5_key":"applicationmanageconditionprice-display-component---conditions--smartFilterBar-filterItemControl_BASIC-BILL_TYPES-valueHelpDialog-smartFilterBar-btnBasicSearch"}]}
RESULT: undefined
COMMAND: POST /session/79689850af1d41ef46dc131fe5890470/execute/async - {"script":"<script> [776 bytes]","args":[{"enterText":"one","selector":{"id":"application-manageconditionprice-display-component---conditions--smartFilterBar-filterItemControl_BASIC-BILL_TYPES-valueHelpDialog-smartFilterBar-btnBasicSearch","searchOpenDialogs":true,"interaction":{"idSuffix":"I"}},"clearTextFirst":true,"interactionType":"ENTER_TEXT"}]}
RESULT: {}
RESULT: {"script":"<script> [776 bytes]","args":[{"enterText":"one","selector":{"id":"application-manageconditionprice-display-component---conditions--smartFilterBar-filterItemControl_BASIC-BILL_TYPES-valueHelpDialog-smartFilterBar-btnBasicSearch","searchOpenDialogs":true,"interaction":{"idSuffix":"I"}},"clearTextFirst":true,"interactionType":"ENTER_TEXT"}]}
COMMAND: POST /session/79689850af1d41ef46dc131fe5890470/actions - {"actions":[{"id":"action35","type":"key","parameters":{},"actions":[{"type":"keyDown","value":"î€‡"},{"type":"pause","duration":10},{"type":"keyUp","value":"î€‡"}]}]}
RESULT: {"actions":[{"id":"action35","type":"key","parameters":{},"actions":[{"type":"keyDown","value":"î€‡"},{"type":"pause","duration":10},{"type":"keyUp","value":"î€‡"}]}]}
COMMAND: GET /session/79689850af1d41ef46dc131fe5890470/screenshot - {}
RESULT: {}
COMMAND: POST /session/79689850af1d41ef46dc131fe5890470/element - {"using":"xpath","value":"//div[contains(@id, 'application-manageconditionprice-display-component---conditions--smartFilterBar-filterItemControl_BASIC-BILL_TYPES-valueHelpDialog-table-rowsel0')]"}
RESULT: {"using":"xpath","value":"//div[contains(@id, 'application-manageconditionprice-display-component---conditions--smartFilterBar-filterItemControl_BASIC-BILL_TYPES-valueHelpDialog-table-rowsel0')]"}
COMMAND: POST /session/79689850af1d41ef46dc131fe5890470/element/f.3A2B8E27F6B6549B06BE95D0839BE483.d.037D449D2D6277B7125F79859BF8BA3E.e.9814/click - {}
RESULT: {}
COMMAND: GET /session/79689850af1d41ef46dc131fe5890470/screenshot - {}
RESULT: {}
COMMAND: POST /session/79689850af1d41ef46dc131fe5890470/element - {"using":"xpath","value":"//bdi[contains(text(), \"OK\")]"}
RESULT: {"using":"xpath","value":"//bdi[contains(text(), \"OK\")]"}
COMMAND: POST /session/79689850af1d41ef46dc131fe5890470/element/f.3A2B8E27F6B6549B06BE95D0839BE483.d.037D449D2D6277B7125F79859BF8BA3E.e.9816/click - {}
RESULT: {}
COMMAND: GET /session/79689850af1d41ef46dc131fe5890470/screenshot - {}
RESULT: {}
COMMAND: POST /session/79689850af1d41ef46dc131fe5890470/element - {"using":"xpath","value":"//span[@id=\"application-manageconditionprice-display-component---conditions--smartTable-header-inner\"]"}
RESULT: {"using":"xpath","value":"//span[@id=\"application-manageconditionprice-display-component---conditions--smartTable-header-inner\"]"}
COMMAND: POST /session/79689850af1d41ef46dc131fe5890470/elements - {"using":"xpath","value":"//span[@id=\"application-manageconditionprice-display-component---conditions--smartTable-header-inner\"]"}
RESULT: {"using":"xpath","value":"//span[@id=\"application-manageconditionprice-display-component---conditions--smartTable-header-inner\"]"}
COMMAND: POST /session/79689850af1d41ef46dc131fe5890470/execute/sync - {"script":"<script> [56 bytes]","args":[{"element-6066-11e4-a52e-4f735466cecf":"f.3A2B8E27F6B6549B06BE95D0839BE483.d.037D449D2D6277B7125F79859BF8BA3E.e.9819","ELEMENT":"f.3A2B8E27F6B6549B06BE95D0839BE483.d.037D449D2D6277B7125F79859BF8BA3E.e.9819"}]}
RESULT: {"script":"<script> [56 bytes]","args":[{"element-6066-11e4-a52e-4f735466cecf":"f.3A2B8E27F6B6549B06BE95D0839BE483.d.037D449D2D6277B7125F79859BF8BA3E.e.9819","ELEMENT":"f.3A2B8E27F6B6549B06BE95D0839BE483.d.037D449D2D6277B7125F79859BF8BA3E.e.9819"}]}
COMMAND: POST /session/79689850af1d41ef46dc131fe5890470/element - {"using":"css selector","value":"#shell-header-logo"}
COMMAND: GET /session/79689850af1d41ef46dc131fe5890470/screenshot - {}
RESULT: {"using":"css selector","value":"#shell-header-logo"}
COMMAND: POST /session/79689850af1d41ef46dc131fe5890470/element/f.3A2B8E27F6B6549B06BE95D0839BE483.d.037D449D2D6277B7125F79859BF8BA3E.e.9450/click - {}
RESULT: {}
RESULT: {}
COMMAND: GET /session/79689850af1d41ef46dc131fe5890470/screenshot - {}
RESULT: {}
]]></system-out>
    </testcase>
    <testcase classname="chrome.135_0_7049_96.windows.Create_master_data_for_mixed_billing_&amp;_do_billing_calculation_US151661" name="Should add performance based condition" time="62.718">
      <system-out><![CDATA[
RESULT: undefined
COMMAND: POST /session/79689850af1d41ef46dc131fe5890470/element - {"using":"xpath","value":"//*[@id=\"__tile93-title\"]"}
RESULT: {"using":"xpath","value":"//*[@id=\"__tile93-title\"]"}
COMMAND: POST /session/79689850af1d41ef46dc131fe5890470/element/f.3A2B8E27F6B6549B06BE95D0839BE483.d.037D449D2D6277B7125F79859BF8BA3E.e.9448/click - {}
RESULT: {}
COMMAND: POST /session/79689850af1d41ef46dc131fe5890470/element - {"using":"xpath","value":"//button[@aria-label=\"Create\"]"}
COMMAND: GET /session/79689850af1d41ef46dc131fe5890470/screenshot - {}
RESULT: {"using":"xpath","value":"//button[@aria-label=\"Create\"]"}
COMMAND: POST /session/79689850af1d41ef46dc131fe5890470/elements - {"using":"xpath","value":"//button[@aria-label=\"Create\"]"}
RESULT: {}
RESULT: {"using":"xpath","value":"//button[@aria-label=\"Create\"]"}
COMMAND: POST /session/79689850af1d41ef46dc131fe5890470/execute/sync - {"script":"<script> [8489 bytes]","args":[{"element-6066-11e4-a52e-4f735466cecf":"f.3A2B8E27F6B6549B06BE95D0839BE483.d.037D449D2D6277B7125F79859BF8BA3E.e.9883","ELEMENT":"f.3A2B8E27F6B6549B06BE95D0839BE483.d.037D449D2D6277B7125F79859BF8BA3E.e.9883"}]}
RESULT: {"script":"<script> [8489 bytes]","args":[{"element-6066-11e4-a52e-4f735466cecf":"f.3A2B8E27F6B6549B06BE95D0839BE483.d.037D449D2D6277B7125F79859BF8BA3E.e.9883","ELEMENT":"f.3A2B8E27F6B6549B06BE95D0839BE483.d.037D449D2D6277B7125F79859BF8BA3E.e.9883"}]}
COMMAND: GET /session/79689850af1d41ef46dc131fe5890470/element/f.3A2B8E27F6B6549B06BE95D0839BE483.d.037D449D2D6277B7125F79859BF8BA3E.e.9883/enabled - {}
COMMAND: GET /session/79689850af1d41ef46dc131fe5890470/screenshot - {}
RESULT: {}
COMMAND: POST /session/79689850af1d41ef46dc131fe5890470/execute/sync - {"script":"<script> [8489 bytes]","args":[{"element-6066-11e4-a52e-4f735466cecf":"f.3A2B8E27F6B6549B06BE95D0839BE483.d.037D449D2D6277B7125F79859BF8BA3E.e.9883","ELEMENT":"f.3A2B8E27F6B6549B06BE95D0839BE483.d.037D449D2D6277B7125F79859BF8BA3E.e.9883"}]}
COMMAND: GET /session/79689850af1d41ef46dc131fe5890470/screenshot - {}
RESULT: {}
RESULT: {"script":"<script> [8489 bytes]","args":[{"element-6066-11e4-a52e-4f735466cecf":"f.3A2B8E27F6B6549B06BE95D0839BE483.d.037D449D2D6277B7125F79859BF8BA3E.e.9883","ELEMENT":"f.3A2B8E27F6B6549B06BE95D0839BE483.d.037D449D2D6277B7125F79859BF8BA3E.e.9883"}]}
COMMAND: POST /session/79689850af1d41ef46dc131fe5890470/execute/sync - {"script":"<script> [5351 bytes]","args":[{"element-6066-11e4-a52e-4f735466cecf":"f.3A2B8E27F6B6549B06BE95D0839BE483.d.037D449D2D6277B7125F79859BF8BA3E.e.9883","ELEMENT":"f.3A2B8E27F6B6549B06BE95D0839BE483.d.037D449D2D6277B7125F79859BF8BA3E.e.9883"}]}
COMMAND: GET /session/79689850af1d41ef46dc131fe5890470/screenshot - {}
RESULT: {}
RESULT: {"script":"<script> [5351 bytes]","args":[{"element-6066-11e4-a52e-4f735466cecf":"f.3A2B8E27F6B6549B06BE95D0839BE483.d.037D449D2D6277B7125F79859BF8BA3E.e.9883","ELEMENT":"f.3A2B8E27F6B6549B06BE95D0839BE483.d.037D449D2D6277B7125F79859BF8BA3E.e.9883"}]}
COMMAND: POST /session/79689850af1d41ef46dc131fe5890470/element/f.3A2B8E27F6B6549B06BE95D0839BE483.d.037D449D2D6277B7125F79859BF8BA3E.e.9883/click - {}
COMMAND: GET /session/79689850af1d41ef46dc131fe5890470/screenshot - {}
RESULT: {}
RESULT: {}
COMMAND: GET /session/79689850af1d41ef46dc131fe5890470/screenshot - {}
RESULT: {}
RESULT: {}
COMMAND: POST /session/79689850af1d41ef46dc131fe5890470/actions - {"actions":[{"id":"action36","type":"key","parameters":{},"actions":[{"type":"keyDown","value":"î€‡"},{"type":"pause","duration":10},{"type":"keyUp","value":"î€‡"}]}]}
RESULT: {"actions":[{"id":"action36","type":"key","parameters":{},"actions":[{"type":"keyDown","value":"î€‡"},{"type":"pause","duration":10},{"type":"keyUp","value":"î€‡"}]}]}
COMMAND: GET /session/79689850af1d41ef46dc131fe5890470/screenshot - {}
RESULT: undefined
COMMAND: POST /session/79689850af1d41ef46dc131fe5890470/element - {"using":"xpath","value":"//*[@id=\"application-manageconditionprice-display-component---newCondition--condBillCond-arrow\"]"}
RESULT: {}
RESULT: {"using":"xpath","value":"//*[@id=\"application-manageconditionprice-display-component---newCondition--condBillCond-arrow\"]"}
COMMAND: POST /session/79689850af1d41ef46dc131fe5890470/element/f.3A2B8E27F6B6549B06BE95D0839BE483.d.037D449D2D6277B7125F79859BF8BA3E.e.10365/click - {}
RESULT: {}
COMMAND: GET /session/79689850af1d41ef46dc131fe5890470/screenshot - {}
RESULT: {}
COMMAND: POST /session/79689850af1d41ef46dc131fe5890470/element - {"using":"xpath","value":"//li[.//span[contains(text(), \"PC06 - Performance Price - fuel\")]]"}
RESULT: {"using":"xpath","value":"//li[.//span[contains(text(), \"PC06 - Performance Price - fuel\")]]"}
COMMAND: POST /session/79689850af1d41ef46dc131fe5890470/element/f.3A2B8E27F6B6549B06BE95D0839BE483.d.037D449D2D6277B7125F79859BF8BA3E.e.10368/click - {}
RESULT: {}
COMMAND: GET /session/79689850af1d41ef46dc131fe5890470/screenshot - {}
RESULT: {}
RESULT: undefined
COMMAND: POST /session/79689850af1d41ef46dc131fe5890470/execute/async - {"script":"<script> [776 bytes]","args":[{"enterText":"01/02/26","selector":{"id":"application-manageconditionprice-display-component---newCondition--condValidTo","interaction":{"idSuffix":"inner"}},"clearTextFirst":true,"interactionType":"ENTER_TEXT"}]}
RESULT: {"script":"<script> [776 bytes]","args":[{"enterText":"01/02/26","selector":{"id":"application-manageconditionprice-display-component---newCondition--condValidTo","interaction":{"idSuffix":"inner"}},"clearTextFirst":true,"interactionType":"ENTER_TEXT"}]}
COMMAND: POST /session/79689850af1d41ef46dc131fe5890470/element - {"using":"xpath","value":"//input[@id=\"application-manageconditionprice-display-component---newCondition--condRU-inner\"]"}
RESULT: {"using":"xpath","value":"//input[@id=\"application-manageconditionprice-display-component---newCondition--condRU-inner\"]"}
COMMAND: POST /session/79689850af1d41ef46dc131fe5890470/element/f.3A2B8E27F6B6549B06BE95D0839BE483.d.037D449D2D6277B7125F79859BF8BA3E.e.10044/clear - {}
RESULT: {}
COMMAND: POST /session/79689850af1d41ef46dc131fe5890470/element/f.3A2B8E27F6B6549B06BE95D0839BE483.d.037D449D2D6277B7125F79859BF8BA3E.e.10044/value - {"text":"1vUQspUVcJ"}
COMMAND: GET /session/79689850af1d41ef46dc131fe5890470/screenshot - {}
RESULT: {"text":"1vUQspUVcJ"}
COMMAND: GET /session/79689850af1d41ef46dc131fe5890470/screenshot - {}
RESULT: {}
RESULT: {}
COMMAND: POST /session/79689850af1d41ef46dc131fe5890470/actions - {"actions":[{"id":"action37","type":"key","parameters":{},"actions":[{"type":"keyDown","value":"î€‡"},{"type":"pause","duration":10},{"type":"keyUp","value":"î€‡"}]}]}
RESULT: {"actions":[{"id":"action37","type":"key","parameters":{},"actions":[{"type":"keyDown","value":"î€‡"},{"type":"pause","duration":10},{"type":"keyUp","value":"î€‡"}]}]}
RESULT: undefined
COMMAND: POST /session/79689850af1d41ef46dc131fe5890470/execute/async - {"script":"<script> [776 bytes]","args":[{"enterText":"1","selector":{"id":"application-manageconditionprice-display-component---newCondition--condBaseQty","interaction":{"idSuffix":"inner"}},"clearTextFirst":true,"interactionType":"ENTER_TEXT"}]}
COMMAND: GET /session/79689850af1d41ef46dc131fe5890470/screenshot - {}
RESULT: {"script":"<script> [776 bytes]","args":[{"enterText":"1","selector":{"id":"application-manageconditionprice-display-component---newCondition--condBaseQty","interaction":{"idSuffix":"inner"}},"clearTextFirst":true,"interactionType":"ENTER_TEXT"}]}
RESULT: undefined
COMMAND: POST /session/79689850af1d41ef46dc131fe5890470/execute/async - {"script":"<script> [776 bytes]","args":[{"enterText":"10","selector":{"id":"application-manageconditionprice-display-component---newCondition--condValue","interaction":{"idSuffix":"inner"}},"clearTextFirst":true,"interactionType":"ENTER_TEXT"}]}
RESULT: {}
RESULT: {"script":"<script> [776 bytes]","args":[{"enterText":"10","selector":{"id":"application-manageconditionprice-display-component---newCondition--condValue","interaction":{"idSuffix":"inner"}},"clearTextFirst":true,"interactionType":"ENTER_TEXT"}]}
RESULT: undefined
COMMAND: POST /session/79689850af1d41ef46dc131fe5890470/element - {"using":"xpath","value":"//*[@id=\"application-manageconditionprice-display-component---newCondition--condCurr-arrow\"]"}
RESULT: {"using":"xpath","value":"//*[@id=\"application-manageconditionprice-display-component---newCondition--condCurr-arrow\"]"}
COMMAND: POST /session/79689850af1d41ef46dc131fe5890470/element/f.3A2B8E27F6B6549B06BE95D0839BE483.d.037D449D2D6277B7125F79859BF8BA3E.e.10328/click - {}
RESULT: {}
COMMAND: POST /session/79689850af1d41ef46dc131fe5890470/element - {"using":"xpath","value":"//span[contains(text(), \"Euro\")]"}
COMMAND: GET /session/79689850af1d41ef46dc131fe5890470/screenshot - {}
RESULT: {"using":"xpath","value":"//span[contains(text(), \"Euro\")]"}
COMMAND: POST /session/79689850af1d41ef46dc131fe5890470/element/f.3A2B8E27F6B6549B06BE95D0839BE483.d.037D449D2D6277B7125F79859BF8BA3E.e.10401/click - {}
RESULT: {}
RESULT: {}
COMMAND: POST /session/79689850af1d41ef46dc131fe5890470/element - {"using":"xpath","value":"//button[@data-kt=\"saveButton\"]"}
COMMAND: GET /session/79689850af1d41ef46dc131fe5890470/screenshot - {}
RESULT: {"using":"xpath","value":"//button[@data-kt=\"saveButton\"]"}
COMMAND: POST /session/79689850af1d41ef46dc131fe5890470/element/f.3A2B8E27F6B6549B06BE95D0839BE483.d.037D449D2D6277B7125F79859BF8BA3E.e.10329/click - {}
RESULT: {}
RESULT: {}
COMMAND: GET /session/79689850af1d41ef46dc131fe5890470/screenshot - {}
RESULT: {}
RESULT: undefined
COMMAND: POST /session/79689850af1d41ef46dc131fe5890470/execute/async - {"script":"<script> [776 bytes]","args":[{"enterText":"1vUQspUVcJ","selector":{"id":"application-manageconditionprice-display-component---conditions--smartFilterBar-btnBasicSearch","interaction":{"idSuffix":"I"}},"clearTextFirst":true,"interactionType":"ENTER_TEXT"}]}
RESULT: {"script":"<script> [776 bytes]","args":[{"enterText":"1vUQspUVcJ","selector":{"id":"application-manageconditionprice-display-component---conditions--smartFilterBar-btnBasicSearch","interaction":{"idSuffix":"I"}},"clearTextFirst":true,"interactionType":"ENTER_TEXT"}]}
COMMAND: POST /session/79689850af1d41ef46dc131fe5890470/actions - {"actions":[{"id":"action38","type":"key","parameters":{},"actions":[{"type":"keyDown","value":"î€‡"},{"type":"pause","duration":10},{"type":"keyUp","value":"î€‡"}]}]}
RESULT: {"actions":[{"id":"action38","type":"key","parameters":{},"actions":[{"type":"keyDown","value":"î€‡"},{"type":"pause","duration":10},{"type":"keyUp","value":"î€‡"}]}]}
COMMAND: GET /session/79689850af1d41ef46dc131fe5890470/screenshot - {}
RESULT: {}
RESULT: undefined
COMMAND: POST /session/79689850af1d41ef46dc131fe5890470/element - {"using":"xpath","value":"//*[@id=\"application-manageconditionprice-display-component---conditions--smartFilterBar-filterItemControl_BASIC-BILL_TYPES-vhi\"]"}
RESULT: {"using":"xpath","value":"//*[@id=\"application-manageconditionprice-display-component---conditions--smartFilterBar-filterItemControl_BASIC-BILL_TYPES-vhi\"]"}
COMMAND: POST /session/79689850af1d41ef46dc131fe5890470/element/f.3A2B8E27F6B6549B06BE95D0839BE483.d.037D449D2D6277B7125F79859BF8BA3E.e.10652/click - {}
RESULT: {}
RESULT: undefined
COMMAND: POST /session/79689850af1d41ef46dc131fe5890470/execute/async - {"script":"<script> [776 bytes]","args":[{"enterText":"PB","selector":{"id":"application-manageconditionprice-display-component---conditions--smartFilterBar-filterItemControl_BASIC-BILL_TYPES-valueHelpDialog-smartFilterBar-btnBasicSearch","searchOpenDialogs":true,"interaction":{"idSuffix":"I"}},"clearTextFirst":true,"interactionType":"ENTER_TEXT"}]}
COMMAND: GET /session/79689850af1d41ef46dc131fe5890470/screenshot - {}
RESULT: {"script":"<script> [776 bytes]","args":[{"enterText":"PB","selector":{"id":"application-manageconditionprice-display-component---conditions--smartFilterBar-filterItemControl_BASIC-BILL_TYPES-valueHelpDialog-smartFilterBar-btnBasicSearch","searchOpenDialogs":true,"interaction":{"idSuffix":"I"}},"clearTextFirst":true,"interactionType":"ENTER_TEXT"}]}
COMMAND: POST /session/79689850af1d41ef46dc131fe5890470/actions - {"actions":[{"id":"action39","type":"key","parameters":{},"actions":[{"type":"keyDown","value":"î€‡"},{"type":"pause","duration":10},{"type":"keyUp","value":"î€‡"}]}]}
RESULT: {}
RESULT: {"actions":[{"id":"action39","type":"key","parameters":{},"actions":[{"type":"keyDown","value":"î€‡"},{"type":"pause","duration":10},{"type":"keyUp","value":"î€‡"}]}]}
COMMAND: GET /session/79689850af1d41ef46dc131fe5890470/screenshot - {}
RESULT: {}
COMMAND: POST /session/79689850af1d41ef46dc131fe5890470/element - {"using":"xpath","value":"//div[contains(@id, 'application-manageconditionprice-display-component---conditions--smartFilterBar-filterItemControl_BASIC-BILL_TYPES-valueHelpDialog-table-rowsel0')]"}
RESULT: {"using":"xpath","value":"//div[contains(@id, 'application-manageconditionprice-display-component---conditions--smartFilterBar-filterItemControl_BASIC-BILL_TYPES-valueHelpDialog-table-rowsel0')]"}
COMMAND: POST /session/79689850af1d41ef46dc131fe5890470/element/f.3A2B8E27F6B6549B06BE95D0839BE483.d.037D449D2D6277B7125F79859BF8BA3E.e.10660/click - {}
RESULT: {}
COMMAND: GET /session/79689850af1d41ef46dc131fe5890470/screenshot - {}
RESULT: {}
COMMAND: POST /session/79689850af1d41ef46dc131fe5890470/element - {"using":"xpath","value":"//bdi[contains(text(), \"OK\")]"}
RESULT: {"using":"xpath","value":"//bdi[contains(text(), \"OK\")]"}
COMMAND: POST /session/79689850af1d41ef46dc131fe5890470/element/f.3A2B8E27F6B6549B06BE95D0839BE483.d.037D449D2D6277B7125F79859BF8BA3E.e.10662/click - {}
RESULT: {}
COMMAND: GET /session/79689850af1d41ef46dc131fe5890470/screenshot - {}
RESULT: {}
COMMAND: POST /session/79689850af1d41ef46dc131fe5890470/element - {"using":"xpath","value":"//span[@id=\"application-manageconditionprice-display-component---conditions--smartTable-header-inner\"]"}
RESULT: {"using":"xpath","value":"//span[@id=\"application-manageconditionprice-display-component---conditions--smartTable-header-inner\"]"}
COMMAND: POST /session/79689850af1d41ef46dc131fe5890470/elements - {"using":"xpath","value":"//span[@id=\"application-manageconditionprice-display-component---conditions--smartTable-header-inner\"]"}
RESULT: {"using":"xpath","value":"//span[@id=\"application-manageconditionprice-display-component---conditions--smartTable-header-inner\"]"}
COMMAND: POST /session/79689850af1d41ef46dc131fe5890470/execute/sync - {"script":"<script> [56 bytes]","args":[{"element-6066-11e4-a52e-4f735466cecf":"f.3A2B8E27F6B6549B06BE95D0839BE483.d.037D449D2D6277B7125F79859BF8BA3E.e.10666","ELEMENT":"f.3A2B8E27F6B6549B06BE95D0839BE483.d.037D449D2D6277B7125F79859BF8BA3E.e.10666"}]}
RESULT: {"script":"<script> [56 bytes]","args":[{"element-6066-11e4-a52e-4f735466cecf":"f.3A2B8E27F6B6549B06BE95D0839BE483.d.037D449D2D6277B7125F79859BF8BA3E.e.10666","ELEMENT":"f.3A2B8E27F6B6549B06BE95D0839BE483.d.037D449D2D6277B7125F79859BF8BA3E.e.10666"}]}
COMMAND: POST /session/79689850af1d41ef46dc131fe5890470/element - {"using":"css selector","value":"#shell-header-logo"}
COMMAND: GET /session/79689850af1d41ef46dc131fe5890470/screenshot - {}
RESULT: {"using":"css selector","value":"#shell-header-logo"}
COMMAND: POST /session/79689850af1d41ef46dc131fe5890470/element/f.3A2B8E27F6B6549B06BE95D0839BE483.d.037D449D2D6277B7125F79859BF8BA3E.e.9827/click - {}
RESULT: {}
RESULT: {}
COMMAND: GET /session/79689850af1d41ef46dc131fe5890470/screenshot - {}
RESULT: {}
]]></system-out>
    </testcase>
    <testcase classname="chrome.135_0_7049_96.windows.Create_master_data_for_mixed_billing_&amp;_do_billing_calculation_US151661" name="Should add time based condition" time="59.099">
      <system-out><![CDATA[
RESULT: undefined
COMMAND: POST /session/79689850af1d41ef46dc131fe5890470/element - {"using":"xpath","value":"//*[@id=\"__tile93-title\"]"}
RESULT: {"using":"xpath","value":"//*[@id=\"__tile93-title\"]"}
COMMAND: POST /session/79689850af1d41ef46dc131fe5890470/element/f.3A2B8E27F6B6549B06BE95D0839BE483.d.037D449D2D6277B7125F79859BF8BA3E.e.9448/click - {}
RESULT: {}
COMMAND: POST /session/79689850af1d41ef46dc131fe5890470/element - {"using":"xpath","value":"//button[@aria-label=\"Create\"]"}
COMMAND: GET /session/79689850af1d41ef46dc131fe5890470/screenshot - {}
RESULT: {"using":"xpath","value":"//button[@aria-label=\"Create\"]"}
COMMAND: POST /session/79689850af1d41ef46dc131fe5890470/elements - {"using":"xpath","value":"//button[@aria-label=\"Create\"]"}
RESULT: {}
RESULT: {"using":"xpath","value":"//button[@aria-label=\"Create\"]"}
COMMAND: POST /session/79689850af1d41ef46dc131fe5890470/execute/sync - {"script":"<script> [8489 bytes]","args":[{"element-6066-11e4-a52e-4f735466cecf":"f.3A2B8E27F6B6549B06BE95D0839BE483.d.037D449D2D6277B7125F79859BF8BA3E.e.10721","ELEMENT":"f.3A2B8E27F6B6549B06BE95D0839BE483.d.037D449D2D6277B7125F79859BF8BA3E.e.10721"}]}
RESULT: {"script":"<script> [8489 bytes]","args":[{"element-6066-11e4-a52e-4f735466cecf":"f.3A2B8E27F6B6549B06BE95D0839BE483.d.037D449D2D6277B7125F79859BF8BA3E.e.10721","ELEMENT":"f.3A2B8E27F6B6549B06BE95D0839BE483.d.037D449D2D6277B7125F79859BF8BA3E.e.10721"}]}
COMMAND: GET /session/79689850af1d41ef46dc131fe5890470/element/f.3A2B8E27F6B6549B06BE95D0839BE483.d.037D449D2D6277B7125F79859BF8BA3E.e.10721/enabled - {}
COMMAND: GET /session/79689850af1d41ef46dc131fe5890470/screenshot - {}
RESULT: {}
COMMAND: POST /session/79689850af1d41ef46dc131fe5890470/execute/sync - {"script":"<script> [8489 bytes]","args":[{"element-6066-11e4-a52e-4f735466cecf":"f.3A2B8E27F6B6549B06BE95D0839BE483.d.037D449D2D6277B7125F79859BF8BA3E.e.10721","ELEMENT":"f.3A2B8E27F6B6549B06BE95D0839BE483.d.037D449D2D6277B7125F79859BF8BA3E.e.10721"}]}
COMMAND: GET /session/79689850af1d41ef46dc131fe5890470/screenshot - {}
RESULT: {}
RESULT: {"script":"<script> [8489 bytes]","args":[{"element-6066-11e4-a52e-4f735466cecf":"f.3A2B8E27F6B6549B06BE95D0839BE483.d.037D449D2D6277B7125F79859BF8BA3E.e.10721","ELEMENT":"f.3A2B8E27F6B6549B06BE95D0839BE483.d.037D449D2D6277B7125F79859BF8BA3E.e.10721"}]}
COMMAND: POST /session/79689850af1d41ef46dc131fe5890470/execute/sync - {"script":"<script> [5351 bytes]","args":[{"element-6066-11e4-a52e-4f735466cecf":"f.3A2B8E27F6B6549B06BE95D0839BE483.d.037D449D2D6277B7125F79859BF8BA3E.e.10721","ELEMENT":"f.3A2B8E27F6B6549B06BE95D0839BE483.d.037D449D2D6277B7125F79859BF8BA3E.e.10721"}]}
COMMAND: GET /session/79689850af1d41ef46dc131fe5890470/screenshot - {}
RESULT: {}
RESULT: {"script":"<script> [5351 bytes]","args":[{"element-6066-11e4-a52e-4f735466cecf":"f.3A2B8E27F6B6549B06BE95D0839BE483.d.037D449D2D6277B7125F79859BF8BA3E.e.10721","ELEMENT":"f.3A2B8E27F6B6549B06BE95D0839BE483.d.037D449D2D6277B7125F79859BF8BA3E.e.10721"}]}
COMMAND: POST /session/79689850af1d41ef46dc131fe5890470/element/f.3A2B8E27F6B6549B06BE95D0839BE483.d.037D449D2D6277B7125F79859BF8BA3E.e.10721/click - {}
COMMAND: GET /session/79689850af1d41ef46dc131fe5890470/screenshot - {}
RESULT: {}
RESULT: {}
COMMAND: GET /session/79689850af1d41ef46dc131fe5890470/screenshot - {}
RESULT: {}
RESULT: {}
COMMAND: POST /session/79689850af1d41ef46dc131fe5890470/actions - {"actions":[{"id":"action40","type":"key","parameters":{},"actions":[{"type":"keyDown","value":"î€‡"},{"type":"pause","duration":10},{"type":"keyUp","value":"î€‡"}]}]}
RESULT: {"actions":[{"id":"action40","type":"key","parameters":{},"actions":[{"type":"keyDown","value":"î€‡"},{"type":"pause","duration":10},{"type":"keyUp","value":"î€‡"}]}]}
COMMAND: GET /session/79689850af1d41ef46dc131fe5890470/screenshot - {}
RESULT: undefined
COMMAND: POST /session/79689850af1d41ef46dc131fe5890470/element - {"using":"xpath","value":"//*[@id=\"application-manageconditionprice-display-component---newCondition--condBillCond-arrow\"]"}
RESULT: {}
RESULT: {"using":"xpath","value":"//*[@id=\"application-manageconditionprice-display-component---newCondition--condBillCond-arrow\"]"}
COMMAND: POST /session/79689850af1d41ef46dc131fe5890470/element/f.3A2B8E27F6B6549B06BE95D0839BE483.d.037D449D2D6277B7125F79859BF8BA3E.e.11166/click - {}
RESULT: {}
COMMAND: GET /session/79689850af1d41ef46dc131fe5890470/screenshot - {}
RESULT: {}
COMMAND: POST /session/79689850af1d41ef46dc131fe5890470/element - {"using":"xpath","value":"//li[.//span[contains(text(), \"DISP - D&I special price\")]]"}
RESULT: {"using":"xpath","value":"//li[.//span[contains(text(), \"DISP - D&I special price\")]]"}
COMMAND: POST /session/79689850af1d41ef46dc131fe5890470/element/f.3A2B8E27F6B6549B06BE95D0839BE483.d.037D449D2D6277B7125F79859BF8BA3E.e.11169/click - {}
RESULT: {}
COMMAND: GET /session/79689850af1d41ef46dc131fe5890470/screenshot - {}
RESULT: {}
RESULT: undefined
COMMAND: POST /session/79689850af1d41ef46dc131fe5890470/execute/async - {"script":"<script> [776 bytes]","args":[{"enterText":"01/02/26","selector":{"id":"application-manageconditionprice-display-component---newCondition--condValidTo","interaction":{"idSuffix":"inner"}},"clearTextFirst":true,"interactionType":"ENTER_TEXT"}]}
RESULT: {"script":"<script> [776 bytes]","args":[{"enterText":"01/02/26","selector":{"id":"application-manageconditionprice-display-component---newCondition--condValidTo","interaction":{"idSuffix":"inner"}},"clearTextFirst":true,"interactionType":"ENTER_TEXT"}]}
COMMAND: POST /session/79689850af1d41ef46dc131fe5890470/element - {"using":"xpath","value":"//input[@id=\"application-manageconditionprice-display-component---newCondition--condRU-inner\"]"}
RESULT: {"using":"xpath","value":"//input[@id=\"application-manageconditionprice-display-component---newCondition--condRU-inner\"]"}
COMMAND: POST /session/79689850af1d41ef46dc131fe5890470/element/f.3A2B8E27F6B6549B06BE95D0839BE483.d.037D449D2D6277B7125F79859BF8BA3E.e.10893/clear - {}
RESULT: {}
COMMAND: POST /session/79689850af1d41ef46dc131fe5890470/element/f.3A2B8E27F6B6549B06BE95D0839BE483.d.037D449D2D6277B7125F79859BF8BA3E.e.10893/value - {"text":"1vUQspUVcJ"}
COMMAND: GET /session/79689850af1d41ef46dc131fe5890470/screenshot - {}
RESULT: {"text":"1vUQspUVcJ"}
COMMAND: GET /session/79689850af1d41ef46dc131fe5890470/screenshot - {}
RESULT: {}
RESULT: {}
COMMAND: POST /session/79689850af1d41ef46dc131fe5890470/actions - {"actions":[{"id":"action41","type":"key","parameters":{},"actions":[{"type":"keyDown","value":"î€‡"},{"type":"pause","duration":10},{"type":"keyUp","value":"î€‡"}]}]}
RESULT: {"actions":[{"id":"action41","type":"key","parameters":{},"actions":[{"type":"keyDown","value":"î€‡"},{"type":"pause","duration":10},{"type":"keyUp","value":"î€‡"}]}]}
RESULT: undefined
COMMAND: POST /session/79689850af1d41ef46dc131fe5890470/execute/async - {"script":"<script> [776 bytes]","args":[{"enterText":"1","selector":{"id":"application-manageconditionprice-display-component---newCondition--condBaseQty","interaction":{"idSuffix":"inner"}},"clearTextFirst":true,"interactionType":"ENTER_TEXT"}]}
COMMAND: GET /session/79689850af1d41ef46dc131fe5890470/screenshot - {}
RESULT: {"script":"<script> [776 bytes]","args":[{"enterText":"1","selector":{"id":"application-manageconditionprice-display-component---newCondition--condBaseQty","interaction":{"idSuffix":"inner"}},"clearTextFirst":true,"interactionType":"ENTER_TEXT"}]}
RESULT: undefined
COMMAND: POST /session/79689850af1d41ef46dc131fe5890470/execute/async - {"script":"<script> [776 bytes]","args":[{"enterText":"100","selector":{"id":"application-manageconditionprice-display-component---newCondition--condValue","interaction":{"idSuffix":"inner"}},"clearTextFirst":true,"interactionType":"ENTER_TEXT"}]}
RESULT: {}
RESULT: {"script":"<script> [776 bytes]","args":[{"enterText":"100","selector":{"id":"application-manageconditionprice-display-component---newCondition--condValue","interaction":{"idSuffix":"inner"}},"clearTextFirst":true,"interactionType":"ENTER_TEXT"}]}
RESULT: undefined
COMMAND: POST /session/79689850af1d41ef46dc131fe5890470/element - {"using":"xpath","value":"//*[@id=\"application-manageconditionprice-display-component---newCondition--condCurr-arrow\"]"}
RESULT: {"using":"xpath","value":"//*[@id=\"application-manageconditionprice-display-component---newCondition--condCurr-arrow\"]"}
COMMAND: POST /session/79689850af1d41ef46dc131fe5890470/element/f.3A2B8E27F6B6549B06BE95D0839BE483.d.037D449D2D6277B7125F79859BF8BA3E.e.11123/click - {}
RESULT: {}
COMMAND: POST /session/79689850af1d41ef46dc131fe5890470/element - {"using":"xpath","value":"//span[contains(text(), \"Euro\")]"}
COMMAND: GET /session/79689850af1d41ef46dc131fe5890470/screenshot - {}
RESULT: {}
RESULT: {"using":"xpath","value":"//span[contains(text(), \"Euro\")]"}
COMMAND: POST /session/79689850af1d41ef46dc131fe5890470/element/f.3A2B8E27F6B6549B06BE95D0839BE483.d.037D449D2D6277B7125F79859BF8BA3E.e.11204/click - {}
RESULT: {}
COMMAND: POST /session/79689850af1d41ef46dc131fe5890470/element - {"using":"xpath","value":"//button[@data-kt=\"saveButton\"]"}
COMMAND: GET /session/79689850af1d41ef46dc131fe5890470/screenshot - {}
RESULT: {"using":"xpath","value":"//button[@data-kt=\"saveButton\"]"}
COMMAND: POST /session/79689850af1d41ef46dc131fe5890470/element/f.3A2B8E27F6B6549B06BE95D0839BE483.d.037D449D2D6277B7125F79859BF8BA3E.e.11124/click - {}
RESULT: {}
RESULT: {}
COMMAND: GET /session/79689850af1d41ef46dc131fe5890470/screenshot - {}
RESULT: {}
RESULT: undefined
COMMAND: POST /session/79689850af1d41ef46dc131fe5890470/execute/async - {"script":"<script> [776 bytes]","args":[{"enterText":"1vUQspUVcJ","selector":{"id":"application-manageconditionprice-display-component---conditions--smartFilterBar-btnBasicSearch","interaction":{"idSuffix":"I"}},"clearTextFirst":true,"interactionType":"ENTER_TEXT"}]}
RESULT: {"script":"<script> [776 bytes]","args":[{"enterText":"1vUQspUVcJ","selector":{"id":"application-manageconditionprice-display-component---conditions--smartFilterBar-btnBasicSearch","interaction":{"idSuffix":"I"}},"clearTextFirst":true,"interactionType":"ENTER_TEXT"}]}
COMMAND: POST /session/79689850af1d41ef46dc131fe5890470/actions - {"actions":[{"id":"action42","type":"key","parameters":{},"actions":[{"type":"keyDown","value":"î€‡"},{"type":"pause","duration":10},{"type":"keyUp","value":"î€‡"}]}]}
RESULT: {"actions":[{"id":"action42","type":"key","parameters":{},"actions":[{"type":"keyDown","value":"î€‡"},{"type":"pause","duration":10},{"type":"keyUp","value":"î€‡"}]}]}
COMMAND: GET /session/79689850af1d41ef46dc131fe5890470/screenshot - {}
RESULT: {}
RESULT: undefined
COMMAND: POST /session/79689850af1d41ef46dc131fe5890470/element - {"using":"xpath","value":"//*[@id=\"application-manageconditionprice-display-component---conditions--smartFilterBar-filterItemControl_BASIC-BILL_TYPES-vhi\"]"}
RESULT: {"using":"xpath","value":"//*[@id=\"application-manageconditionprice-display-component---conditions--smartFilterBar-filterItemControl_BASIC-BILL_TYPES-vhi\"]"}
COMMAND: POST /session/79689850af1d41ef46dc131fe5890470/element/f.3A2B8E27F6B6549B06BE95D0839BE483.d.037D449D2D6277B7125F79859BF8BA3E.e.11435/click - {}
RESULT: {}
RESULT: undefined
COMMAND: POST /session/79689850af1d41ef46dc131fe5890470/execute/async - {"script":"<script> [776 bytes]","args":[{"enterText":"TB","selector":{"id":"application-manageconditionprice-display-component---conditions--smartFilterBar-filterItemControl_BASIC-BILL_TYPES-valueHelpDialog-smartFilterBar-btnBasicSearch","searchOpenDialogs":true,"interaction":{"idSuffix":"I"}},"clearTextFirst":true,"interactionType":"ENTER_TEXT"}]}
COMMAND: GET /session/79689850af1d41ef46dc131fe5890470/screenshot - {}
RESULT: {"script":"<script> [776 bytes]","args":[{"enterText":"TB","selector":{"id":"application-manageconditionprice-display-component---conditions--smartFilterBar-filterItemControl_BASIC-BILL_TYPES-valueHelpDialog-smartFilterBar-btnBasicSearch","searchOpenDialogs":true,"interaction":{"idSuffix":"I"}},"clearTextFirst":true,"interactionType":"ENTER_TEXT"}]}
COMMAND: POST /session/79689850af1d41ef46dc131fe5890470/actions - {"actions":[{"id":"action43","type":"key","parameters":{},"actions":[{"type":"keyDown","value":"î€‡"},{"type":"pause","duration":10},{"type":"keyUp","value":"î€‡"}]}]}
RESULT: {}
RESULT: {"actions":[{"id":"action43","type":"key","parameters":{},"actions":[{"type":"keyDown","value":"î€‡"},{"type":"pause","duration":10},{"type":"keyUp","value":"î€‡"}]}]}
COMMAND: GET /session/79689850af1d41ef46dc131fe5890470/screenshot - {}
RESULT: {}
COMMAND: POST /session/79689850af1d41ef46dc131fe5890470/element - {"using":"xpath","value":"//div[contains(@id, 'application-manageconditionprice-display-component---conditions--smartFilterBar-filterItemControl_BASIC-BILL_TYPES-valueHelpDialog-table-rowsel0')]"}
RESULT: {"using":"xpath","value":"//div[contains(@id, 'application-manageconditionprice-display-component---conditions--smartFilterBar-filterItemControl_BASIC-BILL_TYPES-valueHelpDialog-table-rowsel0')]"}
COMMAND: POST /session/79689850af1d41ef46dc131fe5890470/element/f.3A2B8E27F6B6549B06BE95D0839BE483.d.037D449D2D6277B7125F79859BF8BA3E.e.11444/click - {}
RESULT: {}
COMMAND: GET /session/79689850af1d41ef46dc131fe5890470/screenshot - {}
RESULT: {}
COMMAND: POST /session/79689850af1d41ef46dc131fe5890470/element - {"using":"xpath","value":"//bdi[contains(text(), \"OK\")]"}
RESULT: {"using":"xpath","value":"//bdi[contains(text(), \"OK\")]"}
COMMAND: POST /session/79689850af1d41ef46dc131fe5890470/element/f.3A2B8E27F6B6549B06BE95D0839BE483.d.037D449D2D6277B7125F79859BF8BA3E.e.11446/click - {}
RESULT: {}
COMMAND: GET /session/79689850af1d41ef46dc131fe5890470/screenshot - {}
RESULT: {}
COMMAND: POST /session/79689850af1d41ef46dc131fe5890470/element - {"using":"xpath","value":"//span[@id=\"application-manageconditionprice-display-component---conditions--smartTable-header-inner\"]"}
RESULT: {"using":"xpath","value":"//span[@id=\"application-manageconditionprice-display-component---conditions--smartTable-header-inner\"]"}
COMMAND: POST /session/79689850af1d41ef46dc131fe5890470/elements - {"using":"xpath","value":"//span[@id=\"application-manageconditionprice-display-component---conditions--smartTable-header-inner\"]"}
RESULT: {"using":"xpath","value":"//span[@id=\"application-manageconditionprice-display-component---conditions--smartTable-header-inner\"]"}
COMMAND: POST /session/79689850af1d41ef46dc131fe5890470/execute/sync - {"script":"<script> [56 bytes]","args":[{"element-6066-11e4-a52e-4f735466cecf":"f.3A2B8E27F6B6549B06BE95D0839BE483.d.037D449D2D6277B7125F79859BF8BA3E.e.11483","ELEMENT":"f.3A2B8E27F6B6549B06BE95D0839BE483.d.037D449D2D6277B7125F79859BF8BA3E.e.11483"}]}
RESULT: {"script":"<script> [56 bytes]","args":[{"element-6066-11e4-a52e-4f735466cecf":"f.3A2B8E27F6B6549B06BE95D0839BE483.d.037D449D2D6277B7125F79859BF8BA3E.e.11483","ELEMENT":"f.3A2B8E27F6B6549B06BE95D0839BE483.d.037D449D2D6277B7125F79859BF8BA3E.e.11483"}]}
COMMAND: POST /session/79689850af1d41ef46dc131fe5890470/element - {"using":"css selector","value":"#shell-header-logo"}
COMMAND: GET /session/79689850af1d41ef46dc131fe5890470/screenshot - {}
RESULT: {"using":"css selector","value":"#shell-header-logo"}
COMMAND: POST /session/79689850af1d41ef46dc131fe5890470/element/f.3A2B8E27F6B6549B06BE95D0839BE483.d.037D449D2D6277B7125F79859BF8BA3E.e.10671/click - {}
RESULT: {}
RESULT: {}
COMMAND: GET /session/79689850af1d41ef46dc131fe5890470/screenshot - {}
RESULT: {}
]]></system-out>
    </testcase>
    <testcase classname="chrome.135_0_7049_96.windows.Create_master_data_for_mixed_billing_&amp;_do_billing_calculation_US151661" name="Should do a stock increase handover" time="81.771">
      <system-out><![CDATA[
COMMAND: POST /session/79689850af1d41ef46dc131fe5890470/execute/async - {"script":"<script> [1562 bytes]","args":[{"selector":{"controlType":"sap.m.Text","viewName":"etm.portal.ui.managehandoverstile.view.Master","properties":{"text":"Manage Handovers"},"interaction":{"idSuffix":"inner"}},"wdio_ui5_key":"etmportal.ui.managehandoverstile.view.Mastersap.m.Text{\"text\":\"Manage Handovers\"}"}]}
RESULT: {"script":"<script> [1562 bytes]","args":[{"selector":{"controlType":"sap.m.Text","viewName":"etm.portal.ui.managehandoverstile.view.Master","properties":{"text":"Manage Handovers"},"interaction":{"idSuffix":"inner"}},"wdio_ui5_key":"etmportal.ui.managehandoverstile.view.Mastersap.m.Text{\"text\":\"Manage Handovers\"}"}]}
RESULT: undefined
COMMAND: POST /session/79689850af1d41ef46dc131fe5890470/element - {"using":"xpath","value":"//*[@id=\"__tile132-title\"]"}
RESULT: {"using":"xpath","value":"//*[@id=\"__tile132-title\"]"}
COMMAND: POST /session/79689850af1d41ef46dc131fe5890470/element/f.3A2B8E27F6B6549B06BE95D0839BE483.d.037D449D2D6277B7125F79859BF8BA3E.e.11486/click - {}
RESULT: {}
COMMAND: POST /session/79689850af1d41ef46dc131fe5890470/element - {"using":"xpath","value":"//button[@data-kt=\"masterHOAddButton\"]"}
COMMAND: GET /session/79689850af1d41ef46dc131fe5890470/screenshot - {}
RESULT: {"using":"xpath","value":"//button[@data-kt=\"masterHOAddButton\"]"}
COMMAND: POST /session/79689850af1d41ef46dc131fe5890470/elements - {"using":"xpath","value":"//button[@data-kt=\"masterHOAddButton\"]"}
RESULT: {}
RESULT: {"using":"xpath","value":"//button[@data-kt=\"masterHOAddButton\"]"}
COMMAND: POST /session/79689850af1d41ef46dc131fe5890470/elements - {"using":"xpath","value":"//button[@data-kt=\"masterHOAddButton\"]"}
RESULT: {"using":"xpath","value":"//button[@data-kt=\"masterHOAddButton\"]"}
COMMAND: POST /session/79689850af1d41ef46dc131fe5890470/elements - {"using":"xpath","value":"//button[@data-kt=\"masterHOAddButton\"]"}
RESULT: {"using":"xpath","value":"//button[@data-kt=\"masterHOAddButton\"]"}
COMMAND: POST /session/79689850af1d41ef46dc131fe5890470/elements - {"using":"xpath","value":"//button[@data-kt=\"masterHOAddButton\"]"}
RESULT: {"using":"xpath","value":"//button[@data-kt=\"masterHOAddButton\"]"}
COMMAND: POST /session/79689850af1d41ef46dc131fe5890470/elements - {"using":"xpath","value":"//button[@data-kt=\"masterHOAddButton\"]"}
RESULT: {"using":"xpath","value":"//button[@data-kt=\"masterHOAddButton\"]"}
COMMAND: POST /session/79689850af1d41ef46dc131fe5890470/elements - {"using":"xpath","value":"//button[@data-kt=\"masterHOAddButton\"]"}
RESULT: {"using":"xpath","value":"//button[@data-kt=\"masterHOAddButton\"]"}
COMMAND: POST /session/79689850af1d41ef46dc131fe5890470/elements - {"using":"xpath","value":"//button[@data-kt=\"masterHOAddButton\"]"}
RESULT: {"using":"xpath","value":"//button[@data-kt=\"masterHOAddButton\"]"}
COMMAND: POST /session/79689850af1d41ef46dc131fe5890470/elements - {"using":"xpath","value":"//button[@data-kt=\"masterHOAddButton\"]"}
RESULT: {"using":"xpath","value":"//button[@data-kt=\"masterHOAddButton\"]"}
COMMAND: POST /session/79689850af1d41ef46dc131fe5890470/elements - {"using":"xpath","value":"//button[@data-kt=\"masterHOAddButton\"]"}
RESULT: {"using":"xpath","value":"//button[@data-kt=\"masterHOAddButton\"]"}
COMMAND: POST /session/79689850af1d41ef46dc131fe5890470/elements - {"using":"xpath","value":"//button[@data-kt=\"masterHOAddButton\"]"}
RESULT: {"using":"xpath","value":"//button[@data-kt=\"masterHOAddButton\"]"}
COMMAND: POST /session/79689850af1d41ef46dc131fe5890470/elements - {"using":"xpath","value":"//button[@data-kt=\"masterHOAddButton\"]"}
RESULT: {"using":"xpath","value":"//button[@data-kt=\"masterHOAddButton\"]"}
COMMAND: POST /session/79689850af1d41ef46dc131fe5890470/elements - {"using":"xpath","value":"//button[@data-kt=\"masterHOAddButton\"]"}
RESULT: {"using":"xpath","value":"//button[@data-kt=\"masterHOAddButton\"]"}
COMMAND: POST /session/79689850af1d41ef46dc131fe5890470/elements - {"using":"xpath","value":"//button[@data-kt=\"masterHOAddButton\"]"}
RESULT: {"using":"xpath","value":"//button[@data-kt=\"masterHOAddButton\"]"}
COMMAND: POST /session/79689850af1d41ef46dc131fe5890470/elements - {"using":"xpath","value":"//button[@data-kt=\"masterHOAddButton\"]"}
RESULT: {"using":"xpath","value":"//button[@data-kt=\"masterHOAddButton\"]"}
COMMAND: POST /session/79689850af1d41ef46dc131fe5890470/elements - {"using":"xpath","value":"//button[@data-kt=\"masterHOAddButton\"]"}
RESULT: {"using":"xpath","value":"//button[@data-kt=\"masterHOAddButton\"]"}
COMMAND: POST /session/79689850af1d41ef46dc131fe5890470/elements - {"using":"xpath","value":"//button[@data-kt=\"masterHOAddButton\"]"}
RESULT: {"using":"xpath","value":"//button[@data-kt=\"masterHOAddButton\"]"}
COMMAND: POST /session/79689850af1d41ef46dc131fe5890470/element - {"using":"xpath","value":"//button[@data-kt=\"masterHOAddButton\"]"}
RESULT: {"using":"xpath","value":"//button[@data-kt=\"masterHOAddButton\"]"}
COMMAND: POST /session/79689850af1d41ef46dc131fe5890470/execute/sync - {"script":"<script> [8489 bytes]","args":[{"element-6066-11e4-a52e-4f735466cecf":"f.3A2B8E27F6B6549B06BE95D0839BE483.d.037D449D2D6277B7125F79859BF8BA3E.e.11527","ELEMENT":"f.3A2B8E27F6B6549B06BE95D0839BE483.d.037D449D2D6277B7125F79859BF8BA3E.e.11527"}]}
RESULT: {"script":"<script> [8489 bytes]","args":[{"element-6066-11e4-a52e-4f735466cecf":"f.3A2B8E27F6B6549B06BE95D0839BE483.d.037D449D2D6277B7125F79859BF8BA3E.e.11527","ELEMENT":"f.3A2B8E27F6B6549B06BE95D0839BE483.d.037D449D2D6277B7125F79859BF8BA3E.e.11527"}]}
COMMAND: GET /session/79689850af1d41ef46dc131fe5890470/element/f.3A2B8E27F6B6549B06BE95D0839BE483.d.037D449D2D6277B7125F79859BF8BA3E.e.11527/enabled - {}
COMMAND: GET /session/79689850af1d41ef46dc131fe5890470/screenshot - {}
RESULT: {}
COMMAND: POST /session/79689850af1d41ef46dc131fe5890470/execute/sync - {"script":"<script> [8489 bytes]","args":[{"element-6066-11e4-a52e-4f735466cecf":"f.3A2B8E27F6B6549B06BE95D0839BE483.d.037D449D2D6277B7125F79859BF8BA3E.e.11527","ELEMENT":"f.3A2B8E27F6B6549B06BE95D0839BE483.d.037D449D2D6277B7125F79859BF8BA3E.e.11527"}]}
COMMAND: GET /session/79689850af1d41ef46dc131fe5890470/screenshot - {}
RESULT: {}
RESULT: {"script":"<script> [8489 bytes]","args":[{"element-6066-11e4-a52e-4f735466cecf":"f.3A2B8E27F6B6549B06BE95D0839BE483.d.037D449D2D6277B7125F79859BF8BA3E.e.11527","ELEMENT":"f.3A2B8E27F6B6549B06BE95D0839BE483.d.037D449D2D6277B7125F79859BF8BA3E.e.11527"}]}
COMMAND: POST /session/79689850af1d41ef46dc131fe5890470/execute/sync - {"script":"<script> [5351 bytes]","args":[{"element-6066-11e4-a52e-4f735466cecf":"f.3A2B8E27F6B6549B06BE95D0839BE483.d.037D449D2D6277B7125F79859BF8BA3E.e.11527","ELEMENT":"f.3A2B8E27F6B6549B06BE95D0839BE483.d.037D449D2D6277B7125F79859BF8BA3E.e.11527"}]}
COMMAND: GET /session/79689850af1d41ef46dc131fe5890470/screenshot - {}
RESULT: {}
RESULT: {"script":"<script> [5351 bytes]","args":[{"element-6066-11e4-a52e-4f735466cecf":"f.3A2B8E27F6B6549B06BE95D0839BE483.d.037D449D2D6277B7125F79859BF8BA3E.e.11527","ELEMENT":"f.3A2B8E27F6B6549B06BE95D0839BE483.d.037D449D2D6277B7125F79859BF8BA3E.e.11527"}]}
COMMAND: POST /session/79689850af1d41ef46dc131fe5890470/element/f.3A2B8E27F6B6549B06BE95D0839BE483.d.037D449D2D6277B7125F79859BF8BA3E.e.11527/click - {}
COMMAND: GET /session/79689850af1d41ef46dc131fe5890470/screenshot - {}
RESULT: {}
RESULT: {}
COMMAND: GET /session/79689850af1d41ef46dc131fe5890470/screenshot - {}
RESULT: {}
COMMAND: POST /session/79689850af1d41ef46dc131fe5890470/element - {"using":"xpath","value":"//span[contains(@id ,\"AddNewHO--typeSelect-arrow\")]"}
RESULT: {}
RESULT: {"using":"xpath","value":"//span[contains(@id ,\"AddNewHO--typeSelect-arrow\")]"}
COMMAND: POST /session/79689850af1d41ef46dc131fe5890470/element/f.3A2B8E27F6B6549B06BE95D0839BE483.d.037D449D2D6277B7125F79859BF8BA3E.e.11886/click - {}
RESULT: {}
COMMAND: GET /session/79689850af1d41ef46dc131fe5890470/screenshot - {}
RESULT: {}
COMMAND: POST /session/79689850af1d41ef46dc131fe5890470/element - {"using":"xpath","value":"(//li[contains(text(), \"stock increase yard\")])[1]"}
RESULT: {"using":"xpath","value":"(//li[contains(text(), \"stock increase yard\")])[1]"}
COMMAND: POST /session/79689850af1d41ef46dc131fe5890470/element/f.3A2B8E27F6B6549B06BE95D0839BE483.d.037D449D2D6277B7125F79859BF8BA3E.e.11887/click - {}
RESULT: {}
COMMAND: GET /session/79689850af1d41ef46dc131fe5890470/screenshot - {}
RESULT: {}
COMMAND: POST /session/79689850af1d41ef46dc131fe5890470/execute/async - {"script":"<script> [1562 bytes]","args":[{"selector":{"id":"application-managehandovers-display-component---AddNewHO--dueDate","interaction":{"idSuffix":"inner"}},"wdio_ui5_key":"applicationmanagehandovers-display-component---AddNewHO--dueDate"}]}
RESULT: {"script":"<script> [1562 bytes]","args":[{"selector":{"id":"application-managehandovers-display-component---AddNewHO--dueDate","interaction":{"idSuffix":"inner"}},"wdio_ui5_key":"applicationmanagehandovers-display-component---AddNewHO--dueDate"}]}
RESULT: undefined
COMMAND: POST /session/79689850af1d41ef46dc131fe5890470/execute/async - {"script":"<script> [6424 bytes]","args":[{"element-6066-11e4-a52e-4f735466cecf":"f.3A2B8E27F6B6549B06BE95D0839BE483.d.037D449D2D6277B7125F79859BF8BA3E.e.11889"},"setValue",["05/02/2025"]]}
RESULT: {"script":"<script> [6424 bytes]","args":[{"element-6066-11e4-a52e-4f735466cecf":"f.3A2B8E27F6B6549B06BE95D0839BE483.d.037D449D2D6277B7125F79859BF8BA3E.e.11889"},"setValue",["05/02/2025"]]}
COMMAND: POST /session/79689850af1d41ef46dc131fe5890470/element - {"using":"xpath","value":"//input[@id=\"generalSectionFrg--receiveYard-inner\"]"}
RESULT: {"using":"xpath","value":"//input[@id=\"generalSectionFrg--receiveYard-inner\"]"}
COMMAND: POST /session/79689850af1d41ef46dc131fe5890470/element/f.3A2B8E27F6B6549B06BE95D0839BE483.d.037D449D2D6277B7125F79859BF8BA3E.e.11895/clear - {}
RESULT: {}
COMMAND: POST /session/79689850af1d41ef46dc131fe5890470/element/f.3A2B8E27F6B6549B06BE95D0839BE483.d.037D449D2D6277B7125F79859BF8BA3E.e.11895/value - {"text":"496"}
COMMAND: GET /session/79689850af1d41ef46dc131fe5890470/screenshot - {}
RESULT: {"text":"496"}
COMMAND: GET /session/79689850af1d41ef46dc131fe5890470/screenshot - {}
RESULT: {}
RESULT: {}
COMMAND: POST /session/79689850af1d41ef46dc131fe5890470/element - {"using":"xpath","value":"//li[.//span[text()='496']]"}
RESULT: {"using":"xpath","value":"//li[.//span[text()='496']]"}
COMMAND: POST /session/79689850af1d41ef46dc131fe5890470/element/f.3A2B8E27F6B6549B06BE95D0839BE483.d.037D449D2D6277B7125F79859BF8BA3E.e.11911/click - {}
RESULT: {}
COMMAND: GET /session/79689850af1d41ef46dc131fe5890470/screenshot - {}
RESULT: {}
COMMAND: POST /session/79689850af1d41ef46dc131fe5890470/execute/async - {"script":"<script> [1562 bytes]","args":[{"selector":{"id":"application-managehandovers-display-component---AddNewHO--ObjectPageLayout-anchBar-application-managehandovers-display-component---AddNewHO--section4-anchor","interaction":{"idSuffix":"BDI-content"}},"wdio_ui5_key":"applicationmanagehandovers-display-component---AddNewHO--ObjectPageLayout-anchBar-application-managehandovers-display-component---AddNewHO--section4-anchor"}]}
RESULT: {"script":"<script> [1562 bytes]","args":[{"selector":{"id":"application-managehandovers-display-component---AddNewHO--ObjectPageLayout-anchBar-application-managehandovers-display-component---AddNewHO--section4-anchor","interaction":{"idSuffix":"BDI-content"}},"wdio_ui5_key":"applicationmanagehandovers-display-component---AddNewHO--ObjectPageLayout-anchBar-application-managehandovers-display-component---AddNewHO--section4-anchor"}]}
RESULT: undefined
COMMAND: POST /session/79689850af1d41ef46dc131fe5890470/element - {"using":"xpath","value":"//*[@id=\"application-managehandovers-display-component---AddNewHO--ObjectPageLayout-anchBar-application-managehandovers-display-component---AddNewHO--section4-anchor\"]"}
RESULT: {"using":"xpath","value":"//*[@id=\"application-managehandovers-display-component---AddNewHO--ObjectPageLayout-anchBar-application-managehandovers-display-component---AddNewHO--section4-anchor\"]"}
COMMAND: POST /session/79689850af1d41ef46dc131fe5890470/element/f.3A2B8E27F6B6549B06BE95D0839BE483.d.037D449D2D6277B7125F79859BF8BA3E.e.11913/click - {}
RESULT: {}
COMMAND: POST /session/79689850af1d41ef46dc131fe5890470/element - {"using":"xpath","value":"//button[@aria-label=\"Add\"]"}
COMMAND: GET /session/79689850af1d41ef46dc131fe5890470/screenshot - {}
RESULT: {"using":"xpath","value":"//button[@aria-label=\"Add\"]"}
COMMAND: POST /session/79689850af1d41ef46dc131fe5890470/element/f.3A2B8E27F6B6549B06BE95D0839BE483.d.037D449D2D6277B7125F79859BF8BA3E.e.11915/click - {}
RESULT: {}
RESULT: {}
COMMAND: GET /session/79689850af1d41ef46dc131fe5890470/screenshot - {}
RESULT: {}
COMMAND: POST /session/79689850af1d41ef46dc131fe5890470/execute/async - {"script":"<script> [1562 bytes]","args":[{"selector":{"id":"application-managehandovers-display-component---AddNewHO--smartFilterBar-btnBasicSearch","searchOpenDialogs":true,"interaction":{"idSuffix":"I"}},"wdio_ui5_key":"applicationmanagehandovers-display-component---AddNewHO--smartFilterBar-btnBasicSearch"}]}
RESULT: {"script":"<script> [1562 bytes]","args":[{"selector":{"id":"application-managehandovers-display-component---AddNewHO--smartFilterBar-btnBasicSearch","searchOpenDialogs":true,"interaction":{"idSuffix":"I"}},"wdio_ui5_key":"applicationmanagehandovers-display-component---AddNewHO--smartFilterBar-btnBasicSearch"}]}
RESULT: undefined
COMMAND: POST /session/79689850af1d41ef46dc131fe5890470/execute/async - {"script":"<script> [776 bytes]","args":[{"enterText":"1vUQspUVcJ","selector":{"id":"application-managehandovers-display-component---AddNewHO--smartFilterBar-btnBasicSearch","searchOpenDialogs":true,"interaction":{"idSuffix":"I"}},"clearTextFirst":true,"interactionType":"ENTER_TEXT"}]}
RESULT: {"script":"<script> [776 bytes]","args":[{"enterText":"1vUQspUVcJ","selector":{"id":"application-managehandovers-display-component---AddNewHO--smartFilterBar-btnBasicSearch","searchOpenDialogs":true,"interaction":{"idSuffix":"I"}},"clearTextFirst":true,"interactionType":"ENTER_TEXT"}]}
COMMAND: POST /session/79689850af1d41ef46dc131fe5890470/actions - {"actions":[{"id":"action44","type":"key","parameters":{},"actions":[{"type":"keyDown","value":"î€‡"},{"type":"pause","duration":10},{"type":"keyUp","value":"î€‡"}]}]}
RESULT: {"actions":[{"id":"action44","type":"key","parameters":{},"actions":[{"type":"keyDown","value":"î€‡"},{"type":"pause","duration":10},{"type":"keyUp","value":"î€‡"}]}]}
COMMAND: GET /session/79689850af1d41ef46dc131fe5890470/screenshot - {}
RESULT: {}
COMMAND: POST /session/79689850af1d41ef46dc131fe5890470/execute/async - {"script":"<script> [1562 bytes]","args":[{"selector":{"id":"application-managehandovers-display-component---AddNewHO--popup-sa","searchOpenDialogs":true,"interaction":{"idSuffix":"CbBg"}},"wdio_ui5_key":"applicationmanagehandovers-display-component---AddNewHO--popup-sa"}]}
RESULT: {"script":"<script> [1562 bytes]","args":[{"selector":{"id":"application-managehandovers-display-component---AddNewHO--popup-sa","searchOpenDialogs":true,"interaction":{"idSuffix":"CbBg"}},"wdio_ui5_key":"applicationmanagehandovers-display-component---AddNewHO--popup-sa"}]}
RESULT: undefined
COMMAND: POST /session/79689850af1d41ef46dc131fe5890470/element - {"using":"xpath","value":"//*[@id=\"application-managehandovers-display-component---AddNewHO--popup-sa\"]"}
RESULT: {"using":"xpath","value":"//*[@id=\"application-managehandovers-display-component---AddNewHO--popup-sa\"]"}
COMMAND: POST /session/79689850af1d41ef46dc131fe5890470/element/f.3A2B8E27F6B6549B06BE95D0839BE483.d.037D449D2D6277B7125F79859BF8BA3E.e.12069/click - {}
RESULT: {}
COMMAND: GET /session/79689850af1d41ef46dc131fe5890470/screenshot - {}
RESULT: {}
COMMAND: POST /session/79689850af1d41ef46dc131fe5890470/element - {"using":"xpath","value":"//bdi[contains(text(), \"Select\")]"}
RESULT: {"using":"xpath","value":"//bdi[contains(text(), \"Select\")]"}
COMMAND: POST /session/79689850af1d41ef46dc131fe5890470/element/f.3A2B8E27F6B6549B06BE95D0839BE483.d.037D449D2D6277B7125F79859BF8BA3E.e.12070/click - {}
RESULT: {}
COMMAND: GET /session/79689850af1d41ef46dc131fe5890470/screenshot - {}
RESULT: {}
COMMAND: POST /session/79689850af1d41ef46dc131fe5890470/element - {"using":"xpath","value":"//button[@data-kt=\"AddNewHOSaveButton\"]"}
RESULT: {"using":"xpath","value":"//button[@data-kt=\"AddNewHOSaveButton\"]"}
COMMAND: POST /session/79689850af1d41ef46dc131fe5890470/element/f.3A2B8E27F6B6549B06BE95D0839BE483.d.037D449D2D6277B7125F79859BF8BA3E.e.12074/click - {}
RESULT: {}
COMMAND: GET /session/79689850af1d41ef46dc131fe5890470/screenshot - {}
RESULT: {}
COMMAND: POST /session/79689850af1d41ef46dc131fe5890470/execute/async - {"script":"<script> [1562 bytes]","args":[{"selector":{"id":"receiptDatePicker","viewName":"etm.portal.ui.managehandovers.view.DetailExecuteHO","interaction":{"idSuffix":"inner"}},"wdio_ui5_key":"receiptDatePickeretmportal.ui.managehandovers.view.DetailExecuteHO"}]}
RESULT: {"script":"<script> [1562 bytes]","args":[{"selector":{"id":"receiptDatePicker","viewName":"etm.portal.ui.managehandovers.view.DetailExecuteHO","interaction":{"idSuffix":"inner"}},"wdio_ui5_key":"receiptDatePickeretmportal.ui.managehandovers.view.DetailExecuteHO"}]}
RESULT: undefined
COMMAND: POST /session/79689850af1d41ef46dc131fe5890470/execute/async - {"script":"<script> [6424 bytes]","args":[{"element-6066-11e4-a52e-4f735466cecf":"f.3A2B8E27F6B6549B06BE95D0839BE483.d.037D449D2D6277B7125F79859BF8BA3E.e.12105"},"setValue",["05/02/2025"]]}
RESULT: {"script":"<script> [6424 bytes]","args":[{"element-6066-11e4-a52e-4f735466cecf":"f.3A2B8E27F6B6549B06BE95D0839BE483.d.037D449D2D6277B7125F79859BF8BA3E.e.12105"},"setValue",["05/02/2025"]]}
COMMAND: POST /session/79689850af1d41ef46dc131fe5890470/element - {"using":"xpath","value":"//button[@data-kt=\"PickingTableConfirmAllButton\"]"}
RESULT: {"using":"xpath","value":"//button[@data-kt=\"PickingTableConfirmAllButton\"]"}
COMMAND: POST /session/79689850af1d41ef46dc131fe5890470/element/f.3A2B8E27F6B6549B06BE95D0839BE483.d.037D449D2D6277B7125F79859BF8BA3E.e.12121/click - {}
RESULT: {}
COMMAND: GET /session/79689850af1d41ef46dc131fe5890470/screenshot - {}
RESULT: {}
COMMAND: POST /session/79689850af1d41ef46dc131fe5890470/element - {"using":"xpath","value":"//bdi[contains(text(), \"OK\")]"}
RESULT: {"using":"xpath","value":"//bdi[contains(text(), \"OK\")]"}
COMMAND: POST /session/79689850af1d41ef46dc131fe5890470/element/f.3A2B8E27F6B6549B06BE95D0839BE483.d.037D449D2D6277B7125F79859BF8BA3E.e.12123/click - {}
RESULT: {}
COMMAND: GET /session/79689850af1d41ef46dc131fe5890470/screenshot - {}
RESULT: {}
COMMAND: POST /session/79689850af1d41ef46dc131fe5890470/element - {"using":"xpath","value":"(//bdi[contains(text(), \"Receive\")])[2]"}
RESULT: {"using":"xpath","value":"(//bdi[contains(text(), \"Receive\")])[2]"}
COMMAND: POST /session/79689850af1d41ef46dc131fe5890470/element/f.3A2B8E27F6B6549B06BE95D0839BE483.d.037D449D2D6277B7125F79859BF8BA3E.e.12125/click - {}
RESULT: {}
COMMAND: GET /session/79689850af1d41ef46dc131fe5890470/screenshot - {}
RESULT: {}
COMMAND: POST /session/79689850af1d41ef46dc131fe5890470/element - {"using":"css selector","value":"#shell-header-logo"}
RESULT: {"using":"css selector","value":"#shell-header-logo"}
COMMAND: POST /session/79689850af1d41ef46dc131fe5890470/element/f.3A2B8E27F6B6549B06BE95D0839BE483.d.037D449D2D6277B7125F79859BF8BA3E.e.11488/click - {}
RESULT: {}
COMMAND: GET /session/79689850af1d41ef46dc131fe5890470/screenshot - {}
RESULT: {}
]]></system-out>
    </testcase>
    <testcase classname="chrome.135_0_7049_96.windows.Create_master_data_for_mixed_billing_&amp;_do_billing_calculation_US151661" name="Should create a new contract" time="53.312">
      <system-out><![CDATA[
COMMAND: POST /session/79689850af1d41ef46dc131fe5890470/execute/async - {"script":"<script> [1562 bytes]","args":[{"selector":{"controlType":"sap.m.Text","viewName":"etm.portal.ui.managecontractstile.view.Master","properties":{"text":"Manage Contracts"},"interaction":{"idSuffix":"inner"}},"wdio_ui5_key":"etmportal.ui.managecontractstile.view.Mastersap.m.Text{\"text\":\"Manage Contracts\"}"}]}
RESULT: {"script":"<script> [1562 bytes]","args":[{"selector":{"controlType":"sap.m.Text","viewName":"etm.portal.ui.managecontractstile.view.Master","properties":{"text":"Manage Contracts"},"interaction":{"idSuffix":"inner"}},"wdio_ui5_key":"etmportal.ui.managecontractstile.view.Mastersap.m.Text{\"text\":\"Manage Contracts\"}"}]}
RESULT: undefined
COMMAND: POST /session/79689850af1d41ef46dc131fe5890470/element - {"using":"xpath","value":"//*[@id=\"__tile130-title\"]"}
RESULT: {"using":"xpath","value":"//*[@id=\"__tile130-title\"]"}
COMMAND: POST /session/79689850af1d41ef46dc131fe5890470/element/f.3A2B8E27F6B6549B06BE95D0839BE483.d.037D449D2D6277B7125F79859BF8BA3E.e.12410/click - {}
RESULT: {}
COMMAND: GET /session/79689850af1d41ef46dc131fe5890470/screenshot - {}
RESULT: {}
COMMAND: POST /session/79689850af1d41ef46dc131fe5890470/element - {"using":"xpath","value":"//button[@data-kt=\"addButton\"]"}
RESULT: {"using":"xpath","value":"//button[@data-kt=\"addButton\"]"}
COMMAND: POST /session/79689850af1d41ef46dc131fe5890470/elements - {"using":"xpath","value":"//button[@data-kt=\"addButton\"]"}
RESULT: {"using":"xpath","value":"//button[@data-kt=\"addButton\"]"}
COMMAND: POST /session/79689850af1d41ef46dc131fe5890470/execute/sync - {"script":"<script> [8489 bytes]","args":[{"element-6066-11e4-a52e-4f735466cecf":"f.3A2B8E27F6B6549B06BE95D0839BE483.d.037D449D2D6277B7125F79859BF8BA3E.e.12479","ELEMENT":"f.3A2B8E27F6B6549B06BE95D0839BE483.d.037D449D2D6277B7125F79859BF8BA3E.e.12479"}]}
RESULT: {"script":"<script> [8489 bytes]","args":[{"element-6066-11e4-a52e-4f735466cecf":"f.3A2B8E27F6B6549B06BE95D0839BE483.d.037D449D2D6277B7125F79859BF8BA3E.e.12479","ELEMENT":"f.3A2B8E27F6B6549B06BE95D0839BE483.d.037D449D2D6277B7125F79859BF8BA3E.e.12479"}]}
COMMAND: GET /session/79689850af1d41ef46dc131fe5890470/element/f.3A2B8E27F6B6549B06BE95D0839BE483.d.037D449D2D6277B7125F79859BF8BA3E.e.12479/enabled - {}
COMMAND: GET /session/79689850af1d41ef46dc131fe5890470/screenshot - {}
RESULT: {}
COMMAND: POST /session/79689850af1d41ef46dc131fe5890470/execute/sync - {"script":"<script> [8489 bytes]","args":[{"element-6066-11e4-a52e-4f735466cecf":"f.3A2B8E27F6B6549B06BE95D0839BE483.d.037D449D2D6277B7125F79859BF8BA3E.e.12479","ELEMENT":"f.3A2B8E27F6B6549B06BE95D0839BE483.d.037D449D2D6277B7125F79859BF8BA3E.e.12479"}]}
COMMAND: GET /session/79689850af1d41ef46dc131fe5890470/screenshot - {}
RESULT: {}
RESULT: {"script":"<script> [8489 bytes]","args":[{"element-6066-11e4-a52e-4f735466cecf":"f.3A2B8E27F6B6549B06BE95D0839BE483.d.037D449D2D6277B7125F79859BF8BA3E.e.12479","ELEMENT":"f.3A2B8E27F6B6549B06BE95D0839BE483.d.037D449D2D6277B7125F79859BF8BA3E.e.12479"}]}
COMMAND: POST /session/79689850af1d41ef46dc131fe5890470/execute/sync - {"script":"<script> [5351 bytes]","args":[{"element-6066-11e4-a52e-4f735466cecf":"f.3A2B8E27F6B6549B06BE95D0839BE483.d.037D449D2D6277B7125F79859BF8BA3E.e.12479","ELEMENT":"f.3A2B8E27F6B6549B06BE95D0839BE483.d.037D449D2D6277B7125F79859BF8BA3E.e.12479"}]}
COMMAND: GET /session/79689850af1d41ef46dc131fe5890470/screenshot - {}
RESULT: {}
RESULT: {"script":"<script> [5351 bytes]","args":[{"element-6066-11e4-a52e-4f735466cecf":"f.3A2B8E27F6B6549B06BE95D0839BE483.d.037D449D2D6277B7125F79859BF8BA3E.e.12479","ELEMENT":"f.3A2B8E27F6B6549B06BE95D0839BE483.d.037D449D2D6277B7125F79859BF8BA3E.e.12479"}]}
COMMAND: GET /session/79689850af1d41ef46dc131fe5890470/screenshot - {}
RESULT: {}
RESULT: {}
COMMAND: POST /session/79689850af1d41ef46dc131fe5890470/element/f.3A2B8E27F6B6549B06BE95D0839BE483.d.037D449D2D6277B7125F79859BF8BA3E.e.12479/click - {}
RESULT: {}
COMMAND: GET /session/79689850af1d41ef46dc131fe5890470/screenshot - {}
RESULT: {}
COMMAND: POST /session/79689850af1d41ef46dc131fe5890470/execute/async - {"script":"<script> [1562 bytes]","args":[{"selector":{"id":"application-managecontracts-display-component---AddNewContract--projectDescription","interaction":{"idSuffix":"inner"}},"wdio_ui5_key":"applicationmanagecontracts-display-component---AddNewContract--projectDescription"}]}
RESULT: {"script":"<script> [1562 bytes]","args":[{"selector":{"id":"application-managecontracts-display-component---AddNewContract--projectDescription","interaction":{"idSuffix":"inner"}},"wdio_ui5_key":"applicationmanagecontracts-display-component---AddNewContract--projectDescription"}]}
RESULT: undefined
COMMAND: POST /session/79689850af1d41ef46dc131fe5890470/execute/async - {"script":"<script> [776 bytes]","args":[{"enterText":"Mixed Contract WDIO","selector":{"id":"application-managecontracts-display-component---AddNewContract--projectDescription","interaction":{"idSuffix":"inner"}},"clearTextFirst":true,"interactionType":"ENTER_TEXT"}]}
RESULT: {"script":"<script> [776 bytes]","args":[{"enterText":"Mixed Contract WDIO","selector":{"id":"application-managecontracts-display-component---AddNewContract--projectDescription","interaction":{"idSuffix":"inner"}},"clearTextFirst":true,"interactionType":"ENTER_TEXT"}]}
COMMAND: POST /session/79689850af1d41ef46dc131fe5890470/element - {"using":"xpath","value":"//input[@id=\"application-managecontracts-display-component---AddNewContract--site-inner\"]"}
RESULT: {"using":"xpath","value":"//input[@id=\"application-managecontracts-display-component---AddNewContract--site-inner\"]"}
COMMAND: POST /session/79689850af1d41ef46dc131fe5890470/element/f.3A2B8E27F6B6549B06BE95D0839BE483.d.037D449D2D6277B7125F79859BF8BA3E.e.12774/clear - {}
RESULT: {}
COMMAND: POST /session/79689850af1d41ef46dc131fe5890470/element/f.3A2B8E27F6B6549B06BE95D0839BE483.d.037D449D2D6277B7125F79859BF8BA3E.e.12774/value - {"text":"2331"}
COMMAND: GET /session/79689850af1d41ef46dc131fe5890470/screenshot - {}
RESULT: {"text":"2331"}
COMMAND: GET /session/79689850af1d41ef46dc131fe5890470/screenshot - {}
RESULT: {}
RESULT: {}
COMMAND: POST /session/79689850af1d41ef46dc131fe5890470/element - {"using":"xpath","value":"//li[.//span[text()='2331']]"}
RESULT: {"using":"xpath","value":"//li[.//span[text()='2331']]"}
COMMAND: POST /session/79689850af1d41ef46dc131fe5890470/element/f.3A2B8E27F6B6549B06BE95D0839BE483.d.037D449D2D6277B7125F79859BF8BA3E.e.12799/click - {}
RESULT: {}
COMMAND: GET /session/79689850af1d41ef46dc131fe5890470/screenshot - {}
RESULT: {}
COMMAND: POST /session/79689850af1d41ef46dc131fe5890470/element - {"using":"xpath","value":"//input[@id=\"application-managecontracts-display-component---AddNewContract--yardId-inner\"]"}
RESULT: {"using":"xpath","value":"//input[@id=\"application-managecontracts-display-component---AddNewContract--yardId-inner\"]"}
COMMAND: GET /session/79689850af1d41ef46dc131fe5890470/element/f.3A2B8E27F6B6549B06BE95D0839BE483.d.037D449D2D6277B7125F79859BF8BA3E.e.12775/property/value - {}
RESULT: {}
COMMAND: POST /session/79689850af1d41ef46dc131fe5890470/element - {"using":"xpath","value":"//input[@id=\"application-managecontracts-display-component---AddNewContract--customerSelect-inner\"]"}
COMMAND: GET /session/79689850af1d41ef46dc131fe5890470/screenshot - {}
RESULT: {"using":"xpath","value":"//input[@id=\"application-managecontracts-display-component---AddNewContract--customerSelect-inner\"]"}
COMMAND: POST /session/79689850af1d41ef46dc131fe5890470/element/f.3A2B8E27F6B6549B06BE95D0839BE483.d.037D449D2D6277B7125F79859BF8BA3E.e.12773/clear - {}
RESULT: {}
RESULT: {}
COMMAND: POST /session/79689850af1d41ef46dc131fe5890470/element/f.3A2B8E27F6B6549B06BE95D0839BE483.d.037D449D2D6277B7125F79859BF8BA3E.e.12773/value - {"text":"1370"}
COMMAND: GET /session/79689850af1d41ef46dc131fe5890470/screenshot - {}
RESULT: {"text":"1370"}
COMMAND: GET /session/79689850af1d41ef46dc131fe5890470/screenshot - {}
RESULT: {}
RESULT: {}
COMMAND: POST /session/79689850af1d41ef46dc131fe5890470/element - {"using":"xpath","value":"//li[.//span[text()='1370']]"}
RESULT: {"using":"xpath","value":"//li[.//span[text()='1370']]"}
COMMAND: POST /session/79689850af1d41ef46dc131fe5890470/element/f.3A2B8E27F6B6549B06BE95D0839BE483.d.037D449D2D6277B7125F79859BF8BA3E.e.12802/click - {}
RESULT: {}
COMMAND: GET /session/79689850af1d41ef46dc131fe5890470/screenshot - {}
RESULT: {}
COMMAND: POST /session/79689850af1d41ef46dc131fe5890470/element - {"using":"xpath","value":"//button[@data-kt=\"saveButton\"]"}
RESULT: {"using":"xpath","value":"//button[@data-kt=\"saveButton\"]"}
COMMAND: POST /session/79689850af1d41ef46dc131fe5890470/element/f.3A2B8E27F6B6549B06BE95D0839BE483.d.037D449D2D6277B7125F79859BF8BA3E.e.12791/click - {}
RESULT: {}
COMMAND: GET /session/79689850af1d41ef46dc131fe5890470/screenshot - {}
RESULT: {}
COMMAND: POST /session/79689850af1d41ef46dc131fe5890470/element - {"using":"xpath","value":"//span[contains(@id ,\"contractDetailTitleNoExpanded\")]"}
RESULT: {"using":"xpath","value":"//span[contains(@id ,\"contractDetailTitleNoExpanded\")]"}
COMMAND: POST /session/79689850af1d41ef46dc131fe5890470/elements - {"using":"xpath","value":"//span[contains(@id ,\"contractDetailTitleNoExpanded\")]"}
RESULT: {"using":"xpath","value":"//span[contains(@id ,\"contractDetailTitleNoExpanded\")]"}
COMMAND: POST /session/79689850af1d41ef46dc131fe5890470/execute/sync - {"script":"<script> [56 bytes]","args":[{"element-6066-11e4-a52e-4f735466cecf":"f.3A2B8E27F6B6549B06BE95D0839BE483.d.037D449D2D6277B7125F79859BF8BA3E.e.12874","ELEMENT":"f.3A2B8E27F6B6549B06BE95D0839BE483.d.037D449D2D6277B7125F79859BF8BA3E.e.12874"}]}
RESULT: {"script":"<script> [56 bytes]","args":[{"element-6066-11e4-a52e-4f735466cecf":"f.3A2B8E27F6B6549B06BE95D0839BE483.d.037D449D2D6277B7125F79859BF8BA3E.e.12874","ELEMENT":"f.3A2B8E27F6B6549B06BE95D0839BE483.d.037D449D2D6277B7125F79859BF8BA3E.e.12874"}]}
COMMAND: GET /session/79689850af1d41ef46dc131fe5890470/screenshot - {}
RESULT: {}
]]></system-out>
    </testcase>
    <testcase classname="chrome.135_0_7049_96.windows.Create_master_data_for_mixed_billing_&amp;_do_billing_calculation_US151661" name="Should add equipment to the contract" time="46.348">
      <system-out><![CDATA[
COMMAND: POST /session/79689850af1d41ef46dc131fe5890470/element - {"using":"xpath","value":"//button[@data-kt=\"contractDetailEditBtnButton\"]"}
RESULT: {"using":"xpath","value":"//button[@data-kt=\"contractDetailEditBtnButton\"]"}
COMMAND: POST /session/79689850af1d41ef46dc131fe5890470/element/f.3A2B8E27F6B6549B06BE95D0839BE483.d.037D449D2D6277B7125F79859BF8BA3E.e.12875/click - {}
RESULT: {}
COMMAND: GET /session/79689850af1d41ef46dc131fe5890470/screenshot - {}
RESULT: {}
COMMAND: POST /session/79689850af1d41ef46dc131fe5890470/element - {"using":"xpath","value":"(//span[contains(text(), \"Additional Addresses\")])[2]"}
RESULT: {"using":"xpath","value":"(//span[contains(text(), \"Additional Addresses\")])[2]"}
COMMAND: POST /session/79689850af1d41ef46dc131fe5890470/element/f.3A2B8E27F6B6549B06BE95D0839BE483.d.037D449D2D6277B7125F79859BF8BA3E.e.12929/click - {}
RESULT: {}
COMMAND: GET /session/79689850af1d41ef46dc131fe5890470/screenshot - {}
RESULT: {}
COMMAND: POST /session/79689850af1d41ef46dc131fe5890470/element - {"using":"xpath","value":"//button[@data-kt=\"btnAddTableRowOverflowToolbarButton\"]"}
RESULT: {"using":"xpath","value":"//button[@data-kt=\"btnAddTableRowOverflowToolbarButton\"]"}
COMMAND: POST /session/79689850af1d41ef46dc131fe5890470/element/f.3A2B8E27F6B6549B06BE95D0839BE483.d.037D449D2D6277B7125F79859BF8BA3E.e.12933/click - {}
RESULT: {}
COMMAND: GET /session/79689850af1d41ef46dc131fe5890470/screenshot - {}
RESULT: {}
COMMAND: POST /session/79689850af1d41ef46dc131fe5890470/element - {"using":"xpath","value":"//div[(text() = 'Standard Entry' or . = 'Standard Entry')]"}
RESULT: {"using":"xpath","value":"//div[(text() = 'Standard Entry' or . = 'Standard Entry')]"}
COMMAND: POST /session/79689850af1d41ef46dc131fe5890470/element/f.3A2B8E27F6B6549B06BE95D0839BE483.d.037D449D2D6277B7125F79859BF8BA3E.e.12935/click - {}
RESULT: {}
COMMAND: GET /session/79689850af1d41ef46dc131fe5890470/screenshot - {}
RESULT: {}
COMMAND: POST /session/79689850af1d41ef46dc131fe5890470/element - {"using":"xpath","value":"//td[7]/div/div/input"}
RESULT: {"using":"xpath","value":"//td[7]/div/div/input"}
COMMAND: POST /session/79689850af1d41ef46dc131fe5890470/element/f.3A2B8E27F6B6549B06BE95D0839BE483.d.037D449D2D6277B7125F79859BF8BA3E.e.12944/clear - {}
RESULT: {}
COMMAND: POST /session/79689850af1d41ef46dc131fe5890470/element/f.3A2B8E27F6B6549B06BE95D0839BE483.d.037D449D2D6277B7125F79859BF8BA3E.e.12944/value - {"text":"1vUQspUVcJ"}
COMMAND: GET /session/79689850af1d41ef46dc131fe5890470/screenshot - {}
RESULT: {"text":"1vUQspUVcJ"}
COMMAND: GET /session/79689850af1d41ef46dc131fe5890470/screenshot - {}
RESULT: {}
RESULT: {}
COMMAND: POST /session/79689850af1d41ef46dc131fe5890470/actions - {"actions":[{"id":"action45","type":"key","parameters":{},"actions":[{"type":"keyDown","value":"î€‡"},{"type":"pause","duration":10},{"type":"keyUp","value":"î€‡"}]}]}
RESULT: {"actions":[{"id":"action45","type":"key","parameters":{},"actions":[{"type":"keyDown","value":"î€‡"},{"type":"pause","duration":10},{"type":"keyUp","value":"î€‡"}]}]}
COMMAND: GET /session/79689850af1d41ef46dc131fe5890470/screenshot - {}
RESULT: {}
COMMAND: POST /session/79689850af1d41ef46dc131fe5890470/execute/sync - {"script":"<script> [276 bytes]","args":["No pricing information was found"]}
RESULT: {"script":"<script> [276 bytes]","args":["No pricing information was found"]}
COMMAND: POST /session/79689850af1d41ef46dc131fe5890470/element - {"using":"xpath","value":"(//button[@data-kt=\"saveButton\"])[2]"}
COMMAND: GET /session/79689850af1d41ef46dc131fe5890470/screenshot - {}
RESULT: {"using":"xpath","value":"(//button[@data-kt=\"saveButton\"])[2]"}
COMMAND: POST /session/79689850af1d41ef46dc131fe5890470/element/f.3A2B8E27F6B6549B06BE95D0839BE483.d.037D449D2D6277B7125F79859BF8BA3E.e.12959/click - {}
RESULT: {}
RESULT: {}
COMMAND: GET /session/79689850af1d41ef46dc131fe5890470/screenshot - {}
RESULT: {}
COMMAND: POST /session/79689850af1d41ef46dc131fe5890470/execute/sync - {"script":"<script> [276 bytes]","args":["Some contract items are having rental validity exceeding header rental validity"]}
RESULT: {"script":"<script> [276 bytes]","args":["Some contract items are having rental validity exceeding header rental validity"]}
COMMAND: GET /session/79689850af1d41ef46dc131fe5890470/screenshot - {}
RESULT: {}
COMMAND: POST /session/79689850af1d41ef46dc131fe5890470/element - {"using":"xpath","value":"//span[contains(@id ,\"contractItemsSmartTable-header-inner\")]"}
RESULT: {"using":"xpath","value":"//span[contains(@id ,\"contractItemsSmartTable-header-inner\")]"}
COMMAND: POST /session/79689850af1d41ef46dc131fe5890470/elements - {"using":"xpath","value":"//span[contains(@id ,\"contractItemsSmartTable-header-inner\")]"}
RESULT: {"using":"xpath","value":"//span[contains(@id ,\"contractItemsSmartTable-header-inner\")]"}
COMMAND: POST /session/79689850af1d41ef46dc131fe5890470/execute/sync - {"script":"<script> [56 bytes]","args":[{"element-6066-11e4-a52e-4f735466cecf":"f.3A2B8E27F6B6549B06BE95D0839BE483.d.037D449D2D6277B7125F79859BF8BA3E.e.12965","ELEMENT":"f.3A2B8E27F6B6549B06BE95D0839BE483.d.037D449D2D6277B7125F79859BF8BA3E.e.12965"}]}
RESULT: {"script":"<script> [56 bytes]","args":[{"element-6066-11e4-a52e-4f735466cecf":"f.3A2B8E27F6B6549B06BE95D0839BE483.d.037D449D2D6277B7125F79859BF8BA3E.e.12965","ELEMENT":"f.3A2B8E27F6B6549B06BE95D0839BE483.d.037D449D2D6277B7125F79859BF8BA3E.e.12965"}]}
]]></system-out>
    </testcase>
    <testcase classname="chrome.135_0_7049_96.windows.Create_master_data_for_mixed_billing_&amp;_do_billing_calculation_US151661" name="Should do a provide to site handover" time="57.359">
      <system-out><![CDATA[
COMMAND: POST /session/79689850af1d41ef46dc131fe5890470/element - {"using":"xpath","value":"//button[@data-kt=\"provideButton\"]"}
COMMAND: GET /session/79689850af1d41ef46dc131fe5890470/screenshot - {}
RESULT: {"using":"xpath","value":"//button[@data-kt=\"provideButton\"]"}
COMMAND: POST /session/79689850af1d41ef46dc131fe5890470/element/f.3A2B8E27F6B6549B06BE95D0839BE483.d.037D449D2D6277B7125F79859BF8BA3E.e.12966/click - {}
RESULT: {}
RESULT: {}
COMMAND: GET /session/79689850af1d41ef46dc131fe5890470/screenshot - {}
RESULT: {}
RESULT: undefined
COMMAND: POST /session/79689850af1d41ef46dc131fe5890470/execute/async - {"script":"<script> [6424 bytes]","args":[{"element-6066-11e4-a52e-4f735466cecf":"f.3A2B8E27F6B6549B06BE95D0839BE483.d.037D449D2D6277B7125F79859BF8BA3E.e.11889"},"setValue",["05/02/2025"]]}
COMMAND: POST /session/79689850af1d41ef46dc131fe5890470/execute/async - {"script":"<script> [1562 bytes]","args":[{"selector":{"id":"application-managehandovers-display-component---AddNewHO--dueDate","interaction":{"idSuffix":"inner"}},"wdio_ui5_key":"applicationmanagehandovers-display-component---AddNewHO--dueDate"}]}
RESULT: {"script":"<script> [1562 bytes]","args":[{"selector":{"id":"application-managehandovers-display-component---AddNewHO--dueDate","interaction":{"idSuffix":"inner"}},"wdio_ui5_key":"applicationmanagehandovers-display-component---AddNewHO--dueDate"}]}
COMMAND: POST /session/79689850af1d41ef46dc131fe5890470/execute/async - {"script":"<script> [6424 bytes]","args":[{"element-6066-11e4-a52e-4f735466cecf":"f.3A2B8E27F6B6549B06BE95D0839BE483.d.037D449D2D6277B7125F79859BF8BA3E.e.13023"},"setValue",["05/02/2025"]]}
RESULT: {"script":"<script> [6424 bytes]","args":[{"element-6066-11e4-a52e-4f735466cecf":"f.3A2B8E27F6B6549B06BE95D0839BE483.d.037D449D2D6277B7125F79859BF8BA3E.e.13023"},"setValue",["05/02/2025"]]}
COMMAND: POST /session/79689850af1d41ef46dc131fe5890470/element - {"using":"xpath","value":"//bdi[contains(text(), \"Instructions\")]"}
RESULT: {"using":"xpath","value":"//bdi[contains(text(), \"Instructions\")]"}
COMMAND: POST /session/79689850af1d41ef46dc131fe5890470/element/f.3A2B8E27F6B6549B06BE95D0839BE483.d.037D449D2D6277B7125F79859BF8BA3E.e.13277/click - {}
RESULT: {}
COMMAND: GET /session/79689850af1d41ef46dc131fe5890470/screenshot - {}
RESULT: {}
COMMAND: POST /session/79689850af1d41ef46dc131fe5890470/element - {"using":"xpath","value":"//button[@data-kt=\"AddNewHOProvideAddItemsButton\"]"}
RESULT: {"using":"xpath","value":"//button[@data-kt=\"AddNewHOProvideAddItemsButton\"]"}
COMMAND: POST /session/79689850af1d41ef46dc131fe5890470/element/f.3A2B8E27F6B6549B06BE95D0839BE483.d.037D449D2D6277B7125F79859BF8BA3E.e.13281/click - {}
RESULT: {}
COMMAND: GET /session/79689850af1d41ef46dc131fe5890470/screenshot - {}
RESULT: {}
RESULT: undefined
COMMAND: POST /session/79689850af1d41ef46dc131fe5890470/element - {"using":"xpath","value":"//*[@id=\"application-managehandovers-display-component---AddNewHO--popup-sa\"]"}
RESULT: {"using":"xpath","value":"//*[@id=\"application-managehandovers-display-component---AddNewHO--popup-sa\"]"}
COMMAND: POST /session/79689850af1d41ef46dc131fe5890470/element/f.3A2B8E27F6B6549B06BE95D0839BE483.d.037D449D2D6277B7125F79859BF8BA3E.e.13296/click - {}
RESULT: {}
COMMAND: GET /session/79689850af1d41ef46dc131fe5890470/screenshot - {}
RESULT: {}
COMMAND: POST /session/79689850af1d41ef46dc131fe5890470/element - {"using":"xpath","value":"//*[contains(@id ,\"BDI-content\")][contains(text(), \"Select\")]"}
RESULT: {"using":"xpath","value":"//*[contains(@id ,\"BDI-content\")][contains(text(), \"Select\")]"}
COMMAND: POST /session/79689850af1d41ef46dc131fe5890470/element/f.3A2B8E27F6B6549B06BE95D0839BE483.d.037D449D2D6277B7125F79859BF8BA3E.e.13298/click - {}
RESULT: {}
COMMAND: GET /session/79689850af1d41ef46dc131fe5890470/screenshot - {}
RESULT: {}
COMMAND: POST /session/79689850af1d41ef46dc131fe5890470/execute/async - {"script":"<script> [1562 bytes]","args":[{"selector":{"id":"application-managehandovers-display-component---AddNewHO--confirmCreationButton","interaction":{"idSuffix":"BDI-content"}},"wdio_ui5_key":"applicationmanagehandovers-display-component---AddNewHO--confirmCreationButton"}]}
RESULT: {"script":"<script> [1562 bytes]","args":[{"selector":{"id":"application-managehandovers-display-component---AddNewHO--confirmCreationButton","interaction":{"idSuffix":"BDI-content"}},"wdio_ui5_key":"applicationmanagehandovers-display-component---AddNewHO--confirmCreationButton"}]}
RESULT: undefined
COMMAND: POST /session/79689850af1d41ef46dc131fe5890470/element - {"using":"xpath","value":"//*[@id=\"application-managehandovers-display-component---AddNewHO--confirmCreationButton\"]"}
RESULT: {"using":"xpath","value":"//*[@id=\"application-managehandovers-display-component---AddNewHO--confirmCreationButton\"]"}
COMMAND: POST /session/79689850af1d41ef46dc131fe5890470/element/f.3A2B8E27F6B6549B06BE95D0839BE483.d.037D449D2D6277B7125F79859BF8BA3E.e.13089/click - {}
RESULT: {}
COMMAND: GET /session/79689850af1d41ef46dc131fe5890470/screenshot - {}
RESULT: {}
COMMAND: POST /session/79689850af1d41ef46dc131fe5890470/element - {"using":"xpath","value":"//button[@data-kt=\"PickingTableConfirmAllButton\"]"}
RESULT: {"using":"xpath","value":"//button[@data-kt=\"PickingTableConfirmAllButton\"]"}
COMMAND: POST /session/79689850af1d41ef46dc131fe5890470/element/f.3A2B8E27F6B6549B06BE95D0839BE483.d.037D449D2D6277B7125F79859BF8BA3E.e.13336/click - {}
COMMAND: POST /session/79689850af1d41ef46dc131fe5890470/element - {"using":"xpath","value":"//button[@data-kt=\"PickingTableConfirmAllButton\"]"}
RESULT: {"using":"xpath","value":"//button[@data-kt=\"PickingTableConfirmAllButton\"]"}
COMMAND: POST /session/79689850af1d41ef46dc131fe5890470/element/f.3A2B8E27F6B6549B06BE95D0839BE483.d.037D449D2D6277B7125F79859BF8BA3E.e.13336/click - {}
COMMAND: POST /session/79689850af1d41ef46dc131fe5890470/element - {"using":"xpath","value":"//button[@data-kt=\"PickingTableConfirmAllButton\"]"}
RESULT: {"using":"xpath","value":"//button[@data-kt=\"PickingTableConfirmAllButton\"]"}
COMMAND: POST /session/79689850af1d41ef46dc131fe5890470/element/f.3A2B8E27F6B6549B06BE95D0839BE483.d.037D449D2D6277B7125F79859BF8BA3E.e.13358/click - {}
RESULT: {}
COMMAND: GET /session/79689850af1d41ef46dc131fe5890470/screenshot - {}
RESULT: {}
COMMAND: POST /session/79689850af1d41ef46dc131fe5890470/element - {"using":"xpath","value":"//bdi[contains(text(), \"OK\")]"}
RESULT: {"using":"xpath","value":"//bdi[contains(text(), \"OK\")]"}
COMMAND: POST /session/79689850af1d41ef46dc131fe5890470/element/f.3A2B8E27F6B6549B06BE95D0839BE483.d.037D449D2D6277B7125F79859BF8BA3E.e.13360/click - {}
RESULT: {}
COMMAND: GET /session/79689850af1d41ef46dc131fe5890470/screenshot - {}
RESULT: {}
COMMAND: POST /session/79689850af1d41ef46dc131fe5890470/element - {"using":"xpath","value":"//bdi[contains(text(), \"Ok\")]"}
RESULT: {"using":"xpath","value":"//bdi[contains(text(), \"Ok\")]"}
COMMAND: POST /session/79689850af1d41ef46dc131fe5890470/element/f.3A2B8E27F6B6549B06BE95D0839BE483.d.037D449D2D6277B7125F79859BF8BA3E.e.13369/click - {}
RESULT: {}
COMMAND: GET /session/79689850af1d41ef46dc131fe5890470/screenshot - {}
RESULT: {}
COMMAND: POST /session/79689850af1d41ef46dc131fe5890470/element - {"using":"xpath","value":"//bdi[contains(text(), \"Issue\")]"}
RESULT: {"using":"xpath","value":"//bdi[contains(text(), \"Issue\")]"}
COMMAND: POST /session/79689850af1d41ef46dc131fe5890470/element/f.3A2B8E27F6B6549B06BE95D0839BE483.d.037D449D2D6277B7125F79859BF8BA3E.e.13371/click - {}
RESULT: {}
COMMAND: GET /session/79689850af1d41ef46dc131fe5890470/screenshot - {}
RESULT: {}
COMMAND: POST /session/79689850af1d41ef46dc131fe5890470/element - {"using":"css selector","value":"#shell-header-logo"}
RESULT: {"using":"css selector","value":"#shell-header-logo"}
COMMAND: POST /session/79689850af1d41ef46dc131fe5890470/element/f.3A2B8E27F6B6549B06BE95D0839BE483.d.037D449D2D6277B7125F79859BF8BA3E.e.12413/click - {}
RESULT: {}
COMMAND: GET /session/79689850af1d41ef46dc131fe5890470/screenshot - {}
RESULT: {}
]]></system-out>
    </testcase>
    <testcase classname="chrome.135_0_7049_96.windows.Create_master_data_for_mixed_billing_&amp;_do_billing_calculation_US151661" name="Should create a few performance documents" time="97.459">
      <system-out><![CDATA[
COMMAND: POST /session/79689850af1d41ef46dc131fe5890470/window/fullscreen - {}
RESULT: {}
COMMAND: POST /session/79689850af1d41ef46dc131fe5890470/execute/async - {"script":"<script> [1562 bytes]","args":[{"selector":{"controlType":"sap.m.GenericTile","properties":{"header":"Manage States & Performance"}},"wdio_ui5_key":"sapm.GenericTile{\"header\":\"Manage States & Performance\"}"}]}
RESULT: {"script":"<script> [1562 bytes]","args":[{"selector":{"controlType":"sap.m.GenericTile","properties":{"header":"Manage States & Performance"}},"wdio_ui5_key":"sapm.GenericTile{\"header\":\"Manage States & Performance\"}"}]}
RESULT: undefined
COMMAND: POST /session/79689850af1d41ef46dc131fe5890470/element - {"using":"xpath","value":"//*[@id=\"__tile96\"]"}
RESULT: {"using":"xpath","value":"//*[@id=\"__tile96\"]"}
COMMAND: POST /session/79689850af1d41ef46dc131fe5890470/element/f.3A2B8E27F6B6549B06BE95D0839BE483.d.037D449D2D6277B7125F79859BF8BA3E.e.8597/click - {}
RESULT: {}
COMMAND: POST /session/79689850af1d41ef46dc131fe5890470/execute/async - {"script":"<script> [1562 bytes]","args":[{"selector":{"id":"application-managestatesandperformance-display-component---stateAndPerform--smartFilterBarResources-btnBasicSearch","interaction":{"idSuffix":"I"}},"wdio_ui5_key":"applicationmanagestatesandperformance-display-component---stateAndPerform--smartFilterBarResources-btnBasicSearch"}]}
COMMAND: GET /session/79689850af1d41ef46dc131fe5890470/screenshot - {}
RESULT: {"script":"<script> [1562 bytes]","args":[{"selector":{"id":"application-managestatesandperformance-display-component---stateAndPerform--smartFilterBarResources-btnBasicSearch","interaction":{"idSuffix":"I"}},"wdio_ui5_key":"applicationmanagestatesandperformance-display-component---stateAndPerform--smartFilterBarResources-btnBasicSearch"}]}
RESULT: undefined
COMMAND: POST /session/79689850af1d41ef46dc131fe5890470/execute/async - {"script":"<script> [776 bytes]","args":[{"enterText":"1vUQspUVcJ","selector":{"id":"application-managestatesandperformance-display-component---stateAndPerform--smartFilterBarResources-btnBasicSearch","interaction":{"idSuffix":"I"}},"clearTextFirst":true,"interactionType":"ENTER_TEXT"}]}
RESULT: {}
RESULT: {"script":"<script> [776 bytes]","args":[{"enterText":"1vUQspUVcJ","selector":{"id":"application-managestatesandperformance-display-component---stateAndPerform--smartFilterBarResources-btnBasicSearch","interaction":{"idSuffix":"I"}},"clearTextFirst":true,"interactionType":"ENTER_TEXT"}]}
COMMAND: POST /session/79689850af1d41ef46dc131fe5890470/actions - {"actions":[{"id":"action46","type":"key","parameters":{},"actions":[{"type":"keyDown","value":"î€‡"},{"type":"pause","duration":10},{"type":"keyUp","value":"î€‡"}]}]}
RESULT: {"actions":[{"id":"action46","type":"key","parameters":{},"actions":[{"type":"keyDown","value":"î€‡"},{"type":"pause","duration":10},{"type":"keyUp","value":"î€‡"}]}]}
COMMAND: GET /session/79689850af1d41ef46dc131fe5890470/screenshot - {}
RESULT: {}
COMMAND: POST /session/79689850af1d41ef46dc131fe5890470/execute/async - {"script":"<script> [1562 bytes]","args":[{"selector":{"id":"application-managestatesandperformance-display-component---stateAndPerform--stateAndPerformResourcesSmartTable-header"},"wdio_ui5_key":"applicationmanagestatesandperformance-display-component---stateAndPerform--stateAndPerformResourcesSmartTable-header"}]}
RESULT: {"script":"<script> [1562 bytes]","args":[{"selector":{"id":"application-managestatesandperformance-display-component---stateAndPerform--stateAndPerformResourcesSmartTable-header"},"wdio_ui5_key":"applicationmanagestatesandperformance-display-component---stateAndPerform--stateAndPerformResourcesSmartTable-header"}]}
RESULT: undefined
COMMAND: POST /session/79689850af1d41ef46dc131fe5890470/execute/async - {"script":"<script> [6424 bytes]","args":[{"element-6066-11e4-a52e-4f735466cecf":"f.3A2B8E27F6B6549B06BE95D0839BE483.d.037D449D2D6277B7125F79859BF8BA3E.e.13653"},"getText",[]]}
RESULT: {"script":"<script> [6424 bytes]","args":[{"element-6066-11e4-a52e-4f735466cecf":"f.3A2B8E27F6B6549B06BE95D0839BE483.d.037D449D2D6277B7125F79859BF8BA3E.e.13653"},"getText",[]]}
COMMAND: POST /session/79689850af1d41ef46dc131fe5890470/execute/async - {"script":"<script> [1562 bytes]","args":[{"selector":{"controlType":"sap.ui.core.Icon","viewName":"etm.portal.ui.managestatesandperformance.view.Master","viewId":"application-managestatesandperformance-display-component---stateAndPerform","properties":{"src":{"regex":{"source":"slim\\-arrow\\-right"}}}},"wdio_ui5_key":"etmportal.ui.managestatesandperformance.view.Mastersap.ui.core.Icon{\"src\":{\"regex\":{\"source\":\"slim\\\\-arrow\\\\-right\"}}}"}]}
RESULT: {"script":"<script> [1562 bytes]","args":[{"selector":{"controlType":"sap.ui.core.Icon","viewName":"etm.portal.ui.managestatesandperformance.view.Master","viewId":"application-managestatesandperformance-display-component---stateAndPerform","properties":{"src":{"regex":{"source":"slim\\-arrow\\-right"}}}},"wdio_ui5_key":"etmportal.ui.managestatesandperformance.view.Mastersap.ui.core.Icon{\"src\":{\"regex\":{\"source\":\"slim\\\\-arrow\\\\-right\"}}}"}]}
RESULT: undefined
COMMAND: POST /session/79689850af1d41ef46dc131fe5890470/element - {"using":"xpath","value":"//*[@id=\"__item2786-__clone11488-imgNav\"]"}
RESULT: {"using":"xpath","value":"//*[@id=\"__item2786-__clone11488-imgNav\"]"}
COMMAND: POST /session/79689850af1d41ef46dc131fe5890470/element/f.3A2B8E27F6B6549B06BE95D0839BE483.d.037D449D2D6277B7125F79859BF8BA3E.e.13652/click - {}
RESULT: {}
COMMAND: GET /session/79689850af1d41ef46dc131fe5890470/screenshot - {}
RESULT: {}
COMMAND: POST /session/79689850af1d41ef46dc131fe5890470/execute/async - {"script":"<script> [1562 bytes]","args":[{"selector":{"controlType":"sap.m.Button","viewName":"etm.portal.ui.managestatesandperformance.view.Detail","viewId":"application-managestatesandperformance-display-component---detailStateAndPerform","properties":{"text":"Performance Documents"}},"wdio_ui5_key":"etmportal.ui.managestatesandperformance.view.Detailsap.m.Button{\"text\":\"Performance Documents\"}"}]}
RESULT: {"script":"<script> [1562 bytes]","args":[{"selector":{"controlType":"sap.m.Button","viewName":"etm.portal.ui.managestatesandperformance.view.Detail","viewId":"application-managestatesandperformance-display-component---detailStateAndPerform","properties":{"text":"Performance Documents"}},"wdio_ui5_key":"etmportal.ui.managestatesandperformance.view.Detailsap.m.Button{\"text\":\"Performance Documents\"}"}]}
RESULT: undefined
COMMAND: POST /session/79689850af1d41ef46dc131fe5890470/element - {"using":"xpath","value":"//*[@id=\"__item2809-button\"]"}
RESULT: {"using":"xpath","value":"//*[@id=\"__item2809-button\"]"}
COMMAND: POST /session/79689850af1d41ef46dc131fe5890470/element/f.3A2B8E27F6B6549B06BE95D0839BE483.d.037D449D2D6277B7125F79859BF8BA3E.e.13699/click - {}
RESULT: {}
COMMAND: POST /session/79689850af1d41ef46dc131fe5890470/execute/async - {"script":"<script> [1562 bytes]","args":[{"selector":{"controlType":"sap.m.Button","viewName":"etm.portal.ui.managestatesandperformance.view.Detail","viewId":"application-managestatesandperformance-display-component---detailStateAndPerform","i18NText":{"propertyName":"text","key":"createPerformanceDoc"},"interaction":{"idSuffix":"BDI-content"}},"wdio_ui5_key":"etmportal.ui.managestatesandperformance.view.Detailsap.m.Button{\"propertyName\":\"text\",\"key\":\"createPerformanceDoc\"}"}]}
COMMAND: GET /session/79689850af1d41ef46dc131fe5890470/screenshot - {}
RESULT: {"script":"<script> [1562 bytes]","args":[{"selector":{"controlType":"sap.m.Button","viewName":"etm.portal.ui.managestatesandperformance.view.Detail","viewId":"application-managestatesandperformance-display-component---detailStateAndPerform","i18NText":{"propertyName":"text","key":"createPerformanceDoc"},"interaction":{"idSuffix":"BDI-content"}},"wdio_ui5_key":"etmportal.ui.managestatesandperformance.view.Detailsap.m.Button{\"propertyName\":\"text\",\"key\":\"createPerformanceDoc\"}"}]}
RESULT: undefined
COMMAND: POST /session/79689850af1d41ef46dc131fe5890470/element - {"using":"xpath","value":"//*[@id=\"__button389\"]"}
RESULT: {}
RESULT: {"using":"xpath","value":"//*[@id=\"__button389\"]"}
COMMAND: POST /session/79689850af1d41ef46dc131fe5890470/element/f.3A2B8E27F6B6549B06BE95D0839BE483.d.037D449D2D6277B7125F79859BF8BA3E.e.13703/click - {}
RESULT: {}
COMMAND: POST /session/79689850af1d41ef46dc131fe5890470/execute/async - {"script":"<script> [1562 bytes]","args":[{"selector":{"id":"application-managestatesandperformance-display-component---detailStateAndPerform--perfDocDatePicker","searchOpenDialogs":true,"interaction":{"idSuffix":"inner"}},"wdio_ui5_key":"applicationmanagestatesandperformance-display-component---detailStateAndPerform--perfDocDatePicker"}]}
COMMAND: GET /session/79689850af1d41ef46dc131fe5890470/screenshot - {}
RESULT: {"script":"<script> [1562 bytes]","args":[{"selector":{"id":"application-managestatesandperformance-display-component---detailStateAndPerform--perfDocDatePicker","searchOpenDialogs":true,"interaction":{"idSuffix":"inner"}},"wdio_ui5_key":"applicationmanagestatesandperformance-display-component---detailStateAndPerform--perfDocDatePicker"}]}
RESULT: undefined
COMMAND: POST /session/79689850af1d41ef46dc131fe5890470/execute/async - {"script":"<script> [776 bytes]","args":[{"enterText":"05/04/25","selector":{"id":"application-managestatesandperformance-display-component---detailStateAndPerform--perfDocDatePicker","searchOpenDialogs":true,"interaction":{"idSuffix":"inner"}},"clearTextFirst":true,"interactionType":"ENTER_TEXT"}]}
RESULT: {}
RESULT: {"script":"<script> [776 bytes]","args":[{"enterText":"05/04/25","selector":{"id":"application-managestatesandperformance-display-component---detailStateAndPerform--perfDocDatePicker","searchOpenDialogs":true,"interaction":{"idSuffix":"inner"}},"clearTextFirst":true,"interactionType":"ENTER_TEXT"}]}
COMMAND: POST /session/79689850af1d41ef46dc131fe5890470/execute/async - {"script":"<script> [1562 bytes]","args":[{"selector":{"id":"application-managestatesandperformance-display-component---detailStateAndPerform--counterValue-input","searchOpenDialogs":true,"interaction":{"idSuffix":"inner"}},"wdio_ui5_key":"applicationmanagestatesandperformance-display-component---detailStateAndPerform--counterValue-input"}]}
RESULT: {"script":"<script> [1562 bytes]","args":[{"selector":{"id":"application-managestatesandperformance-display-component---detailStateAndPerform--counterValue-input","searchOpenDialogs":true,"interaction":{"idSuffix":"inner"}},"wdio_ui5_key":"applicationmanagestatesandperformance-display-component---detailStateAndPerform--counterValue-input"}]}
RESULT: undefined
COMMAND: POST /session/79689850af1d41ef46dc131fe5890470/execute/async - {"script":"<script> [776 bytes]","args":[{"enterText":"15.00","selector":{"id":"application-managestatesandperformance-display-component---detailStateAndPerform--counterValue-input","searchOpenDialogs":true,"interaction":{"idSuffix":"inner"}},"clearTextFirst":true,"interactionType":"ENTER_TEXT"}]}
RESULT: {"script":"<script> [776 bytes]","args":[{"enterText":"15.00","selector":{"id":"application-managestatesandperformance-display-component---detailStateAndPerform--counterValue-input","searchOpenDialogs":true,"interaction":{"idSuffix":"inner"}},"clearTextFirst":true,"interactionType":"ENTER_TEXT"}]}
COMMAND: POST /session/79689850af1d41ef46dc131fe5890470/execute/async - {"script":"<script> [1562 bytes]","args":[{"selector":{"controlType":"sap.m.Button","viewName":"etm.portal.ui.managestatesandperformance.view.Detail","viewId":"application-managestatesandperformance-display-component---detailStateAndPerform","bindingPath":{"path":"","propertyPath":"/allowAddEdit","modelName":"oScreenModel"},"searchOpenDialogs":true,"interaction":{"idSuffix":"BDI-content"}},"wdio_ui5_key":"etmportal.ui.managestatesandperformance.view.Detailsap.m.Button{\"path\":\"\",\"propertyPath\":\"/allowAddEdit\",\"modelName\":\"oScreenModel\"}"}]}
RESULT: {"script":"<script> [1562 bytes]","args":[{"selector":{"controlType":"sap.m.Button","viewName":"etm.portal.ui.managestatesandperformance.view.Detail","viewId":"application-managestatesandperformance-display-component---detailStateAndPerform","bindingPath":{"path":"","propertyPath":"/allowAddEdit","modelName":"oScreenModel"},"searchOpenDialogs":true,"interaction":{"idSuffix":"BDI-content"}},"wdio_ui5_key":"etmportal.ui.managestatesandperformance.view.Detailsap.m.Button{\"path\":\"\",\"propertyPath\":\"/allowAddEdit\",\"modelName\":\"oScreenModel\"}"}]}
RESULT: undefined
COMMAND: POST /session/79689850af1d41ef46dc131fe5890470/element - {"using":"xpath","value":"//*[@id=\"__button396\"]"}
RESULT: {"using":"xpath","value":"//*[@id=\"__button396\"]"}
COMMAND: POST /session/79689850af1d41ef46dc131fe5890470/element/f.3A2B8E27F6B6549B06BE95D0839BE483.d.037D449D2D6277B7125F79859BF8BA3E.e.13723/click - {}
RESULT: {}
RESULT: undefined
COMMAND: POST /session/79689850af1d41ef46dc131fe5890470/element - {"using":"xpath","value":"//*[@id=\"__button389\"]"}
COMMAND: GET /session/79689850af1d41ef46dc131fe5890470/screenshot - {}
RESULT: {"using":"xpath","value":"//*[@id=\"__button389\"]"}
COMMAND: POST /session/79689850af1d41ef46dc131fe5890470/element/f.3A2B8E27F6B6549B06BE95D0839BE483.d.037D449D2D6277B7125F79859BF8BA3E.e.13703/click - {}
RESULT: {}
RESULT: {}
RESULT: undefined
COMMAND: POST /session/79689850af1d41ef46dc131fe5890470/execute/async - {"script":"<script> [776 bytes]","args":[{"enterText":"05/08/25","selector":{"id":"application-managestatesandperformance-display-component---detailStateAndPerform--perfDocDatePicker","searchOpenDialogs":true,"interaction":{"idSuffix":"inner"}},"clearTextFirst":true,"interactionType":"ENTER_TEXT"}]}
COMMAND: GET /session/79689850af1d41ef46dc131fe5890470/screenshot - {}
RESULT: {"script":"<script> [776 bytes]","args":[{"enterText":"05/08/25","selector":{"id":"application-managestatesandperformance-display-component---detailStateAndPerform--perfDocDatePicker","searchOpenDialogs":true,"interaction":{"idSuffix":"inner"}},"clearTextFirst":true,"interactionType":"ENTER_TEXT"}]}
RESULT: undefined
COMMAND: POST /session/79689850af1d41ef46dc131fe5890470/execute/async - {"script":"<script> [776 bytes]","args":[{"enterText":"20.00","selector":{"id":"application-managestatesandperformance-display-component---detailStateAndPerform--counterValue-input","searchOpenDialogs":true,"interaction":{"idSuffix":"inner"}},"clearTextFirst":true,"interactionType":"ENTER_TEXT"}]}
RESULT: {}
RESULT: {"script":"<script> [776 bytes]","args":[{"enterText":"20.00","selector":{"id":"application-managestatesandperformance-display-component---detailStateAndPerform--counterValue-input","searchOpenDialogs":true,"interaction":{"idSuffix":"inner"}},"clearTextFirst":true,"interactionType":"ENTER_TEXT"}]}
COMMAND: POST /session/79689850af1d41ef46dc131fe5890470/actions - {"actions":[{"id":"action47","type":"key","parameters":{},"actions":[{"type":"keyDown","value":"î€„"},{"type":"keyDown","value":"î€„"},{"type":"pause","duration":10},{"type":"keyUp","value":"î€„"},{"type":"keyUp","value":"î€„"}]}]}
RESULT: {"actions":[{"id":"action47","type":"key","parameters":{},"actions":[{"type":"keyDown","value":"î€„"},{"type":"keyDown","value":"î€„"},{"type":"pause","duration":10},{"type":"keyUp","value":"î€„"},{"type":"keyUp","value":"î€„"}]}]}
COMMAND: POST /session/79689850af1d41ef46dc131fe5890470/actions - {"actions":[{"id":"action48","type":"key","parameters":{},"actions":[{"type":"keyDown","value":"î€‡"},{"type":"pause","duration":10},{"type":"keyUp","value":"î€‡"}]}]}
COMMAND: GET /session/79689850af1d41ef46dc131fe5890470/screenshot - {}
RESULT: {"actions":[{"id":"action48","type":"key","parameters":{},"actions":[{"type":"keyDown","value":"î€‡"},{"type":"pause","duration":10},{"type":"keyUp","value":"î€‡"}]}]}
RESULT: undefined
COMMAND: POST /session/79689850af1d41ef46dc131fe5890470/element - {"using":"xpath","value":"//*[@id=\"__button396\"]"}
COMMAND: GET /session/79689850af1d41ef46dc131fe5890470/screenshot - {}
RESULT: {}
RESULT: {"using":"xpath","value":"//*[@id=\"__button396\"]"}
COMMAND: POST /session/79689850af1d41ef46dc131fe5890470/elements - {"using":"xpath","value":"//*[@id=\"__button396\"]"}
RESULT: {}
RESULT: {"using":"xpath","value":"//*[@id=\"__button396\"]"}
COMMAND: POST /session/79689850af1d41ef46dc131fe5890470/elements - {"using":"xpath","value":"//*[@id=\"__button396\"]"}
RESULT: {"using":"xpath","value":"//*[@id=\"__button396\"]"}
COMMAND: POST /session/79689850af1d41ef46dc131fe5890470/elements - {"using":"xpath","value":"//*[@id=\"__button396\"]"}
RESULT: {"using":"xpath","value":"//*[@id=\"__button396\"]"}
COMMAND: POST /session/79689850af1d41ef46dc131fe5890470/elements - {"using":"xpath","value":"//*[@id=\"__button396\"]"}
RESULT: {"using":"xpath","value":"//*[@id=\"__button396\"]"}
COMMAND: POST /session/79689850af1d41ef46dc131fe5890470/elements - {"using":"xpath","value":"//*[@id=\"__button396\"]"}
RESULT: {"using":"xpath","value":"//*[@id=\"__button396\"]"}
COMMAND: POST /session/79689850af1d41ef46dc131fe5890470/elements - {"using":"xpath","value":"//*[@id=\"__button396\"]"}
RESULT: {"using":"xpath","value":"//*[@id=\"__button396\"]"}
COMMAND: POST /session/79689850af1d41ef46dc131fe5890470/elements - {"using":"xpath","value":"//*[@id=\"__button396\"]"}
RESULT: {"using":"xpath","value":"//*[@id=\"__button396\"]"}
COMMAND: POST /session/79689850af1d41ef46dc131fe5890470/elements - {"using":"xpath","value":"//*[@id=\"__button396\"]"}
RESULT: {"using":"xpath","value":"//*[@id=\"__button396\"]"}
COMMAND: POST /session/79689850af1d41ef46dc131fe5890470/elements - {"using":"xpath","value":"//*[@id=\"__button396\"]"}
RESULT: {"using":"xpath","value":"//*[@id=\"__button396\"]"}
COMMAND: POST /session/79689850af1d41ef46dc131fe5890470/elements - {"using":"xpath","value":"//*[@id=\"__button396\"]"}
RESULT: {"using":"xpath","value":"//*[@id=\"__button396\"]"}
COMMAND: POST /session/79689850af1d41ef46dc131fe5890470/elements - {"using":"xpath","value":"//*[@id=\"__button396\"]"}
RESULT: {"using":"xpath","value":"//*[@id=\"__button396\"]"}
COMMAND: POST /session/79689850af1d41ef46dc131fe5890470/elements - {"using":"xpath","value":"//*[@id=\"__button396\"]"}
RESULT: {"using":"xpath","value":"//*[@id=\"__button396\"]"}
COMMAND: POST /session/79689850af1d41ef46dc131fe5890470/elements - {"using":"xpath","value":"//*[@id=\"__button396\"]"}
RESULT: {"using":"xpath","value":"//*[@id=\"__button396\"]"}
COMMAND: POST /session/79689850af1d41ef46dc131fe5890470/elements - {"using":"xpath","value":"//*[@id=\"__button396\"]"}
RESULT: {"using":"xpath","value":"//*[@id=\"__button396\"]"}
COMMAND: POST /session/79689850af1d41ef46dc131fe5890470/elements - {"using":"xpath","value":"//*[@id=\"__button396\"]"}
RESULT: {"using":"xpath","value":"//*[@id=\"__button396\"]"}
COMMAND: POST /session/79689850af1d41ef46dc131fe5890470/elements - {"using":"xpath","value":"//*[@id=\"__button396\"]"}
RESULT: {"using":"xpath","value":"//*[@id=\"__button396\"]"}
COMMAND: POST /session/79689850af1d41ef46dc131fe5890470/elements - {"using":"xpath","value":"//*[@id=\"__button396\"]"}
RESULT: {"using":"xpath","value":"//*[@id=\"__button396\"]"}
COMMAND: POST /session/79689850af1d41ef46dc131fe5890470/elements - {"using":"xpath","value":"//*[@id=\"__button396\"]"}
RESULT: {"using":"xpath","value":"//*[@id=\"__button396\"]"}
COMMAND: POST /session/79689850af1d41ef46dc131fe5890470/elements - {"using":"xpath","value":"//*[@id=\"__button396\"]"}
RESULT: {"using":"xpath","value":"//*[@id=\"__button396\"]"}
COMMAND: POST /session/79689850af1d41ef46dc131fe5890470/elements - {"using":"xpath","value":"//*[@id=\"__button396\"]"}
RESULT: {"using":"xpath","value":"//*[@id=\"__button396\"]"}
COMMAND: POST /session/79689850af1d41ef46dc131fe5890470/elements - {"using":"xpath","value":"//*[@id=\"__button396\"]"}
RESULT: {"using":"xpath","value":"//*[@id=\"__button396\"]"}
COMMAND: POST /session/79689850af1d41ef46dc131fe5890470/elements - {"using":"xpath","value":"//*[@id=\"__button396\"]"}
RESULT: {"using":"xpath","value":"//*[@id=\"__button396\"]"}
COMMAND: POST /session/79689850af1d41ef46dc131fe5890470/elements - {"using":"xpath","value":"//*[@id=\"__button396\"]"}
RESULT: {"using":"xpath","value":"//*[@id=\"__button396\"]"}
COMMAND: POST /session/79689850af1d41ef46dc131fe5890470/elements - {"using":"xpath","value":"//*[@id=\"__button396\"]"}
RESULT: {"using":"xpath","value":"//*[@id=\"__button396\"]"}
COMMAND: POST /session/79689850af1d41ef46dc131fe5890470/elements - {"using":"xpath","value":"//*[@id=\"__button396\"]"}
RESULT: {"using":"xpath","value":"//*[@id=\"__button396\"]"}
COMMAND: POST /session/79689850af1d41ef46dc131fe5890470/elements - {"using":"xpath","value":"//*[@id=\"__button396\"]"}
RESULT: {"using":"xpath","value":"//*[@id=\"__button396\"]"}
COMMAND: POST /session/79689850af1d41ef46dc131fe5890470/elements - {"using":"xpath","value":"//*[@id=\"__button396\"]"}
RESULT: {"using":"xpath","value":"//*[@id=\"__button396\"]"}
COMMAND: POST /session/79689850af1d41ef46dc131fe5890470/elements - {"using":"xpath","value":"//*[@id=\"__button396\"]"}
RESULT: {"using":"xpath","value":"//*[@id=\"__button396\"]"}
COMMAND: POST /session/79689850af1d41ef46dc131fe5890470/elements - {"using":"xpath","value":"//*[@id=\"__button396\"]"}
RESULT: {"using":"xpath","value":"//*[@id=\"__button396\"]"}
COMMAND: POST /session/79689850af1d41ef46dc131fe5890470/elements - {"using":"xpath","value":"//*[@id=\"__button396\"]"}
RESULT: {"using":"xpath","value":"//*[@id=\"__button396\"]"}
COMMAND: POST /session/79689850af1d41ef46dc131fe5890470/elements - {"using":"xpath","value":"//*[@id=\"__button396\"]"}
RESULT: {"using":"xpath","value":"//*[@id=\"__button396\"]"}
COMMAND: POST /session/79689850af1d41ef46dc131fe5890470/elements - {"using":"xpath","value":"//*[@id=\"__button396\"]"}
RESULT: {"using":"xpath","value":"//*[@id=\"__button396\"]"}
COMMAND: POST /session/79689850af1d41ef46dc131fe5890470/elements - {"using":"xpath","value":"//*[@id=\"__button396\"]"}
RESULT: {"using":"xpath","value":"//*[@id=\"__button396\"]"}
COMMAND: POST /session/79689850af1d41ef46dc131fe5890470/elements - {"using":"xpath","value":"//*[@id=\"__button396\"]"}
RESULT: {"using":"xpath","value":"//*[@id=\"__button396\"]"}
COMMAND: POST /session/79689850af1d41ef46dc131fe5890470/elements - {"using":"xpath","value":"//*[@id=\"__button396\"]"}
RESULT: {"using":"xpath","value":"//*[@id=\"__button396\"]"}
COMMAND: POST /session/79689850af1d41ef46dc131fe5890470/elements - {"using":"xpath","value":"//*[@id=\"__button396\"]"}
RESULT: {"using":"xpath","value":"//*[@id=\"__button396\"]"}
COMMAND: POST /session/79689850af1d41ef46dc131fe5890470/elements - {"using":"xpath","value":"//*[@id=\"__button396\"]"}
RESULT: {"using":"xpath","value":"//*[@id=\"__button396\"]"}
COMMAND: POST /session/79689850af1d41ef46dc131fe5890470/elements - {"using":"xpath","value":"//*[@id=\"__button396\"]"}
RESULT: {"using":"xpath","value":"//*[@id=\"__button396\"]"}
COMMAND: POST /session/79689850af1d41ef46dc131fe5890470/elements - {"using":"xpath","value":"//*[@id=\"__button396\"]"}
RESULT: {"using":"xpath","value":"//*[@id=\"__button396\"]"}
COMMAND: POST /session/79689850af1d41ef46dc131fe5890470/elements - {"using":"xpath","value":"//*[@id=\"__button396\"]"}
RESULT: {"using":"xpath","value":"//*[@id=\"__button396\"]"}
COMMAND: POST /session/79689850af1d41ef46dc131fe5890470/elements - {"using":"xpath","value":"//*[@id=\"__button396\"]"}
RESULT: {"using":"xpath","value":"//*[@id=\"__button396\"]"}
COMMAND: POST /session/79689850af1d41ef46dc131fe5890470/elements - {"using":"xpath","value":"//*[@id=\"__button396\"]"}
RESULT: {"using":"xpath","value":"//*[@id=\"__button396\"]"}
COMMAND: POST /session/79689850af1d41ef46dc131fe5890470/elements - {"using":"xpath","value":"//*[@id=\"__button396\"]"}
RESULT: {"using":"xpath","value":"//*[@id=\"__button396\"]"}
COMMAND: POST /session/79689850af1d41ef46dc131fe5890470/elements - {"using":"xpath","value":"//*[@id=\"__button396\"]"}
RESULT: {"using":"xpath","value":"//*[@id=\"__button396\"]"}
COMMAND: POST /session/79689850af1d41ef46dc131fe5890470/elements - {"using":"xpath","value":"//*[@id=\"__button396\"]"}
RESULT: {"using":"xpath","value":"//*[@id=\"__button396\"]"}
COMMAND: POST /session/79689850af1d41ef46dc131fe5890470/elements - {"using":"xpath","value":"//*[@id=\"__button396\"]"}
RESULT: {"using":"xpath","value":"//*[@id=\"__button396\"]"}
COMMAND: POST /session/79689850af1d41ef46dc131fe5890470/elements - {"using":"xpath","value":"//*[@id=\"__button396\"]"}
RESULT: {"using":"xpath","value":"//*[@id=\"__button396\"]"}
COMMAND: POST /session/79689850af1d41ef46dc131fe5890470/elements - {"using":"xpath","value":"//*[@id=\"__button396\"]"}
RESULT: {"using":"xpath","value":"//*[@id=\"__button396\"]"}
COMMAND: POST /session/79689850af1d41ef46dc131fe5890470/elements - {"using":"xpath","value":"//*[@id=\"__button396\"]"}
RESULT: {"using":"xpath","value":"//*[@id=\"__button396\"]"}
COMMAND: POST /session/79689850af1d41ef46dc131fe5890470/elements - {"using":"xpath","value":"//*[@id=\"__button396\"]"}
RESULT: {"using":"xpath","value":"//*[@id=\"__button396\"]"}
COMMAND: POST /session/79689850af1d41ef46dc131fe5890470/elements - {"using":"xpath","value":"//*[@id=\"__button396\"]"}
RESULT: {"using":"xpath","value":"//*[@id=\"__button396\"]"}
COMMAND: POST /session/79689850af1d41ef46dc131fe5890470/elements - {"using":"xpath","value":"//*[@id=\"__button396\"]"}
RESULT: {"using":"xpath","value":"//*[@id=\"__button396\"]"}
COMMAND: POST /session/79689850af1d41ef46dc131fe5890470/elements - {"using":"xpath","value":"//*[@id=\"__button396\"]"}
RESULT: {"using":"xpath","value":"//*[@id=\"__button396\"]"}
COMMAND: POST /session/79689850af1d41ef46dc131fe5890470/elements - {"using":"xpath","value":"//*[@id=\"__button396\"]"}
RESULT: {"using":"xpath","value":"//*[@id=\"__button396\"]"}
COMMAND: POST /session/79689850af1d41ef46dc131fe5890470/elements - {"using":"xpath","value":"//*[@id=\"__button396\"]"}
RESULT: {"using":"xpath","value":"//*[@id=\"__button396\"]"}
COMMAND: POST /session/79689850af1d41ef46dc131fe5890470/elements - {"using":"xpath","value":"//*[@id=\"__button396\"]"}
RESULT: {"using":"xpath","value":"//*[@id=\"__button396\"]"}
COMMAND: POST /session/79689850af1d41ef46dc131fe5890470/elements - {"using":"xpath","value":"//*[@id=\"__button396\"]"}
RESULT: {"using":"xpath","value":"//*[@id=\"__button396\"]"}
COMMAND: POST /session/79689850af1d41ef46dc131fe5890470/elements - {"using":"xpath","value":"//*[@id=\"__button396\"]"}
RESULT: {"using":"xpath","value":"//*[@id=\"__button396\"]"}
COMMAND: POST /session/79689850af1d41ef46dc131fe5890470/elements - {"using":"xpath","value":"//*[@id=\"__button396\"]"}
RESULT: {"using":"xpath","value":"//*[@id=\"__button396\"]"}
COMMAND: POST /session/79689850af1d41ef46dc131fe5890470/elements - {"using":"xpath","value":"//*[@id=\"__button396\"]"}
RESULT: {"using":"xpath","value":"//*[@id=\"__button396\"]"}
COMMAND: POST /session/79689850af1d41ef46dc131fe5890470/elements - {"using":"xpath","value":"//*[@id=\"__button396\"]"}
RESULT: {"using":"xpath","value":"//*[@id=\"__button396\"]"}
COMMAND: POST /session/79689850af1d41ef46dc131fe5890470/elements - {"using":"xpath","value":"//*[@id=\"__button396\"]"}
RESULT: {"using":"xpath","value":"//*[@id=\"__button396\"]"}
COMMAND: POST /session/79689850af1d41ef46dc131fe5890470/elements - {"using":"xpath","value":"//*[@id=\"__button396\"]"}
RESULT: {"using":"xpath","value":"//*[@id=\"__button396\"]"}
COMMAND: POST /session/79689850af1d41ef46dc131fe5890470/elements - {"using":"xpath","value":"//*[@id=\"__button396\"]"}
RESULT: {"using":"xpath","value":"//*[@id=\"__button396\"]"}
COMMAND: POST /session/79689850af1d41ef46dc131fe5890470/elements - {"using":"xpath","value":"//*[@id=\"__button396\"]"}
RESULT: {"using":"xpath","value":"//*[@id=\"__button396\"]"}
COMMAND: POST /session/79689850af1d41ef46dc131fe5890470/elements - {"using":"xpath","value":"//*[@id=\"__button396\"]"}
RESULT: {"using":"xpath","value":"//*[@id=\"__button396\"]"}
COMMAND: POST /session/79689850af1d41ef46dc131fe5890470/elements - {"using":"xpath","value":"//*[@id=\"__button396\"]"}
RESULT: {"using":"xpath","value":"//*[@id=\"__button396\"]"}
COMMAND: POST /session/79689850af1d41ef46dc131fe5890470/elements - {"using":"xpath","value":"//*[@id=\"__button396\"]"}
RESULT: {"using":"xpath","value":"//*[@id=\"__button396\"]"}
COMMAND: POST /session/79689850af1d41ef46dc131fe5890470/elements - {"using":"xpath","value":"//*[@id=\"__button396\"]"}
RESULT: {"using":"xpath","value":"//*[@id=\"__button396\"]"}
COMMAND: POST /session/79689850af1d41ef46dc131fe5890470/elements - {"using":"xpath","value":"//*[@id=\"__button396\"]"}
RESULT: {"using":"xpath","value":"//*[@id=\"__button396\"]"}
COMMAND: POST /session/79689850af1d41ef46dc131fe5890470/elements - {"using":"xpath","value":"//*[@id=\"__button396\"]"}
RESULT: {"using":"xpath","value":"//*[@id=\"__button396\"]"}
COMMAND: POST /session/79689850af1d41ef46dc131fe5890470/elements - {"using":"xpath","value":"//*[@id=\"__button396\"]"}
RESULT: {"using":"xpath","value":"//*[@id=\"__button396\"]"}
COMMAND: POST /session/79689850af1d41ef46dc131fe5890470/elements - {"using":"xpath","value":"//*[@id=\"__button396\"]"}
RESULT: {"using":"xpath","value":"//*[@id=\"__button396\"]"}
COMMAND: POST /session/79689850af1d41ef46dc131fe5890470/elements - {"using":"xpath","value":"//*[@id=\"__button396\"]"}
RESULT: {"using":"xpath","value":"//*[@id=\"__button396\"]"}
COMMAND: POST /session/79689850af1d41ef46dc131fe5890470/elements - {"using":"xpath","value":"//*[@id=\"__button396\"]"}
RESULT: {"using":"xpath","value":"//*[@id=\"__button396\"]"}
COMMAND: POST /session/79689850af1d41ef46dc131fe5890470/elements - {"using":"xpath","value":"//*[@id=\"__button396\"]"}
RESULT: {"using":"xpath","value":"//*[@id=\"__button396\"]"}
COMMAND: POST /session/79689850af1d41ef46dc131fe5890470/elements - {"using":"xpath","value":"//*[@id=\"__button396\"]"}
RESULT: {"using":"xpath","value":"//*[@id=\"__button396\"]"}
COMMAND: POST /session/79689850af1d41ef46dc131fe5890470/elements - {"using":"xpath","value":"//*[@id=\"__button396\"]"}
RESULT: {"using":"xpath","value":"//*[@id=\"__button396\"]"}
COMMAND: POST /session/79689850af1d41ef46dc131fe5890470/elements - {"using":"xpath","value":"//*[@id=\"__button396\"]"}
RESULT: {"using":"xpath","value":"//*[@id=\"__button396\"]"}
COMMAND: POST /session/79689850af1d41ef46dc131fe5890470/elements - {"using":"xpath","value":"//*[@id=\"__button396\"]"}
RESULT: {"using":"xpath","value":"//*[@id=\"__button396\"]"}
COMMAND: POST /session/79689850af1d41ef46dc131fe5890470/elements - {"using":"xpath","value":"//*[@id=\"__button396\"]"}
RESULT: {"using":"xpath","value":"//*[@id=\"__button396\"]"}
COMMAND: POST /session/79689850af1d41ef46dc131fe5890470/elements - {"using":"xpath","value":"//*[@id=\"__button396\"]"}
RESULT: {"using":"xpath","value":"//*[@id=\"__button396\"]"}
COMMAND: POST /session/79689850af1d41ef46dc131fe5890470/elements - {"using":"xpath","value":"//*[@id=\"__button396\"]"}
RESULT: {"using":"xpath","value":"//*[@id=\"__button396\"]"}
COMMAND: POST /session/79689850af1d41ef46dc131fe5890470/elements - {"using":"xpath","value":"//*[@id=\"__button396\"]"}
RESULT: {"using":"xpath","value":"//*[@id=\"__button396\"]"}
COMMAND: POST /session/79689850af1d41ef46dc131fe5890470/elements - {"using":"xpath","value":"//*[@id=\"__button396\"]"}
RESULT: {"using":"xpath","value":"//*[@id=\"__button396\"]"}
COMMAND: POST /session/79689850af1d41ef46dc131fe5890470/elements - {"using":"xpath","value":"//*[@id=\"__button396\"]"}
RESULT: {"using":"xpath","value":"//*[@id=\"__button396\"]"}
COMMAND: POST /session/79689850af1d41ef46dc131fe5890470/elements - {"using":"xpath","value":"//*[@id=\"__button396\"]"}
RESULT: {"using":"xpath","value":"//*[@id=\"__button396\"]"}
COMMAND: POST /session/79689850af1d41ef46dc131fe5890470/elements - {"using":"xpath","value":"//*[@id=\"__button396\"]"}
RESULT: {"using":"xpath","value":"//*[@id=\"__button396\"]"}
COMMAND: POST /session/79689850af1d41ef46dc131fe5890470/elements - {"using":"xpath","value":"//*[@id=\"__button396\"]"}
RESULT: {"using":"xpath","value":"//*[@id=\"__button396\"]"}
COMMAND: POST /session/79689850af1d41ef46dc131fe5890470/elements - {"using":"xpath","value":"//*[@id=\"__button396\"]"}
RESULT: {"using":"xpath","value":"//*[@id=\"__button396\"]"}
COMMAND: POST /session/79689850af1d41ef46dc131fe5890470/elements - {"using":"xpath","value":"//*[@id=\"__button396\"]"}
RESULT: {"using":"xpath","value":"//*[@id=\"__button396\"]"}
COMMAND: POST /session/79689850af1d41ef46dc131fe5890470/elements - {"using":"xpath","value":"//*[@id=\"__button396\"]"}
RESULT: {"using":"xpath","value":"//*[@id=\"__button396\"]"}
COMMAND: POST /session/79689850af1d41ef46dc131fe5890470/elements - {"using":"xpath","value":"//*[@id=\"__button396\"]"}
RESULT: {"using":"xpath","value":"//*[@id=\"__button396\"]"}
COMMAND: POST /session/79689850af1d41ef46dc131fe5890470/elements - {"using":"xpath","value":"//*[@id=\"__button396\"]"}
RESULT: {"using":"xpath","value":"//*[@id=\"__button396\"]"}
COMMAND: POST /session/79689850af1d41ef46dc131fe5890470/elements - {"using":"xpath","value":"//*[@id=\"__button396\"]"}
RESULT: {"using":"xpath","value":"//*[@id=\"__button396\"]"}
COMMAND: POST /session/79689850af1d41ef46dc131fe5890470/elements - {"using":"xpath","value":"//*[@id=\"__button396\"]"}
RESULT: {"using":"xpath","value":"//*[@id=\"__button396\"]"}
COMMAND: POST /session/79689850af1d41ef46dc131fe5890470/elements - {"using":"xpath","value":"//*[@id=\"__button396\"]"}
RESULT: {"using":"xpath","value":"//*[@id=\"__button396\"]"}
COMMAND: POST /session/79689850af1d41ef46dc131fe5890470/elements - {"using":"xpath","value":"//*[@id=\"__button396\"]"}
RESULT: {"using":"xpath","value":"//*[@id=\"__button396\"]"}
COMMAND: POST /session/79689850af1d41ef46dc131fe5890470/elements - {"using":"xpath","value":"//*[@id=\"__button396\"]"}
RESULT: {"using":"xpath","value":"//*[@id=\"__button396\"]"}
COMMAND: POST /session/79689850af1d41ef46dc131fe5890470/elements - {"using":"xpath","value":"//*[@id=\"__button396\"]"}
RESULT: {"using":"xpath","value":"//*[@id=\"__button396\"]"}
COMMAND: POST /session/79689850af1d41ef46dc131fe5890470/elements - {"using":"xpath","value":"//*[@id=\"__button396\"]"}
RESULT: {"using":"xpath","value":"//*[@id=\"__button396\"]"}
COMMAND: POST /session/79689850af1d41ef46dc131fe5890470/elements - {"using":"xpath","value":"//*[@id=\"__button396\"]"}
RESULT: {"using":"xpath","value":"//*[@id=\"__button396\"]"}
COMMAND: POST /session/79689850af1d41ef46dc131fe5890470/elements - {"using":"xpath","value":"//*[@id=\"__button396\"]"}
RESULT: {"using":"xpath","value":"//*[@id=\"__button396\"]"}
COMMAND: POST /session/79689850af1d41ef46dc131fe5890470/elements - {"using":"xpath","value":"//*[@id=\"__button396\"]"}
RESULT: {"using":"xpath","value":"//*[@id=\"__button396\"]"}
COMMAND: POST /session/79689850af1d41ef46dc131fe5890470/elements - {"using":"xpath","value":"//*[@id=\"__button396\"]"}
RESULT: {"using":"xpath","value":"//*[@id=\"__button396\"]"}
COMMAND: POST /session/79689850af1d41ef46dc131fe5890470/elements - {"using":"xpath","value":"//*[@id=\"__button396\"]"}
RESULT: {"using":"xpath","value":"//*[@id=\"__button396\"]"}
COMMAND: POST /session/79689850af1d41ef46dc131fe5890470/elements - {"using":"xpath","value":"//*[@id=\"__button396\"]"}
RESULT: {"using":"xpath","value":"//*[@id=\"__button396\"]"}
COMMAND: POST /session/79689850af1d41ef46dc131fe5890470/elements - {"using":"xpath","value":"//*[@id=\"__button396\"]"}
RESULT: {"using":"xpath","value":"//*[@id=\"__button396\"]"}
COMMAND: POST /session/79689850af1d41ef46dc131fe5890470/elements - {"using":"xpath","value":"//*[@id=\"__button396\"]"}
RESULT: {"using":"xpath","value":"//*[@id=\"__button396\"]"}
COMMAND: POST /session/79689850af1d41ef46dc131fe5890470/elements - {"using":"xpath","value":"//*[@id=\"__button396\"]"}
RESULT: {"using":"xpath","value":"//*[@id=\"__button396\"]"}
COMMAND: POST /session/79689850af1d41ef46dc131fe5890470/elements - {"using":"xpath","value":"//*[@id=\"__button396\"]"}
RESULT: {"using":"xpath","value":"//*[@id=\"__button396\"]"}
COMMAND: POST /session/79689850af1d41ef46dc131fe5890470/elements - {"using":"xpath","value":"//*[@id=\"__button396\"]"}
RESULT: {"using":"xpath","value":"//*[@id=\"__button396\"]"}
COMMAND: POST /session/79689850af1d41ef46dc131fe5890470/elements - {"using":"xpath","value":"//*[@id=\"__button396\"]"}
RESULT: {"using":"xpath","value":"//*[@id=\"__button396\"]"}
COMMAND: POST /session/79689850af1d41ef46dc131fe5890470/elements - {"using":"xpath","value":"//*[@id=\"__button396\"]"}
RESULT: {"using":"xpath","value":"//*[@id=\"__button396\"]"}
COMMAND: POST /session/79689850af1d41ef46dc131fe5890470/elements - {"using":"xpath","value":"//*[@id=\"__button396\"]"}
RESULT: {"using":"xpath","value":"//*[@id=\"__button396\"]"}
COMMAND: POST /session/79689850af1d41ef46dc131fe5890470/elements - {"using":"xpath","value":"//*[@id=\"__button396\"]"}
RESULT: {"using":"xpath","value":"//*[@id=\"__button396\"]"}
COMMAND: POST /session/79689850af1d41ef46dc131fe5890470/elements - {"using":"xpath","value":"//*[@id=\"__button396\"]"}
RESULT: {"using":"xpath","value":"//*[@id=\"__button396\"]"}
COMMAND: POST /session/79689850af1d41ef46dc131fe5890470/elements - {"using":"xpath","value":"//*[@id=\"__button396\"]"}
RESULT: {"using":"xpath","value":"//*[@id=\"__button396\"]"}
COMMAND: POST /session/79689850af1d41ef46dc131fe5890470/elements - {"using":"xpath","value":"//*[@id=\"__button396\"]"}
RESULT: {"using":"xpath","value":"//*[@id=\"__button396\"]"}
COMMAND: POST /session/79689850af1d41ef46dc131fe5890470/elements - {"using":"xpath","value":"//*[@id=\"__button396\"]"}
RESULT: {"using":"xpath","value":"//*[@id=\"__button396\"]"}
COMMAND: POST /session/79689850af1d41ef46dc131fe5890470/element - {"using":"css selector","value":"#shell-header-logo"}
RESULT: {"using":"css selector","value":"#shell-header-logo"}
COMMAND: POST /session/79689850af1d41ef46dc131fe5890470/execute/sync - {"script":"<script> [8489 bytes]","args":[{"element-6066-11e4-a52e-4f735466cecf":"f.3A2B8E27F6B6549B06BE95D0839BE483.d.037D449D2D6277B7125F79859BF8BA3E.e.13551","ELEMENT":"f.3A2B8E27F6B6549B06BE95D0839BE483.d.037D449D2D6277B7125F79859BF8BA3E.e.13551"}]}
RESULT: {"script":"<script> [8489 bytes]","args":[{"element-6066-11e4-a52e-4f735466cecf":"f.3A2B8E27F6B6549B06BE95D0839BE483.d.037D449D2D6277B7125F79859BF8BA3E.e.13551","ELEMENT":"f.3A2B8E27F6B6549B06BE95D0839BE483.d.037D449D2D6277B7125F79859BF8BA3E.e.13551"}]}
COMMAND: POST /session/79689850af1d41ef46dc131fe5890470/execute/sync - {"script":"<script> [5351 bytes]","args":[{"element-6066-11e4-a52e-4f735466cecf":"f.3A2B8E27F6B6549B06BE95D0839BE483.d.037D449D2D6277B7125F79859BF8BA3E.e.13551","ELEMENT":"f.3A2B8E27F6B6549B06BE95D0839BE483.d.037D449D2D6277B7125F79859BF8BA3E.e.13551"}]}
COMMAND: GET /session/79689850af1d41ef46dc131fe5890470/screenshot - {}
RESULT: {"script":"<script> [5351 bytes]","args":[{"element-6066-11e4-a52e-4f735466cecf":"f.3A2B8E27F6B6549B06BE95D0839BE483.d.037D449D2D6277B7125F79859BF8BA3E.e.13551","ELEMENT":"f.3A2B8E27F6B6549B06BE95D0839BE483.d.037D449D2D6277B7125F79859BF8BA3E.e.13551"}]}
COMMAND: POST /session/79689850af1d41ef46dc131fe5890470/element/f.3A2B8E27F6B6549B06BE95D0839BE483.d.037D449D2D6277B7125F79859BF8BA3E.e.13551/click - {}
COMMAND: GET /session/79689850af1d41ef46dc131fe5890470/screenshot - {}
RESULT: {}
RESULT: {}
]]></system-out>
    </testcase>
    <testcase classname="chrome.135_0_7049_96.windows.Create_master_data_for_mixed_billing_&amp;_do_billing_calculation_US151661" name="Should go to Manage Billings and trigger calculation check the conditions applied" time="53.768">
      <system-out><![CDATA[
COMMAND: POST /session/79689850af1d41ef46dc131fe5890470/execute/async - {"script":"<script> [1562 bytes]","args":[{"selector":{"controlType":"sap.m.GenericTile","properties":{"header":"Manage Billings"}},"wdio_ui5_key":"sapm.GenericTile{\"header\":\"Manage Billings\"}"}]}
COMMAND: GET /session/79689850af1d41ef46dc131fe5890470/screenshot - {}
RESULT: {}
RESULT: {"script":"<script> [1562 bytes]","args":[{"selector":{"controlType":"sap.m.GenericTile","properties":{"header":"Manage Billings"}},"wdio_ui5_key":"sapm.GenericTile{\"header\":\"Manage Billings\"}"}]}
RESULT: undefined
COMMAND: POST /session/79689850af1d41ef46dc131fe5890470/element - {"using":"xpath","value":"//*[@id=\"__tile91\"]"}
RESULT: {}
RESULT: {"using":"xpath","value":"//*[@id=\"__tile91\"]"}
COMMAND: POST /session/79689850af1d41ef46dc131fe5890470/element/f.3A2B8E27F6B6549B06BE95D0839BE483.d.037D449D2D6277B7125F79859BF8BA3E.e.8582/click - {}
RESULT: {}
COMMAND: GET /session/79689850af1d41ef46dc131fe5890470/screenshot - {}
COMMAND: POST /session/79689850af1d41ef46dc131fe5890470/execute/async - {"script":"<script> [1562 bytes]","args":[{"selector":{"id":"application-managebillings-display-component---billRunCalcResult--smartFilterBar-btnBasicSearch","interaction":{"idSuffix":"I"}},"wdio_ui5_key":"applicationmanagebillings-display-component---billRunCalcResult--smartFilterBar-btnBasicSearch"}]}
RESULT: {}
RESULT: {"script":"<script> [1562 bytes]","args":[{"selector":{"id":"application-managebillings-display-component---billRunCalcResult--smartFilterBar-btnBasicSearch","interaction":{"idSuffix":"I"}},"wdio_ui5_key":"applicationmanagebillings-display-component---billRunCalcResult--smartFilterBar-btnBasicSearch"}]}
RESULT: undefined
COMMAND: POST /session/79689850af1d41ef46dc131fe5890470/execute/async - {"script":"<script> [776 bytes]","args":[{"enterText":"10450","selector":{"id":"application-managebillings-display-component---billRunCalcResult--smartFilterBar-btnBasicSearch","interaction":{"idSuffix":"I"}},"clearTextFirst":true,"interactionType":"ENTER_TEXT"}]}
RESULT: {"script":"<script> [776 bytes]","args":[{"enterText":"10450","selector":{"id":"application-managebillings-display-component---billRunCalcResult--smartFilterBar-btnBasicSearch","interaction":{"idSuffix":"I"}},"clearTextFirst":true,"interactionType":"ENTER_TEXT"}]}
COMMAND: POST /session/79689850af1d41ef46dc131fe5890470/actions - {"actions":[{"id":"action49","type":"key","parameters":{},"actions":[{"type":"keyDown","value":"î€‡"},{"type":"pause","duration":10},{"type":"keyUp","value":"î€‡"}]}]}
RESULT: {"actions":[{"id":"action49","type":"key","parameters":{},"actions":[{"type":"keyDown","value":"î€‡"},{"type":"pause","duration":10},{"type":"keyUp","value":"î€‡"}]}]}
COMMAND: GET /session/79689850af1d41ef46dc131fe5890470/screenshot - {}
RESULT: {}
COMMAND: POST /session/79689850af1d41ef46dc131fe5890470/element - {"using":"xpath","value":"//td[@aria-colindex=\"1\"]/div/div[contains(@class, \"sapMCbBg\")]"}
RESULT: {"using":"xpath","value":"//td[@aria-colindex=\"1\"]/div/div[contains(@class, \"sapMCbBg\")]"}
COMMAND: POST /session/79689850af1d41ef46dc131fe5890470/element/f.3A2B8E27F6B6549B06BE95D0839BE483.d.037D449D2D6277B7125F79859BF8BA3E.e.13950/click - {}
RESULT: {}
COMMAND: GET /session/79689850af1d41ef46dc131fe5890470/screenshot - {}
RESULT: {}
COMMAND: POST /session/79689850af1d41ef46dc131fe5890470/execute/async - {"script":"<script> [1562 bytes]","args":[{"selector":{"id":"application-managebillings-display-component---billRunCalcResult--contractBillRunDate","interaction":{"idSuffix":"inner"}},"wdio_ui5_key":"applicationmanagebillings-display-component---billRunCalcResult--contractBillRunDate"}]}
RESULT: {"script":"<script> [1562 bytes]","args":[{"selector":{"id":"application-managebillings-display-component---billRunCalcResult--contractBillRunDate","interaction":{"idSuffix":"inner"}},"wdio_ui5_key":"applicationmanagebillings-display-component---billRunCalcResult--contractBillRunDate"}]}
RESULT: undefined
COMMAND: POST /session/79689850af1d41ef46dc131fe5890470/execute/async - {"script":"<script> [776 bytes]","args":[{"enterText":"06/02/25","selector":{"id":"application-managebillings-display-component---billRunCalcResult--contractBillRunDate","interaction":{"idSuffix":"inner"}},"clearTextFirst":true,"interactionType":"ENTER_TEXT"}]}
RESULT: {"script":"<script> [776 bytes]","args":[{"enterText":"06/02/25","selector":{"id":"application-managebillings-display-component---billRunCalcResult--contractBillRunDate","interaction":{"idSuffix":"inner"}},"clearTextFirst":true,"interactionType":"ENTER_TEXT"}]}
COMMAND: POST /session/79689850af1d41ef46dc131fe5890470/element - {"using":"xpath","value":"//bdi[contains(text(), \"Trigger Calculation\")]"}
RESULT: {"using":"xpath","value":"//bdi[contains(text(), \"Trigger Calculation\")]"}
COMMAND: POST /session/79689850af1d41ef46dc131fe5890470/element/f.3A2B8E27F6B6549B06BE95D0839BE483.d.037D449D2D6277B7125F79859BF8BA3E.e.14002/click - {}
RESULT: {}
COMMAND: GET /session/79689850af1d41ef46dc131fe5890470/screenshot - {}
RESULT: {}
COMMAND: POST /session/79689850af1d41ef46dc131fe5890470/element - {"using":"xpath","value":"(//span[contains(@id, \"imgNav\")])[1]"}
RESULT: {"using":"xpath","value":"(//span[contains(@id, \"imgNav\")])[1]"}
COMMAND: POST /session/79689850af1d41ef46dc131fe5890470/element/f.3A2B8E27F6B6549B06BE95D0839BE483.d.037D449D2D6277B7125F79859BF8BA3E.e.13951/click - {}
RESULT: {}
COMMAND: GET /session/79689850af1d41ef46dc131fe5890470/screenshot - {}
RESULT: {}
COMMAND: POST /session/79689850af1d41ef46dc131fe5890470/element - {"using":"xpath","value":"//tr/td[6]/div[1]/span[1]/span[1]"}
RESULT: {"using":"xpath","value":"//tr/td[6]/div[1]/span[1]/span[1]"}
COMMAND: GET /session/79689850af1d41ef46dc131fe5890470/element/f.3A2B8E27F6B6549B06BE95D0839BE483.d.037D449D2D6277B7125F79859BF8BA3E.e.14006/text - {}
RESULT: {}
COMMAND: POST /session/79689850af1d41ef46dc131fe5890470/element - {"using":"xpath","value":"(//span[contains(@id, \"imgNav\")])[2]"}
RESULT: {"using":"xpath","value":"(//span[contains(@id, \"imgNav\")])[2]"}
COMMAND: POST /session/79689850af1d41ef46dc131fe5890470/element/f.3A2B8E27F6B6549B06BE95D0839BE483.d.037D449D2D6277B7125F79859BF8BA3E.e.14007/click - {}
RESULT: {}
COMMAND: POST /session/79689850af1d41ef46dc131fe5890470/element - {"using":"xpath","value":"//bdi[contains(text(), \"Business Confirm\")]"}
COMMAND: GET /session/79689850af1d41ef46dc131fe5890470/screenshot - {}
RESULT: {"using":"xpath","value":"//bdi[contains(text(), \"Business Confirm\")]"}
COMMAND: POST /session/79689850af1d41ef46dc131fe5890470/elements - {"using":"xpath","value":"//bdi[contains(text(), \"Business Confirm\")]"}
RESULT: {}
RESULT: {"using":"xpath","value":"//bdi[contains(text(), \"Business Confirm\")]"}
COMMAND: POST /session/79689850af1d41ef46dc131fe5890470/elements - {"using":"xpath","value":"//bdi[contains(text(), \"Business Confirm\")]"}
RESULT: {"using":"xpath","value":"//bdi[contains(text(), \"Business Confirm\")]"}
COMMAND: POST /session/79689850af1d41ef46dc131fe5890470/element - {"using":"xpath","value":"//bdi[contains(text(), \"Business Confirm\")]"}
RESULT: {"using":"xpath","value":"//bdi[contains(text(), \"Business Confirm\")]"}
COMMAND: POST /session/79689850af1d41ef46dc131fe5890470/element/f.3A2B8E27F6B6549B06BE95D0839BE483.d.037D449D2D6277B7125F79859BF8BA3E.e.14010/click - {}
COMMAND: POST /session/79689850af1d41ef46dc131fe5890470/element - {"using":"xpath","value":"//bdi[contains(text(), \"Business Confirm\")]"}
RESULT: {"using":"xpath","value":"//bdi[contains(text(), \"Business Confirm\")]"}
COMMAND: POST /session/79689850af1d41ef46dc131fe5890470/element/f.3A2B8E27F6B6549B06BE95D0839BE483.d.037D449D2D6277B7125F79859BF8BA3E.e.14010/click - {}
COMMAND: POST /session/79689850af1d41ef46dc131fe5890470/element - {"using":"xpath","value":"//bdi[contains(text(), \"Business Confirm\")]"}
RESULT: {"using":"xpath","value":"//bdi[contains(text(), \"Business Confirm\")]"}
COMMAND: POST /session/79689850af1d41ef46dc131fe5890470/element/f.3A2B8E27F6B6549B06BE95D0839BE483.d.037D449D2D6277B7125F79859BF8BA3E.e.14064/click - {}
RESULT: {}
COMMAND: POST /session/79689850af1d41ef46dc131fe5890470/element - {"using":"css selector","value":"#shell-header-logo"}
COMMAND: GET /session/79689850af1d41ef46dc131fe5890470/screenshot - {}
RESULT: {"using":"css selector","value":"#shell-header-logo"}
COMMAND: POST /session/79689850af1d41ef46dc131fe5890470/element/f.3A2B8E27F6B6549B06BE95D0839BE483.d.037D449D2D6277B7125F79859BF8BA3E.e.13744/click - {}
RESULT: {}
RESULT: {}
COMMAND: GET /session/79689850af1d41ef46dc131fe5890470/screenshot - {}
RESULT: {}
COMMAND: POST /session/79689850af1d41ef46dc131fe5890470/element - {"using":"css selector","value":"#j_username"}
COMMAND: POST /session/79689850af1d41ef46dc131fe5890470/url - {"url":"https://qa-testing-00-live-etm-ui.cfapps.eu10-004.hana.ondemand.com/"}
RESULT: {"using":"css selector","value":"#j_username"}
COMMAND: POST /session/79689850af1d41ef46dc131fe5890470/element - {"using":"css selector","value":"#j_username"}
RESULT: {"url":"https://qa-testing-00-live-etm-ui.cfapps.eu10-004.hana.ondemand.com/"}
RESULT: undefined
COMMAND: GET /session/79689850af1d41ef46dc131fe5890470/screenshot - {}
RESULT: {"using":"css selector","value":"#j_username"}
COMMAND: POST /session/79689850af1d41ef46dc131fe5890470/element - {"using":"css selector","value":"#shell-header-logo"}
RESULT: {}
RESULT: {"using":"css selector","value":"#shell-header-logo"}
COMMAND: POST /session/79689850af1d41ef46dc131fe5890470/execute/sync - {"script":"<script> [8489 bytes]","args":[{"element-6066-11e4-a52e-4f735466cecf":"f.3A2B8E27F6B6549B06BE95D0839BE483.d.E5E2801E271856923D04BE672B942F1B.e.14097","ELEMENT":"f.3A2B8E27F6B6549B06BE95D0839BE483.d.E5E2801E271856923D04BE672B942F1B.e.14097"}]}
RESULT: {"script":"<script> [8489 bytes]","args":[{"element-6066-11e4-a52e-4f735466cecf":"f.3A2B8E27F6B6549B06BE95D0839BE483.d.E5E2801E271856923D04BE672B942F1B.e.14097","ELEMENT":"f.3A2B8E27F6B6549B06BE95D0839BE483.d.E5E2801E271856923D04BE672B942F1B.e.14097"}]}
COMMAND: POST /session/79689850af1d41ef46dc131fe5890470/element - {"using":"css selector","value":"#shell-header-logo"}
COMMAND: GET /session/79689850af1d41ef46dc131fe5890470/screenshot - {}
RESULT: {"using":"css selector","value":"#shell-header-logo"}
COMMAND: POST /session/79689850af1d41ef46dc131fe5890470/execute/sync - {"script":"<script> [8489 bytes]","args":[{"element-6066-11e4-a52e-4f735466cecf":"f.3A2B8E27F6B6549B06BE95D0839BE483.d.E5E2801E271856923D04BE672B942F1B.e.14097","ELEMENT":"f.3A2B8E27F6B6549B06BE95D0839BE483.d.E5E2801E271856923D04BE672B942F1B.e.14097"}]}
RESULT: {}
RESULT: {"script":"<script> [8489 bytes]","args":[{"element-6066-11e4-a52e-4f735466cecf":"f.3A2B8E27F6B6549B06BE95D0839BE483.d.E5E2801E271856923D04BE672B942F1B.e.14097","ELEMENT":"f.3A2B8E27F6B6549B06BE95D0839BE483.d.E5E2801E271856923D04BE672B942F1B.e.14097"}]}
COMMAND: POST /session/79689850af1d41ef46dc131fe5890470/execute/sync - {"script":"<script> [5351 bytes]","args":[{"element-6066-11e4-a52e-4f735466cecf":"f.3A2B8E27F6B6549B06BE95D0839BE483.d.E5E2801E271856923D04BE672B942F1B.e.14097","ELEMENT":"f.3A2B8E27F6B6549B06BE95D0839BE483.d.E5E2801E271856923D04BE672B942F1B.e.14097"}]}
COMMAND: GET /session/79689850af1d41ef46dc131fe5890470/screenshot - {}
RESULT: {"script":"<script> [5351 bytes]","args":[{"element-6066-11e4-a52e-4f735466cecf":"f.3A2B8E27F6B6549B06BE95D0839BE483.d.E5E2801E271856923D04BE672B942F1B.e.14097","ELEMENT":"f.3A2B8E27F6B6549B06BE95D0839BE483.d.E5E2801E271856923D04BE672B942F1B.e.14097"}]}
COMMAND: POST /session/79689850af1d41ef46dc131fe5890470/element - {"using":"css selector","value":"#shell-header-logo"}
COMMAND: GET /session/79689850af1d41ef46dc131fe5890470/screenshot - {}
RESULT: {}
RESULT: {"using":"css selector","value":"#shell-header-logo"}
COMMAND: POST /session/79689850af1d41ef46dc131fe5890470/element/f.3A2B8E27F6B6549B06BE95D0839BE483.d.E5E2801E271856923D04BE672B942F1B.e.14097/click - {}
RESULT: {}
RESULT: {}
COMMAND: GET /session/79689850af1d41ef46dc131fe5890470/screenshot - {}
RESULT: {}
COMMAND: POST /session/79689850af1d41ef46dc131fe5890470/execute/async - {"script":"<script> [189 bytes]","args":[]}
RESULT: {"script":"<script> [189 bytes]","args":[]}
COMMAND: POST /session/79689850af1d41ef46dc131fe5890470/execute/async - {"script":"<script> [123 bytes]","args":[]}
RESULT: {"script":"<script> [123 bytes]","args":[]}
COMMAND: POST /session/79689850af1d41ef46dc131fe5890470/timeouts - {"script":"<number>"}
RESULT: {"script":"<number>"}
COMMAND: GET /session/79689850af1d41ef46dc131fe5890470/timeouts - {}
RESULT: {}
RESULT: undefined
COMMAND: POST /session/79689850af1d41ef46dc131fe5890470/execute/async - {"script":"<script> [2676 bytes]","args":[]}
RESULT: {"script":"<script> [2676 bytes]","args":[]}
COMMAND: POST /session/79689850af1d41ef46dc131fe5890470/execute/async - {"script":"<script> [2342 bytes]","args":[{"protocol":"http","hostname":"0.0.0.0","path":"/","capabilities":{"browserName":"chrome","goog:chromeOptions":{"binary":"C:\\Program Files\\Google\\Chrome\\Application\\chrome.exe","args":["--start-maximized"]}},"logLevel":"warn","connectionRetryTimeout":120000,"connectionRetryCount":3,"logLevels":{},"enableDirectConnect":true,"strictSSL":true,"_":"65 more keys: [\"cacheDir\",\"port\",\"requestedCapabilities\",\"automationProtocol\",\"baseUrl\",\"waitforInterval\",\"waitforTimeout\",\"onReload\",\"beforeCommand\",\"afterCommand\",\"rootDir\",\"specs\",\"suites\",\"exclude\",\"groupLogsByTestSpec\",\"excludeDriverLogs\",\"bail\",\"framework\",\"reporters\",\"services\",\"maxInstances\",\"maxInstancesPerCapability\",\"injectGlobals\",\"filesToWatch\",\"execArgv\",\"runnerEnv\",\"runner\",\"shard\",\"specFileRetries\",\"specFileRetriesDelay\",\"specFileRetriesDeferred\",\"reporterSyncInterval\",\"reporterSyncTimeout\",\"cucumberFeaturesWithLineNumbers\",\"autoCompileOpts\",\"mochaOpts\",\"jasmineOpts\",\"cucumberOpts\",\"onPrepare\",\"onWorkerStart\",\"onWorkerEnd\",\"before\",\"beforeSession\",\"beforeSuite\",\"beforeHook\",\"beforeTest\",\"afterTest\",\"afterHook\",\"afterSuite\",\"afterSession\",\"after\",\"onComplete\",\"beforeAssertion\",\"afterAssertion\",\"beforeFeature\",\"beforeScenario\",\"beforeStep\",\"afterStep\",\"afterScenario\",\"afterFeature\",\"_\",\"suite\",\"$0\",\"ignoredWorkerServices\",\"wdi5\"]"}]}
RESULT: {"script":"<script> [2342 bytes]","args":[{"protocol":"http","hostname":"0.0.0.0","path":"/","capabilities":{"browserName":"chrome","goog:chromeOptions":{"binary":"C:\\Program Files\\Google\\Chrome\\Application\\chrome.exe","args":["--start-maximized"]}},"logLevel":"warn","connectionRetryTimeout":120000,"connectionRetryCount":3,"logLevels":{},"enableDirectConnect":true,"strictSSL":true,"_":"65 more keys: [\"cacheDir\",\"port\",\"requestedCapabilities\",\"automationProtocol\",\"baseUrl\",\"waitforInterval\",\"waitforTimeout\",\"onReload\",\"beforeCommand\",\"afterCommand\",\"rootDir\",\"specs\",\"suites\",\"exclude\",\"groupLogsByTestSpec\",\"excludeDriverLogs\",\"bail\",\"framework\",\"reporters\",\"services\",\"maxInstances\",\"maxInstancesPerCapability\",\"injectGlobals\",\"filesToWatch\",\"execArgv\",\"runnerEnv\",\"runner\",\"shard\",\"specFileRetries\",\"specFileRetriesDelay\",\"specFileRetriesDeferred\",\"reporterSyncInterval\",\"reporterSyncTimeout\",\"cucumberFeaturesWithLineNumbers\",\"autoCompileOpts\",\"mochaOpts\",\"jasmineOpts\",\"cucumberOpts\",\"onPrepare\",\"onWorkerStart\",\"onWorkerEnd\",\"before\",\"beforeSession\",\"beforeSuite\",\"beforeHook\",\"beforeTest\",\"afterTest\",\"afterHook\",\"afterSuite\",\"afterSession\",\"after\",\"onComplete\",\"beforeAssertion\",\"afterAssertion\",\"beforeFeature\",\"beforeScenario\",\"beforeStep\",\"afterStep\",\"afterScenario\",\"afterFeature\",\"_\",\"suite\",\"$0\",\"ignoredWorkerServices\",\"wdi5\"]"}]}
COMMAND: POST /session/79689850af1d41ef46dc131fe5890470/execute/async - {"script":"<script> [21126 bytes]","args":[35000]}
RESULT: {"script":"<script> [21126 bytes]","args":[35000]}
COMMAND: POST /session/79689850af1d41ef46dc131fe5890470/window/maximize - {}
RESULT: {}
COMMAND: POST /session/79689850af1d41ef46dc131fe5890470/execute/async - {"script":"<script> [1562 bytes]","args":[{"selector":{"id":"shell-header","interaction":{"idSuffix":"icon"}},"wdio_ui5_key":"shellheader"}]}
COMMAND: GET /session/79689850af1d41ef46dc131fe5890470/screenshot - {}
RESULT: {"script":"<script> [1562 bytes]","args":[{"selector":{"id":"shell-header","interaction":{"idSuffix":"icon"}},"wdio_ui5_key":"shellheader"}]}
RESULT: undefined
COMMAND: POST /session/79689850af1d41ef46dc131fe5890470/refresh - {}
RESULT: {}
RESULT: {}
COMMAND: GET /session/79689850af1d41ef46dc131fe5890470/screenshot - {}
RESULT: {}
COMMAND: POST /session/79689850af1d41ef46dc131fe5890470/refresh - {}
RESULT: {}
COMMAND: GET /session/79689850af1d41ef46dc131fe5890470/screenshot - {}
RESULT: {}
COMMAND: POST /session/79689850af1d41ef46dc131fe5890470/window/fullscreen - {}
RESULT: {}
COMMAND: POST /session/79689850af1d41ef46dc131fe5890470/execute/async - {"script":"<script> [189 bytes]","args":[]}
RESULT: {"script":"<script> [189 bytes]","args":[]}
COMMAND: POST /session/79689850af1d41ef46dc131fe5890470/execute/async - {"script":"<script> [123 bytes]","args":[]}
RESULT: {"script":"<script> [123 bytes]","args":[]}
COMMAND: POST /session/79689850af1d41ef46dc131fe5890470/timeouts - {"script":"<number>"}
RESULT: {"script":"<number>"}
COMMAND: GET /session/79689850af1d41ef46dc131fe5890470/timeouts - {}
RESULT: {}
RESULT: undefined
COMMAND: POST /session/79689850af1d41ef46dc131fe5890470/execute/async - {"script":"<script> [2676 bytes]","args":[]}
RESULT: {"script":"<script> [2676 bytes]","args":[]}
COMMAND: POST /session/79689850af1d41ef46dc131fe5890470/execute/async - {"script":"<script> [2342 bytes]","args":[{"protocol":"http","hostname":"0.0.0.0","path":"/","capabilities":{"browserName":"chrome","goog:chromeOptions":{"binary":"C:\\Program Files\\Google\\Chrome\\Application\\chrome.exe","args":["--start-maximized"]}},"logLevel":"warn","connectionRetryTimeout":120000,"connectionRetryCount":3,"logLevels":{},"enableDirectConnect":true,"strictSSL":true,"_":"65 more keys: [\"cacheDir\",\"port\",\"requestedCapabilities\",\"automationProtocol\",\"baseUrl\",\"waitforInterval\",\"waitforTimeout\",\"onReload\",\"beforeCommand\",\"afterCommand\",\"rootDir\",\"specs\",\"suites\",\"exclude\",\"groupLogsByTestSpec\",\"excludeDriverLogs\",\"bail\",\"framework\",\"reporters\",\"services\",\"maxInstances\",\"maxInstancesPerCapability\",\"injectGlobals\",\"filesToWatch\",\"execArgv\",\"runnerEnv\",\"runner\",\"shard\",\"specFileRetries\",\"specFileRetriesDelay\",\"specFileRetriesDeferred\",\"reporterSyncInterval\",\"reporterSyncTimeout\",\"cucumberFeaturesWithLineNumbers\",\"autoCompileOpts\",\"mochaOpts\",\"jasmineOpts\",\"cucumberOpts\",\"onPrepare\",\"onWorkerStart\",\"onWorkerEnd\",\"before\",\"beforeSession\",\"beforeSuite\",\"beforeHook\",\"beforeTest\",\"afterTest\",\"afterHook\",\"afterSuite\",\"afterSession\",\"after\",\"onComplete\",\"beforeAssertion\",\"afterAssertion\",\"beforeFeature\",\"beforeScenario\",\"beforeStep\",\"afterStep\",\"afterScenario\",\"afterFeature\",\"_\",\"suite\",\"$0\",\"ignoredWorkerServices\",\"wdi5\"]"}]}
RESULT: {"script":"<script> [2342 bytes]","args":[{"protocol":"http","hostname":"0.0.0.0","path":"/","capabilities":{"browserName":"chrome","goog:chromeOptions":{"binary":"C:\\Program Files\\Google\\Chrome\\Application\\chrome.exe","args":["--start-maximized"]}},"logLevel":"warn","connectionRetryTimeout":120000,"connectionRetryCount":3,"logLevels":{},"enableDirectConnect":true,"strictSSL":true,"_":"65 more keys: [\"cacheDir\",\"port\",\"requestedCapabilities\",\"automationProtocol\",\"baseUrl\",\"waitforInterval\",\"waitforTimeout\",\"onReload\",\"beforeCommand\",\"afterCommand\",\"rootDir\",\"specs\",\"suites\",\"exclude\",\"groupLogsByTestSpec\",\"excludeDriverLogs\",\"bail\",\"framework\",\"reporters\",\"services\",\"maxInstances\",\"maxInstancesPerCapability\",\"injectGlobals\",\"filesToWatch\",\"execArgv\",\"runnerEnv\",\"runner\",\"shard\",\"specFileRetries\",\"specFileRetriesDelay\",\"specFileRetriesDeferred\",\"reporterSyncInterval\",\"reporterSyncTimeout\",\"cucumberFeaturesWithLineNumbers\",\"autoCompileOpts\",\"mochaOpts\",\"jasmineOpts\",\"cucumberOpts\",\"onPrepare\",\"onWorkerStart\",\"onWorkerEnd\",\"before\",\"beforeSession\",\"beforeSuite\",\"beforeHook\",\"beforeTest\",\"afterTest\",\"afterHook\",\"afterSuite\",\"afterSession\",\"after\",\"onComplete\",\"beforeAssertion\",\"afterAssertion\",\"beforeFeature\",\"beforeScenario\",\"beforeStep\",\"afterStep\",\"afterScenario\",\"afterFeature\",\"_\",\"suite\",\"$0\",\"ignoredWorkerServices\",\"wdi5\"]"}]}
COMMAND: POST /session/79689850af1d41ef46dc131fe5890470/execute/async - {"script":"<script> [21126 bytes]","args":[35000]}
RESULT: {"script":"<script> [21126 bytes]","args":[35000]}
]]></system-out>
    </testcase>
  </testsuite>
  <testsuite timestamp="2025-05-02T06:05:38" time="708.236" tests="13" failures="0" errors="0" skipped="0">
    <properties>
      <property name="specId" value="0" />
      <property name="suiteName" value="Performance based billing (work days) US139742" />
      <property name="capabilities" value="chrome.135_0_7049_96.windows" />
      <property name="file" value="file:///D:/a/1/s/test/specs/BTS/billing-performance-workdays.spec.js" />
    </properties>
    <testcase classname="chrome.135_0_7049_96.windows.Performance_based_billing_(work_days)_US139742" name="Should create a new yard" time="0.015">
      <system-out><![CDATA[
COMMAND: POST /session/79689850af1d41ef46dc131fe5890470/window/fullscreen - {}
RESULT: {}
]]></system-out>
    </testcase>
    <testcase classname="chrome.135_0_7049_96.windows.Performance_based_billing_(work_days)_US139742" name="Should create a new partner" time="0.004" />
    <testcase classname="chrome.135_0_7049_96.windows.Performance_based_billing_(work_days)_US139742" name="Should create a new site" time="0.003" />
    <testcase classname="chrome.135_0_7049_96.windows.Performance_based_billing_(work_days)_US139742" name="Should do prerequisite steps add equipment" time="117.057">
      <system-out><![CDATA[
COMMAND: POST /session/79689850af1d41ef46dc131fe5890470/execute/async - {"script":"<script> [1562 bytes]","args":[{"selector":{"controlType":"sap.m.GenericTile","properties":{"header":"Manage Resources"}},"wdio_ui5_key":"sapm.GenericTile{\"header\":\"Manage Resources\"}"}]}
RESULT: {"script":"<script> [1562 bytes]","args":[{"selector":{"controlType":"sap.m.GenericTile","properties":{"header":"Manage Resources"}},"wdio_ui5_key":"sapm.GenericTile{\"header\":\"Manage Resources\"}"}]}
RESULT: undefined
COMMAND: POST /session/79689850af1d41ef46dc131fe5890470/element - {"using":"xpath","value":"//*[@id=\"__tile39\"]"}
RESULT: {"using":"xpath","value":"//*[@id=\"__tile39\"]"}
COMMAND: POST /session/79689850af1d41ef46dc131fe5890470/element/f.3A2B8E27F6B6549B06BE95D0839BE483.d.7DB833CD5BA2FAAACED9440BA9D61849.e.14256/click - {}
RESULT: {}
COMMAND: POST /session/79689850af1d41ef46dc131fe5890470/element - {"using":"xpath","value":"//button[@data-kt=\"addNewRUOverflowToolbarButton\"]"}
COMMAND: GET /session/79689850af1d41ef46dc131fe5890470/screenshot - {}
RESULT: {"using":"xpath","value":"//button[@data-kt=\"addNewRUOverflowToolbarButton\"]"}
COMMAND: POST /session/79689850af1d41ef46dc131fe5890470/elements - {"using":"xpath","value":"//button[@data-kt=\"addNewRUOverflowToolbarButton\"]"}
RESULT: {}
RESULT: {"using":"xpath","value":"//button[@data-kt=\"addNewRUOverflowToolbarButton\"]"}
COMMAND: POST /session/79689850af1d41ef46dc131fe5890470/elements - {"using":"xpath","value":"//button[@data-kt=\"addNewRUOverflowToolbarButton\"]"}
RESULT: {"using":"xpath","value":"//button[@data-kt=\"addNewRUOverflowToolbarButton\"]"}
COMMAND: POST /session/79689850af1d41ef46dc131fe5890470/elements - {"using":"xpath","value":"//button[@data-kt=\"addNewRUOverflowToolbarButton\"]"}
RESULT: {"using":"xpath","value":"//button[@data-kt=\"addNewRUOverflowToolbarButton\"]"}
COMMAND: POST /session/79689850af1d41ef46dc131fe5890470/elements - {"using":"xpath","value":"//button[@data-kt=\"addNewRUOverflowToolbarButton\"]"}
RESULT: {"using":"xpath","value":"//button[@data-kt=\"addNewRUOverflowToolbarButton\"]"}
COMMAND: POST /session/79689850af1d41ef46dc131fe5890470/elements - {"using":"xpath","value":"//button[@data-kt=\"addNewRUOverflowToolbarButton\"]"}
RESULT: {"using":"xpath","value":"//button[@data-kt=\"addNewRUOverflowToolbarButton\"]"}
COMMAND: POST /session/79689850af1d41ef46dc131fe5890470/elements - {"using":"xpath","value":"//button[@data-kt=\"addNewRUOverflowToolbarButton\"]"}
RESULT: {"using":"xpath","value":"//button[@data-kt=\"addNewRUOverflowToolbarButton\"]"}
COMMAND: POST /session/79689850af1d41ef46dc131fe5890470/elements - {"using":"xpath","value":"//button[@data-kt=\"addNewRUOverflowToolbarButton\"]"}
RESULT: {"using":"xpath","value":"//button[@data-kt=\"addNewRUOverflowToolbarButton\"]"}
COMMAND: POST /session/79689850af1d41ef46dc131fe5890470/elements - {"using":"xpath","value":"//button[@data-kt=\"addNewRUOverflowToolbarButton\"]"}
RESULT: {"using":"xpath","value":"//button[@data-kt=\"addNewRUOverflowToolbarButton\"]"}
COMMAND: POST /session/79689850af1d41ef46dc131fe5890470/elements - {"using":"xpath","value":"//button[@data-kt=\"addNewRUOverflowToolbarButton\"]"}
RESULT: {"using":"xpath","value":"//button[@data-kt=\"addNewRUOverflowToolbarButton\"]"}
COMMAND: POST /session/79689850af1d41ef46dc131fe5890470/elements - {"using":"xpath","value":"//button[@data-kt=\"addNewRUOverflowToolbarButton\"]"}
RESULT: {"using":"xpath","value":"//button[@data-kt=\"addNewRUOverflowToolbarButton\"]"}
COMMAND: POST /session/79689850af1d41ef46dc131fe5890470/elements - {"using":"xpath","value":"//button[@data-kt=\"addNewRUOverflowToolbarButton\"]"}
RESULT: {"using":"xpath","value":"//button[@data-kt=\"addNewRUOverflowToolbarButton\"]"}
COMMAND: POST /session/79689850af1d41ef46dc131fe5890470/elements - {"using":"xpath","value":"//button[@data-kt=\"addNewRUOverflowToolbarButton\"]"}
RESULT: {"using":"xpath","value":"//button[@data-kt=\"addNewRUOverflowToolbarButton\"]"}
COMMAND: POST /session/79689850af1d41ef46dc131fe5890470/elements - {"using":"xpath","value":"//button[@data-kt=\"addNewRUOverflowToolbarButton\"]"}
RESULT: {"using":"xpath","value":"//button[@data-kt=\"addNewRUOverflowToolbarButton\"]"}
COMMAND: POST /session/79689850af1d41ef46dc131fe5890470/elements - {"using":"xpath","value":"//button[@data-kt=\"addNewRUOverflowToolbarButton\"]"}
RESULT: {"using":"xpath","value":"//button[@data-kt=\"addNewRUOverflowToolbarButton\"]"}
COMMAND: POST /session/79689850af1d41ef46dc131fe5890470/elements - {"using":"xpath","value":"//button[@data-kt=\"addNewRUOverflowToolbarButton\"]"}
RESULT: {"using":"xpath","value":"//button[@data-kt=\"addNewRUOverflowToolbarButton\"]"}
COMMAND: POST /session/79689850af1d41ef46dc131fe5890470/elements - {"using":"xpath","value":"//button[@data-kt=\"addNewRUOverflowToolbarButton\"]"}
RESULT: {"using":"xpath","value":"//button[@data-kt=\"addNewRUOverflowToolbarButton\"]"}
COMMAND: POST /session/79689850af1d41ef46dc131fe5890470/elements - {"using":"xpath","value":"//button[@data-kt=\"addNewRUOverflowToolbarButton\"]"}
RESULT: {"using":"xpath","value":"//button[@data-kt=\"addNewRUOverflowToolbarButton\"]"}
COMMAND: POST /session/79689850af1d41ef46dc131fe5890470/elements - {"using":"xpath","value":"//button[@data-kt=\"addNewRUOverflowToolbarButton\"]"}
RESULT: {"using":"xpath","value":"//button[@data-kt=\"addNewRUOverflowToolbarButton\"]"}
COMMAND: POST /session/79689850af1d41ef46dc131fe5890470/element - {"using":"xpath","value":"//button[@data-kt=\"addNewRUOverflowToolbarButton\"]"}
RESULT: {"using":"xpath","value":"//button[@data-kt=\"addNewRUOverflowToolbarButton\"]"}
COMMAND: POST /session/79689850af1d41ef46dc131fe5890470/execute/sync - {"script":"<script> [8489 bytes]","args":[{"element-6066-11e4-a52e-4f735466cecf":"f.3A2B8E27F6B6549B06BE95D0839BE483.d.7DB833CD5BA2FAAACED9440BA9D61849.e.14395","ELEMENT":"f.3A2B8E27F6B6549B06BE95D0839BE483.d.7DB833CD5BA2FAAACED9440BA9D61849.e.14395"}]}
RESULT: {"script":"<script> [8489 bytes]","args":[{"element-6066-11e4-a52e-4f735466cecf":"f.3A2B8E27F6B6549B06BE95D0839BE483.d.7DB833CD5BA2FAAACED9440BA9D61849.e.14395","ELEMENT":"f.3A2B8E27F6B6549B06BE95D0839BE483.d.7DB833CD5BA2FAAACED9440BA9D61849.e.14395"}]}
COMMAND: GET /session/79689850af1d41ef46dc131fe5890470/element/f.3A2B8E27F6B6549B06BE95D0839BE483.d.7DB833CD5BA2FAAACED9440BA9D61849.e.14395/enabled - {}
COMMAND: GET /session/79689850af1d41ef46dc131fe5890470/screenshot - {}
RESULT: {}
COMMAND: POST /session/79689850af1d41ef46dc131fe5890470/execute/sync - {"script":"<script> [8489 bytes]","args":[{"element-6066-11e4-a52e-4f735466cecf":"f.3A2B8E27F6B6549B06BE95D0839BE483.d.7DB833CD5BA2FAAACED9440BA9D61849.e.14395","ELEMENT":"f.3A2B8E27F6B6549B06BE95D0839BE483.d.7DB833CD5BA2FAAACED9440BA9D61849.e.14395"}]}
COMMAND: GET /session/79689850af1d41ef46dc131fe5890470/screenshot - {}
RESULT: {}
RESULT: {"script":"<script> [8489 bytes]","args":[{"element-6066-11e4-a52e-4f735466cecf":"f.3A2B8E27F6B6549B06BE95D0839BE483.d.7DB833CD5BA2FAAACED9440BA9D61849.e.14395","ELEMENT":"f.3A2B8E27F6B6549B06BE95D0839BE483.d.7DB833CD5BA2FAAACED9440BA9D61849.e.14395"}]}
COMMAND: POST /session/79689850af1d41ef46dc131fe5890470/execute/sync - {"script":"<script> [5351 bytes]","args":[{"element-6066-11e4-a52e-4f735466cecf":"f.3A2B8E27F6B6549B06BE95D0839BE483.d.7DB833CD5BA2FAAACED9440BA9D61849.e.14395","ELEMENT":"f.3A2B8E27F6B6549B06BE95D0839BE483.d.7DB833CD5BA2FAAACED9440BA9D61849.e.14395"}]}
COMMAND: GET /session/79689850af1d41ef46dc131fe5890470/screenshot - {}
RESULT: {}
RESULT: {"script":"<script> [5351 bytes]","args":[{"element-6066-11e4-a52e-4f735466cecf":"f.3A2B8E27F6B6549B06BE95D0839BE483.d.7DB833CD5BA2FAAACED9440BA9D61849.e.14395","ELEMENT":"f.3A2B8E27F6B6549B06BE95D0839BE483.d.7DB833CD5BA2FAAACED9440BA9D61849.e.14395"}]}
COMMAND: POST /session/79689850af1d41ef46dc131fe5890470/element/f.3A2B8E27F6B6549B06BE95D0839BE483.d.7DB833CD5BA2FAAACED9440BA9D61849.e.14395/click - {}
COMMAND: GET /session/79689850af1d41ef46dc131fe5890470/screenshot - {}
RESULT: {}
RESULT: {}
COMMAND: GET /session/79689850af1d41ef46dc131fe5890470/screenshot - {}
RESULT: {}
RESULT: {}
COMMAND: POST /session/79689850af1d41ef46dc131fe5890470/execute/async - {"script":"<script> [1562 bytes]","args":[{"selector":{"id":"application-manageresources-display-component---newResourceUnit--TYPE-arrow"},"wdio_ui5_key":"applicationmanageresources-display-component---newResourceUnit--TYPE-arrow"}]}
RESULT: {"script":"<script> [1562 bytes]","args":[{"selector":{"id":"application-manageresources-display-component---newResourceUnit--TYPE-arrow"},"wdio_ui5_key":"applicationmanageresources-display-component---newResourceUnit--TYPE-arrow"}]}
RESULT: undefined
COMMAND: POST /session/79689850af1d41ef46dc131fe5890470/element - {"using":"xpath","value":"//*[@id=\"application-manageresources-display-component---newResourceUnit--TYPE-arrow\"]"}
RESULT: {"using":"xpath","value":"//*[@id=\"application-manageresources-display-component---newResourceUnit--TYPE-arrow\"]"}
COMMAND: POST /session/79689850af1d41ef46dc131fe5890470/element/f.3A2B8E27F6B6549B06BE95D0839BE483.d.7DB833CD5BA2FAAACED9440BA9D61849.e.14771/click - {}
RESULT: {}
COMMAND: POST /session/79689850af1d41ef46dc131fe5890470/element - {"using":"xpath","value":"//input[@id=\"application-manageresources-display-component---newResourceUnit--TYPE-inner\"]"}
COMMAND: GET /session/79689850af1d41ef46dc131fe5890470/screenshot - {}
RESULT: {"using":"xpath","value":"//input[@id=\"application-manageresources-display-component---newResourceUnit--TYPE-inner\"]"}
COMMAND: POST /session/79689850af1d41ef46dc131fe5890470/element/f.3A2B8E27F6B6549B06BE95D0839BE483.d.7DB833CD5BA2FAAACED9440BA9D61849.e.14745/clear - {}
RESULT: {}
RESULT: {}
COMMAND: POST /session/79689850af1d41ef46dc131fe5890470/element/f.3A2B8E27F6B6549B06BE95D0839BE483.d.7DB833CD5BA2FAAACED9440BA9D61849.e.14745/value - {"text":"Equipment"}
COMMAND: GET /session/79689850af1d41ef46dc131fe5890470/screenshot - {}
RESULT: {"text":"Equipment"}
COMMAND: GET /session/79689850af1d41ef46dc131fe5890470/screenshot - {}
RESULT: {}
RESULT: {}
COMMAND: POST /session/79689850af1d41ef46dc131fe5890470/actions - {"actions":[{"id":"action50","type":"key","parameters":{},"actions":[{"type":"keyDown","value":"î€‡"},{"type":"pause","duration":10},{"type":"keyUp","value":"î€‡"}]}]}
RESULT: {"actions":[{"id":"action50","type":"key","parameters":{},"actions":[{"type":"keyDown","value":"î€‡"},{"type":"pause","duration":10},{"type":"keyUp","value":"î€‡"}]}]}
COMMAND: POST /session/79689850af1d41ef46dc131fe5890470/execute/async - {"script":"<script> [1562 bytes]","args":[{"selector":{"id":"application-manageresources-display-component---newResourceUnit--resourceId","interaction":{"idSuffix":"inner"}},"wdio_ui5_key":"applicationmanageresources-display-component---newResourceUnit--resourceId"}]}
COMMAND: GET /session/79689850af1d41ef46dc131fe5890470/screenshot - {}
RESULT: {"script":"<script> [1562 bytes]","args":[{"selector":{"id":"application-manageresources-display-component---newResourceUnit--resourceId","interaction":{"idSuffix":"inner"}},"wdio_ui5_key":"applicationmanageresources-display-component---newResourceUnit--resourceId"}]}
RESULT: undefined
COMMAND: POST /session/79689850af1d41ef46dc131fe5890470/execute/async - {"script":"<script> [776 bytes]","args":[{"enterText":"Z1wOfBZ6sq","selector":{"id":"application-manageresources-display-component---newResourceUnit--resourceId","interaction":{"idSuffix":"inner"}},"clearTextFirst":true,"interactionType":"ENTER_TEXT"}]}
RESULT: {}
RESULT: {"script":"<script> [776 bytes]","args":[{"enterText":"Z1wOfBZ6sq","selector":{"id":"application-manageresources-display-component---newResourceUnit--resourceId","interaction":{"idSuffix":"inner"}},"clearTextFirst":true,"interactionType":"ENTER_TEXT"}]}
COMMAND: POST /session/79689850af1d41ef46dc131fe5890470/execute/async - {"script":"<script> [1562 bytes]","args":[{"selector":{"id":"application-manageresources-display-component---newResourceUnit--SHORT_TEXT","interaction":{"idSuffix":"inner"}},"wdio_ui5_key":"applicationmanageresources-display-component---newResourceUnit--SHORT_TEXT"}]}
RESULT: {"script":"<script> [1562 bytes]","args":[{"selector":{"id":"application-manageresources-display-component---newResourceUnit--SHORT_TEXT","interaction":{"idSuffix":"inner"}},"wdio_ui5_key":"applicationmanageresources-display-component---newResourceUnit--SHORT_TEXT"}]}
RESULT: undefined
COMMAND: POST /session/79689850af1d41ef46dc131fe5890470/execute/async - {"script":"<script> [776 bytes]","args":[{"enterText":"Intercompany Equipment WDIO","selector":{"id":"application-manageresources-display-component---newResourceUnit--SHORT_TEXT","interaction":{"idSuffix":"inner"}},"clearTextFirst":true,"interactionType":"ENTER_TEXT"}]}
RESULT: {"script":"<script> [776 bytes]","args":[{"enterText":"Intercompany Equipment WDIO","selector":{"id":"application-manageresources-display-component---newResourceUnit--SHORT_TEXT","interaction":{"idSuffix":"inner"}},"clearTextFirst":true,"interactionType":"ENTER_TEXT"}]}
COMMAND: POST /session/79689850af1d41ef46dc131fe5890470/execute/async - {"script":"<script> [1562 bytes]","args":[{"selector":{"id":"application-manageresources-display-component---newResourceUnit--BASE_UNIT_OF_MEASURE","interaction":{"idSuffix":"inner"}},"wdio_ui5_key":"applicationmanageresources-display-component---newResourceUnit--BASE_UNIT_OF_MEASURE"}]}
RESULT: {"script":"<script> [1562 bytes]","args":[{"selector":{"id":"application-manageresources-display-component---newResourceUnit--BASE_UNIT_OF_MEASURE","interaction":{"idSuffix":"inner"}},"wdio_ui5_key":"applicationmanageresources-display-component---newResourceUnit--BASE_UNIT_OF_MEASURE"}]}
RESULT: undefined
COMMAND: POST /session/79689850af1d41ef46dc131fe5890470/execute/async - {"script":"<script> [776 bytes]","args":[{"enterText":"Piece","selector":{"id":"application-manageresources-display-component---newResourceUnit--BASE_UNIT_OF_MEASURE","interaction":{"idSuffix":"inner"}},"clearTextFirst":true,"interactionType":"ENTER_TEXT"}]}
RESULT: {"script":"<script> [776 bytes]","args":[{"enterText":"Piece","selector":{"id":"application-manageresources-display-component---newResourceUnit--BASE_UNIT_OF_MEASURE","interaction":{"idSuffix":"inner"}},"clearTextFirst":true,"interactionType":"ENTER_TEXT"}]}
COMMAND: POST /session/79689850af1d41ef46dc131fe5890470/execute/async - {"script":"<script> [1562 bytes]","args":[{"selector":{"id":"application-manageresources-display-component---newResourceUnit--WEIGHT_UNIT","interaction":{"idSuffix":"inner"}},"wdio_ui5_key":"applicationmanageresources-display-component---newResourceUnit--WEIGHT_UNIT"}]}
RESULT: {"script":"<script> [1562 bytes]","args":[{"selector":{"id":"application-manageresources-display-component---newResourceUnit--WEIGHT_UNIT","interaction":{"idSuffix":"inner"}},"wdio_ui5_key":"applicationmanageresources-display-component---newResourceUnit--WEIGHT_UNIT"}]}
RESULT: undefined
COMMAND: POST /session/79689850af1d41ef46dc131fe5890470/execute/async - {"script":"<script> [776 bytes]","args":[{"enterText":"Gram","selector":{"id":"application-manageresources-display-component---newResourceUnit--WEIGHT_UNIT","interaction":{"idSuffix":"inner"}},"clearTextFirst":true,"interactionType":"ENTER_TEXT"}]}
RESULT: {"script":"<script> [776 bytes]","args":[{"enterText":"Gram","selector":{"id":"application-manageresources-display-component---newResourceUnit--WEIGHT_UNIT","interaction":{"idSuffix":"inner"}},"clearTextFirst":true,"interactionType":"ENTER_TEXT"}]}
COMMAND: POST /session/79689850af1d41ef46dc131fe5890470/execute/async - {"script":"<script> [1562 bytes]","args":[{"selector":{"id":"application-manageresources-display-component---newResourceUnit--DIMENSION_UNIT","interaction":{"idSuffix":"inner"}},"wdio_ui5_key":"applicationmanageresources-display-component---newResourceUnit--DIMENSION_UNIT"}]}
RESULT: {"script":"<script> [1562 bytes]","args":[{"selector":{"id":"application-manageresources-display-component---newResourceUnit--DIMENSION_UNIT","interaction":{"idSuffix":"inner"}},"wdio_ui5_key":"applicationmanageresources-display-component---newResourceUnit--DIMENSION_UNIT"}]}
RESULT: undefined
COMMAND: POST /session/79689850af1d41ef46dc131fe5890470/execute/async - {"script":"<script> [776 bytes]","args":[{"enterText":"Meter","selector":{"id":"application-manageresources-display-component---newResourceUnit--DIMENSION_UNIT","interaction":{"idSuffix":"inner"}},"clearTextFirst":true,"interactionType":"ENTER_TEXT"}]}
RESULT: {"script":"<script> [776 bytes]","args":[{"enterText":"Meter","selector":{"id":"application-manageresources-display-component---newResourceUnit--DIMENSION_UNIT","interaction":{"idSuffix":"inner"}},"clearTextFirst":true,"interactionType":"ENTER_TEXT"}]}
COMMAND: POST /session/79689850af1d41ef46dc131fe5890470/execute/async - {"script":"<script> [1562 bytes]","args":[{"selector":{"id":"application-manageresources-display-component---newResourceUnit--newRRUPage-anchBar-application-manageresources-display-component---newResourceUnit--control-anchor","interaction":{"idSuffix":"BDI-content"}},"wdio_ui5_key":"applicationmanageresources-display-component---newResourceUnit--newRRUPage-anchBar-application-manageresources-display-component---newResourceUnit--control-anchor"}]}
RESULT: {"script":"<script> [1562 bytes]","args":[{"selector":{"id":"application-manageresources-display-component---newResourceUnit--newRRUPage-anchBar-application-manageresources-display-component---newResourceUnit--control-anchor","interaction":{"idSuffix":"BDI-content"}},"wdio_ui5_key":"applicationmanageresources-display-component---newResourceUnit--newRRUPage-anchBar-application-manageresources-display-component---newResourceUnit--control-anchor"}]}
RESULT: undefined
COMMAND: POST /session/79689850af1d41ef46dc131fe5890470/element - {"using":"xpath","value":"//*[@id=\"application-manageresources-display-component---newResourceUnit--newRRUPage-anchBar-application-manageresources-display-component---newResourceUnit--control-anchor\"]"}
RESULT: {"using":"xpath","value":"//*[@id=\"application-manageresources-display-component---newResourceUnit--newRRUPage-anchBar-application-manageresources-display-component---newResourceUnit--control-anchor\"]"}
COMMAND: POST /session/79689850af1d41ef46dc131fe5890470/element/f.3A2B8E27F6B6549B06BE95D0839BE483.d.7DB833CD5BA2FAAACED9440BA9D61849.e.14905/click - {}
RESULT: {}
COMMAND: POST /session/79689850af1d41ef46dc131fe5890470/execute/async - {"script":"<script> [1562 bytes]","args":[{"selector":{"id":"application-manageresources-display-component---newResourceUnit--PLANNING_GROUP","interaction":{"idSuffix":"inner"}},"wdio_ui5_key":"applicationmanageresources-display-component---newResourceUnit--PLANNING_GROUP"}]}
COMMAND: GET /session/79689850af1d41ef46dc131fe5890470/screenshot - {}
RESULT: {"script":"<script> [1562 bytes]","args":[{"selector":{"id":"application-manageresources-display-component---newResourceUnit--PLANNING_GROUP","interaction":{"idSuffix":"inner"}},"wdio_ui5_key":"applicationmanageresources-display-component---newResourceUnit--PLANNING_GROUP"}]}
RESULT: undefined
COMMAND: POST /session/79689850af1d41ef46dc131fe5890470/execute/async - {"script":"<script> [776 bytes]","args":[{"enterText":"Heavy Equi","selector":{"id":"application-manageresources-display-component---newResourceUnit--PLANNING_GROUP","interaction":{"idSuffix":"inner"}},"clearTextFirst":true,"interactionType":"ENTER_TEXT"}]}
RESULT: {}
RESULT: {"script":"<script> [776 bytes]","args":[{"enterText":"Heavy Equi","selector":{"id":"application-manageresources-display-component---newResourceUnit--PLANNING_GROUP","interaction":{"idSuffix":"inner"}},"clearTextFirst":true,"interactionType":"ENTER_TEXT"}]}
COMMAND: POST /session/79689850af1d41ef46dc131fe5890470/execute/async - {"script":"<script> [1562 bytes]","args":[{"selector":{"id":"application-manageresources-display-component---newResourceUnit--ITEM_TYPE-arrow"},"wdio_ui5_key":"applicationmanageresources-display-component---newResourceUnit--ITEM_TYPE-arrow"}]}
RESULT: {"script":"<script> [1562 bytes]","args":[{"selector":{"id":"application-manageresources-display-component---newResourceUnit--ITEM_TYPE-arrow"},"wdio_ui5_key":"applicationmanageresources-display-component---newResourceUnit--ITEM_TYPE-arrow"}]}
RESULT: undefined
COMMAND: POST /session/79689850af1d41ef46dc131fe5890470/element - {"using":"xpath","value":"//*[@id=\"application-manageresources-display-component---newResourceUnit--ITEM_TYPE-arrow\"]"}
RESULT: {"using":"xpath","value":"//*[@id=\"application-manageresources-display-component---newResourceUnit--ITEM_TYPE-arrow\"]"}
COMMAND: POST /session/79689850af1d41ef46dc131fe5890470/element/f.3A2B8E27F6B6549B06BE95D0839BE483.d.7DB833CD5BA2FAAACED9440BA9D61849.e.14914/click - {}
RESULT: {}
COMMAND: POST /session/79689850af1d41ef46dc131fe5890470/element - {"using":"xpath","value":"(//span[contains(text(), \"Resource Unit\")])[2]"}
COMMAND: GET /session/79689850af1d41ef46dc131fe5890470/screenshot - {}
RESULT: {"using":"xpath","value":"(//span[contains(text(), \"Resource Unit\")])[2]"}
COMMAND: POST /session/79689850af1d41ef46dc131fe5890470/element/f.3A2B8E27F6B6549B06BE95D0839BE483.d.7DB833CD5BA2FAAACED9440BA9D61849.e.14915/click - {}
RESULT: {}
RESULT: {}
COMMAND: GET /session/79689850af1d41ef46dc131fe5890470/screenshot - {}
RESULT: {}
COMMAND: POST /session/79689850af1d41ef46dc131fe5890470/element - {"using":"css selector","value":"#application-manageresources-display-component---newResourceUnit--btnAddTimeSegment"}
RESULT: {"using":"css selector","value":"#application-manageresources-display-component---newResourceUnit--btnAddTimeSegment"}
COMMAND: GET /session/79689850af1d41ef46dc131fe5890470/element/f.3A2B8E27F6B6549B06BE95D0839BE483.d.7DB833CD5BA2FAAACED9440BA9D61849.e.14916/rect - {}
RESULT: {}
COMMAND: GET /session/79689850af1d41ef46dc131fe5890470/window/rect - {}
RESULT: {}
COMMAND: POST /session/79689850af1d41ef46dc131fe5890470/execute/sync - {"script":"<script> [92 bytes]","args":[]}
RESULT: {"script":"<script> [92 bytes]","args":[]}
COMMAND: POST /session/79689850af1d41ef46dc131fe5890470/actions - {"actions":[{"id":"action51","type":"wheel","parameters":{},"actions":[{"type":"scroll","x":-1888,"y":-32,"deltaX":0,"deltaY":0,"duration":0,"origin":{"element-6066-11e4-a52e-4f735466cecf":"f.3A2B8E27F6B6549B06BE95D0839BE483.d.7DB833CD5BA2FAAACED9440BA9D61849.e.14916"}}]}]}
COMMAND: GET /session/79689850af1d41ef46dc131fe5890470/screenshot - {}
RESULT: {}
COMMAND: POST /session/79689850af1d41ef46dc131fe5890470/execute/sync - {"script":"<script> [79 bytes]","args":[{"element-6066-11e4-a52e-4f735466cecf":"f.3A2B8E27F6B6549B06BE95D0839BE483.d.7DB833CD5BA2FAAACED9440BA9D61849.e.14916","ELEMENT":"f.3A2B8E27F6B6549B06BE95D0839BE483.d.7DB833CD5BA2FAAACED9440BA9D61849.e.14916"},{"block":"start","inline":"nearest"}]}
RESULT: {"script":"<script> [79 bytes]","args":[{"element-6066-11e4-a52e-4f735466cecf":"f.3A2B8E27F6B6549B06BE95D0839BE483.d.7DB833CD5BA2FAAACED9440BA9D61849.e.14916","ELEMENT":"f.3A2B8E27F6B6549B06BE95D0839BE483.d.7DB833CD5BA2FAAACED9440BA9D61849.e.14916"},{"block":"start","inline":"nearest"}]}
COMMAND: POST /session/79689850af1d41ef46dc131fe5890470/execute/async - {"script":"<script> [1562 bytes]","args":[{"selector":{"id":"application-manageresources-display-component---newResourceUnit--btnAddTimeSegment","interaction":{"idSuffix":"inner"}},"wdio_ui5_key":"applicationmanageresources-display-component---newResourceUnit--btnAddTimeSegment"}]}
COMMAND: GET /session/79689850af1d41ef46dc131fe5890470/screenshot - {}
RESULT: {"script":"<script> [1562 bytes]","args":[{"selector":{"id":"application-manageresources-display-component---newResourceUnit--btnAddTimeSegment","interaction":{"idSuffix":"inner"}},"wdio_ui5_key":"applicationmanageresources-display-component---newResourceUnit--btnAddTimeSegment"}]}
RESULT: undefined
COMMAND: POST /session/79689850af1d41ef46dc131fe5890470/element - {"using":"xpath","value":"//*[@id=\"application-manageresources-display-component---newResourceUnit--btnAddTimeSegment\"]"}
RESULT: {}
RESULT: {"using":"xpath","value":"//*[@id=\"application-manageresources-display-component---newResourceUnit--btnAddTimeSegment\"]"}
COMMAND: POST /session/79689850af1d41ef46dc131fe5890470/element/f.3A2B8E27F6B6549B06BE95D0839BE483.d.7DB833CD5BA2FAAACED9440BA9D61849.e.14916/click - {}
RESULT: {}
COMMAND: GET /session/79689850af1d41ef46dc131fe5890470/screenshot - {}
RESULT: {}
COMMAND: POST /session/79689850af1d41ef46dc131fe5890470/element - {"using":"xpath","value":"//input[@id=\"application-manageresources-display-component---newResourceUnit--idRuTSAdmin-application-manageresources-display-component---newResourceUnit--RUTimeSegment-0-inner\"]"}
RESULT: {"using":"xpath","value":"//input[@id=\"application-manageresources-display-component---newResourceUnit--idRuTSAdmin-application-manageresources-display-component---newResourceUnit--RUTimeSegment-0-inner\"]"}
COMMAND: POST /session/79689850af1d41ef46dc131fe5890470/element/f.3A2B8E27F6B6549B06BE95D0839BE483.d.7DB833CD5BA2FAAACED9440BA9D61849.e.14922/clear - {}
RESULT: {}
COMMAND: POST /session/79689850af1d41ef46dc131fe5890470/element/f.3A2B8E27F6B6549B06BE95D0839BE483.d.7DB833CD5BA2FAAACED9440BA9D61849.e.14922/value - {"text":"496"}
COMMAND: GET /session/79689850af1d41ef46dc131fe5890470/screenshot - {}
RESULT: {"text":"496"}
COMMAND: GET /session/79689850af1d41ef46dc131fe5890470/screenshot - {}
RESULT: {}
RESULT: {}
COMMAND: POST /session/79689850af1d41ef46dc131fe5890470/element - {"using":"xpath","value":"//li[.//span[text()='496']]"}
RESULT: {"using":"xpath","value":"//li[.//span[text()='496']]"}
COMMAND: POST /session/79689850af1d41ef46dc131fe5890470/element/f.3A2B8E27F6B6549B06BE95D0839BE483.d.7DB833CD5BA2FAAACED9440BA9D61849.e.14935/click - {}
RESULT: {}
COMMAND: GET /session/79689850af1d41ef46dc131fe5890470/screenshot - {}
RESULT: {}
COMMAND: POST /session/79689850af1d41ef46dc131fe5890470/element - {"using":"xpath","value":"(//span[contains(@id, \"-application-manageresources-display-component---newResourceUnit--RUTimeSegment-0-arrow\")])[6]"}
RESULT: {"using":"xpath","value":"(//span[contains(@id, \"-application-manageresources-display-component---newResourceUnit--RUTimeSegment-0-arrow\")])[6]"}
COMMAND: POST /session/79689850af1d41ef46dc131fe5890470/element/f.3A2B8E27F6B6549B06BE95D0839BE483.d.7DB833CD5BA2FAAACED9440BA9D61849.e.14936/click - {}
RESULT: {}
COMMAND: GET /session/79689850af1d41ef46dc131fe5890470/screenshot - {}
RESULT: {}
COMMAND: POST /session/79689850af1d41ef46dc131fe5890470/element - {"using":"xpath","value":"//span[contains(text(), \"PM Order\")]"}
RESULT: {"using":"xpath","value":"//span[contains(text(), \"PM Order\")]"}
COMMAND: POST /session/79689850af1d41ef46dc131fe5890470/element/f.3A2B8E27F6B6549B06BE95D0839BE483.d.7DB833CD5BA2FAAACED9440BA9D61849.e.14939/click - {}
RESULT: {}
COMMAND: GET /session/79689850af1d41ef46dc131fe5890470/screenshot - {}
RESULT: {}
COMMAND: POST /session/79689850af1d41ef46dc131fe5890470/element - {"using":"xpath","value":"(//span[contains(@id ,\"manageresources-display-component---newResourceUnit--RUTimeSegment-0-vhi\")])[1]"}
RESULT: {"using":"xpath","value":"(//span[contains(@id ,\"manageresources-display-component---newResourceUnit--RUTimeSegment-0-vhi\")])[1]"}
COMMAND: GET /session/79689850af1d41ef46dc131fe5890470/element/f.3A2B8E27F6B6549B06BE95D0839BE483.d.7DB833CD5BA2FAAACED9440BA9D61849.e.14943/rect - {}
RESULT: {}
COMMAND: GET /session/79689850af1d41ef46dc131fe5890470/window/rect - {}
RESULT: {}
COMMAND: POST /session/79689850af1d41ef46dc131fe5890470/execute/sync - {"script":"<script> [92 bytes]","args":[]}
RESULT: {"script":"<script> [92 bytes]","args":[]}
COMMAND: POST /session/79689850af1d41ef46dc131fe5890470/actions - {"actions":[{"id":"action52","type":"wheel","parameters":{},"actions":[{"type":"scroll","x":-869,"y":-24,"deltaX":0,"deltaY":0,"duration":0,"origin":{"element-6066-11e4-a52e-4f735466cecf":"f.3A2B8E27F6B6549B06BE95D0839BE483.d.7DB833CD5BA2FAAACED9440BA9D61849.e.14943"}}]}]}
COMMAND: GET /session/79689850af1d41ef46dc131fe5890470/screenshot - {}
RESULT: {"actions":[{"id":"action52","type":"wheel","parameters":{},"actions":[{"type":"scroll","x":-869,"y":-24,"deltaX":0,"deltaY":0,"duration":0,"origin":{"element-6066-11e4-a52e-4f735466cecf":"f.3A2B8E27F6B6549B06BE95D0839BE483.d.7DB833CD5BA2FAAACED9440BA9D61849.e.14943"}}]}]}
COMMAND: DELETE /session/79689850af1d41ef46dc131fe5890470/actions - {}
COMMAND: GET /session/79689850af1d41ef46dc131fe5890470/screenshot - {}
RESULT: {}
RESULT: {}
COMMAND: GET /session/79689850af1d41ef46dc131fe5890470/screenshot - {}
RESULT: {}
RESULT: {}
COMMAND: POST /session/79689850af1d41ef46dc131fe5890470/element/f.3A2B8E27F6B6549B06BE95D0839BE483.d.7DB833CD5BA2FAAACED9440BA9D61849.e.14943/click - {}
RESULT: {}
COMMAND: GET /session/79689850af1d41ef46dc131fe5890470/screenshot - {}
RESULT: {}
COMMAND: POST /session/79689850af1d41ef46dc131fe5890470/execute/async - {"script":"<script> [1562 bytes]","args":[{"selector":{"controlType":"sap.m.SearchField","properties":{"placeholder":"Search"},"searchOpenDialogs":true,"interaction":{"idSuffix":"I"}},"wdio_ui5_key":"sapm.SearchField{\"placeholder\":\"Search\"}"}]}
RESULT: {"script":"<script> [1562 bytes]","args":[{"selector":{"controlType":"sap.m.SearchField","properties":{"placeholder":"Search"},"searchOpenDialogs":true,"interaction":{"idSuffix":"I"}},"wdio_ui5_key":"sapm.SearchField{\"placeholder\":\"Search\"}"}]}
RESULT: undefined
COMMAND: POST /session/79689850af1d41ef46dc131fe5890470/execute/async - {"script":"<script> [776 bytes]","args":[{"enterText":"4000360","selector":{"controlType":"sap.m.SearchField","properties":{"placeholder":"Search"},"searchOpenDialogs":true,"interaction":{"idSuffix":"I"}},"clearTextFirst":true,"interactionType":"ENTER_TEXT"}]}
RESULT: {"script":"<script> [776 bytes]","args":[{"enterText":"4000360","selector":{"controlType":"sap.m.SearchField","properties":{"placeholder":"Search"},"searchOpenDialogs":true,"interaction":{"idSuffix":"I"}},"clearTextFirst":true,"interactionType":"ENTER_TEXT"}]}
COMMAND: POST /session/79689850af1d41ef46dc131fe5890470/actions - {"actions":[{"id":"action53","type":"key","parameters":{},"actions":[{"type":"keyDown","value":"î€‡"},{"type":"pause","duration":10},{"type":"keyUp","value":"î€‡"}]}]}
RESULT: {"actions":[{"id":"action53","type":"key","parameters":{},"actions":[{"type":"keyDown","value":"î€‡"},{"type":"pause","duration":10},{"type":"keyUp","value":"î€‡"}]}]}
COMMAND: GET /session/79689850af1d41ef46dc131fe5890470/screenshot - {}
RESULT: {}
COMMAND: POST /session/79689850af1d41ef46dc131fe5890470/element - {"using":"xpath","value":"//td/div/span[contains(text(), \"BGL Vehicles\")]"}
RESULT: {"using":"xpath","value":"//td/div/span[contains(text(), \"BGL Vehicles\")]"}
COMMAND: POST /session/79689850af1d41ef46dc131fe5890470/element/f.3A2B8E27F6B6549B06BE95D0839BE483.d.7DB833CD5BA2FAAACED9440BA9D61849.e.14964/click - {}
RESULT: {}
COMMAND: GET /session/79689850af1d41ef46dc131fe5890470/screenshot - {}
RESULT: {}
COMMAND: POST /session/79689850af1d41ef46dc131fe5890470/element - {"using":"xpath","value":"//bdi[contains(text(), \"OK\")]"}
RESULT: {"using":"xpath","value":"//bdi[contains(text(), \"OK\")]"}
COMMAND: POST /session/79689850af1d41ef46dc131fe5890470/element/f.3A2B8E27F6B6549B06BE95D0839BE483.d.7DB833CD5BA2FAAACED9440BA9D61849.e.14965/click - {}
RESULT: {}
COMMAND: GET /session/79689850af1d41ef46dc131fe5890470/screenshot - {}
RESULT: {}
COMMAND: POST /session/79689850af1d41ef46dc131fe5890470/execute/async - {"script":"<script> [1562 bytes]","args":[{"selector":{"id":"application-manageresources-display-component---newResourceUnit--newRRUPage-anchBar-application-manageresources-display-component---newResourceUnit--resource-anchor","interaction":{"idSuffix":"BDI-content"}},"wdio_ui5_key":"applicationmanageresources-display-component---newResourceUnit--newRRUPage-anchBar-application-manageresources-display-component---newResourceUnit--resource-anchor"}]}
RESULT: {"script":"<script> [1562 bytes]","args":[{"selector":{"id":"application-manageresources-display-component---newResourceUnit--newRRUPage-anchBar-application-manageresources-display-component---newResourceUnit--resource-anchor","interaction":{"idSuffix":"BDI-content"}},"wdio_ui5_key":"applicationmanageresources-display-component---newResourceUnit--newRRUPage-anchBar-application-manageresources-display-component---newResourceUnit--resource-anchor"}]}
RESULT: undefined
COMMAND: POST /session/79689850af1d41ef46dc131fe5890470/element - {"using":"xpath","value":"//*[@id=\"application-manageresources-display-component---newResourceUnit--newRRUPage-anchBar-application-manageresources-display-component---newResourceUnit--resource-anchor\"]"}
RESULT: {"using":"xpath","value":"//*[@id=\"application-manageresources-display-component---newResourceUnit--newRRUPage-anchBar-application-manageresources-display-component---newResourceUnit--resource-anchor\"]"}
COMMAND: POST /session/79689850af1d41ef46dc131fe5890470/element/f.3A2B8E27F6B6549B06BE95D0839BE483.d.7DB833CD5BA2FAAACED9440BA9D61849.e.14969/click - {}
RESULT: {}
COMMAND: POST /session/79689850af1d41ef46dc131fe5890470/execute/async - {"script":"<script> [1562 bytes]","args":[{"selector":{"id":"application-manageresources-display-component---newResourceUnit--PLANNED_DELIVERY_DATE","interaction":{"idSuffix":"inner"}},"wdio_ui5_key":"applicationmanageresources-display-component---newResourceUnit--PLANNED_DELIVERY_DATE"}]}
COMMAND: GET /session/79689850af1d41ef46dc131fe5890470/screenshot - {}
RESULT: {"script":"<script> [1562 bytes]","args":[{"selector":{"id":"application-manageresources-display-component---newResourceUnit--PLANNED_DELIVERY_DATE","interaction":{"idSuffix":"inner"}},"wdio_ui5_key":"applicationmanageresources-display-component---newResourceUnit--PLANNED_DELIVERY_DATE"}]}
RESULT: undefined
COMMAND: POST /session/79689850af1d41ef46dc131fe5890470/execute/async - {"script":"<script> [6424 bytes]","args":[{"element-6066-11e4-a52e-4f735466cecf":"f.3A2B8E27F6B6549B06BE95D0839BE483.d.7DB833CD5BA2FAAACED9440BA9D61849.e.14828"},"setValue",["5/2/25"]]}
RESULT: {}
RESULT: {"script":"<script> [6424 bytes]","args":[{"element-6066-11e4-a52e-4f735466cecf":"f.3A2B8E27F6B6549B06BE95D0839BE483.d.7DB833CD5BA2FAAACED9440BA9D61849.e.14828"},"setValue",["5/2/25"]]}
COMMAND: POST /session/79689850af1d41ef46dc131fe5890470/element - {"using":"xpath","value":"//button[@data-kt=\"resourceUnitSaveButton\"]"}
RESULT: {"using":"xpath","value":"//button[@data-kt=\"resourceUnitSaveButton\"]"}
COMMAND: POST /session/79689850af1d41ef46dc131fe5890470/element/f.3A2B8E27F6B6549B06BE95D0839BE483.d.7DB833CD5BA2FAAACED9440BA9D61849.e.14788/click - {}
RESULT: {}
COMMAND: GET /session/79689850af1d41ef46dc131fe5890470/screenshot - {}
RESULT: {}
COMMAND: POST /session/79689850af1d41ef46dc131fe5890470/element - {"using":"xpath","value":"//bdi[contains(text(), \"Close\")]"}
RESULT: {"using":"xpath","value":"//bdi[contains(text(), \"Close\")]"}
COMMAND: POST /session/79689850af1d41ef46dc131fe5890470/element/f.3A2B8E27F6B6549B06BE95D0839BE483.d.7DB833CD5BA2FAAACED9440BA9D61849.e.14977/click - {}
RESULT: {}
COMMAND: GET /session/79689850af1d41ef46dc131fe5890470/screenshot - {}
RESULT: {}
COMMAND: POST /session/79689850af1d41ef46dc131fe5890470/element - {"using":"xpath","value":"(//button[contains(@id ,\"actionsToolbar-overflowButton\")])[1]"}
RESULT: {"using":"xpath","value":"(//button[contains(@id ,\"actionsToolbar-overflowButton\")])[1]"}
COMMAND: POST /session/79689850af1d41ef46dc131fe5890470/element/f.3A2B8E27F6B6549B06BE95D0839BE483.d.7DB833CD5BA2FAAACED9440BA9D61849.e.15029/click - {}
RESULT: {}
COMMAND: GET /session/79689850af1d41ef46dc131fe5890470/screenshot - {}
RESULT: {}
COMMAND: POST /session/79689850af1d41ef46dc131fe5890470/element - {"using":"xpath","value":"//button[@data-kt=\"priceInfoButton\"]"}
RESULT: {"using":"xpath","value":"//button[@data-kt=\"priceInfoButton\"]"}
COMMAND: POST /session/79689850af1d41ef46dc131fe5890470/element/f.3A2B8E27F6B6549B06BE95D0839BE483.d.7DB833CD5BA2FAAACED9440BA9D61849.e.15031/click - {}
RESULT: {}
COMMAND: GET /session/79689850af1d41ef46dc131fe5890470/screenshot - {}
RESULT: {}
]]></system-out>
    </testcase>
    <testcase classname="chrome.135_0_7049_96.windows.Performance_based_billing_(work_days)_US139742" name="Should create a pricing rule perf based on the equipment" time="49.699">
      <system-out><![CDATA[
COMMAND: POST /session/79689850af1d41ef46dc131fe5890470/element - {"using":"xpath","value":"//button[@data-kt=\"addButton\"]"}
RESULT: {"using":"xpath","value":"//button[@data-kt=\"addButton\"]"}
COMMAND: POST /session/79689850af1d41ef46dc131fe5890470/elements - {"using":"xpath","value":"//button[@data-kt=\"addButton\"]"}
RESULT: {"using":"xpath","value":"//button[@data-kt=\"addButton\"]"}
COMMAND: POST /session/79689850af1d41ef46dc131fe5890470/elements - {"using":"xpath","value":"//button[@data-kt=\"addButton\"]"}
RESULT: {"using":"xpath","value":"//button[@data-kt=\"addButton\"]"}
COMMAND: POST /session/79689850af1d41ef46dc131fe5890470/element - {"using":"xpath","value":"//button[@data-kt=\"addButton\"]"}
RESULT: {"using":"xpath","value":"//button[@data-kt=\"addButton\"]"}
COMMAND: POST /session/79689850af1d41ef46dc131fe5890470/execute/sync - {"script":"<script> [8489 bytes]","args":[{"element-6066-11e4-a52e-4f735466cecf":"f.3A2B8E27F6B6549B06BE95D0839BE483.d.7DB833CD5BA2FAAACED9440BA9D61849.e.15067","ELEMENT":"f.3A2B8E27F6B6549B06BE95D0839BE483.d.7DB833CD5BA2FAAACED9440BA9D61849.e.15067"}]}
RESULT: {"script":"<script> [8489 bytes]","args":[{"element-6066-11e4-a52e-4f735466cecf":"f.3A2B8E27F6B6549B06BE95D0839BE483.d.7DB833CD5BA2FAAACED9440BA9D61849.e.15067","ELEMENT":"f.3A2B8E27F6B6549B06BE95D0839BE483.d.7DB833CD5BA2FAAACED9440BA9D61849.e.15067"}]}
COMMAND: GET /session/79689850af1d41ef46dc131fe5890470/element/f.3A2B8E27F6B6549B06BE95D0839BE483.d.7DB833CD5BA2FAAACED9440BA9D61849.e.15067/enabled - {}
COMMAND: GET /session/79689850af1d41ef46dc131fe5890470/screenshot - {}
RESULT: {}
COMMAND: POST /session/79689850af1d41ef46dc131fe5890470/execute/sync - {"script":"<script> [8489 bytes]","args":[{"element-6066-11e4-a52e-4f735466cecf":"f.3A2B8E27F6B6549B06BE95D0839BE483.d.7DB833CD5BA2FAAACED9440BA9D61849.e.15067","ELEMENT":"f.3A2B8E27F6B6549B06BE95D0839BE483.d.7DB833CD5BA2FAAACED9440BA9D61849.e.15067"}]}
COMMAND: GET /session/79689850af1d41ef46dc131fe5890470/screenshot - {}
RESULT: {}
RESULT: {"script":"<script> [8489 bytes]","args":[{"element-6066-11e4-a52e-4f735466cecf":"f.3A2B8E27F6B6549B06BE95D0839BE483.d.7DB833CD5BA2FAAACED9440BA9D61849.e.15067","ELEMENT":"f.3A2B8E27F6B6549B06BE95D0839BE483.d.7DB833CD5BA2FAAACED9440BA9D61849.e.15067"}]}
COMMAND: POST /session/79689850af1d41ef46dc131fe5890470/execute/sync - {"script":"<script> [5351 bytes]","args":[{"element-6066-11e4-a52e-4f735466cecf":"f.3A2B8E27F6B6549B06BE95D0839BE483.d.7DB833CD5BA2FAAACED9440BA9D61849.e.15067","ELEMENT":"f.3A2B8E27F6B6549B06BE95D0839BE483.d.7DB833CD5BA2FAAACED9440BA9D61849.e.15067"}]}
COMMAND: GET /session/79689850af1d41ef46dc131fe5890470/screenshot - {}
RESULT: {}
RESULT: {"script":"<script> [5351 bytes]","args":[{"element-6066-11e4-a52e-4f735466cecf":"f.3A2B8E27F6B6549B06BE95D0839BE483.d.7DB833CD5BA2FAAACED9440BA9D61849.e.15067","ELEMENT":"f.3A2B8E27F6B6549B06BE95D0839BE483.d.7DB833CD5BA2FAAACED9440BA9D61849.e.15067"}]}
COMMAND: POST /session/79689850af1d41ef46dc131fe5890470/element/f.3A2B8E27F6B6549B06BE95D0839BE483.d.7DB833CD5BA2FAAACED9440BA9D61849.e.15067/click - {}
COMMAND: GET /session/79689850af1d41ef46dc131fe5890470/screenshot - {}
RESULT: {}
RESULT: {}
COMMAND: GET /session/79689850af1d41ef46dc131fe5890470/screenshot - {}
RESULT: {}
RESULT: {}
COMMAND: POST /session/79689850af1d41ef46dc131fe5890470/execute/async - {"script":"<script> [1562 bytes]","args":[{"selector":{"controlType":"sap.m.Title","viewName":"etm.portal.ui.managepricingrules.view.NewItem","viewId":"application-managepricingrules-display-component---newInfoPriceItem","properties":{"text":"New Pricing Rules - Item Level"}},"wdio_ui5_key":"etmportal.ui.managepricingrules.view.NewItemsap.m.Title{\"text\":\"New Pricing Rules - Item Level\"}"}]}
RESULT: {"script":"<script> [1562 bytes]","args":[{"selector":{"controlType":"sap.m.Title","viewName":"etm.portal.ui.managepricingrules.view.NewItem","viewId":"application-managepricingrules-display-component---newInfoPriceItem","properties":{"text":"New Pricing Rules - Item Level"}},"wdio_ui5_key":"etmportal.ui.managepricingrules.view.NewItemsap.m.Title{\"text\":\"New Pricing Rules - Item Level\"}"}]}
RESULT: undefined
COMMAND: POST /session/79689850af1d41ef46dc131fe5890470/execute/async - {"script":"<script> [6424 bytes]","args":[{"element-6066-11e4-a52e-4f735466cecf":"f.3A2B8E27F6B6549B06BE95D0839BE483.d.7DB833CD5BA2FAAACED9440BA9D61849.e.15237"},"getText",[]]}
RESULT: {"script":"<script> [6424 bytes]","args":[{"element-6066-11e4-a52e-4f735466cecf":"f.3A2B8E27F6B6549B06BE95D0839BE483.d.7DB833CD5BA2FAAACED9440BA9D61849.e.15237"},"getText",[]]}
COMMAND: POST /session/79689850af1d41ef46dc131fe5890470/execute/async - {"script":"<script> [1562 bytes]","args":[{"selector":{"id":"application-managepricingrules-display-component---newInfoPriceItem--condValidTo","interaction":{"idSuffix":"inner"}},"wdio_ui5_key":"applicationmanagepricingrules-display-component---newInfoPriceItem--condValidTo"}]}
RESULT: {"script":"<script> [1562 bytes]","args":[{"selector":{"id":"application-managepricingrules-display-component---newInfoPriceItem--condValidTo","interaction":{"idSuffix":"inner"}},"wdio_ui5_key":"applicationmanagepricingrules-display-component---newInfoPriceItem--condValidTo"}]}
RESULT: undefined
COMMAND: POST /session/79689850af1d41ef46dc131fe5890470/execute/async - {"script":"<script> [776 bytes]","args":[{"enterText":"01/02/26","selector":{"id":"application-managepricingrules-display-component---newInfoPriceItem--condValidTo","interaction":{"idSuffix":"inner"}},"clearTextFirst":true,"interactionType":"ENTER_TEXT"}]}
RESULT: {"script":"<script> [776 bytes]","args":[{"enterText":"01/02/26","selector":{"id":"application-managepricingrules-display-component---newInfoPriceItem--condValidTo","interaction":{"idSuffix":"inner"}},"clearTextFirst":true,"interactionType":"ENTER_TEXT"}]}
COMMAND: POST /session/79689850af1d41ef46dc131fe5890470/execute/async - {"script":"<script> [1562 bytes]","args":[{"selector":{"id":"application-managepricingrules-display-component---newInfoPriceItem--billType-arrow"},"wdio_ui5_key":"applicationmanagepricingrules-display-component---newInfoPriceItem--billType-arrow"}]}
RESULT: {"script":"<script> [1562 bytes]","args":[{"selector":{"id":"application-managepricingrules-display-component---newInfoPriceItem--billType-arrow"},"wdio_ui5_key":"applicationmanagepricingrules-display-component---newInfoPriceItem--billType-arrow"}]}
RESULT: undefined
COMMAND: POST /session/79689850af1d41ef46dc131fe5890470/element - {"using":"xpath","value":"//*[@id=\"application-managepricingrules-display-component---newInfoPriceItem--billType-arrow\"]"}
RESULT: {"using":"xpath","value":"//*[@id=\"application-managepricingrules-display-component---newInfoPriceItem--billType-arrow\"]"}
COMMAND: POST /session/79689850af1d41ef46dc131fe5890470/element/f.3A2B8E27F6B6549B06BE95D0839BE483.d.7DB833CD5BA2FAAACED9440BA9D61849.e.15197/click - {}
RESULT: {}
COMMAND: POST /session/79689850af1d41ef46dc131fe5890470/element - {"using":"xpath","value":"//span[contains(text(), \"PB - Performance based\")]"}
COMMAND: GET /session/79689850af1d41ef46dc131fe5890470/screenshot - {}
RESULT: {"using":"xpath","value":"//span[contains(text(), \"PB - Performance based\")]"}
COMMAND: POST /session/79689850af1d41ef46dc131fe5890470/element/f.3A2B8E27F6B6549B06BE95D0839BE483.d.7DB833CD5BA2FAAACED9440BA9D61849.e.15239/click - {}
RESULT: {}
RESULT: {}
COMMAND: POST /session/79689850af1d41ef46dc131fe5890470/execute/async - {"script":"<script> [1562 bytes]","args":[{"selector":{"id":"application-managepricingrules-display-component---newInfoPriceItem--priceProc-arrow"},"wdio_ui5_key":"applicationmanagepricingrules-display-component---newInfoPriceItem--priceProc-arrow"}]}
COMMAND: GET /session/79689850af1d41ef46dc131fe5890470/screenshot - {}
RESULT: {"script":"<script> [1562 bytes]","args":[{"selector":{"id":"application-managepricingrules-display-component---newInfoPriceItem--priceProc-arrow"},"wdio_ui5_key":"applicationmanagepricingrules-display-component---newInfoPriceItem--priceProc-arrow"}]}
RESULT: undefined
COMMAND: POST /session/79689850af1d41ef46dc131fe5890470/element - {"using":"xpath","value":"//*[@id=\"application-managepricingrules-display-component---newInfoPriceItem--priceProc-arrow\"]"}
RESULT: {}
RESULT: {"using":"xpath","value":"//*[@id=\"application-managepricingrules-display-component---newInfoPriceItem--priceProc-arrow\"]"}
COMMAND: POST /session/79689850af1d41ef46dc131fe5890470/element/f.3A2B8E27F6B6549B06BE95D0839BE483.d.7DB833CD5BA2FAAACED9440BA9D61849.e.15204/click - {}
RESULT: {}
COMMAND: POST /session/79689850af1d41ef46dc131fe5890470/element - {"using":"xpath","value":"//span[contains(text(), \"PRF - Performance based\")]"}
COMMAND: GET /session/79689850af1d41ef46dc131fe5890470/screenshot - {}
RESULT: {"using":"xpath","value":"//span[contains(text(), \"PRF - Performance based\")]"}
COMMAND: POST /session/79689850af1d41ef46dc131fe5890470/element/f.3A2B8E27F6B6549B06BE95D0839BE483.d.7DB833CD5BA2FAAACED9440BA9D61849.e.15240/click - {}
RESULT: {}
RESULT: {}
COMMAND: POST /session/79689850af1d41ef46dc131fe5890470/execute/async - {"script":"<script> [1562 bytes]","args":[{"selector":{"id":"application-managepricingrules-display-component---newInfoPriceItem--calcBase-arrow"},"wdio_ui5_key":"applicationmanagepricingrules-display-component---newInfoPriceItem--calcBase-arrow"}]}
COMMAND: GET /session/79689850af1d41ef46dc131fe5890470/screenshot - {}
RESULT: {"script":"<script> [1562 bytes]","args":[{"selector":{"id":"application-managepricingrules-display-component---newInfoPriceItem--calcBase-arrow"},"wdio_ui5_key":"applicationmanagepricingrules-display-component---newInfoPriceItem--calcBase-arrow"}]}
RESULT: undefined
COMMAND: POST /session/79689850af1d41ef46dc131fe5890470/element - {"using":"xpath","value":"//*[@id=\"application-managepricingrules-display-component---newInfoPriceItem--calcBase-arrow\"]"}
RESULT: {}
RESULT: {"using":"xpath","value":"//*[@id=\"application-managepricingrules-display-component---newInfoPriceItem--calcBase-arrow\"]"}
COMMAND: POST /session/79689850af1d41ef46dc131fe5890470/element/f.3A2B8E27F6B6549B06BE95D0839BE483.d.7DB833CD5BA2FAAACED9440BA9D61849.e.15211/click - {}
RESULT: {}
COMMAND: GET /session/79689850af1d41ef46dc131fe5890470/screenshot - {}
RESULT: {}
COMMAND: POST /session/79689850af1d41ef46dc131fe5890470/element - {"using":"xpath","value":"//span[contains(text(), \"0007 - PB(work days)\")]"}
RESULT: {"using":"xpath","value":"//span[contains(text(), \"0007 - PB(work days)\")]"}
COMMAND: POST /session/79689850af1d41ef46dc131fe5890470/element/f.3A2B8E27F6B6549B06BE95D0839BE483.d.7DB833CD5BA2FAAACED9440BA9D61849.e.15241/click - {}
RESULT: {}
COMMAND: GET /session/79689850af1d41ef46dc131fe5890470/screenshot - {}
RESULT: {}
COMMAND: POST /session/79689850af1d41ef46dc131fe5890470/execute/async - {"script":"<script> [1562 bytes]","args":[{"selector":{"id":"application-managepricingrules-display-component---newInfoPriceItem--hoursMonth","interaction":{"idSuffix":"inner"}},"wdio_ui5_key":"applicationmanagepricingrules-display-component---newInfoPriceItem--hoursMonth"}]}
RESULT: {"script":"<script> [1562 bytes]","args":[{"selector":{"id":"application-managepricingrules-display-component---newInfoPriceItem--hoursMonth","interaction":{"idSuffix":"inner"}},"wdio_ui5_key":"applicationmanagepricingrules-display-component---newInfoPriceItem--hoursMonth"}]}
RESULT: undefined
COMMAND: POST /session/79689850af1d41ef46dc131fe5890470/execute/async - {"script":"<script> [776 bytes]","args":[{"enterText":"160","selector":{"id":"application-managepricingrules-display-component---newInfoPriceItem--hoursMonth","interaction":{"idSuffix":"inner"}},"clearTextFirst":true,"interactionType":"ENTER_TEXT"}]}
RESULT: {"script":"<script> [776 bytes]","args":[{"enterText":"160","selector":{"id":"application-managepricingrules-display-component---newInfoPriceItem--hoursMonth","interaction":{"idSuffix":"inner"}},"clearTextFirst":true,"interactionType":"ENTER_TEXT"}]}
COMMAND: POST /session/79689850af1d41ef46dc131fe5890470/element - {"using":"xpath","value":"//button[@data-kt=\"saveNewRuleButton\"]"}
RESULT: {"using":"xpath","value":"//button[@data-kt=\"saveNewRuleButton\"]"}
COMMAND: POST /session/79689850af1d41ef46dc131fe5890470/element/f.3A2B8E27F6B6549B06BE95D0839BE483.d.7DB833CD5BA2FAAACED9440BA9D61849.e.15231/click - {}
RESULT: {}
COMMAND: GET /session/79689850af1d41ef46dc131fe5890470/screenshot - {}
RESULT: {}
COMMAND: POST /session/79689850af1d41ef46dc131fe5890470/execute/async - {"script":"<script> [1562 bytes]","args":[{"selector":{"id":"application-managepricingrules-display-component---priceInfoItem--smartFilterBar-btnBasicSearch","interaction":{"idSuffix":"I"}},"wdio_ui5_key":"applicationmanagepricingrules-display-component---priceInfoItem--smartFilterBar-btnBasicSearch"}]}
RESULT: {"script":"<script> [1562 bytes]","args":[{"selector":{"id":"application-managepricingrules-display-component---priceInfoItem--smartFilterBar-btnBasicSearch","interaction":{"idSuffix":"I"}},"wdio_ui5_key":"applicationmanagepricingrules-display-component---priceInfoItem--smartFilterBar-btnBasicSearch"}]}
RESULT: undefined
COMMAND: POST /session/79689850af1d41ef46dc131fe5890470/execute/async - {"script":"<script> [776 bytes]","args":[{"enterText":"Z1wOfBZ6sq","selector":{"id":"application-managepricingrules-display-component---priceInfoItem--smartFilterBar-btnBasicSearch","interaction":{"idSuffix":"I"}},"clearTextFirst":true,"interactionType":"ENTER_TEXT"}]}
RESULT: {"script":"<script> [776 bytes]","args":[{"enterText":"Z1wOfBZ6sq","selector":{"id":"application-managepricingrules-display-component---priceInfoItem--smartFilterBar-btnBasicSearch","interaction":{"idSuffix":"I"}},"clearTextFirst":true,"interactionType":"ENTER_TEXT"}]}
COMMAND: POST /session/79689850af1d41ef46dc131fe5890470/actions - {"actions":[{"id":"action54","type":"key","parameters":{},"actions":[{"type":"keyDown","value":"î€‡"},{"type":"pause","duration":10},{"type":"keyUp","value":"î€‡"}]}]}
RESULT: {"actions":[{"id":"action54","type":"key","parameters":{},"actions":[{"type":"keyDown","value":"î€‡"},{"type":"pause","duration":10},{"type":"keyUp","value":"î€‡"}]}]}
COMMAND: GET /session/79689850af1d41ef46dc131fe5890470/screenshot - {}
RESULT: {}
COMMAND: POST /session/79689850af1d41ef46dc131fe5890470/element - {"using":"xpath","value":"//span[@id=\"application-managepricingrules-display-component---priceInfoItem--smartTable-header-inner\"]"}
RESULT: {"using":"xpath","value":"//span[@id=\"application-managepricingrules-display-component---priceInfoItem--smartTable-header-inner\"]"}
COMMAND: POST /session/79689850af1d41ef46dc131fe5890470/elements - {"using":"xpath","value":"//span[@id=\"application-managepricingrules-display-component---priceInfoItem--smartTable-header-inner\"]"}
RESULT: {"using":"xpath","value":"//span[@id=\"application-managepricingrules-display-component---priceInfoItem--smartTable-header-inner\"]"}
COMMAND: POST /session/79689850af1d41ef46dc131fe5890470/execute/sync - {"script":"<script> [56 bytes]","args":[{"element-6066-11e4-a52e-4f735466cecf":"f.3A2B8E27F6B6549B06BE95D0839BE483.d.7DB833CD5BA2FAAACED9440BA9D61849.e.15266","ELEMENT":"f.3A2B8E27F6B6549B06BE95D0839BE483.d.7DB833CD5BA2FAAACED9440BA9D61849.e.15266"}]}
RESULT: {"script":"<script> [56 bytes]","args":[{"element-6066-11e4-a52e-4f735466cecf":"f.3A2B8E27F6B6549B06BE95D0839BE483.d.7DB833CD5BA2FAAACED9440BA9D61849.e.15266","ELEMENT":"f.3A2B8E27F6B6549B06BE95D0839BE483.d.7DB833CD5BA2FAAACED9440BA9D61849.e.15266"}]}
COMMAND: POST /session/79689850af1d41ef46dc131fe5890470/element - {"using":"css selector","value":"#shell-header-logo"}
COMMAND: GET /session/79689850af1d41ef46dc131fe5890470/screenshot - {}
RESULT: {"using":"css selector","value":"#shell-header-logo"}
COMMAND: POST /session/79689850af1d41ef46dc131fe5890470/element/f.3A2B8E27F6B6549B06BE95D0839BE483.d.7DB833CD5BA2FAAACED9440BA9D61849.e.14365/click - {}
RESULT: {}
RESULT: {}
COMMAND: GET /session/79689850af1d41ef46dc131fe5890470/screenshot - {}
RESULT: {}
]]></system-out>
    </testcase>
    <testcase classname="chrome.135_0_7049_96.windows.Performance_based_billing_(work_days)_US139742" name="Should create a performance based billing condition on the equipment" time="61.033">
      <system-out><![CDATA[
COMMAND: POST /session/79689850af1d41ef46dc131fe5890470/execute/async - {"script":"<script> [1562 bytes]","args":[{"selector":{"controlType":"sap.m.Text","properties":{"text":"Manage Conditions & Prices"},"interaction":{"idSuffix":"inner"}},"wdio_ui5_key":"sapm.Text{\"text\":\"Manage Conditions & Prices\"}"}]}
RESULT: {"script":"<script> [1562 bytes]","args":[{"selector":{"controlType":"sap.m.Text","properties":{"text":"Manage Conditions & Prices"},"interaction":{"idSuffix":"inner"}},"wdio_ui5_key":"sapm.Text{\"text\":\"Manage Conditions & Prices\"}"}]}
RESULT: undefined
COMMAND: POST /session/79689850af1d41ef46dc131fe5890470/element - {"using":"xpath","value":"//*[@id=\"__tile53-title\"]"}
RESULT: {"using":"xpath","value":"//*[@id=\"__tile53-title\"]"}
COMMAND: POST /session/79689850af1d41ef46dc131fe5890470/element/f.3A2B8E27F6B6549B06BE95D0839BE483.d.7DB833CD5BA2FAAACED9440BA9D61849.e.15269/click - {}
RESULT: {}
COMMAND: POST /session/79689850af1d41ef46dc131fe5890470/element - {"using":"xpath","value":"//button[@aria-label=\"Create\"]"}
COMMAND: GET /session/79689850af1d41ef46dc131fe5890470/screenshot - {}
RESULT: {"using":"xpath","value":"//button[@aria-label=\"Create\"]"}
COMMAND: POST /session/79689850af1d41ef46dc131fe5890470/elements - {"using":"xpath","value":"//button[@aria-label=\"Create\"]"}
RESULT: {}
RESULT: {"using":"xpath","value":"//button[@aria-label=\"Create\"]"}
COMMAND: POST /session/79689850af1d41ef46dc131fe5890470/elements - {"using":"xpath","value":"//button[@aria-label=\"Create\"]"}
RESULT: {"using":"xpath","value":"//button[@aria-label=\"Create\"]"}
COMMAND: POST /session/79689850af1d41ef46dc131fe5890470/elements - {"using":"xpath","value":"//button[@aria-label=\"Create\"]"}
RESULT: {"using":"xpath","value":"//button[@aria-label=\"Create\"]"}
COMMAND: POST /session/79689850af1d41ef46dc131fe5890470/elements - {"using":"xpath","value":"//button[@aria-label=\"Create\"]"}
RESULT: {"using":"xpath","value":"//button[@aria-label=\"Create\"]"}
COMMAND: POST /session/79689850af1d41ef46dc131fe5890470/elements - {"using":"xpath","value":"//button[@aria-label=\"Create\"]"}
RESULT: {"using":"xpath","value":"//button[@aria-label=\"Create\"]"}
COMMAND: POST /session/79689850af1d41ef46dc131fe5890470/elements - {"using":"xpath","value":"//button[@aria-label=\"Create\"]"}
RESULT: {"using":"xpath","value":"//button[@aria-label=\"Create\"]"}
COMMAND: POST /session/79689850af1d41ef46dc131fe5890470/elements - {"using":"xpath","value":"//button[@aria-label=\"Create\"]"}
RESULT: {"using":"xpath","value":"//button[@aria-label=\"Create\"]"}
COMMAND: POST /session/79689850af1d41ef46dc131fe5890470/elements - {"using":"xpath","value":"//button[@aria-label=\"Create\"]"}
RESULT: {"using":"xpath","value":"//button[@aria-label=\"Create\"]"}
COMMAND: POST /session/79689850af1d41ef46dc131fe5890470/elements - {"using":"xpath","value":"//button[@aria-label=\"Create\"]"}
RESULT: {"using":"xpath","value":"//button[@aria-label=\"Create\"]"}
COMMAND: POST /session/79689850af1d41ef46dc131fe5890470/elements - {"using":"xpath","value":"//button[@aria-label=\"Create\"]"}
RESULT: {"using":"xpath","value":"//button[@aria-label=\"Create\"]"}
COMMAND: POST /session/79689850af1d41ef46dc131fe5890470/elements - {"using":"xpath","value":"//button[@aria-label=\"Create\"]"}
RESULT: {"using":"xpath","value":"//button[@aria-label=\"Create\"]"}
COMMAND: POST /session/79689850af1d41ef46dc131fe5890470/elements - {"using":"xpath","value":"//button[@aria-label=\"Create\"]"}
RESULT: {"using":"xpath","value":"//button[@aria-label=\"Create\"]"}
COMMAND: POST /session/79689850af1d41ef46dc131fe5890470/elements - {"using":"xpath","value":"//button[@aria-label=\"Create\"]"}
RESULT: {"using":"xpath","value":"//button[@aria-label=\"Create\"]"}
COMMAND: POST /session/79689850af1d41ef46dc131fe5890470/element - {"using":"xpath","value":"//button[@aria-label=\"Create\"]"}
RESULT: {"using":"xpath","value":"//button[@aria-label=\"Create\"]"}
COMMAND: POST /session/79689850af1d41ef46dc131fe5890470/execute/sync - {"script":"<script> [8489 bytes]","args":[{"element-6066-11e4-a52e-4f735466cecf":"f.3A2B8E27F6B6549B06BE95D0839BE483.d.7DB833CD5BA2FAAACED9440BA9D61849.e.15303","ELEMENT":"f.3A2B8E27F6B6549B06BE95D0839BE483.d.7DB833CD5BA2FAAACED9440BA9D61849.e.15303"}]}
RESULT: {"script":"<script> [8489 bytes]","args":[{"element-6066-11e4-a52e-4f735466cecf":"f.3A2B8E27F6B6549B06BE95D0839BE483.d.7DB833CD5BA2FAAACED9440BA9D61849.e.15303","ELEMENT":"f.3A2B8E27F6B6549B06BE95D0839BE483.d.7DB833CD5BA2FAAACED9440BA9D61849.e.15303"}]}
COMMAND: GET /session/79689850af1d41ef46dc131fe5890470/element/f.3A2B8E27F6B6549B06BE95D0839BE483.d.7DB833CD5BA2FAAACED9440BA9D61849.e.15303/enabled - {}
COMMAND: GET /session/79689850af1d41ef46dc131fe5890470/screenshot - {}
RESULT: {}
COMMAND: POST /session/79689850af1d41ef46dc131fe5890470/execute/sync - {"script":"<script> [8489 bytes]","args":[{"element-6066-11e4-a52e-4f735466cecf":"f.3A2B8E27F6B6549B06BE95D0839BE483.d.7DB833CD5BA2FAAACED9440BA9D61849.e.15303","ELEMENT":"f.3A2B8E27F6B6549B06BE95D0839BE483.d.7DB833CD5BA2FAAACED9440BA9D61849.e.15303"}]}
COMMAND: GET /session/79689850af1d41ef46dc131fe5890470/screenshot - {}
RESULT: {}
RESULT: {"script":"<script> [8489 bytes]","args":[{"element-6066-11e4-a52e-4f735466cecf":"f.3A2B8E27F6B6549B06BE95D0839BE483.d.7DB833CD5BA2FAAACED9440BA9D61849.e.15303","ELEMENT":"f.3A2B8E27F6B6549B06BE95D0839BE483.d.7DB833CD5BA2FAAACED9440BA9D61849.e.15303"}]}
COMMAND: POST /session/79689850af1d41ef46dc131fe5890470/execute/sync - {"script":"<script> [5351 bytes]","args":[{"element-6066-11e4-a52e-4f735466cecf":"f.3A2B8E27F6B6549B06BE95D0839BE483.d.7DB833CD5BA2FAAACED9440BA9D61849.e.15303","ELEMENT":"f.3A2B8E27F6B6549B06BE95D0839BE483.d.7DB833CD5BA2FAAACED9440BA9D61849.e.15303"}]}
COMMAND: GET /session/79689850af1d41ef46dc131fe5890470/screenshot - {}
RESULT: {}
RESULT: {"script":"<script> [5351 bytes]","args":[{"element-6066-11e4-a52e-4f735466cecf":"f.3A2B8E27F6B6549B06BE95D0839BE483.d.7DB833CD5BA2FAAACED9440BA9D61849.e.15303","ELEMENT":"f.3A2B8E27F6B6549B06BE95D0839BE483.d.7DB833CD5BA2FAAACED9440BA9D61849.e.15303"}]}
COMMAND: POST /session/79689850af1d41ef46dc131fe5890470/element/f.3A2B8E27F6B6549B06BE95D0839BE483.d.7DB833CD5BA2FAAACED9440BA9D61849.e.15303/click - {}
COMMAND: GET /session/79689850af1d41ef46dc131fe5890470/screenshot - {}
RESULT: {}
RESULT: {}
COMMAND: GET /session/79689850af1d41ef46dc131fe5890470/screenshot - {}
RESULT: {}
RESULT: {}
COMMAND: POST /session/79689850af1d41ef46dc131fe5890470/actions - {"actions":[{"id":"action55","type":"key","parameters":{},"actions":[{"type":"keyDown","value":"î€‡"},{"type":"pause","duration":10},{"type":"keyUp","value":"î€‡"}]}]}
RESULT: {"actions":[{"id":"action55","type":"key","parameters":{},"actions":[{"type":"keyDown","value":"î€‡"},{"type":"pause","duration":10},{"type":"keyUp","value":"î€‡"}]}]}
COMMAND: GET /session/79689850af1d41ef46dc131fe5890470/screenshot - {}
RESULT: {}
COMMAND: POST /session/79689850af1d41ef46dc131fe5890470/execute/async - {"script":"<script> [1562 bytes]","args":[{"selector":{"id":"application-manageconditionprice-display-component---newCondition--condBillCond-arrow"},"wdio_ui5_key":"applicationmanageconditionprice-display-component---newCondition--condBillCond-arrow"}]}
RESULT: {"script":"<script> [1562 bytes]","args":[{"selector":{"id":"application-manageconditionprice-display-component---newCondition--condBillCond-arrow"},"wdio_ui5_key":"applicationmanageconditionprice-display-component---newCondition--condBillCond-arrow"}]}
RESULT: undefined
COMMAND: POST /session/79689850af1d41ef46dc131fe5890470/element - {"using":"xpath","value":"//*[@id=\"application-manageconditionprice-display-component---newCondition--condBillCond-arrow\"]"}
RESULT: {"using":"xpath","value":"//*[@id=\"application-manageconditionprice-display-component---newCondition--condBillCond-arrow\"]"}
COMMAND: POST /session/79689850af1d41ef46dc131fe5890470/element/f.3A2B8E27F6B6549B06BE95D0839BE483.d.7DB833CD5BA2FAAACED9440BA9D61849.e.15480/click - {}
RESULT: {}
COMMAND: GET /session/79689850af1d41ef46dc131fe5890470/screenshot - {}
RESULT: {}
COMMAND: POST /session/79689850af1d41ef46dc131fe5890470/element - {"using":"xpath","value":"//li[.//span[contains(text(), \"PC06 - Performance Price - fuel\")]]"}
RESULT: {"using":"xpath","value":"//li[.//span[contains(text(), \"PC06 - Performance Price - fuel\")]]"}
COMMAND: POST /session/79689850af1d41ef46dc131fe5890470/element/f.3A2B8E27F6B6549B06BE95D0839BE483.d.7DB833CD5BA2FAAACED9440BA9D61849.e.15483/click - {}
RESULT: {}
COMMAND: GET /session/79689850af1d41ef46dc131fe5890470/screenshot - {}
RESULT: {}
COMMAND: POST /session/79689850af1d41ef46dc131fe5890470/execute/async - {"script":"<script> [1562 bytes]","args":[{"selector":{"id":"application-manageconditionprice-display-component---newCondition--condValidTo","interaction":{"idSuffix":"inner"}},"wdio_ui5_key":"applicationmanageconditionprice-display-component---newCondition--condValidTo"}]}
RESULT: {"script":"<script> [1562 bytes]","args":[{"selector":{"id":"application-manageconditionprice-display-component---newCondition--condValidTo","interaction":{"idSuffix":"inner"}},"wdio_ui5_key":"applicationmanageconditionprice-display-component---newCondition--condValidTo"}]}
RESULT: undefined
COMMAND: POST /session/79689850af1d41ef46dc131fe5890470/execute/async - {"script":"<script> [776 bytes]","args":[{"enterText":"01/02/26","selector":{"id":"application-manageconditionprice-display-component---newCondition--condValidTo","interaction":{"idSuffix":"inner"}},"clearTextFirst":true,"interactionType":"ENTER_TEXT"}]}
RESULT: {"script":"<script> [776 bytes]","args":[{"enterText":"01/02/26","selector":{"id":"application-manageconditionprice-display-component---newCondition--condValidTo","interaction":{"idSuffix":"inner"}},"clearTextFirst":true,"interactionType":"ENTER_TEXT"}]}
COMMAND: POST /session/79689850af1d41ef46dc131fe5890470/element - {"using":"xpath","value":"//input[@id=\"application-manageconditionprice-display-component---newCondition--condRU-inner\"]"}
RESULT: {"using":"xpath","value":"//input[@id=\"application-manageconditionprice-display-component---newCondition--condRU-inner\"]"}
COMMAND: POST /session/79689850af1d41ef46dc131fe5890470/element/f.3A2B8E27F6B6549B06BE95D0839BE483.d.7DB833CD5BA2FAAACED9440BA9D61849.e.15344/clear - {}
RESULT: {}
COMMAND: POST /session/79689850af1d41ef46dc131fe5890470/element/f.3A2B8E27F6B6549B06BE95D0839BE483.d.7DB833CD5BA2FAAACED9440BA9D61849.e.15344/value - {"text":"Z1wOfBZ6sq"}
COMMAND: GET /session/79689850af1d41ef46dc131fe5890470/screenshot - {}
RESULT: {"text":"Z1wOfBZ6sq"}
COMMAND: GET /session/79689850af1d41ef46dc131fe5890470/screenshot - {}
RESULT: {}
RESULT: {}
COMMAND: POST /session/79689850af1d41ef46dc131fe5890470/actions - {"actions":[{"id":"action56","type":"key","parameters":{},"actions":[{"type":"keyDown","value":"î€‡"},{"type":"pause","duration":10},{"type":"keyUp","value":"î€‡"}]}]}
RESULT: {"actions":[{"id":"action56","type":"key","parameters":{},"actions":[{"type":"keyDown","value":"î€‡"},{"type":"pause","duration":10},{"type":"keyUp","value":"î€‡"}]}]}
COMMAND: POST /session/79689850af1d41ef46dc131fe5890470/execute/async - {"script":"<script> [1562 bytes]","args":[{"selector":{"id":"application-manageconditionprice-display-component---newCondition--condBaseQty","interaction":{"idSuffix":"inner"}},"wdio_ui5_key":"applicationmanageconditionprice-display-component---newCondition--condBaseQty"}]}
COMMAND: GET /session/79689850af1d41ef46dc131fe5890470/screenshot - {}
RESULT: {"script":"<script> [1562 bytes]","args":[{"selector":{"id":"application-manageconditionprice-display-component---newCondition--condBaseQty","interaction":{"idSuffix":"inner"}},"wdio_ui5_key":"applicationmanageconditionprice-display-component---newCondition--condBaseQty"}]}
RESULT: undefined
COMMAND: POST /session/79689850af1d41ef46dc131fe5890470/execute/async - {"script":"<script> [776 bytes]","args":[{"enterText":"1","selector":{"id":"application-manageconditionprice-display-component---newCondition--condBaseQty","interaction":{"idSuffix":"inner"}},"clearTextFirst":true,"interactionType":"ENTER_TEXT"}]}
RESULT: {}
RESULT: {"script":"<script> [776 bytes]","args":[{"enterText":"1","selector":{"id":"application-manageconditionprice-display-component---newCondition--condBaseQty","interaction":{"idSuffix":"inner"}},"clearTextFirst":true,"interactionType":"ENTER_TEXT"}]}
COMMAND: POST /session/79689850af1d41ef46dc131fe5890470/execute/async - {"script":"<script> [1562 bytes]","args":[{"selector":{"id":"application-manageconditionprice-display-component---newCondition--condValue","interaction":{"idSuffix":"inner"}},"wdio_ui5_key":"applicationmanageconditionprice-display-component---newCondition--condValue"}]}
RESULT: {"script":"<script> [1562 bytes]","args":[{"selector":{"id":"application-manageconditionprice-display-component---newCondition--condValue","interaction":{"idSuffix":"inner"}},"wdio_ui5_key":"applicationmanageconditionprice-display-component---newCondition--condValue"}]}
RESULT: undefined
COMMAND: POST /session/79689850af1d41ef46dc131fe5890470/execute/async - {"script":"<script> [776 bytes]","args":[{"enterText":"10","selector":{"id":"application-manageconditionprice-display-component---newCondition--condValue","interaction":{"idSuffix":"inner"}},"clearTextFirst":true,"interactionType":"ENTER_TEXT"}]}
RESULT: {"script":"<script> [776 bytes]","args":[{"enterText":"10","selector":{"id":"application-manageconditionprice-display-component---newCondition--condValue","interaction":{"idSuffix":"inner"}},"clearTextFirst":true,"interactionType":"ENTER_TEXT"}]}
COMMAND: POST /session/79689850af1d41ef46dc131fe5890470/execute/async - {"script":"<script> [1562 bytes]","args":[{"selector":{"id":"application-manageconditionprice-display-component---newCondition--condCurr-arrow"},"wdio_ui5_key":"applicationmanageconditionprice-display-component---newCondition--condCurr-arrow"}]}
RESULT: {"script":"<script> [1562 bytes]","args":[{"selector":{"id":"application-manageconditionprice-display-component---newCondition--condCurr-arrow"},"wdio_ui5_key":"applicationmanageconditionprice-display-component---newCondition--condCurr-arrow"}]}
RESULT: undefined
COMMAND: POST /session/79689850af1d41ef46dc131fe5890470/element - {"using":"xpath","value":"//*[@id=\"application-manageconditionprice-display-component---newCondition--condCurr-arrow\"]"}
RESULT: {"using":"xpath","value":"//*[@id=\"application-manageconditionprice-display-component---newCondition--condCurr-arrow\"]"}
COMMAND: POST /session/79689850af1d41ef46dc131fe5890470/element/f.3A2B8E27F6B6549B06BE95D0839BE483.d.7DB833CD5BA2FAAACED9440BA9D61849.e.15462/click - {}
RESULT: {}
COMMAND: POST /session/79689850af1d41ef46dc131fe5890470/element - {"using":"xpath","value":"//span[contains(text(), \"Euro\")]"}
COMMAND: GET /session/79689850af1d41ef46dc131fe5890470/screenshot - {}
RESULT: {"using":"xpath","value":"//span[contains(text(), \"Euro\")]"}
COMMAND: POST /session/79689850af1d41ef46dc131fe5890470/element/f.3A2B8E27F6B6549B06BE95D0839BE483.d.7DB833CD5BA2FAAACED9440BA9D61849.e.15518/click - {}
RESULT: {}
RESULT: {}
COMMAND: POST /session/79689850af1d41ef46dc131fe5890470/element - {"using":"xpath","value":"//button[@data-kt=\"saveButton\"]"}
COMMAND: GET /session/79689850af1d41ef46dc131fe5890470/screenshot - {}
RESULT: {"using":"xpath","value":"//button[@data-kt=\"saveButton\"]"}
COMMAND: POST /session/79689850af1d41ef46dc131fe5890470/element/f.3A2B8E27F6B6549B06BE95D0839BE483.d.7DB833CD5BA2FAAACED9440BA9D61849.e.15463/click - {}
RESULT: {}
RESULT: {}
COMMAND: GET /session/79689850af1d41ef46dc131fe5890470/screenshot - {}
RESULT: {}
COMMAND: POST /session/79689850af1d41ef46dc131fe5890470/execute/async - {"script":"<script> [1562 bytes]","args":[{"selector":{"id":"application-manageconditionprice-display-component---conditions--smartFilterBar-btnBasicSearch","interaction":{"idSuffix":"I"}},"wdio_ui5_key":"applicationmanageconditionprice-display-component---conditions--smartFilterBar-btnBasicSearch"}]}
RESULT: {"script":"<script> [1562 bytes]","args":[{"selector":{"id":"application-manageconditionprice-display-component---conditions--smartFilterBar-btnBasicSearch","interaction":{"idSuffix":"I"}},"wdio_ui5_key":"applicationmanageconditionprice-display-component---conditions--smartFilterBar-btnBasicSearch"}]}
RESULT: undefined
COMMAND: POST /session/79689850af1d41ef46dc131fe5890470/execute/async - {"script":"<script> [776 bytes]","args":[{"enterText":"Z1wOfBZ6sq","selector":{"id":"application-manageconditionprice-display-component---conditions--smartFilterBar-btnBasicSearch","interaction":{"idSuffix":"I"}},"clearTextFirst":true,"interactionType":"ENTER_TEXT"}]}
RESULT: {"script":"<script> [776 bytes]","args":[{"enterText":"Z1wOfBZ6sq","selector":{"id":"application-manageconditionprice-display-component---conditions--smartFilterBar-btnBasicSearch","interaction":{"idSuffix":"I"}},"clearTextFirst":true,"interactionType":"ENTER_TEXT"}]}
COMMAND: POST /session/79689850af1d41ef46dc131fe5890470/actions - {"actions":[{"id":"action57","type":"key","parameters":{},"actions":[{"type":"keyDown","value":"î€‡"},{"type":"pause","duration":10},{"type":"keyUp","value":"î€‡"}]}]}
RESULT: {"actions":[{"id":"action57","type":"key","parameters":{},"actions":[{"type":"keyDown","value":"î€‡"},{"type":"pause","duration":10},{"type":"keyUp","value":"î€‡"}]}]}
COMMAND: GET /session/79689850af1d41ef46dc131fe5890470/screenshot - {}
RESULT: {}
COMMAND: POST /session/79689850af1d41ef46dc131fe5890470/execute/async - {"script":"<script> [1562 bytes]","args":[{"selector":{"id":"application-manageconditionprice-display-component---conditions--smartFilterBar-filterItemControl_BASIC-BILL_TYPES-vhi"},"wdio_ui5_key":"applicationmanageconditionprice-display-component---conditions--smartFilterBar-filterItemControl_BASIC-BILL_TYPES-vhi"}]}
RESULT: {"script":"<script> [1562 bytes]","args":[{"selector":{"id":"application-manageconditionprice-display-component---conditions--smartFilterBar-filterItemControl_BASIC-BILL_TYPES-vhi"},"wdio_ui5_key":"applicationmanageconditionprice-display-component---conditions--smartFilterBar-filterItemControl_BASIC-BILL_TYPES-vhi"}]}
RESULT: undefined
COMMAND: POST /session/79689850af1d41ef46dc131fe5890470/element - {"using":"xpath","value":"//*[@id=\"application-manageconditionprice-display-component---conditions--smartFilterBar-filterItemControl_BASIC-BILL_TYPES-vhi\"]"}
RESULT: {"using":"xpath","value":"//*[@id=\"application-manageconditionprice-display-component---conditions--smartFilterBar-filterItemControl_BASIC-BILL_TYPES-vhi\"]"}
COMMAND: POST /session/79689850af1d41ef46dc131fe5890470/element/f.3A2B8E27F6B6549B06BE95D0839BE483.d.7DB833CD5BA2FAAACED9440BA9D61849.e.15534/click - {}
RESULT: {}
COMMAND: POST /session/79689850af1d41ef46dc131fe5890470/execute/async - {"script":"<script> [1562 bytes]","args":[{"selector":{"id":"application-manageconditionprice-display-component---conditions--smartFilterBar-filterItemControl_BASIC-BILL_TYPES-valueHelpDialog-smartFilterBar-btnBasicSearch","searchOpenDialogs":true,"interaction":{"idSuffix":"I"}},"wdio_ui5_key":"applicationmanageconditionprice-display-component---conditions--smartFilterBar-filterItemControl_BASIC-BILL_TYPES-valueHelpDialog-smartFilterBar-btnBasicSearch"}]}
COMMAND: GET /session/79689850af1d41ef46dc131fe5890470/screenshot - {}
RESULT: {"script":"<script> [1562 bytes]","args":[{"selector":{"id":"application-manageconditionprice-display-component---conditions--smartFilterBar-filterItemControl_BASIC-BILL_TYPES-valueHelpDialog-smartFilterBar-btnBasicSearch","searchOpenDialogs":true,"interaction":{"idSuffix":"I"}},"wdio_ui5_key":"applicationmanageconditionprice-display-component---conditions--smartFilterBar-filterItemControl_BASIC-BILL_TYPES-valueHelpDialog-smartFilterBar-btnBasicSearch"}]}
RESULT: undefined
COMMAND: POST /session/79689850af1d41ef46dc131fe5890470/execute/async - {"script":"<script> [776 bytes]","args":[{"enterText":"PB","selector":{"id":"application-manageconditionprice-display-component---conditions--smartFilterBar-filterItemControl_BASIC-BILL_TYPES-valueHelpDialog-smartFilterBar-btnBasicSearch","searchOpenDialogs":true,"interaction":{"idSuffix":"I"}},"clearTextFirst":true,"interactionType":"ENTER_TEXT"}]}
RESULT: {}
RESULT: {"script":"<script> [776 bytes]","args":[{"enterText":"PB","selector":{"id":"application-manageconditionprice-display-component---conditions--smartFilterBar-filterItemControl_BASIC-BILL_TYPES-valueHelpDialog-smartFilterBar-btnBasicSearch","searchOpenDialogs":true,"interaction":{"idSuffix":"I"}},"clearTextFirst":true,"interactionType":"ENTER_TEXT"}]}
COMMAND: POST /session/79689850af1d41ef46dc131fe5890470/actions - {"actions":[{"id":"action58","type":"key","parameters":{},"actions":[{"type":"keyDown","value":"î€‡"},{"type":"pause","duration":10},{"type":"keyUp","value":"î€‡"}]}]}
RESULT: {"actions":[{"id":"action58","type":"key","parameters":{},"actions":[{"type":"keyDown","value":"î€‡"},{"type":"pause","duration":10},{"type":"keyUp","value":"î€‡"}]}]}
COMMAND: GET /session/79689850af1d41ef46dc131fe5890470/screenshot - {}
RESULT: {}
COMMAND: POST /session/79689850af1d41ef46dc131fe5890470/element - {"using":"xpath","value":"//div[contains(@id, 'application-manageconditionprice-display-component---conditions--smartFilterBar-filterItemControl_BASIC-BILL_TYPES-valueHelpDialog-table-rowsel0')]"}
RESULT: {"using":"xpath","value":"//div[contains(@id, 'application-manageconditionprice-display-component---conditions--smartFilterBar-filterItemControl_BASIC-BILL_TYPES-valueHelpDialog-table-rowsel0')]"}
COMMAND: POST /session/79689850af1d41ef46dc131fe5890470/element/f.3A2B8E27F6B6549B06BE95D0839BE483.d.7DB833CD5BA2FAAACED9440BA9D61849.e.15543/click - {}
RESULT: {}
COMMAND: GET /session/79689850af1d41ef46dc131fe5890470/screenshot - {}
RESULT: {}
COMMAND: POST /session/79689850af1d41ef46dc131fe5890470/element - {"using":"xpath","value":"//bdi[contains(text(), \"OK\")]"}
RESULT: {"using":"xpath","value":"//bdi[contains(text(), \"OK\")]"}
COMMAND: POST /session/79689850af1d41ef46dc131fe5890470/element/f.3A2B8E27F6B6549B06BE95D0839BE483.d.7DB833CD5BA2FAAACED9440BA9D61849.e.15545/click - {}
RESULT: {}
COMMAND: GET /session/79689850af1d41ef46dc131fe5890470/screenshot - {}
RESULT: {}
COMMAND: POST /session/79689850af1d41ef46dc131fe5890470/element - {"using":"xpath","value":"//span[@id=\"application-manageconditionprice-display-component---conditions--smartTable-header-inner\"]"}
RESULT: {"using":"xpath","value":"//span[@id=\"application-manageconditionprice-display-component---conditions--smartTable-header-inner\"]"}
COMMAND: POST /session/79689850af1d41ef46dc131fe5890470/elements - {"using":"xpath","value":"//span[@id=\"application-manageconditionprice-display-component---conditions--smartTable-header-inner\"]"}
RESULT: {"using":"xpath","value":"//span[@id=\"application-manageconditionprice-display-component---conditions--smartTable-header-inner\"]"}
COMMAND: POST /session/79689850af1d41ef46dc131fe5890470/execute/sync - {"script":"<script> [56 bytes]","args":[{"element-6066-11e4-a52e-4f735466cecf":"f.3A2B8E27F6B6549B06BE95D0839BE483.d.7DB833CD5BA2FAAACED9440BA9D61849.e.15548","ELEMENT":"f.3A2B8E27F6B6549B06BE95D0839BE483.d.7DB833CD5BA2FAAACED9440BA9D61849.e.15548"}]}
RESULT: {"script":"<script> [56 bytes]","args":[{"element-6066-11e4-a52e-4f735466cecf":"f.3A2B8E27F6B6549B06BE95D0839BE483.d.7DB833CD5BA2FAAACED9440BA9D61849.e.15548","ELEMENT":"f.3A2B8E27F6B6549B06BE95D0839BE483.d.7DB833CD5BA2FAAACED9440BA9D61849.e.15548"}]}
COMMAND: POST /session/79689850af1d41ef46dc131fe5890470/element - {"using":"css selector","value":"#shell-header-logo"}
COMMAND: GET /session/79689850af1d41ef46dc131fe5890470/screenshot - {}
RESULT: {"using":"css selector","value":"#shell-header-logo"}
COMMAND: POST /session/79689850af1d41ef46dc131fe5890470/element/f.3A2B8E27F6B6549B06BE95D0839BE483.d.7DB833CD5BA2FAAACED9440BA9D61849.e.15271/click - {}
RESULT: {}
RESULT: {}
COMMAND: GET /session/79689850af1d41ef46dc131fe5890470/screenshot - {}
RESULT: {}
]]></system-out>
    </testcase>
    <testcase classname="chrome.135_0_7049_96.windows.Performance_based_billing_(work_days)_US139742" name="Should add a counter to the equipment" time="47.691">
      <system-out><![CDATA[
RESULT: undefined
COMMAND: POST /session/79689850af1d41ef46dc131fe5890470/element - {"using":"xpath","value":"//*[@id=\"__tile39\"]"}
RESULT: {"using":"xpath","value":"//*[@id=\"__tile39\"]"}
COMMAND: POST /session/79689850af1d41ef46dc131fe5890470/element/f.3A2B8E27F6B6549B06BE95D0839BE483.d.7DB833CD5BA2FAAACED9440BA9D61849.e.14256/click - {}
RESULT: {}
COMMAND: POST /session/79689850af1d41ef46dc131fe5890470/execute/async - {"script":"<script> [1562 bytes]","args":[{"selector":{"id":"application-manageresources-display-component---masterRU--smartFilterBar-btnBasicSearch","interaction":{"idSuffix":"I"}},"wdio_ui5_key":"applicationmanageresources-display-component---masterRU--smartFilterBar-btnBasicSearch"}]}
COMMAND: GET /session/79689850af1d41ef46dc131fe5890470/screenshot - {}
RESULT: {"script":"<script> [1562 bytes]","args":[{"selector":{"id":"application-manageresources-display-component---masterRU--smartFilterBar-btnBasicSearch","interaction":{"idSuffix":"I"}},"wdio_ui5_key":"applicationmanageresources-display-component---masterRU--smartFilterBar-btnBasicSearch"}]}
RESULT: undefined
COMMAND: POST /session/79689850af1d41ef46dc131fe5890470/execute/async - {"script":"<script> [776 bytes]","args":[{"enterText":"Z1wOfBZ6sq","selector":{"id":"application-manageresources-display-component---masterRU--smartFilterBar-btnBasicSearch","interaction":{"idSuffix":"I"}},"clearTextFirst":true,"interactionType":"ENTER_TEXT"}]}
RESULT: {}
RESULT: {"script":"<script> [776 bytes]","args":[{"enterText":"Z1wOfBZ6sq","selector":{"id":"application-manageresources-display-component---masterRU--smartFilterBar-btnBasicSearch","interaction":{"idSuffix":"I"}},"clearTextFirst":true,"interactionType":"ENTER_TEXT"}]}
COMMAND: POST /session/79689850af1d41ef46dc131fe5890470/actions - {"actions":[{"id":"action59","type":"key","parameters":{},"actions":[{"type":"keyDown","value":"î€‡"},{"type":"pause","duration":10},{"type":"keyUp","value":"î€‡"}]}]}
RESULT: {"actions":[{"id":"action59","type":"key","parameters":{},"actions":[{"type":"keyDown","value":"î€‡"},{"type":"pause","duration":10},{"type":"keyUp","value":"î€‡"}]}]}
COMMAND: GET /session/79689850af1d41ef46dc131fe5890470/screenshot - {}
RESULT: {}
COMMAND: POST /session/79689850af1d41ef46dc131fe5890470/execute/async - {"script":"<script> [1562 bytes]","args":[{"selector":{"id":"application-manageresources-display-component---masterRU--smartTable-header"},"wdio_ui5_key":"applicationmanageresources-display-component---masterRU--smartTable-header"}]}
RESULT: {"script":"<script> [1562 bytes]","args":[{"selector":{"id":"application-manageresources-display-component---masterRU--smartTable-header"},"wdio_ui5_key":"applicationmanageresources-display-component---masterRU--smartTable-header"}]}
RESULT: undefined
COMMAND: POST /session/79689850af1d41ef46dc131fe5890470/execute/async - {"script":"<script> [6424 bytes]","args":[{"element-6066-11e4-a52e-4f735466cecf":"f.3A2B8E27F6B6549B06BE95D0839BE483.d.7DB833CD5BA2FAAACED9440BA9D61849.e.15751"},"getText",[]]}
RESULT: {"script":"<script> [6424 bytes]","args":[{"element-6066-11e4-a52e-4f735466cecf":"f.3A2B8E27F6B6549B06BE95D0839BE483.d.7DB833CD5BA2FAAACED9440BA9D61849.e.15751"},"getText",[]]}
COMMAND: POST /session/79689850af1d41ef46dc131fe5890470/execute/async - {"script":"<script> [1562 bytes]","args":[{"selector":{"controlType":"sap.ui.core.Icon","viewName":"etm.portal.ui.manageresources.view.Master","viewId":"application-manageresources-display-component---masterRU","properties":{"src":{"regex":{"source":"slim\\-arrow\\-right"}}}},"wdio_ui5_key":"etmportal.ui.manageresources.view.Mastersap.ui.core.Icon{\"src\":{\"regex\":{\"source\":\"slim\\\\-arrow\\\\-right\"}}}"}]}
RESULT: {"script":"<script> [1562 bytes]","args":[{"selector":{"controlType":"sap.ui.core.Icon","viewName":"etm.portal.ui.manageresources.view.Master","viewId":"application-manageresources-display-component---masterRU","properties":{"src":{"regex":{"source":"slim\\-arrow\\-right"}}}},"wdio_ui5_key":"etmportal.ui.manageresources.view.Mastersap.ui.core.Icon{\"src\":{\"regex\":{\"source\":\"slim\\\\-arrow\\\\-right\"}}}"}]}
RESULT: undefined
COMMAND: POST /session/79689850af1d41ef46dc131fe5890470/element - {"using":"xpath","value":"//*[@id=\"__item1152-__clone3045-imgNav\"]"}
RESULT: {"using":"xpath","value":"//*[@id=\"__item1152-__clone3045-imgNav\"]"}
COMMAND: POST /session/79689850af1d41ef46dc131fe5890470/element/f.3A2B8E27F6B6549B06BE95D0839BE483.d.7DB833CD5BA2FAAACED9440BA9D61849.e.15750/click - {}
RESULT: {}
COMMAND: GET /session/79689850af1d41ef46dc131fe5890470/screenshot - {}
RESULT: {}
COMMAND: POST /session/79689850af1d41ef46dc131fe5890470/element - {"using":"xpath","value":"//bdi[contains(text(), \"Edit\")]"}
RESULT: {"using":"xpath","value":"//bdi[contains(text(), \"Edit\")]"}
COMMAND: POST /session/79689850af1d41ef46dc131fe5890470/execute/sync - {"script":"<script> [8489 bytes]","args":[{"element-6066-11e4-a52e-4f735466cecf":"f.3A2B8E27F6B6549B06BE95D0839BE483.d.7DB833CD5BA2FAAACED9440BA9D61849.e.15846","ELEMENT":"f.3A2B8E27F6B6549B06BE95D0839BE483.d.7DB833CD5BA2FAAACED9440BA9D61849.e.15846"}]}
RESULT: {"script":"<script> [8489 bytes]","args":[{"element-6066-11e4-a52e-4f735466cecf":"f.3A2B8E27F6B6549B06BE95D0839BE483.d.7DB833CD5BA2FAAACED9440BA9D61849.e.15846","ELEMENT":"f.3A2B8E27F6B6549B06BE95D0839BE483.d.7DB833CD5BA2FAAACED9440BA9D61849.e.15846"}]}
COMMAND: POST /session/79689850af1d41ef46dc131fe5890470/element/f.3A2B8E27F6B6549B06BE95D0839BE483.d.7DB833CD5BA2FAAACED9440BA9D61849.e.15846/click - {}
COMMAND: GET /session/79689850af1d41ef46dc131fe5890470/screenshot - {}
RESULT: {}
COMMAND: GET /session/79689850af1d41ef46dc131fe5890470/screenshot - {}
COMMAND: POST /session/79689850af1d41ef46dc131fe5890470/execute/async - {"script":"<script> [1562 bytes]","args":[{"selector":{"id":"application-manageresources-display-component---editResource--editRruPage-anchBar-application-manageresources-display-component---editResource--counters-anchor","interaction":{"idSuffix":"BDI-content"}},"wdio_ui5_key":"applicationmanageresources-display-component---editResource--editRruPage-anchBar-application-manageresources-display-component---editResource--counters-anchor"}]}
RESULT: {}
RESULT: {}
RESULT: {"script":"<script> [1562 bytes]","args":[{"selector":{"id":"application-manageresources-display-component---editResource--editRruPage-anchBar-application-manageresources-display-component---editResource--counters-anchor","interaction":{"idSuffix":"BDI-content"}},"wdio_ui5_key":"applicationmanageresources-display-component---editResource--editRruPage-anchBar-application-manageresources-display-component---editResource--counters-anchor"}]}
RESULT: undefined
COMMAND: POST /session/79689850af1d41ef46dc131fe5890470/element - {"using":"xpath","value":"//*[@id=\"application-manageresources-display-component---editResource--editRruPage-anchBar-application-manageresources-display-component---editResource--counters-anchor\"]"}
RESULT: {"using":"xpath","value":"//*[@id=\"application-manageresources-display-component---editResource--editRruPage-anchBar-application-manageresources-display-component---editResource--counters-anchor\"]"}
COMMAND: POST /session/79689850af1d41ef46dc131fe5890470/element/f.3A2B8E27F6B6549B06BE95D0839BE483.d.7DB833CD5BA2FAAACED9440BA9D61849.e.16002/click - {}
RESULT: {}
COMMAND: GET /session/79689850af1d41ef46dc131fe5890470/screenshot - {}
RESULT: {}
COMMAND: POST /session/79689850af1d41ef46dc131fe5890470/execute/async - {"script":"<script> [1562 bytes]","args":[{"selector":{"id":"application-manageresources-display-component---editResource--btnAddCounter-img"},"wdio_ui5_key":"applicationmanageresources-display-component---editResource--btnAddCounter-img"}]}
RESULT: {"script":"<script> [1562 bytes]","args":[{"selector":{"id":"application-manageresources-display-component---editResource--btnAddCounter-img"},"wdio_ui5_key":"applicationmanageresources-display-component---editResource--btnAddCounter-img"}]}
RESULT: undefined
COMMAND: POST /session/79689850af1d41ef46dc131fe5890470/element - {"using":"xpath","value":"//*[@id=\"application-manageresources-display-component---editResource--btnAddCounter-img\"]"}
RESULT: {"using":"xpath","value":"//*[@id=\"application-manageresources-display-component---editResource--btnAddCounter-img\"]"}
COMMAND: POST /session/79689850af1d41ef46dc131fe5890470/element/f.3A2B8E27F6B6549B06BE95D0839BE483.d.7DB833CD5BA2FAAACED9440BA9D61849.e.16008/click - {}
RESULT: {}
COMMAND: POST /session/79689850af1d41ef46dc131fe5890470/execute/async - {"script":"<script> [1562 bytes]","args":[{"selector":{"id":"application-manageresources-display-component---editResource--COUNTER_ID-application-manageresources-display-component---editResource--RUCounters-0-arrow"},"wdio_ui5_key":"applicationmanageresources-display-component---editResource--COUNTER_ID-application-manageresources-display-component---editResource--RUCounters-0-arrow"}]}
COMMAND: GET /session/79689850af1d41ef46dc131fe5890470/screenshot - {}
RESULT: {"script":"<script> [1562 bytes]","args":[{"selector":{"id":"application-manageresources-display-component---editResource--COUNTER_ID-application-manageresources-display-component---editResource--RUCounters-0-arrow"},"wdio_ui5_key":"applicationmanageresources-display-component---editResource--COUNTER_ID-application-manageresources-display-component---editResource--RUCounters-0-arrow"}]}
RESULT: undefined
COMMAND: POST /session/79689850af1d41ef46dc131fe5890470/element - {"using":"xpath","value":"//*[@id=\"application-manageresources-display-component---editResource--COUNTER_ID-application-manageresources-display-component---editResource--RUCounters-0-arrow\"]"}
RESULT: {}
RESULT: {"using":"xpath","value":"//*[@id=\"application-manageresources-display-component---editResource--COUNTER_ID-application-manageresources-display-component---editResource--RUCounters-0-arrow\"]"}
COMMAND: POST /session/79689850af1d41ef46dc131fe5890470/element/f.3A2B8E27F6B6549B06BE95D0839BE483.d.7DB833CD5BA2FAAACED9440BA9D61849.e.16023/click - {}
RESULT: {}
COMMAND: POST /session/79689850af1d41ef46dc131fe5890470/execute/async - {"script":"<script> [1562 bytes]","args":[{"selector":{"controlType":"sap.m.StandardListItem","viewName":"etm.portal.ui.manageresources.view.EditResource","viewId":"application-manageresources-display-component---editResource","properties":{"title":"fuel"},"searchOpenDialogs":true,"interaction":{"idSuffix":"content"}},"wdio_ui5_key":"etmportal.ui.manageresources.view.EditResourcesap.m.StandardListItem{\"title\":\"fuel\"}"}]}
COMMAND: GET /session/79689850af1d41ef46dc131fe5890470/screenshot - {}
RESULT: {"script":"<script> [1562 bytes]","args":[{"selector":{"controlType":"sap.m.StandardListItem","viewName":"etm.portal.ui.manageresources.view.EditResource","viewId":"application-manageresources-display-component---editResource","properties":{"title":"fuel"},"searchOpenDialogs":true,"interaction":{"idSuffix":"content"}},"wdio_ui5_key":"etmportal.ui.manageresources.view.EditResourcesap.m.StandardListItem{\"title\":\"fuel\"}"}]}
RESULT: undefined
COMMAND: POST /session/79689850af1d41ef46dc131fe5890470/element - {"using":"xpath","value":"//*[@id=\"__item1457\"]"}
RESULT: {}
RESULT: {"using":"xpath","value":"//*[@id=\"__item1457\"]"}
COMMAND: POST /session/79689850af1d41ef46dc131fe5890470/element/f.3A2B8E27F6B6549B06BE95D0839BE483.d.7DB833CD5BA2FAAACED9440BA9D61849.e.16025/click - {}
RESULT: {}
COMMAND: POST /session/79689850af1d41ef46dc131fe5890470/execute/async - {"script":"<script> [1562 bytes]","args":[{"selector":{"controlType":"sap.m.Button","viewName":"etm.portal.ui.manageresources.view.EditResource","viewId":"application-manageresources-display-component---editResource","i18NText":{"propertyName":"text","key":"save"},"interaction":{"idSuffix":"BDI-content"}},"wdio_ui5_key":"etmportal.ui.manageresources.view.EditResourcesap.m.Button{\"propertyName\":\"text\",\"key\":\"save\"}"}]}
COMMAND: GET /session/79689850af1d41ef46dc131fe5890470/screenshot - {}
RESULT: {"script":"<script> [1562 bytes]","args":[{"selector":{"controlType":"sap.m.Button","viewName":"etm.portal.ui.manageresources.view.EditResource","viewId":"application-manageresources-display-component---editResource","i18NText":{"propertyName":"text","key":"save"},"interaction":{"idSuffix":"BDI-content"}},"wdio_ui5_key":"etmportal.ui.manageresources.view.EditResourcesap.m.Button{\"propertyName\":\"text\",\"key\":\"save\"}"}]}
RESULT: undefined
COMMAND: POST /session/79689850af1d41ef46dc131fe5890470/element - {"using":"xpath","value":"//*[@id=\"__button181\"]"}
RESULT: {}
RESULT: {"using":"xpath","value":"//*[@id=\"__button181\"]"}
COMMAND: POST /session/79689850af1d41ef46dc131fe5890470/element/f.3A2B8E27F6B6549B06BE95D0839BE483.d.7DB833CD5BA2FAAACED9440BA9D61849.e.15972/click - {}
RESULT: {}
COMMAND: GET /session/79689850af1d41ef46dc131fe5890470/screenshot - {}
RESULT: {}
COMMAND: POST /session/79689850af1d41ef46dc131fe5890470/element - {"using":"css selector","value":"#shell-header-logo"}
RESULT: {"using":"css selector","value":"#shell-header-logo"}
COMMAND: POST /session/79689850af1d41ef46dc131fe5890470/element/f.3A2B8E27F6B6549B06BE95D0839BE483.d.7DB833CD5BA2FAAACED9440BA9D61849.e.15554/click - {}
RESULT: {}
COMMAND: GET /session/79689850af1d41ef46dc131fe5890470/screenshot - {}
RESULT: {}
]]></system-out>
    </testcase>
    <testcase classname="chrome.135_0_7049_96.windows.Performance_based_billing_(work_days)_US139742" name="Should do a stock increase on the yard for the equipment" time="80.3">
      <system-out><![CDATA[
COMMAND: POST /session/79689850af1d41ef46dc131fe5890470/execute/async - {"script":"<script> [1562 bytes]","args":[{"selector":{"controlType":"sap.m.Text","viewName":"etm.portal.ui.managehandoverstile.view.Master","properties":{"text":"Manage Handovers"},"interaction":{"idSuffix":"inner"}},"wdio_ui5_key":"etmportal.ui.managehandoverstile.view.Mastersap.m.Text{\"text\":\"Manage Handovers\"}"}]}
RESULT: {"script":"<script> [1562 bytes]","args":[{"selector":{"controlType":"sap.m.Text","viewName":"etm.portal.ui.managehandoverstile.view.Master","properties":{"text":"Manage Handovers"},"interaction":{"idSuffix":"inner"}},"wdio_ui5_key":"etmportal.ui.managehandoverstile.view.Mastersap.m.Text{\"text\":\"Manage Handovers\"}"}]}
RESULT: undefined
COMMAND: POST /session/79689850af1d41ef46dc131fe5890470/element - {"using":"xpath","value":"//*[@id=\"__tile131-title\"]"}
RESULT: {"using":"xpath","value":"//*[@id=\"__tile131-title\"]"}
COMMAND: POST /session/79689850af1d41ef46dc131fe5890470/element/f.3A2B8E27F6B6549B06BE95D0839BE483.d.7DB833CD5BA2FAAACED9440BA9D61849.e.16038/click - {}
RESULT: {}
COMMAND: POST /session/79689850af1d41ef46dc131fe5890470/element - {"using":"xpath","value":"//button[@data-kt=\"masterHOAddButton\"]"}
COMMAND: GET /session/79689850af1d41ef46dc131fe5890470/screenshot - {}
RESULT: {"using":"xpath","value":"//button[@data-kt=\"masterHOAddButton\"]"}
COMMAND: POST /session/79689850af1d41ef46dc131fe5890470/elements - {"using":"xpath","value":"//button[@data-kt=\"masterHOAddButton\"]"}
RESULT: {}
RESULT: {"using":"xpath","value":"//button[@data-kt=\"masterHOAddButton\"]"}
COMMAND: POST /session/79689850af1d41ef46dc131fe5890470/elements - {"using":"xpath","value":"//button[@data-kt=\"masterHOAddButton\"]"}
RESULT: {"using":"xpath","value":"//button[@data-kt=\"masterHOAddButton\"]"}
COMMAND: POST /session/79689850af1d41ef46dc131fe5890470/elements - {"using":"xpath","value":"//button[@data-kt=\"masterHOAddButton\"]"}
RESULT: {"using":"xpath","value":"//button[@data-kt=\"masterHOAddButton\"]"}
COMMAND: POST /session/79689850af1d41ef46dc131fe5890470/elements - {"using":"xpath","value":"//button[@data-kt=\"masterHOAddButton\"]"}
RESULT: {"using":"xpath","value":"//button[@data-kt=\"masterHOAddButton\"]"}
COMMAND: POST /session/79689850af1d41ef46dc131fe5890470/elements - {"using":"xpath","value":"//button[@data-kt=\"masterHOAddButton\"]"}
RESULT: {"using":"xpath","value":"//button[@data-kt=\"masterHOAddButton\"]"}
COMMAND: POST /session/79689850af1d41ef46dc131fe5890470/elements - {"using":"xpath","value":"//button[@data-kt=\"masterHOAddButton\"]"}
RESULT: {"using":"xpath","value":"//button[@data-kt=\"masterHOAddButton\"]"}
COMMAND: POST /session/79689850af1d41ef46dc131fe5890470/elements - {"using":"xpath","value":"//button[@data-kt=\"masterHOAddButton\"]"}
RESULT: {"using":"xpath","value":"//button[@data-kt=\"masterHOAddButton\"]"}
COMMAND: POST /session/79689850af1d41ef46dc131fe5890470/elements - {"using":"xpath","value":"//button[@data-kt=\"masterHOAddButton\"]"}
RESULT: {"using":"xpath","value":"//button[@data-kt=\"masterHOAddButton\"]"}
COMMAND: POST /session/79689850af1d41ef46dc131fe5890470/elements - {"using":"xpath","value":"//button[@data-kt=\"masterHOAddButton\"]"}
RESULT: {"using":"xpath","value":"//button[@data-kt=\"masterHOAddButton\"]"}
COMMAND: POST /session/79689850af1d41ef46dc131fe5890470/elements - {"using":"xpath","value":"//button[@data-kt=\"masterHOAddButton\"]"}
RESULT: {"using":"xpath","value":"//button[@data-kt=\"masterHOAddButton\"]"}
COMMAND: POST /session/79689850af1d41ef46dc131fe5890470/elements - {"using":"xpath","value":"//button[@data-kt=\"masterHOAddButton\"]"}
RESULT: {"using":"xpath","value":"//button[@data-kt=\"masterHOAddButton\"]"}
COMMAND: POST /session/79689850af1d41ef46dc131fe5890470/elements - {"using":"xpath","value":"//button[@data-kt=\"masterHOAddButton\"]"}
RESULT: {"using":"xpath","value":"//button[@data-kt=\"masterHOAddButton\"]"}
COMMAND: POST /session/79689850af1d41ef46dc131fe5890470/elements - {"using":"xpath","value":"//button[@data-kt=\"masterHOAddButton\"]"}
RESULT: {"using":"xpath","value":"//button[@data-kt=\"masterHOAddButton\"]"}
COMMAND: POST /session/79689850af1d41ef46dc131fe5890470/elements - {"using":"xpath","value":"//button[@data-kt=\"masterHOAddButton\"]"}
RESULT: {"using":"xpath","value":"//button[@data-kt=\"masterHOAddButton\"]"}
COMMAND: POST /session/79689850af1d41ef46dc131fe5890470/elements - {"using":"xpath","value":"//button[@data-kt=\"masterHOAddButton\"]"}
RESULT: {"using":"xpath","value":"//button[@data-kt=\"masterHOAddButton\"]"}
COMMAND: POST /session/79689850af1d41ef46dc131fe5890470/elements - {"using":"xpath","value":"//button[@data-kt=\"masterHOAddButton\"]"}
RESULT: {"using":"xpath","value":"//button[@data-kt=\"masterHOAddButton\"]"}
COMMAND: POST /session/79689850af1d41ef46dc131fe5890470/elements - {"using":"xpath","value":"//button[@data-kt=\"masterHOAddButton\"]"}
RESULT: {"using":"xpath","value":"//button[@data-kt=\"masterHOAddButton\"]"}
COMMAND: POST /session/79689850af1d41ef46dc131fe5890470/elements - {"using":"xpath","value":"//button[@data-kt=\"masterHOAddButton\"]"}
RESULT: {"using":"xpath","value":"//button[@data-kt=\"masterHOAddButton\"]"}
COMMAND: POST /session/79689850af1d41ef46dc131fe5890470/elements - {"using":"xpath","value":"//button[@data-kt=\"masterHOAddButton\"]"}
RESULT: {"using":"xpath","value":"//button[@data-kt=\"masterHOAddButton\"]"}
COMMAND: POST /session/79689850af1d41ef46dc131fe5890470/elements - {"using":"xpath","value":"//button[@data-kt=\"masterHOAddButton\"]"}
RESULT: {"using":"xpath","value":"//button[@data-kt=\"masterHOAddButton\"]"}
COMMAND: POST /session/79689850af1d41ef46dc131fe5890470/elements - {"using":"xpath","value":"//button[@data-kt=\"masterHOAddButton\"]"}
RESULT: {"using":"xpath","value":"//button[@data-kt=\"masterHOAddButton\"]"}
COMMAND: POST /session/79689850af1d41ef46dc131fe5890470/element - {"using":"xpath","value":"//button[@data-kt=\"masterHOAddButton\"]"}
RESULT: {"using":"xpath","value":"//button[@data-kt=\"masterHOAddButton\"]"}
COMMAND: POST /session/79689850af1d41ef46dc131fe5890470/execute/sync - {"script":"<script> [8489 bytes]","args":[{"element-6066-11e4-a52e-4f735466cecf":"f.3A2B8E27F6B6549B06BE95D0839BE483.d.7DB833CD5BA2FAAACED9440BA9D61849.e.16069","ELEMENT":"f.3A2B8E27F6B6549B06BE95D0839BE483.d.7DB833CD5BA2FAAACED9440BA9D61849.e.16069"}]}
RESULT: {"script":"<script> [8489 bytes]","args":[{"element-6066-11e4-a52e-4f735466cecf":"f.3A2B8E27F6B6549B06BE95D0839BE483.d.7DB833CD5BA2FAAACED9440BA9D61849.e.16069","ELEMENT":"f.3A2B8E27F6B6549B06BE95D0839BE483.d.7DB833CD5BA2FAAACED9440BA9D61849.e.16069"}]}
COMMAND: GET /session/79689850af1d41ef46dc131fe5890470/element/f.3A2B8E27F6B6549B06BE95D0839BE483.d.7DB833CD5BA2FAAACED9440BA9D61849.e.16069/enabled - {}
COMMAND: GET /session/79689850af1d41ef46dc131fe5890470/screenshot - {}
RESULT: {}
COMMAND: POST /session/79689850af1d41ef46dc131fe5890470/execute/sync - {"script":"<script> [8489 bytes]","args":[{"element-6066-11e4-a52e-4f735466cecf":"f.3A2B8E27F6B6549B06BE95D0839BE483.d.7DB833CD5BA2FAAACED9440BA9D61849.e.16069","ELEMENT":"f.3A2B8E27F6B6549B06BE95D0839BE483.d.7DB833CD5BA2FAAACED9440BA9D61849.e.16069"}]}
COMMAND: GET /session/79689850af1d41ef46dc131fe5890470/screenshot - {}
RESULT: {}
RESULT: {"script":"<script> [8489 bytes]","args":[{"element-6066-11e4-a52e-4f735466cecf":"f.3A2B8E27F6B6549B06BE95D0839BE483.d.7DB833CD5BA2FAAACED9440BA9D61849.e.16069","ELEMENT":"f.3A2B8E27F6B6549B06BE95D0839BE483.d.7DB833CD5BA2FAAACED9440BA9D61849.e.16069"}]}
COMMAND: POST /session/79689850af1d41ef46dc131fe5890470/execute/sync - {"script":"<script> [5351 bytes]","args":[{"element-6066-11e4-a52e-4f735466cecf":"f.3A2B8E27F6B6549B06BE95D0839BE483.d.7DB833CD5BA2FAAACED9440BA9D61849.e.16069","ELEMENT":"f.3A2B8E27F6B6549B06BE95D0839BE483.d.7DB833CD5BA2FAAACED9440BA9D61849.e.16069"}]}
COMMAND: GET /session/79689850af1d41ef46dc131fe5890470/screenshot - {}
RESULT: {}
RESULT: {"script":"<script> [5351 bytes]","args":[{"element-6066-11e4-a52e-4f735466cecf":"f.3A2B8E27F6B6549B06BE95D0839BE483.d.7DB833CD5BA2FAAACED9440BA9D61849.e.16069","ELEMENT":"f.3A2B8E27F6B6549B06BE95D0839BE483.d.7DB833CD5BA2FAAACED9440BA9D61849.e.16069"}]}
COMMAND: POST /session/79689850af1d41ef46dc131fe5890470/element/f.3A2B8E27F6B6549B06BE95D0839BE483.d.7DB833CD5BA2FAAACED9440BA9D61849.e.16069/click - {}
COMMAND: GET /session/79689850af1d41ef46dc131fe5890470/screenshot - {}
RESULT: {}
RESULT: {}
COMMAND: GET /session/79689850af1d41ef46dc131fe5890470/screenshot - {}
RESULT: {}
RESULT: {}
COMMAND: POST /session/79689850af1d41ef46dc131fe5890470/element - {"using":"xpath","value":"//span[contains(@id ,\"AddNewHO--typeSelect-arrow\")]"}
RESULT: {"using":"xpath","value":"//span[contains(@id ,\"AddNewHO--typeSelect-arrow\")]"}
COMMAND: POST /session/79689850af1d41ef46dc131fe5890470/element/f.3A2B8E27F6B6549B06BE95D0839BE483.d.7DB833CD5BA2FAAACED9440BA9D61849.e.16429/click - {}
RESULT: {}
COMMAND: GET /session/79689850af1d41ef46dc131fe5890470/screenshot - {}
RESULT: {}
COMMAND: POST /session/79689850af1d41ef46dc131fe5890470/element - {"using":"xpath","value":"(//li[contains(text(), \"stock increase yard\")])[1]"}
RESULT: {"using":"xpath","value":"(//li[contains(text(), \"stock increase yard\")])[1]"}
COMMAND: POST /session/79689850af1d41ef46dc131fe5890470/element/f.3A2B8E27F6B6549B06BE95D0839BE483.d.7DB833CD5BA2FAAACED9440BA9D61849.e.16430/click - {}
RESULT: {}
COMMAND: GET /session/79689850af1d41ef46dc131fe5890470/screenshot - {}
RESULT: {}
COMMAND: POST /session/79689850af1d41ef46dc131fe5890470/execute/async - {"script":"<script> [1562 bytes]","args":[{"selector":{"id":"application-managehandovers-display-component---AddNewHO--dueDate","interaction":{"idSuffix":"inner"}},"wdio_ui5_key":"applicationmanagehandovers-display-component---AddNewHO--dueDate"}]}
RESULT: {"script":"<script> [1562 bytes]","args":[{"selector":{"id":"application-managehandovers-display-component---AddNewHO--dueDate","interaction":{"idSuffix":"inner"}},"wdio_ui5_key":"applicationmanagehandovers-display-component---AddNewHO--dueDate"}]}
RESULT: undefined
COMMAND: POST /session/79689850af1d41ef46dc131fe5890470/execute/async - {"script":"<script> [6424 bytes]","args":[{"element-6066-11e4-a52e-4f735466cecf":"f.3A2B8E27F6B6549B06BE95D0839BE483.d.7DB833CD5BA2FAAACED9440BA9D61849.e.16432"},"setValue",["05/02/2025"]]}
RESULT: {"script":"<script> [6424 bytes]","args":[{"element-6066-11e4-a52e-4f735466cecf":"f.3A2B8E27F6B6549B06BE95D0839BE483.d.7DB833CD5BA2FAAACED9440BA9D61849.e.16432"},"setValue",["05/02/2025"]]}
COMMAND: POST /session/79689850af1d41ef46dc131fe5890470/element - {"using":"xpath","value":"//input[@id=\"generalSectionFrg--receiveYard-inner\"]"}
RESULT: {"using":"xpath","value":"//input[@id=\"generalSectionFrg--receiveYard-inner\"]"}
COMMAND: POST /session/79689850af1d41ef46dc131fe5890470/element/f.3A2B8E27F6B6549B06BE95D0839BE483.d.7DB833CD5BA2FAAACED9440BA9D61849.e.16438/clear - {}
RESULT: {}
COMMAND: POST /session/79689850af1d41ef46dc131fe5890470/element/f.3A2B8E27F6B6549B06BE95D0839BE483.d.7DB833CD5BA2FAAACED9440BA9D61849.e.16438/value - {"text":"496"}
COMMAND: GET /session/79689850af1d41ef46dc131fe5890470/screenshot - {}
RESULT: {"text":"496"}
COMMAND: GET /session/79689850af1d41ef46dc131fe5890470/screenshot - {}
RESULT: {}
RESULT: {}
COMMAND: POST /session/79689850af1d41ef46dc131fe5890470/element - {"using":"xpath","value":"//li[.//span[text()='496']]"}
RESULT: {"using":"xpath","value":"//li[.//span[text()='496']]"}
COMMAND: POST /session/79689850af1d41ef46dc131fe5890470/element/f.3A2B8E27F6B6549B06BE95D0839BE483.d.7DB833CD5BA2FAAACED9440BA9D61849.e.16456/click - {}
RESULT: {}
COMMAND: GET /session/79689850af1d41ef46dc131fe5890470/screenshot - {}
RESULT: {}
COMMAND: POST /session/79689850af1d41ef46dc131fe5890470/execute/async - {"script":"<script> [1562 bytes]","args":[{"selector":{"id":"application-managehandovers-display-component---AddNewHO--ObjectPageLayout-anchBar-application-managehandovers-display-component---AddNewHO--section4-anchor","interaction":{"idSuffix":"BDI-content"}},"wdio_ui5_key":"applicationmanagehandovers-display-component---AddNewHO--ObjectPageLayout-anchBar-application-managehandovers-display-component---AddNewHO--section4-anchor"}]}
RESULT: {"script":"<script> [1562 bytes]","args":[{"selector":{"id":"application-managehandovers-display-component---AddNewHO--ObjectPageLayout-anchBar-application-managehandovers-display-component---AddNewHO--section4-anchor","interaction":{"idSuffix":"BDI-content"}},"wdio_ui5_key":"applicationmanagehandovers-display-component---AddNewHO--ObjectPageLayout-anchBar-application-managehandovers-display-component---AddNewHO--section4-anchor"}]}
RESULT: undefined
COMMAND: POST /session/79689850af1d41ef46dc131fe5890470/element - {"using":"xpath","value":"//*[@id=\"application-managehandovers-display-component---AddNewHO--ObjectPageLayout-anchBar-application-managehandovers-display-component---AddNewHO--section4-anchor\"]"}
RESULT: {"using":"xpath","value":"//*[@id=\"application-managehandovers-display-component---AddNewHO--ObjectPageLayout-anchBar-application-managehandovers-display-component---AddNewHO--section4-anchor\"]"}
COMMAND: POST /session/79689850af1d41ef46dc131fe5890470/element/f.3A2B8E27F6B6549B06BE95D0839BE483.d.7DB833CD5BA2FAAACED9440BA9D61849.e.16458/click - {}
RESULT: {}
COMMAND: POST /session/79689850af1d41ef46dc131fe5890470/element - {"using":"xpath","value":"//button[@aria-label=\"Add\"]"}
COMMAND: GET /session/79689850af1d41ef46dc131fe5890470/screenshot - {}
RESULT: {"using":"xpath","value":"//button[@aria-label=\"Add\"]"}
COMMAND: POST /session/79689850af1d41ef46dc131fe5890470/element/f.3A2B8E27F6B6549B06BE95D0839BE483.d.7DB833CD5BA2FAAACED9440BA9D61849.e.16460/click - {}
RESULT: {}
RESULT: {}
COMMAND: GET /session/79689850af1d41ef46dc131fe5890470/screenshot - {}
RESULT: {}
COMMAND: POST /session/79689850af1d41ef46dc131fe5890470/execute/async - {"script":"<script> [1562 bytes]","args":[{"selector":{"id":"application-managehandovers-display-component---AddNewHO--smartFilterBar-btnBasicSearch","searchOpenDialogs":true,"interaction":{"idSuffix":"I"}},"wdio_ui5_key":"applicationmanagehandovers-display-component---AddNewHO--smartFilterBar-btnBasicSearch"}]}
RESULT: {"script":"<script> [1562 bytes]","args":[{"selector":{"id":"application-managehandovers-display-component---AddNewHO--smartFilterBar-btnBasicSearch","searchOpenDialogs":true,"interaction":{"idSuffix":"I"}},"wdio_ui5_key":"applicationmanagehandovers-display-component---AddNewHO--smartFilterBar-btnBasicSearch"}]}
RESULT: undefined
COMMAND: POST /session/79689850af1d41ef46dc131fe5890470/execute/async - {"script":"<script> [776 bytes]","args":[{"enterText":"Z1wOfBZ6sq","selector":{"id":"application-managehandovers-display-component---AddNewHO--smartFilterBar-btnBasicSearch","searchOpenDialogs":true,"interaction":{"idSuffix":"I"}},"clearTextFirst":true,"interactionType":"ENTER_TEXT"}]}
RESULT: {"script":"<script> [776 bytes]","args":[{"enterText":"Z1wOfBZ6sq","selector":{"id":"application-managehandovers-display-component---AddNewHO--smartFilterBar-btnBasicSearch","searchOpenDialogs":true,"interaction":{"idSuffix":"I"}},"clearTextFirst":true,"interactionType":"ENTER_TEXT"}]}
COMMAND: POST /session/79689850af1d41ef46dc131fe5890470/actions - {"actions":[{"id":"action60","type":"key","parameters":{},"actions":[{"type":"keyDown","value":"î€‡"},{"type":"pause","duration":10},{"type":"keyUp","value":"î€‡"}]}]}
RESULT: {"actions":[{"id":"action60","type":"key","parameters":{},"actions":[{"type":"keyDown","value":"î€‡"},{"type":"pause","duration":10},{"type":"keyUp","value":"î€‡"}]}]}
COMMAND: GET /session/79689850af1d41ef46dc131fe5890470/screenshot - {}
RESULT: {}
COMMAND: POST /session/79689850af1d41ef46dc131fe5890470/execute/async - {"script":"<script> [1562 bytes]","args":[{"selector":{"id":"application-managehandovers-display-component---AddNewHO--popup-sa","searchOpenDialogs":true,"interaction":{"idSuffix":"CbBg"}},"wdio_ui5_key":"applicationmanagehandovers-display-component---AddNewHO--popup-sa"}]}
RESULT: {"script":"<script> [1562 bytes]","args":[{"selector":{"id":"application-managehandovers-display-component---AddNewHO--popup-sa","searchOpenDialogs":true,"interaction":{"idSuffix":"CbBg"}},"wdio_ui5_key":"applicationmanagehandovers-display-component---AddNewHO--popup-sa"}]}
RESULT: undefined
COMMAND: POST /session/79689850af1d41ef46dc131fe5890470/element - {"using":"xpath","value":"//*[@id=\"application-managehandovers-display-component---AddNewHO--popup-sa\"]"}
RESULT: {"using":"xpath","value":"//*[@id=\"application-managehandovers-display-component---AddNewHO--popup-sa\"]"}
COMMAND: POST /session/79689850af1d41ef46dc131fe5890470/element/f.3A2B8E27F6B6549B06BE95D0839BE483.d.7DB833CD5BA2FAAACED9440BA9D61849.e.16615/click - {}
RESULT: {}
COMMAND: GET /session/79689850af1d41ef46dc131fe5890470/screenshot - {}
RESULT: {}
COMMAND: POST /session/79689850af1d41ef46dc131fe5890470/element - {"using":"xpath","value":"//bdi[contains(text(), \"Select\")]"}
RESULT: {"using":"xpath","value":"//bdi[contains(text(), \"Select\")]"}
COMMAND: POST /session/79689850af1d41ef46dc131fe5890470/element/f.3A2B8E27F6B6549B06BE95D0839BE483.d.7DB833CD5BA2FAAACED9440BA9D61849.e.16616/click - {}
RESULT: {}
COMMAND: GET /session/79689850af1d41ef46dc131fe5890470/screenshot - {}
RESULT: {}
COMMAND: POST /session/79689850af1d41ef46dc131fe5890470/element - {"using":"xpath","value":"//button[@data-kt=\"AddNewHOSaveButton\"]"}
RESULT: {"using":"xpath","value":"//button[@data-kt=\"AddNewHOSaveButton\"]"}
COMMAND: POST /session/79689850af1d41ef46dc131fe5890470/element/f.3A2B8E27F6B6549B06BE95D0839BE483.d.7DB833CD5BA2FAAACED9440BA9D61849.e.16620/click - {}
RESULT: {}
COMMAND: GET /session/79689850af1d41ef46dc131fe5890470/screenshot - {}
RESULT: {}
COMMAND: POST /session/79689850af1d41ef46dc131fe5890470/execute/async - {"script":"<script> [1562 bytes]","args":[{"selector":{"id":"receiptDatePicker","viewName":"etm.portal.ui.managehandovers.view.DetailExecuteHO","interaction":{"idSuffix":"inner"}},"wdio_ui5_key":"receiptDatePickeretmportal.ui.managehandovers.view.DetailExecuteHO"}]}
RESULT: {"script":"<script> [1562 bytes]","args":[{"selector":{"id":"receiptDatePicker","viewName":"etm.portal.ui.managehandovers.view.DetailExecuteHO","interaction":{"idSuffix":"inner"}},"wdio_ui5_key":"receiptDatePickeretmportal.ui.managehandovers.view.DetailExecuteHO"}]}
RESULT: undefined
COMMAND: POST /session/79689850af1d41ef46dc131fe5890470/execute/async - {"script":"<script> [6424 bytes]","args":[{"element-6066-11e4-a52e-4f735466cecf":"f.3A2B8E27F6B6549B06BE95D0839BE483.d.7DB833CD5BA2FAAACED9440BA9D61849.e.16650"},"setValue",["05/02/2025"]]}
RESULT: {"script":"<script> [6424 bytes]","args":[{"element-6066-11e4-a52e-4f735466cecf":"f.3A2B8E27F6B6549B06BE95D0839BE483.d.7DB833CD5BA2FAAACED9440BA9D61849.e.16650"},"setValue",["05/02/2025"]]}
COMMAND: POST /session/79689850af1d41ef46dc131fe5890470/element - {"using":"xpath","value":"//button[@data-kt=\"PickingTableConfirmAllButton\"]"}
RESULT: {"using":"xpath","value":"//button[@data-kt=\"PickingTableConfirmAllButton\"]"}
COMMAND: POST /session/79689850af1d41ef46dc131fe5890470/element/f.3A2B8E27F6B6549B06BE95D0839BE483.d.7DB833CD5BA2FAAACED9440BA9D61849.e.16666/click - {}
RESULT: {}
COMMAND: GET /session/79689850af1d41ef46dc131fe5890470/screenshot - {}
RESULT: {}
COMMAND: POST /session/79689850af1d41ef46dc131fe5890470/element - {"using":"xpath","value":"//bdi[contains(text(), \"OK\")]"}
RESULT: {"using":"xpath","value":"//bdi[contains(text(), \"OK\")]"}
COMMAND: POST /session/79689850af1d41ef46dc131fe5890470/element/f.3A2B8E27F6B6549B06BE95D0839BE483.d.7DB833CD5BA2FAAACED9440BA9D61849.e.16668/click - {}
RESULT: {}
COMMAND: GET /session/79689850af1d41ef46dc131fe5890470/screenshot - {}
RESULT: {}
COMMAND: POST /session/79689850af1d41ef46dc131fe5890470/element - {"using":"xpath","value":"(//bdi[contains(text(), \"Receive\")])[2]"}
RESULT: {"using":"xpath","value":"(//bdi[contains(text(), \"Receive\")])[2]"}
COMMAND: POST /session/79689850af1d41ef46dc131fe5890470/element/f.3A2B8E27F6B6549B06BE95D0839BE483.d.7DB833CD5BA2FAAACED9440BA9D61849.e.16670/click - {}
RESULT: {}
COMMAND: GET /session/79689850af1d41ef46dc131fe5890470/screenshot - {}
RESULT: {}
COMMAND: POST /session/79689850af1d41ef46dc131fe5890470/element - {"using":"css selector","value":"#shell-header-logo"}
RESULT: {"using":"css selector","value":"#shell-header-logo"}
COMMAND: POST /session/79689850af1d41ef46dc131fe5890470/element/f.3A2B8E27F6B6549B06BE95D0839BE483.d.7DB833CD5BA2FAAACED9440BA9D61849.e.16040/click - {}
RESULT: {}
COMMAND: GET /session/79689850af1d41ef46dc131fe5890470/screenshot - {}
RESULT: {}
]]></system-out>
    </testcase>
    <testcase classname="chrome.135_0_7049_96.windows.Performance_based_billing_(work_days)_US139742" name="Should create a new contract" time="55.001">
      <system-out><![CDATA[
COMMAND: POST /session/79689850af1d41ef46dc131fe5890470/execute/async - {"script":"<script> [1562 bytes]","args":[{"selector":{"controlType":"sap.m.Text","viewName":"etm.portal.ui.managecontractstile.view.Master","properties":{"text":"Manage Contracts"},"interaction":{"idSuffix":"inner"}},"wdio_ui5_key":"etmportal.ui.managecontractstile.view.Mastersap.m.Text{\"text\":\"Manage Contracts\"}"}]}
RESULT: {"script":"<script> [1562 bytes]","args":[{"selector":{"controlType":"sap.m.Text","viewName":"etm.portal.ui.managecontractstile.view.Master","properties":{"text":"Manage Contracts"},"interaction":{"idSuffix":"inner"}},"wdio_ui5_key":"etmportal.ui.managecontractstile.view.Mastersap.m.Text{\"text\":\"Manage Contracts\"}"}]}
RESULT: undefined
COMMAND: POST /session/79689850af1d41ef46dc131fe5890470/element - {"using":"xpath","value":"//*[@id=\"__tile132-title\"]"}
RESULT: {"using":"xpath","value":"//*[@id=\"__tile132-title\"]"}
COMMAND: POST /session/79689850af1d41ef46dc131fe5890470/element/f.3A2B8E27F6B6549B06BE95D0839BE483.d.7DB833CD5BA2FAAACED9440BA9D61849.e.16841/click - {}
RESULT: {}
COMMAND: GET /session/79689850af1d41ef46dc131fe5890470/screenshot - {}
RESULT: {}
COMMAND: POST /session/79689850af1d41ef46dc131fe5890470/element - {"using":"xpath","value":"//button[@data-kt=\"addButton\"]"}
RESULT: {"using":"xpath","value":"//button[@data-kt=\"addButton\"]"}
COMMAND: POST /session/79689850af1d41ef46dc131fe5890470/elements - {"using":"xpath","value":"//button[@data-kt=\"addButton\"]"}
RESULT: {"using":"xpath","value":"//button[@data-kt=\"addButton\"]"}
COMMAND: POST /session/79689850af1d41ef46dc131fe5890470/execute/sync - {"script":"<script> [8489 bytes]","args":[{"element-6066-11e4-a52e-4f735466cecf":"f.3A2B8E27F6B6549B06BE95D0839BE483.d.7DB833CD5BA2FAAACED9440BA9D61849.e.16912","ELEMENT":"f.3A2B8E27F6B6549B06BE95D0839BE483.d.7DB833CD5BA2FAAACED9440BA9D61849.e.16912"}]}
RESULT: {"script":"<script> [8489 bytes]","args":[{"element-6066-11e4-a52e-4f735466cecf":"f.3A2B8E27F6B6549B06BE95D0839BE483.d.7DB833CD5BA2FAAACED9440BA9D61849.e.16912","ELEMENT":"f.3A2B8E27F6B6549B06BE95D0839BE483.d.7DB833CD5BA2FAAACED9440BA9D61849.e.16912"}]}
COMMAND: GET /session/79689850af1d41ef46dc131fe5890470/element/f.3A2B8E27F6B6549B06BE95D0839BE483.d.7DB833CD5BA2FAAACED9440BA9D61849.e.16912/enabled - {}
COMMAND: GET /session/79689850af1d41ef46dc131fe5890470/screenshot - {}
RESULT: {}
COMMAND: POST /session/79689850af1d41ef46dc131fe5890470/execute/sync - {"script":"<script> [8489 bytes]","args":[{"element-6066-11e4-a52e-4f735466cecf":"f.3A2B8E27F6B6549B06BE95D0839BE483.d.7DB833CD5BA2FAAACED9440BA9D61849.e.16912","ELEMENT":"f.3A2B8E27F6B6549B06BE95D0839BE483.d.7DB833CD5BA2FAAACED9440BA9D61849.e.16912"}]}
COMMAND: GET /session/79689850af1d41ef46dc131fe5890470/screenshot - {}
RESULT: {}
RESULT: {"script":"<script> [8489 bytes]","args":[{"element-6066-11e4-a52e-4f735466cecf":"f.3A2B8E27F6B6549B06BE95D0839BE483.d.7DB833CD5BA2FAAACED9440BA9D61849.e.16912","ELEMENT":"f.3A2B8E27F6B6549B06BE95D0839BE483.d.7DB833CD5BA2FAAACED9440BA9D61849.e.16912"}]}
COMMAND: POST /session/79689850af1d41ef46dc131fe5890470/execute/sync - {"script":"<script> [5351 bytes]","args":[{"element-6066-11e4-a52e-4f735466cecf":"f.3A2B8E27F6B6549B06BE95D0839BE483.d.7DB833CD5BA2FAAACED9440BA9D61849.e.16912","ELEMENT":"f.3A2B8E27F6B6549B06BE95D0839BE483.d.7DB833CD5BA2FAAACED9440BA9D61849.e.16912"}]}
COMMAND: GET /session/79689850af1d41ef46dc131fe5890470/screenshot - {}
RESULT: {}
RESULT: {"script":"<script> [5351 bytes]","args":[{"element-6066-11e4-a52e-4f735466cecf":"f.3A2B8E27F6B6549B06BE95D0839BE483.d.7DB833CD5BA2FAAACED9440BA9D61849.e.16912","ELEMENT":"f.3A2B8E27F6B6549B06BE95D0839BE483.d.7DB833CD5BA2FAAACED9440BA9D61849.e.16912"}]}
COMMAND: GET /session/79689850af1d41ef46dc131fe5890470/screenshot - {}
RESULT: {}
RESULT: {}
COMMAND: POST /session/79689850af1d41ef46dc131fe5890470/element/f.3A2B8E27F6B6549B06BE95D0839BE483.d.7DB833CD5BA2FAAACED9440BA9D61849.e.16912/click - {}
RESULT: {}
COMMAND: GET /session/79689850af1d41ef46dc131fe5890470/screenshot - {}
RESULT: {}
COMMAND: POST /session/79689850af1d41ef46dc131fe5890470/execute/async - {"script":"<script> [1562 bytes]","args":[{"selector":{"id":"application-managecontracts-display-component---AddNewContract--projectDescription","interaction":{"idSuffix":"inner"}},"wdio_ui5_key":"applicationmanagecontracts-display-component---AddNewContract--projectDescription"}]}
RESULT: {"script":"<script> [1562 bytes]","args":[{"selector":{"id":"application-managecontracts-display-component---AddNewContract--projectDescription","interaction":{"idSuffix":"inner"}},"wdio_ui5_key":"applicationmanagecontracts-display-component---AddNewContract--projectDescription"}]}
RESULT: undefined
COMMAND: POST /session/79689850af1d41ef46dc131fe5890470/execute/async - {"script":"<script> [776 bytes]","args":[{"enterText":"Performance Contract WDIO","selector":{"id":"application-managecontracts-display-component---AddNewContract--projectDescription","interaction":{"idSuffix":"inner"}},"clearTextFirst":true,"interactionType":"ENTER_TEXT"}]}
RESULT: {"script":"<script> [776 bytes]","args":[{"enterText":"Performance Contract WDIO","selector":{"id":"application-managecontracts-display-component---AddNewContract--projectDescription","interaction":{"idSuffix":"inner"}},"clearTextFirst":true,"interactionType":"ENTER_TEXT"}]}
COMMAND: POST /session/79689850af1d41ef46dc131fe5890470/element - {"using":"xpath","value":"//input[@id=\"application-managecontracts-display-component---AddNewContract--site-inner\"]"}
RESULT: {"using":"xpath","value":"//input[@id=\"application-managecontracts-display-component---AddNewContract--site-inner\"]"}
COMMAND: POST /session/79689850af1d41ef46dc131fe5890470/element/f.3A2B8E27F6B6549B06BE95D0839BE483.d.7DB833CD5BA2FAAACED9440BA9D61849.e.17205/clear - {}
RESULT: {}
COMMAND: POST /session/79689850af1d41ef46dc131fe5890470/element/f.3A2B8E27F6B6549B06BE95D0839BE483.d.7DB833CD5BA2FAAACED9440BA9D61849.e.17205/value - {"text":"2331"}
COMMAND: GET /session/79689850af1d41ef46dc131fe5890470/screenshot - {}
RESULT: {"text":"2331"}
COMMAND: GET /session/79689850af1d41ef46dc131fe5890470/screenshot - {}
RESULT: {}
RESULT: {}
COMMAND: POST /session/79689850af1d41ef46dc131fe5890470/element - {"using":"xpath","value":"//li[.//span[text()='2331']]"}
RESULT: {"using":"xpath","value":"//li[.//span[text()='2331']]"}
COMMAND: POST /session/79689850af1d41ef46dc131fe5890470/element/f.3A2B8E27F6B6549B06BE95D0839BE483.d.7DB833CD5BA2FAAACED9440BA9D61849.e.17230/click - {}
RESULT: {}
COMMAND: GET /session/79689850af1d41ef46dc131fe5890470/screenshot - {}
RESULT: {}
COMMAND: POST /session/79689850af1d41ef46dc131fe5890470/element - {"using":"xpath","value":"//input[@id=\"application-managecontracts-display-component---AddNewContract--yardId-inner\"]"}
RESULT: {"using":"xpath","value":"//input[@id=\"application-managecontracts-display-component---AddNewContract--yardId-inner\"]"}
COMMAND: GET /session/79689850af1d41ef46dc131fe5890470/element/f.3A2B8E27F6B6549B06BE95D0839BE483.d.7DB833CD5BA2FAAACED9440BA9D61849.e.17206/property/value - {}
RESULT: {}
COMMAND: POST /session/79689850af1d41ef46dc131fe5890470/element - {"using":"xpath","value":"//input[@id=\"application-managecontracts-display-component---AddNewContract--customerSelect-inner\"]"}
COMMAND: GET /session/79689850af1d41ef46dc131fe5890470/screenshot - {}
RESULT: {"using":"xpath","value":"//input[@id=\"application-managecontracts-display-component---AddNewContract--customerSelect-inner\"]"}
COMMAND: POST /session/79689850af1d41ef46dc131fe5890470/element/f.3A2B8E27F6B6549B06BE95D0839BE483.d.7DB833CD5BA2FAAACED9440BA9D61849.e.17204/clear - {}
RESULT: {}
RESULT: {}
COMMAND: POST /session/79689850af1d41ef46dc131fe5890470/element/f.3A2B8E27F6B6549B06BE95D0839BE483.d.7DB833CD5BA2FAAACED9440BA9D61849.e.17204/value - {"text":"1370"}
COMMAND: GET /session/79689850af1d41ef46dc131fe5890470/screenshot - {}
RESULT: {"text":"1370"}
COMMAND: GET /session/79689850af1d41ef46dc131fe5890470/screenshot - {}
RESULT: {}
RESULT: {}
COMMAND: POST /session/79689850af1d41ef46dc131fe5890470/element - {"using":"xpath","value":"//li[.//span[text()='1370']]"}
RESULT: {"using":"xpath","value":"//li[.//span[text()='1370']]"}
COMMAND: POST /session/79689850af1d41ef46dc131fe5890470/element/f.3A2B8E27F6B6549B06BE95D0839BE483.d.7DB833CD5BA2FAAACED9440BA9D61849.e.17233/click - {}
RESULT: {}
COMMAND: GET /session/79689850af1d41ef46dc131fe5890470/screenshot - {}
RESULT: {}
COMMAND: POST /session/79689850af1d41ef46dc131fe5890470/element - {"using":"xpath","value":"//button[@data-kt=\"saveButton\"]"}
RESULT: {"using":"xpath","value":"//button[@data-kt=\"saveButton\"]"}
COMMAND: POST /session/79689850af1d41ef46dc131fe5890470/element/f.3A2B8E27F6B6549B06BE95D0839BE483.d.7DB833CD5BA2FAAACED9440BA9D61849.e.17223/click - {}
RESULT: {}
COMMAND: GET /session/79689850af1d41ef46dc131fe5890470/screenshot - {}
RESULT: {}
COMMAND: POST /session/79689850af1d41ef46dc131fe5890470/element - {"using":"xpath","value":"//span[contains(@id ,\"contractDetailTitleNoExpanded\")]"}
RESULT: {"using":"xpath","value":"//span[contains(@id ,\"contractDetailTitleNoExpanded\")]"}
COMMAND: POST /session/79689850af1d41ef46dc131fe5890470/elements - {"using":"xpath","value":"//span[contains(@id ,\"contractDetailTitleNoExpanded\")]"}
RESULT: {"using":"xpath","value":"//span[contains(@id ,\"contractDetailTitleNoExpanded\")]"}
COMMAND: POST /session/79689850af1d41ef46dc131fe5890470/execute/sync - {"script":"<script> [56 bytes]","args":[{"element-6066-11e4-a52e-4f735466cecf":"f.3A2B8E27F6B6549B06BE95D0839BE483.d.7DB833CD5BA2FAAACED9440BA9D61849.e.17275","ELEMENT":"f.3A2B8E27F6B6549B06BE95D0839BE483.d.7DB833CD5BA2FAAACED9440BA9D61849.e.17275"}]}
RESULT: {"script":"<script> [56 bytes]","args":[{"element-6066-11e4-a52e-4f735466cecf":"f.3A2B8E27F6B6549B06BE95D0839BE483.d.7DB833CD5BA2FAAACED9440BA9D61849.e.17275","ELEMENT":"f.3A2B8E27F6B6549B06BE95D0839BE483.d.7DB833CD5BA2FAAACED9440BA9D61849.e.17275"}]}
COMMAND: GET /session/79689850af1d41ef46dc131fe5890470/screenshot - {}
RESULT: {}
]]></system-out>
    </testcase>
    <testcase classname="chrome.135_0_7049_96.windows.Performance_based_billing_(work_days)_US139742" name="Should add equipment to the contract" time="46.519">
      <system-out><![CDATA[
COMMAND: POST /session/79689850af1d41ef46dc131fe5890470/element - {"using":"xpath","value":"//button[@data-kt=\"contractDetailEditBtnButton\"]"}
RESULT: {"using":"xpath","value":"//button[@data-kt=\"contractDetailEditBtnButton\"]"}
COMMAND: POST /session/79689850af1d41ef46dc131fe5890470/element/f.3A2B8E27F6B6549B06BE95D0839BE483.d.7DB833CD5BA2FAAACED9440BA9D61849.e.17278/click - {}
RESULT: {}
COMMAND: GET /session/79689850af1d41ef46dc131fe5890470/screenshot - {}
RESULT: {}
COMMAND: POST /session/79689850af1d41ef46dc131fe5890470/element - {"using":"xpath","value":"(//span[contains(text(), \"Additional Addresses\")])[2]"}
RESULT: {"using":"xpath","value":"(//span[contains(text(), \"Additional Addresses\")])[2]"}
COMMAND: POST /session/79689850af1d41ef46dc131fe5890470/element/f.3A2B8E27F6B6549B06BE95D0839BE483.d.7DB833CD5BA2FAAACED9440BA9D61849.e.17332/click - {}
RESULT: {}
COMMAND: GET /session/79689850af1d41ef46dc131fe5890470/screenshot - {}
RESULT: {}
COMMAND: POST /session/79689850af1d41ef46dc131fe5890470/element - {"using":"xpath","value":"//button[@data-kt=\"btnAddTableRowOverflowToolbarButton\"]"}
RESULT: {"using":"xpath","value":"//button[@data-kt=\"btnAddTableRowOverflowToolbarButton\"]"}
COMMAND: POST /session/79689850af1d41ef46dc131fe5890470/element/f.3A2B8E27F6B6549B06BE95D0839BE483.d.7DB833CD5BA2FAAACED9440BA9D61849.e.17336/click - {}
RESULT: {}
COMMAND: GET /session/79689850af1d41ef46dc131fe5890470/screenshot - {}
RESULT: {}
COMMAND: POST /session/79689850af1d41ef46dc131fe5890470/element - {"using":"xpath","value":"//div[(text() = 'Standard Entry' or . = 'Standard Entry')]"}
RESULT: {"using":"xpath","value":"//div[(text() = 'Standard Entry' or . = 'Standard Entry')]"}
COMMAND: POST /session/79689850af1d41ef46dc131fe5890470/element/f.3A2B8E27F6B6549B06BE95D0839BE483.d.7DB833CD5BA2FAAACED9440BA9D61849.e.17338/click - {}
RESULT: {}
COMMAND: GET /session/79689850af1d41ef46dc131fe5890470/screenshot - {}
RESULT: {}
COMMAND: POST /session/79689850af1d41ef46dc131fe5890470/element - {"using":"xpath","value":"//td[7]/div/div/input"}
RESULT: {"using":"xpath","value":"//td[7]/div/div/input"}
COMMAND: POST /session/79689850af1d41ef46dc131fe5890470/element/f.3A2B8E27F6B6549B06BE95D0839BE483.d.7DB833CD5BA2FAAACED9440BA9D61849.e.17347/clear - {}
RESULT: {}
COMMAND: POST /session/79689850af1d41ef46dc131fe5890470/element/f.3A2B8E27F6B6549B06BE95D0839BE483.d.7DB833CD5BA2FAAACED9440BA9D61849.e.17347/value - {"text":"Z1wOfBZ6sq"}
COMMAND: GET /session/79689850af1d41ef46dc131fe5890470/screenshot - {}
RESULT: {"text":"Z1wOfBZ6sq"}
COMMAND: GET /session/79689850af1d41ef46dc131fe5890470/screenshot - {}
RESULT: {}
RESULT: {}
COMMAND: POST /session/79689850af1d41ef46dc131fe5890470/actions - {"actions":[{"id":"action61","type":"key","parameters":{},"actions":[{"type":"keyDown","value":"î€‡"},{"type":"pause","duration":10},{"type":"keyUp","value":"î€‡"}]}]}
RESULT: {"actions":[{"id":"action61","type":"key","parameters":{},"actions":[{"type":"keyDown","value":"î€‡"},{"type":"pause","duration":10},{"type":"keyUp","value":"î€‡"}]}]}
COMMAND: GET /session/79689850af1d41ef46dc131fe5890470/screenshot - {}
RESULT: {}
COMMAND: POST /session/79689850af1d41ef46dc131fe5890470/execute/sync - {"script":"<script> [276 bytes]","args":["No pricing information was found"]}
RESULT: {"script":"<script> [276 bytes]","args":["No pricing information was found"]}
COMMAND: POST /session/79689850af1d41ef46dc131fe5890470/element - {"using":"xpath","value":"(//button[@data-kt=\"saveButton\"])[2]"}
COMMAND: GET /session/79689850af1d41ef46dc131fe5890470/screenshot - {}
RESULT: {"using":"xpath","value":"(//button[@data-kt=\"saveButton\"])[2]"}
COMMAND: POST /session/79689850af1d41ef46dc131fe5890470/element/f.3A2B8E27F6B6549B06BE95D0839BE483.d.7DB833CD5BA2FAAACED9440BA9D61849.e.17362/click - {}
RESULT: {}
RESULT: {}
COMMAND: GET /session/79689850af1d41ef46dc131fe5890470/screenshot - {}
RESULT: {}
COMMAND: POST /session/79689850af1d41ef46dc131fe5890470/execute/sync - {"script":"<script> [276 bytes]","args":["Some contract items are having rental validity exceeding header rental validity"]}
RESULT: {"script":"<script> [276 bytes]","args":["Some contract items are having rental validity exceeding header rental validity"]}
COMMAND: GET /session/79689850af1d41ef46dc131fe5890470/screenshot - {}
RESULT: {}
COMMAND: POST /session/79689850af1d41ef46dc131fe5890470/element - {"using":"xpath","value":"//span[contains(@id ,\"contractItemsSmartTable-header-inner\")]"}
RESULT: {"using":"xpath","value":"//span[contains(@id ,\"contractItemsSmartTable-header-inner\")]"}
COMMAND: POST /session/79689850af1d41ef46dc131fe5890470/elements - {"using":"xpath","value":"//span[contains(@id ,\"contractItemsSmartTable-header-inner\")]"}
RESULT: {"using":"xpath","value":"//span[contains(@id ,\"contractItemsSmartTable-header-inner\")]"}
COMMAND: POST /session/79689850af1d41ef46dc131fe5890470/execute/sync - {"script":"<script> [56 bytes]","args":[{"element-6066-11e4-a52e-4f735466cecf":"f.3A2B8E27F6B6549B06BE95D0839BE483.d.7DB833CD5BA2FAAACED9440BA9D61849.e.17370","ELEMENT":"f.3A2B8E27F6B6549B06BE95D0839BE483.d.7DB833CD5BA2FAAACED9440BA9D61849.e.17370"}]}
RESULT: {"script":"<script> [56 bytes]","args":[{"element-6066-11e4-a52e-4f735466cecf":"f.3A2B8E27F6B6549B06BE95D0839BE483.d.7DB833CD5BA2FAAACED9440BA9D61849.e.17370","ELEMENT":"f.3A2B8E27F6B6549B06BE95D0839BE483.d.7DB833CD5BA2FAAACED9440BA9D61849.e.17370"}]}
COMMAND: GET /session/79689850af1d41ef46dc131fe5890470/screenshot - {}
]]></system-out>
    </testcase>
    <testcase classname="chrome.135_0_7049_96.windows.Performance_based_billing_(work_days)_US139742" name="Should do a provide to site handover" time="54.49">
      <system-out><![CDATA[
COMMAND: POST /session/79689850af1d41ef46dc131fe5890470/element - {"using":"xpath","value":"//button[@data-kt=\"provideButton\"]"}
RESULT: {}
RESULT: {"using":"xpath","value":"//button[@data-kt=\"provideButton\"]"}
COMMAND: POST /session/79689850af1d41ef46dc131fe5890470/element/f.3A2B8E27F6B6549B06BE95D0839BE483.d.7DB833CD5BA2FAAACED9440BA9D61849.e.17371/click - {}
RESULT: {}
COMMAND: GET /session/79689850af1d41ef46dc131fe5890470/screenshot - {}
RESULT: {}
RESULT: undefined
COMMAND: POST /session/79689850af1d41ef46dc131fe5890470/execute/async - {"script":"<script> [6424 bytes]","args":[{"element-6066-11e4-a52e-4f735466cecf":"f.3A2B8E27F6B6549B06BE95D0839BE483.d.7DB833CD5BA2FAAACED9440BA9D61849.e.16432"},"setValue",["05/02/2025"]]}
COMMAND: POST /session/79689850af1d41ef46dc131fe5890470/execute/async - {"script":"<script> [1562 bytes]","args":[{"selector":{"id":"application-managehandovers-display-component---AddNewHO--dueDate","interaction":{"idSuffix":"inner"}},"wdio_ui5_key":"applicationmanagehandovers-display-component---AddNewHO--dueDate"}]}
RESULT: {"script":"<script> [1562 bytes]","args":[{"selector":{"id":"application-managehandovers-display-component---AddNewHO--dueDate","interaction":{"idSuffix":"inner"}},"wdio_ui5_key":"applicationmanagehandovers-display-component---AddNewHO--dueDate"}]}
COMMAND: POST /session/79689850af1d41ef46dc131fe5890470/execute/async - {"script":"<script> [6424 bytes]","args":[{"element-6066-11e4-a52e-4f735466cecf":"f.3A2B8E27F6B6549B06BE95D0839BE483.d.7DB833CD5BA2FAAACED9440BA9D61849.e.17428"},"setValue",["05/02/2025"]]}
RESULT: {"script":"<script> [6424 bytes]","args":[{"element-6066-11e4-a52e-4f735466cecf":"f.3A2B8E27F6B6549B06BE95D0839BE483.d.7DB833CD5BA2FAAACED9440BA9D61849.e.17428"},"setValue",["05/02/2025"]]}
COMMAND: POST /session/79689850af1d41ef46dc131fe5890470/element - {"using":"xpath","value":"//bdi[contains(text(), \"Instructions\")]"}
RESULT: {"using":"xpath","value":"//bdi[contains(text(), \"Instructions\")]"}
COMMAND: POST /session/79689850af1d41ef46dc131fe5890470/element/f.3A2B8E27F6B6549B06BE95D0839BE483.d.7DB833CD5BA2FAAACED9440BA9D61849.e.17690/click - {}
RESULT: {}
COMMAND: GET /session/79689850af1d41ef46dc131fe5890470/screenshot - {}
RESULT: {}
COMMAND: POST /session/79689850af1d41ef46dc131fe5890470/element - {"using":"xpath","value":"//button[@data-kt=\"AddNewHOProvideAddItemsButton\"]"}
RESULT: {"using":"xpath","value":"//button[@data-kt=\"AddNewHOProvideAddItemsButton\"]"}
COMMAND: POST /session/79689850af1d41ef46dc131fe5890470/element/f.3A2B8E27F6B6549B06BE95D0839BE483.d.7DB833CD5BA2FAAACED9440BA9D61849.e.17694/click - {}
RESULT: {}
COMMAND: GET /session/79689850af1d41ef46dc131fe5890470/screenshot - {}
RESULT: {}
RESULT: undefined
COMMAND: POST /session/79689850af1d41ef46dc131fe5890470/element - {"using":"xpath","value":"//*[@id=\"application-managehandovers-display-component---AddNewHO--popup-sa\"]"}
RESULT: {"using":"xpath","value":"//*[@id=\"application-managehandovers-display-component---AddNewHO--popup-sa\"]"}
COMMAND: POST /session/79689850af1d41ef46dc131fe5890470/element/f.3A2B8E27F6B6549B06BE95D0839BE483.d.7DB833CD5BA2FAAACED9440BA9D61849.e.17709/click - {}
RESULT: {}
COMMAND: GET /session/79689850af1d41ef46dc131fe5890470/screenshot - {}
RESULT: {}
COMMAND: POST /session/79689850af1d41ef46dc131fe5890470/element - {"using":"xpath","value":"//*[contains(@id ,\"BDI-content\")][contains(text(), \"Select\")]"}
RESULT: {"using":"xpath","value":"//*[contains(@id ,\"BDI-content\")][contains(text(), \"Select\")]"}
COMMAND: POST /session/79689850af1d41ef46dc131fe5890470/element/f.3A2B8E27F6B6549B06BE95D0839BE483.d.7DB833CD5BA2FAAACED9440BA9D61849.e.17711/click - {}
RESULT: {}
COMMAND: GET /session/79689850af1d41ef46dc131fe5890470/screenshot - {}
RESULT: {}
COMMAND: POST /session/79689850af1d41ef46dc131fe5890470/execute/async - {"script":"<script> [1562 bytes]","args":[{"selector":{"id":"application-managehandovers-display-component---AddNewHO--confirmCreationButton","interaction":{"idSuffix":"BDI-content"}},"wdio_ui5_key":"applicationmanagehandovers-display-component---AddNewHO--confirmCreationButton"}]}
RESULT: {"script":"<script> [1562 bytes]","args":[{"selector":{"id":"application-managehandovers-display-component---AddNewHO--confirmCreationButton","interaction":{"idSuffix":"BDI-content"}},"wdio_ui5_key":"applicationmanagehandovers-display-component---AddNewHO--confirmCreationButton"}]}
RESULT: undefined
COMMAND: POST /session/79689850af1d41ef46dc131fe5890470/element - {"using":"xpath","value":"//*[@id=\"application-managehandovers-display-component---AddNewHO--confirmCreationButton\"]"}
RESULT: {"using":"xpath","value":"//*[@id=\"application-managehandovers-display-component---AddNewHO--confirmCreationButton\"]"}
COMMAND: POST /session/79689850af1d41ef46dc131fe5890470/element/f.3A2B8E27F6B6549B06BE95D0839BE483.d.7DB833CD5BA2FAAACED9440BA9D61849.e.17495/click - {}
RESULT: {}
COMMAND: GET /session/79689850af1d41ef46dc131fe5890470/screenshot - {}
RESULT: {}
COMMAND: POST /session/79689850af1d41ef46dc131fe5890470/element - {"using":"xpath","value":"//button[@data-kt=\"PickingTableConfirmAllButton\"]"}
RESULT: {"using":"xpath","value":"//button[@data-kt=\"PickingTableConfirmAllButton\"]"}
COMMAND: POST /session/79689850af1d41ef46dc131fe5890470/element/f.3A2B8E27F6B6549B06BE95D0839BE483.d.7DB833CD5BA2FAAACED9440BA9D61849.e.17750/click - {}
COMMAND: POST /session/79689850af1d41ef46dc131fe5890470/element - {"using":"xpath","value":"//button[@data-kt=\"PickingTableConfirmAllButton\"]"}
RESULT: {"using":"xpath","value":"//button[@data-kt=\"PickingTableConfirmAllButton\"]"}
COMMAND: POST /session/79689850af1d41ef46dc131fe5890470/element/f.3A2B8E27F6B6549B06BE95D0839BE483.d.7DB833CD5BA2FAAACED9440BA9D61849.e.17750/click - {}
COMMAND: POST /session/79689850af1d41ef46dc131fe5890470/element - {"using":"xpath","value":"//button[@data-kt=\"PickingTableConfirmAllButton\"]"}
RESULT: {"using":"xpath","value":"//button[@data-kt=\"PickingTableConfirmAllButton\"]"}
COMMAND: POST /session/79689850af1d41ef46dc131fe5890470/element/f.3A2B8E27F6B6549B06BE95D0839BE483.d.7DB833CD5BA2FAAACED9440BA9D61849.e.17770/click - {}
RESULT: {}
COMMAND: GET /session/79689850af1d41ef46dc131fe5890470/screenshot - {}
RESULT: {}
COMMAND: POST /session/79689850af1d41ef46dc131fe5890470/element - {"using":"xpath","value":"//bdi[contains(text(), \"OK\")]"}
RESULT: {"using":"xpath","value":"//bdi[contains(text(), \"OK\")]"}
COMMAND: POST /session/79689850af1d41ef46dc131fe5890470/element/f.3A2B8E27F6B6549B06BE95D0839BE483.d.7DB833CD5BA2FAAACED9440BA9D61849.e.17773/click - {}
RESULT: {}
COMMAND: GET /session/79689850af1d41ef46dc131fe5890470/screenshot - {}
RESULT: {}
COMMAND: POST /session/79689850af1d41ef46dc131fe5890470/element - {"using":"xpath","value":"//bdi[contains(text(), \"Ok\")]"}
RESULT: {"using":"xpath","value":"//bdi[contains(text(), \"Ok\")]"}
COMMAND: POST /session/79689850af1d41ef46dc131fe5890470/element/f.3A2B8E27F6B6549B06BE95D0839BE483.d.7DB833CD5BA2FAAACED9440BA9D61849.e.17782/click - {}
RESULT: {}
COMMAND: GET /session/79689850af1d41ef46dc131fe5890470/screenshot - {}
RESULT: {}
COMMAND: POST /session/79689850af1d41ef46dc131fe5890470/element - {"using":"xpath","value":"//bdi[contains(text(), \"Issue\")]"}
RESULT: {"using":"xpath","value":"//bdi[contains(text(), \"Issue\")]"}
COMMAND: POST /session/79689850af1d41ef46dc131fe5890470/element/f.3A2B8E27F6B6549B06BE95D0839BE483.d.7DB833CD5BA2FAAACED9440BA9D61849.e.17785/click - {}
RESULT: {}
COMMAND: GET /session/79689850af1d41ef46dc131fe5890470/screenshot - {}
RESULT: {}
COMMAND: POST /session/79689850af1d41ef46dc131fe5890470/element - {"using":"css selector","value":"#shell-header-logo"}
RESULT: {"using":"css selector","value":"#shell-header-logo"}
COMMAND: POST /session/79689850af1d41ef46dc131fe5890470/element/f.3A2B8E27F6B6549B06BE95D0839BE483.d.7DB833CD5BA2FAAACED9440BA9D61849.e.16844/click - {}
RESULT: {}
COMMAND: GET /session/79689850af1d41ef46dc131fe5890470/screenshot - {}
RESULT: {}
]]></system-out>
    </testcase>
    <testcase classname="chrome.135_0_7049_96.windows.Performance_based_billing_(work_days)_US139742" name="Should create a few performance documents" time="94.715">
      <system-out><![CDATA[
COMMAND: POST /session/79689850af1d41ef46dc131fe5890470/window/fullscreen - {}
RESULT: {}
COMMAND: POST /session/79689850af1d41ef46dc131fe5890470/execute/async - {"script":"<script> [1562 bytes]","args":[{"selector":{"controlType":"sap.m.GenericTile","properties":{"header":"Manage States & Performance"}},"wdio_ui5_key":"sapm.GenericTile{\"header\":\"Manage States & Performance\"}"}]}
RESULT: {"script":"<script> [1562 bytes]","args":[{"selector":{"controlType":"sap.m.GenericTile","properties":{"header":"Manage States & Performance"}},"wdio_ui5_key":"sapm.GenericTile{\"header\":\"Manage States & Performance\"}"}]}
RESULT: undefined
COMMAND: POST /session/79689850af1d41ef46dc131fe5890470/element - {"using":"xpath","value":"//*[@id=\"__tile56\"]"}
RESULT: {"using":"xpath","value":"//*[@id=\"__tile56\"]"}
COMMAND: POST /session/79689850af1d41ef46dc131fe5890470/element/f.3A2B8E27F6B6549B06BE95D0839BE483.d.7DB833CD5BA2FAAACED9440BA9D61849.e.14362/click - {}
RESULT: {}
COMMAND: POST /session/79689850af1d41ef46dc131fe5890470/element - {"using":"xpath","value":"//div[@id=\"application-managestatesandperformance-display-component---stateAndPerform--smartFilterBarResources-btnBasicSearch\"]"}
COMMAND: GET /session/79689850af1d41ef46dc131fe5890470/screenshot - {}
RESULT: {"using":"xpath","value":"//div[@id=\"application-managestatesandperformance-display-component---stateAndPerform--smartFilterBarResources-btnBasicSearch\"]"}
COMMAND: POST /session/79689850af1d41ef46dc131fe5890470/elements - {"using":"xpath","value":"//div[@id=\"application-managestatesandperformance-display-component---stateAndPerform--smartFilterBarResources-btnBasicSearch\"]"}
RESULT: {}
RESULT: {"using":"xpath","value":"//div[@id=\"application-managestatesandperformance-display-component---stateAndPerform--smartFilterBarResources-btnBasicSearch\"]"}
COMMAND: POST /session/79689850af1d41ef46dc131fe5890470/elements - {"using":"xpath","value":"//div[@id=\"application-managestatesandperformance-display-component---stateAndPerform--smartFilterBarResources-btnBasicSearch\"]"}
RESULT: {"using":"xpath","value":"//div[@id=\"application-managestatesandperformance-display-component---stateAndPerform--smartFilterBarResources-btnBasicSearch\"]"}
COMMAND: POST /session/79689850af1d41ef46dc131fe5890470/element - {"using":"xpath","value":"//div[@id=\"application-managestatesandperformance-display-component---stateAndPerform--smartFilterBarResources-btnBasicSearch\"]"}
RESULT: {"using":"xpath","value":"//div[@id=\"application-managestatesandperformance-display-component---stateAndPerform--smartFilterBarResources-btnBasicSearch\"]"}
COMMAND: POST /session/79689850af1d41ef46dc131fe5890470/execute/sync - {"script":"<script> [8489 bytes]","args":[{"element-6066-11e4-a52e-4f735466cecf":"f.3A2B8E27F6B6549B06BE95D0839BE483.d.7DB833CD5BA2FAAACED9440BA9D61849.e.18137","ELEMENT":"f.3A2B8E27F6B6549B06BE95D0839BE483.d.7DB833CD5BA2FAAACED9440BA9D61849.e.18137"}]}
RESULT: {"script":"<script> [8489 bytes]","args":[{"element-6066-11e4-a52e-4f735466cecf":"f.3A2B8E27F6B6549B06BE95D0839BE483.d.7DB833CD5BA2FAAACED9440BA9D61849.e.18137","ELEMENT":"f.3A2B8E27F6B6549B06BE95D0839BE483.d.7DB833CD5BA2FAAACED9440BA9D61849.e.18137"}]}
COMMAND: GET /session/79689850af1d41ef46dc131fe5890470/element/f.3A2B8E27F6B6549B06BE95D0839BE483.d.7DB833CD5BA2FAAACED9440BA9D61849.e.18137/enabled - {}
COMMAND: GET /session/79689850af1d41ef46dc131fe5890470/screenshot - {}
RESULT: {}
COMMAND: POST /session/79689850af1d41ef46dc131fe5890470/execute/sync - {"script":"<script> [8489 bytes]","args":[{"element-6066-11e4-a52e-4f735466cecf":"f.3A2B8E27F6B6549B06BE95D0839BE483.d.7DB833CD5BA2FAAACED9440BA9D61849.e.18137","ELEMENT":"f.3A2B8E27F6B6549B06BE95D0839BE483.d.7DB833CD5BA2FAAACED9440BA9D61849.e.18137"}]}
COMMAND: GET /session/79689850af1d41ef46dc131fe5890470/screenshot - {}
RESULT: {}
RESULT: {}
RESULT: {"script":"<script> [8489 bytes]","args":[{"element-6066-11e4-a52e-4f735466cecf":"f.3A2B8E27F6B6549B06BE95D0839BE483.d.7DB833CD5BA2FAAACED9440BA9D61849.e.18137","ELEMENT":"f.3A2B8E27F6B6549B06BE95D0839BE483.d.7DB833CD5BA2FAAACED9440BA9D61849.e.18137"}]}
COMMAND: POST /session/79689850af1d41ef46dc131fe5890470/execute/sync - {"script":"<script> [5351 bytes]","args":[{"element-6066-11e4-a52e-4f735466cecf":"f.3A2B8E27F6B6549B06BE95D0839BE483.d.7DB833CD5BA2FAAACED9440BA9D61849.e.18137","ELEMENT":"f.3A2B8E27F6B6549B06BE95D0839BE483.d.7DB833CD5BA2FAAACED9440BA9D61849.e.18137"}]}
COMMAND: GET /session/79689850af1d41ef46dc131fe5890470/screenshot - {}
RESULT: {"script":"<script> [5351 bytes]","args":[{"element-6066-11e4-a52e-4f735466cecf":"f.3A2B8E27F6B6549B06BE95D0839BE483.d.7DB833CD5BA2FAAACED9440BA9D61849.e.18137","ELEMENT":"f.3A2B8E27F6B6549B06BE95D0839BE483.d.7DB833CD5BA2FAAACED9440BA9D61849.e.18137"}]}
COMMAND: POST /session/79689850af1d41ef46dc131fe5890470/execute/async - {"script":"<script> [1562 bytes]","args":[{"selector":{"id":"application-managestatesandperformance-display-component---stateAndPerform--smartFilterBarResources-btnBasicSearch","interaction":{"idSuffix":"I"}},"wdio_ui5_key":"applicationmanagestatesandperformance-display-component---stateAndPerform--smartFilterBarResources-btnBasicSearch"}]}
COMMAND: GET /session/79689850af1d41ef46dc131fe5890470/screenshot - {}
RESULT: {}
RESULT: {"script":"<script> [1562 bytes]","args":[{"selector":{"id":"application-managestatesandperformance-display-component---stateAndPerform--smartFilterBarResources-btnBasicSearch","interaction":{"idSuffix":"I"}},"wdio_ui5_key":"applicationmanagestatesandperformance-display-component---stateAndPerform--smartFilterBarResources-btnBasicSearch"}]}
RESULT: undefined
COMMAND: POST /session/79689850af1d41ef46dc131fe5890470/execute/async - {"script":"<script> [776 bytes]","args":[{"enterText":"Z1wOfBZ6sq","selector":{"id":"application-managestatesandperformance-display-component---stateAndPerform--smartFilterBarResources-btnBasicSearch","interaction":{"idSuffix":"I"}},"clearTextFirst":true,"interactionType":"ENTER_TEXT"}]}
RESULT: {}
RESULT: {"script":"<script> [776 bytes]","args":[{"enterText":"Z1wOfBZ6sq","selector":{"id":"application-managestatesandperformance-display-component---stateAndPerform--smartFilterBarResources-btnBasicSearch","interaction":{"idSuffix":"I"}},"clearTextFirst":true,"interactionType":"ENTER_TEXT"}]}
COMMAND: POST /session/79689850af1d41ef46dc131fe5890470/actions - {"actions":[{"id":"action62","type":"key","parameters":{},"actions":[{"type":"keyDown","value":"î€‡"},{"type":"pause","duration":10},{"type":"keyUp","value":"î€‡"}]}]}
RESULT: {"actions":[{"id":"action62","type":"key","parameters":{},"actions":[{"type":"keyDown","value":"î€‡"},{"type":"pause","duration":10},{"type":"keyUp","value":"î€‡"}]}]}
COMMAND: GET /session/79689850af1d41ef46dc131fe5890470/screenshot - {}
RESULT: {}
COMMAND: POST /session/79689850af1d41ef46dc131fe5890470/execute/async - {"script":"<script> [1562 bytes]","args":[{"selector":{"id":"application-managestatesandperformance-display-component---stateAndPerform--stateAndPerformResourcesSmartTable-header"},"wdio_ui5_key":"applicationmanagestatesandperformance-display-component---stateAndPerform--stateAndPerformResourcesSmartTable-header"}]}
RESULT: {"script":"<script> [1562 bytes]","args":[{"selector":{"id":"application-managestatesandperformance-display-component---stateAndPerform--stateAndPerformResourcesSmartTable-header"},"wdio_ui5_key":"applicationmanagestatesandperformance-display-component---stateAndPerform--stateAndPerformResourcesSmartTable-header"}]}
RESULT: undefined
COMMAND: POST /session/79689850af1d41ef46dc131fe5890470/execute/async - {"script":"<script> [6424 bytes]","args":[{"element-6066-11e4-a52e-4f735466cecf":"f.3A2B8E27F6B6549B06BE95D0839BE483.d.7DB833CD5BA2FAAACED9440BA9D61849.e.18173"},"getText",[]]}
RESULT: {"script":"<script> [6424 bytes]","args":[{"element-6066-11e4-a52e-4f735466cecf":"f.3A2B8E27F6B6549B06BE95D0839BE483.d.7DB833CD5BA2FAAACED9440BA9D61849.e.18173"},"getText",[]]}
COMMAND: POST /session/79689850af1d41ef46dc131fe5890470/execute/async - {"script":"<script> [1562 bytes]","args":[{"selector":{"controlType":"sap.ui.core.Icon","viewName":"etm.portal.ui.managestatesandperformance.view.Master","viewId":"application-managestatesandperformance-display-component---stateAndPerform","properties":{"src":{"regex":{"source":"slim\\-arrow\\-right"}}}},"wdio_ui5_key":"etmportal.ui.managestatesandperformance.view.Mastersap.ui.core.Icon{\"src\":{\"regex\":{\"source\":\"slim\\\\-arrow\\\\-right\"}}}"}]}
RESULT: {"script":"<script> [1562 bytes]","args":[{"selector":{"controlType":"sap.ui.core.Icon","viewName":"etm.portal.ui.managestatesandperformance.view.Master","viewId":"application-managestatesandperformance-display-component---stateAndPerform","properties":{"src":{"regex":{"source":"slim\\-arrow\\-right"}}}},"wdio_ui5_key":"etmportal.ui.managestatesandperformance.view.Mastersap.ui.core.Icon{\"src\":{\"regex\":{\"source\":\"slim\\\\-arrow\\\\-right\"}}}"}]}
RESULT: undefined
COMMAND: POST /session/79689850af1d41ef46dc131fe5890470/element - {"using":"xpath","value":"//*[@id=\"__item2553-__clone4789-imgNav\"]"}
RESULT: {"using":"xpath","value":"//*[@id=\"__item2553-__clone4789-imgNav\"]"}
COMMAND: POST /session/79689850af1d41ef46dc131fe5890470/element/f.3A2B8E27F6B6549B06BE95D0839BE483.d.7DB833CD5BA2FAAACED9440BA9D61849.e.18171/click - {}
RESULT: {}
COMMAND: GET /session/79689850af1d41ef46dc131fe5890470/screenshot - {}
RESULT: {}
COMMAND: POST /session/79689850af1d41ef46dc131fe5890470/execute/async - {"script":"<script> [1562 bytes]","args":[{"selector":{"controlType":"sap.m.Button","viewName":"etm.portal.ui.managestatesandperformance.view.Detail","viewId":"application-managestatesandperformance-display-component---detailStateAndPerform","properties":{"text":"Performance Documents"}},"wdio_ui5_key":"etmportal.ui.managestatesandperformance.view.Detailsap.m.Button{\"text\":\"Performance Documents\"}"}]}
RESULT: {"script":"<script> [1562 bytes]","args":[{"selector":{"controlType":"sap.m.Button","viewName":"etm.portal.ui.managestatesandperformance.view.Detail","viewId":"application-managestatesandperformance-display-component---detailStateAndPerform","properties":{"text":"Performance Documents"}},"wdio_ui5_key":"etmportal.ui.managestatesandperformance.view.Detailsap.m.Button{\"text\":\"Performance Documents\"}"}]}
RESULT: undefined
COMMAND: POST /session/79689850af1d41ef46dc131fe5890470/element - {"using":"xpath","value":"//*[@id=\"__item2576-button\"]"}
RESULT: {"using":"xpath","value":"//*[@id=\"__item2576-button\"]"}
COMMAND: POST /session/79689850af1d41ef46dc131fe5890470/element/f.3A2B8E27F6B6549B06BE95D0839BE483.d.7DB833CD5BA2FAAACED9440BA9D61849.e.18219/click - {}
RESULT: {}
COMMAND: POST /session/79689850af1d41ef46dc131fe5890470/execute/async - {"script":"<script> [1562 bytes]","args":[{"selector":{"controlType":"sap.m.Button","viewName":"etm.portal.ui.managestatesandperformance.view.Detail","viewId":"application-managestatesandperformance-display-component---detailStateAndPerform","i18NText":{"propertyName":"text","key":"createPerformanceDoc"},"interaction":{"idSuffix":"BDI-content"}},"wdio_ui5_key":"etmportal.ui.managestatesandperformance.view.Detailsap.m.Button{\"propertyName\":\"text\",\"key\":\"createPerformanceDoc\"}"}]}
COMMAND: GET /session/79689850af1d41ef46dc131fe5890470/screenshot - {}
RESULT: {"script":"<script> [1562 bytes]","args":[{"selector":{"controlType":"sap.m.Button","viewName":"etm.portal.ui.managestatesandperformance.view.Detail","viewId":"application-managestatesandperformance-display-component---detailStateAndPerform","i18NText":{"propertyName":"text","key":"createPerformanceDoc"},"interaction":{"idSuffix":"BDI-content"}},"wdio_ui5_key":"etmportal.ui.managestatesandperformance.view.Detailsap.m.Button{\"propertyName\":\"text\",\"key\":\"createPerformanceDoc\"}"}]}
RESULT: undefined
COMMAND: POST /session/79689850af1d41ef46dc131fe5890470/element - {"using":"xpath","value":"//*[@id=\"__button378\"]"}
RESULT: {}
RESULT: {"using":"xpath","value":"//*[@id=\"__button378\"]"}
COMMAND: POST /session/79689850af1d41ef46dc131fe5890470/element/f.3A2B8E27F6B6549B06BE95D0839BE483.d.7DB833CD5BA2FAAACED9440BA9D61849.e.18223/click - {}
RESULT: {}
COMMAND: POST /session/79689850af1d41ef46dc131fe5890470/execute/async - {"script":"<script> [1562 bytes]","args":[{"selector":{"id":"application-managestatesandperformance-display-component---detailStateAndPerform--perfDocDatePicker","searchOpenDialogs":true,"interaction":{"idSuffix":"inner"}},"wdio_ui5_key":"applicationmanagestatesandperformance-display-component---detailStateAndPerform--perfDocDatePicker"}]}
COMMAND: GET /session/79689850af1d41ef46dc131fe5890470/screenshot - {}
RESULT: {"script":"<script> [1562 bytes]","args":[{"selector":{"id":"application-managestatesandperformance-display-component---detailStateAndPerform--perfDocDatePicker","searchOpenDialogs":true,"interaction":{"idSuffix":"inner"}},"wdio_ui5_key":"applicationmanagestatesandperformance-display-component---detailStateAndPerform--perfDocDatePicker"}]}
RESULT: undefined
COMMAND: POST /session/79689850af1d41ef46dc131fe5890470/execute/async - {"script":"<script> [776 bytes]","args":[{"enterText":"05/04/25","selector":{"id":"application-managestatesandperformance-display-component---detailStateAndPerform--perfDocDatePicker","searchOpenDialogs":true,"interaction":{"idSuffix":"inner"}},"clearTextFirst":true,"interactionType":"ENTER_TEXT"}]}
RESULT: {}
RESULT: {"script":"<script> [776 bytes]","args":[{"enterText":"05/04/25","selector":{"id":"application-managestatesandperformance-display-component---detailStateAndPerform--perfDocDatePicker","searchOpenDialogs":true,"interaction":{"idSuffix":"inner"}},"clearTextFirst":true,"interactionType":"ENTER_TEXT"}]}
COMMAND: POST /session/79689850af1d41ef46dc131fe5890470/execute/async - {"script":"<script> [1562 bytes]","args":[{"selector":{"id":"application-managestatesandperformance-display-component---detailStateAndPerform--counterValue-input","searchOpenDialogs":true,"interaction":{"idSuffix":"inner"}},"wdio_ui5_key":"applicationmanagestatesandperformance-display-component---detailStateAndPerform--counterValue-input"}]}
RESULT: {"script":"<script> [1562 bytes]","args":[{"selector":{"id":"application-managestatesandperformance-display-component---detailStateAndPerform--counterValue-input","searchOpenDialogs":true,"interaction":{"idSuffix":"inner"}},"wdio_ui5_key":"applicationmanagestatesandperformance-display-component---detailStateAndPerform--counterValue-input"}]}
RESULT: undefined
COMMAND: POST /session/79689850af1d41ef46dc131fe5890470/execute/async - {"script":"<script> [776 bytes]","args":[{"enterText":"15.00","selector":{"id":"application-managestatesandperformance-display-component---detailStateAndPerform--counterValue-input","searchOpenDialogs":true,"interaction":{"idSuffix":"inner"}},"clearTextFirst":true,"interactionType":"ENTER_TEXT"}]}
RESULT: {"script":"<script> [776 bytes]","args":[{"enterText":"15.00","selector":{"id":"application-managestatesandperformance-display-component---detailStateAndPerform--counterValue-input","searchOpenDialogs":true,"interaction":{"idSuffix":"inner"}},"clearTextFirst":true,"interactionType":"ENTER_TEXT"}]}
COMMAND: POST /session/79689850af1d41ef46dc131fe5890470/execute/async - {"script":"<script> [1562 bytes]","args":[{"selector":{"controlType":"sap.m.Button","viewName":"etm.portal.ui.managestatesandperformance.view.Detail","viewId":"application-managestatesandperformance-display-component---detailStateAndPerform","bindingPath":{"path":"","propertyPath":"/allowAddEdit","modelName":"oScreenModel"},"searchOpenDialogs":true,"interaction":{"idSuffix":"BDI-content"}},"wdio_ui5_key":"etmportal.ui.managestatesandperformance.view.Detailsap.m.Button{\"path\":\"\",\"propertyPath\":\"/allowAddEdit\",\"modelName\":\"oScreenModel\"}"}]}
RESULT: {"script":"<script> [1562 bytes]","args":[{"selector":{"controlType":"sap.m.Button","viewName":"etm.portal.ui.managestatesandperformance.view.Detail","viewId":"application-managestatesandperformance-display-component---detailStateAndPerform","bindingPath":{"path":"","propertyPath":"/allowAddEdit","modelName":"oScreenModel"},"searchOpenDialogs":true,"interaction":{"idSuffix":"BDI-content"}},"wdio_ui5_key":"etmportal.ui.managestatesandperformance.view.Detailsap.m.Button{\"path\":\"\",\"propertyPath\":\"/allowAddEdit\",\"modelName\":\"oScreenModel\"}"}]}
RESULT: undefined
COMMAND: POST /session/79689850af1d41ef46dc131fe5890470/element - {"using":"xpath","value":"//*[@id=\"__button385\"]"}
RESULT: {"using":"xpath","value":"//*[@id=\"__button385\"]"}
COMMAND: POST /session/79689850af1d41ef46dc131fe5890470/element/f.3A2B8E27F6B6549B06BE95D0839BE483.d.7DB833CD5BA2FAAACED9440BA9D61849.e.18243/click - {}
RESULT: {}
RESULT: undefined
COMMAND: POST /session/79689850af1d41ef46dc131fe5890470/element - {"using":"xpath","value":"//*[@id=\"__button378\"]"}
COMMAND: GET /session/79689850af1d41ef46dc131fe5890470/screenshot - {}
RESULT: {"using":"xpath","value":"//*[@id=\"__button378\"]"}
COMMAND: POST /session/79689850af1d41ef46dc131fe5890470/element/f.3A2B8E27F6B6549B06BE95D0839BE483.d.7DB833CD5BA2FAAACED9440BA9D61849.e.18223/click - {}
RESULT: {}
RESULT: {}
RESULT: undefined
COMMAND: POST /session/79689850af1d41ef46dc131fe5890470/execute/async - {"script":"<script> [776 bytes]","args":[{"enterText":"05/08/25","selector":{"id":"application-managestatesandperformance-display-component---detailStateAndPerform--perfDocDatePicker","searchOpenDialogs":true,"interaction":{"idSuffix":"inner"}},"clearTextFirst":true,"interactionType":"ENTER_TEXT"}]}
COMMAND: GET /session/79689850af1d41ef46dc131fe5890470/screenshot - {}
RESULT: {"script":"<script> [776 bytes]","args":[{"enterText":"05/08/25","selector":{"id":"application-managestatesandperformance-display-component---detailStateAndPerform--perfDocDatePicker","searchOpenDialogs":true,"interaction":{"idSuffix":"inner"}},"clearTextFirst":true,"interactionType":"ENTER_TEXT"}]}
RESULT: undefined
COMMAND: POST /session/79689850af1d41ef46dc131fe5890470/execute/async - {"script":"<script> [776 bytes]","args":[{"enterText":"20.00","selector":{"id":"application-managestatesandperformance-display-component---detailStateAndPerform--counterValue-input","searchOpenDialogs":true,"interaction":{"idSuffix":"inner"}},"clearTextFirst":true,"interactionType":"ENTER_TEXT"}]}
RESULT: {}
RESULT: {"script":"<script> [776 bytes]","args":[{"enterText":"20.00","selector":{"id":"application-managestatesandperformance-display-component---detailStateAndPerform--counterValue-input","searchOpenDialogs":true,"interaction":{"idSuffix":"inner"}},"clearTextFirst":true,"interactionType":"ENTER_TEXT"}]}
COMMAND: POST /session/79689850af1d41ef46dc131fe5890470/actions - {"actions":[{"id":"action63","type":"key","parameters":{},"actions":[{"type":"keyDown","value":"î€„"},{"type":"keyDown","value":"î€„"},{"type":"pause","duration":10},{"type":"keyUp","value":"î€„"},{"type":"keyUp","value":"î€„"}]}]}
RESULT: {"actions":[{"id":"action63","type":"key","parameters":{},"actions":[{"type":"keyDown","value":"î€„"},{"type":"keyDown","value":"î€„"},{"type":"pause","duration":10},{"type":"keyUp","value":"î€„"},{"type":"keyUp","value":"î€„"}]}]}
COMMAND: POST /session/79689850af1d41ef46dc131fe5890470/actions - {"actions":[{"id":"action64","type":"key","parameters":{},"actions":[{"type":"keyDown","value":"î€‡"},{"type":"pause","duration":10},{"type":"keyUp","value":"î€‡"}]}]}
COMMAND: GET /session/79689850af1d41ef46dc131fe5890470/screenshot - {}
RESULT: {"actions":[{"id":"action64","type":"key","parameters":{},"actions":[{"type":"keyDown","value":"î€‡"},{"type":"pause","duration":10},{"type":"keyUp","value":"î€‡"}]}]}
RESULT: undefined
COMMAND: POST /session/79689850af1d41ef46dc131fe5890470/element - {"using":"xpath","value":"//*[@id=\"__button385\"]"}
COMMAND: GET /session/79689850af1d41ef46dc131fe5890470/screenshot - {}
RESULT: {}
RESULT: {"using":"xpath","value":"//*[@id=\"__button385\"]"}
COMMAND: POST /session/79689850af1d41ef46dc131fe5890470/elements - {"using":"xpath","value":"//*[@id=\"__button385\"]"}
RESULT: {}
RESULT: {"using":"xpath","value":"//*[@id=\"__button385\"]"}
COMMAND: POST /session/79689850af1d41ef46dc131fe5890470/elements - {"using":"xpath","value":"//*[@id=\"__button385\"]"}
RESULT: {"using":"xpath","value":"//*[@id=\"__button385\"]"}
COMMAND: POST /session/79689850af1d41ef46dc131fe5890470/elements - {"using":"xpath","value":"//*[@id=\"__button385\"]"}
RESULT: {"using":"xpath","value":"//*[@id=\"__button385\"]"}
COMMAND: POST /session/79689850af1d41ef46dc131fe5890470/elements - {"using":"xpath","value":"//*[@id=\"__button385\"]"}
RESULT: {"using":"xpath","value":"//*[@id=\"__button385\"]"}
COMMAND: POST /session/79689850af1d41ef46dc131fe5890470/elements - {"using":"xpath","value":"//*[@id=\"__button385\"]"}
RESULT: {"using":"xpath","value":"//*[@id=\"__button385\"]"}
COMMAND: POST /session/79689850af1d41ef46dc131fe5890470/elements - {"using":"xpath","value":"//*[@id=\"__button385\"]"}
RESULT: {"using":"xpath","value":"//*[@id=\"__button385\"]"}
COMMAND: POST /session/79689850af1d41ef46dc131fe5890470/elements - {"using":"xpath","value":"//*[@id=\"__button385\"]"}
RESULT: {"using":"xpath","value":"//*[@id=\"__button385\"]"}
COMMAND: POST /session/79689850af1d41ef46dc131fe5890470/elements - {"using":"xpath","value":"//*[@id=\"__button385\"]"}
RESULT: {"using":"xpath","value":"//*[@id=\"__button385\"]"}
COMMAND: POST /session/79689850af1d41ef46dc131fe5890470/elements - {"using":"xpath","value":"//*[@id=\"__button385\"]"}
RESULT: {"using":"xpath","value":"//*[@id=\"__button385\"]"}
COMMAND: POST /session/79689850af1d41ef46dc131fe5890470/elements - {"using":"xpath","value":"//*[@id=\"__button385\"]"}
RESULT: {"using":"xpath","value":"//*[@id=\"__button385\"]"}
COMMAND: POST /session/79689850af1d41ef46dc131fe5890470/elements - {"using":"xpath","value":"//*[@id=\"__button385\"]"}
RESULT: {"using":"xpath","value":"//*[@id=\"__button385\"]"}
COMMAND: POST /session/79689850af1d41ef46dc131fe5890470/elements - {"using":"xpath","value":"//*[@id=\"__button385\"]"}
RESULT: {"using":"xpath","value":"//*[@id=\"__button385\"]"}
COMMAND: POST /session/79689850af1d41ef46dc131fe5890470/elements - {"using":"xpath","value":"//*[@id=\"__button385\"]"}
RESULT: {"using":"xpath","value":"//*[@id=\"__button385\"]"}
COMMAND: POST /session/79689850af1d41ef46dc131fe5890470/elements - {"using":"xpath","value":"//*[@id=\"__button385\"]"}
RESULT: {"using":"xpath","value":"//*[@id=\"__button385\"]"}
COMMAND: POST /session/79689850af1d41ef46dc131fe5890470/elements - {"using":"xpath","value":"//*[@id=\"__button385\"]"}
RESULT: {"using":"xpath","value":"//*[@id=\"__button385\"]"}
COMMAND: POST /session/79689850af1d41ef46dc131fe5890470/elements - {"using":"xpath","value":"//*[@id=\"__button385\"]"}
RESULT: {"using":"xpath","value":"//*[@id=\"__button385\"]"}
COMMAND: POST /session/79689850af1d41ef46dc131fe5890470/elements - {"using":"xpath","value":"//*[@id=\"__button385\"]"}
RESULT: {"using":"xpath","value":"//*[@id=\"__button385\"]"}
COMMAND: POST /session/79689850af1d41ef46dc131fe5890470/elements - {"using":"xpath","value":"//*[@id=\"__button385\"]"}
RESULT: {"using":"xpath","value":"//*[@id=\"__button385\"]"}
COMMAND: POST /session/79689850af1d41ef46dc131fe5890470/elements - {"using":"xpath","value":"//*[@id=\"__button385\"]"}
RESULT: {"using":"xpath","value":"//*[@id=\"__button385\"]"}
COMMAND: POST /session/79689850af1d41ef46dc131fe5890470/elements - {"using":"xpath","value":"//*[@id=\"__button385\"]"}
RESULT: {"using":"xpath","value":"//*[@id=\"__button385\"]"}
COMMAND: POST /session/79689850af1d41ef46dc131fe5890470/elements - {"using":"xpath","value":"//*[@id=\"__button385\"]"}
RESULT: {"using":"xpath","value":"//*[@id=\"__button385\"]"}
COMMAND: POST /session/79689850af1d41ef46dc131fe5890470/elements - {"using":"xpath","value":"//*[@id=\"__button385\"]"}
RESULT: {"using":"xpath","value":"//*[@id=\"__button385\"]"}
COMMAND: POST /session/79689850af1d41ef46dc131fe5890470/elements - {"using":"xpath","value":"//*[@id=\"__button385\"]"}
RESULT: {"using":"xpath","value":"//*[@id=\"__button385\"]"}
COMMAND: POST /session/79689850af1d41ef46dc131fe5890470/elements - {"using":"xpath","value":"//*[@id=\"__button385\"]"}
RESULT: {"using":"xpath","value":"//*[@id=\"__button385\"]"}
COMMAND: POST /session/79689850af1d41ef46dc131fe5890470/elements - {"using":"xpath","value":"//*[@id=\"__button385\"]"}
RESULT: {"using":"xpath","value":"//*[@id=\"__button385\"]"}
COMMAND: POST /session/79689850af1d41ef46dc131fe5890470/elements - {"using":"xpath","value":"//*[@id=\"__button385\"]"}
RESULT: {"using":"xpath","value":"//*[@id=\"__button385\"]"}
COMMAND: POST /session/79689850af1d41ef46dc131fe5890470/elements - {"using":"xpath","value":"//*[@id=\"__button385\"]"}
RESULT: {"using":"xpath","value":"//*[@id=\"__button385\"]"}
COMMAND: POST /session/79689850af1d41ef46dc131fe5890470/elements - {"using":"xpath","value":"//*[@id=\"__button385\"]"}
RESULT: {"using":"xpath","value":"//*[@id=\"__button385\"]"}
COMMAND: POST /session/79689850af1d41ef46dc131fe5890470/elements - {"using":"xpath","value":"//*[@id=\"__button385\"]"}
RESULT: {"using":"xpath","value":"//*[@id=\"__button385\"]"}
COMMAND: POST /session/79689850af1d41ef46dc131fe5890470/elements - {"using":"xpath","value":"//*[@id=\"__button385\"]"}
RESULT: {"using":"xpath","value":"//*[@id=\"__button385\"]"}
COMMAND: POST /session/79689850af1d41ef46dc131fe5890470/elements - {"using":"xpath","value":"//*[@id=\"__button385\"]"}
RESULT: {"using":"xpath","value":"//*[@id=\"__button385\"]"}
COMMAND: POST /session/79689850af1d41ef46dc131fe5890470/elements - {"using":"xpath","value":"//*[@id=\"__button385\"]"}
RESULT: {"using":"xpath","value":"//*[@id=\"__button385\"]"}
COMMAND: POST /session/79689850af1d41ef46dc131fe5890470/elements - {"using":"xpath","value":"//*[@id=\"__button385\"]"}
RESULT: {"using":"xpath","value":"//*[@id=\"__button385\"]"}
COMMAND: POST /session/79689850af1d41ef46dc131fe5890470/elements - {"using":"xpath","value":"//*[@id=\"__button385\"]"}
RESULT: {"using":"xpath","value":"//*[@id=\"__button385\"]"}
COMMAND: POST /session/79689850af1d41ef46dc131fe5890470/elements - {"using":"xpath","value":"//*[@id=\"__button385\"]"}
RESULT: {"using":"xpath","value":"//*[@id=\"__button385\"]"}
COMMAND: POST /session/79689850af1d41ef46dc131fe5890470/elements - {"using":"xpath","value":"//*[@id=\"__button385\"]"}
RESULT: {"using":"xpath","value":"//*[@id=\"__button385\"]"}
COMMAND: POST /session/79689850af1d41ef46dc131fe5890470/elements - {"using":"xpath","value":"//*[@id=\"__button385\"]"}
RESULT: {"using":"xpath","value":"//*[@id=\"__button385\"]"}
COMMAND: POST /session/79689850af1d41ef46dc131fe5890470/elements - {"using":"xpath","value":"//*[@id=\"__button385\"]"}
RESULT: {"using":"xpath","value":"//*[@id=\"__button385\"]"}
COMMAND: POST /session/79689850af1d41ef46dc131fe5890470/elements - {"using":"xpath","value":"//*[@id=\"__button385\"]"}
RESULT: {"using":"xpath","value":"//*[@id=\"__button385\"]"}
COMMAND: POST /session/79689850af1d41ef46dc131fe5890470/elements - {"using":"xpath","value":"//*[@id=\"__button385\"]"}
RESULT: {"using":"xpath","value":"//*[@id=\"__button385\"]"}
COMMAND: POST /session/79689850af1d41ef46dc131fe5890470/elements - {"using":"xpath","value":"//*[@id=\"__button385\"]"}
RESULT: {"using":"xpath","value":"//*[@id=\"__button385\"]"}
COMMAND: POST /session/79689850af1d41ef46dc131fe5890470/elements - {"using":"xpath","value":"//*[@id=\"__button385\"]"}
RESULT: {"using":"xpath","value":"//*[@id=\"__button385\"]"}
COMMAND: POST /session/79689850af1d41ef46dc131fe5890470/elements - {"using":"xpath","value":"//*[@id=\"__button385\"]"}
RESULT: {"using":"xpath","value":"//*[@id=\"__button385\"]"}
COMMAND: POST /session/79689850af1d41ef46dc131fe5890470/elements - {"using":"xpath","value":"//*[@id=\"__button385\"]"}
RESULT: {"using":"xpath","value":"//*[@id=\"__button385\"]"}
COMMAND: POST /session/79689850af1d41ef46dc131fe5890470/elements - {"using":"xpath","value":"//*[@id=\"__button385\"]"}
RESULT: {"using":"xpath","value":"//*[@id=\"__button385\"]"}
COMMAND: POST /session/79689850af1d41ef46dc131fe5890470/elements - {"using":"xpath","value":"//*[@id=\"__button385\"]"}
RESULT: {"using":"xpath","value":"//*[@id=\"__button385\"]"}
COMMAND: POST /session/79689850af1d41ef46dc131fe5890470/elements - {"using":"xpath","value":"//*[@id=\"__button385\"]"}
RESULT: {"using":"xpath","value":"//*[@id=\"__button385\"]"}
COMMAND: POST /session/79689850af1d41ef46dc131fe5890470/elements - {"using":"xpath","value":"//*[@id=\"__button385\"]"}
RESULT: {"using":"xpath","value":"//*[@id=\"__button385\"]"}
COMMAND: POST /session/79689850af1d41ef46dc131fe5890470/elements - {"using":"xpath","value":"//*[@id=\"__button385\"]"}
RESULT: {"using":"xpath","value":"//*[@id=\"__button385\"]"}
COMMAND: POST /session/79689850af1d41ef46dc131fe5890470/elements - {"using":"xpath","value":"//*[@id=\"__button385\"]"}
RESULT: {"using":"xpath","value":"//*[@id=\"__button385\"]"}
COMMAND: POST /session/79689850af1d41ef46dc131fe5890470/elements - {"using":"xpath","value":"//*[@id=\"__button385\"]"}
RESULT: {"using":"xpath","value":"//*[@id=\"__button385\"]"}
COMMAND: POST /session/79689850af1d41ef46dc131fe5890470/elements - {"using":"xpath","value":"//*[@id=\"__button385\"]"}
RESULT: {"using":"xpath","value":"//*[@id=\"__button385\"]"}
COMMAND: POST /session/79689850af1d41ef46dc131fe5890470/elements - {"using":"xpath","value":"//*[@id=\"__button385\"]"}
RESULT: {"using":"xpath","value":"//*[@id=\"__button385\"]"}
COMMAND: POST /session/79689850af1d41ef46dc131fe5890470/elements - {"using":"xpath","value":"//*[@id=\"__button385\"]"}
RESULT: {"using":"xpath","value":"//*[@id=\"__button385\"]"}
COMMAND: POST /session/79689850af1d41ef46dc131fe5890470/elements - {"using":"xpath","value":"//*[@id=\"__button385\"]"}
RESULT: {"using":"xpath","value":"//*[@id=\"__button385\"]"}
COMMAND: POST /session/79689850af1d41ef46dc131fe5890470/elements - {"using":"xpath","value":"//*[@id=\"__button385\"]"}
RESULT: {"using":"xpath","value":"//*[@id=\"__button385\"]"}
COMMAND: POST /session/79689850af1d41ef46dc131fe5890470/elements - {"using":"xpath","value":"//*[@id=\"__button385\"]"}
RESULT: {"using":"xpath","value":"//*[@id=\"__button385\"]"}
COMMAND: POST /session/79689850af1d41ef46dc131fe5890470/elements - {"using":"xpath","value":"//*[@id=\"__button385\"]"}
RESULT: {"using":"xpath","value":"//*[@id=\"__button385\"]"}
COMMAND: POST /session/79689850af1d41ef46dc131fe5890470/elements - {"using":"xpath","value":"//*[@id=\"__button385\"]"}
RESULT: {"using":"xpath","value":"//*[@id=\"__button385\"]"}
COMMAND: POST /session/79689850af1d41ef46dc131fe5890470/elements - {"using":"xpath","value":"//*[@id=\"__button385\"]"}
RESULT: {"using":"xpath","value":"//*[@id=\"__button385\"]"}
COMMAND: POST /session/79689850af1d41ef46dc131fe5890470/elements - {"using":"xpath","value":"//*[@id=\"__button385\"]"}
RESULT: {"using":"xpath","value":"//*[@id=\"__button385\"]"}
COMMAND: POST /session/79689850af1d41ef46dc131fe5890470/elements - {"using":"xpath","value":"//*[@id=\"__button385\"]"}
RESULT: {"using":"xpath","value":"//*[@id=\"__button385\"]"}
COMMAND: POST /session/79689850af1d41ef46dc131fe5890470/elements - {"using":"xpath","value":"//*[@id=\"__button385\"]"}
RESULT: {"using":"xpath","value":"//*[@id=\"__button385\"]"}
COMMAND: POST /session/79689850af1d41ef46dc131fe5890470/elements - {"using":"xpath","value":"//*[@id=\"__button385\"]"}
RESULT: {"using":"xpath","value":"//*[@id=\"__button385\"]"}
COMMAND: POST /session/79689850af1d41ef46dc131fe5890470/elements - {"using":"xpath","value":"//*[@id=\"__button385\"]"}
RESULT: {"using":"xpath","value":"//*[@id=\"__button385\"]"}
COMMAND: POST /session/79689850af1d41ef46dc131fe5890470/elements - {"using":"xpath","value":"//*[@id=\"__button385\"]"}
RESULT: {"using":"xpath","value":"//*[@id=\"__button385\"]"}
COMMAND: POST /session/79689850af1d41ef46dc131fe5890470/elements - {"using":"xpath","value":"//*[@id=\"__button385\"]"}
RESULT: {"using":"xpath","value":"//*[@id=\"__button385\"]"}
COMMAND: POST /session/79689850af1d41ef46dc131fe5890470/elements - {"using":"xpath","value":"//*[@id=\"__button385\"]"}
RESULT: {"using":"xpath","value":"//*[@id=\"__button385\"]"}
COMMAND: POST /session/79689850af1d41ef46dc131fe5890470/elements - {"using":"xpath","value":"//*[@id=\"__button385\"]"}
RESULT: {"using":"xpath","value":"//*[@id=\"__button385\"]"}
COMMAND: POST /session/79689850af1d41ef46dc131fe5890470/elements - {"using":"xpath","value":"//*[@id=\"__button385\"]"}
RESULT: {"using":"xpath","value":"//*[@id=\"__button385\"]"}
COMMAND: POST /session/79689850af1d41ef46dc131fe5890470/elements - {"using":"xpath","value":"//*[@id=\"__button385\"]"}
RESULT: {"using":"xpath","value":"//*[@id=\"__button385\"]"}
COMMAND: POST /session/79689850af1d41ef46dc131fe5890470/elements - {"using":"xpath","value":"//*[@id=\"__button385\"]"}
RESULT: {"using":"xpath","value":"//*[@id=\"__button385\"]"}
COMMAND: POST /session/79689850af1d41ef46dc131fe5890470/elements - {"using":"xpath","value":"//*[@id=\"__button385\"]"}
RESULT: {"using":"xpath","value":"//*[@id=\"__button385\"]"}
COMMAND: POST /session/79689850af1d41ef46dc131fe5890470/elements - {"using":"xpath","value":"//*[@id=\"__button385\"]"}
RESULT: {"using":"xpath","value":"//*[@id=\"__button385\"]"}
COMMAND: POST /session/79689850af1d41ef46dc131fe5890470/elements - {"using":"xpath","value":"//*[@id=\"__button385\"]"}
RESULT: {"using":"xpath","value":"//*[@id=\"__button385\"]"}
COMMAND: POST /session/79689850af1d41ef46dc131fe5890470/elements - {"using":"xpath","value":"//*[@id=\"__button385\"]"}
RESULT: {"using":"xpath","value":"//*[@id=\"__button385\"]"}
COMMAND: POST /session/79689850af1d41ef46dc131fe5890470/elements - {"using":"xpath","value":"//*[@id=\"__button385\"]"}
RESULT: {"using":"xpath","value":"//*[@id=\"__button385\"]"}
COMMAND: POST /session/79689850af1d41ef46dc131fe5890470/elements - {"using":"xpath","value":"//*[@id=\"__button385\"]"}
RESULT: {"using":"xpath","value":"//*[@id=\"__button385\"]"}
COMMAND: POST /session/79689850af1d41ef46dc131fe5890470/elements - {"using":"xpath","value":"//*[@id=\"__button385\"]"}
RESULT: {"using":"xpath","value":"//*[@id=\"__button385\"]"}
COMMAND: POST /session/79689850af1d41ef46dc131fe5890470/elements - {"using":"xpath","value":"//*[@id=\"__button385\"]"}
RESULT: {"using":"xpath","value":"//*[@id=\"__button385\"]"}
COMMAND: POST /session/79689850af1d41ef46dc131fe5890470/elements - {"using":"xpath","value":"//*[@id=\"__button385\"]"}
RESULT: {"using":"xpath","value":"//*[@id=\"__button385\"]"}
COMMAND: POST /session/79689850af1d41ef46dc131fe5890470/elements - {"using":"xpath","value":"//*[@id=\"__button385\"]"}
RESULT: {"using":"xpath","value":"//*[@id=\"__button385\"]"}
COMMAND: POST /session/79689850af1d41ef46dc131fe5890470/elements - {"using":"xpath","value":"//*[@id=\"__button385\"]"}
RESULT: {"using":"xpath","value":"//*[@id=\"__button385\"]"}
COMMAND: POST /session/79689850af1d41ef46dc131fe5890470/elements - {"using":"xpath","value":"//*[@id=\"__button385\"]"}
RESULT: {"using":"xpath","value":"//*[@id=\"__button385\"]"}
COMMAND: POST /session/79689850af1d41ef46dc131fe5890470/elements - {"using":"xpath","value":"//*[@id=\"__button385\"]"}
RESULT: {"using":"xpath","value":"//*[@id=\"__button385\"]"}
COMMAND: POST /session/79689850af1d41ef46dc131fe5890470/elements - {"using":"xpath","value":"//*[@id=\"__button385\"]"}
RESULT: {"using":"xpath","value":"//*[@id=\"__button385\"]"}
COMMAND: POST /session/79689850af1d41ef46dc131fe5890470/elements - {"using":"xpath","value":"//*[@id=\"__button385\"]"}
RESULT: {"using":"xpath","value":"//*[@id=\"__button385\"]"}
COMMAND: POST /session/79689850af1d41ef46dc131fe5890470/elements - {"using":"xpath","value":"//*[@id=\"__button385\"]"}
RESULT: {"using":"xpath","value":"//*[@id=\"__button385\"]"}
COMMAND: POST /session/79689850af1d41ef46dc131fe5890470/elements - {"using":"xpath","value":"//*[@id=\"__button385\"]"}
RESULT: {"using":"xpath","value":"//*[@id=\"__button385\"]"}
COMMAND: POST /session/79689850af1d41ef46dc131fe5890470/elements - {"using":"xpath","value":"//*[@id=\"__button385\"]"}
RESULT: {"using":"xpath","value":"//*[@id=\"__button385\"]"}
COMMAND: POST /session/79689850af1d41ef46dc131fe5890470/elements - {"using":"xpath","value":"//*[@id=\"__button385\"]"}
RESULT: {"using":"xpath","value":"//*[@id=\"__button385\"]"}
COMMAND: POST /session/79689850af1d41ef46dc131fe5890470/elements - {"using":"xpath","value":"//*[@id=\"__button385\"]"}
RESULT: {"using":"xpath","value":"//*[@id=\"__button385\"]"}
COMMAND: POST /session/79689850af1d41ef46dc131fe5890470/elements - {"using":"xpath","value":"//*[@id=\"__button385\"]"}
RESULT: {"using":"xpath","value":"//*[@id=\"__button385\"]"}
COMMAND: POST /session/79689850af1d41ef46dc131fe5890470/elements - {"using":"xpath","value":"//*[@id=\"__button385\"]"}
RESULT: {"using":"xpath","value":"//*[@id=\"__button385\"]"}
COMMAND: POST /session/79689850af1d41ef46dc131fe5890470/elements - {"using":"xpath","value":"//*[@id=\"__button385\"]"}
RESULT: {"using":"xpath","value":"//*[@id=\"__button385\"]"}
COMMAND: POST /session/79689850af1d41ef46dc131fe5890470/elements - {"using":"xpath","value":"//*[@id=\"__button385\"]"}
RESULT: {"using":"xpath","value":"//*[@id=\"__button385\"]"}
COMMAND: POST /session/79689850af1d41ef46dc131fe5890470/elements - {"using":"xpath","value":"//*[@id=\"__button385\"]"}
RESULT: {"using":"xpath","value":"//*[@id=\"__button385\"]"}
COMMAND: POST /session/79689850af1d41ef46dc131fe5890470/elements - {"using":"xpath","value":"//*[@id=\"__button385\"]"}
RESULT: {"using":"xpath","value":"//*[@id=\"__button385\"]"}
COMMAND: POST /session/79689850af1d41ef46dc131fe5890470/elements - {"using":"xpath","value":"//*[@id=\"__button385\"]"}
RESULT: {"using":"xpath","value":"//*[@id=\"__button385\"]"}
COMMAND: POST /session/79689850af1d41ef46dc131fe5890470/elements - {"using":"xpath","value":"//*[@id=\"__button385\"]"}
RESULT: {"using":"xpath","value":"//*[@id=\"__button385\"]"}
COMMAND: POST /session/79689850af1d41ef46dc131fe5890470/elements - {"using":"xpath","value":"//*[@id=\"__button385\"]"}
RESULT: {"using":"xpath","value":"//*[@id=\"__button385\"]"}
COMMAND: POST /session/79689850af1d41ef46dc131fe5890470/elements - {"using":"xpath","value":"//*[@id=\"__button385\"]"}
RESULT: {"using":"xpath","value":"//*[@id=\"__button385\"]"}
COMMAND: POST /session/79689850af1d41ef46dc131fe5890470/elements - {"using":"xpath","value":"//*[@id=\"__button385\"]"}
RESULT: {"using":"xpath","value":"//*[@id=\"__button385\"]"}
COMMAND: POST /session/79689850af1d41ef46dc131fe5890470/elements - {"using":"xpath","value":"//*[@id=\"__button385\"]"}
RESULT: {"using":"xpath","value":"//*[@id=\"__button385\"]"}
COMMAND: POST /session/79689850af1d41ef46dc131fe5890470/elements - {"using":"xpath","value":"//*[@id=\"__button385\"]"}
RESULT: {"using":"xpath","value":"//*[@id=\"__button385\"]"}
COMMAND: POST /session/79689850af1d41ef46dc131fe5890470/elements - {"using":"xpath","value":"//*[@id=\"__button385\"]"}
RESULT: {"using":"xpath","value":"//*[@id=\"__button385\"]"}
COMMAND: POST /session/79689850af1d41ef46dc131fe5890470/elements - {"using":"xpath","value":"//*[@id=\"__button385\"]"}
RESULT: {"using":"xpath","value":"//*[@id=\"__button385\"]"}
COMMAND: POST /session/79689850af1d41ef46dc131fe5890470/elements - {"using":"xpath","value":"//*[@id=\"__button385\"]"}
RESULT: {"using":"xpath","value":"//*[@id=\"__button385\"]"}
COMMAND: POST /session/79689850af1d41ef46dc131fe5890470/elements - {"using":"xpath","value":"//*[@id=\"__button385\"]"}
RESULT: {"using":"xpath","value":"//*[@id=\"__button385\"]"}
COMMAND: POST /session/79689850af1d41ef46dc131fe5890470/elements - {"using":"xpath","value":"//*[@id=\"__button385\"]"}
RESULT: {"using":"xpath","value":"//*[@id=\"__button385\"]"}
COMMAND: POST /session/79689850af1d41ef46dc131fe5890470/elements - {"using":"xpath","value":"//*[@id=\"__button385\"]"}
RESULT: {"using":"xpath","value":"//*[@id=\"__button385\"]"}
COMMAND: POST /session/79689850af1d41ef46dc131fe5890470/elements - {"using":"xpath","value":"//*[@id=\"__button385\"]"}
RESULT: {"using":"xpath","value":"//*[@id=\"__button385\"]"}
COMMAND: POST /session/79689850af1d41ef46dc131fe5890470/elements - {"using":"xpath","value":"//*[@id=\"__button385\"]"}
RESULT: {"using":"xpath","value":"//*[@id=\"__button385\"]"}
COMMAND: POST /session/79689850af1d41ef46dc131fe5890470/elements - {"using":"xpath","value":"//*[@id=\"__button385\"]"}
RESULT: {"using":"xpath","value":"//*[@id=\"__button385\"]"}
COMMAND: POST /session/79689850af1d41ef46dc131fe5890470/elements - {"using":"xpath","value":"//*[@id=\"__button385\"]"}
RESULT: {"using":"xpath","value":"//*[@id=\"__button385\"]"}
COMMAND: POST /session/79689850af1d41ef46dc131fe5890470/elements - {"using":"xpath","value":"//*[@id=\"__button385\"]"}
RESULT: {"using":"xpath","value":"//*[@id=\"__button385\"]"}
COMMAND: POST /session/79689850af1d41ef46dc131fe5890470/elements - {"using":"xpath","value":"//*[@id=\"__button385\"]"}
RESULT: {"using":"xpath","value":"//*[@id=\"__button385\"]"}
COMMAND: POST /session/79689850af1d41ef46dc131fe5890470/elements - {"using":"xpath","value":"//*[@id=\"__button385\"]"}
RESULT: {"using":"xpath","value":"//*[@id=\"__button385\"]"}
COMMAND: POST /session/79689850af1d41ef46dc131fe5890470/elements - {"using":"xpath","value":"//*[@id=\"__button385\"]"}
RESULT: {"using":"xpath","value":"//*[@id=\"__button385\"]"}
COMMAND: POST /session/79689850af1d41ef46dc131fe5890470/elements - {"using":"xpath","value":"//*[@id=\"__button385\"]"}
RESULT: {"using":"xpath","value":"//*[@id=\"__button385\"]"}
COMMAND: POST /session/79689850af1d41ef46dc131fe5890470/elements - {"using":"xpath","value":"//*[@id=\"__button385\"]"}
COMMAND: POST /session/79689850af1d41ef46dc131fe5890470/element - {"using":"css selector","value":"#shell-header-logo"}
RESULT: {"using":"xpath","value":"//*[@id=\"__button385\"]"}
RESULT: {"using":"css selector","value":"#shell-header-logo"}
COMMAND: POST /session/79689850af1d41ef46dc131fe5890470/execute/sync - {"script":"<script> [8489 bytes]","args":[{"element-6066-11e4-a52e-4f735466cecf":"f.3A2B8E27F6B6549B06BE95D0839BE483.d.7DB833CD5BA2FAAACED9440BA9D61849.e.18071","ELEMENT":"f.3A2B8E27F6B6549B06BE95D0839BE483.d.7DB833CD5BA2FAAACED9440BA9D61849.e.18071"}]}
RESULT: {"script":"<script> [8489 bytes]","args":[{"element-6066-11e4-a52e-4f735466cecf":"f.3A2B8E27F6B6549B06BE95D0839BE483.d.7DB833CD5BA2FAAACED9440BA9D61849.e.18071","ELEMENT":"f.3A2B8E27F6B6549B06BE95D0839BE483.d.7DB833CD5BA2FAAACED9440BA9D61849.e.18071"}]}
COMMAND: POST /session/79689850af1d41ef46dc131fe5890470/execute/sync - {"script":"<script> [5351 bytes]","args":[{"element-6066-11e4-a52e-4f735466cecf":"f.3A2B8E27F6B6549B06BE95D0839BE483.d.7DB833CD5BA2FAAACED9440BA9D61849.e.18071","ELEMENT":"f.3A2B8E27F6B6549B06BE95D0839BE483.d.7DB833CD5BA2FAAACED9440BA9D61849.e.18071"}]}
COMMAND: GET /session/79689850af1d41ef46dc131fe5890470/screenshot - {}
RESULT: {"script":"<script> [5351 bytes]","args":[{"element-6066-11e4-a52e-4f735466cecf":"f.3A2B8E27F6B6549B06BE95D0839BE483.d.7DB833CD5BA2FAAACED9440BA9D61849.e.18071","ELEMENT":"f.3A2B8E27F6B6549B06BE95D0839BE483.d.7DB833CD5BA2FAAACED9440BA9D61849.e.18071"}]}
COMMAND: POST /session/79689850af1d41ef46dc131fe5890470/element/f.3A2B8E27F6B6549B06BE95D0839BE483.d.7DB833CD5BA2FAAACED9440BA9D61849.e.18071/click - {}
COMMAND: GET /session/79689850af1d41ef46dc131fe5890470/screenshot - {}
RESULT: {}
RESULT: {}
]]></system-out>
    </testcase>
    <testcase classname="chrome.135_0_7049_96.windows.Performance_based_billing_(work_days)_US139742" name="Should go to Manage Billings and trigger calculation check the conditions applied" time="55.268">
      <system-out><![CDATA[
COMMAND: POST /session/79689850af1d41ef46dc131fe5890470/execute/async - {"script":"<script> [1562 bytes]","args":[{"selector":{"controlType":"sap.m.GenericTile","properties":{"header":"Manage Billings"}},"wdio_ui5_key":"sapm.GenericTile{\"header\":\"Manage Billings\"}"}]}
COMMAND: GET /session/79689850af1d41ef46dc131fe5890470/screenshot - {}
RESULT: {}
RESULT: {"script":"<script> [1562 bytes]","args":[{"selector":{"controlType":"sap.m.GenericTile","properties":{"header":"Manage Billings"}},"wdio_ui5_key":"sapm.GenericTile{\"header\":\"Manage Billings\"}"}]}
RESULT: undefined
COMMAND: POST /session/79689850af1d41ef46dc131fe5890470/element - {"using":"xpath","value":"//*[@id=\"__tile51\"]"}
RESULT: {}
RESULT: {"using":"xpath","value":"//*[@id=\"__tile51\"]"}
COMMAND: POST /session/79689850af1d41ef46dc131fe5890470/element/f.3A2B8E27F6B6549B06BE95D0839BE483.d.7DB833CD5BA2FAAACED9440BA9D61849.e.14299/click - {}
RESULT: {}
COMMAND: GET /session/79689850af1d41ef46dc131fe5890470/screenshot - {}
RESULT: {}
COMMAND: POST /session/79689850af1d41ef46dc131fe5890470/execute/async - {"script":"<script> [1562 bytes]","args":[{"selector":{"id":"application-managebillings-display-component---billRunCalcResult--smartFilterBar-btnBasicSearch","interaction":{"idSuffix":"I"}},"wdio_ui5_key":"applicationmanagebillings-display-component---billRunCalcResult--smartFilterBar-btnBasicSearch"}]}
RESULT: {"script":"<script> [1562 bytes]","args":[{"selector":{"id":"application-managebillings-display-component---billRunCalcResult--smartFilterBar-btnBasicSearch","interaction":{"idSuffix":"I"}},"wdio_ui5_key":"applicationmanagebillings-display-component---billRunCalcResult--smartFilterBar-btnBasicSearch"}]}
RESULT: undefined
COMMAND: POST /session/79689850af1d41ef46dc131fe5890470/execute/async - {"script":"<script> [776 bytes]","args":[{"enterText":"10452","selector":{"id":"application-managebillings-display-component---billRunCalcResult--smartFilterBar-btnBasicSearch","interaction":{"idSuffix":"I"}},"clearTextFirst":true,"interactionType":"ENTER_TEXT"}]}
RESULT: {"script":"<script> [776 bytes]","args":[{"enterText":"10452","selector":{"id":"application-managebillings-display-component---billRunCalcResult--smartFilterBar-btnBasicSearch","interaction":{"idSuffix":"I"}},"clearTextFirst":true,"interactionType":"ENTER_TEXT"}]}
COMMAND: POST /session/79689850af1d41ef46dc131fe5890470/actions - {"actions":[{"id":"action65","type":"key","parameters":{},"actions":[{"type":"keyDown","value":"î€‡"},{"type":"pause","duration":10},{"type":"keyUp","value":"î€‡"}]}]}
RESULT: {"actions":[{"id":"action65","type":"key","parameters":{},"actions":[{"type":"keyDown","value":"î€‡"},{"type":"pause","duration":10},{"type":"keyUp","value":"î€‡"}]}]}
COMMAND: GET /session/79689850af1d41ef46dc131fe5890470/screenshot - {}
RESULT: {}
COMMAND: POST /session/79689850af1d41ef46dc131fe5890470/element - {"using":"xpath","value":"//td[@aria-colindex=\"1\"]/div/div[contains(@class, \"sapMCbBg\")]"}
RESULT: {"using":"xpath","value":"//td[@aria-colindex=\"1\"]/div/div[contains(@class, \"sapMCbBg\")]"}
COMMAND: POST /session/79689850af1d41ef46dc131fe5890470/element/f.3A2B8E27F6B6549B06BE95D0839BE483.d.7DB833CD5BA2FAAACED9440BA9D61849.e.18474/click - {}
RESULT: {}
COMMAND: GET /session/79689850af1d41ef46dc131fe5890470/screenshot - {}
RESULT: {}
COMMAND: POST /session/79689850af1d41ef46dc131fe5890470/execute/async - {"script":"<script> [1562 bytes]","args":[{"selector":{"id":"application-managebillings-display-component---billRunCalcResult--contractBillRunDate","interaction":{"idSuffix":"inner"}},"wdio_ui5_key":"applicationmanagebillings-display-component---billRunCalcResult--contractBillRunDate"}]}
RESULT: {"script":"<script> [1562 bytes]","args":[{"selector":{"id":"application-managebillings-display-component---billRunCalcResult--contractBillRunDate","interaction":{"idSuffix":"inner"}},"wdio_ui5_key":"applicationmanagebillings-display-component---billRunCalcResult--contractBillRunDate"}]}
RESULT: undefined
COMMAND: POST /session/79689850af1d41ef46dc131fe5890470/execute/async - {"script":"<script> [776 bytes]","args":[{"enterText":"06/02/25","selector":{"id":"application-managebillings-display-component---billRunCalcResult--contractBillRunDate","interaction":{"idSuffix":"inner"}},"clearTextFirst":true,"interactionType":"ENTER_TEXT"}]}
RESULT: {"script":"<script> [776 bytes]","args":[{"enterText":"06/02/25","selector":{"id":"application-managebillings-display-component---billRunCalcResult--contractBillRunDate","interaction":{"idSuffix":"inner"}},"clearTextFirst":true,"interactionType":"ENTER_TEXT"}]}
COMMAND: POST /session/79689850af1d41ef46dc131fe5890470/element - {"using":"xpath","value":"//bdi[contains(text(), \"Trigger Calculation\")]"}
RESULT: {"using":"xpath","value":"//bdi[contains(text(), \"Trigger Calculation\")]"}
COMMAND: POST /session/79689850af1d41ef46dc131fe5890470/element/f.3A2B8E27F6B6549B06BE95D0839BE483.d.7DB833CD5BA2FAAACED9440BA9D61849.e.18525/click - {}
RESULT: {}
COMMAND: GET /session/79689850af1d41ef46dc131fe5890470/screenshot - {}
RESULT: {}
COMMAND: POST /session/79689850af1d41ef46dc131fe5890470/element - {"using":"xpath","value":"(//span[contains(@id, \"imgNav\")])[1]"}
RESULT: {"using":"xpath","value":"(//span[contains(@id, \"imgNav\")])[1]"}
COMMAND: POST /session/79689850af1d41ef46dc131fe5890470/element/f.3A2B8E27F6B6549B06BE95D0839BE483.d.7DB833CD5BA2FAAACED9440BA9D61849.e.18475/click - {}
RESULT: {}
COMMAND: GET /session/79689850af1d41ef46dc131fe5890470/screenshot - {}
RESULT: {}
COMMAND: POST /session/79689850af1d41ef46dc131fe5890470/element - {"using":"xpath","value":"//tr/td[6]/div[1]/span[1]/span[1]"}
RESULT: {"using":"xpath","value":"//tr/td[6]/div[1]/span[1]/span[1]"}
COMMAND: GET /session/79689850af1d41ef46dc131fe5890470/element/f.3A2B8E27F6B6549B06BE95D0839BE483.d.7DB833CD5BA2FAAACED9440BA9D61849.e.18530/text - {}
RESULT: {}
COMMAND: POST /session/79689850af1d41ef46dc131fe5890470/element - {"using":"xpath","value":"(//span[contains(@id, \"imgNav\")])[2]"}
RESULT: {"using":"xpath","value":"(//span[contains(@id, \"imgNav\")])[2]"}
COMMAND: POST /session/79689850af1d41ef46dc131fe5890470/element/f.3A2B8E27F6B6549B06BE95D0839BE483.d.7DB833CD5BA2FAAACED9440BA9D61849.e.18531/click - {}
RESULT: {}
COMMAND: POST /session/79689850af1d41ef46dc131fe5890470/element - {"using":"xpath","value":"//bdi[contains(text(), \"Business Confirm\")]"}
COMMAND: GET /session/79689850af1d41ef46dc131fe5890470/screenshot - {}
RESULT: {}
RESULT: {"using":"xpath","value":"//bdi[contains(text(), \"Business Confirm\")]"}
COMMAND: POST /session/79689850af1d41ef46dc131fe5890470/elements - {"using":"xpath","value":"//bdi[contains(text(), \"Business Confirm\")]"}
RESULT: {"using":"xpath","value":"//bdi[contains(text(), \"Business Confirm\")]"}
COMMAND: POST /session/79689850af1d41ef46dc131fe5890470/elements - {"using":"xpath","value":"//bdi[contains(text(), \"Business Confirm\")]"}
RESULT: {"using":"xpath","value":"//bdi[contains(text(), \"Business Confirm\")]"}
COMMAND: POST /session/79689850af1d41ef46dc131fe5890470/element - {"using":"xpath","value":"//bdi[contains(text(), \"Business Confirm\")]"}
RESULT: {"using":"xpath","value":"//bdi[contains(text(), \"Business Confirm\")]"}
COMMAND: POST /session/79689850af1d41ef46dc131fe5890470/element/f.3A2B8E27F6B6549B06BE95D0839BE483.d.7DB833CD5BA2FAAACED9440BA9D61849.e.18577/click - {}
RESULT: {}
COMMAND: POST /session/79689850af1d41ef46dc131fe5890470/element - {"using":"css selector","value":"#shell-header-logo"}
COMMAND: GET /session/79689850af1d41ef46dc131fe5890470/screenshot - {}
RESULT: {"using":"css selector","value":"#shell-header-logo"}
COMMAND: POST /session/79689850af1d41ef46dc131fe5890470/element/f.3A2B8E27F6B6549B06BE95D0839BE483.d.7DB833CD5BA2FAAACED9440BA9D61849.e.18264/click - {}
RESULT: {}
RESULT: {}
COMMAND: GET /session/79689850af1d41ef46dc131fe5890470/screenshot - {}
RESULT: {}
COMMAND: POST /session/79689850af1d41ef46dc131fe5890470/element - {"using":"css selector","value":"#j_username"}
COMMAND: POST /session/79689850af1d41ef46dc131fe5890470/url - {"url":"https://qa-testing-00-live-etm-ui.cfapps.eu10-004.hana.ondemand.com/"}
RESULT: {"using":"css selector","value":"#j_username"}
COMMAND: POST /session/79689850af1d41ef46dc131fe5890470/element - {"using":"css selector","value":"#j_username"}
RESULT: {"url":"https://qa-testing-00-live-etm-ui.cfapps.eu10-004.hana.ondemand.com/"}
RESULT: undefined
COMMAND: GET /session/79689850af1d41ef46dc131fe5890470/screenshot - {}
RESULT: {"using":"css selector","value":"#j_username"}
COMMAND: POST /session/79689850af1d41ef46dc131fe5890470/element - {"using":"css selector","value":"#shell-header-logo"}
RESULT: {}
RESULT: {"using":"css selector","value":"#shell-header-logo"}
COMMAND: POST /session/79689850af1d41ef46dc131fe5890470/execute/sync - {"script":"<script> [8489 bytes]","args":[{"element-6066-11e4-a52e-4f735466cecf":"f.3A2B8E27F6B6549B06BE95D0839BE483.d.B566BC4C5F96250B0F10C2EEE2B5C939.e.18610","ELEMENT":"f.3A2B8E27F6B6549B06BE95D0839BE483.d.B566BC4C5F96250B0F10C2EEE2B5C939.e.18610"}]}
RESULT: {"script":"<script> [8489 bytes]","args":[{"element-6066-11e4-a52e-4f735466cecf":"f.3A2B8E27F6B6549B06BE95D0839BE483.d.B566BC4C5F96250B0F10C2EEE2B5C939.e.18610","ELEMENT":"f.3A2B8E27F6B6549B06BE95D0839BE483.d.B566BC4C5F96250B0F10C2EEE2B5C939.e.18610"}]}
COMMAND: POST /session/79689850af1d41ef46dc131fe5890470/element - {"using":"css selector","value":"#shell-header-logo"}
COMMAND: GET /session/79689850af1d41ef46dc131fe5890470/screenshot - {}
RESULT: {"using":"css selector","value":"#shell-header-logo"}
COMMAND: POST /session/79689850af1d41ef46dc131fe5890470/execute/sync - {"script":"<script> [8489 bytes]","args":[{"element-6066-11e4-a52e-4f735466cecf":"f.3A2B8E27F6B6549B06BE95D0839BE483.d.B566BC4C5F96250B0F10C2EEE2B5C939.e.18610","ELEMENT":"f.3A2B8E27F6B6549B06BE95D0839BE483.d.B566BC4C5F96250B0F10C2EEE2B5C939.e.18610"}]}
RESULT: {}
RESULT: {"script":"<script> [8489 bytes]","args":[{"element-6066-11e4-a52e-4f735466cecf":"f.3A2B8E27F6B6549B06BE95D0839BE483.d.B566BC4C5F96250B0F10C2EEE2B5C939.e.18610","ELEMENT":"f.3A2B8E27F6B6549B06BE95D0839BE483.d.B566BC4C5F96250B0F10C2EEE2B5C939.e.18610"}]}
COMMAND: POST /session/79689850af1d41ef46dc131fe5890470/execute/sync - {"script":"<script> [5351 bytes]","args":[{"element-6066-11e4-a52e-4f735466cecf":"f.3A2B8E27F6B6549B06BE95D0839BE483.d.B566BC4C5F96250B0F10C2EEE2B5C939.e.18610","ELEMENT":"f.3A2B8E27F6B6549B06BE95D0839BE483.d.B566BC4C5F96250B0F10C2EEE2B5C939.e.18610"}]}
COMMAND: GET /session/79689850af1d41ef46dc131fe5890470/screenshot - {}
RESULT: {"script":"<script> [5351 bytes]","args":[{"element-6066-11e4-a52e-4f735466cecf":"f.3A2B8E27F6B6549B06BE95D0839BE483.d.B566BC4C5F96250B0F10C2EEE2B5C939.e.18610","ELEMENT":"f.3A2B8E27F6B6549B06BE95D0839BE483.d.B566BC4C5F96250B0F10C2EEE2B5C939.e.18610"}]}
COMMAND: POST /session/79689850af1d41ef46dc131fe5890470/element - {"using":"css selector","value":"#shell-header-logo"}
COMMAND: GET /session/79689850af1d41ef46dc131fe5890470/screenshot - {}
RESULT: {}
RESULT: {"using":"css selector","value":"#shell-header-logo"}
COMMAND: POST /session/79689850af1d41ef46dc131fe5890470/element/f.3A2B8E27F6B6549B06BE95D0839BE483.d.B566BC4C5F96250B0F10C2EEE2B5C939.e.18610/click - {}
RESULT: {}
RESULT: {}
COMMAND: GET /session/79689850af1d41ef46dc131fe5890470/screenshot - {}
RESULT: {}
COMMAND: POST /session/79689850af1d41ef46dc131fe5890470/execute/async - {"script":"<script> [189 bytes]","args":[]}
RESULT: {"script":"<script> [189 bytes]","args":[]}
COMMAND: POST /session/79689850af1d41ef46dc131fe5890470/execute/async - {"script":"<script> [123 bytes]","args":[]}
RESULT: {"script":"<script> [123 bytes]","args":[]}
COMMAND: POST /session/79689850af1d41ef46dc131fe5890470/timeouts - {"script":"<number>"}
RESULT: {"script":"<number>"}
COMMAND: GET /session/79689850af1d41ef46dc131fe5890470/timeouts - {}
RESULT: {}
RESULT: undefined
COMMAND: POST /session/79689850af1d41ef46dc131fe5890470/execute/async - {"script":"<script> [2676 bytes]","args":[]}
RESULT: {"script":"<script> [2676 bytes]","args":[]}
COMMAND: POST /session/79689850af1d41ef46dc131fe5890470/execute/async - {"script":"<script> [2342 bytes]","args":[{"protocol":"http","hostname":"0.0.0.0","path":"/","capabilities":{"browserName":"chrome","goog:chromeOptions":{"binary":"C:\\Program Files\\Google\\Chrome\\Application\\chrome.exe","args":["--start-maximized"]}},"logLevel":"warn","connectionRetryTimeout":120000,"connectionRetryCount":3,"logLevels":{},"enableDirectConnect":true,"strictSSL":true,"_":"65 more keys: [\"cacheDir\",\"port\",\"requestedCapabilities\",\"automationProtocol\",\"baseUrl\",\"waitforInterval\",\"waitforTimeout\",\"onReload\",\"beforeCommand\",\"afterCommand\",\"rootDir\",\"specs\",\"suites\",\"exclude\",\"groupLogsByTestSpec\",\"excludeDriverLogs\",\"bail\",\"framework\",\"reporters\",\"services\",\"maxInstances\",\"maxInstancesPerCapability\",\"injectGlobals\",\"filesToWatch\",\"execArgv\",\"runnerEnv\",\"runner\",\"shard\",\"specFileRetries\",\"specFileRetriesDelay\",\"specFileRetriesDeferred\",\"reporterSyncInterval\",\"reporterSyncTimeout\",\"cucumberFeaturesWithLineNumbers\",\"autoCompileOpts\",\"mochaOpts\",\"jasmineOpts\",\"cucumberOpts\",\"onPrepare\",\"onWorkerStart\",\"onWorkerEnd\",\"before\",\"beforeSession\",\"beforeSuite\",\"beforeHook\",\"beforeTest\",\"afterTest\",\"afterHook\",\"afterSuite\",\"afterSession\",\"after\",\"onComplete\",\"beforeAssertion\",\"afterAssertion\",\"beforeFeature\",\"beforeScenario\",\"beforeStep\",\"afterStep\",\"afterScenario\",\"afterFeature\",\"_\",\"suite\",\"$0\",\"ignoredWorkerServices\",\"wdi5\"]"}]}
RESULT: {"script":"<script> [2342 bytes]","args":[{"protocol":"http","hostname":"0.0.0.0","path":"/","capabilities":{"browserName":"chrome","goog:chromeOptions":{"binary":"C:\\Program Files\\Google\\Chrome\\Application\\chrome.exe","args":["--start-maximized"]}},"logLevel":"warn","connectionRetryTimeout":120000,"connectionRetryCount":3,"logLevels":{},"enableDirectConnect":true,"strictSSL":true,"_":"65 more keys: [\"cacheDir\",\"port\",\"requestedCapabilities\",\"automationProtocol\",\"baseUrl\",\"waitforInterval\",\"waitforTimeout\",\"onReload\",\"beforeCommand\",\"afterCommand\",\"rootDir\",\"specs\",\"suites\",\"exclude\",\"groupLogsByTestSpec\",\"excludeDriverLogs\",\"bail\",\"framework\",\"reporters\",\"services\",\"maxInstances\",\"maxInstancesPerCapability\",\"injectGlobals\",\"filesToWatch\",\"execArgv\",\"runnerEnv\",\"runner\",\"shard\",\"specFileRetries\",\"specFileRetriesDelay\",\"specFileRetriesDeferred\",\"reporterSyncInterval\",\"reporterSyncTimeout\",\"cucumberFeaturesWithLineNumbers\",\"autoCompileOpts\",\"mochaOpts\",\"jasmineOpts\",\"cucumberOpts\",\"onPrepare\",\"onWorkerStart\",\"onWorkerEnd\",\"before\",\"beforeSession\",\"beforeSuite\",\"beforeHook\",\"beforeTest\",\"afterTest\",\"afterHook\",\"afterSuite\",\"afterSession\",\"after\",\"onComplete\",\"beforeAssertion\",\"afterAssertion\",\"beforeFeature\",\"beforeScenario\",\"beforeStep\",\"afterStep\",\"afterScenario\",\"afterFeature\",\"_\",\"suite\",\"$0\",\"ignoredWorkerServices\",\"wdi5\"]"}]}
COMMAND: POST /session/79689850af1d41ef46dc131fe5890470/execute/async - {"script":"<script> [21126 bytes]","args":[35000]}
RESULT: {"script":"<script> [21126 bytes]","args":[35000]}
COMMAND: POST /session/79689850af1d41ef46dc131fe5890470/window/maximize - {}
RESULT: {}
COMMAND: POST /session/79689850af1d41ef46dc131fe5890470/execute/async - {"script":"<script> [1562 bytes]","args":[{"selector":{"id":"shell-header","interaction":{"idSuffix":"icon"}},"wdio_ui5_key":"shellheader"}]}
COMMAND: GET /session/79689850af1d41ef46dc131fe5890470/screenshot - {}
RESULT: {"script":"<script> [1562 bytes]","args":[{"selector":{"id":"shell-header","interaction":{"idSuffix":"icon"}},"wdio_ui5_key":"shellheader"}]}
RESULT: undefined
COMMAND: POST /session/79689850af1d41ef46dc131fe5890470/refresh - {}
RESULT: {}
RESULT: {}
COMMAND: GET /session/79689850af1d41ef46dc131fe5890470/screenshot - {}
RESULT: {}
COMMAND: POST /session/79689850af1d41ef46dc131fe5890470/refresh - {}
RESULT: {}
COMMAND: GET /session/79689850af1d41ef46dc131fe5890470/screenshot - {}
RESULT: {}
COMMAND: POST /session/79689850af1d41ef46dc131fe5890470/window/fullscreen - {}
RESULT: {}
COMMAND: POST /session/79689850af1d41ef46dc131fe5890470/execute/async - {"script":"<script> [189 bytes]","args":[]}
RESULT: {"script":"<script> [189 bytes]","args":[]}
COMMAND: POST /session/79689850af1d41ef46dc131fe5890470/execute/async - {"script":"<script> [123 bytes]","args":[]}
RESULT: {"script":"<script> [123 bytes]","args":[]}
COMMAND: POST /session/79689850af1d41ef46dc131fe5890470/timeouts - {"script":"<number>"}
RESULT: {"script":"<number>"}
COMMAND: GET /session/79689850af1d41ef46dc131fe5890470/timeouts - {}
RESULT: {}
RESULT: undefined
COMMAND: POST /session/79689850af1d41ef46dc131fe5890470/execute/async - {"script":"<script> [2676 bytes]","args":[]}
RESULT: {"script":"<script> [2676 bytes]","args":[]}
COMMAND: POST /session/79689850af1d41ef46dc131fe5890470/execute/async - {"script":"<script> [2342 bytes]","args":[{"protocol":"http","hostname":"0.0.0.0","path":"/","capabilities":{"browserName":"chrome","goog:chromeOptions":{"binary":"C:\\Program Files\\Google\\Chrome\\Application\\chrome.exe","args":["--start-maximized"]}},"logLevel":"warn","connectionRetryTimeout":120000,"connectionRetryCount":3,"logLevels":{},"enableDirectConnect":true,"strictSSL":true,"_":"65 more keys: [\"cacheDir\",\"port\",\"requestedCapabilities\",\"automationProtocol\",\"baseUrl\",\"waitforInterval\",\"waitforTimeout\",\"onReload\",\"beforeCommand\",\"afterCommand\",\"rootDir\",\"specs\",\"suites\",\"exclude\",\"groupLogsByTestSpec\",\"excludeDriverLogs\",\"bail\",\"framework\",\"reporters\",\"services\",\"maxInstances\",\"maxInstancesPerCapability\",\"injectGlobals\",\"filesToWatch\",\"execArgv\",\"runnerEnv\",\"runner\",\"shard\",\"specFileRetries\",\"specFileRetriesDelay\",\"specFileRetriesDeferred\",\"reporterSyncInterval\",\"reporterSyncTimeout\",\"cucumberFeaturesWithLineNumbers\",\"autoCompileOpts\",\"mochaOpts\",\"jasmineOpts\",\"cucumberOpts\",\"onPrepare\",\"onWorkerStart\",\"onWorkerEnd\",\"before\",\"beforeSession\",\"beforeSuite\",\"beforeHook\",\"beforeTest\",\"afterTest\",\"afterHook\",\"afterSuite\",\"afterSession\",\"after\",\"onComplete\",\"beforeAssertion\",\"afterAssertion\",\"beforeFeature\",\"beforeScenario\",\"beforeStep\",\"afterStep\",\"afterScenario\",\"afterFeature\",\"_\",\"suite\",\"$0\",\"ignoredWorkerServices\",\"wdi5\"]"}]}
RESULT: {"script":"<script> [2342 bytes]","args":[{"protocol":"http","hostname":"0.0.0.0","path":"/","capabilities":{"browserName":"chrome","goog:chromeOptions":{"binary":"C:\\Program Files\\Google\\Chrome\\Application\\chrome.exe","args":["--start-maximized"]}},"logLevel":"warn","connectionRetryTimeout":120000,"connectionRetryCount":3,"logLevels":{},"enableDirectConnect":true,"strictSSL":true,"_":"65 more keys: [\"cacheDir\",\"port\",\"requestedCapabilities\",\"automationProtocol\",\"baseUrl\",\"waitforInterval\",\"waitforTimeout\",\"onReload\",\"beforeCommand\",\"afterCommand\",\"rootDir\",\"specs\",\"suites\",\"exclude\",\"groupLogsByTestSpec\",\"excludeDriverLogs\",\"bail\",\"framework\",\"reporters\",\"services\",\"maxInstances\",\"maxInstancesPerCapability\",\"injectGlobals\",\"filesToWatch\",\"execArgv\",\"runnerEnv\",\"runner\",\"shard\",\"specFileRetries\",\"specFileRetriesDelay\",\"specFileRetriesDeferred\",\"reporterSyncInterval\",\"reporterSyncTimeout\",\"cucumberFeaturesWithLineNumbers\",\"autoCompileOpts\",\"mochaOpts\",\"jasmineOpts\",\"cucumberOpts\",\"onPrepare\",\"onWorkerStart\",\"onWorkerEnd\",\"before\",\"beforeSession\",\"beforeSuite\",\"beforeHook\",\"beforeTest\",\"afterTest\",\"afterHook\",\"afterSuite\",\"afterSession\",\"after\",\"onComplete\",\"beforeAssertion\",\"afterAssertion\",\"beforeFeature\",\"beforeScenario\",\"beforeStep\",\"afterStep\",\"afterScenario\",\"afterFeature\",\"_\",\"suite\",\"$0\",\"ignoredWorkerServices\",\"wdi5\"]"}]}
COMMAND: POST /session/79689850af1d41ef46dc131fe5890470/execute/async - {"script":"<script> [21126 bytes]","args":[35000]}
RESULT: {"script":"<script> [21126 bytes]","args":[35000]}
]]></system-out>
    </testcase>
  </testsuite>
  <testsuite timestamp="2025-05-02T06:17:26" time="1117.591" tests="20" failures="14" errors="14" skipped="0">
    <properties>
      <property name="specId" value="0" />
      <property name="suiteName" value="Billing Calculation - Time based (considering transport times) US139738" />
      <property name="capabilities" value="chrome.135_0_7049_96.windows" />
      <property name="file" value="file:///D:/a/1/s/test/specs/BTS/billing-calculation-transp-times.spec.js" />
    </properties>
    <testcase classname="chrome.135_0_7049_96.windows.Billing_Calculation_-_Time_based_(considering_transport_times)_US139738" name="Should create a new yard" time="0.009">
      <system-out><![CDATA[
COMMAND: POST /session/79689850af1d41ef46dc131fe5890470/window/fullscreen - {}
RESULT: {}
]]></system-out>
    </testcase>
    <testcase classname="chrome.135_0_7049_96.windows.Billing_Calculation_-_Time_based_(considering_transport_times)_US139738" name="Should create a new partner" time="0.003" />
    <testcase classname="chrome.135_0_7049_96.windows.Billing_Calculation_-_Time_based_(considering_transport_times)_US139738" name="Should create a new site" time="0.003" />
    <testcase classname="chrome.135_0_7049_96.windows.Billing_Calculation_-_Time_based_(considering_transport_times)_US139738" name="Should create the equipment" time="119.798">
      <system-out><![CDATA[
COMMAND: POST /session/79689850af1d41ef46dc131fe5890470/execute/async - {"script":"<script> [1562 bytes]","args":[{"selector":{"controlType":"sap.m.GenericTile","properties":{"header":"Manage Resources"}},"wdio_ui5_key":"sapm.GenericTile{\"header\":\"Manage Resources\"}"}]}
RESULT: {"script":"<script> [1562 bytes]","args":[{"selector":{"controlType":"sap.m.GenericTile","properties":{"header":"Manage Resources"}},"wdio_ui5_key":"sapm.GenericTile{\"header\":\"Manage Resources\"}"}]}
RESULT: undefined
COMMAND: POST /session/79689850af1d41ef46dc131fe5890470/element - {"using":"xpath","value":"//*[@id=\"__tile39\"]"}
RESULT: {"using":"xpath","value":"//*[@id=\"__tile39\"]"}
COMMAND: POST /session/79689850af1d41ef46dc131fe5890470/element/f.3A2B8E27F6B6549B06BE95D0839BE483.d.38C8B06BE6E24666B4E8076DD5D774B5.e.18764/click - {}
RESULT: {}
COMMAND: POST /session/79689850af1d41ef46dc131fe5890470/element - {"using":"xpath","value":"//button[@data-kt=\"addNewRUOverflowToolbarButton\"]"}
COMMAND: GET /session/79689850af1d41ef46dc131fe5890470/screenshot - {}
RESULT: {"using":"xpath","value":"//button[@data-kt=\"addNewRUOverflowToolbarButton\"]"}
COMMAND: POST /session/79689850af1d41ef46dc131fe5890470/elements - {"using":"xpath","value":"//button[@data-kt=\"addNewRUOverflowToolbarButton\"]"}
RESULT: {}
RESULT: {"using":"xpath","value":"//button[@data-kt=\"addNewRUOverflowToolbarButton\"]"}
COMMAND: POST /session/79689850af1d41ef46dc131fe5890470/elements - {"using":"xpath","value":"//button[@data-kt=\"addNewRUOverflowToolbarButton\"]"}
RESULT: {"using":"xpath","value":"//button[@data-kt=\"addNewRUOverflowToolbarButton\"]"}
COMMAND: POST /session/79689850af1d41ef46dc131fe5890470/elements - {"using":"xpath","value":"//button[@data-kt=\"addNewRUOverflowToolbarButton\"]"}
RESULT: {"using":"xpath","value":"//button[@data-kt=\"addNewRUOverflowToolbarButton\"]"}
COMMAND: POST /session/79689850af1d41ef46dc131fe5890470/elements - {"using":"xpath","value":"//button[@data-kt=\"addNewRUOverflowToolbarButton\"]"}
RESULT: {"using":"xpath","value":"//button[@data-kt=\"addNewRUOverflowToolbarButton\"]"}
COMMAND: POST /session/79689850af1d41ef46dc131fe5890470/elements - {"using":"xpath","value":"//button[@data-kt=\"addNewRUOverflowToolbarButton\"]"}
RESULT: {"using":"xpath","value":"//button[@data-kt=\"addNewRUOverflowToolbarButton\"]"}
COMMAND: POST /session/79689850af1d41ef46dc131fe5890470/elements - {"using":"xpath","value":"//button[@data-kt=\"addNewRUOverflowToolbarButton\"]"}
RESULT: {"using":"xpath","value":"//button[@data-kt=\"addNewRUOverflowToolbarButton\"]"}
COMMAND: POST /session/79689850af1d41ef46dc131fe5890470/elements - {"using":"xpath","value":"//button[@data-kt=\"addNewRUOverflowToolbarButton\"]"}
RESULT: {"using":"xpath","value":"//button[@data-kt=\"addNewRUOverflowToolbarButton\"]"}
COMMAND: POST /session/79689850af1d41ef46dc131fe5890470/elements - {"using":"xpath","value":"//button[@data-kt=\"addNewRUOverflowToolbarButton\"]"}
RESULT: {"using":"xpath","value":"//button[@data-kt=\"addNewRUOverflowToolbarButton\"]"}
COMMAND: POST /session/79689850af1d41ef46dc131fe5890470/elements - {"using":"xpath","value":"//button[@data-kt=\"addNewRUOverflowToolbarButton\"]"}
RESULT: {"using":"xpath","value":"//button[@data-kt=\"addNewRUOverflowToolbarButton\"]"}
COMMAND: POST /session/79689850af1d41ef46dc131fe5890470/elements - {"using":"xpath","value":"//button[@data-kt=\"addNewRUOverflowToolbarButton\"]"}
RESULT: {"using":"xpath","value":"//button[@data-kt=\"addNewRUOverflowToolbarButton\"]"}
COMMAND: POST /session/79689850af1d41ef46dc131fe5890470/elements - {"using":"xpath","value":"//button[@data-kt=\"addNewRUOverflowToolbarButton\"]"}
RESULT: {"using":"xpath","value":"//button[@data-kt=\"addNewRUOverflowToolbarButton\"]"}
COMMAND: POST /session/79689850af1d41ef46dc131fe5890470/elements - {"using":"xpath","value":"//button[@data-kt=\"addNewRUOverflowToolbarButton\"]"}
RESULT: {"using":"xpath","value":"//button[@data-kt=\"addNewRUOverflowToolbarButton\"]"}
COMMAND: POST /session/79689850af1d41ef46dc131fe5890470/elements - {"using":"xpath","value":"//button[@data-kt=\"addNewRUOverflowToolbarButton\"]"}
RESULT: {"using":"xpath","value":"//button[@data-kt=\"addNewRUOverflowToolbarButton\"]"}
COMMAND: POST /session/79689850af1d41ef46dc131fe5890470/elements - {"using":"xpath","value":"//button[@data-kt=\"addNewRUOverflowToolbarButton\"]"}
RESULT: {"using":"xpath","value":"//button[@data-kt=\"addNewRUOverflowToolbarButton\"]"}
COMMAND: POST /session/79689850af1d41ef46dc131fe5890470/element - {"using":"xpath","value":"//button[@data-kt=\"addNewRUOverflowToolbarButton\"]"}
RESULT: {"using":"xpath","value":"//button[@data-kt=\"addNewRUOverflowToolbarButton\"]"}
COMMAND: POST /session/79689850af1d41ef46dc131fe5890470/execute/sync - {"script":"<script> [8489 bytes]","args":[{"element-6066-11e4-a52e-4f735466cecf":"f.3A2B8E27F6B6549B06BE95D0839BE483.d.38C8B06BE6E24666B4E8076DD5D774B5.e.18904","ELEMENT":"f.3A2B8E27F6B6549B06BE95D0839BE483.d.38C8B06BE6E24666B4E8076DD5D774B5.e.18904"}]}
RESULT: {"script":"<script> [8489 bytes]","args":[{"element-6066-11e4-a52e-4f735466cecf":"f.3A2B8E27F6B6549B06BE95D0839BE483.d.38C8B06BE6E24666B4E8076DD5D774B5.e.18904","ELEMENT":"f.3A2B8E27F6B6549B06BE95D0839BE483.d.38C8B06BE6E24666B4E8076DD5D774B5.e.18904"}]}
COMMAND: GET /session/79689850af1d41ef46dc131fe5890470/element/f.3A2B8E27F6B6549B06BE95D0839BE483.d.38C8B06BE6E24666B4E8076DD5D774B5.e.18904/enabled - {}
COMMAND: GET /session/79689850af1d41ef46dc131fe5890470/screenshot - {}
RESULT: {}
COMMAND: POST /session/79689850af1d41ef46dc131fe5890470/execute/sync - {"script":"<script> [8489 bytes]","args":[{"element-6066-11e4-a52e-4f735466cecf":"f.3A2B8E27F6B6549B06BE95D0839BE483.d.38C8B06BE6E24666B4E8076DD5D774B5.e.18904","ELEMENT":"f.3A2B8E27F6B6549B06BE95D0839BE483.d.38C8B06BE6E24666B4E8076DD5D774B5.e.18904"}]}
COMMAND: GET /session/79689850af1d41ef46dc131fe5890470/screenshot - {}
RESULT: {}
RESULT: {}
RESULT: {"script":"<script> [8489 bytes]","args":[{"element-6066-11e4-a52e-4f735466cecf":"f.3A2B8E27F6B6549B06BE95D0839BE483.d.38C8B06BE6E24666B4E8076DD5D774B5.e.18904","ELEMENT":"f.3A2B8E27F6B6549B06BE95D0839BE483.d.38C8B06BE6E24666B4E8076DD5D774B5.e.18904"}]}
COMMAND: POST /session/79689850af1d41ef46dc131fe5890470/execute/sync - {"script":"<script> [5351 bytes]","args":[{"element-6066-11e4-a52e-4f735466cecf":"f.3A2B8E27F6B6549B06BE95D0839BE483.d.38C8B06BE6E24666B4E8076DD5D774B5.e.18904","ELEMENT":"f.3A2B8E27F6B6549B06BE95D0839BE483.d.38C8B06BE6E24666B4E8076DD5D774B5.e.18904"}]}
COMMAND: GET /session/79689850af1d41ef46dc131fe5890470/screenshot - {}
RESULT: {"script":"<script> [5351 bytes]","args":[{"element-6066-11e4-a52e-4f735466cecf":"f.3A2B8E27F6B6549B06BE95D0839BE483.d.38C8B06BE6E24666B4E8076DD5D774B5.e.18904","ELEMENT":"f.3A2B8E27F6B6549B06BE95D0839BE483.d.38C8B06BE6E24666B4E8076DD5D774B5.e.18904"}]}
COMMAND: POST /session/79689850af1d41ef46dc131fe5890470/element/f.3A2B8E27F6B6549B06BE95D0839BE483.d.38C8B06BE6E24666B4E8076DD5D774B5.e.18904/click - {}
COMMAND: GET /session/79689850af1d41ef46dc131fe5890470/screenshot - {}
RESULT: {}
RESULT: {}
COMMAND: GET /session/79689850af1d41ef46dc131fe5890470/screenshot - {}
RESULT: {}
RESULT: {}
COMMAND: POST /session/79689850af1d41ef46dc131fe5890470/execute/async - {"script":"<script> [1562 bytes]","args":[{"selector":{"id":"application-manageresources-display-component---newResourceUnit--TYPE-arrow"},"wdio_ui5_key":"applicationmanageresources-display-component---newResourceUnit--TYPE-arrow"}]}
RESULT: {"script":"<script> [1562 bytes]","args":[{"selector":{"id":"application-manageresources-display-component---newResourceUnit--TYPE-arrow"},"wdio_ui5_key":"applicationmanageresources-display-component---newResourceUnit--TYPE-arrow"}]}
RESULT: undefined
COMMAND: POST /session/79689850af1d41ef46dc131fe5890470/element - {"using":"xpath","value":"//*[@id=\"application-manageresources-display-component---newResourceUnit--TYPE-arrow\"]"}
RESULT: {"using":"xpath","value":"//*[@id=\"application-manageresources-display-component---newResourceUnit--TYPE-arrow\"]"}
COMMAND: POST /session/79689850af1d41ef46dc131fe5890470/element/f.3A2B8E27F6B6549B06BE95D0839BE483.d.38C8B06BE6E24666B4E8076DD5D774B5.e.19276/click - {}
RESULT: {}
COMMAND: POST /session/79689850af1d41ef46dc131fe5890470/element - {"using":"xpath","value":"//input[@id=\"application-manageresources-display-component---newResourceUnit--TYPE-inner\"]"}
COMMAND: GET /session/79689850af1d41ef46dc131fe5890470/screenshot - {}
RESULT: {"using":"xpath","value":"//input[@id=\"application-manageresources-display-component---newResourceUnit--TYPE-inner\"]"}
COMMAND: POST /session/79689850af1d41ef46dc131fe5890470/element/f.3A2B8E27F6B6549B06BE95D0839BE483.d.38C8B06BE6E24666B4E8076DD5D774B5.e.19255/clear - {}
RESULT: {}
RESULT: {}
COMMAND: POST /session/79689850af1d41ef46dc131fe5890470/element/f.3A2B8E27F6B6549B06BE95D0839BE483.d.38C8B06BE6E24666B4E8076DD5D774B5.e.19255/value - {"text":"Equipment"}
COMMAND: GET /session/79689850af1d41ef46dc131fe5890470/screenshot - {}
RESULT: {"text":"Equipment"}
COMMAND: GET /session/79689850af1d41ef46dc131fe5890470/screenshot - {}
RESULT: {}
RESULT: {}
COMMAND: POST /session/79689850af1d41ef46dc131fe5890470/actions - {"actions":[{"id":"action66","type":"key","parameters":{},"actions":[{"type":"keyDown","value":"î€‡"},{"type":"pause","duration":10},{"type":"keyUp","value":"î€‡"}]}]}
RESULT: {"actions":[{"id":"action66","type":"key","parameters":{},"actions":[{"type":"keyDown","value":"î€‡"},{"type":"pause","duration":10},{"type":"keyUp","value":"î€‡"}]}]}
COMMAND: POST /session/79689850af1d41ef46dc131fe5890470/execute/async - {"script":"<script> [1562 bytes]","args":[{"selector":{"id":"application-manageresources-display-component---newResourceUnit--resourceId","interaction":{"idSuffix":"inner"}},"wdio_ui5_key":"applicationmanageresources-display-component---newResourceUnit--resourceId"}]}
COMMAND: GET /session/79689850af1d41ef46dc131fe5890470/screenshot - {}
RESULT: {"script":"<script> [1562 bytes]","args":[{"selector":{"id":"application-manageresources-display-component---newResourceUnit--resourceId","interaction":{"idSuffix":"inner"}},"wdio_ui5_key":"applicationmanageresources-display-component---newResourceUnit--resourceId"}]}
RESULT: undefined
COMMAND: POST /session/79689850af1d41ef46dc131fe5890470/execute/async - {"script":"<script> [776 bytes]","args":[{"enterText":"oMLc1UiaJW","selector":{"id":"application-manageresources-display-component---newResourceUnit--resourceId","interaction":{"idSuffix":"inner"}},"clearTextFirst":true,"interactionType":"ENTER_TEXT"}]}
RESULT: {}
RESULT: {"script":"<script> [776 bytes]","args":[{"enterText":"oMLc1UiaJW","selector":{"id":"application-manageresources-display-component---newResourceUnit--resourceId","interaction":{"idSuffix":"inner"}},"clearTextFirst":true,"interactionType":"ENTER_TEXT"}]}
COMMAND: POST /session/79689850af1d41ef46dc131fe5890470/execute/async - {"script":"<script> [1562 bytes]","args":[{"selector":{"id":"application-manageresources-display-component---newResourceUnit--SHORT_TEXT","interaction":{"idSuffix":"inner"}},"wdio_ui5_key":"applicationmanageresources-display-component---newResourceUnit--SHORT_TEXT"}]}
RESULT: {"script":"<script> [1562 bytes]","args":[{"selector":{"id":"application-manageresources-display-component---newResourceUnit--SHORT_TEXT","interaction":{"idSuffix":"inner"}},"wdio_ui5_key":"applicationmanageresources-display-component---newResourceUnit--SHORT_TEXT"}]}
RESULT: undefined
COMMAND: POST /session/79689850af1d41ef46dc131fe5890470/execute/async - {"script":"<script> [776 bytes]","args":[{"enterText":"Intercompany Equipment WDIO","selector":{"id":"application-manageresources-display-component---newResourceUnit--SHORT_TEXT","interaction":{"idSuffix":"inner"}},"clearTextFirst":true,"interactionType":"ENTER_TEXT"}]}
RESULT: {"script":"<script> [776 bytes]","args":[{"enterText":"Intercompany Equipment WDIO","selector":{"id":"application-manageresources-display-component---newResourceUnit--SHORT_TEXT","interaction":{"idSuffix":"inner"}},"clearTextFirst":true,"interactionType":"ENTER_TEXT"}]}
COMMAND: POST /session/79689850af1d41ef46dc131fe5890470/execute/async - {"script":"<script> [1562 bytes]","args":[{"selector":{"id":"application-manageresources-display-component---newResourceUnit--BASE_UNIT_OF_MEASURE","interaction":{"idSuffix":"inner"}},"wdio_ui5_key":"applicationmanageresources-display-component---newResourceUnit--BASE_UNIT_OF_MEASURE"}]}
RESULT: {"script":"<script> [1562 bytes]","args":[{"selector":{"id":"application-manageresources-display-component---newResourceUnit--BASE_UNIT_OF_MEASURE","interaction":{"idSuffix":"inner"}},"wdio_ui5_key":"applicationmanageresources-display-component---newResourceUnit--BASE_UNIT_OF_MEASURE"}]}
RESULT: undefined
COMMAND: POST /session/79689850af1d41ef46dc131fe5890470/execute/async - {"script":"<script> [776 bytes]","args":[{"enterText":"Piece","selector":{"id":"application-manageresources-display-component---newResourceUnit--BASE_UNIT_OF_MEASURE","interaction":{"idSuffix":"inner"}},"clearTextFirst":true,"interactionType":"ENTER_TEXT"}]}
RESULT: {"script":"<script> [776 bytes]","args":[{"enterText":"Piece","selector":{"id":"application-manageresources-display-component---newResourceUnit--BASE_UNIT_OF_MEASURE","interaction":{"idSuffix":"inner"}},"clearTextFirst":true,"interactionType":"ENTER_TEXT"}]}
COMMAND: POST /session/79689850af1d41ef46dc131fe5890470/execute/async - {"script":"<script> [1562 bytes]","args":[{"selector":{"id":"application-manageresources-display-component---newResourceUnit--WEIGHT_UNIT","interaction":{"idSuffix":"inner"}},"wdio_ui5_key":"applicationmanageresources-display-component---newResourceUnit--WEIGHT_UNIT"}]}
RESULT: {"script":"<script> [1562 bytes]","args":[{"selector":{"id":"application-manageresources-display-component---newResourceUnit--WEIGHT_UNIT","interaction":{"idSuffix":"inner"}},"wdio_ui5_key":"applicationmanageresources-display-component---newResourceUnit--WEIGHT_UNIT"}]}
RESULT: undefined
COMMAND: POST /session/79689850af1d41ef46dc131fe5890470/execute/async - {"script":"<script> [776 bytes]","args":[{"enterText":"Gram","selector":{"id":"application-manageresources-display-component---newResourceUnit--WEIGHT_UNIT","interaction":{"idSuffix":"inner"}},"clearTextFirst":true,"interactionType":"ENTER_TEXT"}]}
RESULT: {"script":"<script> [776 bytes]","args":[{"enterText":"Gram","selector":{"id":"application-manageresources-display-component---newResourceUnit--WEIGHT_UNIT","interaction":{"idSuffix":"inner"}},"clearTextFirst":true,"interactionType":"ENTER_TEXT"}]}
COMMAND: POST /session/79689850af1d41ef46dc131fe5890470/execute/async - {"script":"<script> [1562 bytes]","args":[{"selector":{"id":"application-manageresources-display-component---newResourceUnit--DIMENSION_UNIT","interaction":{"idSuffix":"inner"}},"wdio_ui5_key":"applicationmanageresources-display-component---newResourceUnit--DIMENSION_UNIT"}]}
RESULT: {"script":"<script> [1562 bytes]","args":[{"selector":{"id":"application-manageresources-display-component---newResourceUnit--DIMENSION_UNIT","interaction":{"idSuffix":"inner"}},"wdio_ui5_key":"applicationmanageresources-display-component---newResourceUnit--DIMENSION_UNIT"}]}
RESULT: undefined
COMMAND: POST /session/79689850af1d41ef46dc131fe5890470/execute/async - {"script":"<script> [776 bytes]","args":[{"enterText":"Meter","selector":{"id":"application-manageresources-display-component---newResourceUnit--DIMENSION_UNIT","interaction":{"idSuffix":"inner"}},"clearTextFirst":true,"interactionType":"ENTER_TEXT"}]}
RESULT: {"script":"<script> [776 bytes]","args":[{"enterText":"Meter","selector":{"id":"application-manageresources-display-component---newResourceUnit--DIMENSION_UNIT","interaction":{"idSuffix":"inner"}},"clearTextFirst":true,"interactionType":"ENTER_TEXT"}]}
COMMAND: POST /session/79689850af1d41ef46dc131fe5890470/execute/async - {"script":"<script> [1562 bytes]","args":[{"selector":{"id":"application-manageresources-display-component---newResourceUnit--newRRUPage-anchBar-application-manageresources-display-component---newResourceUnit--control-anchor","interaction":{"idSuffix":"BDI-content"}},"wdio_ui5_key":"applicationmanageresources-display-component---newResourceUnit--newRRUPage-anchBar-application-manageresources-display-component---newResourceUnit--control-anchor"}]}
RESULT: {"script":"<script> [1562 bytes]","args":[{"selector":{"id":"application-manageresources-display-component---newResourceUnit--newRRUPage-anchBar-application-manageresources-display-component---newResourceUnit--control-anchor","interaction":{"idSuffix":"BDI-content"}},"wdio_ui5_key":"applicationmanageresources-display-component---newResourceUnit--newRRUPage-anchBar-application-manageresources-display-component---newResourceUnit--control-anchor"}]}
RESULT: undefined
COMMAND: POST /session/79689850af1d41ef46dc131fe5890470/element - {"using":"xpath","value":"//*[@id=\"application-manageresources-display-component---newResourceUnit--newRRUPage-anchBar-application-manageresources-display-component---newResourceUnit--control-anchor\"]"}
RESULT: {"using":"xpath","value":"//*[@id=\"application-manageresources-display-component---newResourceUnit--newRRUPage-anchBar-application-manageresources-display-component---newResourceUnit--control-anchor\"]"}
COMMAND: POST /session/79689850af1d41ef46dc131fe5890470/element/f.3A2B8E27F6B6549B06BE95D0839BE483.d.38C8B06BE6E24666B4E8076DD5D774B5.e.19411/click - {}
RESULT: {}
COMMAND: POST /session/79689850af1d41ef46dc131fe5890470/execute/async - {"script":"<script> [1562 bytes]","args":[{"selector":{"id":"application-manageresources-display-component---newResourceUnit--PLANNING_GROUP","interaction":{"idSuffix":"inner"}},"wdio_ui5_key":"applicationmanageresources-display-component---newResourceUnit--PLANNING_GROUP"}]}
COMMAND: GET /session/79689850af1d41ef46dc131fe5890470/screenshot - {}
RESULT: {"script":"<script> [1562 bytes]","args":[{"selector":{"id":"application-manageresources-display-component---newResourceUnit--PLANNING_GROUP","interaction":{"idSuffix":"inner"}},"wdio_ui5_key":"applicationmanageresources-display-component---newResourceUnit--PLANNING_GROUP"}]}
RESULT: undefined
COMMAND: POST /session/79689850af1d41ef46dc131fe5890470/execute/async - {"script":"<script> [776 bytes]","args":[{"enterText":"Heavy Equi","selector":{"id":"application-manageresources-display-component---newResourceUnit--PLANNING_GROUP","interaction":{"idSuffix":"inner"}},"clearTextFirst":true,"interactionType":"ENTER_TEXT"}]}
RESULT: {}
RESULT: {"script":"<script> [776 bytes]","args":[{"enterText":"Heavy Equi","selector":{"id":"application-manageresources-display-component---newResourceUnit--PLANNING_GROUP","interaction":{"idSuffix":"inner"}},"clearTextFirst":true,"interactionType":"ENTER_TEXT"}]}
COMMAND: POST /session/79689850af1d41ef46dc131fe5890470/execute/async - {"script":"<script> [1562 bytes]","args":[{"selector":{"id":"application-manageresources-display-component---newResourceUnit--ITEM_TYPE-arrow"},"wdio_ui5_key":"applicationmanageresources-display-component---newResourceUnit--ITEM_TYPE-arrow"}]}
RESULT: {"script":"<script> [1562 bytes]","args":[{"selector":{"id":"application-manageresources-display-component---newResourceUnit--ITEM_TYPE-arrow"},"wdio_ui5_key":"applicationmanageresources-display-component---newResourceUnit--ITEM_TYPE-arrow"}]}
RESULT: undefined
COMMAND: POST /session/79689850af1d41ef46dc131fe5890470/element - {"using":"xpath","value":"//*[@id=\"application-manageresources-display-component---newResourceUnit--ITEM_TYPE-arrow\"]"}
RESULT: {"using":"xpath","value":"//*[@id=\"application-manageresources-display-component---newResourceUnit--ITEM_TYPE-arrow\"]"}
COMMAND: POST /session/79689850af1d41ef46dc131fe5890470/element/f.3A2B8E27F6B6549B06BE95D0839BE483.d.38C8B06BE6E24666B4E8076DD5D774B5.e.19419/click - {}
RESULT: {}
COMMAND: POST /session/79689850af1d41ef46dc131fe5890470/element - {"using":"xpath","value":"(//span[contains(text(), \"Resource Unit\")])[2]"}
COMMAND: GET /session/79689850af1d41ef46dc131fe5890470/screenshot - {}
RESULT: {"using":"xpath","value":"(//span[contains(text(), \"Resource Unit\")])[2]"}
COMMAND: POST /session/79689850af1d41ef46dc131fe5890470/element/f.3A2B8E27F6B6549B06BE95D0839BE483.d.38C8B06BE6E24666B4E8076DD5D774B5.e.19420/click - {}
RESULT: {}
RESULT: {}
COMMAND: GET /session/79689850af1d41ef46dc131fe5890470/screenshot - {}
RESULT: {}
COMMAND: POST /session/79689850af1d41ef46dc131fe5890470/element - {"using":"css selector","value":"#application-manageresources-display-component---newResourceUnit--btnAddTimeSegment"}
RESULT: {"using":"css selector","value":"#application-manageresources-display-component---newResourceUnit--btnAddTimeSegment"}
COMMAND: GET /session/79689850af1d41ef46dc131fe5890470/element/f.3A2B8E27F6B6549B06BE95D0839BE483.d.38C8B06BE6E24666B4E8076DD5D774B5.e.19421/rect - {}
RESULT: {}
COMMAND: GET /session/79689850af1d41ef46dc131fe5890470/window/rect - {}
RESULT: {}
COMMAND: POST /session/79689850af1d41ef46dc131fe5890470/execute/sync - {"script":"<script> [92 bytes]","args":[]}
RESULT: {"script":"<script> [92 bytes]","args":[]}
COMMAND: POST /session/79689850af1d41ef46dc131fe5890470/actions - {"actions":[{"id":"action67","type":"wheel","parameters":{},"actions":[{"type":"scroll","x":-1888,"y":-32,"deltaX":0,"deltaY":0,"duration":0,"origin":{"element-6066-11e4-a52e-4f735466cecf":"f.3A2B8E27F6B6549B06BE95D0839BE483.d.38C8B06BE6E24666B4E8076DD5D774B5.e.19421"}}]}]}
COMMAND: GET /session/79689850af1d41ef46dc131fe5890470/screenshot - {}
RESULT: {}
COMMAND: POST /session/79689850af1d41ef46dc131fe5890470/execute/sync - {"script":"<script> [79 bytes]","args":[{"element-6066-11e4-a52e-4f735466cecf":"f.3A2B8E27F6B6549B06BE95D0839BE483.d.38C8B06BE6E24666B4E8076DD5D774B5.e.19421","ELEMENT":"f.3A2B8E27F6B6549B06BE95D0839BE483.d.38C8B06BE6E24666B4E8076DD5D774B5.e.19421"},{"block":"start","inline":"nearest"}]}
RESULT: {"script":"<script> [79 bytes]","args":[{"element-6066-11e4-a52e-4f735466cecf":"f.3A2B8E27F6B6549B06BE95D0839BE483.d.38C8B06BE6E24666B4E8076DD5D774B5.e.19421","ELEMENT":"f.3A2B8E27F6B6549B06BE95D0839BE483.d.38C8B06BE6E24666B4E8076DD5D774B5.e.19421"},{"block":"start","inline":"nearest"}]}
COMMAND: POST /session/79689850af1d41ef46dc131fe5890470/execute/async - {"script":"<script> [1562 bytes]","args":[{"selector":{"id":"application-manageresources-display-component---newResourceUnit--btnAddTimeSegment","interaction":{"idSuffix":"inner"}},"wdio_ui5_key":"applicationmanageresources-display-component---newResourceUnit--btnAddTimeSegment"}]}
COMMAND: GET /session/79689850af1d41ef46dc131fe5890470/screenshot - {}
RESULT: {"script":"<script> [1562 bytes]","args":[{"selector":{"id":"application-manageresources-display-component---newResourceUnit--btnAddTimeSegment","interaction":{"idSuffix":"inner"}},"wdio_ui5_key":"applicationmanageresources-display-component---newResourceUnit--btnAddTimeSegment"}]}
RESULT: undefined
COMMAND: POST /session/79689850af1d41ef46dc131fe5890470/element - {"using":"xpath","value":"//*[@id=\"application-manageresources-display-component---newResourceUnit--btnAddTimeSegment\"]"}
RESULT: {}
RESULT: {"using":"xpath","value":"//*[@id=\"application-manageresources-display-component---newResourceUnit--btnAddTimeSegment\"]"}
COMMAND: POST /session/79689850af1d41ef46dc131fe5890470/element/f.3A2B8E27F6B6549B06BE95D0839BE483.d.38C8B06BE6E24666B4E8076DD5D774B5.e.19421/click - {}
RESULT: {}
COMMAND: GET /session/79689850af1d41ef46dc131fe5890470/screenshot - {}
RESULT: {}
COMMAND: POST /session/79689850af1d41ef46dc131fe5890470/element - {"using":"xpath","value":"//input[@id=\"application-manageresources-display-component---newResourceUnit--idRuTSAdmin-application-manageresources-display-component---newResourceUnit--RUTimeSegment-0-inner\"]"}
RESULT: {"using":"xpath","value":"//input[@id=\"application-manageresources-display-component---newResourceUnit--idRuTSAdmin-application-manageresources-display-component---newResourceUnit--RUTimeSegment-0-inner\"]"}
COMMAND: POST /session/79689850af1d41ef46dc131fe5890470/element/f.3A2B8E27F6B6549B06BE95D0839BE483.d.38C8B06BE6E24666B4E8076DD5D774B5.e.19427/clear - {}
RESULT: {}
COMMAND: POST /session/79689850af1d41ef46dc131fe5890470/element/f.3A2B8E27F6B6549B06BE95D0839BE483.d.38C8B06BE6E24666B4E8076DD5D774B5.e.19427/value - {"text":"492"}
COMMAND: GET /session/79689850af1d41ef46dc131fe5890470/screenshot - {}
RESULT: {"text":"492"}
COMMAND: GET /session/79689850af1d41ef46dc131fe5890470/screenshot - {}
RESULT: {}
RESULT: {}
COMMAND: POST /session/79689850af1d41ef46dc131fe5890470/element - {"using":"xpath","value":"//li[.//span[text()='492']]"}
RESULT: {"using":"xpath","value":"//li[.//span[text()='492']]"}
COMMAND: POST /session/79689850af1d41ef46dc131fe5890470/element/f.3A2B8E27F6B6549B06BE95D0839BE483.d.38C8B06BE6E24666B4E8076DD5D774B5.e.19439/click - {}
RESULT: {}
COMMAND: GET /session/79689850af1d41ef46dc131fe5890470/screenshot - {}
RESULT: {}
COMMAND: POST /session/79689850af1d41ef46dc131fe5890470/element - {"using":"xpath","value":"(//span[contains(@id, \"-application-manageresources-display-component---newResourceUnit--RUTimeSegment-0-arrow\")])[6]"}
RESULT: {"using":"xpath","value":"(//span[contains(@id, \"-application-manageresources-display-component---newResourceUnit--RUTimeSegment-0-arrow\")])[6]"}
COMMAND: POST /session/79689850af1d41ef46dc131fe5890470/element/f.3A2B8E27F6B6549B06BE95D0839BE483.d.38C8B06BE6E24666B4E8076DD5D774B5.e.19440/click - {}
RESULT: {}
COMMAND: GET /session/79689850af1d41ef46dc131fe5890470/screenshot - {}
RESULT: {}
COMMAND: POST /session/79689850af1d41ef46dc131fe5890470/element - {"using":"xpath","value":"//span[contains(text(), \"PM Order\")]"}
RESULT: {"using":"xpath","value":"//span[contains(text(), \"PM Order\")]"}
COMMAND: POST /session/79689850af1d41ef46dc131fe5890470/element/f.3A2B8E27F6B6549B06BE95D0839BE483.d.38C8B06BE6E24666B4E8076DD5D774B5.e.19443/click - {}
RESULT: {}
COMMAND: GET /session/79689850af1d41ef46dc131fe5890470/screenshot - {}
RESULT: {}
COMMAND: POST /session/79689850af1d41ef46dc131fe5890470/element - {"using":"xpath","value":"(//span[contains(@id ,\"manageresources-display-component---newResourceUnit--RUTimeSegment-0-vhi\")])[1]"}
RESULT: {"using":"xpath","value":"(//span[contains(@id ,\"manageresources-display-component---newResourceUnit--RUTimeSegment-0-vhi\")])[1]"}
COMMAND: GET /session/79689850af1d41ef46dc131fe5890470/element/f.3A2B8E27F6B6549B06BE95D0839BE483.d.38C8B06BE6E24666B4E8076DD5D774B5.e.19447/rect - {}
RESULT: {}
COMMAND: GET /session/79689850af1d41ef46dc131fe5890470/window/rect - {}
RESULT: {}
COMMAND: POST /session/79689850af1d41ef46dc131fe5890470/execute/sync - {"script":"<script> [92 bytes]","args":[]}
RESULT: {"script":"<script> [92 bytes]","args":[]}
COMMAND: POST /session/79689850af1d41ef46dc131fe5890470/actions - {"actions":[{"id":"action68","type":"wheel","parameters":{},"actions":[{"type":"scroll","x":-869,"y":-24,"deltaX":0,"deltaY":0,"duration":0,"origin":{"element-6066-11e4-a52e-4f735466cecf":"f.3A2B8E27F6B6549B06BE95D0839BE483.d.38C8B06BE6E24666B4E8076DD5D774B5.e.19447"}}]}]}
COMMAND: GET /session/79689850af1d41ef46dc131fe5890470/screenshot - {}
RESULT: {"actions":[{"id":"action68","type":"wheel","parameters":{},"actions":[{"type":"scroll","x":-869,"y":-24,"deltaX":0,"deltaY":0,"duration":0,"origin":{"element-6066-11e4-a52e-4f735466cecf":"f.3A2B8E27F6B6549B06BE95D0839BE483.d.38C8B06BE6E24666B4E8076DD5D774B5.e.19447"}}]}]}
COMMAND: DELETE /session/79689850af1d41ef46dc131fe5890470/actions - {}
COMMAND: GET /session/79689850af1d41ef46dc131fe5890470/screenshot - {}
RESULT: {}
RESULT: {}
COMMAND: GET /session/79689850af1d41ef46dc131fe5890470/screenshot - {}
RESULT: {}
RESULT: {}
COMMAND: POST /session/79689850af1d41ef46dc131fe5890470/element/f.3A2B8E27F6B6549B06BE95D0839BE483.d.38C8B06BE6E24666B4E8076DD5D774B5.e.19447/click - {}
RESULT: {}
COMMAND: GET /session/79689850af1d41ef46dc131fe5890470/screenshot - {}
RESULT: {}
COMMAND: POST /session/79689850af1d41ef46dc131fe5890470/execute/async - {"script":"<script> [1562 bytes]","args":[{"selector":{"controlType":"sap.m.SearchField","properties":{"placeholder":"Search"},"searchOpenDialogs":true,"interaction":{"idSuffix":"I"}},"wdio_ui5_key":"sapm.SearchField{\"placeholder\":\"Search\"}"}]}
RESULT: {"script":"<script> [1562 bytes]","args":[{"selector":{"controlType":"sap.m.SearchField","properties":{"placeholder":"Search"},"searchOpenDialogs":true,"interaction":{"idSuffix":"I"}},"wdio_ui5_key":"sapm.SearchField{\"placeholder\":\"Search\"}"}]}
RESULT: undefined
COMMAND: POST /session/79689850af1d41ef46dc131fe5890470/execute/async - {"script":"<script> [776 bytes]","args":[{"enterText":"4000360","selector":{"controlType":"sap.m.SearchField","properties":{"placeholder":"Search"},"searchOpenDialogs":true,"interaction":{"idSuffix":"I"}},"clearTextFirst":true,"interactionType":"ENTER_TEXT"}]}
RESULT: {"script":"<script> [776 bytes]","args":[{"enterText":"4000360","selector":{"controlType":"sap.m.SearchField","properties":{"placeholder":"Search"},"searchOpenDialogs":true,"interaction":{"idSuffix":"I"}},"clearTextFirst":true,"interactionType":"ENTER_TEXT"}]}
COMMAND: POST /session/79689850af1d41ef46dc131fe5890470/actions - {"actions":[{"id":"action69","type":"key","parameters":{},"actions":[{"type":"keyDown","value":"î€‡"},{"type":"pause","duration":10},{"type":"keyUp","value":"î€‡"}]}]}
RESULT: {"actions":[{"id":"action69","type":"key","parameters":{},"actions":[{"type":"keyDown","value":"î€‡"},{"type":"pause","duration":10},{"type":"keyUp","value":"î€‡"}]}]}
COMMAND: GET /session/79689850af1d41ef46dc131fe5890470/screenshot - {}
RESULT: {}
COMMAND: POST /session/79689850af1d41ef46dc131fe5890470/element - {"using":"xpath","value":"//td/div/span[contains(text(), \"BGL Vehicles\")]"}
RESULT: {"using":"xpath","value":"//td/div/span[contains(text(), \"BGL Vehicles\")]"}
COMMAND: POST /session/79689850af1d41ef46dc131fe5890470/element/f.3A2B8E27F6B6549B06BE95D0839BE483.d.38C8B06BE6E24666B4E8076DD5D774B5.e.19469/click - {}
RESULT: {}
COMMAND: GET /session/79689850af1d41ef46dc131fe5890470/screenshot - {}
RESULT: {}
COMMAND: POST /session/79689850af1d41ef46dc131fe5890470/element - {"using":"xpath","value":"//bdi[contains(text(), \"OK\")]"}
RESULT: {"using":"xpath","value":"//bdi[contains(text(), \"OK\")]"}
COMMAND: POST /session/79689850af1d41ef46dc131fe5890470/element/f.3A2B8E27F6B6549B06BE95D0839BE483.d.38C8B06BE6E24666B4E8076DD5D774B5.e.19470/click - {}
RESULT: {}
COMMAND: GET /session/79689850af1d41ef46dc131fe5890470/screenshot - {}
RESULT: {}
COMMAND: POST /session/79689850af1d41ef46dc131fe5890470/execute/async - {"script":"<script> [1562 bytes]","args":[{"selector":{"id":"application-manageresources-display-component---newResourceUnit--newRRUPage-anchBar-application-manageresources-display-component---newResourceUnit--resource-anchor","interaction":{"idSuffix":"BDI-content"}},"wdio_ui5_key":"applicationmanageresources-display-component---newResourceUnit--newRRUPage-anchBar-application-manageresources-display-component---newResourceUnit--resource-anchor"}]}
RESULT: {"script":"<script> [1562 bytes]","args":[{"selector":{"id":"application-manageresources-display-component---newResourceUnit--newRRUPage-anchBar-application-manageresources-display-component---newResourceUnit--resource-anchor","interaction":{"idSuffix":"BDI-content"}},"wdio_ui5_key":"applicationmanageresources-display-component---newResourceUnit--newRRUPage-anchBar-application-manageresources-display-component---newResourceUnit--resource-anchor"}]}
RESULT: undefined
COMMAND: POST /session/79689850af1d41ef46dc131fe5890470/element - {"using":"xpath","value":"//*[@id=\"application-manageresources-display-component---newResourceUnit--newRRUPage-anchBar-application-manageresources-display-component---newResourceUnit--resource-anchor\"]"}
RESULT: {"using":"xpath","value":"//*[@id=\"application-manageresources-display-component---newResourceUnit--newRRUPage-anchBar-application-manageresources-display-component---newResourceUnit--resource-anchor\"]"}
COMMAND: POST /session/79689850af1d41ef46dc131fe5890470/element/f.3A2B8E27F6B6549B06BE95D0839BE483.d.38C8B06BE6E24666B4E8076DD5D774B5.e.19474/click - {}
RESULT: {}
COMMAND: POST /session/79689850af1d41ef46dc131fe5890470/execute/async - {"script":"<script> [1562 bytes]","args":[{"selector":{"id":"application-manageresources-display-component---newResourceUnit--PLANNED_DELIVERY_DATE","interaction":{"idSuffix":"inner"}},"wdio_ui5_key":"applicationmanageresources-display-component---newResourceUnit--PLANNED_DELIVERY_DATE"}]}
COMMAND: GET /session/79689850af1d41ef46dc131fe5890470/screenshot - {}
RESULT: {"script":"<script> [1562 bytes]","args":[{"selector":{"id":"application-manageresources-display-component---newResourceUnit--PLANNED_DELIVERY_DATE","interaction":{"idSuffix":"inner"}},"wdio_ui5_key":"applicationmanageresources-display-component---newResourceUnit--PLANNED_DELIVERY_DATE"}]}
RESULT: undefined
COMMAND: POST /session/79689850af1d41ef46dc131fe5890470/execute/async - {"script":"<script> [6424 bytes]","args":[{"element-6066-11e4-a52e-4f735466cecf":"f.3A2B8E27F6B6549B06BE95D0839BE483.d.38C8B06BE6E24666B4E8076DD5D774B5.e.19333"},"setValue",["5/2/25"]]}
RESULT: {}
RESULT: {"script":"<script> [6424 bytes]","args":[{"element-6066-11e4-a52e-4f735466cecf":"f.3A2B8E27F6B6549B06BE95D0839BE483.d.38C8B06BE6E24666B4E8076DD5D774B5.e.19333"},"setValue",["5/2/25"]]}
COMMAND: POST /session/79689850af1d41ef46dc131fe5890470/element - {"using":"xpath","value":"//button[@data-kt=\"resourceUnitSaveButton\"]"}
RESULT: {"using":"xpath","value":"//button[@data-kt=\"resourceUnitSaveButton\"]"}
COMMAND: POST /session/79689850af1d41ef46dc131fe5890470/element/f.3A2B8E27F6B6549B06BE95D0839BE483.d.38C8B06BE6E24666B4E8076DD5D774B5.e.19293/click - {}
RESULT: {}
COMMAND: GET /session/79689850af1d41ef46dc131fe5890470/screenshot - {}
RESULT: {}
COMMAND: POST /session/79689850af1d41ef46dc131fe5890470/element - {"using":"xpath","value":"//bdi[contains(text(), \"Close\")]"}
RESULT: {"using":"xpath","value":"//bdi[contains(text(), \"Close\")]"}
COMMAND: POST /session/79689850af1d41ef46dc131fe5890470/element/f.3A2B8E27F6B6549B06BE95D0839BE483.d.38C8B06BE6E24666B4E8076DD5D774B5.e.19484/click - {}
RESULT: {}
COMMAND: GET /session/79689850af1d41ef46dc131fe5890470/screenshot - {}
RESULT: {}
COMMAND: POST /session/79689850af1d41ef46dc131fe5890470/element - {"using":"xpath","value":"(//button[contains(@id ,\"actionsToolbar-overflowButton\")])[1]"}
RESULT: {"using":"xpath","value":"(//button[contains(@id ,\"actionsToolbar-overflowButton\")])[1]"}
COMMAND: POST /session/79689850af1d41ef46dc131fe5890470/element/f.3A2B8E27F6B6549B06BE95D0839BE483.d.38C8B06BE6E24666B4E8076DD5D774B5.e.19538/click - {}
RESULT: {}
COMMAND: GET /session/79689850af1d41ef46dc131fe5890470/screenshot - {}
RESULT: {}
COMMAND: POST /session/79689850af1d41ef46dc131fe5890470/element - {"using":"xpath","value":"//button[@data-kt=\"priceInfoButton\"]"}
RESULT: {"using":"xpath","value":"//button[@data-kt=\"priceInfoButton\"]"}
COMMAND: POST /session/79689850af1d41ef46dc131fe5890470/element/f.3A2B8E27F6B6549B06BE95D0839BE483.d.38C8B06BE6E24666B4E8076DD5D774B5.e.19540/click - {}
RESULT: {}
COMMAND: GET /session/79689850af1d41ef46dc131fe5890470/screenshot - {}
RESULT: {}
]]></system-out>
    </testcase>
    <testcase classname="chrome.135_0_7049_96.windows.Billing_Calculation_-_Time_based_(considering_transport_times)_US139738" name="Should create new pricing rule for the equipment" time="48.245">
      <system-out><![CDATA[
COMMAND: POST /session/79689850af1d41ef46dc131fe5890470/element - {"using":"xpath","value":"//button[@data-kt=\"addButton\"]"}
RESULT: {"using":"xpath","value":"//button[@data-kt=\"addButton\"]"}
COMMAND: POST /session/79689850af1d41ef46dc131fe5890470/elements - {"using":"xpath","value":"//button[@data-kt=\"addButton\"]"}
RESULT: {"using":"xpath","value":"//button[@data-kt=\"addButton\"]"}
COMMAND: POST /session/79689850af1d41ef46dc131fe5890470/element - {"using":"xpath","value":"//button[@data-kt=\"addButton\"]"}
RESULT: {"using":"xpath","value":"//button[@data-kt=\"addButton\"]"}
COMMAND: POST /session/79689850af1d41ef46dc131fe5890470/execute/sync - {"script":"<script> [8489 bytes]","args":[{"element-6066-11e4-a52e-4f735466cecf":"f.3A2B8E27F6B6549B06BE95D0839BE483.d.38C8B06BE6E24666B4E8076DD5D774B5.e.19576","ELEMENT":"f.3A2B8E27F6B6549B06BE95D0839BE483.d.38C8B06BE6E24666B4E8076DD5D774B5.e.19576"}]}
RESULT: {"script":"<script> [8489 bytes]","args":[{"element-6066-11e4-a52e-4f735466cecf":"f.3A2B8E27F6B6549B06BE95D0839BE483.d.38C8B06BE6E24666B4E8076DD5D774B5.e.19576","ELEMENT":"f.3A2B8E27F6B6549B06BE95D0839BE483.d.38C8B06BE6E24666B4E8076DD5D774B5.e.19576"}]}
COMMAND: GET /session/79689850af1d41ef46dc131fe5890470/element/f.3A2B8E27F6B6549B06BE95D0839BE483.d.38C8B06BE6E24666B4E8076DD5D774B5.e.19576/enabled - {}
COMMAND: GET /session/79689850af1d41ef46dc131fe5890470/screenshot - {}
RESULT: {}
COMMAND: POST /session/79689850af1d41ef46dc131fe5890470/execute/sync - {"script":"<script> [8489 bytes]","args":[{"element-6066-11e4-a52e-4f735466cecf":"f.3A2B8E27F6B6549B06BE95D0839BE483.d.38C8B06BE6E24666B4E8076DD5D774B5.e.19576","ELEMENT":"f.3A2B8E27F6B6549B06BE95D0839BE483.d.38C8B06BE6E24666B4E8076DD5D774B5.e.19576"}]}
COMMAND: GET /session/79689850af1d41ef46dc131fe5890470/screenshot - {}
RESULT: {}
RESULT: {"script":"<script> [8489 bytes]","args":[{"element-6066-11e4-a52e-4f735466cecf":"f.3A2B8E27F6B6549B06BE95D0839BE483.d.38C8B06BE6E24666B4E8076DD5D774B5.e.19576","ELEMENT":"f.3A2B8E27F6B6549B06BE95D0839BE483.d.38C8B06BE6E24666B4E8076DD5D774B5.e.19576"}]}
COMMAND: POST /session/79689850af1d41ef46dc131fe5890470/execute/sync - {"script":"<script> [5351 bytes]","args":[{"element-6066-11e4-a52e-4f735466cecf":"f.3A2B8E27F6B6549B06BE95D0839BE483.d.38C8B06BE6E24666B4E8076DD5D774B5.e.19576","ELEMENT":"f.3A2B8E27F6B6549B06BE95D0839BE483.d.38C8B06BE6E24666B4E8076DD5D774B5.e.19576"}]}
COMMAND: GET /session/79689850af1d41ef46dc131fe5890470/screenshot - {}
RESULT: {}
RESULT: {"script":"<script> [5351 bytes]","args":[{"element-6066-11e4-a52e-4f735466cecf":"f.3A2B8E27F6B6549B06BE95D0839BE483.d.38C8B06BE6E24666B4E8076DD5D774B5.e.19576","ELEMENT":"f.3A2B8E27F6B6549B06BE95D0839BE483.d.38C8B06BE6E24666B4E8076DD5D774B5.e.19576"}]}
COMMAND: POST /session/79689850af1d41ef46dc131fe5890470/element/f.3A2B8E27F6B6549B06BE95D0839BE483.d.38C8B06BE6E24666B4E8076DD5D774B5.e.19576/click - {}
COMMAND: GET /session/79689850af1d41ef46dc131fe5890470/screenshot - {}
RESULT: {}
RESULT: {}
COMMAND: GET /session/79689850af1d41ef46dc131fe5890470/screenshot - {}
RESULT: {}
RESULT: {}
COMMAND: POST /session/79689850af1d41ef46dc131fe5890470/execute/async - {"script":"<script> [1562 bytes]","args":[{"selector":{"controlType":"sap.m.Title","viewName":"etm.portal.ui.managepricingrules.view.NewItem","viewId":"application-managepricingrules-display-component---newInfoPriceItem","properties":{"text":"New Pricing Rules - Item Level"}},"wdio_ui5_key":"etmportal.ui.managepricingrules.view.NewItemsap.m.Title{\"text\":\"New Pricing Rules - Item Level\"}"}]}
RESULT: {"script":"<script> [1562 bytes]","args":[{"selector":{"controlType":"sap.m.Title","viewName":"etm.portal.ui.managepricingrules.view.NewItem","viewId":"application-managepricingrules-display-component---newInfoPriceItem","properties":{"text":"New Pricing Rules - Item Level"}},"wdio_ui5_key":"etmportal.ui.managepricingrules.view.NewItemsap.m.Title{\"text\":\"New Pricing Rules - Item Level\"}"}]}
RESULT: undefined
COMMAND: POST /session/79689850af1d41ef46dc131fe5890470/execute/async - {"script":"<script> [6424 bytes]","args":[{"element-6066-11e4-a52e-4f735466cecf":"f.3A2B8E27F6B6549B06BE95D0839BE483.d.38C8B06BE6E24666B4E8076DD5D774B5.e.19736"},"getText",[]]}
RESULT: {"script":"<script> [6424 bytes]","args":[{"element-6066-11e4-a52e-4f735466cecf":"f.3A2B8E27F6B6549B06BE95D0839BE483.d.38C8B06BE6E24666B4E8076DD5D774B5.e.19736"},"getText",[]]}
COMMAND: POST /session/79689850af1d41ef46dc131fe5890470/execute/async - {"script":"<script> [1562 bytes]","args":[{"selector":{"id":"application-managepricingrules-display-component---newInfoPriceItem--condValidTo","interaction":{"idSuffix":"inner"}},"wdio_ui5_key":"applicationmanagepricingrules-display-component---newInfoPriceItem--condValidTo"}]}
RESULT: {"script":"<script> [1562 bytes]","args":[{"selector":{"id":"application-managepricingrules-display-component---newInfoPriceItem--condValidTo","interaction":{"idSuffix":"inner"}},"wdio_ui5_key":"applicationmanagepricingrules-display-component---newInfoPriceItem--condValidTo"}]}
RESULT: undefined
COMMAND: POST /session/79689850af1d41ef46dc131fe5890470/execute/async - {"script":"<script> [776 bytes]","args":[{"enterText":"01/02/26","selector":{"id":"application-managepricingrules-display-component---newInfoPriceItem--condValidTo","interaction":{"idSuffix":"inner"}},"clearTextFirst":true,"interactionType":"ENTER_TEXT"}]}
RESULT: {"script":"<script> [776 bytes]","args":[{"enterText":"01/02/26","selector":{"id":"application-managepricingrules-display-component---newInfoPriceItem--condValidTo","interaction":{"idSuffix":"inner"}},"clearTextFirst":true,"interactionType":"ENTER_TEXT"}]}
COMMAND: POST /session/79689850af1d41ef46dc131fe5890470/execute/async - {"script":"<script> [1562 bytes]","args":[{"selector":{"id":"application-managepricingrules-display-component---newInfoPriceItem--billType-arrow"},"wdio_ui5_key":"applicationmanagepricingrules-display-component---newInfoPriceItem--billType-arrow"}]}
RESULT: {"script":"<script> [1562 bytes]","args":[{"selector":{"id":"application-managepricingrules-display-component---newInfoPriceItem--billType-arrow"},"wdio_ui5_key":"applicationmanagepricingrules-display-component---newInfoPriceItem--billType-arrow"}]}
RESULT: undefined
COMMAND: POST /session/79689850af1d41ef46dc131fe5890470/element - {"using":"xpath","value":"//*[@id=\"application-managepricingrules-display-component---newInfoPriceItem--billType-arrow\"]"}
RESULT: {"using":"xpath","value":"//*[@id=\"application-managepricingrules-display-component---newInfoPriceItem--billType-arrow\"]"}
COMMAND: POST /session/79689850af1d41ef46dc131fe5890470/element/f.3A2B8E27F6B6549B06BE95D0839BE483.d.38C8B06BE6E24666B4E8076DD5D774B5.e.19738/click - {}
RESULT: {}
COMMAND: POST /session/79689850af1d41ef46dc131fe5890470/element - {"using":"xpath","value":"//span[contains(text(), \"TB - Time based\")]"}
COMMAND: GET /session/79689850af1d41ef46dc131fe5890470/screenshot - {}
RESULT: {"using":"xpath","value":"//span[contains(text(), \"TB - Time based\")]"}
COMMAND: POST /session/79689850af1d41ef46dc131fe5890470/element/f.3A2B8E27F6B6549B06BE95D0839BE483.d.38C8B06BE6E24666B4E8076DD5D774B5.e.19739/click - {}
RESULT: {}
RESULT: {}
COMMAND: POST /session/79689850af1d41ef46dc131fe5890470/execute/async - {"script":"<script> [1562 bytes]","args":[{"selector":{"id":"application-managepricingrules-display-component---newInfoPriceItem--priceProc-arrow"},"wdio_ui5_key":"applicationmanagepricingrules-display-component---newInfoPriceItem--priceProc-arrow"}]}
COMMAND: GET /session/79689850af1d41ef46dc131fe5890470/screenshot - {}
RESULT: {"script":"<script> [1562 bytes]","args":[{"selector":{"id":"application-managepricingrules-display-component---newInfoPriceItem--priceProc-arrow"},"wdio_ui5_key":"applicationmanagepricingrules-display-component---newInfoPriceItem--priceProc-arrow"}]}
RESULT: undefined
COMMAND: POST /session/79689850af1d41ef46dc131fe5890470/element - {"using":"xpath","value":"//*[@id=\"application-managepricingrules-display-component---newInfoPriceItem--priceProc-arrow\"]"}
RESULT: {}
RESULT: {"using":"xpath","value":"//*[@id=\"application-managepricingrules-display-component---newInfoPriceItem--priceProc-arrow\"]"}
COMMAND: POST /session/79689850af1d41ef46dc131fe5890470/element/f.3A2B8E27F6B6549B06BE95D0839BE483.d.38C8B06BE6E24666B4E8076DD5D774B5.e.19701/click - {}
RESULT: {}
COMMAND: POST /session/79689850af1d41ef46dc131fe5890470/element - {"using":"xpath","value":"//span[contains(text(), \"TBS - Time based standard\")]"}
COMMAND: GET /session/79689850af1d41ef46dc131fe5890470/screenshot - {}
RESULT: {"using":"xpath","value":"//span[contains(text(), \"TBS - Time based standard\")]"}
COMMAND: POST /session/79689850af1d41ef46dc131fe5890470/element/f.3A2B8E27F6B6549B06BE95D0839BE483.d.38C8B06BE6E24666B4E8076DD5D774B5.e.19740/click - {}
RESULT: {}
RESULT: {}
COMMAND: POST /session/79689850af1d41ef46dc131fe5890470/execute/async - {"script":"<script> [1562 bytes]","args":[{"selector":{"id":"application-managepricingrules-display-component---newInfoPriceItem--calcBase-arrow"},"wdio_ui5_key":"applicationmanagepricingrules-display-component---newInfoPriceItem--calcBase-arrow"}]}
COMMAND: GET /session/79689850af1d41ef46dc131fe5890470/screenshot - {}
RESULT: {"script":"<script> [1562 bytes]","args":[{"selector":{"id":"application-managepricingrules-display-component---newInfoPriceItem--calcBase-arrow"},"wdio_ui5_key":"applicationmanagepricingrules-display-component---newInfoPriceItem--calcBase-arrow"}]}
RESULT: undefined
COMMAND: POST /session/79689850af1d41ef46dc131fe5890470/element - {"using":"xpath","value":"//*[@id=\"application-managepricingrules-display-component---newInfoPriceItem--calcBase-arrow\"]"}
RESULT: {}
RESULT: {"using":"xpath","value":"//*[@id=\"application-managepricingrules-display-component---newInfoPriceItem--calcBase-arrow\"]"}
COMMAND: POST /session/79689850af1d41ef46dc131fe5890470/element/f.3A2B8E27F6B6549B06BE95D0839BE483.d.38C8B06BE6E24666B4E8076DD5D774B5.e.19708/click - {}
RESULT: {}
COMMAND: GET /session/79689850af1d41ef46dc131fe5890470/screenshot - {}
RESULT: {}
COMMAND: POST /session/79689850af1d41ef46dc131fe5890470/element - {"using":"xpath","value":"//span[contains(text(), \"0006 - TB(calendar days)\")]"}
RESULT: {"using":"xpath","value":"//span[contains(text(), \"0006 - TB(calendar days)\")]"}
COMMAND: POST /session/79689850af1d41ef46dc131fe5890470/element/f.3A2B8E27F6B6549B06BE95D0839BE483.d.38C8B06BE6E24666B4E8076DD5D774B5.e.19741/click - {}
RESULT: {}
COMMAND: GET /session/79689850af1d41ef46dc131fe5890470/screenshot - {}
RESULT: {}
COMMAND: POST /session/79689850af1d41ef46dc131fe5890470/execute/async - {"script":"<script> [1562 bytes]","args":[{"selector":{"id":"application-managepricingrules-display-component---newInfoPriceItem--daysMonth","interaction":{"idSuffix":"inner"}},"wdio_ui5_key":"applicationmanagepricingrules-display-component---newInfoPriceItem--daysMonth"}]}
RESULT: {"script":"<script> [1562 bytes]","args":[{"selector":{"id":"application-managepricingrules-display-component---newInfoPriceItem--daysMonth","interaction":{"idSuffix":"inner"}},"wdio_ui5_key":"applicationmanagepricingrules-display-component---newInfoPriceItem--daysMonth"}]}
RESULT: undefined
COMMAND: POST /session/79689850af1d41ef46dc131fe5890470/execute/async - {"script":"<script> [776 bytes]","args":[{"enterText":"30","selector":{"id":"application-managepricingrules-display-component---newInfoPriceItem--daysMonth","interaction":{"idSuffix":"inner"}},"clearTextFirst":true,"interactionType":"ENTER_TEXT"}]}
RESULT: {"script":"<script> [776 bytes]","args":[{"enterText":"30","selector":{"id":"application-managepricingrules-display-component---newInfoPriceItem--daysMonth","interaction":{"idSuffix":"inner"}},"clearTextFirst":true,"interactionType":"ENTER_TEXT"}]}
COMMAND: POST /session/79689850af1d41ef46dc131fe5890470/element - {"using":"xpath","value":"//button[@data-kt=\"saveNewRuleButton\"]"}
RESULT: {"using":"xpath","value":"//button[@data-kt=\"saveNewRuleButton\"]"}
COMMAND: POST /session/79689850af1d41ef46dc131fe5890470/element/f.3A2B8E27F6B6549B06BE95D0839BE483.d.38C8B06BE6E24666B4E8076DD5D774B5.e.19725/click - {}
RESULT: {}
COMMAND: GET /session/79689850af1d41ef46dc131fe5890470/screenshot - {}
RESULT: {}
COMMAND: POST /session/79689850af1d41ef46dc131fe5890470/execute/async - {"script":"<script> [1562 bytes]","args":[{"selector":{"id":"application-managepricingrules-display-component---priceInfoItem--smartFilterBar-btnBasicSearch","interaction":{"idSuffix":"I"}},"wdio_ui5_key":"applicationmanagepricingrules-display-component---priceInfoItem--smartFilterBar-btnBasicSearch"}]}
RESULT: {"script":"<script> [1562 bytes]","args":[{"selector":{"id":"application-managepricingrules-display-component---priceInfoItem--smartFilterBar-btnBasicSearch","interaction":{"idSuffix":"I"}},"wdio_ui5_key":"applicationmanagepricingrules-display-component---priceInfoItem--smartFilterBar-btnBasicSearch"}]}
RESULT: undefined
COMMAND: POST /session/79689850af1d41ef46dc131fe5890470/execute/async - {"script":"<script> [776 bytes]","args":[{"enterText":"oMLc1UiaJW","selector":{"id":"application-managepricingrules-display-component---priceInfoItem--smartFilterBar-btnBasicSearch","interaction":{"idSuffix":"I"}},"clearTextFirst":true,"interactionType":"ENTER_TEXT"}]}
RESULT: {"script":"<script> [776 bytes]","args":[{"enterText":"oMLc1UiaJW","selector":{"id":"application-managepricingrules-display-component---priceInfoItem--smartFilterBar-btnBasicSearch","interaction":{"idSuffix":"I"}},"clearTextFirst":true,"interactionType":"ENTER_TEXT"}]}
COMMAND: POST /session/79689850af1d41ef46dc131fe5890470/actions - {"actions":[{"id":"action70","type":"key","parameters":{},"actions":[{"type":"keyDown","value":"î€‡"},{"type":"pause","duration":10},{"type":"keyUp","value":"î€‡"}]}]}
RESULT: {"actions":[{"id":"action70","type":"key","parameters":{},"actions":[{"type":"keyDown","value":"î€‡"},{"type":"pause","duration":10},{"type":"keyUp","value":"î€‡"}]}]}
COMMAND: GET /session/79689850af1d41ef46dc131fe5890470/screenshot - {}
RESULT: {}
COMMAND: POST /session/79689850af1d41ef46dc131fe5890470/element - {"using":"xpath","value":"//span[@id=\"application-managepricingrules-display-component---priceInfoItem--smartTable-header-inner\"]"}
RESULT: {"using":"xpath","value":"//span[@id=\"application-managepricingrules-display-component---priceInfoItem--smartTable-header-inner\"]"}
COMMAND: POST /session/79689850af1d41ef46dc131fe5890470/elements - {"using":"xpath","value":"//span[@id=\"application-managepricingrules-display-component---priceInfoItem--smartTable-header-inner\"]"}
RESULT: {"using":"xpath","value":"//span[@id=\"application-managepricingrules-display-component---priceInfoItem--smartTable-header-inner\"]"}
COMMAND: POST /session/79689850af1d41ef46dc131fe5890470/execute/sync - {"script":"<script> [56 bytes]","args":[{"element-6066-11e4-a52e-4f735466cecf":"f.3A2B8E27F6B6549B06BE95D0839BE483.d.38C8B06BE6E24666B4E8076DD5D774B5.e.19755","ELEMENT":"f.3A2B8E27F6B6549B06BE95D0839BE483.d.38C8B06BE6E24666B4E8076DD5D774B5.e.19755"}]}
RESULT: {"script":"<script> [56 bytes]","args":[{"element-6066-11e4-a52e-4f735466cecf":"f.3A2B8E27F6B6549B06BE95D0839BE483.d.38C8B06BE6E24666B4E8076DD5D774B5.e.19755","ELEMENT":"f.3A2B8E27F6B6549B06BE95D0839BE483.d.38C8B06BE6E24666B4E8076DD5D774B5.e.19755"}]}
COMMAND: POST /session/79689850af1d41ef46dc131fe5890470/element - {"using":"css selector","value":"#shell-header-logo"}
COMMAND: GET /session/79689850af1d41ef46dc131fe5890470/screenshot - {}
RESULT: {"using":"css selector","value":"#shell-header-logo"}
COMMAND: POST /session/79689850af1d41ef46dc131fe5890470/element/f.3A2B8E27F6B6549B06BE95D0839BE483.d.38C8B06BE6E24666B4E8076DD5D774B5.e.18873/click - {}
RESULT: {}
RESULT: {}
COMMAND: GET /session/79689850af1d41ef46dc131fe5890470/screenshot - {}
RESULT: {}
]]></system-out>
    </testcase>
    <testcase classname="chrome.135_0_7049_96.windows.Billing_Calculation_-_Time_based_(considering_transport_times)_US139738" name="Should create new pricing condition for the equipment" time="62.718">
      <system-out><![CDATA[
COMMAND: POST /session/79689850af1d41ef46dc131fe5890470/execute/async - {"script":"<script> [1562 bytes]","args":[{"selector":{"controlType":"sap.m.Text","properties":{"text":"Manage Conditions & Prices"},"interaction":{"idSuffix":"inner"}},"wdio_ui5_key":"sapm.Text{\"text\":\"Manage Conditions & Prices\"}"}]}
RESULT: {"script":"<script> [1562 bytes]","args":[{"selector":{"controlType":"sap.m.Text","properties":{"text":"Manage Conditions & Prices"},"interaction":{"idSuffix":"inner"}},"wdio_ui5_key":"sapm.Text{\"text\":\"Manage Conditions & Prices\"}"}]}
RESULT: undefined
COMMAND: POST /session/79689850af1d41ef46dc131fe5890470/element - {"using":"xpath","value":"//*[@id=\"__tile53-title\"]"}
RESULT: {"using":"xpath","value":"//*[@id=\"__tile53-title\"]"}
COMMAND: POST /session/79689850af1d41ef46dc131fe5890470/element/f.3A2B8E27F6B6549B06BE95D0839BE483.d.38C8B06BE6E24666B4E8076DD5D774B5.e.19758/click - {}
RESULT: {}
COMMAND: POST /session/79689850af1d41ef46dc131fe5890470/element - {"using":"xpath","value":"//button[@aria-label=\"Create\"]"}
COMMAND: GET /session/79689850af1d41ef46dc131fe5890470/screenshot - {}
RESULT: {"using":"xpath","value":"//button[@aria-label=\"Create\"]"}
COMMAND: POST /session/79689850af1d41ef46dc131fe5890470/elements - {"using":"xpath","value":"//button[@aria-label=\"Create\"]"}
RESULT: {}
RESULT: {"using":"xpath","value":"//button[@aria-label=\"Create\"]"}
COMMAND: POST /session/79689850af1d41ef46dc131fe5890470/elements - {"using":"xpath","value":"//button[@aria-label=\"Create\"]"}
RESULT: {"using":"xpath","value":"//button[@aria-label=\"Create\"]"}
COMMAND: POST /session/79689850af1d41ef46dc131fe5890470/elements - {"using":"xpath","value":"//button[@aria-label=\"Create\"]"}
RESULT: {"using":"xpath","value":"//button[@aria-label=\"Create\"]"}
COMMAND: POST /session/79689850af1d41ef46dc131fe5890470/elements - {"using":"xpath","value":"//button[@aria-label=\"Create\"]"}
RESULT: {"using":"xpath","value":"//button[@aria-label=\"Create\"]"}
COMMAND: POST /session/79689850af1d41ef46dc131fe5890470/elements - {"using":"xpath","value":"//button[@aria-label=\"Create\"]"}
RESULT: {"using":"xpath","value":"//button[@aria-label=\"Create\"]"}
COMMAND: POST /session/79689850af1d41ef46dc131fe5890470/elements - {"using":"xpath","value":"//button[@aria-label=\"Create\"]"}
RESULT: {"using":"xpath","value":"//button[@aria-label=\"Create\"]"}
COMMAND: POST /session/79689850af1d41ef46dc131fe5890470/elements - {"using":"xpath","value":"//button[@aria-label=\"Create\"]"}
RESULT: {"using":"xpath","value":"//button[@aria-label=\"Create\"]"}
COMMAND: POST /session/79689850af1d41ef46dc131fe5890470/elements - {"using":"xpath","value":"//button[@aria-label=\"Create\"]"}
RESULT: {"using":"xpath","value":"//button[@aria-label=\"Create\"]"}
COMMAND: POST /session/79689850af1d41ef46dc131fe5890470/elements - {"using":"xpath","value":"//button[@aria-label=\"Create\"]"}
RESULT: {"using":"xpath","value":"//button[@aria-label=\"Create\"]"}
COMMAND: POST /session/79689850af1d41ef46dc131fe5890470/element - {"using":"xpath","value":"//button[@aria-label=\"Create\"]"}
RESULT: {"using":"xpath","value":"//button[@aria-label=\"Create\"]"}
COMMAND: POST /session/79689850af1d41ef46dc131fe5890470/execute/sync - {"script":"<script> [8489 bytes]","args":[{"element-6066-11e4-a52e-4f735466cecf":"f.3A2B8E27F6B6549B06BE95D0839BE483.d.38C8B06BE6E24666B4E8076DD5D774B5.e.19792","ELEMENT":"f.3A2B8E27F6B6549B06BE95D0839BE483.d.38C8B06BE6E24666B4E8076DD5D774B5.e.19792"}]}
RESULT: {"script":"<script> [8489 bytes]","args":[{"element-6066-11e4-a52e-4f735466cecf":"f.3A2B8E27F6B6549B06BE95D0839BE483.d.38C8B06BE6E24666B4E8076DD5D774B5.e.19792","ELEMENT":"f.3A2B8E27F6B6549B06BE95D0839BE483.d.38C8B06BE6E24666B4E8076DD5D774B5.e.19792"}]}
COMMAND: GET /session/79689850af1d41ef46dc131fe5890470/element/f.3A2B8E27F6B6549B06BE95D0839BE483.d.38C8B06BE6E24666B4E8076DD5D774B5.e.19792/enabled - {}
COMMAND: GET /session/79689850af1d41ef46dc131fe5890470/screenshot - {}
RESULT: {}
COMMAND: POST /session/79689850af1d41ef46dc131fe5890470/execute/sync - {"script":"<script> [8489 bytes]","args":[{"element-6066-11e4-a52e-4f735466cecf":"f.3A2B8E27F6B6549B06BE95D0839BE483.d.38C8B06BE6E24666B4E8076DD5D774B5.e.19792","ELEMENT":"f.3A2B8E27F6B6549B06BE95D0839BE483.d.38C8B06BE6E24666B4E8076DD5D774B5.e.19792"}]}
COMMAND: GET /session/79689850af1d41ef46dc131fe5890470/screenshot - {}
RESULT: {}
RESULT: {"script":"<script> [8489 bytes]","args":[{"element-6066-11e4-a52e-4f735466cecf":"f.3A2B8E27F6B6549B06BE95D0839BE483.d.38C8B06BE6E24666B4E8076DD5D774B5.e.19792","ELEMENT":"f.3A2B8E27F6B6549B06BE95D0839BE483.d.38C8B06BE6E24666B4E8076DD5D774B5.e.19792"}]}
COMMAND: POST /session/79689850af1d41ef46dc131fe5890470/execute/sync - {"script":"<script> [5351 bytes]","args":[{"element-6066-11e4-a52e-4f735466cecf":"f.3A2B8E27F6B6549B06BE95D0839BE483.d.38C8B06BE6E24666B4E8076DD5D774B5.e.19792","ELEMENT":"f.3A2B8E27F6B6549B06BE95D0839BE483.d.38C8B06BE6E24666B4E8076DD5D774B5.e.19792"}]}
COMMAND: GET /session/79689850af1d41ef46dc131fe5890470/screenshot - {}
RESULT: {}
RESULT: {"script":"<script> [5351 bytes]","args":[{"element-6066-11e4-a52e-4f735466cecf":"f.3A2B8E27F6B6549B06BE95D0839BE483.d.38C8B06BE6E24666B4E8076DD5D774B5.e.19792","ELEMENT":"f.3A2B8E27F6B6549B06BE95D0839BE483.d.38C8B06BE6E24666B4E8076DD5D774B5.e.19792"}]}
COMMAND: POST /session/79689850af1d41ef46dc131fe5890470/element/f.3A2B8E27F6B6549B06BE95D0839BE483.d.38C8B06BE6E24666B4E8076DD5D774B5.e.19792/click - {}
COMMAND: GET /session/79689850af1d41ef46dc131fe5890470/screenshot - {}
RESULT: {}
RESULT: {}
COMMAND: GET /session/79689850af1d41ef46dc131fe5890470/screenshot - {}
RESULT: {}
RESULT: {}
COMMAND: POST /session/79689850af1d41ef46dc131fe5890470/actions - {"actions":[{"id":"action71","type":"key","parameters":{},"actions":[{"type":"keyDown","value":"î€‡"},{"type":"pause","duration":10},{"type":"keyUp","value":"î€‡"}]}]}
RESULT: {"actions":[{"id":"action71","type":"key","parameters":{},"actions":[{"type":"keyDown","value":"î€‡"},{"type":"pause","duration":10},{"type":"keyUp","value":"î€‡"}]}]}
COMMAND: GET /session/79689850af1d41ef46dc131fe5890470/screenshot - {}
RESULT: {}
COMMAND: POST /session/79689850af1d41ef46dc131fe5890470/execute/async - {"script":"<script> [1562 bytes]","args":[{"selector":{"id":"application-manageconditionprice-display-component---newCondition--condBillCond-arrow"},"wdio_ui5_key":"applicationmanageconditionprice-display-component---newCondition--condBillCond-arrow"}]}
RESULT: {"script":"<script> [1562 bytes]","args":[{"selector":{"id":"application-manageconditionprice-display-component---newCondition--condBillCond-arrow"},"wdio_ui5_key":"applicationmanageconditionprice-display-component---newCondition--condBillCond-arrow"}]}
RESULT: undefined
COMMAND: POST /session/79689850af1d41ef46dc131fe5890470/element - {"using":"xpath","value":"//*[@id=\"application-manageconditionprice-display-component---newCondition--condBillCond-arrow\"]"}
RESULT: {"using":"xpath","value":"//*[@id=\"application-manageconditionprice-display-component---newCondition--condBillCond-arrow\"]"}
COMMAND: POST /session/79689850af1d41ef46dc131fe5890470/element/f.3A2B8E27F6B6549B06BE95D0839BE483.d.38C8B06BE6E24666B4E8076DD5D774B5.e.19969/click - {}
RESULT: {}
COMMAND: GET /session/79689850af1d41ef46dc131fe5890470/screenshot - {}
RESULT: {}
COMMAND: POST /session/79689850af1d41ef46dc131fe5890470/element - {"using":"xpath","value":"//li[.//span[contains(text(), \"DISP - D&I special price\")]]"}
RESULT: {"using":"xpath","value":"//li[.//span[contains(text(), \"DISP - D&I special price\")]]"}
COMMAND: POST /session/79689850af1d41ef46dc131fe5890470/element/f.3A2B8E27F6B6549B06BE95D0839BE483.d.38C8B06BE6E24666B4E8076DD5D774B5.e.19972/click - {}
RESULT: {}
COMMAND: GET /session/79689850af1d41ef46dc131fe5890470/screenshot - {}
RESULT: {}
COMMAND: POST /session/79689850af1d41ef46dc131fe5890470/execute/async - {"script":"<script> [1562 bytes]","args":[{"selector":{"id":"application-manageconditionprice-display-component---newCondition--condValidTo","interaction":{"idSuffix":"inner"}},"wdio_ui5_key":"applicationmanageconditionprice-display-component---newCondition--condValidTo"}]}
RESULT: {"script":"<script> [1562 bytes]","args":[{"selector":{"id":"application-manageconditionprice-display-component---newCondition--condValidTo","interaction":{"idSuffix":"inner"}},"wdio_ui5_key":"applicationmanageconditionprice-display-component---newCondition--condValidTo"}]}
RESULT: undefined
COMMAND: POST /session/79689850af1d41ef46dc131fe5890470/execute/async - {"script":"<script> [776 bytes]","args":[{"enterText":"01/02/26","selector":{"id":"application-manageconditionprice-display-component---newCondition--condValidTo","interaction":{"idSuffix":"inner"}},"clearTextFirst":true,"interactionType":"ENTER_TEXT"}]}
RESULT: {"script":"<script> [776 bytes]","args":[{"enterText":"01/02/26","selector":{"id":"application-manageconditionprice-display-component---newCondition--condValidTo","interaction":{"idSuffix":"inner"}},"clearTextFirst":true,"interactionType":"ENTER_TEXT"}]}
COMMAND: POST /session/79689850af1d41ef46dc131fe5890470/element - {"using":"xpath","value":"//input[@id=\"application-manageconditionprice-display-component---newCondition--condRU-inner\"]"}
RESULT: {"using":"xpath","value":"//input[@id=\"application-manageconditionprice-display-component---newCondition--condRU-inner\"]"}
COMMAND: POST /session/79689850af1d41ef46dc131fe5890470/element/f.3A2B8E27F6B6549B06BE95D0839BE483.d.38C8B06BE6E24666B4E8076DD5D774B5.e.19833/clear - {}
RESULT: {}
COMMAND: POST /session/79689850af1d41ef46dc131fe5890470/element/f.3A2B8E27F6B6549B06BE95D0839BE483.d.38C8B06BE6E24666B4E8076DD5D774B5.e.19833/value - {"text":"oMLc1UiaJW"}
COMMAND: GET /session/79689850af1d41ef46dc131fe5890470/screenshot - {}
RESULT: {"text":"oMLc1UiaJW"}
COMMAND: GET /session/79689850af1d41ef46dc131fe5890470/screenshot - {}
RESULT: {}
RESULT: {}
COMMAND: POST /session/79689850af1d41ef46dc131fe5890470/actions - {"actions":[{"id":"action72","type":"key","parameters":{},"actions":[{"type":"keyDown","value":"î€‡"},{"type":"pause","duration":10},{"type":"keyUp","value":"î€‡"}]}]}
RESULT: {"actions":[{"id":"action72","type":"key","parameters":{},"actions":[{"type":"keyDown","value":"î€‡"},{"type":"pause","duration":10},{"type":"keyUp","value":"î€‡"}]}]}
COMMAND: POST /session/79689850af1d41ef46dc131fe5890470/execute/async - {"script":"<script> [1562 bytes]","args":[{"selector":{"id":"application-manageconditionprice-display-component---newCondition--condBaseQty","interaction":{"idSuffix":"inner"}},"wdio_ui5_key":"applicationmanageconditionprice-display-component---newCondition--condBaseQty"}]}
COMMAND: GET /session/79689850af1d41ef46dc131fe5890470/screenshot - {}
RESULT: {"script":"<script> [1562 bytes]","args":[{"selector":{"id":"application-manageconditionprice-display-component---newCondition--condBaseQty","interaction":{"idSuffix":"inner"}},"wdio_ui5_key":"applicationmanageconditionprice-display-component---newCondition--condBaseQty"}]}
RESULT: undefined
COMMAND: POST /session/79689850af1d41ef46dc131fe5890470/execute/async - {"script":"<script> [776 bytes]","args":[{"enterText":"1","selector":{"id":"application-manageconditionprice-display-component---newCondition--condBaseQty","interaction":{"idSuffix":"inner"}},"clearTextFirst":true,"interactionType":"ENTER_TEXT"}]}
RESULT: {}
RESULT: {"script":"<script> [776 bytes]","args":[{"enterText":"1","selector":{"id":"application-manageconditionprice-display-component---newCondition--condBaseQty","interaction":{"idSuffix":"inner"}},"clearTextFirst":true,"interactionType":"ENTER_TEXT"}]}
COMMAND: POST /session/79689850af1d41ef46dc131fe5890470/execute/async - {"script":"<script> [1562 bytes]","args":[{"selector":{"id":"application-manageconditionprice-display-component---newCondition--condValue","interaction":{"idSuffix":"inner"}},"wdio_ui5_key":"applicationmanageconditionprice-display-component---newCondition--condValue"}]}
RESULT: {"script":"<script> [1562 bytes]","args":[{"selector":{"id":"application-manageconditionprice-display-component---newCondition--condValue","interaction":{"idSuffix":"inner"}},"wdio_ui5_key":"applicationmanageconditionprice-display-component---newCondition--condValue"}]}
RESULT: undefined
COMMAND: POST /session/79689850af1d41ef46dc131fe5890470/execute/async - {"script":"<script> [776 bytes]","args":[{"enterText":"100","selector":{"id":"application-manageconditionprice-display-component---newCondition--condValue","interaction":{"idSuffix":"inner"}},"clearTextFirst":true,"interactionType":"ENTER_TEXT"}]}
RESULT: {"script":"<script> [776 bytes]","args":[{"enterText":"100","selector":{"id":"application-manageconditionprice-display-component---newCondition--condValue","interaction":{"idSuffix":"inner"}},"clearTextFirst":true,"interactionType":"ENTER_TEXT"}]}
COMMAND: POST /session/79689850af1d41ef46dc131fe5890470/execute/async - {"script":"<script> [1562 bytes]","args":[{"selector":{"id":"application-manageconditionprice-display-component---newCondition--condCurr-arrow"},"wdio_ui5_key":"applicationmanageconditionprice-display-component---newCondition--condCurr-arrow"}]}
RESULT: {"script":"<script> [1562 bytes]","args":[{"selector":{"id":"application-manageconditionprice-display-component---newCondition--condCurr-arrow"},"wdio_ui5_key":"applicationmanageconditionprice-display-component---newCondition--condCurr-arrow"}]}
RESULT: undefined
COMMAND: POST /session/79689850af1d41ef46dc131fe5890470/element - {"using":"xpath","value":"//*[@id=\"application-manageconditionprice-display-component---newCondition--condCurr-arrow\"]"}
RESULT: {"using":"xpath","value":"//*[@id=\"application-manageconditionprice-display-component---newCondition--condCurr-arrow\"]"}
COMMAND: POST /session/79689850af1d41ef46dc131fe5890470/element/f.3A2B8E27F6B6549B06BE95D0839BE483.d.38C8B06BE6E24666B4E8076DD5D774B5.e.19950/click - {}
RESULT: {}
COMMAND: POST /session/79689850af1d41ef46dc131fe5890470/element - {"using":"xpath","value":"//span[contains(text(), \"Euro\")]"}
COMMAND: GET /session/79689850af1d41ef46dc131fe5890470/screenshot - {}
RESULT: {"using":"xpath","value":"//span[contains(text(), \"Euro\")]"}
COMMAND: POST /session/79689850af1d41ef46dc131fe5890470/element/f.3A2B8E27F6B6549B06BE95D0839BE483.d.38C8B06BE6E24666B4E8076DD5D774B5.e.20009/click - {}
RESULT: {}
RESULT: {}
COMMAND: POST /session/79689850af1d41ef46dc131fe5890470/element - {"using":"xpath","value":"//button[@data-kt=\"saveButton\"]"}
COMMAND: GET /session/79689850af1d41ef46dc131fe5890470/screenshot - {}
RESULT: {"using":"xpath","value":"//button[@data-kt=\"saveButton\"]"}
COMMAND: POST /session/79689850af1d41ef46dc131fe5890470/element/f.3A2B8E27F6B6549B06BE95D0839BE483.d.38C8B06BE6E24666B4E8076DD5D774B5.e.19951/click - {}
RESULT: {}
RESULT: {}
COMMAND: GET /session/79689850af1d41ef46dc131fe5890470/screenshot - {}
RESULT: {}
COMMAND: POST /session/79689850af1d41ef46dc131fe5890470/execute/async - {"script":"<script> [1562 bytes]","args":[{"selector":{"id":"application-manageconditionprice-display-component---conditions--smartFilterBar-btnBasicSearch","interaction":{"idSuffix":"I"}},"wdio_ui5_key":"applicationmanageconditionprice-display-component---conditions--smartFilterBar-btnBasicSearch"}]}
RESULT: {"script":"<script> [1562 bytes]","args":[{"selector":{"id":"application-manageconditionprice-display-component---conditions--smartFilterBar-btnBasicSearch","interaction":{"idSuffix":"I"}},"wdio_ui5_key":"applicationmanageconditionprice-display-component---conditions--smartFilterBar-btnBasicSearch"}]}
RESULT: undefined
COMMAND: POST /session/79689850af1d41ef46dc131fe5890470/execute/async - {"script":"<script> [776 bytes]","args":[{"enterText":"oMLc1UiaJW","selector":{"id":"application-manageconditionprice-display-component---conditions--smartFilterBar-btnBasicSearch","interaction":{"idSuffix":"I"}},"clearTextFirst":true,"interactionType":"ENTER_TEXT"}]}
RESULT: {"script":"<script> [776 bytes]","args":[{"enterText":"oMLc1UiaJW","selector":{"id":"application-manageconditionprice-display-component---conditions--smartFilterBar-btnBasicSearch","interaction":{"idSuffix":"I"}},"clearTextFirst":true,"interactionType":"ENTER_TEXT"}]}
COMMAND: POST /session/79689850af1d41ef46dc131fe5890470/actions - {"actions":[{"id":"action73","type":"key","parameters":{},"actions":[{"type":"keyDown","value":"î€‡"},{"type":"pause","duration":10},{"type":"keyUp","value":"î€‡"}]}]}
RESULT: {"actions":[{"id":"action73","type":"key","parameters":{},"actions":[{"type":"keyDown","value":"î€‡"},{"type":"pause","duration":10},{"type":"keyUp","value":"î€‡"}]}]}
COMMAND: GET /session/79689850af1d41ef46dc131fe5890470/screenshot - {}
RESULT: {}
COMMAND: POST /session/79689850af1d41ef46dc131fe5890470/execute/async - {"script":"<script> [1562 bytes]","args":[{"selector":{"id":"application-manageconditionprice-display-component---conditions--smartFilterBar-filterItemControl_BASIC-BILL_TYPES-vhi"},"wdio_ui5_key":"applicationmanageconditionprice-display-component---conditions--smartFilterBar-filterItemControl_BASIC-BILL_TYPES-vhi"}]}
RESULT: {"script":"<script> [1562 bytes]","args":[{"selector":{"id":"application-manageconditionprice-display-component---conditions--smartFilterBar-filterItemControl_BASIC-BILL_TYPES-vhi"},"wdio_ui5_key":"applicationmanageconditionprice-display-component---conditions--smartFilterBar-filterItemControl_BASIC-BILL_TYPES-vhi"}]}
RESULT: undefined
COMMAND: POST /session/79689850af1d41ef46dc131fe5890470/element - {"using":"xpath","value":"//*[@id=\"application-manageconditionprice-display-component---conditions--smartFilterBar-filterItemControl_BASIC-BILL_TYPES-vhi\"]"}
RESULT: {"using":"xpath","value":"//*[@id=\"application-manageconditionprice-display-component---conditions--smartFilterBar-filterItemControl_BASIC-BILL_TYPES-vhi\"]"}
COMMAND: POST /session/79689850af1d41ef46dc131fe5890470/element/f.3A2B8E27F6B6549B06BE95D0839BE483.d.38C8B06BE6E24666B4E8076DD5D774B5.e.20025/click - {}
RESULT: {}
COMMAND: POST /session/79689850af1d41ef46dc131fe5890470/execute/async - {"script":"<script> [1562 bytes]","args":[{"selector":{"id":"application-manageconditionprice-display-component---conditions--smartFilterBar-filterItemControl_BASIC-BILL_TYPES-valueHelpDialog-smartFilterBar-btnBasicSearch","searchOpenDialogs":true,"interaction":{"idSuffix":"I"}},"wdio_ui5_key":"applicationmanageconditionprice-display-component---conditions--smartFilterBar-filterItemControl_BASIC-BILL_TYPES-valueHelpDialog-smartFilterBar-btnBasicSearch"}]}
COMMAND: GET /session/79689850af1d41ef46dc131fe5890470/screenshot - {}
RESULT: {"script":"<script> [1562 bytes]","args":[{"selector":{"id":"application-manageconditionprice-display-component---conditions--smartFilterBar-filterItemControl_BASIC-BILL_TYPES-valueHelpDialog-smartFilterBar-btnBasicSearch","searchOpenDialogs":true,"interaction":{"idSuffix":"I"}},"wdio_ui5_key":"applicationmanageconditionprice-display-component---conditions--smartFilterBar-filterItemControl_BASIC-BILL_TYPES-valueHelpDialog-smartFilterBar-btnBasicSearch"}]}
RESULT: undefined
COMMAND: POST /session/79689850af1d41ef46dc131fe5890470/execute/async - {"script":"<script> [776 bytes]","args":[{"enterText":"TB","selector":{"id":"application-manageconditionprice-display-component---conditions--smartFilterBar-filterItemControl_BASIC-BILL_TYPES-valueHelpDialog-smartFilterBar-btnBasicSearch","searchOpenDialogs":true,"interaction":{"idSuffix":"I"}},"clearTextFirst":true,"interactionType":"ENTER_TEXT"}]}
RESULT: {}
RESULT: {"script":"<script> [776 bytes]","args":[{"enterText":"TB","selector":{"id":"application-manageconditionprice-display-component---conditions--smartFilterBar-filterItemControl_BASIC-BILL_TYPES-valueHelpDialog-smartFilterBar-btnBasicSearch","searchOpenDialogs":true,"interaction":{"idSuffix":"I"}},"clearTextFirst":true,"interactionType":"ENTER_TEXT"}]}
COMMAND: POST /session/79689850af1d41ef46dc131fe5890470/actions - {"actions":[{"id":"action74","type":"key","parameters":{},"actions":[{"type":"keyDown","value":"î€‡"},{"type":"pause","duration":10},{"type":"keyUp","value":"î€‡"}]}]}
RESULT: {"actions":[{"id":"action74","type":"key","parameters":{},"actions":[{"type":"keyDown","value":"î€‡"},{"type":"pause","duration":10},{"type":"keyUp","value":"î€‡"}]}]}
COMMAND: GET /session/79689850af1d41ef46dc131fe5890470/screenshot - {}
RESULT: {}
COMMAND: POST /session/79689850af1d41ef46dc131fe5890470/element - {"using":"xpath","value":"//div[contains(@id, 'application-manageconditionprice-display-component---conditions--smartFilterBar-filterItemControl_BASIC-BILL_TYPES-valueHelpDialog-table-rowsel0')]"}
RESULT: {"using":"xpath","value":"//div[contains(@id, 'application-manageconditionprice-display-component---conditions--smartFilterBar-filterItemControl_BASIC-BILL_TYPES-valueHelpDialog-table-rowsel0')]"}
COMMAND: POST /session/79689850af1d41ef46dc131fe5890470/element/f.3A2B8E27F6B6549B06BE95D0839BE483.d.38C8B06BE6E24666B4E8076DD5D774B5.e.20035/click - {}
RESULT: {}
COMMAND: GET /session/79689850af1d41ef46dc131fe5890470/screenshot - {}
RESULT: {}
COMMAND: POST /session/79689850af1d41ef46dc131fe5890470/element - {"using":"xpath","value":"//bdi[contains(text(), \"OK\")]"}
RESULT: {"using":"xpath","value":"//bdi[contains(text(), \"OK\")]"}
COMMAND: POST /session/79689850af1d41ef46dc131fe5890470/element/f.3A2B8E27F6B6549B06BE95D0839BE483.d.38C8B06BE6E24666B4E8076DD5D774B5.e.20037/click - {}
RESULT: {}
COMMAND: GET /session/79689850af1d41ef46dc131fe5890470/screenshot - {}
RESULT: {}
COMMAND: POST /session/79689850af1d41ef46dc131fe5890470/element - {"using":"xpath","value":"//span[@id=\"application-manageconditionprice-display-component---conditions--smartTable-header-inner\"]"}
RESULT: {"using":"xpath","value":"//span[@id=\"application-manageconditionprice-display-component---conditions--smartTable-header-inner\"]"}
COMMAND: POST /session/79689850af1d41ef46dc131fe5890470/elements - {"using":"xpath","value":"//span[@id=\"application-manageconditionprice-display-component---conditions--smartTable-header-inner\"]"}
RESULT: {"using":"xpath","value":"//span[@id=\"application-manageconditionprice-display-component---conditions--smartTable-header-inner\"]"}
COMMAND: POST /session/79689850af1d41ef46dc131fe5890470/execute/sync - {"script":"<script> [56 bytes]","args":[{"element-6066-11e4-a52e-4f735466cecf":"f.3A2B8E27F6B6549B06BE95D0839BE483.d.38C8B06BE6E24666B4E8076DD5D774B5.e.20040","ELEMENT":"f.3A2B8E27F6B6549B06BE95D0839BE483.d.38C8B06BE6E24666B4E8076DD5D774B5.e.20040"}]}
RESULT: {"script":"<script> [56 bytes]","args":[{"element-6066-11e4-a52e-4f735466cecf":"f.3A2B8E27F6B6549B06BE95D0839BE483.d.38C8B06BE6E24666B4E8076DD5D774B5.e.20040","ELEMENT":"f.3A2B8E27F6B6549B06BE95D0839BE483.d.38C8B06BE6E24666B4E8076DD5D774B5.e.20040"}]}
COMMAND: POST /session/79689850af1d41ef46dc131fe5890470/element - {"using":"css selector","value":"#shell-header-logo"}
COMMAND: GET /session/79689850af1d41ef46dc131fe5890470/screenshot - {}
RESULT: {"using":"css selector","value":"#shell-header-logo"}
COMMAND: POST /session/79689850af1d41ef46dc131fe5890470/element/f.3A2B8E27F6B6549B06BE95D0839BE483.d.38C8B06BE6E24666B4E8076DD5D774B5.e.19760/click - {}
RESULT: {}
RESULT: {}
COMMAND: GET /session/79689850af1d41ef46dc131fe5890470/screenshot - {}
RESULT: {}
]]></system-out>
    </testcase>
  </testsuite>
</testsuites>