<?xml version="1.0" encoding="UTF-8"?>
<testsuites tests="10" failures="0" errors="0" skipped="0">
  <testsuite timestamp="2025-06-04T16:55:30" time="443.659" tests="4" failures="0" errors="0" skipped="0">
    <properties>
      <property name="specId" value="0" />
      <property name="suiteName" value="ISC Template - Time schedule US156099" />
      <property name="capabilities" value="chrome.137_0_7151_56.windows" />
      <property name="file" value="file:///D:/a/1/s/test/specs/ISC/isc-template-time-schedule.spec.js" />
    </properties>
    <testcase classname="chrome.137_0_7151_56.windows.ISC_Template_-_Time_schedule_US156099" name="Should verify if the yard has the currency and the storage location assigned" time="66.615">
      <system-out><![CDATA[
COMMAND: POST /session/b6c1ba66361885338dbd7e3160017c33/execute/async - {"script":"<script> [1562 bytes]","args":[{"selector":{"controlType":"sap.m.GenericTile","properties":{"header":"Manage Yards"}},"wdio_ui5_key":"sapm.GenericTile{\"header\":\"Manage Yards\"}"}]}
RESULT: {"script":"<script> [1562 bytes]","args":[{"selector":{"controlType":"sap.m.GenericTile","properties":{"header":"Manage Yards"}},"wdio_ui5_key":"sapm.GenericTile{\"header\":\"Manage Yards\"}"}]}
RESULT: undefined
COMMAND: POST /session/b6c1ba66361885338dbd7e3160017c33/element - {"using":"xpath","value":"//*[@id=\"__tile41\"]"}
RESULT: {"using":"xpath","value":"//*[@id=\"__tile41\"]"}
COMMAND: POST /session/b6c1ba66361885338dbd7e3160017c33/element/f.1D371F0606E69D8CD920F8C1F469B1CE.d.A9760A1C99BE5A028B106C210BE08A5F.e.120/click - {}
RESULT: {}
COMMAND: GET /session/b6c1ba66361885338dbd7e3160017c33/screenshot - {}
RESULT: {}
COMMAND: POST /session/b6c1ba66361885338dbd7e3160017c33/elements - {"using":"xpath","value":"//span[text()='Error']"}
RESULT: {"using":"xpath","value":"//span[text()='Error']"}
COMMAND: POST /session/b6c1ba66361885338dbd7e3160017c33/element - {"using":"xpath","value":"//input[contains(@id ,\"application-manageyards-display-component---masterYard--smartFilterBar-btnBasicSearch\")]"}
RESULT: {"using":"xpath","value":"//input[contains(@id ,\"application-manageyards-display-component---masterYard--smartFilterBar-btnBasicSearch\")]"}
COMMAND: POST /session/b6c1ba66361885338dbd7e3160017c33/elements - {"using":"xpath","value":"//input[contains(@id ,\"application-manageyards-display-component---masterYard--smartFilterBar-btnBasicSearch\")]"}
RESULT: {"using":"xpath","value":"//input[contains(@id ,\"application-manageyards-display-component---masterYard--smartFilterBar-btnBasicSearch\")]"}
COMMAND: POST /session/b6c1ba66361885338dbd7e3160017c33/elements - {"using":"xpath","value":"//input[contains(@id ,\"application-manageyards-display-component---masterYard--smartFilterBar-btnBasicSearch\")]"}
RESULT: {"using":"xpath","value":"//input[contains(@id ,\"application-manageyards-display-component---masterYard--smartFilterBar-btnBasicSearch\")]"}
COMMAND: POST /session/b6c1ba66361885338dbd7e3160017c33/element - {"using":"xpath","value":"//input[contains(@id ,\"application-manageyards-display-component---masterYard--smartFilterBar-btnBasicSearch\")]"}
RESULT: {"using":"xpath","value":"//input[contains(@id ,\"application-manageyards-display-component---masterYard--smartFilterBar-btnBasicSearch\")]"}
COMMAND: POST /session/b6c1ba66361885338dbd7e3160017c33/element/f.1D371F0606E69D8CD920F8C1F469B1CE.d.A9760A1C99BE5A028B106C210BE08A5F.e.144/clear - {}
RESULT: {}
COMMAND: POST /session/b6c1ba66361885338dbd7e3160017c33/element/f.1D371F0606E69D8CD920F8C1F469B1CE.d.A9760A1C99BE5A028B106C210BE08A5F.e.144/value - {"text":"109"}
COMMAND: GET /session/b6c1ba66361885338dbd7e3160017c33/screenshot - {}
RESULT: {"text":"109"}
COMMAND: POST /session/b6c1ba66361885338dbd7e3160017c33/actions - {"actions":[{"id":"action1","type":"key","parameters":{},"actions":[{"type":"keyDown","value":"î€‡"},{"type":"pause","duration":10},{"type":"keyUp","value":"î€‡"}]}]}
COMMAND: GET /session/b6c1ba66361885338dbd7e3160017c33/screenshot - {}
RESULT: {}
RESULT: {"actions":[{"id":"action1","type":"key","parameters":{},"actions":[{"type":"keyDown","value":"î€‡"},{"type":"pause","duration":10},{"type":"keyUp","value":"î€‡"}]}]}
COMMAND: GET /session/b6c1ba66361885338dbd7e3160017c33/screenshot - {}
RESULT: {}
RESULT: {}
COMMAND: POST /session/b6c1ba66361885338dbd7e3160017c33/execute/async - {"script":"<script> [1562 bytes]","args":[{"selector":{"controlType":"sap.ui.core.Icon","viewName":"etm.portal.ui.manageyards.view.Master","viewId":"application-manageyards-display-component---masterYard","properties":{"src":{"regex":{"source":"slim\\-arrow\\-right"}}}},"wdio_ui5_key":"etmportal.ui.manageyards.view.Mastersap.ui.core.Icon{\"src\":{\"regex\":{\"source\":\"slim\\\\-arrow\\\\-right\"}}}"}]}
RESULT: {"script":"<script> [1562 bytes]","args":[{"selector":{"controlType":"sap.ui.core.Icon","viewName":"etm.portal.ui.manageyards.view.Master","viewId":"application-manageyards-display-component---masterYard","properties":{"src":{"regex":{"source":"slim\\-arrow\\-right"}}}},"wdio_ui5_key":"etmportal.ui.manageyards.view.Mastersap.ui.core.Icon{\"src\":{\"regex\":{\"source\":\"slim\\\\-arrow\\\\-right\"}}}"}]}
RESULT: undefined
COMMAND: POST /session/b6c1ba66361885338dbd7e3160017c33/element - {"using":"xpath","value":"//*[@id=\"__item22-__clone9-imgNav\"]"}
RESULT: {"using":"xpath","value":"//*[@id=\"__item22-__clone9-imgNav\"]"}
COMMAND: POST /session/b6c1ba66361885338dbd7e3160017c33/element/f.1D371F0606E69D8CD920F8C1F469B1CE.d.A9760A1C99BE5A028B106C210BE08A5F.e.167/click - {}
RESULT: {}
COMMAND: GET /session/b6c1ba66361885338dbd7e3160017c33/screenshot - {}
RESULT: {}
COMMAND: POST /session/b6c1ba66361885338dbd7e3160017c33/execute/async - {"script":"<script> [1562 bytes]","args":[{"selector":{"controlType":"sap.m.Button","viewName":"etm.portal.ui.manageyards.view.Detail","viewId":"application-manageyards-display-component---detailYard","properties":{"text":"Commercial"},"interaction":{"idSuffix":"BDI-content"}},"wdio_ui5_key":"etmportal.ui.manageyards.view.Detailsap.m.Button{\"text\":\"Commercial\"}"}]}
RESULT: {"script":"<script> [1562 bytes]","args":[{"selector":{"controlType":"sap.m.Button","viewName":"etm.portal.ui.manageyards.view.Detail","viewId":"application-manageyards-display-component---detailYard","properties":{"text":"Commercial"},"interaction":{"idSuffix":"BDI-content"}},"wdio_ui5_key":"etmportal.ui.manageyards.view.Detailsap.m.Button{\"text\":\"Commercial\"}"}]}
RESULT: undefined
COMMAND: POST /session/b6c1ba66361885338dbd7e3160017c33/element - {"using":"xpath","value":"//*[@id=\"application-manageyards-display-component---detailYard--ObjectPageLayout-anchBar-__section5-anchor\"]"}
RESULT: {"using":"xpath","value":"//*[@id=\"application-manageyards-display-component---detailYard--ObjectPageLayout-anchBar-__section5-anchor\"]"}
COMMAND: POST /session/b6c1ba66361885338dbd7e3160017c33/element/f.1D371F0606E69D8CD920F8C1F469B1CE.d.A9760A1C99BE5A028B106C210BE08A5F.e.295/click - {}
RESULT: {}
COMMAND: GET /session/b6c1ba66361885338dbd7e3160017c33/screenshot - {}
RESULT: {}
COMMAND: POST /session/b6c1ba66361885338dbd7e3160017c33/element - {"using":"xpath","value":"//span[contains(text(), \"Euro\")]"}
RESULT: {"using":"xpath","value":"//span[contains(text(), \"Euro\")]"}
COMMAND: POST /session/b6c1ba66361885338dbd7e3160017c33/element - {"using":"xpath","value":"//span[contains(text(), \"0010\")]"}
RESULT: {"using":"xpath","value":"//span[contains(text(), \"0010\")]"}
COMMAND: POST /session/b6c1ba66361885338dbd7e3160017c33/execute/sync - {"script":"<script> [8489 bytes]","args":[{"element-6066-11e4-a52e-4f735466cecf":"f.1D371F0606E69D8CD920F8C1F469B1CE.d.A9760A1C99BE5A028B106C210BE08A5F.e.304","ELEMENT":"f.1D371F0606E69D8CD920F8C1F469B1CE.d.A9760A1C99BE5A028B106C210BE08A5F.e.304"}]}
RESULT: {"script":"<script> [8489 bytes]","args":[{"element-6066-11e4-a52e-4f735466cecf":"f.1D371F0606E69D8CD920F8C1F469B1CE.d.A9760A1C99BE5A028B106C210BE08A5F.e.304","ELEMENT":"f.1D371F0606E69D8CD920F8C1F469B1CE.d.A9760A1C99BE5A028B106C210BE08A5F.e.304"}]}
COMMAND: POST /session/b6c1ba66361885338dbd7e3160017c33/execute/sync - {"script":"<script> [8489 bytes]","args":[{"element-6066-11e4-a52e-4f735466cecf":"f.1D371F0606E69D8CD920F8C1F469B1CE.d.A9760A1C99BE5A028B106C210BE08A5F.e.305","ELEMENT":"f.1D371F0606E69D8CD920F8C1F469B1CE.d.A9760A1C99BE5A028B106C210BE08A5F.e.305"}]}
COMMAND: GET /session/b6c1ba66361885338dbd7e3160017c33/screenshot - {}
RESULT: {"script":"<script> [8489 bytes]","args":[{"element-6066-11e4-a52e-4f735466cecf":"f.1D371F0606E69D8CD920F8C1F469B1CE.d.A9760A1C99BE5A028B106C210BE08A5F.e.305","ELEMENT":"f.1D371F0606E69D8CD920F8C1F469B1CE.d.A9760A1C99BE5A028B106C210BE08A5F.e.305"}]}
COMMAND: POST /session/b6c1ba66361885338dbd7e3160017c33/element - {"using":"css selector","value":"#shell-header-logo"}
COMMAND: GET /session/b6c1ba66361885338dbd7e3160017c33/screenshot - {}
RESULT: {}
RESULT: {"using":"css selector","value":"#shell-header-logo"}
COMMAND: POST /session/b6c1ba66361885338dbd7e3160017c33/element/f.1D371F0606E69D8CD920F8C1F469B1CE.d.A9760A1C99BE5A028B106C210BE08A5F.e.123/click - {}
RESULT: {}
RESULT: {}
COMMAND: GET /session/b6c1ba66361885338dbd7e3160017c33/screenshot - {}
RESULT: {}
COMMAND: POST /session/b6c1ba66361885338dbd7e3160017c33/refresh - {}
RESULT: {}
COMMAND: GET /session/b6c1ba66361885338dbd7e3160017c33/screenshot - {}
RESULT: {}
COMMAND: POST /session/b6c1ba66361885338dbd7e3160017c33/execute/async - {"script":"<script> [189 bytes]","args":[]}
RESULT: {"script":"<script> [189 bytes]","args":[]}
COMMAND: POST /session/b6c1ba66361885338dbd7e3160017c33/execute/async - {"script":"<script> [123 bytes]","args":[]}
RESULT: {"script":"<script> [123 bytes]","args":[]}
COMMAND: POST /session/b6c1ba66361885338dbd7e3160017c33/timeouts - {"script":"<number>"}
RESULT: {"script":"<number>"}
COMMAND: GET /session/b6c1ba66361885338dbd7e3160017c33/timeouts - {}
RESULT: {}
RESULT: undefined
COMMAND: POST /session/b6c1ba66361885338dbd7e3160017c33/execute/async - {"script":"<script> [2676 bytes]","args":[]}
RESULT: {"script":"<script> [2676 bytes]","args":[]}
COMMAND: POST /session/b6c1ba66361885338dbd7e3160017c33/execute/async - {"script":"<script> [2342 bytes]","args":[{"protocol":"http","hostname":"0.0.0.0","path":"/","capabilities":{"browserName":"chrome","goog:chromeOptions":{"binary":"C:\\Program Files\\Google\\Chrome\\Application\\chrome.exe","args":["--start-maximized"]}},"logLevel":"warn","connectionRetryTimeout":120000,"connectionRetryCount":3,"logLevels":{},"enableDirectConnect":true,"strictSSL":true,"_":"65 more keys: [\"cacheDir\",\"port\",\"requestedCapabilities\",\"automationProtocol\",\"baseUrl\",\"waitforInterval\",\"waitforTimeout\",\"onReload\",\"beforeCommand\",\"afterCommand\",\"rootDir\",\"specs\",\"suites\",\"exclude\",\"groupLogsByTestSpec\",\"excludeDriverLogs\",\"bail\",\"framework\",\"reporters\",\"services\",\"maxInstances\",\"maxInstancesPerCapability\",\"injectGlobals\",\"filesToWatch\",\"execArgv\",\"runnerEnv\",\"runner\",\"shard\",\"specFileRetries\",\"specFileRetriesDelay\",\"specFileRetriesDeferred\",\"reporterSyncInterval\",\"reporterSyncTimeout\",\"cucumberFeaturesWithLineNumbers\",\"autoCompileOpts\",\"mochaOpts\",\"jasmineOpts\",\"cucumberOpts\",\"onPrepare\",\"onWorkerStart\",\"onWorkerEnd\",\"before\",\"beforeSession\",\"beforeSuite\",\"beforeHook\",\"beforeTest\",\"afterTest\",\"afterHook\",\"afterSuite\",\"afterSession\",\"after\",\"onComplete\",\"beforeAssertion\",\"afterAssertion\",\"beforeFeature\",\"beforeScenario\",\"beforeStep\",\"afterStep\",\"afterScenario\",\"afterFeature\",\"_\",\"suite\",\"$0\",\"ignoredWorkerServices\",\"wdi5\"]"}]}
RESULT: {"script":"<script> [2342 bytes]","args":[{"protocol":"http","hostname":"0.0.0.0","path":"/","capabilities":{"browserName":"chrome","goog:chromeOptions":{"binary":"C:\\Program Files\\Google\\Chrome\\Application\\chrome.exe","args":["--start-maximized"]}},"logLevel":"warn","connectionRetryTimeout":120000,"connectionRetryCount":3,"logLevels":{},"enableDirectConnect":true,"strictSSL":true,"_":"65 more keys: [\"cacheDir\",\"port\",\"requestedCapabilities\",\"automationProtocol\",\"baseUrl\",\"waitforInterval\",\"waitforTimeout\",\"onReload\",\"beforeCommand\",\"afterCommand\",\"rootDir\",\"specs\",\"suites\",\"exclude\",\"groupLogsByTestSpec\",\"excludeDriverLogs\",\"bail\",\"framework\",\"reporters\",\"services\",\"maxInstances\",\"maxInstancesPerCapability\",\"injectGlobals\",\"filesToWatch\",\"execArgv\",\"runnerEnv\",\"runner\",\"shard\",\"specFileRetries\",\"specFileRetriesDelay\",\"specFileRetriesDeferred\",\"reporterSyncInterval\",\"reporterSyncTimeout\",\"cucumberFeaturesWithLineNumbers\",\"autoCompileOpts\",\"mochaOpts\",\"jasmineOpts\",\"cucumberOpts\",\"onPrepare\",\"onWorkerStart\",\"onWorkerEnd\",\"before\",\"beforeSession\",\"beforeSuite\",\"beforeHook\",\"beforeTest\",\"afterTest\",\"afterHook\",\"afterSuite\",\"afterSession\",\"after\",\"onComplete\",\"beforeAssertion\",\"afterAssertion\",\"beforeFeature\",\"beforeScenario\",\"beforeStep\",\"afterStep\",\"afterScenario\",\"afterFeature\",\"_\",\"suite\",\"$0\",\"ignoredWorkerServices\",\"wdi5\"]"}]}
COMMAND: POST /session/b6c1ba66361885338dbd7e3160017c33/execute/async - {"script":"<script> [21126 bytes]","args":[35000]}
RESULT: {"script":"<script> [21126 bytes]","args":[35000]}
]]></system-out>
    </testcase>
    <testcase classname="chrome.137_0_7151_56.windows.ISC_Template_-_Time_schedule_US156099" name="Should add the material link" time="70.597">
      <system-out><![CDATA[
COMMAND: POST /session/b6c1ba66361885338dbd7e3160017c33/execute/async - {"script":"<script> [1562 bytes]","args":[{"selector":{"controlType":"sap.m.GenericTile","properties":{"header":"Manage Resources"}},"wdio_ui5_key":"sapm.GenericTile{\"header\":\"Manage Resources\"}"}]}
RESULT: {"script":"<script> [1562 bytes]","args":[{"selector":{"controlType":"sap.m.GenericTile","properties":{"header":"Manage Resources"}},"wdio_ui5_key":"sapm.GenericTile{\"header\":\"Manage Resources\"}"}]}
RESULT: undefined
COMMAND: POST /session/b6c1ba66361885338dbd7e3160017c33/element - {"using":"xpath","value":"//*[@id=\"__tile39\"]"}
RESULT: {"using":"xpath","value":"//*[@id=\"__tile39\"]"}
COMMAND: POST /session/b6c1ba66361885338dbd7e3160017c33/element/f.1D371F0606E69D8CD920F8C1F469B1CE.d.6138EBC488653C18FB3E4649C0279AA4.e.320/click - {}
RESULT: {}
COMMAND: GET /session/b6c1ba66361885338dbd7e3160017c33/screenshot - {}
RESULT: {}
COMMAND: POST /session/b6c1ba66361885338dbd7e3160017c33/elements - {"using":"xpath","value":"//span[text()='Error']"}
RESULT: {"using":"xpath","value":"//span[text()='Error']"}
COMMAND: POST /session/b6c1ba66361885338dbd7e3160017c33/element - {"using":"xpath","value":"//input[contains(@id ,\"application-manageresources-display-component---masterRU--smartFilterBar-btnBasicSearch-I\")]"}
RESULT: {"using":"xpath","value":"//input[contains(@id ,\"application-manageresources-display-component---masterRU--smartFilterBar-btnBasicSearch-I\")]"}
COMMAND: POST /session/b6c1ba66361885338dbd7e3160017c33/element/f.1D371F0606E69D8CD920F8C1F469B1CE.d.6138EBC488653C18FB3E4649C0279AA4.e.340/value - {"text":"200013"}
RESULT: {"text":"200013"}
COMMAND: GET /session/b6c1ba66361885338dbd7e3160017c33/screenshot - {}
RESULT: {}
COMMAND: POST /session/b6c1ba66361885338dbd7e3160017c33/actions - {"actions":[{"id":"action2","type":"key","parameters":{},"actions":[{"type":"keyDown","value":"î€‡"},{"type":"pause","duration":10},{"type":"keyUp","value":"î€‡"}]}]}
RESULT: {"actions":[{"id":"action2","type":"key","parameters":{},"actions":[{"type":"keyDown","value":"î€‡"},{"type":"pause","duration":10},{"type":"keyUp","value":"î€‡"}]}]}
COMMAND: GET /session/b6c1ba66361885338dbd7e3160017c33/screenshot - {}
RESULT: {}
COMMAND: POST /session/b6c1ba66361885338dbd7e3160017c33/execute/async - {"script":"<script> [1562 bytes]","args":[{"selector":{"controlType":"sap.ui.core.Icon","viewName":"etm.portal.ui.manageresources.view.Master","viewId":"application-manageresources-display-component---masterRU","properties":{"src":{"regex":{"source":"slim\\-arrow\\-right"}}}},"wdio_ui5_key":"etmportal.ui.manageresources.view.Mastersap.ui.core.Icon{\"src\":{\"regex\":{\"source\":\"slim\\\\-arrow\\\\-right\"}}}"}]}
RESULT: {"script":"<script> [1562 bytes]","args":[{"selector":{"controlType":"sap.ui.core.Icon","viewName":"etm.portal.ui.manageresources.view.Master","viewId":"application-manageresources-display-component---masterRU","properties":{"src":{"regex":{"source":"slim\\-arrow\\-right"}}}},"wdio_ui5_key":"etmportal.ui.manageresources.view.Mastersap.ui.core.Icon{\"src\":{\"regex\":{\"source\":\"slim\\\\-arrow\\\\-right\"}}}"}]}
RESULT: undefined
COMMAND: POST /session/b6c1ba66361885338dbd7e3160017c33/element - {"using":"xpath","value":"//*[@id=\"__item35-__clone109-imgNav\"]"}
RESULT: {"using":"xpath","value":"//*[@id=\"__item35-__clone109-imgNav\"]"}
COMMAND: POST /session/b6c1ba66361885338dbd7e3160017c33/element/f.1D371F0606E69D8CD920F8C1F469B1CE.d.6138EBC488653C18FB3E4649C0279AA4.e.508/click - {}
RESULT: {}
COMMAND: GET /session/b6c1ba66361885338dbd7e3160017c33/screenshot - {}
RESULT: {}
COMMAND: POST /session/b6c1ba66361885338dbd7e3160017c33/element - {"using":"xpath","value":"//*[contains(@data-kt ,\"materialNoLink\")][contains(text(), \"1000100022\")]"}
RESULT: {"using":"xpath","value":"//*[contains(@data-kt ,\"materialNoLink\")][contains(text(), \"1000100022\")]"}
COMMAND: POST /session/b6c1ba66361885338dbd7e3160017c33/execute/sync - {"script":"<script> [8489 bytes]","args":[{"element-6066-11e4-a52e-4f735466cecf":"f.1D371F0606E69D8CD920F8C1F469B1CE.d.6138EBC488653C18FB3E4649C0279AA4.e.657","ELEMENT":"f.1D371F0606E69D8CD920F8C1F469B1CE.d.6138EBC488653C18FB3E4649C0279AA4.e.657"}]}
RESULT: {"script":"<script> [8489 bytes]","args":[{"element-6066-11e4-a52e-4f735466cecf":"f.1D371F0606E69D8CD920F8C1F469B1CE.d.6138EBC488653C18FB3E4649C0279AA4.e.657","ELEMENT":"f.1D371F0606E69D8CD920F8C1F469B1CE.d.6138EBC488653C18FB3E4649C0279AA4.e.657"}]}
COMMAND: POST /session/b6c1ba66361885338dbd7e3160017c33/element - {"using":"css selector","value":"#shell-header-logo"}
COMMAND: GET /session/b6c1ba66361885338dbd7e3160017c33/screenshot - {}
RESULT: {"using":"css selector","value":"#shell-header-logo"}
COMMAND: POST /session/b6c1ba66361885338dbd7e3160017c33/element/f.1D371F0606E69D8CD920F8C1F469B1CE.d.6138EBC488653C18FB3E4649C0279AA4.e.323/click - {}
RESULT: {}
RESULT: {}
COMMAND: GET /session/b6c1ba66361885338dbd7e3160017c33/screenshot - {}
RESULT: {}
COMMAND: POST /session/b6c1ba66361885338dbd7e3160017c33/refresh - {}
RESULT: {}
COMMAND: GET /session/b6c1ba66361885338dbd7e3160017c33/screenshot - {}
RESULT: {}
COMMAND: POST /session/b6c1ba66361885338dbd7e3160017c33/execute/async - {"script":"<script> [189 bytes]","args":[]}
RESULT: {"script":"<script> [189 bytes]","args":[]}
COMMAND: POST /session/b6c1ba66361885338dbd7e3160017c33/execute/async - {"script":"<script> [123 bytes]","args":[]}
RESULT: {"script":"<script> [123 bytes]","args":[]}
COMMAND: POST /session/b6c1ba66361885338dbd7e3160017c33/timeouts - {"script":"<number>"}
RESULT: {"script":"<number>"}
COMMAND: GET /session/b6c1ba66361885338dbd7e3160017c33/timeouts - {}
RESULT: {}
RESULT: undefined
COMMAND: POST /session/b6c1ba66361885338dbd7e3160017c33/execute/async - {"script":"<script> [2676 bytes]","args":[]}
RESULT: {"script":"<script> [2676 bytes]","args":[]}
COMMAND: POST /session/b6c1ba66361885338dbd7e3160017c33/execute/async - {"script":"<script> [2342 bytes]","args":[{"protocol":"http","hostname":"0.0.0.0","path":"/","capabilities":{"browserName":"chrome","goog:chromeOptions":{"binary":"C:\\Program Files\\Google\\Chrome\\Application\\chrome.exe","args":["--start-maximized"]}},"logLevel":"warn","connectionRetryTimeout":120000,"connectionRetryCount":3,"logLevels":{},"enableDirectConnect":true,"strictSSL":true,"_":"65 more keys: [\"cacheDir\",\"port\",\"requestedCapabilities\",\"automationProtocol\",\"baseUrl\",\"waitforInterval\",\"waitforTimeout\",\"onReload\",\"beforeCommand\",\"afterCommand\",\"rootDir\",\"specs\",\"suites\",\"exclude\",\"groupLogsByTestSpec\",\"excludeDriverLogs\",\"bail\",\"framework\",\"reporters\",\"services\",\"maxInstances\",\"maxInstancesPerCapability\",\"injectGlobals\",\"filesToWatch\",\"execArgv\",\"runnerEnv\",\"runner\",\"shard\",\"specFileRetries\",\"specFileRetriesDelay\",\"specFileRetriesDeferred\",\"reporterSyncInterval\",\"reporterSyncTimeout\",\"cucumberFeaturesWithLineNumbers\",\"autoCompileOpts\",\"mochaOpts\",\"jasmineOpts\",\"cucumberOpts\",\"onPrepare\",\"onWorkerStart\",\"onWorkerEnd\",\"before\",\"beforeSession\",\"beforeSuite\",\"beforeHook\",\"beforeTest\",\"afterTest\",\"afterHook\",\"afterSuite\",\"afterSession\",\"after\",\"onComplete\",\"beforeAssertion\",\"afterAssertion\",\"beforeFeature\",\"beforeScenario\",\"beforeStep\",\"afterStep\",\"afterScenario\",\"afterFeature\",\"_\",\"suite\",\"$0\",\"ignoredWorkerServices\",\"wdi5\"]"}]}
RESULT: {"script":"<script> [2342 bytes]","args":[{"protocol":"http","hostname":"0.0.0.0","path":"/","capabilities":{"browserName":"chrome","goog:chromeOptions":{"binary":"C:\\Program Files\\Google\\Chrome\\Application\\chrome.exe","args":["--start-maximized"]}},"logLevel":"warn","connectionRetryTimeout":120000,"connectionRetryCount":3,"logLevels":{},"enableDirectConnect":true,"strictSSL":true,"_":"65 more keys: [\"cacheDir\",\"port\",\"requestedCapabilities\",\"automationProtocol\",\"baseUrl\",\"waitforInterval\",\"waitforTimeout\",\"onReload\",\"beforeCommand\",\"afterCommand\",\"rootDir\",\"specs\",\"suites\",\"exclude\",\"groupLogsByTestSpec\",\"excludeDriverLogs\",\"bail\",\"framework\",\"reporters\",\"services\",\"maxInstances\",\"maxInstancesPerCapability\",\"injectGlobals\",\"filesToWatch\",\"execArgv\",\"runnerEnv\",\"runner\",\"shard\",\"specFileRetries\",\"specFileRetriesDelay\",\"specFileRetriesDeferred\",\"reporterSyncInterval\",\"reporterSyncTimeout\",\"cucumberFeaturesWithLineNumbers\",\"autoCompileOpts\",\"mochaOpts\",\"jasmineOpts\",\"cucumberOpts\",\"onPrepare\",\"onWorkerStart\",\"onWorkerEnd\",\"before\",\"beforeSession\",\"beforeSuite\",\"beforeHook\",\"beforeTest\",\"afterTest\",\"afterHook\",\"afterSuite\",\"afterSession\",\"after\",\"onComplete\",\"beforeAssertion\",\"afterAssertion\",\"beforeFeature\",\"beforeScenario\",\"beforeStep\",\"afterStep\",\"afterScenario\",\"afterFeature\",\"_\",\"suite\",\"$0\",\"ignoredWorkerServices\",\"wdi5\"]"}]}
COMMAND: POST /session/b6c1ba66361885338dbd7e3160017c33/execute/async - {"script":"<script> [21126 bytes]","args":[35000]}
RESULT: {"script":"<script> [21126 bytes]","args":[35000]}
]]></system-out>
    </testcase>
    <testcase classname="chrome.137_0_7151_56.windows.ISC_Template_-_Time_schedule_US156099" name="Should create a condition for the spare part" time="60.512">
      <system-out><![CDATA[
COMMAND: POST /session/b6c1ba66361885338dbd7e3160017c33/execute/async - {"script":"<script> [1562 bytes]","args":[{"selector":{"controlType":"sap.m.GenericTile","properties":{"header":"Manage Conditions & Prices"}},"wdio_ui5_key":"sapm.GenericTile{\"header\":\"Manage Conditions & Prices\"}"}]}
RESULT: {"script":"<script> [1562 bytes]","args":[{"selector":{"controlType":"sap.m.GenericTile","properties":{"header":"Manage Conditions & Prices"}},"wdio_ui5_key":"sapm.GenericTile{\"header\":\"Manage Conditions & Prices\"}"}]}
RESULT: undefined
COMMAND: POST /session/b6c1ba66361885338dbd7e3160017c33/element - {"using":"xpath","value":"//*[@id=\"__tile53\"]"}
RESULT: {"using":"xpath","value":"//*[@id=\"__tile53\"]"}
COMMAND: POST /session/b6c1ba66361885338dbd7e3160017c33/element/f.1D371F0606E69D8CD920F8C1F469B1CE.d.DBE87EF6908D320F64A2F523F967F4A1.e.676/click - {}
RESULT: {}
COMMAND: GET /session/b6c1ba66361885338dbd7e3160017c33/screenshot - {}
RESULT: {}
COMMAND: POST /session/b6c1ba66361885338dbd7e3160017c33/elements - {"using":"xpath","value":"//span[text()='Error']"}
RESULT: {"using":"xpath","value":"//span[text()='Error']"}
COMMAND: POST /session/b6c1ba66361885338dbd7e3160017c33/execute/async - {"script":"<script> [1562 bytes]","args":[{"selector":{"id":"application-manageconditionprice-display-component---conditions--smartFilterBar-btnBasicSearch","interaction":{"idSuffix":"I"}},"wdio_ui5_key":"applicationmanageconditionprice-display-component---conditions--smartFilterBar-btnBasicSearch"}]}
RESULT: {"script":"<script> [1562 bytes]","args":[{"selector":{"id":"application-manageconditionprice-display-component---conditions--smartFilterBar-btnBasicSearch","interaction":{"idSuffix":"I"}},"wdio_ui5_key":"applicationmanageconditionprice-display-component---conditions--smartFilterBar-btnBasicSearch"}]}
RESULT: undefined
COMMAND: POST /session/b6c1ba66361885338dbd7e3160017c33/execute/async - {"script":"<script> [776 bytes]","args":[{"enterText":"200013","selector":{"id":"application-manageconditionprice-display-component---conditions--smartFilterBar-btnBasicSearch","interaction":{"idSuffix":"I"}},"clearTextFirst":true,"interactionType":"ENTER_TEXT"}]}
RESULT: {"script":"<script> [776 bytes]","args":[{"enterText":"200013","selector":{"id":"application-manageconditionprice-display-component---conditions--smartFilterBar-btnBasicSearch","interaction":{"idSuffix":"I"}},"clearTextFirst":true,"interactionType":"ENTER_TEXT"}]}
COMMAND: POST /session/b6c1ba66361885338dbd7e3160017c33/actions - {"actions":[{"id":"action3","type":"key","parameters":{},"actions":[{"type":"keyDown","value":"î€‡"},{"type":"pause","duration":10},{"type":"keyUp","value":"î€‡"}]}]}
RESULT: {"actions":[{"id":"action3","type":"key","parameters":{},"actions":[{"type":"keyDown","value":"î€‡"},{"type":"pause","duration":10},{"type":"keyUp","value":"î€‡"}]}]}
COMMAND: GET /session/b6c1ba66361885338dbd7e3160017c33/screenshot - {}
RESULT: {}
COMMAND: POST /session/b6c1ba66361885338dbd7e3160017c33/element - {"using":"xpath","value":"//span[contains(@id ,\"application-manageconditionprice-display-component---conditions--smartTable-header-inner\")][contains(text(), \"Records (1)\")]"}
RESULT: {"using":"xpath","value":"//span[contains(@id ,\"application-manageconditionprice-display-component---conditions--smartTable-header-inner\")][contains(text(), \"Records (1)\")]"}
COMMAND: POST /session/b6c1ba66361885338dbd7e3160017c33/execute/sync - {"script":"<script> [8489 bytes]","args":[{"element-6066-11e4-a52e-4f735466cecf":"f.1D371F0606E69D8CD920F8C1F469B1CE.d.DBE87EF6908D320F64A2F523F967F4A1.e.871","ELEMENT":"f.1D371F0606E69D8CD920F8C1F469B1CE.d.DBE87EF6908D320F64A2F523F967F4A1.e.871"}]}
RESULT: {"script":"<script> [8489 bytes]","args":[{"element-6066-11e4-a52e-4f735466cecf":"f.1D371F0606E69D8CD920F8C1F469B1CE.d.DBE87EF6908D320F64A2F523F967F4A1.e.871","ELEMENT":"f.1D371F0606E69D8CD920F8C1F469B1CE.d.DBE87EF6908D320F64A2F523F967F4A1.e.871"}]}
COMMAND: POST /session/b6c1ba66361885338dbd7e3160017c33/element - {"using":"css selector","value":"#shell-header-logo"}
COMMAND: GET /session/b6c1ba66361885338dbd7e3160017c33/screenshot - {}
RESULT: {"using":"css selector","value":"#shell-header-logo"}
COMMAND: POST /session/b6c1ba66361885338dbd7e3160017c33/element/f.1D371F0606E69D8CD920F8C1F469B1CE.d.DBE87EF6908D320F64A2F523F967F4A1.e.679/click - {}
RESULT: {}
RESULT: {}
COMMAND: GET /session/b6c1ba66361885338dbd7e3160017c33/screenshot - {}
RESULT: {}
COMMAND: POST /session/b6c1ba66361885338dbd7e3160017c33/refresh - {}
RESULT: {}
COMMAND: GET /session/b6c1ba66361885338dbd7e3160017c33/screenshot - {}
RESULT: {}
COMMAND: POST /session/b6c1ba66361885338dbd7e3160017c33/execute/async - {"script":"<script> [189 bytes]","args":[]}
RESULT: {"script":"<script> [189 bytes]","args":[]}
COMMAND: POST /session/b6c1ba66361885338dbd7e3160017c33/execute/async - {"script":"<script> [123 bytes]","args":[]}
RESULT: {"script":"<script> [123 bytes]","args":[]}
COMMAND: POST /session/b6c1ba66361885338dbd7e3160017c33/timeouts - {"script":"<number>"}
RESULT: {"script":"<number>"}
COMMAND: GET /session/b6c1ba66361885338dbd7e3160017c33/timeouts - {}
RESULT: {}
RESULT: undefined
COMMAND: POST /session/b6c1ba66361885338dbd7e3160017c33/execute/async - {"script":"<script> [2676 bytes]","args":[]}
RESULT: {"script":"<script> [2676 bytes]","args":[]}
COMMAND: POST /session/b6c1ba66361885338dbd7e3160017c33/execute/async - {"script":"<script> [2342 bytes]","args":[{"protocol":"http","hostname":"0.0.0.0","path":"/","capabilities":{"browserName":"chrome","goog:chromeOptions":{"binary":"C:\\Program Files\\Google\\Chrome\\Application\\chrome.exe","args":["--start-maximized"]}},"logLevel":"warn","connectionRetryTimeout":120000,"connectionRetryCount":3,"logLevels":{},"enableDirectConnect":true,"strictSSL":true,"_":"65 more keys: [\"cacheDir\",\"port\",\"requestedCapabilities\",\"automationProtocol\",\"baseUrl\",\"waitforInterval\",\"waitforTimeout\",\"onReload\",\"beforeCommand\",\"afterCommand\",\"rootDir\",\"specs\",\"suites\",\"exclude\",\"groupLogsByTestSpec\",\"excludeDriverLogs\",\"bail\",\"framework\",\"reporters\",\"services\",\"maxInstances\",\"maxInstancesPerCapability\",\"injectGlobals\",\"filesToWatch\",\"execArgv\",\"runnerEnv\",\"runner\",\"shard\",\"specFileRetries\",\"specFileRetriesDelay\",\"specFileRetriesDeferred\",\"reporterSyncInterval\",\"reporterSyncTimeout\",\"cucumberFeaturesWithLineNumbers\",\"autoCompileOpts\",\"mochaOpts\",\"jasmineOpts\",\"cucumberOpts\",\"onPrepare\",\"onWorkerStart\",\"onWorkerEnd\",\"before\",\"beforeSession\",\"beforeSuite\",\"beforeHook\",\"beforeTest\",\"afterTest\",\"afterHook\",\"afterSuite\",\"afterSession\",\"after\",\"onComplete\",\"beforeAssertion\",\"afterAssertion\",\"beforeFeature\",\"beforeScenario\",\"beforeStep\",\"afterStep\",\"afterScenario\",\"afterFeature\",\"_\",\"suite\",\"$0\",\"ignoredWorkerServices\",\"wdi5\"]"}]}
RESULT: {"script":"<script> [2342 bytes]","args":[{"protocol":"http","hostname":"0.0.0.0","path":"/","capabilities":{"browserName":"chrome","goog:chromeOptions":{"binary":"C:\\Program Files\\Google\\Chrome\\Application\\chrome.exe","args":["--start-maximized"]}},"logLevel":"warn","connectionRetryTimeout":120000,"connectionRetryCount":3,"logLevels":{},"enableDirectConnect":true,"strictSSL":true,"_":"65 more keys: [\"cacheDir\",\"port\",\"requestedCapabilities\",\"automationProtocol\",\"baseUrl\",\"waitforInterval\",\"waitforTimeout\",\"onReload\",\"beforeCommand\",\"afterCommand\",\"rootDir\",\"specs\",\"suites\",\"exclude\",\"groupLogsByTestSpec\",\"excludeDriverLogs\",\"bail\",\"framework\",\"reporters\",\"services\",\"maxInstances\",\"maxInstancesPerCapability\",\"injectGlobals\",\"filesToWatch\",\"execArgv\",\"runnerEnv\",\"runner\",\"shard\",\"specFileRetries\",\"specFileRetriesDelay\",\"specFileRetriesDeferred\",\"reporterSyncInterval\",\"reporterSyncTimeout\",\"cucumberFeaturesWithLineNumbers\",\"autoCompileOpts\",\"mochaOpts\",\"jasmineOpts\",\"cucumberOpts\",\"onPrepare\",\"onWorkerStart\",\"onWorkerEnd\",\"before\",\"beforeSession\",\"beforeSuite\",\"beforeHook\",\"beforeTest\",\"afterTest\",\"afterHook\",\"afterSuite\",\"afterSession\",\"after\",\"onComplete\",\"beforeAssertion\",\"afterAssertion\",\"beforeFeature\",\"beforeScenario\",\"beforeStep\",\"afterStep\",\"afterScenario\",\"afterFeature\",\"_\",\"suite\",\"$0\",\"ignoredWorkerServices\",\"wdi5\"]"}]}
COMMAND: POST /session/b6c1ba66361885338dbd7e3160017c33/execute/async - {"script":"<script> [21126 bytes]","args":[35000]}
RESULT: {"script":"<script> [21126 bytes]","args":[35000]}
]]></system-out>
    </testcase>
    <testcase classname="chrome.137_0_7151_56.windows.ISC_Template_-_Time_schedule_US156099" name="Should create a new time template" time="203.405">
      <system-out><![CDATA[
COMMAND: POST /session/b6c1ba66361885338dbd7e3160017c33/element - {"using":"css selector","value":"#shell-header-logo"}
RESULT: {"using":"css selector","value":"#shell-header-logo"}
COMMAND: POST /session/b6c1ba66361885338dbd7e3160017c33/element/f.1D371F0606E69D8CD920F8C1F469B1CE.d.60B65BA19D5762E181A8DC8B547CE567.e.893/click - {}
RESULT: {}
COMMAND: GET /session/b6c1ba66361885338dbd7e3160017c33/screenshot - {}
RESULT: {}
COMMAND: POST /session/b6c1ba66361885338dbd7e3160017c33/execute/async - {"script":"<script> [1562 bytes]","args":[{"selector":{"controlType":"sap.m.GenericTile","properties":{"header":"ISC Templates"}},"wdio_ui5_key":"sapm.GenericTile{\"header\":\"ISC Templates\"}"}]}
RESULT: {"script":"<script> [1562 bytes]","args":[{"selector":{"controlType":"sap.m.GenericTile","properties":{"header":"ISC Templates"}},"wdio_ui5_key":"sapm.GenericTile{\"header\":\"ISC Templates\"}"}]}
RESULT: undefined
COMMAND: POST /session/b6c1ba66361885338dbd7e3160017c33/element - {"using":"xpath","value":"//*[@id=\"__tile111\"]"}
RESULT: {"using":"xpath","value":"//*[@id=\"__tile111\"]"}
COMMAND: POST /session/b6c1ba66361885338dbd7e3160017c33/element/f.1D371F0606E69D8CD920F8C1F469B1CE.d.60B65BA19D5762E181A8DC8B547CE567.e.894/click - {}
RESULT: {}
COMMAND: GET /session/b6c1ba66361885338dbd7e3160017c33/screenshot - {}
RESULT: {}
COMMAND: POST /session/b6c1ba66361885338dbd7e3160017c33/elements - {"using":"xpath","value":"//span[text()='Error']"}
RESULT: {"using":"xpath","value":"//span[text()='Error']"}
COMMAND: POST /session/b6c1ba66361885338dbd7e3160017c33/execute/async - {"script":"<script> [1562 bytes]","args":[{"selector":{"id":"application-isctemplates-display-component---masterSafetyAndCompliance--idCreate-img"},"wdio_ui5_key":"applicationisctemplates-display-component---masterSafetyAndCompliance--idCreate-img"}]}
RESULT: {"script":"<script> [1562 bytes]","args":[{"selector":{"id":"application-isctemplates-display-component---masterSafetyAndCompliance--idCreate-img"},"wdio_ui5_key":"applicationisctemplates-display-component---masterSafetyAndCompliance--idCreate-img"}]}
RESULT: undefined
COMMAND: POST /session/b6c1ba66361885338dbd7e3160017c33/element - {"using":"xpath","value":"//*[@id=\"application-isctemplates-display-component---masterSafetyAndCompliance--idCreate-img\"]"}
RESULT: {"using":"xpath","value":"//*[@id=\"application-isctemplates-display-component---masterSafetyAndCompliance--idCreate-img\"]"}
COMMAND: POST /session/b6c1ba66361885338dbd7e3160017c33/element/f.1D371F0606E69D8CD920F8C1F469B1CE.d.60B65BA19D5762E181A8DC8B547CE567.e.937/click - {}
RESULT: {}
COMMAND: GET /session/b6c1ba66361885338dbd7e3160017c33/screenshot - {}
RESULT: {}
COMMAND: POST /session/b6c1ba66361885338dbd7e3160017c33/execute/async - {"script":"<script> [1562 bytes]","args":[{"selector":{"id":"application-isctemplates-display-component---addDetailSafetyAndCompliance--iscTypeSelect","interaction":{"idSuffix":"arrow"}},"wdio_ui5_key":"applicationisctemplates-display-component---addDetailSafetyAndCompliance--iscTypeSelect"}]}
RESULT: {"script":"<script> [1562 bytes]","args":[{"selector":{"id":"application-isctemplates-display-component---addDetailSafetyAndCompliance--iscTypeSelect","interaction":{"idSuffix":"arrow"}},"wdio_ui5_key":"applicationisctemplates-display-component---addDetailSafetyAndCompliance--iscTypeSelect"}]}
RESULT: undefined
COMMAND: POST /session/b6c1ba66361885338dbd7e3160017c33/element - {"using":"xpath","value":"//*[@id=\"application-isctemplates-display-component---addDetailSafetyAndCompliance--iscTypeSelect\"]"}
RESULT: {"using":"xpath","value":"//*[@id=\"application-isctemplates-display-component---addDetailSafetyAndCompliance--iscTypeSelect\"]"}
COMMAND: POST /session/b6c1ba66361885338dbd7e3160017c33/element/f.1D371F0606E69D8CD920F8C1F469B1CE.d.60B65BA19D5762E181A8DC8B547CE567.e.1276/click - {}
RESULT: {}
COMMAND: GET /session/b6c1ba66361885338dbd7e3160017c33/screenshot - {}
RESULT: {}
COMMAND: POST /session/b6c1ba66361885338dbd7e3160017c33/element - {"using":"xpath","value":"(//li[contains(text(), \"Time based planning\")])[1]"}
RESULT: {"using":"xpath","value":"(//li[contains(text(), \"Time based planning\")])[1]"}
COMMAND: POST /session/b6c1ba66361885338dbd7e3160017c33/element/f.1D371F0606E69D8CD920F8C1F469B1CE.d.60B65BA19D5762E181A8DC8B547CE567.e.1277/click - {}
RESULT: {}
COMMAND: GET /session/b6c1ba66361885338dbd7e3160017c33/screenshot - {}
RESULT: {}
COMMAND: POST /session/b6c1ba66361885338dbd7e3160017c33/element - {"using":"xpath","value":"//input[contains(@id ,\"application-isctemplates-display-component---addDetailSafetyAndCompliance--validFromDate-inner\")]"}
RESULT: {"using":"xpath","value":"//input[contains(@id ,\"application-isctemplates-display-component---addDetailSafetyAndCompliance--validFromDate-inner\")]"}
COMMAND: POST /session/b6c1ba66361885338dbd7e3160017c33/element/f.1D371F0606E69D8CD920F8C1F469B1CE.d.60B65BA19D5762E181A8DC8B547CE567.e.967/clear - {}
RESULT: {}
COMMAND: GET /session/b6c1ba66361885338dbd7e3160017c33/screenshot - {}
RESULT: {}
COMMAND: POST /session/b6c1ba66361885338dbd7e3160017c33/element/f.1D371F0606E69D8CD920F8C1F469B1CE.d.60B65BA19D5762E181A8DC8B547CE567.e.967/clear - {}
RESULT: {}
COMMAND: POST /session/b6c1ba66361885338dbd7e3160017c33/element/f.1D371F0606E69D8CD920F8C1F469B1CE.d.60B65BA19D5762E181A8DC8B547CE567.e.967/value - {"text":"1/1/25"}
COMMAND: GET /session/b6c1ba66361885338dbd7e3160017c33/screenshot - {}
RESULT: {"text":"1/1/25"}
COMMAND: POST /session/b6c1ba66361885338dbd7e3160017c33/element - {"using":"xpath","value":"//input[contains(@id ,\"application-isctemplates-display-component---addDetailSafetyAndCompliance--validToDate-inner\")]"}
COMMAND: GET /session/b6c1ba66361885338dbd7e3160017c33/screenshot - {}
RESULT: {}
RESULT: {"using":"xpath","value":"//input[contains(@id ,\"application-isctemplates-display-component---addDetailSafetyAndCompliance--validToDate-inner\")]"}
COMMAND: POST /session/b6c1ba66361885338dbd7e3160017c33/element/f.1D371F0606E69D8CD920F8C1F469B1CE.d.60B65BA19D5762E181A8DC8B547CE567.e.968/clear - {}
RESULT: {}
RESULT: {}
COMMAND: GET /session/b6c1ba66361885338dbd7e3160017c33/screenshot - {}
RESULT: {}
COMMAND: POST /session/b6c1ba66361885338dbd7e3160017c33/element/f.1D371F0606E69D8CD920F8C1F469B1CE.d.60B65BA19D5762E181A8DC8B547CE567.e.968/clear - {}
RESULT: {}
COMMAND: POST /session/b6c1ba66361885338dbd7e3160017c33/element/f.1D371F0606E69D8CD920F8C1F469B1CE.d.60B65BA19D5762E181A8DC8B547CE567.e.968/value - {"text":"11/11/49"}
COMMAND: GET /session/b6c1ba66361885338dbd7e3160017c33/screenshot - {}
RESULT: {"text":"11/11/49"}
COMMAND: POST /session/b6c1ba66361885338dbd7e3160017c33/execute/async - {"script":"<script> [1562 bytes]","args":[{"selector":{"id":"application-isctemplates-display-component---addDetailSafetyAndCompliance--sitNameInput","interaction":{"idSuffix":"inner"}},"wdio_ui5_key":"applicationisctemplates-display-component---addDetailSafetyAndCompliance--sitNameInput"}]}
COMMAND: GET /session/b6c1ba66361885338dbd7e3160017c33/screenshot - {}
RESULT: {}
RESULT: {"script":"<script> [1562 bytes]","args":[{"selector":{"id":"application-isctemplates-display-component---addDetailSafetyAndCompliance--sitNameInput","interaction":{"idSuffix":"inner"}},"wdio_ui5_key":"applicationisctemplates-display-component---addDetailSafetyAndCompliance--sitNameInput"}]}
RESULT: undefined
COMMAND: POST /session/b6c1ba66361885338dbd7e3160017c33/execute/async - {"script":"<script> [776 bytes]","args":[{"enterText":"Webdriver ISC time","selector":{"id":"application-isctemplates-display-component---addDetailSafetyAndCompliance--sitNameInput","interaction":{"idSuffix":"inner"}},"clearTextFirst":true,"interactionType":"ENTER_TEXT"}]}
RESULT: {}
RESULT: {"script":"<script> [776 bytes]","args":[{"enterText":"Webdriver ISC time","selector":{"id":"application-isctemplates-display-component---addDetailSafetyAndCompliance--sitNameInput","interaction":{"idSuffix":"inner"}},"clearTextFirst":true,"interactionType":"ENTER_TEXT"}]}
COMMAND: POST /session/b6c1ba66361885338dbd7e3160017c33/execute/async - {"script":"<script> [1562 bytes]","args":[{"selector":{"id":"application-isctemplates-display-component---addDetailSafetyAndCompliance--tempDesc","interaction":{"idSuffix":"inner"}},"wdio_ui5_key":"applicationisctemplates-display-component---addDetailSafetyAndCompliance--tempDesc"}]}
RESULT: {"script":"<script> [1562 bytes]","args":[{"selector":{"id":"application-isctemplates-display-component---addDetailSafetyAndCompliance--tempDesc","interaction":{"idSuffix":"inner"}},"wdio_ui5_key":"applicationisctemplates-display-component---addDetailSafetyAndCompliance--tempDesc"}]}
RESULT: undefined
COMMAND: POST /session/b6c1ba66361885338dbd7e3160017c33/execute/async - {"script":"<script> [776 bytes]","args":[{"enterText":"ISC time","selector":{"id":"application-isctemplates-display-component---addDetailSafetyAndCompliance--tempDesc","interaction":{"idSuffix":"inner"}},"clearTextFirst":true,"interactionType":"ENTER_TEXT"}]}
RESULT: {"script":"<script> [776 bytes]","args":[{"enterText":"ISC time","selector":{"id":"application-isctemplates-display-component---addDetailSafetyAndCompliance--tempDesc","interaction":{"idSuffix":"inner"}},"clearTextFirst":true,"interactionType":"ENTER_TEXT"}]}
COMMAND: POST /session/b6c1ba66361885338dbd7e3160017c33/execute/async - {"script":"<script> [1562 bytes]","args":[{"selector":{"id":"application-isctemplates-display-component---addDetailSafetyAndCompliance--firstInsp","interaction":{"idSuffix":"inner"}},"wdio_ui5_key":"applicationisctemplates-display-component---addDetailSafetyAndCompliance--firstInsp"}]}
RESULT: {"script":"<script> [1562 bytes]","args":[{"selector":{"id":"application-isctemplates-display-component---addDetailSafetyAndCompliance--firstInsp","interaction":{"idSuffix":"inner"}},"wdio_ui5_key":"applicationisctemplates-display-component---addDetailSafetyAndCompliance--firstInsp"}]}
RESULT: undefined
COMMAND: POST /session/b6c1ba66361885338dbd7e3160017c33/execute/async - {"script":"<script> [776 bytes]","args":[{"enterText":"1","selector":{"id":"application-isctemplates-display-component---addDetailSafetyAndCompliance--firstInsp","interaction":{"idSuffix":"inner"}},"clearTextFirst":true,"interactionType":"ENTER_TEXT"}]}
RESULT: {"script":"<script> [776 bytes]","args":[{"enterText":"1","selector":{"id":"application-isctemplates-display-component---addDetailSafetyAndCompliance--firstInsp","interaction":{"idSuffix":"inner"}},"clearTextFirst":true,"interactionType":"ENTER_TEXT"}]}
COMMAND: POST /session/b6c1ba66361885338dbd7e3160017c33/execute/async - {"script":"<script> [1562 bytes]","args":[{"selector":{"id":"application-isctemplates-display-component---addDetailSafetyAndCompliance--inspectionDimension","interaction":{"idSuffix":"inner"}},"wdio_ui5_key":"applicationisctemplates-display-component---addDetailSafetyAndCompliance--inspectionDimension"}]}
RESULT: {"script":"<script> [1562 bytes]","args":[{"selector":{"id":"application-isctemplates-display-component---addDetailSafetyAndCompliance--inspectionDimension","interaction":{"idSuffix":"inner"}},"wdio_ui5_key":"applicationisctemplates-display-component---addDetailSafetyAndCompliance--inspectionDimension"}]}
RESULT: undefined
COMMAND: POST /session/b6c1ba66361885338dbd7e3160017c33/execute/async - {"script":"<script> [776 bytes]","args":[{"enterText":"Days","selector":{"id":"application-isctemplates-display-component---addDetailSafetyAndCompliance--inspectionDimension","interaction":{"idSuffix":"inner"}},"clearTextFirst":true,"interactionType":"ENTER_TEXT"}]}
RESULT: {"script":"<script> [776 bytes]","args":[{"enterText":"Days","selector":{"id":"application-isctemplates-display-component---addDetailSafetyAndCompliance--inspectionDimension","interaction":{"idSuffix":"inner"}},"clearTextFirst":true,"interactionType":"ENTER_TEXT"}]}
COMMAND: POST /session/b6c1ba66361885338dbd7e3160017c33/element - {"using":"xpath","value":"//input[contains(@id ,\"application-isctemplates-display-component---addDetailSafetyAndCompliance--firstIntv-inner\")]"}
RESULT: {"using":"xpath","value":"//input[contains(@id ,\"application-isctemplates-display-component---addDetailSafetyAndCompliance--firstIntv-inner\")]"}
COMMAND: POST /session/b6c1ba66361885338dbd7e3160017c33/element/f.1D371F0606E69D8CD920F8C1F469B1CE.d.60B65BA19D5762E181A8DC8B547CE567.e.1282/clear - {}
RESULT: {}
COMMAND: POST /session/b6c1ba66361885338dbd7e3160017c33/element/f.1D371F0606E69D8CD920F8C1F469B1CE.d.60B65BA19D5762E181A8DC8B547CE567.e.1282/value - {"text":"1"}
COMMAND: GET /session/b6c1ba66361885338dbd7e3160017c33/screenshot - {}
RESULT: {"text":"1"}
COMMAND: POST /session/b6c1ba66361885338dbd7e3160017c33/element - {"using":"xpath","value":"//input[contains(@id ,\"application-isctemplates-display-component---addDetailSafetyAndCompliance--intervalDimension-inner\")]"}
COMMAND: GET /session/b6c1ba66361885338dbd7e3160017c33/screenshot - {}
RESULT: {}
RESULT: {"using":"xpath","value":"//input[contains(@id ,\"application-isctemplates-display-component---addDetailSafetyAndCompliance--intervalDimension-inner\")]"}
COMMAND: POST /session/b6c1ba66361885338dbd7e3160017c33/element/f.1D371F0606E69D8CD920F8C1F469B1CE.d.60B65BA19D5762E181A8DC8B547CE567.e.1288/clear - {}
RESULT: {}
RESULT: {}
COMMAND: POST /session/b6c1ba66361885338dbd7e3160017c33/element/f.1D371F0606E69D8CD920F8C1F469B1CE.d.60B65BA19D5762E181A8DC8B547CE567.e.1288/value - {"text":"Years"}
COMMAND: GET /session/b6c1ba66361885338dbd7e3160017c33/screenshot - {}
RESULT: {"text":"Years"}
COMMAND: GET /session/b6c1ba66361885338dbd7e3160017c33/screenshot - {}
RESULT: {}
RESULT: {}
COMMAND: POST /session/b6c1ba66361885338dbd7e3160017c33/element - {"using":"xpath","value":"//input[contains(@id ,\"application-isctemplates-display-component---addDetailSafetyAndCompliance--durationEditMode-inner\")]"}
RESULT: {"using":"xpath","value":"//input[contains(@id ,\"application-isctemplates-display-component---addDetailSafetyAndCompliance--durationEditMode-inner\")]"}
COMMAND: POST /session/b6c1ba66361885338dbd7e3160017c33/element/f.1D371F0606E69D8CD920F8C1F469B1CE.d.60B65BA19D5762E181A8DC8B547CE567.e.1283/clear - {}
RESULT: {}
COMMAND: POST /session/b6c1ba66361885338dbd7e3160017c33/element/f.1D371F0606E69D8CD920F8C1F469B1CE.d.60B65BA19D5762E181A8DC8B547CE567.e.1283/value - {"text":"1"}
COMMAND: GET /session/b6c1ba66361885338dbd7e3160017c33/screenshot - {}
RESULT: {"text":"1"}
COMMAND: POST /session/b6c1ba66361885338dbd7e3160017c33/element - {"using":"xpath","value":"//input[contains(@id ,\"application-isctemplates-display-component---addDetailSafetyAndCompliance--durationDimension-inner\")]"}
COMMAND: GET /session/b6c1ba66361885338dbd7e3160017c33/screenshot - {}
RESULT: {}
RESULT: {"using":"xpath","value":"//input[contains(@id ,\"application-isctemplates-display-component---addDetailSafetyAndCompliance--durationDimension-inner\")]"}
COMMAND: POST /session/b6c1ba66361885338dbd7e3160017c33/element/f.1D371F0606E69D8CD920F8C1F469B1CE.d.60B65BA19D5762E181A8DC8B547CE567.e.1289/clear - {}
RESULT: {}
RESULT: {}
COMMAND: POST /session/b6c1ba66361885338dbd7e3160017c33/element/f.1D371F0606E69D8CD920F8C1F469B1CE.d.60B65BA19D5762E181A8DC8B547CE567.e.1289/value - {"text":"Days"}
COMMAND: GET /session/b6c1ba66361885338dbd7e3160017c33/screenshot - {}
RESULT: {"text":"Days"}
COMMAND: POST /session/b6c1ba66361885338dbd7e3160017c33/element - {"using":"xpath","value":"//input[contains(@id ,\"application-isctemplates-display-component---addDetailSafetyAndCompliance--remindersInput-inner\")]"}
COMMAND: GET /session/b6c1ba66361885338dbd7e3160017c33/screenshot - {}
RESULT: {}
RESULT: {"using":"xpath","value":"//input[contains(@id ,\"application-isctemplates-display-component---addDetailSafetyAndCompliance--remindersInput-inner\")]"}
COMMAND: POST /session/b6c1ba66361885338dbd7e3160017c33/element/f.1D371F0606E69D8CD920F8C1F469B1CE.d.60B65BA19D5762E181A8DC8B547CE567.e.1284/clear - {}
RESULT: {}
RESULT: {}
COMMAND: POST /session/b6c1ba66361885338dbd7e3160017c33/element/f.1D371F0606E69D8CD920F8C1F469B1CE.d.60B65BA19D5762E181A8DC8B547CE567.e.1284/value - {"text":"2"}
COMMAND: GET /session/b6c1ba66361885338dbd7e3160017c33/screenshot - {}
RESULT: {"text":"2"}
COMMAND: POST /session/b6c1ba66361885338dbd7e3160017c33/element - {"using":"xpath","value":"//input[contains(@id ,\"application-isctemplates-display-component---addDetailSafetyAndCompliance--reminderDimension-inner\")]"}
COMMAND: GET /session/b6c1ba66361885338dbd7e3160017c33/screenshot - {}
RESULT: {}
RESULT: {"using":"xpath","value":"//input[contains(@id ,\"application-isctemplates-display-component---addDetailSafetyAndCompliance--reminderDimension-inner\")]"}
COMMAND: POST /session/b6c1ba66361885338dbd7e3160017c33/element/f.1D371F0606E69D8CD920F8C1F469B1CE.d.60B65BA19D5762E181A8DC8B547CE567.e.1290/clear - {}
RESULT: {}
RESULT: {}
COMMAND: POST /session/b6c1ba66361885338dbd7e3160017c33/element/f.1D371F0606E69D8CD920F8C1F469B1CE.d.60B65BA19D5762E181A8DC8B547CE567.e.1290/value - {"text":"Weeks"}
COMMAND: GET /session/b6c1ba66361885338dbd7e3160017c33/screenshot - {}
RESULT: {"text":"Weeks"}
COMMAND: POST /session/b6c1ba66361885338dbd7e3160017c33/element - {"using":"xpath","value":"//input[contains(@id ,\"application-isctemplates-display-component---addDetailSafetyAndCompliance--recurringReminder-inner\")]"}
COMMAND: GET /session/b6c1ba66361885338dbd7e3160017c33/screenshot - {}
RESULT: {}
RESULT: {"using":"xpath","value":"//input[contains(@id ,\"application-isctemplates-display-component---addDetailSafetyAndCompliance--recurringReminder-inner\")]"}
COMMAND: POST /session/b6c1ba66361885338dbd7e3160017c33/element/f.1D371F0606E69D8CD920F8C1F469B1CE.d.60B65BA19D5762E181A8DC8B547CE567.e.1285/clear - {}
RESULT: {}
RESULT: {}
COMMAND: POST /session/b6c1ba66361885338dbd7e3160017c33/element/f.1D371F0606E69D8CD920F8C1F469B1CE.d.60B65BA19D5762E181A8DC8B547CE567.e.1285/value - {"text":"2"}
COMMAND: GET /session/b6c1ba66361885338dbd7e3160017c33/screenshot - {}
RESULT: {"text":"2"}
COMMAND: POST /session/b6c1ba66361885338dbd7e3160017c33/element - {"using":"xpath","value":"//input[contains(@id ,\"application-isctemplates-display-component---addDetailSafetyAndCompliance--recurringReminderUom-inner\")]"}
COMMAND: GET /session/b6c1ba66361885338dbd7e3160017c33/screenshot - {}
RESULT: {}
RESULT: {"using":"xpath","value":"//input[contains(@id ,\"application-isctemplates-display-component---addDetailSafetyAndCompliance--recurringReminderUom-inner\")]"}
COMMAND: POST /session/b6c1ba66361885338dbd7e3160017c33/element/f.1D371F0606E69D8CD920F8C1F469B1CE.d.60B65BA19D5762E181A8DC8B547CE567.e.1291/clear - {}
RESULT: {}
RESULT: {}
COMMAND: POST /session/b6c1ba66361885338dbd7e3160017c33/element/f.1D371F0606E69D8CD920F8C1F469B1CE.d.60B65BA19D5762E181A8DC8B547CE567.e.1291/value - {"text":"Weeks"}
COMMAND: GET /session/b6c1ba66361885338dbd7e3160017c33/screenshot - {}
RESULT: {"text":"Weeks"}
COMMAND: POST /session/b6c1ba66361885338dbd7e3160017c33/element - {"using":"xpath","value":"//input[contains(@id ,\"application-isctemplates-display-component---addDetailSafetyAndCompliance--recurringReminderRepetitions-inner\")]"}
COMMAND: GET /session/b6c1ba66361885338dbd7e3160017c33/screenshot - {}
RESULT: {}
RESULT: {"using":"xpath","value":"//input[contains(@id ,\"application-isctemplates-display-component---addDetailSafetyAndCompliance--recurringReminderRepetitions-inner\")]"}
COMMAND: POST /session/b6c1ba66361885338dbd7e3160017c33/element/f.1D371F0606E69D8CD920F8C1F469B1CE.d.60B65BA19D5762E181A8DC8B547CE567.e.1286/clear - {}
RESULT: {}
RESULT: {}
COMMAND: POST /session/b6c1ba66361885338dbd7e3160017c33/element/f.1D371F0606E69D8CD920F8C1F469B1CE.d.60B65BA19D5762E181A8DC8B547CE567.e.1286/value - {"text":"2"}
COMMAND: GET /session/b6c1ba66361885338dbd7e3160017c33/screenshot - {}
RESULT: {"text":"2"}
COMMAND: POST /session/b6c1ba66361885338dbd7e3160017c33/element - {"using":"xpath","value":"//input[contains(@id ,\"application-isctemplates-display-component---addDetailSafetyAndCompliance--tagInputAdd-inner\")]"}
COMMAND: GET /session/b6c1ba66361885338dbd7e3160017c33/screenshot - {}
RESULT: {}
RESULT: {"using":"xpath","value":"//input[contains(@id ,\"application-isctemplates-display-component---addDetailSafetyAndCompliance--tagInputAdd-inner\")]"}
COMMAND: POST /session/b6c1ba66361885338dbd7e3160017c33/element/f.1D371F0606E69D8CD920F8C1F469B1CE.d.60B65BA19D5762E181A8DC8B547CE567.e.1157/clear - {}
RESULT: {}
RESULT: {}
COMMAND: POST /session/b6c1ba66361885338dbd7e3160017c33/element/f.1D371F0606E69D8CD920F8C1F469B1CE.d.60B65BA19D5762E181A8DC8B547CE567.e.1157/value - {"text":"Webdriver"}
COMMAND: GET /session/b6c1ba66361885338dbd7e3160017c33/screenshot - {}
RESULT: {"text":"Webdriver"}
COMMAND: GET /session/b6c1ba66361885338dbd7e3160017c33/screenshot - {}
RESULT: {}
RESULT: {}
COMMAND: POST /session/b6c1ba66361885338dbd7e3160017c33/actions - {"actions":[{"id":"action4","type":"key","parameters":{},"actions":[{"type":"keyDown","value":"î€‡"},{"type":"pause","duration":10},{"type":"keyUp","value":"î€‡"}]}]}
RESULT: {"actions":[{"id":"action4","type":"key","parameters":{},"actions":[{"type":"keyDown","value":"î€‡"},{"type":"pause","duration":10},{"type":"keyUp","value":"î€‡"}]}]}
COMMAND: GET /session/b6c1ba66361885338dbd7e3160017c33/screenshot - {}
RESULT: {}
COMMAND: POST /session/b6c1ba66361885338dbd7e3160017c33/actions - {"actions":[{"id":"action5","type":"key","parameters":{},"actions":[{"type":"keyDown","value":"î€„"},{"type":"pause","duration":10},{"type":"keyUp","value":"î€„"}]}]}
RESULT: {"actions":[{"id":"action5","type":"key","parameters":{},"actions":[{"type":"keyDown","value":"î€„"},{"type":"pause","duration":10},{"type":"keyUp","value":"î€„"}]}]}
COMMAND: POST /session/b6c1ba66361885338dbd7e3160017c33/actions - {"actions":[{"id":"action6","type":"key","parameters":{},"actions":[{"type":"keyDown","value":"î€„"},{"type":"pause","duration":10},{"type":"keyUp","value":"î€„"}]}]}
COMMAND: GET /session/b6c1ba66361885338dbd7e3160017c33/screenshot - {}
RESULT: {"actions":[{"id":"action6","type":"key","parameters":{},"actions":[{"type":"keyDown","value":"î€„"},{"type":"pause","duration":10},{"type":"keyUp","value":"î€„"}]}]}
COMMAND: POST /session/b6c1ba66361885338dbd7e3160017c33/actions - {"actions":[{"id":"action7","type":"key","parameters":{},"actions":[{"type":"keyDown","value":"î€„"},{"type":"pause","duration":10},{"type":"keyUp","value":"î€„"}]}]}
COMMAND: GET /session/b6c1ba66361885338dbd7e3160017c33/screenshot - {}
RESULT: {}
RESULT: {"actions":[{"id":"action7","type":"key","parameters":{},"actions":[{"type":"keyDown","value":"î€„"},{"type":"pause","duration":10},{"type":"keyUp","value":"î€„"}]}]}
COMMAND: POST /session/b6c1ba66361885338dbd7e3160017c33/actions - {"actions":[{"id":"action8","type":"key","parameters":{},"actions":[{"type":"keyDown","value":"î€„"},{"type":"pause","duration":10},{"type":"keyUp","value":"î€„"}]}]}
COMMAND: GET /session/b6c1ba66361885338dbd7e3160017c33/screenshot - {}
RESULT: {}
RESULT: {"actions":[{"id":"action8","type":"key","parameters":{},"actions":[{"type":"keyDown","value":"î€„"},{"type":"pause","duration":10},{"type":"keyUp","value":"î€„"}]}]}
COMMAND: GET /session/b6c1ba66361885338dbd7e3160017c33/screenshot - {}
RESULT: {}
RESULT: {}
COMMAND: POST /session/b6c1ba66361885338dbd7e3160017c33/element - {"using":"xpath","value":"//div[contains(@id ,\"application-isctemplates-display-component---addDetailSafetyAndCompliance--orderReschedulingCheckBox-CbBg\")]"}
RESULT: {"using":"xpath","value":"//div[contains(@id ,\"application-isctemplates-display-component---addDetailSafetyAndCompliance--orderReschedulingCheckBox-CbBg\")]"}
COMMAND: POST /session/b6c1ba66361885338dbd7e3160017c33/element/f.1D371F0606E69D8CD920F8C1F469B1CE.d.60B65BA19D5762E181A8DC8B547CE567.e.1141/click - {}
RESULT: {}
COMMAND: POST /session/b6c1ba66361885338dbd7e3160017c33/element - {"using":"xpath","value":"//div[contains(@id ,\"application-isctemplates-display-component---addDetailSafetyAndCompliance--automaticReleaseCheckBox-CbBg\")]"}
COMMAND: GET /session/b6c1ba66361885338dbd7e3160017c33/screenshot - {}
RESULT: {"using":"xpath","value":"//div[contains(@id ,\"application-isctemplates-display-component---addDetailSafetyAndCompliance--automaticReleaseCheckBox-CbBg\")]"}
COMMAND: POST /session/b6c1ba66361885338dbd7e3160017c33/element/f.1D371F0606E69D8CD920F8C1F469B1CE.d.60B65BA19D5762E181A8DC8B547CE567.e.1143/click - {}
RESULT: {}
RESULT: {}
COMMAND: GET /session/b6c1ba66361885338dbd7e3160017c33/screenshot - {}
RESULT: {}
COMMAND: POST /session/b6c1ba66361885338dbd7e3160017c33/execute/async - {"script":"<script> [1562 bytes]","args":[{"selector":{"controlType":"sap.m.Button","viewName":"etm.portal.ui.isctemplates.view.New","viewId":"application-isctemplates-display-component---addDetailSafetyAndCompliance","properties":{"text":"Tasks"},"interaction":{"idSuffix":"BDI-content"}},"wdio_ui5_key":"etmportal.ui.isctemplates.view.Newsap.m.Button{\"text\":\"Tasks\"}"}]}
RESULT: {"script":"<script> [1562 bytes]","args":[{"selector":{"controlType":"sap.m.Button","viewName":"etm.portal.ui.isctemplates.view.New","viewId":"application-isctemplates-display-component---addDetailSafetyAndCompliance","properties":{"text":"Tasks"},"interaction":{"idSuffix":"BDI-content"}},"wdio_ui5_key":"etmportal.ui.isctemplates.view.Newsap.m.Button{\"text\":\"Tasks\"}"}]}
RESULT: undefined
COMMAND: POST /session/b6c1ba66361885338dbd7e3160017c33/element - {"using":"xpath","value":"//*[@id=\"__layout30-anchBar-__section4-anchor\"]"}
RESULT: {"using":"xpath","value":"//*[@id=\"__layout30-anchBar-__section4-anchor\"]"}
COMMAND: POST /session/b6c1ba66361885338dbd7e3160017c33/element/f.1D371F0606E69D8CD920F8C1F469B1CE.d.60B65BA19D5762E181A8DC8B547CE567.e.1413/click - {}
RESULT: {}
COMMAND: GET /session/b6c1ba66361885338dbd7e3160017c33/screenshot - {}
RESULT: {}
COMMAND: POST /session/b6c1ba66361885338dbd7e3160017c33/execute/async - {"script":"<script> [1562 bytes]","args":[{"selector":{"id":"application-isctemplates-display-component---addDetailSafetyAndCompliance--createTaskButton","interaction":{"idSuffix":"BDI-content"}},"wdio_ui5_key":"applicationisctemplates-display-component---addDetailSafetyAndCompliance--createTaskButton"}]}
RESULT: {"script":"<script> [1562 bytes]","args":[{"selector":{"id":"application-isctemplates-display-component---addDetailSafetyAndCompliance--createTaskButton","interaction":{"idSuffix":"BDI-content"}},"wdio_ui5_key":"applicationisctemplates-display-component---addDetailSafetyAndCompliance--createTaskButton"}]}
RESULT: undefined
COMMAND: POST /session/b6c1ba66361885338dbd7e3160017c33/element - {"using":"xpath","value":"//*[@id=\"application-isctemplates-display-component---addDetailSafetyAndCompliance--createTaskButton\"]"}
RESULT: {"using":"xpath","value":"//*[@id=\"application-isctemplates-display-component---addDetailSafetyAndCompliance--createTaskButton\"]"}
COMMAND: POST /session/b6c1ba66361885338dbd7e3160017c33/element/f.1D371F0606E69D8CD920F8C1F469B1CE.d.60B65BA19D5762E181A8DC8B547CE567.e.1417/click - {}
RESULT: {}
COMMAND: GET /session/b6c1ba66361885338dbd7e3160017c33/screenshot - {}
RESULT: {}
COMMAND: POST /session/b6c1ba66361885338dbd7e3160017c33/execute/async - {"script":"<script> [1562 bytes]","args":[{"selector":{"controlType":"sap.m.Input","viewName":"etm.portal.ui.isctemplates.view.New","viewId":"application-isctemplates-display-component---addDetailSafetyAndCompliance","bindingPath":{"path":"/0","propertyPath":"NAME","modelName":"tasksModel"},"interaction":{"idSuffix":"inner"}},"wdio_ui5_key":"etmportal.ui.isctemplates.view.Newsap.m.Input{\"path\":\"/0\",\"propertyPath\":\"NAME\",\"modelName\":\"tasksModel\"}"}]}
RESULT: {"script":"<script> [1562 bytes]","args":[{"selector":{"controlType":"sap.m.Input","viewName":"etm.portal.ui.isctemplates.view.New","viewId":"application-isctemplates-display-component---addDetailSafetyAndCompliance","bindingPath":{"path":"/0","propertyPath":"NAME","modelName":"tasksModel"},"interaction":{"idSuffix":"inner"}},"wdio_ui5_key":"etmportal.ui.isctemplates.view.Newsap.m.Input{\"path\":\"/0\",\"propertyPath\":\"NAME\",\"modelName\":\"tasksModel\"}"}]}
RESULT: undefined
COMMAND: POST /session/b6c1ba66361885338dbd7e3160017c33/execute/async - {"script":"<script> [776 bytes]","args":[{"enterText":"test1","selector":{"controlType":"sap.m.Input","viewName":"etm.portal.ui.isctemplates.view.New","viewId":"application-isctemplates-display-component---addDetailSafetyAndCompliance","bindingPath":{"path":"/0","propertyPath":"NAME","modelName":"tasksModel"},"interaction":{"idSuffix":"inner"}},"clearTextFirst":true,"interactionType":"ENTER_TEXT"}]}
RESULT: {"script":"<script> [776 bytes]","args":[{"enterText":"test1","selector":{"controlType":"sap.m.Input","viewName":"etm.portal.ui.isctemplates.view.New","viewId":"application-isctemplates-display-component---addDetailSafetyAndCompliance","bindingPath":{"path":"/0","propertyPath":"NAME","modelName":"tasksModel"},"interaction":{"idSuffix":"inner"}},"clearTextFirst":true,"interactionType":"ENTER_TEXT"}]}
COMMAND: POST /session/b6c1ba66361885338dbd7e3160017c33/execute/async - {"script":"<script> [1562 bytes]","args":[{"selector":{"controlType":"sap.m.Input","viewName":"etm.portal.ui.isctemplates.view.New","viewId":"application-isctemplates-display-component---addDetailSafetyAndCompliance","bindingPath":{"path":"/0","propertyPath":"DESCRIPTION","modelName":"tasksModel"},"interaction":{"idSuffix":"inner"}},"wdio_ui5_key":"etmportal.ui.isctemplates.view.Newsap.m.Input{\"path\":\"/0\",\"propertyPath\":\"DESCRIPTION\",\"modelName\":\"tasksModel\"}"}]}
RESULT: {"script":"<script> [1562 bytes]","args":[{"selector":{"controlType":"sap.m.Input","viewName":"etm.portal.ui.isctemplates.view.New","viewId":"application-isctemplates-display-component---addDetailSafetyAndCompliance","bindingPath":{"path":"/0","propertyPath":"DESCRIPTION","modelName":"tasksModel"},"interaction":{"idSuffix":"inner"}},"wdio_ui5_key":"etmportal.ui.isctemplates.view.Newsap.m.Input{\"path\":\"/0\",\"propertyPath\":\"DESCRIPTION\",\"modelName\":\"tasksModel\"}"}]}
RESULT: undefined
COMMAND: POST /session/b6c1ba66361885338dbd7e3160017c33/execute/async - {"script":"<script> [776 bytes]","args":[{"enterText":"wdio1","selector":{"controlType":"sap.m.Input","viewName":"etm.portal.ui.isctemplates.view.New","viewId":"application-isctemplates-display-component---addDetailSafetyAndCompliance","bindingPath":{"path":"/0","propertyPath":"DESCRIPTION","modelName":"tasksModel"},"interaction":{"idSuffix":"inner"}},"clearTextFirst":true,"interactionType":"ENTER_TEXT"}]}
RESULT: {"script":"<script> [776 bytes]","args":[{"enterText":"wdio1","selector":{"controlType":"sap.m.Input","viewName":"etm.portal.ui.isctemplates.view.New","viewId":"application-isctemplates-display-component---addDetailSafetyAndCompliance","bindingPath":{"path":"/0","propertyPath":"DESCRIPTION","modelName":"tasksModel"},"interaction":{"idSuffix":"inner"}},"clearTextFirst":true,"interactionType":"ENTER_TEXT"}]}
COMMAND: POST /session/b6c1ba66361885338dbd7e3160017c33/execute/async - {"script":"<script> [1562 bytes]","args":[{"selector":{"controlType":"sap.m.Input","viewName":"etm.portal.ui.isctemplates.view.New","viewId":"application-isctemplates-display-component---addDetailSafetyAndCompliance","bindingPath":{"path":"/0","propertyPath":"DURATION_FORMATTED","modelName":"tasksModel"},"interaction":{"idSuffix":"inner"}},"wdio_ui5_key":"etmportal.ui.isctemplates.view.Newsap.m.Input{\"path\":\"/0\",\"propertyPath\":\"DURATION_FORMATTED\",\"modelName\":\"tasksModel\"}"}]}
RESULT: {"script":"<script> [1562 bytes]","args":[{"selector":{"controlType":"sap.m.Input","viewName":"etm.portal.ui.isctemplates.view.New","viewId":"application-isctemplates-display-component---addDetailSafetyAndCompliance","bindingPath":{"path":"/0","propertyPath":"DURATION_FORMATTED","modelName":"tasksModel"},"interaction":{"idSuffix":"inner"}},"wdio_ui5_key":"etmportal.ui.isctemplates.view.Newsap.m.Input{\"path\":\"/0\",\"propertyPath\":\"DURATION_FORMATTED\",\"modelName\":\"tasksModel\"}"}]}
RESULT: undefined
COMMAND: POST /session/b6c1ba66361885338dbd7e3160017c33/execute/async - {"script":"<script> [776 bytes]","args":[{"enterText":"1","selector":{"controlType":"sap.m.Input","viewName":"etm.portal.ui.isctemplates.view.New","viewId":"application-isctemplates-display-component---addDetailSafetyAndCompliance","bindingPath":{"path":"/0","propertyPath":"DURATION_FORMATTED","modelName":"tasksModel"},"interaction":{"idSuffix":"inner"}},"clearTextFirst":true,"interactionType":"ENTER_TEXT"}]}
RESULT: {"script":"<script> [776 bytes]","args":[{"enterText":"1","selector":{"controlType":"sap.m.Input","viewName":"etm.portal.ui.isctemplates.view.New","viewId":"application-isctemplates-display-component---addDetailSafetyAndCompliance","bindingPath":{"path":"/0","propertyPath":"DURATION_FORMATTED","modelName":"tasksModel"},"interaction":{"idSuffix":"inner"}},"clearTextFirst":true,"interactionType":"ENTER_TEXT"}]}
COMMAND: POST /session/b6c1ba66361885338dbd7e3160017c33/execute/async - {"script":"<script> [1562 bytes]","args":[{"selector":{"controlType":"sap.m.ComboBox","viewName":"etm.portal.ui.isctemplates.view.New","viewId":"application-isctemplates-display-component---addDetailSafetyAndCompliance","bindingPath":{"path":"/0","propertyPath":"DURATION_UNIT_OF_MEASURE","modelName":"tasksModel"},"interaction":{"idSuffix":"inner"}},"wdio_ui5_key":"etmportal.ui.isctemplates.view.Newsap.m.ComboBox{\"path\":\"/0\",\"propertyPath\":\"DURATION_UNIT_OF_MEASURE\",\"modelName\":\"tasksModel\"}"}]}
RESULT: {"script":"<script> [1562 bytes]","args":[{"selector":{"controlType":"sap.m.ComboBox","viewName":"etm.portal.ui.isctemplates.view.New","viewId":"application-isctemplates-display-component---addDetailSafetyAndCompliance","bindingPath":{"path":"/0","propertyPath":"DURATION_UNIT_OF_MEASURE","modelName":"tasksModel"},"interaction":{"idSuffix":"inner"}},"wdio_ui5_key":"etmportal.ui.isctemplates.view.Newsap.m.ComboBox{\"path\":\"/0\",\"propertyPath\":\"DURATION_UNIT_OF_MEASURE\",\"modelName\":\"tasksModel\"}"}]}
RESULT: undefined
COMMAND: POST /session/b6c1ba66361885338dbd7e3160017c33/execute/async - {"script":"<script> [776 bytes]","args":[{"enterText":"Days","selector":{"controlType":"sap.m.ComboBox","viewName":"etm.portal.ui.isctemplates.view.New","viewId":"application-isctemplates-display-component---addDetailSafetyAndCompliance","bindingPath":{"path":"/0","propertyPath":"DURATION_UNIT_OF_MEASURE","modelName":"tasksModel"},"interaction":{"idSuffix":"inner"}},"clearTextFirst":true,"interactionType":"ENTER_TEXT"}]}
RESULT: {"script":"<script> [776 bytes]","args":[{"enterText":"Days","selector":{"controlType":"sap.m.ComboBox","viewName":"etm.portal.ui.isctemplates.view.New","viewId":"application-isctemplates-display-component---addDetailSafetyAndCompliance","bindingPath":{"path":"/0","propertyPath":"DURATION_UNIT_OF_MEASURE","modelName":"tasksModel"},"interaction":{"idSuffix":"inner"}},"clearTextFirst":true,"interactionType":"ENTER_TEXT"}]}
COMMAND: POST /session/b6c1ba66361885338dbd7e3160017c33/execute/async - {"script":"<script> [1562 bytes]","args":[{"selector":{"controlType":"netm.SmartInput","viewName":"etm.portal.ui.isctemplates.view.New","viewId":"application-isctemplates-display-component---addDetailSafetyAndCompliance","bindingPath":{"path":"/0","propertyPath":"ACTIVITY_DESCRIPTION","modelName":"tasksModel"},"interaction":{"idSuffix":"inner"}},"wdio_ui5_key":"etmportal.ui.isctemplates.view.Newnetm.SmartInput{\"path\":\"/0\",\"propertyPath\":\"ACTIVITY_DESCRIPTION\",\"modelName\":\"tasksModel\"}"}]}
RESULT: {"script":"<script> [1562 bytes]","args":[{"selector":{"controlType":"netm.SmartInput","viewName":"etm.portal.ui.isctemplates.view.New","viewId":"application-isctemplates-display-component---addDetailSafetyAndCompliance","bindingPath":{"path":"/0","propertyPath":"ACTIVITY_DESCRIPTION","modelName":"tasksModel"},"interaction":{"idSuffix":"inner"}},"wdio_ui5_key":"etmportal.ui.isctemplates.view.Newnetm.SmartInput{\"path\":\"/0\",\"propertyPath\":\"ACTIVITY_DESCRIPTION\",\"modelName\":\"tasksModel\"}"}]}
RESULT: undefined
COMMAND: POST /session/b6c1ba66361885338dbd7e3160017c33/execute/async - {"script":"<script> [776 bytes]","args":[{"enterText":"Standard Hour","selector":{"controlType":"netm.SmartInput","viewName":"etm.portal.ui.isctemplates.view.New","viewId":"application-isctemplates-display-component---addDetailSafetyAndCompliance","bindingPath":{"path":"/0","propertyPath":"ACTIVITY_DESCRIPTION","modelName":"tasksModel"},"interaction":{"idSuffix":"inner"}},"clearTextFirst":true,"interactionType":"ENTER_TEXT"}]}
RESULT: {"script":"<script> [776 bytes]","args":[{"enterText":"Standard Hour","selector":{"controlType":"netm.SmartInput","viewName":"etm.portal.ui.isctemplates.view.New","viewId":"application-isctemplates-display-component---addDetailSafetyAndCompliance","bindingPath":{"path":"/0","propertyPath":"ACTIVITY_DESCRIPTION","modelName":"tasksModel"},"interaction":{"idSuffix":"inner"}},"clearTextFirst":true,"interactionType":"ENTER_TEXT"}]}
COMMAND: POST /session/b6c1ba66361885338dbd7e3160017c33/actions - {"actions":[{"id":"action9","type":"key","parameters":{},"actions":[{"type":"keyDown","value":"î€‡"},{"type":"pause","duration":10},{"type":"keyUp","value":"î€‡"}]}]}
RESULT: {"actions":[{"id":"action9","type":"key","parameters":{},"actions":[{"type":"keyDown","value":"î€‡"},{"type":"pause","duration":10},{"type":"keyUp","value":"î€‡"}]}]}
COMMAND: GET /session/b6c1ba66361885338dbd7e3160017c33/screenshot - {}
RESULT: {}
COMMAND: POST /session/b6c1ba66361885338dbd7e3160017c33/execute/async - {"script":"<script> [1562 bytes]","args":[{"selector":{"controlType":"sap.m.Text","viewName":"etm.portal.ui.isctemplates.view.New","viewId":"application-isctemplates-display-component---addDetailSafetyAndCompliance","bindingPath":{"path":"/YardIscActivity('T01')","propertyPath":"DESCRIPTION"},"searchOpenDialogs":true},"wdio_ui5_key":"etmportal.ui.isctemplates.view.Newsap.m.Text{\"path\":\"/YardIscActivity('T01')\",\"propertyPath\":\"DESCRIPTION\"}"}]}
RESULT: {"script":"<script> [1562 bytes]","args":[{"selector":{"controlType":"sap.m.Text","viewName":"etm.portal.ui.isctemplates.view.New","viewId":"application-isctemplates-display-component---addDetailSafetyAndCompliance","bindingPath":{"path":"/YardIscActivity('T01')","propertyPath":"DESCRIPTION"},"searchOpenDialogs":true},"wdio_ui5_key":"etmportal.ui.isctemplates.view.Newsap.m.Text{\"path\":\"/YardIscActivity('T01')\",\"propertyPath\":\"DESCRIPTION\"}"}]}
RESULT: undefined
COMMAND: POST /session/b6c1ba66361885338dbd7e3160017c33/execute/async - {"script":"<script> [1562 bytes]","args":[{"selector":{"controlType":"sap.m.Input","viewName":"etm.portal.ui.isctemplates.view.New","viewId":"application-isctemplates-display-component---addDetailSafetyAndCompliance","bindingPath":{"path":"/0","propertyPath":"PLAN_FORMATTED","modelName":"tasksModel"},"interaction":{"idSuffix":"inner"}},"wdio_ui5_key":"etmportal.ui.isctemplates.view.Newsap.m.Input{\"path\":\"/0\",\"propertyPath\":\"PLAN_FORMATTED\",\"modelName\":\"tasksModel\"}"}]}
RESULT: {"script":"<script> [1562 bytes]","args":[{"selector":{"controlType":"sap.m.Input","viewName":"etm.portal.ui.isctemplates.view.New","viewId":"application-isctemplates-display-component---addDetailSafetyAndCompliance","bindingPath":{"path":"/0","propertyPath":"PLAN_FORMATTED","modelName":"tasksModel"},"interaction":{"idSuffix":"inner"}},"wdio_ui5_key":"etmportal.ui.isctemplates.view.Newsap.m.Input{\"path\":\"/0\",\"propertyPath\":\"PLAN_FORMATTED\",\"modelName\":\"tasksModel\"}"}]}
RESULT: undefined
COMMAND: POST /session/b6c1ba66361885338dbd7e3160017c33/execute/async - {"script":"<script> [776 bytes]","args":[{"enterText":"3","selector":{"controlType":"sap.m.Input","viewName":"etm.portal.ui.isctemplates.view.New","viewId":"application-isctemplates-display-component---addDetailSafetyAndCompliance","bindingPath":{"path":"/0","propertyPath":"PLAN_FORMATTED","modelName":"tasksModel"},"interaction":{"idSuffix":"inner"}},"clearTextFirst":true,"interactionType":"ENTER_TEXT"}]}
RESULT: {"script":"<script> [776 bytes]","args":[{"enterText":"3","selector":{"controlType":"sap.m.Input","viewName":"etm.portal.ui.isctemplates.view.New","viewId":"application-isctemplates-display-component---addDetailSafetyAndCompliance","bindingPath":{"path":"/0","propertyPath":"PLAN_FORMATTED","modelName":"tasksModel"},"interaction":{"idSuffix":"inner"}},"clearTextFirst":true,"interactionType":"ENTER_TEXT"}]}
COMMAND: POST /session/b6c1ba66361885338dbd7e3160017c33/execute/async - {"script":"<script> [1562 bytes]","args":[{"selector":{"controlType":"netm.SmartInput","viewName":"etm.portal.ui.isctemplates.view.New","viewId":"application-isctemplates-display-component---addDetailSafetyAndCompliance","bindingPath":{"path":"/0","propertyPath":"BILLING_CONDITION_DESCRIPTION","modelName":"tasksModel"},"interaction":{"idSuffix":"inner"}},"wdio_ui5_key":"etmportal.ui.isctemplates.view.Newnetm.SmartInput{\"path\":\"/0\",\"propertyPath\":\"BILLING_CONDITION_DESCRIPTION\",\"modelName\":\"tasksModel\"}"}]}
RESULT: {"script":"<script> [1562 bytes]","args":[{"selector":{"controlType":"netm.SmartInput","viewName":"etm.portal.ui.isctemplates.view.New","viewId":"application-isctemplates-display-component---addDetailSafetyAndCompliance","bindingPath":{"path":"/0","propertyPath":"BILLING_CONDITION_DESCRIPTION","modelName":"tasksModel"},"interaction":{"idSuffix":"inner"}},"wdio_ui5_key":"etmportal.ui.isctemplates.view.Newnetm.SmartInput{\"path\":\"/0\",\"propertyPath\":\"BILLING_CONDITION_DESCRIPTION\",\"modelName\":\"tasksModel\"}"}]}
RESULT: undefined
COMMAND: POST /session/b6c1ba66361885338dbd7e3160017c33/execute/async - {"script":"<script> [776 bytes]","args":[{"enterText":"Manual fee","selector":{"controlType":"netm.SmartInput","viewName":"etm.portal.ui.isctemplates.view.New","viewId":"application-isctemplates-display-component---addDetailSafetyAndCompliance","bindingPath":{"path":"/0","propertyPath":"BILLING_CONDITION_DESCRIPTION","modelName":"tasksModel"},"interaction":{"idSuffix":"inner"}},"clearTextFirst":true,"interactionType":"ENTER_TEXT"}]}
RESULT: {"script":"<script> [776 bytes]","args":[{"enterText":"Manual fee","selector":{"controlType":"netm.SmartInput","viewName":"etm.portal.ui.isctemplates.view.New","viewId":"application-isctemplates-display-component---addDetailSafetyAndCompliance","bindingPath":{"path":"/0","propertyPath":"BILLING_CONDITION_DESCRIPTION","modelName":"tasksModel"},"interaction":{"idSuffix":"inner"}},"clearTextFirst":true,"interactionType":"ENTER_TEXT"}]}
COMMAND: POST /session/b6c1ba66361885338dbd7e3160017c33/actions - {"actions":[{"id":"action10","type":"key","parameters":{},"actions":[{"type":"keyDown","value":"î€‡"},{"type":"pause","duration":10},{"type":"keyUp","value":"î€‡"}]}]}
RESULT: {"actions":[{"id":"action10","type":"key","parameters":{},"actions":[{"type":"keyDown","value":"î€‡"},{"type":"pause","duration":10},{"type":"keyUp","value":"î€‡"}]}]}
COMMAND: GET /session/b6c1ba66361885338dbd7e3160017c33/screenshot - {}
RESULT: {}
RESULT: undefined
COMMAND: POST /session/b6c1ba66361885338dbd7e3160017c33/element - {"using":"xpath","value":"//*[@id=\"application-isctemplates-display-component---addDetailSafetyAndCompliance--createTaskButton\"]"}
RESULT: {"using":"xpath","value":"//*[@id=\"application-isctemplates-display-component---addDetailSafetyAndCompliance--createTaskButton\"]"}
COMMAND: POST /session/b6c1ba66361885338dbd7e3160017c33/element/f.1D371F0606E69D8CD920F8C1F469B1CE.d.60B65BA19D5762E181A8DC8B547CE567.e.1417/click - {}
RESULT: {}
COMMAND: GET /session/b6c1ba66361885338dbd7e3160017c33/screenshot - {}
RESULT: {}
COMMAND: POST /session/b6c1ba66361885338dbd7e3160017c33/execute/async - {"script":"<script> [1562 bytes]","args":[{"selector":{"controlType":"sap.m.Input","viewName":"etm.portal.ui.isctemplates.view.New","viewId":"application-isctemplates-display-component---addDetailSafetyAndCompliance","bindingPath":{"path":"/1","propertyPath":"NAME","modelName":"tasksModel"},"interaction":{"idSuffix":"inner"}},"wdio_ui5_key":"etmportal.ui.isctemplates.view.Newsap.m.Input{\"path\":\"/1\",\"propertyPath\":\"NAME\",\"modelName\":\"tasksModel\"}"}]}
RESULT: {"script":"<script> [1562 bytes]","args":[{"selector":{"controlType":"sap.m.Input","viewName":"etm.portal.ui.isctemplates.view.New","viewId":"application-isctemplates-display-component---addDetailSafetyAndCompliance","bindingPath":{"path":"/1","propertyPath":"NAME","modelName":"tasksModel"},"interaction":{"idSuffix":"inner"}},"wdio_ui5_key":"etmportal.ui.isctemplates.view.Newsap.m.Input{\"path\":\"/1\",\"propertyPath\":\"NAME\",\"modelName\":\"tasksModel\"}"}]}
RESULT: undefined
COMMAND: POST /session/b6c1ba66361885338dbd7e3160017c33/execute/async - {"script":"<script> [776 bytes]","args":[{"enterText":"test2","selector":{"controlType":"sap.m.Input","viewName":"etm.portal.ui.isctemplates.view.New","viewId":"application-isctemplates-display-component---addDetailSafetyAndCompliance","bindingPath":{"path":"/1","propertyPath":"NAME","modelName":"tasksModel"},"interaction":{"idSuffix":"inner"}},"clearTextFirst":true,"interactionType":"ENTER_TEXT"}]}
RESULT: {"script":"<script> [776 bytes]","args":[{"enterText":"test2","selector":{"controlType":"sap.m.Input","viewName":"etm.portal.ui.isctemplates.view.New","viewId":"application-isctemplates-display-component---addDetailSafetyAndCompliance","bindingPath":{"path":"/1","propertyPath":"NAME","modelName":"tasksModel"},"interaction":{"idSuffix":"inner"}},"clearTextFirst":true,"interactionType":"ENTER_TEXT"}]}
COMMAND: POST /session/b6c1ba66361885338dbd7e3160017c33/execute/async - {"script":"<script> [1562 bytes]","args":[{"selector":{"controlType":"sap.m.Input","viewName":"etm.portal.ui.isctemplates.view.New","viewId":"application-isctemplates-display-component---addDetailSafetyAndCompliance","bindingPath":{"path":"/1","propertyPath":"DESCRIPTION","modelName":"tasksModel"},"interaction":{"idSuffix":"inner"}},"wdio_ui5_key":"etmportal.ui.isctemplates.view.Newsap.m.Input{\"path\":\"/1\",\"propertyPath\":\"DESCRIPTION\",\"modelName\":\"tasksModel\"}"}]}
RESULT: {"script":"<script> [1562 bytes]","args":[{"selector":{"controlType":"sap.m.Input","viewName":"etm.portal.ui.isctemplates.view.New","viewId":"application-isctemplates-display-component---addDetailSafetyAndCompliance","bindingPath":{"path":"/1","propertyPath":"DESCRIPTION","modelName":"tasksModel"},"interaction":{"idSuffix":"inner"}},"wdio_ui5_key":"etmportal.ui.isctemplates.view.Newsap.m.Input{\"path\":\"/1\",\"propertyPath\":\"DESCRIPTION\",\"modelName\":\"tasksModel\"}"}]}
RESULT: undefined
COMMAND: POST /session/b6c1ba66361885338dbd7e3160017c33/execute/async - {"script":"<script> [776 bytes]","args":[{"enterText":"wdio2","selector":{"controlType":"sap.m.Input","viewName":"etm.portal.ui.isctemplates.view.New","viewId":"application-isctemplates-display-component---addDetailSafetyAndCompliance","bindingPath":{"path":"/1","propertyPath":"DESCRIPTION","modelName":"tasksModel"},"interaction":{"idSuffix":"inner"}},"clearTextFirst":true,"interactionType":"ENTER_TEXT"}]}
RESULT: {"script":"<script> [776 bytes]","args":[{"enterText":"wdio2","selector":{"controlType":"sap.m.Input","viewName":"etm.portal.ui.isctemplates.view.New","viewId":"application-isctemplates-display-component---addDetailSafetyAndCompliance","bindingPath":{"path":"/1","propertyPath":"DESCRIPTION","modelName":"tasksModel"},"interaction":{"idSuffix":"inner"}},"clearTextFirst":true,"interactionType":"ENTER_TEXT"}]}
COMMAND: POST /session/b6c1ba66361885338dbd7e3160017c33/execute/async - {"script":"<script> [1562 bytes]","args":[{"selector":{"controlType":"sap.m.Input","viewName":"etm.portal.ui.isctemplates.view.New","viewId":"application-isctemplates-display-component---addDetailSafetyAndCompliance","bindingPath":{"path":"/1","propertyPath":"DURATION_FORMATTED","modelName":"tasksModel"},"interaction":{"idSuffix":"inner"}},"wdio_ui5_key":"etmportal.ui.isctemplates.view.Newsap.m.Input{\"path\":\"/1\",\"propertyPath\":\"DURATION_FORMATTED\",\"modelName\":\"tasksModel\"}"}]}
RESULT: {"script":"<script> [1562 bytes]","args":[{"selector":{"controlType":"sap.m.Input","viewName":"etm.portal.ui.isctemplates.view.New","viewId":"application-isctemplates-display-component---addDetailSafetyAndCompliance","bindingPath":{"path":"/1","propertyPath":"DURATION_FORMATTED","modelName":"tasksModel"},"interaction":{"idSuffix":"inner"}},"wdio_ui5_key":"etmportal.ui.isctemplates.view.Newsap.m.Input{\"path\":\"/1\",\"propertyPath\":\"DURATION_FORMATTED\",\"modelName\":\"tasksModel\"}"}]}
RESULT: undefined
COMMAND: POST /session/b6c1ba66361885338dbd7e3160017c33/execute/async - {"script":"<script> [776 bytes]","args":[{"enterText":"1","selector":{"controlType":"sap.m.Input","viewName":"etm.portal.ui.isctemplates.view.New","viewId":"application-isctemplates-display-component---addDetailSafetyAndCompliance","bindingPath":{"path":"/1","propertyPath":"DURATION_FORMATTED","modelName":"tasksModel"},"interaction":{"idSuffix":"inner"}},"clearTextFirst":true,"interactionType":"ENTER_TEXT"}]}
RESULT: {"script":"<script> [776 bytes]","args":[{"enterText":"1","selector":{"controlType":"sap.m.Input","viewName":"etm.portal.ui.isctemplates.view.New","viewId":"application-isctemplates-display-component---addDetailSafetyAndCompliance","bindingPath":{"path":"/1","propertyPath":"DURATION_FORMATTED","modelName":"tasksModel"},"interaction":{"idSuffix":"inner"}},"clearTextFirst":true,"interactionType":"ENTER_TEXT"}]}
COMMAND: POST /session/b6c1ba66361885338dbd7e3160017c33/execute/async - {"script":"<script> [1562 bytes]","args":[{"selector":{"controlType":"sap.m.ComboBox","viewName":"etm.portal.ui.isctemplates.view.New","viewId":"application-isctemplates-display-component---addDetailSafetyAndCompliance","bindingPath":{"path":"/1","propertyPath":"DURATION_UNIT_OF_MEASURE","modelName":"tasksModel"},"interaction":{"idSuffix":"inner"}},"wdio_ui5_key":"etmportal.ui.isctemplates.view.Newsap.m.ComboBox{\"path\":\"/1\",\"propertyPath\":\"DURATION_UNIT_OF_MEASURE\",\"modelName\":\"tasksModel\"}"}]}
RESULT: {"script":"<script> [1562 bytes]","args":[{"selector":{"controlType":"sap.m.ComboBox","viewName":"etm.portal.ui.isctemplates.view.New","viewId":"application-isctemplates-display-component---addDetailSafetyAndCompliance","bindingPath":{"path":"/1","propertyPath":"DURATION_UNIT_OF_MEASURE","modelName":"tasksModel"},"interaction":{"idSuffix":"inner"}},"wdio_ui5_key":"etmportal.ui.isctemplates.view.Newsap.m.ComboBox{\"path\":\"/1\",\"propertyPath\":\"DURATION_UNIT_OF_MEASURE\",\"modelName\":\"tasksModel\"}"}]}
RESULT: undefined
COMMAND: POST /session/b6c1ba66361885338dbd7e3160017c33/execute/async - {"script":"<script> [776 bytes]","args":[{"enterText":"Days","selector":{"controlType":"sap.m.ComboBox","viewName":"etm.portal.ui.isctemplates.view.New","viewId":"application-isctemplates-display-component---addDetailSafetyAndCompliance","bindingPath":{"path":"/1","propertyPath":"DURATION_UNIT_OF_MEASURE","modelName":"tasksModel"},"interaction":{"idSuffix":"inner"}},"clearTextFirst":true,"interactionType":"ENTER_TEXT"}]}
RESULT: {"script":"<script> [776 bytes]","args":[{"enterText":"Days","selector":{"controlType":"sap.m.ComboBox","viewName":"etm.portal.ui.isctemplates.view.New","viewId":"application-isctemplates-display-component---addDetailSafetyAndCompliance","bindingPath":{"path":"/1","propertyPath":"DURATION_UNIT_OF_MEASURE","modelName":"tasksModel"},"interaction":{"idSuffix":"inner"}},"clearTextFirst":true,"interactionType":"ENTER_TEXT"}]}
COMMAND: POST /session/b6c1ba66361885338dbd7e3160017c33/execute/async - {"script":"<script> [1562 bytes]","args":[{"selector":{"controlType":"netm.SmartInput","viewName":"etm.portal.ui.isctemplates.view.New","viewId":"application-isctemplates-display-component---addDetailSafetyAndCompliance","bindingPath":{"path":"/1","propertyPath":"ACTIVITY_DESCRIPTION","modelName":"tasksModel"},"interaction":{"idSuffix":"inner"}},"wdio_ui5_key":"etmportal.ui.isctemplates.view.Newnetm.SmartInput{\"path\":\"/1\",\"propertyPath\":\"ACTIVITY_DESCRIPTION\",\"modelName\":\"tasksModel\"}"}]}
RESULT: {"script":"<script> [1562 bytes]","args":[{"selector":{"controlType":"netm.SmartInput","viewName":"etm.portal.ui.isctemplates.view.New","viewId":"application-isctemplates-display-component---addDetailSafetyAndCompliance","bindingPath":{"path":"/1","propertyPath":"ACTIVITY_DESCRIPTION","modelName":"tasksModel"},"interaction":{"idSuffix":"inner"}},"wdio_ui5_key":"etmportal.ui.isctemplates.view.Newnetm.SmartInput{\"path\":\"/1\",\"propertyPath\":\"ACTIVITY_DESCRIPTION\",\"modelName\":\"tasksModel\"}"}]}
RESULT: undefined
COMMAND: POST /session/b6c1ba66361885338dbd7e3160017c33/execute/async - {"script":"<script> [776 bytes]","args":[{"enterText":"Standard Hour","selector":{"controlType":"netm.SmartInput","viewName":"etm.portal.ui.isctemplates.view.New","viewId":"application-isctemplates-display-component---addDetailSafetyAndCompliance","bindingPath":{"path":"/1","propertyPath":"ACTIVITY_DESCRIPTION","modelName":"tasksModel"},"interaction":{"idSuffix":"inner"}},"clearTextFirst":true,"interactionType":"ENTER_TEXT"}]}
RESULT: {"script":"<script> [776 bytes]","args":[{"enterText":"Standard Hour","selector":{"controlType":"netm.SmartInput","viewName":"etm.portal.ui.isctemplates.view.New","viewId":"application-isctemplates-display-component---addDetailSafetyAndCompliance","bindingPath":{"path":"/1","propertyPath":"ACTIVITY_DESCRIPTION","modelName":"tasksModel"},"interaction":{"idSuffix":"inner"}},"clearTextFirst":true,"interactionType":"ENTER_TEXT"}]}
COMMAND: POST /session/b6c1ba66361885338dbd7e3160017c33/actions - {"actions":[{"id":"action11","type":"key","parameters":{},"actions":[{"type":"keyDown","value":"î€‡"},{"type":"pause","duration":10},{"type":"keyUp","value":"î€‡"}]}]}
RESULT: {"actions":[{"id":"action11","type":"key","parameters":{},"actions":[{"type":"keyDown","value":"î€‡"},{"type":"pause","duration":10},{"type":"keyUp","value":"î€‡"}]}]}
COMMAND: GET /session/b6c1ba66361885338dbd7e3160017c33/screenshot - {}
RESULT: {}
COMMAND: POST /session/b6c1ba66361885338dbd7e3160017c33/execute/async - {"script":"<script> [1562 bytes]","args":[{"selector":{"controlType":"sap.m.Input","viewName":"etm.portal.ui.isctemplates.view.New","viewId":"application-isctemplates-display-component---addDetailSafetyAndCompliance","bindingPath":{"path":"/1","propertyPath":"PLAN_FORMATTED","modelName":"tasksModel"},"interaction":{"idSuffix":"inner"}},"wdio_ui5_key":"etmportal.ui.isctemplates.view.Newsap.m.Input{\"path\":\"/1\",\"propertyPath\":\"PLAN_FORMATTED\",\"modelName\":\"tasksModel\"}"}]}
RESULT: {"script":"<script> [1562 bytes]","args":[{"selector":{"controlType":"sap.m.Input","viewName":"etm.portal.ui.isctemplates.view.New","viewId":"application-isctemplates-display-component---addDetailSafetyAndCompliance","bindingPath":{"path":"/1","propertyPath":"PLAN_FORMATTED","modelName":"tasksModel"},"interaction":{"idSuffix":"inner"}},"wdio_ui5_key":"etmportal.ui.isctemplates.view.Newsap.m.Input{\"path\":\"/1\",\"propertyPath\":\"PLAN_FORMATTED\",\"modelName\":\"tasksModel\"}"}]}
RESULT: undefined
COMMAND: POST /session/b6c1ba66361885338dbd7e3160017c33/execute/async - {"script":"<script> [776 bytes]","args":[{"enterText":"3","selector":{"controlType":"sap.m.Input","viewName":"etm.portal.ui.isctemplates.view.New","viewId":"application-isctemplates-display-component---addDetailSafetyAndCompliance","bindingPath":{"path":"/1","propertyPath":"PLAN_FORMATTED","modelName":"tasksModel"},"interaction":{"idSuffix":"inner"}},"clearTextFirst":true,"interactionType":"ENTER_TEXT"}]}
RESULT: {"script":"<script> [776 bytes]","args":[{"enterText":"3","selector":{"controlType":"sap.m.Input","viewName":"etm.portal.ui.isctemplates.view.New","viewId":"application-isctemplates-display-component---addDetailSafetyAndCompliance","bindingPath":{"path":"/1","propertyPath":"PLAN_FORMATTED","modelName":"tasksModel"},"interaction":{"idSuffix":"inner"}},"clearTextFirst":true,"interactionType":"ENTER_TEXT"}]}
COMMAND: POST /session/b6c1ba66361885338dbd7e3160017c33/execute/async - {"script":"<script> [1562 bytes]","args":[{"selector":{"controlType":"netm.SmartInput","viewName":"etm.portal.ui.isctemplates.view.New","viewId":"application-isctemplates-display-component---addDetailSafetyAndCompliance","bindingPath":{"path":"/1","propertyPath":"BILLING_CONDITION_DESCRIPTION","modelName":"tasksModel"},"interaction":{"idSuffix":"inner"}},"wdio_ui5_key":"etmportal.ui.isctemplates.view.Newnetm.SmartInput{\"path\":\"/1\",\"propertyPath\":\"BILLING_CONDITION_DESCRIPTION\",\"modelName\":\"tasksModel\"}"}]}
RESULT: {"script":"<script> [1562 bytes]","args":[{"selector":{"controlType":"netm.SmartInput","viewName":"etm.portal.ui.isctemplates.view.New","viewId":"application-isctemplates-display-component---addDetailSafetyAndCompliance","bindingPath":{"path":"/1","propertyPath":"BILLING_CONDITION_DESCRIPTION","modelName":"tasksModel"},"interaction":{"idSuffix":"inner"}},"wdio_ui5_key":"etmportal.ui.isctemplates.view.Newnetm.SmartInput{\"path\":\"/1\",\"propertyPath\":\"BILLING_CONDITION_DESCRIPTION\",\"modelName\":\"tasksModel\"}"}]}
RESULT: undefined
COMMAND: POST /session/b6c1ba66361885338dbd7e3160017c33/execute/async - {"script":"<script> [776 bytes]","args":[{"enterText":"Manual fee","selector":{"controlType":"netm.SmartInput","viewName":"etm.portal.ui.isctemplates.view.New","viewId":"application-isctemplates-display-component---addDetailSafetyAndCompliance","bindingPath":{"path":"/1","propertyPath":"BILLING_CONDITION_DESCRIPTION","modelName":"tasksModel"},"interaction":{"idSuffix":"inner"}},"clearTextFirst":true,"interactionType":"ENTER_TEXT"}]}
RESULT: {"script":"<script> [776 bytes]","args":[{"enterText":"Manual fee","selector":{"controlType":"netm.SmartInput","viewName":"etm.portal.ui.isctemplates.view.New","viewId":"application-isctemplates-display-component---addDetailSafetyAndCompliance","bindingPath":{"path":"/1","propertyPath":"BILLING_CONDITION_DESCRIPTION","modelName":"tasksModel"},"interaction":{"idSuffix":"inner"}},"clearTextFirst":true,"interactionType":"ENTER_TEXT"}]}
COMMAND: POST /session/b6c1ba66361885338dbd7e3160017c33/actions - {"actions":[{"id":"action12","type":"key","parameters":{},"actions":[{"type":"keyDown","value":"î€‡"},{"type":"pause","duration":10},{"type":"keyUp","value":"î€‡"}]}]}
RESULT: {"actions":[{"id":"action12","type":"key","parameters":{},"actions":[{"type":"keyDown","value":"î€‡"},{"type":"pause","duration":10},{"type":"keyUp","value":"î€‡"}]}]}
COMMAND: GET /session/b6c1ba66361885338dbd7e3160017c33/screenshot - {}
RESULT: {}
COMMAND: POST /session/b6c1ba66361885338dbd7e3160017c33/execute/async - {"script":"<script> [1562 bytes]","args":[{"selector":{"controlType":"sap.m.Button","viewName":"etm.portal.ui.isctemplates.view.New","viewId":"application-isctemplates-display-component---addDetailSafetyAndCompliance","properties":{"text":"Spare parts"},"interaction":{"idSuffix":"BDI-content"}},"wdio_ui5_key":"etmportal.ui.isctemplates.view.Newsap.m.Button{\"text\":\"Spare parts\"}"}]}
RESULT: {"script":"<script> [1562 bytes]","args":[{"selector":{"controlType":"sap.m.Button","viewName":"etm.portal.ui.isctemplates.view.New","viewId":"application-isctemplates-display-component---addDetailSafetyAndCompliance","properties":{"text":"Spare parts"},"interaction":{"idSuffix":"BDI-content"}},"wdio_ui5_key":"etmportal.ui.isctemplates.view.Newsap.m.Button{\"text\":\"Spare parts\"}"}]}
RESULT: undefined
COMMAND: POST /session/b6c1ba66361885338dbd7e3160017c33/element - {"using":"xpath","value":"//*[@id=\"__layout30-anchBar-__section5-anchor\"]"}
RESULT: {"using":"xpath","value":"//*[@id=\"__layout30-anchBar-__section5-anchor\"]"}
COMMAND: POST /session/b6c1ba66361885338dbd7e3160017c33/element/f.1D371F0606E69D8CD920F8C1F469B1CE.d.60B65BA19D5762E181A8DC8B547CE567.e.1453/click - {}
RESULT: {}
COMMAND: GET /session/b6c1ba66361885338dbd7e3160017c33/screenshot - {}
RESULT: {}
COMMAND: POST /session/b6c1ba66361885338dbd7e3160017c33/execute/async - {"script":"<script> [1562 bytes]","args":[{"selector":{"controlType":"sap.ui.core.Icon","viewName":"etm.portal.ui.isctemplates.view.New","viewId":"application-isctemplates-display-component---addDetailSafetyAndCompliance","properties":{"src":{"regex":{"source":"add"}}},"ancestor":{"controlType":"sap.m.Button","viewName":"etm.portal.ui.isctemplates.view.New","viewId":"application-isctemplates-display-component---addDetailSafetyAndCompliance","i18NText":{"propertyName":"tooltip","key":"create"}}},"wdio_ui5_key":"etmportal.ui.isctemplates.view.Newsap.ui.core.Icon{\"src\":{\"regex\":{\"source\":\"add\"}}}{\"controlType\":\"sap.m.Button\",\"viewName\":\"etm.portal.ui.isctemplates.view.New\",\"viewId\":\"application-isctemplates-display-component---addDetailSafetyAndCompliance\",\"i18NText\":{\"propertyName\":\"tooltip\",\"key\":\"create\"}}"}]}
RESULT: {"script":"<script> [1562 bytes]","args":[{"selector":{"controlType":"sap.ui.core.Icon","viewName":"etm.portal.ui.isctemplates.view.New","viewId":"application-isctemplates-display-component---addDetailSafetyAndCompliance","properties":{"src":{"regex":{"source":"add"}}},"ancestor":{"controlType":"sap.m.Button","viewName":"etm.portal.ui.isctemplates.view.New","viewId":"application-isctemplates-display-component---addDetailSafetyAndCompliance","i18NText":{"propertyName":"tooltip","key":"create"}}},"wdio_ui5_key":"etmportal.ui.isctemplates.view.Newsap.ui.core.Icon{\"src\":{\"regex\":{\"source\":\"add\"}}}{\"controlType\":\"sap.m.Button\",\"viewName\":\"etm.portal.ui.isctemplates.view.New\",\"viewId\":\"application-isctemplates-display-component---addDetailSafetyAndCompliance\",\"i18NText\":{\"propertyName\":\"tooltip\",\"key\":\"create\"}}"}]}
RESULT: undefined
COMMAND: POST /session/b6c1ba66361885338dbd7e3160017c33/element - {"using":"xpath","value":"//*[@id=\"__button16-img\"]"}
RESULT: {"using":"xpath","value":"//*[@id=\"__button16-img\"]"}
COMMAND: POST /session/b6c1ba66361885338dbd7e3160017c33/element/f.1D371F0606E69D8CD920F8C1F469B1CE.d.60B65BA19D5762E181A8DC8B547CE567.e.1456/click - {}
RESULT: {}
COMMAND: GET /session/b6c1ba66361885338dbd7e3160017c33/screenshot - {}
RESULT: {}
COMMAND: POST /session/b6c1ba66361885338dbd7e3160017c33/execute/async - {"script":"<script> [1562 bytes]","args":[{"selector":{"controlType":"sap.m.Input","viewName":"etm.portal.ui.isctemplates.view.New","viewId":"application-isctemplates-display-component---addDetailSafetyAndCompliance","bindingPath":{"path":"/0","propertyPath":"INPUT_ITEM","modelName":"sparePartsModel"},"interaction":{"idSuffix":"inner"}},"wdio_ui5_key":"etmportal.ui.isctemplates.view.Newsap.m.Input{\"path\":\"/0\",\"propertyPath\":\"INPUT_ITEM\",\"modelName\":\"sparePartsModel\"}"}]}
RESULT: {"script":"<script> [1562 bytes]","args":[{"selector":{"controlType":"sap.m.Input","viewName":"etm.portal.ui.isctemplates.view.New","viewId":"application-isctemplates-display-component---addDetailSafetyAndCompliance","bindingPath":{"path":"/0","propertyPath":"INPUT_ITEM","modelName":"sparePartsModel"},"interaction":{"idSuffix":"inner"}},"wdio_ui5_key":"etmportal.ui.isctemplates.view.Newsap.m.Input{\"path\":\"/0\",\"propertyPath\":\"INPUT_ITEM\",\"modelName\":\"sparePartsModel\"}"}]}
RESULT: undefined
COMMAND: POST /session/b6c1ba66361885338dbd7e3160017c33/execute/async - {"script":"<script> [776 bytes]","args":[{"enterText":"10","selector":{"controlType":"sap.m.Input","viewName":"etm.portal.ui.isctemplates.view.New","viewId":"application-isctemplates-display-component---addDetailSafetyAndCompliance","bindingPath":{"path":"/0","propertyPath":"INPUT_ITEM","modelName":"sparePartsModel"},"interaction":{"idSuffix":"inner"}},"clearTextFirst":true,"interactionType":"ENTER_TEXT"}]}
RESULT: {"script":"<script> [776 bytes]","args":[{"enterText":"10","selector":{"controlType":"sap.m.Input","viewName":"etm.portal.ui.isctemplates.view.New","viewId":"application-isctemplates-display-component---addDetailSafetyAndCompliance","bindingPath":{"path":"/0","propertyPath":"INPUT_ITEM","modelName":"sparePartsModel"},"interaction":{"idSuffix":"inner"}},"clearTextFirst":true,"interactionType":"ENTER_TEXT"}]}
COMMAND: POST /session/b6c1ba66361885338dbd7e3160017c33/execute/async - {"script":"<script> [1562 bytes]","args":[{"selector":{"controlType":"sap.m.Input","viewName":"etm.portal.ui.isctemplates.view.New","viewId":"application-isctemplates-display-component---addDetailSafetyAndCompliance","bindingPath":{"path":"/0","propertyPath":"DESCRIPTION","modelName":"sparePartsModel"},"interaction":{"idSuffix":"inner"}},"wdio_ui5_key":"etmportal.ui.isctemplates.view.Newsap.m.Input{\"path\":\"/0\",\"propertyPath\":\"DESCRIPTION\",\"modelName\":\"sparePartsModel\"}"}]}
RESULT: {"script":"<script> [1562 bytes]","args":[{"selector":{"controlType":"sap.m.Input","viewName":"etm.portal.ui.isctemplates.view.New","viewId":"application-isctemplates-display-component---addDetailSafetyAndCompliance","bindingPath":{"path":"/0","propertyPath":"DESCRIPTION","modelName":"sparePartsModel"},"interaction":{"idSuffix":"inner"}},"wdio_ui5_key":"etmportal.ui.isctemplates.view.Newsap.m.Input{\"path\":\"/0\",\"propertyPath\":\"DESCRIPTION\",\"modelName\":\"sparePartsModel\"}"}]}
RESULT: undefined
COMMAND: POST /session/b6c1ba66361885338dbd7e3160017c33/execute/async - {"script":"<script> [776 bytes]","args":[{"enterText":"Spare part wdIO","selector":{"controlType":"sap.m.Input","viewName":"etm.portal.ui.isctemplates.view.New","viewId":"application-isctemplates-display-component---addDetailSafetyAndCompliance","bindingPath":{"path":"/0","propertyPath":"DESCRIPTION","modelName":"sparePartsModel"},"interaction":{"idSuffix":"inner"}},"clearTextFirst":true,"interactionType":"ENTER_TEXT"}]}
RESULT: {"script":"<script> [776 bytes]","args":[{"enterText":"Spare part wdIO","selector":{"controlType":"sap.m.Input","viewName":"etm.portal.ui.isctemplates.view.New","viewId":"application-isctemplates-display-component---addDetailSafetyAndCompliance","bindingPath":{"path":"/0","propertyPath":"DESCRIPTION","modelName":"sparePartsModel"},"interaction":{"idSuffix":"inner"}},"clearTextFirst":true,"interactionType":"ENTER_TEXT"}]}
COMMAND: POST /session/b6c1ba66361885338dbd7e3160017c33/actions - {"actions":[{"id":"action13","type":"key","parameters":{},"actions":[{"type":"keyDown","value":"î€„"},{"type":"pause","duration":10},{"type":"keyUp","value":"î€„"}]}]}
RESULT: {"actions":[{"id":"action13","type":"key","parameters":{},"actions":[{"type":"keyDown","value":"î€„"},{"type":"pause","duration":10},{"type":"keyUp","value":"î€„"}]}]}
COMMAND: GET /session/b6c1ba66361885338dbd7e3160017c33/screenshot - {}
RESULT: {}
COMMAND: POST /session/b6c1ba66361885338dbd7e3160017c33/actions - {"actions":[{"id":"action14","type":"key","parameters":{},"actions":[{"type":"keyDown","value":"î€‡"},{"type":"pause","duration":10},{"type":"keyUp","value":"î€‡"}]}]}
RESULT: {"actions":[{"id":"action14","type":"key","parameters":{},"actions":[{"type":"keyDown","value":"î€‡"},{"type":"pause","duration":10},{"type":"keyUp","value":"î€‡"}]}]}
COMMAND: GET /session/b6c1ba66361885338dbd7e3160017c33/screenshot - {}
RESULT: {}
COMMAND: POST /session/b6c1ba66361885338dbd7e3160017c33/element - {"using":"xpath","value":"(//input[contains(@type ,\"search\")][contains(@aria-label ,\"Search\")])[1]"}
RESULT: {"using":"xpath","value":"(//input[contains(@type ,\"search\")][contains(@aria-label ,\"Search\")])[1]"}
COMMAND: POST /session/b6c1ba66361885338dbd7e3160017c33/element/f.1D371F0606E69D8CD920F8C1F469B1CE.d.60B65BA19D5762E181A8DC8B547CE567.e.1464/clear - {}
RESULT: {}
COMMAND: POST /session/b6c1ba66361885338dbd7e3160017c33/element/f.1D371F0606E69D8CD920F8C1F469B1CE.d.60B65BA19D5762E181A8DC8B547CE567.e.1464/value - {"text":"200013"}
COMMAND: GET /session/b6c1ba66361885338dbd7e3160017c33/screenshot - {}
RESULT: {"text":"200013"}
COMMAND: GET /session/b6c1ba66361885338dbd7e3160017c33/screenshot - {}
RESULT: {}
RESULT: {}
COMMAND: POST /session/b6c1ba66361885338dbd7e3160017c33/actions - {"actions":[{"id":"action15","type":"key","parameters":{},"actions":[{"type":"keyDown","value":"î€‡"},{"type":"pause","duration":10},{"type":"keyUp","value":"î€‡"}]}]}
RESULT: {"actions":[{"id":"action15","type":"key","parameters":{},"actions":[{"type":"keyDown","value":"î€‡"},{"type":"pause","duration":10},{"type":"keyUp","value":"î€‡"}]}]}
COMMAND: GET /session/b6c1ba66361885338dbd7e3160017c33/screenshot - {}
RESULT: {}
COMMAND: POST /session/b6c1ba66361885338dbd7e3160017c33/element - {"using":"xpath","value":"(//span[contains(text(), \"Material\")])[1]"}
RESULT: {"using":"xpath","value":"(//span[contains(text(), \"Material\")])[1]"}
COMMAND: POST /session/b6c1ba66361885338dbd7e3160017c33/element/f.1D371F0606E69D8CD920F8C1F469B1CE.d.60B65BA19D5762E181A8DC8B547CE567.e.1488/click - {}
RESULT: {}
COMMAND: GET /session/b6c1ba66361885338dbd7e3160017c33/screenshot - {}
RESULT: {}
COMMAND: POST /session/b6c1ba66361885338dbd7e3160017c33/execute/async - {"script":"<script> [1562 bytes]","args":[{"selector":{"controlType":"sap.m.Input","viewName":"etm.portal.ui.isctemplates.view.New","viewId":"application-isctemplates-display-component---addDetailSafetyAndCompliance","bindingPath":{"path":"/0","propertyPath":"INPUT_PLANNED_QUANTITY","modelName":"sparePartsModel"},"interaction":{"idSuffix":"inner"}},"wdio_ui5_key":"etmportal.ui.isctemplates.view.Newsap.m.Input{\"path\":\"/0\",\"propertyPath\":\"INPUT_PLANNED_QUANTITY\",\"modelName\":\"sparePartsModel\"}"}]}
RESULT: {"script":"<script> [1562 bytes]","args":[{"selector":{"controlType":"sap.m.Input","viewName":"etm.portal.ui.isctemplates.view.New","viewId":"application-isctemplates-display-component---addDetailSafetyAndCompliance","bindingPath":{"path":"/0","propertyPath":"INPUT_PLANNED_QUANTITY","modelName":"sparePartsModel"},"interaction":{"idSuffix":"inner"}},"wdio_ui5_key":"etmportal.ui.isctemplates.view.Newsap.m.Input{\"path\":\"/0\",\"propertyPath\":\"INPUT_PLANNED_QUANTITY\",\"modelName\":\"sparePartsModel\"}"}]}
RESULT: undefined
COMMAND: POST /session/b6c1ba66361885338dbd7e3160017c33/execute/async - {"script":"<script> [776 bytes]","args":[{"enterText":"2","selector":{"controlType":"sap.m.Input","viewName":"etm.portal.ui.isctemplates.view.New","viewId":"application-isctemplates-display-component---addDetailSafetyAndCompliance","bindingPath":{"path":"/0","propertyPath":"INPUT_PLANNED_QUANTITY","modelName":"sparePartsModel"},"interaction":{"idSuffix":"inner"}},"clearTextFirst":true,"interactionType":"ENTER_TEXT"}]}
RESULT: {"script":"<script> [776 bytes]","args":[{"enterText":"2","selector":{"controlType":"sap.m.Input","viewName":"etm.portal.ui.isctemplates.view.New","viewId":"application-isctemplates-display-component---addDetailSafetyAndCompliance","bindingPath":{"path":"/0","propertyPath":"INPUT_PLANNED_QUANTITY","modelName":"sparePartsModel"},"interaction":{"idSuffix":"inner"}},"clearTextFirst":true,"interactionType":"ENTER_TEXT"}]}
COMMAND: POST /session/b6c1ba66361885338dbd7e3160017c33/execute/async - {"script":"<script> [1562 bytes]","args":[{"selector":{"controlType":"netm.SmartInput","viewName":"etm.portal.ui.isctemplates.view.New","viewId":"application-isctemplates-display-component---addDetailSafetyAndCompliance","bindingPath":{"path":"/0","propertyPath":"ITEM_TYPE_GROUP","modelName":"sparePartsModel"},"interaction":{"idSuffix":"inner"}},"wdio_ui5_key":"etmportal.ui.isctemplates.view.Newnetm.SmartInput{\"path\":\"/0\",\"propertyPath\":\"ITEM_TYPE_GROUP\",\"modelName\":\"sparePartsModel\"}"}]}
RESULT: {"script":"<script> [1562 bytes]","args":[{"selector":{"controlType":"netm.SmartInput","viewName":"etm.portal.ui.isctemplates.view.New","viewId":"application-isctemplates-display-component---addDetailSafetyAndCompliance","bindingPath":{"path":"/0","propertyPath":"ITEM_TYPE_GROUP","modelName":"sparePartsModel"},"interaction":{"idSuffix":"inner"}},"wdio_ui5_key":"etmportal.ui.isctemplates.view.Newnetm.SmartInput{\"path\":\"/0\",\"propertyPath\":\"ITEM_TYPE_GROUP\",\"modelName\":\"sparePartsModel\"}"}]}
RESULT: undefined
COMMAND: POST /session/b6c1ba66361885338dbd7e3160017c33/execute/async - {"script":"<script> [776 bytes]","args":[{"enterText":"Manual fee","selector":{"controlType":"netm.SmartInput","viewName":"etm.portal.ui.isctemplates.view.New","viewId":"application-isctemplates-display-component---addDetailSafetyAndCompliance","bindingPath":{"path":"/0","propertyPath":"ITEM_TYPE_GROUP","modelName":"sparePartsModel"},"interaction":{"idSuffix":"inner"}},"clearTextFirst":true,"interactionType":"ENTER_TEXT"}]}
RESULT: {"script":"<script> [776 bytes]","args":[{"enterText":"Manual fee","selector":{"controlType":"netm.SmartInput","viewName":"etm.portal.ui.isctemplates.view.New","viewId":"application-isctemplates-display-component---addDetailSafetyAndCompliance","bindingPath":{"path":"/0","propertyPath":"ITEM_TYPE_GROUP","modelName":"sparePartsModel"},"interaction":{"idSuffix":"inner"}},"clearTextFirst":true,"interactionType":"ENTER_TEXT"}]}
COMMAND: POST /session/b6c1ba66361885338dbd7e3160017c33/actions - {"actions":[{"id":"action16","type":"key","parameters":{},"actions":[{"type":"keyDown","value":"î€‡"},{"type":"pause","duration":10},{"type":"keyUp","value":"î€‡"}]}]}
RESULT: {"actions":[{"id":"action16","type":"key","parameters":{},"actions":[{"type":"keyDown","value":"î€‡"},{"type":"pause","duration":10},{"type":"keyUp","value":"î€‡"}]}]}
COMMAND: GET /session/b6c1ba66361885338dbd7e3160017c33/screenshot - {}
RESULT: {}
COMMAND: POST /session/b6c1ba66361885338dbd7e3160017c33/execute/async - {"script":"<script> [1562 bytes]","args":[{"selector":{"id":"application-isctemplates-display-component---addDetailSafetyAndCompliance--saveBtn","interaction":{"idSuffix":"BDI-content"}},"wdio_ui5_key":"applicationisctemplates-display-component---addDetailSafetyAndCompliance--saveBtn"}]}
RESULT: {"script":"<script> [1562 bytes]","args":[{"selector":{"id":"application-isctemplates-display-component---addDetailSafetyAndCompliance--saveBtn","interaction":{"idSuffix":"BDI-content"}},"wdio_ui5_key":"applicationisctemplates-display-component---addDetailSafetyAndCompliance--saveBtn"}]}
RESULT: undefined
COMMAND: POST /session/b6c1ba66361885338dbd7e3160017c33/element - {"using":"xpath","value":"//*[@id=\"application-isctemplates-display-component---addDetailSafetyAndCompliance--saveBtn\"]"}
RESULT: {"using":"xpath","value":"//*[@id=\"application-isctemplates-display-component---addDetailSafetyAndCompliance--saveBtn\"]"}
COMMAND: POST /session/b6c1ba66361885338dbd7e3160017c33/element/f.1D371F0606E69D8CD920F8C1F469B1CE.d.60B65BA19D5762E181A8DC8B547CE567.e.1268/click - {}
RESULT: {}
COMMAND: GET /session/b6c1ba66361885338dbd7e3160017c33/screenshot - {}
RESULT: {}
COMMAND: POST /session/b6c1ba66361885338dbd7e3160017c33/element - {"using":"xpath","value":"//div[contains(@id, \"expand-wrapper\")]/span"}
RESULT: {"using":"xpath","value":"//div[contains(@id, \"expand-wrapper\")]/span"}
COMMAND: GET /session/b6c1ba66361885338dbd7e3160017c33/element/f.1D371F0606E69D8CD920F8C1F469B1CE.d.60B65BA19D5762E181A8DC8B547CE567.e.1510/text - {}
RESULT: {}
COMMAND: POST /session/b6c1ba66361885338dbd7e3160017c33/element - {"using":"css selector","value":"#shell-header-logo"}
RESULT: {"using":"css selector","value":"#shell-header-logo"}
COMMAND: POST /session/b6c1ba66361885338dbd7e3160017c33/element/f.1D371F0606E69D8CD920F8C1F469B1CE.d.60B65BA19D5762E181A8DC8B547CE567.e.893/click - {}
RESULT: {}
COMMAND: GET /session/b6c1ba66361885338dbd7e3160017c33/screenshot - {}
RESULT: {}
]]></system-out>
    </testcase>
  </testsuite>
  <testsuite timestamp="2025-06-04T17:02:53" time="738.568" tests="6" failures="0" errors="0" skipped="0">
    <properties>
      <property name="specId" value="0" />
      <property name="suiteName" value="ISC Schedule - Time schedule US156838" />
      <property name="capabilities" value="chrome.137_0_7151_56.windows" />
      <property name="file" value="file:///D:/a/1/s/test/specs/ISC/isc-schedule-time-schedule.spec.js" />
    </properties>
    <testcase classname="chrome.137_0_7151_56.windows.ISC_Schedule_-_Time_schedule_US156838" name="Should create a new equipment and stock increase it" time="233.413">
      <system-out><![CDATA[
COMMAND: POST /session/b6c1ba66361885338dbd7e3160017c33/execute/async - {"script":"<script> [1562 bytes]","args":[{"selector":{"controlType":"sap.m.GenericTile","properties":{"header":"Manage Resources"}},"wdio_ui5_key":"sapm.GenericTile{\"header\":\"Manage Resources\"}"}]}
RESULT: {"script":"<script> [1562 bytes]","args":[{"selector":{"controlType":"sap.m.GenericTile","properties":{"header":"Manage Resources"}},"wdio_ui5_key":"sapm.GenericTile{\"header\":\"Manage Resources\"}"}]}
RESULT: undefined
COMMAND: POST /session/b6c1ba66361885338dbd7e3160017c33/element - {"using":"xpath","value":"//*[@id=\"__tile39\"]"}
RESULT: {"using":"xpath","value":"//*[@id=\"__tile39\"]"}
COMMAND: POST /session/b6c1ba66361885338dbd7e3160017c33/element/f.1D371F0606E69D8CD920F8C1F469B1CE.d.60B65BA19D5762E181A8DC8B547CE567.e.1515/click - {}
RESULT: {}
COMMAND: GET /session/b6c1ba66361885338dbd7e3160017c33/screenshot - {}
COMMAND: POST /session/b6c1ba66361885338dbd7e3160017c33/elements - {"using":"xpath","value":"//span[text()='Error']"}
RESULT: {}
RESULT: {"using":"xpath","value":"//span[text()='Error']"}
COMMAND: POST /session/b6c1ba66361885338dbd7e3160017c33/element - {"using":"xpath","value":"//button[@data-kt=\"addNewRUOverflowToolbarButton\"]"}
RESULT: {"using":"xpath","value":"//button[@data-kt=\"addNewRUOverflowToolbarButton\"]"}
COMMAND: POST /session/b6c1ba66361885338dbd7e3160017c33/execute/sync - {"script":"<script> [8489 bytes]","args":[{"element-6066-11e4-a52e-4f735466cecf":"f.1D371F0606E69D8CD920F8C1F469B1CE.d.60B65BA19D5762E181A8DC8B547CE567.e.1556","ELEMENT":"f.1D371F0606E69D8CD920F8C1F469B1CE.d.60B65BA19D5762E181A8DC8B547CE567.e.1556"}]}
RESULT: {"script":"<script> [8489 bytes]","args":[{"element-6066-11e4-a52e-4f735466cecf":"f.1D371F0606E69D8CD920F8C1F469B1CE.d.60B65BA19D5762E181A8DC8B547CE567.e.1556","ELEMENT":"f.1D371F0606E69D8CD920F8C1F469B1CE.d.60B65BA19D5762E181A8DC8B547CE567.e.1556"}]}
COMMAND: POST /session/b6c1ba66361885338dbd7e3160017c33/element/f.1D371F0606E69D8CD920F8C1F469B1CE.d.60B65BA19D5762E181A8DC8B547CE567.e.1556/click - {}
COMMAND: GET /session/b6c1ba66361885338dbd7e3160017c33/screenshot - {}
RESULT: {}
COMMAND: GET /session/b6c1ba66361885338dbd7e3160017c33/screenshot - {}
RESULT: {}
COMMAND: POST /session/b6c1ba66361885338dbd7e3160017c33/execute/async - {"script":"<script> [1562 bytes]","args":[{"selector":{"id":"application-manageresources-display-component---newResourceUnit--TYPE-arrow"},"wdio_ui5_key":"applicationmanageresources-display-component---newResourceUnit--TYPE-arrow"}]}
RESULT: {}
RESULT: {"script":"<script> [1562 bytes]","args":[{"selector":{"id":"application-manageresources-display-component---newResourceUnit--TYPE-arrow"},"wdio_ui5_key":"applicationmanageresources-display-component---newResourceUnit--TYPE-arrow"}]}
RESULT: undefined
COMMAND: POST /session/b6c1ba66361885338dbd7e3160017c33/element - {"using":"xpath","value":"//*[@id=\"application-manageresources-display-component---newResourceUnit--TYPE-arrow\"]"}
RESULT: {"using":"xpath","value":"//*[@id=\"application-manageresources-display-component---newResourceUnit--TYPE-arrow\"]"}
COMMAND: POST /session/b6c1ba66361885338dbd7e3160017c33/element/f.1D371F0606E69D8CD920F8C1F469B1CE.d.60B65BA19D5762E181A8DC8B547CE567.e.1869/click - {}
RESULT: {}
COMMAND: POST /session/b6c1ba66361885338dbd7e3160017c33/execute/async - {"script":"<script> [1562 bytes]","args":[{"selector":{"controlType":"sap.m.StandardListItem","viewName":"reusables.view.manageresources.NewResourceUnit","viewId":"application-manageresources-display-component---newResourceUnit","properties":{"title":"Equipment"},"searchOpenDialogs":true,"interaction":{"idSuffix":"content"}},"wdio_ui5_key":"reusablesview.manageresources.NewResourceUnitsap.m.StandardListItem{\"title\":\"Equipment\"}"}]}
COMMAND: GET /session/b6c1ba66361885338dbd7e3160017c33/screenshot - {}
RESULT: {"script":"<script> [1562 bytes]","args":[{"selector":{"controlType":"sap.m.StandardListItem","viewName":"reusables.view.manageresources.NewResourceUnit","viewId":"application-manageresources-display-component---newResourceUnit","properties":{"title":"Equipment"},"searchOpenDialogs":true,"interaction":{"idSuffix":"content"}},"wdio_ui5_key":"reusablesview.manageresources.NewResourceUnitsap.m.StandardListItem{\"title\":\"Equipment\"}"}]}
RESULT: undefined
COMMAND: POST /session/b6c1ba66361885338dbd7e3160017c33/element - {"using":"xpath","value":"//*[@id=\"__item290\"]"}
RESULT: {}
RESULT: {"using":"xpath","value":"//*[@id=\"__item290\"]"}
COMMAND: POST /session/b6c1ba66361885338dbd7e3160017c33/element/f.1D371F0606E69D8CD920F8C1F469B1CE.d.60B65BA19D5762E181A8DC8B547CE567.e.1872/click - {}
RESULT: {}
COMMAND: POST /session/b6c1ba66361885338dbd7e3160017c33/execute/async - {"script":"<script> [1562 bytes]","args":[{"selector":{"id":"application-manageresources-display-component---newResourceUnit--resourceId","interaction":{"idSuffix":"inner"}},"wdio_ui5_key":"applicationmanageresources-display-component---newResourceUnit--resourceId"}]}
COMMAND: GET /session/b6c1ba66361885338dbd7e3160017c33/screenshot - {}
RESULT: {"script":"<script> [1562 bytes]","args":[{"selector":{"id":"application-manageresources-display-component---newResourceUnit--resourceId","interaction":{"idSuffix":"inner"}},"wdio_ui5_key":"applicationmanageresources-display-component---newResourceUnit--resourceId"}]}
RESULT: undefined
COMMAND: POST /session/b6c1ba66361885338dbd7e3160017c33/execute/async - {"script":"<script> [776 bytes]","args":[{"enterText":"WdIOTestEquiprgkazg","selector":{"id":"application-manageresources-display-component---newResourceUnit--resourceId","interaction":{"idSuffix":"inner"}},"clearTextFirst":true,"interactionType":"ENTER_TEXT"}]}
RESULT: {}
RESULT: {"script":"<script> [776 bytes]","args":[{"enterText":"WdIOTestEquiprgkazg","selector":{"id":"application-manageresources-display-component---newResourceUnit--resourceId","interaction":{"idSuffix":"inner"}},"clearTextFirst":true,"interactionType":"ENTER_TEXT"}]}
COMMAND: POST /session/b6c1ba66361885338dbd7e3160017c33/execute/async - {"script":"<script> [1562 bytes]","args":[{"selector":{"id":"application-manageresources-display-component---newResourceUnit--SHORT_TEXT","interaction":{"idSuffix":"inner"}},"wdio_ui5_key":"applicationmanageresources-display-component---newResourceUnit--SHORT_TEXT"}]}
RESULT: {"script":"<script> [1562 bytes]","args":[{"selector":{"id":"application-manageresources-display-component---newResourceUnit--SHORT_TEXT","interaction":{"idSuffix":"inner"}},"wdio_ui5_key":"applicationmanageresources-display-component---newResourceUnit--SHORT_TEXT"}]}
RESULT: undefined
COMMAND: POST /session/b6c1ba66361885338dbd7e3160017c33/execute/async - {"script":"<script> [776 bytes]","args":[{"enterText":"WdIOTestEquiprgkazg","selector":{"id":"application-manageresources-display-component---newResourceUnit--SHORT_TEXT","interaction":{"idSuffix":"inner"}},"clearTextFirst":true,"interactionType":"ENTER_TEXT"}]}
RESULT: {"script":"<script> [776 bytes]","args":[{"enterText":"WdIOTestEquiprgkazg","selector":{"id":"application-manageresources-display-component---newResourceUnit--SHORT_TEXT","interaction":{"idSuffix":"inner"}},"clearTextFirst":true,"interactionType":"ENTER_TEXT"}]}
COMMAND: POST /session/b6c1ba66361885338dbd7e3160017c33/execute/async - {"script":"<script> [1562 bytes]","args":[{"selector":{"id":"application-manageresources-display-component---newResourceUnit--BASE_UNIT_OF_MEASURE","interaction":{"idSuffix":"inner"}},"wdio_ui5_key":"applicationmanageresources-display-component---newResourceUnit--BASE_UNIT_OF_MEASURE"}]}
RESULT: {"script":"<script> [1562 bytes]","args":[{"selector":{"id":"application-manageresources-display-component---newResourceUnit--BASE_UNIT_OF_MEASURE","interaction":{"idSuffix":"inner"}},"wdio_ui5_key":"applicationmanageresources-display-component---newResourceUnit--BASE_UNIT_OF_MEASURE"}]}
RESULT: undefined
COMMAND: POST /session/b6c1ba66361885338dbd7e3160017c33/execute/async - {"script":"<script> [776 bytes]","args":[{"enterText":"Piece","selector":{"id":"application-manageresources-display-component---newResourceUnit--BASE_UNIT_OF_MEASURE","interaction":{"idSuffix":"inner"}},"clearTextFirst":true,"interactionType":"ENTER_TEXT"}]}
RESULT: {"script":"<script> [776 bytes]","args":[{"enterText":"Piece","selector":{"id":"application-manageresources-display-component---newResourceUnit--BASE_UNIT_OF_MEASURE","interaction":{"idSuffix":"inner"}},"clearTextFirst":true,"interactionType":"ENTER_TEXT"}]}
COMMAND: POST /session/b6c1ba66361885338dbd7e3160017c33/execute/async - {"script":"<script> [1562 bytes]","args":[{"selector":{"id":"application-manageresources-display-component---newResourceUnit--WEIGHT_UNIT","interaction":{"idSuffix":"inner"}},"wdio_ui5_key":"applicationmanageresources-display-component---newResourceUnit--WEIGHT_UNIT"}]}
RESULT: {"script":"<script> [1562 bytes]","args":[{"selector":{"id":"application-manageresources-display-component---newResourceUnit--WEIGHT_UNIT","interaction":{"idSuffix":"inner"}},"wdio_ui5_key":"applicationmanageresources-display-component---newResourceUnit--WEIGHT_UNIT"}]}
RESULT: undefined
COMMAND: POST /session/b6c1ba66361885338dbd7e3160017c33/execute/async - {"script":"<script> [776 bytes]","args":[{"enterText":"Gram","selector":{"id":"application-manageresources-display-component---newResourceUnit--WEIGHT_UNIT","interaction":{"idSuffix":"inner"}},"clearTextFirst":true,"interactionType":"ENTER_TEXT"}]}
RESULT: {"script":"<script> [776 bytes]","args":[{"enterText":"Gram","selector":{"id":"application-manageresources-display-component---newResourceUnit--WEIGHT_UNIT","interaction":{"idSuffix":"inner"}},"clearTextFirst":true,"interactionType":"ENTER_TEXT"}]}
COMMAND: POST /session/b6c1ba66361885338dbd7e3160017c33/execute/async - {"script":"<script> [1562 bytes]","args":[{"selector":{"id":"application-manageresources-display-component---newResourceUnit--newRRUPage-OPHeaderContent-collapseBtn-img"},"wdio_ui5_key":"applicationmanageresources-display-component---newResourceUnit--newRRUPage-OPHeaderContent-collapseBtn-img"}]}
RESULT: {"script":"<script> [1562 bytes]","args":[{"selector":{"id":"application-manageresources-display-component---newResourceUnit--newRRUPage-OPHeaderContent-collapseBtn-img"},"wdio_ui5_key":"applicationmanageresources-display-component---newResourceUnit--newRRUPage-OPHeaderContent-collapseBtn-img"}]}
RESULT: undefined
COMMAND: POST /session/b6c1ba66361885338dbd7e3160017c33/element - {"using":"xpath","value":"//*[@id=\"application-manageresources-display-component---newResourceUnit--newRRUPage-OPHeaderContent-collapseBtn-img\"]"}
RESULT: {"using":"xpath","value":"//*[@id=\"application-manageresources-display-component---newResourceUnit--newRRUPage-OPHeaderContent-collapseBtn-img\"]"}
COMMAND: POST /session/b6c1ba66361885338dbd7e3160017c33/element/f.1D371F0606E69D8CD920F8C1F469B1CE.d.60B65BA19D5762E181A8DC8B547CE567.e.1880/click - {}
RESULT: {}
COMMAND: GET /session/b6c1ba66361885338dbd7e3160017c33/screenshot - {}
RESULT: {}
COMMAND: POST /session/b6c1ba66361885338dbd7e3160017c33/element - {"using":"xpath","value":"(//span[contains(@id ,\"application-manageresources-display-component---newResourceUnit--DIMENSION_UNIT-arrow\")])[1]"}
RESULT: {"using":"xpath","value":"(//span[contains(@id ,\"application-manageresources-display-component---newResourceUnit--DIMENSION_UNIT-arrow\")])[1]"}
COMMAND: POST /session/b6c1ba66361885338dbd7e3160017c33/element/f.1D371F0606E69D8CD920F8C1F469B1CE.d.60B65BA19D5762E181A8DC8B547CE567.e.2029/click - {}
RESULT: {}
COMMAND: GET /session/b6c1ba66361885338dbd7e3160017c33/screenshot - {}
RESULT: {}
COMMAND: POST /session/b6c1ba66361885338dbd7e3160017c33/execute/async - {"script":"<script> [1562 bytes]","args":[{"selector":{"controlType":"sap.m.StandardListItem","viewName":"reusables.view.manageresources.NewResourceUnit","viewId":"application-manageresources-display-component---newResourceUnit","properties":{"title":"Centimeter"},"searchOpenDialogs":true,"interaction":{"idSuffix":"titleText"}},"wdio_ui5_key":"reusablesview.manageresources.NewResourceUnitsap.m.StandardListItem{\"title\":\"Centimeter\"}"}]}
RESULT: {"script":"<script> [1562 bytes]","args":[{"selector":{"controlType":"sap.m.StandardListItem","viewName":"reusables.view.manageresources.NewResourceUnit","viewId":"application-manageresources-display-component---newResourceUnit","properties":{"title":"Centimeter"},"searchOpenDialogs":true,"interaction":{"idSuffix":"titleText"}},"wdio_ui5_key":"reusablesview.manageresources.NewResourceUnitsap.m.StandardListItem{\"title\":\"Centimeter\"}"}]}
RESULT: undefined
COMMAND: POST /session/b6c1ba66361885338dbd7e3160017c33/element - {"using":"xpath","value":"//*[@id=\"__item350\"]"}
RESULT: {"using":"xpath","value":"//*[@id=\"__item350\"]"}
COMMAND: POST /session/b6c1ba66361885338dbd7e3160017c33/element/f.1D371F0606E69D8CD920F8C1F469B1CE.d.60B65BA19D5762E181A8DC8B547CE567.e.2033/click - {}
RESULT: {}
COMMAND: GET /session/b6c1ba66361885338dbd7e3160017c33/screenshot - {}
COMMAND: POST /session/b6c1ba66361885338dbd7e3160017c33/execute/async - {"script":"<script> [1562 bytes]","args":[{"selector":{"id":"application-manageresources-display-component---newResourceUnit--newRRUPage-anchBar-application-manageresources-display-component---newResourceUnit--control-anchor","interaction":{"idSuffix":"BDI-content"}},"wdio_ui5_key":"applicationmanageresources-display-component---newResourceUnit--newRRUPage-anchBar-application-manageresources-display-component---newResourceUnit--control-anchor"}]}
RESULT: {}
RESULT: {"script":"<script> [1562 bytes]","args":[{"selector":{"id":"application-manageresources-display-component---newResourceUnit--newRRUPage-anchBar-application-manageresources-display-component---newResourceUnit--control-anchor","interaction":{"idSuffix":"BDI-content"}},"wdio_ui5_key":"applicationmanageresources-display-component---newResourceUnit--newRRUPage-anchBar-application-manageresources-display-component---newResourceUnit--control-anchor"}]}
RESULT: undefined
COMMAND: POST /session/b6c1ba66361885338dbd7e3160017c33/element - {"using":"xpath","value":"//*[@id=\"application-manageresources-display-component---newResourceUnit--newRRUPage-anchBar-application-manageresources-display-component---newResourceUnit--control-anchor\"]"}
RESULT: {"using":"xpath","value":"//*[@id=\"application-manageresources-display-component---newResourceUnit--newRRUPage-anchBar-application-manageresources-display-component---newResourceUnit--control-anchor\"]"}
COMMAND: POST /session/b6c1ba66361885338dbd7e3160017c33/element/f.1D371F0606E69D8CD920F8C1F469B1CE.d.60B65BA19D5762E181A8DC8B547CE567.e.2035/click - {}
RESULT: {}
COMMAND: POST /session/b6c1ba66361885338dbd7e3160017c33/execute/async - {"script":"<script> [1562 bytes]","args":[{"selector":{"id":"application-manageresources-display-component---newResourceUnit--PLANNING_GROUP","interaction":{"idSuffix":"inner"}},"wdio_ui5_key":"applicationmanageresources-display-component---newResourceUnit--PLANNING_GROUP"}]}
COMMAND: GET /session/b6c1ba66361885338dbd7e3160017c33/screenshot - {}
RESULT: {"script":"<script> [1562 bytes]","args":[{"selector":{"id":"application-manageresources-display-component---newResourceUnit--PLANNING_GROUP","interaction":{"idSuffix":"inner"}},"wdio_ui5_key":"applicationmanageresources-display-component---newResourceUnit--PLANNING_GROUP"}]}
RESULT: undefined
COMMAND: POST /session/b6c1ba66361885338dbd7e3160017c33/execute/async - {"script":"<script> [776 bytes]","args":[{"enterText":"Heavy Equi","selector":{"id":"application-manageresources-display-component---newResourceUnit--PLANNING_GROUP","interaction":{"idSuffix":"inner"}},"clearTextFirst":true,"interactionType":"ENTER_TEXT"}]}
RESULT: {}
RESULT: {"script":"<script> [776 bytes]","args":[{"enterText":"Heavy Equi","selector":{"id":"application-manageresources-display-component---newResourceUnit--PLANNING_GROUP","interaction":{"idSuffix":"inner"}},"clearTextFirst":true,"interactionType":"ENTER_TEXT"}]}
COMMAND: POST /session/b6c1ba66361885338dbd7e3160017c33/execute/async - {"script":"<script> [1562 bytes]","args":[{"selector":{"id":"application-manageresources-display-component---newResourceUnit--ITEM_TYPE-arrow"},"wdio_ui5_key":"applicationmanageresources-display-component---newResourceUnit--ITEM_TYPE-arrow"}]}
RESULT: {"script":"<script> [1562 bytes]","args":[{"selector":{"id":"application-manageresources-display-component---newResourceUnit--ITEM_TYPE-arrow"},"wdio_ui5_key":"applicationmanageresources-display-component---newResourceUnit--ITEM_TYPE-arrow"}]}
RESULT: undefined
COMMAND: POST /session/b6c1ba66361885338dbd7e3160017c33/element - {"using":"xpath","value":"//*[@id=\"application-manageresources-display-component---newResourceUnit--ITEM_TYPE-arrow\"]"}
RESULT: {"using":"xpath","value":"//*[@id=\"application-manageresources-display-component---newResourceUnit--ITEM_TYPE-arrow\"]"}
COMMAND: POST /session/b6c1ba66361885338dbd7e3160017c33/element/f.1D371F0606E69D8CD920F8C1F469B1CE.d.60B65BA19D5762E181A8DC8B547CE567.e.2040/click - {}
RESULT: {}
COMMAND: POST /session/b6c1ba66361885338dbd7e3160017c33/execute/async - {"script":"<script> [1562 bytes]","args":[{"selector":{"controlType":"sap.m.StandardListItem","viewName":"reusables.view.manageresources.NewResourceUnit","viewId":"application-manageresources-display-component---newResourceUnit","properties":{"title":"Resource Unit"},"searchOpenDialogs":true,"interaction":{"idSuffix":"titleText"}},"wdio_ui5_key":"reusablesview.manageresources.NewResourceUnitsap.m.StandardListItem{\"title\":\"Resource Unit\"}"}]}
COMMAND: GET /session/b6c1ba66361885338dbd7e3160017c33/screenshot - {}
RESULT: {"script":"<script> [1562 bytes]","args":[{"selector":{"controlType":"sap.m.StandardListItem","viewName":"reusables.view.manageresources.NewResourceUnit","viewId":"application-manageresources-display-component---newResourceUnit","properties":{"title":"Resource Unit"},"searchOpenDialogs":true,"interaction":{"idSuffix":"titleText"}},"wdio_ui5_key":"reusablesview.manageresources.NewResourceUnitsap.m.StandardListItem{\"title\":\"Resource Unit\"}"}]}
RESULT: undefined
COMMAND: POST /session/b6c1ba66361885338dbd7e3160017c33/element - {"using":"xpath","value":"//*[@id=\"__item372\"]"}
RESULT: {}
RESULT: {"using":"xpath","value":"//*[@id=\"__item372\"]"}
COMMAND: POST /session/b6c1ba66361885338dbd7e3160017c33/element/f.1D371F0606E69D8CD920F8C1F469B1CE.d.60B65BA19D5762E181A8DC8B547CE567.e.2042/click - {}
RESULT: {}
COMMAND: POST /session/b6c1ba66361885338dbd7e3160017c33/element - {"using":"xpath","value":"//bdi[contains(text(), \"Time Segment\")]"}
COMMAND: GET /session/b6c1ba66361885338dbd7e3160017c33/screenshot - {}
RESULT: {"using":"xpath","value":"//bdi[contains(text(), \"Time Segment\")]"}
COMMAND: GET /session/b6c1ba66361885338dbd7e3160017c33/element/f.1D371F0606E69D8CD920F8C1F469B1CE.d.60B65BA19D5762E181A8DC8B547CE567.e.2049/rect - {}
RESULT: {}
RESULT: {}
COMMAND: GET /session/b6c1ba66361885338dbd7e3160017c33/window/rect - {}
RESULT: {}
COMMAND: POST /session/b6c1ba66361885338dbd7e3160017c33/execute/sync - {"script":"<script> [92 bytes]","args":[]}
RESULT: {"script":"<script> [92 bytes]","args":[]}
COMMAND: POST /session/b6c1ba66361885338dbd7e3160017c33/actions - {"actions":[{"id":"action17","type":"wheel","parameters":{},"actions":[{"type":"scroll","x":-1820,"y":-21,"deltaX":0,"deltaY":0,"duration":0,"origin":{"element-6066-11e4-a52e-4f735466cecf":"f.1D371F0606E69D8CD920F8C1F469B1CE.d.60B65BA19D5762E181A8DC8B547CE567.e.2049"}}]}]}
COMMAND: GET /session/b6c1ba66361885338dbd7e3160017c33/screenshot - {}
RESULT: {}
COMMAND: POST /session/b6c1ba66361885338dbd7e3160017c33/execute/sync - {"script":"<script> [79 bytes]","args":[{"element-6066-11e4-a52e-4f735466cecf":"f.1D371F0606E69D8CD920F8C1F469B1CE.d.60B65BA19D5762E181A8DC8B547CE567.e.2049","ELEMENT":"f.1D371F0606E69D8CD920F8C1F469B1CE.d.60B65BA19D5762E181A8DC8B547CE567.e.2049"},{"block":"start","inline":"nearest"}]}
RESULT: {"script":"<script> [79 bytes]","args":[{"element-6066-11e4-a52e-4f735466cecf":"f.1D371F0606E69D8CD920F8C1F469B1CE.d.60B65BA19D5762E181A8DC8B547CE567.e.2049","ELEMENT":"f.1D371F0606E69D8CD920F8C1F469B1CE.d.60B65BA19D5762E181A8DC8B547CE567.e.2049"},{"block":"start","inline":"nearest"}]}
COMMAND: POST /session/b6c1ba66361885338dbd7e3160017c33/execute/async - {"script":"<script> [1562 bytes]","args":[{"selector":{"id":"application-manageresources-display-component---newResourceUnit--btnAddTimeSegment-img"},"wdio_ui5_key":"applicationmanageresources-display-component---newResourceUnit--btnAddTimeSegment-img"}]}
COMMAND: GET /session/b6c1ba66361885338dbd7e3160017c33/screenshot - {}
RESULT: {"script":"<script> [1562 bytes]","args":[{"selector":{"id":"application-manageresources-display-component---newResourceUnit--btnAddTimeSegment-img"},"wdio_ui5_key":"applicationmanageresources-display-component---newResourceUnit--btnAddTimeSegment-img"}]}
RESULT: undefined
COMMAND: POST /session/b6c1ba66361885338dbd7e3160017c33/element - {"using":"xpath","value":"//*[@id=\"application-manageresources-display-component---newResourceUnit--btnAddTimeSegment-img\"]"}
RESULT: {}
RESULT: {"using":"xpath","value":"//*[@id=\"application-manageresources-display-component---newResourceUnit--btnAddTimeSegment-img\"]"}
COMMAND: POST /session/b6c1ba66361885338dbd7e3160017c33/element/f.1D371F0606E69D8CD920F8C1F469B1CE.d.60B65BA19D5762E181A8DC8B547CE567.e.2050/click - {}
RESULT: {}
COMMAND: GET /session/b6c1ba66361885338dbd7e3160017c33/screenshot - {}
COMMAND: POST /session/b6c1ba66361885338dbd7e3160017c33/element - {"using":"xpath","value":"//input[@id=\"application-manageresources-display-component---newResourceUnit--idRuTSAdmin-application-manageresources-display-component---newResourceUnit--RUTimeSegment-0-inner\"]"}
RESULT: {}
RESULT: {"using":"xpath","value":"//input[@id=\"application-manageresources-display-component---newResourceUnit--idRuTSAdmin-application-manageresources-display-component---newResourceUnit--RUTimeSegment-0-inner\"]"}
COMMAND: POST /session/b6c1ba66361885338dbd7e3160017c33/element/f.1D371F0606E69D8CD920F8C1F469B1CE.d.60B65BA19D5762E181A8DC8B547CE567.e.2056/clear - {}
RESULT: {}
COMMAND: POST /session/b6c1ba66361885338dbd7e3160017c33/element/f.1D371F0606E69D8CD920F8C1F469B1CE.d.60B65BA19D5762E181A8DC8B547CE567.e.2056/value - {"text":"109"}
COMMAND: GET /session/b6c1ba66361885338dbd7e3160017c33/screenshot - {}
RESULT: {"text":"109"}
COMMAND: GET /session/b6c1ba66361885338dbd7e3160017c33/screenshot - {}
RESULT: {}
RESULT: {}
COMMAND: POST /session/b6c1ba66361885338dbd7e3160017c33/actions - {"actions":[{"id":"action18","type":"key","parameters":{},"actions":[{"type":"keyDown","value":"î€‡"},{"type":"pause","duration":10},{"type":"keyUp","value":"î€‡"}]}]}
RESULT: {"actions":[{"id":"action18","type":"key","parameters":{},"actions":[{"type":"keyDown","value":"î€‡"},{"type":"pause","duration":10},{"type":"keyUp","value":"î€‡"}]}]}
COMMAND: POST /session/b6c1ba66361885338dbd7e3160017c33/execute/async - {"script":"<script> [1562 bytes]","args":[{"selector":{"controlType":"sap.ui.core.Icon","viewName":"reusables.view.manageresources.NewResourceUnit","viewId":"application-manageresources-display-component---newResourceUnit","properties":{"src":{"regex":{"source":"slim\\-arrow\\-down"}}},"ancestor":{"controlType":"sap.m.ComboBox","viewName":"reusables.view.manageresources.NewResourceUnit","viewId":"application-manageresources-display-component---newResourceUnit","bindingPath":{"path":"/RESOURCE_UNIT_TIME_SEQUENCES/0","propertyPath":"COST_OBJECT_ADMIN_CST_TYPE","modelName":"oNewRruModel"}}},"wdio_ui5_key":"reusablesview.manageresources.NewResourceUnitsap.ui.core.Icon{\"src\":{\"regex\":{\"source\":\"slim\\\\-arrow\\\\-down\"}}}{\"controlType\":\"sap.m.ComboBox\",\"viewName\":\"reusables.view.manageresources.NewResourceUnit\",\"viewId\":\"application-manageresources-display-component---newResourceUnit\",\"bindingPath\":{\"path\":\"/RESOURCE_UNIT_TIME_SEQUENCES/0\",\"propertyPath\":\"COST_OBJECT_ADMIN_CST_TYPE\",\"modelName\":\"oNewRruModel\"}}"}]}
COMMAND: GET /session/b6c1ba66361885338dbd7e3160017c33/screenshot - {}
RESULT: {"script":"<script> [1562 bytes]","args":[{"selector":{"controlType":"sap.ui.core.Icon","viewName":"reusables.view.manageresources.NewResourceUnit","viewId":"application-manageresources-display-component---newResourceUnit","properties":{"src":{"regex":{"source":"slim\\-arrow\\-down"}}},"ancestor":{"controlType":"sap.m.ComboBox","viewName":"reusables.view.manageresources.NewResourceUnit","viewId":"application-manageresources-display-component---newResourceUnit","bindingPath":{"path":"/RESOURCE_UNIT_TIME_SEQUENCES/0","propertyPath":"COST_OBJECT_ADMIN_CST_TYPE","modelName":"oNewRruModel"}}},"wdio_ui5_key":"reusablesview.manageresources.NewResourceUnitsap.ui.core.Icon{\"src\":{\"regex\":{\"source\":\"slim\\\\-arrow\\\\-down\"}}}{\"controlType\":\"sap.m.ComboBox\",\"viewName\":\"reusables.view.manageresources.NewResourceUnit\",\"viewId\":\"application-manageresources-display-component---newResourceUnit\",\"bindingPath\":{\"path\":\"/RESOURCE_UNIT_TIME_SEQUENCES/0\",\"propertyPath\":\"COST_OBJECT_ADMIN_CST_TYPE\",\"modelName\":\"oNewRruModel\"}}"}]}
RESULT: undefined
COMMAND: POST /session/b6c1ba66361885338dbd7e3160017c33/element - {"using":"xpath","value":"//*[@id=\"__box28-application-manageresources-display-component---newResourceUnit--RUTimeSegment-0-arrow\"]"}
RESULT: {}
RESULT: {"using":"xpath","value":"//*[@id=\"__box28-application-manageresources-display-component---newResourceUnit--RUTimeSegment-0-arrow\"]"}
COMMAND: POST /session/b6c1ba66361885338dbd7e3160017c33/element/f.1D371F0606E69D8CD920F8C1F469B1CE.d.60B65BA19D5762E181A8DC8B547CE567.e.2069/click - {}
RESULT: {}
COMMAND: POST /session/b6c1ba66361885338dbd7e3160017c33/execute/async - {"script":"<script> [1562 bytes]","args":[{"selector":{"controlType":"sap.m.StandardListItem","viewName":"reusables.view.manageresources.NewResourceUnit","viewId":"application-manageresources-display-component---newResourceUnit","properties":{"title":"PM Order"},"searchOpenDialogs":true,"interaction":{"idSuffix":"titleText"}},"wdio_ui5_key":"reusablesview.manageresources.NewResourceUnitsap.m.StandardListItem{\"title\":\"PM Order\"}"}]}
COMMAND: GET /session/b6c1ba66361885338dbd7e3160017c33/screenshot - {}
RESULT: {"script":"<script> [1562 bytes]","args":[{"selector":{"controlType":"sap.m.StandardListItem","viewName":"reusables.view.manageresources.NewResourceUnit","viewId":"application-manageresources-display-component---newResourceUnit","properties":{"title":"PM Order"},"searchOpenDialogs":true,"interaction":{"idSuffix":"titleText"}},"wdio_ui5_key":"reusablesview.manageresources.NewResourceUnitsap.m.StandardListItem{\"title\":\"PM Order\"}"}]}
RESULT: undefined
COMMAND: POST /session/b6c1ba66361885338dbd7e3160017c33/element - {"using":"xpath","value":"//*[@id=\"__item953\"]"}
RESULT: {}
RESULT: {"using":"xpath","value":"//*[@id=\"__item953\"]"}
COMMAND: POST /session/b6c1ba66361885338dbd7e3160017c33/element/f.1D371F0606E69D8CD920F8C1F469B1CE.d.60B65BA19D5762E181A8DC8B547CE567.e.2073/click - {}
RESULT: {}
COMMAND: GET /session/b6c1ba66361885338dbd7e3160017c33/screenshot - {}
RESULT: {}
COMMAND: POST /session/b6c1ba66361885338dbd7e3160017c33/element - {"using":"xpath","value":"(//input[contains(@id ,\"-application-manageresources-display-component---newResourceUnit--RUTimeSegment-0-inner\")])[8]"}
RESULT: {"using":"xpath","value":"(//input[contains(@id ,\"-application-manageresources-display-component---newResourceUnit--RUTimeSegment-0-inner\")])[8]"}
COMMAND: POST /session/b6c1ba66361885338dbd7e3160017c33/element/f.1D371F0606E69D8CD920F8C1F469B1CE.d.60B65BA19D5762E181A8DC8B547CE567.e.2076/clear - {}
RESULT: {}
COMMAND: POST /session/b6c1ba66361885338dbd7e3160017c33/element/f.1D371F0606E69D8CD920F8C1F469B1CE.d.60B65BA19D5762E181A8DC8B547CE567.e.2076/value - {"text":"4000360"}
COMMAND: GET /session/b6c1ba66361885338dbd7e3160017c33/screenshot - {}
RESULT: {"text":"4000360"}
COMMAND: GET /session/b6c1ba66361885338dbd7e3160017c33/screenshot - {}
RESULT: {}
RESULT: {}
COMMAND: POST /session/b6c1ba66361885338dbd7e3160017c33/actions - {"actions":[{"id":"action19","type":"key","parameters":{},"actions":[{"type":"keyDown","value":"î€‡"},{"type":"pause","duration":10},{"type":"keyUp","value":"î€‡"}]}]}
RESULT: {"actions":[{"id":"action19","type":"key","parameters":{},"actions":[{"type":"keyDown","value":"î€‡"},{"type":"pause","duration":10},{"type":"keyUp","value":"î€‡"}]}]}
COMMAND: GET /session/b6c1ba66361885338dbd7e3160017c33/screenshot - {}
RESULT: {}
COMMAND: POST /session/b6c1ba66361885338dbd7e3160017c33/element - {"using":"xpath","value":"//input[contains(@id ,\"application-manageresources-display-component---newResourceUnit--newTimeSegmentFromDatePicker-application-manageresources-display-component---newResourceUnit--RUTimeSegment-0-inner\")]"}
RESULT: {"using":"xpath","value":"//input[contains(@id ,\"application-manageresources-display-component---newResourceUnit--newTimeSegmentFromDatePicker-application-manageresources-display-component---newResourceUnit--RUTimeSegment-0-inner\")]"}
COMMAND: POST /session/b6c1ba66361885338dbd7e3160017c33/element/f.1D371F0606E69D8CD920F8C1F469B1CE.d.60B65BA19D5762E181A8DC8B547CE567.e.2063/clear - {}
RESULT: {}
COMMAND: POST /session/b6c1ba66361885338dbd7e3160017c33/element/f.1D371F0606E69D8CD920F8C1F469B1CE.d.60B65BA19D5762E181A8DC8B547CE567.e.2063/clear - {}
COMMAND: GET /session/b6c1ba66361885338dbd7e3160017c33/screenshot - {}
RESULT: {}
COMMAND: POST /session/b6c1ba66361885338dbd7e3160017c33/element/f.1D371F0606E69D8CD920F8C1F469B1CE.d.60B65BA19D5762E181A8DC8B547CE567.e.2063/value - {"text":"7/4/24"}
COMMAND: GET /session/b6c1ba66361885338dbd7e3160017c33/screenshot - {}
RESULT: {}
RESULT: {"text":"7/4/24"}
COMMAND: POST /session/b6c1ba66361885338dbd7e3160017c33/execute/async - {"script":"<script> [1562 bytes]","args":[{"selector":{"id":"application-manageresources-display-component---newResourceUnit--newRRUPage-anchBar-application-manageresources-display-component---newResourceUnit--resource-anchor","interaction":{"idSuffix":"BDI-content"}},"wdio_ui5_key":"applicationmanageresources-display-component---newResourceUnit--newRRUPage-anchBar-application-manageresources-display-component---newResourceUnit--resource-anchor"}]}
COMMAND: GET /session/b6c1ba66361885338dbd7e3160017c33/screenshot - {}
RESULT: {}
RESULT: {"script":"<script> [1562 bytes]","args":[{"selector":{"id":"application-manageresources-display-component---newResourceUnit--newRRUPage-anchBar-application-manageresources-display-component---newResourceUnit--resource-anchor","interaction":{"idSuffix":"BDI-content"}},"wdio_ui5_key":"applicationmanageresources-display-component---newResourceUnit--newRRUPage-anchBar-application-manageresources-display-component---newResourceUnit--resource-anchor"}]}
RESULT: undefined
COMMAND: POST /session/b6c1ba66361885338dbd7e3160017c33/element - {"using":"xpath","value":"//*[@id=\"application-manageresources-display-component---newResourceUnit--newRRUPage-anchBar-application-manageresources-display-component---newResourceUnit--resource-anchor\"]"}
RESULT: {}
RESULT: {"using":"xpath","value":"//*[@id=\"application-manageresources-display-component---newResourceUnit--newRRUPage-anchBar-application-manageresources-display-component---newResourceUnit--resource-anchor\"]"}
COMMAND: POST /session/b6c1ba66361885338dbd7e3160017c33/element/f.1D371F0606E69D8CD920F8C1F469B1CE.d.60B65BA19D5762E181A8DC8B547CE567.e.2096/click - {}
RESULT: {}
COMMAND: POST /session/b6c1ba66361885338dbd7e3160017c33/execute/async - {"script":"<script> [1562 bytes]","args":[{"selector":{"id":"application-manageresources-display-component---newResourceUnit--PLANNED_DELIVERY_DATE","interaction":{"idSuffix":"inner"}},"wdio_ui5_key":"applicationmanageresources-display-component---newResourceUnit--PLANNED_DELIVERY_DATE"}]}
COMMAND: GET /session/b6c1ba66361885338dbd7e3160017c33/screenshot - {}
RESULT: {"script":"<script> [1562 bytes]","args":[{"selector":{"id":"application-manageresources-display-component---newResourceUnit--PLANNED_DELIVERY_DATE","interaction":{"idSuffix":"inner"}},"wdio_ui5_key":"applicationmanageresources-display-component---newResourceUnit--PLANNED_DELIVERY_DATE"}]}
RESULT: undefined
COMMAND: POST /session/b6c1ba66361885338dbd7e3160017c33/execute/async - {"script":"<script> [6424 bytes]","args":[{"element-6066-11e4-a52e-4f735466cecf":"f.1D371F0606E69D8CD920F8C1F469B1CE.d.60B65BA19D5762E181A8DC8B547CE567.e.1927"},"setValue",["7/4/24"]]}
RESULT: {}
RESULT: {"script":"<script> [6424 bytes]","args":[{"element-6066-11e4-a52e-4f735466cecf":"f.1D371F0606E69D8CD920F8C1F469B1CE.d.60B65BA19D5762E181A8DC8B547CE567.e.1927"},"setValue",["7/4/24"]]}
COMMAND: POST /session/b6c1ba66361885338dbd7e3160017c33/execute/async - {"script":"<script> [1562 bytes]","args":[{"selector":{"id":"application-manageresources-display-component---newResourceUnit--RETIRE_PLANNED_DATE","interaction":{"idSuffix":"inner"}},"wdio_ui5_key":"applicationmanageresources-display-component---newResourceUnit--RETIRE_PLANNED_DATE"}]}
RESULT: {"script":"<script> [1562 bytes]","args":[{"selector":{"id":"application-manageresources-display-component---newResourceUnit--RETIRE_PLANNED_DATE","interaction":{"idSuffix":"inner"}},"wdio_ui5_key":"applicationmanageresources-display-component---newResourceUnit--RETIRE_PLANNED_DATE"}]}
RESULT: undefined
COMMAND: POST /session/b6c1ba66361885338dbd7e3160017c33/execute/async - {"script":"<script> [776 bytes]","args":[{"enterText":"3/14/29","selector":{"id":"application-manageresources-display-component---newResourceUnit--RETIRE_PLANNED_DATE","interaction":{"idSuffix":"inner"}},"clearTextFirst":true,"interactionType":"ENTER_TEXT"}]}
RESULT: {"script":"<script> [776 bytes]","args":[{"enterText":"3/14/29","selector":{"id":"application-manageresources-display-component---newResourceUnit--RETIRE_PLANNED_DATE","interaction":{"idSuffix":"inner"}},"clearTextFirst":true,"interactionType":"ENTER_TEXT"}]}
COMMAND: POST /session/b6c1ba66361885338dbd7e3160017c33/execute/async - {"script":"<script> [1562 bytes]","args":[{"selector":{"controlType":"sap.m.Button","viewName":"reusables.view.manageresources.NewResourceUnit","viewId":"application-manageresources-display-component---newResourceUnit","i18NText":{"propertyName":"tooltip","key":"save"},"interaction":{"idSuffix":"BDI-content"}},"wdio_ui5_key":"reusablesview.manageresources.NewResourceUnitsap.m.Button{\"propertyName\":\"tooltip\",\"key\":\"save\"}"}]}
RESULT: {"script":"<script> [1562 bytes]","args":[{"selector":{"controlType":"sap.m.Button","viewName":"reusables.view.manageresources.NewResourceUnit","viewId":"application-manageresources-display-component---newResourceUnit","i18NText":{"propertyName":"tooltip","key":"save"},"interaction":{"idSuffix":"BDI-content"}},"wdio_ui5_key":"reusablesview.manageresources.NewResourceUnitsap.m.Button{\"propertyName\":\"tooltip\",\"key\":\"save\"}"}]}
RESULT: undefined
COMMAND: POST /session/b6c1ba66361885338dbd7e3160017c33/element - {"using":"xpath","value":"//*[@id=\"application-manageresources-display-component---newResourceUnit--createRuButton\"]"}
RESULT: {"using":"xpath","value":"//*[@id=\"application-manageresources-display-component---newResourceUnit--createRuButton\"]"}
COMMAND: POST /session/b6c1ba66361885338dbd7e3160017c33/element/f.1D371F0606E69D8CD920F8C1F469B1CE.d.60B65BA19D5762E181A8DC8B547CE567.e.1886/click - {}
RESULT: {}
COMMAND: GET /session/b6c1ba66361885338dbd7e3160017c33/screenshot - {}
RESULT: {}
COMMAND: POST /session/b6c1ba66361885338dbd7e3160017c33/execute/async - {"script":"<script> [1562 bytes]","args":[{"selector":{"controlType":"sap.m.Button","properties":{"text":"Close"},"searchOpenDialogs":true,"interaction":{"idSuffix":"inner"}},"wdio_ui5_key":"sapm.Button{\"text\":\"Close\"}"}]}
RESULT: {"script":"<script> [1562 bytes]","args":[{"selector":{"controlType":"sap.m.Button","properties":{"text":"Close"},"searchOpenDialogs":true,"interaction":{"idSuffix":"inner"}},"wdio_ui5_key":"sapm.Button{\"text\":\"Close\"}"}]}
RESULT: undefined
COMMAND: POST /session/b6c1ba66361885338dbd7e3160017c33/element - {"using":"xpath","value":"//*[@id=\"__mbox-btn-0\"]"}
RESULT: {"using":"xpath","value":"//*[@id=\"__mbox-btn-0\"]"}
COMMAND: POST /session/b6c1ba66361885338dbd7e3160017c33/element/f.1D371F0606E69D8CD920F8C1F469B1CE.d.60B65BA19D5762E181A8DC8B547CE567.e.2106/click - {}
RESULT: {}
COMMAND: GET /session/b6c1ba66361885338dbd7e3160017c33/screenshot - {}
COMMAND: POST /session/b6c1ba66361885338dbd7e3160017c33/execute/async - {"script":"<script> [1562 bytes]","args":[{"selector":{"controlType":"sap.m.Text","viewName":"etm.portal.ui.manageresources.view.Detail","viewId":"application-manageresources-display-component---detailRU","bindingPath":{"propertyPath":"ID","modelName":"catalogModel"}},"wdio_ui5_key":"etmportal.ui.manageresources.view.Detailsap.m.Text{\"propertyPath\":\"ID\",\"modelName\":\"catalogModel\"}"}]}
RESULT: {}
RESULT: {"script":"<script> [1562 bytes]","args":[{"selector":{"controlType":"sap.m.Text","viewName":"etm.portal.ui.manageresources.view.Detail","viewId":"application-manageresources-display-component---detailRU","bindingPath":{"propertyPath":"ID","modelName":"catalogModel"}},"wdio_ui5_key":"etmportal.ui.manageresources.view.Detailsap.m.Text{\"propertyPath\":\"ID\",\"modelName\":\"catalogModel\"}"}]}
RESULT: undefined
COMMAND: POST /session/b6c1ba66361885338dbd7e3160017c33/execute/async - {"script":"<script> [6424 bytes]","args":[{"element-6066-11e4-a52e-4f735466cecf":"f.1D371F0606E69D8CD920F8C1F469B1CE.d.60B65BA19D5762E181A8DC8B547CE567.e.2141"},"getText",[]]}
RESULT: {"script":"<script> [6424 bytes]","args":[{"element-6066-11e4-a52e-4f735466cecf":"f.1D371F0606E69D8CD920F8C1F469B1CE.d.60B65BA19D5762E181A8DC8B547CE567.e.2141"},"getText",[]]}
COMMAND: POST /session/b6c1ba66361885338dbd7e3160017c33/element - {"using":"css selector","value":"#shell-header-logo"}
RESULT: {"using":"css selector","value":"#shell-header-logo"}
COMMAND: POST /session/b6c1ba66361885338dbd7e3160017c33/element/f.1D371F0606E69D8CD920F8C1F469B1CE.d.60B65BA19D5762E181A8DC8B547CE567.e.1517/click - {}
RESULT: {}
COMMAND: GET /session/b6c1ba66361885338dbd7e3160017c33/screenshot - {}
RESULT: {}
COMMAND: POST /session/b6c1ba66361885338dbd7e3160017c33/execute/async - {"script":"<script> [1562 bytes]","args":[{"selector":{"controlType":"sap.m.GenericTile","properties":{"header":"Manage Handovers"}},"wdio_ui5_key":"sapm.GenericTile{\"header\":\"Manage Handovers\"}"}]}
RESULT: {"script":"<script> [1562 bytes]","args":[{"selector":{"controlType":"sap.m.GenericTile","properties":{"header":"Manage Handovers"}},"wdio_ui5_key":"sapm.GenericTile{\"header\":\"Manage Handovers\"}"}]}
RESULT: undefined
COMMAND: POST /session/b6c1ba66361885338dbd7e3160017c33/element - {"using":"xpath","value":"//*[@id=\"__tile131\"]"}
RESULT: {"using":"xpath","value":"//*[@id=\"__tile131\"]"}
COMMAND: POST /session/b6c1ba66361885338dbd7e3160017c33/element/f.1D371F0606E69D8CD920F8C1F469B1CE.d.60B65BA19D5762E181A8DC8B547CE567.e.2143/click - {}
RESULT: {}
COMMAND: GET /session/b6c1ba66361885338dbd7e3160017c33/screenshot - {}
RESULT: {}
COMMAND: POST /session/b6c1ba66361885338dbd7e3160017c33/elements - {"using":"xpath","value":"//span[text()='Error']"}
RESULT: {"using":"xpath","value":"//span[text()='Error']"}
COMMAND: POST /session/b6c1ba66361885338dbd7e3160017c33/element - {"using":"xpath","value":"//button[@data-kt=\"masterHOAddButton\"]"}
RESULT: {"using":"xpath","value":"//button[@data-kt=\"masterHOAddButton\"]"}
COMMAND: POST /session/b6c1ba66361885338dbd7e3160017c33/execute/sync - {"script":"<script> [8489 bytes]","args":[{"element-6066-11e4-a52e-4f735466cecf":"f.1D371F0606E69D8CD920F8C1F469B1CE.d.60B65BA19D5762E181A8DC8B547CE567.e.2175","ELEMENT":"f.1D371F0606E69D8CD920F8C1F469B1CE.d.60B65BA19D5762E181A8DC8B547CE567.e.2175"}]}
RESULT: {"script":"<script> [8489 bytes]","args":[{"element-6066-11e4-a52e-4f735466cecf":"f.1D371F0606E69D8CD920F8C1F469B1CE.d.60B65BA19D5762E181A8DC8B547CE567.e.2175","ELEMENT":"f.1D371F0606E69D8CD920F8C1F469B1CE.d.60B65BA19D5762E181A8DC8B547CE567.e.2175"}]}
COMMAND: POST /session/b6c1ba66361885338dbd7e3160017c33/element/f.1D371F0606E69D8CD920F8C1F469B1CE.d.60B65BA19D5762E181A8DC8B547CE567.e.2175/click - {}
COMMAND: GET /session/b6c1ba66361885338dbd7e3160017c33/screenshot - {}
RESULT: {}
COMMAND: GET /session/b6c1ba66361885338dbd7e3160017c33/screenshot - {}
RESULT: {}
COMMAND: POST /session/b6c1ba66361885338dbd7e3160017c33/element - {"using":"xpath","value":"//span[contains(@id ,\"AddNewHO--typeSelect-arrow\")]"}
RESULT: {}
RESULT: {"using":"xpath","value":"//span[contains(@id ,\"AddNewHO--typeSelect-arrow\")]"}
COMMAND: POST /session/b6c1ba66361885338dbd7e3160017c33/element/f.1D371F0606E69D8CD920F8C1F469B1CE.d.60B65BA19D5762E181A8DC8B547CE567.e.2466/click - {}
RESULT: {}
COMMAND: GET /session/b6c1ba66361885338dbd7e3160017c33/screenshot - {}
RESULT: {}
COMMAND: POST /session/b6c1ba66361885338dbd7e3160017c33/element - {"using":"xpath","value":"(//li[contains(text(), \"stock increase yard\")])[1]"}
RESULT: {"using":"xpath","value":"(//li[contains(text(), \"stock increase yard\")])[1]"}
COMMAND: POST /session/b6c1ba66361885338dbd7e3160017c33/element/f.1D371F0606E69D8CD920F8C1F469B1CE.d.60B65BA19D5762E181A8DC8B547CE567.e.2467/click - {}
RESULT: {}
COMMAND: GET /session/b6c1ba66361885338dbd7e3160017c33/screenshot - {}
RESULT: {}
COMMAND: POST /session/b6c1ba66361885338dbd7e3160017c33/execute/async - {"script":"<script> [1562 bytes]","args":[{"selector":{"id":"application-managehandovers-display-component---AddNewHO--dueDate","interaction":{"idSuffix":"inner"}},"wdio_ui5_key":"applicationmanagehandovers-display-component---AddNewHO--dueDate"}]}
RESULT: {"script":"<script> [1562 bytes]","args":[{"selector":{"id":"application-managehandovers-display-component---AddNewHO--dueDate","interaction":{"idSuffix":"inner"}},"wdio_ui5_key":"applicationmanagehandovers-display-component---AddNewHO--dueDate"}]}
RESULT: undefined
COMMAND: POST /session/b6c1ba66361885338dbd7e3160017c33/execute/async - {"script":"<script> [6424 bytes]","args":[{"element-6066-11e4-a52e-4f735466cecf":"f.1D371F0606E69D8CD920F8C1F469B1CE.d.60B65BA19D5762E181A8DC8B547CE567.e.2471"},"setValue",["6/4/25"]]}
RESULT: {"script":"<script> [6424 bytes]","args":[{"element-6066-11e4-a52e-4f735466cecf":"f.1D371F0606E69D8CD920F8C1F469B1CE.d.60B65BA19D5762E181A8DC8B547CE567.e.2471"},"setValue",["6/4/25"]]}
COMMAND: POST /session/b6c1ba66361885338dbd7e3160017c33/element - {"using":"xpath","value":"//input[@id=\"generalSectionFrg--receiveYard-inner\"]"}
RESULT: {"using":"xpath","value":"//input[@id=\"generalSectionFrg--receiveYard-inner\"]"}
COMMAND: POST /session/b6c1ba66361885338dbd7e3160017c33/element/f.1D371F0606E69D8CD920F8C1F469B1CE.d.60B65BA19D5762E181A8DC8B547CE567.e.2477/clear - {}
RESULT: {}
COMMAND: POST /session/b6c1ba66361885338dbd7e3160017c33/element/f.1D371F0606E69D8CD920F8C1F469B1CE.d.60B65BA19D5762E181A8DC8B547CE567.e.2477/value - {"text":"109"}
COMMAND: GET /session/b6c1ba66361885338dbd7e3160017c33/screenshot - {}
RESULT: {"text":"109"}
COMMAND: GET /session/b6c1ba66361885338dbd7e3160017c33/screenshot - {}
RESULT: {}
RESULT: {}
COMMAND: POST /session/b6c1ba66361885338dbd7e3160017c33/execute/async - {"script":"<script> [1562 bytes]","args":[{"selector":{"id":"application-managehandovers-display-component---AddNewHO--ObjectPageLayout-anchBar-application-managehandovers-display-component---AddNewHO--section4-anchor","interaction":{"idSuffix":"BDI-content"}},"wdio_ui5_key":"applicationmanagehandovers-display-component---AddNewHO--ObjectPageLayout-anchBar-application-managehandovers-display-component---AddNewHO--section4-anchor"}]}
RESULT: {"script":"<script> [1562 bytes]","args":[{"selector":{"id":"application-managehandovers-display-component---AddNewHO--ObjectPageLayout-anchBar-application-managehandovers-display-component---AddNewHO--section4-anchor","interaction":{"idSuffix":"BDI-content"}},"wdio_ui5_key":"applicationmanagehandovers-display-component---AddNewHO--ObjectPageLayout-anchBar-application-managehandovers-display-component---AddNewHO--section4-anchor"}]}
RESULT: undefined
COMMAND: POST /session/b6c1ba66361885338dbd7e3160017c33/element - {"using":"xpath","value":"//*[@id=\"application-managehandovers-display-component---AddNewHO--ObjectPageLayout-anchBar-application-managehandovers-display-component---AddNewHO--section4-anchor\"]"}
RESULT: {"using":"xpath","value":"//*[@id=\"application-managehandovers-display-component---AddNewHO--ObjectPageLayout-anchBar-application-managehandovers-display-component---AddNewHO--section4-anchor\"]"}
COMMAND: POST /session/b6c1ba66361885338dbd7e3160017c33/element/f.1D371F0606E69D8CD920F8C1F469B1CE.d.60B65BA19D5762E181A8DC8B547CE567.e.2495/click - {}
RESULT: {}
COMMAND: GET /session/b6c1ba66361885338dbd7e3160017c33/screenshot - {}
RESULT: {}
COMMAND: POST /session/b6c1ba66361885338dbd7e3160017c33/element - {"using":"xpath","value":"//button[@aria-label=\"Add\"]"}
RESULT: {"using":"xpath","value":"//button[@aria-label=\"Add\"]"}
COMMAND: POST /session/b6c1ba66361885338dbd7e3160017c33/element/f.1D371F0606E69D8CD920F8C1F469B1CE.d.60B65BA19D5762E181A8DC8B547CE567.e.2499/click - {}
RESULT: {}
COMMAND: GET /session/b6c1ba66361885338dbd7e3160017c33/screenshot - {}
RESULT: {}
COMMAND: POST /session/b6c1ba66361885338dbd7e3160017c33/execute/async - {"script":"<script> [1562 bytes]","args":[{"selector":{"id":"application-managehandovers-display-component---AddNewHO--smartFilterBar-btnBasicSearch","searchOpenDialogs":true,"interaction":{"idSuffix":"I"}},"wdio_ui5_key":"applicationmanagehandovers-display-component---AddNewHO--smartFilterBar-btnBasicSearch"}]}
RESULT: {"script":"<script> [1562 bytes]","args":[{"selector":{"id":"application-managehandovers-display-component---AddNewHO--smartFilterBar-btnBasicSearch","searchOpenDialogs":true,"interaction":{"idSuffix":"I"}},"wdio_ui5_key":"applicationmanagehandovers-display-component---AddNewHO--smartFilterBar-btnBasicSearch"}]}
RESULT: undefined
COMMAND: POST /session/b6c1ba66361885338dbd7e3160017c33/execute/async - {"script":"<script> [776 bytes]","args":[{"enterText":"WdIOTestEquiprgkazg","selector":{"id":"application-managehandovers-display-component---AddNewHO--smartFilterBar-btnBasicSearch","searchOpenDialogs":true,"interaction":{"idSuffix":"I"}},"clearTextFirst":true,"interactionType":"ENTER_TEXT"}]}
RESULT: {"script":"<script> [776 bytes]","args":[{"enterText":"WdIOTestEquiprgkazg","selector":{"id":"application-managehandovers-display-component---AddNewHO--smartFilterBar-btnBasicSearch","searchOpenDialogs":true,"interaction":{"idSuffix":"I"}},"clearTextFirst":true,"interactionType":"ENTER_TEXT"}]}
COMMAND: POST /session/b6c1ba66361885338dbd7e3160017c33/actions - {"actions":[{"id":"action20","type":"key","parameters":{},"actions":[{"type":"keyDown","value":"î€‡"},{"type":"pause","duration":10},{"type":"keyUp","value":"î€‡"}]}]}
RESULT: {"actions":[{"id":"action20","type":"key","parameters":{},"actions":[{"type":"keyDown","value":"î€‡"},{"type":"pause","duration":10},{"type":"keyUp","value":"î€‡"}]}]}
COMMAND: POST /session/b6c1ba66361885338dbd7e3160017c33/execute/async - {"script":"<script> [1562 bytes]","args":[{"selector":{"id":"application-managehandovers-display-component---AddNewHO--popup-sa","searchOpenDialogs":true,"interaction":{"idSuffix":"CbBg"}},"wdio_ui5_key":"applicationmanagehandovers-display-component---AddNewHO--popup-sa"}]}
COMMAND: GET /session/b6c1ba66361885338dbd7e3160017c33/screenshot - {}
RESULT: {"script":"<script> [1562 bytes]","args":[{"selector":{"id":"application-managehandovers-display-component---AddNewHO--popup-sa","searchOpenDialogs":true,"interaction":{"idSuffix":"CbBg"}},"wdio_ui5_key":"applicationmanagehandovers-display-component---AddNewHO--popup-sa"}]}
RESULT: undefined
COMMAND: POST /session/b6c1ba66361885338dbd7e3160017c33/element - {"using":"xpath","value":"//*[@id=\"application-managehandovers-display-component---AddNewHO--popup-sa\"]"}
RESULT: {}
RESULT: {"using":"xpath","value":"//*[@id=\"application-managehandovers-display-component---AddNewHO--popup-sa\"]"}
COMMAND: POST /session/b6c1ba66361885338dbd7e3160017c33/element/f.1D371F0606E69D8CD920F8C1F469B1CE.d.60B65BA19D5762E181A8DC8B547CE567.e.2652/click - {}
RESULT: {}
COMMAND: GET /session/b6c1ba66361885338dbd7e3160017c33/screenshot - {}
RESULT: {}
COMMAND: POST /session/b6c1ba66361885338dbd7e3160017c33/element - {"using":"xpath","value":"//bdi[contains(text(), \"Select\")]"}
RESULT: {"using":"xpath","value":"//bdi[contains(text(), \"Select\")]"}
COMMAND: POST /session/b6c1ba66361885338dbd7e3160017c33/element/f.1D371F0606E69D8CD920F8C1F469B1CE.d.60B65BA19D5762E181A8DC8B547CE567.e.2653/click - {}
RESULT: {}
COMMAND: GET /session/b6c1ba66361885338dbd7e3160017c33/screenshot - {}
RESULT: {}
COMMAND: POST /session/b6c1ba66361885338dbd7e3160017c33/element - {"using":"xpath","value":"//button[@data-kt=\"AddNewHOSaveButton\"]"}
RESULT: {"using":"xpath","value":"//button[@data-kt=\"AddNewHOSaveButton\"]"}
COMMAND: POST /session/b6c1ba66361885338dbd7e3160017c33/element/f.1D371F0606E69D8CD920F8C1F469B1CE.d.60B65BA19D5762E181A8DC8B547CE567.e.2657/click - {}
RESULT: {}
COMMAND: GET /session/b6c1ba66361885338dbd7e3160017c33/screenshot - {}
RESULT: {}
COMMAND: POST /session/b6c1ba66361885338dbd7e3160017c33/execute/async - {"script":"<script> [1562 bytes]","args":[{"selector":{"id":"receiptDatePicker","viewName":"etm.portal.ui.managehandovers.view.DetailExecuteHO","interaction":{"idSuffix":"inner"}},"wdio_ui5_key":"receiptDatePickeretmportal.ui.managehandovers.view.DetailExecuteHO"}]}
RESULT: {"script":"<script> [1562 bytes]","args":[{"selector":{"id":"receiptDatePicker","viewName":"etm.portal.ui.managehandovers.view.DetailExecuteHO","interaction":{"idSuffix":"inner"}},"wdio_ui5_key":"receiptDatePickeretmportal.ui.managehandovers.view.DetailExecuteHO"}]}
RESULT: undefined
COMMAND: POST /session/b6c1ba66361885338dbd7e3160017c33/execute/async - {"script":"<script> [6424 bytes]","args":[{"element-6066-11e4-a52e-4f735466cecf":"f.1D371F0606E69D8CD920F8C1F469B1CE.d.60B65BA19D5762E181A8DC8B547CE567.e.2685"},"setValue",["6/4/25"]]}
RESULT: {"script":"<script> [6424 bytes]","args":[{"element-6066-11e4-a52e-4f735466cecf":"f.1D371F0606E69D8CD920F8C1F469B1CE.d.60B65BA19D5762E181A8DC8B547CE567.e.2685"},"setValue",["6/4/25"]]}
COMMAND: POST /session/b6c1ba66361885338dbd7e3160017c33/actions - {"actions":[{"id":"action21","type":"key","parameters":{},"actions":[{"type":"keyDown","value":"î€‡"},{"type":"pause","duration":10},{"type":"keyUp","value":"î€‡"}]}]}
RESULT: {"actions":[{"id":"action21","type":"key","parameters":{},"actions":[{"type":"keyDown","value":"î€‡"},{"type":"pause","duration":10},{"type":"keyUp","value":"î€‡"}]}]}
COMMAND: POST /session/b6c1ba66361885338dbd7e3160017c33/actions - {"actions":[{"id":"action22","type":"key","parameters":{},"actions":[{"type":"keyDown","value":"î€‡"},{"type":"pause","duration":10},{"type":"keyUp","value":"î€‡"}]}]}
COMMAND: GET /session/b6c1ba66361885338dbd7e3160017c33/screenshot - {}
RESULT: {"actions":[{"id":"action22","type":"key","parameters":{},"actions":[{"type":"keyDown","value":"î€‡"},{"type":"pause","duration":10},{"type":"keyUp","value":"î€‡"}]}]}
COMMAND: POST /session/b6c1ba66361885338dbd7e3160017c33/element - {"using":"xpath","value":"//button[@data-kt=\"ReceivingTableConfirmAllButton\"]"}
COMMAND: GET /session/b6c1ba66361885338dbd7e3160017c33/screenshot - {}
RESULT: {}
RESULT: {"using":"xpath","value":"//button[@data-kt=\"ReceivingTableConfirmAllButton\"]"}
COMMAND: POST /session/b6c1ba66361885338dbd7e3160017c33/element/f.1D371F0606E69D8CD920F8C1F469B1CE.d.60B65BA19D5762E181A8DC8B547CE567.e.2701/click - {}
RESULT: {}
RESULT: {}
COMMAND: GET /session/b6c1ba66361885338dbd7e3160017c33/screenshot - {}
RESULT: {}
COMMAND: POST /session/b6c1ba66361885338dbd7e3160017c33/element - {"using":"xpath","value":"//bdi[contains(text(), \"OK\")]"}
RESULT: {"using":"xpath","value":"//bdi[contains(text(), \"OK\")]"}
COMMAND: POST /session/b6c1ba66361885338dbd7e3160017c33/element/f.1D371F0606E69D8CD920F8C1F469B1CE.d.60B65BA19D5762E181A8DC8B547CE567.e.2704/click - {}
RESULT: {}
COMMAND: GET /session/b6c1ba66361885338dbd7e3160017c33/screenshot - {}
RESULT: {}
COMMAND: POST /session/b6c1ba66361885338dbd7e3160017c33/element - {"using":"xpath","value":"(//bdi[contains(text(), \"Receive\")])[2]"}
RESULT: {"using":"xpath","value":"(//bdi[contains(text(), \"Receive\")])[2]"}
COMMAND: POST /session/b6c1ba66361885338dbd7e3160017c33/element/f.1D371F0606E69D8CD920F8C1F469B1CE.d.60B65BA19D5762E181A8DC8B547CE567.e.2705/click - {}
RESULT: {}
COMMAND: GET /session/b6c1ba66361885338dbd7e3160017c33/screenshot - {}
RESULT: {}
COMMAND: POST /session/b6c1ba66361885338dbd7e3160017c33/element - {"using":"css selector","value":"#shell-header-logo"}
RESULT: {"using":"css selector","value":"#shell-header-logo"}
COMMAND: POST /session/b6c1ba66361885338dbd7e3160017c33/element/f.1D371F0606E69D8CD920F8C1F469B1CE.d.60B65BA19D5762E181A8DC8B547CE567.e.2146/click - {}
RESULT: {}
COMMAND: GET /session/b6c1ba66361885338dbd7e3160017c33/screenshot - {}
]]></system-out>
    </testcase>
    <testcase classname="chrome.137_0_7151_56.windows.ISC_Schedule_-_Time_schedule_US156838" name="Should create a price condition and a pricing rule for the equipment" time="118.755">
      <system-out><![CDATA[
COMMAND: POST /session/b6c1ba66361885338dbd7e3160017c33/execute/async - {"script":"<script> [1562 bytes]","args":[{"selector":{"controlType":"sap.m.Text","properties":{"text":"Manage Conditions & Prices"},"interaction":{"idSuffix":"inner"}},"wdio_ui5_key":"sapm.Text{\"text\":\"Manage Conditions & Prices\"}"}]}
RESULT: {}
RESULT: {"script":"<script> [1562 bytes]","args":[{"selector":{"controlType":"sap.m.Text","properties":{"text":"Manage Conditions & Prices"},"interaction":{"idSuffix":"inner"}},"wdio_ui5_key":"sapm.Text{\"text\":\"Manage Conditions & Prices\"}"}]}
RESULT: undefined
COMMAND: POST /session/b6c1ba66361885338dbd7e3160017c33/element - {"using":"xpath","value":"//*[@id=\"__tile53-title\"]"}
RESULT: {"using":"xpath","value":"//*[@id=\"__tile53-title\"]"}
COMMAND: POST /session/b6c1ba66361885338dbd7e3160017c33/element/f.1D371F0606E69D8CD920F8C1F469B1CE.d.60B65BA19D5762E181A8DC8B547CE567.e.2857/click - {}
RESULT: {}
COMMAND: GET /session/b6c1ba66361885338dbd7e3160017c33/screenshot - {}
RESULT: {}
COMMAND: POST /session/b6c1ba66361885338dbd7e3160017c33/element - {"using":"xpath","value":"//button[@aria-label=\"Create\"]"}
RESULT: {"using":"xpath","value":"//button[@aria-label=\"Create\"]"}
COMMAND: POST /session/b6c1ba66361885338dbd7e3160017c33/element/f.1D371F0606E69D8CD920F8C1F469B1CE.d.60B65BA19D5762E181A8DC8B547CE567.e.2894/click - {}
RESULT: {}
COMMAND: POST /session/b6c1ba66361885338dbd7e3160017c33/actions - {"actions":[{"id":"action23","type":"key","parameters":{},"actions":[{"type":"keyDown","value":"î€‡"},{"type":"pause","duration":10},{"type":"keyUp","value":"î€‡"}]}]}
COMMAND: GET /session/b6c1ba66361885338dbd7e3160017c33/screenshot - {}
RESULT: {"actions":[{"id":"action23","type":"key","parameters":{},"actions":[{"type":"keyDown","value":"î€‡"},{"type":"pause","duration":10},{"type":"keyUp","value":"î€‡"}]}]}
COMMAND: GET /session/b6c1ba66361885338dbd7e3160017c33/screenshot - {}
COMMAND: POST /session/b6c1ba66361885338dbd7e3160017c33/execute/async - {"script":"<script> [1562 bytes]","args":[{"selector":{"id":"application-manageconditionprice-display-component---newCondition--condBillCond-arrow"},"wdio_ui5_key":"applicationmanageconditionprice-display-component---newCondition--condBillCond-arrow"}]}
RESULT: {}
RESULT: {}
RESULT: {"script":"<script> [1562 bytes]","args":[{"selector":{"id":"application-manageconditionprice-display-component---newCondition--condBillCond-arrow"},"wdio_ui5_key":"applicationmanageconditionprice-display-component---newCondition--condBillCond-arrow"}]}
RESULT: undefined
COMMAND: POST /session/b6c1ba66361885338dbd7e3160017c33/element - {"using":"xpath","value":"//*[@id=\"application-manageconditionprice-display-component---newCondition--condBillCond-arrow\"]"}
RESULT: {"using":"xpath","value":"//*[@id=\"application-manageconditionprice-display-component---newCondition--condBillCond-arrow\"]"}
COMMAND: POST /session/b6c1ba66361885338dbd7e3160017c33/element/f.1D371F0606E69D8CD920F8C1F469B1CE.d.60B65BA19D5762E181A8DC8B547CE567.e.3355/click - {}
RESULT: {}
COMMAND: POST /session/b6c1ba66361885338dbd7e3160017c33/element - {"using":"xpath","value":"//span[contains(text(), \"DISP - D&I special price\")]"}
COMMAND: GET /session/b6c1ba66361885338dbd7e3160017c33/screenshot - {}
RESULT: {"using":"xpath","value":"//span[contains(text(), \"DISP - D&I special price\")]"}
COMMAND: POST /session/b6c1ba66361885338dbd7e3160017c33/element/f.1D371F0606E69D8CD920F8C1F469B1CE.d.60B65BA19D5762E181A8DC8B547CE567.e.3358/click - {}
RESULT: {}
RESULT: {}
COMMAND: POST /session/b6c1ba66361885338dbd7e3160017c33/execute/async - {"script":"<script> [1562 bytes]","args":[{"selector":{"id":"application-manageconditionprice-display-component---newCondition--condValidTo","interaction":{"idSuffix":"inner"}},"wdio_ui5_key":"applicationmanageconditionprice-display-component---newCondition--condValidTo"}]}
COMMAND: GET /session/b6c1ba66361885338dbd7e3160017c33/screenshot - {}
RESULT: {"script":"<script> [1562 bytes]","args":[{"selector":{"id":"application-manageconditionprice-display-component---newCondition--condValidTo","interaction":{"idSuffix":"inner"}},"wdio_ui5_key":"applicationmanageconditionprice-display-component---newCondition--condValidTo"}]}
RESULT: undefined
COMMAND: POST /session/b6c1ba66361885338dbd7e3160017c33/execute/async - {"script":"<script> [776 bytes]","args":[{"enterText":"5/11/33","selector":{"id":"application-manageconditionprice-display-component---newCondition--condValidTo","interaction":{"idSuffix":"inner"}},"clearTextFirst":true,"interactionType":"ENTER_TEXT"}]}
RESULT: {}
RESULT: {"script":"<script> [776 bytes]","args":[{"enterText":"5/11/33","selector":{"id":"application-manageconditionprice-display-component---newCondition--condValidTo","interaction":{"idSuffix":"inner"}},"clearTextFirst":true,"interactionType":"ENTER_TEXT"}]}
COMMAND: POST /session/b6c1ba66361885338dbd7e3160017c33/element - {"using":"xpath","value":"//input[@id=\"application-manageconditionprice-display-component---newCondition--condRU-inner\"]"}
RESULT: {"using":"xpath","value":"//input[@id=\"application-manageconditionprice-display-component---newCondition--condRU-inner\"]"}
COMMAND: POST /session/b6c1ba66361885338dbd7e3160017c33/element/f.1D371F0606E69D8CD920F8C1F469B1CE.d.60B65BA19D5762E181A8DC8B547CE567.e.3086/clear - {}
RESULT: {}
COMMAND: POST /session/b6c1ba66361885338dbd7e3160017c33/element/f.1D371F0606E69D8CD920F8C1F469B1CE.d.60B65BA19D5762E181A8DC8B547CE567.e.3086/value - {"text":"WdIOTestEquiprgkazg"}
COMMAND: GET /session/b6c1ba66361885338dbd7e3160017c33/screenshot - {}
RESULT: {"text":"WdIOTestEquiprgkazg"}
COMMAND: GET /session/b6c1ba66361885338dbd7e3160017c33/screenshot - {}
RESULT: {}
RESULT: {}
COMMAND: POST /session/b6c1ba66361885338dbd7e3160017c33/actions - {"actions":[{"id":"action24","type":"key","parameters":{},"actions":[{"type":"keyDown","value":"î€‡"},{"type":"pause","duration":10},{"type":"keyUp","value":"î€‡"}]}]}
RESULT: {"actions":[{"id":"action24","type":"key","parameters":{},"actions":[{"type":"keyDown","value":"î€‡"},{"type":"pause","duration":10},{"type":"keyUp","value":"î€‡"}]}]}
COMMAND: POST /session/b6c1ba66361885338dbd7e3160017c33/execute/async - {"script":"<script> [1562 bytes]","args":[{"selector":{"id":"application-manageconditionprice-display-component---newCondition--condBaseQty","interaction":{"idSuffix":"inner"}},"wdio_ui5_key":"applicationmanageconditionprice-display-component---newCondition--condBaseQty"}]}
COMMAND: GET /session/b6c1ba66361885338dbd7e3160017c33/screenshot - {}
RESULT: {"script":"<script> [1562 bytes]","args":[{"selector":{"id":"application-manageconditionprice-display-component---newCondition--condBaseQty","interaction":{"idSuffix":"inner"}},"wdio_ui5_key":"applicationmanageconditionprice-display-component---newCondition--condBaseQty"}]}
RESULT: undefined
COMMAND: POST /session/b6c1ba66361885338dbd7e3160017c33/execute/async - {"script":"<script> [776 bytes]","args":[{"enterText":"1","selector":{"id":"application-manageconditionprice-display-component---newCondition--condBaseQty","interaction":{"idSuffix":"inner"}},"clearTextFirst":true,"interactionType":"ENTER_TEXT"}]}
RESULT: {}
RESULT: {"script":"<script> [776 bytes]","args":[{"enterText":"1","selector":{"id":"application-manageconditionprice-display-component---newCondition--condBaseQty","interaction":{"idSuffix":"inner"}},"clearTextFirst":true,"interactionType":"ENTER_TEXT"}]}
COMMAND: POST /session/b6c1ba66361885338dbd7e3160017c33/execute/async - {"script":"<script> [1562 bytes]","args":[{"selector":{"id":"application-manageconditionprice-display-component---newCondition--condValue","interaction":{"idSuffix":"inner"}},"wdio_ui5_key":"applicationmanageconditionprice-display-component---newCondition--condValue"}]}
RESULT: {"script":"<script> [1562 bytes]","args":[{"selector":{"id":"application-manageconditionprice-display-component---newCondition--condValue","interaction":{"idSuffix":"inner"}},"wdio_ui5_key":"applicationmanageconditionprice-display-component---newCondition--condValue"}]}
RESULT: undefined
COMMAND: POST /session/b6c1ba66361885338dbd7e3160017c33/execute/async - {"script":"<script> [776 bytes]","args":[{"enterText":"100","selector":{"id":"application-manageconditionprice-display-component---newCondition--condValue","interaction":{"idSuffix":"inner"}},"clearTextFirst":true,"interactionType":"ENTER_TEXT"}]}
RESULT: {"script":"<script> [776 bytes]","args":[{"enterText":"100","selector":{"id":"application-manageconditionprice-display-component---newCondition--condValue","interaction":{"idSuffix":"inner"}},"clearTextFirst":true,"interactionType":"ENTER_TEXT"}]}
COMMAND: POST /session/b6c1ba66361885338dbd7e3160017c33/execute/async - {"script":"<script> [1562 bytes]","args":[{"selector":{"id":"application-manageconditionprice-display-component---newCondition--condCurr-arrow"},"wdio_ui5_key":"applicationmanageconditionprice-display-component---newCondition--condCurr-arrow"}]}
RESULT: {"script":"<script> [1562 bytes]","args":[{"selector":{"id":"application-manageconditionprice-display-component---newCondition--condCurr-arrow"},"wdio_ui5_key":"applicationmanageconditionprice-display-component---newCondition--condCurr-arrow"}]}
RESULT: undefined
COMMAND: POST /session/b6c1ba66361885338dbd7e3160017c33/element - {"using":"xpath","value":"//*[@id=\"application-manageconditionprice-display-component---newCondition--condCurr-arrow\"]"}
RESULT: {"using":"xpath","value":"//*[@id=\"application-manageconditionprice-display-component---newCondition--condCurr-arrow\"]"}
COMMAND: POST /session/b6c1ba66361885338dbd7e3160017c33/element/f.1D371F0606E69D8CD920F8C1F469B1CE.d.60B65BA19D5762E181A8DC8B547CE567.e.3329/click - {}
RESULT: {}
COMMAND: POST /session/b6c1ba66361885338dbd7e3160017c33/element - {"using":"xpath","value":"//span[contains(text(), \"Euro\")]"}
COMMAND: GET /session/b6c1ba66361885338dbd7e3160017c33/screenshot - {}
RESULT: {"using":"xpath","value":"//span[contains(text(), \"Euro\")]"}
COMMAND: POST /session/b6c1ba66361885338dbd7e3160017c33/element/f.1D371F0606E69D8CD920F8C1F469B1CE.d.60B65BA19D5762E181A8DC8B547CE567.e.3395/click - {}
RESULT: {}
RESULT: {}
COMMAND: POST /session/b6c1ba66361885338dbd7e3160017c33/element - {"using":"xpath","value":"//button[@data-kt=\"saveButton\"]"}
COMMAND: GET /session/b6c1ba66361885338dbd7e3160017c33/screenshot - {}
RESULT: {"using":"xpath","value":"//button[@data-kt=\"saveButton\"]"}
COMMAND: POST /session/b6c1ba66361885338dbd7e3160017c33/element/f.1D371F0606E69D8CD920F8C1F469B1CE.d.60B65BA19D5762E181A8DC8B547CE567.e.3330/click - {}
RESULT: {}
RESULT: {}
COMMAND: GET /session/b6c1ba66361885338dbd7e3160017c33/screenshot - {}
RESULT: {}
COMMAND: POST /session/b6c1ba66361885338dbd7e3160017c33/element - {"using":"css selector","value":"#shell-header-logo"}
RESULT: {"using":"css selector","value":"#shell-header-logo"}
COMMAND: POST /session/b6c1ba66361885338dbd7e3160017c33/element/f.1D371F0606E69D8CD920F8C1F469B1CE.d.60B65BA19D5762E181A8DC8B547CE567.e.2859/click - {}
RESULT: {}
COMMAND: GET /session/b6c1ba66361885338dbd7e3160017c33/screenshot - {}
RESULT: {}
COMMAND: POST /session/b6c1ba66361885338dbd7e3160017c33/execute/async - {"script":"<script> [1562 bytes]","args":[{"selector":{"controlType":"sap.m.GenericTile","properties":{"header":"Manage Pricing Rules"}},"wdio_ui5_key":"sapm.GenericTile{\"header\":\"Manage Pricing Rules\"}"}]}
RESULT: {"script":"<script> [1562 bytes]","args":[{"selector":{"controlType":"sap.m.GenericTile","properties":{"header":"Manage Pricing Rules"}},"wdio_ui5_key":"sapm.GenericTile{\"header\":\"Manage Pricing Rules\"}"}]}
RESULT: undefined
COMMAND: POST /session/b6c1ba66361885338dbd7e3160017c33/element - {"using":"xpath","value":"//*[@id=\"__tile55\"]"}
RESULT: {"using":"xpath","value":"//*[@id=\"__tile55\"]"}
COMMAND: POST /session/b6c1ba66361885338dbd7e3160017c33/element/f.1D371F0606E69D8CD920F8C1F469B1CE.d.60B65BA19D5762E181A8DC8B547CE567.e.3399/click - {}
RESULT: {}
COMMAND: GET /session/b6c1ba66361885338dbd7e3160017c33/screenshot - {}
RESULT: {}
COMMAND: POST /session/b6c1ba66361885338dbd7e3160017c33/elements - {"using":"xpath","value":"//span[text()='Error']"}
RESULT: {"using":"xpath","value":"//span[text()='Error']"}
COMMAND: POST /session/b6c1ba66361885338dbd7e3160017c33/execute/async - {"script":"<script> [1562 bytes]","args":[{"selector":{"controlType":"sap.ui.core.Icon","viewName":"etm.portal.ui.managepricingrules.view.MasterHeader","viewId":"application-managepricingrules-display-component---priceInfoHeader","properties":{"src":{"regex":{"source":"activity\\-items"}}}},"wdio_ui5_key":"etmportal.ui.managepricingrules.view.MasterHeadersap.ui.core.Icon{\"src\":{\"regex\":{\"source\":\"activity\\\\-items\"}}}"}]}
RESULT: {"script":"<script> [1562 bytes]","args":[{"selector":{"controlType":"sap.ui.core.Icon","viewName":"etm.portal.ui.managepricingrules.view.MasterHeader","viewId":"application-managepricingrules-display-component---priceInfoHeader","properties":{"src":{"regex":{"source":"activity\\-items"}}}},"wdio_ui5_key":"etmportal.ui.managepricingrules.view.MasterHeadersap.ui.core.Icon{\"src\":{\"regex\":{\"source\":\"activity\\\\-items\"}}}"}]}
RESULT: undefined
COMMAND: POST /session/b6c1ba66361885338dbd7e3160017c33/element - {"using":"xpath","value":"//*[@id=\"__filter22-icon\"]"}
RESULT: {"using":"xpath","value":"//*[@id=\"__filter22-icon\"]"}
COMMAND: POST /session/b6c1ba66361885338dbd7e3160017c33/element/f.1D371F0606E69D8CD920F8C1F469B1CE.d.60B65BA19D5762E181A8DC8B547CE567.e.3447/click - {}
RESULT: {}
COMMAND: GET /session/b6c1ba66361885338dbd7e3160017c33/screenshot - {}
RESULT: {}
COMMAND: POST /session/b6c1ba66361885338dbd7e3160017c33/element - {"using":"xpath","value":"//button[@data-kt=\"addButton\"]"}
RESULT: {"using":"xpath","value":"//button[@data-kt=\"addButton\"]"}
COMMAND: POST /session/b6c1ba66361885338dbd7e3160017c33/element/f.1D371F0606E69D8CD920F8C1F469B1CE.d.60B65BA19D5762E181A8DC8B547CE567.e.3485/click - {}
RESULT: {}
COMMAND: GET /session/b6c1ba66361885338dbd7e3160017c33/screenshot - {}
RESULT: {}
COMMAND: POST /session/b6c1ba66361885338dbd7e3160017c33/execute/async - {"script":"<script> [1562 bytes]","args":[{"selector":{"id":"application-managepricingrules-display-component---newInfoPriceItem--condValidTo","interaction":{"idSuffix":"inner"}},"wdio_ui5_key":"applicationmanagepricingrules-display-component---newInfoPriceItem--condValidTo"}]}
RESULT: {"script":"<script> [1562 bytes]","args":[{"selector":{"id":"application-managepricingrules-display-component---newInfoPriceItem--condValidTo","interaction":{"idSuffix":"inner"}},"wdio_ui5_key":"applicationmanagepricingrules-display-component---newInfoPriceItem--condValidTo"}]}
RESULT: undefined
COMMAND: POST /session/b6c1ba66361885338dbd7e3160017c33/execute/async - {"script":"<script> [776 bytes]","args":[{"enterText":"5/18/33","selector":{"id":"application-managepricingrules-display-component---newInfoPriceItem--condValidTo","interaction":{"idSuffix":"inner"}},"clearTextFirst":true,"interactionType":"ENTER_TEXT"}]}
RESULT: {"script":"<script> [776 bytes]","args":[{"enterText":"5/18/33","selector":{"id":"application-managepricingrules-display-component---newInfoPriceItem--condValidTo","interaction":{"idSuffix":"inner"}},"clearTextFirst":true,"interactionType":"ENTER_TEXT"}]}
COMMAND: POST /session/b6c1ba66361885338dbd7e3160017c33/element - {"using":"xpath","value":"//input[contains(@id ,\"application-managepricingrules-display-component---newInfoPriceItem--condRU-inner\")]"}
RESULT: {"using":"xpath","value":"//input[contains(@id ,\"application-managepricingrules-display-component---newInfoPriceItem--condRU-inner\")]"}
COMMAND: POST /session/b6c1ba66361885338dbd7e3160017c33/element/f.1D371F0606E69D8CD920F8C1F469B1CE.d.60B65BA19D5762E181A8DC8B547CE567.e.3574/clear - {}
RESULT: {}
COMMAND: POST /session/b6c1ba66361885338dbd7e3160017c33/element/f.1D371F0606E69D8CD920F8C1F469B1CE.d.60B65BA19D5762E181A8DC8B547CE567.e.3574/value - {"text":"WdIOTestEquiprgkazg"}
COMMAND: GET /session/b6c1ba66361885338dbd7e3160017c33/screenshot - {}
RESULT: {"text":"WdIOTestEquiprgkazg"}
COMMAND: GET /session/b6c1ba66361885338dbd7e3160017c33/screenshot - {}
RESULT: {}
RESULT: {}
COMMAND: POST /session/b6c1ba66361885338dbd7e3160017c33/actions - {"actions":[{"id":"action25","type":"key","parameters":{},"actions":[{"type":"keyDown","value":"î€‡"},{"type":"pause","duration":10},{"type":"keyUp","value":"î€‡"}]}]}
RESULT: {"actions":[{"id":"action25","type":"key","parameters":{},"actions":[{"type":"keyDown","value":"î€‡"},{"type":"pause","duration":10},{"type":"keyUp","value":"î€‡"}]}]}
COMMAND: GET /session/b6c1ba66361885338dbd7e3160017c33/screenshot - {}
RESULT: {}
COMMAND: POST /session/b6c1ba66361885338dbd7e3160017c33/execute/async - {"script":"<script> [1562 bytes]","args":[{"selector":{"id":"application-managepricingrules-display-component---newInfoPriceItem--billType-arrow"},"wdio_ui5_key":"applicationmanagepricingrules-display-component---newInfoPriceItem--billType-arrow"}]}
RESULT: {"script":"<script> [1562 bytes]","args":[{"selector":{"id":"application-managepricingrules-display-component---newInfoPriceItem--billType-arrow"},"wdio_ui5_key":"applicationmanagepricingrules-display-component---newInfoPriceItem--billType-arrow"}]}
RESULT: undefined
COMMAND: POST /session/b6c1ba66361885338dbd7e3160017c33/element - {"using":"xpath","value":"//*[@id=\"application-managepricingrules-display-component---newInfoPriceItem--billType-arrow\"]"}
RESULT: {"using":"xpath","value":"//*[@id=\"application-managepricingrules-display-component---newInfoPriceItem--billType-arrow\"]"}
COMMAND: POST /session/b6c1ba66361885338dbd7e3160017c33/element/f.1D371F0606E69D8CD920F8C1F469B1CE.d.60B65BA19D5762E181A8DC8B547CE567.e.3688/click - {}
RESULT: {}
COMMAND: POST /session/b6c1ba66361885338dbd7e3160017c33/element - {"using":"xpath","value":"//span[contains(text(), \"TB - Time based\")]"}
COMMAND: GET /session/b6c1ba66361885338dbd7e3160017c33/screenshot - {}
RESULT: {"using":"xpath","value":"//span[contains(text(), \"TB - Time based\")]"}
COMMAND: POST /session/b6c1ba66361885338dbd7e3160017c33/element/f.1D371F0606E69D8CD920F8C1F469B1CE.d.60B65BA19D5762E181A8DC8B547CE567.e.3729/click - {}
RESULT: {}
RESULT: {}
COMMAND: POST /session/b6c1ba66361885338dbd7e3160017c33/execute/async - {"script":"<script> [1562 bytes]","args":[{"selector":{"id":"application-managepricingrules-display-component---newInfoPriceItem--priceProc-arrow"},"wdio_ui5_key":"applicationmanagepricingrules-display-component---newInfoPriceItem--priceProc-arrow"}]}
COMMAND: GET /session/b6c1ba66361885338dbd7e3160017c33/screenshot - {}
RESULT: {"script":"<script> [1562 bytes]","args":[{"selector":{"id":"application-managepricingrules-display-component---newInfoPriceItem--priceProc-arrow"},"wdio_ui5_key":"applicationmanagepricingrules-display-component---newInfoPriceItem--priceProc-arrow"}]}
RESULT: undefined
COMMAND: POST /session/b6c1ba66361885338dbd7e3160017c33/element - {"using":"xpath","value":"//*[@id=\"application-managepricingrules-display-component---newInfoPriceItem--priceProc-arrow\"]"}
RESULT: {}
RESULT: {"using":"xpath","value":"//*[@id=\"application-managepricingrules-display-component---newInfoPriceItem--priceProc-arrow\"]"}
COMMAND: POST /session/b6c1ba66361885338dbd7e3160017c33/element/f.1D371F0606E69D8CD920F8C1F469B1CE.d.60B65BA19D5762E181A8DC8B547CE567.e.3695/click - {}
RESULT: {}
COMMAND: POST /session/b6c1ba66361885338dbd7e3160017c33/element - {"using":"xpath","value":"//span[contains(text(), \"TBS - Time based standard\")]"}
COMMAND: GET /session/b6c1ba66361885338dbd7e3160017c33/screenshot - {}
RESULT: {"using":"xpath","value":"//span[contains(text(), \"TBS - Time based standard\")]"}
COMMAND: POST /session/b6c1ba66361885338dbd7e3160017c33/element/f.1D371F0606E69D8CD920F8C1F469B1CE.d.60B65BA19D5762E181A8DC8B547CE567.e.3730/click - {}
RESULT: {}
RESULT: {}
COMMAND: POST /session/b6c1ba66361885338dbd7e3160017c33/execute/async - {"script":"<script> [1562 bytes]","args":[{"selector":{"id":"application-managepricingrules-display-component---newInfoPriceItem--calcBase-arrow"},"wdio_ui5_key":"applicationmanagepricingrules-display-component---newInfoPriceItem--calcBase-arrow"}]}
COMMAND: GET /session/b6c1ba66361885338dbd7e3160017c33/screenshot - {}
RESULT: {"script":"<script> [1562 bytes]","args":[{"selector":{"id":"application-managepricingrules-display-component---newInfoPriceItem--calcBase-arrow"},"wdio_ui5_key":"applicationmanagepricingrules-display-component---newInfoPriceItem--calcBase-arrow"}]}
RESULT: undefined
COMMAND: POST /session/b6c1ba66361885338dbd7e3160017c33/element - {"using":"xpath","value":"//*[@id=\"application-managepricingrules-display-component---newInfoPriceItem--calcBase-arrow\"]"}
RESULT: {}
RESULT: {"using":"xpath","value":"//*[@id=\"application-managepricingrules-display-component---newInfoPriceItem--calcBase-arrow\"]"}
COMMAND: POST /session/b6c1ba66361885338dbd7e3160017c33/element/f.1D371F0606E69D8CD920F8C1F469B1CE.d.60B65BA19D5762E181A8DC8B547CE567.e.3702/click - {}
RESULT: {}
COMMAND: GET /session/b6c1ba66361885338dbd7e3160017c33/screenshot - {}
RESULT: {}
COMMAND: POST /session/b6c1ba66361885338dbd7e3160017c33/element - {"using":"xpath","value":"//span[contains(text(), \"0006 - TB(calendar days)\")]"}
RESULT: {"using":"xpath","value":"//span[contains(text(), \"0006 - TB(calendar days)\")]"}
COMMAND: POST /session/b6c1ba66361885338dbd7e3160017c33/element/f.1D371F0606E69D8CD920F8C1F469B1CE.d.60B65BA19D5762E181A8DC8B547CE567.e.3731/click - {}
RESULT: {}
COMMAND: POST /session/b6c1ba66361885338dbd7e3160017c33/execute/async - {"script":"<script> [1562 bytes]","args":[{"selector":{"id":"application-managepricingrules-display-component---newInfoPriceItem--daysMonth","interaction":{"idSuffix":"inner"}},"wdio_ui5_key":"applicationmanagepricingrules-display-component---newInfoPriceItem--daysMonth"}]}
COMMAND: GET /session/b6c1ba66361885338dbd7e3160017c33/screenshot - {}
RESULT: {"script":"<script> [1562 bytes]","args":[{"selector":{"id":"application-managepricingrules-display-component---newInfoPriceItem--daysMonth","interaction":{"idSuffix":"inner"}},"wdio_ui5_key":"applicationmanagepricingrules-display-component---newInfoPriceItem--daysMonth"}]}
RESULT: undefined
COMMAND: POST /session/b6c1ba66361885338dbd7e3160017c33/execute/async - {"script":"<script> [776 bytes]","args":[{"enterText":"30","selector":{"id":"application-managepricingrules-display-component---newInfoPriceItem--daysMonth","interaction":{"idSuffix":"inner"}},"clearTextFirst":true,"interactionType":"ENTER_TEXT"}]}
RESULT: {}
RESULT: {"script":"<script> [776 bytes]","args":[{"enterText":"30","selector":{"id":"application-managepricingrules-display-component---newInfoPriceItem--daysMonth","interaction":{"idSuffix":"inner"}},"clearTextFirst":true,"interactionType":"ENTER_TEXT"}]}
COMMAND: POST /session/b6c1ba66361885338dbd7e3160017c33/element - {"using":"xpath","value":"//button[@data-kt=\"saveNewRuleButton\"]"}
RESULT: {"using":"xpath","value":"//button[@data-kt=\"saveNewRuleButton\"]"}
COMMAND: POST /session/b6c1ba66361885338dbd7e3160017c33/element/f.1D371F0606E69D8CD920F8C1F469B1CE.d.60B65BA19D5762E181A8DC8B547CE567.e.3722/click - {}
RESULT: {}
COMMAND: GET /session/b6c1ba66361885338dbd7e3160017c33/screenshot - {}
RESULT: {}
COMMAND: POST /session/b6c1ba66361885338dbd7e3160017c33/element - {"using":"css selector","value":"#shell-header-logo"}
RESULT: {"using":"css selector","value":"#shell-header-logo"}
COMMAND: POST /session/b6c1ba66361885338dbd7e3160017c33/element/f.1D371F0606E69D8CD920F8C1F469B1CE.d.60B65BA19D5762E181A8DC8B547CE567.e.3401/click - {}
RESULT: {}
COMMAND: GET /session/b6c1ba66361885338dbd7e3160017c33/screenshot - {}
RESULT: {}
]]></system-out>
    </testcase>
    <testcase classname="chrome.137_0_7151_56.windows.ISC_Schedule_-_Time_schedule_US156838" name="Should add the yard to the partner" time="68.949">
      <system-out><![CDATA[
COMMAND: POST /session/b6c1ba66361885338dbd7e3160017c33/execute/async - {"script":"<script> [1562 bytes]","args":[{"selector":{"controlType":"sap.m.GenericTile","properties":{"header":"Manage Partners"}},"wdio_ui5_key":"sapm.GenericTile{\"header\":\"Manage Partners\"}"}]}
RESULT: {"script":"<script> [1562 bytes]","args":[{"selector":{"controlType":"sap.m.GenericTile","properties":{"header":"Manage Partners"}},"wdio_ui5_key":"sapm.GenericTile{\"header\":\"Manage Partners\"}"}]}
RESULT: undefined
COMMAND: POST /session/b6c1ba66361885338dbd7e3160017c33/element - {"using":"xpath","value":"//*[@id=\"__tile38\"]"}
RESULT: {"using":"xpath","value":"//*[@id=\"__tile38\"]"}
COMMAND: POST /session/b6c1ba66361885338dbd7e3160017c33/element/f.1D371F0606E69D8CD920F8C1F469B1CE.d.60B65BA19D5762E181A8DC8B547CE567.e.3746/click - {}
RESULT: {}
COMMAND: GET /session/b6c1ba66361885338dbd7e3160017c33/screenshot - {}
RESULT: {}
COMMAND: POST /session/b6c1ba66361885338dbd7e3160017c33/elements - {"using":"xpath","value":"//span[text()='Error']"}
RESULT: {"using":"xpath","value":"//span[text()='Error']"}
COMMAND: POST /session/b6c1ba66361885338dbd7e3160017c33/element - {"using":"xpath","value":"//button[@data-kt=\"addButton\"]"}
RESULT: {"using":"xpath","value":"//button[@data-kt=\"addButton\"]"}
COMMAND: POST /session/b6c1ba66361885338dbd7e3160017c33/elements - {"using":"xpath","value":"//button[@data-kt=\"addButton\"]"}
RESULT: {"using":"xpath","value":"//button[@data-kt=\"addButton\"]"}
COMMAND: POST /session/b6c1ba66361885338dbd7e3160017c33/execute/sync - {"script":"<script> [8489 bytes]","args":[{"element-6066-11e4-a52e-4f735466cecf":"f.1D371F0606E69D8CD920F8C1F469B1CE.d.60B65BA19D5762E181A8DC8B547CE567.e.3793","ELEMENT":"f.1D371F0606E69D8CD920F8C1F469B1CE.d.60B65BA19D5762E181A8DC8B547CE567.e.3793"}]}
RESULT: {"script":"<script> [8489 bytes]","args":[{"element-6066-11e4-a52e-4f735466cecf":"f.1D371F0606E69D8CD920F8C1F469B1CE.d.60B65BA19D5762E181A8DC8B547CE567.e.3793","ELEMENT":"f.1D371F0606E69D8CD920F8C1F469B1CE.d.60B65BA19D5762E181A8DC8B547CE567.e.3793"}]}
COMMAND: GET /session/b6c1ba66361885338dbd7e3160017c33/element/f.1D371F0606E69D8CD920F8C1F469B1CE.d.60B65BA19D5762E181A8DC8B547CE567.e.3793/enabled - {}
COMMAND: GET /session/b6c1ba66361885338dbd7e3160017c33/screenshot - {}
RESULT: {}
COMMAND: POST /session/b6c1ba66361885338dbd7e3160017c33/execute/sync - {"script":"<script> [8489 bytes]","args":[{"element-6066-11e4-a52e-4f735466cecf":"f.1D371F0606E69D8CD920F8C1F469B1CE.d.60B65BA19D5762E181A8DC8B547CE567.e.3793","ELEMENT":"f.1D371F0606E69D8CD920F8C1F469B1CE.d.60B65BA19D5762E181A8DC8B547CE567.e.3793"}]}
COMMAND: GET /session/b6c1ba66361885338dbd7e3160017c33/screenshot - {}
RESULT: {}
RESULT: {"script":"<script> [8489 bytes]","args":[{"element-6066-11e4-a52e-4f735466cecf":"f.1D371F0606E69D8CD920F8C1F469B1CE.d.60B65BA19D5762E181A8DC8B547CE567.e.3793","ELEMENT":"f.1D371F0606E69D8CD920F8C1F469B1CE.d.60B65BA19D5762E181A8DC8B547CE567.e.3793"}]}
COMMAND: POST /session/b6c1ba66361885338dbd7e3160017c33/execute/sync - {"script":"<script> [5351 bytes]","args":[{"element-6066-11e4-a52e-4f735466cecf":"f.1D371F0606E69D8CD920F8C1F469B1CE.d.60B65BA19D5762E181A8DC8B547CE567.e.3793","ELEMENT":"f.1D371F0606E69D8CD920F8C1F469B1CE.d.60B65BA19D5762E181A8DC8B547CE567.e.3793"}]}
COMMAND: GET /session/b6c1ba66361885338dbd7e3160017c33/screenshot - {}
RESULT: {}
RESULT: {"script":"<script> [5351 bytes]","args":[{"element-6066-11e4-a52e-4f735466cecf":"f.1D371F0606E69D8CD920F8C1F469B1CE.d.60B65BA19D5762E181A8DC8B547CE567.e.3793","ELEMENT":"f.1D371F0606E69D8CD920F8C1F469B1CE.d.60B65BA19D5762E181A8DC8B547CE567.e.3793"}]}
COMMAND: GET /session/b6c1ba66361885338dbd7e3160017c33/screenshot - {}
RESULT: {}
RESULT: {}
COMMAND: POST /session/b6c1ba66361885338dbd7e3160017c33/execute/async - {"script":"<script> [1562 bytes]","args":[{"selector":{"id":"application-managepartners-display-component---masterPtm--smartFilterBar-btnBasicSearch","interaction":{"idSuffix":"I"}},"wdio_ui5_key":"applicationmanagepartners-display-component---masterPtm--smartFilterBar-btnBasicSearch"}]}
RESULT: {"script":"<script> [1562 bytes]","args":[{"selector":{"id":"application-managepartners-display-component---masterPtm--smartFilterBar-btnBasicSearch","interaction":{"idSuffix":"I"}},"wdio_ui5_key":"applicationmanagepartners-display-component---masterPtm--smartFilterBar-btnBasicSearch"}]}
RESULT: undefined
COMMAND: POST /session/b6c1ba66361885338dbd7e3160017c33/execute/async - {"script":"<script> [776 bytes]","args":[{"enterText":"1001","selector":{"id":"application-managepartners-display-component---masterPtm--smartFilterBar-btnBasicSearch","interaction":{"idSuffix":"I"}},"clearTextFirst":true,"interactionType":"ENTER_TEXT"}]}
RESULT: {"script":"<script> [776 bytes]","args":[{"enterText":"1001","selector":{"id":"application-managepartners-display-component---masterPtm--smartFilterBar-btnBasicSearch","interaction":{"idSuffix":"I"}},"clearTextFirst":true,"interactionType":"ENTER_TEXT"}]}
COMMAND: POST /session/b6c1ba66361885338dbd7e3160017c33/actions - {"actions":[{"id":"action26","type":"key","parameters":{},"actions":[{"type":"keyDown","value":"î€‡"},{"type":"pause","duration":10},{"type":"keyUp","value":"î€‡"}]}]}
RESULT: {"actions":[{"id":"action26","type":"key","parameters":{},"actions":[{"type":"keyDown","value":"î€‡"},{"type":"pause","duration":10},{"type":"keyUp","value":"î€‡"}]}]}
COMMAND: GET /session/b6c1ba66361885338dbd7e3160017c33/screenshot - {}
RESULT: {}
COMMAND: POST /session/b6c1ba66361885338dbd7e3160017c33/execute/async - {"script":"<script> [1562 bytes]","args":[{"selector":{"controlType":"sap.ui.core.Icon","viewName":"etm.portal.ui.managepartners.view.Master","viewId":"application-managepartners-display-component---masterPtm","properties":{"src":{"regex":{"source":"slim\\-arrow\\-right"}}}},"wdio_ui5_key":"etmportal.ui.managepartners.view.Mastersap.ui.core.Icon{\"src\":{\"regex\":{\"source\":\"slim\\\\-arrow\\\\-right\"}}}"}]}
RESULT: {"script":"<script> [1562 bytes]","args":[{"selector":{"controlType":"sap.ui.core.Icon","viewName":"etm.portal.ui.managepartners.view.Master","viewId":"application-managepartners-display-component---masterPtm","properties":{"src":{"regex":{"source":"slim\\-arrow\\-right"}}}},"wdio_ui5_key":"etmportal.ui.managepartners.view.Mastersap.ui.core.Icon{\"src\":{\"regex\":{\"source\":\"slim\\\\-arrow\\\\-right\"}}}"}]}
RESULT: undefined
COMMAND: POST /session/b6c1ba66361885338dbd7e3160017c33/element - {"using":"xpath","value":"//*[@id=\"__item1785-__clone6582-imgNav\"]"}
RESULT: {"using":"xpath","value":"//*[@id=\"__item1785-__clone6582-imgNav\"]"}
COMMAND: POST /session/b6c1ba66361885338dbd7e3160017c33/element/f.1D371F0606E69D8CD920F8C1F469B1CE.d.60B65BA19D5762E181A8DC8B547CE567.e.3925/click - {}
RESULT: {}
COMMAND: GET /session/b6c1ba66361885338dbd7e3160017c33/screenshot - {}
RESULT: {}
COMMAND: POST /session/b6c1ba66361885338dbd7e3160017c33/execute/async - {"script":"<script> [1562 bytes]","args":[{"selector":{"controlType":"sap.m.Button","viewName":"etm.portal.ui.managepartners.view.Detail","viewId":"application-managepartners-display-component---detailPtm","properties":{"text":"Reference"},"interaction":{"idSuffix":"BDI-content"}},"wdio_ui5_key":"etmportal.ui.managepartners.view.Detailsap.m.Button{\"text\":\"Reference\"}"}]}
RESULT: {"script":"<script> [1562 bytes]","args":[{"selector":{"controlType":"sap.m.Button","viewName":"etm.portal.ui.managepartners.view.Detail","viewId":"application-managepartners-display-component---detailPtm","properties":{"text":"Reference"},"interaction":{"idSuffix":"BDI-content"}},"wdio_ui5_key":"etmportal.ui.managepartners.view.Detailsap.m.Button{\"text\":\"Reference\"}"}]}
RESULT: undefined
COMMAND: POST /session/b6c1ba66361885338dbd7e3160017c33/element - {"using":"xpath","value":"//*[@id=\"application-managepartners-display-component---detailPtm--ObjectPageLayout-anchBar-__section81-anchor\"]"}
RESULT: {"using":"xpath","value":"//*[@id=\"application-managepartners-display-component---detailPtm--ObjectPageLayout-anchBar-__section81-anchor\"]"}
COMMAND: POST /session/b6c1ba66361885338dbd7e3160017c33/element/f.1D371F0606E69D8CD920F8C1F469B1CE.d.60B65BA19D5762E181A8DC8B547CE567.e.4070/click - {}
RESULT: {}
COMMAND: GET /session/b6c1ba66361885338dbd7e3160017c33/screenshot - {}
RESULT: {}
COMMAND: POST /session/b6c1ba66361885338dbd7e3160017c33/element - {"using":"xpath","value":"//span[contains(@id ,\"application-managepartners-display-component---detailPtm--smartTableAssignmentsDisplay-header-inner\")][contains(text(), \"Records (1)\")]"}
RESULT: {"using":"xpath","value":"//span[contains(@id ,\"application-managepartners-display-component---detailPtm--smartTableAssignmentsDisplay-header-inner\")][contains(text(), \"Records (1)\")]"}
COMMAND: POST /session/b6c1ba66361885338dbd7e3160017c33/execute/sync - {"script":"<script> [8489 bytes]","args":[{"element-6066-11e4-a52e-4f735466cecf":"f.1D371F0606E69D8CD920F8C1F469B1CE.d.60B65BA19D5762E181A8DC8B547CE567.e.4078","ELEMENT":"f.1D371F0606E69D8CD920F8C1F469B1CE.d.60B65BA19D5762E181A8DC8B547CE567.e.4078"}]}
RESULT: {"script":"<script> [8489 bytes]","args":[{"element-6066-11e4-a52e-4f735466cecf":"f.1D371F0606E69D8CD920F8C1F469B1CE.d.60B65BA19D5762E181A8DC8B547CE567.e.4078","ELEMENT":"f.1D371F0606E69D8CD920F8C1F469B1CE.d.60B65BA19D5762E181A8DC8B547CE567.e.4078"}]}
COMMAND: POST /session/b6c1ba66361885338dbd7e3160017c33/element - {"using":"css selector","value":"#shell-header-logo"}
COMMAND: GET /session/b6c1ba66361885338dbd7e3160017c33/screenshot - {}
RESULT: {"using":"css selector","value":"#shell-header-logo"}
COMMAND: POST /session/b6c1ba66361885338dbd7e3160017c33/element/f.1D371F0606E69D8CD920F8C1F469B1CE.d.60B65BA19D5762E181A8DC8B547CE567.e.3749/click - {}
RESULT: {}
RESULT: {}
COMMAND: GET /session/b6c1ba66361885338dbd7e3160017c33/screenshot - {}
RESULT: {}
COMMAND: POST /session/b6c1ba66361885338dbd7e3160017c33/refresh - {}
RESULT: {}
COMMAND: GET /session/b6c1ba66361885338dbd7e3160017c33/screenshot - {}
RESULT: {}
COMMAND: POST /session/b6c1ba66361885338dbd7e3160017c33/execute/async - {"script":"<script> [189 bytes]","args":[]}
RESULT: {"script":"<script> [189 bytes]","args":[]}
COMMAND: POST /session/b6c1ba66361885338dbd7e3160017c33/execute/async - {"script":"<script> [123 bytes]","args":[]}
RESULT: {"script":"<script> [123 bytes]","args":[]}
COMMAND: POST /session/b6c1ba66361885338dbd7e3160017c33/timeouts - {"script":"<number>"}
RESULT: {"script":"<number>"}
COMMAND: GET /session/b6c1ba66361885338dbd7e3160017c33/timeouts - {}
RESULT: {}
RESULT: undefined
COMMAND: POST /session/b6c1ba66361885338dbd7e3160017c33/execute/async - {"script":"<script> [2676 bytes]","args":[]}
RESULT: {"script":"<script> [2676 bytes]","args":[]}
COMMAND: POST /session/b6c1ba66361885338dbd7e3160017c33/execute/async - {"script":"<script> [2342 bytes]","args":[{"protocol":"http","hostname":"0.0.0.0","path":"/","capabilities":{"browserName":"chrome","goog:chromeOptions":{"binary":"C:\\Program Files\\Google\\Chrome\\Application\\chrome.exe","args":["--start-maximized"]}},"logLevel":"warn","connectionRetryTimeout":120000,"connectionRetryCount":3,"logLevels":{},"enableDirectConnect":true,"strictSSL":true,"_":"65 more keys: [\"cacheDir\",\"port\",\"requestedCapabilities\",\"automationProtocol\",\"baseUrl\",\"waitforInterval\",\"waitforTimeout\",\"onReload\",\"beforeCommand\",\"afterCommand\",\"rootDir\",\"specs\",\"suites\",\"exclude\",\"groupLogsByTestSpec\",\"excludeDriverLogs\",\"bail\",\"framework\",\"reporters\",\"services\",\"maxInstances\",\"maxInstancesPerCapability\",\"injectGlobals\",\"filesToWatch\",\"execArgv\",\"runnerEnv\",\"runner\",\"shard\",\"specFileRetries\",\"specFileRetriesDelay\",\"specFileRetriesDeferred\",\"reporterSyncInterval\",\"reporterSyncTimeout\",\"cucumberFeaturesWithLineNumbers\",\"autoCompileOpts\",\"mochaOpts\",\"jasmineOpts\",\"cucumberOpts\",\"onPrepare\",\"onWorkerStart\",\"onWorkerEnd\",\"before\",\"beforeSession\",\"beforeSuite\",\"beforeHook\",\"beforeTest\",\"afterTest\",\"afterHook\",\"afterSuite\",\"afterSession\",\"after\",\"onComplete\",\"beforeAssertion\",\"afterAssertion\",\"beforeFeature\",\"beforeScenario\",\"beforeStep\",\"afterStep\",\"afterScenario\",\"afterFeature\",\"_\",\"suite\",\"$0\",\"ignoredWorkerServices\",\"wdi5\"]"}]}
RESULT: {"script":"<script> [2342 bytes]","args":[{"protocol":"http","hostname":"0.0.0.0","path":"/","capabilities":{"browserName":"chrome","goog:chromeOptions":{"binary":"C:\\Program Files\\Google\\Chrome\\Application\\chrome.exe","args":["--start-maximized"]}},"logLevel":"warn","connectionRetryTimeout":120000,"connectionRetryCount":3,"logLevels":{},"enableDirectConnect":true,"strictSSL":true,"_":"65 more keys: [\"cacheDir\",\"port\",\"requestedCapabilities\",\"automationProtocol\",\"baseUrl\",\"waitforInterval\",\"waitforTimeout\",\"onReload\",\"beforeCommand\",\"afterCommand\",\"rootDir\",\"specs\",\"suites\",\"exclude\",\"groupLogsByTestSpec\",\"excludeDriverLogs\",\"bail\",\"framework\",\"reporters\",\"services\",\"maxInstances\",\"maxInstancesPerCapability\",\"injectGlobals\",\"filesToWatch\",\"execArgv\",\"runnerEnv\",\"runner\",\"shard\",\"specFileRetries\",\"specFileRetriesDelay\",\"specFileRetriesDeferred\",\"reporterSyncInterval\",\"reporterSyncTimeout\",\"cucumberFeaturesWithLineNumbers\",\"autoCompileOpts\",\"mochaOpts\",\"jasmineOpts\",\"cucumberOpts\",\"onPrepare\",\"onWorkerStart\",\"onWorkerEnd\",\"before\",\"beforeSession\",\"beforeSuite\",\"beforeHook\",\"beforeTest\",\"afterTest\",\"afterHook\",\"afterSuite\",\"afterSession\",\"after\",\"onComplete\",\"beforeAssertion\",\"afterAssertion\",\"beforeFeature\",\"beforeScenario\",\"beforeStep\",\"afterStep\",\"afterScenario\",\"afterFeature\",\"_\",\"suite\",\"$0\",\"ignoredWorkerServices\",\"wdi5\"]"}]}
COMMAND: POST /session/b6c1ba66361885338dbd7e3160017c33/execute/async - {"script":"<script> [21126 bytes]","args":[35000]}
RESULT: {"script":"<script> [21126 bytes]","args":[35000]}
]]></system-out>
    </testcase>
    <testcase classname="chrome.137_0_7151_56.windows.ISC_Schedule_-_Time_schedule_US156838" name="Should create a new contract and add the equipment" time="155.627">
      <system-out><![CDATA[
COMMAND: POST /session/b6c1ba66361885338dbd7e3160017c33/execute/async - {"script":"<script> [1562 bytes]","args":[{"selector":{"controlType":"sap.m.GenericTile","properties":{"header":"Manage Contracts"}},"wdio_ui5_key":"sapm.GenericTile{\"header\":\"Manage Contracts\"}"}]}
RESULT: {"script":"<script> [1562 bytes]","args":[{"selector":{"controlType":"sap.m.GenericTile","properties":{"header":"Manage Contracts"}},"wdio_ui5_key":"sapm.GenericTile{\"header\":\"Manage Contracts\"}"}]}
RESULT: undefined
COMMAND: POST /session/b6c1ba66361885338dbd7e3160017c33/element - {"using":"xpath","value":"//*[@id=\"__tile133\"]"}
RESULT: {"using":"xpath","value":"//*[@id=\"__tile133\"]"}
COMMAND: POST /session/b6c1ba66361885338dbd7e3160017c33/element/f.1D371F0606E69D8CD920F8C1F469B1CE.d.DAF4AE3A555A818E4B8265101F088ECD.e.4099/click - {}
RESULT: {}
COMMAND: GET /session/b6c1ba66361885338dbd7e3160017c33/screenshot - {}
RESULT: {}
COMMAND: POST /session/b6c1ba66361885338dbd7e3160017c33/elements - {"using":"xpath","value":"//span[text()='Error']"}
RESULT: {"using":"xpath","value":"//span[text()='Error']"}
COMMAND: POST /session/b6c1ba66361885338dbd7e3160017c33/element - {"using":"xpath","value":"//button[@data-kt=\"addButton\"]"}
RESULT: {"using":"xpath","value":"//button[@data-kt=\"addButton\"]"}
COMMAND: POST /session/b6c1ba66361885338dbd7e3160017c33/element/f.1D371F0606E69D8CD920F8C1F469B1CE.d.DAF4AE3A555A818E4B8265101F088ECD.e.4152/click - {}
RESULT: {}
COMMAND: GET /session/b6c1ba66361885338dbd7e3160017c33/screenshot - {}
RESULT: {}
COMMAND: POST /session/b6c1ba66361885338dbd7e3160017c33/execute/async - {"script":"<script> [1562 bytes]","args":[{"selector":{"id":"application-managecontracts-display-component---AddNewContract--projectDescription","interaction":{"idSuffix":"inner"}},"wdio_ui5_key":"applicationmanagecontracts-display-component---AddNewContract--projectDescription"}]}
RESULT: {"script":"<script> [1562 bytes]","args":[{"selector":{"id":"application-managecontracts-display-component---AddNewContract--projectDescription","interaction":{"idSuffix":"inner"}},"wdio_ui5_key":"applicationmanagecontracts-display-component---AddNewContract--projectDescription"}]}
RESULT: undefined
COMMAND: POST /session/b6c1ba66361885338dbd7e3160017c33/execute/async - {"script":"<script> [776 bytes]","args":[{"enterText":"WdIOTest0gbax","selector":{"id":"application-managecontracts-display-component---AddNewContract--projectDescription","interaction":{"idSuffix":"inner"}},"clearTextFirst":true,"interactionType":"ENTER_TEXT"}]}
RESULT: {"script":"<script> [776 bytes]","args":[{"enterText":"WdIOTest0gbax","selector":{"id":"application-managecontracts-display-component---AddNewContract--projectDescription","interaction":{"idSuffix":"inner"}},"clearTextFirst":true,"interactionType":"ENTER_TEXT"}]}
COMMAND: POST /session/b6c1ba66361885338dbd7e3160017c33/element - {"using":"xpath","value":"//input[@id=\"application-managecontracts-display-component---AddNewContract--yardId-inner\"]"}
RESULT: {"using":"xpath","value":"//input[@id=\"application-managecontracts-display-component---AddNewContract--yardId-inner\"]"}
COMMAND: POST /session/b6c1ba66361885338dbd7e3160017c33/element/f.1D371F0606E69D8CD920F8C1F469B1CE.d.DAF4AE3A555A818E4B8265101F088ECD.e.4415/clear - {}
RESULT: {}
COMMAND: POST /session/b6c1ba66361885338dbd7e3160017c33/element/f.1D371F0606E69D8CD920F8C1F469B1CE.d.DAF4AE3A555A818E4B8265101F088ECD.e.4415/value - {"text":"109"}
COMMAND: GET /session/b6c1ba66361885338dbd7e3160017c33/screenshot - {}
RESULT: {"text":"109"}
COMMAND: GET /session/b6c1ba66361885338dbd7e3160017c33/screenshot - {}
RESULT: {}
RESULT: {}
COMMAND: POST /session/b6c1ba66361885338dbd7e3160017c33/actions - {"actions":[{"id":"action27","type":"key","parameters":{},"actions":[{"type":"keyDown","value":"î€‡"},{"type":"pause","duration":10},{"type":"keyUp","value":"î€‡"}]}]}
RESULT: {"actions":[{"id":"action27","type":"key","parameters":{},"actions":[{"type":"keyDown","value":"î€‡"},{"type":"pause","duration":10},{"type":"keyUp","value":"î€‡"}]}]}
COMMAND: GET /session/b6c1ba66361885338dbd7e3160017c33/screenshot - {}
RESULT: {}
COMMAND: POST /session/b6c1ba66361885338dbd7e3160017c33/element - {"using":"xpath","value":"//input[@id=\"application-managecontracts-display-component---AddNewContract--customerSelect-inner\"]"}
RESULT: {"using":"xpath","value":"//input[@id=\"application-managecontracts-display-component---AddNewContract--customerSelect-inner\"]"}
COMMAND: POST /session/b6c1ba66361885338dbd7e3160017c33/element/f.1D371F0606E69D8CD920F8C1F469B1CE.d.DAF4AE3A555A818E4B8265101F088ECD.e.4413/clear - {}
RESULT: {}
COMMAND: POST /session/b6c1ba66361885338dbd7e3160017c33/element/f.1D371F0606E69D8CD920F8C1F469B1CE.d.DAF4AE3A555A818E4B8265101F088ECD.e.4413/value - {"text":"1001"}
COMMAND: GET /session/b6c1ba66361885338dbd7e3160017c33/screenshot - {}
RESULT: {"text":"1001"}
COMMAND: GET /session/b6c1ba66361885338dbd7e3160017c33/screenshot - {}
RESULT: {}
RESULT: {}
COMMAND: POST /session/b6c1ba66361885338dbd7e3160017c33/actions - {"actions":[{"id":"action28","type":"key","parameters":{},"actions":[{"type":"keyDown","value":"î€‡"},{"type":"pause","duration":10},{"type":"keyUp","value":"î€‡"}]}]}
RESULT: {"actions":[{"id":"action28","type":"key","parameters":{},"actions":[{"type":"keyDown","value":"î€‡"},{"type":"pause","duration":10},{"type":"keyUp","value":"î€‡"}]}]}
COMMAND: GET /session/b6c1ba66361885338dbd7e3160017c33/screenshot - {}
RESULT: {}
COMMAND: POST /session/b6c1ba66361885338dbd7e3160017c33/element - {"using":"xpath","value":"//input[@id=\"application-managecontracts-display-component---AddNewContract--site-inner\"]"}
RESULT: {"using":"xpath","value":"//input[@id=\"application-managecontracts-display-component---AddNewContract--site-inner\"]"}
COMMAND: POST /session/b6c1ba66361885338dbd7e3160017c33/element/f.1D371F0606E69D8CD920F8C1F469B1CE.d.DAF4AE3A555A818E4B8265101F088ECD.e.4414/clear - {}
RESULT: {}
COMMAND: POST /session/b6c1ba66361885338dbd7e3160017c33/element/f.1D371F0606E69D8CD920F8C1F469B1CE.d.DAF4AE3A555A818E4B8265101F088ECD.e.4414/value - {"text":"2002"}
COMMAND: GET /session/b6c1ba66361885338dbd7e3160017c33/screenshot - {}
RESULT: {"text":"2002"}
COMMAND: GET /session/b6c1ba66361885338dbd7e3160017c33/screenshot - {}
RESULT: {}
RESULT: {}
COMMAND: POST /session/b6c1ba66361885338dbd7e3160017c33/actions - {"actions":[{"id":"action29","type":"key","parameters":{},"actions":[{"type":"keyDown","value":"î€‡"},{"type":"pause","duration":10},{"type":"keyUp","value":"î€‡"}]}]}
RESULT: {"actions":[{"id":"action29","type":"key","parameters":{},"actions":[{"type":"keyDown","value":"î€‡"},{"type":"pause","duration":10},{"type":"keyUp","value":"î€‡"}]}]}
COMMAND: GET /session/b6c1ba66361885338dbd7e3160017c33/screenshot - {}
COMMAND: POST /session/b6c1ba66361885338dbd7e3160017c33/element - {"using":"xpath","value":"//button[@data-kt=\"saveButton\"]"}
RESULT: {}
RESULT: {"using":"xpath","value":"//button[@data-kt=\"saveButton\"]"}
COMMAND: POST /session/b6c1ba66361885338dbd7e3160017c33/element/f.1D371F0606E69D8CD920F8C1F469B1CE.d.DAF4AE3A555A818E4B8265101F088ECD.e.4487/click - {}
RESULT: {}
COMMAND: GET /session/b6c1ba66361885338dbd7e3160017c33/screenshot - {}
RESULT: {}
COMMAND: POST /session/b6c1ba66361885338dbd7e3160017c33/execute/async - {"script":"<script> [1562 bytes]","args":[{"selector":{"id":"contractDetailTitleNoExpanded","viewName":"etm.portal.ui.managecontracts.view.Detail"},"wdio_ui5_key":"contractDetailTitleNoExpandedetmportal.ui.managecontracts.view.Detail"}]}
RESULT: {"script":"<script> [1562 bytes]","args":[{"selector":{"id":"contractDetailTitleNoExpanded","viewName":"etm.portal.ui.managecontracts.view.Detail"},"wdio_ui5_key":"contractDetailTitleNoExpandedetmportal.ui.managecontracts.view.Detail"}]}
RESULT: undefined
COMMAND: POST /session/b6c1ba66361885338dbd7e3160017c33/execute/async - {"script":"<script> [6424 bytes]","args":[{"element-6066-11e4-a52e-4f735466cecf":"f.1D371F0606E69D8CD920F8C1F469B1CE.d.DAF4AE3A555A818E4B8265101F088ECD.e.4511"},"getText",[]]}
RESULT: {"script":"<script> [6424 bytes]","args":[{"element-6066-11e4-a52e-4f735466cecf":"f.1D371F0606E69D8CD920F8C1F469B1CE.d.DAF4AE3A555A818E4B8265101F088ECD.e.4511"},"getText",[]]}
COMMAND: POST /session/b6c1ba66361885338dbd7e3160017c33/execute/async - {"script":"<script> [1562 bytes]","args":[{"selector":{"id":"closeContractBtn","viewName":"etm.portal.ui.managecontracts.view.Detail"},"wdio_ui5_key":"closeContractBtnetmportal.ui.managecontracts.view.Detail"}]}
RESULT: {"script":"<script> [1562 bytes]","args":[{"selector":{"id":"closeContractBtn","viewName":"etm.portal.ui.managecontracts.view.Detail"},"wdio_ui5_key":"closeContractBtnetmportal.ui.managecontracts.view.Detail"}]}
RESULT: undefined
COMMAND: POST /session/b6c1ba66361885338dbd7e3160017c33/execute/async - {"script":"<script> [6424 bytes]","args":[{"element-6066-11e4-a52e-4f735466cecf":"f.1D371F0606E69D8CD920F8C1F469B1CE.d.DAF4AE3A555A818E4B8265101F088ECD.e.4512"},"getEnabled",[]]}
RESULT: {"script":"<script> [6424 bytes]","args":[{"element-6066-11e4-a52e-4f735466cecf":"f.1D371F0606E69D8CD920F8C1F469B1CE.d.DAF4AE3A555A818E4B8265101F088ECD.e.4512"},"getEnabled",[]]}
COMMAND: POST /session/b6c1ba66361885338dbd7e3160017c33/element - {"using":"xpath","value":"//button[@data-kt=\"contractDetailEditBtnButton\"]"}
RESULT: {"using":"xpath","value":"//button[@data-kt=\"contractDetailEditBtnButton\"]"}
COMMAND: POST /session/b6c1ba66361885338dbd7e3160017c33/element/f.1D371F0606E69D8CD920F8C1F469B1CE.d.DAF4AE3A555A818E4B8265101F088ECD.e.4513/click - {}
RESULT: {}
COMMAND: GET /session/b6c1ba66361885338dbd7e3160017c33/screenshot - {}
RESULT: {}
COMMAND: POST /session/b6c1ba66361885338dbd7e3160017c33/element - {"using":"xpath","value":"(//span[contains(text(), \"Additional Addresses\")])[2]"}
RESULT: {"using":"xpath","value":"(//span[contains(text(), \"Additional Addresses\")])[2]"}
COMMAND: POST /session/b6c1ba66361885338dbd7e3160017c33/element/f.1D371F0606E69D8CD920F8C1F469B1CE.d.DAF4AE3A555A818E4B8265101F088ECD.e.4572/click - {}
RESULT: {}
COMMAND: GET /session/b6c1ba66361885338dbd7e3160017c33/screenshot - {}
RESULT: {}
COMMAND: POST /session/b6c1ba66361885338dbd7e3160017c33/element - {"using":"xpath","value":"//button[@data-kt=\"btnAddTableRowOverflowToolbarButton\"]"}
RESULT: {"using":"xpath","value":"//button[@data-kt=\"btnAddTableRowOverflowToolbarButton\"]"}
COMMAND: POST /session/b6c1ba66361885338dbd7e3160017c33/element/f.1D371F0606E69D8CD920F8C1F469B1CE.d.DAF4AE3A555A818E4B8265101F088ECD.e.4576/click - {}
RESULT: {}
COMMAND: GET /session/b6c1ba66361885338dbd7e3160017c33/screenshot - {}
RESULT: {}
COMMAND: POST /session/b6c1ba66361885338dbd7e3160017c33/element - {"using":"xpath","value":"//div[(text() = 'Standard Entry' or . = 'Standard Entry')]"}
RESULT: {"using":"xpath","value":"//div[(text() = 'Standard Entry' or . = 'Standard Entry')]"}
COMMAND: POST /session/b6c1ba66361885338dbd7e3160017c33/element/f.1D371F0606E69D8CD920F8C1F469B1CE.d.DAF4AE3A555A818E4B8265101F088ECD.e.4578/click - {}
RESULT: {}
COMMAND: POST /session/b6c1ba66361885338dbd7e3160017c33/element - {"using":"xpath","value":"//td[7]/div/div/input"}
COMMAND: GET /session/b6c1ba66361885338dbd7e3160017c33/screenshot - {}
RESULT: {"using":"xpath","value":"//td[7]/div/div/input"}
COMMAND: POST /session/b6c1ba66361885338dbd7e3160017c33/element/f.1D371F0606E69D8CD920F8C1F469B1CE.d.DAF4AE3A555A818E4B8265101F088ECD.e.4587/clear - {}
RESULT: {}
RESULT: {}
COMMAND: POST /session/b6c1ba66361885338dbd7e3160017c33/element/f.1D371F0606E69D8CD920F8C1F469B1CE.d.DAF4AE3A555A818E4B8265101F088ECD.e.4587/value - {"text":"WdIOTestEquiprgkazg"}
COMMAND: GET /session/b6c1ba66361885338dbd7e3160017c33/screenshot - {}
RESULT: {"text":"WdIOTestEquiprgkazg"}
COMMAND: GET /session/b6c1ba66361885338dbd7e3160017c33/screenshot - {}
RESULT: {}
RESULT: {}
COMMAND: POST /session/b6c1ba66361885338dbd7e3160017c33/actions - {"actions":[{"id":"action30","type":"key","parameters":{},"actions":[{"type":"keyDown","value":"î€‡"},{"type":"pause","duration":10},{"type":"keyUp","value":"î€‡"}]}]}
RESULT: {"actions":[{"id":"action30","type":"key","parameters":{},"actions":[{"type":"keyDown","value":"î€‡"},{"type":"pause","duration":10},{"type":"keyUp","value":"î€‡"}]}]}
COMMAND: GET /session/b6c1ba66361885338dbd7e3160017c33/screenshot - {}
RESULT: {}
COMMAND: POST /session/b6c1ba66361885338dbd7e3160017c33/actions - {"actions":[{"id":"action31","type":"key","parameters":{},"actions":[{"type":"keyDown","value":"î€‡"},{"type":"pause","duration":10},{"type":"keyUp","value":"î€‡"}]}]}
RESULT: {"actions":[{"id":"action31","type":"key","parameters":{},"actions":[{"type":"keyDown","value":"î€‡"},{"type":"pause","duration":10},{"type":"keyUp","value":"î€‡"}]}]}
COMMAND: GET /session/b6c1ba66361885338dbd7e3160017c33/screenshot - {}
RESULT: {}
COMMAND: POST /session/b6c1ba66361885338dbd7e3160017c33/element - {"using":"xpath","value":"(//button[@data-kt=\"saveButton\"])[2]"}
RESULT: {"using":"xpath","value":"(//button[@data-kt=\"saveButton\"])[2]"}
COMMAND: POST /session/b6c1ba66361885338dbd7e3160017c33/element/f.1D371F0606E69D8CD920F8C1F469B1CE.d.DAF4AE3A555A818E4B8265101F088ECD.e.4602/click - {}
RESULT: {}
COMMAND: GET /session/b6c1ba66361885338dbd7e3160017c33/screenshot - {}
RESULT: {}
]]></system-out>
    </testcase>
    <testcase classname="chrome.137_0_7151_56.windows.ISC_Schedule_-_Time_schedule_US156838" name="Should fully provide the equipment" time="61.329">
      <system-out><![CDATA[
COMMAND: POST /session/b6c1ba66361885338dbd7e3160017c33/element - {"using":"xpath","value":"//button[@data-kt=\"provideButton\"]"}
RESULT: {"using":"xpath","value":"//button[@data-kt=\"provideButton\"]"}
COMMAND: POST /session/b6c1ba66361885338dbd7e3160017c33/element/f.1D371F0606E69D8CD920F8C1F469B1CE.d.DAF4AE3A555A818E4B8265101F088ECD.e.4610/click - {}
RESULT: {}
COMMAND: GET /session/b6c1ba66361885338dbd7e3160017c33/screenshot - {}
RESULT: {}
COMMAND: POST /session/b6c1ba66361885338dbd7e3160017c33/execute/async - {"script":"<script> [1562 bytes]","args":[{"selector":{"id":"application-managehandovers-display-component---AddNewHO--dueDate","interaction":{"idSuffix":"inner"}},"wdio_ui5_key":"applicationmanagehandovers-display-component---AddNewHO--dueDate"}]}
RESULT: {"script":"<script> [1562 bytes]","args":[{"selector":{"id":"application-managehandovers-display-component---AddNewHO--dueDate","interaction":{"idSuffix":"inner"}},"wdio_ui5_key":"applicationmanagehandovers-display-component---AddNewHO--dueDate"}]}
RESULT: undefined
COMMAND: POST /session/b6c1ba66361885338dbd7e3160017c33/execute/async - {"script":"<script> [6424 bytes]","args":[{"element-6066-11e4-a52e-4f735466cecf":"f.1D371F0606E69D8CD920F8C1F469B1CE.d.DAF4AE3A555A818E4B8265101F088ECD.e.4686"},"setValue",["6/4/25"]]}
RESULT: {"script":"<script> [6424 bytes]","args":[{"element-6066-11e4-a52e-4f735466cecf":"f.1D371F0606E69D8CD920F8C1F469B1CE.d.DAF4AE3A555A818E4B8265101F088ECD.e.4686"},"setValue",["6/4/25"]]}
COMMAND: POST /session/b6c1ba66361885338dbd7e3160017c33/element - {"using":"xpath","value":"//bdi[contains(text(), \"Instructions\")]"}
RESULT: {"using":"xpath","value":"//bdi[contains(text(), \"Instructions\")]"}
COMMAND: POST /session/b6c1ba66361885338dbd7e3160017c33/element/f.1D371F0606E69D8CD920F8C1F469B1CE.d.DAF4AE3A555A818E4B8265101F088ECD.e.4772/click - {}
RESULT: {}
COMMAND: GET /session/b6c1ba66361885338dbd7e3160017c33/screenshot - {}
RESULT: {}
COMMAND: POST /session/b6c1ba66361885338dbd7e3160017c33/element - {"using":"xpath","value":"//button[@data-kt=\"AddNewHOProvideAddItemsButton\"]"}
RESULT: {"using":"xpath","value":"//button[@data-kt=\"AddNewHOProvideAddItemsButton\"]"}
COMMAND: POST /session/b6c1ba66361885338dbd7e3160017c33/element/f.1D371F0606E69D8CD920F8C1F469B1CE.d.DAF4AE3A555A818E4B8265101F088ECD.e.4776/click - {}
RESULT: {}
COMMAND: GET /session/b6c1ba66361885338dbd7e3160017c33/screenshot - {}
RESULT: {}
COMMAND: POST /session/b6c1ba66361885338dbd7e3160017c33/execute/async - {"script":"<script> [1562 bytes]","args":[{"selector":{"id":"application-managehandovers-display-component---AddNewHO--popup-sa","searchOpenDialogs":true,"interaction":{"idSuffix":"CbBg"}},"wdio_ui5_key":"applicationmanagehandovers-display-component---AddNewHO--popup-sa"}]}
RESULT: {"script":"<script> [1562 bytes]","args":[{"selector":{"id":"application-managehandovers-display-component---AddNewHO--popup-sa","searchOpenDialogs":true,"interaction":{"idSuffix":"CbBg"}},"wdio_ui5_key":"applicationmanagehandovers-display-component---AddNewHO--popup-sa"}]}
RESULT: undefined
COMMAND: POST /session/b6c1ba66361885338dbd7e3160017c33/element - {"using":"xpath","value":"//*[@id=\"application-managehandovers-display-component---AddNewHO--popup-sa\"]"}
RESULT: {"using":"xpath","value":"//*[@id=\"application-managehandovers-display-component---AddNewHO--popup-sa\"]"}
COMMAND: POST /session/b6c1ba66361885338dbd7e3160017c33/element/f.1D371F0606E69D8CD920F8C1F469B1CE.d.DAF4AE3A555A818E4B8265101F088ECD.e.4787/click - {}
RESULT: {}
COMMAND: GET /session/b6c1ba66361885338dbd7e3160017c33/screenshot - {}
RESULT: {}
COMMAND: POST /session/b6c1ba66361885338dbd7e3160017c33/element - {"using":"xpath","value":"//*[contains(@id ,\"BDI-content\")][contains(text(), \"Select\")]"}
RESULT: {"using":"xpath","value":"//*[contains(@id ,\"BDI-content\")][contains(text(), \"Select\")]"}
COMMAND: POST /session/b6c1ba66361885338dbd7e3160017c33/element/f.1D371F0606E69D8CD920F8C1F469B1CE.d.DAF4AE3A555A818E4B8265101F088ECD.e.4788/click - {}
RESULT: {}
COMMAND: GET /session/b6c1ba66361885338dbd7e3160017c33/screenshot - {}
RESULT: {}
COMMAND: POST /session/b6c1ba66361885338dbd7e3160017c33/execute/async - {"script":"<script> [1562 bytes]","args":[{"selector":{"id":"application-managehandovers-display-component---AddNewHO--confirmCreationButton","interaction":{"idSuffix":"BDI-content"}},"wdio_ui5_key":"applicationmanagehandovers-display-component---AddNewHO--confirmCreationButton"}]}
RESULT: {"script":"<script> [1562 bytes]","args":[{"selector":{"id":"application-managehandovers-display-component---AddNewHO--confirmCreationButton","interaction":{"idSuffix":"BDI-content"}},"wdio_ui5_key":"applicationmanagehandovers-display-component---AddNewHO--confirmCreationButton"}]}
RESULT: undefined
COMMAND: POST /session/b6c1ba66361885338dbd7e3160017c33/element - {"using":"xpath","value":"//*[@id=\"application-managehandovers-display-component---AddNewHO--confirmCreationButton\"]"}
RESULT: {"using":"xpath","value":"//*[@id=\"application-managehandovers-display-component---AddNewHO--confirmCreationButton\"]"}
COMMAND: POST /session/b6c1ba66361885338dbd7e3160017c33/element/f.1D371F0606E69D8CD920F8C1F469B1CE.d.DAF4AE3A555A818E4B8265101F088ECD.e.4731/click - {}
RESULT: {}
COMMAND: GET /session/b6c1ba66361885338dbd7e3160017c33/screenshot - {}
RESULT: {}
COMMAND: POST /session/b6c1ba66361885338dbd7e3160017c33/execute/async - {"script":"<script> [1562 bytes]","args":[{"selector":{"id":"issueDatePicker","viewName":"etm.portal.ui.managehandovers.view.DetailExecuteHO","interaction":{"idSuffix":"inner"}},"wdio_ui5_key":"issueDatePickeretmportal.ui.managehandovers.view.DetailExecuteHO"}]}
RESULT: {"script":"<script> [1562 bytes]","args":[{"selector":{"id":"issueDatePicker","viewName":"etm.portal.ui.managehandovers.view.DetailExecuteHO","interaction":{"idSuffix":"inner"}},"wdio_ui5_key":"issueDatePickeretmportal.ui.managehandovers.view.DetailExecuteHO"}]}
RESULT: undefined
COMMAND: POST /session/b6c1ba66361885338dbd7e3160017c33/execute/async - {"script":"<script> [776 bytes]","args":[{"enterText":"6/4/25","selector":{"id":"issueDatePicker","viewName":"etm.portal.ui.managehandovers.view.DetailExecuteHO","interaction":{"idSuffix":"inner"}},"clearTextFirst":true,"interactionType":"ENTER_TEXT"}]}
RESULT: {"script":"<script> [776 bytes]","args":[{"enterText":"6/4/25","selector":{"id":"issueDatePicker","viewName":"etm.portal.ui.managehandovers.view.DetailExecuteHO","interaction":{"idSuffix":"inner"}},"clearTextFirst":true,"interactionType":"ENTER_TEXT"}]}
COMMAND: POST /session/b6c1ba66361885338dbd7e3160017c33/element - {"using":"xpath","value":"//button[@data-kt=\"PickingTableConfirmAllButton\"]"}
RESULT: {"using":"xpath","value":"//button[@data-kt=\"PickingTableConfirmAllButton\"]"}
COMMAND: POST /session/b6c1ba66361885338dbd7e3160017c33/element/f.1D371F0606E69D8CD920F8C1F469B1CE.d.DAF4AE3A555A818E4B8265101F088ECD.e.4848/click - {}
RESULT: {}
COMMAND: GET /session/b6c1ba66361885338dbd7e3160017c33/screenshot - {}
RESULT: {}
COMMAND: POST /session/b6c1ba66361885338dbd7e3160017c33/element - {"using":"xpath","value":"//bdi[contains(text(), \"OK\")]"}
RESULT: {"using":"xpath","value":"//bdi[contains(text(), \"OK\")]"}
COMMAND: POST /session/b6c1ba66361885338dbd7e3160017c33/element/f.1D371F0606E69D8CD920F8C1F469B1CE.d.DAF4AE3A555A818E4B8265101F088ECD.e.4852/click - {}
RESULT: {}
COMMAND: GET /session/b6c1ba66361885338dbd7e3160017c33/screenshot - {}
RESULT: {}
COMMAND: POST /session/b6c1ba66361885338dbd7e3160017c33/element - {"using":"xpath","value":"//bdi[contains(text(), \"Issue\")]"}
RESULT: {"using":"xpath","value":"//bdi[contains(text(), \"Issue\")]"}
COMMAND: POST /session/b6c1ba66361885338dbd7e3160017c33/element/f.1D371F0606E69D8CD920F8C1F469B1CE.d.DAF4AE3A555A818E4B8265101F088ECD.e.4853/click - {}
RESULT: {}
COMMAND: GET /session/b6c1ba66361885338dbd7e3160017c33/screenshot - {}
RESULT: {}
COMMAND: POST /session/b6c1ba66361885338dbd7e3160017c33/element - {"using":"css selector","value":"#shell-header-logo"}
RESULT: {"using":"css selector","value":"#shell-header-logo"}
COMMAND: POST /session/b6c1ba66361885338dbd7e3160017c33/element/f.1D371F0606E69D8CD920F8C1F469B1CE.d.DAF4AE3A555A818E4B8265101F088ECD.e.4102/click - {}
RESULT: {}
COMMAND: GET /session/b6c1ba66361885338dbd7e3160017c33/screenshot - {}
RESULT: {}
]]></system-out>
    </testcase>
    <testcase classname="chrome.137_0_7151_56.windows.ISC_Schedule_-_Time_schedule_US156838" name="Should create a new time schedule" time="95.517">
      <system-out><![CDATA[
COMMAND: POST /session/b6c1ba66361885338dbd7e3160017c33/execute/async - {"script":"<script> [1562 bytes]","args":[{"selector":{"controlType":"sap.m.GenericTile","properties":{"header":"ISC Schedules"}},"wdio_ui5_key":"sapm.GenericTile{\"header\":\"ISC Schedules\"}"}]}
RESULT: {"script":"<script> [1562 bytes]","args":[{"selector":{"controlType":"sap.m.GenericTile","properties":{"header":"ISC Schedules"}},"wdio_ui5_key":"sapm.GenericTile{\"header\":\"ISC Schedules\"}"}]}
RESULT: undefined
COMMAND: POST /session/b6c1ba66361885338dbd7e3160017c33/element - {"using":"xpath","value":"//*[@id=\"__tile109\"]"}
RESULT: {"using":"xpath","value":"//*[@id=\"__tile109\"]"}
COMMAND: POST /session/b6c1ba66361885338dbd7e3160017c33/element/f.1D371F0606E69D8CD920F8C1F469B1CE.d.DAF4AE3A555A818E4B8265101F088ECD.e.5022/click - {}
RESULT: {}
COMMAND: GET /session/b6c1ba66361885338dbd7e3160017c33/screenshot - {}
RESULT: {}
COMMAND: POST /session/b6c1ba66361885338dbd7e3160017c33/elements - {"using":"xpath","value":"//span[text()='Error']"}
RESULT: {"using":"xpath","value":"//span[text()='Error']"}
COMMAND: POST /session/b6c1ba66361885338dbd7e3160017c33/execute/async - {"script":"<script> [1562 bytes]","args":[{"selector":{"id":"application-iscschedules-display-component---scheduleList--createScheduleButton-img"},"wdio_ui5_key":"applicationiscschedules-display-component---scheduleList--createScheduleButton-img"}]}
RESULT: {"script":"<script> [1562 bytes]","args":[{"selector":{"id":"application-iscschedules-display-component---scheduleList--createScheduleButton-img"},"wdio_ui5_key":"applicationiscschedules-display-component---scheduleList--createScheduleButton-img"}]}
RESULT: undefined
COMMAND: POST /session/b6c1ba66361885338dbd7e3160017c33/element - {"using":"xpath","value":"//*[@id=\"application-iscschedules-display-component---scheduleList--createScheduleButton-img\"]"}
RESULT: {"using":"xpath","value":"//*[@id=\"application-iscschedules-display-component---scheduleList--createScheduleButton-img\"]"}
COMMAND: POST /session/b6c1ba66361885338dbd7e3160017c33/element/f.1D371F0606E69D8CD920F8C1F469B1CE.d.DAF4AE3A555A818E4B8265101F088ECD.e.5065/click - {}
RESULT: {}
COMMAND: GET /session/b6c1ba66361885338dbd7e3160017c33/screenshot - {}
RESULT: {}
COMMAND: POST /session/b6c1ba66361885338dbd7e3160017c33/execute/async - {"script":"<script> [1562 bytes]","args":[{"selector":{"id":"application-iscschedules-display-component---createSchedule--templateValue-vhi"},"wdio_ui5_key":"applicationiscschedules-display-component---createSchedule--templateValue-vhi"}]}
RESULT: {"script":"<script> [1562 bytes]","args":[{"selector":{"id":"application-iscschedules-display-component---createSchedule--templateValue-vhi"},"wdio_ui5_key":"applicationiscschedules-display-component---createSchedule--templateValue-vhi"}]}
RESULT: undefined
COMMAND: POST /session/b6c1ba66361885338dbd7e3160017c33/element - {"using":"xpath","value":"//*[@id=\"application-iscschedules-display-component---createSchedule--templateValue-vhi\"]"}
RESULT: {"using":"xpath","value":"//*[@id=\"application-iscschedules-display-component---createSchedule--templateValue-vhi\"]"}
COMMAND: POST /session/b6c1ba66361885338dbd7e3160017c33/element/f.1D371F0606E69D8CD920F8C1F469B1CE.d.DAF4AE3A555A818E4B8265101F088ECD.e.5345/click - {}
RESULT: {}
COMMAND: GET /session/b6c1ba66361885338dbd7e3160017c33/screenshot - {}
RESULT: {}
COMMAND: POST /session/b6c1ba66361885338dbd7e3160017c33/element - {"using":"xpath","value":"//input[contains(@id ,\"application-iscschedules-display-component---createSchedule--smartFilterBarTemplates-btnBasicSearch-I\")]"}
RESULT: {"using":"xpath","value":"//input[contains(@id ,\"application-iscschedules-display-component---createSchedule--smartFilterBarTemplates-btnBasicSearch-I\")]"}
COMMAND: POST /session/b6c1ba66361885338dbd7e3160017c33/element/f.1D371F0606E69D8CD920F8C1F469B1CE.d.DAF4AE3A555A818E4B8265101F088ECD.e.5347/clear - {}
RESULT: {}
COMMAND: POST /session/b6c1ba66361885338dbd7e3160017c33/element/f.1D371F0606E69D8CD920F8C1F469B1CE.d.DAF4AE3A555A818E4B8265101F088ECD.e.5347/value - {"text":"10049"}
COMMAND: GET /session/b6c1ba66361885338dbd7e3160017c33/screenshot - {}
RESULT: {"text":"10049"}
COMMAND: POST /session/b6c1ba66361885338dbd7e3160017c33/actions - {"actions":[{"id":"action32","type":"key","parameters":{},"actions":[{"type":"keyDown","value":"î€‡"},{"type":"pause","duration":10},{"type":"keyUp","value":"î€‡"}]}]}
COMMAND: GET /session/b6c1ba66361885338dbd7e3160017c33/screenshot - {}
RESULT: {}
RESULT: {"actions":[{"id":"action32","type":"key","parameters":{},"actions":[{"type":"keyDown","value":"î€‡"},{"type":"pause","duration":10},{"type":"keyUp","value":"î€‡"}]}]}
COMMAND: GET /session/b6c1ba66361885338dbd7e3160017c33/screenshot - {}
RESULT: {}
RESULT: {}
COMMAND: POST /session/b6c1ba66361885338dbd7e3160017c33/element - {"using":"xpath","value":"//span[contains(@id ,\"text\")][contains(text(), \"10049\")]"}
RESULT: {"using":"xpath","value":"//span[contains(@id ,\"text\")][contains(text(), \"10049\")]"}
COMMAND: POST /session/b6c1ba66361885338dbd7e3160017c33/element/f.1D371F0606E69D8CD920F8C1F469B1CE.d.DAF4AE3A555A818E4B8265101F088ECD.e.5368/click - {}
RESULT: {}
COMMAND: POST /session/b6c1ba66361885338dbd7e3160017c33/element - {"using":"xpath","value":"//bdi[contains(@id ,\"application-iscschedules-display-component---createSchedule--templateSelectionButton-BDI-content\")]"}
COMMAND: GET /session/b6c1ba66361885338dbd7e3160017c33/screenshot - {}
RESULT: {"using":"xpath","value":"//bdi[contains(@id ,\"application-iscschedules-display-component---createSchedule--templateSelectionButton-BDI-content\")]"}
COMMAND: POST /session/b6c1ba66361885338dbd7e3160017c33/element/f.1D371F0606E69D8CD920F8C1F469B1CE.d.DAF4AE3A555A818E4B8265101F088ECD.e.5370/click - {}
RESULT: {}
RESULT: {}
COMMAND: GET /session/b6c1ba66361885338dbd7e3160017c33/screenshot - {}
RESULT: {}
COMMAND: POST /session/b6c1ba66361885338dbd7e3160017c33/element - {"using":"xpath","value":"//input[contains(@id ,\"application-iscschedules-display-component---createSchedule--yardComboBox-inner\")]"}
RESULT: {"using":"xpath","value":"//input[contains(@id ,\"application-iscschedules-display-component---createSchedule--yardComboBox-inner\")]"}
COMMAND: POST /session/b6c1ba66361885338dbd7e3160017c33/element/f.1D371F0606E69D8CD920F8C1F469B1CE.d.DAF4AE3A555A818E4B8265101F088ECD.e.5390/clear - {}
RESULT: {}
COMMAND: POST /session/b6c1ba66361885338dbd7e3160017c33/element/f.1D371F0606E69D8CD920F8C1F469B1CE.d.DAF4AE3A555A818E4B8265101F088ECD.e.5390/value - {"text":"109"}
COMMAND: GET /session/b6c1ba66361885338dbd7e3160017c33/screenshot - {}
RESULT: {"text":"109"}
COMMAND: GET /session/b6c1ba66361885338dbd7e3160017c33/screenshot - {}
RESULT: {}
RESULT: {}
COMMAND: POST /session/b6c1ba66361885338dbd7e3160017c33/actions - {"actions":[{"id":"action33","type":"key","parameters":{},"actions":[{"type":"keyDown","value":"î€‡"},{"type":"pause","duration":10},{"type":"keyUp","value":"î€‡"}]}]}
RESULT: {"actions":[{"id":"action33","type":"key","parameters":{},"actions":[{"type":"keyDown","value":"î€‡"},{"type":"pause","duration":10},{"type":"keyUp","value":"î€‡"}]}]}
COMMAND: GET /session/b6c1ba66361885338dbd7e3160017c33/screenshot - {}
RESULT: {}
COMMAND: POST /session/b6c1ba66361885338dbd7e3160017c33/element - {"using":"xpath","value":"//span[contains(text(), \"Contract Item\")]"}
RESULT: {"using":"xpath","value":"//span[contains(text(), \"Contract Item\")]"}
COMMAND: GET /session/b6c1ba66361885338dbd7e3160017c33/element/f.1D371F0606E69D8CD920F8C1F469B1CE.d.DAF4AE3A555A818E4B8265101F088ECD.e.5576/rect - {}
RESULT: {}
COMMAND: GET /session/b6c1ba66361885338dbd7e3160017c33/window/rect - {}
RESULT: {}
COMMAND: POST /session/b6c1ba66361885338dbd7e3160017c33/execute/sync - {"script":"<script> [92 bytes]","args":[]}
RESULT: {"script":"<script> [92 bytes]","args":[]}
COMMAND: POST /session/b6c1ba66361885338dbd7e3160017c33/actions - {"actions":[{"id":"action34","type":"wheel","parameters":{},"actions":[{"type":"scroll","x":-1840,"y":-17,"deltaX":0,"deltaY":0,"duration":0,"origin":{"element-6066-11e4-a52e-4f735466cecf":"f.1D371F0606E69D8CD920F8C1F469B1CE.d.DAF4AE3A555A818E4B8265101F088ECD.e.5576"}}]}]}
COMMAND: GET /session/b6c1ba66361885338dbd7e3160017c33/screenshot - {}
RESULT: {}
COMMAND: POST /session/b6c1ba66361885338dbd7e3160017c33/execute/sync - {"script":"<script> [79 bytes]","args":[{"element-6066-11e4-a52e-4f735466cecf":"f.1D371F0606E69D8CD920F8C1F469B1CE.d.DAF4AE3A555A818E4B8265101F088ECD.e.5576","ELEMENT":"f.1D371F0606E69D8CD920F8C1F469B1CE.d.DAF4AE3A555A818E4B8265101F088ECD.e.5576"},{"block":"start","inline":"nearest"}]}
RESULT: {"script":"<script> [79 bytes]","args":[{"element-6066-11e4-a52e-4f735466cecf":"f.1D371F0606E69D8CD920F8C1F469B1CE.d.DAF4AE3A555A818E4B8265101F088ECD.e.5576","ELEMENT":"f.1D371F0606E69D8CD920F8C1F469B1CE.d.DAF4AE3A555A818E4B8265101F088ECD.e.5576"},{"block":"start","inline":"nearest"}]}
COMMAND: GET /session/b6c1ba66361885338dbd7e3160017c33/screenshot - {}
RESULT: {}
COMMAND: POST /session/b6c1ba66361885338dbd7e3160017c33/element - {"using":"xpath","value":"//span[contains(@id ,\"application-iscschedules-display-component---createSchedule--contractItemInput-vhi\")]"}
RESULT: {"using":"xpath","value":"//span[contains(@id ,\"application-iscschedules-display-component---createSchedule--contractItemInput-vhi\")]"}
COMMAND: POST /session/b6c1ba66361885338dbd7e3160017c33/element/f.1D371F0606E69D8CD920F8C1F469B1CE.d.DAF4AE3A555A818E4B8265101F088ECD.e.5622/click - {}
RESULT: {}
COMMAND: GET /session/b6c1ba66361885338dbd7e3160017c33/screenshot - {}
RESULT: {}
COMMAND: POST /session/b6c1ba66361885338dbd7e3160017c33/element - {"using":"xpath","value":"//input[contains(@id ,\"application-iscschedules-display-component---createSchedule--contractItemSelectionSmartFb-btnBasicSearch-I\")]"}
RESULT: {"using":"xpath","value":"//input[contains(@id ,\"application-iscschedules-display-component---createSchedule--contractItemSelectionSmartFb-btnBasicSearch-I\")]"}
COMMAND: POST /session/b6c1ba66361885338dbd7e3160017c33/element/f.1D371F0606E69D8CD920F8C1F469B1CE.d.DAF4AE3A555A818E4B8265101F088ECD.e.5624/clear - {}
RESULT: {}
COMMAND: POST /session/b6c1ba66361885338dbd7e3160017c33/element/f.1D371F0606E69D8CD920F8C1F469B1CE.d.DAF4AE3A555A818E4B8265101F088ECD.e.5624/value - {"text":"WdIOTestEquiprgkazg"}
COMMAND: GET /session/b6c1ba66361885338dbd7e3160017c33/screenshot - {}
RESULT: {"text":"WdIOTestEquiprgkazg"}
COMMAND: GET /session/b6c1ba66361885338dbd7e3160017c33/screenshot - {}
RESULT: {}
RESULT: {}
COMMAND: POST /session/b6c1ba66361885338dbd7e3160017c33/actions - {"actions":[{"id":"action35","type":"key","parameters":{},"actions":[{"type":"keyDown","value":"î€‡"},{"type":"pause","duration":10},{"type":"keyUp","value":"î€‡"}]}]}
RESULT: {"actions":[{"id":"action35","type":"key","parameters":{},"actions":[{"type":"keyDown","value":"î€‡"},{"type":"pause","duration":10},{"type":"keyUp","value":"î€‡"}]}]}
COMMAND: GET /session/b6c1ba66361885338dbd7e3160017c33/screenshot - {}
RESULT: {}
COMMAND: POST /session/b6c1ba66361885338dbd7e3160017c33/element - {"using":"xpath","value":"//span[contains(@id ,\"text\")][contains(text(), \"1001\")]"}
RESULT: {"using":"xpath","value":"//span[contains(@id ,\"text\")][contains(text(), \"1001\")]"}
COMMAND: POST /session/b6c1ba66361885338dbd7e3160017c33/element/f.1D371F0606E69D8CD920F8C1F469B1CE.d.DAF4AE3A555A818E4B8265101F088ECD.e.5683/click - {}
RESULT: {}
COMMAND: GET /session/b6c1ba66361885338dbd7e3160017c33/screenshot - {}
RESULT: {}
COMMAND: POST /session/b6c1ba66361885338dbd7e3160017c33/element - {"using":"xpath","value":"//bdi[contains(text(), \"Select\")]"}
RESULT: {"using":"xpath","value":"//bdi[contains(text(), \"Select\")]"}
COMMAND: POST /session/b6c1ba66361885338dbd7e3160017c33/element/f.1D371F0606E69D8CD920F8C1F469B1CE.d.DAF4AE3A555A818E4B8265101F088ECD.e.5684/click - {}
RESULT: {}
COMMAND: GET /session/b6c1ba66361885338dbd7e3160017c33/screenshot - {}
RESULT: {}
COMMAND: POST /session/b6c1ba66361885338dbd7e3160017c33/element - {"using":"xpath","value":"//bdi[contains(@id ,\"application-iscschedules-display-component---createSchedule--saveScheduleButton-BDI-content\")]"}
RESULT: {"using":"xpath","value":"//bdi[contains(@id ,\"application-iscschedules-display-component---createSchedule--saveScheduleButton-BDI-content\")]"}
COMMAND: POST /session/b6c1ba66361885338dbd7e3160017c33/element/f.1D371F0606E69D8CD920F8C1F469B1CE.d.DAF4AE3A555A818E4B8265101F088ECD.e.5700/click - {}
RESULT: {}
COMMAND: GET /session/b6c1ba66361885338dbd7e3160017c33/screenshot - {}
RESULT: {}
COMMAND: POST /session/b6c1ba66361885338dbd7e3160017c33/element - {"using":"xpath","value":"//bdi[contains(text(), \"OK\")]"}
RESULT: {"using":"xpath","value":"//bdi[contains(text(), \"OK\")]"}
COMMAND: POST /session/b6c1ba66361885338dbd7e3160017c33/element/f.1D371F0606E69D8CD920F8C1F469B1CE.d.DAF4AE3A555A818E4B8265101F088ECD.e.5703/click - {}
RESULT: {}
COMMAND: GET /session/b6c1ba66361885338dbd7e3160017c33/screenshot - {}
RESULT: {}
COMMAND: POST /session/b6c1ba66361885338dbd7e3160017c33/execute/async - {"script":"<script> [1562 bytes]","args":[{"selector":{"controlType":"sap.m.Button","viewName":"reusables.view.ISC.Schedules.Detail","viewId":"application-iscschedules-display-component---displaySchedule","properties":{"text":"Orders"},"interaction":{"idSuffix":"BDI-content"}},"wdio_ui5_key":"reusablesview.ISC.Schedules.Detailsap.m.Button{\"text\":\"Orders\"}"}]}
RESULT: {"script":"<script> [1562 bytes]","args":[{"selector":{"controlType":"sap.m.Button","viewName":"reusables.view.ISC.Schedules.Detail","viewId":"application-iscschedules-display-component---displaySchedule","properties":{"text":"Orders"},"interaction":{"idSuffix":"BDI-content"}},"wdio_ui5_key":"reusablesview.ISC.Schedules.Detailsap.m.Button{\"text\":\"Orders\"}"}]}
RESULT: undefined
COMMAND: POST /session/b6c1ba66361885338dbd7e3160017c33/element - {"using":"xpath","value":"//*[@id=\"__layout236-anchBar-application-iscschedules-display-component---displaySchedule--orderList-anchor\"]"}
RESULT: {"using":"xpath","value":"//*[@id=\"__layout236-anchBar-application-iscschedules-display-component---displaySchedule--orderList-anchor\"]"}
COMMAND: POST /session/b6c1ba66361885338dbd7e3160017c33/element/f.1D371F0606E69D8CD920F8C1F469B1CE.d.DAF4AE3A555A818E4B8265101F088ECD.e.5726/click - {}
RESULT: {}
COMMAND: GET /session/b6c1ba66361885338dbd7e3160017c33/screenshot - {}
RESULT: {}
COMMAND: POST /session/b6c1ba66361885338dbd7e3160017c33/element - {"using":"xpath","value":"//*[contains(@id ,\"application-iscschedules-display-component---displaySchedule--sacOrdersTable\")][contains(@class ,\"sapMLnk sapMLnkMaxWidth\")]"}
RESULT: {"using":"xpath","value":"//*[contains(@id ,\"application-iscschedules-display-component---displaySchedule--sacOrdersTable\")][contains(@class ,\"sapMLnk sapMLnkMaxWidth\")]"}
COMMAND: GET /session/b6c1ba66361885338dbd7e3160017c33/element/f.1D371F0606E69D8CD920F8C1F469B1CE.d.DAF4AE3A555A818E4B8265101F088ECD.e.5732/text - {}
RESULT: {}
COMMAND: DELETE /session/b6c1ba66361885338dbd7e3160017c33 - {}
RESULT: {}
]]></system-out>
    </testcase>
  </testsuite>
</testsuites>